<?xml version="1.0" encoding="utf-8"?>
<TestRun id="bbe2e4d5-c93b-4aa2-9bb9-526ce8b601ad" name="Dominik@DESKTOP-5URQ9PB 2022-06-13 21:11:43" runUser="DESKTOP-5URQ9PB\Dominik" xmlns="http://microsoft.com/schemas/VisualStudio/TeamTest/2010">
  <Times creation="2022-06-13T21:11:43.7155826+02:00" queuing="2022-06-13T21:11:43.7155828+02:00" start="2022-06-13T21:11:41.5381258+02:00" finish="2022-06-13T21:11:44.7668196+02:00" />
  <TestSettings name="default" id="6cf4101c-dcbc-4e7c-91d6-b2ce19bc2c8e">
    <Deployment runDeploymentRoot="Dominik_DESKTOP-5URQ9PB_2022-06-13_21_11_43" />
  </TestSettings>
  <Results>
    <UnitTestResult executionId="e6ea00d6-8b02-4dd0-a604-031e2bf0d56b" testId="9835ec0e-c188-462f-895e-c9f46873fc86" testName="FormatToStringTest1000 (24566.50251371856,24566.50 zł)" computerName="DESKTOP-5URQ9PB" duration="00:00:00.0000066" startTime="2022-06-13T21:11:43.8419958+02:00" endTime="2022-06-13T21:11:43.8420833+02:00" testType="13cdc9d9-ddb5-4fa4-a97d-d965ccfc6d4b" outcome="Passed" testListId="8c84fa94-04c1-424b-9868-57a2d4851a1d" relativeResultsDirectory="e6ea00d6-8b02-4dd0-a604-031e2bf0d56b" />
    <UnitTestResult executionId="d1e6f9be-5c5b-46c3-a2bf-fa816fb445df" testId="6ad0f78c-46f8-4904-adf5-6bd8642f741a" testName="FormatToStringTest1000 (28583.827618148098,28583.83 zł)" computerName="DESKTOP-5URQ9PB" duration="00:00:00.0000062" startTime="2022-06-13T21:11:43.6972799+02:00" endTime="2022-06-13T21:11:43.6973470+02:00" testType="13cdc9d9-ddb5-4fa4-a97d-d965ccfc6d4b" outcome="Passed" testListId="8c84fa94-04c1-424b-9868-57a2d4851a1d" relativeResultsDirectory="d1e6f9be-5c5b-46c3-a2bf-fa816fb445df" />
    <UnitTestResult executionId="0fdec761-5908-4dcc-bce3-2e277f18fc39" testId="4f79d0e7-a8de-40ef-9840-69287821d6e8" testName="FormatToStringTest1000 (1482.3501845832682,1482.35 zł)" computerName="DESKTOP-5URQ9PB" duration="00:00:00.0000061" startTime="2022-06-13T21:11:43.9318369+02:00" endTime="2022-06-13T21:11:43.9319030+02:00" testType="13cdc9d9-ddb5-4fa4-a97d-d965ccfc6d4b" outcome="Passed" testListId="8c84fa94-04c1-424b-9868-57a2d4851a1d" relativeResultsDirectory="0fdec761-5908-4dcc-bce3-2e277f18fc39" />
    <UnitTestResult executionId="4ed968f0-1aae-4bda-92ff-6f7ca71f1851" testId="9df94c4f-d961-41b5-a232-9dc7e2a8cbd4" testName="FormatToStringTest1000 (3907.8681317963024,3907.87 zł)" computerName="DESKTOP-5URQ9PB" duration="00:00:00.0000082" startTime="2022-06-13T21:11:43.6872837+02:00" endTime="2022-06-13T21:11:43.6873933+02:00" testType="13cdc9d9-ddb5-4fa4-a97d-d965ccfc6d4b" outcome="Passed" testListId="8c84fa94-04c1-424b-9868-57a2d4851a1d" relativeResultsDirectory="4ed968f0-1aae-4bda-92ff-6f7ca71f1851" />
    <UnitTestResult executionId="6efd5f37-d8de-4d16-b28f-9b5ff703bf32" testId="55587b82-7aa3-43c6-99c7-47a55fb49826" testName="FormatToStringTest1000 (6170.939441211959,6170.94 zł)" computerName="DESKTOP-5URQ9PB" duration="00:00:00.0000067" startTime="2022-06-13T21:11:43.7970569+02:00" endTime="2022-06-13T21:11:43.7971324+02:00" testType="13cdc9d9-ddb5-4fa4-a97d-d965ccfc6d4b" outcome="Passed" testListId="8c84fa94-04c1-424b-9868-57a2d4851a1d" relativeResultsDirectory="6efd5f37-d8de-4d16-b28f-9b5ff703bf32" />
    <UnitTestResult executionId="314356f2-79a3-4793-8fad-0b2387e78763" testId="9ea292ad-3e2d-472e-a425-26b755c488e7" testName="FormatToStringTest1000 (96.75594581512546,96.76 zł)" computerName="DESKTOP-5URQ9PB" duration="00:00:00.0000064" startTime="2022-06-13T21:11:43.6670835+02:00" endTime="2022-06-13T21:11:43.6671511+02:00" testType="13cdc9d9-ddb5-4fa4-a97d-d965ccfc6d4b" outcome="Passed" testListId="8c84fa94-04c1-424b-9868-57a2d4851a1d" relativeResultsDirectory="314356f2-79a3-4793-8fad-0b2387e78763" />
    <UnitTestResult executionId="382c3b4c-3d09-4509-9816-149828674f18" testId="9971d9c7-926d-4d84-8a87-8445d1f5c81d" testName="FormatToStringTest1000 (31622.81414407809,31622.81 zł)" computerName="DESKTOP-5URQ9PB" duration="00:00:00.0000062" startTime="2022-06-13T21:11:43.9552273+02:00" endTime="2022-06-13T21:11:43.9552909+02:00" testType="13cdc9d9-ddb5-4fa4-a97d-d965ccfc6d4b" outcome="Passed" testListId="8c84fa94-04c1-424b-9868-57a2d4851a1d" relativeResultsDirectory="382c3b4c-3d09-4509-9816-149828674f18" />
    <UnitTestResult executionId="6b60bc6d-8586-44d8-88e0-fa1e3277efab" testId="fdbea942-d6b1-4a1c-9d3e-2a90a7368fb0" testName="FormatToStringTest1000 (10534.184353995222,10534.18 zł)" computerName="DESKTOP-5URQ9PB" duration="00:00:00.0000069" startTime="2022-06-13T21:11:43.6877878+02:00" endTime="2022-06-13T21:11:43.6878660+02:00" testType="13cdc9d9-ddb5-4fa4-a97d-d965ccfc6d4b" outcome="Passed" testListId="8c84fa94-04c1-424b-9868-57a2d4851a1d" relativeResultsDirectory="6b60bc6d-8586-44d8-88e0-fa1e3277efab" />
    <UnitTestResult executionId="91a76f63-f321-46b5-ad86-c357849d3153" testId="dfa4c636-58e1-42cb-9111-cca90d0d6391" testName="FormatToStringTest1000 (4252.4012513842445,4252.40 zł)" computerName="DESKTOP-5URQ9PB" duration="00:00:00.0000063" startTime="2022-06-13T21:11:43.9181098+02:00" endTime="2022-06-13T21:11:43.9181745+02:00" testType="13cdc9d9-ddb5-4fa4-a97d-d965ccfc6d4b" outcome="Passed" testListId="8c84fa94-04c1-424b-9868-57a2d4851a1d" relativeResultsDirectory="91a76f63-f321-46b5-ad86-c357849d3153" />
    <UnitTestResult executionId="d6e8295f-7a99-42c1-ba94-d01f5a798905" testId="bcd888b5-5333-4e53-8695-d08be7bbbf9e" testName="FormatToStringTest1000 (79973.08417819678,79973.08 zł)" computerName="DESKTOP-5URQ9PB" duration="00:00:00.0000065" startTime="2022-06-13T21:11:43.6067267+02:00" endTime="2022-06-13T21:11:43.6067939+02:00" testType="13cdc9d9-ddb5-4fa4-a97d-d965ccfc6d4b" outcome="Passed" testListId="8c84fa94-04c1-424b-9868-57a2d4851a1d" relativeResultsDirectory="d6e8295f-7a99-42c1-ba94-d01f5a798905" />
    <UnitTestResult executionId="68c7fcaf-e26f-45ad-924c-cba320de604a" testId="5519dca4-8ad2-44e9-90e7-98d2bd577e52" testName="FormatToStringTest1000 (25990.318498101697,25990.32 zł)" computerName="DESKTOP-5URQ9PB" duration="00:00:00.0000063" startTime="2022-06-13T21:11:43.6671690+02:00" endTime="2022-06-13T21:11:43.6672351+02:00" testType="13cdc9d9-ddb5-4fa4-a97d-d965ccfc6d4b" outcome="Passed" testListId="8c84fa94-04c1-424b-9868-57a2d4851a1d" relativeResultsDirectory="68c7fcaf-e26f-45ad-924c-cba320de604a" />
    <UnitTestResult executionId="b7c57e6c-d97b-44bf-906f-716d7913c8ae" testId="150b5497-9f9d-4b98-87cd-35c3566863eb" testName="FormatToStringTest1000 (68174.53068551492,68174.53 zł)" computerName="DESKTOP-5URQ9PB" duration="00:00:00.0000063" startTime="2022-06-13T21:11:43.9374589+02:00" endTime="2022-06-13T21:11:43.9375242+02:00" testType="13cdc9d9-ddb5-4fa4-a97d-d965ccfc6d4b" outcome="Passed" testListId="8c84fa94-04c1-424b-9868-57a2d4851a1d" relativeResultsDirectory="b7c57e6c-d97b-44bf-906f-716d7913c8ae" />
    <UnitTestResult executionId="1ab5711b-b29a-42b4-86dd-f92834e850dd" testId="2f941b68-b581-4e45-8431-56cf4c5afafd" testName="FormatToStringTest1000 (63291.50274994015,63291.50 zł)" computerName="DESKTOP-5URQ9PB" duration="00:00:00.0000065" startTime="2022-06-13T21:11:43.8126134+02:00" endTime="2022-06-13T21:11:43.8126853+02:00" testType="13cdc9d9-ddb5-4fa4-a97d-d965ccfc6d4b" outcome="Passed" testListId="8c84fa94-04c1-424b-9868-57a2d4851a1d" relativeResultsDirectory="1ab5711b-b29a-42b4-86dd-f92834e850dd" />
    <UnitTestResult executionId="73afc979-2dce-42ec-8b23-9ab24c170ea6" testId="2d925121-2a9e-40bc-8d14-89e0b1758462" testName="FormatToStringTest1000 (12429.698213906819,12429.70 zł)" computerName="DESKTOP-5URQ9PB" duration="00:00:00.0000065" startTime="2022-06-13T21:11:43.7935106+02:00" endTime="2022-06-13T21:11:43.7935791+02:00" testType="13cdc9d9-ddb5-4fa4-a97d-d965ccfc6d4b" outcome="Passed" testListId="8c84fa94-04c1-424b-9868-57a2d4851a1d" relativeResultsDirectory="73afc979-2dce-42ec-8b23-9ab24c170ea6" />
    <UnitTestResult executionId="7d8d5998-c7f2-4fbb-ad1f-42527d5e8c01" testId="241eed39-ad09-40bb-9b8e-23898b3f2038" testName="FormatToStringTest1000 (20146.183073329827,20146.18 zł)" computerName="DESKTOP-5URQ9PB" duration="00:00:00.0000065" startTime="2022-06-13T21:11:43.7180379+02:00" endTime="2022-06-13T21:11:43.7181061+02:00" testType="13cdc9d9-ddb5-4fa4-a97d-d965ccfc6d4b" outcome="Passed" testListId="8c84fa94-04c1-424b-9868-57a2d4851a1d" relativeResultsDirectory="7d8d5998-c7f2-4fbb-ad1f-42527d5e8c01" />
    <UnitTestResult executionId="b7aceedd-4ba9-4a46-a1b5-18dbd3eb58b9" testId="3fce72b7-c82d-4f81-920e-b9a9c5db43b7" testName="FormatToStringTest1000 (64210.358316209335,64210.36 zł)" computerName="DESKTOP-5URQ9PB" duration="00:00:00.0000093" startTime="2022-06-13T21:11:43.6807308+02:00" endTime="2022-06-13T21:11:43.6808305+02:00" testType="13cdc9d9-ddb5-4fa4-a97d-d965ccfc6d4b" outcome="Passed" testListId="8c84fa94-04c1-424b-9868-57a2d4851a1d" relativeResultsDirectory="b7aceedd-4ba9-4a46-a1b5-18dbd3eb58b9" />
    <UnitTestResult executionId="e96151e7-ec3f-40a4-8822-899e6ea30806" testId="200c9193-1fa4-4754-8a72-3715ba3c227c" testName="FormatToStringTest1000 (35784.54232617307,35784.54 zł)" computerName="DESKTOP-5URQ9PB" duration="00:00:00.0000072" startTime="2022-06-13T21:11:43.6578556+02:00" endTime="2022-06-13T21:11:43.6579456+02:00" testType="13cdc9d9-ddb5-4fa4-a97d-d965ccfc6d4b" outcome="Passed" testListId="8c84fa94-04c1-424b-9868-57a2d4851a1d" relativeResultsDirectory="e96151e7-ec3f-40a4-8822-899e6ea30806" />
    <UnitTestResult executionId="cfdfa8b7-d53a-4651-aa1f-f98779de4803" testId="4234c847-b8bd-4e69-b9c3-e208d7e50836" testName="FormatToStringTest1000 (2390.7596313784643,2390.76 zł)" computerName="DESKTOP-5URQ9PB" duration="00:00:00.0000078" startTime="2022-06-13T21:11:43.8798406+02:00" endTime="2022-06-13T21:11:43.8799142+02:00" testType="13cdc9d9-ddb5-4fa4-a97d-d965ccfc6d4b" outcome="Passed" testListId="8c84fa94-04c1-424b-9868-57a2d4851a1d" relativeResultsDirectory="cfdfa8b7-d53a-4651-aa1f-f98779de4803" />
    <UnitTestResult executionId="efb807a3-66f5-4795-b27f-5f9d693cede0" testId="afc83e4a-0a4c-4fdc-91c0-b2d9cad5cb8d" testName="FormatToStringTest1000 (2975.6892256134606,2975.69 zł)" computerName="DESKTOP-5URQ9PB" duration="00:00:00.0000071" startTime="2022-06-13T21:11:43.8096975+02:00" endTime="2022-06-13T21:11:43.8097649+02:00" testType="13cdc9d9-ddb5-4fa4-a97d-d965ccfc6d4b" outcome="Passed" testListId="8c84fa94-04c1-424b-9868-57a2d4851a1d" relativeResultsDirectory="efb807a3-66f5-4795-b27f-5f9d693cede0" />
    <UnitTestResult executionId="b57e18c8-cd80-420a-ba54-fe0987e868c0" testId="2e2589ba-cf81-44b9-a3c7-a0c34a8d586f" testName="FormatToStringTest1000 (14920.620598662934,14920.62 zł)" computerName="DESKTOP-5URQ9PB" duration="00:00:00.0000063" startTime="2022-06-13T21:11:43.7212371+02:00" endTime="2022-06-13T21:11:43.7213050+02:00" testType="13cdc9d9-ddb5-4fa4-a97d-d965ccfc6d4b" outcome="Passed" testListId="8c84fa94-04c1-424b-9868-57a2d4851a1d" relativeResultsDirectory="b57e18c8-cd80-420a-ba54-fe0987e868c0" />
    <UnitTestResult executionId="ac33537a-3e96-417b-8de3-085c1d2bbb7b" testId="ecad4145-f63c-48ff-a651-8cea7d8fd7b1" testName="FormatToStringTest1000 (5978.1197194131655,5978.12 zł)" computerName="DESKTOP-5URQ9PB" duration="00:00:00.0000064" startTime="2022-06-13T21:11:43.9612513+02:00" endTime="2022-06-13T21:11:43.9613153+02:00" testType="13cdc9d9-ddb5-4fa4-a97d-d965ccfc6d4b" outcome="Passed" testListId="8c84fa94-04c1-424b-9868-57a2d4851a1d" relativeResultsDirectory="ac33537a-3e96-417b-8de3-085c1d2bbb7b" />
    <UnitTestResult executionId="c0debf45-ef6f-4e85-a6e0-22486f1f8a8a" testId="1c6b7c9d-ecf9-4b16-9e1e-ed5615d5aab4" testName="FormatToStringTest1000 (4812.162927013898,4812.16 zł)" computerName="DESKTOP-5URQ9PB" duration="00:00:00.0000069" startTime="2022-06-13T21:11:43.7500229+02:00" endTime="2022-06-13T21:11:43.7501096+02:00" testType="13cdc9d9-ddb5-4fa4-a97d-d965ccfc6d4b" outcome="Passed" testListId="8c84fa94-04c1-424b-9868-57a2d4851a1d" relativeResultsDirectory="c0debf45-ef6f-4e85-a6e0-22486f1f8a8a" />
    <UnitTestResult executionId="64968ad1-4b8a-4cac-a88e-e5cd3c4385a7" testId="aa0600fe-e568-47f6-a055-828886c2d6b2" testName="FormatToStringTest1000 (15129.433864736666,15129.43 zł)" computerName="DESKTOP-5URQ9PB" duration="00:00:00.0000062" startTime="2022-06-13T21:11:43.9317556+02:00" endTime="2022-06-13T21:11:43.9318205+02:00" testType="13cdc9d9-ddb5-4fa4-a97d-d965ccfc6d4b" outcome="Passed" testListId="8c84fa94-04c1-424b-9868-57a2d4851a1d" relativeResultsDirectory="64968ad1-4b8a-4cac-a88e-e5cd3c4385a7" />
    <UnitTestResult executionId="eceed378-5ef9-48e7-8559-b3d7a04969e4" testId="58d6ff81-6956-4386-a3da-daa58cfe1b5e" testName="FormatToStringTest1000 (30385.72086375613,30385.72 zł)" computerName="DESKTOP-5URQ9PB" duration="00:00:00.0000064" startTime="2022-06-13T21:11:43.9398291+02:00" endTime="2022-06-13T21:11:43.9398934+02:00" testType="13cdc9d9-ddb5-4fa4-a97d-d965ccfc6d4b" outcome="Passed" testListId="8c84fa94-04c1-424b-9868-57a2d4851a1d" relativeResultsDirectory="eceed378-5ef9-48e7-8559-b3d7a04969e4" />
    <UnitTestResult executionId="57aa340e-d925-4683-8f7d-2f9e09d84a7f" testId="54775951-935d-4723-a691-d322e9b4bef4" testName="FormatToStringTest1000 (7202.052143613367,7202.05 zł)" computerName="DESKTOP-5URQ9PB" duration="00:00:00.0000068" startTime="2022-06-13T21:11:43.9184310+02:00" endTime="2022-06-13T21:11:43.9184947+02:00" testType="13cdc9d9-ddb5-4fa4-a97d-d965ccfc6d4b" outcome="Passed" testListId="8c84fa94-04c1-424b-9868-57a2d4851a1d" relativeResultsDirectory="57aa340e-d925-4683-8f7d-2f9e09d84a7f" />
    <UnitTestResult executionId="1c4225e4-35ea-47fd-a142-b6240c942aa7" testId="d8e135e9-a8e4-4903-92d4-9e7418768afe" testName="FormatToStringTest1000 (806.960597043373,806.96 zł)" computerName="DESKTOP-5URQ9PB" duration="00:00:00.0000067" startTime="2022-06-13T21:11:43.9003237+02:00" endTime="2022-06-13T21:11:43.9003894+02:00" testType="13cdc9d9-ddb5-4fa4-a97d-d965ccfc6d4b" outcome="Passed" testListId="8c84fa94-04c1-424b-9868-57a2d4851a1d" relativeResultsDirectory="1c4225e4-35ea-47fd-a142-b6240c942aa7" />
    <UnitTestResult executionId="28076e4f-3875-474b-8e56-37d8d101a5a2" testId="423b9f01-9c84-4c3b-9eff-9ad5491ce426" testName="FormatToStringTest1000 (4612.32080757633,4612.32 zł)" computerName="DESKTOP-5URQ9PB" duration="00:00:00.0000110" startTime="2022-06-13T21:11:43.9418546+02:00" endTime="2022-06-13T21:11:43.9419251+02:00" testType="13cdc9d9-ddb5-4fa4-a97d-d965ccfc6d4b" outcome="Passed" testListId="8c84fa94-04c1-424b-9868-57a2d4851a1d" relativeResultsDirectory="28076e4f-3875-474b-8e56-37d8d101a5a2" />
    <UnitTestResult executionId="3eb2a493-02db-4a96-b048-e8fe7feccd42" testId="a0780a9f-50c2-4935-b3a6-89b182c2027b" testName="FormatToStringTest1000 (7813.027778348433,7813.03 zł)" computerName="DESKTOP-5URQ9PB" duration="00:00:00.0000071" startTime="2022-06-13T21:11:43.8956755+02:00" endTime="2022-06-13T21:11:43.8957538+02:00" testType="13cdc9d9-ddb5-4fa4-a97d-d965ccfc6d4b" outcome="Passed" testListId="8c84fa94-04c1-424b-9868-57a2d4851a1d" relativeResultsDirectory="3eb2a493-02db-4a96-b048-e8fe7feccd42" />
    <UnitTestResult executionId="c8c1b984-2633-4baf-9ac8-bd517155d85d" testId="fc93bd3c-5a5b-4691-b5e0-ab0c26914c04" testName="FormatToStringTest1000 (4094.6752323977066,4094.68 zł)" computerName="DESKTOP-5URQ9PB" duration="00:00:00.0000063" startTime="2022-06-13T21:11:43.9764002+02:00" endTime="2022-06-13T21:11:43.9764655+02:00" testType="13cdc9d9-ddb5-4fa4-a97d-d965ccfc6d4b" outcome="Passed" testListId="8c84fa94-04c1-424b-9868-57a2d4851a1d" relativeResultsDirectory="c8c1b984-2633-4baf-9ac8-bd517155d85d" />
    <UnitTestResult executionId="2279b12c-ba58-4b0d-83c3-243048bd70ae" testId="93df72b2-efeb-407f-b14e-f56ca8dd2e51" testName="FormatToStringTest1000 (5140.16338917155,5140.16 zł)" computerName="DESKTOP-5URQ9PB" duration="00:00:00.0000066" startTime="2022-06-13T21:11:43.8853862+02:00" endTime="2022-06-13T21:11:43.8854544+02:00" testType="13cdc9d9-ddb5-4fa4-a97d-d965ccfc6d4b" outcome="Passed" testListId="8c84fa94-04c1-424b-9868-57a2d4851a1d" relativeResultsDirectory="2279b12c-ba58-4b0d-83c3-243048bd70ae" />
    <UnitTestResult executionId="25240769-679f-49e7-a4a6-943552ffe3ea" testId="d94c9628-cafb-4961-b004-57a217ace574" testName="FormatToStringTest1000 (13478.157112043891,13478.16 zł)" computerName="DESKTOP-5URQ9PB" duration="00:00:00.0000259" startTime="2022-06-13T21:11:43.8667006+02:00" endTime="2022-06-13T21:11:43.8668774+02:00" testType="13cdc9d9-ddb5-4fa4-a97d-d965ccfc6d4b" outcome="Passed" testListId="8c84fa94-04c1-424b-9868-57a2d4851a1d" relativeResultsDirectory="25240769-679f-49e7-a4a6-943552ffe3ea" />
    <UnitTestResult executionId="3d6914c9-db41-4e44-a97d-bbf3c37ebd90" testId="e0501f12-d5a2-4a0f-aece-75740303abb7" testName="FormatToStringTest1000 (87505.85936583664,87505.86 zł)" computerName="DESKTOP-5URQ9PB" duration="00:00:00.0000063" startTime="2022-06-13T21:11:43.8324367+02:00" endTime="2022-06-13T21:11:43.8325034+02:00" testType="13cdc9d9-ddb5-4fa4-a97d-d965ccfc6d4b" outcome="Passed" testListId="8c84fa94-04c1-424b-9868-57a2d4851a1d" relativeResultsDirectory="3d6914c9-db41-4e44-a97d-bbf3c37ebd90" />
    <UnitTestResult executionId="a4f919a1-62fd-4d83-a273-1ceff927f02e" testId="63fc71da-7c90-4de4-84ee-27b301ba4c03" testName="FormatToStringTest1000 (31799.68317462815,31799.68 zł)" computerName="DESKTOP-5URQ9PB" duration="00:00:00.0000264" startTime="2022-06-13T21:11:43.8658085+02:00" endTime="2022-06-13T21:11:43.8660169+02:00" testType="13cdc9d9-ddb5-4fa4-a97d-d965ccfc6d4b" outcome="Passed" testListId="8c84fa94-04c1-424b-9868-57a2d4851a1d" relativeResultsDirectory="a4f919a1-62fd-4d83-a273-1ceff927f02e" />
    <UnitTestResult executionId="c2348222-30dd-49bf-ada0-481e6c9a55b9" testId="cc64f6c0-b6be-4cf1-833b-1965bc87574e" testName="FormatToStringTest1000 (1994.0983933439006,1994.10 zł)" computerName="DESKTOP-5URQ9PB" duration="00:00:00.0000064" startTime="2022-06-13T21:11:43.9571897+02:00" endTime="2022-06-13T21:11:43.9572544+02:00" testType="13cdc9d9-ddb5-4fa4-a97d-d965ccfc6d4b" outcome="Passed" testListId="8c84fa94-04c1-424b-9868-57a2d4851a1d" relativeResultsDirectory="c2348222-30dd-49bf-ada0-481e6c9a55b9" />
    <UnitTestResult executionId="019a9934-597f-4418-8515-d444e52358a1" testId="e48ea0d5-25c5-4c5a-abe0-7969672ab727" testName="FormatToStringTest1000 (23174.85693288448,23174.86 zł)" computerName="DESKTOP-5URQ9PB" duration="00:00:00.0000063" startTime="2022-06-13T21:11:43.8033729+02:00" endTime="2022-06-13T21:11:43.8034385+02:00" testType="13cdc9d9-ddb5-4fa4-a97d-d965ccfc6d4b" outcome="Passed" testListId="8c84fa94-04c1-424b-9868-57a2d4851a1d" relativeResultsDirectory="019a9934-597f-4418-8515-d444e52358a1" />
    <UnitTestResult executionId="e1a8fb35-b358-4dee-971a-c3ae431bb263" testId="0fd0f557-96db-4f17-9d99-cd7a1942f4a3" testName="FormatToStringTest1000 (23649.104642116046,23649.10 zł)" computerName="DESKTOP-5URQ9PB" duration="00:00:00.0000071" startTime="2022-06-13T21:11:43.8000631+02:00" endTime="2022-06-13T21:11:43.8001310+02:00" testType="13cdc9d9-ddb5-4fa4-a97d-d965ccfc6d4b" outcome="Passed" testListId="8c84fa94-04c1-424b-9868-57a2d4851a1d" relativeResultsDirectory="e1a8fb35-b358-4dee-971a-c3ae431bb263" />
    <UnitTestResult executionId="93534a80-e695-457e-b6ae-ae8fcffb0815" testId="eea541e6-eb7e-41bb-ad54-8acabf7b4cfa" testName="FormatToStringTest1000 (17232.486162219426,17232.49 zł)" computerName="DESKTOP-5URQ9PB" duration="00:00:00.0000129" startTime="2022-06-13T21:11:43.7534944+02:00" endTime="2022-06-13T21:11:43.7535799+02:00" testType="13cdc9d9-ddb5-4fa4-a97d-d965ccfc6d4b" outcome="Passed" testListId="8c84fa94-04c1-424b-9868-57a2d4851a1d" relativeResultsDirectory="93534a80-e695-457e-b6ae-ae8fcffb0815" />
    <UnitTestResult executionId="7d1315d9-f7bd-411c-ad0e-30d64f9ce5aa" testId="7409dbc4-e52e-4bf4-add6-fbe4672e82a1" testName="FormatToStringTest1000 (29474.095826699442,29474.10 zł)" computerName="DESKTOP-5URQ9PB" duration="00:00:00.0000071" startTime="2022-06-13T21:11:43.9648717+02:00" endTime="2022-06-13T21:11:43.9649551+02:00" testType="13cdc9d9-ddb5-4fa4-a97d-d965ccfc6d4b" outcome="Passed" testListId="8c84fa94-04c1-424b-9868-57a2d4851a1d" relativeResultsDirectory="7d1315d9-f7bd-411c-ad0e-30d64f9ce5aa" />
    <UnitTestResult executionId="b2544cbf-55e6-4ce2-9412-3443794de9de" testId="e04d8866-1428-457f-9048-fe8a8880da18" testName="FormatToStringTest1000 (72802.68569213277,72802.69 zł)" computerName="DESKTOP-5URQ9PB" duration="00:00:00.0000064" startTime="2022-06-13T21:11:43.9355851+02:00" endTime="2022-06-13T21:11:43.9356495+02:00" testType="13cdc9d9-ddb5-4fa4-a97d-d965ccfc6d4b" outcome="Passed" testListId="8c84fa94-04c1-424b-9868-57a2d4851a1d" relativeResultsDirectory="b2544cbf-55e6-4ce2-9412-3443794de9de" />
    <UnitTestResult executionId="af4657f2-99fb-4c46-b671-efd52d0cb3f3" testId="cc32dc9f-2d34-4ff4-9ed2-188f0c8b4d0d" testName="FormatToStringTest1000 (57564.498126061866,57564.50 zł)" computerName="DESKTOP-5URQ9PB" duration="00:00:00.0000071" startTime="2022-06-13T21:11:43.7001881+02:00" endTime="2022-06-13T21:11:43.7002550+02:00" testType="13cdc9d9-ddb5-4fa4-a97d-d965ccfc6d4b" outcome="Passed" testListId="8c84fa94-04c1-424b-9868-57a2d4851a1d" relativeResultsDirectory="af4657f2-99fb-4c46-b671-efd52d0cb3f3" />
    <UnitTestResult executionId="eb2a8a58-508f-49a8-9928-9d7892b75257" testId="387da22b-498a-4564-b085-09036765c41f" testName="FormatToStringTest1000 (32218.080508120394,32218.08 zł)" computerName="DESKTOP-5URQ9PB" duration="00:00:00.0000100" startTime="2022-06-13T21:11:43.6808567+02:00" endTime="2022-06-13T21:11:43.6809506+02:00" testType="13cdc9d9-ddb5-4fa4-a97d-d965ccfc6d4b" outcome="Passed" testListId="8c84fa94-04c1-424b-9868-57a2d4851a1d" relativeResultsDirectory="eb2a8a58-508f-49a8-9928-9d7892b75257" />
    <UnitTestResult executionId="bd90c9d2-4cda-48ad-8246-4de4e4b9040b" testId="d7c186ff-8018-450e-8c42-78fc2840e548" testName="FormatToStringTest1000 (38076.55319665165,38076.55 zł)" computerName="DESKTOP-5URQ9PB" duration="00:00:00.0000063" startTime="2022-06-13T21:11:43.6879751+02:00" endTime="2022-06-13T21:11:43.6880414+02:00" testType="13cdc9d9-ddb5-4fa4-a97d-d965ccfc6d4b" outcome="Passed" testListId="8c84fa94-04c1-424b-9868-57a2d4851a1d" relativeResultsDirectory="bd90c9d2-4cda-48ad-8246-4de4e4b9040b" />
    <UnitTestResult executionId="1777795c-aff0-4f9e-96fe-c77cda41fcbf" testId="32ef0a5c-9007-4384-9bcb-96c8b25f1220" testName="FormatToStringTest1000 (9661.966055578536,9661.97 zł)" computerName="DESKTOP-5URQ9PB" duration="00:00:00.0000065" startTime="2022-06-13T21:11:43.7795456+02:00" endTime="2022-06-13T21:11:43.7796136+02:00" testType="13cdc9d9-ddb5-4fa4-a97d-d965ccfc6d4b" outcome="Passed" testListId="8c84fa94-04c1-424b-9868-57a2d4851a1d" relativeResultsDirectory="1777795c-aff0-4f9e-96fe-c77cda41fcbf" />
    <UnitTestResult executionId="f777c390-4a24-46f5-8ecd-4c823414c8e8" testId="9c2f3bbc-3523-4b93-b45f-35eb8bea5a9e" testName="FormatToStringTest1000 (10501.127379151585,10501.13 zł)" computerName="DESKTOP-5URQ9PB" duration="00:00:00.0000093" startTime="2022-06-13T21:11:43.7833105+02:00" endTime="2022-06-13T21:11:43.7833908+02:00" testType="13cdc9d9-ddb5-4fa4-a97d-d965ccfc6d4b" outcome="Passed" testListId="8c84fa94-04c1-424b-9868-57a2d4851a1d" relativeResultsDirectory="f777c390-4a24-46f5-8ecd-4c823414c8e8" />
    <UnitTestResult executionId="6d71ff68-5077-4446-8e7d-772988f1cf2d" testId="220940ad-eaa6-4ff9-a0a5-aa68b047c24a" testName="FormatToStringTest1000 (740.3213011405064,740.32 zł)" computerName="DESKTOP-5URQ9PB" duration="00:00:00.0000063" startTime="2022-06-13T21:11:43.6580499+02:00" endTime="2022-06-13T21:11:43.6581177+02:00" testType="13cdc9d9-ddb5-4fa4-a97d-d965ccfc6d4b" outcome="Passed" testListId="8c84fa94-04c1-424b-9868-57a2d4851a1d" relativeResultsDirectory="6d71ff68-5077-4446-8e7d-772988f1cf2d" />
    <UnitTestResult executionId="b6b5f92c-67ca-49a0-b6ec-d7019dad25d9" testId="290a66f0-c9eb-433e-997d-51659d3a0a3d" testName="FormatToStringTest1000 (31315.40354898544,31315.40 zł)" computerName="DESKTOP-5URQ9PB" duration="00:00:00.0000065" startTime="2022-06-13T21:11:43.8984613+02:00" endTime="2022-06-13T21:11:43.8985265+02:00" testType="13cdc9d9-ddb5-4fa4-a97d-d965ccfc6d4b" outcome="Passed" testListId="8c84fa94-04c1-424b-9868-57a2d4851a1d" relativeResultsDirectory="b6b5f92c-67ca-49a0-b6ec-d7019dad25d9" />
    <UnitTestResult executionId="87896787-6206-4d3d-912a-2e7dfb39d6f6" testId="f16bcb30-3b2e-4225-98e4-4f2be3a6a860" testName="FormatToStringTest1000 (2346.9964869427477,2347.00 zł)" computerName="DESKTOP-5URQ9PB" duration="00:00:00.0000068" startTime="2022-06-13T21:11:43.7798849+02:00" endTime="2022-06-13T21:11:43.7799677+02:00" testType="13cdc9d9-ddb5-4fa4-a97d-d965ccfc6d4b" outcome="Passed" testListId="8c84fa94-04c1-424b-9868-57a2d4851a1d" relativeResultsDirectory="87896787-6206-4d3d-912a-2e7dfb39d6f6" />
    <UnitTestResult executionId="56fb378d-70c8-49c0-b380-8cda2b9a0059" testId="aa071a8c-5c9c-4977-b8e4-6c880b68b951" testName="FormatToStringTest1000 (14003.84591249742,14003.85 zł)" computerName="DESKTOP-5URQ9PB" duration="00:00:00.0000063" startTime="2022-06-13T21:11:43.8726615+02:00" endTime="2022-06-13T21:11:43.8727274+02:00" testType="13cdc9d9-ddb5-4fa4-a97d-d965ccfc6d4b" outcome="Passed" testListId="8c84fa94-04c1-424b-9868-57a2d4851a1d" relativeResultsDirectory="56fb378d-70c8-49c0-b380-8cda2b9a0059" />
    <UnitTestResult executionId="b4e9fa01-da1d-4f9e-8263-04b1621798b4" testId="e6ac4ca3-8b3c-4673-b78a-e507644672a4" testName="FormatToStringTest1000 (47393.54939526671,47393.55 zł)" computerName="DESKTOP-5URQ9PB" duration="00:00:00.0000070" startTime="2022-06-13T21:11:43.7964895+02:00" endTime="2022-06-13T21:11:43.7965693+02:00" testType="13cdc9d9-ddb5-4fa4-a97d-d965ccfc6d4b" outcome="Passed" testListId="8c84fa94-04c1-424b-9868-57a2d4851a1d" relativeResultsDirectory="b4e9fa01-da1d-4f9e-8263-04b1621798b4" />
    <UnitTestResult executionId="a4b78b95-e105-4c1b-8207-80c6a006efad" testId="47968f23-6d6c-4d4b-a745-40deac9feabe" testName="FormatToStringTest1000 (8242.419043611,8242.42 zł)" computerName="DESKTOP-5URQ9PB" duration="00:00:00.0000066" startTime="2022-06-13T21:11:43.9292441+02:00" endTime="2022-06-13T21:11:43.9293136+02:00" testType="13cdc9d9-ddb5-4fa4-a97d-d965ccfc6d4b" outcome="Passed" testListId="8c84fa94-04c1-424b-9868-57a2d4851a1d" relativeResultsDirectory="a4b78b95-e105-4c1b-8207-80c6a006efad" />
    <UnitTestResult executionId="c9d6ccd3-e4e3-4800-b364-bdea507687d7" testId="4d6149ed-3d55-41bb-b584-4ff1a3315937" testName="FormatToStringTest1000 (16190.113943164757,16190.11 zł)" computerName="DESKTOP-5URQ9PB" duration="00:00:00.0000065" startTime="2022-06-13T21:11:43.8060297+02:00" endTime="2022-06-13T21:11:43.8060982+02:00" testType="13cdc9d9-ddb5-4fa4-a97d-d965ccfc6d4b" outcome="Passed" testListId="8c84fa94-04c1-424b-9868-57a2d4851a1d" relativeResultsDirectory="c9d6ccd3-e4e3-4800-b364-bdea507687d7" />
    <UnitTestResult executionId="0b4238eb-8dbc-408a-a09c-5a9d37fcad97" testId="34a39715-6104-4237-9a24-9ba36e5eaa73" testName="FormatToStringTest1000 (1187.8237780126854,1187.82 zł)" computerName="DESKTOP-5URQ9PB" duration="00:00:00.0000080" startTime="2022-06-13T21:11:43.9271026+02:00" endTime="2022-06-13T21:11:43.9271809+02:00" testType="13cdc9d9-ddb5-4fa4-a97d-d965ccfc6d4b" outcome="Passed" testListId="8c84fa94-04c1-424b-9868-57a2d4851a1d" relativeResultsDirectory="0b4238eb-8dbc-408a-a09c-5a9d37fcad97" />
    <UnitTestResult executionId="7dfe341b-c10f-4661-9f08-2d444163227f" testId="8bfe3c0b-dc94-4aa1-a3d2-65fade94a831" testName="FormatToStringTest1000 (24024.14691439557,24024.15 zł)" computerName="DESKTOP-5URQ9PB" duration="00:00:00.0000094" startTime="2022-06-13T21:11:43.7503149+02:00" endTime="2022-06-13T21:11:43.7503979+02:00" testType="13cdc9d9-ddb5-4fa4-a97d-d965ccfc6d4b" outcome="Passed" testListId="8c84fa94-04c1-424b-9868-57a2d4851a1d" relativeResultsDirectory="7dfe341b-c10f-4661-9f08-2d444163227f" />
    <UnitTestResult executionId="757c61bf-d272-4fdf-ad0b-c6d50795c1c7" testId="27974068-d3f6-43f8-93a3-600708e7e6e7" testName="FormatToStringTest1000 (11494.27761332238,11494.28 zł)" computerName="DESKTOP-5URQ9PB" duration="00:00:00.0000065" startTime="2022-06-13T21:11:43.7433708+02:00" endTime="2022-06-13T21:11:43.7434439+02:00" testType="13cdc9d9-ddb5-4fa4-a97d-d965ccfc6d4b" outcome="Passed" testListId="8c84fa94-04c1-424b-9868-57a2d4851a1d" relativeResultsDirectory="757c61bf-d272-4fdf-ad0b-c6d50795c1c7" />
    <UnitTestResult executionId="caaa9798-510c-43e3-b396-a103ff354668" testId="cc51deb9-b566-4d24-aa83-079d2a7900b6" testName="FormatToStringTest1000 (49037.8109120586,49037.81 zł)" computerName="DESKTOP-5URQ9PB" duration="00:00:00.0000073" startTime="2022-06-13T21:11:43.9486067+02:00" endTime="2022-06-13T21:11:43.9486805+02:00" testType="13cdc9d9-ddb5-4fa4-a97d-d965ccfc6d4b" outcome="Passed" testListId="8c84fa94-04c1-424b-9868-57a2d4851a1d" relativeResultsDirectory="caaa9798-510c-43e3-b396-a103ff354668" />
    <UnitTestResult executionId="0e5e2b32-5387-4da4-930c-03a314d2718f" testId="2e8e3697-e09e-4039-a767-eaa8a73f1f96" testName="FormatToStringTest1000 (30410.68214617003,30410.68 zł)" computerName="DESKTOP-5URQ9PB" duration="00:00:00.0000063" startTime="2022-06-13T21:11:43.8263580+02:00" endTime="2022-06-13T21:11:43.8264244+02:00" testType="13cdc9d9-ddb5-4fa4-a97d-d965ccfc6d4b" outcome="Passed" testListId="8c84fa94-04c1-424b-9868-57a2d4851a1d" relativeResultsDirectory="0e5e2b32-5387-4da4-930c-03a314d2718f" />
    <UnitTestResult executionId="99bcb33d-e687-4253-9506-67bfdd50efbc" testId="c1a4e076-4b99-4300-ac56-5929918f1988" testName="FormatToStringTest1000 (89093.57120939044,89093.57 zł)" computerName="DESKTOP-5URQ9PB" duration="00:00:00.0000063" startTime="2022-06-13T21:11:43.9201079+02:00" endTime="2022-06-13T21:11:43.9201726+02:00" testType="13cdc9d9-ddb5-4fa4-a97d-d965ccfc6d4b" outcome="Passed" testListId="8c84fa94-04c1-424b-9868-57a2d4851a1d" relativeResultsDirectory="99bcb33d-e687-4253-9506-67bfdd50efbc" />
    <UnitTestResult executionId="4e9dbd46-9a27-4749-a129-13f4b5ab8b14" testId="b6fe174c-47b0-4225-be9b-6a0c2cef9909" testName="FormatToStringTest1000 (31163.834562352316,31163.83 zł)" computerName="DESKTOP-5URQ9PB" duration="00:00:00.0000065" startTime="2022-06-13T21:11:43.9179437+02:00" endTime="2022-06-13T21:11:43.9180111+02:00" testType="13cdc9d9-ddb5-4fa4-a97d-d965ccfc6d4b" outcome="Passed" testListId="8c84fa94-04c1-424b-9868-57a2d4851a1d" relativeResultsDirectory="4e9dbd46-9a27-4749-a129-13f4b5ab8b14" />
    <UnitTestResult executionId="d5daeda5-24b1-4688-95f7-e58f14ddcb1f" testId="0ef15c77-d1da-4dcb-9900-782b2b29652d" testName="FormatToStringTest1000 (66764.31690498316,66764.32 zł)" computerName="DESKTOP-5URQ9PB" duration="00:00:00.0000065" startTime="2022-06-13T21:11:43.7997922+02:00" endTime="2022-06-13T21:11:43.7998614+02:00" testType="13cdc9d9-ddb5-4fa4-a97d-d965ccfc6d4b" outcome="Passed" testListId="8c84fa94-04c1-424b-9868-57a2d4851a1d" relativeResultsDirectory="d5daeda5-24b1-4688-95f7-e58f14ddcb1f" />
    <UnitTestResult executionId="fbb5dab3-b14a-4797-9d88-d40e60941884" testId="86653be2-782a-4049-89c5-f0e2570984cf" testName="FormatToStringTest1000 (4030.673117592313,4030.67 zł)" computerName="DESKTOP-5URQ9PB" duration="00:00:00.0000064" startTime="2022-06-13T21:11:43.7673694+02:00" endTime="2022-06-13T21:11:43.7674362+02:00" testType="13cdc9d9-ddb5-4fa4-a97d-d965ccfc6d4b" outcome="Passed" testListId="8c84fa94-04c1-424b-9868-57a2d4851a1d" relativeResultsDirectory="fbb5dab3-b14a-4797-9d88-d40e60941884" />
    <UnitTestResult executionId="37faf789-f48a-429b-9df4-3f276f3d19f1" testId="d6707480-695f-48db-b5b5-3deab41ec96d" testName="FormatToStringTest1000 (20321.03715103913,20321.04 zł)" computerName="DESKTOP-5URQ9PB" duration="00:00:00.0000064" startTime="2022-06-13T21:11:43.7797999+02:00" endTime="2022-06-13T21:11:43.7798666+02:00" testType="13cdc9d9-ddb5-4fa4-a97d-d965ccfc6d4b" outcome="Passed" testListId="8c84fa94-04c1-424b-9868-57a2d4851a1d" relativeResultsDirectory="37faf789-f48a-429b-9df4-3f276f3d19f1" />
    <UnitTestResult executionId="884c0ff5-d2c8-4696-82ed-552117f73863" testId="79553166-d07d-46cf-a729-ea9d7a719873" testName="FormatToStringTest1000 (28579.14698705503,28579.15 zł)" computerName="DESKTOP-5URQ9PB" duration="00:00:00.0000064" startTime="2022-06-13T21:11:43.8919509+02:00" endTime="2022-06-13T21:11:43.8920192+02:00" testType="13cdc9d9-ddb5-4fa4-a97d-d965ccfc6d4b" outcome="Passed" testListId="8c84fa94-04c1-424b-9868-57a2d4851a1d" relativeResultsDirectory="884c0ff5-d2c8-4696-82ed-552117f73863" />
    <UnitTestResult executionId="cdaf9787-eca2-4421-992a-deb28431f7fc" testId="5a501283-ccb4-4d44-b87a-786c14ec3553" testName="FormatToStringTest1000 (36969.98585167247,36969.99 zł)" computerName="DESKTOP-5URQ9PB" duration="00:00:00.0000093" startTime="2022-06-13T21:11:43.7177540+02:00" endTime="2022-06-13T21:11:43.7178233+02:00" testType="13cdc9d9-ddb5-4fa4-a97d-d965ccfc6d4b" outcome="Passed" testListId="8c84fa94-04c1-424b-9868-57a2d4851a1d" relativeResultsDirectory="cdaf9787-eca2-4421-992a-deb28431f7fc" />
    <UnitTestResult executionId="7cb80607-cdc3-40c9-93ab-e88c11068da0" testId="ca3038dd-a57d-4de9-bd61-9be5187bd6ca" testName="FormatToStringTest1000 (75350.77330865282,75350.77 zł)" computerName="DESKTOP-5URQ9PB" duration="00:00:00.0000066" startTime="2022-06-13T21:11:43.6776609+02:00" endTime="2022-06-13T21:11:43.6777334+02:00" testType="13cdc9d9-ddb5-4fa4-a97d-d965ccfc6d4b" outcome="Passed" testListId="8c84fa94-04c1-424b-9868-57a2d4851a1d" relativeResultsDirectory="7cb80607-cdc3-40c9-93ab-e88c11068da0" />
    <UnitTestResult executionId="9cb69f71-fc32-4702-81e9-009b636b8c6f" testId="4f0ed477-936a-4266-a264-e90536554486" testName="FormatToStringTest1000 (17000.070169619317,17000.07 zł)" computerName="DESKTOP-5URQ9PB" duration="00:00:00.0000063" startTime="2022-06-13T21:11:43.9651436+02:00" endTime="2022-06-13T21:11:43.9652092+02:00" testType="13cdc9d9-ddb5-4fa4-a97d-d965ccfc6d4b" outcome="Passed" testListId="8c84fa94-04c1-424b-9868-57a2d4851a1d" relativeResultsDirectory="9cb69f71-fc32-4702-81e9-009b636b8c6f" />
    <UnitTestResult executionId="73177ac9-5e54-45fa-bb95-d970ec04d246" testId="4b91eb25-64d3-43f5-90b6-d8f3fc074a20" testName="FormatToStringTest1000 (19609.759296997803,19609.76 zł)" computerName="DESKTOP-5URQ9PB" duration="00:00:00.0000067" startTime="2022-06-13T21:11:43.7998791+02:00" endTime="2022-06-13T21:11:43.7999583+02:00" testType="13cdc9d9-ddb5-4fa4-a97d-d965ccfc6d4b" outcome="Passed" testListId="8c84fa94-04c1-424b-9868-57a2d4851a1d" relativeResultsDirectory="73177ac9-5e54-45fa-bb95-d970ec04d246" />
    <UnitTestResult executionId="7612b7d3-7b04-47f8-99bc-3c140f693466" testId="5d522f91-061e-4d06-afc8-c6d0fe7a4bfc" testName="FormatToStringTest1000 (63946.51014057478,63946.51 zł)" computerName="DESKTOP-5URQ9PB" duration="00:00:00.0000064" startTime="2022-06-13T21:11:43.8793352+02:00" endTime="2022-06-13T21:11:43.8794024+02:00" testType="13cdc9d9-ddb5-4fa4-a97d-d965ccfc6d4b" outcome="Passed" testListId="8c84fa94-04c1-424b-9868-57a2d4851a1d" relativeResultsDirectory="7612b7d3-7b04-47f8-99bc-3c140f693466" />
    <UnitTestResult executionId="01207f4b-92bb-4a49-9893-1ae6f300e92c" testId="53b558ff-7962-41ae-ac40-fb219cbb8c7b" testName="FormatToStringTest1000 (66284.43763489948,66284.44 zł)" computerName="DESKTOP-5URQ9PB" duration="00:00:00.0000070" startTime="2022-06-13T21:11:43.8873562+02:00" endTime="2022-06-13T21:11:43.8874226+02:00" testType="13cdc9d9-ddb5-4fa4-a97d-d965ccfc6d4b" outcome="Passed" testListId="8c84fa94-04c1-424b-9868-57a2d4851a1d" relativeResultsDirectory="01207f4b-92bb-4a49-9893-1ae6f300e92c" />
    <UnitTestResult executionId="928713e8-feee-4fec-95cc-6656359ed29c" testId="a8440bc0-13fe-4c46-a2a3-7a3699e7edf8" testName="FormatToStringTest1000 (2115.5076919884923,2115.51 zł)" computerName="DESKTOP-5URQ9PB" duration="00:00:00.0000062" startTime="2022-06-13T21:11:43.9512772+02:00" endTime="2022-06-13T21:11:43.9513411+02:00" testType="13cdc9d9-ddb5-4fa4-a97d-d965ccfc6d4b" outcome="Passed" testListId="8c84fa94-04c1-424b-9868-57a2d4851a1d" relativeResultsDirectory="928713e8-feee-4fec-95cc-6656359ed29c" />
    <UnitTestResult executionId="61e28fc6-a2e6-4d0d-8c37-05784980909d" testId="50fccc2b-a499-49cd-aa37-4bbfc53be977" testName="FormatToStringTest1000 (19363.881840787773,19363.88 zł)" computerName="DESKTOP-5URQ9PB" duration="00:00:00.0000067" startTime="2022-06-13T21:11:43.9000761+02:00" endTime="2022-06-13T21:11:43.9001421+02:00" testType="13cdc9d9-ddb5-4fa4-a97d-d965ccfc6d4b" outcome="Passed" testListId="8c84fa94-04c1-424b-9868-57a2d4851a1d" relativeResultsDirectory="61e28fc6-a2e6-4d0d-8c37-05784980909d" />
    <UnitTestResult executionId="632a19f7-f18d-4823-ba5a-df388ffe9987" testId="3c5ecfbc-2ebf-45d6-a2f2-0a4378682770" testName="FormatToStringTest1000 (68507.83928906724,68507.84 zł)" computerName="DESKTOP-5URQ9PB" duration="00:00:00.0000064" startTime="2022-06-13T21:11:43.9414464+02:00" endTime="2022-06-13T21:11:43.9415114+02:00" testType="13cdc9d9-ddb5-4fa4-a97d-d965ccfc6d4b" outcome="Passed" testListId="8c84fa94-04c1-424b-9868-57a2d4851a1d" relativeResultsDirectory="632a19f7-f18d-4823-ba5a-df388ffe9987" />
    <UnitTestResult executionId="f01d6507-b7c0-4cc7-b87a-7e6ea830a9a9" testId="960cdcc9-87f7-43c2-8d2f-17f7ce89ef35" testName="FormatToStringTest1000 (88616.03808168416,88616.04 zł)" computerName="DESKTOP-5URQ9PB" duration="00:00:00.0000064" startTime="2022-06-13T21:11:43.9373766+02:00" endTime="2022-06-13T21:11:43.9374421+02:00" testType="13cdc9d9-ddb5-4fa4-a97d-d965ccfc6d4b" outcome="Passed" testListId="8c84fa94-04c1-424b-9868-57a2d4851a1d" relativeResultsDirectory="f01d6507-b7c0-4cc7-b87a-7e6ea830a9a9" />
    <UnitTestResult executionId="4b0af333-3272-4207-ad8e-a3bd847bc1f8" testId="b385284a-9303-48ab-aa5d-d19ca8c81162" testName="FormatToStringTest1000 (24137.016609529506,24137.02 zł)" computerName="DESKTOP-5URQ9PB" duration="00:00:00.0000063" startTime="2022-06-13T21:11:43.9298163+02:00" endTime="2022-06-13T21:11:43.9298809+02:00" testType="13cdc9d9-ddb5-4fa4-a97d-d965ccfc6d4b" outcome="Passed" testListId="8c84fa94-04c1-424b-9868-57a2d4851a1d" relativeResultsDirectory="4b0af333-3272-4207-ad8e-a3bd847bc1f8" />
    <UnitTestResult executionId="1a64a3a0-6146-4230-b80c-4ebf3ec37fe0" testId="ddcd43fb-3026-495d-a114-2869d0105d98" testName="FormatToStringTest1000 (7193.552206002898,7193.55 zł)" computerName="DESKTOP-5URQ9PB" duration="00:00:00.0000063" startTime="2022-06-13T21:11:43.9277706+02:00" endTime="2022-06-13T21:11:43.9278348+02:00" testType="13cdc9d9-ddb5-4fa4-a97d-d965ccfc6d4b" outcome="Passed" testListId="8c84fa94-04c1-424b-9868-57a2d4851a1d" relativeResultsDirectory="1a64a3a0-6146-4230-b80c-4ebf3ec37fe0" />
    <UnitTestResult executionId="5f86b8f9-ef59-40b1-b1e4-e32724ef1f1f" testId="1c2a87e8-637e-458f-84c5-d90b96de633f" testName="FormatToStringTest1000 (5022.470719070859,5022.47 zł)" computerName="DESKTOP-5URQ9PB" duration="00:00:00.0000063" startTime="2022-06-13T21:11:43.7581174+02:00" endTime="2022-06-13T21:11:43.7581838+02:00" testType="13cdc9d9-ddb5-4fa4-a97d-d965ccfc6d4b" outcome="Passed" testListId="8c84fa94-04c1-424b-9868-57a2d4851a1d" relativeResultsDirectory="5f86b8f9-ef59-40b1-b1e4-e32724ef1f1f" />
    <UnitTestResult executionId="8be3fdb7-f6f7-4867-8e03-1a5ce99efe3f" testId="233abb86-0da3-40c9-93f6-9f59d978a480" testName="FormatToStringTest1000 (10457.593086045978,10457.59 zł)" computerName="DESKTOP-5URQ9PB" duration="00:00:00.0000076" startTime="2022-06-13T21:11:43.8259115+02:00" endTime="2022-06-13T21:11:43.8259995+02:00" testType="13cdc9d9-ddb5-4fa4-a97d-d965ccfc6d4b" outcome="Passed" testListId="8c84fa94-04c1-424b-9868-57a2d4851a1d" relativeResultsDirectory="8be3fdb7-f6f7-4867-8e03-1a5ce99efe3f" />
    <UnitTestResult executionId="face8bc0-9aa4-44ce-a8c3-1365a7d8773e" testId="8d6071ef-443c-4fc8-86ec-e2e7acb6a84b" testName="FormatToStringTest1000 (2121.0917325211185,2121.09 zł)" computerName="DESKTOP-5URQ9PB" duration="00:00:00.0000066" startTime="2022-06-13T21:11:43.8744777+02:00" endTime="2022-06-13T21:11:43.8745462+02:00" testType="13cdc9d9-ddb5-4fa4-a97d-d965ccfc6d4b" outcome="Passed" testListId="8c84fa94-04c1-424b-9868-57a2d4851a1d" relativeResultsDirectory="face8bc0-9aa4-44ce-a8c3-1365a7d8773e" />
    <UnitTestResult executionId="4cd77361-c968-4749-9d1c-3a7a2a8f68d7" testId="bd523143-fdb0-47e5-a787-16b0eada86f6" testName="FormatToStringTest1000 (45887.58415794167,45887.58 zł)" computerName="DESKTOP-5URQ9PB" duration="00:00:00.0000065" startTime="2022-06-13T21:11:43.8795041+02:00" endTime="2022-06-13T21:11:43.8795708+02:00" testType="13cdc9d9-ddb5-4fa4-a97d-d965ccfc6d4b" outcome="Passed" testListId="8c84fa94-04c1-424b-9868-57a2d4851a1d" relativeResultsDirectory="4cd77361-c968-4749-9d1c-3a7a2a8f68d7" />
    <UnitTestResult executionId="70349de7-7081-4e75-95ce-dec8435e410c" testId="df6e8633-ce81-4afd-9eb0-c21b3080547b" testName="FormatToStringTest1000 (8802.811382028653,8802.81 zł)" computerName="DESKTOP-5URQ9PB" duration="00:00:00.0000063" startTime="2022-06-13T21:11:43.7311884+02:00" endTime="2022-06-13T21:11:43.7312549+02:00" testType="13cdc9d9-ddb5-4fa4-a97d-d965ccfc6d4b" outcome="Passed" testListId="8c84fa94-04c1-424b-9868-57a2d4851a1d" relativeResultsDirectory="70349de7-7081-4e75-95ce-dec8435e410c" />
    <UnitTestResult executionId="930fc53a-9b11-4c6f-ac8b-732c13259047" testId="f99f1009-7e70-4c45-bd8c-1d3df776b475" testName="FormatToStringTest1000 (22557.09603308099,22557.10 zł)" computerName="DESKTOP-5URQ9PB" duration="00:00:00.0000065" startTime="2022-06-13T21:11:43.7640442+02:00" endTime="2022-06-13T21:11:43.7641110+02:00" testType="13cdc9d9-ddb5-4fa4-a97d-d965ccfc6d4b" outcome="Passed" testListId="8c84fa94-04c1-424b-9868-57a2d4851a1d" relativeResultsDirectory="930fc53a-9b11-4c6f-ac8b-732c13259047" />
    <UnitTestResult executionId="ef4caa01-0ac6-42c1-9f35-f66a1855bed3" testId="80b6d4a5-7b76-4c33-aa23-e9c1789bff5e" testName="FormatToStringTest1000 (19435.417227184127,19435.42 zł)" computerName="DESKTOP-5URQ9PB" duration="00:00:00.0000063" startTime="2022-06-13T21:11:43.8234999+02:00" endTime="2022-06-13T21:11:43.8235657+02:00" testType="13cdc9d9-ddb5-4fa4-a97d-d965ccfc6d4b" outcome="Passed" testListId="8c84fa94-04c1-424b-9868-57a2d4851a1d" relativeResultsDirectory="ef4caa01-0ac6-42c1-9f35-f66a1855bed3" />
    <UnitTestResult executionId="0afe81a7-5d99-4360-ba09-3faa4f436c3a" testId="d707bc8d-2067-4175-925c-21e32e492f7f" testName="FormatToStringTest1000 (61324.33752458279,61324.34 zł)" computerName="DESKTOP-5URQ9PB" duration="00:00:00.0000064" startTime="2022-06-13T21:11:43.7877911+02:00" endTime="2022-06-13T21:11:43.7878581+02:00" testType="13cdc9d9-ddb5-4fa4-a97d-d965ccfc6d4b" outcome="Passed" testListId="8c84fa94-04c1-424b-9868-57a2d4851a1d" relativeResultsDirectory="0afe81a7-5d99-4360-ba09-3faa4f436c3a" />
    <UnitTestResult executionId="ec9cd7d5-703f-4160-804d-5529521ad441" testId="c1cb3d3d-21c3-449f-82fd-f447707dc07e" testName="FormatToStringTest1000 (3700.029953029021,3700.03 zł)" computerName="DESKTOP-5URQ9PB" duration="00:00:00.0000068" startTime="2022-06-13T21:11:43.7375168+02:00" endTime="2022-06-13T21:11:43.7375837+02:00" testType="13cdc9d9-ddb5-4fa4-a97d-d965ccfc6d4b" outcome="Passed" testListId="8c84fa94-04c1-424b-9868-57a2d4851a1d" relativeResultsDirectory="ec9cd7d5-703f-4160-804d-5529521ad441" />
    <UnitTestResult executionId="fea62685-5938-4d16-be58-a76cb1429914" testId="aedce594-8750-4812-8182-afdf7bb08fd6" testName="FormatToStringTest1000 (48654.65723134794,48654.66 zł)" computerName="DESKTOP-5URQ9PB" duration="00:00:00.0000067" startTime="2022-06-13T21:11:43.7670281+02:00" endTime="2022-06-13T21:11:43.7670973+02:00" testType="13cdc9d9-ddb5-4fa4-a97d-d965ccfc6d4b" outcome="Passed" testListId="8c84fa94-04c1-424b-9868-57a2d4851a1d" relativeResultsDirectory="fea62685-5938-4d16-be58-a76cb1429914" />
    <UnitTestResult executionId="5c69771f-343d-4acc-abd1-aee25ef5c5e6" testId="ff4640a8-9566-40b5-883f-b5328b7b0a93" testName="FormatToStringTest1000 (4823.904478896365,4823.90 zł)" computerName="DESKTOP-5URQ9PB" duration="00:00:00.0000067" startTime="2022-06-13T21:11:43.8979618+02:00" endTime="2022-06-13T21:11:43.8980309+02:00" testType="13cdc9d9-ddb5-4fa4-a97d-d965ccfc6d4b" outcome="Passed" testListId="8c84fa94-04c1-424b-9868-57a2d4851a1d" relativeResultsDirectory="5c69771f-343d-4acc-abd1-aee25ef5c5e6" />
    <UnitTestResult executionId="c2911f47-beff-4647-8770-72d0ed791799" testId="e8a353d9-c979-4e15-a5dc-aec4b26c20fd" testName="FormatToStringTest1000 (25116.590135570892,25116.59 zł)" computerName="DESKTOP-5URQ9PB" duration="00:00:00.0000064" startTime="2022-06-13T21:11:43.7736042+02:00" endTime="2022-06-13T21:11:43.7736697+02:00" testType="13cdc9d9-ddb5-4fa4-a97d-d965ccfc6d4b" outcome="Passed" testListId="8c84fa94-04c1-424b-9868-57a2d4851a1d" relativeResultsDirectory="c2911f47-beff-4647-8770-72d0ed791799" />
    <UnitTestResult executionId="27f0b374-0f3c-4cfd-9d67-15325a5aab9d" testId="47291e8d-3682-48b1-8274-952bef13a9fb" testName="FormatToStringTest1000 (25272.05048361283,25272.05 zł)" computerName="DESKTOP-5URQ9PB" duration="00:00:00.0000063" startTime="2022-06-13T21:11:43.9472165+02:00" endTime="2022-06-13T21:11:43.9472810+02:00" testType="13cdc9d9-ddb5-4fa4-a97d-d965ccfc6d4b" outcome="Passed" testListId="8c84fa94-04c1-424b-9868-57a2d4851a1d" relativeResultsDirectory="27f0b374-0f3c-4cfd-9d67-15325a5aab9d" />
    <UnitTestResult executionId="fd163e0d-6800-4401-a51b-0c42bb5a8e72" testId="481d3f27-fb7d-45fb-8422-5f017bfb9173" testName="FormatToStringTest1000 (1549.6599114973376,1549.66 zł)" computerName="DESKTOP-5URQ9PB" duration="00:00:00.0000064" startTime="2022-06-13T21:11:43.9670867+02:00" endTime="2022-06-13T21:11:43.9671524+02:00" testType="13cdc9d9-ddb5-4fa4-a97d-d965ccfc6d4b" outcome="Passed" testListId="8c84fa94-04c1-424b-9868-57a2d4851a1d" relativeResultsDirectory="fd163e0d-6800-4401-a51b-0c42bb5a8e72" />
    <UnitTestResult executionId="8ce34eb6-153f-4f20-a390-89bcbb07ec50" testId="988f246e-48e2-4d72-bec3-af63f3047ed9" testName="FormatToStringTest1000 (52888.48934243642,52888.49 zł)" computerName="DESKTOP-5URQ9PB" duration="00:00:00.0000064" startTime="2022-06-13T21:11:43.8091896+02:00" endTime="2022-06-13T21:11:43.8092566+02:00" testType="13cdc9d9-ddb5-4fa4-a97d-d965ccfc6d4b" outcome="Passed" testListId="8c84fa94-04c1-424b-9868-57a2d4851a1d" relativeResultsDirectory="8ce34eb6-153f-4f20-a390-89bcbb07ec50" />
    <UnitTestResult executionId="f47929af-60e5-4e5d-a3db-4172bb75ddb8" testId="fda8b222-4bff-498f-af71-bdb5cc19a102" testName="FormatToStringTest1000 (26220.382477706476,26220.38 zł)" computerName="DESKTOP-5URQ9PB" duration="00:00:00.0000062" startTime="2022-06-13T21:11:43.9356661+02:00" endTime="2022-06-13T21:11:43.9357305+02:00" testType="13cdc9d9-ddb5-4fa4-a97d-d965ccfc6d4b" outcome="Passed" testListId="8c84fa94-04c1-424b-9868-57a2d4851a1d" relativeResultsDirectory="f47929af-60e5-4e5d-a3db-4172bb75ddb8" />
    <UnitTestResult executionId="2a656145-b867-4022-9432-a39c9c0768f6" testId="19c5cf19-966a-498d-99b5-c6da6c37aa73" testName="FormatToStringTest1000 (20643.69044446465,20643.69 zł)" computerName="DESKTOP-5URQ9PB" duration="00:00:00.0000062" startTime="2022-06-13T21:11:43.9082252+02:00" endTime="2022-06-13T21:11:43.9082895+02:00" testType="13cdc9d9-ddb5-4fa4-a97d-d965ccfc6d4b" outcome="Passed" testListId="8c84fa94-04c1-424b-9868-57a2d4851a1d" relativeResultsDirectory="2a656145-b867-4022-9432-a39c9c0768f6" />
    <UnitTestResult executionId="f6fe855d-cfdd-4a10-94e6-d177529e5b6c" testId="a3ab2f6f-79e8-41c9-b88f-57223c78d936" testName="FormatToStringTest1000 (18208.8422650126,18208.84 zł)" computerName="DESKTOP-5URQ9PB" duration="00:00:00.0000065" startTime="2022-06-13T21:11:43.7403910+02:00" endTime="2022-06-13T21:11:43.7404550+02:00" testType="13cdc9d9-ddb5-4fa4-a97d-d965ccfc6d4b" outcome="Passed" testListId="8c84fa94-04c1-424b-9868-57a2d4851a1d" relativeResultsDirectory="f6fe855d-cfdd-4a10-94e6-d177529e5b6c" />
    <UnitTestResult executionId="bcfb9743-1058-4b14-aecf-192cdee23054" testId="ab1cba9a-1aaf-49cf-8578-f2f348a503a9" testName="FormatToStringTest1000 (3303.1902076747224,3303.19 zł)" computerName="DESKTOP-5URQ9PB" duration="00:00:00.0000063" startTime="2022-06-13T21:11:43.8234163+02:00" endTime="2022-06-13T21:11:43.8234828+02:00" testType="13cdc9d9-ddb5-4fa4-a97d-d965ccfc6d4b" outcome="Passed" testListId="8c84fa94-04c1-424b-9868-57a2d4851a1d" relativeResultsDirectory="bcfb9743-1058-4b14-aecf-192cdee23054" />
    <UnitTestResult executionId="42e2f467-0a80-4a33-a80a-3b5966840e57" testId="c8e23a15-ddf9-4378-b529-e32520ed4c6f" testName="FormatToStringTest1000 (12283.48626129026,12283.49 zł)" computerName="DESKTOP-5URQ9PB" duration="00:00:00.0000064" startTime="2022-06-13T21:11:43.7767911+02:00" endTime="2022-06-13T21:11:43.7768582+02:00" testType="13cdc9d9-ddb5-4fa4-a97d-d965ccfc6d4b" outcome="Passed" testListId="8c84fa94-04c1-424b-9868-57a2d4851a1d" relativeResultsDirectory="42e2f467-0a80-4a33-a80a-3b5966840e57" />
    <UnitTestResult executionId="acb13e3d-7a1c-4db2-afbd-0698453e2b34" testId="558a67dd-93c2-4511-ac51-136632c900d2" testName="FormatToStringTest1000 (10268.547802396373,10268.55 zł)" computerName="DESKTOP-5URQ9PB" duration="00:00:00.0000065" startTime="2022-06-13T21:11:43.6741516+02:00" endTime="2022-06-13T21:11:43.6742248+02:00" testType="13cdc9d9-ddb5-4fa4-a97d-d965ccfc6d4b" outcome="Passed" testListId="8c84fa94-04c1-424b-9868-57a2d4851a1d" relativeResultsDirectory="acb13e3d-7a1c-4db2-afbd-0698453e2b34" />
    <UnitTestResult executionId="a1e34b2a-306e-447f-9c4d-148a54d80415" testId="a7df2404-20c3-4da8-9207-d11fa9cad74d" testName="FormatToStringTest1000 (9765.54450809748,9765.54 zł)" computerName="DESKTOP-5URQ9PB" duration="00:00:00.0000065" startTime="2022-06-13T21:11:43.7243113+02:00" endTime="2022-06-13T21:11:43.7243759+02:00" testType="13cdc9d9-ddb5-4fa4-a97d-d965ccfc6d4b" outcome="Passed" testListId="8c84fa94-04c1-424b-9868-57a2d4851a1d" relativeResultsDirectory="a1e34b2a-306e-447f-9c4d-148a54d80415" />
    <UnitTestResult executionId="5bdf34da-4de2-494f-9e87-bafc2e117120" testId="cc485311-be55-4fb2-879e-f7f760fdac9a" testName="FormatToStringTest1000 (14100.01255469211,14100.01 zł)" computerName="DESKTOP-5URQ9PB" duration="00:00:00.0000065" startTime="2022-06-13T21:11:43.7143225+02:00" endTime="2022-06-13T21:11:43.7143901+02:00" testType="13cdc9d9-ddb5-4fa4-a97d-d965ccfc6d4b" outcome="Passed" testListId="8c84fa94-04c1-424b-9868-57a2d4851a1d" relativeResultsDirectory="5bdf34da-4de2-494f-9e87-bafc2e117120" />
    <UnitTestResult executionId="8902b9fc-e71a-44b8-8bb7-99b00881bc73" testId="72eb5fd4-3033-44fe-94b8-9b52fdfaf04e" testName="FormatToStringTest1000 (14910.573044539697,14910.57 zł)" computerName="DESKTOP-5URQ9PB" duration="00:00:00.0000063" startTime="2022-06-13T21:11:43.9762373+02:00" endTime="2022-06-13T21:11:43.9763027+02:00" testType="13cdc9d9-ddb5-4fa4-a97d-d965ccfc6d4b" outcome="Passed" testListId="8c84fa94-04c1-424b-9868-57a2d4851a1d" relativeResultsDirectory="8902b9fc-e71a-44b8-8bb7-99b00881bc73" />
    <UnitTestResult executionId="a934b5da-65b0-4291-8a55-81bf1e460f11" testId="58127d47-4e72-42bf-838d-b06352d894b9" testName="FormatToStringTest1000 (2883.637133003975,2883.64 zł)" computerName="DESKTOP-5URQ9PB" duration="00:00:00.0000062" startTime="2022-06-13T21:11:43.9220619+02:00" endTime="2022-06-13T21:11:43.9221266+02:00" testType="13cdc9d9-ddb5-4fa4-a97d-d965ccfc6d4b" outcome="Passed" testListId="8c84fa94-04c1-424b-9868-57a2d4851a1d" relativeResultsDirectory="a934b5da-65b0-4291-8a55-81bf1e460f11" />
    <UnitTestResult executionId="56b8fd9b-8080-4d7e-98be-ea11674a22a0" testId="71494e64-922c-4479-86ae-70d17330af28" testName="FormatToStringTest1000 (14237.13226245955,14237.13 zł)" computerName="DESKTOP-5URQ9PB" duration="00:00:00.0000065" startTime="2022-06-13T21:11:43.6519777+02:00" endTime="2022-06-13T21:11:43.6520470+02:00" testType="13cdc9d9-ddb5-4fa4-a97d-d965ccfc6d4b" outcome="Passed" testListId="8c84fa94-04c1-424b-9868-57a2d4851a1d" relativeResultsDirectory="56b8fd9b-8080-4d7e-98be-ea11674a22a0" />
    <UnitTestResult executionId="cae0dda3-b8f8-4017-8946-2b8801e6833d" testId="e88b43dd-7634-4a7b-8a98-b7264ef53cf8" testName="FormatToStringTest1000 (10461.455048841171,10461.46 zł)" computerName="DESKTOP-5URQ9PB" duration="00:00:00.0000063" startTime="2022-06-13T21:11:43.7797160+02:00" endTime="2022-06-13T21:11:43.7797825+02:00" testType="13cdc9d9-ddb5-4fa4-a97d-d965ccfc6d4b" outcome="Passed" testListId="8c84fa94-04c1-424b-9868-57a2d4851a1d" relativeResultsDirectory="cae0dda3-b8f8-4017-8946-2b8801e6833d" />
    <UnitTestResult executionId="66b7610e-a4e3-4f6c-a8ed-3e52f6056c5c" testId="f2296104-c8a2-4a4b-872b-ec299616ec1b" testName="FormatToStringTest1000 (52810.91713865516,52810.92 zł)" computerName="DESKTOP-5URQ9PB" duration="00:00:00.0000063" startTime="2022-06-13T21:11:43.6068122+02:00" endTime="2022-06-13T21:11:43.6068785+02:00" testType="13cdc9d9-ddb5-4fa4-a97d-d965ccfc6d4b" outcome="Passed" testListId="8c84fa94-04c1-424b-9868-57a2d4851a1d" relativeResultsDirectory="66b7610e-a4e3-4f6c-a8ed-3e52f6056c5c" />
    <UnitTestResult executionId="6ca49e1a-0e0b-46c2-a635-63304fac93d4" testId="47b3a16f-335c-4e68-ba24-10ec77351269" testName="FormatToStringTest1000 (736.7398243680316,736.74 zł)" computerName="DESKTOP-5URQ9PB" duration="00:00:00.0000062" startTime="2022-06-13T21:11:43.6641174+02:00" endTime="2022-06-13T21:11:43.6641839+02:00" testType="13cdc9d9-ddb5-4fa4-a97d-d965ccfc6d4b" outcome="Passed" testListId="8c84fa94-04c1-424b-9868-57a2d4851a1d" relativeResultsDirectory="6ca49e1a-0e0b-46c2-a635-63304fac93d4" />
    <UnitTestResult executionId="33f28ad0-15bf-45c9-93e2-8dca7caa3716" testId="9935871b-aa4f-4336-a127-eaa17129fbc1" testName="FormatToStringTest1000 (22791.735381432685,22791.74 zł)" computerName="DESKTOP-5URQ9PB" duration="00:00:00.0000064" startTime="2022-06-13T21:11:43.7373497+02:00" endTime="2022-06-13T21:11:43.7374159+02:00" testType="13cdc9d9-ddb5-4fa4-a97d-d965ccfc6d4b" outcome="Passed" testListId="8c84fa94-04c1-424b-9868-57a2d4851a1d" relativeResultsDirectory="33f28ad0-15bf-45c9-93e2-8dca7caa3716" />
    <UnitTestResult executionId="3e49f360-db6d-44d4-9d67-a47daf3721c5" testId="553daff3-e801-4f1a-a828-e997ebb0c7f5" testName="FormatToStringTest1000 (38614.292320713066,38614.29 zł)" computerName="DESKTOP-5URQ9PB" duration="00:00:00.0000063" startTime="2022-06-13T21:11:43.6909535+02:00" endTime="2022-06-13T21:11:43.6910195+02:00" testType="13cdc9d9-ddb5-4fa4-a97d-d965ccfc6d4b" outcome="Passed" testListId="8c84fa94-04c1-424b-9868-57a2d4851a1d" relativeResultsDirectory="3e49f360-db6d-44d4-9d67-a47daf3721c5" />
    <UnitTestResult executionId="e301f146-f01a-49bc-978b-8f9a5732a1a8" testId="25fddcc9-f9dc-4ffc-bb88-7f58e8036d13" testName="FormatToStringTest1000 (40241.790964380736,40241.79 zł)" computerName="DESKTOP-5URQ9PB" duration="00:00:00.0000064" startTime="2022-06-13T21:11:43.9472976+02:00" endTime="2022-06-13T21:11:43.9473619+02:00" testType="13cdc9d9-ddb5-4fa4-a97d-d965ccfc6d4b" outcome="Passed" testListId="8c84fa94-04c1-424b-9868-57a2d4851a1d" relativeResultsDirectory="e301f146-f01a-49bc-978b-8f9a5732a1a8" />
    <UnitTestResult executionId="a334770e-d4ec-4e15-a5de-2f8aa1b2cd4f" testId="b452b6fa-72c2-411b-a1b6-7a423ce4be86" testName="FormatToStringTest1000 (45070.5442499493,45070.54 zł)" computerName="DESKTOP-5URQ9PB" duration="00:00:00.0000064" startTime="2022-06-13T21:11:43.9183515+02:00" endTime="2022-06-13T21:11:43.9184133+02:00" testType="13cdc9d9-ddb5-4fa4-a97d-d965ccfc6d4b" outcome="Passed" testListId="8c84fa94-04c1-424b-9868-57a2d4851a1d" relativeResultsDirectory="a334770e-d4ec-4e15-a5de-2f8aa1b2cd4f" />
    <UnitTestResult executionId="5fb25130-fc5f-44f9-957f-f770e8da7a02" testId="de696064-20a3-42c8-bea7-220231848071" testName="FormatToStringTest1000 (15841.26419853478,15841.26 zł)" computerName="DESKTOP-5URQ9PB" duration="00:00:00.0000067" startTime="2022-06-13T21:11:43.9468798+02:00" endTime="2022-06-13T21:11:43.9469542+02:00" testType="13cdc9d9-ddb5-4fa4-a97d-d965ccfc6d4b" outcome="Passed" testListId="8c84fa94-04c1-424b-9868-57a2d4851a1d" relativeResultsDirectory="5fb25130-fc5f-44f9-957f-f770e8da7a02" />
    <UnitTestResult executionId="51f4f025-e9db-4ed6-abc2-ef4f123175ca" testId="1bfb013e-3f2a-4fc8-bdf3-0497220c8b2b" testName="FormatToStringTest1000 (5287.3103648714305,5287.31 zł)" computerName="DESKTOP-5URQ9PB" duration="00:00:00.0000064" startTime="2022-06-13T21:11:43.7209860+02:00" endTime="2022-06-13T21:11:43.7210531+02:00" testType="13cdc9d9-ddb5-4fa4-a97d-d965ccfc6d4b" outcome="Passed" testListId="8c84fa94-04c1-424b-9868-57a2d4851a1d" relativeResultsDirectory="51f4f025-e9db-4ed6-abc2-ef4f123175ca" />
    <UnitTestResult executionId="7f73d2d3-e3a8-4854-bf7b-1f1f789e7753" testId="949ef435-7de0-4d4a-af10-ba5041b27be1" testName="FormatToStringTest1000 (47437.74370917619,47437.74 zł)" computerName="DESKTOP-5URQ9PB" duration="00:00:00.0000063" startTime="2022-06-13T21:11:43.9591339+02:00" endTime="2022-06-13T21:11:43.9591988+02:00" testType="13cdc9d9-ddb5-4fa4-a97d-d965ccfc6d4b" outcome="Passed" testListId="8c84fa94-04c1-424b-9868-57a2d4851a1d" relativeResultsDirectory="7f73d2d3-e3a8-4854-bf7b-1f1f789e7753" />
    <UnitTestResult executionId="2c51cf98-370a-4a17-a633-aa4173e9bdaf" testId="2bb0563d-c396-4b0d-8c27-120dfd5afd9f" testName="FormatToStringTest1000 (1821.7083499085663,1821.71 zł)" computerName="DESKTOP-5URQ9PB" duration="00:00:00.0000070" startTime="2022-06-13T21:11:43.9331762+02:00" endTime="2022-06-13T21:11:43.9332525+02:00" testType="13cdc9d9-ddb5-4fa4-a97d-d965ccfc6d4b" outcome="Passed" testListId="8c84fa94-04c1-424b-9868-57a2d4851a1d" relativeResultsDirectory="2c51cf98-370a-4a17-a633-aa4173e9bdaf" />
    <UnitTestResult executionId="1e62a149-0eeb-443c-93c9-8a0f892d6ec4" testId="5def4f33-23a4-4852-8801-f1c746230dd2" testName="FormatToStringTest1000 (11175.438820935526,11175.44 zł)" computerName="DESKTOP-5URQ9PB" duration="00:00:00.0000065" startTime="2022-06-13T21:11:43.7206390+02:00" endTime="2022-06-13T21:11:43.7207075+02:00" testType="13cdc9d9-ddb5-4fa4-a97d-d965ccfc6d4b" outcome="Passed" testListId="8c84fa94-04c1-424b-9868-57a2d4851a1d" relativeResultsDirectory="1e62a149-0eeb-443c-93c9-8a0f892d6ec4" />
    <UnitTestResult executionId="e4a0817a-4ab7-49d3-93c9-d58ca826e353" testId="fc13d1cd-79cd-474f-b3b0-58c27663da3c" testName="FormatToStringTest1000 (21753.84773194969,21753.85 zł)" computerName="DESKTOP-5URQ9PB" duration="00:00:00.0000064" startTime="2022-06-13T21:11:43.6969441+02:00" endTime="2022-06-13T21:11:43.6970112+02:00" testType="13cdc9d9-ddb5-4fa4-a97d-d965ccfc6d4b" outcome="Passed" testListId="8c84fa94-04c1-424b-9868-57a2d4851a1d" relativeResultsDirectory="e4a0817a-4ab7-49d3-93c9-d58ca826e353" />
    <UnitTestResult executionId="56dcd239-d3f5-44e7-b381-01fe447bd0a1" testId="26da223a-341c-4f0e-acb5-d05931cf5f9c" testName="FormatToStringTest1000 (25376.6225052097,25376.62 zł)" computerName="DESKTOP-5URQ9PB" duration="00:00:00.0000065" startTime="2022-06-13T21:11:43.8392169+02:00" endTime="2022-06-13T21:11:43.8392818+02:00" testType="13cdc9d9-ddb5-4fa4-a97d-d965ccfc6d4b" outcome="Passed" testListId="8c84fa94-04c1-424b-9868-57a2d4851a1d" relativeResultsDirectory="56dcd239-d3f5-44e7-b381-01fe447bd0a1" />
    <UnitTestResult executionId="ddbaf76c-b742-457d-812b-425f6fd315a5" testId="203729f0-7bee-43f2-b649-a023ecbb54c1" testName="FormatToStringTest1000 (14198.39903067723,14198.40 zł)" computerName="DESKTOP-5URQ9PB" duration="00:00:00.0000063" startTime="2022-06-13T21:11:43.9610037+02:00" endTime="2022-06-13T21:11:43.9610707+02:00" testType="13cdc9d9-ddb5-4fa4-a97d-d965ccfc6d4b" outcome="Passed" testListId="8c84fa94-04c1-424b-9868-57a2d4851a1d" relativeResultsDirectory="ddbaf76c-b742-457d-812b-425f6fd315a5" />
    <UnitTestResult executionId="afe0ae4c-291d-4234-b9cd-49cbf9b83c80" testId="dbf959f7-10ca-46f7-94eb-90ae730deaca" testName="FormatToStringTest1000 (29508.077101491428,29508.08 zł)" computerName="DESKTOP-5URQ9PB" duration="00:00:00.0000081" startTime="2022-06-13T21:11:43.6876734+02:00" endTime="2022-06-13T21:11:43.6877588+02:00" testType="13cdc9d9-ddb5-4fa4-a97d-d965ccfc6d4b" outcome="Passed" testListId="8c84fa94-04c1-424b-9868-57a2d4851a1d" relativeResultsDirectory="afe0ae4c-291d-4234-b9cd-49cbf9b83c80" />
    <UnitTestResult executionId="a6259b01-0b77-412f-a074-bec954198d08" testId="0f98094b-af7c-4b8c-876d-35c3f8a8a1e6" testName="FormatToStringTest1000 (20068.867046961965,20068.87 zł)" computerName="DESKTOP-5URQ9PB" duration="00:00:00.0000064" startTime="2022-06-13T21:11:43.8937636+02:00" endTime="2022-06-13T21:11:43.8938307+02:00" testType="13cdc9d9-ddb5-4fa4-a97d-d965ccfc6d4b" outcome="Passed" testListId="8c84fa94-04c1-424b-9868-57a2d4851a1d" relativeResultsDirectory="a6259b01-0b77-412f-a074-bec954198d08" />
    <UnitTestResult executionId="93aa3082-b006-4b74-b589-fd2fb2b95a86" testId="4ce8b06a-d761-4719-8a57-7f22483bbb44" testName="FormatToStringTest1000 (4669.392596858271,4669.39 zł)" computerName="DESKTOP-5URQ9PB" duration="00:00:00.0000064" startTime="2022-06-13T21:11:43.7342898+02:00" endTime="2022-06-13T21:11:43.7343564+02:00" testType="13cdc9d9-ddb5-4fa4-a97d-d965ccfc6d4b" outcome="Passed" testListId="8c84fa94-04c1-424b-9868-57a2d4851a1d" relativeResultsDirectory="93aa3082-b006-4b74-b589-fd2fb2b95a86" />
    <UnitTestResult executionId="d6ef24ef-d488-43af-ad18-05cf70ffd781" testId="98fe29a6-db41-4c59-ad26-2f4bd9eaedc8" testName="FormatToStringTest1000 (80609.94377465078,80609.94 zł)" computerName="DESKTOP-5URQ9PB" duration="00:00:00.0000065" startTime="2022-06-13T21:11:43.6522510+02:00" endTime="2022-06-13T21:11:43.6523258+02:00" testType="13cdc9d9-ddb5-4fa4-a97d-d965ccfc6d4b" outcome="Passed" testListId="8c84fa94-04c1-424b-9868-57a2d4851a1d" relativeResultsDirectory="d6ef24ef-d488-43af-ad18-05cf70ffd781" />
    <UnitTestResult executionId="adf6897d-6202-464c-bb3a-18e367adbd0a" testId="3f5dee95-2a02-4b5e-8366-c805347fd8a3" testName="FormatToStringTest1000 (16571.355536101553,16571.36 zł)" computerName="DESKTOP-5URQ9PB" duration="00:00:00.0000064" startTime="2022-06-13T21:11:43.7002723+02:00" endTime="2022-06-13T21:11:43.7003390+02:00" testType="13cdc9d9-ddb5-4fa4-a97d-d965ccfc6d4b" outcome="Passed" testListId="8c84fa94-04c1-424b-9868-57a2d4851a1d" relativeResultsDirectory="adf6897d-6202-464c-bb3a-18e367adbd0a" />
    <UnitTestResult executionId="5631c1f5-edaf-4c21-b068-1390e35663f3" testId="2658ea67-75d9-4c13-94e0-27fa4404f204" testName="FormatToStringTest1000 (11922.837782177532,11922.84 zł)" computerName="DESKTOP-5URQ9PB" duration="00:00:00.0000064" startTime="2022-06-13T21:11:43.7704991+02:00" endTime="2022-06-13T21:11:43.7705654+02:00" testType="13cdc9d9-ddb5-4fa4-a97d-d965ccfc6d4b" outcome="Passed" testListId="8c84fa94-04c1-424b-9868-57a2d4851a1d" relativeResultsDirectory="5631c1f5-edaf-4c21-b068-1390e35663f3" />
    <UnitTestResult executionId="27110cd2-848f-482d-981a-58e3d32db3ba" testId="28f464eb-ecfb-4339-a255-7f28b8c02f11" testName="FormatToStringTest1000 (1108.7197928823157,1108.72 zł)" computerName="DESKTOP-5URQ9PB" duration="00:00:00.0000064" startTime="2022-06-13T21:11:43.6611259+02:00" endTime="2022-06-13T21:11:43.6611933+02:00" testType="13cdc9d9-ddb5-4fa4-a97d-d965ccfc6d4b" outcome="Passed" testListId="8c84fa94-04c1-424b-9868-57a2d4851a1d" relativeResultsDirectory="27110cd2-848f-482d-981a-58e3d32db3ba" />
    <UnitTestResult executionId="508054a2-0fe2-4a97-bdae-17c063955d62" testId="b10fd119-9ae0-4d94-a796-f3961c9e3236" testName="FormatToStringTest1000 (34458.5406463512,34458.54 zł)" computerName="DESKTOP-5URQ9PB" duration="00:00:00.0000066" startTime="2022-06-13T21:11:43.8721537+02:00" endTime="2022-06-13T21:11:43.8722222+02:00" testType="13cdc9d9-ddb5-4fa4-a97d-d965ccfc6d4b" outcome="Passed" testListId="8c84fa94-04c1-424b-9868-57a2d4851a1d" relativeResultsDirectory="508054a2-0fe2-4a97-bdae-17c063955d62" />
    <UnitTestResult executionId="9d5099cc-4b7d-4f58-81e3-82bb958bf6f1" testId="ddc377a5-b1d4-437a-a09d-b6e4cee11b43" testName="FormatToStringTest1000 (2435.1995505835857,2435.20 zł)" computerName="DESKTOP-5URQ9PB" duration="00:00:00.0000062" startTime="2022-06-13T21:11:43.7116523+02:00" endTime="2022-06-13T21:11:43.7117183+02:00" testType="13cdc9d9-ddb5-4fa4-a97d-d965ccfc6d4b" outcome="Passed" testListId="8c84fa94-04c1-424b-9868-57a2d4851a1d" relativeResultsDirectory="9d5099cc-4b7d-4f58-81e3-82bb958bf6f1" />
    <UnitTestResult executionId="060345b9-56b3-4629-9ea4-5f59a46d8425" testId="dfe0d376-fe32-4793-bc30-9b1cfc5a1350" testName="FormatToStringTest1000 (7004.710832051798,7004.71 zł)" computerName="DESKTOP-5URQ9PB" duration="00:00:00.0000064" startTime="2022-06-13T21:11:43.9467151+02:00" endTime="2022-06-13T21:11:43.9467805+02:00" testType="13cdc9d9-ddb5-4fa4-a97d-d965ccfc6d4b" outcome="Passed" testListId="8c84fa94-04c1-424b-9868-57a2d4851a1d" relativeResultsDirectory="060345b9-56b3-4629-9ea4-5f59a46d8425" />
    <UnitTestResult executionId="e0de64d2-b713-40bf-a7e4-a57b49564da4" testId="90d5ae96-faf3-4f03-8ba8-4c524d35f043" testName="FormatToStringTest1000 (598.1279707877561,598.13 zł)" computerName="DESKTOP-5URQ9PB" duration="00:00:00.0000064" startTime="2022-06-13T21:11:43.8921207+02:00" endTime="2022-06-13T21:11:43.8921865+02:00" testType="13cdc9d9-ddb5-4fa4-a97d-d965ccfc6d4b" outcome="Passed" testListId="8c84fa94-04c1-424b-9868-57a2d4851a1d" relativeResultsDirectory="e0de64d2-b713-40bf-a7e4-a57b49564da4" />
    <UnitTestResult executionId="702914f5-2474-4d4d-aef5-70bfe989b55f" testId="4ad1c005-7bbb-4f69-91c2-be0d5294ad9c" testName="FormatToStringTest1000 (4919.073526169674,4919.07 zł)" computerName="DESKTOP-5URQ9PB" duration="00:00:00.0000064" startTime="2022-06-13T21:11:43.7376011+02:00" endTime="2022-06-13T21:11:43.7376679+02:00" testType="13cdc9d9-ddb5-4fa4-a97d-d965ccfc6d4b" outcome="Passed" testListId="8c84fa94-04c1-424b-9868-57a2d4851a1d" relativeResultsDirectory="702914f5-2474-4d4d-aef5-70bfe989b55f" />
    <UnitTestResult executionId="2ab00341-1d7b-4d66-837e-145dce1d42e7" testId="44be234c-7d6f-466a-9e1a-1d348d27ad23" testName="FormatToStringTest1000 (16282.687804925576,16282.69 zł)" computerName="DESKTOP-5URQ9PB" duration="00:00:00.0000061" startTime="2022-06-13T21:11:43.7032868+02:00" endTime="2022-06-13T21:11:43.7033524+02:00" testType="13cdc9d9-ddb5-4fa4-a97d-d965ccfc6d4b" outcome="Passed" testListId="8c84fa94-04c1-424b-9868-57a2d4851a1d" relativeResultsDirectory="2ab00341-1d7b-4d66-837e-145dce1d42e7" />
    <UnitTestResult executionId="ed3e16f2-ed65-4454-823d-067287d59319" testId="0186e680-a300-42db-9551-433a3a2e147f" testName="FormatToStringTest1000 (675.4589376107133,675.46 zł)" computerName="DESKTOP-5URQ9PB" duration="00:00:00.0000064" startTime="2022-06-13T21:11:43.9469720+02:00" endTime="2022-06-13T21:11:43.9470368+02:00" testType="13cdc9d9-ddb5-4fa4-a97d-d965ccfc6d4b" outcome="Passed" testListId="8c84fa94-04c1-424b-9868-57a2d4851a1d" relativeResultsDirectory="ed3e16f2-ed65-4454-823d-067287d59319" />
    <UnitTestResult executionId="4f6e9145-a446-4c38-aea9-54c71a43768c" testId="e0782fab-a1de-4aad-b34e-2cbecbca98f3" testName="FormatToStringTest1000 (35384.637112688106,35384.64 zł)" computerName="DESKTOP-5URQ9PB" duration="00:00:00.0000062" startTime="2022-06-13T21:11:43.9145129+02:00" endTime="2022-06-13T21:11:43.9145764+02:00" testType="13cdc9d9-ddb5-4fa4-a97d-d965ccfc6d4b" outcome="Passed" testListId="8c84fa94-04c1-424b-9868-57a2d4851a1d" relativeResultsDirectory="4f6e9145-a446-4c38-aea9-54c71a43768c" />
    <UnitTestResult executionId="2cea9367-3f6f-4aa4-8fc1-b514d92b8394" testId="f57fc820-4fc5-4cbb-a8d9-1b27475f9807" testName="FormatToStringTest1000 (4715.320654313695,4715.32 zł)" computerName="DESKTOP-5URQ9PB" duration="00:00:00.0000065" startTime="2022-06-13T21:11:43.8725764+02:00" endTime="2022-06-13T21:11:43.8726431+02:00" testType="13cdc9d9-ddb5-4fa4-a97d-d965ccfc6d4b" outcome="Passed" testListId="8c84fa94-04c1-424b-9868-57a2d4851a1d" relativeResultsDirectory="2cea9367-3f6f-4aa4-8fc1-b514d92b8394" />
    <UnitTestResult executionId="aff8d56d-3d2d-4086-8e67-617ec89385f8" testId="afa2af94-86c1-4295-8c57-6aeaf0604c62" testName="FormatToStringTest1000 (1751.7703038522834,1751.77 zł)" computerName="DESKTOP-5URQ9PB" duration="00:00:00.0000064" startTime="2022-06-13T21:11:43.8232488+02:00" endTime="2022-06-13T21:11:43.8233153+02:00" testType="13cdc9d9-ddb5-4fa4-a97d-d965ccfc6d4b" outcome="Passed" testListId="8c84fa94-04c1-424b-9868-57a2d4851a1d" relativeResultsDirectory="aff8d56d-3d2d-4086-8e67-617ec89385f8" />
    <UnitTestResult executionId="fa151088-d938-40ca-8619-fc834a22cdab" testId="c4a1d2b7-5b8f-4d48-ad3c-c9e17d8eb0ce" testName="FormatToStringTest1000 (6838.422316571894,6838.42 zł)" computerName="DESKTOP-5URQ9PB" duration="00:00:00.0000063" startTime="2022-06-13T21:11:43.7112349+02:00" endTime="2022-06-13T21:11:43.7113015+02:00" testType="13cdc9d9-ddb5-4fa4-a97d-d965ccfc6d4b" outcome="Passed" testListId="8c84fa94-04c1-424b-9868-57a2d4851a1d" relativeResultsDirectory="fa151088-d938-40ca-8619-fc834a22cdab" />
    <UnitTestResult executionId="f32624f8-64ff-466c-9294-7cc81c4d761e" testId="efe243da-1df3-48f4-b685-b8ebd3afba8b" testName="FormatToStringTest1000 (23684.695462791573,23684.70 zł)" computerName="DESKTOP-5URQ9PB" duration="00:00:00.0000067" startTime="2022-06-13T21:11:43.8959603+02:00" endTime="2022-06-13T21:11:43.8960309+02:00" testType="13cdc9d9-ddb5-4fa4-a97d-d965ccfc6d4b" outcome="Passed" testListId="8c84fa94-04c1-424b-9868-57a2d4851a1d" relativeResultsDirectory="f32624f8-64ff-466c-9294-7cc81c4d761e" />
    <UnitTestResult executionId="eb78da8f-3b3c-46ce-821d-4287de3b5220" testId="29809524-72a7-48cf-bcbd-d9be2ef2d4cf" testName="FormatToStringTest1000 (88489.14069749469,88489.14 zł)" computerName="DESKTOP-5URQ9PB" duration="00:00:00.0000098" startTime="2022-06-13T21:11:43.9668673+02:00" endTime="2022-06-13T21:11:43.9669785+02:00" testType="13cdc9d9-ddb5-4fa4-a97d-d965ccfc6d4b" outcome="Passed" testListId="8c84fa94-04c1-424b-9868-57a2d4851a1d" relativeResultsDirectory="eb78da8f-3b3c-46ce-821d-4287de3b5220" />
    <UnitTestResult executionId="4f370665-bd4a-48c3-92c1-a21171e7dc80" testId="11ccad03-a4e3-4b47-9b08-f60bc45b4bef" testName="FormatToStringTest1000 (22678.643495744862,22678.64 zł)" computerName="DESKTOP-5URQ9PB" duration="00:00:00.0000151" startTime="2022-06-13T21:11:43.9024002+02:00" endTime="2022-06-13T21:11:43.9024789+02:00" testType="13cdc9d9-ddb5-4fa4-a97d-d965ccfc6d4b" outcome="Passed" testListId="8c84fa94-04c1-424b-9868-57a2d4851a1d" relativeResultsDirectory="4f370665-bd4a-48c3-92c1-a21171e7dc80" />
    <UnitTestResult executionId="d1b38f4d-61f9-4a5d-88f6-9271e4656f45" testId="a0efaf19-cde3-472c-bbc8-dcb701fde4db" testName="FormatToStringTest1000 (55010.474927814896,55010.47 zł)" computerName="DESKTOP-5URQ9PB" duration="00:00:00.0000071" startTime="2022-06-13T21:11:43.9022261+02:00" endTime="2022-06-13T21:11:43.9022922+02:00" testType="13cdc9d9-ddb5-4fa4-a97d-d965ccfc6d4b" outcome="Passed" testListId="8c84fa94-04c1-424b-9868-57a2d4851a1d" relativeResultsDirectory="d1b38f4d-61f9-4a5d-88f6-9271e4656f45" />
    <UnitTestResult executionId="b83af50d-4b48-4091-beae-b7f623dee772" testId="4cb66c44-0604-4fc6-93f2-3f8c6164f7e3" testName="FormatToStringTest1000 (19500.031951036784,19500.03 zł)" computerName="DESKTOP-5URQ9PB" duration="00:00:00.0000061" startTime="2022-06-13T21:11:43.7034527+02:00" endTime="2022-06-13T21:11:43.7035181+02:00" testType="13cdc9d9-ddb5-4fa4-a97d-d965ccfc6d4b" outcome="Passed" testListId="8c84fa94-04c1-424b-9868-57a2d4851a1d" relativeResultsDirectory="b83af50d-4b48-4091-beae-b7f623dee772" />
    <UnitTestResult executionId="d83d1f7e-d9d6-4f76-a8a7-5ad8d3ee8e35" testId="01ecbfe4-d679-4196-9a21-ce07755aafcd" testName="FormatToStringTest1000 (1313.0279238368514,1313.03 zł)" computerName="DESKTOP-5URQ9PB" duration="00:00:00.0000063" startTime="2022-06-13T21:11:43.9103153+02:00" endTime="2022-06-13T21:11:43.9103798+02:00" testType="13cdc9d9-ddb5-4fa4-a97d-d965ccfc6d4b" outcome="Passed" testListId="8c84fa94-04c1-424b-9868-57a2d4851a1d" relativeResultsDirectory="d83d1f7e-d9d6-4f76-a8a7-5ad8d3ee8e35" />
    <UnitTestResult executionId="ae60073c-f329-4995-a099-119ce3c8b64f" testId="c0e350c4-d3f7-4f19-a759-86a1e74b1c74" testName="FormatToStringTest1000 (20249.56614074277,20249.57 zł)" computerName="DESKTOP-5URQ9PB" duration="00:00:00.0000066" startTime="2022-06-13T21:11:43.6997541+02:00" endTime="2022-06-13T21:11:43.6998215+02:00" testType="13cdc9d9-ddb5-4fa4-a97d-d965ccfc6d4b" outcome="Passed" testListId="8c84fa94-04c1-424b-9868-57a2d4851a1d" relativeResultsDirectory="ae60073c-f329-4995-a099-119ce3c8b64f" />
    <UnitTestResult executionId="cc9c3ac7-39da-470b-b7c8-5c9603981812" testId="3ac15f16-d680-4d6a-880b-394ccd3a2b15" testName="FormatToStringTest1000 (6323.24079469882,6323.24 zł)" computerName="DESKTOP-5URQ9PB" duration="00:00:00.0000064" startTime="2022-06-13T21:11:43.7405549+02:00" endTime="2022-06-13T21:11:43.7406183+02:00" testType="13cdc9d9-ddb5-4fa4-a97d-d965ccfc6d4b" outcome="Passed" testListId="8c84fa94-04c1-424b-9868-57a2d4851a1d" relativeResultsDirectory="cc9c3ac7-39da-470b-b7c8-5c9603981812" />
    <UnitTestResult executionId="add9e8ac-edd5-4dd7-b249-b6a09d7d878a" testId="e97d75b8-65b1-4f36-b291-31e3eb9c4e37" testName="FormatToStringTest1000 (38845.74924104323,38845.75 zł)" computerName="DESKTOP-5URQ9PB" duration="00:00:00.0000063" startTime="2022-06-13T21:11:43.9415283+02:00" endTime="2022-06-13T21:11:43.9415929+02:00" testType="13cdc9d9-ddb5-4fa4-a97d-d965ccfc6d4b" outcome="Passed" testListId="8c84fa94-04c1-424b-9868-57a2d4851a1d" relativeResultsDirectory="add9e8ac-edd5-4dd7-b249-b6a09d7d878a" />
    <UnitTestResult executionId="66273dee-8318-4054-859a-240eed6cd281" testId="e50bd4c4-f3a4-4ca9-8415-4163a72ed363" testName="FormatToStringTest1000 (32812.53695512634,32812.54 zł)" computerName="DESKTOP-5URQ9PB" duration="00:00:00.0000110" startTime="2022-06-13T21:11:43.7700816+02:00" endTime="2022-06-13T21:11:43.7702155+02:00" testType="13cdc9d9-ddb5-4fa4-a97d-d965ccfc6d4b" outcome="Passed" testListId="8c84fa94-04c1-424b-9868-57a2d4851a1d" relativeResultsDirectory="66273dee-8318-4054-859a-240eed6cd281" />
    <UnitTestResult executionId="02447dd3-42ff-4020-abdc-83cd87f69e17" testId="25f09b41-e25b-405d-b176-27928c743450" testName="FormatToStringTest1000 (35145.379208063416,35145.38 zł)" computerName="DESKTOP-5URQ9PB" duration="00:00:00.0000068" startTime="2022-06-13T21:11:43.6771958+02:00" endTime="2022-06-13T21:11:43.6772712+02:00" testType="13cdc9d9-ddb5-4fa4-a97d-d965ccfc6d4b" outcome="Passed" testListId="8c84fa94-04c1-424b-9868-57a2d4851a1d" relativeResultsDirectory="02447dd3-42ff-4020-abdc-83cd87f69e17" />
    <UnitTestResult executionId="8b751ecb-8600-4ad9-b95c-5395968d5ae4" testId="817af8a4-f59c-4a9d-ab8c-a4bf55db92b1" testName="FormatToStringTest1000 (76106.57198894516,76106.57 zł)" computerName="DESKTOP-5URQ9PB" duration="00:00:00.0000070" startTime="2022-06-13T21:11:43.9719032+02:00" endTime="2022-06-13T21:11:43.9719868+02:00" testType="13cdc9d9-ddb5-4fa4-a97d-d965ccfc6d4b" outcome="Passed" testListId="8c84fa94-04c1-424b-9868-57a2d4851a1d" relativeResultsDirectory="8b751ecb-8600-4ad9-b95c-5395968d5ae4" />
    <UnitTestResult executionId="f6d483c7-b694-4632-86c4-c8fe20b764d9" testId="c63805b9-d4cb-4c74-9e77-c0e33fbdd5c8" testName="FormatToStringTest1000 (6057.842750804426,6057.84 zł)" computerName="DESKTOP-5URQ9PB" duration="00:00:00.0000063" startTime="2022-06-13T21:11:43.6940186+02:00" endTime="2022-06-13T21:11:43.6940848+02:00" testType="13cdc9d9-ddb5-4fa4-a97d-d965ccfc6d4b" outcome="Passed" testListId="8c84fa94-04c1-424b-9868-57a2d4851a1d" relativeResultsDirectory="f6d483c7-b694-4632-86c4-c8fe20b764d9" />
    <UnitTestResult executionId="74583952-9b34-47f7-a985-c0c47cea2367" testId="4ef93d63-a298-4b61-b91b-abb70ea1eec3" testName="FormatToStringTest1000 (9774.341362926803,9774.34 zł)" computerName="DESKTOP-5URQ9PB" duration="00:00:00.0000064" startTime="2022-06-13T21:11:43.7001038+02:00" endTime="2022-06-13T21:11:43.7001707+02:00" testType="13cdc9d9-ddb5-4fa4-a97d-d965ccfc6d4b" outcome="Passed" testListId="8c84fa94-04c1-424b-9868-57a2d4851a1d" relativeResultsDirectory="74583952-9b34-47f7-a985-c0c47cea2367" />
    <UnitTestResult executionId="ec9bb20b-83fb-4fc1-bb40-1858bcf24406" testId="a948b34b-d5f4-452c-9d2e-bb2483dbc89e" testName="FormatToStringTest1000 (40857.08543233996,40857.09 zł)" computerName="DESKTOP-5URQ9PB" duration="00:00:00.0000072" startTime="2022-06-13T21:11:43.6699845+02:00" endTime="2022-06-13T21:11:43.6700722+02:00" testType="13cdc9d9-ddb5-4fa4-a97d-d965ccfc6d4b" outcome="Passed" testListId="8c84fa94-04c1-424b-9868-57a2d4851a1d" relativeResultsDirectory="ec9bb20b-83fb-4fc1-bb40-1858bcf24406" />
    <UnitTestResult executionId="354c13f0-b118-40b5-b6ec-4d1dc53d5ea2" testId="5144a6ca-abe2-4564-890b-536c49d6c99f" testName="FormatToStringTest1000 (1325.1625259114255,1325.16 zł)" computerName="DESKTOP-5URQ9PB" duration="00:00:00.0000065" startTime="2022-06-13T21:11:43.8817166+02:00" endTime="2022-06-13T21:11:43.8817903+02:00" testType="13cdc9d9-ddb5-4fa4-a97d-d965ccfc6d4b" outcome="Passed" testListId="8c84fa94-04c1-424b-9868-57a2d4851a1d" relativeResultsDirectory="354c13f0-b118-40b5-b6ec-4d1dc53d5ea2" />
    <UnitTestResult executionId="d4f000f7-31e9-4f18-849b-456e8e5ae021" testId="d686278d-fde3-407b-a86f-1dc8a15160f2" testName="FormatToStringTest1000 (16210.791556035536,16210.79 zł)" computerName="DESKTOP-5URQ9PB" duration="00:00:00.0000063" startTime="2022-06-13T21:11:43.9161932+02:00" endTime="2022-06-13T21:11:43.9162568+02:00" testType="13cdc9d9-ddb5-4fa4-a97d-d965ccfc6d4b" outcome="Passed" testListId="8c84fa94-04c1-424b-9868-57a2d4851a1d" relativeResultsDirectory="d4f000f7-31e9-4f18-849b-456e8e5ae021" />
    <UnitTestResult executionId="d6302c79-3eb5-48b6-9fbe-d995a4ab896d" testId="1f20b87c-aa4a-4c69-ad31-cbe392540460" testName="FormatToStringTest1000 (73372.53853826903,73372.54 zł)" computerName="DESKTOP-5URQ9PB" duration="00:00:00.0000064" startTime="2022-06-13T21:11:43.7407180+02:00" endTime="2022-06-13T21:11:43.7407837+02:00" testType="13cdc9d9-ddb5-4fa4-a97d-d965ccfc6d4b" outcome="Passed" testListId="8c84fa94-04c1-424b-9868-57a2d4851a1d" relativeResultsDirectory="d6302c79-3eb5-48b6-9fbe-d995a4ab896d" />
    <UnitTestResult executionId="713132cc-2ca9-4116-a95e-54d1baacec53" testId="c281035c-e95d-41f8-80f0-08cffbbfe371" testName="FormatToStringTest1000 (7951.322730072458,7951.32 zł)" computerName="DESKTOP-5URQ9PB" duration="00:00:00.0000065" startTime="2022-06-13T21:11:43.7181235+02:00" endTime="2022-06-13T21:11:43.7181905+02:00" testType="13cdc9d9-ddb5-4fa4-a97d-d965ccfc6d4b" outcome="Passed" testListId="8c84fa94-04c1-424b-9868-57a2d4851a1d" relativeResultsDirectory="713132cc-2ca9-4116-a95e-54d1baacec53" />
    <UnitTestResult executionId="c87b6dd7-74b9-46a5-8c2d-fb97c2d3cd39" testId="b1ec192a-4006-4ce1-aed5-20668244817f" testName="FormatToStringTest1000 (158.49784791027093,158.50 zł)" computerName="DESKTOP-5URQ9PB" duration="00:00:00.0000064" startTime="2022-06-13T21:11:43.7114864+02:00" endTime="2022-06-13T21:11:43.7115520+02:00" testType="13cdc9d9-ddb5-4fa4-a97d-d965ccfc6d4b" outcome="Passed" testListId="8c84fa94-04c1-424b-9868-57a2d4851a1d" relativeResultsDirectory="c87b6dd7-74b9-46a5-8c2d-fb97c2d3cd39" />
    <UnitTestResult executionId="eb0645e6-7f6c-4f33-a9c4-1598eb82270b" testId="974a6d52-98b8-4097-8dcd-ccdb2cc80055" testName="FormatToStringTest1000 (32566.30279101259,32566.30 zł)" computerName="DESKTOP-5URQ9PB" duration="00:00:00.0000065" startTime="2022-06-13T21:11:43.6874161+02:00" endTime="2022-06-13T21:11:43.6874861+02:00" testType="13cdc9d9-ddb5-4fa4-a97d-d965ccfc6d4b" outcome="Passed" testListId="8c84fa94-04c1-424b-9868-57a2d4851a1d" relativeResultsDirectory="eb0645e6-7f6c-4f33-a9c4-1598eb82270b" />
    <UnitTestResult executionId="dea16eb0-3097-4c6a-b40c-6b6c29638e27" testId="13732046-f8b5-4ed9-a805-114fe8c4e84e" testName="FormatToStringTest1000 (56802.303118930344,56802.30 zł)" computerName="DESKTOP-5URQ9PB" duration="00:00:00.0000066" startTime="2022-06-13T21:11:43.8814340+02:00" endTime="2022-06-13T21:11:43.8815022+02:00" testType="13cdc9d9-ddb5-4fa4-a97d-d965ccfc6d4b" outcome="Passed" testListId="8c84fa94-04c1-424b-9868-57a2d4851a1d" relativeResultsDirectory="dea16eb0-3097-4c6a-b40c-6b6c29638e27" />
    <UnitTestResult executionId="879935ae-41d7-4c14-bf38-fb30689d0fd5" testId="a275237d-ea82-48ac-8a2a-a8ceb1b89476" testName="FormatToStringTest1000 (8851.904041135638,8851.90 zł)" computerName="DESKTOP-5URQ9PB" duration="00:00:00.0000065" startTime="2022-06-13T21:11:43.8360082+02:00" endTime="2022-06-13T21:11:43.8360761+02:00" testType="13cdc9d9-ddb5-4fa4-a97d-d965ccfc6d4b" outcome="Passed" testListId="8c84fa94-04c1-424b-9868-57a2d4851a1d" relativeResultsDirectory="879935ae-41d7-4c14-bf38-fb30689d0fd5" />
    <UnitTestResult executionId="c2888f60-ba79-4b97-9ada-dd6b5b1110a3" testId="9588e1ca-777b-4f28-b029-b7e0bcf7d820" testName="FormatToStringTest1000 (12528.413830086782,12528.41 zł)" computerName="DESKTOP-5URQ9PB" duration="00:00:00.0000063" startTime="2022-06-13T21:11:43.8202769+02:00" endTime="2022-06-13T21:11:43.8203435+02:00" testType="13cdc9d9-ddb5-4fa4-a97d-d965ccfc6d4b" outcome="Passed" testListId="8c84fa94-04c1-424b-9868-57a2d4851a1d" relativeResultsDirectory="c2888f60-ba79-4b97-9ada-dd6b5b1110a3" />
    <UnitTestResult executionId="974a6e16-c737-454e-94b7-577b6a045701" testId="d1a5cbca-20ac-49ae-aaac-b36a41da6a4a" testName="FormatToStringTest1000 (26468.346804109562,26468.35 zł)" computerName="DESKTOP-5URQ9PB" duration="00:00:00.0000072" startTime="2022-06-13T21:11:43.7532959+02:00" endTime="2022-06-13T21:11:43.7533826+02:00" testType="13cdc9d9-ddb5-4fa4-a97d-d965ccfc6d4b" outcome="Passed" testListId="8c84fa94-04c1-424b-9868-57a2d4851a1d" relativeResultsDirectory="974a6e16-c737-454e-94b7-577b6a045701" />
    <UnitTestResult executionId="bf1d45d0-4a15-47d6-9dd8-3146202e596d" testId="95e60f23-6c8d-4f5f-adcd-36934a3e857b" testName="FormatToStringTest1000 (10397.404523554447,10397.40 zł)" computerName="DESKTOP-5URQ9PB" duration="00:00:00.0000065" startTime="2022-06-13T21:11:43.8936790+02:00" endTime="2022-06-13T21:11:43.8937464+02:00" testType="13cdc9d9-ddb5-4fa4-a97d-d965ccfc6d4b" outcome="Passed" testListId="8c84fa94-04c1-424b-9868-57a2d4851a1d" relativeResultsDirectory="bf1d45d0-4a15-47d6-9dd8-3146202e596d" />
    <UnitTestResult executionId="53cdee64-3a8d-4537-8e51-6aa31f665405" testId="62c82daf-1835-48c8-975b-6cb1b6670811" testName="FormatToStringTest1000 (45455.14554704127,45455.15 zł)" computerName="DESKTOP-5URQ9PB" duration="00:00:00.0000064" startTime="2022-06-13T21:11:43.7906201+02:00" endTime="2022-06-13T21:11:43.7906863+02:00" testType="13cdc9d9-ddb5-4fa4-a97d-d965ccfc6d4b" outcome="Passed" testListId="8c84fa94-04c1-424b-9868-57a2d4851a1d" relativeResultsDirectory="53cdee64-3a8d-4537-8e51-6aa31f665405" />
    <UnitTestResult executionId="984941f6-7fbb-410e-bf8c-579add9271b5" testId="a13c6547-7845-4c62-a5e3-b04de3625400" testName="FormatToStringTest1000 (317.9090540706688,317.91 zł)" computerName="DESKTOP-5URQ9PB" duration="00:00:00.0000104" startTime="2022-06-13T21:11:43.6768940+02:00" endTime="2022-06-13T21:11:43.6769891+02:00" testType="13cdc9d9-ddb5-4fa4-a97d-d965ccfc6d4b" outcome="Passed" testListId="8c84fa94-04c1-424b-9868-57a2d4851a1d" relativeResultsDirectory="984941f6-7fbb-410e-bf8c-579add9271b5" />
    <UnitTestResult executionId="6035be96-c243-4d2a-abc4-97161ac42daa" testId="6dcb9963-b032-4c60-856f-220b8f5b81b3" testName="FormatToStringTest1000 (4525.609305084501,4525.61 zł)" computerName="DESKTOP-5URQ9PB" duration="00:00:00.0000063" startTime="2022-06-13T21:11:43.8876898+02:00" endTime="2022-06-13T21:11:43.8877556+02:00" testType="13cdc9d9-ddb5-4fa4-a97d-d965ccfc6d4b" outcome="Passed" testListId="8c84fa94-04c1-424b-9868-57a2d4851a1d" relativeResultsDirectory="6035be96-c243-4d2a-abc4-97161ac42daa" />
    <UnitTestResult executionId="78ab166a-1ba1-4e2a-aeef-99116a4ee53b" testId="9041205c-326c-490c-a768-720a3d7dc6f6" testName="FormatToStringTest1000 (25288.32036814574,25288.32 zł)" computerName="DESKTOP-5URQ9PB" duration="00:00:00.0000117" startTime="2022-06-13T21:11:43.8847486+02:00" endTime="2022-06-13T21:11:43.8849167+02:00" testType="13cdc9d9-ddb5-4fa4-a97d-d965ccfc6d4b" outcome="Passed" testListId="8c84fa94-04c1-424b-9868-57a2d4851a1d" relativeResultsDirectory="78ab166a-1ba1-4e2a-aeef-99116a4ee53b" />
    <UnitTestResult executionId="e2a17b53-38ec-4406-960d-e80a698b5d12" testId="6aae79dc-7b42-43ff-93e2-b33b06e5f400" testName="FormatToStringTest1000 (96022.24851977557,96022.25 zł)" computerName="DESKTOP-5URQ9PB" duration="00:00:00.0000063" startTime="2022-06-13T21:11:43.9101538+02:00" endTime="2022-06-13T21:11:43.9102181+02:00" testType="13cdc9d9-ddb5-4fa4-a97d-d965ccfc6d4b" outcome="Passed" testListId="8c84fa94-04c1-424b-9868-57a2d4851a1d" relativeResultsDirectory="e2a17b53-38ec-4406-960d-e80a698b5d12" />
    <UnitTestResult executionId="d32d5015-e724-4313-8277-e946ee56ed60" testId="cdeefcf2-8af1-4108-8180-2397d4a46a5f" testName="FormatToStringTest1000 (32821.05661472215,32821.06 zł)" computerName="DESKTOP-5URQ9PB" duration="00:00:00.0000065" startTime="2022-06-13T21:11:43.8941115+02:00" endTime="2022-06-13T21:11:43.8941771+02:00" testType="13cdc9d9-ddb5-4fa4-a97d-d965ccfc6d4b" outcome="Passed" testListId="8c84fa94-04c1-424b-9868-57a2d4851a1d" relativeResultsDirectory="d32d5015-e724-4313-8277-e946ee56ed60" />
    <UnitTestResult executionId="04ead0fc-e2ec-4dbb-aa7d-285327b9c1e1" testId="d19b017f-a298-43ca-a3ae-d76689883166" testName="FormatToStringTest1000 (16208.076866391615,16208.08 zł)" computerName="DESKTOP-5URQ9PB" duration="00:00:00.0000121" startTime="2022-06-13T21:11:43.9646868+02:00" endTime="2022-06-13T21:11:43.9648400+02:00" testType="13cdc9d9-ddb5-4fa4-a97d-d965ccfc6d4b" outcome="Passed" testListId="8c84fa94-04c1-424b-9868-57a2d4851a1d" relativeResultsDirectory="04ead0fc-e2ec-4dbb-aa7d-285327b9c1e1" />
    <UnitTestResult executionId="dbf882ef-1e1f-419c-bcd4-0559c775d4a4" testId="3324009c-95c6-41e1-9b85-4d88068575aa" testName="FormatToStringTest1000 (40913.016669489916,40913.02 zł)" computerName="DESKTOP-5URQ9PB" duration="00:00:00.0000064" startTime="2022-06-13T21:11:43.9448260+02:00" endTime="2022-06-13T21:11:43.9448918+02:00" testType="13cdc9d9-ddb5-4fa4-a97d-d965ccfc6d4b" outcome="Passed" testListId="8c84fa94-04c1-424b-9868-57a2d4851a1d" relativeResultsDirectory="dbf882ef-1e1f-419c-bcd4-0559c775d4a4" />
    <UnitTestResult executionId="81ed9333-cf04-4412-ba91-9526e80ca4a0" testId="4e17eb71-8147-4627-ba22-0cf602cb5111" testName="FormatToStringTest1000 (12187.551827252633,12187.55 zł)" computerName="DESKTOP-5URQ9PB" duration="00:00:00.0000063" startTime="2022-06-13T21:11:43.7310181+02:00" endTime="2022-06-13T21:11:43.7310863+02:00" testType="13cdc9d9-ddb5-4fa4-a97d-d965ccfc6d4b" outcome="Passed" testListId="8c84fa94-04c1-424b-9868-57a2d4851a1d" relativeResultsDirectory="81ed9333-cf04-4412-ba91-9526e80ca4a0" />
    <UnitTestResult executionId="7ff02cd4-d249-44ee-acdf-219d6b08f9b2" testId="fd516db7-a5ac-4da6-932f-3b3dc8274d05" testName="FormatToStringTest1000 (3694.480496819355,3694.48 zł)" computerName="DESKTOP-5URQ9PB" duration="00:00:00.0000064" startTime="2022-06-13T21:11:43.7238022+02:00" endTime="2022-06-13T21:11:43.7238697+02:00" testType="13cdc9d9-ddb5-4fa4-a97d-d965ccfc6d4b" outcome="Passed" testListId="8c84fa94-04c1-424b-9868-57a2d4851a1d" relativeResultsDirectory="7ff02cd4-d249-44ee-acdf-219d6b08f9b2" />
    <UnitTestResult executionId="0b2eb588-e362-46e8-b815-677745191806" testId="d933da42-c338-4d37-a3ff-3a519355399b" testName="FormatToStringTest1000 (19603.69286519321,19603.69 zł)" computerName="DESKTOP-5URQ9PB" duration="00:00:00.0000064" startTime="2022-06-13T21:11:43.9697057+02:00" endTime="2022-06-13T21:11:43.9697698+02:00" testType="13cdc9d9-ddb5-4fa4-a97d-d965ccfc6d4b" outcome="Passed" testListId="8c84fa94-04c1-424b-9868-57a2d4851a1d" relativeResultsDirectory="0b2eb588-e362-46e8-b815-677745191806" />
    <UnitTestResult executionId="4e4f8d85-2996-46a9-b576-c9a68bd61de5" testId="7dc58cd8-8a44-449c-b0d2-a4d1f85a5b6c" testName="FormatToStringTest1000 (54578.37303904275,54578.37 zł)" computerName="DESKTOP-5URQ9PB" duration="00:00:00.0000065" startTime="2022-06-13T21:11:43.7536955+02:00" endTime="2022-06-13T21:11:43.7537724+02:00" testType="13cdc9d9-ddb5-4fa4-a97d-d965ccfc6d4b" outcome="Passed" testListId="8c84fa94-04c1-424b-9868-57a2d4851a1d" relativeResultsDirectory="4e4f8d85-2996-46a9-b576-c9a68bd61de5" />
    <UnitTestResult executionId="f13f1337-4a1a-43fb-9bc4-e8a5e3234c91" testId="45313855-aa56-4959-9378-5ba2adef0c24" testName="FormatToStringTest1000 (24695.917440203913,24695.92 zł)" computerName="DESKTOP-5URQ9PB" duration="00:00:00.0000258" startTime="2022-06-13T21:11:43.8653723+02:00" endTime="2022-06-13T21:11:43.8655474+02:00" testType="13cdc9d9-ddb5-4fa4-a97d-d965ccfc6d4b" outcome="Passed" testListId="8c84fa94-04c1-424b-9868-57a2d4851a1d" relativeResultsDirectory="f13f1337-4a1a-43fb-9bc4-e8a5e3234c91" />
    <UnitTestResult executionId="c3280142-942d-49d2-9549-511dd999f541" testId="475fe54a-af8b-4a8d-8b88-4c17e0418fe4" testName="FormatToStringTest1000 (8599.45217413616,8599.45 zł)" computerName="DESKTOP-5URQ9PB" duration="00:00:00.0000068" startTime="2022-06-13T21:11:43.7079904+02:00" endTime="2022-06-13T21:11:43.7080592+02:00" testType="13cdc9d9-ddb5-4fa4-a97d-d965ccfc6d4b" outcome="Passed" testListId="8c84fa94-04c1-424b-9868-57a2d4851a1d" relativeResultsDirectory="c3280142-942d-49d2-9549-511dd999f541" />
    <UnitTestResult executionId="0dce37bb-697a-4d7d-ac11-4029f6836d70" testId="1771dcd0-8b7d-4d9a-b07a-5fc5dd3e2cd9" testName="FormatToStringTest1000 (4121.116360678857,4121.12 zł)" computerName="DESKTOP-5URQ9PB" duration="00:00:00.0000064" startTime="2022-06-13T21:11:43.8095278+02:00" endTime="2022-06-13T21:11:43.8095953+02:00" testType="13cdc9d9-ddb5-4fa4-a97d-d965ccfc6d4b" outcome="Passed" testListId="8c84fa94-04c1-424b-9868-57a2d4851a1d" relativeResultsDirectory="0dce37bb-697a-4d7d-ac11-4029f6836d70" />
    <UnitTestResult executionId="b909520f-c721-4132-b93b-aaae182c061f" testId="92665b70-91c1-4e99-9852-b0d34488e093" testName="FormatToStringTest1000 (20497.107923553376,20497.11 zł)" computerName="DESKTOP-5URQ9PB" duration="00:00:00.0000064" startTime="2022-06-13T21:11:43.9492060+02:00" endTime="2022-06-13T21:11:43.9492702+02:00" testType="13cdc9d9-ddb5-4fa4-a97d-d965ccfc6d4b" outcome="Passed" testListId="8c84fa94-04c1-424b-9868-57a2d4851a1d" relativeResultsDirectory="b909520f-c721-4132-b93b-aaae182c061f" />
    <UnitTestResult executionId="5a24a4d1-8fad-41b6-b33c-cc1ecb6354a6" testId="d12debeb-6407-43b4-9cf5-5528fa6891e9" testName="FormatToStringTest1000 (48544.390887578666,48544.39 zł)" computerName="DESKTOP-5URQ9PB" duration="00:00:00.0000261" startTime="2022-06-13T21:11:43.8655943+02:00" endTime="2022-06-13T21:11:43.8657636+02:00" testType="13cdc9d9-ddb5-4fa4-a97d-d965ccfc6d4b" outcome="Passed" testListId="8c84fa94-04c1-424b-9868-57a2d4851a1d" relativeResultsDirectory="5a24a4d1-8fad-41b6-b33c-cc1ecb6354a6" />
    <UnitTestResult executionId="909509e3-c9ea-47f0-a455-be58eecd5cae" testId="94390001-3788-4b77-9a18-5cf86ff13ecb" testName="FormatToStringTest1000 (29845.02749849345,29845.03 zł)" computerName="DESKTOP-5URQ9PB" duration="00:00:00.0000069" startTime="2022-06-13T21:11:43.7439289+02:00" endTime="2022-06-13T21:11:43.7440026+02:00" testType="13cdc9d9-ddb5-4fa4-a97d-d965ccfc6d4b" outcome="Passed" testListId="8c84fa94-04c1-424b-9868-57a2d4851a1d" relativeResultsDirectory="909509e3-c9ea-47f0-a455-be58eecd5cae" />
    <UnitTestResult executionId="96b61fc2-3e4c-466d-b3b6-f95f460cf6ee" testId="167e4d41-3e19-43b6-b501-4137ec37b5f3" testName="FormatToStringTest1000 (49256.65708813195,49256.66 zł)" computerName="DESKTOP-5URQ9PB" duration="00:00:00.0000063" startTime="2022-06-13T21:11:43.8981318+02:00" endTime="2022-06-13T21:11:43.8981974+02:00" testType="13cdc9d9-ddb5-4fa4-a97d-d965ccfc6d4b" outcome="Passed" testListId="8c84fa94-04c1-424b-9868-57a2d4851a1d" relativeResultsDirectory="96b61fc2-3e4c-466d-b3b6-f95f460cf6ee" />
    <UnitTestResult executionId="d4963d82-d5ae-48f7-afb9-9b451779b25b" testId="40dd3e0e-89da-4c14-b5d7-90a5a471c6c7" testName="FormatToStringTest1000 (16673.5121774904,16673.51 zł)" computerName="DESKTOP-5URQ9PB" duration="00:00:00.0000066" startTime="2022-06-13T21:11:43.7935968+02:00" endTime="2022-06-13T21:11:43.7936618+02:00" testType="13cdc9d9-ddb5-4fa4-a97d-d965ccfc6d4b" outcome="Passed" testListId="8c84fa94-04c1-424b-9868-57a2d4851a1d" relativeResultsDirectory="d4963d82-d5ae-48f7-afb9-9b451779b25b" />
    <UnitTestResult executionId="97360f52-e53a-40b6-a152-89438bd3cf23" testId="24b6abc0-74fb-4f3b-a38e-c91131bad076" testName="FormatToStringTest1000 (39178.05988345298,39178.06 zł)" computerName="DESKTOP-5URQ9PB" duration="00:00:00.0000104" startTime="2022-06-13T21:11:43.6737299+02:00" endTime="2022-06-13T21:11:43.6738087+02:00" testType="13cdc9d9-ddb5-4fa4-a97d-d965ccfc6d4b" outcome="Passed" testListId="8c84fa94-04c1-424b-9868-57a2d4851a1d" relativeResultsDirectory="97360f52-e53a-40b6-a152-89438bd3cf23" />
    <UnitTestResult executionId="43250073-45dc-4638-883a-0180964b2c30" testId="b426ba20-66c3-4380-b560-376fb675b590" testName="FormatToStringTest1000 (15639.704937780603,15639.70 zł)" computerName="DESKTOP-5URQ9PB" duration="00:00:00.0000068" startTime="2022-06-13T21:11:43.6638536+02:00" endTime="2022-06-13T21:11:43.6639293+02:00" testType="13cdc9d9-ddb5-4fa4-a97d-d965ccfc6d4b" outcome="Passed" testListId="8c84fa94-04c1-424b-9868-57a2d4851a1d" relativeResultsDirectory="43250073-45dc-4638-883a-0180964b2c30" />
    <UnitTestResult executionId="b689aaa8-f234-45fa-8d51-b7a3a88d6688" testId="ad35628d-2c6f-40f3-a62f-d0995516dd8a" testName="FormatToStringTest1000 (24030.724859085738,24030.72 zł)" computerName="DESKTOP-5URQ9PB" duration="00:00:00.0000063" startTime="2022-06-13T21:11:43.9451728+02:00" endTime="2022-06-13T21:11:43.9452380+02:00" testType="13cdc9d9-ddb5-4fa4-a97d-d965ccfc6d4b" outcome="Passed" testListId="8c84fa94-04c1-424b-9868-57a2d4851a1d" relativeResultsDirectory="b689aaa8-f234-45fa-8d51-b7a3a88d6688" />
    <UnitTestResult executionId="f30bd096-b9cd-4ee0-b458-4c8192e49f8b" testId="d267ea4d-7cc7-44bb-b415-f620cece65d0" testName="FormatToStringTest1000 (40545.70748620001,40545.71 zł)" computerName="DESKTOP-5URQ9PB" duration="00:00:00.0000064" startTime="2022-06-13T21:11:43.9396659+02:00" endTime="2022-06-13T21:11:43.9397302+02:00" testType="13cdc9d9-ddb5-4fa4-a97d-d965ccfc6d4b" outcome="Passed" testListId="8c84fa94-04c1-424b-9868-57a2d4851a1d" relativeResultsDirectory="f30bd096-b9cd-4ee0-b458-4c8192e49f8b" />
    <UnitTestResult executionId="9b0a64ea-840f-4b86-a96e-1a3dac109728" testId="345aafa3-1141-4041-a804-c600ec774347" testName="FormatToStringTest1000 (21221.884746198488,21221.88 zł)" computerName="DESKTOP-5URQ9PB" duration="00:00:00.0000065" startTime="2022-06-13T21:11:43.8915157+02:00" endTime="2022-06-13T21:11:43.8915833+02:00" testType="13cdc9d9-ddb5-4fa4-a97d-d965ccfc6d4b" outcome="Passed" testListId="8c84fa94-04c1-424b-9868-57a2d4851a1d" relativeResultsDirectory="9b0a64ea-840f-4b86-a96e-1a3dac109728" />
    <UnitTestResult executionId="e7933f8b-768a-41bf-a6eb-34795e44c5cc" testId="9e1c3348-5a17-4e64-b3b3-4d6a2a1cc9bb" testName="FormatToStringTest1000 (78822.37212685234,78822.37 zł)" computerName="DESKTOP-5URQ9PB" duration="00:00:00.0000064" startTime="2022-06-13T21:11:43.6675057+02:00" endTime="2022-06-13T21:11:43.6675723+02:00" testType="13cdc9d9-ddb5-4fa4-a97d-d965ccfc6d4b" outcome="Passed" testListId="8c84fa94-04c1-424b-9868-57a2d4851a1d" relativeResultsDirectory="e7933f8b-768a-41bf-a6eb-34795e44c5cc" />
    <UnitTestResult executionId="2f3126cc-e193-4d22-bccb-12730654f42d" testId="3b159faf-ba42-4dd9-8f03-cb0669a2b725" testName="FormatToStringTest1000 (6266.232005888704,6266.23 zł)" computerName="DESKTOP-5URQ9PB" duration="00:00:00.0000066" startTime="2022-06-13T21:11:43.8816187+02:00" endTime="2022-06-13T21:11:43.8816991+02:00" testType="13cdc9d9-ddb5-4fa4-a97d-d965ccfc6d4b" outcome="Passed" testListId="8c84fa94-04c1-424b-9868-57a2d4851a1d" relativeResultsDirectory="2f3126cc-e193-4d22-bccb-12730654f42d" />
    <UnitTestResult executionId="26df76a2-e755-4ec8-aadd-4dbd56ecde79" testId="eaf6ba4f-8f3f-4c7c-b76e-aa2fde504fe0" testName="FormatToStringTest1000 (23282.56178903047,23282.56 zł)" computerName="DESKTOP-5URQ9PB" duration="00:00:00.0000065" startTime="2022-06-13T21:11:43.7343738+02:00" endTime="2022-06-13T21:11:43.7344405+02:00" testType="13cdc9d9-ddb5-4fa4-a97d-d965ccfc6d4b" outcome="Passed" testListId="8c84fa94-04c1-424b-9868-57a2d4851a1d" relativeResultsDirectory="26df76a2-e755-4ec8-aadd-4dbd56ecde79" />
    <UnitTestResult executionId="ec8070bd-e258-4501-bca8-c5de07607cd4" testId="88ce568b-e04d-4853-b9fa-ce32d5656a67" testName="FormatToStringTest1000 (59247.898931587064,59247.90 zł)" computerName="DESKTOP-5URQ9PB" duration="00:00:00.0000072" startTime="2022-06-13T21:11:43.8791506+02:00" endTime="2022-06-13T21:11:43.8792310+02:00" testType="13cdc9d9-ddb5-4fa4-a97d-d965ccfc6d4b" outcome="Passed" testListId="8c84fa94-04c1-424b-9868-57a2d4851a1d" relativeResultsDirectory="ec8070bd-e258-4501-bca8-c5de07607cd4" />
    <UnitTestResult executionId="3cfff85d-e990-4f10-ade1-79369e80e615" testId="b1f0ef53-c387-4eeb-8065-ec7e3c759cb8" testName="FormatToStringTest1000 (41876.979471482795,41876.98 zł)" computerName="DESKTOP-5URQ9PB" duration="00:00:00.0000066" startTime="2022-06-13T21:11:43.6804578+02:00" endTime="2022-06-13T21:11:43.6805314+02:00" testType="13cdc9d9-ddb5-4fa4-a97d-d965ccfc6d4b" outcome="Passed" testListId="8c84fa94-04c1-424b-9868-57a2d4851a1d" relativeResultsDirectory="3cfff85d-e990-4f10-ade1-79369e80e615" />
    <UnitTestResult executionId="3773ce87-caf5-405f-857f-6fe61455a94f" testId="c039043a-62ab-4242-82c7-bcc66976d49d" testName="FormatToStringTest1000 (75915.01943546813,75915.02 zł)" computerName="DESKTOP-5URQ9PB" duration="00:00:00.0000063" startTime="2022-06-13T21:11:43.7767070+02:00" endTime="2022-06-13T21:11:43.7767739+02:00" testType="13cdc9d9-ddb5-4fa4-a97d-d965ccfc6d4b" outcome="Passed" testListId="8c84fa94-04c1-424b-9868-57a2d4851a1d" relativeResultsDirectory="3773ce87-caf5-405f-857f-6fe61455a94f" />
    <UnitTestResult executionId="c7844d1b-91ca-41e8-9759-15b46d57ef2a" testId="0810338c-d7c6-4f5e-82aa-139c9ea010ec" testName="FormatToStringTest1000 (65947.64520381515,65947.65 zł)" computerName="DESKTOP-5URQ9PB" duration="00:00:00.0000065" startTime="2022-06-13T21:11:43.8358139+02:00" endTime="2022-06-13T21:11:43.8358812+02:00" testType="13cdc9d9-ddb5-4fa4-a97d-d965ccfc6d4b" outcome="Passed" testListId="8c84fa94-04c1-424b-9868-57a2d4851a1d" relativeResultsDirectory="c7844d1b-91ca-41e8-9759-15b46d57ef2a" />
    <UnitTestResult executionId="5a73eeb2-3b63-4d51-9262-30454f364a4d" testId="af355355-93f0-459c-be5d-499f515122f0" testName="FormatToStringTest1000 (30111.54342534372,30111.54 zł)" computerName="DESKTOP-5URQ9PB" duration="00:00:00.0000063" startTime="2022-06-13T21:11:43.9574333+02:00" endTime="2022-06-13T21:11:43.9574974+02:00" testType="13cdc9d9-ddb5-4fa4-a97d-d965ccfc6d4b" outcome="Passed" testListId="8c84fa94-04c1-424b-9868-57a2d4851a1d" relativeResultsDirectory="5a73eeb2-3b63-4d51-9262-30454f364a4d" />
    <UnitTestResult executionId="9f6d6cbd-770c-4bdd-a446-fd1a541e4bc5" testId="5f1d4341-3d16-4240-867d-965fb8e6b711" testName="FormatToStringTest1000 (134.1514758393874,134.15 zł)" computerName="DESKTOP-5URQ9PB" duration="00:00:00.0000064" startTime="2022-06-13T21:11:43.8983788+02:00" endTime="2022-06-13T21:11:43.8984445+02:00" testType="13cdc9d9-ddb5-4fa4-a97d-d965ccfc6d4b" outcome="Passed" testListId="8c84fa94-04c1-424b-9868-57a2d4851a1d" relativeResultsDirectory="9f6d6cbd-770c-4bdd-a446-fd1a541e4bc5" />
    <UnitTestResult executionId="fba2e583-b093-4f2b-be8b-17ca26c40f46" testId="73dda392-4320-421c-b214-16efe06e4c96" testName="FormatToStringTest1000 (14480.387652530982,14480.39 zł)" computerName="DESKTOP-5URQ9PB" duration="00:00:00.0000063" startTime="2022-06-13T21:11:43.7374331+02:00" endTime="2022-06-13T21:11:43.7374995+02:00" testType="13cdc9d9-ddb5-4fa4-a97d-d965ccfc6d4b" outcome="Passed" testListId="8c84fa94-04c1-424b-9868-57a2d4851a1d" relativeResultsDirectory="fba2e583-b093-4f2b-be8b-17ca26c40f46" />
    <UnitTestResult executionId="c8db5827-5684-49a2-b04d-c1f6e31b80c5" testId="3805d517-aebd-4f86-b7a8-5c7bd7821f23" testName="FormatToStringTest1000 (30138.55109863102,30138.55 zł)" computerName="DESKTOP-5URQ9PB" duration="00:00:00.0000065" startTime="2022-06-13T21:11:43.8892834+02:00" endTime="2022-06-13T21:11:43.8893559+02:00" testType="13cdc9d9-ddb5-4fa4-a97d-d965ccfc6d4b" outcome="Passed" testListId="8c84fa94-04c1-424b-9868-57a2d4851a1d" relativeResultsDirectory="c8db5827-5684-49a2-b04d-c1f6e31b80c5" />
    <UnitTestResult executionId="43ffa4e6-0c79-4b9d-82a9-ef2c7682d599" testId="bb56d14d-87df-435e-afb1-7d0f9f0fe4de" testName="FormatToStringTest1000 (43858.624379632354,43858.62 zł)" computerName="DESKTOP-5URQ9PB" duration="00:00:00.0000062" startTime="2022-06-13T21:11:43.9163544+02:00" endTime="2022-06-13T21:11:43.9164185+02:00" testType="13cdc9d9-ddb5-4fa4-a97d-d965ccfc6d4b" outcome="Passed" testListId="8c84fa94-04c1-424b-9868-57a2d4851a1d" relativeResultsDirectory="43ffa4e6-0c79-4b9d-82a9-ef2c7682d599" />
    <UnitTestResult executionId="42174b14-9e53-468f-bb7f-90ee4e2fc8e9" testId="5fa5f2a8-7b15-44ba-9c6d-d0d69b7c1ee2" testName="FormatToStringTest1000 (39314.52353688401,39314.52 zł)" computerName="DESKTOP-5URQ9PB" duration="00:00:00.0000064" startTime="2022-06-13T21:11:43.9060809+02:00" endTime="2022-06-13T21:11:43.9061452+02:00" testType="13cdc9d9-ddb5-4fa4-a97d-d965ccfc6d4b" outcome="Passed" testListId="8c84fa94-04c1-424b-9868-57a2d4851a1d" relativeResultsDirectory="42174b14-9e53-468f-bb7f-90ee4e2fc8e9" />
    <UnitTestResult executionId="8fbd2199-a697-4bdf-a861-2e0157760bca" testId="eb5f4228-3030-43d3-80b7-3034719c6ada" testName="FormatToStringTest1000 (74851.91547305691,74851.92 zł)" computerName="DESKTOP-5URQ9PB" duration="00:00:00.0000063" startTime="2022-06-13T21:11:43.9450087+02:00" endTime="2022-06-13T21:11:43.9450742+02:00" testType="13cdc9d9-ddb5-4fa4-a97d-d965ccfc6d4b" outcome="Passed" testListId="8c84fa94-04c1-424b-9868-57a2d4851a1d" relativeResultsDirectory="8fbd2199-a697-4bdf-a861-2e0157760bca" />
    <UnitTestResult executionId="97440efd-932e-4041-95e6-937e29a2eb10" testId="18ce434e-5fac-42ca-a9ad-6a37762e5bd3" testName="FormatToStringTest1000 (28192.949128067565,28192.95 zł)" computerName="DESKTOP-5URQ9PB" duration="00:00:00.0000064" startTime="2022-06-13T21:11:43.6607776+02:00" endTime="2022-06-13T21:11:43.6608460+02:00" testType="13cdc9d9-ddb5-4fa4-a97d-d965ccfc6d4b" outcome="Passed" testListId="8c84fa94-04c1-424b-9868-57a2d4851a1d" relativeResultsDirectory="97440efd-932e-4041-95e6-937e29a2eb10" />
    <UnitTestResult executionId="d3a58e3d-86bd-44a6-b712-dc3e2a7080f0" testId="c634749b-3a90-4748-b830-0f528f90258a" testName="FormatToStringTest1000 (1662.8482664818168,1662.85 zł)" computerName="DESKTOP-5URQ9PB" duration="00:00:00.0000137" startTime="2022-06-13T21:11:43.8891458+02:00" endTime="2022-06-13T21:11:43.8892597+02:00" testType="13cdc9d9-ddb5-4fa4-a97d-d965ccfc6d4b" outcome="Passed" testListId="8c84fa94-04c1-424b-9868-57a2d4851a1d" relativeResultsDirectory="d3a58e3d-86bd-44a6-b712-dc3e2a7080f0" />
    <UnitTestResult executionId="3fd128fa-dff9-4c23-8c94-26bbc08b18a4" testId="5eeb7adc-ed34-4d2d-a1e2-e057b958ce20" testName="FormatToStringTest1000 (19796.212103914568,19796.21 zł)" computerName="DESKTOP-5URQ9PB" duration="00:00:00.0000064" startTime="2022-06-13T21:11:43.8200249+02:00" endTime="2022-06-13T21:11:43.8200913+02:00" testType="13cdc9d9-ddb5-4fa4-a97d-d965ccfc6d4b" outcome="Passed" testListId="8c84fa94-04c1-424b-9868-57a2d4851a1d" relativeResultsDirectory="3fd128fa-dff9-4c23-8c94-26bbc08b18a4" />
    <UnitTestResult executionId="6b47ce92-11f8-4dd7-bb70-6a802d6581e1" testId="5f9668fb-3a2b-4e08-8797-2da9021916ca" testName="FormatToStringTest1000 (18340.935049000167,18340.94 zł)" computerName="DESKTOP-5URQ9PB" duration="00:00:00.0000064" startTime="2022-06-13T21:11:43.7148287+02:00" endTime="2022-06-13T21:11:43.7148955+02:00" testType="13cdc9d9-ddb5-4fa4-a97d-d965ccfc6d4b" outcome="Passed" testListId="8c84fa94-04c1-424b-9868-57a2d4851a1d" relativeResultsDirectory="6b47ce92-11f8-4dd7-bb70-6a802d6581e1" />
    <UnitTestResult executionId="c5879fde-3bb7-4b8e-87dd-fb18848de1c9" testId="2c99a9b7-ed1e-4ee0-b07b-27a6b08dd413" testName="FormatToStringTest1000 (30320.450517486992,30320.45 zł)" computerName="DESKTOP-5URQ9PB" duration="00:00:00.0000076" startTime="2022-06-13T21:11:43.8198388+02:00" endTime="2022-06-13T21:11:43.8199102+02:00" testType="13cdc9d9-ddb5-4fa4-a97d-d965ccfc6d4b" outcome="Passed" testListId="8c84fa94-04c1-424b-9868-57a2d4851a1d" relativeResultsDirectory="c5879fde-3bb7-4b8e-87dd-fb18848de1c9" />
    <UnitTestResult executionId="1378d62b-fb0a-4b2e-9b58-b755a309453d" testId="c983c45a-7dad-4708-9ab5-53b9dab778f5" testName="FormatToStringTest1000 (38253.101637909705,38253.10 zł)" computerName="DESKTOP-5URQ9PB" duration="00:00:00.0000065" startTime="2022-06-13T21:11:43.8941938+02:00" endTime="2022-06-13T21:11:43.8942596+02:00" testType="13cdc9d9-ddb5-4fa4-a97d-d965ccfc6d4b" outcome="Passed" testListId="8c84fa94-04c1-424b-9868-57a2d4851a1d" relativeResultsDirectory="1378d62b-fb0a-4b2e-9b58-b755a309453d" />
    <UnitTestResult executionId="ace53435-a07d-4220-85ed-53fa4150f7c8" testId="bbee07ad-253e-4247-8f3c-91a605bfb9b4" testName="FormatToStringTest1000 (7975.276658828965,7975.28 zł)" computerName="DESKTOP-5URQ9PB" duration="00:00:00.0000067" startTime="2022-06-13T21:11:43.8354734+02:00" endTime="2022-06-13T21:11:43.8355426+02:00" testType="13cdc9d9-ddb5-4fa4-a97d-d965ccfc6d4b" outcome="Passed" testListId="8c84fa94-04c1-424b-9868-57a2d4851a1d" relativeResultsDirectory="ace53435-a07d-4220-85ed-53fa4150f7c8" />
    <UnitTestResult executionId="e3fc2629-b85e-44fe-96b7-2031541f3b23" testId="019aad7c-a0b0-4e63-9514-9387f97ae569" testName="FormatToStringTest1000 (22248.263319677797,22248.26 zł)" computerName="DESKTOP-5URQ9PB" duration="00:00:00.0000066" startTime="2022-06-13T21:11:43.8124247+02:00" endTime="2022-06-13T21:11:43.8125023+02:00" testType="13cdc9d9-ddb5-4fa4-a97d-d965ccfc6d4b" outcome="Passed" testListId="8c84fa94-04c1-424b-9868-57a2d4851a1d" relativeResultsDirectory="e3fc2629-b85e-44fe-96b7-2031541f3b23" />
    <UnitTestResult executionId="b8962a3d-6f83-428b-980b-94e36ccb76ff" testId="a29d95d1-7382-4177-9eb5-0ca9d1a25e07" testName="FormatToStringTest1000 (5507.360659962688,5507.36 zł)" computerName="DESKTOP-5URQ9PB" duration="00:00:00.0000064" startTime="2022-06-13T21:11:43.9571085+02:00" endTime="2022-06-13T21:11:43.9571730+02:00" testType="13cdc9d9-ddb5-4fa4-a97d-d965ccfc6d4b" outcome="Passed" testListId="8c84fa94-04c1-424b-9868-57a2d4851a1d" relativeResultsDirectory="b8962a3d-6f83-428b-980b-94e36ccb76ff" />
    <UnitTestResult executionId="dcbd8513-9aea-4e57-b9e3-61657011d380" testId="86c8b7ed-d03b-466d-90b1-60e22c8b07f7" testName="FormatToStringTest1000 (19933.78650940945,19933.79 zł)" computerName="DESKTOP-5URQ9PB" duration="00:00:00.0000064" startTime="2022-06-13T21:11:43.9491247+02:00" endTime="2022-06-13T21:11:43.9491895+02:00" testType="13cdc9d9-ddb5-4fa4-a97d-d965ccfc6d4b" outcome="Passed" testListId="8c84fa94-04c1-424b-9868-57a2d4851a1d" relativeResultsDirectory="dcbd8513-9aea-4e57-b9e3-61657011d380" />
    <UnitTestResult executionId="a00e3d26-cbe3-42f7-be83-759ed7247475" testId="6d1dfda9-f3d9-4409-8199-31f11669813c" testName="FormatToStringTest1000 (50956.25028206606,50956.25 zł)" computerName="DESKTOP-5URQ9PB" duration="00:00:00.0000071" startTime="2022-06-13T21:11:43.7179342+02:00" endTime="2022-06-13T21:11:43.7180184+02:00" testType="13cdc9d9-ddb5-4fa4-a97d-d965ccfc6d4b" outcome="Passed" testListId="8c84fa94-04c1-424b-9868-57a2d4851a1d" relativeResultsDirectory="a00e3d26-cbe3-42f7-be83-759ed7247475" />
    <UnitTestResult executionId="f2781c3e-c586-4425-a5d5-42c35e265dfb" testId="2ee84abb-94cc-4a91-8466-575fc2ac7f76" testName="FormatToStringTest1000 (36978.61073549213,36978.61 zł)" computerName="DESKTOP-5URQ9PB" duration="00:00:00.0000061" startTime="2022-06-13T21:11:43.9165156+02:00" endTime="2022-06-13T21:11:43.9165793+02:00" testType="13cdc9d9-ddb5-4fa4-a97d-d965ccfc6d4b" outcome="Passed" testListId="8c84fa94-04c1-424b-9868-57a2d4851a1d" relativeResultsDirectory="f2781c3e-c586-4425-a5d5-42c35e265dfb" />
    <UnitTestResult executionId="0bb6facd-ba29-4d1f-b903-19ac8950cafe" testId="76b9e1af-c583-420d-9c4c-7b6167a4e679" testName="FormatToStringTest1000 (19519.4298413505,19519.43 zł)" computerName="DESKTOP-5URQ9PB" duration="00:00:00.0000068" startTime="2022-06-13T21:11:43.9399184+02:00" endTime="2022-06-13T21:11:43.9399847+02:00" testType="13cdc9d9-ddb5-4fa4-a97d-d965ccfc6d4b" outcome="Passed" testListId="8c84fa94-04c1-424b-9868-57a2d4851a1d" relativeResultsDirectory="0bb6facd-ba29-4d1f-b903-19ac8950cafe" />
    <UnitTestResult executionId="f8c286b6-e58e-4ee4-81bc-982dec95cf9d" testId="2adef61c-97b2-4a07-a57e-a57fd2eabd39" testName="FormatToStringTest1000 (16388.556189478633,16388.56 zł)" computerName="DESKTOP-5URQ9PB" duration="00:00:00.0000063" startTime="2022-06-13T21:11:43.9223062+02:00" endTime="2022-06-13T21:11:43.9223859+02:00" testType="13cdc9d9-ddb5-4fa4-a97d-d965ccfc6d4b" outcome="Passed" testListId="8c84fa94-04c1-424b-9868-57a2d4851a1d" relativeResultsDirectory="f8c286b6-e58e-4ee4-81bc-982dec95cf9d" />
    <UnitTestResult executionId="d9d98c61-1036-4425-9e84-dfa0f0874c3a" testId="7e1c5633-511d-4946-9c94-aadc124d2b79" testName="FormatToStringTest1000 (32632.105531036905,32632.11 zł)" computerName="DESKTOP-5URQ9PB" duration="00:00:00.0000067" startTime="2022-06-13T21:11:43.6480961+02:00" endTime="2022-06-13T21:11:43.6481730+02:00" testType="13cdc9d9-ddb5-4fa4-a97d-d965ccfc6d4b" outcome="Passed" testListId="8c84fa94-04c1-424b-9868-57a2d4851a1d" relativeResultsDirectory="d9d98c61-1036-4425-9e84-dfa0f0874c3a" />
    <UnitTestResult executionId="cc426fe9-8173-4a37-9908-1420937ea4ee" testId="842e52b6-476b-4554-a363-f9ab44c5e0a1" testName="FormatToStringTest1000 (22189.78731674132,22189.79 zł)" computerName="DESKTOP-5URQ9PB" duration="00:00:00.0000488" startTime="2022-06-13T21:11:43.8593623+02:00" endTime="2022-06-13T21:11:43.8599263+02:00" testType="13cdc9d9-ddb5-4fa4-a97d-d965ccfc6d4b" outcome="Passed" testListId="8c84fa94-04c1-424b-9868-57a2d4851a1d" relativeResultsDirectory="cc426fe9-8173-4a37-9908-1420937ea4ee" />
    <UnitTestResult executionId="e2c28e98-8a95-4cbd-b2eb-927b6932e668" testId="2dff86d5-27b7-4447-bfe9-98e68dc1ea02" testName="FormatToStringTest1000 (19006.315459580772,19006.32 zł)" computerName="DESKTOP-5URQ9PB" duration="00:00:00.0000068" startTime="2022-06-13T21:11:43.8063698+02:00" endTime="2022-06-13T21:11:43.8064364+02:00" testType="13cdc9d9-ddb5-4fa4-a97d-d965ccfc6d4b" outcome="Passed" testListId="8c84fa94-04c1-424b-9868-57a2d4851a1d" relativeResultsDirectory="e2c28e98-8a95-4cbd-b2eb-927b6932e668" />
    <UnitTestResult executionId="6563ef34-ec38-4098-aa63-e9817b7b8b61" testId="10fc5b70-036b-4a9c-b03f-461c831e7405" testName="FormatToStringTest1000 (11958.422287871792,11958.42 zł)" computerName="DESKTOP-5URQ9PB" duration="00:00:00.0000065" startTime="2022-06-13T21:11:43.7875354+02:00" endTime="2022-06-13T21:11:43.7876026+02:00" testType="13cdc9d9-ddb5-4fa4-a97d-d965ccfc6d4b" outcome="Passed" testListId="8c84fa94-04c1-424b-9868-57a2d4851a1d" relativeResultsDirectory="6563ef34-ec38-4098-aa63-e9817b7b8b61" />
    <UnitTestResult executionId="545c21eb-3802-4283-9e20-3bd0c85d9acb" testId="cdc33cdd-3654-478a-999c-006d314ae396" testName="FormatToStringTest1000 (71554.9786298829,71554.98 zł)" computerName="DESKTOP-5URQ9PB" duration="00:00:00.0000064" startTime="2022-06-13T21:11:43.9084690+02:00" endTime="2022-06-13T21:11:43.9085318+02:00" testType="13cdc9d9-ddb5-4fa4-a97d-d965ccfc6d4b" outcome="Passed" testListId="8c84fa94-04c1-424b-9868-57a2d4851a1d" relativeResultsDirectory="545c21eb-3802-4283-9e20-3bd0c85d9acb" />
    <UnitTestResult executionId="d6a70c44-077f-4da7-b456-d025c1820f82" testId="05cfae87-6fc1-4efd-b5f3-b9cccc212251" testName="FormatToStringTest1000 (9867.823212210007,9867.82 zł)" computerName="DESKTOP-5URQ9PB" duration="00:00:00.0000064" startTime="2022-06-13T21:11:43.6773799+02:00" endTime="2022-06-13T21:11:43.6774561+02:00" testType="13cdc9d9-ddb5-4fa4-a97d-d965ccfc6d4b" outcome="Passed" testListId="8c84fa94-04c1-424b-9868-57a2d4851a1d" relativeResultsDirectory="d6a70c44-077f-4da7-b456-d025c1820f82" />
    <UnitTestResult executionId="e8449a46-3c6c-46a2-95e2-57612d60a3e0" testId="d703c0f1-01a8-4771-b2c4-298540a8a27f" testName="FormatToStringTest1000 (81326.3340147521,81326.33 zł)" computerName="DESKTOP-5URQ9PB" duration="00:00:00.0000072" startTime="2022-06-13T21:11:43.9357472+02:00" endTime="2022-06-13T21:11:43.9358101+02:00" testType="13cdc9d9-ddb5-4fa4-a97d-d965ccfc6d4b" outcome="Passed" testListId="8c84fa94-04c1-424b-9868-57a2d4851a1d" relativeResultsDirectory="e8449a46-3c6c-46a2-95e2-57612d60a3e0" />
    <UnitTestResult executionId="eaa12ac5-684b-4e56-8095-de70d7c230ae" testId="afe30a18-0c5e-4c24-b6e1-f3dd7224c77d" testName="FormatToStringTest1000 (181.3640542483721,181.36 zł)" computerName="DESKTOP-5URQ9PB" duration="00:00:00.0000063" startTime="2022-06-13T21:11:43.9294934+02:00" endTime="2022-06-13T21:11:43.9295586+02:00" testType="13cdc9d9-ddb5-4fa4-a97d-d965ccfc6d4b" outcome="Passed" testListId="8c84fa94-04c1-424b-9868-57a2d4851a1d" relativeResultsDirectory="eaa12ac5-684b-4e56-8095-de70d7c230ae" />
    <UnitTestResult executionId="499d0d0a-1b8c-48a9-a7a8-760a18a6feed" testId="9359315d-8b8c-4714-8151-3b4e60f1ae44" testName="FormatToStringTest1000 (9431.144757136304,9431.14 zł)" computerName="DESKTOP-5URQ9PB" duration="00:00:00.0000063" startTime="2022-06-13T21:11:43.6971130+02:00" endTime="2022-06-13T21:11:43.6971792+02:00" testType="13cdc9d9-ddb5-4fa4-a97d-d965ccfc6d4b" outcome="Passed" testListId="8c84fa94-04c1-424b-9868-57a2d4851a1d" relativeResultsDirectory="499d0d0a-1b8c-48a9-a7a8-760a18a6feed" />
    <UnitTestResult executionId="b993355f-f48c-44b2-9ff3-be011f3b3e82" testId="d9151bb2-7ddb-4430-9a81-2eb0eee51b9c" testName="FormatToStringTest1000 (21728.91641959963,21728.92 zł)" computerName="DESKTOP-5URQ9PB" duration="00:00:00.0000064" startTime="2022-06-13T21:11:43.9761542+02:00" endTime="2022-06-13T21:11:43.9762196+02:00" testType="13cdc9d9-ddb5-4fa4-a97d-d965ccfc6d4b" outcome="Passed" testListId="8c84fa94-04c1-424b-9868-57a2d4851a1d" relativeResultsDirectory="b993355f-f48c-44b2-9ff3-be011f3b3e82" />
    <UnitTestResult executionId="fefbef7e-e064-4c5e-abbd-1187794d9330" testId="7a2a573d-33c5-441d-b742-9e0dc58253d5" testName="FormatToStringTest1000 (14867.726341984107,14867.73 zł)" computerName="DESKTOP-5URQ9PB" duration="00:00:00.0000064" startTime="2022-06-13T21:11:43.8792494+02:00" endTime="2022-06-13T21:11:43.8793179+02:00" testType="13cdc9d9-ddb5-4fa4-a97d-d965ccfc6d4b" outcome="Passed" testListId="8c84fa94-04c1-424b-9868-57a2d4851a1d" relativeResultsDirectory="fefbef7e-e064-4c5e-abbd-1187794d9330" />
    <UnitTestResult executionId="b549d559-d1da-4818-956e-db0573ae5b21" testId="d93d5d5a-d159-4dfe-8f5d-e4a9f6bc6fe8" testName="FormatToStringTest1000 (2718.1767171650085,2718.18 zł)" computerName="DESKTOP-5URQ9PB" duration="00:00:00.0000066" startTime="2022-06-13T21:11:43.7505101+02:00" endTime="2022-06-13T21:11:43.7505882+02:00" testType="13cdc9d9-ddb5-4fa4-a97d-d965ccfc6d4b" outcome="Passed" testListId="8c84fa94-04c1-424b-9868-57a2d4851a1d" relativeResultsDirectory="b549d559-d1da-4818-956e-db0573ae5b21" />
    <UnitTestResult executionId="09c9b741-e387-42d4-8965-1f56034eb361" testId="4111b770-8f16-45eb-aae7-63ca8b4f3da4" testName="FormatToStringTest1000 (4857.211933034105,4857.21 zł)" computerName="DESKTOP-5URQ9PB" duration="00:00:00.0000085" startTime="2022-06-13T21:11:43.9691209+02:00" endTime="2022-06-13T21:11:43.9691934+02:00" testType="13cdc9d9-ddb5-4fa4-a97d-d965ccfc6d4b" outcome="Passed" testListId="8c84fa94-04c1-424b-9868-57a2d4851a1d" relativeResultsDirectory="09c9b741-e387-42d4-8965-1f56034eb361" />
    <UnitTestResult executionId="b75ffef1-53d0-4bf9-ade1-7c31062e8696" testId="d4d25cd8-8806-4b3d-a05a-03ef6ecde39d" testName="FormatToStringTest1000 (24729.333280806586,24729.33 zł)" computerName="DESKTOP-5URQ9PB" duration="00:00:00.0000064" startTime="2022-06-13T21:11:43.8772948+02:00" endTime="2022-06-13T21:11:43.8773615+02:00" testType="13cdc9d9-ddb5-4fa4-a97d-d965ccfc6d4b" outcome="Passed" testListId="8c84fa94-04c1-424b-9868-57a2d4851a1d" relativeResultsDirectory="b75ffef1-53d0-4bf9-ade1-7c31062e8696" />
    <UnitTestResult executionId="66802484-74e8-41cf-be12-3904434d440f" testId="e78bffad-99e1-4aa0-96bf-635a38c54764" testName="FormatToStringTest1000 (12641.700665183225,12641.70 zł)" computerName="DESKTOP-5URQ9PB" duration="00:00:00.0000066" startTime="2022-06-13T21:11:43.7435525+02:00" endTime="2022-06-13T21:11:43.7436280+02:00" testType="13cdc9d9-ddb5-4fa4-a97d-d965ccfc6d4b" outcome="Passed" testListId="8c84fa94-04c1-424b-9868-57a2d4851a1d" relativeResultsDirectory="66802484-74e8-41cf-be12-3904434d440f" />
    <UnitTestResult executionId="eeadfb53-9315-4fe2-b015-7cf052c2badc" testId="72ad148d-c439-4e05-9637-85fad8c6525e" testName="FormatToStringTest1000 (3270.286035661719,3270.29 zł)" computerName="DESKTOP-5URQ9PB" duration="00:00:00.0000066" startTime="2022-06-13T21:11:43.8426936+02:00" endTime="2022-06-13T21:11:43.8427675+02:00" testType="13cdc9d9-ddb5-4fa4-a97d-d965ccfc6d4b" outcome="Passed" testListId="8c84fa94-04c1-424b-9868-57a2d4851a1d" relativeResultsDirectory="eeadfb53-9315-4fe2-b015-7cf052c2badc" />
    <UnitTestResult executionId="0853a7c3-75ea-427f-8253-edd9eff94d65" testId="4eb70bb4-81b9-47fc-a09b-ef889f8cbe2a" testName="FormatToStringTest1000 (19352.183340702755,19352.18 zł)" computerName="DESKTOP-5URQ9PB" duration="00:00:00.0000063" startTime="2022-06-13T21:11:43.7033697+02:00" endTime="2022-06-13T21:11:43.7034355+02:00" testType="13cdc9d9-ddb5-4fa4-a97d-d965ccfc6d4b" outcome="Passed" testListId="8c84fa94-04c1-424b-9868-57a2d4851a1d" relativeResultsDirectory="0853a7c3-75ea-427f-8253-edd9eff94d65" />
    <UnitTestResult executionId="ce54c101-613d-4916-97ef-9252eee676f1" testId="e14a5584-05ff-4576-80c0-15661ef57941" testName="FormatToStringTest1000 (51529.79033960206,51529.79 zł)" computerName="DESKTOP-5URQ9PB" duration="00:00:00.0000062" startTime="2022-06-13T21:11:43.9533285+02:00" endTime="2022-06-13T21:11:43.9533926+02:00" testType="13cdc9d9-ddb5-4fa4-a97d-d965ccfc6d4b" outcome="Passed" testListId="8c84fa94-04c1-424b-9868-57a2d4851a1d" relativeResultsDirectory="ce54c101-613d-4916-97ef-9252eee676f1" />
    <UnitTestResult executionId="89751a4c-6bf2-4f6d-b4f2-02a0ea9b6ab8" testId="5ae7b5e4-7910-44cf-8f75-371ab989a07a" testName="FormatToStringTest1000 (25794.833624416417,25794.83 zł)" computerName="DESKTOP-5URQ9PB" duration="00:00:00.0000065" startTime="2022-06-13T21:11:43.9058207+02:00" endTime="2022-06-13T21:11:43.9058860+02:00" testType="13cdc9d9-ddb5-4fa4-a97d-d965ccfc6d4b" outcome="Passed" testListId="8c84fa94-04c1-424b-9868-57a2d4851a1d" relativeResultsDirectory="89751a4c-6bf2-4f6d-b4f2-02a0ea9b6ab8" />
    <UnitTestResult executionId="5ef45fa1-1bb2-4916-9dbe-d4f0f2b0fcea" testId="0e159363-09d6-4b39-a351-1813cba8990c" testName="FormatToStringTest1000 (28861.97337596769,28861.97 zł)" computerName="DESKTOP-5URQ9PB" duration="00:00:00.0000065" startTime="2022-06-13T21:11:43.7830248+02:00" endTime="2022-06-13T21:11:43.7831040+02:00" testType="13cdc9d9-ddb5-4fa4-a97d-d965ccfc6d4b" outcome="Passed" testListId="8c84fa94-04c1-424b-9868-57a2d4851a1d" relativeResultsDirectory="5ef45fa1-1bb2-4916-9dbe-d4f0f2b0fcea" />
    <UnitTestResult executionId="318e268b-1c9d-46d9-a454-d689e7b10072" testId="0d335625-a347-4c19-8c7f-6cb1bdbb8d69" testName="FormatToStringTest1000 (12091.219941106729,12091.22 zł)" computerName="DESKTOP-5URQ9PB" duration="00:00:00.0000063" startTime="2022-06-13T21:11:43.7316069+02:00" endTime="2022-06-13T21:11:43.7316731+02:00" testType="13cdc9d9-ddb5-4fa4-a97d-d965ccfc6d4b" outcome="Passed" testListId="8c84fa94-04c1-424b-9868-57a2d4851a1d" relativeResultsDirectory="318e268b-1c9d-46d9-a454-d689e7b10072" />
    <UnitTestResult executionId="4bea4f10-98cd-4e0b-90cd-a4222a1de749" testId="9bcf624f-e682-41cb-b23c-164d758eb697" testName="FormatToStringTest1000 (38803.03958246253,38803.04 zł)" computerName="DESKTOP-5URQ9PB" duration="00:00:00.0000074" startTime="2022-06-13T21:11:43.7278395+02:00" endTime="2022-06-13T21:11:43.7279139+02:00" testType="13cdc9d9-ddb5-4fa4-a97d-d965ccfc6d4b" outcome="Passed" testListId="8c84fa94-04c1-424b-9868-57a2d4851a1d" relativeResultsDirectory="4bea4f10-98cd-4e0b-90cd-a4222a1de749" />
    <UnitTestResult executionId="1861963c-26b0-47d5-9159-377b7ec1c099" testId="84661303-3051-4d58-974c-db6638671fea" testName="FormatToStringTest1000 (11944.74385168531,11944.74 zł)" computerName="DESKTOP-5URQ9PB" duration="00:00:00.0000064" startTime="2022-06-13T21:11:43.9650596+02:00" endTime="2022-06-13T21:11:43.9651267+02:00" testType="13cdc9d9-ddb5-4fa4-a97d-d965ccfc6d4b" outcome="Passed" testListId="8c84fa94-04c1-424b-9868-57a2d4851a1d" relativeResultsDirectory="1861963c-26b0-47d5-9159-377b7ec1c099" />
    <UnitTestResult executionId="ab329af8-c1c7-4e02-aedf-171007471807" testId="2202a2b0-f149-4c9d-9652-e5daf0f6a3ad" testName="FormatToStringTest1000 (7407.385606687696,7407.39 zł)" computerName="DESKTOP-5URQ9PB" duration="00:00:00.0000065" startTime="2022-06-13T21:11:43.8701357+02:00" endTime="2022-06-13T21:11:43.8702034+02:00" testType="13cdc9d9-ddb5-4fa4-a97d-d965ccfc6d4b" outcome="Passed" testListId="8c84fa94-04c1-424b-9868-57a2d4851a1d" relativeResultsDirectory="ab329af8-c1c7-4e02-aedf-171007471807" />
    <UnitTestResult executionId="3bb1b4dd-bcb4-4a2f-aa80-81601b1b8c4c" testId="428f8392-5856-44e0-aee1-e69aae6c1114" testName="FormatToStringTest1000 (9994.9471861026,9994.95 zł)" computerName="DESKTOP-5URQ9PB" duration="00:00:00.0000067" startTime="2022-06-13T21:11:43.7434650+02:00" endTime="2022-06-13T21:11:43.7435354+02:00" testType="13cdc9d9-ddb5-4fa4-a97d-d965ccfc6d4b" outcome="Passed" testListId="8c84fa94-04c1-424b-9868-57a2d4851a1d" relativeResultsDirectory="3bb1b4dd-bcb4-4a2f-aa80-81601b1b8c4c" />
    <UnitTestResult executionId="bb241127-adac-42ca-997a-377118081bb0" testId="5a9681a0-b02e-4711-9de6-3e72b0def0bd" testName="FormatToStringTest1000 (66053.95451852398,66053.95 zł)" computerName="DESKTOP-5URQ9PB" duration="00:00:00.0000065" startTime="2022-06-13T21:11:43.8167225+02:00" endTime="2022-06-13T21:11:43.8167908+02:00" testType="13cdc9d9-ddb5-4fa4-a97d-d965ccfc6d4b" outcome="Passed" testListId="8c84fa94-04c1-424b-9868-57a2d4851a1d" relativeResultsDirectory="bb241127-adac-42ca-997a-377118081bb0" />
    <UnitTestResult executionId="bb331700-60d2-4813-9540-bc8162ed2398" testId="529b0914-8f8a-44cd-b855-5ffae06912b8" testName="FormatToStringTest1000 (25720.27551496321,25720.28 zł)" computerName="DESKTOP-5URQ9PB" duration="00:00:00.0000064" startTime="2022-06-13T21:11:43.7347087+02:00" endTime="2022-06-13T21:11:43.7347752+02:00" testType="13cdc9d9-ddb5-4fa4-a97d-d965ccfc6d4b" outcome="Passed" testListId="8c84fa94-04c1-424b-9868-57a2d4851a1d" relativeResultsDirectory="bb331700-60d2-4813-9540-bc8162ed2398" />
    <UnitTestResult executionId="536e51a0-462b-45fe-a0eb-11cce4c108d2" testId="d53d7fc9-3b7a-447f-9407-efd5c9cba424" testName="FormatToStringTest1000 (74514.06270644537,74514.06 zł)" computerName="DESKTOP-5URQ9PB" duration="00:00:00.0000074" startTime="2022-06-13T21:11:43.6802544+02:00" endTime="2022-06-13T21:11:43.6803411+02:00" testType="13cdc9d9-ddb5-4fa4-a97d-d965ccfc6d4b" outcome="Passed" testListId="8c84fa94-04c1-424b-9868-57a2d4851a1d" relativeResultsDirectory="536e51a0-462b-45fe-a0eb-11cce4c108d2" />
    <UnitTestResult executionId="adccafdc-2681-4bd0-91aa-5288ec9183a6" testId="aec0ae2a-5078-41ba-8d8a-8327ab12ed7c" testName="FormatToStringTest1000 (5247.779940802501,5247.78 zł)" computerName="DESKTOP-5URQ9PB" duration="00:00:00.0000071" startTime="2022-06-13T21:11:43.9760719+02:00" endTime="2022-06-13T21:11:43.9761371+02:00" testType="13cdc9d9-ddb5-4fa4-a97d-d965ccfc6d4b" outcome="Passed" testListId="8c84fa94-04c1-424b-9868-57a2d4851a1d" relativeResultsDirectory="adccafdc-2681-4bd0-91aa-5288ec9183a6" />
    <UnitTestResult executionId="65bda78e-c4a0-4aef-a605-c84e9075ee4c" testId="5c94ee13-d4fe-4863-828f-b3e66b105685" testName="FormatToStringTest1000 (9079.930405251649,9079.93 zł)" computerName="DESKTOP-5URQ9PB" duration="00:00:00.0000066" startTime="2022-06-13T21:11:43.7903631+02:00" endTime="2022-06-13T21:11:43.7904320+02:00" testType="13cdc9d9-ddb5-4fa4-a97d-d965ccfc6d4b" outcome="Passed" testListId="8c84fa94-04c1-424b-9868-57a2d4851a1d" relativeResultsDirectory="65bda78e-c4a0-4aef-a605-c84e9075ee4c" />
    <UnitTestResult executionId="af37cb3b-0c0c-4d21-9ff1-c9f6cd4ec98e" testId="8381014c-4bc6-4f64-905c-3f24403515b7" testName="FormatToStringTest1000 (7669.3855620214645,7669.39 zł)" computerName="DESKTOP-5URQ9PB" duration="00:00:00.0000072" startTime="2022-06-13T21:11:43.7340196+02:00" endTime="2022-06-13T21:11:43.7341003+02:00" testType="13cdc9d9-ddb5-4fa4-a97d-d965ccfc6d4b" outcome="Passed" testListId="8c84fa94-04c1-424b-9868-57a2d4851a1d" relativeResultsDirectory="af37cb3b-0c0c-4d21-9ff1-c9f6cd4ec98e" />
    <UnitTestResult executionId="b892b21c-349a-406d-b214-c5e9253f0227" testId="cfeb95b6-a45c-4aad-948f-d739368da646" testName="FormatToStringTest1000 (386.358918903097,386.36 zł)" computerName="DESKTOP-5URQ9PB" duration="00:00:00.0000067" startTime="2022-06-13T21:11:43.7576701+02:00" endTime="2022-06-13T21:11:43.7577375+02:00" testType="13cdc9d9-ddb5-4fa4-a97d-d965ccfc6d4b" outcome="Passed" testListId="8c84fa94-04c1-424b-9868-57a2d4851a1d" relativeResultsDirectory="b892b21c-349a-406d-b214-c5e9253f0227" />
    <UnitTestResult executionId="3ceb573a-151d-4c7e-a217-0ce55a15426c" testId="4b803c8b-b50b-456e-a47d-dcdf83a3ca98" testName="FormatToStringTest1000 (33206.73122987837,33206.73 zł)" computerName="DESKTOP-5URQ9PB" duration="00:00:00.0000070" startTime="2022-06-13T21:11:43.6673369+02:00" endTime="2022-06-13T21:11:43.6674042+02:00" testType="13cdc9d9-ddb5-4fa4-a97d-d965ccfc6d4b" outcome="Passed" testListId="8c84fa94-04c1-424b-9868-57a2d4851a1d" relativeResultsDirectory="3ceb573a-151d-4c7e-a217-0ce55a15426c" />
    <UnitTestResult executionId="1fb9ddab-18ae-4a2e-ad99-4535762161f7" testId="3b3dde72-7ee4-437d-8b2a-0d693771a984" testName="FormatToStringTest1000 (85407.13428016152,85407.13 zł)" computerName="DESKTOP-5URQ9PB" duration="00:00:00.0000063" startTime="2022-06-13T21:11:43.9764826+02:00" endTime="2022-06-13T21:11:43.9765483+02:00" testType="13cdc9d9-ddb5-4fa4-a97d-d965ccfc6d4b" outcome="Passed" testListId="8c84fa94-04c1-424b-9868-57a2d4851a1d" relativeResultsDirectory="1fb9ddab-18ae-4a2e-ad99-4535762161f7" />
    <UnitTestResult executionId="b0b23283-d2bb-414a-84c2-7b760a4812fd" testId="ae1d8574-d55e-466d-9fee-7d9bf2427182" testName="FormatToStringTest1000 (73151.83675918348,73151.84 zł)" computerName="DESKTOP-5URQ9PB" duration="00:00:00.0000062" startTime="2022-06-13T21:11:43.9528259+02:00" endTime="2022-06-13T21:11:43.9528894+02:00" testType="13cdc9d9-ddb5-4fa4-a97d-d965ccfc6d4b" outcome="Passed" testListId="8c84fa94-04c1-424b-9868-57a2d4851a1d" relativeResultsDirectory="b0b23283-d2bb-414a-84c2-7b760a4812fd" />
    <UnitTestResult executionId="18a68c6f-3ddb-4a4d-bfdc-f4aaaf489d01" testId="16ddd6f3-b256-40a5-8147-3fe015590f9e" testName="FormatToStringTest1000 (20012.898273490322,20012.90 zł)" computerName="DESKTOP-5URQ9PB" duration="00:00:00.0000073" startTime="2022-06-13T21:11:43.7464732+02:00" endTime="2022-06-13T21:11:43.7465608+02:00" testType="13cdc9d9-ddb5-4fa4-a97d-d965ccfc6d4b" outcome="Passed" testListId="8c84fa94-04c1-424b-9868-57a2d4851a1d" relativeResultsDirectory="18a68c6f-3ddb-4a4d-bfdc-f4aaaf489d01" />
    <UnitTestResult executionId="323397f4-1bf3-44c8-8c9f-eaf70c75dc3d" testId="0b0e8163-d1c2-44bd-9360-f85ce8f2bbe8" testName="FormatToStringTest1000 (35248.53555717996,35248.54 zł)" computerName="DESKTOP-5URQ9PB" duration="00:00:00.0000063" startTime="2022-06-13T21:11:43.9741868+02:00" endTime="2022-06-13T21:11:43.9742522+02:00" testType="13cdc9d9-ddb5-4fa4-a97d-d965ccfc6d4b" outcome="Passed" testListId="8c84fa94-04c1-424b-9868-57a2d4851a1d" relativeResultsDirectory="323397f4-1bf3-44c8-8c9f-eaf70c75dc3d" />
    <UnitTestResult executionId="adef3672-f50b-40e7-9646-88f311ed4c89" testId="0b6282a6-9d68-4bd5-be25-4fa2cc1dde50" testName="FormatToStringTest1000 (12370.243090209198,12370.24 zł)" computerName="DESKTOP-5URQ9PB" duration="00:00:00.0000066" startTime="2022-06-13T21:11:43.8166337+02:00" endTime="2022-06-13T21:11:43.8167040+02:00" testType="13cdc9d9-ddb5-4fa4-a97d-d965ccfc6d4b" outcome="Passed" testListId="8c84fa94-04c1-424b-9868-57a2d4851a1d" relativeResultsDirectory="adef3672-f50b-40e7-9646-88f311ed4c89" />
    <UnitTestResult executionId="27b94751-9ede-4c94-9856-cac8b185c735" testId="cd384d4a-e058-4b92-bdb8-efd28615e65e" testName="FormatToStringTest1000 (1613.6903705837626,1613.69 zł)" computerName="DESKTOP-5URQ9PB" duration="00:00:00.0000062" startTime="2022-06-13T21:11:43.8265259+02:00" endTime="2022-06-13T21:11:43.8265919+02:00" testType="13cdc9d9-ddb5-4fa4-a97d-d965ccfc6d4b" outcome="Passed" testListId="8c84fa94-04c1-424b-9868-57a2d4851a1d" relativeResultsDirectory="27b94751-9ede-4c94-9856-cac8b185c735" />
    <UnitTestResult executionId="4335f802-9285-4e35-be41-ad8fe520f601" testId="683880c6-c729-4446-ae10-a38902df9bea" testName="FormatToStringTest1000 (33970.38965150639,33970.39 zł)" computerName="DESKTOP-5URQ9PB" duration="00:00:00.0000063" startTime="2022-06-13T21:11:43.9201893+02:00" endTime="2022-06-13T21:11:43.9202538+02:00" testType="13cdc9d9-ddb5-4fa4-a97d-d965ccfc6d4b" outcome="Passed" testListId="8c84fa94-04c1-424b-9868-57a2d4851a1d" relativeResultsDirectory="4335f802-9285-4e35-be41-ad8fe520f601" />
    <UnitTestResult executionId="75da21a4-cd90-4681-8cc4-81452f7673ee" testId="32026c21-4e86-4523-825f-669e00c0b3f6" testName="FormatToStringTest1000 (49256.47455728635,49256.47 zł)" computerName="DESKTOP-5URQ9PB" duration="00:00:00.0000064" startTime="2022-06-13T21:11:43.9692148+02:00" endTime="2022-06-13T21:11:43.9692831+02:00" testType="13cdc9d9-ddb5-4fa4-a97d-d965ccfc6d4b" outcome="Passed" testListId="8c84fa94-04c1-424b-9868-57a2d4851a1d" relativeResultsDirectory="75da21a4-cd90-4681-8cc4-81452f7673ee" />
    <UnitTestResult executionId="d4034db2-3726-48de-80ad-a33ecb6bcb05" testId="f40956b8-ff0f-4e11-a43e-a507c73a3140" testName="FormatToStringTest1000 (24308.26523149212,24308.27 zł)" computerName="DESKTOP-5URQ9PB" duration="00:00:00.0000089" startTime="2022-06-13T21:11:43.9526288+02:00" endTime="2022-06-13T21:11:43.9527227+02:00" testType="13cdc9d9-ddb5-4fa4-a97d-d965ccfc6d4b" outcome="Passed" testListId="8c84fa94-04c1-424b-9868-57a2d4851a1d" relativeResultsDirectory="d4034db2-3726-48de-80ad-a33ecb6bcb05" />
    <UnitTestResult executionId="06cdcd11-cef1-4e18-8a73-f8608dd1b9f2" testId="5a0b1254-cd27-43af-8174-72b1881e18be" testName="FormatToStringTest1000 (29975.4018974022,29975.40 zł)" computerName="DESKTOP-5URQ9PB" duration="00:00:00.0000064" startTime="2022-06-13T21:11:43.9205136+02:00" endTime="2022-06-13T21:11:43.9205752+02:00" testType="13cdc9d9-ddb5-4fa4-a97d-d965ccfc6d4b" outcome="Passed" testListId="8c84fa94-04c1-424b-9868-57a2d4851a1d" relativeResultsDirectory="06cdcd11-cef1-4e18-8a73-f8608dd1b9f2" />
    <UnitTestResult executionId="c373e96a-5619-4807-8944-291e7a0bae9c" testId="460cd9d5-b27e-4108-9222-ff4ea6ae60bd" testName="FormatToStringTest1000 (44869.327020554025,44869.33 zł)" computerName="DESKTOP-5URQ9PB" duration="00:00:00.0000064" startTime="2022-06-13T21:11:43.6939335+02:00" endTime="2022-06-13T21:11:43.6940015+02:00" testType="13cdc9d9-ddb5-4fa4-a97d-d965ccfc6d4b" outcome="Passed" testListId="8c84fa94-04c1-424b-9868-57a2d4851a1d" relativeResultsDirectory="c373e96a-5619-4807-8944-291e7a0bae9c" />
    <UnitTestResult executionId="1e690159-4203-4539-8022-2b0a57d11e4a" testId="25bde7c5-c2c1-47fc-acd3-3db7cdc1c3d3" testName="FormatToStringTest1000 (68479.93492677805,68479.93 zł)" computerName="DESKTOP-5URQ9PB" duration="00:00:00.0000064" startTime="2022-06-13T21:11:43.9530057+02:00" endTime="2022-06-13T21:11:43.9530702+02:00" testType="13cdc9d9-ddb5-4fa4-a97d-d965ccfc6d4b" outcome="Passed" testListId="8c84fa94-04c1-424b-9868-57a2d4851a1d" relativeResultsDirectory="1e690159-4203-4539-8022-2b0a57d11e4a" />
    <UnitTestResult executionId="8aa3a363-257a-41e7-bea8-d18203b7176f" testId="e3262746-3362-408f-981e-0a511acea4d4" testName="FormatToStringTest1000 (43727.735558145556,43727.74 zł)" computerName="DESKTOP-5URQ9PB" duration="00:00:00.0000063" startTime="2022-06-13T21:11:43.7737679+02:00" endTime="2022-06-13T21:11:43.7738341+02:00" testType="13cdc9d9-ddb5-4fa4-a97d-d965ccfc6d4b" outcome="Passed" testListId="8c84fa94-04c1-424b-9868-57a2d4851a1d" relativeResultsDirectory="8aa3a363-257a-41e7-bea8-d18203b7176f" />
    <UnitTestResult executionId="4b170456-b2f2-4e3f-b617-7fe3e974241a" testId="fca3d738-13e8-4f6c-9cd3-ccaa45026f07" testName="FormatToStringTest1000 (37114.901517336206,37114.90 zł)" computerName="DESKTOP-5URQ9PB" duration="00:00:00.0000064" startTime="2022-06-13T21:11:43.9333515+02:00" endTime="2022-06-13T21:11:43.9334155+02:00" testType="13cdc9d9-ddb5-4fa4-a97d-d965ccfc6d4b" outcome="Passed" testListId="8c84fa94-04c1-424b-9868-57a2d4851a1d" relativeResultsDirectory="4b170456-b2f2-4e3f-b617-7fe3e974241a" />
    <UnitTestResult executionId="aa844cb8-5748-4db7-b509-4fba0c847072" testId="de3b4c7c-943d-4090-a40c-eb44c4dd7c18" testName="FormatToStringTest1000 (31290.71396233687,31290.71 zł)" computerName="DESKTOP-5URQ9PB" duration="00:00:00.0000091" startTime="2022-06-13T21:11:43.6702739+02:00" endTime="2022-06-13T21:11:43.6703490+02:00" testType="13cdc9d9-ddb5-4fa4-a97d-d965ccfc6d4b" outcome="Passed" testListId="8c84fa94-04c1-424b-9868-57a2d4851a1d" relativeResultsDirectory="aa844cb8-5748-4db7-b509-4fba0c847072" />
    <UnitTestResult executionId="49d597a0-4f32-4d50-8927-0eab0800c489" testId="dbcaa447-4404-4c1c-ae81-bd4eb6661410" testName="FormatToStringTest1000 (3649.9254912836127,3649.93 zł)" computerName="DESKTOP-5URQ9PB" duration="00:00:00.0000090" startTime="2022-06-13T21:11:43.9711695+02:00" endTime="2022-06-13T21:11:43.9712665+02:00" testType="13cdc9d9-ddb5-4fa4-a97d-d965ccfc6d4b" outcome="Passed" testListId="8c84fa94-04c1-424b-9868-57a2d4851a1d" relativeResultsDirectory="49d597a0-4f32-4d50-8927-0eab0800c489" />
    <UnitTestResult executionId="bd34caaa-8479-4847-89af-4f6d6a027e10" testId="0d18eb4a-8582-4e9a-a067-da25a6d9cb5f" testName="FormatToStringTest1000 (22533.17694295811,22533.18 zł)" computerName="DESKTOP-5URQ9PB" duration="00:00:00.0000064" startTime="2022-06-13T21:11:43.9615754+02:00" endTime="2022-06-13T21:11:43.9616396+02:00" testType="13cdc9d9-ddb5-4fa4-a97d-d965ccfc6d4b" outcome="Passed" testListId="8c84fa94-04c1-424b-9868-57a2d4851a1d" relativeResultsDirectory="bd34caaa-8479-4847-89af-4f6d6a027e10" />
    <UnitTestResult executionId="ee4f1b14-78da-41ef-8c27-ffad921c3c8e" testId="3efc4dc9-56a0-42f5-b458-500002eee7a3" testName="FormatToStringTest1000 (40889.35187774214,40889.35 zł)" computerName="DESKTOP-5URQ9PB" duration="00:00:00.0000066" startTime="2022-06-13T21:11:43.9251763+02:00" endTime="2022-06-13T21:11:43.9252442+02:00" testType="13cdc9d9-ddb5-4fa4-a97d-d965ccfc6d4b" outcome="Passed" testListId="8c84fa94-04c1-424b-9868-57a2d4851a1d" relativeResultsDirectory="ee4f1b14-78da-41ef-8c27-ffad921c3c8e" />
    <UnitTestResult executionId="4601b223-de41-43e6-b521-efed4ea8be2a" testId="1a8b97a7-ce8b-41fd-89b8-9170003a829c" testName="FormatToStringTest1000 (12577.642620996872,12577.64 zł)" computerName="DESKTOP-5URQ9PB" duration="00:00:00.0000065" startTime="2022-06-13T21:11:43.7080778+02:00" endTime="2022-06-13T21:11:43.7081460+02:00" testType="13cdc9d9-ddb5-4fa4-a97d-d965ccfc6d4b" outcome="Passed" testListId="8c84fa94-04c1-424b-9868-57a2d4851a1d" relativeResultsDirectory="4601b223-de41-43e6-b521-efed4ea8be2a" />
    <UnitTestResult executionId="65283b21-999c-42ec-beb9-9789e311f176" testId="efabd69c-e575-4fd2-80e0-0185ab82a41e" testName="FormatToStringTest1000 (3506.8456124108498,3506.85 zł)" computerName="DESKTOP-5URQ9PB" duration="00:00:00.0000092" startTime="2022-06-13T21:11:43.7028965+02:00" endTime="2022-06-13T21:11:43.7030061+02:00" testType="13cdc9d9-ddb5-4fa4-a97d-d965ccfc6d4b" outcome="Passed" testListId="8c84fa94-04c1-424b-9868-57a2d4851a1d" relativeResultsDirectory="65283b21-999c-42ec-beb9-9789e311f176" />
    <UnitTestResult executionId="46c87655-9851-42fb-9666-f57ed722375a" testId="62f81451-be79-4a75-8d53-ee4d725abe5d" testName="FormatToStringTest1000 (40556.73452524362,40556.73 zł)" computerName="DESKTOP-5URQ9PB" duration="00:00:00.0000064" startTime="2022-06-13T21:11:43.7971503+02:00" endTime="2022-06-13T21:11:43.7972170+02:00" testType="13cdc9d9-ddb5-4fa4-a97d-d965ccfc6d4b" outcome="Passed" testListId="8c84fa94-04c1-424b-9868-57a2d4851a1d" relativeResultsDirectory="46c87655-9851-42fb-9666-f57ed722375a" />
    <UnitTestResult executionId="d12c53c9-f0e4-4742-a3a0-52abd4d9b242" testId="45e9bf0e-6308-4e4e-b3b2-04a41caf190d" testName="FormatToStringTest1000 (7789.7136237517525,7789.71 zł)" computerName="DESKTOP-5URQ9PB" duration="00:00:00.0000076" startTime="2022-06-13T21:11:43.6637386+02:00" endTime="2022-06-13T21:11:43.6638341+02:00" testType="13cdc9d9-ddb5-4fa4-a97d-d965ccfc6d4b" outcome="Passed" testListId="8c84fa94-04c1-424b-9868-57a2d4851a1d" relativeResultsDirectory="d12c53c9-f0e4-4742-a3a0-52abd4d9b242" />
    <UnitTestResult executionId="c34b7df6-909c-4b2b-b6b2-2091ef724741" testId="bfdc770f-0293-47fd-bed2-6b8c1859c3e3" testName="FormatToStringTest1000 (29678.921519093645,29678.92 zł)" computerName="DESKTOP-5URQ9PB" duration="00:00:00.0000064" startTime="2022-06-13T21:11:43.8720679+02:00" endTime="2022-06-13T21:11:43.8721361+02:00" testType="13cdc9d9-ddb5-4fa4-a97d-d965ccfc6d4b" outcome="Passed" testListId="8c84fa94-04c1-424b-9868-57a2d4851a1d" relativeResultsDirectory="c34b7df6-909c-4b2b-b6b2-2091ef724741" />
    <UnitTestResult executionId="2911b6c1-53b4-48c5-9712-90a41bb2aa88" testId="b5ba2e1b-4ad4-4206-8608-f32187651aa9" testName="FormatToStringTest1000 (44361.82678515177,44361.83 zł)" computerName="DESKTOP-5URQ9PB" duration="00:00:00.0000064" startTime="2022-06-13T21:11:43.9550609+02:00" endTime="2022-06-13T21:11:43.9551296+02:00" testType="13cdc9d9-ddb5-4fa4-a97d-d965ccfc6d4b" outcome="Passed" testListId="8c84fa94-04c1-424b-9868-57a2d4851a1d" relativeResultsDirectory="2911b6c1-53b4-48c5-9712-90a41bb2aa88" />
    <UnitTestResult executionId="d2a29a38-9869-4c54-b19c-1951d50ab774" testId="f511b242-3056-4b44-bbc1-1cc0198b2f85" testName="FormatToStringTest1000 (5611.05334835176,5611.05 zł)" computerName="DESKTOP-5URQ9PB" duration="00:00:00.0000065" startTime="2022-06-13T21:11:43.8064536+02:00" endTime="2022-06-13T21:11:43.8065177+02:00" testType="13cdc9d9-ddb5-4fa4-a97d-d965ccfc6d4b" outcome="Passed" testListId="8c84fa94-04c1-424b-9868-57a2d4851a1d" relativeResultsDirectory="d2a29a38-9869-4c54-b19c-1951d50ab774" />
    <UnitTestResult executionId="69ffe89f-6aee-4428-afd7-ff491d794893" testId="b6a61e25-c89c-479e-b8c6-9d169c346cc4" testName="FormatToStringTest1000 (2039.440966411699,2039.44 zł)" computerName="DESKTOP-5URQ9PB" duration="00:00:00.0000066" startTime="2022-06-13T21:11:43.7279324+02:00" endTime="2022-06-13T21:11:43.7280014+02:00" testType="13cdc9d9-ddb5-4fa4-a97d-d965ccfc6d4b" outcome="Passed" testListId="8c84fa94-04c1-424b-9868-57a2d4851a1d" relativeResultsDirectory="69ffe89f-6aee-4428-afd7-ff491d794893" />
    <UnitTestResult executionId="3fe32899-f64c-411b-a905-9dcb3d3d75f4" testId="729805ab-b3fc-4360-8cf9-4982f9bbb01f" testName="FormatToStringTest1000 (24476.442216712254,24476.44 zł)" computerName="DESKTOP-5URQ9PB" duration="00:00:00.0000067" startTime="2022-06-13T21:11:43.8423927+02:00" endTime="2022-06-13T21:11:43.8424751+02:00" testType="13cdc9d9-ddb5-4fa4-a97d-d965ccfc6d4b" outcome="Passed" testListId="8c84fa94-04c1-424b-9868-57a2d4851a1d" relativeResultsDirectory="3fe32899-f64c-411b-a905-9dcb3d3d75f4" />
    <UnitTestResult executionId="405d74ef-75e9-42a9-8a94-961027e954ea" testId="661ee611-cf44-4676-9c9f-a9c847e01ba9" testName="FormatToStringTest1000 (43799.04472166535,43799.04 zł)" computerName="DESKTOP-5URQ9PB" duration="00:00:00.0000068" startTime="2022-06-13T21:11:43.7969525+02:00" endTime="2022-06-13T21:11:43.7970338+02:00" testType="13cdc9d9-ddb5-4fa4-a97d-d965ccfc6d4b" outcome="Passed" testListId="8c84fa94-04c1-424b-9868-57a2d4851a1d" relativeResultsDirectory="405d74ef-75e9-42a9-8a94-961027e954ea" />
    <UnitTestResult executionId="03eb9f1b-f3da-404b-b0b8-896290fec441" testId="3dcaff51-3ac0-4ca1-8706-1094d84a0c83" testName="FormatToStringTest1000 (7191.024921368353,7191.02 zł)" computerName="DESKTOP-5URQ9PB" duration="00:00:00.0000072" startTime="2022-06-13T21:11:43.9098024+02:00" endTime="2022-06-13T21:11:43.9098790+02:00" testType="13cdc9d9-ddb5-4fa4-a97d-d965ccfc6d4b" outcome="Passed" testListId="8c84fa94-04c1-424b-9868-57a2d4851a1d" relativeResultsDirectory="03eb9f1b-f3da-404b-b0b8-896290fec441" />
    <UnitTestResult executionId="0fee0e93-6c4f-413f-bc25-e975b98962e6" testId="46fc344b-ce04-46ef-b147-20f42cf851a7" testName="FormatToStringTest1000 (9816.961298880615,9816.96 zł)" computerName="DESKTOP-5URQ9PB" duration="00:00:00.0000065" startTime="2022-06-13T21:11:43.6482806+02:00" endTime="2022-06-13T21:11:43.6483497+02:00" testType="13cdc9d9-ddb5-4fa4-a97d-d965ccfc6d4b" outcome="Passed" testListId="8c84fa94-04c1-424b-9868-57a2d4851a1d" relativeResultsDirectory="0fee0e93-6c4f-413f-bc25-e975b98962e6" />
    <UnitTestResult executionId="bb0cb010-e48a-447d-83e1-cb671991dcff" testId="10ed6686-7a73-41e1-b14f-27c2b9a2d8f1" testName="FormatToStringTest1000 (13046.352146307172,13046.35 zł)" computerName="DESKTOP-5URQ9PB" duration="00:00:00.0000073" startTime="2022-06-13T21:11:43.9549363+02:00" endTime="2022-06-13T21:11:43.9550420+02:00" testType="13cdc9d9-ddb5-4fa4-a97d-d965ccfc6d4b" outcome="Passed" testListId="8c84fa94-04c1-424b-9868-57a2d4851a1d" relativeResultsDirectory="bb0cb010-e48a-447d-83e1-cb671991dcff" />
    <UnitTestResult executionId="362f7ce1-652c-4ef0-bd5c-3480aeb08d1e" testId="783e8847-09e9-4df2-aaa4-3230cabbd288" testName="FormatToStringTest1000 (23120.169499649743,23120.17 zł)" computerName="DESKTOP-5URQ9PB" duration="00:00:00.0000063" startTime="2022-06-13T21:11:43.9375407+02:00" endTime="2022-06-13T21:11:43.9376046+02:00" testType="13cdc9d9-ddb5-4fa4-a97d-d965ccfc6d4b" outcome="Passed" testListId="8c84fa94-04c1-424b-9868-57a2d4851a1d" relativeResultsDirectory="362f7ce1-652c-4ef0-bd5c-3480aeb08d1e" />
    <UnitTestResult executionId="1c5564c0-7d93-4c16-aa88-9fa930726aab" testId="01fe9dea-6f62-4fdc-ad3b-29677e431d1f" testName="FormatToStringTest1000 (18794.859523484418,18794.86 zł)" computerName="DESKTOP-5URQ9PB" duration="00:00:00.0000064" startTime="2022-06-13T21:11:43.7734350+02:00" endTime="2022-06-13T21:11:43.7735026+02:00" testType="13cdc9d9-ddb5-4fa4-a97d-d965ccfc6d4b" outcome="Passed" testListId="8c84fa94-04c1-424b-9868-57a2d4851a1d" relativeResultsDirectory="1c5564c0-7d93-4c16-aa88-9fa930726aab" />
    <UnitTestResult executionId="ec5243cf-0eb3-44ac-ba50-ea86aa814a6b" testId="0a0f487c-5fed-4057-976d-31cddf17e472" testName="FormatToStringTest1000 (14218.204344010543,14218.20 zł)" computerName="DESKTOP-5URQ9PB" duration="00:00:00.0000063" startTime="2022-06-13T21:11:43.9355029+02:00" endTime="2022-06-13T21:11:43.9355673+02:00" testType="13cdc9d9-ddb5-4fa4-a97d-d965ccfc6d4b" outcome="Passed" testListId="8c84fa94-04c1-424b-9868-57a2d4851a1d" relativeResultsDirectory="ec5243cf-0eb3-44ac-ba50-ea86aa814a6b" />
    <UnitTestResult executionId="70511280-9b80-4223-981a-3447301fe905" testId="210e271a-fe8f-4153-a241-71beb4930fd9" testName="FormatToStringTest1000 (66019.32414194118,66019.32 zł)" computerName="DESKTOP-5URQ9PB" duration="00:00:00.0000089" startTime="2022-06-13T21:11:43.6574526+02:00" endTime="2022-06-13T21:11:43.6575556+02:00" testType="13cdc9d9-ddb5-4fa4-a97d-d965ccfc6d4b" outcome="Passed" testListId="8c84fa94-04c1-424b-9868-57a2d4851a1d" relativeResultsDirectory="70511280-9b80-4223-981a-3447301fe905" />
    <UnitTestResult executionId="baace4ac-a631-4a5e-9b4f-361f71ce96ab" testId="3a45b58a-c0e0-4549-ba4b-a4043b6e5330" testName="FormatToStringTest1000 (11100.829211263372,11100.83 zł)" computerName="DESKTOP-5URQ9PB" duration="00:00:00.0000065" startTime="2022-06-13T21:11:43.6523436+02:00" endTime="2022-06-13T21:11:43.6524173+02:00" testType="13cdc9d9-ddb5-4fa4-a97d-d965ccfc6d4b" outcome="Passed" testListId="8c84fa94-04c1-424b-9868-57a2d4851a1d" relativeResultsDirectory="baace4ac-a631-4a5e-9b4f-361f71ce96ab" />
    <UnitTestResult executionId="fdea2b6d-96df-41b0-8ee1-eb06e9d771d3" testId="84714b05-d4f7-4da0-a326-3e3399892c4c" testName="FormatToStringTest1000 (8492.904747505161,8492.90 zł)" computerName="DESKTOP-5URQ9PB" duration="00:00:00.0000063" startTime="2022-06-13T21:11:43.9125062+02:00" endTime="2022-06-13T21:11:43.9125716+02:00" testType="13cdc9d9-ddb5-4fa4-a97d-d965ccfc6d4b" outcome="Passed" testListId="8c84fa94-04c1-424b-9868-57a2d4851a1d" relativeResultsDirectory="fdea2b6d-96df-41b0-8ee1-eb06e9d771d3" />
    <UnitTestResult executionId="914d53fa-6c36-4c49-a9a5-784c28dd401b" testId="27b83e3c-5942-4f62-aac6-d494cd6e013d" testName="FormatToStringTest1000 (14172.682747822573,14172.68 zł)" computerName="DESKTOP-5URQ9PB" duration="00:00:00.0000072" startTime="2022-06-13T21:11:43.6575785+02:00" endTime="2022-06-13T21:11:43.6576489+02:00" testType="13cdc9d9-ddb5-4fa4-a97d-d965ccfc6d4b" outcome="Passed" testListId="8c84fa94-04c1-424b-9868-57a2d4851a1d" relativeResultsDirectory="914d53fa-6c36-4c49-a9a5-784c28dd401b" />
    <UnitTestResult executionId="7e2cd836-84e9-4cf4-950b-eb632af41b00" testId="8b4d335b-c429-4824-ae00-6d7a26a32597" testName="FormatToStringTest1000 (6544.213759255695,6544.21 zł)" computerName="DESKTOP-5URQ9PB" duration="00:00:00.0000080" startTime="2022-06-13T21:11:43.9393149+02:00" endTime="2022-06-13T21:11:43.9394002+02:00" testType="13cdc9d9-ddb5-4fa4-a97d-d965ccfc6d4b" outcome="Passed" testListId="8c84fa94-04c1-424b-9868-57a2d4851a1d" relativeResultsDirectory="7e2cd836-84e9-4cf4-950b-eb632af41b00" />
    <UnitTestResult executionId="0a175373-e4d9-4465-80c4-df7068955138" testId="24bd088a-f417-482e-b18a-682dbc7aae1e" testName="FormatToStringTest1000 (30499.08272379734,30499.08 zł)" computerName="DESKTOP-5URQ9PB" duration="00:00:00.0000063" startTime="2022-06-13T21:11:43.9161112+02:00" endTime="2022-06-13T21:11:43.9161759+02:00" testType="13cdc9d9-ddb5-4fa4-a97d-d965ccfc6d4b" outcome="Passed" testListId="8c84fa94-04c1-424b-9868-57a2d4851a1d" relativeResultsDirectory="0a175373-e4d9-4465-80c4-df7068955138" />
    <UnitTestResult executionId="7d1e0d77-1ffc-4096-b1ae-24baf9016e98" testId="bdb8985b-643a-468f-a9cf-6c7e7dda6c7d" testName="FormatToStringTest1000 (75514.58914517732,75514.59 zł)" computerName="DESKTOP-5URQ9PB" duration="00:00:00.0000066" startTime="2022-06-13T21:11:43.7834083+02:00" endTime="2022-06-13T21:11:43.7834863+02:00" testType="13cdc9d9-ddb5-4fa4-a97d-d965ccfc6d4b" outcome="Passed" testListId="8c84fa94-04c1-424b-9868-57a2d4851a1d" relativeResultsDirectory="7d1e0d77-1ffc-4096-b1ae-24baf9016e98" />
    <UnitTestResult executionId="3e9a165c-1760-43f7-88f1-9198ff5d80e3" testId="bc7f8607-a07e-4fa7-b159-1bb120734878" testName="FormatToStringTest1000 (6654.099431086378,6654.10 zł)" computerName="DESKTOP-5URQ9PB" duration="00:00:00.0000088" startTime="2022-06-13T21:11:43.7738518+02:00" endTime="2022-06-13T21:11:43.7739320+02:00" testType="13cdc9d9-ddb5-4fa4-a97d-d965ccfc6d4b" outcome="Passed" testListId="8c84fa94-04c1-424b-9868-57a2d4851a1d" relativeResultsDirectory="3e9a165c-1760-43f7-88f1-9198ff5d80e3" />
    <UnitTestResult executionId="7d828f10-2296-4b44-9111-bc105c303757" testId="2233d2a4-7613-4458-a9c8-5209cecd98f5" testName="FormatToStringTest1000 (10527.083945901639,10527.08 zł)" computerName="DESKTOP-5URQ9PB" duration="00:00:00.0000065" startTime="2022-06-13T21:11:43.9200249+02:00" endTime="2022-06-13T21:11:43.9200903+02:00" testType="13cdc9d9-ddb5-4fa4-a97d-d965ccfc6d4b" outcome="Passed" testListId="8c84fa94-04c1-424b-9868-57a2d4851a1d" relativeResultsDirectory="7d828f10-2296-4b44-9111-bc105c303757" />
    <UnitTestResult executionId="acb1402b-c4fb-41f2-9376-8ed77f3174a5" testId="0c8388b5-d6ee-43a1-8e8e-fc5f9f730e9d" testName="FormatToStringTest1000 (64887.45559046951,64887.46 zł)" computerName="DESKTOP-5URQ9PB" duration="00:00:00.0000064" startTime="2022-06-13T21:11:43.7905356+02:00" endTime="2022-06-13T21:11:43.7906026+02:00" testType="13cdc9d9-ddb5-4fa4-a97d-d965ccfc6d4b" outcome="Passed" testListId="8c84fa94-04c1-424b-9868-57a2d4851a1d" relativeResultsDirectory="acb1402b-c4fb-41f2-9376-8ed77f3174a5" />
    <UnitTestResult executionId="49706a5b-45b5-4b39-ad69-a774cb9ff621" testId="456668c3-1e10-4832-9a5a-93cc1b6d7597" testName="FormatToStringTest1000 (801.5720517614726,801.57 zł)" computerName="DESKTOP-5URQ9PB" duration="00:00:00.0000076" startTime="2022-06-13T21:11:43.7934024+02:00" endTime="2022-06-13T21:11:43.7934894+02:00" testType="13cdc9d9-ddb5-4fa4-a97d-d965ccfc6d4b" outcome="Passed" testListId="8c84fa94-04c1-424b-9868-57a2d4851a1d" relativeResultsDirectory="49706a5b-45b5-4b39-ad69-a774cb9ff621" />
    <UnitTestResult executionId="e7db4f39-d5c0-4198-925d-16321efdfd85" testId="56bdb1f5-d1e4-456e-ac10-39849f88b89e" testName="FormatToStringTest1000 (16037.01783290087,16037.02 zł)" computerName="DESKTOP-5URQ9PB" duration="00:00:00.0000074" startTime="2022-06-13T21:11:43.9670006+02:00" endTime="2022-06-13T21:11:43.9670695+02:00" testType="13cdc9d9-ddb5-4fa4-a97d-d965ccfc6d4b" outcome="Passed" testListId="8c84fa94-04c1-424b-9868-57a2d4851a1d" relativeResultsDirectory="e7db4f39-d5c0-4198-925d-16321efdfd85" />
    <UnitTestResult executionId="5a04ee6d-2684-4295-a352-9cb2ca3abd7f" testId="fe9fe11e-1ddb-4fe1-9f8f-20f0b177f16f" testName="FormatToStringTest1000 (20344.185360967265,20344.19 zł)" computerName="DESKTOP-5URQ9PB" duration="00:00:00.0000067" startTime="2022-06-13T21:11:43.9143533+02:00" endTime="2022-06-13T21:11:43.9144174+02:00" testType="13cdc9d9-ddb5-4fa4-a97d-d965ccfc6d4b" outcome="Passed" testListId="8c84fa94-04c1-424b-9868-57a2d4851a1d" relativeResultsDirectory="5a04ee6d-2684-4295-a352-9cb2ca3abd7f" />
    <UnitTestResult executionId="c1ada2bd-d625-4be6-a0b4-4b76ff1af129" testId="fcbb0093-6644-4c76-ac5c-bcb72fdce38b" testName="FormatToStringTest1000 (46590.9609819562,46590.96 zł)" computerName="DESKTOP-5URQ9PB" duration="00:00:00.0000066" startTime="2022-06-13T21:11:43.7344587+02:00" endTime="2022-06-13T21:11:43.7345236+02:00" testType="13cdc9d9-ddb5-4fa4-a97d-d965ccfc6d4b" outcome="Passed" testListId="8c84fa94-04c1-424b-9868-57a2d4851a1d" relativeResultsDirectory="c1ada2bd-d625-4be6-a0b4-4b76ff1af129" />
    <UnitTestResult executionId="ecebcc02-7ac2-4f71-b090-0ef0e9da8502" testId="76ccc515-a4a6-4e1b-8ea6-5cdf2b300ae4" testName="FormatToStringTest1000 (93775.33090185716,93775.33 zł)" computerName="DESKTOP-5URQ9PB" duration="00:00:00.0000067" startTime="2022-06-13T21:11:43.8898791+02:00" endTime="2022-06-13T21:11:43.8899572+02:00" testType="13cdc9d9-ddb5-4fa4-a97d-d965ccfc6d4b" outcome="Passed" testListId="8c84fa94-04c1-424b-9868-57a2d4851a1d" relativeResultsDirectory="ecebcc02-7ac2-4f71-b090-0ef0e9da8502" />
    <UnitTestResult executionId="66138565-a9c2-4687-9eab-958870e2ceb9" testId="9af72072-4b81-4b19-b2fd-1aec1cc76d08" testName="FormatToStringTest1000 (56373.35086238494,56373.35 zł)" computerName="DESKTOP-5URQ9PB" duration="00:00:00.0000063" startTime="2022-06-13T21:11:43.7735202+02:00" endTime="2022-06-13T21:11:43.7735864+02:00" testType="13cdc9d9-ddb5-4fa4-a97d-d965ccfc6d4b" outcome="Passed" testListId="8c84fa94-04c1-424b-9868-57a2d4851a1d" relativeResultsDirectory="66138565-a9c2-4687-9eab-958870e2ceb9" />
    <UnitTestResult executionId="af264cb4-b366-4b74-94a2-6214c9b8e660" testId="b27f1447-7b4b-424c-8431-7c54181b3d79" testName="FormatToStringTest1000 (1614.2516601789982,1614.25 zł)" computerName="DESKTOP-5URQ9PB" duration="00:00:00.0000063" startTime="2022-06-13T21:11:43.6612955+02:00" endTime="2022-06-13T21:11:43.6613620+02:00" testType="13cdc9d9-ddb5-4fa4-a97d-d965ccfc6d4b" outcome="Passed" testListId="8c84fa94-04c1-424b-9868-57a2d4851a1d" relativeResultsDirectory="af264cb4-b366-4b74-94a2-6214c9b8e660" />
    <UnitTestResult executionId="eb7aefd6-3d4b-45b0-8aeb-813a349b3126" testId="9bd71cfa-5bc3-45f7-b40d-71b85e273b66" testName="FormatToStringTest1000 (28033.439084134738,28033.44 zł)" computerName="DESKTOP-5URQ9PB" duration="00:00:00.0000063" startTime="2022-06-13T21:11:43.8296608+02:00" endTime="2022-06-13T21:11:43.8297276+02:00" testType="13cdc9d9-ddb5-4fa4-a97d-d965ccfc6d4b" outcome="Passed" testListId="8c84fa94-04c1-424b-9868-57a2d4851a1d" relativeResultsDirectory="eb7aefd6-3d4b-45b0-8aeb-813a349b3126" />
    <UnitTestResult executionId="ed1e65d2-0bda-40ec-b4ea-f90ddb147a3f" testId="2fd33af2-553f-419a-a60e-e8c1a3fc87cc" testName="FormatToStringTest1000 (28072.424637532058,28072.42 zł)" computerName="DESKTOP-5URQ9PB" duration="00:00:00.0000064" startTime="2022-06-13T21:11:43.6579643+02:00" endTime="2022-06-13T21:11:43.6580324+02:00" testType="13cdc9d9-ddb5-4fa4-a97d-d965ccfc6d4b" outcome="Passed" testListId="8c84fa94-04c1-424b-9868-57a2d4851a1d" relativeResultsDirectory="ed1e65d2-0bda-40ec-b4ea-f90ddb147a3f" />
    <UnitTestResult executionId="edc7f79c-25c1-4f5b-9718-08fda122f20a" testId="dd9b1d35-2833-43e2-8e98-20ce0f470d2c" testName="FormatToStringTest1000 (19210.519530370144,19210.52 zł)" computerName="DESKTOP-5URQ9PB" duration="00:00:00.0000064" startTime="2022-06-13T21:11:43.8776294+02:00" endTime="2022-06-13T21:11:43.8776954+02:00" testType="13cdc9d9-ddb5-4fa4-a97d-d965ccfc6d4b" outcome="Passed" testListId="8c84fa94-04c1-424b-9868-57a2d4851a1d" relativeResultsDirectory="edc7f79c-25c1-4f5b-9718-08fda122f20a" />
    <UnitTestResult executionId="029f8c05-941a-42bc-80a2-7110a5be0d37" testId="42050ddf-6351-424d-a49b-09b645a40411" testName="FormatToStringTest1000 (70771.4436677524,70771.44 zł)" computerName="DESKTOP-5URQ9PB" duration="00:00:00.0000067" startTime="2022-06-13T21:11:43.6809683+02:00" endTime="2022-06-13T21:11:43.6810437+02:00" testType="13cdc9d9-ddb5-4fa4-a97d-d965ccfc6d4b" outcome="Passed" testListId="8c84fa94-04c1-424b-9868-57a2d4851a1d" relativeResultsDirectory="029f8c05-941a-42bc-80a2-7110a5be0d37" />
    <UnitTestResult executionId="b76fb11c-b2b2-4cbd-b175-f12644e47efc" testId="e42f5c78-5140-4661-be79-473645e77d37" testName="FormatToStringTest1000 (964.9678631783313,964.97 zł)" computerName="DESKTOP-5URQ9PB" duration="00:00:00.0000064" startTime="2022-06-13T21:11:43.7472260+02:00" endTime="2022-06-13T21:11:43.7472983+02:00" testType="13cdc9d9-ddb5-4fa4-a97d-d965ccfc6d4b" outcome="Passed" testListId="8c84fa94-04c1-424b-9868-57a2d4851a1d" relativeResultsDirectory="b76fb11c-b2b2-4cbd-b175-f12644e47efc" />
    <UnitTestResult executionId="59fdf1e6-4b1a-49fc-9163-8bc31f56ffd9" testId="89c06ae0-a6de-4d9e-bdff-3cdb16f27d27" testName="FormatToStringTest1000 (72905.64834432845,72905.65 zł)" computerName="DESKTOP-5URQ9PB" duration="00:00:00.0000141" startTime="2022-06-13T21:11:43.9138388+02:00" endTime="2022-06-13T21:11:43.9139260+02:00" testType="13cdc9d9-ddb5-4fa4-a97d-d965ccfc6d4b" outcome="Passed" testListId="8c84fa94-04c1-424b-9868-57a2d4851a1d" relativeResultsDirectory="59fdf1e6-4b1a-49fc-9163-8bc31f56ffd9" />
    <UnitTestResult executionId="7b8830b7-667d-4144-a54d-0d7d4e1aab69" testId="4478b61c-ceda-4d15-87fe-200f396f3205" testName="FormatToStringTest1000 (12379.347974640013,12379.35 zł)" computerName="DESKTOP-5URQ9PB" duration="00:00:00.0000073" startTime="2022-06-13T21:11:43.9588582+02:00" endTime="2022-06-13T21:11:43.9589509+02:00" testType="13cdc9d9-ddb5-4fa4-a97d-d965ccfc6d4b" outcome="Passed" testListId="8c84fa94-04c1-424b-9868-57a2d4851a1d" relativeResultsDirectory="7b8830b7-667d-4144-a54d-0d7d4e1aab69" />
    <UnitTestResult executionId="1a300a9a-2468-4162-b439-d35b046958db" testId="776860fb-ab02-4031-98e3-46c6d7aa0429" testName="FormatToStringTest1000 (4555.538255205163,4555.54 zł)" computerName="DESKTOP-5URQ9PB" duration="00:00:00.0000079" startTime="2022-06-13T21:11:43.7732389+02:00" endTime="2022-06-13T21:11:43.7733275+02:00" testType="13cdc9d9-ddb5-4fa4-a97d-d965ccfc6d4b" outcome="Passed" testListId="8c84fa94-04c1-424b-9868-57a2d4851a1d" relativeResultsDirectory="1a300a9a-2468-4162-b439-d35b046958db" />
    <UnitTestResult executionId="92c3d336-c0c6-4865-893a-bd546abebd7f" testId="1c6348c5-d522-4436-aa22-97dd7e4e8523" testName="FormatToStringTest1000 (25908.345463821825,25908.35 zł)" computerName="DESKTOP-5URQ9PB" duration="00:00:00.0000064" startTime="2022-06-13T21:11:43.8963164+02:00" endTime="2022-06-13T21:11:43.8963821+02:00" testType="13cdc9d9-ddb5-4fa4-a97d-d965ccfc6d4b" outcome="Passed" testListId="8c84fa94-04c1-424b-9868-57a2d4851a1d" relativeResultsDirectory="92c3d336-c0c6-4865-893a-bd546abebd7f" />
    <UnitTestResult executionId="adf97050-2fec-42c1-a0fa-ce3e91f3358f" testId="c1c2fdb0-f5f0-4f1e-8c7f-2ad9683a666e" testName="FormatToStringTest1000 (75024.79122970243,75024.79 zł)" computerName="DESKTOP-5URQ9PB" duration="00:00:00.0000105" startTime="2022-06-13T21:11:43.7498601+02:00" endTime="2022-06-13T21:11:43.7499963+02:00" testType="13cdc9d9-ddb5-4fa4-a97d-d965ccfc6d4b" outcome="Passed" testListId="8c84fa94-04c1-424b-9868-57a2d4851a1d" relativeResultsDirectory="adf97050-2fec-42c1-a0fa-ce3e91f3358f" />
    <UnitTestResult executionId="3769e8b6-eb80-473f-8b8d-9e9e4b0a7a87" testId="a2dc3a67-015e-4c9f-9568-5d56101f6435" testName="FormatToStringTest1000 (11181.228339251702,11181.23 zł)" computerName="DESKTOP-5URQ9PB" duration="00:00:00.0000067" startTime="2022-06-13T21:11:43.9739369+02:00" endTime="2022-06-13T21:11:43.9740061+02:00" testType="13cdc9d9-ddb5-4fa4-a97d-d965ccfc6d4b" outcome="Passed" testListId="8c84fa94-04c1-424b-9868-57a2d4851a1d" relativeResultsDirectory="3769e8b6-eb80-473f-8b8d-9e9e4b0a7a87" />
    <UnitTestResult executionId="68b58bde-5758-4518-95d6-b91e4d907e15" testId="6ddaa1b6-ac9f-46f8-a1f6-5c6615358a9f" testName="FormatToStringTest1000 (18786.954468002055,18786.95 zł)" computerName="DESKTOP-5URQ9PB" duration="00:00:00.0000065" startTime="2022-06-13T21:11:43.8355606+02:00" endTime="2022-06-13T21:11:43.8356288+02:00" testType="13cdc9d9-ddb5-4fa4-a97d-d965ccfc6d4b" outcome="Passed" testListId="8c84fa94-04c1-424b-9868-57a2d4851a1d" relativeResultsDirectory="68b58bde-5758-4518-95d6-b91e4d907e15" />
    <UnitTestResult executionId="afbecde2-09c8-4a8c-9eaf-02afc715471c" testId="40a32aab-bfbd-47ff-a4ed-933346e0ad6f" testName="FormatToStringTest1000 (635.3263313632116,635.33 zł)" computerName="DESKTOP-5URQ9PB" duration="00:00:00.0000084" startTime="2022-06-13T21:11:43.9608765+02:00" endTime="2022-06-13T21:11:43.9609829+02:00" testType="13cdc9d9-ddb5-4fa4-a97d-d965ccfc6d4b" outcome="Passed" testListId="8c84fa94-04c1-424b-9868-57a2d4851a1d" relativeResultsDirectory="afbecde2-09c8-4a8c-9eaf-02afc715471c" />
    <UnitTestResult executionId="4af3b908-a87e-459f-98af-a32ca5463227" testId="7ef161cb-1ec3-4969-91d2-d22a74f7480c" testName="FormatToStringTest1000 (73504.44700518598,73504.45 zł)" computerName="DESKTOP-5URQ9PB" duration="00:00:00.0000064" startTime="2022-06-13T21:11:43.9759868+02:00" endTime="2022-06-13T21:11:43.9760537+02:00" testType="13cdc9d9-ddb5-4fa4-a97d-d965ccfc6d4b" outcome="Passed" testListId="8c84fa94-04c1-424b-9868-57a2d4851a1d" relativeResultsDirectory="4af3b908-a87e-459f-98af-a32ca5463227" />
    <UnitTestResult executionId="f532a9cf-c266-4d2d-ac87-8af22858e972" testId="92404baf-7eca-4103-8b68-44ea8eaedc42" testName="FormatToStringTest1000 (270.1894008262033,270.19 zł)" computerName="DESKTOP-5URQ9PB" duration="00:00:00.0000064" startTime="2022-06-13T21:11:43.7907039+02:00" endTime="2022-06-13T21:11:43.7907721+02:00" testType="13cdc9d9-ddb5-4fa4-a97d-d965ccfc6d4b" outcome="Passed" testListId="8c84fa94-04c1-424b-9868-57a2d4851a1d" relativeResultsDirectory="f532a9cf-c266-4d2d-ac87-8af22858e972" />
    <UnitTestResult executionId="a9fa0c59-0bfa-4cf3-b80c-591cc021a7ec" testId="560ecd29-d828-4b7f-906f-b6f58473c5a4" testName="FormatToStringTest1000 (31971.185406704986,31971.19 zł)" computerName="DESKTOP-5URQ9PB" duration="00:00:00.0000063" startTime="2022-06-13T21:11:43.8356472+02:00" endTime="2022-06-13T21:11:43.8357143+02:00" testType="13cdc9d9-ddb5-4fa4-a97d-d965ccfc6d4b" outcome="Passed" testListId="8c84fa94-04c1-424b-9868-57a2d4851a1d" relativeResultsDirectory="a9fa0c59-0bfa-4cf3-b80c-591cc021a7ec" />
    <UnitTestResult executionId="13acfe7b-98b9-48d6-bf07-a78080c42e20" testId="e744b7b3-947a-42fd-9541-9777e9236d3f" testName="FormatToStringTest1000 (37614.50159416278,37614.50 zł)" computerName="DESKTOP-5URQ9PB" duration="00:00:00.0000063" startTime="2022-06-13T21:11:43.9614944+02:00" endTime="2022-06-13T21:11:43.9615588+02:00" testType="13cdc9d9-ddb5-4fa4-a97d-d965ccfc6d4b" outcome="Passed" testListId="8c84fa94-04c1-424b-9868-57a2d4851a1d" relativeResultsDirectory="13acfe7b-98b9-48d6-bf07-a78080c42e20" />
    <UnitTestResult executionId="b63b41f8-51ce-43b9-951f-de6fd6dad9b6" testId="612d984c-23ed-4294-8c34-9214cfc0064f" testName="FormatToStringTest1000 (70149.17842025738,70149.18 zł)" computerName="DESKTOP-5URQ9PB" duration="00:00:00.0000068" startTime="2022-06-13T21:11:43.8422990+02:00" endTime="2022-06-13T21:11:43.8423750+02:00" testType="13cdc9d9-ddb5-4fa4-a97d-d965ccfc6d4b" outcome="Passed" testListId="8c84fa94-04c1-424b-9868-57a2d4851a1d" relativeResultsDirectory="b63b41f8-51ce-43b9-951f-de6fd6dad9b6" />
    <UnitTestResult executionId="b5b0d30f-3da5-4be1-9380-0ee5c855223c" testId="a97cddb2-f969-4808-a0bb-c87cdcc9abe6" testName="FormatToStringTest1000 (22831.975917587977,22831.98 zł)" computerName="DESKTOP-5URQ9PB" duration="00:00:00.0000073" startTime="2022-06-13T21:11:43.8360933+02:00" endTime="2022-06-13T21:11:43.8361605+02:00" testType="13cdc9d9-ddb5-4fa4-a97d-d965ccfc6d4b" outcome="Passed" testListId="8c84fa94-04c1-424b-9868-57a2d4851a1d" relativeResultsDirectory="b5b0d30f-3da5-4be1-9380-0ee5c855223c" />
    <UnitTestResult executionId="a4107f64-59f9-44cf-9703-8a8564751d26" testId="50c27278-fb21-4df8-b595-8ed7d45a54c7" testName="FormatToStringTest1000 (2963.24443391815,2963.24 zł)" computerName="DESKTOP-5URQ9PB" duration="00:00:00.0000104" startTime="2022-06-13T21:11:43.8385470+02:00" endTime="2022-06-13T21:11:43.8386625+02:00" testType="13cdc9d9-ddb5-4fa4-a97d-d965ccfc6d4b" outcome="Passed" testListId="8c84fa94-04c1-424b-9868-57a2d4851a1d" relativeResultsDirectory="a4107f64-59f9-44cf-9703-8a8564751d26" />
    <UnitTestResult executionId="84d912f3-260a-4b15-a66e-cc64d6d2388b" testId="9885f4ee-b712-43e5-9204-37f955177f94" testName="FormatToStringTest1000 (26133.133789601336,26133.13 zł)" computerName="DESKTOP-5URQ9PB" duration="00:00:00.0000065" startTime="2022-06-13T21:11:43.6841745+02:00" endTime="2022-06-13T21:11:43.6842510+02:00" testType="13cdc9d9-ddb5-4fa4-a97d-d965ccfc6d4b" outcome="Passed" testListId="8c84fa94-04c1-424b-9868-57a2d4851a1d" relativeResultsDirectory="84d912f3-260a-4b15-a66e-cc64d6d2388b" />
    <UnitTestResult executionId="e2a0c466-05b0-462e-bd4c-38b3eeb250ad" testId="30c8d880-c67d-441c-863f-64a5096a312a" testName="FormatToStringTest1000 (5504.094303639184,5504.09 zł)" computerName="DESKTOP-5URQ9PB" duration="00:00:00.0000063" startTime="2022-06-13T21:11:43.7766237+02:00" endTime="2022-06-13T21:11:43.7766899+02:00" testType="13cdc9d9-ddb5-4fa4-a97d-d965ccfc6d4b" outcome="Passed" testListId="8c84fa94-04c1-424b-9868-57a2d4851a1d" relativeResultsDirectory="e2a0c466-05b0-462e-bd4c-38b3eeb250ad" />
    <UnitTestResult executionId="c2785d54-11d5-4fd4-baca-bb1b76791058" testId="fb57ca97-493e-4cd9-a632-9904d7e76750" testName="FormatToStringTest1000 (57671.67669738675,57671.68 zł)" computerName="DESKTOP-5URQ9PB" duration="00:00:00.0000063" startTime="2022-06-13T21:11:43.9506973+02:00" endTime="2022-06-13T21:11:43.9507620+02:00" testType="13cdc9d9-ddb5-4fa4-a97d-d965ccfc6d4b" outcome="Passed" testListId="8c84fa94-04c1-424b-9868-57a2d4851a1d" relativeResultsDirectory="c2785d54-11d5-4fd4-baca-bb1b76791058" />
    <UnitTestResult executionId="7d0ff59c-012b-4ade-a7de-1634ba5170a9" testId="65c56a3e-6f05-45b7-b137-648dcc289d9e" testName="FormatToStringTest1000 (11430.666613002619,11430.67 zł)" computerName="DESKTOP-5URQ9PB" duration="00:00:00.0000065" startTime="2022-06-13T21:11:43.7176669+02:00" endTime="2022-06-13T21:11:43.7177350+02:00" testType="13cdc9d9-ddb5-4fa4-a97d-d965ccfc6d4b" outcome="Passed" testListId="8c84fa94-04c1-424b-9868-57a2d4851a1d" relativeResultsDirectory="7d0ff59c-012b-4ade-a7de-1634ba5170a9" />
    <UnitTestResult executionId="b505ac00-1999-4ae4-9528-afae9ea0f24a" testId="cf5d4808-efd4-4871-95dc-3f864b50f9e4" testName="FormatToStringTest1000 (3799.9216302064815,3799.92 zł)" computerName="DESKTOP-5URQ9PB" duration="00:00:00.0000062" startTime="2022-06-13T21:11:43.7708312+02:00" endTime="2022-06-13T21:11:43.7708969+02:00" testType="13cdc9d9-ddb5-4fa4-a97d-d965ccfc6d4b" outcome="Passed" testListId="8c84fa94-04c1-424b-9868-57a2d4851a1d" relativeResultsDirectory="b505ac00-1999-4ae4-9528-afae9ea0f24a" />
    <UnitTestResult executionId="5ecafcd3-7d1d-4937-8ddf-77094be61f6a" testId="f8324429-e037-4902-b3d7-4621add4e434" testName="FormatToStringTest1000 (1896.1704506483723,1896.17 zł)" computerName="DESKTOP-5URQ9PB" duration="00:00:00.0000065" startTime="2022-06-13T21:11:43.7506098+02:00" endTime="2022-06-13T21:11:43.7506857+02:00" testType="13cdc9d9-ddb5-4fa4-a97d-d965ccfc6d4b" outcome="Passed" testListId="8c84fa94-04c1-424b-9868-57a2d4851a1d" relativeResultsDirectory="5ecafcd3-7d1d-4937-8ddf-77094be61f6a" />
    <UnitTestResult executionId="7017f226-4183-4253-87ef-09050a261274" testId="33a69d0e-2f00-465b-8e28-6a5509523fe5" testName="FormatToStringTest1000 (13745.115971449817,13745.12 zł)" computerName="DESKTOP-5URQ9PB" duration="00:00:00.0000072" startTime="2022-06-13T21:11:43.7141369+02:00" endTime="2022-06-13T21:11:43.7142176+02:00" testType="13cdc9d9-ddb5-4fa4-a97d-d965ccfc6d4b" outcome="Passed" testListId="8c84fa94-04c1-424b-9868-57a2d4851a1d" relativeResultsDirectory="7017f226-4183-4253-87ef-09050a261274" />
    <UnitTestResult executionId="4e549424-d66b-4e4b-bef9-f10b747e5c31" testId="a0919a17-c6fa-486f-be03-472943c95ffa" testName="FormatToStringTest1000 (9818.257405763146,9818.26 zł)" computerName="DESKTOP-5URQ9PB" duration="00:00:00.0000069" startTime="2022-06-13T21:11:43.9079790+02:00" endTime="2022-06-13T21:11:43.9080453+02:00" testType="13cdc9d9-ddb5-4fa4-a97d-d965ccfc6d4b" outcome="Passed" testListId="8c84fa94-04c1-424b-9868-57a2d4851a1d" relativeResultsDirectory="4e549424-d66b-4e4b-bef9-f10b747e5c31" />
    <UnitTestResult executionId="cc027e3e-3f4a-4af0-9a41-b60677982626" testId="62b6f267-b166-413c-90db-343b01de9e44" testName="FormatToStringTest1000 (6220.182014914314,6220.18 zł)" computerName="DESKTOP-5URQ9PB" duration="00:00:00.0000063" startTime="2022-06-13T21:11:43.8916860+02:00" endTime="2022-06-13T21:11:43.8917530+02:00" testType="13cdc9d9-ddb5-4fa4-a97d-d965ccfc6d4b" outcome="Passed" testListId="8c84fa94-04c1-424b-9868-57a2d4851a1d" relativeResultsDirectory="cc027e3e-3f4a-4af0-9a41-b60677982626" />
    <UnitTestResult executionId="c5e8bd13-f8f3-46e4-860f-bcbcce281de3" testId="cfbe4f9a-8c2f-496d-a4d8-869818d0dc29" testName="FormatToStringTest1000 (17835.54606576988,17835.55 zł)" computerName="DESKTOP-5URQ9PB" duration="00:00:00.0000065" startTime="2022-06-13T21:11:43.6875050+02:00" endTime="2022-06-13T21:11:43.6875722+02:00" testType="13cdc9d9-ddb5-4fa4-a97d-d965ccfc6d4b" outcome="Passed" testListId="8c84fa94-04c1-424b-9868-57a2d4851a1d" relativeResultsDirectory="c5e8bd13-f8f3-46e4-860f-bcbcce281de3" />
    <UnitTestResult executionId="98dda894-c0ce-4dd0-8b3f-23970faa26d9" testId="dea493f2-4202-4a63-9aeb-bcdba34cf40f" testName="FormatToStringTest1000 (468.83385119346616,468.83 zł)" computerName="DESKTOP-5URQ9PB" duration="00:00:00.0000079" startTime="2022-06-13T21:11:43.6606692+02:00" endTime="2022-06-13T21:11:43.6607573+02:00" testType="13cdc9d9-ddb5-4fa4-a97d-d965ccfc6d4b" outcome="Passed" testListId="8c84fa94-04c1-424b-9868-57a2d4851a1d" relativeResultsDirectory="98dda894-c0ce-4dd0-8b3f-23970faa26d9" />
    <UnitTestResult executionId="4d50d461-0174-4a23-879f-a16344c3663f" testId="e7472f23-c39e-4501-96a9-fa5df78204e8" testName="FormatToStringTest1000 (26515.80237687929,26515.80 zł)" computerName="DESKTOP-5URQ9PB" duration="00:00:00.0000064" startTime="2022-06-13T21:11:43.6486233+02:00" endTime="2022-06-13T21:11:43.6486907+02:00" testType="13cdc9d9-ddb5-4fa4-a97d-d965ccfc6d4b" outcome="Passed" testListId="8c84fa94-04c1-424b-9868-57a2d4851a1d" relativeResultsDirectory="4d50d461-0174-4a23-879f-a16344c3663f" />
    <UnitTestResult executionId="11ca0705-a91f-4cf6-b453-0c7a8e0bc26a" testId="f7faf970-fc8c-4fe8-a6be-670078375ed9" testName="FormatToStringTest1000 (16402.16316587206,16402.16 zł)" computerName="DESKTOP-5URQ9PB" duration="00:00:00.0000064" startTime="2022-06-13T21:11:43.8168094+02:00" endTime="2022-06-13T21:11:43.8168760+02:00" testType="13cdc9d9-ddb5-4fa4-a97d-d965ccfc6d4b" outcome="Passed" testListId="8c84fa94-04c1-424b-9868-57a2d4851a1d" relativeResultsDirectory="11ca0705-a91f-4cf6-b453-0c7a8e0bc26a" />
    <UnitTestResult executionId="4d5f0ea1-3b2b-4c8a-8d66-b40b8effa119" testId="2e14846b-6329-4a65-b7b1-86eae8f81603" testName="FormatToStringTest1000 (90187.4082624374,90187.41 zł)" computerName="DESKTOP-5URQ9PB" duration="00:00:00.0000063" startTime="2022-06-13T21:11:43.9695449+02:00" endTime="2022-06-13T21:11:43.9696075+02:00" testType="13cdc9d9-ddb5-4fa4-a97d-d965ccfc6d4b" outcome="Passed" testListId="8c84fa94-04c1-424b-9868-57a2d4851a1d" relativeResultsDirectory="4d5f0ea1-3b2b-4c8a-8d66-b40b8effa119" />
    <UnitTestResult executionId="0b83f19f-40b0-48bc-b701-1e1e6111a8e6" testId="71edfb1f-d300-4da0-8014-b4191bdd3e9c" testName="FormatToStringTest1000 (65809.35218338219,65809.35 zł)" computerName="DESKTOP-5URQ9PB" duration="00:00:00.0000064" startTime="2022-06-13T21:11:43.9570259+02:00" endTime="2022-06-13T21:11:43.9570911+02:00" testType="13cdc9d9-ddb5-4fa4-a97d-d965ccfc6d4b" outcome="Passed" testListId="8c84fa94-04c1-424b-9868-57a2d4851a1d" relativeResultsDirectory="0b83f19f-40b0-48bc-b701-1e1e6111a8e6" />
    <UnitTestResult executionId="b91a81b2-a170-437f-8874-ffca57cce146" testId="50476691-0850-4854-8fc6-40bb1845c18a" testName="FormatToStringTest1000 (37954.34384365396,37954.34 zł)" computerName="DESKTOP-5URQ9PB" duration="00:00:00.0000072" startTime="2022-06-13T21:11:43.9311703+02:00" endTime="2022-06-13T21:11:43.9312493+02:00" testType="13cdc9d9-ddb5-4fa4-a97d-d965ccfc6d4b" outcome="Passed" testListId="8c84fa94-04c1-424b-9868-57a2d4851a1d" relativeResultsDirectory="b91a81b2-a170-437f-8874-ffca57cce146" />
    <UnitTestResult executionId="069f1679-e5e7-421c-81ca-e105fa7706c7" testId="baad9afb-72de-4cb4-acf6-a17f4300431f" testName="FormatToStringTest1000 (238.1379397484185,238.14 zł)" computerName="DESKTOP-5URQ9PB" duration="00:00:00.0000066" startTime="2022-06-13T21:11:43.7465795+02:00" endTime="2022-06-13T21:11:43.7466535+02:00" testType="13cdc9d9-ddb5-4fa4-a97d-d965ccfc6d4b" outcome="Passed" testListId="8c84fa94-04c1-424b-9868-57a2d4851a1d" relativeResultsDirectory="069f1679-e5e7-421c-81ca-e105fa7706c7" />
    <UnitTestResult executionId="e175d18a-c09e-4095-985e-4cb1eebf9fbb" testId="8228e288-2964-431f-955b-d114a205eca0" testName="FormatToStringTest1000 (76751.79413498091,76751.79 zł)" computerName="DESKTOP-5URQ9PB" duration="00:00:00.0000064" startTime="2022-06-13T21:11:43.8264412+02:00" endTime="2022-06-13T21:11:43.8265081+02:00" testType="13cdc9d9-ddb5-4fa4-a97d-d965ccfc6d4b" outcome="Passed" testListId="8c84fa94-04c1-424b-9868-57a2d4851a1d" relativeResultsDirectory="e175d18a-c09e-4095-985e-4cb1eebf9fbb" />
    <UnitTestResult executionId="432991df-57cf-47f4-84eb-9f15bef30123" testId="4d1215d4-fa44-4ef5-ba3e-51ea9b9d320d" testName="FormatToStringTest1000 (79.6815319544084,79.68 zł)" computerName="DESKTOP-5URQ9PB" duration="00:00:00.0000173" startTime="2022-06-13T21:11:43.6478968+02:00" endTime="2022-06-13T21:11:43.6480613+02:00" testType="13cdc9d9-ddb5-4fa4-a97d-d965ccfc6d4b" outcome="Passed" testListId="8c84fa94-04c1-424b-9868-57a2d4851a1d" relativeResultsDirectory="432991df-57cf-47f4-84eb-9f15bef30123" />
    <UnitTestResult executionId="ae49c199-5271-4c0f-923d-d0749e53a378" testId="5375c6ff-f448-4bf1-af3b-bc33437554b7" testName="FormatToStringTest1000 (35967.54466809684,35967.54 zł)" computerName="DESKTOP-5URQ9PB" duration="00:00:00.0000064" startTime="2022-06-13T21:11:43.9080622+02:00" endTime="2022-06-13T21:11:43.9081265+02:00" testType="13cdc9d9-ddb5-4fa4-a97d-d965ccfc6d4b" outcome="Passed" testListId="8c84fa94-04c1-424b-9868-57a2d4851a1d" relativeResultsDirectory="ae49c199-5271-4c0f-923d-d0749e53a378" />
    <UnitTestResult executionId="8df24dd3-4f97-49f6-979d-e7f6c2bcf2a3" testId="75107e7b-9b41-4cfc-92a7-823508c45dcf" testName="FormatToStringTest1000 (67338.80028760935,67338.80 zł)" computerName="DESKTOP-5URQ9PB" duration="00:00:00.0000065" startTime="2022-06-13T21:11:43.6576669+02:00" endTime="2022-06-13T21:11:43.6577356+02:00" testType="13cdc9d9-ddb5-4fa4-a97d-d965ccfc6d4b" outcome="Passed" testListId="8c84fa94-04c1-424b-9868-57a2d4851a1d" relativeResultsDirectory="8df24dd3-4f97-49f6-979d-e7f6c2bcf2a3" />
    <UnitTestResult executionId="5f9a8808-21f8-49d0-93d6-dec6ae6ff264" testId="050cc8c3-0626-4874-8b2f-751969e5ad61" testName="FormatToStringTest1000 (18490.912787030877,18490.91 zł)" computerName="DESKTOP-5URQ9PB" duration="00:00:00.0000063" startTime="2022-06-13T21:11:43.9121840+02:00" endTime="2022-06-13T21:11:43.9122480+02:00" testType="13cdc9d9-ddb5-4fa4-a97d-d965ccfc6d4b" outcome="Passed" testListId="8c84fa94-04c1-424b-9868-57a2d4851a1d" relativeResultsDirectory="5f9a8808-21f8-49d0-93d6-dec6ae6ff264" />
    <UnitTestResult executionId="50f7dab4-2495-4add-a017-096ac52bfab5" testId="8e33e669-1762-4121-8a43-8a9ac3990c15" testName="FormatToStringTest1000 (16819.974312979717,16819.97 zł)" computerName="DESKTOP-5URQ9PB" duration="00:00:00.0000064" startTime="2022-06-13T21:11:43.7876201+02:00" endTime="2022-06-13T21:11:43.7876875+02:00" testType="13cdc9d9-ddb5-4fa4-a97d-d965ccfc6d4b" outcome="Passed" testListId="8c84fa94-04c1-424b-9868-57a2d4851a1d" relativeResultsDirectory="50f7dab4-2495-4add-a017-096ac52bfab5" />
    <UnitTestResult executionId="11cbaac7-4154-46cf-934a-fed2c2fcadda" testId="1dc4268f-5b67-46bd-9124-eeea8668a7fb" testName="FormatToStringTest1000 (60323.066780431225,60323.07 zł)" computerName="DESKTOP-5URQ9PB" duration="00:00:00.0000065" startTime="2022-06-13T21:11:43.7282724+02:00" endTime="2022-06-13T21:11:43.7283392+02:00" testType="13cdc9d9-ddb5-4fa4-a97d-d965ccfc6d4b" outcome="Passed" testListId="8c84fa94-04c1-424b-9868-57a2d4851a1d" relativeResultsDirectory="11cbaac7-4154-46cf-934a-fed2c2fcadda" />
    <UnitTestResult executionId="dc1c4b30-f783-4ba7-acc6-79057c7acbb0" testId="a6988c8f-c68f-4c76-9f7f-99465b0e482b" testName="FormatToStringTest1000 (16383.352881839199,16383.35 zł)" computerName="DESKTOP-5URQ9PB" duration="00:00:00.0000065" startTime="2022-06-13T21:11:43.6700911+02:00" endTime="2022-06-13T21:11:43.6701659+02:00" testType="13cdc9d9-ddb5-4fa4-a97d-d965ccfc6d4b" outcome="Passed" testListId="8c84fa94-04c1-424b-9868-57a2d4851a1d" relativeResultsDirectory="dc1c4b30-f783-4ba7-acc6-79057c7acbb0" />
    <UnitTestResult executionId="ca340f67-838c-45ca-873c-40103b1062df" testId="2271783a-2c85-49a7-a9f3-2f56bd67b107" testName="FormatToStringTest1000 (6145.531235831571,6145.53 zł)" computerName="DESKTOP-5URQ9PB" duration="00:00:00.0000064" startTime="2022-06-13T21:11:43.7675381+02:00" endTime="2022-06-13T21:11:43.7676048+02:00" testType="13cdc9d9-ddb5-4fa4-a97d-d965ccfc6d4b" outcome="Passed" testListId="8c84fa94-04c1-424b-9868-57a2d4851a1d" relativeResultsDirectory="ca340f67-838c-45ca-873c-40103b1062df" />
    <UnitTestResult executionId="30f0a335-1d1f-41ce-92ee-82bd15d31276" testId="3ae91bde-ef82-4a23-9dee-905dad3e6319" testName="FormatToStringTest1000 (1073.195098933389,1073.20 zł)" computerName="DESKTOP-5URQ9PB" duration="00:00:00.0000074" startTime="2022-06-13T21:11:43.8849504+02:00" endTime="2022-06-13T21:11:43.8850248+02:00" testType="13cdc9d9-ddb5-4fa4-a97d-d965ccfc6d4b" outcome="Passed" testListId="8c84fa94-04c1-424b-9868-57a2d4851a1d" relativeResultsDirectory="30f0a335-1d1f-41ce-92ee-82bd15d31276" />
    <UnitTestResult executionId="b30a13d6-e9ef-445f-a159-2746af9dedd8" testId="71934a2d-9c90-4b67-9f74-6c72fc27ab03" testName="FormatToStringTest1000 (26686.08488193065,26686.08 zł)" computerName="DESKTOP-5URQ9PB" duration="00:00:00.0000498" startTime="2022-06-13T21:11:43.8689507+02:00" endTime="2022-06-13T21:11:43.8692571+02:00" testType="13cdc9d9-ddb5-4fa4-a97d-d965ccfc6d4b" outcome="Passed" testListId="8c84fa94-04c1-424b-9868-57a2d4851a1d" relativeResultsDirectory="b30a13d6-e9ef-445f-a159-2746af9dedd8" />
    <UnitTestResult executionId="57502e65-f947-46b7-a436-dd69632de6aa" testId="015911aa-d2bf-418d-8d44-1e9fc3c42c64" testName="FormatToStringTest1000 (77919.64716867341,77919.65 zł)" computerName="DESKTOP-5URQ9PB" duration="00:00:00.0000069" startTime="2022-06-13T21:11:43.7408006+02:00" endTime="2022-06-13T21:11:43.7408664+02:00" testType="13cdc9d9-ddb5-4fa4-a97d-d965ccfc6d4b" outcome="Passed" testListId="8c84fa94-04c1-424b-9868-57a2d4851a1d" relativeResultsDirectory="57502e65-f947-46b7-a436-dd69632de6aa" />
    <UnitTestResult executionId="af44d8d2-bfe4-47ff-9b9b-8062169bee32" testId="61a41d52-cf86-404b-bc04-3201ad361014" testName="FormatToStringTest1000 (9628.688698104437,9628.69 zł)" computerName="DESKTOP-5URQ9PB" duration="00:00:00.0000065" startTime="2022-06-13T21:11:43.9420349+02:00" endTime="2022-06-13T21:11:43.9421060+02:00" testType="13cdc9d9-ddb5-4fa4-a97d-d965ccfc6d4b" outcome="Passed" testListId="8c84fa94-04c1-424b-9868-57a2d4851a1d" relativeResultsDirectory="af44d8d2-bfe4-47ff-9b9b-8062169bee32" />
    <UnitTestResult executionId="a43124e1-a282-4c67-9843-bc19aa89d549" testId="5bcf2836-dacc-4080-b716-35e24767010f" testName="FormatToStringTest1000 (5317.9582678023535,5317.96 zł)" computerName="DESKTOP-5URQ9PB" duration="00:00:00.0000064" startTime="2022-06-13T21:11:43.8746494+02:00" endTime="2022-06-13T21:11:43.8747163+02:00" testType="13cdc9d9-ddb5-4fa4-a97d-d965ccfc6d4b" outcome="Passed" testListId="8c84fa94-04c1-424b-9868-57a2d4851a1d" relativeResultsDirectory="a43124e1-a282-4c67-9843-bc19aa89d549" />
    <UnitTestResult executionId="b690ed5a-f738-45bb-96da-f935bdce4e4b" testId="551c7239-5dcf-4674-846b-d57b8873fa22" testName="FormatToStringTest1000 (904.351189922705,904.35 zł)" computerName="DESKTOP-5URQ9PB" duration="00:00:00.0000062" startTime="2022-06-13T21:11:43.9377032+02:00" endTime="2022-06-13T21:11:43.9377653+02:00" testType="13cdc9d9-ddb5-4fa4-a97d-d965ccfc6d4b" outcome="Passed" testListId="8c84fa94-04c1-424b-9868-57a2d4851a1d" relativeResultsDirectory="b690ed5a-f738-45bb-96da-f935bdce4e4b" />
    <UnitTestResult executionId="6061748a-bbbe-439b-8caa-5bdf09acd97e" testId="ab7c619e-d1c2-4ac3-bae5-e546700a952e" testName="FormatToStringTest1000 (6035.818653228608,6035.82 zł)" computerName="DESKTOP-5URQ9PB" duration="00:00:00.0000071" startTime="2022-06-13T21:11:43.7672001+02:00" endTime="2022-06-13T21:11:43.7672677+02:00" testType="13cdc9d9-ddb5-4fa4-a97d-d965ccfc6d4b" outcome="Passed" testListId="8c84fa94-04c1-424b-9868-57a2d4851a1d" relativeResultsDirectory="6061748a-bbbe-439b-8caa-5bdf09acd97e" />
    <UnitTestResult executionId="884d4c04-3144-4601-a941-d05c3ccee733" testId="5583978a-9a1c-425b-b238-94cb380c3a40" testName="FormatToStringTest1000 (19462.729986486367,19462.73 zł)" computerName="DESKTOP-5URQ9PB" duration="00:00:00.0000087" startTime="2022-06-13T21:11:43.8978401+02:00" endTime="2022-06-13T21:11:43.8979412+02:00" testType="13cdc9d9-ddb5-4fa4-a97d-d965ccfc6d4b" outcome="Passed" testListId="8c84fa94-04c1-424b-9868-57a2d4851a1d" relativeResultsDirectory="884d4c04-3144-4601-a941-d05c3ccee733" />
    <UnitTestResult executionId="76e659a9-e189-4f6a-a5dc-6680ec7cf86b" testId="f6e81a73-dd43-4a4e-ae07-ad7fb8d5ab11" testName="FormatToStringTest1000 (18627.604896394354,18627.60 zł)" computerName="DESKTOP-5URQ9PB" duration="00:00:00.0000064" startTime="2022-06-13T21:11:43.8796719+02:00" endTime="2022-06-13T21:11:43.8797392+02:00" testType="13cdc9d9-ddb5-4fa4-a97d-d965ccfc6d4b" outcome="Passed" testListId="8c84fa94-04c1-424b-9868-57a2d4851a1d" relativeResultsDirectory="76e659a9-e189-4f6a-a5dc-6680ec7cf86b" />
    <UnitTestResult executionId="e62373f5-76e7-4af2-bc77-3a39858b076b" testId="d781c173-4e88-4aee-bb6f-c486b0df281f" testName="FormatToStringTest1000 (464.74397441965715,464.74 zł)" computerName="DESKTOP-5URQ9PB" duration="00:00:00.0000064" startTime="2022-06-13T21:11:43.8292426+02:00" endTime="2022-06-13T21:11:43.8293090+02:00" testType="13cdc9d9-ddb5-4fa4-a97d-d965ccfc6d4b" outcome="Passed" testListId="8c84fa94-04c1-424b-9868-57a2d4851a1d" relativeResultsDirectory="e62373f5-76e7-4af2-bc77-3a39858b076b" />
    <UnitTestResult executionId="91db261e-ed27-4cd4-913b-f867f1f39336" testId="c1acab62-1ede-4876-b7bc-6897c714ae64" testName="FormatToStringTest1000 (743.047944508981,743.05 zł)" computerName="DESKTOP-5URQ9PB" duration="00:00:00.0000253" startTime="2022-06-13T21:11:43.8664934+02:00" endTime="2022-06-13T21:11:43.8666557+02:00" testType="13cdc9d9-ddb5-4fa4-a97d-d965ccfc6d4b" outcome="Passed" testListId="8c84fa94-04c1-424b-9868-57a2d4851a1d" relativeResultsDirectory="91db261e-ed27-4cd4-913b-f867f1f39336" />
    <UnitTestResult executionId="36a21c39-773c-4b7d-b02a-a09ae7333068" testId="530a3489-0d24-4bc9-8619-610bf7c6ba4f" testName="FormatToStringTest1000 (26207.03715363659,26207.04 zł)" computerName="DESKTOP-5URQ9PB" duration="00:00:00.0000066" startTime="2022-06-13T21:11:43.7175791+02:00" endTime="2022-06-13T21:11:43.7176493+02:00" testType="13cdc9d9-ddb5-4fa4-a97d-d965ccfc6d4b" outcome="Passed" testListId="8c84fa94-04c1-424b-9868-57a2d4851a1d" relativeResultsDirectory="36a21c39-773c-4b7d-b02a-a09ae7333068" />
    <UnitTestResult executionId="2afaa128-76cb-4865-a821-8581c7230b64" testId="849a35b4-6c97-4d71-9e18-609ae23a025c" testName="FormatToStringTest1000 (43222.47958431695,43222.48 zł)" computerName="DESKTOP-5URQ9PB" duration="00:00:00.0000071" startTime="2022-06-13T21:11:43.6906125+02:00" endTime="2022-06-13T21:11:43.6906799+02:00" testType="13cdc9d9-ddb5-4fa4-a97d-d965ccfc6d4b" outcome="Passed" testListId="8c84fa94-04c1-424b-9868-57a2d4851a1d" relativeResultsDirectory="2afaa128-76cb-4865-a821-8581c7230b64" />
    <UnitTestResult executionId="590631cf-dbc4-438f-ae4e-61f36ef89ac1" testId="c337b762-b3c1-44f2-bcc8-9dca0c001759" testName="FormatToStringTest1000 (37.631227987646696,37.63 zł)" computerName="DESKTOP-5URQ9PB" duration="00:00:00.0000062" startTime="2022-06-13T21:11:43.9452559+02:00" endTime="2022-06-13T21:11:43.9453204+02:00" testType="13cdc9d9-ddb5-4fa4-a97d-d965ccfc6d4b" outcome="Passed" testListId="8c84fa94-04c1-424b-9868-57a2d4851a1d" relativeResultsDirectory="590631cf-dbc4-438f-ae4e-61f36ef89ac1" />
    <UnitTestResult executionId="c6dd1226-eb6c-4c89-9dc7-ea07b8d0268e" testId="5044ca14-d24d-4f73-855b-6d76ec6f4468" testName="FormatToStringTest1000 (6213.265206352466,6213.27 zł)" computerName="DESKTOP-5URQ9PB" duration="00:00:00.0000065" startTime="2022-06-13T21:11:43.7733480+02:00" endTime="2022-06-13T21:11:43.7734173+02:00" testType="13cdc9d9-ddb5-4fa4-a97d-d965ccfc6d4b" outcome="Passed" testListId="8c84fa94-04c1-424b-9868-57a2d4851a1d" relativeResultsDirectory="c6dd1226-eb6c-4c89-9dc7-ea07b8d0268e" />
    <UnitTestResult executionId="9545d2b3-dca1-4521-a5ac-8be0eec8aa2e" testId="d439eb8c-9e0a-40e0-8b82-d81961c0c017" testName="FormatToStringTest1000 (15313.083673952653,15313.08 zł)" computerName="DESKTOP-5URQ9PB" duration="00:00:00.0000072" startTime="2022-06-13T21:11:43.7794456+02:00" endTime="2022-06-13T21:11:43.7795265+02:00" testType="13cdc9d9-ddb5-4fa4-a97d-d965ccfc6d4b" outcome="Passed" testListId="8c84fa94-04c1-424b-9868-57a2d4851a1d" relativeResultsDirectory="9545d2b3-dca1-4521-a5ac-8be0eec8aa2e" />
    <UnitTestResult executionId="43985472-f40a-4795-b883-a3c6557e078f" testId="6b140bea-a435-4cf0-975a-263698f01b51" testName="FormatToStringTest1000 (36760.171806480816,36760.17 zł)" computerName="DESKTOP-5URQ9PB" duration="00:00:00.0000063" startTime="2022-06-13T21:11:43.9160297+02:00" endTime="2022-06-13T21:11:43.9160943+02:00" testType="13cdc9d9-ddb5-4fa4-a97d-d965ccfc6d4b" outcome="Passed" testListId="8c84fa94-04c1-424b-9868-57a2d4851a1d" relativeResultsDirectory="43985472-f40a-4795-b883-a3c6557e078f" />
    <UnitTestResult executionId="c5e9f3ac-c3d6-4b2f-bc22-6e3c08bd8ecb" testId="6414b9a1-ab98-41a4-8b5a-e10a9e4e6b5c" testName="FormatToStringTest1000 (972.1468308629221,972.15 zł)" computerName="DESKTOP-5URQ9PB" duration="00:00:00.0000064" startTime="2022-06-13T21:11:43.8750908+02:00" endTime="2022-06-13T21:11:43.8751579+02:00" testType="13cdc9d9-ddb5-4fa4-a97d-d965ccfc6d4b" outcome="Passed" testListId="8c84fa94-04c1-424b-9868-57a2d4851a1d" relativeResultsDirectory="c5e9f3ac-c3d6-4b2f-bc22-6e3c08bd8ecb" />
    <UnitTestResult executionId="ce3ec00d-2d18-4dcb-b192-c226799bd88c" testId="23fe816c-afe7-4a11-b87d-ac6149a9ee9b" testName="FormatToStringTest1000 (22494.46807976834,22494.47 zł)" computerName="DESKTOP-5URQ9PB" duration="00:00:00.0000067" startTime="2022-06-13T21:11:43.9098969+02:00" endTime="2022-06-13T21:11:43.9099731+02:00" testType="13cdc9d9-ddb5-4fa4-a97d-d965ccfc6d4b" outcome="Passed" testListId="8c84fa94-04c1-424b-9868-57a2d4851a1d" relativeResultsDirectory="ce3ec00d-2d18-4dcb-b192-c226799bd88c" />
    <UnitTestResult executionId="d109ce38-937b-4676-9e5d-51289a929fee" testId="b5f5b35f-c765-4b80-bdb3-d27a8a2f55bc" testName="FormatToStringTest1000 (42767.96883676898,42767.97 zł)" computerName="DESKTOP-5URQ9PB" duration="00:00:00.0000063" startTime="2022-06-13T21:11:43.9202717+02:00" endTime="2022-06-13T21:11:43.9203358+02:00" testType="13cdc9d9-ddb5-4fa4-a97d-d965ccfc6d4b" outcome="Passed" testListId="8c84fa94-04c1-424b-9868-57a2d4851a1d" relativeResultsDirectory="d109ce38-937b-4676-9e5d-51289a929fee" />
    <UnitTestResult executionId="0606699a-27da-4a81-87d4-067f29452a81" testId="287dc474-37fc-413e-b722-61fd882542bb" testName="FormatToStringTest1000 (7569.605888796322,7569.61 zł)" computerName="DESKTOP-5URQ9PB" duration="00:00:00.0000065" startTime="2022-06-13T21:11:43.9119365+02:00" endTime="2022-06-13T21:11:43.9120046+02:00" testType="13cdc9d9-ddb5-4fa4-a97d-d965ccfc6d4b" outcome="Passed" testListId="8c84fa94-04c1-424b-9868-57a2d4851a1d" relativeResultsDirectory="0606699a-27da-4a81-87d4-067f29452a81" />
    <UnitTestResult executionId="6c3615f0-cd25-419d-8612-fec390b4b2e9" testId="f69c3b8e-267f-454c-a747-0fde94f108af" testName="FormatToStringTest1000 (4116.417580192638,4116.42 zł)" computerName="DESKTOP-5URQ9PB" duration="00:00:00.0000063" startTime="2022-06-13T21:11:43.8322676+02:00" endTime="2022-06-13T21:11:43.8323354+02:00" testType="13cdc9d9-ddb5-4fa4-a97d-d965ccfc6d4b" outcome="Passed" testListId="8c84fa94-04c1-424b-9868-57a2d4851a1d" relativeResultsDirectory="6c3615f0-cd25-419d-8612-fec390b4b2e9" />
    <UnitTestResult executionId="9ef5f7ab-9194-4167-8a89-2ada917b72a8" testId="54ae757d-b795-45af-b6e6-4adddb894eb3" testName="FormatToStringTest1000 (50991.22189691114,50991.22 zł)" computerName="DESKTOP-5URQ9PB" duration="00:00:00.0000066" startTime="2022-06-13T21:11:43.6739590+02:00" endTime="2022-06-13T21:11:43.6740365+02:00" testType="13cdc9d9-ddb5-4fa4-a97d-d965ccfc6d4b" outcome="Passed" testListId="8c84fa94-04c1-424b-9868-57a2d4851a1d" relativeResultsDirectory="9ef5f7ab-9194-4167-8a89-2ada917b72a8" />
    <UnitTestResult executionId="790581db-2e82-492a-9ee2-fb7fbe8b63fb" testId="f570fd3a-9c6e-47b8-8bcf-05a36ecc5861" testName="FormatToStringTest1000 (17988.455793307843,17988.46 zł)" computerName="DESKTOP-5URQ9PB" duration="00:00:00.0000064" startTime="2022-06-13T21:11:43.7000194+02:00" endTime="2022-06-13T21:11:43.7000864+02:00" testType="13cdc9d9-ddb5-4fa4-a97d-d965ccfc6d4b" outcome="Passed" testListId="8c84fa94-04c1-424b-9868-57a2d4851a1d" relativeResultsDirectory="790581db-2e82-492a-9ee2-fb7fbe8b63fb" />
    <UnitTestResult executionId="e0877181-0213-4d31-8fcb-a8d8d9c0a0c9" testId="f4fd24cc-6e8f-4fe4-8110-e0ea705b182a" testName="FormatToStringTest1000 (25135.10315489727,25135.10 zł)" computerName="DESKTOP-5URQ9PB" duration="00:00:00.0000063" startTime="2022-06-13T21:11:43.9142727+02:00" endTime="2022-06-13T21:11:43.9143367+02:00" testType="13cdc9d9-ddb5-4fa4-a97d-d965ccfc6d4b" outcome="Passed" testListId="8c84fa94-04c1-424b-9868-57a2d4851a1d" relativeResultsDirectory="e0877181-0213-4d31-8fcb-a8d8d9c0a0c9" />
    <UnitTestResult executionId="1b4cf0a5-f0e8-4e7f-8a52-06b79bf33e5f" testId="fd834bb2-b5a0-479a-acbc-6b7d63e9d4f3" testName="FormatToStringTest1000 (3503.9809179231434,3503.98 zł)" computerName="DESKTOP-5URQ9PB" duration="00:00:00.0000064" startTime="2022-06-13T21:11:43.8231648+02:00" endTime="2022-06-13T21:11:43.8232315+02:00" testType="13cdc9d9-ddb5-4fa4-a97d-d965ccfc6d4b" outcome="Passed" testListId="8c84fa94-04c1-424b-9868-57a2d4851a1d" relativeResultsDirectory="1b4cf0a5-f0e8-4e7f-8a52-06b79bf33e5f" />
    <UnitTestResult executionId="5a908709-854b-48c4-bfc3-7d9fd7271267" testId="6d299e9b-6cc7-4427-a9b6-96afffb1ac4f" testName="FormatToStringTest1000 (34060.48467268724,34060.48 zł)" computerName="DESKTOP-5URQ9PB" duration="00:00:00.0000088" startTime="2022-06-13T21:11:43.9118340+02:00" endTime="2022-06-13T21:11:43.9119177+02:00" testType="13cdc9d9-ddb5-4fa4-a97d-d965ccfc6d4b" outcome="Passed" testListId="8c84fa94-04c1-424b-9868-57a2d4851a1d" relativeResultsDirectory="5a908709-854b-48c4-bfc3-7d9fd7271267" />
    <UnitTestResult executionId="70a8928d-8256-4c33-abd6-6aec4c1e2dca" testId="ae523d93-53e9-4d0f-b393-cb6eb68e2c12" testName="FormatToStringTest1000 (42555.01416107594,42555.01 zł)" computerName="DESKTOP-5URQ9PB" duration="00:00:00.0000065" startTime="2022-06-13T21:11:43.8745638+02:00" endTime="2022-06-13T21:11:43.8746315+02:00" testType="13cdc9d9-ddb5-4fa4-a97d-d965ccfc6d4b" outcome="Passed" testListId="8c84fa94-04c1-424b-9868-57a2d4851a1d" relativeResultsDirectory="70a8928d-8256-4c33-abd6-6aec4c1e2dca" />
    <UnitTestResult executionId="3920a71e-7e48-45f9-b672-113395b0da2c" testId="ecb25d50-4350-41a3-a639-518639fdacc9" testName="FormatToStringTest1000 (1514.6266382441981,1514.63 zł)" computerName="DESKTOP-5URQ9PB" duration="00:00:00.0000068" startTime="2022-06-13T21:11:43.7829178+02:00" endTime="2022-06-13T21:11:43.7830067+02:00" testType="13cdc9d9-ddb5-4fa4-a97d-d965ccfc6d4b" outcome="Passed" testListId="8c84fa94-04c1-424b-9868-57a2d4851a1d" relativeResultsDirectory="3920a71e-7e48-45f9-b672-113395b0da2c" />
    <UnitTestResult executionId="e6127248-0223-428b-9705-c558da8b2b47" testId="12d5e091-7c4e-40e8-933f-4cda12832708" testName="FormatToStringTest1000 (480.2082316857801,480.21 zł)" computerName="DESKTOP-5URQ9PB" duration="00:00:00.0000067" startTime="2022-06-13T21:11:43.6878840+02:00" endTime="2022-06-13T21:11:43.6879570+02:00" testType="13cdc9d9-ddb5-4fa4-a97d-d965ccfc6d4b" outcome="Passed" testListId="8c84fa94-04c1-424b-9868-57a2d4851a1d" relativeResultsDirectory="e6127248-0223-428b-9705-c558da8b2b47" />
    <UnitTestResult executionId="7c14d00e-8145-46a5-8543-ee83642baa89" testId="8a906f5f-8a76-4b19-b268-1a29160c8c06" testName="FormatToStringTest1000 (79764.77845563217,79764.78 zł)" computerName="DESKTOP-5URQ9PB" duration="00:00:00.0000067" startTime="2022-06-13T21:11:43.7432763+02:00" endTime="2022-06-13T21:11:43.7433530+02:00" testType="13cdc9d9-ddb5-4fa4-a97d-d965ccfc6d4b" outcome="Passed" testListId="8c84fa94-04c1-424b-9868-57a2d4851a1d" relativeResultsDirectory="7c14d00e-8145-46a5-8543-ee83642baa89" />
    <UnitTestResult executionId="00ab2021-a5ed-4c32-ad83-1586b93c9a23" testId="9800a5ef-e1ec-4e98-a022-5f91b6308a29" testName="FormatToStringTest1000 (67109.22110940759,67109.22 zł)" computerName="DESKTOP-5URQ9PB" duration="00:00:00.0000070" startTime="2022-06-13T21:11:43.9351646+02:00" endTime="2022-06-13T21:11:43.9352418+02:00" testType="13cdc9d9-ddb5-4fa4-a97d-d965ccfc6d4b" outcome="Passed" testListId="8c84fa94-04c1-424b-9868-57a2d4851a1d" relativeResultsDirectory="00ab2021-a5ed-4c32-ad83-1586b93c9a23" />
    <UnitTestResult executionId="579e41f9-76b1-48bd-914b-f66257bd1543" testId="ce2c4caa-31a9-41af-a075-d63f8ea453c4" testName="FormatToStringTest1000 (41873.517751020154,41873.52 zł)" computerName="DESKTOP-5URQ9PB" duration="00:00:00.0000121" startTime="2022-06-13T21:11:43.9789995+02:00" endTime="2022-06-13T21:11:43.9791548+02:00" testType="13cdc9d9-ddb5-4fa4-a97d-d965ccfc6d4b" outcome="Passed" testListId="8c84fa94-04c1-424b-9868-57a2d4851a1d" relativeResultsDirectory="579e41f9-76b1-48bd-914b-f66257bd1543" />
    <UnitTestResult executionId="f1d27e7f-7377-439c-87c7-19034600c7e9" testId="7d80dbc0-a0e6-4a3e-b25c-1cc7a71de99e" testName="FormatToStringTest1000 (49672.98901987402,49672.99 zł)" computerName="DESKTOP-5URQ9PB" duration="00:00:00.0000064" startTime="2022-06-13T21:11:43.7967601+02:00" endTime="2022-06-13T21:11:43.7968270+02:00" testType="13cdc9d9-ddb5-4fa4-a97d-d965ccfc6d4b" outcome="Passed" testListId="8c84fa94-04c1-424b-9868-57a2d4851a1d" relativeResultsDirectory="f1d27e7f-7377-439c-87c7-19034600c7e9" />
    <UnitTestResult executionId="c3dff439-5a0c-4a4e-b8b5-f2b0818a1a87" testId="0268f985-1d4a-46fd-be56-35b58ba620d3" testName="FormatToStringTest1000 (54724.71040318008,54724.71 zł)" computerName="DESKTOP-5URQ9PB" duration="00:00:00.0000072" startTime="2022-06-13T21:11:43.7205394+02:00" endTime="2022-06-13T21:11:43.7206200+02:00" testType="13cdc9d9-ddb5-4fa4-a97d-d965ccfc6d4b" outcome="Passed" testListId="8c84fa94-04c1-424b-9868-57a2d4851a1d" relativeResultsDirectory="c3dff439-5a0c-4a4e-b8b5-f2b0818a1a87" />
    <UnitTestResult executionId="c366eca1-ffeb-42e3-81a0-f3a9e1d26e56" testId="06f5a5c3-8278-40f2-ad76-406e574180c0" testName="FormatToStringTest1000 (50644.690874327294,50644.69 zł)" computerName="DESKTOP-5URQ9PB" duration="00:00:00.0000063" startTime="2022-06-13T21:11:43.9276887+02:00" endTime="2022-06-13T21:11:43.9277527+02:00" testType="13cdc9d9-ddb5-4fa4-a97d-d965ccfc6d4b" outcome="Passed" testListId="8c84fa94-04c1-424b-9868-57a2d4851a1d" relativeResultsDirectory="c366eca1-ffeb-42e3-81a0-f3a9e1d26e56" />
    <UnitTestResult executionId="be130ce9-52c4-4396-98d7-4356cd0e142f" testId="f78c2caa-d366-4203-9596-25e561f561ac" testName="FormatToStringTest1000 (10174.652801423637,10174.65 zł)" computerName="DESKTOP-5URQ9PB" duration="00:00:00.0000066" startTime="2022-06-13T21:11:43.8770393+02:00" endTime="2022-06-13T21:11:43.8771083+02:00" testType="13cdc9d9-ddb5-4fa4-a97d-d965ccfc6d4b" outcome="Passed" testListId="8c84fa94-04c1-424b-9868-57a2d4851a1d" relativeResultsDirectory="be130ce9-52c4-4396-98d7-4356cd0e142f" />
    <UnitTestResult executionId="f30abd91-af5f-47ea-87a1-dbfcc0275a63" testId="fb6e9ee5-fd83-4699-a38f-8bc8caaac53d" testName="FormatToStringTest1000 (8347.417790138823,8347.42 zł)" computerName="DESKTOP-5URQ9PB" duration="00:00:00.0000065" startTime="2022-06-13T21:11:43.9083061+02:00" endTime="2022-06-13T21:11:43.9083706+02:00" testType="13cdc9d9-ddb5-4fa4-a97d-d965ccfc6d4b" outcome="Passed" testListId="8c84fa94-04c1-424b-9868-57a2d4851a1d" relativeResultsDirectory="f30abd91-af5f-47ea-87a1-dbfcc0275a63" />
    <UnitTestResult executionId="d19eb566-4add-4594-8f9b-f05a8517e96f" testId="0427ad5f-de22-4ef3-b3f4-f64580ad4813" testName="FormatToStringTest1000 (10511.7304983189,10511.73 zł)" computerName="DESKTOP-5URQ9PB" duration="00:00:00.0000066" startTime="2022-06-13T21:11:43.7832191+02:00" endTime="2022-06-13T21:11:43.7832931+02:00" testType="13cdc9d9-ddb5-4fa4-a97d-d965ccfc6d4b" outcome="Passed" testListId="8c84fa94-04c1-424b-9868-57a2d4851a1d" relativeResultsDirectory="d19eb566-4add-4594-8f9b-f05a8517e96f" />
    <UnitTestResult executionId="0b2cfc53-a9c7-4511-a6f0-5bc25ec2b0d6" testId="1ae31beb-1dd4-4f96-b51c-bab92d11500e" testName="FormatToStringTest1000 (46391.661094229516,46391.66 zł)" computerName="DESKTOP-5URQ9PB" duration="00:00:00.0000064" startTime="2022-06-13T21:11:43.9297352+02:00" endTime="2022-06-13T21:11:43.9297998+02:00" testType="13cdc9d9-ddb5-4fa4-a97d-d965ccfc6d4b" outcome="Passed" testListId="8c84fa94-04c1-424b-9868-57a2d4851a1d" relativeResultsDirectory="0b2cfc53-a9c7-4511-a6f0-5bc25ec2b0d6" />
    <UnitTestResult executionId="d36b67fa-39e2-44c3-b19e-c255aaaef1d8" testId="74dbba96-c213-4264-954a-d7b2e558a838" testName="FormatToStringTest1000 (50664.01951024869,50664.02 zł)" computerName="DESKTOP-5URQ9PB" duration="00:00:00.0000064" startTime="2022-06-13T21:11:43.8897943+02:00" endTime="2022-06-13T21:11:43.8898619+02:00" testType="13cdc9d9-ddb5-4fa4-a97d-d965ccfc6d4b" outcome="Passed" testListId="8c84fa94-04c1-424b-9868-57a2d4851a1d" relativeResultsDirectory="d36b67fa-39e2-44c3-b19e-c255aaaef1d8" />
    <UnitTestResult executionId="202bd946-d70f-4dc2-8ea4-51b25eca8d8b" testId="e8719562-2570-485b-9f8a-f691d855248f" testName="FormatToStringTest1000 (8768.816937361293,8768.82 zł)" computerName="DESKTOP-5URQ9PB" duration="00:00:00.0000064" startTime="2022-06-13T21:11:43.6613798+02:00" endTime="2022-06-13T21:11:43.6614465+02:00" testType="13cdc9d9-ddb5-4fa4-a97d-d965ccfc6d4b" outcome="Passed" testListId="8c84fa94-04c1-424b-9868-57a2d4851a1d" relativeResultsDirectory="202bd946-d70f-4dc2-8ea4-51b25eca8d8b" />
    <UnitTestResult executionId="2bae74bc-49ee-466e-849b-177360896930" testId="85b79eb4-5066-4917-a01c-951bb69dcd6d" testName="FormatToStringTest1000 (48084.94422955389,48084.94 zł)" computerName="DESKTOP-5URQ9PB" duration="00:00:00.0000064" startTime="2022-06-13T21:11:43.7800695+02:00" endTime="2022-06-13T21:11:43.7801361+02:00" testType="13cdc9d9-ddb5-4fa4-a97d-d965ccfc6d4b" outcome="Passed" testListId="8c84fa94-04c1-424b-9868-57a2d4851a1d" relativeResultsDirectory="2bae74bc-49ee-466e-849b-177360896930" />
    <UnitTestResult executionId="b7662271-6b30-4973-9b8b-a33aae6c91b8" testId="49e74174-04a0-46ee-96c1-155b8fb46675" testName="FormatToStringTest1000 (23662.291816162084,23662.29 zł)" computerName="DESKTOP-5URQ9PB" duration="00:00:00.0000064" startTime="2022-06-13T21:11:43.9419425+02:00" endTime="2022-06-13T21:11:43.9420180+02:00" testType="13cdc9d9-ddb5-4fa4-a97d-d965ccfc6d4b" outcome="Passed" testListId="8c84fa94-04c1-424b-9868-57a2d4851a1d" relativeResultsDirectory="b7662271-6b30-4973-9b8b-a33aae6c91b8" />
    <UnitTestResult executionId="b44ef843-c0f1-4d17-86f0-32f8ef44b816" testId="d221485e-f94a-466a-aa90-7c1e9f8b6b5d" testName="FormatToStringTest1000 (25440.18371476614,25440.18 zł)" computerName="DESKTOP-5URQ9PB" duration="00:00:00.0000065" startTime="2022-06-13T21:11:43.7284409+02:00" endTime="2022-06-13T21:11:43.7285072+02:00" testType="13cdc9d9-ddb5-4fa4-a97d-d965ccfc6d4b" outcome="Passed" testListId="8c84fa94-04c1-424b-9868-57a2d4851a1d" relativeResultsDirectory="b44ef843-c0f1-4d17-86f0-32f8ef44b816" />
    <UnitTestResult executionId="ef1f06d7-554c-41b1-8de1-636ac9fddc6a" testId="58099ee3-6870-42a6-b70d-778ebf4b97d9" testName="FormatToStringTest1000 (54304.07738935393,54304.08 zł)" computerName="DESKTOP-5URQ9PB" duration="00:00:00.0000065" startTime="2022-06-13T21:11:43.9717381+02:00" endTime="2022-06-13T21:11:43.9718032+02:00" testType="13cdc9d9-ddb5-4fa4-a97d-d965ccfc6d4b" outcome="Passed" testListId="8c84fa94-04c1-424b-9868-57a2d4851a1d" relativeResultsDirectory="ef1f06d7-554c-41b1-8de1-636ac9fddc6a" />
    <UnitTestResult executionId="8eee0b19-e04f-449f-b8ff-ef42c64c7db0" testId="e35e2a89-b35e-4f1a-99ce-8fc3f50bd508" testName="FormatToStringTest1000 (1884.4923513031063,1884.49 zł)" computerName="DESKTOP-5URQ9PB" duration="00:00:00.0000394" startTime="2022-06-13T21:11:43.8563133+02:00" endTime="2022-06-13T21:11:43.8566986+02:00" testType="13cdc9d9-ddb5-4fa4-a97d-d965ccfc6d4b" outcome="Passed" testListId="8c84fa94-04c1-424b-9868-57a2d4851a1d" relativeResultsDirectory="8eee0b19-e04f-449f-b8ff-ef42c64c7db0" />
    <UnitTestResult executionId="d72fc1a6-d9a1-41d7-8230-d46a9c0a2980" testId="330f479b-8452-41fc-9863-e74164088422" testName="FormatToStringTest1000 (7726.0074454499445,7726.01 zł)" computerName="DESKTOP-5URQ9PB" duration="00:00:00.0000065" startTime="2022-06-13T21:11:43.7507032+02:00" endTime="2022-06-13T21:11:43.7507762+02:00" testType="13cdc9d9-ddb5-4fa4-a97d-d965ccfc6d4b" outcome="Passed" testListId="8c84fa94-04c1-424b-9868-57a2d4851a1d" relativeResultsDirectory="d72fc1a6-d9a1-41d7-8230-d46a9c0a2980" />
    <UnitTestResult executionId="2f1696c8-f575-4f68-904f-7e97c1e02dca" testId="bcd8ecbe-ee8f-43dc-ae17-8d5b0569f682" testName="FormatToStringTest1000 (26529.10838037036,26529.11 zł)" computerName="DESKTOP-5URQ9PB" duration="00:00:00.0000062" startTime="2022-06-13T21:11:43.9590531+02:00" endTime="2022-06-13T21:11:43.9591173+02:00" testType="13cdc9d9-ddb5-4fa4-a97d-d965ccfc6d4b" outcome="Passed" testListId="8c84fa94-04c1-424b-9868-57a2d4851a1d" relativeResultsDirectory="2f1696c8-f575-4f68-904f-7e97c1e02dca" />
    <UnitTestResult executionId="df103a9b-fa7d-41af-ab1b-2badf8f8e4c0" testId="1ca1bb8d-3a5b-4820-9cff-e44e8b95cf8f" testName="FormatToStringTest1000 (30360.993128030557,30360.99 zł)" computerName="DESKTOP-5URQ9PB" duration="00:00:00.0000064" startTime="2022-06-13T21:11:43.9737390+02:00" endTime="2022-06-13T21:11:43.9738063+02:00" testType="13cdc9d9-ddb5-4fa4-a97d-d965ccfc6d4b" outcome="Passed" testListId="8c84fa94-04c1-424b-9868-57a2d4851a1d" relativeResultsDirectory="df103a9b-fa7d-41af-ab1b-2badf8f8e4c0" />
    <UnitTestResult executionId="57aa4f0f-948a-495e-a282-7935cdc53554" testId="500b0b90-98b8-409b-aff8-1ca30e418338" testName="FormatToStringTest1000 (6429.44273095552,6429.44 zł)" computerName="DESKTOP-5URQ9PB" duration="00:00:00.0000065" startTime="2022-06-13T21:11:43.8003181+02:00" endTime="2022-06-13T21:11:43.8003822+02:00" testType="13cdc9d9-ddb5-4fa4-a97d-d965ccfc6d4b" outcome="Passed" testListId="8c84fa94-04c1-424b-9868-57a2d4851a1d" relativeResultsDirectory="57aa4f0f-948a-495e-a282-7935cdc53554" />
    <UnitTestResult executionId="ddd51e91-f82c-4e4e-ab5e-c1c512104221" testId="e746ab1b-6cd7-4eea-ad0e-50094ce1d1bb" testName="FormatToStringTest1000 (34242.181005260056,34242.18 zł)" computerName="DESKTOP-5URQ9PB" duration="00:00:00.0000064" startTime="2022-06-13T21:11:43.8872728+02:00" endTime="2022-06-13T21:11:43.8873390+02:00" testType="13cdc9d9-ddb5-4fa4-a97d-d965ccfc6d4b" outcome="Passed" testListId="8c84fa94-04c1-424b-9868-57a2d4851a1d" relativeResultsDirectory="ddd51e91-f82c-4e4e-ab5e-c1c512104221" />
    <UnitTestResult executionId="276dcabe-99d5-4a0e-8e5f-11584e153223" testId="bfc220a5-d273-4b53-88fb-d997a44f4cef" testName="FormatToStringTest1000 (30626.373939456127,30626.37 zł)" computerName="DESKTOP-5URQ9PB" duration="00:00:00.0000066" startTime="2022-06-13T21:11:43.6842722+02:00" endTime="2022-06-13T21:11:43.6843457+02:00" testType="13cdc9d9-ddb5-4fa4-a97d-d965ccfc6d4b" outcome="Passed" testListId="8c84fa94-04c1-424b-9868-57a2d4851a1d" relativeResultsDirectory="276dcabe-99d5-4a0e-8e5f-11584e153223" />
    <UnitTestResult executionId="26d39ec8-4d73-40df-a8d6-42bd1fa1072e" testId="808c1886-6232-4576-820f-16ec5de082f1" testName="FormatToStringTest1000 (5566.818038455592,5566.82 zł)" computerName="DESKTOP-5URQ9PB" duration="00:00:00.0000068" startTime="2022-06-13T21:11:43.9078839+02:00" endTime="2022-06-13T21:11:43.9079614+02:00" testType="13cdc9d9-ddb5-4fa4-a97d-d965ccfc6d4b" outcome="Passed" testListId="8c84fa94-04c1-424b-9868-57a2d4851a1d" relativeResultsDirectory="26d39ec8-4d73-40df-a8d6-42bd1fa1072e" />
    <UnitTestResult executionId="0c448b21-5ee5-4805-bad5-db6d26c7fcf6" testId="c33b7c00-6a6c-4c25-99dd-cb6db85bca9f" testName="FormatToStringTest1000 (4419.750844657306,4419.75 zł)" computerName="DESKTOP-5URQ9PB" duration="00:00:00.0000121" startTime="2022-06-13T21:11:43.9198378+02:00" endTime="2022-06-13T21:11:43.9199214+02:00" testType="13cdc9d9-ddb5-4fa4-a97d-d965ccfc6d4b" outcome="Passed" testListId="8c84fa94-04c1-424b-9868-57a2d4851a1d" relativeResultsDirectory="0c448b21-5ee5-4805-bad5-db6d26c7fcf6" />
    <UnitTestResult executionId="b77b6705-be85-4252-aa2d-a8ce908afa67" testId="4755bade-cb3f-40e3-9e37-9d4bea0b5430" testName="FormatToStringTest1000 (643.3550376181281,643.36 zł)" computerName="DESKTOP-5URQ9PB" duration="00:00:00.0000066" startTime="2022-06-13T21:11:43.9027632+02:00" endTime="2022-06-13T21:11:43.9028436+02:00" testType="13cdc9d9-ddb5-4fa4-a97d-d965ccfc6d4b" outcome="Passed" testListId="8c84fa94-04c1-424b-9868-57a2d4851a1d" relativeResultsDirectory="b77b6705-be85-4252-aa2d-a8ce908afa67" />
    <UnitTestResult executionId="0b900554-b2e5-422e-bf02-85c1f5440693" testId="71513d6c-e8eb-43c3-a013-ffd703a3505f" testName="FormatToStringTest1000 (8908.080586221107,8908.08 zł)" computerName="DESKTOP-5URQ9PB" duration="00:00:00.0000068" startTime="2022-06-13T21:11:43.7174830+02:00" endTime="2022-06-13T21:11:43.7175580+02:00" testType="13cdc9d9-ddb5-4fa4-a97d-d965ccfc6d4b" outcome="Passed" testListId="8c84fa94-04c1-424b-9868-57a2d4851a1d" relativeResultsDirectory="0b900554-b2e5-422e-bf02-85c1f5440693" />
    <UnitTestResult executionId="f7007f77-7751-45cd-ba04-ee49554ba171" testId="c5016c2e-e80c-49dd-a119-838f564520bc" testName="FormatToStringTest1000 (34021.1384072961,34021.14 zł)" computerName="DESKTOP-5URQ9PB" duration="00:00:00.0000064" startTime="2022-06-13T21:11:43.9742688+02:00" endTime="2022-06-13T21:11:43.9743317+02:00" testType="13cdc9d9-ddb5-4fa4-a97d-d965ccfc6d4b" outcome="Passed" testListId="8c84fa94-04c1-424b-9868-57a2d4851a1d" relativeResultsDirectory="f7007f77-7751-45cd-ba04-ee49554ba171" />
    <UnitTestResult executionId="2ad9b78f-06f7-4842-a1da-1e6c9da4e73b" testId="4ec27a50-dfc7-4e74-ba05-b0923004429e" testName="FormatToStringTest1000 (30020.248557890412,30020.25 zł)" computerName="DESKTOP-5URQ9PB" duration="00:00:00.0000065" startTime="2022-06-13T21:11:43.8851331+02:00" endTime="2022-06-13T21:11:43.8852005+02:00" testType="13cdc9d9-ddb5-4fa4-a97d-d965ccfc6d4b" outcome="Passed" testListId="8c84fa94-04c1-424b-9868-57a2d4851a1d" relativeResultsDirectory="2ad9b78f-06f7-4842-a1da-1e6c9da4e73b" />
    <UnitTestResult executionId="16ecbd33-fccb-4e8c-9a84-90c4a79ab9ed" testId="788b8f21-a4b6-46bd-8b88-0dacab6a5ca7" testName="FormatToStringTest1000 (759.247198292635,759.25 zł)" computerName="DESKTOP-5URQ9PB" duration="00:00:00.0000067" startTime="2022-06-13T21:11:43.7501282+02:00" endTime="2022-06-13T21:11:43.7502042+02:00" testType="13cdc9d9-ddb5-4fa4-a97d-d965ccfc6d4b" outcome="Passed" testListId="8c84fa94-04c1-424b-9868-57a2d4851a1d" relativeResultsDirectory="16ecbd33-fccb-4e8c-9a84-90c4a79ab9ed" />
    <UnitTestResult executionId="16ae8880-3b04-433f-b40d-8f249a3028a5" testId="6f15e451-1b75-4f20-9dda-18b775c810ce" testName="FormatToStringTest1000 (4614.673205890541,4614.67 zł)" computerName="DESKTOP-5URQ9PB" duration="00:00:00.0000063" startTime="2022-06-13T21:11:43.6906971+02:00" endTime="2022-06-13T21:11:43.6907632+02:00" testType="13cdc9d9-ddb5-4fa4-a97d-d965ccfc6d4b" outcome="Passed" testListId="8c84fa94-04c1-424b-9868-57a2d4851a1d" relativeResultsDirectory="16ae8880-3b04-433f-b40d-8f249a3028a5" />
    <UnitTestResult executionId="6a81d974-e46d-4dd6-8803-3dc0b0c1623b" testId="ff0203d9-bfb8-4a1a-9107-8520753f0601" testName="FormatToStringTest1000 (13337.80490493486,13337.80 zł)" computerName="DESKTOP-5URQ9PB" duration="00:00:00.0000064" startTime="2022-06-13T21:11:43.9672521+02:00" endTime="2022-06-13T21:11:43.9673165+02:00" testType="13cdc9d9-ddb5-4fa4-a97d-d965ccfc6d4b" outcome="Passed" testListId="8c84fa94-04c1-424b-9868-57a2d4851a1d" relativeResultsDirectory="6a81d974-e46d-4dd6-8803-3dc0b0c1623b" />
    <UnitTestResult executionId="6ffa8aac-99b6-4575-b880-0bf6f6aa418d" testId="fa021b18-762f-48af-82d1-ac65ae06a8e5" testName="FormatToStringTest1000 (27050.586848031067,27050.59 zł)" computerName="DESKTOP-5URQ9PB" duration="00:00:00.0000065" startTime="2022-06-13T21:11:43.6484540+02:00" endTime="2022-06-13T21:11:43.6485213+02:00" testType="13cdc9d9-ddb5-4fa4-a97d-d965ccfc6d4b" outcome="Passed" testListId="8c84fa94-04c1-424b-9868-57a2d4851a1d" relativeResultsDirectory="6ffa8aac-99b6-4575-b880-0bf6f6aa418d" />
    <UnitTestResult executionId="ac9f4dec-67cd-4c55-8039-5557829f2bb2" testId="3c4284f1-cc7b-44cc-9c00-753daa91d749" testName="FormatToStringTest1000 (1649.0127968480872,1649.01 zł)" computerName="DESKTOP-5URQ9PB" duration="00:00:00.0000064" startTime="2022-06-13T21:11:43.6703661+02:00" endTime="2022-06-13T21:11:43.6704453+02:00" testType="13cdc9d9-ddb5-4fa4-a97d-d965ccfc6d4b" outcome="Passed" testListId="8c84fa94-04c1-424b-9868-57a2d4851a1d" relativeResultsDirectory="ac9f4dec-67cd-4c55-8039-5557829f2bb2" />
    <UnitTestResult executionId="c2444086-a946-4621-af6a-84411d2934a5" testId="212e50cf-3f57-4c64-a540-bbd0542b98ac" testName="FormatToStringTest1000 (45930.2386782068,45930.24 zł)" computerName="DESKTOP-5URQ9PB" duration="00:00:00.0000067" startTime="2022-06-13T21:11:43.6840865+02:00" endTime="2022-06-13T21:11:43.6841573+02:00" testType="13cdc9d9-ddb5-4fa4-a97d-d965ccfc6d4b" outcome="Passed" testListId="8c84fa94-04c1-424b-9868-57a2d4851a1d" relativeResultsDirectory="c2444086-a946-4621-af6a-84411d2934a5" />
    <UnitTestResult executionId="f2641885-bd7e-43d8-9074-480739df96f8" testId="c4d20c41-cd3d-4a90-9249-231af13c2c12" testName="FormatToStringTest1000 (6466.872242818062,6466.87 zł)" computerName="DESKTOP-5URQ9PB" duration="00:00:00.0000069" startTime="2022-06-13T21:11:43.8942763+02:00" endTime="2022-06-13T21:11:43.8943427+02:00" testType="13cdc9d9-ddb5-4fa4-a97d-d965ccfc6d4b" outcome="Passed" testListId="8c84fa94-04c1-424b-9868-57a2d4851a1d" relativeResultsDirectory="f2641885-bd7e-43d8-9074-480739df96f8" />
    <UnitTestResult executionId="b24e2c0e-8f28-441f-92c2-e57a773cd1e7" testId="d3dc5fc9-e177-4ad5-970c-8ac0fd8ba4e9" testName="FormatToStringTest1000 (17455.15807988595,17455.16 zł)" computerName="DESKTOP-5URQ9PB" duration="00:00:00.0000063" startTime="2022-06-13T21:11:43.9293306+02:00" endTime="2022-06-13T21:11:43.9293956+02:00" testType="13cdc9d9-ddb5-4fa4-a97d-d965ccfc6d4b" outcome="Passed" testListId="8c84fa94-04c1-424b-9868-57a2d4851a1d" relativeResultsDirectory="b24e2c0e-8f28-441f-92c2-e57a773cd1e7" />
    <UnitTestResult executionId="cb00cbc2-6d59-4b0d-b607-9caf3f6efb99" testId="836c6d33-af58-4e21-b48f-aa9e2d4bc5b9" testName="FormatToStringTest1000 (8582.709131852587,8582.71 zł)" computerName="DESKTOP-5URQ9PB" duration="00:00:00.0000063" startTime="2022-06-13T21:11:43.9103966+02:00" endTime="2022-06-13T21:11:43.9104606+02:00" testType="13cdc9d9-ddb5-4fa4-a97d-d965ccfc6d4b" outcome="Passed" testListId="8c84fa94-04c1-424b-9868-57a2d4851a1d" relativeResultsDirectory="cb00cbc2-6d59-4b0d-b607-9caf3f6efb99" />
    <UnitTestResult executionId="54aa4d57-dcd6-4b57-8ab3-2ecfa821a8ef" testId="f71ef0f4-b2e7-439b-ac62-1e51a04c6bc6" testName="FormatToStringTest1000 (5855.75080885354,5855.75 zł)" computerName="DESKTOP-5URQ9PB" duration="00:00:00.0000066" startTime="2022-06-13T21:11:43.9062439+02:00" endTime="2022-06-13T21:11:43.9063111+02:00" testType="13cdc9d9-ddb5-4fa4-a97d-d965ccfc6d4b" outcome="Passed" testListId="8c84fa94-04c1-424b-9868-57a2d4851a1d" relativeResultsDirectory="54aa4d57-dcd6-4b57-8ab3-2ecfa821a8ef" />
    <UnitTestResult executionId="aa54d928-3aa5-4084-a3da-2116b55c576f" testId="3602a509-aa0b-4cbe-90cb-a51ba51adbd0" testName="FormatToStringTest1000 (35065.40267025652,35065.40 zł)" computerName="DESKTOP-5URQ9PB" duration="00:00:00.0000064" startTime="2022-06-13T21:11:43.9059991+02:00" endTime="2022-06-13T21:11:43.9060641+02:00" testType="13cdc9d9-ddb5-4fa4-a97d-d965ccfc6d4b" outcome="Passed" testListId="8c84fa94-04c1-424b-9868-57a2d4851a1d" relativeResultsDirectory="aa54d928-3aa5-4084-a3da-2116b55c576f" />
    <UnitTestResult executionId="dd4ac159-494e-48e7-8d44-78b27ff79cee" testId="cd0ae54f-4b75-4c0f-a31a-f1b64b6265db" testName="FormatToStringTest1000 (37387.37521261972,37387.38 zł)" computerName="DESKTOP-5URQ9PB" duration="00:00:00.0000122" startTime="2022-06-13T21:11:43.9054433+02:00" endTime="2022-06-13T21:11:43.9056108+02:00" testType="13cdc9d9-ddb5-4fa4-a97d-d965ccfc6d4b" outcome="Passed" testListId="8c84fa94-04c1-424b-9868-57a2d4851a1d" relativeResultsDirectory="dd4ac159-494e-48e7-8d44-78b27ff79cee" />
    <UnitTestResult executionId="aad4b0a9-a8f0-4810-be04-dbab3be2680e" testId="57266ed2-2424-4008-a210-fa4397c82111" testName="FormatToStringTest1000 (9657.360676611475,9657.36 zł)" computerName="DESKTOP-5URQ9PB" duration="00:00:00.0000064" startTime="2022-06-13T21:11:43.8062008+02:00" endTime="2022-06-13T21:11:43.8062676+02:00" testType="13cdc9d9-ddb5-4fa4-a97d-d965ccfc6d4b" outcome="Passed" testListId="8c84fa94-04c1-424b-9868-57a2d4851a1d" relativeResultsDirectory="aad4b0a9-a8f0-4810-be04-dbab3be2680e" />
    <UnitTestResult executionId="6714f3e0-f235-49e9-878a-65703de07661" testId="246e56b1-0aaf-422a-a6ad-38824abd80e1" testName="FormatToStringTest1000 (28306.369434126827,28306.37 zł)" computerName="DESKTOP-5URQ9PB" duration="00:00:00.0000068" startTime="2022-06-13T21:11:43.9569387+02:00" endTime="2022-06-13T21:11:43.9570085+02:00" testType="13cdc9d9-ddb5-4fa4-a97d-d965ccfc6d4b" outcome="Passed" testListId="8c84fa94-04c1-424b-9868-57a2d4851a1d" relativeResultsDirectory="6714f3e0-f235-49e9-878a-65703de07661" />
    <UnitTestResult executionId="6f9a3ad0-3c90-49c2-8b0b-db61fecc12d5" testId="409a86fd-e078-42c9-8af3-ba71d1c61b40" testName="FormatToStringTest1000 (17252.06220983903,17252.06 zł)" computerName="DESKTOP-5URQ9PB" duration="00:00:00.0000065" startTime="2022-06-13T21:11:43.6706463+02:00" endTime="2022-06-13T21:11:43.6707209+02:00" testType="13cdc9d9-ddb5-4fa4-a97d-d965ccfc6d4b" outcome="Passed" testListId="8c84fa94-04c1-424b-9868-57a2d4851a1d" relativeResultsDirectory="6f9a3ad0-3c90-49c2-8b0b-db61fecc12d5" />
    <UnitTestResult executionId="7f82292c-fa06-4523-b3b9-7749fddf57a5" testId="ac218bb9-4fc2-4861-8abb-9da24c0c08cb" testName="FormatToStringTest1000 (37528.70144368368,37528.70 zł)" computerName="DESKTOP-5URQ9PB" duration="00:00:00.0000107" startTime="2022-06-13T21:11:43.6938443+02:00" endTime="2022-06-13T21:11:43.6939156+02:00" testType="13cdc9d9-ddb5-4fa4-a97d-d965ccfc6d4b" outcome="Passed" testListId="8c84fa94-04c1-424b-9868-57a2d4851a1d" relativeResultsDirectory="7f82292c-fa06-4523-b3b9-7749fddf57a5" />
    <UnitTestResult executionId="e4525349-848d-475b-b10f-604f280b97e9" testId="20735fe3-f68f-4b3e-9961-142e400cadb4" testName="FormatToStringTest1000 (27852.532163303127,27852.53 zł)" computerName="DESKTOP-5URQ9PB" duration="00:00:00.0000074" startTime="2022-06-13T21:11:43.8719649+02:00" endTime="2022-06-13T21:11:43.8720492+02:00" testType="13cdc9d9-ddb5-4fa4-a97d-d965ccfc6d4b" outcome="Passed" testListId="8c84fa94-04c1-424b-9868-57a2d4851a1d" relativeResultsDirectory="e4525349-848d-475b-b10f-604f280b97e9" />
    <UnitTestResult executionId="741a1873-c80f-4548-a1db-549a57b396ef" testId="4bf65d0d-24df-40ce-a3d8-7e57c06e10f9" testName="FormatToStringTest1000 (16688.70569393677,16688.71 zł)" computerName="DESKTOP-5URQ9PB" duration="00:00:00.0000063" startTime="2022-06-13T21:11:43.7799859+02:00" endTime="2022-06-13T21:11:43.7800523+02:00" testType="13cdc9d9-ddb5-4fa4-a97d-d965ccfc6d4b" outcome="Passed" testListId="8c84fa94-04c1-424b-9868-57a2d4851a1d" relativeResultsDirectory="741a1873-c80f-4548-a1db-549a57b396ef" />
    <UnitTestResult executionId="58e97d66-25ec-4a84-ad78-f0a9f76c08f1" testId="2eff4b68-910a-4197-a6a5-cb83167a5d2e" testName="FormatToStringTest1000 (15566.957545477411,15566.96 zł)" computerName="DESKTOP-5URQ9PB" duration="00:00:00.0000062" startTime="2022-06-13T21:11:43.6742419+02:00" endTime="2022-06-13T21:11:43.6743178+02:00" testType="13cdc9d9-ddb5-4fa4-a97d-d965ccfc6d4b" outcome="Passed" testListId="8c84fa94-04c1-424b-9868-57a2d4851a1d" relativeResultsDirectory="58e97d66-25ec-4a84-ad78-f0a9f76c08f1" />
    <UnitTestResult executionId="c5876cc4-4d4b-44b4-a5c5-f2f6dba1216c" testId="e6af2ce2-2745-4940-8c16-48178fde8a69" testName="FormatToStringTest1000 (66541.05112730109,66541.05 zł)" computerName="DESKTOP-5URQ9PB" duration="00:00:00.0000068" startTime="2022-06-13T21:11:43.9716458+02:00" endTime="2022-06-13T21:11:43.9717208+02:00" testType="13cdc9d9-ddb5-4fa4-a97d-d965ccfc6d4b" outcome="Passed" testListId="8c84fa94-04c1-424b-9868-57a2d4851a1d" relativeResultsDirectory="c5876cc4-4d4b-44b4-a5c5-f2f6dba1216c" />
    <UnitTestResult executionId="946288e4-7740-489a-976a-f17cab310c7e" testId="011f395e-e564-438e-a164-a06a62459a80" testName="FormatToStringTest1000 (15337.485230751097,15337.49 zł)" computerName="DESKTOP-5URQ9PB" duration="00:00:00.0000067" startTime="2022-06-13T21:11:43.7831250+02:00" endTime="2022-06-13T21:11:43.7832013+02:00" testType="13cdc9d9-ddb5-4fa4-a97d-d965ccfc6d4b" outcome="Passed" testListId="8c84fa94-04c1-424b-9868-57a2d4851a1d" relativeResultsDirectory="946288e4-7740-489a-976a-f17cab310c7e" />
    <UnitTestResult executionId="b9bb705a-5c29-4550-a99c-a3e5dd472d26" testId="3cddae6d-aec7-47ed-9bc5-038860ea154c" testName="FormatToStringTest1000 (24957.469502810607,24957.47 zł)" computerName="DESKTOP-5URQ9PB" duration="00:00:00.0000066" startTime="2022-06-13T21:11:43.6521506+02:00" endTime="2022-06-13T21:11:43.6522332+02:00" testType="13cdc9d9-ddb5-4fa4-a97d-d965ccfc6d4b" outcome="Passed" testListId="8c84fa94-04c1-424b-9868-57a2d4851a1d" relativeResultsDirectory="b9bb705a-5c29-4550-a99c-a3e5dd472d26" />
    <UnitTestResult executionId="93e137f7-613a-491b-91e0-1e59cf37b0c6" testId="04ff501f-ebee-468f-8ea8-ad9bcfffd71f" testName="FormatToStringTest1000 (7716.571614765363,7716.57 zł)" computerName="DESKTOP-5URQ9PB" duration="00:00:00.0000068" startTime="2022-06-13T21:11:43.9378635+02:00" endTime="2022-06-13T21:11:43.9379393+02:00" testType="13cdc9d9-ddb5-4fa4-a97d-d965ccfc6d4b" outcome="Passed" testListId="8c84fa94-04c1-424b-9868-57a2d4851a1d" relativeResultsDirectory="93e137f7-613a-491b-91e0-1e59cf37b0c6" />
    <UnitTestResult executionId="aad1bf3b-2d4f-4ce8-b8f4-a962ac4fb15e" testId="78d5909d-df5f-4d71-8675-f7bc691af7d9" testName="FormatToStringTest1000 (28455.229970996843,28455.23 zł)" computerName="DESKTOP-5URQ9PB" duration="00:00:00.0000064" startTime="2022-06-13T21:11:43.9255909+02:00" endTime="2022-06-13T21:11:43.9256558+02:00" testType="13cdc9d9-ddb5-4fa4-a97d-d965ccfc6d4b" outcome="Passed" testListId="8c84fa94-04c1-424b-9868-57a2d4851a1d" relativeResultsDirectory="aad1bf3b-2d4f-4ce8-b8f4-a962ac4fb15e" />
    <UnitTestResult executionId="4651ec8a-e4f4-487e-a43a-e52e25712a76" testId="f21c2e79-1ed7-4365-9ef4-de5fcad7d43c" testName="FormatToStringTest1000 (14719.97001409762,14719.97 zł)" computerName="DESKTOP-5URQ9PB" duration="00:00:00.0000064" startTime="2022-06-13T21:11:43.7144923+02:00" endTime="2022-06-13T21:11:43.7145583+02:00" testType="13cdc9d9-ddb5-4fa4-a97d-d965ccfc6d4b" outcome="Passed" testListId="8c84fa94-04c1-424b-9868-57a2d4851a1d" relativeResultsDirectory="4651ec8a-e4f4-487e-a43a-e52e25712a76" />
    <UnitTestResult executionId="432d02e8-3c26-4d3c-83ea-415744f4cbaa" testId="b43f2ff7-fc0a-4127-90f1-e1ed4122b95d" testName="FormatToStringTest1000 (54088.326214851964,54088.33 zł)" computerName="DESKTOP-5URQ9PB" duration="00:00:00.0000064" startTime="2022-06-13T21:11:43.6998388+02:00" endTime="2022-06-13T21:11:43.6999124+02:00" testType="13cdc9d9-ddb5-4fa4-a97d-d965ccfc6d4b" outcome="Passed" testListId="8c84fa94-04c1-424b-9868-57a2d4851a1d" relativeResultsDirectory="432d02e8-3c26-4d3c-83ea-415744f4cbaa" />
    <UnitTestResult executionId="9e57a20c-16db-405a-bd98-416c06a92296" testId="ce913404-f87a-4a34-ba33-a00b812b8e2e" testName="FormatToStringTest1000 (10661.19584154207,10661.20 zł)" computerName="DESKTOP-5URQ9PB" duration="00:00:00.0000064" startTime="2022-06-13T21:11:43.9004882+02:00" endTime="2022-06-13T21:11:43.9005536+02:00" testType="13cdc9d9-ddb5-4fa4-a97d-d965ccfc6d4b" outcome="Passed" testListId="8c84fa94-04c1-424b-9868-57a2d4851a1d" relativeResultsDirectory="9e57a20c-16db-405a-bd98-416c06a92296" />
    <UnitTestResult executionId="bb72b4e7-ecc8-4481-a152-4c160b218f7e" testId="23c0db53-07fb-41ad-93f8-3c05c0bb795b" testName="FormatToStringTest1000 (20552.966022956633,20552.97 zł)" computerName="DESKTOP-5URQ9PB" duration="00:00:00.0000064" startTime="2022-06-13T21:11:43.8723242+02:00" endTime="2022-06-13T21:11:43.8723907+02:00" testType="13cdc9d9-ddb5-4fa4-a97d-d965ccfc6d4b" outcome="Passed" testListId="8c84fa94-04c1-424b-9868-57a2d4851a1d" relativeResultsDirectory="bb72b4e7-ecc8-4481-a152-4c160b218f7e" />
    <UnitTestResult executionId="43b9dcd9-0b74-458b-b45b-7fc3af177073" testId="2200f3b0-4663-40a0-b0df-07fef13acc05" testName="FormatToStringTest1000 (20737.251994218328,20737.25 zł)" computerName="DESKTOP-5URQ9PB" duration="00:00:00.0000063" startTime="2022-06-13T21:11:43.6970287+02:00" endTime="2022-06-13T21:11:43.6970950+02:00" testType="13cdc9d9-ddb5-4fa4-a97d-d965ccfc6d4b" outcome="Passed" testListId="8c84fa94-04c1-424b-9868-57a2d4851a1d" relativeResultsDirectory="43b9dcd9-0b74-458b-b45b-7fc3af177073" />
    <UnitTestResult executionId="7ebcd732-c1bc-45a9-9c8e-77194ede82d6" testId="06e832e6-de39-435c-a216-46dacf420485" testName="FormatToStringTest1000 (40400.9734049295,40400.97 zł)" computerName="DESKTOP-5URQ9PB" duration="00:00:00.0000067" startTime="2022-06-13T21:11:43.7539896+02:00" endTime="2022-06-13T21:11:43.7540632+02:00" testType="13cdc9d9-ddb5-4fa4-a97d-d965ccfc6d4b" outcome="Passed" testListId="8c84fa94-04c1-424b-9868-57a2d4851a1d" relativeResultsDirectory="7ebcd732-c1bc-45a9-9c8e-77194ede82d6" />
    <UnitTestResult executionId="981e41d0-ff3d-400f-a9e5-252b83bb7f8a" testId="13e0845e-2cfe-4e81-b5ad-c8db46f434c5" testName="FormatToStringTest1000 (6890.028458985514,6890.03 zł)" computerName="DESKTOP-5URQ9PB" duration="00:00:00.0000065" startTime="2022-06-13T21:11:43.6609553+02:00" endTime="2022-06-13T21:11:43.6610232+02:00" testType="13cdc9d9-ddb5-4fa4-a97d-d965ccfc6d4b" outcome="Passed" testListId="8c84fa94-04c1-424b-9868-57a2d4851a1d" relativeResultsDirectory="981e41d0-ff3d-400f-a9e5-252b83bb7f8a" />
    <UnitTestResult executionId="fc50258f-271f-47b2-8692-c9ef0209338b" testId="821baa33-a371-495e-a3d0-3a5fdf779f37" testName="FormatToStringTest1000 (20640.678251201603,20640.68 zł)" computerName="DESKTOP-5URQ9PB" duration="00:00:00.0000063" startTime="2022-06-13T21:11:43.8325204+02:00" endTime="2022-06-13T21:11:43.8325863+02:00" testType="13cdc9d9-ddb5-4fa4-a97d-d965ccfc6d4b" outcome="Passed" testListId="8c84fa94-04c1-424b-9868-57a2d4851a1d" relativeResultsDirectory="fc50258f-271f-47b2-8692-c9ef0209338b" />
    <UnitTestResult executionId="80d5868b-b43b-4827-953a-693246d6c41e" testId="e5fb82f8-57e8-44dc-a9d2-7e920d90b281" testName="FormatToStringTest1000 (4411.456718280659,4411.46 zł)" computerName="DESKTOP-5URQ9PB" duration="00:00:00.0000063" startTime="2022-06-13T21:11:43.8773787+02:00" endTime="2022-06-13T21:11:43.8774447+02:00" testType="13cdc9d9-ddb5-4fa4-a97d-d965ccfc6d4b" outcome="Passed" testListId="8c84fa94-04c1-424b-9868-57a2d4851a1d" relativeResultsDirectory="80d5868b-b43b-4827-953a-693246d6c41e" />
    <UnitTestResult executionId="6d7dee13-a9e5-4f08-9a04-51a510951d1e" testId="0b39e15f-d595-4105-bd6a-a8804088a125" testName="FormatToStringTest1000 (76536.95853396178,76536.96 zł)" computerName="DESKTOP-5URQ9PB" duration="00:00:00.0000067" startTime="2022-06-13T21:11:43.8425954+02:00" endTime="2022-06-13T21:11:43.8426762+02:00" testType="13cdc9d9-ddb5-4fa4-a97d-d965ccfc6d4b" outcome="Passed" testListId="8c84fa94-04c1-424b-9868-57a2d4851a1d" relativeResultsDirectory="6d7dee13-a9e5-4f08-9a04-51a510951d1e" />
    <UnitTestResult executionId="33160dec-1f27-4812-bcf0-17ac6974171b" testId="450a7c1d-953b-444d-869b-435970fc9a1a" testName="FormatToStringTest1000 (7124.979180760672,7124.98 zł)" computerName="DESKTOP-5URQ9PB" duration="00:00:00.0000068" startTime="2022-06-13T21:11:43.6549069+02:00" endTime="2022-06-13T21:11:43.6550082+02:00" testType="13cdc9d9-ddb5-4fa4-a97d-d965ccfc6d4b" outcome="Passed" testListId="8c84fa94-04c1-424b-9868-57a2d4851a1d" relativeResultsDirectory="33160dec-1f27-4812-bcf0-17ac6974171b" />
    <UnitTestResult executionId="17701e10-8073-48e4-ba29-71fe6a2f6d53" testId="b5c4d60b-6c4e-41d4-b761-9c04d4aab5b3" testName="FormatToStringTest1000 (2216.881526520886,2216.88 zł)" computerName="DESKTOP-5URQ9PB" duration="00:00:00.0000064" startTime="2022-06-13T21:11:43.9006523+02:00" endTime="2022-06-13T21:11:43.9007172+02:00" testType="13cdc9d9-ddb5-4fa4-a97d-d965ccfc6d4b" outcome="Passed" testListId="8c84fa94-04c1-424b-9868-57a2d4851a1d" relativeResultsDirectory="17701e10-8073-48e4-ba29-71fe6a2f6d53" />
    <UnitTestResult executionId="76297360-42bd-4e39-80f3-ef6e2b1dbaf5" testId="4bb62710-61a6-4721-89e2-e8b009cd596c" testName="FormatToStringTest1000 (10762.501695533518,10762.50 zł)" computerName="DESKTOP-5URQ9PB" duration="00:00:00.0000065" startTime="2022-06-13T21:11:43.8940275+02:00" endTime="2022-06-13T21:11:43.8940938+02:00" testType="13cdc9d9-ddb5-4fa4-a97d-d965ccfc6d4b" outcome="Passed" testListId="8c84fa94-04c1-424b-9868-57a2d4851a1d" relativeResultsDirectory="76297360-42bd-4e39-80f3-ef6e2b1dbaf5" />
    <UnitTestResult executionId="4d6e8e3e-9193-4dbd-92f7-114a79b40494" testId="60512a72-8f49-42fc-bce3-38a4d8009786" testName="FormatToStringTest1000 (10370.0107542784,10370.01 zł)" computerName="DESKTOP-5URQ9PB" duration="00:00:00.0000080" startTime="2022-06-13T21:11:43.8290435+02:00" endTime="2022-06-13T21:11:43.8291362+02:00" testType="13cdc9d9-ddb5-4fa4-a97d-d965ccfc6d4b" outcome="Passed" testListId="8c84fa94-04c1-424b-9868-57a2d4851a1d" relativeResultsDirectory="4d6e8e3e-9193-4dbd-92f7-114a79b40494" />
    <UnitTestResult executionId="239000a0-ae62-4288-97a7-18a7cfc93c1e" testId="bed303f7-e205-4399-9fea-7aea6a5378b8" testName="FormatToStringTest1000 (69373.32129976773,69373.32 zł)" computerName="DESKTOP-5URQ9PB" duration="00:00:00.0000064" startTime="2022-06-13T21:11:43.8201934+02:00" endTime="2022-06-13T21:11:43.8202594+02:00" testType="13cdc9d9-ddb5-4fa4-a97d-d965ccfc6d4b" outcome="Passed" testListId="8c84fa94-04c1-424b-9868-57a2d4851a1d" relativeResultsDirectory="239000a0-ae62-4288-97a7-18a7cfc93c1e" />
    <UnitTestResult executionId="b47a4cd6-949e-4d87-99fe-a421ced227b5" testId="58ae618d-ce7e-49f7-a757-3db0ad19887c" testName="FormatToStringTest1000 (12871.381729632794,12871.38 zł)" computerName="DESKTOP-5URQ9PB" duration="00:00:00.0000063" startTime="2022-06-13T21:11:43.7315239+02:00" endTime="2022-06-13T21:11:43.7315897+02:00" testType="13cdc9d9-ddb5-4fa4-a97d-d965ccfc6d4b" outcome="Passed" testListId="8c84fa94-04c1-424b-9868-57a2d4851a1d" relativeResultsDirectory="b47a4cd6-949e-4d87-99fe-a421ced227b5" />
    <UnitTestResult executionId="768be938-6feb-4169-bae2-f85f62f2110e" testId="7368a680-3195-4e54-87cd-382851c46177" testName="FormatToStringTest1000 (51408.294679657694,51408.29 zł)" computerName="DESKTOP-5URQ9PB" duration="00:00:00.0000074" startTime="2022-06-13T21:11:43.7277210+02:00" endTime="2022-06-13T21:11:43.7278185+02:00" testType="13cdc9d9-ddb5-4fa4-a97d-d965ccfc6d4b" outcome="Passed" testListId="8c84fa94-04c1-424b-9868-57a2d4851a1d" relativeResultsDirectory="768be938-6feb-4169-bae2-f85f62f2110e" />
    <UnitTestResult executionId="35b69dc7-917e-4c91-b82e-155efa154db1" testId="17f75581-381a-41b7-a162-557b56d0165a" testName="FormatToStringTest1000 (41915.7945284563,41915.79 zł)" computerName="DESKTOP-5URQ9PB" duration="00:00:00.0000064" startTime="2022-06-13T21:11:43.9144344+02:00" endTime="2022-06-13T21:11:43.9144961+02:00" testType="13cdc9d9-ddb5-4fa4-a97d-d965ccfc6d4b" outcome="Passed" testListId="8c84fa94-04c1-424b-9868-57a2d4851a1d" relativeResultsDirectory="35b69dc7-917e-4c91-b82e-155efa154db1" />
    <UnitTestResult executionId="97d94995-de1d-4668-9c3d-7e07acbe675e" testId="b25150a6-d396-4930-93d4-0f941a0f87a3" testName="FormatToStringTest1000 (59768.02667973611,59768.03 zł)" computerName="DESKTOP-5URQ9PB" duration="00:00:00.0000063" startTime="2022-06-13T21:11:43.8293262+02:00" endTime="2022-06-13T21:11:43.8293925+02:00" testType="13cdc9d9-ddb5-4fa4-a97d-d965ccfc6d4b" outcome="Passed" testListId="8c84fa94-04c1-424b-9868-57a2d4851a1d" relativeResultsDirectory="97d94995-de1d-4668-9c3d-7e07acbe675e" />
    <UnitTestResult executionId="82e326be-4ceb-46f2-99a5-9b26c99e6f7a" testId="2c725ba2-9649-4ed0-9375-b3ebaad75ff5" testName="FormatToStringTest1000 (36320.770035296104,36320.77 zł)" computerName="DESKTOP-5URQ9PB" duration="00:00:00.0000065" startTime="2022-06-13T21:11:43.9446546+02:00" endTime="2022-06-13T21:11:43.9447229+02:00" testType="13cdc9d9-ddb5-4fa4-a97d-d965ccfc6d4b" outcome="Passed" testListId="8c84fa94-04c1-424b-9868-57a2d4851a1d" relativeResultsDirectory="82e326be-4ceb-46f2-99a5-9b26c99e6f7a" />
    <UnitTestResult executionId="da4085fb-bd92-406a-ae57-1c61c8fbb2de" testId="d8b1f3bd-d070-4055-8d82-74b111288077" testName="FormatToStringTest1000 (22604.838218828587,22604.84 zł)" computerName="DESKTOP-5URQ9PB" duration="00:00:00.0000064" startTime="2022-06-13T21:11:43.6581349+02:00" endTime="2022-06-13T21:11:43.6582016+02:00" testType="13cdc9d9-ddb5-4fa4-a97d-d965ccfc6d4b" outcome="Passed" testListId="8c84fa94-04c1-424b-9868-57a2d4851a1d" relativeResultsDirectory="da4085fb-bd92-406a-ae57-1c61c8fbb2de" />
    <UnitTestResult executionId="9af35b93-366f-4d28-9753-e60cd9f4f31b" testId="5e8d21fb-7a84-4ff0-9bd8-b1c210155042" testName="FormatToStringTest1000 (34136.0993783046,34136.10 zł)" computerName="DESKTOP-5URQ9PB" duration="00:00:00.0000066" startTime="2022-06-13T21:11:43.7281905+02:00" endTime="2022-06-13T21:11:43.7282551+02:00" testType="13cdc9d9-ddb5-4fa4-a97d-d965ccfc6d4b" outcome="Passed" testListId="8c84fa94-04c1-424b-9868-57a2d4851a1d" relativeResultsDirectory="9af35b93-366f-4d28-9753-e60cd9f4f31b" />
    <UnitTestResult executionId="f9932cf0-8aa2-4f56-831a-9002d18e4380" testId="252de7e2-561a-42ba-807c-aad5446570ed" testName="FormatToStringTest1000 (49416.285282306504,49416.29 zł)" computerName="DESKTOP-5URQ9PB" duration="00:00:00.0000064" startTime="2022-06-13T21:11:43.9352597+02:00" endTime="2022-06-13T21:11:43.9353249+02:00" testType="13cdc9d9-ddb5-4fa4-a97d-d965ccfc6d4b" outcome="Passed" testListId="8c84fa94-04c1-424b-9868-57a2d4851a1d" relativeResultsDirectory="f9932cf0-8aa2-4f56-831a-9002d18e4380" />
    <UnitTestResult executionId="ffc5109d-0959-4f60-9300-696d2a120c1a" testId="73f51254-d23b-476b-8b38-4067fc0611e5" testName="FormatToStringTest1000 (27506.397047390416,27506.40 zł)" computerName="DESKTOP-5URQ9PB" duration="00:00:00.0000063" startTime="2022-06-13T21:11:43.7147451+02:00" endTime="2022-06-13T21:11:43.7148116+02:00" testType="13cdc9d9-ddb5-4fa4-a97d-d965ccfc6d4b" outcome="Passed" testListId="8c84fa94-04c1-424b-9868-57a2d4851a1d" relativeResultsDirectory="ffc5109d-0959-4f60-9300-696d2a120c1a" />
    <UnitTestResult executionId="e1be32b3-3cde-4691-87b3-9d6d32296211" testId="b0dd145a-3b5b-416f-a24a-ef76b6e09181" testName="FormatToStringTest1000 (5591.2222540617095,5591.22 zł)" computerName="DESKTOP-5URQ9PB" duration="00:00:00.0000063" startTime="2022-06-13T21:11:43.8392990+02:00" endTime="2022-06-13T21:11:43.8393657+02:00" testType="13cdc9d9-ddb5-4fa4-a97d-d965ccfc6d4b" outcome="Passed" testListId="8c84fa94-04c1-424b-9868-57a2d4851a1d" relativeResultsDirectory="e1be32b3-3cde-4691-87b3-9d6d32296211" />
    <UnitTestResult executionId="47d0d72c-860b-4f37-b621-04823777f864" testId="aa815b85-855f-46b3-9802-6ce7864cf721" testName="FormatToStringTest1000 (6809.40195803037,6809.40 zł)" computerName="DESKTOP-5URQ9PB" duration="00:00:00.0000215" startTime="2022-06-13T21:11:43.6060939+02:00" endTime="2022-06-13T21:11:43.6063335+02:00" testType="13cdc9d9-ddb5-4fa4-a97d-d965ccfc6d4b" outcome="Passed" testListId="8c84fa94-04c1-424b-9868-57a2d4851a1d" relativeResultsDirectory="47d0d72c-860b-4f37-b621-04823777f864" />
    <UnitTestResult executionId="89e64f61-3ca8-427c-9281-c3d0833b6681" testId="b7bb66d9-c943-4506-8cd2-d89fb04f2605" testName="FormatToStringTest1000 (52481.07276821932,52481.07 zł)" computerName="DESKTOP-5URQ9PB" duration="00:00:00.0000065" startTime="2022-06-13T21:11:43.9056462+02:00" endTime="2022-06-13T21:11:43.9057153+02:00" testType="13cdc9d9-ddb5-4fa4-a97d-d965ccfc6d4b" outcome="Passed" testListId="8c84fa94-04c1-424b-9868-57a2d4851a1d" relativeResultsDirectory="89e64f61-3ca8-427c-9281-c3d0833b6681" />
    <UnitTestResult executionId="25773bb4-6028-414e-92b4-d2e128059288" testId="325ec56c-5248-471f-986a-48f4ef1c834d" testName="FormatToStringTest1000 (2835.0728237931958,2835.07 zł)" computerName="DESKTOP-5URQ9PB" duration="00:00:00.0000064" startTime="2022-06-13T21:11:43.8775457+02:00" endTime="2022-06-13T21:11:43.8776119+02:00" testType="13cdc9d9-ddb5-4fa4-a97d-d965ccfc6d4b" outcome="Passed" testListId="8c84fa94-04c1-424b-9868-57a2d4851a1d" relativeResultsDirectory="25773bb4-6028-414e-92b4-d2e128059288" />
    <UnitTestResult executionId="0899e29a-ea97-4344-8956-a7ecc0534506" testId="02f9179c-243e-47f9-9750-ad009ef21627" testName="FormatToStringTest1000 (2751.3751475258614,2751.38 zł)" computerName="DESKTOP-5URQ9PB" duration="00:00:00.0000063" startTime="2022-06-13T21:11:43.9397473+02:00" endTime="2022-06-13T21:11:43.9398124+02:00" testType="13cdc9d9-ddb5-4fa4-a97d-d965ccfc6d4b" outcome="Passed" testListId="8c84fa94-04c1-424b-9868-57a2d4851a1d" relativeResultsDirectory="0899e29a-ea97-4344-8956-a7ecc0534506" />
    <UnitTestResult executionId="06894820-b813-47d1-ba1a-dabc5c5efab9" testId="299fa8bc-99ae-4165-b6a2-a7f339fc6398" testName="FormatToStringTest1000 (29539.32303995328,29539.32 zł)" computerName="DESKTOP-5URQ9PB" duration="00:00:00.0000064" startTime="2022-06-13T21:11:43.8092746+02:00" endTime="2022-06-13T21:11:43.8093410+02:00" testType="13cdc9d9-ddb5-4fa4-a97d-d965ccfc6d4b" outcome="Passed" testListId="8c84fa94-04c1-424b-9868-57a2d4851a1d" relativeResultsDirectory="06894820-b813-47d1-ba1a-dabc5c5efab9" />
    <UnitTestResult executionId="2f299578-7b9f-4894-8b70-65de8835d7a2" testId="a889235c-8eb0-4e39-8964-f7a049067bb4" testName="FormatToStringTest1000 (11022.594234092438,11022.59 zł)" computerName="DESKTOP-5URQ9PB" duration="00:00:00.0000069" startTime="2022-06-13T21:11:43.7769750+02:00" endTime="2022-06-13T21:11:43.7770429+02:00" testType="13cdc9d9-ddb5-4fa4-a97d-d965ccfc6d4b" outcome="Passed" testListId="8c84fa94-04c1-424b-9868-57a2d4851a1d" relativeResultsDirectory="2f299578-7b9f-4894-8b70-65de8835d7a2" />
    <UnitTestResult executionId="cc242ce9-165d-4f2d-8cd9-1c8170eab796" testId="1f884321-a41f-4a4d-92fd-408a73fbe2d8" testName="FormatToStringTest1000 (1898.24149096489,1898.24 zł)" computerName="DESKTOP-5URQ9PB" duration="00:00:00.0000063" startTime="2022-06-13T21:11:43.9123469+02:00" endTime="2022-06-13T21:11:43.9124086+02:00" testType="13cdc9d9-ddb5-4fa4-a97d-d965ccfc6d4b" outcome="Passed" testListId="8c84fa94-04c1-424b-9868-57a2d4851a1d" relativeResultsDirectory="cc242ce9-165d-4f2d-8cd9-1c8170eab796" />
    <UnitTestResult executionId="26a6a069-0e4d-472d-9ba9-180d14e6b79b" testId="53d66e25-0b1b-4dcb-9203-9aee4be4bf86" testName="FormatToStringTest1000 (17090.629587323234,17090.63 zł)" computerName="DESKTOP-5URQ9PB" duration="00:00:00.0000064" startTime="2022-06-13T21:11:43.7613978+02:00" endTime="2022-06-13T21:11:43.7614641+02:00" testType="13cdc9d9-ddb5-4fa4-a97d-d965ccfc6d4b" outcome="Passed" testListId="8c84fa94-04c1-424b-9868-57a2d4851a1d" relativeResultsDirectory="26a6a069-0e4d-472d-9ba9-180d14e6b79b" />
    <UnitTestResult executionId="3b17a206-6428-4f84-b7b6-5d1eeb12bbd0" testId="71fb84f5-c96d-4c7d-8c75-6a92fa21d01e" testName="FormatToStringTest1000 (48428.38681602682,48428.39 zł)" computerName="DESKTOP-5URQ9PB" duration="00:00:00.0000064" startTime="2022-06-13T21:11:43.7577569+02:00" endTime="2022-06-13T21:11:43.7578248+02:00" testType="13cdc9d9-ddb5-4fa4-a97d-d965ccfc6d4b" outcome="Passed" testListId="8c84fa94-04c1-424b-9868-57a2d4851a1d" relativeResultsDirectory="3b17a206-6428-4f84-b7b6-5d1eeb12bbd0" />
    <UnitTestResult executionId="4024425b-dae4-436a-86db-d3ef4fe8a1ff" testId="ebf55305-eea3-42e6-a12a-089064ba212e" testName="FormatToStringTest1000 (4652.407073443945,4652.41 zł)" computerName="DESKTOP-5URQ9PB" duration="00:00:00.0000066" startTime="2022-06-13T21:11:43.8122423+02:00" endTime="2022-06-13T21:11:43.8123163+02:00" testType="13cdc9d9-ddb5-4fa4-a97d-d965ccfc6d4b" outcome="Passed" testListId="8c84fa94-04c1-424b-9868-57a2d4851a1d" relativeResultsDirectory="4024425b-dae4-436a-86db-d3ef4fe8a1ff" />
    <UnitTestResult executionId="6b0387b0-4e93-48e5-b8db-fd65f6206ced" testId="5998ea6e-4908-417d-b264-bec927fd3edd" testName="FormatToStringTest1000 (15822.278766386342,15822.28 zł)" computerName="DESKTOP-5URQ9PB" duration="00:00:00.0000064" startTime="2022-06-13T21:11:43.7672851+02:00" endTime="2022-06-13T21:11:43.7673519+02:00" testType="13cdc9d9-ddb5-4fa4-a97d-d965ccfc6d4b" outcome="Passed" testListId="8c84fa94-04c1-424b-9868-57a2d4851a1d" relativeResultsDirectory="6b0387b0-4e93-48e5-b8db-fd65f6206ced" />
    <UnitTestResult executionId="3d162681-86e1-4443-8ffd-e699ca32f054" testId="4683f30a-921b-4526-9294-4b01198b20e8" testName="FormatToStringTest1000 (39641.61351217451,39641.61 zł)" computerName="DESKTOP-5URQ9PB" duration="00:00:00.0000070" startTime="2022-06-13T21:11:43.8262739+02:00" endTime="2022-06-13T21:11:43.8263409+02:00" testType="13cdc9d9-ddb5-4fa4-a97d-d965ccfc6d4b" outcome="Passed" testListId="8c84fa94-04c1-424b-9868-57a2d4851a1d" relativeResultsDirectory="3d162681-86e1-4443-8ffd-e699ca32f054" />
    <UnitTestResult executionId="87378c8a-8445-4aed-8429-3cb4bc5132b4" testId="8ddec0d3-5705-491b-85ea-158f7bf854a8" testName="FormatToStringTest1000 (45299.778512198376,45299.78 zł)" computerName="DESKTOP-5URQ9PB" duration="00:00:00.0000066" startTime="2022-06-13T21:11:43.9025847+02:00" endTime="2022-06-13T21:11:43.9026560+02:00" testType="13cdc9d9-ddb5-4fa4-a97d-d965ccfc6d4b" outcome="Passed" testListId="8c84fa94-04c1-424b-9868-57a2d4851a1d" relativeResultsDirectory="87378c8a-8445-4aed-8429-3cb4bc5132b4" />
    <UnitTestResult executionId="4d410010-3dab-4d5a-a2b6-a31abc1e4cab" testId="594ff289-6611-45ca-8455-8c7c75575c70" testName="FormatToStringTest1000 (84686.32148464039,84686.32 zł)" computerName="DESKTOP-5URQ9PB" duration="00:00:00.0000066" startTime="2022-06-13T21:11:43.8127028+02:00" endTime="2022-06-13T21:11:43.8127786+02:00" testType="13cdc9d9-ddb5-4fa4-a97d-d965ccfc6d4b" outcome="Passed" testListId="8c84fa94-04c1-424b-9868-57a2d4851a1d" relativeResultsDirectory="4d410010-3dab-4d5a-a2b6-a31abc1e4cab" />
    <UnitTestResult executionId="7ebc615e-fdfa-413e-93b9-4c120351f54c" testId="03520f85-b686-4fb3-ae02-9dcf35f2724f" testName="FormatToStringTest1000 (32216.686763396807,32216.69 zł)" computerName="DESKTOP-5URQ9PB" duration="00:00:00.0000069" startTime="2022-06-13T21:11:43.6063717+02:00" endTime="2022-06-13T21:11:43.6064490+02:00" testType="13cdc9d9-ddb5-4fa4-a97d-d965ccfc6d4b" outcome="Passed" testListId="8c84fa94-04c1-424b-9868-57a2d4851a1d" relativeResultsDirectory="7ebc615e-fdfa-413e-93b9-4c120351f54c" />
    <UnitTestResult executionId="d588876a-5c1c-47f1-9b40-4d0c5e4dec53" testId="545ad6ef-804e-4455-a28a-ed4ed494ec3f" testName="FormatToStringTest1000 (22678.795878462864,22678.80 zł)" computerName="DESKTOP-5URQ9PB" duration="00:00:00.0000117" startTime="2022-06-13T21:11:43.9178412+02:00" endTime="2022-06-13T21:11:43.9179256+02:00" testType="13cdc9d9-ddb5-4fa4-a97d-d965ccfc6d4b" outcome="Passed" testListId="8c84fa94-04c1-424b-9868-57a2d4851a1d" relativeResultsDirectory="d588876a-5c1c-47f1-9b40-4d0c5e4dec53" />
    <UnitTestResult executionId="05bf35c9-7cfa-4a9a-820e-779b9610598d" testId="105b1990-a786-41f9-8cb4-bbc946738add" testName="FormatToStringTest1000 (51632.87002968503,51632.87 zł)" computerName="DESKTOP-5URQ9PB" duration="00:00:00.0000064" startTime="2022-06-13T21:11:43.7404721+02:00" endTime="2022-06-13T21:11:43.7405377+02:00" testType="13cdc9d9-ddb5-4fa4-a97d-d965ccfc6d4b" outcome="Passed" testListId="8c84fa94-04c1-424b-9868-57a2d4851a1d" relativeResultsDirectory="05bf35c9-7cfa-4a9a-820e-779b9610598d" />
    <UnitTestResult executionId="8a9441d5-6675-4444-b4ef-a6d591da5ae4" testId="f25a1c53-22ee-4be9-9030-b1e0075219ee" testName="FormatToStringTest1000 (39146.635743126564,39146.64 zł)" computerName="DESKTOP-5URQ9PB" duration="00:00:00.0000072" startTime="2022-06-13T21:11:43.6996539+02:00" endTime="2022-06-13T21:11:43.6997346+02:00" testType="13cdc9d9-ddb5-4fa4-a97d-d965ccfc6d4b" outcome="Passed" testListId="8c84fa94-04c1-424b-9868-57a2d4851a1d" relativeResultsDirectory="8a9441d5-6675-4444-b4ef-a6d591da5ae4" />
    <UnitTestResult executionId="b092ad26-a35d-4fc5-98c5-fc95544a2a91" testId="1abebaf3-a134-4e8b-afcd-d65334f67255" testName="FormatToStringTest1000 (44499.288016808816,44499.29 zł)" computerName="DESKTOP-5URQ9PB" duration="00:00:00.0000064" startTime="2022-06-13T21:11:43.8066195+02:00" endTime="2022-06-13T21:11:43.8066859+02:00" testType="13cdc9d9-ddb5-4fa4-a97d-d965ccfc6d4b" outcome="Passed" testListId="8c84fa94-04c1-424b-9868-57a2d4851a1d" relativeResultsDirectory="b092ad26-a35d-4fc5-98c5-fc95544a2a91" />
    <UnitTestResult executionId="358938f4-c81b-4776-942c-6f35852ed717" testId="976e6875-a2b4-421f-85fd-624c2a3f6635" testName="FormatToStringTest1000 (2298.0331723829886,2298.03 zł)" computerName="DESKTOP-5URQ9PB" duration="00:00:00.0000489" startTime="2022-06-13T21:11:43.8528108+02:00" endTime="2022-06-13T21:11:43.8534269+02:00" testType="13cdc9d9-ddb5-4fa4-a97d-d965ccfc6d4b" outcome="Passed" testListId="8c84fa94-04c1-424b-9868-57a2d4851a1d" relativeResultsDirectory="358938f4-c81b-4776-942c-6f35852ed717" />
    <UnitTestResult executionId="5312289c-f66e-4637-a774-70e310d598e3" testId="13f32a63-0fc2-497a-909a-84422e724e83" testName="FormatToStringTest1000 (577.6071367564645,577.61 zł)" computerName="DESKTOP-5URQ9PB" duration="00:00:00.0000063" startTime="2022-06-13T21:11:43.9492869+02:00" endTime="2022-06-13T21:11:43.9493506+02:00" testType="13cdc9d9-ddb5-4fa4-a97d-d965ccfc6d4b" outcome="Passed" testListId="8c84fa94-04c1-424b-9868-57a2d4851a1d" relativeResultsDirectory="5312289c-f66e-4637-a774-70e310d598e3" />
    <UnitTestResult executionId="e23516fb-8006-4fd5-9a33-1b67f8747d2c" testId="e2b2071a-d14c-47ab-babf-aa2445d56367" testName="FormatToStringTest1000 (27629.79121039193,27629.79 zł)" computerName="DESKTOP-5URQ9PB" duration="00:00:00.0000063" startTime="2022-06-13T21:11:43.7765399+02:00" endTime="2022-06-13T21:11:43.7766061+02:00" testType="13cdc9d9-ddb5-4fa4-a97d-d965ccfc6d4b" outcome="Passed" testListId="8c84fa94-04c1-424b-9868-57a2d4851a1d" relativeResultsDirectory="e23516fb-8006-4fd5-9a33-1b67f8747d2c" />
    <UnitTestResult executionId="1ed4d435-45f6-45ae-ba15-ba70a4be5fae" testId="33fa343b-ce18-4d16-8120-0107bae8b327" testName="FormatToStringTest1000 (11904.111251175456,11904.11 zł)" computerName="DESKTOP-5URQ9PB" duration="00:00:00.0000064" startTime="2022-06-13T21:11:43.7239770+02:00" endTime="2022-06-13T21:11:43.7240434+02:00" testType="13cdc9d9-ddb5-4fa4-a97d-d965ccfc6d4b" outcome="Passed" testListId="8c84fa94-04c1-424b-9868-57a2d4851a1d" relativeResultsDirectory="1ed4d435-45f6-45ae-ba15-ba70a4be5fae" />
    <UnitTestResult executionId="1a7989d4-e885-41d4-b409-967a62487295" testId="5773ee5f-489c-4e34-b82f-703a8ce49d93" testName="FormatToStringTest1000 (236.20263638589657,236.20 zł)" computerName="DESKTOP-5URQ9PB" duration="00:00:00.0000064" startTime="2022-06-13T21:11:43.8854717+02:00" endTime="2022-06-13T21:11:43.8855379+02:00" testType="13cdc9d9-ddb5-4fa4-a97d-d965ccfc6d4b" outcome="Passed" testListId="8c84fa94-04c1-424b-9868-57a2d4851a1d" relativeResultsDirectory="1a7989d4-e885-41d4-b409-967a62487295" />
    <UnitTestResult executionId="4f3a8a8d-222c-4882-b2e3-1b6808b4a2c7" testId="9b24cd50-852b-4a30-ba2e-b503a639648e" testName="FormatToStringTest1000 (4105.490993980081,4105.49 zł)" computerName="DESKTOP-5URQ9PB" duration="00:00:00.0000063" startTime="2022-06-13T21:11:43.7403075+02:00" endTime="2022-06-13T21:11:43.7403733+02:00" testType="13cdc9d9-ddb5-4fa4-a97d-d965ccfc6d4b" outcome="Passed" testListId="8c84fa94-04c1-424b-9868-57a2d4851a1d" relativeResultsDirectory="4f3a8a8d-222c-4882-b2e3-1b6808b4a2c7" />
    <UnitTestResult executionId="609085e4-9139-4a83-a1cd-36f5eb8aacad" testId="38545c23-9ce9-40f0-bf12-911d28598e6d" testName="FormatToStringTest1000 (2444.4726240530017,2444.47 zł)" computerName="DESKTOP-5URQ9PB" duration="00:00:00.0000062" startTime="2022-06-13T21:11:43.9510349+02:00" endTime="2022-06-13T21:11:43.9510991+02:00" testType="13cdc9d9-ddb5-4fa4-a97d-d965ccfc6d4b" outcome="Passed" testListId="8c84fa94-04c1-424b-9868-57a2d4851a1d" relativeResultsDirectory="609085e4-9139-4a83-a1cd-36f5eb8aacad" />
    <UnitTestResult executionId="1dcc1784-ace0-41d5-afff-ccc0d8e53f1f" testId="5717079b-42fe-4b58-8d47-cf63a129eede" testName="FormatToStringTest1000 (11871.427211910219,11871.43 zł)" computerName="DESKTOP-5URQ9PB" duration="00:00:00.0000063" startTime="2022-06-13T21:11:43.8387788+02:00" endTime="2022-06-13T21:11:43.8388467+02:00" testType="13cdc9d9-ddb5-4fa4-a97d-d965ccfc6d4b" outcome="Passed" testListId="8c84fa94-04c1-424b-9868-57a2d4851a1d" relativeResultsDirectory="1dcc1784-ace0-41d5-afff-ccc0d8e53f1f" />
    <UnitTestResult executionId="640a403a-20e8-44ec-8f54-db2185537bf7" testId="55960f1b-7552-42b8-8315-cab0722bf5fb" testName="FormatToStringTest1000 (50507.0104155615,50507.01 zł)" computerName="DESKTOP-5URQ9PB" duration="00:00:00.0000073" startTime="2022-06-13T21:11:43.9546670+02:00" endTime="2022-06-13T21:11:43.9547409+02:00" testType="13cdc9d9-ddb5-4fa4-a97d-d965ccfc6d4b" outcome="Passed" testListId="8c84fa94-04c1-424b-9868-57a2d4851a1d" relativeResultsDirectory="640a403a-20e8-44ec-8f54-db2185537bf7" />
    <UnitTestResult executionId="4e52ceb5-8a9a-431b-808a-71979820d291" testId="8fd2881e-ab38-474e-9a87-5f599b661ec6" testName="FormatToStringTest1000 (10495.622655484185,10495.62 zł)" computerName="DESKTOP-5URQ9PB" duration="00:00:00.0000064" startTime="2022-06-13T21:11:43.8916009+02:00" endTime="2022-06-13T21:11:43.8916689+02:00" testType="13cdc9d9-ddb5-4fa4-a97d-d965ccfc6d4b" outcome="Passed" testListId="8c84fa94-04c1-424b-9868-57a2d4851a1d" relativeResultsDirectory="4e52ceb5-8a9a-431b-808a-71979820d291" />
    <UnitTestResult executionId="758358f0-5d23-4cbb-a4cc-9eff359d3162" testId="37964e90-322e-4584-b980-5733640d7a8f" testName="FormatToStringTest1000 (1328.353302088265,1328.35 zł)" computerName="DESKTOP-5URQ9PB" duration="00:00:00.0000063" startTime="2022-06-13T21:11:43.8032894+02:00" endTime="2022-06-13T21:11:43.8033556+02:00" testType="13cdc9d9-ddb5-4fa4-a97d-d965ccfc6d4b" outcome="Passed" testListId="8c84fa94-04c1-424b-9868-57a2d4851a1d" relativeResultsDirectory="758358f0-5d23-4cbb-a4cc-9eff359d3162" />
    <UnitTestResult executionId="f69b5ecc-e7ec-44ac-811d-4553d0cdc729" testId="4a48f40f-d15d-4d7c-b667-09d1906099ff" testName="FormatToStringTest1000 (13092.45389243609,13092.45 zł)" computerName="DESKTOP-5URQ9PB" duration="00:00:00.0000118" startTime="2022-06-13T21:11:43.9444897+02:00" endTime="2022-06-13T21:11:43.9446260+02:00" testType="13cdc9d9-ddb5-4fa4-a97d-d965ccfc6d4b" outcome="Passed" testListId="8c84fa94-04c1-424b-9868-57a2d4851a1d" relativeResultsDirectory="f69b5ecc-e7ec-44ac-811d-4553d0cdc729" />
    <UnitTestResult executionId="dbacd3ab-f461-4f8f-8e69-05840cac0040" testId="2333b8a2-ae0a-4cc8-99ec-8b5f77afa3dc" testName="FormatToStringTest1000 (19541.10539777116,19541.11 zł)" computerName="DESKTOP-5URQ9PB" duration="00:00:00.0000066" startTime="2022-06-13T21:11:43.6608645+02:00" endTime="2022-06-13T21:11:43.6609375+02:00" testType="13cdc9d9-ddb5-4fa4-a97d-d965ccfc6d4b" outcome="Passed" testListId="8c84fa94-04c1-424b-9868-57a2d4851a1d" relativeResultsDirectory="dbacd3ab-f461-4f8f-8e69-05840cac0040" />
    <UnitTestResult executionId="f981a422-b5f2-40de-acc2-551ab6b3353a" testId="f167e128-0ad8-40af-8496-b52e875e3b9d" testName="FormatToStringTest1000 (26885.71162707904,26885.71 zł)" computerName="DESKTOP-5URQ9PB" duration="00:00:00.0000065" startTime="2022-06-13T21:11:43.6875895+02:00" endTime="2022-06-13T21:11:43.6876562+02:00" testType="13cdc9d9-ddb5-4fa4-a97d-d965ccfc6d4b" outcome="Passed" testListId="8c84fa94-04c1-424b-9868-57a2d4851a1d" relativeResultsDirectory="f981a422-b5f2-40de-acc2-551ab6b3353a" />
    <UnitTestResult executionId="1fc051c4-6309-4ba2-a7d8-ba95222bb7f8" testId="e74d04d7-06a1-4183-acc2-6c58729c14ec" testName="FormatToStringTest1000 (25882.451101077,25882.45 zł)" computerName="DESKTOP-5URQ9PB" duration="00:00:00.0000132" startTime="2022-06-13T21:11:43.8418101+02:00" endTime="2022-06-13T21:11:43.8419641+02:00" testType="13cdc9d9-ddb5-4fa4-a97d-d965ccfc6d4b" outcome="Passed" testListId="8c84fa94-04c1-424b-9868-57a2d4851a1d" relativeResultsDirectory="1fc051c4-6309-4ba2-a7d8-ba95222bb7f8" />
    <UnitTestResult executionId="01390f6d-9a75-45a3-a2a8-bb82ac87ff54" testId="c46ced39-39b5-4924-a95f-abb23ad9f22b" testName="FormatToStringTest1000 (24646.322657574587,24646.32 zł)" computerName="DESKTOP-5URQ9PB" duration="00:00:00.0000066" startTime="2022-06-13T21:11:43.7828124+02:00" endTime="2022-06-13T21:11:43.7828892+02:00" testType="13cdc9d9-ddb5-4fa4-a97d-d965ccfc6d4b" outcome="Passed" testListId="8c84fa94-04c1-424b-9868-57a2d4851a1d" relativeResultsDirectory="01390f6d-9a75-45a3-a2a8-bb82ac87ff54" />
    <UnitTestResult executionId="d754c5a7-1c76-451c-81b3-9b7c87eb637a" testId="58eb36fd-0b38-4c59-b675-355a19718821" testName="FormatToStringTest1000 (50585.83664522778,50585.84 zł)" computerName="DESKTOP-5URQ9PB" duration="00:00:00.0000064" startTime="2022-06-13T21:11:43.8229964+02:00" endTime="2022-06-13T21:11:43.8230632+02:00" testType="13cdc9d9-ddb5-4fa4-a97d-d965ccfc6d4b" outcome="Passed" testListId="8c84fa94-04c1-424b-9868-57a2d4851a1d" relativeResultsDirectory="d754c5a7-1c76-451c-81b3-9b7c87eb637a" />
    <UnitTestResult executionId="3b7d47a6-2ee6-40ca-8421-6ce0b0454130" testId="4bfee9a0-5944-43a1-9b9f-4aed0d7cfdb8" testName="FormatToStringTest1000 (44677.61946778074,44677.62 zł)" computerName="DESKTOP-5URQ9PB" duration="00:00:00.0000063" startTime="2022-06-13T21:11:43.7377670+02:00" endTime="2022-06-13T21:11:43.7378331+02:00" testType="13cdc9d9-ddb5-4fa4-a97d-d965ccfc6d4b" outcome="Passed" testListId="8c84fa94-04c1-424b-9868-57a2d4851a1d" relativeResultsDirectory="3b7d47a6-2ee6-40ca-8421-6ce0b0454130" />
    <UnitTestResult executionId="afdb8edb-2eca-4859-b281-bb5270b205e2" testId="6cb06bd5-f675-40b3-b7d6-e257e3387df7" testName="FormatToStringTest1000 (21785.42157155528,21785.42 zł)" computerName="DESKTOP-5URQ9PB" duration="00:00:00.0000063" startTime="2022-06-13T21:11:43.9315930+02:00" endTime="2022-06-13T21:11:43.9316575+02:00" testType="13cdc9d9-ddb5-4fa4-a97d-d965ccfc6d4b" outcome="Passed" testListId="8c84fa94-04c1-424b-9868-57a2d4851a1d" relativeResultsDirectory="afdb8edb-2eca-4859-b281-bb5270b205e2" />
    <UnitTestResult executionId="02320bdf-691f-4dea-bdcd-2da64361e311" testId="1b051a6a-0f41-4ee8-9cc1-47076396c61b" testName="FormatToStringTest1000 (1011.9989482094529,1012.00 zł)" computerName="DESKTOP-5URQ9PB" duration="00:00:00.0000066" startTime="2022-06-13T21:11:43.8821063+02:00" endTime="2022-06-13T21:11:43.8821834+02:00" testType="13cdc9d9-ddb5-4fa4-a97d-d965ccfc6d4b" outcome="Passed" testListId="8c84fa94-04c1-424b-9868-57a2d4851a1d" relativeResultsDirectory="02320bdf-691f-4dea-bdcd-2da64361e311" />
    <UnitTestResult executionId="eee3b810-c54d-4a91-a17a-9cb6b08291c9" testId="059fc6e0-ffc8-4136-ad24-0a5dbe27c1a8" testName="FormatToStringTest1000 (485.6735566554933,485.67 zł)" computerName="DESKTOP-5URQ9PB" duration="00:00:00.0000062" startTime="2022-06-13T21:11:43.7114028+02:00" endTime="2022-06-13T21:11:43.7114689+02:00" testType="13cdc9d9-ddb5-4fa4-a97d-d965ccfc6d4b" outcome="Passed" testListId="8c84fa94-04c1-424b-9868-57a2d4851a1d" relativeResultsDirectory="eee3b810-c54d-4a91-a17a-9cb6b08291c9" />
    <UnitTestResult executionId="a9a74654-d6d6-425a-b591-992ba0d57274" testId="64f2b07a-9852-4931-af78-bb0b03829c19" testName="FormatToStringTest1000 (19189.32381924117,19189.32 zł)" computerName="DESKTOP-5URQ9PB" duration="00:00:00.0000070" startTime="2022-06-13T21:11:43.7370814+02:00" endTime="2022-06-13T21:11:43.7371615+02:00" testType="13cdc9d9-ddb5-4fa4-a97d-d965ccfc6d4b" outcome="Passed" testListId="8c84fa94-04c1-424b-9868-57a2d4851a1d" relativeResultsDirectory="a9a74654-d6d6-425a-b591-992ba0d57274" />
    <UnitTestResult executionId="c62012da-fb5b-4c12-8c5d-8e1ec96aa96d" testId="0c842008-5bc4-49a9-a0b8-dd39802d38c5" testName="FormatToStringTest1000 (57809.74722876295,57809.75 zł)" computerName="DESKTOP-5URQ9PB" duration="00:00:00.0000064" startTime="2022-06-13T21:11:43.8260198+02:00" endTime="2022-06-13T21:11:43.8260878+02:00" testType="13cdc9d9-ddb5-4fa4-a97d-d965ccfc6d4b" outcome="Passed" testListId="8c84fa94-04c1-424b-9868-57a2d4851a1d" relativeResultsDirectory="c62012da-fb5b-4c12-8c5d-8e1ec96aa96d" />
    <UnitTestResult executionId="bc527636-0e3d-47c2-93e4-b08880e965fe" testId="990e7a6e-37e4-40b9-80e3-daffcc43c29c" testName="FormatToStringTest1000 (28068.20530246394,28068.21 zł)" computerName="DESKTOP-5URQ9PB" duration="00:00:00.0000069" startTime="2022-06-13T21:11:43.8034555+02:00" endTime="2022-06-13T21:11:43.8035223+02:00" testType="13cdc9d9-ddb5-4fa4-a97d-d965ccfc6d4b" outcome="Passed" testListId="8c84fa94-04c1-424b-9868-57a2d4851a1d" relativeResultsDirectory="bc527636-0e3d-47c2-93e4-b08880e965fe" />
    <UnitTestResult executionId="4a7ab0fe-f3f7-4ed0-a1cd-aadb0a7ce81a" testId="71d1d207-0b02-4c3d-a123-8326ad4eb3c4" testName="FormatToStringTest1000 (23548.88067407016,23548.88 zł)" computerName="DESKTOP-5URQ9PB" duration="00:00:00.0000066" startTime="2022-06-13T21:11:43.7436454+02:00" endTime="2022-06-13T21:11:43.7437216+02:00" testType="13cdc9d9-ddb5-4fa4-a97d-d965ccfc6d4b" outcome="Passed" testListId="8c84fa94-04c1-424b-9868-57a2d4851a1d" relativeResultsDirectory="4a7ab0fe-f3f7-4ed0-a1cd-aadb0a7ce81a" />
    <UnitTestResult executionId="5bfbddb5-6f94-45bc-9e3d-fd3f62d91086" testId="0af49700-579e-48ff-8f45-38e51b5863b0" testName="FormatToStringTest1000 (13681.607566007231,13681.61 zł)" computerName="DESKTOP-5URQ9PB" duration="00:00:00.0000369" startTime="2022-06-13T21:11:43.8547454+02:00" endTime="2022-06-13T21:11:43.8552101+02:00" testType="13cdc9d9-ddb5-4fa4-a97d-d965ccfc6d4b" outcome="Passed" testListId="8c84fa94-04c1-424b-9868-57a2d4851a1d" relativeResultsDirectory="5bfbddb5-6f94-45bc-9e3d-fd3f62d91086" />
    <UnitTestResult executionId="b1f06088-1299-4595-9c94-ca4be0065925" testId="b8bc550f-50d8-4f0f-bec2-14da8341ce7e" testName="FormatToStringTest1000 (22743.19734205827,22743.20 zł)" computerName="DESKTOP-5URQ9PB" duration="00:00:00.0000084" startTime="2022-06-13T21:11:43.7668994+02:00" endTime="2022-06-13T21:11:43.7670049+02:00" testType="13cdc9d9-ddb5-4fa4-a97d-d965ccfc6d4b" outcome="Passed" testListId="8c84fa94-04c1-424b-9868-57a2d4851a1d" relativeResultsDirectory="b1f06088-1299-4595-9c94-ca4be0065925" />
    <UnitTestResult executionId="d6a79688-372d-431e-a46e-949e0f695850" testId="7a8083a0-311c-448d-a245-e3ef4358d9cd" testName="FormatToStringTest1000 (591.2110872302256,591.21 zł)" computerName="DESKTOP-5URQ9PB" duration="00:00:00.0000064" startTime="2022-06-13T21:11:43.6612106+02:00" endTime="2022-06-13T21:11:43.6612776+02:00" testType="13cdc9d9-ddb5-4fa4-a97d-d965ccfc6d4b" outcome="Passed" testListId="8c84fa94-04c1-424b-9868-57a2d4851a1d" relativeResultsDirectory="d6a79688-372d-431e-a46e-949e0f695850" />
    <UnitTestResult executionId="f3397f62-b9f6-48c9-96a4-6d7141df5dcd" testId="36a523ce-be19-4362-9224-01d6869d0176" testName="FormatToStringTest1000 (55303.17220895699,55303.17 zł)" computerName="DESKTOP-5URQ9PB" duration="00:00:00.0000064" startTime="2022-06-13T21:11:43.7003563+02:00" endTime="2022-06-13T21:11:43.7004232+02:00" testType="13cdc9d9-ddb5-4fa4-a97d-d965ccfc6d4b" outcome="Passed" testListId="8c84fa94-04c1-424b-9868-57a2d4851a1d" relativeResultsDirectory="f3397f62-b9f6-48c9-96a4-6d7141df5dcd" />
    <UnitTestResult executionId="36179f0a-e697-4a0d-b635-a931d680054b" testId="ec1fbe9b-6788-45ef-ab78-d9c37ffc3c00" testName="FormatToStringTest1000 (4554.73912809777,4554.74 zł)" computerName="DESKTOP-5URQ9PB" duration="00:00:00.0000068" startTime="2022-06-13T21:11:43.8697659+02:00" endTime="2022-06-13T21:11:43.8698346+02:00" testType="13cdc9d9-ddb5-4fa4-a97d-d965ccfc6d4b" outcome="Passed" testListId="8c84fa94-04c1-424b-9868-57a2d4851a1d" relativeResultsDirectory="36179f0a-e697-4a0d-b635-a931d680054b" />
    <UnitTestResult executionId="80af2ecf-dbae-410d-b9c0-2146b8b4ec9f" testId="98dc54ca-b7ca-496a-9263-6c506c3284f4" testName="FormatToStringTest1000 (22153.282278674324,22153.28 zł)" computerName="DESKTOP-5URQ9PB" duration="00:00:00.0000063" startTime="2022-06-13T21:11:43.7796314+02:00" endTime="2022-06-13T21:11:43.7796986+02:00" testType="13cdc9d9-ddb5-4fa4-a97d-d965ccfc6d4b" outcome="Passed" testListId="8c84fa94-04c1-424b-9868-57a2d4851a1d" relativeResultsDirectory="80af2ecf-dbae-410d-b9c0-2146b8b4ec9f" />
    <UnitTestResult executionId="f24c1cfa-3033-4901-acdd-d01b4099b504" testId="1c08e64a-bf7e-4bcd-8429-3c7ed8ba6b1b" testName="FormatToStringTest1000 (26843.15785584932,26843.16 zł)" computerName="DESKTOP-5URQ9PB" duration="00:00:00.0000065" startTime="2022-06-13T21:11:43.9740233+02:00" endTime="2022-06-13T21:11:43.9740878+02:00" testType="13cdc9d9-ddb5-4fa4-a97d-d965ccfc6d4b" outcome="Passed" testListId="8c84fa94-04c1-424b-9868-57a2d4851a1d" relativeResultsDirectory="f24c1cfa-3033-4901-acdd-d01b4099b504" />
    <UnitTestResult executionId="29e505f4-25e2-4026-a76d-fcecc7ab0d39" testId="6b5dc69a-1552-4c01-b64e-7626fc72395c" testName="FormatToStringTest1000 (11796.576829059317,11796.58 zł)" computerName="DESKTOP-5URQ9PB" duration="00:00:00.0000063" startTime="2022-06-13T21:11:43.9332700+02:00" endTime="2022-06-13T21:11:43.9333349+02:00" testType="13cdc9d9-ddb5-4fa4-a97d-d965ccfc6d4b" outcome="Passed" testListId="8c84fa94-04c1-424b-9868-57a2d4851a1d" relativeResultsDirectory="29e505f4-25e2-4026-a76d-fcecc7ab0d39" />
    <UnitTestResult executionId="a73019ec-c827-4470-8467-27d0d4b04aba" testId="10c57e10-7127-48a9-919f-bc65ae812dbc" testName="FormatToStringTest1000 (8542.520616738833,8542.52 zł)" computerName="DESKTOP-5URQ9PB" duration="00:00:00.0000063" startTime="2022-06-13T21:11:43.9099906+02:00" endTime="2022-06-13T21:11:43.9100558+02:00" testType="13cdc9d9-ddb5-4fa4-a97d-d965ccfc6d4b" outcome="Passed" testListId="8c84fa94-04c1-424b-9868-57a2d4851a1d" relativeResultsDirectory="a73019ec-c827-4470-8467-27d0d4b04aba" />
    <UnitTestResult executionId="6229554c-d567-4d73-8e56-7f551f16338d" testId="12e44a85-e777-4f06-92f5-c9d19561dc69" testName="FormatToStringTest1000 (15861.139287455073,15861.14 zł)" computerName="DESKTOP-5URQ9PB" duration="00:00:00.0000066" startTime="2022-06-13T21:11:43.7540805+02:00" endTime="2022-06-13T21:11:43.7541558+02:00" testType="13cdc9d9-ddb5-4fa4-a97d-d965ccfc6d4b" outcome="Passed" testListId="8c84fa94-04c1-424b-9868-57a2d4851a1d" relativeResultsDirectory="6229554c-d567-4d73-8e56-7f551f16338d" />
    <UnitTestResult executionId="b9562c6a-1873-4f87-93fc-a18fe077269b" testId="b5ec34b2-ecff-4c7b-81ef-bd0758e48468" testName="FormatToStringTest1000 (9190.067404299076,9190.07 zł)" computerName="DESKTOP-5URQ9PB" duration="00:00:00.0000063" startTime="2022-06-13T21:11:43.9450912+02:00" endTime="2022-06-13T21:11:43.9451562+02:00" testType="13cdc9d9-ddb5-4fa4-a97d-d965ccfc6d4b" outcome="Passed" testListId="8c84fa94-04c1-424b-9868-57a2d4851a1d" relativeResultsDirectory="b9562c6a-1873-4f87-93fc-a18fe077269b" />
    <UnitTestResult executionId="35eb70e0-86e8-481c-9422-48a79ab57c2a" testId="0f3d5c0d-3ce8-48ce-8733-9be037b841ad" testName="FormatToStringTest1000 (79388.929555234,79388.93 zł)" computerName="DESKTOP-5URQ9PB" duration="00:00:00.0000065" startTime="2022-06-13T21:11:43.9296571+02:00" endTime="2022-06-13T21:11:43.9297188+02:00" testType="13cdc9d9-ddb5-4fa4-a97d-d965ccfc6d4b" outcome="Passed" testListId="8c84fa94-04c1-424b-9868-57a2d4851a1d" relativeResultsDirectory="35eb70e0-86e8-481c-9422-48a79ab57c2a" />
    <UnitTestResult executionId="169884ec-0028-40e8-b561-2750e51fe261" testId="a26215fb-2f18-4280-9e2b-7ffeedc6942b" testName="FormatToStringTest1000 (19189.813662191766,19189.81 zł)" computerName="DESKTOP-5URQ9PB" duration="00:00:00.0000102" startTime="2022-06-13T21:11:43.7870250+02:00" endTime="2022-06-13T21:11:43.7871584+02:00" testType="13cdc9d9-ddb5-4fa4-a97d-d965ccfc6d4b" outcome="Passed" testListId="8c84fa94-04c1-424b-9868-57a2d4851a1d" relativeResultsDirectory="169884ec-0028-40e8-b561-2750e51fe261" />
    <UnitTestResult executionId="6a5c8354-5dae-4b23-a2ef-f4b6f6ea4f4b" testId="68c6a342-fbd8-4195-9cd3-0d8793b9a01c" testName="FormatToStringTest1000 (486.15309567942893,486.15 zł)" computerName="DESKTOP-5URQ9PB" duration="00:00:00.0000068" startTime="2022-06-13T21:11:43.7768752+02:00" endTime="2022-06-13T21:11:43.7769570+02:00" testType="13cdc9d9-ddb5-4fa4-a97d-d965ccfc6d4b" outcome="Passed" testListId="8c84fa94-04c1-424b-9868-57a2d4851a1d" relativeResultsDirectory="6a5c8354-5dae-4b23-a2ef-f4b6f6ea4f4b" />
    <UnitTestResult executionId="dbb1d9bd-3cca-4727-89d3-56d88d197759" testId="53a4180a-b7f7-4b58-96d1-6093f2b2bc43" testName="FormatToStringTest1000 (50009.23881716898,50009.24 zł)" computerName="DESKTOP-5URQ9PB" duration="00:00:00.0000306" startTime="2022-06-13T21:11:43.8600313+02:00" endTime="2022-06-13T21:11:43.8603831+02:00" testType="13cdc9d9-ddb5-4fa4-a97d-d965ccfc6d4b" outcome="Passed" testListId="8c84fa94-04c1-424b-9868-57a2d4851a1d" relativeResultsDirectory="dbb1d9bd-3cca-4727-89d3-56d88d197759" />
    <UnitTestResult executionId="f481c1ea-8846-49b6-9fa3-1462678d7278" testId="310970ce-e752-4576-9598-eca82b3e51c6" testName="FormatToStringTest1000 (24570.65594858893,24570.66 zł)" computerName="DESKTOP-5URQ9PB" duration="00:00:00.0000064" startTime="2022-06-13T21:11:43.7283565+02:00" endTime="2022-06-13T21:11:43.7284236+02:00" testType="13cdc9d9-ddb5-4fa4-a97d-d965ccfc6d4b" outcome="Passed" testListId="8c84fa94-04c1-424b-9868-57a2d4851a1d" relativeResultsDirectory="f481c1ea-8846-49b6-9fa3-1462678d7278" />
    <UnitTestResult executionId="babbe480-3a63-4266-906f-56df23874383" testId="bdb4efaa-3387-4d65-8f5f-21ac36e1272d" testName="FormatToStringTest1000 (23789.556920184546,23789.56 zł)" computerName="DESKTOP-5URQ9PB" duration="00:00:00.0000063" startTime="2022-06-13T21:11:43.9592942+02:00" endTime="2022-06-13T21:11:43.9593589+02:00" testType="13cdc9d9-ddb5-4fa4-a97d-d965ccfc6d4b" outcome="Passed" testListId="8c84fa94-04c1-424b-9868-57a2d4851a1d" relativeResultsDirectory="babbe480-3a63-4266-906f-56df23874383" />
    <UnitTestResult executionId="c288f3a2-f7c0-43f2-a8e7-7feeaa49615c" testId="26d4405a-d4e5-470b-b315-c3b0c7f53e28" testName="FormatToStringTest1000 (73301.91270130403,73301.91 zł)" computerName="DESKTOP-5URQ9PB" duration="00:00:00.0000063" startTime="2022-06-13T21:11:43.9273639+02:00" endTime="2022-06-13T21:11:43.9274281+02:00" testType="13cdc9d9-ddb5-4fa4-a97d-d965ccfc6d4b" outcome="Passed" testListId="8c84fa94-04c1-424b-9868-57a2d4851a1d" relativeResultsDirectory="c288f3a2-f7c0-43f2-a8e7-7feeaa49615c" />
    <UnitTestResult executionId="90c8be48-62b5-4bcc-8757-81f7f12606e4" testId="f4fc3a5c-82b2-402f-83ef-bdb551684ca2" testName="FormatToStringTest1000 (40268.121943438484,40268.12 zł)" computerName="DESKTOP-5URQ9PB" duration="00:00:00.0000067" startTime="2022-06-13T21:11:43.7538861+02:00" endTime="2022-06-13T21:11:43.7539718+02:00" testType="13cdc9d9-ddb5-4fa4-a97d-d965ccfc6d4b" outcome="Passed" testListId="8c84fa94-04c1-424b-9868-57a2d4851a1d" relativeResultsDirectory="90c8be48-62b5-4bcc-8757-81f7f12606e4" />
    <UnitTestResult executionId="8b96d1c3-173f-4e0b-9b81-d78dcca208a6" testId="32dfae3b-b238-4be4-bb8d-a64f5d380e9c" testName="FormatToStringTest1000 (3030.9461949132133,3030.95 zł)" computerName="DESKTOP-5URQ9PB" duration="00:00:00.0000066" startTime="2022-06-13T21:11:43.7965890+02:00" endTime="2022-06-13T21:11:43.7966573+02:00" testType="13cdc9d9-ddb5-4fa4-a97d-d965ccfc6d4b" outcome="Passed" testListId="8c84fa94-04c1-424b-9868-57a2d4851a1d" relativeResultsDirectory="8b96d1c3-173f-4e0b-9b81-d78dcca208a6" />
    <UnitTestResult executionId="564b551a-7539-4bd0-89d0-2d1d9e184d2f" testId="25f393a6-37da-4b1f-9c41-295a56aa4eba" testName="FormatToStringTest1000 (10784.438152511344,10784.44 zł)" computerName="DESKTOP-5URQ9PB" duration="00:00:00.0000073" startTime="2022-06-13T21:11:43.6836027+02:00" endTime="2022-06-13T21:11:43.6836885+02:00" testType="13cdc9d9-ddb5-4fa4-a97d-d965ccfc6d4b" outcome="Passed" testListId="8c84fa94-04c1-424b-9868-57a2d4851a1d" relativeResultsDirectory="564b551a-7539-4bd0-89d0-2d1d9e184d2f" />
    <UnitTestResult executionId="5dd7559b-fd56-4a33-9ffb-5bf8197301f9" testId="b6fe85a0-8f97-4d05-ae7d-14edb9ed26f0" testName="FormatToStringTest1000 (28992.38363400166,28992.38 zł)" computerName="DESKTOP-5URQ9PB" duration="00:00:00.0000063" startTime="2022-06-13T21:11:43.9083874+02:00" endTime="2022-06-13T21:11:43.9084522+02:00" testType="13cdc9d9-ddb5-4fa4-a97d-d965ccfc6d4b" outcome="Passed" testListId="8c84fa94-04c1-424b-9868-57a2d4851a1d" relativeResultsDirectory="5dd7559b-fd56-4a33-9ffb-5bf8197301f9" />
    <UnitTestResult executionId="0baa3a16-3626-4164-add6-532b3b32b7e6" testId="e9313295-0174-4dc2-9ea8-5ee80dda839d" testName="FormatToStringTest1000 (1669.555150571072,1669.56 zł)" computerName="DESKTOP-5URQ9PB" duration="00:00:00.0000070" startTime="2022-06-13T21:11:43.9575139+02:00" endTime="2022-06-13T21:11:43.9575786+02:00" testType="13cdc9d9-ddb5-4fa4-a97d-d965ccfc6d4b" outcome="Passed" testListId="8c84fa94-04c1-424b-9868-57a2d4851a1d" relativeResultsDirectory="0baa3a16-3626-4164-add6-532b3b32b7e6" />
    <UnitTestResult executionId="75afcfbb-149e-4fd4-a022-698b5873262a" testId="80ee2099-86a6-4282-b8b5-ffe63073bb9b" testName="FormatToStringTest1000 (47431.868885526375,47431.87 zł)" computerName="DESKTOP-5URQ9PB" duration="00:00:00.0000545" startTime="2022-06-13T21:11:43.8519254+02:00" endTime="2022-06-13T21:11:43.8526628+02:00" testType="13cdc9d9-ddb5-4fa4-a97d-d965ccfc6d4b" outcome="Passed" testListId="8c84fa94-04c1-424b-9868-57a2d4851a1d" relativeResultsDirectory="75afcfbb-149e-4fd4-a022-698b5873262a" />
    <UnitTestResult executionId="65a9ec5e-460e-49a8-9054-e754a4b6d1ff" testId="2a4b5d49-7950-46bb-ba9d-a00e5211ce93" testName="FormatToStringTest1000 (4898.699005344277,4898.70 zł)" computerName="DESKTOP-5URQ9PB" duration="00:00:00.0000064" startTime="2022-06-13T21:11:43.7580330+02:00" endTime="2022-06-13T21:11:43.7580995+02:00" testType="13cdc9d9-ddb5-4fa4-a97d-d965ccfc6d4b" outcome="Passed" testListId="8c84fa94-04c1-424b-9868-57a2d4851a1d" relativeResultsDirectory="65a9ec5e-460e-49a8-9054-e754a4b6d1ff" />
    <UnitTestResult executionId="8f5baace-b999-40a0-9784-5e3479c28894" testId="82b53204-de37-43c5-ac12-543ebb9eb84e" testName="FormatToStringTest1000 (6146.91236741278,6146.91 zł)" computerName="DESKTOP-5URQ9PB" duration="00:00:00.0000063" startTime="2022-06-13T21:11:43.9592155+02:00" endTime="2022-06-13T21:11:43.9592776+02:00" testType="13cdc9d9-ddb5-4fa4-a97d-d965ccfc6d4b" outcome="Passed" testListId="8c84fa94-04c1-424b-9868-57a2d4851a1d" relativeResultsDirectory="8f5baace-b999-40a0-9784-5e3479c28894" />
    <UnitTestResult executionId="772ceffb-9045-4890-8162-ce97bb5d6394" testId="36e2dc7f-36f8-4840-ac46-6bf7bc5cc078" testName="FormatToStringTest1000 (27187.549022783314,27187.55 zł)" computerName="DESKTOP-5URQ9PB" duration="00:00:00.0000062" startTime="2022-06-13T21:11:43.8230805+02:00" endTime="2022-06-13T21:11:43.8231465+02:00" testType="13cdc9d9-ddb5-4fa4-a97d-d965ccfc6d4b" outcome="Passed" testListId="8c84fa94-04c1-424b-9868-57a2d4851a1d" relativeResultsDirectory="772ceffb-9045-4890-8162-ce97bb5d6394" />
    <UnitTestResult executionId="dd5e12fd-095c-4418-bca9-314796111178" testId="5377f8e2-3375-4039-99a8-7b2696a5c15d" testName="FormatToStringTest1000 (803.2448148733214,803.24 zł)" computerName="DESKTOP-5URQ9PB" duration="00:00:00.0000065" startTime="2022-06-13T21:11:43.9529194+02:00" endTime="2022-06-13T21:11:43.9529888+02:00" testType="13cdc9d9-ddb5-4fa4-a97d-d965ccfc6d4b" outcome="Passed" testListId="8c84fa94-04c1-424b-9868-57a2d4851a1d" relativeResultsDirectory="dd5e12fd-095c-4418-bca9-314796111178" />
    <UnitTestResult executionId="da696083-b3fd-412c-9518-19e98b04467f" testId="1415f4c6-652d-40bb-8550-fdd45c980a73" testName="FormatToStringTest1000 (18990.72499258012,18990.72 zł)" computerName="DESKTOP-5URQ9PB" duration="00:00:00.0000066" startTime="2022-06-13T21:11:43.6772888+02:00" endTime="2022-06-13T21:11:43.6773624+02:00" testType="13cdc9d9-ddb5-4fa4-a97d-d965ccfc6d4b" outcome="Passed" testListId="8c84fa94-04c1-424b-9868-57a2d4851a1d" relativeResultsDirectory="da696083-b3fd-412c-9518-19e98b04467f" />
    <UnitTestResult executionId="5ec26bd9-b49a-49da-b8bb-1e2f24275ea2" testId="c4006f54-90b2-49fc-85f1-18285aa4f8fd" testName="FormatToStringTest1000 (16986.338876065027,16986.34 zł)" computerName="DESKTOP-5URQ9PB" duration="00:00:00.0000064" startTime="2022-06-13T21:11:43.6640327+02:00" endTime="2022-06-13T21:11:43.6641001+02:00" testType="13cdc9d9-ddb5-4fa4-a97d-d965ccfc6d4b" outcome="Passed" testListId="8c84fa94-04c1-424b-9868-57a2d4851a1d" relativeResultsDirectory="5ec26bd9-b49a-49da-b8bb-1e2f24275ea2" />
    <UnitTestResult executionId="ab554127-de77-40e0-86a5-c267fac4b113" testId="f68e78ca-1c09-41c7-8fbe-827d24daa6d6" testName="FormatToStringTest1000 (16511.26921423537,16511.27 zł)" computerName="DESKTOP-5URQ9PB" duration="00:00:00.0000065" startTime="2022-06-13T21:11:43.9547589+02:00" endTime="2022-06-13T21:11:43.9548246+02:00" testType="13cdc9d9-ddb5-4fa4-a97d-d965ccfc6d4b" outcome="Passed" testListId="8c84fa94-04c1-424b-9868-57a2d4851a1d" relativeResultsDirectory="ab554127-de77-40e0-86a5-c267fac4b113" />
    <UnitTestResult executionId="557dbc99-e706-442e-a6d6-4bef159b4786" testId="1faa8d1a-0da9-4dc5-89c8-9e123d849dcd" testName="FormatToStringTest1000 (3092.9215945624383,3092.92 zł)" computerName="DESKTOP-5URQ9PB" duration="00:00:00.0000066" startTime="2022-06-13T21:11:43.8700488+02:00" endTime="2022-06-13T21:11:43.8701180+02:00" testType="13cdc9d9-ddb5-4fa4-a97d-d965ccfc6d4b" outcome="Passed" testListId="8c84fa94-04c1-424b-9868-57a2d4851a1d" relativeResultsDirectory="557dbc99-e706-442e-a6d6-4bef159b4786" />
    <UnitTestResult executionId="7d0b390e-251f-47dd-875a-3987c6078e94" testId="61953d57-700a-4e47-879b-6000f6c004c9" testName="FormatToStringTest1000 (25039.088753207627,25039.09 zł)" computerName="DESKTOP-5URQ9PB" duration="00:00:00.0000282" startTime="2022-06-13T21:11:43.8669330+02:00" endTime="2022-06-13T21:11:43.8671140+02:00" testType="13cdc9d9-ddb5-4fa4-a97d-d965ccfc6d4b" outcome="Passed" testListId="8c84fa94-04c1-424b-9868-57a2d4851a1d" relativeResultsDirectory="7d0b390e-251f-47dd-875a-3987c6078e94" />
    <UnitTestResult executionId="2c70edfd-1f45-48a6-b0e1-945578cc54b3" testId="89c1dfe7-dc0e-426e-ae8d-d84cfe66b2b2" testName="FormatToStringTest1000 (8644.187977380207,8644.19 zł)" computerName="DESKTOP-5URQ9PB" duration="00:00:00.0000088" startTime="2022-06-13T21:11:43.9250398+02:00" endTime="2022-06-13T21:11:43.9251527+02:00" testType="13cdc9d9-ddb5-4fa4-a97d-d965ccfc6d4b" outcome="Passed" testListId="8c84fa94-04c1-424b-9868-57a2d4851a1d" relativeResultsDirectory="2c70edfd-1f45-48a6-b0e1-945578cc54b3" />
    <UnitTestResult executionId="73ce4405-cb59-4381-b4a0-18c635541a68" testId="256cb05c-8c3b-4b42-8b8e-36f728f7a7f4" testName="FormatToStringTest1000 (58459.03113649601,58459.03 zł)" computerName="DESKTOP-5URQ9PB" duration="00:00:00.0000065" startTime="2022-06-13T21:11:43.8850463+02:00" endTime="2022-06-13T21:11:43.8851153+02:00" testType="13cdc9d9-ddb5-4fa4-a97d-d965ccfc6d4b" outcome="Passed" testListId="8c84fa94-04c1-424b-9868-57a2d4851a1d" relativeResultsDirectory="73ce4405-cb59-4381-b4a0-18c635541a68" />
    <UnitTestResult executionId="c9ea7d34-64dc-465e-a7e2-2687d9d96421" testId="0dd7ac3f-14e6-49ce-90f3-ed62b9a8672d" testName="FormatToStringTest1000 (50339.31259969497,50339.31 zł)" computerName="DESKTOP-5URQ9PB" duration="00:00:00.0000067" startTime="2022-06-13T21:11:43.6736320+02:00" endTime="2022-06-13T21:11:43.6737081+02:00" testType="13cdc9d9-ddb5-4fa4-a97d-d965ccfc6d4b" outcome="Passed" testListId="8c84fa94-04c1-424b-9868-57a2d4851a1d" relativeResultsDirectory="c9ea7d34-64dc-465e-a7e2-2687d9d96421" />
    <UnitTestResult executionId="29317041-1e17-43a8-ace2-c5cad7bcf3e8" testId="f37f7e03-21a8-4b1b-9ea8-30fb506b234d" testName="FormatToStringTest1000 (16825.83099003268,16825.83 zł)" computerName="DESKTOP-5URQ9PB" duration="00:00:00.0000064" startTime="2022-06-13T21:11:43.9004062+02:00" endTime="2022-06-13T21:11:43.9004716+02:00" testType="13cdc9d9-ddb5-4fa4-a97d-d965ccfc6d4b" outcome="Passed" testListId="8c84fa94-04c1-424b-9868-57a2d4851a1d" relativeResultsDirectory="29317041-1e17-43a8-ace2-c5cad7bcf3e8" />
    <UnitTestResult executionId="d7dd1f3f-14f6-4d30-a1fc-72ea272d4023" testId="92d15850-e96e-48cf-a9d4-de036830cca3" testName="FormatToStringTest1000 (8885.065440211942,8885.07 zł)" computerName="DESKTOP-5URQ9PB" duration="00:00:00.0000065" startTime="2022-06-13T21:11:43.8127960+02:00" endTime="2022-06-13T21:11:43.8128688+02:00" testType="13cdc9d9-ddb5-4fa4-a97d-d965ccfc6d4b" outcome="Passed" testListId="8c84fa94-04c1-424b-9868-57a2d4851a1d" relativeResultsDirectory="d7dd1f3f-14f6-4d30-a1fc-72ea272d4023" />
    <UnitTestResult executionId="904d4170-3973-4889-a592-d92fced4a3aa" testId="2f0fc4d3-c6ed-471a-9f40-d7f8f399cd3b" testName="FormatToStringTest1000 (1228.101744225296,1228.10 zł)" computerName="DESKTOP-5URQ9PB" duration="00:00:00.0000076" startTime="2022-06-13T21:11:43.8962331+02:00" endTime="2022-06-13T21:11:43.8962991+02:00" testType="13cdc9d9-ddb5-4fa4-a97d-d965ccfc6d4b" outcome="Passed" testListId="8c84fa94-04c1-424b-9868-57a2d4851a1d" relativeResultsDirectory="904d4170-3973-4889-a592-d92fced4a3aa" />
    <UnitTestResult executionId="9f2295b1-ae8c-4409-a926-149ac506e07b" testId="8ae459be-5bb1-45a6-b1d2-54964248eada" testName="FormatToStringTest1000 (7890.044272348771,7890.04 zł)" computerName="DESKTOP-5URQ9PB" duration="00:00:00.0000068" startTime="2022-06-13T21:11:43.8359002+02:00" endTime="2022-06-13T21:11:43.8359900+02:00" testType="13cdc9d9-ddb5-4fa4-a97d-d965ccfc6d4b" outcome="Passed" testListId="8c84fa94-04c1-424b-9868-57a2d4851a1d" relativeResultsDirectory="9f2295b1-ae8c-4409-a926-149ac506e07b" />
    <UnitTestResult executionId="9bf08d34-285f-4207-833c-f79010c45cb8" testId="436997fd-e944-478e-80a3-78b08d752dcc" testName="FormatToStringTest1000 (6752.510462437062,6752.51 zł)" computerName="DESKTOP-5URQ9PB" duration="00:00:00.0000062" startTime="2022-06-13T21:11:43.6910368+02:00" endTime="2022-06-13T21:11:43.6911027+02:00" testType="13cdc9d9-ddb5-4fa4-a97d-d965ccfc6d4b" outcome="Passed" testListId="8c84fa94-04c1-424b-9868-57a2d4851a1d" relativeResultsDirectory="9bf08d34-285f-4207-833c-f79010c45cb8" />
    <UnitTestResult executionId="cc1340a5-eb25-406e-8880-87e81f789db1" testId="050d7206-a5bc-491f-b11e-7fe344be98b4" testName="FormatToStringTest1000 (3521.3657738167635,3521.37 zł)" computerName="DESKTOP-5URQ9PB" duration="00:00:00.0000065" startTime="2022-06-13T21:11:43.6704630+02:00" endTime="2022-06-13T21:11:43.6705357+02:00" testType="13cdc9d9-ddb5-4fa4-a97d-d965ccfc6d4b" outcome="Passed" testListId="8c84fa94-04c1-424b-9868-57a2d4851a1d" relativeResultsDirectory="cc1340a5-eb25-406e-8880-87e81f789db1" />
    <UnitTestResult executionId="a2c35a91-561a-476c-ab86-9b199cc88a27" testId="86a9872b-f033-4ac2-a047-3f5f1679b9a5" testName="FormatToStringTest1000 (1562.3173604776698,1562.32 zł)" computerName="DESKTOP-5URQ9PB" duration="00:00:00.0000064" startTime="2022-06-13T21:11:43.7579465+02:00" endTime="2022-06-13T21:11:43.7580152+02:00" testType="13cdc9d9-ddb5-4fa4-a97d-d965ccfc6d4b" outcome="Passed" testListId="8c84fa94-04c1-424b-9868-57a2d4851a1d" relativeResultsDirectory="a2c35a91-561a-476c-ab86-9b199cc88a27" />
    <UnitTestResult executionId="da5a20a3-c396-4057-9ece-cd23d71592bd" testId="1620920d-c63e-440e-9e28-d605e6884a30" testName="FormatToStringTest1000 (61422.228144277455,61422.23 zł)" computerName="DESKTOP-5URQ9PB" duration="00:00:00.0000081" startTime="2022-06-13T21:11:43.8958565+02:00" endTime="2022-06-13T21:11:43.8959416+02:00" testType="13cdc9d9-ddb5-4fa4-a97d-d965ccfc6d4b" outcome="Passed" testListId="8c84fa94-04c1-424b-9868-57a2d4851a1d" relativeResultsDirectory="da5a20a3-c396-4057-9ece-cd23d71592bd" />
    <UnitTestResult executionId="3ef9cb3d-05c7-479a-9a59-194bf07e33ab" testId="1044942b-82a3-4f84-b1a8-b758f1944cde" testName="FormatToStringTest1000 (5548.360986085777,5548.36 zł)" computerName="DESKTOP-5URQ9PB" duration="00:00:00.0000067" startTime="2022-06-13T21:11:43.8815267+02:00" endTime="2022-06-13T21:11:43.8816013+02:00" testType="13cdc9d9-ddb5-4fa4-a97d-d965ccfc6d4b" outcome="Passed" testListId="8c84fa94-04c1-424b-9868-57a2d4851a1d" relativeResultsDirectory="3ef9cb3d-05c7-479a-9a59-194bf07e33ab" />
    <UnitTestResult executionId="787a1d8b-0413-4617-b2a5-e8adddfd025b" testId="4f9726ad-325d-40ef-b0d6-7ba3b03342e5" testName="FormatToStringTest1000 (33413.381276228174,33413.38 zł)" computerName="DESKTOP-5URQ9PB" duration="00:00:00.0000097" startTime="2022-06-13T21:11:43.7902265+02:00" endTime="2022-06-13T21:11:43.7903379+02:00" testType="13cdc9d9-ddb5-4fa4-a97d-d965ccfc6d4b" outcome="Passed" testListId="8c84fa94-04c1-424b-9868-57a2d4851a1d" relativeResultsDirectory="787a1d8b-0413-4617-b2a5-e8adddfd025b" />
    <UnitTestResult executionId="a3197b8f-dc06-468e-9c6a-1b1eff0d3099" testId="2f1c05c1-cabc-4177-8060-1d47ab8a2b21" testName="FormatToStringTest1000 (28155.26504817664,28155.27 zł)" computerName="DESKTOP-5URQ9PB" duration="00:00:00.0000064" startTime="2022-06-13T21:11:43.7877049+02:00" endTime="2022-06-13T21:11:43.7877733+02:00" testType="13cdc9d9-ddb5-4fa4-a97d-d965ccfc6d4b" outcome="Passed" testListId="8c84fa94-04c1-424b-9868-57a2d4851a1d" relativeResultsDirectory="a3197b8f-dc06-468e-9c6a-1b1eff0d3099" />
    <UnitTestResult executionId="340a15fe-3298-4728-84ac-bd89b995cefd" testId="8b689440-adc2-49bd-b44a-8b50191a1db0" testName="FormatToStringTest1000 (21281.64584727662,21281.65 zł)" computerName="DESKTOP-5URQ9PB" duration="00:00:00.0000093" startTime="2022-06-13T21:11:43.7308685+02:00" endTime="2022-06-13T21:11:43.7309939+02:00" testType="13cdc9d9-ddb5-4fa4-a97d-d965ccfc6d4b" outcome="Passed" testListId="8c84fa94-04c1-424b-9868-57a2d4851a1d" relativeResultsDirectory="340a15fe-3298-4728-84ac-bd89b995cefd" />
    <UnitTestResult executionId="285ed384-3a19-45d1-a442-33dcaeffec65" testId="7520764f-cb4f-47b1-9df5-7cc87e0d825e" testName="FormatToStringTest1000 (15509.637406484986,15509.64 zł)" computerName="DESKTOP-5URQ9PB" duration="00:00:00.0000062" startTime="2022-06-13T21:11:43.6967707+02:00" endTime="2022-06-13T21:11:43.6968373+02:00" testType="13cdc9d9-ddb5-4fa4-a97d-d965ccfc6d4b" outcome="Passed" testListId="8c84fa94-04c1-424b-9868-57a2d4851a1d" relativeResultsDirectory="285ed384-3a19-45d1-a442-33dcaeffec65" />
    <UnitTestResult executionId="584b46a7-c118-4b73-8d8d-998f41ac3b28" testId="198f7af1-d5c5-43b4-a6f7-c2fed23b224d" testName="FormatToStringTest1000 (16030.852371789913,16030.85 zł)" computerName="DESKTOP-5URQ9PB" duration="00:00:00.0000070" startTime="2022-06-13T21:11:43.6904299+02:00" endTime="2022-06-13T21:11:43.6905088+02:00" testType="13cdc9d9-ddb5-4fa4-a97d-d965ccfc6d4b" outcome="Passed" testListId="8c84fa94-04c1-424b-9868-57a2d4851a1d" relativeResultsDirectory="584b46a7-c118-4b73-8d8d-998f41ac3b28" />
    <UnitTestResult executionId="5e84bc24-60c7-4ff7-9772-b1d891ca869a" testId="7d300cdf-3ac7-41f2-b1d4-7aad18f39ebd" testName="FormatToStringTest1000 (47964.941885361884,47964.94 zł)" computerName="DESKTOP-5URQ9PB" duration="00:00:00.0000064" startTime="2022-06-13T21:11:43.6966851+02:00" endTime="2022-06-13T21:11:43.6967533+02:00" testType="13cdc9d9-ddb5-4fa4-a97d-d965ccfc6d4b" outcome="Passed" testListId="8c84fa94-04c1-424b-9868-57a2d4851a1d" relativeResultsDirectory="5e84bc24-60c7-4ff7-9772-b1d891ca869a" />
    <UnitTestResult executionId="fea0f853-5903-4ec9-9ee9-9e4e70b73feb" testId="5ed4548b-f66a-431f-90c7-e14ca52434ab" testName="FormatToStringTest1000 (22459.530444447664,22459.53 zł)" computerName="DESKTOP-5URQ9PB" duration="00:00:00.0000071" startTime="2022-06-13T21:11:43.8196528+02:00" endTime="2022-06-13T21:11:43.8197341+02:00" testType="13cdc9d9-ddb5-4fa4-a97d-d965ccfc6d4b" outcome="Passed" testListId="8c84fa94-04c1-424b-9868-57a2d4851a1d" relativeResultsDirectory="fea0f853-5903-4ec9-9ee9-9e4e70b73feb" />
    <UnitTestResult executionId="5c33c70e-4dad-4441-a39c-20c413eadc83" testId="cf519272-8aa5-452c-a753-9542a034f354" testName="FormatToStringTest1000 (45955.903045959254,45955.90 zł)" computerName="DESKTOP-5URQ9PB" duration="00:00:00.0000065" startTime="2022-06-13T21:11:43.9061629+02:00" endTime="2022-06-13T21:11:43.9062271+02:00" testType="13cdc9d9-ddb5-4fa4-a97d-d965ccfc6d4b" outcome="Passed" testListId="8c84fa94-04c1-424b-9868-57a2d4851a1d" relativeResultsDirectory="5c33c70e-4dad-4441-a39c-20c413eadc83" />
    <UnitTestResult executionId="87f7d731-affd-4b7c-a52b-b0156b5846e7" testId="beb97c15-8366-4f2f-8157-ad1108a4a012" testName="FormatToStringTest1000 (13541.45472935096,13541.45 zł)" computerName="DESKTOP-5URQ9PB" duration="00:00:00.0000063" startTime="2022-06-13T21:11:43.8875234+02:00" endTime="2022-06-13T21:11:43.8875893+02:00" testType="13cdc9d9-ddb5-4fa4-a97d-d965ccfc6d4b" outcome="Passed" testListId="8c84fa94-04c1-424b-9868-57a2d4851a1d" relativeResultsDirectory="87f7d731-affd-4b7c-a52b-b0156b5846e7" />
    <UnitTestResult executionId="c03a87d1-c483-4aa3-9f37-e69f87f96f1b" testId="d58aa143-a97b-4b66-b9cc-faef5da1bfc0" testName="FormatToStringTest1000 (13027.93935961739,13027.94 zł)" computerName="DESKTOP-5URQ9PB" duration="00:00:00.0000065" startTime="2022-06-13T21:11:43.8233323+02:00" endTime="2022-06-13T21:11:43.8233990+02:00" testType="13cdc9d9-ddb5-4fa4-a97d-d965ccfc6d4b" outcome="Passed" testListId="8c84fa94-04c1-424b-9868-57a2d4851a1d" relativeResultsDirectory="c03a87d1-c483-4aa3-9f37-e69f87f96f1b" />
    <UnitTestResult executionId="3b3f3ab5-3096-4fa1-963c-7df7a797f7be" testId="6d6aa105-2046-4763-8b75-c4c21ce9569d" testName="FormatToStringTest1000 (6665.405372488035,6665.41 zł)" computerName="DESKTOP-5URQ9PB" duration="00:00:00.0000073" startTime="2022-06-13T21:11:43.8059173+02:00" endTime="2022-06-13T21:11:43.8060095+02:00" testType="13cdc9d9-ddb5-4fa4-a97d-d965ccfc6d4b" outcome="Passed" testListId="8c84fa94-04c1-424b-9868-57a2d4851a1d" relativeResultsDirectory="3b3f3ab5-3096-4fa1-963c-7df7a797f7be" />
    <UnitTestResult executionId="e0f3688c-6d99-4712-aa14-a41f4bc93a64" testId="503d70a9-e26e-405f-b04c-d36e656539d0" testName="FormatToStringTest1000 (27794.8671353957,27794.87 zł)" computerName="DESKTOP-5URQ9PB" duration="00:00:00.0000086" startTime="2022-06-13T21:11:43.9077713+02:00" endTime="2022-06-13T21:11:43.9078627+02:00" testType="13cdc9d9-ddb5-4fa4-a97d-d965ccfc6d4b" outcome="Passed" testListId="8c84fa94-04c1-424b-9868-57a2d4851a1d" relativeResultsDirectory="e0f3688c-6d99-4712-aa14-a41f4bc93a64" />
    <UnitTestResult executionId="aed7ea70-2c58-4273-abf2-6b6b2158be79" testId="0045bf9c-868c-4ea3-be4a-3d0eee7f842c" testName="FormatToStringTest1000 (75214.75000876503,75214.75 zł)" computerName="DESKTOP-5URQ9PB" duration="00:00:00.0000179" startTime="2022-06-13T21:11:43.8028336+02:00" endTime="2022-06-13T21:11:43.8029312+02:00" testType="13cdc9d9-ddb5-4fa4-a97d-d965ccfc6d4b" outcome="Passed" testListId="8c84fa94-04c1-424b-9868-57a2d4851a1d" relativeResultsDirectory="aed7ea70-2c58-4273-abf2-6b6b2158be79" />
    <UnitTestResult executionId="88ef840e-244a-41c8-9411-0be303b53bd6" testId="98e0a535-dca5-43d1-ac6e-7e8f44b2e71f" testName="FormatToStringTest1000 (2901.9683054191846,2901.97 zł)" computerName="DESKTOP-5URQ9PB" duration="00:00:00.0000063" startTime="2022-06-13T21:11:43.7402231+02:00" endTime="2022-06-13T21:11:43.7402901+02:00" testType="13cdc9d9-ddb5-4fa4-a97d-d965ccfc6d4b" outcome="Passed" testListId="8c84fa94-04c1-424b-9868-57a2d4851a1d" relativeResultsDirectory="88ef840e-244a-41c8-9411-0be303b53bd6" />
    <UnitTestResult executionId="122733f6-64e3-4299-b97f-c42bd723422c" testId="e7db4150-a2dd-40b0-af6a-2d080d6a1bd7" testName="FormatToStringTest1000 (20482.32969107308,20482.33 zł)" computerName="DESKTOP-5URQ9PB" duration="00:00:00.0000065" startTime="2022-06-13T21:11:43.7081643+02:00" endTime="2022-06-13T21:11:43.7082316+02:00" testType="13cdc9d9-ddb5-4fa4-a97d-d965ccfc6d4b" outcome="Passed" testListId="8c84fa94-04c1-424b-9868-57a2d4851a1d" relativeResultsDirectory="122733f6-64e3-4299-b97f-c42bd723422c" />
    <UnitTestResult executionId="fec23e93-742d-42ee-859a-25d652a553e4" testId="4d108519-bf44-48bc-a0a2-cc7c958e9df4" testName="FormatToStringTest1000 (7076.829971250534,7076.83 zł)" computerName="DESKTOP-5URQ9PB" duration="00:00:00.0000065" startTime="2022-06-13T21:11:43.9395850+02:00" endTime="2022-06-13T21:11:43.9396492+02:00" testType="13cdc9d9-ddb5-4fa4-a97d-d965ccfc6d4b" outcome="Passed" testListId="8c84fa94-04c1-424b-9868-57a2d4851a1d" relativeResultsDirectory="fec23e93-742d-42ee-859a-25d652a553e4" />
    <UnitTestResult executionId="56c218e4-6f3d-41c7-9e04-e823251e8732" testId="2f5c609d-4a4c-4fd4-85d0-61d4f77a0ccf" testName="FormatToStringTest1000 (67230.86250807665,67230.86 zł)" computerName="DESKTOP-5URQ9PB" duration="00:00:00.0000072" startTime="2022-06-13T21:11:43.6934910+02:00" endTime="2022-06-13T21:11:43.6935714+02:00" testType="13cdc9d9-ddb5-4fa4-a97d-d965ccfc6d4b" outcome="Passed" testListId="8c84fa94-04c1-424b-9868-57a2d4851a1d" relativeResultsDirectory="56c218e4-6f3d-41c7-9e04-e823251e8732" />
    <UnitTestResult executionId="2ccbc278-79ec-4047-ba72-3b954439a9f6" testId="5dddd93a-341a-4863-adab-e663a9c3ffec" testName="FormatToStringTest1000 (12949.590713378317,12949.59 zł)" computerName="DESKTOP-5URQ9PB" duration="00:00:00.0000063" startTime="2022-06-13T21:11:43.6483676+02:00" endTime="2022-06-13T21:11:43.6484354+02:00" testType="13cdc9d9-ddb5-4fa4-a97d-d965ccfc6d4b" outcome="Passed" testListId="8c84fa94-04c1-424b-9868-57a2d4851a1d" relativeResultsDirectory="2ccbc278-79ec-4047-ba72-3b954439a9f6" />
    <UnitTestResult executionId="040f09a1-5b34-4184-842a-2345a1e84969" testId="335c3738-ba12-488e-b323-e228611ef2b2" testName="FormatToStringTest1000 (9097.395563790293,9097.40 zł)" computerName="DESKTOP-5URQ9PB" duration="00:00:00.0000064" startTime="2022-06-13T21:11:43.9295753+02:00" endTime="2022-06-13T21:11:43.9296396+02:00" testType="13cdc9d9-ddb5-4fa4-a97d-d965ccfc6d4b" outcome="Passed" testListId="8c84fa94-04c1-424b-9868-57a2d4851a1d" relativeResultsDirectory="040f09a1-5b34-4184-842a-2345a1e84969" />
    <UnitTestResult executionId="0f6b1c7d-e4b9-49ba-9313-2bbd2ba4ffd6" testId="0ed927b9-ba7e-4076-bc2e-e8d020093ee2" testName="FormatToStringTest1000 (30031.89550569323,30031.90 zł)" computerName="DESKTOP-5URQ9PB" duration="00:00:00.0000070" startTime="2022-06-13T21:11:43.7936797+02:00" endTime="2022-06-13T21:11:43.7937469+02:00" testType="13cdc9d9-ddb5-4fa4-a97d-d965ccfc6d4b" outcome="Passed" testListId="8c84fa94-04c1-424b-9868-57a2d4851a1d" relativeResultsDirectory="0f6b1c7d-e4b9-49ba-9313-2bbd2ba4ffd6" />
    <UnitTestResult executionId="5fa27822-5c10-4156-9e8b-412702f65e99" testId="4b2754a2-9a3a-494a-999d-4ee1eb4c774b" testName="FormatToStringTest1000 (21328.29026726507,21328.29 zł)" computerName="DESKTOP-5URQ9PB" duration="00:00:00.0000064" startTime="2022-06-13T21:11:43.9527433+02:00" endTime="2022-06-13T21:11:43.9528083+02:00" testType="13cdc9d9-ddb5-4fa4-a97d-d965ccfc6d4b" outcome="Passed" testListId="8c84fa94-04c1-424b-9868-57a2d4851a1d" relativeResultsDirectory="5fa27822-5c10-4156-9e8b-412702f65e99" />
    <UnitTestResult executionId="1bcb8c49-3538-43a3-8d2a-1b52e0bf7094" testId="e30cfc2b-bb01-45fe-b257-ae10b29bf8ef" testName="FormatToStringTest1000 (2339.5873176472205,2339.59 zł)" computerName="DESKTOP-5URQ9PB" duration="00:00:00.0000064" startTime="2022-06-13T21:11:43.8169944+02:00" endTime="2022-06-13T21:11:43.8170625+02:00" testType="13cdc9d9-ddb5-4fa4-a97d-d965ccfc6d4b" outcome="Passed" testListId="8c84fa94-04c1-424b-9868-57a2d4851a1d" relativeResultsDirectory="1bcb8c49-3538-43a3-8d2a-1b52e0bf7094" />
    <UnitTestResult executionId="3af206d7-a663-4a88-a5d1-70ddc0163a97" testId="744f00b0-3af0-491c-8b5a-49236d07849b" testName="FormatToStringTest1000 (1741.3334432818617,1741.33 zł)" computerName="DESKTOP-5URQ9PB" duration="00:00:00.0000065" startTime="2022-06-13T21:11:43.6672524+02:00" endTime="2022-06-13T21:11:43.6673194+02:00" testType="13cdc9d9-ddb5-4fa4-a97d-d965ccfc6d4b" outcome="Passed" testListId="8c84fa94-04c1-424b-9868-57a2d4851a1d" relativeResultsDirectory="3af206d7-a663-4a88-a5d1-70ddc0163a97" />
    <UnitTestResult executionId="9201ffca-fa20-4d39-bf9b-e6fa18cfd20b" testId="b6a240c5-ed5c-424b-af69-794654f7aa2c" testName="FormatToStringTest1000 (52020.805412759444,52020.81 zł)" computerName="DESKTOP-5URQ9PB" duration="00:00:00.0000065" startTime="2022-06-13T21:11:43.6705532+02:00" endTime="2022-06-13T21:11:43.6706257+02:00" testType="13cdc9d9-ddb5-4fa4-a97d-d965ccfc6d4b" outcome="Passed" testListId="8c84fa94-04c1-424b-9868-57a2d4851a1d" relativeResultsDirectory="9201ffca-fa20-4d39-bf9b-e6fa18cfd20b" />
    <UnitTestResult executionId="51878832-b66e-48e5-9d83-2a38f2ea2e3b" testId="c82c76df-2b54-4793-a0fe-3aa83d3636e8" testName="FormatToStringTest1000 (9624.06628225188,9624.07 zł)" computerName="DESKTOP-5URQ9PB" duration="00:00:00.0000065" startTime="2022-06-13T21:11:43.9182727+02:00" endTime="2022-06-13T21:11:43.9183350+02:00" testType="13cdc9d9-ddb5-4fa4-a97d-d965ccfc6d4b" outcome="Passed" testListId="8c84fa94-04c1-424b-9868-57a2d4851a1d" relativeResultsDirectory="51878832-b66e-48e5-9d83-2a38f2ea2e3b" />
    <UnitTestResult executionId="a7fb3685-1d5d-4588-bed4-f9ef934f07fd" testId="4b44b73e-107f-4cd7-9a58-7e2d0267a0fd" testName="FormatToStringTest1000 (12759.925747307914,12759.93 zł)" computerName="DESKTOP-5URQ9PB" duration="00:00:00.0000065" startTime="2022-06-13T21:11:43.9219790+02:00" endTime="2022-06-13T21:11:43.9220452+02:00" testType="13cdc9d9-ddb5-4fa4-a97d-d965ccfc6d4b" outcome="Passed" testListId="8c84fa94-04c1-424b-9868-57a2d4851a1d" relativeResultsDirectory="a7fb3685-1d5d-4588-bed4-f9ef934f07fd" />
    <UnitTestResult executionId="2f85186f-2e57-43ef-9e94-fa4548cbfbfd" testId="5b2d63e1-6fac-427c-9e4a-79bfa1d24a62" testName="FormatToStringTest1000 (63115.864864394935,63115.86 zł)" computerName="DESKTOP-5URQ9PB" duration="00:00:00.0000062" startTime="2022-06-13T21:11:43.6911198+02:00" endTime="2022-06-13T21:11:43.6911853+02:00" testType="13cdc9d9-ddb5-4fa4-a97d-d965ccfc6d4b" outcome="Passed" testListId="8c84fa94-04c1-424b-9868-57a2d4851a1d" relativeResultsDirectory="2f85186f-2e57-43ef-9e94-fa4548cbfbfd" />
    <UnitTestResult executionId="c536cd01-a5fa-46dd-9909-4bace0afbad1" testId="cc50c9fc-a9f8-45af-8148-2a463f933714" testName="FormatToStringTest1000 (11118.620997698335,11118.62 zł)" computerName="DESKTOP-5URQ9PB" duration="00:00:00.0000063" startTime="2022-06-13T21:11:43.8003996+02:00" endTime="2022-06-13T21:11:43.8004664+02:00" testType="13cdc9d9-ddb5-4fa4-a97d-d965ccfc6d4b" outcome="Passed" testListId="8c84fa94-04c1-424b-9868-57a2d4851a1d" relativeResultsDirectory="c536cd01-a5fa-46dd-9909-4bace0afbad1" />
    <UnitTestResult executionId="03fec520-d51b-4965-a501-04ec6794ec96" testId="bbba9a4d-8ece-418c-acd1-ee72ac207d3a" testName="FormatToStringTest1000 (9196.579612724754,9196.58 zł)" computerName="DESKTOP-5URQ9PB" duration="00:00:00.0000363" startTime="2022-06-13T21:11:43.8558351+02:00" endTime="2022-06-13T21:11:43.8562415+02:00" testType="13cdc9d9-ddb5-4fa4-a97d-d965ccfc6d4b" outcome="Passed" testListId="8c84fa94-04c1-424b-9868-57a2d4851a1d" relativeResultsDirectory="03fec520-d51b-4965-a501-04ec6794ec96" />
    <UnitTestResult executionId="b51c458a-9139-48ad-843d-283792754b11" testId="e33d8809-367f-4aca-b079-467e08bf0d51" testName="FormatToStringTest1000 (73477.18206926118,73477.18 zł)" computerName="DESKTOP-5URQ9PB" duration="00:00:00.0000066" startTime="2022-06-13T21:11:43.7999766+02:00" endTime="2022-06-13T21:11:43.8000455+02:00" testType="13cdc9d9-ddb5-4fa4-a97d-d965ccfc6d4b" outcome="Passed" testListId="8c84fa94-04c1-424b-9868-57a2d4851a1d" relativeResultsDirectory="b51c458a-9139-48ad-843d-283792754b11" />
    <UnitTestResult executionId="b660dead-23a9-4b1c-868c-da434cbf12a6" testId="41190687-f873-41f5-a660-12d675a3d31a" testName="FormatToStringTest1000 (57436.33241095409,57436.33 zł)" computerName="DESKTOP-5URQ9PB" duration="00:00:00.0000072" startTime="2022-06-13T21:11:43.7637614+02:00" endTime="2022-06-13T21:11:43.7638411+02:00" testType="13cdc9d9-ddb5-4fa4-a97d-d965ccfc6d4b" outcome="Passed" testListId="8c84fa94-04c1-424b-9868-57a2d4851a1d" relativeResultsDirectory="b660dead-23a9-4b1c-868c-da434cbf12a6" />
    <UnitTestResult executionId="b0d95437-671b-422c-b196-ac4f0557c638" testId="ad0cd8d8-df03-4925-9687-e4d4106f8762" testName="FormatToStringTest1000 (7592.950837113406,7592.95 zł)" computerName="DESKTOP-5URQ9PB" duration="00:00:00.0000065" startTime="2022-06-13T21:11:43.6838026+02:00" endTime="2022-06-13T21:11:43.6838758+02:00" testType="13cdc9d9-ddb5-4fa4-a97d-d965ccfc6d4b" outcome="Passed" testListId="8c84fa94-04c1-424b-9868-57a2d4851a1d" relativeResultsDirectory="b0d95437-671b-422c-b196-ac4f0557c638" />
    <UnitTestResult executionId="e92f7853-7aa1-48ea-8a04-1ec179112702" testId="940e5ca7-dac4-4f1d-8c67-d2644349457d" testName="FormatToStringTest1000 (17953.338243749615,17953.34 zł)" computerName="DESKTOP-5URQ9PB" duration="00:00:00.0000066" startTime="2022-06-13T21:11:43.6740581+02:00" endTime="2022-06-13T21:11:43.6741340+02:00" testType="13cdc9d9-ddb5-4fa4-a97d-d965ccfc6d4b" outcome="Passed" testListId="8c84fa94-04c1-424b-9868-57a2d4851a1d" relativeResultsDirectory="e92f7853-7aa1-48ea-8a04-1ec179112702" />
    <UnitTestResult executionId="114e2ac4-3a59-4603-bfc7-ead68e45cb67" testId="de6bb8d4-a988-410c-a22d-ed97f40555e2" testName="FormatToStringTest1000 (8211.920994553679,8211.92 zł)" computerName="DESKTOP-5URQ9PB" duration="00:00:00.0000063" startTime="2022-06-13T21:11:43.7676221+02:00" endTime="2022-06-13T21:11:43.7676893+02:00" testType="13cdc9d9-ddb5-4fa4-a97d-d965ccfc6d4b" outcome="Passed" testListId="8c84fa94-04c1-424b-9868-57a2d4851a1d" relativeResultsDirectory="114e2ac4-3a59-4603-bfc7-ead68e45cb67" />
    <UnitTestResult executionId="a98f9135-c3fa-4318-8f7c-bd184ab4de4b" testId="d4b5b81e-db27-4555-97c5-e138d6520d75" testName="FormatToStringTest1000 (45035.160883881224,45035.16 zł)" computerName="DESKTOP-5URQ9PB" duration="00:00:00.0000071" startTime="2022-06-13T21:11:43.6639471+02:00" endTime="2022-06-13T21:11:43.6640155+02:00" testType="13cdc9d9-ddb5-4fa4-a97d-d965ccfc6d4b" outcome="Passed" testListId="8c84fa94-04c1-424b-9868-57a2d4851a1d" relativeResultsDirectory="a98f9135-c3fa-4318-8f7c-bd184ab4de4b" />
    <UnitTestResult executionId="bb43487e-b7bd-4333-8c71-0fddd81bfcc2" testId="3571a75e-23f1-477b-83d2-4771eea05c58" testName="FormatToStringTest1000 (31424.298858482067,31424.30 zł)" computerName="DESKTOP-5URQ9PB" duration="00:00:00.0000310" startTime="2022-06-13T21:11:43.8608706+02:00" endTime="2022-06-13T21:11:43.8613072+02:00" testType="13cdc9d9-ddb5-4fa4-a97d-d965ccfc6d4b" outcome="Passed" testListId="8c84fa94-04c1-424b-9868-57a2d4851a1d" relativeResultsDirectory="bb43487e-b7bd-4333-8c71-0fddd81bfcc2" />
    <UnitTestResult executionId="9cfde333-9658-48cb-adb8-7d486be95aba" testId="1e55c86e-e93c-46ab-bada-39299a47fd8c" testName="FormatToStringTest1000 (3341.8351759444154,3341.84 zł)" computerName="DESKTOP-5URQ9PB" duration="00:00:00.0000064" startTime="2022-06-13T21:11:43.8065353+02:00" endTime="2022-06-13T21:11:43.8066015+02:00" testType="13cdc9d9-ddb5-4fa4-a97d-d965ccfc6d4b" outcome="Passed" testListId="8c84fa94-04c1-424b-9868-57a2d4851a1d" relativeResultsDirectory="9cfde333-9658-48cb-adb8-7d486be95aba" />
    <UnitTestResult executionId="c9d7abf3-5cbd-49fb-9560-fcd30692d38c" testId="c360998d-2352-46d1-84fc-1dde480cf409" testName="FormatToStringTest1000 (20445.11280083149,20445.11 zł)" computerName="DESKTOP-5URQ9PB" duration="00:00:00.0000063" startTime="2022-06-13T21:11:43.9253458+02:00" endTime="2022-06-13T21:11:43.9254110+02:00" testType="13cdc9d9-ddb5-4fa4-a97d-d965ccfc6d4b" outcome="Passed" testListId="8c84fa94-04c1-424b-9868-57a2d4851a1d" relativeResultsDirectory="c9d7abf3-5cbd-49fb-9560-fcd30692d38c" />
    <UnitTestResult executionId="2d4a87b6-3cbb-4e22-bcae-a2b7eddaec81" testId="7e02ff1f-c294-4dc7-8774-8211679613ee" testName="FormatToStringTest1000 (765.778932784581,765.78 zł)" computerName="DESKTOP-5URQ9PB" duration="00:00:00.0000072" startTime="2022-06-13T21:11:43.7908735+02:00" endTime="2022-06-13T21:11:43.7909592+02:00" testType="13cdc9d9-ddb5-4fa4-a97d-d965ccfc6d4b" outcome="Passed" testListId="8c84fa94-04c1-424b-9868-57a2d4851a1d" relativeResultsDirectory="2d4a87b6-3cbb-4e22-bcae-a2b7eddaec81" />
    <UnitTestResult executionId="d258085b-0af7-42c1-a02e-480b08d27f9f" testId="cad2f738-9092-4a1a-bf68-3b76922f44a8" testName="FormatToStringTest1000 (8697.074631143862,8697.07 zł)" computerName="DESKTOP-5URQ9PB" duration="00:00:00.0000082" startTime="2022-06-13T21:11:43.7826840+02:00" endTime="2022-06-13T21:11:43.7827858+02:00" testType="13cdc9d9-ddb5-4fa4-a97d-d965ccfc6d4b" outcome="Passed" testListId="8c84fa94-04c1-424b-9868-57a2d4851a1d" relativeResultsDirectory="d258085b-0af7-42c1-a02e-480b08d27f9f" />
    <UnitTestResult executionId="8d3977b4-1796-459c-ac32-9aa8e47e52c0" testId="22653f95-4d0b-40e7-8ae8-77ac9f32ed91" testName="FormatToStringTest1000 (2897.9775426620513,2897.98 zł)" computerName="DESKTOP-5URQ9PB" duration="00:00:00.0000062" startTime="2022-06-13T21:11:43.9120215+02:00" endTime="2022-06-13T21:11:43.9120856+02:00" testType="13cdc9d9-ddb5-4fa4-a97d-d965ccfc6d4b" outcome="Passed" testListId="8c84fa94-04c1-424b-9868-57a2d4851a1d" relativeResultsDirectory="8d3977b4-1796-459c-ac32-9aa8e47e52c0" />
    <UnitTestResult executionId="837b82ba-7522-4e7e-bdf6-263669b5e111" testId="4ab6a9f9-61a2-4e67-bfcc-c785d1a48735" testName="FormatToStringTest1000 (63507.32603545455,63507.33 zł)" computerName="DESKTOP-5URQ9PB" duration="00:00:00.0000065" startTime="2022-06-13T21:11:43.6743350+02:00" endTime="2022-06-13T21:11:43.6744075+02:00" testType="13cdc9d9-ddb5-4fa4-a97d-d965ccfc6d4b" outcome="Passed" testListId="8c84fa94-04c1-424b-9868-57a2d4851a1d" relativeResultsDirectory="837b82ba-7522-4e7e-bdf6-263669b5e111" />
    <UnitTestResult executionId="417eef0a-c511-4722-a842-603771dda9ab" testId="6823ddca-807a-4fc4-8d10-dfc598f56cc7" testName="FormatToStringTest1000 (37826.846755123166,37826.85 zł)" computerName="DESKTOP-5URQ9PB" duration="00:00:00.0000096" startTime="2022-06-13T21:11:43.8818076+02:00" endTime="2022-06-13T21:11:43.8818834+02:00" testType="13cdc9d9-ddb5-4fa4-a97d-d965ccfc6d4b" outcome="Passed" testListId="8c84fa94-04c1-424b-9868-57a2d4851a1d" relativeResultsDirectory="417eef0a-c511-4722-a842-603771dda9ab" />
    <UnitTestResult executionId="4faa3090-7e35-437a-9e91-06ab4a3e0d82" testId="8c2a347e-73c3-408a-a74f-8b4d21348445" testName="FormatToStringTest1000 (15411.371650797022,15411.37 zł)" computerName="DESKTOP-5URQ9PB" duration="00:00:00.0000064" startTime="2022-06-13T21:11:43.7144073+02:00" endTime="2022-06-13T21:11:43.7144742+02:00" testType="13cdc9d9-ddb5-4fa4-a97d-d965ccfc6d4b" outcome="Passed" testListId="8c84fa94-04c1-424b-9868-57a2d4851a1d" relativeResultsDirectory="4faa3090-7e35-437a-9e91-06ab4a3e0d82" />
    <UnitTestResult executionId="a2750225-c5ca-4852-8c26-6da09acf8ef8" testId="cb9df5ff-60d6-487f-8bf0-8800e4864666" testName="FormatToStringTest1000 (48684.26840475959,48684.27 zł)" computerName="DESKTOP-5URQ9PB" duration="00:00:00.0000064" startTime="2022-06-13T21:11:43.8896265+02:00" endTime="2022-06-13T21:11:43.8896936+02:00" testType="13cdc9d9-ddb5-4fa4-a97d-d965ccfc6d4b" outcome="Passed" testListId="8c84fa94-04c1-424b-9868-57a2d4851a1d" relativeResultsDirectory="a2750225-c5ca-4852-8c26-6da09acf8ef8" />
    <UnitTestResult executionId="eb0aaf4a-c570-4fd4-a3c6-1c542c36a041" testId="1c91abfa-2e24-4b0c-926d-ed9cedca66e4" testName="FormatToStringTest1000 (42728.35751444258,42728.36 zł)" computerName="DESKTOP-5URQ9PB" duration="00:00:00.0000063" startTime="2022-06-13T21:11:43.9314313+02:00" endTime="2022-06-13T21:11:43.9314956+02:00" testType="13cdc9d9-ddb5-4fa4-a97d-d965ccfc6d4b" outcome="Passed" testListId="8c84fa94-04c1-424b-9868-57a2d4851a1d" relativeResultsDirectory="eb0aaf4a-c570-4fd4-a3c6-1c542c36a041" />
    <UnitTestResult executionId="5e7513a6-06ce-414a-b276-ae8549e11e96" testId="34bc4cf6-1327-4bfb-8932-319033b6048e" testName="FormatToStringTest1000 (10857.521742201186,10857.52 zł)" computerName="DESKTOP-5URQ9PB" duration="00:00:00.0000064" startTime="2022-06-13T21:11:43.9222249+02:00" endTime="2022-06-13T21:11:43.9222891+02:00" testType="13cdc9d9-ddb5-4fa4-a97d-d965ccfc6d4b" outcome="Passed" testListId="8c84fa94-04c1-424b-9868-57a2d4851a1d" relativeResultsDirectory="5e7513a6-06ce-414a-b276-ae8549e11e96" />
    <UnitTestResult executionId="8061496a-a303-4a50-bec0-ec416d76090c" testId="9e781488-2244-4968-bb97-d3518e8513a7" testName="FormatToStringTest1000 (653.4647999170537,653.46 zł)" computerName="DESKTOP-5URQ9PB" duration="00:00:00.0000066" startTime="2022-06-13T21:11:43.7535977+02:00" endTime="2022-06-13T21:11:43.7536776+02:00" testType="13cdc9d9-ddb5-4fa4-a97d-d965ccfc6d4b" outcome="Passed" testListId="8c84fa94-04c1-424b-9868-57a2d4851a1d" relativeResultsDirectory="8061496a-a303-4a50-bec0-ec416d76090c" />
    <UnitTestResult executionId="4e30a7bd-50af-4cbc-a61e-88c682eaf9cd" testId="a3d9c48c-dba4-4fac-8797-748aef477571" testName="FormatToStringTest1000 (30533.30031120838,30533.30 zł)" computerName="DESKTOP-5URQ9PB" duration="00:00:00.0000069" startTime="2022-06-13T21:11:43.8388640+02:00" endTime="2022-06-13T21:11:43.8389434+02:00" testType="13cdc9d9-ddb5-4fa4-a97d-d965ccfc6d4b" outcome="Passed" testListId="8c84fa94-04c1-424b-9868-57a2d4851a1d" relativeResultsDirectory="4e30a7bd-50af-4cbc-a61e-88c682eaf9cd" />
    <UnitTestResult executionId="defb4614-26c4-4e50-b6c3-84a436d7eaa7" testId="08b9fc14-c189-4204-98e2-8b4a110a3420" testName="FormatToStringTest1000 (159.83786031922224,159.84 zł)" computerName="DESKTOP-5URQ9PB" duration="00:00:00.0000064" startTime="2022-06-13T21:11:43.6582189+02:00" endTime="2022-06-13T21:11:43.6582857+02:00" testType="13cdc9d9-ddb5-4fa4-a97d-d965ccfc6d4b" outcome="Passed" testListId="8c84fa94-04c1-424b-9868-57a2d4851a1d" relativeResultsDirectory="defb4614-26c4-4e50-b6c3-84a436d7eaa7" />
    <UnitTestResult executionId="8b29ddcc-4d66-403b-9b65-16aec65d110b" testId="42342633-e950-4033-ab6c-4a0676582fba" testName="FormatToStringTest1000 (39531.95190033268,39531.95 zł)" computerName="DESKTOP-5URQ9PB" duration="00:00:00.0000064" startTime="2022-06-13T21:11:43.9005710+02:00" endTime="2022-06-13T21:11:43.9006357+02:00" testType="13cdc9d9-ddb5-4fa4-a97d-d965ccfc6d4b" outcome="Passed" testListId="8c84fa94-04c1-424b-9868-57a2d4851a1d" relativeResultsDirectory="8b29ddcc-4d66-403b-9b65-16aec65d110b" />
    <UnitTestResult executionId="29e9f438-6e42-4cb1-8ef0-a0c16279d57d" testId="62dff4c0-1999-4c8b-87b8-04c735184152" testName="FormatToStringTest1000 (39146.892120180135,39146.89 zł)" computerName="DESKTOP-5URQ9PB" duration="00:00:00.0000063" startTime="2022-06-13T21:11:43.9614129+02:00" endTime="2022-06-13T21:11:43.9614778+02:00" testType="13cdc9d9-ddb5-4fa4-a97d-d965ccfc6d4b" outcome="Passed" testListId="8c84fa94-04c1-424b-9868-57a2d4851a1d" relativeResultsDirectory="29e9f438-6e42-4cb1-8ef0-a0c16279d57d" />
    <UnitTestResult executionId="eba9a0ef-6fc3-49fe-ab8b-36be1d9a00fa" testId="1cd23f27-4572-49a0-8210-e9d8ebd9d771" testName="FormatToStringTest1000 (7396.940188290057,7396.94 zł)" computerName="DESKTOP-5URQ9PB" duration="00:00:00.0000064" startTime="2022-06-13T21:11:43.9593766+02:00" endTime="2022-06-13T21:11:43.9594406+02:00" testType="13cdc9d9-ddb5-4fa4-a97d-d965ccfc6d4b" outcome="Passed" testListId="8c84fa94-04c1-424b-9868-57a2d4851a1d" relativeResultsDirectory="eba9a0ef-6fc3-49fe-ab8b-36be1d9a00fa" />
    <UnitTestResult executionId="9ce59e8a-2962-4104-a696-17631d95ff61" testId="62aa4506-1077-4c89-8769-3e74543496d9" testName="FormatToStringTest1000 (22291.653251342315,22291.65 zł)" computerName="DESKTOP-5URQ9PB" duration="00:00:00.0000076" startTime="2022-06-13T21:11:43.6518681+02:00" endTime="2022-06-13T21:11:43.6519578+02:00" testType="13cdc9d9-ddb5-4fa4-a97d-d965ccfc6d4b" outcome="Passed" testListId="8c84fa94-04c1-424b-9868-57a2d4851a1d" relativeResultsDirectory="9ce59e8a-2962-4104-a696-17631d95ff61" />
    <UnitTestResult executionId="ed12fc6d-ee10-44c1-85a2-ecf80fe33938" testId="5de29766-ef9c-4ab4-80e2-1fb9413a20d4" testName="FormatToStringTest1000 (115.26302841131717,115.26 zł)" computerName="DESKTOP-5URQ9PB" duration="00:00:00.0000063" startTime="2022-06-13T21:11:43.7178414+02:00" endTime="2022-06-13T21:11:43.7179150+02:00" testType="13cdc9d9-ddb5-4fa4-a97d-d965ccfc6d4b" outcome="Passed" testListId="8c84fa94-04c1-424b-9868-57a2d4851a1d" relativeResultsDirectory="ed12fc6d-ee10-44c1-85a2-ecf80fe33938" />
    <UnitTestResult executionId="78594297-03c4-4f05-8c19-d0c74b04e47b" testId="2de6c0d5-7f1c-47b3-91d5-1f2eb69051a0" testName="FormatToStringTest1000 (36893.66238331593,36893.66 zł)" computerName="DESKTOP-5URQ9PB" duration="00:00:00.0000065" startTime="2022-06-13T21:11:43.9271989+02:00" endTime="2022-06-13T21:11:43.9272645+02:00" testType="13cdc9d9-ddb5-4fa4-a97d-d965ccfc6d4b" outcome="Passed" testListId="8c84fa94-04c1-424b-9868-57a2d4851a1d" relativeResultsDirectory="78594297-03c4-4f05-8c19-d0c74b04e47b" />
    <UnitTestResult executionId="86c623b3-cb30-4ec7-9aac-b94a7b493e67" testId="94cfdf26-51eb-4f72-a5b3-7698f08fa80d" testName="FormatToStringTest1000 (7377.5644264340235,7377.56 zł)" computerName="DESKTOP-5URQ9PB" duration="00:00:00.0000066" startTime="2022-06-13T21:11:43.9449197+02:00" endTime="2022-06-13T21:11:43.9449910+02:00" testType="13cdc9d9-ddb5-4fa4-a97d-d965ccfc6d4b" outcome="Passed" testListId="8c84fa94-04c1-424b-9868-57a2d4851a1d" relativeResultsDirectory="86c623b3-cb30-4ec7-9aac-b94a7b493e67" />
    <UnitTestResult executionId="073f96d3-c49a-40d5-8b34-b1ccbeae9417" testId="77e9b4cb-1dca-42a7-9c54-34626cf54f60" testName="FormatToStringTest1000 (4139.032615562451,4139.03 zł)" computerName="DESKTOP-5URQ9PB" duration="00:00:00.0000069" startTime="2022-06-13T21:11:43.9121031+02:00" endTime="2022-06-13T21:11:43.9121675+02:00" testType="13cdc9d9-ddb5-4fa4-a97d-d965ccfc6d4b" outcome="Passed" testListId="8c84fa94-04c1-424b-9868-57a2d4851a1d" relativeResultsDirectory="073f96d3-c49a-40d5-8b34-b1ccbeae9417" />
    <UnitTestResult executionId="bce5613d-c560-4ed2-9a4a-ca356e743b81" testId="8edc1cfc-680a-413c-85f4-b1d68c516f02" testName="FormatToStringTest1000 (1568.615240217473,1568.62 zł)" computerName="DESKTOP-5URQ9PB" duration="00:00:00.0000064" startTime="2022-06-13T21:11:43.9276081+02:00" endTime="2022-06-13T21:11:43.9276721+02:00" testType="13cdc9d9-ddb5-4fa4-a97d-d965ccfc6d4b" outcome="Passed" testListId="8c84fa94-04c1-424b-9868-57a2d4851a1d" relativeResultsDirectory="bce5613d-c560-4ed2-9a4a-ca356e743b81" />
    <UnitTestResult executionId="61af98d3-9c94-48fa-a510-02da1312ea52" testId="c21eb2de-01e1-4d58-937a-de6d7964025b" testName="FormatToStringTest1000 (57713.01647853712,57713.02 zł)" computerName="DESKTOP-5URQ9PB" duration="00:00:00.0000462" startTime="2022-06-13T21:11:43.8535350+02:00" endTime="2022-06-13T21:11:43.8541007+02:00" testType="13cdc9d9-ddb5-4fa4-a97d-d965ccfc6d4b" outcome="Passed" testListId="8c84fa94-04c1-424b-9868-57a2d4851a1d" relativeResultsDirectory="61af98d3-9c94-48fa-a510-02da1312ea52" />
    <UnitTestResult executionId="bc99d83a-fe60-46a1-b8b5-4a0a1bb6dadc" testId="8e0fa24e-0206-4411-ac79-830b35198f55" testName="FormatToStringTest1000 (67898.54481444067,67898.54 zł)" computerName="DESKTOP-5URQ9PB" duration="00:00:00.0000071" startTime="2022-06-13T21:11:43.7146607+02:00" endTime="2022-06-13T21:11:43.7147280+02:00" testType="13cdc9d9-ddb5-4fa4-a97d-d965ccfc6d4b" outcome="Passed" testListId="8c84fa94-04c1-424b-9868-57a2d4851a1d" relativeResultsDirectory="bc99d83a-fe60-46a1-b8b5-4a0a1bb6dadc" />
    <UnitTestResult executionId="5167e958-31e1-4911-99cf-3b7a67bb3bd7" testId="6e543f0d-3f97-43dc-9751-7df81771ce54" testName="FormatToStringTest1000 (16597.22844427788,16597.23 zł)" computerName="DESKTOP-5URQ9PB" duration="00:00:00.0000065" startTime="2022-06-13T21:11:43.7111493+02:00" endTime="2022-06-13T21:11:43.7112169+02:00" testType="13cdc9d9-ddb5-4fa4-a97d-d965ccfc6d4b" outcome="Passed" testListId="8c84fa94-04c1-424b-9868-57a2d4851a1d" relativeResultsDirectory="5167e958-31e1-4911-99cf-3b7a67bb3bd7" />
    <UnitTestResult executionId="4604fce6-abce-436c-83b9-860bf6954cc4" testId="9692af43-c264-4049-a6be-bb2e3c31ec5e" testName="FormatToStringTest1000 (9503.466049463705,9503.47 zł)" computerName="DESKTOP-5URQ9PB" duration="00:00:00.0000078" startTime="2022-06-13T21:11:43.8696647+02:00" endTime="2022-06-13T21:11:43.8697454+02:00" testType="13cdc9d9-ddb5-4fa4-a97d-d965ccfc6d4b" outcome="Passed" testListId="8c84fa94-04c1-424b-9868-57a2d4851a1d" relativeResultsDirectory="4604fce6-abce-436c-83b9-860bf6954cc4" />
    <UnitTestResult executionId="1e8175e5-5455-426c-8732-eecf4e4d6ed2" testId="4d30389a-8974-4b45-a876-3accd6195149" testName="FormatToStringTest1000 (748.6264857065987,748.63 zł)" computerName="DESKTOP-5URQ9PB" duration="00:00:00.0000063" startTime="2022-06-13T21:11:43.8171648+02:00" endTime="2022-06-13T21:11:43.8172317+02:00" testType="13cdc9d9-ddb5-4fa4-a97d-d965ccfc6d4b" outcome="Passed" testListId="8c84fa94-04c1-424b-9868-57a2d4851a1d" relativeResultsDirectory="1e8175e5-5455-426c-8732-eecf4e4d6ed2" />
    <UnitTestResult executionId="83631066-fd5a-41f8-8a97-c827e40d8ee4" testId="0070fa30-de7c-4dec-9802-3a810f826119" testName="FormatToStringTest1000 (6710.131197082871,6710.13 zł)" computerName="DESKTOP-5URQ9PB" duration="00:00:00.0000063" startTime="2022-06-13T21:11:43.9553074+02:00" endTime="2022-06-13T21:11:43.9553727+02:00" testType="13cdc9d9-ddb5-4fa4-a97d-d965ccfc6d4b" outcome="Passed" testListId="8c84fa94-04c1-424b-9868-57a2d4851a1d" relativeResultsDirectory="83631066-fd5a-41f8-8a97-c827e40d8ee4" />
    <UnitTestResult executionId="287eaac4-2fcf-49c2-a91b-02c82e145ba1" testId="50a440eb-931f-47a7-8966-b888cb5c67b8" testName="FormatToStringTest1000 (6550.421588937948,6550.42 zł)" computerName="DESKTOP-5URQ9PB" duration="00:00:00.0000067" startTime="2022-06-13T21:11:43.9316742+02:00" endTime="2022-06-13T21:11:43.9317389+02:00" testType="13cdc9d9-ddb5-4fa4-a97d-d965ccfc6d4b" outcome="Passed" testListId="8c84fa94-04c1-424b-9868-57a2d4851a1d" relativeResultsDirectory="287eaac4-2fcf-49c2-a91b-02c82e145ba1" />
    <UnitTestResult executionId="7f25c80e-82b9-439f-972c-946e818e12b8" testId="a070ab81-e086-4b8d-9797-c6595e5b715f" testName="FormatToStringTest1000 (67380.07704875062,67380.08 zł)" computerName="DESKTOP-5URQ9PB" duration="00:00:00.0000065" startTime="2022-06-13T21:11:43.7612298+02:00" endTime="2022-06-13T21:11:43.7612964+02:00" testType="13cdc9d9-ddb5-4fa4-a97d-d965ccfc6d4b" outcome="Passed" testListId="8c84fa94-04c1-424b-9868-57a2d4851a1d" relativeResultsDirectory="7f25c80e-82b9-439f-972c-946e818e12b8" />
    <UnitTestResult executionId="2eb0fa62-d68a-480b-a391-5edc2ab8d271" testId="2b4ebdf7-0b35-487c-a853-508e3ef0e7cc" testName="FormatToStringTest1000 (7594.279030504766,7594.28 zł)" computerName="DESKTOP-5URQ9PB" duration="00:00:00.0000064" startTime="2022-06-13T21:11:43.6610408+02:00" endTime="2022-06-13T21:11:43.6611084+02:00" testType="13cdc9d9-ddb5-4fa4-a97d-d965ccfc6d4b" outcome="Passed" testListId="8c84fa94-04c1-424b-9868-57a2d4851a1d" relativeResultsDirectory="2eb0fa62-d68a-480b-a391-5edc2ab8d271" />
    <UnitTestResult executionId="4f0391ac-08b6-45e0-a3f3-c7310b6e92ad" testId="f40520bc-c102-4498-8cc2-8c84a5cf6ae7" testName="FormatToStringTest1000 (32051.900532446758,32051.90 zł)" computerName="DESKTOP-5URQ9PB" duration="00:00:00.0000088" startTime="2022-06-13T21:11:43.7078614+02:00" endTime="2022-06-13T21:11:43.7079684+02:00" testType="13cdc9d9-ddb5-4fa4-a97d-d965ccfc6d4b" outcome="Passed" testListId="8c84fa94-04c1-424b-9868-57a2d4851a1d" relativeResultsDirectory="4f0391ac-08b6-45e0-a3f3-c7310b6e92ad" />
    <UnitTestResult executionId="c24eb333-17eb-47ff-9322-35d325c25ec2" testId="555bf039-ef36-4726-b28f-b8be00280b10" testName="FormatToStringTest1000 (9603.199987620208,9603.20 zł)" computerName="DESKTOP-5URQ9PB" duration="00:00:00.0000062" startTime="2022-06-13T21:11:43.9694639+02:00" endTime="2022-06-13T21:11:43.9695283+02:00" testType="13cdc9d9-ddb5-4fa4-a97d-d965ccfc6d4b" outcome="Passed" testListId="8c84fa94-04c1-424b-9868-57a2d4851a1d" relativeResultsDirectory="c24eb333-17eb-47ff-9322-35d325c25ec2" />
    <UnitTestResult executionId="218a0ebf-0b13-4a02-b171-cc0a9f6c4658" testId="4dca2b26-0dab-47bc-a7b6-ca5fbb83939a" testName="FormatToStringTest1000 (26162.532683261918,26162.53 zł)" computerName="DESKTOP-5URQ9PB" duration="00:00:00.0000062" startTime="2022-06-13T21:11:43.9335922+02:00" endTime="2022-06-13T21:11:43.9336555+02:00" testType="13cdc9d9-ddb5-4fa4-a97d-d965ccfc6d4b" outcome="Passed" testListId="8c84fa94-04c1-424b-9868-57a2d4851a1d" relativeResultsDirectory="218a0ebf-0b13-4a02-b171-cc0a9f6c4658" />
    <UnitTestResult executionId="0c394933-a305-425d-a5e3-654394563be6" testId="4694e3ed-3af4-4945-b2c0-539b2a78ea52" testName="FormatToStringTest1000 (15520.346099893259,15520.35 zł)" computerName="DESKTOP-5URQ9PB" duration="00:00:00.0000062" startTime="2022-06-13T21:11:43.8897107+02:00" endTime="2022-06-13T21:11:43.8897768+02:00" testType="13cdc9d9-ddb5-4fa4-a97d-d965ccfc6d4b" outcome="Passed" testListId="8c84fa94-04c1-424b-9868-57a2d4851a1d" relativeResultsDirectory="0c394933-a305-425d-a5e3-654394563be6" />
    <UnitTestResult executionId="72160091-38d2-4e2e-b7cf-40a5a497dbac" testId="7b06d2c0-6a62-4916-ab1a-d1eeaa8b03fa" testName="FormatToStringTest1000 (10775.728533390784,10775.73 zł)" computerName="DESKTOP-5URQ9PB" duration="00:00:00.0000064" startTime="2022-06-13T21:11:43.8197541+02:00" endTime="2022-06-13T21:11:43.8198214+02:00" testType="13cdc9d9-ddb5-4fa4-a97d-d965ccfc6d4b" outcome="Passed" testListId="8c84fa94-04c1-424b-9868-57a2d4851a1d" relativeResultsDirectory="72160091-38d2-4e2e-b7cf-40a5a497dbac" />
    <UnitTestResult executionId="7871e283-5ff4-4051-a321-1c3345383ec1" testId="15242cbf-6fa4-40e8-921a-6b3d2b603418" testName="FormatToStringTest1000 (12308.022158465357,12308.02 zł)" computerName="DESKTOP-5URQ9PB" duration="00:00:00.0000065" startTime="2022-06-13T21:11:43.7907895+02:00" endTime="2022-06-13T21:11:43.7908563+02:00" testType="13cdc9d9-ddb5-4fa4-a97d-d965ccfc6d4b" outcome="Passed" testListId="8c84fa94-04c1-424b-9868-57a2d4851a1d" relativeResultsDirectory="7871e283-5ff4-4051-a321-1c3345383ec1" />
    <UnitTestResult executionId="c5cc5468-5ade-4a6b-a3d7-964c0066b198" testId="f77cab44-9aac-43c3-9714-809c64c16ef0" testName="FormatToStringTest1000 (30807.823896702295,30807.82 zł)" computerName="DESKTOP-5URQ9PB" duration="00:00:00.0000063" startTime="2022-06-13T21:11:43.9141102+02:00" endTime="2022-06-13T21:11:43.9141749+02:00" testType="13cdc9d9-ddb5-4fa4-a97d-d965ccfc6d4b" outcome="Passed" testListId="8c84fa94-04c1-424b-9868-57a2d4851a1d" relativeResultsDirectory="c5cc5468-5ade-4a6b-a3d7-964c0066b198" />
    <UnitTestResult executionId="bcfc0c8e-4403-4fb7-af60-3bed4a409ce4" testId="7e6d845d-cd71-4ad6-9623-48176f717080" testName="FormatToStringTest1000 (17031.365705376662,17031.37 zł)" computerName="DESKTOP-5URQ9PB" duration="00:00:00.0000067" startTime="2022-06-13T21:11:43.8091042+02:00" endTime="2022-06-13T21:11:43.8091721+02:00" testType="13cdc9d9-ddb5-4fa4-a97d-d965ccfc6d4b" outcome="Passed" testListId="8c84fa94-04c1-424b-9868-57a2d4851a1d" relativeResultsDirectory="bcfc0c8e-4403-4fb7-af60-3bed4a409ce4" />
    <UnitTestResult executionId="25406d04-55fb-45a0-b197-ee1a91fef52d" testId="bfe4eea7-e202-475a-85bc-814a382c6135" testName="FormatToStringTest1000 (10641.263377953444,10641.26 zł)" computerName="DESKTOP-5URQ9PB" duration="00:00:00.0000064" startTime="2022-06-13T21:11:43.7582017+02:00" endTime="2022-06-13T21:11:43.7582674+02:00" testType="13cdc9d9-ddb5-4fa4-a97d-d965ccfc6d4b" outcome="Passed" testListId="8c84fa94-04c1-424b-9868-57a2d4851a1d" relativeResultsDirectory="25406d04-55fb-45a0-b197-ee1a91fef52d" />
    <UnitTestResult executionId="fde473c4-e937-4b88-beda-039f993e1cce" testId="10448b4b-a644-4e9b-bc69-20473084d6be" testName="FormatToStringTest1000 (6946.333318357977,6946.33 zł)" computerName="DESKTOP-5URQ9PB" duration="00:00:00.0000066" startTime="2022-06-13T21:11:43.7702444+02:00" endTime="2022-06-13T21:11:43.7703127+02:00" testType="13cdc9d9-ddb5-4fa4-a97d-d965ccfc6d4b" outcome="Passed" testListId="8c84fa94-04c1-424b-9868-57a2d4851a1d" relativeResultsDirectory="fde473c4-e937-4b88-beda-039f993e1cce" />
    <UnitTestResult executionId="a931c98f-d64b-43f3-9db9-b409ddf1a274" testId="4d109019-a223-485c-9d07-54f22410815f" testName="FormatToStringTest1000 (29417.800422138444,29417.80 zł)" computerName="DESKTOP-5URQ9PB" duration="00:00:00.0000065" startTime="2022-06-13T21:11:43.7346248+02:00" endTime="2022-06-13T21:11:43.7346918+02:00" testType="13cdc9d9-ddb5-4fa4-a97d-d965ccfc6d4b" outcome="Passed" testListId="8c84fa94-04c1-424b-9868-57a2d4851a1d" relativeResultsDirectory="a931c98f-d64b-43f3-9db9-b409ddf1a274" />
    <UnitTestResult executionId="cee0add1-61cf-4b88-8e2b-566a647f97fe" testId="cd6ebfc5-e246-45ea-b31b-bd466968a4a8" testName="FormatToStringTest1000 (36651.05802063414,36651.06 zł)" computerName="DESKTOP-5URQ9PB" duration="00:00:00.0000095" startTime="2022-06-13T21:11:43.6839929+02:00" endTime="2022-06-13T21:11:43.6840689+02:00" testType="13cdc9d9-ddb5-4fa4-a97d-d965ccfc6d4b" outcome="Passed" testListId="8c84fa94-04c1-424b-9868-57a2d4851a1d" relativeResultsDirectory="cee0add1-61cf-4b88-8e2b-566a647f97fe" />
    <UnitTestResult executionId="68d0624e-fdea-4f13-bf78-0a195278bce2" testId="6641c0fc-aeab-4e2d-b05d-ef1cad697dc7" testName="FormatToStringTest1000 (33851.35523524618,33851.36 zł)" computerName="DESKTOP-5URQ9PB" duration="00:00:00.0000064" startTime="2022-06-13T21:11:43.8327706+02:00" endTime="2022-06-13T21:11:43.8328369+02:00" testType="13cdc9d9-ddb5-4fa4-a97d-d965ccfc6d4b" outcome="Passed" testListId="8c84fa94-04c1-424b-9868-57a2d4851a1d" relativeResultsDirectory="68d0624e-fdea-4f13-bf78-0a195278bce2" />
    <UnitTestResult executionId="1ccf7e6d-fe60-4ebf-ab9a-a261c8ddb41a" testId="038eec70-17a2-4633-b088-864988cf6945" testName="FormatToStringTest1000 (17798.633951516185,17798.63 zł)" computerName="DESKTOP-5URQ9PB" duration="00:00:00.0000063" startTime="2022-06-13T21:11:43.8326875+02:00" endTime="2022-06-13T21:11:43.8327535+02:00" testType="13cdc9d9-ddb5-4fa4-a97d-d965ccfc6d4b" outcome="Passed" testListId="8c84fa94-04c1-424b-9868-57a2d4851a1d" relativeResultsDirectory="1ccf7e6d-fe60-4ebf-ab9a-a261c8ddb41a" />
    <UnitTestResult executionId="378854cb-6879-40fa-9085-e988b8c64775" testId="174bc7e2-de79-425b-9c54-e29634807be9" testName="FormatToStringTest1000 (46898.00219497783,46898.00 zł)" computerName="DESKTOP-5URQ9PB" duration="00:00:00.0000067" startTime="2022-06-13T21:11:43.6770082+02:00" endTime="2022-06-13T21:11:43.6770831+02:00" testType="13cdc9d9-ddb5-4fa4-a97d-d965ccfc6d4b" outcome="Passed" testListId="8c84fa94-04c1-424b-9868-57a2d4851a1d" relativeResultsDirectory="378854cb-6879-40fa-9085-e988b8c64775" />
    <UnitTestResult executionId="bf7ef24d-aa2f-43e0-89dc-6a52c13aba7c" testId="d68f8a83-bcb1-46be-a1c5-205d1199d663" testName="FormatToStringTest1000 (30034.922435005625,30034.92 zł)" computerName="DESKTOP-5URQ9PB" duration="00:00:00.0000068" startTime="2022-06-13T21:11:43.9488628+02:00" endTime="2022-06-13T21:11:43.9489430+02:00" testType="13cdc9d9-ddb5-4fa4-a97d-d965ccfc6d4b" outcome="Passed" testListId="8c84fa94-04c1-424b-9868-57a2d4851a1d" relativeResultsDirectory="bf7ef24d-aa2f-43e0-89dc-6a52c13aba7c" />
    <UnitTestResult executionId="77a47f6e-cbfe-48ac-8c68-dc577351936c" testId="e64c7753-e9dc-42f2-90b3-6c2e662d1056" testName="FormatToStringTest1000 (35.34471716840971,35.34 zł)" computerName="DESKTOP-5URQ9PB" duration="00:00:00.0000062" startTime="2022-06-13T21:11:43.8917703+02:00" endTime="2022-06-13T21:11:43.8918371+02:00" testType="13cdc9d9-ddb5-4fa4-a97d-d965ccfc6d4b" outcome="Passed" testListId="8c84fa94-04c1-424b-9868-57a2d4851a1d" relativeResultsDirectory="77a47f6e-cbfe-48ac-8c68-dc577351936c" />
    <UnitTestResult executionId="3699f82f-c520-494b-a224-6d7fba87eef3" testId="771f1140-96d3-4b0c-98eb-c1ff78a8cdbb" testName="FormatToStringTest1000 (38961.459057294516,38961.46 zł)" computerName="DESKTOP-5URQ9PB" duration="00:00:00.0000065" startTime="2022-06-13T21:11:43.7872789+02:00" endTime="2022-06-13T21:11:43.7873480+02:00" testType="13cdc9d9-ddb5-4fa4-a97d-d965ccfc6d4b" outcome="Passed" testListId="8c84fa94-04c1-424b-9868-57a2d4851a1d" relativeResultsDirectory="3699f82f-c520-494b-a224-6d7fba87eef3" />
    <UnitTestResult executionId="cf4f8707-4ddb-403b-9cd9-d64d26d464c2" testId="3c11e86d-7300-4b18-ab93-b41b9f060fd6" testName="FormatToStringTest1000 (53192.79032742269,53192.79 zł)" computerName="DESKTOP-5URQ9PB" duration="00:00:00.0000114" startTime="2022-06-13T21:11:43.9735562+02:00" endTime="2022-06-13T21:11:43.9737078+02:00" testType="13cdc9d9-ddb5-4fa4-a97d-d965ccfc6d4b" outcome="Passed" testListId="8c84fa94-04c1-424b-9868-57a2d4851a1d" relativeResultsDirectory="cf4f8707-4ddb-403b-9cd9-d64d26d464c2" />
    <UnitTestResult executionId="535c8c33-566e-4de9-8444-fb68d8a3f756" testId="908275a7-6357-4e97-ae5f-00585db2d4e7" testName="FormatToStringTest1000 (9558.453124931293,9558.45 zł)" computerName="DESKTOP-5URQ9PB" duration="00:00:00.0000062" startTime="2022-06-13T21:11:43.7406357+02:00" endTime="2022-06-13T21:11:43.7407012+02:00" testType="13cdc9d9-ddb5-4fa4-a97d-d965ccfc6d4b" outcome="Passed" testListId="8c84fa94-04c1-424b-9868-57a2d4851a1d" relativeResultsDirectory="535c8c33-566e-4de9-8444-fb68d8a3f756" />
    <UnitTestResult executionId="23b88695-3794-42b2-ab34-3c11d3ea8039" testId="1ab534c3-c64f-43ed-b13e-358151164613" testName="FormatToStringTest1000 (6173.0243155793405,6173.02 zł)" computerName="DESKTOP-5URQ9PB" duration="00:00:00.0000065" startTime="2022-06-13T21:11:43.8852186+02:00" endTime="2022-06-13T21:11:43.8852851+02:00" testType="13cdc9d9-ddb5-4fa4-a97d-d965ccfc6d4b" outcome="Passed" testListId="8c84fa94-04c1-424b-9868-57a2d4851a1d" relativeResultsDirectory="23b88695-3794-42b2-ab34-3c11d3ea8039" />
    <UnitTestResult executionId="7abbc0c1-e744-4552-a800-e8b5e666a5c7" testId="804bdc55-7c04-485a-aa75-9316129a519a" testName="FormatToStringTest1000 (10965.74607995746,10965.75 zł)" computerName="DESKTOP-5URQ9PB" duration="00:00:00.0000066" startTime="2022-06-13T21:11:43.6935900+02:00" endTime="2022-06-13T21:11:43.6936578+02:00" testType="13cdc9d9-ddb5-4fa4-a97d-d965ccfc6d4b" outcome="Passed" testListId="8c84fa94-04c1-424b-9868-57a2d4851a1d" relativeResultsDirectory="7abbc0c1-e744-4552-a800-e8b5e666a5c7" />
    <UnitTestResult executionId="208e0843-af5d-4599-83bf-870d09735b8c" testId="c491272a-5785-463b-a337-05ec48518ee2" testName="FormatToStringTest1000 (20623.53139885493,20623.53 zł)" computerName="DESKTOP-5URQ9PB" duration="00:00:00.0000070" startTime="2022-06-13T21:11:43.7113187+02:00" endTime="2022-06-13T21:11:43.7113856+02:00" testType="13cdc9d9-ddb5-4fa4-a97d-d965ccfc6d4b" outcome="Passed" testListId="8c84fa94-04c1-424b-9868-57a2d4851a1d" relativeResultsDirectory="208e0843-af5d-4599-83bf-870d09735b8c" />
    <UnitTestResult executionId="3aa31cee-6ba4-46fb-bd72-11dbd8ac08e8" testId="75775734-51d2-4e6d-8e1a-76a2e1678513" testName="FormatToStringTest1000 (50550.645020282194,50550.65 zł)" computerName="DESKTOP-5URQ9PB" duration="00:00:00.0000307" startTime="2022-06-13T21:11:43.8660634+02:00" endTime="2022-06-13T21:11:43.8662368+02:00" testType="13cdc9d9-ddb5-4fa4-a97d-d965ccfc6d4b" outcome="Passed" testListId="8c84fa94-04c1-424b-9868-57a2d4851a1d" relativeResultsDirectory="3aa31cee-6ba4-46fb-bd72-11dbd8ac08e8" />
    <UnitTestResult executionId="86f646bd-01f5-4140-9923-9605b225602f" testId="932e8096-ac5b-4781-b4f3-425e3a692092" testName="FormatToStringTest1000 (12202.860111308684,12202.86 zł)" computerName="DESKTOP-5URQ9PB" duration="00:00:00.0000065" startTime="2022-06-13T21:11:43.8061159+02:00" endTime="2022-06-13T21:11:43.8061838+02:00" testType="13cdc9d9-ddb5-4fa4-a97d-d965ccfc6d4b" outcome="Passed" testListId="8c84fa94-04c1-424b-9868-57a2d4851a1d" relativeResultsDirectory="86f646bd-01f5-4140-9923-9605b225602f" />
    <UnitTestResult executionId="f59d6e37-54f3-4cb4-8c77-ac3292c78de3" testId="68ebc75b-c3d9-4bba-92ce-291dd74f6119" testName="FormatToStringTest1000 (13855.30239352505,13855.30 zł)" computerName="DESKTOP-5URQ9PB" duration="00:00:00.0000066" startTime="2022-06-13T21:11:43.7371801+02:00" endTime="2022-06-13T21:11:43.7372478+02:00" testType="13cdc9d9-ddb5-4fa4-a97d-d965ccfc6d4b" outcome="Passed" testListId="8c84fa94-04c1-424b-9868-57a2d4851a1d" relativeResultsDirectory="f59d6e37-54f3-4cb4-8c77-ac3292c78de3" />
    <UnitTestResult executionId="ac1f999e-5f29-49e6-a29d-556fe87b2b8f" testId="925c760a-2feb-4707-9286-c768fd484310" testName="FormatToStringTest1000 (34951.47290410077,34951.47 zł)" computerName="DESKTOP-5URQ9PB" duration="00:00:00.0000063" startTime="2022-06-13T21:11:43.7972344+02:00" endTime="2022-06-13T21:11:43.7973001+02:00" testType="13cdc9d9-ddb5-4fa4-a97d-d965ccfc6d4b" outcome="Passed" testListId="8c84fa94-04c1-424b-9868-57a2d4851a1d" relativeResultsDirectory="ac1f999e-5f29-49e6-a29d-556fe87b2b8f" />
    <UnitTestResult executionId="44292924-bed6-425e-9814-e073124a42eb" testId="fc99fce2-f0da-4bc6-ad98-21bf99b05365" testName="FormatToStringTest1000 (66723.3293191657,66723.33 zł)" computerName="DESKTOP-5URQ9PB" duration="00:00:00.0000066" startTime="2022-06-13T21:11:43.7240623+02:00" endTime="2022-06-13T21:11:43.7241264+02:00" testType="13cdc9d9-ddb5-4fa4-a97d-d965ccfc6d4b" outcome="Passed" testListId="8c84fa94-04c1-424b-9868-57a2d4851a1d" relativeResultsDirectory="44292924-bed6-425e-9814-e073124a42eb" />
    <UnitTestResult executionId="840c9f66-705f-4b9e-9551-469229a4929c" testId="77fd7ccb-56cb-4f0a-852d-c6914f50c99c" testName="FormatToStringTest1000 (823.2747994560166,823.27 zł)" computerName="DESKTOP-5URQ9PB" duration="00:00:00.0000065" startTime="2022-06-13T21:11:43.9199399+02:00" endTime="2022-06-13T21:11:43.9200078+02:00" testType="13cdc9d9-ddb5-4fa4-a97d-d965ccfc6d4b" outcome="Passed" testListId="8c84fa94-04c1-424b-9868-57a2d4851a1d" relativeResultsDirectory="840c9f66-705f-4b9e-9551-469229a4929c" />
    <UnitTestResult executionId="eadd9e41-e282-40ca-9b12-516a7ed5574d" testId="f49fb8e0-5863-4964-8b6e-940f936f724f" testName="FormatToStringTest1000 (9897.705953436767,9897.71 zł)" computerName="DESKTOP-5URQ9PB" duration="00:00:00.0000065" startTime="2022-06-13T21:11:43.8422029+02:00" endTime="2022-06-13T21:11:43.8422777+02:00" testType="13cdc9d9-ddb5-4fa4-a97d-d965ccfc6d4b" outcome="Passed" testListId="8c84fa94-04c1-424b-9868-57a2d4851a1d" relativeResultsDirectory="eadd9e41-e282-40ca-9b12-516a7ed5574d" />
    <UnitTestResult executionId="6dcc414c-60d7-4b7c-b29d-eba373a59dde" testId="270a7c53-d60a-4835-be76-174c51b62a5c" testName="FormatToStringTest1000 (37866.43836050967,37866.44 zł)" computerName="DESKTOP-5URQ9PB" duration="00:00:00.0000062" startTime="2022-06-13T21:11:43.7674546+02:00" endTime="2022-06-13T21:11:43.7675208+02:00" testType="13cdc9d9-ddb5-4fa4-a97d-d965ccfc6d4b" outcome="Passed" testListId="8c84fa94-04c1-424b-9868-57a2d4851a1d" relativeResultsDirectory="6dcc414c-60d7-4b7c-b29d-eba373a59dde" />
    <UnitTestResult executionId="13278440-0b7c-422d-bb5d-1629e7bd0518" testId="b909ba66-4304-4e15-bef2-0a21b3bd6220" testName="FormatToStringTest1000 (13197.65136269417,13197.65 zł)" computerName="DESKTOP-5URQ9PB" duration="00:00:00.0000065" startTime="2022-06-13T21:11:43.8123338+02:00" endTime="2022-06-13T21:11:43.8124074+02:00" testType="13cdc9d9-ddb5-4fa4-a97d-d965ccfc6d4b" outcome="Passed" testListId="8c84fa94-04c1-424b-9868-57a2d4851a1d" relativeResultsDirectory="13278440-0b7c-422d-bb5d-1629e7bd0518" />
    <UnitTestResult executionId="3c166006-a857-4e19-8da8-f6a0978a31e2" testId="34f3f347-5968-49af-afa7-123f87e14a8b" testName="FormatToStringTest1000 (55457.96873490278,55457.97 zł)" computerName="DESKTOP-5URQ9PB" duration="00:00:00.0000064" startTime="2022-06-13T21:11:43.9002419+02:00" endTime="2022-06-13T21:11:43.9003071+02:00" testType="13cdc9d9-ddb5-4fa4-a97d-d965ccfc6d4b" outcome="Passed" testListId="8c84fa94-04c1-424b-9868-57a2d4851a1d" relativeResultsDirectory="3c166006-a857-4e19-8da8-f6a0978a31e2" />
    <UnitTestResult executionId="2bebef84-cba0-4203-b4d3-d2ddab7cdadd" testId="d8cb952c-f5bd-4e25-8e24-bb723c211022" testName="FormatToStringTest1000 (31340.79231238914,31340.79 zł)" computerName="DESKTOP-5URQ9PB" duration="00:00:00.0000064" startTime="2022-06-13T21:11:43.7210703+02:00" endTime="2022-06-13T21:11:43.7211374+02:00" testType="13cdc9d9-ddb5-4fa4-a97d-d965ccfc6d4b" outcome="Passed" testListId="8c84fa94-04c1-424b-9868-57a2d4851a1d" relativeResultsDirectory="2bebef84-cba0-4203-b4d3-d2ddab7cdadd" />
    <UnitTestResult executionId="81c14d6a-b4e1-4892-be60-ed0dec5b3493" testId="bf4da0ff-7c9d-4cb8-a18c-12291fe9d6fb" testName="FormatToStringTest1000 (16901.497392274203,16901.50 zł)" computerName="DESKTOP-5URQ9PB" duration="00:00:00.0000065" startTime="2022-06-13T21:11:43.8797565+02:00" endTime="2022-06-13T21:11:43.8798235+02:00" testType="13cdc9d9-ddb5-4fa4-a97d-d965ccfc6d4b" outcome="Passed" testListId="8c84fa94-04c1-424b-9868-57a2d4851a1d" relativeResultsDirectory="81c14d6a-b4e1-4892-be60-ed0dec5b3493" />
    <UnitTestResult executionId="c2db6e3a-c708-4f43-9de1-f92c5cd06bab" testId="3858a540-b207-4bd5-9591-0553f5571c16" testName="FormatToStringTest1000 (7715.904444139406,7715.90 zł)" computerName="DESKTOP-5URQ9PB" duration="00:00:00.0000068" startTime="2022-06-13T21:11:43.8199365+02:00" endTime="2022-06-13T21:11:43.8200074+02:00" testType="13cdc9d9-ddb5-4fa4-a97d-d965ccfc6d4b" outcome="Passed" testListId="8c84fa94-04c1-424b-9868-57a2d4851a1d" relativeResultsDirectory="c2db6e3a-c708-4f43-9de1-f92c5cd06bab" />
    <UnitTestResult executionId="7922ad67-9936-43f8-a7aa-761086d2136a" testId="c2601364-5e90-4b03-af3e-cd13eb4db753" testName="FormatToStringTest1000 (28972.23604401212,28972.24 zł)" computerName="DESKTOP-5URQ9PB" duration="00:00:00.0000069" startTime="2022-06-13T21:11:43.8819022+02:00" endTime="2022-06-13T21:11:43.8819913+02:00" testType="13cdc9d9-ddb5-4fa4-a97d-d965ccfc6d4b" outcome="Passed" testListId="8c84fa94-04c1-424b-9868-57a2d4851a1d" relativeResultsDirectory="7922ad67-9936-43f8-a7aa-761086d2136a" />
    <UnitTestResult executionId="170077c7-2abe-47f5-a34e-cef2b8367bf2" testId="a6dce709-3f8d-4f0a-8034-f9b595622d3b" testName="FormatToStringTest1000 (835.1578487740633,835.16 zł)" computerName="DESKTOP-5URQ9PB" duration="00:00:00.0000253" startTime="2022-06-13T21:11:43.8627448+02:00" endTime="2022-06-13T21:11:43.8629265+02:00" testType="13cdc9d9-ddb5-4fa4-a97d-d965ccfc6d4b" outcome="Passed" testListId="8c84fa94-04c1-424b-9868-57a2d4851a1d" relativeResultsDirectory="170077c7-2abe-47f5-a34e-cef2b8367bf2" />
    <UnitTestResult executionId="a57c1035-7e44-452f-8cb4-f5f2281aec10" testId="c33d93dc-c593-429e-84a4-a335043d07e4" testName="FormatToStringTest1000 (38640.62766693003,38640.63 zł)" computerName="DESKTOP-5URQ9PB" duration="00:00:00.0000064" startTime="2022-06-13T21:11:43.6520650+02:00" endTime="2022-06-13T21:11:43.6521333+02:00" testType="13cdc9d9-ddb5-4fa4-a97d-d965ccfc6d4b" outcome="Passed" testListId="8c84fa94-04c1-424b-9868-57a2d4851a1d" relativeResultsDirectory="a57c1035-7e44-452f-8cb4-f5f2281aec10" />
    <UnitTestResult executionId="c89829a4-8a60-4abb-a7d3-baab204ca255" testId="2a418717-64c4-4cd6-a121-4c4003a5c703" testName="FormatToStringTest1000 (32359.431438434138,32359.43 zł)" computerName="DESKTOP-5URQ9PB" duration="00:00:00.0000062" startTime="2022-06-13T21:11:43.9255102+02:00" endTime="2022-06-13T21:11:43.9255742+02:00" testType="13cdc9d9-ddb5-4fa4-a97d-d965ccfc6d4b" outcome="Passed" testListId="8c84fa94-04c1-424b-9868-57a2d4851a1d" relativeResultsDirectory="c89829a4-8a60-4abb-a7d3-baab204ca255" />
    <UnitTestResult executionId="7c3b580b-f413-452b-9be7-665e9e146747" testId="535b8292-3834-4135-bd0d-ff0379d32d3e" testName="FormatToStringTest1000 (6276.389386365838,6276.39 zł)" computerName="DESKTOP-5URQ9PB" duration="00:00:00.0000125" startTime="2022-06-13T21:11:43.7938484+02:00" endTime="2022-06-13T21:11:43.7939243+02:00" testType="13cdc9d9-ddb5-4fa4-a97d-d965ccfc6d4b" outcome="Passed" testListId="8c84fa94-04c1-424b-9868-57a2d4851a1d" relativeResultsDirectory="7c3b580b-f413-452b-9be7-665e9e146747" />
    <UnitTestResult executionId="908ebc32-1b16-451e-bc05-61fea5c7f307" testId="ce68c179-cf6b-4e6f-8c1b-e6daecc886c6" testName="FormatToStringTest1000 (20752.33758466334,20752.34 zł)" computerName="DESKTOP-5URQ9PB" duration="00:00:00.0000065" startTime="2022-06-13T21:11:43.7703306+02:00" endTime="2022-06-13T21:11:43.7703979+02:00" testType="13cdc9d9-ddb5-4fa4-a97d-d965ccfc6d4b" outcome="Passed" testListId="8c84fa94-04c1-424b-9868-57a2d4851a1d" relativeResultsDirectory="908ebc32-1b16-451e-bc05-61fea5c7f307" />
    <UnitTestResult executionId="b7a052da-1eef-4733-b761-59380e4c338f" testId="a7cf5961-c238-42c0-b5d1-1ad9725d2a2d" testName="FormatToStringTest1000 (19392.945535027862,19392.95 zł)" computerName="DESKTOP-5URQ9PB" duration="00:00:00.0000065" startTime="2022-06-13T21:11:43.7671149+02:00" endTime="2022-06-13T21:11:43.7671825+02:00" testType="13cdc9d9-ddb5-4fa4-a97d-d965ccfc6d4b" outcome="Passed" testListId="8c84fa94-04c1-424b-9868-57a2d4851a1d" relativeResultsDirectory="b7a052da-1eef-4733-b761-59380e4c338f" />
    <UnitTestResult executionId="4ee88153-6db9-4f88-8434-50ea0630f313" testId="c3711e45-f404-4040-ad80-550f51ff35c1" testName="FormatToStringTest1000 (1130.8119115372242,1130.81 zł)" computerName="DESKTOP-5URQ9PB" duration="00:00:00.0000063" startTime="2022-06-13T21:11:43.9674147+02:00" endTime="2022-06-13T21:11:43.9674799+02:00" testType="13cdc9d9-ddb5-4fa4-a97d-d965ccfc6d4b" outcome="Passed" testListId="8c84fa94-04c1-424b-9868-57a2d4851a1d" relativeResultsDirectory="4ee88153-6db9-4f88-8434-50ea0630f313" />
    <UnitTestResult executionId="fe6c5878-1c0f-4874-8b4a-fcb7aabef90a" testId="2155c700-8832-4e3f-b33b-0e4efb48533a" testName="FormatToStringTest1000 (30578.687538491416,30578.69 zł)" computerName="DESKTOP-5URQ9PB" duration="00:00:00.0000067" startTime="2022-06-13T21:11:43.7534018+02:00" endTime="2022-06-13T21:11:43.7534764+02:00" testType="13cdc9d9-ddb5-4fa4-a97d-d965ccfc6d4b" outcome="Passed" testListId="8c84fa94-04c1-424b-9868-57a2d4851a1d" relativeResultsDirectory="fe6c5878-1c0f-4874-8b4a-fcb7aabef90a" />
    <UnitTestResult executionId="79d597c5-6a95-4088-aa5b-8c13344ef4f7" testId="fa6b3a36-e60d-46ee-af43-ce3264b4e46f" testName="FormatToStringTest1000 (3043.6828298227315,3043.68 zł)" computerName="DESKTOP-5URQ9PB" duration="00:00:00.0000088" startTime="2022-06-13T21:11:43.9757672+02:00" endTime="2022-06-13T21:11:43.9758632+02:00" testType="13cdc9d9-ddb5-4fa4-a97d-d965ccfc6d4b" outcome="Passed" testListId="8c84fa94-04c1-424b-9868-57a2d4851a1d" relativeResultsDirectory="79d597c5-6a95-4088-aa5b-8c13344ef4f7" />
    <UnitTestResult executionId="850a154d-917d-43c3-ac0e-9d14d1700616" testId="5024292a-f0db-4fdd-95af-97b7e50ede8f" testName="FormatToStringTest1000 (21893.78889296939,21893.79 zł)" computerName="DESKTOP-5URQ9PB" duration="00:00:00.0000063" startTime="2022-06-13T21:11:43.9573527+02:00" endTime="2022-06-13T21:11:43.9574170+02:00" testType="13cdc9d9-ddb5-4fa4-a97d-d965ccfc6d4b" outcome="Passed" testListId="8c84fa94-04c1-424b-9868-57a2d4851a1d" relativeResultsDirectory="850a154d-917d-43c3-ac0e-9d14d1700616" />
    <UnitTestResult executionId="a7764441-a66f-4477-bbc1-769e6249d182" testId="e5664a8f-7382-4f21-bab6-30b5c6f7e06a" testName="FormatToStringTest1000 (8514.837538072763,8514.84 zł)" computerName="DESKTOP-5URQ9PB" duration="00:00:00.0000062" startTime="2022-06-13T21:11:43.9693818+02:00" endTime="2022-06-13T21:11:43.9694469+02:00" testType="13cdc9d9-ddb5-4fa4-a97d-d965ccfc6d4b" outcome="Passed" testListId="8c84fa94-04c1-424b-9868-57a2d4851a1d" relativeResultsDirectory="a7764441-a66f-4477-bbc1-769e6249d182" />
    <UnitTestResult executionId="314b9820-d93e-4519-8af2-2a3ccb7cf735" testId="e2309d4d-87fb-44f2-88ad-9ce1ffe090fa" testName="FormatToStringTest1000 (43424.45140075332,43424.45 zł)" computerName="DESKTOP-5URQ9PB" duration="00:00:00.0000064" startTime="2022-06-13T21:11:43.8201089+02:00" endTime="2022-06-13T21:11:43.8201753+02:00" testType="13cdc9d9-ddb5-4fa4-a97d-d965ccfc6d4b" outcome="Passed" testListId="8c84fa94-04c1-424b-9868-57a2d4851a1d" relativeResultsDirectory="314b9820-d93e-4519-8af2-2a3ccb7cf735" />
    <UnitTestResult executionId="58cf8dbe-fabd-46b9-81bd-87bb1e02e964" testId="39d01a79-3c35-445a-9f8a-e09b81fb81c6" testName="FormatToStringTest1000 (1687.6029180025694,1687.60 zł)" computerName="DESKTOP-5URQ9PB" duration="00:00:00.0000065" startTime="2022-06-13T21:11:43.7466708+02:00" endTime="2022-06-13T21:11:43.7467470+02:00" testType="13cdc9d9-ddb5-4fa4-a97d-d965ccfc6d4b" outcome="Passed" testListId="8c84fa94-04c1-424b-9868-57a2d4851a1d" relativeResultsDirectory="58cf8dbe-fabd-46b9-81bd-87bb1e02e964" />
    <UnitTestResult executionId="39c23290-4e66-4275-9563-a973c66bdc43" testId="af5c851a-7b2f-4267-b608-bb6570ef6c4d" testName="FormatToStringTest1000 (7013.601812260971,7013.60 zł)" computerName="DESKTOP-5URQ9PB" duration="00:00:00.0000064" startTime="2022-06-13T21:11:43.9613318+02:00" endTime="2022-06-13T21:11:43.9613961+02:00" testType="13cdc9d9-ddb5-4fa4-a97d-d965ccfc6d4b" outcome="Passed" testListId="8c84fa94-04c1-424b-9868-57a2d4851a1d" relativeResultsDirectory="39c23290-4e66-4275-9563-a973c66bdc43" />
    <UnitTestResult executionId="b313c03f-8d85-4f5b-82c0-59879baa67b8" testId="aaf3fa22-3e52-4df9-a34a-8b3f9fdbb1ae" testName="FormatToStringTest1000 (61633.2671179945,61633.27 zł)" computerName="DESKTOP-5URQ9PB" duration="00:00:00.0000067" startTime="2022-06-13T21:11:43.8029515+02:00" endTime="2022-06-13T21:11:43.8030195+02:00" testType="13cdc9d9-ddb5-4fa4-a97d-d965ccfc6d4b" outcome="Passed" testListId="8c84fa94-04c1-424b-9868-57a2d4851a1d" relativeResultsDirectory="b313c03f-8d85-4f5b-82c0-59879baa67b8" />
    <UnitTestResult executionId="464f36f4-8206-4ce3-b3b0-17f021285409" testId="1badb448-e755-4043-83a3-b7a38f7b75da" testName="FormatToStringTest1000 (18596.12661189033,18596.13 zł)" computerName="DESKTOP-5URQ9PB" duration="00:00:00.0000064" startTime="2022-06-13T21:11:43.8722396+02:00" endTime="2022-06-13T21:11:43.8723070+02:00" testType="13cdc9d9-ddb5-4fa4-a97d-d965ccfc6d4b" outcome="Passed" testListId="8c84fa94-04c1-424b-9868-57a2d4851a1d" relativeResultsDirectory="464f36f4-8206-4ce3-b3b0-17f021285409" />
    <UnitTestResult executionId="c5846780-0428-4a48-979b-84e926c92419" testId="5826fa93-2392-4b03-8e7b-babdec22fa2f" testName="FormatToStringTest1000 (20978.860218282258,20978.86 zł)" computerName="DESKTOP-5URQ9PB" duration="00:00:00.0000074" startTime="2022-06-13T21:11:43.7431691+02:00" endTime="2022-06-13T21:11:43.7432545+02:00" testType="13cdc9d9-ddb5-4fa4-a97d-d965ccfc6d4b" outcome="Passed" testListId="8c84fa94-04c1-424b-9868-57a2d4851a1d" relativeResultsDirectory="c5846780-0428-4a48-979b-84e926c92419" />
    <UnitTestResult executionId="b38fe8cb-749b-4321-bbbf-9660a9944868" testId="061a3cd1-317d-4e98-a1c4-65eae9f0fbe5" testName="FormatToStringTest1000 (15396.537902579894,15396.54 zł)" computerName="DESKTOP-5URQ9PB" duration="00:00:00.0000066" startTime="2022-06-13T21:11:43.8939423+02:00" endTime="2022-06-13T21:11:43.8940107+02:00" testType="13cdc9d9-ddb5-4fa4-a97d-d965ccfc6d4b" outcome="Passed" testListId="8c84fa94-04c1-424b-9868-57a2d4851a1d" relativeResultsDirectory="b38fe8cb-749b-4321-bbbf-9660a9944868" />
    <UnitTestResult executionId="e9c540cd-0c5e-48f8-9eb1-520d7b4edb02" testId="6caf122c-d661-46b2-9227-551ebac1ba11" testName="FormatToStringTest1000 (65963.39932440939,65963.40 zł)" computerName="DESKTOP-5URQ9PB" duration="00:00:00.0000074" startTime="2022-06-13T21:11:43.9548414+02:00" endTime="2022-06-13T21:11:43.9549135+02:00" testType="13cdc9d9-ddb5-4fa4-a97d-d965ccfc6d4b" outcome="Passed" testListId="8c84fa94-04c1-424b-9868-57a2d4851a1d" relativeResultsDirectory="e9c540cd-0c5e-48f8-9eb1-520d7b4edb02" />
    <UnitTestResult executionId="35dd5444-7de1-4bd8-9ee8-d5d517fdbf68" testId="abedee35-28ff-415c-92ee-ba7f1c86432c" testName="FormatToStringTest1000 (33245.44763357819,33245.45 zł)" computerName="DESKTOP-5URQ9PB" duration="00:00:00.0000065" startTime="2022-06-13T21:11:43.7873657+02:00" endTime="2022-06-13T21:11:43.7874338+02:00" testType="13cdc9d9-ddb5-4fa4-a97d-d965ccfc6d4b" outcome="Passed" testListId="8c84fa94-04c1-424b-9868-57a2d4851a1d" relativeResultsDirectory="35dd5444-7de1-4bd8-9ee8-d5d517fdbf68" />
    <UnitTestResult executionId="5832bd3e-322a-4704-9be4-4e413df62c90" testId="a01093d2-e726-45d6-b8ed-21ff3c8d675d" testName="FormatToStringTest1000 (47672.66266041652,47672.66 zł)" computerName="DESKTOP-5URQ9PB" duration="00:00:00.0000063" startTime="2022-06-13T21:11:43.9653091+02:00" endTime="2022-06-13T21:11:43.9653739+02:00" testType="13cdc9d9-ddb5-4fa4-a97d-d965ccfc6d4b" outcome="Passed" testListId="8c84fa94-04c1-424b-9868-57a2d4851a1d" relativeResultsDirectory="5832bd3e-322a-4704-9be4-4e413df62c90" />
    <UnitTestResult executionId="ffdb5037-fd3e-4564-96a9-6fbe247960b3" testId="f4f03abb-1caf-4280-8848-1029693889ab" testName="FormatToStringTest1000 (7671.0039663785155,7671.00 zł)" computerName="DESKTOP-5URQ9PB" duration="00:00:00.0000083" startTime="2022-06-13T21:11:43.9218711+02:00" endTime="2022-06-13T21:11:43.9219603+02:00" testType="13cdc9d9-ddb5-4fa4-a97d-d965ccfc6d4b" outcome="Passed" testListId="8c84fa94-04c1-424b-9868-57a2d4851a1d" relativeResultsDirectory="ffdb5037-fd3e-4564-96a9-6fbe247960b3" />
    <UnitTestResult executionId="8d15d34d-4be3-41a2-a966-e76bb81ca1b4" testId="aa95ac9e-560f-4780-95ad-49d9fc3afea1" testName="FormatToStringTest1000 (24251.68593564848,24251.69 zł)" computerName="DESKTOP-5URQ9PB" duration="00:00:00.0000062" startTime="2022-06-13T21:11:43.8297446+02:00" endTime="2022-06-13T21:11:43.8298109+02:00" testType="13cdc9d9-ddb5-4fa4-a97d-d965ccfc6d4b" outcome="Passed" testListId="8c84fa94-04c1-424b-9868-57a2d4851a1d" relativeResultsDirectory="8d15d34d-4be3-41a2-a966-e76bb81ca1b4" />
    <UnitTestResult executionId="035c923b-026d-451b-8588-4a3b36a70fb1" testId="7982cd6d-fbe8-4c2b-8119-818abee993b3" testName="FormatToStringTest1000 (782.6578288817116,782.66 zł)" computerName="DESKTOP-5URQ9PB" duration="00:00:00.0000064" startTime="2022-06-13T21:11:43.7314392+02:00" endTime="2022-06-13T21:11:43.7315056+02:00" testType="13cdc9d9-ddb5-4fa4-a97d-d965ccfc6d4b" outcome="Passed" testListId="8c84fa94-04c1-424b-9868-57a2d4851a1d" relativeResultsDirectory="035c923b-026d-451b-8588-4a3b36a70fb1" />
    <UnitTestResult executionId="bc87e9d2-4e69-4210-ba58-7319d205df3b" testId="8326f338-62c0-4140-b59b-0d733276dd37" testName="FormatToStringTest1000 (57237.252356975456,57237.25 zł)" computerName="DESKTOP-5URQ9PB" duration="00:00:00.0000063" startTime="2022-06-13T21:11:43.9594573+02:00" endTime="2022-06-13T21:11:43.9595216+02:00" testType="13cdc9d9-ddb5-4fa4-a97d-d965ccfc6d4b" outcome="Passed" testListId="8c84fa94-04c1-424b-9868-57a2d4851a1d" relativeResultsDirectory="bc87e9d2-4e69-4210-ba58-7319d205df3b" />
    <UnitTestResult executionId="402223b5-69e8-443d-b78f-b9284a591f72" testId="a2ca144f-3e56-4f38-8d61-b40df9f6dbed" testName="FormatToStringTest1000 (74152.7503934562,74152.75 zł)" computerName="DESKTOP-5URQ9PB" duration="00:00:00.0000065" startTime="2022-06-13T21:11:43.7874515+02:00" endTime="2022-06-13T21:11:43.7875171+02:00" testType="13cdc9d9-ddb5-4fa4-a97d-d965ccfc6d4b" outcome="Passed" testListId="8c84fa94-04c1-424b-9868-57a2d4851a1d" relativeResultsDirectory="402223b5-69e8-443d-b78f-b9284a591f72" />
    <UnitTestResult executionId="bebbceaa-95b5-4d46-b9b4-3517c54a2b1d" testId="52f222c0-701c-46e4-bf5e-67ba3c36af9d" testName="FormatToStringTest1000 (26215.613055301183,26215.61 zł)" computerName="DESKTOP-5URQ9PB" duration="00:00:00.0000063" startTime="2022-06-13T21:11:43.8771260+02:00" endTime="2022-06-13T21:11:43.8771932+02:00" testType="13cdc9d9-ddb5-4fa4-a97d-d965ccfc6d4b" outcome="Passed" testListId="8c84fa94-04c1-424b-9868-57a2d4851a1d" relativeResultsDirectory="bebbceaa-95b5-4d46-b9b4-3517c54a2b1d" />
    <UnitTestResult executionId="11d3d3b1-340e-4895-86c8-45e53654747d" testId="46af5a3e-eb08-4a68-aa8d-1379dcc400e6" testName="FormatToStringTest1000 (57525.72988993569,57525.73 zł)" computerName="DESKTOP-5URQ9PB" duration="00:00:00.0000268" startTime="2022-06-13T21:11:43.8622978+02:00" endTime="2022-06-13T21:11:43.8624821+02:00" testType="13cdc9d9-ddb5-4fa4-a97d-d965ccfc6d4b" outcome="Passed" testListId="8c84fa94-04c1-424b-9868-57a2d4851a1d" relativeResultsDirectory="11d3d3b1-340e-4895-86c8-45e53654747d" />
    <UnitTestResult executionId="79099b91-5afc-484f-85f6-05992428991c" testId="91f24ff4-9f2f-44fd-8ead-3f9fee5ed772" testName="FormatToStringTest1000 (60299.23738666309,60299.24 zł)" computerName="DESKTOP-5URQ9PB" duration="00:00:00.0000066" startTime="2022-06-13T21:11:43.8261058+02:00" endTime="2022-06-13T21:11:43.8261728+02:00" testType="13cdc9d9-ddb5-4fa4-a97d-d965ccfc6d4b" outcome="Passed" testListId="8c84fa94-04c1-424b-9868-57a2d4851a1d" relativeResultsDirectory="79099b91-5afc-484f-85f6-05992428991c" />
    <UnitTestResult executionId="57551072-9cc0-4e77-b798-e51ebe67533f" testId="2976ce44-f653-4b17-b847-f9be4aaf5388" testName="FormatToStringTest1000 (9928.477822322622,9928.48 zł)" computerName="DESKTOP-5URQ9PB" duration="00:00:00.0000064" startTime="2022-06-13T21:11:43.8855553+02:00" endTime="2022-06-13T21:11:43.8856218+02:00" testType="13cdc9d9-ddb5-4fa4-a97d-d965ccfc6d4b" outcome="Passed" testListId="8c84fa94-04c1-424b-9868-57a2d4851a1d" relativeResultsDirectory="57551072-9cc0-4e77-b798-e51ebe67533f" />
    <UnitTestResult executionId="b0d9cbb9-a023-4cb7-b49f-6ab0187a9e8c" testId="2360c22b-7ef5-4a39-a08f-e75cab54fd88" testName="FormatToStringTest1000 (17098.491445727876,17098.49 zł)" computerName="DESKTOP-5URQ9PB" duration="00:00:00.0000067" startTime="2022-06-13T21:11:43.8699542+02:00" endTime="2022-06-13T21:11:43.8700243+02:00" testType="13cdc9d9-ddb5-4fa4-a97d-d965ccfc6d4b" outcome="Passed" testListId="8c84fa94-04c1-424b-9868-57a2d4851a1d" relativeResultsDirectory="b0d9cbb9-a023-4cb7-b49f-6ab0187a9e8c" />
    <UnitTestResult executionId="19ef7064-320d-4384-9a72-8490f48d49bc" testId="79e441bb-5c90-46c1-9482-ad7103ab4a35" testName="FormatToStringTest1000 (42383.08993972982,42383.09 zł)" computerName="DESKTOP-5URQ9PB" duration="00:00:00.0000424" startTime="2022-06-13T21:11:43.8618858+02:00" endTime="2022-06-13T21:11:43.8622313+02:00" testType="13cdc9d9-ddb5-4fa4-a97d-d965ccfc6d4b" outcome="Passed" testListId="8c84fa94-04c1-424b-9868-57a2d4851a1d" relativeResultsDirectory="19ef7064-320d-4384-9a72-8490f48d49bc" />
    <UnitTestResult executionId="c55e3e7d-a3d6-4d35-ab97-be05e6831234" testId="e39d6a25-201b-4609-b521-cb66b1c7533f" testName="FormatToStringTest1000 (28502.61128259758,28502.61 zł)" computerName="DESKTOP-5URQ9PB" duration="00:00:00.0000068" startTime="2022-06-13T21:11:43.6669946+02:00" endTime="2022-06-13T21:11:43.6670663+02:00" testType="13cdc9d9-ddb5-4fa4-a97d-d965ccfc6d4b" outcome="Passed" testListId="8c84fa94-04c1-424b-9868-57a2d4851a1d" relativeResultsDirectory="c55e3e7d-a3d6-4d35-ab97-be05e6831234" />
    <UnitTestResult executionId="631270ad-427a-42e7-baf8-55f1aa12fc88" testId="507d1d45-64a3-46c8-9b73-1e7676a72e7c" testName="FormatToStringTest1000 (14635.510547500808,14635.51 zł)" computerName="DESKTOP-5URQ9PB" duration="00:00:00.0000073" startTime="2022-06-13T21:11:43.8893749+02:00" endTime="2022-06-13T21:11:43.8894416+02:00" testType="13cdc9d9-ddb5-4fa4-a97d-d965ccfc6d4b" outcome="Passed" testListId="8c84fa94-04c1-424b-9868-57a2d4851a1d" relativeResultsDirectory="631270ad-427a-42e7-baf8-55f1aa12fc88" />
    <UnitTestResult executionId="0574f615-449b-45af-92f7-985ef43cdbc5" testId="ee073c0f-7401-4176-aaf6-e70eda78d435" testName="FormatToStringTest1000 (9517.514896326473,9517.51 zł)" computerName="DESKTOP-5URQ9PB" duration="00:00:00.0000064" startTime="2022-06-13T21:11:43.8820094+02:00" endTime="2022-06-13T21:11:43.8820830+02:00" testType="13cdc9d9-ddb5-4fa4-a97d-d965ccfc6d4b" outcome="Passed" testListId="8c84fa94-04c1-424b-9868-57a2d4851a1d" relativeResultsDirectory="0574f615-449b-45af-92f7-985ef43cdbc5" />
    <UnitTestResult executionId="d7308a86-abe6-49f0-838e-c0e97f5806a7" testId="5131e9d3-98aa-4d96-997e-19c7f75f44dc" testName="FormatToStringTest1000 (82228.32322510486,82228.32 zł)" computerName="DESKTOP-5URQ9PB" duration="00:00:00.0000295" startTime="2022-06-13T21:11:43.8604523+02:00" endTime="2022-06-13T21:11:43.8607952+02:00" testType="13cdc9d9-ddb5-4fa4-a97d-d965ccfc6d4b" outcome="Passed" testListId="8c84fa94-04c1-424b-9868-57a2d4851a1d" relativeResultsDirectory="d7308a86-abe6-49f0-838e-c0e97f5806a7" />
    <UnitTestResult executionId="f7b192ef-e7de-4ec7-91f4-c350055beb50" testId="96dc5bb4-377d-41db-93d4-68217f044e0c" testName="FormatToStringTest1000 (18340.8953197882,18340.90 zł)" computerName="DESKTOP-5URQ9PB" duration="00:00:00.0000073" startTime="2022-06-13T21:11:43.9506062+02:00" endTime="2022-06-13T21:11:43.9506796+02:00" testType="13cdc9d9-ddb5-4fa4-a97d-d965ccfc6d4b" outcome="Passed" testListId="8c84fa94-04c1-424b-9868-57a2d4851a1d" relativeResultsDirectory="f7b192ef-e7de-4ec7-91f4-c350055beb50" />
    <UnitTestResult executionId="d6e370c2-ade6-4a5c-9c45-5f817926184b" testId="a7113253-130e-4d78-ba06-ad4829685c0a" testName="FormatToStringTest1000 (15600.245951180927,15600.25 zł)" computerName="DESKTOP-5URQ9PB" duration="00:00:00.0000065" startTime="2022-06-13T21:11:43.8170799+02:00" endTime="2022-06-13T21:11:43.8171470+02:00" testType="13cdc9d9-ddb5-4fa4-a97d-d965ccfc6d4b" outcome="Passed" testListId="8c84fa94-04c1-424b-9868-57a2d4851a1d" relativeResultsDirectory="d6e370c2-ade6-4a5c-9c45-5f817926184b" />
    <UnitTestResult executionId="fbc16c69-3aec-4e51-851c-f376a957ae2b" testId="6f862947-f2a6-4c33-8382-cf51b395dc0d" testName="FormatToStringTest1000 (6205.946199725357,6205.95 zł)" computerName="DESKTOP-5URQ9PB" duration="00:00:00.0000064" startTime="2022-06-13T21:11:43.7764549+02:00" endTime="2022-06-13T21:11:43.7765217+02:00" testType="13cdc9d9-ddb5-4fa4-a97d-d965ccfc6d4b" outcome="Passed" testListId="8c84fa94-04c1-424b-9868-57a2d4851a1d" relativeResultsDirectory="fbc16c69-3aec-4e51-851c-f376a957ae2b" />
    <UnitTestResult executionId="56917f7a-638b-4591-8e8a-7b97e4dc0200" testId="859dab02-016c-4b1c-bcef-74b049cb23ab" testName="FormatToStringTest1000 (395.45790295882983,395.46 zł)" computerName="DESKTOP-5URQ9PB" duration="00:00:00.0000064" startTime="2022-06-13T21:11:43.7939436+02:00" endTime="2022-06-13T21:11:43.7940131+02:00" testType="13cdc9d9-ddb5-4fa4-a97d-d965ccfc6d4b" outcome="Passed" testListId="8c84fa94-04c1-424b-9868-57a2d4851a1d" relativeResultsDirectory="56917f7a-638b-4591-8e8a-7b97e4dc0200" />
    <UnitTestResult executionId="e742ac19-d51c-4291-ae4f-bf1b4080a2f3" testId="492184e4-a61f-45ff-9c73-17a81852d2a6" testName="FormatToStringTest1000 (25036.98767214035,25036.99 zł)" computerName="DESKTOP-5URQ9PB" duration="00:00:00.0000072" startTime="2022-06-13T21:11:43.7236177+02:00" endTime="2022-06-13T21:11:43.7236970+02:00" testType="13cdc9d9-ddb5-4fa4-a97d-d965ccfc6d4b" outcome="Passed" testListId="8c84fa94-04c1-424b-9868-57a2d4851a1d" relativeResultsDirectory="e742ac19-d51c-4291-ae4f-bf1b4080a2f3" />
    <UnitTestResult executionId="41c5d17f-a9bc-40d6-bad0-e8a823573979" testId="3b56f49d-6426-41ac-8cb5-9782e8b9bba3" testName="FormatToStringTest1000 (21996.80326662576,21996.80 zł)" computerName="DESKTOP-5URQ9PB" duration="00:00:00.0000069" startTime="2022-06-13T21:11:43.9714711+02:00" endTime="2022-06-13T21:11:43.9715445+02:00" testType="13cdc9d9-ddb5-4fa4-a97d-d965ccfc6d4b" outcome="Passed" testListId="8c84fa94-04c1-424b-9868-57a2d4851a1d" relativeResultsDirectory="41c5d17f-a9bc-40d6-bad0-e8a823573979" />
    <UnitTestResult executionId="03ad30cd-ec3d-4313-99d6-ad2d1c066f88" testId="a9bfe23c-efbb-446a-8a1e-283d507f0116" testName="FormatToStringTest1000 (16957.4523676757,16957.45 zł)" computerName="DESKTOP-5URQ9PB" duration="00:00:00.0000065" startTime="2022-06-13T21:11:43.8357316+02:00" endTime="2022-06-13T21:11:43.8357963+02:00" testType="13cdc9d9-ddb5-4fa4-a97d-d965ccfc6d4b" outcome="Passed" testListId="8c84fa94-04c1-424b-9868-57a2d4851a1d" relativeResultsDirectory="03ad30cd-ec3d-4313-99d6-ad2d1c066f88" />
    <UnitTestResult executionId="8e9dece3-22fd-4281-8acb-ae8b57d1a9b9" testId="b0b34e5c-99d4-4f92-b8d6-5232736d6033" testName="FormatToStringTest1000 (7370.518277515898,7370.52 zł)" computerName="DESKTOP-5URQ9PB" duration="00:00:00.0000068" startTime="2022-06-13T21:11:43.7578427+02:00" endTime="2022-06-13T21:11:43.7579286+02:00" testType="13cdc9d9-ddb5-4fa4-a97d-d965ccfc6d4b" outcome="Passed" testListId="8c84fa94-04c1-424b-9868-57a2d4851a1d" relativeResultsDirectory="8e9dece3-22fd-4281-8acb-ae8b57d1a9b9" />
    <UnitTestResult executionId="98b5e9b9-c732-4f8f-b5f6-cff6d2149f2c" testId="df8f7533-216f-4318-958c-2b391cc9005f" testName="FormatToStringTest1000 (29926.595417457444,29926.60 zł)" computerName="DESKTOP-5URQ9PB" duration="00:00:00.0000063" startTime="2022-06-13T21:11:43.9122650+02:00" endTime="2022-06-13T21:11:43.9123296+02:00" testType="13cdc9d9-ddb5-4fa4-a97d-d965ccfc6d4b" outcome="Passed" testListId="8c84fa94-04c1-424b-9868-57a2d4851a1d" relativeResultsDirectory="98b5e9b9-c732-4f8f-b5f6-cff6d2149f2c" />
    <UnitTestResult executionId="155ce709-5734-44cd-9ff4-f854b78ad3cf" testId="13344aac-b366-448b-8da9-6c58b934b413" testName="FormatToStringTest1000 (21693.340115174808,21693.34 zł)" computerName="DESKTOP-5URQ9PB" duration="00:00:00.0000063" startTime="2022-06-13T21:11:43.8294941+02:00" endTime="2022-06-13T21:11:43.8295600+02:00" testType="13cdc9d9-ddb5-4fa4-a97d-d965ccfc6d4b" outcome="Passed" testListId="8c84fa94-04c1-424b-9868-57a2d4851a1d" relativeResultsDirectory="155ce709-5734-44cd-9ff4-f854b78ad3cf" />
    <UnitTestResult executionId="f1b98b1e-2423-4194-8bb4-49fb73c5fd8c" testId="58b45bd1-8f87-4738-8fe4-dbbe6a2481c4" testName="FormatToStringTest1000 (1799.2562459103092,1799.26 zł)" computerName="DESKTOP-5URQ9PB" duration="00:00:00.0000067" startTime="2022-06-13T21:11:43.8168932+02:00" endTime="2022-06-13T21:11:43.8169760+02:00" testType="13cdc9d9-ddb5-4fa4-a97d-d965ccfc6d4b" outcome="Passed" testListId="8c84fa94-04c1-424b-9868-57a2d4851a1d" relativeResultsDirectory="f1b98b1e-2423-4194-8bb4-49fb73c5fd8c" />
    <UnitTestResult executionId="e5d2a536-1d43-41e8-8946-f53439981a1f" testId="25157aa0-7e68-4589-a546-322578441d55" testName="FormatToStringTest1000 (19103.831635461574,19103.83 zł)" computerName="DESKTOP-5URQ9PB" duration="00:00:00.0000108" startTime="2022-06-13T21:11:43.8353101+02:00" endTime="2022-06-13T21:11:43.8354437+02:00" testType="13cdc9d9-ddb5-4fa4-a97d-d965ccfc6d4b" outcome="Passed" testListId="8c84fa94-04c1-424b-9868-57a2d4851a1d" relativeResultsDirectory="e5d2a536-1d43-41e8-8946-f53439981a1f" />
    <UnitTestResult executionId="af1df42a-fe55-45b2-8f17-cdf23d7b7ba2" testId="fe2eff95-9217-4583-8ed7-d6e0cc48b38f" testName="FormatToStringTest1000 (64568.131500027666,64568.13 zł)" computerName="DESKTOP-5URQ9PB" duration="00:00:00.0000063" startTime="2022-06-13T21:11:43.9164354+02:00" endTime="2022-06-13T21:11:43.9164990+02:00" testType="13cdc9d9-ddb5-4fa4-a97d-d965ccfc6d4b" outcome="Passed" testListId="8c84fa94-04c1-424b-9868-57a2d4851a1d" relativeResultsDirectory="af1df42a-fe55-45b2-8f17-cdf23d7b7ba2" />
    <UnitTestResult executionId="8162f7bd-4ee8-480b-a8da-323faeeb1e79" testId="1fa0523b-fc38-44fd-985c-89088946dc21" testName="FormatToStringTest1000 (2505.286326204094,2505.29 zł)" computerName="DESKTOP-5URQ9PB" duration="00:00:00.0000078" startTime="2022-06-13T21:11:43.8328549+02:00" endTime="2022-06-13T21:11:43.8329356+02:00" testType="13cdc9d9-ddb5-4fa4-a97d-d965ccfc6d4b" outcome="Passed" testListId="8c84fa94-04c1-424b-9868-57a2d4851a1d" relativeResultsDirectory="8162f7bd-4ee8-480b-a8da-323faeeb1e79" />
    <UnitTestResult executionId="8ffd99d1-550d-408a-bc6f-b8a37d68aa63" testId="29c860d7-bcc8-4b5f-b4b6-bbf278fe98c1" testName="FormatToStringTest1000 (13286.856387228174,13286.86 zł)" computerName="DESKTOP-5URQ9PB" duration="00:00:00.0000064" startTime="2022-06-13T21:11:43.9224028+02:00" endTime="2022-06-13T21:11:43.9224723+02:00" testType="13cdc9d9-ddb5-4fa4-a97d-d965ccfc6d4b" outcome="Passed" testListId="8c84fa94-04c1-424b-9868-57a2d4851a1d" relativeResultsDirectory="8ffd99d1-550d-408a-bc6f-b8a37d68aa63" />
    <UnitTestResult executionId="bbece876-6528-44a3-b83e-3fb19b26355f" testId="6d047ee3-6700-41f7-a03e-c473ab2b85da" testName="FormatToStringTest1000 (59283.7670322637,59283.77 zł)" computerName="DESKTOP-5URQ9PB" duration="00:00:00.0000064" startTime="2022-06-13T21:11:43.9763206+02:00" endTime="2022-06-13T21:11:43.9763835+02:00" testType="13cdc9d9-ddb5-4fa4-a97d-d965ccfc6d4b" outcome="Passed" testListId="8c84fa94-04c1-424b-9868-57a2d4851a1d" relativeResultsDirectory="bbece876-6528-44a3-b83e-3fb19b26355f" />
    <UnitTestResult executionId="2d6525ae-f2ea-447f-b706-8b7c156f52cd" testId="624c84d8-ca40-4dc9-8750-dd9d5d47efbf" testName="FormatToStringTest1000 (8095.485677032492,8095.49 zł)" computerName="DESKTOP-5URQ9PB" duration="00:00:00.0000063" startTime="2022-06-13T21:11:43.8794197+02:00" endTime="2022-06-13T21:11:43.8794862+02:00" testType="13cdc9d9-ddb5-4fa4-a97d-d965ccfc6d4b" outcome="Passed" testListId="8c84fa94-04c1-424b-9868-57a2d4851a1d" relativeResultsDirectory="2d6525ae-f2ea-447f-b706-8b7c156f52cd" />
    <UnitTestResult executionId="ca7dc8a3-b0c7-4a1a-938b-db0e4b384315" testId="886f86bb-cca1-48d0-8396-cdf9f47875e5" testName="FormatToStringTest1000 (10914.360814625099,10914.36 zł)" computerName="DESKTOP-5URQ9PB" duration="00:00:00.0000065" startTime="2022-06-13T21:11:43.6066415+02:00" endTime="2022-06-13T21:11:43.6067092+02:00" testType="13cdc9d9-ddb5-4fa4-a97d-d965ccfc6d4b" outcome="Passed" testListId="8c84fa94-04c1-424b-9868-57a2d4851a1d" relativeResultsDirectory="ca7dc8a3-b0c7-4a1a-938b-db0e4b384315" />
    <UnitTestResult executionId="98794326-badc-4071-b017-3a27a0ef077e" testId="b750acdf-4882-4e0c-ad35-c76014fa06ca" testName="FormatToStringTest1000 (58848.60825001477,58848.61 zł)" computerName="DESKTOP-5URQ9PB" duration="00:00:00.0000117" startTime="2022-06-13T21:11:43.6734508+02:00" endTime="2022-06-13T21:11:43.6736022+02:00" testType="13cdc9d9-ddb5-4fa4-a97d-d965ccfc6d4b" outcome="Passed" testListId="8c84fa94-04c1-424b-9868-57a2d4851a1d" relativeResultsDirectory="98794326-badc-4071-b017-3a27a0ef077e" />
    <UnitTestResult executionId="d10eb6d1-8005-421b-a116-80d130023b8d" testId="7990b1e0-648b-4202-adf1-ae32fd00cfed" testName="FormatToStringTest1000 (6864.093052674129,6864.09 zł)" computerName="DESKTOP-5URQ9PB" duration="00:00:00.0000065" startTime="2022-06-13T21:11:43.6810612+02:00" endTime="2022-06-13T21:11:43.6811367+02:00" testType="13cdc9d9-ddb5-4fa4-a97d-d965ccfc6d4b" outcome="Passed" testListId="8c84fa94-04c1-424b-9868-57a2d4851a1d" relativeResultsDirectory="d10eb6d1-8005-421b-a116-80d130023b8d" />
    <UnitTestResult executionId="a2474a94-a50b-47e8-92b3-227b0a2f01ec" testId="a0be13d4-62a2-4143-9330-279655100e6a" testName="FormatToStringTest1000 (79339.95632144621,79339.96 zł)" computerName="DESKTOP-5URQ9PB" duration="00:00:00.0000063" startTime="2022-06-13T21:11:43.9674969+02:00" endTime="2022-06-13T21:11:43.9675608+02:00" testType="13cdc9d9-ddb5-4fa4-a97d-d965ccfc6d4b" outcome="Passed" testListId="8c84fa94-04c1-424b-9868-57a2d4851a1d" relativeResultsDirectory="a2474a94-a50b-47e8-92b3-227b0a2f01ec" />
    <UnitTestResult executionId="71d54384-2b80-4498-b404-e03dcd93aa60" testId="bc3e0e1a-372c-4f3f-80c1-f979b77497d5" testName="FormatToStringTest1000 (22799.991836491965,22799.99 zł)" computerName="DESKTOP-5URQ9PB" duration="00:00:00.0000063" startTime="2022-06-13T21:11:43.7941144+02:00" endTime="2022-06-13T21:11:43.7941810+02:00" testType="13cdc9d9-ddb5-4fa4-a97d-d965ccfc6d4b" outcome="Passed" testListId="8c84fa94-04c1-424b-9868-57a2d4851a1d" relativeResultsDirectory="71d54384-2b80-4498-b404-e03dcd93aa60" />
    <UnitTestResult executionId="0eae3fc6-9373-4b29-b57b-2b0ba77e5d22" testId="b72955b0-9b1c-456d-aa35-632fb1f329a7" testName="FormatToStringTest1000 (38904.87092920806,38904.87 zł)" computerName="DESKTOP-5URQ9PB" duration="00:00:00.0000064" startTime="2022-06-13T21:11:43.8724920+02:00" endTime="2022-06-13T21:11:43.8725590+02:00" testType="13cdc9d9-ddb5-4fa4-a97d-d965ccfc6d4b" outcome="Passed" testListId="8c84fa94-04c1-424b-9868-57a2d4851a1d" relativeResultsDirectory="0eae3fc6-9373-4b29-b57b-2b0ba77e5d22" />
    <UnitTestResult executionId="b40e9a75-a1e9-46d9-aa8c-7369761fa100" testId="1b4cfe4b-5330-4502-bb76-8dcb7f88c777" testName="FormatToStringTest1000 (34062.88803158276,34062.89 zł)" computerName="DESKTOP-5URQ9PB" duration="00:00:00.0000063" startTime="2022-06-13T21:11:43.9487815+02:00" endTime="2022-06-13T21:11:43.9488460+02:00" testType="13cdc9d9-ddb5-4fa4-a97d-d965ccfc6d4b" outcome="Passed" testListId="8c84fa94-04c1-424b-9868-57a2d4851a1d" relativeResultsDirectory="b40e9a75-a1e9-46d9-aa8c-7369761fa100" />
    <UnitTestResult executionId="2ecfdb97-67dc-4165-863a-d44df7735d73" testId="8fea49f7-68a5-4c9a-a9af-68268a3668a4" testName="FormatToStringTest1000 (46607.970025941715,46607.97 zł)" computerName="DESKTOP-5URQ9PB" duration="00:00:00.0000064" startTime="2022-06-13T21:11:43.8001487+02:00" endTime="2022-06-13T21:11:43.8002154+02:00" testType="13cdc9d9-ddb5-4fa4-a97d-d965ccfc6d4b" outcome="Passed" testListId="8c84fa94-04c1-424b-9868-57a2d4851a1d" relativeResultsDirectory="2ecfdb97-67dc-4165-863a-d44df7735d73" />
    <UnitTestResult executionId="0e36e56b-f36d-41e9-b86c-c59dbc6f0e2a" testId="8492e287-3931-4c09-ad31-e41c0cdace35" testName="FormatToStringTest1000 (54275.73209373408,54275.73 zł)" computerName="DESKTOP-5URQ9PB" duration="00:00:00.0000062" startTime="2022-06-13T21:11:43.9377818+02:00" endTime="2022-06-13T21:11:43.9378459+02:00" testType="13cdc9d9-ddb5-4fa4-a97d-d965ccfc6d4b" outcome="Passed" testListId="8c84fa94-04c1-424b-9868-57a2d4851a1d" relativeResultsDirectory="0e36e56b-f36d-41e9-b86c-c59dbc6f0e2a" />
    <UnitTestResult executionId="5912f56b-c0f0-4a4e-a533-ed8e569b5381" testId="4f47cf21-512f-4740-98b5-9b98fd0a6deb" testName="FormatToStringTest1000 (24768.25771770359,24768.26 zł)" computerName="DESKTOP-5URQ9PB" duration="00:00:00.0000064" startTime="2022-06-13T21:11:43.7643815+02:00" endTime="2022-06-13T21:11:43.7644480+02:00" testType="13cdc9d9-ddb5-4fa4-a97d-d965ccfc6d4b" outcome="Passed" testListId="8c84fa94-04c1-424b-9868-57a2d4851a1d" relativeResultsDirectory="5912f56b-c0f0-4a4e-a533-ed8e569b5381" />
    <UnitTestResult executionId="c10e03e2-e6af-45f5-9431-3a7d07fd2bf0" testId="d3de22d3-051a-4ea8-95ba-a7e95d954945" testName="FormatToStringTest1000 (10324.538670147089,10324.54 zł)" computerName="DESKTOP-5URQ9PB" duration="00:00:00.0000064" startTime="2022-06-13T21:11:43.8795879+02:00" endTime="2022-06-13T21:11:43.8796547+02:00" testType="13cdc9d9-ddb5-4fa4-a97d-d965ccfc6d4b" outcome="Passed" testListId="8c84fa94-04c1-424b-9868-57a2d4851a1d" relativeResultsDirectory="c10e03e2-e6af-45f5-9431-3a7d07fd2bf0" />
    <UnitTestResult executionId="64779915-ad22-4591-a377-3f6807442247" testId="34001bcd-4768-4491-bd38-bac22a026c82" testName="FormatToStringTest1000 (11829.625994884234,11829.63 zł)" computerName="DESKTOP-5URQ9PB" duration="00:00:00.0000072" startTime="2022-06-13T21:11:43.8090043+02:00" endTime="2022-06-13T21:11:43.8090852+02:00" testType="13cdc9d9-ddb5-4fa4-a97d-d965ccfc6d4b" outcome="Passed" testListId="8c84fa94-04c1-424b-9868-57a2d4851a1d" relativeResultsDirectory="64779915-ad22-4591-a377-3f6807442247" />
    <UnitTestResult executionId="f14b1526-0028-4135-9bd3-326e6050c782" testId="79d9d2e6-8da1-4c4d-9ef5-01f4b63a5ec6" testName="FormatToStringTest1000 (3846.644792262765,3846.64 zł)" computerName="DESKTOP-5URQ9PB" duration="00:00:00.0000063" startTime="2022-06-13T21:11:43.7313562+02:00" endTime="2022-06-13T21:11:43.7314220+02:00" testType="13cdc9d9-ddb5-4fa4-a97d-d965ccfc6d4b" outcome="Passed" testListId="8c84fa94-04c1-424b-9868-57a2d4851a1d" relativeResultsDirectory="f14b1526-0028-4135-9bd3-326e6050c782" />
    <UnitTestResult executionId="15be27cb-e841-482d-95af-a497c01f6636" testId="a726cb00-3c5e-47bf-b212-80a3ef067c1f" testName="FormatToStringTest1000 (5398.2412667191775,5398.24 zł)" computerName="DESKTOP-5URQ9PB" duration="00:00:00.0000074" startTime="2022-06-13T21:11:43.9509514+02:00" endTime="2022-06-13T21:11:43.9510185+02:00" testType="13cdc9d9-ddb5-4fa4-a97d-d965ccfc6d4b" outcome="Passed" testListId="8c84fa94-04c1-424b-9868-57a2d4851a1d" relativeResultsDirectory="15be27cb-e841-482d-95af-a497c01f6636" />
    <UnitTestResult executionId="b4e59389-917d-4967-80cf-7147c70cd8ec" testId="74c0c82e-0223-4002-a759-e97ef2317c97" testName="FormatToStringTest1000 (1676.7913981754293,1676.79 zł)" computerName="DESKTOP-5URQ9PB" duration="00:00:00.0000074" startTime="2022-06-13T21:11:43.8698544+02:00" endTime="2022-06-13T21:11:43.8699325+02:00" testType="13cdc9d9-ddb5-4fa4-a97d-d965ccfc6d4b" outcome="Passed" testListId="8c84fa94-04c1-424b-9868-57a2d4851a1d" relativeResultsDirectory="b4e59389-917d-4967-80cf-7147c70cd8ec" />
    <UnitTestResult executionId="085f2140-4902-4aea-a3bb-7d4789ed3061" testId="fcc2302f-3f24-41e2-9aa1-ed42bcf4eba6" testName="FormatToStringTest1000 (35905.47425787219,35905.47 zł)" computerName="DESKTOP-5URQ9PB" duration="00:00:00.0000066" startTime="2022-06-13T21:11:43.9649735+02:00" endTime="2022-06-13T21:11:43.9650427+02:00" testType="13cdc9d9-ddb5-4fa4-a97d-d965ccfc6d4b" outcome="Passed" testListId="8c84fa94-04c1-424b-9868-57a2d4851a1d" relativeResultsDirectory="085f2140-4902-4aea-a3bb-7d4789ed3061" />
    <UnitTestResult executionId="a6e1471f-43f3-46b5-a3be-da65741cde29" testId="51f4aec7-91ef-4ee9-9b84-c0c92e541244" testName="FormatToStringTest1000 (12610.563163818122,12610.56 zł)" computerName="DESKTOP-5URQ9PB" duration="00:00:00.0000063" startTime="2022-06-13T21:11:43.9447414+02:00" endTime="2022-06-13T21:11:43.9448078+02:00" testType="13cdc9d9-ddb5-4fa4-a97d-d965ccfc6d4b" outcome="Passed" testListId="8c84fa94-04c1-424b-9868-57a2d4851a1d" relativeResultsDirectory="a6e1471f-43f3-46b5-a3be-da65741cde29" />
    <UnitTestResult executionId="2f7330c2-ae15-470d-9024-17f2c9dce1ec" testId="1aa1e835-37fb-4a7c-a2aa-c29f2278f4a6" testName="FormatToStringTest1000 (72659.37876478041,72659.38 zł)" computerName="DESKTOP-5URQ9PB" duration="00:00:00.0000072" startTime="2022-06-13T21:11:43.9020471+02:00" endTime="2022-06-13T21:11:43.9021252+02:00" testType="13cdc9d9-ddb5-4fa4-a97d-d965ccfc6d4b" outcome="Passed" testListId="8c84fa94-04c1-424b-9868-57a2d4851a1d" relativeResultsDirectory="2f7330c2-ae15-470d-9024-17f2c9dce1ec" />
    <UnitTestResult executionId="31c6bf6f-474f-4100-af80-653fb1ebcc4a" testId="b6394fd5-b851-4d4b-baa2-440bee6f3689" testName="FormatToStringTest1000 (6417.5922460628635,6417.59 zł)" computerName="DESKTOP-5URQ9PB" duration="00:00:00.0000064" startTime="2022-06-13T21:11:43.8125196+02:00" endTime="2022-06-13T21:11:43.8125925+02:00" testType="13cdc9d9-ddb5-4fa4-a97d-d965ccfc6d4b" outcome="Passed" testListId="8c84fa94-04c1-424b-9868-57a2d4851a1d" relativeResultsDirectory="31c6bf6f-474f-4100-af80-653fb1ebcc4a" />
    <UnitTestResult executionId="3f90f314-c568-438f-a7c4-99a49752c4d4" testId="28f03e22-2c84-41aa-a0d5-c291de7c8fe4" testName="FormatToStringTest1000 (13844.577623300524,13844.58 zł)" computerName="DESKTOP-5URQ9PB" duration="00:00:00.0000064" startTime="2022-06-13T21:11:43.7341193+02:00" endTime="2022-06-13T21:11:43.7341873+02:00" testType="13cdc9d9-ddb5-4fa4-a97d-d965ccfc6d4b" outcome="Passed" testListId="8c84fa94-04c1-424b-9868-57a2d4851a1d" relativeResultsDirectory="3f90f314-c568-438f-a7c4-99a49752c4d4" />
    <UnitTestResult executionId="ac2117fb-3eb1-474c-b7a7-6e4c620509fd" testId="9b95cf13-e975-44ce-a29b-d6f902246b3c" testName="FormatToStringTest1000 (11624.834848273003,11624.83 zł)" computerName="DESKTOP-5URQ9PB" duration="00:00:00.0000067" startTime="2022-06-13T21:11:43.8749063+02:00" endTime="2022-06-13T21:11:43.8749892+02:00" testType="13cdc9d9-ddb5-4fa4-a97d-d965ccfc6d4b" outcome="Passed" testListId="8c84fa94-04c1-424b-9868-57a2d4851a1d" relativeResultsDirectory="ac2117fb-3eb1-474c-b7a7-6e4c620509fd" />
    <UnitTestResult executionId="f45b9ee8-7d72-44cd-ad83-8674d83c1f7e" testId="fa897d70-c671-44d0-9b0f-7dff0e43c4ae" testName="FormatToStringTest1000 (13574.683315038068,13574.68 zł)" computerName="DESKTOP-5URQ9PB" duration="00:00:00.0000063" startTime="2022-06-13T21:11:43.7208108+02:00" endTime="2022-06-13T21:11:43.7208775+02:00" testType="13cdc9d9-ddb5-4fa4-a97d-d965ccfc6d4b" outcome="Passed" testListId="8c84fa94-04c1-424b-9868-57a2d4851a1d" relativeResultsDirectory="f45b9ee8-7d72-44cd-ad83-8674d83c1f7e" />
    <UnitTestResult executionId="6306b600-ea6f-46f2-99a8-677803dec872" testId="5a9af581-aa55-407f-88d7-7ef72599213a" testName="FormatToStringTest1000 (2937.138486199611,2937.14 zł)" computerName="DESKTOP-5URQ9PB" duration="00:00:00.0000064" startTime="2022-06-13T21:11:43.6707383+02:00" endTime="2022-06-13T21:11:43.6708108+02:00" testType="13cdc9d9-ddb5-4fa4-a97d-d965ccfc6d4b" outcome="Passed" testListId="8c84fa94-04c1-424b-9868-57a2d4851a1d" relativeResultsDirectory="6306b600-ea6f-46f2-99a8-677803dec872" />
    <UnitTestResult executionId="d3f8494a-39ef-41b4-bd97-2591e05fe1e9" testId="9caba5d9-ea9a-4210-9a0a-52b071f1ee97" testName="FormatToStringTest1000 (26223.99769144412,26224.00 zł)" computerName="DESKTOP-5URQ9PB" duration="00:00:00.0000071" startTime="2022-06-13T21:11:43.6965818+02:00" endTime="2022-06-13T21:11:43.6966661+02:00" testType="13cdc9d9-ddb5-4fa4-a97d-d965ccfc6d4b" outcome="Passed" testListId="8c84fa94-04c1-424b-9868-57a2d4851a1d" relativeResultsDirectory="d3f8494a-39ef-41b4-bd97-2591e05fe1e9" />
    <UnitTestResult executionId="8a969fc0-e62d-4e07-9341-5f15252ed175" testId="a474216f-a85f-4701-b702-3a6dddd78835" testName="FormatToStringTest1000 (15669.698889610218,15669.70 zł)" computerName="DESKTOP-5URQ9PB" duration="00:00:00.0000089" startTime="2022-06-13T21:11:43.9291303+02:00" endTime="2022-06-13T21:11:43.9292232+02:00" testType="13cdc9d9-ddb5-4fa4-a97d-d965ccfc6d4b" outcome="Passed" testListId="8c84fa94-04c1-424b-9868-57a2d4851a1d" relativeResultsDirectory="8a969fc0-e62d-4e07-9341-5f15252ed175" />
    <UnitTestResult executionId="b98c25ef-a83d-47ad-9bea-f96d40e98ae7" testId="f98e91eb-ee74-4acd-b3f2-1cc2e5a09d12" testName="FormatToStringTest1000 (68011.49219071423,68011.49 zł)" computerName="DESKTOP-5URQ9PB" duration="00:00:00.0000065" startTime="2022-06-13T21:11:43.8894588+02:00" endTime="2022-06-13T21:11:43.8895253+02:00" testType="13cdc9d9-ddb5-4fa4-a97d-d965ccfc6d4b" outcome="Passed" testListId="8c84fa94-04c1-424b-9868-57a2d4851a1d" relativeResultsDirectory="b98c25ef-a83d-47ad-9bea-f96d40e98ae7" />
    <UnitTestResult executionId="d49d2888-1c14-48aa-aae0-7e275bab1e98" testId="582919e7-e3a6-47a9-bc86-f7d7246b8f0c" testName="FormatToStringTest1000 (1751.1734380625066,1751.17 zł)" computerName="DESKTOP-5URQ9PB" duration="00:00:00.0000063" startTime="2022-06-13T21:11:43.9140292+02:00" endTime="2022-06-13T21:11:43.9140935+02:00" testType="13cdc9d9-ddb5-4fa4-a97d-d965ccfc6d4b" outcome="Passed" testListId="8c84fa94-04c1-424b-9868-57a2d4851a1d" relativeResultsDirectory="d49d2888-1c14-48aa-aae0-7e275bab1e98" />
    <UnitTestResult executionId="38c89ae3-67fb-46d3-95c8-89022b55f30d" testId="8ff44017-605e-40fb-8f46-6ab3b3b446be" testName="FormatToStringTest1000 (47256.065730817645,47256.07 zł)" computerName="DESKTOP-5URQ9PB" duration="00:00:00.0000065" startTime="2022-06-13T21:11:43.7281054+02:00" endTime="2022-06-13T21:11:43.7281724+02:00" testType="13cdc9d9-ddb5-4fa4-a97d-d965ccfc6d4b" outcome="Passed" testListId="8c84fa94-04c1-424b-9868-57a2d4851a1d" relativeResultsDirectory="38c89ae3-67fb-46d3-95c8-89022b55f30d" />
    <UnitTestResult executionId="f2fdd414-39b6-4231-9f4a-f29de2f40320" testId="1b48b3ef-0f53-412a-b42d-cbec8dd24678" testName="FormatToStringTest1000 (95353.10327693219,95353.10 zł)" computerName="DESKTOP-5URQ9PB" duration="00:00:00.0000067" startTime="2022-06-13T21:11:43.7142375+02:00" endTime="2022-06-13T21:11:43.7143050+02:00" testType="13cdc9d9-ddb5-4fa4-a97d-d965ccfc6d4b" outcome="Passed" testListId="8c84fa94-04c1-424b-9868-57a2d4851a1d" relativeResultsDirectory="f2fdd414-39b6-4231-9f4a-f29de2f40320" />
    <UnitTestResult executionId="ff730048-f834-468c-8cbb-03cd019f7b0e" testId="60c2be35-176a-499d-9bba-454dc1d2aa62" testName="FormatToStringTest1000 (6820.105136090938,6820.11 zł)" computerName="DESKTOP-5URQ9PB" duration="00:00:00.0000063" startTime="2022-06-13T21:11:43.9315126+02:00" endTime="2022-06-13T21:11:43.9315764+02:00" testType="13cdc9d9-ddb5-4fa4-a97d-d965ccfc6d4b" outcome="Passed" testListId="8c84fa94-04c1-424b-9868-57a2d4851a1d" relativeResultsDirectory="ff730048-f834-468c-8cbb-03cd019f7b0e" />
    <UnitTestResult executionId="e81142ae-7914-424c-ab75-d5fcf7d78b00" testId="f358cc1e-a6d7-4c74-8eb9-26637ac1d258" testName="FormatToStringTest1000 (10994.251866986162,10994.25 zł)" computerName="DESKTOP-5URQ9PB" duration="00:00:00.0000315" startTime="2022-06-13T21:11:43.8613854+02:00" endTime="2022-06-13T21:11:43.8617920+02:00" testType="13cdc9d9-ddb5-4fa4-a97d-d965ccfc6d4b" outcome="Passed" testListId="8c84fa94-04c1-424b-9868-57a2d4851a1d" relativeResultsDirectory="e81142ae-7914-424c-ab75-d5fcf7d78b00" />
    <UnitTestResult executionId="db01b08a-4d33-4b52-84ef-067269e42805" testId="d4dd3c98-ecd9-45d9-a753-f053bbfb9e26" testName="FormatToStringTest1000 (9151.103070427245,9151.10 zł)" computerName="DESKTOP-5URQ9PB" duration="00:00:00.0000063" startTime="2022-06-13T21:11:43.9675773+02:00" endTime="2022-06-13T21:11:43.9676420+02:00" testType="13cdc9d9-ddb5-4fa4-a97d-d965ccfc6d4b" outcome="Passed" testListId="8c84fa94-04c1-424b-9868-57a2d4851a1d" relativeResultsDirectory="db01b08a-4d33-4b52-84ef-067269e42805" />
    <UnitTestResult executionId="c01b66ce-9f4a-4736-a63b-292e85f909c0" testId="285cd70e-b8bc-4c9b-9d57-011d11258b52" testName="FormatToStringTest1000 (22330.217605518745,22330.22 zł)" computerName="DESKTOP-5URQ9PB" duration="00:00:00.0000063" startTime="2022-06-13T21:11:43.9673335+02:00" endTime="2022-06-13T21:11:43.9673979+02:00" testType="13cdc9d9-ddb5-4fa4-a97d-d965ccfc6d4b" outcome="Passed" testListId="8c84fa94-04c1-424b-9868-57a2d4851a1d" relativeResultsDirectory="c01b66ce-9f4a-4736-a63b-292e85f909c0" />
    <UnitTestResult executionId="62457590-0d7e-4a2e-a7fa-40b5eac83ab6" testId="a0ca06c4-6af0-48e7-a3f5-05e58e91e396" testName="FormatToStringTest1000 (31347.468987404587,31347.47 zł)" computerName="DESKTOP-5URQ9PB" duration="00:00:00.0000061" startTime="2022-06-13T21:11:43.9532471+02:00" endTime="2022-06-13T21:11:43.9533118+02:00" testType="13cdc9d9-ddb5-4fa4-a97d-d965ccfc6d4b" outcome="Passed" testListId="8c84fa94-04c1-424b-9868-57a2d4851a1d" relativeResultsDirectory="62457590-0d7e-4a2e-a7fa-40b5eac83ab6" />
    <UnitTestResult executionId="d6b8e5b7-4d2c-49fe-9a63-db4e436edda7" testId="124f0477-cbe4-4af3-bed2-df5670f12c4f" testName="FormatToStringTest1000 (16427.591943671738,16427.59 zł)" computerName="DESKTOP-5URQ9PB" duration="00:00:00.0000064" startTime="2022-06-13T21:11:43.8203607+02:00" endTime="2022-06-13T21:11:43.8204270+02:00" testType="13cdc9d9-ddb5-4fa4-a97d-d965ccfc6d4b" outcome="Passed" testListId="8c84fa94-04c1-424b-9868-57a2d4851a1d" relativeResultsDirectory="d6b8e5b7-4d2c-49fe-9a63-db4e436edda7" />
    <UnitTestResult executionId="98f2838f-adc8-4071-a44d-19a1ba456d63" testId="058cd9ae-f43b-4aa5-ad25-160029f8550f" testName="FormatToStringTest1000 (5835.26176155557,5835.26 zł)" computerName="DESKTOP-5URQ9PB" duration="00:00:00.0000065" startTime="2022-06-13T21:11:43.8748183+02:00" endTime="2022-06-13T21:11:43.8748862+02:00" testType="13cdc9d9-ddb5-4fa4-a97d-d965ccfc6d4b" outcome="Passed" testListId="8c84fa94-04c1-424b-9868-57a2d4851a1d" relativeResultsDirectory="98f2838f-adc8-4071-a44d-19a1ba456d63" />
    <UnitTestResult executionId="084fdf3c-6ce5-47cb-81b7-9d75dde63b0c" testId="851e3b43-d97d-4411-8edd-2e93a4d8d636" testName="FormatToStringTest1000 (68698.01923441609,68698.02 zł)" computerName="DESKTOP-5URQ9PB" duration="00:00:00.0000064" startTime="2022-06-13T21:11:43.9595382+02:00" endTime="2022-06-13T21:11:43.9596020+02:00" testType="13cdc9d9-ddb5-4fa4-a97d-d965ccfc6d4b" outcome="Passed" testListId="8c84fa94-04c1-424b-9868-57a2d4851a1d" relativeResultsDirectory="084fdf3c-6ce5-47cb-81b7-9d75dde63b0c" />
    <UnitTestResult executionId="995cec72-caae-43b5-9b85-d91ef31b6329" testId="fee255c9-9f1f-4b45-b2ca-52ec2d584138" testName="FormatToStringTest1000 (25084.19182667238,25084.19 zł)" computerName="DESKTOP-5URQ9PB" duration="00:00:00.0000070" startTime="2022-06-13T21:11:43.9413502+02:00" endTime="2022-06-13T21:11:43.9414271+02:00" testType="13cdc9d9-ddb5-4fa4-a97d-d965ccfc6d4b" outcome="Passed" testListId="8c84fa94-04c1-424b-9868-57a2d4851a1d" relativeResultsDirectory="995cec72-caae-43b5-9b85-d91ef31b6329" />
    <UnitTestResult executionId="d491881c-62b2-4a48-ba73-53c4bd7f3ced" testId="0ed9cdec-6d76-4c1f-8909-1f1d3ecf2966" testName="FormatToStringTest1000 (19216.446905020366,19216.45 zł)" computerName="DESKTOP-5URQ9PB" duration="00:00:00.0000066" startTime="2022-06-13T21:11:43.6908650+02:00" endTime="2022-06-13T21:11:43.6909362+02:00" testType="13cdc9d9-ddb5-4fa4-a97d-d965ccfc6d4b" outcome="Passed" testListId="8c84fa94-04c1-424b-9868-57a2d4851a1d" relativeResultsDirectory="d491881c-62b2-4a48-ba73-53c4bd7f3ced" />
    <UnitTestResult executionId="63fbc152-8d09-4d93-816a-fe98640e0c31" testId="0eb30b32-954b-4bb9-ab69-d1391e66cff2" testName="FormatToStringTest1000 (2929.267390865026,2929.27 zł)" computerName="DESKTOP-5URQ9PB" duration="00:00:00.0000072" startTime="2022-06-13T21:11:43.9466187+02:00" endTime="2022-06-13T21:11:43.9466961+02:00" testType="13cdc9d9-ddb5-4fa4-a97d-d965ccfc6d4b" outcome="Passed" testListId="8c84fa94-04c1-424b-9868-57a2d4851a1d" relativeResultsDirectory="63fbc152-8d09-4d93-816a-fe98640e0c31" />
    <UnitTestResult executionId="c0b4d1bf-35e6-4297-86bd-1a6520e2be06" testId="8924214b-d238-479f-bbed-ec1ebf865bd8" testName="FormatToStringTest1000 (46166.38051381259,46166.38 zł)" computerName="DESKTOP-5URQ9PB" duration="00:00:00.0000068" startTime="2022-06-13T21:11:43.7638604+02:00" endTime="2022-06-13T21:11:43.7639400+02:00" testType="13cdc9d9-ddb5-4fa4-a97d-d965ccfc6d4b" outcome="Passed" testListId="8c84fa94-04c1-424b-9868-57a2d4851a1d" relativeResultsDirectory="c0b4d1bf-35e6-4297-86bd-1a6520e2be06" />
    <UnitTestResult executionId="aa0ee201-39d3-4712-a5a8-5cb20b93174c" testId="da8c1747-4005-4315-8288-f9bae1375eda" testName="FormatToStringTest1000 (5254.6338787505565,5254.63 zł)" computerName="DESKTOP-5URQ9PB" duration="00:00:00.0000062" startTime="2022-06-13T21:11:43.9185112+02:00" endTime="2022-06-13T21:11:43.9185749+02:00" testType="13cdc9d9-ddb5-4fa4-a97d-d965ccfc6d4b" outcome="Passed" testListId="8c84fa94-04c1-424b-9868-57a2d4851a1d" relativeResultsDirectory="aa0ee201-39d3-4712-a5a8-5cb20b93174c" />
    <UnitTestResult executionId="161ab383-15fc-4292-84cc-61ce1e3d32c4" testId="f016d42a-1917-4456-8ec2-a8eceaa2badf" testName="FormatToStringTest1000 (4648.492795337221,4648.49 zł)" computerName="DESKTOP-5URQ9PB" duration="00:00:00.0000064" startTime="2022-06-13T21:11:43.7904501+02:00" endTime="2022-06-13T21:11:43.7905175+02:00" testType="13cdc9d9-ddb5-4fa4-a97d-d965ccfc6d4b" outcome="Passed" testListId="8c84fa94-04c1-424b-9868-57a2d4851a1d" relativeResultsDirectory="161ab383-15fc-4292-84cc-61ce1e3d32c4" />
    <UnitTestResult executionId="1365d5b7-8693-4a82-8d9d-0c9194295efc" testId="bd904142-4c76-46c1-a535-8d711ff373a5" testName="FormatToStringTest1000 (11912.404131636213,11912.40 zł)" computerName="DESKTOP-5URQ9PB" duration="00:00:00.0000066" startTime="2022-06-13T21:11:43.6806405+02:00" endTime="2022-06-13T21:11:43.6807134+02:00" testType="13cdc9d9-ddb5-4fa4-a97d-d965ccfc6d4b" outcome="Passed" testListId="8c84fa94-04c1-424b-9868-57a2d4851a1d" relativeResultsDirectory="1365d5b7-8693-4a82-8d9d-0c9194295efc" />
    <UnitTestResult executionId="413f6928-7f84-49b5-81a6-a18295b90f6d" testId="2ef0de15-822b-4539-a93e-ad1165c53323" testName="FormatToStringTest1000 (17990.38119827089,17990.38 zł)" computerName="DESKTOP-5URQ9PB" duration="00:00:00.0000070" startTime="2022-06-13T21:11:43.7642130+02:00" endTime="2022-06-13T21:11:43.7642804+02:00" testType="13cdc9d9-ddb5-4fa4-a97d-d965ccfc6d4b" outcome="Passed" testListId="8c84fa94-04c1-424b-9868-57a2d4851a1d" relativeResultsDirectory="413f6928-7f84-49b5-81a6-a18295b90f6d" />
    <UnitTestResult executionId="e66adfda-d3b9-42c0-9e52-fcbb26f8d422" testId="39e53160-14f3-4e36-b75e-7c534126d380" testName="FormatToStringTest1000 (34145.534199603615,34145.53 zł)" computerName="DESKTOP-5URQ9PB" duration="00:00:00.0000063" startTime="2022-06-13T21:11:43.9001597+02:00" endTime="2022-06-13T21:11:43.9002251+02:00" testType="13cdc9d9-ddb5-4fa4-a97d-d965ccfc6d4b" outcome="Passed" testListId="8c84fa94-04c1-424b-9868-57a2d4851a1d" relativeResultsDirectory="e66adfda-d3b9-42c0-9e52-fcbb26f8d422" />
    <UnitTestResult executionId="8c125a90-6363-4e95-9597-24ba4ca54127" testId="62a17704-749a-4b2d-8b0a-8a65cd103317" testName="FormatToStringTest1000 (13568.230982493717,13568.23 zł)" computerName="DESKTOP-5URQ9PB" duration="00:00:00.0000258" startTime="2022-06-13T21:11:43.8625269+02:00" endTime="2022-06-13T21:11:43.8626995+02:00" testType="13cdc9d9-ddb5-4fa4-a97d-d965ccfc6d4b" outcome="Passed" testListId="8c84fa94-04c1-424b-9868-57a2d4851a1d" relativeResultsDirectory="8c125a90-6363-4e95-9597-24ba4ca54127" />
    <UnitTestResult executionId="3902988b-883b-4533-a5b3-e0615f8c74fd" testId="8fe9f854-5b26-4adb-a933-1bec7bd0c741" testName="FormatToStringTest1000 (14712.754747761765,14712.75 zł)" computerName="DESKTOP-5URQ9PB" duration="00:00:00.0000063" startTime="2022-06-13T21:11:43.9272818+02:00" endTime="2022-06-13T21:11:43.9273462+02:00" testType="13cdc9d9-ddb5-4fa4-a97d-d965ccfc6d4b" outcome="Passed" testListId="8c84fa94-04c1-424b-9868-57a2d4851a1d" relativeResultsDirectory="3902988b-883b-4533-a5b3-e0615f8c74fd" />
    <UnitTestResult executionId="fcc744d1-2849-4d3f-9522-11762fa12d76" testId="fc7890c6-1a43-485b-b766-4d54ad4be69f" testName="FormatToStringTest1000 (5840.747097845071,5840.75 zł)" computerName="DESKTOP-5URQ9PB" duration="00:00:00.0000066" startTime="2022-06-13T21:11:43.9225870+02:00" endTime="2022-06-13T21:11:43.9226573+02:00" testType="13cdc9d9-ddb5-4fa4-a97d-d965ccfc6d4b" outcome="Passed" testListId="8c84fa94-04c1-424b-9868-57a2d4851a1d" relativeResultsDirectory="fcc744d1-2849-4d3f-9522-11762fa12d76" />
    <UnitTestResult executionId="38f5743b-a7b5-4f0c-a876-72021a81cc5a" testId="c80fc3bb-ee0a-44c0-8a4b-00e73391e543" testName="FormatToStringTest1000 (6105.007054037418,6105.01 zł)" computerName="DESKTOP-5URQ9PB" duration="00:00:00.0000064" startTime="2022-06-13T21:11:43.8853022+02:00" endTime="2022-06-13T21:11:43.8853689+02:00" testType="13cdc9d9-ddb5-4fa4-a97d-d965ccfc6d4b" outcome="Passed" testListId="8c84fa94-04c1-424b-9868-57a2d4851a1d" relativeResultsDirectory="38f5743b-a7b5-4f0c-a876-72021a81cc5a" />
    <UnitTestResult executionId="a487e5b5-a145-4a8d-a5bd-0d10a8696a97" testId="e15ff8bc-9fdd-4f0b-9e99-1016cdf73bdd" testName="FormatToStringTest1000 (23612.114499758984,23612.11 zł)" computerName="DESKTOP-5URQ9PB" duration="00:00:00.0000066" startTime="2022-06-13T21:11:43.7468578+02:00" endTime="2022-06-13T21:11:43.7469352+02:00" testType="13cdc9d9-ddb5-4fa4-a97d-d965ccfc6d4b" outcome="Passed" testListId="8c84fa94-04c1-424b-9868-57a2d4851a1d" relativeResultsDirectory="a487e5b5-a145-4a8d-a5bd-0d10a8696a97" />
    <UnitTestResult executionId="2021f66b-22c4-42e3-aba5-2bd4e5589515" testId="14b507c4-f024-460e-ad2f-2f9edb1e1db3" testName="FormatToStringTest1000 (14475.498583194567,14475.50 zł)" computerName="DESKTOP-5URQ9PB" duration="00:00:00.0000063" startTime="2022-06-13T21:11:43.9511154+02:00" endTime="2022-06-13T21:11:43.9511793+02:00" testType="13cdc9d9-ddb5-4fa4-a97d-d965ccfc6d4b" outcome="Passed" testListId="8c84fa94-04c1-424b-9868-57a2d4851a1d" relativeResultsDirectory="2021f66b-22c4-42e3-aba5-2bd4e5589515" />
    <UnitTestResult executionId="01481d75-0631-481f-bbea-9c143f1778a2" testId="f5164dc5-249e-4e02-9f10-fdc7f67bafb0" testName="FormatToStringTest1000 (36047.83545033672,36047.84 zł)" computerName="DESKTOP-5URQ9PB" duration="00:00:00.0000067" startTime="2022-06-13T21:11:43.9059051+02:00" endTime="2022-06-13T21:11:43.9059817+02:00" testType="13cdc9d9-ddb5-4fa4-a97d-d965ccfc6d4b" outcome="Passed" testListId="8c84fa94-04c1-424b-9868-57a2d4851a1d" relativeResultsDirectory="01481d75-0631-481f-bbea-9c143f1778a2" />
    <UnitTestResult executionId="5f2f6fc2-48cf-4d95-a619-014770d8d280" testId="12df5fa3-b42b-450b-838d-1d69b4b85208" testName="FormatToStringTest1000 (1300.9430775404642,1300.94 zł)" computerName="DESKTOP-5URQ9PB" duration="00:00:00.0396223" startTime="2022-06-13T21:11:43.5412665+02:00" endTime="2022-06-13T21:11:43.5991332+02:00" testType="13cdc9d9-ddb5-4fa4-a97d-d965ccfc6d4b" outcome="Passed" testListId="8c84fa94-04c1-424b-9868-57a2d4851a1d" relativeResultsDirectory="5f2f6fc2-48cf-4d95-a619-014770d8d280" />
    <UnitTestResult executionId="aca5d97c-ef7d-4d5b-85a0-c7fd5c215530" testId="d4d89f5c-afe7-4bfd-bea5-7f0007062f4a" testName="FormatToStringTest1000 (59283.48311990662,59283.48 zł)" computerName="DESKTOP-5URQ9PB" duration="00:00:00.0000065" startTime="2022-06-13T21:11:43.7469529+02:00" endTime="2022-06-13T21:11:43.7470261+02:00" testType="13cdc9d9-ddb5-4fa4-a97d-d965ccfc6d4b" outcome="Passed" testListId="8c84fa94-04c1-424b-9868-57a2d4851a1d" relativeResultsDirectory="aca5d97c-ef7d-4d5b-85a0-c7fd5c215530" />
    <UnitTestResult executionId="6e4bb086-8c24-45a9-a09e-15a5a86ffc51" testId="20b71423-30fa-4c4c-9b33-54bec2b4e6bc" testName="FormatToStringTest1000 (18023.78504577455,18023.79 zł)" computerName="DESKTOP-5URQ9PB" duration="00:00:00.0000063" startTime="2022-06-13T21:11:43.7345409+02:00" endTime="2022-06-13T21:11:43.7346074+02:00" testType="13cdc9d9-ddb5-4fa4-a97d-d965ccfc6d4b" outcome="Passed" testListId="8c84fa94-04c1-424b-9868-57a2d4851a1d" relativeResultsDirectory="6e4bb086-8c24-45a9-a09e-15a5a86ffc51" />
    <UnitTestResult executionId="1e5e25cf-7a83-439d-a3c0-1f38bbfbb298" testId="43bb21fa-bc52-47bf-b944-74b95b209d50" testName="FormatToStringTest1000 (7753.724411372898,7753.72 zł)" computerName="DESKTOP-5URQ9PB" duration="00:00:00.0000064" startTime="2022-06-13T21:11:43.6907803+02:00" endTime="2022-06-13T21:11:43.6908466+02:00" testType="13cdc9d9-ddb5-4fa4-a97d-d965ccfc6d4b" outcome="Passed" testListId="8c84fa94-04c1-424b-9868-57a2d4851a1d" relativeResultsDirectory="1e5e25cf-7a83-439d-a3c0-1f38bbfbb298" />
    <UnitTestResult executionId="e371f47f-7213-4a1d-981b-31004ca2ac24" testId="f4ab25a6-45b6-435d-9ffc-4b6c36faa6d1" testName="FormatToStringTest1000 (19882.647973500494,19882.65 zł)" computerName="DESKTOP-5URQ9PB" duration="00:00:00.0000087" startTime="2022-06-13T21:11:43.8960480+02:00" endTime="2022-06-13T21:11:43.8961258+02:00" testType="13cdc9d9-ddb5-4fa4-a97d-d965ccfc6d4b" outcome="Passed" testListId="8c84fa94-04c1-424b-9868-57a2d4851a1d" relativeResultsDirectory="e371f47f-7213-4a1d-981b-31004ca2ac24" />
    <UnitTestResult executionId="68ac4636-044b-4233-a2a2-b5ec69bd434f" testId="a166af42-a0ae-4152-aa71-1bc4e5ba4201" testName="FormatToStringTest1000 (16902.50568789314,16902.51 zł)" computerName="DESKTOP-5URQ9PB" duration="00:00:00.0000064" startTime="2022-06-13T21:11:43.8094428+02:00" endTime="2022-06-13T21:11:43.8095103+02:00" testType="13cdc9d9-ddb5-4fa4-a97d-d965ccfc6d4b" outcome="Passed" testListId="8c84fa94-04c1-424b-9868-57a2d4851a1d" relativeResultsDirectory="68ac4636-044b-4233-a2a2-b5ec69bd434f" />
    <UnitTestResult executionId="be88e842-22d4-4216-b345-3a245a3d6330" testId="e478146e-bc62-46a0-a2d1-ac8878a8d65c" testName="FormatToStringTest1000 (12118.31777677048,12118.32 zł)" computerName="DESKTOP-5URQ9PB" duration="00:00:00.0000065" startTime="2022-06-13T21:11:43.9224891+02:00" endTime="2022-06-13T21:11:43.9225699+02:00" testType="13cdc9d9-ddb5-4fa4-a97d-d965ccfc6d4b" outcome="Passed" testListId="8c84fa94-04c1-424b-9868-57a2d4851a1d" relativeResultsDirectory="be88e842-22d4-4216-b345-3a245a3d6330" />
    <UnitTestResult executionId="da2f1748-609d-4c90-9136-8f9a8cb0e612" testId="1392579f-73db-4ada-a467-64c5042900aa" testName="FormatToStringTest1000 (32213.734885384205,32213.73 zł)" computerName="DESKTOP-5URQ9PB" duration="00:00:00.0000064" startTime="2022-06-13T21:11:43.9057369+02:00" endTime="2022-06-13T21:11:43.9058037+02:00" testType="13cdc9d9-ddb5-4fa4-a97d-d965ccfc6d4b" outcome="Passed" testListId="8c84fa94-04c1-424b-9868-57a2d4851a1d" relativeResultsDirectory="da2f1748-609d-4c90-9136-8f9a8cb0e612" />
    <UnitTestResult executionId="e4beebbc-f08d-4025-8989-9aba1f051858" testId="4d97f435-c525-4207-afb2-d03cb4c61d07" testName="FormatToStringTest1000 (11157.981051815665,11157.98 zł)" computerName="DESKTOP-5URQ9PB" duration="00:00:00.0000064" startTime="2022-06-13T21:11:43.7966749+02:00" endTime="2022-06-13T21:11:43.7967425+02:00" testType="13cdc9d9-ddb5-4fa4-a97d-d965ccfc6d4b" outcome="Passed" testListId="8c84fa94-04c1-424b-9868-57a2d4851a1d" relativeResultsDirectory="e4beebbc-f08d-4025-8989-9aba1f051858" />
    <UnitTestResult executionId="9b1a5ac6-76ba-4d4a-a489-e83c6167dcea" testId="5f00ce9e-34b3-4aaa-aad1-c5f9d6136231" testName="FormatToStringTest1000 (5961.755129208674,5961.76 zł)" computerName="DESKTOP-5URQ9PB" duration="00:00:00.0000069" startTime="2022-06-13T21:11:43.7871878+02:00" endTime="2022-06-13T21:11:43.7872595+02:00" testType="13cdc9d9-ddb5-4fa4-a97d-d965ccfc6d4b" outcome="Passed" testListId="8c84fa94-04c1-424b-9868-57a2d4851a1d" relativeResultsDirectory="9b1a5ac6-76ba-4d4a-a489-e83c6167dcea" />
    <UnitTestResult executionId="966cb3c8-1991-41f8-8cc1-84f0b6800de4" testId="9ecf66a1-af53-40e9-83b0-b6a95bd69d6e" testName="FormatToStringTest1000 (10227.532692039169,10227.53 zł)" computerName="DESKTOP-5URQ9PB" duration="00:00:00.0000064" startTime="2022-06-13T21:11:43.7084180+02:00" endTime="2022-06-13T21:11:43.7084853+02:00" testType="13cdc9d9-ddb5-4fa4-a97d-d965ccfc6d4b" outcome="Passed" testListId="8c84fa94-04c1-424b-9868-57a2d4851a1d" relativeResultsDirectory="966cb3c8-1991-41f8-8cc1-84f0b6800de4" />
    <UnitTestResult executionId="24c91c10-8f2d-429d-b3a0-d47ae7f338d2" testId="69a22124-1221-444f-b4fa-44122a98ec80" testName="FormatToStringTest1000 (58191.92113629585,58191.92 zł)" computerName="DESKTOP-5URQ9PB" duration="00:00:00.0000064" startTime="2022-06-13T21:11:43.8895426+02:00" endTime="2022-06-13T21:11:43.8896083+02:00" testType="13cdc9d9-ddb5-4fa4-a97d-d965ccfc6d4b" outcome="Passed" testListId="8c84fa94-04c1-424b-9868-57a2d4851a1d" relativeResultsDirectory="24c91c10-8f2d-429d-b3a0-d47ae7f338d2" />
    <UnitTestResult executionId="98d9af15-d7dd-40e5-a362-556963994d17" testId="e18a4870-f463-447c-a912-91e5d5952807" testName="FormatToStringTest1000 (37561.969571757116,37561.97 zł)" computerName="DESKTOP-5URQ9PB" duration="00:00:00.0000066" startTime="2022-06-13T21:11:43.7835041+02:00" endTime="2022-06-13T21:11:43.7835802+02:00" testType="13cdc9d9-ddb5-4fa4-a97d-d965ccfc6d4b" outcome="Passed" testListId="8c84fa94-04c1-424b-9868-57a2d4851a1d" relativeResultsDirectory="98d9af15-d7dd-40e5-a362-556963994d17" />
    <UnitTestResult executionId="f183c644-72c5-4b40-8a48-128ff72ae86d" testId="c190e119-5c90-4032-bc44-1f7338a7aeee" testName="FormatToStringTest1000 (31300.40752580967,31300.41 zł)" computerName="DESKTOP-5URQ9PB" duration="00:00:00.0000066" startTime="2022-06-13T21:11:43.6701832+02:00" endTime="2022-06-13T21:11:43.6702568+02:00" testType="13cdc9d9-ddb5-4fa4-a97d-d965ccfc6d4b" outcome="Passed" testListId="8c84fa94-04c1-424b-9868-57a2d4851a1d" relativeResultsDirectory="f183c644-72c5-4b40-8a48-128ff72ae86d" />
    <UnitTestResult executionId="c2814e0b-2f22-4f48-a996-d1968ca932dd" testId="d485fa05-6bdb-4ab6-b829-bafd6310e196" testName="FormatToStringTest1000 (7458.609645228652,7458.61 zł)" computerName="DESKTOP-5URQ9PB" duration="00:00:00.0000064" startTime="2022-06-13T21:11:43.6642021+02:00" endTime="2022-06-13T21:11:43.6642683+02:00" testType="13cdc9d9-ddb5-4fa4-a97d-d965ccfc6d4b" outcome="Passed" testListId="8c84fa94-04c1-424b-9868-57a2d4851a1d" relativeResultsDirectory="c2814e0b-2f22-4f48-a996-d1968ca932dd" />
    <UnitTestResult executionId="2638b44f-1a4c-4120-9fe2-ee6bfd8b0f29" testId="519f09d5-2f0b-4e4c-b9c0-0a06519640e2" testName="FormatToStringTest1000 (8013.1229931903645,8013.12 zł)" computerName="DESKTOP-5URQ9PB" duration="00:00:00.0000064" startTime="2022-06-13T21:11:43.9416917+02:00" endTime="2022-06-13T21:11:43.9417564+02:00" testType="13cdc9d9-ddb5-4fa4-a97d-d965ccfc6d4b" outcome="Passed" testListId="8c84fa94-04c1-424b-9868-57a2d4851a1d" relativeResultsDirectory="2638b44f-1a4c-4120-9fe2-ee6bfd8b0f29" />
    <UnitTestResult executionId="7c9b0a9b-b38b-44e9-9bbb-33783e20389c" testId="8ac2b8ea-fdf2-49e3-b9d7-3161b9a4b7c7" testName="FormatToStringTest1000 (11.555284778846096,11.56 zł)" computerName="DESKTOP-5URQ9PB" duration="00:00:00.0000078" startTime="2022-06-13T21:11:43.9358269+02:00" endTime="2022-06-13T21:11:43.9358950+02:00" testType="13cdc9d9-ddb5-4fa4-a97d-d965ccfc6d4b" outcome="Passed" testListId="8c84fa94-04c1-424b-9868-57a2d4851a1d" relativeResultsDirectory="7c9b0a9b-b38b-44e9-9bbb-33783e20389c" />
    <UnitTestResult executionId="cb0b2a4e-1154-4d77-900a-025ec0c30b3c" testId="58a7d865-0579-4f01-bba6-a2fea4f8d475" testName="FormatToStringTest1000 (13582.47117894258,13582.47 zł)" computerName="DESKTOP-5URQ9PB" duration="00:00:00.0000063" startTime="2022-06-13T21:11:43.7036194+02:00" endTime="2022-06-13T21:11:43.7036852+02:00" testType="13cdc9d9-ddb5-4fa4-a97d-d965ccfc6d4b" outcome="Passed" testListId="8c84fa94-04c1-424b-9868-57a2d4851a1d" relativeResultsDirectory="cb0b2a4e-1154-4d77-900a-025ec0c30b3c" />
    <UnitTestResult executionId="07931b15-2467-4872-a676-2b50c77c164d" testId="650ed278-e327-4ee9-91b9-f0475a5ffc52" testName="FormatToStringTest1000 (9634.398811461124,9634.40 zł)" computerName="DESKTOP-5URQ9PB" duration="00:00:00.0000063" startTime="2022-06-13T21:11:43.9256724+02:00" endTime="2022-06-13T21:11:43.9257372+02:00" testType="13cdc9d9-ddb5-4fa4-a97d-d965ccfc6d4b" outcome="Passed" testListId="8c84fa94-04c1-424b-9868-57a2d4851a1d" relativeResultsDirectory="07931b15-2467-4872-a676-2b50c77c164d" />
    <UnitTestResult executionId="443806c1-ce6c-451b-9ead-55c9bcfd86c4" testId="50b92b30-7418-4945-8cbb-344d41290b5a" testName="FormatToStringTest1000 (1963.0091662979728,1963.01 zł)" computerName="DESKTOP-5URQ9PB" duration="00:00:00.0000072" startTime="2022-06-13T21:11:43.9252622+02:00" endTime="2022-06-13T21:11:43.9253286+02:00" testType="13cdc9d9-ddb5-4fa4-a97d-d965ccfc6d4b" outcome="Passed" testListId="8c84fa94-04c1-424b-9868-57a2d4851a1d" relativeResultsDirectory="443806c1-ce6c-451b-9ead-55c9bcfd86c4" />
    <UnitTestResult executionId="44eb0ef0-f4fb-4742-9da5-848316e70dc8" testId="a90f6fda-47e6-40a9-a209-6631859e580b" testName="FormatToStringTest1000 (14035.12972514477,14035.13 zł)" computerName="DESKTOP-5URQ9PB" duration="00:00:00.0000065" startTime="2022-06-13T21:11:43.7082491+02:00" endTime="2022-06-13T21:11:43.7083158+02:00" testType="13cdc9d9-ddb5-4fa4-a97d-d965ccfc6d4b" outcome="Passed" testListId="8c84fa94-04c1-424b-9868-57a2d4851a1d" relativeResultsDirectory="44eb0ef0-f4fb-4742-9da5-848316e70dc8" />
    <UnitTestResult executionId="49443c50-4be0-45c6-bdf8-3308c156a036" testId="30328216-52bb-4738-82b5-53b7f0796e72" testName="FormatToStringTest1000 (63427.55325689332,63427.55 zł)" computerName="DESKTOP-5URQ9PB" duration="00:00:00.0000065" startTime="2022-06-13T21:11:43.8391326+02:00" endTime="2022-06-13T21:11:43.8391997+02:00" testType="13cdc9d9-ddb5-4fa4-a97d-d965ccfc6d4b" outcome="Passed" testListId="8c84fa94-04c1-424b-9868-57a2d4851a1d" relativeResultsDirectory="49443c50-4be0-45c6-bdf8-3308c156a036" />
    <UnitTestResult executionId="bc4899c5-173c-4579-b769-6c78a323da9a" testId="514af78a-df6a-40c4-8e4d-64844e182495" testName="FormatToStringTest1000 (58111.21259843521,58111.21 zł)" computerName="DESKTOP-5URQ9PB" duration="00:00:00.0000063" startTime="2022-06-13T21:11:43.7207262+02:00" endTime="2022-06-13T21:11:43.7207934+02:00" testType="13cdc9d9-ddb5-4fa4-a97d-d965ccfc6d4b" outcome="Passed" testListId="8c84fa94-04c1-424b-9868-57a2d4851a1d" relativeResultsDirectory="bc4899c5-173c-4579-b769-6c78a323da9a" />
    <UnitTestResult executionId="91eccdcc-1d4b-4ae9-a6e0-ebcc1e83dfcd" testId="9e91cbe0-1403-47ed-b5c5-61ff2c90bee2" testName="FormatToStringTest1000 (30383.303633991305,30383.30 zł)" computerName="DESKTOP-5URQ9PB" duration="00:00:00.0000071" startTime="2022-06-13T21:11:43.9508601+02:00" endTime="2022-06-13T21:11:43.9509338+02:00" testType="13cdc9d9-ddb5-4fa4-a97d-d965ccfc6d4b" outcome="Passed" testListId="8c84fa94-04c1-424b-9868-57a2d4851a1d" relativeResultsDirectory="91eccdcc-1d4b-4ae9-a6e0-ebcc1e83dfcd" />
    <UnitTestResult executionId="ae5a369c-74ec-4b65-9245-66315f78c0d6" testId="19ca9f33-76f9-4dff-911c-85fb4c9dfde3" testName="FormatToStringTest1000 (19397.344749736294,19397.34 zł)" computerName="DESKTOP-5URQ9PB" duration="00:00:00.0000062" startTime="2022-06-13T21:11:43.9511965+02:00" endTime="2022-06-13T21:11:43.9512604+02:00" testType="13cdc9d9-ddb5-4fa4-a97d-d965ccfc6d4b" outcome="Passed" testListId="8c84fa94-04c1-424b-9868-57a2d4851a1d" relativeResultsDirectory="ae5a369c-74ec-4b65-9245-66315f78c0d6" />
    <UnitTestResult executionId="bd0b860c-5edc-4879-854d-1941a53a3530" testId="460ca223-5c2c-4aee-a6c8-15f23654da18" testName="FormatToStringTest1000 (20454.142628653506,20454.14 zł)" computerName="DESKTOP-5URQ9PB" duration="00:00:00.0000065" startTime="2022-06-13T21:11:43.7639579+02:00" endTime="2022-06-13T21:11:43.7640260+02:00" testType="13cdc9d9-ddb5-4fa4-a97d-d965ccfc6d4b" outcome="Passed" testListId="8c84fa94-04c1-424b-9868-57a2d4851a1d" relativeResultsDirectory="bd0b860c-5edc-4879-854d-1941a53a3530" />
    <UnitTestResult executionId="2638b928-b2cc-40ca-aaf7-05a38a297c0e" testId="291f4fde-6fdc-4588-a23d-852ccce8d037" testName="FormatToStringTest1000 (45739.569854490255,45739.57 zł)" computerName="DESKTOP-5URQ9PB" duration="00:00:00.0000063" startTime="2022-06-13T21:11:43.9334321+02:00" endTime="2022-06-13T21:11:43.9334952+02:00" testType="13cdc9d9-ddb5-4fa4-a97d-d965ccfc6d4b" outcome="Passed" testListId="8c84fa94-04c1-424b-9868-57a2d4851a1d" relativeResultsDirectory="2638b928-b2cc-40ca-aaf7-05a38a297c0e" />
    <UnitTestResult executionId="96b3590f-7fc6-4ae7-9d3a-17eff2ef258a" testId="e42012f7-79a8-4dcd-8cf0-33e9db7440f9" testName="FormatToStringTest1000 (35714.78133482243,35714.78 zł)" computerName="DESKTOP-5URQ9PB" duration="00:00:00.0000065" startTime="2022-06-13T21:11:43.7770606+02:00" endTime="2022-06-13T21:11:43.7771277+02:00" testType="13cdc9d9-ddb5-4fa4-a97d-d965ccfc6d4b" outcome="Passed" testListId="8c84fa94-04c1-424b-9868-57a2d4851a1d" relativeResultsDirectory="96b3590f-7fc6-4ae7-9d3a-17eff2ef258a" />
    <UnitTestResult executionId="b28ea65f-78aa-456f-b82c-b6f0abc746f4" testId="818369ff-3ad4-4864-a562-e6976d65cf7a" testName="FormatToStringTest1000 (20116.958341299072,20116.96 zł)" computerName="DESKTOP-5URQ9PB" duration="00:00:00.0000063" startTime="2022-06-13T21:11:43.8982148+02:00" endTime="2022-06-13T21:11:43.8982799+02:00" testType="13cdc9d9-ddb5-4fa4-a97d-d965ccfc6d4b" outcome="Passed" testListId="8c84fa94-04c1-424b-9868-57a2d4851a1d" relativeResultsDirectory="b28ea65f-78aa-456f-b82c-b6f0abc746f4" />
    <UnitTestResult executionId="d5df205e-21c9-4b16-a9a4-44ff6f64854d" testId="7e356191-ff3f-4169-ba87-52975bab55c7" testName="FormatToStringTest1000 (19873.59831658453,19873.60 zł)" computerName="DESKTOP-5URQ9PB" duration="00:00:00.0000063" startTime="2022-06-13T21:11:43.9180288+02:00" endTime="2022-06-13T21:11:43.9180931+02:00" testType="13cdc9d9-ddb5-4fa4-a97d-d965ccfc6d4b" outcome="Passed" testListId="8c84fa94-04c1-424b-9868-57a2d4851a1d" relativeResultsDirectory="d5df205e-21c9-4b16-a9a4-44ff6f64854d" />
    <UnitTestResult executionId="97437cc0-76b2-40d3-887f-76ca173de955" testId="ce48ab58-4406-4b17-9977-94da299684a6" testName="FormatToStringTest1000 (29362.005930638876,29362.01 zł)" computerName="DESKTOP-5URQ9PB" duration="00:00:00.0000070" startTime="2022-06-13T21:11:43.7401256+02:00" endTime="2022-06-13T21:11:43.7402043+02:00" testType="13cdc9d9-ddb5-4fa4-a97d-d965ccfc6d4b" outcome="Passed" testListId="8c84fa94-04c1-424b-9868-57a2d4851a1d" relativeResultsDirectory="97437cc0-76b2-40d3-887f-76ca173de955" />
    <UnitTestResult executionId="d37a1ddb-0a26-4378-8525-75b729e72ab2" testId="b3149a75-ead1-4b12-bd0c-8392b366c2ce" testName="FormatToStringTest1000 (75162.39407669863,75162.39 zł)" computerName="DESKTOP-5URQ9PB" duration="00:00:00.0000065" startTime="2022-06-13T21:11:43.7238870+02:00" endTime="2022-06-13T21:11:43.7239592+02:00" testType="13cdc9d9-ddb5-4fa4-a97d-d965ccfc6d4b" outcome="Passed" testListId="8c84fa94-04c1-424b-9868-57a2d4851a1d" relativeResultsDirectory="d37a1ddb-0a26-4378-8525-75b729e72ab2" />
    <UnitTestResult executionId="29abe795-92e2-45b4-90b5-44b17f2c5b40" testId="f621b426-fc29-4d49-aa83-712f63c1d51b" testName="FormatToStringTest1000 (19208.676036795914,19208.68 zł)" computerName="DESKTOP-5URQ9PB" duration="00:00:00.0000065" startTime="2022-06-13T21:11:43.8980486+02:00" endTime="2022-06-13T21:11:43.8981148+02:00" testType="13cdc9d9-ddb5-4fa4-a97d-d965ccfc6d4b" outcome="Passed" testListId="8c84fa94-04c1-424b-9868-57a2d4851a1d" relativeResultsDirectory="29abe795-92e2-45b4-90b5-44b17f2c5b40" />
    <UnitTestResult executionId="e9160ce5-8faf-469e-8ab2-90cc011eddb0" testId="5f50c2a7-674e-442f-bd07-e75ff3b8d5cf" testName="FormatToStringTest1000 (62975.496334776515,62975.50 zł)" computerName="DESKTOP-5URQ9PB" duration="00:00:00.0000066" startTime="2022-06-13T21:11:43.6774737+02:00" endTime="2022-06-13T21:11:43.6775470+02:00" testType="13cdc9d9-ddb5-4fa4-a97d-d965ccfc6d4b" outcome="Passed" testListId="8c84fa94-04c1-424b-9868-57a2d4851a1d" relativeResultsDirectory="e9160ce5-8faf-469e-8ab2-90cc011eddb0" />
    <UnitTestResult executionId="6d694291-e44f-4307-b4eb-2e5d10578769" testId="0f96cb6c-77fa-4c3f-87e8-62452d2d0ad3" testName="FormatToStringTest1000 (16416.109736457518,16416.11 zł)" computerName="DESKTOP-5URQ9PB" duration="00:00:00.0000391" startTime="2022-06-13T21:11:43.8552949+02:00" endTime="2022-06-13T21:11:43.8557451+02:00" testType="13cdc9d9-ddb5-4fa4-a97d-d965ccfc6d4b" outcome="Passed" testListId="8c84fa94-04c1-424b-9868-57a2d4851a1d" relativeResultsDirectory="6d694291-e44f-4307-b4eb-2e5d10578769" />
    <UnitTestResult executionId="571d4faa-4c8c-4f5a-905c-16c94963a1a9" testId="db0f914c-9719-4e22-b128-ad522dae8fa3" testName="FormatToStringTest1000 (11989.099505855282,11989.10 zł)" computerName="DESKTOP-5URQ9PB" duration="00:00:00.0000093" startTime="2022-06-13T21:11:43.9713726+02:00" endTime="2022-06-13T21:11:43.9714469+02:00" testType="13cdc9d9-ddb5-4fa4-a97d-d965ccfc6d4b" outcome="Passed" testListId="8c84fa94-04c1-424b-9868-57a2d4851a1d" relativeResultsDirectory="571d4faa-4c8c-4f5a-905c-16c94963a1a9" />
    <UnitTestResult executionId="749cbc8e-6e6d-4be9-a44c-c7b638dffb8b" testId="2d64a41c-c552-4505-9198-802e4c6edd2e" testName="FormatToStringTest1000 (68770.73008707525,68770.73 zł)" computerName="DESKTOP-5URQ9PB" duration="00:00:00.0000064" startTime="2022-06-13T21:11:43.7707482+02:00" endTime="2022-06-13T21:11:43.7708143+02:00" testType="13cdc9d9-ddb5-4fa4-a97d-d965ccfc6d4b" outcome="Passed" testListId="8c84fa94-04c1-424b-9868-57a2d4851a1d" relativeResultsDirectory="749cbc8e-6e6d-4be9-a44c-c7b638dffb8b" />
    <UnitTestResult executionId="694c92d7-7bd6-4885-a3e3-0906ff2ba547" testId="77686211-2216-4a7e-bef7-acf786c2148d" testName="FormatToStringTest1000 (28298.945361683585,28298.95 zł)" computerName="DESKTOP-5URQ9PB" duration="00:00:00.0000064" startTime="2022-06-13T21:11:43.8323526+02:00" endTime="2022-06-13T21:11:43.8324196+02:00" testType="13cdc9d9-ddb5-4fa4-a97d-d965ccfc6d4b" outcome="Passed" testListId="8c84fa94-04c1-424b-9868-57a2d4851a1d" relativeResultsDirectory="694c92d7-7bd6-4885-a3e3-0906ff2ba547" />
    <UnitTestResult executionId="013bbac5-0590-4ada-b9c7-56e460f2fb4e" testId="8fdb415d-38d5-41d2-bb70-dd12528cd319" testName="FormatToStringTest1000 (88584.97010041306,88584.97 zł)" computerName="DESKTOP-5URQ9PB" duration="00:00:00.0000123" startTime="2022-06-13T21:11:43.7968449+02:00" endTime="2022-06-13T21:11:43.7969295+02:00" testType="13cdc9d9-ddb5-4fa4-a97d-d965ccfc6d4b" outcome="Passed" testListId="8c84fa94-04c1-424b-9868-57a2d4851a1d" relativeResultsDirectory="013bbac5-0590-4ada-b9c7-56e460f2fb4e" />
    <UnitTestResult executionId="5bdecc31-5b55-4c70-b640-5e830733588b" testId="862f48ea-07dc-4a16-b832-18a98cdbb8ad" testName="FormatToStringTest1000 (22197.731451777618,22197.73 zł)" computerName="DESKTOP-5URQ9PB" duration="00:00:00.0000065" startTime="2022-06-13T21:11:43.8291565+02:00" endTime="2022-06-13T21:11:43.8292244+02:00" testType="13cdc9d9-ddb5-4fa4-a97d-d965ccfc6d4b" outcome="Passed" testListId="8c84fa94-04c1-424b-9868-57a2d4851a1d" relativeResultsDirectory="5bdecc31-5b55-4c70-b640-5e830733588b" />
    <UnitTestResult executionId="a1f5c120-6e0f-494d-8d01-1bbf0ed808cc" testId="ce43e5a4-6536-4e8a-b335-c60024dbf397" testName="FormatToStringTest1000 (20527.270339210645,20527.27 zł)" computerName="DESKTOP-5URQ9PB" duration="00:00:00.0000063" startTime="2022-06-13T21:11:43.9589701+02:00" endTime="2022-06-13T21:11:43.9590362+02:00" testType="13cdc9d9-ddb5-4fa4-a97d-d965ccfc6d4b" outcome="Passed" testListId="8c84fa94-04c1-424b-9868-57a2d4851a1d" relativeResultsDirectory="a1f5c120-6e0f-494d-8d01-1bbf0ed808cc" />
    <UnitTestResult executionId="b4e4c80e-0fe0-48be-a4b4-4c322c4ed305" testId="161c460c-53a2-475e-91af-d771dc6cd6a7" testName="FormatToStringTest1000 (29917.15005391145,29917.15 zł)" computerName="DESKTOP-5URQ9PB" duration="00:00:00.0000065" startTime="2022-06-13T21:11:43.9023088+02:00" endTime="2022-06-13T21:11:43.9023833+02:00" testType="13cdc9d9-ddb5-4fa4-a97d-d965ccfc6d4b" outcome="Passed" testListId="8c84fa94-04c1-424b-9868-57a2d4851a1d" relativeResultsDirectory="b4e4c80e-0fe0-48be-a4b4-4c322c4ed305" />
    <UnitTestResult executionId="21eb615b-72c9-440f-a6d6-b2468009796d" testId="0294b9be-e78e-4c4f-85c0-d8770dca0b16" testName="FormatToStringTest1000 (9754.291367935619,9754.29 zł)" computerName="DESKTOP-5URQ9PB" duration="00:00:00.0000067" startTime="2022-06-13T21:11:43.9758875+02:00" endTime="2022-06-13T21:11:43.9759682+02:00" testType="13cdc9d9-ddb5-4fa4-a97d-d965ccfc6d4b" outcome="Passed" testListId="8c84fa94-04c1-424b-9868-57a2d4851a1d" relativeResultsDirectory="21eb615b-72c9-440f-a6d6-b2468009796d" />
    <UnitTestResult executionId="becfc9db-b3d7-473b-b61b-f87b0c9a80ff" testId="2b0a7e2c-1104-4742-9ec3-1e2bf52b9dd9" testName="FormatToStringTest1000 (45603.90324273142,45603.90 zł)" computerName="DESKTOP-5URQ9PB" duration="00:00:00.0000065" startTime="2022-06-13T21:11:43.6485389+02:00" endTime="2022-06-13T21:11:43.6486058+02:00" testType="13cdc9d9-ddb5-4fa4-a97d-d965ccfc6d4b" outcome="Passed" testListId="8c84fa94-04c1-424b-9868-57a2d4851a1d" relativeResultsDirectory="becfc9db-b3d7-473b-b61b-f87b0c9a80ff" />
    <UnitTestResult executionId="4092878d-7220-4023-9d91-92061c811869" testId="21ecd842-a7eb-4bea-8949-0563dc5200b7" testName="FormatToStringTest1000 (5957.42161879941,5957.42 zł)" computerName="DESKTOP-5URQ9PB" duration="00:00:00.0000124" startTime="2022-06-13T21:11:43.8938484+02:00" endTime="2022-06-13T21:11:43.8939245+02:00" testType="13cdc9d9-ddb5-4fa4-a97d-d965ccfc6d4b" outcome="Passed" testListId="8c84fa94-04c1-424b-9868-57a2d4851a1d" relativeResultsDirectory="4092878d-7220-4023-9d91-92061c811869" />
    <UnitTestResult executionId="1150c762-17e1-416b-a71a-44919cb0f26a" testId="acab0aa1-dc14-497e-9c57-3ad393974ffc" testName="FormatToStringTest1000 (1687.5965557361937,1687.60 zł)" computerName="DESKTOP-5URQ9PB" duration="00:00:00.0000075" startTime="2022-06-13T21:11:43.8227961+02:00" endTime="2022-06-13T21:11:43.8228819+02:00" testType="13cdc9d9-ddb5-4fa4-a97d-d965ccfc6d4b" outcome="Passed" testListId="8c84fa94-04c1-424b-9868-57a2d4851a1d" relativeResultsDirectory="1150c762-17e1-416b-a71a-44919cb0f26a" />
    <UnitTestResult executionId="a0dfcfa8-89d6-4eca-a4e8-87923da7d2bd" testId="c524d6fd-8cf7-4dbb-bceb-e86b3e90756f" testName="FormatToStringTest1000 (13508.811787825922,13508.81 zł)" computerName="DESKTOP-5URQ9PB" duration="00:00:00.0000064" startTime="2022-06-13T21:11:43.9372944+02:00" endTime="2022-06-13T21:11:43.9373595+02:00" testType="13cdc9d9-ddb5-4fa4-a97d-d965ccfc6d4b" outcome="Passed" testListId="8c84fa94-04c1-424b-9868-57a2d4851a1d" relativeResultsDirectory="a0dfcfa8-89d6-4eca-a4e8-87923da7d2bd" />
    <UnitTestResult executionId="dc8013c1-043d-4829-8e7f-7bbef2779983" testId="0c661377-bc4a-459b-b814-4ebab6989505" testName="FormatToStringTest1000 (70581.91150977784,70581.91 zł)" computerName="DESKTOP-5URQ9PB" duration="00:00:00.0000372" startTime="2022-06-13T21:11:43.8650253+02:00" endTime="2022-06-13T21:11:43.8653101+02:00" testType="13cdc9d9-ddb5-4fa4-a97d-d965ccfc6d4b" outcome="Passed" testListId="8c84fa94-04c1-424b-9868-57a2d4851a1d" relativeResultsDirectory="dc8013c1-043d-4829-8e7f-7bbef2779983" />
    <UnitTestResult executionId="14ffdae4-698c-4b4d-8f70-1ce2908ed134" testId="2e73cec0-bb6f-4fa4-9b3c-d767714396be" testName="FormatToStringTest1000 (7621.507806692509,7621.51 zł)" computerName="DESKTOP-5URQ9PB" duration="00:00:00.0000065" startTime="2022-06-13T21:11:43.8030375+02:00" endTime="2022-06-13T21:11:43.8031043+02:00" testType="13cdc9d9-ddb5-4fa4-a97d-d965ccfc6d4b" outcome="Passed" testListId="8c84fa94-04c1-424b-9868-57a2d4851a1d" relativeResultsDirectory="14ffdae4-698c-4b4d-8f70-1ce2908ed134" />
    <UnitTestResult executionId="a8b2ca1f-1f22-4cde-85c9-cc987de5c049" testId="efa173e5-12fa-4e1e-8710-f9dbe936de70" testName="FormatToStringTest1000 (40035.54711080787,40035.55 zł)" computerName="DESKTOP-5URQ9PB" duration="00:00:00.0000065" startTime="2022-06-13T21:11:43.7342054+02:00" endTime="2022-06-13T21:11:43.7342724+02:00" testType="13cdc9d9-ddb5-4fa4-a97d-d965ccfc6d4b" outcome="Passed" testListId="8c84fa94-04c1-424b-9868-57a2d4851a1d" relativeResultsDirectory="a8b2ca1f-1f22-4cde-85c9-cc987de5c049" />
    <UnitTestResult executionId="afe337b9-18f7-45e3-926c-3916b6fc1ace" testId="9914c9c8-0667-4565-9b49-09a983963c0f" testName="FormatToStringTest1000 (7050.437505805137,7050.44 zł)" computerName="DESKTOP-5URQ9PB" duration="00:00:00.0000062" startTime="2022-06-13T21:11:43.7035359+02:00" endTime="2022-06-13T21:11:43.7036023+02:00" testType="13cdc9d9-ddb5-4fa4-a97d-d965ccfc6d4b" outcome="Passed" testListId="8c84fa94-04c1-424b-9868-57a2d4851a1d" relativeResultsDirectory="afe337b9-18f7-45e3-926c-3916b6fc1ace" />
    <UnitTestResult executionId="34bc6995-b873-4661-b331-406dcff9915f" testId="5f3612cd-933e-46fc-908c-b5895fc3603d" testName="FormatToStringTest1000 (60701.5177499319,60701.52 zł)" computerName="DESKTOP-5URQ9PB" duration="00:00:00.0000088" startTime="2022-06-13T21:11:43.8918545+02:00" endTime="2022-06-13T21:11:43.8919328+02:00" testType="13cdc9d9-ddb5-4fa4-a97d-d965ccfc6d4b" outcome="Passed" testListId="8c84fa94-04c1-424b-9868-57a2d4851a1d" relativeResultsDirectory="34bc6995-b873-4661-b331-406dcff9915f" />
    <UnitTestResult executionId="047b21f7-2476-4430-ac6f-4cc642e314d8" testId="9aada515-1020-4199-8b6a-2294db050e28" testName="FormatToStringTest1000 (2423.6182769712145,2423.62 zł)" computerName="DESKTOP-5URQ9PB" duration="00:00:00.0000083" startTime="2022-06-13T21:11:43.8813173+02:00" endTime="2022-06-13T21:11:43.8814135+02:00" testType="13cdc9d9-ddb5-4fa4-a97d-d965ccfc6d4b" outcome="Passed" testListId="8c84fa94-04c1-424b-9868-57a2d4851a1d" relativeResultsDirectory="047b21f7-2476-4430-ac6f-4cc642e314d8" />
    <UnitTestResult executionId="ce06ab6c-7133-4728-a585-12a27a07f7ae" testId="4e66a25b-4201-4250-aca7-d8cefa23bf2d" testName="FormatToStringTest1000 (56286.70397975702,56286.70 zł)" computerName="DESKTOP-5URQ9PB" duration="00:00:00.0000076" startTime="2022-06-13T21:11:43.8999718+02:00" endTime="2022-06-13T21:11:43.9000571+02:00" testType="13cdc9d9-ddb5-4fa4-a97d-d965ccfc6d4b" outcome="Passed" testListId="8c84fa94-04c1-424b-9868-57a2d4851a1d" relativeResultsDirectory="ce06ab6c-7133-4728-a585-12a27a07f7ae" />
    <UnitTestResult executionId="ce37d5e3-ce60-4f54-8480-c86168c900e8" testId="a4666c97-adfa-473e-adaf-90973dcb8546" testName="FormatToStringTest1000 (20441.330495004695,20441.33 zł)" computerName="DESKTOP-5URQ9PB" duration="00:00:00.0000063" startTime="2022-06-13T21:11:43.6971963+02:00" endTime="2022-06-13T21:11:43.6972627+02:00" testType="13cdc9d9-ddb5-4fa4-a97d-d965ccfc6d4b" outcome="Passed" testListId="8c84fa94-04c1-424b-9868-57a2d4851a1d" relativeResultsDirectory="ce37d5e3-ce60-4f54-8480-c86168c900e8" />
    <UnitTestResult executionId="096b8ccb-8fb2-424b-82d8-1848ff6152a1" testId="5923c4c1-f8e4-47f7-bb0e-37d5c801803d" testName="FormatToStringTest1000 (5396.620088554277,5396.62 zł)" computerName="DESKTOP-5URQ9PB" duration="00:00:00.0000063" startTime="2022-06-13T21:11:43.6487082+02:00" endTime="2022-06-13T21:11:43.6487750+02:00" testType="13cdc9d9-ddb5-4fa4-a97d-d965ccfc6d4b" outcome="Passed" testListId="8c84fa94-04c1-424b-9868-57a2d4851a1d" relativeResultsDirectory="096b8ccb-8fb2-424b-82d8-1848ff6152a1" />
    <UnitTestResult executionId="efb8997e-2b7a-4fb6-8d17-7e4103b8dcbf" testId="ef99bb5e-0786-4c02-a915-0175fab305a6" testName="FormatToStringTest1000 (3131.5022711732904,3131.50 zł)" computerName="DESKTOP-5URQ9PB" duration="00:00:00.0000065" startTime="2022-06-13T21:11:43.8093582+02:00" endTime="2022-06-13T21:11:43.8094254+02:00" testType="13cdc9d9-ddb5-4fa4-a97d-d965ccfc6d4b" outcome="Passed" testListId="8c84fa94-04c1-424b-9868-57a2d4851a1d" relativeResultsDirectory="efb8997e-2b7a-4fb6-8d17-7e4103b8dcbf" />
    <UnitTestResult executionId="d5476d2c-2c83-40d2-b139-b5928c81ff30" testId="ebd6068b-53a3-49c1-96c4-d25225f8f155" testName="FormatToStringTest1000 (45445.182098106096,45445.18 zł)" computerName="DESKTOP-5URQ9PB" duration="00:00:00.0000065" startTime="2022-06-13T21:11:43.7641282+02:00" endTime="2022-06-13T21:11:43.7641955+02:00" testType="13cdc9d9-ddb5-4fa4-a97d-d965ccfc6d4b" outcome="Passed" testListId="8c84fa94-04c1-424b-9868-57a2d4851a1d" relativeResultsDirectory="d5476d2c-2c83-40d2-b139-b5928c81ff30" />
    <UnitTestResult executionId="c1f43c04-0d55-4d03-b89e-1138e840a990" testId="0791218d-c768-4c9c-9d61-3aebb7f8f4e2" testName="FormatToStringTest1000 (626.135364110179,626.14 zł)" computerName="DESKTOP-5URQ9PB" duration="00:00:00.0000071" startTime="2022-06-13T21:11:43.7211545+02:00" endTime="2022-06-13T21:11:43.7212197+02:00" testType="13cdc9d9-ddb5-4fa4-a97d-d965ccfc6d4b" outcome="Passed" testListId="8c84fa94-04c1-424b-9868-57a2d4851a1d" relativeResultsDirectory="c1f43c04-0d55-4d03-b89e-1138e840a990" />
    <UnitTestResult executionId="8ae3b889-301a-4558-98a4-46758e5de0b5" testId="9f35efb3-8419-4abb-a396-eb4ebcde4014" testName="FormatToStringTest1000 (52858.048916166204,52858.05 zł)" computerName="DESKTOP-5URQ9PB" duration="00:00:00.0000068" startTime="2022-06-13T21:11:43.6803633+02:00" endTime="2022-06-13T21:11:43.6804403+02:00" testType="13cdc9d9-ddb5-4fa4-a97d-d965ccfc6d4b" outcome="Passed" testListId="8c84fa94-04c1-424b-9868-57a2d4851a1d" relativeResultsDirectory="8ae3b889-301a-4558-98a4-46758e5de0b5" />
    <UnitTestResult executionId="d66f8bf7-0bdc-48cf-bd9c-8f084f651fb1" testId="8b8e404f-cd90-40f9-863f-1ac1e0ebe394" testName="FormatToStringTest1000 (19463.08761954917,19463.09 zł)" computerName="DESKTOP-5URQ9PB" duration="00:00:00.0000066" startTime="2022-06-13T21:11:43.8424929+02:00" endTime="2022-06-13T21:11:43.8425779+02:00" testType="13cdc9d9-ddb5-4fa4-a97d-d965ccfc6d4b" outcome="Passed" testListId="8c84fa94-04c1-424b-9868-57a2d4851a1d" relativeResultsDirectory="d66f8bf7-0bdc-48cf-bd9c-8f084f651fb1" />
    <UnitTestResult executionId="12a7442a-ca13-4188-a460-df55e6ab2332" testId="fc80b735-4e89-4028-ba2a-5c3cfef0a727" testName="FormatToStringTest1000 (12125.090155628086,12125.09 zł)" computerName="DESKTOP-5URQ9PB" duration="00:00:00.0000072" startTime="2022-06-13T21:11:43.7606767+02:00" endTime="2022-06-13T21:11:43.7607570+02:00" testType="13cdc9d9-ddb5-4fa4-a97d-d965ccfc6d4b" outcome="Passed" testListId="8c84fa94-04c1-424b-9868-57a2d4851a1d" relativeResultsDirectory="12a7442a-ca13-4188-a460-df55e6ab2332" />
    <UnitTestResult executionId="e8560e72-0be7-4ba2-8f0d-facd3d9818c5" testId="aed96489-1994-4f89-a6f4-99bde1025a72" testName="FormatToStringTest1000 (9750.134289915735,9750.13 zł)" computerName="DESKTOP-5URQ9PB" duration="00:00:00.0000062" startTime="2022-06-13T21:11:43.9081432+02:00" endTime="2022-06-13T21:11:43.9082076+02:00" testType="13cdc9d9-ddb5-4fa4-a97d-d965ccfc6d4b" outcome="Passed" testListId="8c84fa94-04c1-424b-9868-57a2d4851a1d" relativeResultsDirectory="e8560e72-0be7-4ba2-8f0d-facd3d9818c5" />
    <UnitTestResult executionId="ecd26624-810f-4ca1-89fb-ad9f1cc7c7be" testId="98dd6230-2eac-409f-b8d1-bbcb67b596a6" testName="FormatToStringTest1000 (41008.28505327194,41008.29 zł)" computerName="DESKTOP-5URQ9PB" duration="00:00:00.0000065" startTime="2022-06-13T21:11:43.9162734+02:00" endTime="2022-06-13T21:11:43.9163379+02:00" testType="13cdc9d9-ddb5-4fa4-a97d-d965ccfc6d4b" outcome="Passed" testListId="8c84fa94-04c1-424b-9868-57a2d4851a1d" relativeResultsDirectory="ecd26624-810f-4ca1-89fb-ad9f1cc7c7be" />
    <UnitTestResult executionId="3970ccd4-b021-4a6d-b8c5-9a22cf90022f" testId="78e7e3f2-ec38-4224-8877-f7016d0f5700" testName="FormatToStringTest1000 (75987.03378503352,75987.03 zł)" computerName="DESKTOP-5URQ9PB" duration="00:00:00.0000063" startTime="2022-06-13T21:11:43.9141916+02:00" endTime="2022-06-13T21:11:43.9142559+02:00" testType="13cdc9d9-ddb5-4fa4-a97d-d965ccfc6d4b" outcome="Passed" testListId="8c84fa94-04c1-424b-9868-57a2d4851a1d" relativeResultsDirectory="3970ccd4-b021-4a6d-b8c5-9a22cf90022f" />
    <UnitTestResult executionId="48b5ce67-9979-4182-92a1-48fdd875ba9c" testId="358e42df-884f-4e6d-b090-39f77d3417b9" testName="FormatToStringTest1000 (918.1842976688334,918.18 zł)" computerName="DESKTOP-5URQ9PB" duration="00:00:00.0000064" startTime="2022-06-13T21:11:43.6674215+02:00" endTime="2022-06-13T21:11:43.6674885+02:00" testType="13cdc9d9-ddb5-4fa4-a97d-d965ccfc6d4b" outcome="Passed" testListId="8c84fa94-04c1-424b-9868-57a2d4851a1d" relativeResultsDirectory="48b5ce67-9979-4182-92a1-48fdd875ba9c" />
    <UnitTestResult executionId="106cbd37-ba06-4b70-a52b-f146aafcc4dc" testId="5fe0d2d7-c6b7-4b6f-90d6-f56d0ceeefaf" testName="FormatToStringTest1000 (28987.862854782896,28987.86 zł)" computerName="DESKTOP-5URQ9PB" duration="00:00:00.0000063" startTime="2022-06-13T21:11:43.9254277+02:00" endTime="2022-06-13T21:11:43.9254924+02:00" testType="13cdc9d9-ddb5-4fa4-a97d-d965ccfc6d4b" outcome="Passed" testListId="8c84fa94-04c1-424b-9868-57a2d4851a1d" relativeResultsDirectory="106cbd37-ba06-4b70-a52b-f146aafcc4dc" />
    <UnitTestResult executionId="cb9d38af-7c6f-4d22-b986-b3b605e901c2" testId="24612c10-8ee2-4c12-8409-46b8bf574ffb" testName="FormatToStringTest1000 (5108.217389855635,5108.22 zł)" computerName="DESKTOP-5URQ9PB" duration="00:00:00.0000064" startTime="2022-06-13T21:11:43.7739501+02:00" endTime="2022-06-13T21:11:43.7740191+02:00" testType="13cdc9d9-ddb5-4fa4-a97d-d965ccfc6d4b" outcome="Passed" testListId="8c84fa94-04c1-424b-9868-57a2d4851a1d" relativeResultsDirectory="cb9d38af-7c6f-4d22-b986-b3b605e901c2" />
    <UnitTestResult executionId="e438ec25-6ba4-4084-9740-2a7a284410ca" testId="b95cee0a-082d-458a-9ac3-d27a0638bb0a" testName="FormatToStringTest1000 (21961.272673999552,21961.27 zł)" computerName="DESKTOP-5URQ9PB" duration="00:00:00.0000086" startTime="2022-06-13T21:11:43.6738335+02:00" endTime="2022-06-13T21:11:43.6739396+02:00" testType="13cdc9d9-ddb5-4fa4-a97d-d965ccfc6d4b" outcome="Passed" testListId="8c84fa94-04c1-424b-9868-57a2d4851a1d" relativeResultsDirectory="e438ec25-6ba4-4084-9740-2a7a284410ca" />
    <UnitTestResult executionId="d8e203d3-2776-48e3-b8dc-17602f4cee44" testId="3f7f1379-f24e-4431-b83b-e8edc3f4be3c" testName="FormatToStringTest1000 (6313.543884690639,6313.54 zł)" computerName="DESKTOP-5URQ9PB" duration="00:00:00.0000063" startTime="2022-06-13T21:11:43.8032056+02:00" endTime="2022-06-13T21:11:43.8032718+02:00" testType="13cdc9d9-ddb5-4fa4-a97d-d965ccfc6d4b" outcome="Passed" testListId="8c84fa94-04c1-424b-9868-57a2d4851a1d" relativeResultsDirectory="d8e203d3-2776-48e3-b8dc-17602f4cee44" />
    <UnitTestResult executionId="12af05ce-8655-4e3e-a774-f452432182a8" testId="627fe96c-a39d-4adc-bd07-831565130d04" testName="FormatToStringTest1000 (22666.13578912995,22666.14 zł)" computerName="DESKTOP-5URQ9PB" duration="00:00:00.0000123" startTime="2022-06-13T21:11:43.6525277+02:00" endTime="2022-06-13T21:11:43.6548693+02:00" testType="13cdc9d9-ddb5-4fa4-a97d-d965ccfc6d4b" outcome="Passed" testListId="8c84fa94-04c1-424b-9868-57a2d4851a1d" relativeResultsDirectory="12af05ce-8655-4e3e-a774-f452432182a8" />
    <UnitTestResult executionId="1c7927ac-c769-44b8-aa55-141c51045380" testId="9efbb303-09ac-45e5-82e7-51398175646c" testName="FormatToStringTest1000 (27893.312729890138,27893.31 zł)" computerName="DESKTOP-5URQ9PB" duration="00:00:00.0000062" startTime="2022-06-13T21:11:43.6642856+02:00" endTime="2022-06-13T21:11:43.6643520+02:00" testType="13cdc9d9-ddb5-4fa4-a97d-d965ccfc6d4b" outcome="Passed" testListId="8c84fa94-04c1-424b-9868-57a2d4851a1d" relativeResultsDirectory="1c7927ac-c769-44b8-aa55-141c51045380" />
    <UnitTestResult executionId="7815a3c9-ed5a-4344-a59e-8767c3cd2f73" testId="1a7eac3b-a837-41aa-8b70-7e9d5be2c4d5" testName="FormatToStringTest1000 (27164.0272410419,27164.03 zł)" computerName="DESKTOP-5URQ9PB" duration="00:00:00.0000067" startTime="2022-06-13T21:11:43.7607758+02:00" endTime="2022-06-13T21:11:43.7608418+02:00" testType="13cdc9d9-ddb5-4fa4-a97d-d965ccfc6d4b" outcome="Passed" testListId="8c84fa94-04c1-424b-9868-57a2d4851a1d" relativeResultsDirectory="7815a3c9-ed5a-4344-a59e-8767c3cd2f73" />
    <UnitTestResult executionId="7eec2f9f-370e-4359-8a03-95cea14d034a" testId="84c1ebae-1c60-44f2-87c7-76fc22f52360" testName="FormatToStringTest1000 (22367.991005544547,22367.99 zł)" computerName="DESKTOP-5URQ9PB" duration="00:00:00.0000065" startTime="2022-06-13T21:11:43.8874398+02:00" endTime="2022-06-13T21:11:43.8875059+02:00" testType="13cdc9d9-ddb5-4fa4-a97d-d965ccfc6d4b" outcome="Passed" testListId="8c84fa94-04c1-424b-9868-57a2d4851a1d" relativeResultsDirectory="7eec2f9f-370e-4359-8a03-95cea14d034a" />
    <UnitTestResult executionId="707b1c39-f14f-48ea-9843-32029ccb636e" testId="773e4711-e192-499b-a11d-27d89a53a2f9" testName="FormatToStringTest1000 (1181.5773122979222,1181.58 zł)" computerName="DESKTOP-5URQ9PB" duration="00:00:00.0000062" startTime="2022-06-13T21:11:43.8096125+02:00" endTime="2022-06-13T21:11:43.8096799+02:00" testType="13cdc9d9-ddb5-4fa4-a97d-d965ccfc6d4b" outcome="Passed" testListId="8c84fa94-04c1-424b-9868-57a2d4851a1d" relativeResultsDirectory="707b1c39-f14f-48ea-9843-32029ccb636e" />
    <UnitTestResult executionId="7d33da9a-906d-406a-8f3f-623e465157c5" testId="e526e39a-5257-45f6-b557-363760b6609d" testName="FormatToStringTest1000 (2409.393997763001,2409.39 zł)" computerName="DESKTOP-5URQ9PB" duration="00:00:00.0000073" startTime="2022-06-13T21:11:43.6968546+02:00" endTime="2022-06-13T21:11:43.6969267+02:00" testType="13cdc9d9-ddb5-4fa4-a97d-d965ccfc6d4b" outcome="Passed" testListId="8c84fa94-04c1-424b-9868-57a2d4851a1d" relativeResultsDirectory="7d33da9a-906d-406a-8f3f-623e465157c5" />
    <UnitTestResult executionId="5e4c3388-1f05-4097-941d-55c3e94c1571" testId="42ef7df1-4778-45eb-b031-7c87744d1ca0" testName="FormatToStringTest1000 (47025.6224095177,47025.62 zł)" computerName="DESKTOP-5URQ9PB" duration="00:00:00.0000064" startTime="2022-06-13T21:11:43.7376850+02:00" endTime="2022-06-13T21:11:43.7377492+02:00" testType="13cdc9d9-ddb5-4fa4-a97d-d965ccfc6d4b" outcome="Passed" testListId="8c84fa94-04c1-424b-9868-57a2d4851a1d" relativeResultsDirectory="5e4c3388-1f05-4097-941d-55c3e94c1571" />
    <UnitTestResult executionId="c2026a7a-4587-41dd-a637-5c97054e42b3" testId="e062b24d-1585-4d85-97ad-e1dc5b0b922f" testName="FormatToStringTest1000 (17315.72309779363,17315.72 zł)" computerName="DESKTOP-5URQ9PB" duration="00:00:00.0000064" startTime="2022-06-13T21:11:43.7704152+02:00" endTime="2022-06-13T21:11:43.7704815+02:00" testType="13cdc9d9-ddb5-4fa4-a97d-d965ccfc6d4b" outcome="Passed" testListId="8c84fa94-04c1-424b-9868-57a2d4851a1d" relativeResultsDirectory="c2026a7a-4587-41dd-a637-5c97054e42b3" />
    <UnitTestResult executionId="60d297a4-d9d5-4997-bd09-6063db7d4838" testId="7bfb3100-0ea0-4132-9505-5b6eed16225e" testName="FormatToStringTest1000 (13375.96341587415,13375.96 zł)" computerName="DESKTOP-5URQ9PB" duration="00:00:00.0000062" startTime="2022-06-13T21:11:43.9204330+02:00" endTime="2022-06-13T21:11:43.9204965+02:00" testType="13cdc9d9-ddb5-4fa4-a97d-d965ccfc6d4b" outcome="Passed" testListId="8c84fa94-04c1-424b-9868-57a2d4851a1d" relativeResultsDirectory="60d297a4-d9d5-4997-bd09-6063db7d4838" />
    <UnitTestResult executionId="6d639adf-8bc6-4b3c-bbbc-eab66a02399d" testId="899e1731-2e41-40b6-8b25-effdaa8c7906" testName="FormatToStringTest1000 (7119.076353227755,7119.08 zł)" computerName="DESKTOP-5URQ9PB" duration="00:00:00.0000098" startTime="2022-06-13T21:11:43.8743396+02:00" endTime="2022-06-13T21:11:43.8744536+02:00" testType="13cdc9d9-ddb5-4fa4-a97d-d965ccfc6d4b" outcome="Passed" testListId="8c84fa94-04c1-424b-9868-57a2d4851a1d" relativeResultsDirectory="6d639adf-8bc6-4b3c-bbbc-eab66a02399d" />
    <UnitTestResult executionId="520f5d0c-b21e-4817-9a25-721ddba1bd0d" testId="083de6dc-c764-49d2-bf3c-955bd9cd3292" testName="FormatToStringTest1000 (31805.23430354532,31805.23 zł)" computerName="DESKTOP-5URQ9PB" duration="00:00:00.0000063" startTime="2022-06-13T21:11:43.9104782+02:00" endTime="2022-06-13T21:11:43.9105421+02:00" testType="13cdc9d9-ddb5-4fa4-a97d-d965ccfc6d4b" outcome="Passed" testListId="8c84fa94-04c1-424b-9868-57a2d4851a1d" relativeResultsDirectory="520f5d0c-b21e-4817-9a25-721ddba1bd0d" />
    <UnitTestResult executionId="76d7da62-ee39-4405-b084-cb20a4c77cc9" testId="4d3359c2-f5d0-476d-b47e-a627b1da002a" testName="FormatToStringTest1000 (36211.11038300866,36211.11 zł)" computerName="DESKTOP-5URQ9PB" duration="00:00:00.0000062" startTime="2022-06-13T21:11:43.9181914+02:00" endTime="2022-06-13T21:11:43.9182560+02:00" testType="13cdc9d9-ddb5-4fa4-a97d-d965ccfc6d4b" outcome="Passed" testListId="8c84fa94-04c1-424b-9868-57a2d4851a1d" relativeResultsDirectory="76d7da62-ee39-4405-b084-cb20a4c77cc9" />
    <UnitTestResult executionId="7a4d0950-f5f2-47fc-a27d-9ef28e1d3fed" testId="90c92bd7-52e9-4c08-b4e7-e6745ff2b183" testName="FormatToStringTest1000 (13206.129467931636,13206.13 zł)" computerName="DESKTOP-5URQ9PB" duration="00:00:00.0000064" startTime="2022-06-13T21:11:43.8871031+02:00" endTime="2022-06-13T21:11:43.8871707+02:00" testType="13cdc9d9-ddb5-4fa4-a97d-d965ccfc6d4b" outcome="Passed" testListId="8c84fa94-04c1-424b-9868-57a2d4851a1d" relativeResultsDirectory="7a4d0950-f5f2-47fc-a27d-9ef28e1d3fed" />
    <UnitTestResult executionId="4ad45a91-b4da-40d1-85df-648c2591e2e5" testId="21f69148-435b-4e96-87e6-8bf2ecfd9745" testName="FormatToStringTest1000 (37889.10086727193,37889.10 zł)" computerName="DESKTOP-5URQ9PB" duration="00:00:00.0000064" startTime="2022-06-13T21:11:43.6843631+02:00" endTime="2022-06-13T21:11:43.6844353+02:00" testType="13cdc9d9-ddb5-4fa4-a97d-d965ccfc6d4b" outcome="Passed" testListId="8c84fa94-04c1-424b-9868-57a2d4851a1d" relativeResultsDirectory="4ad45a91-b4da-40d1-85df-648c2591e2e5" />
    <UnitTestResult executionId="a4dc63ae-5aff-476c-b988-c323482fe114" testId="55de445a-c186-42c3-8e28-8f1713259975" testName="FormatToStringTest1000 (12831.146874380833,12831.15 zł)" computerName="DESKTOP-5URQ9PB" duration="00:00:00.0000063" startTime="2022-06-13T21:11:43.8031216+02:00" endTime="2022-06-13T21:11:43.8031885+02:00" testType="13cdc9d9-ddb5-4fa4-a97d-d965ccfc6d4b" outcome="Passed" testListId="8c84fa94-04c1-424b-9868-57a2d4851a1d" relativeResultsDirectory="a4dc63ae-5aff-476c-b988-c323482fe114" />
    <UnitTestResult executionId="b9cfca85-15ba-4769-961d-5f9a9155dccc" testId="25d7ed3d-8494-4168-8604-d99d87c2177c" testName="FormatToStringTest1000 (15414.175096961751,15414.18 zł)" computerName="DESKTOP-5URQ9PB" duration="00:00:00.0000066" startTime="2022-06-13T21:11:43.6837073+02:00" endTime="2022-06-13T21:11:43.6837849+02:00" testType="13cdc9d9-ddb5-4fa4-a97d-d965ccfc6d4b" outcome="Passed" testListId="8c84fa94-04c1-424b-9868-57a2d4851a1d" relativeResultsDirectory="b9cfca85-15ba-4769-961d-5f9a9155dccc" />
    <UnitTestResult executionId="c341d56c-6530-4651-8573-3a09cffd6569" testId="6a026d1b-7154-4329-8ba9-dba2fa2ac857" testName="FormatToStringTest1000 (5749.124990274722,5749.12 zł)" computerName="DESKTOP-5URQ9PB" duration="00:00:00.0000063" startTime="2022-06-13T21:11:43.9257537+02:00" endTime="2022-06-13T21:11:43.9258174+02:00" testType="13cdc9d9-ddb5-4fa4-a97d-d965ccfc6d4b" outcome="Passed" testListId="8c84fa94-04c1-424b-9868-57a2d4851a1d" relativeResultsDirectory="c341d56c-6530-4651-8573-3a09cffd6569" />
    <UnitTestResult executionId="ed3a4fef-95e2-4e75-b1b3-49d602af0914" testId="327fd74b-ca8a-4cac-9363-c43357cf7e3e" testName="FormatToStringTest1000 (8901.937138443784,8901.94 zł)" computerName="DESKTOP-5URQ9PB" duration="00:00:00.0000065" startTime="2022-06-13T21:11:43.8390475+02:00" endTime="2022-06-13T21:11:43.8391148+02:00" testType="13cdc9d9-ddb5-4fa4-a97d-d965ccfc6d4b" outcome="Passed" testListId="8c84fa94-04c1-424b-9868-57a2d4851a1d" relativeResultsDirectory="ed3a4fef-95e2-4e75-b1b3-49d602af0914" />
    <UnitTestResult executionId="162b9ce4-2f0e-43e4-8618-36a2c8d1f443" testId="8a35136e-ce15-4215-9fe3-f73c66336a1f" testName="FormatToStringTest1000 (78796.90433980194,78796.90 zł)" computerName="DESKTOP-5URQ9PB" duration="00:00:00.0000063" startTime="2022-06-13T21:11:43.7117354+02:00" endTime="2022-06-13T21:11:43.7118019+02:00" testType="13cdc9d9-ddb5-4fa4-a97d-d965ccfc6d4b" outcome="Passed" testListId="8c84fa94-04c1-424b-9868-57a2d4851a1d" relativeResultsDirectory="162b9ce4-2f0e-43e4-8618-36a2c8d1f443" />
    <UnitTestResult executionId="b3bd530d-ec08-4c78-835f-0f7f6b95a280" testId="cdead898-dc2a-4f43-b7eb-6a7f754a4372" testName="FormatToStringTest1000 (33601.357302459124,33601.36 zł)" computerName="DESKTOP-5URQ9PB" duration="00:00:00.0000065" startTime="2022-06-13T21:11:43.9572710+02:00" endTime="2022-06-13T21:11:43.9573354+02:00" testType="13cdc9d9-ddb5-4fa4-a97d-d965ccfc6d4b" outcome="Passed" testListId="8c84fa94-04c1-424b-9868-57a2d4851a1d" relativeResultsDirectory="b3bd530d-ec08-4c78-835f-0f7f6b95a280" />
    <UnitTestResult executionId="d03b4f54-e2c6-4797-b532-ebe4e9730fc8" testId="d169f56a-785f-4d6b-a947-882b46f17c32" testName="FormatToStringTest1000 (65204.90483536055,65204.90 zł)" computerName="DESKTOP-5URQ9PB" duration="00:00:00.0000099" startTime="2022-06-13T21:11:43.9567902+02:00" endTime="2022-06-13T21:11:43.9569023+02:00" testType="13cdc9d9-ddb5-4fa4-a97d-d965ccfc6d4b" outcome="Passed" testListId="8c84fa94-04c1-424b-9868-57a2d4851a1d" relativeResultsDirectory="d03b4f54-e2c6-4797-b532-ebe4e9730fc8" />
    <UnitTestResult executionId="2663d7d0-a7a0-49bf-8e7e-147dd6906556" testId="330071d9-daa8-4360-985d-82eed578eec7" testName="FormatToStringTest1000 (64490.52771614982,64490.53 zł)" computerName="DESKTOP-5URQ9PB" duration="00:00:00.0000063" startTime="2022-06-13T21:11:43.8002329+02:00" endTime="2022-06-13T21:11:43.8003003+02:00" testType="13cdc9d9-ddb5-4fa4-a97d-d965ccfc6d4b" outcome="Passed" testListId="8c84fa94-04c1-424b-9868-57a2d4851a1d" relativeResultsDirectory="2663d7d0-a7a0-49bf-8e7e-147dd6906556" />
    <UnitTestResult executionId="e70c778d-6a84-4d01-a05e-e2855b39aa9e" testId="9057a54b-43cc-4595-aa82-8c60c743934e" testName="FormatToStringTest1000 (5870.791169434223,5870.79 zł)" computerName="DESKTOP-5URQ9PB" duration="00:00:00.0000064" startTime="2022-06-13T21:11:43.7909784+02:00" endTime="2022-06-13T21:11:43.7910469+02:00" testType="13cdc9d9-ddb5-4fa4-a97d-d965ccfc6d4b" outcome="Passed" testListId="8c84fa94-04c1-424b-9868-57a2d4851a1d" relativeResultsDirectory="e70c778d-6a84-4d01-a05e-e2855b39aa9e" />
    <UnitTestResult executionId="3c9db34b-dba3-4580-9737-f9b01aefdb0c" testId="9b11f189-b687-4ff2-ba28-40f872bec260" testName="FormatToStringTest1000 (32262.93788198984,32262.94 zł)" computerName="DESKTOP-5URQ9PB" duration="00:00:00.0000251" startTime="2022-06-13T21:11:43.8662815+02:00" endTime="2022-06-13T21:11:43.8664494+02:00" testType="13cdc9d9-ddb5-4fa4-a97d-d965ccfc6d4b" outcome="Passed" testListId="8c84fa94-04c1-424b-9868-57a2d4851a1d" relativeResultsDirectory="3c9db34b-dba3-4580-9737-f9b01aefdb0c" />
    <UnitTestResult executionId="8709ecc6-075b-4916-aea0-3d64c56a1f94" testId="659d1eb5-cda6-467e-9761-69685bef9469" testName="FormatToStringTest1000 (37589.670531794276,37589.67 zł)" computerName="DESKTOP-5URQ9PB" duration="00:00:00.0000066" startTime="2022-06-13T21:11:43.6524382+02:00" endTime="2022-06-13T21:11:43.6525103+02:00" testType="13cdc9d9-ddb5-4fa4-a97d-d965ccfc6d4b" outcome="Passed" testListId="8c84fa94-04c1-424b-9868-57a2d4851a1d" relativeResultsDirectory="8709ecc6-075b-4916-aea0-3d64c56a1f94" />
    <UnitTestResult executionId="57660429-b5d7-4236-8c9f-1b89253a454d" testId="9ce7d188-0c27-41e6-b9c9-f4d54ce2912f" testName="FormatToStringTest1000 (56378.261944644735,56378.26 zł)" computerName="DESKTOP-5URQ9PB" duration="00:00:00.0000063" startTime="2022-06-13T21:11:43.7610609+02:00" endTime="2022-06-13T21:11:43.7611274+02:00" testType="13cdc9d9-ddb5-4fa4-a97d-d965ccfc6d4b" outcome="Passed" testListId="8c84fa94-04c1-424b-9868-57a2d4851a1d" relativeResultsDirectory="57660429-b5d7-4236-8c9f-1b89253a454d" />
    <UnitTestResult executionId="adeaf6a0-5e75-42d8-ad11-19717a9ebadd" testId="c6e6d0cb-2378-4737-bcd5-7b6583e25ebd" testName="FormatToStringTest1000 (2992.6161168593057,2992.62 zł)" computerName="DESKTOP-5URQ9PB" duration="00:00:00.0000069" startTime="2022-06-13T21:11:43.9294123+02:00" endTime="2022-06-13T21:11:43.9294768+02:00" testType="13cdc9d9-ddb5-4fa4-a97d-d965ccfc6d4b" outcome="Passed" testListId="8c84fa94-04c1-424b-9868-57a2d4851a1d" relativeResultsDirectory="adeaf6a0-5e75-42d8-ad11-19717a9ebadd" />
    <UnitTestResult executionId="59a1a95f-82aa-40c1-9c59-b382e57e2a24" testId="bf488f90-ec7d-4a38-a206-5d248141e7c6" testName="FormatToStringTest1000 (95071.15957335343,95071.16 zł)" computerName="DESKTOP-5URQ9PB" duration="00:00:00.0000072" startTime="2022-06-13T21:11:43.8935803+02:00" endTime="2022-06-13T21:11:43.8936606+02:00" testType="13cdc9d9-ddb5-4fa4-a97d-d965ccfc6d4b" outcome="Passed" testListId="8c84fa94-04c1-424b-9868-57a2d4851a1d" relativeResultsDirectory="59a1a95f-82aa-40c1-9c59-b382e57e2a24" />
    <UnitTestResult executionId="50bb9a97-c022-415e-898b-3b850d243a7a" testId="6d20b688-d774-4c80-9cef-00f037f597af" testName="FormatToStringTest1000 (47575.6421269959,47575.64 zł)" computerName="DESKTOP-5URQ9PB" duration="00:00:00.0000069" startTime="2022-06-13T21:11:43.8961444+02:00" endTime="2022-06-13T21:11:43.8962153+02:00" testType="13cdc9d9-ddb5-4fa4-a97d-d965ccfc6d4b" outcome="Passed" testListId="8c84fa94-04c1-424b-9868-57a2d4851a1d" relativeResultsDirectory="50bb9a97-c022-415e-898b-3b850d243a7a" />
    <UnitTestResult executionId="07851c21-8356-4391-b32f-850a7c34411d" testId="0a796ac2-b3fc-48e1-9a03-76277d252a32" testName="FormatToStringTest1000 (6102.4120417453405,6102.41 zł)" computerName="DESKTOP-5URQ9PB" duration="00:00:00.0000063" startTime="2022-06-13T21:11:43.9652263+02:00" endTime="2022-06-13T21:11:43.9652914+02:00" testType="13cdc9d9-ddb5-4fa4-a97d-d965ccfc6d4b" outcome="Passed" testListId="8c84fa94-04c1-424b-9868-57a2d4851a1d" relativeResultsDirectory="07851c21-8356-4391-b32f-850a7c34411d" />
    <UnitTestResult executionId="bc31d30d-8a9e-4e62-9bb1-049208632330" testId="136884b2-d797-45cb-9df9-d2129d52a4d2" testName="FormatToStringTest1000 (16637.074429372828,16637.07 zł)" computerName="DESKTOP-5URQ9PB" duration="00:00:00.0000063" startTime="2022-06-13T21:11:43.7372655+02:00" endTime="2022-06-13T21:11:43.7373324+02:00" testType="13cdc9d9-ddb5-4fa4-a97d-d965ccfc6d4b" outcome="Passed" testListId="8c84fa94-04c1-424b-9868-57a2d4851a1d" relativeResultsDirectory="bc31d30d-8a9e-4e62-9bb1-049208632330" />
    <UnitTestResult executionId="1ae6b2e4-b310-4309-ae3f-9d0db08ef7f6" testId="c9e906ad-1886-4dbd-a014-f3d53d0377d5" testName="FormatToStringTest1000 (13455.521105358153,13455.52 zł)" computerName="DESKTOP-5URQ9PB" duration="00:00:00.0000064" startTime="2022-06-13T21:11:43.9274451+02:00" endTime="2022-06-13T21:11:43.9275097+02:00" testType="13cdc9d9-ddb5-4fa4-a97d-d965ccfc6d4b" outcome="Passed" testListId="8c84fa94-04c1-424b-9868-57a2d4851a1d" relativeResultsDirectory="1ae6b2e4-b310-4309-ae3f-9d0db08ef7f6" />
    <UnitTestResult executionId="66287187-64ac-4c27-ba7c-36eacf83c8c6" testId="9cfa9fb8-2af6-4f02-a948-56b83c12dc88" testName="FormatToStringTest1000 (15742.409864349947,15742.41 zł)" computerName="DESKTOP-5URQ9PB" duration="00:00:00.0000335" startTime="2022-06-13T21:11:43.8693160+02:00" endTime="2022-06-13T21:11:43.8695583+02:00" testType="13cdc9d9-ddb5-4fa4-a97d-d965ccfc6d4b" outcome="Passed" testListId="8c84fa94-04c1-424b-9868-57a2d4851a1d" relativeResultsDirectory="66287187-64ac-4c27-ba7c-36eacf83c8c6" />
    <UnitTestResult executionId="71ba1238-81d9-4009-9481-117f8a94e8fc" testId="32fa5f45-b4a7-4be9-8cb9-cf7eddcb11a4" testName="FormatToStringTest1000 (20244.692955315437,20244.69 zł)" computerName="DESKTOP-5URQ9PB" duration="00:00:00.0000064" startTime="2022-06-13T21:11:43.6675902+02:00" endTime="2022-06-13T21:11:43.6676562+02:00" testType="13cdc9d9-ddb5-4fa4-a97d-d965ccfc6d4b" outcome="Passed" testListId="8c84fa94-04c1-424b-9868-57a2d4851a1d" relativeResultsDirectory="71ba1238-81d9-4009-9481-117f8a94e8fc" />
    <UnitTestResult executionId="a49a02b3-86c6-4c01-a9d0-4c3dca63b7ed" testId="90ec30a4-2174-4b81-af83-ac8c1045d515" testName="FormatToStringTest1000 (657.5396922647672,657.54 zł)" computerName="DESKTOP-5URQ9PB" duration="00:00:00.0000064" startTime="2022-06-13T21:11:43.7801542+02:00" endTime="2022-06-13T21:11:43.7802210+02:00" testType="13cdc9d9-ddb5-4fa4-a97d-d965ccfc6d4b" outcome="Passed" testListId="8c84fa94-04c1-424b-9868-57a2d4851a1d" relativeResultsDirectory="a49a02b3-86c6-4c01-a9d0-4c3dca63b7ed" />
    <UnitTestResult executionId="7026cc3f-056b-4f67-8bed-60ee0dabde3c" testId="221358e0-3adc-42bb-ac91-67c55b5353d5" testName="FormatToStringTest1000 (2166.4103293970275,2166.41 zł)" computerName="DESKTOP-5URQ9PB" duration="00:00:00.0000069" startTime="2022-06-13T21:11:43.8326035+02:00" endTime="2022-06-13T21:11:43.8326702+02:00" testType="13cdc9d9-ddb5-4fa4-a97d-d965ccfc6d4b" outcome="Passed" testListId="8c84fa94-04c1-424b-9868-57a2d4851a1d" relativeResultsDirectory="7026cc3f-056b-4f67-8bed-60ee0dabde3c" />
    <UnitTestResult executionId="12ed5601-80dc-43f4-911d-abdd9ee0fe56" testId="e6289798-3fab-4d94-9842-6d7bc6f9011b" testName="FormatToStringTest1000 (32732.81915128502,32732.82 zł)" computerName="DESKTOP-5URQ9PB" duration="00:00:00.0000063" startTime="2022-06-13T21:11:43.8295770+02:00" endTime="2022-06-13T21:11:43.8296432+02:00" testType="13cdc9d9-ddb5-4fa4-a97d-d965ccfc6d4b" outcome="Passed" testListId="8c84fa94-04c1-424b-9868-57a2d4851a1d" relativeResultsDirectory="12ed5601-80dc-43f4-911d-abdd9ee0fe56" />
    <UnitTestResult executionId="ab95d747-a8c2-4b20-b610-72b4cd37c056" testId="05850409-f9b8-43b2-b2ac-79da80ab4f51" testName="FormatToStringTest1000 (1208.1827589441941,1208.18 zł)" computerName="DESKTOP-5URQ9PB" duration="00:00:00.0000097" startTime="2022-06-13T21:11:43.6668636+02:00" endTime="2022-06-13T21:11:43.6669740+02:00" testType="13cdc9d9-ddb5-4fa4-a97d-d965ccfc6d4b" outcome="Passed" testListId="8c84fa94-04c1-424b-9868-57a2d4851a1d" relativeResultsDirectory="ab95d747-a8c2-4b20-b610-72b4cd37c056" />
    <UnitTestResult executionId="dbaee60f-441f-4d0c-b2e0-91bbce3929fa" testId="f5062a23-9578-493e-a499-75a8243fd6fb" testName="FormatToStringTest1000 (46790.41011887715,46790.41 zł)" computerName="DESKTOP-5URQ9PB" duration="00:00:00.0000063" startTime="2022-06-13T21:11:43.8266088+02:00" endTime="2022-06-13T21:11:43.8266758+02:00" testType="13cdc9d9-ddb5-4fa4-a97d-d965ccfc6d4b" outcome="Passed" testListId="8c84fa94-04c1-424b-9868-57a2d4851a1d" relativeResultsDirectory="dbaee60f-441f-4d0c-b2e0-91bbce3929fa" />
    <UnitTestResult executionId="d50d431e-e799-4634-b9b4-40498683da09" testId="cf83dac5-20c3-46bf-ad13-711ae6e43736" testName="FormatToStringTest1000 (37160.85331540269,37160.85 zł)" computerName="DESKTOP-5URQ9PB" duration="00:00:00.0000065" startTime="2022-06-13T21:11:43.7030302+02:00" endTime="2022-06-13T21:11:43.7030999+02:00" testType="13cdc9d9-ddb5-4fa4-a97d-d965ccfc6d4b" outcome="Passed" testListId="8c84fa94-04c1-424b-9868-57a2d4851a1d" relativeResultsDirectory="d50d431e-e799-4634-b9b4-40498683da09" />
    <UnitTestResult executionId="f32efd83-6cb1-4b43-a775-b5cb7cad2911" testId="e0fe99fd-5ce0-4b29-b2c2-960c40f33c99" testName="FormatToStringTest1000 (54678.59301593089,54678.59 zł)" computerName="DESKTOP-5URQ9PB" duration="00:00:00.0000063" startTime="2022-06-13T21:11:43.9124254+02:00" endTime="2022-06-13T21:11:43.9124898+02:00" testType="13cdc9d9-ddb5-4fa4-a97d-d965ccfc6d4b" outcome="Passed" testListId="8c84fa94-04c1-424b-9868-57a2d4851a1d" relativeResultsDirectory="f32efd83-6cb1-4b43-a775-b5cb7cad2911" />
    <UnitTestResult executionId="0af6b9b8-b68c-4408-9957-74de9c2f63b3" testId="ddfff896-0f1e-4501-83fd-2e167bf6cb4a" testName="FormatToStringTest1000 (26015.8311952552,26015.83 zł)" computerName="DESKTOP-5URQ9PB" duration="00:00:00.0000066" startTime="2022-06-13T21:11:43.7471390+02:00" endTime="2022-06-13T21:11:43.7472090+02:00" testType="13cdc9d9-ddb5-4fa4-a97d-d965ccfc6d4b" outcome="Passed" testListId="8c84fa94-04c1-424b-9868-57a2d4851a1d" relativeResultsDirectory="0af6b9b8-b68c-4408-9957-74de9c2f63b3" />
    <UnitTestResult executionId="86da2837-3ea8-42be-a245-6801aa3b74dd" testId="ccea8842-037d-4f8b-b89c-4a0359403583" testName="FormatToStringTest1000 (44065.726815678056,44065.73 zł)" computerName="DESKTOP-5URQ9PB" duration="00:00:00.0000067" startTime="2022-06-13T21:11:43.7467646+02:00" endTime="2022-06-13T21:11:43.7468406+02:00" testType="13cdc9d9-ddb5-4fa4-a97d-d965ccfc6d4b" outcome="Passed" testListId="8c84fa94-04c1-424b-9868-57a2d4851a1d" relativeResultsDirectory="86da2837-3ea8-42be-a245-6801aa3b74dd" />
    <UnitTestResult executionId="6d9ad5d7-deaa-4e1d-81f4-4c2ac86dfc07" testId="0ef2df2e-ca8d-4735-85fa-7552f8972dc7" testName="FormatToStringTest1000 (23980.12943509646,23980.13 zł)" computerName="DESKTOP-5URQ9PB" duration="00:00:00.0000065" startTime="2022-06-13T21:11:43.6999338+02:00" endTime="2022-06-13T21:11:43.7000014+02:00" testType="13cdc9d9-ddb5-4fa4-a97d-d965ccfc6d4b" outcome="Passed" testListId="8c84fa94-04c1-424b-9868-57a2d4851a1d" relativeResultsDirectory="6d9ad5d7-deaa-4e1d-81f4-4c2ac86dfc07" />
    <UnitTestResult executionId="72a744f5-d91b-45c9-ab86-40be845bee11" testId="49e3c272-7502-4b61-8e23-4af9edfbe321" testName="FormatToStringTest1000 (18424.864078561244,18424.86 zł)" computerName="DESKTOP-5URQ9PB" duration="00:00:00.0000065" startTime="2022-06-13T21:11:43.7437390+02:00" endTime="2022-06-13T21:11:43.7438112+02:00" testType="13cdc9d9-ddb5-4fa4-a97d-d965ccfc6d4b" outcome="Passed" testListId="8c84fa94-04c1-424b-9868-57a2d4851a1d" relativeResultsDirectory="72a744f5-d91b-45c9-ab86-40be845bee11" />
    <UnitTestResult executionId="764f6bd9-685d-4b49-89bb-53c7e9cc98c8" testId="3b3d194f-18b7-4070-90ca-4bb42da9a7c6" testName="FormatToStringTest1000 (44930.92203801075,44930.92 zł)" computerName="DESKTOP-5URQ9PB" duration="00:00:00.0000072" startTime="2022-06-13T21:11:43.9741047+02:00" endTime="2022-06-13T21:11:43.9741701+02:00" testType="13cdc9d9-ddb5-4fa4-a97d-d965ccfc6d4b" outcome="Passed" testListId="8c84fa94-04c1-424b-9868-57a2d4851a1d" relativeResultsDirectory="764f6bd9-685d-4b49-89bb-53c7e9cc98c8" />
    <UnitTestResult executionId="c233bdf2-8c41-457f-924e-28aeff2d71bb" testId="b5b55a78-9a2c-4dd0-8f52-2f108fd9f318" testName="FormatToStringTest1000 (14017.699524653006,14017.70 zł)" computerName="DESKTOP-5URQ9PB" duration="00:00:00.0000064" startTime="2022-06-13T21:11:43.9653908+02:00" endTime="2022-06-13T21:11:43.9654553+02:00" testType="13cdc9d9-ddb5-4fa4-a97d-d965ccfc6d4b" outcome="Passed" testListId="8c84fa94-04c1-424b-9868-57a2d4851a1d" relativeResultsDirectory="c233bdf2-8c41-457f-924e-28aeff2d71bb" />
    <UnitTestResult executionId="828221e2-1cf5-4c6d-a6b7-5bcc5e5fde91" testId="46c6c292-432b-4a02-bb1a-75e6bc614dad" testName="FormatToStringTest1000 (18032.4720825476,18032.47 zł)" computerName="DESKTOP-5URQ9PB" duration="00:00:00.0000070" startTime="2022-06-13T21:11:43.9551466+02:00" endTime="2022-06-13T21:11:43.9552105+02:00" testType="13cdc9d9-ddb5-4fa4-a97d-d965ccfc6d4b" outcome="Passed" testListId="8c84fa94-04c1-424b-9868-57a2d4851a1d" relativeResultsDirectory="828221e2-1cf5-4c6d-a6b7-5bcc5e5fde91" />
    <UnitTestResult executionId="7cd3d0c5-cf7c-42b0-8058-0db17339119a" testId="accd75dd-27fa-4012-82a4-a70ab65d6b6e" testName="FormatToStringTest1000 (30126.012320622805,30126.01 zł)" computerName="DESKTOP-5URQ9PB" duration="00:00:00.0000065" startTime="2022-06-13T21:11:43.6936751+02:00" endTime="2022-06-13T21:11:43.6937421+02:00" testType="13cdc9d9-ddb5-4fa4-a97d-d965ccfc6d4b" outcome="Passed" testListId="8c84fa94-04c1-424b-9868-57a2d4851a1d" relativeResultsDirectory="7cd3d0c5-cf7c-42b0-8058-0db17339119a" />
    <UnitTestResult executionId="ffd9d3af-0749-4803-a170-2b0300597183" testId="f35faa53-02cf-4a8c-ab4e-e8b8e5e8ad08" testName="FormatToStringTest1000 (97129.75160633575,97129.75 zł)" computerName="DESKTOP-5URQ9PB" duration="00:00:00.0000062" startTime="2022-06-13T21:11:43.7582847+02:00" endTime="2022-06-13T21:11:43.7583504+02:00" testType="13cdc9d9-ddb5-4fa4-a97d-d965ccfc6d4b" outcome="Passed" testListId="8c84fa94-04c1-424b-9868-57a2d4851a1d" relativeResultsDirectory="ffd9d3af-0749-4803-a170-2b0300597183" />
    <UnitTestResult executionId="5637fd1a-1878-472f-933a-21a0e2a2992a" testId="d99401e5-4d6c-4e2d-ba8b-6d88de427214" testName="FormatToStringTest1000 (13323.876109275909,13323.88 zł)" computerName="DESKTOP-5URQ9PB" duration="00:00:00.0000065" startTime="2022-06-13T21:11:43.9416098+02:00" endTime="2022-06-13T21:11:43.9416747+02:00" testType="13cdc9d9-ddb5-4fa4-a97d-d965ccfc6d4b" outcome="Passed" testListId="8c84fa94-04c1-424b-9868-57a2d4851a1d" relativeResultsDirectory="5637fd1a-1878-472f-933a-21a0e2a2992a" />
    <UnitTestResult executionId="339b920e-d320-4f22-99e8-ee1a418282d9" testId="f8325bf8-1c0b-467e-9297-1f20e0063259" testName="FormatToStringTest1000 (11584.045280779732,11584.05 zł)" computerName="DESKTOP-5URQ9PB" duration="00:00:00.0000064" startTime="2022-06-13T21:11:43.9221440+02:00" endTime="2022-06-13T21:11:43.9222083+02:00" testType="13cdc9d9-ddb5-4fa4-a97d-d965ccfc6d4b" outcome="Passed" testListId="8c84fa94-04c1-424b-9868-57a2d4851a1d" relativeResultsDirectory="339b920e-d320-4f22-99e8-ee1a418282d9" />
    <UnitTestResult executionId="fc603b4a-0126-4de4-bba6-9847386bee2a" testId="066d6755-6a3c-47ec-8524-1798adf973c1" testName="FormatToStringTest1000 (27751.474436297303,27751.47 zł)" computerName="DESKTOP-5URQ9PB" duration="00:00:00.0000064" startTime="2022-06-13T21:11:43.9100732+02:00" endTime="2022-06-13T21:11:43.9101372+02:00" testType="13cdc9d9-ddb5-4fa4-a97d-d965ccfc6d4b" outcome="Passed" testListId="8c84fa94-04c1-424b-9868-57a2d4851a1d" relativeResultsDirectory="fc603b4a-0126-4de4-bba6-9847386bee2a" />
    <UnitTestResult executionId="1b67f505-f719-4252-bd72-87f629f67340" testId="965f8a36-f6ef-40fb-9d5c-25ee9aa01b88" testName="FormatToStringTest1000 (51300.77891898145,51300.78 zł)" computerName="DESKTOP-5URQ9PB" duration="00:00:00.0000069" startTime="2022-06-13T21:11:43.8724078+02:00" endTime="2022-06-13T21:11:43.8724748+02:00" testType="13cdc9d9-ddb5-4fa4-a97d-d965ccfc6d4b" outcome="Passed" testListId="8c84fa94-04c1-424b-9868-57a2d4851a1d" relativeResultsDirectory="1b67f505-f719-4252-bd72-87f629f67340" />
    <UnitTestResult executionId="9a0b50de-0a03-4a7c-a855-b2ebcb6ea332" testId="d462939f-4cd0-48fa-9d26-b7482718bc7f" testName="FormatToStringTest1000 (22592.465903659566,22592.47 zł)" computerName="DESKTOP-5URQ9PB" duration="00:00:00.0000068" startTime="2022-06-13T21:11:43.7086141+02:00" endTime="2022-06-13T21:11:43.7086944+02:00" testType="13cdc9d9-ddb5-4fa4-a97d-d965ccfc6d4b" outcome="Passed" testListId="8c84fa94-04c1-424b-9868-57a2d4851a1d" relativeResultsDirectory="9a0b50de-0a03-4a7c-a855-b2ebcb6ea332" />
    <UnitTestResult executionId="a27ed1d8-404c-4735-9dde-81fc0836ff84" testId="bf72163b-75ee-49bc-93ef-6d2682092fe5" testName="FormatToStringTest1000 (15591.4117417221,15591.41 zł)" computerName="DESKTOP-5URQ9PB" duration="00:00:00.0000063" startTime="2022-06-13T21:11:43.9531682+02:00" endTime="2022-06-13T21:11:43.9532305+02:00" testType="13cdc9d9-ddb5-4fa4-a97d-d965ccfc6d4b" outcome="Passed" testListId="8c84fa94-04c1-424b-9868-57a2d4851a1d" relativeResultsDirectory="a27ed1d8-404c-4735-9dde-81fc0836ff84" />
    <UnitTestResult executionId="e496f699-804d-4626-a1d1-f826dfcb2625" testId="3d03c0c6-8751-4b0c-bacc-a21a0fc41571" testName="FormatToStringTest1000 (750.5106571719566,750.51 zł)" computerName="DESKTOP-5URQ9PB" duration="00:00:00.0000062" startTime="2022-06-13T21:11:43.9530877+02:00" endTime="2022-06-13T21:11:43.9531517+02:00" testType="13cdc9d9-ddb5-4fa4-a97d-d965ccfc6d4b" outcome="Passed" testListId="8c84fa94-04c1-424b-9868-57a2d4851a1d" relativeResultsDirectory="e496f699-804d-4626-a1d1-f826dfcb2625" />
    <UnitTestResult executionId="92ffd30f-7f67-4ff0-a89e-576b81294aa9" testId="16087f37-1ff0-4a39-96fd-7082b13f3077" testName="FormatToStringTest1000 (4539.210371735137,4539.21 zł)" computerName="DESKTOP-5URQ9PB" duration="00:00:00.0000062" startTime="2022-06-13T21:11:43.9337524+02:00" endTime="2022-06-13T21:11:43.9338158+02:00" testType="13cdc9d9-ddb5-4fa4-a97d-d965ccfc6d4b" outcome="Passed" testListId="8c84fa94-04c1-424b-9868-57a2d4851a1d" relativeResultsDirectory="92ffd30f-7f67-4ff0-a89e-576b81294aa9" />
    <UnitTestResult executionId="3faf33f4-47b8-4b41-af0a-94b89bb20d66" testId="1c6ccd13-11f0-4d11-acc1-c86024a7c1d4" testName="FormatToStringTest1000 (6915.421130504656,6915.42 zł)" computerName="DESKTOP-5URQ9PB" duration="00:00:00.0000063" startTime="2022-06-13T21:11:43.8294098+02:00" endTime="2022-06-13T21:11:43.8294757+02:00" testType="13cdc9d9-ddb5-4fa4-a97d-d965ccfc6d4b" outcome="Passed" testListId="8c84fa94-04c1-424b-9868-57a2d4851a1d" relativeResultsDirectory="3faf33f4-47b8-4b41-af0a-94b89bb20d66" />
    <UnitTestResult executionId="fd39e223-8ada-445e-8096-483f2e512907" testId="4de7b5e2-21cc-4d26-8fc5-db1f8820aaa1" testName="FormatToStringTest1000 (3477.860963622509,3477.86 zł)" computerName="DESKTOP-5URQ9PB" duration="00:00:00.0000063" startTime="2022-06-13T21:11:43.9275265+02:00" endTime="2022-06-13T21:11:43.9275916+02:00" testType="13cdc9d9-ddb5-4fa4-a97d-d965ccfc6d4b" outcome="Passed" testListId="8c84fa94-04c1-424b-9868-57a2d4851a1d" relativeResultsDirectory="fd39e223-8ada-445e-8096-483f2e512907" />
    <UnitTestResult executionId="7ffb6f25-1018-4af9-8006-4f8430c4ed7e" testId="6606734b-00ee-429b-9436-8fdf3cb9dc8c" testName="FormatToStringTest1000 (13503.943645929892,13503.94 zł)" computerName="DESKTOP-5URQ9PB" duration="00:00:00.0000066" startTime="2022-06-13T21:11:43.6838935+02:00" endTime="2022-06-13T21:11:43.6839752+02:00" testType="13cdc9d9-ddb5-4fa4-a97d-d965ccfc6d4b" outcome="Passed" testListId="8c84fa94-04c1-424b-9868-57a2d4851a1d" relativeResultsDirectory="7ffb6f25-1018-4af9-8006-4f8430c4ed7e" />
    <UnitTestResult executionId="98e806f8-1197-44b2-a021-7b42613a78d1" testId="84409074-9939-4476-9692-0414fa5928b9" testName="FormatToStringTest1000 (21573.45329517613,21573.45 zł)" computerName="DESKTOP-5URQ9PB" duration="00:00:00.0000063" startTime="2022-06-13T21:11:43.9718198+02:00" endTime="2022-06-13T21:11:43.9718847+02:00" testType="13cdc9d9-ddb5-4fa4-a97d-d965ccfc6d4b" outcome="Passed" testListId="8c84fa94-04c1-424b-9868-57a2d4851a1d" relativeResultsDirectory="98e806f8-1197-44b2-a021-7b42613a78d1" />
    <UnitTestResult executionId="aa8a558e-1904-4bdf-a09b-8b243a7bf07d" testId="f37ac003-626b-4341-a3f8-45db36211db6" testName="FormatToStringTest1000 (6027.66019266828,6027.66 zł)" computerName="DESKTOP-5URQ9PB" duration="00:00:00.0000065" startTime="2022-06-13T21:11:43.9353426+02:00" endTime="2022-06-13T21:11:43.9354052+02:00" testType="13cdc9d9-ddb5-4fa4-a97d-d965ccfc6d4b" outcome="Passed" testListId="8c84fa94-04c1-424b-9868-57a2d4851a1d" relativeResultsDirectory="aa8a558e-1904-4bdf-a09b-8b243a7bf07d" />
    <UnitTestResult executionId="aca55d9c-524e-45f5-b8d2-ac421cefa7c1" testId="4a8933c7-3718-4fd2-80ce-a95f39896ca8" testName="FormatToStringTest1000 (4002.4180488374172,4002.42 zł)" computerName="DESKTOP-5URQ9PB" duration="00:00:00.0000063" startTime="2022-06-13T21:11:43.9470535+02:00" endTime="2022-06-13T21:11:43.9471177+02:00" testType="13cdc9d9-ddb5-4fa4-a97d-d965ccfc6d4b" outcome="Passed" testListId="8c84fa94-04c1-424b-9868-57a2d4851a1d" relativeResultsDirectory="aca55d9c-524e-45f5-b8d2-ac421cefa7c1" />
    <UnitTestResult executionId="461d0b92-fea9-407b-b621-f3f10f9e3c4d" testId="71048948-69fa-4e85-a04e-8b5fd2225ee0" testName="FormatToStringTest1000 (16161.963229990548,16161.96 zł)" computerName="DESKTOP-5URQ9PB" duration="00:00:00.0000063" startTime="2022-06-13T21:11:43.9021432+02:00" endTime="2022-06-13T21:11:43.9022092+02:00" testType="13cdc9d9-ddb5-4fa4-a97d-d965ccfc6d4b" outcome="Passed" testListId="8c84fa94-04c1-424b-9868-57a2d4851a1d" relativeResultsDirectory="461d0b92-fea9-407b-b621-f3f10f9e3c4d" />
    <UnitTestResult executionId="59cc670e-fa8a-40c7-80b3-ab3e9f5f5941" testId="e64edb1f-d23b-4927-8e6e-a6aa6c1c34c5" testName="FormatToStringTest1000 (29796.909338079815,29796.91 zł)" computerName="DESKTOP-5URQ9PB" duration="00:00:00.0000108" startTime="2022-06-13T21:11:43.9689773+02:00" endTime="2022-06-13T21:11:43.9690942+02:00" testType="13cdc9d9-ddb5-4fa4-a97d-d965ccfc6d4b" outcome="Passed" testListId="8c84fa94-04c1-424b-9868-57a2d4851a1d" relativeResultsDirectory="59cc670e-fa8a-40c7-80b3-ab3e9f5f5941" />
    <UnitTestResult executionId="28819065-9381-4c77-9803-f8d7874bcfc5" testId="53f5432b-3e11-4778-99b4-0e2ddedc78d0" testName="FormatToStringTest1000 (5279.315995182524,5279.32 zł)" computerName="DESKTOP-5URQ9PB" duration="00:00:00.0000621" startTime="2022-06-13T21:11:43.8506092+02:00" endTime="2022-06-13T21:11:43.8516744+02:00" testType="13cdc9d9-ddb5-4fa4-a97d-d965ccfc6d4b" outcome="Passed" testListId="8c84fa94-04c1-424b-9868-57a2d4851a1d" relativeResultsDirectory="28819065-9381-4c77-9803-f8d7874bcfc5" />
    <UnitTestResult executionId="c6fadf8a-fcc5-414c-aa99-3374e938c4ac" testId="0ed20f59-23b7-4fb4-93dd-5ba49eda576c" testName="FormatToStringTest1000 (47630.39193684067,47630.39 zł)" computerName="DESKTOP-5URQ9PB" duration="00:00:00.0000064" startTime="2022-06-13T21:11:43.6937601+02:00" endTime="2022-06-13T21:11:43.6938271+02:00" testType="13cdc9d9-ddb5-4fa4-a97d-d965ccfc6d4b" outcome="Passed" testListId="8c84fa94-04c1-424b-9868-57a2d4851a1d" relativeResultsDirectory="c6fadf8a-fcc5-414c-aa99-3374e938c4ac" />
    <UnitTestResult executionId="95d4679a-27b4-4b1f-8f75-4f34584d1111" testId="61cd0d12-5c08-4565-a9cc-f12be0526099" testName="FormatToStringTest1000 (15190.097283723344,15190.10 zł)" computerName="DESKTOP-5URQ9PB" duration="00:00:00.0000063" startTime="2022-06-13T21:11:43.9376223+02:00" endTime="2022-06-13T21:11:43.9376865+02:00" testType="13cdc9d9-ddb5-4fa4-a97d-d965ccfc6d4b" outcome="Passed" testListId="8c84fa94-04c1-424b-9868-57a2d4851a1d" relativeResultsDirectory="95d4679a-27b4-4b1f-8f75-4f34584d1111" />
    <UnitTestResult executionId="12d0c3e7-1f5d-4c11-ac70-a9f95b6c2547" testId="99886c0c-b6a0-43be-bfba-a64470a683cf" testName="FormatToStringTest1000 (3646.857719214101,3646.86 zł)" computerName="DESKTOP-5URQ9PB" duration="00:00:00.0000081" startTime="2022-06-13T21:11:43.8128893+02:00" endTime="2022-06-13T21:11:43.8129911+02:00" testType="13cdc9d9-ddb5-4fa4-a97d-d965ccfc6d4b" outcome="Passed" testListId="8c84fa94-04c1-424b-9868-57a2d4851a1d" relativeResultsDirectory="12d0c3e7-1f5d-4c11-ac70-a9f95b6c2547" />
    <UnitTestResult executionId="ed51edd6-a6f5-4b15-b2c0-b6f4800125c8" testId="9273994e-f76b-40e7-9984-078b804a4491" testName="FormatToStringTest1000 (726.8087564975995,726.81 zł)" computerName="DESKTOP-5URQ9PB" duration="00:00:00.0000068" startTime="2022-06-13T21:11:43.6064672+02:00" endTime="2022-06-13T21:11:43.6065376+02:00" testType="13cdc9d9-ddb5-4fa4-a97d-d965ccfc6d4b" outcome="Passed" testListId="8c84fa94-04c1-424b-9868-57a2d4851a1d" relativeResultsDirectory="ed51edd6-a6f5-4b15-b2c0-b6f4800125c8" />
    <UnitTestResult executionId="78c7d4a6-1d59-490c-bc04-277acf4c6513" testId="98838ff5-37c4-4474-97d7-d3deb2c79325" testName="FormatToStringTest1000 (34096.337879508894,34096.34 zł)" computerName="DESKTOP-5URQ9PB" duration="00:00:00.0000064" startTime="2022-06-13T21:11:43.6643693+02:00" endTime="2022-06-13T21:11:43.6644422+02:00" testType="13cdc9d9-ddb5-4fa4-a97d-d965ccfc6d4b" outcome="Passed" testListId="8c84fa94-04c1-424b-9868-57a2d4851a1d" relativeResultsDirectory="78c7d4a6-1d59-490c-bc04-277acf4c6513" />
    <UnitTestResult executionId="a6151e9a-728a-4eeb-918d-b4f9e866abe4" testId="ca25a5b2-0a66-4480-9648-e6b90db4f8ce" testName="FormatToStringTest1000 (1952.6955147062872,1952.70 zł)" computerName="DESKTOP-5URQ9PB" duration="00:00:00.0000064" startTime="2022-06-13T21:11:43.7937642+02:00" endTime="2022-06-13T21:11:43.7938310+02:00" testType="13cdc9d9-ddb5-4fa4-a97d-d965ccfc6d4b" outcome="Passed" testListId="8c84fa94-04c1-424b-9868-57a2d4851a1d" relativeResultsDirectory="a6151e9a-728a-4eeb-918d-b4f9e866abe4" />
    <UnitTestResult executionId="23a8dc86-111b-4894-b1b7-f94b28b6f0ab" testId="0b01da1b-139a-4a47-9209-c52aef063080" testName="FormatToStringTest1000 (100.45267071130345,100.45 zł)" computerName="DESKTOP-5URQ9PB" duration="00:00:00.0000065" startTime="2022-06-13T21:11:43.7241437+02:00" endTime="2022-06-13T21:11:43.7242102+02:00" testType="13cdc9d9-ddb5-4fa4-a97d-d965ccfc6d4b" outcome="Passed" testListId="8c84fa94-04c1-424b-9868-57a2d4851a1d" relativeResultsDirectory="23a8dc86-111b-4894-b1b7-f94b28b6f0ab" />
    <UnitTestResult executionId="5f9902a5-befc-44b1-b1cb-56078c9e6d1f" testId="438256b1-6720-4166-be0b-20afbbfef141" testName="FormatToStringTest1000 (1814.7218118955948,1814.72 zł)" computerName="DESKTOP-5URQ9PB" duration="00:00:00.0000063" startTime="2022-06-13T21:11:43.9610878+02:00" endTime="2022-06-13T21:11:43.9611528+02:00" testType="13cdc9d9-ddb5-4fa4-a97d-d965ccfc6d4b" outcome="Passed" testListId="8c84fa94-04c1-424b-9868-57a2d4851a1d" relativeResultsDirectory="5f9902a5-befc-44b1-b1cb-56078c9e6d1f" />
    <UnitTestResult executionId="0d04b646-0dfc-46a7-bfd0-20cc70c5863f" testId="38dd4fb5-e038-4ad9-82b3-f05f96247b7e" testName="FormatToStringTest1000 (19840.47672110632,19840.48 zł)" computerName="DESKTOP-5URQ9PB" duration="00:00:00.0000066" startTime="2022-06-13T21:11:43.7280191+02:00" endTime="2022-06-13T21:11:43.7280868+02:00" testType="13cdc9d9-ddb5-4fa4-a97d-d965ccfc6d4b" outcome="Passed" testListId="8c84fa94-04c1-424b-9868-57a2d4851a1d" relativeResultsDirectory="0d04b646-0dfc-46a7-bfd0-20cc70c5863f" />
    <UnitTestResult executionId="e7a188bf-8582-4e26-9401-14a003c8988a" testId="a17b1509-0ea9-4a8a-b021-88521c883d2b" testName="FormatToStringTest1000 (5876.112133716285,5876.11 zł)" computerName="DESKTOP-5URQ9PB" duration="00:00:00.0000064" startTime="2022-06-13T21:11:43.9313503+02:00" endTime="2022-06-13T21:11:43.9314147+02:00" testType="13cdc9d9-ddb5-4fa4-a97d-d965ccfc6d4b" outcome="Passed" testListId="8c84fa94-04c1-424b-9868-57a2d4851a1d" relativeResultsDirectory="e7a188bf-8582-4e26-9401-14a003c8988a" />
    <UnitTestResult executionId="970ca9b9-a518-400a-a836-bc036f94b1ee" testId="37af5e4b-a820-477e-baa7-752264f3f136" testName="FormatToStringTest1000 (14459.57059750686,14459.57 zł)" computerName="DESKTOP-5URQ9PB" duration="00:00:00.0000065" startTime="2022-06-13T21:11:43.7502224+02:00" endTime="2022-06-13T21:11:43.7502970+02:00" testType="13cdc9d9-ddb5-4fa4-a97d-d965ccfc6d4b" outcome="Passed" testListId="8c84fa94-04c1-424b-9868-57a2d4851a1d" relativeResultsDirectory="970ca9b9-a518-400a-a836-bc036f94b1ee" />
    <UnitTestResult executionId="e49146f0-456e-4dc0-984b-c9af08dd78ca" testId="eea84551-4dfc-4986-8c32-b08bc406b0e7" testName="FormatToStringTest1000 (3431.864349926759,3431.86 zł)" computerName="DESKTOP-5URQ9PB" duration="00:00:00.0000079" startTime="2022-06-13T21:11:43.9158436+02:00" endTime="2022-06-13T21:11:43.9159272+02:00" testType="13cdc9d9-ddb5-4fa4-a97d-d965ccfc6d4b" outcome="Passed" testListId="8c84fa94-04c1-424b-9868-57a2d4851a1d" relativeResultsDirectory="e49146f0-456e-4dc0-984b-c9af08dd78ca" />
    <UnitTestResult executionId="03354159-2811-42b3-a1ce-d1fd6229eb08" testId="c2662aa6-be0b-4bc7-9ba2-4ad6ae5ba8f5" testName="FormatToStringTest1000 (30722.846572104303,30722.85 zł)" computerName="DESKTOP-5URQ9PB" duration="00:00:00.0000064" startTime="2022-06-13T21:11:43.8871889+02:00" endTime="2022-06-13T21:11:43.8872552+02:00" testType="13cdc9d9-ddb5-4fa4-a97d-d965ccfc6d4b" outcome="Passed" testListId="8c84fa94-04c1-424b-9868-57a2d4851a1d" relativeResultsDirectory="03354159-2811-42b3-a1ce-d1fd6229eb08" />
    <UnitTestResult executionId="da92aed3-31bf-4310-96b6-6d47a5262b4c" testId="d2d40f91-fe01-413b-ab1c-e8f802d326e8" testName="FormatToStringTest1000 (45340.017357165,45340.02 zł)" computerName="DESKTOP-5URQ9PB" duration="00:00:00.0000074" startTime="2022-06-13T21:11:43.8229042+02:00" endTime="2022-06-13T21:11:43.8229786+02:00" testType="13cdc9d9-ddb5-4fa4-a97d-d965ccfc6d4b" outcome="Passed" testListId="8c84fa94-04c1-424b-9868-57a2d4851a1d" relativeResultsDirectory="da92aed3-31bf-4310-96b6-6d47a5262b4c" />
    <UnitTestResult executionId="199d16cf-7122-44c7-b211-3e9a3633ef4d" testId="c242d76f-6bc0-4767-8b33-0f26bcea587f" testName="FormatToStringTest1000 (38402.8293406753,38402.83 zł)" computerName="DESKTOP-5URQ9PB" duration="00:00:00.0000073" startTime="2022-06-13T21:11:43.9102349+02:00" endTime="2022-06-13T21:11:43.9102985+02:00" testType="13cdc9d9-ddb5-4fa4-a97d-d965ccfc6d4b" outcome="Passed" testListId="8c84fa94-04c1-424b-9868-57a2d4851a1d" relativeResultsDirectory="199d16cf-7122-44c7-b211-3e9a3633ef4d" />
    <UnitTestResult executionId="f4e90a4d-c354-4ee6-b88f-0a27522e3afa" testId="28d59a5a-3f38-40bd-9d20-fbfee0075feb" testName="FormatToStringTest1000 (3274.481392617096,3274.48 zł)" computerName="DESKTOP-5URQ9PB" duration="00:00:00.0000072" startTime="2022-06-13T21:11:43.8870008+02:00" endTime="2022-06-13T21:11:43.8870844+02:00" testType="13cdc9d9-ddb5-4fa4-a97d-d965ccfc6d4b" outcome="Passed" testListId="8c84fa94-04c1-424b-9868-57a2d4851a1d" relativeResultsDirectory="f4e90a4d-c354-4ee6-b88f-0a27522e3afa" />
    <UnitTestResult executionId="1cb35df0-6f07-4418-adfd-5009473c8b51" testId="e10793ea-f055-4bd4-9bd6-dca95bfb6e16" testName="FormatToStringTest1000 (22017.250119325356,22017.25 zł)" computerName="DESKTOP-5URQ9PB" duration="00:00:00.0000065" startTime="2022-06-13T21:11:43.6905276+02:00" endTime="2022-06-13T21:11:43.6905952+02:00" testType="13cdc9d9-ddb5-4fa4-a97d-d965ccfc6d4b" outcome="Passed" testListId="8c84fa94-04c1-424b-9868-57a2d4851a1d" relativeResultsDirectory="1cb35df0-6f07-4418-adfd-5009473c8b51" />
    <UnitTestResult executionId="2d103d8e-3081-48c4-8b68-062af8dcbf48" testId="8446219a-ef4f-4fa0-b4c4-505da87a5a92" testName="FormatToStringTest1000 (397.6461894566408,397.65 zł)" computerName="DESKTOP-5URQ9PB" duration="00:00:00.0000061" startTime="2022-06-13T21:11:43.9338323+02:00" endTime="2022-06-13T21:11:43.9338961+02:00" testType="13cdc9d9-ddb5-4fa4-a97d-d965ccfc6d4b" outcome="Passed" testListId="8c84fa94-04c1-424b-9868-57a2d4851a1d" relativeResultsDirectory="2d103d8e-3081-48c4-8b68-062af8dcbf48" />
    <UnitTestResult executionId="9d60478c-e2fc-475b-9423-6ac591aaa560" testId="6c479252-c371-41b2-aa33-f7660828d42b" testName="FormatToStringTest1000 (20237.28532723723,20237.29 zł)" computerName="DESKTOP-5URQ9PB" duration="00:00:00.0000069" startTime="2022-06-13T21:11:43.8172492+02:00" endTime="2022-06-13T21:11:43.8173162+02:00" testType="13cdc9d9-ddb5-4fa4-a97d-d965ccfc6d4b" outcome="Passed" testListId="8c84fa94-04c1-424b-9868-57a2d4851a1d" relativeResultsDirectory="9d60478c-e2fc-475b-9423-6ac591aaa560" />
    <UnitTestResult executionId="b315f106-9701-4989-a3d7-3d6af281c909" testId="08198165-bcd3-4051-975c-ccde0f94ee2b" testName="FormatToStringTest1000 (151.50737175275916,151.51 zł)" computerName="DESKTOP-5URQ9PB" duration="00:00:00.0000061" startTime="2022-06-13T21:11:43.9654719+02:00" endTime="2022-06-13T21:11:43.9655369+02:00" testType="13cdc9d9-ddb5-4fa4-a97d-d965ccfc6d4b" outcome="Passed" testListId="8c84fa94-04c1-424b-9868-57a2d4851a1d" relativeResultsDirectory="b315f106-9701-4989-a3d7-3d6af281c909" />
    <UnitTestResult executionId="be768607-072c-4b45-bff4-6434615d3a69" testId="6a371082-75c9-4556-a373-d801defba117" testName="FormatToStringTest1000 (69864.17463991146,69864.17 zł)" computerName="DESKTOP-5URQ9PB" duration="00:00:00.0000065" startTime="2022-06-13T21:11:43.6775643+02:00" endTime="2022-06-13T21:11:43.6776400+02:00" testType="13cdc9d9-ddb5-4fa4-a97d-d965ccfc6d4b" outcome="Passed" testListId="8c84fa94-04c1-424b-9868-57a2d4851a1d" relativeResultsDirectory="be768607-072c-4b45-bff4-6434615d3a69" />
    <UnitTestResult executionId="bde29faa-6307-41c2-8407-adb814dd7c2d" testId="b0cf676d-2117-4ca6-8a4a-df29397bd5dc" testName="FormatToStringTest1000 (60017.857676936714,60017.86 zł)" computerName="DESKTOP-5URQ9PB" duration="00:00:00.0000064" startTime="2022-06-13T21:11:43.9671691+02:00" endTime="2022-06-13T21:11:43.9672343+02:00" testType="13cdc9d9-ddb5-4fa4-a97d-d965ccfc6d4b" outcome="Passed" testListId="8c84fa94-04c1-424b-9868-57a2d4851a1d" relativeResultsDirectory="bde29faa-6307-41c2-8407-adb814dd7c2d" />
    <UnitTestResult executionId="3d106c97-2dcd-407d-9ed3-4caec797f0dd" testId="a633ddf3-de53-4ba6-ab33-0180dbed7a7b" testName="FormatToStringTest1000 (9843.625240445894,9843.63 zł)" computerName="DESKTOP-5URQ9PB" duration="00:00:00.0000064" startTime="2022-06-13T21:11:43.9611697+02:00" endTime="2022-06-13T21:11:43.9612338+02:00" testType="13cdc9d9-ddb5-4fa4-a97d-d965ccfc6d4b" outcome="Passed" testListId="8c84fa94-04c1-424b-9868-57a2d4851a1d" relativeResultsDirectory="3d106c97-2dcd-407d-9ed3-4caec797f0dd" />
    <UnitTestResult executionId="5d867043-b98a-49a9-a04f-4064fdda682a" testId="ff2f6b81-13b2-42d8-9439-2143a249beae" testName="FormatToStringTest1000 (30199.386730006612,30199.39 zł)" computerName="DESKTOP-5URQ9PB" duration="00:00:00.0000064" startTime="2022-06-13T21:11:43.9467975+02:00" endTime="2022-06-13T21:11:43.9468631+02:00" testType="13cdc9d9-ddb5-4fa4-a97d-d965ccfc6d4b" outcome="Passed" testListId="8c84fa94-04c1-424b-9868-57a2d4851a1d" relativeResultsDirectory="5d867043-b98a-49a9-a04f-4064fdda682a" />
    <UnitTestResult executionId="7fff0bb3-5085-450f-9662-e1a2d2b81999" testId="9f0ff335-313b-4dc9-aed5-354aefe144e8" testName="FormatToStringTest1000 (30071.004434484523,30071.00 zł)" computerName="DESKTOP-5URQ9PB" duration="00:00:00.0000085" startTime="2022-06-13T21:11:43.7085027+02:00" endTime="2022-06-13T21:11:43.7085862+02:00" testType="13cdc9d9-ddb5-4fa4-a97d-d965ccfc6d4b" outcome="Passed" testListId="8c84fa94-04c1-424b-9868-57a2d4851a1d" relativeResultsDirectory="7fff0bb3-5085-450f-9662-e1a2d2b81999" />
    <UnitTestResult executionId="0db7bbf2-c4f0-4bf1-94d3-4a9d4133d16e" testId="017659b5-c604-46a6-88fb-9bec5e1283d3" testName="FormatToStringTest1000 (28080.92507087669,28080.93 zł)" computerName="DESKTOP-5URQ9PB" duration="00:00:00.0000064" startTime="2022-06-13T21:11:43.9489613+02:00" endTime="2022-06-13T21:11:43.9490272+02:00" testType="13cdc9d9-ddb5-4fa4-a97d-d965ccfc6d4b" outcome="Passed" testListId="8c84fa94-04c1-424b-9868-57a2d4851a1d" relativeResultsDirectory="0db7bbf2-c4f0-4bf1-94d3-4a9d4133d16e" />
    <UnitTestResult executionId="cc7005a6-128d-4861-ab47-5a77e1e171f5" testId="db39addc-65bf-4011-bd79-2f91d7b39fe3" testName="FormatToStringTest1000 (12221.10494323592,12221.10 zł)" computerName="DESKTOP-5URQ9PB" duration="00:00:00.0000063" startTime="2022-06-13T21:11:43.6880585+02:00" endTime="2022-06-13T21:11:43.6881249+02:00" testType="13cdc9d9-ddb5-4fa4-a97d-d965ccfc6d4b" outcome="Passed" testListId="8c84fa94-04c1-424b-9868-57a2d4851a1d" relativeResultsDirectory="cc7005a6-128d-4861-ab47-5a77e1e171f5" />
    <UnitTestResult executionId="02d5037d-6737-4998-85ab-f5b0a2eedd93" testId="56c7e7b0-8ab6-44cf-a789-3771d00ae14a" testName="FormatToStringTest1000 (1745.490603896552,1745.49 zł)" computerName="DESKTOP-5URQ9PB" duration="00:00:00.0000065" startTime="2022-06-13T21:11:43.7237159+02:00" endTime="2022-06-13T21:11:43.7237845+02:00" testType="13cdc9d9-ddb5-4fa4-a97d-d965ccfc6d4b" outcome="Passed" testListId="8c84fa94-04c1-424b-9868-57a2d4851a1d" relativeResultsDirectory="02d5037d-6737-4998-85ab-f5b0a2eedd93" />
    <UnitTestResult executionId="6a91196c-4c0d-4786-8338-f99899357542" testId="a6a07f5e-f46c-439e-8c6e-3d4a696da9d9" testName="FormatToStringTest1000 (55782.67998761762,55782.68 zł)" computerName="DESKTOP-5URQ9PB" duration="00:00:00.0000063" startTime="2022-06-13T21:11:43.7032026+02:00" endTime="2022-06-13T21:11:43.7032690+02:00" testType="13cdc9d9-ddb5-4fa4-a97d-d965ccfc6d4b" outcome="Passed" testListId="8c84fa94-04c1-424b-9868-57a2d4851a1d" relativeResultsDirectory="6a91196c-4c0d-4786-8338-f99899357542" />
    <UnitTestResult executionId="dcd93bf5-0b59-4343-9108-751d592cf087" testId="395bc4c5-8fdd-4438-9252-0a5ffb639dcb" testName="FormatToStringTest1000 (5810.695934967462,5810.70 zł)" computerName="DESKTOP-5URQ9PB" duration="00:00:00.0000064" startTime="2022-06-13T21:11:43.9712889+02:00" endTime="2022-06-13T21:11:43.9713554+02:00" testType="13cdc9d9-ddb5-4fa4-a97d-d965ccfc6d4b" outcome="Passed" testListId="8c84fa94-04c1-424b-9868-57a2d4851a1d" relativeResultsDirectory="dcd93bf5-0b59-4343-9108-751d592cf087" />
    <UnitTestResult executionId="4660a952-489b-41c5-abd1-8ae12cb9692d" testId="c29fa5e7-f4dd-47d6-9693-7b03971d508b" testName="FormatToStringTest1000 (19783.413847500186,19783.41 zł)" computerName="DESKTOP-5URQ9PB" duration="00:00:00.0000062" startTime="2022-06-13T21:11:43.9490440+02:00" endTime="2022-06-13T21:11:43.9491077+02:00" testType="13cdc9d9-ddb5-4fa4-a97d-d965ccfc6d4b" outcome="Passed" testListId="8c84fa94-04c1-424b-9868-57a2d4851a1d" relativeResultsDirectory="4660a952-489b-41c5-abd1-8ae12cb9692d" />
    <UnitTestResult executionId="9d674c41-8f5f-4ac8-90d8-70e9b04cb973" testId="e9e59818-486a-4c50-bafa-9c8d35e18ab6" testName="FormatToStringTest1000 (70432.00656616595,70432.01 zł)" computerName="DESKTOP-5URQ9PB" duration="00:00:00.0000063" startTime="2022-06-13T21:11:43.9417732+02:00" endTime="2022-06-13T21:11:43.9418372+02:00" testType="13cdc9d9-ddb5-4fa4-a97d-d965ccfc6d4b" outcome="Passed" testListId="8c84fa94-04c1-424b-9868-57a2d4851a1d" relativeResultsDirectory="9d674c41-8f5f-4ac8-90d8-70e9b04cb973" />
    <UnitTestResult executionId="27477281-1b96-4693-97c2-eb24c44a177e" testId="4f8a8534-2c27-4b2c-98be-473b55824a55" testName="FormatToStringTest1000 (13402.882692040355,13402.88 zł)" computerName="DESKTOP-5URQ9PB" duration="00:00:00.0000063" startTime="2022-06-13T21:11:43.9312684+02:00" endTime="2022-06-13T21:11:43.9313335+02:00" testType="13cdc9d9-ddb5-4fa4-a97d-d965ccfc6d4b" outcome="Passed" testListId="8c84fa94-04c1-424b-9868-57a2d4851a1d" relativeResultsDirectory="27477281-1b96-4693-97c2-eb24c44a177e" />
    <UnitTestResult executionId="d4eccbea-a76c-414c-8e8f-3f72d495123f" testId="78899073-aa7e-4080-bfd0-a398961b33ad" testName="FormatToStringTest1000 (24825.207513729205,24825.21 zł)" computerName="DESKTOP-5URQ9PB" duration="00:00:00.0000434" startTime="2022-06-13T21:11:43.8541962+02:00" endTime="2022-06-13T21:11:43.8546575+02:00" testType="13cdc9d9-ddb5-4fa4-a97d-d965ccfc6d4b" outcome="Passed" testListId="8c84fa94-04c1-424b-9868-57a2d4851a1d" relativeResultsDirectory="d4eccbea-a76c-414c-8e8f-3f72d495123f" />
    <UnitTestResult executionId="d566af30-1f73-426c-80f2-473d321ce2fe" testId="b5ea756e-4db6-4941-b9aa-f9b81cf0b07a" testName="FormatToStringTest1000 (7348.947429818543,7348.95 zł)" computerName="DESKTOP-5URQ9PB" duration="00:00:00.0000066" startTime="2022-06-13T21:11:43.7438285+02:00" endTime="2022-06-13T21:11:43.7439012+02:00" testType="13cdc9d9-ddb5-4fa4-a97d-d965ccfc6d4b" outcome="Passed" testListId="8c84fa94-04c1-424b-9868-57a2d4851a1d" relativeResultsDirectory="d566af30-1f73-426c-80f2-473d321ce2fe" />
    <UnitTestResult executionId="e83e5721-c7ae-4545-a078-010080da6828" testId="1c4f302f-581f-489d-9689-679c24c48109" testName="FormatToStringTest1000 (13453.429998117233,13453.43 zł)" computerName="DESKTOP-5URQ9PB" duration="00:00:00.0000066" startTime="2022-06-13T21:11:43.9024960+02:00" endTime="2022-06-13T21:11:43.9025680+02:00" testType="13cdc9d9-ddb5-4fa4-a97d-d965ccfc6d4b" outcome="Passed" testListId="8c84fa94-04c1-424b-9868-57a2d4851a1d" relativeResultsDirectory="e83e5721-c7ae-4545-a078-010080da6828" />
    <UnitTestResult executionId="89972fba-fe98-4bba-874e-8a3fd67009c0" testId="27afbc5b-bfd0-4456-99a6-066f9f498521" testName="FormatToStringTest1000 (12903.541202012237,12903.54 zł)" computerName="DESKTOP-5URQ9PB" duration="00:00:00.0000067" startTime="2022-06-13T21:11:43.7504161+02:00" endTime="2022-06-13T21:11:43.7504925+02:00" testType="13cdc9d9-ddb5-4fa4-a97d-d965ccfc6d4b" outcome="Passed" testListId="8c84fa94-04c1-424b-9868-57a2d4851a1d" relativeResultsDirectory="89972fba-fe98-4bba-874e-8a3fd67009c0" />
    <UnitTestResult executionId="e5bb4b28-95ae-4d60-aed3-e2160d2d3923" testId="4334bbf0-10f5-47b8-851f-36dedd2b6bdf" testName="FormatToStringTest1000 (17579.823312525088,17579.82 zł)" computerName="DESKTOP-5URQ9PB" duration="00:00:00.0000065" startTime="2022-06-13T21:11:43.8985433+02:00" endTime="2022-06-13T21:11:43.8986086+02:00" testType="13cdc9d9-ddb5-4fa4-a97d-d965ccfc6d4b" outcome="Passed" testListId="8c84fa94-04c1-424b-9868-57a2d4851a1d" relativeResultsDirectory="e5bb4b28-95ae-4d60-aed3-e2160d2d3923" />
    <UnitTestResult executionId="370ef190-4363-4dcf-a89e-401b5b2f112d" testId="7987320a-448a-43d4-8609-9152f347d176" testName="FormatToStringTest1000 (3195.202943510936,3195.20 zł)" computerName="DESKTOP-5URQ9PB" duration="00:00:00.0000065" startTime="2022-06-13T21:11:43.7611461+02:00" endTime="2022-06-13T21:11:43.7612126+02:00" testType="13cdc9d9-ddb5-4fa4-a97d-d965ccfc6d4b" outcome="Passed" testListId="8c84fa94-04c1-424b-9868-57a2d4851a1d" relativeResultsDirectory="370ef190-4363-4dcf-a89e-401b5b2f112d" />
    <UnitTestResult executionId="67bfbf1c-edd9-4ee7-a54d-5ca9edd1eb2a" testId="5d103517-957d-4079-ab60-a7af66a6cc51" testName="FormatToStringTest1000 (4636.500544966897,4636.50 zł)" computerName="DESKTOP-5URQ9PB" duration="00:00:00.0000066" startTime="2022-06-13T21:11:43.9026760+02:00" endTime="2022-06-13T21:11:43.9027463+02:00" testType="13cdc9d9-ddb5-4fa4-a97d-d965ccfc6d4b" outcome="Passed" testListId="8c84fa94-04c1-424b-9868-57a2d4851a1d" relativeResultsDirectory="67bfbf1c-edd9-4ee7-a54d-5ca9edd1eb2a" />
    <UnitTestResult executionId="6e4937b6-22c6-44c3-b7a5-bdde13a78871" testId="e80f9d6b-b565-4152-aac9-47d4727872a9" testName="FormatToStringTest1000 (48449.85582609189,48449.86 zł)" computerName="DESKTOP-5URQ9PB" duration="00:00:00.0000065" startTime="2022-06-13T21:11:43.8772104+02:00" endTime="2022-06-13T21:11:43.8772778+02:00" testType="13cdc9d9-ddb5-4fa4-a97d-d965ccfc6d4b" outcome="Passed" testListId="8c84fa94-04c1-424b-9868-57a2d4851a1d" relativeResultsDirectory="6e4937b6-22c6-44c3-b7a5-bdde13a78871" />
    <UnitTestResult executionId="82bcc1e2-8984-4ec4-bfa7-6ec597ed97d3" testId="ca92287a-bbf3-48fe-a1ae-47491c7f64fc" testName="FormatToStringTest1000 (15907.394871033446,15907.39 zł)" computerName="DESKTOP-5URQ9PB" duration="00:00:00.0000064" startTime="2022-06-13T21:11:43.8774624+02:00" endTime="2022-06-13T21:11:43.8775288+02:00" testType="13cdc9d9-ddb5-4fa4-a97d-d965ccfc6d4b" outcome="Passed" testListId="8c84fa94-04c1-424b-9868-57a2d4851a1d" relativeResultsDirectory="82bcc1e2-8984-4ec4-bfa7-6ec597ed97d3" />
    <UnitTestResult executionId="1253174c-b9c7-4172-b77a-d59e01bf66ec" testId="ef9acae2-ea5e-432e-84b6-5404b4cf5dcb" testName="FormatToStringTest1000 (14063.90676654871,14063.91 zł)" computerName="DESKTOP-5URQ9PB" duration="00:00:00.0000065" startTime="2022-06-13T21:11:43.8982969+02:00" endTime="2022-06-13T21:11:43.8983618+02:00" testType="13cdc9d9-ddb5-4fa4-a97d-d965ccfc6d4b" outcome="Passed" testListId="8c84fa94-04c1-424b-9868-57a2d4851a1d" relativeResultsDirectory="1253174c-b9c7-4172-b77a-d59e01bf66ec" />
    <UnitTestResult executionId="f772c58e-7f75-470d-8e66-738309615cc6" testId="0d85ecc0-de78-4856-9aa1-99a962d61f00" testName="FormatToStringTest1000 (26945.125386551546,26945.13 zł)" computerName="DESKTOP-5URQ9PB" duration="00:00:00.0000064" startTime="2022-06-13T21:11:43.6941020+02:00" endTime="2022-06-13T21:11:43.6941689+02:00" testType="13cdc9d9-ddb5-4fa4-a97d-d965ccfc6d4b" outcome="Passed" testListId="8c84fa94-04c1-424b-9868-57a2d4851a1d" relativeResultsDirectory="f772c58e-7f75-470d-8e66-738309615cc6" />
    <UnitTestResult executionId="361733bc-c038-455a-bec4-3f6587dac97b" testId="d5508337-9330-432b-aeaf-e989463bb1e3" testName="FormatToStringTest1000 (5759.256266560991,5759.26 zł)" computerName="DESKTOP-5URQ9PB" duration="00:00:00.0000066" startTime="2022-06-13T21:11:43.8386909+02:00" endTime="2022-06-13T21:11:43.8387609+02:00" testType="13cdc9d9-ddb5-4fa4-a97d-d965ccfc6d4b" outcome="Passed" testListId="8c84fa94-04c1-424b-9868-57a2d4851a1d" relativeResultsDirectory="361733bc-c038-455a-bec4-3f6587dac97b" />
    <UnitTestResult executionId="517b9250-72a6-4116-96d6-a05f6af2dbb5" testId="7a38d217-1971-4b85-8210-589ca6ea279c" testName="FormatToStringTest1000 (658.7555888573431,658.76 zł)" computerName="DESKTOP-5URQ9PB" duration="00:00:00.0000063" startTime="2022-06-13T21:11:43.8062849+02:00" endTime="2022-06-13T21:11:43.8063518+02:00" testType="13cdc9d9-ddb5-4fa4-a97d-d965ccfc6d4b" outcome="Passed" testListId="8c84fa94-04c1-424b-9868-57a2d4851a1d" relativeResultsDirectory="517b9250-72a6-4116-96d6-a05f6af2dbb5" />
    <UnitTestResult executionId="41803c23-adc8-4760-bb2b-d821a3ef4dd8" testId="3585414d-ccc1-42d7-9d52-b72b25b0eefe" testName="FormatToStringTest1000 (96261.84883437205,96261.85 zł)" computerName="DESKTOP-5URQ9PB" duration="00:00:00.0000064" startTime="2022-06-13T21:11:43.9507794+02:00" endTime="2022-06-13T21:11:43.9508434+02:00" testType="13cdc9d9-ddb5-4fa4-a97d-d965ccfc6d4b" outcome="Passed" testListId="8c84fa94-04c1-424b-9868-57a2d4851a1d" relativeResultsDirectory="41803c23-adc8-4760-bb2b-d821a3ef4dd8" />
    <UnitTestResult executionId="2b15eda1-0cd7-40d3-aa00-d8ec98e38300" testId="2a776fca-3bf5-4cf7-afac-4a31762d2404" testName="FormatToStringTest1000 (2951.2722077329045,2951.27 zł)" computerName="DESKTOP-5URQ9PB" duration="00:00:00.0000063" startTime="2022-06-13T21:11:43.7242274+02:00" endTime="2022-06-13T21:11:43.7242936+02:00" testType="13cdc9d9-ddb5-4fa4-a97d-d965ccfc6d4b" outcome="Passed" testListId="8c84fa94-04c1-424b-9868-57a2d4851a1d" relativeResultsDirectory="2b15eda1-0cd7-40d3-aa00-d8ec98e38300" />
    <UnitTestResult executionId="fb7bc904-56b3-42e4-b4b2-004f06b3f90c" testId="0481e0f1-d413-4a6c-ad6c-a26c35f3831f" testName="FormatToStringTest1000 (1474.699818629166,1474.70 zł)" computerName="DESKTOP-5URQ9PB" duration="00:00:00.0000068" startTime="2022-06-13T21:11:43.9486984+02:00" endTime="2022-06-13T21:11:43.9487645+02:00" testType="13cdc9d9-ddb5-4fa4-a97d-d965ccfc6d4b" outcome="Passed" testListId="8c84fa94-04c1-424b-9868-57a2d4851a1d" relativeResultsDirectory="fb7bc904-56b3-42e4-b4b2-004f06b3f90c" />
    <UnitTestResult executionId="a9f514de-c802-4c3c-8bba-c09e4d1353e7" testId="c13e647e-0cd6-40ed-aad2-9aa2a0806a2f" testName="FormatToStringTest1000 (24528.124092612474,24528.12 zł)" computerName="DESKTOP-5URQ9PB" duration="00:00:00.0000063" startTime="2022-06-13T21:11:43.7613136+02:00" endTime="2022-06-13T21:11:43.7613805+02:00" testType="13cdc9d9-ddb5-4fa4-a97d-d965ccfc6d4b" outcome="Passed" testListId="8c84fa94-04c1-424b-9868-57a2d4851a1d" relativeResultsDirectory="a9f514de-c802-4c3c-8bba-c09e4d1353e7" />
    <UnitTestResult executionId="768c4c92-d758-4bee-a8d3-ff527b8f29df" testId="b84e35d5-8cd1-4658-890b-90b404c7168f" testName="FormatToStringTest1000 (16129.507288814293,16129.51 zł)" computerName="DESKTOP-5URQ9PB" duration="00:00:00.0000064" startTime="2022-06-13T21:11:43.8035394+02:00" endTime="2022-06-13T21:11:43.8036057+02:00" testType="13cdc9d9-ddb5-4fa4-a97d-d965ccfc6d4b" outcome="Passed" testListId="8c84fa94-04c1-424b-9868-57a2d4851a1d" relativeResultsDirectory="768c4c92-d758-4bee-a8d3-ff527b8f29df" />
    <UnitTestResult executionId="57a4d067-cf13-4965-8bdb-62e1b7f90116" testId="ce941991-bdfd-4958-ad32-91ca25c965ef" testName="FormatToStringTest1000 (9068.70019550468,9068.70 zł)" computerName="DESKTOP-5URQ9PB" duration="00:00:00.0000073" startTime="2022-06-13T21:11:43.7706667+02:00" endTime="2022-06-13T21:11:43.7707312+02:00" testType="13cdc9d9-ddb5-4fa4-a97d-d965ccfc6d4b" outcome="Passed" testListId="8c84fa94-04c1-424b-9868-57a2d4851a1d" relativeResultsDirectory="57a4d067-cf13-4965-8bdb-62e1b7f90116" />
    <UnitTestResult executionId="41800fdd-1322-46f6-aa6c-3942dbb6b39a" testId="4d6fad58-759c-4d90-a7b0-2dcd8ecbdab8" testName="FormatToStringTest1000 (10066.059180456241,10066.06 zł)" computerName="DESKTOP-5URQ9PB" duration="00:00:00.0000064" startTime="2022-06-13T21:11:43.9394192+02:00" endTime="2022-06-13T21:11:43.9394857+02:00" testType="13cdc9d9-ddb5-4fa4-a97d-d965ccfc6d4b" outcome="Passed" testListId="8c84fa94-04c1-424b-9868-57a2d4851a1d" relativeResultsDirectory="41800fdd-1322-46f6-aa6c-3942dbb6b39a" />
    <UnitTestResult executionId="441c1857-c2a6-4414-addb-ee828b6a187d" testId="d4afc0ac-5eb5-4f82-b092-75a0a6ed2dc6" testName="FormatToStringTest1000 (6958.393354767186,6958.39 zł)" computerName="DESKTOP-5URQ9PB" duration="00:00:00.0000065" startTime="2022-06-13T21:11:43.6068960+02:00" endTime="2022-06-13T21:11:43.6069687+02:00" testType="13cdc9d9-ddb5-4fa4-a97d-d965ccfc6d4b" outcome="Passed" testListId="8c84fa94-04c1-424b-9868-57a2d4851a1d" relativeResultsDirectory="441c1857-c2a6-4414-addb-ee828b6a187d" />
    <UnitTestResult executionId="ad55e5f0-d831-4f60-a108-58c9f8521f3e" testId="9f949acd-4791-4f2c-b6de-88ff80419677" testName="FormatToStringTest1000 (4592.278577496428,4592.28 zł)" computerName="DESKTOP-5URQ9PB" duration="00:00:00.0000065" startTime="2022-06-13T21:11:43.9159453+02:00" endTime="2022-06-13T21:11:43.9160129+02:00" testType="13cdc9d9-ddb5-4fa4-a97d-d965ccfc6d4b" outcome="Passed" testListId="8c84fa94-04c1-424b-9868-57a2d4851a1d" relativeResultsDirectory="ad55e5f0-d831-4f60-a108-58c9f8521f3e" />
    <UnitTestResult executionId="062739c5-b554-433e-b194-a3a6eeb33466" testId="ba51f946-1db8-4c94-bf1d-70b84c06e576" testName="FormatToStringTest1000 (51503.82905738234,51503.83 zł)" computerName="DESKTOP-5URQ9PB" duration="00:00:00.0000067" startTime="2022-06-13T21:11:43.7208949+02:00" endTime="2022-06-13T21:11:43.7209681+02:00" testType="13cdc9d9-ddb5-4fa4-a97d-d965ccfc6d4b" outcome="Passed" testListId="8c84fa94-04c1-424b-9868-57a2d4851a1d" relativeResultsDirectory="062739c5-b554-433e-b194-a3a6eeb33466" />
    <UnitTestResult executionId="6d3531a4-9c8d-4122-bc49-5692210eea28" testId="4d96452c-b5f6-49c7-9d51-9135310a93a5" testName="FormatToStringTest1000 (55030.929183896136,55030.93 zł)" computerName="DESKTOP-5URQ9PB" duration="00:00:00.0000086" startTime="2022-06-13T21:11:43.7110304+02:00" endTime="2022-06-13T21:11:43.7111277+02:00" testType="13cdc9d9-ddb5-4fa4-a97d-d965ccfc6d4b" outcome="Passed" testListId="8c84fa94-04c1-424b-9868-57a2d4851a1d" relativeResultsDirectory="6d3531a4-9c8d-4122-bc49-5692210eea28" />
    <UnitTestResult executionId="23f1c814-0895-4520-bb7f-ff6ce038ec30" testId="d38b25c0-b4ce-47ee-b0e1-4b235d63c88c" testName="FormatToStringTest1000 (13414.3551766441,13414.36 zł)" computerName="DESKTOP-5URQ9PB" duration="00:00:00.0000066" startTime="2022-06-13T21:11:43.7644661+02:00" endTime="2022-06-13T21:11:43.7645302+02:00" testType="13cdc9d9-ddb5-4fa4-a97d-d965ccfc6d4b" outcome="Passed" testListId="8c84fa94-04c1-424b-9868-57a2d4851a1d" relativeResultsDirectory="23f1c814-0895-4520-bb7f-ff6ce038ec30" />
    <UnitTestResult executionId="9cd25b59-04a7-4b0e-a815-0d952700c96d" testId="e7de3f20-0243-4151-b462-e4e83ee3c711" testName="FormatToStringTest1000 (272.5621069118204,272.56 zł)" computerName="DESKTOP-5URQ9PB" duration="00:00:00.0000063" startTime="2022-06-13T21:11:43.8389615+02:00" endTime="2022-06-13T21:11:43.8390299+02:00" testType="13cdc9d9-ddb5-4fa4-a97d-d965ccfc6d4b" outcome="Passed" testListId="8c84fa94-04c1-424b-9868-57a2d4851a1d" relativeResultsDirectory="9cd25b59-04a7-4b0e-a815-0d952700c96d" />
    <UnitTestResult executionId="cf8e0bcb-1802-4753-b8f3-b675a2c639ef" testId="14c205a9-f64b-42e1-a22e-9972bd3690fb" testName="FormatToStringTest1000 (46803.36433423374,46803.36 zł)" computerName="DESKTOP-5URQ9PB" duration="00:00:00.0000067" startTime="2022-06-13T21:11:43.7537936+02:00" endTime="2022-06-13T21:11:43.7538687+02:00" testType="13cdc9d9-ddb5-4fa4-a97d-d965ccfc6d4b" outcome="Passed" testListId="8c84fa94-04c1-424b-9868-57a2d4851a1d" relativeResultsDirectory="cf8e0bcb-1802-4753-b8f3-b675a2c639ef" />
    <UnitTestResult executionId="698e1a68-b3ce-4bc2-b049-d6daae2b5894" testId="c16eca63-9fb0-40bc-b27d-a61fa4a9a863" testName="FormatToStringTest1000 (6676.5680544784145,6676.57 zł)" computerName="DESKTOP-5URQ9PB" duration="00:00:00.0000062" startTime="2022-06-13T21:11:43.9743494+02:00" endTime="2022-06-13T21:11:43.9744140+02:00" testType="13cdc9d9-ddb5-4fa4-a97d-d965ccfc6d4b" outcome="Passed" testListId="8c84fa94-04c1-424b-9868-57a2d4851a1d" relativeResultsDirectory="698e1a68-b3ce-4bc2-b049-d6daae2b5894" />
    <UnitTestResult executionId="c511043a-5fe0-4bf1-9bab-290bb2a10c1f" testId="45c9ebd2-148c-4871-a75a-1cc128adbf85" testName="FormatToStringTest1000 (78519.41691976106,78519.42 zł)" computerName="DESKTOP-5URQ9PB" duration="00:00:00.0000064" startTime="2022-06-13T21:11:43.8963992+02:00" endTime="2022-06-13T21:11:43.8964647+02:00" testType="13cdc9d9-ddb5-4fa4-a97d-d965ccfc6d4b" outcome="Passed" testListId="8c84fa94-04c1-424b-9868-57a2d4851a1d" relativeResultsDirectory="c511043a-5fe0-4bf1-9bab-290bb2a10c1f" />
    <UnitTestResult executionId="03f77640-c522-404a-860e-14e718206e56" testId="430860ee-0790-4b84-8a0f-5b9981a7ca58" testName="FormatToStringTest1000 (23023.74724929768,23023.75 zł)" computerName="DESKTOP-5URQ9PB" duration="00:00:00.0000065" startTime="2022-06-13T21:11:43.8702208+02:00" endTime="2022-06-13T21:11:43.8702880+02:00" testType="13cdc9d9-ddb5-4fa4-a97d-d965ccfc6d4b" outcome="Passed" testListId="8c84fa94-04c1-424b-9868-57a2d4851a1d" relativeResultsDirectory="03f77640-c522-404a-860e-14e718206e56" />
    <UnitTestResult executionId="2a906ddc-85d9-44c8-81a6-61468abf3018" testId="394bd084-16d1-493b-9849-888f740ba3f9" testName="FormatToStringTest1000 (17845.255864087147,17845.26 zł)" computerName="DESKTOP-5URQ9PB" duration="00:00:00.0000065" startTime="2022-06-13T21:11:43.7145759+02:00" endTime="2022-06-13T21:11:43.7146434+02:00" testType="13cdc9d9-ddb5-4fa4-a97d-d965ccfc6d4b" outcome="Passed" testListId="8c84fa94-04c1-424b-9868-57a2d4851a1d" relativeResultsDirectory="2a906ddc-85d9-44c8-81a6-61468abf3018" />
    <UnitTestResult executionId="4c9e0a92-64c3-41f8-8b18-59f350a58222" testId="c8a46863-9725-476c-b166-4d47a460f760" testName="FormatToStringTest1000 (41368.29672956015,41368.30 zł)" computerName="DESKTOP-5URQ9PB" duration="00:00:00.0000070" startTime="2022-06-13T21:11:43.7312720+02:00" endTime="2022-06-13T21:11:43.7313388+02:00" testType="13cdc9d9-ddb5-4fa4-a97d-d965ccfc6d4b" outcome="Passed" testListId="8c84fa94-04c1-424b-9868-57a2d4851a1d" relativeResultsDirectory="4c9e0a92-64c3-41f8-8b18-59f350a58222" />
    <UnitTestResult executionId="af4b7f51-cf9f-4aff-91a0-18600f3c1114" testId="3ffa367e-179c-42e5-a33b-863ce5c4b47b" testName="FormatToStringTest1000 (286.92120604539343,286.92 zł)" computerName="DESKTOP-5URQ9PB" duration="00:00:00.0000071" startTime="2022-06-13T21:11:43.6481922+02:00" endTime="2022-06-13T21:11:43.6482622+02:00" testType="13cdc9d9-ddb5-4fa4-a97d-d965ccfc6d4b" outcome="Passed" testListId="8c84fa94-04c1-424b-9868-57a2d4851a1d" relativeResultsDirectory="af4b7f51-cf9f-4aff-91a0-18600f3c1114" />
    <UnitTestResult executionId="831538bb-dd9f-4f83-b68d-58941dfa2135" testId="af0828fb-b3b0-4eaa-a10e-5395239dc4e6" testName="FormatToStringTest1000 (19071.681252896637,19071.68 zł)" computerName="DESKTOP-5URQ9PB" duration="00:00:00.0000065" startTime="2022-06-13T21:11:43.8957730+02:00" endTime="2022-06-13T21:11:43.8958395+02:00" testType="13cdc9d9-ddb5-4fa4-a97d-d965ccfc6d4b" outcome="Passed" testListId="8c84fa94-04c1-424b-9868-57a2d4851a1d" relativeResultsDirectory="831538bb-dd9f-4f83-b68d-58941dfa2135" />
    <UnitTestResult executionId="c313a3d4-0a5d-4a34-addc-81bebf2cf3d0" testId="11047c53-2d5f-406e-8142-c44ec8343f70" testName="FormatToStringTest1000 (26858.35647848731,26858.36 zł)" computerName="DESKTOP-5URQ9PB" duration="00:00:00.0000064" startTime="2022-06-13T21:11:43.8876073+02:00" endTime="2022-06-13T21:11:43.8876726+02:00" testType="13cdc9d9-ddb5-4fa4-a97d-d965ccfc6d4b" outcome="Passed" testListId="8c84fa94-04c1-424b-9868-57a2d4851a1d" relativeResultsDirectory="c313a3d4-0a5d-4a34-addc-81bebf2cf3d0" />
    <UnitTestResult executionId="859d13cb-b87c-4675-b545-71407a8db8f6" testId="568bcb0d-2608-45ce-b77c-b48a5d9f3622" testName="FormatToStringTest1000 (41972.39431566763,41972.39 zł)" computerName="DESKTOP-5URQ9PB" duration="00:00:00.0000112" startTime="2022-06-13T21:11:43.8164560+02:00" endTime="2022-06-13T21:11:43.8166045+02:00" testType="13cdc9d9-ddb5-4fa4-a97d-d965ccfc6d4b" outcome="Passed" testListId="8c84fa94-04c1-424b-9868-57a2d4851a1d" relativeResultsDirectory="859d13cb-b87c-4675-b545-71407a8db8f6" />
    <UnitTestResult executionId="c0511a00-6c30-4aaa-9faa-9a43f1e4c871" testId="48f02477-aff6-4700-ab94-f638877937f8" testName="FormatToStringTest1000 (17418.31302247863,17418.31 zł)" computerName="DESKTOP-5URQ9PB" duration="00:00:00.0000064" startTime="2022-06-13T21:11:43.7609756+02:00" endTime="2022-06-13T21:11:43.7610436+02:00" testType="13cdc9d9-ddb5-4fa4-a97d-d965ccfc6d4b" outcome="Passed" testListId="8c84fa94-04c1-424b-9868-57a2d4851a1d" relativeResultsDirectory="c0511a00-6c30-4aaa-9faa-9a43f1e4c871" />
    <UnitTestResult executionId="d5231d0f-7c85-4eaa-abf2-b4fddafdbec9" testId="e89fe0c3-a93c-416f-8144-725efb9ef124" testName="FormatToStringTest1000 (3588.260979617136,3588.26 zł)" computerName="DESKTOP-5URQ9PB" duration="00:00:00.0000062" startTime="2022-06-13T21:11:43.9354219+02:00" endTime="2022-06-13T21:11:43.9354861+02:00" testType="13cdc9d9-ddb5-4fa4-a97d-d965ccfc6d4b" outcome="Passed" testListId="8c84fa94-04c1-424b-9868-57a2d4851a1d" relativeResultsDirectory="d5231d0f-7c85-4eaa-abf2-b4fddafdbec9" />
    <UnitTestResult executionId="d83170d8-397b-47b0-b4b8-26ef5b7c29d9" testId="103af03a-ef53-4b3b-bfea-8d0cc00d61ba" testName="FormatToStringTest1000 (15080.274618567097,15080.27 zł)" computerName="DESKTOP-5URQ9PB" duration="00:00:00.0000073" startTime="2022-06-13T21:11:43.8121296+02:00" endTime="2022-06-13T21:11:43.8122197+02:00" testType="13cdc9d9-ddb5-4fa4-a97d-d965ccfc6d4b" outcome="Passed" testListId="8c84fa94-04c1-424b-9868-57a2d4851a1d" relativeResultsDirectory="d83170d8-397b-47b0-b4b8-26ef5b7c29d9" />
    <UnitTestResult executionId="7cfb2bfc-4b9b-41aa-a288-ba4850acc48a" testId="bd717542-9a55-4ecf-841b-490be99366df" testName="FormatToStringTest1000 (57181.240528605056,57181.24 zł)" computerName="DESKTOP-5URQ9PB" duration="00:00:00.0000072" startTime="2022-06-13T21:11:43.7608591+02:00" endTime="2022-06-13T21:11:43.7609576+02:00" testType="13cdc9d9-ddb5-4fa4-a97d-d965ccfc6d4b" outcome="Passed" testListId="8c84fa94-04c1-424b-9868-57a2d4851a1d" relativeResultsDirectory="7cfb2bfc-4b9b-41aa-a288-ba4850acc48a" />
    <UnitTestResult executionId="97d33618-6131-470b-b86c-979051e4c079" testId="eb970e83-2948-415b-acc0-3887b90977f2" testName="FormatToStringTest1000 (6262.373413993219,6262.37 zł)" computerName="DESKTOP-5URQ9PB" duration="00:00:00.0000063" startTime="2022-06-13T21:11:43.7642978+02:00" endTime="2022-06-13T21:11:43.7643642+02:00" testType="13cdc9d9-ddb5-4fa4-a97d-d965ccfc6d4b" outcome="Passed" testListId="8c84fa94-04c1-424b-9868-57a2d4851a1d" relativeResultsDirectory="97d33618-6131-470b-b86c-979051e4c079" />
    <UnitTestResult executionId="c4f44420-e2d2-4d1c-a369-e427d396e43d" testId="91072ec3-7f63-41a2-93dd-47110cf5793e" testName="FormatToStringTest1000 (47163.337736466594,47163.34 zł)" computerName="DESKTOP-5URQ9PB" duration="00:00:00.0000064" startTime="2022-06-13T21:11:43.9553905+02:00" endTime="2022-06-13T21:11:43.9554550+02:00" testType="13cdc9d9-ddb5-4fa4-a97d-d965ccfc6d4b" outcome="Passed" testListId="8c84fa94-04c1-424b-9868-57a2d4851a1d" relativeResultsDirectory="c4f44420-e2d2-4d1c-a369-e427d396e43d" />
    <UnitTestResult executionId="6ec33fd4-d1d0-4afd-a7aa-d68cbd82c537" testId="a937b44f-607e-427c-a055-201051aa7d83" testName="FormatToStringTest1000 (32863.31705269558,32863.32 zł)" computerName="DESKTOP-5URQ9PB" duration="00:00:00.0000062" startTime="2022-06-13T21:11:43.9203525+02:00" endTime="2022-06-13T21:11:43.9204165+02:00" testType="13cdc9d9-ddb5-4fa4-a97d-d965ccfc6d4b" outcome="Passed" testListId="8c84fa94-04c1-424b-9868-57a2d4851a1d" relativeResultsDirectory="6ec33fd4-d1d0-4afd-a7aa-d68cbd82c537" />
    <UnitTestResult executionId="9b5489b4-fd26-4958-81a0-72a58061c328" testId="46d864d3-d81e-474f-8aeb-b8372c006788" testName="FormatToStringTest1000 (33251.41907856028,33251.42 zł)" computerName="DESKTOP-5URQ9PB" duration="00:00:00.0000064" startTime="2022-06-13T21:11:43.6941870+02:00" endTime="2022-06-13T21:11:43.6942530+02:00" testType="13cdc9d9-ddb5-4fa4-a97d-d965ccfc6d4b" outcome="Passed" testListId="8c84fa94-04c1-424b-9868-57a2d4851a1d" relativeResultsDirectory="9b5489b4-fd26-4958-81a0-72a58061c328" />
    <UnitTestResult executionId="52c8b558-abfa-4c70-9d10-8ab11528e2f1" testId="1bc87cd9-c221-4892-8859-46da875202c4" testName="FormatToStringTest1000 (32908.76696502639,32908.77 zł)" computerName="DESKTOP-5URQ9PB" duration="00:00:00.0000063" startTime="2022-06-13T21:11:43.7311046+02:00" endTime="2022-06-13T21:11:43.7311711+02:00" testType="13cdc9d9-ddb5-4fa4-a97d-d965ccfc6d4b" outcome="Passed" testListId="8c84fa94-04c1-424b-9868-57a2d4851a1d" relativeResultsDirectory="52c8b558-abfa-4c70-9d10-8ab11528e2f1" />
    <UnitTestResult executionId="d7cffb56-86fe-407c-a3d8-846e018289b4" testId="43cb7e9d-3b5c-4ef7-9949-c5c40b586a4c" testName="FormatToStringTest1000 (58902.704109088845,58902.70 zł)" computerName="DESKTOP-5URQ9PB" duration="00:00:00.0000065" startTime="2022-06-13T21:11:43.9471356+02:00" endTime="2022-06-13T21:11:43.9471996+02:00" testType="13cdc9d9-ddb5-4fa4-a97d-d965ccfc6d4b" outcome="Passed" testListId="8c84fa94-04c1-424b-9868-57a2d4851a1d" relativeResultsDirectory="d7cffb56-86fe-407c-a3d8-846e018289b4" />
    <UnitTestResult executionId="c52cdc30-a4bc-41ee-8fc1-39c9a3c93802" testId="9f797607-5c33-44b9-9685-9810ca3ad6bb" testName="FormatToStringTest1000 (867.5236648356187,867.52 zł)" computerName="DESKTOP-5URQ9PB" duration="00:00:00.0000068" startTime="2022-06-13T21:11:43.9335130+02:00" endTime="2022-06-13T21:11:43.9335757+02:00" testType="13cdc9d9-ddb5-4fa4-a97d-d965ccfc6d4b" outcome="Passed" testListId="8c84fa94-04c1-424b-9868-57a2d4851a1d" relativeResultsDirectory="c52cdc30-a4bc-41ee-8fc1-39c9a3c93802" />
    <UnitTestResult executionId="b501281d-a70c-4ab7-9400-f119fb05adca" testId="e3651c35-3a2c-4cef-8f6a-186b40d415eb" testName="FormatToStringTest1000 (15624.452361264477,15624.45 zł)" computerName="DESKTOP-5URQ9PB" duration="00:00:00.0000076" startTime="2022-06-13T21:11:43.8321568+02:00" endTime="2022-06-13T21:11:43.8322465+02:00" testType="13cdc9d9-ddb5-4fa4-a97d-d965ccfc6d4b" outcome="Passed" testListId="8c84fa94-04c1-424b-9868-57a2d4851a1d" relativeResultsDirectory="b501281d-a70c-4ab7-9400-f119fb05adca" />
    <UnitTestResult executionId="47363630-cab8-44bd-8da1-7c8e5be1d865" testId="7e93bf67-a918-48f8-abea-be53f6da1bc2" testName="FormatToStringTest1000 (1664.7834932994022,1664.78 zł)" computerName="DESKTOP-5URQ9PB" duration="00:00:00.0000062" startTime="2022-06-13T21:11:43.9693005+02:00" endTime="2022-06-13T21:11:43.9693651+02:00" testType="13cdc9d9-ddb5-4fa4-a97d-d965ccfc6d4b" outcome="Passed" testListId="8c84fa94-04c1-424b-9868-57a2d4851a1d" relativeResultsDirectory="47363630-cab8-44bd-8da1-7c8e5be1d865" />
    <UnitTestResult executionId="01a6d873-f6f8-4195-a79a-934a5fcb14a9" testId="a68f8550-633e-42d2-a7aa-6b734884e631" testName="FormatToStringTest1000 (26174.290999793586,26174.29 zł)" computerName="DESKTOP-5URQ9PB" duration="00:00:00.0000062" startTime="2022-06-13T21:11:43.9336720+02:00" endTime="2022-06-13T21:11:43.9337353+02:00" testType="13cdc9d9-ddb5-4fa4-a97d-d965ccfc6d4b" outcome="Passed" testListId="8c84fa94-04c1-424b-9868-57a2d4851a1d" relativeResultsDirectory="01a6d873-f6f8-4195-a79a-934a5fcb14a9" />
    <UnitTestResult executionId="7a0d8a8a-9789-4697-bea7-4d373d33e631" testId="f2454e3d-4dd1-41fa-a21e-9b5e5b5bf44a" testName="FormatToStringTest1000 (34084.19497795599,34084.19 zł)" computerName="DESKTOP-5URQ9PB" duration="00:00:00.0000064" startTime="2022-06-13T21:11:43.9696249+02:00" endTime="2022-06-13T21:11:43.9696888+02:00" testType="13cdc9d9-ddb5-4fa4-a97d-d965ccfc6d4b" outcome="Passed" testListId="8c84fa94-04c1-424b-9868-57a2d4851a1d" relativeResultsDirectory="7a0d8a8a-9789-4697-bea7-4d373d33e631" />
    <UnitTestResult executionId="29c277db-c26e-4ae1-b6d4-75458d4d03d0" testId="001db505-63b7-459d-a09a-4b88cbb5bf48" testName="FormatToStringTest1000 (1860.3356292016504,1860.34 zł)" computerName="DESKTOP-5URQ9PB" duration="00:00:00.0000063" startTime="2022-06-13T21:11:43.8261902+02:00" endTime="2022-06-13T21:11:43.8262571+02:00" testType="13cdc9d9-ddb5-4fa4-a97d-d965ccfc6d4b" outcome="Passed" testListId="8c84fa94-04c1-424b-9868-57a2d4851a1d" relativeResultsDirectory="29c277db-c26e-4ae1-b6d4-75458d4d03d0" />
    <UnitTestResult executionId="704fcf72-8845-441e-9cfe-2361cafd189b" testId="315dc2db-4dd9-4111-9b63-dc0eab93c74a" testName="FormatToStringTest1000 (2292.8331871111104,2292.83 zł)" computerName="DESKTOP-5URQ9PB" duration="00:00:00.0000065" startTime="2022-06-13T21:11:43.6771010+02:00" endTime="2022-06-13T21:11:43.6771746+02:00" testType="13cdc9d9-ddb5-4fa4-a97d-d965ccfc6d4b" outcome="Passed" testListId="8c84fa94-04c1-424b-9868-57a2d4851a1d" relativeResultsDirectory="704fcf72-8845-441e-9cfe-2361cafd189b" />
    <UnitTestResult executionId="a91a0095-707e-4612-b31a-2b96f72703ab" testId="1e268fde-f3e7-4a20-8f7f-b24fc71a4f42" testName="FormatToStringTest1000 (77904.0088552246,77904.01 zł)" computerName="DESKTOP-5URQ9PB" duration="00:00:00.0000068" startTime="2022-06-13T21:11:43.6805488+02:00" endTime="2022-06-13T21:11:43.6806232+02:00" testType="13cdc9d9-ddb5-4fa4-a97d-d965ccfc6d4b" outcome="Passed" testListId="8c84fa94-04c1-424b-9868-57a2d4851a1d" relativeResultsDirectory="a91a0095-707e-4612-b31a-2b96f72703ab" />
    <UnitTestResult executionId="ef1a203d-b4a0-458b-8fa2-b6149849e069" testId="15765b7a-64d9-4a37-a5b8-5c59f1397977" testName="FormatToStringTest1000 (8499.121443388574,8499.12 zł)" computerName="DESKTOP-5URQ9PB" duration="00:00:00.0000063" startTime="2022-06-13T21:11:43.6644597+02:00" endTime="2022-06-13T21:11:43.6645267+02:00" testType="13cdc9d9-ddb5-4fa4-a97d-d965ccfc6d4b" outcome="Passed" testListId="8c84fa94-04c1-424b-9868-57a2d4851a1d" relativeResultsDirectory="ef1a203d-b4a0-458b-8fa2-b6149849e069" />
    <UnitTestResult executionId="9feba19f-ab6b-43ff-b36b-af19f08d7826" testId="7eb9aa90-e1f7-4262-988c-f7f0ae2aec8c" testName="FormatToStringTest1000 (7182.939759099362,7182.94 zł)" computerName="DESKTOP-5URQ9PB" duration="00:00:00.0000066" startTime="2022-06-13T21:11:43.7470492+02:00" endTime="2022-06-13T21:11:43.7471216+02:00" testType="13cdc9d9-ddb5-4fa4-a97d-d965ccfc6d4b" outcome="Passed" testListId="8c84fa94-04c1-424b-9868-57a2d4851a1d" relativeResultsDirectory="9feba19f-ab6b-43ff-b36b-af19f08d7826" />
    <UnitTestResult executionId="4cb33c41-4399-4428-a4e6-5e93408bdc26" testId="c5cc1f1b-2d9e-4055-8701-02d14978e704" testName="FormatToStringTest1000 (3270.482477338743,3270.48 zł)" computerName="DESKTOP-5URQ9PB" duration="00:00:00.0000065" startTime="2022-06-13T21:11:43.9139454+02:00" endTime="2022-06-13T21:11:43.9140125+02:00" testType="13cdc9d9-ddb5-4fa4-a97d-d965ccfc6d4b" outcome="Passed" testListId="8c84fa94-04c1-424b-9868-57a2d4851a1d" relativeResultsDirectory="4cb33c41-4399-4428-a4e6-5e93408bdc26" />
    <UnitTestResult executionId="81236fd7-71d9-44be-a118-45e404139fa5" testId="057cf8ee-b341-47c0-af1a-af6e230fa282" testName="FormatToStringTest1000 (59919.71489415491,59919.71 zł)" computerName="DESKTOP-5URQ9PB" duration="00:00:00.0000116" startTime="2022-06-13T21:11:43.8768691+02:00" endTime="2022-06-13T21:11:43.8770098+02:00" testType="13cdc9d9-ddb5-4fa4-a97d-d965ccfc6d4b" outcome="Passed" testListId="8c84fa94-04c1-424b-9868-57a2d4851a1d" relativeResultsDirectory="81236fd7-71d9-44be-a118-45e404139fa5" />
    <UnitTestResult executionId="528c0033-b3e9-425c-b7b3-6e20f2061861" testId="6199e3fb-5309-4e20-bd16-8c7655668d6b" testName="FormatToStringTest1000 (5628.028273674672,5628.03 zł)" computerName="DESKTOP-5URQ9PB" duration="00:00:00.0000070" startTime="2022-06-13T21:11:43.6065553+02:00" endTime="2022-06-13T21:11:43.6066237+02:00" testType="13cdc9d9-ddb5-4fa4-a97d-d965ccfc6d4b" outcome="Passed" testListId="8c84fa94-04c1-424b-9868-57a2d4851a1d" relativeResultsDirectory="528c0033-b3e9-425c-b7b3-6e20f2061861" />
    <UnitTestResult executionId="4dd63435-d1dc-440a-86b1-945228973bc2" testId="1ecb12b6-5b0b-4ade-a687-622635e5ab2f" testName="FormatToStringTest1000 (50413.517583300134,50413.52 zł)" computerName="DESKTOP-5URQ9PB" duration="00:00:00.0000064" startTime="2022-06-13T21:11:43.8920363+02:00" endTime="2022-06-13T21:11:43.8921028+02:00" testType="13cdc9d9-ddb5-4fa4-a97d-d965ccfc6d4b" outcome="Passed" testListId="8c84fa94-04c1-424b-9868-57a2d4851a1d" relativeResultsDirectory="4dd63435-d1dc-440a-86b1-945228973bc2" />
    <UnitTestResult executionId="d20c97a1-255a-4504-aa25-9df6e5bd6e62" testId="2710e8ce-c5e8-4d60-ad65-23c155c9c4c6" testName="FormatToStringTest1000 (72703.4365723503,72703.44 zł)" computerName="DESKTOP-5URQ9PB" duration="00:00:00.0000078" startTime="2022-06-13T21:11:43.7763529+02:00" endTime="2022-06-13T21:11:43.7764354+02:00" testType="13cdc9d9-ddb5-4fa4-a97d-d965ccfc6d4b" outcome="Passed" testListId="8c84fa94-04c1-424b-9868-57a2d4851a1d" relativeResultsDirectory="d20c97a1-255a-4504-aa25-9df6e5bd6e62" />
    <UnitTestResult executionId="c52b12a7-39db-4260-8ead-56c1304adb5c" testId="aa18725a-65be-43a4-828d-998c62b55bb1" testName="FormatToStringTest1000 (545.7016866634142,545.70 zł)" computerName="DESKTOP-5URQ9PB" duration="00:00:00.0000066" startTime="2022-06-13T21:11:43.8421019+02:00" endTime="2022-06-13T21:11:43.8421853+02:00" testType="13cdc9d9-ddb5-4fa4-a97d-d965ccfc6d4b" outcome="Passed" testListId="8c84fa94-04c1-424b-9868-57a2d4851a1d" relativeResultsDirectory="c52b12a7-39db-4260-8ead-56c1304adb5c" />
    <UnitTestResult executionId="2c38498e-a3ed-4bfa-b2da-ef9d386fcb42" testId="f51fa027-881c-454c-a46b-5dcbc0469700" testName="FormatToStringTest1000 (22281.48592587257,22281.49 zł)" computerName="DESKTOP-5URQ9PB" duration="00:00:00.0000083" startTime="2022-06-13T21:11:43.7575421+02:00" endTime="2022-06-13T21:11:43.7576473+02:00" testType="13cdc9d9-ddb5-4fa4-a97d-d965ccfc6d4b" outcome="Passed" testListId="8c84fa94-04c1-424b-9868-57a2d4851a1d" relativeResultsDirectory="2c38498e-a3ed-4bfa-b2da-ef9d386fcb42" />
    <UnitTestResult executionId="3272c050-74cf-471d-a5f2-7dc7dca5963d" testId="7a2cb2dc-01f4-4572-8b1f-dfd2c99e01e0" testName="FormatToStringTest1000 (17875.613377604455,17875.61 zł)" computerName="DESKTOP-5URQ9PB" duration="00:00:00.0000083" startTime="2022-06-13T21:11:43.7173655+02:00" endTime="2022-06-13T21:11:43.7174607+02:00" testType="13cdc9d9-ddb5-4fa4-a97d-d965ccfc6d4b" outcome="Passed" testListId="8c84fa94-04c1-424b-9868-57a2d4851a1d" relativeResultsDirectory="3272c050-74cf-471d-a5f2-7dc7dca5963d" />
    <UnitTestResult executionId="6805986e-1378-4f28-b1bf-27c523dbea0f" testId="4e30e85d-8010-413e-a9fa-22b74b3cfc4f" testName="FormatToStringTest1000 (21602.417596116393,21602.42 zł)" computerName="DESKTOP-5URQ9PB" duration="00:00:00.0000063" startTime="2022-06-13T21:11:43.7083334+02:00" endTime="2022-06-13T21:11:43.7084007+02:00" testType="13cdc9d9-ddb5-4fa4-a97d-d965ccfc6d4b" outcome="Passed" testListId="8c84fa94-04c1-424b-9868-57a2d4851a1d" relativeResultsDirectory="6805986e-1378-4f28-b1bf-27c523dbea0f" />
    <UnitTestResult executionId="03578bfc-db34-4396-bcd1-f8a713b7fc0f" testId="a942e9ef-0f1a-44af-a9f5-1ec44bebde6c" testName="FormatToStringTest1000 (14137.400697779563,14137.40 zł)" computerName="DESKTOP-5URQ9PB" duration="00:00:00.0000066" startTime="2022-06-13T21:11:43.9738238+02:00" endTime="2022-06-13T21:11:43.9739039+02:00" testType="13cdc9d9-ddb5-4fa4-a97d-d965ccfc6d4b" outcome="Passed" testListId="8c84fa94-04c1-424b-9868-57a2d4851a1d" relativeResultsDirectory="03578bfc-db34-4396-bcd1-f8a713b7fc0f" />
    <UnitTestResult executionId="7de5216c-7c48-4a5d-873b-d85efd5b01cd" testId="ebbeb5b6-3914-45bc-9158-ade084fa1f78" testName="FormatToStringTest1000 (86.89546322771136,86.90 zł)" computerName="DESKTOP-5URQ9PB" duration="00:00:00.0000083" startTime="2022-06-13T21:11:43.6577534+02:00" endTime="2022-06-13T21:11:43.6578302+02:00" testType="13cdc9d9-ddb5-4fa4-a97d-d965ccfc6d4b" outcome="Passed" testListId="8c84fa94-04c1-424b-9868-57a2d4851a1d" relativeResultsDirectory="7de5216c-7c48-4a5d-873b-d85efd5b01cd" />
    <UnitTestResult executionId="b902f2a1-963b-437d-a863-7a52b2928587" testId="b8d19643-a1e9-42be-88ab-f96affa4f6f9" testName="FormatToStringTest1000 (6352.983758103561,6352.98 zł)" computerName="DESKTOP-5URQ9PB" duration="00:00:00.0000082" startTime="2022-06-13T21:11:43.9371854+02:00" endTime="2022-06-13T21:11:43.9372746+02:00" testType="13cdc9d9-ddb5-4fa4-a97d-d965ccfc6d4b" outcome="Passed" testListId="8c84fa94-04c1-424b-9868-57a2d4851a1d" relativeResultsDirectory="b902f2a1-963b-437d-a863-7a52b2928587" />
    <UnitTestResult executionId="3f420822-fafd-492d-9877-d4357f46f100" testId="a8ff7d96-4c6e-46eb-b814-9744a53d6b20" testName="FormatToStringTest1000 (33699.13042082038,33699.13 zł)" computerName="DESKTOP-5URQ9PB" duration="00:00:00.0000081" startTime="2022-06-13T21:11:43.8914040+02:00" endTime="2022-06-13T21:11:43.8914942+02:00" testType="13cdc9d9-ddb5-4fa4-a97d-d965ccfc6d4b" outcome="Passed" testListId="8c84fa94-04c1-424b-9868-57a2d4851a1d" relativeResultsDirectory="3f420822-fafd-492d-9877-d4357f46f100" />
    <UnitTestResult executionId="499f6695-f4fc-4810-88b9-795f14882ba2" testId="a4010d28-517f-429b-95d5-64c3bbdb2f01" testName="FormatToStringTest1000 (64124.274503948756,64124.27 zł)" computerName="DESKTOP-5URQ9PB" duration="00:00:00.0000063" startTime="2022-06-13T21:11:43.7705828+02:00" endTime="2022-06-13T21:11:43.7706495+02:00" testType="13cdc9d9-ddb5-4fa4-a97d-d965ccfc6d4b" outcome="Passed" testListId="8c84fa94-04c1-424b-9868-57a2d4851a1d" relativeResultsDirectory="499f6695-f4fc-4810-88b9-795f14882ba2" />
    <UnitTestResult executionId="e538781a-d32b-4c3d-a3dd-0f4697ac5718" testId="a75d8427-8e5d-4dc7-85cd-eb608a912a10" testName="FormatToStringTest1000 (66945.02904917022,66945.03 zł)" computerName="DESKTOP-5URQ9PB" duration="00:00:00.0000069" startTime="2022-06-13T21:11:43.9400015+02:00" endTime="2022-06-13T21:11:43.9400670+02:00" testType="13cdc9d9-ddb5-4fa4-a97d-d965ccfc6d4b" outcome="Passed" testListId="8c84fa94-04c1-424b-9868-57a2d4851a1d" relativeResultsDirectory="e538781a-d32b-4c3d-a3dd-0f4697ac5718" />
    <UnitTestResult executionId="b2f9b199-2a4f-449a-9e03-79d924bfef70" testId="740966eb-924d-41d1-9a8e-c9df69df9514" testName="FormatToStringTest1000 (1739.5853778997368,1739.59 zł)" computerName="DESKTOP-5URQ9PB" duration="00:00:00.0000066" startTime="2022-06-13T21:11:43.7031175+02:00" endTime="2022-06-13T21:11:43.7031851+02:00" testType="13cdc9d9-ddb5-4fa4-a97d-d965ccfc6d4b" outcome="Passed" testListId="8c84fa94-04c1-424b-9868-57a2d4851a1d" relativeResultsDirectory="b2f9b199-2a4f-449a-9e03-79d924bfef70" />
    <UnitTestResult executionId="3d0e84bd-384a-433d-887a-1501eebf53d0" testId="68737909-b4c9-4dc6-bd06-08430bc5ddde" testName="FormatToStringTest1000 (19085.023282992664,19085.02 zł)" computerName="DESKTOP-5URQ9PB" duration="00:00:00.0000065" startTime="2022-06-13T21:11:43.8747336+02:00" endTime="2022-06-13T21:11:43.8748009+02:00" testType="13cdc9d9-ddb5-4fa4-a97d-d965ccfc6d4b" outcome="Passed" testListId="8c84fa94-04c1-424b-9868-57a2d4851a1d" relativeResultsDirectory="3d0e84bd-384a-433d-887a-1501eebf53d0" />
    <UnitTestResult executionId="64354dea-1c2a-435f-9027-21234184be7a" testId="4ea3a598-ccea-4efd-a761-a49ff1c12fa2" testName="FormatToStringTest1000 (31391.358864880804,31391.36 zł)" computerName="DESKTOP-5URQ9PB" duration="00:00:00.0000063" startTime="2022-06-13T21:11:43.9395024+02:00" endTime="2022-06-13T21:11:43.9395673+02:00" testType="13cdc9d9-ddb5-4fa4-a97d-d965ccfc6d4b" outcome="Passed" testListId="8c84fa94-04c1-424b-9868-57a2d4851a1d" relativeResultsDirectory="64354dea-1c2a-435f-9027-21234184be7a" />
    <UnitTestResult executionId="a2e65eb0-4f0b-4d58-91f1-9798a6500053" testId="3a3421b1-0e35-4f98-91b7-9cfdd9924069" testName="FormatToStringTest1000 (52032.65082931176,52032.65 zł)" computerName="DESKTOP-5URQ9PB" duration="00:00:00.0000063" startTime="2022-06-13T21:11:43.9715619+02:00" endTime="2022-06-13T21:11:43.9716273+02:00" testType="13cdc9d9-ddb5-4fa4-a97d-d965ccfc6d4b" outcome="Passed" testListId="8c84fa94-04c1-424b-9868-57a2d4851a1d" relativeResultsDirectory="a2e65eb0-4f0b-4d58-91f1-9798a6500053" />
    <UnitTestResult executionId="9c79d877-2f2a-4b2f-ab9a-a4f029d4ca91" testId="9b3bdde4-3717-4c6a-8843-dadc33416775" testName="FormatToStringTest1000 (27942.393876474067,27942.39 zł)" computerName="DESKTOP-5URQ9PB" duration="00:00:00.0000065" startTime="2022-06-13T21:11:43.8750067+02:00" endTime="2022-06-13T21:11:43.8750736+02:00" testType="13cdc9d9-ddb5-4fa4-a97d-d965ccfc6d4b" outcome="Passed" testListId="8c84fa94-04c1-424b-9868-57a2d4851a1d" relativeResultsDirectory="9c79d877-2f2a-4b2f-ab9a-a4f029d4ca91" />
    <UnitTestResult executionId="b3ee06b4-2b9c-47ae-b82d-3ec9efa06c9c" testId="3e2ccf9b-aaed-4803-a676-5eb8f13a6029" testName="FormatToStringTest1000 (27027.327683509946,27027.33 zł)" computerName="DESKTOP-5URQ9PB" duration="00:00:00.0000062" startTime="2022-06-13T21:11:43.7115696+02:00" endTime="2022-06-13T21:11:43.7116352+02:00" testType="13cdc9d9-ddb5-4fa4-a97d-d965ccfc6d4b" outcome="Passed" testListId="8c84fa94-04c1-424b-9868-57a2d4851a1d" relativeResultsDirectory="b3ee06b4-2b9c-47ae-b82d-3ec9efa06c9c" />
    <UnitTestResult executionId="49844fdb-5813-444b-9d90-345faae0cdfe" testId="5466ebed-aebf-43e3-adf8-ea1d67e38ee8" testName="FormatToStringTest1000 (4025.728369236797,4025.73 zł)" computerName="DESKTOP-5URQ9PB" duration="00:00:00.0000085" startTime="2022-06-13T21:11:43.7996684+02:00" endTime="2022-06-13T21:11:43.7997678+02:00" testType="13cdc9d9-ddb5-4fa4-a97d-d965ccfc6d4b" outcome="Passed" testListId="8c84fa94-04c1-424b-9868-57a2d4851a1d" relativeResultsDirectory="49844fdb-5813-444b-9d90-345faae0cdfe" />
    <UnitTestResult executionId="9219cf18-985b-4486-a11a-cad46306c40d" testId="d27b91ec-de00-4c23-bb3b-6ad729ae5ac9" testName="FormatToStringTest1000 (7891.960478953067,7891.96 zł)" computerName="DESKTOP-5URQ9PB" duration="00:00:00.0000063" startTime="2022-06-13T21:11:43.7940301+02:00" endTime="2022-06-13T21:11:43.7940971+02:00" testType="13cdc9d9-ddb5-4fa4-a97d-d965ccfc6d4b" outcome="Passed" testListId="8c84fa94-04c1-424b-9868-57a2d4851a1d" relativeResultsDirectory="9219cf18-985b-4486-a11a-cad46306c40d" />
    <UnitTestResult executionId="ac187ab3-c730-448c-8d87-8e048a339519" testId="02ce3e78-274c-4981-9e54-3ed805a48b71" testName="FormatToStringTest1000 (941.429400278921,941.43 zł)" computerName="DESKTOP-5URQ9PB" duration="00:00:00.0000064" startTime="2022-06-13T21:11:43.7736867+02:00" endTime="2022-06-13T21:11:43.7737508+02:00" testType="13cdc9d9-ddb5-4fa4-a97d-d965ccfc6d4b" outcome="Passed" testListId="8c84fa94-04c1-424b-9868-57a2d4851a1d" relativeResultsDirectory="ac187ab3-c730-448c-8d87-8e048a339519" />
  </Results>
  <TestDefinitions>
    <UnitTest name="FormatToStringTest1000 (13455.521105358153,13455.52 zł)" storage="c:\projekty\mstestproject\bin\debug\netcoreapp3.1\mstestproject.dll" id="c9e906ad-1886-4dbd-a014-f3d53d0377d5">
      <TestCategory>
        <TestCategoryItem TestCategory="Category1000" />
      </TestCategory>
      <Execution id="1ae6b2e4-b310-4309-ae3f-9d0db08ef7f6" />
      <TestMethod codeBase="C:\Projekty\MSTestProject\bin\Debug\netcoreapp3.1\MSTestProject.dll" adapterTypeName="executor://mstestadapter/v2" className="TwojeWesele.Services.Helpers.Tests.CurrencyHelperTests" name="FormatToStringTest1000" />
    </UnitTest>
    <UnitTest name="FormatToStringTest1000 (5504.094303639184,5504.09 zł)" storage="c:\projekty\mstestproject\bin\debug\netcoreapp3.1\mstestproject.dll" id="30c8d880-c67d-441c-863f-64a5096a312a">
      <TestCategory>
        <TestCategoryItem TestCategory="Category1000" />
      </TestCategory>
      <Execution id="e2a0c466-05b0-462e-bd4c-38b3eeb250ad" />
      <TestMethod codeBase="C:\Projekty\MSTestProject\bin\Debug\netcoreapp3.1\MSTestProject.dll" adapterTypeName="executor://mstestadapter/v2" className="TwojeWesele.Services.Helpers.Tests.CurrencyHelperTests" name="FormatToStringTest1000" />
    </UnitTest>
    <UnitTest name="FormatToStringTest1000 (26215.613055301183,26215.61 zł)" storage="c:\projekty\mstestproject\bin\debug\netcoreapp3.1\mstestproject.dll" id="52f222c0-701c-46e4-bf5e-67ba3c36af9d">
      <TestCategory>
        <TestCategoryItem TestCategory="Category1000" />
      </TestCategory>
      <Execution id="bebbceaa-95b5-4d46-b9b4-3517c54a2b1d" />
      <TestMethod codeBase="C:\Projekty\MSTestProject\bin\Debug\netcoreapp3.1\MSTestProject.dll" adapterTypeName="executor://mstestadapter/v2" className="TwojeWesele.Services.Helpers.Tests.CurrencyHelperTests" name="FormatToStringTest1000" />
    </UnitTest>
    <UnitTest name="FormatToStringTest1000 (21893.78889296939,21893.79 zł)" storage="c:\projekty\mstestproject\bin\debug\netcoreapp3.1\mstestproject.dll" id="5024292a-f0db-4fdd-95af-97b7e50ede8f">
      <TestCategory>
        <TestCategoryItem TestCategory="Category1000" />
      </TestCategory>
      <Execution id="850a154d-917d-43c3-ac0e-9d14d1700616" />
      <TestMethod codeBase="C:\Projekty\MSTestProject\bin\Debug\netcoreapp3.1\MSTestProject.dll" adapterTypeName="executor://mstestadapter/v2" className="TwojeWesele.Services.Helpers.Tests.CurrencyHelperTests" name="FormatToStringTest1000" />
    </UnitTest>
    <UnitTest name="FormatToStringTest1000 (4648.492795337221,4648.49 zł)" storage="c:\projekty\mstestproject\bin\debug\netcoreapp3.1\mstestproject.dll" id="f016d42a-1917-4456-8ec2-a8eceaa2badf">
      <TestCategory>
        <TestCategoryItem TestCategory="Category1000" />
      </TestCategory>
      <Execution id="161ab383-15fc-4292-84cc-61ce1e3d32c4" />
      <TestMethod codeBase="C:\Projekty\MSTestProject\bin\Debug\netcoreapp3.1\MSTestProject.dll" adapterTypeName="executor://mstestadapter/v2" className="TwojeWesele.Services.Helpers.Tests.CurrencyHelperTests" name="FormatToStringTest1000" />
    </UnitTest>
    <UnitTest name="FormatToStringTest1000 (2883.637133003975,2883.64 zł)" storage="c:\projekty\mstestproject\bin\debug\netcoreapp3.1\mstestproject.dll" id="58127d47-4e72-42bf-838d-b06352d894b9">
      <TestCategory>
        <TestCategoryItem TestCategory="Category1000" />
      </TestCategory>
      <Execution id="a934b5da-65b0-4291-8a55-81bf1e460f11" />
      <TestMethod codeBase="C:\Projekty\MSTestProject\bin\Debug\netcoreapp3.1\MSTestProject.dll" adapterTypeName="executor://mstestadapter/v2" className="TwojeWesele.Services.Helpers.Tests.CurrencyHelperTests" name="FormatToStringTest1000" />
    </UnitTest>
    <UnitTest name="FormatToStringTest1000 (77904.0088552246,77904.01 zł)" storage="c:\projekty\mstestproject\bin\debug\netcoreapp3.1\mstestproject.dll" id="1e268fde-f3e7-4a20-8f7f-b24fc71a4f42">
      <TestCategory>
        <TestCategoryItem TestCategory="Category1000" />
      </TestCategory>
      <Execution id="a91a0095-707e-4612-b31a-2b96f72703ab" />
      <TestMethod codeBase="C:\Projekty\MSTestProject\bin\Debug\netcoreapp3.1\MSTestProject.dll" adapterTypeName="executor://mstestadapter/v2" className="TwojeWesele.Services.Helpers.Tests.CurrencyHelperTests" name="FormatToStringTest1000" />
    </UnitTest>
    <UnitTest name="FormatToStringTest1000 (9068.70019550468,9068.70 zł)" storage="c:\projekty\mstestproject\bin\debug\netcoreapp3.1\mstestproject.dll" id="ce941991-bdfd-4958-ad32-91ca25c965ef">
      <TestCategory>
        <TestCategoryItem TestCategory="Category1000" />
      </TestCategory>
      <Execution id="57a4d067-cf13-4965-8bdb-62e1b7f90116" />
      <TestMethod codeBase="C:\Projekty\MSTestProject\bin\Debug\netcoreapp3.1\MSTestProject.dll" adapterTypeName="executor://mstestadapter/v2" className="TwojeWesele.Services.Helpers.Tests.CurrencyHelperTests" name="FormatToStringTest1000" />
    </UnitTest>
    <UnitTest name="FormatToStringTest1000 (32812.53695512634,32812.54 zł)" storage="c:\projekty\mstestproject\bin\debug\netcoreapp3.1\mstestproject.dll" id="e50bd4c4-f3a4-4ca9-8415-4163a72ed363">
      <TestCategory>
        <TestCategoryItem TestCategory="Category1000" />
      </TestCategory>
      <Execution id="66273dee-8318-4054-859a-240eed6cd281" />
      <TestMethod codeBase="C:\Projekty\MSTestProject\bin\Debug\netcoreapp3.1\MSTestProject.dll" adapterTypeName="executor://mstestadapter/v2" className="TwojeWesele.Services.Helpers.Tests.CurrencyHelperTests" name="FormatToStringTest1000" />
    </UnitTest>
    <UnitTest name="FormatToStringTest1000 (63427.55325689332,63427.55 zł)" storage="c:\projekty\mstestproject\bin\debug\netcoreapp3.1\mstestproject.dll" id="30328216-52bb-4738-82b5-53b7f0796e72">
      <TestCategory>
        <TestCategoryItem TestCategory="Category1000" />
      </TestCategory>
      <Execution id="49443c50-4be0-45c6-bdf8-3308c156a036" />
      <TestMethod codeBase="C:\Projekty\MSTestProject\bin\Debug\netcoreapp3.1\MSTestProject.dll" adapterTypeName="executor://mstestadapter/v2" className="TwojeWesele.Services.Helpers.Tests.CurrencyHelperTests" name="FormatToStringTest1000" />
    </UnitTest>
    <UnitTest name="FormatToStringTest1000 (61633.2671179945,61633.27 zł)" storage="c:\projekty\mstestproject\bin\debug\netcoreapp3.1\mstestproject.dll" id="aaf3fa22-3e52-4df9-a34a-8b3f9fdbb1ae">
      <TestCategory>
        <TestCategoryItem TestCategory="Category1000" />
      </TestCategory>
      <Execution id="b313c03f-8d85-4f5b-82c0-59879baa67b8" />
      <TestMethod codeBase="C:\Projekty\MSTestProject\bin\Debug\netcoreapp3.1\MSTestProject.dll" adapterTypeName="executor://mstestadapter/v2" className="TwojeWesele.Services.Helpers.Tests.CurrencyHelperTests" name="FormatToStringTest1000" />
    </UnitTest>
    <UnitTest name="FormatToStringTest1000 (19519.4298413505,19519.43 zł)" storage="c:\projekty\mstestproject\bin\debug\netcoreapp3.1\mstestproject.dll" id="76b9e1af-c583-420d-9c4c-7b6167a4e679">
      <TestCategory>
        <TestCategoryItem TestCategory="Category1000" />
      </TestCategory>
      <Execution id="0bb6facd-ba29-4d1f-b903-19ac8950cafe" />
      <TestMethod codeBase="C:\Projekty\MSTestProject\bin\Debug\netcoreapp3.1\MSTestProject.dll" adapterTypeName="executor://mstestadapter/v2" className="TwojeWesele.Services.Helpers.Tests.CurrencyHelperTests" name="FormatToStringTest1000" />
    </UnitTest>
    <UnitTest name="FormatToStringTest1000 (15907.394871033446,15907.39 zł)" storage="c:\projekty\mstestproject\bin\debug\netcoreapp3.1\mstestproject.dll" id="ca92287a-bbf3-48fe-a1ae-47491c7f64fc">
      <TestCategory>
        <TestCategoryItem TestCategory="Category1000" />
      </TestCategory>
      <Execution id="82bcc1e2-8984-4ec4-bfa7-6ec597ed97d3" />
      <TestMethod codeBase="C:\Projekty\MSTestProject\bin\Debug\netcoreapp3.1\MSTestProject.dll" adapterTypeName="executor://mstestadapter/v2" className="TwojeWesele.Services.Helpers.Tests.CurrencyHelperTests" name="FormatToStringTest1000" />
    </UnitTest>
    <UnitTest name="FormatToStringTest1000 (26015.8311952552,26015.83 zł)" storage="c:\projekty\mstestproject\bin\debug\netcoreapp3.1\mstestproject.dll" id="ddfff896-0f1e-4501-83fd-2e167bf6cb4a">
      <TestCategory>
        <TestCategoryItem TestCategory="Category1000" />
      </TestCategory>
      <Execution id="0af6b9b8-b68c-4408-9957-74de9c2f63b3" />
      <TestMethod codeBase="C:\Projekty\MSTestProject\bin\Debug\netcoreapp3.1\MSTestProject.dll" adapterTypeName="executor://mstestadapter/v2" className="TwojeWesele.Services.Helpers.Tests.CurrencyHelperTests" name="FormatToStringTest1000" />
    </UnitTest>
    <UnitTest name="FormatToStringTest1000 (28992.38363400166,28992.38 zł)" storage="c:\projekty\mstestproject\bin\debug\netcoreapp3.1\mstestproject.dll" id="b6fe85a0-8f97-4d05-ae7d-14edb9ed26f0">
      <TestCategory>
        <TestCategoryItem TestCategory="Category1000" />
      </TestCategory>
      <Execution id="5dd7559b-fd56-4a33-9ffb-5bf8197301f9" />
      <TestMethod codeBase="C:\Projekty\MSTestProject\bin\Debug\netcoreapp3.1\MSTestProject.dll" adapterTypeName="executor://mstestadapter/v2" className="TwojeWesele.Services.Helpers.Tests.CurrencyHelperTests" name="FormatToStringTest1000" />
    </UnitTest>
    <UnitTest name="FormatToStringTest1000 (97129.75160633575,97129.75 zł)" storage="c:\projekty\mstestproject\bin\debug\netcoreapp3.1\mstestproject.dll" id="f35faa53-02cf-4a8c-ab4e-e8b8e5e8ad08">
      <TestCategory>
        <TestCategoryItem TestCategory="Category1000" />
      </TestCategory>
      <Execution id="ffd9d3af-0749-4803-a170-2b0300597183" />
      <TestMethod codeBase="C:\Projekty\MSTestProject\bin\Debug\netcoreapp3.1\MSTestProject.dll" adapterTypeName="executor://mstestadapter/v2" className="TwojeWesele.Services.Helpers.Tests.CurrencyHelperTests" name="FormatToStringTest1000" />
    </UnitTest>
    <UnitTest name="FormatToStringTest1000 (52020.805412759444,52020.81 zł)" storage="c:\projekty\mstestproject\bin\debug\netcoreapp3.1\mstestproject.dll" id="b6a240c5-ed5c-424b-af69-794654f7aa2c">
      <TestCategory>
        <TestCategoryItem TestCategory="Category1000" />
      </TestCategory>
      <Execution id="9201ffca-fa20-4d39-bf9b-e6fa18cfd20b" />
      <TestMethod codeBase="C:\Projekty\MSTestProject\bin\Debug\netcoreapp3.1\MSTestProject.dll" adapterTypeName="executor://mstestadapter/v2" className="TwojeWesele.Services.Helpers.Tests.CurrencyHelperTests" name="FormatToStringTest1000" />
    </UnitTest>
    <UnitTest name="FormatToStringTest1000 (49416.285282306504,49416.29 zł)" storage="c:\projekty\mstestproject\bin\debug\netcoreapp3.1\mstestproject.dll" id="252de7e2-561a-42ba-807c-aad5446570ed">
      <TestCategory>
        <TestCategoryItem TestCategory="Category1000" />
      </TestCategory>
      <Execution id="f9932cf0-8aa2-4f56-831a-9002d18e4380" />
      <TestMethod codeBase="C:\Projekty\MSTestProject\bin\Debug\netcoreapp3.1\MSTestProject.dll" adapterTypeName="executor://mstestadapter/v2" className="TwojeWesele.Services.Helpers.Tests.CurrencyHelperTests" name="FormatToStringTest1000" />
    </UnitTest>
    <UnitTest name="FormatToStringTest1000 (16208.076866391615,16208.08 zł)" storage="c:\projekty\mstestproject\bin\debug\netcoreapp3.1\mstestproject.dll" id="d19b017f-a298-43ca-a3ae-d76689883166">
      <TestCategory>
        <TestCategoryItem TestCategory="Category1000" />
      </TestCategory>
      <Execution id="04ead0fc-e2ec-4dbb-aa7d-285327b9c1e1" />
      <TestMethod codeBase="C:\Projekty\MSTestProject\bin\Debug\netcoreapp3.1\MSTestProject.dll" adapterTypeName="executor://mstestadapter/v2" className="TwojeWesele.Services.Helpers.Tests.CurrencyHelperTests" name="FormatToStringTest1000" />
    </UnitTest>
    <UnitTest name="FormatToStringTest1000 (48084.94422955389,48084.94 zł)" storage="c:\projekty\mstestproject\bin\debug\netcoreapp3.1\mstestproject.dll" id="85b79eb4-5066-4917-a01c-951bb69dcd6d">
      <TestCategory>
        <TestCategoryItem TestCategory="Category1000" />
      </TestCategory>
      <Execution id="2bae74bc-49ee-466e-849b-177360896930" />
      <TestMethod codeBase="C:\Projekty\MSTestProject\bin\Debug\netcoreapp3.1\MSTestProject.dll" adapterTypeName="executor://mstestadapter/v2" className="TwojeWesele.Services.Helpers.Tests.CurrencyHelperTests" name="FormatToStringTest1000" />
    </UnitTest>
    <UnitTest name="FormatToStringTest1000 (58848.60825001477,58848.61 zł)" storage="c:\projekty\mstestproject\bin\debug\netcoreapp3.1\mstestproject.dll" id="b750acdf-4882-4e0c-ad35-c76014fa06ca">
      <TestCategory>
        <TestCategoryItem TestCategory="Category1000" />
      </TestCategory>
      <Execution id="98794326-badc-4071-b017-3a27a0ef077e" />
      <TestMethod codeBase="C:\Projekty\MSTestProject\bin\Debug\netcoreapp3.1\MSTestProject.dll" adapterTypeName="executor://mstestadapter/v2" className="TwojeWesele.Services.Helpers.Tests.CurrencyHelperTests" name="FormatToStringTest1000" />
    </UnitTest>
    <UnitTest name="FormatToStringTest1000 (12759.925747307914,12759.93 zł)" storage="c:\projekty\mstestproject\bin\debug\netcoreapp3.1\mstestproject.dll" id="4b44b73e-107f-4cd7-9a58-7e2d0267a0fd">
      <TestCategory>
        <TestCategoryItem TestCategory="Category1000" />
      </TestCategory>
      <Execution id="a7fb3685-1d5d-4588-bed4-f9ef934f07fd" />
      <TestMethod codeBase="C:\Projekty\MSTestProject\bin\Debug\netcoreapp3.1\MSTestProject.dll" adapterTypeName="executor://mstestadapter/v2" className="TwojeWesele.Services.Helpers.Tests.CurrencyHelperTests" name="FormatToStringTest1000" />
    </UnitTest>
    <UnitTest name="FormatToStringTest1000 (30385.72086375613,30385.72 zł)" storage="c:\projekty\mstestproject\bin\debug\netcoreapp3.1\mstestproject.dll" id="58d6ff81-6956-4386-a3da-daa58cfe1b5e">
      <TestCategory>
        <TestCategoryItem TestCategory="Category1000" />
      </TestCategory>
      <Execution id="eceed378-5ef9-48e7-8559-b3d7a04969e4" />
      <TestMethod codeBase="C:\Projekty\MSTestProject\bin\Debug\netcoreapp3.1\MSTestProject.dll" adapterTypeName="executor://mstestadapter/v2" className="TwojeWesele.Services.Helpers.Tests.CurrencyHelperTests" name="FormatToStringTest1000" />
    </UnitTest>
    <UnitTest name="FormatToStringTest1000 (12187.551827252633,12187.55 zł)" storage="c:\projekty\mstestproject\bin\debug\netcoreapp3.1\mstestproject.dll" id="4e17eb71-8147-4627-ba22-0cf602cb5111">
      <TestCategory>
        <TestCategoryItem TestCategory="Category1000" />
      </TestCategory>
      <Execution id="81ed9333-cf04-4412-ba91-9526e80ca4a0" />
      <TestMethod codeBase="C:\Projekty\MSTestProject\bin\Debug\netcoreapp3.1\MSTestProject.dll" adapterTypeName="executor://mstestadapter/v2" className="TwojeWesele.Services.Helpers.Tests.CurrencyHelperTests" name="FormatToStringTest1000" />
    </UnitTest>
    <UnitTest name="FormatToStringTest1000 (2346.9964869427477,2347.00 zł)" storage="c:\projekty\mstestproject\bin\debug\netcoreapp3.1\mstestproject.dll" id="f16bcb30-3b2e-4225-98e4-4f2be3a6a860">
      <TestCategory>
        <TestCategoryItem TestCategory="Category1000" />
      </TestCategory>
      <Execution id="87896787-6206-4d3d-912a-2e7dfb39d6f6" />
      <TestMethod codeBase="C:\Projekty\MSTestProject\bin\Debug\netcoreapp3.1\MSTestProject.dll" adapterTypeName="executor://mstestadapter/v2" className="TwojeWesele.Services.Helpers.Tests.CurrencyHelperTests" name="FormatToStringTest1000" />
    </UnitTest>
    <UnitTest name="FormatToStringTest1000 (35784.54232617307,35784.54 zł)" storage="c:\projekty\mstestproject\bin\debug\netcoreapp3.1\mstestproject.dll" id="200c9193-1fa4-4754-8a72-3715ba3c227c">
      <TestCategory>
        <TestCategoryItem TestCategory="Category1000" />
      </TestCategory>
      <Execution id="e96151e7-ec3f-40a4-8822-899e6ea30806" />
      <TestMethod codeBase="C:\Projekty\MSTestProject\bin\Debug\netcoreapp3.1\MSTestProject.dll" adapterTypeName="executor://mstestadapter/v2" className="TwojeWesele.Services.Helpers.Tests.CurrencyHelperTests" name="FormatToStringTest1000" />
    </UnitTest>
    <UnitTest name="FormatToStringTest1000 (54724.71040318008,54724.71 zł)" storage="c:\projekty\mstestproject\bin\debug\netcoreapp3.1\mstestproject.dll" id="0268f985-1d4a-46fd-be56-35b58ba620d3">
      <TestCategory>
        <TestCategoryItem TestCategory="Category1000" />
      </TestCategory>
      <Execution id="c3dff439-5a0c-4a4e-b8b5-f2b0818a1a87" />
      <TestMethod codeBase="C:\Projekty\MSTestProject\bin\Debug\netcoreapp3.1\MSTestProject.dll" adapterTypeName="executor://mstestadapter/v2" className="TwojeWesele.Services.Helpers.Tests.CurrencyHelperTests" name="FormatToStringTest1000" />
    </UnitTest>
    <UnitTest name="FormatToStringTest1000 (29926.595417457444,29926.60 zł)" storage="c:\projekty\mstestproject\bin\debug\netcoreapp3.1\mstestproject.dll" id="df8f7533-216f-4318-958c-2b391cc9005f">
      <TestCategory>
        <TestCategoryItem TestCategory="Category1000" />
      </TestCategory>
      <Execution id="98b5e9b9-c732-4f8f-b5f6-cff6d2149f2c" />
      <TestMethod codeBase="C:\Projekty\MSTestProject\bin\Debug\netcoreapp3.1\MSTestProject.dll" adapterTypeName="executor://mstestadapter/v2" className="TwojeWesele.Services.Helpers.Tests.CurrencyHelperTests" name="FormatToStringTest1000" />
    </UnitTest>
    <UnitTest name="FormatToStringTest1000 (22743.19734205827,22743.20 zł)" storage="c:\projekty\mstestproject\bin\debug\netcoreapp3.1\mstestproject.dll" id="b8bc550f-50d8-4f0f-bec2-14da8341ce7e">
      <TestCategory>
        <TestCategoryItem TestCategory="Category1000" />
      </TestCategory>
      <Execution id="b1f06088-1299-4595-9c94-ca4be0065925" />
      <TestMethod codeBase="C:\Projekty\MSTestProject\bin\Debug\netcoreapp3.1\MSTestProject.dll" adapterTypeName="executor://mstestadapter/v2" className="TwojeWesele.Services.Helpers.Tests.CurrencyHelperTests" name="FormatToStringTest1000" />
    </UnitTest>
    <UnitTest name="FormatToStringTest1000 (69864.17463991146,69864.17 zł)" storage="c:\projekty\mstestproject\bin\debug\netcoreapp3.1\mstestproject.dll" id="6a371082-75c9-4556-a373-d801defba117">
      <TestCategory>
        <TestCategoryItem TestCategory="Category1000" />
      </TestCategory>
      <Execution id="be768607-072c-4b45-bff4-6434615d3a69" />
      <TestMethod codeBase="C:\Projekty\MSTestProject\bin\Debug\netcoreapp3.1\MSTestProject.dll" adapterTypeName="executor://mstestadapter/v2" className="TwojeWesele.Services.Helpers.Tests.CurrencyHelperTests" name="FormatToStringTest1000" />
    </UnitTest>
    <UnitTest name="FormatToStringTest1000 (6145.531235831571,6145.53 zł)" storage="c:\projekty\mstestproject\bin\debug\netcoreapp3.1\mstestproject.dll" id="2271783a-2c85-49a7-a9f3-2f56bd67b107">
      <TestCategory>
        <TestCategoryItem TestCategory="Category1000" />
      </TestCategory>
      <Execution id="ca340f67-838c-45ca-873c-40103b1062df" />
      <TestMethod codeBase="C:\Projekty\MSTestProject\bin\Debug\netcoreapp3.1\MSTestProject.dll" adapterTypeName="executor://mstestadapter/v2" className="TwojeWesele.Services.Helpers.Tests.CurrencyHelperTests" name="FormatToStringTest1000" />
    </UnitTest>
    <UnitTest name="FormatToStringTest1000 (73151.83675918348,73151.84 zł)" storage="c:\projekty\mstestproject\bin\debug\netcoreapp3.1\mstestproject.dll" id="ae1d8574-d55e-466d-9fee-7d9bf2427182">
      <TestCategory>
        <TestCategoryItem TestCategory="Category1000" />
      </TestCategory>
      <Execution id="b0b23283-d2bb-414a-84c2-7b760a4812fd" />
      <TestMethod codeBase="C:\Projekty\MSTestProject\bin\Debug\netcoreapp3.1\MSTestProject.dll" adapterTypeName="executor://mstestadapter/v2" className="TwojeWesele.Services.Helpers.Tests.CurrencyHelperTests" name="FormatToStringTest1000" />
    </UnitTest>
    <UnitTest name="FormatToStringTest1000 (13375.96341587415,13375.96 zł)" storage="c:\projekty\mstestproject\bin\debug\netcoreapp3.1\mstestproject.dll" id="7bfb3100-0ea0-4132-9505-5b6eed16225e">
      <TestCategory>
        <TestCategoryItem TestCategory="Category1000" />
      </TestCategory>
      <Execution id="60d297a4-d9d5-4997-bd09-6063db7d4838" />
      <TestMethod codeBase="C:\Projekty\MSTestProject\bin\Debug\netcoreapp3.1\MSTestProject.dll" adapterTypeName="executor://mstestadapter/v2" className="TwojeWesele.Services.Helpers.Tests.CurrencyHelperTests" name="FormatToStringTest1000" />
    </UnitTest>
    <UnitTest name="FormatToStringTest1000 (8697.074631143862,8697.07 zł)" storage="c:\projekty\mstestproject\bin\debug\netcoreapp3.1\mstestproject.dll" id="cad2f738-9092-4a1a-bf68-3b76922f44a8">
      <TestCategory>
        <TestCategoryItem TestCategory="Category1000" />
      </TestCategory>
      <Execution id="d258085b-0af7-42c1-a02e-480b08d27f9f" />
      <TestMethod codeBase="C:\Projekty\MSTestProject\bin\Debug\netcoreapp3.1\MSTestProject.dll" adapterTypeName="executor://mstestadapter/v2" className="TwojeWesele.Services.Helpers.Tests.CurrencyHelperTests" name="FormatToStringTest1000" />
    </UnitTest>
    <UnitTest name="FormatToStringTest1000 (23980.12943509646,23980.13 zł)" storage="c:\projekty\mstestproject\bin\debug\netcoreapp3.1\mstestproject.dll" id="0ef2df2e-ca8d-4735-85fa-7552f8972dc7">
      <TestCategory>
        <TestCategoryItem TestCategory="Category1000" />
      </TestCategory>
      <Execution id="6d9ad5d7-deaa-4e1d-81f4-4c2ac86dfc07" />
      <TestMethod codeBase="C:\Projekty\MSTestProject\bin\Debug\netcoreapp3.1\MSTestProject.dll" adapterTypeName="executor://mstestadapter/v2" className="TwojeWesele.Services.Helpers.Tests.CurrencyHelperTests" name="FormatToStringTest1000" />
    </UnitTest>
    <UnitTest name="FormatToStringTest1000 (49256.47455728635,49256.47 zł)" storage="c:\projekty\mstestproject\bin\debug\netcoreapp3.1\mstestproject.dll" id="32026c21-4e86-4523-825f-669e00c0b3f6">
      <TestCategory>
        <TestCategoryItem TestCategory="Category1000" />
      </TestCategory>
      <Execution id="75da21a4-cd90-4681-8cc4-81452f7673ee" />
      <TestMethod codeBase="C:\Projekty\MSTestProject\bin\Debug\netcoreapp3.1\MSTestProject.dll" adapterTypeName="executor://mstestadapter/v2" className="TwojeWesele.Services.Helpers.Tests.CurrencyHelperTests" name="FormatToStringTest1000" />
    </UnitTest>
    <UnitTest name="FormatToStringTest1000 (13197.65136269417,13197.65 zł)" storage="c:\projekty\mstestproject\bin\debug\netcoreapp3.1\mstestproject.dll" id="b909ba66-4304-4e15-bef2-0a21b3bd6220">
      <TestCategory>
        <TestCategoryItem TestCategory="Category1000" />
      </TestCategory>
      <Execution id="13278440-0b7c-422d-bb5d-1629e7bd0518" />
      <TestMethod codeBase="C:\Projekty\MSTestProject\bin\Debug\netcoreapp3.1\MSTestProject.dll" adapterTypeName="executor://mstestadapter/v2" className="TwojeWesele.Services.Helpers.Tests.CurrencyHelperTests" name="FormatToStringTest1000" />
    </UnitTest>
    <UnitTest name="FormatToStringTest1000 (29975.4018974022,29975.40 zł)" storage="c:\projekty\mstestproject\bin\debug\netcoreapp3.1\mstestproject.dll" id="5a0b1254-cd27-43af-8174-72b1881e18be">
      <TestCategory>
        <TestCategoryItem TestCategory="Category1000" />
      </TestCategory>
      <Execution id="06cdcd11-cef1-4e18-8a73-f8608dd1b9f2" />
      <TestMethod codeBase="C:\Projekty\MSTestProject\bin\Debug\netcoreapp3.1\MSTestProject.dll" adapterTypeName="executor://mstestadapter/v2" className="TwojeWesele.Services.Helpers.Tests.CurrencyHelperTests" name="FormatToStringTest1000" />
    </UnitTest>
    <UnitTest name="FormatToStringTest1000 (2423.6182769712145,2423.62 zł)" storage="c:\projekty\mstestproject\bin\debug\netcoreapp3.1\mstestproject.dll" id="9aada515-1020-4199-8b6a-2294db050e28">
      <TestCategory>
        <TestCategoryItem TestCategory="Category1000" />
      </TestCategory>
      <Execution id="047b21f7-2476-4430-ac6f-4cc642e314d8" />
      <TestMethod codeBase="C:\Projekty\MSTestProject\bin\Debug\netcoreapp3.1\MSTestProject.dll" adapterTypeName="executor://mstestadapter/v2" className="TwojeWesele.Services.Helpers.Tests.CurrencyHelperTests" name="FormatToStringTest1000" />
    </UnitTest>
    <UnitTest name="FormatToStringTest1000 (24729.333280806586,24729.33 zł)" storage="c:\projekty\mstestproject\bin\debug\netcoreapp3.1\mstestproject.dll" id="d4d25cd8-8806-4b3d-a05a-03ef6ecde39d">
      <TestCategory>
        <TestCategoryItem TestCategory="Category1000" />
      </TestCategory>
      <Execution id="b75ffef1-53d0-4bf9-ade1-7c31062e8696" />
      <TestMethod codeBase="C:\Projekty\MSTestProject\bin\Debug\netcoreapp3.1\MSTestProject.dll" adapterTypeName="executor://mstestadapter/v2" className="TwojeWesele.Services.Helpers.Tests.CurrencyHelperTests" name="FormatToStringTest1000" />
    </UnitTest>
    <UnitTest name="FormatToStringTest1000 (38614.292320713066,38614.29 zł)" storage="c:\projekty\mstestproject\bin\debug\netcoreapp3.1\mstestproject.dll" id="553daff3-e801-4f1a-a828-e997ebb0c7f5">
      <TestCategory>
        <TestCategoryItem TestCategory="Category1000" />
      </TestCategory>
      <Execution id="3e49f360-db6d-44d4-9d67-a47daf3721c5" />
      <TestMethod codeBase="C:\Projekty\MSTestProject\bin\Debug\netcoreapp3.1\MSTestProject.dll" adapterTypeName="executor://mstestadapter/v2" className="TwojeWesele.Services.Helpers.Tests.CurrencyHelperTests" name="FormatToStringTest1000" />
    </UnitTest>
    <UnitTest name="FormatToStringTest1000 (11584.045280779732,11584.05 zł)" storage="c:\projekty\mstestproject\bin\debug\netcoreapp3.1\mstestproject.dll" id="f8325bf8-1c0b-467e-9297-1f20e0063259">
      <TestCategory>
        <TestCategoryItem TestCategory="Category1000" />
      </TestCategory>
      <Execution id="339b920e-d320-4f22-99e8-ee1a418282d9" />
      <TestMethod codeBase="C:\Projekty\MSTestProject\bin\Debug\netcoreapp3.1\MSTestProject.dll" adapterTypeName="executor://mstestadapter/v2" className="TwojeWesele.Services.Helpers.Tests.CurrencyHelperTests" name="FormatToStringTest1000" />
    </UnitTest>
    <UnitTest name="FormatToStringTest1000 (16416.109736457518,16416.11 zł)" storage="c:\projekty\mstestproject\bin\debug\netcoreapp3.1\mstestproject.dll" id="0f96cb6c-77fa-4c3f-87e8-62452d2d0ad3">
      <TestCategory>
        <TestCategoryItem TestCategory="Category1000" />
      </TestCategory>
      <Execution id="6d694291-e44f-4307-b4eb-2e5d10578769" />
      <TestMethod codeBase="C:\Projekty\MSTestProject\bin\Debug\netcoreapp3.1\MSTestProject.dll" adapterTypeName="executor://mstestadapter/v2" className="TwojeWesele.Services.Helpers.Tests.CurrencyHelperTests" name="FormatToStringTest1000" />
    </UnitTest>
    <UnitTest name="FormatToStringTest1000 (27629.79121039193,27629.79 zł)" storage="c:\projekty\mstestproject\bin\debug\netcoreapp3.1\mstestproject.dll" id="e2b2071a-d14c-47ab-babf-aa2445d56367">
      <TestCategory>
        <TestCategoryItem TestCategory="Category1000" />
      </TestCategory>
      <Execution id="e23516fb-8006-4fd5-9a33-1b67f8747d2c" />
      <TestMethod codeBase="C:\Projekty\MSTestProject\bin\Debug\netcoreapp3.1\MSTestProject.dll" adapterTypeName="executor://mstestadapter/v2" className="TwojeWesele.Services.Helpers.Tests.CurrencyHelperTests" name="FormatToStringTest1000" />
    </UnitTest>
    <UnitTest name="FormatToStringTest1000 (27050.586848031067,27050.59 zł)" storage="c:\projekty\mstestproject\bin\debug\netcoreapp3.1\mstestproject.dll" id="fa021b18-762f-48af-82d1-ac65ae06a8e5">
      <TestCategory>
        <TestCategoryItem TestCategory="Category1000" />
      </TestCategory>
      <Execution id="6ffa8aac-99b6-4575-b880-0bf6f6aa418d" />
      <TestMethod codeBase="C:\Projekty\MSTestProject\bin\Debug\netcoreapp3.1\MSTestProject.dll" adapterTypeName="executor://mstestadapter/v2" className="TwojeWesele.Services.Helpers.Tests.CurrencyHelperTests" name="FormatToStringTest1000" />
    </UnitTest>
    <UnitTest name="FormatToStringTest1000 (11181.228339251702,11181.23 zł)" storage="c:\projekty\mstestproject\bin\debug\netcoreapp3.1\mstestproject.dll" id="a2dc3a67-015e-4c9f-9568-5d56101f6435">
      <TestCategory>
        <TestCategoryItem TestCategory="Category1000" />
      </TestCategory>
      <Execution id="3769e8b6-eb80-473f-8b8d-9e9e4b0a7a87" />
      <TestMethod codeBase="C:\Projekty\MSTestProject\bin\Debug\netcoreapp3.1\MSTestProject.dll" adapterTypeName="executor://mstestadapter/v2" className="TwojeWesele.Services.Helpers.Tests.CurrencyHelperTests" name="FormatToStringTest1000" />
    </UnitTest>
    <UnitTest name="FormatToStringTest1000 (8908.080586221107,8908.08 zł)" storage="c:\projekty\mstestproject\bin\debug\netcoreapp3.1\mstestproject.dll" id="71513d6c-e8eb-43c3-a013-ffd703a3505f">
      <TestCategory>
        <TestCategoryItem TestCategory="Category1000" />
      </TestCategory>
      <Execution id="0b900554-b2e5-422e-bf02-85c1f5440693" />
      <TestMethod codeBase="C:\Projekty\MSTestProject\bin\Debug\netcoreapp3.1\MSTestProject.dll" adapterTypeName="executor://mstestadapter/v2" className="TwojeWesele.Services.Helpers.Tests.CurrencyHelperTests" name="FormatToStringTest1000" />
    </UnitTest>
    <UnitTest name="FormatToStringTest1000 (626.135364110179,626.14 zł)" storage="c:\projekty\mstestproject\bin\debug\netcoreapp3.1\mstestproject.dll" id="0791218d-c768-4c9c-9d61-3aebb7f8f4e2">
      <TestCategory>
        <TestCategoryItem TestCategory="Category1000" />
      </TestCategory>
      <Execution id="c1f43c04-0d55-4d03-b89e-1138e840a990" />
      <TestMethod codeBase="C:\Projekty\MSTestProject\bin\Debug\netcoreapp3.1\MSTestProject.dll" adapterTypeName="executor://mstestadapter/v2" className="TwojeWesele.Services.Helpers.Tests.CurrencyHelperTests" name="FormatToStringTest1000" />
    </UnitTest>
    <UnitTest name="FormatToStringTest1000 (7396.940188290057,7396.94 zł)" storage="c:\projekty\mstestproject\bin\debug\netcoreapp3.1\mstestproject.dll" id="1cd23f27-4572-49a0-8210-e9d8ebd9d771">
      <TestCategory>
        <TestCategoryItem TestCategory="Category1000" />
      </TestCategory>
      <Execution id="eba9a0ef-6fc3-49fe-ab8b-36be1d9a00fa" />
      <TestMethod codeBase="C:\Projekty\MSTestProject\bin\Debug\netcoreapp3.1\MSTestProject.dll" adapterTypeName="executor://mstestadapter/v2" className="TwojeWesele.Services.Helpers.Tests.CurrencyHelperTests" name="FormatToStringTest1000" />
    </UnitTest>
    <UnitTest name="FormatToStringTest1000 (51300.77891898145,51300.78 zł)" storage="c:\projekty\mstestproject\bin\debug\netcoreapp3.1\mstestproject.dll" id="965f8a36-f6ef-40fb-9d5c-25ee9aa01b88">
      <TestCategory>
        <TestCategoryItem TestCategory="Category1000" />
      </TestCategory>
      <Execution id="1b67f505-f719-4252-bd72-87f629f67340" />
      <TestMethod codeBase="C:\Projekty\MSTestProject\bin\Debug\netcoreapp3.1\MSTestProject.dll" adapterTypeName="executor://mstestadapter/v2" className="TwojeWesele.Services.Helpers.Tests.CurrencyHelperTests" name="FormatToStringTest1000" />
    </UnitTest>
    <UnitTest name="FormatToStringTest1000 (47630.39193684067,47630.39 zł)" storage="c:\projekty\mstestproject\bin\debug\netcoreapp3.1\mstestproject.dll" id="0ed20f59-23b7-4fb4-93dd-5ba49eda576c">
      <TestCategory>
        <TestCategoryItem TestCategory="Category1000" />
      </TestCategory>
      <Execution id="c6fadf8a-fcc5-414c-aa99-3374e938c4ac" />
      <TestMethod codeBase="C:\Projekty\MSTestProject\bin\Debug\netcoreapp3.1\MSTestProject.dll" adapterTypeName="executor://mstestadapter/v2" className="TwojeWesele.Services.Helpers.Tests.CurrencyHelperTests" name="FormatToStringTest1000" />
    </UnitTest>
    <UnitTest name="FormatToStringTest1000 (12118.31777677048,12118.32 zł)" storage="c:\projekty\mstestproject\bin\debug\netcoreapp3.1\mstestproject.dll" id="e478146e-bc62-46a0-a2d1-ac8878a8d65c">
      <TestCategory>
        <TestCategoryItem TestCategory="Category1000" />
      </TestCategory>
      <Execution id="be88e842-22d4-4216-b345-3a245a3d6330" />
      <TestMethod codeBase="C:\Projekty\MSTestProject\bin\Debug\netcoreapp3.1\MSTestProject.dll" adapterTypeName="executor://mstestadapter/v2" className="TwojeWesele.Services.Helpers.Tests.CurrencyHelperTests" name="FormatToStringTest1000" />
    </UnitTest>
    <UnitTest name="FormatToStringTest1000 (17315.72309779363,17315.72 zł)" storage="c:\projekty\mstestproject\bin\debug\netcoreapp3.1\mstestproject.dll" id="e062b24d-1585-4d85-97ad-e1dc5b0b922f">
      <TestCategory>
        <TestCategoryItem TestCategory="Category1000" />
      </TestCategory>
      <Execution id="c2026a7a-4587-41dd-a637-5c97054e42b3" />
      <TestMethod codeBase="C:\Projekty\MSTestProject\bin\Debug\netcoreapp3.1\MSTestProject.dll" adapterTypeName="executor://mstestadapter/v2" className="TwojeWesele.Services.Helpers.Tests.CurrencyHelperTests" name="FormatToStringTest1000" />
    </UnitTest>
    <UnitTest name="FormatToStringTest1000 (10965.74607995746,10965.75 zł)" storage="c:\projekty\mstestproject\bin\debug\netcoreapp3.1\mstestproject.dll" id="804bdc55-7c04-485a-aa75-9316129a519a">
      <TestCategory>
        <TestCategoryItem TestCategory="Category1000" />
      </TestCategory>
      <Execution id="7abbc0c1-e744-4552-a800-e8b5e666a5c7" />
      <TestMethod codeBase="C:\Projekty\MSTestProject\bin\Debug\netcoreapp3.1\MSTestProject.dll" adapterTypeName="executor://mstestadapter/v2" className="TwojeWesele.Services.Helpers.Tests.CurrencyHelperTests" name="FormatToStringTest1000" />
    </UnitTest>
    <UnitTest name="FormatToStringTest1000 (10661.19584154207,10661.20 zł)" storage="c:\projekty\mstestproject\bin\debug\netcoreapp3.1\mstestproject.dll" id="ce913404-f87a-4a34-ba33-a00b812b8e2e">
      <TestCategory>
        <TestCategoryItem TestCategory="Category1000" />
      </TestCategory>
      <Execution id="9e57a20c-16db-405a-bd98-416c06a92296" />
      <TestMethod codeBase="C:\Projekty\MSTestProject\bin\Debug\netcoreapp3.1\MSTestProject.dll" adapterTypeName="executor://mstestadapter/v2" className="TwojeWesele.Services.Helpers.Tests.CurrencyHelperTests" name="FormatToStringTest1000" />
    </UnitTest>
    <UnitTest name="FormatToStringTest1000 (57713.01647853712,57713.02 zł)" storage="c:\projekty\mstestproject\bin\debug\netcoreapp3.1\mstestproject.dll" id="c21eb2de-01e1-4d58-937a-de6d7964025b">
      <TestCategory>
        <TestCategoryItem TestCategory="Category1000" />
      </TestCategory>
      <Execution id="61af98d3-9c94-48fa-a510-02da1312ea52" />
      <TestMethod codeBase="C:\Projekty\MSTestProject\bin\Debug\netcoreapp3.1\MSTestProject.dll" adapterTypeName="executor://mstestadapter/v2" className="TwojeWesele.Services.Helpers.Tests.CurrencyHelperTests" name="FormatToStringTest1000" />
    </UnitTest>
    <UnitTest name="FormatToStringTest1000 (10174.652801423637,10174.65 zł)" storage="c:\projekty\mstestproject\bin\debug\netcoreapp3.1\mstestproject.dll" id="f78c2caa-d366-4203-9596-25e561f561ac">
      <TestCategory>
        <TestCategoryItem TestCategory="Category1000" />
      </TestCategory>
      <Execution id="be130ce9-52c4-4396-98d7-4356cd0e142f" />
      <TestMethod codeBase="C:\Projekty\MSTestProject\bin\Debug\netcoreapp3.1\MSTestProject.dll" adapterTypeName="executor://mstestadapter/v2" className="TwojeWesele.Services.Helpers.Tests.CurrencyHelperTests" name="FormatToStringTest1000" />
    </UnitTest>
    <UnitTest name="FormatToStringTest1000 (46607.970025941715,46607.97 zł)" storage="c:\projekty\mstestproject\bin\debug\netcoreapp3.1\mstestproject.dll" id="8fea49f7-68a5-4c9a-a9af-68268a3668a4">
      <TestCategory>
        <TestCategoryItem TestCategory="Category1000" />
      </TestCategory>
      <Execution id="2ecfdb97-67dc-4165-863a-d44df7735d73" />
      <TestMethod codeBase="C:\Projekty\MSTestProject\bin\Debug\netcoreapp3.1\MSTestProject.dll" adapterTypeName="executor://mstestadapter/v2" className="TwojeWesele.Services.Helpers.Tests.CurrencyHelperTests" name="FormatToStringTest1000" />
    </UnitTest>
    <UnitTest name="FormatToStringTest1000 (80609.94377465078,80609.94 zł)" storage="c:\projekty\mstestproject\bin\debug\netcoreapp3.1\mstestproject.dll" id="98fe29a6-db41-4c59-ad26-2f4bd9eaedc8">
      <TestCategory>
        <TestCategoryItem TestCategory="Category1000" />
      </TestCategory>
      <Execution id="d6ef24ef-d488-43af-ad18-05cf70ffd781" />
      <TestMethod codeBase="C:\Projekty\MSTestProject\bin\Debug\netcoreapp3.1\MSTestProject.dll" adapterTypeName="executor://mstestadapter/v2" className="TwojeWesele.Services.Helpers.Tests.CurrencyHelperTests" name="FormatToStringTest1000" />
    </UnitTest>
    <UnitTest name="FormatToStringTest1000 (30320.450517486992,30320.45 zł)" storage="c:\projekty\mstestproject\bin\debug\netcoreapp3.1\mstestproject.dll" id="2c99a9b7-ed1e-4ee0-b07b-27a6b08dd413">
      <TestCategory>
        <TestCategoryItem TestCategory="Category1000" />
      </TestCategory>
      <Execution id="c5879fde-3bb7-4b8e-87dd-fb18848de1c9" />
      <TestMethod codeBase="C:\Projekty\MSTestProject\bin\Debug\netcoreapp3.1\MSTestProject.dll" adapterTypeName="executor://mstestadapter/v2" className="TwojeWesele.Services.Helpers.Tests.CurrencyHelperTests" name="FormatToStringTest1000" />
    </UnitTest>
    <UnitTest name="FormatToStringTest1000 (3646.857719214101,3646.86 zł)" storage="c:\projekty\mstestproject\bin\debug\netcoreapp3.1\mstestproject.dll" id="99886c0c-b6a0-43be-bfba-a64470a683cf">
      <TestCategory>
        <TestCategoryItem TestCategory="Category1000" />
      </TestCategory>
      <Execution id="12d0c3e7-1f5d-4c11-ac70-a9f95b6c2547" />
      <TestMethod codeBase="C:\Projekty\MSTestProject\bin\Debug\netcoreapp3.1\MSTestProject.dll" adapterTypeName="executor://mstestadapter/v2" className="TwojeWesele.Services.Helpers.Tests.CurrencyHelperTests" name="FormatToStringTest1000" />
    </UnitTest>
    <UnitTest name="FormatToStringTest1000 (904.351189922705,904.35 zł)" storage="c:\projekty\mstestproject\bin\debug\netcoreapp3.1\mstestproject.dll" id="551c7239-5dcf-4674-846b-d57b8873fa22">
      <TestCategory>
        <TestCategoryItem TestCategory="Category1000" />
      </TestCategory>
      <Execution id="b690ed5a-f738-45bb-96da-f935bdce4e4b" />
      <TestMethod codeBase="C:\Projekty\MSTestProject\bin\Debug\netcoreapp3.1\MSTestProject.dll" adapterTypeName="executor://mstestadapter/v2" className="TwojeWesele.Services.Helpers.Tests.CurrencyHelperTests" name="FormatToStringTest1000" />
    </UnitTest>
    <UnitTest name="FormatToStringTest1000 (17875.613377604455,17875.61 zł)" storage="c:\projekty\mstestproject\bin\debug\netcoreapp3.1\mstestproject.dll" id="7a2cb2dc-01f4-4572-8b1f-dfd2c99e01e0">
      <TestCategory>
        <TestCategoryItem TestCategory="Category1000" />
      </TestCategory>
      <Execution id="3272c050-74cf-471d-a5f2-7dc7dca5963d" />
      <TestMethod codeBase="C:\Projekty\MSTestProject\bin\Debug\netcoreapp3.1\MSTestProject.dll" adapterTypeName="executor://mstestadapter/v2" className="TwojeWesele.Services.Helpers.Tests.CurrencyHelperTests" name="FormatToStringTest1000" />
    </UnitTest>
    <UnitTest name="FormatToStringTest1000 (1613.6903705837626,1613.69 zł)" storage="c:\projekty\mstestproject\bin\debug\netcoreapp3.1\mstestproject.dll" id="cd384d4a-e058-4b92-bdb8-efd28615e65e">
      <TestCategory>
        <TestCategoryItem TestCategory="Category1000" />
      </TestCategory>
      <Execution id="27b94751-9ede-4c94-9856-cac8b185c735" />
      <TestMethod codeBase="C:\Projekty\MSTestProject\bin\Debug\netcoreapp3.1\MSTestProject.dll" adapterTypeName="executor://mstestadapter/v2" className="TwojeWesele.Services.Helpers.Tests.CurrencyHelperTests" name="FormatToStringTest1000" />
    </UnitTest>
    <UnitTest name="FormatToStringTest1000 (70581.91150977784,70581.91 zł)" storage="c:\projekty\mstestproject\bin\debug\netcoreapp3.1\mstestproject.dll" id="0c661377-bc4a-459b-b814-4ebab6989505">
      <TestCategory>
        <TestCategoryItem TestCategory="Category1000" />
      </TestCategory>
      <Execution id="dc8013c1-043d-4829-8e7f-7bbef2779983" />
      <TestMethod codeBase="C:\Projekty\MSTestProject\bin\Debug\netcoreapp3.1\MSTestProject.dll" adapterTypeName="executor://mstestadapter/v2" className="TwojeWesele.Services.Helpers.Tests.CurrencyHelperTests" name="FormatToStringTest1000" />
    </UnitTest>
    <UnitTest name="FormatToStringTest1000 (5855.75080885354,5855.75 zł)" storage="c:\projekty\mstestproject\bin\debug\netcoreapp3.1\mstestproject.dll" id="f71ef0f4-b2e7-439b-ac62-1e51a04c6bc6">
      <TestCategory>
        <TestCategoryItem TestCategory="Category1000" />
      </TestCategory>
      <Execution id="54aa4d57-dcd6-4b57-8ab3-2ecfa821a8ef" />
      <TestMethod codeBase="C:\Projekty\MSTestProject\bin\Debug\netcoreapp3.1\MSTestProject.dll" adapterTypeName="executor://mstestadapter/v2" className="TwojeWesele.Services.Helpers.Tests.CurrencyHelperTests" name="FormatToStringTest1000" />
    </UnitTest>
    <UnitTest name="FormatToStringTest1000 (9661.966055578536,9661.97 zł)" storage="c:\projekty\mstestproject\bin\debug\netcoreapp3.1\mstestproject.dll" id="32ef0a5c-9007-4384-9bcb-96c8b25f1220">
      <TestCategory>
        <TestCategoryItem TestCategory="Category1000" />
      </TestCategory>
      <Execution id="1777795c-aff0-4f9e-96fe-c77cda41fcbf" />
      <TestMethod codeBase="C:\Projekty\MSTestProject\bin\Debug\netcoreapp3.1\MSTestProject.dll" adapterTypeName="executor://mstestadapter/v2" className="TwojeWesele.Services.Helpers.Tests.CurrencyHelperTests" name="FormatToStringTest1000" />
    </UnitTest>
    <UnitTest name="FormatToStringTest1000 (55782.67998761762,55782.68 zł)" storage="c:\projekty\mstestproject\bin\debug\netcoreapp3.1\mstestproject.dll" id="a6a07f5e-f46c-439e-8c6e-3d4a696da9d9">
      <TestCategory>
        <TestCategoryItem TestCategory="Category1000" />
      </TestCategory>
      <Execution id="6a91196c-4c0d-4786-8338-f99899357542" />
      <TestMethod codeBase="C:\Projekty\MSTestProject\bin\Debug\netcoreapp3.1\MSTestProject.dll" adapterTypeName="executor://mstestadapter/v2" className="TwojeWesele.Services.Helpers.Tests.CurrencyHelperTests" name="FormatToStringTest1000" />
    </UnitTest>
    <UnitTest name="FormatToStringTest1000 (20752.33758466334,20752.34 zł)" storage="c:\projekty\mstestproject\bin\debug\netcoreapp3.1\mstestproject.dll" id="ce68c179-cf6b-4e6f-8c1b-e6daecc886c6">
      <TestCategory>
        <TestCategoryItem TestCategory="Category1000" />
      </TestCategory>
      <Execution id="908ebc32-1b16-451e-bc05-61fea5c7f307" />
      <TestMethod codeBase="C:\Projekty\MSTestProject\bin\Debug\netcoreapp3.1\MSTestProject.dll" adapterTypeName="executor://mstestadapter/v2" className="TwojeWesele.Services.Helpers.Tests.CurrencyHelperTests" name="FormatToStringTest1000" />
    </UnitTest>
    <UnitTest name="FormatToStringTest1000 (12429.698213906819,12429.70 zł)" storage="c:\projekty\mstestproject\bin\debug\netcoreapp3.1\mstestproject.dll" id="2d925121-2a9e-40bc-8d14-89e0b1758462">
      <TestCategory>
        <TestCategoryItem TestCategory="Category1000" />
      </TestCategory>
      <Execution id="73afc979-2dce-42ec-8b23-9ab24c170ea6" />
      <TestMethod codeBase="C:\Projekty\MSTestProject\bin\Debug\netcoreapp3.1\MSTestProject.dll" adapterTypeName="executor://mstestadapter/v2" className="TwojeWesele.Services.Helpers.Tests.CurrencyHelperTests" name="FormatToStringTest1000" />
    </UnitTest>
    <UnitTest name="FormatToStringTest1000 (1994.0983933439006,1994.10 zł)" storage="c:\projekty\mstestproject\bin\debug\netcoreapp3.1\mstestproject.dll" id="cc64f6c0-b6be-4cf1-833b-1965bc87574e">
      <TestCategory>
        <TestCategoryItem TestCategory="Category1000" />
      </TestCategory>
      <Execution id="c2348222-30dd-49bf-ada0-481e6c9a55b9" />
      <TestMethod codeBase="C:\Projekty\MSTestProject\bin\Debug\netcoreapp3.1\MSTestProject.dll" adapterTypeName="executor://mstestadapter/v2" className="TwojeWesele.Services.Helpers.Tests.CurrencyHelperTests" name="FormatToStringTest1000" />
    </UnitTest>
    <UnitTest name="FormatToStringTest1000 (28972.23604401212,28972.24 zł)" storage="c:\projekty\mstestproject\bin\debug\netcoreapp3.1\mstestproject.dll" id="c2601364-5e90-4b03-af3e-cd13eb4db753">
      <TestCategory>
        <TestCategoryItem TestCategory="Category1000" />
      </TestCategory>
      <Execution id="7922ad67-9936-43f8-a7aa-761086d2136a" />
      <TestMethod codeBase="C:\Projekty\MSTestProject\bin\Debug\netcoreapp3.1\MSTestProject.dll" adapterTypeName="executor://mstestadapter/v2" className="TwojeWesele.Services.Helpers.Tests.CurrencyHelperTests" name="FormatToStringTest1000" />
    </UnitTest>
    <UnitTest name="FormatToStringTest1000 (22017.250119325356,22017.25 zł)" storage="c:\projekty\mstestproject\bin\debug\netcoreapp3.1\mstestproject.dll" id="e10793ea-f055-4bd4-9bd6-dca95bfb6e16">
      <TestCategory>
        <TestCategoryItem TestCategory="Category1000" />
      </TestCategory>
      <Execution id="1cb35df0-6f07-4418-adfd-5009473c8b51" />
      <TestMethod codeBase="C:\Projekty\MSTestProject\bin\Debug\netcoreapp3.1\MSTestProject.dll" adapterTypeName="executor://mstestadapter/v2" className="TwojeWesele.Services.Helpers.Tests.CurrencyHelperTests" name="FormatToStringTest1000" />
    </UnitTest>
    <UnitTest name="FormatToStringTest1000 (63291.50274994015,63291.50 zł)" storage="c:\projekty\mstestproject\bin\debug\netcoreapp3.1\mstestproject.dll" id="2f941b68-b581-4e45-8431-56cf4c5afafd">
      <TestCategory>
        <TestCategoryItem TestCategory="Category1000" />
      </TestCategory>
      <Execution id="1ab5711b-b29a-42b4-86dd-f92834e850dd" />
      <TestMethod codeBase="C:\Projekty\MSTestProject\bin\Debug\netcoreapp3.1\MSTestProject.dll" adapterTypeName="executor://mstestadapter/v2" className="TwojeWesele.Services.Helpers.Tests.CurrencyHelperTests" name="FormatToStringTest1000" />
    </UnitTest>
    <UnitTest name="FormatToStringTest1000 (3506.8456124108498,3506.85 zł)" storage="c:\projekty\mstestproject\bin\debug\netcoreapp3.1\mstestproject.dll" id="efabd69c-e575-4fd2-80e0-0185ab82a41e">
      <TestCategory>
        <TestCategoryItem TestCategory="Category1000" />
      </TestCategory>
      <Execution id="65283b21-999c-42ec-beb9-9789e311f176" />
      <TestMethod codeBase="C:\Projekty\MSTestProject\bin\Debug\netcoreapp3.1\MSTestProject.dll" adapterTypeName="executor://mstestadapter/v2" className="TwojeWesele.Services.Helpers.Tests.CurrencyHelperTests" name="FormatToStringTest1000" />
    </UnitTest>
    <UnitTest name="FormatToStringTest1000 (4919.073526169674,4919.07 zł)" storage="c:\projekty\mstestproject\bin\debug\netcoreapp3.1\mstestproject.dll" id="4ad1c005-7bbb-4f69-91c2-be0d5294ad9c">
      <TestCategory>
        <TestCategoryItem TestCategory="Category1000" />
      </TestCategory>
      <Execution id="702914f5-2474-4d4d-aef5-70bfe989b55f" />
      <TestMethod codeBase="C:\Projekty\MSTestProject\bin\Debug\netcoreapp3.1\MSTestProject.dll" adapterTypeName="executor://mstestadapter/v2" className="TwojeWesele.Services.Helpers.Tests.CurrencyHelperTests" name="FormatToStringTest1000" />
    </UnitTest>
    <UnitTest name="FormatToStringTest1000 (15591.4117417221,15591.41 zł)" storage="c:\projekty\mstestproject\bin\debug\netcoreapp3.1\mstestproject.dll" id="bf72163b-75ee-49bc-93ef-6d2682092fe5">
      <TestCategory>
        <TestCategoryItem TestCategory="Category1000" />
      </TestCategory>
      <Execution id="a27ed1d8-404c-4735-9dde-81fc0836ff84" />
      <TestMethod codeBase="C:\Projekty\MSTestProject\bin\Debug\netcoreapp3.1\MSTestProject.dll" adapterTypeName="executor://mstestadapter/v2" className="TwojeWesele.Services.Helpers.Tests.CurrencyHelperTests" name="FormatToStringTest1000" />
    </UnitTest>
    <UnitTest name="FormatToStringTest1000 (26529.10838037036,26529.11 zł)" storage="c:\projekty\mstestproject\bin\debug\netcoreapp3.1\mstestproject.dll" id="bcd8ecbe-ee8f-43dc-ae17-8d5b0569f682">
      <TestCategory>
        <TestCategoryItem TestCategory="Category1000" />
      </TestCategory>
      <Execution id="2f1696c8-f575-4f68-904f-7e97c1e02dca" />
      <TestMethod codeBase="C:\Projekty\MSTestProject\bin\Debug\netcoreapp3.1\MSTestProject.dll" adapterTypeName="executor://mstestadapter/v2" className="TwojeWesele.Services.Helpers.Tests.CurrencyHelperTests" name="FormatToStringTest1000" />
    </UnitTest>
    <UnitTest name="FormatToStringTest1000 (15509.637406484986,15509.64 zł)" storage="c:\projekty\mstestproject\bin\debug\netcoreapp3.1\mstestproject.dll" id="7520764f-cb4f-47b1-9df5-7cc87e0d825e">
      <TestCategory>
        <TestCategoryItem TestCategory="Category1000" />
      </TestCategory>
      <Execution id="285ed384-3a19-45d1-a442-33dcaeffec65" />
      <TestMethod codeBase="C:\Projekty\MSTestProject\bin\Debug\netcoreapp3.1\MSTestProject.dll" adapterTypeName="executor://mstestadapter/v2" className="TwojeWesele.Services.Helpers.Tests.CurrencyHelperTests" name="FormatToStringTest1000" />
    </UnitTest>
    <UnitTest name="FormatToStringTest1000 (34062.88803158276,34062.89 zł)" storage="c:\projekty\mstestproject\bin\debug\netcoreapp3.1\mstestproject.dll" id="1b4cfe4b-5330-4502-bb76-8dcb7f88c777">
      <TestCategory>
        <TestCategoryItem TestCategory="Category1000" />
      </TestCategory>
      <Execution id="b40e9a75-a1e9-46d9-aa8c-7369761fa100" />
      <TestMethod codeBase="C:\Projekty\MSTestProject\bin\Debug\netcoreapp3.1\MSTestProject.dll" adapterTypeName="executor://mstestadapter/v2" className="TwojeWesele.Services.Helpers.Tests.CurrencyHelperTests" name="FormatToStringTest1000" />
    </UnitTest>
    <UnitTest name="FormatToStringTest1000 (30034.922435005625,30034.92 zł)" storage="c:\projekty\mstestproject\bin\debug\netcoreapp3.1\mstestproject.dll" id="d68f8a83-bcb1-46be-a1c5-205d1199d663">
      <TestCategory>
        <TestCategoryItem TestCategory="Category1000" />
      </TestCategory>
      <Execution id="bf7ef24d-aa2f-43e0-89dc-6a52c13aba7c" />
      <TestMethod codeBase="C:\Projekty\MSTestProject\bin\Debug\netcoreapp3.1\MSTestProject.dll" adapterTypeName="executor://mstestadapter/v2" className="TwojeWesele.Services.Helpers.Tests.CurrencyHelperTests" name="FormatToStringTest1000" />
    </UnitTest>
    <UnitTest name="FormatToStringTest1000 (66053.95451852398,66053.95 zł)" storage="c:\projekty\mstestproject\bin\debug\netcoreapp3.1\mstestproject.dll" id="5a9681a0-b02e-4711-9de6-3e72b0def0bd">
      <TestCategory>
        <TestCategoryItem TestCategory="Category1000" />
      </TestCategory>
      <Execution id="bb241127-adac-42ca-997a-377118081bb0" />
      <TestMethod codeBase="C:\Projekty\MSTestProject\bin\Debug\netcoreapp3.1\MSTestProject.dll" adapterTypeName="executor://mstestadapter/v2" className="TwojeWesele.Services.Helpers.Tests.CurrencyHelperTests" name="FormatToStringTest1000" />
    </UnitTest>
    <UnitTest name="FormatToStringTest1000 (22189.78731674132,22189.79 zł)" storage="c:\projekty\mstestproject\bin\debug\netcoreapp3.1\mstestproject.dll" id="842e52b6-476b-4554-a363-f9ab44c5e0a1">
      <TestCategory>
        <TestCategoryItem TestCategory="Category1000" />
      </TestCategory>
      <Execution id="cc426fe9-8173-4a37-9908-1420937ea4ee" />
      <TestMethod codeBase="C:\Projekty\MSTestProject\bin\Debug\netcoreapp3.1\MSTestProject.dll" adapterTypeName="executor://mstestadapter/v2" className="TwojeWesele.Services.Helpers.Tests.CurrencyHelperTests" name="FormatToStringTest1000" />
    </UnitTest>
    <UnitTest name="FormatToStringTest1000 (21573.45329517613,21573.45 zł)" storage="c:\projekty\mstestproject\bin\debug\netcoreapp3.1\mstestproject.dll" id="84409074-9939-4476-9692-0414fa5928b9">
      <TestCategory>
        <TestCategoryItem TestCategory="Category1000" />
      </TestCategory>
      <Execution id="98e806f8-1197-44b2-a021-7b42613a78d1" />
      <TestMethod codeBase="C:\Projekty\MSTestProject\bin\Debug\netcoreapp3.1\MSTestProject.dll" adapterTypeName="executor://mstestadapter/v2" className="TwojeWesele.Services.Helpers.Tests.CurrencyHelperTests" name="FormatToStringTest1000" />
    </UnitTest>
    <UnitTest name="FormatToStringTest1000 (19397.344749736294,19397.34 zł)" storage="c:\projekty\mstestproject\bin\debug\netcoreapp3.1\mstestproject.dll" id="19ca9f33-76f9-4dff-911c-85fb4c9dfde3">
      <TestCategory>
        <TestCategoryItem TestCategory="Category1000" />
      </TestCategory>
      <Execution id="ae5a369c-74ec-4b65-9245-66315f78c0d6" />
      <TestMethod codeBase="C:\Projekty\MSTestProject\bin\Debug\netcoreapp3.1\MSTestProject.dll" adapterTypeName="executor://mstestadapter/v2" className="TwojeWesele.Services.Helpers.Tests.CurrencyHelperTests" name="FormatToStringTest1000" />
    </UnitTest>
    <UnitTest name="FormatToStringTest1000 (13681.607566007231,13681.61 zł)" storage="c:\projekty\mstestproject\bin\debug\netcoreapp3.1\mstestproject.dll" id="0af49700-579e-48ff-8f45-38e51b5863b0">
      <TestCategory>
        <TestCategoryItem TestCategory="Category1000" />
      </TestCategory>
      <Execution id="5bfbddb5-6f94-45bc-9e3d-fd3f62d91086" />
      <TestMethod codeBase="C:\Projekty\MSTestProject\bin\Debug\netcoreapp3.1\MSTestProject.dll" adapterTypeName="executor://mstestadapter/v2" className="TwojeWesele.Services.Helpers.Tests.CurrencyHelperTests" name="FormatToStringTest1000" />
    </UnitTest>
    <UnitTest name="FormatToStringTest1000 (26843.15785584932,26843.16 zł)" storage="c:\projekty\mstestproject\bin\debug\netcoreapp3.1\mstestproject.dll" id="1c08e64a-bf7e-4bcd-8429-3c7ed8ba6b1b">
      <TestCategory>
        <TestCategoryItem TestCategory="Category1000" />
      </TestCategory>
      <Execution id="f24c1cfa-3033-4901-acdd-d01b4099b504" />
      <TestMethod codeBase="C:\Projekty\MSTestProject\bin\Debug\netcoreapp3.1\MSTestProject.dll" adapterTypeName="executor://mstestadapter/v2" className="TwojeWesele.Services.Helpers.Tests.CurrencyHelperTests" name="FormatToStringTest1000" />
    </UnitTest>
    <UnitTest name="FormatToStringTest1000 (1860.3356292016504,1860.34 zł)" storage="c:\projekty\mstestproject\bin\debug\netcoreapp3.1\mstestproject.dll" id="001db505-63b7-459d-a09a-4b88cbb5bf48">
      <TestCategory>
        <TestCategoryItem TestCategory="Category1000" />
      </TestCategory>
      <Execution id="29c277db-c26e-4ae1-b6d4-75458d4d03d0" />
      <TestMethod codeBase="C:\Projekty\MSTestProject\bin\Debug\netcoreapp3.1\MSTestProject.dll" adapterTypeName="executor://mstestadapter/v2" className="TwojeWesele.Services.Helpers.Tests.CurrencyHelperTests" name="FormatToStringTest1000" />
    </UnitTest>
    <UnitTest name="FormatToStringTest1000 (12641.700665183225,12641.70 zł)" storage="c:\projekty\mstestproject\bin\debug\netcoreapp3.1\mstestproject.dll" id="e78bffad-99e1-4aa0-96bf-635a38c54764">
      <TestCategory>
        <TestCategoryItem TestCategory="Category1000" />
      </TestCategory>
      <Execution id="66802484-74e8-41cf-be12-3904434d440f" />
      <TestMethod codeBase="C:\Projekty\MSTestProject\bin\Debug\netcoreapp3.1\MSTestProject.dll" adapterTypeName="executor://mstestadapter/v2" className="TwojeWesele.Services.Helpers.Tests.CurrencyHelperTests" name="FormatToStringTest1000" />
    </UnitTest>
    <UnitTest name="FormatToStringTest1000 (33699.13042082038,33699.13 zł)" storage="c:\projekty\mstestproject\bin\debug\netcoreapp3.1\mstestproject.dll" id="a8ff7d96-4c6e-46eb-b814-9744a53d6b20">
      <TestCategory>
        <TestCategoryItem TestCategory="Category1000" />
      </TestCategory>
      <Execution id="3f420822-fafd-492d-9877-d4357f46f100" />
      <TestMethod codeBase="C:\Projekty\MSTestProject\bin\Debug\netcoreapp3.1\MSTestProject.dll" adapterTypeName="executor://mstestadapter/v2" className="TwojeWesele.Services.Helpers.Tests.CurrencyHelperTests" name="FormatToStringTest1000" />
    </UnitTest>
    <UnitTest name="FormatToStringTest1000 (7191.024921368353,7191.02 zł)" storage="c:\projekty\mstestproject\bin\debug\netcoreapp3.1\mstestproject.dll" id="3dcaff51-3ac0-4ca1-8706-1094d84a0c83">
      <TestCategory>
        <TestCategoryItem TestCategory="Category1000" />
      </TestCategory>
      <Execution id="03eb9f1b-f3da-404b-b0b8-896290fec441" />
      <TestMethod codeBase="C:\Projekty\MSTestProject\bin\Debug\netcoreapp3.1\MSTestProject.dll" adapterTypeName="executor://mstestadapter/v2" className="TwojeWesele.Services.Helpers.Tests.CurrencyHelperTests" name="FormatToStringTest1000" />
    </UnitTest>
    <UnitTest name="FormatToStringTest1000 (68174.53068551492,68174.53 zł)" storage="c:\projekty\mstestproject\bin\debug\netcoreapp3.1\mstestproject.dll" id="150b5497-9f9d-4b98-87cd-35c3566863eb">
      <TestCategory>
        <TestCategoryItem TestCategory="Category1000" />
      </TestCategory>
      <Execution id="b7c57e6c-d97b-44bf-906f-716d7913c8ae" />
      <TestMethod codeBase="C:\Projekty\MSTestProject\bin\Debug\netcoreapp3.1\MSTestProject.dll" adapterTypeName="executor://mstestadapter/v2" className="TwojeWesele.Services.Helpers.Tests.CurrencyHelperTests" name="FormatToStringTest1000" />
    </UnitTest>
    <UnitTest name="FormatToStringTest1000 (88616.03808168416,88616.04 zł)" storage="c:\projekty\mstestproject\bin\debug\netcoreapp3.1\mstestproject.dll" id="960cdcc9-87f7-43c2-8d2f-17f7ce89ef35">
      <TestCategory>
        <TestCategoryItem TestCategory="Category1000" />
      </TestCategory>
      <Execution id="f01d6507-b7c0-4cc7-b87a-7e6ea830a9a9" />
      <TestMethod codeBase="C:\Projekty\MSTestProject\bin\Debug\netcoreapp3.1\MSTestProject.dll" adapterTypeName="executor://mstestadapter/v2" className="TwojeWesele.Services.Helpers.Tests.CurrencyHelperTests" name="FormatToStringTest1000" />
    </UnitTest>
    <UnitTest name="FormatToStringTest1000 (13286.856387228174,13286.86 zł)" storage="c:\projekty\mstestproject\bin\debug\netcoreapp3.1\mstestproject.dll" id="29c860d7-bcc8-4b5f-b4b6-bbf278fe98c1">
      <TestCategory>
        <TestCategoryItem TestCategory="Category1000" />
      </TestCategory>
      <Execution id="8ffd99d1-550d-408a-bc6f-b8a37d68aa63" />
      <TestMethod codeBase="C:\Projekty\MSTestProject\bin\Debug\netcoreapp3.1\MSTestProject.dll" adapterTypeName="executor://mstestadapter/v2" className="TwojeWesele.Services.Helpers.Tests.CurrencyHelperTests" name="FormatToStringTest1000" />
    </UnitTest>
    <UnitTest name="FormatToStringTest1000 (32732.81915128502,32732.82 zł)" storage="c:\projekty\mstestproject\bin\debug\netcoreapp3.1\mstestproject.dll" id="e6289798-3fab-4d94-9842-6d7bc6f9011b">
      <TestCategory>
        <TestCategoryItem TestCategory="Category1000" />
      </TestCategory>
      <Execution id="12ed5601-80dc-43f4-911d-abdd9ee0fe56" />
      <TestMethod codeBase="C:\Projekty\MSTestProject\bin\Debug\netcoreapp3.1\MSTestProject.dll" adapterTypeName="executor://mstestadapter/v2" className="TwojeWesele.Services.Helpers.Tests.CurrencyHelperTests" name="FormatToStringTest1000" />
    </UnitTest>
    <UnitTest name="FormatToStringTest1000 (36047.83545033672,36047.84 zł)" storage="c:\projekty\mstestproject\bin\debug\netcoreapp3.1\mstestproject.dll" id="f5164dc5-249e-4e02-9f10-fdc7f67bafb0">
      <TestCategory>
        <TestCategoryItem TestCategory="Category1000" />
      </TestCategory>
      <Execution id="01481d75-0631-481f-bbea-9c143f1778a2" />
      <TestMethod codeBase="C:\Projekty\MSTestProject\bin\Debug\netcoreapp3.1\MSTestProject.dll" adapterTypeName="executor://mstestadapter/v2" className="TwojeWesele.Services.Helpers.Tests.CurrencyHelperTests" name="FormatToStringTest1000" />
    </UnitTest>
    <UnitTest name="FormatToStringTest1000 (9754.291367935619,9754.29 zł)" storage="c:\projekty\mstestproject\bin\debug\netcoreapp3.1\mstestproject.dll" id="0294b9be-e78e-4c4f-85c0-d8770dca0b16">
      <TestCategory>
        <TestCategoryItem TestCategory="Category1000" />
      </TestCategory>
      <Execution id="21eb615b-72c9-440f-a6d6-b2468009796d" />
      <TestMethod codeBase="C:\Projekty\MSTestProject\bin\Debug\netcoreapp3.1\MSTestProject.dll" adapterTypeName="executor://mstestadapter/v2" className="TwojeWesele.Services.Helpers.Tests.CurrencyHelperTests" name="FormatToStringTest1000" />
    </UnitTest>
    <UnitTest name="FormatToStringTest1000 (24024.14691439557,24024.15 zł)" storage="c:\projekty\mstestproject\bin\debug\netcoreapp3.1\mstestproject.dll" id="8bfe3c0b-dc94-4aa1-a3d2-65fade94a831">
      <TestCategory>
        <TestCategoryItem TestCategory="Category1000" />
      </TestCategory>
      <Execution id="7dfe341b-c10f-4661-9f08-2d444163227f" />
      <TestMethod codeBase="C:\Projekty\MSTestProject\bin\Debug\netcoreapp3.1\MSTestProject.dll" adapterTypeName="executor://mstestadapter/v2" className="TwojeWesele.Services.Helpers.Tests.CurrencyHelperTests" name="FormatToStringTest1000" />
    </UnitTest>
    <UnitTest name="FormatToStringTest1000 (34136.0993783046,34136.10 zł)" storage="c:\projekty\mstestproject\bin\debug\netcoreapp3.1\mstestproject.dll" id="5e8d21fb-7a84-4ff0-9bd8-b1c210155042">
      <TestCategory>
        <TestCategoryItem TestCategory="Category1000" />
      </TestCategory>
      <Execution id="9af35b93-366f-4d28-9753-e60cd9f4f31b" />
      <TestMethod codeBase="C:\Projekty\MSTestProject\bin\Debug\netcoreapp3.1\MSTestProject.dll" adapterTypeName="executor://mstestadapter/v2" className="TwojeWesele.Services.Helpers.Tests.CurrencyHelperTests" name="FormatToStringTest1000" />
    </UnitTest>
    <UnitTest name="FormatToStringTest1000 (43424.45140075332,43424.45 zł)" storage="c:\projekty\mstestproject\bin\debug\netcoreapp3.1\mstestproject.dll" id="e2309d4d-87fb-44f2-88ad-9ce1ffe090fa">
      <TestCategory>
        <TestCategoryItem TestCategory="Category1000" />
      </TestCategory>
      <Execution id="314b9820-d93e-4519-8af2-2a3ccb7cf735" />
      <TestMethod codeBase="C:\Projekty\MSTestProject\bin\Debug\netcoreapp3.1\MSTestProject.dll" adapterTypeName="executor://mstestadapter/v2" className="TwojeWesele.Services.Helpers.Tests.CurrencyHelperTests" name="FormatToStringTest1000" />
    </UnitTest>
    <UnitTest name="FormatToStringTest1000 (32262.93788198984,32262.94 zł)" storage="c:\projekty\mstestproject\bin\debug\netcoreapp3.1\mstestproject.dll" id="9b11f189-b687-4ff2-ba28-40f872bec260">
      <TestCategory>
        <TestCategoryItem TestCategory="Category1000" />
      </TestCategory>
      <Execution id="3c9db34b-dba3-4580-9737-f9b01aefdb0c" />
      <TestMethod codeBase="C:\Projekty\MSTestProject\bin\Debug\netcoreapp3.1\MSTestProject.dll" adapterTypeName="executor://mstestadapter/v2" className="TwojeWesele.Services.Helpers.Tests.CurrencyHelperTests" name="FormatToStringTest1000" />
    </UnitTest>
    <UnitTest name="FormatToStringTest1000 (16902.50568789314,16902.51 zł)" storage="c:\projekty\mstestproject\bin\debug\netcoreapp3.1\mstestproject.dll" id="a166af42-a0ae-4152-aa71-1bc4e5ba4201">
      <TestCategory>
        <TestCategoryItem TestCategory="Category1000" />
      </TestCategory>
      <Execution id="68ac4636-044b-4233-a2a2-b5ec69bd434f" />
      <TestMethod codeBase="C:\Projekty\MSTestProject\bin\Debug\netcoreapp3.1\MSTestProject.dll" adapterTypeName="executor://mstestadapter/v2" className="TwojeWesele.Services.Helpers.Tests.CurrencyHelperTests" name="FormatToStringTest1000" />
    </UnitTest>
    <UnitTest name="FormatToStringTest1000 (9079.930405251649,9079.93 zł)" storage="c:\projekty\mstestproject\bin\debug\netcoreapp3.1\mstestproject.dll" id="5c94ee13-d4fe-4863-828f-b3e66b105685">
      <TestCategory>
        <TestCategoryItem TestCategory="Category1000" />
      </TestCategory>
      <Execution id="65bda78e-c4a0-4aef-a605-c84e9075ee4c" />
      <TestMethod codeBase="C:\Projekty\MSTestProject\bin\Debug\netcoreapp3.1\MSTestProject.dll" adapterTypeName="executor://mstestadapter/v2" className="TwojeWesele.Services.Helpers.Tests.CurrencyHelperTests" name="FormatToStringTest1000" />
    </UnitTest>
    <UnitTest name="FormatToStringTest1000 (13568.230982493717,13568.23 zł)" storage="c:\projekty\mstestproject\bin\debug\netcoreapp3.1\mstestproject.dll" id="62a17704-749a-4b2d-8b0a-8a65cd103317">
      <TestCategory>
        <TestCategoryItem TestCategory="Category1000" />
      </TestCategory>
      <Execution id="8c125a90-6363-4e95-9597-24ba4ca54127" />
      <TestMethod codeBase="C:\Projekty\MSTestProject\bin\Debug\netcoreapp3.1\MSTestProject.dll" adapterTypeName="executor://mstestadapter/v2" className="TwojeWesele.Services.Helpers.Tests.CurrencyHelperTests" name="FormatToStringTest1000" />
    </UnitTest>
    <UnitTest name="FormatToStringTest1000 (56286.70397975702,56286.70 zł)" storage="c:\projekty\mstestproject\bin\debug\netcoreapp3.1\mstestproject.dll" id="4e66a25b-4201-4250-aca7-d8cefa23bf2d">
      <TestCategory>
        <TestCategoryItem TestCategory="Category1000" />
      </TestCategory>
      <Execution id="ce06ab6c-7133-4728-a585-12a27a07f7ae" />
      <TestMethod codeBase="C:\Projekty\MSTestProject\bin\Debug\netcoreapp3.1\MSTestProject.dll" adapterTypeName="executor://mstestadapter/v2" className="TwojeWesele.Services.Helpers.Tests.CurrencyHelperTests" name="FormatToStringTest1000" />
    </UnitTest>
    <UnitTest name="FormatToStringTest1000 (65947.64520381515,65947.65 zł)" storage="c:\projekty\mstestproject\bin\debug\netcoreapp3.1\mstestproject.dll" id="0810338c-d7c6-4f5e-82aa-139c9ea010ec">
      <TestCategory>
        <TestCategoryItem TestCategory="Category1000" />
      </TestCategory>
      <Execution id="c7844d1b-91ca-41e8-9759-15b46d57ef2a" />
      <TestMethod codeBase="C:\Projekty\MSTestProject\bin\Debug\netcoreapp3.1\MSTestProject.dll" adapterTypeName="executor://mstestadapter/v2" className="TwojeWesele.Services.Helpers.Tests.CurrencyHelperTests" name="FormatToStringTest1000" />
    </UnitTest>
    <UnitTest name="FormatToStringTest1000 (31315.40354898544,31315.40 zł)" storage="c:\projekty\mstestproject\bin\debug\netcoreapp3.1\mstestproject.dll" id="290a66f0-c9eb-433e-997d-51659d3a0a3d">
      <TestCategory>
        <TestCategoryItem TestCategory="Category1000" />
      </TestCategory>
      <Execution id="b6b5f92c-67ca-49a0-b6ec-d7019dad25d9" />
      <TestMethod codeBase="C:\Projekty\MSTestProject\bin\Debug\netcoreapp3.1\MSTestProject.dll" adapterTypeName="executor://mstestadapter/v2" className="TwojeWesele.Services.Helpers.Tests.CurrencyHelperTests" name="FormatToStringTest1000" />
    </UnitTest>
    <UnitTest name="FormatToStringTest1000 (17232.486162219426,17232.49 zł)" storage="c:\projekty\mstestproject\bin\debug\netcoreapp3.1\mstestproject.dll" id="eea541e6-eb7e-41bb-ad54-8acabf7b4cfa">
      <TestCategory>
        <TestCategoryItem TestCategory="Category1000" />
      </TestCategory>
      <Execution id="93534a80-e695-457e-b6ae-ae8fcffb0815" />
      <TestMethod codeBase="C:\Projekty\MSTestProject\bin\Debug\netcoreapp3.1\MSTestProject.dll" adapterTypeName="executor://mstestadapter/v2" className="TwojeWesele.Services.Helpers.Tests.CurrencyHelperTests" name="FormatToStringTest1000" />
    </UnitTest>
    <UnitTest name="FormatToStringTest1000 (11871.427211910219,11871.43 zł)" storage="c:\projekty\mstestproject\bin\debug\netcoreapp3.1\mstestproject.dll" id="5717079b-42fe-4b58-8d47-cf63a129eede">
      <TestCategory>
        <TestCategoryItem TestCategory="Category1000" />
      </TestCategory>
      <Execution id="1dcc1784-ace0-41d5-afff-ccc0d8e53f1f" />
      <TestMethod codeBase="C:\Projekty\MSTestProject\bin\Debug\netcoreapp3.1\MSTestProject.dll" adapterTypeName="executor://mstestadapter/v2" className="TwojeWesele.Services.Helpers.Tests.CurrencyHelperTests" name="FormatToStringTest1000" />
    </UnitTest>
    <UnitTest name="FormatToStringTest1000 (14459.57059750686,14459.57 zł)" storage="c:\projekty\mstestproject\bin\debug\netcoreapp3.1\mstestproject.dll" id="37af5e4b-a820-477e-baa7-752264f3f136">
      <TestCategory>
        <TestCategoryItem TestCategory="Category1000" />
      </TestCategory>
      <Execution id="970ca9b9-a518-400a-a836-bc036f94b1ee" />
      <TestMethod codeBase="C:\Projekty\MSTestProject\bin\Debug\netcoreapp3.1\MSTestProject.dll" adapterTypeName="executor://mstestadapter/v2" className="TwojeWesele.Services.Helpers.Tests.CurrencyHelperTests" name="FormatToStringTest1000" />
    </UnitTest>
    <UnitTest name="FormatToStringTest1000 (22831.975917587977,22831.98 zł)" storage="c:\projekty\mstestproject\bin\debug\netcoreapp3.1\mstestproject.dll" id="a97cddb2-f969-4808-a0bb-c87cdcc9abe6">
      <TestCategory>
        <TestCategoryItem TestCategory="Category1000" />
      </TestCategory>
      <Execution id="b5b0d30f-3da5-4be1-9380-0ee5c855223c" />
      <TestMethod codeBase="C:\Projekty\MSTestProject\bin\Debug\netcoreapp3.1\MSTestProject.dll" adapterTypeName="executor://mstestadapter/v2" className="TwojeWesele.Services.Helpers.Tests.CurrencyHelperTests" name="FormatToStringTest1000" />
    </UnitTest>
    <UnitTest name="FormatToStringTest1000 (16129.507288814293,16129.51 zł)" storage="c:\projekty\mstestproject\bin\debug\netcoreapp3.1\mstestproject.dll" id="b84e35d5-8cd1-4658-890b-90b404c7168f">
      <TestCategory>
        <TestCategoryItem TestCategory="Category1000" />
      </TestCategory>
      <Execution id="768c4c92-d758-4bee-a8d3-ff527b8f29df" />
      <TestMethod codeBase="C:\Projekty\MSTestProject\bin\Debug\netcoreapp3.1\MSTestProject.dll" adapterTypeName="executor://mstestadapter/v2" className="TwojeWesele.Services.Helpers.Tests.CurrencyHelperTests" name="FormatToStringTest1000" />
    </UnitTest>
    <UnitTest name="FormatToStringTest1000 (10457.593086045978,10457.59 zł)" storage="c:\projekty\mstestproject\bin\debug\netcoreapp3.1\mstestproject.dll" id="233abb86-0da3-40c9-93f6-9f59d978a480">
      <TestCategory>
        <TestCategoryItem TestCategory="Category1000" />
      </TestCategory>
      <Execution id="8be3fdb7-f6f7-4867-8e03-1a5ce99efe3f" />
      <TestMethod codeBase="C:\Projekty\MSTestProject\bin\Debug\netcoreapp3.1\MSTestProject.dll" adapterTypeName="executor://mstestadapter/v2" className="TwojeWesele.Services.Helpers.Tests.CurrencyHelperTests" name="FormatToStringTest1000" />
    </UnitTest>
    <UnitTest name="FormatToStringTest1000 (8768.816937361293,8768.82 zł)" storage="c:\projekty\mstestproject\bin\debug\netcoreapp3.1\mstestproject.dll" id="e8719562-2570-485b-9f8a-f691d855248f">
      <TestCategory>
        <TestCategoryItem TestCategory="Category1000" />
      </TestCategory>
      <Execution id="202bd946-d70f-4dc2-8ea4-51b25eca8d8b" />
      <TestMethod codeBase="C:\Projekty\MSTestProject\bin\Debug\netcoreapp3.1\MSTestProject.dll" adapterTypeName="executor://mstestadapter/v2" className="TwojeWesele.Services.Helpers.Tests.CurrencyHelperTests" name="FormatToStringTest1000" />
    </UnitTest>
    <UnitTest name="FormatToStringTest1000 (6057.842750804426,6057.84 zł)" storage="c:\projekty\mstestproject\bin\debug\netcoreapp3.1\mstestproject.dll" id="c63805b9-d4cb-4c74-9e77-c0e33fbdd5c8">
      <TestCategory>
        <TestCategoryItem TestCategory="Category1000" />
      </TestCategory>
      <Execution id="f6d483c7-b694-4632-86c4-c8fe20b764d9" />
      <TestMethod codeBase="C:\Projekty\MSTestProject\bin\Debug\netcoreapp3.1\MSTestProject.dll" adapterTypeName="executor://mstestadapter/v2" className="TwojeWesele.Services.Helpers.Tests.CurrencyHelperTests" name="FormatToStringTest1000" />
    </UnitTest>
    <UnitTest name="FormatToStringTest1000 (9867.823212210007,9867.82 zł)" storage="c:\projekty\mstestproject\bin\debug\netcoreapp3.1\mstestproject.dll" id="05cfae87-6fc1-4efd-b5f3-b9cccc212251">
      <TestCategory>
        <TestCategoryItem TestCategory="Category1000" />
      </TestCategory>
      <Execution id="d6a70c44-077f-4da7-b456-d025c1820f82" />
      <TestMethod codeBase="C:\Projekty\MSTestProject\bin\Debug\netcoreapp3.1\MSTestProject.dll" adapterTypeName="executor://mstestadapter/v2" className="TwojeWesele.Services.Helpers.Tests.CurrencyHelperTests" name="FormatToStringTest1000" />
    </UnitTest>
    <UnitTest name="FormatToStringTest1000 (8802.811382028653,8802.81 zł)" storage="c:\projekty\mstestproject\bin\debug\netcoreapp3.1\mstestproject.dll" id="df6e8633-ce81-4afd-9eb0-c21b3080547b">
      <TestCategory>
        <TestCategoryItem TestCategory="Category1000" />
      </TestCategory>
      <Execution id="70349de7-7081-4e75-95ce-dec8435e410c" />
      <TestMethod codeBase="C:\Projekty\MSTestProject\bin\Debug\netcoreapp3.1\MSTestProject.dll" adapterTypeName="executor://mstestadapter/v2" className="TwojeWesele.Services.Helpers.Tests.CurrencyHelperTests" name="FormatToStringTest1000" />
    </UnitTest>
    <UnitTest name="FormatToStringTest1000 (1549.6599114973376,1549.66 zł)" storage="c:\projekty\mstestproject\bin\debug\netcoreapp3.1\mstestproject.dll" id="481d3f27-fb7d-45fb-8422-5f017bfb9173">
      <TestCategory>
        <TestCategoryItem TestCategory="Category1000" />
      </TestCategory>
      <Execution id="fd163e0d-6800-4401-a51b-0c42bb5a8e72" />
      <TestMethod codeBase="C:\Projekty\MSTestProject\bin\Debug\netcoreapp3.1\MSTestProject.dll" adapterTypeName="executor://mstestadapter/v2" className="TwojeWesele.Services.Helpers.Tests.CurrencyHelperTests" name="FormatToStringTest1000" />
    </UnitTest>
    <UnitTest name="FormatToStringTest1000 (10397.404523554447,10397.40 zł)" storage="c:\projekty\mstestproject\bin\debug\netcoreapp3.1\mstestproject.dll" id="95e60f23-6c8d-4f5f-adcd-36934a3e857b">
      <TestCategory>
        <TestCategoryItem TestCategory="Category1000" />
      </TestCategory>
      <Execution id="bf1d45d0-4a15-47d6-9dd8-3146202e596d" />
      <TestMethod codeBase="C:\Projekty\MSTestProject\bin\Debug\netcoreapp3.1\MSTestProject.dll" adapterTypeName="executor://mstestadapter/v2" className="TwojeWesele.Services.Helpers.Tests.CurrencyHelperTests" name="FormatToStringTest1000" />
    </UnitTest>
    <UnitTest name="FormatToStringTest1000 (93775.33090185716,93775.33 zł)" storage="c:\projekty\mstestproject\bin\debug\netcoreapp3.1\mstestproject.dll" id="76ccc515-a4a6-4e1b-8ea6-5cdf2b300ae4">
      <TestCategory>
        <TestCategoryItem TestCategory="Category1000" />
      </TestCategory>
      <Execution id="ecebcc02-7ac2-4f71-b090-0ef0e9da8502" />
      <TestMethod codeBase="C:\Projekty\MSTestProject\bin\Debug\netcoreapp3.1\MSTestProject.dll" adapterTypeName="executor://mstestadapter/v2" className="TwojeWesele.Services.Helpers.Tests.CurrencyHelperTests" name="FormatToStringTest1000" />
    </UnitTest>
    <UnitTest name="FormatToStringTest1000 (13323.876109275909,13323.88 zł)" storage="c:\projekty\mstestproject\bin\debug\netcoreapp3.1\mstestproject.dll" id="d99401e5-4d6c-4e2d-ba8b-6d88de427214">
      <TestCategory>
        <TestCategoryItem TestCategory="Category1000" />
      </TestCategory>
      <Execution id="5637fd1a-1878-472f-933a-21a0e2a2992a" />
      <TestMethod codeBase="C:\Projekty\MSTestProject\bin\Debug\netcoreapp3.1\MSTestProject.dll" adapterTypeName="executor://mstestadapter/v2" className="TwojeWesele.Services.Helpers.Tests.CurrencyHelperTests" name="FormatToStringTest1000" />
    </UnitTest>
    <UnitTest name="FormatToStringTest1000 (9843.625240445894,9843.63 zł)" storage="c:\projekty\mstestproject\bin\debug\netcoreapp3.1\mstestproject.dll" id="a633ddf3-de53-4ba6-ab33-0180dbed7a7b">
      <TestCategory>
        <TestCategoryItem TestCategory="Category1000" />
      </TestCategory>
      <Execution id="3d106c97-2dcd-407d-9ed3-4caec797f0dd" />
      <TestMethod codeBase="C:\Projekty\MSTestProject\bin\Debug\netcoreapp3.1\MSTestProject.dll" adapterTypeName="executor://mstestadapter/v2" className="TwojeWesele.Services.Helpers.Tests.CurrencyHelperTests" name="FormatToStringTest1000" />
    </UnitTest>
    <UnitTest name="FormatToStringTest1000 (11100.829211263372,11100.83 zł)" storage="c:\projekty\mstestproject\bin\debug\netcoreapp3.1\mstestproject.dll" id="3a45b58a-c0e0-4549-ba4b-a4043b6e5330">
      <TestCategory>
        <TestCategoryItem TestCategory="Category1000" />
      </TestCategory>
      <Execution id="baace4ac-a631-4a5e-9b4f-361f71ce96ab" />
      <TestMethod codeBase="C:\Projekty\MSTestProject\bin\Debug\netcoreapp3.1\MSTestProject.dll" adapterTypeName="executor://mstestadapter/v2" className="TwojeWesele.Services.Helpers.Tests.CurrencyHelperTests" name="FormatToStringTest1000" />
    </UnitTest>
    <UnitTest name="FormatToStringTest1000 (57809.74722876295,57809.75 zł)" storage="c:\projekty\mstestproject\bin\debug\netcoreapp3.1\mstestproject.dll" id="0c842008-5bc4-49a9-a0b8-dd39802d38c5">
      <TestCategory>
        <TestCategoryItem TestCategory="Category1000" />
      </TestCategory>
      <Execution id="c62012da-fb5b-4c12-8c5d-8e1ec96aa96d" />
      <TestMethod codeBase="C:\Projekty\MSTestProject\bin\Debug\netcoreapp3.1\MSTestProject.dll" adapterTypeName="executor://mstestadapter/v2" className="TwojeWesele.Services.Helpers.Tests.CurrencyHelperTests" name="FormatToStringTest1000" />
    </UnitTest>
    <UnitTest name="FormatToStringTest1000 (28455.229970996843,28455.23 zł)" storage="c:\projekty\mstestproject\bin\debug\netcoreapp3.1\mstestproject.dll" id="78d5909d-df5f-4d71-8675-f7bc691af7d9">
      <TestCategory>
        <TestCategoryItem TestCategory="Category1000" />
      </TestCategory>
      <Execution id="aad1bf3b-2d4f-4ce8-b8f4-a962ac4fb15e" />
      <TestMethod codeBase="C:\Projekty\MSTestProject\bin\Debug\netcoreapp3.1\MSTestProject.dll" adapterTypeName="executor://mstestadapter/v2" className="TwojeWesele.Services.Helpers.Tests.CurrencyHelperTests" name="FormatToStringTest1000" />
    </UnitTest>
    <UnitTest name="FormatToStringTest1000 (14035.12972514477,14035.13 zł)" storage="c:\projekty\mstestproject\bin\debug\netcoreapp3.1\mstestproject.dll" id="a90f6fda-47e6-40a9-a209-6631859e580b">
      <TestCategory>
        <TestCategoryItem TestCategory="Category1000" />
      </TestCategory>
      <Execution id="44eb0ef0-f4fb-4742-9da5-848316e70dc8" />
      <TestMethod codeBase="C:\Projekty\MSTestProject\bin\Debug\netcoreapp3.1\MSTestProject.dll" adapterTypeName="executor://mstestadapter/v2" className="TwojeWesele.Services.Helpers.Tests.CurrencyHelperTests" name="FormatToStringTest1000" />
    </UnitTest>
    <UnitTest name="FormatToStringTest1000 (3303.1902076747224,3303.19 zł)" storage="c:\projekty\mstestproject\bin\debug\netcoreapp3.1\mstestproject.dll" id="ab1cba9a-1aaf-49cf-8578-f2f348a503a9">
      <TestCategory>
        <TestCategoryItem TestCategory="Category1000" />
      </TestCategory>
      <Execution id="bcfb9743-1058-4b14-aecf-192cdee23054" />
      <TestMethod codeBase="C:\Projekty\MSTestProject\bin\Debug\netcoreapp3.1\MSTestProject.dll" adapterTypeName="executor://mstestadapter/v2" className="TwojeWesele.Services.Helpers.Tests.CurrencyHelperTests" name="FormatToStringTest1000" />
    </UnitTest>
    <UnitTest name="FormatToStringTest1000 (77919.64716867341,77919.65 zł)" storage="c:\projekty\mstestproject\bin\debug\netcoreapp3.1\mstestproject.dll" id="015911aa-d2bf-418d-8d44-1e9fc3c42c64">
      <TestCategory>
        <TestCategoryItem TestCategory="Category1000" />
      </TestCategory>
      <Execution id="57502e65-f947-46b7-a436-dd69632de6aa" />
      <TestMethod codeBase="C:\Projekty\MSTestProject\bin\Debug\netcoreapp3.1\MSTestProject.dll" adapterTypeName="executor://mstestadapter/v2" className="TwojeWesele.Services.Helpers.Tests.CurrencyHelperTests" name="FormatToStringTest1000" />
    </UnitTest>
    <UnitTest name="FormatToStringTest1000 (25084.19182667238,25084.19 zł)" storage="c:\projekty\mstestproject\bin\debug\netcoreapp3.1\mstestproject.dll" id="fee255c9-9f1f-4b45-b2ca-52ec2d584138">
      <TestCategory>
        <TestCategoryItem TestCategory="Category1000" />
      </TestCategory>
      <Execution id="995cec72-caae-43b5-9b85-d91ef31b6329" />
      <TestMethod codeBase="C:\Projekty\MSTestProject\bin\Debug\netcoreapp3.1\MSTestProject.dll" adapterTypeName="executor://mstestadapter/v2" className="TwojeWesele.Services.Helpers.Tests.CurrencyHelperTests" name="FormatToStringTest1000" />
    </UnitTest>
    <UnitTest name="FormatToStringTest1000 (26223.99769144412,26224.00 zł)" storage="c:\projekty\mstestproject\bin\debug\netcoreapp3.1\mstestproject.dll" id="9caba5d9-ea9a-4210-9a0a-52b071f1ee97">
      <TestCategory>
        <TestCategoryItem TestCategory="Category1000" />
      </TestCategory>
      <Execution id="d3f8494a-39ef-41b4-bd97-2591e05fe1e9" />
      <TestMethod codeBase="C:\Projekty\MSTestProject\bin\Debug\netcoreapp3.1\MSTestProject.dll" adapterTypeName="executor://mstestadapter/v2" className="TwojeWesele.Services.Helpers.Tests.CurrencyHelperTests" name="FormatToStringTest1000" />
    </UnitTest>
    <UnitTest name="FormatToStringTest1000 (24566.50251371856,24566.50 zł)" storage="c:\projekty\mstestproject\bin\debug\netcoreapp3.1\mstestproject.dll" id="9835ec0e-c188-462f-895e-c9f46873fc86">
      <TestCategory>
        <TestCategoryItem TestCategory="Category1000" />
      </TestCategory>
      <Execution id="e6ea00d6-8b02-4dd0-a604-031e2bf0d56b" />
      <TestMethod codeBase="C:\Projekty\MSTestProject\bin\Debug\netcoreapp3.1\MSTestProject.dll" adapterTypeName="executor://mstestadapter/v2" className="TwojeWesele.Services.Helpers.Tests.CurrencyHelperTests" name="FormatToStringTest1000" />
    </UnitTest>
    <UnitTest name="FormatToStringTest1000 (28987.862854782896,28987.86 zł)" storage="c:\projekty\mstestproject\bin\debug\netcoreapp3.1\mstestproject.dll" id="5fe0d2d7-c6b7-4b6f-90d6-f56d0ceeefaf">
      <TestCategory>
        <TestCategoryItem TestCategory="Category1000" />
      </TestCategory>
      <Execution id="106cbd37-ba06-4b70-a52b-f146aafcc4dc" />
      <TestMethod codeBase="C:\Projekty\MSTestProject\bin\Debug\netcoreapp3.1\MSTestProject.dll" adapterTypeName="executor://mstestadapter/v2" className="TwojeWesele.Services.Helpers.Tests.CurrencyHelperTests" name="FormatToStringTest1000" />
    </UnitTest>
    <UnitTest name="FormatToStringTest1000 (40556.73452524362,40556.73 zł)" storage="c:\projekty\mstestproject\bin\debug\netcoreapp3.1\mstestproject.dll" id="62f81451-be79-4a75-8d53-ee4d725abe5d">
      <TestCategory>
        <TestCategoryItem TestCategory="Category1000" />
      </TestCategory>
      <Execution id="46c87655-9851-42fb-9666-f57ed722375a" />
      <TestMethod codeBase="C:\Projekty\MSTestProject\bin\Debug\netcoreapp3.1\MSTestProject.dll" adapterTypeName="executor://mstestadapter/v2" className="TwojeWesele.Services.Helpers.Tests.CurrencyHelperTests" name="FormatToStringTest1000" />
    </UnitTest>
    <UnitTest name="FormatToStringTest1000 (18208.8422650126,18208.84 zł)" storage="c:\projekty\mstestproject\bin\debug\netcoreapp3.1\mstestproject.dll" id="a3ab2f6f-79e8-41c9-b88f-57223c78d936">
      <TestCategory>
        <TestCategoryItem TestCategory="Category1000" />
      </TestCategory>
      <Execution id="f6fe855d-cfdd-4a10-94e6-d177529e5b6c" />
      <TestMethod codeBase="C:\Projekty\MSTestProject\bin\Debug\netcoreapp3.1\MSTestProject.dll" adapterTypeName="executor://mstestadapter/v2" className="TwojeWesele.Services.Helpers.Tests.CurrencyHelperTests" name="FormatToStringTest1000" />
    </UnitTest>
    <UnitTest name="FormatToStringTest1000 (64568.131500027666,64568.13 zł)" storage="c:\projekty\mstestproject\bin\debug\netcoreapp3.1\mstestproject.dll" id="fe2eff95-9217-4583-8ed7-d6e0cc48b38f">
      <TestCategory>
        <TestCategoryItem TestCategory="Category1000" />
      </TestCategory>
      <Execution id="af1df42a-fe55-45b2-8f17-cdf23d7b7ba2" />
      <TestMethod codeBase="C:\Projekty\MSTestProject\bin\Debug\netcoreapp3.1\MSTestProject.dll" adapterTypeName="executor://mstestadapter/v2" className="TwojeWesele.Services.Helpers.Tests.CurrencyHelperTests" name="FormatToStringTest1000" />
    </UnitTest>
    <UnitTest name="FormatToStringTest1000 (6323.24079469882,6323.24 zł)" storage="c:\projekty\mstestproject\bin\debug\netcoreapp3.1\mstestproject.dll" id="3ac15f16-d680-4d6a-880b-394ccd3a2b15">
      <TestCategory>
        <TestCategoryItem TestCategory="Category1000" />
      </TestCategory>
      <Execution id="cc9c3ac7-39da-470b-b7c8-5c9603981812" />
      <TestMethod codeBase="C:\Projekty\MSTestProject\bin\Debug\netcoreapp3.1\MSTestProject.dll" adapterTypeName="executor://mstestadapter/v2" className="TwojeWesele.Services.Helpers.Tests.CurrencyHelperTests" name="FormatToStringTest1000" />
    </UnitTest>
    <UnitTest name="FormatToStringTest1000 (59919.71489415491,59919.71 zł)" storage="c:\projekty\mstestproject\bin\debug\netcoreapp3.1\mstestproject.dll" id="057cf8ee-b341-47c0-af1a-af6e230fa282">
      <TestCategory>
        <TestCategoryItem TestCategory="Category1000" />
      </TestCategory>
      <Execution id="81236fd7-71d9-44be-a118-45e404139fa5" />
      <TestMethod codeBase="C:\Projekty\MSTestProject\bin\Debug\netcoreapp3.1\MSTestProject.dll" adapterTypeName="executor://mstestadapter/v2" className="TwojeWesele.Services.Helpers.Tests.CurrencyHelperTests" name="FormatToStringTest1000" />
    </UnitTest>
    <UnitTest name="FormatToStringTest1000 (22367.991005544547,22367.99 zł)" storage="c:\projekty\mstestproject\bin\debug\netcoreapp3.1\mstestproject.dll" id="84c1ebae-1c60-44f2-87c7-76fc22f52360">
      <TestCategory>
        <TestCategoryItem TestCategory="Category1000" />
      </TestCategory>
      <Execution id="7eec2f9f-370e-4359-8a03-95cea14d034a" />
      <TestMethod codeBase="C:\Projekty\MSTestProject\bin\Debug\netcoreapp3.1\MSTestProject.dll" adapterTypeName="executor://mstestadapter/v2" className="TwojeWesele.Services.Helpers.Tests.CurrencyHelperTests" name="FormatToStringTest1000" />
    </UnitTest>
    <UnitTest name="FormatToStringTest1000 (1328.353302088265,1328.35 zł)" storage="c:\projekty\mstestproject\bin\debug\netcoreapp3.1\mstestproject.dll" id="37964e90-322e-4584-b980-5733640d7a8f">
      <TestCategory>
        <TestCategoryItem TestCategory="Category1000" />
      </TestCategory>
      <Execution id="758358f0-5d23-4cbb-a4cc-9eff359d3162" />
      <TestMethod codeBase="C:\Projekty\MSTestProject\bin\Debug\netcoreapp3.1\MSTestProject.dll" adapterTypeName="executor://mstestadapter/v2" className="TwojeWesele.Services.Helpers.Tests.CurrencyHelperTests" name="FormatToStringTest1000" />
    </UnitTest>
    <UnitTest name="FormatToStringTest1000 (270.1894008262033,270.19 zł)" storage="c:\projekty\mstestproject\bin\debug\netcoreapp3.1\mstestproject.dll" id="92404baf-7eca-4103-8b68-44ea8eaedc42">
      <TestCategory>
        <TestCategoryItem TestCategory="Category1000" />
      </TestCategory>
      <Execution id="f532a9cf-c266-4d2d-ac87-8af22858e972" />
      <TestMethod codeBase="C:\Projekty\MSTestProject\bin\Debug\netcoreapp3.1\MSTestProject.dll" adapterTypeName="executor://mstestadapter/v2" className="TwojeWesele.Services.Helpers.Tests.CurrencyHelperTests" name="FormatToStringTest1000" />
    </UnitTest>
    <UnitTest name="FormatToStringTest1000 (46803.36433423374,46803.36 zł)" storage="c:\projekty\mstestproject\bin\debug\netcoreapp3.1\mstestproject.dll" id="14c205a9-f64b-42e1-a22e-9972bd3690fb">
      <TestCategory>
        <TestCategoryItem TestCategory="Category1000" />
      </TestCategory>
      <Execution id="cf8e0bcb-1802-4753-b8f3-b675a2c639ef" />
      <TestMethod codeBase="C:\Projekty\MSTestProject\bin\Debug\netcoreapp3.1\MSTestProject.dll" adapterTypeName="executor://mstestadapter/v2" className="TwojeWesele.Services.Helpers.Tests.CurrencyHelperTests" name="FormatToStringTest1000" />
    </UnitTest>
    <UnitTest name="FormatToStringTest1000 (55303.17220895699,55303.17 zł)" storage="c:\projekty\mstestproject\bin\debug\netcoreapp3.1\mstestproject.dll" id="36a523ce-be19-4362-9224-01d6869d0176">
      <TestCategory>
        <TestCategoryItem TestCategory="Category1000" />
      </TestCategory>
      <Execution id="f3397f62-b9f6-48c9-96a4-6d7141df5dcd" />
      <TestMethod codeBase="C:\Projekty\MSTestProject\bin\Debug\netcoreapp3.1\MSTestProject.dll" adapterTypeName="executor://mstestadapter/v2" className="TwojeWesele.Services.Helpers.Tests.CurrencyHelperTests" name="FormatToStringTest1000" />
    </UnitTest>
    <UnitTest name="FormatToStringTest1000 (941.429400278921,941.43 zł)" storage="c:\projekty\mstestproject\bin\debug\netcoreapp3.1\mstestproject.dll" id="02ce3e78-274c-4981-9e54-3ed805a48b71">
      <TestCategory>
        <TestCategoryItem TestCategory="Category1000" />
      </TestCategory>
      <Execution id="ac187ab3-c730-448c-8d87-8e048a339519" />
      <TestMethod codeBase="C:\Projekty\MSTestProject\bin\Debug\netcoreapp3.1\MSTestProject.dll" adapterTypeName="executor://mstestadapter/v2" className="TwojeWesele.Services.Helpers.Tests.CurrencyHelperTests" name="FormatToStringTest1000" />
    </UnitTest>
    <UnitTest name="FormatToStringTest1000 (8499.121443388574,8499.12 zł)" storage="c:\projekty\mstestproject\bin\debug\netcoreapp3.1\mstestproject.dll" id="15765b7a-64d9-4a37-a5b8-5c59f1397977">
      <TestCategory>
        <TestCategoryItem TestCategory="Category1000" />
      </TestCategory>
      <Execution id="ef1a203d-b4a0-458b-8fa2-b6149849e069" />
      <TestMethod codeBase="C:\Projekty\MSTestProject\bin\Debug\netcoreapp3.1\MSTestProject.dll" adapterTypeName="executor://mstestadapter/v2" className="TwojeWesele.Services.Helpers.Tests.CurrencyHelperTests" name="FormatToStringTest1000" />
    </UnitTest>
    <UnitTest name="FormatToStringTest1000 (19933.78650940945,19933.79 zł)" storage="c:\projekty\mstestproject\bin\debug\netcoreapp3.1\mstestproject.dll" id="86c8b7ed-d03b-466d-90b1-60e22c8b07f7">
      <TestCategory>
        <TestCategoryItem TestCategory="Category1000" />
      </TestCategory>
      <Execution id="dcbd8513-9aea-4e57-b9e3-61657011d380" />
      <TestMethod codeBase="C:\Projekty\MSTestProject\bin\Debug\netcoreapp3.1\MSTestProject.dll" adapterTypeName="executor://mstestadapter/v2" className="TwojeWesele.Services.Helpers.Tests.CurrencyHelperTests" name="FormatToStringTest1000" />
    </UnitTest>
    <UnitTest name="FormatToStringTest1000 (48544.390887578666,48544.39 zł)" storage="c:\projekty\mstestproject\bin\debug\netcoreapp3.1\mstestproject.dll" id="d12debeb-6407-43b4-9cf5-5528fa6891e9">
      <TestCategory>
        <TestCategoryItem TestCategory="Category1000" />
      </TestCategory>
      <Execution id="5a24a4d1-8fad-41b6-b33c-cc1ecb6354a6" />
      <TestMethod codeBase="C:\Projekty\MSTestProject\bin\Debug\netcoreapp3.1\MSTestProject.dll" adapterTypeName="executor://mstestadapter/v2" className="TwojeWesele.Services.Helpers.Tests.CurrencyHelperTests" name="FormatToStringTest1000" />
    </UnitTest>
    <UnitTest name="FormatToStringTest1000 (20445.11280083149,20445.11 zł)" storage="c:\projekty\mstestproject\bin\debug\netcoreapp3.1\mstestproject.dll" id="c360998d-2352-46d1-84fc-1dde480cf409">
      <TestCategory>
        <TestCategoryItem TestCategory="Category1000" />
      </TestCategory>
      <Execution id="c9d7abf3-5cbd-49fb-9560-fcd30692d38c" />
      <TestMethod codeBase="C:\Projekty\MSTestProject\bin\Debug\netcoreapp3.1\MSTestProject.dll" adapterTypeName="executor://mstestadapter/v2" className="TwojeWesele.Services.Helpers.Tests.CurrencyHelperTests" name="FormatToStringTest1000" />
    </UnitTest>
    <UnitTest name="FormatToStringTest1000 (25036.98767214035,25036.99 zł)" storage="c:\projekty\mstestproject\bin\debug\netcoreapp3.1\mstestproject.dll" id="492184e4-a61f-45ff-9c73-17a81852d2a6">
      <TestCategory>
        <TestCategoryItem TestCategory="Category1000" />
      </TestCategory>
      <Execution id="e742ac19-d51c-4291-ae4f-bf1b4080a2f3" />
      <TestMethod codeBase="C:\Projekty\MSTestProject\bin\Debug\netcoreapp3.1\MSTestProject.dll" adapterTypeName="executor://mstestadapter/v2" className="TwojeWesele.Services.Helpers.Tests.CurrencyHelperTests" name="FormatToStringTest1000" />
    </UnitTest>
    <UnitTest name="FormatToStringTest1000 (74514.06270644537,74514.06 zł)" storage="c:\projekty\mstestproject\bin\debug\netcoreapp3.1\mstestproject.dll" id="d53d7fc9-3b7a-447f-9407-efd5c9cba424">
      <TestCategory>
        <TestCategoryItem TestCategory="Category1000" />
      </TestCategory>
      <Execution id="536e51a0-462b-45fe-a0eb-11cce4c108d2" />
      <TestMethod codeBase="C:\Projekty\MSTestProject\bin\Debug\netcoreapp3.1\MSTestProject.dll" adapterTypeName="executor://mstestadapter/v2" className="TwojeWesele.Services.Helpers.Tests.CurrencyHelperTests" name="FormatToStringTest1000" />
    </UnitTest>
    <UnitTest name="FormatToStringTest1000 (63115.864864394935,63115.86 zł)" storage="c:\projekty\mstestproject\bin\debug\netcoreapp3.1\mstestproject.dll" id="5b2d63e1-6fac-427c-9e4a-79bfa1d24a62">
      <TestCategory>
        <TestCategoryItem TestCategory="Category1000" />
      </TestCategory>
      <Execution id="2f85186f-2e57-43ef-9e94-fa4548cbfbfd" />
      <TestMethod codeBase="C:\Projekty\MSTestProject\bin\Debug\netcoreapp3.1\MSTestProject.dll" adapterTypeName="executor://mstestadapter/v2" className="TwojeWesele.Services.Helpers.Tests.CurrencyHelperTests" name="FormatToStringTest1000" />
    </UnitTest>
    <UnitTest name="FormatToStringTest1000 (18490.912787030877,18490.91 zł)" storage="c:\projekty\mstestproject\bin\debug\netcoreapp3.1\mstestproject.dll" id="050cc8c3-0626-4874-8b2f-751969e5ad61">
      <TestCategory>
        <TestCategoryItem TestCategory="Category1000" />
      </TestCategory>
      <Execution id="5f9a8808-21f8-49d0-93d6-dec6ae6ff264" />
      <TestMethod codeBase="C:\Projekty\MSTestProject\bin\Debug\netcoreapp3.1\MSTestProject.dll" adapterTypeName="executor://mstestadapter/v2" className="TwojeWesele.Services.Helpers.Tests.CurrencyHelperTests" name="FormatToStringTest1000" />
    </UnitTest>
    <UnitTest name="FormatToStringTest1000 (26945.125386551546,26945.13 zł)" storage="c:\projekty\mstestproject\bin\debug\netcoreapp3.1\mstestproject.dll" id="0d85ecc0-de78-4856-9aa1-99a962d61f00">
      <TestCategory>
        <TestCategoryItem TestCategory="Category1000" />
      </TestCategory>
      <Execution id="f772c58e-7f75-470d-8e66-738309615cc6" />
      <TestMethod codeBase="C:\Projekty\MSTestProject\bin\Debug\netcoreapp3.1\MSTestProject.dll" adapterTypeName="executor://mstestadapter/v2" className="TwojeWesele.Services.Helpers.Tests.CurrencyHelperTests" name="FormatToStringTest1000" />
    </UnitTest>
    <UnitTest name="FormatToStringTest1000 (15822.278766386342,15822.28 zł)" storage="c:\projekty\mstestproject\bin\debug\netcoreapp3.1\mstestproject.dll" id="5998ea6e-4908-417d-b264-bec927fd3edd">
      <TestCategory>
        <TestCategoryItem TestCategory="Category1000" />
      </TestCategory>
      <Execution id="6b0387b0-4e93-48e5-b8db-fd65f6206ced" />
      <TestMethod codeBase="C:\Projekty\MSTestProject\bin\Debug\netcoreapp3.1\MSTestProject.dll" adapterTypeName="executor://mstestadapter/v2" className="TwojeWesele.Services.Helpers.Tests.CurrencyHelperTests" name="FormatToStringTest1000" />
    </UnitTest>
    <UnitTest name="FormatToStringTest1000 (42555.01416107594,42555.01 zł)" storage="c:\projekty\mstestproject\bin\debug\netcoreapp3.1\mstestproject.dll" id="ae523d93-53e9-4d0f-b393-cb6eb68e2c12">
      <TestCategory>
        <TestCategoryItem TestCategory="Category1000" />
      </TestCategory>
      <Execution id="70a8928d-8256-4c33-abd6-6aec4c1e2dca" />
      <TestMethod codeBase="C:\Projekty\MSTestProject\bin\Debug\netcoreapp3.1\MSTestProject.dll" adapterTypeName="executor://mstestadapter/v2" className="TwojeWesele.Services.Helpers.Tests.CurrencyHelperTests" name="FormatToStringTest1000" />
    </UnitTest>
    <UnitTest name="FormatToStringTest1000 (95071.15957335343,95071.16 zł)" storage="c:\projekty\mstestproject\bin\debug\netcoreapp3.1\mstestproject.dll" id="bf488f90-ec7d-4a38-a206-5d248141e7c6">
      <TestCategory>
        <TestCategoryItem TestCategory="Category1000" />
      </TestCategory>
      <Execution id="59a1a95f-82aa-40c1-9c59-b382e57e2a24" />
      <TestMethod codeBase="C:\Projekty\MSTestProject\bin\Debug\netcoreapp3.1\MSTestProject.dll" adapterTypeName="executor://mstestadapter/v2" className="TwojeWesele.Services.Helpers.Tests.CurrencyHelperTests" name="FormatToStringTest1000" />
    </UnitTest>
    <UnitTest name="FormatToStringTest1000 (11922.837782177532,11922.84 zł)" storage="c:\projekty\mstestproject\bin\debug\netcoreapp3.1\mstestproject.dll" id="2658ea67-75d9-4c13-94e0-27fa4404f204">
      <TestCategory>
        <TestCategoryItem TestCategory="Category1000" />
      </TestCategory>
      <Execution id="5631c1f5-edaf-4c21-b068-1390e35663f3" />
      <TestMethod codeBase="C:\Projekty\MSTestProject\bin\Debug\netcoreapp3.1\MSTestProject.dll" adapterTypeName="executor://mstestadapter/v2" className="TwojeWesele.Services.Helpers.Tests.CurrencyHelperTests" name="FormatToStringTest1000" />
    </UnitTest>
    <UnitTest name="FormatToStringTest1000 (8582.709131852587,8582.71 zł)" storage="c:\projekty\mstestproject\bin\debug\netcoreapp3.1\mstestproject.dll" id="836c6d33-af58-4e21-b48f-aa9e2d4bc5b9">
      <TestCategory>
        <TestCategoryItem TestCategory="Category1000" />
      </TestCategory>
      <Execution id="cb00cbc2-6d59-4b0d-b607-9caf3f6efb99" />
      <TestMethod codeBase="C:\Projekty\MSTestProject\bin\Debug\netcoreapp3.1\MSTestProject.dll" adapterTypeName="executor://mstestadapter/v2" className="TwojeWesele.Services.Helpers.Tests.CurrencyHelperTests" name="FormatToStringTest1000" />
    </UnitTest>
    <UnitTest name="FormatToStringTest1000 (68011.49219071423,68011.49 zł)" storage="c:\projekty\mstestproject\bin\debug\netcoreapp3.1\mstestproject.dll" id="f98e91eb-ee74-4acd-b3f2-1cc2e5a09d12">
      <TestCategory>
        <TestCategoryItem TestCategory="Category1000" />
      </TestCategory>
      <Execution id="b98c25ef-a83d-47ad-9bea-f96d40e98ae7" />
      <TestMethod codeBase="C:\Projekty\MSTestProject\bin\Debug\netcoreapp3.1\MSTestProject.dll" adapterTypeName="executor://mstestadapter/v2" className="TwojeWesele.Services.Helpers.Tests.CurrencyHelperTests" name="FormatToStringTest1000" />
    </UnitTest>
    <UnitTest name="FormatToStringTest1000 (42767.96883676898,42767.97 zł)" storage="c:\projekty\mstestproject\bin\debug\netcoreapp3.1\mstestproject.dll" id="b5f5b35f-c765-4b80-bdb3-d27a8a2f55bc">
      <TestCategory>
        <TestCategoryItem TestCategory="Category1000" />
      </TestCategory>
      <Execution id="d109ce38-937b-4676-9e5d-51289a929fee" />
      <TestMethod codeBase="C:\Projekty\MSTestProject\bin\Debug\netcoreapp3.1\MSTestProject.dll" adapterTypeName="executor://mstestadapter/v2" className="TwojeWesele.Services.Helpers.Tests.CurrencyHelperTests" name="FormatToStringTest1000" />
    </UnitTest>
    <UnitTest name="FormatToStringTest1000 (5628.028273674672,5628.03 zł)" storage="c:\projekty\mstestproject\bin\debug\netcoreapp3.1\mstestproject.dll" id="6199e3fb-5309-4e20-bd16-8c7655668d6b">
      <TestCategory>
        <TestCategoryItem TestCategory="Category1000" />
      </TestCategory>
      <Execution id="528c0033-b3e9-425c-b7b3-6e20f2061861" />
      <TestMethod codeBase="C:\Projekty\MSTestProject\bin\Debug\netcoreapp3.1\MSTestProject.dll" adapterTypeName="executor://mstestadapter/v2" className="TwojeWesele.Services.Helpers.Tests.CurrencyHelperTests" name="FormatToStringTest1000" />
    </UnitTest>
    <UnitTest name="FormatToStringTest1000 (22678.795878462864,22678.80 zł)" storage="c:\projekty\mstestproject\bin\debug\netcoreapp3.1\mstestproject.dll" id="545ad6ef-804e-4455-a28a-ed4ed494ec3f">
      <TestCategory>
        <TestCategoryItem TestCategory="Category1000" />
      </TestCategory>
      <Execution id="d588876a-5c1c-47f1-9b40-4d0c5e4dec53" />
      <TestMethod codeBase="C:\Projekty\MSTestProject\bin\Debug\netcoreapp3.1\MSTestProject.dll" adapterTypeName="executor://mstestadapter/v2" className="TwojeWesele.Services.Helpers.Tests.CurrencyHelperTests" name="FormatToStringTest1000" />
    </UnitTest>
    <UnitTest name="FormatToStringTest1000 (36320.770035296104,36320.77 zł)" storage="c:\projekty\mstestproject\bin\debug\netcoreapp3.1\mstestproject.dll" id="2c725ba2-9649-4ed0-9375-b3ebaad75ff5">
      <TestCategory>
        <TestCategoryItem TestCategory="Category1000" />
      </TestCategory>
      <Execution id="82e326be-4ceb-46f2-99a5-9b26c99e6f7a" />
      <TestMethod codeBase="C:\Projekty\MSTestProject\bin\Debug\netcoreapp3.1\MSTestProject.dll" adapterTypeName="executor://mstestadapter/v2" className="TwojeWesele.Services.Helpers.Tests.CurrencyHelperTests" name="FormatToStringTest1000" />
    </UnitTest>
    <UnitTest name="FormatToStringTest1000 (57237.252356975456,57237.25 zł)" storage="c:\projekty\mstestproject\bin\debug\netcoreapp3.1\mstestproject.dll" id="8326f338-62c0-4140-b59b-0d733276dd37">
      <TestCategory>
        <TestCategoryItem TestCategory="Category1000" />
      </TestCategory>
      <Execution id="bc87e9d2-4e69-4210-ba58-7319d205df3b" />
      <TestMethod codeBase="C:\Projekty\MSTestProject\bin\Debug\netcoreapp3.1\MSTestProject.dll" adapterTypeName="executor://mstestadapter/v2" className="TwojeWesele.Services.Helpers.Tests.CurrencyHelperTests" name="FormatToStringTest1000" />
    </UnitTest>
    <UnitTest name="FormatToStringTest1000 (30533.30031120838,30533.30 zł)" storage="c:\projekty\mstestproject\bin\debug\netcoreapp3.1\mstestproject.dll" id="a3d9c48c-dba4-4fac-8797-748aef477571">
      <TestCategory>
        <TestCategoryItem TestCategory="Category1000" />
      </TestCategory>
      <Execution id="4e30a7bd-50af-4cbc-a61e-88c682eaf9cd" />
      <TestMethod codeBase="C:\Projekty\MSTestProject\bin\Debug\netcoreapp3.1\MSTestProject.dll" adapterTypeName="executor://mstestadapter/v2" className="TwojeWesele.Services.Helpers.Tests.CurrencyHelperTests" name="FormatToStringTest1000" />
    </UnitTest>
    <UnitTest name="FormatToStringTest1000 (3588.260979617136,3588.26 zł)" storage="c:\projekty\mstestproject\bin\debug\netcoreapp3.1\mstestproject.dll" id="e89fe0c3-a93c-416f-8144-725efb9ef124">
      <TestCategory>
        <TestCategoryItem TestCategory="Category1000" />
      </TestCategory>
      <Execution id="d5231d0f-7c85-4eaa-abf2-b4fddafdbec9" />
      <TestMethod codeBase="C:\Projekty\MSTestProject\bin\Debug\netcoreapp3.1\MSTestProject.dll" adapterTypeName="executor://mstestadapter/v2" className="TwojeWesele.Services.Helpers.Tests.CurrencyHelperTests" name="FormatToStringTest1000" />
    </UnitTest>
    <UnitTest name="FormatToStringTest1000 (19071.681252896637,19071.68 zł)" storage="c:\projekty\mstestproject\bin\debug\netcoreapp3.1\mstestproject.dll" id="af0828fb-b3b0-4eaa-a10e-5395239dc4e6">
      <TestCategory>
        <TestCategoryItem TestCategory="Category1000" />
      </TestCategory>
      <Execution id="831538bb-dd9f-4f83-b68d-58941dfa2135" />
      <TestMethod codeBase="C:\Projekty\MSTestProject\bin\Debug\netcoreapp3.1\MSTestProject.dll" adapterTypeName="executor://mstestadapter/v2" className="TwojeWesele.Services.Helpers.Tests.CurrencyHelperTests" name="FormatToStringTest1000" />
    </UnitTest>
    <UnitTest name="FormatToStringTest1000 (20643.69044446465,20643.69 zł)" storage="c:\projekty\mstestproject\bin\debug\netcoreapp3.1\mstestproject.dll" id="19c5cf19-966a-498d-99b5-c6da6c37aa73">
      <TestCategory>
        <TestCategoryItem TestCategory="Category1000" />
      </TestCategory>
      <Execution id="2a656145-b867-4022-9432-a39c9c0768f6" />
      <TestMethod codeBase="C:\Projekty\MSTestProject\bin\Debug\netcoreapp3.1\MSTestProject.dll" adapterTypeName="executor://mstestadapter/v2" className="TwojeWesele.Services.Helpers.Tests.CurrencyHelperTests" name="FormatToStringTest1000" />
    </UnitTest>
    <UnitTest name="FormatToStringTest1000 (29796.909338079815,29796.91 zł)" storage="c:\projekty\mstestproject\bin\debug\netcoreapp3.1\mstestproject.dll" id="e64edb1f-d23b-4927-8e6e-a6aa6c1c34c5">
      <TestCategory>
        <TestCategoryItem TestCategory="Category1000" />
      </TestCategory>
      <Execution id="59cc670e-fa8a-40c7-80b3-ab3e9f5f5941" />
      <TestMethod codeBase="C:\Projekty\MSTestProject\bin\Debug\netcoreapp3.1\MSTestProject.dll" adapterTypeName="executor://mstestadapter/v2" className="TwojeWesele.Services.Helpers.Tests.CurrencyHelperTests" name="FormatToStringTest1000" />
    </UnitTest>
    <UnitTest name="FormatToStringTest1000 (18627.604896394354,18627.60 zł)" storage="c:\projekty\mstestproject\bin\debug\netcoreapp3.1\mstestproject.dll" id="f6e81a73-dd43-4a4e-ae07-ad7fb8d5ab11">
      <TestCategory>
        <TestCategoryItem TestCategory="Category1000" />
      </TestCategory>
      <Execution id="76e659a9-e189-4f6a-a5dc-6680ec7cf86b" />
      <TestMethod codeBase="C:\Projekty\MSTestProject\bin\Debug\netcoreapp3.1\MSTestProject.dll" adapterTypeName="executor://mstestadapter/v2" className="TwojeWesele.Services.Helpers.Tests.CurrencyHelperTests" name="FormatToStringTest1000" />
    </UnitTest>
    <UnitTest name="FormatToStringTest1000 (1181.5773122979222,1181.58 zł)" storage="c:\projekty\mstestproject\bin\debug\netcoreapp3.1\mstestproject.dll" id="773e4711-e192-499b-a11d-27d89a53a2f9">
      <TestCategory>
        <TestCategoryItem TestCategory="Category1000" />
      </TestCategory>
      <Execution id="707b1c39-f14f-48ea-9843-32029ccb636e" />
      <TestMethod codeBase="C:\Projekty\MSTestProject\bin\Debug\netcoreapp3.1\MSTestProject.dll" adapterTypeName="executor://mstestadapter/v2" className="TwojeWesele.Services.Helpers.Tests.CurrencyHelperTests" name="FormatToStringTest1000" />
    </UnitTest>
    <UnitTest name="FormatToStringTest1000 (12949.590713378317,12949.59 zł)" storage="c:\projekty\mstestproject\bin\debug\netcoreapp3.1\mstestproject.dll" id="5dddd93a-341a-4863-adab-e663a9c3ffec">
      <TestCategory>
        <TestCategoryItem TestCategory="Category1000" />
      </TestCategory>
      <Execution id="2ccbc278-79ec-4047-ba72-3b954439a9f6" />
      <TestMethod codeBase="C:\Projekty\MSTestProject\bin\Debug\netcoreapp3.1\MSTestProject.dll" adapterTypeName="executor://mstestadapter/v2" className="TwojeWesele.Services.Helpers.Tests.CurrencyHelperTests" name="FormatToStringTest1000" />
    </UnitTest>
    <UnitTest name="FormatToStringTest1000 (9097.395563790293,9097.40 zł)" storage="c:\projekty\mstestproject\bin\debug\netcoreapp3.1\mstestproject.dll" id="335c3738-ba12-488e-b323-e228611ef2b2">
      <TestCategory>
        <TestCategoryItem TestCategory="Category1000" />
      </TestCategory>
      <Execution id="040f09a1-5b34-4184-842a-2345a1e84969" />
      <TestMethod codeBase="C:\Projekty\MSTestProject\bin\Debug\netcoreapp3.1\MSTestProject.dll" adapterTypeName="executor://mstestadapter/v2" className="TwojeWesele.Services.Helpers.Tests.CurrencyHelperTests" name="FormatToStringTest1000" />
    </UnitTest>
    <UnitTest name="FormatToStringTest1000 (68479.93492677805,68479.93 zł)" storage="c:\projekty\mstestproject\bin\debug\netcoreapp3.1\mstestproject.dll" id="25bde7c5-c2c1-47fc-acd3-3db7cdc1c3d3">
      <TestCategory>
        <TestCategoryItem TestCategory="Category1000" />
      </TestCategory>
      <Execution id="1e690159-4203-4539-8022-2b0a57d11e4a" />
      <TestMethod codeBase="C:\Projekty\MSTestProject\bin\Debug\netcoreapp3.1\MSTestProject.dll" adapterTypeName="executor://mstestadapter/v2" className="TwojeWesele.Services.Helpers.Tests.CurrencyHelperTests" name="FormatToStringTest1000" />
    </UnitTest>
    <UnitTest name="FormatToStringTest1000 (72802.68569213277,72802.69 zł)" storage="c:\projekty\mstestproject\bin\debug\netcoreapp3.1\mstestproject.dll" id="e04d8866-1428-457f-9048-fe8a8880da18">
      <TestCategory>
        <TestCategoryItem TestCategory="Category1000" />
      </TestCategory>
      <Execution id="b2544cbf-55e6-4ce2-9412-3443794de9de" />
      <TestMethod codeBase="C:\Projekty\MSTestProject\bin\Debug\netcoreapp3.1\MSTestProject.dll" adapterTypeName="executor://mstestadapter/v2" className="TwojeWesele.Services.Helpers.Tests.CurrencyHelperTests" name="FormatToStringTest1000" />
    </UnitTest>
    <UnitTest name="FormatToStringTest1000 (44361.82678515177,44361.83 zł)" storage="c:\projekty\mstestproject\bin\debug\netcoreapp3.1\mstestproject.dll" id="b5ba2e1b-4ad4-4206-8608-f32187651aa9">
      <TestCategory>
        <TestCategoryItem TestCategory="Category1000" />
      </TestCategory>
      <Execution id="2911b6c1-53b4-48c5-9712-90a41bb2aa88" />
      <TestMethod codeBase="C:\Projekty\MSTestProject\bin\Debug\netcoreapp3.1\MSTestProject.dll" adapterTypeName="executor://mstestadapter/v2" className="TwojeWesele.Services.Helpers.Tests.CurrencyHelperTests" name="FormatToStringTest1000" />
    </UnitTest>
    <UnitTest name="FormatToStringTest1000 (25794.833624416417,25794.83 zł)" storage="c:\projekty\mstestproject\bin\debug\netcoreapp3.1\mstestproject.dll" id="5ae7b5e4-7910-44cf-8f75-371ab989a07a">
      <TestCategory>
        <TestCategoryItem TestCategory="Category1000" />
      </TestCategory>
      <Execution id="89751a4c-6bf2-4f6d-b4f2-02a0ea9b6ab8" />
      <TestMethod codeBase="C:\Projekty\MSTestProject\bin\Debug\netcoreapp3.1\MSTestProject.dll" adapterTypeName="executor://mstestadapter/v2" className="TwojeWesele.Services.Helpers.Tests.CurrencyHelperTests" name="FormatToStringTest1000" />
    </UnitTest>
    <UnitTest name="FormatToStringTest1000 (3907.8681317963024,3907.87 zł)" storage="c:\projekty\mstestproject\bin\debug\netcoreapp3.1\mstestproject.dll" id="9df94c4f-d961-41b5-a232-9dc7e2a8cbd4">
      <TestCategory>
        <TestCategoryItem TestCategory="Category1000" />
      </TestCategory>
      <Execution id="4ed968f0-1aae-4bda-92ff-6f7ca71f1851" />
      <TestMethod codeBase="C:\Projekty\MSTestProject\bin\Debug\netcoreapp3.1\MSTestProject.dll" adapterTypeName="executor://mstestadapter/v2" className="TwojeWesele.Services.Helpers.Tests.CurrencyHelperTests" name="FormatToStringTest1000" />
    </UnitTest>
    <UnitTest name="FormatToStringTest1000 (66541.05112730109,66541.05 zł)" storage="c:\projekty\mstestproject\bin\debug\netcoreapp3.1\mstestproject.dll" id="e6af2ce2-2745-4940-8c16-48178fde8a69">
      <TestCategory>
        <TestCategoryItem TestCategory="Category1000" />
      </TestCategory>
      <Execution id="c5876cc4-4d4b-44b4-a5c5-f2f6dba1216c" />
      <TestMethod codeBase="C:\Projekty\MSTestProject\bin\Debug\netcoreapp3.1\MSTestProject.dll" adapterTypeName="executor://mstestadapter/v2" className="TwojeWesele.Services.Helpers.Tests.CurrencyHelperTests" name="FormatToStringTest1000" />
    </UnitTest>
    <UnitTest name="FormatToStringTest1000 (16673.5121774904,16673.51 zł)" storage="c:\projekty\mstestproject\bin\debug\netcoreapp3.1\mstestproject.dll" id="40dd3e0e-89da-4c14-b5d7-90a5a471c6c7">
      <TestCategory>
        <TestCategoryItem TestCategory="Category1000" />
      </TestCategory>
      <Execution id="d4963d82-d5ae-48f7-afb9-9b451779b25b" />
      <TestMethod codeBase="C:\Projekty\MSTestProject\bin\Debug\netcoreapp3.1\MSTestProject.dll" adapterTypeName="executor://mstestadapter/v2" className="TwojeWesele.Services.Helpers.Tests.CurrencyHelperTests" name="FormatToStringTest1000" />
    </UnitTest>
    <UnitTest name="FormatToStringTest1000 (11912.404131636213,11912.40 zł)" storage="c:\projekty\mstestproject\bin\debug\netcoreapp3.1\mstestproject.dll" id="bd904142-4c76-46c1-a535-8d711ff373a5">
      <TestCategory>
        <TestCategoryItem TestCategory="Category1000" />
      </TestCategory>
      <Execution id="1365d5b7-8693-4a82-8d9d-0c9194295efc" />
      <TestMethod codeBase="C:\Projekty\MSTestProject\bin\Debug\netcoreapp3.1\MSTestProject.dll" adapterTypeName="executor://mstestadapter/v2" className="TwojeWesele.Services.Helpers.Tests.CurrencyHelperTests" name="FormatToStringTest1000" />
    </UnitTest>
    <UnitTest name="FormatToStringTest1000 (69373.32129976773,69373.32 zł)" storage="c:\projekty\mstestproject\bin\debug\netcoreapp3.1\mstestproject.dll" id="bed303f7-e205-4399-9fea-7aea6a5378b8">
      <TestCategory>
        <TestCategoryItem TestCategory="Category1000" />
      </TestCategory>
      <Execution id="239000a0-ae62-4288-97a7-18a7cfc93c1e" />
      <TestMethod codeBase="C:\Projekty\MSTestProject\bin\Debug\netcoreapp3.1\MSTestProject.dll" adapterTypeName="executor://mstestadapter/v2" className="TwojeWesele.Services.Helpers.Tests.CurrencyHelperTests" name="FormatToStringTest1000" />
    </UnitTest>
    <UnitTest name="FormatToStringTest1000 (20116.958341299072,20116.96 zł)" storage="c:\projekty\mstestproject\bin\debug\netcoreapp3.1\mstestproject.dll" id="818369ff-3ad4-4864-a562-e6976d65cf7a">
      <TestCategory>
        <TestCategoryItem TestCategory="Category1000" />
      </TestCategory>
      <Execution id="b28ea65f-78aa-456f-b82c-b6f0abc746f4" />
      <TestMethod codeBase="C:\Projekty\MSTestProject\bin\Debug\netcoreapp3.1\MSTestProject.dll" adapterTypeName="executor://mstestadapter/v2" className="TwojeWesele.Services.Helpers.Tests.CurrencyHelperTests" name="FormatToStringTest1000" />
    </UnitTest>
    <UnitTest name="FormatToStringTest1000 (61324.33752458279,61324.34 zł)" storage="c:\projekty\mstestproject\bin\debug\netcoreapp3.1\mstestproject.dll" id="d707bc8d-2067-4175-925c-21e32e492f7f">
      <TestCategory>
        <TestCategoryItem TestCategory="Category1000" />
      </TestCategory>
      <Execution id="0afe81a7-5d99-4360-ba09-3faa4f436c3a" />
      <TestMethod codeBase="C:\Projekty\MSTestProject\bin\Debug\netcoreapp3.1\MSTestProject.dll" adapterTypeName="executor://mstestadapter/v2" className="TwojeWesele.Services.Helpers.Tests.CurrencyHelperTests" name="FormatToStringTest1000" />
    </UnitTest>
    <UnitTest name="FormatToStringTest1000 (31290.71396233687,31290.71 zł)" storage="c:\projekty\mstestproject\bin\debug\netcoreapp3.1\mstestproject.dll" id="de3b4c7c-943d-4090-a40c-eb44c4dd7c18">
      <TestCategory>
        <TestCategoryItem TestCategory="Category1000" />
      </TestCategory>
      <Execution id="aa844cb8-5748-4db7-b509-4fba0c847072" />
      <TestMethod codeBase="C:\Projekty\MSTestProject\bin\Debug\netcoreapp3.1\MSTestProject.dll" adapterTypeName="executor://mstestadapter/v2" className="TwojeWesele.Services.Helpers.Tests.CurrencyHelperTests" name="FormatToStringTest1000" />
    </UnitTest>
    <UnitTest name="FormatToStringTest1000 (21753.84773194969,21753.85 zł)" storage="c:\projekty\mstestproject\bin\debug\netcoreapp3.1\mstestproject.dll" id="fc13d1cd-79cd-474f-b3b0-58c27663da3c">
      <TestCategory>
        <TestCategoryItem TestCategory="Category1000" />
      </TestCategory>
      <Execution id="e4a0817a-4ab7-49d3-93c9-d58ca826e353" />
      <TestMethod codeBase="C:\Projekty\MSTestProject\bin\Debug\netcoreapp3.1\MSTestProject.dll" adapterTypeName="executor://mstestadapter/v2" className="TwojeWesele.Services.Helpers.Tests.CurrencyHelperTests" name="FormatToStringTest1000" />
    </UnitTest>
    <UnitTest name="FormatToStringTest1000 (24137.016609529506,24137.02 zł)" storage="c:\projekty\mstestproject\bin\debug\netcoreapp3.1\mstestproject.dll" id="b385284a-9303-48ab-aa5d-d19ca8c81162">
      <TestCategory>
        <TestCategoryItem TestCategory="Category1000" />
      </TestCategory>
      <Execution id="4b0af333-3272-4207-ad8e-a3bd847bc1f8" />
      <TestMethod codeBase="C:\Projekty\MSTestProject\bin\Debug\netcoreapp3.1\MSTestProject.dll" adapterTypeName="executor://mstestadapter/v2" className="TwojeWesele.Services.Helpers.Tests.CurrencyHelperTests" name="FormatToStringTest1000" />
    </UnitTest>
    <UnitTest name="FormatToStringTest1000 (13453.429998117233,13453.43 zł)" storage="c:\projekty\mstestproject\bin\debug\netcoreapp3.1\mstestproject.dll" id="1c4f302f-581f-489d-9689-679c24c48109">
      <TestCategory>
        <TestCategoryItem TestCategory="Category1000" />
      </TestCategory>
      <Execution id="e83e5721-c7ae-4545-a078-010080da6828" />
      <TestMethod codeBase="C:\Projekty\MSTestProject\bin\Debug\netcoreapp3.1\MSTestProject.dll" adapterTypeName="executor://mstestadapter/v2" className="TwojeWesele.Services.Helpers.Tests.CurrencyHelperTests" name="FormatToStringTest1000" />
    </UnitTest>
    <UnitTest name="FormatToStringTest1000 (5870.791169434223,5870.79 zł)" storage="c:\projekty\mstestproject\bin\debug\netcoreapp3.1\mstestproject.dll" id="9057a54b-43cc-4595-aa82-8c60c743934e">
      <TestCategory>
        <TestCategoryItem TestCategory="Category1000" />
      </TestCategory>
      <Execution id="e70c778d-6a84-4d01-a05e-e2855b39aa9e" />
      <TestMethod codeBase="C:\Projekty\MSTestProject\bin\Debug\netcoreapp3.1\MSTestProject.dll" adapterTypeName="executor://mstestadapter/v2" className="TwojeWesele.Services.Helpers.Tests.CurrencyHelperTests" name="FormatToStringTest1000" />
    </UnitTest>
    <UnitTest name="FormatToStringTest1000 (37561.969571757116,37561.97 zł)" storage="c:\projekty\mstestproject\bin\debug\netcoreapp3.1\mstestproject.dll" id="e18a4870-f463-447c-a912-91e5d5952807">
      <TestCategory>
        <TestCategoryItem TestCategory="Category1000" />
      </TestCategory>
      <Execution id="98d9af15-d7dd-40e5-a362-556963994d17" />
      <TestMethod codeBase="C:\Projekty\MSTestProject\bin\Debug\netcoreapp3.1\MSTestProject.dll" adapterTypeName="executor://mstestadapter/v2" className="TwojeWesele.Services.Helpers.Tests.CurrencyHelperTests" name="FormatToStringTest1000" />
    </UnitTest>
    <UnitTest name="FormatToStringTest1000 (3799.9216302064815,3799.92 zł)" storage="c:\projekty\mstestproject\bin\debug\netcoreapp3.1\mstestproject.dll" id="cf5d4808-efd4-4871-95dc-3f864b50f9e4">
      <TestCategory>
        <TestCategoryItem TestCategory="Category1000" />
      </TestCategory>
      <Execution id="b505ac00-1999-4ae4-9528-afae9ea0f24a" />
      <TestMethod codeBase="C:\Projekty\MSTestProject\bin\Debug\netcoreapp3.1\MSTestProject.dll" adapterTypeName="executor://mstestadapter/v2" className="TwojeWesele.Services.Helpers.Tests.CurrencyHelperTests" name="FormatToStringTest1000" />
    </UnitTest>
    <UnitTest name="FormatToStringTest1000 (657.5396922647672,657.54 zł)" storage="c:\projekty\mstestproject\bin\debug\netcoreapp3.1\mstestproject.dll" id="90ec30a4-2174-4b81-af83-ac8c1045d515">
      <TestCategory>
        <TestCategoryItem TestCategory="Category1000" />
      </TestCategory>
      <Execution id="a49a02b3-86c6-4c01-a9d0-4c3dca63b7ed" />
      <TestMethod codeBase="C:\Projekty\MSTestProject\bin\Debug\netcoreapp3.1\MSTestProject.dll" adapterTypeName="executor://mstestadapter/v2" className="TwojeWesele.Services.Helpers.Tests.CurrencyHelperTests" name="FormatToStringTest1000" />
    </UnitTest>
    <UnitTest name="FormatToStringTest1000 (35145.379208063416,35145.38 zł)" storage="c:\projekty\mstestproject\bin\debug\netcoreapp3.1\mstestproject.dll" id="25f09b41-e25b-405d-b176-27928c743450">
      <TestCategory>
        <TestCategoryItem TestCategory="Category1000" />
      </TestCategory>
      <Execution id="02447dd3-42ff-4020-abdc-83cd87f69e17" />
      <TestMethod codeBase="C:\Projekty\MSTestProject\bin\Debug\netcoreapp3.1\MSTestProject.dll" adapterTypeName="executor://mstestadapter/v2" className="TwojeWesele.Services.Helpers.Tests.CurrencyHelperTests" name="FormatToStringTest1000" />
    </UnitTest>
    <UnitTest name="FormatToStringTest1000 (34021.1384072961,34021.14 zł)" storage="c:\projekty\mstestproject\bin\debug\netcoreapp3.1\mstestproject.dll" id="c5016c2e-e80c-49dd-a119-838f564520bc">
      <TestCategory>
        <TestCategoryItem TestCategory="Category1000" />
      </TestCategory>
      <Execution id="f7007f77-7751-45cd-ba04-ee49554ba171" />
      <TestMethod codeBase="C:\Projekty\MSTestProject\bin\Debug\netcoreapp3.1\MSTestProject.dll" adapterTypeName="executor://mstestadapter/v2" className="TwojeWesele.Services.Helpers.Tests.CurrencyHelperTests" name="FormatToStringTest1000" />
    </UnitTest>
    <UnitTest name="FormatToStringTest1000 (30071.004434484523,30071.00 zł)" storage="c:\projekty\mstestproject\bin\debug\netcoreapp3.1\mstestproject.dll" id="9f0ff335-313b-4dc9-aed5-354aefe144e8">
      <TestCategory>
        <TestCategoryItem TestCategory="Category1000" />
      </TestCategory>
      <Execution id="7fff0bb3-5085-450f-9662-e1a2d2b81999" />
      <TestMethod codeBase="C:\Projekty\MSTestProject\bin\Debug\netcoreapp3.1\MSTestProject.dll" adapterTypeName="executor://mstestadapter/v2" className="TwojeWesele.Services.Helpers.Tests.CurrencyHelperTests" name="FormatToStringTest1000" />
    </UnitTest>
    <UnitTest name="FormatToStringTest1000 (54678.59301593089,54678.59 zł)" storage="c:\projekty\mstestproject\bin\debug\netcoreapp3.1\mstestproject.dll" id="e0fe99fd-5ce0-4b29-b2c2-960c40f33c99">
      <TestCategory>
        <TestCategoryItem TestCategory="Category1000" />
      </TestCategory>
      <Execution id="f32efd83-6cb1-4b43-a775-b5cb7cad2911" />
      <TestMethod codeBase="C:\Projekty\MSTestProject\bin\Debug\netcoreapp3.1\MSTestProject.dll" adapterTypeName="executor://mstestadapter/v2" className="TwojeWesele.Services.Helpers.Tests.CurrencyHelperTests" name="FormatToStringTest1000" />
    </UnitTest>
    <UnitTest name="FormatToStringTest1000 (2901.9683054191846,2901.97 zł)" storage="c:\projekty\mstestproject\bin\debug\netcoreapp3.1\mstestproject.dll" id="98e0a535-dca5-43d1-ac6e-7e8f44b2e71f">
      <TestCategory>
        <TestCategoryItem TestCategory="Category1000" />
      </TestCategory>
      <Execution id="88ef840e-244a-41c8-9411-0be303b53bd6" />
      <TestMethod codeBase="C:\Projekty\MSTestProject\bin\Debug\netcoreapp3.1\MSTestProject.dll" adapterTypeName="executor://mstestadapter/v2" className="TwojeWesele.Services.Helpers.Tests.CurrencyHelperTests" name="FormatToStringTest1000" />
    </UnitTest>
    <UnitTest name="FormatToStringTest1000 (14475.498583194567,14475.50 zł)" storage="c:\projekty\mstestproject\bin\debug\netcoreapp3.1\mstestproject.dll" id="14b507c4-f024-460e-ad2f-2f9edb1e1db3">
      <TestCategory>
        <TestCategoryItem TestCategory="Category1000" />
      </TestCategory>
      <Execution id="2021f66b-22c4-42e3-aba5-2bd4e5589515" />
      <TestMethod codeBase="C:\Projekty\MSTestProject\bin\Debug\netcoreapp3.1\MSTestProject.dll" adapterTypeName="executor://mstestadapter/v2" className="TwojeWesele.Services.Helpers.Tests.CurrencyHelperTests" name="FormatToStringTest1000" />
    </UnitTest>
    <UnitTest name="FormatToStringTest1000 (3270.482477338743,3270.48 zł)" storage="c:\projekty\mstestproject\bin\debug\netcoreapp3.1\mstestproject.dll" id="c5cc1f1b-2d9e-4055-8701-02d14978e704">
      <TestCategory>
        <TestCategoryItem TestCategory="Category1000" />
      </TestCategory>
      <Execution id="4cb33c41-4399-4428-a4e6-5e93408bdc26" />
      <TestMethod codeBase="C:\Projekty\MSTestProject\bin\Debug\netcoreapp3.1\MSTestProject.dll" adapterTypeName="executor://mstestadapter/v2" className="TwojeWesele.Services.Helpers.Tests.CurrencyHelperTests" name="FormatToStringTest1000" />
    </UnitTest>
    <UnitTest name="FormatToStringTest1000 (16427.591943671738,16427.59 zł)" storage="c:\projekty\mstestproject\bin\debug\netcoreapp3.1\mstestproject.dll" id="124f0477-cbe4-4af3-bed2-df5670f12c4f">
      <TestCategory>
        <TestCategoryItem TestCategory="Category1000" />
      </TestCategory>
      <Execution id="d6b8e5b7-4d2c-49fe-9a63-db4e436edda7" />
      <TestMethod codeBase="C:\Projekty\MSTestProject\bin\Debug\netcoreapp3.1\MSTestProject.dll" adapterTypeName="executor://mstestadapter/v2" className="TwojeWesele.Services.Helpers.Tests.CurrencyHelperTests" name="FormatToStringTest1000" />
    </UnitTest>
    <UnitTest name="FormatToStringTest1000 (12370.243090209198,12370.24 zł)" storage="c:\projekty\mstestproject\bin\debug\netcoreapp3.1\mstestproject.dll" id="0b6282a6-9d68-4bd5-be25-4fa2cc1dde50">
      <TestCategory>
        <TestCategoryItem TestCategory="Category1000" />
      </TestCategory>
      <Execution id="adef3672-f50b-40e7-9646-88f311ed4c89" />
      <TestMethod codeBase="C:\Projekty\MSTestProject\bin\Debug\netcoreapp3.1\MSTestProject.dll" adapterTypeName="executor://mstestadapter/v2" className="TwojeWesele.Services.Helpers.Tests.CurrencyHelperTests" name="FormatToStringTest1000" />
    </UnitTest>
    <UnitTest name="FormatToStringTest1000 (13478.157112043891,13478.16 zł)" storage="c:\projekty\mstestproject\bin\debug\netcoreapp3.1\mstestproject.dll" id="d94c9628-cafb-4961-b004-57a217ace574">
      <TestCategory>
        <TestCategoryItem TestCategory="Category1000" />
      </TestCategory>
      <Execution id="25240769-679f-49e7-a4a6-943552ffe3ea" />
      <TestMethod codeBase="C:\Projekty\MSTestProject\bin\Debug\netcoreapp3.1\MSTestProject.dll" adapterTypeName="executor://mstestadapter/v2" className="TwojeWesele.Services.Helpers.Tests.CurrencyHelperTests" name="FormatToStringTest1000" />
    </UnitTest>
    <UnitTest name="FormatToStringTest1000 (39146.892120180135,39146.89 zł)" storage="c:\projekty\mstestproject\bin\debug\netcoreapp3.1\mstestproject.dll" id="62dff4c0-1999-4c8b-87b8-04c735184152">
      <TestCategory>
        <TestCategoryItem TestCategory="Category1000" />
      </TestCategory>
      <Execution id="29e9f438-6e42-4cb1-8ef0-a0c16279d57d" />
      <TestMethod codeBase="C:\Projekty\MSTestProject\bin\Debug\netcoreapp3.1\MSTestProject.dll" adapterTypeName="executor://mstestadapter/v2" className="TwojeWesele.Services.Helpers.Tests.CurrencyHelperTests" name="FormatToStringTest1000" />
    </UnitTest>
    <UnitTest name="FormatToStringTest1000 (81326.3340147521,81326.33 zł)" storage="c:\projekty\mstestproject\bin\debug\netcoreapp3.1\mstestproject.dll" id="d703c0f1-01a8-4771-b2c4-298540a8a27f">
      <TestCategory>
        <TestCategoryItem TestCategory="Category1000" />
      </TestCategory>
      <Execution id="e8449a46-3c6c-46a2-95e2-57612d60a3e0" />
      <TestMethod codeBase="C:\Projekty\MSTestProject\bin\Debug\netcoreapp3.1\MSTestProject.dll" adapterTypeName="executor://mstestadapter/v2" className="TwojeWesele.Services.Helpers.Tests.CurrencyHelperTests" name="FormatToStringTest1000" />
    </UnitTest>
    <UnitTest name="FormatToStringTest1000 (50991.22189691114,50991.22 zł)" storage="c:\projekty\mstestproject\bin\debug\netcoreapp3.1\mstestproject.dll" id="54ae757d-b795-45af-b6e6-4adddb894eb3">
      <TestCategory>
        <TestCategoryItem TestCategory="Category1000" />
      </TestCategory>
      <Execution id="9ef5f7ab-9194-4167-8a89-2ada917b72a8" />
      <TestMethod codeBase="C:\Projekty\MSTestProject\bin\Debug\netcoreapp3.1\MSTestProject.dll" adapterTypeName="executor://mstestadapter/v2" className="TwojeWesele.Services.Helpers.Tests.CurrencyHelperTests" name="FormatToStringTest1000" />
    </UnitTest>
    <UnitTest name="FormatToStringTest1000 (1664.7834932994022,1664.78 zł)" storage="c:\projekty\mstestproject\bin\debug\netcoreapp3.1\mstestproject.dll" id="7e93bf67-a918-48f8-abea-be53f6da1bc2">
      <TestCategory>
        <TestCategoryItem TestCategory="Category1000" />
      </TestCategory>
      <Execution id="47363630-cab8-44bd-8da1-7c8e5be1d865" />
      <TestMethod codeBase="C:\Projekty\MSTestProject\bin\Debug\netcoreapp3.1\MSTestProject.dll" adapterTypeName="executor://mstestadapter/v2" className="TwojeWesele.Services.Helpers.Tests.CurrencyHelperTests" name="FormatToStringTest1000" />
    </UnitTest>
    <UnitTest name="FormatToStringTest1000 (19392.945535027862,19392.95 zł)" storage="c:\projekty\mstestproject\bin\debug\netcoreapp3.1\mstestproject.dll" id="a7cf5961-c238-42c0-b5d1-1ad9725d2a2d">
      <TestCategory>
        <TestCategoryItem TestCategory="Category1000" />
      </TestCategory>
      <Execution id="b7a052da-1eef-4733-b761-59380e4c338f" />
      <TestMethod codeBase="C:\Projekty\MSTestProject\bin\Debug\netcoreapp3.1\MSTestProject.dll" adapterTypeName="executor://mstestadapter/v2" className="TwojeWesele.Services.Helpers.Tests.CurrencyHelperTests" name="FormatToStringTest1000" />
    </UnitTest>
    <UnitTest name="FormatToStringTest1000 (4669.392596858271,4669.39 zł)" storage="c:\projekty\mstestproject\bin\debug\netcoreapp3.1\mstestproject.dll" id="4ce8b06a-d761-4719-8a57-7f22483bbb44">
      <TestCategory>
        <TestCategoryItem TestCategory="Category1000" />
      </TestCategory>
      <Execution id="93aa3082-b006-4b74-b589-fd2fb2b95a86" />
      <TestMethod codeBase="C:\Projekty\MSTestProject\bin\Debug\netcoreapp3.1\MSTestProject.dll" adapterTypeName="executor://mstestadapter/v2" className="TwojeWesele.Services.Helpers.Tests.CurrencyHelperTests" name="FormatToStringTest1000" />
    </UnitTest>
    <UnitTest name="FormatToStringTest1000 (21328.29026726507,21328.29 zł)" storage="c:\projekty\mstestproject\bin\debug\netcoreapp3.1\mstestproject.dll" id="4b2754a2-9a3a-494a-999d-4ee1eb4c774b">
      <TestCategory>
        <TestCategoryItem TestCategory="Category1000" />
      </TestCategory>
      <Execution id="5fa27822-5c10-4156-9e8b-412702f65e99" />
      <TestMethod codeBase="C:\Projekty\MSTestProject\bin\Debug\netcoreapp3.1\MSTestProject.dll" adapterTypeName="executor://mstestadapter/v2" className="TwojeWesele.Services.Helpers.Tests.CurrencyHelperTests" name="FormatToStringTest1000" />
    </UnitTest>
    <UnitTest name="FormatToStringTest1000 (5317.9582678023535,5317.96 zł)" storage="c:\projekty\mstestproject\bin\debug\netcoreapp3.1\mstestproject.dll" id="5bcf2836-dacc-4080-b716-35e24767010f">
      <TestCategory>
        <TestCategoryItem TestCategory="Category1000" />
      </TestCategory>
      <Execution id="a43124e1-a282-4c67-9843-bc19aa89d549" />
      <TestMethod codeBase="C:\Projekty\MSTestProject\bin\Debug\netcoreapp3.1\MSTestProject.dll" adapterTypeName="executor://mstestadapter/v2" className="TwojeWesele.Services.Helpers.Tests.CurrencyHelperTests" name="FormatToStringTest1000" />
    </UnitTest>
    <UnitTest name="FormatToStringTest1000 (743.047944508981,743.05 zł)" storage="c:\projekty\mstestproject\bin\debug\netcoreapp3.1\mstestproject.dll" id="c1acab62-1ede-4876-b7bc-6897c714ae64">
      <TestCategory>
        <TestCategoryItem TestCategory="Category1000" />
      </TestCategory>
      <Execution id="91db261e-ed27-4cd4-913b-f867f1f39336" />
      <TestMethod codeBase="C:\Projekty\MSTestProject\bin\Debug\netcoreapp3.1\MSTestProject.dll" adapterTypeName="executor://mstestadapter/v2" className="TwojeWesele.Services.Helpers.Tests.CurrencyHelperTests" name="FormatToStringTest1000" />
    </UnitTest>
    <UnitTest name="FormatToStringTest1000 (6864.093052674129,6864.09 zł)" storage="c:\projekty\mstestproject\bin\debug\netcoreapp3.1\mstestproject.dll" id="7990b1e0-648b-4202-adf1-ae32fd00cfed">
      <TestCategory>
        <TestCategoryItem TestCategory="Category1000" />
      </TestCategory>
      <Execution id="d10eb6d1-8005-421b-a116-80d130023b8d" />
      <TestMethod codeBase="C:\Projekty\MSTestProject\bin\Debug\netcoreapp3.1\MSTestProject.dll" adapterTypeName="executor://mstestadapter/v2" className="TwojeWesele.Services.Helpers.Tests.CurrencyHelperTests" name="FormatToStringTest1000" />
    </UnitTest>
    <UnitTest name="FormatToStringTest1000 (33251.41907856028,33251.42 zł)" storage="c:\projekty\mstestproject\bin\debug\netcoreapp3.1\mstestproject.dll" id="46d864d3-d81e-474f-8aeb-b8372c006788">
      <TestCategory>
        <TestCategoryItem TestCategory="Category1000" />
      </TestCategory>
      <Execution id="9b5489b4-fd26-4958-81a0-72a58061c328" />
      <TestMethod codeBase="C:\Projekty\MSTestProject\bin\Debug\netcoreapp3.1\MSTestProject.dll" adapterTypeName="executor://mstestadapter/v2" className="TwojeWesele.Services.Helpers.Tests.CurrencyHelperTests" name="FormatToStringTest1000" />
    </UnitTest>
    <UnitTest name="FormatToStringTest1000 (50507.0104155615,50507.01 zł)" storage="c:\projekty\mstestproject\bin\debug\netcoreapp3.1\mstestproject.dll" id="55960f1b-7552-42b8-8315-cab0722bf5fb">
      <TestCategory>
        <TestCategoryItem TestCategory="Category1000" />
      </TestCategory>
      <Execution id="640a403a-20e8-44ec-8f54-db2185537bf7" />
      <TestMethod codeBase="C:\Projekty\MSTestProject\bin\Debug\netcoreapp3.1\MSTestProject.dll" adapterTypeName="executor://mstestadapter/v2" className="TwojeWesele.Services.Helpers.Tests.CurrencyHelperTests" name="FormatToStringTest1000" />
    </UnitTest>
    <UnitTest name="FormatToStringTest1000 (62975.496334776515,62975.50 zł)" storage="c:\projekty\mstestproject\bin\debug\netcoreapp3.1\mstestproject.dll" id="5f50c2a7-674e-442f-bd07-e75ff3b8d5cf">
      <TestCategory>
        <TestCategoryItem TestCategory="Category1000" />
      </TestCategory>
      <Execution id="e9160ce5-8faf-469e-8ab2-90cc011eddb0" />
      <TestMethod codeBase="C:\Projekty\MSTestProject\bin\Debug\netcoreapp3.1\MSTestProject.dll" adapterTypeName="executor://mstestadapter/v2" className="TwojeWesele.Services.Helpers.Tests.CurrencyHelperTests" name="FormatToStringTest1000" />
    </UnitTest>
    <UnitTest name="FormatToStringTest1000 (14910.573044539697,14910.57 zł)" storage="c:\projekty\mstestproject\bin\debug\netcoreapp3.1\mstestproject.dll" id="72eb5fd4-3033-44fe-94b8-9b52fdfaf04e">
      <TestCategory>
        <TestCategoryItem TestCategory="Category1000" />
      </TestCategory>
      <Execution id="8902b9fc-e71a-44b8-8bb7-99b00881bc73" />
      <TestMethod codeBase="C:\Projekty\MSTestProject\bin\Debug\netcoreapp3.1\MSTestProject.dll" adapterTypeName="executor://mstestadapter/v2" className="TwojeWesele.Services.Helpers.Tests.CurrencyHelperTests" name="FormatToStringTest1000" />
    </UnitTest>
    <UnitTest name="FormatToStringTest1000 (22533.17694295811,22533.18 zł)" storage="c:\projekty\mstestproject\bin\debug\netcoreapp3.1\mstestproject.dll" id="0d18eb4a-8582-4e9a-a067-da25a6d9cb5f">
      <TestCategory>
        <TestCategoryItem TestCategory="Category1000" />
      </TestCategory>
      <Execution id="bd34caaa-8479-4847-89af-4f6d6a027e10" />
      <TestMethod codeBase="C:\Projekty\MSTestProject\bin\Debug\netcoreapp3.1\MSTestProject.dll" adapterTypeName="executor://mstestadapter/v2" className="TwojeWesele.Services.Helpers.Tests.CurrencyHelperTests" name="FormatToStringTest1000" />
    </UnitTest>
    <UnitTest name="FormatToStringTest1000 (37954.34384365396,37954.34 zł)" storage="c:\projekty\mstestproject\bin\debug\netcoreapp3.1\mstestproject.dll" id="50476691-0850-4854-8fc6-40bb1845c18a">
      <TestCategory>
        <TestCategoryItem TestCategory="Category1000" />
      </TestCategory>
      <Execution id="b91a81b2-a170-437f-8874-ffca57cce146" />
      <TestMethod codeBase="C:\Projekty\MSTestProject\bin\Debug\netcoreapp3.1\MSTestProject.dll" adapterTypeName="executor://mstestadapter/v2" className="TwojeWesele.Services.Helpers.Tests.CurrencyHelperTests" name="FormatToStringTest1000" />
    </UnitTest>
    <UnitTest name="FormatToStringTest1000 (1821.7083499085663,1821.71 zł)" storage="c:\projekty\mstestproject\bin\debug\netcoreapp3.1\mstestproject.dll" id="2bb0563d-c396-4b0d-8c27-120dfd5afd9f">
      <TestCategory>
        <TestCategoryItem TestCategory="Category1000" />
      </TestCategory>
      <Execution id="2c51cf98-370a-4a17-a633-aa4173e9bdaf" />
      <TestMethod codeBase="C:\Projekty\MSTestProject\bin\Debug\netcoreapp3.1\MSTestProject.dll" adapterTypeName="executor://mstestadapter/v2" className="TwojeWesele.Services.Helpers.Tests.CurrencyHelperTests" name="FormatToStringTest1000" />
    </UnitTest>
    <UnitTest name="FormatToStringTest1000 (54088.326214851964,54088.33 zł)" storage="c:\projekty\mstestproject\bin\debug\netcoreapp3.1\mstestproject.dll" id="b43f2ff7-fc0a-4127-90f1-e1ed4122b95d">
      <TestCategory>
        <TestCategoryItem TestCategory="Category1000" />
      </TestCategory>
      <Execution id="432d02e8-3c26-4d3c-83ea-415744f4cbaa" />
      <TestMethod codeBase="C:\Projekty\MSTestProject\bin\Debug\netcoreapp3.1\MSTestProject.dll" adapterTypeName="executor://mstestadapter/v2" className="TwojeWesele.Services.Helpers.Tests.CurrencyHelperTests" name="FormatToStringTest1000" />
    </UnitTest>
    <UnitTest name="FormatToStringTest1000 (37.631227987646696,37.63 zł)" storage="c:\projekty\mstestproject\bin\debug\netcoreapp3.1\mstestproject.dll" id="c337b762-b3c1-44f2-bcc8-9dca0c001759">
      <TestCategory>
        <TestCategoryItem TestCategory="Category1000" />
      </TestCategory>
      <Execution id="590631cf-dbc4-438f-ae4e-61f36ef89ac1" />
      <TestMethod codeBase="C:\Projekty\MSTestProject\bin\Debug\netcoreapp3.1\MSTestProject.dll" adapterTypeName="executor://mstestadapter/v2" className="TwojeWesele.Services.Helpers.Tests.CurrencyHelperTests" name="FormatToStringTest1000" />
    </UnitTest>
    <UnitTest name="FormatToStringTest1000 (71554.9786298829,71554.98 zł)" storage="c:\projekty\mstestproject\bin\debug\netcoreapp3.1\mstestproject.dll" id="cdc33cdd-3654-478a-999c-006d314ae396">
      <TestCategory>
        <TestCategoryItem TestCategory="Category1000" />
      </TestCategory>
      <Execution id="545c21eb-3802-4283-9e20-3bd0c85d9acb" />
      <TestMethod codeBase="C:\Projekty\MSTestProject\bin\Debug\netcoreapp3.1\MSTestProject.dll" adapterTypeName="executor://mstestadapter/v2" className="TwojeWesele.Services.Helpers.Tests.CurrencyHelperTests" name="FormatToStringTest1000" />
    </UnitTest>
    <UnitTest name="FormatToStringTest1000 (11175.438820935526,11175.44 zł)" storage="c:\projekty\mstestproject\bin\debug\netcoreapp3.1\mstestproject.dll" id="5def4f33-23a4-4852-8801-f1c746230dd2">
      <TestCategory>
        <TestCategoryItem TestCategory="Category1000" />
      </TestCategory>
      <Execution id="1e62a149-0eeb-443c-93c9-8a0f892d6ec4" />
      <TestMethod codeBase="C:\Projekty\MSTestProject\bin\Debug\netcoreapp3.1\MSTestProject.dll" adapterTypeName="executor://mstestadapter/v2" className="TwojeWesele.Services.Helpers.Tests.CurrencyHelperTests" name="FormatToStringTest1000" />
    </UnitTest>
    <UnitTest name="FormatToStringTest1000 (27852.532163303127,27852.53 zł)" storage="c:\projekty\mstestproject\bin\debug\netcoreapp3.1\mstestproject.dll" id="20735fe3-f68f-4b3e-9961-142e400cadb4">
      <TestCategory>
        <TestCategoryItem TestCategory="Category1000" />
      </TestCategory>
      <Execution id="e4525349-848d-475b-b10f-604f280b97e9" />
      <TestMethod codeBase="C:\Projekty\MSTestProject\bin\Debug\netcoreapp3.1\MSTestProject.dll" adapterTypeName="executor://mstestadapter/v2" className="TwojeWesele.Services.Helpers.Tests.CurrencyHelperTests" name="FormatToStringTest1000" />
    </UnitTest>
    <UnitTest name="FormatToStringTest1000 (3270.286035661719,3270.29 zł)" storage="c:\projekty\mstestproject\bin\debug\netcoreapp3.1\mstestproject.dll" id="72ad148d-c439-4e05-9637-85fad8c6525e">
      <TestCategory>
        <TestCategoryItem TestCategory="Category1000" />
      </TestCategory>
      <Execution id="eeadfb53-9315-4fe2-b015-7cf052c2badc" />
      <TestMethod codeBase="C:\Projekty\MSTestProject\bin\Debug\netcoreapp3.1\MSTestProject.dll" adapterTypeName="executor://mstestadapter/v2" className="TwojeWesele.Services.Helpers.Tests.CurrencyHelperTests" name="FormatToStringTest1000" />
    </UnitTest>
    <UnitTest name="FormatToStringTest1000 (72905.64834432845,72905.65 zł)" storage="c:\projekty\mstestproject\bin\debug\netcoreapp3.1\mstestproject.dll" id="89c06ae0-a6de-4d9e-bdff-3cdb16f27d27">
      <TestCategory>
        <TestCategoryItem TestCategory="Category1000" />
      </TestCategory>
      <Execution id="59fdf1e6-4b1a-49fc-9163-8bc31f56ffd9" />
      <TestMethod codeBase="C:\Projekty\MSTestProject\bin\Debug\netcoreapp3.1\MSTestProject.dll" adapterTypeName="executor://mstestadapter/v2" className="TwojeWesele.Services.Helpers.Tests.CurrencyHelperTests" name="FormatToStringTest1000" />
    </UnitTest>
    <UnitTest name="FormatToStringTest1000 (45455.14554704127,45455.15 zł)" storage="c:\projekty\mstestproject\bin\debug\netcoreapp3.1\mstestproject.dll" id="62c82daf-1835-48c8-975b-6cb1b6670811">
      <TestCategory>
        <TestCategoryItem TestCategory="Category1000" />
      </TestCategory>
      <Execution id="53cdee64-3a8d-4537-8e51-6aa31f665405" />
      <TestMethod codeBase="C:\Projekty\MSTestProject\bin\Debug\netcoreapp3.1\MSTestProject.dll" adapterTypeName="executor://mstestadapter/v2" className="TwojeWesele.Services.Helpers.Tests.CurrencyHelperTests" name="FormatToStringTest1000" />
    </UnitTest>
    <UnitTest name="FormatToStringTest1000 (2339.5873176472205,2339.59 zł)" storage="c:\projekty\mstestproject\bin\debug\netcoreapp3.1\mstestproject.dll" id="e30cfc2b-bb01-45fe-b257-ae10b29bf8ef">
      <TestCategory>
        <TestCategoryItem TestCategory="Category1000" />
      </TestCategory>
      <Execution id="1bcb8c49-3538-43a3-8d2a-1b52e0bf7094" />
      <TestMethod codeBase="C:\Projekty\MSTestProject\bin\Debug\netcoreapp3.1\MSTestProject.dll" adapterTypeName="executor://mstestadapter/v2" className="TwojeWesele.Services.Helpers.Tests.CurrencyHelperTests" name="FormatToStringTest1000" />
    </UnitTest>
    <UnitTest name="FormatToStringTest1000 (5398.2412667191775,5398.24 zł)" storage="c:\projekty\mstestproject\bin\debug\netcoreapp3.1\mstestproject.dll" id="a726cb00-3c5e-47bf-b212-80a3ef067c1f">
      <TestCategory>
        <TestCategoryItem TestCategory="Category1000" />
      </TestCategory>
      <Execution id="15be27cb-e841-482d-95af-a497c01f6636" />
      <TestMethod codeBase="C:\Projekty\MSTestProject\bin\Debug\netcoreapp3.1\MSTestProject.dll" adapterTypeName="executor://mstestadapter/v2" className="TwojeWesele.Services.Helpers.Tests.CurrencyHelperTests" name="FormatToStringTest1000" />
    </UnitTest>
    <UnitTest name="FormatToStringTest1000 (11796.576829059317,11796.58 zł)" storage="c:\projekty\mstestproject\bin\debug\netcoreapp3.1\mstestproject.dll" id="6b5dc69a-1552-4c01-b64e-7626fc72395c">
      <TestCategory>
        <TestCategoryItem TestCategory="Category1000" />
      </TestCategory>
      <Execution id="29e505f4-25e2-4026-a76d-fcecc7ab0d39" />
      <TestMethod codeBase="C:\Projekty\MSTestProject\bin\Debug\netcoreapp3.1\MSTestProject.dll" adapterTypeName="executor://mstestadapter/v2" className="TwojeWesele.Services.Helpers.Tests.CurrencyHelperTests" name="FormatToStringTest1000" />
    </UnitTest>
    <UnitTest name="FormatToStringTest1000 (17988.455793307843,17988.46 zł)" storage="c:\projekty\mstestproject\bin\debug\netcoreapp3.1\mstestproject.dll" id="f570fd3a-9c6e-47b8-8bcf-05a36ecc5861">
      <TestCategory>
        <TestCategoryItem TestCategory="Category1000" />
      </TestCategory>
      <Execution id="790581db-2e82-492a-9ee2-fb7fbe8b63fb" />
      <TestMethod codeBase="C:\Projekty\MSTestProject\bin\Debug\netcoreapp3.1\MSTestProject.dll" adapterTypeName="executor://mstestadapter/v2" className="TwojeWesele.Services.Helpers.Tests.CurrencyHelperTests" name="FormatToStringTest1000" />
    </UnitTest>
    <UnitTest name="FormatToStringTest1000 (12610.563163818122,12610.56 zł)" storage="c:\projekty\mstestproject\bin\debug\netcoreapp3.1\mstestproject.dll" id="51f4aec7-91ef-4ee9-9b84-c0c92e541244">
      <TestCategory>
        <TestCategoryItem TestCategory="Category1000" />
      </TestCategory>
      <Execution id="a6e1471f-43f3-46b5-a3be-da65741cde29" />
      <TestMethod codeBase="C:\Projekty\MSTestProject\bin\Debug\netcoreapp3.1\MSTestProject.dll" adapterTypeName="executor://mstestadapter/v2" className="TwojeWesele.Services.Helpers.Tests.CurrencyHelperTests" name="FormatToStringTest1000" />
    </UnitTest>
    <UnitTest name="FormatToStringTest1000 (21961.272673999552,21961.27 zł)" storage="c:\projekty\mstestproject\bin\debug\netcoreapp3.1\mstestproject.dll" id="b95cee0a-082d-458a-9ac3-d27a0638bb0a">
      <TestCategory>
        <TestCategoryItem TestCategory="Category1000" />
      </TestCategory>
      <Execution id="e438ec25-6ba4-4084-9740-2a7a284410ca" />
      <TestMethod codeBase="C:\Projekty\MSTestProject\bin\Debug\netcoreapp3.1\MSTestProject.dll" adapterTypeName="executor://mstestadapter/v2" className="TwojeWesele.Services.Helpers.Tests.CurrencyHelperTests" name="FormatToStringTest1000" />
    </UnitTest>
    <UnitTest name="FormatToStringTest1000 (485.6735566554933,485.67 zł)" storage="c:\projekty\mstestproject\bin\debug\netcoreapp3.1\mstestproject.dll" id="059fc6e0-ffc8-4136-ad24-0a5dbe27c1a8">
      <TestCategory>
        <TestCategoryItem TestCategory="Category1000" />
      </TestCategory>
      <Execution id="eee3b810-c54d-4a91-a17a-9cb6b08291c9" />
      <TestMethod codeBase="C:\Projekty\MSTestProject\bin\Debug\netcoreapp3.1\MSTestProject.dll" adapterTypeName="executor://mstestadapter/v2" className="TwojeWesele.Services.Helpers.Tests.CurrencyHelperTests" name="FormatToStringTest1000" />
    </UnitTest>
    <UnitTest name="FormatToStringTest1000 (16210.791556035536,16210.79 zł)" storage="c:\projekty\mstestproject\bin\debug\netcoreapp3.1\mstestproject.dll" id="d686278d-fde3-407b-a86f-1dc8a15160f2">
      <TestCategory>
        <TestCategoryItem TestCategory="Category1000" />
      </TestCategory>
      <Execution id="d4f000f7-31e9-4f18-849b-456e8e5ae021" />
      <TestMethod codeBase="C:\Projekty\MSTestProject\bin\Debug\netcoreapp3.1\MSTestProject.dll" adapterTypeName="executor://mstestadapter/v2" className="TwojeWesele.Services.Helpers.Tests.CurrencyHelperTests" name="FormatToStringTest1000" />
    </UnitTest>
    <UnitTest name="FormatToStringTest1000 (32566.30279101259,32566.30 zł)" storage="c:\projekty\mstestproject\bin\debug\netcoreapp3.1\mstestproject.dll" id="974a6d52-98b8-4097-8dcd-ccdb2cc80055">
      <TestCategory>
        <TestCategoryItem TestCategory="Category1000" />
      </TestCategory>
      <Execution id="eb0645e6-7f6c-4f33-a9c4-1598eb82270b" />
      <TestMethod codeBase="C:\Projekty\MSTestProject\bin\Debug\netcoreapp3.1\MSTestProject.dll" adapterTypeName="executor://mstestadapter/v2" className="TwojeWesele.Services.Helpers.Tests.CurrencyHelperTests" name="FormatToStringTest1000" />
    </UnitTest>
    <UnitTest name="FormatToStringTest1000 (6276.389386365838,6276.39 zł)" storage="c:\projekty\mstestproject\bin\debug\netcoreapp3.1\mstestproject.dll" id="535b8292-3834-4135-bd0d-ff0379d32d3e">
      <TestCategory>
        <TestCategoryItem TestCategory="Category1000" />
      </TestCategory>
      <Execution id="7c3b580b-f413-452b-9be7-665e9e146747" />
      <TestMethod codeBase="C:\Projekty\MSTestProject\bin\Debug\netcoreapp3.1\MSTestProject.dll" adapterTypeName="executor://mstestadapter/v2" className="TwojeWesele.Services.Helpers.Tests.CurrencyHelperTests" name="FormatToStringTest1000" />
    </UnitTest>
    <UnitTest name="FormatToStringTest1000 (5961.755129208674,5961.76 zł)" storage="c:\projekty\mstestproject\bin\debug\netcoreapp3.1\mstestproject.dll" id="5f00ce9e-34b3-4aaa-aad1-c5f9d6136231">
      <TestCategory>
        <TestCategoryItem TestCategory="Category1000" />
      </TestCategory>
      <Execution id="9b1a5ac6-76ba-4d4a-a489-e83c6167dcea" />
      <TestMethod codeBase="C:\Projekty\MSTestProject\bin\Debug\netcoreapp3.1\MSTestProject.dll" adapterTypeName="executor://mstestadapter/v2" className="TwojeWesele.Services.Helpers.Tests.CurrencyHelperTests" name="FormatToStringTest1000" />
    </UnitTest>
    <UnitTest name="FormatToStringTest1000 (1814.7218118955948,1814.72 zł)" storage="c:\projekty\mstestproject\bin\debug\netcoreapp3.1\mstestproject.dll" id="438256b1-6720-4166-be0b-20afbbfef141">
      <TestCategory>
        <TestCategoryItem TestCategory="Category1000" />
      </TestCategory>
      <Execution id="5f9902a5-befc-44b1-b1cb-56078c9e6d1f" />
      <TestMethod codeBase="C:\Projekty\MSTestProject\bin\Debug\netcoreapp3.1\MSTestProject.dll" adapterTypeName="executor://mstestadapter/v2" className="TwojeWesele.Services.Helpers.Tests.CurrencyHelperTests" name="FormatToStringTest1000" />
    </UnitTest>
    <UnitTest name="FormatToStringTest1000 (70149.17842025738,70149.18 zł)" storage="c:\projekty\mstestproject\bin\debug\netcoreapp3.1\mstestproject.dll" id="612d984c-23ed-4294-8c34-9214cfc0064f">
      <TestCategory>
        <TestCategoryItem TestCategory="Category1000" />
      </TestCategory>
      <Execution id="b63b41f8-51ce-43b9-951f-de6fd6dad9b6" />
      <TestMethod codeBase="C:\Projekty\MSTestProject\bin\Debug\netcoreapp3.1\MSTestProject.dll" adapterTypeName="executor://mstestadapter/v2" className="TwojeWesele.Services.Helpers.Tests.CurrencyHelperTests" name="FormatToStringTest1000" />
    </UnitTest>
    <UnitTest name="FormatToStringTest1000 (9151.103070427245,9151.10 zł)" storage="c:\projekty\mstestproject\bin\debug\netcoreapp3.1\mstestproject.dll" id="d4dd3c98-ecd9-45d9-a753-f053bbfb9e26">
      <TestCategory>
        <TestCategoryItem TestCategory="Category1000" />
      </TestCategory>
      <Execution id="db01b08a-4d33-4b52-84ef-067269e42805" />
      <TestMethod codeBase="C:\Projekty\MSTestProject\bin\Debug\netcoreapp3.1\MSTestProject.dll" adapterTypeName="executor://mstestadapter/v2" className="TwojeWesele.Services.Helpers.Tests.CurrencyHelperTests" name="FormatToStringTest1000" />
    </UnitTest>
    <UnitTest name="FormatToStringTest1000 (20012.898273490322,20012.90 zł)" storage="c:\projekty\mstestproject\bin\debug\netcoreapp3.1\mstestproject.dll" id="16ddd6f3-b256-40a5-8147-3fe015590f9e">
      <TestCategory>
        <TestCategoryItem TestCategory="Category1000" />
      </TestCategory>
      <Execution id="18a68c6f-3ddb-4a4d-bfdc-f4aaaf489d01" />
      <TestMethod codeBase="C:\Projekty\MSTestProject\bin\Debug\netcoreapp3.1\MSTestProject.dll" adapterTypeName="executor://mstestadapter/v2" className="TwojeWesele.Services.Helpers.Tests.CurrencyHelperTests" name="FormatToStringTest1000" />
    </UnitTest>
    <UnitTest name="FormatToStringTest1000 (9765.54450809748,9765.54 zł)" storage="c:\projekty\mstestproject\bin\debug\netcoreapp3.1\mstestproject.dll" id="a7df2404-20c3-4da8-9207-d11fa9cad74d">
      <TestCategory>
        <TestCategoryItem TestCategory="Category1000" />
      </TestCategory>
      <Execution id="a1e34b2a-306e-447f-9c4d-148a54d80415" />
      <TestMethod codeBase="C:\Projekty\MSTestProject\bin\Debug\netcoreapp3.1\MSTestProject.dll" adapterTypeName="executor://mstestadapter/v2" className="TwojeWesele.Services.Helpers.Tests.CurrencyHelperTests" name="FormatToStringTest1000" />
    </UnitTest>
    <UnitTest name="FormatToStringTest1000 (20978.860218282258,20978.86 zł)" storage="c:\projekty\mstestproject\bin\debug\netcoreapp3.1\mstestproject.dll" id="5826fa93-2392-4b03-8e7b-babdec22fa2f">
      <TestCategory>
        <TestCategoryItem TestCategory="Category1000" />
      </TestCategory>
      <Execution id="c5846780-0428-4a48-979b-84e926c92419" />
      <TestMethod codeBase="C:\Projekty\MSTestProject\bin\Debug\netcoreapp3.1\MSTestProject.dll" adapterTypeName="executor://mstestadapter/v2" className="TwojeWesele.Services.Helpers.Tests.CurrencyHelperTests" name="FormatToStringTest1000" />
    </UnitTest>
    <UnitTest name="FormatToStringTest1000 (8242.419043611,8242.42 zł)" storage="c:\projekty\mstestproject\bin\debug\netcoreapp3.1\mstestproject.dll" id="47968f23-6d6c-4d4b-a745-40deac9feabe">
      <TestCategory>
        <TestCategoryItem TestCategory="Category1000" />
      </TestCategory>
      <Execution id="a4b78b95-e105-4c1b-8207-80c6a006efad" />
      <TestMethod codeBase="C:\Projekty\MSTestProject\bin\Debug\netcoreapp3.1\MSTestProject.dll" adapterTypeName="executor://mstestadapter/v2" className="TwojeWesele.Services.Helpers.Tests.CurrencyHelperTests" name="FormatToStringTest1000" />
    </UnitTest>
    <UnitTest name="FormatToStringTest1000 (47393.54939526671,47393.55 zł)" storage="c:\projekty\mstestproject\bin\debug\netcoreapp3.1\mstestproject.dll" id="e6ac4ca3-8b3c-4673-b78a-e507644672a4">
      <TestCategory>
        <TestCategoryItem TestCategory="Category1000" />
      </TestCategory>
      <Execution id="b4e9fa01-da1d-4f9e-8263-04b1621798b4" />
      <TestMethod codeBase="C:\Projekty\MSTestProject\bin\Debug\netcoreapp3.1\MSTestProject.dll" adapterTypeName="executor://mstestadapter/v2" className="TwojeWesele.Services.Helpers.Tests.CurrencyHelperTests" name="FormatToStringTest1000" />
    </UnitTest>
    <UnitTest name="FormatToStringTest1000 (14218.204344010543,14218.20 zł)" storage="c:\projekty\mstestproject\bin\debug\netcoreapp3.1\mstestproject.dll" id="0a0f487c-5fed-4057-976d-31cddf17e472">
      <TestCategory>
        <TestCategoryItem TestCategory="Category1000" />
      </TestCategory>
      <Execution id="ec5243cf-0eb3-44ac-ba50-ea86aa814a6b" />
      <TestMethod codeBase="C:\Projekty\MSTestProject\bin\Debug\netcoreapp3.1\MSTestProject.dll" adapterTypeName="executor://mstestadapter/v2" className="TwojeWesele.Services.Helpers.Tests.CurrencyHelperTests" name="FormatToStringTest1000" />
    </UnitTest>
    <UnitTest name="FormatToStringTest1000 (50339.31259969497,50339.31 zł)" storage="c:\projekty\mstestproject\bin\debug\netcoreapp3.1\mstestproject.dll" id="0dd7ac3f-14e6-49ce-90f3-ed62b9a8672d">
      <TestCategory>
        <TestCategoryItem TestCategory="Category1000" />
      </TestCategory>
      <Execution id="c9ea7d34-64dc-465e-a7e2-2687d9d96421" />
      <TestMethod codeBase="C:\Projekty\MSTestProject\bin\Debug\netcoreapp3.1\MSTestProject.dll" adapterTypeName="executor://mstestadapter/v2" className="TwojeWesele.Services.Helpers.Tests.CurrencyHelperTests" name="FormatToStringTest1000" />
    </UnitTest>
    <UnitTest name="FormatToStringTest1000 (25882.451101077,25882.45 zł)" storage="c:\projekty\mstestproject\bin\debug\netcoreapp3.1\mstestproject.dll" id="e74d04d7-06a1-4183-acc2-6c58729c14ec">
      <TestCategory>
        <TestCategoryItem TestCategory="Category1000" />
      </TestCategory>
      <Execution id="1fc051c4-6309-4ba2-a7d8-ba95222bb7f8" />
      <TestMethod codeBase="C:\Projekty\MSTestProject\bin\Debug\netcoreapp3.1\MSTestProject.dll" adapterTypeName="executor://mstestadapter/v2" className="TwojeWesele.Services.Helpers.Tests.CurrencyHelperTests" name="FormatToStringTest1000" />
    </UnitTest>
    <UnitTest name="FormatToStringTest1000 (76751.79413498091,76751.79 zł)" storage="c:\projekty\mstestproject\bin\debug\netcoreapp3.1\mstestproject.dll" id="8228e288-2964-431f-955b-d114a205eca0">
      <TestCategory>
        <TestCategoryItem TestCategory="Category1000" />
      </TestCategory>
      <Execution id="e175d18a-c09e-4095-985e-4cb1eebf9fbb" />
      <TestMethod codeBase="C:\Projekty\MSTestProject\bin\Debug\netcoreapp3.1\MSTestProject.dll" adapterTypeName="executor://mstestadapter/v2" className="TwojeWesele.Services.Helpers.Tests.CurrencyHelperTests" name="FormatToStringTest1000" />
    </UnitTest>
    <UnitTest name="FormatToStringTest1000 (47672.66266041652,47672.66 zł)" storage="c:\projekty\mstestproject\bin\debug\netcoreapp3.1\mstestproject.dll" id="a01093d2-e726-45d6-b8ed-21ff3c8d675d">
      <TestCategory>
        <TestCategoryItem TestCategory="Category1000" />
      </TestCategory>
      <Execution id="5832bd3e-322a-4704-9be4-4e413df62c90" />
      <TestMethod codeBase="C:\Projekty\MSTestProject\bin\Debug\netcoreapp3.1\MSTestProject.dll" adapterTypeName="executor://mstestadapter/v2" className="TwojeWesele.Services.Helpers.Tests.CurrencyHelperTests" name="FormatToStringTest1000" />
    </UnitTest>
    <UnitTest name="FormatToStringTest1000 (25135.10315489727,25135.10 zł)" storage="c:\projekty\mstestproject\bin\debug\netcoreapp3.1\mstestproject.dll" id="f4fd24cc-6e8f-4fe4-8110-e0ea705b182a">
      <TestCategory>
        <TestCategoryItem TestCategory="Category1000" />
      </TestCategory>
      <Execution id="e0877181-0213-4d31-8fcb-a8d8d9c0a0c9" />
      <TestMethod codeBase="C:\Projekty\MSTestProject\bin\Debug\netcoreapp3.1\MSTestProject.dll" adapterTypeName="executor://mstestadapter/v2" className="TwojeWesele.Services.Helpers.Tests.CurrencyHelperTests" name="FormatToStringTest1000" />
    </UnitTest>
    <UnitTest name="FormatToStringTest1000 (43799.04472166535,43799.04 zł)" storage="c:\projekty\mstestproject\bin\debug\netcoreapp3.1\mstestproject.dll" id="661ee611-cf44-4676-9c9f-a9c847e01ba9">
      <TestCategory>
        <TestCategoryItem TestCategory="Category1000" />
      </TestCategory>
      <Execution id="405d74ef-75e9-42a9-8a94-961027e954ea" />
      <TestMethod codeBase="C:\Projekty\MSTestProject\bin\Debug\netcoreapp3.1\MSTestProject.dll" adapterTypeName="executor://mstestadapter/v2" className="TwojeWesele.Services.Helpers.Tests.CurrencyHelperTests" name="FormatToStringTest1000" />
    </UnitTest>
    <UnitTest name="FormatToStringTest1000 (7202.052143613367,7202.05 zł)" storage="c:\projekty\mstestproject\bin\debug\netcoreapp3.1\mstestproject.dll" id="54775951-935d-4723-a691-d322e9b4bef4">
      <TestCategory>
        <TestCategoryItem TestCategory="Category1000" />
      </TestCategory>
      <Execution id="57aa340e-d925-4683-8f7d-2f9e09d84a7f" />
      <TestMethod codeBase="C:\Projekty\MSTestProject\bin\Debug\netcoreapp3.1\MSTestProject.dll" adapterTypeName="executor://mstestadapter/v2" className="TwojeWesele.Services.Helpers.Tests.CurrencyHelperTests" name="FormatToStringTest1000" />
    </UnitTest>
    <UnitTest name="FormatToStringTest1000 (3503.9809179231434,3503.98 zł)" storage="c:\projekty\mstestproject\bin\debug\netcoreapp3.1\mstestproject.dll" id="fd834bb2-b5a0-479a-acbc-6b7d63e9d4f3">
      <TestCategory>
        <TestCategoryItem TestCategory="Category1000" />
      </TestCategory>
      <Execution id="1b4cf0a5-f0e8-4e7f-8a52-06b79bf33e5f" />
      <TestMethod codeBase="C:\Projekty\MSTestProject\bin\Debug\netcoreapp3.1\MSTestProject.dll" adapterTypeName="executor://mstestadapter/v2" className="TwojeWesele.Services.Helpers.Tests.CurrencyHelperTests" name="FormatToStringTest1000" />
    </UnitTest>
    <UnitTest name="FormatToStringTest1000 (12283.48626129026,12283.49 zł)" storage="c:\projekty\mstestproject\bin\debug\netcoreapp3.1\mstestproject.dll" id="c8e23a15-ddf9-4378-b529-e32520ed4c6f">
      <TestCategory>
        <TestCategoryItem TestCategory="Category1000" />
      </TestCategory>
      <Execution id="42e2f467-0a80-4a33-a80a-3b5966840e57" />
      <TestMethod codeBase="C:\Projekty\MSTestProject\bin\Debug\netcoreapp3.1\MSTestProject.dll" adapterTypeName="executor://mstestadapter/v2" className="TwojeWesele.Services.Helpers.Tests.CurrencyHelperTests" name="FormatToStringTest1000" />
    </UnitTest>
    <UnitTest name="FormatToStringTest1000 (33206.73122987837,33206.73 zł)" storage="c:\projekty\mstestproject\bin\debug\netcoreapp3.1\mstestproject.dll" id="4b803c8b-b50b-456e-a47d-dcdf83a3ca98">
      <TestCategory>
        <TestCategoryItem TestCategory="Category1000" />
      </TestCategory>
      <Execution id="3ceb573a-151d-4c7e-a217-0ce55a15426c" />
      <TestMethod codeBase="C:\Projekty\MSTestProject\bin\Debug\netcoreapp3.1\MSTestProject.dll" adapterTypeName="executor://mstestadapter/v2" className="TwojeWesele.Services.Helpers.Tests.CurrencyHelperTests" name="FormatToStringTest1000" />
    </UnitTest>
    <UnitTest name="FormatToStringTest1000 (24308.26523149212,24308.27 zł)" storage="c:\projekty\mstestproject\bin\debug\netcoreapp3.1\mstestproject.dll" id="f40956b8-ff0f-4e11-a43e-a507c73a3140">
      <TestCategory>
        <TestCategoryItem TestCategory="Category1000" />
      </TestCategory>
      <Execution id="d4034db2-3726-48de-80ad-a33ecb6bcb05" />
      <TestMethod codeBase="C:\Projekty\MSTestProject\bin\Debug\netcoreapp3.1\MSTestProject.dll" adapterTypeName="executor://mstestadapter/v2" className="TwojeWesele.Services.Helpers.Tests.CurrencyHelperTests" name="FormatToStringTest1000" />
    </UnitTest>
    <UnitTest name="FormatToStringTest1000 (22678.643495744862,22678.64 zł)" storage="c:\projekty\mstestproject\bin\debug\netcoreapp3.1\mstestproject.dll" id="11ccad03-a4e3-4b47-9b08-f60bc45b4bef">
      <TestCategory>
        <TestCategoryItem TestCategory="Category1000" />
      </TestCategory>
      <Execution id="4f370665-bd4a-48c3-92c1-a21171e7dc80" />
      <TestMethod codeBase="C:\Projekty\MSTestProject\bin\Debug\netcoreapp3.1\MSTestProject.dll" adapterTypeName="executor://mstestadapter/v2" className="TwojeWesele.Services.Helpers.Tests.CurrencyHelperTests" name="FormatToStringTest1000" />
    </UnitTest>
    <UnitTest name="FormatToStringTest1000 (44499.288016808816,44499.29 zł)" storage="c:\projekty\mstestproject\bin\debug\netcoreapp3.1\mstestproject.dll" id="1abebaf3-a134-4e8b-afcd-d65334f67255">
      <TestCategory>
        <TestCategoryItem TestCategory="Category1000" />
      </TestCategory>
      <Execution id="b092ad26-a35d-4fc5-98c5-fc95544a2a91" />
      <TestMethod codeBase="C:\Projekty\MSTestProject\bin\Debug\netcoreapp3.1\MSTestProject.dll" adapterTypeName="executor://mstestadapter/v2" className="TwojeWesele.Services.Helpers.Tests.CurrencyHelperTests" name="FormatToStringTest1000" />
    </UnitTest>
    <UnitTest name="FormatToStringTest1000 (5279.315995182524,5279.32 zł)" storage="c:\projekty\mstestproject\bin\debug\netcoreapp3.1\mstestproject.dll" id="53f5432b-3e11-4778-99b4-0e2ddedc78d0">
      <TestCategory>
        <TestCategoryItem TestCategory="Category1000" />
      </TestCategory>
      <Execution id="28819065-9381-4c77-9803-f8d7874bcfc5" />
      <TestMethod codeBase="C:\Projekty\MSTestProject\bin\Debug\netcoreapp3.1\MSTestProject.dll" adapterTypeName="executor://mstestadapter/v2" className="TwojeWesele.Services.Helpers.Tests.CurrencyHelperTests" name="FormatToStringTest1000" />
    </UnitTest>
    <UnitTest name="FormatToStringTest1000 (45340.017357165,45340.02 zł)" storage="c:\projekty\mstestproject\bin\debug\netcoreapp3.1\mstestproject.dll" id="d2d40f91-fe01-413b-ab1c-e8f802d326e8">
      <TestCategory>
        <TestCategoryItem TestCategory="Category1000" />
      </TestCategory>
      <Execution id="da92aed3-31bf-4310-96b6-6d47a5262b4c" />
      <TestMethod codeBase="C:\Projekty\MSTestProject\bin\Debug\netcoreapp3.1\MSTestProject.dll" adapterTypeName="executor://mstestadapter/v2" className="TwojeWesele.Services.Helpers.Tests.CurrencyHelperTests" name="FormatToStringTest1000" />
    </UnitTest>
    <UnitTest name="FormatToStringTest1000 (19609.759296997803,19609.76 zł)" storage="c:\projekty\mstestproject\bin\debug\netcoreapp3.1\mstestproject.dll" id="4b91eb25-64d3-43f5-90b6-d8f3fc074a20">
      <TestCategory>
        <TestCategoryItem TestCategory="Category1000" />
      </TestCategory>
      <Execution id="73177ac9-5e54-45fa-bb95-d970ec04d246" />
      <TestMethod codeBase="C:\Projekty\MSTestProject\bin\Debug\netcoreapp3.1\MSTestProject.dll" adapterTypeName="executor://mstestadapter/v2" className="TwojeWesele.Services.Helpers.Tests.CurrencyHelperTests" name="FormatToStringTest1000" />
    </UnitTest>
    <UnitTest name="FormatToStringTest1000 (8492.904747505161,8492.90 zł)" storage="c:\projekty\mstestproject\bin\debug\netcoreapp3.1\mstestproject.dll" id="84714b05-d4f7-4da0-a326-3e3399892c4c">
      <TestCategory>
        <TestCategoryItem TestCategory="Category1000" />
      </TestCategory>
      <Execution id="fdea2b6d-96df-41b0-8ee1-eb06e9d771d3" />
      <TestMethod codeBase="C:\Projekty\MSTestProject\bin\Debug\netcoreapp3.1\MSTestProject.dll" adapterTypeName="executor://mstestadapter/v2" className="TwojeWesele.Services.Helpers.Tests.CurrencyHelperTests" name="FormatToStringTest1000" />
    </UnitTest>
    <UnitTest name="FormatToStringTest1000 (89093.57120939044,89093.57 zł)" storage="c:\projekty\mstestproject\bin\debug\netcoreapp3.1\mstestproject.dll" id="c1a4e076-4b99-4300-ac56-5929918f1988">
      <TestCategory>
        <TestCategoryItem TestCategory="Category1000" />
      </TestCategory>
      <Execution id="99bcb33d-e687-4253-9506-67bfdd50efbc" />
      <TestMethod codeBase="C:\Projekty\MSTestProject\bin\Debug\netcoreapp3.1\MSTestProject.dll" adapterTypeName="executor://mstestadapter/v2" className="TwojeWesele.Services.Helpers.Tests.CurrencyHelperTests" name="FormatToStringTest1000" />
    </UnitTest>
    <UnitTest name="FormatToStringTest1000 (49256.65708813195,49256.66 zł)" storage="c:\projekty\mstestproject\bin\debug\netcoreapp3.1\mstestproject.dll" id="167e4d41-3e19-43b6-b501-4137ec37b5f3">
      <TestCategory>
        <TestCategoryItem TestCategory="Category1000" />
      </TestCategory>
      <Execution id="96b61fc2-3e4c-466d-b3b6-f95f460cf6ee" />
      <TestMethod codeBase="C:\Projekty\MSTestProject\bin\Debug\netcoreapp3.1\MSTestProject.dll" adapterTypeName="executor://mstestadapter/v2" className="TwojeWesele.Services.Helpers.Tests.CurrencyHelperTests" name="FormatToStringTest1000" />
    </UnitTest>
    <UnitTest name="FormatToStringTest1000 (13046.352146307172,13046.35 zł)" storage="c:\projekty\mstestproject\bin\debug\netcoreapp3.1\mstestproject.dll" id="10ed6686-7a73-41e1-b14f-27c2b9a2d8f1">
      <TestCategory>
        <TestCategoryItem TestCategory="Category1000" />
      </TestCategory>
      <Execution id="bb0cb010-e48a-447d-83e1-cb671991dcff" />
      <TestMethod codeBase="C:\Projekty\MSTestProject\bin\Debug\netcoreapp3.1\MSTestProject.dll" adapterTypeName="executor://mstestadapter/v2" className="TwojeWesele.Services.Helpers.Tests.CurrencyHelperTests" name="FormatToStringTest1000" />
    </UnitTest>
    <UnitTest name="FormatToStringTest1000 (2975.6892256134606,2975.69 zł)" storage="c:\projekty\mstestproject\bin\debug\netcoreapp3.1\mstestproject.dll" id="afc83e4a-0a4c-4fdc-91c0-b2d9cad5cb8d">
      <TestCategory>
        <TestCategoryItem TestCategory="Category1000" />
      </TestCategory>
      <Execution id="efb807a3-66f5-4795-b27f-5f9d693cede0" />
      <TestMethod codeBase="C:\Projekty\MSTestProject\bin\Debug\netcoreapp3.1\MSTestProject.dll" adapterTypeName="executor://mstestadapter/v2" className="TwojeWesele.Services.Helpers.Tests.CurrencyHelperTests" name="FormatToStringTest1000" />
    </UnitTest>
    <UnitTest name="FormatToStringTest1000 (740.3213011405064,740.32 zł)" storage="c:\projekty\mstestproject\bin\debug\netcoreapp3.1\mstestproject.dll" id="220940ad-eaa6-4ff9-a0a5-aa68b047c24a">
      <TestCategory>
        <TestCategoryItem TestCategory="Category1000" />
      </TestCategory>
      <Execution id="6d71ff68-5077-4446-8e7d-772988f1cf2d" />
      <TestMethod codeBase="C:\Projekty\MSTestProject\bin\Debug\netcoreapp3.1\MSTestProject.dll" adapterTypeName="executor://mstestadapter/v2" className="TwojeWesele.Services.Helpers.Tests.CurrencyHelperTests" name="FormatToStringTest1000" />
    </UnitTest>
    <UnitTest name="FormatToStringTest1000 (7621.507806692509,7621.51 zł)" storage="c:\projekty\mstestproject\bin\debug\netcoreapp3.1\mstestproject.dll" id="2e73cec0-bb6f-4fa4-9b3c-d767714396be">
      <TestCategory>
        <TestCategoryItem TestCategory="Category1000" />
      </TestCategory>
      <Execution id="14ffdae4-698c-4b4d-8f70-1ce2908ed134" />
      <TestMethod codeBase="C:\Projekty\MSTestProject\bin\Debug\netcoreapp3.1\MSTestProject.dll" adapterTypeName="executor://mstestadapter/v2" className="TwojeWesele.Services.Helpers.Tests.CurrencyHelperTests" name="FormatToStringTest1000" />
    </UnitTest>
    <UnitTest name="FormatToStringTest1000 (1514.6266382441981,1514.63 zł)" storage="c:\projekty\mstestproject\bin\debug\netcoreapp3.1\mstestproject.dll" id="ecb25d50-4350-41a3-a639-518639fdacc9">
      <TestCategory>
        <TestCategoryItem TestCategory="Category1000" />
      </TestCategory>
      <Execution id="3920a71e-7e48-45f9-b672-113395b0da2c" />
      <TestMethod codeBase="C:\Projekty\MSTestProject\bin\Debug\netcoreapp3.1\MSTestProject.dll" adapterTypeName="executor://mstestadapter/v2" className="TwojeWesele.Services.Helpers.Tests.CurrencyHelperTests" name="FormatToStringTest1000" />
    </UnitTest>
    <UnitTest name="FormatToStringTest1000 (38253.101637909705,38253.10 zł)" storage="c:\projekty\mstestproject\bin\debug\netcoreapp3.1\mstestproject.dll" id="c983c45a-7dad-4708-9ab5-53b9dab778f5">
      <TestCategory>
        <TestCategoryItem TestCategory="Category1000" />
      </TestCategory>
      <Execution id="1378d62b-fb0a-4b2e-9b58-b755a309453d" />
      <TestMethod codeBase="C:\Projekty\MSTestProject\bin\Debug\netcoreapp3.1\MSTestProject.dll" adapterTypeName="executor://mstestadapter/v2" className="TwojeWesele.Services.Helpers.Tests.CurrencyHelperTests" name="FormatToStringTest1000" />
    </UnitTest>
    <UnitTest name="FormatToStringTest1000 (28502.61128259758,28502.61 zł)" storage="c:\projekty\mstestproject\bin\debug\netcoreapp3.1\mstestproject.dll" id="e39d6a25-201b-4609-b521-cb66b1c7533f">
      <TestCategory>
        <TestCategoryItem TestCategory="Category1000" />
      </TestCategory>
      <Execution id="c55e3e7d-a3d6-4d35-ab97-be05e6831234" />
      <TestMethod codeBase="C:\Projekty\MSTestProject\bin\Debug\netcoreapp3.1\MSTestProject.dll" adapterTypeName="executor://mstestadapter/v2" className="TwojeWesele.Services.Helpers.Tests.CurrencyHelperTests" name="FormatToStringTest1000" />
    </UnitTest>
    <UnitTest name="FormatToStringTest1000 (30383.303633991305,30383.30 zł)" storage="c:\projekty\mstestproject\bin\debug\netcoreapp3.1\mstestproject.dll" id="9e91cbe0-1403-47ed-b5c5-61ff2c90bee2">
      <TestCategory>
        <TestCategoryItem TestCategory="Category1000" />
      </TestCategory>
      <Execution id="91eccdcc-1d4b-4ae9-a6e0-ebcc1e83dfcd" />
      <TestMethod codeBase="C:\Projekty\MSTestProject\bin\Debug\netcoreapp3.1\MSTestProject.dll" adapterTypeName="executor://mstestadapter/v2" className="TwojeWesele.Services.Helpers.Tests.CurrencyHelperTests" name="FormatToStringTest1000" />
    </UnitTest>
    <UnitTest name="FormatToStringTest1000 (13027.93935961739,13027.94 zł)" storage="c:\projekty\mstestproject\bin\debug\netcoreapp3.1\mstestproject.dll" id="d58aa143-a97b-4b66-b9cc-faef5da1bfc0">
      <TestCategory>
        <TestCategoryItem TestCategory="Category1000" />
      </TestCategory>
      <Execution id="c03a87d1-c483-4aa3-9f37-e69f87f96f1b" />
      <TestMethod codeBase="C:\Projekty\MSTestProject\bin\Debug\netcoreapp3.1\MSTestProject.dll" adapterTypeName="executor://mstestadapter/v2" className="TwojeWesele.Services.Helpers.Tests.CurrencyHelperTests" name="FormatToStringTest1000" />
    </UnitTest>
    <UnitTest name="FormatToStringTest1000 (75162.39407669863,75162.39 zł)" storage="c:\projekty\mstestproject\bin\debug\netcoreapp3.1\mstestproject.dll" id="b3149a75-ead1-4b12-bd0c-8392b366c2ce">
      <TestCategory>
        <TestCategoryItem TestCategory="Category1000" />
      </TestCategory>
      <Execution id="d37a1ddb-0a26-4378-8525-75b729e72ab2" />
      <TestMethod codeBase="C:\Projekty\MSTestProject\bin\Debug\netcoreapp3.1\MSTestProject.dll" adapterTypeName="executor://mstestadapter/v2" className="TwojeWesele.Services.Helpers.Tests.CurrencyHelperTests" name="FormatToStringTest1000" />
    </UnitTest>
    <UnitTest name="FormatToStringTest1000 (22494.46807976834,22494.47 zł)" storage="c:\projekty\mstestproject\bin\debug\netcoreapp3.1\mstestproject.dll" id="23fe816c-afe7-4a11-b87d-ac6149a9ee9b">
      <TestCategory>
        <TestCategoryItem TestCategory="Category1000" />
      </TestCategory>
      <Execution id="ce3ec00d-2d18-4dcb-b192-c226799bd88c" />
      <TestMethod codeBase="C:\Projekty\MSTestProject\bin\Debug\netcoreapp3.1\MSTestProject.dll" adapterTypeName="executor://mstestadapter/v2" className="TwojeWesele.Services.Helpers.Tests.CurrencyHelperTests" name="FormatToStringTest1000" />
    </UnitTest>
    <UnitTest name="FormatToStringTest1000 (28861.97337596769,28861.97 zł)" storage="c:\projekty\mstestproject\bin\debug\netcoreapp3.1\mstestproject.dll" id="0e159363-09d6-4b39-a351-1813cba8990c">
      <TestCategory>
        <TestCategoryItem TestCategory="Category1000" />
      </TestCategory>
      <Execution id="5ef45fa1-1bb2-4916-9dbe-d4f0f2b0fcea" />
      <TestMethod codeBase="C:\Projekty\MSTestProject\bin\Debug\netcoreapp3.1\MSTestProject.dll" adapterTypeName="executor://mstestadapter/v2" className="TwojeWesele.Services.Helpers.Tests.CurrencyHelperTests" name="FormatToStringTest1000" />
    </UnitTest>
    <UnitTest name="FormatToStringTest1000 (16571.355536101553,16571.36 zł)" storage="c:\projekty\mstestproject\bin\debug\netcoreapp3.1\mstestproject.dll" id="3f5dee95-2a02-4b5e-8366-c805347fd8a3">
      <TestCategory>
        <TestCategoryItem TestCategory="Category1000" />
      </TestCategory>
      <Execution id="adf6897d-6202-464c-bb3a-18e367adbd0a" />
      <TestMethod codeBase="C:\Projekty\MSTestProject\bin\Debug\netcoreapp3.1\MSTestProject.dll" adapterTypeName="executor://mstestadapter/v2" className="TwojeWesele.Services.Helpers.Tests.CurrencyHelperTests" name="FormatToStringTest1000" />
    </UnitTest>
    <UnitTest name="FormatToStringTest1000 (10066.059180456241,10066.06 zł)" storage="c:\projekty\mstestproject\bin\debug\netcoreapp3.1\mstestproject.dll" id="4d6fad58-759c-4d90-a7b0-2dcd8ecbdab8">
      <TestCategory>
        <TestCategoryItem TestCategory="Category1000" />
      </TestCategory>
      <Execution id="41800fdd-1322-46f6-aa6c-3942dbb6b39a" />
      <TestMethod codeBase="C:\Projekty\MSTestProject\bin\Debug\netcoreapp3.1\MSTestProject.dll" adapterTypeName="executor://mstestadapter/v2" className="TwojeWesele.Services.Helpers.Tests.CurrencyHelperTests" name="FormatToStringTest1000" />
    </UnitTest>
    <UnitTest name="FormatToStringTest1000 (50664.01951024869,50664.02 zł)" storage="c:\projekty\mstestproject\bin\debug\netcoreapp3.1\mstestproject.dll" id="74dbba96-c213-4264-954a-d7b2e558a838">
      <TestCategory>
        <TestCategoryItem TestCategory="Category1000" />
      </TestCategory>
      <Execution id="d36b67fa-39e2-44c3-b19e-c255aaaef1d8" />
      <TestMethod codeBase="C:\Projekty\MSTestProject\bin\Debug\netcoreapp3.1\MSTestProject.dll" adapterTypeName="executor://mstestadapter/v2" className="TwojeWesele.Services.Helpers.Tests.CurrencyHelperTests" name="FormatToStringTest1000" />
    </UnitTest>
    <UnitTest name="FormatToStringTest1000 (5566.818038455592,5566.82 zł)" storage="c:\projekty\mstestproject\bin\debug\netcoreapp3.1\mstestproject.dll" id="808c1886-6232-4576-820f-16ec5de082f1">
      <TestCategory>
        <TestCategoryItem TestCategory="Category1000" />
      </TestCategory>
      <Execution id="26d39ec8-4d73-40df-a8d6-42bd1fa1072e" />
      <TestMethod codeBase="C:\Projekty\MSTestProject\bin\Debug\netcoreapp3.1\MSTestProject.dll" adapterTypeName="executor://mstestadapter/v2" className="TwojeWesele.Services.Helpers.Tests.CurrencyHelperTests" name="FormatToStringTest1000" />
    </UnitTest>
    <UnitTest name="FormatToStringTest1000 (25039.088753207627,25039.09 zł)" storage="c:\projekty\mstestproject\bin\debug\netcoreapp3.1\mstestproject.dll" id="61953d57-700a-4e47-879b-6000f6c004c9">
      <TestCategory>
        <TestCategoryItem TestCategory="Category1000" />
      </TestCategory>
      <Execution id="7d0b390e-251f-47dd-875a-3987c6078e94" />
      <TestMethod codeBase="C:\Projekty\MSTestProject\bin\Debug\netcoreapp3.1\MSTestProject.dll" adapterTypeName="executor://mstestadapter/v2" className="TwojeWesele.Services.Helpers.Tests.CurrencyHelperTests" name="FormatToStringTest1000" />
    </UnitTest>
    <UnitTest name="FormatToStringTest1000 (48428.38681602682,48428.39 zł)" storage="c:\projekty\mstestproject\bin\debug\netcoreapp3.1\mstestproject.dll" id="71fb84f5-c96d-4c7d-8c75-6a92fa21d01e">
      <TestCategory>
        <TestCategoryItem TestCategory="Category1000" />
      </TestCategory>
      <Execution id="3b17a206-6428-4f84-b7b6-5d1eeb12bbd0" />
      <TestMethod codeBase="C:\Projekty\MSTestProject\bin\Debug\netcoreapp3.1\MSTestProject.dll" adapterTypeName="executor://mstestadapter/v2" className="TwojeWesele.Services.Helpers.Tests.CurrencyHelperTests" name="FormatToStringTest1000" />
    </UnitTest>
    <UnitTest name="FormatToStringTest1000 (21602.417596116393,21602.42 zł)" storage="c:\projekty\mstestproject\bin\debug\netcoreapp3.1\mstestproject.dll" id="4e30e85d-8010-413e-a9fa-22b74b3cfc4f">
      <TestCategory>
        <TestCategoryItem TestCategory="Category1000" />
      </TestCategory>
      <Execution id="6805986e-1378-4f28-b1bf-27c523dbea0f" />
      <TestMethod codeBase="C:\Projekty\MSTestProject\bin\Debug\netcoreapp3.1\MSTestProject.dll" adapterTypeName="executor://mstestadapter/v2" className="TwojeWesele.Services.Helpers.Tests.CurrencyHelperTests" name="FormatToStringTest1000" />
    </UnitTest>
    <UnitTest name="FormatToStringTest1000 (35905.47425787219,35905.47 zł)" storage="c:\projekty\mstestproject\bin\debug\netcoreapp3.1\mstestproject.dll" id="fcc2302f-3f24-41e2-9aa1-ed42bcf4eba6">
      <TestCategory>
        <TestCategoryItem TestCategory="Category1000" />
      </TestCategory>
      <Execution id="085f2140-4902-4aea-a3bb-7d4789ed3061" />
      <TestMethod codeBase="C:\Projekty\MSTestProject\bin\Debug\netcoreapp3.1\MSTestProject.dll" adapterTypeName="executor://mstestadapter/v2" className="TwojeWesele.Services.Helpers.Tests.CurrencyHelperTests" name="FormatToStringTest1000" />
    </UnitTest>
    <UnitTest name="FormatToStringTest1000 (19873.59831658453,19873.60 zł)" storage="c:\projekty\mstestproject\bin\debug\netcoreapp3.1\mstestproject.dll" id="7e356191-ff3f-4169-ba87-52975bab55c7">
      <TestCategory>
        <TestCategoryItem TestCategory="Category1000" />
      </TestCategory>
      <Execution id="d5df205e-21c9-4b16-a9a4-44ff6f64854d" />
      <TestMethod codeBase="C:\Projekty\MSTestProject\bin\Debug\netcoreapp3.1\MSTestProject.dll" adapterTypeName="executor://mstestadapter/v2" className="TwojeWesele.Services.Helpers.Tests.CurrencyHelperTests" name="FormatToStringTest1000" />
    </UnitTest>
    <UnitTest name="FormatToStringTest1000 (37614.50159416278,37614.50 zł)" storage="c:\projekty\mstestproject\bin\debug\netcoreapp3.1\mstestproject.dll" id="e744b7b3-947a-42fd-9541-9777e9236d3f">
      <TestCategory>
        <TestCategoryItem TestCategory="Category1000" />
      </TestCategory>
      <Execution id="13acfe7b-98b9-48d6-bf07-a78080c42e20" />
      <TestMethod codeBase="C:\Projekty\MSTestProject\bin\Debug\netcoreapp3.1\MSTestProject.dll" adapterTypeName="executor://mstestadapter/v2" className="TwojeWesele.Services.Helpers.Tests.CurrencyHelperTests" name="FormatToStringTest1000" />
    </UnitTest>
    <UnitTest name="FormatToStringTest1000 (8644.187977380207,8644.19 zł)" storage="c:\projekty\mstestproject\bin\debug\netcoreapp3.1\mstestproject.dll" id="89c1dfe7-dc0e-426e-ae8d-d84cfe66b2b2">
      <TestCategory>
        <TestCategoryItem TestCategory="Category1000" />
      </TestCategory>
      <Execution id="2c70edfd-1f45-48a6-b0e1-945578cc54b3" />
      <TestMethod codeBase="C:\Projekty\MSTestProject\bin\Debug\netcoreapp3.1\MSTestProject.dll" adapterTypeName="executor://mstestadapter/v2" className="TwojeWesele.Services.Helpers.Tests.CurrencyHelperTests" name="FormatToStringTest1000" />
    </UnitTest>
    <UnitTest name="FormatToStringTest1000 (10784.438152511344,10784.44 zł)" storage="c:\projekty\mstestproject\bin\debug\netcoreapp3.1\mstestproject.dll" id="25f393a6-37da-4b1f-9c41-295a56aa4eba">
      <TestCategory>
        <TestCategoryItem TestCategory="Category1000" />
      </TestCategory>
      <Execution id="564b551a-7539-4bd0-89d0-2d1d9e184d2f" />
      <TestMethod codeBase="C:\Projekty\MSTestProject\bin\Debug\netcoreapp3.1\MSTestProject.dll" adapterTypeName="executor://mstestadapter/v2" className="TwojeWesele.Services.Helpers.Tests.CurrencyHelperTests" name="FormatToStringTest1000" />
    </UnitTest>
    <UnitTest name="FormatToStringTest1000 (24825.207513729205,24825.21 zł)" storage="c:\projekty\mstestproject\bin\debug\netcoreapp3.1\mstestproject.dll" id="78899073-aa7e-4080-bfd0-a398961b33ad">
      <TestCategory>
        <TestCategoryItem TestCategory="Category1000" />
      </TestCategory>
      <Execution id="d4eccbea-a76c-414c-8e8f-3f72d495123f" />
      <TestMethod codeBase="C:\Projekty\MSTestProject\bin\Debug\netcoreapp3.1\MSTestProject.dll" adapterTypeName="executor://mstestadapter/v2" className="TwojeWesele.Services.Helpers.Tests.CurrencyHelperTests" name="FormatToStringTest1000" />
    </UnitTest>
    <UnitTest name="FormatToStringTest1000 (32863.31705269558,32863.32 zł)" storage="c:\projekty\mstestproject\bin\debug\netcoreapp3.1\mstestproject.dll" id="a937b44f-607e-427c-a055-201051aa7d83">
      <TestCategory>
        <TestCategoryItem TestCategory="Category1000" />
      </TestCategory>
      <Execution id="6ec33fd4-d1d0-4afd-a7aa-d68cbd82c537" />
      <TestMethod codeBase="C:\Projekty\MSTestProject\bin\Debug\netcoreapp3.1\MSTestProject.dll" adapterTypeName="executor://mstestadapter/v2" className="TwojeWesele.Services.Helpers.Tests.CurrencyHelperTests" name="FormatToStringTest1000" />
    </UnitTest>
    <UnitTest name="FormatToStringTest1000 (38845.74924104323,38845.75 zł)" storage="c:\projekty\mstestproject\bin\debug\netcoreapp3.1\mstestproject.dll" id="e97d75b8-65b1-4f36-b291-31e3eb9c4e37">
      <TestCategory>
        <TestCategoryItem TestCategory="Category1000" />
      </TestCategory>
      <Execution id="add9e8ac-edd5-4dd7-b249-b6a09d7d878a" />
      <TestMethod codeBase="C:\Projekty\MSTestProject\bin\Debug\netcoreapp3.1\MSTestProject.dll" adapterTypeName="executor://mstestadapter/v2" className="TwojeWesele.Services.Helpers.Tests.CurrencyHelperTests" name="FormatToStringTest1000" />
    </UnitTest>
    <UnitTest name="FormatToStringTest1000 (9897.705953436767,9897.71 zł)" storage="c:\projekty\mstestproject\bin\debug\netcoreapp3.1\mstestproject.dll" id="f49fb8e0-5863-4964-8b6e-940f936f724f">
      <TestCategory>
        <TestCategoryItem TestCategory="Category1000" />
      </TestCategory>
      <Execution id="eadd9e41-e282-40ca-9b12-516a7ed5574d" />
      <TestMethod codeBase="C:\Projekty\MSTestProject\bin\Debug\netcoreapp3.1\MSTestProject.dll" adapterTypeName="executor://mstestadapter/v2" className="TwojeWesele.Services.Helpers.Tests.CurrencyHelperTests" name="FormatToStringTest1000" />
    </UnitTest>
    <UnitTest name="FormatToStringTest1000 (19463.08761954917,19463.09 zł)" storage="c:\projekty\mstestproject\bin\debug\netcoreapp3.1\mstestproject.dll" id="8b8e404f-cd90-40f9-863f-1ac1e0ebe394">
      <TestCategory>
        <TestCategoryItem TestCategory="Category1000" />
      </TestCategory>
      <Execution id="d66f8bf7-0bdc-48cf-bd9c-8f084f651fb1" />
      <TestMethod codeBase="C:\Projekty\MSTestProject\bin\Debug\netcoreapp3.1\MSTestProject.dll" adapterTypeName="executor://mstestadapter/v2" className="TwojeWesele.Services.Helpers.Tests.CurrencyHelperTests" name="FormatToStringTest1000" />
    </UnitTest>
    <UnitTest name="FormatToStringTest1000 (972.1468308629221,972.15 zł)" storage="c:\projekty\mstestproject\bin\debug\netcoreapp3.1\mstestproject.dll" id="6414b9a1-ab98-41a4-8b5a-e10a9e4e6b5c">
      <TestCategory>
        <TestCategoryItem TestCategory="Category1000" />
      </TestCategory>
      <Execution id="c5e9f3ac-c3d6-4b2f-bc22-6e3c08bd8ecb" />
      <TestMethod codeBase="C:\Projekty\MSTestProject\bin\Debug\netcoreapp3.1\MSTestProject.dll" adapterTypeName="executor://mstestadapter/v2" className="TwojeWesele.Services.Helpers.Tests.CurrencyHelperTests" name="FormatToStringTest1000" />
    </UnitTest>
    <UnitTest name="FormatToStringTest1000 (30138.55109863102,30138.55 zł)" storage="c:\projekty\mstestproject\bin\debug\netcoreapp3.1\mstestproject.dll" id="3805d517-aebd-4f86-b7a8-5c7bd7821f23">
      <TestCategory>
        <TestCategoryItem TestCategory="Category1000" />
      </TestCategory>
      <Execution id="c8db5827-5684-49a2-b04d-c1f6e31b80c5" />
      <TestMethod codeBase="C:\Projekty\MSTestProject\bin\Debug\netcoreapp3.1\MSTestProject.dll" adapterTypeName="executor://mstestadapter/v2" className="TwojeWesele.Services.Helpers.Tests.CurrencyHelperTests" name="FormatToStringTest1000" />
    </UnitTest>
    <UnitTest name="FormatToStringTest1000 (25116.590135570892,25116.59 zł)" storage="c:\projekty\mstestproject\bin\debug\netcoreapp3.1\mstestproject.dll" id="e8a353d9-c979-4e15-a5dc-aec4b26c20fd">
      <TestCategory>
        <TestCategoryItem TestCategory="Category1000" />
      </TestCategory>
      <Execution id="c2911f47-beff-4647-8770-72d0ed791799" />
      <TestMethod codeBase="C:\Projekty\MSTestProject\bin\Debug\netcoreapp3.1\MSTestProject.dll" adapterTypeName="executor://mstestadapter/v2" className="TwojeWesele.Services.Helpers.Tests.CurrencyHelperTests" name="FormatToStringTest1000" />
    </UnitTest>
    <UnitTest name="FormatToStringTest1000 (65809.35218338219,65809.35 zł)" storage="c:\projekty\mstestproject\bin\debug\netcoreapp3.1\mstestproject.dll" id="71edfb1f-d300-4da0-8014-b4191bdd3e9c">
      <TestCategory>
        <TestCategoryItem TestCategory="Category1000" />
      </TestCategory>
      <Execution id="0b83f19f-40b0-48bc-b701-1e1e6111a8e6" />
      <TestMethod codeBase="C:\Projekty\MSTestProject\bin\Debug\netcoreapp3.1\MSTestProject.dll" adapterTypeName="executor://mstestadapter/v2" className="TwojeWesele.Services.Helpers.Tests.CurrencyHelperTests" name="FormatToStringTest1000" />
    </UnitTest>
    <UnitTest name="FormatToStringTest1000 (18786.954468002055,18786.95 zł)" storage="c:\projekty\mstestproject\bin\debug\netcoreapp3.1\mstestproject.dll" id="6ddaa1b6-ac9f-46f8-a1f6-5c6615358a9f">
      <TestCategory>
        <TestCategoryItem TestCategory="Category1000" />
      </TestCategory>
      <Execution id="68b58bde-5758-4518-95d6-b91e4d907e15" />
      <TestMethod codeBase="C:\Projekty\MSTestProject\bin\Debug\netcoreapp3.1\MSTestProject.dll" adapterTypeName="executor://mstestadapter/v2" className="TwojeWesele.Services.Helpers.Tests.CurrencyHelperTests" name="FormatToStringTest1000" />
    </UnitTest>
    <UnitTest name="FormatToStringTest1000 (31799.68317462815,31799.68 zł)" storage="c:\projekty\mstestproject\bin\debug\netcoreapp3.1\mstestproject.dll" id="63fc71da-7c90-4de4-84ee-27b301ba4c03">
      <TestCategory>
        <TestCategoryItem TestCategory="Category1000" />
      </TestCategory>
      <Execution id="a4f919a1-62fd-4d83-a273-1ceff927f02e" />
      <TestMethod codeBase="C:\Projekty\MSTestProject\bin\Debug\netcoreapp3.1\MSTestProject.dll" adapterTypeName="executor://mstestadapter/v2" className="TwojeWesele.Services.Helpers.Tests.CurrencyHelperTests" name="FormatToStringTest1000" />
    </UnitTest>
    <UnitTest name="FormatToStringTest1000 (4525.609305084501,4525.61 zł)" storage="c:\projekty\mstestproject\bin\debug\netcoreapp3.1\mstestproject.dll" id="6dcb9963-b032-4c60-856f-220b8f5b81b3">
      <TestCategory>
        <TestCategoryItem TestCategory="Category1000" />
      </TestCategory>
      <Execution id="6035be96-c243-4d2a-abc4-97161ac42daa" />
      <TestMethod codeBase="C:\Projekty\MSTestProject\bin\Debug\netcoreapp3.1\MSTestProject.dll" adapterTypeName="executor://mstestadapter/v2" className="TwojeWesele.Services.Helpers.Tests.CurrencyHelperTests" name="FormatToStringTest1000" />
    </UnitTest>
    <UnitTest name="FormatToStringTest1000 (1676.7913981754293,1676.79 zł)" storage="c:\projekty\mstestproject\bin\debug\netcoreapp3.1\mstestproject.dll" id="74c0c82e-0223-4002-a759-e97ef2317c97">
      <TestCategory>
        <TestCategoryItem TestCategory="Category1000" />
      </TestCategory>
      <Execution id="b4e59389-917d-4967-80cf-7147c70cd8ec" />
      <TestMethod codeBase="C:\Projekty\MSTestProject\bin\Debug\netcoreapp3.1\MSTestProject.dll" adapterTypeName="executor://mstestadapter/v2" className="TwojeWesele.Services.Helpers.Tests.CurrencyHelperTests" name="FormatToStringTest1000" />
    </UnitTest>
    <UnitTest name="FormatToStringTest1000 (29474.095826699442,29474.10 zł)" storage="c:\projekty\mstestproject\bin\debug\netcoreapp3.1\mstestproject.dll" id="7409dbc4-e52e-4bf4-add6-fbe4672e82a1">
      <TestCategory>
        <TestCategoryItem TestCategory="Category1000" />
      </TestCategory>
      <Execution id="7d1315d9-f7bd-411c-ad0e-30d64f9ce5aa" />
      <TestMethod codeBase="C:\Projekty\MSTestProject\bin\Debug\netcoreapp3.1\MSTestProject.dll" adapterTypeName="executor://mstestadapter/v2" className="TwojeWesele.Services.Helpers.Tests.CurrencyHelperTests" name="FormatToStringTest1000" />
    </UnitTest>
    <UnitTest name="FormatToStringTest1000 (78822.37212685234,78822.37 zł)" storage="c:\projekty\mstestproject\bin\debug\netcoreapp3.1\mstestproject.dll" id="9e1c3348-5a17-4e64-b3b3-4d6a2a1cc9bb">
      <TestCategory>
        <TestCategoryItem TestCategory="Category1000" />
      </TestCategory>
      <Execution id="e7933f8b-768a-41bf-a6eb-34795e44c5cc" />
      <TestMethod codeBase="C:\Projekty\MSTestProject\bin\Debug\netcoreapp3.1\MSTestProject.dll" adapterTypeName="executor://mstestadapter/v2" className="TwojeWesele.Services.Helpers.Tests.CurrencyHelperTests" name="FormatToStringTest1000" />
    </UnitTest>
    <UnitTest name="FormatToStringTest1000 (16688.70569393677,16688.71 zł)" storage="c:\projekty\mstestproject\bin\debug\netcoreapp3.1\mstestproject.dll" id="4bf65d0d-24df-40ce-a3d8-7e57c06e10f9">
      <TestCategory>
        <TestCategoryItem TestCategory="Category1000" />
      </TestCategory>
      <Execution id="741a1873-c80f-4548-a1db-549a57b396ef" />
      <TestMethod codeBase="C:\Projekty\MSTestProject\bin\Debug\netcoreapp3.1\MSTestProject.dll" adapterTypeName="executor://mstestadapter/v2" className="TwojeWesele.Services.Helpers.Tests.CurrencyHelperTests" name="FormatToStringTest1000" />
    </UnitTest>
    <UnitTest name="FormatToStringTest1000 (39178.05988345298,39178.06 zł)" storage="c:\projekty\mstestproject\bin\debug\netcoreapp3.1\mstestproject.dll" id="24b6abc0-74fb-4f3b-a38e-c91131bad076">
      <TestCategory>
        <TestCategoryItem TestCategory="Category1000" />
      </TestCategory>
      <Execution id="97360f52-e53a-40b6-a152-89438bd3cf23" />
      <TestMethod codeBase="C:\Projekty\MSTestProject\bin\Debug\netcoreapp3.1\MSTestProject.dll" adapterTypeName="executor://mstestadapter/v2" className="TwojeWesele.Services.Helpers.Tests.CurrencyHelperTests" name="FormatToStringTest1000" />
    </UnitTest>
    <UnitTest name="FormatToStringTest1000 (29917.15005391145,29917.15 zł)" storage="c:\projekty\mstestproject\bin\debug\netcoreapp3.1\mstestproject.dll" id="161c460c-53a2-475e-91af-d771dc6cd6a7">
      <TestCategory>
        <TestCategoryItem TestCategory="Category1000" />
      </TestCategory>
      <Execution id="b4e4c80e-0fe0-48be-a4b4-4c322c4ed305" />
      <TestMethod codeBase="C:\Projekty\MSTestProject\bin\Debug\netcoreapp3.1\MSTestProject.dll" adapterTypeName="executor://mstestadapter/v2" className="TwojeWesele.Services.Helpers.Tests.CurrencyHelperTests" name="FormatToStringTest1000" />
    </UnitTest>
    <UnitTest name="FormatToStringTest1000 (6654.099431086378,6654.10 zł)" storage="c:\projekty\mstestproject\bin\debug\netcoreapp3.1\mstestproject.dll" id="bc7f8607-a07e-4fa7-b159-1bb120734878">
      <TestCategory>
        <TestCategoryItem TestCategory="Category1000" />
      </TestCategory>
      <Execution id="3e9a165c-1760-43f7-88f1-9198ff5d80e3" />
      <TestMethod codeBase="C:\Projekty\MSTestProject\bin\Debug\netcoreapp3.1\MSTestProject.dll" adapterTypeName="executor://mstestadapter/v2" className="TwojeWesele.Services.Helpers.Tests.CurrencyHelperTests" name="FormatToStringTest1000" />
    </UnitTest>
    <UnitTest name="FormatToStringTest1000 (29417.800422138444,29417.80 zł)" storage="c:\projekty\mstestproject\bin\debug\netcoreapp3.1\mstestproject.dll" id="4d109019-a223-485c-9d07-54f22410815f">
      <TestCategory>
        <TestCategoryItem TestCategory="Category1000" />
      </TestCategory>
      <Execution id="a931c98f-d64b-43f3-9db9-b409ddf1a274" />
      <TestMethod codeBase="C:\Projekty\MSTestProject\bin\Debug\netcoreapp3.1\MSTestProject.dll" adapterTypeName="executor://mstestadapter/v2" className="TwojeWesele.Services.Helpers.Tests.CurrencyHelperTests" name="FormatToStringTest1000" />
    </UnitTest>
    <UnitTest name="FormatToStringTest1000 (33970.38965150639,33970.39 zł)" storage="c:\projekty\mstestproject\bin\debug\netcoreapp3.1\mstestproject.dll" id="683880c6-c729-4446-ae10-a38902df9bea">
      <TestCategory>
        <TestCategoryItem TestCategory="Category1000" />
      </TestCategory>
      <Execution id="4335f802-9285-4e35-be41-ad8fe520f601" />
      <TestMethod codeBase="C:\Projekty\MSTestProject\bin\Debug\netcoreapp3.1\MSTestProject.dll" adapterTypeName="executor://mstestadapter/v2" className="TwojeWesele.Services.Helpers.Tests.CurrencyHelperTests" name="FormatToStringTest1000" />
    </UnitTest>
    <UnitTest name="FormatToStringTest1000 (59768.02667973611,59768.03 zł)" storage="c:\projekty\mstestproject\bin\debug\netcoreapp3.1\mstestproject.dll" id="b25150a6-d396-4930-93d4-0f941a0f87a3">
      <TestCategory>
        <TestCategoryItem TestCategory="Category1000" />
      </TestCategory>
      <Execution id="97d94995-de1d-4668-9c3d-7e07acbe675e" />
      <TestMethod codeBase="C:\Projekty\MSTestProject\bin\Debug\netcoreapp3.1\MSTestProject.dll" adapterTypeName="executor://mstestadapter/v2" className="TwojeWesele.Services.Helpers.Tests.CurrencyHelperTests" name="FormatToStringTest1000" />
    </UnitTest>
    <UnitTest name="FormatToStringTest1000 (6958.393354767186,6958.39 zł)" storage="c:\projekty\mstestproject\bin\debug\netcoreapp3.1\mstestproject.dll" id="d4afc0ac-5eb5-4f82-b092-75a0a6ed2dc6">
      <TestCategory>
        <TestCategoryItem TestCategory="Category1000" />
      </TestCategory>
      <Execution id="441c1857-c2a6-4414-addb-ee828b6a187d" />
      <TestMethod codeBase="C:\Projekty\MSTestProject\bin\Debug\netcoreapp3.1\MSTestProject.dll" adapterTypeName="executor://mstestadapter/v2" className="TwojeWesele.Services.Helpers.Tests.CurrencyHelperTests" name="FormatToStringTest1000" />
    </UnitTest>
    <UnitTest name="FormatToStringTest1000 (801.5720517614726,801.57 zł)" storage="c:\projekty\mstestproject\bin\debug\netcoreapp3.1\mstestproject.dll" id="456668c3-1e10-4832-9a5a-93cc1b6d7597">
      <TestCategory>
        <TestCategoryItem TestCategory="Category1000" />
      </TestCategory>
      <Execution id="49706a5b-45b5-4b39-ad69-a774cb9ff621" />
      <TestMethod codeBase="C:\Projekty\MSTestProject\bin\Debug\netcoreapp3.1\MSTestProject.dll" adapterTypeName="executor://mstestadapter/v2" className="TwojeWesele.Services.Helpers.Tests.CurrencyHelperTests" name="FormatToStringTest1000" />
    </UnitTest>
    <UnitTest name="FormatToStringTest1000 (66945.02904917022,66945.03 zł)" storage="c:\projekty\mstestproject\bin\debug\netcoreapp3.1\mstestproject.dll" id="a75d8427-8e5d-4dc7-85cd-eb608a912a10">
      <TestCategory>
        <TestCategoryItem TestCategory="Category1000" />
      </TestCategory>
      <Execution id="e538781a-d32b-4c3d-a3dd-0f4697ac5718" />
      <TestMethod codeBase="C:\Projekty\MSTestProject\bin\Debug\netcoreapp3.1\MSTestProject.dll" adapterTypeName="executor://mstestadapter/v2" className="TwojeWesele.Services.Helpers.Tests.CurrencyHelperTests" name="FormatToStringTest1000" />
    </UnitTest>
    <UnitTest name="FormatToStringTest1000 (23120.169499649743,23120.17 zł)" storage="c:\projekty\mstestproject\bin\debug\netcoreapp3.1\mstestproject.dll" id="783e8847-09e9-4df2-aaa4-3230cabbd288">
      <TestCategory>
        <TestCategoryItem TestCategory="Category1000" />
      </TestCategory>
      <Execution id="362f7ce1-652c-4ef0-bd5c-3480aeb08d1e" />
      <TestMethod codeBase="C:\Projekty\MSTestProject\bin\Debug\netcoreapp3.1\MSTestProject.dll" adapterTypeName="executor://mstestadapter/v2" className="TwojeWesele.Services.Helpers.Tests.CurrencyHelperTests" name="FormatToStringTest1000" />
    </UnitTest>
    <UnitTest name="FormatToStringTest1000 (57671.67669738675,57671.68 zł)" storage="c:\projekty\mstestproject\bin\debug\netcoreapp3.1\mstestproject.dll" id="fb57ca97-493e-4cd9-a632-9904d7e76750">
      <TestCategory>
        <TestCategoryItem TestCategory="Category1000" />
      </TestCategory>
      <Execution id="c2785d54-11d5-4fd4-baca-bb1b76791058" />
      <TestMethod codeBase="C:\Projekty\MSTestProject\bin\Debug\netcoreapp3.1\MSTestProject.dll" adapterTypeName="executor://mstestadapter/v2" className="TwojeWesele.Services.Helpers.Tests.CurrencyHelperTests" name="FormatToStringTest1000" />
    </UnitTest>
    <UnitTest name="FormatToStringTest1000 (13337.80490493486,13337.80 zł)" storage="c:\projekty\mstestproject\bin\debug\netcoreapp3.1\mstestproject.dll" id="ff0203d9-bfb8-4a1a-9107-8520753f0601">
      <TestCategory>
        <TestCategoryItem TestCategory="Category1000" />
      </TestCategory>
      <Execution id="6a81d974-e46d-4dd6-8803-3dc0b0c1623b" />
      <TestMethod codeBase="C:\Projekty\MSTestProject\bin\Debug\netcoreapp3.1\MSTestProject.dll" adapterTypeName="executor://mstestadapter/v2" className="TwojeWesele.Services.Helpers.Tests.CurrencyHelperTests" name="FormatToStringTest1000" />
    </UnitTest>
    <UnitTest name="FormatToStringTest1000 (39146.635743126564,39146.64 zł)" storage="c:\projekty\mstestproject\bin\debug\netcoreapp3.1\mstestproject.dll" id="f25a1c53-22ee-4be9-9030-b1e0075219ee">
      <TestCategory>
        <TestCategoryItem TestCategory="Category1000" />
      </TestCategory>
      <Execution id="8a9441d5-6675-4444-b4ef-a6d591da5ae4" />
      <TestMethod codeBase="C:\Projekty\MSTestProject\bin\Debug\netcoreapp3.1\MSTestProject.dll" adapterTypeName="executor://mstestadapter/v2" className="TwojeWesele.Services.Helpers.Tests.CurrencyHelperTests" name="FormatToStringTest1000" />
    </UnitTest>
    <UnitTest name="FormatToStringTest1000 (17031.365705376662,17031.37 zł)" storage="c:\projekty\mstestproject\bin\debug\netcoreapp3.1\mstestproject.dll" id="7e6d845d-cd71-4ad6-9623-48176f717080">
      <TestCategory>
        <TestCategoryItem TestCategory="Category1000" />
      </TestCategory>
      <Execution id="bcfc0c8e-4403-4fb7-af60-3bed4a409ce4" />
      <TestMethod codeBase="C:\Projekty\MSTestProject\bin\Debug\netcoreapp3.1\MSTestProject.dll" adapterTypeName="executor://mstestadapter/v2" className="TwojeWesele.Services.Helpers.Tests.CurrencyHelperTests" name="FormatToStringTest1000" />
    </UnitTest>
    <UnitTest name="FormatToStringTest1000 (15566.957545477411,15566.96 zł)" storage="c:\projekty\mstestproject\bin\debug\netcoreapp3.1\mstestproject.dll" id="2eff4b68-910a-4197-a6a5-cb83167a5d2e">
      <TestCategory>
        <TestCategoryItem TestCategory="Category1000" />
      </TestCategory>
      <Execution id="58e97d66-25ec-4a84-ad78-f0a9f76c08f1" />
      <TestMethod codeBase="C:\Projekty\MSTestProject\bin\Debug\netcoreapp3.1\MSTestProject.dll" adapterTypeName="executor://mstestadapter/v2" className="TwojeWesele.Services.Helpers.Tests.CurrencyHelperTests" name="FormatToStringTest1000" />
    </UnitTest>
    <UnitTest name="FormatToStringTest1000 (37589.670531794276,37589.67 zł)" storage="c:\projekty\mstestproject\bin\debug\netcoreapp3.1\mstestproject.dll" id="659d1eb5-cda6-467e-9761-69685bef9469">
      <TestCategory>
        <TestCategoryItem TestCategory="Category1000" />
      </TestCategory>
      <Execution id="8709ecc6-075b-4916-aea0-3d64c56a1f94" />
      <TestMethod codeBase="C:\Projekty\MSTestProject\bin\Debug\netcoreapp3.1\MSTestProject.dll" adapterTypeName="executor://mstestadapter/v2" className="TwojeWesele.Services.Helpers.Tests.CurrencyHelperTests" name="FormatToStringTest1000" />
    </UnitTest>
    <UnitTest name="FormatToStringTest1000 (2039.440966411699,2039.44 zł)" storage="c:\projekty\mstestproject\bin\debug\netcoreapp3.1\mstestproject.dll" id="b6a61e25-c89c-479e-b8c6-9d169c346cc4">
      <TestCategory>
        <TestCategoryItem TestCategory="Category1000" />
      </TestCategory>
      <Execution id="69ffe89f-6aee-4428-afd7-ff491d794893" />
      <TestMethod codeBase="C:\Projekty\MSTestProject\bin\Debug\netcoreapp3.1\MSTestProject.dll" adapterTypeName="executor://mstestadapter/v2" className="TwojeWesele.Services.Helpers.Tests.CurrencyHelperTests" name="FormatToStringTest1000" />
    </UnitTest>
    <UnitTest name="FormatToStringTest1000 (76106.57198894516,76106.57 zł)" storage="c:\projekty\mstestproject\bin\debug\netcoreapp3.1\mstestproject.dll" id="817af8a4-f59c-4a9d-ab8c-a4bf55db92b1">
      <TestCategory>
        <TestCategoryItem TestCategory="Category1000" />
      </TestCategory>
      <Execution id="8b751ecb-8600-4ad9-b95c-5395968d5ae4" />
      <TestMethod codeBase="C:\Projekty\MSTestProject\bin\Debug\netcoreapp3.1\MSTestProject.dll" adapterTypeName="executor://mstestadapter/v2" className="TwojeWesele.Services.Helpers.Tests.CurrencyHelperTests" name="FormatToStringTest1000" />
    </UnitTest>
    <UnitTest name="FormatToStringTest1000 (8013.1229931903645,8013.12 zł)" storage="c:\projekty\mstestproject\bin\debug\netcoreapp3.1\mstestproject.dll" id="519f09d5-2f0b-4e4c-b9c0-0a06519640e2">
      <TestCategory>
        <TestCategoryItem TestCategory="Category1000" />
      </TestCategory>
      <Execution id="2638b44f-1a4c-4120-9fe2-ee6bfd8b0f29" />
      <TestMethod codeBase="C:\Projekty\MSTestProject\bin\Debug\netcoreapp3.1\MSTestProject.dll" adapterTypeName="executor://mstestadapter/v2" className="TwojeWesele.Services.Helpers.Tests.CurrencyHelperTests" name="FormatToStringTest1000" />
    </UnitTest>
    <UnitTest name="FormatToStringTest1000 (19796.212103914568,19796.21 zł)" storage="c:\projekty\mstestproject\bin\debug\netcoreapp3.1\mstestproject.dll" id="5eeb7adc-ed34-4d2d-a1e2-e057b958ce20">
      <TestCategory>
        <TestCategoryItem TestCategory="Category1000" />
      </TestCategory>
      <Execution id="3fd128fa-dff9-4c23-8c94-26bbc08b18a4" />
      <TestMethod codeBase="C:\Projekty\MSTestProject\bin\Debug\netcoreapp3.1\MSTestProject.dll" adapterTypeName="executor://mstestadapter/v2" className="TwojeWesele.Services.Helpers.Tests.CurrencyHelperTests" name="FormatToStringTest1000" />
    </UnitTest>
    <UnitTest name="FormatToStringTest1000 (19840.47672110632,19840.48 zł)" storage="c:\projekty\mstestproject\bin\debug\netcoreapp3.1\mstestproject.dll" id="38dd4fb5-e038-4ad9-82b3-f05f96247b7e">
      <TestCategory>
        <TestCategoryItem TestCategory="Category1000" />
      </TestCategory>
      <Execution id="0d04b646-0dfc-46a7-bfd0-20cc70c5863f" />
      <TestMethod codeBase="C:\Projekty\MSTestProject\bin\Debug\netcoreapp3.1\MSTestProject.dll" adapterTypeName="executor://mstestadapter/v2" className="TwojeWesele.Services.Helpers.Tests.CurrencyHelperTests" name="FormatToStringTest1000" />
    </UnitTest>
    <UnitTest name="FormatToStringTest1000 (6809.40195803037,6809.40 zł)" storage="c:\projekty\mstestproject\bin\debug\netcoreapp3.1\mstestproject.dll" id="aa815b85-855f-46b3-9802-6ce7864cf721">
      <TestCategory>
        <TestCategoryItem TestCategory="Category1000" />
      </TestCategory>
      <Execution id="47d0d72c-860b-4f37-b621-04823777f864" />
      <TestMethod codeBase="C:\Projekty\MSTestProject\bin\Debug\netcoreapp3.1\MSTestProject.dll" adapterTypeName="executor://mstestadapter/v2" className="TwojeWesele.Services.Helpers.Tests.CurrencyHelperTests" name="FormatToStringTest1000" />
    </UnitTest>
    <UnitTest name="FormatToStringTest1000 (16282.687804925576,16282.69 zł)" storage="c:\projekty\mstestproject\bin\debug\netcoreapp3.1\mstestproject.dll" id="44be234c-7d6f-466a-9e1a-1d348d27ad23">
      <TestCategory>
        <TestCategoryItem TestCategory="Category1000" />
      </TestCategory>
      <Execution id="2ab00341-1d7b-4d66-837e-145dce1d42e7" />
      <TestMethod codeBase="C:\Projekty\MSTestProject\bin\Debug\netcoreapp3.1\MSTestProject.dll" adapterTypeName="executor://mstestadapter/v2" className="TwojeWesele.Services.Helpers.Tests.CurrencyHelperTests" name="FormatToStringTest1000" />
    </UnitTest>
    <UnitTest name="FormatToStringTest1000 (27506.397047390416,27506.40 zł)" storage="c:\projekty\mstestproject\bin\debug\netcoreapp3.1\mstestproject.dll" id="73f51254-d23b-476b-8b38-4067fc0611e5">
      <TestCategory>
        <TestCategoryItem TestCategory="Category1000" />
      </TestCategory>
      <Execution id="ffc5109d-0959-4f60-9300-696d2a120c1a" />
      <TestMethod codeBase="C:\Projekty\MSTestProject\bin\Debug\netcoreapp3.1\MSTestProject.dll" adapterTypeName="executor://mstestadapter/v2" className="TwojeWesele.Services.Helpers.Tests.CurrencyHelperTests" name="FormatToStringTest1000" />
    </UnitTest>
    <UnitTest name="FormatToStringTest1000 (6102.4120417453405,6102.41 zł)" storage="c:\projekty\mstestproject\bin\debug\netcoreapp3.1\mstestproject.dll" id="0a796ac2-b3fc-48e1-9a03-76277d252a32">
      <TestCategory>
        <TestCategoryItem TestCategory="Category1000" />
      </TestCategory>
      <Execution id="07851c21-8356-4391-b32f-850a7c34411d" />
      <TestMethod codeBase="C:\Projekty\MSTestProject\bin\Debug\netcoreapp3.1\MSTestProject.dll" adapterTypeName="executor://mstestadapter/v2" className="TwojeWesele.Services.Helpers.Tests.CurrencyHelperTests" name="FormatToStringTest1000" />
    </UnitTest>
    <UnitTest name="FormatToStringTest1000 (5957.42161879941,5957.42 zł)" storage="c:\projekty\mstestproject\bin\debug\netcoreapp3.1\mstestproject.dll" id="21ecd842-a7eb-4bea-8949-0563dc5200b7">
      <TestCategory>
        <TestCategoryItem TestCategory="Category1000" />
      </TestCategory>
      <Execution id="4092878d-7220-4023-9d91-92061c811869" />
      <TestMethod codeBase="C:\Projekty\MSTestProject\bin\Debug\netcoreapp3.1\MSTestProject.dll" adapterTypeName="executor://mstestadapter/v2" className="TwojeWesele.Services.Helpers.Tests.CurrencyHelperTests" name="FormatToStringTest1000" />
    </UnitTest>
    <UnitTest name="FormatToStringTest1000 (20482.32969107308,20482.33 zł)" storage="c:\projekty\mstestproject\bin\debug\netcoreapp3.1\mstestproject.dll" id="e7db4150-a2dd-40b0-af6a-2d080d6a1bd7">
      <TestCategory>
        <TestCategoryItem TestCategory="Category1000" />
      </TestCategory>
      <Execution id="122733f6-64e3-4299-b97f-c42bd723422c" />
      <TestMethod codeBase="C:\Projekty\MSTestProject\bin\Debug\netcoreapp3.1\MSTestProject.dll" adapterTypeName="executor://mstestadapter/v2" className="TwojeWesele.Services.Helpers.Tests.CurrencyHelperTests" name="FormatToStringTest1000" />
    </UnitTest>
    <UnitTest name="FormatToStringTest1000 (75024.79122970243,75024.79 zł)" storage="c:\projekty\mstestproject\bin\debug\netcoreapp3.1\mstestproject.dll" id="c1c2fdb0-f5f0-4f1e-8c7f-2ad9683a666e">
      <TestCategory>
        <TestCategoryItem TestCategory="Category1000" />
      </TestCategory>
      <Execution id="adf97050-2fec-42c1-a0fa-ce3e91f3358f" />
      <TestMethod codeBase="C:\Projekty\MSTestProject\bin\Debug\netcoreapp3.1\MSTestProject.dll" adapterTypeName="executor://mstestadapter/v2" className="TwojeWesele.Services.Helpers.Tests.CurrencyHelperTests" name="FormatToStringTest1000" />
    </UnitTest>
    <UnitTest name="FormatToStringTest1000 (9603.199987620208,9603.20 zł)" storage="c:\projekty\mstestproject\bin\debug\netcoreapp3.1\mstestproject.dll" id="555bf039-ef36-4726-b28f-b8be00280b10">
      <TestCategory>
        <TestCategoryItem TestCategory="Category1000" />
      </TestCategory>
      <Execution id="c24eb333-17eb-47ff-9322-35d325c25ec2" />
      <TestMethod codeBase="C:\Projekty\MSTestProject\bin\Debug\netcoreapp3.1\MSTestProject.dll" adapterTypeName="executor://mstestadapter/v2" className="TwojeWesele.Services.Helpers.Tests.CurrencyHelperTests" name="FormatToStringTest1000" />
    </UnitTest>
    <UnitTest name="FormatToStringTest1000 (5254.6338787505565,5254.63 zł)" storage="c:\projekty\mstestproject\bin\debug\netcoreapp3.1\mstestproject.dll" id="da8c1747-4005-4315-8288-f9bae1375eda">
      <TestCategory>
        <TestCategoryItem TestCategory="Category1000" />
      </TestCategory>
      <Execution id="aa0ee201-39d3-4712-a5a8-5cb20b93174c" />
      <TestMethod codeBase="C:\Projekty\MSTestProject\bin\Debug\netcoreapp3.1\MSTestProject.dll" adapterTypeName="executor://mstestadapter/v2" className="TwojeWesele.Services.Helpers.Tests.CurrencyHelperTests" name="FormatToStringTest1000" />
    </UnitTest>
    <UnitTest name="FormatToStringTest1000 (88584.97010041306,88584.97 zł)" storage="c:\projekty\mstestproject\bin\debug\netcoreapp3.1\mstestproject.dll" id="8fdb415d-38d5-41d2-bb70-dd12528cd319">
      <TestCategory>
        <TestCategoryItem TestCategory="Category1000" />
      </TestCategory>
      <Execution id="013bbac5-0590-4ada-b9c7-56e460f2fb4e" />
      <TestMethod codeBase="C:\Projekty\MSTestProject\bin\Debug\netcoreapp3.1\MSTestProject.dll" adapterTypeName="executor://mstestadapter/v2" className="TwojeWesele.Services.Helpers.Tests.CurrencyHelperTests" name="FormatToStringTest1000" />
    </UnitTest>
    <UnitTest name="FormatToStringTest1000 (37826.846755123166,37826.85 zł)" storage="c:\projekty\mstestproject\bin\debug\netcoreapp3.1\mstestproject.dll" id="6823ddca-807a-4fc4-8d10-dfc598f56cc7">
      <TestCategory>
        <TestCategoryItem TestCategory="Category1000" />
      </TestCategory>
      <Execution id="417eef0a-c511-4722-a842-603771dda9ab" />
      <TestMethod codeBase="C:\Projekty\MSTestProject\bin\Debug\netcoreapp3.1\MSTestProject.dll" adapterTypeName="executor://mstestadapter/v2" className="TwojeWesele.Services.Helpers.Tests.CurrencyHelperTests" name="FormatToStringTest1000" />
    </UnitTest>
    <UnitTest name="FormatToStringTest1000 (3043.6828298227315,3043.68 zł)" storage="c:\projekty\mstestproject\bin\debug\netcoreapp3.1\mstestproject.dll" id="fa6b3a36-e60d-46ee-af43-ce3264b4e46f">
      <TestCategory>
        <TestCategoryItem TestCategory="Category1000" />
      </TestCategory>
      <Execution id="79d597c5-6a95-4088-aa5b-8c13344ef4f7" />
      <TestMethod codeBase="C:\Projekty\MSTestProject\bin\Debug\netcoreapp3.1\MSTestProject.dll" adapterTypeName="executor://mstestadapter/v2" className="TwojeWesele.Services.Helpers.Tests.CurrencyHelperTests" name="FormatToStringTest1000" />
    </UnitTest>
    <UnitTest name="FormatToStringTest1000 (58902.704109088845,58902.70 zł)" storage="c:\projekty\mstestproject\bin\debug\netcoreapp3.1\mstestproject.dll" id="43cb7e9d-3b5c-4ef7-9949-c5c40b586a4c">
      <TestCategory>
        <TestCategoryItem TestCategory="Category1000" />
      </TestCategory>
      <Execution id="d7cffb56-86fe-407c-a3d8-846e018289b4" />
      <TestMethod codeBase="C:\Projekty\MSTestProject\bin\Debug\netcoreapp3.1\MSTestProject.dll" adapterTypeName="executor://mstestadapter/v2" className="TwojeWesele.Services.Helpers.Tests.CurrencyHelperTests" name="FormatToStringTest1000" />
    </UnitTest>
    <UnitTest name="FormatToStringTest1000 (19541.10539777116,19541.11 zł)" storage="c:\projekty\mstestproject\bin\debug\netcoreapp3.1\mstestproject.dll" id="2333b8a2-ae0a-4cc8-99ec-8b5f77afa3dc">
      <TestCategory>
        <TestCategoryItem TestCategory="Category1000" />
      </TestCategory>
      <Execution id="dbacd3ab-f461-4f8f-8e69-05840cac0040" />
      <TestMethod codeBase="C:\Projekty\MSTestProject\bin\Debug\netcoreapp3.1\MSTestProject.dll" adapterTypeName="executor://mstestadapter/v2" className="TwojeWesele.Services.Helpers.Tests.CurrencyHelperTests" name="FormatToStringTest1000" />
    </UnitTest>
    <UnitTest name="FormatToStringTest1000 (5611.05334835176,5611.05 zł)" storage="c:\projekty\mstestproject\bin\debug\netcoreapp3.1\mstestproject.dll" id="f511b242-3056-4b44-bbc1-1cc0198b2f85">
      <TestCategory>
        <TestCategoryItem TestCategory="Category1000" />
      </TestCategory>
      <Execution id="d2a29a38-9869-4c54-b19c-1951d50ab774" />
      <TestMethod codeBase="C:\Projekty\MSTestProject\bin\Debug\netcoreapp3.1\MSTestProject.dll" adapterTypeName="executor://mstestadapter/v2" className="TwojeWesele.Services.Helpers.Tests.CurrencyHelperTests" name="FormatToStringTest1000" />
    </UnitTest>
    <UnitTest name="FormatToStringTest1000 (7669.3855620214645,7669.39 zł)" storage="c:\projekty\mstestproject\bin\debug\netcoreapp3.1\mstestproject.dll" id="8381014c-4bc6-4f64-905c-3f24403515b7">
      <TestCategory>
        <TestCategoryItem TestCategory="Category1000" />
      </TestCategory>
      <Execution id="af37cb3b-0c0c-4d21-9ff1-c9f6cd4ec98e" />
      <TestMethod codeBase="C:\Projekty\MSTestProject\bin\Debug\netcoreapp3.1\MSTestProject.dll" adapterTypeName="executor://mstestadapter/v2" className="TwojeWesele.Services.Helpers.Tests.CurrencyHelperTests" name="FormatToStringTest1000" />
    </UnitTest>
    <UnitTest name="FormatToStringTest1000 (2216.881526520886,2216.88 zł)" storage="c:\projekty\mstestproject\bin\debug\netcoreapp3.1\mstestproject.dll" id="b5c4d60b-6c4e-41d4-b761-9c04d4aab5b3">
      <TestCategory>
        <TestCategoryItem TestCategory="Category1000" />
      </TestCategory>
      <Execution id="17701e10-8073-48e4-ba29-71fe6a2f6d53" />
      <TestMethod codeBase="C:\Projekty\MSTestProject\bin\Debug\netcoreapp3.1\MSTestProject.dll" adapterTypeName="executor://mstestadapter/v2" className="TwojeWesele.Services.Helpers.Tests.CurrencyHelperTests" name="FormatToStringTest1000" />
    </UnitTest>
    <UnitTest name="FormatToStringTest1000 (50413.517583300134,50413.52 zł)" storage="c:\projekty\mstestproject\bin\debug\netcoreapp3.1\mstestproject.dll" id="1ecb12b6-5b0b-4ade-a687-622635e5ab2f">
      <TestCategory>
        <TestCategoryItem TestCategory="Category1000" />
      </TestCategory>
      <Execution id="4dd63435-d1dc-440a-86b1-945228973bc2" />
      <TestMethod codeBase="C:\Projekty\MSTestProject\bin\Debug\netcoreapp3.1\MSTestProject.dll" adapterTypeName="executor://mstestadapter/v2" className="TwojeWesele.Services.Helpers.Tests.CurrencyHelperTests" name="FormatToStringTest1000" />
    </UnitTest>
    <UnitTest name="FormatToStringTest1000 (598.1279707877561,598.13 zł)" storage="c:\projekty\mstestproject\bin\debug\netcoreapp3.1\mstestproject.dll" id="90d5ae96-faf3-4f03-8ba8-4c524d35f043">
      <TestCategory>
        <TestCategoryItem TestCategory="Category1000" />
      </TestCategory>
      <Execution id="e0de64d2-b713-40bf-a7e4-a57b49564da4" />
      <TestMethod codeBase="C:\Projekty\MSTestProject\bin\Debug\netcoreapp3.1\MSTestProject.dll" adapterTypeName="executor://mstestadapter/v2" className="TwojeWesele.Services.Helpers.Tests.CurrencyHelperTests" name="FormatToStringTest1000" />
    </UnitTest>
    <UnitTest name="FormatToStringTest1000 (2897.9775426620513,2897.98 zł)" storage="c:\projekty\mstestproject\bin\debug\netcoreapp3.1\mstestproject.dll" id="22653f95-4d0b-40e7-8ae8-77ac9f32ed91">
      <TestCategory>
        <TestCategoryItem TestCategory="Category1000" />
      </TestCategory>
      <Execution id="8d3977b4-1796-459c-ac32-9aa8e47e52c0" />
      <TestMethod codeBase="C:\Projekty\MSTestProject\bin\Debug\netcoreapp3.1\MSTestProject.dll" adapterTypeName="executor://mstestadapter/v2" className="TwojeWesele.Services.Helpers.Tests.CurrencyHelperTests" name="FormatToStringTest1000" />
    </UnitTest>
    <UnitTest name="FormatToStringTest1000 (1474.699818629166,1474.70 zł)" storage="c:\projekty\mstestproject\bin\debug\netcoreapp3.1\mstestproject.dll" id="0481e0f1-d413-4a6c-ad6c-a26c35f3831f">
      <TestCategory>
        <TestCategoryItem TestCategory="Category1000" />
      </TestCategory>
      <Execution id="fb7bc904-56b3-42e4-b4b2-004f06b3f90c" />
      <TestMethod codeBase="C:\Projekty\MSTestProject\bin\Debug\netcoreapp3.1\MSTestProject.dll" adapterTypeName="executor://mstestadapter/v2" className="TwojeWesele.Services.Helpers.Tests.CurrencyHelperTests" name="FormatToStringTest1000" />
    </UnitTest>
    <UnitTest name="FormatToStringTest1000 (3195.202943510936,3195.20 zł)" storage="c:\projekty\mstestproject\bin\debug\netcoreapp3.1\mstestproject.dll" id="7987320a-448a-43d4-8609-9152f347d176">
      <TestCategory>
        <TestCategoryItem TestCategory="Category1000" />
      </TestCategory>
      <Execution id="370ef190-4363-4dcf-a89e-401b5b2f112d" />
      <TestMethod codeBase="C:\Projekty\MSTestProject\bin\Debug\netcoreapp3.1\MSTestProject.dll" adapterTypeName="executor://mstestadapter/v2" className="TwojeWesele.Services.Helpers.Tests.CurrencyHelperTests" name="FormatToStringTest1000" />
    </UnitTest>
    <UnitTest name="FormatToStringTest1000 (22248.263319677797,22248.26 zł)" storage="c:\projekty\mstestproject\bin\debug\netcoreapp3.1\mstestproject.dll" id="019aad7c-a0b0-4e63-9514-9387f97ae569">
      <TestCategory>
        <TestCategoryItem TestCategory="Category1000" />
      </TestCategory>
      <Execution id="e3fc2629-b85e-44fe-96b7-2031541f3b23" />
      <TestMethod codeBase="C:\Projekty\MSTestProject\bin\Debug\netcoreapp3.1\MSTestProject.dll" adapterTypeName="executor://mstestadapter/v2" className="TwojeWesele.Services.Helpers.Tests.CurrencyHelperTests" name="FormatToStringTest1000" />
    </UnitTest>
    <UnitTest name="FormatToStringTest1000 (13092.45389243609,13092.45 zł)" storage="c:\projekty\mstestproject\bin\debug\netcoreapp3.1\mstestproject.dll" id="4a48f40f-d15d-4d7c-b667-09d1906099ff">
      <TestCategory>
        <TestCategoryItem TestCategory="Category1000" />
      </TestCategory>
      <Execution id="f69b5ecc-e7ec-44ac-811d-4553d0cdc729" />
      <TestMethod codeBase="C:\Projekty\MSTestProject\bin\Debug\netcoreapp3.1\MSTestProject.dll" adapterTypeName="executor://mstestadapter/v2" className="TwojeWesele.Services.Helpers.Tests.CurrencyHelperTests" name="FormatToStringTest1000" />
    </UnitTest>
    <UnitTest name="FormatToStringTest1000 (397.6461894566408,397.65 zł)" storage="c:\projekty\mstestproject\bin\debug\netcoreapp3.1\mstestproject.dll" id="8446219a-ef4f-4fa0-b4c4-505da87a5a92">
      <TestCategory>
        <TestCategoryItem TestCategory="Category1000" />
      </TestCategory>
      <Execution id="2d103d8e-3081-48c4-8b68-062af8dcbf48" />
      <TestMethod codeBase="C:\Projekty\MSTestProject\bin\Debug\netcoreapp3.1\MSTestProject.dll" adapterTypeName="executor://mstestadapter/v2" className="TwojeWesele.Services.Helpers.Tests.CurrencyHelperTests" name="FormatToStringTest1000" />
    </UnitTest>
    <UnitTest name="FormatToStringTest1000 (1952.6955147062872,1952.70 zł)" storage="c:\projekty\mstestproject\bin\debug\netcoreapp3.1\mstestproject.dll" id="ca25a5b2-0a66-4480-9648-e6b90db4f8ce">
      <TestCategory>
        <TestCategoryItem TestCategory="Category1000" />
      </TestCategory>
      <Execution id="a6151e9a-728a-4eeb-918d-b4f9e866abe4" />
      <TestMethod codeBase="C:\Projekty\MSTestProject\bin\Debug\netcoreapp3.1\MSTestProject.dll" adapterTypeName="executor://mstestadapter/v2" className="TwojeWesele.Services.Helpers.Tests.CurrencyHelperTests" name="FormatToStringTest1000" />
    </UnitTest>
    <UnitTest name="FormatToStringTest1000 (22281.48592587257,22281.49 zł)" storage="c:\projekty\mstestproject\bin\debug\netcoreapp3.1\mstestproject.dll" id="f51fa027-881c-454c-a46b-5dcbc0469700">
      <TestCategory>
        <TestCategoryItem TestCategory="Category1000" />
      </TestCategory>
      <Execution id="2c38498e-a3ed-4bfa-b2da-ef9d386fcb42" />
      <TestMethod codeBase="C:\Projekty\MSTestProject\bin\Debug\netcoreapp3.1\MSTestProject.dll" adapterTypeName="executor://mstestadapter/v2" className="TwojeWesele.Services.Helpers.Tests.CurrencyHelperTests" name="FormatToStringTest1000" />
    </UnitTest>
    <UnitTest name="FormatToStringTest1000 (10994.251866986162,10994.25 zł)" storage="c:\projekty\mstestproject\bin\debug\netcoreapp3.1\mstestproject.dll" id="f358cc1e-a6d7-4c74-8eb9-26637ac1d258">
      <TestCategory>
        <TestCategoryItem TestCategory="Category1000" />
      </TestCategory>
      <Execution id="e81142ae-7914-424c-ab75-d5fcf7d78b00" />
      <TestMethod codeBase="C:\Projekty\MSTestProject\bin\Debug\netcoreapp3.1\MSTestProject.dll" adapterTypeName="executor://mstestadapter/v2" className="TwojeWesele.Services.Helpers.Tests.CurrencyHelperTests" name="FormatToStringTest1000" />
    </UnitTest>
    <UnitTest name="FormatToStringTest1000 (59283.7670322637,59283.77 zł)" storage="c:\projekty\mstestproject\bin\debug\netcoreapp3.1\mstestproject.dll" id="6d047ee3-6700-41f7-a03e-c473ab2b85da">
      <TestCategory>
        <TestCategoryItem TestCategory="Category1000" />
      </TestCategory>
      <Execution id="bbece876-6528-44a3-b83e-3fb19b26355f" />
      <TestMethod codeBase="C:\Projekty\MSTestProject\bin\Debug\netcoreapp3.1\MSTestProject.dll" adapterTypeName="executor://mstestadapter/v2" className="TwojeWesele.Services.Helpers.Tests.CurrencyHelperTests" name="FormatToStringTest1000" />
    </UnitTest>
    <UnitTest name="FormatToStringTest1000 (1751.1734380625066,1751.17 zł)" storage="c:\projekty\mstestproject\bin\debug\netcoreapp3.1\mstestproject.dll" id="582919e7-e3a6-47a9-bc86-f7d7246b8f0c">
      <TestCategory>
        <TestCategoryItem TestCategory="Category1000" />
      </TestCategory>
      <Execution id="d49d2888-1c14-48aa-aae0-7e275bab1e98" />
      <TestMethod codeBase="C:\Projekty\MSTestProject\bin\Debug\netcoreapp3.1\MSTestProject.dll" adapterTypeName="executor://mstestadapter/v2" className="TwojeWesele.Services.Helpers.Tests.CurrencyHelperTests" name="FormatToStringTest1000" />
    </UnitTest>
    <UnitTest name="FormatToStringTest1000 (41915.7945284563,41915.79 zł)" storage="c:\projekty\mstestproject\bin\debug\netcoreapp3.1\mstestproject.dll" id="17f75581-381a-41b7-a162-557b56d0165a">
      <TestCategory>
        <TestCategoryItem TestCategory="Category1000" />
      </TestCategory>
      <Execution id="35b69dc7-917e-4c91-b82e-155efa154db1" />
      <TestMethod codeBase="C:\Projekty\MSTestProject\bin\Debug\netcoreapp3.1\MSTestProject.dll" adapterTypeName="executor://mstestadapter/v2" className="TwojeWesele.Services.Helpers.Tests.CurrencyHelperTests" name="FormatToStringTest1000" />
    </UnitTest>
    <UnitTest name="FormatToStringTest1000 (5507.360659962688,5507.36 zł)" storage="c:\projekty\mstestproject\bin\debug\netcoreapp3.1\mstestproject.dll" id="a29d95d1-7382-4177-9eb5-0ca9d1a25e07">
      <TestCategory>
        <TestCategoryItem TestCategory="Category1000" />
      </TestCategory>
      <Execution id="b8962a3d-6f83-428b-980b-94e36ccb76ff" />
      <TestMethod codeBase="C:\Projekty\MSTestProject\bin\Debug\netcoreapp3.1\MSTestProject.dll" adapterTypeName="executor://mstestadapter/v2" className="TwojeWesele.Services.Helpers.Tests.CurrencyHelperTests" name="FormatToStringTest1000" />
    </UnitTest>
    <UnitTest name="FormatToStringTest1000 (2444.4726240530017,2444.47 zł)" storage="c:\projekty\mstestproject\bin\debug\netcoreapp3.1\mstestproject.dll" id="38545c23-9ce9-40f0-bf12-911d28598e6d">
      <TestCategory>
        <TestCategoryItem TestCategory="Category1000" />
      </TestCategory>
      <Execution id="609085e4-9139-4a83-a1cd-36f5eb8aacad" />
      <TestMethod codeBase="C:\Projekty\MSTestProject\bin\Debug\netcoreapp3.1\MSTestProject.dll" adapterTypeName="executor://mstestadapter/v2" className="TwojeWesele.Services.Helpers.Tests.CurrencyHelperTests" name="FormatToStringTest1000" />
    </UnitTest>
    <UnitTest name="FormatToStringTest1000 (20527.270339210645,20527.27 zł)" storage="c:\projekty\mstestproject\bin\debug\netcoreapp3.1\mstestproject.dll" id="ce43e5a4-6536-4e8a-b335-c60024dbf397">
      <TestCategory>
        <TestCategoryItem TestCategory="Category1000" />
      </TestCategory>
      <Execution id="a1f5c120-6e0f-494d-8d01-1bbf0ed808cc" />
      <TestMethod codeBase="C:\Projekty\MSTestProject\bin\Debug\netcoreapp3.1\MSTestProject.dll" adapterTypeName="executor://mstestadapter/v2" className="TwojeWesele.Services.Helpers.Tests.CurrencyHelperTests" name="FormatToStringTest1000" />
    </UnitTest>
    <UnitTest name="FormatToStringTest1000 (2115.5076919884923,2115.51 zł)" storage="c:\projekty\mstestproject\bin\debug\netcoreapp3.1\mstestproject.dll" id="a8440bc0-13fe-4c46-a2a3-7a3699e7edf8">
      <TestCategory>
        <TestCategoryItem TestCategory="Category1000" />
      </TestCategory>
      <Execution id="928713e8-feee-4fec-95cc-6656359ed29c" />
      <TestMethod codeBase="C:\Projekty\MSTestProject\bin\Debug\netcoreapp3.1\MSTestProject.dll" adapterTypeName="executor://mstestadapter/v2" className="TwojeWesele.Services.Helpers.Tests.CurrencyHelperTests" name="FormatToStringTest1000" />
    </UnitTest>
    <UnitTest name="FormatToStringTest1000 (11944.74385168531,11944.74 zł)" storage="c:\projekty\mstestproject\bin\debug\netcoreapp3.1\mstestproject.dll" id="84661303-3051-4d58-974c-db6638671fea">
      <TestCategory>
        <TestCategoryItem TestCategory="Category1000" />
      </TestCategory>
      <Execution id="1861963c-26b0-47d5-9159-377b7ec1c099" />
      <TestMethod codeBase="C:\Projekty\MSTestProject\bin\Debug\netcoreapp3.1\MSTestProject.dll" adapterTypeName="executor://mstestadapter/v2" className="TwojeWesele.Services.Helpers.Tests.CurrencyHelperTests" name="FormatToStringTest1000" />
    </UnitTest>
    <UnitTest name="FormatToStringTest1000 (9503.466049463705,9503.47 zł)" storage="c:\projekty\mstestproject\bin\debug\netcoreapp3.1\mstestproject.dll" id="9692af43-c264-4049-a6be-bb2e3c31ec5e">
      <TestCategory>
        <TestCategoryItem TestCategory="Category1000" />
      </TestCategory>
      <Execution id="4604fce6-abce-436c-83b9-860bf6954cc4" />
      <TestMethod codeBase="C:\Projekty\MSTestProject\bin\Debug\netcoreapp3.1\MSTestProject.dll" adapterTypeName="executor://mstestadapter/v2" className="TwojeWesele.Services.Helpers.Tests.CurrencyHelperTests" name="FormatToStringTest1000" />
    </UnitTest>
    <UnitTest name="FormatToStringTest1000 (5840.747097845071,5840.75 zł)" storage="c:\projekty\mstestproject\bin\debug\netcoreapp3.1\mstestproject.dll" id="fc7890c6-1a43-485b-b766-4d54ad4be69f">
      <TestCategory>
        <TestCategoryItem TestCategory="Category1000" />
      </TestCategory>
      <Execution id="fcc744d1-2849-4d3f-9522-11762fa12d76" />
      <TestMethod codeBase="C:\Projekty\MSTestProject\bin\Debug\netcoreapp3.1\MSTestProject.dll" adapterTypeName="executor://mstestadapter/v2" className="TwojeWesele.Services.Helpers.Tests.CurrencyHelperTests" name="FormatToStringTest1000" />
    </UnitTest>
    <UnitTest name="FormatToStringTest1000 (1130.8119115372242,1130.81 zł)" storage="c:\projekty\mstestproject\bin\debug\netcoreapp3.1\mstestproject.dll" id="c3711e45-f404-4040-ad80-550f51ff35c1">
      <TestCategory>
        <TestCategoryItem TestCategory="Category1000" />
      </TestCategory>
      <Execution id="4ee88153-6db9-4f88-8434-50ea0630f313" />
      <TestMethod codeBase="C:\Projekty\MSTestProject\bin\Debug\netcoreapp3.1\MSTestProject.dll" adapterTypeName="executor://mstestadapter/v2" className="TwojeWesele.Services.Helpers.Tests.CurrencyHelperTests" name="FormatToStringTest1000" />
    </UnitTest>
    <UnitTest name="FormatToStringTest1000 (18032.4720825476,18032.47 zł)" storage="c:\projekty\mstestproject\bin\debug\netcoreapp3.1\mstestproject.dll" id="46c6c292-432b-4a02-bb1a-75e6bc614dad">
      <TestCategory>
        <TestCategoryItem TestCategory="Category1000" />
      </TestCategory>
      <Execution id="828221e2-1cf5-4c6d-a6b7-5bcc5e5fde91" />
      <TestMethod codeBase="C:\Projekty\MSTestProject\bin\Debug\netcoreapp3.1\MSTestProject.dll" adapterTypeName="executor://mstestadapter/v2" className="TwojeWesele.Services.Helpers.Tests.CurrencyHelperTests" name="FormatToStringTest1000" />
    </UnitTest>
    <UnitTest name="FormatToStringTest1000 (6417.5922460628635,6417.59 zł)" storage="c:\projekty\mstestproject\bin\debug\netcoreapp3.1\mstestproject.dll" id="b6394fd5-b851-4d4b-baa2-440bee6f3689">
      <TestCategory>
        <TestCategoryItem TestCategory="Category1000" />
      </TestCategory>
      <Execution id="31c6bf6f-474f-4100-af80-653fb1ebcc4a" />
      <TestMethod codeBase="C:\Projekty\MSTestProject\bin\Debug\netcoreapp3.1\MSTestProject.dll" adapterTypeName="executor://mstestadapter/v2" className="TwojeWesele.Services.Helpers.Tests.CurrencyHelperTests" name="FormatToStringTest1000" />
    </UnitTest>
    <UnitTest name="FormatToStringTest1000 (45887.58415794167,45887.58 zł)" storage="c:\projekty\mstestproject\bin\debug\netcoreapp3.1\mstestproject.dll" id="bd523143-fdb0-47e5-a787-16b0eada86f6">
      <TestCategory>
        <TestCategoryItem TestCategory="Category1000" />
      </TestCategory>
      <Execution id="4cd77361-c968-4749-9d1c-3a7a2a8f68d7" />
      <TestMethod codeBase="C:\Projekty\MSTestProject\bin\Debug\netcoreapp3.1\MSTestProject.dll" adapterTypeName="executor://mstestadapter/v2" className="TwojeWesele.Services.Helpers.Tests.CurrencyHelperTests" name="FormatToStringTest1000" />
    </UnitTest>
    <UnitTest name="FormatToStringTest1000 (27893.312729890138,27893.31 zł)" storage="c:\projekty\mstestproject\bin\debug\netcoreapp3.1\mstestproject.dll" id="9efbb303-09ac-45e5-82e7-51398175646c">
      <TestCategory>
        <TestCategoryItem TestCategory="Category1000" />
      </TestCategory>
      <Execution id="1c7927ac-c769-44b8-aa55-141c51045380" />
      <TestMethod codeBase="C:\Projekty\MSTestProject\bin\Debug\netcoreapp3.1\MSTestProject.dll" adapterTypeName="executor://mstestadapter/v2" className="TwojeWesele.Services.Helpers.Tests.CurrencyHelperTests" name="FormatToStringTest1000" />
    </UnitTest>
    <UnitTest name="FormatToStringTest1000 (82228.32322510486,82228.32 zł)" storage="c:\projekty\mstestproject\bin\debug\netcoreapp3.1\mstestproject.dll" id="5131e9d3-98aa-4d96-997e-19c7f75f44dc">
      <TestCategory>
        <TestCategoryItem TestCategory="Category1000" />
      </TestCategory>
      <Execution id="d7308a86-abe6-49f0-838e-c0e97f5806a7" />
      <TestMethod codeBase="C:\Projekty\MSTestProject\bin\Debug\netcoreapp3.1\MSTestProject.dll" adapterTypeName="executor://mstestadapter/v2" className="TwojeWesele.Services.Helpers.Tests.CurrencyHelperTests" name="FormatToStringTest1000" />
    </UnitTest>
    <UnitTest name="FormatToStringTest1000 (16383.352881839199,16383.35 zł)" storage="c:\projekty\mstestproject\bin\debug\netcoreapp3.1\mstestproject.dll" id="a6988c8f-c68f-4c76-9f7f-99465b0e482b">
      <TestCategory>
        <TestCategoryItem TestCategory="Category1000" />
      </TestCategory>
      <Execution id="dc1c4b30-f783-4ba7-acc6-79057c7acbb0" />
      <TestMethod codeBase="C:\Projekty\MSTestProject\bin\Debug\netcoreapp3.1\MSTestProject.dll" adapterTypeName="executor://mstestadapter/v2" className="TwojeWesele.Services.Helpers.Tests.CurrencyHelperTests" name="FormatToStringTest1000" />
    </UnitTest>
    <UnitTest name="FormatToStringTest1000 (58111.21259843521,58111.21 zł)" storage="c:\projekty\mstestproject\bin\debug\netcoreapp3.1\mstestproject.dll" id="514af78a-df6a-40c4-8e4d-64844e182495">
      <TestCategory>
        <TestCategoryItem TestCategory="Category1000" />
      </TestCategory>
      <Execution id="bc4899c5-173c-4579-b769-6c78a323da9a" />
      <TestMethod codeBase="C:\Projekty\MSTestProject\bin\Debug\netcoreapp3.1\MSTestProject.dll" adapterTypeName="executor://mstestadapter/v2" className="TwojeWesele.Services.Helpers.Tests.CurrencyHelperTests" name="FormatToStringTest1000" />
    </UnitTest>
    <UnitTest name="FormatToStringTest1000 (12528.413830086782,12528.41 zł)" storage="c:\projekty\mstestproject\bin\debug\netcoreapp3.1\mstestproject.dll" id="9588e1ca-777b-4f28-b029-b7e0bcf7d820">
      <TestCategory>
        <TestCategoryItem TestCategory="Category1000" />
      </TestCategory>
      <Execution id="c2888f60-ba79-4b97-9ada-dd6b5b1110a3" />
      <TestMethod codeBase="C:\Projekty\MSTestProject\bin\Debug\netcoreapp3.1\MSTestProject.dll" adapterTypeName="executor://mstestadapter/v2" className="TwojeWesele.Services.Helpers.Tests.CurrencyHelperTests" name="FormatToStringTest1000" />
    </UnitTest>
    <UnitTest name="FormatToStringTest1000 (84686.32148464039,84686.32 zł)" storage="c:\projekty\mstestproject\bin\debug\netcoreapp3.1\mstestproject.dll" id="594ff289-6611-45ca-8455-8c7c75575c70">
      <TestCategory>
        <TestCategoryItem TestCategory="Category1000" />
      </TestCategory>
      <Execution id="4d410010-3dab-4d5a-a2b6-a31abc1e4cab" />
      <TestMethod codeBase="C:\Projekty\MSTestProject\bin\Debug\netcoreapp3.1\MSTestProject.dll" adapterTypeName="executor://mstestadapter/v2" className="TwojeWesele.Services.Helpers.Tests.CurrencyHelperTests" name="FormatToStringTest1000" />
    </UnitTest>
    <UnitTest name="FormatToStringTest1000 (13402.882692040355,13402.88 zł)" storage="c:\projekty\mstestproject\bin\debug\netcoreapp3.1\mstestproject.dll" id="4f8a8534-2c27-4b2c-98be-473b55824a55">
      <TestCategory>
        <TestCategoryItem TestCategory="Category1000" />
      </TestCategory>
      <Execution id="27477281-1b96-4693-97c2-eb24c44a177e" />
      <TestMethod codeBase="C:\Projekty\MSTestProject\bin\Debug\netcoreapp3.1\MSTestProject.dll" adapterTypeName="executor://mstestadapter/v2" className="TwojeWesele.Services.Helpers.Tests.CurrencyHelperTests" name="FormatToStringTest1000" />
    </UnitTest>
    <UnitTest name="FormatToStringTest1000 (1687.5965557361937,1687.60 zł)" storage="c:\projekty\mstestproject\bin\debug\netcoreapp3.1\mstestproject.dll" id="acab0aa1-dc14-497e-9c57-3ad393974ffc">
      <TestCategory>
        <TestCategoryItem TestCategory="Category1000" />
      </TestCategory>
      <Execution id="1150c762-17e1-416b-a71a-44919cb0f26a" />
      <TestMethod codeBase="C:\Projekty\MSTestProject\bin\Debug\netcoreapp3.1\MSTestProject.dll" adapterTypeName="executor://mstestadapter/v2" className="TwojeWesele.Services.Helpers.Tests.CurrencyHelperTests" name="FormatToStringTest1000" />
    </UnitTest>
    <UnitTest name="FormatToStringTest1000 (26858.35647848731,26858.36 zł)" storage="c:\projekty\mstestproject\bin\debug\netcoreapp3.1\mstestproject.dll" id="11047c53-2d5f-406e-8142-c44ec8343f70">
      <TestCategory>
        <TestCategoryItem TestCategory="Category1000" />
      </TestCategory>
      <Execution id="c313a3d4-0a5d-4a34-addc-81bebf2cf3d0" />
      <TestMethod codeBase="C:\Projekty\MSTestProject\bin\Debug\netcoreapp3.1\MSTestProject.dll" adapterTypeName="executor://mstestadapter/v2" className="TwojeWesele.Services.Helpers.Tests.CurrencyHelperTests" name="FormatToStringTest1000" />
    </UnitTest>
    <UnitTest name="FormatToStringTest1000 (48654.65723134794,48654.66 zł)" storage="c:\projekty\mstestproject\bin\debug\netcoreapp3.1\mstestproject.dll" id="aedce594-8750-4812-8182-afdf7bb08fd6">
      <TestCategory>
        <TestCategoryItem TestCategory="Category1000" />
      </TestCategory>
      <Execution id="fea62685-5938-4d16-be58-a76cb1429914" />
      <TestMethod codeBase="C:\Projekty\MSTestProject\bin\Debug\netcoreapp3.1\MSTestProject.dll" adapterTypeName="executor://mstestadapter/v2" className="TwojeWesele.Services.Helpers.Tests.CurrencyHelperTests" name="FormatToStringTest1000" />
    </UnitTest>
    <UnitTest name="FormatToStringTest1000 (13574.683315038068,13574.68 zł)" storage="c:\projekty\mstestproject\bin\debug\netcoreapp3.1\mstestproject.dll" id="fa897d70-c671-44d0-9b0f-7dff0e43c4ae">
      <TestCategory>
        <TestCategoryItem TestCategory="Category1000" />
      </TestCategory>
      <Execution id="f45b9ee8-7d72-44cd-ad83-8674d83c1f7e" />
      <TestMethod codeBase="C:\Projekty\MSTestProject\bin\Debug\netcoreapp3.1\MSTestProject.dll" adapterTypeName="executor://mstestadapter/v2" className="TwojeWesele.Services.Helpers.Tests.CurrencyHelperTests" name="FormatToStringTest1000" />
    </UnitTest>
    <UnitTest name="FormatToStringTest1000 (25272.05048361283,25272.05 zł)" storage="c:\projekty\mstestproject\bin\debug\netcoreapp3.1\mstestproject.dll" id="47291e8d-3682-48b1-8274-952bef13a9fb">
      <TestCategory>
        <TestCategoryItem TestCategory="Category1000" />
      </TestCategory>
      <Execution id="27f0b374-0f3c-4cfd-9d67-15325a5aab9d" />
      <TestMethod codeBase="C:\Projekty\MSTestProject\bin\Debug\netcoreapp3.1\MSTestProject.dll" adapterTypeName="executor://mstestadapter/v2" className="TwojeWesele.Services.Helpers.Tests.CurrencyHelperTests" name="FormatToStringTest1000" />
    </UnitTest>
    <UnitTest name="FormatToStringTest1000 (7348.947429818543,7348.95 zł)" storage="c:\projekty\mstestproject\bin\debug\netcoreapp3.1\mstestproject.dll" id="b5ea756e-4db6-4941-b9aa-f9b81cf0b07a">
      <TestCategory>
        <TestCategoryItem TestCategory="Category1000" />
      </TestCategory>
      <Execution id="d566af30-1f73-426c-80f2-473d321ce2fe" />
      <TestMethod codeBase="C:\Projekty\MSTestProject\bin\Debug\netcoreapp3.1\MSTestProject.dll" adapterTypeName="executor://mstestadapter/v2" className="TwojeWesele.Services.Helpers.Tests.CurrencyHelperTests" name="FormatToStringTest1000" />
    </UnitTest>
    <UnitTest name="FormatToStringTest1000 (18023.78504577455,18023.79 zł)" storage="c:\projekty\mstestproject\bin\debug\netcoreapp3.1\mstestproject.dll" id="20b71423-30fa-4c4c-9b33-54bec2b4e6bc">
      <TestCategory>
        <TestCategoryItem TestCategory="Category1000" />
      </TestCategory>
      <Execution id="6e4bb086-8c24-45a9-a09e-15a5a86ffc51" />
      <TestMethod codeBase="C:\Projekty\MSTestProject\bin\Debug\netcoreapp3.1\MSTestProject.dll" adapterTypeName="executor://mstestadapter/v2" className="TwojeWesele.Services.Helpers.Tests.CurrencyHelperTests" name="FormatToStringTest1000" />
    </UnitTest>
    <UnitTest name="FormatToStringTest1000 (5978.1197194131655,5978.12 zł)" storage="c:\projekty\mstestproject\bin\debug\netcoreapp3.1\mstestproject.dll" id="ecad4145-f63c-48ff-a651-8cea7d8fd7b1">
      <TestCategory>
        <TestCategoryItem TestCategory="Category1000" />
      </TestCategory>
      <Execution id="ac33537a-3e96-417b-8de3-085c1d2bbb7b" />
      <TestMethod codeBase="C:\Projekty\MSTestProject\bin\Debug\netcoreapp3.1\MSTestProject.dll" adapterTypeName="executor://mstestadapter/v2" className="TwojeWesele.Services.Helpers.Tests.CurrencyHelperTests" name="FormatToStringTest1000" />
    </UnitTest>
    <UnitTest name="FormatToStringTest1000 (7813.027778348433,7813.03 zł)" storage="c:\projekty\mstestproject\bin\debug\netcoreapp3.1\mstestproject.dll" id="a0780a9f-50c2-4935-b3a6-89b182c2027b">
      <TestCategory>
        <TestCategoryItem TestCategory="Category1000" />
      </TestCategory>
      <Execution id="3eb2a493-02db-4a96-b048-e8fe7feccd42" />
      <TestMethod codeBase="C:\Projekty\MSTestProject\bin\Debug\netcoreapp3.1\MSTestProject.dll" adapterTypeName="executor://mstestadapter/v2" className="TwojeWesele.Services.Helpers.Tests.CurrencyHelperTests" name="FormatToStringTest1000" />
    </UnitTest>
    <UnitTest name="FormatToStringTest1000 (40545.70748620001,40545.71 zł)" storage="c:\projekty\mstestproject\bin\debug\netcoreapp3.1\mstestproject.dll" id="d267ea4d-7cc7-44bb-b415-f620cece65d0">
      <TestCategory>
        <TestCategoryItem TestCategory="Category1000" />
      </TestCategory>
      <Execution id="f30bd096-b9cd-4ee0-b458-4c8192e49f8b" />
      <TestMethod codeBase="C:\Projekty\MSTestProject\bin\Debug\netcoreapp3.1\MSTestProject.dll" adapterTypeName="executor://mstestadapter/v2" className="TwojeWesele.Services.Helpers.Tests.CurrencyHelperTests" name="FormatToStringTest1000" />
    </UnitTest>
    <UnitTest name="FormatToStringTest1000 (37889.10086727193,37889.10 zł)" storage="c:\projekty\mstestproject\bin\debug\netcoreapp3.1\mstestproject.dll" id="21f69148-435b-4e96-87e6-8bf2ecfd9745">
      <TestCategory>
        <TestCategoryItem TestCategory="Category1000" />
      </TestCategory>
      <Execution id="4ad45a91-b4da-40d1-85df-648c2591e2e5" />
      <TestMethod codeBase="C:\Projekty\MSTestProject\bin\Debug\netcoreapp3.1\MSTestProject.dll" adapterTypeName="executor://mstestadapter/v2" className="TwojeWesele.Services.Helpers.Tests.CurrencyHelperTests" name="FormatToStringTest1000" />
    </UnitTest>
    <UnitTest name="FormatToStringTest1000 (67380.07704875062,67380.08 zł)" storage="c:\projekty\mstestproject\bin\debug\netcoreapp3.1\mstestproject.dll" id="a070ab81-e086-4b8d-9797-c6595e5b715f">
      <TestCategory>
        <TestCategoryItem TestCategory="Category1000" />
      </TestCategory>
      <Execution id="7f25c80e-82b9-439f-972c-946e818e12b8" />
      <TestMethod codeBase="C:\Projekty\MSTestProject\bin\Debug\netcoreapp3.1\MSTestProject.dll" adapterTypeName="executor://mstestadapter/v2" className="TwojeWesele.Services.Helpers.Tests.CurrencyHelperTests" name="FormatToStringTest1000" />
    </UnitTest>
    <UnitTest name="FormatToStringTest1000 (40241.790964380736,40241.79 zł)" storage="c:\projekty\mstestproject\bin\debug\netcoreapp3.1\mstestproject.dll" id="25fddcc9-f9dc-4ffc-bb88-7f58e8036d13">
      <TestCategory>
        <TestCategoryItem TestCategory="Category1000" />
      </TestCategory>
      <Execution id="e301f146-f01a-49bc-978b-8f9a5732a1a8" />
      <TestMethod codeBase="C:\Projekty\MSTestProject\bin\Debug\netcoreapp3.1\MSTestProject.dll" adapterTypeName="executor://mstestadapter/v2" className="TwojeWesele.Services.Helpers.Tests.CurrencyHelperTests" name="FormatToStringTest1000" />
    </UnitTest>
    <UnitTest name="FormatToStringTest1000 (12091.219941106729,12091.22 zł)" storage="c:\projekty\mstestproject\bin\debug\netcoreapp3.1\mstestproject.dll" id="0d335625-a347-4c19-8c7f-6cb1bdbb8d69">
      <TestCategory>
        <TestCategoryItem TestCategory="Category1000" />
      </TestCategory>
      <Execution id="318e268b-1c9d-46d9-a454-d689e7b10072" />
      <TestMethod codeBase="C:\Projekty\MSTestProject\bin\Debug\netcoreapp3.1\MSTestProject.dll" adapterTypeName="executor://mstestadapter/v2" className="TwojeWesele.Services.Helpers.Tests.CurrencyHelperTests" name="FormatToStringTest1000" />
    </UnitTest>
    <UnitTest name="FormatToStringTest1000 (50644.690874327294,50644.69 zł)" storage="c:\projekty\mstestproject\bin\debug\netcoreapp3.1\mstestproject.dll" id="06f5a5c3-8278-40f2-ad76-406e574180c0">
      <TestCategory>
        <TestCategoryItem TestCategory="Category1000" />
      </TestCategory>
      <Execution id="c366eca1-ffeb-42e3-81a0-f3a9e1d26e56" />
      <TestMethod codeBase="C:\Projekty\MSTestProject\bin\Debug\netcoreapp3.1\MSTestProject.dll" adapterTypeName="executor://mstestadapter/v2" className="TwojeWesele.Services.Helpers.Tests.CurrencyHelperTests" name="FormatToStringTest1000" />
    </UnitTest>
    <UnitTest name="FormatToStringTest1000 (79973.08417819678,79973.08 zł)" storage="c:\projekty\mstestproject\bin\debug\netcoreapp3.1\mstestproject.dll" id="bcd888b5-5333-4e53-8695-d08be7bbbf9e">
      <TestCategory>
        <TestCategoryItem TestCategory="Category1000" />
      </TestCategory>
      <Execution id="d6e8295f-7a99-42c1-ba94-d01f5a798905" />
      <TestMethod codeBase="C:\Projekty\MSTestProject\bin\Debug\netcoreapp3.1\MSTestProject.dll" adapterTypeName="executor://mstestadapter/v2" className="TwojeWesele.Services.Helpers.Tests.CurrencyHelperTests" name="FormatToStringTest1000" />
    </UnitTest>
    <UnitTest name="FormatToStringTest1000 (1011.9989482094529,1012.00 zł)" storage="c:\projekty\mstestproject\bin\debug\netcoreapp3.1\mstestproject.dll" id="1b051a6a-0f41-4ee8-9cc1-47076396c61b">
      <TestCategory>
        <TestCategoryItem TestCategory="Category1000" />
      </TestCategory>
      <Execution id="02320bdf-691f-4dea-bdcd-2da64361e311" />
      <TestMethod codeBase="C:\Projekty\MSTestProject\bin\Debug\netcoreapp3.1\MSTestProject.dll" adapterTypeName="executor://mstestadapter/v2" className="TwojeWesele.Services.Helpers.Tests.CurrencyHelperTests" name="FormatToStringTest1000" />
    </UnitTest>
    <UnitTest name="FormatToStringTest1000 (41876.979471482795,41876.98 zł)" storage="c:\projekty\mstestproject\bin\debug\netcoreapp3.1\mstestproject.dll" id="b1f0ef53-c387-4eeb-8065-ec7e3c759cb8">
      <TestCategory>
        <TestCategoryItem TestCategory="Category1000" />
      </TestCategory>
      <Execution id="3cfff85d-e990-4f10-ade1-79369e80e615" />
      <TestMethod codeBase="C:\Projekty\MSTestProject\bin\Debug\netcoreapp3.1\MSTestProject.dll" adapterTypeName="executor://mstestadapter/v2" className="TwojeWesele.Services.Helpers.Tests.CurrencyHelperTests" name="FormatToStringTest1000" />
    </UnitTest>
    <UnitTest name="FormatToStringTest1000 (16825.83099003268,16825.83 zł)" storage="c:\projekty\mstestproject\bin\debug\netcoreapp3.1\mstestproject.dll" id="f37f7e03-21a8-4b1b-9ea8-30fb506b234d">
      <TestCategory>
        <TestCategoryItem TestCategory="Category1000" />
      </TestCategory>
      <Execution id="29317041-1e17-43a8-ace2-c5cad7bcf3e8" />
      <TestMethod codeBase="C:\Projekty\MSTestProject\bin\Debug\netcoreapp3.1\MSTestProject.dll" adapterTypeName="executor://mstestadapter/v2" className="TwojeWesele.Services.Helpers.Tests.CurrencyHelperTests" name="FormatToStringTest1000" />
    </UnitTest>
    <UnitTest name="FormatToStringTest1000 (43858.624379632354,43858.62 zł)" storage="c:\projekty\mstestproject\bin\debug\netcoreapp3.1\mstestproject.dll" id="bb56d14d-87df-435e-afb1-7d0f9f0fe4de">
      <TestCategory>
        <TestCategoryItem TestCategory="Category1000" />
      </TestCategory>
      <Execution id="43ffa4e6-0c79-4b9d-82a9-ef2c7682d599" />
      <TestMethod codeBase="C:\Projekty\MSTestProject\bin\Debug\netcoreapp3.1\MSTestProject.dll" adapterTypeName="executor://mstestadapter/v2" className="TwojeWesele.Services.Helpers.Tests.CurrencyHelperTests" name="FormatToStringTest1000" />
    </UnitTest>
    <UnitTest name="FormatToStringTest1000 (54275.73209373408,54275.73 zł)" storage="c:\projekty\mstestproject\bin\debug\netcoreapp3.1\mstestproject.dll" id="8492e287-3931-4c09-ad31-e41c0cdace35">
      <TestCategory>
        <TestCategoryItem TestCategory="Category1000" />
      </TestCategory>
      <Execution id="0e36e56b-f36d-41e9-b86c-c59dbc6f0e2a" />
      <TestMethod codeBase="C:\Projekty\MSTestProject\bin\Debug\netcoreapp3.1\MSTestProject.dll" adapterTypeName="executor://mstestadapter/v2" className="TwojeWesele.Services.Helpers.Tests.CurrencyHelperTests" name="FormatToStringTest1000" />
    </UnitTest>
    <UnitTest name="FormatToStringTest1000 (17845.255864087147,17845.26 zł)" storage="c:\projekty\mstestproject\bin\debug\netcoreapp3.1\mstestproject.dll" id="394bd084-16d1-493b-9849-888f740ba3f9">
      <TestCategory>
        <TestCategoryItem TestCategory="Category1000" />
      </TestCategory>
      <Execution id="2a906ddc-85d9-44c8-81a6-61468abf3018" />
      <TestMethod codeBase="C:\Projekty\MSTestProject\bin\Debug\netcoreapp3.1\MSTestProject.dll" adapterTypeName="executor://mstestadapter/v2" className="TwojeWesele.Services.Helpers.Tests.CurrencyHelperTests" name="FormatToStringTest1000" />
    </UnitTest>
    <UnitTest name="FormatToStringTest1000 (24476.442216712254,24476.44 zł)" storage="c:\projekty\mstestproject\bin\debug\netcoreapp3.1\mstestproject.dll" id="729805ab-b3fc-4360-8cf9-4982f9bbb01f">
      <TestCategory>
        <TestCategoryItem TestCategory="Category1000" />
      </TestCategory>
      <Execution id="3fe32899-f64c-411b-a905-9dcb3d3d75f4" />
      <TestMethod codeBase="C:\Projekty\MSTestProject\bin\Debug\netcoreapp3.1\MSTestProject.dll" adapterTypeName="executor://mstestadapter/v2" className="TwojeWesele.Services.Helpers.Tests.CurrencyHelperTests" name="FormatToStringTest1000" />
    </UnitTest>
    <UnitTest name="FormatToStringTest1000 (85407.13428016152,85407.13 zł)" storage="c:\projekty\mstestproject\bin\debug\netcoreapp3.1\mstestproject.dll" id="3b3dde72-7ee4-437d-8b2a-0d693771a984">
      <TestCategory>
        <TestCategoryItem TestCategory="Category1000" />
      </TestCategory>
      <Execution id="1fb9ddab-18ae-4a2e-ad99-4535762161f7" />
      <TestMethod codeBase="C:\Projekty\MSTestProject\bin\Debug\netcoreapp3.1\MSTestProject.dll" adapterTypeName="executor://mstestadapter/v2" className="TwojeWesele.Services.Helpers.Tests.CurrencyHelperTests" name="FormatToStringTest1000" />
    </UnitTest>
    <UnitTest name="FormatToStringTest1000 (4823.904478896365,4823.90 zł)" storage="c:\projekty\mstestproject\bin\debug\netcoreapp3.1\mstestproject.dll" id="ff4640a8-9566-40b5-883f-b5328b7b0a93">
      <TestCategory>
        <TestCategoryItem TestCategory="Category1000" />
      </TestCategory>
      <Execution id="5c69771f-343d-4acc-abd1-aee25ef5c5e6" />
      <TestMethod codeBase="C:\Projekty\MSTestProject\bin\Debug\netcoreapp3.1\MSTestProject.dll" adapterTypeName="executor://mstestadapter/v2" className="TwojeWesele.Services.Helpers.Tests.CurrencyHelperTests" name="FormatToStringTest1000" />
    </UnitTest>
    <UnitTest name="FormatToStringTest1000 (31391.358864880804,31391.36 zł)" storage="c:\projekty\mstestproject\bin\debug\netcoreapp3.1\mstestproject.dll" id="4ea3a598-ccea-4efd-a761-a49ff1c12fa2">
      <TestCategory>
        <TestCategoryItem TestCategory="Category1000" />
      </TestCategory>
      <Execution id="64354dea-1c2a-435f-9027-21234184be7a" />
      <TestMethod codeBase="C:\Projekty\MSTestProject\bin\Debug\netcoreapp3.1\MSTestProject.dll" adapterTypeName="executor://mstestadapter/v2" className="TwojeWesele.Services.Helpers.Tests.CurrencyHelperTests" name="FormatToStringTest1000" />
    </UnitTest>
    <UnitTest name="FormatToStringTest1000 (7671.0039663785155,7671.00 zł)" storage="c:\projekty\mstestproject\bin\debug\netcoreapp3.1\mstestproject.dll" id="f4f03abb-1caf-4280-8848-1029693889ab">
      <TestCategory>
        <TestCategoryItem TestCategory="Category1000" />
      </TestCategory>
      <Execution id="ffdb5037-fd3e-4564-96a9-6fbe247960b3" />
      <TestMethod codeBase="C:\Projekty\MSTestProject\bin\Debug\netcoreapp3.1\MSTestProject.dll" adapterTypeName="executor://mstestadapter/v2" className="TwojeWesele.Services.Helpers.Tests.CurrencyHelperTests" name="FormatToStringTest1000" />
    </UnitTest>
    <UnitTest name="FormatToStringTest1000 (9928.477822322622,9928.48 zł)" storage="c:\projekty\mstestproject\bin\debug\netcoreapp3.1\mstestproject.dll" id="2976ce44-f653-4b17-b847-f9be4aaf5388">
      <TestCategory>
        <TestCategoryItem TestCategory="Category1000" />
      </TestCategory>
      <Execution id="57551072-9cc0-4e77-b798-e51ebe67533f" />
      <TestMethod codeBase="C:\Projekty\MSTestProject\bin\Debug\netcoreapp3.1\MSTestProject.dll" adapterTypeName="executor://mstestadapter/v2" className="TwojeWesele.Services.Helpers.Tests.CurrencyHelperTests" name="FormatToStringTest1000" />
    </UnitTest>
    <UnitTest name="FormatToStringTest1000 (95353.10327693219,95353.10 zł)" storage="c:\projekty\mstestproject\bin\debug\netcoreapp3.1\mstestproject.dll" id="1b48b3ef-0f53-412a-b42d-cbec8dd24678">
      <TestCategory>
        <TestCategoryItem TestCategory="Category1000" />
      </TestCategory>
      <Execution id="f2fdd414-39b6-4231-9f4a-f29de2f40320" />
      <TestMethod codeBase="C:\Projekty\MSTestProject\bin\Debug\netcoreapp3.1\MSTestProject.dll" adapterTypeName="executor://mstestadapter/v2" className="TwojeWesele.Services.Helpers.Tests.CurrencyHelperTests" name="FormatToStringTest1000" />
    </UnitTest>
    <UnitTest name="FormatToStringTest1000 (30020.248557890412,30020.25 zł)" storage="c:\projekty\mstestproject\bin\debug\netcoreapp3.1\mstestproject.dll" id="4ec27a50-dfc7-4e74-ba05-b0923004429e">
      <TestCategory>
        <TestCategoryItem TestCategory="Category1000" />
      </TestCategory>
      <Execution id="2ad9b78f-06f7-4842-a1da-1e6c9da4e73b" />
      <TestMethod codeBase="C:\Projekty\MSTestProject\bin\Debug\netcoreapp3.1\MSTestProject.dll" adapterTypeName="executor://mstestadapter/v2" className="TwojeWesele.Services.Helpers.Tests.CurrencyHelperTests" name="FormatToStringTest1000" />
    </UnitTest>
    <UnitTest name="FormatToStringTest1000 (4411.456718280659,4411.46 zł)" storage="c:\projekty\mstestproject\bin\debug\netcoreapp3.1\mstestproject.dll" id="e5fb82f8-57e8-44dc-a9d2-7e920d90b281">
      <TestCategory>
        <TestCategoryItem TestCategory="Category1000" />
      </TestCategory>
      <Execution id="80d5868b-b43b-4827-953a-693246d6c41e" />
      <TestMethod codeBase="C:\Projekty\MSTestProject\bin\Debug\netcoreapp3.1\MSTestProject.dll" adapterTypeName="executor://mstestadapter/v2" className="TwojeWesele.Services.Helpers.Tests.CurrencyHelperTests" name="FormatToStringTest1000" />
    </UnitTest>
    <UnitTest name="FormatToStringTest1000 (31347.468987404587,31347.47 zł)" storage="c:\projekty\mstestproject\bin\debug\netcoreapp3.1\mstestproject.dll" id="a0ca06c4-6af0-48e7-a3f5-05e58e91e396">
      <TestCategory>
        <TestCategoryItem TestCategory="Category1000" />
      </TestCategory>
      <Execution id="62457590-0d7e-4a2e-a7fa-40b5eac83ab6" />
      <TestMethod codeBase="C:\Projekty\MSTestProject\bin\Debug\netcoreapp3.1\MSTestProject.dll" adapterTypeName="executor://mstestadapter/v2" className="TwojeWesele.Services.Helpers.Tests.CurrencyHelperTests" name="FormatToStringTest1000" />
    </UnitTest>
    <UnitTest name="FormatToStringTest1000 (5287.3103648714305,5287.31 zł)" storage="c:\projekty\mstestproject\bin\debug\netcoreapp3.1\mstestproject.dll" id="1bfb013e-3f2a-4fc8-bdf3-0497220c8b2b">
      <TestCategory>
        <TestCategoryItem TestCategory="Category1000" />
      </TestCategory>
      <Execution id="51f4f025-e9db-4ed6-abc2-ef4f123175ca" />
      <TestMethod codeBase="C:\Projekty\MSTestProject\bin\Debug\netcoreapp3.1\MSTestProject.dll" adapterTypeName="executor://mstestadapter/v2" className="TwojeWesele.Services.Helpers.Tests.CurrencyHelperTests" name="FormatToStringTest1000" />
    </UnitTest>
    <UnitTest name="FormatToStringTest1000 (15337.485230751097,15337.49 zł)" storage="c:\projekty\mstestproject\bin\debug\netcoreapp3.1\mstestproject.dll" id="011f395e-e564-438e-a164-a06a62459a80">
      <TestCategory>
        <TestCategoryItem TestCategory="Category1000" />
      </TestCategory>
      <Execution id="946288e4-7740-489a-976a-f17cab310c7e" />
      <TestMethod codeBase="C:\Projekty\MSTestProject\bin\Debug\netcoreapp3.1\MSTestProject.dll" adapterTypeName="executor://mstestadapter/v2" className="TwojeWesele.Services.Helpers.Tests.CurrencyHelperTests" name="FormatToStringTest1000" />
    </UnitTest>
    <UnitTest name="FormatToStringTest1000 (15742.409864349947,15742.41 zł)" storage="c:\projekty\mstestproject\bin\debug\netcoreapp3.1\mstestproject.dll" id="9cfa9fb8-2af6-4f02-a948-56b83c12dc88">
      <TestCategory>
        <TestCategoryItem TestCategory="Category1000" />
      </TestCategory>
      <Execution id="66287187-64ac-4c27-ba7c-36eacf83c8c6" />
      <TestMethod codeBase="C:\Projekty\MSTestProject\bin\Debug\netcoreapp3.1\MSTestProject.dll" adapterTypeName="executor://mstestadapter/v2" className="TwojeWesele.Services.Helpers.Tests.CurrencyHelperTests" name="FormatToStringTest1000" />
    </UnitTest>
    <UnitTest name="FormatToStringTest1000 (2166.4103293970275,2166.41 zł)" storage="c:\projekty\mstestproject\bin\debug\netcoreapp3.1\mstestproject.dll" id="221358e0-3adc-42bb-ac91-67c55b5353d5">
      <TestCategory>
        <TestCategoryItem TestCategory="Category1000" />
      </TestCategory>
      <Execution id="7026cc3f-056b-4f67-8bed-60ee0dabde3c" />
      <TestMethod codeBase="C:\Projekty\MSTestProject\bin\Debug\netcoreapp3.1\MSTestProject.dll" adapterTypeName="executor://mstestadapter/v2" className="TwojeWesele.Services.Helpers.Tests.CurrencyHelperTests" name="FormatToStringTest1000" />
    </UnitTest>
    <UnitTest name="FormatToStringTest1000 (32213.734885384205,32213.73 zł)" storage="c:\projekty\mstestproject\bin\debug\netcoreapp3.1\mstestproject.dll" id="1392579f-73db-4ada-a467-64c5042900aa">
      <TestCategory>
        <TestCategoryItem TestCategory="Category1000" />
      </TestCategory>
      <Execution id="da2f1748-609d-4c90-9136-8f9a8cb0e612" />
      <TestMethod codeBase="C:\Projekty\MSTestProject\bin\Debug\netcoreapp3.1\MSTestProject.dll" adapterTypeName="executor://mstestadapter/v2" className="TwojeWesele.Services.Helpers.Tests.CurrencyHelperTests" name="FormatToStringTest1000" />
    </UnitTest>
    <UnitTest name="FormatToStringTest1000 (27027.327683509946,27027.33 zł)" storage="c:\projekty\mstestproject\bin\debug\netcoreapp3.1\mstestproject.dll" id="3e2ccf9b-aaed-4803-a676-5eb8f13a6029">
      <TestCategory>
        <TestCategoryItem TestCategory="Category1000" />
      </TestCategory>
      <Execution id="b3ee06b4-2b9c-47ae-b82d-3ec9efa06c9c" />
      <TestMethod codeBase="C:\Projekty\MSTestProject\bin\Debug\netcoreapp3.1\MSTestProject.dll" adapterTypeName="executor://mstestadapter/v2" className="TwojeWesele.Services.Helpers.Tests.CurrencyHelperTests" name="FormatToStringTest1000" />
    </UnitTest>
    <UnitTest name="FormatToStringTest1000 (96261.84883437205,96261.85 zł)" storage="c:\projekty\mstestproject\bin\debug\netcoreapp3.1\mstestproject.dll" id="3585414d-ccc1-42d7-9d52-b72b25b0eefe">
      <TestCategory>
        <TestCategoryItem TestCategory="Category1000" />
      </TestCategory>
      <Execution id="41803c23-adc8-4760-bb2b-d821a3ef4dd8" />
      <TestMethod codeBase="C:\Projekty\MSTestProject\bin\Debug\netcoreapp3.1\MSTestProject.dll" adapterTypeName="executor://mstestadapter/v2" className="TwojeWesele.Services.Helpers.Tests.CurrencyHelperTests" name="FormatToStringTest1000" />
    </UnitTest>
    <UnitTest name="FormatToStringTest1000 (47575.6421269959,47575.64 zł)" storage="c:\projekty\mstestproject\bin\debug\netcoreapp3.1\mstestproject.dll" id="6d20b688-d774-4c80-9cef-00f037f597af">
      <TestCategory>
        <TestCategoryItem TestCategory="Category1000" />
      </TestCategory>
      <Execution id="50bb9a97-c022-415e-898b-3b850d243a7a" />
      <TestMethod codeBase="C:\Projekty\MSTestProject\bin\Debug\netcoreapp3.1\MSTestProject.dll" adapterTypeName="executor://mstestadapter/v2" className="TwojeWesele.Services.Helpers.Tests.CurrencyHelperTests" name="FormatToStringTest1000" />
    </UnitTest>
    <UnitTest name="FormatToStringTest1000 (6466.872242818062,6466.87 zł)" storage="c:\projekty\mstestproject\bin\debug\netcoreapp3.1\mstestproject.dll" id="c4d20c41-cd3d-4a90-9249-231af13c2c12">
      <TestCategory>
        <TestCategoryItem TestCategory="Category1000" />
      </TestCategory>
      <Execution id="f2641885-bd7e-43d8-9074-480739df96f8" />
      <TestMethod codeBase="C:\Projekty\MSTestProject\bin\Debug\netcoreapp3.1\MSTestProject.dll" adapterTypeName="executor://mstestadapter/v2" className="TwojeWesele.Services.Helpers.Tests.CurrencyHelperTests" name="FormatToStringTest1000" />
    </UnitTest>
    <UnitTest name="FormatToStringTest1000 (9774.341362926803,9774.34 zł)" storage="c:\projekty\mstestproject\bin\debug\netcoreapp3.1\mstestproject.dll" id="4ef93d63-a298-4b61-b91b-abb70ea1eec3">
      <TestCategory>
        <TestCategoryItem TestCategory="Category1000" />
      </TestCategory>
      <Execution id="74583952-9b34-47f7-a985-c0c47cea2367" />
      <TestMethod codeBase="C:\Projekty\MSTestProject\bin\Debug\netcoreapp3.1\MSTestProject.dll" adapterTypeName="executor://mstestadapter/v2" className="TwojeWesele.Services.Helpers.Tests.CurrencyHelperTests" name="FormatToStringTest1000" />
    </UnitTest>
    <UnitTest name="FormatToStringTest1000 (4121.116360678857,4121.12 zł)" storage="c:\projekty\mstestproject\bin\debug\netcoreapp3.1\mstestproject.dll" id="1771dcd0-8b7d-4d9a-b07a-5fc5dd3e2cd9">
      <TestCategory>
        <TestCategoryItem TestCategory="Category1000" />
      </TestCategory>
      <Execution id="0dce37bb-697a-4d7d-ac11-4029f6836d70" />
      <TestMethod codeBase="C:\Projekty\MSTestProject\bin\Debug\netcoreapp3.1\MSTestProject.dll" adapterTypeName="executor://mstestadapter/v2" className="TwojeWesele.Services.Helpers.Tests.CurrencyHelperTests" name="FormatToStringTest1000" />
    </UnitTest>
    <UnitTest name="FormatToStringTest1000 (20454.142628653506,20454.14 zł)" storage="c:\projekty\mstestproject\bin\debug\netcoreapp3.1\mstestproject.dll" id="460ca223-5c2c-4aee-a6c8-15f23654da18">
      <TestCategory>
        <TestCategoryItem TestCategory="Category1000" />
      </TestCategory>
      <Execution id="bd0b860c-5edc-4879-854d-1941a53a3530" />
      <TestMethod codeBase="C:\Projekty\MSTestProject\bin\Debug\netcoreapp3.1\MSTestProject.dll" adapterTypeName="executor://mstestadapter/v2" className="TwojeWesele.Services.Helpers.Tests.CurrencyHelperTests" name="FormatToStringTest1000" />
    </UnitTest>
    <UnitTest name="FormatToStringTest1000 (1884.4923513031063,1884.49 zł)" storage="c:\projekty\mstestproject\bin\debug\netcoreapp3.1\mstestproject.dll" id="e35e2a89-b35e-4f1a-99ce-8fc3f50bd508">
      <TestCategory>
        <TestCategoryItem TestCategory="Category1000" />
      </TestCategory>
      <Execution id="8eee0b19-e04f-449f-b8ff-ef42c64c7db0" />
      <TestMethod codeBase="C:\Projekty\MSTestProject\bin\Debug\netcoreapp3.1\MSTestProject.dll" adapterTypeName="executor://mstestadapter/v2" className="TwojeWesele.Services.Helpers.Tests.CurrencyHelperTests" name="FormatToStringTest1000" />
    </UnitTest>
    <UnitTest name="FormatToStringTest1000 (31163.834562352316,31163.83 zł)" storage="c:\projekty\mstestproject\bin\debug\netcoreapp3.1\mstestproject.dll" id="b6fe174c-47b0-4225-be9b-6a0c2cef9909">
      <TestCategory>
        <TestCategoryItem TestCategory="Category1000" />
      </TestCategory>
      <Execution id="4e9dbd46-9a27-4749-a129-13f4b5ab8b14" />
      <TestMethod codeBase="C:\Projekty\MSTestProject\bin\Debug\netcoreapp3.1\MSTestProject.dll" adapterTypeName="executor://mstestadapter/v2" className="TwojeWesele.Services.Helpers.Tests.CurrencyHelperTests" name="FormatToStringTest1000" />
    </UnitTest>
    <UnitTest name="FormatToStringTest1000 (3030.9461949132133,3030.95 zł)" storage="c:\projekty\mstestproject\bin\debug\netcoreapp3.1\mstestproject.dll" id="32dfae3b-b238-4be4-bb8d-a64f5d380e9c">
      <TestCategory>
        <TestCategoryItem TestCategory="Category1000" />
      </TestCategory>
      <Execution id="8b96d1c3-173f-4e0b-9b81-d78dcca208a6" />
      <TestMethod codeBase="C:\Projekty\MSTestProject\bin\Debug\netcoreapp3.1\MSTestProject.dll" adapterTypeName="executor://mstestadapter/v2" className="TwojeWesele.Services.Helpers.Tests.CurrencyHelperTests" name="FormatToStringTest1000" />
    </UnitTest>
    <UnitTest name="FormatToStringTest1000 (24957.469502810607,24957.47 zł)" storage="c:\projekty\mstestproject\bin\debug\netcoreapp3.1\mstestproject.dll" id="3cddae6d-aec7-47ed-9bc5-038860ea154c">
      <TestCategory>
        <TestCategoryItem TestCategory="Category1000" />
      </TestCategory>
      <Execution id="b9bb705a-5c29-4550-a99c-a3e5dd472d26" />
      <TestMethod codeBase="C:\Projekty\MSTestProject\bin\Debug\netcoreapp3.1\MSTestProject.dll" adapterTypeName="executor://mstestadapter/v2" className="TwojeWesele.Services.Helpers.Tests.CurrencyHelperTests" name="FormatToStringTest1000" />
    </UnitTest>
    <UnitTest name="FormatToStringTest1000 (386.358918903097,386.36 zł)" storage="c:\projekty\mstestproject\bin\debug\netcoreapp3.1\mstestproject.dll" id="cfeb95b6-a45c-4aad-948f-d739368da646">
      <TestCategory>
        <TestCategoryItem TestCategory="Category1000" />
      </TestCategory>
      <Execution id="b892b21c-349a-406d-b214-c5e9253f0227" />
      <TestMethod codeBase="C:\Projekty\MSTestProject\bin\Debug\netcoreapp3.1\MSTestProject.dll" adapterTypeName="executor://mstestadapter/v2" className="TwojeWesele.Services.Helpers.Tests.CurrencyHelperTests" name="FormatToStringTest1000" />
    </UnitTest>
    <UnitTest name="FormatToStringTest1000 (55030.929183896136,55030.93 zł)" storage="c:\projekty\mstestproject\bin\debug\netcoreapp3.1\mstestproject.dll" id="4d96452c-b5f6-49c7-9d51-9135310a93a5">
      <TestCategory>
        <TestCategoryItem TestCategory="Category1000" />
      </TestCategory>
      <Execution id="6d3531a4-9c8d-4122-bc49-5692210eea28" />
      <TestMethod codeBase="C:\Projekty\MSTestProject\bin\Debug\netcoreapp3.1\MSTestProject.dll" adapterTypeName="executor://mstestadapter/v2" className="TwojeWesele.Services.Helpers.Tests.CurrencyHelperTests" name="FormatToStringTest1000" />
    </UnitTest>
    <UnitTest name="FormatToStringTest1000 (64887.45559046951,64887.46 zł)" storage="c:\projekty\mstestproject\bin\debug\netcoreapp3.1\mstestproject.dll" id="0c8388b5-d6ee-43a1-8e8e-fc5f9f730e9d">
      <TestCategory>
        <TestCategoryItem TestCategory="Category1000" />
      </TestCategory>
      <Execution id="acb1402b-c4fb-41f2-9376-8ed77f3174a5" />
      <TestMethod codeBase="C:\Projekty\MSTestProject\bin\Debug\netcoreapp3.1\MSTestProject.dll" adapterTypeName="executor://mstestadapter/v2" className="TwojeWesele.Services.Helpers.Tests.CurrencyHelperTests" name="FormatToStringTest1000" />
    </UnitTest>
    <UnitTest name="FormatToStringTest1000 (38961.459057294516,38961.46 zł)" storage="c:\projekty\mstestproject\bin\debug\netcoreapp3.1\mstestproject.dll" id="771f1140-96d3-4b0c-98eb-c1ff78a8cdbb">
      <TestCategory>
        <TestCategoryItem TestCategory="Category1000" />
      </TestCategory>
      <Execution id="3699f82f-c520-494b-a224-6d7fba87eef3" />
      <TestMethod codeBase="C:\Projekty\MSTestProject\bin\Debug\netcoreapp3.1\MSTestProject.dll" adapterTypeName="executor://mstestadapter/v2" className="TwojeWesele.Services.Helpers.Tests.CurrencyHelperTests" name="FormatToStringTest1000" />
    </UnitTest>
    <UnitTest name="FormatToStringTest1000 (1649.0127968480872,1649.01 zł)" storage="c:\projekty\mstestproject\bin\debug\netcoreapp3.1\mstestproject.dll" id="3c4284f1-cc7b-44cc-9c00-753daa91d749">
      <TestCategory>
        <TestCategoryItem TestCategory="Category1000" />
      </TestCategory>
      <Execution id="ac9f4dec-67cd-4c55-8039-5557829f2bb2" />
      <TestMethod codeBase="C:\Projekty\MSTestProject\bin\Debug\netcoreapp3.1\MSTestProject.dll" adapterTypeName="executor://mstestadapter/v2" className="TwojeWesele.Services.Helpers.Tests.CurrencyHelperTests" name="FormatToStringTest1000" />
    </UnitTest>
    <UnitTest name="FormatToStringTest1000 (35967.54466809684,35967.54 zł)" storage="c:\projekty\mstestproject\bin\debug\netcoreapp3.1\mstestproject.dll" id="5375c6ff-f448-4bf1-af3b-bc33437554b7">
      <TestCategory>
        <TestCategoryItem TestCategory="Category1000" />
      </TestCategory>
      <Execution id="ae49c199-5271-4c0f-923d-d0749e53a378" />
      <TestMethod codeBase="C:\Projekty\MSTestProject\bin\Debug\netcoreapp3.1\MSTestProject.dll" adapterTypeName="executor://mstestadapter/v2" className="TwojeWesele.Services.Helpers.Tests.CurrencyHelperTests" name="FormatToStringTest1000" />
    </UnitTest>
    <UnitTest name="FormatToStringTest1000 (15129.433864736666,15129.43 zł)" storage="c:\projekty\mstestproject\bin\debug\netcoreapp3.1\mstestproject.dll" id="aa0600fe-e568-47f6-a055-828886c2d6b2">
      <TestCategory>
        <TestCategoryItem TestCategory="Category1000" />
      </TestCategory>
      <Execution id="64968ad1-4b8a-4cac-a88e-e5cd3c4385a7" />
      <TestMethod codeBase="C:\Projekty\MSTestProject\bin\Debug\netcoreapp3.1\MSTestProject.dll" adapterTypeName="executor://mstestadapter/v2" className="TwojeWesele.Services.Helpers.Tests.CurrencyHelperTests" name="FormatToStringTest1000" />
    </UnitTest>
    <UnitTest name="FormatToStringTest1000 (57436.33241095409,57436.33 zł)" storage="c:\projekty\mstestproject\bin\debug\netcoreapp3.1\mstestproject.dll" id="41190687-f873-41f5-a660-12d675a3d31a">
      <TestCategory>
        <TestCategoryItem TestCategory="Category1000" />
      </TestCategory>
      <Execution id="b660dead-23a9-4b1c-868c-da434cbf12a6" />
      <TestMethod codeBase="C:\Projekty\MSTestProject\bin\Debug\netcoreapp3.1\MSTestProject.dll" adapterTypeName="executor://mstestadapter/v2" className="TwojeWesele.Services.Helpers.Tests.CurrencyHelperTests" name="FormatToStringTest1000" />
    </UnitTest>
    <UnitTest name="FormatToStringTest1000 (10775.728533390784,10775.73 zł)" storage="c:\projekty\mstestproject\bin\debug\netcoreapp3.1\mstestproject.dll" id="7b06d2c0-6a62-4916-ab1a-d1eeaa8b03fa">
      <TestCategory>
        <TestCategoryItem TestCategory="Category1000" />
      </TestCategory>
      <Execution id="72160091-38d2-4e2e-b7cf-40a5a497dbac" />
      <TestMethod codeBase="C:\Projekty\MSTestProject\bin\Debug\netcoreapp3.1\MSTestProject.dll" adapterTypeName="executor://mstestadapter/v2" className="TwojeWesele.Services.Helpers.Tests.CurrencyHelperTests" name="FormatToStringTest1000" />
    </UnitTest>
    <UnitTest name="FormatToStringTest1000 (32359.431438434138,32359.43 zł)" storage="c:\projekty\mstestproject\bin\debug\netcoreapp3.1\mstestproject.dll" id="2a418717-64c4-4cd6-a121-4c4003a5c703">
      <TestCategory>
        <TestCategoryItem TestCategory="Category1000" />
      </TestCategory>
      <Execution id="c89829a4-8a60-4abb-a7d3-baab204ca255" />
      <TestMethod codeBase="C:\Projekty\MSTestProject\bin\Debug\netcoreapp3.1\MSTestProject.dll" adapterTypeName="executor://mstestadapter/v2" className="TwojeWesele.Services.Helpers.Tests.CurrencyHelperTests" name="FormatToStringTest1000" />
    </UnitTest>
    <UnitTest name="FormatToStringTest1000 (47163.337736466594,47163.34 zł)" storage="c:\projekty\mstestproject\bin\debug\netcoreapp3.1\mstestproject.dll" id="91072ec3-7f63-41a2-93dd-47110cf5793e">
      <TestCategory>
        <TestCategoryItem TestCategory="Category1000" />
      </TestCategory>
      <Execution id="c4f44420-e2d2-4d1c-a369-e427d396e43d" />
      <TestMethod codeBase="C:\Projekty\MSTestProject\bin\Debug\netcoreapp3.1\MSTestProject.dll" adapterTypeName="executor://mstestadapter/v2" className="TwojeWesele.Services.Helpers.Tests.CurrencyHelperTests" name="FormatToStringTest1000" />
    </UnitTest>
    <UnitTest name="FormatToStringTest1000 (10501.127379151585,10501.13 zł)" storage="c:\projekty\mstestproject\bin\debug\netcoreapp3.1\mstestproject.dll" id="9c2f3bbc-3523-4b93-b45f-35eb8bea5a9e">
      <TestCategory>
        <TestCategoryItem TestCategory="Category1000" />
      </TestCategory>
      <Execution id="f777c390-4a24-46f5-8ecd-4c823414c8e8" />
      <TestMethod codeBase="C:\Projekty\MSTestProject\bin\Debug\netcoreapp3.1\MSTestProject.dll" adapterTypeName="executor://mstestadapter/v2" className="TwojeWesele.Services.Helpers.Tests.CurrencyHelperTests" name="FormatToStringTest1000" />
    </UnitTest>
    <UnitTest name="FormatToStringTest1000 (25440.18371476614,25440.18 zł)" storage="c:\projekty\mstestproject\bin\debug\netcoreapp3.1\mstestproject.dll" id="d221485e-f94a-466a-aa90-7c1e9f8b6b5d">
      <TestCategory>
        <TestCategoryItem TestCategory="Category1000" />
      </TestCategory>
      <Execution id="b44ef843-c0f1-4d17-86f0-32f8ef44b816" />
      <TestMethod codeBase="C:\Projekty\MSTestProject\bin\Debug\netcoreapp3.1\MSTestProject.dll" adapterTypeName="executor://mstestadapter/v2" className="TwojeWesele.Services.Helpers.Tests.CurrencyHelperTests" name="FormatToStringTest1000" />
    </UnitTest>
    <UnitTest name="FormatToStringTest1000 (3700.029953029021,3700.03 zł)" storage="c:\projekty\mstestproject\bin\debug\netcoreapp3.1\mstestproject.dll" id="c1cb3d3d-21c3-449f-82fd-f447707dc07e">
      <TestCategory>
        <TestCategoryItem TestCategory="Category1000" />
      </TestCategory>
      <Execution id="ec9cd7d5-703f-4160-804d-5529521ad441" />
      <TestMethod codeBase="C:\Projekty\MSTestProject\bin\Debug\netcoreapp3.1\MSTestProject.dll" adapterTypeName="executor://mstestadapter/v2" className="TwojeWesele.Services.Helpers.Tests.CurrencyHelperTests" name="FormatToStringTest1000" />
    </UnitTest>
    <UnitTest name="FormatToStringTest1000 (60299.23738666309,60299.24 zł)" storage="c:\projekty\mstestproject\bin\debug\netcoreapp3.1\mstestproject.dll" id="91f24ff4-9f2f-44fd-8ead-3f9fee5ed772">
      <TestCategory>
        <TestCategoryItem TestCategory="Category1000" />
      </TestCategory>
      <Execution id="79099b91-5afc-484f-85f6-05992428991c" />
      <TestMethod codeBase="C:\Projekty\MSTestProject\bin\Debug\netcoreapp3.1\MSTestProject.dll" adapterTypeName="executor://mstestadapter/v2" className="TwojeWesele.Services.Helpers.Tests.CurrencyHelperTests" name="FormatToStringTest1000" />
    </UnitTest>
    <UnitTest name="FormatToStringTest1000 (1108.7197928823157,1108.72 zł)" storage="c:\projekty\mstestproject\bin\debug\netcoreapp3.1\mstestproject.dll" id="28f464eb-ecfb-4339-a255-7f28b8c02f11">
      <TestCategory>
        <TestCategoryItem TestCategory="Category1000" />
      </TestCategory>
      <Execution id="27110cd2-848f-482d-981a-58e3d32db3ba" />
      <TestMethod codeBase="C:\Projekty\MSTestProject\bin\Debug\netcoreapp3.1\MSTestProject.dll" adapterTypeName="executor://mstestadapter/v2" className="TwojeWesele.Services.Helpers.Tests.CurrencyHelperTests" name="FormatToStringTest1000" />
    </UnitTest>
    <UnitTest name="FormatToStringTest1000 (30031.89550569323,30031.90 zł)" storage="c:\projekty\mstestproject\bin\debug\netcoreapp3.1\mstestproject.dll" id="0ed927b9-ba7e-4076-bc2e-e8d020093ee2">
      <TestCategory>
        <TestCategoryItem TestCategory="Category1000" />
      </TestCategory>
      <Execution id="0f6b1c7d-e4b9-49ba-9313-2bbd2ba4ffd6" />
      <TestMethod codeBase="C:\Projekty\MSTestProject\bin\Debug\netcoreapp3.1\MSTestProject.dll" adapterTypeName="executor://mstestadapter/v2" className="TwojeWesele.Services.Helpers.Tests.CurrencyHelperTests" name="FormatToStringTest1000" />
    </UnitTest>
    <UnitTest name="FormatToStringTest1000 (30360.993128030557,30360.99 zł)" storage="c:\projekty\mstestproject\bin\debug\netcoreapp3.1\mstestproject.dll" id="1ca1bb8d-3a5b-4820-9cff-e44e8b95cf8f">
      <TestCategory>
        <TestCategoryItem TestCategory="Category1000" />
      </TestCategory>
      <Execution id="df103a9b-fa7d-41af-ab1b-2badf8f8e4c0" />
      <TestMethod codeBase="C:\Projekty\MSTestProject\bin\Debug\netcoreapp3.1\MSTestProject.dll" adapterTypeName="executor://mstestadapter/v2" className="TwojeWesele.Services.Helpers.Tests.CurrencyHelperTests" name="FormatToStringTest1000" />
    </UnitTest>
    <UnitTest name="FormatToStringTest1000 (9634.398811461124,9634.40 zł)" storage="c:\projekty\mstestproject\bin\debug\netcoreapp3.1\mstestproject.dll" id="650ed278-e327-4ee9-91b9-f0475a5ffc52">
      <TestCategory>
        <TestCategoryItem TestCategory="Category1000" />
      </TestCategory>
      <Execution id="07931b15-2467-4872-a676-2b50c77c164d" />
      <TestMethod codeBase="C:\Projekty\MSTestProject\bin\Debug\netcoreapp3.1\MSTestProject.dll" adapterTypeName="executor://mstestadapter/v2" className="TwojeWesele.Services.Helpers.Tests.CurrencyHelperTests" name="FormatToStringTest1000" />
    </UnitTest>
    <UnitTest name="FormatToStringTest1000 (52481.07276821932,52481.07 zł)" storage="c:\projekty\mstestproject\bin\debug\netcoreapp3.1\mstestproject.dll" id="b7bb66d9-c943-4506-8cd2-d89fb04f2605">
      <TestCategory>
        <TestCategoryItem TestCategory="Category1000" />
      </TestCategory>
      <Execution id="89e64f61-3ca8-427c-9281-c3d0833b6681" />
      <TestMethod codeBase="C:\Projekty\MSTestProject\bin\Debug\netcoreapp3.1\MSTestProject.dll" adapterTypeName="executor://mstestadapter/v2" className="TwojeWesele.Services.Helpers.Tests.CurrencyHelperTests" name="FormatToStringTest1000" />
    </UnitTest>
    <UnitTest name="FormatToStringTest1000 (13206.129467931636,13206.13 zł)" storage="c:\projekty\mstestproject\bin\debug\netcoreapp3.1\mstestproject.dll" id="90c92bd7-52e9-4c08-b4e7-e6745ff2b183">
      <TestCategory>
        <TestCategoryItem TestCategory="Category1000" />
      </TestCategory>
      <Execution id="7a4d0950-f5f2-47fc-a27d-9ef28e1d3fed" />
      <TestMethod codeBase="C:\Projekty\MSTestProject\bin\Debug\netcoreapp3.1\MSTestProject.dll" adapterTypeName="executor://mstestadapter/v2" className="TwojeWesele.Services.Helpers.Tests.CurrencyHelperTests" name="FormatToStringTest1000" />
    </UnitTest>
    <UnitTest name="FormatToStringTest1000 (286.92120604539343,286.92 zł)" storage="c:\projekty\mstestproject\bin\debug\netcoreapp3.1\mstestproject.dll" id="3ffa367e-179c-42e5-a33b-863ce5c4b47b">
      <TestCategory>
        <TestCategoryItem TestCategory="Category1000" />
      </TestCategory>
      <Execution id="af4b7f51-cf9f-4aff-91a0-18600f3c1114" />
      <TestMethod codeBase="C:\Projekty\MSTestProject\bin\Debug\netcoreapp3.1\MSTestProject.dll" adapterTypeName="executor://mstestadapter/v2" className="TwojeWesele.Services.Helpers.Tests.CurrencyHelperTests" name="FormatToStringTest1000" />
    </UnitTest>
    <UnitTest name="FormatToStringTest1000 (1662.8482664818168,1662.85 zł)" storage="c:\projekty\mstestproject\bin\debug\netcoreapp3.1\mstestproject.dll" id="c634749b-3a90-4748-b830-0f528f90258a">
      <TestCategory>
        <TestCategoryItem TestCategory="Category1000" />
      </TestCategory>
      <Execution id="d3a58e3d-86bd-44a6-b712-dc3e2a7080f0" />
      <TestMethod codeBase="C:\Projekty\MSTestProject\bin\Debug\netcoreapp3.1\MSTestProject.dll" adapterTypeName="executor://mstestadapter/v2" className="TwojeWesele.Services.Helpers.Tests.CurrencyHelperTests" name="FormatToStringTest1000" />
    </UnitTest>
    <UnitTest name="FormatToStringTest1000 (27164.0272410419,27164.03 zł)" storage="c:\projekty\mstestproject\bin\debug\netcoreapp3.1\mstestproject.dll" id="1a7eac3b-a837-41aa-8b70-7e9d5be2c4d5">
      <TestCategory>
        <TestCategoryItem TestCategory="Category1000" />
      </TestCategory>
      <Execution id="7815a3c9-ed5a-4344-a59e-8767c3cd2f73" />
      <TestMethod codeBase="C:\Projekty\MSTestProject\bin\Debug\netcoreapp3.1\MSTestProject.dll" adapterTypeName="executor://mstestadapter/v2" className="TwojeWesele.Services.Helpers.Tests.CurrencyHelperTests" name="FormatToStringTest1000" />
    </UnitTest>
    <UnitTest name="FormatToStringTest1000 (39314.52353688401,39314.52 zł)" storage="c:\projekty\mstestproject\bin\debug\netcoreapp3.1\mstestproject.dll" id="5fa5f2a8-7b15-44ba-9c6d-d0d69b7c1ee2">
      <TestCategory>
        <TestCategoryItem TestCategory="Category1000" />
      </TestCategory>
      <Execution id="42174b14-9e53-468f-bb7f-90ee4e2fc8e9" />
      <TestMethod codeBase="C:\Projekty\MSTestProject\bin\Debug\netcoreapp3.1\MSTestProject.dll" adapterTypeName="executor://mstestadapter/v2" className="TwojeWesele.Services.Helpers.Tests.CurrencyHelperTests" name="FormatToStringTest1000" />
    </UnitTest>
    <UnitTest name="FormatToStringTest1000 (35065.40267025652,35065.40 zł)" storage="c:\projekty\mstestproject\bin\debug\netcoreapp3.1\mstestproject.dll" id="3602a509-aa0b-4cbe-90cb-a51ba51adbd0">
      <TestCategory>
        <TestCategoryItem TestCategory="Category1000" />
      </TestCategory>
      <Execution id="aa54d928-3aa5-4084-a3da-2116b55c576f" />
      <TestMethod codeBase="C:\Projekty\MSTestProject\bin\Debug\netcoreapp3.1\MSTestProject.dll" adapterTypeName="executor://mstestadapter/v2" className="TwojeWesele.Services.Helpers.Tests.CurrencyHelperTests" name="FormatToStringTest1000" />
    </UnitTest>
    <UnitTest name="FormatToStringTest1000 (3092.9215945624383,3092.92 zł)" storage="c:\projekty\mstestproject\bin\debug\netcoreapp3.1\mstestproject.dll" id="1faa8d1a-0da9-4dc5-89c8-9e123d849dcd">
      <TestCategory>
        <TestCategoryItem TestCategory="Category1000" />
      </TestCategory>
      <Execution id="557dbc99-e706-442e-a6d6-4bef159b4786" />
      <TestMethod codeBase="C:\Projekty\MSTestProject\bin\Debug\netcoreapp3.1\MSTestProject.dll" adapterTypeName="executor://mstestadapter/v2" className="TwojeWesele.Services.Helpers.Tests.CurrencyHelperTests" name="FormatToStringTest1000" />
    </UnitTest>
    <UnitTest name="FormatToStringTest1000 (63507.32603545455,63507.33 zł)" storage="c:\projekty\mstestproject\bin\debug\netcoreapp3.1\mstestproject.dll" id="4ab6a9f9-61a2-4e67-bfcc-c785d1a48735">
      <TestCategory>
        <TestCategoryItem TestCategory="Category1000" />
      </TestCategory>
      <Execution id="837b82ba-7522-4e7e-bdf6-263669b5e111" />
      <TestMethod codeBase="C:\Projekty\MSTestProject\bin\Debug\netcoreapp3.1\MSTestProject.dll" adapterTypeName="executor://mstestadapter/v2" className="TwojeWesele.Services.Helpers.Tests.CurrencyHelperTests" name="FormatToStringTest1000" />
    </UnitTest>
    <UnitTest name="FormatToStringTest1000 (59283.48311990662,59283.48 zł)" storage="c:\projekty\mstestproject\bin\debug\netcoreapp3.1\mstestproject.dll" id="d4d89f5c-afe7-4bfd-bea5-7f0007062f4a">
      <TestCategory>
        <TestCategoryItem TestCategory="Category1000" />
      </TestCategory>
      <Execution id="aca5d97c-ef7d-4d5b-85a0-c7fd5c215530" />
      <TestMethod codeBase="C:\Projekty\MSTestProject\bin\Debug\netcoreapp3.1\MSTestProject.dll" adapterTypeName="executor://mstestadapter/v2" className="TwojeWesele.Services.Helpers.Tests.CurrencyHelperTests" name="FormatToStringTest1000" />
    </UnitTest>
    <UnitTest name="FormatToStringTest1000 (6838.422316571894,6838.42 zł)" storage="c:\projekty\mstestproject\bin\debug\netcoreapp3.1\mstestproject.dll" id="c4a1d2b7-5b8f-4d48-ad3c-c9e17d8eb0ce">
      <TestCategory>
        <TestCategoryItem TestCategory="Category1000" />
      </TestCategory>
      <Execution id="fa151088-d938-40ca-8619-fc834a22cdab" />
      <TestMethod codeBase="C:\Projekty\MSTestProject\bin\Debug\netcoreapp3.1\MSTestProject.dll" adapterTypeName="executor://mstestadapter/v2" className="TwojeWesele.Services.Helpers.Tests.CurrencyHelperTests" name="FormatToStringTest1000" />
    </UnitTest>
    <UnitTest name="FormatToStringTest1000 (1073.195098933389,1073.20 zł)" storage="c:\projekty\mstestproject\bin\debug\netcoreapp3.1\mstestproject.dll" id="3ae91bde-ef82-4a23-9dee-905dad3e6319">
      <TestCategory>
        <TestCategoryItem TestCategory="Category1000" />
      </TestCategory>
      <Execution id="30f0a335-1d1f-41ce-92ee-82bd15d31276" />
      <TestMethod codeBase="C:\Projekty\MSTestProject\bin\Debug\netcoreapp3.1\MSTestProject.dll" adapterTypeName="executor://mstestadapter/v2" className="TwojeWesele.Services.Helpers.Tests.CurrencyHelperTests" name="FormatToStringTest1000" />
    </UnitTest>
    <UnitTest name="FormatToStringTest1000 (28068.20530246394,28068.21 zł)" storage="c:\projekty\mstestproject\bin\debug\netcoreapp3.1\mstestproject.dll" id="990e7a6e-37e4-40b9-80e3-daffcc43c29c">
      <TestCategory>
        <TestCategoryItem TestCategory="Category1000" />
      </TestCategory>
      <Execution id="bc527636-0e3d-47c2-93e4-b08880e965fe" />
      <TestMethod codeBase="C:\Projekty\MSTestProject\bin\Debug\netcoreapp3.1\MSTestProject.dll" adapterTypeName="executor://mstestadapter/v2" className="TwojeWesele.Services.Helpers.Tests.CurrencyHelperTests" name="FormatToStringTest1000" />
    </UnitTest>
    <UnitTest name="FormatToStringTest1000 (11624.834848273003,11624.83 zł)" storage="c:\projekty\mstestproject\bin\debug\netcoreapp3.1\mstestproject.dll" id="9b95cf13-e975-44ce-a29b-d6f902246b3c">
      <TestCategory>
        <TestCategoryItem TestCategory="Category1000" />
      </TestCategory>
      <Execution id="ac2117fb-3eb1-474c-b7a7-6e4c620509fd" />
      <TestMethod codeBase="C:\Projekty\MSTestProject\bin\Debug\netcoreapp3.1\MSTestProject.dll" adapterTypeName="executor://mstestadapter/v2" className="TwojeWesele.Services.Helpers.Tests.CurrencyHelperTests" name="FormatToStringTest1000" />
    </UnitTest>
    <UnitTest name="FormatToStringTest1000 (4652.407073443945,4652.41 zł)" storage="c:\projekty\mstestproject\bin\debug\netcoreapp3.1\mstestproject.dll" id="ebf55305-eea3-42e6-a12a-089064ba212e">
      <TestCategory>
        <TestCategoryItem TestCategory="Category1000" />
      </TestCategory>
      <Execution id="4024425b-dae4-436a-86db-d3ef4fe8a1ff" />
      <TestMethod codeBase="C:\Projekty\MSTestProject\bin\Debug\netcoreapp3.1\MSTestProject.dll" adapterTypeName="executor://mstestadapter/v2" className="TwojeWesele.Services.Helpers.Tests.CurrencyHelperTests" name="FormatToStringTest1000" />
    </UnitTest>
    <UnitTest name="FormatToStringTest1000 (7951.322730072458,7951.32 zł)" storage="c:\projekty\mstestproject\bin\debug\netcoreapp3.1\mstestproject.dll" id="c281035c-e95d-41f8-80f0-08cffbbfe371">
      <TestCategory>
        <TestCategoryItem TestCategory="Category1000" />
      </TestCategory>
      <Execution id="713132cc-2ca9-4116-a95e-54d1baacec53" />
      <TestMethod codeBase="C:\Projekty\MSTestProject\bin\Debug\netcoreapp3.1\MSTestProject.dll" adapterTypeName="executor://mstestadapter/v2" className="TwojeWesele.Services.Helpers.Tests.CurrencyHelperTests" name="FormatToStringTest1000" />
    </UnitTest>
    <UnitTest name="FormatToStringTest1000 (34084.19497795599,34084.19 zł)" storage="c:\projekty\mstestproject\bin\debug\netcoreapp3.1\mstestproject.dll" id="f2454e3d-4dd1-41fa-a21e-9b5e5b5bf44a">
      <TestCategory>
        <TestCategoryItem TestCategory="Category1000" />
      </TestCategory>
      <Execution id="7a0d8a8a-9789-4697-bea7-4d373d33e631" />
      <TestMethod codeBase="C:\Projekty\MSTestProject\bin\Debug\netcoreapp3.1\MSTestProject.dll" adapterTypeName="executor://mstestadapter/v2" className="TwojeWesele.Services.Helpers.Tests.CurrencyHelperTests" name="FormatToStringTest1000" />
    </UnitTest>
    <UnitTest name="FormatToStringTest1000 (16402.16316587206,16402.16 zł)" storage="c:\projekty\mstestproject\bin\debug\netcoreapp3.1\mstestproject.dll" id="f7faf970-fc8c-4fe8-a6be-670078375ed9">
      <TestCategory>
        <TestCategoryItem TestCategory="Category1000" />
      </TestCategory>
      <Execution id="11ca0705-a91f-4cf6-b453-0c7a8e0bc26a" />
      <TestMethod codeBase="C:\Projekty\MSTestProject\bin\Debug\netcoreapp3.1\MSTestProject.dll" adapterTypeName="executor://mstestadapter/v2" className="TwojeWesele.Services.Helpers.Tests.CurrencyHelperTests" name="FormatToStringTest1000" />
    </UnitTest>
    <UnitTest name="FormatToStringTest1000 (45930.2386782068,45930.24 zł)" storage="c:\projekty\mstestproject\bin\debug\netcoreapp3.1\mstestproject.dll" id="212e50cf-3f57-4c64-a540-bbd0542b98ac">
      <TestCategory>
        <TestCategoryItem TestCategory="Category1000" />
      </TestCategory>
      <Execution id="c2444086-a946-4621-af6a-84411d2934a5" />
      <TestMethod codeBase="C:\Projekty\MSTestProject\bin\Debug\netcoreapp3.1\MSTestProject.dll" adapterTypeName="executor://mstestadapter/v2" className="TwojeWesele.Services.Helpers.Tests.CurrencyHelperTests" name="FormatToStringTest1000" />
    </UnitTest>
    <UnitTest name="FormatToStringTest1000 (134.1514758393874,134.15 zł)" storage="c:\projekty\mstestproject\bin\debug\netcoreapp3.1\mstestproject.dll" id="5f1d4341-3d16-4240-867d-965fb8e6b711">
      <TestCategory>
        <TestCategoryItem TestCategory="Category1000" />
      </TestCategory>
      <Execution id="9f6d6cbd-770c-4bdd-a446-fd1a541e4bc5" />
      <TestMethod codeBase="C:\Projekty\MSTestProject\bin\Debug\netcoreapp3.1\MSTestProject.dll" adapterTypeName="executor://mstestadapter/v2" className="TwojeWesele.Services.Helpers.Tests.CurrencyHelperTests" name="FormatToStringTest1000" />
    </UnitTest>
    <UnitTest name="FormatToStringTest1000 (44869.327020554025,44869.33 zł)" storage="c:\projekty\mstestproject\bin\debug\netcoreapp3.1\mstestproject.dll" id="460cd9d5-b27e-4108-9222-ff4ea6ae60bd">
      <TestCategory>
        <TestCategoryItem TestCategory="Category1000" />
      </TestCategory>
      <Execution id="c373e96a-5619-4807-8944-291e7a0bae9c" />
      <TestMethod codeBase="C:\Projekty\MSTestProject\bin\Debug\netcoreapp3.1\MSTestProject.dll" adapterTypeName="executor://mstestadapter/v2" className="TwojeWesele.Services.Helpers.Tests.CurrencyHelperTests" name="FormatToStringTest1000" />
    </UnitTest>
    <UnitTest name="FormatToStringTest1000 (20441.330495004695,20441.33 zł)" storage="c:\projekty\mstestproject\bin\debug\netcoreapp3.1\mstestproject.dll" id="a4666c97-adfa-473e-adaf-90973dcb8546">
      <TestCategory>
        <TestCategoryItem TestCategory="Category1000" />
      </TestCategory>
      <Execution id="ce37d5e3-ce60-4f54-8480-c86168c900e8" />
      <TestMethod codeBase="C:\Projekty\MSTestProject\bin\Debug\netcoreapp3.1\MSTestProject.dll" adapterTypeName="executor://mstestadapter/v2" className="TwojeWesele.Services.Helpers.Tests.CurrencyHelperTests" name="FormatToStringTest1000" />
    </UnitTest>
    <UnitTest name="FormatToStringTest1000 (486.15309567942893,486.15 zł)" storage="c:\projekty\mstestproject\bin\debug\netcoreapp3.1\mstestproject.dll" id="68c6a342-fbd8-4195-9cd3-0d8793b9a01c">
      <TestCategory>
        <TestCategoryItem TestCategory="Category1000" />
      </TestCategory>
      <Execution id="6a5c8354-5dae-4b23-a2ef-f4b6f6ea4f4b" />
      <TestMethod codeBase="C:\Projekty\MSTestProject\bin\Debug\netcoreapp3.1\MSTestProject.dll" adapterTypeName="executor://mstestadapter/v2" className="TwojeWesele.Services.Helpers.Tests.CurrencyHelperTests" name="FormatToStringTest1000" />
    </UnitTest>
    <UnitTest name="FormatToStringTest1000 (34951.47290410077,34951.47 zł)" storage="c:\projekty\mstestproject\bin\debug\netcoreapp3.1\mstestproject.dll" id="925c760a-2feb-4707-9286-c768fd484310">
      <TestCategory>
        <TestCategoryItem TestCategory="Category1000" />
      </TestCategory>
      <Execution id="ac1f999e-5f29-49e6-a29d-556fe87b2b8f" />
      <TestMethod codeBase="C:\Projekty\MSTestProject\bin\Debug\netcoreapp3.1\MSTestProject.dll" adapterTypeName="executor://mstestadapter/v2" className="TwojeWesele.Services.Helpers.Tests.CurrencyHelperTests" name="FormatToStringTest1000" />
    </UnitTest>
    <UnitTest name="FormatToStringTest1000 (37528.70144368368,37528.70 zł)" storage="c:\projekty\mstestproject\bin\debug\netcoreapp3.1\mstestproject.dll" id="ac218bb9-4fc2-4861-8abb-9da24c0c08cb">
      <TestCategory>
        <TestCategoryItem TestCategory="Category1000" />
      </TestCategory>
      <Execution id="7f82292c-fa06-4523-b3b9-7749fddf57a5" />
      <TestMethod codeBase="C:\Projekty\MSTestProject\bin\Debug\netcoreapp3.1\MSTestProject.dll" adapterTypeName="executor://mstestadapter/v2" className="TwojeWesele.Services.Helpers.Tests.CurrencyHelperTests" name="FormatToStringTest1000" />
    </UnitTest>
    <UnitTest name="FormatToStringTest1000 (6027.66019266828,6027.66 zł)" storage="c:\projekty\mstestproject\bin\debug\netcoreapp3.1\mstestproject.dll" id="f37ac003-626b-4341-a3f8-45db36211db6">
      <TestCategory>
        <TestCategoryItem TestCategory="Category1000" />
      </TestCategory>
      <Execution id="aa8a558e-1904-4bdf-a09b-8b243a7bf07d" />
      <TestMethod codeBase="C:\Projekty\MSTestProject\bin\Debug\netcoreapp3.1\MSTestProject.dll" adapterTypeName="executor://mstestadapter/v2" className="TwojeWesele.Services.Helpers.Tests.CurrencyHelperTests" name="FormatToStringTest1000" />
    </UnitTest>
    <UnitTest name="FormatToStringTest1000 (25990.318498101697,25990.32 zł)" storage="c:\projekty\mstestproject\bin\debug\netcoreapp3.1\mstestproject.dll" id="5519dca4-8ad2-44e9-90e7-98d2bd577e52">
      <TestCategory>
        <TestCategoryItem TestCategory="Category1000" />
      </TestCategory>
      <Execution id="68c7fcaf-e26f-45ad-924c-cba320de604a" />
      <TestMethod codeBase="C:\Projekty\MSTestProject\bin\Debug\netcoreapp3.1\MSTestProject.dll" adapterTypeName="executor://mstestadapter/v2" className="TwojeWesele.Services.Helpers.Tests.CurrencyHelperTests" name="FormatToStringTest1000" />
    </UnitTest>
    <UnitTest name="FormatToStringTest1000 (64210.358316209335,64210.36 zł)" storage="c:\projekty\mstestproject\bin\debug\netcoreapp3.1\mstestproject.dll" id="3fce72b7-c82d-4f81-920e-b9a9c5db43b7">
      <TestCategory>
        <TestCategoryItem TestCategory="Category1000" />
      </TestCategory>
      <Execution id="b7aceedd-4ba9-4a46-a1b5-18dbd3eb58b9" />
      <TestMethod codeBase="C:\Projekty\MSTestProject\bin\Debug\netcoreapp3.1\MSTestProject.dll" adapterTypeName="executor://mstestadapter/v2" className="TwojeWesele.Services.Helpers.Tests.CurrencyHelperTests" name="FormatToStringTest1000" />
    </UnitTest>
    <UnitTest name="FormatToStringTest1000 (45739.569854490255,45739.57 zł)" storage="c:\projekty\mstestproject\bin\debug\netcoreapp3.1\mstestproject.dll" id="291f4fde-6fdc-4588-a23d-852ccce8d037">
      <TestCategory>
        <TestCategoryItem TestCategory="Category1000" />
      </TestCategory>
      <Execution id="2638b928-b2cc-40ca-aaf7-05a38a297c0e" />
      <TestMethod codeBase="C:\Projekty\MSTestProject\bin\Debug\netcoreapp3.1\MSTestProject.dll" adapterTypeName="executor://mstestadapter/v2" className="TwojeWesele.Services.Helpers.Tests.CurrencyHelperTests" name="FormatToStringTest1000" />
    </UnitTest>
    <UnitTest name="FormatToStringTest1000 (7407.385606687696,7407.39 zł)" storage="c:\projekty\mstestproject\bin\debug\netcoreapp3.1\mstestproject.dll" id="2202a2b0-f149-4c9d-9652-e5daf0f6a3ad">
      <TestCategory>
        <TestCategoryItem TestCategory="Category1000" />
      </TestCategory>
      <Execution id="ab329af8-c1c7-4e02-aedf-171007471807" />
      <TestMethod codeBase="C:\Projekty\MSTestProject\bin\Debug\netcoreapp3.1\MSTestProject.dll" adapterTypeName="executor://mstestadapter/v2" className="TwojeWesele.Services.Helpers.Tests.CurrencyHelperTests" name="FormatToStringTest1000" />
    </UnitTest>
    <UnitTest name="FormatToStringTest1000 (2951.2722077329045,2951.27 zł)" storage="c:\projekty\mstestproject\bin\debug\netcoreapp3.1\mstestproject.dll" id="2a776fca-3bf5-4cf7-afac-4a31762d2404">
      <TestCategory>
        <TestCategoryItem TestCategory="Category1000" />
      </TestCategory>
      <Execution id="2b15eda1-0cd7-40d3-aa00-d8ec98e38300" />
      <TestMethod codeBase="C:\Projekty\MSTestProject\bin\Debug\netcoreapp3.1\MSTestProject.dll" adapterTypeName="executor://mstestadapter/v2" className="TwojeWesele.Services.Helpers.Tests.CurrencyHelperTests" name="FormatToStringTest1000" />
    </UnitTest>
    <UnitTest name="FormatToStringTest1000 (151.50737175275916,151.51 zł)" storage="c:\projekty\mstestproject\bin\debug\netcoreapp3.1\mstestproject.dll" id="08198165-bcd3-4051-975c-ccde0f94ee2b">
      <TestCategory>
        <TestCategoryItem TestCategory="Category1000" />
      </TestCategory>
      <Execution id="b315f106-9701-4989-a3d7-3d6af281c909" />
      <TestMethod codeBase="C:\Projekty\MSTestProject\bin\Debug\netcoreapp3.1\MSTestProject.dll" adapterTypeName="executor://mstestadapter/v2" className="TwojeWesele.Services.Helpers.Tests.CurrencyHelperTests" name="FormatToStringTest1000" />
    </UnitTest>
    <UnitTest name="FormatToStringTest1000 (7119.076353227755,7119.08 zł)" storage="c:\projekty\mstestproject\bin\debug\netcoreapp3.1\mstestproject.dll" id="899e1731-2e41-40b6-8b25-effdaa8c7906">
      <TestCategory>
        <TestCategoryItem TestCategory="Category1000" />
      </TestCategory>
      <Execution id="6d639adf-8bc6-4b3c-bbbc-eab66a02399d" />
      <TestMethod codeBase="C:\Projekty\MSTestProject\bin\Debug\netcoreapp3.1\MSTestProject.dll" adapterTypeName="executor://mstestadapter/v2" className="TwojeWesele.Services.Helpers.Tests.CurrencyHelperTests" name="FormatToStringTest1000" />
    </UnitTest>
    <UnitTest name="FormatToStringTest1000 (6266.232005888704,6266.23 zł)" storage="c:\projekty\mstestproject\bin\debug\netcoreapp3.1\mstestproject.dll" id="3b159faf-ba42-4dd9-8f03-cb0669a2b725">
      <TestCategory>
        <TestCategoryItem TestCategory="Category1000" />
      </TestCategory>
      <Execution id="2f3126cc-e193-4d22-bccb-12730654f42d" />
      <TestMethod codeBase="C:\Projekty\MSTestProject\bin\Debug\netcoreapp3.1\MSTestProject.dll" adapterTypeName="executor://mstestadapter/v2" className="TwojeWesele.Services.Helpers.Tests.CurrencyHelperTests" name="FormatToStringTest1000" />
    </UnitTest>
    <UnitTest name="FormatToStringTest1000 (3274.481392617096,3274.48 zł)" storage="c:\projekty\mstestproject\bin\debug\netcoreapp3.1\mstestproject.dll" id="28d59a5a-3f38-40bd-9d20-fbfee0075feb">
      <TestCategory>
        <TestCategoryItem TestCategory="Category1000" />
      </TestCategory>
      <Execution id="f4e90a4d-c354-4ee6-b88f-0a27522e3afa" />
      <TestMethod codeBase="C:\Projekty\MSTestProject\bin\Debug\netcoreapp3.1\MSTestProject.dll" adapterTypeName="executor://mstestadapter/v2" className="TwojeWesele.Services.Helpers.Tests.CurrencyHelperTests" name="FormatToStringTest1000" />
    </UnitTest>
    <UnitTest name="FormatToStringTest1000 (16637.074429372828,16637.07 zł)" storage="c:\projekty\mstestproject\bin\debug\netcoreapp3.1\mstestproject.dll" id="136884b2-d797-45cb-9df9-d2129d52a4d2">
      <TestCategory>
        <TestCategoryItem TestCategory="Category1000" />
      </TestCategory>
      <Execution id="bc31d30d-8a9e-4e62-9bb1-049208632330" />
      <TestMethod codeBase="C:\Projekty\MSTestProject\bin\Debug\netcoreapp3.1\MSTestProject.dll" adapterTypeName="executor://mstestadapter/v2" className="TwojeWesele.Services.Helpers.Tests.CurrencyHelperTests" name="FormatToStringTest1000" />
    </UnitTest>
    <UnitTest name="FormatToStringTest1000 (38402.8293406753,38402.83 zł)" storage="c:\projekty\mstestproject\bin\debug\netcoreapp3.1\mstestproject.dll" id="c242d76f-6bc0-4767-8b33-0f26bcea587f">
      <TestCategory>
        <TestCategoryItem TestCategory="Category1000" />
      </TestCategory>
      <Execution id="199d16cf-7122-44c7-b211-3e9a3633ef4d" />
      <TestMethod codeBase="C:\Projekty\MSTestProject\bin\Debug\netcoreapp3.1\MSTestProject.dll" adapterTypeName="executor://mstestadapter/v2" className="TwojeWesele.Services.Helpers.Tests.CurrencyHelperTests" name="FormatToStringTest1000" />
    </UnitTest>
    <UnitTest name="FormatToStringTest1000 (26515.80237687929,26515.80 zł)" storage="c:\projekty\mstestproject\bin\debug\netcoreapp3.1\mstestproject.dll" id="e7472f23-c39e-4501-96a9-fa5df78204e8">
      <TestCategory>
        <TestCategoryItem TestCategory="Category1000" />
      </TestCategory>
      <Execution id="4d50d461-0174-4a23-879f-a16344c3663f" />
      <TestMethod codeBase="C:\Projekty\MSTestProject\bin\Debug\netcoreapp3.1\MSTestProject.dll" adapterTypeName="executor://mstestadapter/v2" className="TwojeWesele.Services.Helpers.Tests.CurrencyHelperTests" name="FormatToStringTest1000" />
    </UnitTest>
    <UnitTest name="FormatToStringTest1000 (14198.39903067723,14198.40 zł)" storage="c:\projekty\mstestproject\bin\debug\netcoreapp3.1\mstestproject.dll" id="203729f0-7bee-43f2-b649-a023ecbb54c1">
      <TestCategory>
        <TestCategoryItem TestCategory="Category1000" />
      </TestCategory>
      <Execution id="ddbaf76c-b742-457d-812b-425f6fd315a5" />
      <TestMethod codeBase="C:\Projekty\MSTestProject\bin\Debug\netcoreapp3.1\MSTestProject.dll" adapterTypeName="executor://mstestadapter/v2" className="TwojeWesele.Services.Helpers.Tests.CurrencyHelperTests" name="FormatToStringTest1000" />
    </UnitTest>
    <UnitTest name="FormatToStringTest1000 (28579.14698705503,28579.15 zł)" storage="c:\projekty\mstestproject\bin\debug\netcoreapp3.1\mstestproject.dll" id="79553166-d07d-46cf-a729-ea9d7a719873">
      <TestCategory>
        <TestCategoryItem TestCategory="Category1000" />
      </TestCategory>
      <Execution id="884c0ff5-d2c8-4696-82ed-552117f73863" />
      <TestMethod codeBase="C:\Projekty\MSTestProject\bin\Debug\netcoreapp3.1\MSTestProject.dll" adapterTypeName="executor://mstestadapter/v2" className="TwojeWesele.Services.Helpers.Tests.CurrencyHelperTests" name="FormatToStringTest1000" />
    </UnitTest>
    <UnitTest name="FormatToStringTest1000 (1898.24149096489,1898.24 zł)" storage="c:\projekty\mstestproject\bin\debug\netcoreapp3.1\mstestproject.dll" id="1f884321-a41f-4a4d-92fd-408a73fbe2d8">
      <TestCategory>
        <TestCategoryItem TestCategory="Category1000" />
      </TestCategory>
      <Execution id="cc242ce9-165d-4f2d-8cd9-1c8170eab796" />
      <TestMethod codeBase="C:\Projekty\MSTestProject\bin\Debug\netcoreapp3.1\MSTestProject.dll" adapterTypeName="executor://mstestadapter/v2" className="TwojeWesele.Services.Helpers.Tests.CurrencyHelperTests" name="FormatToStringTest1000" />
    </UnitTest>
    <UnitTest name="FormatToStringTest1000 (9517.514896326473,9517.51 zł)" storage="c:\projekty\mstestproject\bin\debug\netcoreapp3.1\mstestproject.dll" id="ee073c0f-7401-4176-aaf6-e70eda78d435">
      <TestCategory>
        <TestCategoryItem TestCategory="Category1000" />
      </TestCategory>
      <Execution id="0574f615-449b-45af-92f7-985ef43cdbc5" />
      <TestMethod codeBase="C:\Projekty\MSTestProject\bin\Debug\netcoreapp3.1\MSTestProject.dll" adapterTypeName="executor://mstestadapter/v2" className="TwojeWesele.Services.Helpers.Tests.CurrencyHelperTests" name="FormatToStringTest1000" />
    </UnitTest>
    <UnitTest name="FormatToStringTest1000 (11989.099505855282,11989.10 zł)" storage="c:\projekty\mstestproject\bin\debug\netcoreapp3.1\mstestproject.dll" id="db0f914c-9719-4e22-b128-ad522dae8fa3">
      <TestCategory>
        <TestCategoryItem TestCategory="Category1000" />
      </TestCategory>
      <Execution id="571d4faa-4c8c-4f5a-905c-16c94963a1a9" />
      <TestMethod codeBase="C:\Projekty\MSTestProject\bin\Debug\netcoreapp3.1\MSTestProject.dll" adapterTypeName="executor://mstestadapter/v2" className="TwojeWesele.Services.Helpers.Tests.CurrencyHelperTests" name="FormatToStringTest1000" />
    </UnitTest>
    <UnitTest name="FormatToStringTest1000 (19882.647973500494,19882.65 zł)" storage="c:\projekty\mstestproject\bin\debug\netcoreapp3.1\mstestproject.dll" id="f4ab25a6-45b6-435d-9ffc-4b6c36faa6d1">
      <TestCategory>
        <TestCategoryItem TestCategory="Category1000" />
      </TestCategory>
      <Execution id="e371f47f-7213-4a1d-981b-31004ca2ac24" />
      <TestMethod codeBase="C:\Projekty\MSTestProject\bin\Debug\netcoreapp3.1\MSTestProject.dll" adapterTypeName="executor://mstestadapter/v2" className="TwojeWesele.Services.Helpers.Tests.CurrencyHelperTests" name="FormatToStringTest1000" />
    </UnitTest>
    <UnitTest name="FormatToStringTest1000 (22153.282278674324,22153.28 zł)" storage="c:\projekty\mstestproject\bin\debug\netcoreapp3.1\mstestproject.dll" id="98dc54ca-b7ca-496a-9263-6c506c3284f4">
      <TestCategory>
        <TestCategoryItem TestCategory="Category1000" />
      </TestCategory>
      <Execution id="80af2ecf-dbae-410d-b9c0-2146b8b4ec9f" />
      <TestMethod codeBase="C:\Projekty\MSTestProject\bin\Debug\netcoreapp3.1\MSTestProject.dll" adapterTypeName="executor://mstestadapter/v2" className="TwojeWesele.Services.Helpers.Tests.CurrencyHelperTests" name="FormatToStringTest1000" />
    </UnitTest>
    <UnitTest name="FormatToStringTest1000 (6820.105136090938,6820.11 zł)" storage="c:\projekty\mstestproject\bin\debug\netcoreapp3.1\mstestproject.dll" id="60c2be35-176a-499d-9bba-454dc1d2aa62">
      <TestCategory>
        <TestCategoryItem TestCategory="Category1000" />
      </TestCategory>
      <Execution id="ff730048-f834-468c-8cbb-03cd019f7b0e" />
      <TestMethod codeBase="C:\Projekty\MSTestProject\bin\Debug\netcoreapp3.1\MSTestProject.dll" adapterTypeName="executor://mstestadapter/v2" className="TwojeWesele.Services.Helpers.Tests.CurrencyHelperTests" name="FormatToStringTest1000" />
    </UnitTest>
    <UnitTest name="FormatToStringTest1000 (75987.03378503352,75987.03 zł)" storage="c:\projekty\mstestproject\bin\debug\netcoreapp3.1\mstestproject.dll" id="78e7e3f2-ec38-4224-8877-f7016d0f5700">
      <TestCategory>
        <TestCategoryItem TestCategory="Category1000" />
      </TestCategory>
      <Execution id="3970ccd4-b021-4a6d-b8c5-9a22cf90022f" />
      <TestMethod codeBase="C:\Projekty\MSTestProject\bin\Debug\netcoreapp3.1\MSTestProject.dll" adapterTypeName="executor://mstestadapter/v2" className="TwojeWesele.Services.Helpers.Tests.CurrencyHelperTests" name="FormatToStringTest1000" />
    </UnitTest>
    <UnitTest name="FormatToStringTest1000 (7569.605888796322,7569.61 zł)" storage="c:\projekty\mstestproject\bin\debug\netcoreapp3.1\mstestproject.dll" id="287dc474-37fc-413e-b722-61fd882542bb">
      <TestCategory>
        <TestCategoryItem TestCategory="Category1000" />
      </TestCategory>
      <Execution id="0606699a-27da-4a81-87d4-067f29452a81" />
      <TestMethod codeBase="C:\Projekty\MSTestProject\bin\Debug\netcoreapp3.1\MSTestProject.dll" adapterTypeName="executor://mstestadapter/v2" className="TwojeWesele.Services.Helpers.Tests.CurrencyHelperTests" name="FormatToStringTest1000" />
    </UnitTest>
    <UnitTest name="FormatToStringTest1000 (23548.88067407016,23548.88 zł)" storage="c:\projekty\mstestproject\bin\debug\netcoreapp3.1\mstestproject.dll" id="71d1d207-0b02-4c3d-a123-8326ad4eb3c4">
      <TestCategory>
        <TestCategoryItem TestCategory="Category1000" />
      </TestCategory>
      <Execution id="4a7ab0fe-f3f7-4ed0-a1cd-aadb0a7ce81a" />
      <TestMethod codeBase="C:\Projekty\MSTestProject\bin\Debug\netcoreapp3.1\MSTestProject.dll" adapterTypeName="executor://mstestadapter/v2" className="TwojeWesele.Services.Helpers.Tests.CurrencyHelperTests" name="FormatToStringTest1000" />
    </UnitTest>
    <UnitTest name="FormatToStringTest1000 (6170.939441211959,6170.94 zł)" storage="c:\projekty\mstestproject\bin\debug\netcoreapp3.1\mstestproject.dll" id="55587b82-7aa3-43c6-99c7-47a55fb49826">
      <TestCategory>
        <TestCategoryItem TestCategory="Category1000" />
      </TestCategory>
      <Execution id="6efd5f37-d8de-4d16-b28f-9b5ff703bf32" />
      <TestMethod codeBase="C:\Projekty\MSTestProject\bin\Debug\netcoreapp3.1\MSTestProject.dll" adapterTypeName="executor://mstestadapter/v2" className="TwojeWesele.Services.Helpers.Tests.CurrencyHelperTests" name="FormatToStringTest1000" />
    </UnitTest>
    <UnitTest name="FormatToStringTest1000 (18794.859523484418,18794.86 zł)" storage="c:\projekty\mstestproject\bin\debug\netcoreapp3.1\mstestproject.dll" id="01fe9dea-6f62-4fdc-ad3b-29677e431d1f">
      <TestCategory>
        <TestCategoryItem TestCategory="Category1000" />
      </TestCategory>
      <Execution id="1c5564c0-7d93-4c16-aa88-9fa930726aab" />
      <TestMethod codeBase="C:\Projekty\MSTestProject\bin\Debug\netcoreapp3.1\MSTestProject.dll" adapterTypeName="executor://mstestadapter/v2" className="TwojeWesele.Services.Helpers.Tests.CurrencyHelperTests" name="FormatToStringTest1000" />
    </UnitTest>
    <UnitTest name="FormatToStringTest1000 (9816.961298880615,9816.96 zł)" storage="c:\projekty\mstestproject\bin\debug\netcoreapp3.1\mstestproject.dll" id="46fc344b-ce04-46ef-b147-20f42cf851a7">
      <TestCategory>
        <TestCategoryItem TestCategory="Category1000" />
      </TestCategory>
      <Execution id="0fee0e93-6c4f-413f-bc25-e975b98962e6" />
      <TestMethod codeBase="C:\Projekty\MSTestProject\bin\Debug\netcoreapp3.1\MSTestProject.dll" adapterTypeName="executor://mstestadapter/v2" className="TwojeWesele.Services.Helpers.Tests.CurrencyHelperTests" name="FormatToStringTest1000" />
    </UnitTest>
    <UnitTest name="FormatToStringTest1000 (4554.73912809777,4554.74 zł)" storage="c:\projekty\mstestproject\bin\debug\netcoreapp3.1\mstestproject.dll" id="ec1fbe9b-6788-45ef-ab78-d9c37ffc3c00">
      <TestCategory>
        <TestCategoryItem TestCategory="Category1000" />
      </TestCategory>
      <Execution id="36179f0a-e697-4a0d-b635-a931d680054b" />
      <TestMethod codeBase="C:\Projekty\MSTestProject\bin\Debug\netcoreapp3.1\MSTestProject.dll" adapterTypeName="executor://mstestadapter/v2" className="TwojeWesele.Services.Helpers.Tests.CurrencyHelperTests" name="FormatToStringTest1000" />
    </UnitTest>
    <UnitTest name="FormatToStringTest1000 (6665.405372488035,6665.41 zł)" storage="c:\projekty\mstestproject\bin\debug\netcoreapp3.1\mstestproject.dll" id="6d6aa105-2046-4763-8b75-c4c21ce9569d">
      <TestCategory>
        <TestCategoryItem TestCategory="Category1000" />
      </TestCategory>
      <Execution id="3b3f3ab5-3096-4fa1-963c-7df7a797f7be" />
      <TestMethod codeBase="C:\Projekty\MSTestProject\bin\Debug\netcoreapp3.1\MSTestProject.dll" adapterTypeName="executor://mstestadapter/v2" className="TwojeWesele.Services.Helpers.Tests.CurrencyHelperTests" name="FormatToStringTest1000" />
    </UnitTest>
    <UnitTest name="FormatToStringTest1000 (79339.95632144621,79339.96 zł)" storage="c:\projekty\mstestproject\bin\debug\netcoreapp3.1\mstestproject.dll" id="a0be13d4-62a2-4143-9330-279655100e6a">
      <TestCategory>
        <TestCategoryItem TestCategory="Category1000" />
      </TestCategory>
      <Execution id="a2474a94-a50b-47e8-92b3-227b0a2f01ec" />
      <TestMethod codeBase="C:\Projekty\MSTestProject\bin\Debug\netcoreapp3.1\MSTestProject.dll" adapterTypeName="executor://mstestadapter/v2" className="TwojeWesele.Services.Helpers.Tests.CurrencyHelperTests" name="FormatToStringTest1000" />
    </UnitTest>
    <UnitTest name="FormatToStringTest1000 (44677.61946778074,44677.62 zł)" storage="c:\projekty\mstestproject\bin\debug\netcoreapp3.1\mstestproject.dll" id="4bfee9a0-5944-43a1-9b9f-4aed0d7cfdb8">
      <TestCategory>
        <TestCategoryItem TestCategory="Category1000" />
      </TestCategory>
      <Execution id="3b7d47a6-2ee6-40ca-8421-6ce0b0454130" />
      <TestMethod codeBase="C:\Projekty\MSTestProject\bin\Debug\netcoreapp3.1\MSTestProject.dll" adapterTypeName="executor://mstestadapter/v2" className="TwojeWesele.Services.Helpers.Tests.CurrencyHelperTests" name="FormatToStringTest1000" />
    </UnitTest>
    <UnitTest name="FormatToStringTest1000 (2505.286326204094,2505.29 zł)" storage="c:\projekty\mstestproject\bin\debug\netcoreapp3.1\mstestproject.dll" id="1fa0523b-fc38-44fd-985c-89088946dc21">
      <TestCategory>
        <TestCategoryItem TestCategory="Category1000" />
      </TestCategory>
      <Execution id="8162f7bd-4ee8-480b-a8da-323faeeb1e79" />
      <TestMethod codeBase="C:\Projekty\MSTestProject\bin\Debug\netcoreapp3.1\MSTestProject.dll" adapterTypeName="executor://mstestadapter/v2" className="TwojeWesele.Services.Helpers.Tests.CurrencyHelperTests" name="FormatToStringTest1000" />
    </UnitTest>
    <UnitTest name="FormatToStringTest1000 (34242.181005260056,34242.18 zł)" storage="c:\projekty\mstestproject\bin\debug\netcoreapp3.1\mstestproject.dll" id="e746ab1b-6cd7-4eea-ad0e-50094ce1d1bb">
      <TestCategory>
        <TestCategoryItem TestCategory="Category1000" />
      </TestCategory>
      <Execution id="ddd51e91-f82c-4e4e-ab5e-c1c512104221" />
      <TestMethod codeBase="C:\Projekty\MSTestProject\bin\Debug\netcoreapp3.1\MSTestProject.dll" adapterTypeName="executor://mstestadapter/v2" className="TwojeWesele.Services.Helpers.Tests.CurrencyHelperTests" name="FormatToStringTest1000" />
    </UnitTest>
    <UnitTest name="FormatToStringTest1000 (50009.23881716898,50009.24 zł)" storage="c:\projekty\mstestproject\bin\debug\netcoreapp3.1\mstestproject.dll" id="53a4180a-b7f7-4b58-96d1-6093f2b2bc43">
      <TestCategory>
        <TestCategoryItem TestCategory="Category1000" />
      </TestCategory>
      <Execution id="dbb1d9bd-3cca-4727-89d3-56d88d197759" />
      <TestMethod codeBase="C:\Projekty\MSTestProject\bin\Debug\netcoreapp3.1\MSTestProject.dll" adapterTypeName="executor://mstestadapter/v2" className="TwojeWesele.Services.Helpers.Tests.CurrencyHelperTests" name="FormatToStringTest1000" />
    </UnitTest>
    <UnitTest name="FormatToStringTest1000 (20737.251994218328,20737.25 zł)" storage="c:\projekty\mstestproject\bin\debug\netcoreapp3.1\mstestproject.dll" id="2200f3b0-4663-40a0-b0df-07fef13acc05">
      <TestCategory>
        <TestCategoryItem TestCategory="Category1000" />
      </TestCategory>
      <Execution id="43b9dcd9-0b74-458b-b45b-7fc3af177073" />
      <TestMethod codeBase="C:\Projekty\MSTestProject\bin\Debug\netcoreapp3.1\MSTestProject.dll" adapterTypeName="executor://mstestadapter/v2" className="TwojeWesele.Services.Helpers.Tests.CurrencyHelperTests" name="FormatToStringTest1000" />
    </UnitTest>
    <UnitTest name="FormatToStringTest1000 (2992.6161168593057,2992.62 zł)" storage="c:\projekty\mstestproject\bin\debug\netcoreapp3.1\mstestproject.dll" id="c6e6d0cb-2378-4737-bcd5-7b6583e25ebd">
      <TestCategory>
        <TestCategoryItem TestCategory="Category1000" />
      </TestCategory>
      <Execution id="adeaf6a0-5e75-42d8-ad11-19717a9ebadd" />
      <TestMethod codeBase="C:\Projekty\MSTestProject\bin\Debug\netcoreapp3.1\MSTestProject.dll" adapterTypeName="executor://mstestadapter/v2" className="TwojeWesele.Services.Helpers.Tests.CurrencyHelperTests" name="FormatToStringTest1000" />
    </UnitTest>
    <UnitTest name="FormatToStringTest1000 (29362.005930638876,29362.01 zł)" storage="c:\projekty\mstestproject\bin\debug\netcoreapp3.1\mstestproject.dll" id="ce48ab58-4406-4b17-9977-94da299684a6">
      <TestCategory>
        <TestCategoryItem TestCategory="Category1000" />
      </TestCategory>
      <Execution id="97437cc0-76b2-40d3-887f-76ca173de955" />
      <TestMethod codeBase="C:\Projekty\MSTestProject\bin\Debug\netcoreapp3.1\MSTestProject.dll" adapterTypeName="executor://mstestadapter/v2" className="TwojeWesele.Services.Helpers.Tests.CurrencyHelperTests" name="FormatToStringTest1000" />
    </UnitTest>
    <UnitTest name="FormatToStringTest1000 (16388.556189478633,16388.56 zł)" storage="c:\projekty\mstestproject\bin\debug\netcoreapp3.1\mstestproject.dll" id="2adef61c-97b2-4a07-a57e-a57fd2eabd39">
      <TestCategory>
        <TestCategoryItem TestCategory="Category1000" />
      </TestCategory>
      <Execution id="f8c286b6-e58e-4ee4-81bc-982dec95cf9d" />
      <TestMethod codeBase="C:\Projekty\MSTestProject\bin\Debug\netcoreapp3.1\MSTestProject.dll" adapterTypeName="executor://mstestadapter/v2" className="TwojeWesele.Services.Helpers.Tests.CurrencyHelperTests" name="FormatToStringTest1000" />
    </UnitTest>
    <UnitTest name="FormatToStringTest1000 (21728.91641959963,21728.92 zł)" storage="c:\projekty\mstestproject\bin\debug\netcoreapp3.1\mstestproject.dll" id="d9151bb2-7ddb-4430-9a81-2eb0eee51b9c">
      <TestCategory>
        <TestCategoryItem TestCategory="Category1000" />
      </TestCategory>
      <Execution id="b993355f-f48c-44b2-9ff3-be011f3b3e82" />
      <TestMethod codeBase="C:\Projekty\MSTestProject\bin\Debug\netcoreapp3.1\MSTestProject.dll" adapterTypeName="executor://mstestadapter/v2" className="TwojeWesele.Services.Helpers.Tests.CurrencyHelperTests" name="FormatToStringTest1000" />
    </UnitTest>
    <UnitTest name="FormatToStringTest1000 (48449.85582609189,48449.86 zł)" storage="c:\projekty\mstestproject\bin\debug\netcoreapp3.1\mstestproject.dll" id="e80f9d6b-b565-4152-aac9-47d4727872a9">
      <TestCategory>
        <TestCategoryItem TestCategory="Category1000" />
      </TestCategory>
      <Execution id="6e4937b6-22c6-44c3-b7a5-bdde13a78871" />
      <TestMethod codeBase="C:\Projekty\MSTestProject\bin\Debug\netcoreapp3.1\MSTestProject.dll" adapterTypeName="executor://mstestadapter/v2" className="TwojeWesele.Services.Helpers.Tests.CurrencyHelperTests" name="FormatToStringTest1000" />
    </UnitTest>
    <UnitTest name="FormatToStringTest1000 (12125.090155628086,12125.09 zł)" storage="c:\projekty\mstestproject\bin\debug\netcoreapp3.1\mstestproject.dll" id="fc80b735-4e89-4028-ba2a-5c3cfef0a727">
      <TestCategory>
        <TestCategoryItem TestCategory="Category1000" />
      </TestCategory>
      <Execution id="12a7442a-ca13-4188-a460-df55e6ab2332" />
      <TestMethod codeBase="C:\Projekty\MSTestProject\bin\Debug\netcoreapp3.1\MSTestProject.dll" adapterTypeName="executor://mstestadapter/v2" className="TwojeWesele.Services.Helpers.Tests.CurrencyHelperTests" name="FormatToStringTest1000" />
    </UnitTest>
    <UnitTest name="FormatToStringTest1000 (6205.946199725357,6205.95 zł)" storage="c:\projekty\mstestproject\bin\debug\netcoreapp3.1\mstestproject.dll" id="6f862947-f2a6-4c33-8382-cf51b395dc0d">
      <TestCategory>
        <TestCategoryItem TestCategory="Category1000" />
      </TestCategory>
      <Execution id="fbc16c69-3aec-4e51-851c-f376a957ae2b" />
      <TestMethod codeBase="C:\Projekty\MSTestProject\bin\Debug\netcoreapp3.1\MSTestProject.dll" adapterTypeName="executor://mstestadapter/v2" className="TwojeWesele.Services.Helpers.Tests.CurrencyHelperTests" name="FormatToStringTest1000" />
    </UnitTest>
    <UnitTest name="FormatToStringTest1000 (12903.541202012237,12903.54 zł)" storage="c:\projekty\mstestproject\bin\debug\netcoreapp3.1\mstestproject.dll" id="27afbc5b-bfd0-4456-99a6-066f9f498521">
      <TestCategory>
        <TestCategoryItem TestCategory="Category1000" />
      </TestCategory>
      <Execution id="89972fba-fe98-4bba-874e-8a3fd67009c0" />
      <TestMethod codeBase="C:\Projekty\MSTestProject\bin\Debug\netcoreapp3.1\MSTestProject.dll" adapterTypeName="executor://mstestadapter/v2" className="TwojeWesele.Services.Helpers.Tests.CurrencyHelperTests" name="FormatToStringTest1000" />
    </UnitTest>
    <UnitTest name="FormatToStringTest1000 (42728.35751444258,42728.36 zł)" storage="c:\projekty\mstestproject\bin\debug\netcoreapp3.1\mstestproject.dll" id="1c91abfa-2e24-4b0c-926d-ed9cedca66e4">
      <TestCategory>
        <TestCategoryItem TestCategory="Category1000" />
      </TestCategory>
      <Execution id="eb0aaf4a-c570-4fd4-a3c6-1c542c36a041" />
      <TestMethod codeBase="C:\Projekty\MSTestProject\bin\Debug\netcoreapp3.1\MSTestProject.dll" adapterTypeName="executor://mstestadapter/v2" className="TwojeWesele.Services.Helpers.Tests.CurrencyHelperTests" name="FormatToStringTest1000" />
    </UnitTest>
    <UnitTest name="FormatToStringTest1000 (26174.290999793586,26174.29 zł)" storage="c:\projekty\mstestproject\bin\debug\netcoreapp3.1\mstestproject.dll" id="a68f8550-633e-42d2-a7aa-6b734884e631">
      <TestCategory>
        <TestCategoryItem TestCategory="Category1000" />
      </TestCategory>
      <Execution id="01a6d873-f6f8-4195-a79a-934a5fcb14a9" />
      <TestMethod codeBase="C:\Projekty\MSTestProject\bin\Debug\netcoreapp3.1\MSTestProject.dll" adapterTypeName="executor://mstestadapter/v2" className="TwojeWesele.Services.Helpers.Tests.CurrencyHelperTests" name="FormatToStringTest1000" />
    </UnitTest>
    <UnitTest name="FormatToStringTest1000 (34096.337879508894,34096.34 zł)" storage="c:\projekty\mstestproject\bin\debug\netcoreapp3.1\mstestproject.dll" id="98838ff5-37c4-4474-97d7-d3deb2c79325">
      <TestCategory>
        <TestCategoryItem TestCategory="Category1000" />
      </TestCategory>
      <Execution id="78c7d4a6-1d59-490c-bc04-277acf4c6513" />
      <TestMethod codeBase="C:\Projekty\MSTestProject\bin\Debug\netcoreapp3.1\MSTestProject.dll" adapterTypeName="executor://mstestadapter/v2" className="TwojeWesele.Services.Helpers.Tests.CurrencyHelperTests" name="FormatToStringTest1000" />
    </UnitTest>
    <UnitTest name="FormatToStringTest1000 (4636.500544966897,4636.50 zł)" storage="c:\projekty\mstestproject\bin\debug\netcoreapp3.1\mstestproject.dll" id="5d103517-957d-4079-ab60-a7af66a6cc51">
      <TestCategory>
        <TestCategoryItem TestCategory="Category1000" />
      </TestCategory>
      <Execution id="67bfbf1c-edd9-4ee7-a54d-5ca9edd1eb2a" />
      <TestMethod codeBase="C:\Projekty\MSTestProject\bin\Debug\netcoreapp3.1\MSTestProject.dll" adapterTypeName="executor://mstestadapter/v2" className="TwojeWesele.Services.Helpers.Tests.CurrencyHelperTests" name="FormatToStringTest1000" />
    </UnitTest>
    <UnitTest name="FormatToStringTest1000 (14480.387652530982,14480.39 zł)" storage="c:\projekty\mstestproject\bin\debug\netcoreapp3.1\mstestproject.dll" id="73dda392-4320-421c-b214-16efe06e4c96">
      <TestCategory>
        <TestCategoryItem TestCategory="Category1000" />
      </TestCategory>
      <Execution id="fba2e583-b093-4f2b-be8b-17ca26c40f46" />
      <TestMethod codeBase="C:\Projekty\MSTestProject\bin\Debug\netcoreapp3.1\MSTestProject.dll" adapterTypeName="executor://mstestadapter/v2" className="TwojeWesele.Services.Helpers.Tests.CurrencyHelperTests" name="FormatToStringTest1000" />
    </UnitTest>
    <UnitTest name="FormatToStringTest1000 (22604.838218828587,22604.84 zł)" storage="c:\projekty\mstestproject\bin\debug\netcoreapp3.1\mstestproject.dll" id="d8b1f3bd-d070-4055-8d82-74b111288077">
      <TestCategory>
        <TestCategoryItem TestCategory="Category1000" />
      </TestCategory>
      <Execution id="da4085fb-bd92-406a-ae57-1c61c8fbb2de" />
      <TestMethod codeBase="C:\Projekty\MSTestProject\bin\Debug\netcoreapp3.1\MSTestProject.dll" adapterTypeName="executor://mstestadapter/v2" className="TwojeWesele.Services.Helpers.Tests.CurrencyHelperTests" name="FormatToStringTest1000" />
    </UnitTest>
    <UnitTest name="FormatToStringTest1000 (41008.28505327194,41008.29 zł)" storage="c:\projekty\mstestproject\bin\debug\netcoreapp3.1\mstestproject.dll" id="98dd6230-2eac-409f-b8d1-bbcb67b596a6">
      <TestCategory>
        <TestCategoryItem TestCategory="Category1000" />
      </TestCategory>
      <Execution id="ecd26624-810f-4ca1-89fb-ad9f1cc7c7be" />
      <TestMethod codeBase="C:\Projekty\MSTestProject\bin\Debug\netcoreapp3.1\MSTestProject.dll" adapterTypeName="executor://mstestadapter/v2" className="TwojeWesele.Services.Helpers.Tests.CurrencyHelperTests" name="FormatToStringTest1000" />
    </UnitTest>
    <UnitTest name="FormatToStringTest1000 (29678.921519093645,29678.92 zł)" storage="c:\projekty\mstestproject\bin\debug\netcoreapp3.1\mstestproject.dll" id="bfdc770f-0293-47fd-bed2-6b8c1859c3e3">
      <TestCategory>
        <TestCategoryItem TestCategory="Category1000" />
      </TestCategory>
      <Execution id="c34b7df6-909c-4b2b-b6b2-2091ef724741" />
      <TestMethod codeBase="C:\Projekty\MSTestProject\bin\Debug\netcoreapp3.1\MSTestProject.dll" adapterTypeName="executor://mstestadapter/v2" className="TwojeWesele.Services.Helpers.Tests.CurrencyHelperTests" name="FormatToStringTest1000" />
    </UnitTest>
    <UnitTest name="FormatToStringTest1000 (21693.340115174808,21693.34 zł)" storage="c:\projekty\mstestproject\bin\debug\netcoreapp3.1\mstestproject.dll" id="13344aac-b366-448b-8da9-6c58b934b413">
      <TestCategory>
        <TestCategoryItem TestCategory="Category1000" />
      </TestCategory>
      <Execution id="155ce709-5734-44cd-9ff4-f854b78ad3cf" />
      <TestMethod codeBase="C:\Projekty\MSTestProject\bin\Debug\netcoreapp3.1\MSTestProject.dll" adapterTypeName="executor://mstestadapter/v2" className="TwojeWesele.Services.Helpers.Tests.CurrencyHelperTests" name="FormatToStringTest1000" />
    </UnitTest>
    <UnitTest name="FormatToStringTest1000 (27942.393876474067,27942.39 zł)" storage="c:\projekty\mstestproject\bin\debug\netcoreapp3.1\mstestproject.dll" id="9b3bdde4-3717-4c6a-8843-dadc33416775">
      <TestCategory>
        <TestCategoryItem TestCategory="Category1000" />
      </TestCategory>
      <Execution id="9c79d877-2f2a-4b2f-ab9a-a4f029d4ca91" />
      <TestMethod codeBase="C:\Projekty\MSTestProject\bin\Debug\netcoreapp3.1\MSTestProject.dll" adapterTypeName="executor://mstestadapter/v2" className="TwojeWesele.Services.Helpers.Tests.CurrencyHelperTests" name="FormatToStringTest1000" />
    </UnitTest>
    <UnitTest name="FormatToStringTest1000 (73477.18206926118,73477.18 zł)" storage="c:\projekty\mstestproject\bin\debug\netcoreapp3.1\mstestproject.dll" id="e33d8809-367f-4aca-b079-467e08bf0d51">
      <TestCategory>
        <TestCategoryItem TestCategory="Category1000" />
      </TestCategory>
      <Execution id="b51c458a-9139-48ad-843d-283792754b11" />
      <TestMethod codeBase="C:\Projekty\MSTestProject\bin\Debug\netcoreapp3.1\MSTestProject.dll" adapterTypeName="executor://mstestadapter/v2" className="TwojeWesele.Services.Helpers.Tests.CurrencyHelperTests" name="FormatToStringTest1000" />
    </UnitTest>
    <UnitTest name="FormatToStringTest1000 (63946.51014057478,63946.51 zł)" storage="c:\projekty\mstestproject\bin\debug\netcoreapp3.1\mstestproject.dll" id="5d522f91-061e-4d06-afc8-c6d0fe7a4bfc">
      <TestCategory>
        <TestCategoryItem TestCategory="Category1000" />
      </TestCategory>
      <Execution id="7612b7d3-7b04-47f8-99bc-3c140f693466" />
      <TestMethod codeBase="C:\Projekty\MSTestProject\bin\Debug\netcoreapp3.1\MSTestProject.dll" adapterTypeName="executor://mstestadapter/v2" className="TwojeWesele.Services.Helpers.Tests.CurrencyHelperTests" name="FormatToStringTest1000" />
    </UnitTest>
    <UnitTest name="FormatToStringTest1000 (30626.373939456127,30626.37 zł)" storage="c:\projekty\mstestproject\bin\debug\netcoreapp3.1\mstestproject.dll" id="bfc220a5-d273-4b53-88fb-d997a44f4cef">
      <TestCategory>
        <TestCategoryItem TestCategory="Category1000" />
      </TestCategory>
      <Execution id="276dcabe-99d5-4a0e-8e5f-11584e153223" />
      <TestMethod codeBase="C:\Projekty\MSTestProject\bin\Debug\netcoreapp3.1\MSTestProject.dll" adapterTypeName="executor://mstestadapter/v2" className="TwojeWesele.Services.Helpers.Tests.CurrencyHelperTests" name="FormatToStringTest1000" />
    </UnitTest>
    <UnitTest name="FormatToStringTest1000 (15624.452361264477,15624.45 zł)" storage="c:\projekty\mstestproject\bin\debug\netcoreapp3.1\mstestproject.dll" id="e3651c35-3a2c-4cef-8f6a-186b40d415eb">
      <TestCategory>
        <TestCategoryItem TestCategory="Category1000" />
      </TestCategory>
      <Execution id="b501281d-a70c-4ab7-9400-f119fb05adca" />
      <TestMethod codeBase="C:\Projekty\MSTestProject\bin\Debug\netcoreapp3.1\MSTestProject.dll" adapterTypeName="executor://mstestadapter/v2" className="TwojeWesele.Services.Helpers.Tests.CurrencyHelperTests" name="FormatToStringTest1000" />
    </UnitTest>
    <UnitTest name="FormatToStringTest1000 (64490.52771614982,64490.53 zł)" storage="c:\projekty\mstestproject\bin\debug\netcoreapp3.1\mstestproject.dll" id="330071d9-daa8-4360-985d-82eed578eec7">
      <TestCategory>
        <TestCategoryItem TestCategory="Category1000" />
      </TestCategory>
      <Execution id="2663d7d0-a7a0-49bf-8e7e-147dd6906556" />
      <TestMethod codeBase="C:\Projekty\MSTestProject\bin\Debug\netcoreapp3.1\MSTestProject.dll" adapterTypeName="executor://mstestadapter/v2" className="TwojeWesele.Services.Helpers.Tests.CurrencyHelperTests" name="FormatToStringTest1000" />
    </UnitTest>
    <UnitTest name="FormatToStringTest1000 (272.5621069118204,272.56 zł)" storage="c:\projekty\mstestproject\bin\debug\netcoreapp3.1\mstestproject.dll" id="e7de3f20-0243-4151-b462-e4e83ee3c711">
      <TestCategory>
        <TestCategoryItem TestCategory="Category1000" />
      </TestCategory>
      <Execution id="9cd25b59-04a7-4b0e-a815-0d952700c96d" />
      <TestMethod codeBase="C:\Projekty\MSTestProject\bin\Debug\netcoreapp3.1\MSTestProject.dll" adapterTypeName="executor://mstestadapter/v2" className="TwojeWesele.Services.Helpers.Tests.CurrencyHelperTests" name="FormatToStringTest1000" />
    </UnitTest>
    <UnitTest name="FormatToStringTest1000 (4555.538255205163,4555.54 zł)" storage="c:\projekty\mstestproject\bin\debug\netcoreapp3.1\mstestproject.dll" id="776860fb-ab02-4031-98e3-46c6d7aa0429">
      <TestCategory>
        <TestCategoryItem TestCategory="Category1000" />
      </TestCategory>
      <Execution id="1a300a9a-2468-4162-b439-d35b046958db" />
      <TestMethod codeBase="C:\Projekty\MSTestProject\bin\Debug\netcoreapp3.1\MSTestProject.dll" adapterTypeName="executor://mstestadapter/v2" className="TwojeWesele.Services.Helpers.Tests.CurrencyHelperTests" name="FormatToStringTest1000" />
    </UnitTest>
    <UnitTest name="FormatToStringTest1000 (36211.11038300866,36211.11 zł)" storage="c:\projekty\mstestproject\bin\debug\netcoreapp3.1\mstestproject.dll" id="4d3359c2-f5d0-476d-b47e-a627b1da002a">
      <TestCategory>
        <TestCategoryItem TestCategory="Category1000" />
      </TestCategory>
      <Execution id="76d7da62-ee39-4405-b084-cb20a4c77cc9" />
      <TestMethod codeBase="C:\Projekty\MSTestProject\bin\Debug\netcoreapp3.1\MSTestProject.dll" adapterTypeName="executor://mstestadapter/v2" className="TwojeWesele.Services.Helpers.Tests.CurrencyHelperTests" name="FormatToStringTest1000" />
    </UnitTest>
    <UnitTest name="FormatToStringTest1000 (19208.676036795914,19208.68 zł)" storage="c:\projekty\mstestproject\bin\debug\netcoreapp3.1\mstestproject.dll" id="f621b426-fc29-4d49-aa83-712f63c1d51b">
      <TestCategory>
        <TestCategoryItem TestCategory="Category1000" />
      </TestCategory>
      <Execution id="29abe795-92e2-45b4-90b5-44b17f2c5b40" />
      <TestMethod codeBase="C:\Projekty\MSTestProject\bin\Debug\netcoreapp3.1\MSTestProject.dll" adapterTypeName="executor://mstestadapter/v2" className="TwojeWesele.Services.Helpers.Tests.CurrencyHelperTests" name="FormatToStringTest1000" />
    </UnitTest>
    <UnitTest name="FormatToStringTest1000 (29845.02749849345,29845.03 zł)" storage="c:\projekty\mstestproject\bin\debug\netcoreapp3.1\mstestproject.dll" id="94390001-3788-4b77-9a18-5cf86ff13ecb">
      <TestCategory>
        <TestCategoryItem TestCategory="Category1000" />
      </TestCategory>
      <Execution id="909509e3-c9ea-47f0-a455-be58eecd5cae" />
      <TestMethod codeBase="C:\Projekty\MSTestProject\bin\Debug\netcoreapp3.1\MSTestProject.dll" adapterTypeName="executor://mstestadapter/v2" className="TwojeWesele.Services.Helpers.Tests.CurrencyHelperTests" name="FormatToStringTest1000" />
    </UnitTest>
    <UnitTest name="FormatToStringTest1000 (58191.92113629585,58191.92 zł)" storage="c:\projekty\mstestproject\bin\debug\netcoreapp3.1\mstestproject.dll" id="69a22124-1221-444f-b4fa-44122a98ec80">
      <TestCategory>
        <TestCategoryItem TestCategory="Category1000" />
      </TestCategory>
      <Execution id="24c91c10-8f2d-429d-b3a0-d47ae7f338d2" />
      <TestMethod codeBase="C:\Projekty\MSTestProject\bin\Debug\netcoreapp3.1\MSTestProject.dll" adapterTypeName="executor://mstestadapter/v2" className="TwojeWesele.Services.Helpers.Tests.CurrencyHelperTests" name="FormatToStringTest1000" />
    </UnitTest>
    <UnitTest name="FormatToStringTest1000 (45299.778512198376,45299.78 zł)" storage="c:\projekty\mstestproject\bin\debug\netcoreapp3.1\mstestproject.dll" id="8ddec0d3-5705-491b-85ea-158f7bf854a8">
      <TestCategory>
        <TestCategoryItem TestCategory="Category1000" />
      </TestCategory>
      <Execution id="87378c8a-8445-4aed-8429-3cb4bc5132b4" />
      <TestMethod codeBase="C:\Projekty\MSTestProject\bin\Debug\netcoreapp3.1\MSTestProject.dll" adapterTypeName="executor://mstestadapter/v2" className="TwojeWesele.Services.Helpers.Tests.CurrencyHelperTests" name="FormatToStringTest1000" />
    </UnitTest>
    <UnitTest name="FormatToStringTest1000 (36978.61073549213,36978.61 zł)" storage="c:\projekty\mstestproject\bin\debug\netcoreapp3.1\mstestproject.dll" id="2ee84abb-94cc-4a91-8466-575fc2ac7f76">
      <TestCategory>
        <TestCategoryItem TestCategory="Category1000" />
      </TestCategory>
      <Execution id="f2781c3e-c586-4425-a5d5-42c35e265dfb" />
      <TestMethod codeBase="C:\Projekty\MSTestProject\bin\Debug\netcoreapp3.1\MSTestProject.dll" adapterTypeName="executor://mstestadapter/v2" className="TwojeWesele.Services.Helpers.Tests.CurrencyHelperTests" name="FormatToStringTest1000" />
    </UnitTest>
    <UnitTest name="FormatToStringTest1000 (24030.724859085738,24030.72 zł)" storage="c:\projekty\mstestproject\bin\debug\netcoreapp3.1\mstestproject.dll" id="ad35628d-2c6f-40f3-a62f-d0995516dd8a">
      <TestCategory>
        <TestCategoryItem TestCategory="Category1000" />
      </TestCategory>
      <Execution id="b689aaa8-f234-45fa-8d51-b7a3a88d6688" />
      <TestMethod codeBase="C:\Projekty\MSTestProject\bin\Debug\netcoreapp3.1\MSTestProject.dll" adapterTypeName="executor://mstestadapter/v2" className="TwojeWesele.Services.Helpers.Tests.CurrencyHelperTests" name="FormatToStringTest1000" />
    </UnitTest>
    <UnitTest name="FormatToStringTest1000 (15080.274618567097,15080.27 zł)" storage="c:\projekty\mstestproject\bin\debug\netcoreapp3.1\mstestproject.dll" id="103af03a-ef53-4b3b-bfea-8d0cc00d61ba">
      <TestCategory>
        <TestCategoryItem TestCategory="Category1000" />
      </TestCategory>
      <Execution id="d83170d8-397b-47b0-b4b8-26ef5b7c29d9" />
      <TestMethod codeBase="C:\Projekty\MSTestProject\bin\Debug\netcoreapp3.1\MSTestProject.dll" adapterTypeName="executor://mstestadapter/v2" className="TwojeWesele.Services.Helpers.Tests.CurrencyHelperTests" name="FormatToStringTest1000" />
    </UnitTest>
    <UnitTest name="FormatToStringTest1000 (52810.91713865516,52810.92 zł)" storage="c:\projekty\mstestproject\bin\debug\netcoreapp3.1\mstestproject.dll" id="f2296104-c8a2-4a4b-872b-ec299616ec1b">
      <TestCategory>
        <TestCategoryItem TestCategory="Category1000" />
      </TestCategory>
      <Execution id="66b7610e-a4e3-4f6c-a8ed-3e52f6056c5c" />
      <TestMethod codeBase="C:\Projekty\MSTestProject\bin\Debug\netcoreapp3.1\MSTestProject.dll" adapterTypeName="executor://mstestadapter/v2" className="TwojeWesele.Services.Helpers.Tests.CurrencyHelperTests" name="FormatToStringTest1000" />
    </UnitTest>
    <UnitTest name="FormatToStringTest1000 (17579.823312525088,17579.82 zł)" storage="c:\projekty\mstestproject\bin\debug\netcoreapp3.1\mstestproject.dll" id="4334bbf0-10f5-47b8-851f-36dedd2b6bdf">
      <TestCategory>
        <TestCategoryItem TestCategory="Category1000" />
      </TestCategory>
      <Execution id="e5bb4b28-95ae-4d60-aed3-e2160d2d3923" />
      <TestMethod codeBase="C:\Projekty\MSTestProject\bin\Debug\netcoreapp3.1\MSTestProject.dll" adapterTypeName="executor://mstestadapter/v2" className="TwojeWesele.Services.Helpers.Tests.CurrencyHelperTests" name="FormatToStringTest1000" />
    </UnitTest>
    <UnitTest name="FormatToStringTest1000 (20552.966022956633,20552.97 zł)" storage="c:\projekty\mstestproject\bin\debug\netcoreapp3.1\mstestproject.dll" id="23c0db53-07fb-41ad-93f8-3c05c0bb795b">
      <TestCategory>
        <TestCategoryItem TestCategory="Category1000" />
      </TestCategory>
      <Execution id="bb72b4e7-ecc8-4481-a152-4c160b218f7e" />
      <TestMethod codeBase="C:\Projekty\MSTestProject\bin\Debug\netcoreapp3.1\MSTestProject.dll" adapterTypeName="executor://mstestadapter/v2" className="TwojeWesele.Services.Helpers.Tests.CurrencyHelperTests" name="FormatToStringTest1000" />
    </UnitTest>
    <UnitTest name="FormatToStringTest1000 (96.75594581512546,96.76 zł)" storage="c:\projekty\mstestproject\bin\debug\netcoreapp3.1\mstestproject.dll" id="9ea292ad-3e2d-472e-a425-26b755c488e7">
      <TestCategory>
        <TestCategoryItem TestCategory="Category1000" />
      </TestCategory>
      <Execution id="314356f2-79a3-4793-8fad-0b2387e78763" />
      <TestMethod codeBase="C:\Projekty\MSTestProject\bin\Debug\netcoreapp3.1\MSTestProject.dll" adapterTypeName="executor://mstestadapter/v2" className="TwojeWesele.Services.Helpers.Tests.CurrencyHelperTests" name="FormatToStringTest1000" />
    </UnitTest>
    <UnitTest name="FormatToStringTest1000 (4094.6752323977066,4094.68 zł)" storage="c:\projekty\mstestproject\bin\debug\netcoreapp3.1\mstestproject.dll" id="fc93bd3c-5a5b-4691-b5e0-ab0c26914c04">
      <TestCategory>
        <TestCategoryItem TestCategory="Category1000" />
      </TestCategory>
      <Execution id="c8c1b984-2633-4baf-9ac8-bd517155d85d" />
      <TestMethod codeBase="C:\Projekty\MSTestProject\bin\Debug\netcoreapp3.1\MSTestProject.dll" adapterTypeName="executor://mstestadapter/v2" className="TwojeWesele.Services.Helpers.Tests.CurrencyHelperTests" name="FormatToStringTest1000" />
    </UnitTest>
    <UnitTest name="FormatToStringTest1000 (45445.182098106096,45445.18 zł)" storage="c:\projekty\mstestproject\bin\debug\netcoreapp3.1\mstestproject.dll" id="ebd6068b-53a3-49c1-96c4-d25225f8f155">
      <TestCategory>
        <TestCategoryItem TestCategory="Category1000" />
      </TestCategory>
      <Execution id="d5476d2c-2c83-40d2-b139-b5928c81ff30" />
      <TestMethod codeBase="C:\Projekty\MSTestProject\bin\Debug\netcoreapp3.1\MSTestProject.dll" adapterTypeName="executor://mstestadapter/v2" className="TwojeWesele.Services.Helpers.Tests.CurrencyHelperTests" name="FormatToStringTest1000" />
    </UnitTest>
    <UnitTest name="FormatToStringTest1000 (60323.066780431225,60323.07 zł)" storage="c:\projekty\mstestproject\bin\debug\netcoreapp3.1\mstestproject.dll" id="1dc4268f-5b67-46bd-9124-eeea8668a7fb">
      <TestCategory>
        <TestCategoryItem TestCategory="Category1000" />
      </TestCategory>
      <Execution id="11cbaac7-4154-46cf-934a-fed2c2fcadda" />
      <TestMethod codeBase="C:\Projekty\MSTestProject\bin\Debug\netcoreapp3.1\MSTestProject.dll" adapterTypeName="executor://mstestadapter/v2" className="TwojeWesele.Services.Helpers.Tests.CurrencyHelperTests" name="FormatToStringTest1000" />
    </UnitTest>
    <UnitTest name="FormatToStringTest1000 (23662.291816162084,23662.29 zł)" storage="c:\projekty\mstestproject\bin\debug\netcoreapp3.1\mstestproject.dll" id="49e74174-04a0-46ee-96c1-155b8fb46675">
      <TestCategory>
        <TestCategoryItem TestCategory="Category1000" />
      </TestCategory>
      <Execution id="b7662271-6b30-4973-9b8b-a33aae6c91b8" />
      <TestMethod codeBase="C:\Projekty\MSTestProject\bin\Debug\netcoreapp3.1\MSTestProject.dll" adapterTypeName="executor://mstestadapter/v2" className="TwojeWesele.Services.Helpers.Tests.CurrencyHelperTests" name="FormatToStringTest1000" />
    </UnitTest>
    <UnitTest name="FormatToStringTest1000 (22291.653251342315,22291.65 zł)" storage="c:\projekty\mstestproject\bin\debug\netcoreapp3.1\mstestproject.dll" id="62aa4506-1077-4c89-8769-3e74543496d9">
      <TestCategory>
        <TestCategoryItem TestCategory="Category1000" />
      </TestCategory>
      <Execution id="9ce59e8a-2962-4104-a696-17631d95ff61" />
      <TestMethod codeBase="C:\Projekty\MSTestProject\bin\Debug\netcoreapp3.1\MSTestProject.dll" adapterTypeName="executor://mstestadapter/v2" className="TwojeWesele.Services.Helpers.Tests.CurrencyHelperTests" name="FormatToStringTest1000" />
    </UnitTest>
    <UnitTest name="FormatToStringTest1000 (20623.53139885493,20623.53 zł)" storage="c:\projekty\mstestproject\bin\debug\netcoreapp3.1\mstestproject.dll" id="c491272a-5785-463b-a337-05ec48518ee2">
      <TestCategory>
        <TestCategoryItem TestCategory="Category1000" />
      </TestCategory>
      <Execution id="208e0843-af5d-4599-83bf-870d09735b8c" />
      <TestMethod codeBase="C:\Projekty\MSTestProject\bin\Debug\netcoreapp3.1\MSTestProject.dll" adapterTypeName="executor://mstestadapter/v2" className="TwojeWesele.Services.Helpers.Tests.CurrencyHelperTests" name="FormatToStringTest1000" />
    </UnitTest>
    <UnitTest name="FormatToStringTest1000 (46790.41011887715,46790.41 zł)" storage="c:\projekty\mstestproject\bin\debug\netcoreapp3.1\mstestproject.dll" id="f5062a23-9578-493e-a499-75a8243fd6fb">
      <TestCategory>
        <TestCategoryItem TestCategory="Category1000" />
      </TestCategory>
      <Execution id="dbaee60f-441f-4d0c-b2e0-91bbce3929fa" />
      <TestMethod codeBase="C:\Projekty\MSTestProject\bin\Debug\netcoreapp3.1\MSTestProject.dll" adapterTypeName="executor://mstestadapter/v2" className="TwojeWesele.Services.Helpers.Tests.CurrencyHelperTests" name="FormatToStringTest1000" />
    </UnitTest>
    <UnitTest name="FormatToStringTest1000 (8542.520616738833,8542.52 zł)" storage="c:\projekty\mstestproject\bin\debug\netcoreapp3.1\mstestproject.dll" id="10c57e10-7127-48a9-919f-bc65ae812dbc">
      <TestCategory>
        <TestCategoryItem TestCategory="Category1000" />
      </TestCategory>
      <Execution id="a73019ec-c827-4470-8467-27d0d4b04aba" />
      <TestMethod codeBase="C:\Projekty\MSTestProject\bin\Debug\netcoreapp3.1\MSTestProject.dll" adapterTypeName="executor://mstestadapter/v2" className="TwojeWesele.Services.Helpers.Tests.CurrencyHelperTests" name="FormatToStringTest1000" />
    </UnitTest>
    <UnitTest name="FormatToStringTest1000 (16037.01783290087,16037.02 zł)" storage="c:\projekty\mstestproject\bin\debug\netcoreapp3.1\mstestproject.dll" id="56bdb1f5-d1e4-456e-ac10-39849f88b89e">
      <TestCategory>
        <TestCategoryItem TestCategory="Category1000" />
      </TestCategory>
      <Execution id="e7db4f39-d5c0-4198-925d-16321efdfd85" />
      <TestMethod codeBase="C:\Projekty\MSTestProject\bin\Debug\netcoreapp3.1\MSTestProject.dll" adapterTypeName="executor://mstestadapter/v2" className="TwojeWesele.Services.Helpers.Tests.CurrencyHelperTests" name="FormatToStringTest1000" />
    </UnitTest>
    <UnitTest name="FormatToStringTest1000 (74152.7503934562,74152.75 zł)" storage="c:\projekty\mstestproject\bin\debug\netcoreapp3.1\mstestproject.dll" id="a2ca144f-3e56-4f38-8d61-b40df9f6dbed">
      <TestCategory>
        <TestCategoryItem TestCategory="Category1000" />
      </TestCategory>
      <Execution id="402223b5-69e8-443d-b78f-b9284a591f72" />
      <TestMethod codeBase="C:\Projekty\MSTestProject\bin\Debug\netcoreapp3.1\MSTestProject.dll" adapterTypeName="executor://mstestadapter/v2" className="TwojeWesele.Services.Helpers.Tests.CurrencyHelperTests" name="FormatToStringTest1000" />
    </UnitTest>
    <UnitTest name="FormatToStringTest1000 (24528.124092612474,24528.12 zł)" storage="c:\projekty\mstestproject\bin\debug\netcoreapp3.1\mstestproject.dll" id="c13e647e-0cd6-40ed-aad2-9aa2a0806a2f">
      <TestCategory>
        <TestCategoryItem TestCategory="Category1000" />
      </TestCategory>
      <Execution id="a9f514de-c802-4c3c-8bba-c09e4d1353e7" />
      <TestMethod codeBase="C:\Projekty\MSTestProject\bin\Debug\netcoreapp3.1\MSTestProject.dll" adapterTypeName="executor://mstestadapter/v2" className="TwojeWesele.Services.Helpers.Tests.CurrencyHelperTests" name="FormatToStringTest1000" />
    </UnitTest>
    <UnitTest name="FormatToStringTest1000 (75514.58914517732,75514.59 zł)" storage="c:\projekty\mstestproject\bin\debug\netcoreapp3.1\mstestproject.dll" id="bdb8985b-643a-468f-a9cf-6c7e7dda6c7d">
      <TestCategory>
        <TestCategoryItem TestCategory="Category1000" />
      </TestCategory>
      <Execution id="7d1e0d77-1ffc-4096-b1ae-24baf9016e98" />
      <TestMethod codeBase="C:\Projekty\MSTestProject\bin\Debug\netcoreapp3.1\MSTestProject.dll" adapterTypeName="executor://mstestadapter/v2" className="TwojeWesele.Services.Helpers.Tests.CurrencyHelperTests" name="FormatToStringTest1000" />
    </UnitTest>
    <UnitTest name="FormatToStringTest1000 (1896.1704506483723,1896.17 zł)" storage="c:\projekty\mstestproject\bin\debug\netcoreapp3.1\mstestproject.dll" id="f8324429-e037-4902-b3d7-4621add4e434">
      <TestCategory>
        <TestCategoryItem TestCategory="Category1000" />
      </TestCategory>
      <Execution id="5ecafcd3-7d1d-4937-8ddf-77094be61f6a" />
      <TestMethod codeBase="C:\Projekty\MSTestProject\bin\Debug\netcoreapp3.1\MSTestProject.dll" adapterTypeName="executor://mstestadapter/v2" className="TwojeWesele.Services.Helpers.Tests.CurrencyHelperTests" name="FormatToStringTest1000" />
    </UnitTest>
    <UnitTest name="FormatToStringTest1000 (35248.53555717996,35248.54 zł)" storage="c:\projekty\mstestproject\bin\debug\netcoreapp3.1\mstestproject.dll" id="0b0e8163-d1c2-44bd-9360-f85ce8f2bbe8">
      <TestCategory>
        <TestCategoryItem TestCategory="Category1000" />
      </TestCategory>
      <Execution id="323397f4-1bf3-44c8-8c9f-eaf70c75dc3d" />
      <TestMethod codeBase="C:\Projekty\MSTestProject\bin\Debug\netcoreapp3.1\MSTestProject.dll" adapterTypeName="executor://mstestadapter/v2" className="TwojeWesele.Services.Helpers.Tests.CurrencyHelperTests" name="FormatToStringTest1000" />
    </UnitTest>
    <UnitTest name="FormatToStringTest1000 (7890.044272348771,7890.04 zł)" storage="c:\projekty\mstestproject\bin\debug\netcoreapp3.1\mstestproject.dll" id="8ae459be-5bb1-45a6-b1d2-54964248eada">
      <TestCategory>
        <TestCategoryItem TestCategory="Category1000" />
      </TestCategory>
      <Execution id="9f2295b1-ae8c-4409-a926-149ac506e07b" />
      <TestMethod codeBase="C:\Projekty\MSTestProject\bin\Debug\netcoreapp3.1\MSTestProject.dll" adapterTypeName="executor://mstestadapter/v2" className="TwojeWesele.Services.Helpers.Tests.CurrencyHelperTests" name="FormatToStringTest1000" />
    </UnitTest>
    <UnitTest name="FormatToStringTest1000 (765.778932784581,765.78 zł)" storage="c:\projekty\mstestproject\bin\debug\netcoreapp3.1\mstestproject.dll" id="7e02ff1f-c294-4dc7-8774-8211679613ee">
      <TestCategory>
        <TestCategoryItem TestCategory="Category1000" />
      </TestCategory>
      <Execution id="2d4a87b6-3cbb-4e22-bcae-a2b7eddaec81" />
      <TestMethod codeBase="C:\Projekty\MSTestProject\bin\Debug\netcoreapp3.1\MSTestProject.dll" adapterTypeName="executor://mstestadapter/v2" className="TwojeWesele.Services.Helpers.Tests.CurrencyHelperTests" name="FormatToStringTest1000" />
    </UnitTest>
    <UnitTest name="FormatToStringTest1000 (4898.699005344277,4898.70 zł)" storage="c:\projekty\mstestproject\bin\debug\netcoreapp3.1\mstestproject.dll" id="2a4b5d49-7950-46bb-ba9d-a00e5211ce93">
      <TestCategory>
        <TestCategoryItem TestCategory="Category1000" />
      </TestCategory>
      <Execution id="65a9ec5e-460e-49a8-9054-e754a4b6d1ff" />
      <TestMethod codeBase="C:\Projekty\MSTestProject\bin\Debug\netcoreapp3.1\MSTestProject.dll" adapterTypeName="executor://mstestadapter/v2" className="TwojeWesele.Services.Helpers.Tests.CurrencyHelperTests" name="FormatToStringTest1000" />
    </UnitTest>
    <UnitTest name="FormatToStringTest1000 (44065.726815678056,44065.73 zł)" storage="c:\projekty\mstestproject\bin\debug\netcoreapp3.1\mstestproject.dll" id="ccea8842-037d-4f8b-b89c-4a0359403583">
      <TestCategory>
        <TestCategoryItem TestCategory="Category1000" />
      </TestCategory>
      <Execution id="86da2837-3ea8-42be-a245-6801aa3b74dd" />
      <TestMethod codeBase="C:\Projekty\MSTestProject\bin\Debug\netcoreapp3.1\MSTestProject.dll" adapterTypeName="executor://mstestadapter/v2" className="TwojeWesele.Services.Helpers.Tests.CurrencyHelperTests" name="FormatToStringTest1000" />
    </UnitTest>
    <UnitTest name="FormatToStringTest1000 (70771.4436677524,70771.44 zł)" storage="c:\projekty\mstestproject\bin\debug\netcoreapp3.1\mstestproject.dll" id="42050ddf-6351-424d-a49b-09b645a40411">
      <TestCategory>
        <TestCategoryItem TestCategory="Category1000" />
      </TestCategory>
      <Execution id="029f8c05-941a-42bc-80a2-7110a5be0d37" />
      <TestMethod codeBase="C:\Projekty\MSTestProject\bin\Debug\netcoreapp3.1\MSTestProject.dll" adapterTypeName="executor://mstestadapter/v2" className="TwojeWesele.Services.Helpers.Tests.CurrencyHelperTests" name="FormatToStringTest1000" />
    </UnitTest>
    <UnitTest name="FormatToStringTest1000 (12202.860111308684,12202.86 zł)" storage="c:\projekty\mstestproject\bin\debug\netcoreapp3.1\mstestproject.dll" id="932e8096-ac5b-4781-b4f3-425e3a692092">
      <TestCategory>
        <TestCategoryItem TestCategory="Category1000" />
      </TestCategory>
      <Execution id="86f646bd-01f5-4140-9923-9605b225602f" />
      <TestMethod codeBase="C:\Projekty\MSTestProject\bin\Debug\netcoreapp3.1\MSTestProject.dll" adapterTypeName="executor://mstestadapter/v2" className="TwojeWesele.Services.Helpers.Tests.CurrencyHelperTests" name="FormatToStringTest1000" />
    </UnitTest>
    <UnitTest name="FormatToStringTest1000 (30499.08272379734,30499.08 zł)" storage="c:\projekty\mstestproject\bin\debug\netcoreapp3.1\mstestproject.dll" id="24bd088a-f417-482e-b18a-682dbc7aae1e">
      <TestCategory>
        <TestCategoryItem TestCategory="Category1000" />
      </TestCategory>
      <Execution id="0a175373-e4d9-4465-80c4-df7068955138" />
      <TestMethod codeBase="C:\Projekty\MSTestProject\bin\Debug\netcoreapp3.1\MSTestProject.dll" adapterTypeName="executor://mstestadapter/v2" className="TwojeWesele.Services.Helpers.Tests.CurrencyHelperTests" name="FormatToStringTest1000" />
    </UnitTest>
    <UnitTest name="FormatToStringTest1000 (9196.579612724754,9196.58 zł)" storage="c:\projekty\mstestproject\bin\debug\netcoreapp3.1\mstestproject.dll" id="bbba9a4d-8ece-418c-acd1-ee72ac207d3a">
      <TestCategory>
        <TestCategoryItem TestCategory="Category1000" />
      </TestCategory>
      <Execution id="03fec520-d51b-4965-a501-04ec6794ec96" />
      <TestMethod codeBase="C:\Projekty\MSTestProject\bin\Debug\netcoreapp3.1\MSTestProject.dll" adapterTypeName="executor://mstestadapter/v2" className="TwojeWesele.Services.Helpers.Tests.CurrencyHelperTests" name="FormatToStringTest1000" />
    </UnitTest>
    <UnitTest name="FormatToStringTest1000 (25908.345463821825,25908.35 zł)" storage="c:\projekty\mstestproject\bin\debug\netcoreapp3.1\mstestproject.dll" id="1c6348c5-d522-4436-aa22-97dd7e4e8523">
      <TestCategory>
        <TestCategoryItem TestCategory="Category1000" />
      </TestCategory>
      <Execution id="92c3d336-c0c6-4865-893a-bd546abebd7f" />
      <TestMethod codeBase="C:\Projekty\MSTestProject\bin\Debug\netcoreapp3.1\MSTestProject.dll" adapterTypeName="executor://mstestadapter/v2" className="TwojeWesele.Services.Helpers.Tests.CurrencyHelperTests" name="FormatToStringTest1000" />
    </UnitTest>
    <UnitTest name="FormatToStringTest1000 (35384.637112688106,35384.64 zł)" storage="c:\projekty\mstestproject\bin\debug\netcoreapp3.1\mstestproject.dll" id="e0782fab-a1de-4aad-b34e-2cbecbca98f3">
      <TestCategory>
        <TestCategoryItem TestCategory="Category1000" />
      </TestCategory>
      <Execution id="4f6e9145-a446-4c38-aea9-54c71a43768c" />
      <TestMethod codeBase="C:\Projekty\MSTestProject\bin\Debug\netcoreapp3.1\MSTestProject.dll" adapterTypeName="executor://mstestadapter/v2" className="TwojeWesele.Services.Helpers.Tests.CurrencyHelperTests" name="FormatToStringTest1000" />
    </UnitTest>
    <UnitTest name="FormatToStringTest1000 (18340.8953197882,18340.90 zł)" storage="c:\projekty\mstestproject\bin\debug\netcoreapp3.1\mstestproject.dll" id="96dc5bb4-377d-41db-93d4-68217f044e0c">
      <TestCategory>
        <TestCategoryItem TestCategory="Category1000" />
      </TestCategory>
      <Execution id="f7b192ef-e7de-4ec7-91f4-c350055beb50" />
      <TestMethod codeBase="C:\Projekty\MSTestProject\bin\Debug\netcoreapp3.1\MSTestProject.dll" adapterTypeName="executor://mstestadapter/v2" className="TwojeWesele.Services.Helpers.Tests.CurrencyHelperTests" name="FormatToStringTest1000" />
    </UnitTest>
    <UnitTest name="FormatToStringTest1000 (14237.13226245955,14237.13 zł)" storage="c:\projekty\mstestproject\bin\debug\netcoreapp3.1\mstestproject.dll" id="71494e64-922c-4479-86ae-70d17330af28">
      <TestCategory>
        <TestCategoryItem TestCategory="Category1000" />
      </TestCategory>
      <Execution id="56b8fd9b-8080-4d7e-98be-ea11674a22a0" />
      <TestMethod codeBase="C:\Projekty\MSTestProject\bin\Debug\netcoreapp3.1\MSTestProject.dll" adapterTypeName="executor://mstestadapter/v2" className="TwojeWesele.Services.Helpers.Tests.CurrencyHelperTests" name="FormatToStringTest1000" />
    </UnitTest>
    <UnitTest name="FormatToStringTest1000 (1300.9430775404642,1300.94 zł)" storage="c:\projekty\mstestproject\bin\debug\netcoreapp3.1\mstestproject.dll" id="12df5fa3-b42b-450b-838d-1d69b4b85208">
      <TestCategory>
        <TestCategoryItem TestCategory="Category1000" />
      </TestCategory>
      <Execution id="5f2f6fc2-48cf-4d95-a619-014770d8d280" />
      <TestMethod codeBase="C:\Projekty\MSTestProject\bin\Debug\netcoreapp3.1\MSTestProject.dll" adapterTypeName="executor://mstestadapter/v2" className="TwojeWesele.Services.Helpers.Tests.CurrencyHelperTests" name="FormatToStringTest1000" />
    </UnitTest>
    <UnitTest name="FormatToStringTest1000 (15190.097283723344,15190.10 zł)" storage="c:\projekty\mstestproject\bin\debug\netcoreapp3.1\mstestproject.dll" id="61cd0d12-5c08-4565-a9cc-f12be0526099">
      <TestCategory>
        <TestCategoryItem TestCategory="Category1000" />
      </TestCategory>
      <Execution id="95d4679a-27b4-4b1f-8f75-4f34584d1111" />
      <TestMethod codeBase="C:\Projekty\MSTestProject\bin\Debug\netcoreapp3.1\MSTestProject.dll" adapterTypeName="executor://mstestadapter/v2" className="TwojeWesele.Services.Helpers.Tests.CurrencyHelperTests" name="FormatToStringTest1000" />
    </UnitTest>
    <UnitTest name="FormatToStringTest1000 (19363.881840787773,19363.88 zł)" storage="c:\projekty\mstestproject\bin\debug\netcoreapp3.1\mstestproject.dll" id="50fccc2b-a499-49cd-aa37-4bbfc53be977">
      <TestCategory>
        <TestCategoryItem TestCategory="Category1000" />
      </TestCategory>
      <Execution id="61e28fc6-a2e6-4d0d-8c37-05784980909d" />
      <TestMethod codeBase="C:\Projekty\MSTestProject\bin\Debug\netcoreapp3.1\MSTestProject.dll" adapterTypeName="executor://mstestadapter/v2" className="TwojeWesele.Services.Helpers.Tests.CurrencyHelperTests" name="FormatToStringTest1000" />
    </UnitTest>
    <UnitTest name="FormatToStringTest1000 (25376.6225052097,25376.62 zł)" storage="c:\projekty\mstestproject\bin\debug\netcoreapp3.1\mstestproject.dll" id="26da223a-341c-4f0e-acb5-d05931cf5f9c">
      <TestCategory>
        <TestCategoryItem TestCategory="Category1000" />
      </TestCategory>
      <Execution id="56dcd239-d3f5-44e7-b381-01fe447bd0a1" />
      <TestMethod codeBase="C:\Projekty\MSTestProject\bin\Debug\netcoreapp3.1\MSTestProject.dll" adapterTypeName="executor://mstestadapter/v2" className="TwojeWesele.Services.Helpers.Tests.CurrencyHelperTests" name="FormatToStringTest1000" />
    </UnitTest>
    <UnitTest name="FormatToStringTest1000 (7891.960478953067,7891.96 zł)" storage="c:\projekty\mstestproject\bin\debug\netcoreapp3.1\mstestproject.dll" id="d27b91ec-de00-4c23-bb3b-6ad729ae5ac9">
      <TestCategory>
        <TestCategoryItem TestCategory="Category1000" />
      </TestCategory>
      <Execution id="9219cf18-985b-4486-a11a-cad46306c40d" />
      <TestMethod codeBase="C:\Projekty\MSTestProject\bin\Debug\netcoreapp3.1\MSTestProject.dll" adapterTypeName="executor://mstestadapter/v2" className="TwojeWesele.Services.Helpers.Tests.CurrencyHelperTests" name="FormatToStringTest1000" />
    </UnitTest>
    <UnitTest name="FormatToStringTest1000 (7050.437505805137,7050.44 zł)" storage="c:\projekty\mstestproject\bin\debug\netcoreapp3.1\mstestproject.dll" id="9914c9c8-0667-4565-9b49-09a983963c0f">
      <TestCategory>
        <TestCategoryItem TestCategory="Category1000" />
      </TestCategory>
      <Execution id="afe337b9-18f7-45e3-926c-3916b6fc1ace" />
      <TestMethod codeBase="C:\Projekty\MSTestProject\bin\Debug\netcoreapp3.1\MSTestProject.dll" adapterTypeName="executor://mstestadapter/v2" className="TwojeWesele.Services.Helpers.Tests.CurrencyHelperTests" name="FormatToStringTest1000" />
    </UnitTest>
    <UnitTest name="FormatToStringTest1000 (21281.64584727662,21281.65 zł)" storage="c:\projekty\mstestproject\bin\debug\netcoreapp3.1\mstestproject.dll" id="8b689440-adc2-49bd-b44a-8b50191a1db0">
      <TestCategory>
        <TestCategoryItem TestCategory="Category1000" />
      </TestCategory>
      <Execution id="340a15fe-3298-4728-84ac-bd89b995cefd" />
      <TestMethod codeBase="C:\Projekty\MSTestProject\bin\Debug\netcoreapp3.1\MSTestProject.dll" adapterTypeName="executor://mstestadapter/v2" className="TwojeWesele.Services.Helpers.Tests.CurrencyHelperTests" name="FormatToStringTest1000" />
    </UnitTest>
    <UnitTest name="FormatToStringTest1000 (1963.0091662979728,1963.01 zł)" storage="c:\projekty\mstestproject\bin\debug\netcoreapp3.1\mstestproject.dll" id="50b92b30-7418-4945-8cbb-344d41290b5a">
      <TestCategory>
        <TestCategoryItem TestCategory="Category1000" />
      </TestCategory>
      <Execution id="443806c1-ce6c-451b-9ead-55c9bcfd86c4" />
      <TestMethod codeBase="C:\Projekty\MSTestProject\bin\Debug\netcoreapp3.1\MSTestProject.dll" adapterTypeName="executor://mstestadapter/v2" className="TwojeWesele.Services.Helpers.Tests.CurrencyHelperTests" name="FormatToStringTest1000" />
    </UnitTest>
    <UnitTest name="FormatToStringTest1000 (57525.72988993569,57525.73 zł)" storage="c:\projekty\mstestproject\bin\debug\netcoreapp3.1\mstestproject.dll" id="46af5a3e-eb08-4a68-aa8d-1379dcc400e6">
      <TestCategory>
        <TestCategoryItem TestCategory="Category1000" />
      </TestCategory>
      <Execution id="11d3d3b1-340e-4895-86c8-45e53654747d" />
      <TestMethod codeBase="C:\Projekty\MSTestProject\bin\Debug\netcoreapp3.1\MSTestProject.dll" adapterTypeName="executor://mstestadapter/v2" className="TwojeWesele.Services.Helpers.Tests.CurrencyHelperTests" name="FormatToStringTest1000" />
    </UnitTest>
    <UnitTest name="FormatToStringTest1000 (1687.6029180025694,1687.60 zł)" storage="c:\projekty\mstestproject\bin\debug\netcoreapp3.1\mstestproject.dll" id="39d01a79-3c35-445a-9f8a-e09b81fb81c6">
      <TestCategory>
        <TestCategoryItem TestCategory="Category1000" />
      </TestCategory>
      <Execution id="58cf8dbe-fabd-46b9-81bd-87bb1e02e964" />
      <TestMethod codeBase="C:\Projekty\MSTestProject\bin\Debug\netcoreapp3.1\MSTestProject.dll" adapterTypeName="executor://mstestadapter/v2" className="TwojeWesele.Services.Helpers.Tests.CurrencyHelperTests" name="FormatToStringTest1000" />
    </UnitTest>
    <UnitTest name="FormatToStringTest1000 (66764.31690498316,66764.32 zł)" storage="c:\projekty\mstestproject\bin\debug\netcoreapp3.1\mstestproject.dll" id="0ef15c77-d1da-4dcb-9900-782b2b29652d">
      <TestCategory>
        <TestCategoryItem TestCategory="Category1000" />
      </TestCategory>
      <Execution id="d5daeda5-24b1-4688-95f7-e58f14ddcb1f" />
      <TestMethod codeBase="C:\Projekty\MSTestProject\bin\Debug\netcoreapp3.1\MSTestProject.dll" adapterTypeName="executor://mstestadapter/v2" className="TwojeWesele.Services.Helpers.Tests.CurrencyHelperTests" name="FormatToStringTest1000" />
    </UnitTest>
    <UnitTest name="FormatToStringTest1000 (10857.521742201186,10857.52 zł)" storage="c:\projekty\mstestproject\bin\debug\netcoreapp3.1\mstestproject.dll" id="34bc4cf6-1327-4bfb-8932-319033b6048e">
      <TestCategory>
        <TestCategoryItem TestCategory="Category1000" />
      </TestCategory>
      <Execution id="5e7513a6-06ce-414a-b276-ae8549e11e96" />
      <TestMethod codeBase="C:\Projekty\MSTestProject\bin\Debug\netcoreapp3.1\MSTestProject.dll" adapterTypeName="executor://mstestadapter/v2" className="TwojeWesele.Services.Helpers.Tests.CurrencyHelperTests" name="FormatToStringTest1000" />
    </UnitTest>
    <UnitTest name="FormatToStringTest1000 (10641.263377953444,10641.26 zł)" storage="c:\projekty\mstestproject\bin\debug\netcoreapp3.1\mstestproject.dll" id="bfe4eea7-e202-475a-85bc-814a382c6135">
      <TestCategory>
        <TestCategoryItem TestCategory="Category1000" />
      </TestCategory>
      <Execution id="25406d04-55fb-45a0-b197-ee1a91fef52d" />
      <TestMethod codeBase="C:\Projekty\MSTestProject\bin\Debug\netcoreapp3.1\MSTestProject.dll" adapterTypeName="executor://mstestadapter/v2" className="TwojeWesele.Services.Helpers.Tests.CurrencyHelperTests" name="FormatToStringTest1000" />
    </UnitTest>
    <UnitTest name="FormatToStringTest1000 (30199.386730006612,30199.39 zł)" storage="c:\projekty\mstestproject\bin\debug\netcoreapp3.1\mstestproject.dll" id="ff2f6b81-13b2-42d8-9439-2143a249beae">
      <TestCategory>
        <TestCategoryItem TestCategory="Category1000" />
      </TestCategory>
      <Execution id="5d867043-b98a-49a9-a04f-4064fdda682a" />
      <TestMethod codeBase="C:\Projekty\MSTestProject\bin\Debug\netcoreapp3.1\MSTestProject.dll" adapterTypeName="executor://mstestadapter/v2" className="TwojeWesele.Services.Helpers.Tests.CurrencyHelperTests" name="FormatToStringTest1000" />
    </UnitTest>
    <UnitTest name="FormatToStringTest1000 (2929.267390865026,2929.27 zł)" storage="c:\projekty\mstestproject\bin\debug\netcoreapp3.1\mstestproject.dll" id="0eb30b32-954b-4bb9-ab69-d1391e66cff2">
      <TestCategory>
        <TestCategoryItem TestCategory="Category1000" />
      </TestCategory>
      <Execution id="63fbc152-8d09-4d93-816a-fe98640e0c31" />
      <TestMethod codeBase="C:\Projekty\MSTestProject\bin\Debug\netcoreapp3.1\MSTestProject.dll" adapterTypeName="executor://mstestadapter/v2" className="TwojeWesele.Services.Helpers.Tests.CurrencyHelperTests" name="FormatToStringTest1000" />
    </UnitTest>
    <UnitTest name="FormatToStringTest1000 (45603.90324273142,45603.90 zł)" storage="c:\projekty\mstestproject\bin\debug\netcoreapp3.1\mstestproject.dll" id="2b0a7e2c-1104-4742-9ec3-1e2bf52b9dd9">
      <TestCategory>
        <TestCategoryItem TestCategory="Category1000" />
      </TestCategory>
      <Execution id="becfc9db-b3d7-473b-b61b-f87b0c9a80ff" />
      <TestMethod codeBase="C:\Projekty\MSTestProject\bin\Debug\netcoreapp3.1\MSTestProject.dll" adapterTypeName="executor://mstestadapter/v2" className="TwojeWesele.Services.Helpers.Tests.CurrencyHelperTests" name="FormatToStringTest1000" />
    </UnitTest>
    <UnitTest name="FormatToStringTest1000 (19216.446905020366,19216.45 zł)" storage="c:\projekty\mstestproject\bin\debug\netcoreapp3.1\mstestproject.dll" id="0ed9cdec-6d76-4c1f-8909-1f1d3ecf2966">
      <TestCategory>
        <TestCategoryItem TestCategory="Category1000" />
      </TestCategory>
      <Execution id="d491881c-62b2-4a48-ba73-53c4bd7f3ced" />
      <TestMethod codeBase="C:\Projekty\MSTestProject\bin\Debug\netcoreapp3.1\MSTestProject.dll" adapterTypeName="executor://mstestadapter/v2" className="TwojeWesele.Services.Helpers.Tests.CurrencyHelperTests" name="FormatToStringTest1000" />
    </UnitTest>
    <UnitTest name="FormatToStringTest1000 (1669.555150571072,1669.56 zł)" storage="c:\projekty\mstestproject\bin\debug\netcoreapp3.1\mstestproject.dll" id="e9313295-0174-4dc2-9ea8-5ee80dda839d">
      <TestCategory>
        <TestCategoryItem TestCategory="Category1000" />
      </TestCategory>
      <Execution id="0baa3a16-3626-4164-add6-532b3b32b7e6" />
      <TestMethod codeBase="C:\Projekty\MSTestProject\bin\Debug\netcoreapp3.1\MSTestProject.dll" adapterTypeName="executor://mstestadapter/v2" className="TwojeWesele.Services.Helpers.Tests.CurrencyHelperTests" name="FormatToStringTest1000" />
    </UnitTest>
    <UnitTest name="FormatToStringTest1000 (20344.185360967265,20344.19 zł)" storage="c:\projekty\mstestproject\bin\debug\netcoreapp3.1\mstestproject.dll" id="fe9fe11e-1ddb-4fe1-9f8f-20f0b177f16f">
      <TestCategory>
        <TestCategoryItem TestCategory="Category1000" />
      </TestCategory>
      <Execution id="5a04ee6d-2684-4295-a352-9cb2ca3abd7f" />
      <TestMethod codeBase="C:\Projekty\MSTestProject\bin\Debug\netcoreapp3.1\MSTestProject.dll" adapterTypeName="executor://mstestadapter/v2" className="TwojeWesele.Services.Helpers.Tests.CurrencyHelperTests" name="FormatToStringTest1000" />
    </UnitTest>
    <UnitTest name="FormatToStringTest1000 (5022.470719070859,5022.47 zł)" storage="c:\projekty\mstestproject\bin\debug\netcoreapp3.1\mstestproject.dll" id="1c2a87e8-637e-458f-84c5-d90b96de633f">
      <TestCategory>
        <TestCategoryItem TestCategory="Category1000" />
      </TestCategory>
      <Execution id="5f86b8f9-ef59-40b1-b1e4-e32724ef1f1f" />
      <TestMethod codeBase="C:\Projekty\MSTestProject\bin\Debug\netcoreapp3.1\MSTestProject.dll" adapterTypeName="executor://mstestadapter/v2" className="TwojeWesele.Services.Helpers.Tests.CurrencyHelperTests" name="FormatToStringTest1000" />
    </UnitTest>
    <UnitTest name="FormatToStringTest1000 (28080.92507087669,28080.93 zł)" storage="c:\projekty\mstestproject\bin\debug\netcoreapp3.1\mstestproject.dll" id="017659b5-c604-46a6-88fb-9bec5e1283d3">
      <TestCategory>
        <TestCategoryItem TestCategory="Category1000" />
      </TestCategory>
      <Execution id="0db7bbf2-c4f0-4bf1-94d3-4a9d4133d16e" />
      <TestMethod codeBase="C:\Projekty\MSTestProject\bin\Debug\netcoreapp3.1\MSTestProject.dll" adapterTypeName="executor://mstestadapter/v2" className="TwojeWesele.Services.Helpers.Tests.CurrencyHelperTests" name="FormatToStringTest1000" />
    </UnitTest>
    <UnitTest name="FormatToStringTest1000 (1313.0279238368514,1313.03 zł)" storage="c:\projekty\mstestproject\bin\debug\netcoreapp3.1\mstestproject.dll" id="01ecbfe4-d679-4196-9a21-ce07755aafcd">
      <TestCategory>
        <TestCategoryItem TestCategory="Category1000" />
      </TestCategory>
      <Execution id="d83d1f7e-d9d6-4f76-a8a7-5ad8d3ee8e35" />
      <TestMethod codeBase="C:\Projekty\MSTestProject\bin\Debug\netcoreapp3.1\MSTestProject.dll" adapterTypeName="executor://mstestadapter/v2" className="TwojeWesele.Services.Helpers.Tests.CurrencyHelperTests" name="FormatToStringTest1000" />
    </UnitTest>
    <UnitTest name="FormatToStringTest1000 (5759.256266560991,5759.26 zł)" storage="c:\projekty\mstestproject\bin\debug\netcoreapp3.1\mstestproject.dll" id="d5508337-9330-432b-aeaf-e989463bb1e3">
      <TestCategory>
        <TestCategoryItem TestCategory="Category1000" />
      </TestCategory>
      <Execution id="361733bc-c038-455a-bec4-3f6587dac97b" />
      <TestMethod codeBase="C:\Projekty\MSTestProject\bin\Debug\netcoreapp3.1\MSTestProject.dll" adapterTypeName="executor://mstestadapter/v2" className="TwojeWesele.Services.Helpers.Tests.CurrencyHelperTests" name="FormatToStringTest1000" />
    </UnitTest>
    <UnitTest name="FormatToStringTest1000 (70432.00656616595,70432.01 zł)" storage="c:\projekty\mstestproject\bin\debug\netcoreapp3.1\mstestproject.dll" id="e9e59818-486a-4c50-bafa-9c8d35e18ab6">
      <TestCategory>
        <TestCategoryItem TestCategory="Category1000" />
      </TestCategory>
      <Execution id="9d674c41-8f5f-4ac8-90d8-70e9b04cb973" />
      <TestMethod codeBase="C:\Projekty\MSTestProject\bin\Debug\netcoreapp3.1\MSTestProject.dll" adapterTypeName="executor://mstestadapter/v2" className="TwojeWesele.Services.Helpers.Tests.CurrencyHelperTests" name="FormatToStringTest1000" />
    </UnitTest>
    <UnitTest name="FormatToStringTest1000 (964.9678631783313,964.97 zł)" storage="c:\projekty\mstestproject\bin\debug\netcoreapp3.1\mstestproject.dll" id="e42f5c78-5140-4661-be79-473645e77d37">
      <TestCategory>
        <TestCategoryItem TestCategory="Category1000" />
      </TestCategory>
      <Execution id="b76fb11c-b2b2-4cbd-b175-f12644e47efc" />
      <TestMethod codeBase="C:\Projekty\MSTestProject\bin\Debug\netcoreapp3.1\MSTestProject.dll" adapterTypeName="executor://mstestadapter/v2" className="TwojeWesele.Services.Helpers.Tests.CurrencyHelperTests" name="FormatToStringTest1000" />
    </UnitTest>
    <UnitTest name="FormatToStringTest1000 (17090.629587323234,17090.63 zł)" storage="c:\projekty\mstestproject\bin\debug\netcoreapp3.1\mstestproject.dll" id="53d66e25-0b1b-4dcb-9203-9aee4be4bf86">
      <TestCategory>
        <TestCategoryItem TestCategory="Category1000" />
      </TestCategory>
      <Execution id="26a6a069-0e4d-472d-9ba9-180d14e6b79b" />
      <TestMethod codeBase="C:\Projekty\MSTestProject\bin\Debug\netcoreapp3.1\MSTestProject.dll" adapterTypeName="executor://mstestadapter/v2" className="TwojeWesele.Services.Helpers.Tests.CurrencyHelperTests" name="FormatToStringTest1000" />
    </UnitTest>
    <UnitTest name="FormatToStringTest1000 (37387.37521261972,37387.38 zł)" storage="c:\projekty\mstestproject\bin\debug\netcoreapp3.1\mstestproject.dll" id="cd0ae54f-4b75-4c0f-a31a-f1b64b6265db">
      <TestCategory>
        <TestCategoryItem TestCategory="Category1000" />
      </TestCategory>
      <Execution id="dd4ac159-494e-48e7-8d44-78b27ff79cee" />
      <TestMethod codeBase="C:\Projekty\MSTestProject\bin\Debug\netcoreapp3.1\MSTestProject.dll" adapterTypeName="executor://mstestadapter/v2" className="TwojeWesele.Services.Helpers.Tests.CurrencyHelperTests" name="FormatToStringTest1000" />
    </UnitTest>
    <UnitTest name="FormatToStringTest1000 (16901.497392274203,16901.50 zł)" storage="c:\projekty\mstestproject\bin\debug\netcoreapp3.1\mstestproject.dll" id="bf4da0ff-7c9d-4cb8-a18c-12291fe9d6fb">
      <TestCategory>
        <TestCategoryItem TestCategory="Category1000" />
      </TestCategory>
      <Execution id="81c14d6a-b4e1-4892-be60-ed0dec5b3493" />
      <TestMethod codeBase="C:\Projekty\MSTestProject\bin\Debug\netcoreapp3.1\MSTestProject.dll" adapterTypeName="executor://mstestadapter/v2" className="TwojeWesele.Services.Helpers.Tests.CurrencyHelperTests" name="FormatToStringTest1000" />
    </UnitTest>
    <UnitTest name="FormatToStringTest1000 (45035.160883881224,45035.16 zł)" storage="c:\projekty\mstestproject\bin\debug\netcoreapp3.1\mstestproject.dll" id="d4b5b81e-db27-4555-97c5-e138d6520d75">
      <TestCategory>
        <TestCategoryItem TestCategory="Category1000" />
      </TestCategory>
      <Execution id="a98f9135-c3fa-4318-8f7c-bd184ab4de4b" />
      <TestMethod codeBase="C:\Projekty\MSTestProject\bin\Debug\netcoreapp3.1\MSTestProject.dll" adapterTypeName="executor://mstestadapter/v2" className="TwojeWesele.Services.Helpers.Tests.CurrencyHelperTests" name="FormatToStringTest1000" />
    </UnitTest>
    <UnitTest name="FormatToStringTest1000 (7004.710832051798,7004.71 zł)" storage="c:\projekty\mstestproject\bin\debug\netcoreapp3.1\mstestproject.dll" id="dfe0d376-fe32-4793-bc30-9b1cfc5a1350">
      <TestCategory>
        <TestCategoryItem TestCategory="Category1000" />
      </TestCategory>
      <Execution id="060345b9-56b3-4629-9ea4-5f59a46d8425" />
      <TestMethod codeBase="C:\Projekty\MSTestProject\bin\Debug\netcoreapp3.1\MSTestProject.dll" adapterTypeName="executor://mstestadapter/v2" className="TwojeWesele.Services.Helpers.Tests.CurrencyHelperTests" name="FormatToStringTest1000" />
    </UnitTest>
    <UnitTest name="FormatToStringTest1000 (27187.549022783314,27187.55 zł)" storage="c:\projekty\mstestproject\bin\debug\netcoreapp3.1\mstestproject.dll" id="36e2dc7f-36f8-4840-ac46-6bf7bc5cc078">
      <TestCategory>
        <TestCategoryItem TestCategory="Category1000" />
      </TestCategory>
      <Execution id="772ceffb-9045-4890-8162-ce97bb5d6394" />
      <TestMethod codeBase="C:\Projekty\MSTestProject\bin\Debug\netcoreapp3.1\MSTestProject.dll" adapterTypeName="executor://mstestadapter/v2" className="TwojeWesele.Services.Helpers.Tests.CurrencyHelperTests" name="FormatToStringTest1000" />
    </UnitTest>
    <UnitTest name="FormatToStringTest1000 (52888.48934243642,52888.49 zł)" storage="c:\projekty\mstestproject\bin\debug\netcoreapp3.1\mstestproject.dll" id="988f246e-48e2-4d72-bec3-af63f3047ed9">
      <TestCategory>
        <TestCategoryItem TestCategory="Category1000" />
      </TestCategory>
      <Execution id="8ce34eb6-153f-4f20-a390-89bcbb07ec50" />
      <TestMethod codeBase="C:\Projekty\MSTestProject\bin\Debug\netcoreapp3.1\MSTestProject.dll" adapterTypeName="executor://mstestadapter/v2" className="TwojeWesele.Services.Helpers.Tests.CurrencyHelperTests" name="FormatToStringTest1000" />
    </UnitTest>
    <UnitTest name="FormatToStringTest1000 (16986.338876065027,16986.34 zł)" storage="c:\projekty\mstestproject\bin\debug\netcoreapp3.1\mstestproject.dll" id="c4006f54-90b2-49fc-85f1-18285aa4f8fd">
      <TestCategory>
        <TestCategoryItem TestCategory="Category1000" />
      </TestCategory>
      <Execution id="5ec26bd9-b49a-49da-b8bb-1e2f24275ea2" />
      <TestMethod codeBase="C:\Projekty\MSTestProject\bin\Debug\netcoreapp3.1\MSTestProject.dll" adapterTypeName="executor://mstestadapter/v2" className="TwojeWesele.Services.Helpers.Tests.CurrencyHelperTests" name="FormatToStringTest1000" />
    </UnitTest>
    <UnitTest name="FormatToStringTest1000 (26885.71162707904,26885.71 zł)" storage="c:\projekty\mstestproject\bin\debug\netcoreapp3.1\mstestproject.dll" id="f167e128-0ad8-40af-8496-b52e875e3b9d">
      <TestCategory>
        <TestCategoryItem TestCategory="Category1000" />
      </TestCategory>
      <Execution id="f981a422-b5f2-40de-acc2-551ab6b3353a" />
      <TestMethod codeBase="C:\Projekty\MSTestProject\bin\Debug\netcoreapp3.1\MSTestProject.dll" adapterTypeName="executor://mstestadapter/v2" className="TwojeWesele.Services.Helpers.Tests.CurrencyHelperTests" name="FormatToStringTest1000" />
    </UnitTest>
    <UnitTest name="FormatToStringTest1000 (37114.901517336206,37114.90 zł)" storage="c:\projekty\mstestproject\bin\debug\netcoreapp3.1\mstestproject.dll" id="fca3d738-13e8-4f6c-9cd3-ccaa45026f07">
      <TestCategory>
        <TestCategoryItem TestCategory="Category1000" />
      </TestCategory>
      <Execution id="4b170456-b2f2-4e3f-b617-7fe3e974241a" />
      <TestMethod codeBase="C:\Projekty\MSTestProject\bin\Debug\netcoreapp3.1\MSTestProject.dll" adapterTypeName="executor://mstestadapter/v2" className="TwojeWesele.Services.Helpers.Tests.CurrencyHelperTests" name="FormatToStringTest1000" />
    </UnitTest>
    <UnitTest name="FormatToStringTest1000 (19189.813662191766,19189.81 zł)" storage="c:\projekty\mstestproject\bin\debug\netcoreapp3.1\mstestproject.dll" id="a26215fb-2f18-4280-9e2b-7ffeedc6942b">
      <TestCategory>
        <TestCategoryItem TestCategory="Category1000" />
      </TestCategory>
      <Execution id="169884ec-0028-40e8-b561-2750e51fe261" />
      <TestMethod codeBase="C:\Projekty\MSTestProject\bin\Debug\netcoreapp3.1\MSTestProject.dll" adapterTypeName="executor://mstestadapter/v2" className="TwojeWesele.Services.Helpers.Tests.CurrencyHelperTests" name="FormatToStringTest1000" />
    </UnitTest>
    <UnitTest name="FormatToStringTest1000 (36969.98585167247,36969.99 zł)" storage="c:\projekty\mstestproject\bin\debug\netcoreapp3.1\mstestproject.dll" id="5a501283-ccb4-4d44-b87a-786c14ec3553">
      <TestCategory>
        <TestCategoryItem TestCategory="Category1000" />
      </TestCategory>
      <Execution id="cdaf9787-eca2-4421-992a-deb28431f7fc" />
      <TestMethod codeBase="C:\Projekty\MSTestProject\bin\Debug\netcoreapp3.1\MSTestProject.dll" adapterTypeName="executor://mstestadapter/v2" className="TwojeWesele.Services.Helpers.Tests.CurrencyHelperTests" name="FormatToStringTest1000" />
    </UnitTest>
    <UnitTest name="FormatToStringTest1000 (67898.54481444067,67898.54 zł)" storage="c:\projekty\mstestproject\bin\debug\netcoreapp3.1\mstestproject.dll" id="8e0fa24e-0206-4411-ac79-830b35198f55">
      <TestCategory>
        <TestCategoryItem TestCategory="Category1000" />
      </TestCategory>
      <Execution id="bc99d83a-fe60-46a1-b8b5-4a0a1bb6dadc" />
      <TestMethod codeBase="C:\Projekty\MSTestProject\bin\Debug\netcoreapp3.1\MSTestProject.dll" adapterTypeName="executor://mstestadapter/v2" className="TwojeWesele.Services.Helpers.Tests.CurrencyHelperTests" name="FormatToStringTest1000" />
    </UnitTest>
    <UnitTest name="FormatToStringTest1000 (2409.393997763001,2409.39 zł)" storage="c:\projekty\mstestproject\bin\debug\netcoreapp3.1\mstestproject.dll" id="e526e39a-5257-45f6-b557-363760b6609d">
      <TestCategory>
        <TestCategoryItem TestCategory="Category1000" />
      </TestCategory>
      <Execution id="7d33da9a-906d-406a-8f3f-623e465157c5" />
      <TestMethod codeBase="C:\Projekty\MSTestProject\bin\Debug\netcoreapp3.1\MSTestProject.dll" adapterTypeName="executor://mstestadapter/v2" className="TwojeWesele.Services.Helpers.Tests.CurrencyHelperTests" name="FormatToStringTest1000" />
    </UnitTest>
    <UnitTest name="FormatToStringTest1000 (9558.453124931293,9558.45 zł)" storage="c:\projekty\mstestproject\bin\debug\netcoreapp3.1\mstestproject.dll" id="908275a7-6357-4e97-ae5f-00585db2d4e7">
      <TestCategory>
        <TestCategoryItem TestCategory="Category1000" />
      </TestCategory>
      <Execution id="535c8c33-566e-4de9-8444-fb68d8a3f756" />
      <TestMethod codeBase="C:\Projekty\MSTestProject\bin\Debug\netcoreapp3.1\MSTestProject.dll" adapterTypeName="executor://mstestadapter/v2" className="TwojeWesele.Services.Helpers.Tests.CurrencyHelperTests" name="FormatToStringTest1000" />
    </UnitTest>
    <UnitTest name="FormatToStringTest1000 (10534.184353995222,10534.18 zł)" storage="c:\projekty\mstestproject\bin\debug\netcoreapp3.1\mstestproject.dll" id="fdbea942-d6b1-4a1c-9d3e-2a90a7368fb0">
      <TestCategory>
        <TestCategoryItem TestCategory="Category1000" />
      </TestCategory>
      <Execution id="6b60bc6d-8586-44d8-88e0-fa1e3277efab" />
      <TestMethod codeBase="C:\Projekty\MSTestProject\bin\Debug\netcoreapp3.1\MSTestProject.dll" adapterTypeName="executor://mstestadapter/v2" className="TwojeWesele.Services.Helpers.Tests.CurrencyHelperTests" name="FormatToStringTest1000" />
    </UnitTest>
    <UnitTest name="FormatToStringTest1000 (34145.534199603615,34145.53 zł)" storage="c:\projekty\mstestproject\bin\debug\netcoreapp3.1\mstestproject.dll" id="39e53160-14f3-4e36-b75e-7c534126d380">
      <TestCategory>
        <TestCategoryItem TestCategory="Category1000" />
      </TestCategory>
      <Execution id="e66adfda-d3b9-42c0-9e52-fcbb26f8d422" />
      <TestMethod codeBase="C:\Projekty\MSTestProject\bin\Debug\netcoreapp3.1\MSTestProject.dll" adapterTypeName="executor://mstestadapter/v2" className="TwojeWesele.Services.Helpers.Tests.CurrencyHelperTests" name="FormatToStringTest1000" />
    </UnitTest>
    <UnitTest name="FormatToStringTest1000 (40268.121943438484,40268.12 zł)" storage="c:\projekty\mstestproject\bin\debug\netcoreapp3.1\mstestproject.dll" id="f4fc3a5c-82b2-402f-83ef-bdb551684ca2">
      <TestCategory>
        <TestCategoryItem TestCategory="Category1000" />
      </TestCategory>
      <Execution id="90c8be48-62b5-4bcc-8757-81f7f12606e4" />
      <TestMethod codeBase="C:\Projekty\MSTestProject\bin\Debug\netcoreapp3.1\MSTestProject.dll" adapterTypeName="executor://mstestadapter/v2" className="TwojeWesele.Services.Helpers.Tests.CurrencyHelperTests" name="FormatToStringTest1000" />
    </UnitTest>
    <UnitTest name="FormatToStringTest1000 (47025.6224095177,47025.62 zł)" storage="c:\projekty\mstestproject\bin\debug\netcoreapp3.1\mstestproject.dll" id="42ef7df1-4778-45eb-b031-7c87744d1ca0">
      <TestCategory>
        <TestCategoryItem TestCategory="Category1000" />
      </TestCategory>
      <Execution id="5e4c3388-1f05-4097-941d-55c3e94c1571" />
      <TestMethod codeBase="C:\Projekty\MSTestProject\bin\Debug\netcoreapp3.1\MSTestProject.dll" adapterTypeName="executor://mstestadapter/v2" className="TwojeWesele.Services.Helpers.Tests.CurrencyHelperTests" name="FormatToStringTest1000" />
    </UnitTest>
    <UnitTest name="FormatToStringTest1000 (35.34471716840971,35.34 zł)" storage="c:\projekty\mstestproject\bin\debug\netcoreapp3.1\mstestproject.dll" id="e64c7753-e9dc-42f2-90b3-6c2e662d1056">
      <TestCategory>
        <TestCategoryItem TestCategory="Category1000" />
      </TestCategory>
      <Execution id="77a47f6e-cbfe-48ac-8c68-dc577351936c" />
      <TestMethod codeBase="C:\Projekty\MSTestProject\bin\Debug\netcoreapp3.1\MSTestProject.dll" adapterTypeName="executor://mstestadapter/v2" className="TwojeWesele.Services.Helpers.Tests.CurrencyHelperTests" name="FormatToStringTest1000" />
    </UnitTest>
    <UnitTest name="FormatToStringTest1000 (4030.673117592313,4030.67 zł)" storage="c:\projekty\mstestproject\bin\debug\netcoreapp3.1\mstestproject.dll" id="86653be2-782a-4049-89c5-f0e2570984cf">
      <TestCategory>
        <TestCategoryItem TestCategory="Category1000" />
      </TestCategory>
      <Execution id="fbb5dab3-b14a-4797-9d88-d40e60941884" />
      <TestMethod codeBase="C:\Projekty\MSTestProject\bin\Debug\netcoreapp3.1\MSTestProject.dll" adapterTypeName="executor://mstestadapter/v2" className="TwojeWesele.Services.Helpers.Tests.CurrencyHelperTests" name="FormatToStringTest1000" />
    </UnitTest>
    <UnitTest name="FormatToStringTest1000 (66723.3293191657,66723.33 zł)" storage="c:\projekty\mstestproject\bin\debug\netcoreapp3.1\mstestproject.dll" id="fc99fce2-f0da-4bc6-ad98-21bf99b05365">
      <TestCategory>
        <TestCategoryItem TestCategory="Category1000" />
      </TestCategory>
      <Execution id="44292924-bed6-425e-9814-e073124a42eb" />
      <TestMethod codeBase="C:\Projekty\MSTestProject\bin\Debug\netcoreapp3.1\MSTestProject.dll" adapterTypeName="executor://mstestadapter/v2" className="TwojeWesele.Services.Helpers.Tests.CurrencyHelperTests" name="FormatToStringTest1000" />
    </UnitTest>
    <UnitTest name="FormatToStringTest1000 (236.20263638589657,236.20 zł)" storage="c:\projekty\mstestproject\bin\debug\netcoreapp3.1\mstestproject.dll" id="5773ee5f-489c-4e34-b82f-703a8ce49d93">
      <TestCategory>
        <TestCategoryItem TestCategory="Category1000" />
      </TestCategory>
      <Execution id="1a7989d4-e885-41d4-b409-967a62487295" />
      <TestMethod codeBase="C:\Projekty\MSTestProject\bin\Debug\netcoreapp3.1\MSTestProject.dll" adapterTypeName="executor://mstestadapter/v2" className="TwojeWesele.Services.Helpers.Tests.CurrencyHelperTests" name="FormatToStringTest1000" />
    </UnitTest>
    <UnitTest name="FormatToStringTest1000 (4105.490993980081,4105.49 zł)" storage="c:\projekty\mstestproject\bin\debug\netcoreapp3.1\mstestproject.dll" id="9b24cd50-852b-4a30-ba2e-b503a639648e">
      <TestCategory>
        <TestCategoryItem TestCategory="Category1000" />
      </TestCategory>
      <Execution id="4f3a8a8d-222c-4882-b2e3-1b6808b4a2c7" />
      <TestMethod codeBase="C:\Projekty\MSTestProject\bin\Debug\netcoreapp3.1\MSTestProject.dll" adapterTypeName="executor://mstestadapter/v2" className="TwojeWesele.Services.Helpers.Tests.CurrencyHelperTests" name="FormatToStringTest1000" />
    </UnitTest>
    <UnitTest name="FormatToStringTest1000 (27794.8671353957,27794.87 zł)" storage="c:\projekty\mstestproject\bin\debug\netcoreapp3.1\mstestproject.dll" id="503d70a9-e26e-405f-b04c-d36e656539d0">
      <TestCategory>
        <TestCategoryItem TestCategory="Category1000" />
      </TestCategory>
      <Execution id="e0f3688c-6d99-4712-aa14-a41f4bc93a64" />
      <TestMethod codeBase="C:\Projekty\MSTestProject\bin\Debug\netcoreapp3.1\MSTestProject.dll" adapterTypeName="executor://mstestadapter/v2" className="TwojeWesele.Services.Helpers.Tests.CurrencyHelperTests" name="FormatToStringTest1000" />
    </UnitTest>
    <UnitTest name="FormatToStringTest1000 (4592.278577496428,4592.28 zł)" storage="c:\projekty\mstestproject\bin\debug\netcoreapp3.1\mstestproject.dll" id="9f949acd-4791-4f2c-b6de-88ff80419677">
      <TestCategory>
        <TestCategoryItem TestCategory="Category1000" />
      </TestCategory>
      <Execution id="ad55e5f0-d831-4f60-a108-58c9f8521f3e" />
      <TestMethod codeBase="C:\Projekty\MSTestProject\bin\Debug\netcoreapp3.1\MSTestProject.dll" adapterTypeName="executor://mstestadapter/v2" className="TwojeWesele.Services.Helpers.Tests.CurrencyHelperTests" name="FormatToStringTest1000" />
    </UnitTest>
    <UnitTest name="FormatToStringTest1000 (5108.217389855635,5108.22 zł)" storage="c:\projekty\mstestproject\bin\debug\netcoreapp3.1\mstestproject.dll" id="24612c10-8ee2-4c12-8409-46b8bf574ffb">
      <TestCategory>
        <TestCategoryItem TestCategory="Category1000" />
      </TestCategory>
      <Execution id="cb9d38af-7c6f-4d22-b986-b3b605e901c2" />
      <TestMethod codeBase="C:\Projekty\MSTestProject\bin\Debug\netcoreapp3.1\MSTestProject.dll" adapterTypeName="executor://mstestadapter/v2" className="TwojeWesele.Services.Helpers.Tests.CurrencyHelperTests" name="FormatToStringTest1000" />
    </UnitTest>
    <UnitTest name="FormatToStringTest1000 (6352.983758103561,6352.98 zł)" storage="c:\projekty\mstestproject\bin\debug\netcoreapp3.1\mstestproject.dll" id="b8d19643-a1e9-42be-88ab-f96affa4f6f9">
      <TestCategory>
        <TestCategoryItem TestCategory="Category1000" />
      </TestCategory>
      <Execution id="b902f2a1-963b-437d-a863-7a52b2928587" />
      <TestMethod codeBase="C:\Projekty\MSTestProject\bin\Debug\netcoreapp3.1\MSTestProject.dll" adapterTypeName="executor://mstestadapter/v2" className="TwojeWesele.Services.Helpers.Tests.CurrencyHelperTests" name="FormatToStringTest1000" />
    </UnitTest>
    <UnitTest name="FormatToStringTest1000 (464.74397441965715,464.74 zł)" storage="c:\projekty\mstestproject\bin\debug\netcoreapp3.1\mstestproject.dll" id="d781c173-4e88-4aee-bb6f-c486b0df281f">
      <TestCategory>
        <TestCategoryItem TestCategory="Category1000" />
      </TestCategory>
      <Execution id="e62373f5-76e7-4af2-bc77-3a39858b076b" />
      <TestMethod codeBase="C:\Projekty\MSTestProject\bin\Debug\netcoreapp3.1\MSTestProject.dll" adapterTypeName="executor://mstestadapter/v2" className="TwojeWesele.Services.Helpers.Tests.CurrencyHelperTests" name="FormatToStringTest1000" />
    </UnitTest>
    <UnitTest name="FormatToStringTest1000 (20640.678251201603,20640.68 zł)" storage="c:\projekty\mstestproject\bin\debug\netcoreapp3.1\mstestproject.dll" id="821baa33-a371-495e-a3d0-3a5fdf779f37">
      <TestCategory>
        <TestCategoryItem TestCategory="Category1000" />
      </TestCategory>
      <Execution id="fc50258f-271f-47b2-8692-c9ef0209338b" />
      <TestMethod codeBase="C:\Projekty\MSTestProject\bin\Debug\netcoreapp3.1\MSTestProject.dll" adapterTypeName="executor://mstestadapter/v2" className="TwojeWesele.Services.Helpers.Tests.CurrencyHelperTests" name="FormatToStringTest1000" />
    </UnitTest>
    <UnitTest name="FormatToStringTest1000 (61422.228144277455,61422.23 zł)" storage="c:\projekty\mstestproject\bin\debug\netcoreapp3.1\mstestproject.dll" id="1620920d-c63e-440e-9e28-d605e6884a30">
      <TestCategory>
        <TestCategoryItem TestCategory="Category1000" />
      </TestCategory>
      <Execution id="da5a20a3-c396-4057-9ece-cd23d71592bd" />
      <TestMethod codeBase="C:\Projekty\MSTestProject\bin\Debug\netcoreapp3.1\MSTestProject.dll" adapterTypeName="executor://mstestadapter/v2" className="TwojeWesele.Services.Helpers.Tests.CurrencyHelperTests" name="FormatToStringTest1000" />
    </UnitTest>
    <UnitTest name="FormatToStringTest1000 (3341.8351759444154,3341.84 zł)" storage="c:\projekty\mstestproject\bin\debug\netcoreapp3.1\mstestproject.dll" id="1e55c86e-e93c-46ab-bada-39299a47fd8c">
      <TestCategory>
        <TestCategoryItem TestCategory="Category1000" />
      </TestCategory>
      <Execution id="9cfde333-9658-48cb-adb8-7d486be95aba" />
      <TestMethod codeBase="C:\Projekty\MSTestProject\bin\Debug\netcoreapp3.1\MSTestProject.dll" adapterTypeName="executor://mstestadapter/v2" className="TwojeWesele.Services.Helpers.Tests.CurrencyHelperTests" name="FormatToStringTest1000" />
    </UnitTest>
    <UnitTest name="FormatToStringTest1000 (24768.25771770359,24768.26 zł)" storage="c:\projekty\mstestproject\bin\debug\netcoreapp3.1\mstestproject.dll" id="4f47cf21-512f-4740-98b5-9b98fd0a6deb">
      <TestCategory>
        <TestCategoryItem TestCategory="Category1000" />
      </TestCategory>
      <Execution id="5912f56b-c0f0-4a4e-a533-ed8e569b5381" />
      <TestMethod codeBase="C:\Projekty\MSTestProject\bin\Debug\netcoreapp3.1\MSTestProject.dll" adapterTypeName="executor://mstestadapter/v2" className="TwojeWesele.Services.Helpers.Tests.CurrencyHelperTests" name="FormatToStringTest1000" />
    </UnitTest>
    <UnitTest name="FormatToStringTest1000 (18596.12661189033,18596.13 zł)" storage="c:\projekty\mstestproject\bin\debug\netcoreapp3.1\mstestproject.dll" id="1badb448-e755-4043-83a3-b7a38f7b75da">
      <TestCategory>
        <TestCategoryItem TestCategory="Category1000" />
      </TestCategory>
      <Execution id="464f36f4-8206-4ce3-b3b0-17f021285409" />
      <TestMethod codeBase="C:\Projekty\MSTestProject\bin\Debug\netcoreapp3.1\MSTestProject.dll" adapterTypeName="executor://mstestadapter/v2" className="TwojeWesele.Services.Helpers.Tests.CurrencyHelperTests" name="FormatToStringTest1000" />
    </UnitTest>
    <UnitTest name="FormatToStringTest1000 (6105.007054037418,6105.01 zł)" storage="c:\projekty\mstestproject\bin\debug\netcoreapp3.1\mstestproject.dll" id="c80fc3bb-ee0a-44c0-8a4b-00e73391e543">
      <TestCategory>
        <TestCategoryItem TestCategory="Category1000" />
      </TestCategory>
      <Execution id="38f5743b-a7b5-4f0c-a876-72021a81cc5a" />
      <TestMethod codeBase="C:\Projekty\MSTestProject\bin\Debug\netcoreapp3.1\MSTestProject.dll" adapterTypeName="executor://mstestadapter/v2" className="TwojeWesele.Services.Helpers.Tests.CurrencyHelperTests" name="FormatToStringTest1000" />
    </UnitTest>
    <UnitTest name="FormatToStringTest1000 (6915.421130504656,6915.42 zł)" storage="c:\projekty\mstestproject\bin\debug\netcoreapp3.1\mstestproject.dll" id="1c6ccd13-11f0-4d11-acc1-c86024a7c1d4">
      <TestCategory>
        <TestCategoryItem TestCategory="Category1000" />
      </TestCategory>
      <Execution id="3faf33f4-47b8-4b41-af0a-94b89bb20d66" />
      <TestMethod codeBase="C:\Projekty\MSTestProject\bin\Debug\netcoreapp3.1\MSTestProject.dll" adapterTypeName="executor://mstestadapter/v2" className="TwojeWesele.Services.Helpers.Tests.CurrencyHelperTests" name="FormatToStringTest1000" />
    </UnitTest>
    <UnitTest name="FormatToStringTest1000 (782.6578288817116,782.66 zł)" storage="c:\projekty\mstestproject\bin\debug\netcoreapp3.1\mstestproject.dll" id="7982cd6d-fbe8-4c2b-8119-818abee993b3">
      <TestCategory>
        <TestCategoryItem TestCategory="Category1000" />
      </TestCategory>
      <Execution id="035c923b-026d-451b-8588-4a3b36a70fb1" />
      <TestMethod codeBase="C:\Projekty\MSTestProject\bin\Debug\netcoreapp3.1\MSTestProject.dll" adapterTypeName="executor://mstestadapter/v2" className="TwojeWesele.Services.Helpers.Tests.CurrencyHelperTests" name="FormatToStringTest1000" />
    </UnitTest>
    <UnitTest name="FormatToStringTest1000 (6890.028458985514,6890.03 zł)" storage="c:\projekty\mstestproject\bin\debug\netcoreapp3.1\mstestproject.dll" id="13e0845e-2cfe-4e81-b5ad-c8db46f434c5">
      <TestCategory>
        <TestCategoryItem TestCategory="Category1000" />
      </TestCategory>
      <Execution id="981e41d0-ff3d-400f-a9e5-252b83bb7f8a" />
      <TestMethod codeBase="C:\Projekty\MSTestProject\bin\Debug\netcoreapp3.1\MSTestProject.dll" adapterTypeName="executor://mstestadapter/v2" className="TwojeWesele.Services.Helpers.Tests.CurrencyHelperTests" name="FormatToStringTest1000" />
    </UnitTest>
    <UnitTest name="FormatToStringTest1000 (14172.682747822573,14172.68 zł)" storage="c:\projekty\mstestproject\bin\debug\netcoreapp3.1\mstestproject.dll" id="27b83e3c-5942-4f62-aac6-d494cd6e013d">
      <TestCategory>
        <TestCategoryItem TestCategory="Category1000" />
      </TestCategory>
      <Execution id="914d53fa-6c36-4c49-a9a5-784c28dd401b" />
      <TestMethod codeBase="C:\Projekty\MSTestProject\bin\Debug\netcoreapp3.1\MSTestProject.dll" adapterTypeName="executor://mstestadapter/v2" className="TwojeWesele.Services.Helpers.Tests.CurrencyHelperTests" name="FormatToStringTest1000" />
    </UnitTest>
    <UnitTest name="FormatToStringTest1000 (11829.625994884234,11829.63 zł)" storage="c:\projekty\mstestproject\bin\debug\netcoreapp3.1\mstestproject.dll" id="34001bcd-4768-4491-bd38-bac22a026c82">
      <TestCategory>
        <TestCategoryItem TestCategory="Category1000" />
      </TestCategory>
      <Execution id="64779915-ad22-4591-a377-3f6807442247" />
      <TestMethod codeBase="C:\Projekty\MSTestProject\bin\Debug\netcoreapp3.1\MSTestProject.dll" adapterTypeName="executor://mstestadapter/v2" className="TwojeWesele.Services.Helpers.Tests.CurrencyHelperTests" name="FormatToStringTest1000" />
    </UnitTest>
    <UnitTest name="FormatToStringTest1000 (18340.935049000167,18340.94 zł)" storage="c:\projekty\mstestproject\bin\debug\netcoreapp3.1\mstestproject.dll" id="5f9668fb-3a2b-4e08-8797-2da9021916ca">
      <TestCategory>
        <TestCategoryItem TestCategory="Category1000" />
      </TestCategory>
      <Execution id="6b47ce92-11f8-4dd7-bb70-6a802d6581e1" />
      <TestMethod codeBase="C:\Projekty\MSTestProject\bin\Debug\netcoreapp3.1\MSTestProject.dll" adapterTypeName="executor://mstestadapter/v2" className="TwojeWesele.Services.Helpers.Tests.CurrencyHelperTests" name="FormatToStringTest1000" />
    </UnitTest>
    <UnitTest name="FormatToStringTest1000 (23174.85693288448,23174.86 zł)" storage="c:\projekty\mstestproject\bin\debug\netcoreapp3.1\mstestproject.dll" id="e48ea0d5-25c5-4c5a-abe0-7969672ab727">
      <TestCategory>
        <TestCategoryItem TestCategory="Category1000" />
      </TestCategory>
      <Execution id="019a9934-597f-4418-8515-d444e52358a1" />
      <TestMethod codeBase="C:\Projekty\MSTestProject\bin\Debug\netcoreapp3.1\MSTestProject.dll" adapterTypeName="executor://mstestadapter/v2" className="TwojeWesele.Services.Helpers.Tests.CurrencyHelperTests" name="FormatToStringTest1000" />
    </UnitTest>
    <UnitTest name="FormatToStringTest1000 (736.7398243680316,736.74 zł)" storage="c:\projekty\mstestproject\bin\debug\netcoreapp3.1\mstestproject.dll" id="47b3a16f-335c-4e68-ba24-10ec77351269">
      <TestCategory>
        <TestCategoryItem TestCategory="Category1000" />
      </TestCategory>
      <Execution id="6ca49e1a-0e0b-46c2-a635-63304fac93d4" />
      <TestMethod codeBase="C:\Projekty\MSTestProject\bin\Debug\netcoreapp3.1\MSTestProject.dll" adapterTypeName="executor://mstestadapter/v2" className="TwojeWesele.Services.Helpers.Tests.CurrencyHelperTests" name="FormatToStringTest1000" />
    </UnitTest>
    <UnitTest name="FormatToStringTest1000 (10370.0107542784,10370.01 zł)" storage="c:\projekty\mstestproject\bin\debug\netcoreapp3.1\mstestproject.dll" id="60512a72-8f49-42fc-bce3-38a4d8009786">
      <TestCategory>
        <TestCategoryItem TestCategory="Category1000" />
      </TestCategory>
      <Execution id="4d6e8e3e-9193-4dbd-92f7-114a79b40494" />
      <TestMethod codeBase="C:\Projekty\MSTestProject\bin\Debug\netcoreapp3.1\MSTestProject.dll" adapterTypeName="executor://mstestadapter/v2" className="TwojeWesele.Services.Helpers.Tests.CurrencyHelperTests" name="FormatToStringTest1000" />
    </UnitTest>
    <UnitTest name="FormatToStringTest1000 (7076.829971250534,7076.83 zł)" storage="c:\projekty\mstestproject\bin\debug\netcoreapp3.1\mstestproject.dll" id="4d108519-bf44-48bc-a0a2-cc7c958e9df4">
      <TestCategory>
        <TestCategoryItem TestCategory="Category1000" />
      </TestCategory>
      <Execution id="fec23e93-742d-42ee-859a-25d652a553e4" />
      <TestMethod codeBase="C:\Projekty\MSTestProject\bin\Debug\netcoreapp3.1\MSTestProject.dll" adapterTypeName="executor://mstestadapter/v2" className="TwojeWesele.Services.Helpers.Tests.CurrencyHelperTests" name="FormatToStringTest1000" />
    </UnitTest>
    <UnitTest name="FormatToStringTest1000 (9657.360676611475,9657.36 zł)" storage="c:\projekty\mstestproject\bin\debug\netcoreapp3.1\mstestproject.dll" id="57266ed2-2424-4008-a210-fa4397c82111">
      <TestCategory>
        <TestCategoryItem TestCategory="Category1000" />
      </TestCategory>
      <Execution id="aad4b0a9-a8f0-4810-be04-dbab3be2680e" />
      <TestMethod codeBase="C:\Projekty\MSTestProject\bin\Debug\netcoreapp3.1\MSTestProject.dll" adapterTypeName="executor://mstestadapter/v2" className="TwojeWesele.Services.Helpers.Tests.CurrencyHelperTests" name="FormatToStringTest1000" />
    </UnitTest>
    <UnitTest name="FormatToStringTest1000 (2751.3751475258614,2751.38 zł)" storage="c:\projekty\mstestproject\bin\debug\netcoreapp3.1\mstestproject.dll" id="02f9179c-243e-47f9-9750-ad009ef21627">
      <TestCategory>
        <TestCategoryItem TestCategory="Category1000" />
      </TestCategory>
      <Execution id="0899e29a-ea97-4344-8956-a7ecc0534506" />
      <TestMethod codeBase="C:\Projekty\MSTestProject\bin\Debug\netcoreapp3.1\MSTestProject.dll" adapterTypeName="executor://mstestadapter/v2" className="TwojeWesele.Services.Helpers.Tests.CurrencyHelperTests" name="FormatToStringTest1000" />
    </UnitTest>
    <UnitTest name="FormatToStringTest1000 (577.6071367564645,577.61 zł)" storage="c:\projekty\mstestproject\bin\debug\netcoreapp3.1\mstestproject.dll" id="13f32a63-0fc2-497a-909a-84422e724e83">
      <TestCategory>
        <TestCategoryItem TestCategory="Category1000" />
      </TestCategory>
      <Execution id="5312289c-f66e-4637-a774-70e310d598e3" />
      <TestMethod codeBase="C:\Projekty\MSTestProject\bin\Debug\netcoreapp3.1\MSTestProject.dll" adapterTypeName="executor://mstestadapter/v2" className="TwojeWesele.Services.Helpers.Tests.CurrencyHelperTests" name="FormatToStringTest1000" />
    </UnitTest>
    <UnitTest name="FormatToStringTest1000 (86.89546322771136,86.90 zł)" storage="c:\projekty\mstestproject\bin\debug\netcoreapp3.1\mstestproject.dll" id="ebbeb5b6-3914-45bc-9158-ade084fa1f78">
      <TestCategory>
        <TestCategoryItem TestCategory="Category1000" />
      </TestCategory>
      <Execution id="7de5216c-7c48-4a5d-873b-d85efd5b01cd" />
      <TestMethod codeBase="C:\Projekty\MSTestProject\bin\Debug\netcoreapp3.1\MSTestProject.dll" adapterTypeName="executor://mstestadapter/v2" className="TwojeWesele.Services.Helpers.Tests.CurrencyHelperTests" name="FormatToStringTest1000" />
    </UnitTest>
    <UnitTest name="FormatToStringTest1000 (20244.692955315437,20244.69 zł)" storage="c:\projekty\mstestproject\bin\debug\netcoreapp3.1\mstestproject.dll" id="32fa5f45-b4a7-4be9-8cb9-cf7eddcb11a4">
      <TestCategory>
        <TestCategoryItem TestCategory="Category1000" />
      </TestCategory>
      <Execution id="71ba1238-81d9-4009-9481-117f8a94e8fc" />
      <TestMethod codeBase="C:\Projekty\MSTestProject\bin\Debug\netcoreapp3.1\MSTestProject.dll" adapterTypeName="executor://mstestadapter/v2" className="TwojeWesele.Services.Helpers.Tests.CurrencyHelperTests" name="FormatToStringTest1000" />
    </UnitTest>
    <UnitTest name="FormatToStringTest1000 (17798.633951516185,17798.63 zł)" storage="c:\projekty\mstestproject\bin\debug\netcoreapp3.1\mstestproject.dll" id="038eec70-17a2-4633-b088-864988cf6945">
      <TestCategory>
        <TestCategoryItem TestCategory="Category1000" />
      </TestCategory>
      <Execution id="1ccf7e6d-fe60-4ebf-ab9a-a261c8ddb41a" />
      <TestMethod codeBase="C:\Projekty\MSTestProject\bin\Debug\netcoreapp3.1\MSTestProject.dll" adapterTypeName="executor://mstestadapter/v2" className="TwojeWesele.Services.Helpers.Tests.CurrencyHelperTests" name="FormatToStringTest1000" />
    </UnitTest>
    <UnitTest name="FormatToStringTest1000 (32821.05661472215,32821.06 zł)" storage="c:\projekty\mstestproject\bin\debug\netcoreapp3.1\mstestproject.dll" id="cdeefcf2-8af1-4108-8180-2397d4a46a5f">
      <TestCategory>
        <TestCategoryItem TestCategory="Category1000" />
      </TestCategory>
      <Execution id="d32d5015-e724-4313-8277-e946ee56ed60" />
      <TestMethod codeBase="C:\Projekty\MSTestProject\bin\Debug\netcoreapp3.1\MSTestProject.dll" adapterTypeName="executor://mstestadapter/v2" className="TwojeWesele.Services.Helpers.Tests.CurrencyHelperTests" name="FormatToStringTest1000" />
    </UnitTest>
    <UnitTest name="FormatToStringTest1000 (13508.811787825922,13508.81 zł)" storage="c:\projekty\mstestproject\bin\debug\netcoreapp3.1\mstestproject.dll" id="c524d6fd-8cf7-4dbb-bceb-e86b3e90756f">
      <TestCategory>
        <TestCategoryItem TestCategory="Category1000" />
      </TestCategory>
      <Execution id="a0dfcfa8-89d6-4eca-a4e8-87923da7d2bd" />
      <TestMethod codeBase="C:\Projekty\MSTestProject\bin\Debug\netcoreapp3.1\MSTestProject.dll" adapterTypeName="executor://mstestadapter/v2" className="TwojeWesele.Services.Helpers.Tests.CurrencyHelperTests" name="FormatToStringTest1000" />
    </UnitTest>
    <UnitTest name="FormatToStringTest1000 (27751.474436297303,27751.47 zł)" storage="c:\projekty\mstestproject\bin\debug\netcoreapp3.1\mstestproject.dll" id="066d6755-6a3c-47ec-8524-1798adf973c1">
      <TestCategory>
        <TestCategoryItem TestCategory="Category1000" />
      </TestCategory>
      <Execution id="fc603b4a-0126-4de4-bba6-9847386bee2a" />
      <TestMethod codeBase="C:\Projekty\MSTestProject\bin\Debug\netcoreapp3.1\MSTestProject.dll" adapterTypeName="executor://mstestadapter/v2" className="TwojeWesele.Services.Helpers.Tests.CurrencyHelperTests" name="FormatToStringTest1000" />
    </UnitTest>
    <UnitTest name="FormatToStringTest1000 (23789.556920184546,23789.56 zł)" storage="c:\projekty\mstestproject\bin\debug\netcoreapp3.1\mstestproject.dll" id="bdb4efaa-3387-4d65-8f5f-21ac36e1272d">
      <TestCategory>
        <TestCategoryItem TestCategory="Category1000" />
      </TestCategory>
      <Execution id="babbe480-3a63-4266-906f-56df23874383" />
      <TestMethod codeBase="C:\Projekty\MSTestProject\bin\Debug\netcoreapp3.1\MSTestProject.dll" adapterTypeName="executor://mstestadapter/v2" className="TwojeWesele.Services.Helpers.Tests.CurrencyHelperTests" name="FormatToStringTest1000" />
    </UnitTest>
    <UnitTest name="FormatToStringTest1000 (38904.87092920806,38904.87 zł)" storage="c:\projekty\mstestproject\bin\debug\netcoreapp3.1\mstestproject.dll" id="b72955b0-9b1c-456d-aa35-632fb1f329a7">
      <TestCategory>
        <TestCategoryItem TestCategory="Category1000" />
      </TestCategory>
      <Execution id="0eae3fc6-9373-4b29-b57b-2b0ba77e5d22" />
      <TestMethod codeBase="C:\Projekty\MSTestProject\bin\Debug\netcoreapp3.1\MSTestProject.dll" adapterTypeName="executor://mstestadapter/v2" className="TwojeWesele.Services.Helpers.Tests.CurrencyHelperTests" name="FormatToStringTest1000" />
    </UnitTest>
    <UnitTest name="FormatToStringTest1000 (19603.69286519321,19603.69 zł)" storage="c:\projekty\mstestproject\bin\debug\netcoreapp3.1\mstestproject.dll" id="d933da42-c338-4d37-a3ff-3a519355399b">
      <TestCategory>
        <TestCategoryItem TestCategory="Category1000" />
      </TestCategory>
      <Execution id="0b2eb588-e362-46e8-b815-677745191806" />
      <TestMethod codeBase="C:\Projekty\MSTestProject\bin\Debug\netcoreapp3.1\MSTestProject.dll" adapterTypeName="executor://mstestadapter/v2" className="TwojeWesele.Services.Helpers.Tests.CurrencyHelperTests" name="FormatToStringTest1000" />
    </UnitTest>
    <UnitTest name="FormatToStringTest1000 (11904.111251175456,11904.11 zł)" storage="c:\projekty\mstestproject\bin\debug\netcoreapp3.1\mstestproject.dll" id="33fa343b-ce18-4d16-8120-0107bae8b327">
      <TestCategory>
        <TestCategoryItem TestCategory="Category1000" />
      </TestCategory>
      <Execution id="1ed4d435-45f6-45ae-ba15-ba70a4be5fae" />
      <TestMethod codeBase="C:\Projekty\MSTestProject\bin\Debug\netcoreapp3.1\MSTestProject.dll" adapterTypeName="executor://mstestadapter/v2" className="TwojeWesele.Services.Helpers.Tests.CurrencyHelperTests" name="FormatToStringTest1000" />
    </UnitTest>
    <UnitTest name="FormatToStringTest1000 (30410.68214617003,30410.68 zł)" storage="c:\projekty\mstestproject\bin\debug\netcoreapp3.1\mstestproject.dll" id="2e8e3697-e09e-4039-a767-eaa8a73f1f96">
      <TestCategory>
        <TestCategoryItem TestCategory="Category1000" />
      </TestCategory>
      <Execution id="0e5e2b32-5387-4da4-930c-03a314d2718f" />
      <TestMethod codeBase="C:\Projekty\MSTestProject\bin\Debug\netcoreapp3.1\MSTestProject.dll" adapterTypeName="executor://mstestadapter/v2" className="TwojeWesele.Services.Helpers.Tests.CurrencyHelperTests" name="FormatToStringTest1000" />
    </UnitTest>
    <UnitTest name="FormatToStringTest1000 (918.1842976688334,918.18 zł)" storage="c:\projekty\mstestproject\bin\debug\netcoreapp3.1\mstestproject.dll" id="358e42df-884f-4e6d-b090-39f77d3417b9">
      <TestCategory>
        <TestCategoryItem TestCategory="Category1000" />
      </TestCategory>
      <Execution id="48b5ce67-9979-4182-92a1-48fdd875ba9c" />
      <TestMethod codeBase="C:\Projekty\MSTestProject\bin\Debug\netcoreapp3.1\MSTestProject.dll" adapterTypeName="executor://mstestadapter/v2" className="TwojeWesele.Services.Helpers.Tests.CurrencyHelperTests" name="FormatToStringTest1000" />
    </UnitTest>
    <UnitTest name="FormatToStringTest1000 (4857.211933034105,4857.21 zł)" storage="c:\projekty\mstestproject\bin\debug\netcoreapp3.1\mstestproject.dll" id="4111b770-8f16-45eb-aae7-63ca8b4f3da4">
      <TestCategory>
        <TestCategoryItem TestCategory="Category1000" />
      </TestCategory>
      <Execution id="09c9b741-e387-42d4-8965-1f56034eb361" />
      <TestMethod codeBase="C:\Projekty\MSTestProject\bin\Debug\netcoreapp3.1\MSTestProject.dll" adapterTypeName="executor://mstestadapter/v2" className="TwojeWesele.Services.Helpers.Tests.CurrencyHelperTests" name="FormatToStringTest1000" />
    </UnitTest>
    <UnitTest name="FormatToStringTest1000 (51408.294679657694,51408.29 zł)" storage="c:\projekty\mstestproject\bin\debug\netcoreapp3.1\mstestproject.dll" id="7368a680-3195-4e54-87cd-382851c46177">
      <TestCategory>
        <TestCategoryItem TestCategory="Category1000" />
      </TestCategory>
      <Execution id="768be938-6feb-4169-bae2-f85f62f2110e" />
      <TestMethod codeBase="C:\Projekty\MSTestProject\bin\Debug\netcoreapp3.1\MSTestProject.dll" adapterTypeName="executor://mstestadapter/v2" className="TwojeWesele.Services.Helpers.Tests.CurrencyHelperTests" name="FormatToStringTest1000" />
    </UnitTest>
    <UnitTest name="FormatToStringTest1000 (11118.620997698335,11118.62 zł)" storage="c:\projekty\mstestproject\bin\debug\netcoreapp3.1\mstestproject.dll" id="cc50c9fc-a9f8-45af-8148-2a463f933714">
      <TestCategory>
        <TestCategoryItem TestCategory="Category1000" />
      </TestCategory>
      <Execution id="c536cd01-a5fa-46dd-9909-4bace0afbad1" />
      <TestMethod codeBase="C:\Projekty\MSTestProject\bin\Debug\netcoreapp3.1\MSTestProject.dll" adapterTypeName="executor://mstestadapter/v2" className="TwojeWesele.Services.Helpers.Tests.CurrencyHelperTests" name="FormatToStringTest1000" />
    </UnitTest>
    <UnitTest name="FormatToStringTest1000 (11958.422287871792,11958.42 zł)" storage="c:\projekty\mstestproject\bin\debug\netcoreapp3.1\mstestproject.dll" id="10fc5b70-036b-4a9c-b03f-461c831e7405">
      <TestCategory>
        <TestCategoryItem TestCategory="Category1000" />
      </TestCategory>
      <Execution id="6563ef34-ec38-4098-aa63-e9817b7b8b61" />
      <TestMethod codeBase="C:\Projekty\MSTestProject\bin\Debug\netcoreapp3.1\MSTestProject.dll" adapterTypeName="executor://mstestadapter/v2" className="TwojeWesele.Services.Helpers.Tests.CurrencyHelperTests" name="FormatToStringTest1000" />
    </UnitTest>
    <UnitTest name="FormatToStringTest1000 (19435.417227184127,19435.42 zł)" storage="c:\projekty\mstestproject\bin\debug\netcoreapp3.1\mstestproject.dll" id="80b6d4a5-7b76-4c33-aa23-e9c1789bff5e">
      <TestCategory>
        <TestCategoryItem TestCategory="Category1000" />
      </TestCategory>
      <Execution id="ef4caa01-0ac6-42c1-9f35-f66a1855bed3" />
      <TestMethod codeBase="C:\Projekty\MSTestProject\bin\Debug\netcoreapp3.1\MSTestProject.dll" adapterTypeName="executor://mstestadapter/v2" className="TwojeWesele.Services.Helpers.Tests.CurrencyHelperTests" name="FormatToStringTest1000" />
    </UnitTest>
    <UnitTest name="FormatToStringTest1000 (6544.213759255695,6544.21 zł)" storage="c:\projekty\mstestproject\bin\debug\netcoreapp3.1\mstestproject.dll" id="8b4d335b-c429-4824-ae00-6d7a26a32597">
      <TestCategory>
        <TestCategoryItem TestCategory="Category1000" />
      </TestCategory>
      <Execution id="7e2cd836-84e9-4cf4-950b-eb632af41b00" />
      <TestMethod codeBase="C:\Projekty\MSTestProject\bin\Debug\netcoreapp3.1\MSTestProject.dll" adapterTypeName="executor://mstestadapter/v2" className="TwojeWesele.Services.Helpers.Tests.CurrencyHelperTests" name="FormatToStringTest1000" />
    </UnitTest>
    <UnitTest name="FormatToStringTest1000 (14635.510547500808,14635.51 zł)" storage="c:\projekty\mstestproject\bin\debug\netcoreapp3.1\mstestproject.dll" id="507d1d45-64a3-46c8-9b73-1e7676a72e7c">
      <TestCategory>
        <TestCategoryItem TestCategory="Category1000" />
      </TestCategory>
      <Execution id="631270ad-427a-42e7-baf8-55f1aa12fc88" />
      <TestMethod codeBase="C:\Projekty\MSTestProject\bin\Debug\netcoreapp3.1\MSTestProject.dll" adapterTypeName="executor://mstestadapter/v2" className="TwojeWesele.Services.Helpers.Tests.CurrencyHelperTests" name="FormatToStringTest1000" />
    </UnitTest>
    <UnitTest name="FormatToStringTest1000 (6429.44273095552,6429.44 zł)" storage="c:\projekty\mstestproject\bin\debug\netcoreapp3.1\mstestproject.dll" id="500b0b90-98b8-409b-aff8-1ca30e418338">
      <TestCategory>
        <TestCategoryItem TestCategory="Category1000" />
      </TestCategory>
      <Execution id="57aa4f0f-948a-495e-a282-7935cdc53554" />
      <TestMethod codeBase="C:\Projekty\MSTestProject\bin\Debug\netcoreapp3.1\MSTestProject.dll" adapterTypeName="executor://mstestadapter/v2" className="TwojeWesele.Services.Helpers.Tests.CurrencyHelperTests" name="FormatToStringTest1000" />
    </UnitTest>
    <UnitTest name="FormatToStringTest1000 (1751.7703038522834,1751.77 zł)" storage="c:\projekty\mstestproject\bin\debug\netcoreapp3.1\mstestproject.dll" id="afa2af94-86c1-4295-8c57-6aeaf0604c62">
      <TestCategory>
        <TestCategoryItem TestCategory="Category1000" />
      </TestCategory>
      <Execution id="aff8d56d-3d2d-4086-8e67-617ec89385f8" />
      <TestMethod codeBase="C:\Projekty\MSTestProject\bin\Debug\netcoreapp3.1\MSTestProject.dll" adapterTypeName="executor://mstestadapter/v2" className="TwojeWesele.Services.Helpers.Tests.CurrencyHelperTests" name="FormatToStringTest1000" />
    </UnitTest>
    <UnitTest name="FormatToStringTest1000 (726.8087564975995,726.81 zł)" storage="c:\projekty\mstestproject\bin\debug\netcoreapp3.1\mstestproject.dll" id="9273994e-f76b-40e7-9984-078b804a4491">
      <TestCategory>
        <TestCategoryItem TestCategory="Category1000" />
      </TestCategory>
      <Execution id="ed51edd6-a6f5-4b15-b2c0-b6f4800125c8" />
      <TestMethod codeBase="C:\Projekty\MSTestProject\bin\Debug\netcoreapp3.1\MSTestProject.dll" adapterTypeName="executor://mstestadapter/v2" className="TwojeWesele.Services.Helpers.Tests.CurrencyHelperTests" name="FormatToStringTest1000" />
    </UnitTest>
    <UnitTest name="FormatToStringTest1000 (19189.32381924117,19189.32 zł)" storage="c:\projekty\mstestproject\bin\debug\netcoreapp3.1\mstestproject.dll" id="64f2b07a-9852-4931-af78-bb0b03829c19">
      <TestCategory>
        <TestCategoryItem TestCategory="Category1000" />
      </TestCategory>
      <Execution id="a9a74654-d6d6-425a-b591-992ba0d57274" />
      <TestMethod codeBase="C:\Projekty\MSTestProject\bin\Debug\netcoreapp3.1\MSTestProject.dll" adapterTypeName="executor://mstestadapter/v2" className="TwojeWesele.Services.Helpers.Tests.CurrencyHelperTests" name="FormatToStringTest1000" />
    </UnitTest>
    <UnitTest name="FormatToStringTest1000 (7594.279030504766,7594.28 zł)" storage="c:\projekty\mstestproject\bin\debug\netcoreapp3.1\mstestproject.dll" id="2b4ebdf7-0b35-487c-a853-508e3ef0e7cc">
      <TestCategory>
        <TestCategoryItem TestCategory="Category1000" />
      </TestCategory>
      <Execution id="2eb0fa62-d68a-480b-a391-5edc2ab8d271" />
      <TestMethod codeBase="C:\Projekty\MSTestProject\bin\Debug\netcoreapp3.1\MSTestProject.dll" adapterTypeName="executor://mstestadapter/v2" className="TwojeWesele.Services.Helpers.Tests.CurrencyHelperTests" name="FormatToStringTest1000" />
    </UnitTest>
    <UnitTest name="FormatToStringTest1000 (20249.56614074277,20249.57 zł)" storage="c:\projekty\mstestproject\bin\debug\netcoreapp3.1\mstestproject.dll" id="c0e350c4-d3f7-4f19-a759-86a1e74b1c74">
      <TestCategory>
        <TestCategoryItem TestCategory="Category1000" />
      </TestCategory>
      <Execution id="ae60073c-f329-4995-a099-119ce3c8b64f" />
      <TestMethod codeBase="C:\Projekty\MSTestProject\bin\Debug\netcoreapp3.1\MSTestProject.dll" adapterTypeName="executor://mstestadapter/v2" className="TwojeWesele.Services.Helpers.Tests.CurrencyHelperTests" name="FormatToStringTest1000" />
    </UnitTest>
    <UnitTest name="FormatToStringTest1000 (32216.686763396807,32216.69 zł)" storage="c:\projekty\mstestproject\bin\debug\netcoreapp3.1\mstestproject.dll" id="03520f85-b686-4fb3-ae02-9dcf35f2724f">
      <TestCategory>
        <TestCategoryItem TestCategory="Category1000" />
      </TestCategory>
      <Execution id="7ebc615e-fdfa-413e-93b9-4c120351f54c" />
      <TestMethod codeBase="C:\Projekty\MSTestProject\bin\Debug\netcoreapp3.1\MSTestProject.dll" adapterTypeName="executor://mstestadapter/v2" className="TwojeWesele.Services.Helpers.Tests.CurrencyHelperTests" name="FormatToStringTest1000" />
    </UnitTest>
    <UnitTest name="FormatToStringTest1000 (10495.622655484185,10495.62 zł)" storage="c:\projekty\mstestproject\bin\debug\netcoreapp3.1\mstestproject.dll" id="8fd2881e-ab38-474e-9a87-5f599b661ec6">
      <TestCategory>
        <TestCategoryItem TestCategory="Category1000" />
      </TestCategory>
      <Execution id="4e52ceb5-8a9a-431b-808a-71979820d291" />
      <TestMethod codeBase="C:\Projekty\MSTestProject\bin\Debug\netcoreapp3.1\MSTestProject.dll" adapterTypeName="executor://mstestadapter/v2" className="TwojeWesele.Services.Helpers.Tests.CurrencyHelperTests" name="FormatToStringTest1000" />
    </UnitTest>
    <UnitTest name="FormatToStringTest1000 (50550.645020282194,50550.65 zł)" storage="c:\projekty\mstestproject\bin\debug\netcoreapp3.1\mstestproject.dll" id="75775734-51d2-4e6d-8e1a-76a2e1678513">
      <TestCategory>
        <TestCategoryItem TestCategory="Category1000" />
      </TestCategory>
      <Execution id="3aa31cee-6ba4-46fb-bd72-11dbd8ac08e8" />
      <TestMethod codeBase="C:\Projekty\MSTestProject\bin\Debug\netcoreapp3.1\MSTestProject.dll" adapterTypeName="executor://mstestadapter/v2" className="TwojeWesele.Services.Helpers.Tests.CurrencyHelperTests" name="FormatToStringTest1000" />
    </UnitTest>
    <UnitTest name="FormatToStringTest1000 (4539.210371735137,4539.21 zł)" storage="c:\projekty\mstestproject\bin\debug\netcoreapp3.1\mstestproject.dll" id="16087f37-1ff0-4a39-96fd-7082b13f3077">
      <TestCategory>
        <TestCategoryItem TestCategory="Category1000" />
      </TestCategory>
      <Execution id="92ffd30f-7f67-4ff0-a89e-576b81294aa9" />
      <TestMethod codeBase="C:\Projekty\MSTestProject\bin\Debug\netcoreapp3.1\MSTestProject.dll" adapterTypeName="executor://mstestadapter/v2" className="TwojeWesele.Services.Helpers.Tests.CurrencyHelperTests" name="FormatToStringTest1000" />
    </UnitTest>
    <UnitTest name="FormatToStringTest1000 (47431.868885526375,47431.87 zł)" storage="c:\projekty\mstestproject\bin\debug\netcoreapp3.1\mstestproject.dll" id="80ee2099-86a6-4282-b8b5-ffe63073bb9b">
      <TestCategory>
        <TestCategoryItem TestCategory="Category1000" />
      </TestCategory>
      <Execution id="75afcfbb-149e-4fd4-a022-698b5873262a" />
      <TestMethod codeBase="C:\Projekty\MSTestProject\bin\Debug\netcoreapp3.1\MSTestProject.dll" adapterTypeName="executor://mstestadapter/v2" className="TwojeWesele.Services.Helpers.Tests.CurrencyHelperTests" name="FormatToStringTest1000" />
    </UnitTest>
    <UnitTest name="FormatToStringTest1000 (9750.134289915735,9750.13 zł)" storage="c:\projekty\mstestproject\bin\debug\netcoreapp3.1\mstestproject.dll" id="aed96489-1994-4f89-a6f4-99bde1025a72">
      <TestCategory>
        <TestCategoryItem TestCategory="Category1000" />
      </TestCategory>
      <Execution id="e8560e72-0be7-4ba2-8f0d-facd3d9818c5" />
      <TestMethod codeBase="C:\Projekty\MSTestProject\bin\Debug\netcoreapp3.1\MSTestProject.dll" adapterTypeName="executor://mstestadapter/v2" className="TwojeWesele.Services.Helpers.Tests.CurrencyHelperTests" name="FormatToStringTest1000" />
    </UnitTest>
    <UnitTest name="FormatToStringTest1000 (55457.96873490278,55457.97 zł)" storage="c:\projekty\mstestproject\bin\debug\netcoreapp3.1\mstestproject.dll" id="34f3f347-5968-49af-afa7-123f87e14a8b">
      <TestCategory>
        <TestCategoryItem TestCategory="Category1000" />
      </TestCategory>
      <Execution id="3c166006-a857-4e19-8da8-f6a0978a31e2" />
      <TestMethod codeBase="C:\Projekty\MSTestProject\bin\Debug\netcoreapp3.1\MSTestProject.dll" adapterTypeName="executor://mstestadapter/v2" className="TwojeWesele.Services.Helpers.Tests.CurrencyHelperTests" name="FormatToStringTest1000" />
    </UnitTest>
    <UnitTest name="FormatToStringTest1000 (68507.83928906724,68507.84 zł)" storage="c:\projekty\mstestproject\bin\debug\netcoreapp3.1\mstestproject.dll" id="3c5ecfbc-2ebf-45d6-a2f2-0a4378682770">
      <TestCategory>
        <TestCategoryItem TestCategory="Category1000" />
      </TestCategory>
      <Execution id="632a19f7-f18d-4823-ba5a-df388ffe9987" />
      <TestMethod codeBase="C:\Projekty\MSTestProject\bin\Debug\netcoreapp3.1\MSTestProject.dll" adapterTypeName="executor://mstestadapter/v2" className="TwojeWesele.Services.Helpers.Tests.CurrencyHelperTests" name="FormatToStringTest1000" />
    </UnitTest>
    <UnitTest name="FormatToStringTest1000 (37866.43836050967,37866.44 zł)" storage="c:\projekty\mstestproject\bin\debug\netcoreapp3.1\mstestproject.dll" id="270a7c53-d60a-4835-be76-174c51b62a5c">
      <TestCategory>
        <TestCategoryItem TestCategory="Category1000" />
      </TestCategory>
      <Execution id="6dcc414c-60d7-4b7c-b29d-eba373a59dde" />
      <TestMethod codeBase="C:\Projekty\MSTestProject\bin\Debug\netcoreapp3.1\MSTestProject.dll" adapterTypeName="executor://mstestadapter/v2" className="TwojeWesele.Services.Helpers.Tests.CurrencyHelperTests" name="FormatToStringTest1000" />
    </UnitTest>
    <UnitTest name="FormatToStringTest1000 (24251.68593564848,24251.69 zł)" storage="c:\projekty\mstestproject\bin\debug\netcoreapp3.1\mstestproject.dll" id="aa95ac9e-560f-4780-95ad-49d9fc3afea1">
      <TestCategory>
        <TestCategoryItem TestCategory="Category1000" />
      </TestCategory>
      <Execution id="8d15d34d-4be3-41a2-a966-e76bb81ca1b4" />
      <TestMethod codeBase="C:\Projekty\MSTestProject\bin\Debug\netcoreapp3.1\MSTestProject.dll" adapterTypeName="executor://mstestadapter/v2" className="TwojeWesele.Services.Helpers.Tests.CurrencyHelperTests" name="FormatToStringTest1000" />
    </UnitTest>
    <UnitTest name="FormatToStringTest1000 (19006.315459580772,19006.32 zł)" storage="c:\projekty\mstestproject\bin\debug\netcoreapp3.1\mstestproject.dll" id="2dff86d5-27b7-4447-bfe9-98e68dc1ea02">
      <TestCategory>
        <TestCategoryItem TestCategory="Category1000" />
      </TestCategory>
      <Execution id="e2c28e98-8a95-4cbd-b2eb-927b6932e668" />
      <TestMethod codeBase="C:\Projekty\MSTestProject\bin\Debug\netcoreapp3.1\MSTestProject.dll" adapterTypeName="executor://mstestadapter/v2" className="TwojeWesele.Services.Helpers.Tests.CurrencyHelperTests" name="FormatToStringTest1000" />
    </UnitTest>
    <UnitTest name="FormatToStringTest1000 (7753.724411372898,7753.72 zł)" storage="c:\projekty\mstestproject\bin\debug\netcoreapp3.1\mstestproject.dll" id="43bb21fa-bc52-47bf-b944-74b95b209d50">
      <TestCategory>
        <TestCategoryItem TestCategory="Category1000" />
      </TestCategory>
      <Execution id="1e5e25cf-7a83-439d-a3c0-1f38bbfbb298" />
      <TestMethod codeBase="C:\Projekty\MSTestProject\bin\Debug\netcoreapp3.1\MSTestProject.dll" adapterTypeName="executor://mstestadapter/v2" className="TwojeWesele.Services.Helpers.Tests.CurrencyHelperTests" name="FormatToStringTest1000" />
    </UnitTest>
    <UnitTest name="FormatToStringTest1000 (8514.837538072763,8514.84 zł)" storage="c:\projekty\mstestproject\bin\debug\netcoreapp3.1\mstestproject.dll" id="e5664a8f-7382-4f21-bab6-30b5c6f7e06a">
      <TestCategory>
        <TestCategoryItem TestCategory="Category1000" />
      </TestCategory>
      <Execution id="a7764441-a66f-4477-bbc1-769e6249d182" />
      <TestMethod codeBase="C:\Projekty\MSTestProject\bin\Debug\netcoreapp3.1\MSTestProject.dll" adapterTypeName="executor://mstestadapter/v2" className="TwojeWesele.Services.Helpers.Tests.CurrencyHelperTests" name="FormatToStringTest1000" />
    </UnitTest>
    <UnitTest name="FormatToStringTest1000 (10527.083945901639,10527.08 zł)" storage="c:\projekty\mstestproject\bin\debug\netcoreapp3.1\mstestproject.dll" id="2233d2a4-7613-4458-a9c8-5209cecd98f5">
      <TestCategory>
        <TestCategoryItem TestCategory="Category1000" />
      </TestCategory>
      <Execution id="7d828f10-2296-4b44-9111-bc105c303757" />
      <TestMethod codeBase="C:\Projekty\MSTestProject\bin\Debug\netcoreapp3.1\MSTestProject.dll" adapterTypeName="executor://mstestadapter/v2" className="TwojeWesele.Services.Helpers.Tests.CurrencyHelperTests" name="FormatToStringTest1000" />
    </UnitTest>
    <UnitTest name="FormatToStringTest1000 (33413.381276228174,33413.38 zł)" storage="c:\projekty\mstestproject\bin\debug\netcoreapp3.1\mstestproject.dll" id="4f9726ad-325d-40ef-b0d6-7ba3b03342e5">
      <TestCategory>
        <TestCategoryItem TestCategory="Category1000" />
      </TestCategory>
      <Execution id="787a1d8b-0413-4617-b2a5-e8adddfd025b" />
      <TestMethod codeBase="C:\Projekty\MSTestProject\bin\Debug\netcoreapp3.1\MSTestProject.dll" adapterTypeName="executor://mstestadapter/v2" className="TwojeWesele.Services.Helpers.Tests.CurrencyHelperTests" name="FormatToStringTest1000" />
    </UnitTest>
    <UnitTest name="FormatToStringTest1000 (16030.852371789913,16030.85 zł)" storage="c:\projekty\mstestproject\bin\debug\netcoreapp3.1\mstestproject.dll" id="198f7af1-d5c5-43b4-a6f7-c2fed23b224d">
      <TestCategory>
        <TestCategoryItem TestCategory="Category1000" />
      </TestCategory>
      <Execution id="584b46a7-c118-4b73-8d8d-998f41ac3b28" />
      <TestMethod codeBase="C:\Projekty\MSTestProject\bin\Debug\netcoreapp3.1\MSTestProject.dll" adapterTypeName="executor://mstestadapter/v2" className="TwojeWesele.Services.Helpers.Tests.CurrencyHelperTests" name="FormatToStringTest1000" />
    </UnitTest>
    <UnitTest name="FormatToStringTest1000 (22459.530444447664,22459.53 zł)" storage="c:\projekty\mstestproject\bin\debug\netcoreapp3.1\mstestproject.dll" id="5ed4548b-f66a-431f-90c7-e14ca52434ab">
      <TestCategory>
        <TestCategoryItem TestCategory="Category1000" />
      </TestCategory>
      <Execution id="fea0f853-5903-4ec9-9ee9-9e4e70b73feb" />
      <TestMethod codeBase="C:\Projekty\MSTestProject\bin\Debug\netcoreapp3.1\MSTestProject.dll" adapterTypeName="executor://mstestadapter/v2" className="TwojeWesele.Services.Helpers.Tests.CurrencyHelperTests" name="FormatToStringTest1000" />
    </UnitTest>
    <UnitTest name="FormatToStringTest1000 (31622.81414407809,31622.81 zł)" storage="c:\projekty\mstestproject\bin\debug\netcoreapp3.1\mstestproject.dll" id="9971d9c7-926d-4d84-8a87-8445d1f5c81d">
      <TestCategory>
        <TestCategoryItem TestCategory="Category1000" />
      </TestCategory>
      <Execution id="382c3b4c-3d09-4509-9816-149828674f18" />
      <TestMethod codeBase="C:\Projekty\MSTestProject\bin\Debug\netcoreapp3.1\MSTestProject.dll" adapterTypeName="executor://mstestadapter/v2" className="TwojeWesele.Services.Helpers.Tests.CurrencyHelperTests" name="FormatToStringTest1000" />
    </UnitTest>
    <UnitTest name="FormatToStringTest1000 (30807.823896702295,30807.82 zł)" storage="c:\projekty\mstestproject\bin\debug\netcoreapp3.1\mstestproject.dll" id="f77cab44-9aac-43c3-9714-809c64c16ef0">
      <TestCategory>
        <TestCategoryItem TestCategory="Category1000" />
      </TestCategory>
      <Execution id="c5cc5468-5ade-4a6b-a3d7-964c0066b198" />
      <TestMethod codeBase="C:\Projekty\MSTestProject\bin\Debug\netcoreapp3.1\MSTestProject.dll" adapterTypeName="executor://mstestadapter/v2" className="TwojeWesele.Services.Helpers.Tests.CurrencyHelperTests" name="FormatToStringTest1000" />
    </UnitTest>
    <UnitTest name="FormatToStringTest1000 (653.4647999170537,653.46 zł)" storage="c:\projekty\mstestproject\bin\debug\netcoreapp3.1\mstestproject.dll" id="9e781488-2244-4968-bb97-d3518e8513a7">
      <TestCategory>
        <TestCategoryItem TestCategory="Category1000" />
      </TestCategory>
      <Execution id="8061496a-a303-4a50-bec0-ec416d76090c" />
      <TestMethod codeBase="C:\Projekty\MSTestProject\bin\Debug\netcoreapp3.1\MSTestProject.dll" adapterTypeName="executor://mstestadapter/v2" className="TwojeWesele.Services.Helpers.Tests.CurrencyHelperTests" name="FormatToStringTest1000" />
    </UnitTest>
    <UnitTest name="FormatToStringTest1000 (16819.974312979717,16819.97 zł)" storage="c:\projekty\mstestproject\bin\debug\netcoreapp3.1\mstestproject.dll" id="8e33e669-1762-4121-8a43-8a9ac3990c15">
      <TestCategory>
        <TestCategoryItem TestCategory="Category1000" />
      </TestCategory>
      <Execution id="50f7dab4-2495-4add-a017-096ac52bfab5" />
      <TestMethod codeBase="C:\Projekty\MSTestProject\bin\Debug\netcoreapp3.1\MSTestProject.dll" adapterTypeName="executor://mstestadapter/v2" className="TwojeWesele.Services.Helpers.Tests.CurrencyHelperTests" name="FormatToStringTest1000" />
    </UnitTest>
    <UnitTest name="FormatToStringTest1000 (1614.2516601789982,1614.25 zł)" storage="c:\projekty\mstestproject\bin\debug\netcoreapp3.1\mstestproject.dll" id="b27f1447-7b4b-424c-8431-7c54181b3d79">
      <TestCategory>
        <TestCategoryItem TestCategory="Category1000" />
      </TestCategory>
      <Execution id="af264cb4-b366-4b74-94a2-6214c9b8e660" />
      <TestMethod codeBase="C:\Projekty\MSTestProject\bin\Debug\netcoreapp3.1\MSTestProject.dll" adapterTypeName="executor://mstestadapter/v2" className="TwojeWesele.Services.Helpers.Tests.CurrencyHelperTests" name="FormatToStringTest1000" />
    </UnitTest>
    <UnitTest name="FormatToStringTest1000 (34458.5406463512,34458.54 zł)" storage="c:\projekty\mstestproject\bin\debug\netcoreapp3.1\mstestproject.dll" id="b10fd119-9ae0-4d94-a796-f3961c9e3236">
      <TestCategory>
        <TestCategoryItem TestCategory="Category1000" />
      </TestCategory>
      <Execution id="508054a2-0fe2-4a97-bdae-17c063955d62" />
      <TestMethod codeBase="C:\Projekty\MSTestProject\bin\Debug\netcoreapp3.1\MSTestProject.dll" adapterTypeName="executor://mstestadapter/v2" className="TwojeWesele.Services.Helpers.Tests.CurrencyHelperTests" name="FormatToStringTest1000" />
    </UnitTest>
    <UnitTest name="FormatToStringTest1000 (57564.498126061866,57564.50 zł)" storage="c:\projekty\mstestproject\bin\debug\netcoreapp3.1\mstestproject.dll" id="cc32dc9f-2d34-4ff4-9ed2-188f0c8b4d0d">
      <TestCategory>
        <TestCategoryItem TestCategory="Category1000" />
      </TestCategory>
      <Execution id="af4657f2-99fb-4c46-b671-efd52d0cb3f3" />
      <TestMethod codeBase="C:\Projekty\MSTestProject\bin\Debug\netcoreapp3.1\MSTestProject.dll" adapterTypeName="executor://mstestadapter/v2" className="TwojeWesele.Services.Helpers.Tests.CurrencyHelperTests" name="FormatToStringTest1000" />
    </UnitTest>
    <UnitTest name="FormatToStringTest1000 (14063.90676654871,14063.91 zł)" storage="c:\projekty\mstestproject\bin\debug\netcoreapp3.1\mstestproject.dll" id="ef9acae2-ea5e-432e-84b6-5404b4cf5dcb">
      <TestCategory>
        <TestCategoryItem TestCategory="Category1000" />
      </TestCategory>
      <Execution id="1253174c-b9c7-4172-b77a-d59e01bf66ec" />
      <TestMethod codeBase="C:\Projekty\MSTestProject\bin\Debug\netcoreapp3.1\MSTestProject.dll" adapterTypeName="executor://mstestadapter/v2" className="TwojeWesele.Services.Helpers.Tests.CurrencyHelperTests" name="FormatToStringTest1000" />
    </UnitTest>
    <UnitTest name="FormatToStringTest1000 (35714.78133482243,35714.78 zł)" storage="c:\projekty\mstestproject\bin\debug\netcoreapp3.1\mstestproject.dll" id="e42012f7-79a8-4dcd-8cf0-33e9db7440f9">
      <TestCategory>
        <TestCategoryItem TestCategory="Category1000" />
      </TestCategory>
      <Execution id="96b3590f-7fc6-4ae7-9d3a-17eff2ef258a" />
      <TestMethod codeBase="C:\Projekty\MSTestProject\bin\Debug\netcoreapp3.1\MSTestProject.dll" adapterTypeName="executor://mstestadapter/v2" className="TwojeWesele.Services.Helpers.Tests.CurrencyHelperTests" name="FormatToStringTest1000" />
    </UnitTest>
    <UnitTest name="FormatToStringTest1000 (317.9090540706688,317.91 zł)" storage="c:\projekty\mstestproject\bin\debug\netcoreapp3.1\mstestproject.dll" id="a13c6547-7845-4c62-a5e3-b04de3625400">
      <TestCategory>
        <TestCategoryItem TestCategory="Category1000" />
      </TestCategory>
      <Execution id="984941f6-7fbb-410e-bf8c-579add9271b5" />
      <TestMethod codeBase="C:\Projekty\MSTestProject\bin\Debug\netcoreapp3.1\MSTestProject.dll" adapterTypeName="executor://mstestadapter/v2" className="TwojeWesele.Services.Helpers.Tests.CurrencyHelperTests" name="FormatToStringTest1000" />
    </UnitTest>
    <UnitTest name="FormatToStringTest1000 (38640.62766693003,38640.63 zł)" storage="c:\projekty\mstestproject\bin\debug\netcoreapp3.1\mstestproject.dll" id="c33d93dc-c593-429e-84a4-a335043d07e4">
      <TestCategory>
        <TestCategoryItem TestCategory="Category1000" />
      </TestCategory>
      <Execution id="a57c1035-7e44-452f-8cb4-f5f2281aec10" />
      <TestMethod codeBase="C:\Projekty\MSTestProject\bin\Debug\netcoreapp3.1\MSTestProject.dll" adapterTypeName="executor://mstestadapter/v2" className="TwojeWesele.Services.Helpers.Tests.CurrencyHelperTests" name="FormatToStringTest1000" />
    </UnitTest>
    <UnitTest name="FormatToStringTest1000 (13541.45472935096,13541.45 zł)" storage="c:\projekty\mstestproject\bin\debug\netcoreapp3.1\mstestproject.dll" id="beb97c15-8366-4f2f-8157-ad1108a4a012">
      <TestCategory>
        <TestCategoryItem TestCategory="Category1000" />
      </TestCategory>
      <Execution id="87f7d731-affd-4b7c-a52b-b0156b5846e7" />
      <TestMethod codeBase="C:\Projekty\MSTestProject\bin\Debug\netcoreapp3.1\MSTestProject.dll" adapterTypeName="executor://mstestadapter/v2" className="TwojeWesele.Services.Helpers.Tests.CurrencyHelperTests" name="FormatToStringTest1000" />
    </UnitTest>
    <UnitTest name="FormatToStringTest1000 (47964.941885361884,47964.94 zł)" storage="c:\projekty\mstestproject\bin\debug\netcoreapp3.1\mstestproject.dll" id="7d300cdf-3ac7-41f2-b1d4-7aad18f39ebd">
      <TestCategory>
        <TestCategoryItem TestCategory="Category1000" />
      </TestCategory>
      <Execution id="5e84bc24-60c7-4ff7-9772-b1d891ca869a" />
      <TestMethod codeBase="C:\Projekty\MSTestProject\bin\Debug\netcoreapp3.1\MSTestProject.dll" adapterTypeName="executor://mstestadapter/v2" className="TwojeWesele.Services.Helpers.Tests.CurrencyHelperTests" name="FormatToStringTest1000" />
    </UnitTest>
    <UnitTest name="FormatToStringTest1000 (12221.10494323592,12221.10 zł)" storage="c:\projekty\mstestproject\bin\debug\netcoreapp3.1\mstestproject.dll" id="db39addc-65bf-4011-bd79-2f91d7b39fe3">
      <TestCategory>
        <TestCategoryItem TestCategory="Category1000" />
      </TestCategory>
      <Execution id="cc7005a6-128d-4861-ab47-5a77e1e171f5" />
      <TestMethod codeBase="C:\Projekty\MSTestProject\bin\Debug\netcoreapp3.1\MSTestProject.dll" adapterTypeName="executor://mstestadapter/v2" className="TwojeWesele.Services.Helpers.Tests.CurrencyHelperTests" name="FormatToStringTest1000" />
    </UnitTest>
    <UnitTest name="FormatToStringTest1000 (10511.7304983189,10511.73 zł)" storage="c:\projekty\mstestproject\bin\debug\netcoreapp3.1\mstestproject.dll" id="0427ad5f-de22-4ef3-b3f4-f64580ad4813">
      <TestCategory>
        <TestCategoryItem TestCategory="Category1000" />
      </TestCategory>
      <Execution id="d19eb566-4add-4594-8f9b-f05a8517e96f" />
      <TestMethod codeBase="C:\Projekty\MSTestProject\bin\Debug\netcoreapp3.1\MSTestProject.dll" adapterTypeName="executor://mstestadapter/v2" className="TwojeWesele.Services.Helpers.Tests.CurrencyHelperTests" name="FormatToStringTest1000" />
    </UnitTest>
    <UnitTest name="FormatToStringTest1000 (19462.729986486367,19462.73 zł)" storage="c:\projekty\mstestproject\bin\debug\netcoreapp3.1\mstestproject.dll" id="5583978a-9a1c-425b-b238-94cb380c3a40">
      <TestCategory>
        <TestCategoryItem TestCategory="Category1000" />
      </TestCategory>
      <Execution id="884d4c04-3144-4601-a941-d05c3ccee733" />
      <TestMethod codeBase="C:\Projekty\MSTestProject\bin\Debug\netcoreapp3.1\MSTestProject.dll" adapterTypeName="executor://mstestadapter/v2" className="TwojeWesele.Services.Helpers.Tests.CurrencyHelperTests" name="FormatToStringTest1000" />
    </UnitTest>
    <UnitTest name="FormatToStringTest1000 (395.45790295882983,395.46 zł)" storage="c:\projekty\mstestproject\bin\debug\netcoreapp3.1\mstestproject.dll" id="859dab02-016c-4b1c-bcef-74b049cb23ab">
      <TestCategory>
        <TestCategoryItem TestCategory="Category1000" />
      </TestCategory>
      <Execution id="56917f7a-638b-4591-8e8a-7b97e4dc0200" />
      <TestMethod codeBase="C:\Projekty\MSTestProject\bin\Debug\netcoreapp3.1\MSTestProject.dll" adapterTypeName="executor://mstestadapter/v2" className="TwojeWesele.Services.Helpers.Tests.CurrencyHelperTests" name="FormatToStringTest1000" />
    </UnitTest>
    <UnitTest name="FormatToStringTest1000 (17990.38119827089,17990.38 zł)" storage="c:\projekty\mstestproject\bin\debug\netcoreapp3.1\mstestproject.dll" id="2ef0de15-822b-4539-a93e-ad1165c53323">
      <TestCategory>
        <TestCategoryItem TestCategory="Category1000" />
      </TestCategory>
      <Execution id="413f6928-7f84-49b5-81a6-a18295b90f6d" />
      <TestMethod codeBase="C:\Projekty\MSTestProject\bin\Debug\netcoreapp3.1\MSTestProject.dll" adapterTypeName="executor://mstestadapter/v2" className="TwojeWesele.Services.Helpers.Tests.CurrencyHelperTests" name="FormatToStringTest1000" />
    </UnitTest>
    <UnitTest name="FormatToStringTest1000 (8347.417790138823,8347.42 zł)" storage="c:\projekty\mstestproject\bin\debug\netcoreapp3.1\mstestproject.dll" id="fb6e9ee5-fd83-4699-a38f-8bc8caaac53d">
      <TestCategory>
        <TestCategoryItem TestCategory="Category1000" />
      </TestCategory>
      <Execution id="f30abd91-af5f-47ea-87a1-dbfcc0275a63" />
      <TestMethod codeBase="C:\Projekty\MSTestProject\bin\Debug\netcoreapp3.1\MSTestProject.dll" adapterTypeName="executor://mstestadapter/v2" className="TwojeWesele.Services.Helpers.Tests.CurrencyHelperTests" name="FormatToStringTest1000" />
    </UnitTest>
    <UnitTest name="FormatToStringTest1000 (1325.1625259114255,1325.16 zł)" storage="c:\projekty\mstestproject\bin\debug\netcoreapp3.1\mstestproject.dll" id="5144a6ca-abe2-4564-890b-536c49d6c99f">
      <TestCategory>
        <TestCategoryItem TestCategory="Category1000" />
      </TestCategory>
      <Execution id="354c13f0-b118-40b5-b6ec-4d1dc53d5ea2" />
      <TestMethod codeBase="C:\Projekty\MSTestProject\bin\Debug\netcoreapp3.1\MSTestProject.dll" adapterTypeName="executor://mstestadapter/v2" className="TwojeWesele.Services.Helpers.Tests.CurrencyHelperTests" name="FormatToStringTest1000" />
    </UnitTest>
    <UnitTest name="FormatToStringTest1000 (67109.22110940759,67109.22 zł)" storage="c:\projekty\mstestproject\bin\debug\netcoreapp3.1\mstestproject.dll" id="9800a5ef-e1ec-4e98-a022-5f91b6308a29">
      <TestCategory>
        <TestCategoryItem TestCategory="Category1000" />
      </TestCategory>
      <Execution id="00ab2021-a5ed-4c32-ad83-1586b93c9a23" />
      <TestMethod codeBase="C:\Projekty\MSTestProject\bin\Debug\netcoreapp3.1\MSTestProject.dll" adapterTypeName="executor://mstestadapter/v2" className="TwojeWesele.Services.Helpers.Tests.CurrencyHelperTests" name="FormatToStringTest1000" />
    </UnitTest>
    <UnitTest name="FormatToStringTest1000 (15414.175096961751,15414.18 zł)" storage="c:\projekty\mstestproject\bin\debug\netcoreapp3.1\mstestproject.dll" id="25d7ed3d-8494-4168-8604-d99d87c2177c">
      <TestCategory>
        <TestCategoryItem TestCategory="Category1000" />
      </TestCategory>
      <Execution id="b9cfca85-15ba-4769-961d-5f9a9155dccc" />
      <TestMethod codeBase="C:\Projekty\MSTestProject\bin\Debug\netcoreapp3.1\MSTestProject.dll" adapterTypeName="executor://mstestadapter/v2" className="TwojeWesele.Services.Helpers.Tests.CurrencyHelperTests" name="FormatToStringTest1000" />
    </UnitTest>
    <UnitTest name="FormatToStringTest1000 (22330.217605518745,22330.22 zł)" storage="c:\projekty\mstestproject\bin\debug\netcoreapp3.1\mstestproject.dll" id="285cd70e-b8bc-4c9b-9d57-011d11258b52">
      <TestCategory>
        <TestCategoryItem TestCategory="Category1000" />
      </TestCategory>
      <Execution id="c01b66ce-9f4a-4736-a63b-292e85f909c0" />
      <TestMethod codeBase="C:\Projekty\MSTestProject\bin\Debug\netcoreapp3.1\MSTestProject.dll" adapterTypeName="executor://mstestadapter/v2" className="TwojeWesele.Services.Helpers.Tests.CurrencyHelperTests" name="FormatToStringTest1000" />
    </UnitTest>
    <UnitTest name="FormatToStringTest1000 (14719.97001409762,14719.97 zł)" storage="c:\projekty\mstestproject\bin\debug\netcoreapp3.1\mstestproject.dll" id="f21c2e79-1ed7-4365-9ef4-de5fcad7d43c">
      <TestCategory>
        <TestCategoryItem TestCategory="Category1000" />
      </TestCategory>
      <Execution id="4651ec8a-e4f4-487e-a43a-e52e25712a76" />
      <TestMethod codeBase="C:\Projekty\MSTestProject\bin\Debug\netcoreapp3.1\MSTestProject.dll" adapterTypeName="executor://mstestadapter/v2" className="TwojeWesele.Services.Helpers.Tests.CurrencyHelperTests" name="FormatToStringTest1000" />
    </UnitTest>
    <UnitTest name="FormatToStringTest1000 (90187.4082624374,90187.41 zł)" storage="c:\projekty\mstestproject\bin\debug\netcoreapp3.1\mstestproject.dll" id="2e14846b-6329-4a65-b7b1-86eae8f81603">
      <TestCategory>
        <TestCategoryItem TestCategory="Category1000" />
      </TestCategory>
      <Execution id="4d5f0ea1-3b2b-4c8a-8d66-b40b8effa119" />
      <TestMethod codeBase="C:\Projekty\MSTestProject\bin\Debug\netcoreapp3.1\MSTestProject.dll" adapterTypeName="executor://mstestadapter/v2" className="TwojeWesele.Services.Helpers.Tests.CurrencyHelperTests" name="FormatToStringTest1000" />
    </UnitTest>
    <UnitTest name="FormatToStringTest1000 (25720.27551496321,25720.28 zł)" storage="c:\projekty\mstestproject\bin\debug\netcoreapp3.1\mstestproject.dll" id="529b0914-8f8a-44cd-b855-5ffae06912b8">
      <TestCategory>
        <TestCategoryItem TestCategory="Category1000" />
      </TestCategory>
      <Execution id="bb331700-60d2-4813-9540-bc8162ed2398" />
      <TestMethod codeBase="C:\Projekty\MSTestProject\bin\Debug\netcoreapp3.1\MSTestProject.dll" adapterTypeName="executor://mstestadapter/v2" className="TwojeWesele.Services.Helpers.Tests.CurrencyHelperTests" name="FormatToStringTest1000" />
    </UnitTest>
    <UnitTest name="FormatToStringTest1000 (9994.9471861026,9994.95 zł)" storage="c:\projekty\mstestproject\bin\debug\netcoreapp3.1\mstestproject.dll" id="428f8392-5856-44e0-aee1-e69aae6c1114">
      <TestCategory>
        <TestCategoryItem TestCategory="Category1000" />
      </TestCategory>
      <Execution id="3bb1b4dd-bcb4-4a2f-aa80-81601b1b8c4c" />
      <TestMethod codeBase="C:\Projekty\MSTestProject\bin\Debug\netcoreapp3.1\MSTestProject.dll" adapterTypeName="executor://mstestadapter/v2" className="TwojeWesele.Services.Helpers.Tests.CurrencyHelperTests" name="FormatToStringTest1000" />
    </UnitTest>
    <UnitTest name="FormatToStringTest1000 (33601.357302459124,33601.36 zł)" storage="c:\projekty\mstestproject\bin\debug\netcoreapp3.1\mstestproject.dll" id="cdead898-dc2a-4f43-b7eb-6a7f754a4372">
      <TestCategory>
        <TestCategoryItem TestCategory="Category1000" />
      </TestCategory>
      <Execution id="b3bd530d-ec08-4c78-835f-0f7f6b95a280" />
      <TestMethod codeBase="C:\Projekty\MSTestProject\bin\Debug\netcoreapp3.1\MSTestProject.dll" adapterTypeName="executor://mstestadapter/v2" className="TwojeWesele.Services.Helpers.Tests.CurrencyHelperTests" name="FormatToStringTest1000" />
    </UnitTest>
    <UnitTest name="FormatToStringTest1000 (19103.831635461574,19103.83 zł)" storage="c:\projekty\mstestproject\bin\debug\netcoreapp3.1\mstestproject.dll" id="25157aa0-7e68-4589-a546-322578441d55">
      <TestCategory>
        <TestCategoryItem TestCategory="Category1000" />
      </TestCategory>
      <Execution id="e5d2a536-1d43-41e8-8946-f53439981a1f" />
      <TestMethod codeBase="C:\Projekty\MSTestProject\bin\Debug\netcoreapp3.1\MSTestProject.dll" adapterTypeName="executor://mstestadapter/v2" className="TwojeWesele.Services.Helpers.Tests.CurrencyHelperTests" name="FormatToStringTest1000" />
    </UnitTest>
    <UnitTest name="FormatToStringTest1000 (87505.85936583664,87505.86 zł)" storage="c:\projekty\mstestproject\bin\debug\netcoreapp3.1\mstestproject.dll" id="e0501f12-d5a2-4a0f-aece-75740303abb7">
      <TestCategory>
        <TestCategoryItem TestCategory="Category1000" />
      </TestCategory>
      <Execution id="3d6914c9-db41-4e44-a97d-bbf3c37ebd90" />
      <TestMethod codeBase="C:\Projekty\MSTestProject\bin\Debug\netcoreapp3.1\MSTestProject.dll" adapterTypeName="executor://mstestadapter/v2" className="TwojeWesele.Services.Helpers.Tests.CurrencyHelperTests" name="FormatToStringTest1000" />
    </UnitTest>
    <UnitTest name="FormatToStringTest1000 (22592.465903659566,22592.47 zł)" storage="c:\projekty\mstestproject\bin\debug\netcoreapp3.1\mstestproject.dll" id="d462939f-4cd0-48fa-9d26-b7482718bc7f">
      <TestCategory>
        <TestCategoryItem TestCategory="Category1000" />
      </TestCategory>
      <Execution id="9a0b50de-0a03-4a7c-a855-b2ebcb6ea332" />
      <TestMethod codeBase="C:\Projekty\MSTestProject\bin\Debug\netcoreapp3.1\MSTestProject.dll" adapterTypeName="executor://mstestadapter/v2" className="TwojeWesele.Services.Helpers.Tests.CurrencyHelperTests" name="FormatToStringTest1000" />
    </UnitTest>
    <UnitTest name="FormatToStringTest1000 (7789.7136237517525,7789.71 zł)" storage="c:\projekty\mstestproject\bin\debug\netcoreapp3.1\mstestproject.dll" id="45e9bf0e-6308-4e4e-b3b2-04a41caf190d">
      <TestCategory>
        <TestCategoryItem TestCategory="Category1000" />
      </TestCategory>
      <Execution id="d12c53c9-f0e4-4742-a3a0-52abd4d9b242" />
      <TestMethod codeBase="C:\Projekty\MSTestProject\bin\Debug\netcoreapp3.1\MSTestProject.dll" adapterTypeName="executor://mstestadapter/v2" className="TwojeWesele.Services.Helpers.Tests.CurrencyHelperTests" name="FormatToStringTest1000" />
    </UnitTest>
    <UnitTest name="FormatToStringTest1000 (31424.298858482067,31424.30 zł)" storage="c:\projekty\mstestproject\bin\debug\netcoreapp3.1\mstestproject.dll" id="3571a75e-23f1-477b-83d2-4771eea05c58">
      <TestCategory>
        <TestCategoryItem TestCategory="Category1000" />
      </TestCategory>
      <Execution id="bb43487e-b7bd-4333-8c71-0fddd81bfcc2" />
      <TestMethod codeBase="C:\Projekty\MSTestProject\bin\Debug\netcoreapp3.1\MSTestProject.dll" adapterTypeName="executor://mstestadapter/v2" className="TwojeWesele.Services.Helpers.Tests.CurrencyHelperTests" name="FormatToStringTest1000" />
    </UnitTest>
    <UnitTest name="FormatToStringTest1000 (14867.726341984107,14867.73 zł)" storage="c:\projekty\mstestproject\bin\debug\netcoreapp3.1\mstestproject.dll" id="7a2a573d-33c5-441d-b742-9e0dc58253d5">
      <TestCategory>
        <TestCategoryItem TestCategory="Category1000" />
      </TestCategory>
      <Execution id="fefbef7e-e064-4c5e-abbd-1187794d9330" />
      <TestMethod codeBase="C:\Projekty\MSTestProject\bin\Debug\netcoreapp3.1\MSTestProject.dll" adapterTypeName="executor://mstestadapter/v2" className="TwojeWesele.Services.Helpers.Tests.CurrencyHelperTests" name="FormatToStringTest1000" />
    </UnitTest>
    <UnitTest name="FormatToStringTest1000 (10227.532692039169,10227.53 zł)" storage="c:\projekty\mstestproject\bin\debug\netcoreapp3.1\mstestproject.dll" id="9ecf66a1-af53-40e9-83b0-b6a95bd69d6e">
      <TestCategory>
        <TestCategoryItem TestCategory="Category1000" />
      </TestCategory>
      <Execution id="966cb3c8-1991-41f8-8cc1-84f0b6800de4" />
      <TestMethod codeBase="C:\Projekty\MSTestProject\bin\Debug\netcoreapp3.1\MSTestProject.dll" adapterTypeName="executor://mstestadapter/v2" className="TwojeWesele.Services.Helpers.Tests.CurrencyHelperTests" name="FormatToStringTest1000" />
    </UnitTest>
    <UnitTest name="FormatToStringTest1000 (78796.90433980194,78796.90 zł)" storage="c:\projekty\mstestproject\bin\debug\netcoreapp3.1\mstestproject.dll" id="8a35136e-ce15-4215-9fe3-f73c66336a1f">
      <TestCategory>
        <TestCategoryItem TestCategory="Category1000" />
      </TestCategory>
      <Execution id="162b9ce4-2f0e-43e4-8618-36a2c8d1f443" />
      <TestMethod codeBase="C:\Projekty\MSTestProject\bin\Debug\netcoreapp3.1\MSTestProject.dll" adapterTypeName="executor://mstestadapter/v2" className="TwojeWesele.Services.Helpers.Tests.CurrencyHelperTests" name="FormatToStringTest1000" />
    </UnitTest>
    <UnitTest name="FormatToStringTest1000 (14003.84591249742,14003.85 zł)" storage="c:\projekty\mstestproject\bin\debug\netcoreapp3.1\mstestproject.dll" id="aa071a8c-5c9c-4977-b8e4-6c880b68b951">
      <TestCategory>
        <TestCategoryItem TestCategory="Category1000" />
      </TestCategory>
      <Execution id="56fb378d-70c8-49c0-b380-8cda2b9a0059" />
      <TestMethod codeBase="C:\Projekty\MSTestProject\bin\Debug\netcoreapp3.1\MSTestProject.dll" adapterTypeName="executor://mstestadapter/v2" className="TwojeWesele.Services.Helpers.Tests.CurrencyHelperTests" name="FormatToStringTest1000" />
    </UnitTest>
    <UnitTest name="FormatToStringTest1000 (11430.666613002619,11430.67 zł)" storage="c:\projekty\mstestproject\bin\debug\netcoreapp3.1\mstestproject.dll" id="65c56a3e-6f05-45b7-b137-648dcc289d9e">
      <TestCategory>
        <TestCategoryItem TestCategory="Category1000" />
      </TestCategory>
      <Execution id="7d0ff59c-012b-4ade-a7de-1634ba5170a9" />
      <TestMethod codeBase="C:\Projekty\MSTestProject\bin\Debug\netcoreapp3.1\MSTestProject.dll" adapterTypeName="executor://mstestadapter/v2" className="TwojeWesele.Services.Helpers.Tests.CurrencyHelperTests" name="FormatToStringTest1000" />
    </UnitTest>
    <UnitTest name="FormatToStringTest1000 (55010.474927814896,55010.47 zł)" storage="c:\projekty\mstestproject\bin\debug\netcoreapp3.1\mstestproject.dll" id="a0efaf19-cde3-472c-bbc8-dcb701fde4db">
      <TestCategory>
        <TestCategoryItem TestCategory="Category1000" />
      </TestCategory>
      <Execution id="d1b38f4d-61f9-4a5d-88f6-9271e4656f45" />
      <TestMethod codeBase="C:\Projekty\MSTestProject\bin\Debug\netcoreapp3.1\MSTestProject.dll" adapterTypeName="executor://mstestadapter/v2" className="TwojeWesele.Services.Helpers.Tests.CurrencyHelperTests" name="FormatToStringTest1000" />
    </UnitTest>
    <UnitTest name="FormatToStringTest1000 (748.6264857065987,748.63 zł)" storage="c:\projekty\mstestproject\bin\debug\netcoreapp3.1\mstestproject.dll" id="4d30389a-8974-4b45-a876-3accd6195149">
      <TestCategory>
        <TestCategoryItem TestCategory="Category1000" />
      </TestCategory>
      <Execution id="1e8175e5-5455-426c-8732-eecf4e4d6ed2" />
      <TestMethod codeBase="C:\Projekty\MSTestProject\bin\Debug\netcoreapp3.1\MSTestProject.dll" adapterTypeName="executor://mstestadapter/v2" className="TwojeWesele.Services.Helpers.Tests.CurrencyHelperTests" name="FormatToStringTest1000" />
    </UnitTest>
    <UnitTest name="FormatToStringTest1000 (14712.754747761765,14712.75 zł)" storage="c:\projekty\mstestproject\bin\debug\netcoreapp3.1\mstestproject.dll" id="8fe9f854-5b26-4adb-a933-1bec7bd0c741">
      <TestCategory>
        <TestCategoryItem TestCategory="Category1000" />
      </TestCategory>
      <Execution id="3902988b-883b-4533-a5b3-e0615f8c74fd" />
      <TestMethod codeBase="C:\Projekty\MSTestProject\bin\Debug\netcoreapp3.1\MSTestProject.dll" adapterTypeName="executor://mstestadapter/v2" className="TwojeWesele.Services.Helpers.Tests.CurrencyHelperTests" name="FormatToStringTest1000" />
    </UnitTest>
    <UnitTest name="FormatToStringTest1000 (13745.115971449817,13745.12 zł)" storage="c:\projekty\mstestproject\bin\debug\netcoreapp3.1\mstestproject.dll" id="33a69d0e-2f00-465b-8e28-6a5509523fe5">
      <TestCategory>
        <TestCategoryItem TestCategory="Category1000" />
      </TestCategory>
      <Execution id="7017f226-4183-4253-87ef-09050a261274" />
      <TestMethod codeBase="C:\Projekty\MSTestProject\bin\Debug\netcoreapp3.1\MSTestProject.dll" adapterTypeName="executor://mstestadapter/v2" className="TwojeWesele.Services.Helpers.Tests.CurrencyHelperTests" name="FormatToStringTest1000" />
    </UnitTest>
    <UnitTest name="FormatToStringTest1000 (21785.42157155528,21785.42 zł)" storage="c:\projekty\mstestproject\bin\debug\netcoreapp3.1\mstestproject.dll" id="6cb06bd5-f675-40b3-b7d6-e257e3387df7">
      <TestCategory>
        <TestCategoryItem TestCategory="Category1000" />
      </TestCategory>
      <Execution id="afdb8edb-2eca-4859-b281-bb5270b205e2" />
      <TestMethod codeBase="C:\Projekty\MSTestProject\bin\Debug\netcoreapp3.1\MSTestProject.dll" adapterTypeName="executor://mstestadapter/v2" className="TwojeWesele.Services.Helpers.Tests.CurrencyHelperTests" name="FormatToStringTest1000" />
    </UnitTest>
    <UnitTest name="FormatToStringTest1000 (4812.162927013898,4812.16 zł)" storage="c:\projekty\mstestproject\bin\debug\netcoreapp3.1\mstestproject.dll" id="1c6b7c9d-ecf9-4b16-9e1e-ed5615d5aab4">
      <TestCategory>
        <TestCategoryItem TestCategory="Category1000" />
      </TestCategory>
      <Execution id="c0debf45-ef6f-4e85-a6e0-22486f1f8a8a" />
      <TestMethod codeBase="C:\Projekty\MSTestProject\bin\Debug\netcoreapp3.1\MSTestProject.dll" adapterTypeName="executor://mstestadapter/v2" className="TwojeWesele.Services.Helpers.Tests.CurrencyHelperTests" name="FormatToStringTest1000" />
    </UnitTest>
    <UnitTest name="FormatToStringTest1000 (39531.95190033268,39531.95 zł)" storage="c:\projekty\mstestproject\bin\debug\netcoreapp3.1\mstestproject.dll" id="42342633-e950-4033-ab6c-4a0676582fba">
      <TestCategory>
        <TestCategoryItem TestCategory="Category1000" />
      </TestCategory>
      <Execution id="8b29ddcc-4d66-403b-9b65-16aec65d110b" />
      <TestMethod codeBase="C:\Projekty\MSTestProject\bin\Debug\netcoreapp3.1\MSTestProject.dll" adapterTypeName="executor://mstestadapter/v2" className="TwojeWesele.Services.Helpers.Tests.CurrencyHelperTests" name="FormatToStringTest1000" />
    </UnitTest>
    <UnitTest name="FormatToStringTest1000 (37160.85331540269,37160.85 zł)" storage="c:\projekty\mstestproject\bin\debug\netcoreapp3.1\mstestproject.dll" id="cf83dac5-20c3-46bf-ad13-711ae6e43736">
      <TestCategory>
        <TestCategoryItem TestCategory="Category1000" />
      </TestCategory>
      <Execution id="d50d431e-e799-4634-b9b4-40498683da09" />
      <TestMethod codeBase="C:\Projekty\MSTestProject\bin\Debug\netcoreapp3.1\MSTestProject.dll" adapterTypeName="executor://mstestadapter/v2" className="TwojeWesele.Services.Helpers.Tests.CurrencyHelperTests" name="FormatToStringTest1000" />
    </UnitTest>
    <UnitTest name="FormatToStringTest1000 (18990.72499258012,18990.72 zł)" storage="c:\projekty\mstestproject\bin\debug\netcoreapp3.1\mstestproject.dll" id="1415f4c6-652d-40bb-8550-fdd45c980a73">
      <TestCategory>
        <TestCategoryItem TestCategory="Category1000" />
      </TestCategory>
      <Execution id="da696083-b3fd-412c-9518-19e98b04467f" />
      <TestMethod codeBase="C:\Projekty\MSTestProject\bin\Debug\netcoreapp3.1\MSTestProject.dll" adapterTypeName="executor://mstestadapter/v2" className="TwojeWesele.Services.Helpers.Tests.CurrencyHelperTests" name="FormatToStringTest1000" />
    </UnitTest>
    <UnitTest name="FormatToStringTest1000 (4715.320654313695,4715.32 zł)" storage="c:\projekty\mstestproject\bin\debug\netcoreapp3.1\mstestproject.dll" id="f57fc820-4fc5-4cbb-a8d9-1b27475f9807">
      <TestCategory>
        <TestCategoryItem TestCategory="Category1000" />
      </TestCategory>
      <Execution id="2cea9367-3f6f-4aa4-8fc1-b514d92b8394" />
      <TestMethod codeBase="C:\Projekty\MSTestProject\bin\Debug\netcoreapp3.1\MSTestProject.dll" adapterTypeName="executor://mstestadapter/v2" className="TwojeWesele.Services.Helpers.Tests.CurrencyHelperTests" name="FormatToStringTest1000" />
    </UnitTest>
    <UnitTest name="FormatToStringTest1000 (9190.067404299076,9190.07 zł)" storage="c:\projekty\mstestproject\bin\debug\netcoreapp3.1\mstestproject.dll" id="b5ec34b2-ecff-4c7b-81ef-bd0758e48468">
      <TestCategory>
        <TestCategoryItem TestCategory="Category1000" />
      </TestCategory>
      <Execution id="b9562c6a-1873-4f87-93fc-a18fe077269b" />
      <TestMethod codeBase="C:\Projekty\MSTestProject\bin\Debug\netcoreapp3.1\MSTestProject.dll" adapterTypeName="executor://mstestadapter/v2" className="TwojeWesele.Services.Helpers.Tests.CurrencyHelperTests" name="FormatToStringTest1000" />
    </UnitTest>
    <UnitTest name="FormatToStringTest1000 (2292.8331871111104,2292.83 zł)" storage="c:\projekty\mstestproject\bin\debug\netcoreapp3.1\mstestproject.dll" id="315dc2db-4dd9-4111-9b63-dc0eab93c74a">
      <TestCategory>
        <TestCategoryItem TestCategory="Category1000" />
      </TestCategory>
      <Execution id="704fcf72-8845-441e-9cfe-2361cafd189b" />
      <TestMethod codeBase="C:\Projekty\MSTestProject\bin\Debug\netcoreapp3.1\MSTestProject.dll" adapterTypeName="executor://mstestadapter/v2" className="TwojeWesele.Services.Helpers.Tests.CurrencyHelperTests" name="FormatToStringTest1000" />
    </UnitTest>
    <UnitTest name="FormatToStringTest1000 (51529.79033960206,51529.79 zł)" storage="c:\projekty\mstestproject\bin\debug\netcoreapp3.1\mstestproject.dll" id="e14a5584-05ff-4576-80c0-15661ef57941">
      <TestCategory>
        <TestCategoryItem TestCategory="Category1000" />
      </TestCategory>
      <Execution id="ce54c101-613d-4916-97ef-9252eee676f1" />
      <TestMethod codeBase="C:\Projekty\MSTestProject\bin\Debug\netcoreapp3.1\MSTestProject.dll" adapterTypeName="executor://mstestadapter/v2" className="TwojeWesele.Services.Helpers.Tests.CurrencyHelperTests" name="FormatToStringTest1000" />
    </UnitTest>
    <UnitTest name="FormatToStringTest1000 (75915.01943546813,75915.02 zł)" storage="c:\projekty\mstestproject\bin\debug\netcoreapp3.1\mstestproject.dll" id="c039043a-62ab-4242-82c7-bcc66976d49d">
      <TestCategory>
        <TestCategoryItem TestCategory="Category1000" />
      </TestCategory>
      <Execution id="3773ce87-caf5-405f-857f-6fe61455a94f" />
      <TestMethod codeBase="C:\Projekty\MSTestProject\bin\Debug\netcoreapp3.1\MSTestProject.dll" adapterTypeName="executor://mstestadapter/v2" className="TwojeWesele.Services.Helpers.Tests.CurrencyHelperTests" name="FormatToStringTest1000" />
    </UnitTest>
    <UnitTest name="FormatToStringTest1000 (19500.031951036784,19500.03 zł)" storage="c:\projekty\mstestproject\bin\debug\netcoreapp3.1\mstestproject.dll" id="4cb66c44-0604-4fc6-93f2-3f8c6164f7e3">
      <TestCategory>
        <TestCategoryItem TestCategory="Category1000" />
      </TestCategory>
      <Execution id="b83af50d-4b48-4091-beae-b7f623dee772" />
      <TestMethod codeBase="C:\Projekty\MSTestProject\bin\Debug\netcoreapp3.1\MSTestProject.dll" adapterTypeName="executor://mstestadapter/v2" className="TwojeWesele.Services.Helpers.Tests.CurrencyHelperTests" name="FormatToStringTest1000" />
    </UnitTest>
    <UnitTest name="FormatToStringTest1000 (32051.900532446758,32051.90 zł)" storage="c:\projekty\mstestproject\bin\debug\netcoreapp3.1\mstestproject.dll" id="f40520bc-c102-4498-8cc2-8c84a5cf6ae7">
      <TestCategory>
        <TestCategoryItem TestCategory="Category1000" />
      </TestCategory>
      <Execution id="4f0391ac-08b6-45e0-a3f3-c7310b6e92ad" />
      <TestMethod codeBase="C:\Projekty\MSTestProject\bin\Debug\netcoreapp3.1\MSTestProject.dll" adapterTypeName="executor://mstestadapter/v2" className="TwojeWesele.Services.Helpers.Tests.CurrencyHelperTests" name="FormatToStringTest1000" />
    </UnitTest>
    <UnitTest name="FormatToStringTest1000 (7193.552206002898,7193.55 zł)" storage="c:\projekty\mstestproject\bin\debug\netcoreapp3.1\mstestproject.dll" id="ddcd43fb-3026-495d-a114-2869d0105d98">
      <TestCategory>
        <TestCategoryItem TestCategory="Category1000" />
      </TestCategory>
      <Execution id="1a64a3a0-6146-4230-b80c-4ebf3ec37fe0" />
      <TestMethod codeBase="C:\Projekty\MSTestProject\bin\Debug\netcoreapp3.1\MSTestProject.dll" adapterTypeName="executor://mstestadapter/v2" className="TwojeWesele.Services.Helpers.Tests.CurrencyHelperTests" name="FormatToStringTest1000" />
    </UnitTest>
    <UnitTest name="FormatToStringTest1000 (78519.41691976106,78519.42 zł)" storage="c:\projekty\mstestproject\bin\debug\netcoreapp3.1\mstestproject.dll" id="45c9ebd2-148c-4871-a75a-1cc128adbf85">
      <TestCategory>
        <TestCategoryItem TestCategory="Category1000" />
      </TestCategory>
      <Execution id="c511043a-5fe0-4bf1-9bab-290bb2a10c1f" />
      <TestMethod codeBase="C:\Projekty\MSTestProject\bin\Debug\netcoreapp3.1\MSTestProject.dll" adapterTypeName="executor://mstestadapter/v2" className="TwojeWesele.Services.Helpers.Tests.CurrencyHelperTests" name="FormatToStringTest1000" />
    </UnitTest>
    <UnitTest name="FormatToStringTest1000 (10324.538670147089,10324.54 zł)" storage="c:\projekty\mstestproject\bin\debug\netcoreapp3.1\mstestproject.dll" id="d3de22d3-051a-4ea8-95ba-a7e95d954945">
      <TestCategory>
        <TestCategoryItem TestCategory="Category1000" />
      </TestCategory>
      <Execution id="c10e03e2-e6af-45f5-9431-3a7d07fd2bf0" />
      <TestMethod codeBase="C:\Projekty\MSTestProject\bin\Debug\netcoreapp3.1\MSTestProject.dll" adapterTypeName="executor://mstestadapter/v2" className="TwojeWesele.Services.Helpers.Tests.CurrencyHelperTests" name="FormatToStringTest1000" />
    </UnitTest>
    <UnitTest name="FormatToStringTest1000 (40400.9734049295,40400.97 zł)" storage="c:\projekty\mstestproject\bin\debug\netcoreapp3.1\mstestproject.dll" id="06e832e6-de39-435c-a216-46dacf420485">
      <TestCategory>
        <TestCategoryItem TestCategory="Category1000" />
      </TestCategory>
      <Execution id="7ebcd732-c1bc-45a9-9c8e-77194ede82d6" />
      <TestMethod codeBase="C:\Projekty\MSTestProject\bin\Debug\netcoreapp3.1\MSTestProject.dll" adapterTypeName="executor://mstestadapter/v2" className="TwojeWesele.Services.Helpers.Tests.CurrencyHelperTests" name="FormatToStringTest1000" />
    </UnitTest>
    <UnitTest name="FormatToStringTest1000 (59247.898931587064,59247.90 zł)" storage="c:\projekty\mstestproject\bin\debug\netcoreapp3.1\mstestproject.dll" id="88ce568b-e04d-4853-b9fa-ce32d5656a67">
      <TestCategory>
        <TestCategoryItem TestCategory="Category1000" />
      </TestCategory>
      <Execution id="ec8070bd-e258-4501-bca8-c5de07607cd4" />
      <TestMethod codeBase="C:\Projekty\MSTestProject\bin\Debug\netcoreapp3.1\MSTestProject.dll" adapterTypeName="executor://mstestadapter/v2" className="TwojeWesele.Services.Helpers.Tests.CurrencyHelperTests" name="FormatToStringTest1000" />
    </UnitTest>
    <UnitTest name="FormatToStringTest1000 (17098.491445727876,17098.49 zł)" storage="c:\projekty\mstestproject\bin\debug\netcoreapp3.1\mstestproject.dll" id="2360c22b-7ef5-4a39-a08f-e75cab54fd88">
      <TestCategory>
        <TestCategoryItem TestCategory="Category1000" />
      </TestCategory>
      <Execution id="b0d9cbb9-a023-4cb7-b49f-6ab0187a9e8c" />
      <TestMethod codeBase="C:\Projekty\MSTestProject\bin\Debug\netcoreapp3.1\MSTestProject.dll" adapterTypeName="executor://mstestadapter/v2" className="TwojeWesele.Services.Helpers.Tests.CurrencyHelperTests" name="FormatToStringTest1000" />
    </UnitTest>
    <UnitTest name="FormatToStringTest1000 (19085.023282992664,19085.02 zł)" storage="c:\projekty\mstestproject\bin\debug\netcoreapp3.1\mstestproject.dll" id="68737909-b4c9-4dc6-bd06-08430bc5ddde">
      <TestCategory>
        <TestCategoryItem TestCategory="Category1000" />
      </TestCategory>
      <Execution id="3d0e84bd-384a-433d-887a-1501eebf53d0" />
      <TestMethod codeBase="C:\Projekty\MSTestProject\bin\Debug\netcoreapp3.1\MSTestProject.dll" adapterTypeName="executor://mstestadapter/v2" className="TwojeWesele.Services.Helpers.Tests.CurrencyHelperTests" name="FormatToStringTest1000" />
    </UnitTest>
    <UnitTest name="FormatToStringTest1000 (5810.695934967462,5810.70 zł)" storage="c:\projekty\mstestproject\bin\debug\netcoreapp3.1\mstestproject.dll" id="395bc4c5-8fdd-4438-9252-0a5ffb639dcb">
      <TestCategory>
        <TestCategoryItem TestCategory="Category1000" />
      </TestCategory>
      <Execution id="dcd93bf5-0b59-4343-9108-751d592cf087" />
      <TestMethod codeBase="C:\Projekty\MSTestProject\bin\Debug\netcoreapp3.1\MSTestProject.dll" adapterTypeName="executor://mstestadapter/v2" className="TwojeWesele.Services.Helpers.Tests.CurrencyHelperTests" name="FormatToStringTest1000" />
    </UnitTest>
    <UnitTest name="FormatToStringTest1000 (4116.417580192638,4116.42 zł)" storage="c:\projekty\mstestproject\bin\debug\netcoreapp3.1\mstestproject.dll" id="f69c3b8e-267f-454c-a747-0fde94f108af">
      <TestCategory>
        <TestCategoryItem TestCategory="Category1000" />
      </TestCategory>
      <Execution id="6c3615f0-cd25-419d-8612-fec390b4b2e9" />
      <TestMethod codeBase="C:\Projekty\MSTestProject\bin\Debug\netcoreapp3.1\MSTestProject.dll" adapterTypeName="executor://mstestadapter/v2" className="TwojeWesele.Services.Helpers.Tests.CurrencyHelperTests" name="FormatToStringTest1000" />
    </UnitTest>
    <UnitTest name="FormatToStringTest1000 (12871.381729632794,12871.38 zł)" storage="c:\projekty\mstestproject\bin\debug\netcoreapp3.1\mstestproject.dll" id="58ae618d-ce7e-49f7-a757-3db0ad19887c">
      <TestCategory>
        <TestCategoryItem TestCategory="Category1000" />
      </TestCategory>
      <Execution id="b47a4cd6-949e-4d87-99fe-a421ced227b5" />
      <TestMethod codeBase="C:\Projekty\MSTestProject\bin\Debug\netcoreapp3.1\MSTestProject.dll" adapterTypeName="executor://mstestadapter/v2" className="TwojeWesele.Services.Helpers.Tests.CurrencyHelperTests" name="FormatToStringTest1000" />
    </UnitTest>
    <UnitTest name="FormatToStringTest1000 (4139.032615562451,4139.03 zł)" storage="c:\projekty\mstestproject\bin\debug\netcoreapp3.1\mstestproject.dll" id="77e9b4cb-1dca-42a7-9c54-34626cf54f60">
      <TestCategory>
        <TestCategoryItem TestCategory="Category1000" />
      </TestCategory>
      <Execution id="073f96d3-c49a-40d5-8b34-b1ccbeae9417" />
      <TestMethod codeBase="C:\Projekty\MSTestProject\bin\Debug\netcoreapp3.1\MSTestProject.dll" adapterTypeName="executor://mstestadapter/v2" className="TwojeWesele.Services.Helpers.Tests.CurrencyHelperTests" name="FormatToStringTest1000" />
    </UnitTest>
    <UnitTest name="FormatToStringTest1000 (28072.424637532058,28072.42 zł)" storage="c:\projekty\mstestproject\bin\debug\netcoreapp3.1\mstestproject.dll" id="2fd33af2-553f-419a-a60e-e8c1a3fc87cc">
      <TestCategory>
        <TestCategoryItem TestCategory="Category1000" />
      </TestCategory>
      <Execution id="ed1e65d2-0bda-40ec-b4ea-f90ddb147a3f" />
      <TestMethod codeBase="C:\Projekty\MSTestProject\bin\Debug\netcoreapp3.1\MSTestProject.dll" adapterTypeName="executor://mstestadapter/v2" className="TwojeWesele.Services.Helpers.Tests.CurrencyHelperTests" name="FormatToStringTest1000" />
    </UnitTest>
    <UnitTest name="FormatToStringTest1000 (806.960597043373,806.96 zł)" storage="c:\projekty\mstestproject\bin\debug\netcoreapp3.1\mstestproject.dll" id="d8e135e9-a8e4-4903-92d4-9e7418768afe">
      <TestCategory>
        <TestCategoryItem TestCategory="Category1000" />
      </TestCategory>
      <Execution id="1c4225e4-35ea-47fd-a142-b6240c942aa7" />
      <TestMethod codeBase="C:\Projekty\MSTestProject\bin\Debug\netcoreapp3.1\MSTestProject.dll" adapterTypeName="executor://mstestadapter/v2" className="TwojeWesele.Services.Helpers.Tests.CurrencyHelperTests" name="FormatToStringTest1000" />
    </UnitTest>
    <UnitTest name="FormatToStringTest1000 (24695.917440203913,24695.92 zł)" storage="c:\projekty\mstestproject\bin\debug\netcoreapp3.1\mstestproject.dll" id="45313855-aa56-4959-9378-5ba2adef0c24">
      <TestCategory>
        <TestCategoryItem TestCategory="Category1000" />
      </TestCategory>
      <Execution id="f13f1337-4a1a-43fb-9bc4-e8a5e3234c91" />
      <TestMethod codeBase="C:\Projekty\MSTestProject\bin\Debug\netcoreapp3.1\MSTestProject.dll" adapterTypeName="executor://mstestadapter/v2" className="TwojeWesele.Services.Helpers.Tests.CurrencyHelperTests" name="FormatToStringTest1000" />
    </UnitTest>
    <UnitTest name="FormatToStringTest1000 (20146.183073329827,20146.18 zł)" storage="c:\projekty\mstestproject\bin\debug\netcoreapp3.1\mstestproject.dll" id="241eed39-ad09-40bb-9b8e-23898b3f2038">
      <TestCategory>
        <TestCategoryItem TestCategory="Category1000" />
      </TestCategory>
      <Execution id="7d8d5998-c7f2-4fbb-ad1f-42527d5e8c01" />
      <TestMethod codeBase="C:\Projekty\MSTestProject\bin\Debug\netcoreapp3.1\MSTestProject.dll" adapterTypeName="executor://mstestadapter/v2" className="TwojeWesele.Services.Helpers.Tests.CurrencyHelperTests" name="FormatToStringTest1000" />
    </UnitTest>
    <UnitTest name="FormatToStringTest1000 (16161.963229990548,16161.96 zł)" storage="c:\projekty\mstestproject\bin\debug\netcoreapp3.1\mstestproject.dll" id="71048948-69fa-4e85-a04e-8b5fd2225ee0">
      <TestCategory>
        <TestCategoryItem TestCategory="Category1000" />
      </TestCategory>
      <Execution id="461d0b92-fea9-407b-b621-f3f10f9e3c4d" />
      <TestMethod codeBase="C:\Projekty\MSTestProject\bin\Debug\netcoreapp3.1\MSTestProject.dll" adapterTypeName="executor://mstestadapter/v2" className="TwojeWesele.Services.Helpers.Tests.CurrencyHelperTests" name="FormatToStringTest1000" />
    </UnitTest>
    <UnitTest name="FormatToStringTest1000 (51632.87002968503,51632.87 zł)" storage="c:\projekty\mstestproject\bin\debug\netcoreapp3.1\mstestproject.dll" id="105b1990-a786-41f9-8cb4-bbc946738add">
      <TestCategory>
        <TestCategoryItem TestCategory="Category1000" />
      </TestCategory>
      <Execution id="05bf35c9-7cfa-4a9a-820e-779b9610598d" />
      <TestMethod codeBase="C:\Projekty\MSTestProject\bin\Debug\netcoreapp3.1\MSTestProject.dll" adapterTypeName="executor://mstestadapter/v2" className="TwojeWesele.Services.Helpers.Tests.CurrencyHelperTests" name="FormatToStringTest1000" />
    </UnitTest>
    <UnitTest name="FormatToStringTest1000 (58459.03113649601,58459.03 zł)" storage="c:\projekty\mstestproject\bin\debug\netcoreapp3.1\mstestproject.dll" id="256cb05c-8c3b-4b42-8b8e-36f728f7a7f4">
      <TestCategory>
        <TestCategoryItem TestCategory="Category1000" />
      </TestCategory>
      <Execution id="73ce4405-cb59-4381-b4a0-18c635541a68" />
      <TestMethod codeBase="C:\Projekty\MSTestProject\bin\Debug\netcoreapp3.1\MSTestProject.dll" adapterTypeName="executor://mstestadapter/v2" className="TwojeWesele.Services.Helpers.Tests.CurrencyHelperTests" name="FormatToStringTest1000" />
    </UnitTest>
    <UnitTest name="FormatToStringTest1000 (43727.735558145556,43727.74 zł)" storage="c:\projekty\mstestproject\bin\debug\netcoreapp3.1\mstestproject.dll" id="e3262746-3362-408f-981e-0a511acea4d4">
      <TestCategory>
        <TestCategoryItem TestCategory="Category1000" />
      </TestCategory>
      <Execution id="8aa3a363-257a-41e7-bea8-d18203b7176f" />
      <TestMethod codeBase="C:\Projekty\MSTestProject\bin\Debug\netcoreapp3.1\MSTestProject.dll" adapterTypeName="executor://mstestadapter/v2" className="TwojeWesele.Services.Helpers.Tests.CurrencyHelperTests" name="FormatToStringTest1000" />
    </UnitTest>
    <UnitTest name="FormatToStringTest1000 (46898.00219497783,46898.00 zł)" storage="c:\projekty\mstestproject\bin\debug\netcoreapp3.1\mstestproject.dll" id="174bc7e2-de79-425b-9c54-e29634807be9">
      <TestCategory>
        <TestCategoryItem TestCategory="Category1000" />
      </TestCategory>
      <Execution id="378854cb-6879-40fa-9085-e988b8c64775" />
      <TestMethod codeBase="C:\Projekty\MSTestProject\bin\Debug\netcoreapp3.1\MSTestProject.dll" adapterTypeName="executor://mstestadapter/v2" className="TwojeWesele.Services.Helpers.Tests.CurrencyHelperTests" name="FormatToStringTest1000" />
    </UnitTest>
    <UnitTest name="FormatToStringTest1000 (41873.517751020154,41873.52 zł)" storage="c:\projekty\mstestproject\bin\debug\netcoreapp3.1\mstestproject.dll" id="ce2c4caa-31a9-41af-a075-d63f8ea453c4">
      <TestCategory>
        <TestCategoryItem TestCategory="Category1000" />
      </TestCategory>
      <Execution id="579e41f9-76b1-48bd-914b-f66257bd1543" />
      <TestMethod codeBase="C:\Projekty\MSTestProject\bin\Debug\netcoreapp3.1\MSTestProject.dll" adapterTypeName="executor://mstestadapter/v2" className="TwojeWesele.Services.Helpers.Tests.CurrencyHelperTests" name="FormatToStringTest1000" />
    </UnitTest>
    <UnitTest name="FormatToStringTest1000 (15639.704937780603,15639.70 zł)" storage="c:\projekty\mstestproject\bin\debug\netcoreapp3.1\mstestproject.dll" id="b426ba20-66c3-4380-b560-376fb675b590">
      <TestCategory>
        <TestCategoryItem TestCategory="Category1000" />
      </TestCategory>
      <Execution id="43250073-45dc-4638-883a-0180964b2c30" />
      <TestMethod codeBase="C:\Projekty\MSTestProject\bin\Debug\netcoreapp3.1\MSTestProject.dll" adapterTypeName="executor://mstestadapter/v2" className="TwojeWesele.Services.Helpers.Tests.CurrencyHelperTests" name="FormatToStringTest1000" />
    </UnitTest>
    <UnitTest name="FormatToStringTest1000 (13844.577623300524,13844.58 zł)" storage="c:\projekty\mstestproject\bin\debug\netcoreapp3.1\mstestproject.dll" id="28f03e22-2c84-41aa-a0d5-c291de7c8fe4">
      <TestCategory>
        <TestCategoryItem TestCategory="Category1000" />
      </TestCategory>
      <Execution id="3f90f314-c568-438f-a7c4-99a49752c4d4" />
      <TestMethod codeBase="C:\Projekty\MSTestProject\bin\Debug\netcoreapp3.1\MSTestProject.dll" adapterTypeName="executor://mstestadapter/v2" className="TwojeWesele.Services.Helpers.Tests.CurrencyHelperTests" name="FormatToStringTest1000" />
    </UnitTest>
    <UnitTest name="FormatToStringTest1000 (33851.35523524618,33851.36 zł)" storage="c:\projekty\mstestproject\bin\debug\netcoreapp3.1\mstestproject.dll" id="6641c0fc-aeab-4e2d-b05d-ef1cad697dc7">
      <TestCategory>
        <TestCategoryItem TestCategory="Category1000" />
      </TestCategory>
      <Execution id="68d0624e-fdea-4f13-bf78-0a195278bce2" />
      <TestMethod codeBase="C:\Projekty\MSTestProject\bin\Debug\netcoreapp3.1\MSTestProject.dll" adapterTypeName="executor://mstestadapter/v2" className="TwojeWesele.Services.Helpers.Tests.CurrencyHelperTests" name="FormatToStringTest1000" />
    </UnitTest>
    <UnitTest name="FormatToStringTest1000 (88489.14069749469,88489.14 zł)" storage="c:\projekty\mstestproject\bin\debug\netcoreapp3.1\mstestproject.dll" id="29809524-72a7-48cf-bcbd-d9be2ef2d4cf">
      <TestCategory>
        <TestCategoryItem TestCategory="Category1000" />
      </TestCategory>
      <Execution id="eb78da8f-3b3c-46ce-821d-4287de3b5220" />
      <TestMethod codeBase="C:\Projekty\MSTestProject\bin\Debug\netcoreapp3.1\MSTestProject.dll" adapterTypeName="executor://mstestadapter/v2" className="TwojeWesele.Services.Helpers.Tests.CurrencyHelperTests" name="FormatToStringTest1000" />
    </UnitTest>
    <UnitTest name="FormatToStringTest1000 (20237.28532723723,20237.29 zł)" storage="c:\projekty\mstestproject\bin\debug\netcoreapp3.1\mstestproject.dll" id="6c479252-c371-41b2-aa33-f7660828d42b">
      <TestCategory>
        <TestCategoryItem TestCategory="Category1000" />
      </TestCategory>
      <Execution id="9d60478c-e2fc-475b-9423-6ac591aaa560" />
      <TestMethod codeBase="C:\Projekty\MSTestProject\bin\Debug\netcoreapp3.1\MSTestProject.dll" adapterTypeName="executor://mstestadapter/v2" className="TwojeWesele.Services.Helpers.Tests.CurrencyHelperTests" name="FormatToStringTest1000" />
    </UnitTest>
    <UnitTest name="FormatToStringTest1000 (5835.26176155557,5835.26 zł)" storage="c:\projekty\mstestproject\bin\debug\netcoreapp3.1\mstestproject.dll" id="058cd9ae-f43b-4aa5-ad25-160029f8550f">
      <TestCategory>
        <TestCategoryItem TestCategory="Category1000" />
      </TestCategory>
      <Execution id="98f2838f-adc8-4071-a44d-19a1ba456d63" />
      <TestMethod codeBase="C:\Projekty\MSTestProject\bin\Debug\netcoreapp3.1\MSTestProject.dll" adapterTypeName="executor://mstestadapter/v2" className="TwojeWesele.Services.Helpers.Tests.CurrencyHelperTests" name="FormatToStringTest1000" />
    </UnitTest>
    <UnitTest name="FormatToStringTest1000 (15861.139287455073,15861.14 zł)" storage="c:\projekty\mstestproject\bin\debug\netcoreapp3.1\mstestproject.dll" id="12e44a85-e777-4f06-92f5-c9d19561dc69">
      <TestCategory>
        <TestCategoryItem TestCategory="Category1000" />
      </TestCategory>
      <Execution id="6229554c-d567-4d73-8e56-7f551f16338d" />
      <TestMethod codeBase="C:\Projekty\MSTestProject\bin\Debug\netcoreapp3.1\MSTestProject.dll" adapterTypeName="executor://mstestadapter/v2" className="TwojeWesele.Services.Helpers.Tests.CurrencyHelperTests" name="FormatToStringTest1000" />
    </UnitTest>
    <UnitTest name="FormatToStringTest1000 (67338.80028760935,67338.80 zł)" storage="c:\projekty\mstestproject\bin\debug\netcoreapp3.1\mstestproject.dll" id="75107e7b-9b41-4cfc-92a7-823508c45dcf">
      <TestCategory>
        <TestCategoryItem TestCategory="Category1000" />
      </TestCategory>
      <Execution id="8df24dd3-4f97-49f6-979d-e7f6c2bcf2a3" />
      <TestMethod codeBase="C:\Projekty\MSTestProject\bin\Debug\netcoreapp3.1\MSTestProject.dll" adapterTypeName="executor://mstestadapter/v2" className="TwojeWesele.Services.Helpers.Tests.CurrencyHelperTests" name="FormatToStringTest1000" />
    </UnitTest>
    <UnitTest name="FormatToStringTest1000 (46391.661094229516,46391.66 zł)" storage="c:\projekty\mstestproject\bin\debug\netcoreapp3.1\mstestproject.dll" id="1ae31beb-1dd4-4f96-b51c-bab92d11500e">
      <TestCategory>
        <TestCategoryItem TestCategory="Category1000" />
      </TestCategory>
      <Execution id="0b2cfc53-a9c7-4511-a6f0-5bc25ec2b0d6" />
      <TestMethod codeBase="C:\Projekty\MSTestProject\bin\Debug\netcoreapp3.1\MSTestProject.dll" adapterTypeName="executor://mstestadapter/v2" className="TwojeWesele.Services.Helpers.Tests.CurrencyHelperTests" name="FormatToStringTest1000" />
    </UnitTest>
    <UnitTest name="FormatToStringTest1000 (6146.91236741278,6146.91 zł)" storage="c:\projekty\mstestproject\bin\debug\netcoreapp3.1\mstestproject.dll" id="82b53204-de37-43c5-ac12-543ebb9eb84e">
      <TestCategory>
        <TestCategoryItem TestCategory="Category1000" />
      </TestCategory>
      <Execution id="8f5baace-b999-40a0-9784-5e3479c28894" />
      <TestMethod codeBase="C:\Projekty\MSTestProject\bin\Debug\netcoreapp3.1\MSTestProject.dll" adapterTypeName="executor://mstestadapter/v2" className="TwojeWesele.Services.Helpers.Tests.CurrencyHelperTests" name="FormatToStringTest1000" />
    </UnitTest>
    <UnitTest name="FormatToStringTest1000 (29539.32303995328,29539.32 zł)" storage="c:\projekty\mstestproject\bin\debug\netcoreapp3.1\mstestproject.dll" id="299fa8bc-99ae-4165-b6a2-a7f339fc6398">
      <TestCategory>
        <TestCategoryItem TestCategory="Category1000" />
      </TestCategory>
      <Execution id="06894820-b813-47d1-ba1a-dabc5c5efab9" />
      <TestMethod codeBase="C:\Projekty\MSTestProject\bin\Debug\netcoreapp3.1\MSTestProject.dll" adapterTypeName="executor://mstestadapter/v2" className="TwojeWesele.Services.Helpers.Tests.CurrencyHelperTests" name="FormatToStringTest1000" />
    </UnitTest>
    <UnitTest name="FormatToStringTest1000 (13855.30239352505,13855.30 zł)" storage="c:\projekty\mstestproject\bin\debug\netcoreapp3.1\mstestproject.dll" id="68ebc75b-c3d9-4bba-92ce-291dd74f6119">
      <TestCategory>
        <TestCategoryItem TestCategory="Category1000" />
      </TestCategory>
      <Execution id="f59d6e37-54f3-4cb4-8c77-ac3292c78de3" />
      <TestMethod codeBase="C:\Projekty\MSTestProject\bin\Debug\netcoreapp3.1\MSTestProject.dll" adapterTypeName="executor://mstestadapter/v2" className="TwojeWesele.Services.Helpers.Tests.CurrencyHelperTests" name="FormatToStringTest1000" />
    </UnitTest>
    <UnitTest name="FormatToStringTest1000 (11022.594234092438,11022.59 zł)" storage="c:\projekty\mstestproject\bin\debug\netcoreapp3.1\mstestproject.dll" id="a889235c-8eb0-4e39-8964-f7a049067bb4">
      <TestCategory>
        <TestCategoryItem TestCategory="Category1000" />
      </TestCategory>
      <Execution id="2f299578-7b9f-4894-8b70-65de8835d7a2" />
      <TestMethod codeBase="C:\Projekty\MSTestProject\bin\Debug\netcoreapp3.1\MSTestProject.dll" adapterTypeName="executor://mstestadapter/v2" className="TwojeWesele.Services.Helpers.Tests.CurrencyHelperTests" name="FormatToStringTest1000" />
    </UnitTest>
    <UnitTest name="FormatToStringTest1000 (7726.0074454499445,7726.01 zł)" storage="c:\projekty\mstestproject\bin\debug\netcoreapp3.1\mstestproject.dll" id="330f479b-8452-41fc-9863-e74164088422">
      <TestCategory>
        <TestCategoryItem TestCategory="Category1000" />
      </TestCategory>
      <Execution id="d72fc1a6-d9a1-41d7-8230-d46a9c0a2980" />
      <TestMethod codeBase="C:\Projekty\MSTestProject\bin\Debug\netcoreapp3.1\MSTestProject.dll" adapterTypeName="executor://mstestadapter/v2" className="TwojeWesele.Services.Helpers.Tests.CurrencyHelperTests" name="FormatToStringTest1000" />
    </UnitTest>
    <UnitTest name="FormatToStringTest1000 (36893.66238331593,36893.66 zł)" storage="c:\projekty\mstestproject\bin\debug\netcoreapp3.1\mstestproject.dll" id="2de6c0d5-7f1c-47b3-91d5-1f2eb69051a0">
      <TestCategory>
        <TestCategoryItem TestCategory="Category1000" />
      </TestCategory>
      <Execution id="78594297-03c4-4f05-8c19-d0c74b04e47b" />
      <TestMethod codeBase="C:\Projekty\MSTestProject\bin\Debug\netcoreapp3.1\MSTestProject.dll" adapterTypeName="executor://mstestadapter/v2" className="TwojeWesele.Services.Helpers.Tests.CurrencyHelperTests" name="FormatToStringTest1000" />
    </UnitTest>
    <UnitTest name="FormatToStringTest1000 (7370.518277515898,7370.52 zł)" storage="c:\projekty\mstestproject\bin\debug\netcoreapp3.1\mstestproject.dll" id="b0b34e5c-99d4-4f92-b8d6-5232736d6033">
      <TestCategory>
        <TestCategoryItem TestCategory="Category1000" />
      </TestCategory>
      <Execution id="8e9dece3-22fd-4281-8acb-ae8b57d1a9b9" />
      <TestMethod codeBase="C:\Projekty\MSTestProject\bin\Debug\netcoreapp3.1\MSTestProject.dll" adapterTypeName="executor://mstestadapter/v2" className="TwojeWesele.Services.Helpers.Tests.CurrencyHelperTests" name="FormatToStringTest1000" />
    </UnitTest>
    <UnitTest name="FormatToStringTest1000 (2963.24443391815,2963.24 zł)" storage="c:\projekty\mstestproject\bin\debug\netcoreapp3.1\mstestproject.dll" id="50c27278-fb21-4df8-b595-8ed7d45a54c7">
      <TestCategory>
        <TestCategoryItem TestCategory="Category1000" />
      </TestCategory>
      <Execution id="a4107f64-59f9-44cf-9703-8a8564751d26" />
      <TestMethod codeBase="C:\Projekty\MSTestProject\bin\Debug\netcoreapp3.1\MSTestProject.dll" adapterTypeName="executor://mstestadapter/v2" className="TwojeWesele.Services.Helpers.Tests.CurrencyHelperTests" name="FormatToStringTest1000" />
    </UnitTest>
    <UnitTest name="FormatToStringTest1000 (643.3550376181281,643.36 zł)" storage="c:\projekty\mstestproject\bin\debug\netcoreapp3.1\mstestproject.dll" id="4755bade-cb3f-40e3-9e37-9d4bea0b5430">
      <TestCategory>
        <TestCategoryItem TestCategory="Category1000" />
      </TestCategory>
      <Execution id="b77b6705-be85-4252-aa2d-a8ce908afa67" />
      <TestMethod codeBase="C:\Projekty\MSTestProject\bin\Debug\netcoreapp3.1\MSTestProject.dll" adapterTypeName="executor://mstestadapter/v2" className="TwojeWesele.Services.Helpers.Tests.CurrencyHelperTests" name="FormatToStringTest1000" />
    </UnitTest>
    <UnitTest name="FormatToStringTest1000 (72703.4365723503,72703.44 zł)" storage="c:\projekty\mstestproject\bin\debug\netcoreapp3.1\mstestproject.dll" id="2710e8ce-c5e8-4d60-ad65-23c155c9c4c6">
      <TestCategory>
        <TestCategoryItem TestCategory="Category1000" />
      </TestCategory>
      <Execution id="d20c97a1-255a-4504-aa25-9df6e5bd6e62" />
      <TestMethod codeBase="C:\Projekty\MSTestProject\bin\Debug\netcoreapp3.1\MSTestProject.dll" adapterTypeName="executor://mstestadapter/v2" className="TwojeWesele.Services.Helpers.Tests.CurrencyHelperTests" name="FormatToStringTest1000" />
    </UnitTest>
    <UnitTest name="FormatToStringTest1000 (8901.937138443784,8901.94 zł)" storage="c:\projekty\mstestproject\bin\debug\netcoreapp3.1\mstestproject.dll" id="327fd74b-ca8a-4cac-9363-c43357cf7e3e">
      <TestCategory>
        <TestCategoryItem TestCategory="Category1000" />
      </TestCategory>
      <Execution id="ed3a4fef-95e2-4e75-b1b3-49d602af0914" />
      <TestMethod codeBase="C:\Projekty\MSTestProject\bin\Debug\netcoreapp3.1\MSTestProject.dll" adapterTypeName="executor://mstestadapter/v2" className="TwojeWesele.Services.Helpers.Tests.CurrencyHelperTests" name="FormatToStringTest1000" />
    </UnitTest>
    <UnitTest name="FormatToStringTest1000 (18424.864078561244,18424.86 zł)" storage="c:\projekty\mstestproject\bin\debug\netcoreapp3.1\mstestproject.dll" id="49e3c272-7502-4b61-8e23-4af9edfbe321">
      <TestCategory>
        <TestCategoryItem TestCategory="Category1000" />
      </TestCategory>
      <Execution id="72a744f5-d91b-45c9-ab86-40be845bee11" />
      <TestMethod codeBase="C:\Projekty\MSTestProject\bin\Debug\netcoreapp3.1\MSTestProject.dll" adapterTypeName="executor://mstestadapter/v2" className="TwojeWesele.Services.Helpers.Tests.CurrencyHelperTests" name="FormatToStringTest1000" />
    </UnitTest>
    <UnitTest name="FormatToStringTest1000 (16597.22844427788,16597.23 zł)" storage="c:\projekty\mstestproject\bin\debug\netcoreapp3.1\mstestproject.dll" id="6e543f0d-3f97-43dc-9751-7df81771ce54">
      <TestCategory>
        <TestCategoryItem TestCategory="Category1000" />
      </TestCategory>
      <Execution id="5167e958-31e1-4911-99cf-3b7a67bb3bd7" />
      <TestMethod codeBase="C:\Projekty\MSTestProject\bin\Debug\netcoreapp3.1\MSTestProject.dll" adapterTypeName="executor://mstestadapter/v2" className="TwojeWesele.Services.Helpers.Tests.CurrencyHelperTests" name="FormatToStringTest1000" />
    </UnitTest>
    <UnitTest name="FormatToStringTest1000 (53192.79032742269,53192.79 zł)" storage="c:\projekty\mstestproject\bin\debug\netcoreapp3.1\mstestproject.dll" id="3c11e86d-7300-4b18-ab93-b41b9f060fd6">
      <TestCategory>
        <TestCategoryItem TestCategory="Category1000" />
      </TestCategory>
      <Execution id="cf4f8707-4ddb-403b-9cd9-d64d26d464c2" />
      <TestMethod codeBase="C:\Projekty\MSTestProject\bin\Debug\netcoreapp3.1\MSTestProject.dll" adapterTypeName="executor://mstestadapter/v2" className="TwojeWesele.Services.Helpers.Tests.CurrencyHelperTests" name="FormatToStringTest1000" />
    </UnitTest>
    <UnitTest name="FormatToStringTest1000 (26220.382477706476,26220.38 zł)" storage="c:\projekty\mstestproject\bin\debug\netcoreapp3.1\mstestproject.dll" id="fda8b222-4bff-498f-af71-bdb5cc19a102">
      <TestCategory>
        <TestCategoryItem TestCategory="Category1000" />
      </TestCategory>
      <Execution id="f47929af-60e5-4e5d-a3db-4172bb75ddb8" />
      <TestMethod codeBase="C:\Projekty\MSTestProject\bin\Debug\netcoreapp3.1\MSTestProject.dll" adapterTypeName="executor://mstestadapter/v2" className="TwojeWesele.Services.Helpers.Tests.CurrencyHelperTests" name="FormatToStringTest1000" />
    </UnitTest>
    <UnitTest name="FormatToStringTest1000 (22791.735381432685,22791.74 zł)" storage="c:\projekty\mstestproject\bin\debug\netcoreapp3.1\mstestproject.dll" id="9935871b-aa4f-4336-a127-eaa17129fbc1">
      <TestCategory>
        <TestCategoryItem TestCategory="Category1000" />
      </TestCategory>
      <Execution id="33f28ad0-15bf-45c9-93e2-8dca7caa3716" />
      <TestMethod codeBase="C:\Projekty\MSTestProject\bin\Debug\netcoreapp3.1\MSTestProject.dll" adapterTypeName="executor://mstestadapter/v2" className="TwojeWesele.Services.Helpers.Tests.CurrencyHelperTests" name="FormatToStringTest1000" />
    </UnitTest>
    <UnitTest name="FormatToStringTest1000 (54578.37303904275,54578.37 zł)" storage="c:\projekty\mstestproject\bin\debug\netcoreapp3.1\mstestproject.dll" id="7dc58cd8-8a44-449c-b0d2-a4d1f85a5b6c">
      <TestCategory>
        <TestCategoryItem TestCategory="Category1000" />
      </TestCategory>
      <Execution id="4e4f8d85-2996-46a9-b576-c9a68bd61de5" />
      <TestMethod codeBase="C:\Projekty\MSTestProject\bin\Debug\netcoreapp3.1\MSTestProject.dll" adapterTypeName="executor://mstestadapter/v2" className="TwojeWesele.Services.Helpers.Tests.CurrencyHelperTests" name="FormatToStringTest1000" />
    </UnitTest>
    <UnitTest name="FormatToStringTest1000 (2835.0728237931958,2835.07 zł)" storage="c:\projekty\mstestproject\bin\debug\netcoreapp3.1\mstestproject.dll" id="325ec56c-5248-471f-986a-48f4ef1c834d">
      <TestCategory>
        <TestCategoryItem TestCategory="Category1000" />
      </TestCategory>
      <Execution id="25773bb4-6028-414e-92b4-d2e128059288" />
      <TestMethod codeBase="C:\Projekty\MSTestProject\bin\Debug\netcoreapp3.1\MSTestProject.dll" adapterTypeName="executor://mstestadapter/v2" className="TwojeWesele.Services.Helpers.Tests.CurrencyHelperTests" name="FormatToStringTest1000" />
    </UnitTest>
    <UnitTest name="FormatToStringTest1000 (51503.82905738234,51503.83 zł)" storage="c:\projekty\mstestproject\bin\debug\netcoreapp3.1\mstestproject.dll" id="ba51f946-1db8-4c94-bf1d-70b84c06e576">
      <TestCategory>
        <TestCategoryItem TestCategory="Category1000" />
      </TestCategory>
      <Execution id="062739c5-b554-433e-b194-a3a6eeb33466" />
      <TestMethod codeBase="C:\Projekty\MSTestProject\bin\Debug\netcoreapp3.1\MSTestProject.dll" adapterTypeName="executor://mstestadapter/v2" className="TwojeWesele.Services.Helpers.Tests.CurrencyHelperTests" name="FormatToStringTest1000" />
    </UnitTest>
    <UnitTest name="FormatToStringTest1000 (38803.03958246253,38803.04 zł)" storage="c:\projekty\mstestproject\bin\debug\netcoreapp3.1\mstestproject.dll" id="9bcf624f-e682-41cb-b23c-164d758eb697">
      <TestCategory>
        <TestCategoryItem TestCategory="Category1000" />
      </TestCategory>
      <Execution id="4bea4f10-98cd-4e0b-90cd-a4222a1de749" />
      <TestMethod codeBase="C:\Projekty\MSTestProject\bin\Debug\netcoreapp3.1\MSTestProject.dll" adapterTypeName="executor://mstestadapter/v2" className="TwojeWesele.Services.Helpers.Tests.CurrencyHelperTests" name="FormatToStringTest1000" />
    </UnitTest>
    <UnitTest name="FormatToStringTest1000 (13503.943645929892,13503.94 zł)" storage="c:\projekty\mstestproject\bin\debug\netcoreapp3.1\mstestproject.dll" id="6606734b-00ee-429b-9436-8fdf3cb9dc8c">
      <TestCategory>
        <TestCategoryItem TestCategory="Category1000" />
      </TestCategory>
      <Execution id="7ffb6f25-1018-4af9-8006-4f8430c4ed7e" />
      <TestMethod codeBase="C:\Projekty\MSTestProject\bin\Debug\netcoreapp3.1\MSTestProject.dll" adapterTypeName="executor://mstestadapter/v2" className="TwojeWesele.Services.Helpers.Tests.CurrencyHelperTests" name="FormatToStringTest1000" />
    </UnitTest>
    <UnitTest name="FormatToStringTest1000 (7124.979180760672,7124.98 zł)" storage="c:\projekty\mstestproject\bin\debug\netcoreapp3.1\mstestproject.dll" id="450a7c1d-953b-444d-869b-435970fc9a1a">
      <TestCategory>
        <TestCategoryItem TestCategory="Category1000" />
      </TestCategory>
      <Execution id="33160dec-1f27-4812-bcf0-17ac6974171b" />
      <TestMethod codeBase="C:\Projekty\MSTestProject\bin\Debug\netcoreapp3.1\MSTestProject.dll" adapterTypeName="executor://mstestadapter/v2" className="TwojeWesele.Services.Helpers.Tests.CurrencyHelperTests" name="FormatToStringTest1000" />
    </UnitTest>
    <UnitTest name="FormatToStringTest1000 (40857.08543233996,40857.09 zł)" storage="c:\projekty\mstestproject\bin\debug\netcoreapp3.1\mstestproject.dll" id="a948b34b-d5f4-452c-9d2e-bb2483dbc89e">
      <TestCategory>
        <TestCategoryItem TestCategory="Category1000" />
      </TestCategory>
      <Execution id="ec9bb20b-83fb-4fc1-bb40-1858bcf24406" />
      <TestMethod codeBase="C:\Projekty\MSTestProject\bin\Debug\netcoreapp3.1\MSTestProject.dll" adapterTypeName="executor://mstestadapter/v2" className="TwojeWesele.Services.Helpers.Tests.CurrencyHelperTests" name="FormatToStringTest1000" />
    </UnitTest>
    <UnitTest name="FormatToStringTest1000 (30578.687538491416,30578.69 zł)" storage="c:\projekty\mstestproject\bin\debug\netcoreapp3.1\mstestproject.dll" id="2155c700-8832-4e3f-b33b-0e4efb48533a">
      <TestCategory>
        <TestCategoryItem TestCategory="Category1000" />
      </TestCategory>
      <Execution id="fe6c5878-1c0f-4874-8b4a-fcb7aabef90a" />
      <TestMethod codeBase="C:\Projekty\MSTestProject\bin\Debug\netcoreapp3.1\MSTestProject.dll" adapterTypeName="executor://mstestadapter/v2" className="TwojeWesele.Services.Helpers.Tests.CurrencyHelperTests" name="FormatToStringTest1000" />
    </UnitTest>
    <UnitTest name="FormatToStringTest1000 (33245.44763357819,33245.45 zł)" storage="c:\projekty\mstestproject\bin\debug\netcoreapp3.1\mstestproject.dll" id="abedee35-28ff-415c-92ee-ba7f1c86432c">
      <TestCategory>
        <TestCategoryItem TestCategory="Category1000" />
      </TestCategory>
      <Execution id="35dd5444-7de1-4bd8-9ee8-d5d517fdbf68" />
      <TestMethod codeBase="C:\Projekty\MSTestProject\bin\Debug\netcoreapp3.1\MSTestProject.dll" adapterTypeName="executor://mstestadapter/v2" className="TwojeWesele.Services.Helpers.Tests.CurrencyHelperTests" name="FormatToStringTest1000" />
    </UnitTest>
    <UnitTest name="FormatToStringTest1000 (17953.338243749615,17953.34 zł)" storage="c:\projekty\mstestproject\bin\debug\netcoreapp3.1\mstestproject.dll" id="940e5ca7-dac4-4f1d-8c67-d2644349457d">
      <TestCategory>
        <TestCategoryItem TestCategory="Category1000" />
      </TestCategory>
      <Execution id="e92f7853-7aa1-48ea-8a04-1ec179112702" />
      <TestMethod codeBase="C:\Projekty\MSTestProject\bin\Debug\netcoreapp3.1\MSTestProject.dll" adapterTypeName="executor://mstestadapter/v2" className="TwojeWesele.Services.Helpers.Tests.CurrencyHelperTests" name="FormatToStringTest1000" />
    </UnitTest>
    <UnitTest name="FormatToStringTest1000 (1739.5853778997368,1739.59 zł)" storage="c:\projekty\mstestproject\bin\debug\netcoreapp3.1\mstestproject.dll" id="740966eb-924d-41d1-9a8e-c9df69df9514">
      <TestCategory>
        <TestCategoryItem TestCategory="Category1000" />
      </TestCategory>
      <Execution id="b2f9b199-2a4f-449a-9e03-79d924bfef70" />
      <TestMethod codeBase="C:\Projekty\MSTestProject\bin\Debug\netcoreapp3.1\MSTestProject.dll" adapterTypeName="executor://mstestadapter/v2" className="TwojeWesele.Services.Helpers.Tests.CurrencyHelperTests" name="FormatToStringTest1000" />
    </UnitTest>
    <UnitTest name="FormatToStringTest1000 (16511.26921423537,16511.27 zł)" storage="c:\projekty\mstestproject\bin\debug\netcoreapp3.1\mstestproject.dll" id="f68e78ca-1c09-41c7-8fbe-827d24daa6d6">
      <TestCategory>
        <TestCategoryItem TestCategory="Category1000" />
      </TestCategory>
      <Execution id="ab554127-de77-40e0-86a5-c267fac4b113" />
      <TestMethod codeBase="C:\Projekty\MSTestProject\bin\Debug\netcoreapp3.1\MSTestProject.dll" adapterTypeName="executor://mstestadapter/v2" className="TwojeWesele.Services.Helpers.Tests.CurrencyHelperTests" name="FormatToStringTest1000" />
    </UnitTest>
    <UnitTest name="FormatToStringTest1000 (2390.7596313784643,2390.76 zł)" storage="c:\projekty\mstestproject\bin\debug\netcoreapp3.1\mstestproject.dll" id="4234c847-b8bd-4e69-b9c3-e208d7e50836">
      <TestCategory>
        <TestCategoryItem TestCategory="Category1000" />
      </TestCategory>
      <Execution id="cfdfa8b7-d53a-4651-aa1f-f98779de4803" />
      <TestMethod codeBase="C:\Projekty\MSTestProject\bin\Debug\netcoreapp3.1\MSTestProject.dll" adapterTypeName="executor://mstestadapter/v2" className="TwojeWesele.Services.Helpers.Tests.CurrencyHelperTests" name="FormatToStringTest1000" />
    </UnitTest>
    <UnitTest name="FormatToStringTest1000 (79764.77845563217,79764.78 zł)" storage="c:\projekty\mstestproject\bin\debug\netcoreapp3.1\mstestproject.dll" id="8a906f5f-8a76-4b19-b268-1a29160c8c06">
      <TestCategory>
        <TestCategoryItem TestCategory="Category1000" />
      </TestCategory>
      <Execution id="7c14d00e-8145-46a5-8543-ee83642baa89" />
      <TestMethod codeBase="C:\Projekty\MSTestProject\bin\Debug\netcoreapp3.1\MSTestProject.dll" adapterTypeName="executor://mstestadapter/v2" className="TwojeWesele.Services.Helpers.Tests.CurrencyHelperTests" name="FormatToStringTest1000" />
    </UnitTest>
    <UnitTest name="FormatToStringTest1000 (5247.779940802501,5247.78 zł)" storage="c:\projekty\mstestproject\bin\debug\netcoreapp3.1\mstestproject.dll" id="aec0ae2a-5078-41ba-8d8a-8327ab12ed7c">
      <TestCategory>
        <TestCategoryItem TestCategory="Category1000" />
      </TestCategory>
      <Execution id="adccafdc-2681-4bd0-91aa-5288ec9183a6" />
      <TestMethod codeBase="C:\Projekty\MSTestProject\bin\Debug\netcoreapp3.1\MSTestProject.dll" adapterTypeName="executor://mstestadapter/v2" className="TwojeWesele.Services.Helpers.Tests.CurrencyHelperTests" name="FormatToStringTest1000" />
    </UnitTest>
    <UnitTest name="FormatToStringTest1000 (8095.485677032492,8095.49 zł)" storage="c:\projekty\mstestproject\bin\debug\netcoreapp3.1\mstestproject.dll" id="624c84d8-ca40-4dc9-8750-dd9d5d47efbf">
      <TestCategory>
        <TestCategoryItem TestCategory="Category1000" />
      </TestCategory>
      <Execution id="2d6525ae-f2ea-447f-b706-8b7c156f52cd" />
      <TestMethod codeBase="C:\Projekty\MSTestProject\bin\Debug\netcoreapp3.1\MSTestProject.dll" adapterTypeName="executor://mstestadapter/v2" className="TwojeWesele.Services.Helpers.Tests.CurrencyHelperTests" name="FormatToStringTest1000" />
    </UnitTest>
    <UnitTest name="FormatToStringTest1000 (66019.32414194118,66019.32 zł)" storage="c:\projekty\mstestproject\bin\debug\netcoreapp3.1\mstestproject.dll" id="210e271a-fe8f-4153-a241-71beb4930fd9">
      <TestCategory>
        <TestCategoryItem TestCategory="Category1000" />
      </TestCategory>
      <Execution id="70511280-9b80-4223-981a-3447301fe905" />
      <TestMethod codeBase="C:\Projekty\MSTestProject\bin\Debug\netcoreapp3.1\MSTestProject.dll" adapterTypeName="executor://mstestadapter/v2" className="TwojeWesele.Services.Helpers.Tests.CurrencyHelperTests" name="FormatToStringTest1000" />
    </UnitTest>
    <UnitTest name="FormatToStringTest1000 (10461.455048841171,10461.46 zł)" storage="c:\projekty\mstestproject\bin\debug\netcoreapp3.1\mstestproject.dll" id="e88b43dd-7634-4a7b-8a98-b7264ef53cf8">
      <TestCategory>
        <TestCategoryItem TestCategory="Category1000" />
      </TestCategory>
      <Execution id="cae0dda3-b8f8-4017-8946-2b8801e6833d" />
      <TestMethod codeBase="C:\Projekty\MSTestProject\bin\Debug\netcoreapp3.1\MSTestProject.dll" adapterTypeName="executor://mstestadapter/v2" className="TwojeWesele.Services.Helpers.Tests.CurrencyHelperTests" name="FormatToStringTest1000" />
    </UnitTest>
    <UnitTest name="FormatToStringTest1000 (6710.131197082871,6710.13 zł)" storage="c:\projekty\mstestproject\bin\debug\netcoreapp3.1\mstestproject.dll" id="0070fa30-de7c-4dec-9802-3a810f826119">
      <TestCategory>
        <TestCategoryItem TestCategory="Category1000" />
      </TestCategory>
      <Execution id="83631066-fd5a-41f8-8a97-c827e40d8ee4" />
      <TestMethod codeBase="C:\Projekty\MSTestProject\bin\Debug\netcoreapp3.1\MSTestProject.dll" adapterTypeName="executor://mstestadapter/v2" className="TwojeWesele.Services.Helpers.Tests.CurrencyHelperTests" name="FormatToStringTest1000" />
    </UnitTest>
    <UnitTest name="FormatToStringTest1000 (1741.3334432818617,1741.33 zł)" storage="c:\projekty\mstestproject\bin\debug\netcoreapp3.1\mstestproject.dll" id="744f00b0-3af0-491c-8b5a-49236d07849b">
      <TestCategory>
        <TestCategoryItem TestCategory="Category1000" />
      </TestCategory>
      <Execution id="3af206d7-a663-4a88-a5d1-70ddc0163a97" />
      <TestMethod codeBase="C:\Projekty\MSTestProject\bin\Debug\netcoreapp3.1\MSTestProject.dll" adapterTypeName="executor://mstestadapter/v2" className="TwojeWesele.Services.Helpers.Tests.CurrencyHelperTests" name="FormatToStringTest1000" />
    </UnitTest>
    <UnitTest name="FormatToStringTest1000 (2298.0331723829886,2298.03 zł)" storage="c:\projekty\mstestproject\bin\debug\netcoreapp3.1\mstestproject.dll" id="976e6875-a2b4-421f-85fd-624c2a3f6635">
      <TestCategory>
        <TestCategoryItem TestCategory="Category1000" />
      </TestCategory>
      <Execution id="358938f4-c81b-4776-942c-6f35852ed717" />
      <TestMethod codeBase="C:\Projekty\MSTestProject\bin\Debug\netcoreapp3.1\MSTestProject.dll" adapterTypeName="executor://mstestadapter/v2" className="TwojeWesele.Services.Helpers.Tests.CurrencyHelperTests" name="FormatToStringTest1000" />
    </UnitTest>
    <UnitTest name="FormatToStringTest1000 (3846.644792262765,3846.64 zł)" storage="c:\projekty\mstestproject\bin\debug\netcoreapp3.1\mstestproject.dll" id="79d9d2e6-8da1-4c4d-9ef5-01f4b63a5ec6">
      <TestCategory>
        <TestCategoryItem TestCategory="Category1000" />
      </TestCategory>
      <Execution id="f14b1526-0028-4135-9bd3-326e6050c782" />
      <TestMethod codeBase="C:\Projekty\MSTestProject\bin\Debug\netcoreapp3.1\MSTestProject.dll" adapterTypeName="executor://mstestadapter/v2" className="TwojeWesele.Services.Helpers.Tests.CurrencyHelperTests" name="FormatToStringTest1000" />
    </UnitTest>
    <UnitTest name="FormatToStringTest1000 (15669.698889610218,15669.70 zł)" storage="c:\projekty\mstestproject\bin\debug\netcoreapp3.1\mstestproject.dll" id="a474216f-a85f-4701-b702-3a6dddd78835">
      <TestCategory>
        <TestCategoryItem TestCategory="Category1000" />
      </TestCategory>
      <Execution id="8a969fc0-e62d-4e07-9341-5f15252ed175" />
      <TestMethod codeBase="C:\Projekty\MSTestProject\bin\Debug\netcoreapp3.1\MSTestProject.dll" adapterTypeName="executor://mstestadapter/v2" className="TwojeWesele.Services.Helpers.Tests.CurrencyHelperTests" name="FormatToStringTest1000" />
    </UnitTest>
    <UnitTest name="FormatToStringTest1000 (45070.5442499493,45070.54 zł)" storage="c:\projekty\mstestproject\bin\debug\netcoreapp3.1\mstestproject.dll" id="b452b6fa-72c2-411b-a1b6-7a423ce4be86">
      <TestCategory>
        <TestCategoryItem TestCategory="Category1000" />
      </TestCategory>
      <Execution id="a334770e-d4ec-4e15-a5de-2f8aa1b2cd4f" />
      <TestMethod codeBase="C:\Projekty\MSTestProject\bin\Debug\netcoreapp3.1\MSTestProject.dll" adapterTypeName="executor://mstestadapter/v2" className="TwojeWesele.Services.Helpers.Tests.CurrencyHelperTests" name="FormatToStringTest1000" />
    </UnitTest>
    <UnitTest name="FormatToStringTest1000 (545.7016866634142,545.70 zł)" storage="c:\projekty\mstestproject\bin\debug\netcoreapp3.1\mstestproject.dll" id="aa18725a-65be-43a4-828d-998c62b55bb1">
      <TestCategory>
        <TestCategoryItem TestCategory="Category1000" />
      </TestCategory>
      <Execution id="c52b12a7-39db-4260-8ead-56c1304adb5c" />
      <TestMethod codeBase="C:\Projekty\MSTestProject\bin\Debug\netcoreapp3.1\MSTestProject.dll" adapterTypeName="executor://mstestadapter/v2" className="TwojeWesele.Services.Helpers.Tests.CurrencyHelperTests" name="FormatToStringTest1000" />
    </UnitTest>
    <UnitTest name="FormatToStringTest1000 (28192.949128067565,28192.95 zł)" storage="c:\projekty\mstestproject\bin\debug\netcoreapp3.1\mstestproject.dll" id="18ce434e-5fac-42ca-a9ad-6a37762e5bd3">
      <TestCategory>
        <TestCategoryItem TestCategory="Category1000" />
      </TestCategory>
      <Execution id="97440efd-932e-4041-95e6-937e29a2eb10" />
      <TestMethod codeBase="C:\Projekty\MSTestProject\bin\Debug\netcoreapp3.1\MSTestProject.dll" adapterTypeName="executor://mstestadapter/v2" className="TwojeWesele.Services.Helpers.Tests.CurrencyHelperTests" name="FormatToStringTest1000" />
    </UnitTest>
    <UnitTest name="FormatToStringTest1000 (64124.274503948756,64124.27 zł)" storage="c:\projekty\mstestproject\bin\debug\netcoreapp3.1\mstestproject.dll" id="a4010d28-517f-429b-95d5-64c3bbdb2f01">
      <TestCategory>
        <TestCategoryItem TestCategory="Category1000" />
      </TestCategory>
      <Execution id="499f6695-f4fc-4810-88b9-795f14882ba2" />
      <TestMethod codeBase="C:\Projekty\MSTestProject\bin\Debug\netcoreapp3.1\MSTestProject.dll" adapterTypeName="executor://mstestadapter/v2" className="TwojeWesele.Services.Helpers.Tests.CurrencyHelperTests" name="FormatToStringTest1000" />
    </UnitTest>
    <UnitTest name="FormatToStringTest1000 (96022.24851977557,96022.25 zł)" storage="c:\projekty\mstestproject\bin\debug\netcoreapp3.1\mstestproject.dll" id="6aae79dc-7b42-43ff-93e2-b33b06e5f400">
      <TestCategory>
        <TestCategoryItem TestCategory="Category1000" />
      </TestCategory>
      <Execution id="e2a17b53-38ec-4406-960d-e80a698b5d12" />
      <TestMethod codeBase="C:\Projekty\MSTestProject\bin\Debug\netcoreapp3.1\MSTestProject.dll" adapterTypeName="executor://mstestadapter/v2" className="TwojeWesele.Services.Helpers.Tests.CurrencyHelperTests" name="FormatToStringTest1000" />
    </UnitTest>
    <UnitTest name="FormatToStringTest1000 (79388.929555234,79388.93 zł)" storage="c:\projekty\mstestproject\bin\debug\netcoreapp3.1\mstestproject.dll" id="0f3d5c0d-3ce8-48ce-8733-9be037b841ad">
      <TestCategory>
        <TestCategoryItem TestCategory="Category1000" />
      </TestCategory>
      <Execution id="35eb70e0-86e8-481c-9422-48a79ab57c2a" />
      <TestMethod codeBase="C:\Projekty\MSTestProject\bin\Debug\netcoreapp3.1\MSTestProject.dll" adapterTypeName="executor://mstestadapter/v2" className="TwojeWesele.Services.Helpers.Tests.CurrencyHelperTests" name="FormatToStringTest1000" />
    </UnitTest>
    <UnitTest name="FormatToStringTest1000 (591.2110872302256,591.21 zł)" storage="c:\projekty\mstestproject\bin\debug\netcoreapp3.1\mstestproject.dll" id="7a8083a0-311c-448d-a245-e3ef4358d9cd">
      <TestCategory>
        <TestCategoryItem TestCategory="Category1000" />
      </TestCategory>
      <Execution id="d6a79688-372d-431e-a46e-949e0f695850" />
      <TestMethod codeBase="C:\Projekty\MSTestProject\bin\Debug\netcoreapp3.1\MSTestProject.dll" adapterTypeName="executor://mstestadapter/v2" className="TwojeWesele.Services.Helpers.Tests.CurrencyHelperTests" name="FormatToStringTest1000" />
    </UnitTest>
    <UnitTest name="FormatToStringTest1000 (30722.846572104303,30722.85 zł)" storage="c:\projekty\mstestproject\bin\debug\netcoreapp3.1\mstestproject.dll" id="c2662aa6-be0b-4bc7-9ba2-4ad6ae5ba8f5">
      <TestCategory>
        <TestCategoryItem TestCategory="Category1000" />
      </TestCategory>
      <Execution id="03354159-2811-42b3-a1ce-d1fd6229eb08" />
      <TestMethod codeBase="C:\Projekty\MSTestProject\bin\Debug\netcoreapp3.1\MSTestProject.dll" adapterTypeName="executor://mstestadapter/v2" className="TwojeWesele.Services.Helpers.Tests.CurrencyHelperTests" name="FormatToStringTest1000" />
    </UnitTest>
    <UnitTest name="FormatToStringTest1000 (4002.4180488374172,4002.42 zł)" storage="c:\projekty\mstestproject\bin\debug\netcoreapp3.1\mstestproject.dll" id="4a8933c7-3718-4fd2-80ce-a95f39896ca8">
      <TestCategory>
        <TestCategoryItem TestCategory="Category1000" />
      </TestCategory>
      <Execution id="aca55d9c-524e-45f5-b8d2-ac421cefa7c1" />
      <TestMethod codeBase="C:\Projekty\MSTestProject\bin\Debug\netcoreapp3.1\MSTestProject.dll" adapterTypeName="executor://mstestadapter/v2" className="TwojeWesele.Services.Helpers.Tests.CurrencyHelperTests" name="FormatToStringTest1000" />
    </UnitTest>
    <UnitTest name="FormatToStringTest1000 (23023.74724929768,23023.75 zł)" storage="c:\projekty\mstestproject\bin\debug\netcoreapp3.1\mstestproject.dll" id="430860ee-0790-4b84-8a0f-5b9981a7ca58">
      <TestCategory>
        <TestCategoryItem TestCategory="Category1000" />
      </TestCategory>
      <Execution id="03f77640-c522-404a-860e-14e718206e56" />
      <TestMethod codeBase="C:\Projekty\MSTestProject\bin\Debug\netcoreapp3.1\MSTestProject.dll" adapterTypeName="executor://mstestadapter/v2" className="TwojeWesele.Services.Helpers.Tests.CurrencyHelperTests" name="FormatToStringTest1000" />
    </UnitTest>
    <UnitTest name="FormatToStringTest1000 (43222.47958431695,43222.48 zł)" storage="c:\projekty\mstestproject\bin\debug\netcoreapp3.1\mstestproject.dll" id="849a35b4-6c97-4d71-9e18-609ae23a025c">
      <TestCategory>
        <TestCategoryItem TestCategory="Category1000" />
      </TestCategory>
      <Execution id="2afaa128-76cb-4865-a821-8581c7230b64" />
      <TestMethod codeBase="C:\Projekty\MSTestProject\bin\Debug\netcoreapp3.1\MSTestProject.dll" adapterTypeName="executor://mstestadapter/v2" className="TwojeWesele.Services.Helpers.Tests.CurrencyHelperTests" name="FormatToStringTest1000" />
    </UnitTest>
    <UnitTest name="FormatToStringTest1000 (1562.3173604776698,1562.32 zł)" storage="c:\projekty\mstestproject\bin\debug\netcoreapp3.1\mstestproject.dll" id="86a9872b-f033-4ac2-a047-3f5f1679b9a5">
      <TestCategory>
        <TestCategoryItem TestCategory="Category1000" />
      </TestCategory>
      <Execution id="a2c35a91-561a-476c-ab86-9b199cc88a27" />
      <TestMethod codeBase="C:\Projekty\MSTestProject\bin\Debug\netcoreapp3.1\MSTestProject.dll" adapterTypeName="executor://mstestadapter/v2" className="TwojeWesele.Services.Helpers.Tests.CurrencyHelperTests" name="FormatToStringTest1000" />
    </UnitTest>
    <UnitTest name="FormatToStringTest1000 (4025.728369236797,4025.73 zł)" storage="c:\projekty\mstestproject\bin\debug\netcoreapp3.1\mstestproject.dll" id="5466ebed-aebf-43e3-adf8-ea1d67e38ee8">
      <TestCategory>
        <TestCategoryItem TestCategory="Category1000" />
      </TestCategory>
      <Execution id="49844fdb-5813-444b-9d90-345faae0cdfe" />
      <TestMethod codeBase="C:\Projekty\MSTestProject\bin\Debug\netcoreapp3.1\MSTestProject.dll" adapterTypeName="executor://mstestadapter/v2" className="TwojeWesele.Services.Helpers.Tests.CurrencyHelperTests" name="FormatToStringTest1000" />
    </UnitTest>
    <UnitTest name="FormatToStringTest1000 (24570.65594858893,24570.66 zł)" storage="c:\projekty\mstestproject\bin\debug\netcoreapp3.1\mstestproject.dll" id="310970ce-e752-4576-9598-eca82b3e51c6">
      <TestCategory>
        <TestCategoryItem TestCategory="Category1000" />
      </TestCategory>
      <Execution id="f481c1ea-8846-49b6-9fa3-1462678d7278" />
      <TestMethod codeBase="C:\Projekty\MSTestProject\bin\Debug\netcoreapp3.1\MSTestProject.dll" adapterTypeName="executor://mstestadapter/v2" className="TwojeWesele.Services.Helpers.Tests.CurrencyHelperTests" name="FormatToStringTest1000" />
    </UnitTest>
    <UnitTest name="FormatToStringTest1000 (823.2747994560166,823.27 zł)" storage="c:\projekty\mstestproject\bin\debug\netcoreapp3.1\mstestproject.dll" id="77fd7ccb-56cb-4f0a-852d-c6914f50c99c">
      <TestCategory>
        <TestCategoryItem TestCategory="Category1000" />
      </TestCategory>
      <Execution id="840c9f66-705f-4b9e-9551-469229a4929c" />
      <TestMethod codeBase="C:\Projekty\MSTestProject\bin\Debug\netcoreapp3.1\MSTestProject.dll" adapterTypeName="executor://mstestadapter/v2" className="TwojeWesele.Services.Helpers.Tests.CurrencyHelperTests" name="FormatToStringTest1000" />
    </UnitTest>
    <UnitTest name="FormatToStringTest1000 (44930.92203801075,44930.92 zł)" storage="c:\projekty\mstestproject\bin\debug\netcoreapp3.1\mstestproject.dll" id="3b3d194f-18b7-4070-90ca-4bb42da9a7c6">
      <TestCategory>
        <TestCategoryItem TestCategory="Category1000" />
      </TestCategory>
      <Execution id="764f6bd9-685d-4b49-89bb-53c7e9cc98c8" />
      <TestMethod codeBase="C:\Projekty\MSTestProject\bin\Debug\netcoreapp3.1\MSTestProject.dll" adapterTypeName="executor://mstestadapter/v2" className="TwojeWesele.Services.Helpers.Tests.CurrencyHelperTests" name="FormatToStringTest1000" />
    </UnitTest>
    <UnitTest name="FormatToStringTest1000 (28155.26504817664,28155.27 zł)" storage="c:\projekty\mstestproject\bin\debug\netcoreapp3.1\mstestproject.dll" id="2f1c05c1-cabc-4177-8060-1d47ab8a2b21">
      <TestCategory>
        <TestCategoryItem TestCategory="Category1000" />
      </TestCategory>
      <Execution id="a3197b8f-dc06-468e-9c6a-1b1eff0d3099" />
      <TestMethod codeBase="C:\Projekty\MSTestProject\bin\Debug\netcoreapp3.1\MSTestProject.dll" adapterTypeName="executor://mstestadapter/v2" className="TwojeWesele.Services.Helpers.Tests.CurrencyHelperTests" name="FormatToStringTest1000" />
    </UnitTest>
    <UnitTest name="FormatToStringTest1000 (6213.265206352466,6213.27 zł)" storage="c:\projekty\mstestproject\bin\debug\netcoreapp3.1\mstestproject.dll" id="5044ca14-d24d-4f73-855b-6d76ec6f4468">
      <TestCategory>
        <TestCategoryItem TestCategory="Category1000" />
      </TestCategory>
      <Execution id="c6dd1226-eb6c-4c89-9dc7-ea07b8d0268e" />
      <TestMethod codeBase="C:\Projekty\MSTestProject\bin\Debug\netcoreapp3.1\MSTestProject.dll" adapterTypeName="executor://mstestadapter/v2" className="TwojeWesele.Services.Helpers.Tests.CurrencyHelperTests" name="FormatToStringTest1000" />
    </UnitTest>
    <UnitTest name="FormatToStringTest1000 (45955.903045959254,45955.90 zł)" storage="c:\projekty\mstestproject\bin\debug\netcoreapp3.1\mstestproject.dll" id="cf519272-8aa5-452c-a753-9542a034f354">
      <TestCategory>
        <TestCategoryItem TestCategory="Category1000" />
      </TestCategory>
      <Execution id="5c33c70e-4dad-4441-a39c-20c413eadc83" />
      <TestMethod codeBase="C:\Projekty\MSTestProject\bin\Debug\netcoreapp3.1\MSTestProject.dll" adapterTypeName="executor://mstestadapter/v2" className="TwojeWesele.Services.Helpers.Tests.CurrencyHelperTests" name="FormatToStringTest1000" />
    </UnitTest>
    <UnitTest name="FormatToStringTest1000 (21996.80326662576,21996.80 zł)" storage="c:\projekty\mstestproject\bin\debug\netcoreapp3.1\mstestproject.dll" id="3b56f49d-6426-41ac-8cb5-9782e8b9bba3">
      <TestCategory>
        <TestCategoryItem TestCategory="Category1000" />
      </TestCategory>
      <Execution id="41c5d17f-a9bc-40d6-bad0-e8a823573979" />
      <TestMethod codeBase="C:\Projekty\MSTestProject\bin\Debug\netcoreapp3.1\MSTestProject.dll" adapterTypeName="executor://mstestadapter/v2" className="TwojeWesele.Services.Helpers.Tests.CurrencyHelperTests" name="FormatToStringTest1000" />
    </UnitTest>
    <UnitTest name="FormatToStringTest1000 (14100.01255469211,14100.01 zł)" storage="c:\projekty\mstestproject\bin\debug\netcoreapp3.1\mstestproject.dll" id="cc485311-be55-4fb2-879e-f7f760fdac9a">
      <TestCategory>
        <TestCategoryItem TestCategory="Category1000" />
      </TestCategory>
      <Execution id="5bdf34da-4de2-494f-9e87-bafc2e117120" />
      <TestMethod codeBase="C:\Projekty\MSTestProject\bin\Debug\netcoreapp3.1\MSTestProject.dll" adapterTypeName="executor://mstestadapter/v2" className="TwojeWesele.Services.Helpers.Tests.CurrencyHelperTests" name="FormatToStringTest1000" />
    </UnitTest>
    <UnitTest name="FormatToStringTest1000 (60701.5177499319,60701.52 zł)" storage="c:\projekty\mstestproject\bin\debug\netcoreapp3.1\mstestproject.dll" id="5f3612cd-933e-46fc-908c-b5895fc3603d">
      <TestCategory>
        <TestCategoryItem TestCategory="Category1000" />
      </TestCategory>
      <Execution id="34bc6995-b873-4661-b331-406dcff9915f" />
      <TestMethod codeBase="C:\Projekty\MSTestProject\bin\Debug\netcoreapp3.1\MSTestProject.dll" adapterTypeName="executor://mstestadapter/v2" className="TwojeWesele.Services.Helpers.Tests.CurrencyHelperTests" name="FormatToStringTest1000" />
    </UnitTest>
    <UnitTest name="FormatToStringTest1000 (2718.1767171650085,2718.18 zł)" storage="c:\projekty\mstestproject\bin\debug\netcoreapp3.1\mstestproject.dll" id="d93d5d5a-d159-4dfe-8f5d-e4a9f6bc6fe8">
      <TestCategory>
        <TestCategoryItem TestCategory="Category1000" />
      </TestCategory>
      <Execution id="b549d559-d1da-4818-956e-db0573ae5b21" />
      <TestMethod codeBase="C:\Projekty\MSTestProject\bin\Debug\netcoreapp3.1\MSTestProject.dll" adapterTypeName="executor://mstestadapter/v2" className="TwojeWesele.Services.Helpers.Tests.CurrencyHelperTests" name="FormatToStringTest1000" />
    </UnitTest>
    <UnitTest name="FormatToStringTest1000 (6752.510462437062,6752.51 zł)" storage="c:\projekty\mstestproject\bin\debug\netcoreapp3.1\mstestproject.dll" id="436997fd-e944-478e-80a3-78b08d752dcc">
      <TestCategory>
        <TestCategoryItem TestCategory="Category1000" />
      </TestCategory>
      <Execution id="9bf08d34-285f-4207-833c-f79010c45cb8" />
      <TestMethod codeBase="C:\Projekty\MSTestProject\bin\Debug\netcoreapp3.1\MSTestProject.dll" adapterTypeName="executor://mstestadapter/v2" className="TwojeWesele.Services.Helpers.Tests.CurrencyHelperTests" name="FormatToStringTest1000" />
    </UnitTest>
    <UnitTest name="FormatToStringTest1000 (74851.91547305691,74851.92 zł)" storage="c:\projekty\mstestproject\bin\debug\netcoreapp3.1\mstestproject.dll" id="eb5f4228-3030-43d3-80b7-3034719c6ada">
      <TestCategory>
        <TestCategoryItem TestCategory="Category1000" />
      </TestCategory>
      <Execution id="8fbd2199-a697-4bdf-a861-2e0157760bca" />
      <TestMethod codeBase="C:\Projekty\MSTestProject\bin\Debug\netcoreapp3.1\MSTestProject.dll" adapterTypeName="executor://mstestadapter/v2" className="TwojeWesele.Services.Helpers.Tests.CurrencyHelperTests" name="FormatToStringTest1000" />
    </UnitTest>
    <UnitTest name="FormatToStringTest1000 (47256.065730817645,47256.07 zł)" storage="c:\projekty\mstestproject\bin\debug\netcoreapp3.1\mstestproject.dll" id="8ff44017-605e-40fb-8f46-6ab3b3b446be">
      <TestCategory>
        <TestCategoryItem TestCategory="Category1000" />
      </TestCategory>
      <Execution id="38c89ae3-67fb-46d3-95c8-89022b55f30d" />
      <TestMethod codeBase="C:\Projekty\MSTestProject\bin\Debug\netcoreapp3.1\MSTestProject.dll" adapterTypeName="executor://mstestadapter/v2" className="TwojeWesele.Services.Helpers.Tests.CurrencyHelperTests" name="FormatToStringTest1000" />
    </UnitTest>
    <UnitTest name="FormatToStringTest1000 (6313.543884690639,6313.54 zł)" storage="c:\projekty\mstestproject\bin\debug\netcoreapp3.1\mstestproject.dll" id="3f7f1379-f24e-4431-b83b-e8edc3f4be3c">
      <TestCategory>
        <TestCategoryItem TestCategory="Category1000" />
      </TestCategory>
      <Execution id="d8e203d3-2776-48e3-b8dc-17602f4cee44" />
      <TestMethod codeBase="C:\Projekty\MSTestProject\bin\Debug\netcoreapp3.1\MSTestProject.dll" adapterTypeName="executor://mstestadapter/v2" className="TwojeWesele.Services.Helpers.Tests.CurrencyHelperTests" name="FormatToStringTest1000" />
    </UnitTest>
    <UnitTest name="FormatToStringTest1000 (32218.080508120394,32218.08 zł)" storage="c:\projekty\mstestproject\bin\debug\netcoreapp3.1\mstestproject.dll" id="387da22b-498a-4564-b085-09036765c41f">
      <TestCategory>
        <TestCategoryItem TestCategory="Category1000" />
      </TestCategory>
      <Execution id="eb2a8a58-508f-49a8-9928-9d7892b75257" />
      <TestMethod codeBase="C:\Projekty\MSTestProject\bin\Debug\netcoreapp3.1\MSTestProject.dll" adapterTypeName="executor://mstestadapter/v2" className="TwojeWesele.Services.Helpers.Tests.CurrencyHelperTests" name="FormatToStringTest1000" />
    </UnitTest>
    <UnitTest name="FormatToStringTest1000 (1482.3501845832682,1482.35 zł)" storage="c:\projekty\mstestproject\bin\debug\netcoreapp3.1\mstestproject.dll" id="4f79d0e7-a8de-40ef-9840-69287821d6e8">
      <TestCategory>
        <TestCategoryItem TestCategory="Category1000" />
      </TestCategory>
      <Execution id="0fdec761-5908-4dcc-bce3-2e277f18fc39" />
      <TestMethod codeBase="C:\Projekty\MSTestProject\bin\Debug\netcoreapp3.1\MSTestProject.dll" adapterTypeName="executor://mstestadapter/v2" className="TwojeWesele.Services.Helpers.Tests.CurrencyHelperTests" name="FormatToStringTest1000" />
    </UnitTest>
    <UnitTest name="FormatToStringTest1000 (3431.864349926759,3431.86 zł)" storage="c:\projekty\mstestproject\bin\debug\netcoreapp3.1\mstestproject.dll" id="eea84551-4dfc-4986-8c32-b08bc406b0e7">
      <TestCategory>
        <TestCategoryItem TestCategory="Category1000" />
      </TestCategory>
      <Execution id="e49146f0-456e-4dc0-984b-c9af08dd78ca" />
      <TestMethod codeBase="C:\Projekty\MSTestProject\bin\Debug\netcoreapp3.1\MSTestProject.dll" adapterTypeName="executor://mstestadapter/v2" className="TwojeWesele.Services.Helpers.Tests.CurrencyHelperTests" name="FormatToStringTest1000" />
    </UnitTest>
    <UnitTest name="FormatToStringTest1000 (73301.91270130403,73301.91 zł)" storage="c:\projekty\mstestproject\bin\debug\netcoreapp3.1\mstestproject.dll" id="26d4405a-d4e5-470b-b315-c3b0c7f53e28">
      <TestCategory>
        <TestCategoryItem TestCategory="Category1000" />
      </TestCategory>
      <Execution id="c288f3a2-f7c0-43f2-a8e7-7feeaa49615c" />
      <TestMethod codeBase="C:\Projekty\MSTestProject\bin\Debug\netcoreapp3.1\MSTestProject.dll" adapterTypeName="executor://mstestadapter/v2" className="TwojeWesele.Services.Helpers.Tests.CurrencyHelperTests" name="FormatToStringTest1000" />
    </UnitTest>
    <UnitTest name="FormatToStringTest1000 (2121.0917325211185,2121.09 zł)" storage="c:\projekty\mstestproject\bin\debug\netcoreapp3.1\mstestproject.dll" id="8d6071ef-443c-4fc8-86ec-e2e7acb6a84b">
      <TestCategory>
        <TestCategoryItem TestCategory="Category1000" />
      </TestCategory>
      <Execution id="face8bc0-9aa4-44ce-a8c3-1365a7d8773e" />
      <TestMethod codeBase="C:\Projekty\MSTestProject\bin\Debug\netcoreapp3.1\MSTestProject.dll" adapterTypeName="executor://mstestadapter/v2" className="TwojeWesele.Services.Helpers.Tests.CurrencyHelperTests" name="FormatToStringTest1000" />
    </UnitTest>
    <UnitTest name="FormatToStringTest1000 (9431.144757136304,9431.14 zł)" storage="c:\projekty\mstestproject\bin\debug\netcoreapp3.1\mstestproject.dll" id="9359315d-8b8c-4714-8151-3b4e60f1ae44">
      <TestCategory>
        <TestCategoryItem TestCategory="Category1000" />
      </TestCategory>
      <Execution id="499d0d0a-1b8c-48a9-a7a8-760a18a6feed" />
      <TestMethod codeBase="C:\Projekty\MSTestProject\bin\Debug\netcoreapp3.1\MSTestProject.dll" adapterTypeName="executor://mstestadapter/v2" className="TwojeWesele.Services.Helpers.Tests.CurrencyHelperTests" name="FormatToStringTest1000" />
    </UnitTest>
    <UnitTest name="FormatToStringTest1000 (2937.138486199611,2937.14 zł)" storage="c:\projekty\mstestproject\bin\debug\netcoreapp3.1\mstestproject.dll" id="5a9af581-aa55-407f-88d7-7ef72599213a">
      <TestCategory>
        <TestCategoryItem TestCategory="Category1000" />
      </TestCategory>
      <Execution id="6306b600-ea6f-46f2-99a8-677803dec872" />
      <TestMethod codeBase="C:\Projekty\MSTestProject\bin\Debug\netcoreapp3.1\MSTestProject.dll" adapterTypeName="executor://mstestadapter/v2" className="TwojeWesele.Services.Helpers.Tests.CurrencyHelperTests" name="FormatToStringTest1000" />
    </UnitTest>
    <UnitTest name="FormatToStringTest1000 (50956.25028206606,50956.25 zł)" storage="c:\projekty\mstestproject\bin\debug\netcoreapp3.1\mstestproject.dll" id="6d1dfda9-f3d9-4409-8199-31f11669813c">
      <TestCategory>
        <TestCategoryItem TestCategory="Category1000" />
      </TestCategory>
      <Execution id="a00e3d26-cbe3-42f7-be83-759ed7247475" />
      <TestMethod codeBase="C:\Projekty\MSTestProject\bin\Debug\netcoreapp3.1\MSTestProject.dll" adapterTypeName="executor://mstestadapter/v2" className="TwojeWesele.Services.Helpers.Tests.CurrencyHelperTests" name="FormatToStringTest1000" />
    </UnitTest>
    <UnitTest name="FormatToStringTest1000 (835.1578487740633,835.16 zł)" storage="c:\projekty\mstestproject\bin\debug\netcoreapp3.1\mstestproject.dll" id="a6dce709-3f8d-4f0a-8034-f9b595622d3b">
      <TestCategory>
        <TestCategoryItem TestCategory="Category1000" />
      </TestCategory>
      <Execution id="170077c7-2abe-47f5-a34e-cef2b8367bf2" />
      <TestMethod codeBase="C:\Projekty\MSTestProject\bin\Debug\netcoreapp3.1\MSTestProject.dll" adapterTypeName="executor://mstestadapter/v2" className="TwojeWesele.Services.Helpers.Tests.CurrencyHelperTests" name="FormatToStringTest1000" />
    </UnitTest>
    <UnitTest name="FormatToStringTest1000 (4419.750844657306,4419.75 zł)" storage="c:\projekty\mstestproject\bin\debug\netcoreapp3.1\mstestproject.dll" id="c33b7c00-6a6c-4c25-99dd-cb6db85bca9f">
      <TestCategory>
        <TestCategoryItem TestCategory="Category1000" />
      </TestCategory>
      <Execution id="0c448b21-5ee5-4805-bad5-db6d26c7fcf6" />
      <TestMethod codeBase="C:\Projekty\MSTestProject\bin\Debug\netcoreapp3.1\MSTestProject.dll" adapterTypeName="executor://mstestadapter/v2" className="TwojeWesele.Services.Helpers.Tests.CurrencyHelperTests" name="FormatToStringTest1000" />
    </UnitTest>
    <UnitTest name="FormatToStringTest1000 (17455.15807988595,17455.16 zł)" storage="c:\projekty\mstestproject\bin\debug\netcoreapp3.1\mstestproject.dll" id="d3dc5fc9-e177-4ad5-970c-8ac0fd8ba4e9">
      <TestCategory>
        <TestCategoryItem TestCategory="Category1000" />
      </TestCategory>
      <Execution id="b24e2c0e-8f28-441f-92c2-e57a773cd1e7" />
      <TestMethod codeBase="C:\Projekty\MSTestProject\bin\Debug\netcoreapp3.1\MSTestProject.dll" adapterTypeName="executor://mstestadapter/v2" className="TwojeWesele.Services.Helpers.Tests.CurrencyHelperTests" name="FormatToStringTest1000" />
    </UnitTest>
    <UnitTest name="FormatToStringTest1000 (5548.360986085777,5548.36 zł)" storage="c:\projekty\mstestproject\bin\debug\netcoreapp3.1\mstestproject.dll" id="1044942b-82a3-4f84-b1a8-b758f1944cde">
      <TestCategory>
        <TestCategoryItem TestCategory="Category1000" />
      </TestCategory>
      <Execution id="3ef9cb3d-05c7-479a-9a59-194bf07e33ab" />
      <TestMethod codeBase="C:\Projekty\MSTestProject\bin\Debug\netcoreapp3.1\MSTestProject.dll" adapterTypeName="executor://mstestadapter/v2" className="TwojeWesele.Services.Helpers.Tests.CurrencyHelperTests" name="FormatToStringTest1000" />
    </UnitTest>
    <UnitTest name="FormatToStringTest1000 (9624.06628225188,9624.07 zł)" storage="c:\projekty\mstestproject\bin\debug\netcoreapp3.1\mstestproject.dll" id="c82c76df-2b54-4793-a0fe-3aa83d3636e8">
      <TestCategory>
        <TestCategoryItem TestCategory="Category1000" />
      </TestCategory>
      <Execution id="51878832-b66e-48e5-9d83-2a38f2ea2e3b" />
      <TestMethod codeBase="C:\Projekty\MSTestProject\bin\Debug\netcoreapp3.1\MSTestProject.dll" adapterTypeName="executor://mstestadapter/v2" className="TwojeWesele.Services.Helpers.Tests.CurrencyHelperTests" name="FormatToStringTest1000" />
    </UnitTest>
    <UnitTest name="FormatToStringTest1000 (7975.276658828965,7975.28 zł)" storage="c:\projekty\mstestproject\bin\debug\netcoreapp3.1\mstestproject.dll" id="bbee07ad-253e-4247-8f3c-91a605bfb9b4">
      <TestCategory>
        <TestCategoryItem TestCategory="Category1000" />
      </TestCategory>
      <Execution id="ace53435-a07d-4220-85ed-53fa4150f7c8" />
      <TestMethod codeBase="C:\Projekty\MSTestProject\bin\Debug\netcoreapp3.1\MSTestProject.dll" adapterTypeName="executor://mstestadapter/v2" className="TwojeWesele.Services.Helpers.Tests.CurrencyHelperTests" name="FormatToStringTest1000" />
    </UnitTest>
    <UnitTest name="FormatToStringTest1000 (39641.61351217451,39641.61 zł)" storage="c:\projekty\mstestproject\bin\debug\netcoreapp3.1\mstestproject.dll" id="4683f30a-921b-4526-9294-4b01198b20e8">
      <TestCategory>
        <TestCategoryItem TestCategory="Category1000" />
      </TestCategory>
      <Execution id="3d162681-86e1-4443-8ffd-e699ca32f054" />
      <TestMethod codeBase="C:\Projekty\MSTestProject\bin\Debug\netcoreapp3.1\MSTestProject.dll" adapterTypeName="executor://mstestadapter/v2" className="TwojeWesele.Services.Helpers.Tests.CurrencyHelperTests" name="FormatToStringTest1000" />
    </UnitTest>
    <UnitTest name="FormatToStringTest1000 (13582.47117894258,13582.47 zł)" storage="c:\projekty\mstestproject\bin\debug\netcoreapp3.1\mstestproject.dll" id="58a7d865-0579-4f01-bba6-a2fea4f8d475">
      <TestCategory>
        <TestCategoryItem TestCategory="Category1000" />
      </TestCategory>
      <Execution id="cb0b2a4e-1154-4d77-900a-025ec0c30b3c" />
      <TestMethod codeBase="C:\Projekty\MSTestProject\bin\Debug\netcoreapp3.1\MSTestProject.dll" adapterTypeName="executor://mstestadapter/v2" className="TwojeWesele.Services.Helpers.Tests.CurrencyHelperTests" name="FormatToStringTest1000" />
    </UnitTest>
    <UnitTest name="FormatToStringTest1000 (1228.101744225296,1228.10 zł)" storage="c:\projekty\mstestproject\bin\debug\netcoreapp3.1\mstestproject.dll" id="2f0fc4d3-c6ed-471a-9f40-d7f8f399cd3b">
      <TestCategory>
        <TestCategoryItem TestCategory="Category1000" />
      </TestCategory>
      <Execution id="904d4170-3973-4889-a592-d92fced4a3aa" />
      <TestMethod codeBase="C:\Projekty\MSTestProject\bin\Debug\netcoreapp3.1\MSTestProject.dll" adapterTypeName="executor://mstestadapter/v2" className="TwojeWesele.Services.Helpers.Tests.CurrencyHelperTests" name="FormatToStringTest1000" />
    </UnitTest>
    <UnitTest name="FormatToStringTest1000 (12577.642620996872,12577.64 zł)" storage="c:\projekty\mstestproject\bin\debug\netcoreapp3.1\mstestproject.dll" id="1a8b97a7-ce8b-41fd-89b8-9170003a829c">
      <TestCategory>
        <TestCategoryItem TestCategory="Category1000" />
      </TestCategory>
      <Execution id="4601b223-de41-43e6-b521-efed4ea8be2a" />
      <TestMethod codeBase="C:\Projekty\MSTestProject\bin\Debug\netcoreapp3.1\MSTestProject.dll" adapterTypeName="executor://mstestadapter/v2" className="TwojeWesele.Services.Helpers.Tests.CurrencyHelperTests" name="FormatToStringTest1000" />
    </UnitTest>
    <UnitTest name="FormatToStringTest1000 (23282.56178903047,23282.56 zł)" storage="c:\projekty\mstestproject\bin\debug\netcoreapp3.1\mstestproject.dll" id="eaf6ba4f-8f3f-4c7c-b76e-aa2fde504fe0">
      <TestCategory>
        <TestCategoryItem TestCategory="Category1000" />
      </TestCategory>
      <Execution id="26df76a2-e755-4ec8-aadd-4dbd56ecde79" />
      <TestMethod codeBase="C:\Projekty\MSTestProject\bin\Debug\netcoreapp3.1\MSTestProject.dll" adapterTypeName="executor://mstestadapter/v2" className="TwojeWesele.Services.Helpers.Tests.CurrencyHelperTests" name="FormatToStringTest1000" />
    </UnitTest>
    <UnitTest name="FormatToStringTest1000 (3521.3657738167635,3521.37 zł)" storage="c:\projekty\mstestproject\bin\debug\netcoreapp3.1\mstestproject.dll" id="050d7206-a5bc-491f-b11e-7fe344be98b4">
      <TestCategory>
        <TestCategoryItem TestCategory="Category1000" />
      </TestCategory>
      <Execution id="cc1340a5-eb25-406e-8880-87e81f789db1" />
      <TestMethod codeBase="C:\Projekty\MSTestProject\bin\Debug\netcoreapp3.1\MSTestProject.dll" adapterTypeName="executor://mstestadapter/v2" className="TwojeWesele.Services.Helpers.Tests.CurrencyHelperTests" name="FormatToStringTest1000" />
    </UnitTest>
    <UnitTest name="FormatToStringTest1000 (31300.40752580967,31300.41 zł)" storage="c:\projekty\mstestproject\bin\debug\netcoreapp3.1\mstestproject.dll" id="c190e119-5c90-4032-bc44-1f7338a7aeee">
      <TestCategory>
        <TestCategoryItem TestCategory="Category1000" />
      </TestCategory>
      <Execution id="f183c644-72c5-4b40-8a48-128ff72ae86d" />
      <TestMethod codeBase="C:\Projekty\MSTestProject\bin\Debug\netcoreapp3.1\MSTestProject.dll" adapterTypeName="executor://mstestadapter/v2" className="TwojeWesele.Services.Helpers.Tests.CurrencyHelperTests" name="FormatToStringTest1000" />
    </UnitTest>
    <UnitTest name="FormatToStringTest1000 (73504.44700518598,73504.45 zł)" storage="c:\projekty\mstestproject\bin\debug\netcoreapp3.1\mstestproject.dll" id="7ef161cb-1ec3-4969-91d2-d22a74f7480c">
      <TestCategory>
        <TestCategoryItem TestCategory="Category1000" />
      </TestCategory>
      <Execution id="4af3b908-a87e-459f-98af-a32ca5463227" />
      <TestMethod codeBase="C:\Projekty\MSTestProject\bin\Debug\netcoreapp3.1\MSTestProject.dll" adapterTypeName="executor://mstestadapter/v2" className="TwojeWesele.Services.Helpers.Tests.CurrencyHelperTests" name="FormatToStringTest1000" />
    </UnitTest>
    <UnitTest name="FormatToStringTest1000 (803.2448148733214,803.24 zł)" storage="c:\projekty\mstestproject\bin\debug\netcoreapp3.1\mstestproject.dll" id="5377f8e2-3375-4039-99a8-7b2696a5c15d">
      <TestCategory>
        <TestCategoryItem TestCategory="Category1000" />
      </TestCategory>
      <Execution id="dd5e12fd-095c-4418-bca9-314796111178" />
      <TestMethod codeBase="C:\Projekty\MSTestProject\bin\Debug\netcoreapp3.1\MSTestProject.dll" adapterTypeName="executor://mstestadapter/v2" className="TwojeWesele.Services.Helpers.Tests.CurrencyHelperTests" name="FormatToStringTest1000" />
    </UnitTest>
    <UnitTest name="FormatToStringTest1000 (49037.8109120586,49037.81 zł)" storage="c:\projekty\mstestproject\bin\debug\netcoreapp3.1\mstestproject.dll" id="cc51deb9-b566-4d24-aa83-079d2a7900b6">
      <TestCategory>
        <TestCategoryItem TestCategory="Category1000" />
      </TestCategory>
      <Execution id="caaa9798-510c-43e3-b396-a103ff354668" />
      <TestMethod codeBase="C:\Projekty\MSTestProject\bin\Debug\netcoreapp3.1\MSTestProject.dll" adapterTypeName="executor://mstestadapter/v2" className="TwojeWesele.Services.Helpers.Tests.CurrencyHelperTests" name="FormatToStringTest1000" />
    </UnitTest>
    <UnitTest name="FormatToStringTest1000 (72659.37876478041,72659.38 zł)" storage="c:\projekty\mstestproject\bin\debug\netcoreapp3.1\mstestproject.dll" id="1aa1e835-37fb-4a7c-a2aa-c29f2278f4a6">
      <TestCategory>
        <TestCategoryItem TestCategory="Category1000" />
      </TestCategory>
      <Execution id="2f7330c2-ae15-470d-9024-17f2c9dce1ec" />
      <TestMethod codeBase="C:\Projekty\MSTestProject\bin\Debug\netcoreapp3.1\MSTestProject.dll" adapterTypeName="executor://mstestadapter/v2" className="TwojeWesele.Services.Helpers.Tests.CurrencyHelperTests" name="FormatToStringTest1000" />
    </UnitTest>
    <UnitTest name="FormatToStringTest1000 (15520.346099893259,15520.35 zł)" storage="c:\projekty\mstestproject\bin\debug\netcoreapp3.1\mstestproject.dll" id="4694e3ed-3af4-4945-b2c0-539b2a78ea52">
      <TestCategory>
        <TestCategoryItem TestCategory="Category1000" />
      </TestCategory>
      <Execution id="0c394933-a305-425d-a5e3-654394563be6" />
      <TestMethod codeBase="C:\Projekty\MSTestProject\bin\Debug\netcoreapp3.1\MSTestProject.dll" adapterTypeName="executor://mstestadapter/v2" className="TwojeWesele.Services.Helpers.Tests.CurrencyHelperTests" name="FormatToStringTest1000" />
    </UnitTest>
    <UnitTest name="FormatToStringTest1000 (75214.75000876503,75214.75 zł)" storage="c:\projekty\mstestproject\bin\debug\netcoreapp3.1\mstestproject.dll" id="0045bf9c-868c-4ea3-be4a-3d0eee7f842c">
      <TestCategory>
        <TestCategoryItem TestCategory="Category1000" />
      </TestCategory>
      <Execution id="aed7ea70-2c58-4273-abf2-6b6b2158be79" />
      <TestMethod codeBase="C:\Projekty\MSTestProject\bin\Debug\netcoreapp3.1\MSTestProject.dll" adapterTypeName="executor://mstestadapter/v2" className="TwojeWesele.Services.Helpers.Tests.CurrencyHelperTests" name="FormatToStringTest1000" />
    </UnitTest>
    <UnitTest name="FormatToStringTest1000 (17252.06220983903,17252.06 zł)" storage="c:\projekty\mstestproject\bin\debug\netcoreapp3.1\mstestproject.dll" id="409a86fd-e078-42c9-8af3-ba71d1c61b40">
      <TestCategory>
        <TestCategoryItem TestCategory="Category1000" />
      </TestCategory>
      <Execution id="6f9a3ad0-3c90-49c2-8b0b-db61fecc12d5" />
      <TestMethod codeBase="C:\Projekty\MSTestProject\bin\Debug\netcoreapp3.1\MSTestProject.dll" adapterTypeName="executor://mstestadapter/v2" className="TwojeWesele.Services.Helpers.Tests.CurrencyHelperTests" name="FormatToStringTest1000" />
    </UnitTest>
    <UnitTest name="FormatToStringTest1000 (32632.105531036905,32632.11 zł)" storage="c:\projekty\mstestproject\bin\debug\netcoreapp3.1\mstestproject.dll" id="7e1c5633-511d-4946-9c94-aadc124d2b79">
      <TestCategory>
        <TestCategoryItem TestCategory="Category1000" />
      </TestCategory>
      <Execution id="d9d98c61-1036-4425-9e84-dfa0f0874c3a" />
      <TestMethod codeBase="C:\Projekty\MSTestProject\bin\Debug\netcoreapp3.1\MSTestProject.dll" adapterTypeName="executor://mstestadapter/v2" className="TwojeWesele.Services.Helpers.Tests.CurrencyHelperTests" name="FormatToStringTest1000" />
    </UnitTest>
    <UnitTest name="FormatToStringTest1000 (54304.07738935393,54304.08 zł)" storage="c:\projekty\mstestproject\bin\debug\netcoreapp3.1\mstestproject.dll" id="58099ee3-6870-42a6-b70d-778ebf4b97d9">
      <TestCategory>
        <TestCategoryItem TestCategory="Category1000" />
      </TestCategory>
      <Execution id="ef1f06d7-554c-41b1-8de1-636ac9fddc6a" />
      <TestMethod codeBase="C:\Projekty\MSTestProject\bin\Debug\netcoreapp3.1\MSTestProject.dll" adapterTypeName="executor://mstestadapter/v2" className="TwojeWesele.Services.Helpers.Tests.CurrencyHelperTests" name="FormatToStringTest1000" />
    </UnitTest>
    <UnitTest name="FormatToStringTest1000 (9818.257405763146,9818.26 zł)" storage="c:\projekty\mstestproject\bin\debug\netcoreapp3.1\mstestproject.dll" id="a0919a17-c6fa-486f-be03-472943c95ffa">
      <TestCategory>
        <TestCategoryItem TestCategory="Category1000" />
      </TestCategory>
      <Execution id="4e549424-d66b-4e4b-bef9-f10b747e5c31" />
      <TestMethod codeBase="C:\Projekty\MSTestProject\bin\Debug\netcoreapp3.1\MSTestProject.dll" adapterTypeName="executor://mstestadapter/v2" className="TwojeWesele.Services.Helpers.Tests.CurrencyHelperTests" name="FormatToStringTest1000" />
    </UnitTest>
    <UnitTest name="FormatToStringTest1000 (6262.373413993219,6262.37 zł)" storage="c:\projekty\mstestproject\bin\debug\netcoreapp3.1\mstestproject.dll" id="eb970e83-2948-415b-acc0-3887b90977f2">
      <TestCategory>
        <TestCategoryItem TestCategory="Category1000" />
      </TestCategory>
      <Execution id="97d33618-6131-470b-b86c-979051e4c079" />
      <TestMethod codeBase="C:\Projekty\MSTestProject\bin\Debug\netcoreapp3.1\MSTestProject.dll" adapterTypeName="executor://mstestadapter/v2" className="TwojeWesele.Services.Helpers.Tests.CurrencyHelperTests" name="FormatToStringTest1000" />
    </UnitTest>
    <UnitTest name="FormatToStringTest1000 (468.83385119346616,468.83 zł)" storage="c:\projekty\mstestproject\bin\debug\netcoreapp3.1\mstestproject.dll" id="dea493f2-4202-4a63-9aeb-bcdba34cf40f">
      <TestCategory>
        <TestCategoryItem TestCategory="Category1000" />
      </TestCategory>
      <Execution id="98dda894-c0ce-4dd0-8b3f-23970faa26d9" />
      <TestMethod codeBase="C:\Projekty\MSTestProject\bin\Debug\netcoreapp3.1\MSTestProject.dll" adapterTypeName="executor://mstestadapter/v2" className="TwojeWesele.Services.Helpers.Tests.CurrencyHelperTests" name="FormatToStringTest1000" />
    </UnitTest>
    <UnitTest name="FormatToStringTest1000 (26207.03715363659,26207.04 zł)" storage="c:\projekty\mstestproject\bin\debug\netcoreapp3.1\mstestproject.dll" id="530a3489-0d24-4bc9-8619-610bf7c6ba4f">
      <TestCategory>
        <TestCategoryItem TestCategory="Category1000" />
      </TestCategory>
      <Execution id="36a21c39-773c-4b7d-b02a-a09ae7333068" />
      <TestMethod codeBase="C:\Projekty\MSTestProject\bin\Debug\netcoreapp3.1\MSTestProject.dll" adapterTypeName="executor://mstestadapter/v2" className="TwojeWesele.Services.Helpers.Tests.CurrencyHelperTests" name="FormatToStringTest1000" />
    </UnitTest>
    <UnitTest name="FormatToStringTest1000 (15600.245951180927,15600.25 zł)" storage="c:\projekty\mstestproject\bin\debug\netcoreapp3.1\mstestproject.dll" id="a7113253-130e-4d78-ba06-ad4829685c0a">
      <TestCategory>
        <TestCategoryItem TestCategory="Category1000" />
      </TestCategory>
      <Execution id="d6e370c2-ade6-4a5c-9c45-5f817926184b" />
      <TestMethod codeBase="C:\Projekty\MSTestProject\bin\Debug\netcoreapp3.1\MSTestProject.dll" adapterTypeName="executor://mstestadapter/v2" className="TwojeWesele.Services.Helpers.Tests.CurrencyHelperTests" name="FormatToStringTest1000" />
    </UnitTest>
    <UnitTest name="FormatToStringTest1000 (36760.171806480816,36760.17 zł)" storage="c:\projekty\mstestproject\bin\debug\netcoreapp3.1\mstestproject.dll" id="6b140bea-a435-4cf0-975a-263698f01b51">
      <TestCategory>
        <TestCategoryItem TestCategory="Category1000" />
      </TestCategory>
      <Execution id="43985472-f40a-4795-b883-a3c6557e078f" />
      <TestMethod codeBase="C:\Projekty\MSTestProject\bin\Debug\netcoreapp3.1\MSTestProject.dll" adapterTypeName="executor://mstestadapter/v2" className="TwojeWesele.Services.Helpers.Tests.CurrencyHelperTests" name="FormatToStringTest1000" />
    </UnitTest>
    <UnitTest name="FormatToStringTest1000 (46590.9609819562,46590.96 zł)" storage="c:\projekty\mstestproject\bin\debug\netcoreapp3.1\mstestproject.dll" id="fcbb0093-6644-4c76-ac5c-bcb72fdce38b">
      <TestCategory>
        <TestCategoryItem TestCategory="Category1000" />
      </TestCategory>
      <Execution id="c1ada2bd-d625-4be6-a0b4-4b76ff1af129" />
      <TestMethod codeBase="C:\Projekty\MSTestProject\bin\Debug\netcoreapp3.1\MSTestProject.dll" adapterTypeName="executor://mstestadapter/v2" className="TwojeWesele.Services.Helpers.Tests.CurrencyHelperTests" name="FormatToStringTest1000" />
    </UnitTest>
    <UnitTest name="FormatToStringTest1000 (17835.54606576988,17835.55 zł)" storage="c:\projekty\mstestproject\bin\debug\netcoreapp3.1\mstestproject.dll" id="cfbe4f9a-8c2f-496d-a4d8-869818d0dc29">
      <TestCategory>
        <TestCategoryItem TestCategory="Category1000" />
      </TestCategory>
      <Execution id="c5e8bd13-f8f3-46e4-860f-bcbcce281de3" />
      <TestMethod codeBase="C:\Projekty\MSTestProject\bin\Debug\netcoreapp3.1\MSTestProject.dll" adapterTypeName="executor://mstestadapter/v2" className="TwojeWesele.Services.Helpers.Tests.CurrencyHelperTests" name="FormatToStringTest1000" />
    </UnitTest>
    <UnitTest name="FormatToStringTest1000 (28306.369434126827,28306.37 zł)" storage="c:\projekty\mstestproject\bin\debug\netcoreapp3.1\mstestproject.dll" id="246e56b1-0aaf-422a-a6ad-38824abd80e1">
      <TestCategory>
        <TestCategoryItem TestCategory="Category1000" />
      </TestCategory>
      <Execution id="6714f3e0-f235-49e9-878a-65703de07661" />
      <TestMethod codeBase="C:\Projekty\MSTestProject\bin\Debug\netcoreapp3.1\MSTestProject.dll" adapterTypeName="executor://mstestadapter/v2" className="TwojeWesele.Services.Helpers.Tests.CurrencyHelperTests" name="FormatToStringTest1000" />
    </UnitTest>
    <UnitTest name="FormatToStringTest1000 (22799.991836491965,22799.99 zł)" storage="c:\projekty\mstestproject\bin\debug\netcoreapp3.1\mstestproject.dll" id="bc3e0e1a-372c-4f3f-80c1-f979b77497d5">
      <TestCategory>
        <TestCategoryItem TestCategory="Category1000" />
      </TestCategory>
      <Execution id="71d54384-2b80-4498-b404-e03dcd93aa60" />
      <TestMethod codeBase="C:\Projekty\MSTestProject\bin\Debug\netcoreapp3.1\MSTestProject.dll" adapterTypeName="executor://mstestadapter/v2" className="TwojeWesele.Services.Helpers.Tests.CurrencyHelperTests" name="FormatToStringTest1000" />
    </UnitTest>
    <UnitTest name="FormatToStringTest1000 (8599.45217413616,8599.45 zł)" storage="c:\projekty\mstestproject\bin\debug\netcoreapp3.1\mstestproject.dll" id="475fe54a-af8b-4a8d-8b88-4c17e0418fe4">
      <TestCategory>
        <TestCategoryItem TestCategory="Category1000" />
      </TestCategory>
      <Execution id="c3280142-942d-49d2-9549-511dd999f541" />
      <TestMethod codeBase="C:\Projekty\MSTestProject\bin\Debug\netcoreapp3.1\MSTestProject.dll" adapterTypeName="executor://mstestadapter/v2" className="TwojeWesele.Services.Helpers.Tests.CurrencyHelperTests" name="FormatToStringTest1000" />
    </UnitTest>
    <UnitTest name="FormatToStringTest1000 (675.4589376107133,675.46 zł)" storage="c:\projekty\mstestproject\bin\debug\netcoreapp3.1\mstestproject.dll" id="0186e680-a300-42db-9551-433a3a2e147f">
      <TestCategory>
        <TestCategoryItem TestCategory="Category1000" />
      </TestCategory>
      <Execution id="ed3e16f2-ed65-4454-823d-067287d59319" />
      <TestMethod codeBase="C:\Projekty\MSTestProject\bin\Debug\netcoreapp3.1\MSTestProject.dll" adapterTypeName="executor://mstestadapter/v2" className="TwojeWesele.Services.Helpers.Tests.CurrencyHelperTests" name="FormatToStringTest1000" />
    </UnitTest>
    <UnitTest name="FormatToStringTest1000 (56802.303118930344,56802.30 zł)" storage="c:\projekty\mstestproject\bin\debug\netcoreapp3.1\mstestproject.dll" id="13732046-f8b5-4ed9-a805-114fe8c4e84e">
      <TestCategory>
        <TestCategoryItem TestCategory="Category1000" />
      </TestCategory>
      <Execution id="dea16eb0-3097-4c6a-b40c-6b6c29638e27" />
      <TestMethod codeBase="C:\Projekty\MSTestProject\bin\Debug\netcoreapp3.1\MSTestProject.dll" adapterTypeName="executor://mstestadapter/v2" className="TwojeWesele.Services.Helpers.Tests.CurrencyHelperTests" name="FormatToStringTest1000" />
    </UnitTest>
    <UnitTest name="FormatToStringTest1000 (11157.981051815665,11157.98 zł)" storage="c:\projekty\mstestproject\bin\debug\netcoreapp3.1\mstestproject.dll" id="4d97f435-c525-4207-afb2-d03cb4c61d07">
      <TestCategory>
        <TestCategoryItem TestCategory="Category1000" />
      </TestCategory>
      <Execution id="e4beebbc-f08d-4025-8989-9aba1f051858" />
      <TestMethod codeBase="C:\Projekty\MSTestProject\bin\Debug\netcoreapp3.1\MSTestProject.dll" adapterTypeName="executor://mstestadapter/v2" className="TwojeWesele.Services.Helpers.Tests.CurrencyHelperTests" name="FormatToStringTest1000" />
    </UnitTest>
    <UnitTest name="FormatToStringTest1000 (11.555284778846096,11.56 zł)" storage="c:\projekty\mstestproject\bin\debug\netcoreapp3.1\mstestproject.dll" id="8ac2b8ea-fdf2-49e3-b9d7-3161b9a4b7c7">
      <TestCategory>
        <TestCategoryItem TestCategory="Category1000" />
      </TestCategory>
      <Execution id="7c9b0a9b-b38b-44e9-9bbb-33783e20389c" />
      <TestMethod codeBase="C:\Projekty\MSTestProject\bin\Debug\netcoreapp3.1\MSTestProject.dll" adapterTypeName="executor://mstestadapter/v2" className="TwojeWesele.Services.Helpers.Tests.CurrencyHelperTests" name="FormatToStringTest1000" />
    </UnitTest>
    <UnitTest name="FormatToStringTest1000 (52032.65082931176,52032.65 zł)" storage="c:\projekty\mstestproject\bin\debug\netcoreapp3.1\mstestproject.dll" id="3a3421b1-0e35-4f98-91b7-9cfdd9924069">
      <TestCategory>
        <TestCategoryItem TestCategory="Category1000" />
      </TestCategory>
      <Execution id="a2e65eb0-4f0b-4d58-91f1-9798a6500053" />
      <TestMethod codeBase="C:\Projekty\MSTestProject\bin\Debug\netcoreapp3.1\MSTestProject.dll" adapterTypeName="executor://mstestadapter/v2" className="TwojeWesele.Services.Helpers.Tests.CurrencyHelperTests" name="FormatToStringTest1000" />
    </UnitTest>
    <UnitTest name="FormatToStringTest1000 (57181.240528605056,57181.24 zł)" storage="c:\projekty\mstestproject\bin\debug\netcoreapp3.1\mstestproject.dll" id="bd717542-9a55-4ecf-841b-490be99366df">
      <TestCategory>
        <TestCategoryItem TestCategory="Category1000" />
      </TestCategory>
      <Execution id="7cfb2bfc-4b9b-41aa-a288-ba4850acc48a" />
      <TestMethod codeBase="C:\Projekty\MSTestProject\bin\Debug\netcoreapp3.1\MSTestProject.dll" adapterTypeName="executor://mstestadapter/v2" className="TwojeWesele.Services.Helpers.Tests.CurrencyHelperTests" name="FormatToStringTest1000" />
    </UnitTest>
    <UnitTest name="FormatToStringTest1000 (4252.4012513842445,4252.40 zł)" storage="c:\projekty\mstestproject\bin\debug\netcoreapp3.1\mstestproject.dll" id="dfa4c636-58e1-42cb-9111-cca90d0d6391">
      <TestCategory>
        <TestCategoryItem TestCategory="Category1000" />
      </TestCategory>
      <Execution id="91a76f63-f321-46b5-ad86-c357849d3153" />
      <TestMethod codeBase="C:\Projekty\MSTestProject\bin\Debug\netcoreapp3.1\MSTestProject.dll" adapterTypeName="executor://mstestadapter/v2" className="TwojeWesele.Services.Helpers.Tests.CurrencyHelperTests" name="FormatToStringTest1000" />
    </UnitTest>
    <UnitTest name="FormatToStringTest1000 (5140.16338917155,5140.16 zł)" storage="c:\projekty\mstestproject\bin\debug\netcoreapp3.1\mstestproject.dll" id="93df72b2-efeb-407f-b14e-f56ca8dd2e51">
      <TestCategory>
        <TestCategoryItem TestCategory="Category1000" />
      </TestCategory>
      <Execution id="2279b12c-ba58-4b0d-83c3-243048bd70ae" />
      <TestMethod codeBase="C:\Projekty\MSTestProject\bin\Debug\netcoreapp3.1\MSTestProject.dll" adapterTypeName="executor://mstestadapter/v2" className="TwojeWesele.Services.Helpers.Tests.CurrencyHelperTests" name="FormatToStringTest1000" />
    </UnitTest>
    <UnitTest name="FormatToStringTest1000 (23612.114499758984,23612.11 zł)" storage="c:\projekty\mstestproject\bin\debug\netcoreapp3.1\mstestproject.dll" id="e15ff8bc-9fdd-4f0b-9e99-1016cdf73bdd">
      <TestCategory>
        <TestCategoryItem TestCategory="Category1000" />
      </TestCategory>
      <Execution id="a487e5b5-a145-4a8d-a5bd-0d10a8696a97" />
      <TestMethod codeBase="C:\Projekty\MSTestProject\bin\Debug\netcoreapp3.1\MSTestProject.dll" adapterTypeName="executor://mstestadapter/v2" className="TwojeWesele.Services.Helpers.Tests.CurrencyHelperTests" name="FormatToStringTest1000" />
    </UnitTest>
    <UnitTest name="FormatToStringTest1000 (238.1379397484185,238.14 zł)" storage="c:\projekty\mstestproject\bin\debug\netcoreapp3.1\mstestproject.dll" id="baad9afb-72de-4cb4-acf6-a17f4300431f">
      <TestCategory>
        <TestCategoryItem TestCategory="Category1000" />
      </TestCategory>
      <Execution id="069f1679-e5e7-421c-81ca-e105fa7706c7" />
      <TestMethod codeBase="C:\Projekty\MSTestProject\bin\Debug\netcoreapp3.1\MSTestProject.dll" adapterTypeName="executor://mstestadapter/v2" className="TwojeWesele.Services.Helpers.Tests.CurrencyHelperTests" name="FormatToStringTest1000" />
    </UnitTest>
    <UnitTest name="FormatToStringTest1000 (65204.90483536055,65204.90 zł)" storage="c:\projekty\mstestproject\bin\debug\netcoreapp3.1\mstestproject.dll" id="d169f56a-785f-4d6b-a947-882b46f17c32">
      <TestCategory>
        <TestCategoryItem TestCategory="Category1000" />
      </TestCategory>
      <Execution id="d03b4f54-e2c6-4797-b532-ebe4e9730fc8" />
      <TestMethod codeBase="C:\Projekty\MSTestProject\bin\Debug\netcoreapp3.1\MSTestProject.dll" adapterTypeName="executor://mstestadapter/v2" className="TwojeWesele.Services.Helpers.Tests.CurrencyHelperTests" name="FormatToStringTest1000" />
    </UnitTest>
    <UnitTest name="FormatToStringTest1000 (15411.371650797022,15411.37 zł)" storage="c:\projekty\mstestproject\bin\debug\netcoreapp3.1\mstestproject.dll" id="8c2a347e-73c3-408a-a74f-8b4d21348445">
      <TestCategory>
        <TestCategoryItem TestCategory="Category1000" />
      </TestCategory>
      <Execution id="4faa3090-7e35-437a-9e91-06ab4a3e0d82" />
      <TestMethod codeBase="C:\Projekty\MSTestProject\bin\Debug\netcoreapp3.1\MSTestProject.dll" adapterTypeName="executor://mstestadapter/v2" className="TwojeWesele.Services.Helpers.Tests.CurrencyHelperTests" name="FormatToStringTest1000" />
    </UnitTest>
    <UnitTest name="FormatToStringTest1000 (22666.13578912995,22666.14 zł)" storage="c:\projekty\mstestproject\bin\debug\netcoreapp3.1\mstestproject.dll" id="627fe96c-a39d-4adc-bd07-831565130d04">
      <TestCategory>
        <TestCategoryItem TestCategory="Category1000" />
      </TestCategory>
      <Execution id="12af05ce-8655-4e3e-a774-f452432182a8" />
      <TestMethod codeBase="C:\Projekty\MSTestProject\bin\Debug\netcoreapp3.1\MSTestProject.dll" adapterTypeName="executor://mstestadapter/v2" className="TwojeWesele.Services.Helpers.Tests.CurrencyHelperTests" name="FormatToStringTest1000" />
    </UnitTest>
    <UnitTest name="FormatToStringTest1000 (7377.5644264340235,7377.56 zł)" storage="c:\projekty\mstestproject\bin\debug\netcoreapp3.1\mstestproject.dll" id="94cfdf26-51eb-4f72-a5b3-7698f08fa80d">
      <TestCategory>
        <TestCategoryItem TestCategory="Category1000" />
      </TestCategory>
      <Execution id="86c623b3-cb30-4ec7-9aac-b94a7b493e67" />
      <TestMethod codeBase="C:\Projekty\MSTestProject\bin\Debug\netcoreapp3.1\MSTestProject.dll" adapterTypeName="executor://mstestadapter/v2" className="TwojeWesele.Services.Helpers.Tests.CurrencyHelperTests" name="FormatToStringTest1000" />
    </UnitTest>
    <UnitTest name="FormatToStringTest1000 (1745.490603896552,1745.49 zł)" storage="c:\projekty\mstestproject\bin\debug\netcoreapp3.1\mstestproject.dll" id="56c7e7b0-8ab6-44cf-a789-3771d00ae14a">
      <TestCategory>
        <TestCategoryItem TestCategory="Category1000" />
      </TestCategory>
      <Execution id="02d5037d-6737-4998-85ab-f5b0a2eedd93" />
      <TestMethod codeBase="C:\Projekty\MSTestProject\bin\Debug\netcoreapp3.1\MSTestProject.dll" adapterTypeName="executor://mstestadapter/v2" className="TwojeWesele.Services.Helpers.Tests.CurrencyHelperTests" name="FormatToStringTest1000" />
    </UnitTest>
    <UnitTest name="FormatToStringTest1000 (9628.688698104437,9628.69 zł)" storage="c:\projekty\mstestproject\bin\debug\netcoreapp3.1\mstestproject.dll" id="61a41d52-cf86-404b-bc04-3201ad361014">
      <TestCategory>
        <TestCategoryItem TestCategory="Category1000" />
      </TestCategory>
      <Execution id="af44d8d2-bfe4-47ff-9b9b-8062169bee32" />
      <TestMethod codeBase="C:\Projekty\MSTestProject\bin\Debug\netcoreapp3.1\MSTestProject.dll" adapterTypeName="executor://mstestadapter/v2" className="TwojeWesele.Services.Helpers.Tests.CurrencyHelperTests" name="FormatToStringTest1000" />
    </UnitTest>
    <UnitTest name="FormatToStringTest1000 (56378.261944644735,56378.26 zł)" storage="c:\projekty\mstestproject\bin\debug\netcoreapp3.1\mstestproject.dll" id="9ce7d188-0c27-41e6-b9c9-f4d54ce2912f">
      <TestCategory>
        <TestCategoryItem TestCategory="Category1000" />
      </TestCategory>
      <Execution id="57660429-b5d7-4236-8c9f-1b89253a454d" />
      <TestMethod codeBase="C:\Projekty\MSTestProject\bin\Debug\netcoreapp3.1\MSTestProject.dll" adapterTypeName="executor://mstestadapter/v2" className="TwojeWesele.Services.Helpers.Tests.CurrencyHelperTests" name="FormatToStringTest1000" />
    </UnitTest>
    <UnitTest name="FormatToStringTest1000 (6220.182014914314,6220.18 zł)" storage="c:\projekty\mstestproject\bin\debug\netcoreapp3.1\mstestproject.dll" id="62b6f267-b166-413c-90db-343b01de9e44">
      <TestCategory>
        <TestCategoryItem TestCategory="Category1000" />
      </TestCategory>
      <Execution id="cc027e3e-3f4a-4af0-9a41-b60677982626" />
      <TestMethod codeBase="C:\Projekty\MSTestProject\bin\Debug\netcoreapp3.1\MSTestProject.dll" adapterTypeName="executor://mstestadapter/v2" className="TwojeWesele.Services.Helpers.Tests.CurrencyHelperTests" name="FormatToStringTest1000" />
    </UnitTest>
    <UnitTest name="FormatToStringTest1000 (76536.95853396178,76536.96 zł)" storage="c:\projekty\mstestproject\bin\debug\netcoreapp3.1\mstestproject.dll" id="0b39e15f-d595-4105-bd6a-a8804088a125">
      <TestCategory>
        <TestCategoryItem TestCategory="Category1000" />
      </TestCategory>
      <Execution id="6d7dee13-a9e5-4f08-9a04-51a510951d1e" />
      <TestMethod codeBase="C:\Projekty\MSTestProject\bin\Debug\netcoreapp3.1\MSTestProject.dll" adapterTypeName="executor://mstestadapter/v2" className="TwojeWesele.Services.Helpers.Tests.CurrencyHelperTests" name="FormatToStringTest1000" />
    </UnitTest>
    <UnitTest name="FormatToStringTest1000 (759.247198292635,759.25 zł)" storage="c:\projekty\mstestproject\bin\debug\netcoreapp3.1\mstestproject.dll" id="788b8f21-a4b6-46bd-8b88-0dacab6a5ca7">
      <TestCategory>
        <TestCategoryItem TestCategory="Category1000" />
      </TestCategory>
      <Execution id="16ecbd33-fccb-4e8c-9a84-90c4a79ab9ed" />
      <TestMethod codeBase="C:\Projekty\MSTestProject\bin\Debug\netcoreapp3.1\MSTestProject.dll" adapterTypeName="executor://mstestadapter/v2" className="TwojeWesele.Services.Helpers.Tests.CurrencyHelperTests" name="FormatToStringTest1000" />
    </UnitTest>
    <UnitTest name="FormatToStringTest1000 (36651.05802063414,36651.06 zł)" storage="c:\projekty\mstestproject\bin\debug\netcoreapp3.1\mstestproject.dll" id="cd6ebfc5-e246-45ea-b31b-bd466968a4a8">
      <TestCategory>
        <TestCategoryItem TestCategory="Category1000" />
      </TestCategory>
      <Execution id="cee0add1-61cf-4b88-8e2b-566a647f97fe" />
      <TestMethod codeBase="C:\Projekty\MSTestProject\bin\Debug\netcoreapp3.1\MSTestProject.dll" adapterTypeName="executor://mstestadapter/v2" className="TwojeWesele.Services.Helpers.Tests.CurrencyHelperTests" name="FormatToStringTest1000" />
    </UnitTest>
    <UnitTest name="FormatToStringTest1000 (31340.79231238914,31340.79 zł)" storage="c:\projekty\mstestproject\bin\debug\netcoreapp3.1\mstestproject.dll" id="d8cb952c-f5bd-4e25-8e24-bb723c211022">
      <TestCategory>
        <TestCategoryItem TestCategory="Category1000" />
      </TestCategory>
      <Execution id="2bebef84-cba0-4203-b4d3-d2ddab7cdadd" />
      <TestMethod codeBase="C:\Projekty\MSTestProject\bin\Debug\netcoreapp3.1\MSTestProject.dll" adapterTypeName="executor://mstestadapter/v2" className="TwojeWesele.Services.Helpers.Tests.CurrencyHelperTests" name="FormatToStringTest1000" />
    </UnitTest>
    <UnitTest name="FormatToStringTest1000 (21221.884746198488,21221.88 zł)" storage="c:\projekty\mstestproject\bin\debug\netcoreapp3.1\mstestproject.dll" id="345aafa3-1141-4041-a804-c600ec774347">
      <TestCategory>
        <TestCategoryItem TestCategory="Category1000" />
      </TestCategory>
      <Execution id="9b0a64ea-840f-4b86-a96e-1a3dac109728" />
      <TestMethod codeBase="C:\Projekty\MSTestProject\bin\Debug\netcoreapp3.1\MSTestProject.dll" adapterTypeName="executor://mstestadapter/v2" className="TwojeWesele.Services.Helpers.Tests.CurrencyHelperTests" name="FormatToStringTest1000" />
    </UnitTest>
    <UnitTest name="FormatToStringTest1000 (181.3640542483721,181.36 zł)" storage="c:\projekty\mstestproject\bin\debug\netcoreapp3.1\mstestproject.dll" id="afe30a18-0c5e-4c24-b6e1-f3dd7224c77d">
      <TestCategory>
        <TestCategoryItem TestCategory="Category1000" />
      </TestCategory>
      <Execution id="eaa12ac5-684b-4e56-8095-de70d7c230ae" />
      <TestMethod codeBase="C:\Projekty\MSTestProject\bin\Debug\netcoreapp3.1\MSTestProject.dll" adapterTypeName="executor://mstestadapter/v2" className="TwojeWesele.Services.Helpers.Tests.CurrencyHelperTests" name="FormatToStringTest1000" />
    </UnitTest>
    <UnitTest name="FormatToStringTest1000 (26162.532683261918,26162.53 zł)" storage="c:\projekty\mstestproject\bin\debug\netcoreapp3.1\mstestproject.dll" id="4dca2b26-0dab-47bc-a7b6-ca5fbb83939a">
      <TestCategory>
        <TestCategoryItem TestCategory="Category1000" />
      </TestCategory>
      <Execution id="218a0ebf-0b13-4a02-b171-cc0a9f6c4658" />
      <TestMethod codeBase="C:\Projekty\MSTestProject\bin\Debug\netcoreapp3.1\MSTestProject.dll" adapterTypeName="executor://mstestadapter/v2" className="TwojeWesele.Services.Helpers.Tests.CurrencyHelperTests" name="FormatToStringTest1000" />
    </UnitTest>
    <UnitTest name="FormatToStringTest1000 (5749.124990274722,5749.12 zł)" storage="c:\projekty\mstestproject\bin\debug\netcoreapp3.1\mstestproject.dll" id="6a026d1b-7154-4329-8ba9-dba2fa2ac857">
      <TestCategory>
        <TestCategoryItem TestCategory="Category1000" />
      </TestCategory>
      <Execution id="c341d56c-6530-4651-8573-3a09cffd6569" />
      <TestMethod codeBase="C:\Projekty\MSTestProject\bin\Debug\netcoreapp3.1\MSTestProject.dll" adapterTypeName="executor://mstestadapter/v2" className="TwojeWesele.Services.Helpers.Tests.CurrencyHelperTests" name="FormatToStringTest1000" />
    </UnitTest>
    <UnitTest name="FormatToStringTest1000 (29508.077101491428,29508.08 zł)" storage="c:\projekty\mstestproject\bin\debug\netcoreapp3.1\mstestproject.dll" id="dbf959f7-10ca-46f7-94eb-90ae730deaca">
      <TestCategory>
        <TestCategoryItem TestCategory="Category1000" />
      </TestCategory>
      <Execution id="afe0ae4c-291d-4234-b9cd-49cbf9b83c80" />
      <TestMethod codeBase="C:\Projekty\MSTestProject\bin\Debug\netcoreapp3.1\MSTestProject.dll" adapterTypeName="executor://mstestadapter/v2" className="TwojeWesele.Services.Helpers.Tests.CurrencyHelperTests" name="FormatToStringTest1000" />
    </UnitTest>
    <UnitTest name="FormatToStringTest1000 (66284.43763489948,66284.44 zł)" storage="c:\projekty\mstestproject\bin\debug\netcoreapp3.1\mstestproject.dll" id="53b558ff-7962-41ae-ac40-fb219cbb8c7b">
      <TestCategory>
        <TestCategoryItem TestCategory="Category1000" />
      </TestCategory>
      <Execution id="01207f4b-92bb-4a49-9893-1ae6f300e92c" />
      <TestMethod codeBase="C:\Projekty\MSTestProject\bin\Debug\netcoreapp3.1\MSTestProject.dll" adapterTypeName="executor://mstestadapter/v2" className="TwojeWesele.Services.Helpers.Tests.CurrencyHelperTests" name="FormatToStringTest1000" />
    </UnitTest>
    <UnitTest name="FormatToStringTest1000 (4612.32080757633,4612.32 zł)" storage="c:\projekty\mstestproject\bin\debug\netcoreapp3.1\mstestproject.dll" id="423b9f01-9c84-4c3b-9eff-9ad5491ce426">
      <TestCategory>
        <TestCategoryItem TestCategory="Category1000" />
      </TestCategory>
      <Execution id="28076e4f-3875-474b-8e56-37d8d101a5a2" />
      <TestMethod codeBase="C:\Projekty\MSTestProject\bin\Debug\netcoreapp3.1\MSTestProject.dll" adapterTypeName="executor://mstestadapter/v2" className="TwojeWesele.Services.Helpers.Tests.CurrencyHelperTests" name="FormatToStringTest1000" />
    </UnitTest>
    <UnitTest name="FormatToStringTest1000 (10762.501695533518,10762.50 zł)" storage="c:\projekty\mstestproject\bin\debug\netcoreapp3.1\mstestproject.dll" id="4bb62710-61a6-4721-89e2-e8b009cd596c">
      <TestCategory>
        <TestCategoryItem TestCategory="Category1000" />
      </TestCategory>
      <Execution id="76297360-42bd-4e39-80f3-ef6e2b1dbaf5" />
      <TestMethod codeBase="C:\Projekty\MSTestProject\bin\Debug\netcoreapp3.1\MSTestProject.dll" adapterTypeName="executor://mstestadapter/v2" className="TwojeWesele.Services.Helpers.Tests.CurrencyHelperTests" name="FormatToStringTest1000" />
    </UnitTest>
    <UnitTest name="FormatToStringTest1000 (6035.818653228608,6035.82 zł)" storage="c:\projekty\mstestproject\bin\debug\netcoreapp3.1\mstestproject.dll" id="ab7c619e-d1c2-4ac3-bae5-e546700a952e">
      <TestCategory>
        <TestCategoryItem TestCategory="Category1000" />
      </TestCategory>
      <Execution id="6061748a-bbbe-439b-8caa-5bdf09acd97e" />
      <TestMethod codeBase="C:\Projekty\MSTestProject\bin\Debug\netcoreapp3.1\MSTestProject.dll" adapterTypeName="executor://mstestadapter/v2" className="TwojeWesele.Services.Helpers.Tests.CurrencyHelperTests" name="FormatToStringTest1000" />
    </UnitTest>
    <UnitTest name="FormatToStringTest1000 (24646.322657574587,24646.32 zł)" storage="c:\projekty\mstestproject\bin\debug\netcoreapp3.1\mstestproject.dll" id="c46ced39-39b5-4924-a95f-abb23ad9f22b">
      <TestCategory>
        <TestCategoryItem TestCategory="Category1000" />
      </TestCategory>
      <Execution id="01390f6d-9a75-45a3-a2a8-bb82ac87ff54" />
      <TestMethod codeBase="C:\Projekty\MSTestProject\bin\Debug\netcoreapp3.1\MSTestProject.dll" adapterTypeName="executor://mstestadapter/v2" className="TwojeWesele.Services.Helpers.Tests.CurrencyHelperTests" name="FormatToStringTest1000" />
    </UnitTest>
    <UnitTest name="FormatToStringTest1000 (52858.048916166204,52858.05 zł)" storage="c:\projekty\mstestproject\bin\debug\netcoreapp3.1\mstestproject.dll" id="9f35efb3-8419-4abb-a396-eb4ebcde4014">
      <TestCategory>
        <TestCategoryItem TestCategory="Category1000" />
      </TestCategory>
      <Execution id="8ae3b889-301a-4558-98a4-46758e5de0b5" />
      <TestMethod codeBase="C:\Projekty\MSTestProject\bin\Debug\netcoreapp3.1\MSTestProject.dll" adapterTypeName="executor://mstestadapter/v2" className="TwojeWesele.Services.Helpers.Tests.CurrencyHelperTests" name="FormatToStringTest1000" />
    </UnitTest>
    <UnitTest name="FormatToStringTest1000 (40889.35187774214,40889.35 zł)" storage="c:\projekty\mstestproject\bin\debug\netcoreapp3.1\mstestproject.dll" id="3efc4dc9-56a0-42f5-b458-500002eee7a3">
      <TestCategory>
        <TestCategoryItem TestCategory="Category1000" />
      </TestCategory>
      <Execution id="ee4f1b14-78da-41ef-8c27-ffad921c3c8e" />
      <TestMethod codeBase="C:\Projekty\MSTestProject\bin\Debug\netcoreapp3.1\MSTestProject.dll" adapterTypeName="executor://mstestadapter/v2" className="TwojeWesele.Services.Helpers.Tests.CurrencyHelperTests" name="FormatToStringTest1000" />
    </UnitTest>
    <UnitTest name="FormatToStringTest1000 (10268.547802396373,10268.55 zł)" storage="c:\projekty\mstestproject\bin\debug\netcoreapp3.1\mstestproject.dll" id="558a67dd-93c2-4511-ac51-136632c900d2">
      <TestCategory>
        <TestCategoryItem TestCategory="Category1000" />
      </TestCategory>
      <Execution id="acb13e3d-7a1c-4db2-afbd-0698453e2b34" />
      <TestMethod codeBase="C:\Projekty\MSTestProject\bin\Debug\netcoreapp3.1\MSTestProject.dll" adapterTypeName="executor://mstestadapter/v2" className="TwojeWesele.Services.Helpers.Tests.CurrencyHelperTests" name="FormatToStringTest1000" />
    </UnitTest>
    <UnitTest name="FormatToStringTest1000 (7013.601812260971,7013.60 zł)" storage="c:\projekty\mstestproject\bin\debug\netcoreapp3.1\mstestproject.dll" id="af5c851a-7b2f-4267-b608-bb6570ef6c4d">
      <TestCategory>
        <TestCategoryItem TestCategory="Category1000" />
      </TestCategory>
      <Execution id="39c23290-4e66-4275-9563-a973c66bdc43" />
      <TestMethod codeBase="C:\Projekty\MSTestProject\bin\Debug\netcoreapp3.1\MSTestProject.dll" adapterTypeName="executor://mstestadapter/v2" className="TwojeWesele.Services.Helpers.Tests.CurrencyHelperTests" name="FormatToStringTest1000" />
    </UnitTest>
    <UnitTest name="FormatToStringTest1000 (11494.27761332238,11494.28 zł)" storage="c:\projekty\mstestproject\bin\debug\netcoreapp3.1\mstestproject.dll" id="27974068-d3f6-43f8-93a3-600708e7e6e7">
      <TestCategory>
        <TestCategoryItem TestCategory="Category1000" />
      </TestCategory>
      <Execution id="757c61bf-d272-4fdf-ad0b-c6d50795c1c7" />
      <TestMethod codeBase="C:\Projekty\MSTestProject\bin\Debug\netcoreapp3.1\MSTestProject.dll" adapterTypeName="executor://mstestadapter/v2" className="TwojeWesele.Services.Helpers.Tests.CurrencyHelperTests" name="FormatToStringTest1000" />
    </UnitTest>
    <UnitTest name="FormatToStringTest1000 (60017.857676936714,60017.86 zł)" storage="c:\projekty\mstestproject\bin\debug\netcoreapp3.1\mstestproject.dll" id="b0cf676d-2117-4ca6-8a4a-df29397bd5dc">
      <TestCategory>
        <TestCategoryItem TestCategory="Category1000" />
      </TestCategory>
      <Execution id="bde29faa-6307-41c2-8407-adb814dd7c2d" />
      <TestMethod codeBase="C:\Projekty\MSTestProject\bin\Debug\netcoreapp3.1\MSTestProject.dll" adapterTypeName="executor://mstestadapter/v2" className="TwojeWesele.Services.Helpers.Tests.CurrencyHelperTests" name="FormatToStringTest1000" />
    </UnitTest>
    <UnitTest name="FormatToStringTest1000 (750.5106571719566,750.51 zł)" storage="c:\projekty\mstestproject\bin\debug\netcoreapp3.1\mstestproject.dll" id="3d03c0c6-8751-4b0c-bacc-a21a0fc41571">
      <TestCategory>
        <TestCategoryItem TestCategory="Category1000" />
      </TestCategory>
      <Execution id="e496f699-804d-4626-a1d1-f826dfcb2625" />
      <TestMethod codeBase="C:\Projekty\MSTestProject\bin\Debug\netcoreapp3.1\MSTestProject.dll" adapterTypeName="executor://mstestadapter/v2" className="TwojeWesele.Services.Helpers.Tests.CurrencyHelperTests" name="FormatToStringTest1000" />
    </UnitTest>
    <UnitTest name="FormatToStringTest1000 (15841.26419853478,15841.26 zł)" storage="c:\projekty\mstestproject\bin\debug\netcoreapp3.1\mstestproject.dll" id="de696064-20a3-42c8-bea7-220231848071">
      <TestCategory>
        <TestCategoryItem TestCategory="Category1000" />
      </TestCategory>
      <Execution id="5fb25130-fc5f-44f9-957f-f770e8da7a02" />
      <TestMethod codeBase="C:\Projekty\MSTestProject\bin\Debug\netcoreapp3.1\MSTestProject.dll" adapterTypeName="executor://mstestadapter/v2" className="TwojeWesele.Services.Helpers.Tests.CurrencyHelperTests" name="FormatToStringTest1000" />
    </UnitTest>
    <UnitTest name="FormatToStringTest1000 (8885.065440211942,8885.07 zł)" storage="c:\projekty\mstestproject\bin\debug\netcoreapp3.1\mstestproject.dll" id="92d15850-e96e-48cf-a9d4-de036830cca3">
      <TestCategory>
        <TestCategoryItem TestCategory="Category1000" />
      </TestCategory>
      <Execution id="d7dd1f3f-14f6-4d30-a1fc-72ea272d4023" />
      <TestMethod codeBase="C:\Projekty\MSTestProject\bin\Debug\netcoreapp3.1\MSTestProject.dll" adapterTypeName="executor://mstestadapter/v2" className="TwojeWesele.Services.Helpers.Tests.CurrencyHelperTests" name="FormatToStringTest1000" />
    </UnitTest>
    <UnitTest name="FormatToStringTest1000 (20321.03715103913,20321.04 zł)" storage="c:\projekty\mstestproject\bin\debug\netcoreapp3.1\mstestproject.dll" id="d6707480-695f-48db-b5b5-3deab41ec96d">
      <TestCategory>
        <TestCategoryItem TestCategory="Category1000" />
      </TestCategory>
      <Execution id="37faf789-f48a-429b-9df4-3f276f3d19f1" />
      <TestMethod codeBase="C:\Projekty\MSTestProject\bin\Debug\netcoreapp3.1\MSTestProject.dll" adapterTypeName="executor://mstestadapter/v2" className="TwojeWesele.Services.Helpers.Tests.CurrencyHelperTests" name="FormatToStringTest1000" />
    </UnitTest>
    <UnitTest name="FormatToStringTest1000 (15396.537902579894,15396.54 zł)" storage="c:\projekty\mstestproject\bin\debug\netcoreapp3.1\mstestproject.dll" id="061a3cd1-317d-4e98-a1c4-65eae9f0fbe5">
      <TestCategory>
        <TestCategoryItem TestCategory="Category1000" />
      </TestCategory>
      <Execution id="b38fe8cb-749b-4321-bbbf-9660a9944868" />
      <TestMethod codeBase="C:\Projekty\MSTestProject\bin\Debug\netcoreapp3.1\MSTestProject.dll" adapterTypeName="executor://mstestadapter/v2" className="TwojeWesele.Services.Helpers.Tests.CurrencyHelperTests" name="FormatToStringTest1000" />
    </UnitTest>
    <UnitTest name="FormatToStringTest1000 (26468.346804109562,26468.35 zł)" storage="c:\projekty\mstestproject\bin\debug\netcoreapp3.1\mstestproject.dll" id="d1a5cbca-20ac-49ae-aaac-b36a41da6a4a">
      <TestCategory>
        <TestCategoryItem TestCategory="Category1000" />
      </TestCategory>
      <Execution id="974a6e16-c737-454e-94b7-577b6a045701" />
      <TestMethod codeBase="C:\Projekty\MSTestProject\bin\Debug\netcoreapp3.1\MSTestProject.dll" adapterTypeName="executor://mstestadapter/v2" className="TwojeWesele.Services.Helpers.Tests.CurrencyHelperTests" name="FormatToStringTest1000" />
    </UnitTest>
    <UnitTest name="FormatToStringTest1000 (8211.920994553679,8211.92 zł)" storage="c:\projekty\mstestproject\bin\debug\netcoreapp3.1\mstestproject.dll" id="de6bb8d4-a988-410c-a22d-ed97f40555e2">
      <TestCategory>
        <TestCategoryItem TestCategory="Category1000" />
      </TestCategory>
      <Execution id="114e2ac4-3a59-4603-bfc7-ead68e45cb67" />
      <TestMethod codeBase="C:\Projekty\MSTestProject\bin\Debug\netcoreapp3.1\MSTestProject.dll" adapterTypeName="executor://mstestadapter/v2" className="TwojeWesele.Services.Helpers.Tests.CurrencyHelperTests" name="FormatToStringTest1000" />
    </UnitTest>
    <UnitTest name="FormatToStringTest1000 (7716.571614765363,7716.57 zł)" storage="c:\projekty\mstestproject\bin\debug\netcoreapp3.1\mstestproject.dll" id="04ff501f-ebee-468f-8ea8-ad9bcfffd71f">
      <TestCategory>
        <TestCategoryItem TestCategory="Category1000" />
      </TestCategory>
      <Execution id="93e137f7-613a-491b-91e0-1e59cf37b0c6" />
      <TestMethod codeBase="C:\Projekty\MSTestProject\bin\Debug\netcoreapp3.1\MSTestProject.dll" adapterTypeName="executor://mstestadapter/v2" className="TwojeWesele.Services.Helpers.Tests.CurrencyHelperTests" name="FormatToStringTest1000" />
    </UnitTest>
    <UnitTest name="FormatToStringTest1000 (26686.08488193065,26686.08 zł)" storage="c:\projekty\mstestproject\bin\debug\netcoreapp3.1\mstestproject.dll" id="71934a2d-9c90-4b67-9f74-6c72fc27ab03">
      <TestCategory>
        <TestCategoryItem TestCategory="Category1000" />
      </TestCategory>
      <Execution id="b30a13d6-e9ef-445f-a159-2746af9dedd8" />
      <TestMethod codeBase="C:\Projekty\MSTestProject\bin\Debug\netcoreapp3.1\MSTestProject.dll" adapterTypeName="executor://mstestadapter/v2" className="TwojeWesele.Services.Helpers.Tests.CurrencyHelperTests" name="FormatToStringTest1000" />
    </UnitTest>
    <UnitTest name="FormatToStringTest1000 (658.7555888573431,658.76 zł)" storage="c:\projekty\mstestproject\bin\debug\netcoreapp3.1\mstestproject.dll" id="7a38d217-1971-4b85-8210-589ca6ea279c">
      <TestCategory>
        <TestCategoryItem TestCategory="Category1000" />
      </TestCategory>
      <Execution id="517b9250-72a6-4116-96d6-a05f6af2dbb5" />
      <TestMethod codeBase="C:\Projekty\MSTestProject\bin\Debug\netcoreapp3.1\MSTestProject.dll" adapterTypeName="executor://mstestadapter/v2" className="TwojeWesele.Services.Helpers.Tests.CurrencyHelperTests" name="FormatToStringTest1000" />
    </UnitTest>
    <UnitTest name="FormatToStringTest1000 (7592.950837113406,7592.95 zł)" storage="c:\projekty\mstestproject\bin\debug\netcoreapp3.1\mstestproject.dll" id="ad0cd8d8-df03-4925-9687-e4d4106f8762">
      <TestCategory>
        <TestCategoryItem TestCategory="Category1000" />
      </TestCategory>
      <Execution id="b0d95437-671b-422c-b196-ac4f0557c638" />
      <TestMethod codeBase="C:\Projekty\MSTestProject\bin\Debug\netcoreapp3.1\MSTestProject.dll" adapterTypeName="executor://mstestadapter/v2" className="TwojeWesele.Services.Helpers.Tests.CurrencyHelperTests" name="FormatToStringTest1000" />
    </UnitTest>
    <UnitTest name="FormatToStringTest1000 (159.83786031922224,159.84 zł)" storage="c:\projekty\mstestproject\bin\debug\netcoreapp3.1\mstestproject.dll" id="08b9fc14-c189-4204-98e2-8b4a110a3420">
      <TestCategory>
        <TestCategoryItem TestCategory="Category1000" />
      </TestCategory>
      <Execution id="defb4614-26c4-4e50-b6c3-84a436d7eaa7" />
      <TestMethod codeBase="C:\Projekty\MSTestProject\bin\Debug\netcoreapp3.1\MSTestProject.dll" adapterTypeName="executor://mstestadapter/v2" className="TwojeWesele.Services.Helpers.Tests.CurrencyHelperTests" name="FormatToStringTest1000" />
    </UnitTest>
    <UnitTest name="FormatToStringTest1000 (23649.104642116046,23649.10 zł)" storage="c:\projekty\mstestproject\bin\debug\netcoreapp3.1\mstestproject.dll" id="0fd0f557-96db-4f17-9d99-cd7a1942f4a3">
      <TestCategory>
        <TestCategoryItem TestCategory="Category1000" />
      </TestCategory>
      <Execution id="e1a8fb35-b358-4dee-971a-c3ae431bb263" />
      <TestMethod codeBase="C:\Projekty\MSTestProject\bin\Debug\netcoreapp3.1\MSTestProject.dll" adapterTypeName="executor://mstestadapter/v2" className="TwojeWesele.Services.Helpers.Tests.CurrencyHelperTests" name="FormatToStringTest1000" />
    </UnitTest>
    <UnitTest name="FormatToStringTest1000 (42383.08993972982,42383.09 zł)" storage="c:\projekty\mstestproject\bin\debug\netcoreapp3.1\mstestproject.dll" id="79e441bb-5c90-46c1-9482-ad7103ab4a35">
      <TestCategory>
        <TestCategoryItem TestCategory="Category1000" />
      </TestCategory>
      <Execution id="19ef7064-320d-4384-9a72-8490f48d49bc" />
      <TestMethod codeBase="C:\Projekty\MSTestProject\bin\Debug\netcoreapp3.1\MSTestProject.dll" adapterTypeName="executor://mstestadapter/v2" className="TwojeWesele.Services.Helpers.Tests.CurrencyHelperTests" name="FormatToStringTest1000" />
    </UnitTest>
    <UnitTest name="FormatToStringTest1000 (158.49784791027093,158.50 zł)" storage="c:\projekty\mstestproject\bin\debug\netcoreapp3.1\mstestproject.dll" id="b1ec192a-4006-4ce1-aed5-20668244817f">
      <TestCategory>
        <TestCategoryItem TestCategory="Category1000" />
      </TestCategory>
      <Execution id="c87b6dd7-74b9-46a5-8c2d-fb97c2d3cd39" />
      <TestMethod codeBase="C:\Projekty\MSTestProject\bin\Debug\netcoreapp3.1\MSTestProject.dll" adapterTypeName="executor://mstestadapter/v2" className="TwojeWesele.Services.Helpers.Tests.CurrencyHelperTests" name="FormatToStringTest1000" />
    </UnitTest>
    <UnitTest name="FormatToStringTest1000 (49672.98901987402,49672.99 zł)" storage="c:\projekty\mstestproject\bin\debug\netcoreapp3.1\mstestproject.dll" id="7d80dbc0-a0e6-4a3e-b25c-1cc7a71de99e">
      <TestCategory>
        <TestCategoryItem TestCategory="Category1000" />
      </TestCategory>
      <Execution id="f1d27e7f-7377-439c-87c7-19034600c7e9" />
      <TestMethod codeBase="C:\Projekty\MSTestProject\bin\Debug\netcoreapp3.1\MSTestProject.dll" adapterTypeName="executor://mstestadapter/v2" className="TwojeWesele.Services.Helpers.Tests.CurrencyHelperTests" name="FormatToStringTest1000" />
    </UnitTest>
    <UnitTest name="FormatToStringTest1000 (22557.09603308099,22557.10 zł)" storage="c:\projekty\mstestproject\bin\debug\netcoreapp3.1\mstestproject.dll" id="f99f1009-7e70-4c45-bd8c-1d3df776b475">
      <TestCategory>
        <TestCategoryItem TestCategory="Category1000" />
      </TestCategory>
      <Execution id="930fc53a-9b11-4c6f-ac8b-732c13259047" />
      <TestMethod codeBase="C:\Projekty\MSTestProject\bin\Debug\netcoreapp3.1\MSTestProject.dll" adapterTypeName="executor://mstestadapter/v2" className="TwojeWesele.Services.Helpers.Tests.CurrencyHelperTests" name="FormatToStringTest1000" />
    </UnitTest>
    <UnitTest name="FormatToStringTest1000 (17000.070169619317,17000.07 zł)" storage="c:\projekty\mstestproject\bin\debug\netcoreapp3.1\mstestproject.dll" id="4f0ed477-936a-4266-a264-e90536554486">
      <TestCategory>
        <TestCategoryItem TestCategory="Category1000" />
      </TestCategory>
      <Execution id="9cb69f71-fc32-4702-81e9-009b636b8c6f" />
      <TestMethod codeBase="C:\Projekty\MSTestProject\bin\Debug\netcoreapp3.1\MSTestProject.dll" adapterTypeName="executor://mstestadapter/v2" className="TwojeWesele.Services.Helpers.Tests.CurrencyHelperTests" name="FormatToStringTest1000" />
    </UnitTest>
    <UnitTest name="FormatToStringTest1000 (50585.83664522778,50585.84 zł)" storage="c:\projekty\mstestproject\bin\debug\netcoreapp3.1\mstestproject.dll" id="58eb36fd-0b38-4c59-b675-355a19718821">
      <TestCategory>
        <TestCategoryItem TestCategory="Category1000" />
      </TestCategory>
      <Execution id="d754c5a7-1c76-451c-81b3-9b7c87eb637a" />
      <TestMethod codeBase="C:\Projekty\MSTestProject\bin\Debug\netcoreapp3.1\MSTestProject.dll" adapterTypeName="executor://mstestadapter/v2" className="TwojeWesele.Services.Helpers.Tests.CurrencyHelperTests" name="FormatToStringTest1000" />
    </UnitTest>
    <UnitTest name="FormatToStringTest1000 (68770.73008707525,68770.73 zł)" storage="c:\projekty\mstestproject\bin\debug\netcoreapp3.1\mstestproject.dll" id="2d64a41c-c552-4505-9198-802e4c6edd2e">
      <TestCategory>
        <TestCategoryItem TestCategory="Category1000" />
      </TestCategory>
      <Execution id="749cbc8e-6e6d-4be9-a44c-c7b638dffb8b" />
      <TestMethod codeBase="C:\Projekty\MSTestProject\bin\Debug\netcoreapp3.1\MSTestProject.dll" adapterTypeName="executor://mstestadapter/v2" className="TwojeWesele.Services.Helpers.Tests.CurrencyHelperTests" name="FormatToStringTest1000" />
    </UnitTest>
    <UnitTest name="FormatToStringTest1000 (56373.35086238494,56373.35 zł)" storage="c:\projekty\mstestproject\bin\debug\netcoreapp3.1\mstestproject.dll" id="9af72072-4b81-4b19-b2fd-1aec1cc76d08">
      <TestCategory>
        <TestCategoryItem TestCategory="Category1000" />
      </TestCategory>
      <Execution id="66138565-a9c2-4687-9eab-958870e2ceb9" />
      <TestMethod codeBase="C:\Projekty\MSTestProject\bin\Debug\netcoreapp3.1\MSTestProject.dll" adapterTypeName="executor://mstestadapter/v2" className="TwojeWesele.Services.Helpers.Tests.CurrencyHelperTests" name="FormatToStringTest1000" />
    </UnitTest>
    <UnitTest name="FormatToStringTest1000 (5591.2222540617095,5591.22 zł)" storage="c:\projekty\mstestproject\bin\debug\netcoreapp3.1\mstestproject.dll" id="b0dd145a-3b5b-416f-a24a-ef76b6e09181">
      <TestCategory>
        <TestCategoryItem TestCategory="Category1000" />
      </TestCategory>
      <Execution id="e1be32b3-3cde-4691-87b3-9d6d32296211" />
      <TestMethod codeBase="C:\Projekty\MSTestProject\bin\Debug\netcoreapp3.1\MSTestProject.dll" adapterTypeName="executor://mstestadapter/v2" className="TwojeWesele.Services.Helpers.Tests.CurrencyHelperTests" name="FormatToStringTest1000" />
    </UnitTest>
    <UnitTest name="FormatToStringTest1000 (28583.827618148098,28583.83 zł)" storage="c:\projekty\mstestproject\bin\debug\netcoreapp3.1\mstestproject.dll" id="6ad0f78c-46f8-4904-adf5-6bd8642f741a">
      <TestCategory>
        <TestCategoryItem TestCategory="Category1000" />
      </TestCategory>
      <Execution id="d1e6f9be-5c5b-46c3-a2bf-fa816fb445df" />
      <TestMethod codeBase="C:\Projekty\MSTestProject\bin\Debug\netcoreapp3.1\MSTestProject.dll" adapterTypeName="executor://mstestadapter/v2" className="TwojeWesele.Services.Helpers.Tests.CurrencyHelperTests" name="FormatToStringTest1000" />
    </UnitTest>
    <UnitTest name="FormatToStringTest1000 (73372.53853826903,73372.54 zł)" storage="c:\projekty\mstestproject\bin\debug\netcoreapp3.1\mstestproject.dll" id="1f20b87c-aa4a-4c69-ad31-cbe392540460">
      <TestCategory>
        <TestCategoryItem TestCategory="Category1000" />
      </TestCategory>
      <Execution id="d6302c79-3eb5-48b6-9fbe-d995a4ab896d" />
      <TestMethod codeBase="C:\Projekty\MSTestProject\bin\Debug\netcoreapp3.1\MSTestProject.dll" adapterTypeName="executor://mstestadapter/v2" className="TwojeWesele.Services.Helpers.Tests.CurrencyHelperTests" name="FormatToStringTest1000" />
    </UnitTest>
    <UnitTest name="FormatToStringTest1000 (26133.133789601336,26133.13 zł)" storage="c:\projekty\mstestproject\bin\debug\netcoreapp3.1\mstestproject.dll" id="9885f4ee-b712-43e5-9204-37f955177f94">
      <TestCategory>
        <TestCategoryItem TestCategory="Category1000" />
      </TestCategory>
      <Execution id="84d912f3-260a-4b15-a66e-cc64d6d2388b" />
      <TestMethod codeBase="C:\Projekty\MSTestProject\bin\Debug\netcoreapp3.1\MSTestProject.dll" adapterTypeName="executor://mstestadapter/v2" className="TwojeWesele.Services.Helpers.Tests.CurrencyHelperTests" name="FormatToStringTest1000" />
    </UnitTest>
    <UnitTest name="FormatToStringTest1000 (6676.5680544784145,6676.57 zł)" storage="c:\projekty\mstestproject\bin\debug\netcoreapp3.1\mstestproject.dll" id="c16eca63-9fb0-40bc-b27d-a61fa4a9a863">
      <TestCategory>
        <TestCategoryItem TestCategory="Category1000" />
      </TestCategory>
      <Execution id="698e1a68-b3ce-4bc2-b049-d6daae2b5894" />
      <TestMethod codeBase="C:\Projekty\MSTestProject\bin\Debug\netcoreapp3.1\MSTestProject.dll" adapterTypeName="executor://mstestadapter/v2" className="TwojeWesele.Services.Helpers.Tests.CurrencyHelperTests" name="FormatToStringTest1000" />
    </UnitTest>
    <UnitTest name="FormatToStringTest1000 (34060.48467268724,34060.48 zł)" storage="c:\projekty\mstestproject\bin\debug\netcoreapp3.1\mstestproject.dll" id="6d299e9b-6cc7-4427-a9b6-96afffb1ac4f">
      <TestCategory>
        <TestCategoryItem TestCategory="Category1000" />
      </TestCategory>
      <Execution id="5a908709-854b-48c4-bfc3-7d9fd7271267" />
      <TestMethod codeBase="C:\Projekty\MSTestProject\bin\Debug\netcoreapp3.1\MSTestProject.dll" adapterTypeName="executor://mstestadapter/v2" className="TwojeWesele.Services.Helpers.Tests.CurrencyHelperTests" name="FormatToStringTest1000" />
    </UnitTest>
    <UnitTest name="FormatToStringTest1000 (7182.939759099362,7182.94 zł)" storage="c:\projekty\mstestproject\bin\debug\netcoreapp3.1\mstestproject.dll" id="7eb9aa90-e1f7-4262-988c-f7f0ae2aec8c">
      <TestCategory>
        <TestCategoryItem TestCategory="Category1000" />
      </TestCategory>
      <Execution id="9feba19f-ab6b-43ff-b36b-af19f08d7826" />
      <TestMethod codeBase="C:\Projekty\MSTestProject\bin\Debug\netcoreapp3.1\MSTestProject.dll" adapterTypeName="executor://mstestadapter/v2" className="TwojeWesele.Services.Helpers.Tests.CurrencyHelperTests" name="FormatToStringTest1000" />
    </UnitTest>
    <UnitTest name="FormatToStringTest1000 (1208.1827589441941,1208.18 zł)" storage="c:\projekty\mstestproject\bin\debug\netcoreapp3.1\mstestproject.dll" id="05850409-f9b8-43b2-b2ac-79da80ab4f51">
      <TestCategory>
        <TestCategoryItem TestCategory="Category1000" />
      </TestCategory>
      <Execution id="ab95d747-a8c2-4b20-b610-72b4cd37c056" />
      <TestMethod codeBase="C:\Projekty\MSTestProject\bin\Debug\netcoreapp3.1\MSTestProject.dll" adapterTypeName="executor://mstestadapter/v2" className="TwojeWesele.Services.Helpers.Tests.CurrencyHelperTests" name="FormatToStringTest1000" />
    </UnitTest>
    <UnitTest name="FormatToStringTest1000 (32908.76696502639,32908.77 zł)" storage="c:\projekty\mstestproject\bin\debug\netcoreapp3.1\mstestproject.dll" id="1bc87cd9-c221-4892-8859-46da875202c4">
      <TestCategory>
        <TestCategoryItem TestCategory="Category1000" />
      </TestCategory>
      <Execution id="52c8b558-abfa-4c70-9d10-8ab11528e2f1" />
      <TestMethod codeBase="C:\Projekty\MSTestProject\bin\Debug\netcoreapp3.1\MSTestProject.dll" adapterTypeName="executor://mstestadapter/v2" className="TwojeWesele.Services.Helpers.Tests.CurrencyHelperTests" name="FormatToStringTest1000" />
    </UnitTest>
    <UnitTest name="FormatToStringTest1000 (20497.107923553376,20497.11 zł)" storage="c:\projekty\mstestproject\bin\debug\netcoreapp3.1\mstestproject.dll" id="92665b70-91c1-4e99-9852-b0d34488e093">
      <TestCategory>
        <TestCategoryItem TestCategory="Category1000" />
      </TestCategory>
      <Execution id="b909520f-c721-4132-b93b-aaae182c061f" />
      <TestMethod codeBase="C:\Projekty\MSTestProject\bin\Debug\netcoreapp3.1\MSTestProject.dll" adapterTypeName="executor://mstestadapter/v2" className="TwojeWesele.Services.Helpers.Tests.CurrencyHelperTests" name="FormatToStringTest1000" />
    </UnitTest>
    <UnitTest name="FormatToStringTest1000 (19783.413847500186,19783.41 zł)" storage="c:\projekty\mstestproject\bin\debug\netcoreapp3.1\mstestproject.dll" id="c29fa5e7-f4dd-47d6-9693-7b03971d508b">
      <TestCategory>
        <TestCategoryItem TestCategory="Category1000" />
      </TestCategory>
      <Execution id="4660a952-489b-41c5-abd1-8ae12cb9692d" />
      <TestMethod codeBase="C:\Projekty\MSTestProject\bin\Debug\netcoreapp3.1\MSTestProject.dll" adapterTypeName="executor://mstestadapter/v2" className="TwojeWesele.Services.Helpers.Tests.CurrencyHelperTests" name="FormatToStringTest1000" />
    </UnitTest>
    <UnitTest name="FormatToStringTest1000 (480.2082316857801,480.21 zł)" storage="c:\projekty\mstestproject\bin\debug\netcoreapp3.1\mstestproject.dll" id="12d5e091-7c4e-40e8-933f-4cda12832708">
      <TestCategory>
        <TestCategoryItem TestCategory="Category1000" />
      </TestCategory>
      <Execution id="e6127248-0223-428b-9705-c558da8b2b47" />
      <TestMethod codeBase="C:\Projekty\MSTestProject\bin\Debug\netcoreapp3.1\MSTestProject.dll" adapterTypeName="executor://mstestadapter/v2" className="TwojeWesele.Services.Helpers.Tests.CurrencyHelperTests" name="FormatToStringTest1000" />
    </UnitTest>
    <UnitTest name="FormatToStringTest1000 (3131.5022711732904,3131.50 zł)" storage="c:\projekty\mstestproject\bin\debug\netcoreapp3.1\mstestproject.dll" id="ef99bb5e-0786-4c02-a915-0175fab305a6">
      <TestCategory>
        <TestCategoryItem TestCategory="Category1000" />
      </TestCategory>
      <Execution id="efb8997e-2b7a-4fb6-8d17-7e4103b8dcbf" />
      <TestMethod codeBase="C:\Projekty\MSTestProject\bin\Debug\netcoreapp3.1\MSTestProject.dll" adapterTypeName="executor://mstestadapter/v2" className="TwojeWesele.Services.Helpers.Tests.CurrencyHelperTests" name="FormatToStringTest1000" />
    </UnitTest>
    <UnitTest name="FormatToStringTest1000 (30126.012320622805,30126.01 zł)" storage="c:\projekty\mstestproject\bin\debug\netcoreapp3.1\mstestproject.dll" id="accd75dd-27fa-4012-82a4-a70ab65d6b6e">
      <TestCategory>
        <TestCategoryItem TestCategory="Category1000" />
      </TestCategory>
      <Execution id="7cd3d0c5-cf7c-42b0-8058-0db17339119a" />
      <TestMethod codeBase="C:\Projekty\MSTestProject\bin\Debug\netcoreapp3.1\MSTestProject.dll" adapterTypeName="executor://mstestadapter/v2" className="TwojeWesele.Services.Helpers.Tests.CurrencyHelperTests" name="FormatToStringTest1000" />
    </UnitTest>
    <UnitTest name="FormatToStringTest1000 (7715.904444139406,7715.90 zł)" storage="c:\projekty\mstestproject\bin\debug\netcoreapp3.1\mstestproject.dll" id="3858a540-b207-4bd5-9591-0553f5571c16">
      <TestCategory>
        <TestCategoryItem TestCategory="Category1000" />
      </TestCategory>
      <Execution id="c2db6e3a-c708-4f43-9de1-f92c5cd06bab" />
      <TestMethod codeBase="C:\Projekty\MSTestProject\bin\Debug\netcoreapp3.1\MSTestProject.dll" adapterTypeName="executor://mstestadapter/v2" className="TwojeWesele.Services.Helpers.Tests.CurrencyHelperTests" name="FormatToStringTest1000" />
    </UnitTest>
    <UnitTest name="FormatToStringTest1000 (12308.022158465357,12308.02 zł)" storage="c:\projekty\mstestproject\bin\debug\netcoreapp3.1\mstestproject.dll" id="15242cbf-6fa4-40e8-921a-6b3d2b603418">
      <TestCategory>
        <TestCategoryItem TestCategory="Category1000" />
      </TestCategory>
      <Execution id="7871e283-5ff4-4051-a321-1c3345383ec1" />
      <TestMethod codeBase="C:\Projekty\MSTestProject\bin\Debug\netcoreapp3.1\MSTestProject.dll" adapterTypeName="executor://mstestadapter/v2" className="TwojeWesele.Services.Helpers.Tests.CurrencyHelperTests" name="FormatToStringTest1000" />
    </UnitTest>
    <UnitTest name="FormatToStringTest1000 (7458.609645228652,7458.61 zł)" storage="c:\projekty\mstestproject\bin\debug\netcoreapp3.1\mstestproject.dll" id="d485fa05-6bdb-4ab6-b829-bafd6310e196">
      <TestCategory>
        <TestCategoryItem TestCategory="Category1000" />
      </TestCategory>
      <Execution id="c2814e0b-2f22-4f48-a996-d1968ca932dd" />
      <TestMethod codeBase="C:\Projekty\MSTestProject\bin\Debug\netcoreapp3.1\MSTestProject.dll" adapterTypeName="executor://mstestadapter/v2" className="TwojeWesele.Services.Helpers.Tests.CurrencyHelperTests" name="FormatToStringTest1000" />
    </UnitTest>
    <UnitTest name="FormatToStringTest1000 (41972.39431566763,41972.39 zł)" storage="c:\projekty\mstestproject\bin\debug\netcoreapp3.1\mstestproject.dll" id="568bcb0d-2608-45ce-b77c-b48a5d9f3622">
      <TestCategory>
        <TestCategoryItem TestCategory="Category1000" />
      </TestCategory>
      <Execution id="859d13cb-b87c-4675-b545-71407a8db8f6" />
      <TestMethod codeBase="C:\Projekty\MSTestProject\bin\Debug\netcoreapp3.1\MSTestProject.dll" adapterTypeName="executor://mstestadapter/v2" className="TwojeWesele.Services.Helpers.Tests.CurrencyHelperTests" name="FormatToStringTest1000" />
    </UnitTest>
    <UnitTest name="FormatToStringTest1000 (16957.4523676757,16957.45 zł)" storage="c:\projekty\mstestproject\bin\debug\netcoreapp3.1\mstestproject.dll" id="a9bfe23c-efbb-446a-8a1e-283d507f0116">
      <TestCategory>
        <TestCategoryItem TestCategory="Category1000" />
      </TestCategory>
      <Execution id="03ad30cd-ec3d-4313-99d6-ad2d1c066f88" />
      <TestMethod codeBase="C:\Projekty\MSTestProject\bin\Debug\netcoreapp3.1\MSTestProject.dll" adapterTypeName="executor://mstestadapter/v2" className="TwojeWesele.Services.Helpers.Tests.CurrencyHelperTests" name="FormatToStringTest1000" />
    </UnitTest>
    <UnitTest name="FormatToStringTest1000 (1187.8237780126854,1187.82 zł)" storage="c:\projekty\mstestproject\bin\debug\netcoreapp3.1\mstestproject.dll" id="34a39715-6104-4237-9a24-9ba36e5eaa73">
      <TestCategory>
        <TestCategoryItem TestCategory="Category1000" />
      </TestCategory>
      <Execution id="0b4238eb-8dbc-408a-a09c-5a9d37fcad97" />
      <TestMethod codeBase="C:\Projekty\MSTestProject\bin\Debug\netcoreapp3.1\MSTestProject.dll" adapterTypeName="executor://mstestadapter/v2" className="TwojeWesele.Services.Helpers.Tests.CurrencyHelperTests" name="FormatToStringTest1000" />
    </UnitTest>
    <UnitTest name="FormatToStringTest1000 (22197.731451777618,22197.73 zł)" storage="c:\projekty\mstestproject\bin\debug\netcoreapp3.1\mstestproject.dll" id="862f48ea-07dc-4a16-b832-18a98cdbb8ad">
      <TestCategory>
        <TestCategoryItem TestCategory="Category1000" />
      </TestCategory>
      <Execution id="5bdecc31-5b55-4c70-b640-5e830733588b" />
      <TestMethod codeBase="C:\Projekty\MSTestProject\bin\Debug\netcoreapp3.1\MSTestProject.dll" adapterTypeName="executor://mstestadapter/v2" className="TwojeWesele.Services.Helpers.Tests.CurrencyHelperTests" name="FormatToStringTest1000" />
    </UnitTest>
    <UnitTest name="FormatToStringTest1000 (79.6815319544084,79.68 zł)" storage="c:\projekty\mstestproject\bin\debug\netcoreapp3.1\mstestproject.dll" id="4d1215d4-fa44-4ef5-ba3e-51ea9b9d320d">
      <TestCategory>
        <TestCategoryItem TestCategory="Category1000" />
      </TestCategory>
      <Execution id="432991df-57cf-47f4-84eb-9f15bef30123" />
      <TestMethod codeBase="C:\Projekty\MSTestProject\bin\Debug\netcoreapp3.1\MSTestProject.dll" adapterTypeName="executor://mstestadapter/v2" className="TwojeWesele.Services.Helpers.Tests.CurrencyHelperTests" name="FormatToStringTest1000" />
    </UnitTest>
    <UnitTest name="FormatToStringTest1000 (13414.3551766441,13414.36 zł)" storage="c:\projekty\mstestproject\bin\debug\netcoreapp3.1\mstestproject.dll" id="d38b25c0-b4ce-47ee-b0e1-4b235d63c88c">
      <TestCategory>
        <TestCategoryItem TestCategory="Category1000" />
      </TestCategory>
      <Execution id="23f1c814-0895-4520-bb7f-ff6ce038ec30" />
      <TestMethod codeBase="C:\Projekty\MSTestProject\bin\Debug\netcoreapp3.1\MSTestProject.dll" adapterTypeName="executor://mstestadapter/v2" className="TwojeWesele.Services.Helpers.Tests.CurrencyHelperTests" name="FormatToStringTest1000" />
    </UnitTest>
    <UnitTest name="FormatToStringTest1000 (68698.01923441609,68698.02 zł)" storage="c:\projekty\mstestproject\bin\debug\netcoreapp3.1\mstestproject.dll" id="851e3b43-d97d-4411-8edd-2e93a4d8d636">
      <TestCategory>
        <TestCategoryItem TestCategory="Category1000" />
      </TestCategory>
      <Execution id="084fdf3c-6ce5-47cb-81b7-9d75dde63b0c" />
      <TestMethod codeBase="C:\Projekty\MSTestProject\bin\Debug\netcoreapp3.1\MSTestProject.dll" adapterTypeName="executor://mstestadapter/v2" className="TwojeWesele.Services.Helpers.Tests.CurrencyHelperTests" name="FormatToStringTest1000" />
    </UnitTest>
    <UnitTest name="FormatToStringTest1000 (40035.54711080787,40035.55 zł)" storage="c:\projekty\mstestproject\bin\debug\netcoreapp3.1\mstestproject.dll" id="efa173e5-12fa-4e1e-8710-f9dbe936de70">
      <TestCategory>
        <TestCategoryItem TestCategory="Category1000" />
      </TestCategory>
      <Execution id="a8b2ca1f-1f22-4cde-85c9-cc987de5c049" />
      <TestMethod codeBase="C:\Projekty\MSTestProject\bin\Debug\netcoreapp3.1\MSTestProject.dll" adapterTypeName="executor://mstestadapter/v2" className="TwojeWesele.Services.Helpers.Tests.CurrencyHelperTests" name="FormatToStringTest1000" />
    </UnitTest>
    <UnitTest name="FormatToStringTest1000 (10914.360814625099,10914.36 zł)" storage="c:\projekty\mstestproject\bin\debug\netcoreapp3.1\mstestproject.dll" id="886f86bb-cca1-48d0-8396-cdf9f47875e5">
      <TestCategory>
        <TestCategoryItem TestCategory="Category1000" />
      </TestCategory>
      <Execution id="ca7dc8a3-b0c7-4a1a-938b-db0e4b384315" />
      <TestMethod codeBase="C:\Projekty\MSTestProject\bin\Debug\netcoreapp3.1\MSTestProject.dll" adapterTypeName="executor://mstestadapter/v2" className="TwojeWesele.Services.Helpers.Tests.CurrencyHelperTests" name="FormatToStringTest1000" />
    </UnitTest>
    <UnitTest name="FormatToStringTest1000 (8851.904041135638,8851.90 zł)" storage="c:\projekty\mstestproject\bin\debug\netcoreapp3.1\mstestproject.dll" id="a275237d-ea82-48ac-8a2a-a8ceb1b89476">
      <TestCategory>
        <TestCategoryItem TestCategory="Category1000" />
      </TestCategory>
      <Execution id="879935ae-41d7-4c14-bf38-fb30689d0fd5" />
      <TestMethod codeBase="C:\Projekty\MSTestProject\bin\Debug\netcoreapp3.1\MSTestProject.dll" adapterTypeName="executor://mstestadapter/v2" className="TwojeWesele.Services.Helpers.Tests.CurrencyHelperTests" name="FormatToStringTest1000" />
    </UnitTest>
    <UnitTest name="FormatToStringTest1000 (65963.39932440939,65963.40 zł)" storage="c:\projekty\mstestproject\bin\debug\netcoreapp3.1\mstestproject.dll" id="6caf122c-d661-46b2-9227-551ebac1ba11">
      <TestCategory>
        <TestCategoryItem TestCategory="Category1000" />
      </TestCategory>
      <Execution id="e9c540cd-0c5e-48f8-9eb1-520d7b4edb02" />
      <TestMethod codeBase="C:\Projekty\MSTestProject\bin\Debug\netcoreapp3.1\MSTestProject.dll" adapterTypeName="executor://mstestadapter/v2" className="TwojeWesele.Services.Helpers.Tests.CurrencyHelperTests" name="FormatToStringTest1000" />
    </UnitTest>
    <UnitTest name="FormatToStringTest1000 (3649.9254912836127,3649.93 zł)" storage="c:\projekty\mstestproject\bin\debug\netcoreapp3.1\mstestproject.dll" id="dbcaa447-4404-4c1c-ae81-bd4eb6661410">
      <TestCategory>
        <TestCategoryItem TestCategory="Category1000" />
      </TestCategory>
      <Execution id="49d597a0-4f32-4d50-8927-0eab0800c489" />
      <TestMethod codeBase="C:\Projekty\MSTestProject\bin\Debug\netcoreapp3.1\MSTestProject.dll" adapterTypeName="executor://mstestadapter/v2" className="TwojeWesele.Services.Helpers.Tests.CurrencyHelperTests" name="FormatToStringTest1000" />
    </UnitTest>
    <UnitTest name="FormatToStringTest1000 (867.5236648356187,867.52 zł)" storage="c:\projekty\mstestproject\bin\debug\netcoreapp3.1\mstestproject.dll" id="9f797607-5c33-44b9-9685-9810ca3ad6bb">
      <TestCategory>
        <TestCategoryItem TestCategory="Category1000" />
      </TestCategory>
      <Execution id="c52cdc30-a4bc-41ee-8fc1-39c9a3c93802" />
      <TestMethod codeBase="C:\Projekty\MSTestProject\bin\Debug\netcoreapp3.1\MSTestProject.dll" adapterTypeName="executor://mstestadapter/v2" className="TwojeWesele.Services.Helpers.Tests.CurrencyHelperTests" name="FormatToStringTest1000" />
    </UnitTest>
    <UnitTest name="FormatToStringTest1000 (38076.55319665165,38076.55 zł)" storage="c:\projekty\mstestproject\bin\debug\netcoreapp3.1\mstestproject.dll" id="d7c186ff-8018-450e-8c42-78fc2840e548">
      <TestCategory>
        <TestCategoryItem TestCategory="Category1000" />
      </TestCategory>
      <Execution id="bd90c9d2-4cda-48ad-8246-4de4e4b9040b" />
      <TestMethod codeBase="C:\Projekty\MSTestProject\bin\Debug\netcoreapp3.1\MSTestProject.dll" adapterTypeName="executor://mstestadapter/v2" className="TwojeWesele.Services.Helpers.Tests.CurrencyHelperTests" name="FormatToStringTest1000" />
    </UnitTest>
    <UnitTest name="FormatToStringTest1000 (47437.74370917619,47437.74 zł)" storage="c:\projekty\mstestproject\bin\debug\netcoreapp3.1\mstestproject.dll" id="949ef435-7de0-4d4a-af10-ba5041b27be1">
      <TestCategory>
        <TestCategoryItem TestCategory="Category1000" />
      </TestCategory>
      <Execution id="7f73d2d3-e3a8-4854-bf7b-1f1f789e7753" />
      <TestMethod codeBase="C:\Projekty\MSTestProject\bin\Debug\netcoreapp3.1\MSTestProject.dll" adapterTypeName="executor://mstestadapter/v2" className="TwojeWesele.Services.Helpers.Tests.CurrencyHelperTests" name="FormatToStringTest1000" />
    </UnitTest>
    <UnitTest name="FormatToStringTest1000 (40913.016669489916,40913.02 zł)" storage="c:\projekty\mstestproject\bin\debug\netcoreapp3.1\mstestproject.dll" id="3324009c-95c6-41e1-9b85-4d88068575aa">
      <TestCategory>
        <TestCategoryItem TestCategory="Category1000" />
      </TestCategory>
      <Execution id="dbf882ef-1e1f-419c-bcd4-0559c775d4a4" />
      <TestMethod codeBase="C:\Projekty\MSTestProject\bin\Debug\netcoreapp3.1\MSTestProject.dll" adapterTypeName="executor://mstestadapter/v2" className="TwojeWesele.Services.Helpers.Tests.CurrencyHelperTests" name="FormatToStringTest1000" />
    </UnitTest>
    <UnitTest name="FormatToStringTest1000 (115.26302841131717,115.26 zł)" storage="c:\projekty\mstestproject\bin\debug\netcoreapp3.1\mstestproject.dll" id="5de29766-ef9c-4ab4-80e2-1fb9413a20d4">
      <TestCategory>
        <TestCategoryItem TestCategory="Category1000" />
      </TestCategory>
      <Execution id="ed12fc6d-ee10-44c1-85a2-ecf80fe33938" />
      <TestMethod codeBase="C:\Projekty\MSTestProject\bin\Debug\netcoreapp3.1\MSTestProject.dll" adapterTypeName="executor://mstestadapter/v2" className="TwojeWesele.Services.Helpers.Tests.CurrencyHelperTests" name="FormatToStringTest1000" />
    </UnitTest>
    <UnitTest name="FormatToStringTest1000 (3694.480496819355,3694.48 zł)" storage="c:\projekty\mstestproject\bin\debug\netcoreapp3.1\mstestproject.dll" id="fd516db7-a5ac-4da6-932f-3b3dc8274d05">
      <TestCategory>
        <TestCategoryItem TestCategory="Category1000" />
      </TestCategory>
      <Execution id="7ff02cd4-d249-44ee-acdf-219d6b08f9b2" />
      <TestMethod codeBase="C:\Projekty\MSTestProject\bin\Debug\netcoreapp3.1\MSTestProject.dll" adapterTypeName="executor://mstestadapter/v2" className="TwojeWesele.Services.Helpers.Tests.CurrencyHelperTests" name="FormatToStringTest1000" />
    </UnitTest>
    <UnitTest name="FormatToStringTest1000 (14920.620598662934,14920.62 zł)" storage="c:\projekty\mstestproject\bin\debug\netcoreapp3.1\mstestproject.dll" id="2e2589ba-cf81-44b9-a3c7-a0c34a8d586f">
      <TestCategory>
        <TestCategoryItem TestCategory="Category1000" />
      </TestCategory>
      <Execution id="b57e18c8-cd80-420a-ba54-fe0987e868c0" />
      <TestMethod codeBase="C:\Projekty\MSTestProject\bin\Debug\netcoreapp3.1\MSTestProject.dll" adapterTypeName="executor://mstestadapter/v2" className="TwojeWesele.Services.Helpers.Tests.CurrencyHelperTests" name="FormatToStringTest1000" />
    </UnitTest>
    <UnitTest name="FormatToStringTest1000 (14137.400697779563,14137.40 zł)" storage="c:\projekty\mstestproject\bin\debug\netcoreapp3.1\mstestproject.dll" id="a942e9ef-0f1a-44af-a9f5-1ec44bebde6c">
      <TestCategory>
        <TestCategoryItem TestCategory="Category1000" />
      </TestCategory>
      <Execution id="03578bfc-db34-4396-bcd1-f8a713b7fc0f" />
      <TestMethod codeBase="C:\Projekty\MSTestProject\bin\Debug\netcoreapp3.1\MSTestProject.dll" adapterTypeName="executor://mstestadapter/v2" className="TwojeWesele.Services.Helpers.Tests.CurrencyHelperTests" name="FormatToStringTest1000" />
    </UnitTest>
    <UnitTest name="FormatToStringTest1000 (6173.0243155793405,6173.02 zł)" storage="c:\projekty\mstestproject\bin\debug\netcoreapp3.1\mstestproject.dll" id="1ab534c3-c64f-43ed-b13e-358151164613">
      <TestCategory>
        <TestCategoryItem TestCategory="Category1000" />
      </TestCategory>
      <Execution id="23b88695-3794-42b2-ab34-3c11d3ea8039" />
      <TestMethod codeBase="C:\Projekty\MSTestProject\bin\Debug\netcoreapp3.1\MSTestProject.dll" adapterTypeName="executor://mstestadapter/v2" className="TwojeWesele.Services.Helpers.Tests.CurrencyHelperTests" name="FormatToStringTest1000" />
    </UnitTest>
    <UnitTest name="FormatToStringTest1000 (1799.2562459103092,1799.26 zł)" storage="c:\projekty\mstestproject\bin\debug\netcoreapp3.1\mstestproject.dll" id="58b45bd1-8f87-4738-8fe4-dbbe6a2481c4">
      <TestCategory>
        <TestCategoryItem TestCategory="Category1000" />
      </TestCategory>
      <Execution id="f1b98b1e-2423-4194-8bb4-49fb73c5fd8c" />
      <TestMethod codeBase="C:\Projekty\MSTestProject\bin\Debug\netcoreapp3.1\MSTestProject.dll" adapterTypeName="executor://mstestadapter/v2" className="TwojeWesele.Services.Helpers.Tests.CurrencyHelperTests" name="FormatToStringTest1000" />
    </UnitTest>
    <UnitTest name="FormatToStringTest1000 (23684.695462791573,23684.70 zł)" storage="c:\projekty\mstestproject\bin\debug\netcoreapp3.1\mstestproject.dll" id="efe243da-1df3-48f4-b685-b8ebd3afba8b">
      <TestCategory>
        <TestCategoryItem TestCategory="Category1000" />
      </TestCategory>
      <Execution id="f32624f8-64ff-466c-9294-7cc81c4d761e" />
      <TestMethod codeBase="C:\Projekty\MSTestProject\bin\Debug\netcoreapp3.1\MSTestProject.dll" adapterTypeName="executor://mstestadapter/v2" className="TwojeWesele.Services.Helpers.Tests.CurrencyHelperTests" name="FormatToStringTest1000" />
    </UnitTest>
    <UnitTest name="FormatToStringTest1000 (28298.945361683585,28298.95 zł)" storage="c:\projekty\mstestproject\bin\debug\netcoreapp3.1\mstestproject.dll" id="77686211-2216-4a7e-bef7-acf786c2148d">
      <TestCategory>
        <TestCategoryItem TestCategory="Category1000" />
      </TestCategory>
      <Execution id="694c92d7-7bd6-4885-a3e3-0906ff2ba547" />
      <TestMethod codeBase="C:\Projekty\MSTestProject\bin\Debug\netcoreapp3.1\MSTestProject.dll" adapterTypeName="executor://mstestadapter/v2" className="TwojeWesele.Services.Helpers.Tests.CurrencyHelperTests" name="FormatToStringTest1000" />
    </UnitTest>
    <UnitTest name="FormatToStringTest1000 (31805.23430354532,31805.23 zł)" storage="c:\projekty\mstestproject\bin\debug\netcoreapp3.1\mstestproject.dll" id="083de6dc-c764-49d2-bf3c-955bd9cd3292">
      <TestCategory>
        <TestCategoryItem TestCategory="Category1000" />
      </TestCategory>
      <Execution id="520f5d0c-b21e-4817-9a25-721ddba1bd0d" />
      <TestMethod codeBase="C:\Projekty\MSTestProject\bin\Debug\netcoreapp3.1\MSTestProject.dll" adapterTypeName="executor://mstestadapter/v2" className="TwojeWesele.Services.Helpers.Tests.CurrencyHelperTests" name="FormatToStringTest1000" />
    </UnitTest>
    <UnitTest name="FormatToStringTest1000 (67230.86250807665,67230.86 zł)" storage="c:\projekty\mstestproject\bin\debug\netcoreapp3.1\mstestproject.dll" id="2f5c609d-4a4c-4fd4-85d0-61d4f77a0ccf">
      <TestCategory>
        <TestCategoryItem TestCategory="Category1000" />
      </TestCategory>
      <Execution id="56c218e4-6f3d-41c7-9e04-e823251e8732" />
      <TestMethod codeBase="C:\Projekty\MSTestProject\bin\Debug\netcoreapp3.1\MSTestProject.dll" adapterTypeName="executor://mstestadapter/v2" className="TwojeWesele.Services.Helpers.Tests.CurrencyHelperTests" name="FormatToStringTest1000" />
    </UnitTest>
    <UnitTest name="FormatToStringTest1000 (48684.26840475959,48684.27 zł)" storage="c:\projekty\mstestproject\bin\debug\netcoreapp3.1\mstestproject.dll" id="cb9df5ff-60d6-487f-8bf0-8800e4864666">
      <TestCategory>
        <TestCategoryItem TestCategory="Category1000" />
      </TestCategory>
      <Execution id="a2750225-c5ca-4852-8c26-6da09acf8ef8" />
      <TestMethod codeBase="C:\Projekty\MSTestProject\bin\Debug\netcoreapp3.1\MSTestProject.dll" adapterTypeName="executor://mstestadapter/v2" className="TwojeWesele.Services.Helpers.Tests.CurrencyHelperTests" name="FormatToStringTest1000" />
    </UnitTest>
    <UnitTest name="FormatToStringTest1000 (12379.347974640013,12379.35 zł)" storage="c:\projekty\mstestproject\bin\debug\netcoreapp3.1\mstestproject.dll" id="4478b61c-ceda-4d15-87fe-200f396f3205">
      <TestCategory>
        <TestCategoryItem TestCategory="Category1000" />
      </TestCategory>
      <Execution id="7b8830b7-667d-4144-a54d-0d7d4e1aab69" />
      <TestMethod codeBase="C:\Projekty\MSTestProject\bin\Debug\netcoreapp3.1\MSTestProject.dll" adapterTypeName="executor://mstestadapter/v2" className="TwojeWesele.Services.Helpers.Tests.CurrencyHelperTests" name="FormatToStringTest1000" />
    </UnitTest>
    <UnitTest name="FormatToStringTest1000 (25288.32036814574,25288.32 zł)" storage="c:\projekty\mstestproject\bin\debug\netcoreapp3.1\mstestproject.dll" id="9041205c-326c-490c-a768-720a3d7dc6f6">
      <TestCategory>
        <TestCategoryItem TestCategory="Category1000" />
      </TestCategory>
      <Execution id="78ab166a-1ba1-4e2a-aeef-99116a4ee53b" />
      <TestMethod codeBase="C:\Projekty\MSTestProject\bin\Debug\netcoreapp3.1\MSTestProject.dll" adapterTypeName="executor://mstestadapter/v2" className="TwojeWesele.Services.Helpers.Tests.CurrencyHelperTests" name="FormatToStringTest1000" />
    </UnitTest>
    <UnitTest name="FormatToStringTest1000 (1568.615240217473,1568.62 zł)" storage="c:\projekty\mstestproject\bin\debug\netcoreapp3.1\mstestproject.dll" id="8edc1cfc-680a-413c-85f4-b1d68c516f02">
      <TestCategory>
        <TestCategoryItem TestCategory="Category1000" />
      </TestCategory>
      <Execution id="bce5613d-c560-4ed2-9a4a-ca356e743b81" />
      <TestMethod codeBase="C:\Projekty\MSTestProject\bin\Debug\netcoreapp3.1\MSTestProject.dll" adapterTypeName="executor://mstestadapter/v2" className="TwojeWesele.Services.Helpers.Tests.CurrencyHelperTests" name="FormatToStringTest1000" />
    </UnitTest>
    <UnitTest name="FormatToStringTest1000 (16190.113943164757,16190.11 zł)" storage="c:\projekty\mstestproject\bin\debug\netcoreapp3.1\mstestproject.dll" id="4d6149ed-3d55-41bb-b584-4ff1a3315937">
      <TestCategory>
        <TestCategoryItem TestCategory="Category1000" />
      </TestCategory>
      <Execution id="c9d6ccd3-e4e3-4800-b364-bdea507687d7" />
      <TestMethod codeBase="C:\Projekty\MSTestProject\bin\Debug\netcoreapp3.1\MSTestProject.dll" adapterTypeName="executor://mstestadapter/v2" className="TwojeWesele.Services.Helpers.Tests.CurrencyHelperTests" name="FormatToStringTest1000" />
    </UnitTest>
    <UnitTest name="FormatToStringTest1000 (6946.333318357977,6946.33 zł)" storage="c:\projekty\mstestproject\bin\debug\netcoreapp3.1\mstestproject.dll" id="10448b4b-a644-4e9b-bc69-20473084d6be">
      <TestCategory>
        <TestCategoryItem TestCategory="Category1000" />
      </TestCategory>
      <Execution id="fde473c4-e937-4b88-beda-039f993e1cce" />
      <TestMethod codeBase="C:\Projekty\MSTestProject\bin\Debug\netcoreapp3.1\MSTestProject.dll" adapterTypeName="executor://mstestadapter/v2" className="TwojeWesele.Services.Helpers.Tests.CurrencyHelperTests" name="FormatToStringTest1000" />
    </UnitTest>
    <UnitTest name="FormatToStringTest1000 (14017.699524653006,14017.70 zł)" storage="c:\projekty\mstestproject\bin\debug\netcoreapp3.1\mstestproject.dll" id="b5b55a78-9a2c-4dd0-8f52-2f108fd9f318">
      <TestCategory>
        <TestCategoryItem TestCategory="Category1000" />
      </TestCategory>
      <Execution id="c233bdf2-8c41-457f-924e-28aeff2d71bb" />
      <TestMethod codeBase="C:\Projekty\MSTestProject\bin\Debug\netcoreapp3.1\MSTestProject.dll" adapterTypeName="executor://mstestadapter/v2" className="TwojeWesele.Services.Helpers.Tests.CurrencyHelperTests" name="FormatToStringTest1000" />
    </UnitTest>
    <UnitTest name="FormatToStringTest1000 (20068.867046961965,20068.87 zł)" storage="c:\projekty\mstestproject\bin\debug\netcoreapp3.1\mstestproject.dll" id="0f98094b-af7c-4b8c-876d-35c3f8a8a1e6">
      <TestCategory>
        <TestCategoryItem TestCategory="Category1000" />
      </TestCategory>
      <Execution id="a6259b01-0b77-412f-a074-bec954198d08" />
      <TestMethod codeBase="C:\Projekty\MSTestProject\bin\Debug\netcoreapp3.1\MSTestProject.dll" adapterTypeName="executor://mstestadapter/v2" className="TwojeWesele.Services.Helpers.Tests.CurrencyHelperTests" name="FormatToStringTest1000" />
    </UnitTest>
    <UnitTest name="FormatToStringTest1000 (31971.185406704986,31971.19 zł)" storage="c:\projekty\mstestproject\bin\debug\netcoreapp3.1\mstestproject.dll" id="560ecd29-d828-4b7f-906f-b6f58473c5a4">
      <TestCategory>
        <TestCategoryItem TestCategory="Category1000" />
      </TestCategory>
      <Execution id="a9fa0c59-0bfa-4cf3-b80c-591cc021a7ec" />
      <TestMethod codeBase="C:\Projekty\MSTestProject\bin\Debug\netcoreapp3.1\MSTestProject.dll" adapterTypeName="executor://mstestadapter/v2" className="TwojeWesele.Services.Helpers.Tests.CurrencyHelperTests" name="FormatToStringTest1000" />
    </UnitTest>
    <UnitTest name="FormatToStringTest1000 (28033.439084134738,28033.44 zł)" storage="c:\projekty\mstestproject\bin\debug\netcoreapp3.1\mstestproject.dll" id="9bd71cfa-5bc3-45f7-b40d-71b85e273b66">
      <TestCategory>
        <TestCategoryItem TestCategory="Category1000" />
      </TestCategory>
      <Execution id="eb7aefd6-3d4b-45b0-8aeb-813a349b3126" />
      <TestMethod codeBase="C:\Projekty\MSTestProject\bin\Debug\netcoreapp3.1\MSTestProject.dll" adapterTypeName="executor://mstestadapter/v2" className="TwojeWesele.Services.Helpers.Tests.CurrencyHelperTests" name="FormatToStringTest1000" />
    </UnitTest>
    <UnitTest name="FormatToStringTest1000 (5396.620088554277,5396.62 zł)" storage="c:\projekty\mstestproject\bin\debug\netcoreapp3.1\mstestproject.dll" id="5923c4c1-f8e4-47f7-bb0e-37d5c801803d">
      <TestCategory>
        <TestCategoryItem TestCategory="Category1000" />
      </TestCategory>
      <Execution id="096b8ccb-8fb2-424b-82d8-1848ff6152a1" />
      <TestMethod codeBase="C:\Projekty\MSTestProject\bin\Debug\netcoreapp3.1\MSTestProject.dll" adapterTypeName="executor://mstestadapter/v2" className="TwojeWesele.Services.Helpers.Tests.CurrencyHelperTests" name="FormatToStringTest1000" />
    </UnitTest>
    <UnitTest name="FormatToStringTest1000 (19352.183340702755,19352.18 zł)" storage="c:\projekty\mstestproject\bin\debug\netcoreapp3.1\mstestproject.dll" id="4eb70bb4-81b9-47fc-a09b-ef889f8cbe2a">
      <TestCategory>
        <TestCategoryItem TestCategory="Category1000" />
      </TestCategory>
      <Execution id="0853a7c3-75ea-427f-8253-edd9eff94d65" />
      <TestMethod codeBase="C:\Projekty\MSTestProject\bin\Debug\netcoreapp3.1\MSTestProject.dll" adapterTypeName="executor://mstestadapter/v2" className="TwojeWesele.Services.Helpers.Tests.CurrencyHelperTests" name="FormatToStringTest1000" />
    </UnitTest>
    <UnitTest name="FormatToStringTest1000 (75350.77330865282,75350.77 zł)" storage="c:\projekty\mstestproject\bin\debug\netcoreapp3.1\mstestproject.dll" id="ca3038dd-a57d-4de9-bd61-9be5187bd6ca">
      <TestCategory>
        <TestCategoryItem TestCategory="Category1000" />
      </TestCategory>
      <Execution id="7cb80607-cdc3-40c9-93ab-e88c11068da0" />
      <TestMethod codeBase="C:\Projekty\MSTestProject\bin\Debug\netcoreapp3.1\MSTestProject.dll" adapterTypeName="executor://mstestadapter/v2" className="TwojeWesele.Services.Helpers.Tests.CurrencyHelperTests" name="FormatToStringTest1000" />
    </UnitTest>
    <UnitTest name="FormatToStringTest1000 (100.45267071130345,100.45 zł)" storage="c:\projekty\mstestproject\bin\debug\netcoreapp3.1\mstestproject.dll" id="0b01da1b-139a-4a47-9209-c52aef063080">
      <TestCategory>
        <TestCategoryItem TestCategory="Category1000" />
      </TestCategory>
      <Execution id="23a8dc86-111b-4894-b1b7-f94b28b6f0ab" />
      <TestMethod codeBase="C:\Projekty\MSTestProject\bin\Debug\netcoreapp3.1\MSTestProject.dll" adapterTypeName="executor://mstestadapter/v2" className="TwojeWesele.Services.Helpers.Tests.CurrencyHelperTests" name="FormatToStringTest1000" />
    </UnitTest>
    <UnitTest name="FormatToStringTest1000 (46166.38051381259,46166.38 zł)" storage="c:\projekty\mstestproject\bin\debug\netcoreapp3.1\mstestproject.dll" id="8924214b-d238-479f-bbed-ec1ebf865bd8">
      <TestCategory>
        <TestCategoryItem TestCategory="Category1000" />
      </TestCategory>
      <Execution id="c0b4d1bf-35e6-4297-86bd-1a6520e2be06" />
      <TestMethod codeBase="C:\Projekty\MSTestProject\bin\Debug\netcoreapp3.1\MSTestProject.dll" adapterTypeName="executor://mstestadapter/v2" className="TwojeWesele.Services.Helpers.Tests.CurrencyHelperTests" name="FormatToStringTest1000" />
    </UnitTest>
    <UnitTest name="FormatToStringTest1000 (2435.1995505835857,2435.20 zł)" storage="c:\projekty\mstestproject\bin\debug\netcoreapp3.1\mstestproject.dll" id="ddc377a5-b1d4-437a-a09d-b6e4cee11b43">
      <TestCategory>
        <TestCategoryItem TestCategory="Category1000" />
      </TestCategory>
      <Execution id="9d5099cc-4b7d-4f58-81e3-82bb958bf6f1" />
      <TestMethod codeBase="C:\Projekty\MSTestProject\bin\Debug\netcoreapp3.1\MSTestProject.dll" adapterTypeName="executor://mstestadapter/v2" className="TwojeWesele.Services.Helpers.Tests.CurrencyHelperTests" name="FormatToStringTest1000" />
    </UnitTest>
    <UnitTest name="FormatToStringTest1000 (30111.54342534372,30111.54 zł)" storage="c:\projekty\mstestproject\bin\debug\netcoreapp3.1\mstestproject.dll" id="af355355-93f0-459c-be5d-499f515122f0">
      <TestCategory>
        <TestCategoryItem TestCategory="Category1000" />
      </TestCategory>
      <Execution id="5a73eeb2-3b63-4d51-9262-30454f364a4d" />
      <TestMethod codeBase="C:\Projekty\MSTestProject\bin\Debug\netcoreapp3.1\MSTestProject.dll" adapterTypeName="executor://mstestadapter/v2" className="TwojeWesele.Services.Helpers.Tests.CurrencyHelperTests" name="FormatToStringTest1000" />
    </UnitTest>
    <UnitTest name="FormatToStringTest1000 (3477.860963622509,3477.86 zł)" storage="c:\projekty\mstestproject\bin\debug\netcoreapp3.1\mstestproject.dll" id="4de7b5e2-21cc-4d26-8fc5-db1f8820aaa1">
      <TestCategory>
        <TestCategoryItem TestCategory="Category1000" />
      </TestCategory>
      <Execution id="fd39e223-8ada-445e-8096-483f2e512907" />
      <TestMethod codeBase="C:\Projekty\MSTestProject\bin\Debug\netcoreapp3.1\MSTestProject.dll" adapterTypeName="executor://mstestadapter/v2" className="TwojeWesele.Services.Helpers.Tests.CurrencyHelperTests" name="FormatToStringTest1000" />
    </UnitTest>
    <UnitTest name="FormatToStringTest1000 (41368.29672956015,41368.30 zł)" storage="c:\projekty\mstestproject\bin\debug\netcoreapp3.1\mstestproject.dll" id="c8a46863-9725-476c-b166-4d47a460f760">
      <TestCategory>
        <TestCategoryItem TestCategory="Category1000" />
      </TestCategory>
      <Execution id="4c9e0a92-64c3-41f8-8b18-59f350a58222" />
      <TestMethod codeBase="C:\Projekty\MSTestProject\bin\Debug\netcoreapp3.1\MSTestProject.dll" adapterTypeName="executor://mstestadapter/v2" className="TwojeWesele.Services.Helpers.Tests.CurrencyHelperTests" name="FormatToStringTest1000" />
    </UnitTest>
    <UnitTest name="FormatToStringTest1000 (19210.519530370144,19210.52 zł)" storage="c:\projekty\mstestproject\bin\debug\netcoreapp3.1\mstestproject.dll" id="dd9b1d35-2833-43e2-8e98-20ce0f470d2c">
      <TestCategory>
        <TestCategoryItem TestCategory="Category1000" />
      </TestCategory>
      <Execution id="edc7f79c-25c1-4f5b-9718-08fda122f20a" />
      <TestMethod codeBase="C:\Projekty\MSTestProject\bin\Debug\netcoreapp3.1\MSTestProject.dll" adapterTypeName="executor://mstestadapter/v2" className="TwojeWesele.Services.Helpers.Tests.CurrencyHelperTests" name="FormatToStringTest1000" />
    </UnitTest>
    <UnitTest name="FormatToStringTest1000 (15313.083673952653,15313.08 zł)" storage="c:\projekty\mstestproject\bin\debug\netcoreapp3.1\mstestproject.dll" id="d439eb8c-9e0a-40e0-8b82-d81961c0c017">
      <TestCategory>
        <TestCategoryItem TestCategory="Category1000" />
      </TestCategory>
      <Execution id="9545d2b3-dca1-4521-a5ac-8be0eec8aa2e" />
      <TestMethod codeBase="C:\Projekty\MSTestProject\bin\Debug\netcoreapp3.1\MSTestProject.dll" adapterTypeName="executor://mstestadapter/v2" className="TwojeWesele.Services.Helpers.Tests.CurrencyHelperTests" name="FormatToStringTest1000" />
    </UnitTest>
    <UnitTest name="FormatToStringTest1000 (17418.31302247863,17418.31 zł)" storage="c:\projekty\mstestproject\bin\debug\netcoreapp3.1\mstestproject.dll" id="48f02477-aff6-4700-ab94-f638877937f8">
      <TestCategory>
        <TestCategoryItem TestCategory="Category1000" />
      </TestCategory>
      <Execution id="c0511a00-6c30-4aaa-9faa-9a43f1e4c871" />
      <TestMethod codeBase="C:\Projekty\MSTestProject\bin\Debug\netcoreapp3.1\MSTestProject.dll" adapterTypeName="executor://mstestadapter/v2" className="TwojeWesele.Services.Helpers.Tests.CurrencyHelperTests" name="FormatToStringTest1000" />
    </UnitTest>
    <UnitTest name="FormatToStringTest1000 (4614.673205890541,4614.67 zł)" storage="c:\projekty\mstestproject\bin\debug\netcoreapp3.1\mstestproject.dll" id="6f15e451-1b75-4f20-9dda-18b775c810ce">
      <TestCategory>
        <TestCategoryItem TestCategory="Category1000" />
      </TestCategory>
      <Execution id="16ae8880-3b04-433f-b40d-8f249a3028a5" />
      <TestMethod codeBase="C:\Projekty\MSTestProject\bin\Debug\netcoreapp3.1\MSTestProject.dll" adapterTypeName="executor://mstestadapter/v2" className="TwojeWesele.Services.Helpers.Tests.CurrencyHelperTests" name="FormatToStringTest1000" />
    </UnitTest>
    <UnitTest name="FormatToStringTest1000 (5876.112133716285,5876.11 zł)" storage="c:\projekty\mstestproject\bin\debug\netcoreapp3.1\mstestproject.dll" id="a17b1509-0ea9-4a8a-b021-88521c883d2b">
      <TestCategory>
        <TestCategoryItem TestCategory="Category1000" />
      </TestCategory>
      <Execution id="e7a188bf-8582-4e26-9401-14a003c8988a" />
      <TestMethod codeBase="C:\Projekty\MSTestProject\bin\Debug\netcoreapp3.1\MSTestProject.dll" adapterTypeName="executor://mstestadapter/v2" className="TwojeWesele.Services.Helpers.Tests.CurrencyHelperTests" name="FormatToStringTest1000" />
    </UnitTest>
    <UnitTest name="FormatToStringTest1000 (635.3263313632116,635.33 zł)" storage="c:\projekty\mstestproject\bin\debug\netcoreapp3.1\mstestproject.dll" id="40a32aab-bfbd-47ff-a4ed-933346e0ad6f">
      <TestCategory>
        <TestCategoryItem TestCategory="Category1000" />
      </TestCategory>
      <Execution id="afbecde2-09c8-4a8c-9eaf-02afc715471c" />
      <TestMethod codeBase="C:\Projekty\MSTestProject\bin\Debug\netcoreapp3.1\MSTestProject.dll" adapterTypeName="executor://mstestadapter/v2" className="TwojeWesele.Services.Helpers.Tests.CurrencyHelperTests" name="FormatToStringTest1000" />
    </UnitTest>
    <UnitTest name="FormatToStringTest1000 (6550.421588937948,6550.42 zł)" storage="c:\projekty\mstestproject\bin\debug\netcoreapp3.1\mstestproject.dll" id="50a440eb-931f-47a7-8966-b888cb5c67b8">
      <TestCategory>
        <TestCategoryItem TestCategory="Category1000" />
      </TestCategory>
      <Execution id="287eaac4-2fcf-49c2-a91b-02c82e145ba1" />
      <TestMethod codeBase="C:\Projekty\MSTestProject\bin\Debug\netcoreapp3.1\MSTestProject.dll" adapterTypeName="executor://mstestadapter/v2" className="TwojeWesele.Services.Helpers.Tests.CurrencyHelperTests" name="FormatToStringTest1000" />
    </UnitTest>
    <UnitTest name="FormatToStringTest1000 (12831.146874380833,12831.15 zł)" storage="c:\projekty\mstestproject\bin\debug\netcoreapp3.1\mstestproject.dll" id="55de445a-c186-42c3-8e28-8f1713259975">
      <TestCategory>
        <TestCategoryItem TestCategory="Category1000" />
      </TestCategory>
      <Execution id="a4dc63ae-5aff-476c-b988-c323482fe114" />
      <TestMethod codeBase="C:\Projekty\MSTestProject\bin\Debug\netcoreapp3.1\MSTestProject.dll" adapterTypeName="executor://mstestadapter/v2" className="TwojeWesele.Services.Helpers.Tests.CurrencyHelperTests" name="FormatToStringTest1000" />
    </UnitTest>
  </TestDefinitions>
  <TestEntries>
    <TestEntry testId="9835ec0e-c188-462f-895e-c9f46873fc86" executionId="e6ea00d6-8b02-4dd0-a604-031e2bf0d56b" testListId="8c84fa94-04c1-424b-9868-57a2d4851a1d" />
    <TestEntry testId="6ad0f78c-46f8-4904-adf5-6bd8642f741a" executionId="d1e6f9be-5c5b-46c3-a2bf-fa816fb445df" testListId="8c84fa94-04c1-424b-9868-57a2d4851a1d" />
    <TestEntry testId="4f79d0e7-a8de-40ef-9840-69287821d6e8" executionId="0fdec761-5908-4dcc-bce3-2e277f18fc39" testListId="8c84fa94-04c1-424b-9868-57a2d4851a1d" />
    <TestEntry testId="9df94c4f-d961-41b5-a232-9dc7e2a8cbd4" executionId="4ed968f0-1aae-4bda-92ff-6f7ca71f1851" testListId="8c84fa94-04c1-424b-9868-57a2d4851a1d" />
    <TestEntry testId="55587b82-7aa3-43c6-99c7-47a55fb49826" executionId="6efd5f37-d8de-4d16-b28f-9b5ff703bf32" testListId="8c84fa94-04c1-424b-9868-57a2d4851a1d" />
    <TestEntry testId="9ea292ad-3e2d-472e-a425-26b755c488e7" executionId="314356f2-79a3-4793-8fad-0b2387e78763" testListId="8c84fa94-04c1-424b-9868-57a2d4851a1d" />
    <TestEntry testId="9971d9c7-926d-4d84-8a87-8445d1f5c81d" executionId="382c3b4c-3d09-4509-9816-149828674f18" testListId="8c84fa94-04c1-424b-9868-57a2d4851a1d" />
    <TestEntry testId="fdbea942-d6b1-4a1c-9d3e-2a90a7368fb0" executionId="6b60bc6d-8586-44d8-88e0-fa1e3277efab" testListId="8c84fa94-04c1-424b-9868-57a2d4851a1d" />
    <TestEntry testId="dfa4c636-58e1-42cb-9111-cca90d0d6391" executionId="91a76f63-f321-46b5-ad86-c357849d3153" testListId="8c84fa94-04c1-424b-9868-57a2d4851a1d" />
    <TestEntry testId="bcd888b5-5333-4e53-8695-d08be7bbbf9e" executionId="d6e8295f-7a99-42c1-ba94-d01f5a798905" testListId="8c84fa94-04c1-424b-9868-57a2d4851a1d" />
    <TestEntry testId="5519dca4-8ad2-44e9-90e7-98d2bd577e52" executionId="68c7fcaf-e26f-45ad-924c-cba320de604a" testListId="8c84fa94-04c1-424b-9868-57a2d4851a1d" />
    <TestEntry testId="150b5497-9f9d-4b98-87cd-35c3566863eb" executionId="b7c57e6c-d97b-44bf-906f-716d7913c8ae" testListId="8c84fa94-04c1-424b-9868-57a2d4851a1d" />
    <TestEntry testId="2f941b68-b581-4e45-8431-56cf4c5afafd" executionId="1ab5711b-b29a-42b4-86dd-f92834e850dd" testListId="8c84fa94-04c1-424b-9868-57a2d4851a1d" />
    <TestEntry testId="2d925121-2a9e-40bc-8d14-89e0b1758462" executionId="73afc979-2dce-42ec-8b23-9ab24c170ea6" testListId="8c84fa94-04c1-424b-9868-57a2d4851a1d" />
    <TestEntry testId="241eed39-ad09-40bb-9b8e-23898b3f2038" executionId="7d8d5998-c7f2-4fbb-ad1f-42527d5e8c01" testListId="8c84fa94-04c1-424b-9868-57a2d4851a1d" />
    <TestEntry testId="3fce72b7-c82d-4f81-920e-b9a9c5db43b7" executionId="b7aceedd-4ba9-4a46-a1b5-18dbd3eb58b9" testListId="8c84fa94-04c1-424b-9868-57a2d4851a1d" />
    <TestEntry testId="200c9193-1fa4-4754-8a72-3715ba3c227c" executionId="e96151e7-ec3f-40a4-8822-899e6ea30806" testListId="8c84fa94-04c1-424b-9868-57a2d4851a1d" />
    <TestEntry testId="4234c847-b8bd-4e69-b9c3-e208d7e50836" executionId="cfdfa8b7-d53a-4651-aa1f-f98779de4803" testListId="8c84fa94-04c1-424b-9868-57a2d4851a1d" />
    <TestEntry testId="afc83e4a-0a4c-4fdc-91c0-b2d9cad5cb8d" executionId="efb807a3-66f5-4795-b27f-5f9d693cede0" testListId="8c84fa94-04c1-424b-9868-57a2d4851a1d" />
    <TestEntry testId="2e2589ba-cf81-44b9-a3c7-a0c34a8d586f" executionId="b57e18c8-cd80-420a-ba54-fe0987e868c0" testListId="8c84fa94-04c1-424b-9868-57a2d4851a1d" />
    <TestEntry testId="ecad4145-f63c-48ff-a651-8cea7d8fd7b1" executionId="ac33537a-3e96-417b-8de3-085c1d2bbb7b" testListId="8c84fa94-04c1-424b-9868-57a2d4851a1d" />
    <TestEntry testId="1c6b7c9d-ecf9-4b16-9e1e-ed5615d5aab4" executionId="c0debf45-ef6f-4e85-a6e0-22486f1f8a8a" testListId="8c84fa94-04c1-424b-9868-57a2d4851a1d" />
    <TestEntry testId="aa0600fe-e568-47f6-a055-828886c2d6b2" executionId="64968ad1-4b8a-4cac-a88e-e5cd3c4385a7" testListId="8c84fa94-04c1-424b-9868-57a2d4851a1d" />
    <TestEntry testId="58d6ff81-6956-4386-a3da-daa58cfe1b5e" executionId="eceed378-5ef9-48e7-8559-b3d7a04969e4" testListId="8c84fa94-04c1-424b-9868-57a2d4851a1d" />
    <TestEntry testId="54775951-935d-4723-a691-d322e9b4bef4" executionId="57aa340e-d925-4683-8f7d-2f9e09d84a7f" testListId="8c84fa94-04c1-424b-9868-57a2d4851a1d" />
    <TestEntry testId="d8e135e9-a8e4-4903-92d4-9e7418768afe" executionId="1c4225e4-35ea-47fd-a142-b6240c942aa7" testListId="8c84fa94-04c1-424b-9868-57a2d4851a1d" />
    <TestEntry testId="423b9f01-9c84-4c3b-9eff-9ad5491ce426" executionId="28076e4f-3875-474b-8e56-37d8d101a5a2" testListId="8c84fa94-04c1-424b-9868-57a2d4851a1d" />
    <TestEntry testId="a0780a9f-50c2-4935-b3a6-89b182c2027b" executionId="3eb2a493-02db-4a96-b048-e8fe7feccd42" testListId="8c84fa94-04c1-424b-9868-57a2d4851a1d" />
    <TestEntry testId="fc93bd3c-5a5b-4691-b5e0-ab0c26914c04" executionId="c8c1b984-2633-4baf-9ac8-bd517155d85d" testListId="8c84fa94-04c1-424b-9868-57a2d4851a1d" />
    <TestEntry testId="93df72b2-efeb-407f-b14e-f56ca8dd2e51" executionId="2279b12c-ba58-4b0d-83c3-243048bd70ae" testListId="8c84fa94-04c1-424b-9868-57a2d4851a1d" />
    <TestEntry testId="d94c9628-cafb-4961-b004-57a217ace574" executionId="25240769-679f-49e7-a4a6-943552ffe3ea" testListId="8c84fa94-04c1-424b-9868-57a2d4851a1d" />
    <TestEntry testId="e0501f12-d5a2-4a0f-aece-75740303abb7" executionId="3d6914c9-db41-4e44-a97d-bbf3c37ebd90" testListId="8c84fa94-04c1-424b-9868-57a2d4851a1d" />
    <TestEntry testId="63fc71da-7c90-4de4-84ee-27b301ba4c03" executionId="a4f919a1-62fd-4d83-a273-1ceff927f02e" testListId="8c84fa94-04c1-424b-9868-57a2d4851a1d" />
    <TestEntry testId="cc64f6c0-b6be-4cf1-833b-1965bc87574e" executionId="c2348222-30dd-49bf-ada0-481e6c9a55b9" testListId="8c84fa94-04c1-424b-9868-57a2d4851a1d" />
    <TestEntry testId="e48ea0d5-25c5-4c5a-abe0-7969672ab727" executionId="019a9934-597f-4418-8515-d444e52358a1" testListId="8c84fa94-04c1-424b-9868-57a2d4851a1d" />
    <TestEntry testId="0fd0f557-96db-4f17-9d99-cd7a1942f4a3" executionId="e1a8fb35-b358-4dee-971a-c3ae431bb263" testListId="8c84fa94-04c1-424b-9868-57a2d4851a1d" />
    <TestEntry testId="eea541e6-eb7e-41bb-ad54-8acabf7b4cfa" executionId="93534a80-e695-457e-b6ae-ae8fcffb0815" testListId="8c84fa94-04c1-424b-9868-57a2d4851a1d" />
    <TestEntry testId="7409dbc4-e52e-4bf4-add6-fbe4672e82a1" executionId="7d1315d9-f7bd-411c-ad0e-30d64f9ce5aa" testListId="8c84fa94-04c1-424b-9868-57a2d4851a1d" />
    <TestEntry testId="e04d8866-1428-457f-9048-fe8a8880da18" executionId="b2544cbf-55e6-4ce2-9412-3443794de9de" testListId="8c84fa94-04c1-424b-9868-57a2d4851a1d" />
    <TestEntry testId="cc32dc9f-2d34-4ff4-9ed2-188f0c8b4d0d" executionId="af4657f2-99fb-4c46-b671-efd52d0cb3f3" testListId="8c84fa94-04c1-424b-9868-57a2d4851a1d" />
    <TestEntry testId="387da22b-498a-4564-b085-09036765c41f" executionId="eb2a8a58-508f-49a8-9928-9d7892b75257" testListId="8c84fa94-04c1-424b-9868-57a2d4851a1d" />
    <TestEntry testId="d7c186ff-8018-450e-8c42-78fc2840e548" executionId="bd90c9d2-4cda-48ad-8246-4de4e4b9040b" testListId="8c84fa94-04c1-424b-9868-57a2d4851a1d" />
    <TestEntry testId="32ef0a5c-9007-4384-9bcb-96c8b25f1220" executionId="1777795c-aff0-4f9e-96fe-c77cda41fcbf" testListId="8c84fa94-04c1-424b-9868-57a2d4851a1d" />
    <TestEntry testId="9c2f3bbc-3523-4b93-b45f-35eb8bea5a9e" executionId="f777c390-4a24-46f5-8ecd-4c823414c8e8" testListId="8c84fa94-04c1-424b-9868-57a2d4851a1d" />
    <TestEntry testId="220940ad-eaa6-4ff9-a0a5-aa68b047c24a" executionId="6d71ff68-5077-4446-8e7d-772988f1cf2d" testListId="8c84fa94-04c1-424b-9868-57a2d4851a1d" />
    <TestEntry testId="290a66f0-c9eb-433e-997d-51659d3a0a3d" executionId="b6b5f92c-67ca-49a0-b6ec-d7019dad25d9" testListId="8c84fa94-04c1-424b-9868-57a2d4851a1d" />
    <TestEntry testId="f16bcb30-3b2e-4225-98e4-4f2be3a6a860" executionId="87896787-6206-4d3d-912a-2e7dfb39d6f6" testListId="8c84fa94-04c1-424b-9868-57a2d4851a1d" />
    <TestEntry testId="aa071a8c-5c9c-4977-b8e4-6c880b68b951" executionId="56fb378d-70c8-49c0-b380-8cda2b9a0059" testListId="8c84fa94-04c1-424b-9868-57a2d4851a1d" />
    <TestEntry testId="e6ac4ca3-8b3c-4673-b78a-e507644672a4" executionId="b4e9fa01-da1d-4f9e-8263-04b1621798b4" testListId="8c84fa94-04c1-424b-9868-57a2d4851a1d" />
    <TestEntry testId="47968f23-6d6c-4d4b-a745-40deac9feabe" executionId="a4b78b95-e105-4c1b-8207-80c6a006efad" testListId="8c84fa94-04c1-424b-9868-57a2d4851a1d" />
    <TestEntry testId="4d6149ed-3d55-41bb-b584-4ff1a3315937" executionId="c9d6ccd3-e4e3-4800-b364-bdea507687d7" testListId="8c84fa94-04c1-424b-9868-57a2d4851a1d" />
    <TestEntry testId="34a39715-6104-4237-9a24-9ba36e5eaa73" executionId="0b4238eb-8dbc-408a-a09c-5a9d37fcad97" testListId="8c84fa94-04c1-424b-9868-57a2d4851a1d" />
    <TestEntry testId="8bfe3c0b-dc94-4aa1-a3d2-65fade94a831" executionId="7dfe341b-c10f-4661-9f08-2d444163227f" testListId="8c84fa94-04c1-424b-9868-57a2d4851a1d" />
    <TestEntry testId="27974068-d3f6-43f8-93a3-600708e7e6e7" executionId="757c61bf-d272-4fdf-ad0b-c6d50795c1c7" testListId="8c84fa94-04c1-424b-9868-57a2d4851a1d" />
    <TestEntry testId="cc51deb9-b566-4d24-aa83-079d2a7900b6" executionId="caaa9798-510c-43e3-b396-a103ff354668" testListId="8c84fa94-04c1-424b-9868-57a2d4851a1d" />
    <TestEntry testId="2e8e3697-e09e-4039-a767-eaa8a73f1f96" executionId="0e5e2b32-5387-4da4-930c-03a314d2718f" testListId="8c84fa94-04c1-424b-9868-57a2d4851a1d" />
    <TestEntry testId="c1a4e076-4b99-4300-ac56-5929918f1988" executionId="99bcb33d-e687-4253-9506-67bfdd50efbc" testListId="8c84fa94-04c1-424b-9868-57a2d4851a1d" />
    <TestEntry testId="b6fe174c-47b0-4225-be9b-6a0c2cef9909" executionId="4e9dbd46-9a27-4749-a129-13f4b5ab8b14" testListId="8c84fa94-04c1-424b-9868-57a2d4851a1d" />
    <TestEntry testId="0ef15c77-d1da-4dcb-9900-782b2b29652d" executionId="d5daeda5-24b1-4688-95f7-e58f14ddcb1f" testListId="8c84fa94-04c1-424b-9868-57a2d4851a1d" />
    <TestEntry testId="86653be2-782a-4049-89c5-f0e2570984cf" executionId="fbb5dab3-b14a-4797-9d88-d40e60941884" testListId="8c84fa94-04c1-424b-9868-57a2d4851a1d" />
    <TestEntry testId="d6707480-695f-48db-b5b5-3deab41ec96d" executionId="37faf789-f48a-429b-9df4-3f276f3d19f1" testListId="8c84fa94-04c1-424b-9868-57a2d4851a1d" />
    <TestEntry testId="79553166-d07d-46cf-a729-ea9d7a719873" executionId="884c0ff5-d2c8-4696-82ed-552117f73863" testListId="8c84fa94-04c1-424b-9868-57a2d4851a1d" />
    <TestEntry testId="5a501283-ccb4-4d44-b87a-786c14ec3553" executionId="cdaf9787-eca2-4421-992a-deb28431f7fc" testListId="8c84fa94-04c1-424b-9868-57a2d4851a1d" />
    <TestEntry testId="ca3038dd-a57d-4de9-bd61-9be5187bd6ca" executionId="7cb80607-cdc3-40c9-93ab-e88c11068da0" testListId="8c84fa94-04c1-424b-9868-57a2d4851a1d" />
    <TestEntry testId="4f0ed477-936a-4266-a264-e90536554486" executionId="9cb69f71-fc32-4702-81e9-009b636b8c6f" testListId="8c84fa94-04c1-424b-9868-57a2d4851a1d" />
    <TestEntry testId="4b91eb25-64d3-43f5-90b6-d8f3fc074a20" executionId="73177ac9-5e54-45fa-bb95-d970ec04d246" testListId="8c84fa94-04c1-424b-9868-57a2d4851a1d" />
    <TestEntry testId="5d522f91-061e-4d06-afc8-c6d0fe7a4bfc" executionId="7612b7d3-7b04-47f8-99bc-3c140f693466" testListId="8c84fa94-04c1-424b-9868-57a2d4851a1d" />
    <TestEntry testId="53b558ff-7962-41ae-ac40-fb219cbb8c7b" executionId="01207f4b-92bb-4a49-9893-1ae6f300e92c" testListId="8c84fa94-04c1-424b-9868-57a2d4851a1d" />
    <TestEntry testId="a8440bc0-13fe-4c46-a2a3-7a3699e7edf8" executionId="928713e8-feee-4fec-95cc-6656359ed29c" testListId="8c84fa94-04c1-424b-9868-57a2d4851a1d" />
    <TestEntry testId="50fccc2b-a499-49cd-aa37-4bbfc53be977" executionId="61e28fc6-a2e6-4d0d-8c37-05784980909d" testListId="8c84fa94-04c1-424b-9868-57a2d4851a1d" />
    <TestEntry testId="3c5ecfbc-2ebf-45d6-a2f2-0a4378682770" executionId="632a19f7-f18d-4823-ba5a-df388ffe9987" testListId="8c84fa94-04c1-424b-9868-57a2d4851a1d" />
    <TestEntry testId="960cdcc9-87f7-43c2-8d2f-17f7ce89ef35" executionId="f01d6507-b7c0-4cc7-b87a-7e6ea830a9a9" testListId="8c84fa94-04c1-424b-9868-57a2d4851a1d" />
    <TestEntry testId="b385284a-9303-48ab-aa5d-d19ca8c81162" executionId="4b0af333-3272-4207-ad8e-a3bd847bc1f8" testListId="8c84fa94-04c1-424b-9868-57a2d4851a1d" />
    <TestEntry testId="ddcd43fb-3026-495d-a114-2869d0105d98" executionId="1a64a3a0-6146-4230-b80c-4ebf3ec37fe0" testListId="8c84fa94-04c1-424b-9868-57a2d4851a1d" />
    <TestEntry testId="1c2a87e8-637e-458f-84c5-d90b96de633f" executionId="5f86b8f9-ef59-40b1-b1e4-e32724ef1f1f" testListId="8c84fa94-04c1-424b-9868-57a2d4851a1d" />
    <TestEntry testId="233abb86-0da3-40c9-93f6-9f59d978a480" executionId="8be3fdb7-f6f7-4867-8e03-1a5ce99efe3f" testListId="8c84fa94-04c1-424b-9868-57a2d4851a1d" />
    <TestEntry testId="8d6071ef-443c-4fc8-86ec-e2e7acb6a84b" executionId="face8bc0-9aa4-44ce-a8c3-1365a7d8773e" testListId="8c84fa94-04c1-424b-9868-57a2d4851a1d" />
    <TestEntry testId="bd523143-fdb0-47e5-a787-16b0eada86f6" executionId="4cd77361-c968-4749-9d1c-3a7a2a8f68d7" testListId="8c84fa94-04c1-424b-9868-57a2d4851a1d" />
    <TestEntry testId="df6e8633-ce81-4afd-9eb0-c21b3080547b" executionId="70349de7-7081-4e75-95ce-dec8435e410c" testListId="8c84fa94-04c1-424b-9868-57a2d4851a1d" />
    <TestEntry testId="f99f1009-7e70-4c45-bd8c-1d3df776b475" executionId="930fc53a-9b11-4c6f-ac8b-732c13259047" testListId="8c84fa94-04c1-424b-9868-57a2d4851a1d" />
    <TestEntry testId="80b6d4a5-7b76-4c33-aa23-e9c1789bff5e" executionId="ef4caa01-0ac6-42c1-9f35-f66a1855bed3" testListId="8c84fa94-04c1-424b-9868-57a2d4851a1d" />
    <TestEntry testId="d707bc8d-2067-4175-925c-21e32e492f7f" executionId="0afe81a7-5d99-4360-ba09-3faa4f436c3a" testListId="8c84fa94-04c1-424b-9868-57a2d4851a1d" />
    <TestEntry testId="c1cb3d3d-21c3-449f-82fd-f447707dc07e" executionId="ec9cd7d5-703f-4160-804d-5529521ad441" testListId="8c84fa94-04c1-424b-9868-57a2d4851a1d" />
    <TestEntry testId="aedce594-8750-4812-8182-afdf7bb08fd6" executionId="fea62685-5938-4d16-be58-a76cb1429914" testListId="8c84fa94-04c1-424b-9868-57a2d4851a1d" />
    <TestEntry testId="ff4640a8-9566-40b5-883f-b5328b7b0a93" executionId="5c69771f-343d-4acc-abd1-aee25ef5c5e6" testListId="8c84fa94-04c1-424b-9868-57a2d4851a1d" />
    <TestEntry testId="e8a353d9-c979-4e15-a5dc-aec4b26c20fd" executionId="c2911f47-beff-4647-8770-72d0ed791799" testListId="8c84fa94-04c1-424b-9868-57a2d4851a1d" />
    <TestEntry testId="47291e8d-3682-48b1-8274-952bef13a9fb" executionId="27f0b374-0f3c-4cfd-9d67-15325a5aab9d" testListId="8c84fa94-04c1-424b-9868-57a2d4851a1d" />
    <TestEntry testId="481d3f27-fb7d-45fb-8422-5f017bfb9173" executionId="fd163e0d-6800-4401-a51b-0c42bb5a8e72" testListId="8c84fa94-04c1-424b-9868-57a2d4851a1d" />
    <TestEntry testId="988f246e-48e2-4d72-bec3-af63f3047ed9" executionId="8ce34eb6-153f-4f20-a390-89bcbb07ec50" testListId="8c84fa94-04c1-424b-9868-57a2d4851a1d" />
    <TestEntry testId="fda8b222-4bff-498f-af71-bdb5cc19a102" executionId="f47929af-60e5-4e5d-a3db-4172bb75ddb8" testListId="8c84fa94-04c1-424b-9868-57a2d4851a1d" />
    <TestEntry testId="19c5cf19-966a-498d-99b5-c6da6c37aa73" executionId="2a656145-b867-4022-9432-a39c9c0768f6" testListId="8c84fa94-04c1-424b-9868-57a2d4851a1d" />
    <TestEntry testId="a3ab2f6f-79e8-41c9-b88f-57223c78d936" executionId="f6fe855d-cfdd-4a10-94e6-d177529e5b6c" testListId="8c84fa94-04c1-424b-9868-57a2d4851a1d" />
    <TestEntry testId="ab1cba9a-1aaf-49cf-8578-f2f348a503a9" executionId="bcfb9743-1058-4b14-aecf-192cdee23054" testListId="8c84fa94-04c1-424b-9868-57a2d4851a1d" />
    <TestEntry testId="c8e23a15-ddf9-4378-b529-e32520ed4c6f" executionId="42e2f467-0a80-4a33-a80a-3b5966840e57" testListId="8c84fa94-04c1-424b-9868-57a2d4851a1d" />
    <TestEntry testId="558a67dd-93c2-4511-ac51-136632c900d2" executionId="acb13e3d-7a1c-4db2-afbd-0698453e2b34" testListId="8c84fa94-04c1-424b-9868-57a2d4851a1d" />
    <TestEntry testId="a7df2404-20c3-4da8-9207-d11fa9cad74d" executionId="a1e34b2a-306e-447f-9c4d-148a54d80415" testListId="8c84fa94-04c1-424b-9868-57a2d4851a1d" />
    <TestEntry testId="cc485311-be55-4fb2-879e-f7f760fdac9a" executionId="5bdf34da-4de2-494f-9e87-bafc2e117120" testListId="8c84fa94-04c1-424b-9868-57a2d4851a1d" />
    <TestEntry testId="72eb5fd4-3033-44fe-94b8-9b52fdfaf04e" executionId="8902b9fc-e71a-44b8-8bb7-99b00881bc73" testListId="8c84fa94-04c1-424b-9868-57a2d4851a1d" />
    <TestEntry testId="58127d47-4e72-42bf-838d-b06352d894b9" executionId="a934b5da-65b0-4291-8a55-81bf1e460f11" testListId="8c84fa94-04c1-424b-9868-57a2d4851a1d" />
    <TestEntry testId="71494e64-922c-4479-86ae-70d17330af28" executionId="56b8fd9b-8080-4d7e-98be-ea11674a22a0" testListId="8c84fa94-04c1-424b-9868-57a2d4851a1d" />
    <TestEntry testId="e88b43dd-7634-4a7b-8a98-b7264ef53cf8" executionId="cae0dda3-b8f8-4017-8946-2b8801e6833d" testListId="8c84fa94-04c1-424b-9868-57a2d4851a1d" />
    <TestEntry testId="f2296104-c8a2-4a4b-872b-ec299616ec1b" executionId="66b7610e-a4e3-4f6c-a8ed-3e52f6056c5c" testListId="8c84fa94-04c1-424b-9868-57a2d4851a1d" />
    <TestEntry testId="47b3a16f-335c-4e68-ba24-10ec77351269" executionId="6ca49e1a-0e0b-46c2-a635-63304fac93d4" testListId="8c84fa94-04c1-424b-9868-57a2d4851a1d" />
    <TestEntry testId="9935871b-aa4f-4336-a127-eaa17129fbc1" executionId="33f28ad0-15bf-45c9-93e2-8dca7caa3716" testListId="8c84fa94-04c1-424b-9868-57a2d4851a1d" />
    <TestEntry testId="553daff3-e801-4f1a-a828-e997ebb0c7f5" executionId="3e49f360-db6d-44d4-9d67-a47daf3721c5" testListId="8c84fa94-04c1-424b-9868-57a2d4851a1d" />
    <TestEntry testId="25fddcc9-f9dc-4ffc-bb88-7f58e8036d13" executionId="e301f146-f01a-49bc-978b-8f9a5732a1a8" testListId="8c84fa94-04c1-424b-9868-57a2d4851a1d" />
    <TestEntry testId="b452b6fa-72c2-411b-a1b6-7a423ce4be86" executionId="a334770e-d4ec-4e15-a5de-2f8aa1b2cd4f" testListId="8c84fa94-04c1-424b-9868-57a2d4851a1d" />
    <TestEntry testId="de696064-20a3-42c8-bea7-220231848071" executionId="5fb25130-fc5f-44f9-957f-f770e8da7a02" testListId="8c84fa94-04c1-424b-9868-57a2d4851a1d" />
    <TestEntry testId="1bfb013e-3f2a-4fc8-bdf3-0497220c8b2b" executionId="51f4f025-e9db-4ed6-abc2-ef4f123175ca" testListId="8c84fa94-04c1-424b-9868-57a2d4851a1d" />
    <TestEntry testId="949ef435-7de0-4d4a-af10-ba5041b27be1" executionId="7f73d2d3-e3a8-4854-bf7b-1f1f789e7753" testListId="8c84fa94-04c1-424b-9868-57a2d4851a1d" />
    <TestEntry testId="2bb0563d-c396-4b0d-8c27-120dfd5afd9f" executionId="2c51cf98-370a-4a17-a633-aa4173e9bdaf" testListId="8c84fa94-04c1-424b-9868-57a2d4851a1d" />
    <TestEntry testId="5def4f33-23a4-4852-8801-f1c746230dd2" executionId="1e62a149-0eeb-443c-93c9-8a0f892d6ec4" testListId="8c84fa94-04c1-424b-9868-57a2d4851a1d" />
    <TestEntry testId="fc13d1cd-79cd-474f-b3b0-58c27663da3c" executionId="e4a0817a-4ab7-49d3-93c9-d58ca826e353" testListId="8c84fa94-04c1-424b-9868-57a2d4851a1d" />
    <TestEntry testId="26da223a-341c-4f0e-acb5-d05931cf5f9c" executionId="56dcd239-d3f5-44e7-b381-01fe447bd0a1" testListId="8c84fa94-04c1-424b-9868-57a2d4851a1d" />
    <TestEntry testId="203729f0-7bee-43f2-b649-a023ecbb54c1" executionId="ddbaf76c-b742-457d-812b-425f6fd315a5" testListId="8c84fa94-04c1-424b-9868-57a2d4851a1d" />
    <TestEntry testId="dbf959f7-10ca-46f7-94eb-90ae730deaca" executionId="afe0ae4c-291d-4234-b9cd-49cbf9b83c80" testListId="8c84fa94-04c1-424b-9868-57a2d4851a1d" />
    <TestEntry testId="0f98094b-af7c-4b8c-876d-35c3f8a8a1e6" executionId="a6259b01-0b77-412f-a074-bec954198d08" testListId="8c84fa94-04c1-424b-9868-57a2d4851a1d" />
    <TestEntry testId="4ce8b06a-d761-4719-8a57-7f22483bbb44" executionId="93aa3082-b006-4b74-b589-fd2fb2b95a86" testListId="8c84fa94-04c1-424b-9868-57a2d4851a1d" />
    <TestEntry testId="98fe29a6-db41-4c59-ad26-2f4bd9eaedc8" executionId="d6ef24ef-d488-43af-ad18-05cf70ffd781" testListId="8c84fa94-04c1-424b-9868-57a2d4851a1d" />
    <TestEntry testId="3f5dee95-2a02-4b5e-8366-c805347fd8a3" executionId="adf6897d-6202-464c-bb3a-18e367adbd0a" testListId="8c84fa94-04c1-424b-9868-57a2d4851a1d" />
    <TestEntry testId="2658ea67-75d9-4c13-94e0-27fa4404f204" executionId="5631c1f5-edaf-4c21-b068-1390e35663f3" testListId="8c84fa94-04c1-424b-9868-57a2d4851a1d" />
    <TestEntry testId="28f464eb-ecfb-4339-a255-7f28b8c02f11" executionId="27110cd2-848f-482d-981a-58e3d32db3ba" testListId="8c84fa94-04c1-424b-9868-57a2d4851a1d" />
    <TestEntry testId="b10fd119-9ae0-4d94-a796-f3961c9e3236" executionId="508054a2-0fe2-4a97-bdae-17c063955d62" testListId="8c84fa94-04c1-424b-9868-57a2d4851a1d" />
    <TestEntry testId="ddc377a5-b1d4-437a-a09d-b6e4cee11b43" executionId="9d5099cc-4b7d-4f58-81e3-82bb958bf6f1" testListId="8c84fa94-04c1-424b-9868-57a2d4851a1d" />
    <TestEntry testId="dfe0d376-fe32-4793-bc30-9b1cfc5a1350" executionId="060345b9-56b3-4629-9ea4-5f59a46d8425" testListId="8c84fa94-04c1-424b-9868-57a2d4851a1d" />
    <TestEntry testId="90d5ae96-faf3-4f03-8ba8-4c524d35f043" executionId="e0de64d2-b713-40bf-a7e4-a57b49564da4" testListId="8c84fa94-04c1-424b-9868-57a2d4851a1d" />
    <TestEntry testId="4ad1c005-7bbb-4f69-91c2-be0d5294ad9c" executionId="702914f5-2474-4d4d-aef5-70bfe989b55f" testListId="8c84fa94-04c1-424b-9868-57a2d4851a1d" />
    <TestEntry testId="44be234c-7d6f-466a-9e1a-1d348d27ad23" executionId="2ab00341-1d7b-4d66-837e-145dce1d42e7" testListId="8c84fa94-04c1-424b-9868-57a2d4851a1d" />
    <TestEntry testId="0186e680-a300-42db-9551-433a3a2e147f" executionId="ed3e16f2-ed65-4454-823d-067287d59319" testListId="8c84fa94-04c1-424b-9868-57a2d4851a1d" />
    <TestEntry testId="e0782fab-a1de-4aad-b34e-2cbecbca98f3" executionId="4f6e9145-a446-4c38-aea9-54c71a43768c" testListId="8c84fa94-04c1-424b-9868-57a2d4851a1d" />
    <TestEntry testId="f57fc820-4fc5-4cbb-a8d9-1b27475f9807" executionId="2cea9367-3f6f-4aa4-8fc1-b514d92b8394" testListId="8c84fa94-04c1-424b-9868-57a2d4851a1d" />
    <TestEntry testId="afa2af94-86c1-4295-8c57-6aeaf0604c62" executionId="aff8d56d-3d2d-4086-8e67-617ec89385f8" testListId="8c84fa94-04c1-424b-9868-57a2d4851a1d" />
    <TestEntry testId="c4a1d2b7-5b8f-4d48-ad3c-c9e17d8eb0ce" executionId="fa151088-d938-40ca-8619-fc834a22cdab" testListId="8c84fa94-04c1-424b-9868-57a2d4851a1d" />
    <TestEntry testId="efe243da-1df3-48f4-b685-b8ebd3afba8b" executionId="f32624f8-64ff-466c-9294-7cc81c4d761e" testListId="8c84fa94-04c1-424b-9868-57a2d4851a1d" />
    <TestEntry testId="29809524-72a7-48cf-bcbd-d9be2ef2d4cf" executionId="eb78da8f-3b3c-46ce-821d-4287de3b5220" testListId="8c84fa94-04c1-424b-9868-57a2d4851a1d" />
    <TestEntry testId="11ccad03-a4e3-4b47-9b08-f60bc45b4bef" executionId="4f370665-bd4a-48c3-92c1-a21171e7dc80" testListId="8c84fa94-04c1-424b-9868-57a2d4851a1d" />
    <TestEntry testId="a0efaf19-cde3-472c-bbc8-dcb701fde4db" executionId="d1b38f4d-61f9-4a5d-88f6-9271e4656f45" testListId="8c84fa94-04c1-424b-9868-57a2d4851a1d" />
    <TestEntry testId="4cb66c44-0604-4fc6-93f2-3f8c6164f7e3" executionId="b83af50d-4b48-4091-beae-b7f623dee772" testListId="8c84fa94-04c1-424b-9868-57a2d4851a1d" />
    <TestEntry testId="01ecbfe4-d679-4196-9a21-ce07755aafcd" executionId="d83d1f7e-d9d6-4f76-a8a7-5ad8d3ee8e35" testListId="8c84fa94-04c1-424b-9868-57a2d4851a1d" />
    <TestEntry testId="c0e350c4-d3f7-4f19-a759-86a1e74b1c74" executionId="ae60073c-f329-4995-a099-119ce3c8b64f" testListId="8c84fa94-04c1-424b-9868-57a2d4851a1d" />
    <TestEntry testId="3ac15f16-d680-4d6a-880b-394ccd3a2b15" executionId="cc9c3ac7-39da-470b-b7c8-5c9603981812" testListId="8c84fa94-04c1-424b-9868-57a2d4851a1d" />
    <TestEntry testId="e97d75b8-65b1-4f36-b291-31e3eb9c4e37" executionId="add9e8ac-edd5-4dd7-b249-b6a09d7d878a" testListId="8c84fa94-04c1-424b-9868-57a2d4851a1d" />
    <TestEntry testId="e50bd4c4-f3a4-4ca9-8415-4163a72ed363" executionId="66273dee-8318-4054-859a-240eed6cd281" testListId="8c84fa94-04c1-424b-9868-57a2d4851a1d" />
    <TestEntry testId="25f09b41-e25b-405d-b176-27928c743450" executionId="02447dd3-42ff-4020-abdc-83cd87f69e17" testListId="8c84fa94-04c1-424b-9868-57a2d4851a1d" />
    <TestEntry testId="817af8a4-f59c-4a9d-ab8c-a4bf55db92b1" executionId="8b751ecb-8600-4ad9-b95c-5395968d5ae4" testListId="8c84fa94-04c1-424b-9868-57a2d4851a1d" />
    <TestEntry testId="c63805b9-d4cb-4c74-9e77-c0e33fbdd5c8" executionId="f6d483c7-b694-4632-86c4-c8fe20b764d9" testListId="8c84fa94-04c1-424b-9868-57a2d4851a1d" />
    <TestEntry testId="4ef93d63-a298-4b61-b91b-abb70ea1eec3" executionId="74583952-9b34-47f7-a985-c0c47cea2367" testListId="8c84fa94-04c1-424b-9868-57a2d4851a1d" />
    <TestEntry testId="a948b34b-d5f4-452c-9d2e-bb2483dbc89e" executionId="ec9bb20b-83fb-4fc1-bb40-1858bcf24406" testListId="8c84fa94-04c1-424b-9868-57a2d4851a1d" />
    <TestEntry testId="5144a6ca-abe2-4564-890b-536c49d6c99f" executionId="354c13f0-b118-40b5-b6ec-4d1dc53d5ea2" testListId="8c84fa94-04c1-424b-9868-57a2d4851a1d" />
    <TestEntry testId="d686278d-fde3-407b-a86f-1dc8a15160f2" executionId="d4f000f7-31e9-4f18-849b-456e8e5ae021" testListId="8c84fa94-04c1-424b-9868-57a2d4851a1d" />
    <TestEntry testId="1f20b87c-aa4a-4c69-ad31-cbe392540460" executionId="d6302c79-3eb5-48b6-9fbe-d995a4ab896d" testListId="8c84fa94-04c1-424b-9868-57a2d4851a1d" />
    <TestEntry testId="c281035c-e95d-41f8-80f0-08cffbbfe371" executionId="713132cc-2ca9-4116-a95e-54d1baacec53" testListId="8c84fa94-04c1-424b-9868-57a2d4851a1d" />
    <TestEntry testId="b1ec192a-4006-4ce1-aed5-20668244817f" executionId="c87b6dd7-74b9-46a5-8c2d-fb97c2d3cd39" testListId="8c84fa94-04c1-424b-9868-57a2d4851a1d" />
    <TestEntry testId="974a6d52-98b8-4097-8dcd-ccdb2cc80055" executionId="eb0645e6-7f6c-4f33-a9c4-1598eb82270b" testListId="8c84fa94-04c1-424b-9868-57a2d4851a1d" />
    <TestEntry testId="13732046-f8b5-4ed9-a805-114fe8c4e84e" executionId="dea16eb0-3097-4c6a-b40c-6b6c29638e27" testListId="8c84fa94-04c1-424b-9868-57a2d4851a1d" />
    <TestEntry testId="a275237d-ea82-48ac-8a2a-a8ceb1b89476" executionId="879935ae-41d7-4c14-bf38-fb30689d0fd5" testListId="8c84fa94-04c1-424b-9868-57a2d4851a1d" />
    <TestEntry testId="9588e1ca-777b-4f28-b029-b7e0bcf7d820" executionId="c2888f60-ba79-4b97-9ada-dd6b5b1110a3" testListId="8c84fa94-04c1-424b-9868-57a2d4851a1d" />
    <TestEntry testId="d1a5cbca-20ac-49ae-aaac-b36a41da6a4a" executionId="974a6e16-c737-454e-94b7-577b6a045701" testListId="8c84fa94-04c1-424b-9868-57a2d4851a1d" />
    <TestEntry testId="95e60f23-6c8d-4f5f-adcd-36934a3e857b" executionId="bf1d45d0-4a15-47d6-9dd8-3146202e596d" testListId="8c84fa94-04c1-424b-9868-57a2d4851a1d" />
    <TestEntry testId="62c82daf-1835-48c8-975b-6cb1b6670811" executionId="53cdee64-3a8d-4537-8e51-6aa31f665405" testListId="8c84fa94-04c1-424b-9868-57a2d4851a1d" />
    <TestEntry testId="a13c6547-7845-4c62-a5e3-b04de3625400" executionId="984941f6-7fbb-410e-bf8c-579add9271b5" testListId="8c84fa94-04c1-424b-9868-57a2d4851a1d" />
    <TestEntry testId="6dcb9963-b032-4c60-856f-220b8f5b81b3" executionId="6035be96-c243-4d2a-abc4-97161ac42daa" testListId="8c84fa94-04c1-424b-9868-57a2d4851a1d" />
    <TestEntry testId="9041205c-326c-490c-a768-720a3d7dc6f6" executionId="78ab166a-1ba1-4e2a-aeef-99116a4ee53b" testListId="8c84fa94-04c1-424b-9868-57a2d4851a1d" />
    <TestEntry testId="6aae79dc-7b42-43ff-93e2-b33b06e5f400" executionId="e2a17b53-38ec-4406-960d-e80a698b5d12" testListId="8c84fa94-04c1-424b-9868-57a2d4851a1d" />
    <TestEntry testId="cdeefcf2-8af1-4108-8180-2397d4a46a5f" executionId="d32d5015-e724-4313-8277-e946ee56ed60" testListId="8c84fa94-04c1-424b-9868-57a2d4851a1d" />
    <TestEntry testId="d19b017f-a298-43ca-a3ae-d76689883166" executionId="04ead0fc-e2ec-4dbb-aa7d-285327b9c1e1" testListId="8c84fa94-04c1-424b-9868-57a2d4851a1d" />
    <TestEntry testId="3324009c-95c6-41e1-9b85-4d88068575aa" executionId="dbf882ef-1e1f-419c-bcd4-0559c775d4a4" testListId="8c84fa94-04c1-424b-9868-57a2d4851a1d" />
    <TestEntry testId="4e17eb71-8147-4627-ba22-0cf602cb5111" executionId="81ed9333-cf04-4412-ba91-9526e80ca4a0" testListId="8c84fa94-04c1-424b-9868-57a2d4851a1d" />
    <TestEntry testId="fd516db7-a5ac-4da6-932f-3b3dc8274d05" executionId="7ff02cd4-d249-44ee-acdf-219d6b08f9b2" testListId="8c84fa94-04c1-424b-9868-57a2d4851a1d" />
    <TestEntry testId="d933da42-c338-4d37-a3ff-3a519355399b" executionId="0b2eb588-e362-46e8-b815-677745191806" testListId="8c84fa94-04c1-424b-9868-57a2d4851a1d" />
    <TestEntry testId="7dc58cd8-8a44-449c-b0d2-a4d1f85a5b6c" executionId="4e4f8d85-2996-46a9-b576-c9a68bd61de5" testListId="8c84fa94-04c1-424b-9868-57a2d4851a1d" />
    <TestEntry testId="45313855-aa56-4959-9378-5ba2adef0c24" executionId="f13f1337-4a1a-43fb-9bc4-e8a5e3234c91" testListId="8c84fa94-04c1-424b-9868-57a2d4851a1d" />
    <TestEntry testId="475fe54a-af8b-4a8d-8b88-4c17e0418fe4" executionId="c3280142-942d-49d2-9549-511dd999f541" testListId="8c84fa94-04c1-424b-9868-57a2d4851a1d" />
    <TestEntry testId="1771dcd0-8b7d-4d9a-b07a-5fc5dd3e2cd9" executionId="0dce37bb-697a-4d7d-ac11-4029f6836d70" testListId="8c84fa94-04c1-424b-9868-57a2d4851a1d" />
    <TestEntry testId="92665b70-91c1-4e99-9852-b0d34488e093" executionId="b909520f-c721-4132-b93b-aaae182c061f" testListId="8c84fa94-04c1-424b-9868-57a2d4851a1d" />
    <TestEntry testId="d12debeb-6407-43b4-9cf5-5528fa6891e9" executionId="5a24a4d1-8fad-41b6-b33c-cc1ecb6354a6" testListId="8c84fa94-04c1-424b-9868-57a2d4851a1d" />
    <TestEntry testId="94390001-3788-4b77-9a18-5cf86ff13ecb" executionId="909509e3-c9ea-47f0-a455-be58eecd5cae" testListId="8c84fa94-04c1-424b-9868-57a2d4851a1d" />
    <TestEntry testId="167e4d41-3e19-43b6-b501-4137ec37b5f3" executionId="96b61fc2-3e4c-466d-b3b6-f95f460cf6ee" testListId="8c84fa94-04c1-424b-9868-57a2d4851a1d" />
    <TestEntry testId="40dd3e0e-89da-4c14-b5d7-90a5a471c6c7" executionId="d4963d82-d5ae-48f7-afb9-9b451779b25b" testListId="8c84fa94-04c1-424b-9868-57a2d4851a1d" />
    <TestEntry testId="24b6abc0-74fb-4f3b-a38e-c91131bad076" executionId="97360f52-e53a-40b6-a152-89438bd3cf23" testListId="8c84fa94-04c1-424b-9868-57a2d4851a1d" />
    <TestEntry testId="b426ba20-66c3-4380-b560-376fb675b590" executionId="43250073-45dc-4638-883a-0180964b2c30" testListId="8c84fa94-04c1-424b-9868-57a2d4851a1d" />
    <TestEntry testId="ad35628d-2c6f-40f3-a62f-d0995516dd8a" executionId="b689aaa8-f234-45fa-8d51-b7a3a88d6688" testListId="8c84fa94-04c1-424b-9868-57a2d4851a1d" />
    <TestEntry testId="d267ea4d-7cc7-44bb-b415-f620cece65d0" executionId="f30bd096-b9cd-4ee0-b458-4c8192e49f8b" testListId="8c84fa94-04c1-424b-9868-57a2d4851a1d" />
    <TestEntry testId="345aafa3-1141-4041-a804-c600ec774347" executionId="9b0a64ea-840f-4b86-a96e-1a3dac109728" testListId="8c84fa94-04c1-424b-9868-57a2d4851a1d" />
    <TestEntry testId="9e1c3348-5a17-4e64-b3b3-4d6a2a1cc9bb" executionId="e7933f8b-768a-41bf-a6eb-34795e44c5cc" testListId="8c84fa94-04c1-424b-9868-57a2d4851a1d" />
    <TestEntry testId="3b159faf-ba42-4dd9-8f03-cb0669a2b725" executionId="2f3126cc-e193-4d22-bccb-12730654f42d" testListId="8c84fa94-04c1-424b-9868-57a2d4851a1d" />
    <TestEntry testId="eaf6ba4f-8f3f-4c7c-b76e-aa2fde504fe0" executionId="26df76a2-e755-4ec8-aadd-4dbd56ecde79" testListId="8c84fa94-04c1-424b-9868-57a2d4851a1d" />
    <TestEntry testId="88ce568b-e04d-4853-b9fa-ce32d5656a67" executionId="ec8070bd-e258-4501-bca8-c5de07607cd4" testListId="8c84fa94-04c1-424b-9868-57a2d4851a1d" />
    <TestEntry testId="b1f0ef53-c387-4eeb-8065-ec7e3c759cb8" executionId="3cfff85d-e990-4f10-ade1-79369e80e615" testListId="8c84fa94-04c1-424b-9868-57a2d4851a1d" />
    <TestEntry testId="c039043a-62ab-4242-82c7-bcc66976d49d" executionId="3773ce87-caf5-405f-857f-6fe61455a94f" testListId="8c84fa94-04c1-424b-9868-57a2d4851a1d" />
    <TestEntry testId="0810338c-d7c6-4f5e-82aa-139c9ea010ec" executionId="c7844d1b-91ca-41e8-9759-15b46d57ef2a" testListId="8c84fa94-04c1-424b-9868-57a2d4851a1d" />
    <TestEntry testId="af355355-93f0-459c-be5d-499f515122f0" executionId="5a73eeb2-3b63-4d51-9262-30454f364a4d" testListId="8c84fa94-04c1-424b-9868-57a2d4851a1d" />
    <TestEntry testId="5f1d4341-3d16-4240-867d-965fb8e6b711" executionId="9f6d6cbd-770c-4bdd-a446-fd1a541e4bc5" testListId="8c84fa94-04c1-424b-9868-57a2d4851a1d" />
    <TestEntry testId="73dda392-4320-421c-b214-16efe06e4c96" executionId="fba2e583-b093-4f2b-be8b-17ca26c40f46" testListId="8c84fa94-04c1-424b-9868-57a2d4851a1d" />
    <TestEntry testId="3805d517-aebd-4f86-b7a8-5c7bd7821f23" executionId="c8db5827-5684-49a2-b04d-c1f6e31b80c5" testListId="8c84fa94-04c1-424b-9868-57a2d4851a1d" />
    <TestEntry testId="bb56d14d-87df-435e-afb1-7d0f9f0fe4de" executionId="43ffa4e6-0c79-4b9d-82a9-ef2c7682d599" testListId="8c84fa94-04c1-424b-9868-57a2d4851a1d" />
    <TestEntry testId="5fa5f2a8-7b15-44ba-9c6d-d0d69b7c1ee2" executionId="42174b14-9e53-468f-bb7f-90ee4e2fc8e9" testListId="8c84fa94-04c1-424b-9868-57a2d4851a1d" />
    <TestEntry testId="eb5f4228-3030-43d3-80b7-3034719c6ada" executionId="8fbd2199-a697-4bdf-a861-2e0157760bca" testListId="8c84fa94-04c1-424b-9868-57a2d4851a1d" />
    <TestEntry testId="18ce434e-5fac-42ca-a9ad-6a37762e5bd3" executionId="97440efd-932e-4041-95e6-937e29a2eb10" testListId="8c84fa94-04c1-424b-9868-57a2d4851a1d" />
    <TestEntry testId="c634749b-3a90-4748-b830-0f528f90258a" executionId="d3a58e3d-86bd-44a6-b712-dc3e2a7080f0" testListId="8c84fa94-04c1-424b-9868-57a2d4851a1d" />
    <TestEntry testId="5eeb7adc-ed34-4d2d-a1e2-e057b958ce20" executionId="3fd128fa-dff9-4c23-8c94-26bbc08b18a4" testListId="8c84fa94-04c1-424b-9868-57a2d4851a1d" />
    <TestEntry testId="5f9668fb-3a2b-4e08-8797-2da9021916ca" executionId="6b47ce92-11f8-4dd7-bb70-6a802d6581e1" testListId="8c84fa94-04c1-424b-9868-57a2d4851a1d" />
    <TestEntry testId="2c99a9b7-ed1e-4ee0-b07b-27a6b08dd413" executionId="c5879fde-3bb7-4b8e-87dd-fb18848de1c9" testListId="8c84fa94-04c1-424b-9868-57a2d4851a1d" />
    <TestEntry testId="c983c45a-7dad-4708-9ab5-53b9dab778f5" executionId="1378d62b-fb0a-4b2e-9b58-b755a309453d" testListId="8c84fa94-04c1-424b-9868-57a2d4851a1d" />
    <TestEntry testId="bbee07ad-253e-4247-8f3c-91a605bfb9b4" executionId="ace53435-a07d-4220-85ed-53fa4150f7c8" testListId="8c84fa94-04c1-424b-9868-57a2d4851a1d" />
    <TestEntry testId="019aad7c-a0b0-4e63-9514-9387f97ae569" executionId="e3fc2629-b85e-44fe-96b7-2031541f3b23" testListId="8c84fa94-04c1-424b-9868-57a2d4851a1d" />
    <TestEntry testId="a29d95d1-7382-4177-9eb5-0ca9d1a25e07" executionId="b8962a3d-6f83-428b-980b-94e36ccb76ff" testListId="8c84fa94-04c1-424b-9868-57a2d4851a1d" />
    <TestEntry testId="86c8b7ed-d03b-466d-90b1-60e22c8b07f7" executionId="dcbd8513-9aea-4e57-b9e3-61657011d380" testListId="8c84fa94-04c1-424b-9868-57a2d4851a1d" />
    <TestEntry testId="6d1dfda9-f3d9-4409-8199-31f11669813c" executionId="a00e3d26-cbe3-42f7-be83-759ed7247475" testListId="8c84fa94-04c1-424b-9868-57a2d4851a1d" />
    <TestEntry testId="2ee84abb-94cc-4a91-8466-575fc2ac7f76" executionId="f2781c3e-c586-4425-a5d5-42c35e265dfb" testListId="8c84fa94-04c1-424b-9868-57a2d4851a1d" />
    <TestEntry testId="76b9e1af-c583-420d-9c4c-7b6167a4e679" executionId="0bb6facd-ba29-4d1f-b903-19ac8950cafe" testListId="8c84fa94-04c1-424b-9868-57a2d4851a1d" />
    <TestEntry testId="2adef61c-97b2-4a07-a57e-a57fd2eabd39" executionId="f8c286b6-e58e-4ee4-81bc-982dec95cf9d" testListId="8c84fa94-04c1-424b-9868-57a2d4851a1d" />
    <TestEntry testId="7e1c5633-511d-4946-9c94-aadc124d2b79" executionId="d9d98c61-1036-4425-9e84-dfa0f0874c3a" testListId="8c84fa94-04c1-424b-9868-57a2d4851a1d" />
    <TestEntry testId="842e52b6-476b-4554-a363-f9ab44c5e0a1" executionId="cc426fe9-8173-4a37-9908-1420937ea4ee" testListId="8c84fa94-04c1-424b-9868-57a2d4851a1d" />
    <TestEntry testId="2dff86d5-27b7-4447-bfe9-98e68dc1ea02" executionId="e2c28e98-8a95-4cbd-b2eb-927b6932e668" testListId="8c84fa94-04c1-424b-9868-57a2d4851a1d" />
    <TestEntry testId="10fc5b70-036b-4a9c-b03f-461c831e7405" executionId="6563ef34-ec38-4098-aa63-e9817b7b8b61" testListId="8c84fa94-04c1-424b-9868-57a2d4851a1d" />
    <TestEntry testId="cdc33cdd-3654-478a-999c-006d314ae396" executionId="545c21eb-3802-4283-9e20-3bd0c85d9acb" testListId="8c84fa94-04c1-424b-9868-57a2d4851a1d" />
    <TestEntry testId="05cfae87-6fc1-4efd-b5f3-b9cccc212251" executionId="d6a70c44-077f-4da7-b456-d025c1820f82" testListId="8c84fa94-04c1-424b-9868-57a2d4851a1d" />
    <TestEntry testId="d703c0f1-01a8-4771-b2c4-298540a8a27f" executionId="e8449a46-3c6c-46a2-95e2-57612d60a3e0" testListId="8c84fa94-04c1-424b-9868-57a2d4851a1d" />
    <TestEntry testId="afe30a18-0c5e-4c24-b6e1-f3dd7224c77d" executionId="eaa12ac5-684b-4e56-8095-de70d7c230ae" testListId="8c84fa94-04c1-424b-9868-57a2d4851a1d" />
    <TestEntry testId="9359315d-8b8c-4714-8151-3b4e60f1ae44" executionId="499d0d0a-1b8c-48a9-a7a8-760a18a6feed" testListId="8c84fa94-04c1-424b-9868-57a2d4851a1d" />
    <TestEntry testId="d9151bb2-7ddb-4430-9a81-2eb0eee51b9c" executionId="b993355f-f48c-44b2-9ff3-be011f3b3e82" testListId="8c84fa94-04c1-424b-9868-57a2d4851a1d" />
    <TestEntry testId="7a2a573d-33c5-441d-b742-9e0dc58253d5" executionId="fefbef7e-e064-4c5e-abbd-1187794d9330" testListId="8c84fa94-04c1-424b-9868-57a2d4851a1d" />
    <TestEntry testId="d93d5d5a-d159-4dfe-8f5d-e4a9f6bc6fe8" executionId="b549d559-d1da-4818-956e-db0573ae5b21" testListId="8c84fa94-04c1-424b-9868-57a2d4851a1d" />
    <TestEntry testId="4111b770-8f16-45eb-aae7-63ca8b4f3da4" executionId="09c9b741-e387-42d4-8965-1f56034eb361" testListId="8c84fa94-04c1-424b-9868-57a2d4851a1d" />
    <TestEntry testId="d4d25cd8-8806-4b3d-a05a-03ef6ecde39d" executionId="b75ffef1-53d0-4bf9-ade1-7c31062e8696" testListId="8c84fa94-04c1-424b-9868-57a2d4851a1d" />
    <TestEntry testId="e78bffad-99e1-4aa0-96bf-635a38c54764" executionId="66802484-74e8-41cf-be12-3904434d440f" testListId="8c84fa94-04c1-424b-9868-57a2d4851a1d" />
    <TestEntry testId="72ad148d-c439-4e05-9637-85fad8c6525e" executionId="eeadfb53-9315-4fe2-b015-7cf052c2badc" testListId="8c84fa94-04c1-424b-9868-57a2d4851a1d" />
    <TestEntry testId="4eb70bb4-81b9-47fc-a09b-ef889f8cbe2a" executionId="0853a7c3-75ea-427f-8253-edd9eff94d65" testListId="8c84fa94-04c1-424b-9868-57a2d4851a1d" />
    <TestEntry testId="e14a5584-05ff-4576-80c0-15661ef57941" executionId="ce54c101-613d-4916-97ef-9252eee676f1" testListId="8c84fa94-04c1-424b-9868-57a2d4851a1d" />
    <TestEntry testId="5ae7b5e4-7910-44cf-8f75-371ab989a07a" executionId="89751a4c-6bf2-4f6d-b4f2-02a0ea9b6ab8" testListId="8c84fa94-04c1-424b-9868-57a2d4851a1d" />
    <TestEntry testId="0e159363-09d6-4b39-a351-1813cba8990c" executionId="5ef45fa1-1bb2-4916-9dbe-d4f0f2b0fcea" testListId="8c84fa94-04c1-424b-9868-57a2d4851a1d" />
    <TestEntry testId="0d335625-a347-4c19-8c7f-6cb1bdbb8d69" executionId="318e268b-1c9d-46d9-a454-d689e7b10072" testListId="8c84fa94-04c1-424b-9868-57a2d4851a1d" />
    <TestEntry testId="9bcf624f-e682-41cb-b23c-164d758eb697" executionId="4bea4f10-98cd-4e0b-90cd-a4222a1de749" testListId="8c84fa94-04c1-424b-9868-57a2d4851a1d" />
    <TestEntry testId="84661303-3051-4d58-974c-db6638671fea" executionId="1861963c-26b0-47d5-9159-377b7ec1c099" testListId="8c84fa94-04c1-424b-9868-57a2d4851a1d" />
    <TestEntry testId="2202a2b0-f149-4c9d-9652-e5daf0f6a3ad" executionId="ab329af8-c1c7-4e02-aedf-171007471807" testListId="8c84fa94-04c1-424b-9868-57a2d4851a1d" />
    <TestEntry testId="428f8392-5856-44e0-aee1-e69aae6c1114" executionId="3bb1b4dd-bcb4-4a2f-aa80-81601b1b8c4c" testListId="8c84fa94-04c1-424b-9868-57a2d4851a1d" />
    <TestEntry testId="5a9681a0-b02e-4711-9de6-3e72b0def0bd" executionId="bb241127-adac-42ca-997a-377118081bb0" testListId="8c84fa94-04c1-424b-9868-57a2d4851a1d" />
    <TestEntry testId="529b0914-8f8a-44cd-b855-5ffae06912b8" executionId="bb331700-60d2-4813-9540-bc8162ed2398" testListId="8c84fa94-04c1-424b-9868-57a2d4851a1d" />
    <TestEntry testId="d53d7fc9-3b7a-447f-9407-efd5c9cba424" executionId="536e51a0-462b-45fe-a0eb-11cce4c108d2" testListId="8c84fa94-04c1-424b-9868-57a2d4851a1d" />
    <TestEntry testId="aec0ae2a-5078-41ba-8d8a-8327ab12ed7c" executionId="adccafdc-2681-4bd0-91aa-5288ec9183a6" testListId="8c84fa94-04c1-424b-9868-57a2d4851a1d" />
    <TestEntry testId="5c94ee13-d4fe-4863-828f-b3e66b105685" executionId="65bda78e-c4a0-4aef-a605-c84e9075ee4c" testListId="8c84fa94-04c1-424b-9868-57a2d4851a1d" />
    <TestEntry testId="8381014c-4bc6-4f64-905c-3f24403515b7" executionId="af37cb3b-0c0c-4d21-9ff1-c9f6cd4ec98e" testListId="8c84fa94-04c1-424b-9868-57a2d4851a1d" />
    <TestEntry testId="cfeb95b6-a45c-4aad-948f-d739368da646" executionId="b892b21c-349a-406d-b214-c5e9253f0227" testListId="8c84fa94-04c1-424b-9868-57a2d4851a1d" />
    <TestEntry testId="4b803c8b-b50b-456e-a47d-dcdf83a3ca98" executionId="3ceb573a-151d-4c7e-a217-0ce55a15426c" testListId="8c84fa94-04c1-424b-9868-57a2d4851a1d" />
    <TestEntry testId="3b3dde72-7ee4-437d-8b2a-0d693771a984" executionId="1fb9ddab-18ae-4a2e-ad99-4535762161f7" testListId="8c84fa94-04c1-424b-9868-57a2d4851a1d" />
    <TestEntry testId="ae1d8574-d55e-466d-9fee-7d9bf2427182" executionId="b0b23283-d2bb-414a-84c2-7b760a4812fd" testListId="8c84fa94-04c1-424b-9868-57a2d4851a1d" />
    <TestEntry testId="16ddd6f3-b256-40a5-8147-3fe015590f9e" executionId="18a68c6f-3ddb-4a4d-bfdc-f4aaaf489d01" testListId="8c84fa94-04c1-424b-9868-57a2d4851a1d" />
    <TestEntry testId="0b0e8163-d1c2-44bd-9360-f85ce8f2bbe8" executionId="323397f4-1bf3-44c8-8c9f-eaf70c75dc3d" testListId="8c84fa94-04c1-424b-9868-57a2d4851a1d" />
    <TestEntry testId="0b6282a6-9d68-4bd5-be25-4fa2cc1dde50" executionId="adef3672-f50b-40e7-9646-88f311ed4c89" testListId="8c84fa94-04c1-424b-9868-57a2d4851a1d" />
    <TestEntry testId="cd384d4a-e058-4b92-bdb8-efd28615e65e" executionId="27b94751-9ede-4c94-9856-cac8b185c735" testListId="8c84fa94-04c1-424b-9868-57a2d4851a1d" />
    <TestEntry testId="683880c6-c729-4446-ae10-a38902df9bea" executionId="4335f802-9285-4e35-be41-ad8fe520f601" testListId="8c84fa94-04c1-424b-9868-57a2d4851a1d" />
    <TestEntry testId="32026c21-4e86-4523-825f-669e00c0b3f6" executionId="75da21a4-cd90-4681-8cc4-81452f7673ee" testListId="8c84fa94-04c1-424b-9868-57a2d4851a1d" />
    <TestEntry testId="f40956b8-ff0f-4e11-a43e-a507c73a3140" executionId="d4034db2-3726-48de-80ad-a33ecb6bcb05" testListId="8c84fa94-04c1-424b-9868-57a2d4851a1d" />
    <TestEntry testId="5a0b1254-cd27-43af-8174-72b1881e18be" executionId="06cdcd11-cef1-4e18-8a73-f8608dd1b9f2" testListId="8c84fa94-04c1-424b-9868-57a2d4851a1d" />
    <TestEntry testId="460cd9d5-b27e-4108-9222-ff4ea6ae60bd" executionId="c373e96a-5619-4807-8944-291e7a0bae9c" testListId="8c84fa94-04c1-424b-9868-57a2d4851a1d" />
    <TestEntry testId="25bde7c5-c2c1-47fc-acd3-3db7cdc1c3d3" executionId="1e690159-4203-4539-8022-2b0a57d11e4a" testListId="8c84fa94-04c1-424b-9868-57a2d4851a1d" />
    <TestEntry testId="e3262746-3362-408f-981e-0a511acea4d4" executionId="8aa3a363-257a-41e7-bea8-d18203b7176f" testListId="8c84fa94-04c1-424b-9868-57a2d4851a1d" />
    <TestEntry testId="fca3d738-13e8-4f6c-9cd3-ccaa45026f07" executionId="4b170456-b2f2-4e3f-b617-7fe3e974241a" testListId="8c84fa94-04c1-424b-9868-57a2d4851a1d" />
    <TestEntry testId="de3b4c7c-943d-4090-a40c-eb44c4dd7c18" executionId="aa844cb8-5748-4db7-b509-4fba0c847072" testListId="8c84fa94-04c1-424b-9868-57a2d4851a1d" />
    <TestEntry testId="dbcaa447-4404-4c1c-ae81-bd4eb6661410" executionId="49d597a0-4f32-4d50-8927-0eab0800c489" testListId="8c84fa94-04c1-424b-9868-57a2d4851a1d" />
    <TestEntry testId="0d18eb4a-8582-4e9a-a067-da25a6d9cb5f" executionId="bd34caaa-8479-4847-89af-4f6d6a027e10" testListId="8c84fa94-04c1-424b-9868-57a2d4851a1d" />
    <TestEntry testId="3efc4dc9-56a0-42f5-b458-500002eee7a3" executionId="ee4f1b14-78da-41ef-8c27-ffad921c3c8e" testListId="8c84fa94-04c1-424b-9868-57a2d4851a1d" />
    <TestEntry testId="1a8b97a7-ce8b-41fd-89b8-9170003a829c" executionId="4601b223-de41-43e6-b521-efed4ea8be2a" testListId="8c84fa94-04c1-424b-9868-57a2d4851a1d" />
    <TestEntry testId="efabd69c-e575-4fd2-80e0-0185ab82a41e" executionId="65283b21-999c-42ec-beb9-9789e311f176" testListId="8c84fa94-04c1-424b-9868-57a2d4851a1d" />
    <TestEntry testId="62f81451-be79-4a75-8d53-ee4d725abe5d" executionId="46c87655-9851-42fb-9666-f57ed722375a" testListId="8c84fa94-04c1-424b-9868-57a2d4851a1d" />
    <TestEntry testId="45e9bf0e-6308-4e4e-b3b2-04a41caf190d" executionId="d12c53c9-f0e4-4742-a3a0-52abd4d9b242" testListId="8c84fa94-04c1-424b-9868-57a2d4851a1d" />
    <TestEntry testId="bfdc770f-0293-47fd-bed2-6b8c1859c3e3" executionId="c34b7df6-909c-4b2b-b6b2-2091ef724741" testListId="8c84fa94-04c1-424b-9868-57a2d4851a1d" />
    <TestEntry testId="b5ba2e1b-4ad4-4206-8608-f32187651aa9" executionId="2911b6c1-53b4-48c5-9712-90a41bb2aa88" testListId="8c84fa94-04c1-424b-9868-57a2d4851a1d" />
    <TestEntry testId="f511b242-3056-4b44-bbc1-1cc0198b2f85" executionId="d2a29a38-9869-4c54-b19c-1951d50ab774" testListId="8c84fa94-04c1-424b-9868-57a2d4851a1d" />
    <TestEntry testId="b6a61e25-c89c-479e-b8c6-9d169c346cc4" executionId="69ffe89f-6aee-4428-afd7-ff491d794893" testListId="8c84fa94-04c1-424b-9868-57a2d4851a1d" />
    <TestEntry testId="729805ab-b3fc-4360-8cf9-4982f9bbb01f" executionId="3fe32899-f64c-411b-a905-9dcb3d3d75f4" testListId="8c84fa94-04c1-424b-9868-57a2d4851a1d" />
    <TestEntry testId="661ee611-cf44-4676-9c9f-a9c847e01ba9" executionId="405d74ef-75e9-42a9-8a94-961027e954ea" testListId="8c84fa94-04c1-424b-9868-57a2d4851a1d" />
    <TestEntry testId="3dcaff51-3ac0-4ca1-8706-1094d84a0c83" executionId="03eb9f1b-f3da-404b-b0b8-896290fec441" testListId="8c84fa94-04c1-424b-9868-57a2d4851a1d" />
    <TestEntry testId="46fc344b-ce04-46ef-b147-20f42cf851a7" executionId="0fee0e93-6c4f-413f-bc25-e975b98962e6" testListId="8c84fa94-04c1-424b-9868-57a2d4851a1d" />
    <TestEntry testId="10ed6686-7a73-41e1-b14f-27c2b9a2d8f1" executionId="bb0cb010-e48a-447d-83e1-cb671991dcff" testListId="8c84fa94-04c1-424b-9868-57a2d4851a1d" />
    <TestEntry testId="783e8847-09e9-4df2-aaa4-3230cabbd288" executionId="362f7ce1-652c-4ef0-bd5c-3480aeb08d1e" testListId="8c84fa94-04c1-424b-9868-57a2d4851a1d" />
    <TestEntry testId="01fe9dea-6f62-4fdc-ad3b-29677e431d1f" executionId="1c5564c0-7d93-4c16-aa88-9fa930726aab" testListId="8c84fa94-04c1-424b-9868-57a2d4851a1d" />
    <TestEntry testId="0a0f487c-5fed-4057-976d-31cddf17e472" executionId="ec5243cf-0eb3-44ac-ba50-ea86aa814a6b" testListId="8c84fa94-04c1-424b-9868-57a2d4851a1d" />
    <TestEntry testId="210e271a-fe8f-4153-a241-71beb4930fd9" executionId="70511280-9b80-4223-981a-3447301fe905" testListId="8c84fa94-04c1-424b-9868-57a2d4851a1d" />
    <TestEntry testId="3a45b58a-c0e0-4549-ba4b-a4043b6e5330" executionId="baace4ac-a631-4a5e-9b4f-361f71ce96ab" testListId="8c84fa94-04c1-424b-9868-57a2d4851a1d" />
    <TestEntry testId="84714b05-d4f7-4da0-a326-3e3399892c4c" executionId="fdea2b6d-96df-41b0-8ee1-eb06e9d771d3" testListId="8c84fa94-04c1-424b-9868-57a2d4851a1d" />
    <TestEntry testId="27b83e3c-5942-4f62-aac6-d494cd6e013d" executionId="914d53fa-6c36-4c49-a9a5-784c28dd401b" testListId="8c84fa94-04c1-424b-9868-57a2d4851a1d" />
    <TestEntry testId="8b4d335b-c429-4824-ae00-6d7a26a32597" executionId="7e2cd836-84e9-4cf4-950b-eb632af41b00" testListId="8c84fa94-04c1-424b-9868-57a2d4851a1d" />
    <TestEntry testId="24bd088a-f417-482e-b18a-682dbc7aae1e" executionId="0a175373-e4d9-4465-80c4-df7068955138" testListId="8c84fa94-04c1-424b-9868-57a2d4851a1d" />
    <TestEntry testId="bdb8985b-643a-468f-a9cf-6c7e7dda6c7d" executionId="7d1e0d77-1ffc-4096-b1ae-24baf9016e98" testListId="8c84fa94-04c1-424b-9868-57a2d4851a1d" />
    <TestEntry testId="bc7f8607-a07e-4fa7-b159-1bb120734878" executionId="3e9a165c-1760-43f7-88f1-9198ff5d80e3" testListId="8c84fa94-04c1-424b-9868-57a2d4851a1d" />
    <TestEntry testId="2233d2a4-7613-4458-a9c8-5209cecd98f5" executionId="7d828f10-2296-4b44-9111-bc105c303757" testListId="8c84fa94-04c1-424b-9868-57a2d4851a1d" />
    <TestEntry testId="0c8388b5-d6ee-43a1-8e8e-fc5f9f730e9d" executionId="acb1402b-c4fb-41f2-9376-8ed77f3174a5" testListId="8c84fa94-04c1-424b-9868-57a2d4851a1d" />
    <TestEntry testId="456668c3-1e10-4832-9a5a-93cc1b6d7597" executionId="49706a5b-45b5-4b39-ad69-a774cb9ff621" testListId="8c84fa94-04c1-424b-9868-57a2d4851a1d" />
    <TestEntry testId="56bdb1f5-d1e4-456e-ac10-39849f88b89e" executionId="e7db4f39-d5c0-4198-925d-16321efdfd85" testListId="8c84fa94-04c1-424b-9868-57a2d4851a1d" />
    <TestEntry testId="fe9fe11e-1ddb-4fe1-9f8f-20f0b177f16f" executionId="5a04ee6d-2684-4295-a352-9cb2ca3abd7f" testListId="8c84fa94-04c1-424b-9868-57a2d4851a1d" />
    <TestEntry testId="fcbb0093-6644-4c76-ac5c-bcb72fdce38b" executionId="c1ada2bd-d625-4be6-a0b4-4b76ff1af129" testListId="8c84fa94-04c1-424b-9868-57a2d4851a1d" />
    <TestEntry testId="76ccc515-a4a6-4e1b-8ea6-5cdf2b300ae4" executionId="ecebcc02-7ac2-4f71-b090-0ef0e9da8502" testListId="8c84fa94-04c1-424b-9868-57a2d4851a1d" />
    <TestEntry testId="9af72072-4b81-4b19-b2fd-1aec1cc76d08" executionId="66138565-a9c2-4687-9eab-958870e2ceb9" testListId="8c84fa94-04c1-424b-9868-57a2d4851a1d" />
    <TestEntry testId="b27f1447-7b4b-424c-8431-7c54181b3d79" executionId="af264cb4-b366-4b74-94a2-6214c9b8e660" testListId="8c84fa94-04c1-424b-9868-57a2d4851a1d" />
    <TestEntry testId="9bd71cfa-5bc3-45f7-b40d-71b85e273b66" executionId="eb7aefd6-3d4b-45b0-8aeb-813a349b3126" testListId="8c84fa94-04c1-424b-9868-57a2d4851a1d" />
    <TestEntry testId="2fd33af2-553f-419a-a60e-e8c1a3fc87cc" executionId="ed1e65d2-0bda-40ec-b4ea-f90ddb147a3f" testListId="8c84fa94-04c1-424b-9868-57a2d4851a1d" />
    <TestEntry testId="dd9b1d35-2833-43e2-8e98-20ce0f470d2c" executionId="edc7f79c-25c1-4f5b-9718-08fda122f20a" testListId="8c84fa94-04c1-424b-9868-57a2d4851a1d" />
    <TestEntry testId="42050ddf-6351-424d-a49b-09b645a40411" executionId="029f8c05-941a-42bc-80a2-7110a5be0d37" testListId="8c84fa94-04c1-424b-9868-57a2d4851a1d" />
    <TestEntry testId="e42f5c78-5140-4661-be79-473645e77d37" executionId="b76fb11c-b2b2-4cbd-b175-f12644e47efc" testListId="8c84fa94-04c1-424b-9868-57a2d4851a1d" />
    <TestEntry testId="89c06ae0-a6de-4d9e-bdff-3cdb16f27d27" executionId="59fdf1e6-4b1a-49fc-9163-8bc31f56ffd9" testListId="8c84fa94-04c1-424b-9868-57a2d4851a1d" />
    <TestEntry testId="4478b61c-ceda-4d15-87fe-200f396f3205" executionId="7b8830b7-667d-4144-a54d-0d7d4e1aab69" testListId="8c84fa94-04c1-424b-9868-57a2d4851a1d" />
    <TestEntry testId="776860fb-ab02-4031-98e3-46c6d7aa0429" executionId="1a300a9a-2468-4162-b439-d35b046958db" testListId="8c84fa94-04c1-424b-9868-57a2d4851a1d" />
    <TestEntry testId="1c6348c5-d522-4436-aa22-97dd7e4e8523" executionId="92c3d336-c0c6-4865-893a-bd546abebd7f" testListId="8c84fa94-04c1-424b-9868-57a2d4851a1d" />
    <TestEntry testId="c1c2fdb0-f5f0-4f1e-8c7f-2ad9683a666e" executionId="adf97050-2fec-42c1-a0fa-ce3e91f3358f" testListId="8c84fa94-04c1-424b-9868-57a2d4851a1d" />
    <TestEntry testId="a2dc3a67-015e-4c9f-9568-5d56101f6435" executionId="3769e8b6-eb80-473f-8b8d-9e9e4b0a7a87" testListId="8c84fa94-04c1-424b-9868-57a2d4851a1d" />
    <TestEntry testId="6ddaa1b6-ac9f-46f8-a1f6-5c6615358a9f" executionId="68b58bde-5758-4518-95d6-b91e4d907e15" testListId="8c84fa94-04c1-424b-9868-57a2d4851a1d" />
    <TestEntry testId="40a32aab-bfbd-47ff-a4ed-933346e0ad6f" executionId="afbecde2-09c8-4a8c-9eaf-02afc715471c" testListId="8c84fa94-04c1-424b-9868-57a2d4851a1d" />
    <TestEntry testId="7ef161cb-1ec3-4969-91d2-d22a74f7480c" executionId="4af3b908-a87e-459f-98af-a32ca5463227" testListId="8c84fa94-04c1-424b-9868-57a2d4851a1d" />
    <TestEntry testId="92404baf-7eca-4103-8b68-44ea8eaedc42" executionId="f532a9cf-c266-4d2d-ac87-8af22858e972" testListId="8c84fa94-04c1-424b-9868-57a2d4851a1d" />
    <TestEntry testId="560ecd29-d828-4b7f-906f-b6f58473c5a4" executionId="a9fa0c59-0bfa-4cf3-b80c-591cc021a7ec" testListId="8c84fa94-04c1-424b-9868-57a2d4851a1d" />
    <TestEntry testId="e744b7b3-947a-42fd-9541-9777e9236d3f" executionId="13acfe7b-98b9-48d6-bf07-a78080c42e20" testListId="8c84fa94-04c1-424b-9868-57a2d4851a1d" />
    <TestEntry testId="612d984c-23ed-4294-8c34-9214cfc0064f" executionId="b63b41f8-51ce-43b9-951f-de6fd6dad9b6" testListId="8c84fa94-04c1-424b-9868-57a2d4851a1d" />
    <TestEntry testId="a97cddb2-f969-4808-a0bb-c87cdcc9abe6" executionId="b5b0d30f-3da5-4be1-9380-0ee5c855223c" testListId="8c84fa94-04c1-424b-9868-57a2d4851a1d" />
    <TestEntry testId="50c27278-fb21-4df8-b595-8ed7d45a54c7" executionId="a4107f64-59f9-44cf-9703-8a8564751d26" testListId="8c84fa94-04c1-424b-9868-57a2d4851a1d" />
    <TestEntry testId="9885f4ee-b712-43e5-9204-37f955177f94" executionId="84d912f3-260a-4b15-a66e-cc64d6d2388b" testListId="8c84fa94-04c1-424b-9868-57a2d4851a1d" />
    <TestEntry testId="30c8d880-c67d-441c-863f-64a5096a312a" executionId="e2a0c466-05b0-462e-bd4c-38b3eeb250ad" testListId="8c84fa94-04c1-424b-9868-57a2d4851a1d" />
    <TestEntry testId="fb57ca97-493e-4cd9-a632-9904d7e76750" executionId="c2785d54-11d5-4fd4-baca-bb1b76791058" testListId="8c84fa94-04c1-424b-9868-57a2d4851a1d" />
    <TestEntry testId="65c56a3e-6f05-45b7-b137-648dcc289d9e" executionId="7d0ff59c-012b-4ade-a7de-1634ba5170a9" testListId="8c84fa94-04c1-424b-9868-57a2d4851a1d" />
    <TestEntry testId="cf5d4808-efd4-4871-95dc-3f864b50f9e4" executionId="b505ac00-1999-4ae4-9528-afae9ea0f24a" testListId="8c84fa94-04c1-424b-9868-57a2d4851a1d" />
    <TestEntry testId="f8324429-e037-4902-b3d7-4621add4e434" executionId="5ecafcd3-7d1d-4937-8ddf-77094be61f6a" testListId="8c84fa94-04c1-424b-9868-57a2d4851a1d" />
    <TestEntry testId="33a69d0e-2f00-465b-8e28-6a5509523fe5" executionId="7017f226-4183-4253-87ef-09050a261274" testListId="8c84fa94-04c1-424b-9868-57a2d4851a1d" />
    <TestEntry testId="a0919a17-c6fa-486f-be03-472943c95ffa" executionId="4e549424-d66b-4e4b-bef9-f10b747e5c31" testListId="8c84fa94-04c1-424b-9868-57a2d4851a1d" />
    <TestEntry testId="62b6f267-b166-413c-90db-343b01de9e44" executionId="cc027e3e-3f4a-4af0-9a41-b60677982626" testListId="8c84fa94-04c1-424b-9868-57a2d4851a1d" />
    <TestEntry testId="cfbe4f9a-8c2f-496d-a4d8-869818d0dc29" executionId="c5e8bd13-f8f3-46e4-860f-bcbcce281de3" testListId="8c84fa94-04c1-424b-9868-57a2d4851a1d" />
    <TestEntry testId="dea493f2-4202-4a63-9aeb-bcdba34cf40f" executionId="98dda894-c0ce-4dd0-8b3f-23970faa26d9" testListId="8c84fa94-04c1-424b-9868-57a2d4851a1d" />
    <TestEntry testId="e7472f23-c39e-4501-96a9-fa5df78204e8" executionId="4d50d461-0174-4a23-879f-a16344c3663f" testListId="8c84fa94-04c1-424b-9868-57a2d4851a1d" />
    <TestEntry testId="f7faf970-fc8c-4fe8-a6be-670078375ed9" executionId="11ca0705-a91f-4cf6-b453-0c7a8e0bc26a" testListId="8c84fa94-04c1-424b-9868-57a2d4851a1d" />
    <TestEntry testId="2e14846b-6329-4a65-b7b1-86eae8f81603" executionId="4d5f0ea1-3b2b-4c8a-8d66-b40b8effa119" testListId="8c84fa94-04c1-424b-9868-57a2d4851a1d" />
    <TestEntry testId="71edfb1f-d300-4da0-8014-b4191bdd3e9c" executionId="0b83f19f-40b0-48bc-b701-1e1e6111a8e6" testListId="8c84fa94-04c1-424b-9868-57a2d4851a1d" />
    <TestEntry testId="50476691-0850-4854-8fc6-40bb1845c18a" executionId="b91a81b2-a170-437f-8874-ffca57cce146" testListId="8c84fa94-04c1-424b-9868-57a2d4851a1d" />
    <TestEntry testId="baad9afb-72de-4cb4-acf6-a17f4300431f" executionId="069f1679-e5e7-421c-81ca-e105fa7706c7" testListId="8c84fa94-04c1-424b-9868-57a2d4851a1d" />
    <TestEntry testId="8228e288-2964-431f-955b-d114a205eca0" executionId="e175d18a-c09e-4095-985e-4cb1eebf9fbb" testListId="8c84fa94-04c1-424b-9868-57a2d4851a1d" />
    <TestEntry testId="4d1215d4-fa44-4ef5-ba3e-51ea9b9d320d" executionId="432991df-57cf-47f4-84eb-9f15bef30123" testListId="8c84fa94-04c1-424b-9868-57a2d4851a1d" />
    <TestEntry testId="5375c6ff-f448-4bf1-af3b-bc33437554b7" executionId="ae49c199-5271-4c0f-923d-d0749e53a378" testListId="8c84fa94-04c1-424b-9868-57a2d4851a1d" />
    <TestEntry testId="75107e7b-9b41-4cfc-92a7-823508c45dcf" executionId="8df24dd3-4f97-49f6-979d-e7f6c2bcf2a3" testListId="8c84fa94-04c1-424b-9868-57a2d4851a1d" />
    <TestEntry testId="050cc8c3-0626-4874-8b2f-751969e5ad61" executionId="5f9a8808-21f8-49d0-93d6-dec6ae6ff264" testListId="8c84fa94-04c1-424b-9868-57a2d4851a1d" />
    <TestEntry testId="8e33e669-1762-4121-8a43-8a9ac3990c15" executionId="50f7dab4-2495-4add-a017-096ac52bfab5" testListId="8c84fa94-04c1-424b-9868-57a2d4851a1d" />
    <TestEntry testId="1dc4268f-5b67-46bd-9124-eeea8668a7fb" executionId="11cbaac7-4154-46cf-934a-fed2c2fcadda" testListId="8c84fa94-04c1-424b-9868-57a2d4851a1d" />
    <TestEntry testId="a6988c8f-c68f-4c76-9f7f-99465b0e482b" executionId="dc1c4b30-f783-4ba7-acc6-79057c7acbb0" testListId="8c84fa94-04c1-424b-9868-57a2d4851a1d" />
    <TestEntry testId="2271783a-2c85-49a7-a9f3-2f56bd67b107" executionId="ca340f67-838c-45ca-873c-40103b1062df" testListId="8c84fa94-04c1-424b-9868-57a2d4851a1d" />
    <TestEntry testId="3ae91bde-ef82-4a23-9dee-905dad3e6319" executionId="30f0a335-1d1f-41ce-92ee-82bd15d31276" testListId="8c84fa94-04c1-424b-9868-57a2d4851a1d" />
    <TestEntry testId="71934a2d-9c90-4b67-9f74-6c72fc27ab03" executionId="b30a13d6-e9ef-445f-a159-2746af9dedd8" testListId="8c84fa94-04c1-424b-9868-57a2d4851a1d" />
    <TestEntry testId="015911aa-d2bf-418d-8d44-1e9fc3c42c64" executionId="57502e65-f947-46b7-a436-dd69632de6aa" testListId="8c84fa94-04c1-424b-9868-57a2d4851a1d" />
    <TestEntry testId="61a41d52-cf86-404b-bc04-3201ad361014" executionId="af44d8d2-bfe4-47ff-9b9b-8062169bee32" testListId="8c84fa94-04c1-424b-9868-57a2d4851a1d" />
    <TestEntry testId="5bcf2836-dacc-4080-b716-35e24767010f" executionId="a43124e1-a282-4c67-9843-bc19aa89d549" testListId="8c84fa94-04c1-424b-9868-57a2d4851a1d" />
    <TestEntry testId="551c7239-5dcf-4674-846b-d57b8873fa22" executionId="b690ed5a-f738-45bb-96da-f935bdce4e4b" testListId="8c84fa94-04c1-424b-9868-57a2d4851a1d" />
    <TestEntry testId="ab7c619e-d1c2-4ac3-bae5-e546700a952e" executionId="6061748a-bbbe-439b-8caa-5bdf09acd97e" testListId="8c84fa94-04c1-424b-9868-57a2d4851a1d" />
    <TestEntry testId="5583978a-9a1c-425b-b238-94cb380c3a40" executionId="884d4c04-3144-4601-a941-d05c3ccee733" testListId="8c84fa94-04c1-424b-9868-57a2d4851a1d" />
    <TestEntry testId="f6e81a73-dd43-4a4e-ae07-ad7fb8d5ab11" executionId="76e659a9-e189-4f6a-a5dc-6680ec7cf86b" testListId="8c84fa94-04c1-424b-9868-57a2d4851a1d" />
    <TestEntry testId="d781c173-4e88-4aee-bb6f-c486b0df281f" executionId="e62373f5-76e7-4af2-bc77-3a39858b076b" testListId="8c84fa94-04c1-424b-9868-57a2d4851a1d" />
    <TestEntry testId="c1acab62-1ede-4876-b7bc-6897c714ae64" executionId="91db261e-ed27-4cd4-913b-f867f1f39336" testListId="8c84fa94-04c1-424b-9868-57a2d4851a1d" />
    <TestEntry testId="530a3489-0d24-4bc9-8619-610bf7c6ba4f" executionId="36a21c39-773c-4b7d-b02a-a09ae7333068" testListId="8c84fa94-04c1-424b-9868-57a2d4851a1d" />
    <TestEntry testId="849a35b4-6c97-4d71-9e18-609ae23a025c" executionId="2afaa128-76cb-4865-a821-8581c7230b64" testListId="8c84fa94-04c1-424b-9868-57a2d4851a1d" />
    <TestEntry testId="c337b762-b3c1-44f2-bcc8-9dca0c001759" executionId="590631cf-dbc4-438f-ae4e-61f36ef89ac1" testListId="8c84fa94-04c1-424b-9868-57a2d4851a1d" />
    <TestEntry testId="5044ca14-d24d-4f73-855b-6d76ec6f4468" executionId="c6dd1226-eb6c-4c89-9dc7-ea07b8d0268e" testListId="8c84fa94-04c1-424b-9868-57a2d4851a1d" />
    <TestEntry testId="d439eb8c-9e0a-40e0-8b82-d81961c0c017" executionId="9545d2b3-dca1-4521-a5ac-8be0eec8aa2e" testListId="8c84fa94-04c1-424b-9868-57a2d4851a1d" />
    <TestEntry testId="6b140bea-a435-4cf0-975a-263698f01b51" executionId="43985472-f40a-4795-b883-a3c6557e078f" testListId="8c84fa94-04c1-424b-9868-57a2d4851a1d" />
    <TestEntry testId="6414b9a1-ab98-41a4-8b5a-e10a9e4e6b5c" executionId="c5e9f3ac-c3d6-4b2f-bc22-6e3c08bd8ecb" testListId="8c84fa94-04c1-424b-9868-57a2d4851a1d" />
    <TestEntry testId="23fe816c-afe7-4a11-b87d-ac6149a9ee9b" executionId="ce3ec00d-2d18-4dcb-b192-c226799bd88c" testListId="8c84fa94-04c1-424b-9868-57a2d4851a1d" />
    <TestEntry testId="b5f5b35f-c765-4b80-bdb3-d27a8a2f55bc" executionId="d109ce38-937b-4676-9e5d-51289a929fee" testListId="8c84fa94-04c1-424b-9868-57a2d4851a1d" />
    <TestEntry testId="287dc474-37fc-413e-b722-61fd882542bb" executionId="0606699a-27da-4a81-87d4-067f29452a81" testListId="8c84fa94-04c1-424b-9868-57a2d4851a1d" />
    <TestEntry testId="f69c3b8e-267f-454c-a747-0fde94f108af" executionId="6c3615f0-cd25-419d-8612-fec390b4b2e9" testListId="8c84fa94-04c1-424b-9868-57a2d4851a1d" />
    <TestEntry testId="54ae757d-b795-45af-b6e6-4adddb894eb3" executionId="9ef5f7ab-9194-4167-8a89-2ada917b72a8" testListId="8c84fa94-04c1-424b-9868-57a2d4851a1d" />
    <TestEntry testId="f570fd3a-9c6e-47b8-8bcf-05a36ecc5861" executionId="790581db-2e82-492a-9ee2-fb7fbe8b63fb" testListId="8c84fa94-04c1-424b-9868-57a2d4851a1d" />
    <TestEntry testId="f4fd24cc-6e8f-4fe4-8110-e0ea705b182a" executionId="e0877181-0213-4d31-8fcb-a8d8d9c0a0c9" testListId="8c84fa94-04c1-424b-9868-57a2d4851a1d" />
    <TestEntry testId="fd834bb2-b5a0-479a-acbc-6b7d63e9d4f3" executionId="1b4cf0a5-f0e8-4e7f-8a52-06b79bf33e5f" testListId="8c84fa94-04c1-424b-9868-57a2d4851a1d" />
    <TestEntry testId="6d299e9b-6cc7-4427-a9b6-96afffb1ac4f" executionId="5a908709-854b-48c4-bfc3-7d9fd7271267" testListId="8c84fa94-04c1-424b-9868-57a2d4851a1d" />
    <TestEntry testId="ae523d93-53e9-4d0f-b393-cb6eb68e2c12" executionId="70a8928d-8256-4c33-abd6-6aec4c1e2dca" testListId="8c84fa94-04c1-424b-9868-57a2d4851a1d" />
    <TestEntry testId="ecb25d50-4350-41a3-a639-518639fdacc9" executionId="3920a71e-7e48-45f9-b672-113395b0da2c" testListId="8c84fa94-04c1-424b-9868-57a2d4851a1d" />
    <TestEntry testId="12d5e091-7c4e-40e8-933f-4cda12832708" executionId="e6127248-0223-428b-9705-c558da8b2b47" testListId="8c84fa94-04c1-424b-9868-57a2d4851a1d" />
    <TestEntry testId="8a906f5f-8a76-4b19-b268-1a29160c8c06" executionId="7c14d00e-8145-46a5-8543-ee83642baa89" testListId="8c84fa94-04c1-424b-9868-57a2d4851a1d" />
    <TestEntry testId="9800a5ef-e1ec-4e98-a022-5f91b6308a29" executionId="00ab2021-a5ed-4c32-ad83-1586b93c9a23" testListId="8c84fa94-04c1-424b-9868-57a2d4851a1d" />
    <TestEntry testId="ce2c4caa-31a9-41af-a075-d63f8ea453c4" executionId="579e41f9-76b1-48bd-914b-f66257bd1543" testListId="8c84fa94-04c1-424b-9868-57a2d4851a1d" />
    <TestEntry testId="7d80dbc0-a0e6-4a3e-b25c-1cc7a71de99e" executionId="f1d27e7f-7377-439c-87c7-19034600c7e9" testListId="8c84fa94-04c1-424b-9868-57a2d4851a1d" />
    <TestEntry testId="0268f985-1d4a-46fd-be56-35b58ba620d3" executionId="c3dff439-5a0c-4a4e-b8b5-f2b0818a1a87" testListId="8c84fa94-04c1-424b-9868-57a2d4851a1d" />
    <TestEntry testId="06f5a5c3-8278-40f2-ad76-406e574180c0" executionId="c366eca1-ffeb-42e3-81a0-f3a9e1d26e56" testListId="8c84fa94-04c1-424b-9868-57a2d4851a1d" />
    <TestEntry testId="f78c2caa-d366-4203-9596-25e561f561ac" executionId="be130ce9-52c4-4396-98d7-4356cd0e142f" testListId="8c84fa94-04c1-424b-9868-57a2d4851a1d" />
    <TestEntry testId="fb6e9ee5-fd83-4699-a38f-8bc8caaac53d" executionId="f30abd91-af5f-47ea-87a1-dbfcc0275a63" testListId="8c84fa94-04c1-424b-9868-57a2d4851a1d" />
    <TestEntry testId="0427ad5f-de22-4ef3-b3f4-f64580ad4813" executionId="d19eb566-4add-4594-8f9b-f05a8517e96f" testListId="8c84fa94-04c1-424b-9868-57a2d4851a1d" />
    <TestEntry testId="1ae31beb-1dd4-4f96-b51c-bab92d11500e" executionId="0b2cfc53-a9c7-4511-a6f0-5bc25ec2b0d6" testListId="8c84fa94-04c1-424b-9868-57a2d4851a1d" />
    <TestEntry testId="74dbba96-c213-4264-954a-d7b2e558a838" executionId="d36b67fa-39e2-44c3-b19e-c255aaaef1d8" testListId="8c84fa94-04c1-424b-9868-57a2d4851a1d" />
    <TestEntry testId="e8719562-2570-485b-9f8a-f691d855248f" executionId="202bd946-d70f-4dc2-8ea4-51b25eca8d8b" testListId="8c84fa94-04c1-424b-9868-57a2d4851a1d" />
    <TestEntry testId="85b79eb4-5066-4917-a01c-951bb69dcd6d" executionId="2bae74bc-49ee-466e-849b-177360896930" testListId="8c84fa94-04c1-424b-9868-57a2d4851a1d" />
    <TestEntry testId="49e74174-04a0-46ee-96c1-155b8fb46675" executionId="b7662271-6b30-4973-9b8b-a33aae6c91b8" testListId="8c84fa94-04c1-424b-9868-57a2d4851a1d" />
    <TestEntry testId="d221485e-f94a-466a-aa90-7c1e9f8b6b5d" executionId="b44ef843-c0f1-4d17-86f0-32f8ef44b816" testListId="8c84fa94-04c1-424b-9868-57a2d4851a1d" />
    <TestEntry testId="58099ee3-6870-42a6-b70d-778ebf4b97d9" executionId="ef1f06d7-554c-41b1-8de1-636ac9fddc6a" testListId="8c84fa94-04c1-424b-9868-57a2d4851a1d" />
    <TestEntry testId="e35e2a89-b35e-4f1a-99ce-8fc3f50bd508" executionId="8eee0b19-e04f-449f-b8ff-ef42c64c7db0" testListId="8c84fa94-04c1-424b-9868-57a2d4851a1d" />
    <TestEntry testId="330f479b-8452-41fc-9863-e74164088422" executionId="d72fc1a6-d9a1-41d7-8230-d46a9c0a2980" testListId="8c84fa94-04c1-424b-9868-57a2d4851a1d" />
    <TestEntry testId="bcd8ecbe-ee8f-43dc-ae17-8d5b0569f682" executionId="2f1696c8-f575-4f68-904f-7e97c1e02dca" testListId="8c84fa94-04c1-424b-9868-57a2d4851a1d" />
    <TestEntry testId="1ca1bb8d-3a5b-4820-9cff-e44e8b95cf8f" executionId="df103a9b-fa7d-41af-ab1b-2badf8f8e4c0" testListId="8c84fa94-04c1-424b-9868-57a2d4851a1d" />
    <TestEntry testId="500b0b90-98b8-409b-aff8-1ca30e418338" executionId="57aa4f0f-948a-495e-a282-7935cdc53554" testListId="8c84fa94-04c1-424b-9868-57a2d4851a1d" />
    <TestEntry testId="e746ab1b-6cd7-4eea-ad0e-50094ce1d1bb" executionId="ddd51e91-f82c-4e4e-ab5e-c1c512104221" testListId="8c84fa94-04c1-424b-9868-57a2d4851a1d" />
    <TestEntry testId="bfc220a5-d273-4b53-88fb-d997a44f4cef" executionId="276dcabe-99d5-4a0e-8e5f-11584e153223" testListId="8c84fa94-04c1-424b-9868-57a2d4851a1d" />
    <TestEntry testId="808c1886-6232-4576-820f-16ec5de082f1" executionId="26d39ec8-4d73-40df-a8d6-42bd1fa1072e" testListId="8c84fa94-04c1-424b-9868-57a2d4851a1d" />
    <TestEntry testId="c33b7c00-6a6c-4c25-99dd-cb6db85bca9f" executionId="0c448b21-5ee5-4805-bad5-db6d26c7fcf6" testListId="8c84fa94-04c1-424b-9868-57a2d4851a1d" />
    <TestEntry testId="4755bade-cb3f-40e3-9e37-9d4bea0b5430" executionId="b77b6705-be85-4252-aa2d-a8ce908afa67" testListId="8c84fa94-04c1-424b-9868-57a2d4851a1d" />
    <TestEntry testId="71513d6c-e8eb-43c3-a013-ffd703a3505f" executionId="0b900554-b2e5-422e-bf02-85c1f5440693" testListId="8c84fa94-04c1-424b-9868-57a2d4851a1d" />
    <TestEntry testId="c5016c2e-e80c-49dd-a119-838f564520bc" executionId="f7007f77-7751-45cd-ba04-ee49554ba171" testListId="8c84fa94-04c1-424b-9868-57a2d4851a1d" />
    <TestEntry testId="4ec27a50-dfc7-4e74-ba05-b0923004429e" executionId="2ad9b78f-06f7-4842-a1da-1e6c9da4e73b" testListId="8c84fa94-04c1-424b-9868-57a2d4851a1d" />
    <TestEntry testId="788b8f21-a4b6-46bd-8b88-0dacab6a5ca7" executionId="16ecbd33-fccb-4e8c-9a84-90c4a79ab9ed" testListId="8c84fa94-04c1-424b-9868-57a2d4851a1d" />
    <TestEntry testId="6f15e451-1b75-4f20-9dda-18b775c810ce" executionId="16ae8880-3b04-433f-b40d-8f249a3028a5" testListId="8c84fa94-04c1-424b-9868-57a2d4851a1d" />
    <TestEntry testId="ff0203d9-bfb8-4a1a-9107-8520753f0601" executionId="6a81d974-e46d-4dd6-8803-3dc0b0c1623b" testListId="8c84fa94-04c1-424b-9868-57a2d4851a1d" />
    <TestEntry testId="fa021b18-762f-48af-82d1-ac65ae06a8e5" executionId="6ffa8aac-99b6-4575-b880-0bf6f6aa418d" testListId="8c84fa94-04c1-424b-9868-57a2d4851a1d" />
    <TestEntry testId="3c4284f1-cc7b-44cc-9c00-753daa91d749" executionId="ac9f4dec-67cd-4c55-8039-5557829f2bb2" testListId="8c84fa94-04c1-424b-9868-57a2d4851a1d" />
    <TestEntry testId="212e50cf-3f57-4c64-a540-bbd0542b98ac" executionId="c2444086-a946-4621-af6a-84411d2934a5" testListId="8c84fa94-04c1-424b-9868-57a2d4851a1d" />
    <TestEntry testId="c4d20c41-cd3d-4a90-9249-231af13c2c12" executionId="f2641885-bd7e-43d8-9074-480739df96f8" testListId="8c84fa94-04c1-424b-9868-57a2d4851a1d" />
    <TestEntry testId="d3dc5fc9-e177-4ad5-970c-8ac0fd8ba4e9" executionId="b24e2c0e-8f28-441f-92c2-e57a773cd1e7" testListId="8c84fa94-04c1-424b-9868-57a2d4851a1d" />
    <TestEntry testId="836c6d33-af58-4e21-b48f-aa9e2d4bc5b9" executionId="cb00cbc2-6d59-4b0d-b607-9caf3f6efb99" testListId="8c84fa94-04c1-424b-9868-57a2d4851a1d" />
    <TestEntry testId="f71ef0f4-b2e7-439b-ac62-1e51a04c6bc6" executionId="54aa4d57-dcd6-4b57-8ab3-2ecfa821a8ef" testListId="8c84fa94-04c1-424b-9868-57a2d4851a1d" />
    <TestEntry testId="3602a509-aa0b-4cbe-90cb-a51ba51adbd0" executionId="aa54d928-3aa5-4084-a3da-2116b55c576f" testListId="8c84fa94-04c1-424b-9868-57a2d4851a1d" />
    <TestEntry testId="cd0ae54f-4b75-4c0f-a31a-f1b64b6265db" executionId="dd4ac159-494e-48e7-8d44-78b27ff79cee" testListId="8c84fa94-04c1-424b-9868-57a2d4851a1d" />
    <TestEntry testId="57266ed2-2424-4008-a210-fa4397c82111" executionId="aad4b0a9-a8f0-4810-be04-dbab3be2680e" testListId="8c84fa94-04c1-424b-9868-57a2d4851a1d" />
    <TestEntry testId="246e56b1-0aaf-422a-a6ad-38824abd80e1" executionId="6714f3e0-f235-49e9-878a-65703de07661" testListId="8c84fa94-04c1-424b-9868-57a2d4851a1d" />
    <TestEntry testId="409a86fd-e078-42c9-8af3-ba71d1c61b40" executionId="6f9a3ad0-3c90-49c2-8b0b-db61fecc12d5" testListId="8c84fa94-04c1-424b-9868-57a2d4851a1d" />
    <TestEntry testId="ac218bb9-4fc2-4861-8abb-9da24c0c08cb" executionId="7f82292c-fa06-4523-b3b9-7749fddf57a5" testListId="8c84fa94-04c1-424b-9868-57a2d4851a1d" />
    <TestEntry testId="20735fe3-f68f-4b3e-9961-142e400cadb4" executionId="e4525349-848d-475b-b10f-604f280b97e9" testListId="8c84fa94-04c1-424b-9868-57a2d4851a1d" />
    <TestEntry testId="4bf65d0d-24df-40ce-a3d8-7e57c06e10f9" executionId="741a1873-c80f-4548-a1db-549a57b396ef" testListId="8c84fa94-04c1-424b-9868-57a2d4851a1d" />
    <TestEntry testId="2eff4b68-910a-4197-a6a5-cb83167a5d2e" executionId="58e97d66-25ec-4a84-ad78-f0a9f76c08f1" testListId="8c84fa94-04c1-424b-9868-57a2d4851a1d" />
    <TestEntry testId="e6af2ce2-2745-4940-8c16-48178fde8a69" executionId="c5876cc4-4d4b-44b4-a5c5-f2f6dba1216c" testListId="8c84fa94-04c1-424b-9868-57a2d4851a1d" />
    <TestEntry testId="011f395e-e564-438e-a164-a06a62459a80" executionId="946288e4-7740-489a-976a-f17cab310c7e" testListId="8c84fa94-04c1-424b-9868-57a2d4851a1d" />
    <TestEntry testId="3cddae6d-aec7-47ed-9bc5-038860ea154c" executionId="b9bb705a-5c29-4550-a99c-a3e5dd472d26" testListId="8c84fa94-04c1-424b-9868-57a2d4851a1d" />
    <TestEntry testId="04ff501f-ebee-468f-8ea8-ad9bcfffd71f" executionId="93e137f7-613a-491b-91e0-1e59cf37b0c6" testListId="8c84fa94-04c1-424b-9868-57a2d4851a1d" />
    <TestEntry testId="78d5909d-df5f-4d71-8675-f7bc691af7d9" executionId="aad1bf3b-2d4f-4ce8-b8f4-a962ac4fb15e" testListId="8c84fa94-04c1-424b-9868-57a2d4851a1d" />
    <TestEntry testId="f21c2e79-1ed7-4365-9ef4-de5fcad7d43c" executionId="4651ec8a-e4f4-487e-a43a-e52e25712a76" testListId="8c84fa94-04c1-424b-9868-57a2d4851a1d" />
    <TestEntry testId="b43f2ff7-fc0a-4127-90f1-e1ed4122b95d" executionId="432d02e8-3c26-4d3c-83ea-415744f4cbaa" testListId="8c84fa94-04c1-424b-9868-57a2d4851a1d" />
    <TestEntry testId="ce913404-f87a-4a34-ba33-a00b812b8e2e" executionId="9e57a20c-16db-405a-bd98-416c06a92296" testListId="8c84fa94-04c1-424b-9868-57a2d4851a1d" />
    <TestEntry testId="23c0db53-07fb-41ad-93f8-3c05c0bb795b" executionId="bb72b4e7-ecc8-4481-a152-4c160b218f7e" testListId="8c84fa94-04c1-424b-9868-57a2d4851a1d" />
    <TestEntry testId="2200f3b0-4663-40a0-b0df-07fef13acc05" executionId="43b9dcd9-0b74-458b-b45b-7fc3af177073" testListId="8c84fa94-04c1-424b-9868-57a2d4851a1d" />
    <TestEntry testId="06e832e6-de39-435c-a216-46dacf420485" executionId="7ebcd732-c1bc-45a9-9c8e-77194ede82d6" testListId="8c84fa94-04c1-424b-9868-57a2d4851a1d" />
    <TestEntry testId="13e0845e-2cfe-4e81-b5ad-c8db46f434c5" executionId="981e41d0-ff3d-400f-a9e5-252b83bb7f8a" testListId="8c84fa94-04c1-424b-9868-57a2d4851a1d" />
    <TestEntry testId="821baa33-a371-495e-a3d0-3a5fdf779f37" executionId="fc50258f-271f-47b2-8692-c9ef0209338b" testListId="8c84fa94-04c1-424b-9868-57a2d4851a1d" />
    <TestEntry testId="e5fb82f8-57e8-44dc-a9d2-7e920d90b281" executionId="80d5868b-b43b-4827-953a-693246d6c41e" testListId="8c84fa94-04c1-424b-9868-57a2d4851a1d" />
    <TestEntry testId="0b39e15f-d595-4105-bd6a-a8804088a125" executionId="6d7dee13-a9e5-4f08-9a04-51a510951d1e" testListId="8c84fa94-04c1-424b-9868-57a2d4851a1d" />
    <TestEntry testId="450a7c1d-953b-444d-869b-435970fc9a1a" executionId="33160dec-1f27-4812-bcf0-17ac6974171b" testListId="8c84fa94-04c1-424b-9868-57a2d4851a1d" />
    <TestEntry testId="b5c4d60b-6c4e-41d4-b761-9c04d4aab5b3" executionId="17701e10-8073-48e4-ba29-71fe6a2f6d53" testListId="8c84fa94-04c1-424b-9868-57a2d4851a1d" />
    <TestEntry testId="4bb62710-61a6-4721-89e2-e8b009cd596c" executionId="76297360-42bd-4e39-80f3-ef6e2b1dbaf5" testListId="8c84fa94-04c1-424b-9868-57a2d4851a1d" />
    <TestEntry testId="60512a72-8f49-42fc-bce3-38a4d8009786" executionId="4d6e8e3e-9193-4dbd-92f7-114a79b40494" testListId="8c84fa94-04c1-424b-9868-57a2d4851a1d" />
    <TestEntry testId="bed303f7-e205-4399-9fea-7aea6a5378b8" executionId="239000a0-ae62-4288-97a7-18a7cfc93c1e" testListId="8c84fa94-04c1-424b-9868-57a2d4851a1d" />
    <TestEntry testId="58ae618d-ce7e-49f7-a757-3db0ad19887c" executionId="b47a4cd6-949e-4d87-99fe-a421ced227b5" testListId="8c84fa94-04c1-424b-9868-57a2d4851a1d" />
    <TestEntry testId="7368a680-3195-4e54-87cd-382851c46177" executionId="768be938-6feb-4169-bae2-f85f62f2110e" testListId="8c84fa94-04c1-424b-9868-57a2d4851a1d" />
    <TestEntry testId="17f75581-381a-41b7-a162-557b56d0165a" executionId="35b69dc7-917e-4c91-b82e-155efa154db1" testListId="8c84fa94-04c1-424b-9868-57a2d4851a1d" />
    <TestEntry testId="b25150a6-d396-4930-93d4-0f941a0f87a3" executionId="97d94995-de1d-4668-9c3d-7e07acbe675e" testListId="8c84fa94-04c1-424b-9868-57a2d4851a1d" />
    <TestEntry testId="2c725ba2-9649-4ed0-9375-b3ebaad75ff5" executionId="82e326be-4ceb-46f2-99a5-9b26c99e6f7a" testListId="8c84fa94-04c1-424b-9868-57a2d4851a1d" />
    <TestEntry testId="d8b1f3bd-d070-4055-8d82-74b111288077" executionId="da4085fb-bd92-406a-ae57-1c61c8fbb2de" testListId="8c84fa94-04c1-424b-9868-57a2d4851a1d" />
    <TestEntry testId="5e8d21fb-7a84-4ff0-9bd8-b1c210155042" executionId="9af35b93-366f-4d28-9753-e60cd9f4f31b" testListId="8c84fa94-04c1-424b-9868-57a2d4851a1d" />
    <TestEntry testId="252de7e2-561a-42ba-807c-aad5446570ed" executionId="f9932cf0-8aa2-4f56-831a-9002d18e4380" testListId="8c84fa94-04c1-424b-9868-57a2d4851a1d" />
    <TestEntry testId="73f51254-d23b-476b-8b38-4067fc0611e5" executionId="ffc5109d-0959-4f60-9300-696d2a120c1a" testListId="8c84fa94-04c1-424b-9868-57a2d4851a1d" />
    <TestEntry testId="b0dd145a-3b5b-416f-a24a-ef76b6e09181" executionId="e1be32b3-3cde-4691-87b3-9d6d32296211" testListId="8c84fa94-04c1-424b-9868-57a2d4851a1d" />
    <TestEntry testId="aa815b85-855f-46b3-9802-6ce7864cf721" executionId="47d0d72c-860b-4f37-b621-04823777f864" testListId="8c84fa94-04c1-424b-9868-57a2d4851a1d" />
    <TestEntry testId="b7bb66d9-c943-4506-8cd2-d89fb04f2605" executionId="89e64f61-3ca8-427c-9281-c3d0833b6681" testListId="8c84fa94-04c1-424b-9868-57a2d4851a1d" />
    <TestEntry testId="325ec56c-5248-471f-986a-48f4ef1c834d" executionId="25773bb4-6028-414e-92b4-d2e128059288" testListId="8c84fa94-04c1-424b-9868-57a2d4851a1d" />
    <TestEntry testId="02f9179c-243e-47f9-9750-ad009ef21627" executionId="0899e29a-ea97-4344-8956-a7ecc0534506" testListId="8c84fa94-04c1-424b-9868-57a2d4851a1d" />
    <TestEntry testId="299fa8bc-99ae-4165-b6a2-a7f339fc6398" executionId="06894820-b813-47d1-ba1a-dabc5c5efab9" testListId="8c84fa94-04c1-424b-9868-57a2d4851a1d" />
    <TestEntry testId="a889235c-8eb0-4e39-8964-f7a049067bb4" executionId="2f299578-7b9f-4894-8b70-65de8835d7a2" testListId="8c84fa94-04c1-424b-9868-57a2d4851a1d" />
    <TestEntry testId="1f884321-a41f-4a4d-92fd-408a73fbe2d8" executionId="cc242ce9-165d-4f2d-8cd9-1c8170eab796" testListId="8c84fa94-04c1-424b-9868-57a2d4851a1d" />
    <TestEntry testId="53d66e25-0b1b-4dcb-9203-9aee4be4bf86" executionId="26a6a069-0e4d-472d-9ba9-180d14e6b79b" testListId="8c84fa94-04c1-424b-9868-57a2d4851a1d" />
    <TestEntry testId="71fb84f5-c96d-4c7d-8c75-6a92fa21d01e" executionId="3b17a206-6428-4f84-b7b6-5d1eeb12bbd0" testListId="8c84fa94-04c1-424b-9868-57a2d4851a1d" />
    <TestEntry testId="ebf55305-eea3-42e6-a12a-089064ba212e" executionId="4024425b-dae4-436a-86db-d3ef4fe8a1ff" testListId="8c84fa94-04c1-424b-9868-57a2d4851a1d" />
    <TestEntry testId="5998ea6e-4908-417d-b264-bec927fd3edd" executionId="6b0387b0-4e93-48e5-b8db-fd65f6206ced" testListId="8c84fa94-04c1-424b-9868-57a2d4851a1d" />
    <TestEntry testId="4683f30a-921b-4526-9294-4b01198b20e8" executionId="3d162681-86e1-4443-8ffd-e699ca32f054" testListId="8c84fa94-04c1-424b-9868-57a2d4851a1d" />
    <TestEntry testId="8ddec0d3-5705-491b-85ea-158f7bf854a8" executionId="87378c8a-8445-4aed-8429-3cb4bc5132b4" testListId="8c84fa94-04c1-424b-9868-57a2d4851a1d" />
    <TestEntry testId="594ff289-6611-45ca-8455-8c7c75575c70" executionId="4d410010-3dab-4d5a-a2b6-a31abc1e4cab" testListId="8c84fa94-04c1-424b-9868-57a2d4851a1d" />
    <TestEntry testId="03520f85-b686-4fb3-ae02-9dcf35f2724f" executionId="7ebc615e-fdfa-413e-93b9-4c120351f54c" testListId="8c84fa94-04c1-424b-9868-57a2d4851a1d" />
    <TestEntry testId="545ad6ef-804e-4455-a28a-ed4ed494ec3f" executionId="d588876a-5c1c-47f1-9b40-4d0c5e4dec53" testListId="8c84fa94-04c1-424b-9868-57a2d4851a1d" />
    <TestEntry testId="105b1990-a786-41f9-8cb4-bbc946738add" executionId="05bf35c9-7cfa-4a9a-820e-779b9610598d" testListId="8c84fa94-04c1-424b-9868-57a2d4851a1d" />
    <TestEntry testId="f25a1c53-22ee-4be9-9030-b1e0075219ee" executionId="8a9441d5-6675-4444-b4ef-a6d591da5ae4" testListId="8c84fa94-04c1-424b-9868-57a2d4851a1d" />
    <TestEntry testId="1abebaf3-a134-4e8b-afcd-d65334f67255" executionId="b092ad26-a35d-4fc5-98c5-fc95544a2a91" testListId="8c84fa94-04c1-424b-9868-57a2d4851a1d" />
    <TestEntry testId="976e6875-a2b4-421f-85fd-624c2a3f6635" executionId="358938f4-c81b-4776-942c-6f35852ed717" testListId="8c84fa94-04c1-424b-9868-57a2d4851a1d" />
    <TestEntry testId="13f32a63-0fc2-497a-909a-84422e724e83" executionId="5312289c-f66e-4637-a774-70e310d598e3" testListId="8c84fa94-04c1-424b-9868-57a2d4851a1d" />
    <TestEntry testId="e2b2071a-d14c-47ab-babf-aa2445d56367" executionId="e23516fb-8006-4fd5-9a33-1b67f8747d2c" testListId="8c84fa94-04c1-424b-9868-57a2d4851a1d" />
    <TestEntry testId="33fa343b-ce18-4d16-8120-0107bae8b327" executionId="1ed4d435-45f6-45ae-ba15-ba70a4be5fae" testListId="8c84fa94-04c1-424b-9868-57a2d4851a1d" />
    <TestEntry testId="5773ee5f-489c-4e34-b82f-703a8ce49d93" executionId="1a7989d4-e885-41d4-b409-967a62487295" testListId="8c84fa94-04c1-424b-9868-57a2d4851a1d" />
    <TestEntry testId="9b24cd50-852b-4a30-ba2e-b503a639648e" executionId="4f3a8a8d-222c-4882-b2e3-1b6808b4a2c7" testListId="8c84fa94-04c1-424b-9868-57a2d4851a1d" />
    <TestEntry testId="38545c23-9ce9-40f0-bf12-911d28598e6d" executionId="609085e4-9139-4a83-a1cd-36f5eb8aacad" testListId="8c84fa94-04c1-424b-9868-57a2d4851a1d" />
    <TestEntry testId="5717079b-42fe-4b58-8d47-cf63a129eede" executionId="1dcc1784-ace0-41d5-afff-ccc0d8e53f1f" testListId="8c84fa94-04c1-424b-9868-57a2d4851a1d" />
    <TestEntry testId="55960f1b-7552-42b8-8315-cab0722bf5fb" executionId="640a403a-20e8-44ec-8f54-db2185537bf7" testListId="8c84fa94-04c1-424b-9868-57a2d4851a1d" />
    <TestEntry testId="8fd2881e-ab38-474e-9a87-5f599b661ec6" executionId="4e52ceb5-8a9a-431b-808a-71979820d291" testListId="8c84fa94-04c1-424b-9868-57a2d4851a1d" />
    <TestEntry testId="37964e90-322e-4584-b980-5733640d7a8f" executionId="758358f0-5d23-4cbb-a4cc-9eff359d3162" testListId="8c84fa94-04c1-424b-9868-57a2d4851a1d" />
    <TestEntry testId="4a48f40f-d15d-4d7c-b667-09d1906099ff" executionId="f69b5ecc-e7ec-44ac-811d-4553d0cdc729" testListId="8c84fa94-04c1-424b-9868-57a2d4851a1d" />
    <TestEntry testId="2333b8a2-ae0a-4cc8-99ec-8b5f77afa3dc" executionId="dbacd3ab-f461-4f8f-8e69-05840cac0040" testListId="8c84fa94-04c1-424b-9868-57a2d4851a1d" />
    <TestEntry testId="f167e128-0ad8-40af-8496-b52e875e3b9d" executionId="f981a422-b5f2-40de-acc2-551ab6b3353a" testListId="8c84fa94-04c1-424b-9868-57a2d4851a1d" />
    <TestEntry testId="e74d04d7-06a1-4183-acc2-6c58729c14ec" executionId="1fc051c4-6309-4ba2-a7d8-ba95222bb7f8" testListId="8c84fa94-04c1-424b-9868-57a2d4851a1d" />
    <TestEntry testId="c46ced39-39b5-4924-a95f-abb23ad9f22b" executionId="01390f6d-9a75-45a3-a2a8-bb82ac87ff54" testListId="8c84fa94-04c1-424b-9868-57a2d4851a1d" />
    <TestEntry testId="58eb36fd-0b38-4c59-b675-355a19718821" executionId="d754c5a7-1c76-451c-81b3-9b7c87eb637a" testListId="8c84fa94-04c1-424b-9868-57a2d4851a1d" />
    <TestEntry testId="4bfee9a0-5944-43a1-9b9f-4aed0d7cfdb8" executionId="3b7d47a6-2ee6-40ca-8421-6ce0b0454130" testListId="8c84fa94-04c1-424b-9868-57a2d4851a1d" />
    <TestEntry testId="6cb06bd5-f675-40b3-b7d6-e257e3387df7" executionId="afdb8edb-2eca-4859-b281-bb5270b205e2" testListId="8c84fa94-04c1-424b-9868-57a2d4851a1d" />
    <TestEntry testId="1b051a6a-0f41-4ee8-9cc1-47076396c61b" executionId="02320bdf-691f-4dea-bdcd-2da64361e311" testListId="8c84fa94-04c1-424b-9868-57a2d4851a1d" />
    <TestEntry testId="059fc6e0-ffc8-4136-ad24-0a5dbe27c1a8" executionId="eee3b810-c54d-4a91-a17a-9cb6b08291c9" testListId="8c84fa94-04c1-424b-9868-57a2d4851a1d" />
    <TestEntry testId="64f2b07a-9852-4931-af78-bb0b03829c19" executionId="a9a74654-d6d6-425a-b591-992ba0d57274" testListId="8c84fa94-04c1-424b-9868-57a2d4851a1d" />
    <TestEntry testId="0c842008-5bc4-49a9-a0b8-dd39802d38c5" executionId="c62012da-fb5b-4c12-8c5d-8e1ec96aa96d" testListId="8c84fa94-04c1-424b-9868-57a2d4851a1d" />
    <TestEntry testId="990e7a6e-37e4-40b9-80e3-daffcc43c29c" executionId="bc527636-0e3d-47c2-93e4-b08880e965fe" testListId="8c84fa94-04c1-424b-9868-57a2d4851a1d" />
    <TestEntry testId="71d1d207-0b02-4c3d-a123-8326ad4eb3c4" executionId="4a7ab0fe-f3f7-4ed0-a1cd-aadb0a7ce81a" testListId="8c84fa94-04c1-424b-9868-57a2d4851a1d" />
    <TestEntry testId="0af49700-579e-48ff-8f45-38e51b5863b0" executionId="5bfbddb5-6f94-45bc-9e3d-fd3f62d91086" testListId="8c84fa94-04c1-424b-9868-57a2d4851a1d" />
    <TestEntry testId="b8bc550f-50d8-4f0f-bec2-14da8341ce7e" executionId="b1f06088-1299-4595-9c94-ca4be0065925" testListId="8c84fa94-04c1-424b-9868-57a2d4851a1d" />
    <TestEntry testId="7a8083a0-311c-448d-a245-e3ef4358d9cd" executionId="d6a79688-372d-431e-a46e-949e0f695850" testListId="8c84fa94-04c1-424b-9868-57a2d4851a1d" />
    <TestEntry testId="36a523ce-be19-4362-9224-01d6869d0176" executionId="f3397f62-b9f6-48c9-96a4-6d7141df5dcd" testListId="8c84fa94-04c1-424b-9868-57a2d4851a1d" />
    <TestEntry testId="ec1fbe9b-6788-45ef-ab78-d9c37ffc3c00" executionId="36179f0a-e697-4a0d-b635-a931d680054b" testListId="8c84fa94-04c1-424b-9868-57a2d4851a1d" />
    <TestEntry testId="98dc54ca-b7ca-496a-9263-6c506c3284f4" executionId="80af2ecf-dbae-410d-b9c0-2146b8b4ec9f" testListId="8c84fa94-04c1-424b-9868-57a2d4851a1d" />
    <TestEntry testId="1c08e64a-bf7e-4bcd-8429-3c7ed8ba6b1b" executionId="f24c1cfa-3033-4901-acdd-d01b4099b504" testListId="8c84fa94-04c1-424b-9868-57a2d4851a1d" />
    <TestEntry testId="6b5dc69a-1552-4c01-b64e-7626fc72395c" executionId="29e505f4-25e2-4026-a76d-fcecc7ab0d39" testListId="8c84fa94-04c1-424b-9868-57a2d4851a1d" />
    <TestEntry testId="10c57e10-7127-48a9-919f-bc65ae812dbc" executionId="a73019ec-c827-4470-8467-27d0d4b04aba" testListId="8c84fa94-04c1-424b-9868-57a2d4851a1d" />
    <TestEntry testId="12e44a85-e777-4f06-92f5-c9d19561dc69" executionId="6229554c-d567-4d73-8e56-7f551f16338d" testListId="8c84fa94-04c1-424b-9868-57a2d4851a1d" />
    <TestEntry testId="b5ec34b2-ecff-4c7b-81ef-bd0758e48468" executionId="b9562c6a-1873-4f87-93fc-a18fe077269b" testListId="8c84fa94-04c1-424b-9868-57a2d4851a1d" />
    <TestEntry testId="0f3d5c0d-3ce8-48ce-8733-9be037b841ad" executionId="35eb70e0-86e8-481c-9422-48a79ab57c2a" testListId="8c84fa94-04c1-424b-9868-57a2d4851a1d" />
    <TestEntry testId="a26215fb-2f18-4280-9e2b-7ffeedc6942b" executionId="169884ec-0028-40e8-b561-2750e51fe261" testListId="8c84fa94-04c1-424b-9868-57a2d4851a1d" />
    <TestEntry testId="68c6a342-fbd8-4195-9cd3-0d8793b9a01c" executionId="6a5c8354-5dae-4b23-a2ef-f4b6f6ea4f4b" testListId="8c84fa94-04c1-424b-9868-57a2d4851a1d" />
    <TestEntry testId="53a4180a-b7f7-4b58-96d1-6093f2b2bc43" executionId="dbb1d9bd-3cca-4727-89d3-56d88d197759" testListId="8c84fa94-04c1-424b-9868-57a2d4851a1d" />
    <TestEntry testId="310970ce-e752-4576-9598-eca82b3e51c6" executionId="f481c1ea-8846-49b6-9fa3-1462678d7278" testListId="8c84fa94-04c1-424b-9868-57a2d4851a1d" />
    <TestEntry testId="bdb4efaa-3387-4d65-8f5f-21ac36e1272d" executionId="babbe480-3a63-4266-906f-56df23874383" testListId="8c84fa94-04c1-424b-9868-57a2d4851a1d" />
    <TestEntry testId="26d4405a-d4e5-470b-b315-c3b0c7f53e28" executionId="c288f3a2-f7c0-43f2-a8e7-7feeaa49615c" testListId="8c84fa94-04c1-424b-9868-57a2d4851a1d" />
    <TestEntry testId="f4fc3a5c-82b2-402f-83ef-bdb551684ca2" executionId="90c8be48-62b5-4bcc-8757-81f7f12606e4" testListId="8c84fa94-04c1-424b-9868-57a2d4851a1d" />
    <TestEntry testId="32dfae3b-b238-4be4-bb8d-a64f5d380e9c" executionId="8b96d1c3-173f-4e0b-9b81-d78dcca208a6" testListId="8c84fa94-04c1-424b-9868-57a2d4851a1d" />
    <TestEntry testId="25f393a6-37da-4b1f-9c41-295a56aa4eba" executionId="564b551a-7539-4bd0-89d0-2d1d9e184d2f" testListId="8c84fa94-04c1-424b-9868-57a2d4851a1d" />
    <TestEntry testId="b6fe85a0-8f97-4d05-ae7d-14edb9ed26f0" executionId="5dd7559b-fd56-4a33-9ffb-5bf8197301f9" testListId="8c84fa94-04c1-424b-9868-57a2d4851a1d" />
    <TestEntry testId="e9313295-0174-4dc2-9ea8-5ee80dda839d" executionId="0baa3a16-3626-4164-add6-532b3b32b7e6" testListId="8c84fa94-04c1-424b-9868-57a2d4851a1d" />
    <TestEntry testId="80ee2099-86a6-4282-b8b5-ffe63073bb9b" executionId="75afcfbb-149e-4fd4-a022-698b5873262a" testListId="8c84fa94-04c1-424b-9868-57a2d4851a1d" />
    <TestEntry testId="2a4b5d49-7950-46bb-ba9d-a00e5211ce93" executionId="65a9ec5e-460e-49a8-9054-e754a4b6d1ff" testListId="8c84fa94-04c1-424b-9868-57a2d4851a1d" />
    <TestEntry testId="82b53204-de37-43c5-ac12-543ebb9eb84e" executionId="8f5baace-b999-40a0-9784-5e3479c28894" testListId="8c84fa94-04c1-424b-9868-57a2d4851a1d" />
    <TestEntry testId="36e2dc7f-36f8-4840-ac46-6bf7bc5cc078" executionId="772ceffb-9045-4890-8162-ce97bb5d6394" testListId="8c84fa94-04c1-424b-9868-57a2d4851a1d" />
    <TestEntry testId="5377f8e2-3375-4039-99a8-7b2696a5c15d" executionId="dd5e12fd-095c-4418-bca9-314796111178" testListId="8c84fa94-04c1-424b-9868-57a2d4851a1d" />
    <TestEntry testId="1415f4c6-652d-40bb-8550-fdd45c980a73" executionId="da696083-b3fd-412c-9518-19e98b04467f" testListId="8c84fa94-04c1-424b-9868-57a2d4851a1d" />
    <TestEntry testId="c4006f54-90b2-49fc-85f1-18285aa4f8fd" executionId="5ec26bd9-b49a-49da-b8bb-1e2f24275ea2" testListId="8c84fa94-04c1-424b-9868-57a2d4851a1d" />
    <TestEntry testId="f68e78ca-1c09-41c7-8fbe-827d24daa6d6" executionId="ab554127-de77-40e0-86a5-c267fac4b113" testListId="8c84fa94-04c1-424b-9868-57a2d4851a1d" />
    <TestEntry testId="1faa8d1a-0da9-4dc5-89c8-9e123d849dcd" executionId="557dbc99-e706-442e-a6d6-4bef159b4786" testListId="8c84fa94-04c1-424b-9868-57a2d4851a1d" />
    <TestEntry testId="61953d57-700a-4e47-879b-6000f6c004c9" executionId="7d0b390e-251f-47dd-875a-3987c6078e94" testListId="8c84fa94-04c1-424b-9868-57a2d4851a1d" />
    <TestEntry testId="89c1dfe7-dc0e-426e-ae8d-d84cfe66b2b2" executionId="2c70edfd-1f45-48a6-b0e1-945578cc54b3" testListId="8c84fa94-04c1-424b-9868-57a2d4851a1d" />
    <TestEntry testId="256cb05c-8c3b-4b42-8b8e-36f728f7a7f4" executionId="73ce4405-cb59-4381-b4a0-18c635541a68" testListId="8c84fa94-04c1-424b-9868-57a2d4851a1d" />
    <TestEntry testId="0dd7ac3f-14e6-49ce-90f3-ed62b9a8672d" executionId="c9ea7d34-64dc-465e-a7e2-2687d9d96421" testListId="8c84fa94-04c1-424b-9868-57a2d4851a1d" />
    <TestEntry testId="f37f7e03-21a8-4b1b-9ea8-30fb506b234d" executionId="29317041-1e17-43a8-ace2-c5cad7bcf3e8" testListId="8c84fa94-04c1-424b-9868-57a2d4851a1d" />
    <TestEntry testId="92d15850-e96e-48cf-a9d4-de036830cca3" executionId="d7dd1f3f-14f6-4d30-a1fc-72ea272d4023" testListId="8c84fa94-04c1-424b-9868-57a2d4851a1d" />
    <TestEntry testId="2f0fc4d3-c6ed-471a-9f40-d7f8f399cd3b" executionId="904d4170-3973-4889-a592-d92fced4a3aa" testListId="8c84fa94-04c1-424b-9868-57a2d4851a1d" />
    <TestEntry testId="8ae459be-5bb1-45a6-b1d2-54964248eada" executionId="9f2295b1-ae8c-4409-a926-149ac506e07b" testListId="8c84fa94-04c1-424b-9868-57a2d4851a1d" />
    <TestEntry testId="436997fd-e944-478e-80a3-78b08d752dcc" executionId="9bf08d34-285f-4207-833c-f79010c45cb8" testListId="8c84fa94-04c1-424b-9868-57a2d4851a1d" />
    <TestEntry testId="050d7206-a5bc-491f-b11e-7fe344be98b4" executionId="cc1340a5-eb25-406e-8880-87e81f789db1" testListId="8c84fa94-04c1-424b-9868-57a2d4851a1d" />
    <TestEntry testId="86a9872b-f033-4ac2-a047-3f5f1679b9a5" executionId="a2c35a91-561a-476c-ab86-9b199cc88a27" testListId="8c84fa94-04c1-424b-9868-57a2d4851a1d" />
    <TestEntry testId="1620920d-c63e-440e-9e28-d605e6884a30" executionId="da5a20a3-c396-4057-9ece-cd23d71592bd" testListId="8c84fa94-04c1-424b-9868-57a2d4851a1d" />
    <TestEntry testId="1044942b-82a3-4f84-b1a8-b758f1944cde" executionId="3ef9cb3d-05c7-479a-9a59-194bf07e33ab" testListId="8c84fa94-04c1-424b-9868-57a2d4851a1d" />
    <TestEntry testId="4f9726ad-325d-40ef-b0d6-7ba3b03342e5" executionId="787a1d8b-0413-4617-b2a5-e8adddfd025b" testListId="8c84fa94-04c1-424b-9868-57a2d4851a1d" />
    <TestEntry testId="2f1c05c1-cabc-4177-8060-1d47ab8a2b21" executionId="a3197b8f-dc06-468e-9c6a-1b1eff0d3099" testListId="8c84fa94-04c1-424b-9868-57a2d4851a1d" />
    <TestEntry testId="8b689440-adc2-49bd-b44a-8b50191a1db0" executionId="340a15fe-3298-4728-84ac-bd89b995cefd" testListId="8c84fa94-04c1-424b-9868-57a2d4851a1d" />
    <TestEntry testId="7520764f-cb4f-47b1-9df5-7cc87e0d825e" executionId="285ed384-3a19-45d1-a442-33dcaeffec65" testListId="8c84fa94-04c1-424b-9868-57a2d4851a1d" />
    <TestEntry testId="198f7af1-d5c5-43b4-a6f7-c2fed23b224d" executionId="584b46a7-c118-4b73-8d8d-998f41ac3b28" testListId="8c84fa94-04c1-424b-9868-57a2d4851a1d" />
    <TestEntry testId="7d300cdf-3ac7-41f2-b1d4-7aad18f39ebd" executionId="5e84bc24-60c7-4ff7-9772-b1d891ca869a" testListId="8c84fa94-04c1-424b-9868-57a2d4851a1d" />
    <TestEntry testId="5ed4548b-f66a-431f-90c7-e14ca52434ab" executionId="fea0f853-5903-4ec9-9ee9-9e4e70b73feb" testListId="8c84fa94-04c1-424b-9868-57a2d4851a1d" />
    <TestEntry testId="cf519272-8aa5-452c-a753-9542a034f354" executionId="5c33c70e-4dad-4441-a39c-20c413eadc83" testListId="8c84fa94-04c1-424b-9868-57a2d4851a1d" />
    <TestEntry testId="beb97c15-8366-4f2f-8157-ad1108a4a012" executionId="87f7d731-affd-4b7c-a52b-b0156b5846e7" testListId="8c84fa94-04c1-424b-9868-57a2d4851a1d" />
    <TestEntry testId="d58aa143-a97b-4b66-b9cc-faef5da1bfc0" executionId="c03a87d1-c483-4aa3-9f37-e69f87f96f1b" testListId="8c84fa94-04c1-424b-9868-57a2d4851a1d" />
    <TestEntry testId="6d6aa105-2046-4763-8b75-c4c21ce9569d" executionId="3b3f3ab5-3096-4fa1-963c-7df7a797f7be" testListId="8c84fa94-04c1-424b-9868-57a2d4851a1d" />
    <TestEntry testId="503d70a9-e26e-405f-b04c-d36e656539d0" executionId="e0f3688c-6d99-4712-aa14-a41f4bc93a64" testListId="8c84fa94-04c1-424b-9868-57a2d4851a1d" />
    <TestEntry testId="0045bf9c-868c-4ea3-be4a-3d0eee7f842c" executionId="aed7ea70-2c58-4273-abf2-6b6b2158be79" testListId="8c84fa94-04c1-424b-9868-57a2d4851a1d" />
    <TestEntry testId="98e0a535-dca5-43d1-ac6e-7e8f44b2e71f" executionId="88ef840e-244a-41c8-9411-0be303b53bd6" testListId="8c84fa94-04c1-424b-9868-57a2d4851a1d" />
    <TestEntry testId="e7db4150-a2dd-40b0-af6a-2d080d6a1bd7" executionId="122733f6-64e3-4299-b97f-c42bd723422c" testListId="8c84fa94-04c1-424b-9868-57a2d4851a1d" />
    <TestEntry testId="4d108519-bf44-48bc-a0a2-cc7c958e9df4" executionId="fec23e93-742d-42ee-859a-25d652a553e4" testListId="8c84fa94-04c1-424b-9868-57a2d4851a1d" />
    <TestEntry testId="2f5c609d-4a4c-4fd4-85d0-61d4f77a0ccf" executionId="56c218e4-6f3d-41c7-9e04-e823251e8732" testListId="8c84fa94-04c1-424b-9868-57a2d4851a1d" />
    <TestEntry testId="5dddd93a-341a-4863-adab-e663a9c3ffec" executionId="2ccbc278-79ec-4047-ba72-3b954439a9f6" testListId="8c84fa94-04c1-424b-9868-57a2d4851a1d" />
    <TestEntry testId="335c3738-ba12-488e-b323-e228611ef2b2" executionId="040f09a1-5b34-4184-842a-2345a1e84969" testListId="8c84fa94-04c1-424b-9868-57a2d4851a1d" />
    <TestEntry testId="0ed927b9-ba7e-4076-bc2e-e8d020093ee2" executionId="0f6b1c7d-e4b9-49ba-9313-2bbd2ba4ffd6" testListId="8c84fa94-04c1-424b-9868-57a2d4851a1d" />
    <TestEntry testId="4b2754a2-9a3a-494a-999d-4ee1eb4c774b" executionId="5fa27822-5c10-4156-9e8b-412702f65e99" testListId="8c84fa94-04c1-424b-9868-57a2d4851a1d" />
    <TestEntry testId="e30cfc2b-bb01-45fe-b257-ae10b29bf8ef" executionId="1bcb8c49-3538-43a3-8d2a-1b52e0bf7094" testListId="8c84fa94-04c1-424b-9868-57a2d4851a1d" />
    <TestEntry testId="744f00b0-3af0-491c-8b5a-49236d07849b" executionId="3af206d7-a663-4a88-a5d1-70ddc0163a97" testListId="8c84fa94-04c1-424b-9868-57a2d4851a1d" />
    <TestEntry testId="b6a240c5-ed5c-424b-af69-794654f7aa2c" executionId="9201ffca-fa20-4d39-bf9b-e6fa18cfd20b" testListId="8c84fa94-04c1-424b-9868-57a2d4851a1d" />
    <TestEntry testId="c82c76df-2b54-4793-a0fe-3aa83d3636e8" executionId="51878832-b66e-48e5-9d83-2a38f2ea2e3b" testListId="8c84fa94-04c1-424b-9868-57a2d4851a1d" />
    <TestEntry testId="4b44b73e-107f-4cd7-9a58-7e2d0267a0fd" executionId="a7fb3685-1d5d-4588-bed4-f9ef934f07fd" testListId="8c84fa94-04c1-424b-9868-57a2d4851a1d" />
    <TestEntry testId="5b2d63e1-6fac-427c-9e4a-79bfa1d24a62" executionId="2f85186f-2e57-43ef-9e94-fa4548cbfbfd" testListId="8c84fa94-04c1-424b-9868-57a2d4851a1d" />
    <TestEntry testId="cc50c9fc-a9f8-45af-8148-2a463f933714" executionId="c536cd01-a5fa-46dd-9909-4bace0afbad1" testListId="8c84fa94-04c1-424b-9868-57a2d4851a1d" />
    <TestEntry testId="bbba9a4d-8ece-418c-acd1-ee72ac207d3a" executionId="03fec520-d51b-4965-a501-04ec6794ec96" testListId="8c84fa94-04c1-424b-9868-57a2d4851a1d" />
    <TestEntry testId="e33d8809-367f-4aca-b079-467e08bf0d51" executionId="b51c458a-9139-48ad-843d-283792754b11" testListId="8c84fa94-04c1-424b-9868-57a2d4851a1d" />
    <TestEntry testId="41190687-f873-41f5-a660-12d675a3d31a" executionId="b660dead-23a9-4b1c-868c-da434cbf12a6" testListId="8c84fa94-04c1-424b-9868-57a2d4851a1d" />
    <TestEntry testId="ad0cd8d8-df03-4925-9687-e4d4106f8762" executionId="b0d95437-671b-422c-b196-ac4f0557c638" testListId="8c84fa94-04c1-424b-9868-57a2d4851a1d" />
    <TestEntry testId="940e5ca7-dac4-4f1d-8c67-d2644349457d" executionId="e92f7853-7aa1-48ea-8a04-1ec179112702" testListId="8c84fa94-04c1-424b-9868-57a2d4851a1d" />
    <TestEntry testId="de6bb8d4-a988-410c-a22d-ed97f40555e2" executionId="114e2ac4-3a59-4603-bfc7-ead68e45cb67" testListId="8c84fa94-04c1-424b-9868-57a2d4851a1d" />
    <TestEntry testId="d4b5b81e-db27-4555-97c5-e138d6520d75" executionId="a98f9135-c3fa-4318-8f7c-bd184ab4de4b" testListId="8c84fa94-04c1-424b-9868-57a2d4851a1d" />
    <TestEntry testId="3571a75e-23f1-477b-83d2-4771eea05c58" executionId="bb43487e-b7bd-4333-8c71-0fddd81bfcc2" testListId="8c84fa94-04c1-424b-9868-57a2d4851a1d" />
    <TestEntry testId="1e55c86e-e93c-46ab-bada-39299a47fd8c" executionId="9cfde333-9658-48cb-adb8-7d486be95aba" testListId="8c84fa94-04c1-424b-9868-57a2d4851a1d" />
    <TestEntry testId="c360998d-2352-46d1-84fc-1dde480cf409" executionId="c9d7abf3-5cbd-49fb-9560-fcd30692d38c" testListId="8c84fa94-04c1-424b-9868-57a2d4851a1d" />
    <TestEntry testId="7e02ff1f-c294-4dc7-8774-8211679613ee" executionId="2d4a87b6-3cbb-4e22-bcae-a2b7eddaec81" testListId="8c84fa94-04c1-424b-9868-57a2d4851a1d" />
    <TestEntry testId="cad2f738-9092-4a1a-bf68-3b76922f44a8" executionId="d258085b-0af7-42c1-a02e-480b08d27f9f" testListId="8c84fa94-04c1-424b-9868-57a2d4851a1d" />
    <TestEntry testId="22653f95-4d0b-40e7-8ae8-77ac9f32ed91" executionId="8d3977b4-1796-459c-ac32-9aa8e47e52c0" testListId="8c84fa94-04c1-424b-9868-57a2d4851a1d" />
    <TestEntry testId="4ab6a9f9-61a2-4e67-bfcc-c785d1a48735" executionId="837b82ba-7522-4e7e-bdf6-263669b5e111" testListId="8c84fa94-04c1-424b-9868-57a2d4851a1d" />
    <TestEntry testId="6823ddca-807a-4fc4-8d10-dfc598f56cc7" executionId="417eef0a-c511-4722-a842-603771dda9ab" testListId="8c84fa94-04c1-424b-9868-57a2d4851a1d" />
    <TestEntry testId="8c2a347e-73c3-408a-a74f-8b4d21348445" executionId="4faa3090-7e35-437a-9e91-06ab4a3e0d82" testListId="8c84fa94-04c1-424b-9868-57a2d4851a1d" />
    <TestEntry testId="cb9df5ff-60d6-487f-8bf0-8800e4864666" executionId="a2750225-c5ca-4852-8c26-6da09acf8ef8" testListId="8c84fa94-04c1-424b-9868-57a2d4851a1d" />
    <TestEntry testId="1c91abfa-2e24-4b0c-926d-ed9cedca66e4" executionId="eb0aaf4a-c570-4fd4-a3c6-1c542c36a041" testListId="8c84fa94-04c1-424b-9868-57a2d4851a1d" />
    <TestEntry testId="34bc4cf6-1327-4bfb-8932-319033b6048e" executionId="5e7513a6-06ce-414a-b276-ae8549e11e96" testListId="8c84fa94-04c1-424b-9868-57a2d4851a1d" />
    <TestEntry testId="9e781488-2244-4968-bb97-d3518e8513a7" executionId="8061496a-a303-4a50-bec0-ec416d76090c" testListId="8c84fa94-04c1-424b-9868-57a2d4851a1d" />
    <TestEntry testId="a3d9c48c-dba4-4fac-8797-748aef477571" executionId="4e30a7bd-50af-4cbc-a61e-88c682eaf9cd" testListId="8c84fa94-04c1-424b-9868-57a2d4851a1d" />
    <TestEntry testId="08b9fc14-c189-4204-98e2-8b4a110a3420" executionId="defb4614-26c4-4e50-b6c3-84a436d7eaa7" testListId="8c84fa94-04c1-424b-9868-57a2d4851a1d" />
    <TestEntry testId="42342633-e950-4033-ab6c-4a0676582fba" executionId="8b29ddcc-4d66-403b-9b65-16aec65d110b" testListId="8c84fa94-04c1-424b-9868-57a2d4851a1d" />
    <TestEntry testId="62dff4c0-1999-4c8b-87b8-04c735184152" executionId="29e9f438-6e42-4cb1-8ef0-a0c16279d57d" testListId="8c84fa94-04c1-424b-9868-57a2d4851a1d" />
    <TestEntry testId="1cd23f27-4572-49a0-8210-e9d8ebd9d771" executionId="eba9a0ef-6fc3-49fe-ab8b-36be1d9a00fa" testListId="8c84fa94-04c1-424b-9868-57a2d4851a1d" />
    <TestEntry testId="62aa4506-1077-4c89-8769-3e74543496d9" executionId="9ce59e8a-2962-4104-a696-17631d95ff61" testListId="8c84fa94-04c1-424b-9868-57a2d4851a1d" />
    <TestEntry testId="5de29766-ef9c-4ab4-80e2-1fb9413a20d4" executionId="ed12fc6d-ee10-44c1-85a2-ecf80fe33938" testListId="8c84fa94-04c1-424b-9868-57a2d4851a1d" />
    <TestEntry testId="2de6c0d5-7f1c-47b3-91d5-1f2eb69051a0" executionId="78594297-03c4-4f05-8c19-d0c74b04e47b" testListId="8c84fa94-04c1-424b-9868-57a2d4851a1d" />
    <TestEntry testId="94cfdf26-51eb-4f72-a5b3-7698f08fa80d" executionId="86c623b3-cb30-4ec7-9aac-b94a7b493e67" testListId="8c84fa94-04c1-424b-9868-57a2d4851a1d" />
    <TestEntry testId="77e9b4cb-1dca-42a7-9c54-34626cf54f60" executionId="073f96d3-c49a-40d5-8b34-b1ccbeae9417" testListId="8c84fa94-04c1-424b-9868-57a2d4851a1d" />
    <TestEntry testId="8edc1cfc-680a-413c-85f4-b1d68c516f02" executionId="bce5613d-c560-4ed2-9a4a-ca356e743b81" testListId="8c84fa94-04c1-424b-9868-57a2d4851a1d" />
    <TestEntry testId="c21eb2de-01e1-4d58-937a-de6d7964025b" executionId="61af98d3-9c94-48fa-a510-02da1312ea52" testListId="8c84fa94-04c1-424b-9868-57a2d4851a1d" />
    <TestEntry testId="8e0fa24e-0206-4411-ac79-830b35198f55" executionId="bc99d83a-fe60-46a1-b8b5-4a0a1bb6dadc" testListId="8c84fa94-04c1-424b-9868-57a2d4851a1d" />
    <TestEntry testId="6e543f0d-3f97-43dc-9751-7df81771ce54" executionId="5167e958-31e1-4911-99cf-3b7a67bb3bd7" testListId="8c84fa94-04c1-424b-9868-57a2d4851a1d" />
    <TestEntry testId="9692af43-c264-4049-a6be-bb2e3c31ec5e" executionId="4604fce6-abce-436c-83b9-860bf6954cc4" testListId="8c84fa94-04c1-424b-9868-57a2d4851a1d" />
    <TestEntry testId="4d30389a-8974-4b45-a876-3accd6195149" executionId="1e8175e5-5455-426c-8732-eecf4e4d6ed2" testListId="8c84fa94-04c1-424b-9868-57a2d4851a1d" />
    <TestEntry testId="0070fa30-de7c-4dec-9802-3a810f826119" executionId="83631066-fd5a-41f8-8a97-c827e40d8ee4" testListId="8c84fa94-04c1-424b-9868-57a2d4851a1d" />
    <TestEntry testId="50a440eb-931f-47a7-8966-b888cb5c67b8" executionId="287eaac4-2fcf-49c2-a91b-02c82e145ba1" testListId="8c84fa94-04c1-424b-9868-57a2d4851a1d" />
    <TestEntry testId="a070ab81-e086-4b8d-9797-c6595e5b715f" executionId="7f25c80e-82b9-439f-972c-946e818e12b8" testListId="8c84fa94-04c1-424b-9868-57a2d4851a1d" />
    <TestEntry testId="2b4ebdf7-0b35-487c-a853-508e3ef0e7cc" executionId="2eb0fa62-d68a-480b-a391-5edc2ab8d271" testListId="8c84fa94-04c1-424b-9868-57a2d4851a1d" />
    <TestEntry testId="f40520bc-c102-4498-8cc2-8c84a5cf6ae7" executionId="4f0391ac-08b6-45e0-a3f3-c7310b6e92ad" testListId="8c84fa94-04c1-424b-9868-57a2d4851a1d" />
    <TestEntry testId="555bf039-ef36-4726-b28f-b8be00280b10" executionId="c24eb333-17eb-47ff-9322-35d325c25ec2" testListId="8c84fa94-04c1-424b-9868-57a2d4851a1d" />
    <TestEntry testId="4dca2b26-0dab-47bc-a7b6-ca5fbb83939a" executionId="218a0ebf-0b13-4a02-b171-cc0a9f6c4658" testListId="8c84fa94-04c1-424b-9868-57a2d4851a1d" />
    <TestEntry testId="4694e3ed-3af4-4945-b2c0-539b2a78ea52" executionId="0c394933-a305-425d-a5e3-654394563be6" testListId="8c84fa94-04c1-424b-9868-57a2d4851a1d" />
    <TestEntry testId="7b06d2c0-6a62-4916-ab1a-d1eeaa8b03fa" executionId="72160091-38d2-4e2e-b7cf-40a5a497dbac" testListId="8c84fa94-04c1-424b-9868-57a2d4851a1d" />
    <TestEntry testId="15242cbf-6fa4-40e8-921a-6b3d2b603418" executionId="7871e283-5ff4-4051-a321-1c3345383ec1" testListId="8c84fa94-04c1-424b-9868-57a2d4851a1d" />
    <TestEntry testId="f77cab44-9aac-43c3-9714-809c64c16ef0" executionId="c5cc5468-5ade-4a6b-a3d7-964c0066b198" testListId="8c84fa94-04c1-424b-9868-57a2d4851a1d" />
    <TestEntry testId="7e6d845d-cd71-4ad6-9623-48176f717080" executionId="bcfc0c8e-4403-4fb7-af60-3bed4a409ce4" testListId="8c84fa94-04c1-424b-9868-57a2d4851a1d" />
    <TestEntry testId="bfe4eea7-e202-475a-85bc-814a382c6135" executionId="25406d04-55fb-45a0-b197-ee1a91fef52d" testListId="8c84fa94-04c1-424b-9868-57a2d4851a1d" />
    <TestEntry testId="10448b4b-a644-4e9b-bc69-20473084d6be" executionId="fde473c4-e937-4b88-beda-039f993e1cce" testListId="8c84fa94-04c1-424b-9868-57a2d4851a1d" />
    <TestEntry testId="4d109019-a223-485c-9d07-54f22410815f" executionId="a931c98f-d64b-43f3-9db9-b409ddf1a274" testListId="8c84fa94-04c1-424b-9868-57a2d4851a1d" />
    <TestEntry testId="cd6ebfc5-e246-45ea-b31b-bd466968a4a8" executionId="cee0add1-61cf-4b88-8e2b-566a647f97fe" testListId="8c84fa94-04c1-424b-9868-57a2d4851a1d" />
    <TestEntry testId="6641c0fc-aeab-4e2d-b05d-ef1cad697dc7" executionId="68d0624e-fdea-4f13-bf78-0a195278bce2" testListId="8c84fa94-04c1-424b-9868-57a2d4851a1d" />
    <TestEntry testId="038eec70-17a2-4633-b088-864988cf6945" executionId="1ccf7e6d-fe60-4ebf-ab9a-a261c8ddb41a" testListId="8c84fa94-04c1-424b-9868-57a2d4851a1d" />
    <TestEntry testId="174bc7e2-de79-425b-9c54-e29634807be9" executionId="378854cb-6879-40fa-9085-e988b8c64775" testListId="8c84fa94-04c1-424b-9868-57a2d4851a1d" />
    <TestEntry testId="d68f8a83-bcb1-46be-a1c5-205d1199d663" executionId="bf7ef24d-aa2f-43e0-89dc-6a52c13aba7c" testListId="8c84fa94-04c1-424b-9868-57a2d4851a1d" />
    <TestEntry testId="e64c7753-e9dc-42f2-90b3-6c2e662d1056" executionId="77a47f6e-cbfe-48ac-8c68-dc577351936c" testListId="8c84fa94-04c1-424b-9868-57a2d4851a1d" />
    <TestEntry testId="771f1140-96d3-4b0c-98eb-c1ff78a8cdbb" executionId="3699f82f-c520-494b-a224-6d7fba87eef3" testListId="8c84fa94-04c1-424b-9868-57a2d4851a1d" />
    <TestEntry testId="3c11e86d-7300-4b18-ab93-b41b9f060fd6" executionId="cf4f8707-4ddb-403b-9cd9-d64d26d464c2" testListId="8c84fa94-04c1-424b-9868-57a2d4851a1d" />
    <TestEntry testId="908275a7-6357-4e97-ae5f-00585db2d4e7" executionId="535c8c33-566e-4de9-8444-fb68d8a3f756" testListId="8c84fa94-04c1-424b-9868-57a2d4851a1d" />
    <TestEntry testId="1ab534c3-c64f-43ed-b13e-358151164613" executionId="23b88695-3794-42b2-ab34-3c11d3ea8039" testListId="8c84fa94-04c1-424b-9868-57a2d4851a1d" />
    <TestEntry testId="804bdc55-7c04-485a-aa75-9316129a519a" executionId="7abbc0c1-e744-4552-a800-e8b5e666a5c7" testListId="8c84fa94-04c1-424b-9868-57a2d4851a1d" />
    <TestEntry testId="c491272a-5785-463b-a337-05ec48518ee2" executionId="208e0843-af5d-4599-83bf-870d09735b8c" testListId="8c84fa94-04c1-424b-9868-57a2d4851a1d" />
    <TestEntry testId="75775734-51d2-4e6d-8e1a-76a2e1678513" executionId="3aa31cee-6ba4-46fb-bd72-11dbd8ac08e8" testListId="8c84fa94-04c1-424b-9868-57a2d4851a1d" />
    <TestEntry testId="932e8096-ac5b-4781-b4f3-425e3a692092" executionId="86f646bd-01f5-4140-9923-9605b225602f" testListId="8c84fa94-04c1-424b-9868-57a2d4851a1d" />
    <TestEntry testId="68ebc75b-c3d9-4bba-92ce-291dd74f6119" executionId="f59d6e37-54f3-4cb4-8c77-ac3292c78de3" testListId="8c84fa94-04c1-424b-9868-57a2d4851a1d" />
    <TestEntry testId="925c760a-2feb-4707-9286-c768fd484310" executionId="ac1f999e-5f29-49e6-a29d-556fe87b2b8f" testListId="8c84fa94-04c1-424b-9868-57a2d4851a1d" />
    <TestEntry testId="fc99fce2-f0da-4bc6-ad98-21bf99b05365" executionId="44292924-bed6-425e-9814-e073124a42eb" testListId="8c84fa94-04c1-424b-9868-57a2d4851a1d" />
    <TestEntry testId="77fd7ccb-56cb-4f0a-852d-c6914f50c99c" executionId="840c9f66-705f-4b9e-9551-469229a4929c" testListId="8c84fa94-04c1-424b-9868-57a2d4851a1d" />
    <TestEntry testId="f49fb8e0-5863-4964-8b6e-940f936f724f" executionId="eadd9e41-e282-40ca-9b12-516a7ed5574d" testListId="8c84fa94-04c1-424b-9868-57a2d4851a1d" />
    <TestEntry testId="270a7c53-d60a-4835-be76-174c51b62a5c" executionId="6dcc414c-60d7-4b7c-b29d-eba373a59dde" testListId="8c84fa94-04c1-424b-9868-57a2d4851a1d" />
    <TestEntry testId="b909ba66-4304-4e15-bef2-0a21b3bd6220" executionId="13278440-0b7c-422d-bb5d-1629e7bd0518" testListId="8c84fa94-04c1-424b-9868-57a2d4851a1d" />
    <TestEntry testId="34f3f347-5968-49af-afa7-123f87e14a8b" executionId="3c166006-a857-4e19-8da8-f6a0978a31e2" testListId="8c84fa94-04c1-424b-9868-57a2d4851a1d" />
    <TestEntry testId="d8cb952c-f5bd-4e25-8e24-bb723c211022" executionId="2bebef84-cba0-4203-b4d3-d2ddab7cdadd" testListId="8c84fa94-04c1-424b-9868-57a2d4851a1d" />
    <TestEntry testId="bf4da0ff-7c9d-4cb8-a18c-12291fe9d6fb" executionId="81c14d6a-b4e1-4892-be60-ed0dec5b3493" testListId="8c84fa94-04c1-424b-9868-57a2d4851a1d" />
    <TestEntry testId="3858a540-b207-4bd5-9591-0553f5571c16" executionId="c2db6e3a-c708-4f43-9de1-f92c5cd06bab" testListId="8c84fa94-04c1-424b-9868-57a2d4851a1d" />
    <TestEntry testId="c2601364-5e90-4b03-af3e-cd13eb4db753" executionId="7922ad67-9936-43f8-a7aa-761086d2136a" testListId="8c84fa94-04c1-424b-9868-57a2d4851a1d" />
    <TestEntry testId="a6dce709-3f8d-4f0a-8034-f9b595622d3b" executionId="170077c7-2abe-47f5-a34e-cef2b8367bf2" testListId="8c84fa94-04c1-424b-9868-57a2d4851a1d" />
    <TestEntry testId="c33d93dc-c593-429e-84a4-a335043d07e4" executionId="a57c1035-7e44-452f-8cb4-f5f2281aec10" testListId="8c84fa94-04c1-424b-9868-57a2d4851a1d" />
    <TestEntry testId="2a418717-64c4-4cd6-a121-4c4003a5c703" executionId="c89829a4-8a60-4abb-a7d3-baab204ca255" testListId="8c84fa94-04c1-424b-9868-57a2d4851a1d" />
    <TestEntry testId="535b8292-3834-4135-bd0d-ff0379d32d3e" executionId="7c3b580b-f413-452b-9be7-665e9e146747" testListId="8c84fa94-04c1-424b-9868-57a2d4851a1d" />
    <TestEntry testId="ce68c179-cf6b-4e6f-8c1b-e6daecc886c6" executionId="908ebc32-1b16-451e-bc05-61fea5c7f307" testListId="8c84fa94-04c1-424b-9868-57a2d4851a1d" />
    <TestEntry testId="a7cf5961-c238-42c0-b5d1-1ad9725d2a2d" executionId="b7a052da-1eef-4733-b761-59380e4c338f" testListId="8c84fa94-04c1-424b-9868-57a2d4851a1d" />
    <TestEntry testId="c3711e45-f404-4040-ad80-550f51ff35c1" executionId="4ee88153-6db9-4f88-8434-50ea0630f313" testListId="8c84fa94-04c1-424b-9868-57a2d4851a1d" />
    <TestEntry testId="2155c700-8832-4e3f-b33b-0e4efb48533a" executionId="fe6c5878-1c0f-4874-8b4a-fcb7aabef90a" testListId="8c84fa94-04c1-424b-9868-57a2d4851a1d" />
    <TestEntry testId="fa6b3a36-e60d-46ee-af43-ce3264b4e46f" executionId="79d597c5-6a95-4088-aa5b-8c13344ef4f7" testListId="8c84fa94-04c1-424b-9868-57a2d4851a1d" />
    <TestEntry testId="5024292a-f0db-4fdd-95af-97b7e50ede8f" executionId="850a154d-917d-43c3-ac0e-9d14d1700616" testListId="8c84fa94-04c1-424b-9868-57a2d4851a1d" />
    <TestEntry testId="e5664a8f-7382-4f21-bab6-30b5c6f7e06a" executionId="a7764441-a66f-4477-bbc1-769e6249d182" testListId="8c84fa94-04c1-424b-9868-57a2d4851a1d" />
    <TestEntry testId="e2309d4d-87fb-44f2-88ad-9ce1ffe090fa" executionId="314b9820-d93e-4519-8af2-2a3ccb7cf735" testListId="8c84fa94-04c1-424b-9868-57a2d4851a1d" />
    <TestEntry testId="39d01a79-3c35-445a-9f8a-e09b81fb81c6" executionId="58cf8dbe-fabd-46b9-81bd-87bb1e02e964" testListId="8c84fa94-04c1-424b-9868-57a2d4851a1d" />
    <TestEntry testId="af5c851a-7b2f-4267-b608-bb6570ef6c4d" executionId="39c23290-4e66-4275-9563-a973c66bdc43" testListId="8c84fa94-04c1-424b-9868-57a2d4851a1d" />
    <TestEntry testId="aaf3fa22-3e52-4df9-a34a-8b3f9fdbb1ae" executionId="b313c03f-8d85-4f5b-82c0-59879baa67b8" testListId="8c84fa94-04c1-424b-9868-57a2d4851a1d" />
    <TestEntry testId="1badb448-e755-4043-83a3-b7a38f7b75da" executionId="464f36f4-8206-4ce3-b3b0-17f021285409" testListId="8c84fa94-04c1-424b-9868-57a2d4851a1d" />
    <TestEntry testId="5826fa93-2392-4b03-8e7b-babdec22fa2f" executionId="c5846780-0428-4a48-979b-84e926c92419" testListId="8c84fa94-04c1-424b-9868-57a2d4851a1d" />
    <TestEntry testId="061a3cd1-317d-4e98-a1c4-65eae9f0fbe5" executionId="b38fe8cb-749b-4321-bbbf-9660a9944868" testListId="8c84fa94-04c1-424b-9868-57a2d4851a1d" />
    <TestEntry testId="6caf122c-d661-46b2-9227-551ebac1ba11" executionId="e9c540cd-0c5e-48f8-9eb1-520d7b4edb02" testListId="8c84fa94-04c1-424b-9868-57a2d4851a1d" />
    <TestEntry testId="abedee35-28ff-415c-92ee-ba7f1c86432c" executionId="35dd5444-7de1-4bd8-9ee8-d5d517fdbf68" testListId="8c84fa94-04c1-424b-9868-57a2d4851a1d" />
    <TestEntry testId="a01093d2-e726-45d6-b8ed-21ff3c8d675d" executionId="5832bd3e-322a-4704-9be4-4e413df62c90" testListId="8c84fa94-04c1-424b-9868-57a2d4851a1d" />
    <TestEntry testId="f4f03abb-1caf-4280-8848-1029693889ab" executionId="ffdb5037-fd3e-4564-96a9-6fbe247960b3" testListId="8c84fa94-04c1-424b-9868-57a2d4851a1d" />
    <TestEntry testId="aa95ac9e-560f-4780-95ad-49d9fc3afea1" executionId="8d15d34d-4be3-41a2-a966-e76bb81ca1b4" testListId="8c84fa94-04c1-424b-9868-57a2d4851a1d" />
    <TestEntry testId="7982cd6d-fbe8-4c2b-8119-818abee993b3" executionId="035c923b-026d-451b-8588-4a3b36a70fb1" testListId="8c84fa94-04c1-424b-9868-57a2d4851a1d" />
    <TestEntry testId="8326f338-62c0-4140-b59b-0d733276dd37" executionId="bc87e9d2-4e69-4210-ba58-7319d205df3b" testListId="8c84fa94-04c1-424b-9868-57a2d4851a1d" />
    <TestEntry testId="a2ca144f-3e56-4f38-8d61-b40df9f6dbed" executionId="402223b5-69e8-443d-b78f-b9284a591f72" testListId="8c84fa94-04c1-424b-9868-57a2d4851a1d" />
    <TestEntry testId="52f222c0-701c-46e4-bf5e-67ba3c36af9d" executionId="bebbceaa-95b5-4d46-b9b4-3517c54a2b1d" testListId="8c84fa94-04c1-424b-9868-57a2d4851a1d" />
    <TestEntry testId="46af5a3e-eb08-4a68-aa8d-1379dcc400e6" executionId="11d3d3b1-340e-4895-86c8-45e53654747d" testListId="8c84fa94-04c1-424b-9868-57a2d4851a1d" />
    <TestEntry testId="91f24ff4-9f2f-44fd-8ead-3f9fee5ed772" executionId="79099b91-5afc-484f-85f6-05992428991c" testListId="8c84fa94-04c1-424b-9868-57a2d4851a1d" />
    <TestEntry testId="2976ce44-f653-4b17-b847-f9be4aaf5388" executionId="57551072-9cc0-4e77-b798-e51ebe67533f" testListId="8c84fa94-04c1-424b-9868-57a2d4851a1d" />
    <TestEntry testId="2360c22b-7ef5-4a39-a08f-e75cab54fd88" executionId="b0d9cbb9-a023-4cb7-b49f-6ab0187a9e8c" testListId="8c84fa94-04c1-424b-9868-57a2d4851a1d" />
    <TestEntry testId="79e441bb-5c90-46c1-9482-ad7103ab4a35" executionId="19ef7064-320d-4384-9a72-8490f48d49bc" testListId="8c84fa94-04c1-424b-9868-57a2d4851a1d" />
    <TestEntry testId="e39d6a25-201b-4609-b521-cb66b1c7533f" executionId="c55e3e7d-a3d6-4d35-ab97-be05e6831234" testListId="8c84fa94-04c1-424b-9868-57a2d4851a1d" />
    <TestEntry testId="507d1d45-64a3-46c8-9b73-1e7676a72e7c" executionId="631270ad-427a-42e7-baf8-55f1aa12fc88" testListId="8c84fa94-04c1-424b-9868-57a2d4851a1d" />
    <TestEntry testId="ee073c0f-7401-4176-aaf6-e70eda78d435" executionId="0574f615-449b-45af-92f7-985ef43cdbc5" testListId="8c84fa94-04c1-424b-9868-57a2d4851a1d" />
    <TestEntry testId="5131e9d3-98aa-4d96-997e-19c7f75f44dc" executionId="d7308a86-abe6-49f0-838e-c0e97f5806a7" testListId="8c84fa94-04c1-424b-9868-57a2d4851a1d" />
    <TestEntry testId="96dc5bb4-377d-41db-93d4-68217f044e0c" executionId="f7b192ef-e7de-4ec7-91f4-c350055beb50" testListId="8c84fa94-04c1-424b-9868-57a2d4851a1d" />
    <TestEntry testId="a7113253-130e-4d78-ba06-ad4829685c0a" executionId="d6e370c2-ade6-4a5c-9c45-5f817926184b" testListId="8c84fa94-04c1-424b-9868-57a2d4851a1d" />
    <TestEntry testId="6f862947-f2a6-4c33-8382-cf51b395dc0d" executionId="fbc16c69-3aec-4e51-851c-f376a957ae2b" testListId="8c84fa94-04c1-424b-9868-57a2d4851a1d" />
    <TestEntry testId="859dab02-016c-4b1c-bcef-74b049cb23ab" executionId="56917f7a-638b-4591-8e8a-7b97e4dc0200" testListId="8c84fa94-04c1-424b-9868-57a2d4851a1d" />
    <TestEntry testId="492184e4-a61f-45ff-9c73-17a81852d2a6" executionId="e742ac19-d51c-4291-ae4f-bf1b4080a2f3" testListId="8c84fa94-04c1-424b-9868-57a2d4851a1d" />
    <TestEntry testId="3b56f49d-6426-41ac-8cb5-9782e8b9bba3" executionId="41c5d17f-a9bc-40d6-bad0-e8a823573979" testListId="8c84fa94-04c1-424b-9868-57a2d4851a1d" />
    <TestEntry testId="a9bfe23c-efbb-446a-8a1e-283d507f0116" executionId="03ad30cd-ec3d-4313-99d6-ad2d1c066f88" testListId="8c84fa94-04c1-424b-9868-57a2d4851a1d" />
    <TestEntry testId="b0b34e5c-99d4-4f92-b8d6-5232736d6033" executionId="8e9dece3-22fd-4281-8acb-ae8b57d1a9b9" testListId="8c84fa94-04c1-424b-9868-57a2d4851a1d" />
    <TestEntry testId="df8f7533-216f-4318-958c-2b391cc9005f" executionId="98b5e9b9-c732-4f8f-b5f6-cff6d2149f2c" testListId="8c84fa94-04c1-424b-9868-57a2d4851a1d" />
    <TestEntry testId="13344aac-b366-448b-8da9-6c58b934b413" executionId="155ce709-5734-44cd-9ff4-f854b78ad3cf" testListId="8c84fa94-04c1-424b-9868-57a2d4851a1d" />
    <TestEntry testId="58b45bd1-8f87-4738-8fe4-dbbe6a2481c4" executionId="f1b98b1e-2423-4194-8bb4-49fb73c5fd8c" testListId="8c84fa94-04c1-424b-9868-57a2d4851a1d" />
    <TestEntry testId="25157aa0-7e68-4589-a546-322578441d55" executionId="e5d2a536-1d43-41e8-8946-f53439981a1f" testListId="8c84fa94-04c1-424b-9868-57a2d4851a1d" />
    <TestEntry testId="fe2eff95-9217-4583-8ed7-d6e0cc48b38f" executionId="af1df42a-fe55-45b2-8f17-cdf23d7b7ba2" testListId="8c84fa94-04c1-424b-9868-57a2d4851a1d" />
    <TestEntry testId="1fa0523b-fc38-44fd-985c-89088946dc21" executionId="8162f7bd-4ee8-480b-a8da-323faeeb1e79" testListId="8c84fa94-04c1-424b-9868-57a2d4851a1d" />
    <TestEntry testId="29c860d7-bcc8-4b5f-b4b6-bbf278fe98c1" executionId="8ffd99d1-550d-408a-bc6f-b8a37d68aa63" testListId="8c84fa94-04c1-424b-9868-57a2d4851a1d" />
    <TestEntry testId="6d047ee3-6700-41f7-a03e-c473ab2b85da" executionId="bbece876-6528-44a3-b83e-3fb19b26355f" testListId="8c84fa94-04c1-424b-9868-57a2d4851a1d" />
    <TestEntry testId="624c84d8-ca40-4dc9-8750-dd9d5d47efbf" executionId="2d6525ae-f2ea-447f-b706-8b7c156f52cd" testListId="8c84fa94-04c1-424b-9868-57a2d4851a1d" />
    <TestEntry testId="886f86bb-cca1-48d0-8396-cdf9f47875e5" executionId="ca7dc8a3-b0c7-4a1a-938b-db0e4b384315" testListId="8c84fa94-04c1-424b-9868-57a2d4851a1d" />
    <TestEntry testId="b750acdf-4882-4e0c-ad35-c76014fa06ca" executionId="98794326-badc-4071-b017-3a27a0ef077e" testListId="8c84fa94-04c1-424b-9868-57a2d4851a1d" />
    <TestEntry testId="7990b1e0-648b-4202-adf1-ae32fd00cfed" executionId="d10eb6d1-8005-421b-a116-80d130023b8d" testListId="8c84fa94-04c1-424b-9868-57a2d4851a1d" />
    <TestEntry testId="a0be13d4-62a2-4143-9330-279655100e6a" executionId="a2474a94-a50b-47e8-92b3-227b0a2f01ec" testListId="8c84fa94-04c1-424b-9868-57a2d4851a1d" />
    <TestEntry testId="bc3e0e1a-372c-4f3f-80c1-f979b77497d5" executionId="71d54384-2b80-4498-b404-e03dcd93aa60" testListId="8c84fa94-04c1-424b-9868-57a2d4851a1d" />
    <TestEntry testId="b72955b0-9b1c-456d-aa35-632fb1f329a7" executionId="0eae3fc6-9373-4b29-b57b-2b0ba77e5d22" testListId="8c84fa94-04c1-424b-9868-57a2d4851a1d" />
    <TestEntry testId="1b4cfe4b-5330-4502-bb76-8dcb7f88c777" executionId="b40e9a75-a1e9-46d9-aa8c-7369761fa100" testListId="8c84fa94-04c1-424b-9868-57a2d4851a1d" />
    <TestEntry testId="8fea49f7-68a5-4c9a-a9af-68268a3668a4" executionId="2ecfdb97-67dc-4165-863a-d44df7735d73" testListId="8c84fa94-04c1-424b-9868-57a2d4851a1d" />
    <TestEntry testId="8492e287-3931-4c09-ad31-e41c0cdace35" executionId="0e36e56b-f36d-41e9-b86c-c59dbc6f0e2a" testListId="8c84fa94-04c1-424b-9868-57a2d4851a1d" />
    <TestEntry testId="4f47cf21-512f-4740-98b5-9b98fd0a6deb" executionId="5912f56b-c0f0-4a4e-a533-ed8e569b5381" testListId="8c84fa94-04c1-424b-9868-57a2d4851a1d" />
    <TestEntry testId="d3de22d3-051a-4ea8-95ba-a7e95d954945" executionId="c10e03e2-e6af-45f5-9431-3a7d07fd2bf0" testListId="8c84fa94-04c1-424b-9868-57a2d4851a1d" />
    <TestEntry testId="34001bcd-4768-4491-bd38-bac22a026c82" executionId="64779915-ad22-4591-a377-3f6807442247" testListId="8c84fa94-04c1-424b-9868-57a2d4851a1d" />
    <TestEntry testId="79d9d2e6-8da1-4c4d-9ef5-01f4b63a5ec6" executionId="f14b1526-0028-4135-9bd3-326e6050c782" testListId="8c84fa94-04c1-424b-9868-57a2d4851a1d" />
    <TestEntry testId="a726cb00-3c5e-47bf-b212-80a3ef067c1f" executionId="15be27cb-e841-482d-95af-a497c01f6636" testListId="8c84fa94-04c1-424b-9868-57a2d4851a1d" />
    <TestEntry testId="74c0c82e-0223-4002-a759-e97ef2317c97" executionId="b4e59389-917d-4967-80cf-7147c70cd8ec" testListId="8c84fa94-04c1-424b-9868-57a2d4851a1d" />
    <TestEntry testId="fcc2302f-3f24-41e2-9aa1-ed42bcf4eba6" executionId="085f2140-4902-4aea-a3bb-7d4789ed3061" testListId="8c84fa94-04c1-424b-9868-57a2d4851a1d" />
    <TestEntry testId="51f4aec7-91ef-4ee9-9b84-c0c92e541244" executionId="a6e1471f-43f3-46b5-a3be-da65741cde29" testListId="8c84fa94-04c1-424b-9868-57a2d4851a1d" />
    <TestEntry testId="1aa1e835-37fb-4a7c-a2aa-c29f2278f4a6" executionId="2f7330c2-ae15-470d-9024-17f2c9dce1ec" testListId="8c84fa94-04c1-424b-9868-57a2d4851a1d" />
    <TestEntry testId="b6394fd5-b851-4d4b-baa2-440bee6f3689" executionId="31c6bf6f-474f-4100-af80-653fb1ebcc4a" testListId="8c84fa94-04c1-424b-9868-57a2d4851a1d" />
    <TestEntry testId="28f03e22-2c84-41aa-a0d5-c291de7c8fe4" executionId="3f90f314-c568-438f-a7c4-99a49752c4d4" testListId="8c84fa94-04c1-424b-9868-57a2d4851a1d" />
    <TestEntry testId="9b95cf13-e975-44ce-a29b-d6f902246b3c" executionId="ac2117fb-3eb1-474c-b7a7-6e4c620509fd" testListId="8c84fa94-04c1-424b-9868-57a2d4851a1d" />
    <TestEntry testId="fa897d70-c671-44d0-9b0f-7dff0e43c4ae" executionId="f45b9ee8-7d72-44cd-ad83-8674d83c1f7e" testListId="8c84fa94-04c1-424b-9868-57a2d4851a1d" />
    <TestEntry testId="5a9af581-aa55-407f-88d7-7ef72599213a" executionId="6306b600-ea6f-46f2-99a8-677803dec872" testListId="8c84fa94-04c1-424b-9868-57a2d4851a1d" />
    <TestEntry testId="9caba5d9-ea9a-4210-9a0a-52b071f1ee97" executionId="d3f8494a-39ef-41b4-bd97-2591e05fe1e9" testListId="8c84fa94-04c1-424b-9868-57a2d4851a1d" />
    <TestEntry testId="a474216f-a85f-4701-b702-3a6dddd78835" executionId="8a969fc0-e62d-4e07-9341-5f15252ed175" testListId="8c84fa94-04c1-424b-9868-57a2d4851a1d" />
    <TestEntry testId="f98e91eb-ee74-4acd-b3f2-1cc2e5a09d12" executionId="b98c25ef-a83d-47ad-9bea-f96d40e98ae7" testListId="8c84fa94-04c1-424b-9868-57a2d4851a1d" />
    <TestEntry testId="582919e7-e3a6-47a9-bc86-f7d7246b8f0c" executionId="d49d2888-1c14-48aa-aae0-7e275bab1e98" testListId="8c84fa94-04c1-424b-9868-57a2d4851a1d" />
    <TestEntry testId="8ff44017-605e-40fb-8f46-6ab3b3b446be" executionId="38c89ae3-67fb-46d3-95c8-89022b55f30d" testListId="8c84fa94-04c1-424b-9868-57a2d4851a1d" />
    <TestEntry testId="1b48b3ef-0f53-412a-b42d-cbec8dd24678" executionId="f2fdd414-39b6-4231-9f4a-f29de2f40320" testListId="8c84fa94-04c1-424b-9868-57a2d4851a1d" />
    <TestEntry testId="60c2be35-176a-499d-9bba-454dc1d2aa62" executionId="ff730048-f834-468c-8cbb-03cd019f7b0e" testListId="8c84fa94-04c1-424b-9868-57a2d4851a1d" />
    <TestEntry testId="f358cc1e-a6d7-4c74-8eb9-26637ac1d258" executionId="e81142ae-7914-424c-ab75-d5fcf7d78b00" testListId="8c84fa94-04c1-424b-9868-57a2d4851a1d" />
    <TestEntry testId="d4dd3c98-ecd9-45d9-a753-f053bbfb9e26" executionId="db01b08a-4d33-4b52-84ef-067269e42805" testListId="8c84fa94-04c1-424b-9868-57a2d4851a1d" />
    <TestEntry testId="285cd70e-b8bc-4c9b-9d57-011d11258b52" executionId="c01b66ce-9f4a-4736-a63b-292e85f909c0" testListId="8c84fa94-04c1-424b-9868-57a2d4851a1d" />
    <TestEntry testId="a0ca06c4-6af0-48e7-a3f5-05e58e91e396" executionId="62457590-0d7e-4a2e-a7fa-40b5eac83ab6" testListId="8c84fa94-04c1-424b-9868-57a2d4851a1d" />
    <TestEntry testId="124f0477-cbe4-4af3-bed2-df5670f12c4f" executionId="d6b8e5b7-4d2c-49fe-9a63-db4e436edda7" testListId="8c84fa94-04c1-424b-9868-57a2d4851a1d" />
    <TestEntry testId="058cd9ae-f43b-4aa5-ad25-160029f8550f" executionId="98f2838f-adc8-4071-a44d-19a1ba456d63" testListId="8c84fa94-04c1-424b-9868-57a2d4851a1d" />
    <TestEntry testId="851e3b43-d97d-4411-8edd-2e93a4d8d636" executionId="084fdf3c-6ce5-47cb-81b7-9d75dde63b0c" testListId="8c84fa94-04c1-424b-9868-57a2d4851a1d" />
    <TestEntry testId="fee255c9-9f1f-4b45-b2ca-52ec2d584138" executionId="995cec72-caae-43b5-9b85-d91ef31b6329" testListId="8c84fa94-04c1-424b-9868-57a2d4851a1d" />
    <TestEntry testId="0ed9cdec-6d76-4c1f-8909-1f1d3ecf2966" executionId="d491881c-62b2-4a48-ba73-53c4bd7f3ced" testListId="8c84fa94-04c1-424b-9868-57a2d4851a1d" />
    <TestEntry testId="0eb30b32-954b-4bb9-ab69-d1391e66cff2" executionId="63fbc152-8d09-4d93-816a-fe98640e0c31" testListId="8c84fa94-04c1-424b-9868-57a2d4851a1d" />
    <TestEntry testId="8924214b-d238-479f-bbed-ec1ebf865bd8" executionId="c0b4d1bf-35e6-4297-86bd-1a6520e2be06" testListId="8c84fa94-04c1-424b-9868-57a2d4851a1d" />
    <TestEntry testId="da8c1747-4005-4315-8288-f9bae1375eda" executionId="aa0ee201-39d3-4712-a5a8-5cb20b93174c" testListId="8c84fa94-04c1-424b-9868-57a2d4851a1d" />
    <TestEntry testId="f016d42a-1917-4456-8ec2-a8eceaa2badf" executionId="161ab383-15fc-4292-84cc-61ce1e3d32c4" testListId="8c84fa94-04c1-424b-9868-57a2d4851a1d" />
    <TestEntry testId="bd904142-4c76-46c1-a535-8d711ff373a5" executionId="1365d5b7-8693-4a82-8d9d-0c9194295efc" testListId="8c84fa94-04c1-424b-9868-57a2d4851a1d" />
    <TestEntry testId="2ef0de15-822b-4539-a93e-ad1165c53323" executionId="413f6928-7f84-49b5-81a6-a18295b90f6d" testListId="8c84fa94-04c1-424b-9868-57a2d4851a1d" />
    <TestEntry testId="39e53160-14f3-4e36-b75e-7c534126d380" executionId="e66adfda-d3b9-42c0-9e52-fcbb26f8d422" testListId="8c84fa94-04c1-424b-9868-57a2d4851a1d" />
    <TestEntry testId="62a17704-749a-4b2d-8b0a-8a65cd103317" executionId="8c125a90-6363-4e95-9597-24ba4ca54127" testListId="8c84fa94-04c1-424b-9868-57a2d4851a1d" />
    <TestEntry testId="8fe9f854-5b26-4adb-a933-1bec7bd0c741" executionId="3902988b-883b-4533-a5b3-e0615f8c74fd" testListId="8c84fa94-04c1-424b-9868-57a2d4851a1d" />
    <TestEntry testId="fc7890c6-1a43-485b-b766-4d54ad4be69f" executionId="fcc744d1-2849-4d3f-9522-11762fa12d76" testListId="8c84fa94-04c1-424b-9868-57a2d4851a1d" />
    <TestEntry testId="c80fc3bb-ee0a-44c0-8a4b-00e73391e543" executionId="38f5743b-a7b5-4f0c-a876-72021a81cc5a" testListId="8c84fa94-04c1-424b-9868-57a2d4851a1d" />
    <TestEntry testId="e15ff8bc-9fdd-4f0b-9e99-1016cdf73bdd" executionId="a487e5b5-a145-4a8d-a5bd-0d10a8696a97" testListId="8c84fa94-04c1-424b-9868-57a2d4851a1d" />
    <TestEntry testId="14b507c4-f024-460e-ad2f-2f9edb1e1db3" executionId="2021f66b-22c4-42e3-aba5-2bd4e5589515" testListId="8c84fa94-04c1-424b-9868-57a2d4851a1d" />
    <TestEntry testId="f5164dc5-249e-4e02-9f10-fdc7f67bafb0" executionId="01481d75-0631-481f-bbea-9c143f1778a2" testListId="8c84fa94-04c1-424b-9868-57a2d4851a1d" />
    <TestEntry testId="12df5fa3-b42b-450b-838d-1d69b4b85208" executionId="5f2f6fc2-48cf-4d95-a619-014770d8d280" testListId="8c84fa94-04c1-424b-9868-57a2d4851a1d" />
    <TestEntry testId="d4d89f5c-afe7-4bfd-bea5-7f0007062f4a" executionId="aca5d97c-ef7d-4d5b-85a0-c7fd5c215530" testListId="8c84fa94-04c1-424b-9868-57a2d4851a1d" />
    <TestEntry testId="20b71423-30fa-4c4c-9b33-54bec2b4e6bc" executionId="6e4bb086-8c24-45a9-a09e-15a5a86ffc51" testListId="8c84fa94-04c1-424b-9868-57a2d4851a1d" />
    <TestEntry testId="43bb21fa-bc52-47bf-b944-74b95b209d50" executionId="1e5e25cf-7a83-439d-a3c0-1f38bbfbb298" testListId="8c84fa94-04c1-424b-9868-57a2d4851a1d" />
    <TestEntry testId="f4ab25a6-45b6-435d-9ffc-4b6c36faa6d1" executionId="e371f47f-7213-4a1d-981b-31004ca2ac24" testListId="8c84fa94-04c1-424b-9868-57a2d4851a1d" />
    <TestEntry testId="a166af42-a0ae-4152-aa71-1bc4e5ba4201" executionId="68ac4636-044b-4233-a2a2-b5ec69bd434f" testListId="8c84fa94-04c1-424b-9868-57a2d4851a1d" />
    <TestEntry testId="e478146e-bc62-46a0-a2d1-ac8878a8d65c" executionId="be88e842-22d4-4216-b345-3a245a3d6330" testListId="8c84fa94-04c1-424b-9868-57a2d4851a1d" />
    <TestEntry testId="1392579f-73db-4ada-a467-64c5042900aa" executionId="da2f1748-609d-4c90-9136-8f9a8cb0e612" testListId="8c84fa94-04c1-424b-9868-57a2d4851a1d" />
    <TestEntry testId="4d97f435-c525-4207-afb2-d03cb4c61d07" executionId="e4beebbc-f08d-4025-8989-9aba1f051858" testListId="8c84fa94-04c1-424b-9868-57a2d4851a1d" />
    <TestEntry testId="5f00ce9e-34b3-4aaa-aad1-c5f9d6136231" executionId="9b1a5ac6-76ba-4d4a-a489-e83c6167dcea" testListId="8c84fa94-04c1-424b-9868-57a2d4851a1d" />
    <TestEntry testId="9ecf66a1-af53-40e9-83b0-b6a95bd69d6e" executionId="966cb3c8-1991-41f8-8cc1-84f0b6800de4" testListId="8c84fa94-04c1-424b-9868-57a2d4851a1d" />
    <TestEntry testId="69a22124-1221-444f-b4fa-44122a98ec80" executionId="24c91c10-8f2d-429d-b3a0-d47ae7f338d2" testListId="8c84fa94-04c1-424b-9868-57a2d4851a1d" />
    <TestEntry testId="e18a4870-f463-447c-a912-91e5d5952807" executionId="98d9af15-d7dd-40e5-a362-556963994d17" testListId="8c84fa94-04c1-424b-9868-57a2d4851a1d" />
    <TestEntry testId="c190e119-5c90-4032-bc44-1f7338a7aeee" executionId="f183c644-72c5-4b40-8a48-128ff72ae86d" testListId="8c84fa94-04c1-424b-9868-57a2d4851a1d" />
    <TestEntry testId="d485fa05-6bdb-4ab6-b829-bafd6310e196" executionId="c2814e0b-2f22-4f48-a996-d1968ca932dd" testListId="8c84fa94-04c1-424b-9868-57a2d4851a1d" />
    <TestEntry testId="519f09d5-2f0b-4e4c-b9c0-0a06519640e2" executionId="2638b44f-1a4c-4120-9fe2-ee6bfd8b0f29" testListId="8c84fa94-04c1-424b-9868-57a2d4851a1d" />
    <TestEntry testId="8ac2b8ea-fdf2-49e3-b9d7-3161b9a4b7c7" executionId="7c9b0a9b-b38b-44e9-9bbb-33783e20389c" testListId="8c84fa94-04c1-424b-9868-57a2d4851a1d" />
    <TestEntry testId="58a7d865-0579-4f01-bba6-a2fea4f8d475" executionId="cb0b2a4e-1154-4d77-900a-025ec0c30b3c" testListId="8c84fa94-04c1-424b-9868-57a2d4851a1d" />
    <TestEntry testId="650ed278-e327-4ee9-91b9-f0475a5ffc52" executionId="07931b15-2467-4872-a676-2b50c77c164d" testListId="8c84fa94-04c1-424b-9868-57a2d4851a1d" />
    <TestEntry testId="50b92b30-7418-4945-8cbb-344d41290b5a" executionId="443806c1-ce6c-451b-9ead-55c9bcfd86c4" testListId="8c84fa94-04c1-424b-9868-57a2d4851a1d" />
    <TestEntry testId="a90f6fda-47e6-40a9-a209-6631859e580b" executionId="44eb0ef0-f4fb-4742-9da5-848316e70dc8" testListId="8c84fa94-04c1-424b-9868-57a2d4851a1d" />
    <TestEntry testId="30328216-52bb-4738-82b5-53b7f0796e72" executionId="49443c50-4be0-45c6-bdf8-3308c156a036" testListId="8c84fa94-04c1-424b-9868-57a2d4851a1d" />
    <TestEntry testId="514af78a-df6a-40c4-8e4d-64844e182495" executionId="bc4899c5-173c-4579-b769-6c78a323da9a" testListId="8c84fa94-04c1-424b-9868-57a2d4851a1d" />
    <TestEntry testId="9e91cbe0-1403-47ed-b5c5-61ff2c90bee2" executionId="91eccdcc-1d4b-4ae9-a6e0-ebcc1e83dfcd" testListId="8c84fa94-04c1-424b-9868-57a2d4851a1d" />
    <TestEntry testId="19ca9f33-76f9-4dff-911c-85fb4c9dfde3" executionId="ae5a369c-74ec-4b65-9245-66315f78c0d6" testListId="8c84fa94-04c1-424b-9868-57a2d4851a1d" />
    <TestEntry testId="460ca223-5c2c-4aee-a6c8-15f23654da18" executionId="bd0b860c-5edc-4879-854d-1941a53a3530" testListId="8c84fa94-04c1-424b-9868-57a2d4851a1d" />
    <TestEntry testId="291f4fde-6fdc-4588-a23d-852ccce8d037" executionId="2638b928-b2cc-40ca-aaf7-05a38a297c0e" testListId="8c84fa94-04c1-424b-9868-57a2d4851a1d" />
    <TestEntry testId="e42012f7-79a8-4dcd-8cf0-33e9db7440f9" executionId="96b3590f-7fc6-4ae7-9d3a-17eff2ef258a" testListId="8c84fa94-04c1-424b-9868-57a2d4851a1d" />
    <TestEntry testId="818369ff-3ad4-4864-a562-e6976d65cf7a" executionId="b28ea65f-78aa-456f-b82c-b6f0abc746f4" testListId="8c84fa94-04c1-424b-9868-57a2d4851a1d" />
    <TestEntry testId="7e356191-ff3f-4169-ba87-52975bab55c7" executionId="d5df205e-21c9-4b16-a9a4-44ff6f64854d" testListId="8c84fa94-04c1-424b-9868-57a2d4851a1d" />
    <TestEntry testId="ce48ab58-4406-4b17-9977-94da299684a6" executionId="97437cc0-76b2-40d3-887f-76ca173de955" testListId="8c84fa94-04c1-424b-9868-57a2d4851a1d" />
    <TestEntry testId="b3149a75-ead1-4b12-bd0c-8392b366c2ce" executionId="d37a1ddb-0a26-4378-8525-75b729e72ab2" testListId="8c84fa94-04c1-424b-9868-57a2d4851a1d" />
    <TestEntry testId="f621b426-fc29-4d49-aa83-712f63c1d51b" executionId="29abe795-92e2-45b4-90b5-44b17f2c5b40" testListId="8c84fa94-04c1-424b-9868-57a2d4851a1d" />
    <TestEntry testId="5f50c2a7-674e-442f-bd07-e75ff3b8d5cf" executionId="e9160ce5-8faf-469e-8ab2-90cc011eddb0" testListId="8c84fa94-04c1-424b-9868-57a2d4851a1d" />
    <TestEntry testId="0f96cb6c-77fa-4c3f-87e8-62452d2d0ad3" executionId="6d694291-e44f-4307-b4eb-2e5d10578769" testListId="8c84fa94-04c1-424b-9868-57a2d4851a1d" />
    <TestEntry testId="db0f914c-9719-4e22-b128-ad522dae8fa3" executionId="571d4faa-4c8c-4f5a-905c-16c94963a1a9" testListId="8c84fa94-04c1-424b-9868-57a2d4851a1d" />
    <TestEntry testId="2d64a41c-c552-4505-9198-802e4c6edd2e" executionId="749cbc8e-6e6d-4be9-a44c-c7b638dffb8b" testListId="8c84fa94-04c1-424b-9868-57a2d4851a1d" />
    <TestEntry testId="77686211-2216-4a7e-bef7-acf786c2148d" executionId="694c92d7-7bd6-4885-a3e3-0906ff2ba547" testListId="8c84fa94-04c1-424b-9868-57a2d4851a1d" />
    <TestEntry testId="8fdb415d-38d5-41d2-bb70-dd12528cd319" executionId="013bbac5-0590-4ada-b9c7-56e460f2fb4e" testListId="8c84fa94-04c1-424b-9868-57a2d4851a1d" />
    <TestEntry testId="862f48ea-07dc-4a16-b832-18a98cdbb8ad" executionId="5bdecc31-5b55-4c70-b640-5e830733588b" testListId="8c84fa94-04c1-424b-9868-57a2d4851a1d" />
    <TestEntry testId="ce43e5a4-6536-4e8a-b335-c60024dbf397" executionId="a1f5c120-6e0f-494d-8d01-1bbf0ed808cc" testListId="8c84fa94-04c1-424b-9868-57a2d4851a1d" />
    <TestEntry testId="161c460c-53a2-475e-91af-d771dc6cd6a7" executionId="b4e4c80e-0fe0-48be-a4b4-4c322c4ed305" testListId="8c84fa94-04c1-424b-9868-57a2d4851a1d" />
    <TestEntry testId="0294b9be-e78e-4c4f-85c0-d8770dca0b16" executionId="21eb615b-72c9-440f-a6d6-b2468009796d" testListId="8c84fa94-04c1-424b-9868-57a2d4851a1d" />
    <TestEntry testId="2b0a7e2c-1104-4742-9ec3-1e2bf52b9dd9" executionId="becfc9db-b3d7-473b-b61b-f87b0c9a80ff" testListId="8c84fa94-04c1-424b-9868-57a2d4851a1d" />
    <TestEntry testId="21ecd842-a7eb-4bea-8949-0563dc5200b7" executionId="4092878d-7220-4023-9d91-92061c811869" testListId="8c84fa94-04c1-424b-9868-57a2d4851a1d" />
    <TestEntry testId="acab0aa1-dc14-497e-9c57-3ad393974ffc" executionId="1150c762-17e1-416b-a71a-44919cb0f26a" testListId="8c84fa94-04c1-424b-9868-57a2d4851a1d" />
    <TestEntry testId="c524d6fd-8cf7-4dbb-bceb-e86b3e90756f" executionId="a0dfcfa8-89d6-4eca-a4e8-87923da7d2bd" testListId="8c84fa94-04c1-424b-9868-57a2d4851a1d" />
    <TestEntry testId="0c661377-bc4a-459b-b814-4ebab6989505" executionId="dc8013c1-043d-4829-8e7f-7bbef2779983" testListId="8c84fa94-04c1-424b-9868-57a2d4851a1d" />
    <TestEntry testId="2e73cec0-bb6f-4fa4-9b3c-d767714396be" executionId="14ffdae4-698c-4b4d-8f70-1ce2908ed134" testListId="8c84fa94-04c1-424b-9868-57a2d4851a1d" />
    <TestEntry testId="efa173e5-12fa-4e1e-8710-f9dbe936de70" executionId="a8b2ca1f-1f22-4cde-85c9-cc987de5c049" testListId="8c84fa94-04c1-424b-9868-57a2d4851a1d" />
    <TestEntry testId="9914c9c8-0667-4565-9b49-09a983963c0f" executionId="afe337b9-18f7-45e3-926c-3916b6fc1ace" testListId="8c84fa94-04c1-424b-9868-57a2d4851a1d" />
    <TestEntry testId="5f3612cd-933e-46fc-908c-b5895fc3603d" executionId="34bc6995-b873-4661-b331-406dcff9915f" testListId="8c84fa94-04c1-424b-9868-57a2d4851a1d" />
    <TestEntry testId="9aada515-1020-4199-8b6a-2294db050e28" executionId="047b21f7-2476-4430-ac6f-4cc642e314d8" testListId="8c84fa94-04c1-424b-9868-57a2d4851a1d" />
    <TestEntry testId="4e66a25b-4201-4250-aca7-d8cefa23bf2d" executionId="ce06ab6c-7133-4728-a585-12a27a07f7ae" testListId="8c84fa94-04c1-424b-9868-57a2d4851a1d" />
    <TestEntry testId="a4666c97-adfa-473e-adaf-90973dcb8546" executionId="ce37d5e3-ce60-4f54-8480-c86168c900e8" testListId="8c84fa94-04c1-424b-9868-57a2d4851a1d" />
    <TestEntry testId="5923c4c1-f8e4-47f7-bb0e-37d5c801803d" executionId="096b8ccb-8fb2-424b-82d8-1848ff6152a1" testListId="8c84fa94-04c1-424b-9868-57a2d4851a1d" />
    <TestEntry testId="ef99bb5e-0786-4c02-a915-0175fab305a6" executionId="efb8997e-2b7a-4fb6-8d17-7e4103b8dcbf" testListId="8c84fa94-04c1-424b-9868-57a2d4851a1d" />
    <TestEntry testId="ebd6068b-53a3-49c1-96c4-d25225f8f155" executionId="d5476d2c-2c83-40d2-b139-b5928c81ff30" testListId="8c84fa94-04c1-424b-9868-57a2d4851a1d" />
    <TestEntry testId="0791218d-c768-4c9c-9d61-3aebb7f8f4e2" executionId="c1f43c04-0d55-4d03-b89e-1138e840a990" testListId="8c84fa94-04c1-424b-9868-57a2d4851a1d" />
    <TestEntry testId="9f35efb3-8419-4abb-a396-eb4ebcde4014" executionId="8ae3b889-301a-4558-98a4-46758e5de0b5" testListId="8c84fa94-04c1-424b-9868-57a2d4851a1d" />
    <TestEntry testId="8b8e404f-cd90-40f9-863f-1ac1e0ebe394" executionId="d66f8bf7-0bdc-48cf-bd9c-8f084f651fb1" testListId="8c84fa94-04c1-424b-9868-57a2d4851a1d" />
    <TestEntry testId="fc80b735-4e89-4028-ba2a-5c3cfef0a727" executionId="12a7442a-ca13-4188-a460-df55e6ab2332" testListId="8c84fa94-04c1-424b-9868-57a2d4851a1d" />
    <TestEntry testId="aed96489-1994-4f89-a6f4-99bde1025a72" executionId="e8560e72-0be7-4ba2-8f0d-facd3d9818c5" testListId="8c84fa94-04c1-424b-9868-57a2d4851a1d" />
    <TestEntry testId="98dd6230-2eac-409f-b8d1-bbcb67b596a6" executionId="ecd26624-810f-4ca1-89fb-ad9f1cc7c7be" testListId="8c84fa94-04c1-424b-9868-57a2d4851a1d" />
    <TestEntry testId="78e7e3f2-ec38-4224-8877-f7016d0f5700" executionId="3970ccd4-b021-4a6d-b8c5-9a22cf90022f" testListId="8c84fa94-04c1-424b-9868-57a2d4851a1d" />
    <TestEntry testId="358e42df-884f-4e6d-b090-39f77d3417b9" executionId="48b5ce67-9979-4182-92a1-48fdd875ba9c" testListId="8c84fa94-04c1-424b-9868-57a2d4851a1d" />
    <TestEntry testId="5fe0d2d7-c6b7-4b6f-90d6-f56d0ceeefaf" executionId="106cbd37-ba06-4b70-a52b-f146aafcc4dc" testListId="8c84fa94-04c1-424b-9868-57a2d4851a1d" />
    <TestEntry testId="24612c10-8ee2-4c12-8409-46b8bf574ffb" executionId="cb9d38af-7c6f-4d22-b986-b3b605e901c2" testListId="8c84fa94-04c1-424b-9868-57a2d4851a1d" />
    <TestEntry testId="b95cee0a-082d-458a-9ac3-d27a0638bb0a" executionId="e438ec25-6ba4-4084-9740-2a7a284410ca" testListId="8c84fa94-04c1-424b-9868-57a2d4851a1d" />
    <TestEntry testId="3f7f1379-f24e-4431-b83b-e8edc3f4be3c" executionId="d8e203d3-2776-48e3-b8dc-17602f4cee44" testListId="8c84fa94-04c1-424b-9868-57a2d4851a1d" />
    <TestEntry testId="627fe96c-a39d-4adc-bd07-831565130d04" executionId="12af05ce-8655-4e3e-a774-f452432182a8" testListId="8c84fa94-04c1-424b-9868-57a2d4851a1d" />
    <TestEntry testId="9efbb303-09ac-45e5-82e7-51398175646c" executionId="1c7927ac-c769-44b8-aa55-141c51045380" testListId="8c84fa94-04c1-424b-9868-57a2d4851a1d" />
    <TestEntry testId="1a7eac3b-a837-41aa-8b70-7e9d5be2c4d5" executionId="7815a3c9-ed5a-4344-a59e-8767c3cd2f73" testListId="8c84fa94-04c1-424b-9868-57a2d4851a1d" />
    <TestEntry testId="84c1ebae-1c60-44f2-87c7-76fc22f52360" executionId="7eec2f9f-370e-4359-8a03-95cea14d034a" testListId="8c84fa94-04c1-424b-9868-57a2d4851a1d" />
    <TestEntry testId="773e4711-e192-499b-a11d-27d89a53a2f9" executionId="707b1c39-f14f-48ea-9843-32029ccb636e" testListId="8c84fa94-04c1-424b-9868-57a2d4851a1d" />
    <TestEntry testId="e526e39a-5257-45f6-b557-363760b6609d" executionId="7d33da9a-906d-406a-8f3f-623e465157c5" testListId="8c84fa94-04c1-424b-9868-57a2d4851a1d" />
    <TestEntry testId="42ef7df1-4778-45eb-b031-7c87744d1ca0" executionId="5e4c3388-1f05-4097-941d-55c3e94c1571" testListId="8c84fa94-04c1-424b-9868-57a2d4851a1d" />
    <TestEntry testId="e062b24d-1585-4d85-97ad-e1dc5b0b922f" executionId="c2026a7a-4587-41dd-a637-5c97054e42b3" testListId="8c84fa94-04c1-424b-9868-57a2d4851a1d" />
    <TestEntry testId="7bfb3100-0ea0-4132-9505-5b6eed16225e" executionId="60d297a4-d9d5-4997-bd09-6063db7d4838" testListId="8c84fa94-04c1-424b-9868-57a2d4851a1d" />
    <TestEntry testId="899e1731-2e41-40b6-8b25-effdaa8c7906" executionId="6d639adf-8bc6-4b3c-bbbc-eab66a02399d" testListId="8c84fa94-04c1-424b-9868-57a2d4851a1d" />
    <TestEntry testId="083de6dc-c764-49d2-bf3c-955bd9cd3292" executionId="520f5d0c-b21e-4817-9a25-721ddba1bd0d" testListId="8c84fa94-04c1-424b-9868-57a2d4851a1d" />
    <TestEntry testId="4d3359c2-f5d0-476d-b47e-a627b1da002a" executionId="76d7da62-ee39-4405-b084-cb20a4c77cc9" testListId="8c84fa94-04c1-424b-9868-57a2d4851a1d" />
    <TestEntry testId="90c92bd7-52e9-4c08-b4e7-e6745ff2b183" executionId="7a4d0950-f5f2-47fc-a27d-9ef28e1d3fed" testListId="8c84fa94-04c1-424b-9868-57a2d4851a1d" />
    <TestEntry testId="21f69148-435b-4e96-87e6-8bf2ecfd9745" executionId="4ad45a91-b4da-40d1-85df-648c2591e2e5" testListId="8c84fa94-04c1-424b-9868-57a2d4851a1d" />
    <TestEntry testId="55de445a-c186-42c3-8e28-8f1713259975" executionId="a4dc63ae-5aff-476c-b988-c323482fe114" testListId="8c84fa94-04c1-424b-9868-57a2d4851a1d" />
    <TestEntry testId="25d7ed3d-8494-4168-8604-d99d87c2177c" executionId="b9cfca85-15ba-4769-961d-5f9a9155dccc" testListId="8c84fa94-04c1-424b-9868-57a2d4851a1d" />
    <TestEntry testId="6a026d1b-7154-4329-8ba9-dba2fa2ac857" executionId="c341d56c-6530-4651-8573-3a09cffd6569" testListId="8c84fa94-04c1-424b-9868-57a2d4851a1d" />
    <TestEntry testId="327fd74b-ca8a-4cac-9363-c43357cf7e3e" executionId="ed3a4fef-95e2-4e75-b1b3-49d602af0914" testListId="8c84fa94-04c1-424b-9868-57a2d4851a1d" />
    <TestEntry testId="8a35136e-ce15-4215-9fe3-f73c66336a1f" executionId="162b9ce4-2f0e-43e4-8618-36a2c8d1f443" testListId="8c84fa94-04c1-424b-9868-57a2d4851a1d" />
    <TestEntry testId="cdead898-dc2a-4f43-b7eb-6a7f754a4372" executionId="b3bd530d-ec08-4c78-835f-0f7f6b95a280" testListId="8c84fa94-04c1-424b-9868-57a2d4851a1d" />
    <TestEntry testId="d169f56a-785f-4d6b-a947-882b46f17c32" executionId="d03b4f54-e2c6-4797-b532-ebe4e9730fc8" testListId="8c84fa94-04c1-424b-9868-57a2d4851a1d" />
    <TestEntry testId="330071d9-daa8-4360-985d-82eed578eec7" executionId="2663d7d0-a7a0-49bf-8e7e-147dd6906556" testListId="8c84fa94-04c1-424b-9868-57a2d4851a1d" />
    <TestEntry testId="9057a54b-43cc-4595-aa82-8c60c743934e" executionId="e70c778d-6a84-4d01-a05e-e2855b39aa9e" testListId="8c84fa94-04c1-424b-9868-57a2d4851a1d" />
    <TestEntry testId="9b11f189-b687-4ff2-ba28-40f872bec260" executionId="3c9db34b-dba3-4580-9737-f9b01aefdb0c" testListId="8c84fa94-04c1-424b-9868-57a2d4851a1d" />
    <TestEntry testId="659d1eb5-cda6-467e-9761-69685bef9469" executionId="8709ecc6-075b-4916-aea0-3d64c56a1f94" testListId="8c84fa94-04c1-424b-9868-57a2d4851a1d" />
    <TestEntry testId="9ce7d188-0c27-41e6-b9c9-f4d54ce2912f" executionId="57660429-b5d7-4236-8c9f-1b89253a454d" testListId="8c84fa94-04c1-424b-9868-57a2d4851a1d" />
    <TestEntry testId="c6e6d0cb-2378-4737-bcd5-7b6583e25ebd" executionId="adeaf6a0-5e75-42d8-ad11-19717a9ebadd" testListId="8c84fa94-04c1-424b-9868-57a2d4851a1d" />
    <TestEntry testId="bf488f90-ec7d-4a38-a206-5d248141e7c6" executionId="59a1a95f-82aa-40c1-9c59-b382e57e2a24" testListId="8c84fa94-04c1-424b-9868-57a2d4851a1d" />
    <TestEntry testId="6d20b688-d774-4c80-9cef-00f037f597af" executionId="50bb9a97-c022-415e-898b-3b850d243a7a" testListId="8c84fa94-04c1-424b-9868-57a2d4851a1d" />
    <TestEntry testId="0a796ac2-b3fc-48e1-9a03-76277d252a32" executionId="07851c21-8356-4391-b32f-850a7c34411d" testListId="8c84fa94-04c1-424b-9868-57a2d4851a1d" />
    <TestEntry testId="136884b2-d797-45cb-9df9-d2129d52a4d2" executionId="bc31d30d-8a9e-4e62-9bb1-049208632330" testListId="8c84fa94-04c1-424b-9868-57a2d4851a1d" />
    <TestEntry testId="c9e906ad-1886-4dbd-a014-f3d53d0377d5" executionId="1ae6b2e4-b310-4309-ae3f-9d0db08ef7f6" testListId="8c84fa94-04c1-424b-9868-57a2d4851a1d" />
    <TestEntry testId="9cfa9fb8-2af6-4f02-a948-56b83c12dc88" executionId="66287187-64ac-4c27-ba7c-36eacf83c8c6" testListId="8c84fa94-04c1-424b-9868-57a2d4851a1d" />
    <TestEntry testId="32fa5f45-b4a7-4be9-8cb9-cf7eddcb11a4" executionId="71ba1238-81d9-4009-9481-117f8a94e8fc" testListId="8c84fa94-04c1-424b-9868-57a2d4851a1d" />
    <TestEntry testId="90ec30a4-2174-4b81-af83-ac8c1045d515" executionId="a49a02b3-86c6-4c01-a9d0-4c3dca63b7ed" testListId="8c84fa94-04c1-424b-9868-57a2d4851a1d" />
    <TestEntry testId="221358e0-3adc-42bb-ac91-67c55b5353d5" executionId="7026cc3f-056b-4f67-8bed-60ee0dabde3c" testListId="8c84fa94-04c1-424b-9868-57a2d4851a1d" />
    <TestEntry testId="e6289798-3fab-4d94-9842-6d7bc6f9011b" executionId="12ed5601-80dc-43f4-911d-abdd9ee0fe56" testListId="8c84fa94-04c1-424b-9868-57a2d4851a1d" />
    <TestEntry testId="05850409-f9b8-43b2-b2ac-79da80ab4f51" executionId="ab95d747-a8c2-4b20-b610-72b4cd37c056" testListId="8c84fa94-04c1-424b-9868-57a2d4851a1d" />
    <TestEntry testId="f5062a23-9578-493e-a499-75a8243fd6fb" executionId="dbaee60f-441f-4d0c-b2e0-91bbce3929fa" testListId="8c84fa94-04c1-424b-9868-57a2d4851a1d" />
    <TestEntry testId="cf83dac5-20c3-46bf-ad13-711ae6e43736" executionId="d50d431e-e799-4634-b9b4-40498683da09" testListId="8c84fa94-04c1-424b-9868-57a2d4851a1d" />
    <TestEntry testId="e0fe99fd-5ce0-4b29-b2c2-960c40f33c99" executionId="f32efd83-6cb1-4b43-a775-b5cb7cad2911" testListId="8c84fa94-04c1-424b-9868-57a2d4851a1d" />
    <TestEntry testId="ddfff896-0f1e-4501-83fd-2e167bf6cb4a" executionId="0af6b9b8-b68c-4408-9957-74de9c2f63b3" testListId="8c84fa94-04c1-424b-9868-57a2d4851a1d" />
    <TestEntry testId="ccea8842-037d-4f8b-b89c-4a0359403583" executionId="86da2837-3ea8-42be-a245-6801aa3b74dd" testListId="8c84fa94-04c1-424b-9868-57a2d4851a1d" />
    <TestEntry testId="0ef2df2e-ca8d-4735-85fa-7552f8972dc7" executionId="6d9ad5d7-deaa-4e1d-81f4-4c2ac86dfc07" testListId="8c84fa94-04c1-424b-9868-57a2d4851a1d" />
    <TestEntry testId="49e3c272-7502-4b61-8e23-4af9edfbe321" executionId="72a744f5-d91b-45c9-ab86-40be845bee11" testListId="8c84fa94-04c1-424b-9868-57a2d4851a1d" />
    <TestEntry testId="3b3d194f-18b7-4070-90ca-4bb42da9a7c6" executionId="764f6bd9-685d-4b49-89bb-53c7e9cc98c8" testListId="8c84fa94-04c1-424b-9868-57a2d4851a1d" />
    <TestEntry testId="b5b55a78-9a2c-4dd0-8f52-2f108fd9f318" executionId="c233bdf2-8c41-457f-924e-28aeff2d71bb" testListId="8c84fa94-04c1-424b-9868-57a2d4851a1d" />
    <TestEntry testId="46c6c292-432b-4a02-bb1a-75e6bc614dad" executionId="828221e2-1cf5-4c6d-a6b7-5bcc5e5fde91" testListId="8c84fa94-04c1-424b-9868-57a2d4851a1d" />
    <TestEntry testId="accd75dd-27fa-4012-82a4-a70ab65d6b6e" executionId="7cd3d0c5-cf7c-42b0-8058-0db17339119a" testListId="8c84fa94-04c1-424b-9868-57a2d4851a1d" />
    <TestEntry testId="f35faa53-02cf-4a8c-ab4e-e8b8e5e8ad08" executionId="ffd9d3af-0749-4803-a170-2b0300597183" testListId="8c84fa94-04c1-424b-9868-57a2d4851a1d" />
    <TestEntry testId="d99401e5-4d6c-4e2d-ba8b-6d88de427214" executionId="5637fd1a-1878-472f-933a-21a0e2a2992a" testListId="8c84fa94-04c1-424b-9868-57a2d4851a1d" />
    <TestEntry testId="f8325bf8-1c0b-467e-9297-1f20e0063259" executionId="339b920e-d320-4f22-99e8-ee1a418282d9" testListId="8c84fa94-04c1-424b-9868-57a2d4851a1d" />
    <TestEntry testId="066d6755-6a3c-47ec-8524-1798adf973c1" executionId="fc603b4a-0126-4de4-bba6-9847386bee2a" testListId="8c84fa94-04c1-424b-9868-57a2d4851a1d" />
    <TestEntry testId="965f8a36-f6ef-40fb-9d5c-25ee9aa01b88" executionId="1b67f505-f719-4252-bd72-87f629f67340" testListId="8c84fa94-04c1-424b-9868-57a2d4851a1d" />
    <TestEntry testId="d462939f-4cd0-48fa-9d26-b7482718bc7f" executionId="9a0b50de-0a03-4a7c-a855-b2ebcb6ea332" testListId="8c84fa94-04c1-424b-9868-57a2d4851a1d" />
    <TestEntry testId="bf72163b-75ee-49bc-93ef-6d2682092fe5" executionId="a27ed1d8-404c-4735-9dde-81fc0836ff84" testListId="8c84fa94-04c1-424b-9868-57a2d4851a1d" />
    <TestEntry testId="3d03c0c6-8751-4b0c-bacc-a21a0fc41571" executionId="e496f699-804d-4626-a1d1-f826dfcb2625" testListId="8c84fa94-04c1-424b-9868-57a2d4851a1d" />
    <TestEntry testId="16087f37-1ff0-4a39-96fd-7082b13f3077" executionId="92ffd30f-7f67-4ff0-a89e-576b81294aa9" testListId="8c84fa94-04c1-424b-9868-57a2d4851a1d" />
    <TestEntry testId="1c6ccd13-11f0-4d11-acc1-c86024a7c1d4" executionId="3faf33f4-47b8-4b41-af0a-94b89bb20d66" testListId="8c84fa94-04c1-424b-9868-57a2d4851a1d" />
    <TestEntry testId="4de7b5e2-21cc-4d26-8fc5-db1f8820aaa1" executionId="fd39e223-8ada-445e-8096-483f2e512907" testListId="8c84fa94-04c1-424b-9868-57a2d4851a1d" />
    <TestEntry testId="6606734b-00ee-429b-9436-8fdf3cb9dc8c" executionId="7ffb6f25-1018-4af9-8006-4f8430c4ed7e" testListId="8c84fa94-04c1-424b-9868-57a2d4851a1d" />
    <TestEntry testId="84409074-9939-4476-9692-0414fa5928b9" executionId="98e806f8-1197-44b2-a021-7b42613a78d1" testListId="8c84fa94-04c1-424b-9868-57a2d4851a1d" />
    <TestEntry testId="f37ac003-626b-4341-a3f8-45db36211db6" executionId="aa8a558e-1904-4bdf-a09b-8b243a7bf07d" testListId="8c84fa94-04c1-424b-9868-57a2d4851a1d" />
    <TestEntry testId="4a8933c7-3718-4fd2-80ce-a95f39896ca8" executionId="aca55d9c-524e-45f5-b8d2-ac421cefa7c1" testListId="8c84fa94-04c1-424b-9868-57a2d4851a1d" />
    <TestEntry testId="71048948-69fa-4e85-a04e-8b5fd2225ee0" executionId="461d0b92-fea9-407b-b621-f3f10f9e3c4d" testListId="8c84fa94-04c1-424b-9868-57a2d4851a1d" />
    <TestEntry testId="e64edb1f-d23b-4927-8e6e-a6aa6c1c34c5" executionId="59cc670e-fa8a-40c7-80b3-ab3e9f5f5941" testListId="8c84fa94-04c1-424b-9868-57a2d4851a1d" />
    <TestEntry testId="53f5432b-3e11-4778-99b4-0e2ddedc78d0" executionId="28819065-9381-4c77-9803-f8d7874bcfc5" testListId="8c84fa94-04c1-424b-9868-57a2d4851a1d" />
    <TestEntry testId="0ed20f59-23b7-4fb4-93dd-5ba49eda576c" executionId="c6fadf8a-fcc5-414c-aa99-3374e938c4ac" testListId="8c84fa94-04c1-424b-9868-57a2d4851a1d" />
    <TestEntry testId="61cd0d12-5c08-4565-a9cc-f12be0526099" executionId="95d4679a-27b4-4b1f-8f75-4f34584d1111" testListId="8c84fa94-04c1-424b-9868-57a2d4851a1d" />
    <TestEntry testId="99886c0c-b6a0-43be-bfba-a64470a683cf" executionId="12d0c3e7-1f5d-4c11-ac70-a9f95b6c2547" testListId="8c84fa94-04c1-424b-9868-57a2d4851a1d" />
    <TestEntry testId="9273994e-f76b-40e7-9984-078b804a4491" executionId="ed51edd6-a6f5-4b15-b2c0-b6f4800125c8" testListId="8c84fa94-04c1-424b-9868-57a2d4851a1d" />
    <TestEntry testId="98838ff5-37c4-4474-97d7-d3deb2c79325" executionId="78c7d4a6-1d59-490c-bc04-277acf4c6513" testListId="8c84fa94-04c1-424b-9868-57a2d4851a1d" />
    <TestEntry testId="ca25a5b2-0a66-4480-9648-e6b90db4f8ce" executionId="a6151e9a-728a-4eeb-918d-b4f9e866abe4" testListId="8c84fa94-04c1-424b-9868-57a2d4851a1d" />
    <TestEntry testId="0b01da1b-139a-4a47-9209-c52aef063080" executionId="23a8dc86-111b-4894-b1b7-f94b28b6f0ab" testListId="8c84fa94-04c1-424b-9868-57a2d4851a1d" />
    <TestEntry testId="438256b1-6720-4166-be0b-20afbbfef141" executionId="5f9902a5-befc-44b1-b1cb-56078c9e6d1f" testListId="8c84fa94-04c1-424b-9868-57a2d4851a1d" />
    <TestEntry testId="38dd4fb5-e038-4ad9-82b3-f05f96247b7e" executionId="0d04b646-0dfc-46a7-bfd0-20cc70c5863f" testListId="8c84fa94-04c1-424b-9868-57a2d4851a1d" />
    <TestEntry testId="a17b1509-0ea9-4a8a-b021-88521c883d2b" executionId="e7a188bf-8582-4e26-9401-14a003c8988a" testListId="8c84fa94-04c1-424b-9868-57a2d4851a1d" />
    <TestEntry testId="37af5e4b-a820-477e-baa7-752264f3f136" executionId="970ca9b9-a518-400a-a836-bc036f94b1ee" testListId="8c84fa94-04c1-424b-9868-57a2d4851a1d" />
    <TestEntry testId="eea84551-4dfc-4986-8c32-b08bc406b0e7" executionId="e49146f0-456e-4dc0-984b-c9af08dd78ca" testListId="8c84fa94-04c1-424b-9868-57a2d4851a1d" />
    <TestEntry testId="c2662aa6-be0b-4bc7-9ba2-4ad6ae5ba8f5" executionId="03354159-2811-42b3-a1ce-d1fd6229eb08" testListId="8c84fa94-04c1-424b-9868-57a2d4851a1d" />
    <TestEntry testId="d2d40f91-fe01-413b-ab1c-e8f802d326e8" executionId="da92aed3-31bf-4310-96b6-6d47a5262b4c" testListId="8c84fa94-04c1-424b-9868-57a2d4851a1d" />
    <TestEntry testId="c242d76f-6bc0-4767-8b33-0f26bcea587f" executionId="199d16cf-7122-44c7-b211-3e9a3633ef4d" testListId="8c84fa94-04c1-424b-9868-57a2d4851a1d" />
    <TestEntry testId="28d59a5a-3f38-40bd-9d20-fbfee0075feb" executionId="f4e90a4d-c354-4ee6-b88f-0a27522e3afa" testListId="8c84fa94-04c1-424b-9868-57a2d4851a1d" />
    <TestEntry testId="e10793ea-f055-4bd4-9bd6-dca95bfb6e16" executionId="1cb35df0-6f07-4418-adfd-5009473c8b51" testListId="8c84fa94-04c1-424b-9868-57a2d4851a1d" />
    <TestEntry testId="8446219a-ef4f-4fa0-b4c4-505da87a5a92" executionId="2d103d8e-3081-48c4-8b68-062af8dcbf48" testListId="8c84fa94-04c1-424b-9868-57a2d4851a1d" />
    <TestEntry testId="6c479252-c371-41b2-aa33-f7660828d42b" executionId="9d60478c-e2fc-475b-9423-6ac591aaa560" testListId="8c84fa94-04c1-424b-9868-57a2d4851a1d" />
    <TestEntry testId="08198165-bcd3-4051-975c-ccde0f94ee2b" executionId="b315f106-9701-4989-a3d7-3d6af281c909" testListId="8c84fa94-04c1-424b-9868-57a2d4851a1d" />
    <TestEntry testId="6a371082-75c9-4556-a373-d801defba117" executionId="be768607-072c-4b45-bff4-6434615d3a69" testListId="8c84fa94-04c1-424b-9868-57a2d4851a1d" />
    <TestEntry testId="b0cf676d-2117-4ca6-8a4a-df29397bd5dc" executionId="bde29faa-6307-41c2-8407-adb814dd7c2d" testListId="8c84fa94-04c1-424b-9868-57a2d4851a1d" />
    <TestEntry testId="a633ddf3-de53-4ba6-ab33-0180dbed7a7b" executionId="3d106c97-2dcd-407d-9ed3-4caec797f0dd" testListId="8c84fa94-04c1-424b-9868-57a2d4851a1d" />
    <TestEntry testId="ff2f6b81-13b2-42d8-9439-2143a249beae" executionId="5d867043-b98a-49a9-a04f-4064fdda682a" testListId="8c84fa94-04c1-424b-9868-57a2d4851a1d" />
    <TestEntry testId="9f0ff335-313b-4dc9-aed5-354aefe144e8" executionId="7fff0bb3-5085-450f-9662-e1a2d2b81999" testListId="8c84fa94-04c1-424b-9868-57a2d4851a1d" />
    <TestEntry testId="017659b5-c604-46a6-88fb-9bec5e1283d3" executionId="0db7bbf2-c4f0-4bf1-94d3-4a9d4133d16e" testListId="8c84fa94-04c1-424b-9868-57a2d4851a1d" />
    <TestEntry testId="db39addc-65bf-4011-bd79-2f91d7b39fe3" executionId="cc7005a6-128d-4861-ab47-5a77e1e171f5" testListId="8c84fa94-04c1-424b-9868-57a2d4851a1d" />
    <TestEntry testId="56c7e7b0-8ab6-44cf-a789-3771d00ae14a" executionId="02d5037d-6737-4998-85ab-f5b0a2eedd93" testListId="8c84fa94-04c1-424b-9868-57a2d4851a1d" />
    <TestEntry testId="a6a07f5e-f46c-439e-8c6e-3d4a696da9d9" executionId="6a91196c-4c0d-4786-8338-f99899357542" testListId="8c84fa94-04c1-424b-9868-57a2d4851a1d" />
    <TestEntry testId="395bc4c5-8fdd-4438-9252-0a5ffb639dcb" executionId="dcd93bf5-0b59-4343-9108-751d592cf087" testListId="8c84fa94-04c1-424b-9868-57a2d4851a1d" />
    <TestEntry testId="c29fa5e7-f4dd-47d6-9693-7b03971d508b" executionId="4660a952-489b-41c5-abd1-8ae12cb9692d" testListId="8c84fa94-04c1-424b-9868-57a2d4851a1d" />
    <TestEntry testId="e9e59818-486a-4c50-bafa-9c8d35e18ab6" executionId="9d674c41-8f5f-4ac8-90d8-70e9b04cb973" testListId="8c84fa94-04c1-424b-9868-57a2d4851a1d" />
    <TestEntry testId="4f8a8534-2c27-4b2c-98be-473b55824a55" executionId="27477281-1b96-4693-97c2-eb24c44a177e" testListId="8c84fa94-04c1-424b-9868-57a2d4851a1d" />
    <TestEntry testId="78899073-aa7e-4080-bfd0-a398961b33ad" executionId="d4eccbea-a76c-414c-8e8f-3f72d495123f" testListId="8c84fa94-04c1-424b-9868-57a2d4851a1d" />
    <TestEntry testId="b5ea756e-4db6-4941-b9aa-f9b81cf0b07a" executionId="d566af30-1f73-426c-80f2-473d321ce2fe" testListId="8c84fa94-04c1-424b-9868-57a2d4851a1d" />
    <TestEntry testId="1c4f302f-581f-489d-9689-679c24c48109" executionId="e83e5721-c7ae-4545-a078-010080da6828" testListId="8c84fa94-04c1-424b-9868-57a2d4851a1d" />
    <TestEntry testId="27afbc5b-bfd0-4456-99a6-066f9f498521" executionId="89972fba-fe98-4bba-874e-8a3fd67009c0" testListId="8c84fa94-04c1-424b-9868-57a2d4851a1d" />
    <TestEntry testId="4334bbf0-10f5-47b8-851f-36dedd2b6bdf" executionId="e5bb4b28-95ae-4d60-aed3-e2160d2d3923" testListId="8c84fa94-04c1-424b-9868-57a2d4851a1d" />
    <TestEntry testId="7987320a-448a-43d4-8609-9152f347d176" executionId="370ef190-4363-4dcf-a89e-401b5b2f112d" testListId="8c84fa94-04c1-424b-9868-57a2d4851a1d" />
    <TestEntry testId="5d103517-957d-4079-ab60-a7af66a6cc51" executionId="67bfbf1c-edd9-4ee7-a54d-5ca9edd1eb2a" testListId="8c84fa94-04c1-424b-9868-57a2d4851a1d" />
    <TestEntry testId="e80f9d6b-b565-4152-aac9-47d4727872a9" executionId="6e4937b6-22c6-44c3-b7a5-bdde13a78871" testListId="8c84fa94-04c1-424b-9868-57a2d4851a1d" />
    <TestEntry testId="ca92287a-bbf3-48fe-a1ae-47491c7f64fc" executionId="82bcc1e2-8984-4ec4-bfa7-6ec597ed97d3" testListId="8c84fa94-04c1-424b-9868-57a2d4851a1d" />
    <TestEntry testId="ef9acae2-ea5e-432e-84b6-5404b4cf5dcb" executionId="1253174c-b9c7-4172-b77a-d59e01bf66ec" testListId="8c84fa94-04c1-424b-9868-57a2d4851a1d" />
    <TestEntry testId="0d85ecc0-de78-4856-9aa1-99a962d61f00" executionId="f772c58e-7f75-470d-8e66-738309615cc6" testListId="8c84fa94-04c1-424b-9868-57a2d4851a1d" />
    <TestEntry testId="d5508337-9330-432b-aeaf-e989463bb1e3" executionId="361733bc-c038-455a-bec4-3f6587dac97b" testListId="8c84fa94-04c1-424b-9868-57a2d4851a1d" />
    <TestEntry testId="7a38d217-1971-4b85-8210-589ca6ea279c" executionId="517b9250-72a6-4116-96d6-a05f6af2dbb5" testListId="8c84fa94-04c1-424b-9868-57a2d4851a1d" />
    <TestEntry testId="3585414d-ccc1-42d7-9d52-b72b25b0eefe" executionId="41803c23-adc8-4760-bb2b-d821a3ef4dd8" testListId="8c84fa94-04c1-424b-9868-57a2d4851a1d" />
    <TestEntry testId="2a776fca-3bf5-4cf7-afac-4a31762d2404" executionId="2b15eda1-0cd7-40d3-aa00-d8ec98e38300" testListId="8c84fa94-04c1-424b-9868-57a2d4851a1d" />
    <TestEntry testId="0481e0f1-d413-4a6c-ad6c-a26c35f3831f" executionId="fb7bc904-56b3-42e4-b4b2-004f06b3f90c" testListId="8c84fa94-04c1-424b-9868-57a2d4851a1d" />
    <TestEntry testId="c13e647e-0cd6-40ed-aad2-9aa2a0806a2f" executionId="a9f514de-c802-4c3c-8bba-c09e4d1353e7" testListId="8c84fa94-04c1-424b-9868-57a2d4851a1d" />
    <TestEntry testId="b84e35d5-8cd1-4658-890b-90b404c7168f" executionId="768c4c92-d758-4bee-a8d3-ff527b8f29df" testListId="8c84fa94-04c1-424b-9868-57a2d4851a1d" />
    <TestEntry testId="ce941991-bdfd-4958-ad32-91ca25c965ef" executionId="57a4d067-cf13-4965-8bdb-62e1b7f90116" testListId="8c84fa94-04c1-424b-9868-57a2d4851a1d" />
    <TestEntry testId="4d6fad58-759c-4d90-a7b0-2dcd8ecbdab8" executionId="41800fdd-1322-46f6-aa6c-3942dbb6b39a" testListId="8c84fa94-04c1-424b-9868-57a2d4851a1d" />
    <TestEntry testId="d4afc0ac-5eb5-4f82-b092-75a0a6ed2dc6" executionId="441c1857-c2a6-4414-addb-ee828b6a187d" testListId="8c84fa94-04c1-424b-9868-57a2d4851a1d" />
    <TestEntry testId="9f949acd-4791-4f2c-b6de-88ff80419677" executionId="ad55e5f0-d831-4f60-a108-58c9f8521f3e" testListId="8c84fa94-04c1-424b-9868-57a2d4851a1d" />
    <TestEntry testId="ba51f946-1db8-4c94-bf1d-70b84c06e576" executionId="062739c5-b554-433e-b194-a3a6eeb33466" testListId="8c84fa94-04c1-424b-9868-57a2d4851a1d" />
    <TestEntry testId="4d96452c-b5f6-49c7-9d51-9135310a93a5" executionId="6d3531a4-9c8d-4122-bc49-5692210eea28" testListId="8c84fa94-04c1-424b-9868-57a2d4851a1d" />
    <TestEntry testId="d38b25c0-b4ce-47ee-b0e1-4b235d63c88c" executionId="23f1c814-0895-4520-bb7f-ff6ce038ec30" testListId="8c84fa94-04c1-424b-9868-57a2d4851a1d" />
    <TestEntry testId="e7de3f20-0243-4151-b462-e4e83ee3c711" executionId="9cd25b59-04a7-4b0e-a815-0d952700c96d" testListId="8c84fa94-04c1-424b-9868-57a2d4851a1d" />
    <TestEntry testId="14c205a9-f64b-42e1-a22e-9972bd3690fb" executionId="cf8e0bcb-1802-4753-b8f3-b675a2c639ef" testListId="8c84fa94-04c1-424b-9868-57a2d4851a1d" />
    <TestEntry testId="c16eca63-9fb0-40bc-b27d-a61fa4a9a863" executionId="698e1a68-b3ce-4bc2-b049-d6daae2b5894" testListId="8c84fa94-04c1-424b-9868-57a2d4851a1d" />
    <TestEntry testId="45c9ebd2-148c-4871-a75a-1cc128adbf85" executionId="c511043a-5fe0-4bf1-9bab-290bb2a10c1f" testListId="8c84fa94-04c1-424b-9868-57a2d4851a1d" />
    <TestEntry testId="430860ee-0790-4b84-8a0f-5b9981a7ca58" executionId="03f77640-c522-404a-860e-14e718206e56" testListId="8c84fa94-04c1-424b-9868-57a2d4851a1d" />
    <TestEntry testId="394bd084-16d1-493b-9849-888f740ba3f9" executionId="2a906ddc-85d9-44c8-81a6-61468abf3018" testListId="8c84fa94-04c1-424b-9868-57a2d4851a1d" />
    <TestEntry testId="c8a46863-9725-476c-b166-4d47a460f760" executionId="4c9e0a92-64c3-41f8-8b18-59f350a58222" testListId="8c84fa94-04c1-424b-9868-57a2d4851a1d" />
    <TestEntry testId="3ffa367e-179c-42e5-a33b-863ce5c4b47b" executionId="af4b7f51-cf9f-4aff-91a0-18600f3c1114" testListId="8c84fa94-04c1-424b-9868-57a2d4851a1d" />
    <TestEntry testId="af0828fb-b3b0-4eaa-a10e-5395239dc4e6" executionId="831538bb-dd9f-4f83-b68d-58941dfa2135" testListId="8c84fa94-04c1-424b-9868-57a2d4851a1d" />
    <TestEntry testId="11047c53-2d5f-406e-8142-c44ec8343f70" executionId="c313a3d4-0a5d-4a34-addc-81bebf2cf3d0" testListId="8c84fa94-04c1-424b-9868-57a2d4851a1d" />
    <TestEntry testId="568bcb0d-2608-45ce-b77c-b48a5d9f3622" executionId="859d13cb-b87c-4675-b545-71407a8db8f6" testListId="8c84fa94-04c1-424b-9868-57a2d4851a1d" />
    <TestEntry testId="48f02477-aff6-4700-ab94-f638877937f8" executionId="c0511a00-6c30-4aaa-9faa-9a43f1e4c871" testListId="8c84fa94-04c1-424b-9868-57a2d4851a1d" />
    <TestEntry testId="e89fe0c3-a93c-416f-8144-725efb9ef124" executionId="d5231d0f-7c85-4eaa-abf2-b4fddafdbec9" testListId="8c84fa94-04c1-424b-9868-57a2d4851a1d" />
    <TestEntry testId="103af03a-ef53-4b3b-bfea-8d0cc00d61ba" executionId="d83170d8-397b-47b0-b4b8-26ef5b7c29d9" testListId="8c84fa94-04c1-424b-9868-57a2d4851a1d" />
    <TestEntry testId="bd717542-9a55-4ecf-841b-490be99366df" executionId="7cfb2bfc-4b9b-41aa-a288-ba4850acc48a" testListId="8c84fa94-04c1-424b-9868-57a2d4851a1d" />
    <TestEntry testId="eb970e83-2948-415b-acc0-3887b90977f2" executionId="97d33618-6131-470b-b86c-979051e4c079" testListId="8c84fa94-04c1-424b-9868-57a2d4851a1d" />
    <TestEntry testId="91072ec3-7f63-41a2-93dd-47110cf5793e" executionId="c4f44420-e2d2-4d1c-a369-e427d396e43d" testListId="8c84fa94-04c1-424b-9868-57a2d4851a1d" />
    <TestEntry testId="a937b44f-607e-427c-a055-201051aa7d83" executionId="6ec33fd4-d1d0-4afd-a7aa-d68cbd82c537" testListId="8c84fa94-04c1-424b-9868-57a2d4851a1d" />
    <TestEntry testId="46d864d3-d81e-474f-8aeb-b8372c006788" executionId="9b5489b4-fd26-4958-81a0-72a58061c328" testListId="8c84fa94-04c1-424b-9868-57a2d4851a1d" />
    <TestEntry testId="1bc87cd9-c221-4892-8859-46da875202c4" executionId="52c8b558-abfa-4c70-9d10-8ab11528e2f1" testListId="8c84fa94-04c1-424b-9868-57a2d4851a1d" />
    <TestEntry testId="43cb7e9d-3b5c-4ef7-9949-c5c40b586a4c" executionId="d7cffb56-86fe-407c-a3d8-846e018289b4" testListId="8c84fa94-04c1-424b-9868-57a2d4851a1d" />
    <TestEntry testId="9f797607-5c33-44b9-9685-9810ca3ad6bb" executionId="c52cdc30-a4bc-41ee-8fc1-39c9a3c93802" testListId="8c84fa94-04c1-424b-9868-57a2d4851a1d" />
    <TestEntry testId="e3651c35-3a2c-4cef-8f6a-186b40d415eb" executionId="b501281d-a70c-4ab7-9400-f119fb05adca" testListId="8c84fa94-04c1-424b-9868-57a2d4851a1d" />
    <TestEntry testId="7e93bf67-a918-48f8-abea-be53f6da1bc2" executionId="47363630-cab8-44bd-8da1-7c8e5be1d865" testListId="8c84fa94-04c1-424b-9868-57a2d4851a1d" />
    <TestEntry testId="a68f8550-633e-42d2-a7aa-6b734884e631" executionId="01a6d873-f6f8-4195-a79a-934a5fcb14a9" testListId="8c84fa94-04c1-424b-9868-57a2d4851a1d" />
    <TestEntry testId="f2454e3d-4dd1-41fa-a21e-9b5e5b5bf44a" executionId="7a0d8a8a-9789-4697-bea7-4d373d33e631" testListId="8c84fa94-04c1-424b-9868-57a2d4851a1d" />
    <TestEntry testId="001db505-63b7-459d-a09a-4b88cbb5bf48" executionId="29c277db-c26e-4ae1-b6d4-75458d4d03d0" testListId="8c84fa94-04c1-424b-9868-57a2d4851a1d" />
    <TestEntry testId="315dc2db-4dd9-4111-9b63-dc0eab93c74a" executionId="704fcf72-8845-441e-9cfe-2361cafd189b" testListId="8c84fa94-04c1-424b-9868-57a2d4851a1d" />
    <TestEntry testId="1e268fde-f3e7-4a20-8f7f-b24fc71a4f42" executionId="a91a0095-707e-4612-b31a-2b96f72703ab" testListId="8c84fa94-04c1-424b-9868-57a2d4851a1d" />
    <TestEntry testId="15765b7a-64d9-4a37-a5b8-5c59f1397977" executionId="ef1a203d-b4a0-458b-8fa2-b6149849e069" testListId="8c84fa94-04c1-424b-9868-57a2d4851a1d" />
    <TestEntry testId="7eb9aa90-e1f7-4262-988c-f7f0ae2aec8c" executionId="9feba19f-ab6b-43ff-b36b-af19f08d7826" testListId="8c84fa94-04c1-424b-9868-57a2d4851a1d" />
    <TestEntry testId="c5cc1f1b-2d9e-4055-8701-02d14978e704" executionId="4cb33c41-4399-4428-a4e6-5e93408bdc26" testListId="8c84fa94-04c1-424b-9868-57a2d4851a1d" />
    <TestEntry testId="057cf8ee-b341-47c0-af1a-af6e230fa282" executionId="81236fd7-71d9-44be-a118-45e404139fa5" testListId="8c84fa94-04c1-424b-9868-57a2d4851a1d" />
    <TestEntry testId="6199e3fb-5309-4e20-bd16-8c7655668d6b" executionId="528c0033-b3e9-425c-b7b3-6e20f2061861" testListId="8c84fa94-04c1-424b-9868-57a2d4851a1d" />
    <TestEntry testId="1ecb12b6-5b0b-4ade-a687-622635e5ab2f" executionId="4dd63435-d1dc-440a-86b1-945228973bc2" testListId="8c84fa94-04c1-424b-9868-57a2d4851a1d" />
    <TestEntry testId="2710e8ce-c5e8-4d60-ad65-23c155c9c4c6" executionId="d20c97a1-255a-4504-aa25-9df6e5bd6e62" testListId="8c84fa94-04c1-424b-9868-57a2d4851a1d" />
    <TestEntry testId="aa18725a-65be-43a4-828d-998c62b55bb1" executionId="c52b12a7-39db-4260-8ead-56c1304adb5c" testListId="8c84fa94-04c1-424b-9868-57a2d4851a1d" />
    <TestEntry testId="f51fa027-881c-454c-a46b-5dcbc0469700" executionId="2c38498e-a3ed-4bfa-b2da-ef9d386fcb42" testListId="8c84fa94-04c1-424b-9868-57a2d4851a1d" />
    <TestEntry testId="7a2cb2dc-01f4-4572-8b1f-dfd2c99e01e0" executionId="3272c050-74cf-471d-a5f2-7dc7dca5963d" testListId="8c84fa94-04c1-424b-9868-57a2d4851a1d" />
    <TestEntry testId="4e30e85d-8010-413e-a9fa-22b74b3cfc4f" executionId="6805986e-1378-4f28-b1bf-27c523dbea0f" testListId="8c84fa94-04c1-424b-9868-57a2d4851a1d" />
    <TestEntry testId="a942e9ef-0f1a-44af-a9f5-1ec44bebde6c" executionId="03578bfc-db34-4396-bcd1-f8a713b7fc0f" testListId="8c84fa94-04c1-424b-9868-57a2d4851a1d" />
    <TestEntry testId="ebbeb5b6-3914-45bc-9158-ade084fa1f78" executionId="7de5216c-7c48-4a5d-873b-d85efd5b01cd" testListId="8c84fa94-04c1-424b-9868-57a2d4851a1d" />
    <TestEntry testId="b8d19643-a1e9-42be-88ab-f96affa4f6f9" executionId="b902f2a1-963b-437d-a863-7a52b2928587" testListId="8c84fa94-04c1-424b-9868-57a2d4851a1d" />
    <TestEntry testId="a8ff7d96-4c6e-46eb-b814-9744a53d6b20" executionId="3f420822-fafd-492d-9877-d4357f46f100" testListId="8c84fa94-04c1-424b-9868-57a2d4851a1d" />
    <TestEntry testId="a4010d28-517f-429b-95d5-64c3bbdb2f01" executionId="499f6695-f4fc-4810-88b9-795f14882ba2" testListId="8c84fa94-04c1-424b-9868-57a2d4851a1d" />
    <TestEntry testId="a75d8427-8e5d-4dc7-85cd-eb608a912a10" executionId="e538781a-d32b-4c3d-a3dd-0f4697ac5718" testListId="8c84fa94-04c1-424b-9868-57a2d4851a1d" />
    <TestEntry testId="740966eb-924d-41d1-9a8e-c9df69df9514" executionId="b2f9b199-2a4f-449a-9e03-79d924bfef70" testListId="8c84fa94-04c1-424b-9868-57a2d4851a1d" />
    <TestEntry testId="68737909-b4c9-4dc6-bd06-08430bc5ddde" executionId="3d0e84bd-384a-433d-887a-1501eebf53d0" testListId="8c84fa94-04c1-424b-9868-57a2d4851a1d" />
    <TestEntry testId="4ea3a598-ccea-4efd-a761-a49ff1c12fa2" executionId="64354dea-1c2a-435f-9027-21234184be7a" testListId="8c84fa94-04c1-424b-9868-57a2d4851a1d" />
    <TestEntry testId="3a3421b1-0e35-4f98-91b7-9cfdd9924069" executionId="a2e65eb0-4f0b-4d58-91f1-9798a6500053" testListId="8c84fa94-04c1-424b-9868-57a2d4851a1d" />
    <TestEntry testId="9b3bdde4-3717-4c6a-8843-dadc33416775" executionId="9c79d877-2f2a-4b2f-ab9a-a4f029d4ca91" testListId="8c84fa94-04c1-424b-9868-57a2d4851a1d" />
    <TestEntry testId="3e2ccf9b-aaed-4803-a676-5eb8f13a6029" executionId="b3ee06b4-2b9c-47ae-b82d-3ec9efa06c9c" testListId="8c84fa94-04c1-424b-9868-57a2d4851a1d" />
    <TestEntry testId="5466ebed-aebf-43e3-adf8-ea1d67e38ee8" executionId="49844fdb-5813-444b-9d90-345faae0cdfe" testListId="8c84fa94-04c1-424b-9868-57a2d4851a1d" />
    <TestEntry testId="d27b91ec-de00-4c23-bb3b-6ad729ae5ac9" executionId="9219cf18-985b-4486-a11a-cad46306c40d" testListId="8c84fa94-04c1-424b-9868-57a2d4851a1d" />
    <TestEntry testId="02ce3e78-274c-4981-9e54-3ed805a48b71" executionId="ac187ab3-c730-448c-8d87-8e048a339519" testListId="8c84fa94-04c1-424b-9868-57a2d4851a1d" />
  </TestEntries>
  <TestLists>
    <TestList name="Results Not in a List" id="8c84fa94-04c1-424b-9868-57a2d4851a1d" />
    <TestList name="All Loaded Results" id="19431567-8539-422a-85d7-44ee4e166bda" />
  </TestLists>
  <ResultSummary outcome="Completed">
    <Counters total="1000" executed="1000" passed="1000" failed="0" error="0" timeout="0" aborted="0" inconclusive="0" passedButRunAborted="0" notRunnable="0" notExecuted="0" disconnected="0" warning="0" completed="0" inProgress="0" pending="0" />
  </ResultSummary>
</TestRun>