<?xml version="1.0" encoding="utf-8"?>
<TestRun id="fa5f075f-fb3d-4649-a13f-1b29d0769e14" name="Dominik@DESKTOP-5URQ9PB 2022-06-13 21:12:26" runUser="DESKTOP-5URQ9PB\Dominik" xmlns="http://microsoft.com/schemas/VisualStudio/TeamTest/2010">
  <Times creation="2022-06-13T21:12:26.3374739+02:00" queuing="2022-06-13T21:12:26.3374740+02:00" start="2022-06-13T21:12:24.3588758+02:00" finish="2022-06-13T21:12:27.4000666+02:00" />
  <TestSettings name="default" id="c45c9914-8cf7-4164-9960-c06b7f96978b">
    <Deployment runDeploymentRoot="Dominik_DESKTOP-5URQ9PB_2022-06-13_21_12_26" />
  </TestSettings>
  <Results>
    <UnitTestResult executionId="4debe6e2-c906-413a-ae7f-3637e07d5d09" testId="04f1ec56-3786-4b26-a026-00f3ece9e5d8" testName="FormatToStringTest1000 (5749.124990274722,5749.12 zł)" computerName="DESKTOP-5URQ9PB" duration="00:00:00.0000061" startTime="2022-06-13T21:12:26.5456783+02:00" endTime="2022-06-13T21:12:26.5457418+02:00" testType="13cdc9d9-ddb5-4fa4-a97d-d965ccfc6d4b" outcome="Passed" testListId="8c84fa94-04c1-424b-9868-57a2d4851a1d" relativeResultsDirectory="4debe6e2-c906-413a-ae7f-3637e07d5d09" />
    <UnitTestResult executionId="797683d1-3d63-4093-9c0d-dc35d9cdf995" testId="ec8cbd1c-ff96-4474-8fca-be8400b9acfb" testName="FormatToStringTest1000 (38076.55319665165,38076.55 zł)" computerName="DESKTOP-5URQ9PB" duration="00:00:00.0000063" startTime="2022-06-13T21:12:26.3061266+02:00" endTime="2022-06-13T21:12:26.3061990+02:00" testType="13cdc9d9-ddb5-4fa4-a97d-d965ccfc6d4b" outcome="Passed" testListId="8c84fa94-04c1-424b-9868-57a2d4851a1d" relativeResultsDirectory="797683d1-3d63-4093-9c0d-dc35d9cdf995" />
    <UnitTestResult executionId="49428ef7-4f9c-43ca-9807-e4aa13bea0f1" testId="bf0796a1-5173-4c53-b649-7beda29ca76b" testName="FormatToStringTest1000 (26529.10838037036,26529.11 zł)" computerName="DESKTOP-5URQ9PB" duration="00:00:00.0000068" startTime="2022-06-13T21:12:26.5786820+02:00" endTime="2022-06-13T21:12:26.5787470+02:00" testType="13cdc9d9-ddb5-4fa4-a97d-d965ccfc6d4b" outcome="Passed" testListId="8c84fa94-04c1-424b-9868-57a2d4851a1d" relativeResultsDirectory="49428ef7-4f9c-43ca-9807-e4aa13bea0f1" />
    <UnitTestResult executionId="5b8fd941-fa15-4a53-8999-27cf5eb805c2" testId="0b3d6962-2560-4549-97f3-032a736b4a15" testName="FormatToStringTest1000 (13453.429998117233,13453.43 zł)" computerName="DESKTOP-5URQ9PB" duration="00:00:00.0000065" startTime="2022-06-13T21:12:26.5219148+02:00" endTime="2022-06-13T21:12:26.5219889+02:00" testType="13cdc9d9-ddb5-4fa4-a97d-d965ccfc6d4b" outcome="Passed" testListId="8c84fa94-04c1-424b-9868-57a2d4851a1d" relativeResultsDirectory="5b8fd941-fa15-4a53-8999-27cf5eb805c2" />
    <UnitTestResult executionId="ebe43af5-6673-4cc5-9600-397ada72099f" testId="7a8c2c45-0725-42c5-a185-888b2d13f451" testName="FormatToStringTest1000 (14035.12972514477,14035.13 zł)" computerName="DESKTOP-5URQ9PB" duration="00:00:00.0000067" startTime="2022-06-13T21:12:26.3262728+02:00" endTime="2022-06-13T21:12:26.3263400+02:00" testType="13cdc9d9-ddb5-4fa4-a97d-d965ccfc6d4b" outcome="Passed" testListId="8c84fa94-04c1-424b-9868-57a2d4851a1d" relativeResultsDirectory="ebe43af5-6673-4cc5-9600-397ada72099f" />
    <UnitTestResult executionId="c90576a1-f14c-4520-9b40-6241412d53e0" testId="a988a3d3-4989-414c-9d84-c7e43f8c4f7c" testName="FormatToStringTest1000 (28455.229970996843,28455.23 zł)" computerName="DESKTOP-5URQ9PB" duration="00:00:00.0000070" startTime="2022-06-13T21:12:26.5455157+02:00" endTime="2022-06-13T21:12:26.5455810+02:00" testType="13cdc9d9-ddb5-4fa4-a97d-d965ccfc6d4b" outcome="Passed" testListId="8c84fa94-04c1-424b-9868-57a2d4851a1d" relativeResultsDirectory="c90576a1-f14c-4520-9b40-6241412d53e0" />
    <UnitTestResult executionId="65d04b3d-1c3d-48b0-9ce2-9a8064c0d74e" testId="562f6f5d-21ae-4977-a188-3c53b26fc000" testName="FormatToStringTest1000 (27027.327683509946,27027.33 zł)" computerName="DESKTOP-5URQ9PB" duration="00:00:00.0000061" startTime="2022-06-13T21:12:26.3295565+02:00" endTime="2022-06-13T21:12:26.3296236+02:00" testType="13cdc9d9-ddb5-4fa4-a97d-d965ccfc6d4b" outcome="Passed" testListId="8c84fa94-04c1-424b-9868-57a2d4851a1d" relativeResultsDirectory="65d04b3d-1c3d-48b0-9ce2-9a8064c0d74e" />
    <UnitTestResult executionId="9561a6e5-cfec-4def-8c26-e8d62ed7c003" testId="2edb1636-fd51-49a9-8700-54934b83bdf7" testName="FormatToStringTest1000 (7594.279030504766,7594.28 zł)" computerName="DESKTOP-5URQ9PB" duration="00:00:00.0000062" startTime="2022-06-13T21:12:26.2792741+02:00" endTime="2022-06-13T21:12:26.2793416+02:00" testType="13cdc9d9-ddb5-4fa4-a97d-d965ccfc6d4b" outcome="Passed" testListId="8c84fa94-04c1-424b-9868-57a2d4851a1d" relativeResultsDirectory="9561a6e5-cfec-4def-8c26-e8d62ed7c003" />
    <UnitTestResult executionId="bfe96310-2576-4c09-b4ca-c679ff488f43" testId="e26e12c6-f8bc-4068-a077-b436c3543a7f" testName="FormatToStringTest1000 (43222.47958431695,43222.48 zł)" computerName="DESKTOP-5URQ9PB" duration="00:00:00.0000063" startTime="2022-06-13T21:12:26.3087351+02:00" endTime="2022-06-13T21:12:26.3088022+02:00" testType="13cdc9d9-ddb5-4fa4-a97d-d965ccfc6d4b" outcome="Passed" testListId="8c84fa94-04c1-424b-9868-57a2d4851a1d" relativeResultsDirectory="bfe96310-2576-4c09-b4ca-c679ff488f43" />
    <UnitTestResult executionId="81fdea99-d7fe-4b77-949c-c0328d003bdf" testId="c073c491-1a4e-43a8-a36a-f26e89b8aa96" testName="FormatToStringTest1000 (16210.791556035536,16210.79 zł)" computerName="DESKTOP-5URQ9PB" duration="00:00:00.0000062" startTime="2022-06-13T21:12:26.5358660+02:00" endTime="2022-06-13T21:12:26.5359304+02:00" testType="13cdc9d9-ddb5-4fa4-a97d-d965ccfc6d4b" outcome="Passed" testListId="8c84fa94-04c1-424b-9868-57a2d4851a1d" relativeResultsDirectory="81fdea99-d7fe-4b77-949c-c0328d003bdf" />
    <UnitTestResult executionId="44021233-c0f8-49c1-8e4d-d86459c87995" testId="b00895dd-5ff7-41b7-a0b6-bf44364e744d" testName="FormatToStringTest1000 (16388.556189478633,16388.56 zł)" computerName="DESKTOP-5URQ9PB" duration="00:00:00.0000080" startTime="2022-06-13T21:12:26.5420815+02:00" endTime="2022-06-13T21:12:26.5421597+02:00" testType="13cdc9d9-ddb5-4fa4-a97d-d965ccfc6d4b" outcome="Passed" testListId="8c84fa94-04c1-424b-9868-57a2d4851a1d" relativeResultsDirectory="44021233-c0f8-49c1-8e4d-d86459c87995" />
    <UnitTestResult executionId="f864978c-03c1-44ef-811a-ff77305595a6" testId="ea45ca9b-6742-4540-8c1c-403b69ab9fb8" testName="FormatToStringTest1000 (47672.66266041652,47672.66 zł)" computerName="DESKTOP-5URQ9PB" duration="00:00:00.0000063" startTime="2022-06-13T21:12:26.5842204+02:00" endTime="2022-06-13T21:12:26.5842854+02:00" testType="13cdc9d9-ddb5-4fa4-a97d-d965ccfc6d4b" outcome="Passed" testListId="8c84fa94-04c1-424b-9868-57a2d4851a1d" relativeResultsDirectory="f864978c-03c1-44ef-811a-ff77305595a6" />
    <UnitTestResult executionId="7dbee934-110b-47c8-8faa-9b61bedad132" testId="9aa09c77-ffac-4e36-84bf-ec5d5d0b4151" testName="FormatToStringTest1000 (7726.0074454499445,7726.01 zł)" computerName="DESKTOP-5URQ9PB" duration="00:00:00.0000064" startTime="2022-06-13T21:12:26.3712565+02:00" endTime="2022-06-13T21:12:26.3713298+02:00" testType="13cdc9d9-ddb5-4fa4-a97d-d965ccfc6d4b" outcome="Passed" testListId="8c84fa94-04c1-424b-9868-57a2d4851a1d" relativeResultsDirectory="7dbee934-110b-47c8-8faa-9b61bedad132" />
    <UnitTestResult executionId="0f567e05-7a00-47aa-8a78-a1b81c04385b" testId="001e989a-967f-41cc-8647-35c0ec9866a9" testName="FormatToStringTest1000 (59247.898931587064,59247.90 zł)" computerName="DESKTOP-5URQ9PB" duration="00:00:00.0000072" startTime="2022-06-13T21:12:26.4984548+02:00" endTime="2022-06-13T21:12:26.4985362+02:00" testType="13cdc9d9-ddb5-4fa4-a97d-d965ccfc6d4b" outcome="Passed" testListId="8c84fa94-04c1-424b-9868-57a2d4851a1d" relativeResultsDirectory="0f567e05-7a00-47aa-8a78-a1b81c04385b" />
    <UnitTestResult executionId="c4598870-e574-49f4-8f83-5648c5782be3" testId="b3e3d7b5-5ca0-4a3e-a719-87b081b72afa" testName="FormatToStringTest1000 (1676.7913981754293,1676.79 zł)" computerName="DESKTOP-5URQ9PB" duration="00:00:00.0000317" startTime="2022-06-13T21:12:26.4859076+02:00" endTime="2022-06-13T21:12:26.4862828+02:00" testType="13cdc9d9-ddb5-4fa4-a97d-d965ccfc6d4b" outcome="Passed" testListId="8c84fa94-04c1-424b-9868-57a2d4851a1d" relativeResultsDirectory="c4598870-e574-49f4-8f83-5648c5782be3" />
    <UnitTestResult executionId="8811e386-9335-4064-a3db-1eb9996f1406" testId="e71eb302-f24f-4a8f-b32f-74acff3aa7e3" testName="FormatToStringTest1000 (42728.35751444258,42728.36 zł)" computerName="DESKTOP-5URQ9PB" duration="00:00:00.0000061" startTime="2022-06-13T21:12:26.5513600+02:00" endTime="2022-06-13T21:12:26.5514242+02:00" testType="13cdc9d9-ddb5-4fa4-a97d-d965ccfc6d4b" outcome="Passed" testListId="8c84fa94-04c1-424b-9868-57a2d4851a1d" relativeResultsDirectory="8811e386-9335-4064-a3db-1eb9996f1406" />
    <UnitTestResult executionId="96aaa9ca-d08f-4aeb-ad45-e043f9563c55" testId="51a0df01-052f-4a8a-8dea-6743b5bfc708" testName="FormatToStringTest1000 (36969.98585167247,36969.99 zł)" computerName="DESKTOP-5URQ9PB" duration="00:00:00.0000063" startTime="2022-06-13T21:12:26.3356175+02:00" endTime="2022-06-13T21:12:26.3356845+02:00" testType="13cdc9d9-ddb5-4fa4-a97d-d965ccfc6d4b" outcome="Passed" testListId="8c84fa94-04c1-424b-9868-57a2d4851a1d" relativeResultsDirectory="96aaa9ca-d08f-4aeb-ad45-e043f9563c55" />
    <UnitTestResult executionId="b8698842-82e8-4de8-b1f1-8e645726884e" testId="37a4782a-351f-41c5-8f7e-7562cd870a76" testName="FormatToStringTest1000 (11944.74385168531,11944.74 zł)" computerName="DESKTOP-5URQ9PB" duration="00:00:00.0000062" startTime="2022-06-13T21:12:26.5839644+02:00" endTime="2022-06-13T21:12:26.5840297+02:00" testType="13cdc9d9-ddb5-4fa4-a97d-d965ccfc6d4b" outcome="Passed" testListId="8c84fa94-04c1-424b-9868-57a2d4851a1d" relativeResultsDirectory="b8698842-82e8-4de8-b1f1-8e645726884e" />
    <UnitTestResult executionId="a92f82d8-469d-466a-a816-b2fd46e51fe7" testId="3c51b771-1599-40d1-a94c-d85095151d1e" testName="FormatToStringTest1000 (7458.609645228652,7458.61 zł)" computerName="DESKTOP-5URQ9PB" duration="00:00:00.0000061" startTime="2022-06-13T21:12:26.2825036+02:00" endTime="2022-06-13T21:12:26.2825702+02:00" testType="13cdc9d9-ddb5-4fa4-a97d-d965ccfc6d4b" outcome="Passed" testListId="8c84fa94-04c1-424b-9868-57a2d4851a1d" relativeResultsDirectory="a92f82d8-469d-466a-a816-b2fd46e51fe7" />
    <UnitTestResult executionId="b8dc9682-89c4-40b5-aae7-78050c16617f" testId="4b49bbfa-112f-4be5-a1e3-7e67b70429b2" testName="FormatToStringTest1000 (4857.211933034105,4857.21 zł)" computerName="DESKTOP-5URQ9PB" duration="00:00:00.0000063" startTime="2022-06-13T21:12:26.5878834+02:00" endTime="2022-06-13T21:12:26.5879491+02:00" testType="13cdc9d9-ddb5-4fa4-a97d-d965ccfc6d4b" outcome="Passed" testListId="8c84fa94-04c1-424b-9868-57a2d4851a1d" relativeResultsDirectory="b8dc9682-89c4-40b5-aae7-78050c16617f" />
    <UnitTestResult executionId="fa6eebeb-994c-469c-81c2-a34458a70355" testId="99dae6fe-708d-4cd2-8312-0fe9d5f7e66e" testName="FormatToStringTest1000 (3274.481392617096,3274.48 zł)" computerName="DESKTOP-5URQ9PB" duration="00:00:00.0000072" startTime="2022-06-13T21:12:26.5065766+02:00" endTime="2022-06-13T21:12:26.5066569+02:00" testType="13cdc9d9-ddb5-4fa4-a97d-d965ccfc6d4b" outcome="Passed" testListId="8c84fa94-04c1-424b-9868-57a2d4851a1d" relativeResultsDirectory="fa6eebeb-994c-469c-81c2-a34458a70355" />
    <UnitTestResult executionId="c2aa7f64-cf28-46de-90e0-2aaa9d29565e" testId="b69e41e4-4d90-4125-93f5-d6b0dc56d226" testName="FormatToStringTest1000 (40857.08543233996,40857.09 zł)" computerName="DESKTOP-5URQ9PB" duration="00:00:00.0000129" startTime="2022-06-13T21:12:26.2883119+02:00" endTime="2022-06-13T21:12:26.2884279+02:00" testType="13cdc9d9-ddb5-4fa4-a97d-d965ccfc6d4b" outcome="Passed" testListId="8c84fa94-04c1-424b-9868-57a2d4851a1d" relativeResultsDirectory="c2aa7f64-cf28-46de-90e0-2aaa9d29565e" />
    <UnitTestResult executionId="30edb8bb-ca72-49a3-b641-eaad2233c5d2" testId="faaa64c7-40eb-47f0-ade1-d4837a93cccb" testName="FormatToStringTest1000 (66764.31690498316,66764.32 zł)" computerName="DESKTOP-5URQ9PB" duration="00:00:00.0000063" startTime="2022-06-13T21:12:26.4201655+02:00" endTime="2022-06-13T21:12:26.4202336+02:00" testType="13cdc9d9-ddb5-4fa4-a97d-d965ccfc6d4b" outcome="Passed" testListId="8c84fa94-04c1-424b-9868-57a2d4851a1d" relativeResultsDirectory="30edb8bb-ca72-49a3-b641-eaad2233c5d2" />
    <UnitTestResult executionId="8626e02d-0b7b-4b35-9360-99356b27dc88" testId="84083d69-e42e-4427-8274-3f2313c5be4c" testName="FormatToStringTest1000 (61633.2671179945,61633.27 zł)" computerName="DESKTOP-5URQ9PB" duration="00:00:00.0000080" startTime="2022-06-13T21:12:26.4232130+02:00" endTime="2022-06-13T21:12:26.4232999+02:00" testType="13cdc9d9-ddb5-4fa4-a97d-d965ccfc6d4b" outcome="Passed" testListId="8c84fa94-04c1-424b-9868-57a2d4851a1d" relativeResultsDirectory="8626e02d-0b7b-4b35-9360-99356b27dc88" />
    <UnitTestResult executionId="d0edbdbd-85fc-40af-b239-8a1248c868b1" testId="ef2c0143-0b16-42a5-8e65-e8da172ce2a7" testName="FormatToStringTest1000 (45035.160883881224,45035.16 zł)" computerName="DESKTOP-5URQ9PB" duration="00:00:00.0000064" startTime="2022-06-13T21:12:26.2822445+02:00" endTime="2022-06-13T21:12:26.2823160+02:00" testType="13cdc9d9-ddb5-4fa4-a97d-d965ccfc6d4b" outcome="Passed" testListId="8c84fa94-04c1-424b-9868-57a2d4851a1d" relativeResultsDirectory="d0edbdbd-85fc-40af-b239-8a1248c868b1" />
    <UnitTestResult executionId="b8316f63-09d5-4ea6-804c-77c419066b03" testId="cadde106-4069-4dab-9cf3-e7ba6020d775" testName="FormatToStringTest1000 (26220.382477706476,26220.38 zł)" computerName="DESKTOP-5URQ9PB" duration="00:00:00.0000061" startTime="2022-06-13T21:12:26.5555834+02:00" endTime="2022-06-13T21:12:26.5556472+02:00" testType="13cdc9d9-ddb5-4fa4-a97d-d965ccfc6d4b" outcome="Passed" testListId="8c84fa94-04c1-424b-9868-57a2d4851a1d" relativeResultsDirectory="b8316f63-09d5-4ea6-804c-77c419066b03" />
    <UnitTestResult executionId="0b27c457-6241-4b5c-b0cd-0ce563dea391" testId="1fc37109-d10a-4303-9008-2f9eb2960f23" testName="FormatToStringTest1000 (28861.97337596769,28861.97 zł)" computerName="DESKTOP-5URQ9PB" duration="00:00:00.0000121" startTime="2022-06-13T21:12:26.4038308+02:00" endTime="2022-06-13T21:12:26.4039071+02:00" testType="13cdc9d9-ddb5-4fa4-a97d-d965ccfc6d4b" outcome="Passed" testListId="8c84fa94-04c1-424b-9868-57a2d4851a1d" relativeResultsDirectory="0b27c457-6241-4b5c-b0cd-0ce563dea391" />
    <UnitTestResult executionId="ed5cfaaa-0c93-4193-9c46-5926ce352cf3" testId="f9d6e6b1-a565-4770-8d0f-392943ed60c0" testName="FormatToStringTest1000 (35065.40267025652,35065.40 zł)" computerName="DESKTOP-5URQ9PB" duration="00:00:00.0000065" startTime="2022-06-13T21:12:26.5251788+02:00" endTime="2022-06-13T21:12:26.5252468+02:00" testType="13cdc9d9-ddb5-4fa4-a97d-d965ccfc6d4b" outcome="Passed" testListId="8c84fa94-04c1-424b-9868-57a2d4851a1d" relativeResultsDirectory="ed5cfaaa-0c93-4193-9c46-5926ce352cf3" />
    <UnitTestResult executionId="d171710e-3bd8-483c-8f7f-25e01ad8bf57" testId="e8ba9c99-e647-433a-95cf-c46f4b0616a0" testName="FormatToStringTest1000 (35967.54466809684,35967.54 zł)" computerName="DESKTOP-5URQ9PB" duration="00:00:00.0000066" startTime="2022-06-13T21:12:26.5271155+02:00" endTime="2022-06-13T21:12:26.5271926+02:00" testType="13cdc9d9-ddb5-4fa4-a97d-d965ccfc6d4b" outcome="Passed" testListId="8c84fa94-04c1-424b-9868-57a2d4851a1d" relativeResultsDirectory="d171710e-3bd8-483c-8f7f-25e01ad8bf57" />
    <UnitTestResult executionId="08a0c6b4-6836-4da4-9406-6ce15191f696" testId="94c3a29b-edf3-424a-bfe3-d2445195cee3" testName="FormatToStringTest1000 (14137.400697779563,14137.40 zł)" computerName="DESKTOP-5URQ9PB" duration="00:00:00.0000064" startTime="2022-06-13T21:12:26.5919844+02:00" endTime="2022-06-13T21:12:26.5920492+02:00" testType="13cdc9d9-ddb5-4fa4-a97d-d965ccfc6d4b" outcome="Passed" testListId="8c84fa94-04c1-424b-9868-57a2d4851a1d" relativeResultsDirectory="08a0c6b4-6836-4da4-9406-6ce15191f696" />
    <UnitTestResult executionId="5979d919-2195-4dc6-a159-60f3a4ce7a64" testId="bdcbf746-2a4b-43ac-b99f-698fb3050c90" testName="FormatToStringTest1000 (31290.71396233687,31290.71 zł)" computerName="DESKTOP-5URQ9PB" duration="00:00:00.0000064" startTime="2022-06-13T21:12:26.2886430+02:00" endTime="2022-06-13T21:12:26.2887183+02:00" testType="13cdc9d9-ddb5-4fa4-a97d-d965ccfc6d4b" outcome="Passed" testListId="8c84fa94-04c1-424b-9868-57a2d4851a1d" relativeResultsDirectory="5979d919-2195-4dc6-a159-60f3a4ce7a64" />
    <UnitTestResult executionId="c5dac4b1-9bed-4be2-84d3-d4a78be91971" testId="e5450045-0ea8-4115-b631-6892cb4fdbb4" testName="FormatToStringTest1000 (60299.23738666309,60299.24 zł)" computerName="DESKTOP-5URQ9PB" duration="00:00:00.0000063" startTime="2022-06-13T21:12:26.4459509+02:00" endTime="2022-06-13T21:12:26.4460179+02:00" testType="13cdc9d9-ddb5-4fa4-a97d-d965ccfc6d4b" outcome="Passed" testListId="8c84fa94-04c1-424b-9868-57a2d4851a1d" relativeResultsDirectory="c5dac4b1-9bed-4be2-84d3-d4a78be91971" />
    <UnitTestResult executionId="3edc811c-7a67-4186-866e-dce6c90d4c19" testId="bce4e219-5c71-4889-a312-174180ded5d2" testName="FormatToStringTest1000 (48654.65723134794,48654.66 zł)" computerName="DESKTOP-5URQ9PB" duration="00:00:00.0000065" startTime="2022-06-13T21:12:26.3881814+02:00" endTime="2022-06-13T21:12:26.3882497+02:00" testType="13cdc9d9-ddb5-4fa4-a97d-d965ccfc6d4b" outcome="Passed" testListId="8c84fa94-04c1-424b-9868-57a2d4851a1d" relativeResultsDirectory="3edc811c-7a67-4186-866e-dce6c90d4c19" />
    <UnitTestResult executionId="426add85-7d0f-45f0-80d8-de55fb0a7174" testId="51c5b026-7648-416f-bdb5-442e06479dd2" testName="FormatToStringTest1000 (3649.9254912836127,3649.93 zł)" computerName="DESKTOP-5URQ9PB" duration="00:00:00.0000072" startTime="2022-06-13T21:12:26.5897968+02:00" endTime="2022-06-13T21:12:26.5898736+02:00" testType="13cdc9d9-ddb5-4fa4-a97d-d965ccfc6d4b" outcome="Passed" testListId="8c84fa94-04c1-424b-9868-57a2d4851a1d" relativeResultsDirectory="426add85-7d0f-45f0-80d8-de55fb0a7174" />
    <UnitTestResult executionId="811509c7-f02e-4d85-9bd8-6670b2d81fcf" testId="8d19f3ef-3440-4c91-8374-22037ae019da" testName="FormatToStringTest1000 (24768.25771770359,24768.26 zł)" computerName="DESKTOP-5URQ9PB" duration="00:00:00.0000062" startTime="2022-06-13T21:12:26.3856096+02:00" endTime="2022-06-13T21:12:26.3856765+02:00" testType="13cdc9d9-ddb5-4fa4-a97d-d965ccfc6d4b" outcome="Passed" testListId="8c84fa94-04c1-424b-9868-57a2d4851a1d" relativeResultsDirectory="811509c7-f02e-4d85-9bd8-6670b2d81fcf" />
    <UnitTestResult executionId="e0df2448-6bf7-4765-88cd-b236b4e8a508" testId="85444651-0c3d-46a7-911e-1ca87aea88d0" testName="FormatToStringTest1000 (40889.35187774214,40889.35 zł)" computerName="DESKTOP-5URQ9PB" duration="00:00:00.0000083" startTime="2022-06-13T21:12:26.5450808+02:00" endTime="2022-06-13T21:12:26.5451591+02:00" testType="13cdc9d9-ddb5-4fa4-a97d-d965ccfc6d4b" outcome="Passed" testListId="8c84fa94-04c1-424b-9868-57a2d4851a1d" relativeResultsDirectory="e0df2448-6bf7-4765-88cd-b236b4e8a508" />
    <UnitTestResult executionId="6c2cbd0d-3ec9-4614-8ca2-a59a0345e953" testId="8bbec8e4-c6c4-46f8-907d-3675b9213dc3" testName="FormatToStringTest1000 (7975.276658828965,7975.28 zł)" computerName="DESKTOP-5URQ9PB" duration="00:00:00.0000064" startTime="2022-06-13T21:12:26.4549903+02:00" endTime="2022-06-13T21:12:26.4550579+02:00" testType="13cdc9d9-ddb5-4fa4-a97d-d965ccfc6d4b" outcome="Passed" testListId="8c84fa94-04c1-424b-9868-57a2d4851a1d" relativeResultsDirectory="6c2cbd0d-3ec9-4614-8ca2-a59a0345e953" />
    <UnitTestResult executionId="7e596ce5-4a04-49d4-b142-0e37373cc2ef" testId="631016b5-9085-4a24-b619-6676bdfea991" testName="FormatToStringTest1000 (25116.590135570892,25116.59 zł)" computerName="DESKTOP-5URQ9PB" duration="00:00:00.0000061" startTime="2022-06-13T21:12:26.3946095+02:00" endTime="2022-06-13T21:12:26.3946764+02:00" testType="13cdc9d9-ddb5-4fa4-a97d-d965ccfc6d4b" outcome="Passed" testListId="8c84fa94-04c1-424b-9868-57a2d4851a1d" relativeResultsDirectory="7e596ce5-4a04-49d4-b142-0e37373cc2ef" />
    <UnitTestResult executionId="2b32c3d3-13f5-492d-81bd-0c0c433612a5" testId="d68f8fd0-e592-4341-a5a9-9dfac9ea3ba3" testName="FormatToStringTest1000 (10641.263377953444,10641.26 zł)" computerName="DESKTOP-5URQ9PB" duration="00:00:00.0000062" startTime="2022-06-13T21:12:26.3789247+02:00" endTime="2022-06-13T21:12:26.3789912+02:00" testType="13cdc9d9-ddb5-4fa4-a97d-d965ccfc6d4b" outcome="Passed" testListId="8c84fa94-04c1-424b-9868-57a2d4851a1d" relativeResultsDirectory="2b32c3d3-13f5-492d-81bd-0c0c433612a5" />
    <UnitTestResult executionId="92fa6817-31b6-4771-b022-0629325480d5" testId="08d94a94-c8c3-4a98-9031-a38452cc1344" testName="FormatToStringTest1000 (96022.24851977557,96022.25 zł)" computerName="DESKTOP-5URQ9PB" duration="00:00:00.0000064" startTime="2022-06-13T21:12:26.5294309+02:00" endTime="2022-06-13T21:12:26.5294955+02:00" testType="13cdc9d9-ddb5-4fa4-a97d-d965ccfc6d4b" outcome="Passed" testListId="8c84fa94-04c1-424b-9868-57a2d4851a1d" relativeResultsDirectory="92fa6817-31b6-4771-b022-0629325480d5" />
    <UnitTestResult executionId="a192267d-aa91-4732-be24-837519c0a49c" testId="5dc36c49-698c-4379-8198-2162cbec6fa3" testName="FormatToStringTest1000 (7891.960478953067,7891.96 zł)" computerName="DESKTOP-5URQ9PB" duration="00:00:00.0000067" startTime="2022-06-13T21:12:26.4145977+02:00" endTime="2022-06-13T21:12:26.4146651+02:00" testType="13cdc9d9-ddb5-4fa4-a97d-d965ccfc6d4b" outcome="Passed" testListId="8c84fa94-04c1-424b-9868-57a2d4851a1d" relativeResultsDirectory="a192267d-aa91-4732-be24-837519c0a49c" />
    <UnitTestResult executionId="fe87b2ad-0cf2-4f39-8168-a1e1f5c5ac38" testId="a02334a3-c891-40a7-964f-5de014cc29ad" testName="FormatToStringTest1000 (11912.404131636213,11912.40 zł)" computerName="DESKTOP-5URQ9PB" duration="00:00:00.0000067" startTime="2022-06-13T21:12:26.2990900+02:00" endTime="2022-06-13T21:12:26.2991712+02:00" testType="13cdc9d9-ddb5-4fa4-a97d-d965ccfc6d4b" outcome="Passed" testListId="8c84fa94-04c1-424b-9868-57a2d4851a1d" relativeResultsDirectory="fe87b2ad-0cf2-4f39-8168-a1e1f5c5ac38" />
    <UnitTestResult executionId="c5d483ab-f780-4ccf-8187-3be09bd5134a" testId="1e9ba700-277d-4802-a31b-186f05fbafe9" testName="FormatToStringTest1000 (7004.710832051798,7004.71 zł)" computerName="DESKTOP-5URQ9PB" duration="00:00:00.0000062" startTime="2022-06-13T21:12:26.5665495+02:00" endTime="2022-06-13T21:12:26.5666142+02:00" testType="13cdc9d9-ddb5-4fa4-a97d-d965ccfc6d4b" outcome="Passed" testListId="8c84fa94-04c1-424b-9868-57a2d4851a1d" relativeResultsDirectory="c5d483ab-f780-4ccf-8187-3be09bd5134a" />
    <UnitTestResult executionId="d9eb470e-f481-450c-8e7f-e27cd500ac18" testId="40d6b03a-e7fe-4ba8-b8e2-76233ab8b93f" testName="FormatToStringTest1000 (22367.991005544547,22367.99 zł)" computerName="DESKTOP-5URQ9PB" duration="00:00:00.0000076" startTime="2022-06-13T21:12:26.5070079+02:00" endTime="2022-06-13T21:12:26.5070758+02:00" testType="13cdc9d9-ddb5-4fa4-a97d-d965ccfc6d4b" outcome="Passed" testListId="8c84fa94-04c1-424b-9868-57a2d4851a1d" relativeResultsDirectory="d9eb470e-f481-450c-8e7f-e27cd500ac18" />
    <UnitTestResult executionId="352ce410-ee6e-4467-a6a2-906e31b3f246" testId="8b1f02a9-4c40-40a3-a9ca-1a3967fc4015" testName="FormatToStringTest1000 (31163.834562352316,31163.83 zł)" computerName="DESKTOP-5URQ9PB" duration="00:00:00.0000062" startTime="2022-06-13T21:12:26.5376549+02:00" endTime="2022-06-13T21:12:26.5377198+02:00" testType="13cdc9d9-ddb5-4fa4-a97d-d965ccfc6d4b" outcome="Passed" testListId="8c84fa94-04c1-424b-9868-57a2d4851a1d" relativeResultsDirectory="352ce410-ee6e-4467-a6a2-906e31b3f246" />
    <UnitTestResult executionId="c6a4a742-4507-47c2-9d66-19dede1660eb" testId="53f39933-13f3-4f15-b292-a2d530077174" testName="FormatToStringTest1000 (3503.9809179231434,3503.98 zł)" computerName="DESKTOP-5URQ9PB" duration="00:00:00.0000064" startTime="2022-06-13T21:12:26.4430881+02:00" endTime="2022-06-13T21:12:26.4431597+02:00" testType="13cdc9d9-ddb5-4fa4-a97d-d965ccfc6d4b" outcome="Passed" testListId="8c84fa94-04c1-424b-9868-57a2d4851a1d" relativeResultsDirectory="c6a4a742-4507-47c2-9d66-19dede1660eb" />
    <UnitTestResult executionId="ceb2d9ef-6bc2-4357-8d40-347afd4d84a0" testId="b72fcf22-0733-49c9-a405-dafd563a3952" testName="FormatToStringTest1000 (18340.935049000167,18340.94 zł)" computerName="DESKTOP-5URQ9PB" duration="00:00:00.0000063" startTime="2022-06-13T21:12:26.3329084+02:00" endTime="2022-06-13T21:12:26.3329751+02:00" testType="13cdc9d9-ddb5-4fa4-a97d-d965ccfc6d4b" outcome="Passed" testListId="8c84fa94-04c1-424b-9868-57a2d4851a1d" relativeResultsDirectory="ceb2d9ef-6bc2-4357-8d40-347afd4d84a0" />
    <UnitTestResult executionId="c805c8e8-efde-42b2-828e-ab4a8b4e9bdb" testId="30bec4e6-2c87-481d-b4f6-056906409f00" testName="FormatToStringTest1000 (22197.731451777618,22197.73 zł)" computerName="DESKTOP-5URQ9PB" duration="00:00:00.0000063" startTime="2022-06-13T21:12:26.4488842+02:00" endTime="2022-06-13T21:12:26.4489516+02:00" testType="13cdc9d9-ddb5-4fa4-a97d-d965ccfc6d4b" outcome="Passed" testListId="8c84fa94-04c1-424b-9868-57a2d4851a1d" relativeResultsDirectory="c805c8e8-efde-42b2-828e-ab4a8b4e9bdb" />
    <UnitTestResult executionId="1cb77e8c-176f-4c94-b31a-7dd6c6b0ca60" testId="f6b2bbe7-c38a-4382-88ff-4482d2dbac8a" testName="FormatToStringTest1000 (14172.682747822573,14172.68 zł)" computerName="DESKTOP-5URQ9PB" duration="00:00:00.0000064" startTime="2022-06-13T21:12:26.2759323+02:00" endTime="2022-06-13T21:12:26.2760028+02:00" testType="13cdc9d9-ddb5-4fa4-a97d-d965ccfc6d4b" outcome="Passed" testListId="8c84fa94-04c1-424b-9868-57a2d4851a1d" relativeResultsDirectory="1cb77e8c-176f-4c94-b31a-7dd6c6b0ca60" />
    <UnitTestResult executionId="0a7c0b79-2175-4439-997c-9509e3389eec" testId="2bf20946-c6e8-4b36-8a2a-daad5f0271e9" testName="FormatToStringTest1000 (8908.080586221107,8908.08 zł)" computerName="DESKTOP-5URQ9PB" duration="00:00:00.0000064" startTime="2022-06-13T21:12:26.3353611+02:00" endTime="2022-06-13T21:12:26.3354294+02:00" testType="13cdc9d9-ddb5-4fa4-a97d-d965ccfc6d4b" outcome="Passed" testListId="8c84fa94-04c1-424b-9868-57a2d4851a1d" relativeResultsDirectory="0a7c0b79-2175-4439-997c-9509e3389eec" />
    <UnitTestResult executionId="978727ac-f1c5-4ae0-a151-89b82cc6d591" testId="000d39fb-52f8-4345-9a2e-08a8af2420df" testName="FormatToStringTest1000 (52020.805412759444,52020.81 zł)" computerName="DESKTOP-5URQ9PB" duration="00:00:00.0000064" startTime="2022-06-13T21:12:26.2889203+02:00" endTime="2022-06-13T21:12:26.2889933+02:00" testType="13cdc9d9-ddb5-4fa4-a97d-d965ccfc6d4b" outcome="Passed" testListId="8c84fa94-04c1-424b-9868-57a2d4851a1d" relativeResultsDirectory="978727ac-f1c5-4ae0-a151-89b82cc6d591" />
    <UnitTestResult executionId="a29df33a-d02c-4d7e-999d-31bd0ca89f60" testId="85ca85e3-5fd8-40ae-9536-cb2fffe88d59" testName="FormatToStringTest1000 (20752.33758466334,20752.34 zł)" computerName="DESKTOP-5URQ9PB" duration="00:00:00.0000068" startTime="2022-06-13T21:12:26.3913887+02:00" endTime="2022-06-13T21:12:26.3914571+02:00" testType="13cdc9d9-ddb5-4fa4-a97d-d965ccfc6d4b" outcome="Passed" testListId="8c84fa94-04c1-424b-9868-57a2d4851a1d" relativeResultsDirectory="a29df33a-d02c-4d7e-999d-31bd0ca89f60" />
    <UnitTestResult executionId="373c79bc-4fb9-4293-855f-1de1f31c16ea" testId="14323242-28a3-464e-aa0b-b4a374f9511d" testName="FormatToStringTest1000 (22791.735381432685,22791.74 zł)" computerName="DESKTOP-5URQ9PB" duration="00:00:00.0000062" startTime="2022-06-13T21:12:26.3572443+02:00" endTime="2022-06-13T21:12:26.3573110+02:00" testType="13cdc9d9-ddb5-4fa4-a97d-d965ccfc6d4b" outcome="Passed" testListId="8c84fa94-04c1-424b-9868-57a2d4851a1d" relativeResultsDirectory="373c79bc-4fb9-4293-855f-1de1f31c16ea" />
    <UnitTestResult executionId="a5b7e6e4-49e3-4ab6-a5f3-b5b897db2045" testId="a41445b4-4fa9-4a0b-9ae7-aaf26f957cf7" testName="FormatToStringTest1000 (13414.3551766441,13414.36 zł)" computerName="DESKTOP-5URQ9PB" duration="00:00:00.0000073" startTime="2022-06-13T21:12:26.3856940+02:00" endTime="2022-06-13T21:12:26.3857691+02:00" testType="13cdc9d9-ddb5-4fa4-a97d-d965ccfc6d4b" outcome="Passed" testListId="8c84fa94-04c1-424b-9868-57a2d4851a1d" relativeResultsDirectory="a5b7e6e4-49e3-4ab6-a5f3-b5b897db2045" />
    <UnitTestResult executionId="98649604-3944-40ef-8a48-05d5d1e5b344" testId="853541d3-871a-4194-8faa-cb10f7cfaac2" testName="FormatToStringTest1000 (9994.9471861026,9994.95 zł)" computerName="DESKTOP-5URQ9PB" duration="00:00:00.0000067" startTime="2022-06-13T21:12:26.3641228+02:00" endTime="2022-06-13T21:12:26.3642016+02:00" testType="13cdc9d9-ddb5-4fa4-a97d-d965ccfc6d4b" outcome="Passed" testListId="8c84fa94-04c1-424b-9868-57a2d4851a1d" relativeResultsDirectory="98649604-3944-40ef-8a48-05d5d1e5b344" />
    <UnitTestResult executionId="a181a749-eaa8-475f-924b-705efe6fed7c" testId="d33e3f77-2496-4424-b650-682f85088453" testName="FormatToStringTest1000 (759.247198292635,759.25 zł)" computerName="DESKTOP-5URQ9PB" duration="00:00:00.0000064" startTime="2022-06-13T21:12:26.3706846+02:00" endTime="2022-06-13T21:12:26.3707605+02:00" testType="13cdc9d9-ddb5-4fa4-a97d-d965ccfc6d4b" outcome="Passed" testListId="8c84fa94-04c1-424b-9868-57a2d4851a1d" relativeResultsDirectory="a181a749-eaa8-475f-924b-705efe6fed7c" />
    <UnitTestResult executionId="a55f54a3-af65-4028-80f4-baaaca61168e" testId="82340201-ac6f-4e10-84ba-5844aa0710fa" testName="FormatToStringTest1000 (26858.35647848731,26858.36 zł)" computerName="DESKTOP-5URQ9PB" duration="00:00:00.0000062" startTime="2022-06-13T21:12:26.5071890+02:00" endTime="2022-06-13T21:12:26.5072572+02:00" testType="13cdc9d9-ddb5-4fa4-a97d-d965ccfc6d4b" outcome="Passed" testListId="8c84fa94-04c1-424b-9868-57a2d4851a1d" relativeResultsDirectory="a55f54a3-af65-4028-80f4-baaaca61168e" />
    <UnitTestResult executionId="c8261be7-7db9-46ec-a859-5a59eb732285" testId="07f30ccc-6329-4152-93b7-f5281ebfcb7c" testName="FormatToStringTest1000 (1011.9989482094529,1012.00 zł)" computerName="DESKTOP-5URQ9PB" duration="00:00:00.0000063" startTime="2022-06-13T21:12:26.5015826+02:00" endTime="2022-06-13T21:12:26.5016584+02:00" testType="13cdc9d9-ddb5-4fa4-a97d-d965ccfc6d4b" outcome="Passed" testListId="8c84fa94-04c1-424b-9868-57a2d4851a1d" relativeResultsDirectory="c8261be7-7db9-46ec-a859-5a59eb732285" />
    <UnitTestResult executionId="f5091cba-c46b-4ef6-a3b3-92a61afaf30e" testId="99801779-8eb0-411c-9548-7706a4ac6fda" testName="FormatToStringTest1000 (97129.75160633575,97129.75 zł)" computerName="DESKTOP-5URQ9PB" duration="00:00:00.0000061" startTime="2022-06-13T21:12:26.3790082+02:00" endTime="2022-06-13T21:12:26.3790753+02:00" testType="13cdc9d9-ddb5-4fa4-a97d-d965ccfc6d4b" outcome="Passed" testListId="8c84fa94-04c1-424b-9868-57a2d4851a1d" relativeResultsDirectory="f5091cba-c46b-4ef6-a3b3-92a61afaf30e" />
    <UnitTestResult executionId="de15d88e-0ff2-4d2f-9e48-207669d6955e" testId="bd7fb085-546d-4a3a-8a5e-cad7b9b20b33" testName="FormatToStringTest1000 (13323.876109275909,13323.88 zł)" computerName="DESKTOP-5URQ9PB" duration="00:00:00.0000063" startTime="2022-06-13T21:12:26.5614119+02:00" endTime="2022-06-13T21:12:26.5614769+02:00" testType="13cdc9d9-ddb5-4fa4-a97d-d965ccfc6d4b" outcome="Passed" testListId="8c84fa94-04c1-424b-9868-57a2d4851a1d" relativeResultsDirectory="de15d88e-0ff2-4d2f-9e48-207669d6955e" />
    <UnitTestResult executionId="cb342b8a-c981-4e68-a40b-20159f638ac4" testId="e8658a34-eff0-4ec0-81a3-c8f738862434" testName="FormatToStringTest1000 (658.7555888573431,658.76 zł)" computerName="DESKTOP-5URQ9PB" duration="00:00:00.0000062" startTime="2022-06-13T21:12:26.4265571+02:00" endTime="2022-06-13T21:12:26.4266235+02:00" testType="13cdc9d9-ddb5-4fa4-a97d-d965ccfc6d4b" outcome="Passed" testListId="8c84fa94-04c1-424b-9868-57a2d4851a1d" relativeResultsDirectory="cb342b8a-c981-4e68-a40b-20159f638ac4" />
    <UnitTestResult executionId="520e43fc-e396-4ae7-abc6-0febc595869b" testId="2940a866-e077-4e49-ac07-3cfd0477e579" testName="FormatToStringTest1000 (95071.15957335343,95071.16 zł)" computerName="DESKTOP-5URQ9PB" duration="00:00:00.0000081" startTime="2022-06-13T21:12:26.5130167+02:00" endTime="2022-06-13T21:12:26.5131076+02:00" testType="13cdc9d9-ddb5-4fa4-a97d-d965ccfc6d4b" outcome="Passed" testListId="8c84fa94-04c1-424b-9868-57a2d4851a1d" relativeResultsDirectory="520e43fc-e396-4ae7-abc6-0febc595869b" />
    <UnitTestResult executionId="1389c7d1-5f8c-4ed0-a9a7-623b4ca4cc08" testId="f4ba6910-eca3-46e2-9b18-20a5c8c4b178" testName="FormatToStringTest1000 (15907.394871033446,15907.39 zł)" computerName="DESKTOP-5URQ9PB" duration="00:00:00.0000062" startTime="2022-06-13T21:12:26.4965845+02:00" endTime="2022-06-13T21:12:26.4966504+02:00" testType="13cdc9d9-ddb5-4fa4-a97d-d965ccfc6d4b" outcome="Passed" testListId="8c84fa94-04c1-424b-9868-57a2d4851a1d" relativeResultsDirectory="1389c7d1-5f8c-4ed0-a9a7-623b4ca4cc08" />
    <UnitTestResult executionId="ed100e86-4a50-48af-b254-b256b27d23bb" testId="bbafcbbc-abfc-4206-abf6-5ff5dce9ad64" testName="FormatToStringTest1000 (82228.32322510486,82228.32 zł)" computerName="DESKTOP-5URQ9PB" duration="00:00:00.0000063" startTime="2022-06-13T21:12:26.4686653+02:00" endTime="2022-06-13T21:12:26.4687334+02:00" testType="13cdc9d9-ddb5-4fa4-a97d-d965ccfc6d4b" outcome="Passed" testListId="8c84fa94-04c1-424b-9868-57a2d4851a1d" relativeResultsDirectory="ed100e86-4a50-48af-b254-b256b27d23bb" />
    <UnitTestResult executionId="7afe8673-4056-4c4c-ba45-652e80f2b04a" testId="e57da9b1-6cad-4a32-bf22-98eec0e8abb4" testName="FormatToStringTest1000 (20321.03715103913,20321.04 zł)" computerName="DESKTOP-5URQ9PB" duration="00:00:00.0000064" startTime="2022-06-13T21:12:26.4007789+02:00" endTime="2022-06-13T21:12:26.4008461+02:00" testType="13cdc9d9-ddb5-4fa4-a97d-d965ccfc6d4b" outcome="Passed" testListId="8c84fa94-04c1-424b-9868-57a2d4851a1d" relativeResultsDirectory="7afe8673-4056-4c4c-ba45-652e80f2b04a" />
    <UnitTestResult executionId="0bd403a0-4c6e-422a-aac9-46585a16d058" testId="79a88cca-1f3f-47fc-abd5-c8ddaf8c5a0b" testName="FormatToStringTest1000 (1687.6029180025694,1687.60 zł)" computerName="DESKTOP-5URQ9PB" duration="00:00:00.0000064" startTime="2022-06-13T21:12:26.3674067+02:00" endTime="2022-06-13T21:12:26.3674849+02:00" testType="13cdc9d9-ddb5-4fa4-a97d-d965ccfc6d4b" outcome="Passed" testListId="8c84fa94-04c1-424b-9868-57a2d4851a1d" relativeResultsDirectory="0bd403a0-4c6e-422a-aac9-46585a16d058" />
    <UnitTestResult executionId="1eb26fca-e35a-4b5d-b779-27163eb66243" testId="371240d7-7f83-4b85-afc4-45e4e3530934" testName="FormatToStringTest1000 (4525.609305084501,4525.61 zł)" computerName="DESKTOP-5URQ9PB" duration="00:00:00.0000070" startTime="2022-06-13T21:12:26.5072742+02:00" endTime="2022-06-13T21:12:26.5073407+02:00" testType="13cdc9d9-ddb5-4fa4-a97d-d965ccfc6d4b" outcome="Passed" testListId="8c84fa94-04c1-424b-9868-57a2d4851a1d" relativeResultsDirectory="1eb26fca-e35a-4b5d-b779-27163eb66243" />
    <UnitTestResult executionId="66b2feb9-51d4-428f-ba29-f8e32d49c0b7" testId="50de27e6-4d23-4ec9-8869-8f7366f577db" testName="FormatToStringTest1000 (14198.39903067723,14198.40 zł)" computerName="DESKTOP-5URQ9PB" duration="00:00:00.0000063" startTime="2022-06-13T21:12:26.5806465+02:00" endTime="2022-06-13T21:12:26.5807119+02:00" testType="13cdc9d9-ddb5-4fa4-a97d-d965ccfc6d4b" outcome="Passed" testListId="8c84fa94-04c1-424b-9868-57a2d4851a1d" relativeResultsDirectory="66b2feb9-51d4-428f-ba29-f8e32d49c0b7" />
    <UnitTestResult executionId="c0d4ac5b-c6f9-49b0-bf90-c03ea969f1a7" testId="65f47ee5-e55b-43a3-adb9-9429be59c101" testName="FormatToStringTest1000 (30320.450517486992,30320.45 zł)" computerName="DESKTOP-5URQ9PB" duration="00:00:00.0000063" startTime="2022-06-13T21:12:26.4397974+02:00" endTime="2022-06-13T21:12:26.4398660+02:00" testType="13cdc9d9-ddb5-4fa4-a97d-d965ccfc6d4b" outcome="Passed" testListId="8c84fa94-04c1-424b-9868-57a2d4851a1d" relativeResultsDirectory="c0d4ac5b-c6f9-49b0-bf90-c03ea969f1a7" />
    <UnitTestResult executionId="bbfa2fa5-43dc-445f-aff6-e248b2fdcc5b" testId="183531e1-decf-4a47-824d-fdb25a40287d" testName="FormatToStringTest1000 (33413.381276228174,33413.38 zł)" computerName="DESKTOP-5URQ9PB" duration="00:00:00.0000087" startTime="2022-06-13T21:12:26.4109342+02:00" endTime="2022-06-13T21:12:26.4110313+02:00" testType="13cdc9d9-ddb5-4fa4-a97d-d965ccfc6d4b" outcome="Passed" testListId="8c84fa94-04c1-424b-9868-57a2d4851a1d" relativeResultsDirectory="bbfa2fa5-43dc-445f-aff6-e248b2fdcc5b" />
    <UnitTestResult executionId="1995ac51-7280-4973-b9cc-d274912aea9b" testId="6512c4f8-1e32-4d2d-a44f-5cf93b7cddbf" testName="FormatToStringTest1000 (19189.813662191766,19189.81 zł)" computerName="DESKTOP-5URQ9PB" duration="00:00:00.0000096" startTime="2022-06-13T21:12:26.4078270+02:00" endTime="2022-06-13T21:12:26.4079532+02:00" testType="13cdc9d9-ddb5-4fa4-a97d-d965ccfc6d4b" outcome="Passed" testListId="8c84fa94-04c1-424b-9868-57a2d4851a1d" relativeResultsDirectory="1995ac51-7280-4973-b9cc-d274912aea9b" />
    <UnitTestResult executionId="1f0ceb43-27f2-433e-ad78-22fa6456487a" testId="afb71ce0-6dd3-4c02-b80d-968622cc6e60" testName="FormatToStringTest1000 (835.1578487740633,835.16 zł)" computerName="DESKTOP-5URQ9PB" duration="00:00:00.0000062" startTime="2022-06-13T21:12:26.4691770+02:00" endTime="2022-06-13T21:12:26.4692440+02:00" testType="13cdc9d9-ddb5-4fa4-a97d-d965ccfc6d4b" outcome="Passed" testListId="8c84fa94-04c1-424b-9868-57a2d4851a1d" relativeResultsDirectory="1f0ceb43-27f2-433e-ad78-22fa6456487a" />
    <UnitTestResult executionId="77b1a71d-738d-48a0-b9ab-4929c03fa5a6" testId="a5fc410e-02f2-4c11-b54f-489b0c2168b6" testName="FormatToStringTest1000 (66053.95451852398,66053.95 zł)" computerName="DESKTOP-5URQ9PB" duration="00:00:00.0000064" startTime="2022-06-13T21:12:26.4366573+02:00" endTime="2022-06-13T21:12:26.4367250+02:00" testType="13cdc9d9-ddb5-4fa4-a97d-d965ccfc6d4b" outcome="Passed" testListId="8c84fa94-04c1-424b-9868-57a2d4851a1d" relativeResultsDirectory="77b1a71d-738d-48a0-b9ab-4929c03fa5a6" />
    <UnitTestResult executionId="651d8b41-fafe-4848-969f-a620634f12ab" testId="39678492-d07f-4053-a7c8-95976535b1cb" testName="FormatToStringTest1000 (1649.0127968480872,1649.01 zł)" computerName="DESKTOP-5URQ9PB" duration="00:00:00.0000063" startTime="2022-06-13T21:12:26.2887355+02:00" endTime="2022-06-13T21:12:26.2888094+02:00" testType="13cdc9d9-ddb5-4fa4-a97d-d965ccfc6d4b" outcome="Passed" testListId="8c84fa94-04c1-424b-9868-57a2d4851a1d" relativeResultsDirectory="651d8b41-fafe-4848-969f-a620634f12ab" />
    <UnitTestResult executionId="05220964-ec9a-4fc3-ba72-a4d212e52366" testId="6cae2177-5789-4a36-a16e-87fdddd3e88b" testName="FormatToStringTest1000 (18208.8422650126,18208.84 zł)" computerName="DESKTOP-5URQ9PB" duration="00:00:00.0000064" startTime="2022-06-13T21:12:26.3604276+02:00" endTime="2022-06-13T21:12:26.3604924+02:00" testType="13cdc9d9-ddb5-4fa4-a97d-d965ccfc6d4b" outcome="Passed" testListId="8c84fa94-04c1-424b-9868-57a2d4851a1d" relativeResultsDirectory="05220964-ec9a-4fc3-ba72-a4d212e52366" />
    <UnitTestResult executionId="69684b13-ee72-4f0b-88a1-cda885be4055" testId="98fdb36a-66fb-4a3d-997c-67dd7a94cdb1" testName="FormatToStringTest1000 (31799.68317462815,31799.68 zł)" computerName="DESKTOP-5URQ9PB" duration="00:00:00.0000474" startTime="2022-06-13T21:12:26.4785217+02:00" endTime="2022-06-13T21:12:26.4790674+02:00" testType="13cdc9d9-ddb5-4fa4-a97d-d965ccfc6d4b" outcome="Passed" testListId="8c84fa94-04c1-424b-9868-57a2d4851a1d" relativeResultsDirectory="69684b13-ee72-4f0b-88a1-cda885be4055" />
    <UnitTestResult executionId="60dd608f-106a-4f2c-bc58-8236f59a98d4" testId="5351801c-c443-4726-af0d-3712a22ced5a" testName="FormatToStringTest1000 (9190.067404299076,9190.07 zł)" computerName="DESKTOP-5URQ9PB" duration="00:00:00.0000063" startTime="2022-06-13T21:12:26.5649386+02:00" endTime="2022-06-13T21:12:26.5650036+02:00" testType="13cdc9d9-ddb5-4fa4-a97d-d965ccfc6d4b" outcome="Passed" testListId="8c84fa94-04c1-424b-9868-57a2d4851a1d" relativeResultsDirectory="60dd608f-106a-4f2c-bc58-8236f59a98d4" />
    <UnitTestResult executionId="6fdd4b10-3802-42fe-8de5-bcd5f805f09c" testId="461581c3-024c-4b0f-ad39-5bf92f62537d" testName="FormatToStringTest1000 (10370.0107542784,10370.01 zł)" computerName="DESKTOP-5URQ9PB" duration="00:00:00.0000074" startTime="2022-06-13T21:12:26.4487884+02:00" endTime="2022-06-13T21:12:26.4488648+02:00" testType="13cdc9d9-ddb5-4fa4-a97d-d965ccfc6d4b" outcome="Passed" testListId="8c84fa94-04c1-424b-9868-57a2d4851a1d" relativeResultsDirectory="6fdd4b10-3802-42fe-8de5-bcd5f805f09c" />
    <UnitTestResult executionId="89a38bdb-4699-4d7f-bc90-bb622b7f9e8b" testId="a0446e79-618a-4357-bcb8-fd1186222dac" testName="FormatToStringTest1000 (20623.53139885493,20623.53 zł)" computerName="DESKTOP-5URQ9PB" duration="00:00:00.0000071" startTime="2022-06-13T21:12:26.3292289+02:00" endTime="2022-06-13T21:12:26.3293226+02:00" testType="13cdc9d9-ddb5-4fa4-a97d-d965ccfc6d4b" outcome="Passed" testListId="8c84fa94-04c1-424b-9868-57a2d4851a1d" relativeResultsDirectory="89a38bdb-4699-4d7f-bc90-bb622b7f9e8b" />
    <UnitTestResult executionId="2cedfbc5-a595-4f07-9921-eee6825caf0e" testId="d5d621df-0455-4f20-8c59-28bf93773959" testName="FormatToStringTest1000 (24528.124092612474,24528.12 zł)" computerName="DESKTOP-5URQ9PB" duration="00:00:00.0000062" startTime="2022-06-13T21:12:26.3823847+02:00" endTime="2022-06-13T21:12:26.3824514+02:00" testType="13cdc9d9-ddb5-4fa4-a97d-d965ccfc6d4b" outcome="Passed" testListId="8c84fa94-04c1-424b-9868-57a2d4851a1d" relativeResultsDirectory="2cedfbc5-a595-4f07-9921-eee6825caf0e" />
    <UnitTestResult executionId="7c7fa3df-08d1-41ae-9112-77894e7c6d81" testId="35b09765-e55e-44e2-afa1-8680a4108bfb" testName="FormatToStringTest1000 (28068.20530246394,28068.21 zł)" computerName="DESKTOP-5URQ9PB" duration="00:00:00.0000062" startTime="2022-06-13T21:12:26.4237424+02:00" endTime="2022-06-13T21:12:26.4238085+02:00" testType="13cdc9d9-ddb5-4fa4-a97d-d965ccfc6d4b" outcome="Passed" testListId="8c84fa94-04c1-424b-9868-57a2d4851a1d" relativeResultsDirectory="7c7fa3df-08d1-41ae-9112-77894e7c6d81" />
    <UnitTestResult executionId="c9644200-a9d0-4fd4-a0ae-f9700816088a" testId="a9dca899-acb8-4968-8791-139e41e8b2ec" testName="FormatToStringTest1000 (28155.26504817664,28155.27 zł)" computerName="DESKTOP-5URQ9PB" duration="00:00:00.0000062" startTime="2022-06-13T21:12:26.4084939+02:00" endTime="2022-06-13T21:12:26.4085604+02:00" testType="13cdc9d9-ddb5-4fa4-a97d-d965ccfc6d4b" outcome="Passed" testListId="8c84fa94-04c1-424b-9868-57a2d4851a1d" relativeResultsDirectory="c9644200-a9d0-4fd4-a0ae-f9700816088a" />
    <UnitTestResult executionId="61524129-39db-4d7f-beff-9c17b758c023" testId="23a06e94-5388-4c96-84bf-ae06a4599cf2" testName="FormatToStringTest1000 (9867.823212210007,9867.82 zł)" computerName="DESKTOP-5URQ9PB" duration="00:00:00.0000062" startTime="2022-06-13T21:12:26.2955744+02:00" endTime="2022-06-13T21:12:26.2956474+02:00" testType="13cdc9d9-ddb5-4fa4-a97d-d965ccfc6d4b" outcome="Passed" testListId="8c84fa94-04c1-424b-9868-57a2d4851a1d" relativeResultsDirectory="61524129-39db-4d7f-beff-9c17b758c023" />
    <UnitTestResult executionId="7c0e1404-4597-4e4b-a807-a941541b3d46" testId="8de5c463-baa9-4efa-9096-07df32faa7d9" testName="FormatToStringTest1000 (78796.90433980194,78796.90 zł)" computerName="DESKTOP-5URQ9PB" duration="00:00:00.0000063" startTime="2022-06-13T21:12:26.3297255+02:00" endTime="2022-06-13T21:12:26.3297924+02:00" testType="13cdc9d9-ddb5-4fa4-a97d-d965ccfc6d4b" outcome="Passed" testListId="8c84fa94-04c1-424b-9868-57a2d4851a1d" relativeResultsDirectory="7c0e1404-4597-4e4b-a807-a941541b3d46" />
    <UnitTestResult executionId="a2ad2462-e0f2-4470-9c08-c3c828e77ca3" testId="02a7fc25-8d37-49fd-8a19-ea7558fca0bb" testName="FormatToStringTest1000 (29796.909338079815,29796.91 zł)" computerName="DESKTOP-5URQ9PB" duration="00:00:00.0000070" startTime="2022-06-13T21:12:26.5877884+02:00" endTime="2022-06-13T21:12:26.5878654+02:00" testType="13cdc9d9-ddb5-4fa4-a97d-d965ccfc6d4b" outcome="Passed" testListId="8c84fa94-04c1-424b-9868-57a2d4851a1d" relativeResultsDirectory="a2ad2462-e0f2-4470-9c08-c3c828e77ca3" />
    <UnitTestResult executionId="a8c71ba7-5c0e-46a9-b6c4-294f4e198922" testId="bea8ce69-7df1-43c3-b2f6-0096f7a1a15b" testName="FormatToStringTest1000 (41972.39431566763,41972.39 zł)" computerName="DESKTOP-5URQ9PB" duration="00:00:00.0000072" startTime="2022-06-13T21:12:26.4364521+02:00" endTime="2022-06-13T21:12:26.4365487+02:00" testType="13cdc9d9-ddb5-4fa4-a97d-d965ccfc6d4b" outcome="Passed" testListId="8c84fa94-04c1-424b-9868-57a2d4851a1d" relativeResultsDirectory="a8c71ba7-5c0e-46a9-b6c4-294f4e198922" />
    <UnitTestResult executionId="61d89cef-c88e-42f0-9a6d-8f1493d6e168" testId="ba50b139-1be1-4e52-a354-9e14d1cf752a" testName="FormatToStringTest1000 (37160.85331540269,37160.85 zł)" computerName="DESKTOP-5URQ9PB" duration="00:00:00.0000063" startTime="2022-06-13T21:12:26.3209905+02:00" endTime="2022-06-13T21:12:26.3210580+02:00" testType="13cdc9d9-ddb5-4fa4-a97d-d965ccfc6d4b" outcome="Passed" testListId="8c84fa94-04c1-424b-9868-57a2d4851a1d" relativeResultsDirectory="61d89cef-c88e-42f0-9a6d-8f1493d6e168" />
    <UnitTestResult executionId="16b57915-4dd7-4c35-9a77-e73bf94254ce" testId="2c667517-b8f5-4eb1-a6f1-bc9d704ecfd0" testName="FormatToStringTest1000 (5611.05334835176,5611.05 zł)" computerName="DESKTOP-5URQ9PB" duration="00:00:00.0000064" startTime="2022-06-13T21:12:26.4267247+02:00" endTime="2022-06-13T21:12:26.4267897+02:00" testType="13cdc9d9-ddb5-4fa4-a97d-d965ccfc6d4b" outcome="Passed" testListId="8c84fa94-04c1-424b-9868-57a2d4851a1d" relativeResultsDirectory="16b57915-4dd7-4c35-9a77-e73bf94254ce" />
    <UnitTestResult executionId="b6fc090a-ff78-4920-910f-e679e1651e66" testId="82049063-4bef-48ea-a6b2-b07a35831f00" testName="FormatToStringTest1000 (17579.823312525088,17579.82 zł)" computerName="DESKTOP-5URQ9PB" duration="00:00:00.0000064" startTime="2022-06-13T21:12:26.5180168+02:00" endTime="2022-06-13T21:12:26.5180821+02:00" testType="13cdc9d9-ddb5-4fa4-a97d-d965ccfc6d4b" outcome="Passed" testListId="8c84fa94-04c1-424b-9868-57a2d4851a1d" relativeResultsDirectory="b6fc090a-ff78-4920-910f-e679e1651e66" />
    <UnitTestResult executionId="91ffc6c5-6d4b-4576-ae30-e05e5ff0ea5f" testId="335e5288-8951-4019-b2ac-843be19ae4b9" testName="FormatToStringTest1000 (941.429400278921,941.43 zł)" computerName="DESKTOP-5URQ9PB" duration="00:00:00.0000064" startTime="2022-06-13T21:12:26.3946937+02:00" endTime="2022-06-13T21:12:26.3947591+02:00" testType="13cdc9d9-ddb5-4fa4-a97d-d965ccfc6d4b" outcome="Passed" testListId="8c84fa94-04c1-424b-9868-57a2d4851a1d" relativeResultsDirectory="91ffc6c5-6d4b-4576-ae30-e05e5ff0ea5f" />
    <UnitTestResult executionId="26efba54-c24a-4d7c-939a-dfd3998858ce" testId="f588d7c6-591f-4233-970a-1287d536765f" testName="FormatToStringTest1000 (1325.1625259114255,1325.16 zł)" computerName="DESKTOP-5URQ9PB" duration="00:00:00.0000063" startTime="2022-06-13T21:12:26.5011966+02:00" endTime="2022-06-13T21:12:26.5012835+02:00" testType="13cdc9d9-ddb5-4fa4-a97d-d965ccfc6d4b" outcome="Passed" testListId="8c84fa94-04c1-424b-9868-57a2d4851a1d" relativeResultsDirectory="26efba54-c24a-4d7c-939a-dfd3998858ce" />
    <UnitTestResult executionId="9ed13b77-5722-458c-9590-24f150a091ed" testId="a3c53cb3-41ee-487c-8520-7d8c646b389c" testName="FormatToStringTest1000 (13092.45389243609,13092.45 zł)" computerName="DESKTOP-5URQ9PB" duration="00:00:00.0000102" startTime="2022-06-13T21:12:26.5643635+02:00" endTime="2022-06-13T21:12:26.5644956+02:00" testType="13cdc9d9-ddb5-4fa4-a97d-d965ccfc6d4b" outcome="Passed" testListId="8c84fa94-04c1-424b-9868-57a2d4851a1d" relativeResultsDirectory="9ed13b77-5722-458c-9590-24f150a091ed" />
    <UnitTestResult executionId="2ff0e544-9a28-41c0-8275-ba94d39bba7e" testId="22c127a4-9935-42fe-90e3-de7b651999ba" testName="FormatToStringTest1000 (51300.77891898145,51300.78 zł)" computerName="DESKTOP-5URQ9PB" duration="00:00:00.0000254" startTime="2022-06-13T21:12:26.4905018+02:00" endTime="2022-06-13T21:12:26.4906710+02:00" testType="13cdc9d9-ddb5-4fa4-a97d-d965ccfc6d4b" outcome="Passed" testListId="8c84fa94-04c1-424b-9868-57a2d4851a1d" relativeResultsDirectory="2ff0e544-9a28-41c0-8275-ba94d39bba7e" />
    <UnitTestResult executionId="0edc6e41-eaca-4483-acaa-ed8b9b706362" testId="58ea5af9-4526-493e-ac22-7e894ca09e6c" testName="FormatToStringTest1000 (57809.74722876295,57809.75 zł)" computerName="DESKTOP-5URQ9PB" duration="00:00:00.0000065" startTime="2022-06-13T21:12:26.4458649+02:00" endTime="2022-06-13T21:12:26.4459330+02:00" testType="13cdc9d9-ddb5-4fa4-a97d-d965ccfc6d4b" outcome="Passed" testListId="8c84fa94-04c1-424b-9868-57a2d4851a1d" relativeResultsDirectory="0edc6e41-eaca-4483-acaa-ed8b9b706362" />
    <UnitTestResult executionId="09d5303d-3734-4718-9114-055127f793c2" testId="60c42bb9-0262-4e18-b68c-461fc4a31564" testName="FormatToStringTest1000 (5108.217389855635,5108.22 zł)" computerName="DESKTOP-5URQ9PB" duration="00:00:00.0000062" startTime="2022-06-13T21:12:26.3949443+02:00" endTime="2022-06-13T21:12:26.3950107+02:00" testType="13cdc9d9-ddb5-4fa4-a97d-d965ccfc6d4b" outcome="Passed" testListId="8c84fa94-04c1-424b-9868-57a2d4851a1d" relativeResultsDirectory="09d5303d-3734-4718-9114-055127f793c2" />
    <UnitTestResult executionId="37a6f587-f315-43a1-b79b-af0a111a62fe" testId="f65edad0-228c-4239-b88d-9059325c9805" testName="FormatToStringTest1000 (27506.397047390416,27506.40 zł)" computerName="DESKTOP-5URQ9PB" duration="00:00:00.0000063" startTime="2022-06-13T21:12:26.3328233+02:00" endTime="2022-06-13T21:12:26.3328899+02:00" testType="13cdc9d9-ddb5-4fa4-a97d-d965ccfc6d4b" outcome="Passed" testListId="8c84fa94-04c1-424b-9868-57a2d4851a1d" relativeResultsDirectory="37a6f587-f315-43a1-b79b-af0a111a62fe" />
    <UnitTestResult executionId="1636fbeb-6c8c-4856-9ae8-f34afc2d74d7" testId="5c15f2f4-7484-4c5b-83e9-c4e688fa3482" testName="FormatToStringTest1000 (47964.941885361884,47964.94 zł)" computerName="DESKTOP-5URQ9PB" duration="00:00:00.0000067" startTime="2022-06-13T21:12:26.3149187+02:00" endTime="2022-06-13T21:12:26.3149912+02:00" testType="13cdc9d9-ddb5-4fa4-a97d-d965ccfc6d4b" outcome="Passed" testListId="8c84fa94-04c1-424b-9868-57a2d4851a1d" relativeResultsDirectory="1636fbeb-6c8c-4856-9ae8-f34afc2d74d7" />
    <UnitTestResult executionId="25badbf6-806b-4633-8c53-5207f41a36bb" testId="a54570ab-2a98-48bf-b1f7-4d6135904d37" testName="FormatToStringTest1000 (3646.857719214101,3646.86 zł)" computerName="DESKTOP-5URQ9PB" duration="00:00:00.0000064" startTime="2022-06-13T21:12:26.4330313+02:00" endTime="2022-06-13T21:12:26.4331044+02:00" testType="13cdc9d9-ddb5-4fa4-a97d-d965ccfc6d4b" outcome="Passed" testListId="8c84fa94-04c1-424b-9868-57a2d4851a1d" relativeResultsDirectory="25badbf6-806b-4633-8c53-5207f41a36bb" />
    <UnitTestResult executionId="e23110c1-04a1-4e4c-a1c5-36554b1edf73" testId="9bc6bbeb-b261-4e10-ba4e-a5f6cb6f1082" testName="FormatToStringTest1000 (49037.8109120586,49037.81 zł)" computerName="DESKTOP-5URQ9PB" duration="00:00:00.0000076" startTime="2022-06-13T21:12:26.5684722+02:00" endTime="2022-06-13T21:12:26.5685501+02:00" testType="13cdc9d9-ddb5-4fa4-a97d-d965ccfc6d4b" outcome="Passed" testListId="8c84fa94-04c1-424b-9868-57a2d4851a1d" relativeResultsDirectory="e23110c1-04a1-4e4c-a1c5-36554b1edf73" />
    <UnitTestResult executionId="741ef9f3-72be-4bf0-ba4a-45e55f05f0d9" testId="ce3fbfba-46dc-44a2-8563-cfccc543535a" testName="FormatToStringTest1000 (653.4647999170537,653.46 zł)" computerName="DESKTOP-5URQ9PB" duration="00:00:00.0000063" startTime="2022-06-13T21:12:26.3740647+02:00" endTime="2022-06-13T21:12:26.3741378+02:00" testType="13cdc9d9-ddb5-4fa4-a97d-d965ccfc6d4b" outcome="Passed" testListId="8c84fa94-04c1-424b-9868-57a2d4851a1d" relativeResultsDirectory="741ef9f3-72be-4bf0-ba4a-45e55f05f0d9" />
    <UnitTestResult executionId="be2786a3-ee57-4695-98aa-dd2ba4cecd91" testId="9c7c11af-10bf-4a62-af05-1705f28cbcad" testName="FormatToStringTest1000 (8542.520616738833,8542.52 zł)" computerName="DESKTOP-5URQ9PB" duration="00:00:00.0000064" startTime="2022-06-13T21:12:26.5292655+02:00" endTime="2022-06-13T21:12:26.5293316+02:00" testType="13cdc9d9-ddb5-4fa4-a97d-d965ccfc6d4b" outcome="Passed" testListId="8c84fa94-04c1-424b-9868-57a2d4851a1d" relativeResultsDirectory="be2786a3-ee57-4695-98aa-dd2ba4cecd91" />
    <UnitTestResult executionId="85b4228b-b38a-4a75-bb89-9070c8ddf051" testId="9b31dae4-9eca-4ba2-971e-31c763877b32" testName="FormatToStringTest1000 (20441.330495004695,20441.33 zł)" computerName="DESKTOP-5URQ9PB" duration="00:00:00.0000068" startTime="2022-06-13T21:12:26.3154436+02:00" endTime="2022-06-13T21:12:26.3155103+02:00" testType="13cdc9d9-ddb5-4fa4-a97d-d965ccfc6d4b" outcome="Passed" testListId="8c84fa94-04c1-424b-9868-57a2d4851a1d" relativeResultsDirectory="85b4228b-b38a-4a75-bb89-9070c8ddf051" />
    <UnitTestResult executionId="332bb581-6d5b-41a1-90d8-2460ec2a2904" testId="ad36136d-a347-4574-9eab-83b9f3ac3a55" testName="FormatToStringTest1000 (20445.11280083149,20445.11 zł)" computerName="DESKTOP-5URQ9PB" duration="00:00:00.0000063" startTime="2022-06-13T21:12:26.5452709+02:00" endTime="2022-06-13T21:12:26.5453359+02:00" testType="13cdc9d9-ddb5-4fa4-a97d-d965ccfc6d4b" outcome="Passed" testListId="8c84fa94-04c1-424b-9868-57a2d4851a1d" relativeResultsDirectory="332bb581-6d5b-41a1-90d8-2460ec2a2904" />
    <UnitTestResult executionId="b146cdb2-b4ea-4801-ab9f-5b16a99db32b" testId="7157b363-0fd0-4063-8788-a759c8109138" testName="FormatToStringTest1000 (5957.42161879941,5957.42 zł)" computerName="DESKTOP-5URQ9PB" duration="00:00:00.0000064" startTime="2022-06-13T21:12:26.5133087+02:00" endTime="2022-06-13T21:12:26.5133750+02:00" testType="13cdc9d9-ddb5-4fa4-a97d-d965ccfc6d4b" outcome="Passed" testListId="8c84fa94-04c1-424b-9868-57a2d4851a1d" relativeResultsDirectory="b146cdb2-b4ea-4801-ab9f-5b16a99db32b" />
    <UnitTestResult executionId="ecff1fb6-b943-4ee2-b4e7-1fb1cae02e08" testId="9091603b-2ebd-423d-9776-5afdd91a61fd" testName="FormatToStringTest1000 (13681.607566007231,13681.61 zł)" computerName="DESKTOP-5URQ9PB" duration="00:00:00.0000062" startTime="2022-06-13T21:12:26.4658824+02:00" endTime="2022-06-13T21:12:26.4659486+02:00" testType="13cdc9d9-ddb5-4fa4-a97d-d965ccfc6d4b" outcome="Passed" testListId="8c84fa94-04c1-424b-9868-57a2d4851a1d" relativeResultsDirectory="ecff1fb6-b943-4ee2-b4e7-1fb1cae02e08" />
    <UnitTestResult executionId="24c02df0-653e-4778-9cdf-7c0409762748" testId="22b050ce-9058-49ee-828f-0ea87090d764" testName="FormatToStringTest1000 (2435.1995505835857,2435.20 zł)" computerName="DESKTOP-5URQ9PB" duration="00:00:00.0000070" startTime="2022-06-13T21:12:26.3296409+02:00" endTime="2022-06-13T21:12:26.3297082+02:00" testType="13cdc9d9-ddb5-4fa4-a97d-d965ccfc6d4b" outcome="Passed" testListId="8c84fa94-04c1-424b-9868-57a2d4851a1d" relativeResultsDirectory="24c02df0-653e-4778-9cdf-7c0409762748" />
    <UnitTestResult executionId="6eba3588-4390-493d-929a-d517d636d255" testId="85a70331-a7d3-44a0-be6c-498df514a53d" testName="FormatToStringTest1000 (40035.54711080787,40035.55 zł)" computerName="DESKTOP-5URQ9PB" duration="00:00:00.0000064" startTime="2022-06-13T21:12:26.3539742+02:00" endTime="2022-06-13T21:12:26.3540416+02:00" testType="13cdc9d9-ddb5-4fa4-a97d-d965ccfc6d4b" outcome="Passed" testListId="8c84fa94-04c1-424b-9868-57a2d4851a1d" relativeResultsDirectory="6eba3588-4390-493d-929a-d517d636d255" />
    <UnitTestResult executionId="84320259-e101-4360-b2ef-41bac5921aee" testId="8be743d5-987d-4735-8c92-24b2a4a6209e" testName="FormatToStringTest1000 (2216.881526520886,2216.88 zł)" computerName="DESKTOP-5URQ9PB" duration="00:00:00.0000114" startTime="2022-06-13T21:12:26.5200882+02:00" endTime="2022-06-13T21:12:26.5201616+02:00" testType="13cdc9d9-ddb5-4fa4-a97d-d965ccfc6d4b" outcome="Passed" testListId="8c84fa94-04c1-424b-9868-57a2d4851a1d" relativeResultsDirectory="84320259-e101-4360-b2ef-41bac5921aee" />
    <UnitTestResult executionId="520a624c-7fcc-4ccf-9151-f3a761741003" testId="c0805160-b2b1-47e8-8534-9855f4e17680" testName="FormatToStringTest1000 (6266.232005888704,6266.23 zł)" computerName="DESKTOP-5URQ9PB" duration="00:00:00.0000069" startTime="2022-06-13T21:12:26.5010788+02:00" endTime="2022-06-13T21:12:26.5011784+02:00" testType="13cdc9d9-ddb5-4fa4-a97d-d965ccfc6d4b" outcome="Passed" testListId="8c84fa94-04c1-424b-9868-57a2d4851a1d" relativeResultsDirectory="520a624c-7fcc-4ccf-9151-f3a761741003" />
    <UnitTestResult executionId="d153a6a2-cb84-4e1e-997e-895c588df993" testId="f0c5fde1-6b5b-41f5-ba97-82a79f615471" testName="FormatToStringTest1000 (15414.175096961751,15414.18 zł)" computerName="DESKTOP-5URQ9PB" duration="00:00:00.0000065" startTime="2022-06-13T21:12:26.3020980+02:00" endTime="2022-06-13T21:12:26.3021772+02:00" testType="13cdc9d9-ddb5-4fa4-a97d-d965ccfc6d4b" outcome="Passed" testListId="8c84fa94-04c1-424b-9868-57a2d4851a1d" relativeResultsDirectory="d153a6a2-cb84-4e1e-997e-895c588df993" />
    <UnitTestResult executionId="a952bf88-2a5f-48fd-9c6b-839306296904" testId="c660bb1d-1fbf-4930-a854-086a6bdb48fb" testName="FormatToStringTest1000 (657.5396922647672,657.54 zł)" computerName="DESKTOP-5URQ9PB" duration="00:00:00.0000064" startTime="2022-06-13T21:12:26.4011164+02:00" endTime="2022-06-13T21:12:26.4011890+02:00" testType="13cdc9d9-ddb5-4fa4-a97d-d965ccfc6d4b" outcome="Passed" testListId="8c84fa94-04c1-424b-9868-57a2d4851a1d" relativeResultsDirectory="a952bf88-2a5f-48fd-9c6b-839306296904" />
    <UnitTestResult executionId="ef601cf6-d580-4126-b6c3-942d25716c80" testId="4fbb7f2d-85bd-4682-b62c-d1ca341dc540" testName="FormatToStringTest1000 (37114.901517336206,37114.90 zł)" computerName="DESKTOP-5URQ9PB" duration="00:00:00.0000062" startTime="2022-06-13T21:12:26.5532645+02:00" endTime="2022-06-13T21:12:26.5533293+02:00" testType="13cdc9d9-ddb5-4fa4-a97d-d965ccfc6d4b" outcome="Passed" testListId="8c84fa94-04c1-424b-9868-57a2d4851a1d" relativeResultsDirectory="ef601cf6-d580-4126-b6c3-942d25716c80" />
    <UnitTestResult executionId="cbabd304-feee-40ad-80dc-62dc34da4ecf" testId="d69e29b0-9dfe-4ddb-962e-8dd76ec24fa9" testName="FormatToStringTest1000 (4812.162927013898,4812.16 zł)" computerName="DESKTOP-5URQ9PB" duration="00:00:00.0000065" startTime="2022-06-13T21:12:26.3705899+02:00" endTime="2022-06-13T21:12:26.3706670+02:00" testType="13cdc9d9-ddb5-4fa4-a97d-d965ccfc6d4b" outcome="Passed" testListId="8c84fa94-04c1-424b-9868-57a2d4851a1d" relativeResultsDirectory="cbabd304-feee-40ad-80dc-62dc34da4ecf" />
    <UnitTestResult executionId="9d9b7400-2563-43ec-8afe-ee2f23cf25ec" testId="d5b34ab1-6f6c-4e04-a1ee-d2ded75e1e17" testName="FormatToStringTest1000 (13375.96341587415,13375.96 zł)" computerName="DESKTOP-5URQ9PB" duration="00:00:00.0000061" startTime="2022-06-13T21:12:26.5402271+02:00" endTime="2022-06-13T21:12:26.5402918+02:00" testType="13cdc9d9-ddb5-4fa4-a97d-d965ccfc6d4b" outcome="Passed" testListId="8c84fa94-04c1-424b-9868-57a2d4851a1d" relativeResultsDirectory="9d9b7400-2563-43ec-8afe-ee2f23cf25ec" />
    <UnitTestResult executionId="a1b807b1-999e-482b-99bb-a319bfdf2750" testId="851fb1ec-51f2-47d8-8fd7-f30a1fddeddc" testName="FormatToStringTest1000 (47575.6421269959,47575.64 zł)" computerName="DESKTOP-5URQ9PB" duration="00:00:00.0000065" startTime="2022-06-13T21:12:26.5156343+02:00" endTime="2022-06-13T21:12:26.5157005+02:00" testType="13cdc9d9-ddb5-4fa4-a97d-d965ccfc6d4b" outcome="Passed" testListId="8c84fa94-04c1-424b-9868-57a2d4851a1d" relativeResultsDirectory="a1b807b1-999e-482b-99bb-a319bfdf2750" />
    <UnitTestResult executionId="f25aef32-c246-43ad-ac9f-080ce21d6f07" testId="46e4a0e8-cd81-4174-b9ab-33bce9053a86" testName="FormatToStringTest1000 (6213.265206352466,6213.27 zł)" computerName="DESKTOP-5URQ9PB" duration="00:00:00.0000064" startTime="2022-06-13T21:12:26.3943555+02:00" endTime="2022-06-13T21:12:26.3944234+02:00" testType="13cdc9d9-ddb5-4fa4-a97d-d965ccfc6d4b" outcome="Passed" testListId="8c84fa94-04c1-424b-9868-57a2d4851a1d" relativeResultsDirectory="f25aef32-c246-43ad-ac9f-080ce21d6f07" />
    <UnitTestResult executionId="8fb74202-719e-42b4-9a37-5cd483b1c581" testId="48d8604b-664c-4f02-8796-918ec7a6fd4d" testName="FormatToStringTest1000 (75514.58914517732,75514.59 zł)" computerName="DESKTOP-5URQ9PB" duration="00:00:00.0000064" startTime="2022-06-13T21:12:26.4042094+02:00" endTime="2022-06-13T21:12:26.4042859+02:00" testType="13cdc9d9-ddb5-4fa4-a97d-d965ccfc6d4b" outcome="Passed" testListId="8c84fa94-04c1-424b-9868-57a2d4851a1d" relativeResultsDirectory="8fb74202-719e-42b4-9a37-5cd483b1c581" />
    <UnitTestResult executionId="de7f635e-8bfe-4403-ba9b-68db42bca793" testId="c244d733-ab03-4777-af30-5aca9fc90a9f" testName="FormatToStringTest1000 (736.7398243680316,736.74 zł)" computerName="DESKTOP-5URQ9PB" duration="00:00:00.0000062" startTime="2022-06-13T21:12:26.2824197+02:00" endTime="2022-06-13T21:12:26.2824863+02:00" testType="13cdc9d9-ddb5-4fa4-a97d-d965ccfc6d4b" outcome="Passed" testListId="8c84fa94-04c1-424b-9868-57a2d4851a1d" relativeResultsDirectory="de7f635e-8bfe-4403-ba9b-68db42bca793" />
    <UnitTestResult executionId="8b2686b5-0868-4216-9e88-8ae9dc91ff3d" testId="3b003df0-ae43-43d7-ae77-2563a5a935a1" testName="FormatToStringTest1000 (51503.82905738234,51503.83 zł)" computerName="DESKTOP-5URQ9PB" duration="00:00:00.0000063" startTime="2022-06-13T21:12:26.3386815+02:00" endTime="2022-06-13T21:12:26.3387479+02:00" testType="13cdc9d9-ddb5-4fa4-a97d-d965ccfc6d4b" outcome="Passed" testListId="8c84fa94-04c1-424b-9868-57a2d4851a1d" relativeResultsDirectory="8b2686b5-0868-4216-9e88-8ae9dc91ff3d" />
    <UnitTestResult executionId="95939dcd-487e-4e51-bdb7-38ca986c73df" testId="7848e729-a95d-441a-80a6-6c58f65f83ad" testName="FormatToStringTest1000 (8492.904747505161,8492.90 zł)" computerName="DESKTOP-5URQ9PB" duration="00:00:00.0000062" startTime="2022-06-13T21:12:26.5319579+02:00" endTime="2022-06-13T21:12:26.5320230+02:00" testType="13cdc9d9-ddb5-4fa4-a97d-d965ccfc6d4b" outcome="Passed" testListId="8c84fa94-04c1-424b-9868-57a2d4851a1d" relativeResultsDirectory="95939dcd-487e-4e51-bdb7-38ca986c73df" />
    <UnitTestResult executionId="4d8ba222-0b8c-4ff1-9746-7a15ac12ed5f" testId="2eeccd74-9331-43c5-afc3-cefc4dcbc3cf" testName="FormatToStringTest1000 (9661.966055578536,9661.97 zł)" computerName="DESKTOP-5URQ9PB" duration="00:00:00.0000064" startTime="2022-06-13T21:12:26.4005236+02:00" endTime="2022-06-13T21:12:26.4005917+02:00" testType="13cdc9d9-ddb5-4fa4-a97d-d965ccfc6d4b" outcome="Passed" testListId="8c84fa94-04c1-424b-9868-57a2d4851a1d" relativeResultsDirectory="4d8ba222-0b8c-4ff1-9746-7a15ac12ed5f" />
    <UnitTestResult executionId="8294aaf4-3e58-44df-8527-77e4c802c64b" testId="38956293-497f-4c3b-ba4b-ce5585a9f758" testName="FormatToStringTest1000 (55030.929183896136,55030.93 zł)" computerName="DESKTOP-5URQ9PB" duration="00:00:00.0000073" startTime="2022-06-13T21:12:26.3289168+02:00" endTime="2022-06-13T21:12:26.3289957+02:00" testType="13cdc9d9-ddb5-4fa4-a97d-d965ccfc6d4b" outcome="Passed" testListId="8c84fa94-04c1-424b-9868-57a2d4851a1d" relativeResultsDirectory="8294aaf4-3e58-44df-8527-77e4c802c64b" />
    <UnitTestResult executionId="081f3f60-47ab-4618-9273-815c8e5bea95" testId="c7bdb6b0-ae50-4daa-a93d-376e31c41426" testName="FormatToStringTest1000 (29845.02749849345,29845.03 zł)" computerName="DESKTOP-5URQ9PB" duration="00:00:00.0000065" startTime="2022-06-13T21:12:26.3646035+02:00" endTime="2022-06-13T21:12:26.3646775+02:00" testType="13cdc9d9-ddb5-4fa4-a97d-d965ccfc6d4b" outcome="Passed" testListId="8c84fa94-04c1-424b-9868-57a2d4851a1d" relativeResultsDirectory="081f3f60-47ab-4618-9273-815c8e5bea95" />
    <UnitTestResult executionId="46ef0ea2-0a04-4e72-93a1-d2f67c022679" testId="04711c50-6de3-4716-a1ee-76e24758a7e6" testName="FormatToStringTest1000 (18990.72499258012,18990.72 zł)" computerName="DESKTOP-5URQ9PB" duration="00:00:00.0000096" startTime="2022-06-13T21:12:26.2954803+02:00" endTime="2022-06-13T21:12:26.2955569+02:00" testType="13cdc9d9-ddb5-4fa4-a97d-d965ccfc6d4b" outcome="Passed" testListId="8c84fa94-04c1-424b-9868-57a2d4851a1d" relativeResultsDirectory="46ef0ea2-0a04-4e72-93a1-d2f67c022679" />
    <UnitTestResult executionId="a9305ac5-3f27-4879-ad2e-2828dfcb38a7" testId="ae591a89-1794-4a30-ba39-afccf80f9418" testName="FormatToStringTest1000 (24825.207513729205,24825.21 zł)" computerName="DESKTOP-5URQ9PB" duration="00:00:00.0000062" startTime="2022-06-13T21:12:26.4657974+02:00" endTime="2022-06-13T21:12:26.4658643+02:00" testType="13cdc9d9-ddb5-4fa4-a97d-d965ccfc6d4b" outcome="Passed" testListId="8c84fa94-04c1-424b-9868-57a2d4851a1d" relativeResultsDirectory="a9305ac5-3f27-4879-ad2e-2828dfcb38a7" />
    <UnitTestResult executionId="82243a3d-2323-465d-b0ce-cc2da65c5f2f" testId="45982bd0-15c1-441b-9c05-d32d43181588" testName="FormatToStringTest1000 (16673.5121774904,16673.51 zł)" computerName="DESKTOP-5URQ9PB" duration="00:00:00.0000063" startTime="2022-06-13T21:12:26.4141806+02:00" endTime="2022-06-13T21:12:26.4142460+02:00" testType="13cdc9d9-ddb5-4fa4-a97d-d965ccfc6d4b" outcome="Passed" testListId="8c84fa94-04c1-424b-9868-57a2d4851a1d" relativeResultsDirectory="82243a3d-2323-465d-b0ce-cc2da65c5f2f" />
    <UnitTestResult executionId="060080b0-563d-46b8-b019-55d8ccec20a5" testId="386c2514-5bff-40a6-82ff-1129087b41e9" testName="FormatToStringTest1000 (18596.12661189033,18596.13 zł)" computerName="DESKTOP-5URQ9PB" duration="00:00:00.0000259" startTime="2022-06-13T21:12:26.4900524+02:00" endTime="2022-06-13T21:12:26.4902375+02:00" testType="13cdc9d9-ddb5-4fa4-a97d-d965ccfc6d4b" outcome="Passed" testListId="8c84fa94-04c1-424b-9868-57a2d4851a1d" relativeResultsDirectory="060080b0-563d-46b8-b019-55d8ccec20a5" />
    <UnitTestResult executionId="e3e995c7-d3e2-47ad-96b5-5af4b5eda8ef" testId="1ec6c5fe-27b6-429e-b0c5-64b5d95ea8b7" testName="FormatToStringTest1000 (33970.38965150639,33970.39 zł)" computerName="DESKTOP-5URQ9PB" duration="00:00:00.0000062" startTime="2022-06-13T21:12:26.5399645+02:00" endTime="2022-06-13T21:12:26.5400290+02:00" testType="13cdc9d9-ddb5-4fa4-a97d-d965ccfc6d4b" outcome="Passed" testListId="8c84fa94-04c1-424b-9868-57a2d4851a1d" relativeResultsDirectory="e3e995c7-d3e2-47ad-96b5-5af4b5eda8ef" />
    <UnitTestResult executionId="012d8ed7-8783-4a6e-8057-72c9b752198b" testId="ee9ace59-2b73-430e-b0d9-1f23052b972e" testName="FormatToStringTest1000 (55010.474927814896,55010.47 zł)" computerName="DESKTOP-5URQ9PB" duration="00:00:00.0000066" startTime="2022-06-13T21:12:26.5216404+02:00" endTime="2022-06-13T21:12:26.5217144+02:00" testType="13cdc9d9-ddb5-4fa4-a97d-d965ccfc6d4b" outcome="Passed" testListId="8c84fa94-04c1-424b-9868-57a2d4851a1d" relativeResultsDirectory="012d8ed7-8783-4a6e-8057-72c9b752198b" />
    <UnitTestResult executionId="ad8c9ad0-b480-4620-99ad-680fae117d0c" testId="6ff91a23-e8da-42a4-8808-fa6406458b2d" testName="FormatToStringTest1000 (46391.661094229516,46391.66 zł)" computerName="DESKTOP-5URQ9PB" duration="00:00:00.0000067" startTime="2022-06-13T21:12:26.5496835+02:00" endTime="2022-06-13T21:12:26.5497485+02:00" testType="13cdc9d9-ddb5-4fa4-a97d-d965ccfc6d4b" outcome="Passed" testListId="8c84fa94-04c1-424b-9868-57a2d4851a1d" relativeResultsDirectory="ad8c9ad0-b480-4620-99ad-680fae117d0c" />
    <UnitTestResult executionId="239712bc-e137-443d-a3e0-2f75d1ff2aa6" testId="e4a247d0-9d2c-4ab2-bcdc-2f21c7a896c5" testName="FormatToStringTest1000 (11100.829211263372,11100.83 zł)" computerName="DESKTOP-5URQ9PB" duration="00:00:00.0000065" startTime="2022-06-13T21:12:26.2698740+02:00" endTime="2022-06-13T21:12:26.2699513+02:00" testType="13cdc9d9-ddb5-4fa4-a97d-d965ccfc6d4b" outcome="Passed" testListId="8c84fa94-04c1-424b-9868-57a2d4851a1d" relativeResultsDirectory="239712bc-e137-443d-a3e0-2f75d1ff2aa6" />
    <UnitTestResult executionId="cd171d7c-fadd-4b72-936a-d60f68c5f876" testId="787bdfbc-9b27-4853-bad8-9d4e886e4dc0" testName="FormatToStringTest1000 (6864.093052674129,6864.09 zł)" computerName="DESKTOP-5URQ9PB" duration="00:00:00.0000066" startTime="2022-06-13T21:12:26.2994753+02:00" endTime="2022-06-13T21:12:26.2995489+02:00" testType="13cdc9d9-ddb5-4fa4-a97d-d965ccfc6d4b" outcome="Passed" testListId="8c84fa94-04c1-424b-9868-57a2d4851a1d" relativeResultsDirectory="cd171d7c-fadd-4b72-936a-d60f68c5f876" />
    <UnitTestResult executionId="31f2ed6b-d02b-4649-bfbf-d9c205026703" testId="cdbb57b8-68db-4bf4-83c0-c939e7f7aab0" testName="FormatToStringTest1000 (67338.80028760935,67338.80 zł)" computerName="DESKTOP-5URQ9PB" duration="00:00:00.0000064" startTime="2022-06-13T21:12:26.2760209+02:00" endTime="2022-06-13T21:12:26.2760895+02:00" testType="13cdc9d9-ddb5-4fa4-a97d-d965ccfc6d4b" outcome="Passed" testListId="8c84fa94-04c1-424b-9868-57a2d4851a1d" relativeResultsDirectory="31f2ed6b-d02b-4649-bfbf-d9c205026703" />
    <UnitTestResult executionId="c87fff43-b6b2-4322-a5f8-0c8002549cf0" testId="4896edea-9900-4f70-9be6-5a644ec55fa9" testName="FormatToStringTest1000 (14017.699524653006,14017.70 zł)" computerName="DESKTOP-5URQ9PB" duration="00:00:00.0000061" startTime="2022-06-13T21:12:26.5843024+02:00" endTime="2022-06-13T21:12:26.5843674+02:00" testType="13cdc9d9-ddb5-4fa4-a97d-d965ccfc6d4b" outcome="Passed" testListId="8c84fa94-04c1-424b-9868-57a2d4851a1d" relativeResultsDirectory="c87fff43-b6b2-4322-a5f8-0c8002549cf0" />
    <UnitTestResult executionId="8324365b-9289-43a8-b46c-42aa089200ad" testId="f53db18f-f962-4e18-929f-136ed3a063c2" testName="FormatToStringTest1000 (2951.2722077329045,2951.27 zł)" computerName="DESKTOP-5URQ9PB" duration="00:00:00.0000061" startTime="2022-06-13T21:12:26.3420214+02:00" endTime="2022-06-13T21:12:26.3420875+02:00" testType="13cdc9d9-ddb5-4fa4-a97d-d965ccfc6d4b" outcome="Passed" testListId="8c84fa94-04c1-424b-9868-57a2d4851a1d" relativeResultsDirectory="8324365b-9289-43a8-b46c-42aa089200ad" />
    <UnitTestResult executionId="e9b2f07f-53a3-43c8-8f26-79609f05661b" testId="a68491ee-e458-4a9c-af74-50ccd5bd6084" testName="FormatToStringTest1000 (33206.73122987837,33206.73 zł)" computerName="DESKTOP-5URQ9PB" duration="00:00:00.0000061" startTime="2022-06-13T21:12:26.2856507+02:00" endTime="2022-06-13T21:12:26.2857169+02:00" testType="13cdc9d9-ddb5-4fa4-a97d-d965ccfc6d4b" outcome="Passed" testListId="8c84fa94-04c1-424b-9868-57a2d4851a1d" relativeResultsDirectory="e9b2f07f-53a3-43c8-8f26-79609f05661b" />
    <UnitTestResult executionId="93dfb948-d7db-4a6d-9e3d-1f2086aa1b0e" testId="a0c74e7d-731d-4638-826b-18530bbae003" testName="FormatToStringTest1000 (13508.811787825922,13508.81 zł)" computerName="DESKTOP-5URQ9PB" duration="00:00:00.0000069" startTime="2022-06-13T21:12:26.5572071+02:00" endTime="2022-06-13T21:12:26.5572751+02:00" testType="13cdc9d9-ddb5-4fa4-a97d-d965ccfc6d4b" outcome="Passed" testListId="8c84fa94-04c1-424b-9868-57a2d4851a1d" relativeResultsDirectory="93dfb948-d7db-4a6d-9e3d-1f2086aa1b0e" />
    <UnitTestResult executionId="b91c646e-587f-4d07-a796-51ca79c7d6ec" testId="71c5cb2e-0d8a-4bff-80c4-8c4ff8fdfc58" testName="FormatToStringTest1000 (12528.413830086782,12528.41 zł)" computerName="DESKTOP-5URQ9PB" duration="00:00:00.0000068" startTime="2022-06-13T21:12:26.4402316+02:00" endTime="2022-06-13T21:12:26.4402988+02:00" testType="13cdc9d9-ddb5-4fa4-a97d-d965ccfc6d4b" outcome="Passed" testListId="8c84fa94-04c1-424b-9868-57a2d4851a1d" relativeResultsDirectory="b91c646e-587f-4d07-a796-51ca79c7d6ec" />
    <UnitTestResult executionId="cf5313f1-f70a-4db2-83d2-6f8212453b6c" testId="21a060e4-277c-447c-90bb-7752f1273b58" testName="FormatToStringTest1000 (15509.637406484986,15509.64 zł)" computerName="DESKTOP-5URQ9PB" duration="00:00:00.0000064" startTime="2022-06-13T21:12:26.3150106+02:00" endTime="2022-06-13T21:12:26.3150794+02:00" testType="13cdc9d9-ddb5-4fa4-a97d-d965ccfc6d4b" outcome="Passed" testListId="8c84fa94-04c1-424b-9868-57a2d4851a1d" relativeResultsDirectory="cf5313f1-f70a-4db2-83d2-6f8212453b6c" />
    <UnitTestResult executionId="d0b95ed6-480e-4b6c-8a7e-a243ab392ee4" testId="693aaf23-eb1a-4dea-86bf-f1dcd1b4fa02" testName="FormatToStringTest1000 (21602.417596116393,21602.42 zł)" computerName="DESKTOP-5URQ9PB" duration="00:00:00.0000063" startTime="2022-06-13T21:12:26.3263575+02:00" endTime="2022-06-13T21:12:26.3264245+02:00" testType="13cdc9d9-ddb5-4fa4-a97d-d965ccfc6d4b" outcome="Passed" testListId="8c84fa94-04c1-424b-9868-57a2d4851a1d" relativeResultsDirectory="d0b95ed6-480e-4b6c-8a7e-a243ab392ee4" />
    <UnitTestResult executionId="c1ca7cb0-3889-4041-8486-454f7b1ab533" testId="9e905cd1-6420-4a76-bcf7-c30573bff45f" testName="FormatToStringTest1000 (28072.424637532058,28072.42 zł)" computerName="DESKTOP-5URQ9PB" duration="00:00:00.0000062" startTime="2022-06-13T21:12:26.2762851+02:00" endTime="2022-06-13T21:12:26.2763529+02:00" testType="13cdc9d9-ddb5-4fa4-a97d-d965ccfc6d4b" outcome="Passed" testListId="8c84fa94-04c1-424b-9868-57a2d4851a1d" relativeResultsDirectory="c1ca7cb0-3889-4041-8486-454f7b1ab533" />
    <UnitTestResult executionId="41dba156-af58-4432-99de-ea69695bfd3c" testId="6ae2b0fd-6bd7-4b3f-8726-6bea4013add9" testName="FormatToStringTest1000 (1751.1734380625066,1751.17 zł)" computerName="DESKTOP-5URQ9PB" duration="00:00:00.0000062" startTime="2022-06-13T21:12:26.5336093+02:00" endTime="2022-06-13T21:12:26.5336752+02:00" testType="13cdc9d9-ddb5-4fa4-a97d-d965ccfc6d4b" outcome="Passed" testListId="8c84fa94-04c1-424b-9868-57a2d4851a1d" relativeResultsDirectory="41dba156-af58-4432-99de-ea69695bfd3c" />
    <UnitTestResult executionId="498f86ad-8abb-4913-890d-4a83db17f0d7" testId="2acacb66-9844-4e73-8e06-ce577cb23859" testName="FormatToStringTest1000 (30385.72086375613,30385.72 zł)" computerName="DESKTOP-5URQ9PB" duration="00:00:00.0000061" startTime="2022-06-13T21:12:26.5596384+02:00" endTime="2022-06-13T21:12:26.5597027+02:00" testType="13cdc9d9-ddb5-4fa4-a97d-d965ccfc6d4b" outcome="Passed" testListId="8c84fa94-04c1-424b-9868-57a2d4851a1d" relativeResultsDirectory="498f86ad-8abb-4913-890d-4a83db17f0d7" />
    <UnitTestResult executionId="844d3f7f-6743-40cd-afbd-6af0fc0c0fd4" testId="525a01c3-08ea-48ec-ad24-9548689b804f" testName="FormatToStringTest1000 (21753.84773194969,21753.85 zł)" computerName="DESKTOP-5URQ9PB" duration="00:00:00.0000062" startTime="2022-06-13T21:12:26.3151893+02:00" endTime="2022-06-13T21:12:26.3152573+02:00" testType="13cdc9d9-ddb5-4fa4-a97d-d965ccfc6d4b" outcome="Passed" testListId="8c84fa94-04c1-424b-9868-57a2d4851a1d" relativeResultsDirectory="844d3f7f-6743-40cd-afbd-6af0fc0c0fd4" />
    <UnitTestResult executionId="2c07a90f-b6e5-4739-9dcb-d95244eab45a" testId="2b6fc4a8-1a17-4081-a965-1dc08db2ba94" testName="FormatToStringTest1000 (25720.27551496321,25720.28 zł)" computerName="DESKTOP-5URQ9PB" duration="00:00:00.0000062" startTime="2022-06-13T21:12:26.3544872+02:00" endTime="2022-06-13T21:12:26.3545537+02:00" testType="13cdc9d9-ddb5-4fa4-a97d-d965ccfc6d4b" outcome="Passed" testListId="8c84fa94-04c1-424b-9868-57a2d4851a1d" relativeResultsDirectory="2c07a90f-b6e5-4739-9dcb-d95244eab45a" />
    <UnitTestResult executionId="caa1b581-bcc9-4c79-8ce0-c0b1aec640c0" testId="bb03e8cc-fb6b-4002-be63-6ae3f1508141" testName="FormatToStringTest1000 (19006.315459580772,19006.32 zł)" computerName="DESKTOP-5URQ9PB" duration="00:00:00.0000063" startTime="2022-06-13T21:12:26.4266410+02:00" endTime="2022-06-13T21:12:26.4267076+02:00" testType="13cdc9d9-ddb5-4fa4-a97d-d965ccfc6d4b" outcome="Passed" testListId="8c84fa94-04c1-424b-9868-57a2d4851a1d" relativeResultsDirectory="caa1b581-bcc9-4c79-8ce0-c0b1aec640c0" />
    <UnitTestResult executionId="7367fc13-972e-44bc-aa80-3e3d66fee573" testId="b6720530-839e-4dc4-80c2-de03256ee87a" testName="FormatToStringTest1000 (23174.85693288448,23174.86 zł)" computerName="DESKTOP-5URQ9PB" duration="00:00:00.0000061" startTime="2022-06-13T21:12:26.4236595+02:00" endTime="2022-06-13T21:12:26.4237253+02:00" testType="13cdc9d9-ddb5-4fa4-a97d-d965ccfc6d4b" outcome="Passed" testListId="8c84fa94-04c1-424b-9868-57a2d4851a1d" relativeResultsDirectory="7367fc13-972e-44bc-aa80-3e3d66fee573" />
    <UnitTestResult executionId="79457240-fd91-4118-8d56-fee0b8468e20" testId="4c48d24a-bc44-4fa3-b406-bc18fb1342e1" testName="FormatToStringTest1000 (1751.7703038522834,1751.77 zł)" computerName="DESKTOP-5URQ9PB" duration="00:00:00.0000066" startTime="2022-06-13T21:12:26.4431783+02:00" endTime="2022-06-13T21:12:26.4432454+02:00" testType="13cdc9d9-ddb5-4fa4-a97d-d965ccfc6d4b" outcome="Passed" testListId="8c84fa94-04c1-424b-9868-57a2d4851a1d" relativeResultsDirectory="79457240-fd91-4118-8d56-fee0b8468e20" />
    <UnitTestResult executionId="a7cc5568-40c6-4404-9988-ef25eda6150f" testId="62f51a50-82ba-4c53-8daf-085c722eace1" testName="FormatToStringTest1000 (643.3550376181281,643.36 zł)" computerName="DESKTOP-5URQ9PB" duration="00:00:00.0000063" startTime="2022-06-13T21:12:26.5221994+02:00" endTime="2022-06-13T21:12:26.5222731+02:00" testType="13cdc9d9-ddb5-4fa4-a97d-d965ccfc6d4b" outcome="Passed" testListId="8c84fa94-04c1-424b-9868-57a2d4851a1d" relativeResultsDirectory="a7cc5568-40c6-4404-9988-ef25eda6150f" />
    <UnitTestResult executionId="d39017d9-1928-4c35-8ac2-c5bd931f9816" testId="a81cad59-bb64-48d6-99a6-2ff749c0e038" testName="FormatToStringTest1000 (64568.131500027666,64568.13 zł)" computerName="DESKTOP-5URQ9PB" duration="00:00:00.0000067" startTime="2022-06-13T21:12:26.5361103+02:00" endTime="2022-06-13T21:12:26.5361889+02:00" testType="13cdc9d9-ddb5-4fa4-a97d-d965ccfc6d4b" outcome="Passed" testListId="8c84fa94-04c1-424b-9868-57a2d4851a1d" relativeResultsDirectory="d39017d9-1928-4c35-8ac2-c5bd931f9816" />
    <UnitTestResult executionId="e01241f7-dd0d-4123-a7f8-47e80d992d57" testId="a2fdbdb3-7499-4152-9c2c-df76a780dce3" testName="FormatToStringTest1000 (28298.945361683585,28298.95 zł)" computerName="DESKTOP-5URQ9PB" duration="00:00:00.0000063" startTime="2022-06-13T21:12:26.4520270+02:00" endTime="2022-06-13T21:12:26.4520944+02:00" testType="13cdc9d9-ddb5-4fa4-a97d-d965ccfc6d4b" outcome="Passed" testListId="8c84fa94-04c1-424b-9868-57a2d4851a1d" relativeResultsDirectory="e01241f7-dd0d-4123-a7f8-47e80d992d57" />
    <UnitTestResult executionId="0eb636c8-75c0-4b30-a0a4-532134414081" testId="8d9211e0-abc1-4a67-8917-cd79b6e23c12" testName="FormatToStringTest1000 (14475.498583194567,14475.50 zł)" computerName="DESKTOP-5URQ9PB" duration="00:00:00.0000060" startTime="2022-06-13T21:12:26.5710419+02:00" endTime="2022-06-13T21:12:26.5711061+02:00" testType="13cdc9d9-ddb5-4fa4-a97d-d965ccfc6d4b" outcome="Passed" testListId="8c84fa94-04c1-424b-9868-57a2d4851a1d" relativeResultsDirectory="0eb636c8-75c0-4b30-a0a4-532134414081" />
    <UnitTestResult executionId="b06623c8-e7d6-48c3-8814-54ea5ba8da40" testId="00a3ddcc-e444-46a7-a210-9dddd7fb365e" testName="FormatToStringTest1000 (89093.57120939044,89093.57 zł)" computerName="DESKTOP-5URQ9PB" duration="00:00:00.0000063" startTime="2022-06-13T21:12:26.5398814+02:00" endTime="2022-06-13T21:12:26.5399468+02:00" testType="13cdc9d9-ddb5-4fa4-a97d-d965ccfc6d4b" outcome="Passed" testListId="8c84fa94-04c1-424b-9868-57a2d4851a1d" relativeResultsDirectory="b06623c8-e7d6-48c3-8814-54ea5ba8da40" />
    <UnitTestResult executionId="1b217680-89fe-4fe9-b650-88efb2dab196" testId="a5780f51-91ff-4c3f-b949-7faabd30869c" testName="FormatToStringTest1000 (4614.673205890541,4614.67 zł)" computerName="DESKTOP-5URQ9PB" duration="00:00:00.0000061" startTime="2022-06-13T21:12:26.3088193+02:00" endTime="2022-06-13T21:12:26.3088858+02:00" testType="13cdc9d9-ddb5-4fa4-a97d-d965ccfc6d4b" outcome="Passed" testListId="8c84fa94-04c1-424b-9868-57a2d4851a1d" relativeResultsDirectory="1b217680-89fe-4fe9-b650-88efb2dab196" />
    <UnitTestResult executionId="af255f2f-d1e6-4ad9-8983-8c0b04e2cb24" testId="81c8d2d6-5433-47be-93f6-9c7e77c71b9a" testName="FormatToStringTest1000 (39641.61351217451,39641.61 zł)" computerName="DESKTOP-5URQ9PB" duration="00:00:00.0000064" startTime="2022-06-13T21:12:26.4461190+02:00" endTime="2022-06-13T21:12:26.4461905+02:00" testType="13cdc9d9-ddb5-4fa4-a97d-d965ccfc6d4b" outcome="Passed" testListId="8c84fa94-04c1-424b-9868-57a2d4851a1d" relativeResultsDirectory="af255f2f-d1e6-4ad9-8983-8c0b04e2cb24" />
    <UnitTestResult executionId="0d6f2b08-7c0b-4af2-8cd0-60a16379a6d1" testId="e67decdd-ccb2-4f5f-a91f-532366ab0712" testName="FormatToStringTest1000 (11904.111251175456,11904.11 zł)" computerName="DESKTOP-5URQ9PB" duration="00:00:00.0000062" startTime="2022-06-13T21:12:26.3417715+02:00" endTime="2022-06-13T21:12:26.3418381+02:00" testType="13cdc9d9-ddb5-4fa4-a97d-d965ccfc6d4b" outcome="Passed" testListId="8c84fa94-04c1-424b-9868-57a2d4851a1d" relativeResultsDirectory="0d6f2b08-7c0b-4af2-8cd0-60a16379a6d1" />
    <UnitTestResult executionId="9eaa5ee9-5498-4376-bcb8-152cfa452f26" testId="8010926f-93c4-4e09-8691-d64d5c2bed19" testName="FormatToStringTest1000 (25440.18371476614,25440.18 zł)" computerName="DESKTOP-5URQ9PB" duration="00:00:00.0000073" startTime="2022-06-13T21:12:26.3468611+02:00" endTime="2022-06-13T21:12:26.3469541+02:00" testType="13cdc9d9-ddb5-4fa4-a97d-d965ccfc6d4b" outcome="Passed" testListId="8c84fa94-04c1-424b-9868-57a2d4851a1d" relativeResultsDirectory="9eaa5ee9-5498-4376-bcb8-152cfa452f26" />
    <UnitTestResult executionId="c12c274c-6464-4236-865d-24fe98c1b17b" testId="8618d5b5-42c5-4244-9841-b7ef596899ea" testName="FormatToStringTest1000 (75024.79122970243,75024.79 zł)" computerName="DESKTOP-5URQ9PB" duration="00:00:00.0000071" startTime="2022-06-13T21:12:26.3704770+02:00" endTime="2022-06-13T21:12:26.3705669+02:00" testType="13cdc9d9-ddb5-4fa4-a97d-d965ccfc6d4b" outcome="Passed" testListId="8c84fa94-04c1-424b-9868-57a2d4851a1d" relativeResultsDirectory="c12c274c-6464-4236-865d-24fe98c1b17b" />
    <UnitTestResult executionId="45a83beb-3cdd-44c5-8c0f-8156a60beb90" testId="8f777e45-c2c5-4412-b502-fdd180c8d106" testName="FormatToStringTest1000 (20068.867046961965,20068.87 zł)" computerName="DESKTOP-5URQ9PB" duration="00:00:00.0000062" startTime="2022-06-13T21:12:26.5132249+02:00" endTime="2022-06-13T21:12:26.5132915+02:00" testType="13cdc9d9-ddb5-4fa4-a97d-d965ccfc6d4b" outcome="Passed" testListId="8c84fa94-04c1-424b-9868-57a2d4851a1d" relativeResultsDirectory="45a83beb-3cdd-44c5-8c0f-8156a60beb90" />
    <UnitTestResult executionId="468f1d7f-9959-4d78-a1cc-d895d68a27fc" testId="3dbcc587-b95f-4724-8681-018ef5b94d36" testName="FormatToStringTest1000 (66541.05112730109,66541.05 zł)" computerName="DESKTOP-5URQ9PB" duration="00:00:00.0000065" startTime="2022-06-13T21:12:26.5902371+02:00" endTime="2022-06-13T21:12:26.5903019+02:00" testType="13cdc9d9-ddb5-4fa4-a97d-d965ccfc6d4b" outcome="Passed" testListId="8c84fa94-04c1-424b-9868-57a2d4851a1d" relativeResultsDirectory="468f1d7f-9959-4d78-a1cc-d895d68a27fc" />
    <UnitTestResult executionId="e76753b3-7102-47e0-9825-f7edd99891e9" testId="3cfa9bc3-48d3-4726-b597-67447b7a1b31" testName="FormatToStringTest1000 (395.45790295882983,395.46 zł)" computerName="DESKTOP-5URQ9PB" duration="00:00:00.0000061" startTime="2022-06-13T21:12:26.4145139+02:00" endTime="2022-06-13T21:12:26.4145807+02:00" testType="13cdc9d9-ddb5-4fa4-a97d-d965ccfc6d4b" outcome="Passed" testListId="8c84fa94-04c1-424b-9868-57a2d4851a1d" relativeResultsDirectory="e76753b3-7102-47e0-9825-f7edd99891e9" />
    <UnitTestResult executionId="8d18c81d-5fe3-4dc3-b0d7-b83de1da026d" testId="e794d467-24c6-4fe7-a1ac-b71c2c06c7d0" testName="FormatToStringTest1000 (75350.77330865282,75350.77 zł)" computerName="DESKTOP-5URQ9PB" duration="00:00:00.0000065" startTime="2022-06-13T21:12:26.2958539+02:00" endTime="2022-06-13T21:12:26.2959306+02:00" testType="13cdc9d9-ddb5-4fa4-a97d-d965ccfc6d4b" outcome="Passed" testListId="8c84fa94-04c1-424b-9868-57a2d4851a1d" relativeResultsDirectory="8d18c81d-5fe3-4dc3-b0d7-b83de1da026d" />
    <UnitTestResult executionId="6658f6ef-5279-4562-a73a-bbb2277ece96" testId="90dca259-b558-4168-8918-ba3e98bc13c8" testName="FormatToStringTest1000 (58459.03113649601,58459.03 zł)" computerName="DESKTOP-5URQ9PB" duration="00:00:00.0000064" startTime="2022-06-13T21:12:26.5045996+02:00" endTime="2022-06-13T21:12:26.5046679+02:00" testType="13cdc9d9-ddb5-4fa4-a97d-d965ccfc6d4b" outcome="Passed" testListId="8c84fa94-04c1-424b-9868-57a2d4851a1d" relativeResultsDirectory="6658f6ef-5279-4562-a73a-bbb2277ece96" />
    <UnitTestResult executionId="f5560f78-b012-40c4-8124-48fb5b9a52e6" testId="55bff531-9813-4013-a69e-9bbea7bb426d" testName="FormatToStringTest1000 (17252.06220983903,17252.06 zł)" computerName="DESKTOP-5URQ9PB" duration="00:00:00.0000063" startTime="2022-06-13T21:12:26.2890106+02:00" endTime="2022-06-13T21:12:26.2890862+02:00" testType="13cdc9d9-ddb5-4fa4-a97d-d965ccfc6d4b" outcome="Passed" testListId="8c84fa94-04c1-424b-9868-57a2d4851a1d" relativeResultsDirectory="f5560f78-b012-40c4-8124-48fb5b9a52e6" />
    <UnitTestResult executionId="e42c7d07-1f24-49d4-b5fc-bd14bb8bc6de" testId="59f48579-9c7f-46f5-a0d0-7b04ce73c1ba" testName="FormatToStringTest1000 (2166.4103293970275,2166.41 zł)" computerName="DESKTOP-5URQ9PB" duration="00:00:00.0000061" startTime="2022-06-13T21:12:26.4522866+02:00" endTime="2022-06-13T21:12:26.4523535+02:00" testType="13cdc9d9-ddb5-4fa4-a97d-d965ccfc6d4b" outcome="Passed" testListId="8c84fa94-04c1-424b-9868-57a2d4851a1d" relativeResultsDirectory="e42c7d07-1f24-49d4-b5fc-bd14bb8bc6de" />
    <UnitTestResult executionId="f31c0e80-d073-45c8-aa46-c72e08e444f5" testId="dc004bf1-d77f-4215-8ed8-01e041ba3bca" testName="FormatToStringTest1000 (30031.89550569323,30031.90 zł)" computerName="DESKTOP-5URQ9PB" duration="00:00:00.0000063" startTime="2022-06-13T21:12:26.4142631+02:00" endTime="2022-06-13T21:12:26.4143298+02:00" testType="13cdc9d9-ddb5-4fa4-a97d-d965ccfc6d4b" outcome="Passed" testListId="8c84fa94-04c1-424b-9868-57a2d4851a1d" relativeResultsDirectory="f31c0e80-d073-45c8-aa46-c72e08e444f5" />
    <UnitTestResult executionId="b3d1413c-fc6a-4017-82f7-3f935024de70" testId="a8c92f23-81b8-4d61-8c09-bd5224a9d4c3" testName="FormatToStringTest1000 (7890.044272348771,7890.04 zł)" computerName="DESKTOP-5URQ9PB" duration="00:00:00.0000062" startTime="2022-06-13T21:12:26.4554841+02:00" endTime="2022-06-13T21:12:26.4555521+02:00" testType="13cdc9d9-ddb5-4fa4-a97d-d965ccfc6d4b" outcome="Passed" testListId="8c84fa94-04c1-424b-9868-57a2d4851a1d" relativeResultsDirectory="b3d1413c-fc6a-4017-82f7-3f935024de70" />
    <UnitTestResult executionId="b78b7c8c-6627-4b7c-87e7-b237ecdcf538" testId="e0b61268-b21b-4e65-834e-65cf6c456c24" testName="FormatToStringTest1000 (22281.48592587257,22281.49 zł)" computerName="DESKTOP-5URQ9PB" duration="00:00:00.0000135" startTime="2022-06-13T21:12:26.3781922+02:00" endTime="2022-06-13T21:12:26.3783700+02:00" testType="13cdc9d9-ddb5-4fa4-a97d-d965ccfc6d4b" outcome="Passed" testListId="8c84fa94-04c1-424b-9868-57a2d4851a1d" relativeResultsDirectory="b78b7c8c-6627-4b7c-87e7-b237ecdcf538" />
    <UnitTestResult executionId="8eabe26e-aa69-49d7-9f8e-0d644bb5c681" testId="a97f20a0-58aa-419e-a461-73e5cde67642" testName="FormatToStringTest1000 (47393.54939526671,47393.55 zł)" computerName="DESKTOP-5URQ9PB" duration="00:00:00.0000070" startTime="2022-06-13T21:12:26.4170310+02:00" endTime="2022-06-13T21:12:26.4171103+02:00" testType="13cdc9d9-ddb5-4fa4-a97d-d965ccfc6d4b" outcome="Passed" testListId="8c84fa94-04c1-424b-9868-57a2d4851a1d" relativeResultsDirectory="8eabe26e-aa69-49d7-9f8e-0d644bb5c681" />
    <UnitTestResult executionId="1ed7bd80-ea61-4e3a-a5e2-4189a78c28fd" testId="d7829491-cbda-4bc8-9b45-db2a24d66789" testName="FormatToStringTest1000 (45955.903045959254,45955.90 zł)" computerName="DESKTOP-5URQ9PB" duration="00:00:00.0000063" startTime="2022-06-13T21:12:26.5253456+02:00" endTime="2022-06-13T21:12:26.5254098+02:00" testType="13cdc9d9-ddb5-4fa4-a97d-d965ccfc6d4b" outcome="Passed" testListId="8c84fa94-04c1-424b-9868-57a2d4851a1d" relativeResultsDirectory="1ed7bd80-ea61-4e3a-a5e2-4189a78c28fd" />
    <UnitTestResult executionId="465e2134-0c8f-4832-bb33-e73ef3526b38" testId="a95b361c-ae66-45fc-aed4-dcb6b6f5ee72" testName="FormatToStringTest1000 (2039.440966411699,2039.44 zł)" computerName="DESKTOP-5URQ9PB" duration="00:00:00.0000093" startTime="2022-06-13T21:12:26.3461027+02:00" endTime="2022-06-13T21:12:26.3462244+02:00" testType="13cdc9d9-ddb5-4fa4-a97d-d965ccfc6d4b" outcome="Passed" testListId="8c84fa94-04c1-424b-9868-57a2d4851a1d" relativeResultsDirectory="465e2134-0c8f-4832-bb33-e73ef3526b38" />
    <UnitTestResult executionId="76140e14-f2d5-45d6-918e-9415f35b9939" testId="920ec1be-57c5-4f9d-a92b-1eac4cb315ee" testName="FormatToStringTest1000 (65947.64520381515,65947.65 zł)" computerName="DESKTOP-5URQ9PB" duration="00:00:00.0000064" startTime="2022-06-13T21:12:26.4553968+02:00" endTime="2022-06-13T21:12:26.4554666+02:00" testType="13cdc9d9-ddb5-4fa4-a97d-d965ccfc6d4b" outcome="Passed" testListId="8c84fa94-04c1-424b-9868-57a2d4851a1d" relativeResultsDirectory="76140e14-f2d5-45d6-918e-9415f35b9939" />
    <UnitTestResult executionId="57f96369-58fe-4912-ad04-f85856fa17f4" testId="ece386b8-ea3f-4b57-89b5-b0e7f8622118" testName="FormatToStringTest1000 (16901.497392274203,16901.50 zł)" computerName="DESKTOP-5URQ9PB" duration="00:00:00.0000063" startTime="2022-06-13T21:12:26.4990570+02:00" endTime="2022-06-13T21:12:26.4991229+02:00" testType="13cdc9d9-ddb5-4fa4-a97d-d965ccfc6d4b" outcome="Passed" testListId="8c84fa94-04c1-424b-9868-57a2d4851a1d" relativeResultsDirectory="57f96369-58fe-4912-ad04-f85856fa17f4" />
    <UnitTestResult executionId="5dafd6d0-ddc6-46c3-822c-8480102dbccd" testId="86b5568b-a813-4c53-9bd6-6cc6ace6c3ce" testName="FormatToStringTest1000 (25990.318498101697,25990.32 zł)" computerName="DESKTOP-5URQ9PB" duration="00:00:00.0000062" startTime="2022-06-13T21:12:26.2854825+02:00" endTime="2022-06-13T21:12:26.2855494+02:00" testType="13cdc9d9-ddb5-4fa4-a97d-d965ccfc6d4b" outcome="Passed" testListId="8c84fa94-04c1-424b-9868-57a2d4851a1d" relativeResultsDirectory="5dafd6d0-ddc6-46c3-822c-8480102dbccd" />
    <UnitTestResult executionId="f3817afb-caaa-4932-ae83-0183d1935ff1" testId="315d9502-c747-4936-965f-507f9985ac25" testName="FormatToStringTest1000 (20643.69044446465,20643.69 zł)" computerName="DESKTOP-5URQ9PB" duration="00:00:00.0000062" startTime="2022-06-13T21:12:26.5272933+02:00" endTime="2022-06-13T21:12:26.5273583+02:00" testType="13cdc9d9-ddb5-4fa4-a97d-d965ccfc6d4b" outcome="Passed" testListId="8c84fa94-04c1-424b-9868-57a2d4851a1d" relativeResultsDirectory="f3817afb-caaa-4932-ae83-0183d1935ff1" />
    <UnitTestResult executionId="662ba848-fbee-43a3-8a66-f1d06430223d" testId="646d9dfb-6680-461a-bc95-36eb75d4ab83" testName="FormatToStringTest1000 (30111.54342534372,30111.54 zł)" computerName="DESKTOP-5URQ9PB" duration="00:00:00.0000080" startTime="2022-06-13T21:12:26.5770861+02:00" endTime="2022-06-13T21:12:26.5771583+02:00" testType="13cdc9d9-ddb5-4fa4-a97d-d965ccfc6d4b" outcome="Passed" testListId="8c84fa94-04c1-424b-9868-57a2d4851a1d" relativeResultsDirectory="662ba848-fbee-43a3-8a66-f1d06430223d" />
    <UnitTestResult executionId="6e5349f7-e1d6-4186-b29f-28fadf04a97f" testId="861411c5-3f4c-40a7-9640-39018aa113b9" testName="FormatToStringTest1000 (6752.510462437062,6752.51 zł)" computerName="DESKTOP-5URQ9PB" duration="00:00:00.0000062" startTime="2022-06-13T21:12:26.3091605+02:00" endTime="2022-06-13T21:12:26.3092280+02:00" testType="13cdc9d9-ddb5-4fa4-a97d-d965ccfc6d4b" outcome="Passed" testListId="8c84fa94-04c1-424b-9868-57a2d4851a1d" relativeResultsDirectory="6e5349f7-e1d6-4186-b29f-28fadf04a97f" />
    <UnitTestResult executionId="2e6bd79f-415d-47a9-b130-41c051cedcae" testId="a3bb5891-a468-4206-ae3e-087fe4b64c64" testName="FormatToStringTest1000 (16402.16316587206,16402.16 zł)" computerName="DESKTOP-5URQ9PB" duration="00:00:00.0000063" startTime="2022-06-13T21:12:26.4367423+02:00" endTime="2022-06-13T21:12:26.4368096+02:00" testType="13cdc9d9-ddb5-4fa4-a97d-d965ccfc6d4b" outcome="Passed" testListId="8c84fa94-04c1-424b-9868-57a2d4851a1d" relativeResultsDirectory="2e6bd79f-415d-47a9-b130-41c051cedcae" />
    <UnitTestResult executionId="b9ff7f65-cfe8-401f-b4fa-769698631418" testId="fe04a8f6-737b-4187-b64d-4d50bad1e2fd" testName="FormatToStringTest1000 (21996.80326662576,21996.80 zł)" computerName="DESKTOP-5URQ9PB" duration="00:00:00.0000063" startTime="2022-06-13T21:12:26.5900622+02:00" endTime="2022-06-13T21:12:26.5901272+02:00" testType="13cdc9d9-ddb5-4fa4-a97d-d965ccfc6d4b" outcome="Passed" testListId="8c84fa94-04c1-424b-9868-57a2d4851a1d" relativeResultsDirectory="b9ff7f65-cfe8-401f-b4fa-769698631418" />
    <UnitTestResult executionId="de714cc0-5c9b-4e0d-b274-964c05e5911a" testId="c7ff6098-76d6-4eca-91fc-b8997918e5ab" testName="FormatToStringTest1000 (765.778932784581,765.78 zł)" computerName="DESKTOP-5URQ9PB" duration="00:00:00.0000062" startTime="2022-06-13T21:12:26.4115691+02:00" endTime="2022-06-13T21:12:26.4116332+02:00" testType="13cdc9d9-ddb5-4fa4-a97d-d965ccfc6d4b" outcome="Passed" testListId="8c84fa94-04c1-424b-9868-57a2d4851a1d" relativeResultsDirectory="de714cc0-5c9b-4e0d-b274-964c05e5911a" />
    <UnitTestResult executionId="0f258284-5b71-4613-861b-4a96371ff2ee" testId="ccb4b28e-599b-4914-bbb6-9abe721ba56d" testName="FormatToStringTest1000 (73504.44700518598,73504.45 zł)" computerName="DESKTOP-5URQ9PB" duration="00:00:00.0000063" startTime="2022-06-13T21:12:26.5940134+02:00" endTime="2022-06-13T21:12:26.5940782+02:00" testType="13cdc9d9-ddb5-4fa4-a97d-d965ccfc6d4b" outcome="Passed" testListId="8c84fa94-04c1-424b-9868-57a2d4851a1d" relativeResultsDirectory="0f258284-5b71-4613-861b-4a96371ff2ee" />
    <UnitTestResult executionId="06cb8095-c5ca-44bf-b647-dbb885dfaaff" testId="c3531bcf-3f27-4274-b7b8-423c7f6316d8" testName="FormatToStringTest1000 (10857.521742201186,10857.52 zł)" computerName="DESKTOP-5URQ9PB" duration="00:00:00.0000092" startTime="2022-06-13T21:12:26.5419919+02:00" endTime="2022-06-13T21:12:26.5420645+02:00" testType="13cdc9d9-ddb5-4fa4-a97d-d965ccfc6d4b" outcome="Passed" testListId="8c84fa94-04c1-424b-9868-57a2d4851a1d" relativeResultsDirectory="06cb8095-c5ca-44bf-b647-dbb885dfaaff" />
    <UnitTestResult executionId="a327c9d9-4fba-495d-ae45-3c4422bd4472" testId="53a95739-b2e8-4c87-8191-30ef74feca0b" testName="FormatToStringTest1000 (44930.92203801075,44930.92 zł)" computerName="DESKTOP-5URQ9PB" duration="00:00:00.0000064" startTime="2022-06-13T21:12:26.5922453+02:00" endTime="2022-06-13T21:12:26.5923114+02:00" testType="13cdc9d9-ddb5-4fa4-a97d-d965ccfc6d4b" outcome="Passed" testListId="8c84fa94-04c1-424b-9868-57a2d4851a1d" relativeResultsDirectory="a327c9d9-4fba-495d-ae45-3c4422bd4472" />
    <UnitTestResult executionId="287494ca-77dd-4ef7-b452-01e1722c524e" testId="40e1be45-af6b-4565-8cde-01fd3a3e88d5" testName="FormatToStringTest1000 (4139.032615562451,4139.03 zł)" computerName="DESKTOP-5URQ9PB" duration="00:00:00.0000062" startTime="2022-06-13T21:12:26.5315533+02:00" endTime="2022-06-13T21:12:26.5316180+02:00" testType="13cdc9d9-ddb5-4fa4-a97d-d965ccfc6d4b" outcome="Passed" testListId="8c84fa94-04c1-424b-9868-57a2d4851a1d" relativeResultsDirectory="287494ca-77dd-4ef7-b452-01e1722c524e" />
    <UnitTestResult executionId="009ff7be-33ae-4d3c-81db-3c38fc57209f" testId="7c60ca2d-31ea-45ba-88aa-dacbcf3562b6" testName="FormatToStringTest1000 (1228.101744225296,1228.10 zł)" computerName="DESKTOP-5URQ9PB" duration="00:00:00.0000064" startTime="2022-06-13T21:12:26.5157176+02:00" endTime="2022-06-13T21:12:26.5157831+02:00" testType="13cdc9d9-ddb5-4fa4-a97d-d965ccfc6d4b" outcome="Passed" testListId="8c84fa94-04c1-424b-9868-57a2d4851a1d" relativeResultsDirectory="009ff7be-33ae-4d3c-81db-3c38fc57209f" />
    <UnitTestResult executionId="89c2581a-bc31-4edf-9b32-c16c3041e077" testId="810ef571-c6f7-4697-9041-53fec201c889" testName="FormatToStringTest1000 (60323.066780431225,60323.07 zł)" computerName="DESKTOP-5URQ9PB" duration="00:00:00.0000085" startTime="2022-06-13T21:12:26.3466206+02:00" endTime="2022-06-13T21:12:26.3467123+02:00" testType="13cdc9d9-ddb5-4fa4-a97d-d965ccfc6d4b" outcome="Passed" testListId="8c84fa94-04c1-424b-9868-57a2d4851a1d" relativeResultsDirectory="89c2581a-bc31-4edf-9b32-c16c3041e077" />
    <UnitTestResult executionId="101a64e0-b77e-4b16-a25d-f5de933740c3" testId="1502c027-5a5c-45b9-9eb6-79fb59497798" testName="FormatToStringTest1000 (16511.26921423537,16511.27 zł)" computerName="DESKTOP-5URQ9PB" duration="00:00:00.0000070" startTime="2022-06-13T21:12:26.5746255+02:00" endTime="2022-06-13T21:12:26.5746909+02:00" testType="13cdc9d9-ddb5-4fa4-a97d-d965ccfc6d4b" outcome="Passed" testListId="8c84fa94-04c1-424b-9868-57a2d4851a1d" relativeResultsDirectory="101a64e0-b77e-4b16-a25d-f5de933740c3" />
    <UnitTestResult executionId="b86e459e-dbec-4947-8399-c28987a63289" testId="0ef7db42-77ff-4d82-bb31-bd02df7444eb" testName="FormatToStringTest1000 (22604.838218828587,22604.84 zł)" computerName="DESKTOP-5URQ9PB" duration="00:00:00.0000062" startTime="2022-06-13T21:12:26.2764541+02:00" endTime="2022-06-13T21:12:26.2765208+02:00" testType="13cdc9d9-ddb5-4fa4-a97d-d965ccfc6d4b" outcome="Passed" testListId="8c84fa94-04c1-424b-9868-57a2d4851a1d" relativeResultsDirectory="b86e459e-dbec-4947-8399-c28987a63289" />
    <UnitTestResult executionId="7e4e12d3-4a2a-493f-8bb7-c2a453e10339" testId="4445b421-cadc-4c23-942a-c0d504aa1192" testName="FormatToStringTest1000 (44677.61946778074,44677.62 zł)" computerName="DESKTOP-5URQ9PB" duration="00:00:00.0000061" startTime="2022-06-13T21:12:26.3576619+02:00" endTime="2022-06-13T21:12:26.3577287+02:00" testType="13cdc9d9-ddb5-4fa4-a97d-d965ccfc6d4b" outcome="Passed" testListId="8c84fa94-04c1-424b-9868-57a2d4851a1d" relativeResultsDirectory="7e4e12d3-4a2a-493f-8bb7-c2a453e10339" />
    <UnitTestResult executionId="21c659f1-42a4-4a84-9126-bc2027367ca9" testId="32e5fb5d-26cd-4aeb-815b-83e95d978be8" testName="FormatToStringTest1000 (13402.882692040355,13402.88 zł)" computerName="DESKTOP-5URQ9PB" duration="00:00:00.0000063" startTime="2022-06-13T21:12:26.5511948+02:00" endTime="2022-06-13T21:12:26.5512618+02:00" testType="13cdc9d9-ddb5-4fa4-a97d-d965ccfc6d4b" outcome="Passed" testListId="8c84fa94-04c1-424b-9868-57a2d4851a1d" relativeResultsDirectory="21c659f1-42a4-4a84-9126-bc2027367ca9" />
    <UnitTestResult executionId="3d59646a-c2e7-48e2-a59d-7f4c612e185b" testId="c3ff6bdd-7298-4b24-8b30-fe5bca5b6ab6" testName="FormatToStringTest1000 (9068.70019550468,9068.70 zł)" computerName="DESKTOP-5URQ9PB" duration="00:00:00.0000063" startTime="2022-06-13T21:12:26.3917266+02:00" endTime="2022-06-13T21:12:26.3917912+02:00" testType="13cdc9d9-ddb5-4fa4-a97d-d965ccfc6d4b" outcome="Passed" testListId="8c84fa94-04c1-424b-9868-57a2d4851a1d" relativeResultsDirectory="3d59646a-c2e7-48e2-a59d-7f4c612e185b" />
    <UnitTestResult executionId="d2435f19-c31e-42de-bfe9-cba9fce6d4e7" testId="325e5f1a-226e-4748-a906-1a79e5e00115" testName="FormatToStringTest1000 (76536.95853396178,76536.96 zł)" computerName="DESKTOP-5URQ9PB" duration="00:00:00.0000064" startTime="2022-06-13T21:12:26.4617869+02:00" endTime="2022-06-13T21:12:26.4618604+02:00" testType="13cdc9d9-ddb5-4fa4-a97d-d965ccfc6d4b" outcome="Passed" testListId="8c84fa94-04c1-424b-9868-57a2d4851a1d" relativeResultsDirectory="d2435f19-c31e-42de-bfe9-cba9fce6d4e7" />
    <UnitTestResult executionId="9a587281-38a0-4774-8711-fca335f5f87b" testId="484698dc-a9a9-4f30-82ab-b2c42f58a9a6" testName="FormatToStringTest1000 (16427.591943671738,16427.59 zł)" computerName="DESKTOP-5URQ9PB" duration="00:00:00.0000060" startTime="2022-06-13T21:12:26.4403160+02:00" endTime="2022-06-13T21:12:26.4403825+02:00" testType="13cdc9d9-ddb5-4fa4-a97d-d965ccfc6d4b" outcome="Passed" testListId="8c84fa94-04c1-424b-9868-57a2d4851a1d" relativeResultsDirectory="9a587281-38a0-4774-8711-fca335f5f87b" />
    <UnitTestResult executionId="e8bc8131-af6b-4370-88a5-ce2b3eb2428b" testId="983007e5-93a8-4676-a5c9-f0763d3b2e8f" testName="FormatToStringTest1000 (26207.03715363659,26207.04 zł)" computerName="DESKTOP-5URQ9PB" duration="00:00:00.0000062" startTime="2022-06-13T21:12:26.3354470+02:00" endTime="2022-06-13T21:12:26.3355149+02:00" testType="13cdc9d9-ddb5-4fa4-a97d-d965ccfc6d4b" outcome="Passed" testListId="8c84fa94-04c1-424b-9868-57a2d4851a1d" relativeResultsDirectory="e8bc8131-af6b-4370-88a5-ce2b3eb2428b" />
    <UnitTestResult executionId="d7a394b8-39d3-4c86-8f4e-b8857ce5f97e" testId="7a7c66d4-c9ca-41dc-b43d-2e33a7e35533" testName="FormatToStringTest1000 (38402.8293406753,38402.83 zł)" computerName="DESKTOP-5URQ9PB" duration="00:00:00.0000064" startTime="2022-06-13T21:12:26.5295122+02:00" endTime="2022-06-13T21:12:26.5295790+02:00" testType="13cdc9d9-ddb5-4fa4-a97d-d965ccfc6d4b" outcome="Passed" testListId="8c84fa94-04c1-424b-9868-57a2d4851a1d" relativeResultsDirectory="d7a394b8-39d3-4c86-8f4e-b8857ce5f97e" />
    <UnitTestResult executionId="3a57f682-9a66-4706-aefb-306b9df5e1c3" testId="2659440d-38ab-47bd-8b8d-ce234f8915b8" testName="FormatToStringTest1000 (46790.41011887715,46790.41 zł)" computerName="DESKTOP-5URQ9PB" duration="00:00:00.0000069" startTime="2022-06-13T21:12:26.4464608+02:00" endTime="2022-06-13T21:12:26.4465279+02:00" testType="13cdc9d9-ddb5-4fa4-a97d-d965ccfc6d4b" outcome="Passed" testListId="8c84fa94-04c1-424b-9868-57a2d4851a1d" relativeResultsDirectory="3a57f682-9a66-4706-aefb-306b9df5e1c3" />
    <UnitTestResult executionId="c99136e9-cfc2-4043-8eaa-ab394eabd323" testId="937332e2-223e-4be4-a135-f2608b0e1b93" testName="FormatToStringTest1000 (79764.77845563217,79764.78 zł)" computerName="DESKTOP-5URQ9PB" duration="00:00:00.0000068" startTime="2022-06-13T21:12:26.3639264+02:00" endTime="2022-06-13T21:12:26.3640058+02:00" testType="13cdc9d9-ddb5-4fa4-a97d-d965ccfc6d4b" outcome="Passed" testListId="8c84fa94-04c1-424b-9868-57a2d4851a1d" relativeResultsDirectory="c99136e9-cfc2-4043-8eaa-ab394eabd323" />
    <UnitTestResult executionId="1a15c373-fb18-40ce-a5fd-aeecee9cdc9e" testId="57ad1baf-5a9b-4d87-b28d-78e3e41d8dc9" testName="FormatToStringTest1000 (45299.778512198376,45299.78 zł)" computerName="DESKTOP-5URQ9PB" duration="00:00:00.0000064" startTime="2022-06-13T21:12:26.5220057+02:00" endTime="2022-06-13T21:12:26.5220799+02:00" testType="13cdc9d9-ddb5-4fa4-a97d-d965ccfc6d4b" outcome="Passed" testListId="8c84fa94-04c1-424b-9868-57a2d4851a1d" relativeResultsDirectory="1a15c373-fb18-40ce-a5fd-aeecee9cdc9e" />
    <UnitTestResult executionId="16c91c60-f4f3-4f4d-beb7-a72cf538b914" testId="0b967382-b83f-4c7c-b3b9-1db42564a7ba" testName="FormatToStringTest1000 (15841.26419853478,15841.26 zł)" computerName="DESKTOP-5URQ9PB" duration="00:00:00.0000062" startTime="2022-06-13T21:12:26.5667139+02:00" endTime="2022-06-13T21:12:26.5667787+02:00" testType="13cdc9d9-ddb5-4fa4-a97d-d965ccfc6d4b" outcome="Passed" testListId="8c84fa94-04c1-424b-9868-57a2d4851a1d" relativeResultsDirectory="16c91c60-f4f3-4f4d-beb7-a72cf538b914" />
    <UnitTestResult executionId="aee03a28-8c7b-4dc5-a41a-1c10cd5c8fc2" testId="a97630a7-22da-43d5-93e7-ce14e677c343" testName="FormatToStringTest1000 (56378.261944644735,56378.26 zł)" computerName="DESKTOP-5URQ9PB" duration="00:00:00.0000063" startTime="2022-06-13T21:12:26.3821233+02:00" endTime="2022-06-13T21:12:26.3821973+02:00" testType="13cdc9d9-ddb5-4fa4-a97d-d965ccfc6d4b" outcome="Passed" testListId="8c84fa94-04c1-424b-9868-57a2d4851a1d" relativeResultsDirectory="aee03a28-8c7b-4dc5-a41a-1c10cd5c8fc2" />
    <UnitTestResult executionId="44d93845-1d34-4fa9-897b-602a8b793f96" testId="1c0c0401-cbac-4e8e-b8e5-66e2db5ac083" testName="FormatToStringTest1000 (22666.13578912995,22666.14 zł)" computerName="DESKTOP-5URQ9PB" duration="00:00:00.0000145" startTime="2022-06-13T21:12:26.2700622+02:00" endTime="2022-06-13T21:12:26.2732826+02:00" testType="13cdc9d9-ddb5-4fa4-a97d-d965ccfc6d4b" outcome="Passed" testListId="8c84fa94-04c1-424b-9868-57a2d4851a1d" relativeResultsDirectory="44d93845-1d34-4fa9-897b-602a8b793f96" />
    <UnitTestResult executionId="7b21f302-79b4-4cef-8e53-4a000bd93f80" testId="6d002b79-79e6-4969-a0a6-234561dee19d" testName="FormatToStringTest1000 (7013.601812260971,7013.60 zł)" computerName="DESKTOP-5URQ9PB" duration="00:00:00.0000067" startTime="2022-06-13T21:12:26.5809723+02:00" endTime="2022-06-13T21:12:26.5810370+02:00" testType="13cdc9d9-ddb5-4fa4-a97d-d965ccfc6d4b" outcome="Passed" testListId="8c84fa94-04c1-424b-9868-57a2d4851a1d" relativeResultsDirectory="7b21f302-79b4-4cef-8e53-4a000bd93f80" />
    <UnitTestResult executionId="1753a83b-967b-4a36-b19a-dff43a99bb26" testId="ff132f7e-2eca-49a7-b506-1a5a9884f77c" testName="FormatToStringTest1000 (12949.590713378317,12949.59 zł)" computerName="DESKTOP-5URQ9PB" duration="00:00:00.0000062" startTime="2022-06-13T21:12:26.2657696+02:00" endTime="2022-06-13T21:12:26.2658369+02:00" testType="13cdc9d9-ddb5-4fa4-a97d-d965ccfc6d4b" outcome="Passed" testListId="8c84fa94-04c1-424b-9868-57a2d4851a1d" relativeResultsDirectory="1753a83b-967b-4a36-b19a-dff43a99bb26" />
    <UnitTestResult executionId="d1f6e484-b31a-4365-ac72-f308d3f6e99f" testId="7cde49c6-05e6-4b2c-a8e6-03138aaf0098" testName="FormatToStringTest1000 (24251.68593564848,24251.69 zł)" computerName="DESKTOP-5URQ9PB" duration="00:00:00.0000060" startTime="2022-06-13T21:12:26.4494784+02:00" endTime="2022-06-13T21:12:26.4495445+02:00" testType="13cdc9d9-ddb5-4fa4-a97d-d965ccfc6d4b" outcome="Passed" testListId="8c84fa94-04c1-424b-9868-57a2d4851a1d" relativeResultsDirectory="d1f6e484-b31a-4365-ac72-f308d3f6e99f" />
    <UnitTestResult executionId="65855271-92e3-4b6e-b882-1338c8cd1948" testId="30d403f8-df19-4c84-9789-e3006d1525bc" testName="FormatToStringTest1000 (9754.291367935619,9754.29 zł)" computerName="DESKTOP-5URQ9PB" duration="00:00:00.0000063" startTime="2022-06-13T21:12:26.5939295+02:00" endTime="2022-06-13T21:12:26.5939954+02:00" testType="13cdc9d9-ddb5-4fa4-a97d-d965ccfc6d4b" outcome="Passed" testListId="8c84fa94-04c1-424b-9868-57a2d4851a1d" relativeResultsDirectory="65855271-92e3-4b6e-b882-1338c8cd1948" />
    <UnitTestResult executionId="b1cba99c-de73-4bb0-9660-540da0c5e490" testId="892610da-a9ee-4926-80e9-94610954b29b" testName="FormatToStringTest1000 (63507.32603545455,63507.33 zł)" computerName="DESKTOP-5URQ9PB" duration="00:00:00.0000063" startTime="2022-06-13T21:12:26.2925356+02:00" endTime="2022-06-13T21:12:26.2926122+02:00" testType="13cdc9d9-ddb5-4fa4-a97d-d965ccfc6d4b" outcome="Passed" testListId="8c84fa94-04c1-424b-9868-57a2d4851a1d" relativeResultsDirectory="b1cba99c-de73-4bb0-9660-540da0c5e490" />
    <UnitTestResult executionId="d0cc3142-cfd7-4a00-ba94-e6e24fda172f" testId="cda9d0cf-dba7-478d-9033-25c773ad4c87" testName="FormatToStringTest1000 (8901.937138443784,8901.94 zł)" computerName="DESKTOP-5URQ9PB" duration="00:00:00.0000062" startTime="2022-06-13T21:12:26.4585037+02:00" endTime="2022-06-13T21:12:26.4585703+02:00" testType="13cdc9d9-ddb5-4fa4-a97d-d965ccfc6d4b" outcome="Passed" testListId="8c84fa94-04c1-424b-9868-57a2d4851a1d" relativeResultsDirectory="d0cc3142-cfd7-4a00-ba94-e6e24fda172f" />
    <UnitTestResult executionId="84dfe79d-1816-41f0-a997-41f07d97abfd" testId="38c628c5-a398-49ab-9687-1906ff3ff5da" testName="FormatToStringTest1000 (5870.791169434223,5870.79 zł)" computerName="DESKTOP-5URQ9PB" duration="00:00:00.0000062" startTime="2022-06-13T21:12:26.4116503+02:00" endTime="2022-06-13T21:12:26.4117171+02:00" testType="13cdc9d9-ddb5-4fa4-a97d-d965ccfc6d4b" outcome="Passed" testListId="8c84fa94-04c1-424b-9868-57a2d4851a1d" relativeResultsDirectory="84dfe79d-1816-41f0-a997-41f07d97abfd" />
    <UnitTestResult executionId="2a1747ed-c0e0-4eb9-a9e6-191138a0499b" testId="c331b2b0-5065-4455-9a28-e0a79e2db7e7" testName="FormatToStringTest1000 (1514.6266382441981,1514.63 zł)" computerName="DESKTOP-5URQ9PB" duration="00:00:00.0000064" startTime="2022-06-13T21:12:26.4037320+02:00" endTime="2022-06-13T21:12:26.4038093+02:00" testType="13cdc9d9-ddb5-4fa4-a97d-d965ccfc6d4b" outcome="Passed" testListId="8c84fa94-04c1-424b-9868-57a2d4851a1d" relativeResultsDirectory="2a1747ed-c0e0-4eb9-a9e6-191138a0499b" />
    <UnitTestResult executionId="47604a5d-9bcd-4e7d-917a-c15a2ce906bf" testId="1f460bbb-2336-44d3-b080-7539e2463db7" testName="FormatToStringTest1000 (22330.217605518745,22330.22 zł)" computerName="DESKTOP-5URQ9PB" duration="00:00:00.0000073" startTime="2022-06-13T21:12:26.5861931+02:00" endTime="2022-06-13T21:12:26.5862626+02:00" testType="13cdc9d9-ddb5-4fa4-a97d-d965ccfc6d4b" outcome="Passed" testListId="8c84fa94-04c1-424b-9868-57a2d4851a1d" relativeResultsDirectory="47604a5d-9bcd-4e7d-917a-c15a2ce906bf" />
    <UnitTestResult executionId="50362713-1de2-4f9f-8f5c-8b19964198b7" testId="46b2a898-cf0f-4ccd-91f7-df649fae91c2" testName="FormatToStringTest1000 (16825.83099003268,16825.83 zł)" computerName="DESKTOP-5URQ9PB" duration="00:00:00.0000063" startTime="2022-06-13T21:12:26.5198427+02:00" endTime="2022-06-13T21:12:26.5199078+02:00" testType="13cdc9d9-ddb5-4fa4-a97d-d965ccfc6d4b" outcome="Passed" testListId="8c84fa94-04c1-424b-9868-57a2d4851a1d" relativeResultsDirectory="50362713-1de2-4f9f-8f5c-8b19964198b7" />
    <UnitTestResult executionId="bdcff145-1286-4f8a-80c0-6a2d0ae2b12d" testId="d9eaf0b3-7cde-45ae-b307-1f4780967fbc" testName="FormatToStringTest1000 (4648.492795337221,4648.49 zł)" computerName="DESKTOP-5URQ9PB" duration="00:00:00.0000064" startTime="2022-06-13T21:12:26.4111404+02:00" endTime="2022-06-13T21:12:26.4112138+02:00" testType="13cdc9d9-ddb5-4fa4-a97d-d965ccfc6d4b" outcome="Passed" testListId="8c84fa94-04c1-424b-9868-57a2d4851a1d" relativeResultsDirectory="bdcff145-1286-4f8a-80c0-6a2d0ae2b12d" />
    <UnitTestResult executionId="0421d75b-ce90-43ba-9217-f6ad86736570" testId="ac27bad8-413f-41f9-a729-5019049954d3" testName="FormatToStringTest1000 (801.5720517614726,801.57 zł)" computerName="DESKTOP-5URQ9PB" duration="00:00:00.0000072" startTime="2022-06-13T21:12:26.4139924+02:00" endTime="2022-06-13T21:12:26.4140702+02:00" testType="13cdc9d9-ddb5-4fa4-a97d-d965ccfc6d4b" outcome="Passed" testListId="8c84fa94-04c1-424b-9868-57a2d4851a1d" relativeResultsDirectory="0421d75b-ce90-43ba-9217-f6ad86736570" />
    <UnitTestResult executionId="d67db5e8-8116-4e31-b09f-c7f410c90b43" testId="29db9080-61f9-4dcd-8a17-a88b542f90e5" testName="FormatToStringTest1000 (44065.726815678056,44065.73 zł)" computerName="DESKTOP-5URQ9PB" duration="00:00:00.0000064" startTime="2022-06-13T21:12:26.3675060+02:00" endTime="2022-06-13T21:12:26.3675788+02:00" testType="13cdc9d9-ddb5-4fa4-a97d-d965ccfc6d4b" outcome="Passed" testListId="8c84fa94-04c1-424b-9868-57a2d4851a1d" relativeResultsDirectory="d67db5e8-8116-4e31-b09f-c7f410c90b43" />
    <UnitTestResult executionId="a9327f03-1e57-4790-ba36-8f47c3ca62b0" testId="acec02a7-d873-4141-b0d8-a36e92f480b3" testName="FormatToStringTest1000 (6466.872242818062,6466.87 zł)" computerName="DESKTOP-5URQ9PB" duration="00:00:00.0000062" startTime="2022-06-13T21:12:26.5137225+02:00" endTime="2022-06-13T21:12:26.5137874+02:00" testType="13cdc9d9-ddb5-4fa4-a97d-d965ccfc6d4b" outcome="Passed" testListId="8c84fa94-04c1-424b-9868-57a2d4851a1d" relativeResultsDirectory="a9327f03-1e57-4790-ba36-8f47c3ca62b0" />
    <UnitTestResult executionId="f0924506-4008-43d8-ad80-b7dcce9b094b" testId="ec8186e1-f00c-435d-a5e0-dfb79e92edee" testName="FormatToStringTest1000 (78822.37212685234,78822.37 zł)" computerName="DESKTOP-5URQ9PB" duration="00:00:00.0000061" startTime="2022-06-13T21:12:26.2858176+02:00" endTime="2022-06-13T21:12:26.2858836+02:00" testType="13cdc9d9-ddb5-4fa4-a97d-d965ccfc6d4b" outcome="Passed" testListId="8c84fa94-04c1-424b-9868-57a2d4851a1d" relativeResultsDirectory="f0924506-4008-43d8-ad80-b7dcce9b094b" />
    <UnitTestResult executionId="948ebc72-7878-40f8-8a91-001a35f9c773" testId="293e26d2-9e3b-4736-a129-ca36ec3545b1" testName="FormatToStringTest1000 (79973.08417819678,79973.08 zł)" computerName="DESKTOP-5URQ9PB" duration="00:00:00.0000063" startTime="2022-06-13T21:12:26.2253885+02:00" endTime="2022-06-13T21:12:26.2254556+02:00" testType="13cdc9d9-ddb5-4fa4-a97d-d965ccfc6d4b" outcome="Passed" testListId="8c84fa94-04c1-424b-9868-57a2d4851a1d" relativeResultsDirectory="948ebc72-7878-40f8-8a91-001a35f9c773" />
    <UnitTestResult executionId="34fbffc7-4385-48b9-8cff-7f98e0329ef4" testId="42862ed3-8412-41ce-9bf7-d9a10013d079" testName="FormatToStringTest1000 (8499.121443388574,8499.12 zł)" computerName="DESKTOP-5URQ9PB" duration="00:00:00.0000061" startTime="2022-06-13T21:12:26.2827621+02:00" endTime="2022-06-13T21:12:26.2828297+02:00" testType="13cdc9d9-ddb5-4fa4-a97d-d965ccfc6d4b" outcome="Passed" testListId="8c84fa94-04c1-424b-9868-57a2d4851a1d" relativeResultsDirectory="34fbffc7-4385-48b9-8cff-7f98e0329ef4" />
    <UnitTestResult executionId="d63667c0-dca7-4acc-b6b0-674dd6052e8b" testId="115fe794-9fb7-4446-9e74-fd861ed74414" testName="FormatToStringTest1000 (16416.109736457518,16416.11 zł)" computerName="DESKTOP-5URQ9PB" duration="00:00:00.0000063" startTime="2022-06-13T21:12:26.4659656+02:00" endTime="2022-06-13T21:12:26.4660322+02:00" testType="13cdc9d9-ddb5-4fa4-a97d-d965ccfc6d4b" outcome="Passed" testListId="8c84fa94-04c1-424b-9868-57a2d4851a1d" relativeResultsDirectory="d63667c0-dca7-4acc-b6b0-674dd6052e8b" />
    <UnitTestResult executionId="5509c85e-5e00-431a-a668-62451d20b9c9" testId="ed96606f-99b1-4b33-b6be-b64e79b9f379" testName="FormatToStringTest1000 (21728.91641959963,21728.92 zł)" computerName="DESKTOP-5URQ9PB" duration="00:00:00.0000062" startTime="2022-06-13T21:12:26.5941864+02:00" endTime="2022-06-13T21:12:26.5942539+02:00" testType="13cdc9d9-ddb5-4fa4-a97d-d965ccfc6d4b" outcome="Passed" testListId="8c84fa94-04c1-424b-9868-57a2d4851a1d" relativeResultsDirectory="5509c85e-5e00-431a-a668-62451d20b9c9" />
    <UnitTestResult executionId="189b9e14-5fdb-451e-b74c-31a43fafbca6" testId="d29c029b-db67-4351-9b51-b980ad210af1" testName="FormatToStringTest1000 (15624.452361264477,15624.45 zł)" computerName="DESKTOP-5URQ9PB" duration="00:00:00.0000069" startTime="2022-06-13T21:12:26.4518431+02:00" endTime="2022-06-13T21:12:26.4519219+02:00" testType="13cdc9d9-ddb5-4fa4-a97d-d965ccfc6d4b" outcome="Passed" testListId="8c84fa94-04c1-424b-9868-57a2d4851a1d" relativeResultsDirectory="189b9e14-5fdb-451e-b74c-31a43fafbca6" />
    <UnitTestResult executionId="1992238d-d8c8-4d06-8a13-4f510a22be0a" testId="ec747fdb-2ddb-4954-b1d1-352324b41df9" testName="FormatToStringTest1000 (26468.346804109562,26468.35 zł)" computerName="DESKTOP-5URQ9PB" duration="00:00:00.0000072" startTime="2022-06-13T21:12:26.3737715+02:00" endTime="2022-06-13T21:12:26.3738565+02:00" testType="13cdc9d9-ddb5-4fa4-a97d-d965ccfc6d4b" outcome="Passed" testListId="8c84fa94-04c1-424b-9868-57a2d4851a1d" relativeResultsDirectory="1992238d-d8c8-4d06-8a13-4f510a22be0a" />
    <UnitTestResult executionId="085bb47d-a375-45b4-9bbf-b3db67fc8457" testId="3dc2a74e-188a-4ad4-9c39-a8119de4d569" testName="FormatToStringTest1000 (7182.939759099362,7182.94 zł)" computerName="DESKTOP-5URQ9PB" duration="00:00:00.0000064" startTime="2022-06-13T21:12:26.3677833+02:00" endTime="2022-06-13T21:12:26.3678563+02:00" testType="13cdc9d9-ddb5-4fa4-a97d-d965ccfc6d4b" outcome="Passed" testListId="8c84fa94-04c1-424b-9868-57a2d4851a1d" relativeResultsDirectory="085bb47d-a375-45b4-9bbf-b3db67fc8457" />
    <UnitTestResult executionId="4ad94ebb-6ef4-4988-abfe-2200dcb2fbeb" testId="a79e0d0d-6ceb-42b9-9424-300084eb1518" testName="FormatToStringTest1000 (50339.31259969497,50339.31 zł)" computerName="DESKTOP-5URQ9PB" duration="00:00:00.0000067" startTime="2022-06-13T21:12:26.2918819+02:00" endTime="2022-06-13T21:12:26.2919598+02:00" testType="13cdc9d9-ddb5-4fa4-a97d-d965ccfc6d4b" outcome="Passed" testListId="8c84fa94-04c1-424b-9868-57a2d4851a1d" relativeResultsDirectory="4ad94ebb-6ef4-4988-abfe-2200dcb2fbeb" />
    <UnitTestResult executionId="5fb8ff2e-ba15-4b48-886d-e41791408c77" testId="41da0957-bd62-42ff-bfdf-c7f1ebb66f35" testName="FormatToStringTest1000 (19462.729986486367,19462.73 zł)" computerName="DESKTOP-5URQ9PB" duration="00:00:00.0000074" startTime="2022-06-13T21:12:26.5173383+02:00" endTime="2022-06-13T21:12:26.5174191+02:00" testType="13cdc9d9-ddb5-4fa4-a97d-d965ccfc6d4b" outcome="Passed" testListId="8c84fa94-04c1-424b-9868-57a2d4851a1d" relativeResultsDirectory="5fb8ff2e-ba15-4b48-886d-e41791408c77" />
    <UnitTestResult executionId="1fd20931-1849-43dd-ad9d-082aa707a4f8" testId="a616a446-2569-4c3f-99c9-89e43c04ef9f" testName="FormatToStringTest1000 (67230.86250807665,67230.86 zł)" computerName="DESKTOP-5URQ9PB" duration="00:00:00.0000070" startTime="2022-06-13T21:12:26.3115921+02:00" endTime="2022-06-13T21:12:26.3116703+02:00" testType="13cdc9d9-ddb5-4fa4-a97d-d965ccfc6d4b" outcome="Passed" testListId="8c84fa94-04c1-424b-9868-57a2d4851a1d" relativeResultsDirectory="1fd20931-1849-43dd-ad9d-082aa707a4f8" />
    <UnitTestResult executionId="d6510262-d734-4a95-bf69-140995ac5324" testId="bec81ad4-6a35-4c44-8311-5dc11fd863de" testName="FormatToStringTest1000 (50664.01951024869,50664.02 zł)" computerName="DESKTOP-5URQ9PB" duration="00:00:00.0000062" startTime="2022-06-13T21:12:26.5093887+02:00" endTime="2022-06-13T21:12:26.5094539+02:00" testType="13cdc9d9-ddb5-4fa4-a97d-d965ccfc6d4b" outcome="Passed" testListId="8c84fa94-04c1-424b-9868-57a2d4851a1d" relativeResultsDirectory="d6510262-d734-4a95-bf69-140995ac5324" />
    <UnitTestResult executionId="4cd489f7-90a9-424f-8357-de2bc3229188" testId="a48cbe55-7ecd-4ab1-9cfc-b26bc761ea1c" testName="FormatToStringTest1000 (7716.571614765363,7716.57 zł)" computerName="DESKTOP-5URQ9PB" duration="00:00:00.0000062" startTime="2022-06-13T21:12:26.5577791+02:00" endTime="2022-06-13T21:12:26.5578433+02:00" testType="13cdc9d9-ddb5-4fa4-a97d-d965ccfc6d4b" outcome="Passed" testListId="8c84fa94-04c1-424b-9868-57a2d4851a1d" relativeResultsDirectory="4cd489f7-90a9-424f-8357-de2bc3229188" />
    <UnitTestResult executionId="9ae867ff-6b12-45b4-8624-5ea05f90e373" testId="5e06e6af-120c-4fe9-8499-bf3f96869788" testName="FormatToStringTest1000 (9765.54450809748,9765.54 zł)" computerName="DESKTOP-5URQ9PB" duration="00:00:00.0000064" startTime="2022-06-13T21:12:26.3421048+02:00" endTime="2022-06-13T21:12:26.3421761+02:00" testType="13cdc9d9-ddb5-4fa4-a97d-d965ccfc6d4b" outcome="Passed" testListId="8c84fa94-04c1-424b-9868-57a2d4851a1d" relativeResultsDirectory="9ae867ff-6b12-45b4-8624-5ea05f90e373" />
    <UnitTestResult executionId="3e879968-0e00-4717-97e8-19ba5fdd6f51" testId="8f5d0886-3d13-4984-aa38-6140eb99f244" testName="FormatToStringTest1000 (33601.357302459124,33601.36 zł)" computerName="DESKTOP-5URQ9PB" duration="00:00:00.0000063" startTime="2022-06-13T21:12:26.5769244+02:00" endTime="2022-06-13T21:12:26.5769885+02:00" testType="13cdc9d9-ddb5-4fa4-a97d-d965ccfc6d4b" outcome="Passed" testListId="8c84fa94-04c1-424b-9868-57a2d4851a1d" relativeResultsDirectory="3e879968-0e00-4717-97e8-19ba5fdd6f51" />
    <UnitTestResult executionId="c3e75bd9-673c-4982-a5b4-c7a0b6dec86a" testId="1b78dd25-ee71-401b-b8f7-aa0c769ae46a" testName="FormatToStringTest1000 (4094.6752323977066,4094.68 zł)" computerName="DESKTOP-5URQ9PB" duration="00:00:00.0000062" startTime="2022-06-13T21:12:26.5944324+02:00" endTime="2022-06-13T21:12:26.5944965+02:00" testType="13cdc9d9-ddb5-4fa4-a97d-d965ccfc6d4b" outcome="Passed" testListId="8c84fa94-04c1-424b-9868-57a2d4851a1d" relativeResultsDirectory="c3e75bd9-673c-4982-a5b4-c7a0b6dec86a" />
    <UnitTestResult executionId="0b16ed3e-5694-4c35-b239-4951b095ed25" testId="1662e721-10e6-4cfb-812d-bfbbdc1e0fa2" testName="FormatToStringTest1000 (803.2448148733214,803.24 zł)" computerName="DESKTOP-5URQ9PB" duration="00:00:00.0000063" startTime="2022-06-13T21:12:26.5728067+02:00" endTime="2022-06-13T21:12:26.5728721+02:00" testType="13cdc9d9-ddb5-4fa4-a97d-d965ccfc6d4b" outcome="Passed" testListId="8c84fa94-04c1-424b-9868-57a2d4851a1d" relativeResultsDirectory="0b16ed3e-5694-4c35-b239-4951b095ed25" />
    <UnitTestResult executionId="b73a55ed-1d7b-4f86-9b48-51f66113c754" testId="41e45369-ebc3-4283-aacc-e8303d1083b3" testName="FormatToStringTest1000 (11829.625994884234,11829.63 zł)" computerName="DESKTOP-5URQ9PB" duration="00:00:00.0000072" startTime="2022-06-13T21:12:26.4292344+02:00" endTime="2022-06-13T21:12:26.4293130+02:00" testType="13cdc9d9-ddb5-4fa4-a97d-d965ccfc6d4b" outcome="Passed" testListId="8c84fa94-04c1-424b-9868-57a2d4851a1d" relativeResultsDirectory="b73a55ed-1d7b-4f86-9b48-51f66113c754" />
    <UnitTestResult executionId="0ee88663-e4b2-4a8e-958a-8ef996d5c399" testId="d16ac174-062d-40f4-a291-5c2e00a7fb55" testName="FormatToStringTest1000 (12379.347974640013,12379.35 zł)" computerName="DESKTOP-5URQ9PB" duration="00:00:00.0000072" startTime="2022-06-13T21:12:26.5785061+02:00" endTime="2022-06-13T21:12:26.5785823+02:00" testType="13cdc9d9-ddb5-4fa4-a97d-d965ccfc6d4b" outcome="Passed" testListId="8c84fa94-04c1-424b-9868-57a2d4851a1d" relativeResultsDirectory="0ee88663-e4b2-4a8e-958a-8ef996d5c399" />
    <UnitTestResult executionId="0b293564-81bf-4e3b-b61b-0e64664fb175" testId="976f461e-6386-46b0-bc89-0423fb81bc98" testName="FormatToStringTest1000 (46590.9609819562,46590.96 zł)" computerName="DESKTOP-5URQ9PB" duration="00:00:00.0000064" startTime="2022-06-13T21:12:26.3542359+02:00" endTime="2022-06-13T21:12:26.3543009+02:00" testType="13cdc9d9-ddb5-4fa4-a97d-d965ccfc6d4b" outcome="Passed" testListId="8c84fa94-04c1-424b-9868-57a2d4851a1d" relativeResultsDirectory="0b293564-81bf-4e3b-b61b-0e64664fb175" />
    <UnitTestResult executionId="d8deb89b-9bee-478a-bfa1-07338c279ceb" testId="459b4017-1fc4-41fc-9687-88d109579741" testName="FormatToStringTest1000 (17455.15807988595,17455.16 zł)" computerName="DESKTOP-5URQ9PB" duration="00:00:00.0000063" startTime="2022-06-13T21:12:26.5492775+02:00" endTime="2022-06-13T21:12:26.5493429+02:00" testType="13cdc9d9-ddb5-4fa4-a97d-d965ccfc6d4b" outcome="Passed" testListId="8c84fa94-04c1-424b-9868-57a2d4851a1d" relativeResultsDirectory="d8deb89b-9bee-478a-bfa1-07338c279ceb" />
    <UnitTestResult executionId="5165e549-9727-45e8-90b0-72b253e27098" testId="1cf9b560-783f-4f36-8824-9987465f7ffe" testName="FormatToStringTest1000 (16637.074429372828,16637.07 zł)" computerName="DESKTOP-5URQ9PB" duration="00:00:00.0000064" startTime="2022-06-13T21:12:26.3571576+02:00" endTime="2022-06-13T21:12:26.3572267+02:00" testType="13cdc9d9-ddb5-4fa4-a97d-d965ccfc6d4b" outcome="Passed" testListId="8c84fa94-04c1-424b-9868-57a2d4851a1d" relativeResultsDirectory="5165e549-9727-45e8-90b0-72b253e27098" />
    <UnitTestResult executionId="d74d269e-0130-43cb-b83e-ef8b5f820e07" testId="9d526ba9-9e56-4c81-8231-51f08b62af27" testName="FormatToStringTest1000 (85407.13428016152,85407.13 zł)" computerName="DESKTOP-5URQ9PB" duration="00:00:00.0000063" startTime="2022-06-13T21:12:26.5945132+02:00" endTime="2022-06-13T21:12:26.5945781+02:00" testType="13cdc9d9-ddb5-4fa4-a97d-d965ccfc6d4b" outcome="Passed" testListId="8c84fa94-04c1-424b-9868-57a2d4851a1d" relativeResultsDirectory="d74d269e-0130-43cb-b83e-ef8b5f820e07" />
    <UnitTestResult executionId="111fee07-b470-4728-8d22-2b79315aeec7" testId="f57af3dd-3f6d-4a00-89cb-13f767df785d" testName="FormatToStringTest1000 (5978.1197194131655,5978.12 zł)" computerName="DESKTOP-5URQ9PB" duration="00:00:00.0000061" startTime="2022-06-13T21:12:26.5808913+02:00" endTime="2022-06-13T21:12:26.5809553+02:00" testType="13cdc9d9-ddb5-4fa4-a97d-d965ccfc6d4b" outcome="Passed" testListId="8c84fa94-04c1-424b-9868-57a2d4851a1d" relativeResultsDirectory="111fee07-b470-4728-8d22-2b79315aeec7" />
    <UnitTestResult executionId="7735be02-811c-4d72-abe5-f8912ceb392c" testId="8d0eab21-feb3-4698-9787-3fe39ea2057c" testName="FormatToStringTest1000 (6035.818653228608,6035.82 zł)" computerName="DESKTOP-5URQ9PB" duration="00:00:00.0000062" startTime="2022-06-13T21:12:26.3883527+02:00" endTime="2022-06-13T21:12:26.3884201+02:00" testType="13cdc9d9-ddb5-4fa4-a97d-d965ccfc6d4b" outcome="Passed" testListId="8c84fa94-04c1-424b-9868-57a2d4851a1d" relativeResultsDirectory="7735be02-811c-4d72-abe5-f8912ceb392c" />
    <UnitTestResult executionId="2e2a2d5f-d236-497f-af9c-5dd7fcc6a4f4" testId="4ba0d164-a28f-43e3-a96e-a6f26dd74933" testName="FormatToStringTest1000 (21693.340115174808,21693.34 zł)" computerName="DESKTOP-5URQ9PB" duration="00:00:00.0000061" startTime="2022-06-13T21:12:26.4492279+02:00" endTime="2022-06-13T21:12:26.4492946+02:00" testType="13cdc9d9-ddb5-4fa4-a97d-d965ccfc6d4b" outcome="Passed" testListId="8c84fa94-04c1-424b-9868-57a2d4851a1d" relativeResultsDirectory="2e2a2d5f-d236-497f-af9c-5dd7fcc6a4f4" />
    <UnitTestResult executionId="99ed82d4-9f7a-4739-9f40-db7b430b2f58" testId="6fb35075-395a-498c-b7db-4c1c85143db1" testName="FormatToStringTest1000 (2346.9964869427477,2347.00 zł)" computerName="DESKTOP-5URQ9PB" duration="00:00:00.0000063" startTime="2022-06-13T21:12:26.4008635+02:00" endTime="2022-06-13T21:12:26.4009302+02:00" testType="13cdc9d9-ddb5-4fa4-a97d-d965ccfc6d4b" outcome="Passed" testListId="8c84fa94-04c1-424b-9868-57a2d4851a1d" relativeResultsDirectory="99ed82d4-9f7a-4739-9f40-db7b430b2f58" />
    <UnitTestResult executionId="9c3ced90-f9a7-46ff-8a9f-eaf2fadf619b" testId="8a2615f8-3942-4adb-9b1a-81615c55e3c3" testName="FormatToStringTest1000 (70581.91150977784,70581.91 zł)" computerName="DESKTOP-5URQ9PB" duration="00:00:00.0000604" startTime="2022-06-13T21:12:26.4758051+02:00" endTime="2022-06-13T21:12:26.4767474+02:00" testType="13cdc9d9-ddb5-4fa4-a97d-d965ccfc6d4b" outcome="Passed" testListId="8c84fa94-04c1-424b-9868-57a2d4851a1d" relativeResultsDirectory="9c3ced90-f9a7-46ff-8a9f-eaf2fadf619b" />
    <UnitTestResult executionId="b9b37ea3-fca3-42d7-9656-b49da222ead0" testId="b984bb59-281a-4860-96b5-bf8c8b7badbe" testName="FormatToStringTest1000 (9503.466049463705,9503.47 zł)" computerName="DESKTOP-5URQ9PB" duration="00:00:00.0000286" startTime="2022-06-13T21:12:26.4851064+02:00" endTime="2022-06-13T21:12:26.4854543+02:00" testType="13cdc9d9-ddb5-4fa4-a97d-d965ccfc6d4b" outcome="Passed" testListId="8c84fa94-04c1-424b-9868-57a2d4851a1d" relativeResultsDirectory="b9b37ea3-fca3-42d7-9656-b49da222ead0" />
    <UnitTestResult executionId="384bdf7f-6b07-4a7f-a30b-6b71296e5abc" testId="886fa1cd-3c87-45bc-81a6-9d5ac23c6422" testName="FormatToStringTest1000 (1562.3173604776698,1562.32 zł)" computerName="DESKTOP-5URQ9PB" duration="00:00:00.0000062" startTime="2022-06-13T21:12:26.3786693+02:00" endTime="2022-06-13T21:12:26.3787367+02:00" testType="13cdc9d9-ddb5-4fa4-a97d-d965ccfc6d4b" outcome="Passed" testListId="8c84fa94-04c1-424b-9868-57a2d4851a1d" relativeResultsDirectory="384bdf7f-6b07-4a7f-a30b-6b71296e5abc" />
    <UnitTestResult executionId="9425dd3b-e2a4-472b-8230-87b3087612f2" testId="500892f9-1c10-4e3f-a533-1f3a529bdee5" testName="FormatToStringTest1000 (5279.315995182524,5279.32 zł)" computerName="DESKTOP-5URQ9PB" duration="00:00:00.0000100" startTime="2022-06-13T21:12:26.4653733+02:00" endTime="2022-06-13T21:12:26.4655112+02:00" testType="13cdc9d9-ddb5-4fa4-a97d-d965ccfc6d4b" outcome="Passed" testListId="8c84fa94-04c1-424b-9868-57a2d4851a1d" relativeResultsDirectory="9425dd3b-e2a4-472b-8230-87b3087612f2" />
    <UnitTestResult executionId="ba4ddc8a-fd64-4a28-9af9-2640762b0c1d" testId="83b28f8f-78b9-4453-8b48-a886986c91e8" testName="FormatToStringTest1000 (28992.38363400166,28992.38 zł)" computerName="DESKTOP-5URQ9PB" duration="00:00:00.0000061" startTime="2022-06-13T21:12:26.5274581+02:00" endTime="2022-06-13T21:12:26.5275227+02:00" testType="13cdc9d9-ddb5-4fa4-a97d-d965ccfc6d4b" outcome="Passed" testListId="8c84fa94-04c1-424b-9868-57a2d4851a1d" relativeResultsDirectory="ba4ddc8a-fd64-4a28-9af9-2640762b0c1d" />
    <UnitTestResult executionId="ec7161f0-41ee-4de4-8057-f0dc6572e6c2" testId="a7c601c9-0d67-4706-a69f-6c840872c11b" testName="FormatToStringTest1000 (29917.15005391145,29917.15 zł)" computerName="DESKTOP-5URQ9PB" duration="00:00:00.0000064" startTime="2022-06-13T21:12:26.5217313+02:00" endTime="2022-06-13T21:12:26.5218026+02:00" testType="13cdc9d9-ddb5-4fa4-a97d-d965ccfc6d4b" outcome="Passed" testListId="8c84fa94-04c1-424b-9868-57a2d4851a1d" relativeResultsDirectory="ec7161f0-41ee-4de4-8057-f0dc6572e6c2" />
    <UnitTestResult executionId="e821cad3-9f1a-4bb4-9cda-e5d7442bf5e9" testId="7fab9fd9-e8c4-43dd-b2a5-f67aa1669368" testName="FormatToStringTest1000 (38253.101637909705,38253.10 zł)" computerName="DESKTOP-5URQ9PB" duration="00:00:00.0000064" startTime="2022-06-13T21:12:26.5136402+02:00" endTime="2022-06-13T21:12:26.5137053+02:00" testType="13cdc9d9-ddb5-4fa4-a97d-d965ccfc6d4b" outcome="Passed" testListId="8c84fa94-04c1-424b-9868-57a2d4851a1d" relativeResultsDirectory="e821cad3-9f1a-4bb4-9cda-e5d7442bf5e9" />
    <UnitTestResult executionId="2ccb159d-7f76-4f68-8e00-7b22d52f221c" testId="5e9a0a10-2f07-4eca-ab89-82bb04ddfe3c" testName="FormatToStringTest1000 (13337.80490493486,13337.80 zł)" computerName="DESKTOP-5URQ9PB" duration="00:00:00.0000113" startTime="2022-06-13T21:12:26.5860927+02:00" endTime="2022-06-13T21:12:26.5861671+02:00" testType="13cdc9d9-ddb5-4fa4-a97d-d965ccfc6d4b" outcome="Passed" testListId="8c84fa94-04c1-424b-9868-57a2d4851a1d" relativeResultsDirectory="2ccb159d-7f76-4f68-8e00-7b22d52f221c" />
    <UnitTestResult executionId="9e5f9d1f-a63a-4f7d-adeb-75b3c11380fe" testId="ad541675-a95e-41a4-9451-ac61b4152ea4" testName="FormatToStringTest1000 (4419.750844657306,4419.75 zł)" computerName="DESKTOP-5URQ9PB" duration="00:00:00.0000092" startTime="2022-06-13T21:12:26.5395929+02:00" endTime="2022-06-13T21:12:26.5396924+02:00" testType="13cdc9d9-ddb5-4fa4-a97d-d965ccfc6d4b" outcome="Passed" testListId="8c84fa94-04c1-424b-9868-57a2d4851a1d" relativeResultsDirectory="9e5f9d1f-a63a-4f7d-adeb-75b3c11380fe" />
    <UnitTestResult executionId="4e2ad781-fd57-4d6a-892e-b6db8da34899" testId="afb25b1d-216b-446d-b122-d64bd050600f" testName="FormatToStringTest1000 (11430.666613002619,11430.67 zł)" computerName="DESKTOP-5URQ9PB" duration="00:00:00.0000063" startTime="2022-06-13T21:12:26.3355334+02:00" endTime="2022-06-13T21:12:26.3355999+02:00" testType="13cdc9d9-ddb5-4fa4-a97d-d965ccfc6d4b" outcome="Passed" testListId="8c84fa94-04c1-424b-9868-57a2d4851a1d" relativeResultsDirectory="4e2ad781-fd57-4d6a-892e-b6db8da34899" />
    <UnitTestResult executionId="5282d3c8-a83d-4dbc-8495-2da5ce8cec43" testId="a0ec6ccb-a7af-4fd3-9009-5fd6f89af91d" testName="FormatToStringTest1000 (47025.6224095177,47025.62 zł)" computerName="DESKTOP-5URQ9PB" duration="00:00:00.0000064" startTime="2022-06-13T21:12:26.3575803+02:00" endTime="2022-06-13T21:12:26.3576448+02:00" testType="13cdc9d9-ddb5-4fa4-a97d-d965ccfc6d4b" outcome="Passed" testListId="8c84fa94-04c1-424b-9868-57a2d4851a1d" relativeResultsDirectory="5282d3c8-a83d-4dbc-8495-2da5ce8cec43" />
    <UnitTestResult executionId="089c59dd-3ccb-4b84-9791-e2f6a097942e" testId="ad0778a4-877e-4d9b-9ecc-70966d479b58" testName="FormatToStringTest1000 (1669.555150571072,1669.56 zł)" computerName="DESKTOP-5URQ9PB" duration="00:00:00.0000065" startTime="2022-06-13T21:12:26.5771766+02:00" endTime="2022-06-13T21:12:26.5772440+02:00" testType="13cdc9d9-ddb5-4fa4-a97d-d965ccfc6d4b" outcome="Passed" testListId="8c84fa94-04c1-424b-9868-57a2d4851a1d" relativeResultsDirectory="089c59dd-3ccb-4b84-9791-e2f6a097942e" />
    <UnitTestResult executionId="064ccfe4-853f-4f6b-af86-18003eb1cce7" testId="cecd381e-550e-4956-a6da-0820ac28f237" testName="FormatToStringTest1000 (45445.182098106096,45445.18 zł)" computerName="DESKTOP-5URQ9PB" duration="00:00:00.0000063" startTime="2022-06-13T21:12:26.3853549+02:00" endTime="2022-06-13T21:12:26.3854217+02:00" testType="13cdc9d9-ddb5-4fa4-a97d-d965ccfc6d4b" outcome="Passed" testListId="8c84fa94-04c1-424b-9868-57a2d4851a1d" relativeResultsDirectory="064ccfe4-853f-4f6b-af86-18003eb1cce7" />
    <UnitTestResult executionId="a8fc7ee0-ce50-4e0c-97de-67060232fa4a" testId="4e9afbd1-896a-41c4-b1a9-fedb7951ccdb" testName="FormatToStringTest1000 (10914.360814625099,10914.36 zł)" computerName="DESKTOP-5URQ9PB" duration="00:00:00.0000064" startTime="2022-06-13T21:12:26.2253030+02:00" endTime="2022-06-13T21:12:26.2253712+02:00" testType="13cdc9d9-ddb5-4fa4-a97d-d965ccfc6d4b" outcome="Passed" testListId="8c84fa94-04c1-424b-9868-57a2d4851a1d" relativeResultsDirectory="a8fc7ee0-ce50-4e0c-97de-67060232fa4a" />
    <UnitTestResult executionId="aca465be-70b0-44f5-9c06-3facdb8b1466" testId="c7578b9e-9762-466b-8abf-527abf7aa40f" testName="FormatToStringTest1000 (5810.695934967462,5810.70 zł)" computerName="DESKTOP-5URQ9PB" duration="00:00:00.0000063" startTime="2022-06-13T21:12:26.5898925+02:00" endTime="2022-06-13T21:12:26.5899582+02:00" testType="13cdc9d9-ddb5-4fa4-a97d-d965ccfc6d4b" outcome="Passed" testListId="8c84fa94-04c1-424b-9868-57a2d4851a1d" relativeResultsDirectory="aca465be-70b0-44f5-9c06-3facdb8b1466" />
    <UnitTestResult executionId="1fdc848f-1815-420c-b1de-4bcdb9ca05f0" testId="2fc7a142-82d6-4a70-9563-218876a0d5ea" testName="FormatToStringTest1000 (13568.230982493717,13568.23 zł)" computerName="DESKTOP-5URQ9PB" duration="00:00:00.0000118" startTime="2022-06-13T21:12:26.4690858+02:00" endTime="2022-06-13T21:12:26.4691583+02:00" testType="13cdc9d9-ddb5-4fa4-a97d-d965ccfc6d4b" outcome="Passed" testListId="8c84fa94-04c1-424b-9868-57a2d4851a1d" relativeResultsDirectory="1fdc848f-1815-420c-b1de-4bcdb9ca05f0" />
    <UnitTestResult executionId="9cd76e23-77c1-4612-b3da-ba426e8eced7" testId="91520096-e01c-456e-ad95-1b54eb742b39" testName="FormatToStringTest1000 (79339.95632144621,79339.96 zł)" computerName="DESKTOP-5URQ9PB" duration="00:00:00.0000063" startTime="2022-06-13T21:12:26.5863612+02:00" endTime="2022-06-13T21:12:26.5864261+02:00" testType="13cdc9d9-ddb5-4fa4-a97d-d965ccfc6d4b" outcome="Passed" testListId="8c84fa94-04c1-424b-9868-57a2d4851a1d" relativeResultsDirectory="9cd76e23-77c1-4612-b3da-ba426e8eced7" />
    <UnitTestResult executionId="2f75d73a-7007-4a87-9d49-1a38f3004efa" testId="a8d8a061-ca1c-452c-87e4-4a6316d6af49" testName="FormatToStringTest1000 (12429.698213906819,12429.70 zł)" computerName="DESKTOP-5URQ9PB" duration="00:00:00.0000065" startTime="2022-06-13T21:12:26.4140892+02:00" endTime="2022-06-13T21:12:26.4141620+02:00" testType="13cdc9d9-ddb5-4fa4-a97d-d965ccfc6d4b" outcome="Passed" testListId="8c84fa94-04c1-424b-9868-57a2d4851a1d" relativeResultsDirectory="2f75d73a-7007-4a87-9d49-1a38f3004efa" />
    <UnitTestResult executionId="d6912683-f42d-4aa1-9840-1e66800e2255" testId="a47ba5d0-5d13-43ec-a582-63be9b603814" testName="FormatToStringTest1000 (40241.790964380736,40241.79 zł)" computerName="DESKTOP-5URQ9PB" duration="00:00:00.0000067" startTime="2022-06-13T21:12:26.5671197+02:00" endTime="2022-06-13T21:12:26.5671960+02:00" testType="13cdc9d9-ddb5-4fa4-a97d-d965ccfc6d4b" outcome="Passed" testListId="8c84fa94-04c1-424b-9868-57a2d4851a1d" relativeResultsDirectory="d6912683-f42d-4aa1-9840-1e66800e2255" />
    <UnitTestResult executionId="adba0007-8dbf-408b-8140-8408be4abaf8" testId="40c82c2c-f733-42d8-8e6c-ccacc2ba8d6f" testName="FormatToStringTest1000 (28583.827618148098,28583.83 zł)" computerName="DESKTOP-5URQ9PB" duration="00:00:00.0000063" startTime="2022-06-13T21:12:26.3155277+02:00" endTime="2022-06-13T21:12:26.3155942+02:00" testType="13cdc9d9-ddb5-4fa4-a97d-d965ccfc6d4b" outcome="Passed" testListId="8c84fa94-04c1-424b-9868-57a2d4851a1d" relativeResultsDirectory="adba0007-8dbf-408b-8140-8408be4abaf8" />
    <UnitTestResult executionId="71beafa9-9e29-4d9c-9f0f-a13dc2cfcd4a" testId="21acf5bb-c0ac-475b-b772-89ae87b3b755" testName="FormatToStringTest1000 (22459.530444447664,22459.53 zł)" computerName="DESKTOP-5URQ9PB" duration="00:00:00.0000098" startTime="2022-06-13T21:12:26.4395704+02:00" endTime="2022-06-13T21:12:26.4396799+02:00" testType="13cdc9d9-ddb5-4fa4-a97d-d965ccfc6d4b" outcome="Passed" testListId="8c84fa94-04c1-424b-9868-57a2d4851a1d" relativeResultsDirectory="71beafa9-9e29-4d9c-9f0f-a13dc2cfcd4a" />
    <UnitTestResult executionId="62ff1ac6-bfa6-4161-89c7-7563ae783bc1" testId="ff413960-a526-4577-978c-e1433a4cfd52" testName="FormatToStringTest1000 (95353.10327693219,95353.10 zł)" computerName="DESKTOP-5URQ9PB" duration="00:00:00.0000065" startTime="2022-06-13T21:12:26.3323145+02:00" endTime="2022-06-13T21:12:26.3323836+02:00" testType="13cdc9d9-ddb5-4fa4-a97d-d965ccfc6d4b" outcome="Passed" testListId="8c84fa94-04c1-424b-9868-57a2d4851a1d" relativeResultsDirectory="62ff1ac6-bfa6-4161-89c7-7563ae783bc1" />
    <UnitTestResult executionId="6831566a-6110-4eaf-8144-9b3934446790" testId="b7d26eda-9837-4d49-ba4e-3d8f9171f6f8" testName="FormatToStringTest1000 (21961.272673999552,21961.27 zł)" computerName="DESKTOP-5URQ9PB" duration="00:00:00.0000063" startTime="2022-06-13T21:12:26.2920691+02:00" endTime="2022-06-13T21:12:26.2921504+02:00" testType="13cdc9d9-ddb5-4fa4-a97d-d965ccfc6d4b" outcome="Passed" testListId="8c84fa94-04c1-424b-9868-57a2d4851a1d" relativeResultsDirectory="6831566a-6110-4eaf-8144-9b3934446790" />
    <UnitTestResult executionId="6f071fae-a611-4b18-b94d-7f63b22666be" testId="6b798677-4f08-46d6-99d4-219df81bfa90" testName="FormatToStringTest1000 (61422.228144277455,61422.23 zł)" computerName="DESKTOP-5URQ9PB" duration="00:00:00.0000067" startTime="2022-06-13T21:12:26.5153861+02:00" endTime="2022-06-13T21:12:26.5154524+02:00" testType="13cdc9d9-ddb5-4fa4-a97d-d965ccfc6d4b" outcome="Passed" testListId="8c84fa94-04c1-424b-9868-57a2d4851a1d" relativeResultsDirectory="6f071fae-a611-4b18-b94d-7f63b22666be" />
    <UnitTestResult executionId="199e63c6-c9f7-4e54-be58-e4575b883b00" testId="cb037552-ab28-4c46-84cc-b285d48839dc" testName="FormatToStringTest1000 (60017.857676936714,60017.86 zł)" computerName="DESKTOP-5URQ9PB" duration="00:00:00.0000064" startTime="2022-06-13T21:12:26.5860108+02:00" endTime="2022-06-13T21:12:26.5860759+02:00" testType="13cdc9d9-ddb5-4fa4-a97d-d965ccfc6d4b" outcome="Passed" testListId="8c84fa94-04c1-424b-9868-57a2d4851a1d" relativeResultsDirectory="199e63c6-c9f7-4e54-be58-e4575b883b00" />
    <UnitTestResult executionId="548fd2ef-5fe9-4942-9090-8c558857325a" testId="d4d11be2-333d-4c06-9cd3-c5b1031e60f3" testName="FormatToStringTest1000 (13046.352146307172,13046.35 zł)" computerName="DESKTOP-5URQ9PB" duration="00:00:00.0000061" startTime="2022-06-13T21:12:26.5747885+02:00" endTime="2022-06-13T21:12:26.5748527+02:00" testType="13cdc9d9-ddb5-4fa4-a97d-d965ccfc6d4b" outcome="Passed" testListId="8c84fa94-04c1-424b-9868-57a2d4851a1d" relativeResultsDirectory="548fd2ef-5fe9-4942-9090-8c558857325a" />
    <UnitTestResult executionId="49a3993c-7bf9-4893-9f99-4917fea628b8" testId="3ead99d5-5c49-4c0d-97ea-31e15d12b509" testName="FormatToStringTest1000 (35784.54232617307,35784.54 zł)" computerName="DESKTOP-5URQ9PB" duration="00:00:00.0000062" startTime="2022-06-13T21:12:26.2761997+02:00" endTime="2022-06-13T21:12:26.2762675+02:00" testType="13cdc9d9-ddb5-4fa4-a97d-d965ccfc6d4b" outcome="Passed" testListId="8c84fa94-04c1-424b-9868-57a2d4851a1d" relativeResultsDirectory="49a3993c-7bf9-4893-9f99-4917fea628b8" />
    <UnitTestResult executionId="b69779fb-2638-4227-b2bb-60c3e3553184" testId="8f265e4b-decc-4788-a413-2d6c290609f0" testName="FormatToStringTest1000 (47431.868885526375,47431.87 zł)" computerName="DESKTOP-5URQ9PB" duration="00:00:00.0000066" startTime="2022-06-13T21:12:26.4655388+02:00" endTime="2022-06-13T21:12:26.4656086+02:00" testType="13cdc9d9-ddb5-4fa4-a97d-d965ccfc6d4b" outcome="Passed" testListId="8c84fa94-04c1-424b-9868-57a2d4851a1d" relativeResultsDirectory="b69779fb-2638-4227-b2bb-60c3e3553184" />
    <UnitTestResult executionId="5ca7b06b-6d7d-43cd-8fcf-3aad2dbe7767" testId="c6366022-7623-428f-8b8c-78b15ecfe4f2" testName="FormatToStringTest1000 (70149.17842025738,70149.18 zł)" computerName="DESKTOP-5URQ9PB" duration="00:00:00.0000065" startTime="2022-06-13T21:12:26.4615089+02:00" endTime="2022-06-13T21:12:26.4615822+02:00" testType="13cdc9d9-ddb5-4fa4-a97d-d965ccfc6d4b" outcome="Passed" testListId="8c84fa94-04c1-424b-9868-57a2d4851a1d" relativeResultsDirectory="5ca7b06b-6d7d-43cd-8fcf-3aad2dbe7767" />
    <UnitTestResult executionId="2bf60644-e617-4b7d-aa85-1787b5bb5858" testId="c7d25a09-c948-4008-b867-f7f62b20e0d5" testName="FormatToStringTest1000 (26015.8311952552,26015.83 zł)" computerName="DESKTOP-5URQ9PB" duration="00:00:00.0000064" startTime="2022-06-13T21:12:26.3678734+02:00" endTime="2022-06-13T21:12:26.3679442+02:00" testType="13cdc9d9-ddb5-4fa4-a97d-d965ccfc6d4b" outcome="Passed" testListId="8c84fa94-04c1-424b-9868-57a2d4851a1d" relativeResultsDirectory="2bf60644-e617-4b7d-aa85-1787b5bb5858" />
    <UnitTestResult executionId="5dac2423-5361-4fe0-8bba-10b174dc067b" testId="f2ceb299-5d9d-4072-a326-b08f34f8c034" testName="FormatToStringTest1000 (17845.255864087147,17845.26 zł)" computerName="DESKTOP-5URQ9PB" duration="00:00:00.0000062" startTime="2022-06-13T21:12:26.3326557+02:00" endTime="2022-06-13T21:12:26.3327219+02:00" testType="13cdc9d9-ddb5-4fa4-a97d-d965ccfc6d4b" outcome="Passed" testListId="8c84fa94-04c1-424b-9868-57a2d4851a1d" relativeResultsDirectory="5dac2423-5361-4fe0-8bba-10b174dc067b" />
    <UnitTestResult executionId="3e203da4-e0ae-41d1-aa2d-ea9d23643088" testId="93cb0ea9-2253-4868-85ed-4736b50d1482" testName="FormatToStringTest1000 (8582.709131852587,8582.71 zł)" computerName="DESKTOP-5URQ9PB" duration="00:00:00.0000064" startTime="2022-06-13T21:12:26.5296782+02:00" endTime="2022-06-13T21:12:26.5297434+02:00" testType="13cdc9d9-ddb5-4fa4-a97d-d965ccfc6d4b" outcome="Passed" testListId="8c84fa94-04c1-424b-9868-57a2d4851a1d" relativeResultsDirectory="3e203da4-e0ae-41d1-aa2d-ea9d23643088" />
    <UnitTestResult executionId="758f7e72-81ad-4c2f-85ce-93c8eec80338" testId="66855f2d-c340-4ccb-80e0-75dd760bb4c3" testName="FormatToStringTest1000 (22189.78731674132,22189.79 zł)" computerName="DESKTOP-5URQ9PB" duration="00:00:00.0000071" startTime="2022-06-13T21:12:26.4684826+02:00" endTime="2022-06-13T21:12:26.4685613+02:00" testType="13cdc9d9-ddb5-4fa4-a97d-d965ccfc6d4b" outcome="Passed" testListId="8c84fa94-04c1-424b-9868-57a2d4851a1d" relativeResultsDirectory="758f7e72-81ad-4c2f-85ce-93c8eec80338" />
    <UnitTestResult executionId="b9d256b6-4426-4fb5-8fc9-6c096559b173" testId="faaba616-45a2-49d3-bf16-513016097b6a" testName="FormatToStringTest1000 (12221.10494323592,12221.10 zł)" computerName="DESKTOP-5URQ9PB" duration="00:00:00.0000062" startTime="2022-06-13T21:12:26.3062164+02:00" endTime="2022-06-13T21:12:26.3062848+02:00" testType="13cdc9d9-ddb5-4fa4-a97d-d965ccfc6d4b" outcome="Passed" testListId="8c84fa94-04c1-424b-9868-57a2d4851a1d" relativeResultsDirectory="b9d256b6-4426-4fb5-8fc9-6c096559b173" />
    <UnitTestResult executionId="df7dc9fd-8db1-417e-9573-4aa4049eba23" testId="a76b4cbc-a6cb-4649-be0d-097ecdad0674" testName="FormatToStringTest1000 (1687.5965557361937,1687.60 zł)" computerName="DESKTOP-5URQ9PB" duration="00:00:00.0000073" startTime="2022-06-13T21:12:26.4427328+02:00" endTime="2022-06-13T21:12:26.4428160+02:00" testType="13cdc9d9-ddb5-4fa4-a97d-d965ccfc6d4b" outcome="Passed" testListId="8c84fa94-04c1-424b-9868-57a2d4851a1d" relativeResultsDirectory="df7dc9fd-8db1-417e-9573-4aa4049eba23" />
    <UnitTestResult executionId="2defc5c1-3b7f-496e-90c6-d45a470d8c76" testId="219c3dea-62ff-477f-9b1b-ba6b7756052e" testName="FormatToStringTest1000 (19071.681252896637,19071.68 zł)" computerName="DESKTOP-5URQ9PB" duration="00:00:00.0000062" startTime="2022-06-13T21:12:26.5153011+02:00" endTime="2022-06-13T21:12:26.5153689+02:00" testType="13cdc9d9-ddb5-4fa4-a97d-d965ccfc6d4b" outcome="Passed" testListId="8c84fa94-04c1-424b-9868-57a2d4851a1d" relativeResultsDirectory="2defc5c1-3b7f-496e-90c6-d45a470d8c76" />
    <UnitTestResult executionId="308e79b4-d0f3-414a-85b3-3cb272f83367" testId="805e85ae-f513-47f5-96e5-ce203821f826" testName="FormatToStringTest1000 (16282.687804925576,16282.69 zł)" computerName="DESKTOP-5URQ9PB" duration="00:00:00.0000063" startTime="2022-06-13T21:12:26.3212506+02:00" endTime="2022-06-13T21:12:26.3213172+02:00" testType="13cdc9d9-ddb5-4fa4-a97d-d965ccfc6d4b" outcome="Passed" testListId="8c84fa94-04c1-424b-9868-57a2d4851a1d" relativeResultsDirectory="308e79b4-d0f3-414a-85b3-3cb272f83367" />
    <UnitTestResult executionId="88475a26-4331-4ff7-b3c3-4ebd0a5cf72f" testId="ca602540-1b4e-4f7a-adef-3f2ae8f1eb1e" testName="FormatToStringTest1000 (72802.68569213277,72802.69 zł)" computerName="DESKTOP-5URQ9PB" duration="00:00:00.0000063" startTime="2022-06-13T21:12:26.5555020+02:00" endTime="2022-06-13T21:12:26.5555662+02:00" testType="13cdc9d9-ddb5-4fa4-a97d-d965ccfc6d4b" outcome="Passed" testListId="8c84fa94-04c1-424b-9868-57a2d4851a1d" relativeResultsDirectory="88475a26-4331-4ff7-b3c3-4ebd0a5cf72f" />
    <UnitTestResult executionId="c23e63ad-a694-4c15-bcea-2cfbe7347f27" testId="98da4d1f-f0e1-4fc2-8102-3a1cbe3bd01e" testName="FormatToStringTest1000 (30722.846572104303,30722.85 zł)" computerName="DESKTOP-5URQ9PB" duration="00:00:00.0000062" startTime="2022-06-13T21:12:26.5067589+02:00" endTime="2022-06-13T21:12:26.5068248+02:00" testType="13cdc9d9-ddb5-4fa4-a97d-d965ccfc6d4b" outcome="Passed" testListId="8c84fa94-04c1-424b-9868-57a2d4851a1d" relativeResultsDirectory="c23e63ad-a694-4c15-bcea-2cfbe7347f27" />
    <UnitTestResult executionId="d6b1d611-431a-4787-b643-0702296cb886" testId="d64170f4-658c-43db-a4af-773800e61d80" testName="FormatToStringTest1000 (1187.8237780126854,1187.82 zł)" computerName="DESKTOP-5URQ9PB" duration="00:00:00.0000071" startTime="2022-06-13T21:12:26.5470358+02:00" endTime="2022-06-13T21:12:26.5471131+02:00" testType="13cdc9d9-ddb5-4fa4-a97d-d965ccfc6d4b" outcome="Passed" testListId="8c84fa94-04c1-424b-9868-57a2d4851a1d" relativeResultsDirectory="d6b1d611-431a-4787-b643-0702296cb886" />
    <UnitTestResult executionId="594bcc74-19ec-4273-b7c6-b0892bd23ac9" testId="5c000734-5803-4cd0-9094-e04382801b31" testName="FormatToStringTest1000 (41876.979471482795,41876.98 zł)" computerName="DESKTOP-5URQ9PB" duration="00:00:00.0000093" startTime="2022-06-13T21:12:26.2989035+02:00" endTime="2022-06-13T21:12:26.2989821+02:00" testType="13cdc9d9-ddb5-4fa4-a97d-d965ccfc6d4b" outcome="Passed" testListId="8c84fa94-04c1-424b-9868-57a2d4851a1d" relativeResultsDirectory="594bcc74-19ec-4273-b7c6-b0892bd23ac9" />
    <UnitTestResult executionId="74e6693b-a9dc-499e-b058-fafcaef8f86c" testId="846833ab-1e85-44f5-83f2-871af2e65b74" testName="FormatToStringTest1000 (13206.129467931636,13206.13 zł)" computerName="DESKTOP-5URQ9PB" duration="00:00:00.0000063" startTime="2022-06-13T21:12:26.5066754+02:00" endTime="2022-06-13T21:12:26.5067418+02:00" testType="13cdc9d9-ddb5-4fa4-a97d-d965ccfc6d4b" outcome="Passed" testListId="8c84fa94-04c1-424b-9868-57a2d4851a1d" relativeResultsDirectory="74e6693b-a9dc-499e-b058-fafcaef8f86c" />
    <UnitTestResult executionId="6762229e-d4c7-4030-99cc-39e0b03f57ff" testId="db232b9c-032b-4fdc-83bb-158eda0ad353" testName="FormatToStringTest1000 (11624.834848273003,11624.83 zł)" computerName="DESKTOP-5URQ9PB" duration="00:00:00.0000063" startTime="2022-06-13T21:12:26.4940707+02:00" endTime="2022-06-13T21:12:26.4941389+02:00" testType="13cdc9d9-ddb5-4fa4-a97d-d965ccfc6d4b" outcome="Passed" testListId="8c84fa94-04c1-424b-9868-57a2d4851a1d" relativeResultsDirectory="6762229e-d4c7-4030-99cc-39e0b03f57ff" />
    <UnitTestResult executionId="a05b5abb-2437-4807-9f70-0d74a81eb3ef" testId="24e5cf4e-8db8-459a-9e30-b9717821ef36" testName="FormatToStringTest1000 (10527.083945901639,10527.08 zł)" computerName="DESKTOP-5URQ9PB" duration="00:00:00.0000063" startTime="2022-06-13T21:12:26.5397991+02:00" endTime="2022-06-13T21:12:26.5398646+02:00" testType="13cdc9d9-ddb5-4fa4-a97d-d965ccfc6d4b" outcome="Passed" testListId="8c84fa94-04c1-424b-9868-57a2d4851a1d" relativeResultsDirectory="a05b5abb-2437-4807-9f70-0d74a81eb3ef" />
    <UnitTestResult executionId="1d7162fa-f4cd-4840-91a3-78f4de423f93" testId="7e8a329c-f56a-4090-b92d-2f53f7f2dfd4" testName="FormatToStringTest1000 (6027.66019266828,6027.66 zł)" computerName="DESKTOP-5URQ9PB" duration="00:00:00.0000062" startTime="2022-06-13T21:12:26.5552615+02:00" endTime="2022-06-13T21:12:26.5553239+02:00" testType="13cdc9d9-ddb5-4fa4-a97d-d965ccfc6d4b" outcome="Passed" testListId="8c84fa94-04c1-424b-9868-57a2d4851a1d" relativeResultsDirectory="1d7162fa-f4cd-4840-91a3-78f4de423f93" />
    <UnitTestResult executionId="40890210-6608-41ab-8fc2-74ba9d0b96e9" testId="6b8a4e19-a4fc-4b6e-a58e-1765aa6e7562" testName="FormatToStringTest1000 (7813.027778348433,7813.03 zł)" computerName="DESKTOP-5URQ9PB" duration="00:00:00.0000090" startTime="2022-06-13T21:12:26.5151802+02:00" endTime="2022-06-13T21:12:26.5152791+02:00" testType="13cdc9d9-ddb5-4fa4-a97d-d965ccfc6d4b" outcome="Passed" testListId="8c84fa94-04c1-424b-9868-57a2d4851a1d" relativeResultsDirectory="40890210-6608-41ab-8fc2-74ba9d0b96e9" />
    <UnitTestResult executionId="adb10051-ec12-4421-8324-00c0a9e78665" testId="cfb11ec5-7999-4a81-9569-bb4c55797eef" testName="FormatToStringTest1000 (2121.0917325211185,2121.09 zł)" computerName="DESKTOP-5URQ9PB" duration="00:00:00.0000313" startTime="2022-06-13T21:12:26.4933803+02:00" endTime="2022-06-13T21:12:26.4935767+02:00" testType="13cdc9d9-ddb5-4fa4-a97d-d965ccfc6d4b" outcome="Passed" testListId="8c84fa94-04c1-424b-9868-57a2d4851a1d" relativeResultsDirectory="adb10051-ec12-4421-8324-00c0a9e78665" />
    <UnitTestResult executionId="4dd44628-f873-4344-8639-9f0d9d97c76e" testId="427c2c7b-8704-4891-a358-d6b64a678093" testName="FormatToStringTest1000 (20640.678251201603,20640.68 zł)" computerName="DESKTOP-5URQ9PB" duration="00:00:00.0000063" startTime="2022-06-13T21:12:26.4522024+02:00" endTime="2022-06-13T21:12:26.4522691+02:00" testType="13cdc9d9-ddb5-4fa4-a97d-d965ccfc6d4b" outcome="Passed" testListId="8c84fa94-04c1-424b-9868-57a2d4851a1d" relativeResultsDirectory="4dd44628-f873-4344-8639-9f0d9d97c76e" />
    <UnitTestResult executionId="1391f0a1-b99b-4f67-8558-d229a686c5ee" testId="b92aec42-d663-4fe1-8acf-95aa28b1cf5c" testName="FormatToStringTest1000 (73372.53853826903,73372.54 zł)" computerName="DESKTOP-5URQ9PB" duration="00:00:00.0000063" startTime="2022-06-13T21:12:26.3607596+02:00" endTime="2022-06-13T21:12:26.3608257+02:00" testType="13cdc9d9-ddb5-4fa4-a97d-d965ccfc6d4b" outcome="Passed" testListId="8c84fa94-04c1-424b-9868-57a2d4851a1d" relativeResultsDirectory="1391f0a1-b99b-4f67-8558-d229a686c5ee" />
    <UnitTestResult executionId="5db4f436-ba68-4427-957d-ffa4a7205ec1" testId="e0d631b3-d097-43ac-a1d8-1435c2208f8f" testName="FormatToStringTest1000 (29417.800422138444,29417.80 zł)" computerName="DESKTOP-5URQ9PB" duration="00:00:00.0000063" startTime="2022-06-13T21:12:26.3544020+02:00" endTime="2022-06-13T21:12:26.3544696+02:00" testType="13cdc9d9-ddb5-4fa4-a97d-d965ccfc6d4b" outcome="Passed" testListId="8c84fa94-04c1-424b-9868-57a2d4851a1d" relativeResultsDirectory="5db4f436-ba68-4427-957d-ffa4a7205ec1" />
    <UnitTestResult executionId="9211c4cf-d740-4b0e-901d-2c7fcf4639d8" testId="b1734ffc-b586-4d39-b777-1a407e459fe2" testName="FormatToStringTest1000 (8644.187977380207,8644.19 zł)" computerName="DESKTOP-5URQ9PB" duration="00:00:00.0000115" startTime="2022-06-13T21:12:26.5448729+02:00" endTime="2022-06-13T21:12:26.5450455+02:00" testType="13cdc9d9-ddb5-4fa4-a97d-d965ccfc6d4b" outcome="Passed" testListId="8c84fa94-04c1-424b-9868-57a2d4851a1d" relativeResultsDirectory="9211c4cf-d740-4b0e-901d-2c7fcf4639d8" />
    <UnitTestResult executionId="616aadf1-d564-49cb-b439-1262a8cb51d8" testId="909890b7-e2f9-4e72-8443-37cd67909ea8" testName="FormatToStringTest1000 (18627.604896394354,18627.60 zł)" computerName="DESKTOP-5URQ9PB" duration="00:00:00.0000062" startTime="2022-06-13T21:12:26.4989737+02:00" endTime="2022-06-13T21:12:26.4990397+02:00" testType="13cdc9d9-ddb5-4fa4-a97d-d965ccfc6d4b" outcome="Passed" testListId="8c84fa94-04c1-424b-9868-57a2d4851a1d" relativeResultsDirectory="616aadf1-d564-49cb-b439-1262a8cb51d8" />
    <UnitTestResult executionId="80e2f11f-b3b0-457e-9db5-5cd8eda1f3de" testId="9c00bd8d-5139-4c0e-a1da-ff27c48ae7e7" testName="FormatToStringTest1000 (23980.12943509646,23980.13 zł)" computerName="DESKTOP-5URQ9PB" duration="00:00:00.0000063" startTime="2022-06-13T21:12:26.3181339+02:00" endTime="2022-06-13T21:12:26.3182059+02:00" testType="13cdc9d9-ddb5-4fa4-a97d-d965ccfc6d4b" outcome="Passed" testListId="8c84fa94-04c1-424b-9868-57a2d4851a1d" relativeResultsDirectory="80e2f11f-b3b0-457e-9db5-5cd8eda1f3de" />
    <UnitTestResult executionId="44f673dc-c7b8-406d-93f9-955d1e9663ce" testId="4b270141-773f-4a0c-a7f6-0a65e03aa1f5" testName="FormatToStringTest1000 (14635.510547500808,14635.51 zł)" computerName="DESKTOP-5URQ9PB" duration="00:00:00.0000063" startTime="2022-06-13T21:12:26.5089554+02:00" endTime="2022-06-13T21:12:26.5090220+02:00" testType="13cdc9d9-ddb5-4fa4-a97d-d965ccfc6d4b" outcome="Passed" testListId="8c84fa94-04c1-424b-9868-57a2d4851a1d" relativeResultsDirectory="44f673dc-c7b8-406d-93f9-955d1e9663ce" />
    <UnitTestResult executionId="15795cdf-2ed3-480d-b591-6cad27277572" testId="a8e4daa3-39c8-4369-a18d-4b322b1593f1" testName="FormatToStringTest1000 (17031.365705376662,17031.37 zł)" computerName="DESKTOP-5URQ9PB" duration="00:00:00.0000063" startTime="2022-06-13T21:12:26.4293317+02:00" endTime="2022-06-13T21:12:26.4293995+02:00" testType="13cdc9d9-ddb5-4fa4-a97d-d965ccfc6d4b" outcome="Passed" testListId="8c84fa94-04c1-424b-9868-57a2d4851a1d" relativeResultsDirectory="15795cdf-2ed3-480d-b591-6cad27277572" />
    <UnitTestResult executionId="ff68e28a-1d35-4d7f-83b1-41cea49b10f9" testId="b047e1f4-1094-4a81-b627-84fed2d916ed" testName="FormatToStringTest1000 (12831.146874380833,12831.15 zł)" computerName="DESKTOP-5URQ9PB" duration="00:00:00.0000063" startTime="2022-06-13T21:12:26.4234054+02:00" endTime="2022-06-13T21:12:26.4234740+02:00" testType="13cdc9d9-ddb5-4fa4-a97d-d965ccfc6d4b" outcome="Passed" testListId="8c84fa94-04c1-424b-9868-57a2d4851a1d" relativeResultsDirectory="ff68e28a-1d35-4d7f-83b1-41cea49b10f9" />
    <UnitTestResult executionId="4224ce3a-d558-497b-aa60-39927d6950b7" testId="4b695b74-1dd2-4681-9e12-eb382904c234" testName="FormatToStringTest1000 (38904.87092920806,38904.87 zł)" computerName="DESKTOP-5URQ9PB" duration="00:00:00.0000256" startTime="2022-06-13T21:12:26.4907152+02:00" endTime="2022-06-13T21:12:26.4908830+02:00" testType="13cdc9d9-ddb5-4fa4-a97d-d965ccfc6d4b" outcome="Passed" testListId="8c84fa94-04c1-424b-9868-57a2d4851a1d" relativeResultsDirectory="4224ce3a-d558-497b-aa60-39927d6950b7" />
    <UnitTestResult executionId="76aff8f0-258d-4204-a636-cb554b162f21" testId="617107d3-5e62-4c8e-920a-4f09e2d0ecca" testName="FormatToStringTest1000 (468.83385119346616,468.83 zł)" computerName="DESKTOP-5URQ9PB" duration="00:00:00.0000072" startTime="2022-06-13T21:12:26.2789111+02:00" endTime="2022-06-13T21:12:26.2789930+02:00" testType="13cdc9d9-ddb5-4fa4-a97d-d965ccfc6d4b" outcome="Passed" testListId="8c84fa94-04c1-424b-9868-57a2d4851a1d" relativeResultsDirectory="76aff8f0-258d-4204-a636-cb554b162f21" />
    <UnitTestResult executionId="303ab137-0e59-4309-9dbe-18c9a17333fc" testId="542225d2-aa44-4cef-8aeb-71da694f146b" testName="FormatToStringTest1000 (20344.185360967265,20344.19 zł)" computerName="DESKTOP-5URQ9PB" duration="00:00:00.0000064" startTime="2022-06-13T21:12:26.5339365+02:00" endTime="2022-06-13T21:12:26.5340016+02:00" testType="13cdc9d9-ddb5-4fa4-a97d-d965ccfc6d4b" outcome="Passed" testListId="8c84fa94-04c1-424b-9868-57a2d4851a1d" relativeResultsDirectory="303ab137-0e59-4309-9dbe-18c9a17333fc" />
    <UnitTestResult executionId="c9dd28e5-3190-4d2c-b1ce-2636a63387e1" testId="761dd374-49f3-404e-a062-a3d4234575ba" testName="FormatToStringTest1000 (48084.94422955389,48084.94 zł)" computerName="DESKTOP-5URQ9PB" duration="00:00:00.0000062" startTime="2022-06-13T21:12:26.4010323+02:00" endTime="2022-06-13T21:12:26.4010991+02:00" testType="13cdc9d9-ddb5-4fa4-a97d-d965ccfc6d4b" outcome="Passed" testListId="8c84fa94-04c1-424b-9868-57a2d4851a1d" relativeResultsDirectory="c9dd28e5-3190-4d2c-b1ce-2636a63387e1" />
    <UnitTestResult executionId="e0d880ad-3a5a-4a07-9292-4c2d35d4d813" testId="1be4385b-55ff-4a43-bb45-1c991cf4e1f5" testName="FormatToStringTest1000 (12283.48626129026,12283.49 zł)" computerName="DESKTOP-5URQ9PB" duration="00:00:00.0000061" startTime="2022-06-13T21:12:26.3977139+02:00" endTime="2022-06-13T21:12:26.3977803+02:00" testType="13cdc9d9-ddb5-4fa4-a97d-d965ccfc6d4b" outcome="Passed" testListId="8c84fa94-04c1-424b-9868-57a2d4851a1d" relativeResultsDirectory="e0d880ad-3a5a-4a07-9292-4c2d35d4d813" />
    <UnitTestResult executionId="3d5bd5b8-40b3-4de2-8d70-f4e9dd4fe778" testId="45bb5255-48dc-488b-bdf3-8a0809e857c2" testName="FormatToStringTest1000 (317.9090540706688,317.91 zł)" computerName="DESKTOP-5URQ9PB" duration="00:00:00.0000091" startTime="2022-06-13T21:12:26.2950632+02:00" endTime="2022-06-13T21:12:26.2951761+02:00" testType="13cdc9d9-ddb5-4fa4-a97d-d965ccfc6d4b" outcome="Passed" testListId="8c84fa94-04c1-424b-9868-57a2d4851a1d" relativeResultsDirectory="3d5bd5b8-40b3-4de2-8d70-f4e9dd4fe778" />
    <UnitTestResult executionId="1b0a92a8-07dc-4c79-ab89-e6eb761fbf26" testId="5d26021c-48d2-442c-84ae-db1307bc19ff" testName="FormatToStringTest1000 (72659.37876478041,72659.38 zł)" computerName="DESKTOP-5URQ9PB" duration="00:00:00.0000076" startTime="2022-06-13T21:12:26.5214552+02:00" endTime="2022-06-13T21:12:26.5215378+02:00" testType="13cdc9d9-ddb5-4fa4-a97d-d965ccfc6d4b" outcome="Passed" testListId="8c84fa94-04c1-424b-9868-57a2d4851a1d" relativeResultsDirectory="1b0a92a8-07dc-4c79-ab89-e6eb761fbf26" />
    <UnitTestResult executionId="b93bdfaa-a8d7-4705-829e-46ed315a1fc0" testId="1bfa402d-f8e4-4331-839a-3791a4624fb0" testName="FormatToStringTest1000 (270.1894008262033,270.19 zł)" computerName="DESKTOP-5URQ9PB" duration="00:00:00.0000063" startTime="2022-06-13T21:12:26.4114014+02:00" endTime="2022-06-13T21:12:26.4114679+02:00" testType="13cdc9d9-ddb5-4fa4-a97d-d965ccfc6d4b" outcome="Passed" testListId="8c84fa94-04c1-424b-9868-57a2d4851a1d" relativeResultsDirectory="b93bdfaa-a8d7-4705-829e-46ed315a1fc0" />
    <UnitTestResult executionId="88c5e631-7605-4a1b-a3d3-03280ebad208" testId="ced53c0d-c786-4d86-9ccb-feb983bee4bd" testName="FormatToStringTest1000 (27751.474436297303,27751.47 zł)" computerName="DESKTOP-5URQ9PB" duration="00:00:00.0000063" startTime="2022-06-13T21:12:26.5293486+02:00" endTime="2022-06-13T21:12:26.5294134+02:00" testType="13cdc9d9-ddb5-4fa4-a97d-d965ccfc6d4b" outcome="Passed" testListId="8c84fa94-04c1-424b-9868-57a2d4851a1d" relativeResultsDirectory="88c5e631-7605-4a1b-a3d3-03280ebad208" />
    <UnitTestResult executionId="69c6b828-ba1c-44ca-9ec4-1780be5e280a" testId="afaf7c92-bd35-4ac4-8e10-00160031183b" testName="FormatToStringTest1000 (16161.963229990548,16161.96 zł)" computerName="DESKTOP-5URQ9PB" duration="00:00:00.0000064" startTime="2022-06-13T21:12:26.5215578+02:00" endTime="2022-06-13T21:12:26.5216235+02:00" testType="13cdc9d9-ddb5-4fa4-a97d-d965ccfc6d4b" outcome="Passed" testListId="8c84fa94-04c1-424b-9868-57a2d4851a1d" relativeResultsDirectory="69c6b828-ba1c-44ca-9ec4-1780be5e280a" />
    <UnitTestResult executionId="2a3c6417-bc3f-485f-953a-7a240404d13f" testId="878cff69-65e0-45ac-a0e9-8a37b8b2a009" testName="FormatToStringTest1000 (6146.91236741278,6146.91 zł)" computerName="DESKTOP-5URQ9PB" duration="00:00:00.0000062" startTime="2022-06-13T21:12:26.5788444+02:00" endTime="2022-06-13T21:12:26.5789070+02:00" testType="13cdc9d9-ddb5-4fa4-a97d-d965ccfc6d4b" outcome="Passed" testListId="8c84fa94-04c1-424b-9868-57a2d4851a1d" relativeResultsDirectory="2a3c6417-bc3f-485f-953a-7a240404d13f" />
    <UnitTestResult executionId="f7e23f17-34c1-4782-8502-ae667994091c" testId="295fb12e-ab75-43e0-b89d-7103f29daa7f" testName="FormatToStringTest1000 (31347.468987404587,31347.47 zł)" computerName="DESKTOP-5URQ9PB" duration="00:00:00.0000066" startTime="2022-06-13T21:12:26.5731284+02:00" endTime="2022-06-13T21:12:26.5732025+02:00" testType="13cdc9d9-ddb5-4fa4-a97d-d965ccfc6d4b" outcome="Passed" testListId="8c84fa94-04c1-424b-9868-57a2d4851a1d" relativeResultsDirectory="f7e23f17-34c1-4782-8502-ae667994091c" />
    <UnitTestResult executionId="3cc50686-1ecd-48bd-89fd-090895f15d64" testId="963d0934-0502-4e4c-97f2-4163634d8a1c" testName="FormatToStringTest1000 (16129.507288814293,16129.51 zł)" computerName="DESKTOP-5URQ9PB" duration="00:00:00.0000062" startTime="2022-06-13T21:12:26.4238252+02:00" endTime="2022-06-13T21:12:26.4238921+02:00" testType="13cdc9d9-ddb5-4fa4-a97d-d965ccfc6d4b" outcome="Passed" testListId="8c84fa94-04c1-424b-9868-57a2d4851a1d" relativeResultsDirectory="3cc50686-1ecd-48bd-89fd-090895f15d64" />
    <UnitTestResult executionId="e9ec7de3-193c-44c5-b712-b691a0ed86e8" testId="2373fdea-a521-46e2-b3fc-55598c820d7a" testName="FormatToStringTest1000 (5835.26176155557,5835.26 zł)" computerName="DESKTOP-5URQ9PB" duration="00:00:00.0000066" startTime="2022-06-13T21:12:26.4939803+02:00" endTime="2022-06-13T21:12:26.4940479+02:00" testType="13cdc9d9-ddb5-4fa4-a97d-d965ccfc6d4b" outcome="Passed" testListId="8c84fa94-04c1-424b-9868-57a2d4851a1d" relativeResultsDirectory="e9ec7de3-193c-44c5-b712-b691a0ed86e8" />
    <UnitTestResult executionId="4ba03b6e-7f08-4049-b41c-1b039c671a15" testId="bfc07301-8757-4369-bf6f-7ba74e04a5a4" testName="FormatToStringTest1000 (13503.943645929892,13503.94 zł)" computerName="DESKTOP-5URQ9PB" duration="00:00:00.0000066" startTime="2022-06-13T21:12:26.3022933+02:00" endTime="2022-06-13T21:12:26.3023674+02:00" testType="13cdc9d9-ddb5-4fa4-a97d-d965ccfc6d4b" outcome="Passed" testListId="8c84fa94-04c1-424b-9868-57a2d4851a1d" relativeResultsDirectory="4ba03b6e-7f08-4049-b41c-1b039c671a15" />
    <UnitTestResult executionId="86dac65f-c8cf-40ea-9016-3cdf995f4e02" testId="d168f51c-26c8-488f-9179-12a44e2863d2" testName="FormatToStringTest1000 (4715.320654313695,4715.32 zł)" computerName="DESKTOP-5URQ9PB" duration="00:00:00.0000261" startTime="2022-06-13T21:12:26.4909274+02:00" endTime="2022-06-13T21:12:26.4910967+02:00" testType="13cdc9d9-ddb5-4fa4-a97d-d965ccfc6d4b" outcome="Passed" testListId="8c84fa94-04c1-424b-9868-57a2d4851a1d" relativeResultsDirectory="86dac65f-c8cf-40ea-9016-3cdf995f4e02" />
    <UnitTestResult executionId="ccaf6263-e2a8-4148-a158-cf8e7a93d15c" testId="5679c973-ed76-452b-84ed-3fe04aaa4f51" testName="FormatToStringTest1000 (19796.212103914568,19796.21 zł)" computerName="DESKTOP-5URQ9PB" duration="00:00:00.0000061" startTime="2022-06-13T21:12:26.4399695+02:00" endTime="2022-06-13T21:12:26.4400362+02:00" testType="13cdc9d9-ddb5-4fa4-a97d-d965ccfc6d4b" outcome="Passed" testListId="8c84fa94-04c1-424b-9868-57a2d4851a1d" relativeResultsDirectory="ccaf6263-e2a8-4148-a158-cf8e7a93d15c" />
    <UnitTestResult executionId="b2e638bd-1fe7-41a1-b83a-8ec125d29d82" testId="01f0fdc1-ee9d-4322-ad02-4a825d24104c" testName="FormatToStringTest1000 (12370.243090209198,12370.24 zł)" computerName="DESKTOP-5URQ9PB" duration="00:00:00.0000064" startTime="2022-06-13T21:12:26.4365699+02:00" endTime="2022-06-13T21:12:26.4366392+02:00" testType="13cdc9d9-ddb5-4fa4-a97d-d965ccfc6d4b" outcome="Passed" testListId="8c84fa94-04c1-424b-9868-57a2d4851a1d" relativeResultsDirectory="b2e638bd-1fe7-41a1-b83a-8ec125d29d82" />
    <UnitTestResult executionId="2bac09cf-fd97-4cc0-838a-cc33e31b5b9e" testId="0e758785-2e01-463b-9c84-50b54961f2fb" testName="FormatToStringTest1000 (7753.724411372898,7753.72 zł)" computerName="DESKTOP-5URQ9PB" duration="00:00:00.0000061" startTime="2022-06-13T21:12:26.3089036+02:00" endTime="2022-06-13T21:12:26.3089700+02:00" testType="13cdc9d9-ddb5-4fa4-a97d-d965ccfc6d4b" outcome="Passed" testListId="8c84fa94-04c1-424b-9868-57a2d4851a1d" relativeResultsDirectory="2bac09cf-fd97-4cc0-838a-cc33e31b5b9e" />
    <UnitTestResult executionId="31708391-03a6-41d1-ada8-49584cb1a93c" testId="c393c5b8-4774-4a59-acce-1f4ce567d18a" testName="FormatToStringTest1000 (23649.104642116046,23649.10 zł)" computerName="DESKTOP-5URQ9PB" duration="00:00:00.0000062" startTime="2022-06-13T21:12:26.4204193+02:00" endTime="2022-06-13T21:12:26.4204855+02:00" testType="13cdc9d9-ddb5-4fa4-a97d-d965ccfc6d4b" outcome="Passed" testListId="8c84fa94-04c1-424b-9868-57a2d4851a1d" relativeResultsDirectory="31708391-03a6-41d1-ada8-49584cb1a93c" />
    <UnitTestResult executionId="a237c540-8da8-47f1-b75f-c09d1b0debed" testId="a404cc43-ccbb-4a7a-a0bd-41c9d8e4e8fa" testName="FormatToStringTest1000 (76751.79413498091,76751.79 zł)" computerName="DESKTOP-5URQ9PB" duration="00:00:00.0000063" startTime="2022-06-13T21:12:26.4462935+02:00" endTime="2022-06-13T21:12:26.4463599+02:00" testType="13cdc9d9-ddb5-4fa4-a97d-d965ccfc6d4b" outcome="Passed" testListId="8c84fa94-04c1-424b-9868-57a2d4851a1d" relativeResultsDirectory="a237c540-8da8-47f1-b75f-c09d1b0debed" />
    <UnitTestResult executionId="8907c4d4-2e40-4269-b2f2-84b9a8bd2f72" testId="8da8c179-8c7d-4ee4-9f3b-ba2f44e335fa" testName="FormatToStringTest1000 (37826.846755123166,37826.85 zł)" computerName="DESKTOP-5URQ9PB" duration="00:00:00.0000064" startTime="2022-06-13T21:12:26.5013010+02:00" endTime="2022-06-13T21:12:26.5013727+02:00" testType="13cdc9d9-ddb5-4fa4-a97d-d965ccfc6d4b" outcome="Passed" testListId="8c84fa94-04c1-424b-9868-57a2d4851a1d" relativeResultsDirectory="8907c4d4-2e40-4269-b2f2-84b9a8bd2f72" />
    <UnitTestResult executionId="0102ef12-2825-4a12-a886-615575d6f9a6" testId="8e7426f6-6a98-4cfc-abac-7d4ab2a962f1" testName="FormatToStringTest1000 (17835.54606576988,17835.55 zł)" computerName="DESKTOP-5URQ9PB" duration="00:00:00.0000062" startTime="2022-06-13T21:12:26.3057011+02:00" endTime="2022-06-13T21:12:26.3057689+02:00" testType="13cdc9d9-ddb5-4fa4-a97d-d965ccfc6d4b" outcome="Passed" testListId="8c84fa94-04c1-424b-9868-57a2d4851a1d" relativeResultsDirectory="0102ef12-2825-4a12-a886-615575d6f9a6" />
    <UnitTestResult executionId="798d4fa8-577b-4b93-997a-14d9b010bf1b" testId="29115438-651d-4d20-8580-13f77f0d60f7" testName="FormatToStringTest1000 (73151.83675918348,73151.84 zł)" computerName="DESKTOP-5URQ9PB" duration="00:00:00.0000062" startTime="2022-06-13T21:12:26.5727257+02:00" endTime="2022-06-13T21:12:26.5727902+02:00" testType="13cdc9d9-ddb5-4fa4-a97d-d965ccfc6d4b" outcome="Passed" testListId="8c84fa94-04c1-424b-9868-57a2d4851a1d" relativeResultsDirectory="798d4fa8-577b-4b93-997a-14d9b010bf1b" />
    <UnitTestResult executionId="f06893d7-28ea-40d9-864a-54990392251e" testId="4744da41-9185-4b4a-ae62-e5a63f220a3f" testName="FormatToStringTest1000 (1108.7197928823157,1108.72 zł)" computerName="DESKTOP-5URQ9PB" duration="00:00:00.0000063" startTime="2022-06-13T21:12:26.2793591+02:00" endTime="2022-06-13T21:12:26.2794264+02:00" testType="13cdc9d9-ddb5-4fa4-a97d-d965ccfc6d4b" outcome="Passed" testListId="8c84fa94-04c1-424b-9868-57a2d4851a1d" relativeResultsDirectory="f06893d7-28ea-40d9-864a-54990392251e" />
    <UnitTestResult executionId="77688210-92c5-42ed-b943-12ffea4dcccb" testId="cf509c64-1f73-4091-8d27-09940ab804f4" testName="FormatToStringTest1000 (5628.028273674672,5628.03 zł)" computerName="DESKTOP-5URQ9PB" duration="00:00:00.0000065" startTime="2022-06-13T21:12:26.2252162+02:00" endTime="2022-06-13T21:12:26.2252852+02:00" testType="13cdc9d9-ddb5-4fa4-a97d-d965ccfc6d4b" outcome="Passed" testListId="8c84fa94-04c1-424b-9868-57a2d4851a1d" relativeResultsDirectory="77688210-92c5-42ed-b943-12ffea4dcccb" />
    <UnitTestResult executionId="e8bde61c-fc5c-461d-9ad0-2fbc47f79fbb" testId="f9f5e989-3933-46d2-9cf9-d9e989abeb91" testName="FormatToStringTest1000 (17798.633951516185,17798.63 zł)" computerName="DESKTOP-5URQ9PB" duration="00:00:00.0000064" startTime="2022-06-13T21:12:26.4523706+02:00" endTime="2022-06-13T21:12:26.4524376+02:00" testType="13cdc9d9-ddb5-4fa4-a97d-d965ccfc6d4b" outcome="Passed" testListId="8c84fa94-04c1-424b-9868-57a2d4851a1d" relativeResultsDirectory="e8bde61c-fc5c-461d-9ad0-2fbc47f79fbb" />
    <UnitTestResult executionId="cc7d4b13-dca1-4e35-8b02-7a827573c0bb" testId="48e0db8d-4122-4987-b3e3-6e211b831ac7" testName="FormatToStringTest1000 (72905.64834432845,72905.65 zł)" computerName="DESKTOP-5URQ9PB" duration="00:00:00.0000110" startTime="2022-06-13T21:12:26.5333805+02:00" endTime="2022-06-13T21:12:26.5335002+02:00" testType="13cdc9d9-ddb5-4fa4-a97d-d965ccfc6d4b" outcome="Passed" testListId="8c84fa94-04c1-424b-9868-57a2d4851a1d" relativeResultsDirectory="cc7d4b13-dca1-4e35-8b02-7a827573c0bb" />
    <UnitTestResult executionId="8c736763-28a3-48b1-91fd-0ec70045173d" testId="aed3a4cc-d411-475f-aed6-b569b234111e" testName="FormatToStringTest1000 (5396.620088554277,5396.62 zł)" computerName="DESKTOP-5URQ9PB" duration="00:00:00.0000063" startTime="2022-06-13T21:12:26.2661081+02:00" endTime="2022-06-13T21:12:26.2661866+02:00" testType="13cdc9d9-ddb5-4fa4-a97d-d965ccfc6d4b" outcome="Passed" testListId="8c84fa94-04c1-424b-9868-57a2d4851a1d" relativeResultsDirectory="8c736763-28a3-48b1-91fd-0ec70045173d" />
    <UnitTestResult executionId="b89682f1-092b-48d5-ba00-23b464b70f5f" testId="f346211c-eeac-4e27-9265-92db40525a10" testName="FormatToStringTest1000 (62975.496334776515,62975.50 zł)" computerName="DESKTOP-5URQ9PB" duration="00:00:00.0000064" startTime="2022-06-13T21:12:26.2956647+02:00" endTime="2022-06-13T21:12:26.2957421+02:00" testType="13cdc9d9-ddb5-4fa4-a97d-d965ccfc6d4b" outcome="Passed" testListId="8c84fa94-04c1-424b-9868-57a2d4851a1d" relativeResultsDirectory="b89682f1-092b-48d5-ba00-23b464b70f5f" />
    <UnitTestResult executionId="7d63b325-7dd8-4566-9d52-1253ada7ade8" testId="b86aa2a1-850c-45cd-b76e-3b7507e79333" testName="FormatToStringTest1000 (13541.45472935096,13541.45 zł)" computerName="DESKTOP-5URQ9PB" duration="00:00:00.0000073" startTime="2022-06-13T21:12:26.5070951+02:00" endTime="2022-06-13T21:12:26.5071711+02:00" testType="13cdc9d9-ddb5-4fa4-a97d-d965ccfc6d4b" outcome="Passed" testListId="8c84fa94-04c1-424b-9868-57a2d4851a1d" relativeResultsDirectory="7d63b325-7dd8-4566-9d52-1253ada7ade8" />
    <UnitTestResult executionId="013f1439-a24e-4ff7-b97c-bc6612286221" testId="8ba9113b-3290-40a8-a6ba-bab9c6662841" testName="FormatToStringTest1000 (7407.385606687696,7407.39 zł)" computerName="DESKTOP-5URQ9PB" duration="00:00:00.0000365" startTime="2022-06-13T21:12:26.4869975+02:00" endTime="2022-06-13T21:12:26.4871851+02:00" testType="13cdc9d9-ddb5-4fa4-a97d-d965ccfc6d4b" outcome="Passed" testListId="8c84fa94-04c1-424b-9868-57a2d4851a1d" relativeResultsDirectory="013f1439-a24e-4ff7-b97c-bc6612286221" />
    <UnitTestResult executionId="9e6b1ca0-e778-4c2b-81c6-8cd64df591f9" testId="fea3c0b9-2a6d-4cb8-8dbf-649c2cb8249e" testName="FormatToStringTest1000 (50585.83664522778,50585.84 zł)" computerName="DESKTOP-5URQ9PB" duration="00:00:00.0000064" startTime="2022-06-13T21:12:26.4429193+02:00" endTime="2022-06-13T21:12:26.4429872+02:00" testType="13cdc9d9-ddb5-4fa4-a97d-d965ccfc6d4b" outcome="Passed" testListId="8c84fa94-04c1-424b-9868-57a2d4851a1d" relativeResultsDirectory="9e6b1ca0-e778-4c2b-81c6-8cd64df591f9" />
    <UnitTestResult executionId="ce2c2957-340f-494a-8c42-c78f1f82293a" testId="2185b761-f802-47e0-8c82-99c513d21a01" testName="FormatToStringTest1000 (7671.0039663785155,7671.00 zł)" computerName="DESKTOP-5URQ9PB" duration="00:00:00.0000074" startTime="2022-06-13T21:12:26.5416523+02:00" endTime="2022-06-13T21:12:26.5417296+02:00" testType="13cdc9d9-ddb5-4fa4-a97d-d965ccfc6d4b" outcome="Passed" testListId="8c84fa94-04c1-424b-9868-57a2d4851a1d" relativeResultsDirectory="ce2c2957-340f-494a-8c42-c78f1f82293a" />
    <UnitTestResult executionId="82a63642-d6ae-408f-8335-2b60c88efd50" testId="674393d1-b14b-46a2-860a-7bab4d57ef6f" testName="FormatToStringTest1000 (77904.0088552246,77904.01 zł)" computerName="DESKTOP-5URQ9PB" duration="00:00:00.0000066" startTime="2022-06-13T21:12:26.2990001+02:00" endTime="2022-06-13T21:12:26.2990724+02:00" testType="13cdc9d9-ddb5-4fa4-a97d-d965ccfc6d4b" outcome="Passed" testListId="8c84fa94-04c1-424b-9868-57a2d4851a1d" relativeResultsDirectory="82a63642-d6ae-408f-8335-2b60c88efd50" />
    <UnitTestResult executionId="8dc0e8c5-0427-4569-83f7-01bb6fc347dc" testId="8a4fdcab-16c5-46a9-a4af-f85085851db1" testName="FormatToStringTest1000 (15190.097283723344,15190.10 zł)" computerName="DESKTOP-5URQ9PB" duration="00:00:00.0000061" startTime="2022-06-13T21:12:26.5575373+02:00" endTime="2022-06-13T21:12:26.5576012+02:00" testType="13cdc9d9-ddb5-4fa4-a97d-d965ccfc6d4b" outcome="Passed" testListId="8c84fa94-04c1-424b-9868-57a2d4851a1d" relativeResultsDirectory="8dc0e8c5-0427-4569-83f7-01bb6fc347dc" />
    <UnitTestResult executionId="49c892c3-0d1c-43e1-9183-861476eb237c" testId="e8a3116e-c329-4941-aa7b-9ad5a0f6f52e" testName="FormatToStringTest1000 (15411.371650797022,15411.37 zł)" computerName="DESKTOP-5URQ9PB" duration="00:00:00.0000064" startTime="2022-06-13T21:12:26.3324868+02:00" endTime="2022-06-13T21:12:26.3325539+02:00" testType="13cdc9d9-ddb5-4fa4-a97d-d965ccfc6d4b" outcome="Passed" testListId="8c84fa94-04c1-424b-9868-57a2d4851a1d" relativeResultsDirectory="49c892c3-0d1c-43e1-9183-861476eb237c" />
    <UnitTestResult executionId="54930767-b92f-4b09-bbcf-87b8084e9d73" testId="3a635173-ce03-4d1c-ae7c-dc227dd61e29" testName="FormatToStringTest1000 (1741.3334432818617,1741.33 zł)" computerName="DESKTOP-5URQ9PB" duration="00:00:00.0000067" startTime="2022-06-13T21:12:26.2855673+02:00" endTime="2022-06-13T21:12:26.2856334+02:00" testType="13cdc9d9-ddb5-4fa4-a97d-d965ccfc6d4b" outcome="Passed" testListId="8c84fa94-04c1-424b-9868-57a2d4851a1d" relativeResultsDirectory="54930767-b92f-4b09-bbcf-87b8084e9d73" />
    <UnitTestResult executionId="9cc65614-f198-4df8-abc1-d4149c591b05" testId="a86f7bc3-96df-4f6a-ae36-a9932f5e1c51" testName="FormatToStringTest1000 (25036.98767214035,25036.99 zł)" computerName="DESKTOP-5URQ9PB" duration="00:00:00.0000083" startTime="2022-06-13T21:12:26.3414058+02:00" endTime="2022-06-13T21:12:26.3414960+02:00" testType="13cdc9d9-ddb5-4fa4-a97d-d965ccfc6d4b" outcome="Passed" testListId="8c84fa94-04c1-424b-9868-57a2d4851a1d" relativeResultsDirectory="9cc65614-f198-4df8-abc1-d4149c591b05" />
    <UnitTestResult executionId="f5c31915-03fa-40a7-9ad3-5fb352067bae" testId="92022885-29ca-4a96-aab2-16f378221358" testName="FormatToStringTest1000 (93775.33090185716,93775.33 zł)" computerName="DESKTOP-5URQ9PB" duration="00:00:00.0000062" startTime="2022-06-13T21:12:26.5094709+02:00" endTime="2022-06-13T21:12:26.5095365+02:00" testType="13cdc9d9-ddb5-4fa4-a97d-d965ccfc6d4b" outcome="Passed" testListId="8c84fa94-04c1-424b-9868-57a2d4851a1d" relativeResultsDirectory="f5c31915-03fa-40a7-9ad3-5fb352067bae" />
    <UnitTestResult executionId="cbf1ebf1-496d-4b37-a78f-3a43f86dd9d3" testId="d2214584-b6ec-4073-bfde-92126b7f466f" testName="FormatToStringTest1000 (10268.547802396373,10268.55 zł)" computerName="DESKTOP-5URQ9PB" duration="00:00:00.0000089" startTime="2022-06-13T21:12:26.2923557+02:00" endTime="2022-06-13T21:12:26.2924281+02:00" testType="13cdc9d9-ddb5-4fa4-a97d-d965ccfc6d4b" outcome="Passed" testListId="8c84fa94-04c1-424b-9868-57a2d4851a1d" relativeResultsDirectory="cbf1ebf1-496d-4b37-a78f-3a43f86dd9d3" />
    <UnitTestResult executionId="15e1185e-2d30-4a7d-bdde-4e684d9c759b" testId="c53214fb-933d-46a2-ad56-13bf19897a9a" testName="FormatToStringTest1000 (15520.346099893259,15520.35 zł)" computerName="DESKTOP-5URQ9PB" duration="00:00:00.0000061" startTime="2022-06-13T21:12:26.5093064+02:00" endTime="2022-06-13T21:12:26.5093717+02:00" testType="13cdc9d9-ddb5-4fa4-a97d-d965ccfc6d4b" outcome="Passed" testListId="8c84fa94-04c1-424b-9868-57a2d4851a1d" relativeResultsDirectory="15e1185e-2d30-4a7d-bdde-4e684d9c759b" />
    <UnitTestResult executionId="def16953-3adb-4fb9-b86b-5d10cacd5ece" testId="d1fdc49e-9a17-458f-9c39-eab9e3277594" testName="FormatToStringTest1000 (35384.637112688106,35384.64 zł)" computerName="DESKTOP-5URQ9PB" duration="00:00:00.0000068" startTime="2022-06-13T21:12:26.5341028+02:00" endTime="2022-06-13T21:12:26.5341792+02:00" testType="13cdc9d9-ddb5-4fa4-a97d-d965ccfc6d4b" outcome="Passed" testListId="8c84fa94-04c1-424b-9868-57a2d4851a1d" relativeResultsDirectory="def16953-3adb-4fb9-b86b-5d10cacd5ece" />
    <UnitTestResult executionId="fdcd5bde-da29-4df8-ae36-176138fcb008" testId="3ed9c8b2-3ab2-48e9-9f72-0ee65cefca8a" testName="FormatToStringTest1000 (19352.183340702755,19352.18 zł)" computerName="DESKTOP-5URQ9PB" duration="00:00:00.0000063" startTime="2022-06-13T21:12:26.3213344+02:00" endTime="2022-06-13T21:12:26.3214019+02:00" testType="13cdc9d9-ddb5-4fa4-a97d-d965ccfc6d4b" outcome="Passed" testListId="8c84fa94-04c1-424b-9868-57a2d4851a1d" relativeResultsDirectory="fdcd5bde-da29-4df8-ae36-176138fcb008" />
    <UnitTestResult executionId="928e5f05-4113-4b0b-8daf-ae201b86e6bc" testId="00d68526-d80e-4ae0-b46e-067444a00255" testName="FormatToStringTest1000 (46166.38051381259,46166.38 zł)" computerName="DESKTOP-5URQ9PB" duration="00:00:00.0000065" startTime="2022-06-13T21:12:26.3850860+02:00" endTime="2022-06-13T21:12:26.3851650+02:00" testType="13cdc9d9-ddb5-4fa4-a97d-d965ccfc6d4b" outcome="Passed" testListId="8c84fa94-04c1-424b-9868-57a2d4851a1d" relativeResultsDirectory="928e5f05-4113-4b0b-8daf-ae201b86e6bc" />
    <UnitTestResult executionId="2ea262a9-3a98-4c10-a4ea-e61ff5492ba0" testId="f76494af-9144-499f-afbb-367c309fa0e9" testName="FormatToStringTest1000 (12759.925747307914,12759.93 zł)" computerName="DESKTOP-5URQ9PB" duration="00:00:00.0000063" startTime="2022-06-13T21:12:26.5417475+02:00" endTime="2022-06-13T21:12:26.5418139+02:00" testType="13cdc9d9-ddb5-4fa4-a97d-d965ccfc6d4b" outcome="Passed" testListId="8c84fa94-04c1-424b-9868-57a2d4851a1d" relativeResultsDirectory="2ea262a9-3a98-4c10-a4ea-e61ff5492ba0" />
    <UnitTestResult executionId="ab2584d1-5bae-44e4-ae67-f2b4c6cdc6c8" testId="7d0d3be3-c0c5-436c-b6cc-1be96dba8238" testName="FormatToStringTest1000 (16383.352881839199,16383.35 zł)" computerName="DESKTOP-5URQ9PB" duration="00:00:00.0000064" startTime="2022-06-13T21:12:26.2884537+02:00" endTime="2022-06-13T21:12:26.2885292+02:00" testType="13cdc9d9-ddb5-4fa4-a97d-d965ccfc6d4b" outcome="Passed" testListId="8c84fa94-04c1-424b-9868-57a2d4851a1d" relativeResultsDirectory="ab2584d1-5bae-44e4-ae67-f2b4c6cdc6c8" />
    <UnitTestResult executionId="e8789d3f-0f1f-4338-9d57-09f7b9a4f5ed" testId="a9e8c999-c0be-4f6c-8ac2-add8dba50dbc" testName="FormatToStringTest1000 (70771.4436677524,70771.44 zł)" computerName="DESKTOP-5URQ9PB" duration="00:00:00.0000066" startTime="2022-06-13T21:12:26.2993760+02:00" endTime="2022-06-13T21:12:26.2994575+02:00" testType="13cdc9d9-ddb5-4fa4-a97d-d965ccfc6d4b" outcome="Passed" testListId="8c84fa94-04c1-424b-9868-57a2d4851a1d" relativeResultsDirectory="e8789d3f-0f1f-4338-9d57-09f7b9a4f5ed" />
    <UnitTestResult executionId="6e26a7be-3db1-4c56-8061-76e614a1fcfc" testId="abdb3e92-5c11-42ce-84bb-d26896faaa4f" testName="FormatToStringTest1000 (464.74397441965715,464.74 zł)" computerName="DESKTOP-5URQ9PB" duration="00:00:00.0000062" startTime="2022-06-13T21:12:26.4489690+02:00" endTime="2022-06-13T21:12:26.4490359+02:00" testType="13cdc9d9-ddb5-4fa4-a97d-d965ccfc6d4b" outcome="Passed" testListId="8c84fa94-04c1-424b-9868-57a2d4851a1d" relativeResultsDirectory="6e26a7be-3db1-4c56-8061-76e614a1fcfc" />
    <UnitTestResult executionId="772d5d6a-ff00-41f0-b3cc-c0c23a138a2f" testId="cefdb295-b4db-4db8-a3bb-1bc3848b99d5" testName="FormatToStringTest1000 (25135.10315489727,25135.10 zł)" computerName="DESKTOP-5URQ9PB" duration="00:00:00.0000063" startTime="2022-06-13T21:12:26.5338558+02:00" endTime="2022-06-13T21:12:26.5339199+02:00" testType="13cdc9d9-ddb5-4fa4-a97d-d965ccfc6d4b" outcome="Passed" testListId="8c84fa94-04c1-424b-9868-57a2d4851a1d" relativeResultsDirectory="772d5d6a-ff00-41f0-b3cc-c0c23a138a2f" />
    <UnitTestResult executionId="8d6c649b-9c29-4b69-97a6-e74d956cb204" testId="c478f219-35fb-451d-abb7-366b678f30bb" testName="FormatToStringTest1000 (11157.981051815665,11157.98 zł)" computerName="DESKTOP-5URQ9PB" duration="00:00:00.0000063" startTime="2022-06-13T21:12:26.4172209+02:00" endTime="2022-06-13T21:12:26.4172885+02:00" testType="13cdc9d9-ddb5-4fa4-a97d-d965ccfc6d4b" outcome="Passed" testListId="8c84fa94-04c1-424b-9868-57a2d4851a1d" relativeResultsDirectory="8d6c649b-9c29-4b69-97a6-e74d956cb204" />
    <UnitTestResult executionId="567a5344-8910-4f29-a991-350c5aa9ee12" testId="f481dc06-e025-4785-b008-982bb4555507" testName="FormatToStringTest1000 (7396.940188290057,7396.94 zł)" computerName="DESKTOP-5URQ9PB" duration="00:00:00.0000062" startTime="2022-06-13T21:12:26.5790044+02:00" endTime="2022-06-13T21:12:26.5790683+02:00" testType="13cdc9d9-ddb5-4fa4-a97d-d965ccfc6d4b" outcome="Passed" testListId="8c84fa94-04c1-424b-9868-57a2d4851a1d" relativeResultsDirectory="567a5344-8910-4f29-a991-350c5aa9ee12" />
    <UnitTestResult executionId="2a95f2f6-34cb-4d3a-966f-ab27a3b64a9f" testId="c4a5fe24-5a83-4c33-bb4a-dc3a8d0b8341" testName="FormatToStringTest1000 (35.34471716840971,35.34 zł)" computerName="DESKTOP-5URQ9PB" duration="00:00:00.0000062" startTime="2022-06-13T21:12:26.5112360+02:00" endTime="2022-06-13T21:12:26.5113029+02:00" testType="13cdc9d9-ddb5-4fa4-a97d-d965ccfc6d4b" outcome="Passed" testListId="8c84fa94-04c1-424b-9868-57a2d4851a1d" relativeResultsDirectory="2a95f2f6-34cb-4d3a-966f-ab27a3b64a9f" />
    <UnitTestResult executionId="ff0690cb-5da4-4489-b29d-b6dfd3240ca6" testId="298b88ff-6fd7-4276-8946-acda4e88af7d" testName="FormatToStringTest1000 (28192.949128067565,28192.95 zł)" computerName="DESKTOP-5URQ9PB" duration="00:00:00.0000064" startTime="2022-06-13T21:12:26.2790120+02:00" endTime="2022-06-13T21:12:26.2790806+02:00" testType="13cdc9d9-ddb5-4fa4-a97d-d965ccfc6d4b" outcome="Passed" testListId="8c84fa94-04c1-424b-9868-57a2d4851a1d" relativeResultsDirectory="ff0690cb-5da4-4489-b29d-b6dfd3240ca6" />
    <UnitTestResult executionId="0f38a9ba-b65e-4441-9aa6-ae1b1b74ea61" testId="9173f2d0-8adc-438d-b24e-1e9d59e0fca1" testName="FormatToStringTest1000 (13197.65136269417,13197.65 zł)" computerName="DESKTOP-5URQ9PB" duration="00:00:00.0000064" startTime="2022-06-13T21:12:26.4324775+02:00" endTime="2022-06-13T21:12:26.4325525+02:00" testType="13cdc9d9-ddb5-4fa4-a97d-d965ccfc6d4b" outcome="Passed" testListId="8c84fa94-04c1-424b-9868-57a2d4851a1d" relativeResultsDirectory="0f38a9ba-b65e-4441-9aa6-ae1b1b74ea61" />
    <UnitTestResult executionId="535ec147-4256-42f9-bdcc-f5a6cbe3a6aa" testId="b4faf715-e051-404b-af32-e0dfaf0deada" testName="FormatToStringTest1000 (5022.470719070859,5022.47 zł)" computerName="DESKTOP-5URQ9PB" duration="00:00:00.0000063" startTime="2022-06-13T21:12:26.3788402+02:00" endTime="2022-06-13T21:12:26.3789074+02:00" testType="13cdc9d9-ddb5-4fa4-a97d-d965ccfc6d4b" outcome="Passed" testListId="8c84fa94-04c1-424b-9868-57a2d4851a1d" relativeResultsDirectory="535ec147-4256-42f9-bdcc-f5a6cbe3a6aa" />
    <UnitTestResult executionId="bc351578-e825-4725-8678-18b7e6fb0cc4" testId="53b179e8-31f3-4af8-bfad-efc43d806aa1" testName="FormatToStringTest1000 (33851.35523524618,33851.36 zł)" computerName="DESKTOP-5URQ9PB" duration="00:00:00.0000061" startTime="2022-06-13T21:12:26.4524549+02:00" endTime="2022-06-13T21:12:26.4525214+02:00" testType="13cdc9d9-ddb5-4fa4-a97d-d965ccfc6d4b" outcome="Passed" testListId="8c84fa94-04c1-424b-9868-57a2d4851a1d" relativeResultsDirectory="bc351578-e825-4725-8678-18b7e6fb0cc4" />
    <UnitTestResult executionId="c9a09de1-ab25-481c-8782-e3ab1bb98edf" testId="fde4a844-ddac-42fc-9de5-90b9a78609e9" testName="FormatToStringTest1000 (46898.00219497783,46898.00 zł)" computerName="DESKTOP-5URQ9PB" duration="00:00:00.0000064" startTime="2022-06-13T21:12:26.2952001+02:00" endTime="2022-06-13T21:12:26.2952784+02:00" testType="13cdc9d9-ddb5-4fa4-a97d-d965ccfc6d4b" outcome="Passed" testListId="8c84fa94-04c1-424b-9868-57a2d4851a1d" relativeResultsDirectory="c9a09de1-ab25-481c-8782-e3ab1bb98edf" />
    <UnitTestResult executionId="93ccc512-3e2e-4276-ac0d-4b81d9ca6ae1" testId="a9efb932-c093-448e-be62-144e09736bd8" testName="FormatToStringTest1000 (49416.285282306504,49416.29 zł)" computerName="DESKTOP-5URQ9PB" duration="00:00:00.0000065" startTime="2022-06-13T21:12:26.5551762+02:00" endTime="2022-06-13T21:12:26.5552447+02:00" testType="13cdc9d9-ddb5-4fa4-a97d-d965ccfc6d4b" outcome="Passed" testListId="8c84fa94-04c1-424b-9868-57a2d4851a1d" relativeResultsDirectory="93ccc512-3e2e-4276-ac0d-4b81d9ca6ae1" />
    <UnitTestResult executionId="827d50cc-c3f1-4833-bd48-47f9b4194ebe" testId="a30da2f0-7945-4792-8587-9098786c175b" testName="FormatToStringTest1000 (88584.97010041306,88584.97 zł)" computerName="DESKTOP-5URQ9PB" duration="00:00:00.0000062" startTime="2022-06-13T21:12:26.4173903+02:00" endTime="2022-06-13T21:12:26.4174570+02:00" testType="13cdc9d9-ddb5-4fa4-a97d-d965ccfc6d4b" outcome="Passed" testListId="8c84fa94-04c1-424b-9868-57a2d4851a1d" relativeResultsDirectory="827d50cc-c3f1-4833-bd48-47f9b4194ebe" />
    <UnitTestResult executionId="0deb54a1-136c-44ed-ba6a-4f5ec4f4184c" testId="db6e9d7d-2fc3-409b-85f3-e0f1463439e3" testName="FormatToStringTest1000 (918.1842976688334,918.18 zł)" computerName="DESKTOP-5URQ9PB" duration="00:00:00.0000062" startTime="2022-06-13T21:12:26.2857342+02:00" endTime="2022-06-13T21:12:26.2857999+02:00" testType="13cdc9d9-ddb5-4fa4-a97d-d965ccfc6d4b" outcome="Passed" testListId="8c84fa94-04c1-424b-9868-57a2d4851a1d" relativeResultsDirectory="0deb54a1-136c-44ed-ba6a-4f5ec4f4184c" />
    <UnitTestResult executionId="187c669c-2d0e-4d76-8f3f-daf6e9b0d3fc" testId="3b9bb2f8-ec76-4a8e-866c-972111012c21" testName="FormatToStringTest1000 (51632.87002968503,51632.87 zł)" computerName="DESKTOP-5URQ9PB" duration="00:00:00.0000062" startTime="2022-06-13T21:12:26.3605094+02:00" endTime="2022-06-13T21:12:26.3605766+02:00" testType="13cdc9d9-ddb5-4fa4-a97d-d965ccfc6d4b" outcome="Passed" testListId="8c84fa94-04c1-424b-9868-57a2d4851a1d" relativeResultsDirectory="187c669c-2d0e-4d76-8f3f-daf6e9b0d3fc" />
    <UnitTestResult executionId="ee8b944c-3312-4bb1-aa7d-bbecc2227405" testId="9c2a240f-aaa3-40f8-87b4-a1115a13b062" testName="FormatToStringTest1000 (35905.47425787219,35905.47 zł)" computerName="DESKTOP-5URQ9PB" duration="00:00:00.0000068" startTime="2022-06-13T21:12:26.5838817+02:00" endTime="2022-06-13T21:12:26.5839475+02:00" testType="13cdc9d9-ddb5-4fa4-a97d-d965ccfc6d4b" outcome="Passed" testListId="8c84fa94-04c1-424b-9868-57a2d4851a1d" relativeResultsDirectory="ee8b944c-3312-4bb1-aa7d-bbecc2227405" />
    <UnitTestResult executionId="2cef9c4a-cc5e-4fd8-822b-9dbee25bb46a" testId="573f157b-2bca-4c71-9af5-f7317979a90c" testName="FormatToStringTest1000 (61324.33752458279,61324.34 zł)" computerName="DESKTOP-5URQ9PB" duration="00:00:00.0000062" startTime="2022-06-13T21:12:26.4085774+02:00" endTime="2022-06-13T21:12:26.4086435+02:00" testType="13cdc9d9-ddb5-4fa4-a97d-d965ccfc6d4b" outcome="Passed" testListId="8c84fa94-04c1-424b-9868-57a2d4851a1d" relativeResultsDirectory="2cef9c4a-cc5e-4fd8-822b-9dbee25bb46a" />
    <UnitTestResult executionId="fea2b0e3-411c-40fb-82d2-10c890023d71" testId="235bbe1f-ea6d-4236-ab13-cd3c4088674c" testName="FormatToStringTest1000 (36893.66238331593,36893.66 zł)" computerName="DESKTOP-5URQ9PB" duration="00:00:00.0000072" startTime="2022-06-13T21:12:26.5471318+02:00" endTime="2022-06-13T21:12:26.5472194+02:00" testType="13cdc9d9-ddb5-4fa4-a97d-d965ccfc6d4b" outcome="Passed" testListId="8c84fa94-04c1-424b-9868-57a2d4851a1d" relativeResultsDirectory="fea2b0e3-411c-40fb-82d2-10c890023d71" />
    <UnitTestResult executionId="41b4b398-86cb-4d4e-9305-f6b31403e49d" testId="bc7685fd-3a82-40e2-9219-81763b827100" testName="FormatToStringTest1000 (13027.93935961739,13027.94 zł)" computerName="DESKTOP-5URQ9PB" duration="00:00:00.0000062" startTime="2022-06-13T21:12:26.4432624+02:00" endTime="2022-06-13T21:12:26.4433285+02:00" testType="13cdc9d9-ddb5-4fa4-a97d-d965ccfc6d4b" outcome="Passed" testListId="8c84fa94-04c1-424b-9868-57a2d4851a1d" relativeResultsDirectory="41b4b398-86cb-4d4e-9305-f6b31403e49d" />
    <UnitTestResult executionId="c0ba4f91-8f33-4e70-813e-4e9c7f14e8fa" testId="16f7c203-80fd-4958-b25c-1c86c80dc9f7" testName="FormatToStringTest1000 (386.358918903097,386.36 zł)" computerName="DESKTOP-5URQ9PB" duration="00:00:00.0000068" startTime="2022-06-13T21:12:26.3784043+02:00" endTime="2022-06-13T21:12:26.3784759+02:00" testType="13cdc9d9-ddb5-4fa4-a97d-d965ccfc6d4b" outcome="Passed" testListId="8c84fa94-04c1-424b-9868-57a2d4851a1d" relativeResultsDirectory="c0ba4f91-8f33-4e70-813e-4e9c7f14e8fa" />
    <UnitTestResult executionId="684a48f2-cfae-47a5-8850-9b82baa93d98" testId="6669ced8-44d0-4bc5-8f15-7142c190e0ad" testName="FormatToStringTest1000 (151.50737175275916,151.51 zł)" computerName="DESKTOP-5URQ9PB" duration="00:00:00.0000062" startTime="2022-06-13T21:12:26.5843843+02:00" endTime="2022-06-13T21:12:26.5844485+02:00" testType="13cdc9d9-ddb5-4fa4-a97d-d965ccfc6d4b" outcome="Passed" testListId="8c84fa94-04c1-424b-9868-57a2d4851a1d" relativeResultsDirectory="684a48f2-cfae-47a5-8850-9b82baa93d98" />
    <UnitTestResult executionId="6ad433f3-0d2c-431c-8f53-83defcacbdd2" testId="8023cffb-792c-4e12-aaf8-4ee9f71ef579" testName="FormatToStringTest1000 (18424.864078561244,18424.86 zł)" computerName="DESKTOP-5URQ9PB" duration="00:00:00.0000064" startTime="2022-06-13T21:12:26.3644150+02:00" endTime="2022-06-13T21:12:26.3644890+02:00" testType="13cdc9d9-ddb5-4fa4-a97d-d965ccfc6d4b" outcome="Passed" testListId="8c84fa94-04c1-424b-9868-57a2d4851a1d" relativeResultsDirectory="6ad433f3-0d2c-431c-8f53-83defcacbdd2" />
    <UnitTestResult executionId="47b0d059-5859-4cd3-b470-b42f67af2236" testId="eb13832c-e4a1-4bf6-912a-971df12b1120" testName="FormatToStringTest1000 (34060.48467268724,34060.48 zł)" computerName="DESKTOP-5URQ9PB" duration="00:00:00.0000094" startTime="2022-06-13T21:12:26.5312168+02:00" endTime="2022-06-13T21:12:26.5313564+02:00" testType="13cdc9d9-ddb5-4fa4-a97d-d965ccfc6d4b" outcome="Passed" testListId="8c84fa94-04c1-424b-9868-57a2d4851a1d" relativeResultsDirectory="47b0d059-5859-4cd3-b470-b42f67af2236" />
    <UnitTestResult executionId="c4431fdf-b55d-4bc7-97e9-18f958346930" testId="1be7d51f-95ed-45d2-91a8-078cb0bb7c9f" testName="FormatToStringTest1000 (37954.34384365396,37954.34 zł)" computerName="DESKTOP-5URQ9PB" duration="00:00:00.0000075" startTime="2022-06-13T21:12:26.5510912+02:00" endTime="2022-06-13T21:12:26.5511766+02:00" testType="13cdc9d9-ddb5-4fa4-a97d-d965ccfc6d4b" outcome="Passed" testListId="8c84fa94-04c1-424b-9868-57a2d4851a1d" relativeResultsDirectory="c4431fdf-b55d-4bc7-97e9-18f958346930" />
    <UnitTestResult executionId="e22e3b01-eb67-41e5-98ca-8d192ac58154" testId="5f1c8502-15d5-4d10-9d93-b9c0f2eed49f" testName="FormatToStringTest1000 (5254.6338787505565,5254.63 zł)" computerName="DESKTOP-5URQ9PB" duration="00:00:00.0000063" startTime="2022-06-13T21:12:26.5382364+02:00" endTime="2022-06-13T21:12:26.5383018+02:00" testType="13cdc9d9-ddb5-4fa4-a97d-d965ccfc6d4b" outcome="Passed" testListId="8c84fa94-04c1-424b-9868-57a2d4851a1d" relativeResultsDirectory="e22e3b01-eb67-41e5-98ca-8d192ac58154" />
    <UnitTestResult executionId="0ca083af-5cb3-4055-970b-c0813596ffcc" testId="509b44e6-59d7-4790-955b-cf5fb37c9fa4" testName="FormatToStringTest1000 (56373.35086238494,56373.35 zł)" computerName="DESKTOP-5URQ9PB" duration="00:00:00.0000061" startTime="2022-06-13T21:12:26.3945256+02:00" endTime="2022-06-13T21:12:26.3945924+02:00" testType="13cdc9d9-ddb5-4fa4-a97d-d965ccfc6d4b" outcome="Passed" testListId="8c84fa94-04c1-424b-9868-57a2d4851a1d" relativeResultsDirectory="0ca083af-5cb3-4055-970b-c0813596ffcc" />
    <UnitTestResult executionId="cfa3be7a-b5bc-44fb-a89f-b48faf928698" testId="584cc4ea-76f8-4a5a-899d-83db8282343f" testName="FormatToStringTest1000 (11584.045280779732,11584.05 zł)" computerName="DESKTOP-5URQ9PB" duration="00:00:00.0000062" startTime="2022-06-13T21:12:26.5419112+02:00" endTime="2022-06-13T21:12:26.5419752+02:00" testType="13cdc9d9-ddb5-4fa4-a97d-d965ccfc6d4b" outcome="Passed" testListId="8c84fa94-04c1-424b-9868-57a2d4851a1d" relativeResultsDirectory="cfa3be7a-b5bc-44fb-a89f-b48faf928698" />
    <UnitTestResult executionId="5047bc24-de14-4d8c-8dfe-21eafa697d17" testId="ffb2f43b-dd7c-4269-b40b-80fcd2301467" testName="FormatToStringTest1000 (10457.593086045978,10457.59 zł)" computerName="DESKTOP-5URQ9PB" duration="00:00:00.0000070" startTime="2022-06-13T21:12:26.4457659+02:00" endTime="2022-06-13T21:12:26.4458457+02:00" testType="13cdc9d9-ddb5-4fa4-a97d-d965ccfc6d4b" outcome="Passed" testListId="8c84fa94-04c1-424b-9868-57a2d4851a1d" relativeResultsDirectory="5047bc24-de14-4d8c-8dfe-21eafa697d17" />
    <UnitTestResult executionId="78176fc4-d181-49ac-aa12-c1b699c80f54" testId="5b323985-3e79-43ca-a886-c66ef714b40b" testName="FormatToStringTest1000 (49672.98901987402,49672.99 zł)" computerName="DESKTOP-5URQ9PB" duration="00:00:00.0000063" startTime="2022-06-13T21:12:26.4173064+02:00" endTime="2022-06-13T21:12:26.4173731+02:00" testType="13cdc9d9-ddb5-4fa4-a97d-d965ccfc6d4b" outcome="Passed" testListId="8c84fa94-04c1-424b-9868-57a2d4851a1d" relativeResultsDirectory="78176fc4-d181-49ac-aa12-c1b699c80f54" />
    <UnitTestResult executionId="ae459e8e-babc-4e36-a0cf-7e871ffa3610" testId="8be53118-5952-488f-b5f8-ad93a38a413c" testName="FormatToStringTest1000 (9097.395563790293,9097.40 zł)" computerName="DESKTOP-5URQ9PB" duration="00:00:00.0000064" startTime="2022-06-13T21:12:26.5495230+02:00" endTime="2022-06-13T21:12:26.5495879+02:00" testType="13cdc9d9-ddb5-4fa4-a97d-d965ccfc6d4b" outcome="Passed" testListId="8c84fa94-04c1-424b-9868-57a2d4851a1d" relativeResultsDirectory="ae459e8e-babc-4e36-a0cf-7e871ffa3610" />
    <UnitTestResult executionId="c1eb35cb-8519-42dc-b600-b132fbb88030" testId="5900adeb-ee8f-471f-a5f3-9f226be070be" testName="FormatToStringTest1000 (1482.3501845832682,1482.35 zł)" computerName="DESKTOP-5URQ9PB" duration="00:00:00.0000060" startTime="2022-06-13T21:12:26.5517637+02:00" endTime="2022-06-13T21:12:26.5518274+02:00" testType="13cdc9d9-ddb5-4fa4-a97d-d965ccfc6d4b" outcome="Passed" testListId="8c84fa94-04c1-424b-9868-57a2d4851a1d" relativeResultsDirectory="c1eb35cb-8519-42dc-b600-b132fbb88030" />
    <UnitTestResult executionId="f5919486-57b7-4478-8348-e17e35d3d42b" testId="8b23b835-1eb5-4f97-bd74-678ba3bd3ab7" testName="FormatToStringTest1000 (24024.14691439557,24024.15 zł)" computerName="DESKTOP-5URQ9PB" duration="00:00:00.0000063" startTime="2022-06-13T21:12:26.3708777+02:00" endTime="2022-06-13T21:12:26.3709512+02:00" testType="13cdc9d9-ddb5-4fa4-a97d-d965ccfc6d4b" outcome="Passed" testListId="8c84fa94-04c1-424b-9868-57a2d4851a1d" relativeResultsDirectory="f5919486-57b7-4478-8348-e17e35d3d42b" />
    <UnitTestResult executionId="cb92660a-dffd-40ff-a45c-6dee62c55eea" testId="a22b5809-7470-49f9-936b-93c7f6110c33" testName="FormatToStringTest1000 (23120.169499649743,23120.17 zł)" computerName="DESKTOP-5URQ9PB" duration="00:00:00.0000062" startTime="2022-06-13T21:12:26.5574560+02:00" endTime="2022-06-13T21:12:26.5575204+02:00" testType="13cdc9d9-ddb5-4fa4-a97d-d965ccfc6d4b" outcome="Passed" testListId="8c84fa94-04c1-424b-9868-57a2d4851a1d" relativeResultsDirectory="cb92660a-dffd-40ff-a45c-6dee62c55eea" />
    <UnitTestResult executionId="4288309e-e704-4ae1-9756-f024af0d7521" testId="a30fdc34-5471-4608-9592-ecc250447b7f" testName="FormatToStringTest1000 (4652.407073443945,4652.41 zł)" computerName="DESKTOP-5URQ9PB" duration="00:00:00.0000064" startTime="2022-06-13T21:12:26.4323825+02:00" endTime="2022-06-13T21:12:26.4324565+02:00" testType="13cdc9d9-ddb5-4fa4-a97d-d965ccfc6d4b" outcome="Passed" testListId="8c84fa94-04c1-424b-9868-57a2d4851a1d" relativeResultsDirectory="4288309e-e704-4ae1-9756-f024af0d7521" />
    <UnitTestResult executionId="dcd9ed3c-8bf2-49cc-b747-8895d98dc144" testId="0a8b4961-328c-4d26-bad1-3c80df64bc95" testName="FormatToStringTest1000 (73477.18206926118,73477.18 zł)" computerName="DESKTOP-5URQ9PB" duration="00:00:00.0000062" startTime="2022-06-13T21:12:26.4203359+02:00" endTime="2022-06-13T21:12:26.4204023+02:00" testType="13cdc9d9-ddb5-4fa4-a97d-d965ccfc6d4b" outcome="Passed" testListId="8c84fa94-04c1-424b-9868-57a2d4851a1d" relativeResultsDirectory="dcd9ed3c-8bf2-49cc-b747-8895d98dc144" />
    <UnitTestResult executionId="d871d80b-1f2f-4664-bb46-192d1348c286" testId="ec541dbf-69d6-4aa0-b3f3-f921a58c9110" testName="FormatToStringTest1000 (3270.286035661719,3270.29 zł)" computerName="DESKTOP-5URQ9PB" duration="00:00:00.0000065" startTime="2022-06-13T21:12:26.4618775+02:00" endTime="2022-06-13T21:12:26.4619590+02:00" testType="13cdc9d9-ddb5-4fa4-a97d-d965ccfc6d4b" outcome="Passed" testListId="8c84fa94-04c1-424b-9868-57a2d4851a1d" relativeResultsDirectory="d871d80b-1f2f-4664-bb46-192d1348c286" />
    <UnitTestResult executionId="3eb339b3-1037-40fa-a633-b983a9a4888b" testId="8f3e5524-2ca2-4739-a6f1-a51643925096" testName="FormatToStringTest1000 (12091.219941106729,12091.22 zł)" computerName="DESKTOP-5URQ9PB" duration="00:00:00.0000071" startTime="2022-06-13T21:12:26.3512810+02:00" endTime="2022-06-13T21:12:26.3513485+02:00" testType="13cdc9d9-ddb5-4fa4-a97d-d965ccfc6d4b" outcome="Passed" testListId="8c84fa94-04c1-424b-9868-57a2d4851a1d" relativeResultsDirectory="3eb339b3-1037-40fa-a633-b983a9a4888b" />
    <UnitTestResult executionId="967a4340-4dde-4f2a-a237-b7d5095b98b5" testId="76168d6a-0f0e-417e-b883-d7ea0b104a02" testName="FormatToStringTest1000 (25882.451101077,25882.45 zł)" computerName="DESKTOP-5URQ9PB" duration="00:00:00.0000076" startTime="2022-06-13T21:12:26.4610974+02:00" endTime="2022-06-13T21:12:26.4611905+02:00" testType="13cdc9d9-ddb5-4fa4-a97d-d965ccfc6d4b" outcome="Passed" testListId="8c84fa94-04c1-424b-9868-57a2d4851a1d" relativeResultsDirectory="967a4340-4dde-4f2a-a237-b7d5095b98b5" />
    <UnitTestResult executionId="f3eca579-c904-4215-aff8-8753c7d0f382" testId="c24a333f-0abb-4cf0-b5ea-e1fe557436c9" testName="FormatToStringTest1000 (50413.517583300134,50413.52 zł)" computerName="DESKTOP-5URQ9PB" duration="00:00:00.0000061" startTime="2022-06-13T21:12:26.5114878+02:00" endTime="2022-06-13T21:12:26.5115530+02:00" testType="13cdc9d9-ddb5-4fa4-a97d-d965ccfc6d4b" outcome="Passed" testListId="8c84fa94-04c1-424b-9868-57a2d4851a1d" relativeResultsDirectory="f3eca579-c904-4215-aff8-8753c7d0f382" />
    <UnitTestResult executionId="89061d7b-0cea-45dc-8076-659b72736b9c" testId="16d7577e-c452-4c24-8eae-c5b97817dc00" testName="FormatToStringTest1000 (27794.8671353957,27794.87 zł)" computerName="DESKTOP-5URQ9PB" duration="00:00:00.0000081" startTime="2022-06-13T21:12:26.5268435+02:00" endTime="2022-06-13T21:12:26.5269291+02:00" testType="13cdc9d9-ddb5-4fa4-a97d-d965ccfc6d4b" outcome="Passed" testListId="8c84fa94-04c1-424b-9868-57a2d4851a1d" relativeResultsDirectory="89061d7b-0cea-45dc-8076-659b72736b9c" />
    <UnitTestResult executionId="6e414e57-9457-4cb0-a3ea-aeb712e535a6" testId="3bf0d1e1-1fff-490d-9200-f62fcdc2a2dc" testName="FormatToStringTest1000 (15861.139287455073,15861.14 zł)" computerName="DESKTOP-5URQ9PB" duration="00:00:00.0000065" startTime="2022-06-13T21:12:26.3745312+02:00" endTime="2022-06-13T21:12:26.3746067+02:00" testType="13cdc9d9-ddb5-4fa4-a97d-d965ccfc6d4b" outcome="Passed" testListId="8c84fa94-04c1-424b-9868-57a2d4851a1d" relativeResultsDirectory="6e414e57-9457-4cb0-a3ea-aeb712e535a6" />
    <UnitTestResult executionId="be9fd502-b547-4c92-a0b0-57015b0b338e" testId="36845b84-2951-4ebd-9ea4-330c1638b201" testName="FormatToStringTest1000 (100.45267071130345,100.45 zł)" computerName="DESKTOP-5URQ9PB" duration="00:00:00.0000062" startTime="2022-06-13T21:12:26.3419374+02:00" endTime="2022-06-13T21:12:26.3420044+02:00" testType="13cdc9d9-ddb5-4fa4-a97d-d965ccfc6d4b" outcome="Passed" testListId="8c84fa94-04c1-424b-9868-57a2d4851a1d" relativeResultsDirectory="be9fd502-b547-4c92-a0b0-57015b0b338e" />
    <UnitTestResult executionId="73b31e13-22fb-4db8-8a2a-7a007d40b871" testId="4ee2dd55-4e4e-4550-b16b-7c42d42a6128" testName="FormatToStringTest1000 (743.047944508981,743.05 zł)" computerName="DESKTOP-5URQ9PB" duration="00:00:00.0000381" startTime="2022-06-13T21:12:26.4803248+02:00" endTime="2022-06-13T21:12:26.4807502+02:00" testType="13cdc9d9-ddb5-4fa4-a97d-d965ccfc6d4b" outcome="Passed" testListId="8c84fa94-04c1-424b-9868-57a2d4851a1d" relativeResultsDirectory="73b31e13-22fb-4db8-8a2a-7a007d40b871" />
    <UnitTestResult executionId="9887845a-70a8-4e6e-a62c-0875d10f2134" testId="e364ed73-ea06-4887-8d62-ddffe45da34e" testName="FormatToStringTest1000 (19541.10539777116,19541.11 zł)" computerName="DESKTOP-5URQ9PB" duration="00:00:00.0000065" startTime="2022-06-13T21:12:26.2790983+02:00" endTime="2022-06-13T21:12:26.2791718+02:00" testType="13cdc9d9-ddb5-4fa4-a97d-d965ccfc6d4b" outcome="Passed" testListId="8c84fa94-04c1-424b-9868-57a2d4851a1d" relativeResultsDirectory="9887845a-70a8-4e6e-a62c-0875d10f2134" />
    <UnitTestResult executionId="b78759c4-7b70-48a4-8e07-58d83ead8793" testId="8a563c79-5ae9-49b0-a75d-8ce5704ec3e2" testName="FormatToStringTest1000 (3431.864349926759,3431.86 zł)" computerName="DESKTOP-5URQ9PB" duration="00:00:00.0000104" startTime="2022-06-13T21:12:26.5354886+02:00" endTime="2022-06-13T21:12:26.5355954+02:00" testType="13cdc9d9-ddb5-4fa4-a97d-d965ccfc6d4b" outcome="Passed" testListId="8c84fa94-04c1-424b-9868-57a2d4851a1d" relativeResultsDirectory="b78759c4-7b70-48a4-8e07-58d83ead8793" />
    <UnitTestResult executionId="30388c72-0f4c-46e9-bb8f-24eb0fdb43b4" testId="4e9bd79a-0425-4850-a2d1-0dd1a88d61d9" testName="FormatToStringTest1000 (50507.0104155615,50507.01 zł)" computerName="DESKTOP-5URQ9PB" duration="00:00:00.0000072" startTime="2022-06-13T21:12:26.5745326+02:00" endTime="2022-06-13T21:12:26.5746078+02:00" testType="13cdc9d9-ddb5-4fa4-a97d-d965ccfc6d4b" outcome="Passed" testListId="8c84fa94-04c1-424b-9868-57a2d4851a1d" relativeResultsDirectory="30388c72-0f4c-46e9-bb8f-24eb0fdb43b4" />
    <UnitTestResult executionId="62020257-b5e5-4e44-9cb7-6f7bd2434d5f" testId="a224a504-0a7c-439a-913d-f02e251ffba1" testName="FormatToStringTest1000 (14910.573044539697,14910.57 zł)" computerName="DESKTOP-5URQ9PB" duration="00:00:00.0000064" startTime="2022-06-13T21:12:26.5942708+02:00" endTime="2022-06-13T21:12:26.5943357+02:00" testType="13cdc9d9-ddb5-4fa4-a97d-d965ccfc6d4b" outcome="Passed" testListId="8c84fa94-04c1-424b-9868-57a2d4851a1d" relativeResultsDirectory="62020257-b5e5-4e44-9cb7-6f7bd2434d5f" />
    <UnitTestResult executionId="b9117922-aa37-49f4-8040-69e22a8ce699" testId="21057bba-181e-4f93-9782-9bf414c320e7" testName="FormatToStringTest1000 (63291.50274994015,63291.50 zł)" computerName="DESKTOP-5URQ9PB" duration="00:00:00.0000064" startTime="2022-06-13T21:12:26.4327544+02:00" endTime="2022-06-13T21:12:26.4328272+02:00" testType="13cdc9d9-ddb5-4fa4-a97d-d965ccfc6d4b" outcome="Passed" testListId="8c84fa94-04c1-424b-9868-57a2d4851a1d" relativeResultsDirectory="b9117922-aa37-49f4-8040-69e22a8ce699" />
    <UnitTestResult executionId="b5969010-8e75-4a20-b4a2-63d9f7548240" testId="1e7bc1d9-0014-4e3b-9780-d7f134b442a7" testName="FormatToStringTest1000 (2975.6892256134606,2975.69 zł)" computerName="DESKTOP-5URQ9PB" duration="00:00:00.0000061" startTime="2022-06-13T21:12:26.4299215+02:00" endTime="2022-06-13T21:12:26.4299879+02:00" testType="13cdc9d9-ddb5-4fa4-a97d-d965ccfc6d4b" outcome="Passed" testListId="8c84fa94-04c1-424b-9868-57a2d4851a1d" relativeResultsDirectory="b5969010-8e75-4a20-b4a2-63d9f7548240" />
    <UnitTestResult executionId="db43641b-1d3d-45f9-a739-de22bad470c6" testId="01599240-a16d-4260-afd4-33a775cf0509" testName="FormatToStringTest1000 (12308.022158465357,12308.02 zł)" computerName="DESKTOP-5URQ9PB" duration="00:00:00.0000061" startTime="2022-06-13T21:12:26.4114850+02:00" endTime="2022-06-13T21:12:26.4115511+02:00" testType="13cdc9d9-ddb5-4fa4-a97d-d965ccfc6d4b" outcome="Passed" testListId="8c84fa94-04c1-424b-9868-57a2d4851a1d" relativeResultsDirectory="db43641b-1d3d-45f9-a739-de22bad470c6" />
    <UnitTestResult executionId="67bc7afb-869d-4a48-9da3-73dc1a280ea7" testId="c736ce96-ac3e-48ed-98f8-2ed63328cc10" testName="FormatToStringTest1000 (19933.78650940945,19933.79 zł)" computerName="DESKTOP-5URQ9PB" duration="00:00:00.0000063" startTime="2022-06-13T21:12:26.5689810+02:00" endTime="2022-06-13T21:12:26.5690460+02:00" testType="13cdc9d9-ddb5-4fa4-a97d-d965ccfc6d4b" outcome="Passed" testListId="8c84fa94-04c1-424b-9868-57a2d4851a1d" relativeResultsDirectory="67bc7afb-869d-4a48-9da3-73dc1a280ea7" />
    <UnitTestResult executionId="9149d3fb-89b0-4356-8756-b4008ed35318" testId="ee597cfa-01a1-49f5-a304-540dfb41a65d" testName="FormatToStringTest1000 (2897.9775426620513,2897.98 zł)" computerName="DESKTOP-5URQ9PB" duration="00:00:00.0000061" startTime="2022-06-13T21:12:26.5314722+02:00" endTime="2022-06-13T21:12:26.5315366+02:00" testType="13cdc9d9-ddb5-4fa4-a97d-d965ccfc6d4b" outcome="Passed" testListId="8c84fa94-04c1-424b-9868-57a2d4851a1d" relativeResultsDirectory="9149d3fb-89b0-4356-8756-b4008ed35318" />
    <UnitTestResult executionId="058eb436-89fb-40e1-afcf-7e53a2f38796" testId="c85846b7-d78c-4d8a-8770-690e4e30df38" testName="FormatToStringTest1000 (45887.58415794167,45887.58 zł)" computerName="DESKTOP-5URQ9PB" duration="00:00:00.0000064" startTime="2022-06-13T21:12:26.4988063+02:00" endTime="2022-06-13T21:12:26.4988725+02:00" testType="13cdc9d9-ddb5-4fa4-a97d-d965ccfc6d4b" outcome="Passed" testListId="8c84fa94-04c1-424b-9868-57a2d4851a1d" relativeResultsDirectory="058eb436-89fb-40e1-afcf-7e53a2f38796" />
    <UnitTestResult executionId="5c2dc2b8-ba96-406c-8c87-663ad402d122" testId="1648c5bc-8108-4279-abac-eaeef7173dbc" testName="FormatToStringTest1000 (37387.37521261972,37387.38 zł)" computerName="DESKTOP-5URQ9PB" duration="00:00:00.0000076" startTime="2022-06-13T21:12:26.5246758+02:00" endTime="2022-06-13T21:12:26.5248051+02:00" testType="13cdc9d9-ddb5-4fa4-a97d-d965ccfc6d4b" outcome="Passed" testListId="8c84fa94-04c1-424b-9868-57a2d4851a1d" relativeResultsDirectory="5c2dc2b8-ba96-406c-8c87-663ad402d122" />
    <UnitTestResult executionId="ce243724-3819-48d4-84c1-b7574a585576" testId="34a93a6f-7976-4c95-807a-ed44a5e79bbd" testName="FormatToStringTest1000 (48449.85582609189,48449.86 zł)" computerName="DESKTOP-5URQ9PB" duration="00:00:00.0000064" startTime="2022-06-13T21:12:26.4963321+02:00" endTime="2022-06-13T21:12:26.4963992+02:00" testType="13cdc9d9-ddb5-4fa4-a97d-d965ccfc6d4b" outcome="Passed" testListId="8c84fa94-04c1-424b-9868-57a2d4851a1d" relativeResultsDirectory="ce243724-3819-48d4-84c1-b7574a585576" />
    <UnitTestResult executionId="a068acb5-986e-42ea-9013-9e1328094e99" testId="388b6138-3c67-4b0a-98f8-06e7479610f3" testName="FormatToStringTest1000 (6105.007054037418,6105.01 zł)" computerName="DESKTOP-5URQ9PB" duration="00:00:00.0000067" startTime="2022-06-13T21:12:26.5048527+02:00" endTime="2022-06-13T21:12:26.5049193+02:00" testType="13cdc9d9-ddb5-4fa4-a97d-d965ccfc6d4b" outcome="Passed" testListId="8c84fa94-04c1-424b-9868-57a2d4851a1d" relativeResultsDirectory="a068acb5-986e-42ea-9013-9e1328094e99" />
    <UnitTestResult executionId="341117d3-a99d-4494-a24e-3d169d74682c" testId="8abf26ef-b83e-46df-b107-30133f63159e" testName="FormatToStringTest1000 (28080.92507087669,28080.93 zł)" computerName="DESKTOP-5URQ9PB" duration="00:00:00.0000062" startTime="2022-06-13T21:12:26.5688173+02:00" endTime="2022-06-13T21:12:26.5688821+02:00" testType="13cdc9d9-ddb5-4fa4-a97d-d965ccfc6d4b" outcome="Passed" testListId="8c84fa94-04c1-424b-9868-57a2d4851a1d" relativeResultsDirectory="341117d3-a99d-4494-a24e-3d169d74682c" />
    <UnitTestResult executionId="d106131c-0fd2-426f-bc65-0f15a2f2d960" testId="ebfc8472-b3c9-4d13-acbd-5d41e4fb9d5e" testName="FormatToStringTest1000 (36760.171806480816,36760.17 zł)" computerName="DESKTOP-5URQ9PB" duration="00:00:00.0000064" startTime="2022-06-13T21:12:26.5357013+02:00" endTime="2022-06-13T21:12:26.5357670+02:00" testType="13cdc9d9-ddb5-4fa4-a97d-d965ccfc6d4b" outcome="Passed" testListId="8c84fa94-04c1-424b-9868-57a2d4851a1d" relativeResultsDirectory="d106131c-0fd2-426f-bc65-0f15a2f2d960" />
    <UnitTestResult executionId="d5943a08-a3d2-4b68-87d3-03e732ed46d3" testId="b6683a4d-12f5-4672-8faf-03e608d07c15" testName="FormatToStringTest1000 (29926.595417457444,29926.60 zł)" computerName="DESKTOP-5URQ9PB" duration="00:00:00.0000062" startTime="2022-06-13T21:12:26.5317167+02:00" endTime="2022-06-13T21:12:26.5317809+02:00" testType="13cdc9d9-ddb5-4fa4-a97d-d965ccfc6d4b" outcome="Passed" testListId="8c84fa94-04c1-424b-9868-57a2d4851a1d" relativeResultsDirectory="d5943a08-a3d2-4b68-87d3-03e732ed46d3" />
    <UnitTestResult executionId="dbaab2a3-8dc2-46ed-9ae0-1dc91fde05f9" testId="709b60a3-ee96-4a06-a7b4-94e8a4b7f06f" testName="FormatToStringTest1000 (96261.84883437205,96261.85 zł)" computerName="DESKTOP-5URQ9PB" duration="00:00:00.0000062" startTime="2022-06-13T21:12:26.5707157+02:00" endTime="2022-06-13T21:12:26.5707806+02:00" testType="13cdc9d9-ddb5-4fa4-a97d-d965ccfc6d4b" outcome="Passed" testListId="8c84fa94-04c1-424b-9868-57a2d4851a1d" relativeResultsDirectory="dbaab2a3-8dc2-46ed-9ae0-1dc91fde05f9" />
    <UnitTestResult executionId="9b09ca90-3094-45a3-8cce-172796af78cc" testId="0cf2f965-e01a-43cf-9118-32cffe277946" testName="FormatToStringTest1000 (9196.579612724754,9196.58 zł)" computerName="DESKTOP-5URQ9PB" duration="00:00:00.0000063" startTime="2022-06-13T21:12:26.4660496+02:00" endTime="2022-06-13T21:12:26.4661171+02:00" testType="13cdc9d9-ddb5-4fa4-a97d-d965ccfc6d4b" outcome="Passed" testListId="8c84fa94-04c1-424b-9868-57a2d4851a1d" relativeResultsDirectory="9b09ca90-3094-45a3-8cce-172796af78cc" />
    <UnitTestResult executionId="d3542d37-c015-45c6-b87a-a9b401e350a9" testId="5c72dc89-ac2c-4ec0-81ef-ffe49637e5d5" testName="FormatToStringTest1000 (181.3640542483721,181.36 zł)" computerName="DESKTOP-5URQ9PB" duration="00:00:00.0000062" startTime="2022-06-13T21:12:26.5494409+02:00" endTime="2022-06-13T21:12:26.5495061+02:00" testType="13cdc9d9-ddb5-4fa4-a97d-d965ccfc6d4b" outcome="Passed" testListId="8c84fa94-04c1-424b-9868-57a2d4851a1d" relativeResultsDirectory="d3542d37-c015-45c6-b87a-a9b401e350a9" />
    <UnitTestResult executionId="3811fd90-1f33-4f11-8fe3-d1848334697b" testId="ddce023b-0673-4dde-b059-85b6015b7b50" testName="FormatToStringTest1000 (30360.993128030557,30360.99 zł)" computerName="DESKTOP-5URQ9PB" duration="00:00:00.0000063" startTime="2022-06-13T21:12:26.5919014+02:00" endTime="2022-06-13T21:12:26.5919676+02:00" testType="13cdc9d9-ddb5-4fa4-a97d-d965ccfc6d4b" outcome="Passed" testListId="8c84fa94-04c1-424b-9868-57a2d4851a1d" relativeResultsDirectory="3811fd90-1f33-4f11-8fe3-d1848334697b" />
    <UnitTestResult executionId="32f96e83-7667-4732-b9d4-c4aa87d24d44" testId="9d408d8b-fa11-42c7-aa7b-35778f7bfbb1" testName="FormatToStringTest1000 (16957.4523676757,16957.45 zł)" computerName="DESKTOP-5URQ9PB" duration="00:00:00.0000145" startTime="2022-06-13T21:12:26.4552751+02:00" endTime="2022-06-13T21:12:26.4553776+02:00" testType="13cdc9d9-ddb5-4fa4-a97d-d965ccfc6d4b" outcome="Passed" testListId="8c84fa94-04c1-424b-9868-57a2d4851a1d" relativeResultsDirectory="32f96e83-7667-4732-b9d4-c4aa87d24d44" />
    <UnitTestResult executionId="3e5e73a8-7c50-4a5e-a1b2-50b0ada9a535" testId="bc876fb3-6182-4001-8f4f-ac2b710a7da6" testName="FormatToStringTest1000 (10461.455048841171,10461.46 zł)" computerName="DESKTOP-5URQ9PB" duration="00:00:00.0000063" startTime="2022-06-13T21:12:26.4006933+02:00" endTime="2022-06-13T21:12:26.4007605+02:00" testType="13cdc9d9-ddb5-4fa4-a97d-d965ccfc6d4b" outcome="Passed" testListId="8c84fa94-04c1-424b-9868-57a2d4851a1d" relativeResultsDirectory="3e5e73a8-7c50-4a5e-a1b2-50b0ada9a535" />
    <UnitTestResult executionId="b97a1e16-eaab-48be-a2d6-d2c402674938" testId="25c745eb-080c-4bf4-8a12-b773e0072c6d" testName="FormatToStringTest1000 (5247.779940802501,5247.78 zł)" computerName="DESKTOP-5URQ9PB" duration="00:00:00.0000071" startTime="2022-06-13T21:12:26.5940949+02:00" endTime="2022-06-13T21:12:26.5941688+02:00" testType="13cdc9d9-ddb5-4fa4-a97d-d965ccfc6d4b" outcome="Passed" testListId="8c84fa94-04c1-424b-9868-57a2d4851a1d" relativeResultsDirectory="b97a1e16-eaab-48be-a2d6-d2c402674938" />
    <UnitTestResult executionId="66499f5d-de21-4afa-b8f5-05acfb021845" testId="5af655f9-bf39-433d-a3be-85d4b24bcbec" testName="FormatToStringTest1000 (4025.728369236797,4025.73 zł)" computerName="DESKTOP-5URQ9PB" duration="00:00:00.0000077" startTime="2022-06-13T21:12:26.4200626+02:00" endTime="2022-06-13T21:12:26.4201419+02:00" testType="13cdc9d9-ddb5-4fa4-a97d-d965ccfc6d4b" outcome="Passed" testListId="8c84fa94-04c1-424b-9868-57a2d4851a1d" relativeResultsDirectory="66499f5d-de21-4afa-b8f5-05acfb021845" />
    <UnitTestResult executionId="4829dafa-1f41-435b-b632-11632683da82" testId="ca54f0b6-10cb-4bee-aee7-ebcd4ed5ee42" testName="FormatToStringTest1000 (2751.3751475258614,2751.38 zł)" computerName="DESKTOP-5URQ9PB" duration="00:00:00.0000062" startTime="2022-06-13T21:12:26.5595574+02:00" endTime="2022-06-13T21:12:26.5596217+02:00" testType="13cdc9d9-ddb5-4fa4-a97d-d965ccfc6d4b" outcome="Passed" testListId="8c84fa94-04c1-424b-9868-57a2d4851a1d" relativeResultsDirectory="4829dafa-1f41-435b-b632-11632683da82" />
    <UnitTestResult executionId="8b29c723-44e1-46c5-9e03-60cb27140ef3" testId="e450ac4a-98a6-4953-998d-2053ed795017" testName="FormatToStringTest1000 (28972.23604401212,28972.24 zł)" computerName="DESKTOP-5URQ9PB" duration="00:00:00.0000063" startTime="2022-06-13T21:12:26.5013898+02:00" endTime="2022-06-13T21:12:26.5014675+02:00" testType="13cdc9d9-ddb5-4fa4-a97d-d965ccfc6d4b" outcome="Passed" testListId="8c84fa94-04c1-424b-9868-57a2d4851a1d" relativeResultsDirectory="8b29c723-44e1-46c5-9e03-60cb27140ef3" />
    <UnitTestResult executionId="ebef1075-cc69-414b-8047-ee9f7e26e719" testId="77ec645e-8721-4139-9e94-dc78a2331243" testName="FormatToStringTest1000 (750.5106571719566,750.51 zł)" computerName="DESKTOP-5URQ9PB" duration="00:00:00.0000062" startTime="2022-06-13T21:12:26.5729691+02:00" endTime="2022-06-13T21:12:26.5730331+02:00" testType="13cdc9d9-ddb5-4fa4-a97d-d965ccfc6d4b" outcome="Passed" testListId="8c84fa94-04c1-424b-9868-57a2d4851a1d" relativeResultsDirectory="ebef1075-cc69-414b-8047-ee9f7e26e719" />
    <UnitTestResult executionId="64e53877-aca6-44f9-8a4e-afb9338f7dcb" testId="e5a506a5-43c2-4002-b504-709a1655bc38" testName="FormatToStringTest1000 (6323.24079469882,6323.24 zł)" computerName="DESKTOP-5URQ9PB" duration="00:00:00.0000062" startTime="2022-06-13T21:12:26.3605940+02:00" endTime="2022-06-13T21:12:26.3606581+02:00" testType="13cdc9d9-ddb5-4fa4-a97d-d965ccfc6d4b" outcome="Passed" testListId="8c84fa94-04c1-424b-9868-57a2d4851a1d" relativeResultsDirectory="64e53877-aca6-44f9-8a4e-afb9338f7dcb" />
    <UnitTestResult executionId="9059aaed-5819-4bd7-bee6-cd08e408e96c" testId="7cc415f8-e2c4-4409-98fb-c6fc85101a8b" testName="FormatToStringTest1000 (63946.51014057478,63946.51 zł)" computerName="DESKTOP-5URQ9PB" duration="00:00:00.0000063" startTime="2022-06-13T21:12:26.4986392+02:00" endTime="2022-06-13T21:12:26.4987056+02:00" testType="13cdc9d9-ddb5-4fa4-a97d-d965ccfc6d4b" outcome="Passed" testListId="8c84fa94-04c1-424b-9868-57a2d4851a1d" relativeResultsDirectory="9059aaed-5819-4bd7-bee6-cd08e408e96c" />
    <UnitTestResult executionId="e891e960-491a-4132-a71d-9d915cebc1e5" testId="1dbe9d96-c5a3-4d67-9ffa-fc0061323bc3" testName="FormatToStringTest1000 (5507.360659962688,5507.36 zł)" computerName="DESKTOP-5URQ9PB" duration="00:00:00.0000063" startTime="2022-06-13T21:12:26.5767615+02:00" endTime="2022-06-13T21:12:26.5768259+02:00" testType="13cdc9d9-ddb5-4fa4-a97d-d965ccfc6d4b" outcome="Passed" testListId="8c84fa94-04c1-424b-9868-57a2d4851a1d" relativeResultsDirectory="e891e960-491a-4132-a71d-9d915cebc1e5" />
    <UnitTestResult executionId="7ca539b4-3e3f-43f9-b5a7-a3087dd808ee" testId="4a2edaa2-2f61-4a10-90c9-91936516c124" testName="FormatToStringTest1000 (54724.71040318008,54724.71 zł)" computerName="DESKTOP-5URQ9PB" duration="00:00:00.0000091" startTime="2022-06-13T21:12:26.3383063+02:00" endTime="2022-06-13T21:12:26.3384045+02:00" testType="13cdc9d9-ddb5-4fa4-a97d-d965ccfc6d4b" outcome="Passed" testListId="8c84fa94-04c1-424b-9868-57a2d4851a1d" relativeResultsDirectory="7ca539b4-3e3f-43f9-b5a7-a3087dd808ee" />
    <UnitTestResult executionId="4d27ec83-d10a-446c-8550-dbfa4fc67051" testId="eab7a6d6-f932-4622-b0c5-cbddbb5793c4" testName="FormatToStringTest1000 (47163.337736466594,47163.34 zł)" computerName="DESKTOP-5URQ9PB" duration="00:00:00.0000063" startTime="2022-06-13T21:12:26.5752028+02:00" endTime="2022-06-13T21:12:26.5752684+02:00" testType="13cdc9d9-ddb5-4fa4-a97d-d965ccfc6d4b" outcome="Passed" testListId="8c84fa94-04c1-424b-9868-57a2d4851a1d" relativeResultsDirectory="4d27ec83-d10a-446c-8550-dbfa4fc67051" />
    <UnitTestResult executionId="c1b2ed2b-ce8f-487b-ac61-fb671d2f9992" testId="4373a92b-25cd-47aa-9289-c0c504ce1aba" testName="FormatToStringTest1000 (40556.73452524362,40556.73 zł)" computerName="DESKTOP-5URQ9PB" duration="00:00:00.0000063" startTime="2022-06-13T21:12:26.4176435+02:00" endTime="2022-06-13T21:12:26.4177096+02:00" testType="13cdc9d9-ddb5-4fa4-a97d-d965ccfc6d4b" outcome="Passed" testListId="8c84fa94-04c1-424b-9868-57a2d4851a1d" relativeResultsDirectory="c1b2ed2b-ce8f-487b-ac61-fb671d2f9992" />
    <UnitTestResult executionId="80cb25c8-d5b0-4c44-92f4-90575281bcba" testId="56ce61ec-5b32-4871-addd-31df56e9bbf2" testName="FormatToStringTest1000 (4555.538255205163,4555.54 zł)" computerName="DESKTOP-5URQ9PB" duration="00:00:00.0000077" startTime="2022-06-13T21:12:26.3942545+02:00" endTime="2022-06-13T21:12:26.3943361+02:00" testType="13cdc9d9-ddb5-4fa4-a97d-d965ccfc6d4b" outcome="Passed" testListId="8c84fa94-04c1-424b-9868-57a2d4851a1d" relativeResultsDirectory="80cb25c8-d5b0-4c44-92f4-90575281bcba" />
    <UnitTestResult executionId="a0f5b3a5-4150-47bb-9004-08fd6040b649" testId="ce8d5664-dedc-458f-b8d0-f7a224edfdef" testName="FormatToStringTest1000 (6276.389386365838,6276.39 zł)" computerName="DESKTOP-5URQ9PB" duration="00:00:00.0000062" startTime="2022-06-13T21:12:26.4144309+02:00" endTime="2022-06-13T21:12:26.4144970+02:00" testType="13cdc9d9-ddb5-4fa4-a97d-d965ccfc6d4b" outcome="Passed" testListId="8c84fa94-04c1-424b-9868-57a2d4851a1d" relativeResultsDirectory="a0f5b3a5-4150-47bb-9004-08fd6040b649" />
    <UnitTestResult executionId="f9aaf8ef-4668-4f4f-8859-eed864dfb639" testId="23f334fd-d10f-4ab9-97bc-e3a7ff50978a" testName="FormatToStringTest1000 (48684.26840475959,48684.27 zł)" computerName="DESKTOP-5URQ9PB" duration="00:00:00.0000063" startTime="2022-06-13T21:12:26.5092225+02:00" endTime="2022-06-13T21:12:26.5092887+02:00" testType="13cdc9d9-ddb5-4fa4-a97d-d965ccfc6d4b" outcome="Passed" testListId="8c84fa94-04c1-424b-9868-57a2d4851a1d" relativeResultsDirectory="f9aaf8ef-4668-4f4f-8859-eed864dfb639" />
    <UnitTestResult executionId="a7477016-2e3b-426b-a6a4-fa0016097101" testId="80881f95-395b-412c-be0b-a55e22145337" testName="FormatToStringTest1000 (22678.643495744862,22678.64 zł)" computerName="DESKTOP-5URQ9PB" duration="00:00:00.0000064" startTime="2022-06-13T21:12:26.5218228+02:00" endTime="2022-06-13T21:12:26.5218977+02:00" testType="13cdc9d9-ddb5-4fa4-a97d-d965ccfc6d4b" outcome="Passed" testListId="8c84fa94-04c1-424b-9868-57a2d4851a1d" relativeResultsDirectory="a7477016-2e3b-426b-a6a4-fa0016097101" />
    <UnitTestResult executionId="4f316970-72f2-4b55-b8e6-068f3f9310ed" testId="1dac41d6-2c08-4ad8-9130-f7c0de5aafff" testName="FormatToStringTest1000 (8768.816937361293,8768.82 zł)" computerName="DESKTOP-5URQ9PB" duration="00:00:00.0000061" startTime="2022-06-13T21:12:26.2796115+02:00" endTime="2022-06-13T21:12:26.2796794+02:00" testType="13cdc9d9-ddb5-4fa4-a97d-d965ccfc6d4b" outcome="Passed" testListId="8c84fa94-04c1-424b-9868-57a2d4851a1d" relativeResultsDirectory="4f316970-72f2-4b55-b8e6-068f3f9310ed" />
    <UnitTestResult executionId="1217b832-08fd-42ce-ad5b-e0ece3141bfa" testId="d9d79462-54d2-44c6-bb81-eba4c71a69e2" testName="FormatToStringTest1000 (46607.970025941715,46607.97 zł)" computerName="DESKTOP-5URQ9PB" duration="00:00:00.0000063" startTime="2022-06-13T21:12:26.4205028+02:00" endTime="2022-06-13T21:12:26.4205700+02:00" testType="13cdc9d9-ddb5-4fa4-a97d-d965ccfc6d4b" outcome="Passed" testListId="8c84fa94-04c1-424b-9868-57a2d4851a1d" relativeResultsDirectory="1217b832-08fd-42ce-ad5b-e0ece3141bfa" />
    <UnitTestResult executionId="cbc3fdbf-d153-455d-8cf5-4b39588f90f1" testId="6e3024d9-69e1-4b24-8bf4-9374358d6178" testName="FormatToStringTest1000 (14867.726341984107,14867.73 zł)" computerName="DESKTOP-5URQ9PB" duration="00:00:00.0000063" startTime="2022-06-13T21:12:26.4985548+02:00" endTime="2022-06-13T21:12:26.4986218+02:00" testType="13cdc9d9-ddb5-4fa4-a97d-d965ccfc6d4b" outcome="Passed" testListId="8c84fa94-04c1-424b-9868-57a2d4851a1d" relativeResultsDirectory="cbc3fdbf-d153-455d-8cf5-4b39588f90f1" />
    <UnitTestResult executionId="f703ffdd-7233-4b75-86e9-7e6ad75869dc" testId="138b534a-34ea-4be6-8e22-f40b189df705" testName="FormatToStringTest1000 (40268.121943438484,40268.12 zł)" computerName="DESKTOP-5URQ9PB" duration="00:00:00.0000064" startTime="2022-06-13T21:12:26.3743479+02:00" endTime="2022-06-13T21:12:26.3744231+02:00" testType="13cdc9d9-ddb5-4fa4-a97d-d965ccfc6d4b" outcome="Passed" testListId="8c84fa94-04c1-424b-9868-57a2d4851a1d" relativeResultsDirectory="f703ffdd-7233-4b75-86e9-7e6ad75869dc" />
    <UnitTestResult executionId="96472555-0509-4e9f-8aba-e2f964b83308" testId="d5384328-ab37-4ad4-ba27-de56a35fe344" testName="FormatToStringTest1000 (24137.016609529506,24137.02 zł)" computerName="DESKTOP-5URQ9PB" duration="00:00:00.0000062" startTime="2022-06-13T21:12:26.5497651+02:00" endTime="2022-06-13T21:12:26.5498299+02:00" testType="13cdc9d9-ddb5-4fa4-a97d-d965ccfc6d4b" outcome="Passed" testListId="8c84fa94-04c1-424b-9868-57a2d4851a1d" relativeResultsDirectory="96472555-0509-4e9f-8aba-e2f964b83308" />
    <UnitTestResult executionId="730adc13-aaab-439e-a769-63eb961b8145" testId="e9944bc7-f42f-426f-8eeb-e63ed193a3dd" testName="FormatToStringTest1000 (69864.17463991146,69864.17 zł)" computerName="DESKTOP-5URQ9PB" duration="00:00:00.0000064" startTime="2022-06-13T21:12:26.2957631+02:00" endTime="2022-06-13T21:12:26.2958364+02:00" testType="13cdc9d9-ddb5-4fa4-a97d-d965ccfc6d4b" outcome="Passed" testListId="8c84fa94-04c1-424b-9868-57a2d4851a1d" relativeResultsDirectory="730adc13-aaab-439e-a769-63eb961b8145" />
    <UnitTestResult executionId="def3ddc6-8c21-4cae-aff9-2db694d7aed8" testId="0970eddf-7a85-451e-8c48-bf225019fe60" testName="FormatToStringTest1000 (33245.44763357819,33245.45 zł)" computerName="DESKTOP-5URQ9PB" duration="00:00:00.0000063" startTime="2022-06-13T21:12:26.4081566+02:00" endTime="2022-06-13T21:12:26.4082251+02:00" testType="13cdc9d9-ddb5-4fa4-a97d-d965ccfc6d4b" outcome="Passed" testListId="8c84fa94-04c1-424b-9868-57a2d4851a1d" relativeResultsDirectory="def3ddc6-8c21-4cae-aff9-2db694d7aed8" />
    <UnitTestResult executionId="44dd6c82-cb8c-4284-891c-4adee761f682" testId="9b6ecaa7-7e7d-4900-9f5d-ed699b9b49a3" testName="FormatToStringTest1000 (740.3213011405064,740.32 zł)" computerName="DESKTOP-5URQ9PB" duration="00:00:00.0000060" startTime="2022-06-13T21:12:26.2763702+02:00" endTime="2022-06-13T21:12:26.2764371+02:00" testType="13cdc9d9-ddb5-4fa4-a97d-d965ccfc6d4b" outcome="Passed" testListId="8c84fa94-04c1-424b-9868-57a2d4851a1d" relativeResultsDirectory="44dd6c82-cb8c-4284-891c-4adee761f682" />
    <UnitTestResult executionId="d9d61606-7387-4de3-ba9e-98ca198c5df6" testId="0ea34e3d-c5dc-4a27-9de5-7cf341fd5ba6" testName="FormatToStringTest1000 (9558.453124931293,9558.45 zł)" computerName="DESKTOP-5URQ9PB" duration="00:00:00.0000062" startTime="2022-06-13T21:12:26.3606752+02:00" endTime="2022-06-13T21:12:26.3607416+02:00" testType="13cdc9d9-ddb5-4fa4-a97d-d965ccfc6d4b" outcome="Passed" testListId="8c84fa94-04c1-424b-9868-57a2d4851a1d" relativeResultsDirectory="d9d61606-7387-4de3-ba9e-98ca198c5df6" />
    <UnitTestResult executionId="16be3637-948c-4c38-8a63-ad7b834ab098" testId="12604316-7484-4afd-abfb-51d2e348e373" testName="FormatToStringTest1000 (19603.69286519321,19603.69 zł)" computerName="DESKTOP-5URQ9PB" duration="00:00:00.0000062" startTime="2022-06-13T21:12:26.5884607+02:00" endTime="2022-06-13T21:12:26.5885250+02:00" testType="13cdc9d9-ddb5-4fa4-a97d-d965ccfc6d4b" outcome="Passed" testListId="8c84fa94-04c1-424b-9868-57a2d4851a1d" relativeResultsDirectory="16be3637-948c-4c38-8a63-ad7b834ab098" />
    <UnitTestResult executionId="0aafa11d-efaf-46ef-a8f0-dbd95331e427" testId="1cf03910-6c1b-41b5-91eb-bc6af2f95696" testName="FormatToStringTest1000 (8697.074631143862,8697.07 zł)" computerName="DESKTOP-5URQ9PB" duration="00:00:00.0000073" startTime="2022-06-13T21:12:26.4035279+02:00" endTime="2022-06-13T21:12:26.4036201+02:00" testType="13cdc9d9-ddb5-4fa4-a97d-d965ccfc6d4b" outcome="Passed" testListId="8c84fa94-04c1-424b-9868-57a2d4851a1d" relativeResultsDirectory="0aafa11d-efaf-46ef-a8f0-dbd95331e427" />
    <UnitTestResult executionId="fa6d1fad-704a-4171-afe1-f3d4204efe53" testId="4c23b925-f8e0-4c0a-b98c-bcdc4dec3952" testName="FormatToStringTest1000 (24570.65594858893,24570.66 zł)" computerName="DESKTOP-5URQ9PB" duration="00:00:00.0000095" startTime="2022-06-13T21:12:26.3467351+02:00" endTime="2022-06-13T21:12:26.3468347+02:00" testType="13cdc9d9-ddb5-4fa4-a97d-d965ccfc6d4b" outcome="Passed" testListId="8c84fa94-04c1-424b-9868-57a2d4851a1d" relativeResultsDirectory="fa6d1fad-704a-4171-afe1-f3d4204efe53" />
    <UnitTestResult executionId="75c62cc2-177b-4711-8303-8b57cdaf215a" testId="2e780131-6d56-4059-9d4e-65e3f8f48c9a" testName="FormatToStringTest1000 (22557.09603308099,22557.10 zł)" computerName="DESKTOP-5URQ9PB" duration="00:00:00.0000063" startTime="2022-06-13T21:12:26.3852693+02:00" endTime="2022-06-13T21:12:26.3853368+02:00" testType="13cdc9d9-ddb5-4fa4-a97d-d965ccfc6d4b" outcome="Passed" testListId="8c84fa94-04c1-424b-9868-57a2d4851a1d" relativeResultsDirectory="75c62cc2-177b-4711-8303-8b57cdaf215a" />
    <UnitTestResult executionId="49d57976-83a0-4b95-8510-a2ee64d1237e" testId="b629ff6c-40be-433c-911c-7c42fa17e5bd" testName="FormatToStringTest1000 (20527.270339210645,20527.27 zł)" computerName="DESKTOP-5URQ9PB" duration="00:00:00.0000062" startTime="2022-06-13T21:12:26.5786002+02:00" endTime="2022-06-13T21:12:26.5786656+02:00" testType="13cdc9d9-ddb5-4fa4-a97d-d965ccfc6d4b" outcome="Passed" testListId="8c84fa94-04c1-424b-9868-57a2d4851a1d" relativeResultsDirectory="49d57976-83a0-4b95-8510-a2ee64d1237e" />
    <UnitTestResult executionId="55d130a6-cf57-4198-8c2b-6e559c8bdee9" testId="02e4cc05-6ce1-4b0d-98f2-1b433d3c204c" testName="FormatToStringTest1000 (27942.393876474067,27942.39 zł)" computerName="DESKTOP-5URQ9PB" duration="00:00:00.0000066" startTime="2022-06-13T21:12:26.4941649+02:00" endTime="2022-06-13T21:12:26.4942347+02:00" testType="13cdc9d9-ddb5-4fa4-a97d-d965ccfc6d4b" outcome="Passed" testListId="8c84fa94-04c1-424b-9868-57a2d4851a1d" relativeResultsDirectory="55d130a6-cf57-4198-8c2b-6e559c8bdee9" />
    <UnitTestResult executionId="bacb6b72-a0c4-426d-8bb7-a787313c2524" testId="2eaf0c97-7c50-4d1e-a3f1-99264c3079a8" testName="FormatToStringTest1000 (48428.38681602682,48428.39 zł)" computerName="DESKTOP-5URQ9PB" duration="00:00:00.0000064" startTime="2022-06-13T21:12:26.3784951+02:00" endTime="2022-06-13T21:12:26.3785649+02:00" testType="13cdc9d9-ddb5-4fa4-a97d-d965ccfc6d4b" outcome="Passed" testListId="8c84fa94-04c1-424b-9868-57a2d4851a1d" relativeResultsDirectory="bacb6b72-a0c4-426d-8bb7-a787313c2524" />
    <UnitTestResult executionId="d7a23c76-632b-41c4-addb-6a814d86cfc5" testId="7886e5af-ec6f-4ea3-b9d2-eff71935bfbe" testName="FormatToStringTest1000 (5398.2412667191775,5398.24 zł)" computerName="DESKTOP-5URQ9PB" duration="00:00:00.0000061" startTime="2022-06-13T21:12:26.5708792+02:00" endTime="2022-06-13T21:12:26.5709437+02:00" testType="13cdc9d9-ddb5-4fa4-a97d-d965ccfc6d4b" outcome="Passed" testListId="8c84fa94-04c1-424b-9868-57a2d4851a1d" relativeResultsDirectory="d7a23c76-632b-41c4-addb-6a814d86cfc5" />
    <UnitTestResult executionId="608bd774-0b8e-47fb-ac53-a551bbea5a05" testId="c434812e-485e-4924-9547-c94bc6730da5" testName="FormatToStringTest1000 (19210.519530370144,19210.52 zł)" computerName="DESKTOP-5URQ9PB" duration="00:00:00.0000064" startTime="2022-06-13T21:12:26.4967514+02:00" endTime="2022-06-13T21:12:26.4968179+02:00" testType="13cdc9d9-ddb5-4fa4-a97d-d965ccfc6d4b" outcome="Passed" testListId="8c84fa94-04c1-424b-9868-57a2d4851a1d" relativeResultsDirectory="608bd774-0b8e-47fb-ac53-a551bbea5a05" />
    <UnitTestResult executionId="9074d9fd-3880-4728-871b-edfc33f220fa" testId="713fdc01-fd89-4d0f-b1d0-5e3d36e05dfc" testName="FormatToStringTest1000 (2505.286326204094,2505.29 zł)" computerName="DESKTOP-5URQ9PB" duration="00:00:00.0000062" startTime="2022-06-13T21:12:26.4525384+02:00" endTime="2022-06-13T21:12:26.4526051+02:00" testType="13cdc9d9-ddb5-4fa4-a97d-d965ccfc6d4b" outcome="Passed" testListId="8c84fa94-04c1-424b-9868-57a2d4851a1d" relativeResultsDirectory="9074d9fd-3880-4728-871b-edfc33f220fa" />
    <UnitTestResult executionId="3118266d-42f8-4b2e-880a-f36f80436f9a" testId="a9ecfa6a-b254-4532-b679-f7ff5c40d3a6" testName="FormatToStringTest1000 (11871.427211910219,11871.43 zł)" computerName="DESKTOP-5URQ9PB" duration="00:00:00.0000072" startTime="2022-06-13T21:12:26.4582503+02:00" endTime="2022-06-13T21:12:26.4583178+02:00" testType="13cdc9d9-ddb5-4fa4-a97d-d965ccfc6d4b" outcome="Passed" testListId="8c84fa94-04c1-424b-9868-57a2d4851a1d" relativeResultsDirectory="3118266d-42f8-4b2e-880a-f36f80436f9a" />
    <UnitTestResult executionId="857c8b13-aa1e-4080-a924-94339c505a0b" testId="91880004-941d-4509-89b6-35eb2832a8d7" testName="FormatToStringTest1000 (23612.114499758984,23612.11 zł)" computerName="DESKTOP-5URQ9PB" duration="00:00:00.0000064" startTime="2022-06-13T21:12:26.3675963+02:00" endTime="2022-06-13T21:12:26.3676696+02:00" testType="13cdc9d9-ddb5-4fa4-a97d-d965ccfc6d4b" outcome="Passed" testListId="8c84fa94-04c1-424b-9868-57a2d4851a1d" relativeResultsDirectory="857c8b13-aa1e-4080-a924-94339c505a0b" />
    <UnitTestResult executionId="68060c2e-0c79-4fc6-93b4-dd5f3c2e8552" testId="6ab18e89-6727-420b-b144-db7fc614620b" testName="FormatToStringTest1000 (26223.99769144412,26224.00 zł)" computerName="DESKTOP-5URQ9PB" duration="00:00:00.0000107" startTime="2022-06-13T21:12:26.3147526+02:00" endTime="2022-06-13T21:12:26.3148903+02:00" testType="13cdc9d9-ddb5-4fa4-a97d-d965ccfc6d4b" outcome="Passed" testListId="8c84fa94-04c1-424b-9868-57a2d4851a1d" relativeResultsDirectory="68060c2e-0c79-4fc6-93b4-dd5f3c2e8552" />
    <UnitTestResult executionId="0da75870-5b79-4ee6-97a2-3cf136ade83d" testId="a881f310-b4f1-4ca0-8911-b22260f791a4" testName="FormatToStringTest1000 (16037.01783290087,16037.02 zł)" computerName="DESKTOP-5URQ9PB" duration="00:00:00.0000064" startTime="2022-06-13T21:12:26.5858444+02:00" endTime="2022-06-13T21:12:26.5859107+02:00" testType="13cdc9d9-ddb5-4fa4-a97d-d965ccfc6d4b" outcome="Passed" testListId="8c84fa94-04c1-424b-9868-57a2d4851a1d" relativeResultsDirectory="0da75870-5b79-4ee6-97a2-3cf136ade83d" />
    <UnitTestResult executionId="624d303a-115b-45bd-a244-92f33fdd31b5" testId="26852cc3-df54-4d58-8af9-df424040e7cf" testName="FormatToStringTest1000 (1963.0091662979728,1963.01 zł)" computerName="DESKTOP-5URQ9PB" duration="00:00:00.0000065" startTime="2022-06-13T21:12:26.5451838+02:00" endTime="2022-06-13T21:12:26.5452537+02:00" testType="13cdc9d9-ddb5-4fa4-a97d-d965ccfc6d4b" outcome="Passed" testListId="8c84fa94-04c1-424b-9868-57a2d4851a1d" relativeResultsDirectory="624d303a-115b-45bd-a244-92f33fdd31b5" />
    <UnitTestResult executionId="6ca2f4f5-449c-4eeb-8f4d-5a841601a872" testId="7341e2f2-2a6d-4c43-9fd9-5edc3edafc3b" testName="FormatToStringTest1000 (30533.30031120838,30533.30 zł)" computerName="DESKTOP-5URQ9PB" duration="00:00:00.0000062" startTime="2022-06-13T21:12:26.4583346+02:00" endTime="2022-06-13T21:12:26.4584019+02:00" testType="13cdc9d9-ddb5-4fa4-a97d-d965ccfc6d4b" outcome="Passed" testListId="8c84fa94-04c1-424b-9868-57a2d4851a1d" relativeResultsDirectory="6ca2f4f5-449c-4eeb-8f4d-5a841601a872" />
    <UnitTestResult executionId="68e3f58d-8877-42f0-b01f-f50b18e5170a" testId="5ea74b1d-c072-4aab-998b-6743e208e945" testName="FormatToStringTest1000 (45455.14554704127,45455.15 zł)" computerName="DESKTOP-5URQ9PB" duration="00:00:00.0000063" startTime="2022-06-13T21:12:26.4113169+02:00" endTime="2022-06-13T21:12:26.4113838+02:00" testType="13cdc9d9-ddb5-4fa4-a97d-d965ccfc6d4b" outcome="Passed" testListId="8c84fa94-04c1-424b-9868-57a2d4851a1d" relativeResultsDirectory="68e3f58d-8877-42f0-b01f-f50b18e5170a" />
    <UnitTestResult executionId="5f4559c4-3348-443c-9771-822e3257570c" testId="d831c216-ca69-467a-89e5-45b30e335702" testName="FormatToStringTest1000 (7124.979180760672,7124.98 zł)" computerName="DESKTOP-5URQ9PB" duration="00:00:00.0000066" startTime="2022-06-13T21:12:26.2733251+02:00" endTime="2022-06-13T21:12:26.2734074+02:00" testType="13cdc9d9-ddb5-4fa4-a97d-d965ccfc6d4b" outcome="Passed" testListId="8c84fa94-04c1-424b-9868-57a2d4851a1d" relativeResultsDirectory="5f4559c4-3348-443c-9771-822e3257570c" />
    <UnitTestResult executionId="38a0fb01-60a6-4ae6-a20e-670f60170210" testId="50018b6e-fe52-446a-ac9f-da5129452c76" testName="FormatToStringTest1000 (904.351189922705,904.35 zł)" computerName="DESKTOP-5URQ9PB" duration="00:00:00.0000064" startTime="2022-06-13T21:12:26.5576182+02:00" endTime="2022-06-13T21:12:26.5576810+02:00" testType="13cdc9d9-ddb5-4fa4-a97d-d965ccfc6d4b" outcome="Passed" testListId="8c84fa94-04c1-424b-9868-57a2d4851a1d" relativeResultsDirectory="38a0fb01-60a6-4ae6-a20e-670f60170210" />
    <UnitTestResult executionId="5d686240-64a3-4fe3-bc2e-745aac1d93fb" testId="48b98b19-cdf1-4f8d-8e4b-9ced9951f341" testName="FormatToStringTest1000 (3270.482477338743,3270.48 zł)" computerName="DESKTOP-5URQ9PB" duration="00:00:00.0000065" startTime="2022-06-13T21:12:26.5335249+02:00" endTime="2022-06-13T21:12:26.5335924+02:00" testType="13cdc9d9-ddb5-4fa4-a97d-d965ccfc6d4b" outcome="Passed" testListId="8c84fa94-04c1-424b-9868-57a2d4851a1d" relativeResultsDirectory="5d686240-64a3-4fe3-bc2e-745aac1d93fb" />
    <UnitTestResult executionId="1a28fc08-dd97-4e14-8c89-bfba2a6993a4" testId="c74222c5-0423-494a-a224-a2c6d6fc85dd" testName="FormatToStringTest1000 (52810.91713865516,52810.92 zł)" computerName="DESKTOP-5URQ9PB" duration="00:00:00.0000064" startTime="2022-06-13T21:12:26.2254728+02:00" endTime="2022-06-13T21:12:26.2255398+02:00" testType="13cdc9d9-ddb5-4fa4-a97d-d965ccfc6d4b" outcome="Passed" testListId="8c84fa94-04c1-424b-9868-57a2d4851a1d" relativeResultsDirectory="1a28fc08-dd97-4e14-8c89-bfba2a6993a4" />
    <UnitTestResult executionId="eb734479-3600-48bc-b6dd-83738b0c374b" testId="d70444a9-49ce-46d0-b464-7cee6640b70e" testName="FormatToStringTest1000 (675.4589376107133,675.46 zł)" computerName="DESKTOP-5URQ9PB" duration="00:00:00.0000062" startTime="2022-06-13T21:12:26.5667955+02:00" endTime="2022-06-13T21:12:26.5668595+02:00" testType="13cdc9d9-ddb5-4fa4-a97d-d965ccfc6d4b" outcome="Passed" testListId="8c84fa94-04c1-424b-9868-57a2d4851a1d" relativeResultsDirectory="eb734479-3600-48bc-b6dd-83738b0c374b" />
    <UnitTestResult executionId="bb321199-9e0d-4aa4-9bec-0b3c60197a8a" testId="208017c7-1e4e-4767-b91c-87f61b60ec13" testName="FormatToStringTest1000 (21785.42157155528,21785.42 zł)" computerName="DESKTOP-5URQ9PB" duration="00:00:00.0000062" startTime="2022-06-13T21:12:26.5515220+02:00" endTime="2022-06-13T21:12:26.5515860+02:00" testType="13cdc9d9-ddb5-4fa4-a97d-d965ccfc6d4b" outcome="Passed" testListId="8c84fa94-04c1-424b-9868-57a2d4851a1d" relativeResultsDirectory="bb321199-9e0d-4aa4-9bec-0b3c60197a8a" />
    <UnitTestResult executionId="a3b1262c-b326-417f-811e-19b3a89fe921" testId="6c0e499f-d7a1-49d7-a55e-767decf6923e" testName="FormatToStringTest1000 (19840.47672110632,19840.48 zł)" computerName="DESKTOP-5URQ9PB" duration="00:00:00.0000089" startTime="2022-06-13T21:12:26.3462504+02:00" endTime="2022-06-13T21:12:26.3463506+02:00" testType="13cdc9d9-ddb5-4fa4-a97d-d965ccfc6d4b" outcome="Passed" testListId="8c84fa94-04c1-424b-9868-57a2d4851a1d" relativeResultsDirectory="a3b1262c-b326-417f-811e-19b3a89fe921" />
    <UnitTestResult executionId="3649ad56-1123-4b03-b1c1-909bbc68ed31" testId="7fb07073-64eb-4b7b-af40-c2e4bbb283c3" testName="FormatToStringTest1000 (24646.322657574587,24646.32 zł)" computerName="DESKTOP-5URQ9PB" duration="00:00:00.0000065" startTime="2022-06-13T21:12:26.4036400+02:00" endTime="2022-06-13T21:12:26.4037144+02:00" testType="13cdc9d9-ddb5-4fa4-a97d-d965ccfc6d4b" outcome="Passed" testListId="8c84fa94-04c1-424b-9868-57a2d4851a1d" relativeResultsDirectory="3649ad56-1123-4b03-b1c1-909bbc68ed31" />
    <UnitTestResult executionId="b1d26445-ee55-41a6-9916-c512c0b67af6" testId="7d623348-c91a-4175-850e-12dbfdbc7715" testName="FormatToStringTest1000 (115.26302841131717,115.26 zł)" computerName="DESKTOP-5URQ9PB" duration="00:00:00.0000060" startTime="2022-06-13T21:12:26.3357019+02:00" endTime="2022-06-13T21:12:26.3357694+02:00" testType="13cdc9d9-ddb5-4fa4-a97d-d965ccfc6d4b" outcome="Passed" testListId="8c84fa94-04c1-424b-9868-57a2d4851a1d" relativeResultsDirectory="b1d26445-ee55-41a6-9916-c512c0b67af6" />
    <UnitTestResult executionId="546be950-7ea6-40d5-9980-666467d75cb2" testId="fd6f14da-185c-4e59-9d93-b1c431256cd8" testName="FormatToStringTest1000 (55782.67998761762,55782.68 zł)" computerName="DESKTOP-5URQ9PB" duration="00:00:00.0000062" startTime="2022-06-13T21:12:26.3211655+02:00" endTime="2022-06-13T21:12:26.3212330+02:00" testType="13cdc9d9-ddb5-4fa4-a97d-d965ccfc6d4b" outcome="Passed" testListId="8c84fa94-04c1-424b-9868-57a2d4851a1d" relativeResultsDirectory="546be950-7ea6-40d5-9980-666467d75cb2" />
    <UnitTestResult executionId="f50623be-e978-4a47-902c-b8c2c61137a9" testId="4fe9aef3-17e6-4ed6-8f8e-41b06def2326" testName="FormatToStringTest1000 (32732.81915128502,32732.82 zł)" computerName="DESKTOP-5URQ9PB" duration="00:00:00.0000063" startTime="2022-06-13T21:12:26.4493123+02:00" endTime="2022-06-13T21:12:26.4493780+02:00" testType="13cdc9d9-ddb5-4fa4-a97d-d965ccfc6d4b" outcome="Passed" testListId="8c84fa94-04c1-424b-9868-57a2d4851a1d" relativeResultsDirectory="f50623be-e978-4a47-902c-b8c2c61137a9" />
    <UnitTestResult executionId="43737201-49e4-4c88-be72-8de611c8ebdf" testId="e64f3484-2f3d-4390-94a5-3cd41f37066b" testName="FormatToStringTest1000 (56802.303118930344,56802.30 zł)" computerName="DESKTOP-5URQ9PB" duration="00:00:00.0000069" startTime="2022-06-13T21:12:26.5008922+02:00" endTime="2022-06-13T21:12:26.5009683+02:00" testType="13cdc9d9-ddb5-4fa4-a97d-d965ccfc6d4b" outcome="Passed" testListId="8c84fa94-04c1-424b-9868-57a2d4851a1d" relativeResultsDirectory="43737201-49e4-4c88-be72-8de611c8ebdf" />
    <UnitTestResult executionId="b215ffb5-f024-46e3-958c-b4594d8adbb2" testId="b98e21da-ae82-4de8-a8c1-cf1f98c0d79c" testName="FormatToStringTest1000 (37561.969571757116,37561.97 zł)" computerName="DESKTOP-5URQ9PB" duration="00:00:00.0000062" startTime="2022-06-13T21:12:26.4043036+02:00" endTime="2022-06-13T21:12:26.4043795+02:00" testType="13cdc9d9-ddb5-4fa4-a97d-d965ccfc6d4b" outcome="Passed" testListId="8c84fa94-04c1-424b-9868-57a2d4851a1d" relativeResultsDirectory="b215ffb5-f024-46e3-958c-b4594d8adbb2" />
    <UnitTestResult executionId="4834c761-d03e-4509-affc-2c6b1a83c4b4" testId="db373082-8040-41fe-a214-dbdc41c20e7f" testName="FormatToStringTest1000 (3303.1902076747224,3303.19 zł)" computerName="DESKTOP-5URQ9PB" duration="00:00:00.0000062" startTime="2022-06-13T21:12:26.4433456+02:00" endTime="2022-06-13T21:12:26.4434125+02:00" testType="13cdc9d9-ddb5-4fa4-a97d-d965ccfc6d4b" outcome="Passed" testListId="8c84fa94-04c1-424b-9868-57a2d4851a1d" relativeResultsDirectory="4834c761-d03e-4509-affc-2c6b1a83c4b4" />
    <UnitTestResult executionId="90e1d290-ac3a-40c4-b89f-59353bc1023c" testId="2cc22ded-76f5-4791-9d67-ebf7871be376" testName="FormatToStringTest1000 (15591.4117417221,15591.41 zł)" computerName="DESKTOP-5URQ9PB" duration="00:00:00.0000063" startTime="2022-06-13T21:12:26.5730499+02:00" endTime="2022-06-13T21:12:26.5731118+02:00" testType="13cdc9d9-ddb5-4fa4-a97d-d965ccfc6d4b" outcome="Passed" testListId="8c84fa94-04c1-424b-9868-57a2d4851a1d" relativeResultsDirectory="90e1d290-ac3a-40c4-b89f-59353bc1023c" />
    <UnitTestResult executionId="f3815bb3-73af-4515-95b9-7502a93453ad" testId="4db82030-bd23-485f-a271-7fdb35e09215" testName="FormatToStringTest1000 (4105.490993980081,4105.49 zł)" computerName="DESKTOP-5URQ9PB" duration="00:00:00.0000063" startTime="2022-06-13T21:12:26.3603429+02:00" endTime="2022-06-13T21:12:26.3604103+02:00" testType="13cdc9d9-ddb5-4fa4-a97d-d965ccfc6d4b" outcome="Passed" testListId="8c84fa94-04c1-424b-9868-57a2d4851a1d" relativeResultsDirectory="f3815bb3-73af-4515-95b9-7502a93453ad" />
    <UnitTestResult executionId="28aed4ec-45bb-495b-83a4-bd6d29448799" testId="cb052259-ff00-4177-980e-8e9c560420c4" testName="FormatToStringTest1000 (4411.456718280659,4411.46 zł)" computerName="DESKTOP-5URQ9PB" duration="00:00:00.0000062" startTime="2022-06-13T21:12:26.4965011+02:00" endTime="2022-06-13T21:12:26.4965675+02:00" testType="13cdc9d9-ddb5-4fa4-a97d-d965ccfc6d4b" outcome="Passed" testListId="8c84fa94-04c1-424b-9868-57a2d4851a1d" relativeResultsDirectory="28aed4ec-45bb-495b-83a4-bd6d29448799" />
    <UnitTestResult executionId="91bec729-78f0-4848-88d8-8d112daf17ba" testId="f4192c4b-b9e0-4ce3-baa7-a84701885a94" testName="FormatToStringTest1000 (4554.73912809777,4554.74 zł)" computerName="DESKTOP-5URQ9PB" duration="00:00:00.0000298" startTime="2022-06-13T21:12:26.4855276+02:00" endTime="2022-06-13T21:12:26.4858434+02:00" testType="13cdc9d9-ddb5-4fa4-a97d-d965ccfc6d4b" outcome="Passed" testListId="8c84fa94-04c1-424b-9868-57a2d4851a1d" relativeResultsDirectory="91bec729-78f0-4848-88d8-8d112daf17ba" />
    <UnitTestResult executionId="4555a96b-2917-4c24-a394-24a833e2e8b7" testId="0dcd321b-412b-41c9-b523-8d53cc2a7806" testName="FormatToStringTest1000 (16190.113943164757,16190.11 zł)" computerName="DESKTOP-5URQ9PB" duration="00:00:00.0000069" startTime="2022-06-13T21:12:26.4263035+02:00" endTime="2022-06-13T21:12:26.4263715+02:00" testType="13cdc9d9-ddb5-4fa4-a97d-d965ccfc6d4b" outcome="Passed" testListId="8c84fa94-04c1-424b-9868-57a2d4851a1d" relativeResultsDirectory="4555a96b-2917-4c24-a394-24a833e2e8b7" />
    <UnitTestResult executionId="dd41beaf-5ded-44c4-95e9-90dd725084bf" testId="5cd22126-8043-4f67-8d9a-9641767a87e8" testName="FormatToStringTest1000 (42383.08993972982,42383.09 zł)" computerName="DESKTOP-5URQ9PB" duration="00:00:00.0000067" startTime="2022-06-13T21:12:26.4689183+02:00" endTime="2022-06-13T21:12:26.4689855+02:00" testType="13cdc9d9-ddb5-4fa4-a97d-d965ccfc6d4b" outcome="Passed" testListId="8c84fa94-04c1-424b-9868-57a2d4851a1d" relativeResultsDirectory="dd41beaf-5ded-44c4-95e9-90dd725084bf" />
    <UnitTestResult executionId="66efb325-992c-472d-a0c2-8c44d57cb0b6" testId="31f971de-40a6-4707-885f-80fc55741d57" testName="FormatToStringTest1000 (66284.43763489948,66284.44 zł)" computerName="DESKTOP-5URQ9PB" duration="00:00:00.0000063" startTime="2022-06-13T21:12:26.5069250+02:00" endTime="2022-06-13T21:12:26.5069908+02:00" testType="13cdc9d9-ddb5-4fa4-a97d-d965ccfc6d4b" outcome="Passed" testListId="8c84fa94-04c1-424b-9868-57a2d4851a1d" relativeResultsDirectory="66efb325-992c-472d-a0c2-8c44d57cb0b6" />
    <UnitTestResult executionId="c204156f-3f7f-41c7-a0cc-54e53890fcf2" testId="1ea8c9e0-ed40-43d4-991f-35247b03f2f0" testName="FormatToStringTest1000 (37528.70144368368,37528.70 zł)" computerName="DESKTOP-5URQ9PB" duration="00:00:00.0000068" startTime="2022-06-13T21:12:26.3119433+02:00" endTime="2022-06-13T21:12:26.3120101+02:00" testType="13cdc9d9-ddb5-4fa4-a97d-d965ccfc6d4b" outcome="Passed" testListId="8c84fa94-04c1-424b-9868-57a2d4851a1d" relativeResultsDirectory="c204156f-3f7f-41c7-a0cc-54e53890fcf2" />
    <UnitTestResult executionId="b22eb388-bbf2-47d8-9478-1de2da1578c5" testId="f4c1c0cd-7711-43a5-9be8-a01ac0d84e14" testName="FormatToStringTest1000 (19500.031951036784,19500.03 zł)" computerName="DESKTOP-5URQ9PB" duration="00:00:00.0000062" startTime="2022-06-13T21:12:26.3214190+02:00" endTime="2022-06-13T21:12:26.3214854+02:00" testType="13cdc9d9-ddb5-4fa4-a97d-d965ccfc6d4b" outcome="Passed" testListId="8c84fa94-04c1-424b-9868-57a2d4851a1d" relativeResultsDirectory="b22eb388-bbf2-47d8-9478-1de2da1578c5" />
    <UnitTestResult executionId="794ad385-9e04-4f70-9e4e-7c7a90636340" testId="fe8e26c5-5f28-4e8c-8188-faa701894b66" testName="FormatToStringTest1000 (2901.9683054191846,2901.97 zł)" computerName="DESKTOP-5URQ9PB" duration="00:00:00.0000064" startTime="2022-06-13T21:12:26.3602565+02:00" endTime="2022-06-13T21:12:26.3603246+02:00" testType="13cdc9d9-ddb5-4fa4-a97d-d965ccfc6d4b" outcome="Passed" testListId="8c84fa94-04c1-424b-9868-57a2d4851a1d" relativeResultsDirectory="794ad385-9e04-4f70-9e4e-7c7a90636340" />
    <UnitTestResult executionId="d73dd217-78cb-41ee-b26e-73cd35943ab4" testId="1e92b512-9167-4a70-b3e9-51bc563f2da9" testName="FormatToStringTest1000 (57237.252356975456,57237.25 zł)" computerName="DESKTOP-5URQ9PB" duration="00:00:00.0000079" startTime="2022-06-13T21:12:26.5790851+02:00" endTime="2022-06-13T21:12:26.5791584+02:00" testType="13cdc9d9-ddb5-4fa4-a97d-d965ccfc6d4b" outcome="Passed" testListId="8c84fa94-04c1-424b-9868-57a2d4851a1d" relativeResultsDirectory="d73dd217-78cb-41ee-b26e-73cd35943ab4" />
    <UnitTestResult executionId="7f0b705f-84bc-4785-a2a5-29451e2a2340" testId="12fd0430-2ea2-4fc8-8928-270716aaaffc" testName="FormatToStringTest1000 (45603.90324273142,45603.90 zł)" computerName="DESKTOP-5URQ9PB" duration="00:00:00.0000070" startTime="2022-06-13T21:12:26.2659400+02:00" endTime="2022-06-13T21:12:26.2660068+02:00" testType="13cdc9d9-ddb5-4fa4-a97d-d965ccfc6d4b" outcome="Passed" testListId="8c84fa94-04c1-424b-9868-57a2d4851a1d" relativeResultsDirectory="7f0b705f-84bc-4785-a2a5-29451e2a2340" />
    <UnitTestResult executionId="fd294ede-16b7-4534-90fb-cd5643b3399c" testId="bfff7c8a-9bde-4a91-9ea8-69a0355d2356" testName="FormatToStringTest1000 (54304.07738935393,54304.08 zł)" computerName="DESKTOP-5URQ9PB" duration="00:00:00.0000070" startTime="2022-06-13T21:12:26.5903185+02:00" endTime="2022-06-13T21:12:26.5903836+02:00" testType="13cdc9d9-ddb5-4fa4-a97d-d965ccfc6d4b" outcome="Passed" testListId="8c84fa94-04c1-424b-9868-57a2d4851a1d" relativeResultsDirectory="fd294ede-16b7-4534-90fb-cd5643b3399c" />
    <UnitTestResult executionId="b01e91a9-f501-4c6f-9916-189cede47419" testId="edc621ba-b641-43df-b50e-3f0b031ba018" testName="FormatToStringTest1000 (42767.96883676898,42767.97 zł)" computerName="DESKTOP-5URQ9PB" duration="00:00:00.0000079" startTime="2022-06-13T21:12:26.5400457+02:00" endTime="2022-06-13T21:12:26.5401150+02:00" testType="13cdc9d9-ddb5-4fa4-a97d-d965ccfc6d4b" outcome="Passed" testListId="8c84fa94-04c1-424b-9868-57a2d4851a1d" relativeResultsDirectory="b01e91a9-f501-4c6f-9916-189cede47419" />
    <UnitTestResult executionId="01d16ad7-71ad-4bb3-bfd6-e89201739a3d" testId="c667dcd5-64f1-4b14-8f9f-b58565978f90" testName="FormatToStringTest1000 (6173.0243155793405,6173.02 zł)" computerName="DESKTOP-5URQ9PB" duration="00:00:00.0000063" startTime="2022-06-13T21:12:26.5047694+02:00" endTime="2022-06-13T21:12:26.5048354+02:00" testType="13cdc9d9-ddb5-4fa4-a97d-d965ccfc6d4b" outcome="Passed" testListId="8c84fa94-04c1-424b-9868-57a2d4851a1d" relativeResultsDirectory="01d16ad7-71ad-4bb3-bfd6-e89201739a3d" />
    <UnitTestResult executionId="a836d625-3424-4e3f-b5bc-7be17d975d4c" testId="82f46408-407b-4e88-926d-21d0a5385e2c" testName="FormatToStringTest1000 (1739.5853778997368,1739.59 zł)" computerName="DESKTOP-5URQ9PB" duration="00:00:00.0000062" startTime="2022-06-13T21:12:26.3210756+02:00" endTime="2022-06-13T21:12:26.3211468+02:00" testType="13cdc9d9-ddb5-4fa4-a97d-d965ccfc6d4b" outcome="Passed" testListId="8c84fa94-04c1-424b-9868-57a2d4851a1d" relativeResultsDirectory="a836d625-3424-4e3f-b5bc-7be17d975d4c" />
    <UnitTestResult executionId="4bcba767-e5e2-4955-ae30-6cca61745735" testId="cd22b72e-f5b2-49e8-b8ea-3d5d84aa9d40" testName="FormatToStringTest1000 (30807.823896702295,30807.82 zł)" computerName="DESKTOP-5URQ9PB" duration="00:00:00.0000063" startTime="2022-06-13T21:12:26.5336919+02:00" endTime="2022-06-13T21:12:26.5337564+02:00" testType="13cdc9d9-ddb5-4fa4-a97d-d965ccfc6d4b" outcome="Passed" testListId="8c84fa94-04c1-424b-9868-57a2d4851a1d" relativeResultsDirectory="4bcba767-e5e2-4955-ae30-6cca61745735" />
    <UnitTestResult executionId="bab7ac96-5006-4e02-9e1a-6ccd7ff0c964" testId="3b930278-eba0-48b9-9bcf-ffe5d82d9d5b" testName="FormatToStringTest1000 (12641.700665183225,12641.70 zł)" computerName="DESKTOP-5URQ9PB" duration="00:00:00.0000067" startTime="2022-06-13T21:12:26.3642204+02:00" endTime="2022-06-13T21:12:26.3642985+02:00" testType="13cdc9d9-ddb5-4fa4-a97d-d965ccfc6d4b" outcome="Passed" testListId="8c84fa94-04c1-424b-9868-57a2d4851a1d" relativeResultsDirectory="bab7ac96-5006-4e02-9e1a-6ccd7ff0c964" />
    <UnitTestResult executionId="a54793e4-fa5e-4449-81e5-925b88ecf391" testId="82618cae-1a27-4cc7-99e4-23a69eb49611" testName="FormatToStringTest1000 (12118.31777677048,12118.32 zł)" computerName="DESKTOP-5URQ9PB" duration="00:00:00.0000064" startTime="2022-06-13T21:12:26.5422741+02:00" endTime="2022-06-13T21:12:26.5423489+02:00" testType="13cdc9d9-ddb5-4fa4-a97d-d965ccfc6d4b" outcome="Passed" testListId="8c84fa94-04c1-424b-9868-57a2d4851a1d" relativeResultsDirectory="a54793e4-fa5e-4449-81e5-925b88ecf391" />
    <UnitTestResult executionId="57327189-35cc-4d65-9198-b28df69c20a6" testId="4e792acf-53c4-4f81-854f-18bf92d4476c" testName="FormatToStringTest1000 (6057.842750804426,6057.84 zł)" computerName="DESKTOP-5URQ9PB" duration="00:00:00.0000063" startTime="2022-06-13T21:12:26.3121111+02:00" endTime="2022-06-13T21:12:26.3121818+02:00" testType="13cdc9d9-ddb5-4fa4-a97d-d965ccfc6d4b" outcome="Passed" testListId="8c84fa94-04c1-424b-9868-57a2d4851a1d" relativeResultsDirectory="57327189-35cc-4d65-9198-b28df69c20a6" />
    <UnitTestResult executionId="d666e531-9459-40b2-a8b2-0deebd4f58e4" testId="a75e55be-b874-4d50-83ed-d043968cec6d" testName="FormatToStringTest1000 (4669.392596858271,4669.39 zł)" computerName="DESKTOP-5URQ9PB" duration="00:00:00.0000063" startTime="2022-06-13T21:12:26.3540588+02:00" endTime="2022-06-13T21:12:26.3541267+02:00" testType="13cdc9d9-ddb5-4fa4-a97d-d965ccfc6d4b" outcome="Passed" testListId="8c84fa94-04c1-424b-9868-57a2d4851a1d" relativeResultsDirectory="d666e531-9459-40b2-a8b2-0deebd4f58e4" />
    <UnitTestResult executionId="ccbf50e5-b5a3-4443-9b6b-4e1f9b3138c6" testId="d19860a0-223d-40a0-8fa3-9b452582bfe0" testName="FormatToStringTest1000 (6946.333318357977,6946.33 zł)" computerName="DESKTOP-5URQ9PB" duration="00:00:00.0000063" startTime="2022-06-13T21:12:26.3912994+02:00" endTime="2022-06-13T21:12:26.3913705+02:00" testType="13cdc9d9-ddb5-4fa4-a97d-d965ccfc6d4b" outcome="Passed" testListId="8c84fa94-04c1-424b-9868-57a2d4851a1d" relativeResultsDirectory="ccbf50e5-b5a3-4443-9b6b-4e1f9b3138c6" />
    <UnitTestResult executionId="80fb03be-8a75-4ea5-9851-b8de0f184877" testId="00f87bfb-8208-48f7-b6ad-e4f3aad761aa" testName="FormatToStringTest1000 (12187.551827252633,12187.55 zł)" computerName="DESKTOP-5URQ9PB" duration="00:00:00.0000076" startTime="2022-06-13T21:12:26.3506426+02:00" endTime="2022-06-13T21:12:26.3507193+02:00" testType="13cdc9d9-ddb5-4fa4-a97d-d965ccfc6d4b" outcome="Passed" testListId="8c84fa94-04c1-424b-9868-57a2d4851a1d" relativeResultsDirectory="80fb03be-8a75-4ea5-9851-b8de0f184877" />
    <UnitTestResult executionId="35ab9647-6b85-41fb-a8c4-0c88165cb407" testId="88f6f6a1-86d8-414a-81d8-938f63197a3f" testName="FormatToStringTest1000 (71554.9786298829,71554.98 zł)" computerName="DESKTOP-5URQ9PB" duration="00:00:00.0000064" startTime="2022-06-13T21:12:26.5275393+02:00" endTime="2022-06-13T21:12:26.5276045+02:00" testType="13cdc9d9-ddb5-4fa4-a97d-d965ccfc6d4b" outcome="Passed" testListId="8c84fa94-04c1-424b-9868-57a2d4851a1d" relativeResultsDirectory="35ab9647-6b85-41fb-a8c4-0c88165cb407" />
    <UnitTestResult executionId="1c559a50-f136-4319-a000-0d523778ec15" testId="64a62470-c9fc-4ea2-9939-a9cdd4563a41" testName="FormatToStringTest1000 (30383.303633991305,30383.30 zł)" computerName="DESKTOP-5URQ9PB" duration="00:00:00.0000061" startTime="2022-06-13T21:12:26.5707982+02:00" endTime="2022-06-13T21:12:26.5708625+02:00" testType="13cdc9d9-ddb5-4fa4-a97d-d965ccfc6d4b" outcome="Passed" testListId="8c84fa94-04c1-424b-9868-57a2d4851a1d" relativeResultsDirectory="1c559a50-f136-4319-a000-0d523778ec15" />
    <UnitTestResult executionId="a0088b57-895e-4069-95a4-b82c6dcfbc15" testId="1fe7dc4e-8134-4ff7-8a39-d9ca5e3816c6" testName="FormatToStringTest1000 (3030.9461949132133,3030.95 zł)" computerName="DESKTOP-5URQ9PB" duration="00:00:00.0000064" startTime="2022-06-13T21:12:26.4171301+02:00" endTime="2022-06-13T21:12:26.4172034+02:00" testType="13cdc9d9-ddb5-4fa4-a97d-d965ccfc6d4b" outcome="Passed" testListId="8c84fa94-04c1-424b-9868-57a2d4851a1d" relativeResultsDirectory="a0088b57-895e-4069-95a4-b82c6dcfbc15" />
    <UnitTestResult executionId="9223beaf-86d1-4a3a-aa6f-be3a2e2413da" testId="a5e526f7-d6d7-41c4-b829-a64e6fc55516" testName="FormatToStringTest1000 (1073.195098933389,1073.20 zł)" computerName="DESKTOP-5URQ9PB" duration="00:00:00.0000065" startTime="2022-06-13T21:12:26.5045087+02:00" endTime="2022-06-13T21:12:26.5045789+02:00" testType="13cdc9d9-ddb5-4fa4-a97d-d965ccfc6d4b" outcome="Passed" testListId="8c84fa94-04c1-424b-9868-57a2d4851a1d" relativeResultsDirectory="9223beaf-86d1-4a3a-aa6f-be3a2e2413da" />
    <UnitTestResult executionId="7dac4926-fc4d-4ce8-b0b8-f8c7f114f915" testId="48cd0762-5e8f-410b-a354-9aeea1cc1a9e" testName="FormatToStringTest1000 (17098.491445727876,17098.49 zł)" computerName="DESKTOP-5URQ9PB" duration="00:00:00.0000276" startTime="2022-06-13T21:12:26.4863540+02:00" endTime="2022-06-13T21:12:26.4867040+02:00" testType="13cdc9d9-ddb5-4fa4-a97d-d965ccfc6d4b" outcome="Passed" testListId="8c84fa94-04c1-424b-9868-57a2d4851a1d" relativeResultsDirectory="7dac4926-fc4d-4ce8-b0b8-f8c7f114f915" />
    <UnitTestResult executionId="c8810db0-9715-4458-b735-b081227428a1" testId="8382c6d4-3e25-4fd2-b0bd-80e059c9d6eb" testName="FormatToStringTest1000 (57564.498126061866,57564.50 zł)" computerName="DESKTOP-5URQ9PB" duration="00:00:00.0000062" startTime="2022-06-13T21:12:26.3183908+02:00" endTime="2022-06-13T21:12:26.3184570+02:00" testType="13cdc9d9-ddb5-4fa4-a97d-d965ccfc6d4b" outcome="Passed" testListId="8c84fa94-04c1-424b-9868-57a2d4851a1d" relativeResultsDirectory="c8810db0-9715-4458-b735-b081227428a1" />
    <UnitTestResult executionId="5b63102f-9bf6-4c90-8d8d-76407c9e68d0" testId="a90798b8-0259-4589-8286-3e6c6a25e603" testName="FormatToStringTest1000 (8347.417790138823,8347.42 zł)" computerName="DESKTOP-5URQ9PB" duration="00:00:00.0000070" startTime="2022-06-13T21:12:26.5273755+02:00" endTime="2022-06-13T21:12:26.5274413+02:00" testType="13cdc9d9-ddb5-4fa4-a97d-d965ccfc6d4b" outcome="Passed" testListId="8c84fa94-04c1-424b-9868-57a2d4851a1d" relativeResultsDirectory="5b63102f-9bf6-4c90-8d8d-76407c9e68d0" />
    <UnitTestResult executionId="657b272f-2af8-44ac-ae62-f01128cb92ad" testId="edeb6fc4-f90b-4ed9-919b-e09d0756dad5" testName="FormatToStringTest1000 (16030.852371789913,16030.85 zł)" computerName="DESKTOP-5URQ9PB" duration="00:00:00.0000070" startTime="2022-06-13T21:12:26.3085525+02:00" endTime="2022-06-13T21:12:26.3086317+02:00" testType="13cdc9d9-ddb5-4fa4-a97d-d965ccfc6d4b" outcome="Passed" testListId="8c84fa94-04c1-424b-9868-57a2d4851a1d" relativeResultsDirectory="657b272f-2af8-44ac-ae62-f01128cb92ad" />
    <UnitTestResult executionId="b7d48c44-3432-406c-b915-651db41f44ab" testId="059db56e-77fa-4a43-953a-0d8b1f39a68c" testName="FormatToStringTest1000 (159.83786031922224,159.84 zł)" computerName="DESKTOP-5URQ9PB" duration="00:00:00.0000061" startTime="2022-06-13T21:12:26.2765389+02:00" endTime="2022-06-13T21:12:26.2766051+02:00" testType="13cdc9d9-ddb5-4fa4-a97d-d965ccfc6d4b" outcome="Passed" testListId="8c84fa94-04c1-424b-9868-57a2d4851a1d" relativeResultsDirectory="b7d48c44-3432-406c-b915-651db41f44ab" />
    <UnitTestResult executionId="4892ab0d-ed5d-46b5-b194-3bf86d2c06d4" testId="67dfd0b1-2427-47dd-807a-3388398a906a" testName="FormatToStringTest1000 (16819.974312979717,16819.97 zł)" computerName="DESKTOP-5URQ9PB" duration="00:00:00.0000073" startTime="2022-06-13T21:12:26.4084088+02:00" endTime="2022-06-13T21:12:26.4084766+02:00" testType="13cdc9d9-ddb5-4fa4-a97d-d965ccfc6d4b" outcome="Passed" testListId="8c84fa94-04c1-424b-9868-57a2d4851a1d" relativeResultsDirectory="4892ab0d-ed5d-46b5-b194-3bf86d2c06d4" />
    <UnitTestResult executionId="89d77260-b1e5-4dbf-b8b3-ef7b1513d654" testId="ad776b6e-4ebf-4717-bea8-293ed60743b2" testName="FormatToStringTest1000 (13582.47117894258,13582.47 zł)" computerName="DESKTOP-5URQ9PB" duration="00:00:00.0000067" startTime="2022-06-13T21:12:26.3215864+02:00" endTime="2022-06-13T21:12:26.3216522+02:00" testType="13cdc9d9-ddb5-4fa4-a97d-d965ccfc6d4b" outcome="Passed" testListId="8c84fa94-04c1-424b-9868-57a2d4851a1d" relativeResultsDirectory="89d77260-b1e5-4dbf-b8b3-ef7b1513d654" />
    <UnitTestResult executionId="e9f48dac-e058-4853-85ff-8c36b9c3a16d" testId="541ec68f-1ca7-4a0e-9113-d9e39f94b8d5" testName="FormatToStringTest1000 (1884.4923513031063,1884.49 zł)" computerName="DESKTOP-5URQ9PB" duration="00:00:00.0000064" startTime="2022-06-13T21:12:26.4661342+02:00" endTime="2022-06-13T21:12:26.4662305+02:00" testType="13cdc9d9-ddb5-4fa4-a97d-d965ccfc6d4b" outcome="Passed" testListId="8c84fa94-04c1-424b-9868-57a2d4851a1d" relativeResultsDirectory="e9f48dac-e058-4853-85ff-8c36b9c3a16d" />
    <UnitTestResult executionId="683454cb-5681-4f18-b57c-5af4f53ae34a" testId="70777ec1-88f9-4998-95c7-709c6e1c9c75" testName="FormatToStringTest1000 (43727.735558145556,43727.74 zł)" computerName="DESKTOP-5URQ9PB" duration="00:00:00.0000061" startTime="2022-06-13T21:12:26.3947762+02:00" endTime="2022-06-13T21:12:26.3948430+02:00" testType="13cdc9d9-ddb5-4fa4-a97d-d965ccfc6d4b" outcome="Passed" testListId="8c84fa94-04c1-424b-9868-57a2d4851a1d" relativeResultsDirectory="683454cb-5681-4f18-b57c-5af4f53ae34a" />
    <UnitTestResult executionId="b26b6825-3410-4727-980e-3e25d2519258" testId="65abc2cb-8d40-416b-997a-d6923de86d09" testName="FormatToStringTest1000 (13844.577623300524,13844.58 zł)" computerName="DESKTOP-5URQ9PB" duration="00:00:00.0000063" startTime="2022-06-13T21:12:26.3538877+02:00" endTime="2022-06-13T21:12:26.3539567+02:00" testType="13cdc9d9-ddb5-4fa4-a97d-d965ccfc6d4b" outcome="Passed" testListId="8c84fa94-04c1-424b-9868-57a2d4851a1d" relativeResultsDirectory="b26b6825-3410-4727-980e-3e25d2519258" />
    <UnitTestResult executionId="e9fae3e0-7747-4198-80fe-ee6ecf54308c" testId="43a5d156-d284-49a8-8a0d-bac62c2a9efa" testName="FormatToStringTest1000 (24729.333280806586,24729.33 zł)" computerName="DESKTOP-5URQ9PB" duration="00:00:00.0000064" startTime="2022-06-13T21:12:26.4964165+02:00" endTime="2022-06-13T21:12:26.4964830+02:00" testType="13cdc9d9-ddb5-4fa4-a97d-d965ccfc6d4b" outcome="Passed" testListId="8c84fa94-04c1-424b-9868-57a2d4851a1d" relativeResultsDirectory="e9fae3e0-7747-4198-80fe-ee6ecf54308c" />
    <UnitTestResult executionId="a948c7ac-655e-430d-8c16-c67a48ae135e" testId="3a0c7b09-b22d-40da-83a4-2901841b54a8" testName="FormatToStringTest1000 (21573.45329517613,21573.45 zł)" computerName="DESKTOP-5URQ9PB" duration="00:00:00.0000062" startTime="2022-06-13T21:12:26.5904001+02:00" endTime="2022-06-13T21:12:26.5904637+02:00" testType="13cdc9d9-ddb5-4fa4-a97d-d965ccfc6d4b" outcome="Passed" testListId="8c84fa94-04c1-424b-9868-57a2d4851a1d" relativeResultsDirectory="a948c7ac-655e-430d-8c16-c67a48ae135e" />
    <UnitTestResult executionId="73d529f2-2320-4667-9488-ead3b6a32b47" testId="9a740ed0-d883-42ee-ad5b-0e5ad7f3ad5a" testName="FormatToStringTest1000 (5566.818038455592,5566.82 zł)" computerName="DESKTOP-5URQ9PB" duration="00:00:00.0000064" startTime="2022-06-13T21:12:26.5269493+02:00" endTime="2022-06-13T21:12:26.5270161+02:00" testType="13cdc9d9-ddb5-4fa4-a97d-d965ccfc6d4b" outcome="Passed" testListId="8c84fa94-04c1-424b-9868-57a2d4851a1d" relativeResultsDirectory="73d529f2-2320-4667-9488-ead3b6a32b47" />
    <UnitTestResult executionId="089a54d3-4084-49e9-9278-b9d607888385" testId="d7001628-1713-4830-a508-48da0fb82805" testName="FormatToStringTest1000 (36651.05802063414,36651.06 zł)" computerName="DESKTOP-5URQ9PB" duration="00:00:00.0000065" startTime="2022-06-13T21:12:26.3023847+02:00" endTime="2022-06-13T21:12:26.3024582+02:00" testType="13cdc9d9-ddb5-4fa4-a97d-d965ccfc6d4b" outcome="Passed" testListId="8c84fa94-04c1-424b-9868-57a2d4851a1d" relativeResultsDirectory="089a54d3-4084-49e9-9278-b9d607888385" />
    <UnitTestResult executionId="bad22247-381b-412f-b53a-fdccb7a3db65" testId="9914c1c5-7d8a-4f3b-91cb-aabe2bd18411" testName="FormatToStringTest1000 (4919.073526169674,4919.07 zł)" computerName="DESKTOP-5URQ9PB" duration="00:00:00.0000062" startTime="2022-06-13T21:12:26.3574965+02:00" endTime="2022-06-13T21:12:26.3575633+02:00" testType="13cdc9d9-ddb5-4fa4-a97d-d965ccfc6d4b" outcome="Passed" testListId="8c84fa94-04c1-424b-9868-57a2d4851a1d" relativeResultsDirectory="bad22247-381b-412f-b53a-fdccb7a3db65" />
    <UnitTestResult executionId="c081386f-2e7a-4a58-885c-08d8b31672b5" testId="e0e71ba4-3691-44ed-acd4-834475733c22" testName="FormatToStringTest1000 (14063.90676654871,14063.91 zł)" computerName="DESKTOP-5URQ9PB" duration="00:00:00.0000069" startTime="2022-06-13T21:12:26.5177690+02:00" endTime="2022-06-13T21:12:26.5178348+02:00" testType="13cdc9d9-ddb5-4fa4-a97d-d965ccfc6d4b" outcome="Passed" testListId="8c84fa94-04c1-424b-9868-57a2d4851a1d" relativeResultsDirectory="c081386f-2e7a-4a58-885c-08d8b31672b5" />
    <UnitTestResult executionId="6d4d4321-f0c4-4a90-9564-34a1f22980ab" testId="6c151064-d59d-4e24-bdc6-c6058a43cf7e" testName="FormatToStringTest1000 (32812.53695512634,32812.54 zł)" computerName="DESKTOP-5URQ9PB" duration="00:00:00.0000106" startTime="2022-06-13T21:12:26.3911283+02:00" endTime="2022-06-13T21:12:26.3912761+02:00" testType="13cdc9d9-ddb5-4fa4-a97d-d965ccfc6d4b" outcome="Passed" testListId="8c84fa94-04c1-424b-9868-57a2d4851a1d" relativeResultsDirectory="6d4d4321-f0c4-4a90-9564-34a1f22980ab" />
    <UnitTestResult executionId="34f254fc-4e7c-422b-8b5d-4f4eb42f2f69" testId="fbc72cc7-7cef-4f72-b2d6-79d8d0210102" testName="FormatToStringTest1000 (43424.45140075332,43424.45 zł)" computerName="DESKTOP-5URQ9PB" duration="00:00:00.0000062" startTime="2022-06-13T21:12:26.4400544+02:00" endTime="2022-06-13T21:12:26.4401210+02:00" testType="13cdc9d9-ddb5-4fa4-a97d-d965ccfc6d4b" outcome="Passed" testListId="8c84fa94-04c1-424b-9868-57a2d4851a1d" relativeResultsDirectory="34f254fc-4e7c-422b-8b5d-4f4eb42f2f69" />
    <UnitTestResult executionId="fdc7599a-2e0b-45f5-ba45-cb93fce43ccb" testId="bd561ef3-1c9a-4a9f-980d-9dfb40d90c0b" testName="FormatToStringTest1000 (19435.417227184127,19435.42 zł)" computerName="DESKTOP-5URQ9PB" duration="00:00:00.0000062" startTime="2022-06-13T21:12:26.4434307+02:00" endTime="2022-06-13T21:12:26.4434971+02:00" testType="13cdc9d9-ddb5-4fa4-a97d-d965ccfc6d4b" outcome="Passed" testListId="8c84fa94-04c1-424b-9868-57a2d4851a1d" relativeResultsDirectory="fdc7599a-2e0b-45f5-ba45-cb93fce43ccb" />
    <UnitTestResult executionId="7663f234-2bb1-4263-9232-aeddf40f4df6" testId="a40739c6-2b73-4341-9124-3fa546b53651" testName="FormatToStringTest1000 (68507.83928906724,68507.84 zł)" computerName="DESKTOP-5URQ9PB" duration="00:00:00.0000064" startTime="2022-06-13T21:12:26.5612460+02:00" endTime="2022-06-13T21:12:26.5613124+02:00" testType="13cdc9d9-ddb5-4fa4-a97d-d965ccfc6d4b" outcome="Passed" testListId="8c84fa94-04c1-424b-9868-57a2d4851a1d" relativeResultsDirectory="7663f234-2bb1-4263-9232-aeddf40f4df6" />
    <UnitTestResult executionId="e5cdc51d-4d50-42de-b58e-298a0dc6bf80" testId="6e4bd894-da64-48f7-ad9c-72784cadcc5d" testName="FormatToStringTest1000 (78519.41691976106,78519.42 zł)" computerName="DESKTOP-5URQ9PB" duration="00:00:00.0000064" startTime="2022-06-13T21:12:26.5158823+02:00" endTime="2022-06-13T21:12:26.5159473+02:00" testType="13cdc9d9-ddb5-4fa4-a97d-d965ccfc6d4b" outcome="Passed" testListId="8c84fa94-04c1-424b-9868-57a2d4851a1d" relativeResultsDirectory="e5cdc51d-4d50-42de-b58e-298a0dc6bf80" />
    <UnitTestResult executionId="28f65425-2f1a-408d-af2f-e5ed030f3462" testId="38c26d94-04f0-4952-a868-bb7e4920bb65" testName="FormatToStringTest1000 (18786.954468002055,18786.95 zł)" computerName="DESKTOP-5URQ9PB" duration="00:00:00.0000062" startTime="2022-06-13T21:12:26.4550765+02:00" endTime="2022-06-13T21:12:26.4551434+02:00" testType="13cdc9d9-ddb5-4fa4-a97d-d965ccfc6d4b" outcome="Passed" testListId="8c84fa94-04c1-424b-9868-57a2d4851a1d" relativeResultsDirectory="28f65425-2f1a-408d-af2f-e5ed030f3462" />
    <UnitTestResult executionId="d179725d-2ceb-41a0-8476-209af1f9fbd7" testId="ad52dcb5-50ea-4597-b4e4-e98162f5d847" testName="FormatToStringTest1000 (5961.755129208674,5961.76 zł)" computerName="DESKTOP-5URQ9PB" duration="00:00:00.0000063" startTime="2022-06-13T21:12:26.4079792+02:00" endTime="2022-06-13T21:12:26.4080482+02:00" testType="13cdc9d9-ddb5-4fa4-a97d-d965ccfc6d4b" outcome="Passed" testListId="8c84fa94-04c1-424b-9868-57a2d4851a1d" relativeResultsDirectory="d179725d-2ceb-41a0-8476-209af1f9fbd7" />
    <UnitTestResult executionId="0a72c9d7-e4f1-40ad-babd-4c6314810e57" testId="a2b5cc43-4c3b-46a3-8b53-1539ed2e96b1" testName="FormatToStringTest1000 (9634.398811461124,9634.40 zł)" computerName="DESKTOP-5URQ9PB" duration="00:00:00.0000063" startTime="2022-06-13T21:12:26.5455976+02:00" endTime="2022-06-13T21:12:26.5456618+02:00" testType="13cdc9d9-ddb5-4fa4-a97d-d965ccfc6d4b" outcome="Passed" testListId="8c84fa94-04c1-424b-9868-57a2d4851a1d" relativeResultsDirectory="0a72c9d7-e4f1-40ad-babd-4c6314810e57" />
    <UnitTestResult executionId="c850ea5f-a26a-4728-9e40-9562c2785138" testId="addb0fec-542f-4633-a502-6efab002315a" testName="FormatToStringTest1000 (10501.127379151585,10501.13 zł)" computerName="DESKTOP-5URQ9PB" duration="00:00:00.0000063" startTime="2022-06-13T21:12:26.4041132+02:00" endTime="2022-06-13T21:12:26.4041916+02:00" testType="13cdc9d9-ddb5-4fa4-a97d-d965ccfc6d4b" outcome="Passed" testListId="8c84fa94-04c1-424b-9868-57a2d4851a1d" relativeResultsDirectory="c850ea5f-a26a-4728-9e40-9562c2785138" />
    <UnitTestResult executionId="5d5c9373-221a-4cf8-864b-5a10124a7e4d" testId="ac2f4b25-e12f-42c0-b6e0-dc485a5e3e86" testName="FormatToStringTest1000 (32863.31705269558,32863.32 zł)" computerName="DESKTOP-5URQ9PB" duration="00:00:00.0000067" startTime="2022-06-13T21:12:26.5401324+02:00" endTime="2022-06-13T21:12:26.5402100+02:00" testType="13cdc9d9-ddb5-4fa4-a97d-d965ccfc6d4b" outcome="Passed" testListId="8c84fa94-04c1-424b-9868-57a2d4851a1d" relativeResultsDirectory="5d5c9373-221a-4cf8-864b-5a10124a7e4d" />
    <UnitTestResult executionId="e4b127cb-c285-4b0d-8a12-c433d980c1ca" testId="56213a28-0345-4368-a54d-4a37e39dfe90" testName="FormatToStringTest1000 (34242.181005260056,34242.18 zł)" computerName="DESKTOP-5URQ9PB" duration="00:00:00.0000064" startTime="2022-06-13T21:12:26.5068426+02:00" endTime="2022-06-13T21:12:26.5069080+02:00" testType="13cdc9d9-ddb5-4fa4-a97d-d965ccfc6d4b" outcome="Passed" testListId="8c84fa94-04c1-424b-9868-57a2d4851a1d" relativeResultsDirectory="e4b127cb-c285-4b0d-8a12-c433d980c1ca" />
    <UnitTestResult executionId="5b82326f-ce5f-4e85-80b5-f9bb0b666c8f" testId="2a9bbe13-d004-48bb-96c1-bdab19b74f2a" testName="FormatToStringTest1000 (63427.55325689332,63427.55 zł)" computerName="DESKTOP-5URQ9PB" duration="00:00:00.0000063" startTime="2022-06-13T21:12:26.4585871+02:00" endTime="2022-06-13T21:12:26.4586534+02:00" testType="13cdc9d9-ddb5-4fa4-a97d-d965ccfc6d4b" outcome="Passed" testListId="8c84fa94-04c1-424b-9868-57a2d4851a1d" relativeResultsDirectory="5b82326f-ce5f-4e85-80b5-f9bb0b666c8f" />
    <UnitTestResult executionId="dbc053a9-fb8e-430e-8544-23b74ad84f23" testId="9ec6d5c0-8176-485f-b779-5846d2cfcfd5" testName="FormatToStringTest1000 (22153.282278674324,22153.28 zł)" computerName="DESKTOP-5URQ9PB" duration="00:00:00.0000063" startTime="2022-06-13T21:12:26.4006093+02:00" endTime="2022-06-13T21:12:26.4006761+02:00" testType="13cdc9d9-ddb5-4fa4-a97d-d965ccfc6d4b" outcome="Passed" testListId="8c84fa94-04c1-424b-9868-57a2d4851a1d" relativeResultsDirectory="dbc053a9-fb8e-430e-8544-23b74ad84f23" />
    <UnitTestResult executionId="9ed2bb18-d75d-475e-89f4-a16d8b13e182" testId="84f1ab4d-152f-444c-95bd-bbd9931ac432" testName="FormatToStringTest1000 (30071.004434484523,30071.00 zł)" computerName="DESKTOP-5URQ9PB" duration="00:00:00.0000064" startTime="2022-06-13T21:12:26.3265267+02:00" endTime="2022-06-13T21:12:26.3265935+02:00" testType="13cdc9d9-ddb5-4fa4-a97d-d965ccfc6d4b" outcome="Passed" testListId="8c84fa94-04c1-424b-9868-57a2d4851a1d" relativeResultsDirectory="9ed2bb18-d75d-475e-89f4-a16d8b13e182" />
    <UnitTestResult executionId="6bf32b7e-1790-45df-815a-e3c3e8fd5f70" testId="5248ae9d-ba8e-475e-998c-40e88218ffec" testName="FormatToStringTest1000 (22291.653251342315,22291.65 zł)" computerName="DESKTOP-5URQ9PB" duration="00:00:00.0000101" startTime="2022-06-13T21:12:26.2693558+02:00" endTime="2022-06-13T21:12:26.2694764+02:00" testType="13cdc9d9-ddb5-4fa4-a97d-d965ccfc6d4b" outcome="Passed" testListId="8c84fa94-04c1-424b-9868-57a2d4851a1d" relativeResultsDirectory="6bf32b7e-1790-45df-815a-e3c3e8fd5f70" />
    <UnitTestResult executionId="5b0706a1-4098-4a84-9dec-0055956c73cc" testId="c1e3061c-9b1f-480e-868e-82f6d520d358" testName="FormatToStringTest1000 (51529.79033960206,51529.79 zł)" computerName="DESKTOP-5URQ9PB" duration="00:00:00.0000062" startTime="2022-06-13T21:12:26.5732198+02:00" endTime="2022-06-13T21:12:26.5732851+02:00" testType="13cdc9d9-ddb5-4fa4-a97d-d965ccfc6d4b" outcome="Passed" testListId="8c84fa94-04c1-424b-9868-57a2d4851a1d" relativeResultsDirectory="5b0706a1-4098-4a84-9dec-0055956c73cc" />
    <UnitTestResult executionId="ba3f2433-a76d-43b3-8c65-fadb7dc5f063" testId="36c93c08-8cb6-48a0-83e7-742288bd2d0d" testName="FormatToStringTest1000 (7621.507806692509,7621.51 zł)" computerName="DESKTOP-5URQ9PB" duration="00:00:00.0000063" startTime="2022-06-13T21:12:26.4233192+02:00" endTime="2022-06-13T21:12:26.4233884+02:00" testType="13cdc9d9-ddb5-4fa4-a97d-d965ccfc6d4b" outcome="Passed" testListId="8c84fa94-04c1-424b-9868-57a2d4851a1d" relativeResultsDirectory="ba3f2433-a76d-43b3-8c65-fadb7dc5f063" />
    <UnitTestResult executionId="b73378d9-8846-452a-baf3-108a7b5b233f" testId="e6681187-5139-4f4d-8aa5-2dbc460353ff" testName="FormatToStringTest1000 (16571.355536101553,16571.36 zł)" computerName="DESKTOP-5URQ9PB" duration="00:00:00.0000062" startTime="2022-06-13T21:12:26.3184742+02:00" endTime="2022-06-13T21:12:26.3185399+02:00" testType="13cdc9d9-ddb5-4fa4-a97d-d965ccfc6d4b" outcome="Passed" testListId="8c84fa94-04c1-424b-9868-57a2d4851a1d" relativeResultsDirectory="b73378d9-8846-452a-baf3-108a7b5b233f" />
    <UnitTestResult executionId="71e0f4b8-e643-4832-819a-1d4de5b589cb" testId="31e5e990-e3f0-4572-b2ea-20a276944310" testName="FormatToStringTest1000 (4898.699005344277,4898.70 zł)" computerName="DESKTOP-5URQ9PB" duration="00:00:00.0000062" startTime="2022-06-13T21:12:26.3787546+02:00" endTime="2022-06-13T21:12:26.3788216+02:00" testType="13cdc9d9-ddb5-4fa4-a97d-d965ccfc6d4b" outcome="Passed" testListId="8c84fa94-04c1-424b-9868-57a2d4851a1d" relativeResultsDirectory="71e0f4b8-e643-4832-819a-1d4de5b589cb" />
    <UnitTestResult executionId="b1694efd-e7a1-4c6a-b966-a80b2dcf6126" testId="8725a06e-8c5d-4d28-8725-19fb6cd86d07" testName="FormatToStringTest1000 (5876.112133716285,5876.11 zł)" computerName="DESKTOP-5URQ9PB" duration="00:00:00.0000061" startTime="2022-06-13T21:12:26.5512785+02:00" endTime="2022-06-13T21:12:26.5513434+02:00" testType="13cdc9d9-ddb5-4fa4-a97d-d965ccfc6d4b" outcome="Passed" testListId="8c84fa94-04c1-424b-9868-57a2d4851a1d" relativeResultsDirectory="b1694efd-e7a1-4c6a-b966-a80b2dcf6126" />
    <UnitTestResult executionId="6cd0eb20-af0f-409f-8d13-5c2c94a4ccff" testId="2363d006-b4de-4daf-b139-8e069c25fd06" testName="FormatToStringTest1000 (8802.811382028653,8802.81 zł)" computerName="DESKTOP-5URQ9PB" duration="00:00:00.0000064" startTime="2022-06-13T21:12:26.3508490+02:00" endTime="2022-06-13T21:12:26.3509177+02:00" testType="13cdc9d9-ddb5-4fa4-a97d-d965ccfc6d4b" outcome="Passed" testListId="8c84fa94-04c1-424b-9868-57a2d4851a1d" relativeResultsDirectory="6cd0eb20-af0f-409f-8d13-5c2c94a4ccff" />
    <UnitTestResult executionId="97143c8d-9d25-43bd-a6d7-a6e6aa1a97ee" testId="52fa574d-64c7-4f78-be83-70599d31aaaa" testName="FormatToStringTest1000 (20454.142628653506,20454.14 zł)" computerName="DESKTOP-5URQ9PB" duration="00:00:00.0000063" startTime="2022-06-13T21:12:26.3851833+02:00" endTime="2022-06-13T21:12:26.3852517+02:00" testType="13cdc9d9-ddb5-4fa4-a97d-d965ccfc6d4b" outcome="Passed" testListId="8c84fa94-04c1-424b-9868-57a2d4851a1d" relativeResultsDirectory="97143c8d-9d25-43bd-a6d7-a6e6aa1a97ee" />
    <UnitTestResult executionId="b5737e0c-5f7e-4b92-91b2-dab41dd60fb1" testId="3157022f-ab24-41a1-ad67-f96ede80214a" testName="FormatToStringTest1000 (1994.0983933439006,1994.10 zł)" computerName="DESKTOP-5URQ9PB" duration="00:00:00.0000062" startTime="2022-06-13T21:12:26.5768425+02:00" endTime="2022-06-13T21:12:26.5769077+02:00" testType="13cdc9d9-ddb5-4fa4-a97d-d965ccfc6d4b" outcome="Passed" testListId="8c84fa94-04c1-424b-9868-57a2d4851a1d" relativeResultsDirectory="b5737e0c-5f7e-4b92-91b2-dab41dd60fb1" />
    <UnitTestResult executionId="57596935-44e6-495a-b1c1-414de9ab8ebe" testId="62332270-446c-4f89-8d42-fc988019c2f6" testName="FormatToStringTest1000 (13286.856387228174,13286.86 zł)" computerName="DESKTOP-5URQ9PB" duration="00:00:00.0000066" startTime="2022-06-13T21:12:26.5421775+02:00" endTime="2022-06-13T21:12:26.5422571+02:00" testType="13cdc9d9-ddb5-4fa4-a97d-d965ccfc6d4b" outcome="Passed" testListId="8c84fa94-04c1-424b-9868-57a2d4851a1d" relativeResultsDirectory="57596935-44e6-495a-b1c1-414de9ab8ebe" />
    <UnitTestResult executionId="22343a7e-3198-4d4f-b693-6c3a126826fc" testId="7d0141ea-121d-47a8-8a58-9cfa553cb58b" testName="FormatToStringTest1000 (15822.278766386342,15822.28 zł)" computerName="DESKTOP-5URQ9PB" duration="00:00:00.0000062" startTime="2022-06-13T21:12:26.3884372+02:00" endTime="2022-06-13T21:12:26.3885046+02:00" testType="13cdc9d9-ddb5-4fa4-a97d-d965ccfc6d4b" outcome="Passed" testListId="8c84fa94-04c1-424b-9868-57a2d4851a1d" relativeResultsDirectory="22343a7e-3198-4d4f-b693-6c3a126826fc" />
    <UnitTestResult executionId="a5f163d3-a352-4e5e-837c-fda1773718e2" testId="df1bfa58-6bd5-4308-ac1b-899a4791a378" testName="FormatToStringTest1000 (75915.01943546813,75915.02 zł)" computerName="DESKTOP-5URQ9PB" duration="00:00:00.0000063" startTime="2022-06-13T21:12:26.3976298+02:00" endTime="2022-06-13T21:12:26.3976965+02:00" testType="13cdc9d9-ddb5-4fa4-a97d-d965ccfc6d4b" outcome="Passed" testListId="8c84fa94-04c1-424b-9868-57a2d4851a1d" relativeResultsDirectory="a5f163d3-a352-4e5e-837c-fda1773718e2" />
    <UnitTestResult executionId="9714c14c-e4fc-40d1-9a43-f9348cb65e14" testId="af0b3fe4-9977-433d-803a-ffd2ce7dad6e" testName="FormatToStringTest1000 (5759.256266560991,5759.26 zł)" computerName="DESKTOP-5URQ9PB" duration="00:00:00.0000063" startTime="2022-06-13T21:12:26.4581634+02:00" endTime="2022-06-13T21:12:26.4582329+02:00" testType="13cdc9d9-ddb5-4fa4-a97d-d965ccfc6d4b" outcome="Passed" testListId="8c84fa94-04c1-424b-9868-57a2d4851a1d" relativeResultsDirectory="9714c14c-e4fc-40d1-9a43-f9348cb65e14" />
    <UnitTestResult executionId="c5f5cadb-56b9-4d1c-99fc-a5bbb4b80f2b" testId="427d4354-cf88-48fb-b220-2db81c27b4d6" testName="FormatToStringTest1000 (26885.71162707904,26885.71 zł)" computerName="DESKTOP-5URQ9PB" duration="00:00:00.0000073" startTime="2022-06-13T21:12:26.3057864+02:00" endTime="2022-06-13T21:12:26.3058547+02:00" testType="13cdc9d9-ddb5-4fa4-a97d-d965ccfc6d4b" outcome="Passed" testListId="8c84fa94-04c1-424b-9868-57a2d4851a1d" relativeResultsDirectory="c5f5cadb-56b9-4d1c-99fc-a5bbb4b80f2b" />
    <UnitTestResult executionId="1a5dd08a-b24f-42d7-8d4a-827328e76f88" testId="6b645a2f-89fa-433d-b633-39dd85e3e0bb" testName="FormatToStringTest1000 (577.6071367564645,577.61 zł)" computerName="DESKTOP-5URQ9PB" duration="00:00:00.0000067" startTime="2022-06-13T21:12:26.5691474+02:00" endTime="2022-06-13T21:12:26.5692229+02:00" testType="13cdc9d9-ddb5-4fa4-a97d-d965ccfc6d4b" outcome="Passed" testListId="8c84fa94-04c1-424b-9868-57a2d4851a1d" relativeResultsDirectory="1a5dd08a-b24f-42d7-8d4a-827328e76f88" />
    <UnitTestResult executionId="9452d2e2-f846-46a0-ad1e-543b11dc4c98" testId="180b0401-8769-4475-a668-eafdfc954549" testName="FormatToStringTest1000 (17990.38119827089,17990.38 zł)" computerName="DESKTOP-5URQ9PB" duration="00:00:00.0000065" startTime="2022-06-13T21:12:26.3854395+02:00" endTime="2022-06-13T21:12:26.3855073+02:00" testType="13cdc9d9-ddb5-4fa4-a97d-d965ccfc6d4b" outcome="Passed" testListId="8c84fa94-04c1-424b-9868-57a2d4851a1d" relativeResultsDirectory="9452d2e2-f846-46a0-ad1e-543b11dc4c98" />
    <UnitTestResult executionId="f3749a16-b1ca-42e1-b901-f6d7795a09fd" testId="a9220eef-e9df-4ca1-baf6-62861b2bbd88" testName="FormatToStringTest1000 (54088.326214851964,54088.33 zł)" computerName="DESKTOP-5URQ9PB" duration="00:00:00.0000063" startTime="2022-06-13T21:12:26.3180492+02:00" endTime="2022-06-13T21:12:26.3181167+02:00" testType="13cdc9d9-ddb5-4fa4-a97d-d965ccfc6d4b" outcome="Passed" testListId="8c84fa94-04c1-424b-9868-57a2d4851a1d" relativeResultsDirectory="f3749a16-b1ca-42e1-b901-f6d7795a09fd" />
    <UnitTestResult executionId="ca9d7116-b4f9-4d7d-941d-877f7039dbb6" testId="7a2d8a9e-f4b9-4ed5-bb84-20b0445b09b1" testName="FormatToStringTest1000 (68174.53068551492,68174.53 zł)" computerName="DESKTOP-5URQ9PB" duration="00:00:00.0000063" startTime="2022-06-13T21:12:26.5573744+02:00" endTime="2022-06-13T21:12:26.5574388+02:00" testType="13cdc9d9-ddb5-4fa4-a97d-d965ccfc6d4b" outcome="Passed" testListId="8c84fa94-04c1-424b-9868-57a2d4851a1d" relativeResultsDirectory="ca9d7116-b4f9-4d7d-941d-877f7039dbb6" />
    <UnitTestResult executionId="91a90595-6b7f-41d7-8386-254326d2b7c4" testId="12fbe932-601b-4213-86b7-00467e1387a8" testName="FormatToStringTest1000 (25376.6225052097,25376.62 zł)" computerName="DESKTOP-5URQ9PB" duration="00:00:00.0000064" startTime="2022-06-13T21:12:26.4586706+02:00" endTime="2022-06-13T21:12:26.4587356+02:00" testType="13cdc9d9-ddb5-4fa4-a97d-d965ccfc6d4b" outcome="Passed" testListId="8c84fa94-04c1-424b-9868-57a2d4851a1d" relativeResultsDirectory="91a90595-6b7f-41d7-8386-254326d2b7c4" />
    <UnitTestResult executionId="797554f9-0081-470d-aac2-b6fe825ce314" testId="e732230e-754d-4d19-9baa-5b7fe68abba9" testName="FormatToStringTest1000 (6550.421588937948,6550.42 zł)" computerName="DESKTOP-5URQ9PB" duration="00:00:00.0000062" startTime="2022-06-13T21:12:26.5516026+02:00" endTime="2022-06-13T21:12:26.5516663+02:00" testType="13cdc9d9-ddb5-4fa4-a97d-d965ccfc6d4b" outcome="Passed" testListId="8c84fa94-04c1-424b-9868-57a2d4851a1d" relativeResultsDirectory="797554f9-0081-470d-aac2-b6fe825ce314" />
    <UnitTestResult executionId="5af72099-47ab-4abc-952c-7f8fbd52ce57" testId="fd7c7e08-f1e3-416c-ba65-a87ef431b6c1" testName="FormatToStringTest1000 (68479.93492677805,68479.93 zł)" computerName="DESKTOP-5URQ9PB" duration="00:00:00.0000061" startTime="2022-06-13T21:12:26.5728887+02:00" endTime="2022-06-13T21:12:26.5729524+02:00" testType="13cdc9d9-ddb5-4fa4-a97d-d965ccfc6d4b" outcome="Passed" testListId="8c84fa94-04c1-424b-9868-57a2d4851a1d" relativeResultsDirectory="5af72099-47ab-4abc-952c-7f8fbd52ce57" />
    <UnitTestResult executionId="e3005359-08cb-423c-a183-9c665fe705ac" testId="042604fd-c0a4-4721-bcad-ae5b3e8dd717" testName="FormatToStringTest1000 (79388.929555234,79388.93 zł)" computerName="DESKTOP-5URQ9PB" duration="00:00:00.0000061" startTime="2022-06-13T21:12:26.5496047+02:00" endTime="2022-06-13T21:12:26.5496669+02:00" testType="13cdc9d9-ddb5-4fa4-a97d-d965ccfc6d4b" outcome="Passed" testListId="8c84fa94-04c1-424b-9868-57a2d4851a1d" relativeResultsDirectory="e3005359-08cb-423c-a183-9c665fe705ac" />
    <UnitTestResult executionId="ec6ec135-d940-4d8f-ab95-7f7585dc54e0" testId="47bcd311-cecd-478a-927d-fe3c9a28b2d1" testName="FormatToStringTest1000 (6820.105136090938,6820.11 zł)" computerName="DESKTOP-5URQ9PB" duration="00:00:00.0000061" startTime="2022-06-13T21:12:26.5514407+02:00" endTime="2022-06-13T21:12:26.5515047+02:00" testType="13cdc9d9-ddb5-4fa4-a97d-d965ccfc6d4b" outcome="Passed" testListId="8c84fa94-04c1-424b-9868-57a2d4851a1d" relativeResultsDirectory="ec6ec135-d940-4d8f-ab95-7f7585dc54e0" />
    <UnitTestResult executionId="d717fadc-9039-4e86-ab82-0496caf8dabc" testId="1fd95dfd-7576-42b0-9f9e-a2ca9fde1c16" testName="FormatToStringTest1000 (59283.7670322637,59283.77 zł)" computerName="DESKTOP-5URQ9PB" duration="00:00:00.0000063" startTime="2022-06-13T21:12:26.5943523+02:00" endTime="2022-06-13T21:12:26.5944149+02:00" testType="13cdc9d9-ddb5-4fa4-a97d-d965ccfc6d4b" outcome="Passed" testListId="8c84fa94-04c1-424b-9868-57a2d4851a1d" relativeResultsDirectory="d717fadc-9039-4e86-ab82-0496caf8dabc" />
    <UnitTestResult executionId="b341a92e-773f-4da6-9b97-5859fded759f" testId="53b28ae5-ae87-4b48-b07f-21e3accccae5" testName="FormatToStringTest1000 (34145.534199603615,34145.53 zł)" computerName="DESKTOP-5URQ9PB" duration="00:00:00.0000062" startTime="2022-06-13T21:12:26.5195944+02:00" endTime="2022-06-13T21:12:26.5196599+02:00" testType="13cdc9d9-ddb5-4fa4-a97d-d965ccfc6d4b" outcome="Passed" testListId="8c84fa94-04c1-424b-9868-57a2d4851a1d" relativeResultsDirectory="b341a92e-773f-4da6-9b97-5859fded759f" />
    <UnitTestResult executionId="b47c8cd8-f0e7-4d89-b0ff-3165c6830adf" testId="92557d3c-ce6e-4f15-b3b3-0dd77cfe814c" testName="FormatToStringTest1000 (20737.251994218328,20737.25 zł)" computerName="DESKTOP-5URQ9PB" duration="00:00:00.0000063" startTime="2022-06-13T21:12:26.3152752+02:00" endTime="2022-06-13T21:12:26.3153426+02:00" testType="13cdc9d9-ddb5-4fa4-a97d-d965ccfc6d4b" outcome="Passed" testListId="8c84fa94-04c1-424b-9868-57a2d4851a1d" relativeResultsDirectory="b47c8cd8-f0e7-4d89-b0ff-3165c6830adf" />
    <UnitTestResult executionId="b16d0305-9bfc-44d4-b90c-d0e9e80f20a0" testId="6265bb3a-1b1f-4cbd-bb52-1538d4905dfd" testName="FormatToStringTest1000 (19463.08761954917,19463.09 zł)" computerName="DESKTOP-5URQ9PB" duration="00:00:00.0000064" startTime="2022-06-13T21:12:26.4616965+02:00" endTime="2022-06-13T21:12:26.4617696+02:00" testType="13cdc9d9-ddb5-4fa4-a97d-d965ccfc6d4b" outcome="Passed" testListId="8c84fa94-04c1-424b-9868-57a2d4851a1d" relativeResultsDirectory="b16d0305-9bfc-44d4-b90c-d0e9e80f20a0" />
    <UnitTestResult executionId="f9858cca-46b0-4cd9-985b-0f1ed41bd33c" testId="c31d96ec-43e4-4380-b6ae-6b6c209e17eb" testName="FormatToStringTest1000 (75214.75000876503,75214.75 zł)" computerName="DESKTOP-5URQ9PB" duration="00:00:00.0000083" startTime="2022-06-13T21:12:26.4231011+02:00" endTime="2022-06-13T21:12:26.4231872+02:00" testType="13cdc9d9-ddb5-4fa4-a97d-d965ccfc6d4b" outcome="Passed" testListId="8c84fa94-04c1-424b-9868-57a2d4851a1d" relativeResultsDirectory="f9858cca-46b0-4cd9-985b-0f1ed41bd33c" />
    <UnitTestResult executionId="5eb6ede0-7c82-43e0-8644-61ce85336032" testId="ff72d30e-69e5-4315-9772-e8ea742dd8dd" testName="FormatToStringTest1000 (41873.517751020154,41873.52 zł)" computerName="DESKTOP-5URQ9PB" duration="00:00:00.0000099" startTime="2022-06-13T21:12:26.5960404+02:00" endTime="2022-06-13T21:12:26.5961506+02:00" testType="13cdc9d9-ddb5-4fa4-a97d-d965ccfc6d4b" outcome="Passed" testListId="8c84fa94-04c1-424b-9868-57a2d4851a1d" relativeResultsDirectory="5eb6ede0-7c82-43e0-8644-61ce85336032" />
    <UnitTestResult executionId="713d8692-4e44-40a8-a123-d837d9417b21" testId="0af6c4cc-2f0c-417f-bddb-5c45502273cd" testName="FormatToStringTest1000 (18490.912787030877,18490.91 zł)" computerName="DESKTOP-5URQ9PB" duration="00:00:00.0000062" startTime="2022-06-13T21:12:26.5316349+02:00" endTime="2022-06-13T21:12:26.5317000+02:00" testType="13cdc9d9-ddb5-4fa4-a97d-d965ccfc6d4b" outcome="Passed" testListId="8c84fa94-04c1-424b-9868-57a2d4851a1d" relativeResultsDirectory="713d8692-4e44-40a8-a123-d837d9417b21" />
    <UnitTestResult executionId="3151ff36-798e-4d4f-9e60-e21e76449324" testId="81bee8b1-3306-4245-aa0a-37fdfbac19de" testName="FormatToStringTest1000 (35714.78133482243,35714.78 zł)" computerName="DESKTOP-5URQ9PB" duration="00:00:00.0000060" startTime="2022-06-13T21:12:26.3979654+02:00" endTime="2022-06-13T21:12:26.3980327+02:00" testType="13cdc9d9-ddb5-4fa4-a97d-d965ccfc6d4b" outcome="Passed" testListId="8c84fa94-04c1-424b-9868-57a2d4851a1d" relativeResultsDirectory="3151ff36-798e-4d4f-9e60-e21e76449324" />
    <UnitTestResult executionId="2179731b-67c3-4a62-82f1-28d9148a249d" testId="ccf15833-2797-47f3-bddd-aba3a66a218a" testName="FormatToStringTest1000 (22248.263319677797,22248.26 zł)" computerName="DESKTOP-5URQ9PB" duration="00:00:00.0000063" startTime="2022-06-13T21:12:26.4325701+02:00" endTime="2022-06-13T21:12:26.4326434+02:00" testType="13cdc9d9-ddb5-4fa4-a97d-d965ccfc6d4b" outcome="Passed" testListId="8c84fa94-04c1-424b-9868-57a2d4851a1d" relativeResultsDirectory="2179731b-67c3-4a62-82f1-28d9148a249d" />
    <UnitTestResult executionId="3ab64116-d08d-46ba-b6f2-788e8aa8ff26" testId="480fb36f-ebaf-44c4-9a35-ba3fb9759ddb" testName="FormatToStringTest1000 (25272.05048361283,25272.05 zł)" computerName="DESKTOP-5URQ9PB" duration="00:00:00.0000067" startTime="2022-06-13T21:12:26.5670385+02:00" endTime="2022-06-13T21:12:26.5671032+02:00" testType="13cdc9d9-ddb5-4fa4-a97d-d965ccfc6d4b" outcome="Passed" testListId="8c84fa94-04c1-424b-9868-57a2d4851a1d" relativeResultsDirectory="3ab64116-d08d-46ba-b6f2-788e8aa8ff26" />
    <UnitTestResult executionId="d2ba95e8-3530-4c20-858e-73f98886c5eb" testId="17b8fe43-36fe-45d7-9fb2-d48d9da633a1" testName="FormatToStringTest1000 (8851.904041135638,8851.90 zł)" computerName="DESKTOP-5URQ9PB" duration="00:00:00.0000062" startTime="2022-06-13T21:12:26.4555706+02:00" endTime="2022-06-13T21:12:26.4556369+02:00" testType="13cdc9d9-ddb5-4fa4-a97d-d965ccfc6d4b" outcome="Passed" testListId="8c84fa94-04c1-424b-9868-57a2d4851a1d" relativeResultsDirectory="d2ba95e8-3530-4c20-858e-73f98886c5eb" />
    <UnitTestResult executionId="74b3e56f-b004-4dc0-8218-9f7e8ec05c84" testId="c80cba09-78c6-4929-8160-9fe212911826" testName="FormatToStringTest1000 (2963.24443391815,2963.24 zł)" computerName="DESKTOP-5URQ9PB" duration="00:00:00.0000098" startTime="2022-06-13T21:12:26.4580275+02:00" endTime="2022-06-13T21:12:26.4581342+02:00" testType="13cdc9d9-ddb5-4fa4-a97d-d965ccfc6d4b" outcome="Passed" testListId="8c84fa94-04c1-424b-9868-57a2d4851a1d" relativeResultsDirectory="74b3e56f-b004-4dc0-8218-9f7e8ec05c84" />
    <UnitTestResult executionId="0999793a-b77a-42d9-8c6b-0a94da45a747" testId="326f95ba-d706-4863-95f1-ad70cdfd99d5" testName="FormatToStringTest1000 (19397.344749736294,19397.34 zł)" computerName="DESKTOP-5URQ9PB" duration="00:00:00.0000068" startTime="2022-06-13T21:12:26.5711225+02:00" endTime="2022-06-13T21:12:26.5712084+02:00" testType="13cdc9d9-ddb5-4fa4-a97d-d965ccfc6d4b" outcome="Passed" testListId="8c84fa94-04c1-424b-9868-57a2d4851a1d" relativeResultsDirectory="0999793a-b77a-42d9-8c6b-0a94da45a747" />
    <UnitTestResult executionId="f807e3b1-5752-4dfa-ae69-5579ba2f17ea" testId="1bdd36d6-2dcf-40b9-9a37-fde3b9832185" testName="FormatToStringTest1000 (5287.3103648714305,5287.31 zł)" computerName="DESKTOP-5URQ9PB" duration="00:00:00.0000062" startTime="2022-06-13T21:12:26.3387654+02:00" endTime="2022-06-13T21:12:26.3388321+02:00" testType="13cdc9d9-ddb5-4fa4-a97d-d965ccfc6d4b" outcome="Passed" testListId="8c84fa94-04c1-424b-9868-57a2d4851a1d" relativeResultsDirectory="f807e3b1-5752-4dfa-ae69-5579ba2f17ea" />
    <UnitTestResult executionId="c8ad2adb-2134-410d-a1bf-7da51d725820" testId="3fd5757d-3e64-4986-9718-b0aeeca686e0" testName="FormatToStringTest1000 (1821.7083499085663,1821.71 zł)" computerName="DESKTOP-5URQ9PB" duration="00:00:00.0000135" startTime="2022-06-13T21:12:26.5530754+02:00" endTime="2022-06-13T21:12:26.5531608+02:00" testType="13cdc9d9-ddb5-4fa4-a97d-d965ccfc6d4b" outcome="Passed" testListId="8c84fa94-04c1-424b-9868-57a2d4851a1d" relativeResultsDirectory="c8ad2adb-2134-410d-a1bf-7da51d725820" />
    <UnitTestResult executionId="c46fad7f-d4a1-4ca4-a2e9-f241642351bd" testId="a5900d5b-3b42-4555-8ef0-f6bf0c6f0f51" testName="FormatToStringTest1000 (6665.405372488035,6665.41 zł)" computerName="DESKTOP-5URQ9PB" duration="00:00:00.0000078" startTime="2022-06-13T21:12:26.4261931+02:00" endTime="2022-06-13T21:12:26.4262824+02:00" testType="13cdc9d9-ddb5-4fa4-a97d-d965ccfc6d4b" outcome="Passed" testListId="8c84fa94-04c1-424b-9868-57a2d4851a1d" relativeResultsDirectory="c46fad7f-d4a1-4ca4-a2e9-f241642351bd" />
    <UnitTestResult executionId="2d92635d-283f-4fe5-abf2-9b393652cc97" testId="15ef87ec-688d-40f5-8a7f-bffe414a064c" testName="FormatToStringTest1000 (20237.28532723723,20237.29 zł)" computerName="DESKTOP-5URQ9PB" duration="00:00:00.0000062" startTime="2022-06-13T21:12:26.4371701+02:00" endTime="2022-06-13T21:12:26.4372375+02:00" testType="13cdc9d9-ddb5-4fa4-a97d-d965ccfc6d4b" outcome="Passed" testListId="8c84fa94-04c1-424b-9868-57a2d4851a1d" relativeResultsDirectory="2d92635d-283f-4fe5-abf2-9b393652cc97" />
    <UnitTestResult executionId="a3da0c77-044f-482c-a066-bce4b7cbae8a" testId="f447168c-a2dc-4ba6-bd05-04040b062d4d" testName="FormatToStringTest1000 (79.6815319544084,79.68 zł)" computerName="DESKTOP-5URQ9PB" duration="00:00:00.0000138" startTime="2022-06-13T21:12:26.2653325+02:00" endTime="2022-06-13T21:12:26.2654690+02:00" testType="13cdc9d9-ddb5-4fa4-a97d-d965ccfc6d4b" outcome="Passed" testListId="8c84fa94-04c1-424b-9868-57a2d4851a1d" relativeResultsDirectory="a3da0c77-044f-482c-a066-bce4b7cbae8a" />
    <UnitTestResult executionId="839e301e-62c0-43e1-80e9-8614b3af2137" testId="adf8ab98-9ef6-4fea-9155-91e5182d2df1" testName="FormatToStringTest1000 (9624.06628225188,9624.07 zł)" computerName="DESKTOP-5URQ9PB" duration="00:00:00.0000063" startTime="2022-06-13T21:12:26.5379800+02:00" endTime="2022-06-13T21:12:26.5380418+02:00" testType="13cdc9d9-ddb5-4fa4-a97d-d965ccfc6d4b" outcome="Passed" testListId="8c84fa94-04c1-424b-9868-57a2d4851a1d" relativeResultsDirectory="839e301e-62c0-43e1-80e9-8614b3af2137" />
    <UnitTestResult executionId="72d769a7-d07d-47bc-b4f7-a9fb5b30badd" testId="c4b88cb6-1d7f-42d5-95fa-6397eb8c2798" testName="FormatToStringTest1000 (15337.485230751097,15337.49 zł)" computerName="DESKTOP-5URQ9PB" duration="00:00:00.0000063" startTime="2022-06-13T21:12:26.4039245+02:00" endTime="2022-06-13T21:12:26.4039974+02:00" testType="13cdc9d9-ddb5-4fa4-a97d-d965ccfc6d4b" outcome="Passed" testListId="8c84fa94-04c1-424b-9868-57a2d4851a1d" relativeResultsDirectory="72d769a7-d07d-47bc-b4f7-a9fb5b30badd" />
    <UnitTestResult executionId="906db935-5fe8-49b2-ac7a-8d2639e1e319" testId="359ced42-dc4b-41d6-a849-3ddd191956bd" testName="FormatToStringTest1000 (38640.62766693003,38640.63 zł)" computerName="DESKTOP-5URQ9PB" duration="00:00:00.0000063" startTime="2022-06-13T21:12:26.2695917+02:00" endTime="2022-06-13T21:12:26.2696602+02:00" testType="13cdc9d9-ddb5-4fa4-a97d-d965ccfc6d4b" outcome="Passed" testListId="8c84fa94-04c1-424b-9868-57a2d4851a1d" relativeResultsDirectory="906db935-5fe8-49b2-ac7a-8d2639e1e319" />
    <UnitTestResult executionId="71eeef75-1190-469c-874d-3ecf5f578801" testId="d01d899e-a702-4d34-9fef-bc01d2da59b3" testName="FormatToStringTest1000 (6429.44273095552,6429.44 zł)" computerName="DESKTOP-5URQ9PB" duration="00:00:00.0000064" startTime="2022-06-13T21:12:26.4206707+02:00" endTime="2022-06-13T21:12:26.4207351+02:00" testType="13cdc9d9-ddb5-4fa4-a97d-d965ccfc6d4b" outcome="Passed" testListId="8c84fa94-04c1-424b-9868-57a2d4851a1d" relativeResultsDirectory="71eeef75-1190-469c-874d-3ecf5f578801" />
    <UnitTestResult executionId="5c59b38a-d71a-43b4-aaf1-5e3f73f62a18" testId="e18c82b2-09cf-40f7-bce7-3a23ae36d1c0" testName="FormatToStringTest1000 (7050.437505805137,7050.44 zł)" computerName="DESKTOP-5URQ9PB" duration="00:00:00.0000062" startTime="2022-06-13T21:12:26.3215025+02:00" endTime="2022-06-13T21:12:26.3215684+02:00" testType="13cdc9d9-ddb5-4fa4-a97d-d965ccfc6d4b" outcome="Passed" testListId="8c84fa94-04c1-424b-9868-57a2d4851a1d" relativeResultsDirectory="5c59b38a-d71a-43b4-aaf1-5e3f73f62a18" />
    <UnitTestResult executionId="51bcb95a-917d-4e8f-be84-2281d9851120" testId="a76532ba-2427-4f8f-81fd-c6c51f350fc1" testName="FormatToStringTest1000 (68770.73008707525,68770.73 zł)" computerName="DESKTOP-5URQ9PB" duration="00:00:00.0000063" startTime="2022-06-13T21:12:26.3918081+02:00" endTime="2022-06-13T21:12:26.3918747+02:00" testType="13cdc9d9-ddb5-4fa4-a97d-d965ccfc6d4b" outcome="Passed" testListId="8c84fa94-04c1-424b-9868-57a2d4851a1d" relativeResultsDirectory="51bcb95a-917d-4e8f-be84-2281d9851120" />
    <UnitTestResult executionId="212c86c7-7b4f-455d-864a-6e3046408031" testId="1570052a-f65c-4371-84fb-50f83a927188" testName="FormatToStringTest1000 (16208.076866391615,16208.08 zł)" computerName="DESKTOP-5URQ9PB" duration="00:00:00.0000079" startTime="2022-06-13T21:12:26.5836668+02:00" endTime="2022-06-13T21:12:26.5837737+02:00" testType="13cdc9d9-ddb5-4fa4-a97d-d965ccfc6d4b" outcome="Passed" testListId="8c84fa94-04c1-424b-9868-57a2d4851a1d" relativeResultsDirectory="212c86c7-7b4f-455d-864a-6e3046408031" />
    <UnitTestResult executionId="c5ba8fd5-573c-4cc9-94b0-f63ccb7b3344" testId="10342300-1bf4-4a4c-97f1-5ec46da8fb1e" testName="FormatToStringTest1000 (40400.9734049295,40400.97 zł)" computerName="DESKTOP-5URQ9PB" duration="00:00:00.0000065" startTime="2022-06-13T21:12:26.3744436+02:00" endTime="2022-06-13T21:12:26.3745140+02:00" testType="13cdc9d9-ddb5-4fa4-a97d-d965ccfc6d4b" outcome="Passed" testListId="8c84fa94-04c1-424b-9868-57a2d4851a1d" relativeResultsDirectory="c5ba8fd5-573c-4cc9-94b0-f63ccb7b3344" />
    <UnitTestResult executionId="b1af4254-c1d1-46e2-893e-b30e8197d4d4" testId="634bf63f-8500-4300-b856-4e3edbc663ed" testName="FormatToStringTest1000 (37614.50159416278,37614.50 zł)" computerName="DESKTOP-5URQ9PB" duration="00:00:00.0000065" startTime="2022-06-13T21:12:26.5811345+02:00" endTime="2022-06-13T21:12:26.5812089+02:00" testType="13cdc9d9-ddb5-4fa4-a97d-d965ccfc6d4b" outcome="Passed" testListId="8c84fa94-04c1-424b-9868-57a2d4851a1d" relativeResultsDirectory="b1af4254-c1d1-46e2-893e-b30e8197d4d4" />
    <UnitTestResult executionId="2b22b02e-b3fb-4784-9f20-3bc1a84a3d30" testId="caa67b77-c55a-410d-837d-6f6960189681" testName="FormatToStringTest1000 (67109.22110940759,67109.22 zł)" computerName="DESKTOP-5URQ9PB" duration="00:00:00.0000088" startTime="2022-06-13T21:12:26.5550730+02:00" endTime="2022-06-13T21:12:26.5551557+02:00" testType="13cdc9d9-ddb5-4fa4-a97d-d965ccfc6d4b" outcome="Passed" testListId="8c84fa94-04c1-424b-9868-57a2d4851a1d" relativeResultsDirectory="2b22b02e-b3fb-4784-9f20-3bc1a84a3d30" />
    <UnitTestResult executionId="cef88dc7-c5e9-4484-ba4a-127f633a3956" testId="c53301df-bfe1-47b8-a5d0-4167d3540808" testName="FormatToStringTest1000 (41008.28505327194,41008.29 zł)" computerName="DESKTOP-5URQ9PB" duration="00:00:00.0000062" startTime="2022-06-13T21:12:26.5359473+02:00" endTime="2022-06-13T21:12:26.5360122+02:00" testType="13cdc9d9-ddb5-4fa4-a97d-d965ccfc6d4b" outcome="Passed" testListId="8c84fa94-04c1-424b-9868-57a2d4851a1d" relativeResultsDirectory="cef88dc7-c5e9-4484-ba4a-127f633a3956" />
    <UnitTestResult executionId="d1d1af35-f051-4044-81ec-39cf8038c1d5" testId="24c31c4c-48e6-4d27-8290-5f3a5ec9f3c8" testName="FormatToStringTest1000 (3907.8681317963024,3907.87 zł)" computerName="DESKTOP-5URQ9PB" duration="00:00:00.0000081" startTime="2022-06-13T21:12:26.3054898+02:00" endTime="2022-06-13T21:12:26.3055930+02:00" testType="13cdc9d9-ddb5-4fa4-a97d-d965ccfc6d4b" outcome="Passed" testListId="8c84fa94-04c1-424b-9868-57a2d4851a1d" relativeResultsDirectory="d1d1af35-f051-4044-81ec-39cf8038c1d5" />
    <UnitTestResult executionId="9191bf5c-f314-4927-a693-a0eeaec0e2a6" testId="52014e95-4fac-4a2b-93cf-a7da4324b97c" testName="FormatToStringTest1000 (66019.32414194118,66019.32 zł)" computerName="DESKTOP-5URQ9PB" duration="00:00:00.0000081" startTime="2022-06-13T21:12:26.2758203+02:00" endTime="2022-06-13T21:12:26.2759105+02:00" testType="13cdc9d9-ddb5-4fa4-a97d-d965ccfc6d4b" outcome="Passed" testListId="8c84fa94-04c1-424b-9868-57a2d4851a1d" relativeResultsDirectory="9191bf5c-f314-4927-a693-a0eeaec0e2a6" />
    <UnitTestResult executionId="1572a09c-b7d1-4a1e-b7b3-9dc4663bf03e" testId="c2761fed-ab24-41ba-b68d-b6b9192e12f5" testName="FormatToStringTest1000 (76106.57198894516,76106.57 zł)" computerName="DESKTOP-5URQ9PB" duration="00:00:00.0000063" startTime="2022-06-13T21:12:26.5904800+02:00" endTime="2022-06-13T21:12:26.5905440+02:00" testType="13cdc9d9-ddb5-4fa4-a97d-d965ccfc6d4b" outcome="Passed" testListId="8c84fa94-04c1-424b-9868-57a2d4851a1d" relativeResultsDirectory="1572a09c-b7d1-4a1e-b7b3-9dc4663bf03e" />
    <UnitTestResult executionId="ae40aa7b-9605-4627-95dc-525fa94880a5" testId="7e7cead5-6a24-4ea9-8a17-7eb5bbae5fe5" testName="FormatToStringTest1000 (5548.360986085777,5548.36 zł)" computerName="DESKTOP-5URQ9PB" duration="00:00:00.0000065" startTime="2022-06-13T21:12:26.5009859+02:00" endTime="2022-06-13T21:12:26.5010598+02:00" testType="13cdc9d9-ddb5-4fa4-a97d-d965ccfc6d4b" outcome="Passed" testListId="8c84fa94-04c1-424b-9868-57a2d4851a1d" relativeResultsDirectory="ae40aa7b-9605-4627-95dc-525fa94880a5" />
    <UnitTestResult executionId="aca3d1f3-be28-487f-9fbe-b53afc7eee5c" testId="3e0b76b4-e283-4776-8aac-91085dfe516c" testName="FormatToStringTest1000 (43858.624379632354,43858.62 zł)" computerName="DESKTOP-5URQ9PB" duration="00:00:00.0000062" startTime="2022-06-13T21:12:26.5360290+02:00" endTime="2022-06-13T21:12:26.5360938+02:00" testType="13cdc9d9-ddb5-4fa4-a97d-d965ccfc6d4b" outcome="Passed" testListId="8c84fa94-04c1-424b-9868-57a2d4851a1d" relativeResultsDirectory="aca3d1f3-be28-487f-9fbe-b53afc7eee5c" />
    <UnitTestResult executionId="f71376d8-41e8-4aca-b479-cee237e36bd9" testId="e7db857a-f6ec-411b-88d0-4388c52e58f5" testName="FormatToStringTest1000 (13574.683315038068,13574.68 zł)" computerName="DESKTOP-5URQ9PB" duration="00:00:00.0000063" startTime="2022-06-13T21:12:26.3385972+02:00" endTime="2022-06-13T21:12:26.3386645+02:00" testType="13cdc9d9-ddb5-4fa4-a97d-d965ccfc6d4b" outcome="Passed" testListId="8c84fa94-04c1-424b-9868-57a2d4851a1d" relativeResultsDirectory="f71376d8-41e8-4aca-b479-cee237e36bd9" />
    <UnitTestResult executionId="4c7cf7bd-018f-4a2f-841b-22aa156f767c" testId="cf5fd0e7-3b8c-4ca6-ba90-cabfae73d69f" testName="FormatToStringTest1000 (6313.543884690639,6313.54 zł)" computerName="DESKTOP-5URQ9PB" duration="00:00:00.0000060" startTime="2022-06-13T21:12:26.4234914+02:00" endTime="2022-06-13T21:12:26.4235580+02:00" testType="13cdc9d9-ddb5-4fa4-a97d-d965ccfc6d4b" outcome="Passed" testListId="8c84fa94-04c1-424b-9868-57a2d4851a1d" relativeResultsDirectory="4c7cf7bd-018f-4a2f-841b-22aa156f767c" />
    <UnitTestResult executionId="28956423-ae3b-4627-814a-5f0630748f32" testId="94080885-8546-4be9-bee0-c60bd02e97f5" testName="FormatToStringTest1000 (5504.094303639184,5504.09 zł)" computerName="DESKTOP-5URQ9PB" duration="00:00:00.0000069" startTime="2022-06-13T21:12:26.3975459+02:00" endTime="2022-06-13T21:12:26.3976129+02:00" testType="13cdc9d9-ddb5-4fa4-a97d-d965ccfc6d4b" outcome="Passed" testListId="8c84fa94-04c1-424b-9868-57a2d4851a1d" relativeResultsDirectory="28956423-ae3b-4627-814a-5f0630748f32" />
    <UnitTestResult executionId="4b61db3c-a2df-42f1-95f2-94d1566cd08c" testId="aef53266-9f84-4204-89d4-b3ba4048984d" testName="FormatToStringTest1000 (12903.541202012237,12903.54 zł)" computerName="DESKTOP-5URQ9PB" duration="00:00:00.0000063" startTime="2022-06-13T21:12:26.3709688+02:00" endTime="2022-06-13T21:12:26.3710446+02:00" testType="13cdc9d9-ddb5-4fa4-a97d-d965ccfc6d4b" outcome="Passed" testListId="8c84fa94-04c1-424b-9868-57a2d4851a1d" relativeResultsDirectory="4b61db3c-a2df-42f1-95f2-94d1566cd08c" />
    <UnitTestResult executionId="89628f79-5754-4db3-81e1-16553967b0a2" testId="313cc12f-d787-44ef-94c0-a73e44e33fae" testName="FormatToStringTest1000 (27187.549022783314,27187.55 zł)" computerName="DESKTOP-5URQ9PB" duration="00:00:00.0000062" startTime="2022-06-13T21:12:26.4430043+02:00" endTime="2022-06-13T21:12:26.4430709+02:00" testType="13cdc9d9-ddb5-4fa4-a97d-d965ccfc6d4b" outcome="Passed" testListId="8c84fa94-04c1-424b-9868-57a2d4851a1d" relativeResultsDirectory="89628f79-5754-4db3-81e1-16553967b0a2" />
    <UnitTestResult executionId="5e85e011-51aa-4388-85d9-3f0c7d7a0d18" testId="77d457d5-b932-4a25-bbe3-8c88b6405a4b" testName="FormatToStringTest1000 (47437.74370917619,47437.74 zł)" computerName="DESKTOP-5URQ9PB" duration="00:00:00.0000062" startTime="2022-06-13T21:12:26.5787636+02:00" endTime="2022-06-13T21:12:26.5788278+02:00" testType="13cdc9d9-ddb5-4fa4-a97d-d965ccfc6d4b" outcome="Passed" testListId="8c84fa94-04c1-424b-9868-57a2d4851a1d" relativeResultsDirectory="5e85e011-51aa-4388-85d9-3f0c7d7a0d18" />
    <UnitTestResult executionId="32469825-06a5-40dd-a3fe-0d089199ed28" testId="939c7e3c-7073-44b5-9016-df6e48af9361" testName="FormatToStringTest1000 (4612.32080757633,4612.32 zł)" computerName="DESKTOP-5URQ9PB" duration="00:00:00.0000066" startTime="2022-06-13T21:12:26.5616566+02:00" endTime="2022-06-13T21:12:26.5617281+02:00" testType="13cdc9d9-ddb5-4fa4-a97d-d965ccfc6d4b" outcome="Passed" testListId="8c84fa94-04c1-424b-9868-57a2d4851a1d" relativeResultsDirectory="32469825-06a5-40dd-a3fe-0d089199ed28" />
    <UnitTestResult executionId="26aa2257-9f45-45ca-bfac-1379863a7dea" testId="1619f285-4a98-4ad0-94e0-c889fa7aa496" testName="FormatToStringTest1000 (9843.625240445894,9843.63 zł)" computerName="DESKTOP-5URQ9PB" duration="00:00:00.0000061" startTime="2022-06-13T21:12:26.5808106+02:00" endTime="2022-06-13T21:12:26.5808747+02:00" testType="13cdc9d9-ddb5-4fa4-a97d-d965ccfc6d4b" outcome="Passed" testListId="8c84fa94-04c1-424b-9868-57a2d4851a1d" relativeResultsDirectory="26aa2257-9f45-45ca-bfac-1379863a7dea" />
    <UnitTestResult executionId="f9a38e78-d3a2-4e25-b74d-affaf5318987" testId="d392df5f-8a52-4ca9-9fa7-40f75f6faf51" testName="FormatToStringTest1000 (58111.21259843521,58111.21 zł)" computerName="DESKTOP-5URQ9PB" duration="00:00:00.0000064" startTime="2022-06-13T21:12:26.3385135+02:00" endTime="2022-06-13T21:12:26.3385797+02:00" testType="13cdc9d9-ddb5-4fa4-a97d-d965ccfc6d4b" outcome="Passed" testListId="8c84fa94-04c1-424b-9868-57a2d4851a1d" relativeResultsDirectory="f9a38e78-d3a2-4e25-b74d-affaf5318987" />
    <UnitTestResult executionId="54ea745f-a617-481a-9e9f-93c69f27001e" testId="3505f25d-9675-40da-a64a-c0ef3a2cce39" testName="FormatToStringTest1000 (21328.29026726507,21328.29 zł)" computerName="DESKTOP-5URQ9PB" duration="00:00:00.0000064" startTime="2022-06-13T21:12:26.5726434+02:00" endTime="2022-06-13T21:12:26.5727089+02:00" testType="13cdc9d9-ddb5-4fa4-a97d-d965ccfc6d4b" outcome="Passed" testListId="8c84fa94-04c1-424b-9868-57a2d4851a1d" relativeResultsDirectory="54ea745f-a617-481a-9e9f-93c69f27001e" />
    <UnitTestResult executionId="72f45f60-7a29-4137-b867-6b9fffea20fa" testId="fee7b555-7072-4118-8ba9-af8bdda9f6a6" testName="FormatToStringTest1000 (15742.409864349947,15742.41 zł)" computerName="DESKTOP-5URQ9PB" duration="00:00:00.0000281" startTime="2022-06-13T21:12:26.4847179+02:00" endTime="2022-06-13T21:12:26.4850409+02:00" testType="13cdc9d9-ddb5-4fa4-a97d-d965ccfc6d4b" outcome="Passed" testListId="8c84fa94-04c1-424b-9868-57a2d4851a1d" relativeResultsDirectory="72f45f60-7a29-4137-b867-6b9fffea20fa" />
    <UnitTestResult executionId="bb9767d3-0048-4bb6-a5b1-b5e79593f2fe" testId="0801c4bd-b50c-4a16-8f7c-0c93375c8a79" testName="FormatToStringTest1000 (30034.922435005625,30034.92 zł)" computerName="DESKTOP-5URQ9PB" duration="00:00:00.0000062" startTime="2022-06-13T21:12:26.5687352+02:00" endTime="2022-06-13T21:12:26.5688002+02:00" testType="13cdc9d9-ddb5-4fa4-a97d-d965ccfc6d4b" outcome="Passed" testListId="8c84fa94-04c1-424b-9868-57a2d4851a1d" relativeResultsDirectory="bb9767d3-0048-4bb6-a5b1-b5e79593f2fe" />
    <UnitTestResult executionId="3b14bd92-c6af-40f4-8569-7bcc8d22cf23" testId="b8ac2d03-a003-44b1-9288-2eb1ddc00ef1" testName="FormatToStringTest1000 (55303.17220895699,55303.17 zł)" computerName="DESKTOP-5URQ9PB" duration="00:00:00.0000062" startTime="2022-06-13T21:12:26.3185577+02:00" endTime="2022-06-13T21:12:26.3186231+02:00" testType="13cdc9d9-ddb5-4fa4-a97d-d965ccfc6d4b" outcome="Passed" testListId="8c84fa94-04c1-424b-9868-57a2d4851a1d" relativeResultsDirectory="3b14bd92-c6af-40f4-8569-7bcc8d22cf23" />
    <UnitTestResult executionId="c35b1e26-76b9-4669-b6a4-288aa99857b3" testId="206678df-43f2-4ee8-a547-e431afd48592" testName="FormatToStringTest1000 (1300.9430775404642,1300.94 zł)" computerName="DESKTOP-5URQ9PB" duration="00:00:00.0372661" startTime="2022-06-13T21:12:26.1640496+02:00" endTime="2022-06-13T21:12:26.2179763+02:00" testType="13cdc9d9-ddb5-4fa4-a97d-d965ccfc6d4b" outcome="Passed" testListId="8c84fa94-04c1-424b-9868-57a2d4851a1d" relativeResultsDirectory="c35b1e26-76b9-4669-b6a4-288aa99857b3" />
    <UnitTestResult executionId="09fd21c0-b425-4394-9d60-bc9c6ba406b6" testId="a1e8cbea-44f6-4784-80ea-69aace0684a8" testName="FormatToStringTest1000 (286.92120604539343,286.92 zł)" computerName="DESKTOP-5URQ9PB" duration="00:00:00.0000063" startTime="2022-06-13T21:12:26.2655958+02:00" endTime="2022-06-13T21:12:26.2656656+02:00" testType="13cdc9d9-ddb5-4fa4-a97d-d965ccfc6d4b" outcome="Passed" testListId="8c84fa94-04c1-424b-9868-57a2d4851a1d" relativeResultsDirectory="09fd21c0-b425-4394-9d60-bc9c6ba406b6" />
    <UnitTestResult executionId="841dc056-5a86-45df-8970-c906a53d8e84" testId="e3c82226-f590-4e14-883a-d3f748b07d84" testName="FormatToStringTest1000 (10227.532692039169,10227.53 zł)" computerName="DESKTOP-5URQ9PB" duration="00:00:00.0000061" startTime="2022-06-13T21:12:26.3264416+02:00" endTime="2022-06-13T21:12:26.3265086+02:00" testType="13cdc9d9-ddb5-4fa4-a97d-d965ccfc6d4b" outcome="Passed" testListId="8c84fa94-04c1-424b-9868-57a2d4851a1d" relativeResultsDirectory="841dc056-5a86-45df-8970-c906a53d8e84" />
    <UnitTestResult executionId="c62cc885-6be6-4aa0-8b55-a77283186910" testId="21649b59-be0c-453a-8b3e-258760b72315" testName="FormatToStringTest1000 (52032.65082931176,52032.65 zł)" computerName="DESKTOP-5URQ9PB" duration="00:00:00.0000066" startTime="2022-06-13T21:12:26.5901461+02:00" endTime="2022-06-13T21:12:26.5902195+02:00" testType="13cdc9d9-ddb5-4fa4-a97d-d965ccfc6d4b" outcome="Passed" testListId="8c84fa94-04c1-424b-9868-57a2d4851a1d" relativeResultsDirectory="c62cc885-6be6-4aa0-8b55-a77283186910" />
    <UnitTestResult executionId="e19e2526-4c35-4cac-875c-8fa693ff2bef" testId="91a6afe0-1d0a-4dce-85ec-2f6aaf45c7bf" testName="FormatToStringTest1000 (67898.54481444067,67898.54 zł)" computerName="DESKTOP-5URQ9PB" duration="00:00:00.0000064" startTime="2022-06-13T21:12:26.3327390+02:00" endTime="2022-06-13T21:12:26.3328058+02:00" testType="13cdc9d9-ddb5-4fa4-a97d-d965ccfc6d4b" outcome="Passed" testListId="8c84fa94-04c1-424b-9868-57a2d4851a1d" relativeResultsDirectory="e19e2526-4c35-4cac-875c-8fa693ff2bef" />
    <UnitTestResult executionId="b1d164d5-3cbe-420a-b76e-bbb5e08c4b1c" testId="6ae6ef09-c83d-4bf9-b053-3a71b6d0b4cc" testName="FormatToStringTest1000 (485.6735566554933,485.67 zł)" computerName="DESKTOP-5URQ9PB" duration="00:00:00.0000067" startTime="2022-06-13T21:12:26.3293531+02:00" endTime="2022-06-13T21:12:26.3294362+02:00" testType="13cdc9d9-ddb5-4fa4-a97d-d965ccfc6d4b" outcome="Passed" testListId="8c84fa94-04c1-424b-9868-57a2d4851a1d" relativeResultsDirectory="b1d164d5-3cbe-420a-b76e-bbb5e08c4b1c" />
    <UnitTestResult executionId="dc501cae-c62e-491c-9a27-5c31738c4917" testId="d49de22e-e7d8-4bcf-a024-6beddc1d7b2f" testName="FormatToStringTest1000 (55457.96873490278,55457.97 zł)" computerName="DESKTOP-5URQ9PB" duration="00:00:00.0000069" startTime="2022-06-13T21:12:26.5196769+02:00" endTime="2022-06-13T21:12:26.5197426+02:00" testType="13cdc9d9-ddb5-4fa4-a97d-d965ccfc6d4b" outcome="Passed" testListId="8c84fa94-04c1-424b-9868-57a2d4851a1d" relativeResultsDirectory="dc501cae-c62e-491c-9a27-5c31738c4917" />
    <UnitTestResult executionId="a9a48223-a37a-4838-9c9b-2c2c71efd91a" testId="64a586af-644d-4042-8e8d-e16d3422d74c" testName="FormatToStringTest1000 (45739.569854490255,45739.57 zł)" computerName="DESKTOP-5URQ9PB" duration="00:00:00.0000061" startTime="2022-06-13T21:12:26.5533471+02:00" endTime="2022-06-13T21:12:26.5534111+02:00" testType="13cdc9d9-ddb5-4fa4-a97d-d965ccfc6d4b" outcome="Passed" testListId="8c84fa94-04c1-424b-9868-57a2d4851a1d" relativeResultsDirectory="a9a48223-a37a-4838-9c9b-2c2c71efd91a" />
    <UnitTestResult executionId="b1fe345b-7f59-4ec1-a758-3e1c068a0185" testId="0ea19b15-1e4b-4179-a94d-30101e024d82" testName="FormatToStringTest1000 (30138.55109863102,30138.55 zł)" computerName="DESKTOP-5URQ9PB" duration="00:00:00.0000063" startTime="2022-06-13T21:12:26.5088708+02:00" endTime="2022-06-13T21:12:26.5089378+02:00" testType="13cdc9d9-ddb5-4fa4-a97d-d965ccfc6d4b" outcome="Passed" testListId="8c84fa94-04c1-424b-9868-57a2d4851a1d" relativeResultsDirectory="b1fe345b-7f59-4ec1-a758-3e1c068a0185" />
    <UnitTestResult executionId="781e5717-9a92-4a4d-8acb-d4c511b528c2" testId="d4bad677-72cf-4489-97f4-45f006ac7d4e" testName="FormatToStringTest1000 (42555.01416107594,42555.01 zł)" computerName="DESKTOP-5URQ9PB" duration="00:00:00.0000066" startTime="2022-06-13T21:12:26.4936954+02:00" endTime="2022-06-13T21:12:26.4937716+02:00" testType="13cdc9d9-ddb5-4fa4-a97d-d965ccfc6d4b" outcome="Passed" testListId="8c84fa94-04c1-424b-9868-57a2d4851a1d" relativeResultsDirectory="781e5717-9a92-4a4d-8acb-d4c511b528c2" />
    <UnitTestResult executionId="9b898b2b-9356-4a0f-aaf4-d17fc5c0d419" testId="c8723bf7-b2cc-48b8-8c32-71815c4b1324" testName="FormatToStringTest1000 (26686.08488193065,26686.08 zł)" computerName="DESKTOP-5URQ9PB" duration="00:00:00.0000359" startTime="2022-06-13T21:12:26.4842544+02:00" endTime="2022-06-13T21:12:26.4846483+02:00" testType="13cdc9d9-ddb5-4fa4-a97d-d965ccfc6d4b" outcome="Passed" testListId="8c84fa94-04c1-424b-9868-57a2d4851a1d" relativeResultsDirectory="9b898b2b-9356-4a0f-aaf4-d17fc5c0d419" />
    <UnitTestResult executionId="3c081769-29a6-4217-921b-f51a71c2a5d3" testId="73bcde0c-c6e5-4ba5-bbe7-7359206a9e3e" testName="FormatToStringTest1000 (2937.138486199611,2937.14 zł)" computerName="DESKTOP-5URQ9PB" duration="00:00:00.0000066" startTime="2022-06-13T21:12:26.2891066+02:00" endTime="2022-06-13T21:12:26.2891851+02:00" testType="13cdc9d9-ddb5-4fa4-a97d-d965ccfc6d4b" outcome="Passed" testListId="8c84fa94-04c1-424b-9868-57a2d4851a1d" relativeResultsDirectory="3c081769-29a6-4217-921b-f51a71c2a5d3" />
    <UnitTestResult executionId="95c26a73-5895-4f1d-a7ae-c4b5afdd01d5" testId="3ef666f3-2b7c-4d02-a8ad-4c76af87536c" testName="FormatToStringTest1000 (782.6578288817116,782.66 zł)" computerName="DESKTOP-5URQ9PB" duration="00:00:00.0000064" startTime="2022-06-13T21:12:26.3511050+02:00" endTime="2022-06-13T21:12:26.3511788+02:00" testType="13cdc9d9-ddb5-4fa4-a97d-d965ccfc6d4b" outcome="Passed" testListId="8c84fa94-04c1-424b-9868-57a2d4851a1d" relativeResultsDirectory="95c26a73-5895-4f1d-a7ae-c4b5afdd01d5" />
    <UnitTestResult executionId="f56117a2-e402-49cf-ad49-32d3c107c8da" testId="ddf9a4eb-f7cb-4ed9-a2f5-d3a04d84fd2b" testName="FormatToStringTest1000 (32216.686763396807,32216.69 zł)" computerName="DESKTOP-5URQ9PB" duration="00:00:00.0000067" startTime="2022-06-13T21:12:26.2250143+02:00" endTime="2022-06-13T21:12:26.2250925+02:00" testType="13cdc9d9-ddb5-4fa4-a97d-d965ccfc6d4b" outcome="Passed" testListId="8c84fa94-04c1-424b-9868-57a2d4851a1d" relativeResultsDirectory="f56117a2-e402-49cf-ad49-32d3c107c8da" />
    <UnitTestResult executionId="b4cdcb0b-72c8-4cf1-9e6e-85dccbc971a3" testId="ddcbd9f4-8bcc-41cb-acf3-b11f31c932e8" testName="FormatToStringTest1000 (15639.704937780603,15639.70 zł)" computerName="DESKTOP-5URQ9PB" duration="00:00:00.0000088" startTime="2022-06-13T21:12:26.2821330+02:00" endTime="2022-06-13T21:12:26.2822235+02:00" testType="13cdc9d9-ddb5-4fa4-a97d-d965ccfc6d4b" outcome="Passed" testListId="8c84fa94-04c1-424b-9868-57a2d4851a1d" relativeResultsDirectory="b4cdcb0b-72c8-4cf1-9e6e-85dccbc971a3" />
    <UnitTestResult executionId="c8f37269-fad4-442e-a6bd-475f21882434" testId="48172865-87bb-4084-ac55-4261d82882c4" testName="FormatToStringTest1000 (68698.01923441609,68698.02 zł)" computerName="DESKTOP-5URQ9PB" duration="00:00:00.0000187" startTime="2022-06-13T21:12:26.5791810+02:00" endTime="2022-06-13T21:12:26.5792725+02:00" testType="13cdc9d9-ddb5-4fa4-a97d-d965ccfc6d4b" outcome="Passed" testListId="8c84fa94-04c1-424b-9868-57a2d4851a1d" relativeResultsDirectory="c8f37269-fad4-442e-a6bd-475f21882434" />
    <UnitTestResult executionId="f895155a-3855-4508-92ce-cecc19ec963a" testId="b63e74e4-6d18-4a4e-9302-c4aecb1dd531" testName="FormatToStringTest1000 (60701.5177499319,60701.52 zł)" computerName="DESKTOP-5URQ9PB" duration="00:00:00.0000063" startTime="2022-06-13T21:12:26.5113199+02:00" endTime="2022-06-13T21:12:26.5113873+02:00" testType="13cdc9d9-ddb5-4fa4-a97d-d965ccfc6d4b" outcome="Passed" testListId="8c84fa94-04c1-424b-9868-57a2d4851a1d" relativeResultsDirectory="f895155a-3855-4508-92ce-cecc19ec963a" />
    <UnitTestResult executionId="cf4595c0-a7de-407d-8cad-633020c7c4fb" testId="87db2e64-ad8b-4e6d-a0be-2aaf1049070a" testName="FormatToStringTest1000 (17232.486162219426,17232.49 zł)" computerName="DESKTOP-5URQ9PB" duration="00:00:00.0000065" startTime="2022-06-13T21:12:26.3739741+02:00" endTime="2022-06-13T21:12:26.3740474+02:00" testType="13cdc9d9-ddb5-4fa4-a97d-d965ccfc6d4b" outcome="Passed" testListId="8c84fa94-04c1-424b-9868-57a2d4851a1d" relativeResultsDirectory="cf4595c0-a7de-407d-8cad-633020c7c4fb" />
    <UnitTestResult executionId="31da2349-3fef-421e-b991-dda67f460000" testId="513015d3-e95a-433f-9c80-898b7696bbf8" testName="FormatToStringTest1000 (53192.79032742269,53192.79 zł)" computerName="DESKTOP-5URQ9PB" duration="00:00:00.0000072" startTime="2022-06-13T21:12:26.5918072+02:00" endTime="2022-06-13T21:12:26.5918834+02:00" testType="13cdc9d9-ddb5-4fa4-a97d-d965ccfc6d4b" outcome="Passed" testListId="8c84fa94-04c1-424b-9868-57a2d4851a1d" relativeResultsDirectory="31da2349-3fef-421e-b991-dda67f460000" />
    <UnitTestResult executionId="66ed1221-134f-416f-97ba-f7a5d92df5b1" testId="db22612e-edb9-4ff5-a76a-4cf0f19809d7" testName="FormatToStringTest1000 (59283.48311990662,59283.48 zł)" computerName="DESKTOP-5URQ9PB" duration="00:00:00.0000064" startTime="2022-06-13T21:12:26.3676872+02:00" endTime="2022-06-13T21:12:26.3677626+02:00" testType="13cdc9d9-ddb5-4fa4-a97d-d965ccfc6d4b" outcome="Passed" testListId="8c84fa94-04c1-424b-9868-57a2d4851a1d" relativeResultsDirectory="66ed1221-134f-416f-97ba-f7a5d92df5b1" />
    <UnitTestResult executionId="ac47e736-cc16-4719-a5e8-b93254e4864a" testId="1077829e-0bed-44b3-9b6d-599c55554a3a" testName="FormatToStringTest1000 (6676.5680544784145,6676.57 zł)" computerName="DESKTOP-5URQ9PB" duration="00:00:00.0000063" startTime="2022-06-13T21:12:26.5924897+02:00" endTime="2022-06-13T21:12:26.5925541+02:00" testType="13cdc9d9-ddb5-4fa4-a97d-d965ccfc6d4b" outcome="Passed" testListId="8c84fa94-04c1-424b-9868-57a2d4851a1d" relativeResultsDirectory="ac47e736-cc16-4719-a5e8-b93254e4864a" />
    <UnitTestResult executionId="5fb70009-2c3b-4dc7-9baf-ba95872498d2" testId="f586989b-f4ac-46ce-9190-407c41541f4b" testName="FormatToStringTest1000 (64490.52771614982,64490.53 zł)" computerName="DESKTOP-5URQ9PB" duration="00:00:00.0000062" startTime="2022-06-13T21:12:26.4205873+02:00" endTime="2022-06-13T21:12:26.4206535+02:00" testType="13cdc9d9-ddb5-4fa4-a97d-d965ccfc6d4b" outcome="Passed" testListId="8c84fa94-04c1-424b-9868-57a2d4851a1d" relativeResultsDirectory="5fb70009-2c3b-4dc7-9baf-ba95872498d2" />
    <UnitTestResult executionId="acfe28c9-509f-440b-a1df-db44290b7cce" testId="1982962b-0868-4bf5-a571-1d315ff58334" testName="FormatToStringTest1000 (8599.45217413616,8599.45 zł)" computerName="DESKTOP-5URQ9PB" duration="00:00:00.0000065" startTime="2022-06-13T21:12:26.3260077+02:00" endTime="2022-06-13T21:12:26.3260769+02:00" testType="13cdc9d9-ddb5-4fa4-a97d-d965ccfc6d4b" outcome="Passed" testListId="8c84fa94-04c1-424b-9868-57a2d4851a1d" relativeResultsDirectory="acfe28c9-509f-440b-a1df-db44290b7cce" />
    <UnitTestResult executionId="e01e7f57-514a-4d25-9596-01a4a30df6d0" testId="a2259244-7cea-4199-94d4-0daee5ee2e83" testName="FormatToStringTest1000 (74152.7503934562,74152.75 zł)" computerName="DESKTOP-5URQ9PB" duration="00:00:00.0000063" startTime="2022-06-13T21:12:26.4082432+02:00" endTime="2022-06-13T21:12:26.4083074+02:00" testType="13cdc9d9-ddb5-4fa4-a97d-d965ccfc6d4b" outcome="Passed" testListId="8c84fa94-04c1-424b-9868-57a2d4851a1d" relativeResultsDirectory="e01e7f57-514a-4d25-9596-01a4a30df6d0" />
    <UnitTestResult executionId="d4ba8dae-0d78-46d1-9df5-b422247a6697" testId="5b51562e-7f6e-4683-bca7-a1ff0c7e6e87" testName="FormatToStringTest1000 (20497.107923553376,20497.11 zł)" computerName="DESKTOP-5URQ9PB" duration="00:00:00.0000063" startTime="2022-06-13T21:12:26.5690626+02:00" endTime="2022-06-13T21:12:26.5691276+02:00" testType="13cdc9d9-ddb5-4fa4-a97d-d965ccfc6d4b" outcome="Passed" testListId="8c84fa94-04c1-424b-9868-57a2d4851a1d" relativeResultsDirectory="d4ba8dae-0d78-46d1-9df5-b422247a6697" />
    <UnitTestResult executionId="a12b3621-5a0a-47a2-ae40-14e0eefb9389" testId="6aa8f6d4-8d78-47ee-8f31-2d9c9fd5689c" testName="FormatToStringTest1000 (626.135364110179,626.14 zł)" computerName="DESKTOP-5URQ9PB" duration="00:00:00.0000062" startTime="2022-06-13T21:12:26.3389331+02:00" endTime="2022-06-13T21:12:26.3389979+02:00" testType="13cdc9d9-ddb5-4fa4-a97d-d965ccfc6d4b" outcome="Passed" testListId="8c84fa94-04c1-424b-9868-57a2d4851a1d" relativeResultsDirectory="a12b3621-5a0a-47a2-ae40-14e0eefb9389" />
    <UnitTestResult executionId="d2f3b504-0c56-4062-8a10-46d40bb0f713" testId="7ba731e0-7374-4d8c-a796-17253daa49fa" testName="FormatToStringTest1000 (4121.116360678857,4121.12 zł)" computerName="DESKTOP-5URQ9PB" duration="00:00:00.0000061" startTime="2022-06-13T21:12:26.4297537+02:00" endTime="2022-06-13T21:12:26.4298201+02:00" testType="13cdc9d9-ddb5-4fa4-a97d-d965ccfc6d4b" outcome="Passed" testListId="8c84fa94-04c1-424b-9868-57a2d4851a1d" relativeResultsDirectory="d2f3b504-0c56-4062-8a10-46d40bb0f713" />
    <UnitTestResult executionId="e714192a-876c-4435-959d-900c1c7a52cc" testId="5388871d-c5fa-405e-b2e6-d20a37da969e" testName="FormatToStringTest1000 (18032.4720825476,18032.47 zł)" computerName="DESKTOP-5URQ9PB" duration="00:00:00.0000063" startTime="2022-06-13T21:12:26.5749510+02:00" endTime="2022-06-13T21:12:26.5750130+02:00" testType="13cdc9d9-ddb5-4fa4-a97d-d965ccfc6d4b" outcome="Passed" testListId="8c84fa94-04c1-424b-9868-57a2d4851a1d" relativeResultsDirectory="e714192a-876c-4435-959d-900c1c7a52cc" />
    <UnitTestResult executionId="dbc24450-1594-4cf5-94cb-acd57b3e66fc" testId="e80048f1-a004-4b19-93ff-2fab8cde14ae" testName="FormatToStringTest1000 (10775.728533390784,10775.73 zł)" computerName="DESKTOP-5URQ9PB" duration="00:00:00.0000065" startTime="2022-06-13T21:12:26.4397068+02:00" endTime="2022-06-13T21:12:26.4397782+02:00" testType="13cdc9d9-ddb5-4fa4-a97d-d965ccfc6d4b" outcome="Passed" testListId="8c84fa94-04c1-424b-9868-57a2d4851a1d" relativeResultsDirectory="dbc24450-1594-4cf5-94cb-acd57b3e66fc" />
    <UnitTestResult executionId="39edfac7-a75f-4362-86f6-54f8dbdcb133" testId="afdc8b8b-d0b5-4e04-b65b-2615291a9127" testName="FormatToStringTest1000 (12202.860111308684,12202.86 zł)" computerName="DESKTOP-5URQ9PB" duration="00:00:00.0000064" startTime="2022-06-13T21:12:26.4263890+02:00" endTime="2022-06-13T21:12:26.4264556+02:00" testType="13cdc9d9-ddb5-4fa4-a97d-d965ccfc6d4b" outcome="Passed" testListId="8c84fa94-04c1-424b-9868-57a2d4851a1d" relativeResultsDirectory="39edfac7-a75f-4362-86f6-54f8dbdcb133" />
    <UnitTestResult executionId="12db3e03-bc64-4cf7-a929-af607dccd43e" testId="22b5bad5-f73d-4b1e-9c5b-bbd1c1115f2d" testName="FormatToStringTest1000 (7202.052143613367,7202.05 zł)" computerName="DESKTOP-5URQ9PB" duration="00:00:00.0000066" startTime="2022-06-13T21:12:26.5381441+02:00" endTime="2022-06-13T21:12:26.5382192+02:00" testType="13cdc9d9-ddb5-4fa4-a97d-d965ccfc6d4b" outcome="Passed" testListId="8c84fa94-04c1-424b-9868-57a2d4851a1d" relativeResultsDirectory="12db3e03-bc64-4cf7-a929-af607dccd43e" />
    <UnitTestResult executionId="1fcb5be0-6caa-4ea1-a88c-c574f8f35bf1" testId="e6572ae0-bd4f-4385-84a8-78b8c02dd4e9" testName="FormatToStringTest1000 (1799.2562459103092,1799.26 zł)" computerName="DESKTOP-5URQ9PB" duration="00:00:00.0000070" startTime="2022-06-13T21:12:26.4368269+02:00" endTime="2022-06-13T21:12:26.4368944+02:00" testType="13cdc9d9-ddb5-4fa4-a97d-d965ccfc6d4b" outcome="Passed" testListId="8c84fa94-04c1-424b-9868-57a2d4851a1d" relativeResultsDirectory="1fcb5be0-6caa-4ea1-a88c-c574f8f35bf1" />
    <UnitTestResult executionId="88558b0c-f607-4e9e-a181-734dc33b2d6c" testId="bf7e60a7-d8f5-4e66-8632-422936dbed4c" testName="FormatToStringTest1000 (70432.00656616595,70432.01 zł)" computerName="DESKTOP-5URQ9PB" duration="00:00:00.0000062" startTime="2022-06-13T21:12:26.5615752+02:00" endTime="2022-06-13T21:12:26.5616398+02:00" testType="13cdc9d9-ddb5-4fa4-a97d-d965ccfc6d4b" outcome="Passed" testListId="8c84fa94-04c1-424b-9868-57a2d4851a1d" relativeResultsDirectory="88558b0c-f607-4e9e-a181-734dc33b2d6c" />
    <UnitTestResult executionId="97c0ac63-1eaf-49d8-a047-860861be3c73" testId="4c0efdb3-1e80-4322-b522-833bd5dd9007" testName="FormatToStringTest1000 (40545.70748620001,40545.71 zł)" computerName="DESKTOP-5URQ9PB" duration="00:00:00.0000070" startTime="2022-06-13T21:12:26.5594753+02:00" endTime="2022-06-13T21:12:26.5595408+02:00" testType="13cdc9d9-ddb5-4fa4-a97d-d965ccfc6d4b" outcome="Passed" testListId="8c84fa94-04c1-424b-9868-57a2d4851a1d" relativeResultsDirectory="97c0ac63-1eaf-49d8-a047-860861be3c73" />
    <UnitTestResult executionId="c5969c45-214c-413d-a8da-d2c3a5ae7548" testId="4a7edd2e-7c7a-4792-af9e-9596d17436e7" testName="FormatToStringTest1000 (6145.531235831571,6145.53 zł)" computerName="DESKTOP-5URQ9PB" duration="00:00:00.0000062" startTime="2022-06-13T21:12:26.3886903+02:00" endTime="2022-06-13T21:12:26.3887569+02:00" testType="13cdc9d9-ddb5-4fa4-a97d-d965ccfc6d4b" outcome="Passed" testListId="8c84fa94-04c1-424b-9868-57a2d4851a1d" relativeResultsDirectory="c5969c45-214c-413d-a8da-d2c3a5ae7548" />
    <UnitTestResult executionId="14666e51-13aa-475d-aaa4-c000268e3c79" testId="1527b5fb-b8c2-4a7e-9f73-6ad973c739fc" testName="FormatToStringTest1000 (6710.131197082871,6710.13 zł)" computerName="DESKTOP-5URQ9PB" duration="00:00:00.0000065" startTime="2022-06-13T21:12:26.5751098+02:00" endTime="2022-06-13T21:12:26.5751852+02:00" testType="13cdc9d9-ddb5-4fa4-a97d-d965ccfc6d4b" outcome="Passed" testListId="8c84fa94-04c1-424b-9868-57a2d4851a1d" relativeResultsDirectory="14666e51-13aa-475d-aaa4-c000268e3c79" />
    <UnitTestResult executionId="42a57927-3b62-41de-b97f-8dcfb5cf7e4d" testId="7983da95-d542-48e9-b808-dfacd96f632d" testName="FormatToStringTest1000 (28579.14698705503,28579.15 zł)" computerName="DESKTOP-5URQ9PB" duration="00:00:00.0000060" startTime="2022-06-13T21:12:26.5114044+02:00" endTime="2022-06-13T21:12:26.5114708+02:00" testType="13cdc9d9-ddb5-4fa4-a97d-d965ccfc6d4b" outcome="Passed" testListId="8c84fa94-04c1-424b-9868-57a2d4851a1d" relativeResultsDirectory="42a57927-3b62-41de-b97f-8dcfb5cf7e4d" />
    <UnitTestResult executionId="1a2a8bf2-a5b8-49b8-8d76-9ec72b53c9a4" testId="0e6354e6-00b6-4572-ae04-61bdbf9e9e0e" testName="FormatToStringTest1000 (35145.379208063416,35145.38 zł)" computerName="DESKTOP-5URQ9PB" duration="00:00:00.0000064" startTime="2022-06-13T21:12:26.2953862+02:00" endTime="2022-06-13T21:12:26.2954629+02:00" testType="13cdc9d9-ddb5-4fa4-a97d-d965ccfc6d4b" outcome="Passed" testListId="8c84fa94-04c1-424b-9868-57a2d4851a1d" relativeResultsDirectory="1a2a8bf2-a5b8-49b8-8d76-9ec72b53c9a4" />
    <UnitTestResult executionId="c6b2fd5f-a8c0-4338-8987-36458d175abf" testId="cc099867-61a5-41d5-a44c-cb91c2acac0b" testName="FormatToStringTest1000 (1898.24149096489,1898.24 zł)" computerName="DESKTOP-5URQ9PB" duration="00:00:00.0000063" startTime="2022-06-13T21:12:26.5317975+02:00" endTime="2022-06-13T21:12:26.5318595+02:00" testType="13cdc9d9-ddb5-4fa4-a97d-d965ccfc6d4b" outcome="Passed" testListId="8c84fa94-04c1-424b-9868-57a2d4851a1d" relativeResultsDirectory="c6b2fd5f-a8c0-4338-8987-36458d175abf" />
    <UnitTestResult executionId="14e7cfe3-b1f8-40a4-a9fe-8cf895113705" testId="a59bf9f6-4ee5-4e83-82dc-e91244b3e8b3" testName="FormatToStringTest1000 (7669.3855620214645,7669.39 zł)" computerName="DESKTOP-5URQ9PB" duration="00:00:00.0000106" startTime="2022-06-13T21:12:26.3537393+02:00" endTime="2022-06-13T21:12:26.3538593+02:00" testType="13cdc9d9-ddb5-4fa4-a97d-d965ccfc6d4b" outcome="Passed" testListId="8c84fa94-04c1-424b-9868-57a2d4851a1d" relativeResultsDirectory="14e7cfe3-b1f8-40a4-a9fe-8cf895113705" />
    <UnitTestResult executionId="58fcd768-7d94-4dc1-bc2f-ed7cf1b13d90" testId="995379f2-ac21-4a45-b7ac-76b22e45d56d" testName="FormatToStringTest1000 (6915.421130504656,6915.42 zł)" computerName="DESKTOP-5URQ9PB" duration="00:00:00.0000063" startTime="2022-06-13T21:12:26.4491380+02:00" endTime="2022-06-13T21:12:26.4492106+02:00" testType="13cdc9d9-ddb5-4fa4-a97d-d965ccfc6d4b" outcome="Passed" testListId="8c84fa94-04c1-424b-9868-57a2d4851a1d" relativeResultsDirectory="58fcd768-7d94-4dc1-bc2f-ed7cf1b13d90" />
    <UnitTestResult executionId="d015213a-7496-4e47-91c0-c62cfd112718" testId="85d1c731-5a74-4702-ba2e-e15bcdd33b86" testName="FormatToStringTest1000 (23023.74724929768,23023.75 zł)" computerName="DESKTOP-5URQ9PB" duration="00:00:00.0000253" startTime="2022-06-13T21:12:26.4872319+02:00" endTime="2022-06-13T21:12:26.4874061+02:00" testType="13cdc9d9-ddb5-4fa4-a97d-d965ccfc6d4b" outcome="Passed" testListId="8c84fa94-04c1-424b-9868-57a2d4851a1d" relativeResultsDirectory="d015213a-7496-4e47-91c0-c62cfd112718" />
    <UnitTestResult executionId="35e23e8b-9d91-4b9a-acb9-fe8a07f731fa" testId="36a4b76d-0d94-44ee-880f-99656c94a8c5" testName="FormatToStringTest1000 (7348.947429818543,7348.95 zł)" computerName="DESKTOP-5URQ9PB" duration="00:00:00.0000064" startTime="2022-06-13T21:12:26.3645065+02:00" endTime="2022-06-13T21:12:26.3645859+02:00" testType="13cdc9d9-ddb5-4fa4-a97d-d965ccfc6d4b" outcome="Passed" testListId="8c84fa94-04c1-424b-9868-57a2d4851a1d" relativeResultsDirectory="35e23e8b-9d91-4b9a-acb9-fe8a07f731fa" />
    <UnitTestResult executionId="d45dcf7a-3285-471d-99b4-1fbc8fd8ed7a" testId="52e9c387-98ea-4492-bcbb-5fb406a5ea3b" testName="FormatToStringTest1000 (10965.74607995746,10965.75 zł)" computerName="DESKTOP-5URQ9PB" duration="00:00:00.0000064" startTime="2022-06-13T21:12:26.3116891+02:00" endTime="2022-06-13T21:12:26.3117574+02:00" testType="13cdc9d9-ddb5-4fa4-a97d-d965ccfc6d4b" outcome="Passed" testListId="8c84fa94-04c1-424b-9868-57a2d4851a1d" relativeResultsDirectory="d45dcf7a-3285-471d-99b4-1fbc8fd8ed7a" />
    <UnitTestResult executionId="0500dffe-0415-402c-8e87-28d5e6a5d4c3" testId="7ee2b85b-4463-4141-bf80-5a63a4f320e5" testName="FormatToStringTest1000 (57181.240528605056,57181.24 zł)" computerName="DESKTOP-5URQ9PB" duration="00:00:00.0000063" startTime="2022-06-13T21:12:26.3819518+02:00" endTime="2022-06-13T21:12:26.3820201+02:00" testType="13cdc9d9-ddb5-4fa4-a97d-d965ccfc6d4b" outcome="Passed" testListId="8c84fa94-04c1-424b-9868-57a2d4851a1d" relativeResultsDirectory="0500dffe-0415-402c-8e87-28d5e6a5d4c3" />
    <UnitTestResult executionId="0641489b-26db-4893-973a-79dade649b0a" testId="4fa52109-3222-4351-a6ae-4ab8c0f8dadc" testName="FormatToStringTest1000 (2992.6161168593057,2992.62 zł)" computerName="DESKTOP-5URQ9PB" duration="00:00:00.0000062" startTime="2022-06-13T21:12:26.5493595+02:00" endTime="2022-06-13T21:12:26.5494243+02:00" testType="13cdc9d9-ddb5-4fa4-a97d-d965ccfc6d4b" outcome="Passed" testListId="8c84fa94-04c1-424b-9868-57a2d4851a1d" relativeResultsDirectory="0641489b-26db-4893-973a-79dade649b0a" />
    <UnitTestResult executionId="721b80a1-46a3-4121-8789-503c39f9e5cd" testId="6b6241ff-ac5f-4d97-9998-88dfa98d6b16" testName="FormatToStringTest1000 (22533.17694295811,22533.18 zł)" computerName="DESKTOP-5URQ9PB" duration="00:00:00.0000066" startTime="2022-06-13T21:12:26.5812271+02:00" endTime="2022-06-13T21:12:26.5813032+02:00" testType="13cdc9d9-ddb5-4fa4-a97d-d965ccfc6d4b" outcome="Passed" testListId="8c84fa94-04c1-424b-9868-57a2d4851a1d" relativeResultsDirectory="721b80a1-46a3-4121-8789-503c39f9e5cd" />
    <UnitTestResult executionId="3671f6ee-355c-4d04-81ab-fbf0a25fa06c" testId="a6866b98-4ec4-4109-9804-ec25a024be77" testName="FormatToStringTest1000 (37589.670531794276,37589.67 zł)" computerName="DESKTOP-5URQ9PB" duration="00:00:00.0000063" startTime="2022-06-13T21:12:26.2699723+02:00" endTime="2022-06-13T21:12:26.2700447+02:00" testType="13cdc9d9-ddb5-4fa4-a97d-d965ccfc6d4b" outcome="Passed" testListId="8c84fa94-04c1-424b-9868-57a2d4851a1d" relativeResultsDirectory="3671f6ee-355c-4d04-81ab-fbf0a25fa06c" />
    <UnitTestResult executionId="43df3eab-3c3f-42cc-b5bb-d271b01891a1" testId="acf5ebed-5b03-460c-afce-71b606fa9150" testName="FormatToStringTest1000 (63115.864864394935,63115.86 zł)" computerName="DESKTOP-5URQ9PB" duration="00:00:00.0000061" startTime="2022-06-13T21:12:26.3092452+02:00" endTime="2022-06-13T21:12:26.3093114+02:00" testType="13cdc9d9-ddb5-4fa4-a97d-d965ccfc6d4b" outcome="Passed" testListId="8c84fa94-04c1-424b-9868-57a2d4851a1d" relativeResultsDirectory="43df3eab-3c3f-42cc-b5bb-d271b01891a1" />
    <UnitTestResult executionId="30bca99d-b062-467c-8805-fadef9658a78" testId="1011aebd-8731-43cd-9144-04fa9c879347" testName="FormatToStringTest1000 (7076.829971250534,7076.83 zł)" computerName="DESKTOP-5URQ9PB" duration="00:00:00.0000062" startTime="2022-06-13T21:12:26.5593936+02:00" endTime="2022-06-13T21:12:26.5594581+02:00" testType="13cdc9d9-ddb5-4fa4-a97d-d965ccfc6d4b" outcome="Passed" testListId="8c84fa94-04c1-424b-9868-57a2d4851a1d" relativeResultsDirectory="30bca99d-b062-467c-8805-fadef9658a78" />
    <UnitTestResult executionId="62c61a0b-43d6-469b-86d4-e6a589442bf6" testId="f2e6f531-d34e-412f-b9b2-74ed7af934fc" testName="FormatToStringTest1000 (32908.76696502639,32908.77 zł)" computerName="DESKTOP-5URQ9PB" duration="00:00:00.0000072" startTime="2022-06-13T21:12:26.3507454+02:00" endTime="2022-06-13T21:12:26.3508293+02:00" testType="13cdc9d9-ddb5-4fa4-a97d-d965ccfc6d4b" outcome="Passed" testListId="8c84fa94-04c1-424b-9868-57a2d4851a1d" relativeResultsDirectory="62c61a0b-43d6-469b-86d4-e6a589442bf6" />
    <UnitTestResult executionId="957a3332-f070-4e2f-9790-e7f16cc8e955" testId="47ed154b-edfe-491d-b621-527cb4c6dd31" testName="FormatToStringTest1000 (9603.199987620208,9603.20 zł)" computerName="DESKTOP-5URQ9PB" duration="00:00:00.0000064" startTime="2022-06-13T21:12:26.5882194+02:00" endTime="2022-06-13T21:12:26.5882845+02:00" testType="13cdc9d9-ddb5-4fa4-a97d-d965ccfc6d4b" outcome="Passed" testListId="8c84fa94-04c1-424b-9868-57a2d4851a1d" relativeResultsDirectory="957a3332-f070-4e2f-9790-e7f16cc8e955" />
    <UnitTestResult executionId="02442a7b-c3a9-46af-bdee-437098465457" testId="762d1545-9fa6-40d1-8267-214ded09d0cf" testName="FormatToStringTest1000 (66945.02904917022,66945.03 zł)" computerName="DESKTOP-5URQ9PB" duration="00:00:00.0000063" startTime="2022-06-13T21:12:26.5597985+02:00" endTime="2022-06-13T21:12:26.5598631+02:00" testType="13cdc9d9-ddb5-4fa4-a97d-d965ccfc6d4b" outcome="Passed" testListId="8c84fa94-04c1-424b-9868-57a2d4851a1d" relativeResultsDirectory="02442a7b-c3a9-46af-bdee-437098465457" />
    <UnitTestResult executionId="b98c44a1-e692-4c43-85ce-9fa043cccadc" testId="dae9e4d8-e8a0-4709-929a-a0c59c36b870" testName="FormatToStringTest1000 (9774.341362926803,9774.34 zł)" computerName="DESKTOP-5URQ9PB" duration="00:00:00.0000062" startTime="2022-06-13T21:12:26.3183077+02:00" endTime="2022-06-13T21:12:26.3183737+02:00" testType="13cdc9d9-ddb5-4fa4-a97d-d965ccfc6d4b" outcome="Passed" testListId="8c84fa94-04c1-424b-9868-57a2d4851a1d" relativeResultsDirectory="b98c44a1-e692-4c43-85ce-9fa043cccadc" />
    <UnitTestResult executionId="812e0f0a-3cbd-43d2-888d-e5aecfdf5e85" testId="d2e892f5-3834-4f6f-abda-0e0911436f8c" testName="FormatToStringTest1000 (22743.19734205827,22743.20 zł)" computerName="DESKTOP-5URQ9PB" duration="00:00:00.0000115" startTime="2022-06-13T21:12:26.3880760+02:00" endTime="2022-06-13T21:12:26.3881623+02:00" testType="13cdc9d9-ddb5-4fa4-a97d-d965ccfc6d4b" outcome="Passed" testListId="8c84fa94-04c1-424b-9868-57a2d4851a1d" relativeResultsDirectory="812e0f0a-3cbd-43d2-888d-e5aecfdf5e85" />
    <UnitTestResult executionId="8e1faa97-00ee-4703-b35a-670ff37cf2b0" testId="0b9df505-32d8-47e5-9f7d-813452798f8d" testName="FormatToStringTest1000 (28502.61128259758,28502.61 zł)" computerName="DESKTOP-5URQ9PB" duration="00:00:00.0000063" startTime="2022-06-13T21:12:26.2853083+02:00" endTime="2022-06-13T21:12:26.2853797+02:00" testType="13cdc9d9-ddb5-4fa4-a97d-d965ccfc6d4b" outcome="Passed" testListId="8c84fa94-04c1-424b-9868-57a2d4851a1d" relativeResultsDirectory="8e1faa97-00ee-4703-b35a-670ff37cf2b0" />
    <UnitTestResult executionId="1ee9105a-267b-4f5b-bff3-fb502936d5e9" testId="af67f096-11a3-4b59-b849-7ae2a30b3c7e" testName="FormatToStringTest1000 (6170.939441211959,6170.94 zł)" computerName="DESKTOP-5URQ9PB" duration="00:00:00.0000063" startTime="2022-06-13T21:12:26.4175592+02:00" endTime="2022-06-13T21:12:26.4176263+02:00" testType="13cdc9d9-ddb5-4fa4-a97d-d965ccfc6d4b" outcome="Passed" testListId="8c84fa94-04c1-424b-9868-57a2d4851a1d" relativeResultsDirectory="1ee9105a-267b-4f5b-bff3-fb502936d5e9" />
    <UnitTestResult executionId="f0d469df-e186-4fb7-b73c-1c8c08d2fe19" testId="c24df02d-00d9-4ffa-b18a-ee9589eb85c7" testName="FormatToStringTest1000 (20552.966022956633,20552.97 zł)" computerName="DESKTOP-5URQ9PB" duration="00:00:00.0000280" startTime="2022-06-13T21:12:26.4902833+02:00" endTime="2022-06-13T21:12:26.4904563+02:00" testType="13cdc9d9-ddb5-4fa4-a97d-d965ccfc6d4b" outcome="Passed" testListId="8c84fa94-04c1-424b-9868-57a2d4851a1d" relativeResultsDirectory="f0d469df-e186-4fb7-b73c-1c8c08d2fe19" />
    <UnitTestResult executionId="a7a43a63-7cd8-4c36-a6a6-1bb145e56bcf" testId="891d8c17-e751-4db6-b51d-b4ae9c6f35a4" testName="FormatToStringTest1000 (236.20263638589657,236.20 zł)" computerName="DESKTOP-5URQ9PB" duration="00:00:00.0000063" startTime="2022-06-13T21:12:26.5050198+02:00" endTime="2022-06-13T21:12:26.5050856+02:00" testType="13cdc9d9-ddb5-4fa4-a97d-d965ccfc6d4b" outcome="Passed" testListId="8c84fa94-04c1-424b-9868-57a2d4851a1d" relativeResultsDirectory="a7a43a63-7cd8-4c36-a6a6-1bb145e56bcf" />
    <UnitTestResult executionId="939f74d9-7a6a-46e5-b012-8d959aa1b6d0" testId="e96b6ba3-fc4c-4383-bc73-dfb72e7bac7b" testName="FormatToStringTest1000 (50009.23881716898,50009.24 zł)" computerName="DESKTOP-5URQ9PB" duration="00:00:00.0000065" startTime="2022-06-13T21:12:26.4685803+02:00" endTime="2022-06-13T21:12:26.4686479+02:00" testType="13cdc9d9-ddb5-4fa4-a97d-d965ccfc6d4b" outcome="Passed" testListId="8c84fa94-04c1-424b-9868-57a2d4851a1d" relativeResultsDirectory="939f74d9-7a6a-46e5-b012-8d959aa1b6d0" />
    <UnitTestResult executionId="727b24ec-d5af-4fbf-9a7e-aa1b556d49fd" testId="b2c794b7-89a3-42a9-9c4c-3c12eeac1f92" testName="FormatToStringTest1000 (18794.859523484418,18794.86 zł)" computerName="DESKTOP-5URQ9PB" duration="00:00:00.0000061" startTime="2022-06-13T21:12:26.3944410+02:00" endTime="2022-06-13T21:12:26.3945078+02:00" testType="13cdc9d9-ddb5-4fa4-a97d-d965ccfc6d4b" outcome="Passed" testListId="8c84fa94-04c1-424b-9868-57a2d4851a1d" relativeResultsDirectory="727b24ec-d5af-4fbf-9a7e-aa1b556d49fd" />
    <UnitTestResult executionId="e887d959-8ef6-489d-bba4-94605aa8056d" testId="ae7cb87e-5019-49e1-83b3-18e7d6e8bf91" testName="FormatToStringTest1000 (52858.048916166204,52858.05 zł)" computerName="DESKTOP-5URQ9PB" duration="00:00:00.0000068" startTime="2022-06-13T21:12:26.2988020+02:00" endTime="2022-06-13T21:12:26.2988848+02:00" testType="13cdc9d9-ddb5-4fa4-a97d-d965ccfc6d4b" outcome="Passed" testListId="8c84fa94-04c1-424b-9868-57a2d4851a1d" relativeResultsDirectory="e887d959-8ef6-489d-bba4-94605aa8056d" />
    <UnitTestResult executionId="b654166f-9b68-48ec-b6ff-68840ed174e9" testId="730c4b57-cbd8-4faf-913e-4fd697547f44" testName="FormatToStringTest1000 (1313.0279238368514,1313.03 zł)" computerName="DESKTOP-5URQ9PB" duration="00:00:00.0000062" startTime="2022-06-13T21:12:26.5295958+02:00" endTime="2022-06-13T21:12:26.5296608+02:00" testType="13cdc9d9-ddb5-4fa4-a97d-d965ccfc6d4b" outcome="Passed" testListId="8c84fa94-04c1-424b-9868-57a2d4851a1d" relativeResultsDirectory="b654166f-9b68-48ec-b6ff-68840ed174e9" />
    <UnitTestResult executionId="f2bb5cc3-5dbd-4e73-9d20-24cf5266a69b" testId="c8d3b697-7468-4e22-95c3-601a352aa124" testName="FormatToStringTest1000 (6220.182014914314,6220.18 zł)" computerName="DESKTOP-5URQ9PB" duration="00:00:00.0000068" startTime="2022-06-13T21:12:26.5111285+02:00" endTime="2022-06-13T21:12:26.5112172+02:00" testType="13cdc9d9-ddb5-4fa4-a97d-d965ccfc6d4b" outcome="Passed" testListId="8c84fa94-04c1-424b-9868-57a2d4851a1d" relativeResultsDirectory="f2bb5cc3-5dbd-4e73-9d20-24cf5266a69b" />
    <UnitTestResult executionId="1c527a64-559a-4e6e-bb84-206b1b14f153" testId="c06e2261-b3b2-4faa-ba6a-a77042d16202" testName="FormatToStringTest1000 (14719.97001409762,14719.97 zł)" computerName="DESKTOP-5URQ9PB" duration="00:00:00.0000062" startTime="2022-06-13T21:12:26.3325711+02:00" endTime="2022-06-13T21:12:26.3326375+02:00" testType="13cdc9d9-ddb5-4fa4-a97d-d965ccfc6d4b" outcome="Passed" testListId="8c84fa94-04c1-424b-9868-57a2d4851a1d" relativeResultsDirectory="1c527a64-559a-4e6e-bb84-206b1b14f153" />
    <UnitTestResult executionId="acfe2fd8-7cdd-4660-8453-813895896a49" testId="d19dc55a-bc70-4385-9a69-b2c21dbcbba1" testName="FormatToStringTest1000 (14712.754747761765,14712.75 zł)" computerName="DESKTOP-5URQ9PB" duration="00:00:00.0000062" startTime="2022-06-13T21:12:26.5472375+02:00" endTime="2022-06-13T21:12:26.5473043+02:00" testType="13cdc9d9-ddb5-4fa4-a97d-d965ccfc6d4b" outcome="Passed" testListId="8c84fa94-04c1-424b-9868-57a2d4851a1d" relativeResultsDirectory="acfe2fd8-7cdd-4660-8453-813895896a49" />
    <UnitTestResult executionId="79fe4ea2-040e-47f9-8dbe-2b532b34b633" testId="3b5ba983-36d1-4df0-8aba-18e0d0364446" testName="FormatToStringTest1000 (28987.862854782896,28987.86 zł)" computerName="DESKTOP-5URQ9PB" duration="00:00:00.0000061" startTime="2022-06-13T21:12:26.5453532+02:00" endTime="2022-06-13T21:12:26.5454176+02:00" testType="13cdc9d9-ddb5-4fa4-a97d-d965ccfc6d4b" outcome="Passed" testListId="8c84fa94-04c1-424b-9868-57a2d4851a1d" relativeResultsDirectory="79fe4ea2-040e-47f9-8dbe-2b532b34b633" />
    <UnitTestResult executionId="5b89ee54-53c9-4ebc-bd5c-54eb1ee2bdf9" testId="1d2cc8dc-b7cb-47a6-a850-5186e5cbd12b" testName="FormatToStringTest1000 (748.6264857065987,748.63 zł)" computerName="DESKTOP-5URQ9PB" duration="00:00:00.0000061" startTime="2022-06-13T21:12:26.4370800+02:00" endTime="2022-06-13T21:12:26.4371523+02:00" testType="13cdc9d9-ddb5-4fa4-a97d-d965ccfc6d4b" outcome="Passed" testListId="8c84fa94-04c1-424b-9868-57a2d4851a1d" relativeResultsDirectory="5b89ee54-53c9-4ebc-bd5c-54eb1ee2bdf9" />
    <UnitTestResult executionId="490633da-3916-4cf5-87b7-f3b325c3bf7e" testId="bd72a676-5531-4a3f-9646-70893541fc67" testName="FormatToStringTest1000 (74514.06270644537,74514.06 zł)" computerName="DESKTOP-5URQ9PB" duration="00:00:00.0000126" startTime="2022-06-13T21:12:26.2986054+02:00" endTime="2022-06-13T21:12:26.2987702+02:00" testType="13cdc9d9-ddb5-4fa4-a97d-d965ccfc6d4b" outcome="Passed" testListId="8c84fa94-04c1-424b-9868-57a2d4851a1d" relativeResultsDirectory="490633da-3916-4cf5-87b7-f3b325c3bf7e" />
    <UnitTestResult executionId="0ae58926-28cc-4150-9c6e-8c8d586fc33c" testId="b62eaf68-2a24-49ce-aa88-1091f91ef3f1" testName="FormatToStringTest1000 (30626.373939456127,30626.37 zł)" computerName="DESKTOP-5URQ9PB" duration="00:00:00.0000063" startTime="2022-06-13T21:12:26.3026595+02:00" endTime="2022-06-13T21:12:26.3027327+02:00" testType="13cdc9d9-ddb5-4fa4-a97d-d965ccfc6d4b" outcome="Passed" testListId="8c84fa94-04c1-424b-9868-57a2d4851a1d" relativeResultsDirectory="0ae58926-28cc-4150-9c6e-8c8d586fc33c" />
    <UnitTestResult executionId="a79c21fc-16b5-471b-93e3-535791dafebc" testId="a5c52567-4991-4935-b701-8f9b88ef2ba9" testName="FormatToStringTest1000 (68011.49219071423,68011.49 zł)" computerName="DESKTOP-5URQ9PB" duration="00:00:00.0000063" startTime="2022-06-13T21:12:26.5090392+02:00" endTime="2022-06-13T21:12:26.5091103+02:00" testType="13cdc9d9-ddb5-4fa4-a97d-d965ccfc6d4b" outcome="Passed" testListId="8c84fa94-04c1-424b-9868-57a2d4851a1d" relativeResultsDirectory="a79c21fc-16b5-471b-93e3-535791dafebc" />
    <UnitTestResult executionId="efb12668-3995-4043-8771-c6fd4afe29c3" testId="a030da6e-c0fb-44e7-926f-c0d808775068" testName="FormatToStringTest1000 (59768.02667973611,59768.03 zł)" computerName="DESKTOP-5URQ9PB" duration="00:00:00.0000064" startTime="2022-06-13T21:12:26.4490531+02:00" endTime="2022-06-13T21:12:26.4491207+02:00" testType="13cdc9d9-ddb5-4fa4-a97d-d965ccfc6d4b" outcome="Passed" testListId="8c84fa94-04c1-424b-9868-57a2d4851a1d" relativeResultsDirectory="efb12668-3995-4043-8771-c6fd4afe29c3" />
    <UnitTestResult executionId="0fa68a83-6eff-4a2f-96bc-2786d379824c" testId="7c7a3fc6-855f-42d3-870e-c5a2e95e5b5b" testName="FormatToStringTest1000 (45930.2386782068,45930.24 zł)" computerName="DESKTOP-5URQ9PB" duration="00:00:00.0000063" startTime="2022-06-13T21:12:26.3024759+02:00" endTime="2022-06-13T21:12:26.3025466+02:00" testType="13cdc9d9-ddb5-4fa4-a97d-d965ccfc6d4b" outcome="Passed" testListId="8c84fa94-04c1-424b-9868-57a2d4851a1d" relativeResultsDirectory="0fa68a83-6eff-4a2f-96bc-2786d379824c" />
    <UnitTestResult executionId="f606a56e-d71e-4495-b1a5-0707ae0eda6a" testId="384ff18b-bda8-40fe-b418-2d4afd0ef1fc" testName="FormatToStringTest1000 (39178.05988345298,39178.06 zł)" computerName="DESKTOP-5URQ9PB" duration="00:00:00.0000063" startTime="2022-06-13T21:12:26.2919777+02:00" endTime="2022-06-13T21:12:26.2920516+02:00" testType="13cdc9d9-ddb5-4fa4-a97d-d965ccfc6d4b" outcome="Passed" testListId="8c84fa94-04c1-424b-9868-57a2d4851a1d" relativeResultsDirectory="f606a56e-d71e-4495-b1a5-0707ae0eda6a" />
    <UnitTestResult executionId="885047e3-12b7-40a0-86ce-7f91ceea4f48" testId="3dba0731-651b-4ac2-96d8-7b5e20dc1e02" testName="FormatToStringTest1000 (13455.521105358153,13455.52 zł)" computerName="DESKTOP-5URQ9PB" duration="00:00:00.0000067" startTime="2022-06-13T21:12:26.5474033+02:00" endTime="2022-06-13T21:12:26.5474678+02:00" testType="13cdc9d9-ddb5-4fa4-a97d-d965ccfc6d4b" outcome="Passed" testListId="8c84fa94-04c1-424b-9868-57a2d4851a1d" relativeResultsDirectory="885047e3-12b7-40a0-86ce-7f91ceea4f48" />
    <UnitTestResult executionId="9e93c416-4fab-4036-8348-3dbd88c3b517" testId="d430d581-79d0-4d35-93ae-b07b2513fde1" testName="FormatToStringTest1000 (20146.183073329827,20146.18 zł)" computerName="DESKTOP-5URQ9PB" duration="00:00:00.0000062" startTime="2022-06-13T21:12:26.3358707+02:00" endTime="2022-06-13T21:12:26.3359370+02:00" testType="13cdc9d9-ddb5-4fa4-a97d-d965ccfc6d4b" outcome="Passed" testListId="8c84fa94-04c1-424b-9868-57a2d4851a1d" relativeResultsDirectory="9e93c416-4fab-4036-8348-3dbd88c3b517" />
    <UnitTestResult executionId="3fd1d389-143c-4c51-b920-a1489936a948" testId="39d37d24-8a9a-4c6c-b4de-ddf766115559" testName="FormatToStringTest1000 (25288.32036814574,25288.32 zł)" computerName="DESKTOP-5URQ9PB" duration="00:00:00.0000078" startTime="2022-06-13T21:12:26.5043499+02:00" endTime="2022-06-13T21:12:26.5044802+02:00" testType="13cdc9d9-ddb5-4fa4-a97d-d965ccfc6d4b" outcome="Passed" testListId="8c84fa94-04c1-424b-9868-57a2d4851a1d" relativeResultsDirectory="3fd1d389-143c-4c51-b920-a1489936a948" />
    <UnitTestResult executionId="b8b6bd5c-5de9-4858-87a4-60df7d042cb4" testId="d5bd6ad4-7c0c-4a6b-aa37-d3608e6d8b77" testName="FormatToStringTest1000 (16597.22844427788,16597.23 zł)" computerName="DESKTOP-5URQ9PB" duration="00:00:00.0000064" startTime="2022-06-13T21:12:26.3290144+02:00" endTime="2022-06-13T21:12:26.3290818+02:00" testType="13cdc9d9-ddb5-4fa4-a97d-d965ccfc6d4b" outcome="Passed" testListId="8c84fa94-04c1-424b-9868-57a2d4851a1d" relativeResultsDirectory="b8b6bd5c-5de9-4858-87a4-60df7d042cb4" />
    <UnitTestResult executionId="5e48bf4f-6bcd-4975-ae14-a45f462caa7b" testId="fc8cd2a0-2382-446d-977f-c676ab8b705b" testName="FormatToStringTest1000 (88489.14069749469,88489.14 zł)" computerName="DESKTOP-5URQ9PB" duration="00:00:00.0000074" startTime="2022-06-13T21:12:26.5857465+02:00" endTime="2022-06-13T21:12:26.5858252+02:00" testType="13cdc9d9-ddb5-4fa4-a97d-d965ccfc6d4b" outcome="Passed" testListId="8c84fa94-04c1-424b-9868-57a2d4851a1d" relativeResultsDirectory="5e48bf4f-6bcd-4975-ae14-a45f462caa7b" />
    <UnitTestResult executionId="c139138c-9ec1-4530-abcb-ec6006e131d6" testId="3cddf6d0-b287-468b-96c7-281410349b09" testName="FormatToStringTest1000 (30199.386730006612,30199.39 zł)" computerName="DESKTOP-5URQ9PB" duration="00:00:00.0000063" startTime="2022-06-13T21:12:26.5666317+02:00" endTime="2022-06-13T21:12:26.5666971+02:00" testType="13cdc9d9-ddb5-4fa4-a97d-d965ccfc6d4b" outcome="Passed" testListId="8c84fa94-04c1-424b-9868-57a2d4851a1d" relativeResultsDirectory="c139138c-9ec1-4530-abcb-ec6006e131d6" />
    <UnitTestResult executionId="0e4f9da1-d263-4891-b1b1-692e9fbc0b75" testId="dadff7c6-a79d-4867-8289-fa5a513068a4" testName="FormatToStringTest1000 (24957.469502810607,24957.47 zł)" computerName="DESKTOP-5URQ9PB" duration="00:00:00.0000147" startTime="2022-06-13T21:12:26.2696776+02:00" endTime="2022-06-13T21:12:26.2697638+02:00" testType="13cdc9d9-ddb5-4fa4-a97d-d965ccfc6d4b" outcome="Passed" testListId="8c84fa94-04c1-424b-9868-57a2d4851a1d" relativeResultsDirectory="0e4f9da1-d263-4891-b1b1-692e9fbc0b75" />
    <UnitTestResult executionId="3c83d821-1d4e-439c-93ee-232b24444021" testId="0a1f568f-aa6c-4411-8eb3-9f17b64f5fba" testName="FormatToStringTest1000 (9431.144757136304,9431.14 zł)" computerName="DESKTOP-5URQ9PB" duration="00:00:00.0000062" startTime="2022-06-13T21:12:26.3153601+02:00" endTime="2022-06-13T21:12:26.3154264+02:00" testType="13cdc9d9-ddb5-4fa4-a97d-d965ccfc6d4b" outcome="Passed" testListId="8c84fa94-04c1-424b-9868-57a2d4851a1d" relativeResultsDirectory="3c83d821-1d4e-439c-93ee-232b24444021" />
    <UnitTestResult executionId="77d777cf-de07-4895-9965-1b84c4bef62b" testId="df2d116b-2a21-4d36-807c-18aa95622b0e" testName="FormatToStringTest1000 (272.5621069118204,272.56 zł)" computerName="DESKTOP-5URQ9PB" duration="00:00:00.0000062" startTime="2022-06-13T21:12:26.4584191+02:00" endTime="2022-06-13T21:12:26.4584857+02:00" testType="13cdc9d9-ddb5-4fa4-a97d-d965ccfc6d4b" outcome="Passed" testListId="8c84fa94-04c1-424b-9868-57a2d4851a1d" relativeResultsDirectory="77d777cf-de07-4895-9965-1b84c4bef62b" />
    <UnitTestResult executionId="6c61fd09-16b7-42e0-b3b2-d593edf15185" testId="5c29040c-fe91-4fa0-b7e3-8f0a1f5a8b69" testName="FormatToStringTest1000 (57525.72988993569,57525.73 zł)" computerName="DESKTOP-5URQ9PB" duration="00:00:00.0000063" startTime="2022-06-13T21:12:26.4690025+02:00" endTime="2022-06-13T21:12:26.4690688+02:00" testType="13cdc9d9-ddb5-4fa4-a97d-d965ccfc6d4b" outcome="Passed" testListId="8c84fa94-04c1-424b-9868-57a2d4851a1d" relativeResultsDirectory="6c61fd09-16b7-42e0-b3b2-d593edf15185" />
    <UnitTestResult executionId="997571ec-901b-4347-852b-cf86b090418c" testId="aafe493e-e129-458e-acdb-df40909726e9" testName="FormatToStringTest1000 (10066.059180456241,10066.06 zł)" computerName="DESKTOP-5URQ9PB" duration="00:00:00.0000063" startTime="2022-06-13T21:12:26.5592284+02:00" endTime="2022-06-13T21:12:26.5592946+02:00" testType="13cdc9d9-ddb5-4fa4-a97d-d965ccfc6d4b" outcome="Passed" testListId="8c84fa94-04c1-424b-9868-57a2d4851a1d" relativeResultsDirectory="997571ec-901b-4347-852b-cf86b090418c" />
    <UnitTestResult executionId="ed45cd9f-3bef-4c24-9223-e798b496510c" testId="eff9837b-9ecb-438b-8224-3f0616ec5b04" testName="FormatToStringTest1000 (2292.8331871111104,2292.83 zł)" computerName="DESKTOP-5URQ9PB" duration="00:00:00.0000065" startTime="2022-06-13T21:12:26.2952963+02:00" endTime="2022-06-13T21:12:26.2953690+02:00" testType="13cdc9d9-ddb5-4fa4-a97d-d965ccfc6d4b" outcome="Passed" testListId="8c84fa94-04c1-424b-9868-57a2d4851a1d" relativeResultsDirectory="ed45cd9f-3bef-4c24-9223-e798b496510c" />
    <UnitTestResult executionId="991621c6-7479-4576-899f-28d54bcfb17d" testId="31272813-a2bb-426f-b058-c868b1542f29" testName="FormatToStringTest1000 (4002.4180488374172,4002.42 zł)" computerName="DESKTOP-5URQ9PB" duration="00:00:00.0000062" startTime="2022-06-13T21:12:26.5668769+02:00" endTime="2022-06-13T21:12:26.5669411+02:00" testType="13cdc9d9-ddb5-4fa4-a97d-d965ccfc6d4b" outcome="Passed" testListId="8c84fa94-04c1-424b-9868-57a2d4851a1d" relativeResultsDirectory="991621c6-7479-4576-899f-28d54bcfb17d" />
    <UnitTestResult executionId="ff7b64da-9795-4002-a1c4-73ce182bb3d0" testId="d2a65299-9076-4d96-961b-baac44308e9d" testName="FormatToStringTest1000 (10174.652801423637,10174.65 zł)" computerName="DESKTOP-5URQ9PB" duration="00:00:00.0000069" startTime="2022-06-13T21:12:26.4961338+02:00" endTime="2022-06-13T21:12:26.4962272+02:00" testType="13cdc9d9-ddb5-4fa4-a97d-d965ccfc6d4b" outcome="Passed" testListId="8c84fa94-04c1-424b-9868-57a2d4851a1d" relativeResultsDirectory="ff7b64da-9795-4002-a1c4-73ce182bb3d0" />
    <UnitTestResult executionId="5de21a24-6f3e-49fe-bf1a-f352ea38b90b" testId="7f4ece04-0eb3-45a4-9124-4d2ff87b3cd0" testName="FormatToStringTest1000 (26945.125386551546,26945.13 zł)" computerName="DESKTOP-5URQ9PB" duration="00:00:00.0000061" startTime="2022-06-13T21:12:26.3122001+02:00" endTime="2022-06-13T21:12:26.3122672+02:00" testType="13cdc9d9-ddb5-4fa4-a97d-d965ccfc6d4b" outcome="Passed" testListId="8c84fa94-04c1-424b-9868-57a2d4851a1d" relativeResultsDirectory="5de21a24-6f3e-49fe-bf1a-f352ea38b90b" />
    <UnitTestResult executionId="3df2eeea-b845-4c37-a4cb-d924e0056d47" testId="1563c0a6-c853-40a6-9dc9-3213f0872d9f" testName="FormatToStringTest1000 (90187.4082624374,90187.41 zł)" computerName="DESKTOP-5URQ9PB" duration="00:00:00.0000063" startTime="2022-06-13T21:12:26.5883015+02:00" endTime="2022-06-13T21:12:26.5883638+02:00" testType="13cdc9d9-ddb5-4fa4-a97d-d965ccfc6d4b" outcome="Passed" testListId="8c84fa94-04c1-424b-9868-57a2d4851a1d" relativeResultsDirectory="3df2eeea-b845-4c37-a4cb-d924e0056d47" />
    <UnitTestResult executionId="8473e949-aeb4-48e2-8bf0-961a97bda9ee" testId="021ef328-3b39-479d-8f32-c6cfb420e3f2" testName="FormatToStringTest1000 (3506.8456124108498,3506.85 zł)" computerName="DESKTOP-5URQ9PB" duration="00:00:00.0000077" startTime="2022-06-13T21:12:26.3208924+02:00" endTime="2022-06-13T21:12:26.3209713+02:00" testType="13cdc9d9-ddb5-4fa4-a97d-d965ccfc6d4b" outcome="Passed" testListId="8c84fa94-04c1-424b-9868-57a2d4851a1d" relativeResultsDirectory="8473e949-aeb4-48e2-8bf0-961a97bda9ee" />
    <UnitTestResult executionId="6e8676e1-c08f-4ef9-ae71-0475f2775f54" testId="6de80b06-8514-45b6-b73c-73e30d151f42" testName="FormatToStringTest1000 (10397.404523554447,10397.40 zł)" computerName="DESKTOP-5URQ9PB" duration="00:00:00.0000068" startTime="2022-06-13T21:12:26.5131281+02:00" endTime="2022-06-13T21:12:26.5132059+02:00" testType="13cdc9d9-ddb5-4fa4-a97d-d965ccfc6d4b" outcome="Passed" testListId="8c84fa94-04c1-424b-9868-57a2d4851a1d" relativeResultsDirectory="6e8676e1-c08f-4ef9-ae71-0475f2775f54" />
    <UnitTestResult executionId="d4823c87-776b-4f04-933e-fa3b0e064b3c" testId="dda21dda-86c1-4b36-b0e1-39adc981df9f" testName="FormatToStringTest1000 (12577.642620996872,12577.64 zł)" computerName="DESKTOP-5URQ9PB" duration="00:00:00.0000064" startTime="2022-06-13T21:12:26.3260952+02:00" endTime="2022-06-13T21:12:26.3261694+02:00" testType="13cdc9d9-ddb5-4fa4-a97d-d965ccfc6d4b" outcome="Passed" testListId="8c84fa94-04c1-424b-9868-57a2d4851a1d" relativeResultsDirectory="d4823c87-776b-4f04-933e-fa3b0e064b3c" />
    <UnitTestResult executionId="f1266a0c-1ab8-4386-8e28-dd995c3b228f" testId="4397379d-ef35-4d18-bbca-fd65281fcaa6" testName="FormatToStringTest1000 (1814.7218118955948,1814.72 zł)" computerName="DESKTOP-5URQ9PB" duration="00:00:00.0000063" startTime="2022-06-13T21:12:26.5807286+02:00" endTime="2022-06-13T21:12:26.5807934+02:00" testType="13cdc9d9-ddb5-4fa4-a97d-d965ccfc6d4b" outcome="Passed" testListId="8c84fa94-04c1-424b-9868-57a2d4851a1d" relativeResultsDirectory="f1266a0c-1ab8-4386-8e28-dd995c3b228f" />
    <UnitTestResult executionId="a2e3a34b-f8d5-451e-9544-215a9a9aff18" testId="9d297195-5645-4c51-a8ce-10c5affe2851" testName="FormatToStringTest1000 (7951.322730072458,7951.32 zł)" computerName="DESKTOP-5URQ9PB" duration="00:00:00.0000068" startTime="2022-06-13T21:12:26.3359542+02:00" endTime="2022-06-13T21:12:26.3360209+02:00" testType="13cdc9d9-ddb5-4fa4-a97d-d965ccfc6d4b" outcome="Passed" testListId="8c84fa94-04c1-424b-9868-57a2d4851a1d" relativeResultsDirectory="a2e3a34b-f8d5-451e-9544-215a9a9aff18" />
    <UnitTestResult executionId="762ddd58-a8e3-4079-ba1f-979c091b3d28" testId="98764ee0-4b88-4d37-a17e-e874aa46da75" testName="FormatToStringTest1000 (36320.770035296104,36320.77 zł)" computerName="DESKTOP-5URQ9PB" duration="00:00:00.0000066" startTime="2022-06-13T21:12:26.5645213+02:00" endTime="2022-06-13T21:12:26.5645900+02:00" testType="13cdc9d9-ddb5-4fa4-a97d-d965ccfc6d4b" outcome="Passed" testListId="8c84fa94-04c1-424b-9868-57a2d4851a1d" relativeResultsDirectory="762ddd58-a8e3-4079-ba1f-979c091b3d28" />
    <UnitTestResult executionId="2193e346-e4c2-40a8-9dbf-0bc819b54b5f" testId="7d9c647a-0744-457a-8099-7e5ad6500948" testName="FormatToStringTest1000 (56286.70397975702,56286.70 zł)" computerName="DESKTOP-5URQ9PB" duration="00:00:00.0000074" startTime="2022-06-13T21:12:26.5194137+02:00" endTime="2022-06-13T21:12:26.5194927+02:00" testType="13cdc9d9-ddb5-4fa4-a97d-d965ccfc6d4b" outcome="Passed" testListId="8c84fa94-04c1-424b-9868-57a2d4851a1d" relativeResultsDirectory="2193e346-e4c2-40a8-9dbf-0bc819b54b5f" />
    <UnitTestResult executionId="fadf273a-c1cd-4ae5-b18f-cbb5ea7c8319" testId="987f3fbc-d07a-4912-99e8-fa5272cd109c" testName="FormatToStringTest1000 (23282.56178903047,23282.56 zł)" computerName="DESKTOP-5URQ9PB" duration="00:00:00.0000065" startTime="2022-06-13T21:12:26.3541442+02:00" endTime="2022-06-13T21:12:26.3542183+02:00" testType="13cdc9d9-ddb5-4fa4-a97d-d965ccfc6d4b" outcome="Passed" testListId="8c84fa94-04c1-424b-9868-57a2d4851a1d" relativeResultsDirectory="fadf273a-c1cd-4ae5-b18f-cbb5ea7c8319" />
    <UnitTestResult executionId="451e8b3e-b5f1-4097-bd75-007022ec8bb8" testId="c3f2c91f-d2ff-43cd-af9f-5532e533aef2" testName="FormatToStringTest1000 (64887.45559046951,64887.46 zł)" computerName="DESKTOP-5URQ9PB" duration="00:00:00.0000063" startTime="2022-06-13T21:12:26.4112313+02:00" endTime="2022-06-13T21:12:26.4112983+02:00" testType="13cdc9d9-ddb5-4fa4-a97d-d965ccfc6d4b" outcome="Passed" testListId="8c84fa94-04c1-424b-9868-57a2d4851a1d" relativeResultsDirectory="451e8b3e-b5f1-4097-bd75-007022ec8bb8" />
    <UnitTestResult executionId="cdc7bb71-4673-417d-9a0e-3077e7270772" testId="cd41cffa-7450-4103-8af7-2cf85ba2db85" testName="FormatToStringTest1000 (44869.327020554025,44869.33 zł)" computerName="DESKTOP-5URQ9PB" duration="00:00:00.0000061" startTime="2022-06-13T21:12:26.3120273+02:00" endTime="2022-06-13T21:12:26.3120941+02:00" testType="13cdc9d9-ddb5-4fa4-a97d-d965ccfc6d4b" outcome="Passed" testListId="8c84fa94-04c1-424b-9868-57a2d4851a1d" relativeResultsDirectory="cdc7bb71-4673-417d-9a0e-3077e7270772" />
    <UnitTestResult executionId="c971ea08-90ce-4dd4-a443-423c9871230b" testId="910569e1-8342-4b75-a024-2ca218c95262" testName="FormatToStringTest1000 (32359.431438434138,32359.43 zł)" computerName="DESKTOP-5URQ9PB" duration="00:00:00.0000062" startTime="2022-06-13T21:12:26.5454344+02:00" endTime="2022-06-13T21:12:26.5454988+02:00" testType="13cdc9d9-ddb5-4fa4-a97d-d965ccfc6d4b" outcome="Passed" testListId="8c84fa94-04c1-424b-9868-57a2d4851a1d" relativeResultsDirectory="c971ea08-90ce-4dd4-a443-423c9871230b" />
    <UnitTestResult executionId="ced50d71-7611-4b6e-981b-0cac59fe10b4" testId="26cfdc08-4be0-458b-a799-d68015a362f9" testName="FormatToStringTest1000 (6809.40195803037,6809.40 zł)" computerName="DESKTOP-5URQ9PB" duration="00:00:00.0000194" startTime="2022-06-13T21:12:26.2247425+02:00" endTime="2022-06-13T21:12:26.2249798+02:00" testType="13cdc9d9-ddb5-4fa4-a97d-d965ccfc6d4b" outcome="Passed" testListId="8c84fa94-04c1-424b-9868-57a2d4851a1d" relativeResultsDirectory="ced50d71-7611-4b6e-981b-0cac59fe10b4" />
    <UnitTestResult executionId="843aeb8c-5fbf-464b-8c64-71feac1b19a1" testId="d197a4fb-59f6-4f42-8af3-d89956b17668" testName="FormatToStringTest1000 (238.1379397484185,238.14 zł)" computerName="DESKTOP-5URQ9PB" duration="00:00:00.0000064" startTime="2022-06-13T21:12:26.3673149+02:00" endTime="2022-06-13T21:12:26.3673889+02:00" testType="13cdc9d9-ddb5-4fa4-a97d-d965ccfc6d4b" outcome="Passed" testListId="8c84fa94-04c1-424b-9868-57a2d4851a1d" relativeResultsDirectory="843aeb8c-5fbf-464b-8c64-71feac1b19a1" />
    <UnitTestResult executionId="2377cb2a-c100-4f18-9642-4f68a0b4c356" testId="133e66e3-8221-46b1-a46f-5acfadd9ee7f" testName="FormatToStringTest1000 (54275.73209373408,54275.73 zł)" computerName="DESKTOP-5URQ9PB" duration="00:00:00.0000063" startTime="2022-06-13T21:12:26.5576976+02:00" endTime="2022-06-13T21:12:26.5577623+02:00" testType="13cdc9d9-ddb5-4fa4-a97d-d965ccfc6d4b" outcome="Passed" testListId="8c84fa94-04c1-424b-9868-57a2d4851a1d" relativeResultsDirectory="2377cb2a-c100-4f18-9642-4f68a0b4c356" />
    <UnitTestResult executionId="a1dd6ffa-2ea5-4260-83fd-833bce3db01e" testId="62e867a0-2ef9-4e1d-a3d3-cdcb8a5fd454" testName="FormatToStringTest1000 (7592.950837113406,7592.95 zł)" computerName="DESKTOP-5URQ9PB" duration="00:00:00.0000064" startTime="2022-06-13T21:12:26.3021953+02:00" endTime="2022-06-13T21:12:26.3022723+02:00" testType="13cdc9d9-ddb5-4fa4-a97d-d965ccfc6d4b" outcome="Passed" testListId="8c84fa94-04c1-424b-9868-57a2d4851a1d" relativeResultsDirectory="a1dd6ffa-2ea5-4260-83fd-833bce3db01e" />
    <UnitTestResult executionId="de4292ef-9e64-4eaa-852a-a654d8d7197f" testId="10afcefa-1280-4b3d-9b72-ab272290322a" testName="FormatToStringTest1000 (32051.900532446758,32051.90 zł)" computerName="DESKTOP-5URQ9PB" duration="00:00:00.0000102" startTime="2022-06-13T21:12:26.3258458+02:00" endTime="2022-06-13T21:12:26.3259800+02:00" testType="13cdc9d9-ddb5-4fa4-a97d-d965ccfc6d4b" outcome="Passed" testListId="8c84fa94-04c1-424b-9868-57a2d4851a1d" relativeResultsDirectory="de4292ef-9e64-4eaa-852a-a654d8d7197f" />
    <UnitTestResult executionId="2cecfeb8-7b01-4f31-ad39-ee4cb7a6eb5e" testId="83e083e9-2088-40af-af2b-4517d936bfac" testName="FormatToStringTest1000 (14218.204344010543,14218.20 zł)" computerName="DESKTOP-5URQ9PB" duration="00:00:00.0000061" startTime="2022-06-13T21:12:26.5554214+02:00" endTime="2022-06-13T21:12:26.5554853+02:00" testType="13cdc9d9-ddb5-4fa4-a97d-d965ccfc6d4b" outcome="Passed" testListId="8c84fa94-04c1-424b-9868-57a2d4851a1d" relativeResultsDirectory="2cecfeb8-7b01-4f31-ad39-ee4cb7a6eb5e" />
    <UnitTestResult executionId="9fc3579d-55b9-427f-8589-bb395faf2461" testId="97667cc2-b22e-4bc9-a767-bd440bec32d6" testName="FormatToStringTest1000 (58191.92113629585,58191.92 zł)" computerName="DESKTOP-5URQ9PB" duration="00:00:00.0000065" startTime="2022-06-13T21:12:26.5091275+02:00" endTime="2022-06-13T21:12:26.5092046+02:00" testType="13cdc9d9-ddb5-4fa4-a97d-d965ccfc6d4b" outcome="Passed" testListId="8c84fa94-04c1-424b-9868-57a2d4851a1d" relativeResultsDirectory="9fc3579d-55b9-427f-8589-bb395faf2461" />
    <UnitTestResult executionId="95df71b8-0d54-44c8-81f2-ae27c3289f4c" testId="02f8923f-f10c-494f-bd9b-2f4570e5d604" testName="FormatToStringTest1000 (1549.6599114973376,1549.66 zł)" computerName="DESKTOP-5URQ9PB" duration="00:00:00.0000064" startTime="2022-06-13T21:12:26.5859279+02:00" endTime="2022-06-13T21:12:26.5859931+02:00" testType="13cdc9d9-ddb5-4fa4-a97d-d965ccfc6d4b" outcome="Passed" testListId="8c84fa94-04c1-424b-9868-57a2d4851a1d" relativeResultsDirectory="95df71b8-0d54-44c8-81f2-ae27c3289f4c" />
    <UnitTestResult executionId="cf877837-cfaf-4f73-9b6c-140597e8aabd" testId="6e0a23ad-b233-4014-8468-d23633dd83eb" testName="FormatToStringTest1000 (69373.32129976773,69373.32 zł)" computerName="DESKTOP-5URQ9PB" duration="00:00:00.0000064" startTime="2022-06-13T21:12:26.4401381+02:00" endTime="2022-06-13T21:12:26.4402143+02:00" testType="13cdc9d9-ddb5-4fa4-a97d-d965ccfc6d4b" outcome="Passed" testListId="8c84fa94-04c1-424b-9868-57a2d4851a1d" relativeResultsDirectory="cf877837-cfaf-4f73-9b6c-140597e8aabd" />
    <UnitTestResult executionId="a1191937-8b18-44fd-a3f9-51dfceb0c107" testId="5eb59e5d-a5ce-4ab5-811c-cb90481d6712" testName="FormatToStringTest1000 (9897.705953436767,9897.71 zł)" computerName="DESKTOP-5URQ9PB" duration="00:00:00.0000066" startTime="2022-06-13T21:12:26.4614117+02:00" endTime="2022-06-13T21:12:26.4614916+02:00" testType="13cdc9d9-ddb5-4fa4-a97d-d965ccfc6d4b" outcome="Passed" testListId="8c84fa94-04c1-424b-9868-57a2d4851a1d" relativeResultsDirectory="a1191937-8b18-44fd-a3f9-51dfceb0c107" />
    <UnitTestResult executionId="be0817d8-13dd-4ecc-bfad-59d3040d97ce" testId="99840758-cb19-4718-b128-fdf27d6125d6" testName="FormatToStringTest1000 (22678.795878462864,22678.80 zł)" computerName="DESKTOP-5URQ9PB" duration="00:00:00.0000070" startTime="2022-06-13T21:12:26.5375599+02:00" endTime="2022-06-13T21:12:26.5376362+02:00" testType="13cdc9d9-ddb5-4fa4-a97d-d965ccfc6d4b" outcome="Passed" testListId="8c84fa94-04c1-424b-9868-57a2d4851a1d" relativeResultsDirectory="be0817d8-13dd-4ecc-bfad-59d3040d97ce" />
    <UnitTestResult executionId="ef2f5cc5-a8b1-4492-a265-7928eb523899" testId="58d99ca1-0770-4ffa-99d9-81b8cae0cf19" testName="FormatToStringTest1000 (35248.53555717996,35248.54 zł)" computerName="DESKTOP-5URQ9PB" duration="00:00:00.0000063" startTime="2022-06-13T21:12:26.5923284+02:00" endTime="2022-06-13T21:12:26.5923935+02:00" testType="13cdc9d9-ddb5-4fa4-a97d-d965ccfc6d4b" outcome="Passed" testListId="8c84fa94-04c1-424b-9868-57a2d4851a1d" relativeResultsDirectory="ef2f5cc5-a8b1-4492-a265-7928eb523899" />
    <UnitTestResult executionId="f1e746ac-cec6-4441-b96c-5f508e372a58" testId="ed4e5d7c-6029-4d48-9d86-be91dd24cad1" testName="FormatToStringTest1000 (134.1514758393874,134.15 zł)" computerName="DESKTOP-5URQ9PB" duration="00:00:00.0000062" startTime="2022-06-13T21:12:26.5178515+02:00" endTime="2022-06-13T21:12:26.5179168+02:00" testType="13cdc9d9-ddb5-4fa4-a97d-d965ccfc6d4b" outcome="Passed" testListId="8c84fa94-04c1-424b-9868-57a2d4851a1d" relativeResultsDirectory="f1e746ac-cec6-4441-b96c-5f508e372a58" />
    <UnitTestResult executionId="bf8b33b5-380a-4ccc-9edc-489cf57074b3" testId="b2e210d5-d34a-4ece-b688-191985e08086" testName="FormatToStringTest1000 (65204.90483536055,65204.90 zł)" computerName="DESKTOP-5URQ9PB" duration="00:00:00.0000071" startTime="2022-06-13T21:12:26.5765053+02:00" endTime="2022-06-13T21:12:26.5765810+02:00" testType="13cdc9d9-ddb5-4fa4-a97d-d965ccfc6d4b" outcome="Passed" testListId="8c84fa94-04c1-424b-9868-57a2d4851a1d" relativeResultsDirectory="bf8b33b5-380a-4ccc-9edc-489cf57074b3" />
    <UnitTestResult executionId="400b2a6a-8ad7-47b7-b3e3-f7d4c5aa91d6" testId="393adf1e-a1c8-4872-89be-376e0a9e48c7" testName="FormatToStringTest1000 (19873.59831658453,19873.60 zł)" computerName="DESKTOP-5URQ9PB" duration="00:00:00.0000063" startTime="2022-06-13T21:12:26.5377364+02:00" endTime="2022-06-13T21:12:26.5378011+02:00" testType="13cdc9d9-ddb5-4fa4-a97d-d965ccfc6d4b" outcome="Passed" testListId="8c84fa94-04c1-424b-9868-57a2d4851a1d" relativeResultsDirectory="400b2a6a-8ad7-47b7-b3e3-f7d4c5aa91d6" />
    <UnitTestResult executionId="815666b9-b970-47fd-9beb-5e4e64f1b9f1" testId="747b8c2c-256c-40ac-a20f-2d15eef91d83" testName="FormatToStringTest1000 (50644.690874327294,50644.69 zł)" computerName="DESKTOP-5URQ9PB" duration="00:00:00.0000063" startTime="2022-06-13T21:12:26.5476468+02:00" endTime="2022-06-13T21:12:26.5477111+02:00" testType="13cdc9d9-ddb5-4fa4-a97d-d965ccfc6d4b" outcome="Passed" testListId="8c84fa94-04c1-424b-9868-57a2d4851a1d" relativeResultsDirectory="815666b9-b970-47fd-9beb-5e4e64f1b9f1" />
    <UnitTestResult executionId="62fe47b8-1075-472b-8639-05725a82d7a0" testId="29aeb6a8-4a01-4b08-8b03-0d451057a991" testName="FormatToStringTest1000 (18023.78504577455,18023.79 zł)" computerName="DESKTOP-5URQ9PB" duration="00:00:00.0000062" startTime="2022-06-13T21:12:26.3543187+02:00" endTime="2022-06-13T21:12:26.3543849+02:00" testType="13cdc9d9-ddb5-4fa4-a97d-d965ccfc6d4b" outcome="Passed" testListId="8c84fa94-04c1-424b-9868-57a2d4851a1d" relativeResultsDirectory="62fe47b8-1075-472b-8639-05725a82d7a0" />
    <UnitTestResult executionId="76b01f73-22bf-4b55-8355-f3a63ee28039" testId="3daaaae7-3da8-4769-949a-4fe4ac185109" testName="FormatToStringTest1000 (67380.07704875062,67380.08 zł)" computerName="DESKTOP-5URQ9PB" duration="00:00:00.0000070" startTime="2022-06-13T21:12:26.3823001+02:00" endTime="2022-06-13T21:12:26.3823675+02:00" testType="13cdc9d9-ddb5-4fa4-a97d-d965ccfc6d4b" outcome="Passed" testListId="8c84fa94-04c1-424b-9868-57a2d4851a1d" relativeResultsDirectory="76b01f73-22bf-4b55-8355-f3a63ee28039" />
    <UnitTestResult executionId="e9f78ee3-af5c-4915-b063-2b6ce3990c68" testId="491429d5-0f0f-48f7-974f-8e2521c0773e" testName="FormatToStringTest1000 (5591.2222540617095,5591.22 zł)" computerName="DESKTOP-5URQ9PB" duration="00:00:00.0000062" startTime="2022-06-13T21:12:26.4587524+02:00" endTime="2022-06-13T21:12:26.4588193+02:00" testType="13cdc9d9-ddb5-4fa4-a97d-d965ccfc6d4b" outcome="Passed" testListId="8c84fa94-04c1-424b-9868-57a2d4851a1d" relativeResultsDirectory="e9f78ee3-af5c-4915-b063-2b6ce3990c68" />
    <UnitTestResult executionId="5575b5c5-b64c-49c5-a0ec-d984465fa9e1" testId="bdcdd74c-289b-4388-821f-0e2879a6dfa0" testName="FormatToStringTest1000 (29362.005930638876,29362.01 zł)" computerName="DESKTOP-5URQ9PB" duration="00:00:00.0000119" startTime="2022-06-13T21:12:26.3600879+02:00" endTime="2022-06-13T21:12:26.3602283+02:00" testType="13cdc9d9-ddb5-4fa4-a97d-d965ccfc6d4b" outcome="Passed" testListId="8c84fa94-04c1-424b-9868-57a2d4851a1d" relativeResultsDirectory="5575b5c5-b64c-49c5-a0ec-d984465fa9e1" />
    <UnitTestResult executionId="16863672-91fe-4ca1-a07c-9e74fb020b48" testId="62ae8f7e-0353-4015-ab8a-fea7cf202d01" testName="FormatToStringTest1000 (14237.13226245955,14237.13 zł)" computerName="DESKTOP-5URQ9PB" duration="00:00:00.0000071" startTime="2022-06-13T21:12:26.2695028+02:00" endTime="2022-06-13T21:12:26.2695738+02:00" testType="13cdc9d9-ddb5-4fa4-a97d-d965ccfc6d4b" outcome="Passed" testListId="8c84fa94-04c1-424b-9868-57a2d4851a1d" relativeResultsDirectory="16863672-91fe-4ca1-a07c-9e74fb020b48" />
    <UnitTestResult executionId="b5dda68e-5bdc-44c4-8a1a-534028d8f590" testId="c44cefa7-3ee6-421f-978e-9d76ee8b2e67" testName="FormatToStringTest1000 (45340.017357165,45340.02 zł)" computerName="DESKTOP-5URQ9PB" duration="00:00:00.0000064" startTime="2022-06-13T21:12:26.4428356+02:00" endTime="2022-06-13T21:12:26.4429020+02:00" testType="13cdc9d9-ddb5-4fa4-a97d-d965ccfc6d4b" outcome="Passed" testListId="8c84fa94-04c1-424b-9868-57a2d4851a1d" relativeResultsDirectory="b5dda68e-5bdc-44c4-8a1a-534028d8f590" />
    <UnitTestResult executionId="b277f025-66d3-4a8a-9ffe-cb6bff942411" testId="02530440-35f8-413b-9f9f-78ff50587240" testName="FormatToStringTest1000 (8211.920994553679,8211.92 zł)" computerName="DESKTOP-5URQ9PB" duration="00:00:00.0000061" startTime="2022-06-13T21:12:26.3887738+02:00" endTime="2022-06-13T21:12:26.3888398+02:00" testType="13cdc9d9-ddb5-4fa4-a97d-d965ccfc6d4b" outcome="Passed" testListId="8c84fa94-04c1-424b-9868-57a2d4851a1d" relativeResultsDirectory="b277f025-66d3-4a8a-9ffe-cb6bff942411" />
    <UnitTestResult executionId="ceb36b58-10fb-4d6b-a5b1-61141507b68e" testId="b050618d-960f-4b15-8da8-8d0a541d1967" testName="FormatToStringTest1000 (1662.8482664818168,1662.85 zł)" computerName="DESKTOP-5URQ9PB" duration="00:00:00.0000086" startTime="2022-06-13T21:12:26.5087521+02:00" endTime="2022-06-13T21:12:26.5088483+02:00" testType="13cdc9d9-ddb5-4fa4-a97d-d965ccfc6d4b" outcome="Passed" testListId="8c84fa94-04c1-424b-9868-57a2d4851a1d" relativeResultsDirectory="ceb36b58-10fb-4d6b-a5b1-61141507b68e" />
    <UnitTestResult executionId="3f31323b-4dee-456c-a10c-c90256db455b" testId="04cd19c0-2796-40b0-a6b9-66959ed12369" testName="FormatToStringTest1000 (11.555284778846096,11.56 zł)" computerName="DESKTOP-5URQ9PB" duration="00:00:00.0000060" startTime="2022-06-13T21:12:26.5557419+02:00" endTime="2022-06-13T21:12:26.5558059+02:00" testType="13cdc9d9-ddb5-4fa4-a97d-d965ccfc6d4b" outcome="Passed" testListId="8c84fa94-04c1-424b-9868-57a2d4851a1d" relativeResultsDirectory="3f31323b-4dee-456c-a10c-c90256db455b" />
    <UnitTestResult executionId="fccd1a7e-30f1-4b7a-84db-ae7b7ab3fa4b" testId="87f75ea4-917d-4370-ab3a-537d99b6b1cb" testName="FormatToStringTest1000 (3694.480496819355,3694.48 zł)" computerName="DESKTOP-5URQ9PB" duration="00:00:00.0000063" startTime="2022-06-13T21:12:26.3416023+02:00" endTime="2022-06-13T21:12:26.3416697+02:00" testType="13cdc9d9-ddb5-4fa4-a97d-d965ccfc6d4b" outcome="Passed" testListId="8c84fa94-04c1-424b-9868-57a2d4851a1d" relativeResultsDirectory="fccd1a7e-30f1-4b7a-84db-ae7b7ab3fa4b" />
    <UnitTestResult executionId="44e2dc85-c067-4caf-a99e-b2f62955978a" testId="4e30bbe7-d3db-4336-804e-4470c5040485" testName="FormatToStringTest1000 (486.15309567942893,486.15 zł)" computerName="DESKTOP-5URQ9PB" duration="00:00:00.0000062" startTime="2022-06-13T21:12:26.3977982+02:00" endTime="2022-06-13T21:12:26.3978647+02:00" testType="13cdc9d9-ddb5-4fa4-a97d-d965ccfc6d4b" outcome="Passed" testListId="8c84fa94-04c1-424b-9868-57a2d4851a1d" relativeResultsDirectory="44e2dc85-c067-4caf-a99e-b2f62955978a" />
    <UnitTestResult executionId="2b6c10f0-bfd4-4756-b27e-566f752cf894" testId="fc69a999-c23a-4a57-8fd4-727a008f5208" testName="FormatToStringTest1000 (25908.345463821825,25908.35 zł)" computerName="DESKTOP-5URQ9PB" duration="00:00:00.0000063" startTime="2022-06-13T21:12:26.5157999+02:00" endTime="2022-06-13T21:12:26.5158656+02:00" testType="13cdc9d9-ddb5-4fa4-a97d-d965ccfc6d4b" outcome="Passed" testListId="8c84fa94-04c1-424b-9868-57a2d4851a1d" relativeResultsDirectory="2b6c10f0-bfd4-4756-b27e-566f752cf894" />
    <UnitTestResult executionId="680ae8db-5055-442f-9622-19b4d587f0e7" testId="f11b95a0-c53f-4ba1-9e60-a9356085061c" testName="FormatToStringTest1000 (2835.0728237931958,2835.07 zł)" computerName="DESKTOP-5URQ9PB" duration="00:00:00.0000062" startTime="2022-06-13T21:12:26.4966677+02:00" endTime="2022-06-13T21:12:26.4967342+02:00" testType="13cdc9d9-ddb5-4fa4-a97d-d965ccfc6d4b" outcome="Passed" testListId="8c84fa94-04c1-424b-9868-57a2d4851a1d" relativeResultsDirectory="680ae8db-5055-442f-9622-19b4d587f0e7" />
    <UnitTestResult executionId="cd727b1e-90a3-4fb6-ad6e-bcbec8f679a0" testId="0246a36a-934c-46ed-9cd9-dfc146418602" testName="FormatToStringTest1000 (23548.88067407016,23548.88 zł)" computerName="DESKTOP-5URQ9PB" duration="00:00:00.0000065" startTime="2022-06-13T21:12:26.3643204+02:00" endTime="2022-06-13T21:12:26.3643973+02:00" testType="13cdc9d9-ddb5-4fa4-a97d-d965ccfc6d4b" outcome="Passed" testListId="8c84fa94-04c1-424b-9868-57a2d4851a1d" relativeResultsDirectory="cd727b1e-90a3-4fb6-ad6e-bcbec8f679a0" />
    <UnitTestResult executionId="5c6747c3-8f48-4a71-8ab3-3682f898fdba" testId="b376fd9b-52de-4be6-92fa-151ef396fa59" testName="FormatToStringTest1000 (7377.5644264340235,7377.56 zł)" computerName="DESKTOP-5URQ9PB" duration="00:00:00.0000070" startTime="2022-06-13T21:12:26.5647737+02:00" endTime="2022-06-13T21:12:26.5648392+02:00" testType="13cdc9d9-ddb5-4fa4-a97d-d965ccfc6d4b" outcome="Passed" testListId="8c84fa94-04c1-424b-9868-57a2d4851a1d" relativeResultsDirectory="5c6747c3-8f48-4a71-8ab3-3682f898fdba" />
    <UnitTestResult executionId="f40d6612-3a6c-401e-8b99-c6bf7bf81cb7" testId="0097579f-f371-4757-a37c-021e91962098" testName="FormatToStringTest1000 (51408.294679657694,51408.29 zł)" computerName="DESKTOP-5URQ9PB" duration="00:00:00.0000134" startTime="2022-06-13T21:12:26.3457234+02:00" endTime="2022-06-13T21:12:26.3459197+02:00" testType="13cdc9d9-ddb5-4fa4-a97d-d965ccfc6d4b" outcome="Passed" testListId="8c84fa94-04c1-424b-9868-57a2d4851a1d" relativeResultsDirectory="f40d6612-3a6c-401e-8b99-c6bf7bf81cb7" />
    <UnitTestResult executionId="a05b4377-f23f-4dd3-9939-5f6f8e56b5fe" testId="e5764de9-0f36-4052-a2f8-3af5b5d091d6" testName="FormatToStringTest1000 (11989.099505855282,11989.10 zł)" computerName="DESKTOP-5URQ9PB" duration="00:00:00.0000077" startTime="2022-06-13T21:12:26.5899754+02:00" endTime="2022-06-13T21:12:26.5900454+02:00" testType="13cdc9d9-ddb5-4fa4-a97d-d965ccfc6d4b" outcome="Passed" testListId="8c84fa94-04c1-424b-9868-57a2d4851a1d" relativeResultsDirectory="a05b4377-f23f-4dd3-9939-5f6f8e56b5fe" />
    <UnitTestResult executionId="978d1d50-5165-4e4d-a484-249d16f70f92" testId="273cca32-5e8b-4475-89f6-1e6f944453e8" testName="FormatToStringTest1000 (17953.338243749615,17953.34 zł)" computerName="DESKTOP-5URQ9PB" duration="00:00:00.0000063" startTime="2022-06-13T21:12:26.2922589+02:00" endTime="2022-06-13T21:12:26.2923350+02:00" testType="13cdc9d9-ddb5-4fa4-a97d-d965ccfc6d4b" outcome="Passed" testListId="8c84fa94-04c1-424b-9868-57a2d4851a1d" relativeResultsDirectory="978d1d50-5165-4e4d-a484-249d16f70f92" />
    <UnitTestResult executionId="7f6370c3-de52-4b08-97ca-039e6eee8c39" testId="ea7ff5cc-1ba7-4b6f-80b5-58e7fe3dca9b" testName="FormatToStringTest1000 (24308.26523149212,24308.27 zł)" computerName="DESKTOP-5URQ9PB" duration="00:00:00.0000070" startTime="2022-06-13T21:12:26.5725474+02:00" endTime="2022-06-13T21:12:26.5726247+02:00" testType="13cdc9d9-ddb5-4fa4-a97d-d965ccfc6d4b" outcome="Passed" testListId="8c84fa94-04c1-424b-9868-57a2d4851a1d" relativeResultsDirectory="7f6370c3-de52-4b08-97ca-039e6eee8c39" />
    <UnitTestResult executionId="4b7722bc-39b9-403b-8b16-4defd484f914" testId="221f3f71-cabd-4595-83fc-8b338aa9f428" testName="FormatToStringTest1000 (2883.637133003975,2883.64 zł)" computerName="DESKTOP-5URQ9PB" duration="00:00:00.0000061" startTime="2022-06-13T21:12:26.5418305+02:00" endTime="2022-06-13T21:12:26.5418945+02:00" testType="13cdc9d9-ddb5-4fa4-a97d-d965ccfc6d4b" outcome="Passed" testListId="8c84fa94-04c1-424b-9868-57a2d4851a1d" relativeResultsDirectory="4b7722bc-39b9-403b-8b16-4defd484f914" />
    <UnitTestResult executionId="dcadea15-898e-4410-ac5b-123d24e74d21" testId="5007808d-4082-478c-985c-d9257f9cf0ca" testName="FormatToStringTest1000 (25084.19182667238,25084.19 zł)" computerName="DESKTOP-5URQ9PB" duration="00:00:00.0000073" startTime="2022-06-13T21:12:26.5611423+02:00" endTime="2022-06-13T21:12:26.5612273+02:00" testType="13cdc9d9-ddb5-4fa4-a97d-d965ccfc6d4b" outcome="Passed" testListId="8c84fa94-04c1-424b-9868-57a2d4851a1d" relativeResultsDirectory="dcadea15-898e-4410-ac5b-123d24e74d21" />
    <UnitTestResult executionId="0f8f3a50-f283-4987-ac56-0ba3546109f6" testId="a6a5359f-7a5d-4b0c-bc4d-735968d6c577" testName="FormatToStringTest1000 (21893.78889296939,21893.79 zł)" computerName="DESKTOP-5URQ9PB" duration="00:00:00.0000061" startTime="2022-06-13T21:12:26.5770048+02:00" endTime="2022-06-13T21:12:26.5770688+02:00" testType="13cdc9d9-ddb5-4fa4-a97d-d965ccfc6d4b" outcome="Passed" testListId="8c84fa94-04c1-424b-9868-57a2d4851a1d" relativeResultsDirectory="0f8f3a50-f283-4987-ac56-0ba3546109f6" />
    <UnitTestResult executionId="e82d8e0a-84ae-4fce-a877-99abb23d7490" testId="a4131660-40fc-4ce5-8b58-bfb742e66357" testName="FormatToStringTest1000 (4252.4012513842445,4252.40 zł)" computerName="DESKTOP-5URQ9PB" duration="00:00:00.0000073" startTime="2022-06-13T21:12:26.5378177+02:00" endTime="2022-06-13T21:12:26.5378830+02:00" testType="13cdc9d9-ddb5-4fa4-a97d-d965ccfc6d4b" outcome="Passed" testListId="8c84fa94-04c1-424b-9868-57a2d4851a1d" relativeResultsDirectory="e82d8e0a-84ae-4fce-a877-99abb23d7490" />
    <UnitTestResult executionId="3598d39b-4327-4071-9ed4-ac9a2b263bf1" testId="25a8d425-fe5f-4752-83c5-0ffe0a34be02" testName="FormatToStringTest1000 (9928.477822322622,9928.48 zł)" computerName="DESKTOP-5URQ9PB" duration="00:00:00.0000068" startTime="2022-06-13T21:12:26.5051032+02:00" endTime="2022-06-13T21:12:26.5051802+02:00" testType="13cdc9d9-ddb5-4fa4-a97d-d965ccfc6d4b" outcome="Passed" testListId="8c84fa94-04c1-424b-9868-57a2d4851a1d" relativeResultsDirectory="3598d39b-4327-4071-9ed4-ac9a2b263bf1" />
    <UnitTestResult executionId="9cf1e24f-07cd-4414-aebe-8afb4d096dab" testId="d4422657-088b-4947-8654-7ead5d6774a5" testName="FormatToStringTest1000 (1613.6903705837626,1613.69 zł)" computerName="DESKTOP-5URQ9PB" duration="00:00:00.0000061" startTime="2022-06-13T21:12:26.4463768+02:00" endTime="2022-06-13T21:12:26.4464435+02:00" testType="13cdc9d9-ddb5-4fa4-a97d-d965ccfc6d4b" outcome="Passed" testListId="8c84fa94-04c1-424b-9868-57a2d4851a1d" relativeResultsDirectory="9cf1e24f-07cd-4414-aebe-8afb4d096dab" />
    <UnitTestResult executionId="d8f8c1ac-0290-4501-b5dc-21d9f5aba874" testId="469452be-7c03-4cad-9379-51de19bb0c73" testName="FormatToStringTest1000 (34021.1384072961,34021.14 zł)" computerName="DESKTOP-5URQ9PB" duration="00:00:00.0000064" startTime="2022-06-13T21:12:26.5924107+02:00" endTime="2022-06-13T21:12:26.5924732+02:00" testType="13cdc9d9-ddb5-4fa4-a97d-d965ccfc6d4b" outcome="Passed" testListId="8c84fa94-04c1-424b-9868-57a2d4851a1d" relativeResultsDirectory="d8f8c1ac-0290-4501-b5dc-21d9f5aba874" />
    <UnitTestResult executionId="4f5d3be2-2441-4218-9c0e-caa714e124f8" testId="a20413c7-332b-46e2-992e-42ed472caaef" testName="FormatToStringTest1000 (29474.095826699442,29474.10 zł)" computerName="DESKTOP-5URQ9PB" duration="00:00:00.0000065" startTime="2022-06-13T21:12:26.5837959+02:00" endTime="2022-06-13T21:12:26.5838639+02:00" testType="13cdc9d9-ddb5-4fa4-a97d-d965ccfc6d4b" outcome="Passed" testListId="8c84fa94-04c1-424b-9868-57a2d4851a1d" relativeResultsDirectory="4f5d3be2-2441-4218-9c0e-caa714e124f8" />
    <UnitTestResult executionId="0f190f5f-ef11-4269-89e1-7390cf166add" testId="051d3410-9222-4ed7-92ff-386b01a7acfa" testName="FormatToStringTest1000 (25039.088753207627,25039.09 zł)" computerName="DESKTOP-5URQ9PB" duration="00:00:00.0000365" startTime="2022-06-13T21:12:26.4813267+02:00" endTime="2022-06-13T21:12:26.4817114+02:00" testType="13cdc9d9-ddb5-4fa4-a97d-d965ccfc6d4b" outcome="Passed" testListId="8c84fa94-04c1-424b-9868-57a2d4851a1d" relativeResultsDirectory="0f190f5f-ef11-4269-89e1-7390cf166add" />
    <UnitTestResult executionId="f804fdec-3923-4874-868c-236353b8b5d4" testId="a10b1a9b-dc20-4e4e-9e74-6a3cc6a2ab82" testName="FormatToStringTest1000 (12871.381729632794,12871.38 zł)" computerName="DESKTOP-5URQ9PB" duration="00:00:00.0000063" startTime="2022-06-13T21:12:26.3511961+02:00" endTime="2022-06-13T21:12:26.3512638+02:00" testType="13cdc9d9-ddb5-4fa4-a97d-d965ccfc6d4b" outcome="Passed" testListId="8c84fa94-04c1-424b-9868-57a2d4851a1d" relativeResultsDirectory="f804fdec-3923-4874-868c-236353b8b5d4" />
    <UnitTestResult executionId="8f8024c8-599e-4e86-bd97-10d614cb475f" testId="6cb93502-8bd3-4f75-a797-5fb37bc5a0a9" testName="FormatToStringTest1000 (9750.134289915735,9750.13 zł)" computerName="DESKTOP-5URQ9PB" duration="00:00:00.0000063" startTime="2022-06-13T21:12:26.5272100+02:00" endTime="2022-06-13T21:12:26.5272766+02:00" testType="13cdc9d9-ddb5-4fa4-a97d-d965ccfc6d4b" outcome="Passed" testListId="8c84fa94-04c1-424b-9868-57a2d4851a1d" relativeResultsDirectory="8f8024c8-599e-4e86-bd97-10d614cb475f" />
    <UnitTestResult executionId="ecc9c0ae-6fe5-4c4f-a88e-bdf9b5ea73ed" testId="5f4d3c3e-d228-46f8-922a-2f5b05390f12" testName="FormatToStringTest1000 (22017.250119325356,22017.25 zł)" computerName="DESKTOP-5URQ9PB" duration="00:00:00.0000062" startTime="2022-06-13T21:12:26.3086509+02:00" endTime="2022-06-13T21:12:26.3087178+02:00" testType="13cdc9d9-ddb5-4fa4-a97d-d965ccfc6d4b" outcome="Passed" testListId="8c84fa94-04c1-424b-9868-57a2d4851a1d" relativeResultsDirectory="ecc9c0ae-6fe5-4c4f-a88e-bdf9b5ea73ed" />
    <UnitTestResult executionId="200ea594-09a8-4da9-882f-c47a27bff06b" testId="c26ac835-18ee-4126-9562-921884edcf25" testName="FormatToStringTest1000 (10495.622655484185,10495.62 zł)" computerName="DESKTOP-5URQ9PB" duration="00:00:00.0000062" startTime="2022-06-13T21:12:26.5110456+02:00" endTime="2022-06-13T21:12:26.5111117+02:00" testType="13cdc9d9-ddb5-4fa4-a97d-d965ccfc6d4b" outcome="Passed" testListId="8c84fa94-04c1-424b-9868-57a2d4851a1d" relativeResultsDirectory="200ea594-09a8-4da9-882f-c47a27bff06b" />
    <UnitTestResult executionId="23f27eb5-4818-4128-be19-251085adbffd" testId="3735352d-a41f-4c43-8445-62249067f3f7" testName="FormatToStringTest1000 (21281.64584727662,21281.65 zł)" computerName="DESKTOP-5URQ9PB" duration="00:00:00.0000142" startTime="2022-06-13T21:12:26.3503938+02:00" endTime="2022-06-13T21:12:26.3506043+02:00" testType="13cdc9d9-ddb5-4fa4-a97d-d965ccfc6d4b" outcome="Passed" testListId="8c84fa94-04c1-424b-9868-57a2d4851a1d" relativeResultsDirectory="23f27eb5-4818-4128-be19-251085adbffd" />
    <UnitTestResult executionId="2ed804b0-caca-4853-8855-6729e7313166" testId="a205d50e-a3cf-431b-bf66-879a835e7b28" testName="FormatToStringTest1000 (3521.3657738167635,3521.37 zł)" computerName="DESKTOP-5URQ9PB" duration="00:00:00.0000064" startTime="2022-06-13T21:12:26.2888269+02:00" endTime="2022-06-13T21:12:26.2889030+02:00" testType="13cdc9d9-ddb5-4fa4-a97d-d965ccfc6d4b" outcome="Passed" testListId="8c84fa94-04c1-424b-9868-57a2d4851a1d" relativeResultsDirectory="2ed804b0-caca-4853-8855-6729e7313166" />
    <UnitTestResult executionId="b15e3473-5128-4094-a76d-aa5154551f51" testId="59cbe4ba-28fa-4cec-9d97-c501c7808580" testName="FormatToStringTest1000 (2115.5076919884923,2115.51 zł)" computerName="DESKTOP-5URQ9PB" duration="00:00:00.0000068" startTime="2022-06-13T21:12:26.5712260+02:00" endTime="2022-06-13T21:12:26.5712923+02:00" testType="13cdc9d9-ddb5-4fa4-a97d-d965ccfc6d4b" outcome="Passed" testListId="8c84fa94-04c1-424b-9868-57a2d4851a1d" relativeResultsDirectory="b15e3473-5128-4094-a76d-aa5154551f51" />
    <UnitTestResult executionId="c8c6a2a3-8bce-42fe-b512-ff4d217c0785" testId="1f1305f1-0055-49a7-94fc-31ff08ae75a1" testName="FormatToStringTest1000 (32566.30279101259,32566.30 zł)" computerName="DESKTOP-5URQ9PB" duration="00:00:00.0000064" startTime="2022-06-13T21:12:26.3056138+02:00" endTime="2022-06-13T21:12:26.3056830+02:00" testType="13cdc9d9-ddb5-4fa4-a97d-d965ccfc6d4b" outcome="Passed" testListId="8c84fa94-04c1-424b-9868-57a2d4851a1d" relativeResultsDirectory="c8c6a2a3-8bce-42fe-b512-ff4d217c0785" />
    <UnitTestResult executionId="2e115d6e-08ac-4c46-81d8-89d72d1ab38b" testId="6e38bd80-0c07-4713-9c61-b63828d666a5" testName="FormatToStringTest1000 (37866.43836050967,37866.44 zł)" computerName="DESKTOP-5URQ9PB" duration="00:00:00.0000062" startTime="2022-06-13T21:12:26.3886061+02:00" endTime="2022-06-13T21:12:26.3886724+02:00" testType="13cdc9d9-ddb5-4fa4-a97d-d965ccfc6d4b" outcome="Passed" testListId="8c84fa94-04c1-424b-9868-57a2d4851a1d" relativeResultsDirectory="2e115d6e-08ac-4c46-81d8-89d72d1ab38b" />
    <UnitTestResult executionId="f6335b85-b204-45a1-8831-9bf9b974f94b" testId="eb2bdef6-d1a6-488e-973c-ef8e8f437d05" testName="FormatToStringTest1000 (10762.501695533518,10762.50 zł)" computerName="DESKTOP-5URQ9PB" duration="00:00:00.0000062" startTime="2022-06-13T21:12:26.5134747+02:00" endTime="2022-06-13T21:12:26.5135402+02:00" testType="13cdc9d9-ddb5-4fa4-a97d-d965ccfc6d4b" outcome="Passed" testListId="8c84fa94-04c1-424b-9868-57a2d4851a1d" relativeResultsDirectory="f6335b85-b204-45a1-8831-9bf9b974f94b" />
    <UnitTestResult executionId="1135985c-b190-4c6c-b5d7-2709a3bec07b" testId="4d46e07a-d402-4f31-9002-d81024c3f5af" testName="FormatToStringTest1000 (10784.438152511344,10784.44 zł)" computerName="DESKTOP-5URQ9PB" duration="00:00:00.0000098" startTime="2022-06-13T21:12:26.3019913+02:00" endTime="2022-06-13T21:12:26.3020790+02:00" testType="13cdc9d9-ddb5-4fa4-a97d-d965ccfc6d4b" outcome="Passed" testListId="8c84fa94-04c1-424b-9868-57a2d4851a1d" relativeResultsDirectory="1135985c-b190-4c6c-b5d7-2709a3bec07b" />
    <UnitTestResult executionId="3a090ad2-b449-4299-9233-31cb4e02e101" testId="345ffdbb-0b64-4bbb-a0af-73036ec0d06e" testName="FormatToStringTest1000 (26515.80237687929,26515.80 zł)" computerName="DESKTOP-5URQ9PB" duration="00:00:00.0000063" startTime="2022-06-13T21:12:26.2660242+02:00" endTime="2022-06-13T21:12:26.2660905+02:00" testType="13cdc9d9-ddb5-4fa4-a97d-d965ccfc6d4b" outcome="Passed" testListId="8c84fa94-04c1-424b-9868-57a2d4851a1d" relativeResultsDirectory="3a090ad2-b449-4299-9233-31cb4e02e101" />
    <UnitTestResult executionId="943aae64-784a-4744-9f09-c6a11d1b707a" testId="e77b905d-5913-48e7-8c5b-41ff4ee8d229" testName="FormatToStringTest1000 (32632.105531036905,32632.11 zł)" computerName="DESKTOP-5URQ9PB" duration="00:00:00.0000069" startTime="2022-06-13T21:12:26.2654998+02:00" endTime="2022-06-13T21:12:26.2655770+02:00" testType="13cdc9d9-ddb5-4fa4-a97d-d965ccfc6d4b" outcome="Passed" testListId="8c84fa94-04c1-424b-9868-57a2d4851a1d" relativeResultsDirectory="943aae64-784a-4744-9f09-c6a11d1b707a" />
    <UnitTestResult executionId="646ea560-6291-4c2b-a007-7083a83c28a5" testId="9c3ae944-5e62-44a4-a5bd-627c5f66c1eb" testName="FormatToStringTest1000 (59919.71489415491,59919.71 zł)" computerName="DESKTOP-5URQ9PB" duration="00:00:00.0000094" startTime="2022-06-13T21:12:26.4960036+02:00" endTime="2022-06-13T21:12:26.4961099+02:00" testType="13cdc9d9-ddb5-4fa4-a97d-d965ccfc6d4b" outcome="Passed" testListId="8c84fa94-04c1-424b-9868-57a2d4851a1d" relativeResultsDirectory="646ea560-6291-4c2b-a007-7083a83c28a5" />
    <UnitTestResult executionId="1d22f286-8799-4ef6-a23d-6bddf1c37082" testId="ac7fa1cc-0ba3-4838-8f52-b7873cd5e952" testName="FormatToStringTest1000 (9517.514896326473,9517.51 zł)" computerName="DESKTOP-5URQ9PB" duration="00:00:00.0000065" startTime="2022-06-13T21:12:26.5014903+02:00" endTime="2022-06-13T21:12:26.5015654+02:00" testType="13cdc9d9-ddb5-4fa4-a97d-d965ccfc6d4b" outcome="Passed" testListId="8c84fa94-04c1-424b-9868-57a2d4851a1d" relativeResultsDirectory="1d22f286-8799-4ef6-a23d-6bddf1c37082" />
    <UnitTestResult executionId="07d22fdf-088b-4dd0-9206-f01ec3a8a0ba" testId="884f3ded-f771-4e24-a507-69d322330f1a" testName="FormatToStringTest1000 (2718.1767171650085,2718.18 zł)" computerName="DESKTOP-5URQ9PB" duration="00:00:00.0000063" startTime="2022-06-13T21:12:26.3710616+02:00" endTime="2022-06-13T21:12:26.3711421+02:00" testType="13cdc9d9-ddb5-4fa4-a97d-d965ccfc6d4b" outcome="Passed" testListId="8c84fa94-04c1-424b-9868-57a2d4851a1d" relativeResultsDirectory="07d22fdf-088b-4dd0-9206-f01ec3a8a0ba" />
    <UnitTestResult executionId="51f42fdd-3016-4b2f-81ed-ec28354508bf" testId="ecf395fe-cde6-4320-9a5f-6a83f1925673" testName="FormatToStringTest1000 (30410.68214617003,30410.68 zł)" computerName="DESKTOP-5URQ9PB" duration="00:00:00.0000063" startTime="2022-06-13T21:12:26.4462085+02:00" endTime="2022-06-13T21:12:26.4462763+02:00" testType="13cdc9d9-ddb5-4fa4-a97d-d965ccfc6d4b" outcome="Passed" testListId="8c84fa94-04c1-424b-9868-57a2d4851a1d" relativeResultsDirectory="51f42fdd-3016-4b2f-81ed-ec28354508bf" />
    <UnitTestResult executionId="53f1cf14-8716-4f16-82ba-3b3901fa5ca2" testId="afd2c673-f69e-493e-96c7-41ea101101ec" testName="FormatToStringTest1000 (39146.635743126564,39146.64 zł)" computerName="DESKTOP-5URQ9PB" duration="00:00:00.0000070" startTime="2022-06-13T21:12:26.3178675+02:00" endTime="2022-06-13T21:12:26.3179453+02:00" testType="13cdc9d9-ddb5-4fa4-a97d-d965ccfc6d4b" outcome="Passed" testListId="8c84fa94-04c1-424b-9868-57a2d4851a1d" relativeResultsDirectory="53f1cf14-8716-4f16-82ba-3b3901fa5ca2" />
    <UnitTestResult executionId="17968e7a-590f-4442-8ec0-ee39aabfa3c6" testId="1d79c6bc-98f6-4afd-a1ba-c4e5905aeadf" testName="FormatToStringTest1000 (14459.57059750686,14459.57 zł)" computerName="DESKTOP-5URQ9PB" duration="00:00:00.0000063" startTime="2022-06-13T21:12:26.3707783+02:00" endTime="2022-06-13T21:12:26.3708543+02:00" testType="13cdc9d9-ddb5-4fa4-a97d-d965ccfc6d4b" outcome="Passed" testListId="8c84fa94-04c1-424b-9868-57a2d4851a1d" relativeResultsDirectory="17968e7a-590f-4442-8ec0-ee39aabfa3c6" />
    <UnitTestResult executionId="4db64b59-a6be-4b69-874f-3e6a41fecc1b" testId="63fac43e-5c46-4924-89a7-fe2ba41e2d37" testName="FormatToStringTest1000 (39146.892120180135,39146.89 zł)" computerName="DESKTOP-5URQ9PB" duration="00:00:00.0000063" startTime="2022-06-13T21:12:26.5810537+02:00" endTime="2022-06-13T21:12:26.5811182+02:00" testType="13cdc9d9-ddb5-4fa4-a97d-d965ccfc6d4b" outcome="Passed" testListId="8c84fa94-04c1-424b-9868-57a2d4851a1d" relativeResultsDirectory="4db64b59-a6be-4b69-874f-3e6a41fecc1b" />
    <UnitTestResult executionId="d989b6af-4e1d-4ced-a0f7-ed1ac83e342a" testId="38d41e1a-0bea-46f9-a618-985c2118eed5" testName="FormatToStringTest1000 (11022.594234092438,11022.59 zł)" computerName="DESKTOP-5URQ9PB" duration="00:00:00.0000061" startTime="2022-06-13T21:12:26.3978819+02:00" endTime="2022-06-13T21:12:26.3979484+02:00" testType="13cdc9d9-ddb5-4fa4-a97d-d965ccfc6d4b" outcome="Passed" testListId="8c84fa94-04c1-424b-9868-57a2d4851a1d" relativeResultsDirectory="d989b6af-4e1d-4ced-a0f7-ed1ac83e342a" />
    <UnitTestResult executionId="f7526d01-21a3-4189-89bb-91053dc06af4" testId="00690053-b6d4-49fa-8bd1-1059f4ca4e0a" testName="FormatToStringTest1000 (41915.7945284563,41915.79 zł)" computerName="DESKTOP-5URQ9PB" duration="00:00:00.0000063" startTime="2022-06-13T21:12:26.5340182+02:00" endTime="2022-06-13T21:12:26.5340862+02:00" testType="13cdc9d9-ddb5-4fa4-a97d-d965ccfc6d4b" outcome="Passed" testListId="8c84fa94-04c1-424b-9868-57a2d4851a1d" relativeResultsDirectory="f7526d01-21a3-4189-89bb-91053dc06af4" />
    <UnitTestResult executionId="7c84605b-15ae-44b2-9c91-d74b915922b0" testId="fc54b841-060e-4df6-be8b-c5c361f537c8" testName="FormatToStringTest1000 (4030.673117592313,4030.67 zł)" computerName="DESKTOP-5URQ9PB" duration="00:00:00.0000063" startTime="2022-06-13T21:12:26.3885222+02:00" endTime="2022-06-13T21:12:26.3885891+02:00" testType="13cdc9d9-ddb5-4fa4-a97d-d965ccfc6d4b" outcome="Passed" testListId="8c84fa94-04c1-424b-9868-57a2d4851a1d" relativeResultsDirectory="7c84605b-15ae-44b2-9c91-d74b915922b0" />
    <UnitTestResult executionId="92580c6a-e6d5-4ae0-8a80-89a6e1627dbd" testId="3df73c61-1205-4934-a6b9-1d378bcfcae5" testName="FormatToStringTest1000 (3341.8351759444154,3341.84 zł)" computerName="DESKTOP-5URQ9PB" duration="00:00:00.0000062" startTime="2022-06-13T21:12:26.4268068+02:00" endTime="2022-06-13T21:12:26.4268739+02:00" testType="13cdc9d9-ddb5-4fa4-a97d-d965ccfc6d4b" outcome="Passed" testListId="8c84fa94-04c1-424b-9868-57a2d4851a1d" relativeResultsDirectory="92580c6a-e6d5-4ae0-8a80-89a6e1627dbd" />
    <UnitTestResult executionId="72bb92a1-8f89-4ade-81aa-569539cb2a28" testId="a664aa9d-4be1-4d85-aec1-98cd817ac8be" testName="FormatToStringTest1000 (31340.79231238914,31340.79 zł)" computerName="DESKTOP-5URQ9PB" duration="00:00:00.0000064" startTime="2022-06-13T21:12:26.3388500+02:00" endTime="2022-06-13T21:12:26.3389161+02:00" testType="13cdc9d9-ddb5-4fa4-a97d-d965ccfc6d4b" outcome="Passed" testListId="8c84fa94-04c1-424b-9868-57a2d4851a1d" relativeResultsDirectory="72bb92a1-8f89-4ade-81aa-569539cb2a28" />
    <UnitTestResult executionId="217e22a6-8c27-4e6c-8562-1a630acc022d" testId="813f42f1-86a8-4cc2-b788-873c58a4a6b0" testName="FormatToStringTest1000 (10994.251866986162,10994.25 zł)" computerName="DESKTOP-5URQ9PB" duration="00:00:00.0000061" startTime="2022-06-13T21:12:26.4688342+02:00" endTime="2022-06-13T21:12:26.4689010+02:00" testType="13cdc9d9-ddb5-4fa4-a97d-d965ccfc6d4b" outcome="Passed" testListId="8c84fa94-04c1-424b-9868-57a2d4851a1d" relativeResultsDirectory="217e22a6-8c27-4e6c-8562-1a630acc022d" />
    <UnitTestResult executionId="812326c3-d677-4fce-a4ec-935dba4b2751" testId="fcd7eea1-7ebb-4e42-8765-28b7665fc17f" testName="FormatToStringTest1000 (64124.274503948756,64124.27 zł)" computerName="DESKTOP-5URQ9PB" duration="00:00:00.0000061" startTime="2022-06-13T21:12:26.3916435+02:00" endTime="2022-06-13T21:12:26.3917095+02:00" testType="13cdc9d9-ddb5-4fa4-a97d-d965ccfc6d4b" outcome="Passed" testListId="8c84fa94-04c1-424b-9868-57a2d4851a1d" relativeResultsDirectory="812326c3-d677-4fce-a4ec-935dba4b2751" />
    <UnitTestResult executionId="7dc85f07-1095-456c-90bf-ddf6338af6a5" testId="fbbbe5d7-7f94-48ca-9ea2-d926279774c6" testName="FormatToStringTest1000 (27893.312729890138,27893.31 zł)" computerName="DESKTOP-5URQ9PB" duration="00:00:00.0000074" startTime="2022-06-13T21:12:26.2825875+02:00" endTime="2022-06-13T21:12:26.2826554+02:00" testType="13cdc9d9-ddb5-4fa4-a97d-d965ccfc6d4b" outcome="Passed" testListId="8c84fa94-04c1-424b-9868-57a2d4851a1d" relativeResultsDirectory="7dc85f07-1095-456c-90bf-ddf6338af6a5" />
    <UnitTestResult executionId="973d337c-1ae4-4bb2-813b-01a4d3d671d8" testId="1a0a435e-e007-46b2-a7eb-54cbf0817975" testName="FormatToStringTest1000 (1568.615240217473,1568.62 zł)" computerName="DESKTOP-5URQ9PB" duration="00:00:00.0000063" startTime="2022-06-13T21:12:26.5475655+02:00" endTime="2022-06-13T21:12:26.5476295+02:00" testType="13cdc9d9-ddb5-4fa4-a97d-d965ccfc6d4b" outcome="Passed" testListId="8c84fa94-04c1-424b-9868-57a2d4851a1d" relativeResultsDirectory="973d337c-1ae4-4bb2-813b-01a4d3d671d8" />
    <UnitTestResult executionId="29377307-de07-4dfd-a7c6-e4c0db14c54c" testId="22d31eca-30c2-43ce-bb8f-b300e146884c" testName="FormatToStringTest1000 (16688.70569393677,16688.71 zł)" computerName="DESKTOP-5URQ9PB" duration="00:00:00.0000063" startTime="2022-06-13T21:12:26.4009475+02:00" endTime="2022-06-13T21:12:26.4010149+02:00" testType="13cdc9d9-ddb5-4fa4-a97d-d965ccfc6d4b" outcome="Passed" testListId="8c84fa94-04c1-424b-9868-57a2d4851a1d" relativeResultsDirectory="29377307-de07-4dfd-a7c6-e4c0db14c54c" />
    <UnitTestResult executionId="aab8dae1-7f51-4322-a870-25e78b04d706" testId="f605254a-bbbb-425c-b4c6-6b6ea32b9c31" testName="FormatToStringTest1000 (6352.983758103561,6352.98 zł)" computerName="DESKTOP-5URQ9PB" duration="00:00:00.0000079" startTime="2022-06-13T21:12:26.5570937+02:00" endTime="2022-06-13T21:12:26.5571875+02:00" testType="13cdc9d9-ddb5-4fa4-a97d-d965ccfc6d4b" outcome="Passed" testListId="8c84fa94-04c1-424b-9868-57a2d4851a1d" relativeResultsDirectory="aab8dae1-7f51-4322-a870-25e78b04d706" />
    <UnitTestResult executionId="c4126666-7149-4ade-9789-13ad1874bdd6" testId="c9dda90f-a92c-47ab-9a63-c2b19a475335" testName="FormatToStringTest1000 (46803.36433423374,46803.36 zł)" computerName="DESKTOP-5URQ9PB" duration="00:00:00.0000065" startTime="2022-06-13T21:12:26.3742576+02:00" endTime="2022-06-13T21:12:26.3743308+02:00" testType="13cdc9d9-ddb5-4fa4-a97d-d965ccfc6d4b" outcome="Passed" testListId="8c84fa94-04c1-424b-9868-57a2d4851a1d" relativeResultsDirectory="c4126666-7149-4ade-9789-13ad1874bdd6" />
    <UnitTestResult executionId="4b41ab79-7da0-4c5b-9813-8ae488fa9401" testId="a73a8f4d-74c4-481f-9965-7061bdb1f186" testName="FormatToStringTest1000 (26162.532683261918,26162.53 zł)" computerName="DESKTOP-5URQ9PB" duration="00:00:00.0000062" startTime="2022-06-13T21:12:26.5535092+02:00" endTime="2022-06-13T21:12:26.5535735+02:00" testType="13cdc9d9-ddb5-4fa4-a97d-d965ccfc6d4b" outcome="Passed" testListId="8c84fa94-04c1-424b-9868-57a2d4851a1d" relativeResultsDirectory="4b41ab79-7da0-4c5b-9813-8ae488fa9401" />
    <UnitTestResult executionId="f84e5923-2a00-4076-ab25-4702964e11d9" testId="fba5ad13-e766-4313-b988-3616ff4dd083" testName="FormatToStringTest1000 (2298.0331723829886,2298.03 zł)" computerName="DESKTOP-5URQ9PB" duration="00:00:00.0000072" startTime="2022-06-13T21:12:26.4656275+02:00" endTime="2022-06-13T21:12:26.4656958+02:00" testType="13cdc9d9-ddb5-4fa4-a97d-d965ccfc6d4b" outcome="Passed" testListId="8c84fa94-04c1-424b-9868-57a2d4851a1d" relativeResultsDirectory="f84e5923-2a00-4076-ab25-4702964e11d9" />
    <UnitTestResult executionId="3efc4268-5ee7-48af-9372-3453d185902e" testId="110ee70b-a893-4c74-990a-3a8cc1f504e6" testName="FormatToStringTest1000 (16986.338876065027,16986.34 zł)" computerName="DESKTOP-5URQ9PB" duration="00:00:00.0000062" startTime="2022-06-13T21:12:26.2823335+02:00" endTime="2022-06-13T21:12:26.2824015+02:00" testType="13cdc9d9-ddb5-4fa4-a97d-d965ccfc6d4b" outcome="Passed" testListId="8c84fa94-04c1-424b-9868-57a2d4851a1d" relativeResultsDirectory="3efc4268-5ee7-48af-9372-3453d185902e" />
    <UnitTestResult executionId="e546c19f-8c91-4ace-bcf8-4f26cdb6dece" testId="7148b3dd-8118-4eea-bb43-4741fcd6007b" testName="FormatToStringTest1000 (3700.029953029021,3700.03 zł)" computerName="DESKTOP-5URQ9PB" duration="00:00:00.0000062" startTime="2022-06-13T21:12:26.3574127+02:00" endTime="2022-06-13T21:12:26.3574793+02:00" testType="13cdc9d9-ddb5-4fa4-a97d-d965ccfc6d4b" outcome="Passed" testListId="8c84fa94-04c1-424b-9868-57a2d4851a1d" relativeResultsDirectory="e546c19f-8c91-4ace-bcf8-4f26cdb6dece" />
    <UnitTestResult executionId="bf987ec9-b94a-4459-b07c-01f71f307289" testId="6705ce1d-2c6d-4595-a703-79c9deb6aec8" testName="FormatToStringTest1000 (9657.360676611475,9657.36 zł)" computerName="DESKTOP-5URQ9PB" duration="00:00:00.0000062" startTime="2022-06-13T21:12:26.4264728+02:00" endTime="2022-06-13T21:12:26.4265393+02:00" testType="13cdc9d9-ddb5-4fa4-a97d-d965ccfc6d4b" outcome="Passed" testListId="8c84fa94-04c1-424b-9868-57a2d4851a1d" relativeResultsDirectory="bf987ec9-b94a-4459-b07c-01f71f307289" />
    <UnitTestResult executionId="d0f3893a-86c1-4eaf-92b4-2006a6e1ae73" testId="bd88f93c-76f4-4cd7-86ab-331cd315540c" testName="FormatToStringTest1000 (47630.39193684067,47630.39 zł)" computerName="DESKTOP-5URQ9PB" duration="00:00:00.0000061" startTime="2022-06-13T21:12:26.3118589+02:00" endTime="2022-06-13T21:12:26.3119255+02:00" testType="13cdc9d9-ddb5-4fa4-a97d-d965ccfc6d4b" outcome="Passed" testListId="8c84fa94-04c1-424b-9868-57a2d4851a1d" relativeResultsDirectory="d0f3893a-86c1-4eaf-92b4-2006a6e1ae73" />
    <UnitTestResult executionId="834fc015-775d-4aca-807a-9cf4e2b0c4f0" testId="fc6f95e5-5efb-4058-8552-6bce126a6f72" testName="FormatToStringTest1000 (27050.586848031067,27050.59 zł)" computerName="DESKTOP-5URQ9PB" duration="00:00:00.0000063" startTime="2022-06-13T21:12:26.2658545+02:00" endTime="2022-06-13T21:12:26.2659219+02:00" testType="13cdc9d9-ddb5-4fa4-a97d-d965ccfc6d4b" outcome="Passed" testListId="8c84fa94-04c1-424b-9868-57a2d4851a1d" relativeResultsDirectory="834fc015-775d-4aca-807a-9cf4e2b0c4f0" />
    <UnitTestResult executionId="4d28b4ef-adee-4b44-97c0-cf549838d16f" testId="d493a8ec-6575-4f80-82e3-db00efe2769e" testName="FormatToStringTest1000 (26174.290999793586,26174.29 zł)" computerName="DESKTOP-5URQ9PB" duration="00:00:00.0000062" startTime="2022-06-13T21:12:26.5535899+02:00" endTime="2022-06-13T21:12:26.5536540+02:00" testType="13cdc9d9-ddb5-4fa4-a97d-d965ccfc6d4b" outcome="Passed" testListId="8c84fa94-04c1-424b-9868-57a2d4851a1d" relativeResultsDirectory="4d28b4ef-adee-4b44-97c0-cf549838d16f" />
    <UnitTestResult executionId="7e7fd403-b8e8-4f0d-bc3a-b03203964aca" testId="f85152e5-a4f0-42fb-870a-7bb9144b46ba" testName="FormatToStringTest1000 (77919.64716867341,77919.65 zł)" computerName="DESKTOP-5URQ9PB" duration="00:00:00.0000062" startTime="2022-06-13T21:12:26.3608430+02:00" endTime="2022-06-13T21:12:26.3609091+02:00" testType="13cdc9d9-ddb5-4fa4-a97d-d965ccfc6d4b" outcome="Passed" testListId="8c84fa94-04c1-424b-9868-57a2d4851a1d" relativeResultsDirectory="7e7fd403-b8e8-4f0d-bc3a-b03203964aca" />
    <UnitTestResult executionId="d1233ac8-7738-4614-8459-b76e227071c1" testId="16e951f1-103f-4a3c-8fb2-2852cdfb4b06" testName="FormatToStringTest1000 (39314.52353688401,39314.52 zł)" computerName="DESKTOP-5URQ9PB" duration="00:00:00.0000063" startTime="2022-06-13T21:12:26.5252645+02:00" endTime="2022-06-13T21:12:26.5253290+02:00" testType="13cdc9d9-ddb5-4fa4-a97d-d965ccfc6d4b" outcome="Passed" testListId="8c84fa94-04c1-424b-9868-57a2d4851a1d" relativeResultsDirectory="d1233ac8-7738-4614-8459-b76e227071c1" />
    <UnitTestResult executionId="ae17953e-88d8-48e7-9dc8-d43f8407d343" testId="ec163e25-6de7-49bd-99ec-36612e1ca58d" testName="FormatToStringTest1000 (9079.930405251649,9079.93 zł)" computerName="DESKTOP-5URQ9PB" duration="00:00:00.0000063" startTime="2022-06-13T21:12:26.4110543+02:00" endTime="2022-06-13T21:12:26.4111225+02:00" testType="13cdc9d9-ddb5-4fa4-a97d-d965ccfc6d4b" outcome="Passed" testListId="8c84fa94-04c1-424b-9868-57a2d4851a1d" relativeResultsDirectory="ae17953e-88d8-48e7-9dc8-d43f8407d343" />
    <UnitTestResult executionId="f9ef72c2-f72d-4c0d-9f3e-a56ce8ec2590" testId="8f466014-fa2d-4e59-ad00-8dae9a6071bd" testName="FormatToStringTest1000 (22494.46807976834,22494.47 zł)" computerName="DESKTOP-5URQ9PB" duration="00:00:00.0000067" startTime="2022-06-13T21:12:26.5291768+02:00" endTime="2022-06-13T21:12:26.5292483+02:00" testType="13cdc9d9-ddb5-4fa4-a97d-d965ccfc6d4b" outcome="Passed" testListId="8c84fa94-04c1-424b-9868-57a2d4851a1d" relativeResultsDirectory="f9ef72c2-f72d-4c0d-9f3e-a56ce8ec2590" />
    <UnitTestResult executionId="6784a51f-9982-4348-afa2-80d167c2f795" testId="6a3a95b1-da83-49ff-9b72-e2651907191a" testName="FormatToStringTest1000 (20249.56614074277,20249.57 zł)" computerName="DESKTOP-5URQ9PB" duration="00:00:00.0000064" startTime="2022-06-13T21:12:26.3179641+02:00" endTime="2022-06-13T21:12:26.3180318+02:00" testType="13cdc9d9-ddb5-4fa4-a97d-d965ccfc6d4b" outcome="Passed" testListId="8c84fa94-04c1-424b-9868-57a2d4851a1d" relativeResultsDirectory="6784a51f-9982-4348-afa2-80d167c2f795" />
    <UnitTestResult executionId="2d4fdb3d-362d-42cc-8dfa-b7ce4b83e5b8" testId="7d4d9f8e-edd4-4c18-a233-e88592ffdd4b" testName="FormatToStringTest1000 (30499.08272379734,30499.08 zł)" computerName="DESKTOP-5URQ9PB" duration="00:00:00.0000063" startTime="2022-06-13T21:12:26.5357848+02:00" endTime="2022-06-13T21:12:26.5358494+02:00" testType="13cdc9d9-ddb5-4fa4-a97d-d965ccfc6d4b" outcome="Passed" testListId="8c84fa94-04c1-424b-9868-57a2d4851a1d" relativeResultsDirectory="2d4fdb3d-362d-42cc-8dfa-b7ce4b83e5b8" />
    <UnitTestResult executionId="3f8c1525-c214-40f1-9816-3ddfd46be3a8" testId="eb665616-8d89-4abe-ba94-63b0cf4eaba7" testName="FormatToStringTest1000 (66723.3293191657,66723.33 zł)" computerName="DESKTOP-5URQ9PB" duration="00:00:00.0000062" startTime="2022-06-13T21:12:26.3418554+02:00" endTime="2022-06-13T21:12:26.3419205+02:00" testType="13cdc9d9-ddb5-4fa4-a97d-d965ccfc6d4b" outcome="Passed" testListId="8c84fa94-04c1-424b-9868-57a2d4851a1d" relativeResultsDirectory="3f8c1525-c214-40f1-9816-3ddfd46be3a8" />
    <UnitTestResult executionId="3bea5e6a-4c6f-4f50-b040-f6a584e734ab" testId="2e5823aa-930b-493e-8378-d7516b4699b9" testName="FormatToStringTest1000 (8013.1229931903645,8013.12 zł)" computerName="DESKTOP-5URQ9PB" duration="00:00:00.0000062" startTime="2022-06-13T21:12:26.5614938+02:00" endTime="2022-06-13T21:12:26.5615580+02:00" testType="13cdc9d9-ddb5-4fa4-a97d-d965ccfc6d4b" outcome="Passed" testListId="8c84fa94-04c1-424b-9868-57a2d4851a1d" relativeResultsDirectory="3bea5e6a-4c6f-4f50-b040-f6a584e734ab" />
    <UnitTestResult executionId="99617bb7-ab0a-4dc0-8ade-29a27c62acf6" testId="5bb074f4-6ac6-4311-ab51-865bc7728dfc" testName="FormatToStringTest1000 (33699.13042082038,33699.13 zł)" computerName="DESKTOP-5URQ9PB" duration="00:00:00.0000070" startTime="2022-06-13T21:12:26.5108645+02:00" endTime="2022-06-13T21:12:26.5109426+02:00" testType="13cdc9d9-ddb5-4fa4-a97d-d965ccfc6d4b" outcome="Passed" testListId="8c84fa94-04c1-424b-9868-57a2d4851a1d" relativeResultsDirectory="99617bb7-ab0a-4dc0-8ade-29a27c62acf6" />
    <UnitTestResult executionId="27358856-da67-490e-bfa1-f8717ad4e89d" testId="e67f3c62-34d7-4833-9ee1-bc195dd87921" testName="FormatToStringTest1000 (57713.01647853712,57713.02 zł)" computerName="DESKTOP-5URQ9PB" duration="00:00:00.0000061" startTime="2022-06-13T21:12:26.4657131+02:00" endTime="2022-06-13T21:12:26.4657802+02:00" testType="13cdc9d9-ddb5-4fa4-a97d-d965ccfc6d4b" outcome="Passed" testListId="8c84fa94-04c1-424b-9868-57a2d4851a1d" relativeResultsDirectory="27358856-da67-490e-bfa1-f8717ad4e89d" />
    <UnitTestResult executionId="7ebfb0fe-615b-4730-9cb1-41ee6240b567" testId="a51912a6-9ad9-4011-96c8-0c0cb33b2794" testName="FormatToStringTest1000 (12125.090155628086,12125.09 zł)" computerName="DESKTOP-5URQ9PB" duration="00:00:00.0000138" startTime="2022-06-13T21:12:26.3816402+02:00" endTime="2022-06-13T21:12:26.3818275+02:00" testType="13cdc9d9-ddb5-4fa4-a97d-d965ccfc6d4b" outcome="Passed" testListId="8c84fa94-04c1-424b-9868-57a2d4851a1d" relativeResultsDirectory="7ebfb0fe-615b-4730-9cb1-41ee6240b567" />
    <UnitTestResult executionId="1ebfe3fa-5c2b-4702-b5d8-4281ab0a72cc" testId="f8fc3b68-a19e-4c39-bfe5-2846206836a4" testName="FormatToStringTest1000 (31391.358864880804,31391.36 zł)" computerName="DESKTOP-5URQ9PB" duration="00:00:00.0000062" startTime="2022-06-13T21:12:26.5593120+02:00" endTime="2022-06-13T21:12:26.5593768+02:00" testType="13cdc9d9-ddb5-4fa4-a97d-d965ccfc6d4b" outcome="Passed" testListId="8c84fa94-04c1-424b-9868-57a2d4851a1d" relativeResultsDirectory="1ebfe3fa-5c2b-4702-b5d8-4281ab0a72cc" />
    <UnitTestResult executionId="b33bce78-8a12-4344-aed2-32fd9e1f68b1" testId="3b6801e8-6947-48e8-a9da-5958e3b5dd01" testName="FormatToStringTest1000 (31424.298858482067,31424.30 zł)" computerName="DESKTOP-5URQ9PB" duration="00:00:00.0000062" startTime="2022-06-13T21:12:26.4687505+02:00" endTime="2022-06-13T21:12:26.4688171+02:00" testType="13cdc9d9-ddb5-4fa4-a97d-d965ccfc6d4b" outcome="Passed" testListId="8c84fa94-04c1-424b-9868-57a2d4851a1d" relativeResultsDirectory="b33bce78-8a12-4344-aed2-32fd9e1f68b1" />
    <UnitTestResult executionId="d3aa001e-1a5a-488c-9938-33ad7cad9fbc" testId="545f2e53-4ab8-4473-a9f5-ef31c6d308e1" testName="FormatToStringTest1000 (3195.202943510936,3195.20 zł)" computerName="DESKTOP-5URQ9PB" duration="00:00:00.0000061" startTime="2022-06-13T21:12:26.3822154+02:00" endTime="2022-06-13T21:12:26.3822829+02:00" testType="13cdc9d9-ddb5-4fa4-a97d-d965ccfc6d4b" outcome="Passed" testListId="8c84fa94-04c1-424b-9868-57a2d4851a1d" relativeResultsDirectory="d3aa001e-1a5a-488c-9938-33ad7cad9fbc" />
    <UnitTestResult executionId="e7fcd5c6-9261-403a-bda8-eee51833a319" testId="7316d7b8-aeae-471a-9a92-16adb1690b1a" testName="FormatToStringTest1000 (44499.288016808816,44499.29 zł)" computerName="DESKTOP-5URQ9PB" duration="00:00:00.0000062" startTime="2022-06-13T21:12:26.4268908+02:00" endTime="2022-06-13T21:12:26.4269568+02:00" testType="13cdc9d9-ddb5-4fa4-a97d-d965ccfc6d4b" outcome="Passed" testListId="8c84fa94-04c1-424b-9868-57a2d4851a1d" relativeResultsDirectory="e7fcd5c6-9261-403a-bda8-eee51833a319" />
    <UnitTestResult executionId="eac85a04-baaa-40aa-af07-74eff1adcd97" testId="483b5d2b-a616-4d28-80f3-4ecdb9a00ef3" testName="FormatToStringTest1000 (17875.613377604455,17875.61 zł)" computerName="DESKTOP-5URQ9PB" duration="00:00:00.0000078" startTime="2022-06-13T21:12:26.3352625+02:00" endTime="2022-06-13T21:12:26.3353422+02:00" testType="13cdc9d9-ddb5-4fa4-a97d-d965ccfc6d4b" outcome="Passed" testListId="8c84fa94-04c1-424b-9868-57a2d4851a1d" relativeResultsDirectory="eac85a04-baaa-40aa-af07-74eff1adcd97" />
    <UnitTestResult executionId="02fc7502-ab54-4639-9d0e-25ee586c352f" testId="4344e7f6-22f9-415a-a797-3cf45e980662" testName="FormatToStringTest1000 (23684.695462791573,23684.70 zł)" computerName="DESKTOP-5URQ9PB" duration="00:00:00.0000062" startTime="2022-06-13T21:12:26.5154693+02:00" endTime="2022-06-13T21:12:26.5155346+02:00" testType="13cdc9d9-ddb5-4fa4-a97d-d965ccfc6d4b" outcome="Passed" testListId="8c84fa94-04c1-424b-9868-57a2d4851a1d" relativeResultsDirectory="02fc7502-ab54-4639-9d0e-25ee586c352f" />
    <UnitTestResult executionId="daed5c82-d6be-40d3-9b27-82dd7acb8f67" testId="8f3750c4-a0e4-4400-8f69-36a7ede2bc9f" testName="FormatToStringTest1000 (38961.459057294516,38961.46 zł)" computerName="DESKTOP-5URQ9PB" duration="00:00:00.0000063" startTime="2022-06-13T21:12:26.4080667+02:00" endTime="2022-06-13T21:12:26.4081344+02:00" testType="13cdc9d9-ddb5-4fa4-a97d-d965ccfc6d4b" outcome="Passed" testListId="8c84fa94-04c1-424b-9868-57a2d4851a1d" relativeResultsDirectory="daed5c82-d6be-40d3-9b27-82dd7acb8f67" />
    <UnitTestResult executionId="5b706c79-d48a-4719-a0c3-c60618aed639" testId="1343870b-e88a-4d1d-a5d3-c4cde03e0ced" testName="FormatToStringTest1000 (13855.30239352505,13855.30 zł)" computerName="DESKTOP-5URQ9PB" duration="00:00:00.0000070" startTime="2022-06-13T21:12:26.3570655+02:00" endTime="2022-06-13T21:12:26.3571347+02:00" testType="13cdc9d9-ddb5-4fa4-a97d-d965ccfc6d4b" outcome="Passed" testListId="8c84fa94-04c1-424b-9868-57a2d4851a1d" relativeResultsDirectory="5b706c79-d48a-4719-a0c3-c60618aed639" />
    <UnitTestResult executionId="7822f8fe-5a1f-4443-b919-169fae647c83" testId="a1415853-ebcf-49bc-ae59-4a79c66e87c0" testName="FormatToStringTest1000 (2409.393997763001,2409.39 zł)" computerName="DESKTOP-5URQ9PB" duration="00:00:00.0000064" startTime="2022-06-13T21:12:26.3150971+02:00" endTime="2022-06-13T21:12:26.3151714+02:00" testType="13cdc9d9-ddb5-4fa4-a97d-d965ccfc6d4b" outcome="Passed" testListId="8c84fa94-04c1-424b-9868-57a2d4851a1d" relativeResultsDirectory="7822f8fe-5a1f-4443-b919-169fae647c83" />
    <UnitTestResult executionId="7c84948b-36b9-4673-b939-9aadf35dc086" testId="b1b1baf3-eafb-4ef0-9784-a9476f2c4c85" testName="FormatToStringTest1000 (9628.688698104437,9628.69 zł)" computerName="DESKTOP-5URQ9PB" duration="00:00:00.0000065" startTime="2022-06-13T21:12:26.5618373+02:00" endTime="2022-06-13T21:12:26.5619084+02:00" testType="13cdc9d9-ddb5-4fa4-a97d-d965ccfc6d4b" outcome="Passed" testListId="8c84fa94-04c1-424b-9868-57a2d4851a1d" relativeResultsDirectory="7c84948b-36b9-4673-b939-9aadf35dc086" />
    <UnitTestResult executionId="4c55be96-38a9-45b0-9663-9d565d5a16e4" testId="a6ff44e5-b9e0-4913-b943-6380c790359a" testName="FormatToStringTest1000 (3588.260979617136,3588.26 zł)" computerName="DESKTOP-5URQ9PB" duration="00:00:00.0000059" startTime="2022-06-13T21:12:26.5553405+02:00" endTime="2022-06-13T21:12:26.5554049+02:00" testType="13cdc9d9-ddb5-4fa4-a97d-d965ccfc6d4b" outcome="Passed" testListId="8c84fa94-04c1-424b-9868-57a2d4851a1d" relativeResultsDirectory="4c55be96-38a9-45b0-9663-9d565d5a16e4" />
    <UnitTestResult executionId="befa7ce8-e48a-483f-8d76-313d499ecf12" testId="e0cd62bb-0386-4afc-91d3-469732f8f931" testName="FormatToStringTest1000 (39531.95190033268,39531.95 zł)" computerName="DESKTOP-5URQ9PB" duration="00:00:00.0000062" startTime="2022-06-13T21:12:26.5200071+02:00" endTime="2022-06-13T21:12:26.5200715+02:00" testType="13cdc9d9-ddb5-4fa4-a97d-d965ccfc6d4b" outcome="Passed" testListId="8c84fa94-04c1-424b-9868-57a2d4851a1d" relativeResultsDirectory="befa7ce8-e48a-483f-8d76-313d499ecf12" />
    <UnitTestResult executionId="4cd11a4f-25ae-46a8-a07f-902b2cd42a06" testId="433bb9d1-11b1-4f0f-81b6-58233835872d" testName="FormatToStringTest1000 (50956.25028206606,50956.25 zł)" computerName="DESKTOP-5URQ9PB" duration="00:00:00.0000062" startTime="2022-06-13T21:12:26.3357869+02:00" endTime="2022-06-13T21:12:26.3358533+02:00" testType="13cdc9d9-ddb5-4fa4-a97d-d965ccfc6d4b" outcome="Passed" testListId="8c84fa94-04c1-424b-9868-57a2d4851a1d" relativeResultsDirectory="4cd11a4f-25ae-46a8-a07f-902b2cd42a06" />
    <UnitTestResult executionId="eae9b69e-adfd-4f81-81c5-e913829b7f7e" testId="79d539ba-7e74-47d6-9f60-514fcf68492a" testName="FormatToStringTest1000 (1208.1827589441941,1208.18 zł)" computerName="DESKTOP-5URQ9PB" duration="00:00:00.0000100" startTime="2022-06-13T21:12:26.2851563+02:00" endTime="2022-06-13T21:12:26.2852819+02:00" testType="13cdc9d9-ddb5-4fa4-a97d-d965ccfc6d4b" outcome="Passed" testListId="8c84fa94-04c1-424b-9868-57a2d4851a1d" relativeResultsDirectory="eae9b69e-adfd-4f81-81c5-e913829b7f7e" />
    <UnitTestResult executionId="b6545958-b700-428b-92f9-88d174f511de" testId="870df227-16e3-43a3-8712-1aa85a126cc6" testName="FormatToStringTest1000 (24695.917440203913,24695.92 zł)" computerName="DESKTOP-5URQ9PB" duration="00:00:00.0000503" startTime="2022-06-13T21:12:26.4769500+02:00" endTime="2022-06-13T21:12:26.4776514+02:00" testType="13cdc9d9-ddb5-4fa4-a97d-d965ccfc6d4b" outcome="Passed" testListId="8c84fa94-04c1-424b-9868-57a2d4851a1d" relativeResultsDirectory="b6545958-b700-428b-92f9-88d174f511de" />
    <UnitTestResult executionId="51800bd7-72cd-4cb4-ba71-7131688e4d42" testId="03346b87-6496-487e-b6a8-d2e49115c7d7" testName="FormatToStringTest1000 (34136.0993783046,34136.10 zł)" computerName="DESKTOP-5URQ9PB" duration="00:00:00.0000098" startTime="2022-06-13T21:12:26.3465008+02:00" endTime="2022-06-13T21:12:26.3465975+02:00" testType="13cdc9d9-ddb5-4fa4-a97d-d965ccfc6d4b" outcome="Passed" testListId="8c84fa94-04c1-424b-9868-57a2d4851a1d" relativeResultsDirectory="51800bd7-72cd-4cb4-ba71-7131688e4d42" />
    <UnitTestResult executionId="143549f2-85c9-4f93-b0c5-fc3be002e896" testId="dd1334b5-a057-4b0f-b2e1-b8b9c20e3612" testName="FormatToStringTest1000 (19216.446905020366,19216.45 zł)" computerName="DESKTOP-5URQ9PB" duration="00:00:00.0000061" startTime="2022-06-13T21:12:26.3089874+02:00" endTime="2022-06-13T21:12:26.3090540+02:00" testType="13cdc9d9-ddb5-4fa4-a97d-d965ccfc6d4b" outcome="Passed" testListId="8c84fa94-04c1-424b-9868-57a2d4851a1d" relativeResultsDirectory="143549f2-85c9-4f93-b0c5-fc3be002e896" />
    <UnitTestResult executionId="4b823397-99a2-487d-8fcb-73443e9d7ed3" testId="6622982a-da0d-4d6b-a194-3fb843badcaf" testName="FormatToStringTest1000 (29975.4018974022,29975.40 zł)" computerName="DESKTOP-5URQ9PB" duration="00:00:00.0000065" startTime="2022-06-13T21:12:26.5403085+02:00" endTime="2022-06-13T21:12:26.5403710+02:00" testType="13cdc9d9-ddb5-4fa4-a97d-d965ccfc6d4b" outcome="Passed" testListId="8c84fa94-04c1-424b-9868-57a2d4851a1d" relativeResultsDirectory="4b823397-99a2-487d-8fcb-73443e9d7ed3" />
    <UnitTestResult executionId="0d42c194-34eb-4bc8-9031-1b277739662b" testId="9a5bd90d-e7d8-4003-855d-67e1e7f6a040" testName="FormatToStringTest1000 (13745.115971449817,13745.12 zł)" computerName="DESKTOP-5URQ9PB" duration="00:00:00.0000105" startTime="2022-06-13T21:12:26.3321665+02:00" endTime="2022-06-13T21:12:26.3322884+02:00" testType="13cdc9d9-ddb5-4fa4-a97d-d965ccfc6d4b" outcome="Passed" testListId="8c84fa94-04c1-424b-9868-57a2d4851a1d" relativeResultsDirectory="0d42c194-34eb-4bc8-9031-1b277739662b" />
    <UnitTestResult executionId="65da6853-ff9c-49f3-ad8c-70919a8612cf" testId="d99d4de9-f8d0-4618-bd73-e12739c2353c" testName="FormatToStringTest1000 (11118.620997698335,11118.62 zł)" computerName="DESKTOP-5URQ9PB" duration="00:00:00.0000068" startTime="2022-06-13T21:12:26.4207528+02:00" endTime="2022-06-13T21:12:26.4208189+02:00" testType="13cdc9d9-ddb5-4fa4-a97d-d965ccfc6d4b" outcome="Passed" testListId="8c84fa94-04c1-424b-9868-57a2d4851a1d" relativeResultsDirectory="65da6853-ff9c-49f3-ad8c-70919a8612cf" />
    <UnitTestResult executionId="2cb142f6-e04e-4705-b471-156dbe41df9e" testId="a09fdcd3-bed1-4b3e-950e-855266b607c0" testName="FormatToStringTest1000 (5140.16338917155,5140.16 zł)" computerName="DESKTOP-5URQ9PB" duration="00:00:00.0000064" startTime="2022-06-13T21:12:26.5049362+02:00" endTime="2022-06-13T21:12:26.5050027+02:00" testType="13cdc9d9-ddb5-4fa4-a97d-d965ccfc6d4b" outcome="Passed" testListId="8c84fa94-04c1-424b-9868-57a2d4851a1d" relativeResultsDirectory="2cb142f6-e04e-4705-b471-156dbe41df9e" />
    <UnitTestResult executionId="9b76fa0a-6b26-4225-9354-b08bfba91e46" testId="85c2a1f9-7720-4f67-a3dc-ce4c247d4136" testName="FormatToStringTest1000 (23662.291816162084,23662.29 zł)" computerName="DESKTOP-5URQ9PB" duration="00:00:00.0000065" startTime="2022-06-13T21:12:26.5617452+02:00" endTime="2022-06-13T21:12:26.5618201+02:00" testType="13cdc9d9-ddb5-4fa4-a97d-d965ccfc6d4b" outcome="Passed" testListId="8c84fa94-04c1-424b-9868-57a2d4851a1d" relativeResultsDirectory="9b76fa0a-6b26-4225-9354-b08bfba91e46" />
    <UnitTestResult executionId="ccbedaa3-0058-459a-a0e9-899826eb39ca" testId="928dbdd5-ec41-46e2-81f4-340bc73ced93" testName="FormatToStringTest1000 (86.89546322771136,86.90 zł)" computerName="DESKTOP-5URQ9PB" duration="00:00:00.0000063" startTime="2022-06-13T21:12:26.2761080+02:00" endTime="2022-06-13T21:12:26.2761817+02:00" testType="13cdc9d9-ddb5-4fa4-a97d-d965ccfc6d4b" outcome="Passed" testListId="8c84fa94-04c1-424b-9868-57a2d4851a1d" relativeResultsDirectory="ccbedaa3-0058-459a-a0e9-899826eb39ca" />
    <UnitTestResult executionId="f185c9c5-878e-43fd-9959-fac4d0a5f6a2" testId="8c6cdb87-4ebb-4cac-a56a-162570ddba38" testName="FormatToStringTest1000 (19392.945535027862,19392.95 zł)" computerName="DESKTOP-5URQ9PB" duration="00:00:00.0000064" startTime="2022-06-13T21:12:26.3882680+02:00" endTime="2022-06-13T21:12:26.3883352+02:00" testType="13cdc9d9-ddb5-4fa4-a97d-d965ccfc6d4b" outcome="Passed" testListId="8c84fa94-04c1-424b-9868-57a2d4851a1d" relativeResultsDirectory="f185c9c5-878e-43fd-9959-fac4d0a5f6a2" />
    <UnitTestResult executionId="d2b8917d-7364-4b52-9a8b-7ff3f42c7e6c" testId="2ac8ee0c-31b5-42dc-89ae-b78460f98cfc" testName="FormatToStringTest1000 (5855.75080885354,5855.75 zł)" computerName="DESKTOP-5URQ9PB" duration="00:00:00.0000064" startTime="2022-06-13T21:12:26.5254264+02:00" endTime="2022-06-13T21:12:26.5254922+02:00" testType="13cdc9d9-ddb5-4fa4-a97d-d965ccfc6d4b" outcome="Passed" testListId="8c84fa94-04c1-424b-9868-57a2d4851a1d" relativeResultsDirectory="d2b8917d-7364-4b52-9a8b-7ff3f42c7e6c" />
    <UnitTestResult executionId="0ac9de76-7e72-4e7b-8772-7c9118711b53" testId="ccc6a53e-eeaa-41ba-97aa-ea6735682763" testName="FormatToStringTest1000 (10324.538670147089,10324.54 zł)" computerName="DESKTOP-5URQ9PB" duration="00:00:00.0000070" startTime="2022-06-13T21:12:26.4988896+02:00" endTime="2022-06-13T21:12:26.4989566+02:00" testType="13cdc9d9-ddb5-4fa4-a97d-d965ccfc6d4b" outcome="Passed" testListId="8c84fa94-04c1-424b-9868-57a2d4851a1d" relativeResultsDirectory="0ac9de76-7e72-4e7b-8772-7c9118711b53" />
    <UnitTestResult executionId="2f5d8541-42e0-4aed-a407-2cded4050828" testId="a2cc6bf9-d6c5-43cd-a696-77d8c910b7d8" testName="FormatToStringTest1000 (29508.077101491428,29508.08 zł)" computerName="DESKTOP-5URQ9PB" duration="00:00:00.0000063" startTime="2022-06-13T21:12:26.3058720+02:00" endTime="2022-06-13T21:12:26.3059400+02:00" testType="13cdc9d9-ddb5-4fa4-a97d-d965ccfc6d4b" outcome="Passed" testListId="8c84fa94-04c1-424b-9868-57a2d4851a1d" relativeResultsDirectory="2f5d8541-42e0-4aed-a407-2cded4050828" />
    <UnitTestResult executionId="d05d4eda-86fd-44e6-b6a4-8a971db44eea" testId="903da1a4-c9aa-4c5f-8b18-cce5ccc999fa" testName="FormatToStringTest1000 (34951.47290410077,34951.47 zł)" computerName="DESKTOP-5URQ9PB" duration="00:00:00.0000061" startTime="2022-06-13T21:12:26.4177273+02:00" endTime="2022-06-13T21:12:26.4177932+02:00" testType="13cdc9d9-ddb5-4fa4-a97d-d965ccfc6d4b" outcome="Passed" testListId="8c84fa94-04c1-424b-9868-57a2d4851a1d" relativeResultsDirectory="d05d4eda-86fd-44e6-b6a4-8a971db44eea" />
    <UnitTestResult executionId="87b35d3b-694f-4dbb-b2c2-560655028f62" testId="aded08a4-8364-47c9-a9a7-813d9d2a72df" testName="FormatToStringTest1000 (9816.961298880615,9816.96 zł)" computerName="DESKTOP-5URQ9PB" duration="00:00:00.0000064" startTime="2022-06-13T21:12:26.2656836+02:00" endTime="2022-06-13T21:12:26.2657522+02:00" testType="13cdc9d9-ddb5-4fa4-a97d-d965ccfc6d4b" outcome="Passed" testListId="8c84fa94-04c1-424b-9868-57a2d4851a1d" relativeResultsDirectory="87b35d3b-694f-4dbb-b2c2-560655028f62" />
    <UnitTestResult executionId="ebb27861-69ee-4079-aa2a-edb69cf3b076" testId="3ff3a0d7-6831-4a8b-b40f-90cda9153725" testName="FormatToStringTest1000 (34062.88803158276,34062.89 zł)" computerName="DESKTOP-5URQ9PB" duration="00:00:00.0000062" startTime="2022-06-13T21:12:26.5686529+02:00" endTime="2022-06-13T21:12:26.5687184+02:00" testType="13cdc9d9-ddb5-4fa4-a97d-d965ccfc6d4b" outcome="Passed" testListId="8c84fa94-04c1-424b-9868-57a2d4851a1d" relativeResultsDirectory="ebb27861-69ee-4079-aa2a-edb69cf3b076" />
    <UnitTestResult executionId="f608202a-351d-4255-97b2-622b8ffe79a7" testId="d78a45ff-8863-4564-b27a-50aef8cb3be7" testName="FormatToStringTest1000 (1474.699818629166,1474.70 zł)" computerName="DESKTOP-5URQ9PB" duration="00:00:00.0000064" startTime="2022-06-13T21:12:26.5685695+02:00" endTime="2022-06-13T21:12:26.5686361+02:00" testType="13cdc9d9-ddb5-4fa4-a97d-d965ccfc6d4b" outcome="Passed" testListId="8c84fa94-04c1-424b-9868-57a2d4851a1d" relativeResultsDirectory="f608202a-351d-4255-97b2-622b8ffe79a7" />
    <UnitTestResult executionId="13a69db6-9272-4d82-a6b3-729041d7e53e" testId="409a7461-8eac-4e3e-9020-6a5d77b06067" testName="FormatToStringTest1000 (45070.5442499493,45070.54 zł)" computerName="DESKTOP-5URQ9PB" duration="00:00:00.0000063" startTime="2022-06-13T21:12:26.5380592+02:00" endTime="2022-06-13T21:12:26.5381260+02:00" testType="13cdc9d9-ddb5-4fa4-a97d-d965ccfc6d4b" outcome="Passed" testListId="8c84fa94-04c1-424b-9868-57a2d4851a1d" relativeResultsDirectory="13a69db6-9272-4d82-a6b3-729041d7e53e" />
    <UnitTestResult executionId="1386efb9-2806-4267-a3e4-7192c8377f3c" testId="77c3dd7c-76c8-44d3-996a-e2fd3fa3f39c" testName="FormatToStringTest1000 (11796.576829059317,11796.58 zł)" computerName="DESKTOP-5URQ9PB" duration="00:00:00.0000066" startTime="2022-06-13T21:12:26.5531792+02:00" endTime="2022-06-13T21:12:26.5532476+02:00" testType="13cdc9d9-ddb5-4fa4-a97d-d965ccfc6d4b" outcome="Passed" testListId="8c84fa94-04c1-424b-9868-57a2d4851a1d" relativeResultsDirectory="1386efb9-2806-4267-a3e4-7192c8377f3c" />
    <UnitTestResult executionId="bc7ada7c-4434-487d-81d3-2d056c2a124b" testId="43e65a05-c89b-4082-a298-cd341548f38d" testName="FormatToStringTest1000 (49256.65708813195,49256.66 zł)" computerName="DESKTOP-5URQ9PB" duration="00:00:00.0000062" startTime="2022-06-13T21:12:26.5176047+02:00" endTime="2022-06-13T21:12:26.5176697+02:00" testType="13cdc9d9-ddb5-4fa4-a97d-d965ccfc6d4b" outcome="Passed" testListId="8c84fa94-04c1-424b-9868-57a2d4851a1d" relativeResultsDirectory="bc7ada7c-4434-487d-81d3-2d056c2a124b" />
    <UnitTestResult executionId="af17e249-8494-42e6-96a6-795ff744ad6d" testId="83e1ef8e-5620-459d-ab89-772d8ee738e8" testName="FormatToStringTest1000 (11181.228339251702,11181.23 zł)" computerName="DESKTOP-5URQ9PB" duration="00:00:00.0000062" startTime="2022-06-13T21:12:26.5920684+02:00" endTime="2022-06-13T21:12:26.5921352+02:00" testType="13cdc9d9-ddb5-4fa4-a97d-d965ccfc6d4b" outcome="Passed" testListId="8c84fa94-04c1-424b-9868-57a2d4851a1d" relativeResultsDirectory="af17e249-8494-42e6-96a6-795ff744ad6d" />
    <UnitTestResult executionId="f08f8f5e-1aa0-4975-b0ad-5df68e5b6b5f" testId="68aa8b90-d394-4819-8b07-0b3eac87be75" testName="FormatToStringTest1000 (823.2747994560166,823.27 zł)" computerName="DESKTOP-5URQ9PB" duration="00:00:00.0000064" startTime="2022-06-13T21:12:26.5397150+02:00" endTime="2022-06-13T21:12:26.5397818+02:00" testType="13cdc9d9-ddb5-4fa4-a97d-d965ccfc6d4b" outcome="Passed" testListId="8c84fa94-04c1-424b-9868-57a2d4851a1d" relativeResultsDirectory="f08f8f5e-1aa0-4975-b0ad-5df68e5b6b5f" />
    <UnitTestResult executionId="5acd3e81-f809-4801-bf4f-b9ccce027ae2" testId="e6773cb1-c592-4d61-997f-f7f34f621566" testName="FormatToStringTest1000 (1664.7834932994022,1664.78 zł)" computerName="DESKTOP-5URQ9PB" duration="00:00:00.0000062" startTime="2022-06-13T21:12:26.5880475+02:00" endTime="2022-06-13T21:12:26.5881118+02:00" testType="13cdc9d9-ddb5-4fa4-a97d-d965ccfc6d4b" outcome="Passed" testListId="8c84fa94-04c1-424b-9868-57a2d4851a1d" relativeResultsDirectory="5acd3e81-f809-4801-bf4f-b9ccce027ae2" />
    <UnitTestResult executionId="67a76b60-7c52-4cbd-814d-022717629595" testId="a891784c-e778-4a36-939b-da2453fd4898" testName="FormatToStringTest1000 (867.5236648356187,867.52 zł)" computerName="DESKTOP-5URQ9PB" duration="00:00:00.0000063" startTime="2022-06-13T21:12:26.5534277+02:00" endTime="2022-06-13T21:12:26.5534926+02:00" testType="13cdc9d9-ddb5-4fa4-a97d-d965ccfc6d4b" outcome="Passed" testListId="8c84fa94-04c1-424b-9868-57a2d4851a1d" relativeResultsDirectory="67a76b60-7c52-4cbd-814d-022717629595" />
    <UnitTestResult executionId="d0f49cb1-a94d-4499-b8d9-36f6f0132314" testId="88142cc2-a4a8-468a-9f82-b45dca749c6e" testName="FormatToStringTest1000 (3092.9215945624383,3092.92 zł)" computerName="DESKTOP-5URQ9PB" duration="00:00:00.0000261" startTime="2022-06-13T21:12:26.4867689+02:00" endTime="2022-06-13T21:12:26.4869519+02:00" testType="13cdc9d9-ddb5-4fa4-a97d-d965ccfc6d4b" outcome="Passed" testListId="8c84fa94-04c1-424b-9868-57a2d4851a1d" relativeResultsDirectory="d0f49cb1-a94d-4499-b8d9-36f6f0132314" />
    <UnitTestResult executionId="48ef0863-8bc4-4bbb-9b00-5382445e8085" testId="5eba3820-575b-46a4-a7d3-cfdd662372c0" testName="FormatToStringTest1000 (1328.353302088265,1328.35 zł)" computerName="DESKTOP-5URQ9PB" duration="00:00:00.0000062" startTime="2022-06-13T21:12:26.4235752+02:00" endTime="2022-06-13T21:12:26.4236416+02:00" testType="13cdc9d9-ddb5-4fa4-a97d-d965ccfc6d4b" outcome="Passed" testListId="8c84fa94-04c1-424b-9868-57a2d4851a1d" relativeResultsDirectory="48ef0863-8bc4-4bbb-9b00-5382445e8085" />
    <UnitTestResult executionId="b7b59b47-83af-434b-810d-a6f86af1137e" testId="d00dbe14-9f3b-4fa4-b140-70929d5a237d" testName="FormatToStringTest1000 (7569.605888796322,7569.61 zł)" computerName="DESKTOP-5URQ9PB" duration="00:00:00.0000067" startTime="2022-06-13T21:12:26.5313816+02:00" endTime="2022-06-13T21:12:26.5314539+02:00" testType="13cdc9d9-ddb5-4fa4-a97d-d965ccfc6d4b" outcome="Passed" testListId="8c84fa94-04c1-424b-9868-57a2d4851a1d" relativeResultsDirectory="b7b59b47-83af-434b-810d-a6f86af1137e" />
    <UnitTestResult executionId="52e9e857-85f2-4def-9d9d-adb9d3efe9df" testId="ac5e6599-7138-455b-a0d1-b1331e60f032" testName="FormatToStringTest1000 (65809.35218338219,65809.35 zł)" computerName="DESKTOP-5URQ9PB" duration="00:00:00.0000062" startTime="2022-06-13T21:12:26.5766810+02:00" endTime="2022-06-13T21:12:26.5767448+02:00" testType="13cdc9d9-ddb5-4fa4-a97d-d965ccfc6d4b" outcome="Passed" testListId="8c84fa94-04c1-424b-9868-57a2d4851a1d" relativeResultsDirectory="52e9e857-85f2-4def-9d9d-adb9d3efe9df" />
    <UnitTestResult executionId="2fb0bacb-c8d6-4dd1-ba6b-2d4822f103bd" testId="e2e41e21-8916-48d9-8e46-b0230251e61f" testName="FormatToStringTest1000 (591.2110872302256,591.21 zł)" computerName="DESKTOP-5URQ9PB" duration="00:00:00.0000062" startTime="2022-06-13T21:12:26.2794444+02:00" endTime="2022-06-13T21:12:26.2795106+02:00" testType="13cdc9d9-ddb5-4fa4-a97d-d965ccfc6d4b" outcome="Passed" testListId="8c84fa94-04c1-424b-9868-57a2d4851a1d" relativeResultsDirectory="2fb0bacb-c8d6-4dd1-ba6b-2d4822f103bd" />
    <UnitTestResult executionId="6b71a527-fa37-40de-9bf1-28bb00f40d01" testId="d21b9251-f664-4c92-ac1d-9729c887a911" testName="FormatToStringTest1000 (4116.417580192638,4116.42 zł)" computerName="DESKTOP-5URQ9PB" duration="00:00:00.0000070" startTime="2022-06-13T21:12:26.4519406+02:00" endTime="2022-06-13T21:12:26.4520097+02:00" testType="13cdc9d9-ddb5-4fa4-a97d-d965ccfc6d4b" outcome="Passed" testListId="8c84fa94-04c1-424b-9868-57a2d4851a1d" relativeResultsDirectory="6b71a527-fa37-40de-9bf1-28bb00f40d01" />
    <UnitTestResult executionId="44e50edd-e6fe-47b8-b935-1984f4fb62da" testId="98cf1ec3-4d6c-4bec-b28b-620cf3e03aab" testName="FormatToStringTest1000 (10534.184353995222,10534.18 zł)" computerName="DESKTOP-5URQ9PB" duration="00:00:00.0000061" startTime="2022-06-13T21:12:26.3059579+02:00" endTime="2022-06-13T21:12:26.3060245+02:00" testType="13cdc9d9-ddb5-4fa4-a97d-d965ccfc6d4b" outcome="Passed" testListId="8c84fa94-04c1-424b-9868-57a2d4851a1d" relativeResultsDirectory="44e50edd-e6fe-47b8-b935-1984f4fb62da" />
    <UnitTestResult executionId="6ddffbaf-b571-4616-a41a-d0c8980e7834" testId="2e9776f5-c39d-4837-ac8e-3b7485667400" testName="FormatToStringTest1000 (50550.645020282194,50550.65 zł)" computerName="DESKTOP-5URQ9PB" duration="00:00:00.0000412" startTime="2022-06-13T21:12:26.4791680+02:00" endTime="2022-06-13T21:12:26.4796294+02:00" testType="13cdc9d9-ddb5-4fa4-a97d-d965ccfc6d4b" outcome="Passed" testListId="8c84fa94-04c1-424b-9868-57a2d4851a1d" relativeResultsDirectory="6ddffbaf-b571-4616-a41a-d0c8980e7834" />
    <UnitTestResult executionId="bdc9f422-04b1-4d32-944d-c3468cc69d68" testId="dd7f4aab-9fcd-47fe-954e-e7f99cd26d6f" testName="FormatToStringTest1000 (964.9678631783313,964.97 zł)" computerName="DESKTOP-5URQ9PB" duration="00:00:00.0000114" startTime="2022-06-13T21:12:26.3679614+02:00" endTime="2022-06-13T21:12:26.3680390+02:00" testType="13cdc9d9-ddb5-4fa4-a97d-d965ccfc6d4b" outcome="Passed" testListId="8c84fa94-04c1-424b-9868-57a2d4851a1d" relativeResultsDirectory="bdc9f422-04b1-4d32-944d-c3468cc69d68" />
    <UnitTestResult executionId="65e47073-890c-4285-b90b-7759b4dfdaa5" testId="3aaf2f77-0630-4850-85ed-8c357d1576bc" testName="FormatToStringTest1000 (1130.8119115372242,1130.81 zł)" computerName="DESKTOP-5URQ9PB" duration="00:00:00.0000063" startTime="2022-06-13T21:12:26.5862795+02:00" endTime="2022-06-13T21:12:26.5863445+02:00" testType="13cdc9d9-ddb5-4fa4-a97d-d965ccfc6d4b" outcome="Passed" testListId="8c84fa94-04c1-424b-9868-57a2d4851a1d" relativeResultsDirectory="65e47073-890c-4285-b90b-7759b4dfdaa5" />
    <UnitTestResult executionId="73c7a95c-515f-4138-9fba-8d634e0cdddf" testId="b898a82c-6611-45e0-b3ce-559e0e092bd3" testName="FormatToStringTest1000 (14480.387652530982,14480.39 zł)" computerName="DESKTOP-5URQ9PB" duration="00:00:00.0000062" startTime="2022-06-13T21:12:26.3573291+02:00" endTime="2022-06-13T21:12:26.3573954+02:00" testType="13cdc9d9-ddb5-4fa4-a97d-d965ccfc6d4b" outcome="Passed" testListId="8c84fa94-04c1-424b-9868-57a2d4851a1d" relativeResultsDirectory="73c7a95c-515f-4138-9fba-8d634e0cdddf" />
    <UnitTestResult executionId="da044eab-d2be-4525-89ac-b685d5e16abc" testId="2760b1f9-87c9-4a90-a1ec-8dd17d3aa418" testName="FormatToStringTest1000 (26843.15785584932,26843.16 zł)" computerName="DESKTOP-5URQ9PB" duration="00:00:00.0000066" startTime="2022-06-13T21:12:26.5921599+02:00" endTime="2022-06-13T21:12:26.5922284+02:00" testType="13cdc9d9-ddb5-4fa4-a97d-d965ccfc6d4b" outcome="Passed" testListId="8c84fa94-04c1-424b-9868-57a2d4851a1d" relativeResultsDirectory="da044eab-d2be-4525-89ac-b685d5e16abc" />
    <UnitTestResult executionId="9130bb11-26c7-431d-a665-55def16cceaa" testId="fab9e98e-dac7-47b1-b15e-4aed47765ea6" testName="FormatToStringTest1000 (43799.04472166535,43799.04 zł)" computerName="DESKTOP-5URQ9PB" duration="00:00:00.0000063" startTime="2022-06-13T21:12:26.4174751+02:00" endTime="2022-06-13T21:12:26.4175420+02:00" testType="13cdc9d9-ddb5-4fa4-a97d-d965ccfc6d4b" outcome="Passed" testListId="8c84fa94-04c1-424b-9868-57a2d4851a1d" relativeResultsDirectory="9130bb11-26c7-431d-a665-55def16cceaa" />
    <UnitTestResult executionId="e91eec3b-417f-447d-8355-53b55e7b729c" testId="a6e817ad-7b8b-4f28-a515-d6941490627a" testName="FormatToStringTest1000 (14100.01255469211,14100.01 zł)" computerName="DESKTOP-5URQ9PB" duration="00:00:00.0000063" startTime="2022-06-13T21:12:26.3324013+02:00" endTime="2022-06-13T21:12:26.3324692+02:00" testType="13cdc9d9-ddb5-4fa4-a97d-d965ccfc6d4b" outcome="Passed" testListId="8c84fa94-04c1-424b-9868-57a2d4851a1d" relativeResultsDirectory="e91eec3b-417f-447d-8355-53b55e7b729c" />
    <UnitTestResult executionId="4d57e644-8cf6-46ea-8085-7fd1a15bcd24" testId="39ed3a9c-27e5-44b2-abe8-baa19131468d" testName="FormatToStringTest1000 (7370.518277515898,7370.52 zł)" computerName="DESKTOP-5URQ9PB" duration="00:00:00.0000065" startTime="2022-06-13T21:12:26.3785835+02:00" endTime="2022-06-13T21:12:26.3786519+02:00" testType="13cdc9d9-ddb5-4fa4-a97d-d965ccfc6d4b" outcome="Passed" testListId="8c84fa94-04c1-424b-9868-57a2d4851a1d" relativeResultsDirectory="4d57e644-8cf6-46ea-8085-7fd1a15bcd24" />
    <UnitTestResult executionId="a2ef53fd-87e4-44b8-84dc-52b07d43f322" testId="dc808844-2ecd-4ff3-bbaf-dce54428d291" testName="FormatToStringTest1000 (13478.157112043891,13478.16 zł)" computerName="DESKTOP-5URQ9PB" duration="00:00:00.0000372" startTime="2022-06-13T21:12:26.4808346+02:00" endTime="2022-06-13T21:12:26.4812527+02:00" testType="13cdc9d9-ddb5-4fa4-a97d-d965ccfc6d4b" outcome="Passed" testListId="8c84fa94-04c1-424b-9868-57a2d4851a1d" relativeResultsDirectory="a2ef53fd-87e4-44b8-84dc-52b07d43f322" />
    <UnitTestResult executionId="8717b4d7-3fe0-43ea-aae0-d205d75a9e37" testId="4be0f76a-bdd8-455f-aed9-43ff7822d16f" testName="FormatToStringTest1000 (11175.438820935526,11175.44 zł)" computerName="DESKTOP-5URQ9PB" duration="00:00:00.0000062" startTime="2022-06-13T21:12:26.3384279+02:00" endTime="2022-06-13T21:12:26.3384960+02:00" testType="13cdc9d9-ddb5-4fa4-a97d-d965ccfc6d4b" outcome="Passed" testListId="8c84fa94-04c1-424b-9868-57a2d4851a1d" relativeResultsDirectory="8717b4d7-3fe0-43ea-aae0-d205d75a9e37" />
    <UnitTestResult executionId="a2149edb-f9c8-4734-858a-decd888cde1d" testId="b1709fa7-1de2-410c-8ba8-b32e1158ed50" testName="FormatToStringTest1000 (3477.860963622509,3477.86 zł)" computerName="DESKTOP-5URQ9PB" duration="00:00:00.0000062" startTime="2022-06-13T21:12:26.5474844+02:00" endTime="2022-06-13T21:12:26.5475488+02:00" testType="13cdc9d9-ddb5-4fa4-a97d-d965ccfc6d4b" outcome="Passed" testListId="8c84fa94-04c1-424b-9868-57a2d4851a1d" relativeResultsDirectory="a2149edb-f9c8-4734-858a-decd888cde1d" />
    <UnitTestResult executionId="fafd5030-ffd8-4ed3-8791-c0e0956f66b7" testId="2e0dbc74-f913-4112-9280-e34687491abe" testName="FormatToStringTest1000 (2339.5873176472205,2339.59 zł)" computerName="DESKTOP-5URQ9PB" duration="00:00:00.0000061" startTime="2022-06-13T21:12:26.4369118+02:00" endTime="2022-06-13T21:12:26.4369783+02:00" testType="13cdc9d9-ddb5-4fa4-a97d-d965ccfc6d4b" outcome="Passed" testListId="8c84fa94-04c1-424b-9868-57a2d4851a1d" relativeResultsDirectory="fafd5030-ffd8-4ed3-8791-c0e0956f66b7" />
    <UnitTestResult executionId="b56b56a8-ef6d-4712-9aff-8b6cf86c7e5f" testId="3779a9d6-5631-44b7-8524-9020e0e11821" testName="FormatToStringTest1000 (31622.81414407809,31622.81 zł)" computerName="DESKTOP-5URQ9PB" duration="00:00:00.0000061" startTime="2022-06-13T21:12:26.5750296+02:00" endTime="2022-06-13T21:12:26.5750936+02:00" testType="13cdc9d9-ddb5-4fa4-a97d-d965ccfc6d4b" outcome="Passed" testListId="8c84fa94-04c1-424b-9868-57a2d4851a1d" relativeResultsDirectory="b56b56a8-ef6d-4712-9aff-8b6cf86c7e5f" />
    <UnitTestResult executionId="cf1a7f72-6e48-409c-affd-1da425a2bb17" testId="0483e560-1840-4b10-8260-36cccceb773a" testName="FormatToStringTest1000 (36211.11038300866,36211.11 zł)" computerName="DESKTOP-5URQ9PB" duration="00:00:00.0000063" startTime="2022-06-13T21:12:26.5378995+02:00" endTime="2022-06-13T21:12:26.5379633+02:00" testType="13cdc9d9-ddb5-4fa4-a97d-d965ccfc6d4b" outcome="Passed" testListId="8c84fa94-04c1-424b-9868-57a2d4851a1d" relativeResultsDirectory="cf1a7f72-6e48-409c-affd-1da425a2bb17" />
    <UnitTestResult executionId="945555c7-5210-43c0-8c50-d77b129fb90d" testId="74e9a9eb-0652-486b-80dd-a56ada8636e4" testName="FormatToStringTest1000 (972.1468308629221,972.15 zł)" computerName="DESKTOP-5URQ9PB" duration="00:00:00.0000062" startTime="2022-06-13T21:12:26.4942523+02:00" endTime="2022-06-13T21:12:26.4943186+02:00" testType="13cdc9d9-ddb5-4fa4-a97d-d965ccfc6d4b" outcome="Passed" testListId="8c84fa94-04c1-424b-9868-57a2d4851a1d" relativeResultsDirectory="945555c7-5210-43c0-8c50-d77b129fb90d" />
    <UnitTestResult executionId="a7ba9c1e-9f30-4b02-b63f-a518e97727d3" testId="4e2d8806-9cdc-4d93-be06-1e189e6c27cf" testName="FormatToStringTest1000 (74851.91547305691,74851.92 zł)" computerName="DESKTOP-5URQ9PB" duration="00:00:00.0000063" startTime="2022-06-13T21:12:26.5648567+02:00" endTime="2022-06-13T21:12:26.5649217+02:00" testType="13cdc9d9-ddb5-4fa4-a97d-d965ccfc6d4b" outcome="Passed" testListId="8c84fa94-04c1-424b-9868-57a2d4851a1d" relativeResultsDirectory="a7ba9c1e-9f30-4b02-b63f-a518e97727d3" />
    <UnitTestResult executionId="ad88b666-fd79-4ec4-851a-3cc958ccd4f9" testId="d2e12d41-813a-45c8-8b0e-f5f262e6c7a0" testName="FormatToStringTest1000 (2390.7596313784643,2390.76 zł)" computerName="DESKTOP-5URQ9PB" duration="00:00:00.0000065" startTime="2022-06-13T21:12:26.4991418+02:00" endTime="2022-06-13T21:12:26.4992170+02:00" testType="13cdc9d9-ddb5-4fa4-a97d-d965ccfc6d4b" outcome="Passed" testListId="8c84fa94-04c1-424b-9868-57a2d4851a1d" relativeResultsDirectory="ad88b666-fd79-4ec4-851a-3cc958ccd4f9" />
    <UnitTestResult executionId="0d763b70-2305-410b-8c2a-46491d9ac207" testId="55816820-521d-4499-888c-ed60e44986f3" testName="FormatToStringTest1000 (41368.29672956015,41368.30 zł)" computerName="DESKTOP-5URQ9PB" duration="00:00:00.0000063" startTime="2022-06-13T21:12:26.3509351+02:00" endTime="2022-06-13T21:12:26.3510026+02:00" testType="13cdc9d9-ddb5-4fa4-a97d-d965ccfc6d4b" outcome="Passed" testListId="8c84fa94-04c1-424b-9868-57a2d4851a1d" relativeResultsDirectory="0d763b70-2305-410b-8c2a-46491d9ac207" />
    <UnitTestResult executionId="dba58efb-b195-4010-ad67-8e139ef546cf" testId="06d3923b-530d-42c3-84a8-9c6f9b2cc685" testName="FormatToStringTest1000 (4823.904478896365,4823.90 zł)" computerName="DESKTOP-5URQ9PB" duration="00:00:00.0000066" startTime="2022-06-13T21:12:26.5174379+02:00" endTime="2022-06-13T21:12:26.5175041+02:00" testType="13cdc9d9-ddb5-4fa4-a97d-d965ccfc6d4b" outcome="Passed" testListId="8c84fa94-04c1-424b-9868-57a2d4851a1d" relativeResultsDirectory="dba58efb-b195-4010-ad67-8e139ef546cf" />
    <UnitTestResult executionId="5f71e1c2-4b2e-44c9-a1a3-d547e3bf2afa" testId="fc856a33-2a42-42f2-b4d3-058d8bb22d74" testName="FormatToStringTest1000 (9151.103070427245,9151.10 zł)" computerName="DESKTOP-5URQ9PB" duration="00:00:00.0000064" startTime="2022-06-13T21:12:26.5864436+02:00" endTime="2022-06-13T21:12:26.5865083+02:00" testType="13cdc9d9-ddb5-4fa4-a97d-d965ccfc6d4b" outcome="Passed" testListId="8c84fa94-04c1-424b-9868-57a2d4851a1d" relativeResultsDirectory="5f71e1c2-4b2e-44c9-a1a3-d547e3bf2afa" />
    <UnitTestResult executionId="4585cf6a-71e4-4c73-907e-b828c2495037" testId="b1dfbfd9-8389-41c3-91af-f1b885d71e04" testName="FormatToStringTest1000 (30020.248557890412,30020.25 zł)" computerName="DESKTOP-5URQ9PB" duration="00:00:00.0000063" startTime="2022-06-13T21:12:26.5046853+02:00" endTime="2022-06-13T21:12:26.5047518+02:00" testType="13cdc9d9-ddb5-4fa4-a97d-d965ccfc6d4b" outcome="Passed" testListId="8c84fa94-04c1-424b-9868-57a2d4851a1d" relativeResultsDirectory="4585cf6a-71e4-4c73-907e-b828c2495037" />
    <UnitTestResult executionId="44e68014-524a-4147-9891-e099dc8e9088" testId="21645ff4-8a01-4bb5-a5a1-dde1750f47c1" testName="FormatToStringTest1000 (12610.563163818122,12610.56 zł)" computerName="DESKTOP-5URQ9PB" duration="00:00:00.0000062" startTime="2022-06-13T21:12:26.5646081+02:00" endTime="2022-06-13T21:12:26.5646739+02:00" testType="13cdc9d9-ddb5-4fa4-a97d-d965ccfc6d4b" outcome="Passed" testListId="8c84fa94-04c1-424b-9868-57a2d4851a1d" relativeResultsDirectory="44e68014-524a-4147-9891-e099dc8e9088" />
    <UnitTestResult executionId="89347b9d-8c5f-4e07-971c-6fb9663b1b82" testId="5e63b4ff-4e4d-4831-986c-2827ea43aedc" testName="FormatToStringTest1000 (20978.860218282258,20978.86 zł)" computerName="DESKTOP-5URQ9PB" duration="00:00:00.0000128" startTime="2022-06-13T21:12:26.3637328+02:00" endTime="2022-06-13T21:12:26.3638943+02:00" testType="13cdc9d9-ddb5-4fa4-a97d-d965ccfc6d4b" outcome="Passed" testListId="8c84fa94-04c1-424b-9868-57a2d4851a1d" relativeResultsDirectory="89347b9d-8c5f-4e07-971c-6fb9663b1b82" />
    <UnitTestResult executionId="bdba7aa7-13b8-42a5-9d85-cd055eadaf10" testId="3691fef1-4c9b-4aa2-952b-230abdf51eb0" testName="FormatToStringTest1000 (29539.32303995328,29539.32 zł)" computerName="DESKTOP-5URQ9PB" duration="00:00:00.0000061" startTime="2022-06-13T21:12:26.4295021+02:00" endTime="2022-06-13T21:12:26.4295684+02:00" testType="13cdc9d9-ddb5-4fa4-a97d-d965ccfc6d4b" outcome="Passed" testListId="8c84fa94-04c1-424b-9868-57a2d4851a1d" relativeResultsDirectory="bdba7aa7-13b8-42a5-9d85-cd055eadaf10" />
    <UnitTestResult executionId="73816a80-91d9-4e47-8f4b-57fa893267e0" testId="8047617e-f165-4926-bbb6-608c4496c04e" testName="FormatToStringTest1000 (19189.32381924117,19189.32 zł)" computerName="DESKTOP-5URQ9PB" duration="00:00:00.0000108" startTime="2022-06-13T21:12:26.3569173+02:00" endTime="2022-06-13T21:12:26.3570391+02:00" testType="13cdc9d9-ddb5-4fa4-a97d-d965ccfc6d4b" outcome="Passed" testListId="8c84fa94-04c1-424b-9868-57a2d4851a1d" relativeResultsDirectory="73816a80-91d9-4e47-8f4b-57fa893267e0" />
    <UnitTestResult executionId="3c5c642f-8286-4652-8472-8874a6cf2266" testId="c69eef2a-b048-4af5-a71b-b10466894d48" testName="FormatToStringTest1000 (26215.613055301183,26215.61 zł)" computerName="DESKTOP-5URQ9PB" duration="00:00:00.0000070" startTime="2022-06-13T21:12:26.4962456+02:00" endTime="2022-06-13T21:12:26.4963147+02:00" testType="13cdc9d9-ddb5-4fa4-a97d-d965ccfc6d4b" outcome="Passed" testListId="8c84fa94-04c1-424b-9868-57a2d4851a1d" relativeResultsDirectory="3c5c642f-8286-4652-8472-8874a6cf2266" />
    <UnitTestResult executionId="edb9f689-1c03-48e2-89e4-59655e8b775e" testId="1cafd7c8-9687-4e24-a704-fd2575db54a1" testName="FormatToStringTest1000 (15080.274618567097,15080.27 zł)" computerName="DESKTOP-5URQ9PB" duration="00:00:00.0000071" startTime="2022-06-13T21:12:26.4322781+02:00" endTime="2022-06-13T21:12:26.4323634+02:00" testType="13cdc9d9-ddb5-4fa4-a97d-d965ccfc6d4b" outcome="Passed" testListId="8c84fa94-04c1-424b-9868-57a2d4851a1d" relativeResultsDirectory="edb9f689-1c03-48e2-89e4-59655e8b775e" />
    <UnitTestResult executionId="e9d0d0c3-0337-4266-8b35-b860c7998556" testId="c332c957-4526-4eb2-b740-6e58f6e80608" testName="FormatToStringTest1000 (5317.9582678023535,5317.96 zł)" computerName="DESKTOP-5URQ9PB" duration="00:00:00.0000064" startTime="2022-06-13T21:12:26.4937916+02:00" endTime="2022-06-13T21:12:26.4938637+02:00" testType="13cdc9d9-ddb5-4fa4-a97d-d965ccfc6d4b" outcome="Passed" testListId="8c84fa94-04c1-424b-9868-57a2d4851a1d" relativeResultsDirectory="e9d0d0c3-0337-4266-8b35-b860c7998556" />
    <UnitTestResult executionId="7780f5ab-914d-44b9-a440-7a231edbdd87" testId="0b33533c-9a93-47bb-907c-5904e692fa43" testName="FormatToStringTest1000 (84686.32148464039,84686.32 zł)" computerName="DESKTOP-5URQ9PB" duration="00:00:00.0000064" startTime="2022-06-13T21:12:26.4328445+02:00" endTime="2022-06-13T21:12:26.4329208+02:00" testType="13cdc9d9-ddb5-4fa4-a97d-d965ccfc6d4b" outcome="Passed" testListId="8c84fa94-04c1-424b-9868-57a2d4851a1d" relativeResultsDirectory="7780f5ab-914d-44b9-a440-7a231edbdd87" />
    <UnitTestResult executionId="13b11283-e844-46be-8675-df92b9c0ee0d" testId="27bf09b3-f8d0-4e46-9c80-f9f50bf07fd9" testName="FormatToStringTest1000 (2929.267390865026,2929.27 zł)" computerName="DESKTOP-5URQ9PB" duration="00:00:00.0000071" startTime="2022-06-13T21:12:26.5664542+02:00" endTime="2022-06-13T21:12:26.5665312+02:00" testType="13cdc9d9-ddb5-4fa4-a97d-d965ccfc6d4b" outcome="Passed" testListId="8c84fa94-04c1-424b-9868-57a2d4851a1d" relativeResultsDirectory="13b11283-e844-46be-8675-df92b9c0ee0d" />
    <UnitTestResult executionId="2305e005-991f-4ab0-8aec-94f396376f94" testId="b90d9b57-6003-4adc-8c9a-9af2fcf9e393" testName="FormatToStringTest1000 (4636.500544966897,4636.50 zł)" computerName="DESKTOP-5URQ9PB" duration="00:00:00.0000071" startTime="2022-06-13T21:12:26.5220968+02:00" endTime="2022-06-13T21:12:26.5221817+02:00" testType="13cdc9d9-ddb5-4fa4-a97d-d965ccfc6d4b" outcome="Passed" testListId="8c84fa94-04c1-424b-9868-57a2d4851a1d" relativeResultsDirectory="2305e005-991f-4ab0-8aec-94f396376f94" />
    <UnitTestResult executionId="201186fd-31f2-41ee-b36c-0f7c5396d38c" testId="67196a7f-79e6-4633-8e9f-37c4d51d8d06" testName="FormatToStringTest1000 (15396.537902579894,15396.54 zł)" computerName="DESKTOP-5URQ9PB" duration="00:00:00.0000061" startTime="2022-06-13T21:12:26.5133921+02:00" endTime="2022-06-13T21:12:26.5134577+02:00" testType="13cdc9d9-ddb5-4fa4-a97d-d965ccfc6d4b" outcome="Passed" testListId="8c84fa94-04c1-424b-9868-57a2d4851a1d" relativeResultsDirectory="201186fd-31f2-41ee-b36c-0f7c5396d38c" />
    <UnitTestResult executionId="922251b6-2919-49de-991b-b97ea17a68a6" testId="db7b9491-5ccf-4e25-8762-467824f7d4ec" testName="FormatToStringTest1000 (57436.33241095409,57436.33 zł)" computerName="DESKTOP-5URQ9PB" duration="00:00:00.0000102" startTime="2022-06-13T21:12:26.3849314+02:00" endTime="2022-06-13T21:12:26.3850588+02:00" testType="13cdc9d9-ddb5-4fa4-a97d-d965ccfc6d4b" outcome="Passed" testListId="8c84fa94-04c1-424b-9868-57a2d4851a1d" relativeResultsDirectory="922251b6-2919-49de-991b-b97ea17a68a6" />
    <UnitTestResult executionId="206b1c92-c772-4f9c-b03e-cfcceb5069f5" testId="a4ed3461-9672-4fd7-aa06-20dc4df2f7d4" testName="FormatToStringTest1000 (480.2082316857801,480.21 zł)" computerName="DESKTOP-5URQ9PB" duration="00:00:00.0000062" startTime="2022-06-13T21:12:26.3060429+02:00" endTime="2022-06-13T21:12:26.3061096+02:00" testType="13cdc9d9-ddb5-4fa4-a97d-d965ccfc6d4b" outcome="Passed" testListId="8c84fa94-04c1-424b-9868-57a2d4851a1d" relativeResultsDirectory="206b1c92-c772-4f9c-b03e-cfcceb5069f5" />
    <UnitTestResult executionId="14724b2a-8d6a-41e7-8a21-921431130a41" testId="fc636e11-5372-44cb-990c-43273a914460" testName="FormatToStringTest1000 (58848.60825001477,58848.61 zł)" computerName="DESKTOP-5URQ9PB" duration="00:00:00.0000116" startTime="2022-06-13T21:12:26.2916981+02:00" endTime="2022-06-13T21:12:26.2918498+02:00" testType="13cdc9d9-ddb5-4fa4-a97d-d965ccfc6d4b" outcome="Passed" testListId="8c84fa94-04c1-424b-9868-57a2d4851a1d" relativeResultsDirectory="14724b2a-8d6a-41e7-8a21-921431130a41" />
    <UnitTestResult executionId="3876e22c-cf1e-42ed-b5e2-3627a9c6930e" testId="f632994a-be7a-42cd-8768-85c6c1b9bfe0" testName="FormatToStringTest1000 (6205.946199725357,6205.95 zł)" computerName="DESKTOP-5URQ9PB" duration="00:00:00.0000063" startTime="2022-06-13T21:12:26.3973770+02:00" endTime="2022-06-13T21:12:26.3974447+02:00" testType="13cdc9d9-ddb5-4fa4-a97d-d965ccfc6d4b" outcome="Passed" testListId="8c84fa94-04c1-424b-9868-57a2d4851a1d" relativeResultsDirectory="3876e22c-cf1e-42ed-b5e2-3627a9c6930e" />
    <UnitTestResult executionId="9e5477bf-99dd-4989-bd83-d91bf54c175e" testId="cd4eacd6-7572-4c35-8c9d-2e0014118911" testName="FormatToStringTest1000 (6544.213759255695,6544.21 zł)" computerName="DESKTOP-5URQ9PB" duration="00:00:00.0000075" startTime="2022-06-13T21:12:26.5591243+02:00" endTime="2022-06-13T21:12:26.5592095+02:00" testType="13cdc9d9-ddb5-4fa4-a97d-d965ccfc6d4b" outcome="Passed" testListId="8c84fa94-04c1-424b-9868-57a2d4851a1d" relativeResultsDirectory="9e5477bf-99dd-4989-bd83-d91bf54c175e" />
    <UnitTestResult executionId="61a36a82-8deb-48ea-ae45-269d420a5e60" testId="888f049b-147b-4977-85f5-ffd04b93e4bd" testName="FormatToStringTest1000 (31971.185406704986,31971.19 zł)" computerName="DESKTOP-5URQ9PB" duration="00:00:00.0000075" startTime="2022-06-13T21:12:26.4551655+02:00" endTime="2022-06-13T21:12:26.4552529+02:00" testType="13cdc9d9-ddb5-4fa4-a97d-d965ccfc6d4b" outcome="Passed" testListId="8c84fa94-04c1-424b-9868-57a2d4851a1d" relativeResultsDirectory="61a36a82-8deb-48ea-ae45-269d420a5e60" />
    <UnitTestResult executionId="9aed140b-0fc3-4244-be02-691b33fd17e4" testId="4fe2d28b-855e-4266-b800-72ce11cf2550" testName="FormatToStringTest1000 (17315.72309779363,17315.72 zł)" computerName="DESKTOP-5URQ9PB" duration="00:00:00.0000062" startTime="2022-06-13T21:12:26.3914746+02:00" endTime="2022-06-13T21:12:26.3915416+02:00" testType="13cdc9d9-ddb5-4fa4-a97d-d965ccfc6d4b" outcome="Passed" testListId="8c84fa94-04c1-424b-9868-57a2d4851a1d" relativeResultsDirectory="9aed140b-0fc3-4244-be02-691b33fd17e4" />
    <UnitTestResult executionId="d485f360-f7d0-41b6-bbd6-8122f8d37deb" testId="540810a9-00cb-43b4-918d-3d83e6e7bc20" testName="FormatToStringTest1000 (32213.734885384205,32213.73 zł)" computerName="DESKTOP-5URQ9PB" duration="00:00:00.0000064" startTime="2022-06-13T21:12:26.5249208+02:00" endTime="2022-06-13T21:12:26.5249876+02:00" testType="13cdc9d9-ddb5-4fa4-a97d-d965ccfc6d4b" outcome="Passed" testListId="8c84fa94-04c1-424b-9868-57a2d4851a1d" relativeResultsDirectory="d485f360-f7d0-41b6-bbd6-8122f8d37deb" />
    <UnitTestResult executionId="ed977df3-43c2-4869-b2dd-56996342fec1" testId="50ad84b9-3c2d-4c1a-890f-77fd5c46e16b" testName="FormatToStringTest1000 (3846.644792262765,3846.64 zł)" computerName="DESKTOP-5URQ9PB" duration="00:00:00.0000062" startTime="2022-06-13T21:12:26.3510203+02:00" endTime="2022-06-13T21:12:26.3510871+02:00" testType="13cdc9d9-ddb5-4fa4-a97d-d965ccfc6d4b" outcome="Passed" testListId="8c84fa94-04c1-424b-9868-57a2d4851a1d" relativeResultsDirectory="ed977df3-43c2-4869-b2dd-56996342fec1" />
    <UnitTestResult executionId="08e1483e-c145-4aa7-b997-5cb28c20eb63" testId="d0eb4833-1043-462f-9767-dde4f6bab4f8" testName="FormatToStringTest1000 (40913.016669489916,40913.02 zł)" computerName="DESKTOP-5URQ9PB" duration="00:00:00.0000063" startTime="2022-06-13T21:12:26.5646911+02:00" endTime="2022-06-13T21:12:26.5647567+02:00" testType="13cdc9d9-ddb5-4fa4-a97d-d965ccfc6d4b" outcome="Passed" testListId="8c84fa94-04c1-424b-9868-57a2d4851a1d" relativeResultsDirectory="08e1483e-c145-4aa7-b997-5cb28c20eb63" />
    <UnitTestResult executionId="e1040d08-7eff-4b6b-9264-ca3c62b6a349" testId="7a2a3e29-571e-4de9-ab80-2cf59db792b4" testName="FormatToStringTest1000 (1860.3356292016504,1860.34 zł)" computerName="DESKTOP-5URQ9PB" duration="00:00:00.0000062" startTime="2022-06-13T21:12:26.4460357+02:00" endTime="2022-06-13T21:12:26.4461019+02:00" testType="13cdc9d9-ddb5-4fa4-a97d-d965ccfc6d4b" outcome="Passed" testListId="8c84fa94-04c1-424b-9868-57a2d4851a1d" relativeResultsDirectory="e1040d08-7eff-4b6b-9264-ca3c62b6a349" />
    <UnitTestResult executionId="fe88dc73-a7ff-4b8d-9aa9-7a12f2c498c7" testId="72277578-623b-4225-8e7b-f20b128b609b" testName="FormatToStringTest1000 (1745.490603896552,1745.49 zł)" computerName="DESKTOP-5URQ9PB" duration="00:00:00.0000070" startTime="2022-06-13T21:12:26.3415167+02:00" endTime="2022-06-13T21:12:26.3415847+02:00" testType="13cdc9d9-ddb5-4fa4-a97d-d965ccfc6d4b" outcome="Passed" testListId="8c84fa94-04c1-424b-9868-57a2d4851a1d" relativeResultsDirectory="fe88dc73-a7ff-4b8d-9aa9-7a12f2c498c7" />
    <UnitTestResult executionId="8889f986-6ef8-4d30-8bc8-1da66cf51200" testId="80e33d0e-64f4-457a-96a0-1981bb8e1e12" testName="FormatToStringTest1000 (96.75594581512546,96.76 zł)" computerName="DESKTOP-5URQ9PB" duration="00:00:00.0000063" startTime="2022-06-13T21:12:26.2853975+02:00" endTime="2022-06-13T21:12:26.2854652+02:00" testType="13cdc9d9-ddb5-4fa4-a97d-d965ccfc6d4b" outcome="Passed" testListId="8c84fa94-04c1-424b-9868-57a2d4851a1d" relativeResultsDirectory="8889f986-6ef8-4d30-8bc8-1da66cf51200" />
    <UnitTestResult executionId="f23602e6-1b3b-4aab-a760-0b6360477a8b" testId="3fb060c1-3921-48fa-aba9-cdcda4bfb049" testName="FormatToStringTest1000 (24566.50251371856,24566.50 zł)" computerName="DESKTOP-5URQ9PB" duration="00:00:00.0000065" startTime="2022-06-13T21:12:26.4612095+02:00" endTime="2022-06-13T21:12:26.4612939+02:00" testType="13cdc9d9-ddb5-4fa4-a97d-d965ccfc6d4b" outcome="Passed" testListId="8c84fa94-04c1-424b-9868-57a2d4851a1d" relativeResultsDirectory="f23602e6-1b3b-4aab-a760-0b6360477a8b" />
    <UnitTestResult executionId="694a1433-5801-4f20-983a-784630680420" testId="55317a08-1137-47d4-ab38-b46eefddf70e" testName="FormatToStringTest1000 (11922.837782177532,11922.84 zł)" computerName="DESKTOP-5URQ9PB" duration="00:00:00.0000061" startTime="2022-06-13T21:12:26.3915592+02:00" endTime="2022-06-13T21:12:26.3916252+02:00" testType="13cdc9d9-ddb5-4fa4-a97d-d965ccfc6d4b" outcome="Passed" testListId="8c84fa94-04c1-424b-9868-57a2d4851a1d" relativeResultsDirectory="694a1433-5801-4f20-983a-784630680420" />
    <UnitTestResult executionId="940e0f5c-7c22-487c-9722-dbaedab338df" testId="fb66da89-5817-4136-aa73-bfbe880ebf3e" testName="FormatToStringTest1000 (397.6461894566408,397.65 zł)" computerName="DESKTOP-5URQ9PB" duration="00:00:00.0000068" startTime="2022-06-13T21:12:26.5537522+02:00" endTime="2022-06-13T21:12:26.5538162+02:00" testType="13cdc9d9-ddb5-4fa4-a97d-d965ccfc6d4b" outcome="Passed" testListId="8c84fa94-04c1-424b-9868-57a2d4851a1d" relativeResultsDirectory="940e0f5c-7c22-487c-9722-dbaedab338df" />
    <UnitTestResult executionId="3882330a-4d15-4fac-a4a7-63a594169df9" testId="d566fe3f-8d54-4887-b666-82a6c5c213e6" testName="FormatToStringTest1000 (806.960597043373,806.96 zł)" computerName="DESKTOP-5URQ9PB" duration="00:00:00.0000064" startTime="2022-06-13T21:12:26.5197593+02:00" endTime="2022-06-13T21:12:26.5198257+02:00" testType="13cdc9d9-ddb5-4fa4-a97d-d965ccfc6d4b" outcome="Passed" testListId="8c84fa94-04c1-424b-9868-57a2d4851a1d" relativeResultsDirectory="3882330a-4d15-4fac-a4a7-63a594169df9" />
    <UnitTestResult executionId="6b13bbc5-44e2-4e7c-ac19-3407ab78b220" testId="543d9480-4f63-4c3a-a2e2-00a7c6085582" testName="FormatToStringTest1000 (65963.39932440939,65963.40 zł)" computerName="DESKTOP-5URQ9PB" duration="00:00:00.0000062" startTime="2022-06-13T21:12:26.5747077+02:00" endTime="2022-06-13T21:12:26.5747720+02:00" testType="13cdc9d9-ddb5-4fa4-a97d-d965ccfc6d4b" outcome="Passed" testListId="8c84fa94-04c1-424b-9868-57a2d4851a1d" relativeResultsDirectory="6b13bbc5-44e2-4e7c-ac19-3407ab78b220" />
    <UnitTestResult executionId="6de73d6a-dc59-4dd9-8298-fbc86a3d5eff" testId="d3532f8e-5d51-4459-ab0a-41accfc072ab" testName="FormatToStringTest1000 (21221.884746198488,21221.88 zł)" computerName="DESKTOP-5URQ9PB" duration="00:00:00.0000071" startTime="2022-06-13T21:12:26.5109611+02:00" endTime="2022-06-13T21:12:26.5110285+02:00" testType="13cdc9d9-ddb5-4fa4-a97d-d965ccfc6d4b" outcome="Passed" testListId="8c84fa94-04c1-424b-9868-57a2d4851a1d" relativeResultsDirectory="6de73d6a-dc59-4dd9-8298-fbc86a3d5eff" />
    <UnitTestResult executionId="bc968ba9-27d9-4dd7-af09-717ab78c84eb" testId="39aebcce-2f35-4715-a005-3c0a6ea10156" testName="FormatToStringTest1000 (19085.023282992664,19085.02 zł)" computerName="DESKTOP-5URQ9PB" duration="00:00:00.0000064" startTime="2022-06-13T21:12:26.4938835+02:00" endTime="2022-06-13T21:12:26.4939604+02:00" testType="13cdc9d9-ddb5-4fa4-a97d-d965ccfc6d4b" outcome="Passed" testListId="8c84fa94-04c1-424b-9868-57a2d4851a1d" relativeResultsDirectory="bc968ba9-27d9-4dd7-af09-717ab78c84eb" />
    <UnitTestResult executionId="37f8685d-1d80-45d1-8f39-e91181c7db96" testId="ee0e4c7f-0468-43d7-a3a2-ec5feb1a31c7" testName="FormatToStringTest1000 (19103.831635461574,19103.83 zł)" computerName="DESKTOP-5URQ9PB" duration="00:00:00.0000070" startTime="2022-06-13T21:12:26.4548917+02:00" endTime="2022-06-13T21:12:26.4549714+02:00" testType="13cdc9d9-ddb5-4fa4-a97d-d965ccfc6d4b" outcome="Passed" testListId="8c84fa94-04c1-424b-9868-57a2d4851a1d" relativeResultsDirectory="37f8685d-1d80-45d1-8f39-e91181c7db96" />
    <UnitTestResult executionId="af2634c2-8be2-4dc4-b02a-2ede08631be9" testId="c8c9d465-2039-47c2-a972-41b54257ba50" testName="FormatToStringTest1000 (6838.422316571894,6838.42 zł)" computerName="DESKTOP-5URQ9PB" duration="00:00:00.0000073" startTime="2022-06-13T21:12:26.3291001+02:00" endTime="2022-06-13T21:12:26.3291738+02:00" testType="13cdc9d9-ddb5-4fa4-a97d-d965ccfc6d4b" outcome="Passed" testListId="8c84fa94-04c1-424b-9868-57a2d4851a1d" relativeResultsDirectory="af2634c2-8be2-4dc4-b02a-2ede08631be9" />
    <UnitTestResult executionId="b62e33e2-59b4-453a-a92e-980a3e966914" testId="72dfa824-7667-4aad-81b5-721eea0331dd" testName="FormatToStringTest1000 (19208.676036795914,19208.68 zł)" computerName="DESKTOP-5URQ9PB" duration="00:00:00.0000062" startTime="2022-06-13T21:12:26.5175213+02:00" endTime="2022-06-13T21:12:26.5175871+02:00" testType="13cdc9d9-ddb5-4fa4-a97d-d965ccfc6d4b" outcome="Passed" testListId="8c84fa94-04c1-424b-9868-57a2d4851a1d" relativeResultsDirectory="b62e33e2-59b4-453a-a92e-980a3e966914" />
    <UnitTestResult executionId="aeaa9bec-2e2f-4a96-847c-0db7b549e192" testId="739bb42f-dbd6-40f9-ab88-c7e899f9863c" testName="FormatToStringTest1000 (2423.6182769712145,2423.62 zł)" computerName="DESKTOP-5URQ9PB" duration="00:00:00.0000090" startTime="2022-06-13T21:12:26.5007693+02:00" endTime="2022-06-13T21:12:26.5008692+02:00" testType="13cdc9d9-ddb5-4fa4-a97d-d965ccfc6d4b" outcome="Passed" testListId="8c84fa94-04c1-424b-9868-57a2d4851a1d" relativeResultsDirectory="aeaa9bec-2e2f-4a96-847c-0db7b549e192" />
    <UnitTestResult executionId="e6bb4129-d4ce-4d25-ade3-bec450e5cede" testId="7e79b1cd-0055-44a4-a40f-5838c9385f6e" testName="FormatToStringTest1000 (7119.076353227755,7119.08 zł)" computerName="DESKTOP-5URQ9PB" duration="00:00:00.0000408" startTime="2022-06-13T21:12:26.4930447+02:00" endTime="2022-06-13T21:12:26.4933167+02:00" testType="13cdc9d9-ddb5-4fa4-a97d-d965ccfc6d4b" outcome="Passed" testListId="8c84fa94-04c1-424b-9868-57a2d4851a1d" relativeResultsDirectory="e6bb4129-d4ce-4d25-ade3-bec450e5cede" />
    <UnitTestResult executionId="eee47fb6-4480-4ce1-8ec5-49bf79ef2fac" testId="baea1460-7ad3-43e2-aa78-dbf805ba021f" testName="FormatToStringTest1000 (57671.67669738675,57671.68 zł)" computerName="DESKTOP-5URQ9PB" duration="00:00:00.0000061" startTime="2022-06-13T21:12:26.5706325+02:00" endTime="2022-06-13T21:12:26.5706986+02:00" testType="13cdc9d9-ddb5-4fa4-a97d-d965ccfc6d4b" outcome="Passed" testListId="8c84fa94-04c1-424b-9868-57a2d4851a1d" relativeResultsDirectory="eee47fb6-4480-4ce1-8ec5-49bf79ef2fac" />
    <UnitTestResult executionId="d3d87b5f-8074-470e-9ba5-c55e6982d858" testId="8511efb8-541d-466a-8910-19229b0fe939" testName="FormatToStringTest1000 (34458.5406463512,34458.54 zł)" computerName="DESKTOP-5URQ9PB" duration="00:00:00.0000255" startTime="2022-06-13T21:12:26.4898426+02:00" endTime="2022-06-13T21:12:26.4900086+02:00" testType="13cdc9d9-ddb5-4fa4-a97d-d965ccfc6d4b" outcome="Passed" testListId="8c84fa94-04c1-424b-9868-57a2d4851a1d" relativeResultsDirectory="d3d87b5f-8074-470e-9ba5-c55e6982d858" />
    <UnitTestResult executionId="a8d2299e-75af-4bc4-9837-3bcd9e82f5f5" testId="e20804e9-1872-46e3-90ce-b8bd22634853" testName="FormatToStringTest1000 (47256.065730817645,47256.07 zł)" computerName="DESKTOP-5URQ9PB" duration="00:00:00.0000091" startTime="2022-06-13T21:12:26.3463756+02:00" endTime="2022-06-13T21:12:26.3464754+02:00" testType="13cdc9d9-ddb5-4fa4-a97d-d965ccfc6d4b" outcome="Passed" testListId="8c84fa94-04c1-424b-9868-57a2d4851a1d" relativeResultsDirectory="a8d2299e-75af-4bc4-9837-3bcd9e82f5f5" />
    <UnitTestResult executionId="b4bb831a-fb48-4dd8-b258-6060247135f3" testId="f9e6cc84-aa4c-434d-812c-db77c79d1265" testName="FormatToStringTest1000 (15129.433864736666,15129.43 zł)" computerName="DESKTOP-5URQ9PB" duration="00:00:00.0000061" startTime="2022-06-13T21:12:26.5516827+02:00" endTime="2022-06-13T21:12:26.5517466+02:00" testType="13cdc9d9-ddb5-4fa4-a97d-d965ccfc6d4b" outcome="Passed" testListId="8c84fa94-04c1-424b-9868-57a2d4851a1d" relativeResultsDirectory="b4bb831a-fb48-4dd8-b258-6060247135f3" />
    <UnitTestResult executionId="1013e0f8-28f1-4d52-bebf-4094c014dd95" testId="53202501-9221-4c4f-8d4c-6f74c5a0d31d" testName="FormatToStringTest1000 (37.631227987646696,37.63 zł)" computerName="DESKTOP-5URQ9PB" duration="00:00:00.0000066" startTime="2022-06-13T21:12:26.5651070+02:00" endTime="2022-06-13T21:12:26.5651852+02:00" testType="13cdc9d9-ddb5-4fa4-a97d-d965ccfc6d4b" outcome="Passed" testListId="8c84fa94-04c1-424b-9868-57a2d4851a1d" relativeResultsDirectory="1013e0f8-28f1-4d52-bebf-4094c014dd95" />
    <UnitTestResult executionId="9411ad03-773b-4e23-8826-674c72b32fd4" testId="918abda1-7739-40d9-8328-2cb825f16b9f" testName="FormatToStringTest1000 (8514.837538072763,8514.84 zł)" computerName="DESKTOP-5URQ9PB" duration="00:00:00.0000065" startTime="2022-06-13T21:12:26.5881283+02:00" endTime="2022-06-13T21:12:26.5882020+02:00" testType="13cdc9d9-ddb5-4fa4-a97d-d965ccfc6d4b" outcome="Passed" testListId="8c84fa94-04c1-424b-9868-57a2d4851a1d" relativeResultsDirectory="9411ad03-773b-4e23-8826-674c72b32fd4" />
    <UnitTestResult executionId="10061e7e-1ae3-4dc9-8f56-776ac8a09c2b" testId="093b05a3-dd48-41e8-8d53-cd8e31f3782a" testName="FormatToStringTest1000 (8242.419043611,8242.42 zł)" computerName="DESKTOP-5URQ9PB" duration="00:00:00.0000066" startTime="2022-06-13T21:12:26.5491861+02:00" endTime="2022-06-13T21:12:26.5492593+02:00" testType="13cdc9d9-ddb5-4fa4-a97d-d965ccfc6d4b" outcome="Passed" testListId="8c84fa94-04c1-424b-9868-57a2d4851a1d" relativeResultsDirectory="10061e7e-1ae3-4dc9-8f56-776ac8a09c2b" />
    <UnitTestResult executionId="b0b16a15-cf1e-476a-8051-46df2ac9667b" testId="5c210eeb-0811-44fc-9868-ce9f975e5649" testName="FormatToStringTest1000 (19609.759296997803,19609.76 zł)" computerName="DESKTOP-5URQ9PB" duration="00:00:00.0000061" startTime="2022-06-13T21:12:26.4202513+02:00" endTime="2022-06-13T21:12:26.4203180+02:00" testType="13cdc9d9-ddb5-4fa4-a97d-d965ccfc6d4b" outcome="Passed" testListId="8c84fa94-04c1-424b-9868-57a2d4851a1d" relativeResultsDirectory="b0b16a15-cf1e-476a-8051-46df2ac9667b" />
    <UnitTestResult executionId="d2b38bad-5129-4679-af29-16e0eb3d6fe8" testId="6c4bfcfb-c6e1-442c-8487-0a98369dc912" testName="FormatToStringTest1000 (33251.41907856028,33251.42 zł)" computerName="DESKTOP-5URQ9PB" duration="00:00:00.0000061" startTime="2022-06-13T21:12:26.3122842+02:00" endTime="2022-06-13T21:12:26.3123504+02:00" testType="13cdc9d9-ddb5-4fa4-a97d-d965ccfc6d4b" outcome="Passed" testListId="8c84fa94-04c1-424b-9868-57a2d4851a1d" relativeResultsDirectory="d2b38bad-5129-4679-af29-16e0eb3d6fe8" />
    <UnitTestResult executionId="4a8f2143-2f81-4695-96b7-4d05c8707f01" testId="bff364cd-74e2-446b-9363-982404edce04" testName="FormatToStringTest1000 (15600.245951180927,15600.25 zł)" computerName="DESKTOP-5URQ9PB" duration="00:00:00.0000062" startTime="2022-06-13T21:12:26.4369955+02:00" endTime="2022-06-13T21:12:26.4370621+02:00" testType="13cdc9d9-ddb5-4fa4-a97d-d965ccfc6d4b" outcome="Passed" testListId="8c84fa94-04c1-424b-9868-57a2d4851a1d" relativeResultsDirectory="4a8f2143-2f81-4695-96b7-4d05c8707f01" />
    <UnitTestResult executionId="233a71c8-1fc7-4ca1-8c8d-61a34013c4c4" testId="fc211d6f-6d70-4e8b-8463-8d402eb9eaf8" testName="FormatToStringTest1000 (7193.552206002898,7193.55 zł)" computerName="DESKTOP-5URQ9PB" duration="00:00:00.0000060" startTime="2022-06-13T21:12:26.5477274+02:00" endTime="2022-06-13T21:12:26.5477914+02:00" testType="13cdc9d9-ddb5-4fa4-a97d-d965ccfc6d4b" outcome="Passed" testListId="8c84fa94-04c1-424b-9868-57a2d4851a1d" relativeResultsDirectory="233a71c8-1fc7-4ca1-8c8d-61a34013c4c4" />
    <UnitTestResult executionId="043cb74e-0a78-4798-bfcd-087506fc3e15" testId="f65de65c-afad-4814-be39-3582991a04e4" testName="FormatToStringTest1000 (14003.84591249742,14003.85 zł)" computerName="DESKTOP-5URQ9PB" duration="00:00:00.0000277" startTime="2022-06-13T21:12:26.4911460+02:00" endTime="2022-06-13T21:12:26.4913301+02:00" testType="13cdc9d9-ddb5-4fa4-a97d-d965ccfc6d4b" outcome="Passed" testListId="8c84fa94-04c1-424b-9868-57a2d4851a1d" relativeResultsDirectory="043cb74e-0a78-4798-bfcd-087506fc3e15" />
    <UnitTestResult executionId="acc706d8-17a4-4955-a40f-0b79148b6012" testId="dff0a4d0-a44c-47d0-bcd2-428d2be0df6e" testName="FormatToStringTest1000 (87505.85936583664,87505.86 zł)" computerName="DESKTOP-5URQ9PB" duration="00:00:00.0000064" startTime="2022-06-13T21:12:26.4521116+02:00" endTime="2022-06-13T21:12:26.4521842+02:00" testType="13cdc9d9-ddb5-4fa4-a97d-d965ccfc6d4b" outcome="Passed" testListId="8c84fa94-04c1-424b-9868-57a2d4851a1d" relativeResultsDirectory="acc706d8-17a4-4955-a40f-0b79148b6012" />
    <UnitTestResult executionId="58f1ac12-a1ac-4cc8-80d3-f731114dcb36" testId="8c3ffe65-c357-43af-97ed-5364a7c3ac99" testName="FormatToStringTest1000 (10511.7304983189,10511.73 zł)" computerName="DESKTOP-5URQ9PB" duration="00:00:00.0000065" startTime="2022-06-13T21:12:26.4040151+02:00" endTime="2022-06-13T21:12:26.4040903+02:00" testType="13cdc9d9-ddb5-4fa4-a97d-d965ccfc6d4b" outcome="Passed" testListId="8c84fa94-04c1-424b-9868-57a2d4851a1d" relativeResultsDirectory="58f1ac12-a1ac-4cc8-80d3-f731114dcb36" />
    <UnitTestResult executionId="cf30b877-8d62-4bec-886b-c9b1c237a277" testId="dcf90845-4dde-47bd-907e-5030531842e4" testName="FormatToStringTest1000 (36978.61073549213,36978.61 zł)" computerName="DESKTOP-5URQ9PB" duration="00:00:00.0000062" startTime="2022-06-13T21:12:26.5362069+02:00" endTime="2022-06-13T21:12:26.5362722+02:00" testType="13cdc9d9-ddb5-4fa4-a97d-d965ccfc6d4b" outcome="Passed" testListId="8c84fa94-04c1-424b-9868-57a2d4851a1d" relativeResultsDirectory="cf30b877-8d62-4bec-886b-c9b1c237a277" />
    <UnitTestResult executionId="6e9e09ea-734d-4648-9691-1e17058ca84e" testId="cd3bee3b-ed00-4e74-bac4-2bfe04ce13b4" testName="FormatToStringTest1000 (22831.975917587977,22831.98 zł)" computerName="DESKTOP-5URQ9PB" duration="00:00:00.0000062" startTime="2022-06-13T21:12:26.4556541+02:00" endTime="2022-06-13T21:12:26.4557211+02:00" testType="13cdc9d9-ddb5-4fa4-a97d-d965ccfc6d4b" outcome="Passed" testListId="8c84fa94-04c1-424b-9868-57a2d4851a1d" relativeResultsDirectory="6e9e09ea-734d-4648-9691-1e17058ca84e" />
    <UnitTestResult executionId="fc79766d-9093-45bc-805a-4fbda02928fa" testId="d552f5b5-14cb-4ce5-9612-e3bdcb1f323e" testName="FormatToStringTest1000 (81326.3340147521,81326.33 zł)" computerName="DESKTOP-5URQ9PB" duration="00:00:00.0000062" startTime="2022-06-13T21:12:26.5556638+02:00" endTime="2022-06-13T21:12:26.5557256+02:00" testType="13cdc9d9-ddb5-4fa4-a97d-d965ccfc6d4b" outcome="Passed" testListId="8c84fa94-04c1-424b-9868-57a2d4851a1d" relativeResultsDirectory="fc79766d-9093-45bc-805a-4fbda02928fa" />
    <UnitTestResult executionId="5274438e-9edd-4a4f-abca-8616516adf0a" testId="7722594c-4706-4fec-867a-e89b73ef7749" testName="FormatToStringTest1000 (88616.03808168416,88616.04 zł)" computerName="DESKTOP-5URQ9PB" duration="00:00:00.0000063" startTime="2022-06-13T21:12:26.5572923+02:00" endTime="2022-06-13T21:12:26.5573576+02:00" testType="13cdc9d9-ddb5-4fa4-a97d-d965ccfc6d4b" outcome="Passed" testListId="8c84fa94-04c1-424b-9868-57a2d4851a1d" relativeResultsDirectory="5274438e-9edd-4a4f-abca-8616516adf0a" />
    <UnitTestResult executionId="44f37121-84b9-42f1-a298-d9cf30b21ce5" testId="9b6b157a-82e8-4d3a-b55d-852148382307" testName="FormatToStringTest1000 (24476.442216712254,24476.44 zł)" computerName="DESKTOP-5URQ9PB" duration="00:00:00.0000063" startTime="2022-06-13T21:12:26.4615996+02:00" endTime="2022-06-13T21:12:26.4616759+02:00" testType="13cdc9d9-ddb5-4fa4-a97d-d965ccfc6d4b" outcome="Passed" testListId="8c84fa94-04c1-424b-9868-57a2d4851a1d" relativeResultsDirectory="44f37121-84b9-42f1-a298-d9cf30b21ce5" />
    <UnitTestResult executionId="d2124163-10a7-46ed-92a0-6262f3cdd58f" testId="38bbb0f9-9ff5-4638-be70-ddd21e158ccb" testName="FormatToStringTest1000 (3131.5022711732904,3131.50 zł)" computerName="DESKTOP-5URQ9PB" duration="00:00:00.0000069" startTime="2022-06-13T21:12:26.4295858+02:00" endTime="2022-06-13T21:12:26.4296526+02:00" testType="13cdc9d9-ddb5-4fa4-a97d-d965ccfc6d4b" outcome="Passed" testListId="8c84fa94-04c1-424b-9868-57a2d4851a1d" relativeResultsDirectory="d2124163-10a7-46ed-92a0-6262f3cdd58f" />
    <UnitTestResult executionId="6319fd66-c207-406b-92e5-cf1d5c16e594" testId="9f447c50-7e54-41c2-a7dd-bf3f403ec29c" testName="FormatToStringTest1000 (2444.4726240530017,2444.47 zł)" computerName="DESKTOP-5URQ9PB" duration="00:00:00.0000062" startTime="2022-06-13T21:12:26.5709603+02:00" endTime="2022-06-13T21:12:26.5710253+02:00" testType="13cdc9d9-ddb5-4fa4-a97d-d965ccfc6d4b" outcome="Passed" testListId="8c84fa94-04c1-424b-9868-57a2d4851a1d" relativeResultsDirectory="6319fd66-c207-406b-92e5-cf1d5c16e594" />
    <UnitTestResult executionId="0f77214a-074c-4814-a13b-2dd9d4e1e0cd" testId="c0facdd4-88b3-4760-8471-9dc53ceda0fb" testName="FormatToStringTest1000 (75987.03378503352,75987.03 zł)" computerName="DESKTOP-5URQ9PB" duration="00:00:00.0000063" startTime="2022-06-13T21:12:26.5337732+02:00" endTime="2022-06-13T21:12:26.5338382+02:00" testType="13cdc9d9-ddb5-4fa4-a97d-d965ccfc6d4b" outcome="Passed" testListId="8c84fa94-04c1-424b-9868-57a2d4851a1d" relativeResultsDirectory="0f77214a-074c-4814-a13b-2dd9d4e1e0cd" />
    <UnitTestResult executionId="65082874-e24b-4825-9460-38cfe3bf0895" testId="b8a7e3ba-b17f-4e74-93ed-86389b7f1bbb" testName="FormatToStringTest1000 (52888.48934243642,52888.49 zł)" computerName="DESKTOP-5URQ9PB" duration="00:00:00.0000061" startTime="2022-06-13T21:12:26.4294175+02:00" endTime="2022-06-13T21:12:26.4294849+02:00" testType="13cdc9d9-ddb5-4fa4-a97d-d965ccfc6d4b" outcome="Passed" testListId="8c84fa94-04c1-424b-9868-57a2d4851a1d" relativeResultsDirectory="65082874-e24b-4825-9460-38cfe3bf0895" />
    <UnitTestResult executionId="c4c7b5a6-832f-4c35-bb1e-9ec2e42b41fe" testId="d2a500a5-d400-4b0e-b93b-603175c5c9c8" testName="FormatToStringTest1000 (19882.647973500494,19882.65 zł)" computerName="DESKTOP-5URQ9PB" duration="00:00:00.0000062" startTime="2022-06-13T21:12:26.5155514+02:00" endTime="2022-06-13T21:12:26.5156168+02:00" testType="13cdc9d9-ddb5-4fa4-a97d-d965ccfc6d4b" outcome="Passed" testListId="8c84fa94-04c1-424b-9868-57a2d4851a1d" relativeResultsDirectory="c4c7b5a6-832f-4c35-bb1e-9ec2e42b41fe" />
    <UnitTestResult executionId="e1762a12-c013-4871-b89c-5ecdcd99a340" testId="c2aeddad-da8e-4f82-b1fc-fb9e427f68d6" testName="FormatToStringTest1000 (19519.4298413505,19519.43 zł)" computerName="DESKTOP-5URQ9PB" duration="00:00:00.0000062" startTime="2022-06-13T21:12:26.5597203+02:00" endTime="2022-06-13T21:12:26.5597821+02:00" testType="13cdc9d9-ddb5-4fa4-a97d-d965ccfc6d4b" outcome="Passed" testListId="8c84fa94-04c1-424b-9868-57a2d4851a1d" relativeResultsDirectory="e1762a12-c013-4871-b89c-5ecdcd99a340" />
    <UnitTestResult executionId="677f23bc-c175-4e3a-8a7d-e1d2e81dfc8c" testId="c44f9840-2116-4a98-8aa1-9fa84f4ee5d7" testName="FormatToStringTest1000 (4592.278577496428,4592.28 zł)" computerName="DESKTOP-5URQ9PB" duration="00:00:00.0000064" startTime="2022-06-13T21:12:26.5356183+02:00" endTime="2022-06-13T21:12:26.5356839+02:00" testType="13cdc9d9-ddb5-4fa4-a97d-d965ccfc6d4b" outcome="Passed" testListId="8c84fa94-04c1-424b-9868-57a2d4851a1d" relativeResultsDirectory="677f23bc-c175-4e3a-8a7d-e1d2e81dfc8c" />
    <UnitTestResult executionId="a36d32d6-1c05-405e-8613-d51f2ee6f661" testId="88e434f4-9d50-4051-b781-2ec1812df859" testName="FormatToStringTest1000 (80609.94377465078,80609.94 zł)" computerName="DESKTOP-5URQ9PB" duration="00:00:00.0000064" startTime="2022-06-13T21:12:26.2697816+02:00" endTime="2022-06-13T21:12:26.2698560+02:00" testType="13cdc9d9-ddb5-4fa4-a97d-d965ccfc6d4b" outcome="Passed" testListId="8c84fa94-04c1-424b-9868-57a2d4851a1d" relativeResultsDirectory="a36d32d6-1c05-405e-8613-d51f2ee6f661" />
    <UnitTestResult executionId="b1928255-9494-477c-8edc-4a2f1e78e5a5" testId="e48e6e41-a068-4631-aa3f-d8aad859d868" testName="FormatToStringTest1000 (25794.833624416417,25794.83 zł)" computerName="DESKTOP-5URQ9PB" duration="00:00:00.0000061" startTime="2022-06-13T21:12:26.5250051+02:00" endTime="2022-06-13T21:12:26.5250700+02:00" testType="13cdc9d9-ddb5-4fa4-a97d-d965ccfc6d4b" outcome="Passed" testListId="8c84fa94-04c1-424b-9868-57a2d4851a1d" relativeResultsDirectory="b1928255-9494-477c-8edc-4a2f1e78e5a5" />
    <UnitTestResult executionId="059db2bf-7334-4a33-845e-99ba9768b2d3" testId="4fdd203b-9fd4-459f-81a1-2bf5252d8f3e" testName="FormatToStringTest1000 (72703.4365723503,72703.44 zł)" computerName="DESKTOP-5URQ9PB" duration="00:00:00.0000075" startTime="2022-06-13T21:12:26.3972802+02:00" endTime="2022-06-13T21:12:26.3973573+02:00" testType="13cdc9d9-ddb5-4fa4-a97d-d965ccfc6d4b" outcome="Passed" testListId="8c84fa94-04c1-424b-9868-57a2d4851a1d" relativeResultsDirectory="059db2bf-7334-4a33-845e-99ba9768b2d3" />
    <UnitTestResult executionId="d3d339fe-d780-4c32-8e3d-2112c38aa689" testId="deb1c9d2-24f7-468a-8e30-0f717a8f67a3" testName="FormatToStringTest1000 (30578.687538491416,30578.69 zł)" computerName="DESKTOP-5URQ9PB" duration="00:00:00.0000065" startTime="2022-06-13T21:12:26.3738756+02:00" endTime="2022-06-13T21:12:26.3739531+02:00" testType="13cdc9d9-ddb5-4fa4-a97d-d965ccfc6d4b" outcome="Passed" testListId="8c84fa94-04c1-424b-9868-57a2d4851a1d" relativeResultsDirectory="d3d339fe-d780-4c32-8e3d-2112c38aa689" />
    <UnitTestResult executionId="270b98a2-6397-442f-ab8d-4c678dc18895" testId="249f9604-ca5c-4444-b79a-3dafa7b07547" testName="FormatToStringTest1000 (15669.698889610218,15669.70 zł)" computerName="DESKTOP-5URQ9PB" duration="00:00:00.0000122" startTime="2022-06-13T21:12:26.5490749+02:00" endTime="2022-06-13T21:12:26.5491656+02:00" testType="13cdc9d9-ddb5-4fa4-a97d-d965ccfc6d4b" outcome="Passed" testListId="8c84fa94-04c1-424b-9868-57a2d4851a1d" relativeResultsDirectory="270b98a2-6397-442f-ab8d-4c678dc18895" />
    <UnitTestResult executionId="9fc666f5-bfaf-4d4d-b6e3-677bb207912e" testId="6bdceee3-a499-4136-ab92-8b39895fea1e" testName="FormatToStringTest1000 (19363.881840787773,19363.88 zł)" computerName="DESKTOP-5URQ9PB" duration="00:00:00.0000062" startTime="2022-06-13T21:12:26.5195108+02:00" endTime="2022-06-13T21:12:26.5195774+02:00" testType="13cdc9d9-ddb5-4fa4-a97d-d965ccfc6d4b" outcome="Passed" testListId="8c84fa94-04c1-424b-9868-57a2d4851a1d" relativeResultsDirectory="9fc666f5-bfaf-4d4d-b6e3-677bb207912e" />
    <UnitTestResult executionId="714505be-e4f8-411a-a5a4-7be20ad71b89" testId="8011f4b7-64a8-4e64-9649-8b675538e165" testName="FormatToStringTest1000 (158.49784791027093,158.50 zł)" computerName="DESKTOP-5URQ9PB" duration="00:00:00.0000066" startTime="2022-06-13T21:12:26.3294626+02:00" endTime="2022-06-13T21:12:26.3295384+02:00" testType="13cdc9d9-ddb5-4fa4-a97d-d965ccfc6d4b" outcome="Passed" testListId="8c84fa94-04c1-424b-9868-57a2d4851a1d" relativeResultsDirectory="714505be-e4f8-411a-a5a4-7be20ad71b89" />
    <UnitTestResult executionId="4f25a2e2-7dad-4728-8569-acc5a14b1273" testId="e420e534-4e4f-45ea-870f-47abcf025a40" testName="FormatToStringTest1000 (75162.39407669863,75162.39 zł)" computerName="DESKTOP-5URQ9PB" duration="00:00:00.0000062" startTime="2022-06-13T21:12:26.3416869+02:00" endTime="2022-06-13T21:12:26.3417535+02:00" testType="13cdc9d9-ddb5-4fa4-a97d-d965ccfc6d4b" outcome="Passed" testListId="8c84fa94-04c1-424b-9868-57a2d4851a1d" relativeResultsDirectory="4f25a2e2-7dad-4728-8569-acc5a14b1273" />
    <UnitTestResult executionId="03b5ce2b-ed35-46e1-ad4e-07e4d9801a9f" testId="146b42f2-d7d2-47b3-8cc0-707429655243" testName="FormatToStringTest1000 (73301.91270130403,73301.91 zł)" computerName="DESKTOP-5URQ9PB" duration="00:00:00.0000062" startTime="2022-06-13T21:12:26.5473211+02:00" endTime="2022-06-13T21:12:26.5473858+02:00" testType="13cdc9d9-ddb5-4fa4-a97d-d965ccfc6d4b" outcome="Passed" testListId="8c84fa94-04c1-424b-9868-57a2d4851a1d" relativeResultsDirectory="03b5ce2b-ed35-46e1-ad4e-07e4d9801a9f" />
    <UnitTestResult executionId="1a706008-d47f-4bc9-856d-cfa4044ce752" testId="9cf85937-b870-4624-8286-d5365f7be676" testName="FormatToStringTest1000 (598.1279707877561,598.13 zł)" computerName="DESKTOP-5URQ9PB" duration="00:00:00.0000060" startTime="2022-06-13T21:12:26.5115699+02:00" endTime="2022-06-13T21:12:26.5116361+02:00" testType="13cdc9d9-ddb5-4fa4-a97d-d965ccfc6d4b" outcome="Passed" testListId="8c84fa94-04c1-424b-9868-57a2d4851a1d" relativeResultsDirectory="1a706008-d47f-4bc9-856d-cfa4044ce752" />
    <UnitTestResult executionId="eb58dcde-5687-4472-9b17-399d710af1e2" testId="ae9bbab7-27d2-415e-9f97-23de8819dd56" testName="FormatToStringTest1000 (64210.358316209335,64210.36 zł)" computerName="DESKTOP-5URQ9PB" duration="00:00:00.0000066" startTime="2022-06-13T21:12:26.2991932+02:00" endTime="2022-06-13T21:12:26.2992677+02:00" testType="13cdc9d9-ddb5-4fa4-a97d-d965ccfc6d4b" outcome="Passed" testListId="8c84fa94-04c1-424b-9868-57a2d4851a1d" relativeResultsDirectory="eb58dcde-5687-4472-9b17-399d710af1e2" />
    <UnitTestResult executionId="d4f4a3f7-67ff-4230-a142-7d9474994d8c" testId="488d6997-7ba2-47a0-bfec-123939c6f1d3" testName="FormatToStringTest1000 (27164.0272410419,27164.03 zł)" computerName="DESKTOP-5URQ9PB" duration="00:00:00.0000066" startTime="2022-06-13T21:12:26.3818647+02:00" endTime="2022-06-13T21:12:26.3819334+02:00" testType="13cdc9d9-ddb5-4fa4-a97d-d965ccfc6d4b" outcome="Passed" testListId="8c84fa94-04c1-424b-9868-57a2d4851a1d" relativeResultsDirectory="d4f4a3f7-67ff-4230-a142-7d9474994d8c" />
    <UnitTestResult executionId="af4624a2-e5b8-4edb-b86f-3f8bb52702bc" testId="2f20f6ea-0258-4ac5-9ab2-935a623d8ada" testName="FormatToStringTest1000 (44361.82678515177,44361.83 zł)" computerName="DESKTOP-5URQ9PB" duration="00:00:00.0000063" startTime="2022-06-13T21:12:26.5748703+02:00" endTime="2022-06-13T21:12:26.5749344+02:00" testType="13cdc9d9-ddb5-4fa4-a97d-d965ccfc6d4b" outcome="Passed" testListId="8c84fa94-04c1-424b-9868-57a2d4851a1d" relativeResultsDirectory="af4624a2-e5b8-4edb-b86f-3f8bb52702bc" />
    <UnitTestResult executionId="cb8a76c7-8dcd-4dd4-84de-9fd8b188fd4b" testId="85172b68-c666-43e3-b667-58d4ccdf43b9" testName="FormatToStringTest1000 (24030.724859085738,24030.72 zł)" computerName="DESKTOP-5URQ9PB" duration="00:00:00.0000063" startTime="2022-06-13T21:12:26.5650211+02:00" endTime="2022-06-13T21:12:26.5650903+02:00" testType="13cdc9d9-ddb5-4fa4-a97d-d965ccfc6d4b" outcome="Passed" testListId="8c84fa94-04c1-424b-9868-57a2d4851a1d" relativeResultsDirectory="cb8a76c7-8dcd-4dd4-84de-9fd8b188fd4b" />
    <UnitTestResult executionId="6c7b68dc-ef89-482c-bd68-0774d106a5a7" testId="9756f145-e2df-46fc-a195-893782bb2b26" testName="FormatToStringTest1000 (52481.07276821932,52481.07 zł)" computerName="DESKTOP-5URQ9PB" duration="00:00:00.0000066" startTime="2022-06-13T21:12:26.5248318+02:00" endTime="2022-06-13T21:12:26.5249006+02:00" testType="13cdc9d9-ddb5-4fa4-a97d-d965ccfc6d4b" outcome="Passed" testListId="8c84fa94-04c1-424b-9868-57a2d4851a1d" relativeResultsDirectory="6c7b68dc-ef89-482c-bd68-0774d106a5a7" />
    <UnitTestResult executionId="d6d3d554-275a-4f37-809d-db315748695d" testId="3b3acb33-b0c0-445f-aef3-b16ef46a7c21" testName="FormatToStringTest1000 (11494.27761332238,11494.28 zł)" computerName="DESKTOP-5URQ9PB" duration="00:00:00.0000098" startTime="2022-06-13T21:12:26.3640250+02:00" endTime="2022-06-13T21:12:26.3641045+02:00" testType="13cdc9d9-ddb5-4fa4-a97d-d965ccfc6d4b" outcome="Passed" testListId="8c84fa94-04c1-424b-9868-57a2d4851a1d" relativeResultsDirectory="d6d3d554-275a-4f37-809d-db315748695d" />
    <UnitTestResult executionId="8ab6226e-e2ff-43e0-813e-eabbcb2e3e8a" testId="db2ee9c3-f95f-4d32-94cb-9d5464e08ee3" testName="FormatToStringTest1000 (34096.337879508894,34096.34 zł)" computerName="DESKTOP-5URQ9PB" duration="00:00:00.0000063" startTime="2022-06-13T21:12:26.2826727+02:00" endTime="2022-06-13T21:12:26.2827446+02:00" testType="13cdc9d9-ddb5-4fa4-a97d-d965ccfc6d4b" outcome="Passed" testListId="8c84fa94-04c1-424b-9868-57a2d4851a1d" relativeResultsDirectory="8ab6226e-e2ff-43e0-813e-eabbcb2e3e8a" />
    <UnitTestResult executionId="ca129389-1572-4a40-9273-5e49d373dea5" testId="b7f48294-0a9d-4689-988a-58e9be53749c" testName="FormatToStringTest1000 (8885.065440211942,8885.07 zł)" computerName="DESKTOP-5URQ9PB" duration="00:00:00.0000064" startTime="2022-06-13T21:12:26.4329415+02:00" endTime="2022-06-13T21:12:26.4330139+02:00" testType="13cdc9d9-ddb5-4fa4-a97d-d965ccfc6d4b" outcome="Passed" testListId="8c84fa94-04c1-424b-9868-57a2d4851a1d" relativeResultsDirectory="ca129389-1572-4a40-9273-5e49d373dea5" />
    <UnitTestResult executionId="5b14d259-656a-4330-af1c-9c68c0e2fc44" testId="a09b0417-05fd-4364-904f-ad2370ca5066" testName="FormatToStringTest1000 (37889.10086727193,37889.10 zł)" computerName="DESKTOP-5URQ9PB" duration="00:00:00.0000080" startTime="2022-06-13T21:12:26.3027498+02:00" endTime="2022-06-13T21:12:26.3028245+02:00" testType="13cdc9d9-ddb5-4fa4-a97d-d965ccfc6d4b" outcome="Passed" testListId="8c84fa94-04c1-424b-9868-57a2d4851a1d" relativeResultsDirectory="5b14d259-656a-4330-af1c-9c68c0e2fc44" />
    <UnitTestResult executionId="a918950b-8d84-4e53-810c-b1388870c442" testId="8bdcf16a-28b7-47d7-b04f-9feeca853142" testName="FormatToStringTest1000 (14920.620598662934,14920.62 zł)" computerName="DESKTOP-5URQ9PB" duration="00:00:00.0000062" startTime="2022-06-13T21:12:26.3390149+02:00" endTime="2022-06-13T21:12:26.3390821+02:00" testType="13cdc9d9-ddb5-4fa4-a97d-d965ccfc6d4b" outcome="Passed" testListId="8c84fa94-04c1-424b-9868-57a2d4851a1d" relativeResultsDirectory="a918950b-8d84-4e53-810c-b1388870c442" />
    <UnitTestResult executionId="91f3d065-8187-463a-9e5b-d76bc21329e5" testId="0dcb80e3-8962-43e7-8ec9-3e6836ea3934" testName="FormatToStringTest1000 (3043.6828298227315,3043.68 zł)" computerName="DESKTOP-5URQ9PB" duration="00:00:00.0000072" startTime="2022-06-13T21:12:26.5938315+02:00" endTime="2022-06-13T21:12:26.5939105+02:00" testType="13cdc9d9-ddb5-4fa4-a97d-d965ccfc6d4b" outcome="Passed" testListId="8c84fa94-04c1-424b-9868-57a2d4851a1d" relativeResultsDirectory="91f3d065-8187-463a-9e5b-d76bc21329e5" />
    <UnitTestResult executionId="03308dfa-d750-445b-a26a-0499c8a6fce0" testId="21aca579-f37d-4b22-a21a-95c43642512e" testName="FormatToStringTest1000 (545.7016866634142,545.70 zł)" computerName="DESKTOP-5URQ9PB" duration="00:00:00.0000065" startTime="2022-06-13T21:12:26.4613119+02:00" endTime="2022-06-13T21:12:26.4613887+02:00" testType="13cdc9d9-ddb5-4fa4-a97d-d965ccfc6d4b" outcome="Passed" testListId="8c84fa94-04c1-424b-9868-57a2d4851a1d" relativeResultsDirectory="03308dfa-d750-445b-a26a-0499c8a6fce0" />
    <UnitTestResult executionId="ae43da0b-d53a-408e-81b5-7fae8ba56f00" testId="7be0c3b1-ae8a-4d29-ad8c-ac02e0f815ce" testName="FormatToStringTest1000 (38614.292320713066,38614.29 zł)" computerName="DESKTOP-5URQ9PB" duration="00:00:00.0000066" startTime="2022-06-13T21:12:26.3090711+02:00" endTime="2022-06-13T21:12:26.3091384+02:00" testType="13cdc9d9-ddb5-4fa4-a97d-d965ccfc6d4b" outcome="Passed" testListId="8c84fa94-04c1-424b-9868-57a2d4851a1d" relativeResultsDirectory="ae43da0b-d53a-408e-81b5-7fae8ba56f00" />
    <UnitTestResult executionId="505ad55c-e9bd-47b2-83ff-4bf2bdcdc0d5" testId="9c5d55e1-1b0d-4e0b-9f59-ac271e339286" testName="FormatToStringTest1000 (15566.957545477411,15566.96 zł)" computerName="DESKTOP-5URQ9PB" duration="00:00:00.0000062" startTime="2022-06-13T21:12:26.2924455+02:00" endTime="2022-06-13T21:12:26.2925185+02:00" testType="13cdc9d9-ddb5-4fa4-a97d-d965ccfc6d4b" outcome="Passed" testListId="8c84fa94-04c1-424b-9868-57a2d4851a1d" relativeResultsDirectory="505ad55c-e9bd-47b2-83ff-4bf2bdcdc0d5" />
    <UnitTestResult executionId="ac1e181b-e245-4b3c-8785-bf6bab9f7e0a" testId="ee502d2e-e152-450f-b571-d76c8cc6857a" testName="FormatToStringTest1000 (32262.93788198984,32262.94 zł)" computerName="DESKTOP-5URQ9PB" duration="00:00:00.0000444" startTime="2022-06-13T21:12:26.4797228+02:00" endTime="2022-06-13T21:12:26.4802374+02:00" testType="13cdc9d9-ddb5-4fa4-a97d-d965ccfc6d4b" outcome="Passed" testListId="8c84fa94-04c1-424b-9868-57a2d4851a1d" relativeResultsDirectory="ac1e181b-e245-4b3c-8785-bf6bab9f7e0a" />
    <UnitTestResult executionId="0aaca229-11c4-4f1e-8285-29dddfe0eaef" testId="32db264b-9b11-4d5e-97d3-ef3fb59d11f4" testName="FormatToStringTest1000 (23789.556920184546,23789.56 zł)" computerName="DESKTOP-5URQ9PB" duration="00:00:00.0000061" startTime="2022-06-13T21:12:26.5789242+02:00" endTime="2022-06-13T21:12:26.5789879+02:00" testType="13cdc9d9-ddb5-4fa4-a97d-d965ccfc6d4b" outcome="Passed" testListId="8c84fa94-04c1-424b-9868-57a2d4851a1d" relativeResultsDirectory="0aaca229-11c4-4f1e-8285-29dddfe0eaef" />
    <UnitTestResult executionId="517071ae-6d63-42bc-abc1-ce865f14c2e3" testId="15c7ce6a-e422-4da1-b48e-3126b26af7dc" testName="FormatToStringTest1000 (1896.1704506483723,1896.17 zł)" computerName="DESKTOP-5URQ9PB" duration="00:00:00.0000064" startTime="2022-06-13T21:12:26.3711643+02:00" endTime="2022-06-13T21:12:26.3712392+02:00" testType="13cdc9d9-ddb5-4fa4-a97d-d965ccfc6d4b" outcome="Passed" testListId="8c84fa94-04c1-424b-9868-57a2d4851a1d" relativeResultsDirectory="517071ae-6d63-42bc-abc1-ce865f14c2e3" />
    <UnitTestResult executionId="069855c7-0bf2-4a5b-8670-4ced8f377446" testId="1c118ed3-3d4a-4319-ae4d-e8c645026713" testName="FormatToStringTest1000 (32218.080508120394,32218.08 zł)" computerName="DESKTOP-5URQ9PB" duration="00:00:00.0000064" startTime="2022-06-13T21:12:26.2992852+02:00" endTime="2022-06-13T21:12:26.2993588+02:00" testType="13cdc9d9-ddb5-4fa4-a97d-d965ccfc6d4b" outcome="Passed" testListId="8c84fa94-04c1-424b-9868-57a2d4851a1d" relativeResultsDirectory="069855c7-0bf2-4a5b-8670-4ced8f377446" />
    <UnitTestResult executionId="1a19d71d-c2b1-4aec-a0d2-809ca8d08607" testId="a0e190de-96c9-42b2-9765-c9e00a9d9379" testName="FormatToStringTest1000 (36047.83545033672,36047.84 zł)" computerName="DESKTOP-5URQ9PB" duration="00:00:00.0000121" startTime="2022-06-13T21:12:26.5250868+02:00" endTime="2022-06-13T21:12:26.5251606+02:00" testType="13cdc9d9-ddb5-4fa4-a97d-d965ccfc6d4b" outcome="Passed" testListId="8c84fa94-04c1-424b-9868-57a2d4851a1d" relativeResultsDirectory="1a19d71d-c2b1-4aec-a0d2-809ca8d08607" />
    <UnitTestResult executionId="cdfe9d9c-bdc3-49ec-968e-cf39f8297a78" testId="918033a7-f5c4-4815-8c1e-b5859d5c9011" testName="FormatToStringTest1000 (48544.390887578666,48544.39 zł)" computerName="DESKTOP-5URQ9PB" duration="00:00:00.0000493" startTime="2022-06-13T21:12:26.4777983+02:00" endTime="2022-06-13T21:12:26.4784130+02:00" testType="13cdc9d9-ddb5-4fa4-a97d-d965ccfc6d4b" outcome="Passed" testListId="8c84fa94-04c1-424b-9868-57a2d4851a1d" relativeResultsDirectory="cdfe9d9c-bdc3-49ec-968e-cf39f8297a78" />
    <UnitTestResult executionId="1beebd14-1da5-4a32-8b53-cab635da3404" testId="58474781-c372-4775-9300-9fb3dbd4186d" testName="FormatToStringTest1000 (10661.19584154207,10661.20 zł)" computerName="DESKTOP-5URQ9PB" duration="00:00:00.0000064" startTime="2022-06-13T21:12:26.5199257+02:00" endTime="2022-06-13T21:12:26.5199903+02:00" testType="13cdc9d9-ddb5-4fa4-a97d-d965ccfc6d4b" outcome="Passed" testListId="8c84fa94-04c1-424b-9868-57a2d4851a1d" relativeResultsDirectory="1beebd14-1da5-4a32-8b53-cab635da3404" />
    <UnitTestResult executionId="fb304504-18a3-445c-b697-25d597cc3ef4" testId="f69b3cd1-0df3-46ea-bb60-878352cf0764" testName="FormatToStringTest1000 (1952.6955147062872,1952.70 zł)" computerName="DESKTOP-5URQ9PB" duration="00:00:00.0000062" startTime="2022-06-13T21:12:26.4143470+02:00" endTime="2022-06-13T21:12:26.4144135+02:00" testType="13cdc9d9-ddb5-4fa4-a97d-d965ccfc6d4b" outcome="Passed" testListId="8c84fa94-04c1-424b-9868-57a2d4851a1d" relativeResultsDirectory="fb304504-18a3-445c-b697-25d597cc3ef4" />
    <UnitTestResult executionId="1810796b-fd38-4eac-972f-56aca5848a2e" testId="8c58347b-856f-418d-9381-6dcf04b32355" testName="FormatToStringTest1000 (18340.8953197882,18340.90 zł)" computerName="DESKTOP-5URQ9PB" duration="00:00:00.0000084" startTime="2022-06-13T21:12:26.5705243+02:00" endTime="2022-06-13T21:12:26.5706104+02:00" testType="13cdc9d9-ddb5-4fa4-a97d-d965ccfc6d4b" outcome="Passed" testListId="8c84fa94-04c1-424b-9868-57a2d4851a1d" relativeResultsDirectory="1810796b-fd38-4eac-972f-56aca5848a2e" />
    <UnitTestResult executionId="ecfee4a9-269c-4bfe-a62d-606b843acb7a" testId="7a8484af-82de-43b7-aac6-ffe46dce6f61" testName="FormatToStringTest1000 (38803.03958246253,38803.04 zł)" computerName="DESKTOP-5URQ9PB" duration="00:00:00.0000087" startTime="2022-06-13T21:12:26.3459728+02:00" endTime="2022-06-13T21:12:26.3460758+02:00" testType="13cdc9d9-ddb5-4fa4-a97d-d965ccfc6d4b" outcome="Passed" testListId="8c84fa94-04c1-424b-9868-57a2d4851a1d" relativeResultsDirectory="ecfee4a9-269c-4bfe-a62d-606b843acb7a" />
    <UnitTestResult executionId="62fef0f3-4eb6-4a82-b0ea-21ebda577730" testId="45af3354-00d0-4ae2-b007-5620836644f3" testName="FormatToStringTest1000 (34084.19497795599,34084.19 zł)" computerName="DESKTOP-5URQ9PB" duration="00:00:00.0000064" startTime="2022-06-13T21:12:26.5883800+02:00" endTime="2022-06-13T21:12:26.5884441+02:00" testType="13cdc9d9-ddb5-4fa4-a97d-d965ccfc6d4b" outcome="Passed" testListId="8c84fa94-04c1-424b-9868-57a2d4851a1d" relativeResultsDirectory="62fef0f3-4eb6-4a82-b0ea-21ebda577730" />
    <UnitTestResult executionId="ff3b64e4-dce8-42bb-a218-20b516579cde" testId="4416e374-7db4-45f5-af99-e98c8e7d1189" testName="FormatToStringTest1000 (26133.133789601336,26133.13 zł)" computerName="DESKTOP-5URQ9PB" duration="00:00:00.0000064" startTime="2022-06-13T21:12:26.3025692+02:00" endTime="2022-06-13T21:12:26.3026423+02:00" testType="13cdc9d9-ddb5-4fa4-a97d-d965ccfc6d4b" outcome="Passed" testListId="8c84fa94-04c1-424b-9868-57a2d4851a1d" relativeResultsDirectory="ff3b64e4-dce8-42bb-a218-20b516579cde" />
    <UnitTestResult executionId="b5d5f61c-8cf6-4d5f-9e3e-a4a79c486cf9" testId="dbfd1618-fa23-415d-b171-f667ea96a315" testName="FormatToStringTest1000 (30126.012320622805,30126.01 zł)" computerName="DESKTOP-5URQ9PB" duration="00:00:00.0000062" startTime="2022-06-13T21:12:26.3117748+02:00" endTime="2022-06-13T21:12:26.3118418+02:00" testType="13cdc9d9-ddb5-4fa4-a97d-d965ccfc6d4b" outcome="Passed" testListId="8c84fa94-04c1-424b-9868-57a2d4851a1d" relativeResultsDirectory="b5d5f61c-8cf6-4d5f-9e3e-a4a79c486cf9" />
    <UnitTestResult executionId="22fa7e99-923e-4375-9416-8f5b515cd9f2" testId="25f10a50-d7ac-47f8-b506-65816ac876ac" testName="FormatToStringTest1000 (22799.991836491965,22799.99 zł)" computerName="DESKTOP-5URQ9PB" duration="00:00:00.0000061" startTime="2022-06-13T21:12:26.4146823+02:00" endTime="2022-06-13T21:12:26.4147488+02:00" testType="13cdc9d9-ddb5-4fa4-a97d-d965ccfc6d4b" outcome="Passed" testListId="8c84fa94-04c1-424b-9868-57a2d4851a1d" relativeResultsDirectory="22fa7e99-923e-4375-9416-8f5b515cd9f2" />
    <UnitTestResult executionId="d8db875b-82c2-4650-bf23-246d9b0d5fab" testId="276a8c7e-167f-48cf-897e-9fa91dcfa0bc" testName="FormatToStringTest1000 (3799.9216302064815,3799.92 zł)" computerName="DESKTOP-5URQ9PB" duration="00:00:00.0000062" startTime="2022-06-13T21:12:26.3918916+02:00" endTime="2022-06-13T21:12:26.3919580+02:00" testType="13cdc9d9-ddb5-4fa4-a97d-d965ccfc6d4b" outcome="Passed" testListId="8c84fa94-04c1-424b-9868-57a2d4851a1d" relativeResultsDirectory="d8db875b-82c2-4650-bf23-246d9b0d5fab" />
    <UnitTestResult executionId="3d106567-0ea1-40ea-a736-b92d0985ef5e" testId="fdcb6193-7e51-4d42-8eae-95dd2dd2ffd9" testName="FormatToStringTest1000 (11958.422287871792,11958.42 zł)" computerName="DESKTOP-5URQ9PB" duration="00:00:00.0000063" startTime="2022-06-13T21:12:26.4083249+02:00" endTime="2022-06-13T21:12:26.4083917+02:00" testType="13cdc9d9-ddb5-4fa4-a97d-d965ccfc6d4b" outcome="Passed" testListId="8c84fa94-04c1-424b-9868-57a2d4851a1d" relativeResultsDirectory="3d106567-0ea1-40ea-a736-b92d0985ef5e" />
    <UnitTestResult executionId="d54d83fc-6e7e-40c3-93bf-355b2f76dbcb" testId="21e70982-6b70-4ba0-8232-c316a304b87b" testName="FormatToStringTest1000 (50991.22189691114,50991.22 zł)" computerName="DESKTOP-5URQ9PB" duration="00:00:00.0000065" startTime="2022-06-13T21:12:26.2921682+02:00" endTime="2022-06-13T21:12:26.2922415+02:00" testType="13cdc9d9-ddb5-4fa4-a97d-d965ccfc6d4b" outcome="Passed" testListId="8c84fa94-04c1-424b-9868-57a2d4851a1d" relativeResultsDirectory="d54d83fc-6e7e-40c3-93bf-355b2f76dbcb" />
    <UnitTestResult executionId="a7885408-b9ff-4f39-86ce-30c851c39787" testId="384f55af-0e71-4671-8250-28777f2e8ccb" testName="FormatToStringTest1000 (7715.904444139406,7715.90 zł)" computerName="DESKTOP-5URQ9PB" duration="00:00:00.0000062" startTime="2022-06-13T21:12:26.4398838+02:00" endTime="2022-06-13T21:12:26.4399519+02:00" testType="13cdc9d9-ddb5-4fa4-a97d-d965ccfc6d4b" outcome="Passed" testListId="8c84fa94-04c1-424b-9868-57a2d4851a1d" relativeResultsDirectory="a7885408-b9ff-4f39-86ce-30c851c39787" />
    <UnitTestResult executionId="c4540c02-897d-43f0-b161-a5f8b5a40bbf" testId="b96bfa1e-531a-4e49-b63e-d910f541679d" testName="FormatToStringTest1000 (20012.898273490322,20012.90 zł)" computerName="DESKTOP-5URQ9PB" duration="00:00:00.0000123" startTime="2022-06-13T21:12:26.3671805+02:00" endTime="2022-06-13T21:12:26.3672921+02:00" testType="13cdc9d9-ddb5-4fa4-a97d-d965ccfc6d4b" outcome="Passed" testListId="8c84fa94-04c1-424b-9868-57a2d4851a1d" relativeResultsDirectory="c4540c02-897d-43f0-b161-a5f8b5a40bbf" />
    <UnitTestResult executionId="a53ea4b0-63db-4a4c-97d7-0399b2141182" testId="0683e35e-e00c-4c3f-aada-fd4e5ca0ce3a" testName="FormatToStringTest1000 (20244.692955315437,20244.69 zł)" computerName="DESKTOP-5URQ9PB" duration="00:00:00.0000063" startTime="2022-06-13T21:12:26.2859008+02:00" endTime="2022-06-13T21:12:26.2859671+02:00" testType="13cdc9d9-ddb5-4fa4-a97d-d965ccfc6d4b" outcome="Passed" testListId="8c84fa94-04c1-424b-9868-57a2d4851a1d" relativeResultsDirectory="a53ea4b0-63db-4a4c-97d7-0399b2141182" />
    <UnitTestResult executionId="ddd279e7-813d-4001-b89b-1e6b9835b7ff" testId="eb802998-2509-47b5-9ae8-1c0832b71cd4" testName="FormatToStringTest1000 (20482.32969107308,20482.33 zł)" computerName="DESKTOP-5URQ9PB" duration="00:00:00.0000063" startTime="2022-06-13T21:12:26.3261873+02:00" endTime="2022-06-13T21:12:26.3262551+02:00" testType="13cdc9d9-ddb5-4fa4-a97d-d965ccfc6d4b" outcome="Passed" testListId="8c84fa94-04c1-424b-9868-57a2d4851a1d" relativeResultsDirectory="ddd279e7-813d-4001-b89b-1e6b9835b7ff" />
    <UnitTestResult executionId="5984da17-e2cd-44b0-b2d5-a2c1ef1dd73f" testId="0c0ddeda-0f49-4d08-93cc-c9d5d70b1c7f" testName="FormatToStringTest1000 (28033.439084134738,28033.44 zł)" computerName="DESKTOP-5URQ9PB" duration="00:00:00.0000063" startTime="2022-06-13T21:12:26.4493950+02:00" endTime="2022-06-13T21:12:26.4494613+02:00" testType="13cdc9d9-ddb5-4fa4-a97d-d965ccfc6d4b" outcome="Passed" testListId="8c84fa94-04c1-424b-9868-57a2d4851a1d" relativeResultsDirectory="5984da17-e2cd-44b0-b2d5-a2c1ef1dd73f" />
    <UnitTestResult executionId="8ae222e1-9797-44ef-a8c1-fcc04fa34081" testId="73997619-75d5-4f0d-ace8-b3cbae4a7f7f" testName="FormatToStringTest1000 (9818.257405763146,9818.26 zł)" computerName="DESKTOP-5URQ9PB" duration="00:00:00.0000063" startTime="2022-06-13T21:12:26.5270333+02:00" endTime="2022-06-13T21:12:26.5270988+02:00" testType="13cdc9d9-ddb5-4fa4-a97d-d965ccfc6d4b" outcome="Passed" testListId="8c84fa94-04c1-424b-9868-57a2d4851a1d" relativeResultsDirectory="8ae222e1-9797-44ef-a8c1-fcc04fa34081" />
    <UnitTestResult executionId="6db5c850-d9ef-429f-acad-fd10dc5992b3" testId="50ceab5f-1e50-496d-a303-ad06e8dd8e01" testName="FormatToStringTest1000 (15313.083673952653,15313.08 zł)" computerName="DESKTOP-5URQ9PB" duration="00:00:00.0000098" startTime="2022-06-13T21:12:26.4003639+02:00" endTime="2022-06-13T21:12:26.4004943+02:00" testType="13cdc9d9-ddb5-4fa4-a97d-d965ccfc6d4b" outcome="Passed" testListId="8c84fa94-04c1-424b-9868-57a2d4851a1d" relativeResultsDirectory="6db5c850-d9ef-429f-acad-fd10dc5992b3" />
    <UnitTestResult executionId="44fe1702-ff79-461d-95ab-8ee184d05fce" testId="8f20f292-87de-4df9-8a73-a0864ab91cb9" testName="FormatToStringTest1000 (6102.4120417453405,6102.41 zł)" computerName="DESKTOP-5URQ9PB" duration="00:00:00.0000066" startTime="2022-06-13T21:12:26.5841285+02:00" endTime="2022-06-13T21:12:26.5842032+02:00" testType="13cdc9d9-ddb5-4fa4-a97d-d965ccfc6d4b" outcome="Passed" testListId="8c84fa94-04c1-424b-9868-57a2d4851a1d" relativeResultsDirectory="44fe1702-ff79-461d-95ab-8ee184d05fce" />
    <UnitTestResult executionId="f82364fe-98ff-4c0a-84eb-e63f06caf3db" testId="bbb61e6f-42c5-4cc0-99d4-a733d2a3ddd0" testName="FormatToStringTest1000 (28306.369434126827,28306.37 zł)" computerName="DESKTOP-5URQ9PB" duration="00:00:00.0000062" startTime="2022-06-13T21:12:26.5765988+02:00" endTime="2022-06-13T21:12:26.5766637+02:00" testType="13cdc9d9-ddb5-4fa4-a97d-d965ccfc6d4b" outcome="Passed" testListId="8c84fa94-04c1-424b-9868-57a2d4851a1d" relativeResultsDirectory="f82364fe-98ff-4c0a-84eb-e63f06caf3db" />
    <UnitTestResult executionId="e4f0903d-c82f-4766-a05b-183da8f55cc4" testId="34d07ba0-abf2-44a4-8ca8-e2927bfe51e3" testName="FormatToStringTest1000 (7191.024921368353,7191.02 zł)" computerName="DESKTOP-5URQ9PB" duration="00:00:00.0000104" startTime="2022-06-13T21:12:26.5290011+02:00" endTime="2022-06-13T21:12:26.5291448+02:00" testType="13cdc9d9-ddb5-4fa4-a97d-d965ccfc6d4b" outcome="Passed" testListId="8c84fa94-04c1-424b-9868-57a2d4851a1d" relativeResultsDirectory="e4f0903d-c82f-4766-a05b-183da8f55cc4" />
    <UnitTestResult executionId="4c667bd5-bc7f-4ba9-b3e2-363a53465544" testId="aea6e580-1ad7-4033-8cca-ba50161d526b" testName="FormatToStringTest1000 (20116.958341299072,20116.96 zł)" computerName="DESKTOP-5URQ9PB" duration="00:00:00.0000062" startTime="2022-06-13T21:12:26.5176864+02:00" endTime="2022-06-13T21:12:26.5177520+02:00" testType="13cdc9d9-ddb5-4fa4-a97d-d965ccfc6d4b" outcome="Passed" testListId="8c84fa94-04c1-424b-9868-57a2d4851a1d" relativeResultsDirectory="4c667bd5-bc7f-4ba9-b3e2-363a53465544" />
    <UnitTestResult executionId="25905773-7274-4e25-9774-47752e258cad" testId="eb80be61-74e3-4658-aaa0-746cf795b44d" testName="FormatToStringTest1000 (27629.79121039193,27629.79 zł)" computerName="DESKTOP-5URQ9PB" duration="00:00:00.0000062" startTime="2022-06-13T21:12:26.3974622+02:00" endTime="2022-06-13T21:12:26.3975288+02:00" testType="13cdc9d9-ddb5-4fa4-a97d-d965ccfc6d4b" outcome="Passed" testListId="8c84fa94-04c1-424b-9868-57a2d4851a1d" relativeResultsDirectory="25905773-7274-4e25-9774-47752e258cad" />
    <UnitTestResult executionId="259e6b97-f2d0-4aec-8f4f-c19bd7dff483" testId="9cbceeb4-2796-4fa3-bc90-a33d9166a429" testName="FormatToStringTest1000 (31315.40354898544,31315.40 zł)" computerName="DESKTOP-5URQ9PB" duration="00:00:00.0000064" startTime="2022-06-13T21:12:26.5179338+02:00" endTime="2022-06-13T21:12:26.5179990+02:00" testType="13cdc9d9-ddb5-4fa4-a97d-d965ccfc6d4b" outcome="Passed" testListId="8c84fa94-04c1-424b-9868-57a2d4851a1d" relativeResultsDirectory="259e6b97-f2d0-4aec-8f4f-c19bd7dff483" />
    <UnitTestResult executionId="d1022391-ae62-415b-a1cf-288f7ea832c5" testId="114ab760-1ba5-4362-b89a-f50dfe87d7a3" testName="FormatToStringTest1000 (19783.413847500186,19783.41 zł)" computerName="DESKTOP-5URQ9PB" duration="00:00:00.0000070" startTime="2022-06-13T21:12:26.5688992+02:00" endTime="2022-06-13T21:12:26.5689639+02:00" testType="13cdc9d9-ddb5-4fa4-a97d-d965ccfc6d4b" outcome="Passed" testListId="8c84fa94-04c1-424b-9868-57a2d4851a1d" relativeResultsDirectory="d1022391-ae62-415b-a1cf-288f7ea832c5" />
    <UnitTestResult executionId="932e30ce-1d76-46b0-bff4-08d519d49059" testId="22dc0ce6-30c7-4c81-9594-27ebd684fba0" testName="FormatToStringTest1000 (54678.59301593089,54678.59 zł)" computerName="DESKTOP-5URQ9PB" duration="00:00:00.0000062" startTime="2022-06-13T21:12:26.5318769+02:00" endTime="2022-06-13T21:12:26.5319412+02:00" testType="13cdc9d9-ddb5-4fa4-a97d-d965ccfc6d4b" outcome="Passed" testListId="8c84fa94-04c1-424b-9868-57a2d4851a1d" relativeResultsDirectory="932e30ce-1d76-46b0-bff4-08d519d49059" />
    <UnitTestResult executionId="4b0798e9-9a84-44fb-9b83-b04d6692f0b6" testId="1241f39d-36d9-4fd8-9c14-9f55fca47691" testName="FormatToStringTest1000 (17000.070169619317,17000.07 zł)" computerName="DESKTOP-5URQ9PB" duration="00:00:00.0000062" startTime="2022-06-13T21:12:26.5840466+02:00" endTime="2022-06-13T21:12:26.5841110+02:00" testType="13cdc9d9-ddb5-4fa4-a97d-d965ccfc6d4b" outcome="Passed" testListId="8c84fa94-04c1-424b-9868-57a2d4851a1d" relativeResultsDirectory="4b0798e9-9a84-44fb-9b83-b04d6692f0b6" />
    <UnitTestResult executionId="6df0bd80-4cac-4914-91f7-c07bb7ed67d3" testId="3ee26bae-24d7-4e05-aa24-2d2f5524a9b8" testName="FormatToStringTest1000 (32821.05661472215,32821.06 zł)" computerName="DESKTOP-5URQ9PB" duration="00:00:00.0000063" startTime="2022-06-13T21:12:26.5135571+02:00" endTime="2022-06-13T21:12:26.5136225+02:00" testType="13cdc9d9-ddb5-4fa4-a97d-d965ccfc6d4b" outcome="Passed" testListId="8c84fa94-04c1-424b-9868-57a2d4851a1d" relativeResultsDirectory="6df0bd80-4cac-4914-91f7-c07bb7ed67d3" />
    <UnitTestResult executionId="0fbc35ae-14aa-4304-8dfe-2cbad440e16b" testId="5f8f25da-f070-4025-9dec-ceeb56a4528c" testName="FormatToStringTest1000 (6958.393354767186,6958.39 zł)" computerName="DESKTOP-5URQ9PB" duration="00:00:00.0000081" startTime="2022-06-13T21:12:26.2255572+02:00" endTime="2022-06-13T21:12:26.2256332+02:00" testType="13cdc9d9-ddb5-4fa4-a97d-d965ccfc6d4b" outcome="Passed" testListId="8c84fa94-04c1-424b-9868-57a2d4851a1d" relativeResultsDirectory="0fbc35ae-14aa-4304-8dfe-2cbad440e16b" />
    <UnitTestResult executionId="7286c201-f2c8-498e-901e-ec7d7e95acca" testId="854ac7d1-1d67-4597-b49a-341a03cf5cae" testName="FormatToStringTest1000 (17988.455793307843,17988.46 zł)" computerName="DESKTOP-5URQ9PB" duration="00:00:00.0000061" startTime="2022-06-13T21:12:26.3182234+02:00" endTime="2022-06-13T21:12:26.3182897+02:00" testType="13cdc9d9-ddb5-4fa4-a97d-d965ccfc6d4b" outcome="Passed" testListId="8c84fa94-04c1-424b-9868-57a2d4851a1d" relativeResultsDirectory="7286c201-f2c8-498e-901e-ec7d7e95acca" />
    <UnitTestResult executionId="b1a660c8-1374-49bd-8604-b22ac470d5cf" testId="da2a56e2-67af-4b43-9ae3-07267907d809" testName="FormatToStringTest1000 (31300.40752580967,31300.41 zł)" computerName="DESKTOP-5URQ9PB" duration="00:00:00.0000065" startTime="2022-06-13T21:12:26.2885471+02:00" endTime="2022-06-13T21:12:26.2886219+02:00" testType="13cdc9d9-ddb5-4fa4-a97d-d965ccfc6d4b" outcome="Passed" testListId="8c84fa94-04c1-424b-9868-57a2d4851a1d" relativeResultsDirectory="b1a660c8-1374-49bd-8604-b22ac470d5cf" />
    <UnitTestResult executionId="2e3c77e9-86da-41df-b79f-37e8dc95719a" testId="62d1982f-d310-446c-a771-99256351559e" testName="FormatToStringTest1000 (6262.373413993219,6262.37 zł)" computerName="DESKTOP-5URQ9PB" duration="00:00:00.0000062" startTime="2022-06-13T21:12:26.3855246+02:00" endTime="2022-06-13T21:12:26.3855916+02:00" testType="13cdc9d9-ddb5-4fa4-a97d-d965ccfc6d4b" outcome="Passed" testListId="8c84fa94-04c1-424b-9868-57a2d4851a1d" relativeResultsDirectory="2e3c77e9-86da-41df-b79f-37e8dc95719a" />
    <UnitTestResult executionId="18105e63-5fa7-43ad-a48d-e003fcebda9c" testId="1500441b-79ae-4704-bf0a-1304b4c24c6a" testName="FormatToStringTest1000 (6890.028458985514,6890.03 zł)" computerName="DESKTOP-5URQ9PB" duration="00:00:00.0000068" startTime="2022-06-13T21:12:26.2791894+02:00" endTime="2022-06-13T21:12:26.2792569+02:00" testType="13cdc9d9-ddb5-4fa4-a97d-d965ccfc6d4b" outcome="Passed" testListId="8c84fa94-04c1-424b-9868-57a2d4851a1d" relativeResultsDirectory="18105e63-5fa7-43ad-a48d-e003fcebda9c" />
    <UnitTestResult executionId="349e7784-7dca-46f2-9b20-fcbf2d4226e2" testId="e1effbb4-8785-4a7f-a29c-d25fe6b6b6c6" testName="FormatToStringTest1000 (4539.210371735137,4539.21 zł)" computerName="DESKTOP-5URQ9PB" duration="00:00:00.0000061" startTime="2022-06-13T21:12:26.5536707+02:00" endTime="2022-06-13T21:12:26.5537348+02:00" testType="13cdc9d9-ddb5-4fa4-a97d-d965ccfc6d4b" outcome="Passed" testListId="8c84fa94-04c1-424b-9868-57a2d4851a1d" relativeResultsDirectory="349e7784-7dca-46f2-9b20-fcbf2d4226e2" />
    <UnitTestResult executionId="78883481-6c17-4287-8ae4-91cf325a741f" testId="ce523995-b9ef-4f90-95bc-619cb036d021" testName="FormatToStringTest1000 (726.8087564975995,726.81 zł)" computerName="DESKTOP-5URQ9PB" duration="00:00:00.0000068" startTime="2022-06-13T21:12:26.2251114+02:00" endTime="2022-06-13T21:12:26.2251982+02:00" testType="13cdc9d9-ddb5-4fa4-a97d-d965ccfc6d4b" outcome="Passed" testListId="8c84fa94-04c1-424b-9868-57a2d4851a1d" relativeResultsDirectory="78883481-6c17-4287-8ae4-91cf325a741f" />
    <UnitTestResult executionId="475a42ef-aa58-4a9c-902d-f3e2215c789e" testId="f8e39b96-1c76-4052-ae4e-523cec8aebe1" testName="FormatToStringTest1000 (635.3263313632116,635.33 zł)" computerName="DESKTOP-5URQ9PB" duration="00:00:00.0000072" startTime="2022-06-13T21:12:26.5805510+02:00" endTime="2022-06-13T21:12:26.5806289+02:00" testType="13cdc9d9-ddb5-4fa4-a97d-d965ccfc6d4b" outcome="Passed" testListId="8c84fa94-04c1-424b-9868-57a2d4851a1d" relativeResultsDirectory="475a42ef-aa58-4a9c-902d-f3e2215c789e" />
    <UnitTestResult executionId="a3daeb85-ac3a-4f4a-833d-008d10527974" testId="52bc7f4d-89ec-4a39-91dc-e8e97033feb1" testName="FormatToStringTest1000 (38845.74924104323,38845.75 zł)" computerName="DESKTOP-5URQ9PB" duration="00:00:00.0000062" startTime="2022-06-13T21:12:26.5613302+02:00" endTime="2022-06-13T21:12:26.5613951+02:00" testType="13cdc9d9-ddb5-4fa4-a97d-d965ccfc6d4b" outcome="Passed" testListId="8c84fa94-04c1-424b-9868-57a2d4851a1d" relativeResultsDirectory="a3daeb85-ac3a-4f4a-833d-008d10527974" />
    <UnitTestResult executionId="186afe05-c61e-4723-832a-14a075285fcd" testId="e9ad088d-2e4e-407f-88c9-fc82c8a7e082" testName="FormatToStringTest1000 (49256.47455728635,49256.47 zł)" computerName="DESKTOP-5URQ9PB" duration="00:00:00.0000062" startTime="2022-06-13T21:12:26.5879658+02:00" endTime="2022-06-13T21:12:26.5880302+02:00" testType="13cdc9d9-ddb5-4fa4-a97d-d965ccfc6d4b" outcome="Passed" testListId="8c84fa94-04c1-424b-9868-57a2d4851a1d" relativeResultsDirectory="186afe05-c61e-4723-832a-14a075285fcd" />
    <UnitTestResult executionId="8c9d3d0f-791f-4760-9a6d-c7afe7d1d1ca" testId="7552cb30-55e2-4f25-a733-27f0c2fbe4ab" testName="FormatToStringTest1000 (5840.747097845071,5840.75 zł)" computerName="DESKTOP-5URQ9PB" duration="00:00:00.0000063" startTime="2022-06-13T21:12:26.5423658+02:00" endTime="2022-06-13T21:12:26.5424372+02:00" testType="13cdc9d9-ddb5-4fa4-a97d-d965ccfc6d4b" outcome="Passed" testListId="8c84fa94-04c1-424b-9868-57a2d4851a1d" relativeResultsDirectory="8c9d3d0f-791f-4760-9a6d-c7afe7d1d1ca" />
    <UnitTestResult executionId="7c39e651-89c0-4c44-842a-0c7111d0c9f3" testId="61283e23-76c5-4c5a-8dd5-005bc97c3d86" testName="FormatToStringTest1000 (16902.50568789314,16902.51 zł)" computerName="DESKTOP-5URQ9PB" duration="00:00:00.0000062" startTime="2022-06-13T21:12:26.4296700+02:00" endTime="2022-06-13T21:12:26.4297365+02:00" testType="13cdc9d9-ddb5-4fa4-a97d-d965ccfc6d4b" outcome="Passed" testListId="8c84fa94-04c1-424b-9868-57a2d4851a1d" relativeResultsDirectory="7c39e651-89c0-4c44-842a-0c7111d0c9f3" />
    <UnitTestResult executionId="eb9643f9-124b-4c85-a1a8-2d53cb0a5b07" testId="2e483d5a-33a5-47bb-a455-28d19ccb7959" testName="FormatToStringTest1000 (7789.7136237517525,7789.71 zł)" computerName="DESKTOP-5URQ9PB" duration="00:00:00.0000094" startTime="2022-06-13T21:12:26.2819945+02:00" endTime="2022-06-13T21:12:26.2821075+02:00" testType="13cdc9d9-ddb5-4fa4-a97d-d965ccfc6d4b" outcome="Passed" testListId="8c84fa94-04c1-424b-9868-57a2d4851a1d" relativeResultsDirectory="eb9643f9-124b-4c85-a1a8-2d53cb0a5b07" />
    <UnitTestResult executionId="27d23469-66d0-42c3-a772-cd71353f7f52" testId="a75b5df3-9a1b-454f-9823-a0e47a4c3070" testName="FormatToStringTest1000 (17090.629587323234,17090.63 zł)" computerName="DESKTOP-5URQ9PB" duration="00:00:00.0000062" startTime="2022-06-13T21:12:26.3824684+02:00" endTime="2022-06-13T21:12:26.3825350+02:00" testType="13cdc9d9-ddb5-4fa4-a97d-d965ccfc6d4b" outcome="Passed" testListId="8c84fa94-04c1-424b-9868-57a2d4851a1d" relativeResultsDirectory="27d23469-66d0-42c3-a772-cd71353f7f52" />
    <UnitTestResult executionId="4e4d9352-693e-4dad-9c1e-e13c4342ac87" testId="3d0ca8c0-345e-41c8-a433-0c60d7967cc2" testName="FormatToStringTest1000 (1614.2516601789982,1614.25 zł)" computerName="DESKTOP-5URQ9PB" duration="00:00:00.0000060" startTime="2022-06-13T21:12:26.2795276+02:00" endTime="2022-06-13T21:12:26.2795945+02:00" testType="13cdc9d9-ddb5-4fa4-a97d-d965ccfc6d4b" outcome="Passed" testListId="8c84fa94-04c1-424b-9868-57a2d4851a1d" relativeResultsDirectory="4e4d9352-693e-4dad-9c1e-e13c4342ac87" />
    <UnitTestResult executionId="4b63b511-0221-49b8-8c5b-83b6a52667aa" testId="871922a4-b028-4b6e-8615-3f30c63fe154" testName="FormatToStringTest1000 (54578.37303904275,54578.37 zł)" computerName="DESKTOP-5URQ9PB" duration="00:00:00.0000065" startTime="2022-06-13T21:12:26.3741597+02:00" endTime="2022-06-13T21:12:26.3742397+02:00" testType="13cdc9d9-ddb5-4fa4-a97d-d965ccfc6d4b" outcome="Passed" testListId="8c84fa94-04c1-424b-9868-57a2d4851a1d" relativeResultsDirectory="4b63b511-0221-49b8-8c5b-83b6a52667aa" />
    <UnitTestResult executionId="8db29b95-b111-4d7a-bcde-812e91f57977" testId="64cf09d4-5b4b-4c7e-babb-46992744ce39" testName="FormatToStringTest1000 (6654.099431086378,6654.10 zł)" computerName="DESKTOP-5URQ9PB" duration="00:00:00.0000062" startTime="2022-06-13T21:12:26.3948599+02:00" endTime="2022-06-13T21:12:26.3949265+02:00" testType="13cdc9d9-ddb5-4fa4-a97d-d965ccfc6d4b" outcome="Passed" testListId="8c84fa94-04c1-424b-9868-57a2d4851a1d" relativeResultsDirectory="8db29b95-b111-4d7a-bcde-812e91f57977" />
    <UnitTestResult executionId="8da6ba64-ff29-425a-93e8-9a808d7158be" testId="6614e8b2-ab4b-4471-a859-d546af2d91d3" testName="FormatToStringTest1000 (17418.31302247863,17418.31 zł)" computerName="DESKTOP-5URQ9PB" duration="00:00:00.0000064" startTime="2022-06-13T21:12:26.3820376+02:00" endTime="2022-06-13T21:12:26.3821058+02:00" testType="13cdc9d9-ddb5-4fa4-a97d-d965ccfc6d4b" outcome="Passed" testListId="8c84fa94-04c1-424b-9868-57a2d4851a1d" relativeResultsDirectory="8da6ba64-ff29-425a-93e8-9a808d7158be" />
    <UnitTestResult executionId="f701ba0d-f0aa-469d-806d-35537aa8922e" testId="7d9f66fa-94c6-4220-b451-273aae371644" testName="FormatToStringTest1000 (6417.5922460628635,6417.59 zł)" computerName="DESKTOP-5URQ9PB" duration="00:00:00.0000062" startTime="2022-06-13T21:12:26.4326608+02:00" endTime="2022-06-13T21:12:26.4327368+02:00" testType="13cdc9d9-ddb5-4fa4-a97d-d965ccfc6d4b" outcome="Passed" testListId="8c84fa94-04c1-424b-9868-57a2d4851a1d" relativeResultsDirectory="f701ba0d-f0aa-469d-806d-35537aa8922e" />
    <UnitTestResult executionId="7297be0b-1065-46bc-b98c-3d2559c26809" testId="51aeaccc-ebf0-4e9b-b4ca-f9e10d6cf012" testName="FormatToStringTest1000 (31805.23430354532,31805.23 zł)" computerName="DESKTOP-5URQ9PB" duration="00:00:00.0000063" startTime="2022-06-13T21:12:26.5297600+02:00" endTime="2022-06-13T21:12:26.5298250+02:00" testType="13cdc9d9-ddb5-4fa4-a97d-d965ccfc6d4b" outcome="Passed" testListId="8c84fa94-04c1-424b-9868-57a2d4851a1d" relativeResultsDirectory="7297be0b-1065-46bc-b98c-3d2559c26809" />
    <UnitTestResult executionId="cb8fe81e-b8c4-499b-b10c-72289b2ccc0a" testId="3e8157d2-0cda-419a-bb5e-91891d88506f" testName="FormatToStringTest1000 (58902.704109088845,58902.70 zł)" computerName="DESKTOP-5URQ9PB" duration="00:00:00.0000062" startTime="2022-06-13T21:12:26.5669577+02:00" endTime="2022-06-13T21:12:26.5670219+02:00" testType="13cdc9d9-ddb5-4fa4-a97d-d965ccfc6d4b" outcome="Passed" testListId="8c84fa94-04c1-424b-9868-57a2d4851a1d" relativeResultsDirectory="cb8fe81e-b8c4-499b-b10c-72289b2ccc0a" />
    <UnitTestResult executionId="f78e5818-b75b-4887-a0d1-987991def8d8" testId="9ccf83cf-f197-4f37-9133-a004a00292ac" testName="FormatToStringTest1000 (1181.5773122979222,1181.58 zł)" computerName="DESKTOP-5URQ9PB" duration="00:00:00.0000062" startTime="2022-06-13T21:12:26.4298379+02:00" endTime="2022-06-13T21:12:26.4299043+02:00" testType="13cdc9d9-ddb5-4fa4-a97d-d965ccfc6d4b" outcome="Passed" testListId="8c84fa94-04c1-424b-9868-57a2d4851a1d" relativeResultsDirectory="f78e5818-b75b-4887-a0d1-987991def8d8" />
    <UnitTestResult executionId="7dc513de-dd14-466f-bec2-4d308d8a9c45" testId="7f3961c2-c07a-437d-b369-279dcb78e3cb" testName="FormatToStringTest1000 (29678.921519093645,29678.92 zł)" computerName="DESKTOP-5URQ9PB" duration="00:00:00.0000289" startTime="2022-06-13T21:12:26.4896184+02:00" endTime="2022-06-13T21:12:26.4897967+02:00" testType="13cdc9d9-ddb5-4fa4-a97d-d965ccfc6d4b" outcome="Passed" testListId="8c84fa94-04c1-424b-9868-57a2d4851a1d" relativeResultsDirectory="7dc513de-dd14-466f-bec2-4d308d8a9c45" />
    <UnitTestResult executionId="6d685d50-b271-4ab1-aae6-83d2be4053ed" testId="c8c59746-4757-4eca-85e6-88f39c45f7e5" testName="FormatToStringTest1000 (27852.532163303127,27852.53 zł)" computerName="DESKTOP-5URQ9PB" duration="00:00:00.0000270" startTime="2022-06-13T21:12:26.4893849+02:00" endTime="2022-06-13T21:12:26.4895726+02:00" testType="13cdc9d9-ddb5-4fa4-a97d-d965ccfc6d4b" outcome="Passed" testListId="8c84fa94-04c1-424b-9868-57a2d4851a1d" relativeResultsDirectory="6d685d50-b271-4ab1-aae6-83d2be4053ed" />
    <UnitTestResult executionId="4c0cbc1d-8b97-47ff-9606-52cfeedf00e4" testId="2cb0d1db-d68a-4f3c-b35e-4e4fedc01473" testName="FormatToStringTest1000 (22592.465903659566,22592.47 zł)" computerName="DESKTOP-5URQ9PB" duration="00:00:00.0000063" startTime="2022-06-13T21:12:26.3266105+02:00" endTime="2022-06-13T21:12:26.3266764+02:00" testType="13cdc9d9-ddb5-4fa4-a97d-d965ccfc6d4b" outcome="Passed" testListId="8c84fa94-04c1-424b-9868-57a2d4851a1d" relativeResultsDirectory="4c0cbc1d-8b97-47ff-9606-52cfeedf00e4" />
    <UnitTestResult executionId="19626a9f-8d2a-47b6-891d-80f99874b374" testId="3e6912cd-6235-4b28-8d27-3431bfd8d688" testName="FormatToStringTest1000 (8095.485677032492,8095.49 zł)" computerName="DESKTOP-5URQ9PB" duration="00:00:00.0000062" startTime="2022-06-13T21:12:26.4987234+02:00" endTime="2022-06-13T21:12:26.4987893+02:00" testType="13cdc9d9-ddb5-4fa4-a97d-d965ccfc6d4b" outcome="Passed" testListId="8c84fa94-04c1-424b-9868-57a2d4851a1d" relativeResultsDirectory="19626a9f-8d2a-47b6-891d-80f99874b374" />
  </Results>
  <TestDefinitions>
    <UnitTest name="FormatToStringTest1000 (39531.95190033268,39531.95 zł)" storage="c:\projekty\mstestproject\bin\debug\netcoreapp3.1\mstestproject.dll" id="e0cd62bb-0386-4afc-91d3-469732f8f931">
      <TestCategory>
        <TestCategoryItem TestCategory="Category1000" />
      </TestCategory>
      <Execution id="befa7ce8-e48a-483f-8d76-313d499ecf12" />
      <TestMethod codeBase="C:\Projekty\MSTestProject\bin\Debug\netcoreapp3.1\MSTestProject.dll" adapterTypeName="executor://mstestadapter/v2" className="TwojeWesele.Services.Helpers.Tests.CurrencyHelperTests" name="FormatToStringTest1000" />
    </UnitTest>
    <UnitTest name="FormatToStringTest1000 (55457.96873490278,55457.97 zł)" storage="c:\projekty\mstestproject\bin\debug\netcoreapp3.1\mstestproject.dll" id="d49de22e-e7d8-4bcf-a024-6beddc1d7b2f">
      <TestCategory>
        <TestCategoryItem TestCategory="Category1000" />
      </TestCategory>
      <Execution id="dc501cae-c62e-491c-9a27-5c31738c4917" />
      <TestMethod codeBase="C:\Projekty\MSTestProject\bin\Debug\netcoreapp3.1\MSTestProject.dll" adapterTypeName="executor://mstestadapter/v2" className="TwojeWesele.Services.Helpers.Tests.CurrencyHelperTests" name="FormatToStringTest1000" />
    </UnitTest>
    <UnitTest name="FormatToStringTest1000 (37561.969571757116,37561.97 zł)" storage="c:\projekty\mstestproject\bin\debug\netcoreapp3.1\mstestproject.dll" id="b98e21da-ae82-4de8-a8c1-cf1f98c0d79c">
      <TestCategory>
        <TestCategoryItem TestCategory="Category1000" />
      </TestCategory>
      <Execution id="b215ffb5-f024-46e3-958c-b4594d8adbb2" />
      <TestMethod codeBase="C:\Projekty\MSTestProject\bin\Debug\netcoreapp3.1\MSTestProject.dll" adapterTypeName="executor://mstestadapter/v2" className="TwojeWesele.Services.Helpers.Tests.CurrencyHelperTests" name="FormatToStringTest1000" />
    </UnitTest>
    <UnitTest name="FormatToStringTest1000 (37387.37521261972,37387.38 zł)" storage="c:\projekty\mstestproject\bin\debug\netcoreapp3.1\mstestproject.dll" id="1648c5bc-8108-4279-abac-eaeef7173dbc">
      <TestCategory>
        <TestCategoryItem TestCategory="Category1000" />
      </TestCategory>
      <Execution id="5c2dc2b8-ba96-406c-8c87-663ad402d122" />
      <TestMethod codeBase="C:\Projekty\MSTestProject\bin\Debug\netcoreapp3.1\MSTestProject.dll" adapterTypeName="executor://mstestadapter/v2" className="TwojeWesele.Services.Helpers.Tests.CurrencyHelperTests" name="FormatToStringTest1000" />
    </UnitTest>
    <UnitTest name="FormatToStringTest1000 (77904.0088552246,77904.01 zł)" storage="c:\projekty\mstestproject\bin\debug\netcoreapp3.1\mstestproject.dll" id="674393d1-b14b-46a2-860a-7bab4d57ef6f">
      <TestCategory>
        <TestCategoryItem TestCategory="Category1000" />
      </TestCategory>
      <Execution id="82a63642-d6ae-408f-8335-2b60c88efd50" />
      <TestMethod codeBase="C:\Projekty\MSTestProject\bin\Debug\netcoreapp3.1\MSTestProject.dll" adapterTypeName="executor://mstestadapter/v2" className="TwojeWesele.Services.Helpers.Tests.CurrencyHelperTests" name="FormatToStringTest1000" />
    </UnitTest>
    <UnitTest name="FormatToStringTest1000 (35905.47425787219,35905.47 zł)" storage="c:\projekty\mstestproject\bin\debug\netcoreapp3.1\mstestproject.dll" id="9c2a240f-aaa3-40f8-87b4-a1115a13b062">
      <TestCategory>
        <TestCategoryItem TestCategory="Category1000" />
      </TestCategory>
      <Execution id="ee8b944c-3312-4bb1-aa7d-bbecc2227405" />
      <TestMethod codeBase="C:\Projekty\MSTestProject\bin\Debug\netcoreapp3.1\MSTestProject.dll" adapterTypeName="executor://mstestadapter/v2" className="TwojeWesele.Services.Helpers.Tests.CurrencyHelperTests" name="FormatToStringTest1000" />
    </UnitTest>
    <UnitTest name="FormatToStringTest1000 (9503.466049463705,9503.47 zł)" storage="c:\projekty\mstestproject\bin\debug\netcoreapp3.1\mstestproject.dll" id="b984bb59-281a-4860-96b5-bf8c8b7badbe">
      <TestCategory>
        <TestCategoryItem TestCategory="Category1000" />
      </TestCategory>
      <Execution id="b9b37ea3-fca3-42d7-9656-b49da222ead0" />
      <TestMethod codeBase="C:\Projekty\MSTestProject\bin\Debug\netcoreapp3.1\MSTestProject.dll" adapterTypeName="executor://mstestadapter/v2" className="TwojeWesele.Services.Helpers.Tests.CurrencyHelperTests" name="FormatToStringTest1000" />
    </UnitTest>
    <UnitTest name="FormatToStringTest1000 (7202.052143613367,7202.05 zł)" storage="c:\projekty\mstestproject\bin\debug\netcoreapp3.1\mstestproject.dll" id="22b5bad5-f73d-4b1e-9c5b-bbd1c1115f2d">
      <TestCategory>
        <TestCategoryItem TestCategory="Category1000" />
      </TestCategory>
      <Execution id="12db3e03-bc64-4cf7-a929-af607dccd43e" />
      <TestMethod codeBase="C:\Projekty\MSTestProject\bin\Debug\netcoreapp3.1\MSTestProject.dll" adapterTypeName="executor://mstestadapter/v2" className="TwojeWesele.Services.Helpers.Tests.CurrencyHelperTests" name="FormatToStringTest1000" />
    </UnitTest>
    <UnitTest name="FormatToStringTest1000 (28072.424637532058,28072.42 zł)" storage="c:\projekty\mstestproject\bin\debug\netcoreapp3.1\mstestproject.dll" id="9e905cd1-6420-4a76-bcf7-c30573bff45f">
      <TestCategory>
        <TestCategoryItem TestCategory="Category1000" />
      </TestCategory>
      <Execution id="c1ca7cb0-3889-4041-8486-454f7b1ab533" />
      <TestMethod codeBase="C:\Projekty\MSTestProject\bin\Debug\netcoreapp3.1\MSTestProject.dll" adapterTypeName="executor://mstestadapter/v2" className="TwojeWesele.Services.Helpers.Tests.CurrencyHelperTests" name="FormatToStringTest1000" />
    </UnitTest>
    <UnitTest name="FormatToStringTest1000 (13197.65136269417,13197.65 zł)" storage="c:\projekty\mstestproject\bin\debug\netcoreapp3.1\mstestproject.dll" id="9173f2d0-8adc-438d-b24e-1e9d59e0fca1">
      <TestCategory>
        <TestCategoryItem TestCategory="Category1000" />
      </TestCategory>
      <Execution id="0f38a9ba-b65e-4441-9aa6-ae1b1b74ea61" />
      <TestMethod codeBase="C:\Projekty\MSTestProject\bin\Debug\netcoreapp3.1\MSTestProject.dll" adapterTypeName="executor://mstestadapter/v2" className="TwojeWesele.Services.Helpers.Tests.CurrencyHelperTests" name="FormatToStringTest1000" />
    </UnitTest>
    <UnitTest name="FormatToStringTest1000 (16037.01783290087,16037.02 zł)" storage="c:\projekty\mstestproject\bin\debug\netcoreapp3.1\mstestproject.dll" id="a881f310-b4f1-4ca0-8911-b22260f791a4">
      <TestCategory>
        <TestCategoryItem TestCategory="Category1000" />
      </TestCategory>
      <Execution id="0da75870-5b79-4ee6-97a2-3cf136ade83d" />
      <TestMethod codeBase="C:\Projekty\MSTestProject\bin\Debug\netcoreapp3.1\MSTestProject.dll" adapterTypeName="executor://mstestadapter/v2" className="TwojeWesele.Services.Helpers.Tests.CurrencyHelperTests" name="FormatToStringTest1000" />
    </UnitTest>
    <UnitTest name="FormatToStringTest1000 (76751.79413498091,76751.79 zł)" storage="c:\projekty\mstestproject\bin\debug\netcoreapp3.1\mstestproject.dll" id="a404cc43-ccbb-4a7a-a0bd-41c9d8e4e8fa">
      <TestCategory>
        <TestCategoryItem TestCategory="Category1000" />
      </TestCategory>
      <Execution id="a237c540-8da8-47f1-b75f-c09d1b0debed" />
      <TestMethod codeBase="C:\Projekty\MSTestProject\bin\Debug\netcoreapp3.1\MSTestProject.dll" adapterTypeName="executor://mstestadapter/v2" className="TwojeWesele.Services.Helpers.Tests.CurrencyHelperTests" name="FormatToStringTest1000" />
    </UnitTest>
    <UnitTest name="FormatToStringTest1000 (18023.78504577455,18023.79 zł)" storage="c:\projekty\mstestproject\bin\debug\netcoreapp3.1\mstestproject.dll" id="29aeb6a8-4a01-4b08-8b03-0d451057a991">
      <TestCategory>
        <TestCategoryItem TestCategory="Category1000" />
      </TestCategory>
      <Execution id="62fe47b8-1075-472b-8639-05725a82d7a0" />
      <TestMethod codeBase="C:\Projekty\MSTestProject\bin\Debug\netcoreapp3.1\MSTestProject.dll" adapterTypeName="executor://mstestadapter/v2" className="TwojeWesele.Services.Helpers.Tests.CurrencyHelperTests" name="FormatToStringTest1000" />
    </UnitTest>
    <UnitTest name="FormatToStringTest1000 (22197.731451777618,22197.73 zł)" storage="c:\projekty\mstestproject\bin\debug\netcoreapp3.1\mstestproject.dll" id="30bec4e6-2c87-481d-b4f6-056906409f00">
      <TestCategory>
        <TestCategoryItem TestCategory="Category1000" />
      </TestCategory>
      <Execution id="c805c8e8-efde-42b2-828e-ab4a8b4e9bdb" />
      <TestMethod codeBase="C:\Projekty\MSTestProject\bin\Debug\netcoreapp3.1\MSTestProject.dll" adapterTypeName="executor://mstestadapter/v2" className="TwojeWesele.Services.Helpers.Tests.CurrencyHelperTests" name="FormatToStringTest1000" />
    </UnitTest>
    <UnitTest name="FormatToStringTest1000 (27794.8671353957,27794.87 zł)" storage="c:\projekty\mstestproject\bin\debug\netcoreapp3.1\mstestproject.dll" id="16d7577e-c452-4c24-8eae-c5b97817dc00">
      <TestCategory>
        <TestCategoryItem TestCategory="Category1000" />
      </TestCategory>
      <Execution id="89061d7b-0cea-45dc-8076-659b72736b9c" />
      <TestMethod codeBase="C:\Projekty\MSTestProject\bin\Debug\netcoreapp3.1\MSTestProject.dll" adapterTypeName="executor://mstestadapter/v2" className="TwojeWesele.Services.Helpers.Tests.CurrencyHelperTests" name="FormatToStringTest1000" />
    </UnitTest>
    <UnitTest name="FormatToStringTest1000 (151.50737175275916,151.51 zł)" storage="c:\projekty\mstestproject\bin\debug\netcoreapp3.1\mstestproject.dll" id="6669ced8-44d0-4bc5-8f15-7142c190e0ad">
      <TestCategory>
        <TestCategoryItem TestCategory="Category1000" />
      </TestCategory>
      <Execution id="684a48f2-cfae-47a5-8850-9b82baa93d98" />
      <TestMethod codeBase="C:\Projekty\MSTestProject\bin\Debug\netcoreapp3.1\MSTestProject.dll" adapterTypeName="executor://mstestadapter/v2" className="TwojeWesele.Services.Helpers.Tests.CurrencyHelperTests" name="FormatToStringTest1000" />
    </UnitTest>
    <UnitTest name="FormatToStringTest1000 (8697.074631143862,8697.07 zł)" storage="c:\projekty\mstestproject\bin\debug\netcoreapp3.1\mstestproject.dll" id="1cf03910-6c1b-41b5-91eb-bc6af2f95696">
      <TestCategory>
        <TestCategoryItem TestCategory="Category1000" />
      </TestCategory>
      <Execution id="0aafa11d-efaf-46ef-a8f0-dbd95331e427" />
      <TestMethod codeBase="C:\Projekty\MSTestProject\bin\Debug\netcoreapp3.1\MSTestProject.dll" adapterTypeName="executor://mstestadapter/v2" className="TwojeWesele.Services.Helpers.Tests.CurrencyHelperTests" name="FormatToStringTest1000" />
    </UnitTest>
    <UnitTest name="FormatToStringTest1000 (16416.109736457518,16416.11 zł)" storage="c:\projekty\mstestproject\bin\debug\netcoreapp3.1\mstestproject.dll" id="115fe794-9fb7-4446-9e74-fd861ed74414">
      <TestCategory>
        <TestCategoryItem TestCategory="Category1000" />
      </TestCategory>
      <Execution id="d63667c0-dca7-4acc-b6b0-674dd6052e8b" />
      <TestMethod codeBase="C:\Projekty\MSTestProject\bin\Debug\netcoreapp3.1\MSTestProject.dll" adapterTypeName="executor://mstestadapter/v2" className="TwojeWesele.Services.Helpers.Tests.CurrencyHelperTests" name="FormatToStringTest1000" />
    </UnitTest>
    <UnitTest name="FormatToStringTest1000 (55010.474927814896,55010.47 zł)" storage="c:\projekty\mstestproject\bin\debug\netcoreapp3.1\mstestproject.dll" id="ee9ace59-2b73-430e-b0d9-1f23052b972e">
      <TestCategory>
        <TestCategoryItem TestCategory="Category1000" />
      </TestCategory>
      <Execution id="012d8ed7-8783-4a6e-8057-72c9b752198b" />
      <TestMethod codeBase="C:\Projekty\MSTestProject\bin\Debug\netcoreapp3.1\MSTestProject.dll" adapterTypeName="executor://mstestadapter/v2" className="TwojeWesele.Services.Helpers.Tests.CurrencyHelperTests" name="FormatToStringTest1000" />
    </UnitTest>
    <UnitTest name="FormatToStringTest1000 (4669.392596858271,4669.39 zł)" storage="c:\projekty\mstestproject\bin\debug\netcoreapp3.1\mstestproject.dll" id="a75e55be-b874-4d50-83ed-d043968cec6d">
      <TestCategory>
        <TestCategoryItem TestCategory="Category1000" />
      </TestCategory>
      <Execution id="d666e531-9459-40b2-a8b2-0deebd4f58e4" />
      <TestMethod codeBase="C:\Projekty\MSTestProject\bin\Debug\netcoreapp3.1\MSTestProject.dll" adapterTypeName="executor://mstestadapter/v2" className="TwojeWesele.Services.Helpers.Tests.CurrencyHelperTests" name="FormatToStringTest1000" />
    </UnitTest>
    <UnitTest name="FormatToStringTest1000 (27942.393876474067,27942.39 zł)" storage="c:\projekty\mstestproject\bin\debug\netcoreapp3.1\mstestproject.dll" id="02e4cc05-6ce1-4b0d-98f2-1b433d3c204c">
      <TestCategory>
        <TestCategoryItem TestCategory="Category1000" />
      </TestCategory>
      <Execution id="55d130a6-cf57-4198-8c2b-6e559c8bdee9" />
      <TestMethod codeBase="C:\Projekty\MSTestProject\bin\Debug\netcoreapp3.1\MSTestProject.dll" adapterTypeName="executor://mstestadapter/v2" className="TwojeWesele.Services.Helpers.Tests.CurrencyHelperTests" name="FormatToStringTest1000" />
    </UnitTest>
    <UnitTest name="FormatToStringTest1000 (10527.083945901639,10527.08 zł)" storage="c:\projekty\mstestproject\bin\debug\netcoreapp3.1\mstestproject.dll" id="24e5cf4e-8db8-459a-9e30-b9717821ef36">
      <TestCategory>
        <TestCategoryItem TestCategory="Category1000" />
      </TestCategory>
      <Execution id="a05b5abb-2437-4807-9f70-0d74a81eb3ef" />
      <TestMethod codeBase="C:\Projekty\MSTestProject\bin\Debug\netcoreapp3.1\MSTestProject.dll" adapterTypeName="executor://mstestadapter/v2" className="TwojeWesele.Services.Helpers.Tests.CurrencyHelperTests" name="FormatToStringTest1000" />
    </UnitTest>
    <UnitTest name="FormatToStringTest1000 (40268.121943438484,40268.12 zł)" storage="c:\projekty\mstestproject\bin\debug\netcoreapp3.1\mstestproject.dll" id="138b534a-34ea-4be6-8e22-f40b189df705">
      <TestCategory>
        <TestCategoryItem TestCategory="Category1000" />
      </TestCategory>
      <Execution id="f703ffdd-7233-4b75-86e9-7e6ad75869dc" />
      <TestMethod codeBase="C:\Projekty\MSTestProject\bin\Debug\netcoreapp3.1\MSTestProject.dll" adapterTypeName="executor://mstestadapter/v2" className="TwojeWesele.Services.Helpers.Tests.CurrencyHelperTests" name="FormatToStringTest1000" />
    </UnitTest>
    <UnitTest name="FormatToStringTest1000 (29539.32303995328,29539.32 zł)" storage="c:\projekty\mstestproject\bin\debug\netcoreapp3.1\mstestproject.dll" id="3691fef1-4c9b-4aa2-952b-230abdf51eb0">
      <TestCategory>
        <TestCategoryItem TestCategory="Category1000" />
      </TestCategory>
      <Execution id="bdba7aa7-13b8-42a5-9d85-cd055eadaf10" />
      <TestMethod codeBase="C:\Projekty\MSTestProject\bin\Debug\netcoreapp3.1\MSTestProject.dll" adapterTypeName="executor://mstestadapter/v2" className="TwojeWesele.Services.Helpers.Tests.CurrencyHelperTests" name="FormatToStringTest1000" />
    </UnitTest>
    <UnitTest name="FormatToStringTest1000 (17000.070169619317,17000.07 zł)" storage="c:\projekty\mstestproject\bin\debug\netcoreapp3.1\mstestproject.dll" id="1241f39d-36d9-4fd8-9c14-9f55fca47691">
      <TestCategory>
        <TestCategoryItem TestCategory="Category1000" />
      </TestCategory>
      <Execution id="4b0798e9-9a84-44fb-9b83-b04d6692f0b6" />
      <TestMethod codeBase="C:\Projekty\MSTestProject\bin\Debug\netcoreapp3.1\MSTestProject.dll" adapterTypeName="executor://mstestadapter/v2" className="TwojeWesele.Services.Helpers.Tests.CurrencyHelperTests" name="FormatToStringTest1000" />
    </UnitTest>
    <UnitTest name="FormatToStringTest1000 (65963.39932440939,65963.40 zł)" storage="c:\projekty\mstestproject\bin\debug\netcoreapp3.1\mstestproject.dll" id="543d9480-4f63-4c3a-a2e2-00a7c6085582">
      <TestCategory>
        <TestCategoryItem TestCategory="Category1000" />
      </TestCategory>
      <Execution id="6b13bbc5-44e2-4e7c-ac19-3407ab78b220" />
      <TestMethod codeBase="C:\Projekty\MSTestProject\bin\Debug\netcoreapp3.1\MSTestProject.dll" adapterTypeName="executor://mstestadapter/v2" className="TwojeWesele.Services.Helpers.Tests.CurrencyHelperTests" name="FormatToStringTest1000" />
    </UnitTest>
    <UnitTest name="FormatToStringTest1000 (57436.33241095409,57436.33 zł)" storage="c:\projekty\mstestproject\bin\debug\netcoreapp3.1\mstestproject.dll" id="db7b9491-5ccf-4e25-8762-467824f7d4ec">
      <TestCategory>
        <TestCategoryItem TestCategory="Category1000" />
      </TestCategory>
      <Execution id="922251b6-2919-49de-991b-b97ea17a68a6" />
      <TestMethod codeBase="C:\Projekty\MSTestProject\bin\Debug\netcoreapp3.1\MSTestProject.dll" adapterTypeName="executor://mstestadapter/v2" className="TwojeWesele.Services.Helpers.Tests.CurrencyHelperTests" name="FormatToStringTest1000" />
    </UnitTest>
    <UnitTest name="FormatToStringTest1000 (16902.50568789314,16902.51 zł)" storage="c:\projekty\mstestproject\bin\debug\netcoreapp3.1\mstestproject.dll" id="61283e23-76c5-4c5a-8dd5-005bc97c3d86">
      <TestCategory>
        <TestCategoryItem TestCategory="Category1000" />
      </TestCategory>
      <Execution id="7c39e651-89c0-4c44-842a-0c7111d0c9f3" />
      <TestMethod codeBase="C:\Projekty\MSTestProject\bin\Debug\netcoreapp3.1\MSTestProject.dll" adapterTypeName="executor://mstestadapter/v2" className="TwojeWesele.Services.Helpers.Tests.CurrencyHelperTests" name="FormatToStringTest1000" />
    </UnitTest>
    <UnitTest name="FormatToStringTest1000 (9079.930405251649,9079.93 zł)" storage="c:\projekty\mstestproject\bin\debug\netcoreapp3.1\mstestproject.dll" id="ec163e25-6de7-49bd-99ec-36612e1ca58d">
      <TestCategory>
        <TestCategoryItem TestCategory="Category1000" />
      </TestCategory>
      <Execution id="ae17953e-88d8-48e7-9dc8-d43f8407d343" />
      <TestMethod codeBase="C:\Projekty\MSTestProject\bin\Debug\netcoreapp3.1\MSTestProject.dll" adapterTypeName="executor://mstestadapter/v2" className="TwojeWesele.Services.Helpers.Tests.CurrencyHelperTests" name="FormatToStringTest1000" />
    </UnitTest>
    <UnitTest name="FormatToStringTest1000 (4614.673205890541,4614.67 zł)" storage="c:\projekty\mstestproject\bin\debug\netcoreapp3.1\mstestproject.dll" id="a5780f51-91ff-4c3f-b949-7faabd30869c">
      <TestCategory>
        <TestCategoryItem TestCategory="Category1000" />
      </TestCategory>
      <Execution id="1b217680-89fe-4fe9-b650-88efb2dab196" />
      <TestMethod codeBase="C:\Projekty\MSTestProject\bin\Debug\netcoreapp3.1\MSTestProject.dll" adapterTypeName="executor://mstestadapter/v2" className="TwojeWesele.Services.Helpers.Tests.CurrencyHelperTests" name="FormatToStringTest1000" />
    </UnitTest>
    <UnitTest name="FormatToStringTest1000 (19873.59831658453,19873.60 zł)" storage="c:\projekty\mstestproject\bin\debug\netcoreapp3.1\mstestproject.dll" id="393adf1e-a1c8-4872-89be-376e0a9e48c7">
      <TestCategory>
        <TestCategoryItem TestCategory="Category1000" />
      </TestCategory>
      <Execution id="400b2a6a-8ad7-47b7-b3e3-f7d4c5aa91d6" />
      <TestMethod codeBase="C:\Projekty\MSTestProject\bin\Debug\netcoreapp3.1\MSTestProject.dll" adapterTypeName="executor://mstestadapter/v2" className="TwojeWesele.Services.Helpers.Tests.CurrencyHelperTests" name="FormatToStringTest1000" />
    </UnitTest>
    <UnitTest name="FormatToStringTest1000 (46790.41011887715,46790.41 zł)" storage="c:\projekty\mstestproject\bin\debug\netcoreapp3.1\mstestproject.dll" id="2659440d-38ab-47bd-8b8d-ce234f8915b8">
      <TestCategory>
        <TestCategoryItem TestCategory="Category1000" />
      </TestCategory>
      <Execution id="3a57f682-9a66-4706-aefb-306b9df5e1c3" />
      <TestMethod codeBase="C:\Projekty\MSTestProject\bin\Debug\netcoreapp3.1\MSTestProject.dll" adapterTypeName="executor://mstestadapter/v2" className="TwojeWesele.Services.Helpers.Tests.CurrencyHelperTests" name="FormatToStringTest1000" />
    </UnitTest>
    <UnitTest name="FormatToStringTest1000 (7789.7136237517525,7789.71 zł)" storage="c:\projekty\mstestproject\bin\debug\netcoreapp3.1\mstestproject.dll" id="2e483d5a-33a5-47bb-a455-28d19ccb7959">
      <TestCategory>
        <TestCategoryItem TestCategory="Category1000" />
      </TestCategory>
      <Execution id="eb9643f9-124b-4c85-a1a8-2d53cb0a5b07" />
      <TestMethod codeBase="C:\Projekty\MSTestProject\bin\Debug\netcoreapp3.1\MSTestProject.dll" adapterTypeName="executor://mstestadapter/v2" className="TwojeWesele.Services.Helpers.Tests.CurrencyHelperTests" name="FormatToStringTest1000" />
    </UnitTest>
    <UnitTest name="FormatToStringTest1000 (59768.02667973611,59768.03 zł)" storage="c:\projekty\mstestproject\bin\debug\netcoreapp3.1\mstestproject.dll" id="a030da6e-c0fb-44e7-926f-c0d808775068">
      <TestCategory>
        <TestCategoryItem TestCategory="Category1000" />
      </TestCategory>
      <Execution id="efb12668-3995-4043-8771-c6fd4afe29c3" />
      <TestMethod codeBase="C:\Projekty\MSTestProject\bin\Debug\netcoreapp3.1\MSTestProject.dll" adapterTypeName="executor://mstestadapter/v2" className="TwojeWesele.Services.Helpers.Tests.CurrencyHelperTests" name="FormatToStringTest1000" />
    </UnitTest>
    <UnitTest name="FormatToStringTest1000 (16388.556189478633,16388.56 zł)" storage="c:\projekty\mstestproject\bin\debug\netcoreapp3.1\mstestproject.dll" id="b00895dd-5ff7-41b7-a0b6-bf44364e744d">
      <TestCategory>
        <TestCategoryItem TestCategory="Category1000" />
      </TestCategory>
      <Execution id="44021233-c0f8-49c1-8e4d-d86459c87995" />
      <TestMethod codeBase="C:\Projekty\MSTestProject\bin\Debug\netcoreapp3.1\MSTestProject.dll" adapterTypeName="executor://mstestadapter/v2" className="TwojeWesele.Services.Helpers.Tests.CurrencyHelperTests" name="FormatToStringTest1000" />
    </UnitTest>
    <UnitTest name="FormatToStringTest1000 (2901.9683054191846,2901.97 zł)" storage="c:\projekty\mstestproject\bin\debug\netcoreapp3.1\mstestproject.dll" id="fe8e26c5-5f28-4e8c-8188-faa701894b66">
      <TestCategory>
        <TestCategoryItem TestCategory="Category1000" />
      </TestCategory>
      <Execution id="794ad385-9e04-4f70-9e4e-7c7a90636340" />
      <TestMethod codeBase="C:\Projekty\MSTestProject\bin\Debug\netcoreapp3.1\MSTestProject.dll" adapterTypeName="executor://mstestadapter/v2" className="TwojeWesele.Services.Helpers.Tests.CurrencyHelperTests" name="FormatToStringTest1000" />
    </UnitTest>
    <UnitTest name="FormatToStringTest1000 (45445.182098106096,45445.18 zł)" storage="c:\projekty\mstestproject\bin\debug\netcoreapp3.1\mstestproject.dll" id="cecd381e-550e-4956-a6da-0820ac28f237">
      <TestCategory>
        <TestCategoryItem TestCategory="Category1000" />
      </TestCategory>
      <Execution id="064ccfe4-853f-4f6b-af86-18003eb1cce7" />
      <TestMethod codeBase="C:\Projekty\MSTestProject\bin\Debug\netcoreapp3.1\MSTestProject.dll" adapterTypeName="executor://mstestadapter/v2" className="TwojeWesele.Services.Helpers.Tests.CurrencyHelperTests" name="FormatToStringTest1000" />
    </UnitTest>
    <UnitTest name="FormatToStringTest1000 (68770.73008707525,68770.73 zł)" storage="c:\projekty\mstestproject\bin\debug\netcoreapp3.1\mstestproject.dll" id="a76532ba-2427-4f8f-81fd-c6c51f350fc1">
      <TestCategory>
        <TestCategoryItem TestCategory="Category1000" />
      </TestCategory>
      <Execution id="51bcb95a-917d-4e8f-be84-2281d9851120" />
      <TestMethod codeBase="C:\Projekty\MSTestProject\bin\Debug\netcoreapp3.1\MSTestProject.dll" adapterTypeName="executor://mstestadapter/v2" className="TwojeWesele.Services.Helpers.Tests.CurrencyHelperTests" name="FormatToStringTest1000" />
    </UnitTest>
    <UnitTest name="FormatToStringTest1000 (7004.710832051798,7004.71 zł)" storage="c:\projekty\mstestproject\bin\debug\netcoreapp3.1\mstestproject.dll" id="1e9ba700-277d-4802-a31b-186f05fbafe9">
      <TestCategory>
        <TestCategoryItem TestCategory="Category1000" />
      </TestCategory>
      <Execution id="c5d483ab-f780-4ccf-8187-3be09bd5134a" />
      <TestMethod codeBase="C:\Projekty\MSTestProject\bin\Debug\netcoreapp3.1\MSTestProject.dll" adapterTypeName="executor://mstestadapter/v2" className="TwojeWesele.Services.Helpers.Tests.CurrencyHelperTests" name="FormatToStringTest1000" />
    </UnitTest>
    <UnitTest name="FormatToStringTest1000 (9816.961298880615,9816.96 zł)" storage="c:\projekty\mstestproject\bin\debug\netcoreapp3.1\mstestproject.dll" id="aded08a4-8364-47c9-a9a7-813d9d2a72df">
      <TestCategory>
        <TestCategoryItem TestCategory="Category1000" />
      </TestCategory>
      <Execution id="87b35d3b-694f-4dbb-b2c2-560655028f62" />
      <TestMethod codeBase="C:\Projekty\MSTestProject\bin\Debug\netcoreapp3.1\MSTestProject.dll" adapterTypeName="executor://mstestadapter/v2" className="TwojeWesele.Services.Helpers.Tests.CurrencyHelperTests" name="FormatToStringTest1000" />
    </UnitTest>
    <UnitTest name="FormatToStringTest1000 (39178.05988345298,39178.06 zł)" storage="c:\projekty\mstestproject\bin\debug\netcoreapp3.1\mstestproject.dll" id="384ff18b-bda8-40fe-b418-2d4afd0ef1fc">
      <TestCategory>
        <TestCategoryItem TestCategory="Category1000" />
      </TestCategory>
      <Execution id="f606a56e-d71e-4495-b1a5-0707ae0eda6a" />
      <TestMethod codeBase="C:\Projekty\MSTestProject\bin\Debug\netcoreapp3.1\MSTestProject.dll" adapterTypeName="executor://mstestadapter/v2" className="TwojeWesele.Services.Helpers.Tests.CurrencyHelperTests" name="FormatToStringTest1000" />
    </UnitTest>
    <UnitTest name="FormatToStringTest1000 (1011.9989482094529,1012.00 zł)" storage="c:\projekty\mstestproject\bin\debug\netcoreapp3.1\mstestproject.dll" id="07f30ccc-6329-4152-93b7-f5281ebfcb7c">
      <TestCategory>
        <TestCategoryItem TestCategory="Category1000" />
      </TestCategory>
      <Execution id="c8261be7-7db9-46ec-a859-5a59eb732285" />
      <TestMethod codeBase="C:\Projekty\MSTestProject\bin\Debug\netcoreapp3.1\MSTestProject.dll" adapterTypeName="executor://mstestadapter/v2" className="TwojeWesele.Services.Helpers.Tests.CurrencyHelperTests" name="FormatToStringTest1000" />
    </UnitTest>
    <UnitTest name="FormatToStringTest1000 (16957.4523676757,16957.45 zł)" storage="c:\projekty\mstestproject\bin\debug\netcoreapp3.1\mstestproject.dll" id="9d408d8b-fa11-42c7-aa7b-35778f7bfbb1">
      <TestCategory>
        <TestCategoryItem TestCategory="Category1000" />
      </TestCategory>
      <Execution id="32f96e83-7667-4732-b9d4-c4aa87d24d44" />
      <TestMethod codeBase="C:\Projekty\MSTestProject\bin\Debug\netcoreapp3.1\MSTestProject.dll" adapterTypeName="executor://mstestadapter/v2" className="TwojeWesele.Services.Helpers.Tests.CurrencyHelperTests" name="FormatToStringTest1000" />
    </UnitTest>
    <UnitTest name="FormatToStringTest1000 (22666.13578912995,22666.14 zł)" storage="c:\projekty\mstestproject\bin\debug\netcoreapp3.1\mstestproject.dll" id="1c0c0401-cbac-4e8e-b8e5-66e2db5ac083">
      <TestCategory>
        <TestCategoryItem TestCategory="Category1000" />
      </TestCategory>
      <Execution id="44d93845-1d34-4fa9-897b-602a8b793f96" />
      <TestMethod codeBase="C:\Projekty\MSTestProject\bin\Debug\netcoreapp3.1\MSTestProject.dll" adapterTypeName="executor://mstestadapter/v2" className="TwojeWesele.Services.Helpers.Tests.CurrencyHelperTests" name="FormatToStringTest1000" />
    </UnitTest>
    <UnitTest name="FormatToStringTest1000 (43424.45140075332,43424.45 zł)" storage="c:\projekty\mstestproject\bin\debug\netcoreapp3.1\mstestproject.dll" id="fbc72cc7-7cef-4f72-b2d6-79d8d0210102">
      <TestCategory>
        <TestCategoryItem TestCategory="Category1000" />
      </TestCategory>
      <Execution id="34f254fc-4e7c-422b-8b5d-4f4eb42f2f69" />
      <TestMethod codeBase="C:\Projekty\MSTestProject\bin\Debug\netcoreapp3.1\MSTestProject.dll" adapterTypeName="executor://mstestadapter/v2" className="TwojeWesele.Services.Helpers.Tests.CurrencyHelperTests" name="FormatToStringTest1000" />
    </UnitTest>
    <UnitTest name="FormatToStringTest1000 (28068.20530246394,28068.21 zł)" storage="c:\projekty\mstestproject\bin\debug\netcoreapp3.1\mstestproject.dll" id="35b09765-e55e-44e2-afa1-8680a4108bfb">
      <TestCategory>
        <TestCategoryItem TestCategory="Category1000" />
      </TestCategory>
      <Execution id="7c7fa3df-08d1-41ae-9112-77894e7c6d81" />
      <TestMethod codeBase="C:\Projekty\MSTestProject\bin\Debug\netcoreapp3.1\MSTestProject.dll" adapterTypeName="executor://mstestadapter/v2" className="TwojeWesele.Services.Helpers.Tests.CurrencyHelperTests" name="FormatToStringTest1000" />
    </UnitTest>
    <UnitTest name="FormatToStringTest1000 (17098.491445727876,17098.49 zł)" storage="c:\projekty\mstestproject\bin\debug\netcoreapp3.1\mstestproject.dll" id="48cd0762-5e8f-410b-a354-9aeea1cc1a9e">
      <TestCategory>
        <TestCategoryItem TestCategory="Category1000" />
      </TestCategory>
      <Execution id="7dac4926-fc4d-4ce8-b0b8-f8c7f114f915" />
      <TestMethod codeBase="C:\Projekty\MSTestProject\bin\Debug\netcoreapp3.1\MSTestProject.dll" adapterTypeName="executor://mstestadapter/v2" className="TwojeWesele.Services.Helpers.Tests.CurrencyHelperTests" name="FormatToStringTest1000" />
    </UnitTest>
    <UnitTest name="FormatToStringTest1000 (49256.65708813195,49256.66 zł)" storage="c:\projekty\mstestproject\bin\debug\netcoreapp3.1\mstestproject.dll" id="43e65a05-c89b-4082-a298-cd341548f38d">
      <TestCategory>
        <TestCategoryItem TestCategory="Category1000" />
      </TestCategory>
      <Execution id="bc7ada7c-4434-487d-81d3-2d056c2a124b" />
      <TestMethod codeBase="C:\Projekty\MSTestProject\bin\Debug\netcoreapp3.1\MSTestProject.dll" adapterTypeName="executor://mstestadapter/v2" className="TwojeWesele.Services.Helpers.Tests.CurrencyHelperTests" name="FormatToStringTest1000" />
    </UnitTest>
    <UnitTest name="FormatToStringTest1000 (56802.303118930344,56802.30 zł)" storage="c:\projekty\mstestproject\bin\debug\netcoreapp3.1\mstestproject.dll" id="e64f3484-2f3d-4390-94a5-3cd41f37066b">
      <TestCategory>
        <TestCategoryItem TestCategory="Category1000" />
      </TestCategory>
      <Execution id="43737201-49e4-4c88-be72-8de611c8ebdf" />
      <TestMethod codeBase="C:\Projekty\MSTestProject\bin\Debug\netcoreapp3.1\MSTestProject.dll" adapterTypeName="executor://mstestadapter/v2" className="TwojeWesele.Services.Helpers.Tests.CurrencyHelperTests" name="FormatToStringTest1000" />
    </UnitTest>
    <UnitTest name="FormatToStringTest1000 (1300.9430775404642,1300.94 zł)" storage="c:\projekty\mstestproject\bin\debug\netcoreapp3.1\mstestproject.dll" id="206678df-43f2-4ee8-a547-e431afd48592">
      <TestCategory>
        <TestCategoryItem TestCategory="Category1000" />
      </TestCategory>
      <Execution id="c35b1e26-76b9-4669-b6a4-288aa99857b3" />
      <TestMethod codeBase="C:\Projekty\MSTestProject\bin\Debug\netcoreapp3.1\MSTestProject.dll" adapterTypeName="executor://mstestadapter/v2" className="TwojeWesele.Services.Helpers.Tests.CurrencyHelperTests" name="FormatToStringTest1000" />
    </UnitTest>
    <UnitTest name="FormatToStringTest1000 (20482.32969107308,20482.33 zł)" storage="c:\projekty\mstestproject\bin\debug\netcoreapp3.1\mstestproject.dll" id="eb802998-2509-47b5-9ae8-1c0832b71cd4">
      <TestCategory>
        <TestCategoryItem TestCategory="Category1000" />
      </TestCategory>
      <Execution id="ddd279e7-813d-4001-b89b-1e6b9835b7ff" />
      <TestMethod codeBase="C:\Projekty\MSTestProject\bin\Debug\netcoreapp3.1\MSTestProject.dll" adapterTypeName="executor://mstestadapter/v2" className="TwojeWesele.Services.Helpers.Tests.CurrencyHelperTests" name="FormatToStringTest1000" />
    </UnitTest>
    <UnitTest name="FormatToStringTest1000 (40857.08543233996,40857.09 zł)" storage="c:\projekty\mstestproject\bin\debug\netcoreapp3.1\mstestproject.dll" id="b69e41e4-4d90-4125-93f5-d6b0dc56d226">
      <TestCategory>
        <TestCategoryItem TestCategory="Category1000" />
      </TestCategory>
      <Execution id="c2aa7f64-cf28-46de-90e0-2aaa9d29565e" />
      <TestMethod codeBase="C:\Projekty\MSTestProject\bin\Debug\netcoreapp3.1\MSTestProject.dll" adapterTypeName="executor://mstestadapter/v2" className="TwojeWesele.Services.Helpers.Tests.CurrencyHelperTests" name="FormatToStringTest1000" />
    </UnitTest>
    <UnitTest name="FormatToStringTest1000 (32051.900532446758,32051.90 zł)" storage="c:\projekty\mstestproject\bin\debug\netcoreapp3.1\mstestproject.dll" id="10afcefa-1280-4b3d-9b72-ab272290322a">
      <TestCategory>
        <TestCategoryItem TestCategory="Category1000" />
      </TestCategory>
      <Execution id="de4292ef-9e64-4eaa-852a-a654d8d7197f" />
      <TestMethod codeBase="C:\Projekty\MSTestProject\bin\Debug\netcoreapp3.1\MSTestProject.dll" adapterTypeName="executor://mstestadapter/v2" className="TwojeWesele.Services.Helpers.Tests.CurrencyHelperTests" name="FormatToStringTest1000" />
    </UnitTest>
    <UnitTest name="FormatToStringTest1000 (32863.31705269558,32863.32 zł)" storage="c:\projekty\mstestproject\bin\debug\netcoreapp3.1\mstestproject.dll" id="ac2f4b25-e12f-42c0-b6e0-dc485a5e3e86">
      <TestCategory>
        <TestCategoryItem TestCategory="Category1000" />
      </TestCategory>
      <Execution id="5d5c9373-221a-4cf8-864b-5a10124a7e4d" />
      <TestMethod codeBase="C:\Projekty\MSTestProject\bin\Debug\netcoreapp3.1\MSTestProject.dll" adapterTypeName="executor://mstestadapter/v2" className="TwojeWesele.Services.Helpers.Tests.CurrencyHelperTests" name="FormatToStringTest1000" />
    </UnitTest>
    <UnitTest name="FormatToStringTest1000 (485.6735566554933,485.67 zł)" storage="c:\projekty\mstestproject\bin\debug\netcoreapp3.1\mstestproject.dll" id="6ae6ef09-c83d-4bf9-b053-3a71b6d0b4cc">
      <TestCategory>
        <TestCategoryItem TestCategory="Category1000" />
      </TestCategory>
      <Execution id="b1d164d5-3cbe-420a-b76e-bbb5e08c4b1c" />
      <TestMethod codeBase="C:\Projekty\MSTestProject\bin\Debug\netcoreapp3.1\MSTestProject.dll" adapterTypeName="executor://mstestadapter/v2" className="TwojeWesele.Services.Helpers.Tests.CurrencyHelperTests" name="FormatToStringTest1000" />
    </UnitTest>
    <UnitTest name="FormatToStringTest1000 (19796.212103914568,19796.21 zł)" storage="c:\projekty\mstestproject\bin\debug\netcoreapp3.1\mstestproject.dll" id="5679c973-ed76-452b-84ed-3fe04aaa4f51">
      <TestCategory>
        <TestCategoryItem TestCategory="Category1000" />
      </TestCategory>
      <Execution id="ccaf6263-e2a8-4148-a158-cf8e7a93d15c" />
      <TestMethod codeBase="C:\Projekty\MSTestProject\bin\Debug\netcoreapp3.1\MSTestProject.dll" adapterTypeName="executor://mstestadapter/v2" className="TwojeWesele.Services.Helpers.Tests.CurrencyHelperTests" name="FormatToStringTest1000" />
    </UnitTest>
    <UnitTest name="FormatToStringTest1000 (675.4589376107133,675.46 zł)" storage="c:\projekty\mstestproject\bin\debug\netcoreapp3.1\mstestproject.dll" id="d70444a9-49ce-46d0-b464-7cee6640b70e">
      <TestCategory>
        <TestCategoryItem TestCategory="Category1000" />
      </TestCategory>
      <Execution id="eb734479-3600-48bc-b6dd-83738b0c374b" />
      <TestMethod codeBase="C:\Projekty\MSTestProject\bin\Debug\netcoreapp3.1\MSTestProject.dll" adapterTypeName="executor://mstestadapter/v2" className="TwojeWesele.Services.Helpers.Tests.CurrencyHelperTests" name="FormatToStringTest1000" />
    </UnitTest>
    <UnitTest name="FormatToStringTest1000 (9818.257405763146,9818.26 zł)" storage="c:\projekty\mstestproject\bin\debug\netcoreapp3.1\mstestproject.dll" id="73997619-75d5-4f0d-ace8-b3cbae4a7f7f">
      <TestCategory>
        <TestCategoryItem TestCategory="Category1000" />
      </TestCategory>
      <Execution id="8ae222e1-9797-44ef-a8c1-fcc04fa34081" />
      <TestMethod codeBase="C:\Projekty\MSTestProject\bin\Debug\netcoreapp3.1\MSTestProject.dll" adapterTypeName="executor://mstestadapter/v2" className="TwojeWesele.Services.Helpers.Tests.CurrencyHelperTests" name="FormatToStringTest1000" />
    </UnitTest>
    <UnitTest name="FormatToStringTest1000 (15624.452361264477,15624.45 zł)" storage="c:\projekty\mstestproject\bin\debug\netcoreapp3.1\mstestproject.dll" id="d29c029b-db67-4351-9b51-b980ad210af1">
      <TestCategory>
        <TestCategoryItem TestCategory="Category1000" />
      </TestCategory>
      <Execution id="189b9e14-5fdb-451e-b74c-31a43fafbca6" />
      <TestMethod codeBase="C:\Projekty\MSTestProject\bin\Debug\netcoreapp3.1\MSTestProject.dll" adapterTypeName="executor://mstestadapter/v2" className="TwojeWesele.Services.Helpers.Tests.CurrencyHelperTests" name="FormatToStringTest1000" />
    </UnitTest>
    <UnitTest name="FormatToStringTest1000 (39314.52353688401,39314.52 zł)" storage="c:\projekty\mstestproject\bin\debug\netcoreapp3.1\mstestproject.dll" id="16e951f1-103f-4a3c-8fb2-2852cdfb4b06">
      <TestCategory>
        <TestCategoryItem TestCategory="Category1000" />
      </TestCategory>
      <Execution id="d1233ac8-7738-4614-8459-b76e227071c1" />
      <TestMethod codeBase="C:\Projekty\MSTestProject\bin\Debug\netcoreapp3.1\MSTestProject.dll" adapterTypeName="executor://mstestadapter/v2" className="TwojeWesele.Services.Helpers.Tests.CurrencyHelperTests" name="FormatToStringTest1000" />
    </UnitTest>
    <UnitTest name="FormatToStringTest1000 (7050.437505805137,7050.44 zł)" storage="c:\projekty\mstestproject\bin\debug\netcoreapp3.1\mstestproject.dll" id="e18c82b2-09cf-40f7-bce7-3a23ae36d1c0">
      <TestCategory>
        <TestCategoryItem TestCategory="Category1000" />
      </TestCategory>
      <Execution id="5c59b38a-d71a-43b4-aaf1-5e3f73f62a18" />
      <TestMethod codeBase="C:\Projekty\MSTestProject\bin\Debug\netcoreapp3.1\MSTestProject.dll" adapterTypeName="executor://mstestadapter/v2" className="TwojeWesele.Services.Helpers.Tests.CurrencyHelperTests" name="FormatToStringTest1000" />
    </UnitTest>
    <UnitTest name="FormatToStringTest1000 (2835.0728237931958,2835.07 zł)" storage="c:\projekty\mstestproject\bin\debug\netcoreapp3.1\mstestproject.dll" id="f11b95a0-c53f-4ba1-9e60-a9356085061c">
      <TestCategory>
        <TestCategoryItem TestCategory="Category1000" />
      </TestCategory>
      <Execution id="680ae8db-5055-442f-9622-19b4d587f0e7" />
      <TestMethod codeBase="C:\Projekty\MSTestProject\bin\Debug\netcoreapp3.1\MSTestProject.dll" adapterTypeName="executor://mstestadapter/v2" className="TwojeWesele.Services.Helpers.Tests.CurrencyHelperTests" name="FormatToStringTest1000" />
    </UnitTest>
    <UnitTest name="FormatToStringTest1000 (15129.433864736666,15129.43 zł)" storage="c:\projekty\mstestproject\bin\debug\netcoreapp3.1\mstestproject.dll" id="f9e6cc84-aa4c-434d-812c-db77c79d1265">
      <TestCategory>
        <TestCategoryItem TestCategory="Category1000" />
      </TestCategory>
      <Execution id="b4bb831a-fb48-4dd8-b258-6060247135f3" />
      <TestMethod codeBase="C:\Projekty\MSTestProject\bin\Debug\netcoreapp3.1\MSTestProject.dll" adapterTypeName="executor://mstestadapter/v2" className="TwojeWesele.Services.Helpers.Tests.CurrencyHelperTests" name="FormatToStringTest1000" />
    </UnitTest>
    <UnitTest name="FormatToStringTest1000 (29796.909338079815,29796.91 zł)" storage="c:\projekty\mstestproject\bin\debug\netcoreapp3.1\mstestproject.dll" id="02a7fc25-8d37-49fd-8a19-ea7558fca0bb">
      <TestCategory>
        <TestCategoryItem TestCategory="Category1000" />
      </TestCategory>
      <Execution id="a2ad2462-e0f2-4470-9c08-c3c828e77ca3" />
      <TestMethod codeBase="C:\Projekty\MSTestProject\bin\Debug\netcoreapp3.1\MSTestProject.dll" adapterTypeName="executor://mstestadapter/v2" className="TwojeWesele.Services.Helpers.Tests.CurrencyHelperTests" name="FormatToStringTest1000" />
    </UnitTest>
    <UnitTest name="FormatToStringTest1000 (30578.687538491416,30578.69 zł)" storage="c:\projekty\mstestproject\bin\debug\netcoreapp3.1\mstestproject.dll" id="deb1c9d2-24f7-468a-8e30-0f717a8f67a3">
      <TestCategory>
        <TestCategoryItem TestCategory="Category1000" />
      </TestCategory>
      <Execution id="d3d339fe-d780-4c32-8e3d-2112c38aa689" />
      <TestMethod codeBase="C:\Projekty\MSTestProject\bin\Debug\netcoreapp3.1\MSTestProject.dll" adapterTypeName="executor://mstestadapter/v2" className="TwojeWesele.Services.Helpers.Tests.CurrencyHelperTests" name="FormatToStringTest1000" />
    </UnitTest>
    <UnitTest name="FormatToStringTest1000 (42767.96883676898,42767.97 zł)" storage="c:\projekty\mstestproject\bin\debug\netcoreapp3.1\mstestproject.dll" id="edc621ba-b641-43df-b50e-3f0b031ba018">
      <TestCategory>
        <TestCategoryItem TestCategory="Category1000" />
      </TestCategory>
      <Execution id="b01e91a9-f501-4c6f-9916-189cede47419" />
      <TestMethod codeBase="C:\Projekty\MSTestProject\bin\Debug\netcoreapp3.1\MSTestProject.dll" adapterTypeName="executor://mstestadapter/v2" className="TwojeWesele.Services.Helpers.Tests.CurrencyHelperTests" name="FormatToStringTest1000" />
    </UnitTest>
    <UnitTest name="FormatToStringTest1000 (7407.385606687696,7407.39 zł)" storage="c:\projekty\mstestproject\bin\debug\netcoreapp3.1\mstestproject.dll" id="8ba9113b-3290-40a8-a6ba-bab9c6662841">
      <TestCategory>
        <TestCategoryItem TestCategory="Category1000" />
      </TestCategory>
      <Execution id="013f1439-a24e-4ff7-b97c-bc6612286221" />
      <TestMethod codeBase="C:\Projekty\MSTestProject\bin\Debug\netcoreapp3.1\MSTestProject.dll" adapterTypeName="executor://mstestadapter/v2" className="TwojeWesele.Services.Helpers.Tests.CurrencyHelperTests" name="FormatToStringTest1000" />
    </UnitTest>
    <UnitTest name="FormatToStringTest1000 (45455.14554704127,45455.15 zł)" storage="c:\projekty\mstestproject\bin\debug\netcoreapp3.1\mstestproject.dll" id="5ea74b1d-c072-4aab-998b-6743e208e945">
      <TestCategory>
        <TestCategoryItem TestCategory="Category1000" />
      </TestCategory>
      <Execution id="68e3f58d-8877-42f0-b01f-f50b18e5170a" />
      <TestMethod codeBase="C:\Projekty\MSTestProject\bin\Debug\netcoreapp3.1\MSTestProject.dll" adapterTypeName="executor://mstestadapter/v2" className="TwojeWesele.Services.Helpers.Tests.CurrencyHelperTests" name="FormatToStringTest1000" />
    </UnitTest>
    <UnitTest name="FormatToStringTest1000 (6915.421130504656,6915.42 zł)" storage="c:\projekty\mstestproject\bin\debug\netcoreapp3.1\mstestproject.dll" id="995379f2-ac21-4a45-b7ac-76b22e45d56d">
      <TestCategory>
        <TestCategoryItem TestCategory="Category1000" />
      </TestCategory>
      <Execution id="58fcd768-7d94-4dc1-bc2f-ed7cf1b13d90" />
      <TestMethod codeBase="C:\Projekty\MSTestProject\bin\Debug\netcoreapp3.1\MSTestProject.dll" adapterTypeName="executor://mstestadapter/v2" className="TwojeWesele.Services.Helpers.Tests.CurrencyHelperTests" name="FormatToStringTest1000" />
    </UnitTest>
    <UnitTest name="FormatToStringTest1000 (25116.590135570892,25116.59 zł)" storage="c:\projekty\mstestproject\bin\debug\netcoreapp3.1\mstestproject.dll" id="631016b5-9085-4a24-b619-6676bdfea991">
      <TestCategory>
        <TestCategoryItem TestCategory="Category1000" />
      </TestCategory>
      <Execution id="7e596ce5-4a04-49d4-b142-0e37373cc2ef" />
      <TestMethod codeBase="C:\Projekty\MSTestProject\bin\Debug\netcoreapp3.1\MSTestProject.dll" adapterTypeName="executor://mstestadapter/v2" className="TwojeWesele.Services.Helpers.Tests.CurrencyHelperTests" name="FormatToStringTest1000" />
    </UnitTest>
    <UnitTest name="FormatToStringTest1000 (37614.50159416278,37614.50 zł)" storage="c:\projekty\mstestproject\bin\debug\netcoreapp3.1\mstestproject.dll" id="634bf63f-8500-4300-b856-4e3edbc663ed">
      <TestCategory>
        <TestCategoryItem TestCategory="Category1000" />
      </TestCategory>
      <Execution id="b1af4254-c1d1-46e2-893e-b30e8197d4d4" />
      <TestMethod codeBase="C:\Projekty\MSTestProject\bin\Debug\netcoreapp3.1\MSTestProject.dll" adapterTypeName="executor://mstestadapter/v2" className="TwojeWesele.Services.Helpers.Tests.CurrencyHelperTests" name="FormatToStringTest1000" />
    </UnitTest>
    <UnitTest name="FormatToStringTest1000 (1814.7218118955948,1814.72 zł)" storage="c:\projekty\mstestproject\bin\debug\netcoreapp3.1\mstestproject.dll" id="4397379d-ef35-4d18-bbca-fd65281fcaa6">
      <TestCategory>
        <TestCategoryItem TestCategory="Category1000" />
      </TestCategory>
      <Execution id="f1266a0c-1ab8-4386-8e28-dd995c3b228f" />
      <TestMethod codeBase="C:\Projekty\MSTestProject\bin\Debug\netcoreapp3.1\MSTestProject.dll" adapterTypeName="executor://mstestadapter/v2" className="TwojeWesele.Services.Helpers.Tests.CurrencyHelperTests" name="FormatToStringTest1000" />
    </UnitTest>
    <UnitTest name="FormatToStringTest1000 (24825.207513729205,24825.21 zł)" storage="c:\projekty\mstestproject\bin\debug\netcoreapp3.1\mstestproject.dll" id="ae591a89-1794-4a30-ba39-afccf80f9418">
      <TestCategory>
        <TestCategoryItem TestCategory="Category1000" />
      </TestCategory>
      <Execution id="a9305ac5-3f27-4879-ad2e-2828dfcb38a7" />
      <TestMethod codeBase="C:\Projekty\MSTestProject\bin\Debug\netcoreapp3.1\MSTestProject.dll" adapterTypeName="executor://mstestadapter/v2" className="TwojeWesele.Services.Helpers.Tests.CurrencyHelperTests" name="FormatToStringTest1000" />
    </UnitTest>
    <UnitTest name="FormatToStringTest1000 (37589.670531794276,37589.67 zł)" storage="c:\projekty\mstestproject\bin\debug\netcoreapp3.1\mstestproject.dll" id="a6866b98-4ec4-4109-9804-ec25a024be77">
      <TestCategory>
        <TestCategoryItem TestCategory="Category1000" />
      </TestCategory>
      <Execution id="3671f6ee-355c-4d04-81ab-fbf0a25fa06c" />
      <TestMethod codeBase="C:\Projekty\MSTestProject\bin\Debug\netcoreapp3.1\MSTestProject.dll" adapterTypeName="executor://mstestadapter/v2" className="TwojeWesele.Services.Helpers.Tests.CurrencyHelperTests" name="FormatToStringTest1000" />
    </UnitTest>
    <UnitTest name="FormatToStringTest1000 (4554.73912809777,4554.74 zł)" storage="c:\projekty\mstestproject\bin\debug\netcoreapp3.1\mstestproject.dll" id="f4192c4b-b9e0-4ce3-baa7-a84701885a94">
      <TestCategory>
        <TestCategoryItem TestCategory="Category1000" />
      </TestCategory>
      <Execution id="91bec729-78f0-4848-88d8-8d112daf17ba" />
      <TestMethod codeBase="C:\Projekty\MSTestProject\bin\Debug\netcoreapp3.1\MSTestProject.dll" adapterTypeName="executor://mstestadapter/v2" className="TwojeWesele.Services.Helpers.Tests.CurrencyHelperTests" name="FormatToStringTest1000" />
    </UnitTest>
    <UnitTest name="FormatToStringTest1000 (658.7555888573431,658.76 zł)" storage="c:\projekty\mstestproject\bin\debug\netcoreapp3.1\mstestproject.dll" id="e8658a34-eff0-4ec0-81a3-c8f738862434">
      <TestCategory>
        <TestCategoryItem TestCategory="Category1000" />
      </TestCategory>
      <Execution id="cb342b8a-c981-4e68-a40b-20159f638ac4" />
      <TestMethod codeBase="C:\Projekty\MSTestProject\bin\Debug\netcoreapp3.1\MSTestProject.dll" adapterTypeName="executor://mstestadapter/v2" className="TwojeWesele.Services.Helpers.Tests.CurrencyHelperTests" name="FormatToStringTest1000" />
    </UnitTest>
    <UnitTest name="FormatToStringTest1000 (39146.892120180135,39146.89 zł)" storage="c:\projekty\mstestproject\bin\debug\netcoreapp3.1\mstestproject.dll" id="63fac43e-5c46-4924-89a7-fe2ba41e2d37">
      <TestCategory>
        <TestCategoryItem TestCategory="Category1000" />
      </TestCategory>
      <Execution id="4db64b59-a6be-4b69-874f-3e6a41fecc1b" />
      <TestMethod codeBase="C:\Projekty\MSTestProject\bin\Debug\netcoreapp3.1\MSTestProject.dll" adapterTypeName="executor://mstestadapter/v2" className="TwojeWesele.Services.Helpers.Tests.CurrencyHelperTests" name="FormatToStringTest1000" />
    </UnitTest>
    <UnitTest name="FormatToStringTest1000 (20497.107923553376,20497.11 zł)" storage="c:\projekty\mstestproject\bin\debug\netcoreapp3.1\mstestproject.dll" id="5b51562e-7f6e-4683-bca7-a1ff0c7e6e87">
      <TestCategory>
        <TestCategoryItem TestCategory="Category1000" />
      </TestCategory>
      <Execution id="d4ba8dae-0d78-46d1-9df5-b422247a6697" />
      <TestMethod codeBase="C:\Projekty\MSTestProject\bin\Debug\netcoreapp3.1\MSTestProject.dll" adapterTypeName="executor://mstestadapter/v2" className="TwojeWesele.Services.Helpers.Tests.CurrencyHelperTests" name="FormatToStringTest1000" />
    </UnitTest>
    <UnitTest name="FormatToStringTest1000 (35714.78133482243,35714.78 zł)" storage="c:\projekty\mstestproject\bin\debug\netcoreapp3.1\mstestproject.dll" id="81bee8b1-3306-4245-aa0a-37fdfbac19de">
      <TestCategory>
        <TestCategoryItem TestCategory="Category1000" />
      </TestCategory>
      <Execution id="3151ff36-798e-4d4f-9e60-e21e76449324" />
      <TestMethod codeBase="C:\Projekty\MSTestProject\bin\Debug\netcoreapp3.1\MSTestProject.dll" adapterTypeName="executor://mstestadapter/v2" className="TwojeWesele.Services.Helpers.Tests.CurrencyHelperTests" name="FormatToStringTest1000" />
    </UnitTest>
    <UnitTest name="FormatToStringTest1000 (6220.182014914314,6220.18 zł)" storage="c:\projekty\mstestproject\bin\debug\netcoreapp3.1\mstestproject.dll" id="c8d3b697-7468-4e22-95c3-601a352aa124">
      <TestCategory>
        <TestCategoryItem TestCategory="Category1000" />
      </TestCategory>
      <Execution id="f2bb5cc3-5dbd-4e73-9d20-24cf5266a69b" />
      <TestMethod codeBase="C:\Projekty\MSTestProject\bin\Debug\netcoreapp3.1\MSTestProject.dll" adapterTypeName="executor://mstestadapter/v2" className="TwojeWesele.Services.Helpers.Tests.CurrencyHelperTests" name="FormatToStringTest1000" />
    </UnitTest>
    <UnitTest name="FormatToStringTest1000 (62975.496334776515,62975.50 zł)" storage="c:\projekty\mstestproject\bin\debug\netcoreapp3.1\mstestproject.dll" id="f346211c-eeac-4e27-9265-92db40525a10">
      <TestCategory>
        <TestCategoryItem TestCategory="Category1000" />
      </TestCategory>
      <Execution id="b89682f1-092b-48d5-ba00-23b464b70f5f" />
      <TestMethod codeBase="C:\Projekty\MSTestProject\bin\Debug\netcoreapp3.1\MSTestProject.dll" adapterTypeName="executor://mstestadapter/v2" className="TwojeWesele.Services.Helpers.Tests.CurrencyHelperTests" name="FormatToStringTest1000" />
    </UnitTest>
    <UnitTest name="FormatToStringTest1000 (32218.080508120394,32218.08 zł)" storage="c:\projekty\mstestproject\bin\debug\netcoreapp3.1\mstestproject.dll" id="1c118ed3-3d4a-4319-ae4d-e8c645026713">
      <TestCategory>
        <TestCategoryItem TestCategory="Category1000" />
      </TestCategory>
      <Execution id="069855c7-0bf2-4a5b-8670-4ced8f377446" />
      <TestMethod codeBase="C:\Projekty\MSTestProject\bin\Debug\netcoreapp3.1\MSTestProject.dll" adapterTypeName="executor://mstestadapter/v2" className="TwojeWesele.Services.Helpers.Tests.CurrencyHelperTests" name="FormatToStringTest1000" />
    </UnitTest>
    <UnitTest name="FormatToStringTest1000 (13402.882692040355,13402.88 zł)" storage="c:\projekty\mstestproject\bin\debug\netcoreapp3.1\mstestproject.dll" id="32e5fb5d-26cd-4aeb-815b-83e95d978be8">
      <TestCategory>
        <TestCategoryItem TestCategory="Category1000" />
      </TestCategory>
      <Execution id="21c659f1-42a4-4a84-9126-bc2027367ca9" />
      <TestMethod codeBase="C:\Projekty\MSTestProject\bin\Debug\netcoreapp3.1\MSTestProject.dll" adapterTypeName="executor://mstestadapter/v2" className="TwojeWesele.Services.Helpers.Tests.CurrencyHelperTests" name="FormatToStringTest1000" />
    </UnitTest>
    <UnitTest name="FormatToStringTest1000 (27852.532163303127,27852.53 zł)" storage="c:\projekty\mstestproject\bin\debug\netcoreapp3.1\mstestproject.dll" id="c8c59746-4757-4eca-85e6-88f39c45f7e5">
      <TestCategory>
        <TestCategoryItem TestCategory="Category1000" />
      </TestCategory>
      <Execution id="6d685d50-b271-4ab1-aae6-83d2be4053ed" />
      <TestMethod codeBase="C:\Projekty\MSTestProject\bin\Debug\netcoreapp3.1\MSTestProject.dll" adapterTypeName="executor://mstestadapter/v2" className="TwojeWesele.Services.Helpers.Tests.CurrencyHelperTests" name="FormatToStringTest1000" />
    </UnitTest>
    <UnitTest name="FormatToStringTest1000 (41368.29672956015,41368.30 zł)" storage="c:\projekty\mstestproject\bin\debug\netcoreapp3.1\mstestproject.dll" id="55816820-521d-4499-888c-ed60e44986f3">
      <TestCategory>
        <TestCategoryItem TestCategory="Category1000" />
      </TestCategory>
      <Execution id="0d763b70-2305-410b-8c2a-46491d9ac207" />
      <TestMethod codeBase="C:\Projekty\MSTestProject\bin\Debug\netcoreapp3.1\MSTestProject.dll" adapterTypeName="executor://mstestadapter/v2" className="TwojeWesele.Services.Helpers.Tests.CurrencyHelperTests" name="FormatToStringTest1000" />
    </UnitTest>
    <UnitTest name="FormatToStringTest1000 (58902.704109088845,58902.70 zł)" storage="c:\projekty\mstestproject\bin\debug\netcoreapp3.1\mstestproject.dll" id="3e8157d2-0cda-419a-bb5e-91891d88506f">
      <TestCategory>
        <TestCategoryItem TestCategory="Category1000" />
      </TestCategory>
      <Execution id="cb8fe81e-b8c4-499b-b10c-72289b2ccc0a" />
      <TestMethod codeBase="C:\Projekty\MSTestProject\bin\Debug\netcoreapp3.1\MSTestProject.dll" adapterTypeName="executor://mstestadapter/v2" className="TwojeWesele.Services.Helpers.Tests.CurrencyHelperTests" name="FormatToStringTest1000" />
    </UnitTest>
    <UnitTest name="FormatToStringTest1000 (40889.35187774214,40889.35 zł)" storage="c:\projekty\mstestproject\bin\debug\netcoreapp3.1\mstestproject.dll" id="85444651-0c3d-46a7-911e-1ca87aea88d0">
      <TestCategory>
        <TestCategoryItem TestCategory="Category1000" />
      </TestCategory>
      <Execution id="e0df2448-6bf7-4765-88cd-b236b4e8a508" />
      <TestMethod codeBase="C:\Projekty\MSTestProject\bin\Debug\netcoreapp3.1\MSTestProject.dll" adapterTypeName="executor://mstestadapter/v2" className="TwojeWesele.Services.Helpers.Tests.CurrencyHelperTests" name="FormatToStringTest1000" />
    </UnitTest>
    <UnitTest name="FormatToStringTest1000 (32216.686763396807,32216.69 zł)" storage="c:\projekty\mstestproject\bin\debug\netcoreapp3.1\mstestproject.dll" id="ddf9a4eb-f7cb-4ed9-a2f5-d3a04d84fd2b">
      <TestCategory>
        <TestCategoryItem TestCategory="Category1000" />
      </TestCategory>
      <Execution id="f56117a2-e402-49cf-ad49-32d3c107c8da" />
      <TestMethod codeBase="C:\Projekty\MSTestProject\bin\Debug\netcoreapp3.1\MSTestProject.dll" adapterTypeName="executor://mstestadapter/v2" className="TwojeWesele.Services.Helpers.Tests.CurrencyHelperTests" name="FormatToStringTest1000" />
    </UnitTest>
    <UnitTest name="FormatToStringTest1000 (26468.346804109562,26468.35 zł)" storage="c:\projekty\mstestproject\bin\debug\netcoreapp3.1\mstestproject.dll" id="ec747fdb-2ddb-4954-b1d1-352324b41df9">
      <TestCategory>
        <TestCategoryItem TestCategory="Category1000" />
      </TestCategory>
      <Execution id="1992238d-d8c8-4d06-8a13-4f510a22be0a" />
      <TestMethod codeBase="C:\Projekty\MSTestProject\bin\Debug\netcoreapp3.1\MSTestProject.dll" adapterTypeName="executor://mstestadapter/v2" className="TwojeWesele.Services.Helpers.Tests.CurrencyHelperTests" name="FormatToStringTest1000" />
    </UnitTest>
    <UnitTest name="FormatToStringTest1000 (13844.577623300524,13844.58 zł)" storage="c:\projekty\mstestproject\bin\debug\netcoreapp3.1\mstestproject.dll" id="65abc2cb-8d40-416b-997a-d6923de86d09">
      <TestCategory>
        <TestCategoryItem TestCategory="Category1000" />
      </TestCategory>
      <Execution id="b26b6825-3410-4727-980e-3e25d2519258" />
      <TestMethod codeBase="C:\Projekty\MSTestProject\bin\Debug\netcoreapp3.1\MSTestProject.dll" adapterTypeName="executor://mstestadapter/v2" className="TwojeWesele.Services.Helpers.Tests.CurrencyHelperTests" name="FormatToStringTest1000" />
    </UnitTest>
    <UnitTest name="FormatToStringTest1000 (1669.555150571072,1669.56 zł)" storage="c:\projekty\mstestproject\bin\debug\netcoreapp3.1\mstestproject.dll" id="ad0778a4-877e-4d9b-9ecc-70966d479b58">
      <TestCategory>
        <TestCategoryItem TestCategory="Category1000" />
      </TestCategory>
      <Execution id="089c59dd-3ccb-4b84-9791-e2f6a097942e" />
      <TestMethod codeBase="C:\Projekty\MSTestProject\bin\Debug\netcoreapp3.1\MSTestProject.dll" adapterTypeName="executor://mstestadapter/v2" className="TwojeWesele.Services.Helpers.Tests.CurrencyHelperTests" name="FormatToStringTest1000" />
    </UnitTest>
    <UnitTest name="FormatToStringTest1000 (748.6264857065987,748.63 zł)" storage="c:\projekty\mstestproject\bin\debug\netcoreapp3.1\mstestproject.dll" id="1d2cc8dc-b7cb-47a6-a850-5186e5cbd12b">
      <TestCategory>
        <TestCategoryItem TestCategory="Category1000" />
      </TestCategory>
      <Execution id="5b89ee54-53c9-4ebc-bd5c-54eb1ee2bdf9" />
      <TestMethod codeBase="C:\Projekty\MSTestProject\bin\Debug\netcoreapp3.1\MSTestProject.dll" adapterTypeName="executor://mstestadapter/v2" className="TwojeWesele.Services.Helpers.Tests.CurrencyHelperTests" name="FormatToStringTest1000" />
    </UnitTest>
    <UnitTest name="FormatToStringTest1000 (57181.240528605056,57181.24 zł)" storage="c:\projekty\mstestproject\bin\debug\netcoreapp3.1\mstestproject.dll" id="7ee2b85b-4463-4141-bf80-5a63a4f320e5">
      <TestCategory>
        <TestCategoryItem TestCategory="Category1000" />
      </TestCategory>
      <Execution id="0500dffe-0415-402c-8e87-28d5e6a5d4c3" />
      <TestMethod codeBase="C:\Projekty\MSTestProject\bin\Debug\netcoreapp3.1\MSTestProject.dll" adapterTypeName="executor://mstestadapter/v2" className="TwojeWesele.Services.Helpers.Tests.CurrencyHelperTests" name="FormatToStringTest1000" />
    </UnitTest>
    <UnitTest name="FormatToStringTest1000 (18794.859523484418,18794.86 zł)" storage="c:\projekty\mstestproject\bin\debug\netcoreapp3.1\mstestproject.dll" id="b2c794b7-89a3-42a9-9c4c-3c12eeac1f92">
      <TestCategory>
        <TestCategoryItem TestCategory="Category1000" />
      </TestCategory>
      <Execution id="727b24ec-d5af-4fbf-9a7e-aa1b556d49fd" />
      <TestMethod codeBase="C:\Projekty\MSTestProject\bin\Debug\netcoreapp3.1\MSTestProject.dll" adapterTypeName="executor://mstestadapter/v2" className="TwojeWesele.Services.Helpers.Tests.CurrencyHelperTests" name="FormatToStringTest1000" />
    </UnitTest>
    <UnitTest name="FormatToStringTest1000 (8514.837538072763,8514.84 zł)" storage="c:\projekty\mstestproject\bin\debug\netcoreapp3.1\mstestproject.dll" id="918abda1-7739-40d9-8328-2cb825f16b9f">
      <TestCategory>
        <TestCategoryItem TestCategory="Category1000" />
      </TestCategory>
      <Execution id="9411ad03-773b-4e23-8826-674c72b32fd4" />
      <TestMethod codeBase="C:\Projekty\MSTestProject\bin\Debug\netcoreapp3.1\MSTestProject.dll" adapterTypeName="executor://mstestadapter/v2" className="TwojeWesele.Services.Helpers.Tests.CurrencyHelperTests" name="FormatToStringTest1000" />
    </UnitTest>
    <UnitTest name="FormatToStringTest1000 (56286.70397975702,56286.70 zł)" storage="c:\projekty\mstestproject\bin\debug\netcoreapp3.1\mstestproject.dll" id="7d9c647a-0744-457a-8099-7e5ad6500948">
      <TestCategory>
        <TestCategoryItem TestCategory="Category1000" />
      </TestCategory>
      <Execution id="2193e346-e4c2-40a8-9dbf-0bc819b54b5f" />
      <TestMethod codeBase="C:\Projekty\MSTestProject\bin\Debug\netcoreapp3.1\MSTestProject.dll" adapterTypeName="executor://mstestadapter/v2" className="TwojeWesele.Services.Helpers.Tests.CurrencyHelperTests" name="FormatToStringTest1000" />
    </UnitTest>
    <UnitTest name="FormatToStringTest1000 (63507.32603545455,63507.33 zł)" storage="c:\projekty\mstestproject\bin\debug\netcoreapp3.1\mstestproject.dll" id="892610da-a9ee-4926-80e9-94610954b29b">
      <TestCategory>
        <TestCategoryItem TestCategory="Category1000" />
      </TestCategory>
      <Execution id="b1cba99c-de73-4bb0-9660-540da0c5e490" />
      <TestMethod codeBase="C:\Projekty\MSTestProject\bin\Debug\netcoreapp3.1\MSTestProject.dll" adapterTypeName="executor://mstestadapter/v2" className="TwojeWesele.Services.Helpers.Tests.CurrencyHelperTests" name="FormatToStringTest1000" />
    </UnitTest>
    <UnitTest name="FormatToStringTest1000 (19085.023282992664,19085.02 zł)" storage="c:\projekty\mstestproject\bin\debug\netcoreapp3.1\mstestproject.dll" id="39aebcce-2f35-4715-a005-3c0a6ea10156">
      <TestCategory>
        <TestCategoryItem TestCategory="Category1000" />
      </TestCategory>
      <Execution id="bc968ba9-27d9-4dd7-af09-717ab78c84eb" />
      <TestMethod codeBase="C:\Projekty\MSTestProject\bin\Debug\netcoreapp3.1\MSTestProject.dll" adapterTypeName="executor://mstestadapter/v2" className="TwojeWesele.Services.Helpers.Tests.CurrencyHelperTests" name="FormatToStringTest1000" />
    </UnitTest>
    <UnitTest name="FormatToStringTest1000 (34021.1384072961,34021.14 zł)" storage="c:\projekty\mstestproject\bin\debug\netcoreapp3.1\mstestproject.dll" id="469452be-7c03-4cad-9379-51de19bb0c73">
      <TestCategory>
        <TestCategoryItem TestCategory="Category1000" />
      </TestCategory>
      <Execution id="d8f8c1ac-0290-4501-b5dc-21d9f5aba874" />
      <TestMethod codeBase="C:\Projekty\MSTestProject\bin\Debug\netcoreapp3.1\MSTestProject.dll" adapterTypeName="executor://mstestadapter/v2" className="TwojeWesele.Services.Helpers.Tests.CurrencyHelperTests" name="FormatToStringTest1000" />
    </UnitTest>
    <UnitTest name="FormatToStringTest1000 (19603.69286519321,19603.69 zł)" storage="c:\projekty\mstestproject\bin\debug\netcoreapp3.1\mstestproject.dll" id="12604316-7484-4afd-abfb-51d2e348e373">
      <TestCategory>
        <TestCategoryItem TestCategory="Category1000" />
      </TestCategory>
      <Execution id="16be3637-948c-4c38-8a63-ad7b834ab098" />
      <TestMethod codeBase="C:\Projekty\MSTestProject\bin\Debug\netcoreapp3.1\MSTestProject.dll" adapterTypeName="executor://mstestadapter/v2" className="TwojeWesele.Services.Helpers.Tests.CurrencyHelperTests" name="FormatToStringTest1000" />
    </UnitTest>
    <UnitTest name="FormatToStringTest1000 (6466.872242818062,6466.87 zł)" storage="c:\projekty\mstestproject\bin\debug\netcoreapp3.1\mstestproject.dll" id="acec02a7-d873-4141-b0d8-a36e92f480b3">
      <TestCategory>
        <TestCategoryItem TestCategory="Category1000" />
      </TestCategory>
      <Execution id="a9327f03-1e57-4790-ba36-8f47c3ca62b0" />
      <TestMethod codeBase="C:\Projekty\MSTestProject\bin\Debug\netcoreapp3.1\MSTestProject.dll" adapterTypeName="executor://mstestadapter/v2" className="TwojeWesele.Services.Helpers.Tests.CurrencyHelperTests" name="FormatToStringTest1000" />
    </UnitTest>
    <UnitTest name="FormatToStringTest1000 (75162.39407669863,75162.39 zł)" storage="c:\projekty\mstestproject\bin\debug\netcoreapp3.1\mstestproject.dll" id="e420e534-4e4f-45ea-870f-47abcf025a40">
      <TestCategory>
        <TestCategoryItem TestCategory="Category1000" />
      </TestCategory>
      <Execution id="4f25a2e2-7dad-4728-8569-acc5a14b1273" />
      <TestMethod codeBase="C:\Projekty\MSTestProject\bin\Debug\netcoreapp3.1\MSTestProject.dll" adapterTypeName="executor://mstestadapter/v2" className="TwojeWesele.Services.Helpers.Tests.CurrencyHelperTests" name="FormatToStringTest1000" />
    </UnitTest>
    <UnitTest name="FormatToStringTest1000 (468.83385119346616,468.83 zł)" storage="c:\projekty\mstestproject\bin\debug\netcoreapp3.1\mstestproject.dll" id="617107d3-5e62-4c8e-920a-4f09e2d0ecca">
      <TestCategory>
        <TestCategoryItem TestCategory="Category1000" />
      </TestCategory>
      <Execution id="76aff8f0-258d-4204-a636-cb554b162f21" />
      <TestMethod codeBase="C:\Projekty\MSTestProject\bin\Debug\netcoreapp3.1\MSTestProject.dll" adapterTypeName="executor://mstestadapter/v2" className="TwojeWesele.Services.Helpers.Tests.CurrencyHelperTests" name="FormatToStringTest1000" />
    </UnitTest>
    <UnitTest name="FormatToStringTest1000 (36893.66238331593,36893.66 zł)" storage="c:\projekty\mstestproject\bin\debug\netcoreapp3.1\mstestproject.dll" id="235bbe1f-ea6d-4236-ab13-cd3c4088674c">
      <TestCategory>
        <TestCategoryItem TestCategory="Category1000" />
      </TestCategory>
      <Execution id="fea2b0e3-411c-40fb-82d2-10c890023d71" />
      <TestMethod codeBase="C:\Projekty\MSTestProject\bin\Debug\netcoreapp3.1\MSTestProject.dll" adapterTypeName="executor://mstestadapter/v2" className="TwojeWesele.Services.Helpers.Tests.CurrencyHelperTests" name="FormatToStringTest1000" />
    </UnitTest>
    <UnitTest name="FormatToStringTest1000 (33413.381276228174,33413.38 zł)" storage="c:\projekty\mstestproject\bin\debug\netcoreapp3.1\mstestproject.dll" id="183531e1-decf-4a47-824d-fdb25a40287d">
      <TestCategory>
        <TestCategoryItem TestCategory="Category1000" />
      </TestCategory>
      <Execution id="bbfa2fa5-43dc-445f-aff6-e248b2fdcc5b" />
      <TestMethod codeBase="C:\Projekty\MSTestProject\bin\Debug\netcoreapp3.1\MSTestProject.dll" adapterTypeName="executor://mstestadapter/v2" className="TwojeWesele.Services.Helpers.Tests.CurrencyHelperTests" name="FormatToStringTest1000" />
    </UnitTest>
    <UnitTest name="FormatToStringTest1000 (11157.981051815665,11157.98 zł)" storage="c:\projekty\mstestproject\bin\debug\netcoreapp3.1\mstestproject.dll" id="c478f219-35fb-451d-abb7-366b678f30bb">
      <TestCategory>
        <TestCategoryItem TestCategory="Category1000" />
      </TestCategory>
      <Execution id="8d6c649b-9c29-4b69-97a6-e74d956cb204" />
      <TestMethod codeBase="C:\Projekty\MSTestProject\bin\Debug\netcoreapp3.1\MSTestProject.dll" adapterTypeName="executor://mstestadapter/v2" className="TwojeWesele.Services.Helpers.Tests.CurrencyHelperTests" name="FormatToStringTest1000" />
    </UnitTest>
    <UnitTest name="FormatToStringTest1000 (67898.54481444067,67898.54 zł)" storage="c:\projekty\mstestproject\bin\debug\netcoreapp3.1\mstestproject.dll" id="91a6afe0-1d0a-4dce-85ec-2f6aaf45c7bf">
      <TestCategory>
        <TestCategoryItem TestCategory="Category1000" />
      </TestCategory>
      <Execution id="e19e2526-4c35-4cac-875c-8fa693ff2bef" />
      <TestMethod codeBase="C:\Projekty\MSTestProject\bin\Debug\netcoreapp3.1\MSTestProject.dll" adapterTypeName="executor://mstestadapter/v2" className="TwojeWesele.Services.Helpers.Tests.CurrencyHelperTests" name="FormatToStringTest1000" />
    </UnitTest>
    <UnitTest name="FormatToStringTest1000 (45340.017357165,45340.02 zł)" storage="c:\projekty\mstestproject\bin\debug\netcoreapp3.1\mstestproject.dll" id="c44cefa7-3ee6-421f-978e-9d76ee8b2e67">
      <TestCategory>
        <TestCategoryItem TestCategory="Category1000" />
      </TestCategory>
      <Execution id="b5dda68e-5bdc-44c4-8a1a-534028d8f590" />
      <TestMethod codeBase="C:\Projekty\MSTestProject\bin\Debug\netcoreapp3.1\MSTestProject.dll" adapterTypeName="executor://mstestadapter/v2" className="TwojeWesele.Services.Helpers.Tests.CurrencyHelperTests" name="FormatToStringTest1000" />
    </UnitTest>
    <UnitTest name="FormatToStringTest1000 (96261.84883437205,96261.85 zł)" storage="c:\projekty\mstestproject\bin\debug\netcoreapp3.1\mstestproject.dll" id="709b60a3-ee96-4a06-a7b4-94e8a4b7f06f">
      <TestCategory>
        <TestCategoryItem TestCategory="Category1000" />
      </TestCategory>
      <Execution id="dbaab2a3-8dc2-46ed-9ae0-1dc91fde05f9" />
      <TestMethod codeBase="C:\Projekty\MSTestProject\bin\Debug\netcoreapp3.1\MSTestProject.dll" adapterTypeName="executor://mstestadapter/v2" className="TwojeWesele.Services.Helpers.Tests.CurrencyHelperTests" name="FormatToStringTest1000" />
    </UnitTest>
    <UnitTest name="FormatToStringTest1000 (2444.4726240530017,2444.47 zł)" storage="c:\projekty\mstestproject\bin\debug\netcoreapp3.1\mstestproject.dll" id="9f447c50-7e54-41c2-a7dd-bf3f403ec29c">
      <TestCategory>
        <TestCategoryItem TestCategory="Category1000" />
      </TestCategory>
      <Execution id="6319fd66-c207-406b-92e5-cf1d5c16e594" />
      <TestMethod codeBase="C:\Projekty\MSTestProject\bin\Debug\netcoreapp3.1\MSTestProject.dll" adapterTypeName="executor://mstestadapter/v2" className="TwojeWesele.Services.Helpers.Tests.CurrencyHelperTests" name="FormatToStringTest1000" />
    </UnitTest>
    <UnitTest name="FormatToStringTest1000 (4105.490993980081,4105.49 zł)" storage="c:\projekty\mstestproject\bin\debug\netcoreapp3.1\mstestproject.dll" id="4db82030-bd23-485f-a271-7fdb35e09215">
      <TestCategory>
        <TestCategoryItem TestCategory="Category1000" />
      </TestCategory>
      <Execution id="f3815bb3-73af-4515-95b9-7502a93453ad" />
      <TestMethod codeBase="C:\Projekty\MSTestProject\bin\Debug\netcoreapp3.1\MSTestProject.dll" adapterTypeName="executor://mstestadapter/v2" className="TwojeWesele.Services.Helpers.Tests.CurrencyHelperTests" name="FormatToStringTest1000" />
    </UnitTest>
    <UnitTest name="FormatToStringTest1000 (19216.446905020366,19216.45 zł)" storage="c:\projekty\mstestproject\bin\debug\netcoreapp3.1\mstestproject.dll" id="dd1334b5-a057-4b0f-b2e1-b8b9c20e3612">
      <TestCategory>
        <TestCategoryItem TestCategory="Category1000" />
      </TestCategory>
      <Execution id="143549f2-85c9-4f93-b0c5-fc3be002e896" />
      <TestMethod codeBase="C:\Projekty\MSTestProject\bin\Debug\netcoreapp3.1\MSTestProject.dll" adapterTypeName="executor://mstestadapter/v2" className="TwojeWesele.Services.Helpers.Tests.CurrencyHelperTests" name="FormatToStringTest1000" />
    </UnitTest>
    <UnitTest name="FormatToStringTest1000 (6838.422316571894,6838.42 zł)" storage="c:\projekty\mstestproject\bin\debug\netcoreapp3.1\mstestproject.dll" id="c8c9d465-2039-47c2-a972-41b54257ba50">
      <TestCategory>
        <TestCategoryItem TestCategory="Category1000" />
      </TestCategory>
      <Execution id="af2634c2-8be2-4dc4-b02a-2ede08631be9" />
      <TestMethod codeBase="C:\Projekty\MSTestProject\bin\Debug\netcoreapp3.1\MSTestProject.dll" adapterTypeName="executor://mstestadapter/v2" className="TwojeWesele.Services.Helpers.Tests.CurrencyHelperTests" name="FormatToStringTest1000" />
    </UnitTest>
    <UnitTest name="FormatToStringTest1000 (626.135364110179,626.14 zł)" storage="c:\projekty\mstestproject\bin\debug\netcoreapp3.1\mstestproject.dll" id="6aa8f6d4-8d78-47ee-8f31-2d9c9fd5689c">
      <TestCategory>
        <TestCategoryItem TestCategory="Category1000" />
      </TestCategory>
      <Execution id="a12b3621-5a0a-47a2-ae40-14e0eefb9389" />
      <TestMethod codeBase="C:\Projekty\MSTestProject\bin\Debug\netcoreapp3.1\MSTestProject.dll" adapterTypeName="executor://mstestadapter/v2" className="TwojeWesele.Services.Helpers.Tests.CurrencyHelperTests" name="FormatToStringTest1000" />
    </UnitTest>
    <UnitTest name="FormatToStringTest1000 (6173.0243155793405,6173.02 zł)" storage="c:\projekty\mstestproject\bin\debug\netcoreapp3.1\mstestproject.dll" id="c667dcd5-64f1-4b14-8f9f-b58565978f90">
      <TestCategory>
        <TestCategoryItem TestCategory="Category1000" />
      </TestCategory>
      <Execution id="01d16ad7-71ad-4bb3-bfd6-e89201739a3d" />
      <TestMethod codeBase="C:\Projekty\MSTestProject\bin\Debug\netcoreapp3.1\MSTestProject.dll" adapterTypeName="executor://mstestadapter/v2" className="TwojeWesele.Services.Helpers.Tests.CurrencyHelperTests" name="FormatToStringTest1000" />
    </UnitTest>
    <UnitTest name="FormatToStringTest1000 (50991.22189691114,50991.22 zł)" storage="c:\projekty\mstestproject\bin\debug\netcoreapp3.1\mstestproject.dll" id="21e70982-6b70-4ba0-8232-c316a304b87b">
      <TestCategory>
        <TestCategoryItem TestCategory="Category1000" />
      </TestCategory>
      <Execution id="d54d83fc-6e7e-40c3-93bf-355b2f76dbcb" />
      <TestMethod codeBase="C:\Projekty\MSTestProject\bin\Debug\netcoreapp3.1\MSTestProject.dll" adapterTypeName="executor://mstestadapter/v2" className="TwojeWesele.Services.Helpers.Tests.CurrencyHelperTests" name="FormatToStringTest1000" />
    </UnitTest>
    <UnitTest name="FormatToStringTest1000 (1228.101744225296,1228.10 zł)" storage="c:\projekty\mstestproject\bin\debug\netcoreapp3.1\mstestproject.dll" id="7c60ca2d-31ea-45ba-88aa-dacbcf3562b6">
      <TestCategory>
        <TestCategoryItem TestCategory="Category1000" />
      </TestCategory>
      <Execution id="009ff7be-33ae-4d3c-81db-3c38fc57209f" />
      <TestMethod codeBase="C:\Projekty\MSTestProject\bin\Debug\netcoreapp3.1\MSTestProject.dll" adapterTypeName="executor://mstestadapter/v2" className="TwojeWesele.Services.Helpers.Tests.CurrencyHelperTests" name="FormatToStringTest1000" />
    </UnitTest>
    <UnitTest name="FormatToStringTest1000 (19463.08761954917,19463.09 zł)" storage="c:\projekty\mstestproject\bin\debug\netcoreapp3.1\mstestproject.dll" id="6265bb3a-1b1f-4cbd-bb52-1538d4905dfd">
      <TestCategory>
        <TestCategoryItem TestCategory="Category1000" />
      </TestCategory>
      <Execution id="b16d0305-9bfc-44d4-b90c-d0e9e80f20a0" />
      <TestMethod codeBase="C:\Projekty\MSTestProject\bin\Debug\netcoreapp3.1\MSTestProject.dll" adapterTypeName="executor://mstestadapter/v2" className="TwojeWesele.Services.Helpers.Tests.CurrencyHelperTests" name="FormatToStringTest1000" />
    </UnitTest>
    <UnitTest name="FormatToStringTest1000 (11624.834848273003,11624.83 zł)" storage="c:\projekty\mstestproject\bin\debug\netcoreapp3.1\mstestproject.dll" id="db232b9c-032b-4fdc-83bb-158eda0ad353">
      <TestCategory>
        <TestCategoryItem TestCategory="Category1000" />
      </TestCategory>
      <Execution id="6762229e-d4c7-4030-99cc-39e0b03f57ff" />
      <TestMethod codeBase="C:\Projekty\MSTestProject\bin\Debug\netcoreapp3.1\MSTestProject.dll" adapterTypeName="executor://mstestadapter/v2" className="TwojeWesele.Services.Helpers.Tests.CurrencyHelperTests" name="FormatToStringTest1000" />
    </UnitTest>
    <UnitTest name="FormatToStringTest1000 (5978.1197194131655,5978.12 zł)" storage="c:\projekty\mstestproject\bin\debug\netcoreapp3.1\mstestproject.dll" id="f57af3dd-3f6d-4a00-89cb-13f767df785d">
      <TestCategory>
        <TestCategoryItem TestCategory="Category1000" />
      </TestCategory>
      <Execution id="111fee07-b470-4728-8d22-2b79315aeec7" />
      <TestMethod codeBase="C:\Projekty\MSTestProject\bin\Debug\netcoreapp3.1\MSTestProject.dll" adapterTypeName="executor://mstestadapter/v2" className="TwojeWesele.Services.Helpers.Tests.CurrencyHelperTests" name="FormatToStringTest1000" />
    </UnitTest>
    <UnitTest name="FormatToStringTest1000 (5876.112133716285,5876.11 zł)" storage="c:\projekty\mstestproject\bin\debug\netcoreapp3.1\mstestproject.dll" id="8725a06e-8c5d-4d28-8725-19fb6cd86d07">
      <TestCategory>
        <TestCategoryItem TestCategory="Category1000" />
      </TestCategory>
      <Execution id="b1694efd-e7a1-4c6a-b966-a80b2dcf6126" />
      <TestMethod codeBase="C:\Projekty\MSTestProject\bin\Debug\netcoreapp3.1\MSTestProject.dll" adapterTypeName="executor://mstestadapter/v2" className="TwojeWesele.Services.Helpers.Tests.CurrencyHelperTests" name="FormatToStringTest1000" />
    </UnitTest>
    <UnitTest name="FormatToStringTest1000 (15742.409864349947,15742.41 zł)" storage="c:\projekty\mstestproject\bin\debug\netcoreapp3.1\mstestproject.dll" id="fee7b555-7072-4118-8ba9-af8bdda9f6a6">
      <TestCategory>
        <TestCategoryItem TestCategory="Category1000" />
      </TestCategory>
      <Execution id="72f45f60-7a29-4137-b867-6b9fffea20fa" />
      <TestMethod codeBase="C:\Projekty\MSTestProject\bin\Debug\netcoreapp3.1\MSTestProject.dll" adapterTypeName="executor://mstestadapter/v2" className="TwojeWesele.Services.Helpers.Tests.CurrencyHelperTests" name="FormatToStringTest1000" />
    </UnitTest>
    <UnitTest name="FormatToStringTest1000 (5566.818038455592,5566.82 zł)" storage="c:\projekty\mstestproject\bin\debug\netcoreapp3.1\mstestproject.dll" id="9a740ed0-d883-42ee-ad5b-0e5ad7f3ad5a">
      <TestCategory>
        <TestCategoryItem TestCategory="Category1000" />
      </TestCategory>
      <Execution id="73d529f2-2320-4667-9488-ead3b6a32b47" />
      <TestMethod codeBase="C:\Projekty\MSTestProject\bin\Debug\netcoreapp3.1\MSTestProject.dll" adapterTypeName="executor://mstestadapter/v2" className="TwojeWesele.Services.Helpers.Tests.CurrencyHelperTests" name="FormatToStringTest1000" />
    </UnitTest>
    <UnitTest name="FormatToStringTest1000 (1664.7834932994022,1664.78 zł)" storage="c:\projekty\mstestproject\bin\debug\netcoreapp3.1\mstestproject.dll" id="e6773cb1-c592-4d61-997f-f7f34f621566">
      <TestCategory>
        <TestCategoryItem TestCategory="Category1000" />
      </TestCategory>
      <Execution id="5acd3e81-f809-4801-bf4f-b9ccce027ae2" />
      <TestMethod codeBase="C:\Projekty\MSTestProject\bin\Debug\netcoreapp3.1\MSTestProject.dll" adapterTypeName="executor://mstestadapter/v2" className="TwojeWesele.Services.Helpers.Tests.CurrencyHelperTests" name="FormatToStringTest1000" />
    </UnitTest>
    <UnitTest name="FormatToStringTest1000 (38640.62766693003,38640.63 zł)" storage="c:\projekty\mstestproject\bin\debug\netcoreapp3.1\mstestproject.dll" id="359ced42-dc4b-41d6-a849-3ddd191956bd">
      <TestCategory>
        <TestCategoryItem TestCategory="Category1000" />
      </TestCategory>
      <Execution id="906db935-5fe8-49b2-ac7a-8d2639e1e319" />
      <TestMethod codeBase="C:\Projekty\MSTestProject\bin\Debug\netcoreapp3.1\MSTestProject.dll" adapterTypeName="executor://mstestadapter/v2" className="TwojeWesele.Services.Helpers.Tests.CurrencyHelperTests" name="FormatToStringTest1000" />
    </UnitTest>
    <UnitTest name="FormatToStringTest1000 (26174.290999793586,26174.29 zł)" storage="c:\projekty\mstestproject\bin\debug\netcoreapp3.1\mstestproject.dll" id="d493a8ec-6575-4f80-82e3-db00efe2769e">
      <TestCategory>
        <TestCategoryItem TestCategory="Category1000" />
      </TestCategory>
      <Execution id="4d28b4ef-adee-4b44-97c0-cf549838d16f" />
      <TestMethod codeBase="C:\Projekty\MSTestProject\bin\Debug\netcoreapp3.1\MSTestProject.dll" adapterTypeName="executor://mstestadapter/v2" className="TwojeWesele.Services.Helpers.Tests.CurrencyHelperTests" name="FormatToStringTest1000" />
    </UnitTest>
    <UnitTest name="FormatToStringTest1000 (5628.028273674672,5628.03 zł)" storage="c:\projekty\mstestproject\bin\debug\netcoreapp3.1\mstestproject.dll" id="cf509c64-1f73-4091-8d27-09940ab804f4">
      <TestCategory>
        <TestCategoryItem TestCategory="Category1000" />
      </TestCategory>
      <Execution id="77688210-92c5-42ed-b943-12ffea4dcccb" />
      <TestMethod codeBase="C:\Projekty\MSTestProject\bin\Debug\netcoreapp3.1\MSTestProject.dll" adapterTypeName="executor://mstestadapter/v2" className="TwojeWesele.Services.Helpers.Tests.CurrencyHelperTests" name="FormatToStringTest1000" />
    </UnitTest>
    <UnitTest name="FormatToStringTest1000 (9657.360676611475,9657.36 zł)" storage="c:\projekty\mstestproject\bin\debug\netcoreapp3.1\mstestproject.dll" id="6705ce1d-2c6d-4595-a703-79c9deb6aec8">
      <TestCategory>
        <TestCategoryItem TestCategory="Category1000" />
      </TestCategory>
      <Execution id="bf987ec9-b94a-4459-b07c-01f71f307289" />
      <TestMethod codeBase="C:\Projekty\MSTestProject\bin\Debug\netcoreapp3.1\MSTestProject.dll" adapterTypeName="executor://mstestadapter/v2" className="TwojeWesele.Services.Helpers.Tests.CurrencyHelperTests" name="FormatToStringTest1000" />
    </UnitTest>
    <UnitTest name="FormatToStringTest1000 (68174.53068551492,68174.53 zł)" storage="c:\projekty\mstestproject\bin\debug\netcoreapp3.1\mstestproject.dll" id="7a2d8a9e-f4b9-4ed5-bb84-20b0445b09b1">
      <TestCategory>
        <TestCategoryItem TestCategory="Category1000" />
      </TestCategory>
      <Execution id="ca9d7116-b4f9-4d7d-941d-877f7039dbb6" />
      <TestMethod codeBase="C:\Projekty\MSTestProject\bin\Debug\netcoreapp3.1\MSTestProject.dll" adapterTypeName="executor://mstestadapter/v2" className="TwojeWesele.Services.Helpers.Tests.CurrencyHelperTests" name="FormatToStringTest1000" />
    </UnitTest>
    <UnitTest name="FormatToStringTest1000 (25288.32036814574,25288.32 zł)" storage="c:\projekty\mstestproject\bin\debug\netcoreapp3.1\mstestproject.dll" id="39d37d24-8a9a-4c6c-b4de-ddf766115559">
      <TestCategory>
        <TestCategoryItem TestCategory="Category1000" />
      </TestCategory>
      <Execution id="3fd1d389-143c-4c51-b920-a1489936a948" />
      <TestMethod codeBase="C:\Projekty\MSTestProject\bin\Debug\netcoreapp3.1\MSTestProject.dll" adapterTypeName="executor://mstestadapter/v2" className="TwojeWesele.Services.Helpers.Tests.CurrencyHelperTests" name="FormatToStringTest1000" />
    </UnitTest>
    <UnitTest name="FormatToStringTest1000 (10511.7304983189,10511.73 zł)" storage="c:\projekty\mstestproject\bin\debug\netcoreapp3.1\mstestproject.dll" id="8c3ffe65-c357-43af-97ed-5364a7c3ac99">
      <TestCategory>
        <TestCategoryItem TestCategory="Category1000" />
      </TestCategory>
      <Execution id="58f1ac12-a1ac-4cc8-80d3-f731114dcb36" />
      <TestMethod codeBase="C:\Projekty\MSTestProject\bin\Debug\netcoreapp3.1\MSTestProject.dll" adapterTypeName="executor://mstestadapter/v2" className="TwojeWesele.Services.Helpers.Tests.CurrencyHelperTests" name="FormatToStringTest1000" />
    </UnitTest>
    <UnitTest name="FormatToStringTest1000 (13508.811787825922,13508.81 zł)" storage="c:\projekty\mstestproject\bin\debug\netcoreapp3.1\mstestproject.dll" id="a0c74e7d-731d-4638-826b-18530bbae003">
      <TestCategory>
        <TestCategoryItem TestCategory="Category1000" />
      </TestCategory>
      <Execution id="93dfb948-d7db-4a6d-9e3d-1f2086aa1b0e" />
      <TestMethod codeBase="C:\Projekty\MSTestProject\bin\Debug\netcoreapp3.1\MSTestProject.dll" adapterTypeName="executor://mstestadapter/v2" className="TwojeWesele.Services.Helpers.Tests.CurrencyHelperTests" name="FormatToStringTest1000" />
    </UnitTest>
    <UnitTest name="FormatToStringTest1000 (5140.16338917155,5140.16 zł)" storage="c:\projekty\mstestproject\bin\debug\netcoreapp3.1\mstestproject.dll" id="a09fdcd3-bed1-4b3e-950e-855266b607c0">
      <TestCategory>
        <TestCategoryItem TestCategory="Category1000" />
      </TestCategory>
      <Execution id="2cb142f6-e04e-4705-b471-156dbe41df9e" />
      <TestMethod codeBase="C:\Projekty\MSTestProject\bin\Debug\netcoreapp3.1\MSTestProject.dll" adapterTypeName="executor://mstestadapter/v2" className="TwojeWesele.Services.Helpers.Tests.CurrencyHelperTests" name="FormatToStringTest1000" />
    </UnitTest>
    <UnitTest name="FormatToStringTest1000 (14920.620598662934,14920.62 zł)" storage="c:\projekty\mstestproject\bin\debug\netcoreapp3.1\mstestproject.dll" id="8bdcf16a-28b7-47d7-b04f-9feeca853142">
      <TestCategory>
        <TestCategoryItem TestCategory="Category1000" />
      </TestCategory>
      <Execution id="a918950b-8d84-4e53-810c-b1388870c442" />
      <TestMethod codeBase="C:\Projekty\MSTestProject\bin\Debug\netcoreapp3.1\MSTestProject.dll" adapterTypeName="executor://mstestadapter/v2" className="TwojeWesele.Services.Helpers.Tests.CurrencyHelperTests" name="FormatToStringTest1000" />
    </UnitTest>
    <UnitTest name="FormatToStringTest1000 (5398.2412667191775,5398.24 zł)" storage="c:\projekty\mstestproject\bin\debug\netcoreapp3.1\mstestproject.dll" id="7886e5af-ec6f-4ea3-b9d2-eff71935bfbe">
      <TestCategory>
        <TestCategoryItem TestCategory="Category1000" />
      </TestCategory>
      <Execution id="d7a23c76-632b-41c4-addb-6a814d86cfc5" />
      <TestMethod codeBase="C:\Projekty\MSTestProject\bin\Debug\netcoreapp3.1\MSTestProject.dll" adapterTypeName="executor://mstestadapter/v2" className="TwojeWesele.Services.Helpers.Tests.CurrencyHelperTests" name="FormatToStringTest1000" />
    </UnitTest>
    <UnitTest name="FormatToStringTest1000 (7076.829971250534,7076.83 zł)" storage="c:\projekty\mstestproject\bin\debug\netcoreapp3.1\mstestproject.dll" id="1011aebd-8731-43cd-9144-04fa9c879347">
      <TestCategory>
        <TestCategoryItem TestCategory="Category1000" />
      </TestCategory>
      <Execution id="30bca99d-b062-467c-8805-fadef9658a78" />
      <TestMethod codeBase="C:\Projekty\MSTestProject\bin\Debug\netcoreapp3.1\MSTestProject.dll" adapterTypeName="executor://mstestadapter/v2" className="TwojeWesele.Services.Helpers.Tests.CurrencyHelperTests" name="FormatToStringTest1000" />
    </UnitTest>
    <UnitTest name="FormatToStringTest1000 (8599.45217413616,8599.45 zł)" storage="c:\projekty\mstestproject\bin\debug\netcoreapp3.1\mstestproject.dll" id="1982962b-0868-4bf5-a571-1d315ff58334">
      <TestCategory>
        <TestCategoryItem TestCategory="Category1000" />
      </TestCategory>
      <Execution id="acfe28c9-509f-440b-a1df-db44290b7cce" />
      <TestMethod codeBase="C:\Projekty\MSTestProject\bin\Debug\netcoreapp3.1\MSTestProject.dll" adapterTypeName="executor://mstestadapter/v2" className="TwojeWesele.Services.Helpers.Tests.CurrencyHelperTests" name="FormatToStringTest1000" />
    </UnitTest>
    <UnitTest name="FormatToStringTest1000 (44065.726815678056,44065.73 zł)" storage="c:\projekty\mstestproject\bin\debug\netcoreapp3.1\mstestproject.dll" id="29db9080-61f9-4dcd-8a17-a88b542f90e5">
      <TestCategory>
        <TestCategoryItem TestCategory="Category1000" />
      </TestCategory>
      <Execution id="d67db5e8-8116-4e31-b09f-c7f410c90b43" />
      <TestMethod codeBase="C:\Projekty\MSTestProject\bin\Debug\netcoreapp3.1\MSTestProject.dll" adapterTypeName="executor://mstestadapter/v2" className="TwojeWesele.Services.Helpers.Tests.CurrencyHelperTests" name="FormatToStringTest1000" />
    </UnitTest>
    <UnitTest name="FormatToStringTest1000 (1514.6266382441981,1514.63 zł)" storage="c:\projekty\mstestproject\bin\debug\netcoreapp3.1\mstestproject.dll" id="c331b2b0-5065-4455-9a28-e0a79e2db7e7">
      <TestCategory>
        <TestCategoryItem TestCategory="Category1000" />
      </TestCategory>
      <Execution id="2a1747ed-c0e0-4eb9-a9e6-191138a0499b" />
      <TestMethod codeBase="C:\Projekty\MSTestProject\bin\Debug\netcoreapp3.1\MSTestProject.dll" adapterTypeName="executor://mstestadapter/v2" className="TwojeWesele.Services.Helpers.Tests.CurrencyHelperTests" name="FormatToStringTest1000" />
    </UnitTest>
    <UnitTest name="FormatToStringTest1000 (19609.759296997803,19609.76 zł)" storage="c:\projekty\mstestproject\bin\debug\netcoreapp3.1\mstestproject.dll" id="5c210eeb-0811-44fc-9868-ce9f975e5649">
      <TestCategory>
        <TestCategoryItem TestCategory="Category1000" />
      </TestCategory>
      <Execution id="b0b16a15-cf1e-476a-8051-46df2ac9667b" />
      <TestMethod codeBase="C:\Projekty\MSTestProject\bin\Debug\netcoreapp3.1\MSTestProject.dll" adapterTypeName="executor://mstestadapter/v2" className="TwojeWesele.Services.Helpers.Tests.CurrencyHelperTests" name="FormatToStringTest1000" />
    </UnitTest>
    <UnitTest name="FormatToStringTest1000 (23612.114499758984,23612.11 zł)" storage="c:\projekty\mstestproject\bin\debug\netcoreapp3.1\mstestproject.dll" id="91880004-941d-4509-89b6-35eb2832a8d7">
      <TestCategory>
        <TestCategoryItem TestCategory="Category1000" />
      </TestCategory>
      <Execution id="857c8b13-aa1e-4080-a924-94339c505a0b" />
      <TestMethod codeBase="C:\Projekty\MSTestProject\bin\Debug\netcoreapp3.1\MSTestProject.dll" adapterTypeName="executor://mstestadapter/v2" className="TwojeWesele.Services.Helpers.Tests.CurrencyHelperTests" name="FormatToStringTest1000" />
    </UnitTest>
    <UnitTest name="FormatToStringTest1000 (66019.32414194118,66019.32 zł)" storage="c:\projekty\mstestproject\bin\debug\netcoreapp3.1\mstestproject.dll" id="52014e95-4fac-4a2b-93cf-a7da4324b97c">
      <TestCategory>
        <TestCategoryItem TestCategory="Category1000" />
      </TestCategory>
      <Execution id="9191bf5c-f314-4927-a693-a0eeaec0e2a6" />
      <TestMethod codeBase="C:\Projekty\MSTestProject\bin\Debug\netcoreapp3.1\MSTestProject.dll" adapterTypeName="executor://mstestadapter/v2" className="TwojeWesele.Services.Helpers.Tests.CurrencyHelperTests" name="FormatToStringTest1000" />
    </UnitTest>
    <UnitTest name="FormatToStringTest1000 (26885.71162707904,26885.71 zł)" storage="c:\projekty\mstestproject\bin\debug\netcoreapp3.1\mstestproject.dll" id="427d4354-cf88-48fb-b220-2db81c27b4d6">
      <TestCategory>
        <TestCategoryItem TestCategory="Category1000" />
      </TestCategory>
      <Execution id="c5f5cadb-56b9-4d1c-99fc-a5bbb4b80f2b" />
      <TestMethod codeBase="C:\Projekty\MSTestProject\bin\Debug\netcoreapp3.1\MSTestProject.dll" adapterTypeName="executor://mstestadapter/v2" className="TwojeWesele.Services.Helpers.Tests.CurrencyHelperTests" name="FormatToStringTest1000" />
    </UnitTest>
    <UnitTest name="FormatToStringTest1000 (2883.637133003975,2883.64 zł)" storage="c:\projekty\mstestproject\bin\debug\netcoreapp3.1\mstestproject.dll" id="221f3f71-cabd-4595-83fc-8b338aa9f428">
      <TestCategory>
        <TestCategoryItem TestCategory="Category1000" />
      </TestCategory>
      <Execution id="4b7722bc-39b9-403b-8b16-4defd484f914" />
      <TestMethod codeBase="C:\Projekty\MSTestProject\bin\Debug\netcoreapp3.1\MSTestProject.dll" adapterTypeName="executor://mstestadapter/v2" className="TwojeWesele.Services.Helpers.Tests.CurrencyHelperTests" name="FormatToStringTest1000" />
    </UnitTest>
    <UnitTest name="FormatToStringTest1000 (5611.05334835176,5611.05 zł)" storage="c:\projekty\mstestproject\bin\debug\netcoreapp3.1\mstestproject.dll" id="2c667517-b8f5-4eb1-a6f1-bc9d704ecfd0">
      <TestCategory>
        <TestCategoryItem TestCategory="Category1000" />
      </TestCategory>
      <Execution id="16b57915-4dd7-4c35-9a77-e73bf94254ce" />
      <TestMethod codeBase="C:\Projekty\MSTestProject\bin\Debug\netcoreapp3.1\MSTestProject.dll" adapterTypeName="executor://mstestadapter/v2" className="TwojeWesele.Services.Helpers.Tests.CurrencyHelperTests" name="FormatToStringTest1000" />
    </UnitTest>
    <UnitTest name="FormatToStringTest1000 (24729.333280806586,24729.33 zł)" storage="c:\projekty\mstestproject\bin\debug\netcoreapp3.1\mstestproject.dll" id="43a5d156-d284-49a8-8a0d-bac62c2a9efa">
      <TestCategory>
        <TestCategoryItem TestCategory="Category1000" />
      </TestCategory>
      <Execution id="e9fae3e0-7747-4198-80fe-ee6ecf54308c" />
      <TestMethod codeBase="C:\Projekty\MSTestProject\bin\Debug\netcoreapp3.1\MSTestProject.dll" adapterTypeName="executor://mstestadapter/v2" className="TwojeWesele.Services.Helpers.Tests.CurrencyHelperTests" name="FormatToStringTest1000" />
    </UnitTest>
    <UnitTest name="FormatToStringTest1000 (6809.40195803037,6809.40 zł)" storage="c:\projekty\mstestproject\bin\debug\netcoreapp3.1\mstestproject.dll" id="26cfdc08-4be0-458b-a799-d68015a362f9">
      <TestCategory>
        <TestCategoryItem TestCategory="Category1000" />
      </TestCategory>
      <Execution id="ced50d71-7611-4b6e-981b-0cac59fe10b4" />
      <TestMethod codeBase="C:\Projekty\MSTestProject\bin\Debug\netcoreapp3.1\MSTestProject.dll" adapterTypeName="executor://mstestadapter/v2" className="TwojeWesele.Services.Helpers.Tests.CurrencyHelperTests" name="FormatToStringTest1000" />
    </UnitTest>
    <UnitTest name="FormatToStringTest1000 (5254.6338787505565,5254.63 zł)" storage="c:\projekty\mstestproject\bin\debug\netcoreapp3.1\mstestproject.dll" id="5f1c8502-15d5-4d10-9d93-b9c0f2eed49f">
      <TestCategory>
        <TestCategoryItem TestCategory="Category1000" />
      </TestCategory>
      <Execution id="e22e3b01-eb67-41e5-98ca-8d192ac58154" />
      <TestMethod codeBase="C:\Projekty\MSTestProject\bin\Debug\netcoreapp3.1\MSTestProject.dll" adapterTypeName="executor://mstestadapter/v2" className="TwojeWesele.Services.Helpers.Tests.CurrencyHelperTests" name="FormatToStringTest1000" />
    </UnitTest>
    <UnitTest name="FormatToStringTest1000 (158.49784791027093,158.50 zł)" storage="c:\projekty\mstestproject\bin\debug\netcoreapp3.1\mstestproject.dll" id="8011f4b7-64a8-4e64-9649-8b675538e165">
      <TestCategory>
        <TestCategoryItem TestCategory="Category1000" />
      </TestCategory>
      <Execution id="714505be-e4f8-411a-a5a4-7be20ad71b89" />
      <TestMethod codeBase="C:\Projekty\MSTestProject\bin\Debug\netcoreapp3.1\MSTestProject.dll" adapterTypeName="executor://mstestadapter/v2" className="TwojeWesele.Services.Helpers.Tests.CurrencyHelperTests" name="FormatToStringTest1000" />
    </UnitTest>
    <UnitTest name="FormatToStringTest1000 (22153.282278674324,22153.28 zł)" storage="c:\projekty\mstestproject\bin\debug\netcoreapp3.1\mstestproject.dll" id="9ec6d5c0-8176-485f-b779-5846d2cfcfd5">
      <TestCategory>
        <TestCategoryItem TestCategory="Category1000" />
      </TestCategory>
      <Execution id="dbc053a9-fb8e-430e-8544-23b74ad84f23" />
      <TestMethod codeBase="C:\Projekty\MSTestProject\bin\Debug\netcoreapp3.1\MSTestProject.dll" adapterTypeName="executor://mstestadapter/v2" className="TwojeWesele.Services.Helpers.Tests.CurrencyHelperTests" name="FormatToStringTest1000" />
    </UnitTest>
    <UnitTest name="FormatToStringTest1000 (13503.943645929892,13503.94 zł)" storage="c:\projekty\mstestproject\bin\debug\netcoreapp3.1\mstestproject.dll" id="bfc07301-8757-4369-bf6f-7ba74e04a5a4">
      <TestCategory>
        <TestCategoryItem TestCategory="Category1000" />
      </TestCategory>
      <Execution id="4ba03b6e-7f08-4049-b41c-1b039c671a15" />
      <TestMethod codeBase="C:\Projekty\MSTestProject\bin\Debug\netcoreapp3.1\MSTestProject.dll" adapterTypeName="executor://mstestadapter/v2" className="TwojeWesele.Services.Helpers.Tests.CurrencyHelperTests" name="FormatToStringTest1000" />
    </UnitTest>
    <UnitTest name="FormatToStringTest1000 (13286.856387228174,13286.86 zł)" storage="c:\projekty\mstestproject\bin\debug\netcoreapp3.1\mstestproject.dll" id="62332270-446c-4f89-8d42-fc988019c2f6">
      <TestCategory>
        <TestCategoryItem TestCategory="Category1000" />
      </TestCategory>
      <Execution id="57596935-44e6-495a-b1c1-414de9ab8ebe" />
      <TestMethod codeBase="C:\Projekty\MSTestProject\bin\Debug\netcoreapp3.1\MSTestProject.dll" adapterTypeName="executor://mstestadapter/v2" className="TwojeWesele.Services.Helpers.Tests.CurrencyHelperTests" name="FormatToStringTest1000" />
    </UnitTest>
    <UnitTest name="FormatToStringTest1000 (90187.4082624374,90187.41 zł)" storage="c:\projekty\mstestproject\bin\debug\netcoreapp3.1\mstestproject.dll" id="1563c0a6-c853-40a6-9dc9-3213f0872d9f">
      <TestCategory>
        <TestCategoryItem TestCategory="Category1000" />
      </TestCategory>
      <Execution id="3df2eeea-b845-4c37-a4cb-d924e0056d47" />
      <TestMethod codeBase="C:\Projekty\MSTestProject\bin\Debug\netcoreapp3.1\MSTestProject.dll" adapterTypeName="executor://mstestadapter/v2" className="TwojeWesele.Services.Helpers.Tests.CurrencyHelperTests" name="FormatToStringTest1000" />
    </UnitTest>
    <UnitTest name="FormatToStringTest1000 (79339.95632144621,79339.96 zł)" storage="c:\projekty\mstestproject\bin\debug\netcoreapp3.1\mstestproject.dll" id="91520096-e01c-456e-ad95-1b54eb742b39">
      <TestCategory>
        <TestCategoryItem TestCategory="Category1000" />
      </TestCategory>
      <Execution id="9cd76e23-77c1-4612-b3da-ba426e8eced7" />
      <TestMethod codeBase="C:\Projekty\MSTestProject\bin\Debug\netcoreapp3.1\MSTestProject.dll" adapterTypeName="executor://mstestadapter/v2" className="TwojeWesele.Services.Helpers.Tests.CurrencyHelperTests" name="FormatToStringTest1000" />
    </UnitTest>
    <UnitTest name="FormatToStringTest1000 (28972.23604401212,28972.24 zł)" storage="c:\projekty\mstestproject\bin\debug\netcoreapp3.1\mstestproject.dll" id="e450ac4a-98a6-4953-998d-2053ed795017">
      <TestCategory>
        <TestCategoryItem TestCategory="Category1000" />
      </TestCategory>
      <Execution id="8b29c723-44e1-46c5-9e03-60cb27140ef3" />
      <TestMethod codeBase="C:\Projekty\MSTestProject\bin\Debug\netcoreapp3.1\MSTestProject.dll" adapterTypeName="executor://mstestadapter/v2" className="TwojeWesele.Services.Helpers.Tests.CurrencyHelperTests" name="FormatToStringTest1000" />
    </UnitTest>
    <UnitTest name="FormatToStringTest1000 (11181.228339251702,11181.23 zł)" storage="c:\projekty\mstestproject\bin\debug\netcoreapp3.1\mstestproject.dll" id="83e1ef8e-5620-459d-ab89-772d8ee738e8">
      <TestCategory>
        <TestCategoryItem TestCategory="Category1000" />
      </TestCategory>
      <Execution id="af17e249-8494-42e6-96a6-795ff744ad6d" />
      <TestMethod codeBase="C:\Projekty\MSTestProject\bin\Debug\netcoreapp3.1\MSTestProject.dll" adapterTypeName="executor://mstestadapter/v2" className="TwojeWesele.Services.Helpers.Tests.CurrencyHelperTests" name="FormatToStringTest1000" />
    </UnitTest>
    <UnitTest name="FormatToStringTest1000 (3341.8351759444154,3341.84 zł)" storage="c:\projekty\mstestproject\bin\debug\netcoreapp3.1\mstestproject.dll" id="3df73c61-1205-4934-a6b9-1d378bcfcae5">
      <TestCategory>
        <TestCategoryItem TestCategory="Category1000" />
      </TestCategory>
      <Execution id="92580c6a-e6d5-4ae0-8a80-89a6e1627dbd" />
      <TestMethod codeBase="C:\Projekty\MSTestProject\bin\Debug\netcoreapp3.1\MSTestProject.dll" adapterTypeName="executor://mstestadapter/v2" className="TwojeWesele.Services.Helpers.Tests.CurrencyHelperTests" name="FormatToStringTest1000" />
    </UnitTest>
    <UnitTest name="FormatToStringTest1000 (65809.35218338219,65809.35 zł)" storage="c:\projekty\mstestproject\bin\debug\netcoreapp3.1\mstestproject.dll" id="ac5e6599-7138-455b-a0d1-b1331e60f032">
      <TestCategory>
        <TestCategoryItem TestCategory="Category1000" />
      </TestCategory>
      <Execution id="52e9e857-85f2-4def-9d9d-adb9d3efe9df" />
      <TestMethod codeBase="C:\Projekty\MSTestProject\bin\Debug\netcoreapp3.1\MSTestProject.dll" adapterTypeName="executor://mstestadapter/v2" className="TwojeWesele.Services.Helpers.Tests.CurrencyHelperTests" name="FormatToStringTest1000" />
    </UnitTest>
    <UnitTest name="FormatToStringTest1000 (96.75594581512546,96.76 zł)" storage="c:\projekty\mstestproject\bin\debug\netcoreapp3.1\mstestproject.dll" id="80e33d0e-64f4-457a-96a0-1981bb8e1e12">
      <TestCategory>
        <TestCategoryItem TestCategory="Category1000" />
      </TestCategory>
      <Execution id="8889f986-6ef8-4d30-8bc8-1da66cf51200" />
      <TestMethod codeBase="C:\Projekty\MSTestProject\bin\Debug\netcoreapp3.1\MSTestProject.dll" adapterTypeName="executor://mstestadapter/v2" className="TwojeWesele.Services.Helpers.Tests.CurrencyHelperTests" name="FormatToStringTest1000" />
    </UnitTest>
    <UnitTest name="FormatToStringTest1000 (21785.42157155528,21785.42 zł)" storage="c:\projekty\mstestproject\bin\debug\netcoreapp3.1\mstestproject.dll" id="208017c7-1e4e-4767-b91c-87f61b60ec13">
      <TestCategory>
        <TestCategoryItem TestCategory="Category1000" />
      </TestCategory>
      <Execution id="bb321199-9e0d-4aa4-9bec-0b3c60197a8a" />
      <TestMethod codeBase="C:\Projekty\MSTestProject\bin\Debug\netcoreapp3.1\MSTestProject.dll" adapterTypeName="executor://mstestadapter/v2" className="TwojeWesele.Services.Helpers.Tests.CurrencyHelperTests" name="FormatToStringTest1000" />
    </UnitTest>
    <UnitTest name="FormatToStringTest1000 (7191.024921368353,7191.02 zł)" storage="c:\projekty\mstestproject\bin\debug\netcoreapp3.1\mstestproject.dll" id="34d07ba0-abf2-44a4-8ca8-e2927bfe51e3">
      <TestCategory>
        <TestCategoryItem TestCategory="Category1000" />
      </TestCategory>
      <Execution id="e4f0903d-c82f-4766-a05b-183da8f55cc4" />
      <TestMethod codeBase="C:\Projekty\MSTestProject\bin\Debug\netcoreapp3.1\MSTestProject.dll" adapterTypeName="executor://mstestadapter/v2" className="TwojeWesele.Services.Helpers.Tests.CurrencyHelperTests" name="FormatToStringTest1000" />
    </UnitTest>
    <UnitTest name="FormatToStringTest1000 (22189.78731674132,22189.79 zł)" storage="c:\projekty\mstestproject\bin\debug\netcoreapp3.1\mstestproject.dll" id="66855f2d-c340-4ccb-80e0-75dd760bb4c3">
      <TestCategory>
        <TestCategoryItem TestCategory="Category1000" />
      </TestCategory>
      <Execution id="758f7e72-81ad-4c2f-85ce-93c8eec80338" />
      <TestMethod codeBase="C:\Projekty\MSTestProject\bin\Debug\netcoreapp3.1\MSTestProject.dll" adapterTypeName="executor://mstestadapter/v2" className="TwojeWesele.Services.Helpers.Tests.CurrencyHelperTests" name="FormatToStringTest1000" />
    </UnitTest>
    <UnitTest name="FormatToStringTest1000 (57564.498126061866,57564.50 zł)" storage="c:\projekty\mstestproject\bin\debug\netcoreapp3.1\mstestproject.dll" id="8382c6d4-3e25-4fd2-b0bd-80e059c9d6eb">
      <TestCategory>
        <TestCategoryItem TestCategory="Category1000" />
      </TestCategory>
      <Execution id="c8810db0-9715-4458-b735-b081227428a1" />
      <TestMethod codeBase="C:\Projekty\MSTestProject\bin\Debug\netcoreapp3.1\MSTestProject.dll" adapterTypeName="executor://mstestadapter/v2" className="TwojeWesele.Services.Helpers.Tests.CurrencyHelperTests" name="FormatToStringTest1000" />
    </UnitTest>
    <UnitTest name="FormatToStringTest1000 (7377.5644264340235,7377.56 zł)" storage="c:\projekty\mstestproject\bin\debug\netcoreapp3.1\mstestproject.dll" id="b376fd9b-52de-4be6-92fa-151ef396fa59">
      <TestCategory>
        <TestCategoryItem TestCategory="Category1000" />
      </TestCategory>
      <Execution id="5c6747c3-8f48-4a71-8ab3-3682f898fdba" />
      <TestMethod codeBase="C:\Projekty\MSTestProject\bin\Debug\netcoreapp3.1\MSTestProject.dll" adapterTypeName="executor://mstestadapter/v2" className="TwojeWesele.Services.Helpers.Tests.CurrencyHelperTests" name="FormatToStringTest1000" />
    </UnitTest>
    <UnitTest name="FormatToStringTest1000 (97129.75160633575,97129.75 zł)" storage="c:\projekty\mstestproject\bin\debug\netcoreapp3.1\mstestproject.dll" id="99801779-8eb0-411c-9548-7706a4ac6fda">
      <TestCategory>
        <TestCategoryItem TestCategory="Category1000" />
      </TestCategory>
      <Execution id="f5091cba-c46b-4ef6-a3b3-92a61afaf30e" />
      <TestMethod codeBase="C:\Projekty\MSTestProject\bin\Debug\netcoreapp3.1\MSTestProject.dll" adapterTypeName="executor://mstestadapter/v2" className="TwojeWesele.Services.Helpers.Tests.CurrencyHelperTests" name="FormatToStringTest1000" />
    </UnitTest>
    <UnitTest name="FormatToStringTest1000 (10066.059180456241,10066.06 zł)" storage="c:\projekty\mstestproject\bin\debug\netcoreapp3.1\mstestproject.dll" id="aafe493e-e129-458e-acdb-df40909726e9">
      <TestCategory>
        <TestCategoryItem TestCategory="Category1000" />
      </TestCategory>
      <Execution id="997571ec-901b-4347-852b-cf86b090418c" />
      <TestMethod codeBase="C:\Projekty\MSTestProject\bin\Debug\netcoreapp3.1\MSTestProject.dll" adapterTypeName="executor://mstestadapter/v2" className="TwojeWesele.Services.Helpers.Tests.CurrencyHelperTests" name="FormatToStringTest1000" />
    </UnitTest>
    <UnitTest name="FormatToStringTest1000 (37889.10086727193,37889.10 zł)" storage="c:\projekty\mstestproject\bin\debug\netcoreapp3.1\mstestproject.dll" id="a09b0417-05fd-4364-904f-ad2370ca5066">
      <TestCategory>
        <TestCategoryItem TestCategory="Category1000" />
      </TestCategory>
      <Execution id="5b14d259-656a-4330-af1c-9c68c0e2fc44" />
      <TestMethod codeBase="C:\Projekty\MSTestProject\bin\Debug\netcoreapp3.1\MSTestProject.dll" adapterTypeName="executor://mstestadapter/v2" className="TwojeWesele.Services.Helpers.Tests.CurrencyHelperTests" name="FormatToStringTest1000" />
    </UnitTest>
    <UnitTest name="FormatToStringTest1000 (32812.53695512634,32812.54 zł)" storage="c:\projekty\mstestproject\bin\debug\netcoreapp3.1\mstestproject.dll" id="6c151064-d59d-4e24-bdc6-c6058a43cf7e">
      <TestCategory>
        <TestCategoryItem TestCategory="Category1000" />
      </TestCategory>
      <Execution id="6d4d4321-f0c4-4a90-9564-34a1f22980ab" />
      <TestMethod codeBase="C:\Projekty\MSTestProject\bin\Debug\netcoreapp3.1\MSTestProject.dll" adapterTypeName="executor://mstestadapter/v2" className="TwojeWesele.Services.Helpers.Tests.CurrencyHelperTests" name="FormatToStringTest1000" />
    </UnitTest>
    <UnitTest name="FormatToStringTest1000 (22799.991836491965,22799.99 zł)" storage="c:\projekty\mstestproject\bin\debug\netcoreapp3.1\mstestproject.dll" id="25f10a50-d7ac-47f8-b506-65816ac876ac">
      <TestCategory>
        <TestCategoryItem TestCategory="Category1000" />
      </TestCategory>
      <Execution id="22fa7e99-923e-4375-9416-8f5b515cd9f2" />
      <TestMethod codeBase="C:\Projekty\MSTestProject\bin\Debug\netcoreapp3.1\MSTestProject.dll" adapterTypeName="executor://mstestadapter/v2" className="TwojeWesele.Services.Helpers.Tests.CurrencyHelperTests" name="FormatToStringTest1000" />
    </UnitTest>
    <UnitTest name="FormatToStringTest1000 (29975.4018974022,29975.40 zł)" storage="c:\projekty\mstestproject\bin\debug\netcoreapp3.1\mstestproject.dll" id="6622982a-da0d-4d6b-a194-3fb843badcaf">
      <TestCategory>
        <TestCategoryItem TestCategory="Category1000" />
      </TestCategory>
      <Execution id="4b823397-99a2-487d-8fcb-73443e9d7ed3" />
      <TestMethod codeBase="C:\Projekty\MSTestProject\bin\Debug\netcoreapp3.1\MSTestProject.dll" adapterTypeName="executor://mstestadapter/v2" className="TwojeWesele.Services.Helpers.Tests.CurrencyHelperTests" name="FormatToStringTest1000" />
    </UnitTest>
    <UnitTest name="FormatToStringTest1000 (68011.49219071423,68011.49 zł)" storage="c:\projekty\mstestproject\bin\debug\netcoreapp3.1\mstestproject.dll" id="a5c52567-4991-4935-b701-8f9b88ef2ba9">
      <TestCategory>
        <TestCategoryItem TestCategory="Category1000" />
      </TestCategory>
      <Execution id="a79c21fc-16b5-471b-93e3-535791dafebc" />
      <TestMethod codeBase="C:\Projekty\MSTestProject\bin\Debug\netcoreapp3.1\MSTestProject.dll" adapterTypeName="executor://mstestadapter/v2" className="TwojeWesele.Services.Helpers.Tests.CurrencyHelperTests" name="FormatToStringTest1000" />
    </UnitTest>
    <UnitTest name="FormatToStringTest1000 (79764.77845563217,79764.78 zł)" storage="c:\projekty\mstestproject\bin\debug\netcoreapp3.1\mstestproject.dll" id="937332e2-223e-4be4-a135-f2608b0e1b93">
      <TestCategory>
        <TestCategoryItem TestCategory="Category1000" />
      </TestCategory>
      <Execution id="c99136e9-cfc2-4043-8eaa-ab394eabd323" />
      <TestMethod codeBase="C:\Projekty\MSTestProject\bin\Debug\netcoreapp3.1\MSTestProject.dll" adapterTypeName="executor://mstestadapter/v2" className="TwojeWesele.Services.Helpers.Tests.CurrencyHelperTests" name="FormatToStringTest1000" />
    </UnitTest>
    <UnitTest name="FormatToStringTest1000 (7890.044272348771,7890.04 zł)" storage="c:\projekty\mstestproject\bin\debug\netcoreapp3.1\mstestproject.dll" id="a8c92f23-81b8-4d61-8c09-bd5224a9d4c3">
      <TestCategory>
        <TestCategoryItem TestCategory="Category1000" />
      </TestCategory>
      <Execution id="b3d1413c-fc6a-4017-82f7-3f935024de70" />
      <TestMethod codeBase="C:\Projekty\MSTestProject\bin\Debug\netcoreapp3.1\MSTestProject.dll" adapterTypeName="executor://mstestadapter/v2" className="TwojeWesele.Services.Helpers.Tests.CurrencyHelperTests" name="FormatToStringTest1000" />
    </UnitTest>
    <UnitTest name="FormatToStringTest1000 (19352.183340702755,19352.18 zł)" storage="c:\projekty\mstestproject\bin\debug\netcoreapp3.1\mstestproject.dll" id="3ed9c8b2-3ab2-48e9-9f72-0ee65cefca8a">
      <TestCategory>
        <TestCategoryItem TestCategory="Category1000" />
      </TestCategory>
      <Execution id="fdcd5bde-da29-4df8-ae36-176138fcb008" />
      <TestMethod codeBase="C:\Projekty\MSTestProject\bin\Debug\netcoreapp3.1\MSTestProject.dll" adapterTypeName="executor://mstestadapter/v2" className="TwojeWesele.Services.Helpers.Tests.CurrencyHelperTests" name="FormatToStringTest1000" />
    </UnitTest>
    <UnitTest name="FormatToStringTest1000 (1860.3356292016504,1860.34 zł)" storage="c:\projekty\mstestproject\bin\debug\netcoreapp3.1\mstestproject.dll" id="7a2a3e29-571e-4de9-ab80-2cf59db792b4">
      <TestCategory>
        <TestCategoryItem TestCategory="Category1000" />
      </TestCategory>
      <Execution id="e1040d08-7eff-4b6b-9264-ca3c62b6a349" />
      <TestMethod codeBase="C:\Projekty\MSTestProject\bin\Debug\netcoreapp3.1\MSTestProject.dll" adapterTypeName="executor://mstestadapter/v2" className="TwojeWesele.Services.Helpers.Tests.CurrencyHelperTests" name="FormatToStringTest1000" />
    </UnitTest>
    <UnitTest name="FormatToStringTest1000 (11989.099505855282,11989.10 zł)" storage="c:\projekty\mstestproject\bin\debug\netcoreapp3.1\mstestproject.dll" id="e5764de9-0f36-4052-a2f8-3af5b5d091d6">
      <TestCategory>
        <TestCategoryItem TestCategory="Category1000" />
      </TestCategory>
      <Execution id="a05b4377-f23f-4dd3-9939-5f6f8e56b5fe" />
      <TestMethod codeBase="C:\Projekty\MSTestProject\bin\Debug\netcoreapp3.1\MSTestProject.dll" adapterTypeName="executor://mstestadapter/v2" className="TwojeWesele.Services.Helpers.Tests.CurrencyHelperTests" name="FormatToStringTest1000" />
    </UnitTest>
    <UnitTest name="FormatToStringTest1000 (37160.85331540269,37160.85 zł)" storage="c:\projekty\mstestproject\bin\debug\netcoreapp3.1\mstestproject.dll" id="ba50b139-1be1-4e52-a354-9e14d1cf752a">
      <TestCategory>
        <TestCategoryItem TestCategory="Category1000" />
      </TestCategory>
      <Execution id="61d89cef-c88e-42f0-9a6d-8f1493d6e168" />
      <TestMethod codeBase="C:\Projekty\MSTestProject\bin\Debug\netcoreapp3.1\MSTestProject.dll" adapterTypeName="executor://mstestadapter/v2" className="TwojeWesele.Services.Helpers.Tests.CurrencyHelperTests" name="FormatToStringTest1000" />
    </UnitTest>
    <UnitTest name="FormatToStringTest1000 (28579.14698705503,28579.15 zł)" storage="c:\projekty\mstestproject\bin\debug\netcoreapp3.1\mstestproject.dll" id="7983da95-d542-48e9-b808-dfacd96f632d">
      <TestCategory>
        <TestCategoryItem TestCategory="Category1000" />
      </TestCategory>
      <Execution id="42a57927-3b62-41de-b97f-8dcfb5cf7e4d" />
      <TestMethod codeBase="C:\Projekty\MSTestProject\bin\Debug\netcoreapp3.1\MSTestProject.dll" adapterTypeName="executor://mstestadapter/v2" className="TwojeWesele.Services.Helpers.Tests.CurrencyHelperTests" name="FormatToStringTest1000" />
    </UnitTest>
    <UnitTest name="FormatToStringTest1000 (36969.98585167247,36969.99 zł)" storage="c:\projekty\mstestproject\bin\debug\netcoreapp3.1\mstestproject.dll" id="51a0df01-052f-4a8a-8dea-6743b5bfc708">
      <TestCategory>
        <TestCategoryItem TestCategory="Category1000" />
      </TestCategory>
      <Execution id="96aaa9ca-d08f-4aeb-ad45-e043f9563c55" />
      <TestMethod codeBase="C:\Projekty\MSTestProject\bin\Debug\netcoreapp3.1\MSTestProject.dll" adapterTypeName="executor://mstestadapter/v2" className="TwojeWesele.Services.Helpers.Tests.CurrencyHelperTests" name="FormatToStringTest1000" />
    </UnitTest>
    <UnitTest name="FormatToStringTest1000 (54724.71040318008,54724.71 zł)" storage="c:\projekty\mstestproject\bin\debug\netcoreapp3.1\mstestproject.dll" id="4a2edaa2-2f61-4a10-90c9-91936516c124">
      <TestCategory>
        <TestCategoryItem TestCategory="Category1000" />
      </TestCategory>
      <Execution id="7ca539b4-3e3f-43f9-b5a7-a3087dd808ee" />
      <TestMethod codeBase="C:\Projekty\MSTestProject\bin\Debug\netcoreapp3.1\MSTestProject.dll" adapterTypeName="executor://mstestadapter/v2" className="TwojeWesele.Services.Helpers.Tests.CurrencyHelperTests" name="FormatToStringTest1000" />
    </UnitTest>
    <UnitTest name="FormatToStringTest1000 (13745.115971449817,13745.12 zł)" storage="c:\projekty\mstestproject\bin\debug\netcoreapp3.1\mstestproject.dll" id="9a5bd90d-e7d8-4003-855d-67e1e7f6a040">
      <TestCategory>
        <TestCategoryItem TestCategory="Category1000" />
      </TestCategory>
      <Execution id="0d42c194-34eb-4bc8-9031-1b277739662b" />
      <TestMethod codeBase="C:\Projekty\MSTestProject\bin\Debug\netcoreapp3.1\MSTestProject.dll" adapterTypeName="executor://mstestadapter/v2" className="TwojeWesele.Services.Helpers.Tests.CurrencyHelperTests" name="FormatToStringTest1000" />
    </UnitTest>
    <UnitTest name="FormatToStringTest1000 (4139.032615562451,4139.03 zł)" storage="c:\projekty\mstestproject\bin\debug\netcoreapp3.1\mstestproject.dll" id="40e1be45-af6b-4565-8cde-01fd3a3e88d5">
      <TestCategory>
        <TestCategoryItem TestCategory="Category1000" />
      </TestCategory>
      <Execution id="287494ca-77dd-4ef7-b452-01e1722c524e" />
      <TestMethod codeBase="C:\Projekty\MSTestProject\bin\Debug\netcoreapp3.1\MSTestProject.dll" adapterTypeName="executor://mstestadapter/v2" className="TwojeWesele.Services.Helpers.Tests.CurrencyHelperTests" name="FormatToStringTest1000" />
    </UnitTest>
    <UnitTest name="FormatToStringTest1000 (45070.5442499493,45070.54 zł)" storage="c:\projekty\mstestproject\bin\debug\netcoreapp3.1\mstestproject.dll" id="409a7461-8eac-4e3e-9020-6a5d77b06067">
      <TestCategory>
        <TestCategoryItem TestCategory="Category1000" />
      </TestCategory>
      <Execution id="13a69db6-9272-4d82-a6b3-729041d7e53e" />
      <TestMethod codeBase="C:\Projekty\MSTestProject\bin\Debug\netcoreapp3.1\MSTestProject.dll" adapterTypeName="executor://mstestadapter/v2" className="TwojeWesele.Services.Helpers.Tests.CurrencyHelperTests" name="FormatToStringTest1000" />
    </UnitTest>
    <UnitTest name="FormatToStringTest1000 (6027.66019266828,6027.66 zł)" storage="c:\projekty\mstestproject\bin\debug\netcoreapp3.1\mstestproject.dll" id="7e8a329c-f56a-4090-b92d-2f53f7f2dfd4">
      <TestCategory>
        <TestCategoryItem TestCategory="Category1000" />
      </TestCategory>
      <Execution id="1d7162fa-f4cd-4840-91a3-78f4de423f93" />
      <TestMethod codeBase="C:\Projekty\MSTestProject\bin\Debug\netcoreapp3.1\MSTestProject.dll" adapterTypeName="executor://mstestadapter/v2" className="TwojeWesele.Services.Helpers.Tests.CurrencyHelperTests" name="FormatToStringTest1000" />
    </UnitTest>
    <UnitTest name="FormatToStringTest1000 (86.89546322771136,86.90 zł)" storage="c:\projekty\mstestproject\bin\debug\netcoreapp3.1\mstestproject.dll" id="928dbdd5-ec41-46e2-81f4-340bc73ced93">
      <TestCategory>
        <TestCategoryItem TestCategory="Category1000" />
      </TestCategory>
      <Execution id="ccbedaa3-0058-459a-a0e9-899826eb39ca" />
      <TestMethod codeBase="C:\Projekty\MSTestProject\bin\Debug\netcoreapp3.1\MSTestProject.dll" adapterTypeName="executor://mstestadapter/v2" className="TwojeWesele.Services.Helpers.Tests.CurrencyHelperTests" name="FormatToStringTest1000" />
    </UnitTest>
    <UnitTest name="FormatToStringTest1000 (10641.263377953444,10641.26 zł)" storage="c:\projekty\mstestproject\bin\debug\netcoreapp3.1\mstestproject.dll" id="d68f8fd0-e592-4341-a5a9-9dfac9ea3ba3">
      <TestCategory>
        <TestCategoryItem TestCategory="Category1000" />
      </TestCategory>
      <Execution id="2b32c3d3-13f5-492d-81bd-0c0c433612a5" />
      <TestMethod codeBase="C:\Projekty\MSTestProject\bin\Debug\netcoreapp3.1\MSTestProject.dll" adapterTypeName="executor://mstestadapter/v2" className="TwojeWesele.Services.Helpers.Tests.CurrencyHelperTests" name="FormatToStringTest1000" />
    </UnitTest>
    <UnitTest name="FormatToStringTest1000 (2718.1767171650085,2718.18 zł)" storage="c:\projekty\mstestproject\bin\debug\netcoreapp3.1\mstestproject.dll" id="884f3ded-f771-4e24-a507-69d322330f1a">
      <TestCategory>
        <TestCategoryItem TestCategory="Category1000" />
      </TestCategory>
      <Execution id="07d22fdf-088b-4dd0-9206-f01ec3a8a0ba" />
      <TestMethod codeBase="C:\Projekty\MSTestProject\bin\Debug\netcoreapp3.1\MSTestProject.dll" adapterTypeName="executor://mstestadapter/v2" className="TwojeWesele.Services.Helpers.Tests.CurrencyHelperTests" name="FormatToStringTest1000" />
    </UnitTest>
    <UnitTest name="FormatToStringTest1000 (10227.532692039169,10227.53 zł)" storage="c:\projekty\mstestproject\bin\debug\netcoreapp3.1\mstestproject.dll" id="e3c82226-f590-4e14-883a-d3f748b07d84">
      <TestCategory>
        <TestCategoryItem TestCategory="Category1000" />
      </TestCategory>
      <Execution id="841dc056-5a86-45df-8970-c906a53d8e84" />
      <TestMethod codeBase="C:\Projekty\MSTestProject\bin\Debug\netcoreapp3.1\MSTestProject.dll" adapterTypeName="executor://mstestadapter/v2" className="TwojeWesele.Services.Helpers.Tests.CurrencyHelperTests" name="FormatToStringTest1000" />
    </UnitTest>
    <UnitTest name="FormatToStringTest1000 (2346.9964869427477,2347.00 zł)" storage="c:\projekty\mstestproject\bin\debug\netcoreapp3.1\mstestproject.dll" id="6fb35075-395a-498c-b7db-4c1c85143db1">
      <TestCategory>
        <TestCategoryItem TestCategory="Category1000" />
      </TestCategory>
      <Execution id="99ed82d4-9f7a-4739-9f40-db7b430b2f58" />
      <TestMethod codeBase="C:\Projekty\MSTestProject\bin\Debug\netcoreapp3.1\MSTestProject.dll" adapterTypeName="executor://mstestadapter/v2" className="TwojeWesele.Services.Helpers.Tests.CurrencyHelperTests" name="FormatToStringTest1000" />
    </UnitTest>
    <UnitTest name="FormatToStringTest1000 (22494.46807976834,22494.47 zł)" storage="c:\projekty\mstestproject\bin\debug\netcoreapp3.1\mstestproject.dll" id="8f466014-fa2d-4e59-ad00-8dae9a6071bd">
      <TestCategory>
        <TestCategoryItem TestCategory="Category1000" />
      </TestCategory>
      <Execution id="f9ef72c2-f72d-4c0d-9f3e-a56ce8ec2590" />
      <TestMethod codeBase="C:\Projekty\MSTestProject\bin\Debug\netcoreapp3.1\MSTestProject.dll" adapterTypeName="executor://mstestadapter/v2" className="TwojeWesele.Services.Helpers.Tests.CurrencyHelperTests" name="FormatToStringTest1000" />
    </UnitTest>
    <UnitTest name="FormatToStringTest1000 (32213.734885384205,32213.73 zł)" storage="c:\projekty\mstestproject\bin\debug\netcoreapp3.1\mstestproject.dll" id="540810a9-00cb-43b4-918d-3d83e6e7bc20">
      <TestCategory>
        <TestCategoryItem TestCategory="Category1000" />
      </TestCategory>
      <Execution id="d485f360-f7d0-41b6-bbd6-8122f8d37deb" />
      <TestMethod codeBase="C:\Projekty\MSTestProject\bin\Debug\netcoreapp3.1\MSTestProject.dll" adapterTypeName="executor://mstestadapter/v2" className="TwojeWesele.Services.Helpers.Tests.CurrencyHelperTests" name="FormatToStringTest1000" />
    </UnitTest>
    <UnitTest name="FormatToStringTest1000 (31805.23430354532,31805.23 zł)" storage="c:\projekty\mstestproject\bin\debug\netcoreapp3.1\mstestproject.dll" id="51aeaccc-ebf0-4e9b-b4ca-f9e10d6cf012">
      <TestCategory>
        <TestCategoryItem TestCategory="Category1000" />
      </TestCategory>
      <Execution id="7297be0b-1065-46bc-b98c-3d2559c26809" />
      <TestMethod codeBase="C:\Projekty\MSTestProject\bin\Debug\netcoreapp3.1\MSTestProject.dll" adapterTypeName="executor://mstestadapter/v2" className="TwojeWesele.Services.Helpers.Tests.CurrencyHelperTests" name="FormatToStringTest1000" />
    </UnitTest>
    <UnitTest name="FormatToStringTest1000 (17798.633951516185,17798.63 zł)" storage="c:\projekty\mstestproject\bin\debug\netcoreapp3.1\mstestproject.dll" id="f9f5e989-3933-46d2-9cf9-d9e989abeb91">
      <TestCategory>
        <TestCategoryItem TestCategory="Category1000" />
      </TestCategory>
      <Execution id="e8bde61c-fc5c-461d-9ad0-2fbc47f79fbb" />
      <TestMethod codeBase="C:\Projekty\MSTestProject\bin\Debug\netcoreapp3.1\MSTestProject.dll" adapterTypeName="executor://mstestadapter/v2" className="TwojeWesele.Services.Helpers.Tests.CurrencyHelperTests" name="FormatToStringTest1000" />
    </UnitTest>
    <UnitTest name="FormatToStringTest1000 (23174.85693288448,23174.86 zł)" storage="c:\projekty\mstestproject\bin\debug\netcoreapp3.1\mstestproject.dll" id="b6720530-839e-4dc4-80c2-de03256ee87a">
      <TestCategory>
        <TestCategoryItem TestCategory="Category1000" />
      </TestCategory>
      <Execution id="7367fc13-972e-44bc-aa80-3e3d66fee573" />
      <TestMethod codeBase="C:\Projekty\MSTestProject\bin\Debug\netcoreapp3.1\MSTestProject.dll" adapterTypeName="executor://mstestadapter/v2" className="TwojeWesele.Services.Helpers.Tests.CurrencyHelperTests" name="FormatToStringTest1000" />
    </UnitTest>
    <UnitTest name="FormatToStringTest1000 (5835.26176155557,5835.26 zł)" storage="c:\projekty\mstestproject\bin\debug\netcoreapp3.1\mstestproject.dll" id="2373fdea-a521-46e2-b3fc-55598c820d7a">
      <TestCategory>
        <TestCategoryItem TestCategory="Category1000" />
      </TestCategory>
      <Execution id="e9ec7de3-193c-44c5-b712-b691a0ed86e8" />
      <TestMethod codeBase="C:\Projekty\MSTestProject\bin\Debug\netcoreapp3.1\MSTestProject.dll" adapterTypeName="executor://mstestadapter/v2" className="TwojeWesele.Services.Helpers.Tests.CurrencyHelperTests" name="FormatToStringTest1000" />
    </UnitTest>
    <UnitTest name="FormatToStringTest1000 (15566.957545477411,15566.96 zł)" storage="c:\projekty\mstestproject\bin\debug\netcoreapp3.1\mstestproject.dll" id="9c5d55e1-1b0d-4e0b-9f59-ac271e339286">
      <TestCategory>
        <TestCategoryItem TestCategory="Category1000" />
      </TestCategory>
      <Execution id="505ad55c-e9bd-47b2-83ff-4bf2bdcdc0d5" />
      <TestMethod codeBase="C:\Projekty\MSTestProject\bin\Debug\netcoreapp3.1\MSTestProject.dll" adapterTypeName="executor://mstestadapter/v2" className="TwojeWesele.Services.Helpers.Tests.CurrencyHelperTests" name="FormatToStringTest1000" />
    </UnitTest>
    <UnitTest name="FormatToStringTest1000 (14867.726341984107,14867.73 zł)" storage="c:\projekty\mstestproject\bin\debug\netcoreapp3.1\mstestproject.dll" id="6e3024d9-69e1-4b24-8bf4-9374358d6178">
      <TestCategory>
        <TestCategoryItem TestCategory="Category1000" />
      </TestCategory>
      <Execution id="cbc3fdbf-d153-455d-8cf5-4b39588f90f1" />
      <TestMethod codeBase="C:\Projekty\MSTestProject\bin\Debug\netcoreapp3.1\MSTestProject.dll" adapterTypeName="executor://mstestadapter/v2" className="TwojeWesele.Services.Helpers.Tests.CurrencyHelperTests" name="FormatToStringTest1000" />
    </UnitTest>
    <UnitTest name="FormatToStringTest1000 (33251.41907856028,33251.42 zł)" storage="c:\projekty\mstestproject\bin\debug\netcoreapp3.1\mstestproject.dll" id="6c4bfcfb-c6e1-442c-8487-0a98369dc912">
      <TestCategory>
        <TestCategoryItem TestCategory="Category1000" />
      </TestCategory>
      <Execution id="d2b38bad-5129-4679-af29-16e0eb3d6fe8" />
      <TestMethod codeBase="C:\Projekty\MSTestProject\bin\Debug\netcoreapp3.1\MSTestProject.dll" adapterTypeName="executor://mstestadapter/v2" className="TwojeWesele.Services.Helpers.Tests.CurrencyHelperTests" name="FormatToStringTest1000" />
    </UnitTest>
    <UnitTest name="FormatToStringTest1000 (24768.25771770359,24768.26 zł)" storage="c:\projekty\mstestproject\bin\debug\netcoreapp3.1\mstestproject.dll" id="8d19f3ef-3440-4c91-8374-22037ae019da">
      <TestCategory>
        <TestCategoryItem TestCategory="Category1000" />
      </TestCategory>
      <Execution id="811509c7-f02e-4d85-9bd8-6670b2d81fcf" />
      <TestMethod codeBase="C:\Projekty\MSTestProject\bin\Debug\netcoreapp3.1\MSTestProject.dll" adapterTypeName="executor://mstestadapter/v2" className="TwojeWesele.Services.Helpers.Tests.CurrencyHelperTests" name="FormatToStringTest1000" />
    </UnitTest>
    <UnitTest name="FormatToStringTest1000 (7594.279030504766,7594.28 zł)" storage="c:\projekty\mstestproject\bin\debug\netcoreapp3.1\mstestproject.dll" id="2edb1636-fd51-49a9-8700-54934b83bdf7">
      <TestCategory>
        <TestCategoryItem TestCategory="Category1000" />
      </TestCategory>
      <Execution id="9561a6e5-cfec-4def-8c26-e8d62ed7c003" />
      <TestMethod codeBase="C:\Projekty\MSTestProject\bin\Debug\netcoreapp3.1\MSTestProject.dll" adapterTypeName="executor://mstestadapter/v2" className="TwojeWesele.Services.Helpers.Tests.CurrencyHelperTests" name="FormatToStringTest1000" />
    </UnitTest>
    <UnitTest name="FormatToStringTest1000 (55030.929183896136,55030.93 zł)" storage="c:\projekty\mstestproject\bin\debug\netcoreapp3.1\mstestproject.dll" id="38956293-497f-4c3b-ba4b-ce5585a9f758">
      <TestCategory>
        <TestCategoryItem TestCategory="Category1000" />
      </TestCategory>
      <Execution id="8294aaf4-3e58-44df-8527-77e4c802c64b" />
      <TestMethod codeBase="C:\Projekty\MSTestProject\bin\Debug\netcoreapp3.1\MSTestProject.dll" adapterTypeName="executor://mstestadapter/v2" className="TwojeWesele.Services.Helpers.Tests.CurrencyHelperTests" name="FormatToStringTest1000" />
    </UnitTest>
    <UnitTest name="FormatToStringTest1000 (5504.094303639184,5504.09 zł)" storage="c:\projekty\mstestproject\bin\debug\netcoreapp3.1\mstestproject.dll" id="94080885-8546-4be9-bee0-c60bd02e97f5">
      <TestCategory>
        <TestCategoryItem TestCategory="Category1000" />
      </TestCategory>
      <Execution id="28956423-ae3b-4627-814a-5f0630748f32" />
      <TestMethod codeBase="C:\Projekty\MSTestProject\bin\Debug\netcoreapp3.1\MSTestProject.dll" adapterTypeName="executor://mstestadapter/v2" className="TwojeWesele.Services.Helpers.Tests.CurrencyHelperTests" name="FormatToStringTest1000" />
    </UnitTest>
    <UnitTest name="FormatToStringTest1000 (24024.14691439557,24024.15 zł)" storage="c:\projekty\mstestproject\bin\debug\netcoreapp3.1\mstestproject.dll" id="8b23b835-1eb5-4f97-bd74-678ba3bd3ab7">
      <TestCategory>
        <TestCategoryItem TestCategory="Category1000" />
      </TestCategory>
      <Execution id="f5919486-57b7-4478-8348-e17e35d3d42b" />
      <TestMethod codeBase="C:\Projekty\MSTestProject\bin\Debug\netcoreapp3.1\MSTestProject.dll" adapterTypeName="executor://mstestadapter/v2" className="TwojeWesele.Services.Helpers.Tests.CurrencyHelperTests" name="FormatToStringTest1000" />
    </UnitTest>
    <UnitTest name="FormatToStringTest1000 (9750.134289915735,9750.13 zł)" storage="c:\projekty\mstestproject\bin\debug\netcoreapp3.1\mstestproject.dll" id="6cb93502-8bd3-4f75-a797-5fb37bc5a0a9">
      <TestCategory>
        <TestCategoryItem TestCategory="Category1000" />
      </TestCategory>
      <Execution id="8f8024c8-599e-4e86-bd97-10d614cb475f" />
      <TestMethod codeBase="C:\Projekty\MSTestProject\bin\Debug\netcoreapp3.1\MSTestProject.dll" adapterTypeName="executor://mstestadapter/v2" className="TwojeWesele.Services.Helpers.Tests.CurrencyHelperTests" name="FormatToStringTest1000" />
    </UnitTest>
    <UnitTest name="FormatToStringTest1000 (3588.260979617136,3588.26 zł)" storage="c:\projekty\mstestproject\bin\debug\netcoreapp3.1\mstestproject.dll" id="a6ff44e5-b9e0-4913-b943-6380c790359a">
      <TestCategory>
        <TestCategoryItem TestCategory="Category1000" />
      </TestCategory>
      <Execution id="4c55be96-38a9-45b0-9663-9d565d5a16e4" />
      <TestMethod codeBase="C:\Projekty\MSTestProject\bin\Debug\netcoreapp3.1\MSTestProject.dll" adapterTypeName="executor://mstestadapter/v2" className="TwojeWesele.Services.Helpers.Tests.CurrencyHelperTests" name="FormatToStringTest1000" />
    </UnitTest>
    <UnitTest name="FormatToStringTest1000 (38904.87092920806,38904.87 zł)" storage="c:\projekty\mstestproject\bin\debug\netcoreapp3.1\mstestproject.dll" id="4b695b74-1dd2-4681-9e12-eb382904c234">
      <TestCategory>
        <TestCategoryItem TestCategory="Category1000" />
      </TestCategory>
      <Execution id="4224ce3a-d558-497b-aa60-39927d6950b7" />
      <TestMethod codeBase="C:\Projekty\MSTestProject\bin\Debug\netcoreapp3.1\MSTestProject.dll" adapterTypeName="executor://mstestadapter/v2" className="TwojeWesele.Services.Helpers.Tests.CurrencyHelperTests" name="FormatToStringTest1000" />
    </UnitTest>
    <UnitTest name="FormatToStringTest1000 (30383.303633991305,30383.30 zł)" storage="c:\projekty\mstestproject\bin\debug\netcoreapp3.1\mstestproject.dll" id="64a62470-c9fc-4ea2-9939-a9cdd4563a41">
      <TestCategory>
        <TestCategoryItem TestCategory="Category1000" />
      </TestCategory>
      <Execution id="1c559a50-f136-4319-a000-0d523778ec15" />
      <TestMethod codeBase="C:\Projekty\MSTestProject\bin\Debug\netcoreapp3.1\MSTestProject.dll" adapterTypeName="executor://mstestadapter/v2" className="TwojeWesele.Services.Helpers.Tests.CurrencyHelperTests" name="FormatToStringTest1000" />
    </UnitTest>
    <UnitTest name="FormatToStringTest1000 (12370.243090209198,12370.24 zł)" storage="c:\projekty\mstestproject\bin\debug\netcoreapp3.1\mstestproject.dll" id="01f0fdc1-ee9d-4322-ad02-4a825d24104c">
      <TestCategory>
        <TestCategoryItem TestCategory="Category1000" />
      </TestCategory>
      <Execution id="b2e638bd-1fe7-41a1-b83a-8ec125d29d82" />
      <TestMethod codeBase="C:\Projekty\MSTestProject\bin\Debug\netcoreapp3.1\MSTestProject.dll" adapterTypeName="executor://mstestadapter/v2" className="TwojeWesele.Services.Helpers.Tests.CurrencyHelperTests" name="FormatToStringTest1000" />
    </UnitTest>
    <UnitTest name="FormatToStringTest1000 (12831.146874380833,12831.15 zł)" storage="c:\projekty\mstestproject\bin\debug\netcoreapp3.1\mstestproject.dll" id="b047e1f4-1094-4a81-b627-84fed2d916ed">
      <TestCategory>
        <TestCategoryItem TestCategory="Category1000" />
      </TestCategory>
      <Execution id="ff68e28a-1d35-4d7f-83b1-41cea49b10f9" />
      <TestMethod codeBase="C:\Projekty\MSTestProject\bin\Debug\netcoreapp3.1\MSTestProject.dll" adapterTypeName="executor://mstestadapter/v2" className="TwojeWesele.Services.Helpers.Tests.CurrencyHelperTests" name="FormatToStringTest1000" />
    </UnitTest>
    <UnitTest name="FormatToStringTest1000 (95071.15957335343,95071.16 zł)" storage="c:\projekty\mstestproject\bin\debug\netcoreapp3.1\mstestproject.dll" id="2940a866-e077-4e49-ac07-3cfd0477e579">
      <TestCategory>
        <TestCategoryItem TestCategory="Category1000" />
      </TestCategory>
      <Execution id="520e43fc-e396-4ae7-abc6-0febc595869b" />
      <TestMethod codeBase="C:\Projekty\MSTestProject\bin\Debug\netcoreapp3.1\MSTestProject.dll" adapterTypeName="executor://mstestadapter/v2" className="TwojeWesele.Services.Helpers.Tests.CurrencyHelperTests" name="FormatToStringTest1000" />
    </UnitTest>
    <UnitTest name="FormatToStringTest1000 (47431.868885526375,47431.87 zł)" storage="c:\projekty\mstestproject\bin\debug\netcoreapp3.1\mstestproject.dll" id="8f265e4b-decc-4788-a413-2d6c290609f0">
      <TestCategory>
        <TestCategoryItem TestCategory="Category1000" />
      </TestCategory>
      <Execution id="b69779fb-2638-4227-b2bb-60c3e3553184" />
      <TestMethod codeBase="C:\Projekty\MSTestProject\bin\Debug\netcoreapp3.1\MSTestProject.dll" adapterTypeName="executor://mstestadapter/v2" className="TwojeWesele.Services.Helpers.Tests.CurrencyHelperTests" name="FormatToStringTest1000" />
    </UnitTest>
    <UnitTest name="FormatToStringTest1000 (23662.291816162084,23662.29 zł)" storage="c:\projekty\mstestproject\bin\debug\netcoreapp3.1\mstestproject.dll" id="85c2a1f9-7720-4f67-a3dc-ce4c247d4136">
      <TestCategory>
        <TestCategoryItem TestCategory="Category1000" />
      </TestCategory>
      <Execution id="9b76fa0a-6b26-4225-9354-b08bfba91e46" />
      <TestMethod codeBase="C:\Projekty\MSTestProject\bin\Debug\netcoreapp3.1\MSTestProject.dll" adapterTypeName="executor://mstestadapter/v2" className="TwojeWesele.Services.Helpers.Tests.CurrencyHelperTests" name="FormatToStringTest1000" />
    </UnitTest>
    <UnitTest name="FormatToStringTest1000 (37954.34384365396,37954.34 zł)" storage="c:\projekty\mstestproject\bin\debug\netcoreapp3.1\mstestproject.dll" id="1be7d51f-95ed-45d2-91a8-078cb0bb7c9f">
      <TestCategory>
        <TestCategoryItem TestCategory="Category1000" />
      </TestCategory>
      <Execution id="c4431fdf-b55d-4bc7-97e9-18f958346930" />
      <TestMethod codeBase="C:\Projekty\MSTestProject\bin\Debug\netcoreapp3.1\MSTestProject.dll" adapterTypeName="executor://mstestadapter/v2" className="TwojeWesele.Services.Helpers.Tests.CurrencyHelperTests" name="FormatToStringTest1000" />
    </UnitTest>
    <UnitTest name="FormatToStringTest1000 (18208.8422650126,18208.84 zł)" storage="c:\projekty\mstestproject\bin\debug\netcoreapp3.1\mstestproject.dll" id="6cae2177-5789-4a36-a16e-87fdddd3e88b">
      <TestCategory>
        <TestCategoryItem TestCategory="Category1000" />
      </TestCategory>
      <Execution id="05220964-ec9a-4fc3-ba72-a4d212e52366" />
      <TestMethod codeBase="C:\Projekty\MSTestProject\bin\Debug\netcoreapp3.1\MSTestProject.dll" adapterTypeName="executor://mstestadapter/v2" className="TwojeWesele.Services.Helpers.Tests.CurrencyHelperTests" name="FormatToStringTest1000" />
    </UnitTest>
    <UnitTest name="FormatToStringTest1000 (23120.169499649743,23120.17 zł)" storage="c:\projekty\mstestproject\bin\debug\netcoreapp3.1\mstestproject.dll" id="a22b5809-7470-49f9-936b-93c7f6110c33">
      <TestCategory>
        <TestCategoryItem TestCategory="Category1000" />
      </TestCategory>
      <Execution id="cb92660a-dffd-40ff-a45c-6dee62c55eea" />
      <TestMethod codeBase="C:\Projekty\MSTestProject\bin\Debug\netcoreapp3.1\MSTestProject.dll" adapterTypeName="executor://mstestadapter/v2" className="TwojeWesele.Services.Helpers.Tests.CurrencyHelperTests" name="FormatToStringTest1000" />
    </UnitTest>
    <UnitTest name="FormatToStringTest1000 (9190.067404299076,9190.07 zł)" storage="c:\projekty\mstestproject\bin\debug\netcoreapp3.1\mstestproject.dll" id="5351801c-c443-4726-af0d-3712a22ced5a">
      <TestCategory>
        <TestCategoryItem TestCategory="Category1000" />
      </TestCategory>
      <Execution id="60dd608f-106a-4f2c-bc58-8236f59a98d4" />
      <TestMethod codeBase="C:\Projekty\MSTestProject\bin\Debug\netcoreapp3.1\MSTestProject.dll" adapterTypeName="executor://mstestadapter/v2" className="TwojeWesele.Services.Helpers.Tests.CurrencyHelperTests" name="FormatToStringTest1000" />
    </UnitTest>
    <UnitTest name="FormatToStringTest1000 (22281.48592587257,22281.49 zł)" storage="c:\projekty\mstestproject\bin\debug\netcoreapp3.1\mstestproject.dll" id="e0b61268-b21b-4e65-834e-65cf6c456c24">
      <TestCategory>
        <TestCategoryItem TestCategory="Category1000" />
      </TestCategory>
      <Execution id="b78b7c8c-6627-4b7c-87e7-b237ecdcf538" />
      <TestMethod codeBase="C:\Projekty\MSTestProject\bin\Debug\netcoreapp3.1\MSTestProject.dll" adapterTypeName="executor://mstestadapter/v2" className="TwojeWesele.Services.Helpers.Tests.CurrencyHelperTests" name="FormatToStringTest1000" />
    </UnitTest>
    <UnitTest name="FormatToStringTest1000 (70432.00656616595,70432.01 zł)" storage="c:\projekty\mstestproject\bin\debug\netcoreapp3.1\mstestproject.dll" id="bf7e60a7-d8f5-4e66-8632-422936dbed4c">
      <TestCategory>
        <TestCategoryItem TestCategory="Category1000" />
      </TestCategory>
      <Execution id="88558b0c-f607-4e9e-a181-734dc33b2d6c" />
      <TestMethod codeBase="C:\Projekty\MSTestProject\bin\Debug\netcoreapp3.1\MSTestProject.dll" adapterTypeName="executor://mstestadapter/v2" className="TwojeWesele.Services.Helpers.Tests.CurrencyHelperTests" name="FormatToStringTest1000" />
    </UnitTest>
    <UnitTest name="FormatToStringTest1000 (10914.360814625099,10914.36 zł)" storage="c:\projekty\mstestproject\bin\debug\netcoreapp3.1\mstestproject.dll" id="4e9afbd1-896a-41c4-b1a9-fedb7951ccdb">
      <TestCategory>
        <TestCategoryItem TestCategory="Category1000" />
      </TestCategory>
      <Execution id="a8fc7ee0-ce50-4e0c-97de-67060232fa4a" />
      <TestMethod codeBase="C:\Projekty\MSTestProject\bin\Debug\netcoreapp3.1\MSTestProject.dll" adapterTypeName="executor://mstestadapter/v2" className="TwojeWesele.Services.Helpers.Tests.CurrencyHelperTests" name="FormatToStringTest1000" />
    </UnitTest>
    <UnitTest name="FormatToStringTest1000 (36211.11038300866,36211.11 zł)" storage="c:\projekty\mstestproject\bin\debug\netcoreapp3.1\mstestproject.dll" id="0483e560-1840-4b10-8260-36cccceb773a">
      <TestCategory>
        <TestCategoryItem TestCategory="Category1000" />
      </TestCategory>
      <Execution id="cf1a7f72-6e48-409c-affd-1da425a2bb17" />
      <TestMethod codeBase="C:\Projekty\MSTestProject\bin\Debug\netcoreapp3.1\MSTestProject.dll" adapterTypeName="executor://mstestadapter/v2" className="TwojeWesele.Services.Helpers.Tests.CurrencyHelperTests" name="FormatToStringTest1000" />
    </UnitTest>
    <UnitTest name="FormatToStringTest1000 (69864.17463991146,69864.17 zł)" storage="c:\projekty\mstestproject\bin\debug\netcoreapp3.1\mstestproject.dll" id="e9944bc7-f42f-426f-8eeb-e63ed193a3dd">
      <TestCategory>
        <TestCategoryItem TestCategory="Category1000" />
      </TestCategory>
      <Execution id="730adc13-aaab-439e-a769-63eb961b8145" />
      <TestMethod codeBase="C:\Projekty\MSTestProject\bin\Debug\netcoreapp3.1\MSTestProject.dll" adapterTypeName="executor://mstestadapter/v2" className="TwojeWesele.Services.Helpers.Tests.CurrencyHelperTests" name="FormatToStringTest1000" />
    </UnitTest>
    <UnitTest name="FormatToStringTest1000 (16819.974312979717,16819.97 zł)" storage="c:\projekty\mstestproject\bin\debug\netcoreapp3.1\mstestproject.dll" id="67dfd0b1-2427-47dd-807a-3388398a906a">
      <TestCategory>
        <TestCategoryItem TestCategory="Category1000" />
      </TestCategory>
      <Execution id="4892ab0d-ed5d-46b5-b194-3bf86d2c06d4" />
      <TestMethod codeBase="C:\Projekty\MSTestProject\bin\Debug\netcoreapp3.1\MSTestProject.dll" adapterTypeName="executor://mstestadapter/v2" className="TwojeWesele.Services.Helpers.Tests.CurrencyHelperTests" name="FormatToStringTest1000" />
    </UnitTest>
    <UnitTest name="FormatToStringTest1000 (11100.829211263372,11100.83 zł)" storage="c:\projekty\mstestproject\bin\debug\netcoreapp3.1\mstestproject.dll" id="e4a247d0-9d2c-4ab2-bcdc-2f21c7a896c5">
      <TestCategory>
        <TestCategoryItem TestCategory="Category1000" />
      </TestCategory>
      <Execution id="239712bc-e137-443d-a3e0-2f75d1ff2aa6" />
      <TestMethod codeBase="C:\Projekty\MSTestProject\bin\Debug\netcoreapp3.1\MSTestProject.dll" adapterTypeName="executor://mstestadapter/v2" className="TwojeWesele.Services.Helpers.Tests.CurrencyHelperTests" name="FormatToStringTest1000" />
    </UnitTest>
    <UnitTest name="FormatToStringTest1000 (2216.881526520886,2216.88 zł)" storage="c:\projekty\mstestproject\bin\debug\netcoreapp3.1\mstestproject.dll" id="8be743d5-987d-4735-8c92-24b2a4a6209e">
      <TestCategory>
        <TestCategoryItem TestCategory="Category1000" />
      </TestCategory>
      <Execution id="84320259-e101-4360-b2ef-41bac5921aee" />
      <TestMethod codeBase="C:\Projekty\MSTestProject\bin\Debug\netcoreapp3.1\MSTestProject.dll" adapterTypeName="executor://mstestadapter/v2" className="TwojeWesele.Services.Helpers.Tests.CurrencyHelperTests" name="FormatToStringTest1000" />
    </UnitTest>
    <UnitTest name="FormatToStringTest1000 (49416.285282306504,49416.29 zł)" storage="c:\projekty\mstestproject\bin\debug\netcoreapp3.1\mstestproject.dll" id="a9efb932-c093-448e-be62-144e09736bd8">
      <TestCategory>
        <TestCategoryItem TestCategory="Category1000" />
      </TestCategory>
      <Execution id="93ccc512-3e2e-4276-ac0d-4b81d9ca6ae1" />
      <TestMethod codeBase="C:\Projekty\MSTestProject\bin\Debug\netcoreapp3.1\MSTestProject.dll" adapterTypeName="executor://mstestadapter/v2" className="TwojeWesele.Services.Helpers.Tests.CurrencyHelperTests" name="FormatToStringTest1000" />
    </UnitTest>
    <UnitTest name="FormatToStringTest1000 (30499.08272379734,30499.08 zł)" storage="c:\projekty\mstestproject\bin\debug\netcoreapp3.1\mstestproject.dll" id="7d4d9f8e-edd4-4c18-a233-e88592ffdd4b">
      <TestCategory>
        <TestCategoryItem TestCategory="Category1000" />
      </TestCategory>
      <Execution id="2d4fdb3d-362d-42cc-8dfa-b7ce4b83e5b8" />
      <TestMethod codeBase="C:\Projekty\MSTestProject\bin\Debug\netcoreapp3.1\MSTestProject.dll" adapterTypeName="executor://mstestadapter/v2" className="TwojeWesele.Services.Helpers.Tests.CurrencyHelperTests" name="FormatToStringTest1000" />
    </UnitTest>
    <UnitTest name="FormatToStringTest1000 (61633.2671179945,61633.27 zł)" storage="c:\projekty\mstestproject\bin\debug\netcoreapp3.1\mstestproject.dll" id="84083d69-e42e-4427-8274-3f2313c5be4c">
      <TestCategory>
        <TestCategoryItem TestCategory="Category1000" />
      </TestCategory>
      <Execution id="8626e02d-0b7b-4b35-9360-99356b27dc88" />
      <TestMethod codeBase="C:\Projekty\MSTestProject\bin\Debug\netcoreapp3.1\MSTestProject.dll" adapterTypeName="executor://mstestadapter/v2" className="TwojeWesele.Services.Helpers.Tests.CurrencyHelperTests" name="FormatToStringTest1000" />
    </UnitTest>
    <UnitTest name="FormatToStringTest1000 (591.2110872302256,591.21 zł)" storage="c:\projekty\mstestproject\bin\debug\netcoreapp3.1\mstestproject.dll" id="e2e41e21-8916-48d9-8e46-b0230251e61f">
      <TestCategory>
        <TestCategoryItem TestCategory="Category1000" />
      </TestCategory>
      <Execution id="2fb0bacb-c8d6-4dd1-ba6b-2d4822f103bd" />
      <TestMethod codeBase="C:\Projekty\MSTestProject\bin\Debug\netcoreapp3.1\MSTestProject.dll" adapterTypeName="executor://mstestadapter/v2" className="TwojeWesele.Services.Helpers.Tests.CurrencyHelperTests" name="FormatToStringTest1000" />
    </UnitTest>
    <UnitTest name="FormatToStringTest1000 (3270.286035661719,3270.29 zł)" storage="c:\projekty\mstestproject\bin\debug\netcoreapp3.1\mstestproject.dll" id="ec541dbf-69d6-4aa0-b3f3-f921a58c9110">
      <TestCategory>
        <TestCategoryItem TestCategory="Category1000" />
      </TestCategory>
      <Execution id="d871d80b-1f2f-4664-bb46-192d1348c286" />
      <TestMethod codeBase="C:\Projekty\MSTestProject\bin\Debug\netcoreapp3.1\MSTestProject.dll" adapterTypeName="executor://mstestadapter/v2" className="TwojeWesele.Services.Helpers.Tests.CurrencyHelperTests" name="FormatToStringTest1000" />
    </UnitTest>
    <UnitTest name="FormatToStringTest1000 (34145.534199603615,34145.53 zł)" storage="c:\projekty\mstestproject\bin\debug\netcoreapp3.1\mstestproject.dll" id="53b28ae5-ae87-4b48-b07f-21e3accccae5">
      <TestCategory>
        <TestCategoryItem TestCategory="Category1000" />
      </TestCategory>
      <Execution id="b341a92e-773f-4da6-9b97-5859fded759f" />
      <TestMethod codeBase="C:\Projekty\MSTestProject\bin\Debug\netcoreapp3.1\MSTestProject.dll" adapterTypeName="executor://mstestadapter/v2" className="TwojeWesele.Services.Helpers.Tests.CurrencyHelperTests" name="FormatToStringTest1000" />
    </UnitTest>
    <UnitTest name="FormatToStringTest1000 (96022.24851977557,96022.25 zł)" storage="c:\projekty\mstestproject\bin\debug\netcoreapp3.1\mstestproject.dll" id="08d94a94-c8c3-4a98-9031-a38452cc1344">
      <TestCategory>
        <TestCategoryItem TestCategory="Category1000" />
      </TestCategory>
      <Execution id="92fa6817-31b6-4771-b022-0629325480d5" />
      <TestMethod codeBase="C:\Projekty\MSTestProject\bin\Debug\netcoreapp3.1\MSTestProject.dll" adapterTypeName="executor://mstestadapter/v2" className="TwojeWesele.Services.Helpers.Tests.CurrencyHelperTests" name="FormatToStringTest1000" />
    </UnitTest>
    <UnitTest name="FormatToStringTest1000 (6146.91236741278,6146.91 zł)" storage="c:\projekty\mstestproject\bin\debug\netcoreapp3.1\mstestproject.dll" id="878cff69-65e0-45ac-a0e9-8a37b8b2a009">
      <TestCategory>
        <TestCategoryItem TestCategory="Category1000" />
      </TestCategory>
      <Execution id="2a3c6417-bc3f-485f-953a-7a240404d13f" />
      <TestMethod codeBase="C:\Projekty\MSTestProject\bin\Debug\netcoreapp3.1\MSTestProject.dll" adapterTypeName="executor://mstestadapter/v2" className="TwojeWesele.Services.Helpers.Tests.CurrencyHelperTests" name="FormatToStringTest1000" />
    </UnitTest>
    <UnitTest name="FormatToStringTest1000 (15669.698889610218,15669.70 zł)" storage="c:\projekty\mstestproject\bin\debug\netcoreapp3.1\mstestproject.dll" id="249f9604-ca5c-4444-b79a-3dafa7b07547">
      <TestCategory>
        <TestCategoryItem TestCategory="Category1000" />
      </TestCategory>
      <Execution id="270b98a2-6397-442f-ab8d-4c678dc18895" />
      <TestMethod codeBase="C:\Projekty\MSTestProject\bin\Debug\netcoreapp3.1\MSTestProject.dll" adapterTypeName="executor://mstestadapter/v2" className="TwojeWesele.Services.Helpers.Tests.CurrencyHelperTests" name="FormatToStringTest1000" />
    </UnitTest>
    <UnitTest name="FormatToStringTest1000 (30020.248557890412,30020.25 zł)" storage="c:\projekty\mstestproject\bin\debug\netcoreapp3.1\mstestproject.dll" id="b1dfbfd9-8389-41c3-91af-f1b885d71e04">
      <TestCategory>
        <TestCategoryItem TestCategory="Category1000" />
      </TestCategory>
      <Execution id="4585cf6a-71e4-4c73-907e-b828c2495037" />
      <TestMethod codeBase="C:\Projekty\MSTestProject\bin\Debug\netcoreapp3.1\MSTestProject.dll" adapterTypeName="executor://mstestadapter/v2" className="TwojeWesele.Services.Helpers.Tests.CurrencyHelperTests" name="FormatToStringTest1000" />
    </UnitTest>
    <UnitTest name="FormatToStringTest1000 (11904.111251175456,11904.11 zł)" storage="c:\projekty\mstestproject\bin\debug\netcoreapp3.1\mstestproject.dll" id="e67decdd-ccb2-4f5f-a91f-532366ab0712">
      <TestCategory>
        <TestCategoryItem TestCategory="Category1000" />
      </TestCategory>
      <Execution id="0d6f2b08-7c0b-4af2-8cd0-60a16379a6d1" />
      <TestMethod codeBase="C:\Projekty\MSTestProject\bin\Debug\netcoreapp3.1\MSTestProject.dll" adapterTypeName="executor://mstestadapter/v2" className="TwojeWesele.Services.Helpers.Tests.CurrencyHelperTests" name="FormatToStringTest1000" />
    </UnitTest>
    <UnitTest name="FormatToStringTest1000 (25794.833624416417,25794.83 zł)" storage="c:\projekty\mstestproject\bin\debug\netcoreapp3.1\mstestproject.dll" id="e48e6e41-a068-4631-aa3f-d8aad859d868">
      <TestCategory>
        <TestCategoryItem TestCategory="Category1000" />
      </TestCategory>
      <Execution id="b1928255-9494-477c-8edc-4a2f1e78e5a5" />
      <TestMethod codeBase="C:\Projekty\MSTestProject\bin\Debug\netcoreapp3.1\MSTestProject.dll" adapterTypeName="executor://mstestadapter/v2" className="TwojeWesele.Services.Helpers.Tests.CurrencyHelperTests" name="FormatToStringTest1000" />
    </UnitTest>
    <UnitTest name="FormatToStringTest1000 (19500.031951036784,19500.03 zł)" storage="c:\projekty\mstestproject\bin\debug\netcoreapp3.1\mstestproject.dll" id="f4c1c0cd-7711-43a5-9be8-a01ac0d84e14">
      <TestCategory>
        <TestCategoryItem TestCategory="Category1000" />
      </TestCategory>
      <Execution id="b22eb388-bbf2-47d8-9478-1de2da1578c5" />
      <TestMethod codeBase="C:\Projekty\MSTestProject\bin\Debug\netcoreapp3.1\MSTestProject.dll" adapterTypeName="executor://mstestadapter/v2" className="TwojeWesele.Services.Helpers.Tests.CurrencyHelperTests" name="FormatToStringTest1000" />
    </UnitTest>
    <UnitTest name="FormatToStringTest1000 (24476.442216712254,24476.44 zł)" storage="c:\projekty\mstestproject\bin\debug\netcoreapp3.1\mstestproject.dll" id="9b6b157a-82e8-4d3a-b55d-852148382307">
      <TestCategory>
        <TestCategoryItem TestCategory="Category1000" />
      </TestCategory>
      <Execution id="44f37121-84b9-42f1-a298-d9cf30b21ce5" />
      <TestMethod codeBase="C:\Projekty\MSTestProject\bin\Debug\netcoreapp3.1\MSTestProject.dll" adapterTypeName="executor://mstestadapter/v2" className="TwojeWesele.Services.Helpers.Tests.CurrencyHelperTests" name="FormatToStringTest1000" />
    </UnitTest>
    <UnitTest name="FormatToStringTest1000 (1821.7083499085663,1821.71 zł)" storage="c:\projekty\mstestproject\bin\debug\netcoreapp3.1\mstestproject.dll" id="3fd5757d-3e64-4986-9718-b0aeeca686e0">
      <TestCategory>
        <TestCategoryItem TestCategory="Category1000" />
      </TestCategory>
      <Execution id="c8ad2adb-2134-410d-a1bf-7da51d725820" />
      <TestMethod codeBase="C:\Projekty\MSTestProject\bin\Debug\netcoreapp3.1\MSTestProject.dll" adapterTypeName="executor://mstestadapter/v2" className="TwojeWesele.Services.Helpers.Tests.CurrencyHelperTests" name="FormatToStringTest1000" />
    </UnitTest>
    <UnitTest name="FormatToStringTest1000 (33970.38965150639,33970.39 zł)" storage="c:\projekty\mstestproject\bin\debug\netcoreapp3.1\mstestproject.dll" id="1ec6c5fe-27b6-429e-b0c5-64b5d95ea8b7">
      <TestCategory>
        <TestCategoryItem TestCategory="Category1000" />
      </TestCategory>
      <Execution id="e3e995c7-d3e2-47ad-96b5-5af4b5eda8ef" />
      <TestMethod codeBase="C:\Projekty\MSTestProject\bin\Debug\netcoreapp3.1\MSTestProject.dll" adapterTypeName="executor://mstestadapter/v2" className="TwojeWesele.Services.Helpers.Tests.CurrencyHelperTests" name="FormatToStringTest1000" />
    </UnitTest>
    <UnitTest name="FormatToStringTest1000 (14003.84591249742,14003.85 zł)" storage="c:\projekty\mstestproject\bin\debug\netcoreapp3.1\mstestproject.dll" id="f65de65c-afad-4814-be39-3582991a04e4">
      <TestCategory>
        <TestCategoryItem TestCategory="Category1000" />
      </TestCategory>
      <Execution id="043cb74e-0a78-4798-bfcd-087506fc3e15" />
      <TestMethod codeBase="C:\Projekty\MSTestProject\bin\Debug\netcoreapp3.1\MSTestProject.dll" adapterTypeName="executor://mstestadapter/v2" className="TwojeWesele.Services.Helpers.Tests.CurrencyHelperTests" name="FormatToStringTest1000" />
    </UnitTest>
    <UnitTest name="FormatToStringTest1000 (7396.940188290057,7396.94 zł)" storage="c:\projekty\mstestproject\bin\debug\netcoreapp3.1\mstestproject.dll" id="f481dc06-e025-4785-b008-982bb4555507">
      <TestCategory>
        <TestCategoryItem TestCategory="Category1000" />
      </TestCategory>
      <Execution id="567a5344-8910-4f29-a991-350c5aa9ee12" />
      <TestMethod codeBase="C:\Projekty\MSTestProject\bin\Debug\netcoreapp3.1\MSTestProject.dll" adapterTypeName="executor://mstestadapter/v2" className="TwojeWesele.Services.Helpers.Tests.CurrencyHelperTests" name="FormatToStringTest1000" />
    </UnitTest>
    <UnitTest name="FormatToStringTest1000 (159.83786031922224,159.84 zł)" storage="c:\projekty\mstestproject\bin\debug\netcoreapp3.1\mstestproject.dll" id="059db56e-77fa-4a43-953a-0d8b1f39a68c">
      <TestCategory>
        <TestCategoryItem TestCategory="Category1000" />
      </TestCategory>
      <Execution id="b7d48c44-3432-406c-b915-651db41f44ab" />
      <TestMethod codeBase="C:\Projekty\MSTestProject\bin\Debug\netcoreapp3.1\MSTestProject.dll" adapterTypeName="executor://mstestadapter/v2" className="TwojeWesele.Services.Helpers.Tests.CurrencyHelperTests" name="FormatToStringTest1000" />
    </UnitTest>
    <UnitTest name="FormatToStringTest1000 (65947.64520381515,65947.65 zł)" storage="c:\projekty\mstestproject\bin\debug\netcoreapp3.1\mstestproject.dll" id="920ec1be-57c5-4f9d-a92b-1eac4cb315ee">
      <TestCategory>
        <TestCategoryItem TestCategory="Category1000" />
      </TestCategory>
      <Execution id="76140e14-f2d5-45d6-918e-9415f35b9939" />
      <TestMethod codeBase="C:\Projekty\MSTestProject\bin\Debug\netcoreapp3.1\MSTestProject.dll" adapterTypeName="executor://mstestadapter/v2" className="TwojeWesele.Services.Helpers.Tests.CurrencyHelperTests" name="FormatToStringTest1000" />
    </UnitTest>
    <UnitTest name="FormatToStringTest1000 (19189.813662191766,19189.81 zł)" storage="c:\projekty\mstestproject\bin\debug\netcoreapp3.1\mstestproject.dll" id="6512c4f8-1e32-4d2d-a44f-5cf93b7cddbf">
      <TestCategory>
        <TestCategoryItem TestCategory="Category1000" />
      </TestCategory>
      <Execution id="1995ac51-7280-4973-b9cc-d274912aea9b" />
      <TestMethod codeBase="C:\Projekty\MSTestProject\bin\Debug\netcoreapp3.1\MSTestProject.dll" adapterTypeName="executor://mstestadapter/v2" className="TwojeWesele.Services.Helpers.Tests.CurrencyHelperTests" name="FormatToStringTest1000" />
    </UnitTest>
    <UnitTest name="FormatToStringTest1000 (50585.83664522778,50585.84 zł)" storage="c:\projekty\mstestproject\bin\debug\netcoreapp3.1\mstestproject.dll" id="fea3c0b9-2a6d-4cb8-8dbf-649c2cb8249e">
      <TestCategory>
        <TestCategoryItem TestCategory="Category1000" />
      </TestCategory>
      <Execution id="9e6b1ca0-e778-4c2b-81c6-8cd64df591f9" />
      <TestMethod codeBase="C:\Projekty\MSTestProject\bin\Debug\netcoreapp3.1\MSTestProject.dll" adapterTypeName="executor://mstestadapter/v2" className="TwojeWesele.Services.Helpers.Tests.CurrencyHelperTests" name="FormatToStringTest1000" />
    </UnitTest>
    <UnitTest name="FormatToStringTest1000 (14172.682747822573,14172.68 zł)" storage="c:\projekty\mstestproject\bin\debug\netcoreapp3.1\mstestproject.dll" id="f6b2bbe7-c38a-4382-88ff-4482d2dbac8a">
      <TestCategory>
        <TestCategoryItem TestCategory="Category1000" />
      </TestCategory>
      <Execution id="1cb77e8c-176f-4c94-b31a-7dd6c6b0ca60" />
      <TestMethod codeBase="C:\Projekty\MSTestProject\bin\Debug\netcoreapp3.1\MSTestProject.dll" adapterTypeName="executor://mstestadapter/v2" className="TwojeWesele.Services.Helpers.Tests.CurrencyHelperTests" name="FormatToStringTest1000" />
    </UnitTest>
    <UnitTest name="FormatToStringTest1000 (15861.139287455073,15861.14 zł)" storage="c:\projekty\mstestproject\bin\debug\netcoreapp3.1\mstestproject.dll" id="3bf0d1e1-1fff-490d-9200-f62fcdc2a2dc">
      <TestCategory>
        <TestCategoryItem TestCategory="Category1000" />
      </TestCategory>
      <Execution id="6e414e57-9457-4cb0-a3ea-aeb712e535a6" />
      <TestMethod codeBase="C:\Projekty\MSTestProject\bin\Debug\netcoreapp3.1\MSTestProject.dll" adapterTypeName="executor://mstestadapter/v2" className="TwojeWesele.Services.Helpers.Tests.CurrencyHelperTests" name="FormatToStringTest1000" />
    </UnitTest>
    <UnitTest name="FormatToStringTest1000 (31315.40354898544,31315.40 zł)" storage="c:\projekty\mstestproject\bin\debug\netcoreapp3.1\mstestproject.dll" id="9cbceeb4-2796-4fa3-bc90-a33d9166a429">
      <TestCategory>
        <TestCategoryItem TestCategory="Category1000" />
      </TestCategory>
      <Execution id="259e6b97-f2d0-4aec-8f4f-c19bd7dff483" />
      <TestMethod codeBase="C:\Projekty\MSTestProject\bin\Debug\netcoreapp3.1\MSTestProject.dll" adapterTypeName="executor://mstestadapter/v2" className="TwojeWesele.Services.Helpers.Tests.CurrencyHelperTests" name="FormatToStringTest1000" />
    </UnitTest>
    <UnitTest name="FormatToStringTest1000 (67230.86250807665,67230.86 zł)" storage="c:\projekty\mstestproject\bin\debug\netcoreapp3.1\mstestproject.dll" id="a616a446-2569-4c3f-99c9-89e43c04ef9f">
      <TestCategory>
        <TestCategoryItem TestCategory="Category1000" />
      </TestCategory>
      <Execution id="1fd20931-1849-43dd-ad9d-082aa707a4f8" />
      <TestMethod codeBase="C:\Projekty\MSTestProject\bin\Debug\netcoreapp3.1\MSTestProject.dll" adapterTypeName="executor://mstestadapter/v2" className="TwojeWesele.Services.Helpers.Tests.CurrencyHelperTests" name="FormatToStringTest1000" />
    </UnitTest>
    <UnitTest name="FormatToStringTest1000 (28583.827618148098,28583.83 zł)" storage="c:\projekty\mstestproject\bin\debug\netcoreapp3.1\mstestproject.dll" id="40c82c2c-f733-42d8-8e6c-ccacc2ba8d6f">
      <TestCategory>
        <TestCategoryItem TestCategory="Category1000" />
      </TestCategory>
      <Execution id="adba0007-8dbf-408b-8140-8408be4abaf8" />
      <TestMethod codeBase="C:\Projekty\MSTestProject\bin\Debug\netcoreapp3.1\MSTestProject.dll" adapterTypeName="executor://mstestadapter/v2" className="TwojeWesele.Services.Helpers.Tests.CurrencyHelperTests" name="FormatToStringTest1000" />
    </UnitTest>
    <UnitTest name="FormatToStringTest1000 (9994.9471861026,9994.95 zł)" storage="c:\projekty\mstestproject\bin\debug\netcoreapp3.1\mstestproject.dll" id="853541d3-871a-4194-8faa-cb10f7cfaac2">
      <TestCategory>
        <TestCategoryItem TestCategory="Category1000" />
      </TestCategory>
      <Execution id="98649604-3944-40ef-8a48-05d5d1e5b344" />
      <TestMethod codeBase="C:\Projekty\MSTestProject\bin\Debug\netcoreapp3.1\MSTestProject.dll" adapterTypeName="executor://mstestadapter/v2" className="TwojeWesele.Services.Helpers.Tests.CurrencyHelperTests" name="FormatToStringTest1000" />
    </UnitTest>
    <UnitTest name="FormatToStringTest1000 (60701.5177499319,60701.52 zł)" storage="c:\projekty\mstestproject\bin\debug\netcoreapp3.1\mstestproject.dll" id="b63e74e4-6d18-4a4e-9302-c4aecb1dd531">
      <TestCategory>
        <TestCategoryItem TestCategory="Category1000" />
      </TestCategory>
      <Execution id="f895155a-3855-4508-92ce-cecc19ec963a" />
      <TestMethod codeBase="C:\Projekty\MSTestProject\bin\Debug\netcoreapp3.1\MSTestProject.dll" adapterTypeName="executor://mstestadapter/v2" className="TwojeWesele.Services.Helpers.Tests.CurrencyHelperTests" name="FormatToStringTest1000" />
    </UnitTest>
    <UnitTest name="FormatToStringTest1000 (14719.97001409762,14719.97 zł)" storage="c:\projekty\mstestproject\bin\debug\netcoreapp3.1\mstestproject.dll" id="c06e2261-b3b2-4faa-ba6a-a77042d16202">
      <TestCategory>
        <TestCategoryItem TestCategory="Category1000" />
      </TestCategory>
      <Execution id="1c527a64-559a-4e6e-bb84-206b1b14f153" />
      <TestMethod codeBase="C:\Projekty\MSTestProject\bin\Debug\netcoreapp3.1\MSTestProject.dll" adapterTypeName="executor://mstestadapter/v2" className="TwojeWesele.Services.Helpers.Tests.CurrencyHelperTests" name="FormatToStringTest1000" />
    </UnitTest>
    <UnitTest name="FormatToStringTest1000 (18627.604896394354,18627.60 zł)" storage="c:\projekty\mstestproject\bin\debug\netcoreapp3.1\mstestproject.dll" id="909890b7-e2f9-4e72-8443-37cd67909ea8">
      <TestCategory>
        <TestCategoryItem TestCategory="Category1000" />
      </TestCategory>
      <Execution id="616aadf1-d564-49cb-b439-1262a8cb51d8" />
      <TestMethod codeBase="C:\Projekty\MSTestProject\bin\Debug\netcoreapp3.1\MSTestProject.dll" adapterTypeName="executor://mstestadapter/v2" className="TwojeWesele.Services.Helpers.Tests.CurrencyHelperTests" name="FormatToStringTest1000" />
    </UnitTest>
    <UnitTest name="FormatToStringTest1000 (270.1894008262033,270.19 zł)" storage="c:\projekty\mstestproject\bin\debug\netcoreapp3.1\mstestproject.dll" id="1bfa402d-f8e4-4331-839a-3791a4624fb0">
      <TestCategory>
        <TestCategoryItem TestCategory="Category1000" />
      </TestCategory>
      <Execution id="b93bdfaa-a8d7-4705-829e-46ed315a1fc0" />
      <TestMethod codeBase="C:\Projekty\MSTestProject\bin\Debug\netcoreapp3.1\MSTestProject.dll" adapterTypeName="executor://mstestadapter/v2" className="TwojeWesele.Services.Helpers.Tests.CurrencyHelperTests" name="FormatToStringTest1000" />
    </UnitTest>
    <UnitTest name="FormatToStringTest1000 (4555.538255205163,4555.54 zł)" storage="c:\projekty\mstestproject\bin\debug\netcoreapp3.1\mstestproject.dll" id="56ce61ec-5b32-4871-addd-31df56e9bbf2">
      <TestCategory>
        <TestCategoryItem TestCategory="Category1000" />
      </TestCategory>
      <Execution id="80cb25c8-d5b0-4c44-92f4-90575281bcba" />
      <TestMethod codeBase="C:\Projekty\MSTestProject\bin\Debug\netcoreapp3.1\MSTestProject.dll" adapterTypeName="executor://mstestadapter/v2" className="TwojeWesele.Services.Helpers.Tests.CurrencyHelperTests" name="FormatToStringTest1000" />
    </UnitTest>
    <UnitTest name="FormatToStringTest1000 (89093.57120939044,89093.57 zł)" storage="c:\projekty\mstestproject\bin\debug\netcoreapp3.1\mstestproject.dll" id="00a3ddcc-e444-46a7-a210-9dddd7fb365e">
      <TestCategory>
        <TestCategoryItem TestCategory="Category1000" />
      </TestCategory>
      <Execution id="b06623c8-e7d6-48c3-8814-54ea5ba8da40" />
      <TestMethod codeBase="C:\Projekty\MSTestProject\bin\Debug\netcoreapp3.1\MSTestProject.dll" adapterTypeName="executor://mstestadapter/v2" className="TwojeWesele.Services.Helpers.Tests.CurrencyHelperTests" name="FormatToStringTest1000" />
    </UnitTest>
    <UnitTest name="FormatToStringTest1000 (20068.867046961965,20068.87 zł)" storage="c:\projekty\mstestproject\bin\debug\netcoreapp3.1\mstestproject.dll" id="8f777e45-c2c5-4412-b502-fdd180c8d106">
      <TestCategory>
        <TestCategoryItem TestCategory="Category1000" />
      </TestCategory>
      <Execution id="45a83beb-3cdd-44c5-8c0f-8156a60beb90" />
      <TestMethod codeBase="C:\Projekty\MSTestProject\bin\Debug\netcoreapp3.1\MSTestProject.dll" adapterTypeName="executor://mstestadapter/v2" className="TwojeWesele.Services.Helpers.Tests.CurrencyHelperTests" name="FormatToStringTest1000" />
    </UnitTest>
    <UnitTest name="FormatToStringTest1000 (2166.4103293970275,2166.41 zł)" storage="c:\projekty\mstestproject\bin\debug\netcoreapp3.1\mstestproject.dll" id="59f48579-9c7f-46f5-a0d0-7b04ce73c1ba">
      <TestCategory>
        <TestCategoryItem TestCategory="Category1000" />
      </TestCategory>
      <Execution id="e42c7d07-1f24-49d4-b5fc-bd14bb8bc6de" />
      <TestMethod codeBase="C:\Projekty\MSTestProject\bin\Debug\netcoreapp3.1\MSTestProject.dll" adapterTypeName="executor://mstestadapter/v2" className="TwojeWesele.Services.Helpers.Tests.CurrencyHelperTests" name="FormatToStringTest1000" />
    </UnitTest>
    <UnitTest name="FormatToStringTest1000 (13046.352146307172,13046.35 zł)" storage="c:\projekty\mstestproject\bin\debug\netcoreapp3.1\mstestproject.dll" id="d4d11be2-333d-4c06-9cd3-c5b1031e60f3">
      <TestCategory>
        <TestCategoryItem TestCategory="Category1000" />
      </TestCategory>
      <Execution id="548fd2ef-5fe9-4942-9090-8c558857325a" />
      <TestMethod codeBase="C:\Projekty\MSTestProject\bin\Debug\netcoreapp3.1\MSTestProject.dll" adapterTypeName="executor://mstestadapter/v2" className="TwojeWesele.Services.Helpers.Tests.CurrencyHelperTests" name="FormatToStringTest1000" />
    </UnitTest>
    <UnitTest name="FormatToStringTest1000 (12429.698213906819,12429.70 zł)" storage="c:\projekty\mstestproject\bin\debug\netcoreapp3.1\mstestproject.dll" id="a8d8a061-ca1c-452c-87e4-4a6316d6af49">
      <TestCategory>
        <TestCategoryItem TestCategory="Category1000" />
      </TestCategory>
      <Execution id="2f75d73a-7007-4a87-9d49-1a38f3004efa" />
      <TestMethod codeBase="C:\Projekty\MSTestProject\bin\Debug\netcoreapp3.1\MSTestProject.dll" adapterTypeName="executor://mstestadapter/v2" className="TwojeWesele.Services.Helpers.Tests.CurrencyHelperTests" name="FormatToStringTest1000" />
    </UnitTest>
    <UnitTest name="FormatToStringTest1000 (42383.08993972982,42383.09 zł)" storage="c:\projekty\mstestproject\bin\debug\netcoreapp3.1\mstestproject.dll" id="5cd22126-8043-4f67-8d9a-9641767a87e8">
      <TestCategory>
        <TestCategoryItem TestCategory="Category1000" />
      </TestCategory>
      <Execution id="dd41beaf-5ded-44c4-95e9-90dd725084bf" />
      <TestMethod codeBase="C:\Projekty\MSTestProject\bin\Debug\netcoreapp3.1\MSTestProject.dll" adapterTypeName="executor://mstestadapter/v2" className="TwojeWesele.Services.Helpers.Tests.CurrencyHelperTests" name="FormatToStringTest1000" />
    </UnitTest>
    <UnitTest name="FormatToStringTest1000 (20146.183073329827,20146.18 zł)" storage="c:\projekty\mstestproject\bin\debug\netcoreapp3.1\mstestproject.dll" id="d430d581-79d0-4d35-93ae-b07b2513fde1">
      <TestCategory>
        <TestCategoryItem TestCategory="Category1000" />
      </TestCategory>
      <Execution id="9e93c416-4fab-4036-8348-3dbd88c3b517" />
      <TestMethod codeBase="C:\Projekty\MSTestProject\bin\Debug\netcoreapp3.1\MSTestProject.dll" adapterTypeName="executor://mstestadapter/v2" className="TwojeWesele.Services.Helpers.Tests.CurrencyHelperTests" name="FormatToStringTest1000" />
    </UnitTest>
    <UnitTest name="FormatToStringTest1000 (49256.47455728635,49256.47 zł)" storage="c:\projekty\mstestproject\bin\debug\netcoreapp3.1\mstestproject.dll" id="e9ad088d-2e4e-407f-88c9-fc82c8a7e082">
      <TestCategory>
        <TestCategoryItem TestCategory="Category1000" />
      </TestCategory>
      <Execution id="186afe05-c61e-4723-832a-14a075285fcd" />
      <TestMethod codeBase="C:\Projekty\MSTestProject\bin\Debug\netcoreapp3.1\MSTestProject.dll" adapterTypeName="executor://mstestadapter/v2" className="TwojeWesele.Services.Helpers.Tests.CurrencyHelperTests" name="FormatToStringTest1000" />
    </UnitTest>
    <UnitTest name="FormatToStringTest1000 (48428.38681602682,48428.39 zł)" storage="c:\projekty\mstestproject\bin\debug\netcoreapp3.1\mstestproject.dll" id="2eaf0c97-7c50-4d1e-a3f1-99264c3079a8">
      <TestCategory>
        <TestCategoryItem TestCategory="Category1000" />
      </TestCategory>
      <Execution id="bacb6b72-a0c4-426d-8bb7-a787313c2524" />
      <TestMethod codeBase="C:\Projekty\MSTestProject\bin\Debug\netcoreapp3.1\MSTestProject.dll" adapterTypeName="executor://mstestadapter/v2" className="TwojeWesele.Services.Helpers.Tests.CurrencyHelperTests" name="FormatToStringTest1000" />
    </UnitTest>
    <UnitTest name="FormatToStringTest1000 (29917.15005391145,29917.15 zł)" storage="c:\projekty\mstestproject\bin\debug\netcoreapp3.1\mstestproject.dll" id="a7c601c9-0d67-4706-a69f-6c840872c11b">
      <TestCategory>
        <TestCategoryItem TestCategory="Category1000" />
      </TestCategory>
      <Execution id="ec7161f0-41ee-4de4-8057-f0dc6572e6c2" />
      <TestMethod codeBase="C:\Projekty\MSTestProject\bin\Debug\netcoreapp3.1\MSTestProject.dll" adapterTypeName="executor://mstestadapter/v2" className="TwojeWesele.Services.Helpers.Tests.CurrencyHelperTests" name="FormatToStringTest1000" />
    </UnitTest>
    <UnitTest name="FormatToStringTest1000 (1741.3334432818617,1741.33 zł)" storage="c:\projekty\mstestproject\bin\debug\netcoreapp3.1\mstestproject.dll" id="3a635173-ce03-4d1c-ae7c-dc227dd61e29">
      <TestCategory>
        <TestCategoryItem TestCategory="Category1000" />
      </TestCategory>
      <Execution id="54930767-b92f-4b09-bbcf-87b8084e9d73" />
      <TestMethod codeBase="C:\Projekty\MSTestProject\bin\Debug\netcoreapp3.1\MSTestProject.dll" adapterTypeName="executor://mstestadapter/v2" className="TwojeWesele.Services.Helpers.Tests.CurrencyHelperTests" name="FormatToStringTest1000" />
    </UnitTest>
    <UnitTest name="FormatToStringTest1000 (14218.204344010543,14218.20 zł)" storage="c:\projekty\mstestproject\bin\debug\netcoreapp3.1\mstestproject.dll" id="83e083e9-2088-40af-af2b-4517d936bfac">
      <TestCategory>
        <TestCategoryItem TestCategory="Category1000" />
      </TestCategory>
      <Execution id="2cecfeb8-7b01-4f31-ad39-ee4cb7a6eb5e" />
      <TestMethod codeBase="C:\Projekty\MSTestProject\bin\Debug\netcoreapp3.1\MSTestProject.dll" adapterTypeName="executor://mstestadapter/v2" className="TwojeWesele.Services.Helpers.Tests.CurrencyHelperTests" name="FormatToStringTest1000" />
    </UnitTest>
    <UnitTest name="FormatToStringTest1000 (5961.755129208674,5961.76 zł)" storage="c:\projekty\mstestproject\bin\debug\netcoreapp3.1\mstestproject.dll" id="ad52dcb5-50ea-4597-b4e4-e98162f5d847">
      <TestCategory>
        <TestCategoryItem TestCategory="Category1000" />
      </TestCategory>
      <Execution id="d179725d-2ceb-41a0-8476-209af1f9fbd7" />
      <TestMethod codeBase="C:\Projekty\MSTestProject\bin\Debug\netcoreapp3.1\MSTestProject.dll" adapterTypeName="executor://mstestadapter/v2" className="TwojeWesele.Services.Helpers.Tests.CurrencyHelperTests" name="FormatToStringTest1000" />
    </UnitTest>
    <UnitTest name="FormatToStringTest1000 (14910.573044539697,14910.57 zł)" storage="c:\projekty\mstestproject\bin\debug\netcoreapp3.1\mstestproject.dll" id="a224a504-0a7c-439a-913d-f02e251ffba1">
      <TestCategory>
        <TestCategoryItem TestCategory="Category1000" />
      </TestCategory>
      <Execution id="62020257-b5e5-4e44-9cb7-6f7bd2434d5f" />
      <TestMethod codeBase="C:\Projekty\MSTestProject\bin\Debug\netcoreapp3.1\MSTestProject.dll" adapterTypeName="executor://mstestadapter/v2" className="TwojeWesele.Services.Helpers.Tests.CurrencyHelperTests" name="FormatToStringTest1000" />
    </UnitTest>
    <UnitTest name="FormatToStringTest1000 (8013.1229931903645,8013.12 zł)" storage="c:\projekty\mstestproject\bin\debug\netcoreapp3.1\mstestproject.dll" id="2e5823aa-930b-493e-8378-d7516b4699b9">
      <TestCategory>
        <TestCategoryItem TestCategory="Category1000" />
      </TestCategory>
      <Execution id="3bea5e6a-4c6f-4f50-b040-f6a584e734ab" />
      <TestMethod codeBase="C:\Projekty\MSTestProject\bin\Debug\netcoreapp3.1\MSTestProject.dll" adapterTypeName="executor://mstestadapter/v2" className="TwojeWesele.Services.Helpers.Tests.CurrencyHelperTests" name="FormatToStringTest1000" />
    </UnitTest>
    <UnitTest name="FormatToStringTest1000 (34242.181005260056,34242.18 zł)" storage="c:\projekty\mstestproject\bin\debug\netcoreapp3.1\mstestproject.dll" id="56213a28-0345-4368-a54d-4a37e39dfe90">
      <TestCategory>
        <TestCategoryItem TestCategory="Category1000" />
      </TestCategory>
      <Execution id="e4b127cb-c285-4b0d-8a12-c433d980c1ca" />
      <TestMethod codeBase="C:\Projekty\MSTestProject\bin\Debug\netcoreapp3.1\MSTestProject.dll" adapterTypeName="executor://mstestadapter/v2" className="TwojeWesele.Services.Helpers.Tests.CurrencyHelperTests" name="FormatToStringTest1000" />
    </UnitTest>
    <UnitTest name="FormatToStringTest1000 (38402.8293406753,38402.83 zł)" storage="c:\projekty\mstestproject\bin\debug\netcoreapp3.1\mstestproject.dll" id="7a7c66d4-c9ca-41dc-b43d-2e33a7e35533">
      <TestCategory>
        <TestCategoryItem TestCategory="Category1000" />
      </TestCategory>
      <Execution id="d7a394b8-39d3-4c86-8f4e-b8857ce5f97e" />
      <TestMethod codeBase="C:\Projekty\MSTestProject\bin\Debug\netcoreapp3.1\MSTestProject.dll" adapterTypeName="executor://mstestadapter/v2" className="TwojeWesele.Services.Helpers.Tests.CurrencyHelperTests" name="FormatToStringTest1000" />
    </UnitTest>
    <UnitTest name="FormatToStringTest1000 (397.6461894566408,397.65 zł)" storage="c:\projekty\mstestproject\bin\debug\netcoreapp3.1\mstestproject.dll" id="fb66da89-5817-4136-aa73-bfbe880ebf3e">
      <TestCategory>
        <TestCategoryItem TestCategory="Category1000" />
      </TestCategory>
      <Execution id="940e0f5c-7c22-487c-9722-dbaedab338df" />
      <TestMethod codeBase="C:\Projekty\MSTestProject\bin\Debug\netcoreapp3.1\MSTestProject.dll" adapterTypeName="executor://mstestadapter/v2" className="TwojeWesele.Services.Helpers.Tests.CurrencyHelperTests" name="FormatToStringTest1000" />
    </UnitTest>
    <UnitTest name="FormatToStringTest1000 (20552.966022956633,20552.97 zł)" storage="c:\projekty\mstestproject\bin\debug\netcoreapp3.1\mstestproject.dll" id="c24df02d-00d9-4ffa-b18a-ee9589eb85c7">
      <TestCategory>
        <TestCategoryItem TestCategory="Category1000" />
      </TestCategory>
      <Execution id="f0d469df-e186-4fb7-b73c-1c8c08d2fe19" />
      <TestMethod codeBase="C:\Projekty\MSTestProject\bin\Debug\netcoreapp3.1\MSTestProject.dll" adapterTypeName="executor://mstestadapter/v2" className="TwojeWesele.Services.Helpers.Tests.CurrencyHelperTests" name="FormatToStringTest1000" />
    </UnitTest>
    <UnitTest name="FormatToStringTest1000 (15841.26419853478,15841.26 zł)" storage="c:\projekty\mstestproject\bin\debug\netcoreapp3.1\mstestproject.dll" id="0b967382-b83f-4c7c-b3b9-1db42564a7ba">
      <TestCategory>
        <TestCategoryItem TestCategory="Category1000" />
      </TestCategory>
      <Execution id="16c91c60-f4f3-4f4d-beb7-a72cf538b914" />
      <TestMethod codeBase="C:\Projekty\MSTestProject\bin\Debug\netcoreapp3.1\MSTestProject.dll" adapterTypeName="executor://mstestadapter/v2" className="TwojeWesele.Services.Helpers.Tests.CurrencyHelperTests" name="FormatToStringTest1000" />
    </UnitTest>
    <UnitTest name="FormatToStringTest1000 (74851.91547305691,74851.92 zł)" storage="c:\projekty\mstestproject\bin\debug\netcoreapp3.1\mstestproject.dll" id="4e2d8806-9cdc-4d93-be06-1e189e6c27cf">
      <TestCategory>
        <TestCategoryItem TestCategory="Category1000" />
      </TestCategory>
      <Execution id="a7ba9c1e-9f30-4b02-b63f-a518e97727d3" />
      <TestMethod codeBase="C:\Projekty\MSTestProject\bin\Debug\netcoreapp3.1\MSTestProject.dll" adapterTypeName="executor://mstestadapter/v2" className="TwojeWesele.Services.Helpers.Tests.CurrencyHelperTests" name="FormatToStringTest1000" />
    </UnitTest>
    <UnitTest name="FormatToStringTest1000 (6145.531235831571,6145.53 zł)" storage="c:\projekty\mstestproject\bin\debug\netcoreapp3.1\mstestproject.dll" id="4a7edd2e-7c7a-4792-af9e-9596d17436e7">
      <TestCategory>
        <TestCategoryItem TestCategory="Category1000" />
      </TestCategory>
      <Execution id="c5969c45-214c-413d-a8da-d2c3a5ae7548" />
      <TestMethod codeBase="C:\Projekty\MSTestProject\bin\Debug\netcoreapp3.1\MSTestProject.dll" adapterTypeName="executor://mstestadapter/v2" className="TwojeWesele.Services.Helpers.Tests.CurrencyHelperTests" name="FormatToStringTest1000" />
    </UnitTest>
    <UnitTest name="FormatToStringTest1000 (41876.979471482795,41876.98 zł)" storage="c:\projekty\mstestproject\bin\debug\netcoreapp3.1\mstestproject.dll" id="5c000734-5803-4cd0-9094-e04382801b31">
      <TestCategory>
        <TestCategoryItem TestCategory="Category1000" />
      </TestCategory>
      <Execution id="594bcc74-19ec-4273-b7c6-b0892bd23ac9" />
      <TestMethod codeBase="C:\Projekty\MSTestProject\bin\Debug\netcoreapp3.1\MSTestProject.dll" adapterTypeName="executor://mstestadapter/v2" className="TwojeWesele.Services.Helpers.Tests.CurrencyHelperTests" name="FormatToStringTest1000" />
    </UnitTest>
    <UnitTest name="FormatToStringTest1000 (64490.52771614982,64490.53 zł)" storage="c:\projekty\mstestproject\bin\debug\netcoreapp3.1\mstestproject.dll" id="f586989b-f4ac-46ce-9190-407c41541f4b">
      <TestCategory>
        <TestCategoryItem TestCategory="Category1000" />
      </TestCategory>
      <Execution id="5fb70009-2c3b-4dc7-9baf-ba95872498d2" />
      <TestMethod codeBase="C:\Projekty\MSTestProject\bin\Debug\netcoreapp3.1\MSTestProject.dll" adapterTypeName="executor://mstestadapter/v2" className="TwojeWesele.Services.Helpers.Tests.CurrencyHelperTests" name="FormatToStringTest1000" />
    </UnitTest>
    <UnitTest name="FormatToStringTest1000 (27629.79121039193,27629.79 zł)" storage="c:\projekty\mstestproject\bin\debug\netcoreapp3.1\mstestproject.dll" id="eb80be61-74e3-4658-aaa0-746cf795b44d">
      <TestCategory>
        <TestCategoryItem TestCategory="Category1000" />
      </TestCategory>
      <Execution id="25905773-7274-4e25-9774-47752e258cad" />
      <TestMethod codeBase="C:\Projekty\MSTestProject\bin\Debug\netcoreapp3.1\MSTestProject.dll" adapterTypeName="executor://mstestadapter/v2" className="TwojeWesele.Services.Helpers.Tests.CurrencyHelperTests" name="FormatToStringTest1000" />
    </UnitTest>
    <UnitTest name="FormatToStringTest1000 (19840.47672110632,19840.48 zł)" storage="c:\projekty\mstestproject\bin\debug\netcoreapp3.1\mstestproject.dll" id="6c0e499f-d7a1-49d7-a55e-767decf6923e">
      <TestCategory>
        <TestCategoryItem TestCategory="Category1000" />
      </TestCategory>
      <Execution id="a3b1262c-b326-417f-811e-19b3a89fe921" />
      <TestMethod codeBase="C:\Projekty\MSTestProject\bin\Debug\netcoreapp3.1\MSTestProject.dll" adapterTypeName="executor://mstestadapter/v2" className="TwojeWesele.Services.Helpers.Tests.CurrencyHelperTests" name="FormatToStringTest1000" />
    </UnitTest>
    <UnitTest name="FormatToStringTest1000 (57237.252356975456,57237.25 zł)" storage="c:\projekty\mstestproject\bin\debug\netcoreapp3.1\mstestproject.dll" id="1e92b512-9167-4a70-b3e9-51bc563f2da9">
      <TestCategory>
        <TestCategoryItem TestCategory="Category1000" />
      </TestCategory>
      <Execution id="d73dd217-78cb-41ee-b26e-73cd35943ab4" />
      <TestMethod codeBase="C:\Projekty\MSTestProject\bin\Debug\netcoreapp3.1\MSTestProject.dll" adapterTypeName="executor://mstestadapter/v2" className="TwojeWesele.Services.Helpers.Tests.CurrencyHelperTests" name="FormatToStringTest1000" />
    </UnitTest>
    <UnitTest name="FormatToStringTest1000 (12610.563163818122,12610.56 zł)" storage="c:\projekty\mstestproject\bin\debug\netcoreapp3.1\mstestproject.dll" id="21645ff4-8a01-4bb5-a5a1-dde1750f47c1">
      <TestCategory>
        <TestCategoryItem TestCategory="Category1000" />
      </TestCategory>
      <Execution id="44e68014-524a-4147-9891-e099dc8e9088" />
      <TestMethod codeBase="C:\Projekty\MSTestProject\bin\Debug\netcoreapp3.1\MSTestProject.dll" adapterTypeName="executor://mstestadapter/v2" className="TwojeWesele.Services.Helpers.Tests.CurrencyHelperTests" name="FormatToStringTest1000" />
    </UnitTest>
    <UnitTest name="FormatToStringTest1000 (21602.417596116393,21602.42 zł)" storage="c:\projekty\mstestproject\bin\debug\netcoreapp3.1\mstestproject.dll" id="693aaf23-eb1a-4dea-86bf-f1dcd1b4fa02">
      <TestCategory>
        <TestCategoryItem TestCategory="Category1000" />
      </TestCategory>
      <Execution id="d0b95ed6-480e-4b6c-8a7e-a243ab392ee4" />
      <TestMethod codeBase="C:\Projekty\MSTestProject\bin\Debug\netcoreapp3.1\MSTestProject.dll" adapterTypeName="executor://mstestadapter/v2" className="TwojeWesele.Services.Helpers.Tests.CurrencyHelperTests" name="FormatToStringTest1000" />
    </UnitTest>
    <UnitTest name="FormatToStringTest1000 (9603.199987620208,9603.20 zł)" storage="c:\projekty\mstestproject\bin\debug\netcoreapp3.1\mstestproject.dll" id="47ed154b-edfe-491d-b621-527cb4c6dd31">
      <TestCategory>
        <TestCategoryItem TestCategory="Category1000" />
      </TestCategory>
      <Execution id="957a3332-f070-4e2f-9790-e7f16cc8e955" />
      <TestMethod codeBase="C:\Projekty\MSTestProject\bin\Debug\netcoreapp3.1\MSTestProject.dll" adapterTypeName="executor://mstestadapter/v2" className="TwojeWesele.Services.Helpers.Tests.CurrencyHelperTests" name="FormatToStringTest1000" />
    </UnitTest>
    <UnitTest name="FormatToStringTest1000 (58459.03113649601,58459.03 zł)" storage="c:\projekty\mstestproject\bin\debug\netcoreapp3.1\mstestproject.dll" id="90dca259-b558-4168-8918-ba3e98bc13c8">
      <TestCategory>
        <TestCategoryItem TestCategory="Category1000" />
      </TestCategory>
      <Execution id="6658f6ef-5279-4562-a73a-bbb2277ece96" />
      <TestMethod codeBase="C:\Projekty\MSTestProject\bin\Debug\netcoreapp3.1\MSTestProject.dll" adapterTypeName="executor://mstestadapter/v2" className="TwojeWesele.Services.Helpers.Tests.CurrencyHelperTests" name="FormatToStringTest1000" />
    </UnitTest>
    <UnitTest name="FormatToStringTest1000 (77919.64716867341,77919.65 zł)" storage="c:\projekty\mstestproject\bin\debug\netcoreapp3.1\mstestproject.dll" id="f85152e5-a4f0-42fb-870a-7bb9144b46ba">
      <TestCategory>
        <TestCategoryItem TestCategory="Category1000" />
      </TestCategory>
      <Execution id="7e7fd403-b8e8-4f0d-bc3a-b03203964aca" />
      <TestMethod codeBase="C:\Projekty\MSTestProject\bin\Debug\netcoreapp3.1\MSTestProject.dll" adapterTypeName="executor://mstestadapter/v2" className="TwojeWesele.Services.Helpers.Tests.CurrencyHelperTests" name="FormatToStringTest1000" />
    </UnitTest>
    <UnitTest name="FormatToStringTest1000 (972.1468308629221,972.15 zł)" storage="c:\projekty\mstestproject\bin\debug\netcoreapp3.1\mstestproject.dll" id="74e9a9eb-0652-486b-80dd-a56ada8636e4">
      <TestCategory>
        <TestCategoryItem TestCategory="Category1000" />
      </TestCategory>
      <Execution id="945555c7-5210-43c0-8c50-d77b129fb90d" />
      <TestMethod codeBase="C:\Projekty\MSTestProject\bin\Debug\netcoreapp3.1\MSTestProject.dll" adapterTypeName="executor://mstestadapter/v2" className="TwojeWesele.Services.Helpers.Tests.CurrencyHelperTests" name="FormatToStringTest1000" />
    </UnitTest>
    <UnitTest name="FormatToStringTest1000 (6352.983758103561,6352.98 zł)" storage="c:\projekty\mstestproject\bin\debug\netcoreapp3.1\mstestproject.dll" id="f605254a-bbbb-425c-b4c6-6b6ea32b9c31">
      <TestCategory>
        <TestCategoryItem TestCategory="Category1000" />
      </TestCategory>
      <Execution id="aab8dae1-7f51-4322-a870-25e78b04d706" />
      <TestMethod codeBase="C:\Projekty\MSTestProject\bin\Debug\netcoreapp3.1\MSTestProject.dll" adapterTypeName="executor://mstestadapter/v2" className="TwojeWesele.Services.Helpers.Tests.CurrencyHelperTests" name="FormatToStringTest1000" />
    </UnitTest>
    <UnitTest name="FormatToStringTest1000 (30320.450517486992,30320.45 zł)" storage="c:\projekty\mstestproject\bin\debug\netcoreapp3.1\mstestproject.dll" id="65f47ee5-e55b-43a3-adb9-9429be59c101">
      <TestCategory>
        <TestCategoryItem TestCategory="Category1000" />
      </TestCategory>
      <Execution id="c0d4ac5b-c6f9-49b0-bf90-c03ea969f1a7" />
      <TestMethod codeBase="C:\Projekty\MSTestProject\bin\Debug\netcoreapp3.1\MSTestProject.dll" adapterTypeName="executor://mstestadapter/v2" className="TwojeWesele.Services.Helpers.Tests.CurrencyHelperTests" name="FormatToStringTest1000" />
    </UnitTest>
    <UnitTest name="FormatToStringTest1000 (73477.18206926118,73477.18 zł)" storage="c:\projekty\mstestproject\bin\debug\netcoreapp3.1\mstestproject.dll" id="0a8b4961-328c-4d26-bad1-3c80df64bc95">
      <TestCategory>
        <TestCategoryItem TestCategory="Category1000" />
      </TestCategory>
      <Execution id="dcd9ed3c-8bf2-49cc-b747-8895d98dc144" />
      <TestMethod codeBase="C:\Projekty\MSTestProject\bin\Debug\netcoreapp3.1\MSTestProject.dll" adapterTypeName="executor://mstestadapter/v2" className="TwojeWesele.Services.Helpers.Tests.CurrencyHelperTests" name="FormatToStringTest1000" />
    </UnitTest>
    <UnitTest name="FormatToStringTest1000 (8885.065440211942,8885.07 zł)" storage="c:\projekty\mstestproject\bin\debug\netcoreapp3.1\mstestproject.dll" id="b7f48294-0a9d-4689-988a-58e9be53749c">
      <TestCategory>
        <TestCategoryItem TestCategory="Category1000" />
      </TestCategory>
      <Execution id="ca129389-1572-4a40-9273-5e49d373dea5" />
      <TestMethod codeBase="C:\Projekty\MSTestProject\bin\Debug\netcoreapp3.1\MSTestProject.dll" adapterTypeName="executor://mstestadapter/v2" className="TwojeWesele.Services.Helpers.Tests.CurrencyHelperTests" name="FormatToStringTest1000" />
    </UnitTest>
    <UnitTest name="FormatToStringTest1000 (59247.898931587064,59247.90 zł)" storage="c:\projekty\mstestproject\bin\debug\netcoreapp3.1\mstestproject.dll" id="001e989a-967f-41cc-8647-35c0ec9866a9">
      <TestCategory>
        <TestCategoryItem TestCategory="Category1000" />
      </TestCategory>
      <Execution id="0f567e05-7a00-47aa-8a78-a1b81c04385b" />
      <TestMethod codeBase="C:\Projekty\MSTestProject\bin\Debug\netcoreapp3.1\MSTestProject.dll" adapterTypeName="executor://mstestadapter/v2" className="TwojeWesele.Services.Helpers.Tests.CurrencyHelperTests" name="FormatToStringTest1000" />
    </UnitTest>
    <UnitTest name="FormatToStringTest1000 (25135.10315489727,25135.10 zł)" storage="c:\projekty\mstestproject\bin\debug\netcoreapp3.1\mstestproject.dll" id="cefdb295-b4db-4db8-a3bb-1bc3848b99d5">
      <TestCategory>
        <TestCategoryItem TestCategory="Category1000" />
      </TestCategory>
      <Execution id="772d5d6a-ff00-41f0-b3cc-c0c23a138a2f" />
      <TestMethod codeBase="C:\Projekty\MSTestProject\bin\Debug\netcoreapp3.1\MSTestProject.dll" adapterTypeName="executor://mstestadapter/v2" className="TwojeWesele.Services.Helpers.Tests.CurrencyHelperTests" name="FormatToStringTest1000" />
    </UnitTest>
    <UnitTest name="FormatToStringTest1000 (38076.55319665165,38076.55 zł)" storage="c:\projekty\mstestproject\bin\debug\netcoreapp3.1\mstestproject.dll" id="ec8cbd1c-ff96-4474-8fca-be8400b9acfb">
      <TestCategory>
        <TestCategoryItem TestCategory="Category1000" />
      </TestCategory>
      <Execution id="797683d1-3d63-4093-9c0d-dc35d9cdf995" />
      <TestMethod codeBase="C:\Projekty\MSTestProject\bin\Debug\netcoreapp3.1\MSTestProject.dll" adapterTypeName="executor://mstestadapter/v2" className="TwojeWesele.Services.Helpers.Tests.CurrencyHelperTests" name="FormatToStringTest1000" />
    </UnitTest>
    <UnitTest name="FormatToStringTest1000 (8492.904747505161,8492.90 zł)" storage="c:\projekty\mstestproject\bin\debug\netcoreapp3.1\mstestproject.dll" id="7848e729-a95d-441a-80a6-6c58f65f83ad">
      <TestCategory>
        <TestCategoryItem TestCategory="Category1000" />
      </TestCategory>
      <Execution id="95939dcd-487e-4e51-bdb7-38ca986c73df" />
      <TestMethod codeBase="C:\Projekty\MSTestProject\bin\Debug\netcoreapp3.1\MSTestProject.dll" adapterTypeName="executor://mstestadapter/v2" className="TwojeWesele.Services.Helpers.Tests.CurrencyHelperTests" name="FormatToStringTest1000" />
    </UnitTest>
    <UnitTest name="FormatToStringTest1000 (30533.30031120838,30533.30 zł)" storage="c:\projekty\mstestproject\bin\debug\netcoreapp3.1\mstestproject.dll" id="7341e2f2-2a6d-4c43-9fd9-5edc3edafc3b">
      <TestCategory>
        <TestCategoryItem TestCategory="Category1000" />
      </TestCategory>
      <Execution id="6ca2f4f5-449c-4eeb-8f4d-5a841601a872" />
      <TestMethod codeBase="C:\Projekty\MSTestProject\bin\Debug\netcoreapp3.1\MSTestProject.dll" adapterTypeName="executor://mstestadapter/v2" className="TwojeWesele.Services.Helpers.Tests.CurrencyHelperTests" name="FormatToStringTest1000" />
    </UnitTest>
    <UnitTest name="FormatToStringTest1000 (4812.162927013898,4812.16 zł)" storage="c:\projekty\mstestproject\bin\debug\netcoreapp3.1\mstestproject.dll" id="d69e29b0-9dfe-4ddb-962e-8dd76ec24fa9">
      <TestCategory>
        <TestCategoryItem TestCategory="Category1000" />
      </TestCategory>
      <Execution id="cbabd304-feee-40ad-80dc-62dc34da4ecf" />
      <TestMethod codeBase="C:\Projekty\MSTestProject\bin\Debug\netcoreapp3.1\MSTestProject.dll" adapterTypeName="executor://mstestadapter/v2" className="TwojeWesele.Services.Helpers.Tests.CurrencyHelperTests" name="FormatToStringTest1000" />
    </UnitTest>
    <UnitTest name="FormatToStringTest1000 (1614.2516601789982,1614.25 zł)" storage="c:\projekty\mstestproject\bin\debug\netcoreapp3.1\mstestproject.dll" id="3d0ca8c0-345e-41c8-a433-0c60d7967cc2">
      <TestCategory>
        <TestCategoryItem TestCategory="Category1000" />
      </TestCategory>
      <Execution id="4e4d9352-693e-4dad-9c1e-e13c4342ac87" />
      <TestMethod codeBase="C:\Projekty\MSTestProject\bin\Debug\netcoreapp3.1\MSTestProject.dll" adapterTypeName="executor://mstestadapter/v2" className="TwojeWesele.Services.Helpers.Tests.CurrencyHelperTests" name="FormatToStringTest1000" />
    </UnitTest>
    <UnitTest name="FormatToStringTest1000 (50009.23881716898,50009.24 zł)" storage="c:\projekty\mstestproject\bin\debug\netcoreapp3.1\mstestproject.dll" id="e96b6ba3-fc4c-4383-bc73-dfb72e7bac7b">
      <TestCategory>
        <TestCategoryItem TestCategory="Category1000" />
      </TestCategory>
      <Execution id="939f74d9-7a6a-46e5-b012-8d959aa1b6d0" />
      <TestMethod codeBase="C:\Projekty\MSTestProject\bin\Debug\netcoreapp3.1\MSTestProject.dll" adapterTypeName="executor://mstestadapter/v2" className="TwojeWesele.Services.Helpers.Tests.CurrencyHelperTests" name="FormatToStringTest1000" />
    </UnitTest>
    <UnitTest name="FormatToStringTest1000 (14137.400697779563,14137.40 zł)" storage="c:\projekty\mstestproject\bin\debug\netcoreapp3.1\mstestproject.dll" id="94c3a29b-edf3-424a-bfe3-d2445195cee3">
      <TestCategory>
        <TestCategoryItem TestCategory="Category1000" />
      </TestCategory>
      <Execution id="08a0c6b4-6836-4da4-9406-6ce15191f696" />
      <TestMethod codeBase="C:\Projekty\MSTestProject\bin\Debug\netcoreapp3.1\MSTestProject.dll" adapterTypeName="executor://mstestadapter/v2" className="TwojeWesele.Services.Helpers.Tests.CurrencyHelperTests" name="FormatToStringTest1000" />
    </UnitTest>
    <UnitTest name="FormatToStringTest1000 (33245.44763357819,33245.45 zł)" storage="c:\projekty\mstestproject\bin\debug\netcoreapp3.1\mstestproject.dll" id="0970eddf-7a85-451e-8c48-bf225019fe60">
      <TestCategory>
        <TestCategoryItem TestCategory="Category1000" />
      </TestCategory>
      <Execution id="def3ddc6-8c21-4cae-aff9-2db694d7aed8" />
      <TestMethod codeBase="C:\Projekty\MSTestProject\bin\Debug\netcoreapp3.1\MSTestProject.dll" adapterTypeName="executor://mstestadapter/v2" className="TwojeWesele.Services.Helpers.Tests.CurrencyHelperTests" name="FormatToStringTest1000" />
    </UnitTest>
    <UnitTest name="FormatToStringTest1000 (5957.42161879941,5957.42 zł)" storage="c:\projekty\mstestproject\bin\debug\netcoreapp3.1\mstestproject.dll" id="7157b363-0fd0-4063-8788-a759c8109138">
      <TestCategory>
        <TestCategoryItem TestCategory="Category1000" />
      </TestCategory>
      <Execution id="b146cdb2-b4ea-4801-ab9f-5b16a99db32b" />
      <TestMethod codeBase="C:\Projekty\MSTestProject\bin\Debug\netcoreapp3.1\MSTestProject.dll" adapterTypeName="executor://mstestadapter/v2" className="TwojeWesele.Services.Helpers.Tests.CurrencyHelperTests" name="FormatToStringTest1000" />
    </UnitTest>
    <UnitTest name="FormatToStringTest1000 (52032.65082931176,52032.65 zł)" storage="c:\projekty\mstestproject\bin\debug\netcoreapp3.1\mstestproject.dll" id="21649b59-be0c-453a-8b3e-258760b72315">
      <TestCategory>
        <TestCategoryItem TestCategory="Category1000" />
      </TestCategory>
      <Execution id="c62cc885-6be6-4aa0-8b55-a77283186910" />
      <TestMethod codeBase="C:\Projekty\MSTestProject\bin\Debug\netcoreapp3.1\MSTestProject.dll" adapterTypeName="executor://mstestadapter/v2" className="TwojeWesele.Services.Helpers.Tests.CurrencyHelperTests" name="FormatToStringTest1000" />
    </UnitTest>
    <UnitTest name="FormatToStringTest1000 (67380.07704875062,67380.08 zł)" storage="c:\projekty\mstestproject\bin\debug\netcoreapp3.1\mstestproject.dll" id="3daaaae7-3da8-4769-949a-4fe4ac185109">
      <TestCategory>
        <TestCategoryItem TestCategory="Category1000" />
      </TestCategory>
      <Execution id="76b01f73-22bf-4b55-8355-f3a63ee28039" />
      <TestMethod codeBase="C:\Projekty\MSTestProject\bin\Debug\netcoreapp3.1\MSTestProject.dll" adapterTypeName="executor://mstestadapter/v2" className="TwojeWesele.Services.Helpers.Tests.CurrencyHelperTests" name="FormatToStringTest1000" />
    </UnitTest>
    <UnitTest name="FormatToStringTest1000 (29845.02749849345,29845.03 zł)" storage="c:\projekty\mstestproject\bin\debug\netcoreapp3.1\mstestproject.dll" id="c7bdb6b0-ae50-4daa-a93d-376e31c41426">
      <TestCategory>
        <TestCategoryItem TestCategory="Category1000" />
      </TestCategory>
      <Execution id="081f3f60-47ab-4618-9273-815c8e5bea95" />
      <TestMethod codeBase="C:\Projekty\MSTestProject\bin\Debug\netcoreapp3.1\MSTestProject.dll" adapterTypeName="executor://mstestadapter/v2" className="TwojeWesele.Services.Helpers.Tests.CurrencyHelperTests" name="FormatToStringTest1000" />
    </UnitTest>
    <UnitTest name="FormatToStringTest1000 (46590.9609819562,46590.96 zł)" storage="c:\projekty\mstestproject\bin\debug\netcoreapp3.1\mstestproject.dll" id="976f461e-6386-46b0-bc89-0423fb81bc98">
      <TestCategory>
        <TestCategoryItem TestCategory="Category1000" />
      </TestCategory>
      <Execution id="0b293564-81bf-4e3b-b61b-0e64664fb175" />
      <TestMethod codeBase="C:\Projekty\MSTestProject\bin\Debug\netcoreapp3.1\MSTestProject.dll" adapterTypeName="executor://mstestadapter/v2" className="TwojeWesele.Services.Helpers.Tests.CurrencyHelperTests" name="FormatToStringTest1000" />
    </UnitTest>
    <UnitTest name="FormatToStringTest1000 (10994.251866986162,10994.25 zł)" storage="c:\projekty\mstestproject\bin\debug\netcoreapp3.1\mstestproject.dll" id="813f42f1-86a8-4cc2-b788-873c58a4a6b0">
      <TestCategory>
        <TestCategoryItem TestCategory="Category1000" />
      </TestCategory>
      <Execution id="217e22a6-8c27-4e6c-8562-1a630acc022d" />
      <TestMethod codeBase="C:\Projekty\MSTestProject\bin\Debug\netcoreapp3.1\MSTestProject.dll" adapterTypeName="executor://mstestadapter/v2" className="TwojeWesele.Services.Helpers.Tests.CurrencyHelperTests" name="FormatToStringTest1000" />
    </UnitTest>
    <UnitTest name="FormatToStringTest1000 (3506.8456124108498,3506.85 zł)" storage="c:\projekty\mstestproject\bin\debug\netcoreapp3.1\mstestproject.dll" id="021ef328-3b39-479d-8f32-c6cfb420e3f2">
      <TestCategory>
        <TestCategoryItem TestCategory="Category1000" />
      </TestCategory>
      <Execution id="8473e949-aeb4-48e2-8bf0-961a97bda9ee" />
      <TestMethod codeBase="C:\Projekty\MSTestProject\bin\Debug\netcoreapp3.1\MSTestProject.dll" adapterTypeName="executor://mstestadapter/v2" className="TwojeWesele.Services.Helpers.Tests.CurrencyHelperTests" name="FormatToStringTest1000" />
    </UnitTest>
    <UnitTest name="FormatToStringTest1000 (51503.82905738234,51503.83 zł)" storage="c:\projekty\mstestproject\bin\debug\netcoreapp3.1\mstestproject.dll" id="3b003df0-ae43-43d7-ae77-2563a5a935a1">
      <TestCategory>
        <TestCategoryItem TestCategory="Category1000" />
      </TestCategory>
      <Execution id="8b2686b5-0868-4216-9e88-8ae9dc91ff3d" />
      <TestMethod codeBase="C:\Projekty\MSTestProject\bin\Debug\netcoreapp3.1\MSTestProject.dll" adapterTypeName="executor://mstestadapter/v2" className="TwojeWesele.Services.Helpers.Tests.CurrencyHelperTests" name="FormatToStringTest1000" />
    </UnitTest>
    <UnitTest name="FormatToStringTest1000 (28502.61128259758,28502.61 zł)" storage="c:\projekty\mstestproject\bin\debug\netcoreapp3.1\mstestproject.dll" id="0b9df505-32d8-47e5-9f7d-813452798f8d">
      <TestCategory>
        <TestCategoryItem TestCategory="Category1000" />
      </TestCategory>
      <Execution id="8e1faa97-00ee-4703-b35a-670ff37cf2b0" />
      <TestMethod codeBase="C:\Projekty\MSTestProject\bin\Debug\netcoreapp3.1\MSTestProject.dll" adapterTypeName="executor://mstestadapter/v2" className="TwojeWesele.Services.Helpers.Tests.CurrencyHelperTests" name="FormatToStringTest1000" />
    </UnitTest>
    <UnitTest name="FormatToStringTest1000 (17031.365705376662,17031.37 zł)" storage="c:\projekty\mstestproject\bin\debug\netcoreapp3.1\mstestproject.dll" id="a8e4daa3-39c8-4369-a18d-4b322b1593f1">
      <TestCategory>
        <TestCategoryItem TestCategory="Category1000" />
      </TestCategory>
      <Execution id="15795cdf-2ed3-480d-b591-6cad27277572" />
      <TestMethod codeBase="C:\Projekty\MSTestProject\bin\Debug\netcoreapp3.1\MSTestProject.dll" adapterTypeName="executor://mstestadapter/v2" className="TwojeWesele.Services.Helpers.Tests.CurrencyHelperTests" name="FormatToStringTest1000" />
    </UnitTest>
    <UnitTest name="FormatToStringTest1000 (4525.609305084501,4525.61 zł)" storage="c:\projekty\mstestproject\bin\debug\netcoreapp3.1\mstestproject.dll" id="371240d7-7f83-4b85-afc4-45e4e3530934">
      <TestCategory>
        <TestCategoryItem TestCategory="Category1000" />
      </TestCategory>
      <Execution id="1eb26fca-e35a-4b5d-b779-27163eb66243" />
      <TestMethod codeBase="C:\Projekty\MSTestProject\bin\Debug\netcoreapp3.1\MSTestProject.dll" adapterTypeName="executor://mstestadapter/v2" className="TwojeWesele.Services.Helpers.Tests.CurrencyHelperTests" name="FormatToStringTest1000" />
    </UnitTest>
    <UnitTest name="FormatToStringTest1000 (59283.48311990662,59283.48 zł)" storage="c:\projekty\mstestproject\bin\debug\netcoreapp3.1\mstestproject.dll" id="db22612e-edb9-4ff5-a76a-4cf0f19809d7">
      <TestCategory>
        <TestCategoryItem TestCategory="Category1000" />
      </TestCategory>
      <Execution id="66ed1221-134f-416f-97ba-f7a5d92df5b1" />
      <TestMethod codeBase="C:\Projekty\MSTestProject\bin\Debug\netcoreapp3.1\MSTestProject.dll" adapterTypeName="executor://mstestadapter/v2" className="TwojeWesele.Services.Helpers.Tests.CurrencyHelperTests" name="FormatToStringTest1000" />
    </UnitTest>
    <UnitTest name="FormatToStringTest1000 (8901.937138443784,8901.94 zł)" storage="c:\projekty\mstestproject\bin\debug\netcoreapp3.1\mstestproject.dll" id="cda9d0cf-dba7-478d-9033-25c773ad4c87">
      <TestCategory>
        <TestCategoryItem TestCategory="Category1000" />
      </TestCategory>
      <Execution id="d0cc3142-cfd7-4a00-ba94-e6e24fda172f" />
      <TestMethod codeBase="C:\Projekty\MSTestProject\bin\Debug\netcoreapp3.1\MSTestProject.dll" adapterTypeName="executor://mstestadapter/v2" className="TwojeWesele.Services.Helpers.Tests.CurrencyHelperTests" name="FormatToStringTest1000" />
    </UnitTest>
    <UnitTest name="FormatToStringTest1000 (7671.0039663785155,7671.00 zł)" storage="c:\projekty\mstestproject\bin\debug\netcoreapp3.1\mstestproject.dll" id="2185b761-f802-47e0-8c82-99c513d21a01">
      <TestCategory>
        <TestCategoryItem TestCategory="Category1000" />
      </TestCategory>
      <Execution id="ce2c2957-340f-494a-8c42-c78f1f82293a" />
      <TestMethod codeBase="C:\Projekty\MSTestProject\bin\Debug\netcoreapp3.1\MSTestProject.dll" adapterTypeName="executor://mstestadapter/v2" className="TwojeWesele.Services.Helpers.Tests.CurrencyHelperTests" name="FormatToStringTest1000" />
    </UnitTest>
    <UnitTest name="FormatToStringTest1000 (23684.695462791573,23684.70 zł)" storage="c:\projekty\mstestproject\bin\debug\netcoreapp3.1\mstestproject.dll" id="4344e7f6-22f9-415a-a797-3cf45e980662">
      <TestCategory>
        <TestCategoryItem TestCategory="Category1000" />
      </TestCategory>
      <Execution id="02fc7502-ab54-4639-9d0e-25ee586c352f" />
      <TestMethod codeBase="C:\Projekty\MSTestProject\bin\Debug\netcoreapp3.1\MSTestProject.dll" adapterTypeName="executor://mstestadapter/v2" className="TwojeWesele.Services.Helpers.Tests.CurrencyHelperTests" name="FormatToStringTest1000" />
    </UnitTest>
    <UnitTest name="FormatToStringTest1000 (44869.327020554025,44869.33 zł)" storage="c:\projekty\mstestproject\bin\debug\netcoreapp3.1\mstestproject.dll" id="cd41cffa-7450-4103-8af7-2cf85ba2db85">
      <TestCategory>
        <TestCategoryItem TestCategory="Category1000" />
      </TestCategory>
      <Execution id="cdc7bb71-4673-417d-9a0e-3077e7270772" />
      <TestMethod codeBase="C:\Projekty\MSTestProject\bin\Debug\netcoreapp3.1\MSTestProject.dll" adapterTypeName="executor://mstestadapter/v2" className="TwojeWesele.Services.Helpers.Tests.CurrencyHelperTests" name="FormatToStringTest1000" />
    </UnitTest>
    <UnitTest name="FormatToStringTest1000 (16282.687804925576,16282.69 zł)" storage="c:\projekty\mstestproject\bin\debug\netcoreapp3.1\mstestproject.dll" id="805e85ae-f513-47f5-96e5-ce203821f826">
      <TestCategory>
        <TestCategoryItem TestCategory="Category1000" />
      </TestCategory>
      <Execution id="308e79b4-d0f3-414a-85b3-3cb272f83367" />
      <TestMethod codeBase="C:\Projekty\MSTestProject\bin\Debug\netcoreapp3.1\MSTestProject.dll" adapterTypeName="executor://mstestadapter/v2" className="TwojeWesele.Services.Helpers.Tests.CurrencyHelperTests" name="FormatToStringTest1000" />
    </UnitTest>
    <UnitTest name="FormatToStringTest1000 (5591.2222540617095,5591.22 zł)" storage="c:\projekty\mstestproject\bin\debug\netcoreapp3.1\mstestproject.dll" id="491429d5-0f0f-48f7-974f-8e2521c0773e">
      <TestCategory>
        <TestCategoryItem TestCategory="Category1000" />
      </TestCategory>
      <Execution id="e9f78ee3-af5c-4915-b063-2b6ce3990c68" />
      <TestMethod codeBase="C:\Projekty\MSTestProject\bin\Debug\netcoreapp3.1\MSTestProject.dll" adapterTypeName="executor://mstestadapter/v2" className="TwojeWesele.Services.Helpers.Tests.CurrencyHelperTests" name="FormatToStringTest1000" />
    </UnitTest>
    <UnitTest name="FormatToStringTest1000 (4648.492795337221,4648.49 zł)" storage="c:\projekty\mstestproject\bin\debug\netcoreapp3.1\mstestproject.dll" id="d9eaf0b3-7cde-45ae-b307-1f4780967fbc">
      <TestCategory>
        <TestCategoryItem TestCategory="Category1000" />
      </TestCategory>
      <Execution id="bdcff145-1286-4f8a-80c0-6a2d0ae2b12d" />
      <TestMethod codeBase="C:\Projekty\MSTestProject\bin\Debug\netcoreapp3.1\MSTestProject.dll" adapterTypeName="executor://mstestadapter/v2" className="TwojeWesele.Services.Helpers.Tests.CurrencyHelperTests" name="FormatToStringTest1000" />
    </UnitTest>
    <UnitTest name="FormatToStringTest1000 (73151.83675918348,73151.84 zł)" storage="c:\projekty\mstestproject\bin\debug\netcoreapp3.1\mstestproject.dll" id="29115438-651d-4d20-8580-13f77f0d60f7">
      <TestCategory>
        <TestCategoryItem TestCategory="Category1000" />
      </TestCategory>
      <Execution id="798d4fa8-577b-4b93-997a-14d9b010bf1b" />
      <TestMethod codeBase="C:\Projekty\MSTestProject\bin\Debug\netcoreapp3.1\MSTestProject.dll" adapterTypeName="executor://mstestadapter/v2" className="TwojeWesele.Services.Helpers.Tests.CurrencyHelperTests" name="FormatToStringTest1000" />
    </UnitTest>
    <UnitTest name="FormatToStringTest1000 (72905.64834432845,72905.65 zł)" storage="c:\projekty\mstestproject\bin\debug\netcoreapp3.1\mstestproject.dll" id="48e0db8d-4122-4987-b3e3-6e211b831ac7">
      <TestCategory>
        <TestCategoryItem TestCategory="Category1000" />
      </TestCategory>
      <Execution id="cc7d4b13-dca1-4e35-8b02-7a827573c0bb" />
      <TestMethod codeBase="C:\Projekty\MSTestProject\bin\Debug\netcoreapp3.1\MSTestProject.dll" adapterTypeName="executor://mstestadapter/v2" className="TwojeWesele.Services.Helpers.Tests.CurrencyHelperTests" name="FormatToStringTest1000" />
    </UnitTest>
    <UnitTest name="FormatToStringTest1000 (1687.6029180025694,1687.60 zł)" storage="c:\projekty\mstestproject\bin\debug\netcoreapp3.1\mstestproject.dll" id="79a88cca-1f3f-47fc-abd5-c8ddaf8c5a0b">
      <TestCategory>
        <TestCategoryItem TestCategory="Category1000" />
      </TestCategory>
      <Execution id="0bd403a0-4c6e-422a-aac9-46585a16d058" />
      <TestMethod codeBase="C:\Projekty\MSTestProject\bin\Debug\netcoreapp3.1\MSTestProject.dll" adapterTypeName="executor://mstestadapter/v2" className="TwojeWesele.Services.Helpers.Tests.CurrencyHelperTests" name="FormatToStringTest1000" />
    </UnitTest>
    <UnitTest name="FormatToStringTest1000 (964.9678631783313,964.97 zł)" storage="c:\projekty\mstestproject\bin\debug\netcoreapp3.1\mstestproject.dll" id="dd7f4aab-9fcd-47fe-954e-e7f99cd26d6f">
      <TestCategory>
        <TestCategoryItem TestCategory="Category1000" />
      </TestCategory>
      <Execution id="bdc9f422-04b1-4d32-944d-c3468cc69d68" />
      <TestMethod codeBase="C:\Projekty\MSTestProject\bin\Debug\netcoreapp3.1\MSTestProject.dll" adapterTypeName="executor://mstestadapter/v2" className="TwojeWesele.Services.Helpers.Tests.CurrencyHelperTests" name="FormatToStringTest1000" />
    </UnitTest>
    <UnitTest name="FormatToStringTest1000 (1328.353302088265,1328.35 zł)" storage="c:\projekty\mstestproject\bin\debug\netcoreapp3.1\mstestproject.dll" id="5eba3820-575b-46a4-a7d3-cfdd662372c0">
      <TestCategory>
        <TestCategoryItem TestCategory="Category1000" />
      </TestCategory>
      <Execution id="48ef0863-8bc4-4bbb-9b00-5382445e8085" />
      <TestMethod codeBase="C:\Projekty\MSTestProject\bin\Debug\netcoreapp3.1\MSTestProject.dll" adapterTypeName="executor://mstestadapter/v2" className="TwojeWesele.Services.Helpers.Tests.CurrencyHelperTests" name="FormatToStringTest1000" />
    </UnitTest>
    <UnitTest name="FormatToStringTest1000 (545.7016866634142,545.70 zł)" storage="c:\projekty\mstestproject\bin\debug\netcoreapp3.1\mstestproject.dll" id="21aca579-f37d-4b22-a21a-95c43642512e">
      <TestCategory>
        <TestCategoryItem TestCategory="Category1000" />
      </TestCategory>
      <Execution id="03308dfa-d750-445b-a26a-0499c8a6fce0" />
      <TestMethod codeBase="C:\Projekty\MSTestProject\bin\Debug\netcoreapp3.1\MSTestProject.dll" adapterTypeName="executor://mstestadapter/v2" className="TwojeWesele.Services.Helpers.Tests.CurrencyHelperTests" name="FormatToStringTest1000" />
    </UnitTest>
    <UnitTest name="FormatToStringTest1000 (47672.66266041652,47672.66 zł)" storage="c:\projekty\mstestproject\bin\debug\netcoreapp3.1\mstestproject.dll" id="ea45ca9b-6742-4540-8c1c-403b69ab9fb8">
      <TestCategory>
        <TestCategoryItem TestCategory="Category1000" />
      </TestCategory>
      <Execution id="f864978c-03c1-44ef-811a-ff77305595a6" />
      <TestMethod codeBase="C:\Projekty\MSTestProject\bin\Debug\netcoreapp3.1\MSTestProject.dll" adapterTypeName="executor://mstestadapter/v2" className="TwojeWesele.Services.Helpers.Tests.CurrencyHelperTests" name="FormatToStringTest1000" />
    </UnitTest>
    <UnitTest name="FormatToStringTest1000 (7182.939759099362,7182.94 zł)" storage="c:\projekty\mstestproject\bin\debug\netcoreapp3.1\mstestproject.dll" id="3dc2a74e-188a-4ad4-9c39-a8119de4d569">
      <TestCategory>
        <TestCategoryItem TestCategory="Category1000" />
      </TestCategory>
      <Execution id="085bb47d-a375-45b4-9bbf-b3db67fc8457" />
      <TestMethod codeBase="C:\Projekty\MSTestProject\bin\Debug\netcoreapp3.1\MSTestProject.dll" adapterTypeName="executor://mstestadapter/v2" className="TwojeWesele.Services.Helpers.Tests.CurrencyHelperTests" name="FormatToStringTest1000" />
    </UnitTest>
    <UnitTest name="FormatToStringTest1000 (65204.90483536055,65204.90 zł)" storage="c:\projekty\mstestproject\bin\debug\netcoreapp3.1\mstestproject.dll" id="b2e210d5-d34a-4ece-b688-191985e08086">
      <TestCategory>
        <TestCategoryItem TestCategory="Category1000" />
      </TestCategory>
      <Execution id="bf8b33b5-380a-4ccc-9edc-489cf57074b3" />
      <TestMethod codeBase="C:\Projekty\MSTestProject\bin\Debug\netcoreapp3.1\MSTestProject.dll" adapterTypeName="executor://mstestadapter/v2" className="TwojeWesele.Services.Helpers.Tests.CurrencyHelperTests" name="FormatToStringTest1000" />
    </UnitTest>
    <UnitTest name="FormatToStringTest1000 (57525.72988993569,57525.73 zł)" storage="c:\projekty\mstestproject\bin\debug\netcoreapp3.1\mstestproject.dll" id="5c29040c-fe91-4fa0-b7e3-8f0a1f5a8b69">
      <TestCategory>
        <TestCategoryItem TestCategory="Category1000" />
      </TestCategory>
      <Execution id="6c61fd09-16b7-42e0-b3b2-d593edf15185" />
      <TestMethod codeBase="C:\Projekty\MSTestProject\bin\Debug\netcoreapp3.1\MSTestProject.dll" adapterTypeName="executor://mstestadapter/v2" className="TwojeWesele.Services.Helpers.Tests.CurrencyHelperTests" name="FormatToStringTest1000" />
    </UnitTest>
    <UnitTest name="FormatToStringTest1000 (19783.413847500186,19783.41 zł)" storage="c:\projekty\mstestproject\bin\debug\netcoreapp3.1\mstestproject.dll" id="114ab760-1ba5-4362-b89a-f50dfe87d7a3">
      <TestCategory>
        <TestCategoryItem TestCategory="Category1000" />
      </TestCategory>
      <Execution id="d1022391-ae62-415b-a1cf-288f7ea832c5" />
      <TestMethod codeBase="C:\Projekty\MSTestProject\bin\Debug\netcoreapp3.1\MSTestProject.dll" adapterTypeName="executor://mstestadapter/v2" className="TwojeWesele.Services.Helpers.Tests.CurrencyHelperTests" name="FormatToStringTest1000" />
    </UnitTest>
    <UnitTest name="FormatToStringTest1000 (43858.624379632354,43858.62 zł)" storage="c:\projekty\mstestproject\bin\debug\netcoreapp3.1\mstestproject.dll" id="3e0b76b4-e283-4776-8aac-91085dfe516c">
      <TestCategory>
        <TestCategoryItem TestCategory="Category1000" />
      </TestCategory>
      <Execution id="aca3d1f3-be28-487f-9fbe-b53afc7eee5c" />
      <TestMethod codeBase="C:\Projekty\MSTestProject\bin\Debug\netcoreapp3.1\MSTestProject.dll" adapterTypeName="executor://mstestadapter/v2" className="TwojeWesele.Services.Helpers.Tests.CurrencyHelperTests" name="FormatToStringTest1000" />
    </UnitTest>
    <UnitTest name="FormatToStringTest1000 (6958.393354767186,6958.39 zł)" storage="c:\projekty\mstestproject\bin\debug\netcoreapp3.1\mstestproject.dll" id="5f8f25da-f070-4025-9dec-ceeb56a4528c">
      <TestCategory>
        <TestCategoryItem TestCategory="Category1000" />
      </TestCategory>
      <Execution id="0fbc35ae-14aa-4304-8dfe-2cbad440e16b" />
      <TestMethod codeBase="C:\Projekty\MSTestProject\bin\Debug\netcoreapp3.1\MSTestProject.dll" adapterTypeName="executor://mstestadapter/v2" className="TwojeWesele.Services.Helpers.Tests.CurrencyHelperTests" name="FormatToStringTest1000" />
    </UnitTest>
    <UnitTest name="FormatToStringTest1000 (79973.08417819678,79973.08 zł)" storage="c:\projekty\mstestproject\bin\debug\netcoreapp3.1\mstestproject.dll" id="293e26d2-9e3b-4736-a129-ca36ec3545b1">
      <TestCategory>
        <TestCategoryItem TestCategory="Category1000" />
      </TestCategory>
      <Execution id="948ebc72-7878-40f8-8a91-001a35f9c773" />
      <TestMethod codeBase="C:\Projekty\MSTestProject\bin\Debug\netcoreapp3.1\MSTestProject.dll" adapterTypeName="executor://mstestadapter/v2" className="TwojeWesele.Services.Helpers.Tests.CurrencyHelperTests" name="FormatToStringTest1000" />
    </UnitTest>
    <UnitTest name="FormatToStringTest1000 (21573.45329517613,21573.45 zł)" storage="c:\projekty\mstestproject\bin\debug\netcoreapp3.1\mstestproject.dll" id="3a0c7b09-b22d-40da-83a4-2901841b54a8">
      <TestCategory>
        <TestCategoryItem TestCategory="Category1000" />
      </TestCategory>
      <Execution id="a948c7ac-655e-430d-8c16-c67a48ae135e" />
      <TestMethod codeBase="C:\Projekty\MSTestProject\bin\Debug\netcoreapp3.1\MSTestProject.dll" adapterTypeName="executor://mstestadapter/v2" className="TwojeWesele.Services.Helpers.Tests.CurrencyHelperTests" name="FormatToStringTest1000" />
    </UnitTest>
    <UnitTest name="FormatToStringTest1000 (2298.0331723829886,2298.03 zł)" storage="c:\projekty\mstestproject\bin\debug\netcoreapp3.1\mstestproject.dll" id="fba5ad13-e766-4313-b988-3616ff4dd083">
      <TestCategory>
        <TestCategoryItem TestCategory="Category1000" />
      </TestCategory>
      <Execution id="f84e5923-2a00-4076-ab25-4702964e11d9" />
      <TestMethod codeBase="C:\Projekty\MSTestProject\bin\Debug\netcoreapp3.1\MSTestProject.dll" adapterTypeName="executor://mstestadapter/v2" className="TwojeWesele.Services.Helpers.Tests.CurrencyHelperTests" name="FormatToStringTest1000" />
    </UnitTest>
    <UnitTest name="FormatToStringTest1000 (5287.3103648714305,5287.31 zł)" storage="c:\projekty\mstestproject\bin\debug\netcoreapp3.1\mstestproject.dll" id="1bdd36d6-2dcf-40b9-9a37-fde3b9832185">
      <TestCategory>
        <TestCategoryItem TestCategory="Category1000" />
      </TestCategory>
      <Execution id="f807e3b1-5752-4dfa-ae69-5579ba2f17ea" />
      <TestMethod codeBase="C:\Projekty\MSTestProject\bin\Debug\netcoreapp3.1\MSTestProject.dll" adapterTypeName="executor://mstestadapter/v2" className="TwojeWesele.Services.Helpers.Tests.CurrencyHelperTests" name="FormatToStringTest1000" />
    </UnitTest>
    <UnitTest name="FormatToStringTest1000 (10965.74607995746,10965.75 zł)" storage="c:\projekty\mstestproject\bin\debug\netcoreapp3.1\mstestproject.dll" id="52e9c387-98ea-4492-bcbb-5fb406a5ea3b">
      <TestCategory>
        <TestCategoryItem TestCategory="Category1000" />
      </TestCategory>
      <Execution id="d45dcf7a-3285-471d-99b4-1fbc8fd8ed7a" />
      <TestMethod codeBase="C:\Projekty\MSTestProject\bin\Debug\netcoreapp3.1\MSTestProject.dll" adapterTypeName="executor://mstestadapter/v2" className="TwojeWesele.Services.Helpers.Tests.CurrencyHelperTests" name="FormatToStringTest1000" />
    </UnitTest>
    <UnitTest name="FormatToStringTest1000 (24646.322657574587,24646.32 zł)" storage="c:\projekty\mstestproject\bin\debug\netcoreapp3.1\mstestproject.dll" id="7fb07073-64eb-4b7b-af40-c2e4bbb283c3">
      <TestCategory>
        <TestCategoryItem TestCategory="Category1000" />
      </TestCategory>
      <Execution id="3649ad56-1123-4b03-b1c1-909bbc68ed31" />
      <TestMethod codeBase="C:\Projekty\MSTestProject\bin\Debug\netcoreapp3.1\MSTestProject.dll" adapterTypeName="executor://mstestadapter/v2" className="TwojeWesele.Services.Helpers.Tests.CurrencyHelperTests" name="FormatToStringTest1000" />
    </UnitTest>
    <UnitTest name="FormatToStringTest1000 (4898.699005344277,4898.70 zł)" storage="c:\projekty\mstestproject\bin\debug\netcoreapp3.1\mstestproject.dll" id="31e5e990-e3f0-4572-b2ea-20a276944310">
      <TestCategory>
        <TestCategoryItem TestCategory="Category1000" />
      </TestCategory>
      <Execution id="71e0f4b8-e643-4832-819a-1d4de5b589cb" />
      <TestMethod codeBase="C:\Projekty\MSTestProject\bin\Debug\netcoreapp3.1\MSTestProject.dll" adapterTypeName="executor://mstestadapter/v2" className="TwojeWesele.Services.Helpers.Tests.CurrencyHelperTests" name="FormatToStringTest1000" />
    </UnitTest>
    <UnitTest name="FormatToStringTest1000 (30722.846572104303,30722.85 zł)" storage="c:\projekty\mstestproject\bin\debug\netcoreapp3.1\mstestproject.dll" id="98da4d1f-f0e1-4fc2-8102-3a1cbe3bd01e">
      <TestCategory>
        <TestCategoryItem TestCategory="Category1000" />
      </TestCategory>
      <Execution id="c23e63ad-a694-4c15-bcea-2cfbe7347f27" />
      <TestMethod codeBase="C:\Projekty\MSTestProject\bin\Debug\netcoreapp3.1\MSTestProject.dll" adapterTypeName="executor://mstestadapter/v2" className="TwojeWesele.Services.Helpers.Tests.CurrencyHelperTests" name="FormatToStringTest1000" />
    </UnitTest>
    <UnitTest name="FormatToStringTest1000 (30360.993128030557,30360.99 zł)" storage="c:\projekty\mstestproject\bin\debug\netcoreapp3.1\mstestproject.dll" id="ddce023b-0673-4dde-b059-85b6015b7b50">
      <TestCategory>
        <TestCategoryItem TestCategory="Category1000" />
      </TestCategory>
      <Execution id="3811fd90-1f33-4f11-8fe3-d1848334697b" />
      <TestMethod codeBase="C:\Projekty\MSTestProject\bin\Debug\netcoreapp3.1\MSTestProject.dll" adapterTypeName="executor://mstestadapter/v2" className="TwojeWesele.Services.Helpers.Tests.CurrencyHelperTests" name="FormatToStringTest1000" />
    </UnitTest>
    <UnitTest name="FormatToStringTest1000 (34951.47290410077,34951.47 zł)" storage="c:\projekty\mstestproject\bin\debug\netcoreapp3.1\mstestproject.dll" id="903da1a4-c9aa-4c5f-8b18-cce5ccc999fa">
      <TestCategory>
        <TestCategoryItem TestCategory="Category1000" />
      </TestCategory>
      <Execution id="d05d4eda-86fd-44e6-b6a4-8a971db44eea" />
      <TestMethod codeBase="C:\Projekty\MSTestProject\bin\Debug\netcoreapp3.1\MSTestProject.dll" adapterTypeName="executor://mstestadapter/v2" className="TwojeWesele.Services.Helpers.Tests.CurrencyHelperTests" name="FormatToStringTest1000" />
    </UnitTest>
    <UnitTest name="FormatToStringTest1000 (18340.8953197882,18340.90 zł)" storage="c:\projekty\mstestproject\bin\debug\netcoreapp3.1\mstestproject.dll" id="8c58347b-856f-418d-9381-6dcf04b32355">
      <TestCategory>
        <TestCategoryItem TestCategory="Category1000" />
      </TestCategory>
      <Execution id="1810796b-fd38-4eac-972f-56aca5848a2e" />
      <TestMethod codeBase="C:\Projekty\MSTestProject\bin\Debug\netcoreapp3.1\MSTestProject.dll" adapterTypeName="executor://mstestadapter/v2" className="TwojeWesele.Services.Helpers.Tests.CurrencyHelperTests" name="FormatToStringTest1000" />
    </UnitTest>
    <UnitTest name="FormatToStringTest1000 (6544.213759255695,6544.21 zł)" storage="c:\projekty\mstestproject\bin\debug\netcoreapp3.1\mstestproject.dll" id="cd4eacd6-7572-4c35-8c9d-2e0014118911">
      <TestCategory>
        <TestCategoryItem TestCategory="Category1000" />
      </TestCategory>
      <Execution id="9e5477bf-99dd-4989-bd83-d91bf54c175e" />
      <TestMethod codeBase="C:\Projekty\MSTestProject\bin\Debug\netcoreapp3.1\MSTestProject.dll" adapterTypeName="executor://mstestadapter/v2" className="TwojeWesele.Services.Helpers.Tests.CurrencyHelperTests" name="FormatToStringTest1000" />
    </UnitTest>
    <UnitTest name="FormatToStringTest1000 (68698.01923441609,68698.02 zł)" storage="c:\projekty\mstestproject\bin\debug\netcoreapp3.1\mstestproject.dll" id="48172865-87bb-4084-ac55-4261d82882c4">
      <TestCategory>
        <TestCategoryItem TestCategory="Category1000" />
      </TestCategory>
      <Execution id="c8f37269-fad4-442e-a6bd-475f21882434" />
      <TestMethod codeBase="C:\Projekty\MSTestProject\bin\Debug\netcoreapp3.1\MSTestProject.dll" adapterTypeName="executor://mstestadapter/v2" className="TwojeWesele.Services.Helpers.Tests.CurrencyHelperTests" name="FormatToStringTest1000" />
    </UnitTest>
    <UnitTest name="FormatToStringTest1000 (3846.644792262765,3846.64 zł)" storage="c:\projekty\mstestproject\bin\debug\netcoreapp3.1\mstestproject.dll" id="50ad84b9-3c2d-4c1a-890f-77fd5c46e16b">
      <TestCategory>
        <TestCategoryItem TestCategory="Category1000" />
      </TestCategory>
      <Execution id="ed977df3-43c2-4869-b2dd-56996342fec1" />
      <TestMethod codeBase="C:\Projekty\MSTestProject\bin\Debug\netcoreapp3.1\MSTestProject.dll" adapterTypeName="executor://mstestadapter/v2" className="TwojeWesele.Services.Helpers.Tests.CurrencyHelperTests" name="FormatToStringTest1000" />
    </UnitTest>
    <UnitTest name="FormatToStringTest1000 (47163.337736466594,47163.34 zł)" storage="c:\projekty\mstestproject\bin\debug\netcoreapp3.1\mstestproject.dll" id="eab7a6d6-f932-4622-b0c5-cbddbb5793c4">
      <TestCategory>
        <TestCategoryItem TestCategory="Category1000" />
      </TestCategory>
      <Execution id="4d27ec83-d10a-446c-8550-dbfa4fc67051" />
      <TestMethod codeBase="C:\Projekty\MSTestProject\bin\Debug\netcoreapp3.1\MSTestProject.dll" adapterTypeName="executor://mstestadapter/v2" className="TwojeWesele.Services.Helpers.Tests.CurrencyHelperTests" name="FormatToStringTest1000" />
    </UnitTest>
    <UnitTest name="FormatToStringTest1000 (31622.81414407809,31622.81 zł)" storage="c:\projekty\mstestproject\bin\debug\netcoreapp3.1\mstestproject.dll" id="3779a9d6-5631-44b7-8524-9020e0e11821">
      <TestCategory>
        <TestCategoryItem TestCategory="Category1000" />
      </TestCategory>
      <Execution id="b56b56a8-ef6d-4712-9aff-8b6cf86c7e5f" />
      <TestMethod codeBase="C:\Projekty\MSTestProject\bin\Debug\netcoreapp3.1\MSTestProject.dll" adapterTypeName="executor://mstestadapter/v2" className="TwojeWesele.Services.Helpers.Tests.CurrencyHelperTests" name="FormatToStringTest1000" />
    </UnitTest>
    <UnitTest name="FormatToStringTest1000 (75514.58914517732,75514.59 zł)" storage="c:\projekty\mstestproject\bin\debug\netcoreapp3.1\mstestproject.dll" id="48d8604b-664c-4f02-8796-918ec7a6fd4d">
      <TestCategory>
        <TestCategoryItem TestCategory="Category1000" />
      </TestCategory>
      <Execution id="8fb74202-719e-42b4-9a37-5cd483b1c581" />
      <TestMethod codeBase="C:\Projekty\MSTestProject\bin\Debug\netcoreapp3.1\MSTestProject.dll" adapterTypeName="executor://mstestadapter/v2" className="TwojeWesele.Services.Helpers.Tests.CurrencyHelperTests" name="FormatToStringTest1000" />
    </UnitTest>
    <UnitTest name="FormatToStringTest1000 (54304.07738935393,54304.08 zł)" storage="c:\projekty\mstestproject\bin\debug\netcoreapp3.1\mstestproject.dll" id="bfff7c8a-9bde-4a91-9ea8-69a0355d2356">
      <TestCategory>
        <TestCategoryItem TestCategory="Category1000" />
      </TestCategory>
      <Execution id="fd294ede-16b7-4534-90fb-cd5643b3399c" />
      <TestMethod codeBase="C:\Projekty\MSTestProject\bin\Debug\netcoreapp3.1\MSTestProject.dll" adapterTypeName="executor://mstestadapter/v2" className="TwojeWesele.Services.Helpers.Tests.CurrencyHelperTests" name="FormatToStringTest1000" />
    </UnitTest>
    <UnitTest name="FormatToStringTest1000 (12308.022158465357,12308.02 zł)" storage="c:\projekty\mstestproject\bin\debug\netcoreapp3.1\mstestproject.dll" id="01599240-a16d-4260-afd4-33a775cf0509">
      <TestCategory>
        <TestCategoryItem TestCategory="Category1000" />
      </TestCategory>
      <Execution id="db43641b-1d3d-45f9-a739-de22bad470c6" />
      <TestMethod codeBase="C:\Projekty\MSTestProject\bin\Debug\netcoreapp3.1\MSTestProject.dll" adapterTypeName="executor://mstestadapter/v2" className="TwojeWesele.Services.Helpers.Tests.CurrencyHelperTests" name="FormatToStringTest1000" />
    </UnitTest>
    <UnitTest name="FormatToStringTest1000 (20344.185360967265,20344.19 zł)" storage="c:\projekty\mstestproject\bin\debug\netcoreapp3.1\mstestproject.dll" id="542225d2-aa44-4cef-8aeb-71da694f146b">
      <TestCategory>
        <TestCategoryItem TestCategory="Category1000" />
      </TestCategory>
      <Execution id="303ab137-0e59-4309-9dbe-18c9a17333fc" />
      <TestMethod codeBase="C:\Projekty\MSTestProject\bin\Debug\netcoreapp3.1\MSTestProject.dll" adapterTypeName="executor://mstestadapter/v2" className="TwojeWesele.Services.Helpers.Tests.CurrencyHelperTests" name="FormatToStringTest1000" />
    </UnitTest>
    <UnitTest name="FormatToStringTest1000 (36651.05802063414,36651.06 zł)" storage="c:\projekty\mstestproject\bin\debug\netcoreapp3.1\mstestproject.dll" id="d7001628-1713-4830-a508-48da0fb82805">
      <TestCategory>
        <TestCategoryItem TestCategory="Category1000" />
      </TestCategory>
      <Execution id="089a54d3-4084-49e9-9278-b9d607888385" />
      <TestMethod codeBase="C:\Projekty\MSTestProject\bin\Debug\netcoreapp3.1\MSTestProject.dll" adapterTypeName="executor://mstestadapter/v2" className="TwojeWesele.Services.Helpers.Tests.CurrencyHelperTests" name="FormatToStringTest1000" />
    </UnitTest>
    <UnitTest name="FormatToStringTest1000 (30199.386730006612,30199.39 zł)" storage="c:\projekty\mstestproject\bin\debug\netcoreapp3.1\mstestproject.dll" id="3cddf6d0-b287-468b-96c7-281410349b09">
      <TestCategory>
        <TestCategoryItem TestCategory="Category1000" />
      </TestCategory>
      <Execution id="c139138c-9ec1-4530-abcb-ec6006e131d6" />
      <TestMethod codeBase="C:\Projekty\MSTestProject\bin\Debug\netcoreapp3.1\MSTestProject.dll" adapterTypeName="executor://mstestadapter/v2" className="TwojeWesele.Services.Helpers.Tests.CurrencyHelperTests" name="FormatToStringTest1000" />
    </UnitTest>
    <UnitTest name="FormatToStringTest1000 (2121.0917325211185,2121.09 zł)" storage="c:\projekty\mstestproject\bin\debug\netcoreapp3.1\mstestproject.dll" id="cfb11ec5-7999-4a81-9569-bb4c55797eef">
      <TestCategory>
        <TestCategoryItem TestCategory="Category1000" />
      </TestCategory>
      <Execution id="adb10051-ec12-4421-8324-00c0a9e78665" />
      <TestMethod codeBase="C:\Projekty\MSTestProject\bin\Debug\netcoreapp3.1\MSTestProject.dll" adapterTypeName="executor://mstestadapter/v2" className="TwojeWesele.Services.Helpers.Tests.CurrencyHelperTests" name="FormatToStringTest1000" />
    </UnitTest>
    <UnitTest name="FormatToStringTest1000 (75915.01943546813,75915.02 zł)" storage="c:\projekty\mstestproject\bin\debug\netcoreapp3.1\mstestproject.dll" id="df1bfa58-6bd5-4308-ac1b-899a4791a378">
      <TestCategory>
        <TestCategoryItem TestCategory="Category1000" />
      </TestCategory>
      <Execution id="a5f163d3-a352-4e5e-837c-fda1773718e2" />
      <TestMethod codeBase="C:\Projekty\MSTestProject\bin\Debug\netcoreapp3.1\MSTestProject.dll" adapterTypeName="executor://mstestadapter/v2" className="TwojeWesele.Services.Helpers.Tests.CurrencyHelperTests" name="FormatToStringTest1000" />
    </UnitTest>
    <UnitTest name="FormatToStringTest1000 (9517.514896326473,9517.51 zł)" storage="c:\projekty\mstestproject\bin\debug\netcoreapp3.1\mstestproject.dll" id="ac7fa1cc-0ba3-4838-8f52-b7873cd5e952">
      <TestCategory>
        <TestCategoryItem TestCategory="Category1000" />
      </TestCategory>
      <Execution id="1d22f286-8799-4ef6-a23d-6bddf1c37082" />
      <TestMethod codeBase="C:\Projekty\MSTestProject\bin\Debug\netcoreapp3.1\MSTestProject.dll" adapterTypeName="executor://mstestadapter/v2" className="TwojeWesele.Services.Helpers.Tests.CurrencyHelperTests" name="FormatToStringTest1000" />
    </UnitTest>
    <UnitTest name="FormatToStringTest1000 (1208.1827589441941,1208.18 zł)" storage="c:\projekty\mstestproject\bin\debug\netcoreapp3.1\mstestproject.dll" id="79d539ba-7e74-47d6-9f60-514fcf68492a">
      <TestCategory>
        <TestCategoryItem TestCategory="Category1000" />
      </TestCategory>
      <Execution id="eae9b69e-adfd-4f81-81c5-e913829b7f7e" />
      <TestMethod codeBase="C:\Projekty\MSTestProject\bin\Debug\netcoreapp3.1\MSTestProject.dll" adapterTypeName="executor://mstestadapter/v2" className="TwojeWesele.Services.Helpers.Tests.CurrencyHelperTests" name="FormatToStringTest1000" />
    </UnitTest>
    <UnitTest name="FormatToStringTest1000 (29474.095826699442,29474.10 zł)" storage="c:\projekty\mstestproject\bin\debug\netcoreapp3.1\mstestproject.dll" id="a20413c7-332b-46e2-992e-42ed472caaef">
      <TestCategory>
        <TestCategoryItem TestCategory="Category1000" />
      </TestCategory>
      <Execution id="4f5d3be2-2441-4218-9c0e-caa714e124f8" />
      <TestMethod codeBase="C:\Projekty\MSTestProject\bin\Debug\netcoreapp3.1\MSTestProject.dll" adapterTypeName="executor://mstestadapter/v2" className="TwojeWesele.Services.Helpers.Tests.CurrencyHelperTests" name="FormatToStringTest1000" />
    </UnitTest>
    <UnitTest name="FormatToStringTest1000 (26858.35647848731,26858.36 zł)" storage="c:\projekty\mstestproject\bin\debug\netcoreapp3.1\mstestproject.dll" id="82340201-ac6f-4e10-84ba-5844aa0710fa">
      <TestCategory>
        <TestCategoryItem TestCategory="Category1000" />
      </TestCategory>
      <Execution id="a55f54a3-af65-4028-80f4-baaaca61168e" />
      <TestMethod codeBase="C:\Projekty\MSTestProject\bin\Debug\netcoreapp3.1\MSTestProject.dll" adapterTypeName="executor://mstestadapter/v2" className="TwojeWesele.Services.Helpers.Tests.CurrencyHelperTests" name="FormatToStringTest1000" />
    </UnitTest>
    <UnitTest name="FormatToStringTest1000 (8908.080586221107,8908.08 zł)" storage="c:\projekty\mstestproject\bin\debug\netcoreapp3.1\mstestproject.dll" id="2bf20946-c6e8-4b36-8a2a-daad5f0271e9">
      <TestCategory>
        <TestCategoryItem TestCategory="Category1000" />
      </TestCategory>
      <Execution id="0a7c0b79-2175-4439-997c-9509e3389eec" />
      <TestMethod codeBase="C:\Projekty\MSTestProject\bin\Debug\netcoreapp3.1\MSTestProject.dll" adapterTypeName="executor://mstestadapter/v2" className="TwojeWesele.Services.Helpers.Tests.CurrencyHelperTests" name="FormatToStringTest1000" />
    </UnitTest>
    <UnitTest name="FormatToStringTest1000 (72802.68569213277,72802.69 zł)" storage="c:\projekty\mstestproject\bin\debug\netcoreapp3.1\mstestproject.dll" id="ca602540-1b4e-4f7a-adef-3f2ae8f1eb1e">
      <TestCategory>
        <TestCategoryItem TestCategory="Category1000" />
      </TestCategory>
      <Execution id="88475a26-4331-4ff7-b3c3-4ebd0a5cf72f" />
      <TestMethod codeBase="C:\Projekty\MSTestProject\bin\Debug\netcoreapp3.1\MSTestProject.dll" adapterTypeName="executor://mstestadapter/v2" className="TwojeWesele.Services.Helpers.Tests.CurrencyHelperTests" name="FormatToStringTest1000" />
    </UnitTest>
    <UnitTest name="FormatToStringTest1000 (15520.346099893259,15520.35 zł)" storage="c:\projekty\mstestproject\bin\debug\netcoreapp3.1\mstestproject.dll" id="c53214fb-933d-46a2-ad56-13bf19897a9a">
      <TestCategory>
        <TestCategoryItem TestCategory="Category1000" />
      </TestCategory>
      <Execution id="15e1185e-2d30-4a7d-bdde-4e684d9c759b" />
      <TestMethod codeBase="C:\Projekty\MSTestProject\bin\Debug\netcoreapp3.1\MSTestProject.dll" adapterTypeName="executor://mstestadapter/v2" className="TwojeWesele.Services.Helpers.Tests.CurrencyHelperTests" name="FormatToStringTest1000" />
    </UnitTest>
    <UnitTest name="FormatToStringTest1000 (23548.88067407016,23548.88 zł)" storage="c:\projekty\mstestproject\bin\debug\netcoreapp3.1\mstestproject.dll" id="0246a36a-934c-46ed-9cd9-dfc146418602">
      <TestCategory>
        <TestCategoryItem TestCategory="Category1000" />
      </TestCategory>
      <Execution id="cd727b1e-90a3-4fb6-ad6e-bcbec8f679a0" />
      <TestMethod codeBase="C:\Projekty\MSTestProject\bin\Debug\netcoreapp3.1\MSTestProject.dll" adapterTypeName="executor://mstestadapter/v2" className="TwojeWesele.Services.Helpers.Tests.CurrencyHelperTests" name="FormatToStringTest1000" />
    </UnitTest>
    <UnitTest name="FormatToStringTest1000 (21961.272673999552,21961.27 zł)" storage="c:\projekty\mstestproject\bin\debug\netcoreapp3.1\mstestproject.dll" id="b7d26eda-9837-4d49-ba4e-3d8f9171f6f8">
      <TestCategory>
        <TestCategoryItem TestCategory="Category1000" />
      </TestCategory>
      <Execution id="6831566a-6110-4eaf-8144-9b3934446790" />
      <TestMethod codeBase="C:\Projekty\MSTestProject\bin\Debug\netcoreapp3.1\MSTestProject.dll" adapterTypeName="executor://mstestadapter/v2" className="TwojeWesele.Services.Helpers.Tests.CurrencyHelperTests" name="FormatToStringTest1000" />
    </UnitTest>
    <UnitTest name="FormatToStringTest1000 (9634.398811461124,9634.40 zł)" storage="c:\projekty\mstestproject\bin\debug\netcoreapp3.1\mstestproject.dll" id="a2b5cc43-4c3b-46a3-8b53-1539ed2e96b1">
      <TestCategory>
        <TestCategoryItem TestCategory="Category1000" />
      </TestCategory>
      <Execution id="0a72c9d7-e4f1-40ad-babd-4c6314810e57" />
      <TestMethod codeBase="C:\Projekty\MSTestProject\bin\Debug\netcoreapp3.1\MSTestProject.dll" adapterTypeName="executor://mstestadapter/v2" className="TwojeWesele.Services.Helpers.Tests.CurrencyHelperTests" name="FormatToStringTest1000" />
    </UnitTest>
    <UnitTest name="FormatToStringTest1000 (13092.45389243609,13092.45 zł)" storage="c:\projekty\mstestproject\bin\debug\netcoreapp3.1\mstestproject.dll" id="a3c53cb3-41ee-487c-8520-7d8c646b389c">
      <TestCategory>
        <TestCategoryItem TestCategory="Category1000" />
      </TestCategory>
      <Execution id="9ed13b77-5722-458c-9590-24f150a091ed" />
      <TestMethod codeBase="C:\Projekty\MSTestProject\bin\Debug\netcoreapp3.1\MSTestProject.dll" adapterTypeName="executor://mstestadapter/v2" className="TwojeWesele.Services.Helpers.Tests.CurrencyHelperTests" name="FormatToStringTest1000" />
    </UnitTest>
    <UnitTest name="FormatToStringTest1000 (30126.012320622805,30126.01 zł)" storage="c:\projekty\mstestproject\bin\debug\netcoreapp3.1\mstestproject.dll" id="dbfd1618-fa23-415d-b171-f667ea96a315">
      <TestCategory>
        <TestCategoryItem TestCategory="Category1000" />
      </TestCategory>
      <Execution id="b5d5f61c-8cf6-4d5f-9e3e-a4a79c486cf9" />
      <TestMethod codeBase="C:\Projekty\MSTestProject\bin\Debug\netcoreapp3.1\MSTestProject.dll" adapterTypeName="executor://mstestadapter/v2" className="TwojeWesele.Services.Helpers.Tests.CurrencyHelperTests" name="FormatToStringTest1000" />
    </UnitTest>
    <UnitTest name="FormatToStringTest1000 (12949.590713378317,12949.59 zł)" storage="c:\projekty\mstestproject\bin\debug\netcoreapp3.1\mstestproject.dll" id="ff132f7e-2eca-49a7-b506-1a5a9884f77c">
      <TestCategory>
        <TestCategoryItem TestCategory="Category1000" />
      </TestCategory>
      <Execution id="1753a83b-967b-4a36-b19a-dff43a99bb26" />
      <TestMethod codeBase="C:\Projekty\MSTestProject\bin\Debug\netcoreapp3.1\MSTestProject.dll" adapterTypeName="executor://mstestadapter/v2" className="TwojeWesele.Services.Helpers.Tests.CurrencyHelperTests" name="FormatToStringTest1000" />
    </UnitTest>
    <UnitTest name="FormatToStringTest1000 (3646.857719214101,3646.86 zł)" storage="c:\projekty\mstestproject\bin\debug\netcoreapp3.1\mstestproject.dll" id="a54570ab-2a98-48bf-b1f7-4d6135904d37">
      <TestCategory>
        <TestCategoryItem TestCategory="Category1000" />
      </TestCategory>
      <Execution id="25badbf6-806b-4633-8c53-5207f41a36bb" />
      <TestMethod codeBase="C:\Projekty\MSTestProject\bin\Debug\netcoreapp3.1\MSTestProject.dll" adapterTypeName="executor://mstestadapter/v2" className="TwojeWesele.Services.Helpers.Tests.CurrencyHelperTests" name="FormatToStringTest1000" />
    </UnitTest>
    <UnitTest name="FormatToStringTest1000 (32359.431438434138,32359.43 zł)" storage="c:\projekty\mstestproject\bin\debug\netcoreapp3.1\mstestproject.dll" id="910569e1-8342-4b75-a024-2ca218c95262">
      <TestCategory>
        <TestCategoryItem TestCategory="Category1000" />
      </TestCategory>
      <Execution id="c971ea08-90ce-4dd4-a443-423c9871230b" />
      <TestMethod codeBase="C:\Projekty\MSTestProject\bin\Debug\netcoreapp3.1\MSTestProject.dll" adapterTypeName="executor://mstestadapter/v2" className="TwojeWesele.Services.Helpers.Tests.CurrencyHelperTests" name="FormatToStringTest1000" />
    </UnitTest>
    <UnitTest name="FormatToStringTest1000 (6276.389386365838,6276.39 zł)" storage="c:\projekty\mstestproject\bin\debug\netcoreapp3.1\mstestproject.dll" id="ce8d5664-dedc-458f-b8d0-f7a224edfdef">
      <TestCategory>
        <TestCategoryItem TestCategory="Category1000" />
      </TestCategory>
      <Execution id="a0f5b3a5-4150-47bb-9004-08fd6040b649" />
      <TestMethod codeBase="C:\Projekty\MSTestProject\bin\Debug\netcoreapp3.1\MSTestProject.dll" adapterTypeName="executor://mstestadapter/v2" className="TwojeWesele.Services.Helpers.Tests.CurrencyHelperTests" name="FormatToStringTest1000" />
    </UnitTest>
    <UnitTest name="FormatToStringTest1000 (12125.090155628086,12125.09 zł)" storage="c:\projekty\mstestproject\bin\debug\netcoreapp3.1\mstestproject.dll" id="a51912a6-9ad9-4011-96c8-0c0cb33b2794">
      <TestCategory>
        <TestCategoryItem TestCategory="Category1000" />
      </TestCategory>
      <Execution id="7ebfb0fe-615b-4730-9cb1-41ee6240b567" />
      <TestMethod codeBase="C:\Projekty\MSTestProject\bin\Debug\netcoreapp3.1\MSTestProject.dll" adapterTypeName="executor://mstestadapter/v2" className="TwojeWesele.Services.Helpers.Tests.CurrencyHelperTests" name="FormatToStringTest1000" />
    </UnitTest>
    <UnitTest name="FormatToStringTest1000 (7013.601812260971,7013.60 zł)" storage="c:\projekty\mstestproject\bin\debug\netcoreapp3.1\mstestproject.dll" id="6d002b79-79e6-4969-a0a6-234561dee19d">
      <TestCategory>
        <TestCategoryItem TestCategory="Category1000" />
      </TestCategory>
      <Execution id="7b21f302-79b4-4cef-8e53-4a000bd93f80" />
      <TestMethod codeBase="C:\Projekty\MSTestProject\bin\Debug\netcoreapp3.1\MSTestProject.dll" adapterTypeName="executor://mstestadapter/v2" className="TwojeWesele.Services.Helpers.Tests.CurrencyHelperTests" name="FormatToStringTest1000" />
    </UnitTest>
    <UnitTest name="FormatToStringTest1000 (17232.486162219426,17232.49 zł)" storage="c:\projekty\mstestproject\bin\debug\netcoreapp3.1\mstestproject.dll" id="87db2e64-ad8b-4e6d-a0be-2aaf1049070a">
      <TestCategory>
        <TestCategoryItem TestCategory="Category1000" />
      </TestCategory>
      <Execution id="cf4595c0-a7de-407d-8cad-633020c7c4fb" />
      <TestMethod codeBase="C:\Projekty\MSTestProject\bin\Debug\netcoreapp3.1\MSTestProject.dll" adapterTypeName="executor://mstestadapter/v2" className="TwojeWesele.Services.Helpers.Tests.CurrencyHelperTests" name="FormatToStringTest1000" />
    </UnitTest>
    <UnitTest name="FormatToStringTest1000 (13681.607566007231,13681.61 zł)" storage="c:\projekty\mstestproject\bin\debug\netcoreapp3.1\mstestproject.dll" id="9091603b-2ebd-423d-9776-5afdd91a61fd">
      <TestCategory>
        <TestCategoryItem TestCategory="Category1000" />
      </TestCategory>
      <Execution id="ecff1fb6-b943-4ee2-b4e7-1fb1cae02e08" />
      <TestMethod codeBase="C:\Projekty\MSTestProject\bin\Debug\netcoreapp3.1\MSTestProject.dll" adapterTypeName="executor://mstestadapter/v2" className="TwojeWesele.Services.Helpers.Tests.CurrencyHelperTests" name="FormatToStringTest1000" />
    </UnitTest>
    <UnitTest name="FormatToStringTest1000 (66284.43763489948,66284.44 zł)" storage="c:\projekty\mstestproject\bin\debug\netcoreapp3.1\mstestproject.dll" id="31f971de-40a6-4707-885f-80fc55741d57">
      <TestCategory>
        <TestCategoryItem TestCategory="Category1000" />
      </TestCategory>
      <Execution id="66efb325-992c-472d-a0c2-8c44d57cb0b6" />
      <TestMethod codeBase="C:\Projekty\MSTestProject\bin\Debug\netcoreapp3.1\MSTestProject.dll" adapterTypeName="executor://mstestadapter/v2" className="TwojeWesele.Services.Helpers.Tests.CurrencyHelperTests" name="FormatToStringTest1000" />
    </UnitTest>
    <UnitTest name="FormatToStringTest1000 (1613.6903705837626,1613.69 zł)" storage="c:\projekty\mstestproject\bin\debug\netcoreapp3.1\mstestproject.dll" id="d4422657-088b-4947-8654-7ead5d6774a5">
      <TestCategory>
        <TestCategoryItem TestCategory="Category1000" />
      </TestCategory>
      <Execution id="9cf1e24f-07cd-4414-aebe-8afb4d096dab" />
      <TestMethod codeBase="C:\Projekty\MSTestProject\bin\Debug\netcoreapp3.1\MSTestProject.dll" adapterTypeName="executor://mstestadapter/v2" className="TwojeWesele.Services.Helpers.Tests.CurrencyHelperTests" name="FormatToStringTest1000" />
    </UnitTest>
    <UnitTest name="FormatToStringTest1000 (30410.68214617003,30410.68 zł)" storage="c:\projekty\mstestproject\bin\debug\netcoreapp3.1\mstestproject.dll" id="ecf395fe-cde6-4320-9a5f-6a83f1925673">
      <TestCategory>
        <TestCategoryItem TestCategory="Category1000" />
      </TestCategory>
      <Execution id="51f42fdd-3016-4b2f-81ed-ec28354508bf" />
      <TestMethod codeBase="C:\Projekty\MSTestProject\bin\Debug\netcoreapp3.1\MSTestProject.dll" adapterTypeName="executor://mstestadapter/v2" className="TwojeWesele.Services.Helpers.Tests.CurrencyHelperTests" name="FormatToStringTest1000" />
    </UnitTest>
    <UnitTest name="FormatToStringTest1000 (17953.338243749615,17953.34 zł)" storage="c:\projekty\mstestproject\bin\debug\netcoreapp3.1\mstestproject.dll" id="273cca32-5e8b-4475-89f6-1e6f944453e8">
      <TestCategory>
        <TestCategoryItem TestCategory="Category1000" />
      </TestCategory>
      <Execution id="978d1d50-5165-4e4d-a484-249d16f70f92" />
      <TestMethod codeBase="C:\Projekty\MSTestProject\bin\Debug\netcoreapp3.1\MSTestProject.dll" adapterTypeName="executor://mstestadapter/v2" className="TwojeWesele.Services.Helpers.Tests.CurrencyHelperTests" name="FormatToStringTest1000" />
    </UnitTest>
    <UnitTest name="FormatToStringTest1000 (50956.25028206606,50956.25 zł)" storage="c:\projekty\mstestproject\bin\debug\netcoreapp3.1\mstestproject.dll" id="433bb9d1-11b1-4f0f-81b6-58233835872d">
      <TestCategory>
        <TestCategoryItem TestCategory="Category1000" />
      </TestCategory>
      <Execution id="4cd11a4f-25ae-46a8-a07f-902b2cd42a06" />
      <TestMethod codeBase="C:\Projekty\MSTestProject\bin\Debug\netcoreapp3.1\MSTestProject.dll" adapterTypeName="executor://mstestadapter/v2" className="TwojeWesele.Services.Helpers.Tests.CurrencyHelperTests" name="FormatToStringTest1000" />
    </UnitTest>
    <UnitTest name="FormatToStringTest1000 (1073.195098933389,1073.20 zł)" storage="c:\projekty\mstestproject\bin\debug\netcoreapp3.1\mstestproject.dll" id="a5e526f7-d6d7-41c4-b829-a64e6fc55516">
      <TestCategory>
        <TestCategoryItem TestCategory="Category1000" />
      </TestCategory>
      <Execution id="9223beaf-86d1-4a3a-aa6f-be3a2e2413da" />
      <TestMethod codeBase="C:\Projekty\MSTestProject\bin\Debug\netcoreapp3.1\MSTestProject.dll" adapterTypeName="executor://mstestadapter/v2" className="TwojeWesele.Services.Helpers.Tests.CurrencyHelperTests" name="FormatToStringTest1000" />
    </UnitTest>
    <UnitTest name="FormatToStringTest1000 (14100.01255469211,14100.01 zł)" storage="c:\projekty\mstestproject\bin\debug\netcoreapp3.1\mstestproject.dll" id="a6e817ad-7b8b-4f28-a515-d6941490627a">
      <TestCategory>
        <TestCategoryItem TestCategory="Category1000" />
      </TestCategory>
      <Execution id="e91eec3b-417f-447d-8355-53b55e7b729c" />
      <TestMethod codeBase="C:\Projekty\MSTestProject\bin\Debug\netcoreapp3.1\MSTestProject.dll" adapterTypeName="executor://mstestadapter/v2" className="TwojeWesele.Services.Helpers.Tests.CurrencyHelperTests" name="FormatToStringTest1000" />
    </UnitTest>
    <UnitTest name="FormatToStringTest1000 (37826.846755123166,37826.85 zł)" storage="c:\projekty\mstestproject\bin\debug\netcoreapp3.1\mstestproject.dll" id="8da8c179-8c7d-4ee4-9f3b-ba2f44e335fa">
      <TestCategory>
        <TestCategoryItem TestCategory="Category1000" />
      </TestCategory>
      <Execution id="8907c4d4-2e40-4269-b2f2-84b9a8bd2f72" />
      <TestMethod codeBase="C:\Projekty\MSTestProject\bin\Debug\netcoreapp3.1\MSTestProject.dll" adapterTypeName="executor://mstestadapter/v2" className="TwojeWesele.Services.Helpers.Tests.CurrencyHelperTests" name="FormatToStringTest1000" />
    </UnitTest>
    <UnitTest name="FormatToStringTest1000 (12379.347974640013,12379.35 zł)" storage="c:\projekty\mstestproject\bin\debug\netcoreapp3.1\mstestproject.dll" id="d16ac174-062d-40f4-a291-5c2e00a7fb55">
      <TestCategory>
        <TestCategoryItem TestCategory="Category1000" />
      </TestCategory>
      <Execution id="0ee88663-e4b2-4a8e-958a-8ef996d5c399" />
      <TestMethod codeBase="C:\Projekty\MSTestProject\bin\Debug\netcoreapp3.1\MSTestProject.dll" adapterTypeName="executor://mstestadapter/v2" className="TwojeWesele.Services.Helpers.Tests.CurrencyHelperTests" name="FormatToStringTest1000" />
    </UnitTest>
    <UnitTest name="FormatToStringTest1000 (32908.76696502639,32908.77 zł)" storage="c:\projekty\mstestproject\bin\debug\netcoreapp3.1\mstestproject.dll" id="f2e6f531-d34e-412f-b9b2-74ed7af934fc">
      <TestCategory>
        <TestCategoryItem TestCategory="Category1000" />
      </TestCategory>
      <Execution id="62c61a0b-43d6-469b-86d4-e6a589442bf6" />
      <TestMethod codeBase="C:\Projekty\MSTestProject\bin\Debug\netcoreapp3.1\MSTestProject.dll" adapterTypeName="executor://mstestadapter/v2" className="TwojeWesele.Services.Helpers.Tests.CurrencyHelperTests" name="FormatToStringTest1000" />
    </UnitTest>
    <UnitTest name="FormatToStringTest1000 (835.1578487740633,835.16 zł)" storage="c:\projekty\mstestproject\bin\debug\netcoreapp3.1\mstestproject.dll" id="afb71ce0-6dd3-4c02-b80d-968622cc6e60">
      <TestCategory>
        <TestCategoryItem TestCategory="Category1000" />
      </TestCategory>
      <Execution id="1f0ceb43-27f2-433e-ad78-22fa6456487a" />
      <TestMethod codeBase="C:\Projekty\MSTestProject\bin\Debug\netcoreapp3.1\MSTestProject.dll" adapterTypeName="executor://mstestadapter/v2" className="TwojeWesele.Services.Helpers.Tests.CurrencyHelperTests" name="FormatToStringTest1000" />
    </UnitTest>
    <UnitTest name="FormatToStringTest1000 (1568.615240217473,1568.62 zł)" storage="c:\projekty\mstestproject\bin\debug\netcoreapp3.1\mstestproject.dll" id="1a0a435e-e007-46b2-a7eb-54cbf0817975">
      <TestCategory>
        <TestCategoryItem TestCategory="Category1000" />
      </TestCategory>
      <Execution id="973d337c-1ae4-4bb2-813b-01a4d3d671d8" />
      <TestMethod codeBase="C:\Projekty\MSTestProject\bin\Debug\netcoreapp3.1\MSTestProject.dll" adapterTypeName="executor://mstestadapter/v2" className="TwojeWesele.Services.Helpers.Tests.CurrencyHelperTests" name="FormatToStringTest1000" />
    </UnitTest>
    <UnitTest name="FormatToStringTest1000 (15600.245951180927,15600.25 zł)" storage="c:\projekty\mstestproject\bin\debug\netcoreapp3.1\mstestproject.dll" id="bff364cd-74e2-446b-9363-982404edce04">
      <TestCategory>
        <TestCategoryItem TestCategory="Category1000" />
      </TestCategory>
      <Execution id="4a8f2143-2f81-4695-96b7-4d05c8707f01" />
      <TestMethod codeBase="C:\Projekty\MSTestProject\bin\Debug\netcoreapp3.1\MSTestProject.dll" adapterTypeName="executor://mstestadapter/v2" className="TwojeWesele.Services.Helpers.Tests.CurrencyHelperTests" name="FormatToStringTest1000" />
    </UnitTest>
    <UnitTest name="FormatToStringTest1000 (41972.39431566763,41972.39 zł)" storage="c:\projekty\mstestproject\bin\debug\netcoreapp3.1\mstestproject.dll" id="bea8ce69-7df1-43c3-b2f6-0096f7a1a15b">
      <TestCategory>
        <TestCategoryItem TestCategory="Category1000" />
      </TestCategory>
      <Execution id="a8c71ba7-5c0e-46a9-b6c4-294f4e198922" />
      <TestMethod codeBase="C:\Projekty\MSTestProject\bin\Debug\netcoreapp3.1\MSTestProject.dll" adapterTypeName="executor://mstestadapter/v2" className="TwojeWesele.Services.Helpers.Tests.CurrencyHelperTests" name="FormatToStringTest1000" />
    </UnitTest>
    <UnitTest name="FormatToStringTest1000 (19882.647973500494,19882.65 zł)" storage="c:\projekty\mstestproject\bin\debug\netcoreapp3.1\mstestproject.dll" id="d2a500a5-d400-4b0e-b93b-603175c5c9c8">
      <TestCategory>
        <TestCategoryItem TestCategory="Category1000" />
      </TestCategory>
      <Execution id="c4c7b5a6-832f-4c35-bb1e-9ec2e42b41fe" />
      <TestMethod codeBase="C:\Projekty\MSTestProject\bin\Debug\netcoreapp3.1\MSTestProject.dll" adapterTypeName="executor://mstestadapter/v2" className="TwojeWesele.Services.Helpers.Tests.CurrencyHelperTests" name="FormatToStringTest1000" />
    </UnitTest>
    <UnitTest name="FormatToStringTest1000 (16208.076866391615,16208.08 zł)" storage="c:\projekty\mstestproject\bin\debug\netcoreapp3.1\mstestproject.dll" id="1570052a-f65c-4371-84fb-50f83a927188">
      <TestCategory>
        <TestCategoryItem TestCategory="Category1000" />
      </TestCategory>
      <Execution id="212c86c7-7b4f-455d-864a-6e3046408031" />
      <TestMethod codeBase="C:\Projekty\MSTestProject\bin\Debug\netcoreapp3.1\MSTestProject.dll" adapterTypeName="executor://mstestadapter/v2" className="TwojeWesele.Services.Helpers.Tests.CurrencyHelperTests" name="FormatToStringTest1000" />
    </UnitTest>
    <UnitTest name="FormatToStringTest1000 (30626.373939456127,30626.37 zł)" storage="c:\projekty\mstestproject\bin\debug\netcoreapp3.1\mstestproject.dll" id="b62eaf68-2a24-49ce-aa88-1091f91ef3f1">
      <TestCategory>
        <TestCategoryItem TestCategory="Category1000" />
      </TestCategory>
      <Execution id="0ae58926-28cc-4150-9c6e-8c8d586fc33c" />
      <TestMethod codeBase="C:\Projekty\MSTestProject\bin\Debug\netcoreapp3.1\MSTestProject.dll" adapterTypeName="executor://mstestadapter/v2" className="TwojeWesele.Services.Helpers.Tests.CurrencyHelperTests" name="FormatToStringTest1000" />
    </UnitTest>
    <UnitTest name="FormatToStringTest1000 (23023.74724929768,23023.75 zł)" storage="c:\projekty\mstestproject\bin\debug\netcoreapp3.1\mstestproject.dll" id="85d1c731-5a74-4702-ba2e-e15bcdd33b86">
      <TestCategory>
        <TestCategoryItem TestCategory="Category1000" />
      </TestCategory>
      <Execution id="d015213a-7496-4e47-91c0-c62cfd112718" />
      <TestMethod codeBase="C:\Projekty\MSTestProject\bin\Debug\netcoreapp3.1\MSTestProject.dll" adapterTypeName="executor://mstestadapter/v2" className="TwojeWesele.Services.Helpers.Tests.CurrencyHelperTests" name="FormatToStringTest1000" />
    </UnitTest>
    <UnitTest name="FormatToStringTest1000 (70771.4436677524,70771.44 zł)" storage="c:\projekty\mstestproject\bin\debug\netcoreapp3.1\mstestproject.dll" id="a9e8c999-c0be-4f6c-8ac2-add8dba50dbc">
      <TestCategory>
        <TestCategoryItem TestCategory="Category1000" />
      </TestCategory>
      <Execution id="e8789d3f-0f1f-4338-9d57-09f7b9a4f5ed" />
      <TestMethod codeBase="C:\Projekty\MSTestProject\bin\Debug\netcoreapp3.1\MSTestProject.dll" adapterTypeName="executor://mstestadapter/v2" className="TwojeWesele.Services.Helpers.Tests.CurrencyHelperTests" name="FormatToStringTest1000" />
    </UnitTest>
    <UnitTest name="FormatToStringTest1000 (20116.958341299072,20116.96 zł)" storage="c:\projekty\mstestproject\bin\debug\netcoreapp3.1\mstestproject.dll" id="aea6e580-1ad7-4033-8cca-ba50161d526b">
      <TestCategory>
        <TestCategoryItem TestCategory="Category1000" />
      </TestCategory>
      <Execution id="4c667bd5-bc7f-4ba9-b3e2-363a53465544" />
      <TestMethod codeBase="C:\Projekty\MSTestProject\bin\Debug\netcoreapp3.1\MSTestProject.dll" adapterTypeName="executor://mstestadapter/v2" className="TwojeWesele.Services.Helpers.Tests.CurrencyHelperTests" name="FormatToStringTest1000" />
    </UnitTest>
    <UnitTest name="FormatToStringTest1000 (25272.05048361283,25272.05 zł)" storage="c:\projekty\mstestproject\bin\debug\netcoreapp3.1\mstestproject.dll" id="480fb36f-ebaf-44c4-9a35-ba3fb9759ddb">
      <TestCategory>
        <TestCategoryItem TestCategory="Category1000" />
      </TestCategory>
      <Execution id="3ab64116-d08d-46ba-b6f2-788e8aa8ff26" />
      <TestMethod codeBase="C:\Projekty\MSTestProject\bin\Debug\netcoreapp3.1\MSTestProject.dll" adapterTypeName="executor://mstestadapter/v2" className="TwojeWesele.Services.Helpers.Tests.CurrencyHelperTests" name="FormatToStringTest1000" />
    </UnitTest>
    <UnitTest name="FormatToStringTest1000 (30034.922435005625,30034.92 zł)" storage="c:\projekty\mstestproject\bin\debug\netcoreapp3.1\mstestproject.dll" id="0801c4bd-b50c-4a16-8f7c-0c93375c8a79">
      <TestCategory>
        <TestCategoryItem TestCategory="Category1000" />
      </TestCategory>
      <Execution id="bb9767d3-0048-4bb6-a5b1-b5e79593f2fe" />
      <TestMethod codeBase="C:\Projekty\MSTestProject\bin\Debug\netcoreapp3.1\MSTestProject.dll" adapterTypeName="executor://mstestadapter/v2" className="TwojeWesele.Services.Helpers.Tests.CurrencyHelperTests" name="FormatToStringTest1000" />
    </UnitTest>
    <UnitTest name="FormatToStringTest1000 (1751.7703038522834,1751.77 zł)" storage="c:\projekty\mstestproject\bin\debug\netcoreapp3.1\mstestproject.dll" id="4c48d24a-bc44-4fa3-b406-bc18fb1342e1">
      <TestCategory>
        <TestCategoryItem TestCategory="Category1000" />
      </TestCategory>
      <Execution id="79457240-fd91-4118-8d56-fee0b8468e20" />
      <TestMethod codeBase="C:\Projekty\MSTestProject\bin\Debug\netcoreapp3.1\MSTestProject.dll" adapterTypeName="executor://mstestadapter/v2" className="TwojeWesele.Services.Helpers.Tests.CurrencyHelperTests" name="FormatToStringTest1000" />
    </UnitTest>
    <UnitTest name="FormatToStringTest1000 (7621.507806692509,7621.51 zł)" storage="c:\projekty\mstestproject\bin\debug\netcoreapp3.1\mstestproject.dll" id="36c93c08-8cb6-48a0-83e7-742288bd2d0d">
      <TestCategory>
        <TestCategoryItem TestCategory="Category1000" />
      </TestCategory>
      <Execution id="ba3f2433-a76d-43b3-8c65-fadb7dc5f063" />
      <TestMethod codeBase="C:\Projekty\MSTestProject\bin\Debug\netcoreapp3.1\MSTestProject.dll" adapterTypeName="executor://mstestadapter/v2" className="TwojeWesele.Services.Helpers.Tests.CurrencyHelperTests" name="FormatToStringTest1000" />
    </UnitTest>
    <UnitTest name="FormatToStringTest1000 (60017.857676936714,60017.86 zł)" storage="c:\projekty\mstestproject\bin\debug\netcoreapp3.1\mstestproject.dll" id="cb037552-ab28-4c46-84cc-b285d48839dc">
      <TestCategory>
        <TestCategoryItem TestCategory="Category1000" />
      </TestCategory>
      <Execution id="199e63c6-c9f7-4e54-be58-e4575b883b00" />
      <TestMethod codeBase="C:\Projekty\MSTestProject\bin\Debug\netcoreapp3.1\MSTestProject.dll" adapterTypeName="executor://mstestadapter/v2" className="TwojeWesele.Services.Helpers.Tests.CurrencyHelperTests" name="FormatToStringTest1000" />
    </UnitTest>
    <UnitTest name="FormatToStringTest1000 (84686.32148464039,84686.32 zł)" storage="c:\projekty\mstestproject\bin\debug\netcoreapp3.1\mstestproject.dll" id="0b33533c-9a93-47bb-907c-5904e692fa43">
      <TestCategory>
        <TestCategoryItem TestCategory="Category1000" />
      </TestCategory>
      <Execution id="7780f5ab-914d-44b9-a440-7a231edbdd87" />
      <TestMethod codeBase="C:\Projekty\MSTestProject\bin\Debug\netcoreapp3.1\MSTestProject.dll" adapterTypeName="executor://mstestadapter/v2" className="TwojeWesele.Services.Helpers.Tests.CurrencyHelperTests" name="FormatToStringTest1000" />
    </UnitTest>
    <UnitTest name="FormatToStringTest1000 (52888.48934243642,52888.49 zł)" storage="c:\projekty\mstestproject\bin\debug\netcoreapp3.1\mstestproject.dll" id="b8a7e3ba-b17f-4e74-93ed-86389b7f1bbb">
      <TestCategory>
        <TestCategoryItem TestCategory="Category1000" />
      </TestCategory>
      <Execution id="65082874-e24b-4825-9460-38cfe3bf0895" />
      <TestMethod codeBase="C:\Projekty\MSTestProject\bin\Debug\netcoreapp3.1\MSTestProject.dll" adapterTypeName="executor://mstestadapter/v2" className="TwojeWesele.Services.Helpers.Tests.CurrencyHelperTests" name="FormatToStringTest1000" />
    </UnitTest>
    <UnitTest name="FormatToStringTest1000 (7348.947429818543,7348.95 zł)" storage="c:\projekty\mstestproject\bin\debug\netcoreapp3.1\mstestproject.dll" id="36a4b76d-0d94-44ee-880f-99656c94a8c5">
      <TestCategory>
        <TestCategoryItem TestCategory="Category1000" />
      </TestCategory>
      <Execution id="35e23e8b-9d91-4b9a-acb9-fe8a07f731fa" />
      <TestMethod codeBase="C:\Projekty\MSTestProject\bin\Debug\netcoreapp3.1\MSTestProject.dll" adapterTypeName="executor://mstestadapter/v2" className="TwojeWesele.Services.Helpers.Tests.CurrencyHelperTests" name="FormatToStringTest1000" />
    </UnitTest>
    <UnitTest name="FormatToStringTest1000 (36978.61073549213,36978.61 zł)" storage="c:\projekty\mstestproject\bin\debug\netcoreapp3.1\mstestproject.dll" id="dcf90845-4dde-47bd-907e-5030531842e4">
      <TestCategory>
        <TestCategoryItem TestCategory="Category1000" />
      </TestCategory>
      <Execution id="cf30b877-8d62-4bec-886b-c9b1c237a277" />
      <TestMethod codeBase="C:\Projekty\MSTestProject\bin\Debug\netcoreapp3.1\MSTestProject.dll" adapterTypeName="executor://mstestadapter/v2" className="TwojeWesele.Services.Helpers.Tests.CurrencyHelperTests" name="FormatToStringTest1000" />
    </UnitTest>
    <UnitTest name="FormatToStringTest1000 (35384.637112688106,35384.64 zł)" storage="c:\projekty\mstestproject\bin\debug\netcoreapp3.1\mstestproject.dll" id="d1fdc49e-9a17-458f-9c39-eab9e3277594">
      <TestCategory>
        <TestCategoryItem TestCategory="Category1000" />
      </TestCategory>
      <Execution id="def16953-3adb-4fb9-b86b-5d10cacd5ece" />
      <TestMethod codeBase="C:\Projekty\MSTestProject\bin\Debug\netcoreapp3.1\MSTestProject.dll" adapterTypeName="executor://mstestadapter/v2" className="TwojeWesele.Services.Helpers.Tests.CurrencyHelperTests" name="FormatToStringTest1000" />
    </UnitTest>
    <UnitTest name="FormatToStringTest1000 (40241.790964380736,40241.79 zł)" storage="c:\projekty\mstestproject\bin\debug\netcoreapp3.1\mstestproject.dll" id="a47ba5d0-5d13-43ec-a582-63be9b603814">
      <TestCategory>
        <TestCategoryItem TestCategory="Category1000" />
      </TestCategory>
      <Execution id="d6912683-f42d-4aa1-9840-1e66800e2255" />
      <TestMethod codeBase="C:\Projekty\MSTestProject\bin\Debug\netcoreapp3.1\MSTestProject.dll" adapterTypeName="executor://mstestadapter/v2" className="TwojeWesele.Services.Helpers.Tests.CurrencyHelperTests" name="FormatToStringTest1000" />
    </UnitTest>
    <UnitTest name="FormatToStringTest1000 (24137.016609529506,24137.02 zł)" storage="c:\projekty\mstestproject\bin\debug\netcoreapp3.1\mstestproject.dll" id="d5384328-ab37-4ad4-ba27-de56a35fe344">
      <TestCategory>
        <TestCategoryItem TestCategory="Category1000" />
      </TestCategory>
      <Execution id="96472555-0509-4e9f-8aba-e2f964b83308" />
      <TestMethod codeBase="C:\Projekty\MSTestProject\bin\Debug\netcoreapp3.1\MSTestProject.dll" adapterTypeName="executor://mstestadapter/v2" className="TwojeWesele.Services.Helpers.Tests.CurrencyHelperTests" name="FormatToStringTest1000" />
    </UnitTest>
    <UnitTest name="FormatToStringTest1000 (9196.579612724754,9196.58 zł)" storage="c:\projekty\mstestproject\bin\debug\netcoreapp3.1\mstestproject.dll" id="0cf2f965-e01a-43cf-9118-32cffe277946">
      <TestCategory>
        <TestCategoryItem TestCategory="Category1000" />
      </TestCategory>
      <Execution id="9b09ca90-3094-45a3-8cce-172796af78cc" />
      <TestMethod codeBase="C:\Projekty\MSTestProject\bin\Debug\netcoreapp3.1\MSTestProject.dll" adapterTypeName="executor://mstestadapter/v2" className="TwojeWesele.Services.Helpers.Tests.CurrencyHelperTests" name="FormatToStringTest1000" />
    </UnitTest>
    <UnitTest name="FormatToStringTest1000 (38845.74924104323,38845.75 zł)" storage="c:\projekty\mstestproject\bin\debug\netcoreapp3.1\mstestproject.dll" id="52bc7f4d-89ec-4a39-91dc-e8e97033feb1">
      <TestCategory>
        <TestCategoryItem TestCategory="Category1000" />
      </TestCategory>
      <Execution id="a3daeb85-ac3a-4f4a-833d-008d10527974" />
      <TestMethod codeBase="C:\Projekty\MSTestProject\bin\Debug\netcoreapp3.1\MSTestProject.dll" adapterTypeName="executor://mstestadapter/v2" className="TwojeWesele.Services.Helpers.Tests.CurrencyHelperTests" name="FormatToStringTest1000" />
    </UnitTest>
    <UnitTest name="FormatToStringTest1000 (9928.477822322622,9928.48 zł)" storage="c:\projekty\mstestproject\bin\debug\netcoreapp3.1\mstestproject.dll" id="25a8d425-fe5f-4752-83c5-0ffe0a34be02">
      <TestCategory>
        <TestCategoryItem TestCategory="Category1000" />
      </TestCategory>
      <Execution id="3598d39b-4327-4071-9ed4-ac9a2b263bf1" />
      <TestMethod codeBase="C:\Projekty\MSTestProject\bin\Debug\netcoreapp3.1\MSTestProject.dll" adapterTypeName="executor://mstestadapter/v2" className="TwojeWesele.Services.Helpers.Tests.CurrencyHelperTests" name="FormatToStringTest1000" />
    </UnitTest>
    <UnitTest name="FormatToStringTest1000 (35.34471716840971,35.34 zł)" storage="c:\projekty\mstestproject\bin\debug\netcoreapp3.1\mstestproject.dll" id="c4a5fe24-5a83-4c33-bb4a-dc3a8d0b8341">
      <TestCategory>
        <TestCategoryItem TestCategory="Category1000" />
      </TestCategory>
      <Execution id="2a95f2f6-34cb-4d3a-966f-ab27a3b64a9f" />
      <TestMethod codeBase="C:\Projekty\MSTestProject\bin\Debug\netcoreapp3.1\MSTestProject.dll" adapterTypeName="executor://mstestadapter/v2" className="TwojeWesele.Services.Helpers.Tests.CurrencyHelperTests" name="FormatToStringTest1000" />
    </UnitTest>
    <UnitTest name="FormatToStringTest1000 (657.5396922647672,657.54 zł)" storage="c:\projekty\mstestproject\bin\debug\netcoreapp3.1\mstestproject.dll" id="c660bb1d-1fbf-4930-a854-086a6bdb48fb">
      <TestCategory>
        <TestCategoryItem TestCategory="Category1000" />
      </TestCategory>
      <Execution id="a952bf88-2a5f-48fd-9c6b-839306296904" />
      <TestMethod codeBase="C:\Projekty\MSTestProject\bin\Debug\netcoreapp3.1\MSTestProject.dll" adapterTypeName="executor://mstestadapter/v2" className="TwojeWesele.Services.Helpers.Tests.CurrencyHelperTests" name="FormatToStringTest1000" />
    </UnitTest>
    <UnitTest name="FormatToStringTest1000 (20445.11280083149,20445.11 zł)" storage="c:\projekty\mstestproject\bin\debug\netcoreapp3.1\mstestproject.dll" id="ad36136d-a347-4574-9eab-83b9f3ac3a55">
      <TestCategory>
        <TestCategoryItem TestCategory="Category1000" />
      </TestCategory>
      <Execution id="332bb581-6d5b-41a1-90d8-2460ec2a2904" />
      <TestMethod codeBase="C:\Projekty\MSTestProject\bin\Debug\netcoreapp3.1\MSTestProject.dll" adapterTypeName="executor://mstestadapter/v2" className="TwojeWesele.Services.Helpers.Tests.CurrencyHelperTests" name="FormatToStringTest1000" />
    </UnitTest>
    <UnitTest name="FormatToStringTest1000 (46391.661094229516,46391.66 zł)" storage="c:\projekty\mstestproject\bin\debug\netcoreapp3.1\mstestproject.dll" id="6ff91a23-e8da-42a4-8808-fa6406458b2d">
      <TestCategory>
        <TestCategoryItem TestCategory="Category1000" />
      </TestCategory>
      <Execution id="ad8c9ad0-b480-4620-99ad-680fae117d0c" />
      <TestMethod codeBase="C:\Projekty\MSTestProject\bin\Debug\netcoreapp3.1\MSTestProject.dll" adapterTypeName="executor://mstestadapter/v2" className="TwojeWesele.Services.Helpers.Tests.CurrencyHelperTests" name="FormatToStringTest1000" />
    </UnitTest>
    <UnitTest name="FormatToStringTest1000 (16637.074429372828,16637.07 zł)" storage="c:\projekty\mstestproject\bin\debug\netcoreapp3.1\mstestproject.dll" id="1cf9b560-783f-4f36-8824-9987465f7ffe">
      <TestCategory>
        <TestCategoryItem TestCategory="Category1000" />
      </TestCategory>
      <Execution id="5165e549-9727-45e8-90b0-72b253e27098" />
      <TestMethod codeBase="C:\Projekty\MSTestProject\bin\Debug\netcoreapp3.1\MSTestProject.dll" adapterTypeName="executor://mstestadapter/v2" className="TwojeWesele.Services.Helpers.Tests.CurrencyHelperTests" name="FormatToStringTest1000" />
    </UnitTest>
    <UnitTest name="FormatToStringTest1000 (22291.653251342315,22291.65 zł)" storage="c:\projekty\mstestproject\bin\debug\netcoreapp3.1\mstestproject.dll" id="5248ae9d-ba8e-475e-998c-40e88218ffec">
      <TestCategory>
        <TestCategoryItem TestCategory="Category1000" />
      </TestCategory>
      <Execution id="6bf32b7e-1790-45df-815a-e3c3e8fd5f70" />
      <TestMethod codeBase="C:\Projekty\MSTestProject\bin\Debug\netcoreapp3.1\MSTestProject.dll" adapterTypeName="executor://mstestadapter/v2" className="TwojeWesele.Services.Helpers.Tests.CurrencyHelperTests" name="FormatToStringTest1000" />
    </UnitTest>
    <UnitTest name="FormatToStringTest1000 (3907.8681317963024,3907.87 zł)" storage="c:\projekty\mstestproject\bin\debug\netcoreapp3.1\mstestproject.dll" id="24c31c4c-48e6-4d27-8290-5f3a5ec9f3c8">
      <TestCategory>
        <TestCategoryItem TestCategory="Category1000" />
      </TestCategory>
      <Execution id="d1d1af35-f051-4044-81ec-39cf8038c1d5" />
      <TestMethod codeBase="C:\Projekty\MSTestProject\bin\Debug\netcoreapp3.1\MSTestProject.dll" adapterTypeName="executor://mstestadapter/v2" className="TwojeWesele.Services.Helpers.Tests.CurrencyHelperTests" name="FormatToStringTest1000" />
    </UnitTest>
    <UnitTest name="FormatToStringTest1000 (30111.54342534372,30111.54 zł)" storage="c:\projekty\mstestproject\bin\debug\netcoreapp3.1\mstestproject.dll" id="646d9dfb-6680-461a-bc95-36eb75d4ab83">
      <TestCategory>
        <TestCategoryItem TestCategory="Category1000" />
      </TestCategory>
      <Execution id="662ba848-fbee-43a3-8a66-f1d06430223d" />
      <TestMethod codeBase="C:\Projekty\MSTestProject\bin\Debug\netcoreapp3.1\MSTestProject.dll" adapterTypeName="executor://mstestadapter/v2" className="TwojeWesele.Services.Helpers.Tests.CurrencyHelperTests" name="FormatToStringTest1000" />
    </UnitTest>
    <UnitTest name="FormatToStringTest1000 (6266.232005888704,6266.23 zł)" storage="c:\projekty\mstestproject\bin\debug\netcoreapp3.1\mstestproject.dll" id="c0805160-b2b1-47e8-8534-9855f4e17680">
      <TestCategory>
        <TestCategoryItem TestCategory="Category1000" />
      </TestCategory>
      <Execution id="520a624c-7fcc-4ccf-9151-f3a761741003" />
      <TestMethod codeBase="C:\Projekty\MSTestProject\bin\Debug\netcoreapp3.1\MSTestProject.dll" adapterTypeName="executor://mstestadapter/v2" className="TwojeWesele.Services.Helpers.Tests.CurrencyHelperTests" name="FormatToStringTest1000" />
    </UnitTest>
    <UnitTest name="FormatToStringTest1000 (1884.4923513031063,1884.49 zł)" storage="c:\projekty\mstestproject\bin\debug\netcoreapp3.1\mstestproject.dll" id="541ec68f-1ca7-4a0e-9113-d9e39f94b8d5">
      <TestCategory>
        <TestCategoryItem TestCategory="Category1000" />
      </TestCategory>
      <Execution id="e9f48dac-e058-4853-85ff-8c36b9c3a16d" />
      <TestMethod codeBase="C:\Projekty\MSTestProject\bin\Debug\netcoreapp3.1\MSTestProject.dll" adapterTypeName="executor://mstestadapter/v2" className="TwojeWesele.Services.Helpers.Tests.CurrencyHelperTests" name="FormatToStringTest1000" />
    </UnitTest>
    <UnitTest name="FormatToStringTest1000 (56373.35086238494,56373.35 zł)" storage="c:\projekty\mstestproject\bin\debug\netcoreapp3.1\mstestproject.dll" id="509b44e6-59d7-4790-955b-cf5fb37c9fa4">
      <TestCategory>
        <TestCategoryItem TestCategory="Category1000" />
      </TestCategory>
      <Execution id="0ca083af-5cb3-4055-970b-c0813596ffcc" />
      <TestMethod codeBase="C:\Projekty\MSTestProject\bin\Debug\netcoreapp3.1\MSTestProject.dll" adapterTypeName="executor://mstestadapter/v2" className="TwojeWesele.Services.Helpers.Tests.CurrencyHelperTests" name="FormatToStringTest1000" />
    </UnitTest>
    <UnitTest name="FormatToStringTest1000 (47575.6421269959,47575.64 zł)" storage="c:\projekty\mstestproject\bin\debug\netcoreapp3.1\mstestproject.dll" id="851fb1ec-51f2-47d8-8fd7-f30a1fddeddc">
      <TestCategory>
        <TestCategoryItem TestCategory="Category1000" />
      </TestCategory>
      <Execution id="a1b807b1-999e-482b-99bb-a319bfdf2750" />
      <TestMethod codeBase="C:\Projekty\MSTestProject\bin\Debug\netcoreapp3.1\MSTestProject.dll" adapterTypeName="executor://mstestadapter/v2" className="TwojeWesele.Services.Helpers.Tests.CurrencyHelperTests" name="FormatToStringTest1000" />
    </UnitTest>
    <UnitTest name="FormatToStringTest1000 (80609.94377465078,80609.94 zł)" storage="c:\projekty\mstestproject\bin\debug\netcoreapp3.1\mstestproject.dll" id="88e434f4-9d50-4051-b781-2ec1812df859">
      <TestCategory>
        <TestCategoryItem TestCategory="Category1000" />
      </TestCategory>
      <Execution id="a36d32d6-1c05-405e-8613-d51f2ee6f661" />
      <TestMethod codeBase="C:\Projekty\MSTestProject\bin\Debug\netcoreapp3.1\MSTestProject.dll" adapterTypeName="executor://mstestadapter/v2" className="TwojeWesele.Services.Helpers.Tests.CurrencyHelperTests" name="FormatToStringTest1000" />
    </UnitTest>
    <UnitTest name="FormatToStringTest1000 (1108.7197928823157,1108.72 zł)" storage="c:\projekty\mstestproject\bin\debug\netcoreapp3.1\mstestproject.dll" id="4744da41-9185-4b4a-ae62-e5a63f220a3f">
      <TestCategory>
        <TestCategoryItem TestCategory="Category1000" />
      </TestCategory>
      <Execution id="f06893d7-28ea-40d9-864a-54990392251e" />
      <TestMethod codeBase="C:\Projekty\MSTestProject\bin\Debug\netcoreapp3.1\MSTestProject.dll" adapterTypeName="executor://mstestadapter/v2" className="TwojeWesele.Services.Helpers.Tests.CurrencyHelperTests" name="FormatToStringTest1000" />
    </UnitTest>
    <UnitTest name="FormatToStringTest1000 (13027.93935961739,13027.94 zł)" storage="c:\projekty\mstestproject\bin\debug\netcoreapp3.1\mstestproject.dll" id="bc7685fd-3a82-40e2-9219-81763b827100">
      <TestCategory>
        <TestCategoryItem TestCategory="Category1000" />
      </TestCategory>
      <Execution id="41b4b398-86cb-4d4e-9305-f6b31403e49d" />
      <TestMethod codeBase="C:\Projekty\MSTestProject\bin\Debug\netcoreapp3.1\MSTestProject.dll" adapterTypeName="executor://mstestadapter/v2" className="TwojeWesele.Services.Helpers.Tests.CurrencyHelperTests" name="FormatToStringTest1000" />
    </UnitTest>
    <UnitTest name="FormatToStringTest1000 (12903.541202012237,12903.54 zł)" storage="c:\projekty\mstestproject\bin\debug\netcoreapp3.1\mstestproject.dll" id="aef53266-9f84-4204-89d4-b3ba4048984d">
      <TestCategory>
        <TestCategoryItem TestCategory="Category1000" />
      </TestCategory>
      <Execution id="4b61db3c-a2df-42f1-95f2-94d1566cd08c" />
      <TestMethod codeBase="C:\Projekty\MSTestProject\bin\Debug\netcoreapp3.1\MSTestProject.dll" adapterTypeName="executor://mstestadapter/v2" className="TwojeWesele.Services.Helpers.Tests.CurrencyHelperTests" name="FormatToStringTest1000" />
    </UnitTest>
    <UnitTest name="FormatToStringTest1000 (36047.83545033672,36047.84 zł)" storage="c:\projekty\mstestproject\bin\debug\netcoreapp3.1\mstestproject.dll" id="a0e190de-96c9-42b2-9765-c9e00a9d9379">
      <TestCategory>
        <TestCategoryItem TestCategory="Category1000" />
      </TestCategory>
      <Execution id="1a19d71d-c2b1-4aec-a0d2-809ca8d08607" />
      <TestMethod codeBase="C:\Projekty\MSTestProject\bin\Debug\netcoreapp3.1\MSTestProject.dll" adapterTypeName="executor://mstestadapter/v2" className="TwojeWesele.Services.Helpers.Tests.CurrencyHelperTests" name="FormatToStringTest1000" />
    </UnitTest>
    <UnitTest name="FormatToStringTest1000 (19435.417227184127,19435.42 zł)" storage="c:\projekty\mstestproject\bin\debug\netcoreapp3.1\mstestproject.dll" id="bd561ef3-1c9a-4a9f-980d-9dfb40d90c0b">
      <TestCategory>
        <TestCategoryItem TestCategory="Category1000" />
      </TestCategory>
      <Execution id="fdc7599a-2e0b-45f5-ba45-cb93fce43ccb" />
      <TestMethod codeBase="C:\Projekty\MSTestProject\bin\Debug\netcoreapp3.1\MSTestProject.dll" adapterTypeName="executor://mstestadapter/v2" className="TwojeWesele.Services.Helpers.Tests.CurrencyHelperTests" name="FormatToStringTest1000" />
    </UnitTest>
    <UnitTest name="FormatToStringTest1000 (64210.358316209335,64210.36 zł)" storage="c:\projekty\mstestproject\bin\debug\netcoreapp3.1\mstestproject.dll" id="ae9bbab7-27d2-415e-9f97-23de8819dd56">
      <TestCategory>
        <TestCategoryItem TestCategory="Category1000" />
      </TestCategory>
      <Execution id="eb58dcde-5687-4472-9b17-399d710af1e2" />
      <TestMethod codeBase="C:\Projekty\MSTestProject\bin\Debug\netcoreapp3.1\MSTestProject.dll" adapterTypeName="executor://mstestadapter/v2" className="TwojeWesele.Services.Helpers.Tests.CurrencyHelperTests" name="FormatToStringTest1000" />
    </UnitTest>
    <UnitTest name="FormatToStringTest1000 (16571.355536101553,16571.36 zł)" storage="c:\projekty\mstestproject\bin\debug\netcoreapp3.1\mstestproject.dll" id="e6681187-5139-4f4d-8aa5-2dbc460353ff">
      <TestCategory>
        <TestCategoryItem TestCategory="Category1000" />
      </TestCategory>
      <Execution id="b73378d9-8846-452a-baf3-108a7b5b233f" />
      <TestMethod codeBase="C:\Projekty\MSTestProject\bin\Debug\netcoreapp3.1\MSTestProject.dll" adapterTypeName="executor://mstestadapter/v2" className="TwojeWesele.Services.Helpers.Tests.CurrencyHelperTests" name="FormatToStringTest1000" />
    </UnitTest>
    <UnitTest name="FormatToStringTest1000 (11922.837782177532,11922.84 zł)" storage="c:\projekty\mstestproject\bin\debug\netcoreapp3.1\mstestproject.dll" id="55317a08-1137-47d4-ab38-b46eefddf70e">
      <TestCategory>
        <TestCategoryItem TestCategory="Category1000" />
      </TestCategory>
      <Execution id="694a1433-5801-4f20-983a-784630680420" />
      <TestMethod codeBase="C:\Projekty\MSTestProject\bin\Debug\netcoreapp3.1\MSTestProject.dll" adapterTypeName="executor://mstestadapter/v2" className="TwojeWesele.Services.Helpers.Tests.CurrencyHelperTests" name="FormatToStringTest1000" />
    </UnitTest>
    <UnitTest name="FormatToStringTest1000 (7569.605888796322,7569.61 zł)" storage="c:\projekty\mstestproject\bin\debug\netcoreapp3.1\mstestproject.dll" id="d00dbe14-9f3b-4fa4-b140-70929d5a237d">
      <TestCategory>
        <TestCategoryItem TestCategory="Category1000" />
      </TestCategory>
      <Execution id="b7b59b47-83af-434b-810d-a6f86af1137e" />
      <TestMethod codeBase="C:\Projekty\MSTestProject\bin\Debug\netcoreapp3.1\MSTestProject.dll" adapterTypeName="executor://mstestadapter/v2" className="TwojeWesele.Services.Helpers.Tests.CurrencyHelperTests" name="FormatToStringTest1000" />
    </UnitTest>
    <UnitTest name="FormatToStringTest1000 (79.6815319544084,79.68 zł)" storage="c:\projekty\mstestproject\bin\debug\netcoreapp3.1\mstestproject.dll" id="f447168c-a2dc-4ba6-bd05-04040b062d4d">
      <TestCategory>
        <TestCategoryItem TestCategory="Category1000" />
      </TestCategory>
      <Execution id="a3da0c77-044f-482c-a066-bce4b7cbae8a" />
      <TestMethod codeBase="C:\Projekty\MSTestProject\bin\Debug\netcoreapp3.1\MSTestProject.dll" adapterTypeName="executor://mstestadapter/v2" className="TwojeWesele.Services.Helpers.Tests.CurrencyHelperTests" name="FormatToStringTest1000" />
    </UnitTest>
    <UnitTest name="FormatToStringTest1000 (782.6578288817116,782.66 zł)" storage="c:\projekty\mstestproject\bin\debug\netcoreapp3.1\mstestproject.dll" id="3ef666f3-2b7c-4d02-a8ad-4c76af87536c">
      <TestCategory>
        <TestCategoryItem TestCategory="Category1000" />
      </TestCategory>
      <Execution id="95c26a73-5895-4f1d-a7ae-c4b5afdd01d5" />
      <TestMethod codeBase="C:\Projekty\MSTestProject\bin\Debug\netcoreapp3.1\MSTestProject.dll" adapterTypeName="executor://mstestadapter/v2" className="TwojeWesele.Services.Helpers.Tests.CurrencyHelperTests" name="FormatToStringTest1000" />
    </UnitTest>
    <UnitTest name="FormatToStringTest1000 (726.8087564975995,726.81 zł)" storage="c:\projekty\mstestproject\bin\debug\netcoreapp3.1\mstestproject.dll" id="ce523995-b9ef-4f90-95bc-619cb036d021">
      <TestCategory>
        <TestCategoryItem TestCategory="Category1000" />
      </TestCategory>
      <Execution id="78883481-6c17-4287-8ae4-91cf325a741f" />
      <TestMethod codeBase="C:\Projekty\MSTestProject\bin\Debug\netcoreapp3.1\MSTestProject.dll" adapterTypeName="executor://mstestadapter/v2" className="TwojeWesele.Services.Helpers.Tests.CurrencyHelperTests" name="FormatToStringTest1000" />
    </UnitTest>
    <UnitTest name="FormatToStringTest1000 (54275.73209373408,54275.73 zł)" storage="c:\projekty\mstestproject\bin\debug\netcoreapp3.1\mstestproject.dll" id="133e66e3-8221-46b1-a46f-5acfadd9ee7f">
      <TestCategory>
        <TestCategoryItem TestCategory="Category1000" />
      </TestCategory>
      <Execution id="2377cb2a-c100-4f18-9642-4f68a0b4c356" />
      <TestMethod codeBase="C:\Projekty\MSTestProject\bin\Debug\netcoreapp3.1\MSTestProject.dll" adapterTypeName="executor://mstestadapter/v2" className="TwojeWesele.Services.Helpers.Tests.CurrencyHelperTests" name="FormatToStringTest1000" />
    </UnitTest>
    <UnitTest name="FormatToStringTest1000 (32262.93788198984,32262.94 zł)" storage="c:\projekty\mstestproject\bin\debug\netcoreapp3.1\mstestproject.dll" id="ee502d2e-e152-450f-b571-d76c8cc6857a">
      <TestCategory>
        <TestCategoryItem TestCategory="Category1000" />
      </TestCategory>
      <Execution id="ac1e181b-e245-4b3c-8785-bf6bab9f7e0a" />
      <TestMethod codeBase="C:\Projekty\MSTestProject\bin\Debug\netcoreapp3.1\MSTestProject.dll" adapterTypeName="executor://mstestadapter/v2" className="TwojeWesele.Services.Helpers.Tests.CurrencyHelperTests" name="FormatToStringTest1000" />
    </UnitTest>
    <UnitTest name="FormatToStringTest1000 (60299.23738666309,60299.24 zł)" storage="c:\projekty\mstestproject\bin\debug\netcoreapp3.1\mstestproject.dll" id="e5450045-0ea8-4115-b631-6892cb4fdbb4">
      <TestCategory>
        <TestCategoryItem TestCategory="Category1000" />
      </TestCategory>
      <Execution id="c5dac4b1-9bed-4be2-84d3-d4a78be91971" />
      <TestMethod codeBase="C:\Projekty\MSTestProject\bin\Debug\netcoreapp3.1\MSTestProject.dll" adapterTypeName="executor://mstestadapter/v2" className="TwojeWesele.Services.Helpers.Tests.CurrencyHelperTests" name="FormatToStringTest1000" />
    </UnitTest>
    <UnitTest name="FormatToStringTest1000 (8211.920994553679,8211.92 zł)" storage="c:\projekty\mstestproject\bin\debug\netcoreapp3.1\mstestproject.dll" id="02530440-35f8-413b-9f9f-78ff50587240">
      <TestCategory>
        <TestCategoryItem TestCategory="Category1000" />
      </TestCategory>
      <Execution id="b277f025-66d3-4a8a-9ffe-cb6bff942411" />
      <TestMethod codeBase="C:\Projekty\MSTestProject\bin\Debug\netcoreapp3.1\MSTestProject.dll" adapterTypeName="executor://mstestadapter/v2" className="TwojeWesele.Services.Helpers.Tests.CurrencyHelperTests" name="FormatToStringTest1000" />
    </UnitTest>
    <UnitTest name="FormatToStringTest1000 (3649.9254912836127,3649.93 zł)" storage="c:\projekty\mstestproject\bin\debug\netcoreapp3.1\mstestproject.dll" id="51c5b026-7648-416f-bdb5-442e06479dd2">
      <TestCategory>
        <TestCategoryItem TestCategory="Category1000" />
      </TestCategory>
      <Execution id="426add85-7d0f-45f0-80d8-de55fb0a7174" />
      <TestMethod codeBase="C:\Projekty\MSTestProject\bin\Debug\netcoreapp3.1\MSTestProject.dll" adapterTypeName="executor://mstestadapter/v2" className="TwojeWesele.Services.Helpers.Tests.CurrencyHelperTests" name="FormatToStringTest1000" />
    </UnitTest>
    <UnitTest name="FormatToStringTest1000 (82228.32322510486,82228.32 zł)" storage="c:\projekty\mstestproject\bin\debug\netcoreapp3.1\mstestproject.dll" id="bbafcbbc-abfc-4206-abf6-5ff5dce9ad64">
      <TestCategory>
        <TestCategoryItem TestCategory="Category1000" />
      </TestCategory>
      <Execution id="ed100e86-4a50-48af-b254-b256b27d23bb" />
      <TestMethod codeBase="C:\Projekty\MSTestProject\bin\Debug\netcoreapp3.1\MSTestProject.dll" adapterTypeName="executor://mstestadapter/v2" className="TwojeWesele.Services.Helpers.Tests.CurrencyHelperTests" name="FormatToStringTest1000" />
    </UnitTest>
    <UnitTest name="FormatToStringTest1000 (16190.113943164757,16190.11 zł)" storage="c:\projekty\mstestproject\bin\debug\netcoreapp3.1\mstestproject.dll" id="0dcd321b-412b-41c9-b523-8d53cc2a7806">
      <TestCategory>
        <TestCategoryItem TestCategory="Category1000" />
      </TestCategory>
      <Execution id="4555a96b-2917-4c24-a394-24a833e2e8b7" />
      <TestMethod codeBase="C:\Projekty\MSTestProject\bin\Debug\netcoreapp3.1\MSTestProject.dll" adapterTypeName="executor://mstestadapter/v2" className="TwojeWesele.Services.Helpers.Tests.CurrencyHelperTests" name="FormatToStringTest1000" />
    </UnitTest>
    <UnitTest name="FormatToStringTest1000 (20454.142628653506,20454.14 zł)" storage="c:\projekty\mstestproject\bin\debug\netcoreapp3.1\mstestproject.dll" id="52fa574d-64c7-4f78-be83-70599d31aaaa">
      <TestCategory>
        <TestCategoryItem TestCategory="Category1000" />
      </TestCategory>
      <Execution id="97143c8d-9d25-43bd-a6d7-a6e6aa1a97ee" />
      <TestMethod codeBase="C:\Projekty\MSTestProject\bin\Debug\netcoreapp3.1\MSTestProject.dll" adapterTypeName="executor://mstestadapter/v2" className="TwojeWesele.Services.Helpers.Tests.CurrencyHelperTests" name="FormatToStringTest1000" />
    </UnitTest>
    <UnitTest name="FormatToStringTest1000 (58191.92113629585,58191.92 zł)" storage="c:\projekty\mstestproject\bin\debug\netcoreapp3.1\mstestproject.dll" id="97667cc2-b22e-4bc9-a767-bd440bec32d6">
      <TestCategory>
        <TestCategoryItem TestCategory="Category1000" />
      </TestCategory>
      <Execution id="9fc3579d-55b9-427f-8589-bb395faf2461" />
      <TestMethod codeBase="C:\Projekty\MSTestProject\bin\Debug\netcoreapp3.1\MSTestProject.dll" adapterTypeName="executor://mstestadapter/v2" className="TwojeWesele.Services.Helpers.Tests.CurrencyHelperTests" name="FormatToStringTest1000" />
    </UnitTest>
    <UnitTest name="FormatToStringTest1000 (26207.03715363659,26207.04 zł)" storage="c:\projekty\mstestproject\bin\debug\netcoreapp3.1\mstestproject.dll" id="983007e5-93a8-4676-a5c9-f0763d3b2e8f">
      <TestCategory>
        <TestCategoryItem TestCategory="Category1000" />
      </TestCategory>
      <Execution id="e8bc8131-af6b-4370-88a5-ce2b3eb2428b" />
      <TestMethod codeBase="C:\Projekty\MSTestProject\bin\Debug\netcoreapp3.1\MSTestProject.dll" adapterTypeName="executor://mstestadapter/v2" className="TwojeWesele.Services.Helpers.Tests.CurrencyHelperTests" name="FormatToStringTest1000" />
    </UnitTest>
    <UnitTest name="FormatToStringTest1000 (20237.28532723723,20237.29 zł)" storage="c:\projekty\mstestproject\bin\debug\netcoreapp3.1\mstestproject.dll" id="15ef87ec-688d-40f5-8a7f-bffe414a064c">
      <TestCategory>
        <TestCategoryItem TestCategory="Category1000" />
      </TestCategory>
      <Execution id="2d92635d-283f-4fe5-abf2-9b393652cc97" />
      <TestMethod codeBase="C:\Projekty\MSTestProject\bin\Debug\netcoreapp3.1\MSTestProject.dll" adapterTypeName="executor://mstestadapter/v2" className="TwojeWesele.Services.Helpers.Tests.CurrencyHelperTests" name="FormatToStringTest1000" />
    </UnitTest>
    <UnitTest name="FormatToStringTest1000 (76106.57198894516,76106.57 zł)" storage="c:\projekty\mstestproject\bin\debug\netcoreapp3.1\mstestproject.dll" id="c2761fed-ab24-41ba-b68d-b6b9192e12f5">
      <TestCategory>
        <TestCategoryItem TestCategory="Category1000" />
      </TestCategory>
      <Execution id="1572a09c-b7d1-4a1e-b7b3-9dc4663bf03e" />
      <TestMethod codeBase="C:\Projekty\MSTestProject\bin\Debug\netcoreapp3.1\MSTestProject.dll" adapterTypeName="executor://mstestadapter/v2" className="TwojeWesele.Services.Helpers.Tests.CurrencyHelperTests" name="FormatToStringTest1000" />
    </UnitTest>
    <UnitTest name="FormatToStringTest1000 (806.960597043373,806.96 zł)" storage="c:\projekty\mstestproject\bin\debug\netcoreapp3.1\mstestproject.dll" id="d566fe3f-8d54-4887-b666-82a6c5c213e6">
      <TestCategory>
        <TestCategoryItem TestCategory="Category1000" />
      </TestCategory>
      <Execution id="3882330a-4d15-4fac-a4a7-63a594169df9" />
      <TestMethod codeBase="C:\Projekty\MSTestProject\bin\Debug\netcoreapp3.1\MSTestProject.dll" adapterTypeName="executor://mstestadapter/v2" className="TwojeWesele.Services.Helpers.Tests.CurrencyHelperTests" name="FormatToStringTest1000" />
    </UnitTest>
    <UnitTest name="FormatToStringTest1000 (66723.3293191657,66723.33 zł)" storage="c:\projekty\mstestproject\bin\debug\netcoreapp3.1\mstestproject.dll" id="eb665616-8d89-4abe-ba94-63b0cf4eaba7">
      <TestCategory>
        <TestCategoryItem TestCategory="Category1000" />
      </TestCategory>
      <Execution id="3f8c1525-c214-40f1-9816-3ddfd46be3a8" />
      <TestMethod codeBase="C:\Projekty\MSTestProject\bin\Debug\netcoreapp3.1\MSTestProject.dll" adapterTypeName="executor://mstestadapter/v2" className="TwojeWesele.Services.Helpers.Tests.CurrencyHelperTests" name="FormatToStringTest1000" />
    </UnitTest>
    <UnitTest name="FormatToStringTest1000 (9774.341362926803,9774.34 zł)" storage="c:\projekty\mstestproject\bin\debug\netcoreapp3.1\mstestproject.dll" id="dae9e4d8-e8a0-4709-929a-a0c59c36b870">
      <TestCategory>
        <TestCategoryItem TestCategory="Category1000" />
      </TestCategory>
      <Execution id="b98c44a1-e692-4c43-85ce-9fa043cccadc" />
      <TestMethod codeBase="C:\Projekty\MSTestProject\bin\Debug\netcoreapp3.1\MSTestProject.dll" adapterTypeName="executor://mstestadapter/v2" className="TwojeWesele.Services.Helpers.Tests.CurrencyHelperTests" name="FormatToStringTest1000" />
    </UnitTest>
    <UnitTest name="FormatToStringTest1000 (3477.860963622509,3477.86 zł)" storage="c:\projekty\mstestproject\bin\debug\netcoreapp3.1\mstestproject.dll" id="b1709fa7-1de2-410c-8ba8-b32e1158ed50">
      <TestCategory>
        <TestCategoryItem TestCategory="Category1000" />
      </TestCategory>
      <Execution id="a2149edb-f9c8-4734-858a-decd888cde1d" />
      <TestMethod codeBase="C:\Projekty\MSTestProject\bin\Debug\netcoreapp3.1\MSTestProject.dll" adapterTypeName="executor://mstestadapter/v2" className="TwojeWesele.Services.Helpers.Tests.CurrencyHelperTests" name="FormatToStringTest1000" />
    </UnitTest>
    <UnitTest name="FormatToStringTest1000 (115.26302841131717,115.26 zł)" storage="c:\projekty\mstestproject\bin\debug\netcoreapp3.1\mstestproject.dll" id="7d623348-c91a-4175-850e-12dbfdbc7715">
      <TestCategory>
        <TestCategoryItem TestCategory="Category1000" />
      </TestCategory>
      <Execution id="b1d26445-ee55-41a6-9916-c512c0b67af6" />
      <TestMethod codeBase="C:\Projekty\MSTestProject\bin\Debug\netcoreapp3.1\MSTestProject.dll" adapterTypeName="executor://mstestadapter/v2" className="TwojeWesele.Services.Helpers.Tests.CurrencyHelperTests" name="FormatToStringTest1000" />
    </UnitTest>
    <UnitTest name="FormatToStringTest1000 (75350.77330865282,75350.77 zł)" storage="c:\projekty\mstestproject\bin\debug\netcoreapp3.1\mstestproject.dll" id="e794d467-24c6-4fe7-a1ac-b71c2c06c7d0">
      <TestCategory>
        <TestCategoryItem TestCategory="Category1000" />
      </TestCategory>
      <Execution id="8d18c81d-5fe3-4dc3-b0d7-b83de1da026d" />
      <TestMethod codeBase="C:\Projekty\MSTestProject\bin\Debug\netcoreapp3.1\MSTestProject.dll" adapterTypeName="executor://mstestadapter/v2" className="TwojeWesele.Services.Helpers.Tests.CurrencyHelperTests" name="FormatToStringTest1000" />
    </UnitTest>
    <UnitTest name="FormatToStringTest1000 (53192.79032742269,53192.79 zł)" storage="c:\projekty\mstestproject\bin\debug\netcoreapp3.1\mstestproject.dll" id="513015d3-e95a-433f-9c80-898b7696bbf8">
      <TestCategory>
        <TestCategoryItem TestCategory="Category1000" />
      </TestCategory>
      <Execution id="31da2349-3fef-421e-b991-dda67f460000" />
      <TestMethod codeBase="C:\Projekty\MSTestProject\bin\Debug\netcoreapp3.1\MSTestProject.dll" adapterTypeName="executor://mstestadapter/v2" className="TwojeWesele.Services.Helpers.Tests.CurrencyHelperTests" name="FormatToStringTest1000" />
    </UnitTest>
    <UnitTest name="FormatToStringTest1000 (1994.0983933439006,1994.10 zł)" storage="c:\projekty\mstestproject\bin\debug\netcoreapp3.1\mstestproject.dll" id="3157022f-ab24-41a1-ad67-f96ede80214a">
      <TestCategory>
        <TestCategoryItem TestCategory="Category1000" />
      </TestCategory>
      <Execution id="b5737e0c-5f7e-4b92-91b2-dab41dd60fb1" />
      <TestMethod codeBase="C:\Projekty\MSTestProject\bin\Debug\netcoreapp3.1\MSTestProject.dll" adapterTypeName="executor://mstestadapter/v2" className="TwojeWesele.Services.Helpers.Tests.CurrencyHelperTests" name="FormatToStringTest1000" />
    </UnitTest>
    <UnitTest name="FormatToStringTest1000 (78822.37212685234,78822.37 zł)" storage="c:\projekty\mstestproject\bin\debug\netcoreapp3.1\mstestproject.dll" id="ec8186e1-f00c-435d-a5e0-dfb79e92edee">
      <TestCategory>
        <TestCategoryItem TestCategory="Category1000" />
      </TestCategory>
      <Execution id="f0924506-4008-43d8-ad80-b7dcce9b094b" />
      <TestMethod codeBase="C:\Projekty\MSTestProject\bin\Debug\netcoreapp3.1\MSTestProject.dll" adapterTypeName="executor://mstestadapter/v2" className="TwojeWesele.Services.Helpers.Tests.CurrencyHelperTests" name="FormatToStringTest1000" />
    </UnitTest>
    <UnitTest name="FormatToStringTest1000 (15396.537902579894,15396.54 zł)" storage="c:\projekty\mstestproject\bin\debug\netcoreapp3.1\mstestproject.dll" id="67196a7f-79e6-4633-8e9f-37c4d51d8d06">
      <TestCategory>
        <TestCategoryItem TestCategory="Category1000" />
      </TestCategory>
      <Execution id="201186fd-31f2-41ee-b36c-0f7c5396d38c" />
      <TestMethod codeBase="C:\Projekty\MSTestProject\bin\Debug\netcoreapp3.1\MSTestProject.dll" adapterTypeName="executor://mstestadapter/v2" className="TwojeWesele.Services.Helpers.Tests.CurrencyHelperTests" name="FormatToStringTest1000" />
    </UnitTest>
    <UnitTest name="FormatToStringTest1000 (40545.70748620001,40545.71 zł)" storage="c:\projekty\mstestproject\bin\debug\netcoreapp3.1\mstestproject.dll" id="4c0efdb3-1e80-4322-b522-833bd5dd9007">
      <TestCategory>
        <TestCategoryItem TestCategory="Category1000" />
      </TestCategory>
      <Execution id="97c0ac63-1eaf-49d8-a047-860861be3c73" />
      <TestMethod codeBase="C:\Projekty\MSTestProject\bin\Debug\netcoreapp3.1\MSTestProject.dll" adapterTypeName="executor://mstestadapter/v2" className="TwojeWesele.Services.Helpers.Tests.CurrencyHelperTests" name="FormatToStringTest1000" />
    </UnitTest>
    <UnitTest name="FormatToStringTest1000 (20737.251994218328,20737.25 zł)" storage="c:\projekty\mstestproject\bin\debug\netcoreapp3.1\mstestproject.dll" id="92557d3c-ce6e-4f15-b3b3-0dd77cfe814c">
      <TestCategory>
        <TestCategoryItem TestCategory="Category1000" />
      </TestCategory>
      <Execution id="b47c8cd8-f0e7-4d89-b0ff-3165c6830adf" />
      <TestMethod codeBase="C:\Projekty\MSTestProject\bin\Debug\netcoreapp3.1\MSTestProject.dll" adapterTypeName="executor://mstestadapter/v2" className="TwojeWesele.Services.Helpers.Tests.CurrencyHelperTests" name="FormatToStringTest1000" />
    </UnitTest>
    <UnitTest name="FormatToStringTest1000 (8644.187977380207,8644.19 zł)" storage="c:\projekty\mstestproject\bin\debug\netcoreapp3.1\mstestproject.dll" id="b1734ffc-b586-4d39-b777-1a407e459fe2">
      <TestCategory>
        <TestCategoryItem TestCategory="Category1000" />
      </TestCategory>
      <Execution id="9211c4cf-d740-4b0e-901d-2c7fcf4639d8" />
      <TestMethod codeBase="C:\Projekty\MSTestProject\bin\Debug\netcoreapp3.1\MSTestProject.dll" adapterTypeName="executor://mstestadapter/v2" className="TwojeWesele.Services.Helpers.Tests.CurrencyHelperTests" name="FormatToStringTest1000" />
    </UnitTest>
    <UnitTest name="FormatToStringTest1000 (19541.10539777116,19541.11 zł)" storage="c:\projekty\mstestproject\bin\debug\netcoreapp3.1\mstestproject.dll" id="e364ed73-ea06-4887-8d62-ddffe45da34e">
      <TestCategory>
        <TestCategoryItem TestCategory="Category1000" />
      </TestCategory>
      <Execution id="9887845a-70a8-4e6e-a62c-0875d10f2134" />
      <TestMethod codeBase="C:\Projekty\MSTestProject\bin\Debug\netcoreapp3.1\MSTestProject.dll" adapterTypeName="executor://mstestadapter/v2" className="TwojeWesele.Services.Helpers.Tests.CurrencyHelperTests" name="FormatToStringTest1000" />
    </UnitTest>
    <UnitTest name="FormatToStringTest1000 (15080.274618567097,15080.27 zł)" storage="c:\projekty\mstestproject\bin\debug\netcoreapp3.1\mstestproject.dll" id="1cafd7c8-9687-4e24-a704-fd2575db54a1">
      <TestCategory>
        <TestCategoryItem TestCategory="Category1000" />
      </TestCategory>
      <Execution id="edb9f689-1c03-48e2-89e4-59655e8b775e" />
      <TestMethod codeBase="C:\Projekty\MSTestProject\bin\Debug\netcoreapp3.1\MSTestProject.dll" adapterTypeName="executor://mstestadapter/v2" className="TwojeWesele.Services.Helpers.Tests.CurrencyHelperTests" name="FormatToStringTest1000" />
    </UnitTest>
    <UnitTest name="FormatToStringTest1000 (480.2082316857801,480.21 zł)" storage="c:\projekty\mstestproject\bin\debug\netcoreapp3.1\mstestproject.dll" id="a4ed3461-9672-4fd7-aa06-20dc4df2f7d4">
      <TestCategory>
        <TestCategoryItem TestCategory="Category1000" />
      </TestCategory>
      <Execution id="206b1c92-c772-4f9c-b03e-cfcceb5069f5" />
      <TestMethod codeBase="C:\Projekty\MSTestProject\bin\Debug\netcoreapp3.1\MSTestProject.dll" adapterTypeName="executor://mstestadapter/v2" className="TwojeWesele.Services.Helpers.Tests.CurrencyHelperTests" name="FormatToStringTest1000" />
    </UnitTest>
    <UnitTest name="FormatToStringTest1000 (45955.903045959254,45955.90 zł)" storage="c:\projekty\mstestproject\bin\debug\netcoreapp3.1\mstestproject.dll" id="d7829491-cbda-4bc8-9b45-db2a24d66789">
      <TestCategory>
        <TestCategoryItem TestCategory="Category1000" />
      </TestCategory>
      <Execution id="1ed7bd80-ea61-4e3a-a5e2-4189a78c28fd" />
      <TestMethod codeBase="C:\Projekty\MSTestProject\bin\Debug\netcoreapp3.1\MSTestProject.dll" adapterTypeName="executor://mstestadapter/v2" className="TwojeWesele.Services.Helpers.Tests.CurrencyHelperTests" name="FormatToStringTest1000" />
    </UnitTest>
    <UnitTest name="FormatToStringTest1000 (14035.12972514477,14035.13 zł)" storage="c:\projekty\mstestproject\bin\debug\netcoreapp3.1\mstestproject.dll" id="7a8c2c45-0725-42c5-a185-888b2d13f451">
      <TestCategory>
        <TestCategoryItem TestCategory="Category1000" />
      </TestCategory>
      <Execution id="ebe43af5-6673-4cc5-9600-397ada72099f" />
      <TestMethod codeBase="C:\Projekty\MSTestProject\bin\Debug\netcoreapp3.1\MSTestProject.dll" adapterTypeName="executor://mstestadapter/v2" className="TwojeWesele.Services.Helpers.Tests.CurrencyHelperTests" name="FormatToStringTest1000" />
    </UnitTest>
    <UnitTest name="FormatToStringTest1000 (75987.03378503352,75987.03 zł)" storage="c:\projekty\mstestproject\bin\debug\netcoreapp3.1\mstestproject.dll" id="c0facdd4-88b3-4760-8471-9dc53ceda0fb">
      <TestCategory>
        <TestCategoryItem TestCategory="Category1000" />
      </TestCategory>
      <Execution id="0f77214a-074c-4814-a13b-2dd9d4e1e0cd" />
      <TestMethod codeBase="C:\Projekty\MSTestProject\bin\Debug\netcoreapp3.1\MSTestProject.dll" adapterTypeName="executor://mstestadapter/v2" className="TwojeWesele.Services.Helpers.Tests.CurrencyHelperTests" name="FormatToStringTest1000" />
    </UnitTest>
    <UnitTest name="FormatToStringTest1000 (78796.90433980194,78796.90 zł)" storage="c:\projekty\mstestproject\bin\debug\netcoreapp3.1\mstestproject.dll" id="8de5c463-baa9-4efa-9096-07df32faa7d9">
      <TestCategory>
        <TestCategoryItem TestCategory="Category1000" />
      </TestCategory>
      <Execution id="7c0e1404-4597-4e4b-a807-a941541b3d46" />
      <TestMethod codeBase="C:\Projekty\MSTestProject\bin\Debug\netcoreapp3.1\MSTestProject.dll" adapterTypeName="executor://mstestadapter/v2" className="TwojeWesele.Services.Helpers.Tests.CurrencyHelperTests" name="FormatToStringTest1000" />
    </UnitTest>
    <UnitTest name="FormatToStringTest1000 (8802.811382028653,8802.81 zł)" storage="c:\projekty\mstestproject\bin\debug\netcoreapp3.1\mstestproject.dll" id="2363d006-b4de-4daf-b139-8e069c25fd06">
      <TestCategory>
        <TestCategoryItem TestCategory="Category1000" />
      </TestCategory>
      <Execution id="6cd0eb20-af0f-409f-8d13-5c2c94a4ccff" />
      <TestMethod codeBase="C:\Projekty\MSTestProject\bin\Debug\netcoreapp3.1\MSTestProject.dll" adapterTypeName="executor://mstestadapter/v2" className="TwojeWesele.Services.Helpers.Tests.CurrencyHelperTests" name="FormatToStringTest1000" />
    </UnitTest>
    <UnitTest name="FormatToStringTest1000 (4919.073526169674,4919.07 zł)" storage="c:\projekty\mstestproject\bin\debug\netcoreapp3.1\mstestproject.dll" id="9914c1c5-7d8a-4f3b-91cb-aabe2bd18411">
      <TestCategory>
        <TestCategoryItem TestCategory="Category1000" />
      </TestCategory>
      <Execution id="bad22247-381b-412f-b53a-fdccb7a3db65" />
      <TestMethod codeBase="C:\Projekty\MSTestProject\bin\Debug\netcoreapp3.1\MSTestProject.dll" adapterTypeName="executor://mstestadapter/v2" className="TwojeWesele.Services.Helpers.Tests.CurrencyHelperTests" name="FormatToStringTest1000" />
    </UnitTest>
    <UnitTest name="FormatToStringTest1000 (7951.322730072458,7951.32 zł)" storage="c:\projekty\mstestproject\bin\debug\netcoreapp3.1\mstestproject.dll" id="9d297195-5645-4c51-a8ce-10c5affe2851">
      <TestCategory>
        <TestCategoryItem TestCategory="Category1000" />
      </TestCategory>
      <Execution id="a2e3a34b-f8d5-451e-9544-215a9a9aff18" />
      <TestMethod codeBase="C:\Projekty\MSTestProject\bin\Debug\netcoreapp3.1\MSTestProject.dll" adapterTypeName="executor://mstestadapter/v2" className="TwojeWesele.Services.Helpers.Tests.CurrencyHelperTests" name="FormatToStringTest1000" />
    </UnitTest>
    <UnitTest name="FormatToStringTest1000 (17579.823312525088,17579.82 zł)" storage="c:\projekty\mstestproject\bin\debug\netcoreapp3.1\mstestproject.dll" id="82049063-4bef-48ea-a6b2-b07a35831f00">
      <TestCategory>
        <TestCategoryItem TestCategory="Category1000" />
      </TestCategory>
      <Execution id="b6fc090a-ff78-4920-910f-e679e1651e66" />
      <TestMethod codeBase="C:\Projekty\MSTestProject\bin\Debug\netcoreapp3.1\MSTestProject.dll" adapterTypeName="executor://mstestadapter/v2" className="TwojeWesele.Services.Helpers.Tests.CurrencyHelperTests" name="FormatToStringTest1000" />
    </UnitTest>
    <UnitTest name="FormatToStringTest1000 (75024.79122970243,75024.79 zł)" storage="c:\projekty\mstestproject\bin\debug\netcoreapp3.1\mstestproject.dll" id="8618d5b5-42c5-4244-9841-b7ef596899ea">
      <TestCategory>
        <TestCategoryItem TestCategory="Category1000" />
      </TestCategory>
      <Execution id="c12c274c-6464-4236-865d-24fe98c1b17b" />
      <TestMethod codeBase="C:\Projekty\MSTestProject\bin\Debug\netcoreapp3.1\MSTestProject.dll" adapterTypeName="executor://mstestadapter/v2" className="TwojeWesele.Services.Helpers.Tests.CurrencyHelperTests" name="FormatToStringTest1000" />
    </UnitTest>
    <UnitTest name="FormatToStringTest1000 (6323.24079469882,6323.24 zł)" storage="c:\projekty\mstestproject\bin\debug\netcoreapp3.1\mstestproject.dll" id="e5a506a5-43c2-4002-b504-709a1655bc38">
      <TestCategory>
        <TestCategoryItem TestCategory="Category1000" />
      </TestCategory>
      <Execution id="64e53877-aca6-44f9-8a4e-afb9338f7dcb" />
      <TestMethod codeBase="C:\Projekty\MSTestProject\bin\Debug\netcoreapp3.1\MSTestProject.dll" adapterTypeName="executor://mstestadapter/v2" className="TwojeWesele.Services.Helpers.Tests.CurrencyHelperTests" name="FormatToStringTest1000" />
    </UnitTest>
    <UnitTest name="FormatToStringTest1000 (598.1279707877561,598.13 zł)" storage="c:\projekty\mstestproject\bin\debug\netcoreapp3.1\mstestproject.dll" id="9cf85937-b870-4624-8286-d5365f7be676">
      <TestCategory>
        <TestCategoryItem TestCategory="Category1000" />
      </TestCategory>
      <Execution id="1a706008-d47f-4bc9-856d-cfa4044ce752" />
      <TestMethod codeBase="C:\Projekty\MSTestProject\bin\Debug\netcoreapp3.1\MSTestProject.dll" adapterTypeName="executor://mstestadapter/v2" className="TwojeWesele.Services.Helpers.Tests.CurrencyHelperTests" name="FormatToStringTest1000" />
    </UnitTest>
    <UnitTest name="FormatToStringTest1000 (4715.320654313695,4715.32 zł)" storage="c:\projekty\mstestproject\bin\debug\netcoreapp3.1\mstestproject.dll" id="d168f51c-26c8-488f-9179-12a44e2863d2">
      <TestCategory>
        <TestCategoryItem TestCategory="Category1000" />
      </TestCategory>
      <Execution id="86dac65f-c8cf-40ea-9016-3cdf995f4e02" />
      <TestMethod codeBase="C:\Projekty\MSTestProject\bin\Debug\netcoreapp3.1\MSTestProject.dll" adapterTypeName="executor://mstestadapter/v2" className="TwojeWesele.Services.Helpers.Tests.CurrencyHelperTests" name="FormatToStringTest1000" />
    </UnitTest>
    <UnitTest name="FormatToStringTest1000 (69373.32129976773,69373.32 zł)" storage="c:\projekty\mstestproject\bin\debug\netcoreapp3.1\mstestproject.dll" id="6e0a23ad-b233-4014-8468-d23633dd83eb">
      <TestCategory>
        <TestCategoryItem TestCategory="Category1000" />
      </TestCategory>
      <Execution id="cf877837-cfaf-4f73-9b6c-140597e8aabd" />
      <TestMethod codeBase="C:\Projekty\MSTestProject\bin\Debug\netcoreapp3.1\MSTestProject.dll" adapterTypeName="executor://mstestadapter/v2" className="TwojeWesele.Services.Helpers.Tests.CurrencyHelperTests" name="FormatToStringTest1000" />
    </UnitTest>
    <UnitTest name="FormatToStringTest1000 (66541.05112730109,66541.05 zł)" storage="c:\projekty\mstestproject\bin\debug\netcoreapp3.1\mstestproject.dll" id="3dbcc587-b95f-4724-8681-018ef5b94d36">
      <TestCategory>
        <TestCategoryItem TestCategory="Category1000" />
      </TestCategory>
      <Execution id="468f1d7f-9959-4d78-a1cc-d895d68a27fc" />
      <TestMethod codeBase="C:\Projekty\MSTestProject\bin\Debug\netcoreapp3.1\MSTestProject.dll" adapterTypeName="executor://mstestadapter/v2" className="TwojeWesele.Services.Helpers.Tests.CurrencyHelperTests" name="FormatToStringTest1000" />
    </UnitTest>
    <UnitTest name="FormatToStringTest1000 (26529.10838037036,26529.11 zł)" storage="c:\projekty\mstestproject\bin\debug\netcoreapp3.1\mstestproject.dll" id="bf0796a1-5173-4c53-b649-7beda29ca76b">
      <TestCategory>
        <TestCategoryItem TestCategory="Category1000" />
      </TestCategory>
      <Execution id="49428ef7-4f9c-43ca-9807-e4aa13bea0f1" />
      <TestMethod codeBase="C:\Projekty\MSTestProject\bin\Debug\netcoreapp3.1\MSTestProject.dll" adapterTypeName="executor://mstestadapter/v2" className="TwojeWesele.Services.Helpers.Tests.CurrencyHelperTests" name="FormatToStringTest1000" />
    </UnitTest>
    <UnitTest name="FormatToStringTest1000 (6820.105136090938,6820.11 zł)" storage="c:\projekty\mstestproject\bin\debug\netcoreapp3.1\mstestproject.dll" id="47bcd311-cecd-478a-927d-fe3c9a28b2d1">
      <TestCategory>
        <TestCategoryItem TestCategory="Category1000" />
      </TestCategory>
      <Execution id="ec6ec135-d940-4d8f-ab95-7f7585dc54e0" />
      <TestMethod codeBase="C:\Projekty\MSTestProject\bin\Debug\netcoreapp3.1\MSTestProject.dll" adapterTypeName="executor://mstestadapter/v2" className="TwojeWesele.Services.Helpers.Tests.CurrencyHelperTests" name="FormatToStringTest1000" />
    </UnitTest>
    <UnitTest name="FormatToStringTest1000 (78519.41691976106,78519.42 zł)" storage="c:\projekty\mstestproject\bin\debug\netcoreapp3.1\mstestproject.dll" id="6e4bd894-da64-48f7-ad9c-72784cadcc5d">
      <TestCategory>
        <TestCategoryItem TestCategory="Category1000" />
      </TestCategory>
      <Execution id="e5cdc51d-4d50-42de-b58e-298a0dc6bf80" />
      <TestMethod codeBase="C:\Projekty\MSTestProject\bin\Debug\netcoreapp3.1\MSTestProject.dll" adapterTypeName="executor://mstestadapter/v2" className="TwojeWesele.Services.Helpers.Tests.CurrencyHelperTests" name="FormatToStringTest1000" />
    </UnitTest>
    <UnitTest name="FormatToStringTest1000 (24308.26523149212,24308.27 zł)" storage="c:\projekty\mstestproject\bin\debug\netcoreapp3.1\mstestproject.dll" id="ea7ff5cc-1ba7-4b6f-80b5-58e7fe3dca9b">
      <TestCategory>
        <TestCategoryItem TestCategory="Category1000" />
      </TestCategory>
      <Execution id="7f6370c3-de52-4b08-97ca-039e6eee8c39" />
      <TestMethod codeBase="C:\Projekty\MSTestProject\bin\Debug\netcoreapp3.1\MSTestProject.dll" adapterTypeName="executor://mstestadapter/v2" className="TwojeWesele.Services.Helpers.Tests.CurrencyHelperTests" name="FormatToStringTest1000" />
    </UnitTest>
    <UnitTest name="FormatToStringTest1000 (28155.26504817664,28155.27 zł)" storage="c:\projekty\mstestproject\bin\debug\netcoreapp3.1\mstestproject.dll" id="a9dca899-acb8-4968-8791-139e41e8b2ec">
      <TestCategory>
        <TestCategoryItem TestCategory="Category1000" />
      </TestCategory>
      <Execution id="c9644200-a9d0-4fd4-a0ae-f9700816088a" />
      <TestMethod codeBase="C:\Projekty\MSTestProject\bin\Debug\netcoreapp3.1\MSTestProject.dll" adapterTypeName="executor://mstestadapter/v2" className="TwojeWesele.Services.Helpers.Tests.CurrencyHelperTests" name="FormatToStringTest1000" />
    </UnitTest>
    <UnitTest name="FormatToStringTest1000 (5749.124990274722,5749.12 zł)" storage="c:\projekty\mstestproject\bin\debug\netcoreapp3.1\mstestproject.dll" id="04f1ec56-3786-4b26-a026-00f3ece9e5d8">
      <TestCategory>
        <TestCategoryItem TestCategory="Category1000" />
      </TestCategory>
      <Execution id="4debe6e2-c906-413a-ae7f-3637e07d5d09" />
      <TestMethod codeBase="C:\Projekty\MSTestProject\bin\Debug\netcoreapp3.1\MSTestProject.dll" adapterTypeName="executor://mstestadapter/v2" className="TwojeWesele.Services.Helpers.Tests.CurrencyHelperTests" name="FormatToStringTest1000" />
    </UnitTest>
    <UnitTest name="FormatToStringTest1000 (1676.7913981754293,1676.79 zł)" storage="c:\projekty\mstestproject\bin\debug\netcoreapp3.1\mstestproject.dll" id="b3e3d7b5-5ca0-4a3e-a719-87b081b72afa">
      <TestCategory>
        <TestCategoryItem TestCategory="Category1000" />
      </TestCategory>
      <Execution id="c4598870-e574-49f4-8f83-5648c5782be3" />
      <TestMethod codeBase="C:\Projekty\MSTestProject\bin\Debug\netcoreapp3.1\MSTestProject.dll" adapterTypeName="executor://mstestadapter/v2" className="TwojeWesele.Services.Helpers.Tests.CurrencyHelperTests" name="FormatToStringTest1000" />
    </UnitTest>
    <UnitTest name="FormatToStringTest1000 (15337.485230751097,15337.49 zł)" storage="c:\projekty\mstestproject\bin\debug\netcoreapp3.1\mstestproject.dll" id="c4b88cb6-1d7f-42d5-95fa-6397eb8c2798">
      <TestCategory>
        <TestCategoryItem TestCategory="Category1000" />
      </TestCategory>
      <Execution id="72d769a7-d07d-47bc-b4f7-a9fb5b30badd" />
      <TestMethod codeBase="C:\Projekty\MSTestProject\bin\Debug\netcoreapp3.1\MSTestProject.dll" adapterTypeName="executor://mstestadapter/v2" className="TwojeWesele.Services.Helpers.Tests.CurrencyHelperTests" name="FormatToStringTest1000" />
    </UnitTest>
    <UnitTest name="FormatToStringTest1000 (15591.4117417221,15591.41 zł)" storage="c:\projekty\mstestproject\bin\debug\netcoreapp3.1\mstestproject.dll" id="2cc22ded-76f5-4791-9d67-ebf7871be376">
      <TestCategory>
        <TestCategoryItem TestCategory="Category1000" />
      </TestCategory>
      <Execution id="90e1d290-ac3a-40c4-b89f-59353bc1023c" />
      <TestMethod codeBase="C:\Projekty\MSTestProject\bin\Debug\netcoreapp3.1\MSTestProject.dll" adapterTypeName="executor://mstestadapter/v2" className="TwojeWesele.Services.Helpers.Tests.CurrencyHelperTests" name="FormatToStringTest1000" />
    </UnitTest>
    <UnitTest name="FormatToStringTest1000 (51529.79033960206,51529.79 zł)" storage="c:\projekty\mstestproject\bin\debug\netcoreapp3.1\mstestproject.dll" id="c1e3061c-9b1f-480e-868e-82f6d520d358">
      <TestCategory>
        <TestCategoryItem TestCategory="Category1000" />
      </TestCategory>
      <Execution id="5b0706a1-4098-4a84-9dec-0055956c73cc" />
      <TestMethod codeBase="C:\Projekty\MSTestProject\bin\Debug\netcoreapp3.1\MSTestProject.dll" adapterTypeName="executor://mstestadapter/v2" className="TwojeWesele.Services.Helpers.Tests.CurrencyHelperTests" name="FormatToStringTest1000" />
    </UnitTest>
    <UnitTest name="FormatToStringTest1000 (60323.066780431225,60323.07 zł)" storage="c:\projekty\mstestproject\bin\debug\netcoreapp3.1\mstestproject.dll" id="810ef571-c6f7-4697-9041-53fec201c889">
      <TestCategory>
        <TestCategoryItem TestCategory="Category1000" />
      </TestCategory>
      <Execution id="89c2581a-bc31-4edf-9b32-c16c3041e077" />
      <TestMethod codeBase="C:\Projekty\MSTestProject\bin\Debug\netcoreapp3.1\MSTestProject.dll" adapterTypeName="executor://mstestadapter/v2" className="TwojeWesele.Services.Helpers.Tests.CurrencyHelperTests" name="FormatToStringTest1000" />
    </UnitTest>
    <UnitTest name="FormatToStringTest1000 (10762.501695533518,10762.50 zł)" storage="c:\projekty\mstestproject\bin\debug\netcoreapp3.1\mstestproject.dll" id="eb2bdef6-d1a6-488e-973c-ef8e8f437d05">
      <TestCategory>
        <TestCategoryItem TestCategory="Category1000" />
      </TestCategory>
      <Execution id="f6335b85-b204-45a1-8831-9bf9b974f94b" />
      <TestMethod codeBase="C:\Projekty\MSTestProject\bin\Debug\netcoreapp3.1\MSTestProject.dll" adapterTypeName="executor://mstestadapter/v2" className="TwojeWesele.Services.Helpers.Tests.CurrencyHelperTests" name="FormatToStringTest1000" />
    </UnitTest>
    <UnitTest name="FormatToStringTest1000 (7124.979180760672,7124.98 zł)" storage="c:\projekty\mstestproject\bin\debug\netcoreapp3.1\mstestproject.dll" id="d831c216-ca69-467a-89e5-45b30e335702">
      <TestCategory>
        <TestCategoryItem TestCategory="Category1000" />
      </TestCategory>
      <Execution id="5f4559c4-3348-443c-9771-822e3257570c" />
      <TestMethod codeBase="C:\Projekty\MSTestProject\bin\Debug\netcoreapp3.1\MSTestProject.dll" adapterTypeName="executor://mstestadapter/v2" className="TwojeWesele.Services.Helpers.Tests.CurrencyHelperTests" name="FormatToStringTest1000" />
    </UnitTest>
    <UnitTest name="FormatToStringTest1000 (73372.53853826903,73372.54 zł)" storage="c:\projekty\mstestproject\bin\debug\netcoreapp3.1\mstestproject.dll" id="b92aec42-d663-4fe1-8acf-95aa28b1cf5c">
      <TestCategory>
        <TestCategoryItem TestCategory="Category1000" />
      </TestCategory>
      <Execution id="1391f0a1-b99b-4f67-8558-d229a686c5ee" />
      <TestMethod codeBase="C:\Projekty\MSTestProject\bin\Debug\netcoreapp3.1\MSTestProject.dll" adapterTypeName="executor://mstestadapter/v2" className="TwojeWesele.Services.Helpers.Tests.CurrencyHelperTests" name="FormatToStringTest1000" />
    </UnitTest>
    <UnitTest name="FormatToStringTest1000 (7726.0074454499445,7726.01 zł)" storage="c:\projekty\mstestproject\bin\debug\netcoreapp3.1\mstestproject.dll" id="9aa09c77-ffac-4e36-84bf-ec5d5d0b4151">
      <TestCategory>
        <TestCategoryItem TestCategory="Category1000" />
      </TestCategory>
      <Execution id="7dbee934-110b-47c8-8faa-9b61bedad132" />
      <TestMethod codeBase="C:\Projekty\MSTestProject\bin\Debug\netcoreapp3.1\MSTestProject.dll" adapterTypeName="executor://mstestadapter/v2" className="TwojeWesele.Services.Helpers.Tests.CurrencyHelperTests" name="FormatToStringTest1000" />
    </UnitTest>
    <UnitTest name="FormatToStringTest1000 (27050.586848031067,27050.59 zł)" storage="c:\projekty\mstestproject\bin\debug\netcoreapp3.1\mstestproject.dll" id="fc6f95e5-5efb-4058-8552-6bce126a6f72">
      <TestCategory>
        <TestCategoryItem TestCategory="Category1000" />
      </TestCategory>
      <Execution id="834fc015-775d-4aca-807a-9cf4e2b0c4f0" />
      <TestMethod codeBase="C:\Projekty\MSTestProject\bin\Debug\netcoreapp3.1\MSTestProject.dll" adapterTypeName="executor://mstestadapter/v2" className="TwojeWesele.Services.Helpers.Tests.CurrencyHelperTests" name="FormatToStringTest1000" />
    </UnitTest>
    <UnitTest name="FormatToStringTest1000 (50339.31259969497,50339.31 zł)" storage="c:\projekty\mstestproject\bin\debug\netcoreapp3.1\mstestproject.dll" id="a79e0d0d-6ceb-42b9-9424-300084eb1518">
      <TestCategory>
        <TestCategoryItem TestCategory="Category1000" />
      </TestCategory>
      <Execution id="4ad94ebb-6ef4-4988-abfe-2200dcb2fbeb" />
      <TestMethod codeBase="C:\Projekty\MSTestProject\bin\Debug\netcoreapp3.1\MSTestProject.dll" adapterTypeName="executor://mstestadapter/v2" className="TwojeWesele.Services.Helpers.Tests.CurrencyHelperTests" name="FormatToStringTest1000" />
    </UnitTest>
    <UnitTest name="FormatToStringTest1000 (15907.394871033446,15907.39 zł)" storage="c:\projekty\mstestproject\bin\debug\netcoreapp3.1\mstestproject.dll" id="f4ba6910-eca3-46e2-9b18-20a5c8c4b178">
      <TestCategory>
        <TestCategoryItem TestCategory="Category1000" />
      </TestCategory>
      <Execution id="1389c7d1-5f8c-4ed0-a9a7-623b4ca4cc08" />
      <TestMethod codeBase="C:\Projekty\MSTestProject\bin\Debug\netcoreapp3.1\MSTestProject.dll" adapterTypeName="executor://mstestadapter/v2" className="TwojeWesele.Services.Helpers.Tests.CurrencyHelperTests" name="FormatToStringTest1000" />
    </UnitTest>
    <UnitTest name="FormatToStringTest1000 (16210.791556035536,16210.79 zł)" storage="c:\projekty\mstestproject\bin\debug\netcoreapp3.1\mstestproject.dll" id="c073c491-1a4e-43a8-a36a-f26e89b8aa96">
      <TestCategory>
        <TestCategoryItem TestCategory="Category1000" />
      </TestCategory>
      <Execution id="81fdea99-d7fe-4b77-949c-c0328d003bdf" />
      <TestMethod codeBase="C:\Projekty\MSTestProject\bin\Debug\netcoreapp3.1\MSTestProject.dll" adapterTypeName="executor://mstestadapter/v2" className="TwojeWesele.Services.Helpers.Tests.CurrencyHelperTests" name="FormatToStringTest1000" />
    </UnitTest>
    <UnitTest name="FormatToStringTest1000 (4252.4012513842445,4252.40 zł)" storage="c:\projekty\mstestproject\bin\debug\netcoreapp3.1\mstestproject.dll" id="a4131660-40fc-4ce5-8b58-bfb742e66357">
      <TestCategory>
        <TestCategoryItem TestCategory="Category1000" />
      </TestCategory>
      <Execution id="e82d8e0a-84ae-4fce-a877-99abb23d7490" />
      <TestMethod codeBase="C:\Projekty\MSTestProject\bin\Debug\netcoreapp3.1\MSTestProject.dll" adapterTypeName="executor://mstestadapter/v2" className="TwojeWesele.Services.Helpers.Tests.CurrencyHelperTests" name="FormatToStringTest1000" />
    </UnitTest>
    <UnitTest name="FormatToStringTest1000 (386.358918903097,386.36 zł)" storage="c:\projekty\mstestproject\bin\debug\netcoreapp3.1\mstestproject.dll" id="16f7c203-80fd-4958-b25c-1c86c80dc9f7">
      <TestCategory>
        <TestCategoryItem TestCategory="Category1000" />
      </TestCategory>
      <Execution id="c0ba4f91-8f33-4e70-813e-4e9c7f14e8fa" />
      <TestMethod codeBase="C:\Projekty\MSTestProject\bin\Debug\netcoreapp3.1\MSTestProject.dll" adapterTypeName="executor://mstestadapter/v2" className="TwojeWesele.Services.Helpers.Tests.CurrencyHelperTests" name="FormatToStringTest1000" />
    </UnitTest>
    <UnitTest name="FormatToStringTest1000 (12641.700665183225,12641.70 zł)" storage="c:\projekty\mstestproject\bin\debug\netcoreapp3.1\mstestproject.dll" id="3b930278-eba0-48b9-9bcf-ffe5d82d9d5b">
      <TestCategory>
        <TestCategoryItem TestCategory="Category1000" />
      </TestCategory>
      <Execution id="bab7ac96-5006-4e02-9e1a-6ccd7ff0c964" />
      <TestMethod codeBase="C:\Projekty\MSTestProject\bin\Debug\netcoreapp3.1\MSTestProject.dll" adapterTypeName="executor://mstestadapter/v2" className="TwojeWesele.Services.Helpers.Tests.CurrencyHelperTests" name="FormatToStringTest1000" />
    </UnitTest>
    <UnitTest name="FormatToStringTest1000 (12221.10494323592,12221.10 zł)" storage="c:\projekty\mstestproject\bin\debug\netcoreapp3.1\mstestproject.dll" id="faaba616-45a2-49d3-bf16-513016097b6a">
      <TestCategory>
        <TestCategoryItem TestCategory="Category1000" />
      </TestCategory>
      <Execution id="b9d256b6-4426-4fb5-8fc9-6c096559b173" />
      <TestMethod codeBase="C:\Projekty\MSTestProject\bin\Debug\netcoreapp3.1\MSTestProject.dll" adapterTypeName="executor://mstestadapter/v2" className="TwojeWesele.Services.Helpers.Tests.CurrencyHelperTests" name="FormatToStringTest1000" />
    </UnitTest>
    <UnitTest name="FormatToStringTest1000 (29362.005930638876,29362.01 zł)" storage="c:\projekty\mstestproject\bin\debug\netcoreapp3.1\mstestproject.dll" id="bdcdd74c-289b-4388-821f-0e2879a6dfa0">
      <TestCategory>
        <TestCategoryItem TestCategory="Category1000" />
      </TestCategory>
      <Execution id="5575b5c5-b64c-49c5-a0ec-d984465fa9e1" />
      <TestMethod codeBase="C:\Projekty\MSTestProject\bin\Debug\netcoreapp3.1\MSTestProject.dll" adapterTypeName="executor://mstestadapter/v2" className="TwojeWesele.Services.Helpers.Tests.CurrencyHelperTests" name="FormatToStringTest1000" />
    </UnitTest>
    <UnitTest name="FormatToStringTest1000 (3043.6828298227315,3043.68 zł)" storage="c:\projekty\mstestproject\bin\debug\netcoreapp3.1\mstestproject.dll" id="0dcb80e3-8962-43e7-8ec9-3e6836ea3934">
      <TestCategory>
        <TestCategoryItem TestCategory="Category1000" />
      </TestCategory>
      <Execution id="91f3d065-8187-463a-9e5b-d76bc21329e5" />
      <TestMethod codeBase="C:\Projekty\MSTestProject\bin\Debug\netcoreapp3.1\MSTestProject.dll" adapterTypeName="executor://mstestadapter/v2" className="TwojeWesele.Services.Helpers.Tests.CurrencyHelperTests" name="FormatToStringTest1000" />
    </UnitTest>
    <UnitTest name="FormatToStringTest1000 (14017.699524653006,14017.70 zł)" storage="c:\projekty\mstestproject\bin\debug\netcoreapp3.1\mstestproject.dll" id="4896edea-9900-4f70-9be6-5a644ec55fa9">
      <TestCategory>
        <TestCategoryItem TestCategory="Category1000" />
      </TestCategory>
      <Execution id="c87fff43-b6b2-4322-a5f8-0c8002549cf0" />
      <TestMethod codeBase="C:\Projekty\MSTestProject\bin\Debug\netcoreapp3.1\MSTestProject.dll" adapterTypeName="executor://mstestadapter/v2" className="TwojeWesele.Services.Helpers.Tests.CurrencyHelperTests" name="FormatToStringTest1000" />
    </UnitTest>
    <UnitTest name="FormatToStringTest1000 (759.247198292635,759.25 zł)" storage="c:\projekty\mstestproject\bin\debug\netcoreapp3.1\mstestproject.dll" id="d33e3f77-2496-4424-b650-682f85088453">
      <TestCategory>
        <TestCategoryItem TestCategory="Category1000" />
      </TestCategory>
      <Execution id="a181a749-eaa8-475f-924b-705efe6fed7c" />
      <TestMethod codeBase="C:\Projekty\MSTestProject\bin\Debug\netcoreapp3.1\MSTestProject.dll" adapterTypeName="executor://mstestadapter/v2" className="TwojeWesele.Services.Helpers.Tests.CurrencyHelperTests" name="FormatToStringTest1000" />
    </UnitTest>
    <UnitTest name="FormatToStringTest1000 (3799.9216302064815,3799.92 zł)" storage="c:\projekty\mstestproject\bin\debug\netcoreapp3.1\mstestproject.dll" id="276a8c7e-167f-48cf-897e-9fa91dcfa0bc">
      <TestCategory>
        <TestCategoryItem TestCategory="Category1000" />
      </TestCategory>
      <Execution id="d8db875b-82c2-4650-bf23-246d9b0d5fab" />
      <TestMethod codeBase="C:\Projekty\MSTestProject\bin\Debug\netcoreapp3.1\MSTestProject.dll" adapterTypeName="executor://mstestadapter/v2" className="TwojeWesele.Services.Helpers.Tests.CurrencyHelperTests" name="FormatToStringTest1000" />
    </UnitTest>
    <UnitTest name="FormatToStringTest1000 (22367.991005544547,22367.99 zł)" storage="c:\projekty\mstestproject\bin\debug\netcoreapp3.1\mstestproject.dll" id="40d6b03a-e7fe-4ba8-b8e2-76233ab8b93f">
      <TestCategory>
        <TestCategoryItem TestCategory="Category1000" />
      </TestCategory>
      <Execution id="d9eb470e-f481-450c-8e7f-e27cd500ac18" />
      <TestMethod codeBase="C:\Projekty\MSTestProject\bin\Debug\netcoreapp3.1\MSTestProject.dll" adapterTypeName="executor://mstestadapter/v2" className="TwojeWesele.Services.Helpers.Tests.CurrencyHelperTests" name="FormatToStringTest1000" />
    </UnitTest>
    <UnitTest name="FormatToStringTest1000 (4612.32080757633,4612.32 zł)" storage="c:\projekty\mstestproject\bin\debug\netcoreapp3.1\mstestproject.dll" id="939c7e3c-7073-44b5-9016-df6e48af9361">
      <TestCategory>
        <TestCategoryItem TestCategory="Category1000" />
      </TestCategory>
      <Execution id="32469825-06a5-40dd-a3fe-0d089199ed28" />
      <TestMethod codeBase="C:\Projekty\MSTestProject\bin\Debug\netcoreapp3.1\MSTestProject.dll" adapterTypeName="executor://mstestadapter/v2" className="TwojeWesele.Services.Helpers.Tests.CurrencyHelperTests" name="FormatToStringTest1000" />
    </UnitTest>
    <UnitTest name="FormatToStringTest1000 (19933.78650940945,19933.79 zł)" storage="c:\projekty\mstestproject\bin\debug\netcoreapp3.1\mstestproject.dll" id="c736ce96-ac3e-48ed-98f8-2ed63328cc10">
      <TestCategory>
        <TestCategoryItem TestCategory="Category1000" />
      </TestCategory>
      <Execution id="67bc7afb-869d-4a48-9da3-73dc1a280ea7" />
      <TestMethod codeBase="C:\Projekty\MSTestProject\bin\Debug\netcoreapp3.1\MSTestProject.dll" adapterTypeName="executor://mstestadapter/v2" className="TwojeWesele.Services.Helpers.Tests.CurrencyHelperTests" name="FormatToStringTest1000" />
    </UnitTest>
    <UnitTest name="FormatToStringTest1000 (765.778932784581,765.78 zł)" storage="c:\projekty\mstestproject\bin\debug\netcoreapp3.1\mstestproject.dll" id="c7ff6098-76d6-4eca-91fc-b8997918e5ab">
      <TestCategory>
        <TestCategoryItem TestCategory="Category1000" />
      </TestCategory>
      <Execution id="de714cc0-5c9b-4e0d-b274-964c05e5911a" />
      <TestMethod codeBase="C:\Projekty\MSTestProject\bin\Debug\netcoreapp3.1\MSTestProject.dll" adapterTypeName="executor://mstestadapter/v2" className="TwojeWesele.Services.Helpers.Tests.CurrencyHelperTests" name="FormatToStringTest1000" />
    </UnitTest>
    <UnitTest name="FormatToStringTest1000 (4419.750844657306,4419.75 zł)" storage="c:\projekty\mstestproject\bin\debug\netcoreapp3.1\mstestproject.dll" id="ad541675-a95e-41a4-9451-ac61b4152ea4">
      <TestCategory>
        <TestCategoryItem TestCategory="Category1000" />
      </TestCategory>
      <Execution id="9e5f9d1f-a63a-4f7d-adeb-75b3c11380fe" />
      <TestMethod codeBase="C:\Projekty\MSTestProject\bin\Debug\netcoreapp3.1\MSTestProject.dll" adapterTypeName="executor://mstestadapter/v2" className="TwojeWesele.Services.Helpers.Tests.CurrencyHelperTests" name="FormatToStringTest1000" />
    </UnitTest>
    <UnitTest name="FormatToStringTest1000 (13206.129467931636,13206.13 zł)" storage="c:\projekty\mstestproject\bin\debug\netcoreapp3.1\mstestproject.dll" id="846833ab-1e85-44f5-83f2-871af2e65b74">
      <TestCategory>
        <TestCategoryItem TestCategory="Category1000" />
      </TestCategory>
      <Execution id="74e6693b-a9dc-499e-b058-fafcaef8f86c" />
      <TestMethod codeBase="C:\Projekty\MSTestProject\bin\Debug\netcoreapp3.1\MSTestProject.dll" adapterTypeName="executor://mstestadapter/v2" className="TwojeWesele.Services.Helpers.Tests.CurrencyHelperTests" name="FormatToStringTest1000" />
    </UnitTest>
    <UnitTest name="FormatToStringTest1000 (12091.219941106729,12091.22 zł)" storage="c:\projekty\mstestproject\bin\debug\netcoreapp3.1\mstestproject.dll" id="8f3e5524-2ca2-4739-a6f1-a51643925096">
      <TestCategory>
        <TestCategoryItem TestCategory="Category1000" />
      </TestCategory>
      <Execution id="3eb339b3-1037-40fa-a633-b983a9a4888b" />
      <TestMethod codeBase="C:\Projekty\MSTestProject\bin\Debug\netcoreapp3.1\MSTestProject.dll" adapterTypeName="executor://mstestadapter/v2" className="TwojeWesele.Services.Helpers.Tests.CurrencyHelperTests" name="FormatToStringTest1000" />
    </UnitTest>
    <UnitTest name="FormatToStringTest1000 (66053.95451852398,66053.95 zł)" storage="c:\projekty\mstestproject\bin\debug\netcoreapp3.1\mstestproject.dll" id="a5fc410e-02f2-4c11-b54f-489b0c2168b6">
      <TestCategory>
        <TestCategoryItem TestCategory="Category1000" />
      </TestCategory>
      <Execution id="77b1a71d-738d-48a0-b9ab-4929c03fa5a6" />
      <TestMethod codeBase="C:\Projekty\MSTestProject\bin\Debug\netcoreapp3.1\MSTestProject.dll" adapterTypeName="executor://mstestadapter/v2" className="TwojeWesele.Services.Helpers.Tests.CurrencyHelperTests" name="FormatToStringTest1000" />
    </UnitTest>
    <UnitTest name="FormatToStringTest1000 (4592.278577496428,4592.28 zł)" storage="c:\projekty\mstestproject\bin\debug\netcoreapp3.1\mstestproject.dll" id="c44f9840-2116-4a98-8aa1-9fa84f4ee5d7">
      <TestCategory>
        <TestCategoryItem TestCategory="Category1000" />
      </TestCategory>
      <Execution id="677f23bc-c175-4e3a-8a7d-e1d2e81dfc8c" />
      <TestMethod codeBase="C:\Projekty\MSTestProject\bin\Debug\netcoreapp3.1\MSTestProject.dll" adapterTypeName="executor://mstestadapter/v2" className="TwojeWesele.Services.Helpers.Tests.CurrencyHelperTests" name="FormatToStringTest1000" />
    </UnitTest>
    <UnitTest name="FormatToStringTest1000 (26215.613055301183,26215.61 zł)" storage="c:\projekty\mstestproject\bin\debug\netcoreapp3.1\mstestproject.dll" id="c69eef2a-b048-4af5-a71b-b10466894d48">
      <TestCategory>
        <TestCategoryItem TestCategory="Category1000" />
      </TestCategory>
      <Execution id="3c5c642f-8286-4652-8472-8874a6cf2266" />
      <TestMethod codeBase="C:\Projekty\MSTestProject\bin\Debug\netcoreapp3.1\MSTestProject.dll" adapterTypeName="executor://mstestadapter/v2" className="TwojeWesele.Services.Helpers.Tests.CurrencyHelperTests" name="FormatToStringTest1000" />
    </UnitTest>
    <UnitTest name="FormatToStringTest1000 (17455.15807988595,17455.16 zł)" storage="c:\projekty\mstestproject\bin\debug\netcoreapp3.1\mstestproject.dll" id="459b4017-1fc4-41fc-9687-88d109579741">
      <TestCategory>
        <TestCategoryItem TestCategory="Category1000" />
      </TestCategory>
      <Execution id="d8deb89b-9bee-478a-bfa1-07338c279ceb" />
      <TestMethod codeBase="C:\Projekty\MSTestProject\bin\Debug\netcoreapp3.1\MSTestProject.dll" adapterTypeName="executor://mstestadapter/v2" className="TwojeWesele.Services.Helpers.Tests.CurrencyHelperTests" name="FormatToStringTest1000" />
    </UnitTest>
    <UnitTest name="FormatToStringTest1000 (58111.21259843521,58111.21 zł)" storage="c:\projekty\mstestproject\bin\debug\netcoreapp3.1\mstestproject.dll" id="d392df5f-8a52-4ca9-9fa7-40f75f6faf51">
      <TestCategory>
        <TestCategoryItem TestCategory="Category1000" />
      </TestCategory>
      <Execution id="f9a38e78-d3a2-4e25-b74d-affaf5318987" />
      <TestMethod codeBase="C:\Projekty\MSTestProject\bin\Debug\netcoreapp3.1\MSTestProject.dll" adapterTypeName="executor://mstestadapter/v2" className="TwojeWesele.Services.Helpers.Tests.CurrencyHelperTests" name="FormatToStringTest1000" />
    </UnitTest>
    <UnitTest name="FormatToStringTest1000 (22017.250119325356,22017.25 zł)" storage="c:\projekty\mstestproject\bin\debug\netcoreapp3.1\mstestproject.dll" id="5f4d3c3e-d228-46f8-922a-2f5b05390f12">
      <TestCategory>
        <TestCategoryItem TestCategory="Category1000" />
      </TestCategory>
      <Execution id="ecc9c0ae-6fe5-4c4f-a88e-bdf9b5ea73ed" />
      <TestMethod codeBase="C:\Projekty\MSTestProject\bin\Debug\netcoreapp3.1\MSTestProject.dll" adapterTypeName="executor://mstestadapter/v2" className="TwojeWesele.Services.Helpers.Tests.CurrencyHelperTests" name="FormatToStringTest1000" />
    </UnitTest>
    <UnitTest name="FormatToStringTest1000 (14237.13226245955,14237.13 zł)" storage="c:\projekty\mstestproject\bin\debug\netcoreapp3.1\mstestproject.dll" id="62ae8f7e-0353-4015-ab8a-fea7cf202d01">
      <TestCategory>
        <TestCategoryItem TestCategory="Category1000" />
      </TestCategory>
      <Execution id="16863672-91fe-4ca1-a07c-9e74fb020b48" />
      <TestMethod codeBase="C:\Projekty\MSTestProject\bin\Debug\netcoreapp3.1\MSTestProject.dll" adapterTypeName="executor://mstestadapter/v2" className="TwojeWesele.Services.Helpers.Tests.CurrencyHelperTests" name="FormatToStringTest1000" />
    </UnitTest>
    <UnitTest name="FormatToStringTest1000 (61324.33752458279,61324.34 zł)" storage="c:\projekty\mstestproject\bin\debug\netcoreapp3.1\mstestproject.dll" id="573f157b-2bca-4c71-9af5-f7317979a90c">
      <TestCategory>
        <TestCategoryItem TestCategory="Category1000" />
      </TestCategory>
      <Execution id="2cef9c4a-cc5e-4fd8-822b-9dbee25bb46a" />
      <TestMethod codeBase="C:\Projekty\MSTestProject\bin\Debug\netcoreapp3.1\MSTestProject.dll" adapterTypeName="executor://mstestadapter/v2" className="TwojeWesele.Services.Helpers.Tests.CurrencyHelperTests" name="FormatToStringTest1000" />
    </UnitTest>
    <UnitTest name="FormatToStringTest1000 (20244.692955315437,20244.69 zł)" storage="c:\projekty\mstestproject\bin\debug\netcoreapp3.1\mstestproject.dll" id="0683e35e-e00c-4c3f-aada-fd4e5ca0ce3a">
      <TestCategory>
        <TestCategoryItem TestCategory="Category1000" />
      </TestCategory>
      <Execution id="a53ea4b0-63db-4a4c-97d7-0399b2141182" />
      <TestMethod codeBase="C:\Projekty\MSTestProject\bin\Debug\netcoreapp3.1\MSTestProject.dll" adapterTypeName="executor://mstestadapter/v2" className="TwojeWesele.Services.Helpers.Tests.CurrencyHelperTests" name="FormatToStringTest1000" />
    </UnitTest>
    <UnitTest name="FormatToStringTest1000 (40035.54711080787,40035.55 zł)" storage="c:\projekty\mstestproject\bin\debug\netcoreapp3.1\mstestproject.dll" id="85a70331-a7d3-44a0-be6c-498df514a53d">
      <TestCategory>
        <TestCategoryItem TestCategory="Category1000" />
      </TestCategory>
      <Execution id="6eba3588-4390-493d-929a-d517d636d255" />
      <TestMethod codeBase="C:\Projekty\MSTestProject\bin\Debug\netcoreapp3.1\MSTestProject.dll" adapterTypeName="executor://mstestadapter/v2" className="TwojeWesele.Services.Helpers.Tests.CurrencyHelperTests" name="FormatToStringTest1000" />
    </UnitTest>
    <UnitTest name="FormatToStringTest1000 (23649.104642116046,23649.10 zł)" storage="c:\projekty\mstestproject\bin\debug\netcoreapp3.1\mstestproject.dll" id="c393c5b8-4774-4a59-acce-1f4ce567d18a">
      <TestCategory>
        <TestCategoryItem TestCategory="Category1000" />
      </TestCategory>
      <Execution id="31708391-03a6-41d1-ada8-49584cb1a93c" />
      <TestMethod codeBase="C:\Projekty\MSTestProject\bin\Debug\netcoreapp3.1\MSTestProject.dll" adapterTypeName="executor://mstestadapter/v2" className="TwojeWesele.Services.Helpers.Tests.CurrencyHelperTests" name="FormatToStringTest1000" />
    </UnitTest>
    <UnitTest name="FormatToStringTest1000 (30071.004434484523,30071.00 zł)" storage="c:\projekty\mstestproject\bin\debug\netcoreapp3.1\mstestproject.dll" id="84f1ab4d-152f-444c-95bd-bbd9931ac432">
      <TestCategory>
        <TestCategoryItem TestCategory="Category1000" />
      </TestCategory>
      <Execution id="9ed2bb18-d75d-475e-89f4-a16d8b13e182" />
      <TestMethod codeBase="C:\Projekty\MSTestProject\bin\Debug\netcoreapp3.1\MSTestProject.dll" adapterTypeName="executor://mstestadapter/v2" className="TwojeWesele.Services.Helpers.Tests.CurrencyHelperTests" name="FormatToStringTest1000" />
    </UnitTest>
    <UnitTest name="FormatToStringTest1000 (6057.842750804426,6057.84 zł)" storage="c:\projekty\mstestproject\bin\debug\netcoreapp3.1\mstestproject.dll" id="4e792acf-53c4-4f81-854f-18bf92d4476c">
      <TestCategory>
        <TestCategoryItem TestCategory="Category1000" />
      </TestCategory>
      <Execution id="57327189-35cc-4d65-9198-b28df69c20a6" />
      <TestMethod codeBase="C:\Projekty\MSTestProject\bin\Debug\netcoreapp3.1\MSTestProject.dll" adapterTypeName="executor://mstestadapter/v2" className="TwojeWesele.Services.Helpers.Tests.CurrencyHelperTests" name="FormatToStringTest1000" />
    </UnitTest>
    <UnitTest name="FormatToStringTest1000 (16427.591943671738,16427.59 zł)" storage="c:\projekty\mstestproject\bin\debug\netcoreapp3.1\mstestproject.dll" id="484698dc-a9a9-4f30-82ab-b2c42f58a9a6">
      <TestCategory>
        <TestCategoryItem TestCategory="Category1000" />
      </TestCategory>
      <Execution id="9a587281-38a0-4774-8711-fca335f5f87b" />
      <TestMethod codeBase="C:\Projekty\MSTestProject\bin\Debug\netcoreapp3.1\MSTestProject.dll" adapterTypeName="executor://mstestadapter/v2" className="TwojeWesele.Services.Helpers.Tests.CurrencyHelperTests" name="FormatToStringTest1000" />
    </UnitTest>
    <UnitTest name="FormatToStringTest1000 (40913.016669489916,40913.02 zł)" storage="c:\projekty\mstestproject\bin\debug\netcoreapp3.1\mstestproject.dll" id="d0eb4833-1043-462f-9767-dde4f6bab4f8">
      <TestCategory>
        <TestCategoryItem TestCategory="Category1000" />
      </TestCategory>
      <Execution id="08e1483e-c145-4aa7-b997-5cb28c20eb63" />
      <TestMethod codeBase="C:\Projekty\MSTestProject\bin\Debug\netcoreapp3.1\MSTestProject.dll" adapterTypeName="executor://mstestadapter/v2" className="TwojeWesele.Services.Helpers.Tests.CurrencyHelperTests" name="FormatToStringTest1000" />
    </UnitTest>
    <UnitTest name="FormatToStringTest1000 (238.1379397484185,238.14 zł)" storage="c:\projekty\mstestproject\bin\debug\netcoreapp3.1\mstestproject.dll" id="d197a4fb-59f6-4f42-8af3-d89956b17668">
      <TestCategory>
        <TestCategoryItem TestCategory="Category1000" />
      </TestCategory>
      <Execution id="843aeb8c-5fbf-464b-8c64-71feac1b19a1" />
      <TestMethod codeBase="C:\Projekty\MSTestProject\bin\Debug\netcoreapp3.1\MSTestProject.dll" adapterTypeName="executor://mstestadapter/v2" className="TwojeWesele.Services.Helpers.Tests.CurrencyHelperTests" name="FormatToStringTest1000" />
    </UnitTest>
    <UnitTest name="FormatToStringTest1000 (26223.99769144412,26224.00 zł)" storage="c:\projekty\mstestproject\bin\debug\netcoreapp3.1\mstestproject.dll" id="6ab18e89-6727-420b-b144-db7fc614620b">
      <TestCategory>
        <TestCategoryItem TestCategory="Category1000" />
      </TestCategory>
      <Execution id="68060c2e-0c79-4fc6-93b4-dd5f3c2e8552" />
      <TestMethod codeBase="C:\Projekty\MSTestProject\bin\Debug\netcoreapp3.1\MSTestProject.dll" adapterTypeName="executor://mstestadapter/v2" className="TwojeWesele.Services.Helpers.Tests.CurrencyHelperTests" name="FormatToStringTest1000" />
    </UnitTest>
    <UnitTest name="FormatToStringTest1000 (1751.1734380625066,1751.17 zł)" storage="c:\projekty\mstestproject\bin\debug\netcoreapp3.1\mstestproject.dll" id="6ae2b0fd-6bd7-4b3f-8726-6bea4013add9">
      <TestCategory>
        <TestCategoryItem TestCategory="Category1000" />
      </TestCategory>
      <Execution id="41dba156-af58-4432-99de-ea69695bfd3c" />
      <TestMethod codeBase="C:\Projekty\MSTestProject\bin\Debug\netcoreapp3.1\MSTestProject.dll" adapterTypeName="executor://mstestadapter/v2" className="TwojeWesele.Services.Helpers.Tests.CurrencyHelperTests" name="FormatToStringTest1000" />
    </UnitTest>
    <UnitTest name="FormatToStringTest1000 (26015.8311952552,26015.83 zł)" storage="c:\projekty\mstestproject\bin\debug\netcoreapp3.1\mstestproject.dll" id="c7d25a09-c948-4008-b867-f7f62b20e0d5">
      <TestCategory>
        <TestCategoryItem TestCategory="Category1000" />
      </TestCategory>
      <Execution id="2bf60644-e617-4b7d-aa85-1787b5bb5858" />
      <TestMethod codeBase="C:\Projekty\MSTestProject\bin\Debug\netcoreapp3.1\MSTestProject.dll" adapterTypeName="executor://mstestadapter/v2" className="TwojeWesele.Services.Helpers.Tests.CurrencyHelperTests" name="FormatToStringTest1000" />
    </UnitTest>
    <UnitTest name="FormatToStringTest1000 (22533.17694295811,22533.18 zł)" storage="c:\projekty\mstestproject\bin\debug\netcoreapp3.1\mstestproject.dll" id="6b6241ff-ac5f-4d97-9998-88dfa98d6b16">
      <TestCategory>
        <TestCategoryItem TestCategory="Category1000" />
      </TestCategory>
      <Execution id="721b80a1-46a3-4121-8789-503c39f9e5cd" />
      <TestMethod codeBase="C:\Projekty\MSTestProject\bin\Debug\netcoreapp3.1\MSTestProject.dll" adapterTypeName="executor://mstestadapter/v2" className="TwojeWesele.Services.Helpers.Tests.CurrencyHelperTests" name="FormatToStringTest1000" />
    </UnitTest>
    <UnitTest name="FormatToStringTest1000 (823.2747994560166,823.27 zł)" storage="c:\projekty\mstestproject\bin\debug\netcoreapp3.1\mstestproject.dll" id="68aa8b90-d394-4819-8b07-0b3eac87be75">
      <TestCategory>
        <TestCategoryItem TestCategory="Category1000" />
      </TestCategory>
      <Execution id="f08f8f5e-1aa0-4975-b0ad-5df68e5b6b5f" />
      <TestMethod codeBase="C:\Projekty\MSTestProject\bin\Debug\netcoreapp3.1\MSTestProject.dll" adapterTypeName="executor://mstestadapter/v2" className="TwojeWesele.Services.Helpers.Tests.CurrencyHelperTests" name="FormatToStringTest1000" />
    </UnitTest>
    <UnitTest name="FormatToStringTest1000 (21693.340115174808,21693.34 zł)" storage="c:\projekty\mstestproject\bin\debug\netcoreapp3.1\mstestproject.dll" id="4ba0d164-a28f-43e3-a96e-a6f26dd74933">
      <TestCategory>
        <TestCategoryItem TestCategory="Category1000" />
      </TestCategory>
      <Execution id="2e2a2d5f-d236-497f-af9c-5dd7fcc6a4f4" />
      <TestMethod codeBase="C:\Projekty\MSTestProject\bin\Debug\netcoreapp3.1\MSTestProject.dll" adapterTypeName="executor://mstestadapter/v2" className="TwojeWesele.Services.Helpers.Tests.CurrencyHelperTests" name="FormatToStringTest1000" />
    </UnitTest>
    <UnitTest name="FormatToStringTest1000 (50550.645020282194,50550.65 zł)" storage="c:\projekty\mstestproject\bin\debug\netcoreapp3.1\mstestproject.dll" id="2e9776f5-c39d-4837-ac8e-3b7485667400">
      <TestCategory>
        <TestCategoryItem TestCategory="Category1000" />
      </TestCategory>
      <Execution id="6ddffbaf-b571-4616-a41a-d0c8980e7834" />
      <TestMethod codeBase="C:\Projekty\MSTestProject\bin\Debug\netcoreapp3.1\MSTestProject.dll" adapterTypeName="executor://mstestadapter/v2" className="TwojeWesele.Services.Helpers.Tests.CurrencyHelperTests" name="FormatToStringTest1000" />
    </UnitTest>
    <UnitTest name="FormatToStringTest1000 (18424.864078561244,18424.86 zł)" storage="c:\projekty\mstestproject\bin\debug\netcoreapp3.1\mstestproject.dll" id="8023cffb-792c-4e12-aaf8-4ee9f71ef579">
      <TestCategory>
        <TestCategoryItem TestCategory="Category1000" />
      </TestCategory>
      <Execution id="6ad433f3-0d2c-431c-8f53-83defcacbdd2" />
      <TestMethod codeBase="C:\Projekty\MSTestProject\bin\Debug\netcoreapp3.1\MSTestProject.dll" adapterTypeName="executor://mstestadapter/v2" className="TwojeWesele.Services.Helpers.Tests.CurrencyHelperTests" name="FormatToStringTest1000" />
    </UnitTest>
    <UnitTest name="FormatToStringTest1000 (41873.517751020154,41873.52 zł)" storage="c:\projekty\mstestproject\bin\debug\netcoreapp3.1\mstestproject.dll" id="ff72d30e-69e5-4315-9772-e8ea742dd8dd">
      <TestCategory>
        <TestCategoryItem TestCategory="Category1000" />
      </TestCategory>
      <Execution id="5eb6ede0-7c82-43e0-8644-61ce85336032" />
      <TestMethod codeBase="C:\Projekty\MSTestProject\bin\Debug\netcoreapp3.1\MSTestProject.dll" adapterTypeName="executor://mstestadapter/v2" className="TwojeWesele.Services.Helpers.Tests.CurrencyHelperTests" name="FormatToStringTest1000" />
    </UnitTest>
    <UnitTest name="FormatToStringTest1000 (20012.898273490322,20012.90 zł)" storage="c:\projekty\mstestproject\bin\debug\netcoreapp3.1\mstestproject.dll" id="b96bfa1e-531a-4e49-b63e-d910f541679d">
      <TestCategory>
        <TestCategoryItem TestCategory="Category1000" />
      </TestCategory>
      <Execution id="c4540c02-897d-43f0-b161-a5f8b5a40bbf" />
      <TestMethod codeBase="C:\Projekty\MSTestProject\bin\Debug\netcoreapp3.1\MSTestProject.dll" adapterTypeName="executor://mstestadapter/v2" className="TwojeWesele.Services.Helpers.Tests.CurrencyHelperTests" name="FormatToStringTest1000" />
    </UnitTest>
    <UnitTest name="FormatToStringTest1000 (1687.5965557361937,1687.60 zł)" storage="c:\projekty\mstestproject\bin\debug\netcoreapp3.1\mstestproject.dll" id="a76b4cbc-a6cb-4649-be0d-097ecdad0674">
      <TestCategory>
        <TestCategoryItem TestCategory="Category1000" />
      </TestCategory>
      <Execution id="df7dc9fd-8db1-417e-9573-4aa4049eba23" />
      <TestMethod codeBase="C:\Projekty\MSTestProject\bin\Debug\netcoreapp3.1\MSTestProject.dll" adapterTypeName="executor://mstestadapter/v2" className="TwojeWesele.Services.Helpers.Tests.CurrencyHelperTests" name="FormatToStringTest1000" />
    </UnitTest>
    <UnitTest name="FormatToStringTest1000 (72659.37876478041,72659.38 zł)" storage="c:\projekty\mstestproject\bin\debug\netcoreapp3.1\mstestproject.dll" id="5d26021c-48d2-442c-84ae-db1307bc19ff">
      <TestCategory>
        <TestCategoryItem TestCategory="Category1000" />
      </TestCategory>
      <Execution id="1b0a92a8-07dc-4c79-ab89-e6eb761fbf26" />
      <TestMethod codeBase="C:\Projekty\MSTestProject\bin\Debug\netcoreapp3.1\MSTestProject.dll" adapterTypeName="executor://mstestadapter/v2" className="TwojeWesele.Services.Helpers.Tests.CurrencyHelperTests" name="FormatToStringTest1000" />
    </UnitTest>
    <UnitTest name="FormatToStringTest1000 (13582.47117894258,13582.47 zł)" storage="c:\projekty\mstestproject\bin\debug\netcoreapp3.1\mstestproject.dll" id="ad776b6e-4ebf-4717-bea8-293ed60743b2">
      <TestCategory>
        <TestCategoryItem TestCategory="Category1000" />
      </TestCategory>
      <Execution id="89d77260-b1e5-4dbf-b8b3-ef7b1513d654" />
      <TestMethod codeBase="C:\Projekty\MSTestProject\bin\Debug\netcoreapp3.1\MSTestProject.dll" adapterTypeName="executor://mstestadapter/v2" className="TwojeWesele.Services.Helpers.Tests.CurrencyHelperTests" name="FormatToStringTest1000" />
    </UnitTest>
    <UnitTest name="FormatToStringTest1000 (15509.637406484986,15509.64 zł)" storage="c:\projekty\mstestproject\bin\debug\netcoreapp3.1\mstestproject.dll" id="21a060e4-277c-447c-90bb-7752f1273b58">
      <TestCategory>
        <TestCategoryItem TestCategory="Category1000" />
      </TestCategory>
      <Execution id="cf5313f1-f70a-4db2-83d2-6f8212453b6c" />
      <TestMethod codeBase="C:\Projekty\MSTestProject\bin\Debug\netcoreapp3.1\MSTestProject.dll" adapterTypeName="executor://mstestadapter/v2" className="TwojeWesele.Services.Helpers.Tests.CurrencyHelperTests" name="FormatToStringTest1000" />
    </UnitTest>
    <UnitTest name="FormatToStringTest1000 (72703.4365723503,72703.44 zł)" storage="c:\projekty\mstestproject\bin\debug\netcoreapp3.1\mstestproject.dll" id="4fdd203b-9fd4-459f-81a1-2bf5252d8f3e">
      <TestCategory>
        <TestCategoryItem TestCategory="Category1000" />
      </TestCategory>
      <Execution id="059db2bf-7334-4a33-845e-99ba9768b2d3" />
      <TestMethod codeBase="C:\Projekty\MSTestProject\bin\Debug\netcoreapp3.1\MSTestProject.dll" adapterTypeName="executor://mstestadapter/v2" className="TwojeWesele.Services.Helpers.Tests.CurrencyHelperTests" name="FormatToStringTest1000" />
    </UnitTest>
    <UnitTest name="FormatToStringTest1000 (1130.8119115372242,1130.81 zł)" storage="c:\projekty\mstestproject\bin\debug\netcoreapp3.1\mstestproject.dll" id="3aaf2f77-0630-4850-85ed-8c357d1576bc">
      <TestCategory>
        <TestCategoryItem TestCategory="Category1000" />
      </TestCategory>
      <Execution id="65e47073-890c-4285-b90b-7759b4dfdaa5" />
      <TestMethod codeBase="C:\Projekty\MSTestProject\bin\Debug\netcoreapp3.1\MSTestProject.dll" adapterTypeName="executor://mstestadapter/v2" className="TwojeWesele.Services.Helpers.Tests.CurrencyHelperTests" name="FormatToStringTest1000" />
    </UnitTest>
    <UnitTest name="FormatToStringTest1000 (50644.690874327294,50644.69 zł)" storage="c:\projekty\mstestproject\bin\debug\netcoreapp3.1\mstestproject.dll" id="747b8c2c-256c-40ac-a20f-2d15eef91d83">
      <TestCategory>
        <TestCategoryItem TestCategory="Category1000" />
      </TestCategory>
      <Execution id="815666b9-b970-47fd-9beb-5e4e64f1b9f1" />
      <TestMethod codeBase="C:\Projekty\MSTestProject\bin\Debug\netcoreapp3.1\MSTestProject.dll" adapterTypeName="executor://mstestadapter/v2" className="TwojeWesele.Services.Helpers.Tests.CurrencyHelperTests" name="FormatToStringTest1000" />
    </UnitTest>
    <UnitTest name="FormatToStringTest1000 (10268.547802396373,10268.55 zł)" storage="c:\projekty\mstestproject\bin\debug\netcoreapp3.1\mstestproject.dll" id="d2214584-b6ec-4073-bfde-92126b7f466f">
      <TestCategory>
        <TestCategoryItem TestCategory="Category1000" />
      </TestCategory>
      <Execution id="cbf1ebf1-496d-4b37-a78f-3a43f86dd9d3" />
      <TestMethod codeBase="C:\Projekty\MSTestProject\bin\Debug\netcoreapp3.1\MSTestProject.dll" adapterTypeName="executor://mstestadapter/v2" className="TwojeWesele.Services.Helpers.Tests.CurrencyHelperTests" name="FormatToStringTest1000" />
    </UnitTest>
    <UnitTest name="FormatToStringTest1000 (21893.78889296939,21893.79 zł)" storage="c:\projekty\mstestproject\bin\debug\netcoreapp3.1\mstestproject.dll" id="a6a5359f-7a5d-4b0c-bc4d-735968d6c577">
      <TestCategory>
        <TestCategoryItem TestCategory="Category1000" />
      </TestCategory>
      <Execution id="0f8f3a50-f283-4987-ac56-0ba3546109f6" />
      <TestMethod codeBase="C:\Projekty\MSTestProject\bin\Debug\netcoreapp3.1\MSTestProject.dll" adapterTypeName="executor://mstestadapter/v2" className="TwojeWesele.Services.Helpers.Tests.CurrencyHelperTests" name="FormatToStringTest1000" />
    </UnitTest>
    <UnitTest name="FormatToStringTest1000 (50413.517583300134,50413.52 zł)" storage="c:\projekty\mstestproject\bin\debug\netcoreapp3.1\mstestproject.dll" id="c24a333f-0abb-4cf0-b5ea-e1fe557436c9">
      <TestCategory>
        <TestCategoryItem TestCategory="Category1000" />
      </TestCategory>
      <Execution id="f3eca579-c904-4215-aff8-8753c7d0f382" />
      <TestMethod codeBase="C:\Projekty\MSTestProject\bin\Debug\netcoreapp3.1\MSTestProject.dll" adapterTypeName="executor://mstestadapter/v2" className="TwojeWesele.Services.Helpers.Tests.CurrencyHelperTests" name="FormatToStringTest1000" />
    </UnitTest>
    <UnitTest name="FormatToStringTest1000 (11494.27761332238,11494.28 zł)" storage="c:\projekty\mstestproject\bin\debug\netcoreapp3.1\mstestproject.dll" id="3b3acb33-b0c0-445f-aef3-b16ef46a7c21">
      <TestCategory>
        <TestCategoryItem TestCategory="Category1000" />
      </TestCategory>
      <Execution id="d6d3d554-275a-4f37-809d-db315748695d" />
      <TestMethod codeBase="C:\Projekty\MSTestProject\bin\Debug\netcoreapp3.1\MSTestProject.dll" adapterTypeName="executor://mstestadapter/v2" className="TwojeWesele.Services.Helpers.Tests.CurrencyHelperTests" name="FormatToStringTest1000" />
    </UnitTest>
    <UnitTest name="FormatToStringTest1000 (31971.185406704986,31971.19 zł)" storage="c:\projekty\mstestproject\bin\debug\netcoreapp3.1\mstestproject.dll" id="888f049b-147b-4977-85f5-ffd04b93e4bd">
      <TestCategory>
        <TestCategoryItem TestCategory="Category1000" />
      </TestCategory>
      <Execution id="61a36a82-8deb-48ea-ae45-269d420a5e60" />
      <TestMethod codeBase="C:\Projekty\MSTestProject\bin\Debug\netcoreapp3.1\MSTestProject.dll" adapterTypeName="executor://mstestadapter/v2" className="TwojeWesele.Services.Helpers.Tests.CurrencyHelperTests" name="FormatToStringTest1000" />
    </UnitTest>
    <UnitTest name="FormatToStringTest1000 (2975.6892256134606,2975.69 zł)" storage="c:\projekty\mstestproject\bin\debug\netcoreapp3.1\mstestproject.dll" id="1e7bc1d9-0014-4e3b-9780-d7f134b442a7">
      <TestCategory>
        <TestCategoryItem TestCategory="Category1000" />
      </TestCategory>
      <Execution id="b5969010-8e75-4a20-b4a2-63d9f7548240" />
      <TestMethod codeBase="C:\Projekty\MSTestProject\bin\Debug\netcoreapp3.1\MSTestProject.dll" adapterTypeName="executor://mstestadapter/v2" className="TwojeWesele.Services.Helpers.Tests.CurrencyHelperTests" name="FormatToStringTest1000" />
    </UnitTest>
    <UnitTest name="FormatToStringTest1000 (25084.19182667238,25084.19 zł)" storage="c:\projekty\mstestproject\bin\debug\netcoreapp3.1\mstestproject.dll" id="5007808d-4082-478c-985c-d9257f9cf0ca">
      <TestCategory>
        <TestCategoryItem TestCategory="Category1000" />
      </TestCategory>
      <Execution id="dcadea15-898e-4410-ac5b-123d24e74d21" />
      <TestMethod codeBase="C:\Projekty\MSTestProject\bin\Debug\netcoreapp3.1\MSTestProject.dll" adapterTypeName="executor://mstestadapter/v2" className="TwojeWesele.Services.Helpers.Tests.CurrencyHelperTests" name="FormatToStringTest1000" />
    </UnitTest>
    <UnitTest name="FormatToStringTest1000 (12871.381729632794,12871.38 zł)" storage="c:\projekty\mstestproject\bin\debug\netcoreapp3.1\mstestproject.dll" id="a10b1a9b-dc20-4e4e-9e74-6a3cc6a2ab82">
      <TestCategory>
        <TestCategoryItem TestCategory="Category1000" />
      </TestCategory>
      <Execution id="f804fdec-3923-4874-868c-236353b8b5d4" />
      <TestMethod codeBase="C:\Projekty\MSTestProject\bin\Debug\netcoreapp3.1\MSTestProject.dll" adapterTypeName="executor://mstestadapter/v2" className="TwojeWesele.Services.Helpers.Tests.CurrencyHelperTests" name="FormatToStringTest1000" />
    </UnitTest>
    <UnitTest name="FormatToStringTest1000 (236.20263638589657,236.20 zł)" storage="c:\projekty\mstestproject\bin\debug\netcoreapp3.1\mstestproject.dll" id="891d8c17-e751-4db6-b51d-b4ae9c6f35a4">
      <TestCategory>
        <TestCategoryItem TestCategory="Category1000" />
      </TestCategory>
      <Execution id="a7a43a63-7cd8-4c36-a6a6-1bb145e56bcf" />
      <TestMethod codeBase="C:\Projekty\MSTestProject\bin\Debug\netcoreapp3.1\MSTestProject.dll" adapterTypeName="executor://mstestadapter/v2" className="TwojeWesele.Services.Helpers.Tests.CurrencyHelperTests" name="FormatToStringTest1000" />
    </UnitTest>
    <UnitTest name="FormatToStringTest1000 (272.5621069118204,272.56 zł)" storage="c:\projekty\mstestproject\bin\debug\netcoreapp3.1\mstestproject.dll" id="df2d116b-2a21-4d36-807c-18aa95622b0e">
      <TestCategory>
        <TestCategoryItem TestCategory="Category1000" />
      </TestCategory>
      <Execution id="77d777cf-de07-4895-9965-1b84c4bef62b" />
      <TestMethod codeBase="C:\Projekty\MSTestProject\bin\Debug\netcoreapp3.1\MSTestProject.dll" adapterTypeName="executor://mstestadapter/v2" className="TwojeWesele.Services.Helpers.Tests.CurrencyHelperTests" name="FormatToStringTest1000" />
    </UnitTest>
    <UnitTest name="FormatToStringTest1000 (16688.70569393677,16688.71 zł)" storage="c:\projekty\mstestproject\bin\debug\netcoreapp3.1\mstestproject.dll" id="22d31eca-30c2-43ce-bb8f-b300e146884c">
      <TestCategory>
        <TestCategoryItem TestCategory="Category1000" />
      </TestCategory>
      <Execution id="29377307-de07-4dfd-a7c6-e4c0db14c54c" />
      <TestMethod codeBase="C:\Projekty\MSTestProject\bin\Debug\netcoreapp3.1\MSTestProject.dll" adapterTypeName="executor://mstestadapter/v2" className="TwojeWesele.Services.Helpers.Tests.CurrencyHelperTests" name="FormatToStringTest1000" />
    </UnitTest>
    <UnitTest name="FormatToStringTest1000 (48544.390887578666,48544.39 zł)" storage="c:\projekty\mstestproject\bin\debug\netcoreapp3.1\mstestproject.dll" id="918033a7-f5c4-4815-8c1e-b5859d5c9011">
      <TestCategory>
        <TestCategoryItem TestCategory="Category1000" />
      </TestCategory>
      <Execution id="cdfe9d9c-bdc3-49ec-968e-cf39f8297a78" />
      <TestMethod codeBase="C:\Projekty\MSTestProject\bin\Debug\netcoreapp3.1\MSTestProject.dll" adapterTypeName="executor://mstestadapter/v2" className="TwojeWesele.Services.Helpers.Tests.CurrencyHelperTests" name="FormatToStringTest1000" />
    </UnitTest>
    <UnitTest name="FormatToStringTest1000 (27506.397047390416,27506.40 zł)" storage="c:\projekty\mstestproject\bin\debug\netcoreapp3.1\mstestproject.dll" id="f65edad0-228c-4239-b88d-9059325c9805">
      <TestCategory>
        <TestCategoryItem TestCategory="Category1000" />
      </TestCategory>
      <Execution id="37a6f587-f315-43a1-b79b-af0a111a62fe" />
      <TestMethod codeBase="C:\Projekty\MSTestProject\bin\Debug\netcoreapp3.1\MSTestProject.dll" adapterTypeName="executor://mstestadapter/v2" className="TwojeWesele.Services.Helpers.Tests.CurrencyHelperTests" name="FormatToStringTest1000" />
    </UnitTest>
    <UnitTest name="FormatToStringTest1000 (10397.404523554447,10397.40 zł)" storage="c:\projekty\mstestproject\bin\debug\netcoreapp3.1\mstestproject.dll" id="6de80b06-8514-45b6-b73c-73e30d151f42">
      <TestCategory>
        <TestCategoryItem TestCategory="Category1000" />
      </TestCategory>
      <Execution id="6e8676e1-c08f-4ef9-ae71-0475f2775f54" />
      <TestMethod codeBase="C:\Projekty\MSTestProject\bin\Debug\netcoreapp3.1\MSTestProject.dll" adapterTypeName="executor://mstestadapter/v2" className="TwojeWesele.Services.Helpers.Tests.CurrencyHelperTests" name="FormatToStringTest1000" />
    </UnitTest>
    <UnitTest name="FormatToStringTest1000 (38803.03958246253,38803.04 zł)" storage="c:\projekty\mstestproject\bin\debug\netcoreapp3.1\mstestproject.dll" id="7a8484af-82de-43b7-aac6-ffe46dce6f61">
      <TestCategory>
        <TestCategoryItem TestCategory="Category1000" />
      </TestCategory>
      <Execution id="ecfee4a9-269c-4bfe-a62d-606b843acb7a" />
      <TestMethod codeBase="C:\Projekty\MSTestProject\bin\Debug\netcoreapp3.1\MSTestProject.dll" adapterTypeName="executor://mstestadapter/v2" className="TwojeWesele.Services.Helpers.Tests.CurrencyHelperTests" name="FormatToStringTest1000" />
    </UnitTest>
    <UnitTest name="FormatToStringTest1000 (15313.083673952653,15313.08 zł)" storage="c:\projekty\mstestproject\bin\debug\netcoreapp3.1\mstestproject.dll" id="50ceab5f-1e50-496d-a303-ad06e8dd8e01">
      <TestCategory>
        <TestCategoryItem TestCategory="Category1000" />
      </TestCategory>
      <Execution id="6db5c850-d9ef-429f-acad-fd10dc5992b3" />
      <TestMethod codeBase="C:\Projekty\MSTestProject\bin\Debug\netcoreapp3.1\MSTestProject.dll" adapterTypeName="executor://mstestadapter/v2" className="TwojeWesele.Services.Helpers.Tests.CurrencyHelperTests" name="FormatToStringTest1000" />
    </UnitTest>
    <UnitTest name="FormatToStringTest1000 (16402.16316587206,16402.16 zł)" storage="c:\projekty\mstestproject\bin\debug\netcoreapp3.1\mstestproject.dll" id="a3bb5891-a468-4206-ae3e-087fe4b64c64">
      <TestCategory>
        <TestCategoryItem TestCategory="Category1000" />
      </TestCategory>
      <Execution id="2e6bd79f-415d-47a9-b130-41c051cedcae" />
      <TestMethod codeBase="C:\Projekty\MSTestProject\bin\Debug\netcoreapp3.1\MSTestProject.dll" adapterTypeName="executor://mstestadapter/v2" className="TwojeWesele.Services.Helpers.Tests.CurrencyHelperTests" name="FormatToStringTest1000" />
    </UnitTest>
    <UnitTest name="FormatToStringTest1000 (51408.294679657694,51408.29 zł)" storage="c:\projekty\mstestproject\bin\debug\netcoreapp3.1\mstestproject.dll" id="0097579f-f371-4757-a37c-021e91962098">
      <TestCategory>
        <TestCategoryItem TestCategory="Category1000" />
      </TestCategory>
      <Execution id="f40d6612-3a6c-401e-8b99-c6bf7bf81cb7" />
      <TestMethod codeBase="C:\Projekty\MSTestProject\bin\Debug\netcoreapp3.1\MSTestProject.dll" adapterTypeName="executor://mstestadapter/v2" className="TwojeWesele.Services.Helpers.Tests.CurrencyHelperTests" name="FormatToStringTest1000" />
    </UnitTest>
    <UnitTest name="FormatToStringTest1000 (2937.138486199611,2937.14 zł)" storage="c:\projekty\mstestproject\bin\debug\netcoreapp3.1\mstestproject.dll" id="73bcde0c-c6e5-4ba5-bbe7-7359206a9e3e">
      <TestCategory>
        <TestCategoryItem TestCategory="Category1000" />
      </TestCategory>
      <Execution id="3c081769-29a6-4217-921b-f51a71c2a5d3" />
      <TestMethod codeBase="C:\Projekty\MSTestProject\bin\Debug\netcoreapp3.1\MSTestProject.dll" adapterTypeName="executor://mstestadapter/v2" className="TwojeWesele.Services.Helpers.Tests.CurrencyHelperTests" name="FormatToStringTest1000" />
    </UnitTest>
    <UnitTest name="FormatToStringTest1000 (7753.724411372898,7753.72 zł)" storage="c:\projekty\mstestproject\bin\debug\netcoreapp3.1\mstestproject.dll" id="0e758785-2e01-463b-9c84-50b54961f2fb">
      <TestCategory>
        <TestCategoryItem TestCategory="Category1000" />
      </TestCategory>
      <Execution id="2bac09cf-fd97-4cc0-838a-cc33e31b5b9e" />
      <TestMethod codeBase="C:\Projekty\MSTestProject\bin\Debug\netcoreapp3.1\MSTestProject.dll" adapterTypeName="executor://mstestadapter/v2" className="TwojeWesele.Services.Helpers.Tests.CurrencyHelperTests" name="FormatToStringTest1000" />
    </UnitTest>
    <UnitTest name="FormatToStringTest1000 (26945.125386551546,26945.13 zł)" storage="c:\projekty\mstestproject\bin\debug\netcoreapp3.1\mstestproject.dll" id="7f4ece04-0eb3-45a4-9124-4d2ff87b3cd0">
      <TestCategory>
        <TestCategoryItem TestCategory="Category1000" />
      </TestCategory>
      <Execution id="5de21a24-6f3e-49fe-bf1a-f352ea38b90b" />
      <TestMethod codeBase="C:\Projekty\MSTestProject\bin\Debug\netcoreapp3.1\MSTestProject.dll" adapterTypeName="executor://mstestadapter/v2" className="TwojeWesele.Services.Helpers.Tests.CurrencyHelperTests" name="FormatToStringTest1000" />
    </UnitTest>
    <UnitTest name="FormatToStringTest1000 (31340.79231238914,31340.79 zł)" storage="c:\projekty\mstestproject\bin\debug\netcoreapp3.1\mstestproject.dll" id="a664aa9d-4be1-4d85-aec1-98cd817ac8be">
      <TestCategory>
        <TestCategoryItem TestCategory="Category1000" />
      </TestCategory>
      <Execution id="72bb92a1-8f89-4ade-81aa-569539cb2a28" />
      <TestMethod codeBase="C:\Projekty\MSTestProject\bin\Debug\netcoreapp3.1\MSTestProject.dll" adapterTypeName="executor://mstestadapter/v2" className="TwojeWesele.Services.Helpers.Tests.CurrencyHelperTests" name="FormatToStringTest1000" />
    </UnitTest>
    <UnitTest name="FormatToStringTest1000 (64568.131500027666,64568.13 zł)" storage="c:\projekty\mstestproject\bin\debug\netcoreapp3.1\mstestproject.dll" id="a81cad59-bb64-48d6-99a6-2ff749c0e038">
      <TestCategory>
        <TestCategoryItem TestCategory="Category1000" />
      </TestCategory>
      <Execution id="d39017d9-1928-4c35-8ac2-c5bd931f9816" />
      <TestMethod codeBase="C:\Projekty\MSTestProject\bin\Debug\netcoreapp3.1\MSTestProject.dll" adapterTypeName="executor://mstestadapter/v2" className="TwojeWesele.Services.Helpers.Tests.CurrencyHelperTests" name="FormatToStringTest1000" />
    </UnitTest>
    <UnitTest name="FormatToStringTest1000 (54678.59301593089,54678.59 zł)" storage="c:\projekty\mstestproject\bin\debug\netcoreapp3.1\mstestproject.dll" id="22dc0ce6-30c7-4c81-9594-27ebd684fba0">
      <TestCategory>
        <TestCategoryItem TestCategory="Category1000" />
      </TestCategory>
      <Execution id="932e30ce-1d76-46b0-bff4-08d519d49059" />
      <TestMethod codeBase="C:\Projekty\MSTestProject\bin\Debug\netcoreapp3.1\MSTestProject.dll" adapterTypeName="executor://mstestadapter/v2" className="TwojeWesele.Services.Helpers.Tests.CurrencyHelperTests" name="FormatToStringTest1000" />
    </UnitTest>
    <UnitTest name="FormatToStringTest1000 (1649.0127968480872,1649.01 zł)" storage="c:\projekty\mstestproject\bin\debug\netcoreapp3.1\mstestproject.dll" id="39678492-d07f-4053-a7c8-95976535b1cb">
      <TestCategory>
        <TestCategoryItem TestCategory="Category1000" />
      </TestCategory>
      <Execution id="651d8b41-fafe-4848-969f-a620634f12ab" />
      <TestMethod codeBase="C:\Projekty\MSTestProject\bin\Debug\netcoreapp3.1\MSTestProject.dll" adapterTypeName="executor://mstestadapter/v2" className="TwojeWesele.Services.Helpers.Tests.CurrencyHelperTests" name="FormatToStringTest1000" />
    </UnitTest>
    <UnitTest name="FormatToStringTest1000 (2409.393997763001,2409.39 zł)" storage="c:\projekty\mstestproject\bin\debug\netcoreapp3.1\mstestproject.dll" id="a1415853-ebcf-49bc-ae59-4a79c66e87c0">
      <TestCategory>
        <TestCategoryItem TestCategory="Category1000" />
      </TestCategory>
      <Execution id="7822f8fe-5a1f-4443-b919-169fae647c83" />
      <TestMethod codeBase="C:\Projekty\MSTestProject\bin\Debug\netcoreapp3.1\MSTestProject.dll" adapterTypeName="executor://mstestadapter/v2" className="TwojeWesele.Services.Helpers.Tests.CurrencyHelperTests" name="FormatToStringTest1000" />
    </UnitTest>
    <UnitTest name="FormatToStringTest1000 (6890.028458985514,6890.03 zł)" storage="c:\projekty\mstestproject\bin\debug\netcoreapp3.1\mstestproject.dll" id="1500441b-79ae-4704-bf0a-1304b4c24c6a">
      <TestCategory>
        <TestCategoryItem TestCategory="Category1000" />
      </TestCategory>
      <Execution id="18105e63-5fa7-43ad-a48d-e003fcebda9c" />
      <TestMethod codeBase="C:\Projekty\MSTestProject\bin\Debug\netcoreapp3.1\MSTestProject.dll" adapterTypeName="executor://mstestadapter/v2" className="TwojeWesele.Services.Helpers.Tests.CurrencyHelperTests" name="FormatToStringTest1000" />
    </UnitTest>
    <UnitTest name="FormatToStringTest1000 (10457.593086045978,10457.59 zł)" storage="c:\projekty\mstestproject\bin\debug\netcoreapp3.1\mstestproject.dll" id="ffb2f43b-dd7c-4269-b40b-80fcd2301467">
      <TestCategory>
        <TestCategoryItem TestCategory="Category1000" />
      </TestCategory>
      <Execution id="5047bc24-de14-4d8c-8dfe-21eafa697d17" />
      <TestMethod codeBase="C:\Projekty\MSTestProject\bin\Debug\netcoreapp3.1\MSTestProject.dll" adapterTypeName="executor://mstestadapter/v2" className="TwojeWesele.Services.Helpers.Tests.CurrencyHelperTests" name="FormatToStringTest1000" />
    </UnitTest>
    <UnitTest name="FormatToStringTest1000 (28992.38363400166,28992.38 zł)" storage="c:\projekty\mstestproject\bin\debug\netcoreapp3.1\mstestproject.dll" id="83b28f8f-78b9-4453-8b48-a886986c91e8">
      <TestCategory>
        <TestCategoryItem TestCategory="Category1000" />
      </TestCategory>
      <Execution id="ba4ddc8a-fd64-4a28-9af9-2640762b0c1d" />
      <TestMethod codeBase="C:\Projekty\MSTestProject\bin\Debug\netcoreapp3.1\MSTestProject.dll" adapterTypeName="executor://mstestadapter/v2" className="TwojeWesele.Services.Helpers.Tests.CurrencyHelperTests" name="FormatToStringTest1000" />
    </UnitTest>
    <UnitTest name="FormatToStringTest1000 (13568.230982493717,13568.23 zł)" storage="c:\projekty\mstestproject\bin\debug\netcoreapp3.1\mstestproject.dll" id="2fc7a142-82d6-4a70-9563-218876a0d5ea">
      <TestCategory>
        <TestCategoryItem TestCategory="Category1000" />
      </TestCategory>
      <Execution id="1fdc848f-1815-420c-b1de-4bcdb9ca05f0" />
      <TestMethod codeBase="C:\Projekty\MSTestProject\bin\Debug\netcoreapp3.1\MSTestProject.dll" adapterTypeName="executor://mstestadapter/v2" className="TwojeWesele.Services.Helpers.Tests.CurrencyHelperTests" name="FormatToStringTest1000" />
    </UnitTest>
    <UnitTest name="FormatToStringTest1000 (13337.80490493486,13337.80 zł)" storage="c:\projekty\mstestproject\bin\debug\netcoreapp3.1\mstestproject.dll" id="5e9a0a10-2f07-4eca-ab89-82bb04ddfe3c">
      <TestCategory>
        <TestCategoryItem TestCategory="Category1000" />
      </TestCategory>
      <Execution id="2ccb159d-7f76-4f68-8e00-7b22d52f221c" />
      <TestMethod codeBase="C:\Projekty\MSTestProject\bin\Debug\netcoreapp3.1\MSTestProject.dll" adapterTypeName="executor://mstestadapter/v2" className="TwojeWesele.Services.Helpers.Tests.CurrencyHelperTests" name="FormatToStringTest1000" />
    </UnitTest>
    <UnitTest name="FormatToStringTest1000 (57809.74722876295,57809.75 zł)" storage="c:\projekty\mstestproject\bin\debug\netcoreapp3.1\mstestproject.dll" id="58ea5af9-4526-493e-ac22-7e894ca09e6c">
      <TestCategory>
        <TestCategoryItem TestCategory="Category1000" />
      </TestCategory>
      <Execution id="0edc6e41-eaca-4483-acaa-ed8b9b706362" />
      <TestMethod codeBase="C:\Projekty\MSTestProject\bin\Debug\netcoreapp3.1\MSTestProject.dll" adapterTypeName="executor://mstestadapter/v2" className="TwojeWesele.Services.Helpers.Tests.CurrencyHelperTests" name="FormatToStringTest1000" />
    </UnitTest>
    <UnitTest name="FormatToStringTest1000 (31163.834562352316,31163.83 zł)" storage="c:\projekty\mstestproject\bin\debug\netcoreapp3.1\mstestproject.dll" id="8b1f02a9-4c40-40a3-a9ca-1a3967fc4015">
      <TestCategory>
        <TestCategoryItem TestCategory="Category1000" />
      </TestCategory>
      <Execution id="352ce410-ee6e-4467-a6a2-906e31b3f246" />
      <TestMethod codeBase="C:\Projekty\MSTestProject\bin\Debug\netcoreapp3.1\MSTestProject.dll" adapterTypeName="executor://mstestadapter/v2" className="TwojeWesele.Services.Helpers.Tests.CurrencyHelperTests" name="FormatToStringTest1000" />
    </UnitTest>
    <UnitTest name="FormatToStringTest1000 (30138.55109863102,30138.55 zł)" storage="c:\projekty\mstestproject\bin\debug\netcoreapp3.1\mstestproject.dll" id="0ea19b15-1e4b-4179-a94d-30101e024d82">
      <TestCategory>
        <TestCategoryItem TestCategory="Category1000" />
      </TestCategory>
      <Execution id="b1fe345b-7f59-4ec1-a758-3e1c068a0185" />
      <TestMethod codeBase="C:\Projekty\MSTestProject\bin\Debug\netcoreapp3.1\MSTestProject.dll" adapterTypeName="executor://mstestadapter/v2" className="TwojeWesele.Services.Helpers.Tests.CurrencyHelperTests" name="FormatToStringTest1000" />
    </UnitTest>
    <UnitTest name="FormatToStringTest1000 (5855.75080885354,5855.75 zł)" storage="c:\projekty\mstestproject\bin\debug\netcoreapp3.1\mstestproject.dll" id="2ac8ee0c-31b5-42dc-89ae-b78460f98cfc">
      <TestCategory>
        <TestCategoryItem TestCategory="Category1000" />
      </TestCategory>
      <Execution id="d2b8917d-7364-4b52-9a8b-7ff3f42c7e6c" />
      <TestMethod codeBase="C:\Projekty\MSTestProject\bin\Debug\netcoreapp3.1\MSTestProject.dll" adapterTypeName="executor://mstestadapter/v2" className="TwojeWesele.Services.Helpers.Tests.CurrencyHelperTests" name="FormatToStringTest1000" />
    </UnitTest>
    <UnitTest name="FormatToStringTest1000 (28298.945361683585,28298.95 zł)" storage="c:\projekty\mstestproject\bin\debug\netcoreapp3.1\mstestproject.dll" id="a2fdbdb3-7499-4152-9c2c-df76a780dce3">
      <TestCategory>
        <TestCategoryItem TestCategory="Category1000" />
      </TestCategory>
      <Execution id="e01241f7-dd0d-4123-a7f8-47e80d992d57" />
      <TestMethod codeBase="C:\Projekty\MSTestProject\bin\Debug\netcoreapp3.1\MSTestProject.dll" adapterTypeName="executor://mstestadapter/v2" className="TwojeWesele.Services.Helpers.Tests.CurrencyHelperTests" name="FormatToStringTest1000" />
    </UnitTest>
    <UnitTest name="FormatToStringTest1000 (33851.35523524618,33851.36 zł)" storage="c:\projekty\mstestproject\bin\debug\netcoreapp3.1\mstestproject.dll" id="53b179e8-31f3-4af8-bfad-efc43d806aa1">
      <TestCategory>
        <TestCategoryItem TestCategory="Category1000" />
      </TestCategory>
      <Execution id="bc351578-e825-4725-8678-18b7e6fb0cc4" />
      <TestMethod codeBase="C:\Projekty\MSTestProject\bin\Debug\netcoreapp3.1\MSTestProject.dll" adapterTypeName="executor://mstestadapter/v2" className="TwojeWesele.Services.Helpers.Tests.CurrencyHelperTests" name="FormatToStringTest1000" />
    </UnitTest>
    <UnitTest name="FormatToStringTest1000 (1896.1704506483723,1896.17 zł)" storage="c:\projekty\mstestproject\bin\debug\netcoreapp3.1\mstestproject.dll" id="15c7ce6a-e422-4da1-b48e-3126b26af7dc">
      <TestCategory>
        <TestCategoryItem TestCategory="Category1000" />
      </TestCategory>
      <Execution id="517071ae-6d63-42bc-abc1-ce865f14c2e3" />
      <TestMethod codeBase="C:\Projekty\MSTestProject\bin\Debug\netcoreapp3.1\MSTestProject.dll" adapterTypeName="executor://mstestadapter/v2" className="TwojeWesele.Services.Helpers.Tests.CurrencyHelperTests" name="FormatToStringTest1000" />
    </UnitTest>
    <UnitTest name="FormatToStringTest1000 (95353.10327693219,95353.10 zł)" storage="c:\projekty\mstestproject\bin\debug\netcoreapp3.1\mstestproject.dll" id="ff413960-a526-4577-978c-e1433a4cfd52">
      <TestCategory>
        <TestCategoryItem TestCategory="Category1000" />
      </TestCategory>
      <Execution id="62ff1ac6-bfa6-4161-89c7-7563ae783bc1" />
      <TestMethod codeBase="C:\Projekty\MSTestProject\bin\Debug\netcoreapp3.1\MSTestProject.dll" adapterTypeName="executor://mstestadapter/v2" className="TwojeWesele.Services.Helpers.Tests.CurrencyHelperTests" name="FormatToStringTest1000" />
    </UnitTest>
    <UnitTest name="FormatToStringTest1000 (6946.333318357977,6946.33 zł)" storage="c:\projekty\mstestproject\bin\debug\netcoreapp3.1\mstestproject.dll" id="d19860a0-223d-40a0-8fa3-9b452582bfe0">
      <TestCategory>
        <TestCategoryItem TestCategory="Category1000" />
      </TestCategory>
      <Execution id="ccbf50e5-b5a3-4443-9b6b-4e1f9b3138c6" />
      <TestMethod codeBase="C:\Projekty\MSTestProject\bin\Debug\netcoreapp3.1\MSTestProject.dll" adapterTypeName="executor://mstestadapter/v2" className="TwojeWesele.Services.Helpers.Tests.CurrencyHelperTests" name="FormatToStringTest1000" />
    </UnitTest>
    <UnitTest name="FormatToStringTest1000 (5870.791169434223,5870.79 zł)" storage="c:\projekty\mstestproject\bin\debug\netcoreapp3.1\mstestproject.dll" id="38c628c5-a398-49ab-9687-1906ff3ff5da">
      <TestCategory>
        <TestCategoryItem TestCategory="Category1000" />
      </TestCategory>
      <Execution id="84dfe79d-1816-41f0-a997-41f07d97abfd" />
      <TestMethod codeBase="C:\Projekty\MSTestProject\bin\Debug\netcoreapp3.1\MSTestProject.dll" adapterTypeName="executor://mstestadapter/v2" className="TwojeWesele.Services.Helpers.Tests.CurrencyHelperTests" name="FormatToStringTest1000" />
    </UnitTest>
    <UnitTest name="FormatToStringTest1000 (31391.358864880804,31391.36 zł)" storage="c:\projekty\mstestproject\bin\debug\netcoreapp3.1\mstestproject.dll" id="f8fc3b68-a19e-4c39-bfe5-2846206836a4">
      <TestCategory>
        <TestCategoryItem TestCategory="Category1000" />
      </TestCategory>
      <Execution id="1ebfe3fa-5c2b-4702-b5d8-4281ab0a72cc" />
      <TestMethod codeBase="C:\Projekty\MSTestProject\bin\Debug\netcoreapp3.1\MSTestProject.dll" adapterTypeName="executor://mstestadapter/v2" className="TwojeWesele.Services.Helpers.Tests.CurrencyHelperTests" name="FormatToStringTest1000" />
    </UnitTest>
    <UnitTest name="FormatToStringTest1000 (19392.945535027862,19392.95 zł)" storage="c:\projekty\mstestproject\bin\debug\netcoreapp3.1\mstestproject.dll" id="8c6cdb87-4ebb-4cac-a56a-162570ddba38">
      <TestCategory>
        <TestCategoryItem TestCategory="Category1000" />
      </TestCategory>
      <Execution id="f185c9c5-878e-43fd-9959-fac4d0a5f6a2" />
      <TestMethod codeBase="C:\Projekty\MSTestProject\bin\Debug\netcoreapp3.1\MSTestProject.dll" adapterTypeName="executor://mstestadapter/v2" className="TwojeWesele.Services.Helpers.Tests.CurrencyHelperTests" name="FormatToStringTest1000" />
    </UnitTest>
    <UnitTest name="FormatToStringTest1000 (16673.5121774904,16673.51 zł)" storage="c:\projekty\mstestproject\bin\debug\netcoreapp3.1\mstestproject.dll" id="45982bd0-15c1-441b-9c05-d32d43181588">
      <TestCategory>
        <TestCategoryItem TestCategory="Category1000" />
      </TestCategory>
      <Execution id="82243a3d-2323-465d-b0ce-cc2da65c5f2f" />
      <TestMethod codeBase="C:\Projekty\MSTestProject\bin\Debug\netcoreapp3.1\MSTestProject.dll" adapterTypeName="executor://mstestadapter/v2" className="TwojeWesele.Services.Helpers.Tests.CurrencyHelperTests" name="FormatToStringTest1000" />
    </UnitTest>
    <UnitTest name="FormatToStringTest1000 (32566.30279101259,32566.30 zł)" storage="c:\projekty\mstestproject\bin\debug\netcoreapp3.1\mstestproject.dll" id="1f1305f1-0055-49a7-94fc-31ff08ae75a1">
      <TestCategory>
        <TestCategoryItem TestCategory="Category1000" />
      </TestCategory>
      <Execution id="c8c6a2a3-8bce-42fe-b512-ff4d217c0785" />
      <TestMethod codeBase="C:\Projekty\MSTestProject\bin\Debug\netcoreapp3.1\MSTestProject.dll" adapterTypeName="executor://mstestadapter/v2" className="TwojeWesele.Services.Helpers.Tests.CurrencyHelperTests" name="FormatToStringTest1000" />
    </UnitTest>
    <UnitTest name="FormatToStringTest1000 (1187.8237780126854,1187.82 zł)" storage="c:\projekty\mstestproject\bin\debug\netcoreapp3.1\mstestproject.dll" id="d64170f4-658c-43db-a4af-773800e61d80">
      <TestCategory>
        <TestCategoryItem TestCategory="Category1000" />
      </TestCategory>
      <Execution id="d6b1d611-431a-4787-b643-0702296cb886" />
      <TestMethod codeBase="C:\Projekty\MSTestProject\bin\Debug\netcoreapp3.1\MSTestProject.dll" adapterTypeName="executor://mstestadapter/v2" className="TwojeWesele.Services.Helpers.Tests.CurrencyHelperTests" name="FormatToStringTest1000" />
    </UnitTest>
    <UnitTest name="FormatToStringTest1000 (1898.24149096489,1898.24 zł)" storage="c:\projekty\mstestproject\bin\debug\netcoreapp3.1\mstestproject.dll" id="cc099867-61a5-41d5-a44c-cb91c2acac0b">
      <TestCategory>
        <TestCategoryItem TestCategory="Category1000" />
      </TestCategory>
      <Execution id="c6b2fd5f-a8c0-4338-8987-36458d175abf" />
      <TestMethod codeBase="C:\Projekty\MSTestProject\bin\Debug\netcoreapp3.1\MSTestProject.dll" adapterTypeName="executor://mstestadapter/v2" className="TwojeWesele.Services.Helpers.Tests.CurrencyHelperTests" name="FormatToStringTest1000" />
    </UnitTest>
    <UnitTest name="FormatToStringTest1000 (8768.816937361293,8768.82 zł)" storage="c:\projekty\mstestproject\bin\debug\netcoreapp3.1\mstestproject.dll" id="1dac41d6-2c08-4ad8-9130-f7c0de5aafff">
      <TestCategory>
        <TestCategoryItem TestCategory="Category1000" />
      </TestCategory>
      <Execution id="4f316970-72f2-4b55-b8e6-068f3f9310ed" />
      <TestMethod codeBase="C:\Projekty\MSTestProject\bin\Debug\netcoreapp3.1\MSTestProject.dll" adapterTypeName="executor://mstestadapter/v2" className="TwojeWesele.Services.Helpers.Tests.CurrencyHelperTests" name="FormatToStringTest1000" />
    </UnitTest>
    <UnitTest name="FormatToStringTest1000 (10775.728533390784,10775.73 zł)" storage="c:\projekty\mstestproject\bin\debug\netcoreapp3.1\mstestproject.dll" id="e80048f1-a004-4b19-93ff-2fab8cde14ae">
      <TestCategory>
        <TestCategoryItem TestCategory="Category1000" />
      </TestCategory>
      <Execution id="dbc24450-1594-4cf5-94cb-acd57b3e66fc" />
      <TestMethod codeBase="C:\Projekty\MSTestProject\bin\Debug\netcoreapp3.1\MSTestProject.dll" adapterTypeName="executor://mstestadapter/v2" className="TwojeWesele.Services.Helpers.Tests.CurrencyHelperTests" name="FormatToStringTest1000" />
    </UnitTest>
    <UnitTest name="FormatToStringTest1000 (44930.92203801075,44930.92 zł)" storage="c:\projekty\mstestproject\bin\debug\netcoreapp3.1\mstestproject.dll" id="53a95739-b2e8-4c87-8191-30ef74feca0b">
      <TestCategory>
        <TestCategoryItem TestCategory="Category1000" />
      </TestCategory>
      <Execution id="a327c9d9-4fba-495d-ae45-3c4422bd4472" />
      <TestMethod codeBase="C:\Projekty\MSTestProject\bin\Debug\netcoreapp3.1\MSTestProject.dll" adapterTypeName="executor://mstestadapter/v2" className="TwojeWesele.Services.Helpers.Tests.CurrencyHelperTests" name="FormatToStringTest1000" />
    </UnitTest>
    <UnitTest name="FormatToStringTest1000 (13478.157112043891,13478.16 zł)" storage="c:\projekty\mstestproject\bin\debug\netcoreapp3.1\mstestproject.dll" id="dc808844-2ecd-4ff3-bbaf-dce54428d291">
      <TestCategory>
        <TestCategoryItem TestCategory="Category1000" />
      </TestCategory>
      <Execution id="a2ef53fd-87e4-44b8-84dc-52b07d43f322" />
      <TestMethod codeBase="C:\Projekty\MSTestProject\bin\Debug\netcoreapp3.1\MSTestProject.dll" adapterTypeName="executor://mstestadapter/v2" className="TwojeWesele.Services.Helpers.Tests.CurrencyHelperTests" name="FormatToStringTest1000" />
    </UnitTest>
    <UnitTest name="FormatToStringTest1000 (19208.676036795914,19208.68 zł)" storage="c:\projekty\mstestproject\bin\debug\netcoreapp3.1\mstestproject.dll" id="72dfa824-7667-4aad-81b5-721eea0331dd">
      <TestCategory>
        <TestCategoryItem TestCategory="Category1000" />
      </TestCategory>
      <Execution id="b62e33e2-59b4-453a-a92e-980a3e966914" />
      <TestMethod codeBase="C:\Projekty\MSTestProject\bin\Debug\netcoreapp3.1\MSTestProject.dll" adapterTypeName="executor://mstestadapter/v2" className="TwojeWesele.Services.Helpers.Tests.CurrencyHelperTests" name="FormatToStringTest1000" />
    </UnitTest>
    <UnitTest name="FormatToStringTest1000 (2963.24443391815,2963.24 zł)" storage="c:\projekty\mstestproject\bin\debug\netcoreapp3.1\mstestproject.dll" id="c80cba09-78c6-4929-8160-9fe212911826">
      <TestCategory>
        <TestCategoryItem TestCategory="Category1000" />
      </TestCategory>
      <Execution id="74b3e56f-b004-4dc0-8218-9f7e8ec05c84" />
      <TestMethod codeBase="C:\Projekty\MSTestProject\bin\Debug\netcoreapp3.1\MSTestProject.dll" adapterTypeName="executor://mstestadapter/v2" className="TwojeWesele.Services.Helpers.Tests.CurrencyHelperTests" name="FormatToStringTest1000" />
    </UnitTest>
    <UnitTest name="FormatToStringTest1000 (18596.12661189033,18596.13 zł)" storage="c:\projekty\mstestproject\bin\debug\netcoreapp3.1\mstestproject.dll" id="386c2514-5bff-40a6-82ff-1129087b41e9">
      <TestCategory>
        <TestCategoryItem TestCategory="Category1000" />
      </TestCategory>
      <Execution id="060080b0-563d-46b8-b019-55d8ccec20a5" />
      <TestMethod codeBase="C:\Projekty\MSTestProject\bin\Debug\netcoreapp3.1\MSTestProject.dll" adapterTypeName="executor://mstestadapter/v2" className="TwojeWesele.Services.Helpers.Tests.CurrencyHelperTests" name="FormatToStringTest1000" />
    </UnitTest>
    <UnitTest name="FormatToStringTest1000 (10784.438152511344,10784.44 zł)" storage="c:\projekty\mstestproject\bin\debug\netcoreapp3.1\mstestproject.dll" id="4d46e07a-d402-4f31-9002-d81024c3f5af">
      <TestCategory>
        <TestCategoryItem TestCategory="Category1000" />
      </TestCategory>
      <Execution id="1135985c-b190-4c6c-b5d7-2709a3bec07b" />
      <TestMethod codeBase="C:\Projekty\MSTestProject\bin\Debug\netcoreapp3.1\MSTestProject.dll" adapterTypeName="executor://mstestadapter/v2" className="TwojeWesele.Services.Helpers.Tests.CurrencyHelperTests" name="FormatToStringTest1000" />
    </UnitTest>
    <UnitTest name="FormatToStringTest1000 (17875.613377604455,17875.61 zł)" storage="c:\projekty\mstestproject\bin\debug\netcoreapp3.1\mstestproject.dll" id="483b5d2b-a616-4d28-80f3-4ecdb9a00ef3">
      <TestCategory>
        <TestCategoryItem TestCategory="Category1000" />
      </TestCategory>
      <Execution id="eac85a04-baaa-40aa-af07-74eff1adcd97" />
      <TestMethod codeBase="C:\Projekty\MSTestProject\bin\Debug\netcoreapp3.1\MSTestProject.dll" adapterTypeName="executor://mstestadapter/v2" className="TwojeWesele.Services.Helpers.Tests.CurrencyHelperTests" name="FormatToStringTest1000" />
    </UnitTest>
    <UnitTest name="FormatToStringTest1000 (34084.19497795599,34084.19 zł)" storage="c:\projekty\mstestproject\bin\debug\netcoreapp3.1\mstestproject.dll" id="45af3354-00d0-4ae2-b007-5620836644f3">
      <TestCategory>
        <TestCategoryItem TestCategory="Category1000" />
      </TestCategory>
      <Execution id="62fef0f3-4eb6-4a82-b0ea-21ebda577730" />
      <TestMethod codeBase="C:\Projekty\MSTestProject\bin\Debug\netcoreapp3.1\MSTestProject.dll" adapterTypeName="executor://mstestadapter/v2" className="TwojeWesele.Services.Helpers.Tests.CurrencyHelperTests" name="FormatToStringTest1000" />
    </UnitTest>
    <UnitTest name="FormatToStringTest1000 (20643.69044446465,20643.69 zł)" storage="c:\projekty\mstestproject\bin\debug\netcoreapp3.1\mstestproject.dll" id="315d9502-c747-4936-965f-507f9985ac25">
      <TestCategory>
        <TestCategoryItem TestCategory="Category1000" />
      </TestCategory>
      <Execution id="f3817afb-caaa-4932-ae83-0183d1935ff1" />
      <TestMethod codeBase="C:\Projekty\MSTestProject\bin\Debug\netcoreapp3.1\MSTestProject.dll" adapterTypeName="executor://mstestadapter/v2" className="TwojeWesele.Services.Helpers.Tests.CurrencyHelperTests" name="FormatToStringTest1000" />
    </UnitTest>
    <UnitTest name="FormatToStringTest1000 (15411.371650797022,15411.37 zł)" storage="c:\projekty\mstestproject\bin\debug\netcoreapp3.1\mstestproject.dll" id="e8a3116e-c329-4941-aa7b-9ad5a0f6f52e">
      <TestCategory>
        <TestCategoryItem TestCategory="Category1000" />
      </TestCategory>
      <Execution id="49c892c3-0d1c-43e1-9183-861476eb237c" />
      <TestMethod codeBase="C:\Projekty\MSTestProject\bin\Debug\netcoreapp3.1\MSTestProject.dll" adapterTypeName="executor://mstestadapter/v2" className="TwojeWesele.Services.Helpers.Tests.CurrencyHelperTests" name="FormatToStringTest1000" />
    </UnitTest>
    <UnitTest name="FormatToStringTest1000 (56378.261944644735,56378.26 zł)" storage="c:\projekty\mstestproject\bin\debug\netcoreapp3.1\mstestproject.dll" id="a97630a7-22da-43d5-93e7-ce14e677c343">
      <TestCategory>
        <TestCategoryItem TestCategory="Category1000" />
      </TestCategory>
      <Execution id="aee03a28-8c7b-4dc5-a41a-1c10cd5c8fc2" />
      <TestMethod codeBase="C:\Projekty\MSTestProject\bin\Debug\netcoreapp3.1\MSTestProject.dll" adapterTypeName="executor://mstestadapter/v2" className="TwojeWesele.Services.Helpers.Tests.CurrencyHelperTests" name="FormatToStringTest1000" />
    </UnitTest>
    <UnitTest name="FormatToStringTest1000 (941.429400278921,941.43 zł)" storage="c:\projekty\mstestproject\bin\debug\netcoreapp3.1\mstestproject.dll" id="335e5288-8951-4019-b2ac-843be19ae4b9">
      <TestCategory>
        <TestCategoryItem TestCategory="Category1000" />
      </TestCategory>
      <Execution id="91ffc6c5-6d4b-4576-ae30-e05e5ff0ea5f" />
      <TestMethod codeBase="C:\Projekty\MSTestProject\bin\Debug\netcoreapp3.1\MSTestProject.dll" adapterTypeName="executor://mstestadapter/v2" className="TwojeWesele.Services.Helpers.Tests.CurrencyHelperTests" name="FormatToStringTest1000" />
    </UnitTest>
    <UnitTest name="FormatToStringTest1000 (7370.518277515898,7370.52 zł)" storage="c:\projekty\mstestproject\bin\debug\netcoreapp3.1\mstestproject.dll" id="39ed3a9c-27e5-44b2-abe8-baa19131468d">
      <TestCategory>
        <TestCategoryItem TestCategory="Category1000" />
      </TestCategory>
      <Execution id="4d57e644-8cf6-46ea-8085-7fd1a15bcd24" />
      <TestMethod codeBase="C:\Projekty\MSTestProject\bin\Debug\netcoreapp3.1\MSTestProject.dll" adapterTypeName="executor://mstestadapter/v2" className="TwojeWesele.Services.Helpers.Tests.CurrencyHelperTests" name="FormatToStringTest1000" />
    </UnitTest>
    <UnitTest name="FormatToStringTest1000 (41008.28505327194,41008.29 zł)" storage="c:\projekty\mstestproject\bin\debug\netcoreapp3.1\mstestproject.dll" id="c53301df-bfe1-47b8-a5d0-4167d3540808">
      <TestCategory>
        <TestCategoryItem TestCategory="Category1000" />
      </TestCategory>
      <Execution id="cef88dc7-c5e9-4484-ba4a-127f633a3956" />
      <TestMethod codeBase="C:\Projekty\MSTestProject\bin\Debug\netcoreapp3.1\MSTestProject.dll" adapterTypeName="executor://mstestadapter/v2" className="TwojeWesele.Services.Helpers.Tests.CurrencyHelperTests" name="FormatToStringTest1000" />
    </UnitTest>
    <UnitTest name="FormatToStringTest1000 (45603.90324273142,45603.90 zł)" storage="c:\projekty\mstestproject\bin\debug\netcoreapp3.1\mstestproject.dll" id="12fd0430-2ea2-4fc8-8928-270716aaaffc">
      <TestCategory>
        <TestCategoryItem TestCategory="Category1000" />
      </TestCategory>
      <Execution id="7f0b705f-84bc-4785-a2a5-29451e2a2340" />
      <TestMethod codeBase="C:\Projekty\MSTestProject\bin\Debug\netcoreapp3.1\MSTestProject.dll" adapterTypeName="executor://mstestadapter/v2" className="TwojeWesele.Services.Helpers.Tests.CurrencyHelperTests" name="FormatToStringTest1000" />
    </UnitTest>
    <UnitTest name="FormatToStringTest1000 (13455.521105358153,13455.52 zł)" storage="c:\projekty\mstestproject\bin\debug\netcoreapp3.1\mstestproject.dll" id="3dba0731-651b-4ac2-96d8-7b5e20dc1e02">
      <TestCategory>
        <TestCategoryItem TestCategory="Category1000" />
      </TestCategory>
      <Execution id="885047e3-12b7-40a0-86ce-7f91ceea4f48" />
      <TestMethod codeBase="C:\Projekty\MSTestProject\bin\Debug\netcoreapp3.1\MSTestProject.dll" adapterTypeName="executor://mstestadapter/v2" className="TwojeWesele.Services.Helpers.Tests.CurrencyHelperTests" name="FormatToStringTest1000" />
    </UnitTest>
    <UnitTest name="FormatToStringTest1000 (14459.57059750686,14459.57 zł)" storage="c:\projekty\mstestproject\bin\debug\netcoreapp3.1\mstestproject.dll" id="1d79c6bc-98f6-4afd-a1ba-c4e5905aeadf">
      <TestCategory>
        <TestCategoryItem TestCategory="Category1000" />
      </TestCategory>
      <Execution id="17968e7a-590f-4442-8ec0-ee39aabfa3c6" />
      <TestMethod codeBase="C:\Projekty\MSTestProject\bin\Debug\netcoreapp3.1\MSTestProject.dll" adapterTypeName="executor://mstestadapter/v2" className="TwojeWesele.Services.Helpers.Tests.CurrencyHelperTests" name="FormatToStringTest1000" />
    </UnitTest>
    <UnitTest name="FormatToStringTest1000 (30385.72086375613,30385.72 zł)" storage="c:\projekty\mstestproject\bin\debug\netcoreapp3.1\mstestproject.dll" id="2acacb66-9844-4e73-8e06-ce577cb23859">
      <TestCategory>
        <TestCategoryItem TestCategory="Category1000" />
      </TestCategory>
      <Execution id="498f86ad-8abb-4913-890d-4a83db17f0d7" />
      <TestMethod codeBase="C:\Projekty\MSTestProject\bin\Debug\netcoreapp3.1\MSTestProject.dll" adapterTypeName="executor://mstestadapter/v2" className="TwojeWesele.Services.Helpers.Tests.CurrencyHelperTests" name="FormatToStringTest1000" />
    </UnitTest>
    <UnitTest name="FormatToStringTest1000 (4002.4180488374172,4002.42 zł)" storage="c:\projekty\mstestproject\bin\debug\netcoreapp3.1\mstestproject.dll" id="31272813-a2bb-426f-b058-c868b1542f29">
      <TestCategory>
        <TestCategoryItem TestCategory="Category1000" />
      </TestCategory>
      <Execution id="991621c6-7479-4576-899f-28d54bcfb17d" />
      <TestMethod codeBase="C:\Projekty\MSTestProject\bin\Debug\netcoreapp3.1\MSTestProject.dll" adapterTypeName="executor://mstestadapter/v2" className="TwojeWesele.Services.Helpers.Tests.CurrencyHelperTests" name="FormatToStringTest1000" />
    </UnitTest>
    <UnitTest name="FormatToStringTest1000 (1325.1625259114255,1325.16 zł)" storage="c:\projekty\mstestproject\bin\debug\netcoreapp3.1\mstestproject.dll" id="f588d7c6-591f-4233-970a-1287d536765f">
      <TestCategory>
        <TestCategoryItem TestCategory="Category1000" />
      </TestCategory>
      <Execution id="26efba54-c24a-4d7c-939a-dfd3998858ce" />
      <TestMethod codeBase="C:\Projekty\MSTestProject\bin\Debug\netcoreapp3.1\MSTestProject.dll" adapterTypeName="executor://mstestadapter/v2" className="TwojeWesele.Services.Helpers.Tests.CurrencyHelperTests" name="FormatToStringTest1000" />
    </UnitTest>
    <UnitTest name="FormatToStringTest1000 (3092.9215945624383,3092.92 zł)" storage="c:\projekty\mstestproject\bin\debug\netcoreapp3.1\mstestproject.dll" id="88142cc2-a4a8-468a-9f82-b45dca749c6e">
      <TestCategory>
        <TestCategoryItem TestCategory="Category1000" />
      </TestCategory>
      <Execution id="d0f49cb1-a94d-4499-b8d9-36f6f0132314" />
      <TestMethod codeBase="C:\Projekty\MSTestProject\bin\Debug\netcoreapp3.1\MSTestProject.dll" adapterTypeName="executor://mstestadapter/v2" className="TwojeWesele.Services.Helpers.Tests.CurrencyHelperTests" name="FormatToStringTest1000" />
    </UnitTest>
    <UnitTest name="FormatToStringTest1000 (88584.97010041306,88584.97 zł)" storage="c:\projekty\mstestproject\bin\debug\netcoreapp3.1\mstestproject.dll" id="a30da2f0-7945-4792-8587-9098786c175b">
      <TestCategory>
        <TestCategoryItem TestCategory="Category1000" />
      </TestCategory>
      <Execution id="827d50cc-c3f1-4833-bd48-47f9b4194ebe" />
      <TestMethod codeBase="C:\Projekty\MSTestProject\bin\Debug\netcoreapp3.1\MSTestProject.dll" adapterTypeName="executor://mstestadapter/v2" className="TwojeWesele.Services.Helpers.Tests.CurrencyHelperTests" name="FormatToStringTest1000" />
    </UnitTest>
    <UnitTest name="FormatToStringTest1000 (48449.85582609189,48449.86 zł)" storage="c:\projekty\mstestproject\bin\debug\netcoreapp3.1\mstestproject.dll" id="34a93a6f-7976-4c95-807a-ed44a5e79bbd">
      <TestCategory>
        <TestCategoryItem TestCategory="Category1000" />
      </TestCategory>
      <Execution id="ce243724-3819-48d4-84c1-b7574a585576" />
      <TestMethod codeBase="C:\Projekty\MSTestProject\bin\Debug\netcoreapp3.1\MSTestProject.dll" adapterTypeName="executor://mstestadapter/v2" className="TwojeWesele.Services.Helpers.Tests.CurrencyHelperTests" name="FormatToStringTest1000" />
    </UnitTest>
    <UnitTest name="FormatToStringTest1000 (63115.864864394935,63115.86 zł)" storage="c:\projekty\mstestproject\bin\debug\netcoreapp3.1\mstestproject.dll" id="acf5ebed-5b03-460c-afce-71b606fa9150">
      <TestCategory>
        <TestCategoryItem TestCategory="Category1000" />
      </TestCategory>
      <Execution id="43df3eab-3c3f-42cc-b5bb-d271b01891a1" />
      <TestMethod codeBase="C:\Projekty\MSTestProject\bin\Debug\netcoreapp3.1\MSTestProject.dll" adapterTypeName="executor://mstestadapter/v2" className="TwojeWesele.Services.Helpers.Tests.CurrencyHelperTests" name="FormatToStringTest1000" />
    </UnitTest>
    <UnitTest name="FormatToStringTest1000 (34060.48467268724,34060.48 zł)" storage="c:\projekty\mstestproject\bin\debug\netcoreapp3.1\mstestproject.dll" id="eb13832c-e4a1-4bf6-912a-971df12b1120">
      <TestCategory>
        <TestCategoryItem TestCategory="Category1000" />
      </TestCategory>
      <Execution id="47b0d059-5859-4cd3-b470-b42f67af2236" />
      <TestMethod codeBase="C:\Projekty\MSTestProject\bin\Debug\netcoreapp3.1\MSTestProject.dll" adapterTypeName="executor://mstestadapter/v2" className="TwojeWesele.Services.Helpers.Tests.CurrencyHelperTests" name="FormatToStringTest1000" />
    </UnitTest>
    <UnitTest name="FormatToStringTest1000 (27027.327683509946,27027.33 zł)" storage="c:\projekty\mstestproject\bin\debug\netcoreapp3.1\mstestproject.dll" id="562f6f5d-21ae-4977-a188-3c53b26fc000">
      <TestCategory>
        <TestCategoryItem TestCategory="Category1000" />
      </TestCategory>
      <Execution id="65d04b3d-1c3d-48b0-9ce2-9a8064c0d74e" />
      <TestMethod codeBase="C:\Projekty\MSTestProject\bin\Debug\netcoreapp3.1\MSTestProject.dll" adapterTypeName="executor://mstestadapter/v2" className="TwojeWesele.Services.Helpers.Tests.CurrencyHelperTests" name="FormatToStringTest1000" />
    </UnitTest>
    <UnitTest name="FormatToStringTest1000 (4652.407073443945,4652.41 zł)" storage="c:\projekty\mstestproject\bin\debug\netcoreapp3.1\mstestproject.dll" id="a30fdc34-5471-4608-9592-ecc250447b7f">
      <TestCategory>
        <TestCategoryItem TestCategory="Category1000" />
      </TestCategory>
      <Execution id="4288309e-e704-4ae1-9756-f024af0d7521" />
      <TestMethod codeBase="C:\Projekty\MSTestProject\bin\Debug\netcoreapp3.1\MSTestProject.dll" adapterTypeName="executor://mstestadapter/v2" className="TwojeWesele.Services.Helpers.Tests.CurrencyHelperTests" name="FormatToStringTest1000" />
    </UnitTest>
    <UnitTest name="FormatToStringTest1000 (49672.98901987402,49672.99 zł)" storage="c:\projekty\mstestproject\bin\debug\netcoreapp3.1\mstestproject.dll" id="5b323985-3e79-43ca-a886-c66ef714b40b">
      <TestCategory>
        <TestCategoryItem TestCategory="Category1000" />
      </TestCategory>
      <Execution id="78176fc4-d181-49ac-aa12-c1b699c80f54" />
      <TestMethod codeBase="C:\Projekty\MSTestProject\bin\Debug\netcoreapp3.1\MSTestProject.dll" adapterTypeName="executor://mstestadapter/v2" className="TwojeWesele.Services.Helpers.Tests.CurrencyHelperTests" name="FormatToStringTest1000" />
    </UnitTest>
    <UnitTest name="FormatToStringTest1000 (22592.465903659566,22592.47 zł)" storage="c:\projekty\mstestproject\bin\debug\netcoreapp3.1\mstestproject.dll" id="2cb0d1db-d68a-4f3c-b35e-4e4fedc01473">
      <TestCategory>
        <TestCategoryItem TestCategory="Category1000" />
      </TestCategory>
      <Execution id="4c0cbc1d-8b97-47ff-9606-52cfeedf00e4" />
      <TestMethod codeBase="C:\Projekty\MSTestProject\bin\Debug\netcoreapp3.1\MSTestProject.dll" adapterTypeName="executor://mstestadapter/v2" className="TwojeWesele.Services.Helpers.Tests.CurrencyHelperTests" name="FormatToStringTest1000" />
    </UnitTest>
    <UnitTest name="FormatToStringTest1000 (10174.652801423637,10174.65 zł)" storage="c:\projekty\mstestproject\bin\debug\netcoreapp3.1\mstestproject.dll" id="d2a65299-9076-4d96-961b-baac44308e9d">
      <TestCategory>
        <TestCategoryItem TestCategory="Category1000" />
      </TestCategory>
      <Execution id="ff7b64da-9795-4002-a1c4-73ce182bb3d0" />
      <TestMethod codeBase="C:\Projekty\MSTestProject\bin\Debug\netcoreapp3.1\MSTestProject.dll" adapterTypeName="executor://mstestadapter/v2" className="TwojeWesele.Services.Helpers.Tests.CurrencyHelperTests" name="FormatToStringTest1000" />
    </UnitTest>
    <UnitTest name="FormatToStringTest1000 (93775.33090185716,93775.33 zł)" storage="c:\projekty\mstestproject\bin\debug\netcoreapp3.1\mstestproject.dll" id="92022885-29ca-4a96-aab2-16f378221358">
      <TestCategory>
        <TestCategoryItem TestCategory="Category1000" />
      </TestCategory>
      <Execution id="f5c31915-03fa-40a7-9ad3-5fb352067bae" />
      <TestMethod codeBase="C:\Projekty\MSTestProject\bin\Debug\netcoreapp3.1\MSTestProject.dll" adapterTypeName="executor://mstestadapter/v2" className="TwojeWesele.Services.Helpers.Tests.CurrencyHelperTests" name="FormatToStringTest1000" />
    </UnitTest>
    <UnitTest name="FormatToStringTest1000 (23980.12943509646,23980.13 zł)" storage="c:\projekty\mstestproject\bin\debug\netcoreapp3.1\mstestproject.dll" id="9c00bd8d-5139-4c0e-a1da-ff27c48ae7e7">
      <TestCategory>
        <TestCategoryItem TestCategory="Category1000" />
      </TestCategory>
      <Execution id="80e2f11f-b3b0-457e-9db5-5cd8eda1f3de" />
      <TestMethod codeBase="C:\Projekty\MSTestProject\bin\Debug\netcoreapp3.1\MSTestProject.dll" adapterTypeName="executor://mstestadapter/v2" className="TwojeWesele.Services.Helpers.Tests.CurrencyHelperTests" name="FormatToStringTest1000" />
    </UnitTest>
    <UnitTest name="FormatToStringTest1000 (25990.318498101697,25990.32 zł)" storage="c:\projekty\mstestproject\bin\debug\netcoreapp3.1\mstestproject.dll" id="86b5568b-a813-4c53-9bd6-6cc6ace6c3ce">
      <TestCategory>
        <TestCategoryItem TestCategory="Category1000" />
      </TestCategory>
      <Execution id="5dafd6d0-ddc6-46c3-822c-8480102dbccd" />
      <TestMethod codeBase="C:\Projekty\MSTestProject\bin\Debug\netcoreapp3.1\MSTestProject.dll" adapterTypeName="executor://mstestadapter/v2" className="TwojeWesele.Services.Helpers.Tests.CurrencyHelperTests" name="FormatToStringTest1000" />
    </UnitTest>
    <UnitTest name="FormatToStringTest1000 (13855.30239352505,13855.30 zł)" storage="c:\projekty\mstestproject\bin\debug\netcoreapp3.1\mstestproject.dll" id="1343870b-e88a-4d1d-a5d3-c4cde03e0ced">
      <TestCategory>
        <TestCategoryItem TestCategory="Category1000" />
      </TestCategory>
      <Execution id="5b706c79-d48a-4719-a0c3-c60618aed639" />
      <TestMethod codeBase="C:\Projekty\MSTestProject\bin\Debug\netcoreapp3.1\MSTestProject.dll" adapterTypeName="executor://mstestadapter/v2" className="TwojeWesele.Services.Helpers.Tests.CurrencyHelperTests" name="FormatToStringTest1000" />
    </UnitTest>
    <UnitTest name="FormatToStringTest1000 (4121.116360678857,4121.12 zł)" storage="c:\projekty\mstestproject\bin\debug\netcoreapp3.1\mstestproject.dll" id="7ba731e0-7374-4d8c-a796-17253daa49fa">
      <TestCategory>
        <TestCategoryItem TestCategory="Category1000" />
      </TestCategory>
      <Execution id="d2f3b504-0c56-4062-8a10-46d40bb0f713" />
      <TestMethod codeBase="C:\Projekty\MSTestProject\bin\Debug\netcoreapp3.1\MSTestProject.dll" adapterTypeName="executor://mstestadapter/v2" className="TwojeWesele.Services.Helpers.Tests.CurrencyHelperTests" name="FormatToStringTest1000" />
    </UnitTest>
    <UnitTest name="FormatToStringTest1000 (32821.05661472215,32821.06 zł)" storage="c:\projekty\mstestproject\bin\debug\netcoreapp3.1\mstestproject.dll" id="3ee26bae-24d7-4e05-aa24-2d2f5524a9b8">
      <TestCategory>
        <TestCategoryItem TestCategory="Category1000" />
      </TestCategory>
      <Execution id="6df0bd80-4cac-4914-91f7-c07bb7ed67d3" />
      <TestMethod codeBase="C:\Projekty\MSTestProject\bin\Debug\netcoreapp3.1\MSTestProject.dll" adapterTypeName="executor://mstestadapter/v2" className="TwojeWesele.Services.Helpers.Tests.CurrencyHelperTests" name="FormatToStringTest1000" />
    </UnitTest>
    <UnitTest name="FormatToStringTest1000 (47393.54939526671,47393.55 zł)" storage="c:\projekty\mstestproject\bin\debug\netcoreapp3.1\mstestproject.dll" id="a97f20a0-58aa-419e-a461-73e5cde67642">
      <TestCategory>
        <TestCategoryItem TestCategory="Category1000" />
      </TestCategory>
      <Execution id="8eabe26e-aa69-49d7-9f8e-0d644bb5c681" />
      <TestMethod codeBase="C:\Projekty\MSTestProject\bin\Debug\netcoreapp3.1\MSTestProject.dll" adapterTypeName="executor://mstestadapter/v2" className="TwojeWesele.Services.Helpers.Tests.CurrencyHelperTests" name="FormatToStringTest1000" />
    </UnitTest>
    <UnitTest name="FormatToStringTest1000 (11829.625994884234,11829.63 zł)" storage="c:\projekty\mstestproject\bin\debug\netcoreapp3.1\mstestproject.dll" id="41e45369-ebc3-4283-aacc-e8303d1083b3">
      <TestCategory>
        <TestCategoryItem TestCategory="Category1000" />
      </TestCategory>
      <Execution id="b73a55ed-1d7b-4f86-9b48-51f66113c754" />
      <TestMethod codeBase="C:\Projekty\MSTestProject\bin\Debug\netcoreapp3.1\MSTestProject.dll" adapterTypeName="executor://mstestadapter/v2" className="TwojeWesele.Services.Helpers.Tests.CurrencyHelperTests" name="FormatToStringTest1000" />
    </UnitTest>
    <UnitTest name="FormatToStringTest1000 (64124.274503948756,64124.27 zł)" storage="c:\projekty\mstestproject\bin\debug\netcoreapp3.1\mstestproject.dll" id="fcd7eea1-7ebb-4e42-8765-28b7665fc17f">
      <TestCategory>
        <TestCategoryItem TestCategory="Category1000" />
      </TestCategory>
      <Execution id="812326c3-d677-4fce-a4ec-935dba4b2751" />
      <TestMethod codeBase="C:\Projekty\MSTestProject\bin\Debug\netcoreapp3.1\MSTestProject.dll" adapterTypeName="executor://mstestadapter/v2" className="TwojeWesele.Services.Helpers.Tests.CurrencyHelperTests" name="FormatToStringTest1000" />
    </UnitTest>
    <UnitTest name="FormatToStringTest1000 (6102.4120417453405,6102.41 zł)" storage="c:\projekty\mstestproject\bin\debug\netcoreapp3.1\mstestproject.dll" id="8f20f292-87de-4df9-8a73-a0864ab91cb9">
      <TestCategory>
        <TestCategoryItem TestCategory="Category1000" />
      </TestCategory>
      <Execution id="44fe1702-ff79-461d-95ab-8ee184d05fce" />
      <TestMethod codeBase="C:\Projekty\MSTestProject\bin\Debug\netcoreapp3.1\MSTestProject.dll" adapterTypeName="executor://mstestadapter/v2" className="TwojeWesele.Services.Helpers.Tests.CurrencyHelperTests" name="FormatToStringTest1000" />
    </UnitTest>
    <UnitTest name="FormatToStringTest1000 (2390.7596313784643,2390.76 zł)" storage="c:\projekty\mstestproject\bin\debug\netcoreapp3.1\mstestproject.dll" id="d2e12d41-813a-45c8-8b0e-f5f262e6c7a0">
      <TestCategory>
        <TestCategoryItem TestCategory="Category1000" />
      </TestCategory>
      <Execution id="ad88b666-fd79-4ec4-851a-3cc958ccd4f9" />
      <TestMethod codeBase="C:\Projekty\MSTestProject\bin\Debug\netcoreapp3.1\MSTestProject.dll" adapterTypeName="executor://mstestadapter/v2" className="TwojeWesele.Services.Helpers.Tests.CurrencyHelperTests" name="FormatToStringTest1000" />
    </UnitTest>
    <UnitTest name="FormatToStringTest1000 (18032.4720825476,18032.47 zł)" storage="c:\projekty\mstestproject\bin\debug\netcoreapp3.1\mstestproject.dll" id="5388871d-c5fa-405e-b2e6-d20a37da969e">
      <TestCategory>
        <TestCategoryItem TestCategory="Category1000" />
      </TestCategory>
      <Execution id="e714192a-876c-4435-959d-900c1c7a52cc" />
      <TestMethod codeBase="C:\Projekty\MSTestProject\bin\Debug\netcoreapp3.1\MSTestProject.dll" adapterTypeName="executor://mstestadapter/v2" className="TwojeWesele.Services.Helpers.Tests.CurrencyHelperTests" name="FormatToStringTest1000" />
    </UnitTest>
    <UnitTest name="FormatToStringTest1000 (87505.85936583664,87505.86 zł)" storage="c:\projekty\mstestproject\bin\debug\netcoreapp3.1\mstestproject.dll" id="dff0a4d0-a44c-47d0-bcd2-428d2be0df6e">
      <TestCategory>
        <TestCategoryItem TestCategory="Category1000" />
      </TestCategory>
      <Execution id="acc706d8-17a4-4955-a40f-0b79148b6012" />
      <TestMethod codeBase="C:\Projekty\MSTestProject\bin\Debug\netcoreapp3.1\MSTestProject.dll" adapterTypeName="executor://mstestadapter/v2" className="TwojeWesele.Services.Helpers.Tests.CurrencyHelperTests" name="FormatToStringTest1000" />
    </UnitTest>
    <UnitTest name="FormatToStringTest1000 (81326.3340147521,81326.33 zł)" storage="c:\projekty\mstestproject\bin\debug\netcoreapp3.1\mstestproject.dll" id="d552f5b5-14cb-4ce5-9612-e3bdcb1f323e">
      <TestCategory>
        <TestCategoryItem TestCategory="Category1000" />
      </TestCategory>
      <Execution id="fc79766d-9093-45bc-805a-4fbda02928fa" />
      <TestMethod codeBase="C:\Projekty\MSTestProject\bin\Debug\netcoreapp3.1\MSTestProject.dll" adapterTypeName="executor://mstestadapter/v2" className="TwojeWesele.Services.Helpers.Tests.CurrencyHelperTests" name="FormatToStringTest1000" />
    </UnitTest>
    <UnitTest name="FormatToStringTest1000 (7458.609645228652,7458.61 zł)" storage="c:\projekty\mstestproject\bin\debug\netcoreapp3.1\mstestproject.dll" id="3c51b771-1599-40d1-a94c-d85095151d1e">
      <TestCategory>
        <TestCategoryItem TestCategory="Category1000" />
      </TestCategory>
      <Execution id="a92f82d8-469d-466a-a816-b2fd46e51fe7" />
      <TestMethod codeBase="C:\Projekty\MSTestProject\bin\Debug\netcoreapp3.1\MSTestProject.dll" adapterTypeName="executor://mstestadapter/v2" className="TwojeWesele.Services.Helpers.Tests.CurrencyHelperTests" name="FormatToStringTest1000" />
    </UnitTest>
    <UnitTest name="FormatToStringTest1000 (9151.103070427245,9151.10 zł)" storage="c:\projekty\mstestproject\bin\debug\netcoreapp3.1\mstestproject.dll" id="fc856a33-2a42-42f2-b4d3-058d8bb22d74">
      <TestCategory>
        <TestCategoryItem TestCategory="Category1000" />
      </TestCategory>
      <Execution id="5f71e1c2-4b2e-44c9-a1a3-d547e3bf2afa" />
      <TestMethod codeBase="C:\Projekty\MSTestProject\bin\Debug\netcoreapp3.1\MSTestProject.dll" adapterTypeName="executor://mstestadapter/v2" className="TwojeWesele.Services.Helpers.Tests.CurrencyHelperTests" name="FormatToStringTest1000" />
    </UnitTest>
    <UnitTest name="FormatToStringTest1000 (18490.912787030877,18490.91 zł)" storage="c:\projekty\mstestproject\bin\debug\netcoreapp3.1\mstestproject.dll" id="0af6c4cc-2f0c-417f-bddb-5c45502273cd">
      <TestCategory>
        <TestCategoryItem TestCategory="Category1000" />
      </TestCategory>
      <Execution id="713d8692-4e44-40a8-a123-d837d9417b21" />
      <TestMethod codeBase="C:\Projekty\MSTestProject\bin\Debug\netcoreapp3.1\MSTestProject.dll" adapterTypeName="executor://mstestadapter/v2" className="TwojeWesele.Services.Helpers.Tests.CurrencyHelperTests" name="FormatToStringTest1000" />
    </UnitTest>
    <UnitTest name="FormatToStringTest1000 (7715.904444139406,7715.90 zł)" storage="c:\projekty\mstestproject\bin\debug\netcoreapp3.1\mstestproject.dll" id="384f55af-0e71-4671-8250-28777f2e8ccb">
      <TestCategory>
        <TestCategoryItem TestCategory="Category1000" />
      </TestCategory>
      <Execution id="a7885408-b9ff-4f39-86ce-30c851c39787" />
      <TestMethod codeBase="C:\Projekty\MSTestProject\bin\Debug\netcoreapp3.1\MSTestProject.dll" adapterTypeName="executor://mstestadapter/v2" className="TwojeWesele.Services.Helpers.Tests.CurrencyHelperTests" name="FormatToStringTest1000" />
    </UnitTest>
    <UnitTest name="FormatToStringTest1000 (66945.02904917022,66945.03 zł)" storage="c:\projekty\mstestproject\bin\debug\netcoreapp3.1\mstestproject.dll" id="762d1545-9fa6-40d1-8267-214ded09d0cf">
      <TestCategory>
        <TestCategoryItem TestCategory="Category1000" />
      </TestCategory>
      <Execution id="02442a7b-c3a9-46af-bdee-437098465457" />
      <TestMethod codeBase="C:\Projekty\MSTestProject\bin\Debug\netcoreapp3.1\MSTestProject.dll" adapterTypeName="executor://mstestadapter/v2" className="TwojeWesele.Services.Helpers.Tests.CurrencyHelperTests" name="FormatToStringTest1000" />
    </UnitTest>
    <UnitTest name="FormatToStringTest1000 (54578.37303904275,54578.37 zł)" storage="c:\projekty\mstestproject\bin\debug\netcoreapp3.1\mstestproject.dll" id="871922a4-b028-4b6e-8615-3f30c63fe154">
      <TestCategory>
        <TestCategoryItem TestCategory="Category1000" />
      </TestCategory>
      <Execution id="4b63b511-0221-49b8-8c5b-83b6a52667aa" />
      <TestMethod codeBase="C:\Projekty\MSTestProject\bin\Debug\netcoreapp3.1\MSTestProject.dll" adapterTypeName="executor://mstestadapter/v2" className="TwojeWesele.Services.Helpers.Tests.CurrencyHelperTests" name="FormatToStringTest1000" />
    </UnitTest>
    <UnitTest name="FormatToStringTest1000 (45035.160883881224,45035.16 zł)" storage="c:\projekty\mstestproject\bin\debug\netcoreapp3.1\mstestproject.dll" id="ef2c0143-0b16-42a5-8e65-e8da172ce2a7">
      <TestCategory>
        <TestCategoryItem TestCategory="Category1000" />
      </TestCategory>
      <Execution id="d0edbdbd-85fc-40af-b239-8a1248c868b1" />
      <TestMethod codeBase="C:\Projekty\MSTestProject\bin\Debug\netcoreapp3.1\MSTestProject.dll" adapterTypeName="executor://mstestadapter/v2" className="TwojeWesele.Services.Helpers.Tests.CurrencyHelperTests" name="FormatToStringTest1000" />
    </UnitTest>
    <UnitTest name="FormatToStringTest1000 (286.92120604539343,286.92 zł)" storage="c:\projekty\mstestproject\bin\debug\netcoreapp3.1\mstestproject.dll" id="a1e8cbea-44f6-4784-80ea-69aace0684a8">
      <TestCategory>
        <TestCategoryItem TestCategory="Category1000" />
      </TestCategory>
      <Execution id="09fd21c0-b425-4394-9d60-bc9c6ba406b6" />
      <TestMethod codeBase="C:\Projekty\MSTestProject\bin\Debug\netcoreapp3.1\MSTestProject.dll" adapterTypeName="executor://mstestadapter/v2" className="TwojeWesele.Services.Helpers.Tests.CurrencyHelperTests" name="FormatToStringTest1000" />
    </UnitTest>
    <UnitTest name="FormatToStringTest1000 (12577.642620996872,12577.64 zł)" storage="c:\projekty\mstestproject\bin\debug\netcoreapp3.1\mstestproject.dll" id="dda21dda-86c1-4b36-b0e1-39adc981df9f">
      <TestCategory>
        <TestCategoryItem TestCategory="Category1000" />
      </TestCategory>
      <Execution id="d4823c87-776b-4f04-933e-fa3b0e064b3c" />
      <TestMethod codeBase="C:\Projekty\MSTestProject\bin\Debug\netcoreapp3.1\MSTestProject.dll" adapterTypeName="executor://mstestadapter/v2" className="TwojeWesele.Services.Helpers.Tests.CurrencyHelperTests" name="FormatToStringTest1000" />
    </UnitTest>
    <UnitTest name="FormatToStringTest1000 (3030.9461949132133,3030.95 zł)" storage="c:\projekty\mstestproject\bin\debug\netcoreapp3.1\mstestproject.dll" id="1fe7dc4e-8134-4ff7-8a39-d9ca5e3816c6">
      <TestCategory>
        <TestCategoryItem TestCategory="Category1000" />
      </TestCategory>
      <Execution id="a0088b57-895e-4069-95a4-b82c6dcfbc15" />
      <TestMethod codeBase="C:\Projekty\MSTestProject\bin\Debug\netcoreapp3.1\MSTestProject.dll" adapterTypeName="executor://mstestadapter/v2" className="TwojeWesele.Services.Helpers.Tests.CurrencyHelperTests" name="FormatToStringTest1000" />
    </UnitTest>
    <UnitTest name="FormatToStringTest1000 (59919.71489415491,59919.71 zł)" storage="c:\projekty\mstestproject\bin\debug\netcoreapp3.1\mstestproject.dll" id="9c3ae944-5e62-44a4-a5bd-627c5f66c1eb">
      <TestCategory>
        <TestCategoryItem TestCategory="Category1000" />
      </TestCategory>
      <Execution id="646ea560-6291-4c2b-a007-7083a83c28a5" />
      <TestMethod codeBase="C:\Projekty\MSTestProject\bin\Debug\netcoreapp3.1\MSTestProject.dll" adapterTypeName="executor://mstestadapter/v2" className="TwojeWesele.Services.Helpers.Tests.CurrencyHelperTests" name="FormatToStringTest1000" />
    </UnitTest>
    <UnitTest name="FormatToStringTest1000 (3431.864349926759,3431.86 zł)" storage="c:\projekty\mstestproject\bin\debug\netcoreapp3.1\mstestproject.dll" id="8a563c79-5ae9-49b0-a75d-8ce5704ec3e2">
      <TestCategory>
        <TestCategoryItem TestCategory="Category1000" />
      </TestCategory>
      <Execution id="b78759c4-7b70-48a4-8e07-58d83ead8793" />
      <TestMethod codeBase="C:\Projekty\MSTestProject\bin\Debug\netcoreapp3.1\MSTestProject.dll" adapterTypeName="executor://mstestadapter/v2" className="TwojeWesele.Services.Helpers.Tests.CurrencyHelperTests" name="FormatToStringTest1000" />
    </UnitTest>
    <UnitTest name="FormatToStringTest1000 (21328.29026726507,21328.29 zł)" storage="c:\projekty\mstestproject\bin\debug\netcoreapp3.1\mstestproject.dll" id="3505f25d-9675-40da-a64a-c0ef3a2cce39">
      <TestCategory>
        <TestCategoryItem TestCategory="Category1000" />
      </TestCategory>
      <Execution id="54ea745f-a617-481a-9e9f-93c69f27001e" />
      <TestMethod codeBase="C:\Projekty\MSTestProject\bin\Debug\netcoreapp3.1\MSTestProject.dll" adapterTypeName="executor://mstestadapter/v2" className="TwojeWesele.Services.Helpers.Tests.CurrencyHelperTests" name="FormatToStringTest1000" />
    </UnitTest>
    <UnitTest name="FormatToStringTest1000 (37528.70144368368,37528.70 zł)" storage="c:\projekty\mstestproject\bin\debug\netcoreapp3.1\mstestproject.dll" id="1ea8c9e0-ed40-43d4-991f-35247b03f2f0">
      <TestCategory>
        <TestCategoryItem TestCategory="Category1000" />
      </TestCategory>
      <Execution id="c204156f-3f7f-41c7-a0cc-54e53890fcf2" />
      <TestMethod codeBase="C:\Projekty\MSTestProject\bin\Debug\netcoreapp3.1\MSTestProject.dll" adapterTypeName="executor://mstestadapter/v2" className="TwojeWesele.Services.Helpers.Tests.CurrencyHelperTests" name="FormatToStringTest1000" />
    </UnitTest>
    <UnitTest name="FormatToStringTest1000 (11430.666613002619,11430.67 zł)" storage="c:\projekty\mstestproject\bin\debug\netcoreapp3.1\mstestproject.dll" id="afb25b1d-216b-446d-b122-d64bd050600f">
      <TestCategory>
        <TestCategoryItem TestCategory="Category1000" />
      </TestCategory>
      <Execution id="4e2ad781-fd57-4d6a-892e-b6db8da34899" />
      <TestMethod codeBase="C:\Projekty\MSTestProject\bin\Debug\netcoreapp3.1\MSTestProject.dll" adapterTypeName="executor://mstestadapter/v2" className="TwojeWesele.Services.Helpers.Tests.CurrencyHelperTests" name="FormatToStringTest1000" />
    </UnitTest>
    <UnitTest name="FormatToStringTest1000 (28306.369434126827,28306.37 zł)" storage="c:\projekty\mstestproject\bin\debug\netcoreapp3.1\mstestproject.dll" id="bbb61e6f-42c5-4cc0-99d4-a733d2a3ddd0">
      <TestCategory>
        <TestCategoryItem TestCategory="Category1000" />
      </TestCategory>
      <Execution id="f82364fe-98ff-4c0a-84eb-e63f06caf3db" />
      <TestMethod codeBase="C:\Projekty\MSTestProject\bin\Debug\netcoreapp3.1\MSTestProject.dll" adapterTypeName="executor://mstestadapter/v2" className="TwojeWesele.Services.Helpers.Tests.CurrencyHelperTests" name="FormatToStringTest1000" />
    </UnitTest>
    <UnitTest name="FormatToStringTest1000 (7119.076353227755,7119.08 zł)" storage="c:\projekty\mstestproject\bin\debug\netcoreapp3.1\mstestproject.dll" id="7e79b1cd-0055-44a4-a40f-5838c9385f6e">
      <TestCategory>
        <TestCategoryItem TestCategory="Category1000" />
      </TestCategory>
      <Execution id="e6bb4129-d4ce-4d25-ade3-bec450e5cede" />
      <TestMethod codeBase="C:\Projekty\MSTestProject\bin\Debug\netcoreapp3.1\MSTestProject.dll" adapterTypeName="executor://mstestadapter/v2" className="TwojeWesele.Services.Helpers.Tests.CurrencyHelperTests" name="FormatToStringTest1000" />
    </UnitTest>
    <UnitTest name="FormatToStringTest1000 (15822.278766386342,15822.28 zł)" storage="c:\projekty\mstestproject\bin\debug\netcoreapp3.1\mstestproject.dll" id="7d0141ea-121d-47a8-8a58-9cfa553cb58b">
      <TestCategory>
        <TestCategoryItem TestCategory="Category1000" />
      </TestCategory>
      <Execution id="22343a7e-3198-4d4f-b693-6c3a126826fc" />
      <TestMethod codeBase="C:\Projekty\MSTestProject\bin\Debug\netcoreapp3.1\MSTestProject.dll" adapterTypeName="executor://mstestadapter/v2" className="TwojeWesele.Services.Helpers.Tests.CurrencyHelperTests" name="FormatToStringTest1000" />
    </UnitTest>
    <UnitTest name="FormatToStringTest1000 (63291.50274994015,63291.50 zł)" storage="c:\projekty\mstestproject\bin\debug\netcoreapp3.1\mstestproject.dll" id="21057bba-181e-4f93-9782-9bf414c320e7">
      <TestCategory>
        <TestCategoryItem TestCategory="Category1000" />
      </TestCategory>
      <Execution id="b9117922-aa37-49f4-8040-69e22a8ce699" />
      <TestMethod codeBase="C:\Projekty\MSTestProject\bin\Debug\netcoreapp3.1\MSTestProject.dll" adapterTypeName="executor://mstestadapter/v2" className="TwojeWesele.Services.Helpers.Tests.CurrencyHelperTests" name="FormatToStringTest1000" />
    </UnitTest>
    <UnitTest name="FormatToStringTest1000 (19071.681252896637,19071.68 zł)" storage="c:\projekty\mstestproject\bin\debug\netcoreapp3.1\mstestproject.dll" id="219c3dea-62ff-477f-9b1b-ba6b7756052e">
      <TestCategory>
        <TestCategoryItem TestCategory="Category1000" />
      </TestCategory>
      <Execution id="2defc5c1-3b7f-496e-90c6-d45a470d8c76" />
      <TestMethod codeBase="C:\Projekty\MSTestProject\bin\Debug\netcoreapp3.1\MSTestProject.dll" adapterTypeName="executor://mstestadapter/v2" className="TwojeWesele.Services.Helpers.Tests.CurrencyHelperTests" name="FormatToStringTest1000" />
    </UnitTest>
    <UnitTest name="FormatToStringTest1000 (24566.50251371856,24566.50 zł)" storage="c:\projekty\mstestproject\bin\debug\netcoreapp3.1\mstestproject.dll" id="3fb060c1-3921-48fa-aba9-cdcda4bfb049">
      <TestCategory>
        <TestCategoryItem TestCategory="Category1000" />
      </TestCategory>
      <Execution id="f23602e6-1b3b-4aab-a760-0b6360477a8b" />
      <TestMethod codeBase="C:\Projekty\MSTestProject\bin\Debug\netcoreapp3.1\MSTestProject.dll" adapterTypeName="executor://mstestadapter/v2" className="TwojeWesele.Services.Helpers.Tests.CurrencyHelperTests" name="FormatToStringTest1000" />
    </UnitTest>
    <UnitTest name="FormatToStringTest1000 (30807.823896702295,30807.82 zł)" storage="c:\projekty\mstestproject\bin\debug\netcoreapp3.1\mstestproject.dll" id="cd22b72e-f5b2-49e8-b8ea-3d5d84aa9d40">
      <TestCategory>
        <TestCategoryItem TestCategory="Category1000" />
      </TestCategory>
      <Execution id="4bcba767-e5e2-4955-ae30-6cca61745735" />
      <TestMethod codeBase="C:\Projekty\MSTestProject\bin\Debug\netcoreapp3.1\MSTestProject.dll" adapterTypeName="executor://mstestadapter/v2" className="TwojeWesele.Services.Helpers.Tests.CurrencyHelperTests" name="FormatToStringTest1000" />
    </UnitTest>
    <UnitTest name="FormatToStringTest1000 (750.5106571719566,750.51 zł)" storage="c:\projekty\mstestproject\bin\debug\netcoreapp3.1\mstestproject.dll" id="77ec645e-8721-4139-9e94-dc78a2331243">
      <TestCategory>
        <TestCategoryItem TestCategory="Category1000" />
      </TestCategory>
      <Execution id="ebef1075-cc69-414b-8047-ee9f7e26e719" />
      <TestMethod codeBase="C:\Projekty\MSTestProject\bin\Debug\netcoreapp3.1\MSTestProject.dll" adapterTypeName="executor://mstestadapter/v2" className="TwojeWesele.Services.Helpers.Tests.CurrencyHelperTests" name="FormatToStringTest1000" />
    </UnitTest>
    <UnitTest name="FormatToStringTest1000 (63427.55325689332,63427.55 zł)" storage="c:\projekty\mstestproject\bin\debug\netcoreapp3.1\mstestproject.dll" id="2a9bbe13-d004-48bb-96c1-bdab19b74f2a">
      <TestCategory>
        <TestCategoryItem TestCategory="Category1000" />
      </TestCategory>
      <Execution id="5b82326f-ce5f-4e85-80b5-f9bb0b666c8f" />
      <TestMethod codeBase="C:\Projekty\MSTestProject\bin\Debug\netcoreapp3.1\MSTestProject.dll" adapterTypeName="executor://mstestadapter/v2" className="TwojeWesele.Services.Helpers.Tests.CurrencyHelperTests" name="FormatToStringTest1000" />
    </UnitTest>
    <UnitTest name="FormatToStringTest1000 (31347.468987404587,31347.47 zł)" storage="c:\projekty\mstestproject\bin\debug\netcoreapp3.1\mstestproject.dll" id="295fb12e-ab75-43e0-b89d-7103f29daa7f">
      <TestCategory>
        <TestCategoryItem TestCategory="Category1000" />
      </TestCategory>
      <Execution id="f7e23f17-34c1-4782-8502-ae667994091c" />
      <TestMethod codeBase="C:\Projekty\MSTestProject\bin\Debug\netcoreapp3.1\MSTestProject.dll" adapterTypeName="executor://mstestadapter/v2" className="TwojeWesele.Services.Helpers.Tests.CurrencyHelperTests" name="FormatToStringTest1000" />
    </UnitTest>
    <UnitTest name="FormatToStringTest1000 (5759.256266560991,5759.26 zł)" storage="c:\projekty\mstestproject\bin\debug\netcoreapp3.1\mstestproject.dll" id="af0b3fe4-9977-433d-803a-ffd2ce7dad6e">
      <TestCategory>
        <TestCategoryItem TestCategory="Category1000" />
      </TestCategory>
      <Execution id="9714c14c-e4fc-40d1-9a43-f9348cb65e14" />
      <TestMethod codeBase="C:\Projekty\MSTestProject\bin\Debug\netcoreapp3.1\MSTestProject.dll" adapterTypeName="executor://mstestadapter/v2" className="TwojeWesele.Services.Helpers.Tests.CurrencyHelperTests" name="FormatToStringTest1000" />
    </UnitTest>
    <UnitTest name="FormatToStringTest1000 (54088.326214851964,54088.33 zł)" storage="c:\projekty\mstestproject\bin\debug\netcoreapp3.1\mstestproject.dll" id="a9220eef-e9df-4ca1-baf6-62861b2bbd88">
      <TestCategory>
        <TestCategoryItem TestCategory="Category1000" />
      </TestCategory>
      <Execution id="f3749a16-b1ca-42e1-b901-f6d7795a09fd" />
      <TestMethod codeBase="C:\Projekty\MSTestProject\bin\Debug\netcoreapp3.1\MSTestProject.dll" adapterTypeName="executor://mstestadapter/v2" className="TwojeWesele.Services.Helpers.Tests.CurrencyHelperTests" name="FormatToStringTest1000" />
    </UnitTest>
    <UnitTest name="FormatToStringTest1000 (16901.497392274203,16901.50 zł)" storage="c:\projekty\mstestproject\bin\debug\netcoreapp3.1\mstestproject.dll" id="ece386b8-ea3f-4b57-89b5-b0e7f8622118">
      <TestCategory>
        <TestCategoryItem TestCategory="Category1000" />
      </TestCategory>
      <Execution id="57f96369-58fe-4912-ad04-f85856fa17f4" />
      <TestMethod codeBase="C:\Projekty\MSTestProject\bin\Debug\netcoreapp3.1\MSTestProject.dll" adapterTypeName="executor://mstestadapter/v2" className="TwojeWesele.Services.Helpers.Tests.CurrencyHelperTests" name="FormatToStringTest1000" />
    </UnitTest>
    <UnitTest name="FormatToStringTest1000 (11.555284778846096,11.56 zł)" storage="c:\projekty\mstestproject\bin\debug\netcoreapp3.1\mstestproject.dll" id="04cd19c0-2796-40b0-a6b9-66959ed12369">
      <TestCategory>
        <TestCategoryItem TestCategory="Category1000" />
      </TestCategory>
      <Execution id="3f31323b-4dee-456c-a10c-c90256db455b" />
      <TestMethod codeBase="C:\Projekty\MSTestProject\bin\Debug\netcoreapp3.1\MSTestProject.dll" adapterTypeName="executor://mstestadapter/v2" className="TwojeWesele.Services.Helpers.Tests.CurrencyHelperTests" name="FormatToStringTest1000" />
    </UnitTest>
    <UnitTest name="FormatToStringTest1000 (22557.09603308099,22557.10 zł)" storage="c:\projekty\mstestproject\bin\debug\netcoreapp3.1\mstestproject.dll" id="2e780131-6d56-4059-9d4e-65e3f8f48c9a">
      <TestCategory>
        <TestCategoryItem TestCategory="Category1000" />
      </TestCategory>
      <Execution id="75c62cc2-177b-4711-8303-8b57cdaf215a" />
      <TestMethod codeBase="C:\Projekty\MSTestProject\bin\Debug\netcoreapp3.1\MSTestProject.dll" adapterTypeName="executor://mstestadapter/v2" className="TwojeWesele.Services.Helpers.Tests.CurrencyHelperTests" name="FormatToStringTest1000" />
    </UnitTest>
    <UnitTest name="FormatToStringTest1000 (50664.01951024869,50664.02 zł)" storage="c:\projekty\mstestproject\bin\debug\netcoreapp3.1\mstestproject.dll" id="bec81ad4-6a35-4c44-8311-5dc11fd863de">
      <TestCategory>
        <TestCategoryItem TestCategory="Category1000" />
      </TestCategory>
      <Execution id="d6510262-d734-4a95-bf69-140995ac5324" />
      <TestMethod codeBase="C:\Projekty\MSTestProject\bin\Debug\netcoreapp3.1\MSTestProject.dll" adapterTypeName="executor://mstestadapter/v2" className="TwojeWesele.Services.Helpers.Tests.CurrencyHelperTests" name="FormatToStringTest1000" />
    </UnitTest>
    <UnitTest name="FormatToStringTest1000 (6417.5922460628635,6417.59 zł)" storage="c:\projekty\mstestproject\bin\debug\netcoreapp3.1\mstestproject.dll" id="7d9f66fa-94c6-4220-b451-273aae371644">
      <TestCategory>
        <TestCategoryItem TestCategory="Category1000" />
      </TestCategory>
      <Execution id="f701ba0d-f0aa-469d-806d-35537aa8922e" />
      <TestMethod codeBase="C:\Projekty\MSTestProject\bin\Debug\netcoreapp3.1\MSTestProject.dll" adapterTypeName="executor://mstestadapter/v2" className="TwojeWesele.Services.Helpers.Tests.CurrencyHelperTests" name="FormatToStringTest1000" />
    </UnitTest>
    <UnitTest name="FormatToStringTest1000 (28033.439084134738,28033.44 zł)" storage="c:\projekty\mstestproject\bin\debug\netcoreapp3.1\mstestproject.dll" id="0c0ddeda-0f49-4d08-93cc-c9d5d70b1c7f">
      <TestCategory>
        <TestCategoryItem TestCategory="Category1000" />
      </TestCategory>
      <Execution id="5984da17-e2cd-44b0-b2d5-a2c1ef1dd73f" />
      <TestMethod codeBase="C:\Projekty\MSTestProject\bin\Debug\netcoreapp3.1\MSTestProject.dll" adapterTypeName="executor://mstestadapter/v2" className="TwojeWesele.Services.Helpers.Tests.CurrencyHelperTests" name="FormatToStringTest1000" />
    </UnitTest>
    <UnitTest name="FormatToStringTest1000 (3694.480496819355,3694.48 zł)" storage="c:\projekty\mstestproject\bin\debug\netcoreapp3.1\mstestproject.dll" id="87f75ea4-917d-4370-ab3a-537d99b6b1cb">
      <TestCategory>
        <TestCategoryItem TestCategory="Category1000" />
      </TestCategory>
      <Execution id="fccd1a7e-30f1-4b7a-84db-ae7b7ab3fa4b" />
      <TestMethod codeBase="C:\Projekty\MSTestProject\bin\Debug\netcoreapp3.1\MSTestProject.dll" adapterTypeName="executor://mstestadapter/v2" className="TwojeWesele.Services.Helpers.Tests.CurrencyHelperTests" name="FormatToStringTest1000" />
    </UnitTest>
    <UnitTest name="FormatToStringTest1000 (38961.459057294516,38961.46 zł)" storage="c:\projekty\mstestproject\bin\debug\netcoreapp3.1\mstestproject.dll" id="8f3750c4-a0e4-4400-8f69-36a7ede2bc9f">
      <TestCategory>
        <TestCategoryItem TestCategory="Category1000" />
      </TestCategory>
      <Execution id="daed5c82-d6be-40d3-9b27-82dd7acb8f67" />
      <TestMethod codeBase="C:\Projekty\MSTestProject\bin\Debug\netcoreapp3.1\MSTestProject.dll" adapterTypeName="executor://mstestadapter/v2" className="TwojeWesele.Services.Helpers.Tests.CurrencyHelperTests" name="FormatToStringTest1000" />
    </UnitTest>
    <UnitTest name="FormatToStringTest1000 (40556.73452524362,40556.73 zł)" storage="c:\projekty\mstestproject\bin\debug\netcoreapp3.1\mstestproject.dll" id="4373a92b-25cd-47aa-9289-c0c504ce1aba">
      <TestCategory>
        <TestCategoryItem TestCategory="Category1000" />
      </TestCategory>
      <Execution id="c1b2ed2b-ce8f-487b-ac61-fb671d2f9992" />
      <TestMethod codeBase="C:\Projekty\MSTestProject\bin\Debug\netcoreapp3.1\MSTestProject.dll" adapterTypeName="executor://mstestadapter/v2" className="TwojeWesele.Services.Helpers.Tests.CurrencyHelperTests" name="FormatToStringTest1000" />
    </UnitTest>
    <UnitTest name="FormatToStringTest1000 (43727.735558145556,43727.74 zł)" storage="c:\projekty\mstestproject\bin\debug\netcoreapp3.1\mstestproject.dll" id="70777ec1-88f9-4998-95c7-709c6e1c9c75">
      <TestCategory>
        <TestCategoryItem TestCategory="Category1000" />
      </TestCategory>
      <Execution id="683454cb-5681-4f18-b57c-5af4f53ae34a" />
      <TestMethod codeBase="C:\Projekty\MSTestProject\bin\Debug\netcoreapp3.1\MSTestProject.dll" adapterTypeName="executor://mstestadapter/v2" className="TwojeWesele.Services.Helpers.Tests.CurrencyHelperTests" name="FormatToStringTest1000" />
    </UnitTest>
    <UnitTest name="FormatToStringTest1000 (100.45267071130345,100.45 zł)" storage="c:\projekty\mstestproject\bin\debug\netcoreapp3.1\mstestproject.dll" id="36845b84-2951-4ebd-9ea4-330c1638b201">
      <TestCategory>
        <TestCategoryItem TestCategory="Category1000" />
      </TestCategory>
      <Execution id="be9fd502-b547-4c92-a0b0-57015b0b338e" />
      <TestMethod codeBase="C:\Projekty\MSTestProject\bin\Debug\netcoreapp3.1\MSTestProject.dll" adapterTypeName="executor://mstestadapter/v2" className="TwojeWesele.Services.Helpers.Tests.CurrencyHelperTests" name="FormatToStringTest1000" />
    </UnitTest>
    <UnitTest name="FormatToStringTest1000 (18990.72499258012,18990.72 zł)" storage="c:\projekty\mstestproject\bin\debug\netcoreapp3.1\mstestproject.dll" id="04711c50-6de3-4716-a1ee-76e24758a7e6">
      <TestCategory>
        <TestCategoryItem TestCategory="Category1000" />
      </TestCategory>
      <Execution id="46ef0ea2-0a04-4e72-93a1-d2f67c022679" />
      <TestMethod codeBase="C:\Projekty\MSTestProject\bin\Debug\netcoreapp3.1\MSTestProject.dll" adapterTypeName="executor://mstestadapter/v2" className="TwojeWesele.Services.Helpers.Tests.CurrencyHelperTests" name="FormatToStringTest1000" />
    </UnitTest>
    <UnitTest name="FormatToStringTest1000 (7716.571614765363,7716.57 zł)" storage="c:\projekty\mstestproject\bin\debug\netcoreapp3.1\mstestproject.dll" id="a48cbe55-7ecd-4ab1-9cfc-b26bc761ea1c">
      <TestCategory>
        <TestCategoryItem TestCategory="Category1000" />
      </TestCategory>
      <Execution id="4cd489f7-90a9-424f-8357-de2bc3229188" />
      <TestMethod codeBase="C:\Projekty\MSTestProject\bin\Debug\netcoreapp3.1\MSTestProject.dll" adapterTypeName="executor://mstestadapter/v2" className="TwojeWesele.Services.Helpers.Tests.CurrencyHelperTests" name="FormatToStringTest1000" />
    </UnitTest>
    <UnitTest name="FormatToStringTest1000 (395.45790295882983,395.46 zł)" storage="c:\projekty\mstestproject\bin\debug\netcoreapp3.1\mstestproject.dll" id="3cfa9bc3-48d3-4726-b597-67447b7a1b31">
      <TestCategory>
        <TestCategoryItem TestCategory="Category1000" />
      </TestCategory>
      <Execution id="e76753b3-7102-47e0-9825-f7edd99891e9" />
      <TestMethod codeBase="C:\Projekty\MSTestProject\bin\Debug\netcoreapp3.1\MSTestProject.dll" adapterTypeName="executor://mstestadapter/v2" className="TwojeWesele.Services.Helpers.Tests.CurrencyHelperTests" name="FormatToStringTest1000" />
    </UnitTest>
    <UnitTest name="FormatToStringTest1000 (2039.440966411699,2039.44 zł)" storage="c:\projekty\mstestproject\bin\debug\netcoreapp3.1\mstestproject.dll" id="a95b361c-ae66-45fc-aed4-dcb6b6f5ee72">
      <TestCategory>
        <TestCategoryItem TestCategory="Category1000" />
      </TestCategory>
      <Execution id="465e2134-0c8f-4832-bb33-e73ef3526b38" />
      <TestMethod codeBase="C:\Projekty\MSTestProject\bin\Debug\netcoreapp3.1\MSTestProject.dll" adapterTypeName="executor://mstestadapter/v2" className="TwojeWesele.Services.Helpers.Tests.CurrencyHelperTests" name="FormatToStringTest1000" />
    </UnitTest>
    <UnitTest name="FormatToStringTest1000 (24528.124092612474,24528.12 zł)" storage="c:\projekty\mstestproject\bin\debug\netcoreapp3.1\mstestproject.dll" id="d5d621df-0455-4f20-8c59-28bf93773959">
      <TestCategory>
        <TestCategoryItem TestCategory="Category1000" />
      </TestCategory>
      <Execution id="2cedfbc5-a595-4f07-9921-eee6825caf0e" />
      <TestMethod codeBase="C:\Projekty\MSTestProject\bin\Debug\netcoreapp3.1\MSTestProject.dll" adapterTypeName="executor://mstestadapter/v2" className="TwojeWesele.Services.Helpers.Tests.CurrencyHelperTests" name="FormatToStringTest1000" />
    </UnitTest>
    <UnitTest name="FormatToStringTest1000 (45299.778512198376,45299.78 zł)" storage="c:\projekty\mstestproject\bin\debug\netcoreapp3.1\mstestproject.dll" id="57ad1baf-5a9b-4d87-b28d-78e3e41d8dc9">
      <TestCategory>
        <TestCategoryItem TestCategory="Category1000" />
      </TestCategory>
      <Execution id="1a15c373-fb18-40ce-a5fd-aeecee9cdc9e" />
      <TestMethod codeBase="C:\Projekty\MSTestProject\bin\Debug\netcoreapp3.1\MSTestProject.dll" adapterTypeName="executor://mstestadapter/v2" className="TwojeWesele.Services.Helpers.Tests.CurrencyHelperTests" name="FormatToStringTest1000" />
    </UnitTest>
    <UnitTest name="FormatToStringTest1000 (8347.417790138823,8347.42 zł)" storage="c:\projekty\mstestproject\bin\debug\netcoreapp3.1\mstestproject.dll" id="a90798b8-0259-4589-8286-3e6c6a25e603">
      <TestCategory>
        <TestCategoryItem TestCategory="Category1000" />
      </TestCategory>
      <Execution id="5b63102f-9bf6-4c90-8d8d-76407c9e68d0" />
      <TestMethod codeBase="C:\Projekty\MSTestProject\bin\Debug\netcoreapp3.1\MSTestProject.dll" adapterTypeName="executor://mstestadapter/v2" className="TwojeWesele.Services.Helpers.Tests.CurrencyHelperTests" name="FormatToStringTest1000" />
    </UnitTest>
    <UnitTest name="FormatToStringTest1000 (25036.98767214035,25036.99 zł)" storage="c:\projekty\mstestproject\bin\debug\netcoreapp3.1\mstestproject.dll" id="a86f7bc3-96df-4f6a-ae36-a9932f5e1c51">
      <TestCategory>
        <TestCategoryItem TestCategory="Category1000" />
      </TestCategory>
      <Execution id="9cc65614-f198-4df8-abc1-d4149c591b05" />
      <TestMethod codeBase="C:\Projekty\MSTestProject\bin\Debug\netcoreapp3.1\MSTestProject.dll" adapterTypeName="executor://mstestadapter/v2" className="TwojeWesele.Services.Helpers.Tests.CurrencyHelperTests" name="FormatToStringTest1000" />
    </UnitTest>
    <UnitTest name="FormatToStringTest1000 (29417.800422138444,29417.80 zł)" storage="c:\projekty\mstestproject\bin\debug\netcoreapp3.1\mstestproject.dll" id="e0d631b3-d097-43ac-a1d8-1435c2208f8f">
      <TestCategory>
        <TestCategoryItem TestCategory="Category1000" />
      </TestCategory>
      <Execution id="5db4f436-ba68-4427-957d-ffa4a7205ec1" />
      <TestMethod codeBase="C:\Projekty\MSTestProject\bin\Debug\netcoreapp3.1\MSTestProject.dll" adapterTypeName="executor://mstestadapter/v2" className="TwojeWesele.Services.Helpers.Tests.CurrencyHelperTests" name="FormatToStringTest1000" />
    </UnitTest>
    <UnitTest name="FormatToStringTest1000 (27893.312729890138,27893.31 zł)" storage="c:\projekty\mstestproject\bin\debug\netcoreapp3.1\mstestproject.dll" id="fbbbe5d7-7f94-48ca-9ea2-d926279774c6">
      <TestCategory>
        <TestCategoryItem TestCategory="Category1000" />
      </TestCategory>
      <Execution id="7dc85f07-1095-456c-90bf-ddf6338af6a5" />
      <TestMethod codeBase="C:\Projekty\MSTestProject\bin\Debug\netcoreapp3.1\MSTestProject.dll" adapterTypeName="executor://mstestadapter/v2" className="TwojeWesele.Services.Helpers.Tests.CurrencyHelperTests" name="FormatToStringTest1000" />
    </UnitTest>
    <UnitTest name="FormatToStringTest1000 (31290.71396233687,31290.71 zł)" storage="c:\projekty\mstestproject\bin\debug\netcoreapp3.1\mstestproject.dll" id="bdcbf746-2a4b-43ac-b99f-698fb3050c90">
      <TestCategory>
        <TestCategoryItem TestCategory="Category1000" />
      </TestCategory>
      <Execution id="5979d919-2195-4dc6-a159-60f3a4ce7a64" />
      <TestMethod codeBase="C:\Projekty\MSTestProject\bin\Debug\netcoreapp3.1\MSTestProject.dll" adapterTypeName="executor://mstestadapter/v2" className="TwojeWesele.Services.Helpers.Tests.CurrencyHelperTests" name="FormatToStringTest1000" />
    </UnitTest>
    <UnitTest name="FormatToStringTest1000 (25440.18371476614,25440.18 zł)" storage="c:\projekty\mstestproject\bin\debug\netcoreapp3.1\mstestproject.dll" id="8010926f-93c4-4e09-8691-d64d5c2bed19">
      <TestCategory>
        <TestCategoryItem TestCategory="Category1000" />
      </TestCategory>
      <Execution id="9eaa5ee9-5498-4376-bcb8-152cfa452f26" />
      <TestMethod codeBase="C:\Projekty\MSTestProject\bin\Debug\netcoreapp3.1\MSTestProject.dll" adapterTypeName="executor://mstestadapter/v2" className="TwojeWesele.Services.Helpers.Tests.CurrencyHelperTests" name="FormatToStringTest1000" />
    </UnitTest>
    <UnitTest name="FormatToStringTest1000 (34458.5406463512,34458.54 zł)" storage="c:\projekty\mstestproject\bin\debug\netcoreapp3.1\mstestproject.dll" id="8511efb8-541d-466a-8910-19229b0fe939">
      <TestCategory>
        <TestCategoryItem TestCategory="Category1000" />
      </TestCategory>
      <Execution id="d3d87b5f-8074-470e-9ba5-c55e6982d858" />
      <TestMethod codeBase="C:\Projekty\MSTestProject\bin\Debug\netcoreapp3.1\MSTestProject.dll" adapterTypeName="executor://mstestadapter/v2" className="TwojeWesele.Services.Helpers.Tests.CurrencyHelperTests" name="FormatToStringTest1000" />
    </UnitTest>
    <UnitTest name="FormatToStringTest1000 (16597.22844427788,16597.23 zł)" storage="c:\projekty\mstestproject\bin\debug\netcoreapp3.1\mstestproject.dll" id="d5bd6ad4-7c0c-4a6b-aa37-d3608e6d8b77">
      <TestCategory>
        <TestCategoryItem TestCategory="Category1000" />
      </TestCategory>
      <Execution id="b8b6bd5c-5de9-4858-87a4-60df7d042cb4" />
      <TestMethod codeBase="C:\Projekty\MSTestProject\bin\Debug\netcoreapp3.1\MSTestProject.dll" adapterTypeName="executor://mstestadapter/v2" className="TwojeWesele.Services.Helpers.Tests.CurrencyHelperTests" name="FormatToStringTest1000" />
    </UnitTest>
    <UnitTest name="FormatToStringTest1000 (9558.453124931293,9558.45 zł)" storage="c:\projekty\mstestproject\bin\debug\netcoreapp3.1\mstestproject.dll" id="0ea34e3d-c5dc-4a27-9de5-7cf341fd5ba6">
      <TestCategory>
        <TestCategoryItem TestCategory="Category1000" />
      </TestCategory>
      <Execution id="d9d61606-7387-4de3-ba9e-98ca198c5df6" />
      <TestMethod codeBase="C:\Projekty\MSTestProject\bin\Debug\netcoreapp3.1\MSTestProject.dll" adapterTypeName="executor://mstestadapter/v2" className="TwojeWesele.Services.Helpers.Tests.CurrencyHelperTests" name="FormatToStringTest1000" />
    </UnitTest>
    <UnitTest name="FormatToStringTest1000 (22831.975917587977,22831.98 zł)" storage="c:\projekty\mstestproject\bin\debug\netcoreapp3.1\mstestproject.dll" id="cd3bee3b-ed00-4e74-bac4-2bfe04ce13b4">
      <TestCategory>
        <TestCategoryItem TestCategory="Category1000" />
      </TestCategory>
      <Execution id="6e9e09ea-734d-4648-9691-1e17058ca84e" />
      <TestMethod codeBase="C:\Projekty\MSTestProject\bin\Debug\netcoreapp3.1\MSTestProject.dll" adapterTypeName="executor://mstestadapter/v2" className="TwojeWesele.Services.Helpers.Tests.CurrencyHelperTests" name="FormatToStringTest1000" />
    </UnitTest>
    <UnitTest name="FormatToStringTest1000 (6213.265206352466,6213.27 zł)" storage="c:\projekty\mstestproject\bin\debug\netcoreapp3.1\mstestproject.dll" id="46e4a0e8-cd81-4174-b9ab-33bce9053a86">
      <TestCategory>
        <TestCategoryItem TestCategory="Category1000" />
      </TestCategory>
      <Execution id="f25aef32-c246-43ad-ac9f-080ce21d6f07" />
      <TestMethod codeBase="C:\Projekty\MSTestProject\bin\Debug\netcoreapp3.1\MSTestProject.dll" adapterTypeName="executor://mstestadapter/v2" className="TwojeWesele.Services.Helpers.Tests.CurrencyHelperTests" name="FormatToStringTest1000" />
    </UnitTest>
    <UnitTest name="FormatToStringTest1000 (34136.0993783046,34136.10 zł)" storage="c:\projekty\mstestproject\bin\debug\netcoreapp3.1\mstestproject.dll" id="03346b87-6496-487e-b6a8-d2e49115c7d7">
      <TestCategory>
        <TestCategoryItem TestCategory="Category1000" />
      </TestCategory>
      <Execution id="51800bd7-72cd-4cb4-ba71-7131688e4d42" />
      <TestMethod codeBase="C:\Projekty\MSTestProject\bin\Debug\netcoreapp3.1\MSTestProject.dll" adapterTypeName="executor://mstestadapter/v2" className="TwojeWesele.Services.Helpers.Tests.CurrencyHelperTests" name="FormatToStringTest1000" />
    </UnitTest>
    <UnitTest name="FormatToStringTest1000 (5108.217389855635,5108.22 zł)" storage="c:\projekty\mstestproject\bin\debug\netcoreapp3.1\mstestproject.dll" id="60c42bb9-0262-4e18-b68c-461fc4a31564">
      <TestCategory>
        <TestCategoryItem TestCategory="Category1000" />
      </TestCategory>
      <Execution id="09d5303d-3734-4718-9114-055127f793c2" />
      <TestMethod codeBase="C:\Projekty\MSTestProject\bin\Debug\netcoreapp3.1\MSTestProject.dll" adapterTypeName="executor://mstestadapter/v2" className="TwojeWesele.Services.Helpers.Tests.CurrencyHelperTests" name="FormatToStringTest1000" />
    </UnitTest>
    <UnitTest name="FormatToStringTest1000 (317.9090540706688,317.91 zł)" storage="c:\projekty\mstestproject\bin\debug\netcoreapp3.1\mstestproject.dll" id="45bb5255-48dc-488b-bdf3-8a0809e857c2">
      <TestCategory>
        <TestCategoryItem TestCategory="Category1000" />
      </TestCategory>
      <Execution id="3d5bd5b8-40b3-4de2-8d70-f4e9dd4fe778" />
      <TestMethod codeBase="C:\Projekty\MSTestProject\bin\Debug\netcoreapp3.1\MSTestProject.dll" adapterTypeName="executor://mstestadapter/v2" className="TwojeWesele.Services.Helpers.Tests.CurrencyHelperTests" name="FormatToStringTest1000" />
    </UnitTest>
    <UnitTest name="FormatToStringTest1000 (71554.9786298829,71554.98 zł)" storage="c:\projekty\mstestproject\bin\debug\netcoreapp3.1\mstestproject.dll" id="88f6f6a1-86d8-414a-81d8-938f63197a3f">
      <TestCategory>
        <TestCategoryItem TestCategory="Category1000" />
      </TestCategory>
      <Execution id="35ab9647-6b85-41fb-a8c4-0c88165cb407" />
      <TestMethod codeBase="C:\Projekty\MSTestProject\bin\Debug\netcoreapp3.1\MSTestProject.dll" adapterTypeName="executor://mstestadapter/v2" className="TwojeWesele.Services.Helpers.Tests.CurrencyHelperTests" name="FormatToStringTest1000" />
    </UnitTest>
    <UnitTest name="FormatToStringTest1000 (18340.935049000167,18340.94 zł)" storage="c:\projekty\mstestproject\bin\debug\netcoreapp3.1\mstestproject.dll" id="b72fcf22-0733-49c9-a405-dafd563a3952">
      <TestCategory>
        <TestCategoryItem TestCategory="Category1000" />
      </TestCategory>
      <Execution id="ceb2d9ef-6bc2-4357-8d40-347afd4d84a0" />
      <TestMethod codeBase="C:\Projekty\MSTestProject\bin\Debug\netcoreapp3.1\MSTestProject.dll" adapterTypeName="executor://mstestadapter/v2" className="TwojeWesele.Services.Helpers.Tests.CurrencyHelperTests" name="FormatToStringTest1000" />
    </UnitTest>
    <UnitTest name="FormatToStringTest1000 (31799.68317462815,31799.68 zł)" storage="c:\projekty\mstestproject\bin\debug\netcoreapp3.1\mstestproject.dll" id="98fdb36a-66fb-4a3d-997c-67dd7a94cdb1">
      <TestCategory>
        <TestCategoryItem TestCategory="Category1000" />
      </TestCategory>
      <Execution id="69684b13-ee72-4f0b-88a1-cda885be4055" />
      <TestMethod codeBase="C:\Projekty\MSTestProject\bin\Debug\netcoreapp3.1\MSTestProject.dll" adapterTypeName="executor://mstestadapter/v2" className="TwojeWesele.Services.Helpers.Tests.CurrencyHelperTests" name="FormatToStringTest1000" />
    </UnitTest>
    <UnitTest name="FormatToStringTest1000 (45887.58415794167,45887.58 zł)" storage="c:\projekty\mstestproject\bin\debug\netcoreapp3.1\mstestproject.dll" id="c85846b7-d78c-4d8a-8770-690e4e30df38">
      <TestCategory>
        <TestCategoryItem TestCategory="Category1000" />
      </TestCategory>
      <Execution id="058eb436-89fb-40e1-afcf-7e53a2f38796" />
      <TestMethod codeBase="C:\Projekty\MSTestProject\bin\Debug\netcoreapp3.1\MSTestProject.dll" adapterTypeName="executor://mstestadapter/v2" className="TwojeWesele.Services.Helpers.Tests.CurrencyHelperTests" name="FormatToStringTest1000" />
    </UnitTest>
    <UnitTest name="FormatToStringTest1000 (740.3213011405064,740.32 zł)" storage="c:\projekty\mstestproject\bin\debug\netcoreapp3.1\mstestproject.dll" id="9b6ecaa7-7e7d-4900-9f5d-ed699b9b49a3">
      <TestCategory>
        <TestCategoryItem TestCategory="Category1000" />
      </TestCategory>
      <Execution id="44dd6c82-cb8c-4284-891c-4adee761f682" />
      <TestMethod codeBase="C:\Projekty\MSTestProject\bin\Debug\netcoreapp3.1\MSTestProject.dll" adapterTypeName="executor://mstestadapter/v2" className="TwojeWesele.Services.Helpers.Tests.CurrencyHelperTests" name="FormatToStringTest1000" />
    </UnitTest>
    <UnitTest name="FormatToStringTest1000 (9843.625240445894,9843.63 zł)" storage="c:\projekty\mstestproject\bin\debug\netcoreapp3.1\mstestproject.dll" id="1619f285-4a98-4ad0-94e0-c889fa7aa496">
      <TestCategory>
        <TestCategoryItem TestCategory="Category1000" />
      </TestCategory>
      <Execution id="26aa2257-9f45-45ca-bfac-1379863a7dea" />
      <TestMethod codeBase="C:\Projekty\MSTestProject\bin\Debug\netcoreapp3.1\MSTestProject.dll" adapterTypeName="executor://mstestadapter/v2" className="TwojeWesele.Services.Helpers.Tests.CurrencyHelperTests" name="FormatToStringTest1000" />
    </UnitTest>
    <UnitTest name="FormatToStringTest1000 (14063.90676654871,14063.91 zł)" storage="c:\projekty\mstestproject\bin\debug\netcoreapp3.1\mstestproject.dll" id="e0e71ba4-3691-44ed-acd4-834475733c22">
      <TestCategory>
        <TestCategoryItem TestCategory="Category1000" />
      </TestCategory>
      <Execution id="c081386f-2e7a-4a58-885c-08d8b31672b5" />
      <TestMethod codeBase="C:\Projekty\MSTestProject\bin\Debug\netcoreapp3.1\MSTestProject.dll" adapterTypeName="executor://mstestadapter/v2" className="TwojeWesele.Services.Helpers.Tests.CurrencyHelperTests" name="FormatToStringTest1000" />
    </UnitTest>
    <UnitTest name="FormatToStringTest1000 (7813.027778348433,7813.03 zł)" storage="c:\projekty\mstestproject\bin\debug\netcoreapp3.1\mstestproject.dll" id="6b8a4e19-a4fc-4b6e-a58e-1765aa6e7562">
      <TestCategory>
        <TestCategoryItem TestCategory="Category1000" />
      </TestCategory>
      <Execution id="40890210-6608-41ab-8fc2-74ba9d0b96e9" />
      <TestMethod codeBase="C:\Projekty\MSTestProject\bin\Debug\netcoreapp3.1\MSTestProject.dll" adapterTypeName="executor://mstestadapter/v2" className="TwojeWesele.Services.Helpers.Tests.CurrencyHelperTests" name="FormatToStringTest1000" />
    </UnitTest>
    <UnitTest name="FormatToStringTest1000 (52810.91713865516,52810.92 zł)" storage="c:\projekty\mstestproject\bin\debug\netcoreapp3.1\mstestproject.dll" id="c74222c5-0423-494a-a224-a2c6d6fc85dd">
      <TestCategory>
        <TestCategoryItem TestCategory="Category1000" />
      </TestCategory>
      <Execution id="1a28fc08-dd97-4e14-8c89-bfba2a6993a4" />
      <TestMethod codeBase="C:\Projekty\MSTestProject\bin\Debug\netcoreapp3.1\MSTestProject.dll" adapterTypeName="executor://mstestadapter/v2" className="TwojeWesele.Services.Helpers.Tests.CurrencyHelperTests" name="FormatToStringTest1000" />
    </UnitTest>
    <UnitTest name="FormatToStringTest1000 (9897.705953436767,9897.71 zł)" storage="c:\projekty\mstestproject\bin\debug\netcoreapp3.1\mstestproject.dll" id="5eb59e5d-a5ce-4ab5-811c-cb90481d6712">
      <TestCategory>
        <TestCategoryItem TestCategory="Category1000" />
      </TestCategory>
      <Execution id="a1191937-8b18-44fd-a3f9-51dfceb0c107" />
      <TestMethod codeBase="C:\Projekty\MSTestProject\bin\Debug\netcoreapp3.1\MSTestProject.dll" adapterTypeName="executor://mstestadapter/v2" className="TwojeWesele.Services.Helpers.Tests.CurrencyHelperTests" name="FormatToStringTest1000" />
    </UnitTest>
    <UnitTest name="FormatToStringTest1000 (43799.04472166535,43799.04 zł)" storage="c:\projekty\mstestproject\bin\debug\netcoreapp3.1\mstestproject.dll" id="fab9e98e-dac7-47b1-b15e-4aed47765ea6">
      <TestCategory>
        <TestCategoryItem TestCategory="Category1000" />
      </TestCategory>
      <Execution id="9130bb11-26c7-431d-a665-55def16cceaa" />
      <TestMethod codeBase="C:\Projekty\MSTestProject\bin\Debug\netcoreapp3.1\MSTestProject.dll" adapterTypeName="executor://mstestadapter/v2" className="TwojeWesele.Services.Helpers.Tests.CurrencyHelperTests" name="FormatToStringTest1000" />
    </UnitTest>
    <UnitTest name="FormatToStringTest1000 (42728.35751444258,42728.36 zł)" storage="c:\projekty\mstestproject\bin\debug\netcoreapp3.1\mstestproject.dll" id="e71eb302-f24f-4a8f-b32f-74acff3aa7e3">
      <TestCategory>
        <TestCategoryItem TestCategory="Category1000" />
      </TestCategory>
      <Execution id="8811e386-9335-4064-a3db-1eb9996f1406" />
      <TestMethod codeBase="C:\Projekty\MSTestProject\bin\Debug\netcoreapp3.1\MSTestProject.dll" adapterTypeName="executor://mstestadapter/v2" className="TwojeWesele.Services.Helpers.Tests.CurrencyHelperTests" name="FormatToStringTest1000" />
    </UnitTest>
    <UnitTest name="FormatToStringTest1000 (6864.093052674129,6864.09 zł)" storage="c:\projekty\mstestproject\bin\debug\netcoreapp3.1\mstestproject.dll" id="787bdfbc-9b27-4853-bad8-9d4e886e4dc0">
      <TestCategory>
        <TestCategoryItem TestCategory="Category1000" />
      </TestCategory>
      <Execution id="cd171d7c-fadd-4b72-936a-d60f68c5f876" />
      <TestMethod codeBase="C:\Projekty\MSTestProject\bin\Debug\netcoreapp3.1\MSTestProject.dll" adapterTypeName="executor://mstestadapter/v2" className="TwojeWesele.Services.Helpers.Tests.CurrencyHelperTests" name="FormatToStringTest1000" />
    </UnitTest>
    <UnitTest name="FormatToStringTest1000 (26686.08488193065,26686.08 zł)" storage="c:\projekty\mstestproject\bin\debug\netcoreapp3.1\mstestproject.dll" id="c8723bf7-b2cc-48b8-8c32-71815c4b1324">
      <TestCategory>
        <TestCategoryItem TestCategory="Category1000" />
      </TestCategory>
      <Execution id="9b898b2b-9356-4a0f-aaf4-d17fc5c0d419" />
      <TestMethod codeBase="C:\Projekty\MSTestProject\bin\Debug\netcoreapp3.1\MSTestProject.dll" adapterTypeName="executor://mstestadapter/v2" className="TwojeWesele.Services.Helpers.Tests.CurrencyHelperTests" name="FormatToStringTest1000" />
    </UnitTest>
    <UnitTest name="FormatToStringTest1000 (4116.417580192638,4116.42 zł)" storage="c:\projekty\mstestproject\bin\debug\netcoreapp3.1\mstestproject.dll" id="d21b9251-f664-4c92-ac1d-9729c887a911">
      <TestCategory>
        <TestCategoryItem TestCategory="Category1000" />
      </TestCategory>
      <Execution id="6b71a527-fa37-40de-9bf1-28bb00f40d01" />
      <TestMethod codeBase="C:\Projekty\MSTestProject\bin\Debug\netcoreapp3.1\MSTestProject.dll" adapterTypeName="executor://mstestadapter/v2" className="TwojeWesele.Services.Helpers.Tests.CurrencyHelperTests" name="FormatToStringTest1000" />
    </UnitTest>
    <UnitTest name="FormatToStringTest1000 (17315.72309779363,17315.72 zł)" storage="c:\projekty\mstestproject\bin\debug\netcoreapp3.1\mstestproject.dll" id="4fe2d28b-855e-4266-b800-72ce11cf2550">
      <TestCategory>
        <TestCategoryItem TestCategory="Category1000" />
      </TestCategory>
      <Execution id="9aed140b-0fc3-4244-be02-691b33fd17e4" />
      <TestMethod codeBase="C:\Projekty\MSTestProject\bin\Debug\netcoreapp3.1\MSTestProject.dll" adapterTypeName="executor://mstestadapter/v2" className="TwojeWesele.Services.Helpers.Tests.CurrencyHelperTests" name="FormatToStringTest1000" />
    </UnitTest>
    <UnitTest name="FormatToStringTest1000 (6710.131197082871,6710.13 zł)" storage="c:\projekty\mstestproject\bin\debug\netcoreapp3.1\mstestproject.dll" id="1527b5fb-b8c2-4a7e-9f73-6ad973c739fc">
      <TestCategory>
        <TestCategoryItem TestCategory="Category1000" />
      </TestCategory>
      <Execution id="14666e51-13aa-475d-aaa4-c000268e3c79" />
      <TestMethod codeBase="C:\Projekty\MSTestProject\bin\Debug\netcoreapp3.1\MSTestProject.dll" adapterTypeName="executor://mstestadapter/v2" className="TwojeWesele.Services.Helpers.Tests.CurrencyHelperTests" name="FormatToStringTest1000" />
    </UnitTest>
    <UnitTest name="FormatToStringTest1000 (26515.80237687929,26515.80 zł)" storage="c:\projekty\mstestproject\bin\debug\netcoreapp3.1\mstestproject.dll" id="345ffdbb-0b64-4bbb-a0af-73036ec0d06e">
      <TestCategory>
        <TestCategoryItem TestCategory="Category1000" />
      </TestCategory>
      <Execution id="3a090ad2-b449-4299-9233-31cb4e02e101" />
      <TestMethod codeBase="C:\Projekty\MSTestProject\bin\Debug\netcoreapp3.1\MSTestProject.dll" adapterTypeName="executor://mstestadapter/v2" className="TwojeWesele.Services.Helpers.Tests.CurrencyHelperTests" name="FormatToStringTest1000" />
    </UnitTest>
    <UnitTest name="FormatToStringTest1000 (3503.9809179231434,3503.98 zł)" storage="c:\projekty\mstestproject\bin\debug\netcoreapp3.1\mstestproject.dll" id="53f39933-13f3-4f15-b292-a2d530077174">
      <TestCategory>
        <TestCategoryItem TestCategory="Category1000" />
      </TestCategory>
      <Execution id="c6a4a742-4507-47c2-9d66-19dede1660eb" />
      <TestMethod codeBase="C:\Projekty\MSTestProject\bin\Debug\netcoreapp3.1\MSTestProject.dll" adapterTypeName="executor://mstestadapter/v2" className="TwojeWesele.Services.Helpers.Tests.CurrencyHelperTests" name="FormatToStringTest1000" />
    </UnitTest>
    <UnitTest name="FormatToStringTest1000 (16383.352881839199,16383.35 zł)" storage="c:\projekty\mstestproject\bin\debug\netcoreapp3.1\mstestproject.dll" id="7d0d3be3-c0c5-436c-b6cc-1be96dba8238">
      <TestCategory>
        <TestCategoryItem TestCategory="Category1000" />
      </TestCategory>
      <Execution id="ab2584d1-5bae-44e4-ae67-f2b4c6cdc6c8" />
      <TestMethod codeBase="C:\Projekty\MSTestProject\bin\Debug\netcoreapp3.1\MSTestProject.dll" adapterTypeName="executor://mstestadapter/v2" className="TwojeWesele.Services.Helpers.Tests.CurrencyHelperTests" name="FormatToStringTest1000" />
    </UnitTest>
    <UnitTest name="FormatToStringTest1000 (4025.728369236797,4025.73 zł)" storage="c:\projekty\mstestproject\bin\debug\netcoreapp3.1\mstestproject.dll" id="5af655f9-bf39-433d-a3be-85d4b24bcbec">
      <TestCategory>
        <TestCategoryItem TestCategory="Category1000" />
      </TestCategory>
      <Execution id="66499f5d-de21-4afa-b8f5-05acfb021845" />
      <TestMethod codeBase="C:\Projekty\MSTestProject\bin\Debug\netcoreapp3.1\MSTestProject.dll" adapterTypeName="executor://mstestadapter/v2" className="TwojeWesele.Services.Helpers.Tests.CurrencyHelperTests" name="FormatToStringTest1000" />
    </UnitTest>
    <UnitTest name="FormatToStringTest1000 (13574.683315038068,13574.68 zł)" storage="c:\projekty\mstestproject\bin\debug\netcoreapp3.1\mstestproject.dll" id="e7db857a-f6ec-411b-88d0-4388c52e58f5">
      <TestCategory>
        <TestCategoryItem TestCategory="Category1000" />
      </TestCategory>
      <Execution id="f71376d8-41e8-4aca-b479-cee237e36bd9" />
      <TestMethod codeBase="C:\Projekty\MSTestProject\bin\Debug\netcoreapp3.1\MSTestProject.dll" adapterTypeName="executor://mstestadapter/v2" className="TwojeWesele.Services.Helpers.Tests.CurrencyHelperTests" name="FormatToStringTest1000" />
    </UnitTest>
    <UnitTest name="FormatToStringTest1000 (46166.38051381259,46166.38 zł)" storage="c:\projekty\mstestproject\bin\debug\netcoreapp3.1\mstestproject.dll" id="00d68526-d80e-4ae0-b46e-067444a00255">
      <TestCategory>
        <TestCategoryItem TestCategory="Category1000" />
      </TestCategory>
      <Execution id="928e5f05-4113-4b0b-8daf-ae201b86e6bc" />
      <TestMethod codeBase="C:\Projekty\MSTestProject\bin\Debug\netcoreapp3.1\MSTestProject.dll" adapterTypeName="executor://mstestadapter/v2" className="TwojeWesele.Services.Helpers.Tests.CurrencyHelperTests" name="FormatToStringTest1000" />
    </UnitTest>
    <UnitTest name="FormatToStringTest1000 (17252.06220983903,17252.06 zł)" storage="c:\projekty\mstestproject\bin\debug\netcoreapp3.1\mstestproject.dll" id="55bff531-9813-4013-a69e-9bbea7bb426d">
      <TestCategory>
        <TestCategoryItem TestCategory="Category1000" />
      </TestCategory>
      <Execution id="f5560f78-b012-40c4-8124-48fb5b9a52e6" />
      <TestMethod codeBase="C:\Projekty\MSTestProject\bin\Debug\netcoreapp3.1\MSTestProject.dll" adapterTypeName="executor://mstestadapter/v2" className="TwojeWesele.Services.Helpers.Tests.CurrencyHelperTests" name="FormatToStringTest1000" />
    </UnitTest>
    <UnitTest name="FormatToStringTest1000 (23789.556920184546,23789.56 zł)" storage="c:\projekty\mstestproject\bin\debug\netcoreapp3.1\mstestproject.dll" id="32db264b-9b11-4d5e-97d3-ef3fb59d11f4">
      <TestCategory>
        <TestCategoryItem TestCategory="Category1000" />
      </TestCategory>
      <Execution id="0aaca229-11c4-4f1e-8285-29dddfe0eaef" />
      <TestMethod codeBase="C:\Projekty\MSTestProject\bin\Debug\netcoreapp3.1\MSTestProject.dll" adapterTypeName="executor://mstestadapter/v2" className="TwojeWesele.Services.Helpers.Tests.CurrencyHelperTests" name="FormatToStringTest1000" />
    </UnitTest>
    <UnitTest name="FormatToStringTest1000 (52858.048916166204,52858.05 zł)" storage="c:\projekty\mstestproject\bin\debug\netcoreapp3.1\mstestproject.dll" id="ae7cb87e-5019-49e1-83b3-18e7d6e8bf91">
      <TestCategory>
        <TestCategoryItem TestCategory="Category1000" />
      </TestCategory>
      <Execution id="e887d959-8ef6-489d-bba4-94605aa8056d" />
      <TestMethod codeBase="C:\Projekty\MSTestProject\bin\Debug\netcoreapp3.1\MSTestProject.dll" adapterTypeName="executor://mstestadapter/v2" className="TwojeWesele.Services.Helpers.Tests.CurrencyHelperTests" name="FormatToStringTest1000" />
    </UnitTest>
    <UnitTest name="FormatToStringTest1000 (7669.3855620214645,7669.39 zł)" storage="c:\projekty\mstestproject\bin\debug\netcoreapp3.1\mstestproject.dll" id="a59bf9f6-4ee5-4e83-82dc-e91244b3e8b3">
      <TestCategory>
        <TestCategoryItem TestCategory="Category1000" />
      </TestCategory>
      <Execution id="14e7cfe3-b1f8-40a4-a9fe-8cf895113705" />
      <TestMethod codeBase="C:\Projekty\MSTestProject\bin\Debug\netcoreapp3.1\MSTestProject.dll" adapterTypeName="executor://mstestadapter/v2" className="TwojeWesele.Services.Helpers.Tests.CurrencyHelperTests" name="FormatToStringTest1000" />
    </UnitTest>
    <UnitTest name="FormatToStringTest1000 (70581.91150977784,70581.91 zł)" storage="c:\projekty\mstestproject\bin\debug\netcoreapp3.1\mstestproject.dll" id="8a2615f8-3942-4adb-9b1a-81615c55e3c3">
      <TestCategory>
        <TestCategoryItem TestCategory="Category1000" />
      </TestCategory>
      <Execution id="9c3ced90-f9a7-46ff-8a9f-eaf2fadf619b" />
      <TestMethod codeBase="C:\Projekty\MSTestProject\bin\Debug\netcoreapp3.1\MSTestProject.dll" adapterTypeName="executor://mstestadapter/v2" className="TwojeWesele.Services.Helpers.Tests.CurrencyHelperTests" name="FormatToStringTest1000" />
    </UnitTest>
    <UnitTest name="FormatToStringTest1000 (12759.925747307914,12759.93 zł)" storage="c:\projekty\mstestproject\bin\debug\netcoreapp3.1\mstestproject.dll" id="f76494af-9144-499f-afbb-367c309fa0e9">
      <TestCategory>
        <TestCategoryItem TestCategory="Category1000" />
      </TestCategory>
      <Execution id="2ea262a9-3a98-4c10-a4ea-e61ff5492ba0" />
      <TestMethod codeBase="C:\Projekty\MSTestProject\bin\Debug\netcoreapp3.1\MSTestProject.dll" adapterTypeName="executor://mstestadapter/v2" className="TwojeWesele.Services.Helpers.Tests.CurrencyHelperTests" name="FormatToStringTest1000" />
    </UnitTest>
    <UnitTest name="FormatToStringTest1000 (2435.1995505835857,2435.20 zł)" storage="c:\projekty\mstestproject\bin\debug\netcoreapp3.1\mstestproject.dll" id="22b050ce-9058-49ee-828f-0ea87090d764">
      <TestCategory>
        <TestCategoryItem TestCategory="Category1000" />
      </TestCategory>
      <Execution id="24c02df0-653e-4778-9cdf-7c0409762748" />
      <TestMethod codeBase="C:\Projekty\MSTestProject\bin\Debug\netcoreapp3.1\MSTestProject.dll" adapterTypeName="executor://mstestadapter/v2" className="TwojeWesele.Services.Helpers.Tests.CurrencyHelperTests" name="FormatToStringTest1000" />
    </UnitTest>
    <UnitTest name="FormatToStringTest1000 (6205.946199725357,6205.95 zł)" storage="c:\projekty\mstestproject\bin\debug\netcoreapp3.1\mstestproject.dll" id="f632994a-be7a-42cd-8768-85c6c1b9bfe0">
      <TestCategory>
        <TestCategoryItem TestCategory="Category1000" />
      </TestCategory>
      <Execution id="3876e22c-cf1e-42ed-b5e2-3627a9c6930e" />
      <TestMethod codeBase="C:\Projekty\MSTestProject\bin\Debug\netcoreapp3.1\MSTestProject.dll" adapterTypeName="executor://mstestadapter/v2" className="TwojeWesele.Services.Helpers.Tests.CurrencyHelperTests" name="FormatToStringTest1000" />
    </UnitTest>
    <UnitTest name="FormatToStringTest1000 (8095.485677032492,8095.49 zł)" storage="c:\projekty\mstestproject\bin\debug\netcoreapp3.1\mstestproject.dll" id="3e6912cd-6235-4b28-8d27-3431bfd8d688">
      <TestCategory>
        <TestCategoryItem TestCategory="Category1000" />
      </TestCategory>
      <Execution id="19626a9f-8d2a-47b6-891d-80f99874b374" />
      <TestMethod codeBase="C:\Projekty\MSTestProject\bin\Debug\netcoreapp3.1\MSTestProject.dll" adapterTypeName="executor://mstestadapter/v2" className="TwojeWesele.Services.Helpers.Tests.CurrencyHelperTests" name="FormatToStringTest1000" />
    </UnitTest>
    <UnitTest name="FormatToStringTest1000 (5507.360659962688,5507.36 zł)" storage="c:\projekty\mstestproject\bin\debug\netcoreapp3.1\mstestproject.dll" id="1dbe9d96-c5a3-4d67-9ffa-fc0061323bc3">
      <TestCategory>
        <TestCategoryItem TestCategory="Category1000" />
      </TestCategory>
      <Execution id="e891e960-491a-4132-a71d-9d915cebc1e5" />
      <TestMethod codeBase="C:\Projekty\MSTestProject\bin\Debug\netcoreapp3.1\MSTestProject.dll" adapterTypeName="executor://mstestadapter/v2" className="TwojeWesele.Services.Helpers.Tests.CurrencyHelperTests" name="FormatToStringTest1000" />
    </UnitTest>
    <UnitTest name="FormatToStringTest1000 (39641.61351217451,39641.61 zł)" storage="c:\projekty\mstestproject\bin\debug\netcoreapp3.1\mstestproject.dll" id="81c8d2d6-5433-47be-93f6-9c7e77c71b9a">
      <TestCategory>
        <TestCategoryItem TestCategory="Category1000" />
      </TestCategory>
      <Execution id="af255f2f-d1e6-4ad9-8983-8c0b04e2cb24" />
      <TestMethod codeBase="C:\Projekty\MSTestProject\bin\Debug\netcoreapp3.1\MSTestProject.dll" adapterTypeName="executor://mstestadapter/v2" className="TwojeWesele.Services.Helpers.Tests.CurrencyHelperTests" name="FormatToStringTest1000" />
    </UnitTest>
    <UnitTest name="FormatToStringTest1000 (47256.065730817645,47256.07 zł)" storage="c:\projekty\mstestproject\bin\debug\netcoreapp3.1\mstestproject.dll" id="e20804e9-1872-46e3-90ce-b8bd22634853">
      <TestCategory>
        <TestCategoryItem TestCategory="Category1000" />
      </TestCategory>
      <Execution id="a8d2299e-75af-4bc4-9837-3bcd9e82f5f5" />
      <TestMethod codeBase="C:\Projekty\MSTestProject\bin\Debug\netcoreapp3.1\MSTestProject.dll" adapterTypeName="executor://mstestadapter/v2" className="TwojeWesele.Services.Helpers.Tests.CurrencyHelperTests" name="FormatToStringTest1000" />
    </UnitTest>
    <UnitTest name="FormatToStringTest1000 (181.3640542483721,181.36 zł)" storage="c:\projekty\mstestproject\bin\debug\netcoreapp3.1\mstestproject.dll" id="5c72dc89-ac2c-4ec0-81ef-ffe49637e5d5">
      <TestCategory>
        <TestCategoryItem TestCategory="Category1000" />
      </TestCategory>
      <Execution id="d3542d37-c015-45c6-b87a-a9b401e350a9" />
      <TestMethod codeBase="C:\Projekty\MSTestProject\bin\Debug\netcoreapp3.1\MSTestProject.dll" adapterTypeName="executor://mstestadapter/v2" className="TwojeWesele.Services.Helpers.Tests.CurrencyHelperTests" name="FormatToStringTest1000" />
    </UnitTest>
    <UnitTest name="FormatToStringTest1000 (8542.520616738833,8542.52 zł)" storage="c:\projekty\mstestproject\bin\debug\netcoreapp3.1\mstestproject.dll" id="9c7c11af-10bf-4a62-af05-1705f28cbcad">
      <TestCategory>
        <TestCategoryItem TestCategory="Category1000" />
      </TestCategory>
      <Execution id="be2786a3-ee57-4695-98aa-dd2ba4cecd91" />
      <TestMethod codeBase="C:\Projekty\MSTestProject\bin\Debug\netcoreapp3.1\MSTestProject.dll" adapterTypeName="executor://mstestadapter/v2" className="TwojeWesele.Services.Helpers.Tests.CurrencyHelperTests" name="FormatToStringTest1000" />
    </UnitTest>
    <UnitTest name="FormatToStringTest1000 (75214.75000876503,75214.75 zł)" storage="c:\projekty\mstestproject\bin\debug\netcoreapp3.1\mstestproject.dll" id="c31d96ec-43e4-4380-b6ae-6b6c209e17eb">
      <TestCategory>
        <TestCategoryItem TestCategory="Category1000" />
      </TestCategory>
      <Execution id="f9858cca-46b0-4cd9-985b-0f1ed41bd33c" />
      <TestMethod codeBase="C:\Projekty\MSTestProject\bin\Debug\netcoreapp3.1\MSTestProject.dll" adapterTypeName="executor://mstestadapter/v2" className="TwojeWesele.Services.Helpers.Tests.CurrencyHelperTests" name="FormatToStringTest1000" />
    </UnitTest>
    <UnitTest name="FormatToStringTest1000 (1739.5853778997368,1739.59 zł)" storage="c:\projekty\mstestproject\bin\debug\netcoreapp3.1\mstestproject.dll" id="82f46408-407b-4e88-926d-21d0a5385e2c">
      <TestCategory>
        <TestCategoryItem TestCategory="Category1000" />
      </TestCategory>
      <Execution id="a836d625-3424-4e3f-b5bc-7be17d975d4c" />
      <TestMethod codeBase="C:\Projekty\MSTestProject\bin\Debug\netcoreapp3.1\MSTestProject.dll" adapterTypeName="executor://mstestadapter/v2" className="TwojeWesele.Services.Helpers.Tests.CurrencyHelperTests" name="FormatToStringTest1000" />
    </UnitTest>
    <UnitTest name="FormatToStringTest1000 (29678.921519093645,29678.92 zł)" storage="c:\projekty\mstestproject\bin\debug\netcoreapp3.1\mstestproject.dll" id="7f3961c2-c07a-437d-b369-279dcb78e3cb">
      <TestCategory>
        <TestCategoryItem TestCategory="Category1000" />
      </TestCategory>
      <Execution id="7dc513de-dd14-466f-bec2-4d308d8a9c45" />
      <TestMethod codeBase="C:\Projekty\MSTestProject\bin\Debug\netcoreapp3.1\MSTestProject.dll" adapterTypeName="executor://mstestadapter/v2" className="TwojeWesele.Services.Helpers.Tests.CurrencyHelperTests" name="FormatToStringTest1000" />
    </UnitTest>
    <UnitTest name="FormatToStringTest1000 (6429.44273095552,6429.44 zł)" storage="c:\projekty\mstestproject\bin\debug\netcoreapp3.1\mstestproject.dll" id="d01d899e-a702-4d34-9fef-bc01d2da59b3">
      <TestCategory>
        <TestCategoryItem TestCategory="Category1000" />
      </TestCategory>
      <Execution id="71eeef75-1190-469c-874d-3ecf5f578801" />
      <TestMethod codeBase="C:\Projekty\MSTestProject\bin\Debug\netcoreapp3.1\MSTestProject.dll" adapterTypeName="executor://mstestadapter/v2" className="TwojeWesele.Services.Helpers.Tests.CurrencyHelperTests" name="FormatToStringTest1000" />
    </UnitTest>
    <UnitTest name="FormatToStringTest1000 (2505.286326204094,2505.29 zł)" storage="c:\projekty\mstestproject\bin\debug\netcoreapp3.1\mstestproject.dll" id="713fdc01-fd89-4d0f-b1d0-5e3d36e05dfc">
      <TestCategory>
        <TestCategoryItem TestCategory="Category1000" />
      </TestCategory>
      <Execution id="9074d9fd-3880-4728-871b-edfc33f220fa" />
      <TestMethod codeBase="C:\Projekty\MSTestProject\bin\Debug\netcoreapp3.1\MSTestProject.dll" adapterTypeName="executor://mstestadapter/v2" className="TwojeWesele.Services.Helpers.Tests.CurrencyHelperTests" name="FormatToStringTest1000" />
    </UnitTest>
    <UnitTest name="FormatToStringTest1000 (51300.77891898145,51300.78 zł)" storage="c:\projekty\mstestproject\bin\debug\netcoreapp3.1\mstestproject.dll" id="22c127a4-9935-42fe-90e3-de7b651999ba">
      <TestCategory>
        <TestCategoryItem TestCategory="Category1000" />
      </TestCategory>
      <Execution id="2ff0e544-9a28-41c0-8275-ba94d39bba7e" />
      <TestMethod codeBase="C:\Projekty\MSTestProject\bin\Debug\netcoreapp3.1\MSTestProject.dll" adapterTypeName="executor://mstestadapter/v2" className="TwojeWesele.Services.Helpers.Tests.CurrencyHelperTests" name="FormatToStringTest1000" />
    </UnitTest>
    <UnitTest name="FormatToStringTest1000 (29926.595417457444,29926.60 zł)" storage="c:\projekty\mstestproject\bin\debug\netcoreapp3.1\mstestproject.dll" id="b6683a4d-12f5-4672-8faf-03e608d07c15">
      <TestCategory>
        <TestCategoryItem TestCategory="Category1000" />
      </TestCategory>
      <Execution id="d5943a08-a3d2-4b68-87d3-03e732ed46d3" />
      <TestMethod codeBase="C:\Projekty\MSTestProject\bin\Debug\netcoreapp3.1\MSTestProject.dll" adapterTypeName="executor://mstestadapter/v2" className="TwojeWesele.Services.Helpers.Tests.CurrencyHelperTests" name="FormatToStringTest1000" />
    </UnitTest>
    <UnitTest name="FormatToStringTest1000 (9431.144757136304,9431.14 zł)" storage="c:\projekty\mstestproject\bin\debug\netcoreapp3.1\mstestproject.dll" id="0a1f568f-aa6c-4411-8eb3-9f17b64f5fba">
      <TestCategory>
        <TestCategoryItem TestCategory="Category1000" />
      </TestCategory>
      <Execution id="3c83d821-1d4e-439c-93ee-232b24444021" />
      <TestMethod codeBase="C:\Projekty\MSTestProject\bin\Debug\netcoreapp3.1\MSTestProject.dll" adapterTypeName="executor://mstestadapter/v2" className="TwojeWesele.Services.Helpers.Tests.CurrencyHelperTests" name="FormatToStringTest1000" />
    </UnitTest>
    <UnitTest name="FormatToStringTest1000 (16825.83099003268,16825.83 zł)" storage="c:\projekty\mstestproject\bin\debug\netcoreapp3.1\mstestproject.dll" id="46b2a898-cf0f-4ccd-91f7-df649fae91c2">
      <TestCategory>
        <TestCategoryItem TestCategory="Category1000" />
      </TestCategory>
      <Execution id="50362713-1de2-4f9f-8f5c-8b19964198b7" />
      <TestMethod codeBase="C:\Projekty\MSTestProject\bin\Debug\netcoreapp3.1\MSTestProject.dll" adapterTypeName="executor://mstestadapter/v2" className="TwojeWesele.Services.Helpers.Tests.CurrencyHelperTests" name="FormatToStringTest1000" />
    </UnitTest>
    <UnitTest name="FormatToStringTest1000 (73301.91270130403,73301.91 zł)" storage="c:\projekty\mstestproject\bin\debug\netcoreapp3.1\mstestproject.dll" id="146b42f2-d7d2-47b3-8cc0-707429655243">
      <TestCategory>
        <TestCategoryItem TestCategory="Category1000" />
      </TestCategory>
      <Execution id="03b5ce2b-ed35-46e1-ad4e-07e4d9801a9f" />
      <TestMethod codeBase="C:\Projekty\MSTestProject\bin\Debug\netcoreapp3.1\MSTestProject.dll" adapterTypeName="executor://mstestadapter/v2" className="TwojeWesele.Services.Helpers.Tests.CurrencyHelperTests" name="FormatToStringTest1000" />
    </UnitTest>
    <UnitTest name="FormatToStringTest1000 (6313.543884690639,6313.54 zł)" storage="c:\projekty\mstestproject\bin\debug\netcoreapp3.1\mstestproject.dll" id="cf5fd0e7-3b8c-4ca6-ba90-cabfae73d69f">
      <TestCategory>
        <TestCategoryItem TestCategory="Category1000" />
      </TestCategory>
      <Execution id="4c7cf7bd-018f-4a2f-841b-22aa156f767c" />
      <TestMethod codeBase="C:\Projekty\MSTestProject\bin\Debug\netcoreapp3.1\MSTestProject.dll" adapterTypeName="executor://mstestadapter/v2" className="TwojeWesele.Services.Helpers.Tests.CurrencyHelperTests" name="FormatToStringTest1000" />
    </UnitTest>
    <UnitTest name="FormatToStringTest1000 (486.15309567942893,486.15 zł)" storage="c:\projekty\mstestproject\bin\debug\netcoreapp3.1\mstestproject.dll" id="4e30bbe7-d3db-4336-804e-4470c5040485">
      <TestCategory>
        <TestCategoryItem TestCategory="Category1000" />
      </TestCategory>
      <Execution id="44e2dc85-c067-4caf-a99e-b2f62955978a" />
      <TestMethod codeBase="C:\Projekty\MSTestProject\bin\Debug\netcoreapp3.1\MSTestProject.dll" adapterTypeName="executor://mstestadapter/v2" className="TwojeWesele.Services.Helpers.Tests.CurrencyHelperTests" name="FormatToStringTest1000" />
    </UnitTest>
    <UnitTest name="FormatToStringTest1000 (2929.267390865026,2929.27 zł)" storage="c:\projekty\mstestproject\bin\debug\netcoreapp3.1\mstestproject.dll" id="27bf09b3-f8d0-4e46-9c80-f9f50bf07fd9">
      <TestCategory>
        <TestCategoryItem TestCategory="Category1000" />
      </TestCategory>
      <Execution id="13b11283-e844-46be-8675-df92b9c0ee0d" />
      <TestMethod codeBase="C:\Projekty\MSTestProject\bin\Debug\netcoreapp3.1\MSTestProject.dll" adapterTypeName="executor://mstestadapter/v2" className="TwojeWesele.Services.Helpers.Tests.CurrencyHelperTests" name="FormatToStringTest1000" />
    </UnitTest>
    <UnitTest name="FormatToStringTest1000 (64887.45559046951,64887.46 zł)" storage="c:\projekty\mstestproject\bin\debug\netcoreapp3.1\mstestproject.dll" id="c3f2c91f-d2ff-43cd-af9f-5532e533aef2">
      <TestCategory>
        <TestCategoryItem TestCategory="Category1000" />
      </TestCategory>
      <Execution id="451e8b3e-b5f1-4097-bd75-007022ec8bb8" />
      <TestMethod codeBase="C:\Projekty\MSTestProject\bin\Debug\netcoreapp3.1\MSTestProject.dll" adapterTypeName="executor://mstestadapter/v2" className="TwojeWesele.Services.Helpers.Tests.CurrencyHelperTests" name="FormatToStringTest1000" />
    </UnitTest>
    <UnitTest name="FormatToStringTest1000 (35784.54232617307,35784.54 zł)" storage="c:\projekty\mstestproject\bin\debug\netcoreapp3.1\mstestproject.dll" id="3ead99d5-5c49-4c0d-97ea-31e15d12b509">
      <TestCategory>
        <TestCategoryItem TestCategory="Category1000" />
      </TestCategory>
      <Execution id="49a3993c-7bf9-4893-9f99-4917fea628b8" />
      <TestMethod codeBase="C:\Projekty\MSTestProject\bin\Debug\netcoreapp3.1\MSTestProject.dll" adapterTypeName="executor://mstestadapter/v2" className="TwojeWesele.Services.Helpers.Tests.CurrencyHelperTests" name="FormatToStringTest1000" />
    </UnitTest>
    <UnitTest name="FormatToStringTest1000 (5548.360986085777,5548.36 zł)" storage="c:\projekty\mstestproject\bin\debug\netcoreapp3.1\mstestproject.dll" id="7e7cead5-6a24-4ea9-8a17-7eb5bbae5fe5">
      <TestCategory>
        <TestCategoryItem TestCategory="Category1000" />
      </TestCategory>
      <Execution id="ae40aa7b-9605-4627-95dc-525fa94880a5" />
      <TestMethod codeBase="C:\Projekty\MSTestProject\bin\Debug\netcoreapp3.1\MSTestProject.dll" adapterTypeName="executor://mstestadapter/v2" className="TwojeWesele.Services.Helpers.Tests.CurrencyHelperTests" name="FormatToStringTest1000" />
    </UnitTest>
    <UnitTest name="FormatToStringTest1000 (1549.6599114973376,1549.66 zł)" storage="c:\projekty\mstestproject\bin\debug\netcoreapp3.1\mstestproject.dll" id="02f8923f-f10c-494f-bd9b-2f4570e5d604">
      <TestCategory>
        <TestCategoryItem TestCategory="Category1000" />
      </TestCategory>
      <Execution id="95df71b8-0d54-44c8-81f2-ae27c3289f4c" />
      <TestMethod codeBase="C:\Projekty\MSTestProject\bin\Debug\netcoreapp3.1\MSTestProject.dll" adapterTypeName="executor://mstestadapter/v2" className="TwojeWesele.Services.Helpers.Tests.CurrencyHelperTests" name="FormatToStringTest1000" />
    </UnitTest>
    <UnitTest name="FormatToStringTest1000 (26220.382477706476,26220.38 zł)" storage="c:\projekty\mstestproject\bin\debug\netcoreapp3.1\mstestproject.dll" id="cadde106-4069-4dab-9cf3-e7ba6020d775">
      <TestCategory>
        <TestCategoryItem TestCategory="Category1000" />
      </TestCategory>
      <Execution id="b8316f63-09d5-4ea6-804c-77c419066b03" />
      <TestMethod codeBase="C:\Projekty\MSTestProject\bin\Debug\netcoreapp3.1\MSTestProject.dll" adapterTypeName="executor://mstestadapter/v2" className="TwojeWesele.Services.Helpers.Tests.CurrencyHelperTests" name="FormatToStringTest1000" />
    </UnitTest>
    <UnitTest name="FormatToStringTest1000 (7891.960478953067,7891.96 zł)" storage="c:\projekty\mstestproject\bin\debug\netcoreapp3.1\mstestproject.dll" id="5dc36c49-698c-4379-8198-2162cbec6fa3">
      <TestCategory>
        <TestCategoryItem TestCategory="Category1000" />
      </TestCategory>
      <Execution id="a192267d-aa91-4732-be24-837519c0a49c" />
      <TestMethod codeBase="C:\Projekty\MSTestProject\bin\Debug\netcoreapp3.1\MSTestProject.dll" adapterTypeName="executor://mstestadapter/v2" className="TwojeWesele.Services.Helpers.Tests.CurrencyHelperTests" name="FormatToStringTest1000" />
    </UnitTest>
    <UnitTest name="FormatToStringTest1000 (9068.70019550468,9068.70 zł)" storage="c:\projekty\mstestproject\bin\debug\netcoreapp3.1\mstestproject.dll" id="c3ff6bdd-7298-4b24-8b30-fe5bca5b6ab6">
      <TestCategory>
        <TestCategoryItem TestCategory="Category1000" />
      </TestCategory>
      <Execution id="3d59646a-c2e7-48e2-a59d-7f4c612e185b" />
      <TestMethod codeBase="C:\Projekty\MSTestProject\bin\Debug\netcoreapp3.1\MSTestProject.dll" adapterTypeName="executor://mstestadapter/v2" className="TwojeWesele.Services.Helpers.Tests.CurrencyHelperTests" name="FormatToStringTest1000" />
    </UnitTest>
    <UnitTest name="FormatToStringTest1000 (3195.202943510936,3195.20 zł)" storage="c:\projekty\mstestproject\bin\debug\netcoreapp3.1\mstestproject.dll" id="545f2e53-4ab8-4473-a9f5-ef31c6d308e1">
      <TestCategory>
        <TestCategoryItem TestCategory="Category1000" />
      </TestCategory>
      <Execution id="d3aa001e-1a5a-488c-9938-33ad7cad9fbc" />
      <TestMethod codeBase="C:\Projekty\MSTestProject\bin\Debug\netcoreapp3.1\MSTestProject.dll" adapterTypeName="executor://mstestadapter/v2" className="TwojeWesele.Services.Helpers.Tests.CurrencyHelperTests" name="FormatToStringTest1000" />
    </UnitTest>
    <UnitTest name="FormatToStringTest1000 (19397.344749736294,19397.34 zł)" storage="c:\projekty\mstestproject\bin\debug\netcoreapp3.1\mstestproject.dll" id="326f95ba-d706-4863-95f1-ad70cdfd99d5">
      <TestCategory>
        <TestCategoryItem TestCategory="Category1000" />
      </TestCategory>
      <Execution id="0999793a-b77a-42d9-8c6b-0a94da45a747" />
      <TestMethod codeBase="C:\Projekty\MSTestProject\bin\Debug\netcoreapp3.1\MSTestProject.dll" adapterTypeName="executor://mstestadapter/v2" className="TwojeWesele.Services.Helpers.Tests.CurrencyHelperTests" name="FormatToStringTest1000" />
    </UnitTest>
    <UnitTest name="FormatToStringTest1000 (4411.456718280659,4411.46 zł)" storage="c:\projekty\mstestproject\bin\debug\netcoreapp3.1\mstestproject.dll" id="cb052259-ff00-4177-980e-8e9c560420c4">
      <TestCategory>
        <TestCategoryItem TestCategory="Category1000" />
      </TestCategory>
      <Execution id="28aed4ec-45bb-495b-83a4-bd6d29448799" />
      <TestMethod codeBase="C:\Projekty\MSTestProject\bin\Debug\netcoreapp3.1\MSTestProject.dll" adapterTypeName="executor://mstestadapter/v2" className="TwojeWesele.Services.Helpers.Tests.CurrencyHelperTests" name="FormatToStringTest1000" />
    </UnitTest>
    <UnitTest name="FormatToStringTest1000 (36320.770035296104,36320.77 zł)" storage="c:\projekty\mstestproject\bin\debug\netcoreapp3.1\mstestproject.dll" id="98764ee0-4b88-4d37-a17e-e874aa46da75">
      <TestCategory>
        <TestCategoryItem TestCategory="Category1000" />
      </TestCategory>
      <Execution id="762ddd58-a8e3-4079-ba1f-979c091b3d28" />
      <TestMethod codeBase="C:\Projekty\MSTestProject\bin\Debug\netcoreapp3.1\MSTestProject.dll" adapterTypeName="executor://mstestadapter/v2" className="TwojeWesele.Services.Helpers.Tests.CurrencyHelperTests" name="FormatToStringTest1000" />
    </UnitTest>
    <UnitTest name="FormatToStringTest1000 (12118.31777677048,12118.32 zł)" storage="c:\projekty\mstestproject\bin\debug\netcoreapp3.1\mstestproject.dll" id="82618cae-1a27-4cc7-99e4-23a69eb49611">
      <TestCategory>
        <TestCategoryItem TestCategory="Category1000" />
      </TestCategory>
      <Execution id="a54793e4-fa5e-4449-81e5-925b88ecf391" />
      <TestMethod codeBase="C:\Projekty\MSTestProject\bin\Debug\netcoreapp3.1\MSTestProject.dll" adapterTypeName="executor://mstestadapter/v2" className="TwojeWesele.Services.Helpers.Tests.CurrencyHelperTests" name="FormatToStringTest1000" />
    </UnitTest>
    <UnitTest name="FormatToStringTest1000 (10461.455048841171,10461.46 zł)" storage="c:\projekty\mstestproject\bin\debug\netcoreapp3.1\mstestproject.dll" id="bc876fb3-6182-4001-8f4f-ac2b710a7da6">
      <TestCategory>
        <TestCategoryItem TestCategory="Category1000" />
      </TestCategory>
      <Execution id="3e5e73a8-7c50-4a5e-a1b2-50b0ada9a535" />
      <TestMethod codeBase="C:\Projekty\MSTestProject\bin\Debug\netcoreapp3.1\MSTestProject.dll" adapterTypeName="executor://mstestadapter/v2" className="TwojeWesele.Services.Helpers.Tests.CurrencyHelperTests" name="FormatToStringTest1000" />
    </UnitTest>
    <UnitTest name="FormatToStringTest1000 (19103.831635461574,19103.83 zł)" storage="c:\projekty\mstestproject\bin\debug\netcoreapp3.1\mstestproject.dll" id="ee0e4c7f-0468-43d7-a3a2-ec5feb1a31c7">
      <TestCategory>
        <TestCategoryItem TestCategory="Category1000" />
      </TestCategory>
      <Execution id="37f8685d-1d80-45d1-8f39-e91181c7db96" />
      <TestMethod codeBase="C:\Projekty\MSTestProject\bin\Debug\netcoreapp3.1\MSTestProject.dll" adapterTypeName="executor://mstestadapter/v2" className="TwojeWesele.Services.Helpers.Tests.CurrencyHelperTests" name="FormatToStringTest1000" />
    </UnitTest>
    <UnitTest name="FormatToStringTest1000 (32732.81915128502,32732.82 zł)" storage="c:\projekty\mstestproject\bin\debug\netcoreapp3.1\mstestproject.dll" id="4fe9aef3-17e6-4ed6-8f8e-41b06def2326">
      <TestCategory>
        <TestCategoryItem TestCategory="Category1000" />
      </TestCategory>
      <Execution id="f50623be-e978-4a47-902c-b8c2c61137a9" />
      <TestMethod codeBase="C:\Projekty\MSTestProject\bin\Debug\netcoreapp3.1\MSTestProject.dll" adapterTypeName="executor://mstestadapter/v2" className="TwojeWesele.Services.Helpers.Tests.CurrencyHelperTests" name="FormatToStringTest1000" />
    </UnitTest>
    <UnitTest name="FormatToStringTest1000 (18786.954468002055,18786.95 zł)" storage="c:\projekty\mstestproject\bin\debug\netcoreapp3.1\mstestproject.dll" id="38c26d94-04f0-4952-a868-bb7e4920bb65">
      <TestCategory>
        <TestCategoryItem TestCategory="Category1000" />
      </TestCategory>
      <Execution id="28f65425-2f1a-408d-af2f-e5ed030f3462" />
      <TestMethod codeBase="C:\Projekty\MSTestProject\bin\Debug\netcoreapp3.1\MSTestProject.dll" adapterTypeName="executor://mstestadapter/v2" className="TwojeWesele.Services.Helpers.Tests.CurrencyHelperTests" name="FormatToStringTest1000" />
    </UnitTest>
    <UnitTest name="FormatToStringTest1000 (50507.0104155615,50507.01 zł)" storage="c:\projekty\mstestproject\bin\debug\netcoreapp3.1\mstestproject.dll" id="4e9bd79a-0425-4850-a2d1-0dd1a88d61d9">
      <TestCategory>
        <TestCategoryItem TestCategory="Category1000" />
      </TestCategory>
      <Execution id="30388c72-0f4c-46e9-bb8f-24eb0fdb43b4" />
      <TestMethod codeBase="C:\Projekty\MSTestProject\bin\Debug\netcoreapp3.1\MSTestProject.dll" adapterTypeName="executor://mstestadapter/v2" className="TwojeWesele.Services.Helpers.Tests.CurrencyHelperTests" name="FormatToStringTest1000" />
    </UnitTest>
    <UnitTest name="FormatToStringTest1000 (19210.519530370144,19210.52 zł)" storage="c:\projekty\mstestproject\bin\debug\netcoreapp3.1\mstestproject.dll" id="c434812e-485e-4924-9547-c94bc6730da5">
      <TestCategory>
        <TestCategoryItem TestCategory="Category1000" />
      </TestCategory>
      <Execution id="608bd774-0b8e-47fb-ac53-a551bbea5a05" />
      <TestMethod codeBase="C:\Projekty\MSTestProject\bin\Debug\netcoreapp3.1\MSTestProject.dll" adapterTypeName="executor://mstestadapter/v2" className="TwojeWesele.Services.Helpers.Tests.CurrencyHelperTests" name="FormatToStringTest1000" />
    </UnitTest>
    <UnitTest name="FormatToStringTest1000 (49037.8109120586,49037.81 zł)" storage="c:\projekty\mstestproject\bin\debug\netcoreapp3.1\mstestproject.dll" id="9bc6bbeb-b261-4e10-ba4e-a5f6cb6f1082">
      <TestCategory>
        <TestCategoryItem TestCategory="Category1000" />
      </TestCategory>
      <Execution id="e23110c1-04a1-4e4c-a1c5-36554b1edf73" />
      <TestMethod codeBase="C:\Projekty\MSTestProject\bin\Debug\netcoreapp3.1\MSTestProject.dll" adapterTypeName="executor://mstestadapter/v2" className="TwojeWesele.Services.Helpers.Tests.CurrencyHelperTests" name="FormatToStringTest1000" />
    </UnitTest>
    <UnitTest name="FormatToStringTest1000 (14198.39903067723,14198.40 zł)" storage="c:\projekty\mstestproject\bin\debug\netcoreapp3.1\mstestproject.dll" id="50de27e6-4d23-4ec9-8869-8f7366f577db">
      <TestCategory>
        <TestCategoryItem TestCategory="Category1000" />
      </TestCategory>
      <Execution id="66b2feb9-51d4-428f-ba29-f8e32d49c0b7" />
      <TestMethod codeBase="C:\Projekty\MSTestProject\bin\Debug\netcoreapp3.1\MSTestProject.dll" adapterTypeName="executor://mstestadapter/v2" className="TwojeWesele.Services.Helpers.Tests.CurrencyHelperTests" name="FormatToStringTest1000" />
    </UnitTest>
    <UnitTest name="FormatToStringTest1000 (9661.966055578536,9661.97 zł)" storage="c:\projekty\mstestproject\bin\debug\netcoreapp3.1\mstestproject.dll" id="2eeccd74-9331-43c5-afc3-cefc4dcbc3cf">
      <TestCategory>
        <TestCategoryItem TestCategory="Category1000" />
      </TestCategory>
      <Execution id="4d8ba222-0b8c-4ff1-9746-7a15ac12ed5f" />
      <TestMethod codeBase="C:\Projekty\MSTestProject\bin\Debug\netcoreapp3.1\MSTestProject.dll" adapterTypeName="executor://mstestadapter/v2" className="TwojeWesele.Services.Helpers.Tests.CurrencyHelperTests" name="FormatToStringTest1000" />
    </UnitTest>
    <UnitTest name="FormatToStringTest1000 (9867.823212210007,9867.82 zł)" storage="c:\projekty\mstestproject\bin\debug\netcoreapp3.1\mstestproject.dll" id="23a06e94-5388-4c96-84bf-ae06a4599cf2">
      <TestCategory>
        <TestCategoryItem TestCategory="Category1000" />
      </TestCategory>
      <Execution id="61524129-39db-4d7f-beff-9c17b758c023" />
      <TestMethod codeBase="C:\Projekty\MSTestProject\bin\Debug\netcoreapp3.1\MSTestProject.dll" adapterTypeName="executor://mstestadapter/v2" className="TwojeWesele.Services.Helpers.Tests.CurrencyHelperTests" name="FormatToStringTest1000" />
    </UnitTest>
    <UnitTest name="FormatToStringTest1000 (5247.779940802501,5247.78 zł)" storage="c:\projekty\mstestproject\bin\debug\netcoreapp3.1\mstestproject.dll" id="25c745eb-080c-4bf4-8a12-b773e0072c6d">
      <TestCategory>
        <TestCategoryItem TestCategory="Category1000" />
      </TestCategory>
      <Execution id="b97a1e16-eaab-48be-a2d6-d2c402674938" />
      <TestMethod codeBase="C:\Projekty\MSTestProject\bin\Debug\netcoreapp3.1\MSTestProject.dll" adapterTypeName="executor://mstestadapter/v2" className="TwojeWesele.Services.Helpers.Tests.CurrencyHelperTests" name="FormatToStringTest1000" />
    </UnitTest>
    <UnitTest name="FormatToStringTest1000 (9624.06628225188,9624.07 zł)" storage="c:\projekty\mstestproject\bin\debug\netcoreapp3.1\mstestproject.dll" id="adf8ab98-9ef6-4fea-9155-91e5182d2df1">
      <TestCategory>
        <TestCategoryItem TestCategory="Category1000" />
      </TestCategory>
      <Execution id="839e301e-62c0-43e1-80e9-8614b3af2137" />
      <TestMethod codeBase="C:\Projekty\MSTestProject\bin\Debug\netcoreapp3.1\MSTestProject.dll" adapterTypeName="executor://mstestadapter/v2" className="TwojeWesele.Services.Helpers.Tests.CurrencyHelperTests" name="FormatToStringTest1000" />
    </UnitTest>
    <UnitTest name="FormatToStringTest1000 (13541.45472935096,13541.45 zł)" storage="c:\projekty\mstestproject\bin\debug\netcoreapp3.1\mstestproject.dll" id="b86aa2a1-850c-45cd-b76e-3b7507e79333">
      <TestCategory>
        <TestCategoryItem TestCategory="Category1000" />
      </TestCategory>
      <Execution id="7d63b325-7dd8-4566-9d52-1253ada7ade8" />
      <TestMethod codeBase="C:\Projekty\MSTestProject\bin\Debug\netcoreapp3.1\MSTestProject.dll" adapterTypeName="executor://mstestadapter/v2" className="TwojeWesele.Services.Helpers.Tests.CurrencyHelperTests" name="FormatToStringTest1000" />
    </UnitTest>
    <UnitTest name="FormatToStringTest1000 (76536.95853396178,76536.96 zł)" storage="c:\projekty\mstestproject\bin\debug\netcoreapp3.1\mstestproject.dll" id="325e5f1a-226e-4748-a906-1a79e5e00115">
      <TestCategory>
        <TestCategoryItem TestCategory="Category1000" />
      </TestCategory>
      <Execution id="d2435f19-c31e-42de-bfe9-cba9fce6d4e7" />
      <TestMethod codeBase="C:\Projekty\MSTestProject\bin\Debug\netcoreapp3.1\MSTestProject.dll" adapterTypeName="executor://mstestadapter/v2" className="TwojeWesele.Services.Helpers.Tests.CurrencyHelperTests" name="FormatToStringTest1000" />
    </UnitTest>
    <UnitTest name="FormatToStringTest1000 (68479.93492677805,68479.93 zł)" storage="c:\projekty\mstestproject\bin\debug\netcoreapp3.1\mstestproject.dll" id="fd7c7e08-f1e3-416c-ba65-a87ef431b6c1">
      <TestCategory>
        <TestCategoryItem TestCategory="Category1000" />
      </TestCategory>
      <Execution id="5af72099-47ab-4abc-952c-7f8fbd52ce57" />
      <TestMethod codeBase="C:\Projekty\MSTestProject\bin\Debug\netcoreapp3.1\MSTestProject.dll" adapterTypeName="executor://mstestadapter/v2" className="TwojeWesele.Services.Helpers.Tests.CurrencyHelperTests" name="FormatToStringTest1000" />
    </UnitTest>
    <UnitTest name="FormatToStringTest1000 (46803.36433423374,46803.36 zł)" storage="c:\projekty\mstestproject\bin\debug\netcoreapp3.1\mstestproject.dll" id="c9dda90f-a92c-47ab-9a63-c2b19a475335">
      <TestCategory>
        <TestCategoryItem TestCategory="Category1000" />
      </TestCategory>
      <Execution id="c4126666-7149-4ade-9789-13ad1874bdd6" />
      <TestMethod codeBase="C:\Projekty\MSTestProject\bin\Debug\netcoreapp3.1\MSTestProject.dll" adapterTypeName="executor://mstestadapter/v2" className="TwojeWesele.Services.Helpers.Tests.CurrencyHelperTests" name="FormatToStringTest1000" />
    </UnitTest>
    <UnitTest name="FormatToStringTest1000 (8499.121443388574,8499.12 zł)" storage="c:\projekty\mstestproject\bin\debug\netcoreapp3.1\mstestproject.dll" id="42862ed3-8412-41ce-9bf7-d9a10013d079">
      <TestCategory>
        <TestCategoryItem TestCategory="Category1000" />
      </TestCategory>
      <Execution id="34fbffc7-4385-48b9-8cff-7f98e0329ef4" />
      <TestMethod codeBase="C:\Projekty\MSTestProject\bin\Debug\netcoreapp3.1\MSTestProject.dll" adapterTypeName="executor://mstestadapter/v2" className="TwojeWesele.Services.Helpers.Tests.CurrencyHelperTests" name="FormatToStringTest1000" />
    </UnitTest>
    <UnitTest name="FormatToStringTest1000 (635.3263313632116,635.33 zł)" storage="c:\projekty\mstestproject\bin\debug\netcoreapp3.1\mstestproject.dll" id="f8e39b96-1c76-4052-ae4e-523cec8aebe1">
      <TestCategory>
        <TestCategoryItem TestCategory="Category1000" />
      </TestCategory>
      <Execution id="475a42ef-aa58-4a9c-902d-f3e2215c789e" />
      <TestMethod codeBase="C:\Projekty\MSTestProject\bin\Debug\netcoreapp3.1\MSTestProject.dll" adapterTypeName="executor://mstestadapter/v2" className="TwojeWesele.Services.Helpers.Tests.CurrencyHelperTests" name="FormatToStringTest1000" />
    </UnitTest>
    <UnitTest name="FormatToStringTest1000 (1662.8482664818168,1662.85 zł)" storage="c:\projekty\mstestproject\bin\debug\netcoreapp3.1\mstestproject.dll" id="b050618d-960f-4b15-8da8-8d0a541d1967">
      <TestCategory>
        <TestCategoryItem TestCategory="Category1000" />
      </TestCategory>
      <Execution id="ceb36b58-10fb-4d6b-a5b1-61141507b68e" />
      <TestMethod codeBase="C:\Projekty\MSTestProject\bin\Debug\netcoreapp3.1\MSTestProject.dll" adapterTypeName="executor://mstestadapter/v2" className="TwojeWesele.Services.Helpers.Tests.CurrencyHelperTests" name="FormatToStringTest1000" />
    </UnitTest>
    <UnitTest name="FormatToStringTest1000 (9628.688698104437,9628.69 zł)" storage="c:\projekty\mstestproject\bin\debug\netcoreapp3.1\mstestproject.dll" id="b1b1baf3-eafb-4ef0-9784-a9476f2c4c85">
      <TestCategory>
        <TestCategoryItem TestCategory="Category1000" />
      </TestCategory>
      <Execution id="7c84948b-36b9-4673-b939-9aadf35dc086" />
      <TestMethod codeBase="C:\Projekty\MSTestProject\bin\Debug\netcoreapp3.1\MSTestProject.dll" adapterTypeName="executor://mstestadapter/v2" className="TwojeWesele.Services.Helpers.Tests.CurrencyHelperTests" name="FormatToStringTest1000" />
    </UnitTest>
    <UnitTest name="FormatToStringTest1000 (9754.291367935619,9754.29 zł)" storage="c:\projekty\mstestproject\bin\debug\netcoreapp3.1\mstestproject.dll" id="30d403f8-df19-4c84-9789-e3006d1525bc">
      <TestCategory>
        <TestCategoryItem TestCategory="Category1000" />
      </TestCategory>
      <Execution id="65855271-92e3-4b6e-b882-1338c8cd1948" />
      <TestMethod codeBase="C:\Projekty\MSTestProject\bin\Debug\netcoreapp3.1\MSTestProject.dll" adapterTypeName="executor://mstestadapter/v2" className="TwojeWesele.Services.Helpers.Tests.CurrencyHelperTests" name="FormatToStringTest1000" />
    </UnitTest>
    <UnitTest name="FormatToStringTest1000 (22604.838218828587,22604.84 zł)" storage="c:\projekty\mstestproject\bin\debug\netcoreapp3.1\mstestproject.dll" id="0ef7db42-77ff-4d82-bb31-bd02df7444eb">
      <TestCategory>
        <TestCategoryItem TestCategory="Category1000" />
      </TestCategory>
      <Execution id="b86e459e-dbec-4947-8399-c28987a63289" />
      <TestMethod codeBase="C:\Projekty\MSTestProject\bin\Debug\netcoreapp3.1\MSTestProject.dll" adapterTypeName="executor://mstestadapter/v2" className="TwojeWesele.Services.Helpers.Tests.CurrencyHelperTests" name="FormatToStringTest1000" />
    </UnitTest>
    <UnitTest name="FormatToStringTest1000 (16129.507288814293,16129.51 zł)" storage="c:\projekty\mstestproject\bin\debug\netcoreapp3.1\mstestproject.dll" id="963d0934-0502-4e4c-97f2-4163634d8a1c">
      <TestCategory>
        <TestCategoryItem TestCategory="Category1000" />
      </TestCategory>
      <Execution id="3cc50686-1ecd-48bd-89fd-090895f15d64" />
      <TestMethod codeBase="C:\Projekty\MSTestProject\bin\Debug\netcoreapp3.1\MSTestProject.dll" adapterTypeName="executor://mstestadapter/v2" className="TwojeWesele.Services.Helpers.Tests.CurrencyHelperTests" name="FormatToStringTest1000" />
    </UnitTest>
    <UnitTest name="FormatToStringTest1000 (27164.0272410419,27164.03 zł)" storage="c:\projekty\mstestproject\bin\debug\netcoreapp3.1\mstestproject.dll" id="488d6997-7ba2-47a0-bfec-123939c6f1d3">
      <TestCategory>
        <TestCategoryItem TestCategory="Category1000" />
      </TestCategory>
      <Execution id="d4f4a3f7-67ff-4230-a142-7d9474994d8c" />
      <TestMethod codeBase="C:\Projekty\MSTestProject\bin\Debug\netcoreapp3.1\MSTestProject.dll" adapterTypeName="executor://mstestadapter/v2" className="TwojeWesele.Services.Helpers.Tests.CurrencyHelperTests" name="FormatToStringTest1000" />
    </UnitTest>
    <UnitTest name="FormatToStringTest1000 (6170.939441211959,6170.94 zł)" storage="c:\projekty\mstestproject\bin\debug\netcoreapp3.1\mstestproject.dll" id="af67f096-11a3-4b59-b849-7ae2a30b3c7e">
      <TestCategory>
        <TestCategoryItem TestCategory="Category1000" />
      </TestCategory>
      <Execution id="1ee9105a-267b-4f5b-bff3-fb502936d5e9" />
      <TestMethod codeBase="C:\Projekty\MSTestProject\bin\Debug\netcoreapp3.1\MSTestProject.dll" adapterTypeName="executor://mstestadapter/v2" className="TwojeWesele.Services.Helpers.Tests.CurrencyHelperTests" name="FormatToStringTest1000" />
    </UnitTest>
    <UnitTest name="FormatToStringTest1000 (134.1514758393874,134.15 zł)" storage="c:\projekty\mstestproject\bin\debug\netcoreapp3.1\mstestproject.dll" id="ed4e5d7c-6029-4d48-9d86-be91dd24cad1">
      <TestCategory>
        <TestCategoryItem TestCategory="Category1000" />
      </TestCategory>
      <Execution id="f1e746ac-cec6-4441-b96c-5f508e372a58" />
      <TestMethod codeBase="C:\Projekty\MSTestProject\bin\Debug\netcoreapp3.1\MSTestProject.dll" adapterTypeName="executor://mstestadapter/v2" className="TwojeWesele.Services.Helpers.Tests.CurrencyHelperTests" name="FormatToStringTest1000" />
    </UnitTest>
    <UnitTest name="FormatToStringTest1000 (20640.678251201603,20640.68 zł)" storage="c:\projekty\mstestproject\bin\debug\netcoreapp3.1\mstestproject.dll" id="427c2c7b-8704-4891-a358-d6b64a678093">
      <TestCategory>
        <TestCategoryItem TestCategory="Category1000" />
      </TestCategory>
      <Execution id="4dd44628-f873-4344-8639-9f0d9d97c76e" />
      <TestMethod codeBase="C:\Projekty\MSTestProject\bin\Debug\netcoreapp3.1\MSTestProject.dll" adapterTypeName="executor://mstestadapter/v2" className="TwojeWesele.Services.Helpers.Tests.CurrencyHelperTests" name="FormatToStringTest1000" />
    </UnitTest>
    <UnitTest name="FormatToStringTest1000 (12202.860111308684,12202.86 zł)" storage="c:\projekty\mstestproject\bin\debug\netcoreapp3.1\mstestproject.dll" id="afdc8b8b-d0b5-4e04-b65b-2615291a9127">
      <TestCategory>
        <TestCategoryItem TestCategory="Category1000" />
      </TestCategory>
      <Execution id="39edfac7-a75f-4362-86f6-54f8dbdcb133" />
      <TestMethod codeBase="C:\Projekty\MSTestProject\bin\Debug\netcoreapp3.1\MSTestProject.dll" adapterTypeName="executor://mstestadapter/v2" className="TwojeWesele.Services.Helpers.Tests.CurrencyHelperTests" name="FormatToStringTest1000" />
    </UnitTest>
    <UnitTest name="FormatToStringTest1000 (1952.6955147062872,1952.70 zł)" storage="c:\projekty\mstestproject\bin\debug\netcoreapp3.1\mstestproject.dll" id="f69b3cd1-0df3-46ea-bb60-878352cf0764">
      <TestCategory>
        <TestCategoryItem TestCategory="Category1000" />
      </TestCategory>
      <Execution id="fb304504-18a3-445c-b697-25d597cc3ef4" />
      <TestMethod codeBase="C:\Projekty\MSTestProject\bin\Debug\netcoreapp3.1\MSTestProject.dll" adapterTypeName="executor://mstestadapter/v2" className="TwojeWesele.Services.Helpers.Tests.CurrencyHelperTests" name="FormatToStringTest1000" />
    </UnitTest>
    <UnitTest name="FormatToStringTest1000 (7592.950837113406,7592.95 zł)" storage="c:\projekty\mstestproject\bin\debug\netcoreapp3.1\mstestproject.dll" id="62e867a0-2ef9-4e1d-a3d3-cdcb8a5fd454">
      <TestCategory>
        <TestCategoryItem TestCategory="Category1000" />
      </TestCategory>
      <Execution id="a1dd6ffa-2ea5-4260-83fd-833bce3db01e" />
      <TestMethod codeBase="C:\Projekty\MSTestProject\bin\Debug\netcoreapp3.1\MSTestProject.dll" adapterTypeName="executor://mstestadapter/v2" className="TwojeWesele.Services.Helpers.Tests.CurrencyHelperTests" name="FormatToStringTest1000" />
    </UnitTest>
    <UnitTest name="FormatToStringTest1000 (5810.695934967462,5810.70 zł)" storage="c:\projekty\mstestproject\bin\debug\netcoreapp3.1\mstestproject.dll" id="c7578b9e-9762-466b-8abf-527abf7aa40f">
      <TestCategory>
        <TestCategoryItem TestCategory="Category1000" />
      </TestCategory>
      <Execution id="aca465be-70b0-44f5-9c06-3facdb8b1466" />
      <TestMethod codeBase="C:\Projekty\MSTestProject\bin\Debug\netcoreapp3.1\MSTestProject.dll" adapterTypeName="executor://mstestadapter/v2" className="TwojeWesele.Services.Helpers.Tests.CurrencyHelperTests" name="FormatToStringTest1000" />
    </UnitTest>
    <UnitTest name="FormatToStringTest1000 (24251.68593564848,24251.69 zł)" storage="c:\projekty\mstestproject\bin\debug\netcoreapp3.1\mstestproject.dll" id="7cde49c6-05e6-4b2c-a8e6-03138aaf0098">
      <TestCategory>
        <TestCategoryItem TestCategory="Category1000" />
      </TestCategory>
      <Execution id="d1f6e484-b31a-4365-ac72-f308d3f6e99f" />
      <TestMethod codeBase="C:\Projekty\MSTestProject\bin\Debug\netcoreapp3.1\MSTestProject.dll" adapterTypeName="executor://mstestadapter/v2" className="TwojeWesele.Services.Helpers.Tests.CurrencyHelperTests" name="FormatToStringTest1000" />
    </UnitTest>
    <UnitTest name="FormatToStringTest1000 (5022.470719070859,5022.47 zł)" storage="c:\projekty\mstestproject\bin\debug\netcoreapp3.1\mstestproject.dll" id="b4faf715-e051-404b-af32-e0dfaf0deada">
      <TestCategory>
        <TestCategoryItem TestCategory="Category1000" />
      </TestCategory>
      <Execution id="535ec147-4256-42f9-bdcc-f5a6cbe3a6aa" />
      <TestMethod codeBase="C:\Projekty\MSTestProject\bin\Debug\netcoreapp3.1\MSTestProject.dll" adapterTypeName="executor://mstestadapter/v2" className="TwojeWesele.Services.Helpers.Tests.CurrencyHelperTests" name="FormatToStringTest1000" />
    </UnitTest>
    <UnitTest name="FormatToStringTest1000 (11871.427211910219,11871.43 zł)" storage="c:\projekty\mstestproject\bin\debug\netcoreapp3.1\mstestproject.dll" id="a9ecfa6a-b254-4532-b679-f7ff5c40d3a6">
      <TestCategory>
        <TestCategoryItem TestCategory="Category1000" />
      </TestCategory>
      <Execution id="3118266d-42f8-4b2e-880a-f36f80436f9a" />
      <TestMethod codeBase="C:\Projekty\MSTestProject\bin\Debug\netcoreapp3.1\MSTestProject.dll" adapterTypeName="executor://mstestadapter/v2" className="TwojeWesele.Services.Helpers.Tests.CurrencyHelperTests" name="FormatToStringTest1000" />
    </UnitTest>
    <UnitTest name="FormatToStringTest1000 (10857.521742201186,10857.52 zł)" storage="c:\projekty\mstestproject\bin\debug\netcoreapp3.1\mstestproject.dll" id="c3531bcf-3f27-4274-b7b8-423c7f6316d8">
      <TestCategory>
        <TestCategoryItem TestCategory="Category1000" />
      </TestCategory>
      <Execution id="06cb8095-c5ca-44bf-b647-dbb885dfaaff" />
      <TestMethod codeBase="C:\Projekty\MSTestProject\bin\Debug\netcoreapp3.1\MSTestProject.dll" adapterTypeName="executor://mstestadapter/v2" className="TwojeWesele.Services.Helpers.Tests.CurrencyHelperTests" name="FormatToStringTest1000" />
    </UnitTest>
    <UnitTest name="FormatToStringTest1000 (20752.33758466334,20752.34 zł)" storage="c:\projekty\mstestproject\bin\debug\netcoreapp3.1\mstestproject.dll" id="85ca85e3-5fd8-40ae-9536-cb2fffe88d59">
      <TestCategory>
        <TestCategoryItem TestCategory="Category1000" />
      </TestCategory>
      <Execution id="a29df33a-d02c-4d7e-999d-31bd0ca89f60" />
      <TestMethod codeBase="C:\Projekty\MSTestProject\bin\Debug\netcoreapp3.1\MSTestProject.dll" adapterTypeName="executor://mstestadapter/v2" className="TwojeWesele.Services.Helpers.Tests.CurrencyHelperTests" name="FormatToStringTest1000" />
    </UnitTest>
    <UnitTest name="FormatToStringTest1000 (22459.530444447664,22459.53 zł)" storage="c:\projekty\mstestproject\bin\debug\netcoreapp3.1\mstestproject.dll" id="21acf5bb-c0ac-475b-b772-89ae87b3b755">
      <TestCategory>
        <TestCategoryItem TestCategory="Category1000" />
      </TestCategory>
      <Execution id="71beafa9-9e29-4d9c-9f0f-a13dc2cfcd4a" />
      <TestMethod codeBase="C:\Projekty\MSTestProject\bin\Debug\netcoreapp3.1\MSTestProject.dll" adapterTypeName="executor://mstestadapter/v2" className="TwojeWesele.Services.Helpers.Tests.CurrencyHelperTests" name="FormatToStringTest1000" />
    </UnitTest>
    <UnitTest name="FormatToStringTest1000 (14635.510547500808,14635.51 zł)" storage="c:\projekty\mstestproject\bin\debug\netcoreapp3.1\mstestproject.dll" id="4b270141-773f-4a0c-a7f6-0a65e03aa1f5">
      <TestCategory>
        <TestCategoryItem TestCategory="Category1000" />
      </TestCategory>
      <Execution id="44f673dc-c7b8-406d-93f9-955d1e9663ce" />
      <TestMethod codeBase="C:\Projekty\MSTestProject\bin\Debug\netcoreapp3.1\MSTestProject.dll" adapterTypeName="executor://mstestadapter/v2" className="TwojeWesele.Services.Helpers.Tests.CurrencyHelperTests" name="FormatToStringTest1000" />
    </UnitTest>
    <UnitTest name="FormatToStringTest1000 (31424.298858482067,31424.30 zł)" storage="c:\projekty\mstestproject\bin\debug\netcoreapp3.1\mstestproject.dll" id="3b6801e8-6947-48e8-a9da-5958e3b5dd01">
      <TestCategory>
        <TestCategoryItem TestCategory="Category1000" />
      </TestCategory>
      <Execution id="b33bce78-8a12-4344-aed2-32fd9e1f68b1" />
      <TestMethod codeBase="C:\Projekty\MSTestProject\bin\Debug\netcoreapp3.1\MSTestProject.dll" adapterTypeName="executor://mstestadapter/v2" className="TwojeWesele.Services.Helpers.Tests.CurrencyHelperTests" name="FormatToStringTest1000" />
    </UnitTest>
    <UnitTest name="FormatToStringTest1000 (13414.3551766441,13414.36 zł)" storage="c:\projekty\mstestproject\bin\debug\netcoreapp3.1\mstestproject.dll" id="a41445b4-4fa9-4a0b-9ae7-aaf26f957cf7">
      <TestCategory>
        <TestCategoryItem TestCategory="Category1000" />
      </TestCategory>
      <Execution id="a5b7e6e4-49e3-4ab6-a5f3-b5b897db2045" />
      <TestMethod codeBase="C:\Projekty\MSTestProject\bin\Debug\netcoreapp3.1\MSTestProject.dll" adapterTypeName="executor://mstestadapter/v2" className="TwojeWesele.Services.Helpers.Tests.CurrencyHelperTests" name="FormatToStringTest1000" />
    </UnitTest>
    <UnitTest name="FormatToStringTest1000 (74514.06270644537,74514.06 zł)" storage="c:\projekty\mstestproject\bin\debug\netcoreapp3.1\mstestproject.dll" id="bd72a676-5531-4a3f-9646-70893541fc67">
      <TestCategory>
        <TestCategoryItem TestCategory="Category1000" />
      </TestCategory>
      <Execution id="490633da-3916-4cf5-87b7-f3b325c3bf7e" />
      <TestMethod codeBase="C:\Projekty\MSTestProject\bin\Debug\netcoreapp3.1\MSTestProject.dll" adapterTypeName="executor://mstestadapter/v2" className="TwojeWesele.Services.Helpers.Tests.CurrencyHelperTests" name="FormatToStringTest1000" />
    </UnitTest>
    <UnitTest name="FormatToStringTest1000 (21753.84773194969,21753.85 zł)" storage="c:\projekty\mstestproject\bin\debug\netcoreapp3.1\mstestproject.dll" id="525a01c3-08ea-48ec-ad24-9548689b804f">
      <TestCategory>
        <TestCategoryItem TestCategory="Category1000" />
      </TestCategory>
      <Execution id="844d3f7f-6743-40cd-afbd-6af0fc0c0fd4" />
      <TestMethod codeBase="C:\Projekty\MSTestProject\bin\Debug\netcoreapp3.1\MSTestProject.dll" adapterTypeName="executor://mstestadapter/v2" className="TwojeWesele.Services.Helpers.Tests.CurrencyHelperTests" name="FormatToStringTest1000" />
    </UnitTest>
    <UnitTest name="FormatToStringTest1000 (21996.80326662576,21996.80 zł)" storage="c:\projekty\mstestproject\bin\debug\netcoreapp3.1\mstestproject.dll" id="fe04a8f6-737b-4187-b64d-4d50bad1e2fd">
      <TestCategory>
        <TestCategoryItem TestCategory="Category1000" />
      </TestCategory>
      <Execution id="b9ff7f65-cfe8-401f-b4fa-769698631418" />
      <TestMethod codeBase="C:\Projekty\MSTestProject\bin\Debug\netcoreapp3.1\MSTestProject.dll" adapterTypeName="executor://mstestadapter/v2" className="TwojeWesele.Services.Helpers.Tests.CurrencyHelperTests" name="FormatToStringTest1000" />
    </UnitTest>
    <UnitTest name="FormatToStringTest1000 (803.2448148733214,803.24 zł)" storage="c:\projekty\mstestproject\bin\debug\netcoreapp3.1\mstestproject.dll" id="1662e721-10e6-4cfb-812d-bfbbdc1e0fa2">
      <TestCategory>
        <TestCategoryItem TestCategory="Category1000" />
      </TestCategory>
      <Execution id="0b16ed3e-5694-4c35-b239-4951b095ed25" />
      <TestMethod codeBase="C:\Projekty\MSTestProject\bin\Debug\netcoreapp3.1\MSTestProject.dll" adapterTypeName="executor://mstestadapter/v2" className="TwojeWesele.Services.Helpers.Tests.CurrencyHelperTests" name="FormatToStringTest1000" />
    </UnitTest>
    <UnitTest name="FormatToStringTest1000 (44499.288016808816,44499.29 zł)" storage="c:\projekty\mstestproject\bin\debug\netcoreapp3.1\mstestproject.dll" id="7316d7b8-aeae-471a-9a92-16adb1690b1a">
      <TestCategory>
        <TestCategoryItem TestCategory="Category1000" />
      </TestCategory>
      <Execution id="e7fcd5c6-9261-403a-bda8-eee51833a319" />
      <TestMethod codeBase="C:\Projekty\MSTestProject\bin\Debug\netcoreapp3.1\MSTestProject.dll" adapterTypeName="executor://mstestadapter/v2" className="TwojeWesele.Services.Helpers.Tests.CurrencyHelperTests" name="FormatToStringTest1000" />
    </UnitTest>
    <UnitTest name="FormatToStringTest1000 (15190.097283723344,15190.10 zł)" storage="c:\projekty\mstestproject\bin\debug\netcoreapp3.1\mstestproject.dll" id="8a4fdcab-16c5-46a9-a4af-f85085851db1">
      <TestCategory>
        <TestCategoryItem TestCategory="Category1000" />
      </TestCategory>
      <Execution id="8dc0e8c5-0427-4569-83f7-01bb6fc347dc" />
      <TestMethod codeBase="C:\Projekty\MSTestProject\bin\Debug\netcoreapp3.1\MSTestProject.dll" adapterTypeName="executor://mstestadapter/v2" className="TwojeWesele.Services.Helpers.Tests.CurrencyHelperTests" name="FormatToStringTest1000" />
    </UnitTest>
    <UnitTest name="FormatToStringTest1000 (17418.31302247863,17418.31 zł)" storage="c:\projekty\mstestproject\bin\debug\netcoreapp3.1\mstestproject.dll" id="6614e8b2-ab4b-4471-a859-d546af2d91d3">
      <TestCategory>
        <TestCategoryItem TestCategory="Category1000" />
      </TestCategory>
      <Execution id="8da6ba64-ff29-425a-93e8-9a808d7158be" />
      <TestMethod codeBase="C:\Projekty\MSTestProject\bin\Debug\netcoreapp3.1\MSTestProject.dll" adapterTypeName="executor://mstestadapter/v2" className="TwojeWesele.Services.Helpers.Tests.CurrencyHelperTests" name="FormatToStringTest1000" />
    </UnitTest>
    <UnitTest name="FormatToStringTest1000 (26162.532683261918,26162.53 zł)" storage="c:\projekty\mstestproject\bin\debug\netcoreapp3.1\mstestproject.dll" id="a73a8f4d-74c4-481f-9965-7061bdb1f186">
      <TestCategory>
        <TestCategoryItem TestCategory="Category1000" />
      </TestCategory>
      <Execution id="4b41ab79-7da0-4c5b-9813-8ae488fa9401" />
      <TestMethod codeBase="C:\Projekty\MSTestProject\bin\Debug\netcoreapp3.1\MSTestProject.dll" adapterTypeName="executor://mstestadapter/v2" className="TwojeWesele.Services.Helpers.Tests.CurrencyHelperTests" name="FormatToStringTest1000" />
    </UnitTest>
    <UnitTest name="FormatToStringTest1000 (22678.643495744862,22678.64 zł)" storage="c:\projekty\mstestproject\bin\debug\netcoreapp3.1\mstestproject.dll" id="80881f95-395b-412c-be0b-a55e22145337">
      <TestCategory>
        <TestCategoryItem TestCategory="Category1000" />
      </TestCategory>
      <Execution id="a7477016-2e3b-426b-a6a4-fa0016097101" />
      <TestMethod codeBase="C:\Projekty\MSTestProject\bin\Debug\netcoreapp3.1\MSTestProject.dll" adapterTypeName="executor://mstestadapter/v2" className="TwojeWesele.Services.Helpers.Tests.CurrencyHelperTests" name="FormatToStringTest1000" />
    </UnitTest>
    <UnitTest name="FormatToStringTest1000 (4636.500544966897,4636.50 zł)" storage="c:\projekty\mstestproject\bin\debug\netcoreapp3.1\mstestproject.dll" id="b90d9b57-6003-4adc-8c9a-9af2fcf9e393">
      <TestCategory>
        <TestCategoryItem TestCategory="Category1000" />
      </TestCategory>
      <Execution id="2305e005-991f-4ab0-8aec-94f396376f94" />
      <TestMethod codeBase="C:\Projekty\MSTestProject\bin\Debug\netcoreapp3.1\MSTestProject.dll" adapterTypeName="executor://mstestadapter/v2" className="TwojeWesele.Services.Helpers.Tests.CurrencyHelperTests" name="FormatToStringTest1000" />
    </UnitTest>
    <UnitTest name="FormatToStringTest1000 (35145.379208063416,35145.38 zł)" storage="c:\projekty\mstestproject\bin\debug\netcoreapp3.1\mstestproject.dll" id="0e6354e6-00b6-4572-ae04-61bdbf9e9e0e">
      <TestCategory>
        <TestCategoryItem TestCategory="Category1000" />
      </TestCategory>
      <Execution id="1a2a8bf2-a5b8-49b8-8d76-9ec72b53c9a4" />
      <TestMethod codeBase="C:\Projekty\MSTestProject\bin\Debug\netcoreapp3.1\MSTestProject.dll" adapterTypeName="executor://mstestadapter/v2" className="TwojeWesele.Services.Helpers.Tests.CurrencyHelperTests" name="FormatToStringTest1000" />
    </UnitTest>
    <UnitTest name="FormatToStringTest1000 (9097.395563790293,9097.40 zł)" storage="c:\projekty\mstestproject\bin\debug\netcoreapp3.1\mstestproject.dll" id="8be53118-5952-488f-b5f8-ad93a38a413c">
      <TestCategory>
        <TestCategoryItem TestCategory="Category1000" />
      </TestCategory>
      <Execution id="ae459e8e-babc-4e36-a0cf-7e871ffa3610" />
      <TestMethod codeBase="C:\Projekty\MSTestProject\bin\Debug\netcoreapp3.1\MSTestProject.dll" adapterTypeName="executor://mstestadapter/v2" className="TwojeWesele.Services.Helpers.Tests.CurrencyHelperTests" name="FormatToStringTest1000" />
    </UnitTest>
    <UnitTest name="FormatToStringTest1000 (30031.89550569323,30031.90 zł)" storage="c:\projekty\mstestproject\bin\debug\netcoreapp3.1\mstestproject.dll" id="dc004bf1-d77f-4215-8ed8-01e041ba3bca">
      <TestCategory>
        <TestCategoryItem TestCategory="Category1000" />
      </TestCategory>
      <Execution id="f31c0e80-d073-45c8-aa46-c72e08e444f5" />
      <TestMethod codeBase="C:\Projekty\MSTestProject\bin\Debug\netcoreapp3.1\MSTestProject.dll" adapterTypeName="executor://mstestadapter/v2" className="TwojeWesele.Services.Helpers.Tests.CurrencyHelperTests" name="FormatToStringTest1000" />
    </UnitTest>
    <UnitTest name="FormatToStringTest1000 (55782.67998761762,55782.68 zł)" storage="c:\projekty\mstestproject\bin\debug\netcoreapp3.1\mstestproject.dll" id="fd6f14da-185c-4e59-9d93-b1c431256cd8">
      <TestCategory>
        <TestCategoryItem TestCategory="Category1000" />
      </TestCategory>
      <Execution id="546be950-7ea6-40d5-9980-666467d75cb2" />
      <TestMethod codeBase="C:\Projekty\MSTestProject\bin\Debug\netcoreapp3.1\MSTestProject.dll" adapterTypeName="executor://mstestadapter/v2" className="TwojeWesele.Services.Helpers.Tests.CurrencyHelperTests" name="FormatToStringTest1000" />
    </UnitTest>
    <UnitTest name="FormatToStringTest1000 (5317.9582678023535,5317.96 zł)" storage="c:\projekty\mstestproject\bin\debug\netcoreapp3.1\mstestproject.dll" id="c332c957-4526-4eb2-b740-6e58f6e80608">
      <TestCategory>
        <TestCategoryItem TestCategory="Category1000" />
      </TestCategory>
      <Execution id="e9d0d0c3-0337-4266-8b35-b860c7998556" />
      <TestMethod codeBase="C:\Projekty\MSTestProject\bin\Debug\netcoreapp3.1\MSTestProject.dll" adapterTypeName="executor://mstestadapter/v2" className="TwojeWesele.Services.Helpers.Tests.CurrencyHelperTests" name="FormatToStringTest1000" />
    </UnitTest>
    <UnitTest name="FormatToStringTest1000 (11912.404131636213,11912.40 zł)" storage="c:\projekty\mstestproject\bin\debug\netcoreapp3.1\mstestproject.dll" id="a02334a3-c891-40a7-964f-5de014cc29ad">
      <TestCategory>
        <TestCategoryItem TestCategory="Category1000" />
      </TestCategory>
      <Execution id="fe87b2ad-0cf2-4f39-8168-a1e1f5c5ac38" />
      <TestMethod codeBase="C:\Projekty\MSTestProject\bin\Debug\netcoreapp3.1\MSTestProject.dll" adapterTypeName="executor://mstestadapter/v2" className="TwojeWesele.Services.Helpers.Tests.CurrencyHelperTests" name="FormatToStringTest1000" />
    </UnitTest>
    <UnitTest name="FormatToStringTest1000 (85407.13428016152,85407.13 zł)" storage="c:\projekty\mstestproject\bin\debug\netcoreapp3.1\mstestproject.dll" id="9d526ba9-9e56-4c81-8231-51f08b62af27">
      <TestCategory>
        <TestCategoryItem TestCategory="Category1000" />
      </TestCategory>
      <Execution id="d74d269e-0130-43cb-b83e-ef8b5f820e07" />
      <TestMethod codeBase="C:\Projekty\MSTestProject\bin\Debug\netcoreapp3.1\MSTestProject.dll" adapterTypeName="executor://mstestadapter/v2" className="TwojeWesele.Services.Helpers.Tests.CurrencyHelperTests" name="FormatToStringTest1000" />
    </UnitTest>
    <UnitTest name="FormatToStringTest1000 (11175.438820935526,11175.44 zł)" storage="c:\projekty\mstestproject\bin\debug\netcoreapp3.1\mstestproject.dll" id="4be0f76a-bdd8-455f-aed9-43ff7822d16f">
      <TestCategory>
        <TestCategoryItem TestCategory="Category1000" />
      </TestCategory>
      <Execution id="8717b4d7-3fe0-43ea-aae0-d205d75a9e37" />
      <TestMethod codeBase="C:\Projekty\MSTestProject\bin\Debug\netcoreapp3.1\MSTestProject.dll" adapterTypeName="executor://mstestadapter/v2" className="TwojeWesele.Services.Helpers.Tests.CurrencyHelperTests" name="FormatToStringTest1000" />
    </UnitTest>
    <UnitTest name="FormatToStringTest1000 (33206.73122987837,33206.73 zł)" storage="c:\projekty\mstestproject\bin\debug\netcoreapp3.1\mstestproject.dll" id="a68491ee-e458-4a9c-af74-50ccd5bd6084">
      <TestCategory>
        <TestCategoryItem TestCategory="Category1000" />
      </TestCategory>
      <Execution id="e9b2f07f-53a3-43c8-8f26-79609f05661b" />
      <TestMethod codeBase="C:\Projekty\MSTestProject\bin\Debug\netcoreapp3.1\MSTestProject.dll" adapterTypeName="executor://mstestadapter/v2" className="TwojeWesele.Services.Helpers.Tests.CurrencyHelperTests" name="FormatToStringTest1000" />
    </UnitTest>
    <UnitTest name="FormatToStringTest1000 (16986.338876065027,16986.34 zł)" storage="c:\projekty\mstestproject\bin\debug\netcoreapp3.1\mstestproject.dll" id="110ee70b-a893-4c74-990a-3a8cc1f504e6">
      <TestCategory>
        <TestCategoryItem TestCategory="Category1000" />
      </TestCategory>
      <Execution id="3efc4268-5ee7-48af-9372-3453d185902e" />
      <TestMethod codeBase="C:\Projekty\MSTestProject\bin\Debug\netcoreapp3.1\MSTestProject.dll" adapterTypeName="executor://mstestadapter/v2" className="TwojeWesele.Services.Helpers.Tests.CurrencyHelperTests" name="FormatToStringTest1000" />
    </UnitTest>
    <UnitTest name="FormatToStringTest1000 (13323.876109275909,13323.88 zł)" storage="c:\projekty\mstestproject\bin\debug\netcoreapp3.1\mstestproject.dll" id="bd7fb085-546d-4a3a-8a5e-cad7b9b20b33">
      <TestCategory>
        <TestCategoryItem TestCategory="Category1000" />
      </TestCategory>
      <Execution id="de15d88e-0ff2-4d2f-9e48-207669d6955e" />
      <TestMethod codeBase="C:\Projekty\MSTestProject\bin\Debug\netcoreapp3.1\MSTestProject.dll" adapterTypeName="executor://mstestadapter/v2" className="TwojeWesele.Services.Helpers.Tests.CurrencyHelperTests" name="FormatToStringTest1000" />
    </UnitTest>
    <UnitTest name="FormatToStringTest1000 (13375.96341587415,13375.96 zł)" storage="c:\projekty\mstestproject\bin\debug\netcoreapp3.1\mstestproject.dll" id="d5b34ab1-6f6c-4e04-a1ee-d2ded75e1e17">
      <TestCategory>
        <TestCategoryItem TestCategory="Category1000" />
      </TestCategory>
      <Execution id="9d9b7400-2563-43ec-8afe-ee2f23cf25ec" />
      <TestMethod codeBase="C:\Projekty\MSTestProject\bin\Debug\netcoreapp3.1\MSTestProject.dll" adapterTypeName="executor://mstestadapter/v2" className="TwojeWesele.Services.Helpers.Tests.CurrencyHelperTests" name="FormatToStringTest1000" />
    </UnitTest>
    <UnitTest name="FormatToStringTest1000 (8851.904041135638,8851.90 zł)" storage="c:\projekty\mstestproject\bin\debug\netcoreapp3.1\mstestproject.dll" id="17b8fe43-36fe-45d7-9fb2-d48d9da633a1">
      <TestCategory>
        <TestCategoryItem TestCategory="Category1000" />
      </TestCategory>
      <Execution id="d2ba95e8-3530-4c20-858e-73f98886c5eb" />
      <TestMethod codeBase="C:\Projekty\MSTestProject\bin\Debug\netcoreapp3.1\MSTestProject.dll" adapterTypeName="executor://mstestadapter/v2" className="TwojeWesele.Services.Helpers.Tests.CurrencyHelperTests" name="FormatToStringTest1000" />
    </UnitTest>
    <UnitTest name="FormatToStringTest1000 (41915.7945284563,41915.79 zł)" storage="c:\projekty\mstestproject\bin\debug\netcoreapp3.1\mstestproject.dll" id="00690053-b6d4-49fa-8bd1-1059f4ca4e0a">
      <TestCategory>
        <TestCategoryItem TestCategory="Category1000" />
      </TestCategory>
      <Execution id="f7526d01-21a3-4189-89bb-91053dc06af4" />
      <TestMethod codeBase="C:\Projekty\MSTestProject\bin\Debug\netcoreapp3.1\MSTestProject.dll" adapterTypeName="executor://mstestadapter/v2" className="TwojeWesele.Services.Helpers.Tests.CurrencyHelperTests" name="FormatToStringTest1000" />
    </UnitTest>
    <UnitTest name="FormatToStringTest1000 (6035.818653228608,6035.82 zł)" storage="c:\projekty\mstestproject\bin\debug\netcoreapp3.1\mstestproject.dll" id="8d0eab21-feb3-4698-9787-3fe39ea2057c">
      <TestCategory>
        <TestCategoryItem TestCategory="Category1000" />
      </TestCategory>
      <Execution id="7735be02-811c-4d72-abe5-f8912ceb392c" />
      <TestMethod codeBase="C:\Projekty\MSTestProject\bin\Debug\netcoreapp3.1\MSTestProject.dll" adapterTypeName="executor://mstestadapter/v2" className="TwojeWesele.Services.Helpers.Tests.CurrencyHelperTests" name="FormatToStringTest1000" />
    </UnitTest>
    <UnitTest name="FormatToStringTest1000 (6262.373413993219,6262.37 zł)" storage="c:\projekty\mstestproject\bin\debug\netcoreapp3.1\mstestproject.dll" id="62d1982f-d310-446c-a771-99256351559e">
      <TestCategory>
        <TestCategoryItem TestCategory="Category1000" />
      </TestCategory>
      <Execution id="2e3c77e9-86da-41df-b79f-37e8dc95719a" />
      <TestMethod codeBase="C:\Projekty\MSTestProject\bin\Debug\netcoreapp3.1\MSTestProject.dll" adapterTypeName="executor://mstestadapter/v2" className="TwojeWesele.Services.Helpers.Tests.CurrencyHelperTests" name="FormatToStringTest1000" />
    </UnitTest>
    <UnitTest name="FormatToStringTest1000 (10495.622655484185,10495.62 zł)" storage="c:\projekty\mstestproject\bin\debug\netcoreapp3.1\mstestproject.dll" id="c26ac835-18ee-4126-9562-921884edcf25">
      <TestCategory>
        <TestCategoryItem TestCategory="Category1000" />
      </TestCategory>
      <Execution id="200ea594-09a8-4da9-882f-c47a27bff06b" />
      <TestMethod codeBase="C:\Projekty\MSTestProject\bin\Debug\netcoreapp3.1\MSTestProject.dll" adapterTypeName="executor://mstestadapter/v2" className="TwojeWesele.Services.Helpers.Tests.CurrencyHelperTests" name="FormatToStringTest1000" />
    </UnitTest>
    <UnitTest name="FormatToStringTest1000 (1474.699818629166,1474.70 zł)" storage="c:\projekty\mstestproject\bin\debug\netcoreapp3.1\mstestproject.dll" id="d78a45ff-8863-4564-b27a-50aef8cb3be7">
      <TestCategory>
        <TestCategoryItem TestCategory="Category1000" />
      </TestCategory>
      <Execution id="f608202a-351d-4255-97b2-622b8ffe79a7" />
      <TestMethod codeBase="C:\Projekty\MSTestProject\bin\Debug\netcoreapp3.1\MSTestProject.dll" adapterTypeName="executor://mstestadapter/v2" className="TwojeWesele.Services.Helpers.Tests.CurrencyHelperTests" name="FormatToStringTest1000" />
    </UnitTest>
    <UnitTest name="FormatToStringTest1000 (2339.5873176472205,2339.59 zł)" storage="c:\projekty\mstestproject\bin\debug\netcoreapp3.1\mstestproject.dll" id="2e0dbc74-f913-4112-9280-e34687491abe">
      <TestCategory>
        <TestCategoryItem TestCategory="Category1000" />
      </TestCategory>
      <Execution id="fafd5030-ffd8-4ed3-8791-c0e0956f66b7" />
      <TestMethod codeBase="C:\Projekty\MSTestProject\bin\Debug\netcoreapp3.1\MSTestProject.dll" adapterTypeName="executor://mstestadapter/v2" className="TwojeWesele.Services.Helpers.Tests.CurrencyHelperTests" name="FormatToStringTest1000" />
    </UnitTest>
    <UnitTest name="FormatToStringTest1000 (14712.754747761765,14712.75 zł)" storage="c:\projekty\mstestproject\bin\debug\netcoreapp3.1\mstestproject.dll" id="d19dc55a-bc70-4385-9a69-b2c21dbcbba1">
      <TestCategory>
        <TestCategoryItem TestCategory="Category1000" />
      </TestCategory>
      <Execution id="acfe2fd8-7cdd-4660-8453-813895896a49" />
      <TestMethod codeBase="C:\Projekty\MSTestProject\bin\Debug\netcoreapp3.1\MSTestProject.dll" adapterTypeName="executor://mstestadapter/v2" className="TwojeWesele.Services.Helpers.Tests.CurrencyHelperTests" name="FormatToStringTest1000" />
    </UnitTest>
    <UnitTest name="FormatToStringTest1000 (12187.551827252633,12187.55 zł)" storage="c:\projekty\mstestproject\bin\debug\netcoreapp3.1\mstestproject.dll" id="00f87bfb-8208-48f7-b6ad-e4f3aad761aa">
      <TestCategory>
        <TestCategoryItem TestCategory="Category1000" />
      </TestCategory>
      <Execution id="80fb03be-8a75-4ea5-9851-b8de0f184877" />
      <TestMethod codeBase="C:\Projekty\MSTestProject\bin\Debug\netcoreapp3.1\MSTestProject.dll" adapterTypeName="executor://mstestadapter/v2" className="TwojeWesele.Services.Helpers.Tests.CurrencyHelperTests" name="FormatToStringTest1000" />
    </UnitTest>
    <UnitTest name="FormatToStringTest1000 (57713.01647853712,57713.02 zł)" storage="c:\projekty\mstestproject\bin\debug\netcoreapp3.1\mstestproject.dll" id="e67f3c62-34d7-4833-9ee1-bc195dd87921">
      <TestCategory>
        <TestCategoryItem TestCategory="Category1000" />
      </TestCategory>
      <Execution id="27358856-da67-490e-bfa1-f8717ad4e89d" />
      <TestMethod codeBase="C:\Projekty\MSTestProject\bin\Debug\netcoreapp3.1\MSTestProject.dll" adapterTypeName="executor://mstestadapter/v2" className="TwojeWesele.Services.Helpers.Tests.CurrencyHelperTests" name="FormatToStringTest1000" />
    </UnitTest>
    <UnitTest name="FormatToStringTest1000 (44677.61946778074,44677.62 zł)" storage="c:\projekty\mstestproject\bin\debug\netcoreapp3.1\mstestproject.dll" id="4445b421-cadc-4c23-942a-c0d504aa1192">
      <TestCategory>
        <TestCategoryItem TestCategory="Category1000" />
      </TestCategory>
      <Execution id="7e4e12d3-4a2a-493f-8bb7-c2a453e10339" />
      <TestMethod codeBase="C:\Projekty\MSTestProject\bin\Debug\netcoreapp3.1\MSTestProject.dll" adapterTypeName="executor://mstestadapter/v2" className="TwojeWesele.Services.Helpers.Tests.CurrencyHelperTests" name="FormatToStringTest1000" />
    </UnitTest>
    <UnitTest name="FormatToStringTest1000 (25720.27551496321,25720.28 zł)" storage="c:\projekty\mstestproject\bin\debug\netcoreapp3.1\mstestproject.dll" id="2b6fc4a8-1a17-4081-a965-1dc08db2ba94">
      <TestCategory>
        <TestCategoryItem TestCategory="Category1000" />
      </TestCategory>
      <Execution id="2c07a90f-b6e5-4739-9dcb-d95244eab45a" />
      <TestMethod codeBase="C:\Projekty\MSTestProject\bin\Debug\netcoreapp3.1\MSTestProject.dll" adapterTypeName="executor://mstestadapter/v2" className="TwojeWesele.Services.Helpers.Tests.CurrencyHelperTests" name="FormatToStringTest1000" />
    </UnitTest>
    <UnitTest name="FormatToStringTest1000 (37114.901517336206,37114.90 zł)" storage="c:\projekty\mstestproject\bin\debug\netcoreapp3.1\mstestproject.dll" id="4fbb7f2d-85bd-4682-b62c-d1ca341dc540">
      <TestCategory>
        <TestCategoryItem TestCategory="Category1000" />
      </TestCategory>
      <Execution id="ef601cf6-d580-4126-b6c3-942d25716c80" />
      <TestMethod codeBase="C:\Projekty\MSTestProject\bin\Debug\netcoreapp3.1\MSTestProject.dll" adapterTypeName="executor://mstestadapter/v2" className="TwojeWesele.Services.Helpers.Tests.CurrencyHelperTests" name="FormatToStringTest1000" />
    </UnitTest>
    <UnitTest name="FormatToStringTest1000 (70149.17842025738,70149.18 zł)" storage="c:\projekty\mstestproject\bin\debug\netcoreapp3.1\mstestproject.dll" id="c6366022-7623-428f-8b8c-78b15ecfe4f2">
      <TestCategory>
        <TestCategoryItem TestCategory="Category1000" />
      </TestCategory>
      <Execution id="5ca7b06b-6d7d-43cd-8fcf-3aad2dbe7767" />
      <TestMethod codeBase="C:\Projekty\MSTestProject\bin\Debug\netcoreapp3.1\MSTestProject.dll" adapterTypeName="executor://mstestadapter/v2" className="TwojeWesele.Services.Helpers.Tests.CurrencyHelperTests" name="FormatToStringTest1000" />
    </UnitTest>
    <UnitTest name="FormatToStringTest1000 (88616.03808168416,88616.04 zł)" storage="c:\projekty\mstestproject\bin\debug\netcoreapp3.1\mstestproject.dll" id="7722594c-4706-4fec-867a-e89b73ef7749">
      <TestCategory>
        <TestCategoryItem TestCategory="Category1000" />
      </TestCategory>
      <Execution id="5274438e-9edd-4a4f-abca-8616516adf0a" />
      <TestMethod codeBase="C:\Projekty\MSTestProject\bin\Debug\netcoreapp3.1\MSTestProject.dll" adapterTypeName="executor://mstestadapter/v2" className="TwojeWesele.Services.Helpers.Tests.CurrencyHelperTests" name="FormatToStringTest1000" />
    </UnitTest>
    <UnitTest name="FormatToStringTest1000 (20321.03715103913,20321.04 zł)" storage="c:\projekty\mstestproject\bin\debug\netcoreapp3.1\mstestproject.dll" id="e57da9b1-6cad-4a32-bf22-98eec0e8abb4">
      <TestCategory>
        <TestCategoryItem TestCategory="Category1000" />
      </TestCategory>
      <Execution id="7afe8673-4056-4c4c-ba45-652e80f2b04a" />
      <TestMethod codeBase="C:\Projekty\MSTestProject\bin\Debug\netcoreapp3.1\MSTestProject.dll" adapterTypeName="executor://mstestadapter/v2" className="TwojeWesele.Services.Helpers.Tests.CurrencyHelperTests" name="FormatToStringTest1000" />
    </UnitTest>
    <UnitTest name="FormatToStringTest1000 (2951.2722077329045,2951.27 zł)" storage="c:\projekty\mstestproject\bin\debug\netcoreapp3.1\mstestproject.dll" id="f53db18f-f962-4e18-929f-136ed3a063c2">
      <TestCategory>
        <TestCategoryItem TestCategory="Category1000" />
      </TestCategory>
      <Execution id="8324365b-9289-43a8-b46c-42aa089200ad" />
      <TestMethod codeBase="C:\Projekty\MSTestProject\bin\Debug\netcoreapp3.1\MSTestProject.dll" adapterTypeName="executor://mstestadapter/v2" className="TwojeWesele.Services.Helpers.Tests.CurrencyHelperTests" name="FormatToStringTest1000" />
    </UnitTest>
    <UnitTest name="FormatToStringTest1000 (9765.54450809748,9765.54 zł)" storage="c:\projekty\mstestproject\bin\debug\netcoreapp3.1\mstestproject.dll" id="5e06e6af-120c-4fe9-8499-bf3f96869788">
      <TestCategory>
        <TestCategoryItem TestCategory="Category1000" />
      </TestCategory>
      <Execution id="9ae867ff-6b12-45b4-8624-5ea05f90e373" />
      <TestMethod codeBase="C:\Projekty\MSTestProject\bin\Debug\netcoreapp3.1\MSTestProject.dll" adapterTypeName="executor://mstestadapter/v2" className="TwojeWesele.Services.Helpers.Tests.CurrencyHelperTests" name="FormatToStringTest1000" />
    </UnitTest>
    <UnitTest name="FormatToStringTest1000 (743.047944508981,743.05 zł)" storage="c:\projekty\mstestproject\bin\debug\netcoreapp3.1\mstestproject.dll" id="4ee2dd55-4e4e-4550-b16b-7c42d42a6128">
      <TestCategory>
        <TestCategoryItem TestCategory="Category1000" />
      </TestCategory>
      <Execution id="73b31e13-22fb-4db8-8a2a-7a007d40b871" />
      <TestMethod codeBase="C:\Projekty\MSTestProject\bin\Debug\netcoreapp3.1\MSTestProject.dll" adapterTypeName="executor://mstestadapter/v2" className="TwojeWesele.Services.Helpers.Tests.CurrencyHelperTests" name="FormatToStringTest1000" />
    </UnitTest>
    <UnitTest name="FormatToStringTest1000 (10501.127379151585,10501.13 zł)" storage="c:\projekty\mstestproject\bin\debug\netcoreapp3.1\mstestproject.dll" id="addb0fec-542f-4633-a502-6efab002315a">
      <TestCategory>
        <TestCategoryItem TestCategory="Category1000" />
      </TestCategory>
      <Execution id="c850ea5f-a26a-4728-9e40-9562c2785138" />
      <TestMethod codeBase="C:\Projekty\MSTestProject\bin\Debug\netcoreapp3.1\MSTestProject.dll" adapterTypeName="executor://mstestadapter/v2" className="TwojeWesele.Services.Helpers.Tests.CurrencyHelperTests" name="FormatToStringTest1000" />
    </UnitTest>
    <UnitTest name="FormatToStringTest1000 (32632.105531036905,32632.11 zł)" storage="c:\projekty\mstestproject\bin\debug\netcoreapp3.1\mstestproject.dll" id="e77b905d-5913-48e7-8c5b-41ff4ee8d229">
      <TestCategory>
        <TestCategoryItem TestCategory="Category1000" />
      </TestCategory>
      <Execution id="943aae64-784a-4744-9f09-c6a11d1b707a" />
      <TestMethod codeBase="C:\Projekty\MSTestProject\bin\Debug\netcoreapp3.1\MSTestProject.dll" adapterTypeName="executor://mstestadapter/v2" className="TwojeWesele.Services.Helpers.Tests.CurrencyHelperTests" name="FormatToStringTest1000" />
    </UnitTest>
    <UnitTest name="FormatToStringTest1000 (37866.43836050967,37866.44 zł)" storage="c:\projekty\mstestproject\bin\debug\netcoreapp3.1\mstestproject.dll" id="6e38bd80-0c07-4713-9c61-b63828d666a5">
      <TestCategory>
        <TestCategoryItem TestCategory="Category1000" />
      </TestCategory>
      <Execution id="2e115d6e-08ac-4c46-81d8-89d72d1ab38b" />
      <TestMethod codeBase="C:\Projekty\MSTestProject\bin\Debug\netcoreapp3.1\MSTestProject.dll" adapterTypeName="executor://mstestadapter/v2" className="TwojeWesele.Services.Helpers.Tests.CurrencyHelperTests" name="FormatToStringTest1000" />
    </UnitTest>
    <UnitTest name="FormatToStringTest1000 (918.1842976688334,918.18 zł)" storage="c:\projekty\mstestproject\bin\debug\netcoreapp3.1\mstestproject.dll" id="db6e9d7d-2fc3-409b-85f3-e0f1463439e3">
      <TestCategory>
        <TestCategoryItem TestCategory="Category1000" />
      </TestCategory>
      <Execution id="0deb54a1-136c-44ed-ba6a-4f5ec4f4184c" />
      <TestMethod codeBase="C:\Projekty\MSTestProject\bin\Debug\netcoreapp3.1\MSTestProject.dll" adapterTypeName="executor://mstestadapter/v2" className="TwojeWesele.Services.Helpers.Tests.CurrencyHelperTests" name="FormatToStringTest1000" />
    </UnitTest>
    <UnitTest name="FormatToStringTest1000 (35065.40267025652,35065.40 zł)" storage="c:\projekty\mstestproject\bin\debug\netcoreapp3.1\mstestproject.dll" id="f9d6e6b1-a565-4770-8d0f-392943ed60c0">
      <TestCategory>
        <TestCategoryItem TestCategory="Category1000" />
      </TestCategory>
      <Execution id="ed5cfaaa-0c93-4193-9c46-5926ce352cf3" />
      <TestMethod codeBase="C:\Projekty\MSTestProject\bin\Debug\netcoreapp3.1\MSTestProject.dll" adapterTypeName="executor://mstestadapter/v2" className="TwojeWesele.Services.Helpers.Tests.CurrencyHelperTests" name="FormatToStringTest1000" />
    </UnitTest>
    <UnitTest name="FormatToStringTest1000 (11958.422287871792,11958.42 zł)" storage="c:\projekty\mstestproject\bin\debug\netcoreapp3.1\mstestproject.dll" id="fdcb6193-7e51-4d42-8eae-95dd2dd2ffd9">
      <TestCategory>
        <TestCategoryItem TestCategory="Category1000" />
      </TestCategory>
      <Execution id="3d106567-0ea1-40ea-a736-b92d0985ef5e" />
      <TestMethod codeBase="C:\Projekty\MSTestProject\bin\Debug\netcoreapp3.1\MSTestProject.dll" adapterTypeName="executor://mstestadapter/v2" className="TwojeWesele.Services.Helpers.Tests.CurrencyHelperTests" name="FormatToStringTest1000" />
    </UnitTest>
    <UnitTest name="FormatToStringTest1000 (67109.22110940759,67109.22 zł)" storage="c:\projekty\mstestproject\bin\debug\netcoreapp3.1\mstestproject.dll" id="caa67b77-c55a-410d-837d-6f6960189681">
      <TestCategory>
        <TestCategoryItem TestCategory="Category1000" />
      </TestCategory>
      <Execution id="2b22b02e-b3fb-4784-9f20-3bc1a84a3d30" />
      <TestMethod codeBase="C:\Projekty\MSTestProject\bin\Debug\netcoreapp3.1\MSTestProject.dll" adapterTypeName="executor://mstestadapter/v2" className="TwojeWesele.Services.Helpers.Tests.CurrencyHelperTests" name="FormatToStringTest1000" />
    </UnitTest>
    <UnitTest name="FormatToStringTest1000 (7193.552206002898,7193.55 zł)" storage="c:\projekty\mstestproject\bin\debug\netcoreapp3.1\mstestproject.dll" id="fc211d6f-6d70-4e8b-8463-8d402eb9eaf8">
      <TestCategory>
        <TestCategoryItem TestCategory="Category1000" />
      </TestCategory>
      <Execution id="233a71c8-1fc7-4ca1-8c8d-61a34013c4c4" />
      <TestMethod codeBase="C:\Projekty\MSTestProject\bin\Debug\netcoreapp3.1\MSTestProject.dll" adapterTypeName="executor://mstestadapter/v2" className="TwojeWesele.Services.Helpers.Tests.CurrencyHelperTests" name="FormatToStringTest1000" />
    </UnitTest>
    <UnitTest name="FormatToStringTest1000 (17835.54606576988,17835.55 zł)" storage="c:\projekty\mstestproject\bin\debug\netcoreapp3.1\mstestproject.dll" id="8e7426f6-6a98-4cfc-abac-7d4ab2a962f1">
      <TestCategory>
        <TestCategoryItem TestCategory="Category1000" />
      </TestCategory>
      <Execution id="0102ef12-2825-4a12-a886-615575d6f9a6" />
      <TestMethod codeBase="C:\Projekty\MSTestProject\bin\Debug\netcoreapp3.1\MSTestProject.dll" adapterTypeName="executor://mstestadapter/v2" className="TwojeWesele.Services.Helpers.Tests.CurrencyHelperTests" name="FormatToStringTest1000" />
    </UnitTest>
    <UnitTest name="FormatToStringTest1000 (3270.482477338743,3270.48 zł)" storage="c:\projekty\mstestproject\bin\debug\netcoreapp3.1\mstestproject.dll" id="48b98b19-cdf1-4f8d-8e4b-9ced9951f341">
      <TestCategory>
        <TestCategoryItem TestCategory="Category1000" />
      </TestCategory>
      <Execution id="5d686240-64a3-4fe3-bc2e-745aac1d93fb" />
      <TestMethod codeBase="C:\Projekty\MSTestProject\bin\Debug\netcoreapp3.1\MSTestProject.dll" adapterTypeName="executor://mstestadapter/v2" className="TwojeWesele.Services.Helpers.Tests.CurrencyHelperTests" name="FormatToStringTest1000" />
    </UnitTest>
    <UnitTest name="FormatToStringTest1000 (3303.1902076747224,3303.19 zł)" storage="c:\projekty\mstestproject\bin\debug\netcoreapp3.1\mstestproject.dll" id="db373082-8040-41fe-a214-dbdc41c20e7f">
      <TestCategory>
        <TestCategoryItem TestCategory="Category1000" />
      </TestCategory>
      <Execution id="4834c761-d03e-4509-affc-2c6b1a83c4b4" />
      <TestMethod codeBase="C:\Projekty\MSTestProject\bin\Debug\netcoreapp3.1\MSTestProject.dll" adapterTypeName="executor://mstestadapter/v2" className="TwojeWesele.Services.Helpers.Tests.CurrencyHelperTests" name="FormatToStringTest1000" />
    </UnitTest>
    <UnitTest name="FormatToStringTest1000 (45930.2386782068,45930.24 zł)" storage="c:\projekty\mstestproject\bin\debug\netcoreapp3.1\mstestproject.dll" id="7c7a3fc6-855f-42d3-870e-c5a2e95e5b5b">
      <TestCategory>
        <TestCategoryItem TestCategory="Category1000" />
      </TestCategory>
      <Execution id="0fa68a83-6eff-4a2f-96bc-2786d379824c" />
      <TestMethod codeBase="C:\Projekty\MSTestProject\bin\Debug\netcoreapp3.1\MSTestProject.dll" adapterTypeName="executor://mstestadapter/v2" className="TwojeWesele.Services.Helpers.Tests.CurrencyHelperTests" name="FormatToStringTest1000" />
    </UnitTest>
    <UnitTest name="FormatToStringTest1000 (24570.65594858893,24570.66 zł)" storage="c:\projekty\mstestproject\bin\debug\netcoreapp3.1\mstestproject.dll" id="4c23b925-f8e0-4c0a-b98c-bcdc4dec3952">
      <TestCategory>
        <TestCategoryItem TestCategory="Category1000" />
      </TestCategory>
      <Execution id="fa6d1fad-704a-4171-afe1-f3d4204efe53" />
      <TestMethod codeBase="C:\Projekty\MSTestProject\bin\Debug\netcoreapp3.1\MSTestProject.dll" adapterTypeName="executor://mstestadapter/v2" className="TwojeWesele.Services.Helpers.Tests.CurrencyHelperTests" name="FormatToStringTest1000" />
    </UnitTest>
    <UnitTest name="FormatToStringTest1000 (40400.9734049295,40400.97 zł)" storage="c:\projekty\mstestproject\bin\debug\netcoreapp3.1\mstestproject.dll" id="10342300-1bf4-4a4c-97f1-5ec46da8fb1e">
      <TestCategory>
        <TestCategoryItem TestCategory="Category1000" />
      </TestCategory>
      <Execution id="c5ba8fd5-573c-4cc9-94b0-f63ccb7b3344" />
      <TestMethod codeBase="C:\Projekty\MSTestProject\bin\Debug\netcoreapp3.1\MSTestProject.dll" adapterTypeName="executor://mstestadapter/v2" className="TwojeWesele.Services.Helpers.Tests.CurrencyHelperTests" name="FormatToStringTest1000" />
    </UnitTest>
    <UnitTest name="FormatToStringTest1000 (2992.6161168593057,2992.62 zł)" storage="c:\projekty\mstestproject\bin\debug\netcoreapp3.1\mstestproject.dll" id="4fa52109-3222-4351-a6ae-4ab8c0f8dadc">
      <TestCategory>
        <TestCategoryItem TestCategory="Category1000" />
      </TestCategory>
      <Execution id="0641489b-26db-4893-973a-79dade649b0a" />
      <TestMethod codeBase="C:\Projekty\MSTestProject\bin\Debug\netcoreapp3.1\MSTestProject.dll" adapterTypeName="executor://mstestadapter/v2" className="TwojeWesele.Services.Helpers.Tests.CurrencyHelperTests" name="FormatToStringTest1000" />
    </UnitTest>
    <UnitTest name="FormatToStringTest1000 (2897.9775426620513,2897.98 zł)" storage="c:\projekty\mstestproject\bin\debug\netcoreapp3.1\mstestproject.dll" id="ee597cfa-01a1-49f5-a304-540dfb41a65d">
      <TestCategory>
        <TestCategoryItem TestCategory="Category1000" />
      </TestCategory>
      <Execution id="9149d3fb-89b0-4356-8756-b4008ed35318" />
      <TestMethod codeBase="C:\Projekty\MSTestProject\bin\Debug\netcoreapp3.1\MSTestProject.dll" adapterTypeName="executor://mstestadapter/v2" className="TwojeWesele.Services.Helpers.Tests.CurrencyHelperTests" name="FormatToStringTest1000" />
    </UnitTest>
    <UnitTest name="FormatToStringTest1000 (17090.629587323234,17090.63 zł)" storage="c:\projekty\mstestproject\bin\debug\netcoreapp3.1\mstestproject.dll" id="a75b5df3-9a1b-454f-9823-a0e47a4c3070">
      <TestCategory>
        <TestCategoryItem TestCategory="Category1000" />
      </TestCategory>
      <Execution id="27d23469-66d0-42c3-a772-cd71353f7f52" />
      <TestMethod codeBase="C:\Projekty\MSTestProject\bin\Debug\netcoreapp3.1\MSTestProject.dll" adapterTypeName="executor://mstestadapter/v2" className="TwojeWesele.Services.Helpers.Tests.CurrencyHelperTests" name="FormatToStringTest1000" />
    </UnitTest>
    <UnitTest name="FormatToStringTest1000 (5396.620088554277,5396.62 zł)" storage="c:\projekty\mstestproject\bin\debug\netcoreapp3.1\mstestproject.dll" id="aed3a4cc-d411-475f-aed6-b569b234111e">
      <TestCategory>
        <TestCategoryItem TestCategory="Category1000" />
      </TestCategory>
      <Execution id="8c736763-28a3-48b1-91fd-0ec70045173d" />
      <TestMethod codeBase="C:\Projekty\MSTestProject\bin\Debug\netcoreapp3.1\MSTestProject.dll" adapterTypeName="executor://mstestadapter/v2" className="TwojeWesele.Services.Helpers.Tests.CurrencyHelperTests" name="FormatToStringTest1000" />
    </UnitTest>
    <UnitTest name="FormatToStringTest1000 (17988.455793307843,17988.46 zł)" storage="c:\projekty\mstestproject\bin\debug\netcoreapp3.1\mstestproject.dll" id="854ac7d1-1d67-4597-b49a-341a03cf5cae">
      <TestCategory>
        <TestCategoryItem TestCategory="Category1000" />
      </TestCategory>
      <Execution id="7286c201-f2c8-498e-901e-ec7d7e95acca" />
      <TestMethod codeBase="C:\Projekty\MSTestProject\bin\Debug\netcoreapp3.1\MSTestProject.dll" adapterTypeName="executor://mstestadapter/v2" className="TwojeWesele.Services.Helpers.Tests.CurrencyHelperTests" name="FormatToStringTest1000" />
    </UnitTest>
    <UnitTest name="FormatToStringTest1000 (52020.805412759444,52020.81 zł)" storage="c:\projekty\mstestproject\bin\debug\netcoreapp3.1\mstestproject.dll" id="000d39fb-52f8-4345-9a2e-08a8af2420df">
      <TestCategory>
        <TestCategoryItem TestCategory="Category1000" />
      </TestCategory>
      <Execution id="978727ac-f1c5-4ae0-a151-89b82cc6d591" />
      <TestMethod codeBase="C:\Projekty\MSTestProject\bin\Debug\netcoreapp3.1\MSTestProject.dll" adapterTypeName="executor://mstestadapter/v2" className="TwojeWesele.Services.Helpers.Tests.CurrencyHelperTests" name="FormatToStringTest1000" />
    </UnitTest>
    <UnitTest name="FormatToStringTest1000 (17845.255864087147,17845.26 zł)" storage="c:\projekty\mstestproject\bin\debug\netcoreapp3.1\mstestproject.dll" id="f2ceb299-5d9d-4072-a326-b08f34f8c034">
      <TestCategory>
        <TestCategoryItem TestCategory="Category1000" />
      </TestCategory>
      <Execution id="5dac2423-5361-4fe0-8bba-10b174dc067b" />
      <TestMethod codeBase="C:\Projekty\MSTestProject\bin\Debug\netcoreapp3.1\MSTestProject.dll" adapterTypeName="executor://mstestadapter/v2" className="TwojeWesele.Services.Helpers.Tests.CurrencyHelperTests" name="FormatToStringTest1000" />
    </UnitTest>
    <UnitTest name="FormatToStringTest1000 (23282.56178903047,23282.56 zł)" storage="c:\projekty\mstestproject\bin\debug\netcoreapp3.1\mstestproject.dll" id="987f3fbc-d07a-4912-99e8-fa5272cd109c">
      <TestCategory>
        <TestCategoryItem TestCategory="Category1000" />
      </TestCategory>
      <Execution id="fadf273a-c1cd-4ae5-b18f-cbb5ea7c8319" />
      <TestMethod codeBase="C:\Projekty\MSTestProject\bin\Debug\netcoreapp3.1\MSTestProject.dll" adapterTypeName="executor://mstestadapter/v2" className="TwojeWesele.Services.Helpers.Tests.CurrencyHelperTests" name="FormatToStringTest1000" />
    </UnitTest>
    <UnitTest name="FormatToStringTest1000 (79388.929555234,79388.93 zł)" storage="c:\projekty\mstestproject\bin\debug\netcoreapp3.1\mstestproject.dll" id="042604fd-c0a4-4721-bcad-ae5b3e8dd717">
      <TestCategory>
        <TestCategoryItem TestCategory="Category1000" />
      </TestCategory>
      <Execution id="e3005359-08cb-423c-a183-9c665fe705ac" />
      <TestMethod codeBase="C:\Projekty\MSTestProject\bin\Debug\netcoreapp3.1\MSTestProject.dll" adapterTypeName="executor://mstestadapter/v2" className="TwojeWesele.Services.Helpers.Tests.CurrencyHelperTests" name="FormatToStringTest1000" />
    </UnitTest>
    <UnitTest name="FormatToStringTest1000 (20623.53139885493,20623.53 zł)" storage="c:\projekty\mstestproject\bin\debug\netcoreapp3.1\mstestproject.dll" id="a0446e79-618a-4357-bcb8-fd1186222dac">
      <TestCategory>
        <TestCategoryItem TestCategory="Category1000" />
      </TestCategory>
      <Execution id="89a38bdb-4699-4d7f-bc90-bb622b7f9e8b" />
      <TestMethod codeBase="C:\Projekty\MSTestProject\bin\Debug\netcoreapp3.1\MSTestProject.dll" adapterTypeName="executor://mstestadapter/v2" className="TwojeWesele.Services.Helpers.Tests.CurrencyHelperTests" name="FormatToStringTest1000" />
    </UnitTest>
    <UnitTest name="FormatToStringTest1000 (26843.15785584932,26843.16 zł)" storage="c:\projekty\mstestproject\bin\debug\netcoreapp3.1\mstestproject.dll" id="2760b1f9-87c9-4a90-a1ec-8dd17d3aa418">
      <TestCategory>
        <TestCategoryItem TestCategory="Category1000" />
      </TestCategory>
      <Execution id="da044eab-d2be-4525-89ac-b685d5e16abc" />
      <TestMethod codeBase="C:\Projekty\MSTestProject\bin\Debug\netcoreapp3.1\MSTestProject.dll" adapterTypeName="executor://mstestadapter/v2" className="TwojeWesele.Services.Helpers.Tests.CurrencyHelperTests" name="FormatToStringTest1000" />
    </UnitTest>
    <UnitTest name="FormatToStringTest1000 (51632.87002968503,51632.87 zł)" storage="c:\projekty\mstestproject\bin\debug\netcoreapp3.1\mstestproject.dll" id="3b9bb2f8-ec76-4a8e-866c-972111012c21">
      <TestCategory>
        <TestCategoryItem TestCategory="Category1000" />
      </TestCategory>
      <Execution id="187c669c-2d0e-4d76-8f3f-daf6e9b0d3fc" />
      <TestMethod codeBase="C:\Projekty\MSTestProject\bin\Debug\netcoreapp3.1\MSTestProject.dll" adapterTypeName="executor://mstestadapter/v2" className="TwojeWesele.Services.Helpers.Tests.CurrencyHelperTests" name="FormatToStringTest1000" />
    </UnitTest>
    <UnitTest name="FormatToStringTest1000 (12283.48626129026,12283.49 zł)" storage="c:\projekty\mstestproject\bin\debug\netcoreapp3.1\mstestproject.dll" id="1be4385b-55ff-4a43-bb45-1c991cf4e1f5">
      <TestCategory>
        <TestCategoryItem TestCategory="Category1000" />
      </TestCategory>
      <Execution id="e0d880ad-3a5a-4a07-9292-4c2d35d4d813" />
      <TestMethod codeBase="C:\Projekty\MSTestProject\bin\Debug\netcoreapp3.1\MSTestProject.dll" adapterTypeName="executor://mstestadapter/v2" className="TwojeWesele.Services.Helpers.Tests.CurrencyHelperTests" name="FormatToStringTest1000" />
    </UnitTest>
    <UnitTest name="FormatToStringTest1000 (904.351189922705,904.35 zł)" storage="c:\projekty\mstestproject\bin\debug\netcoreapp3.1\mstestproject.dll" id="50018b6e-fe52-446a-ac9f-da5129452c76">
      <TestCategory>
        <TestCategoryItem TestCategory="Category1000" />
      </TestCategory>
      <Execution id="38a0fb01-60a6-4ae6-a20e-670f60170210" />
      <TestMethod codeBase="C:\Projekty\MSTestProject\bin\Debug\netcoreapp3.1\MSTestProject.dll" adapterTypeName="executor://mstestadapter/v2" className="TwojeWesele.Services.Helpers.Tests.CurrencyHelperTests" name="FormatToStringTest1000" />
    </UnitTest>
    <UnitTest name="FormatToStringTest1000 (55303.17220895699,55303.17 zł)" storage="c:\projekty\mstestproject\bin\debug\netcoreapp3.1\mstestproject.dll" id="b8ac2d03-a003-44b1-9288-2eb1ddc00ef1">
      <TestCategory>
        <TestCategoryItem TestCategory="Category1000" />
      </TestCategory>
      <Execution id="3b14bd92-c6af-40f4-8569-7bcc8d22cf23" />
      <TestMethod codeBase="C:\Projekty\MSTestProject\bin\Debug\netcoreapp3.1\MSTestProject.dll" adapterTypeName="executor://mstestadapter/v2" className="TwojeWesele.Services.Helpers.Tests.CurrencyHelperTests" name="FormatToStringTest1000" />
    </UnitTest>
    <UnitTest name="FormatToStringTest1000 (38614.292320713066,38614.29 zł)" storage="c:\projekty\mstestproject\bin\debug\netcoreapp3.1\mstestproject.dll" id="7be0c3b1-ae8a-4d29-ad8c-ac02e0f815ce">
      <TestCategory>
        <TestCategoryItem TestCategory="Category1000" />
      </TestCategory>
      <Execution id="ae43da0b-d53a-408e-81b5-7fae8ba56f00" />
      <TestMethod codeBase="C:\Projekty\MSTestProject\bin\Debug\netcoreapp3.1\MSTestProject.dll" adapterTypeName="executor://mstestadapter/v2" className="TwojeWesele.Services.Helpers.Tests.CurrencyHelperTests" name="FormatToStringTest1000" />
    </UnitTest>
    <UnitTest name="FormatToStringTest1000 (3700.029953029021,3700.03 zł)" storage="c:\projekty\mstestproject\bin\debug\netcoreapp3.1\mstestproject.dll" id="7148b3dd-8118-4eea-bb43-4741fcd6007b">
      <TestCategory>
        <TestCategoryItem TestCategory="Category1000" />
      </TestCategory>
      <Execution id="e546c19f-8c91-4ace-bcf8-4f26cdb6dece" />
      <TestMethod codeBase="C:\Projekty\MSTestProject\bin\Debug\netcoreapp3.1\MSTestProject.dll" adapterTypeName="executor://mstestadapter/v2" className="TwojeWesele.Services.Helpers.Tests.CurrencyHelperTests" name="FormatToStringTest1000" />
    </UnitTest>
    <UnitTest name="FormatToStringTest1000 (46607.970025941715,46607.97 zł)" storage="c:\projekty\mstestproject\bin\debug\netcoreapp3.1\mstestproject.dll" id="d9d79462-54d2-44c6-bb81-eba4c71a69e2">
      <TestCategory>
        <TestCategoryItem TestCategory="Category1000" />
      </TestCategory>
      <Execution id="1217b832-08fd-42ce-ad5b-e0ece3141bfa" />
      <TestMethod codeBase="C:\Projekty\MSTestProject\bin\Debug\netcoreapp3.1\MSTestProject.dll" adapterTypeName="executor://mstestadapter/v2" className="TwojeWesele.Services.Helpers.Tests.CurrencyHelperTests" name="FormatToStringTest1000" />
    </UnitTest>
    <UnitTest name="FormatToStringTest1000 (28861.97337596769,28861.97 zł)" storage="c:\projekty\mstestproject\bin\debug\netcoreapp3.1\mstestproject.dll" id="1fc37109-d10a-4303-9008-2f9eb2960f23">
      <TestCategory>
        <TestCategoryItem TestCategory="Category1000" />
      </TestCategory>
      <Execution id="0b27c457-6241-4b5c-b0cd-0ce563dea391" />
      <TestMethod codeBase="C:\Projekty\MSTestProject\bin\Debug\netcoreapp3.1\MSTestProject.dll" adapterTypeName="executor://mstestadapter/v2" className="TwojeWesele.Services.Helpers.Tests.CurrencyHelperTests" name="FormatToStringTest1000" />
    </UnitTest>
    <UnitTest name="FormatToStringTest1000 (10324.538670147089,10324.54 zł)" storage="c:\projekty\mstestproject\bin\debug\netcoreapp3.1\mstestproject.dll" id="ccc6a53e-eeaa-41ba-97aa-ea6735682763">
      <TestCategory>
        <TestCategoryItem TestCategory="Category1000" />
      </TestCategory>
      <Execution id="0ac9de76-7e72-4e7b-8772-7c9118711b53" />
      <TestMethod codeBase="C:\Projekty\MSTestProject\bin\Debug\netcoreapp3.1\MSTestProject.dll" adapterTypeName="executor://mstestadapter/v2" className="TwojeWesele.Services.Helpers.Tests.CurrencyHelperTests" name="FormatToStringTest1000" />
    </UnitTest>
    <UnitTest name="FormatToStringTest1000 (59283.7670322637,59283.77 zł)" storage="c:\projekty\mstestproject\bin\debug\netcoreapp3.1\mstestproject.dll" id="1fd95dfd-7576-42b0-9f9e-a2ca9fde1c16">
      <TestCategory>
        <TestCategoryItem TestCategory="Category1000" />
      </TestCategory>
      <Execution id="d717fadc-9039-4e86-ab82-0496caf8dabc" />
      <TestMethod codeBase="C:\Projekty\MSTestProject\bin\Debug\netcoreapp3.1\MSTestProject.dll" adapterTypeName="executor://mstestadapter/v2" className="TwojeWesele.Services.Helpers.Tests.CurrencyHelperTests" name="FormatToStringTest1000" />
    </UnitTest>
    <UnitTest name="FormatToStringTest1000 (39146.635743126564,39146.64 zł)" storage="c:\projekty\mstestproject\bin\debug\netcoreapp3.1\mstestproject.dll" id="afd2c673-f69e-493e-96c7-41ea101101ec">
      <TestCategory>
        <TestCategoryItem TestCategory="Category1000" />
      </TestCategory>
      <Execution id="53f1cf14-8716-4f16-82ba-3b3901fa5ca2" />
      <TestMethod codeBase="C:\Projekty\MSTestProject\bin\Debug\netcoreapp3.1\MSTestProject.dll" adapterTypeName="executor://mstestadapter/v2" className="TwojeWesele.Services.Helpers.Tests.CurrencyHelperTests" name="FormatToStringTest1000" />
    </UnitTest>
    <UnitTest name="FormatToStringTest1000 (20441.330495004695,20441.33 zł)" storage="c:\projekty\mstestproject\bin\debug\netcoreapp3.1\mstestproject.dll" id="9b31dae4-9eca-4ba2-971e-31c763877b32">
      <TestCategory>
        <TestCategoryItem TestCategory="Category1000" />
      </TestCategory>
      <Execution id="85b4228b-b38a-4a75-bb89-9070c8ddf051" />
      <TestMethod codeBase="C:\Projekty\MSTestProject\bin\Debug\netcoreapp3.1\MSTestProject.dll" adapterTypeName="executor://mstestadapter/v2" className="TwojeWesele.Services.Helpers.Tests.CurrencyHelperTests" name="FormatToStringTest1000" />
    </UnitTest>
    <UnitTest name="FormatToStringTest1000 (43222.47958431695,43222.48 zł)" storage="c:\projekty\mstestproject\bin\debug\netcoreapp3.1\mstestproject.dll" id="e26e12c6-f8bc-4068-a077-b436c3543a7f">
      <TestCategory>
        <TestCategoryItem TestCategory="Category1000" />
      </TestCategory>
      <Execution id="bfe96310-2576-4c09-b4ca-c679ff488f43" />
      <TestMethod codeBase="C:\Projekty\MSTestProject\bin\Debug\netcoreapp3.1\MSTestProject.dll" adapterTypeName="executor://mstestadapter/v2" className="TwojeWesele.Services.Helpers.Tests.CurrencyHelperTests" name="FormatToStringTest1000" />
    </UnitTest>
    <UnitTest name="FormatToStringTest1000 (6550.421588937948,6550.42 zł)" storage="c:\projekty\mstestproject\bin\debug\netcoreapp3.1\mstestproject.dll" id="e732230e-754d-4d19-9baa-5b7fe68abba9">
      <TestCategory>
        <TestCategoryItem TestCategory="Category1000" />
      </TestCategory>
      <Execution id="797554f9-0081-470d-aac2-b6fe825ce314" />
      <TestMethod codeBase="C:\Projekty\MSTestProject\bin\Debug\netcoreapp3.1\MSTestProject.dll" adapterTypeName="executor://mstestadapter/v2" className="TwojeWesele.Services.Helpers.Tests.CurrencyHelperTests" name="FormatToStringTest1000" />
    </UnitTest>
    <UnitTest name="FormatToStringTest1000 (4539.210371735137,4539.21 zł)" storage="c:\projekty\mstestproject\bin\debug\netcoreapp3.1\mstestproject.dll" id="e1effbb4-8785-4a7f-a29c-d25fe6b6b6c6">
      <TestCategory>
        <TestCategoryItem TestCategory="Category1000" />
      </TestCategory>
      <Execution id="349e7784-7dca-46f2-9b20-fcbf2d4226e2" />
      <TestMethod codeBase="C:\Projekty\MSTestProject\bin\Debug\netcoreapp3.1\MSTestProject.dll" adapterTypeName="executor://mstestadapter/v2" className="TwojeWesele.Services.Helpers.Tests.CurrencyHelperTests" name="FormatToStringTest1000" />
    </UnitTest>
    <UnitTest name="FormatToStringTest1000 (4030.673117592313,4030.67 zł)" storage="c:\projekty\mstestproject\bin\debug\netcoreapp3.1\mstestproject.dll" id="fc54b841-060e-4df6-be8b-c5c361f537c8">
      <TestCategory>
        <TestCategoryItem TestCategory="Category1000" />
      </TestCategory>
      <Execution id="7c84605b-15ae-44b2-9c91-d74b915922b0" />
      <TestMethod codeBase="C:\Projekty\MSTestProject\bin\Debug\netcoreapp3.1\MSTestProject.dll" adapterTypeName="executor://mstestadapter/v2" className="TwojeWesele.Services.Helpers.Tests.CurrencyHelperTests" name="FormatToStringTest1000" />
    </UnitTest>
    <UnitTest name="FormatToStringTest1000 (21281.64584727662,21281.65 zł)" storage="c:\projekty\mstestproject\bin\debug\netcoreapp3.1\mstestproject.dll" id="3735352d-a41f-4c43-8445-62249067f3f7">
      <TestCategory>
        <TestCategoryItem TestCategory="Category1000" />
      </TestCategory>
      <Execution id="23f27eb5-4818-4128-be19-251085adbffd" />
      <TestMethod codeBase="C:\Projekty\MSTestProject\bin\Debug\netcoreapp3.1\MSTestProject.dll" adapterTypeName="executor://mstestadapter/v2" className="TwojeWesele.Services.Helpers.Tests.CurrencyHelperTests" name="FormatToStringTest1000" />
    </UnitTest>
    <UnitTest name="FormatToStringTest1000 (48654.65723134794,48654.66 zł)" storage="c:\projekty\mstestproject\bin\debug\netcoreapp3.1\mstestproject.dll" id="bce4e219-5c71-4889-a312-174180ded5d2">
      <TestCategory>
        <TestCategoryItem TestCategory="Category1000" />
      </TestCategory>
      <Execution id="3edc811c-7a67-4186-866e-dce6c90d4c19" />
      <TestMethod codeBase="C:\Projekty\MSTestProject\bin\Debug\netcoreapp3.1\MSTestProject.dll" adapterTypeName="executor://mstestadapter/v2" className="TwojeWesele.Services.Helpers.Tests.CurrencyHelperTests" name="FormatToStringTest1000" />
    </UnitTest>
    <UnitTest name="FormatToStringTest1000 (10370.0107542784,10370.01 zł)" storage="c:\projekty\mstestproject\bin\debug\netcoreapp3.1\mstestproject.dll" id="461581c3-024c-4b0f-ad39-5bf92f62537d">
      <TestCategory>
        <TestCategoryItem TestCategory="Category1000" />
      </TestCategory>
      <Execution id="6fdd4b10-3802-42fe-8de5-bcd5f805f09c" />
      <TestMethod codeBase="C:\Projekty\MSTestProject\bin\Debug\netcoreapp3.1\MSTestProject.dll" adapterTypeName="executor://mstestadapter/v2" className="TwojeWesele.Services.Helpers.Tests.CurrencyHelperTests" name="FormatToStringTest1000" />
    </UnitTest>
    <UnitTest name="FormatToStringTest1000 (1963.0091662979728,1963.01 zł)" storage="c:\projekty\mstestproject\bin\debug\netcoreapp3.1\mstestproject.dll" id="26852cc3-df54-4d58-8af9-df424040e7cf">
      <TestCategory>
        <TestCategoryItem TestCategory="Category1000" />
      </TestCategory>
      <Execution id="624d303a-115b-45bd-a244-92f33fdd31b5" />
      <TestMethod codeBase="C:\Projekty\MSTestProject\bin\Debug\netcoreapp3.1\MSTestProject.dll" adapterTypeName="executor://mstestadapter/v2" className="TwojeWesele.Services.Helpers.Tests.CurrencyHelperTests" name="FormatToStringTest1000" />
    </UnitTest>
    <UnitTest name="FormatToStringTest1000 (28987.862854782896,28987.86 zł)" storage="c:\projekty\mstestproject\bin\debug\netcoreapp3.1\mstestproject.dll" id="3b5ba983-36d1-4df0-8aba-18e0d0364446">
      <TestCategory>
        <TestCategoryItem TestCategory="Category1000" />
      </TestCategory>
      <Execution id="79fe4ea2-040e-47f9-8dbe-2b532b34b633" />
      <TestMethod codeBase="C:\Projekty\MSTestProject\bin\Debug\netcoreapp3.1\MSTestProject.dll" adapterTypeName="executor://mstestadapter/v2" className="TwojeWesele.Services.Helpers.Tests.CurrencyHelperTests" name="FormatToStringTest1000" />
    </UnitTest>
    <UnitTest name="FormatToStringTest1000 (464.74397441965715,464.74 zł)" storage="c:\projekty\mstestproject\bin\debug\netcoreapp3.1\mstestproject.dll" id="abdb3e92-5c11-42ce-84bb-d26896faaa4f">
      <TestCategory>
        <TestCategoryItem TestCategory="Category1000" />
      </TestCategory>
      <Execution id="6e26a7be-3db1-4c56-8061-76e614a1fcfc" />
      <TestMethod codeBase="C:\Projekty\MSTestProject\bin\Debug\netcoreapp3.1\MSTestProject.dll" adapterTypeName="executor://mstestadapter/v2" className="TwojeWesele.Services.Helpers.Tests.CurrencyHelperTests" name="FormatToStringTest1000" />
    </UnitTest>
    <UnitTest name="FormatToStringTest1000 (67338.80028760935,67338.80 zł)" storage="c:\projekty\mstestproject\bin\debug\netcoreapp3.1\mstestproject.dll" id="cdbb57b8-68db-4bf4-83c0-c939e7f7aab0">
      <TestCategory>
        <TestCategoryItem TestCategory="Category1000" />
      </TestCategory>
      <Execution id="31f2ed6b-d02b-4649-bfbf-d9c205026703" />
      <TestMethod codeBase="C:\Projekty\MSTestProject\bin\Debug\netcoreapp3.1\MSTestProject.dll" adapterTypeName="executor://mstestadapter/v2" className="TwojeWesele.Services.Helpers.Tests.CurrencyHelperTests" name="FormatToStringTest1000" />
    </UnitTest>
    <UnitTest name="FormatToStringTest1000 (2751.3751475258614,2751.38 zł)" storage="c:\projekty\mstestproject\bin\debug\netcoreapp3.1\mstestproject.dll" id="ca54f0b6-10cb-4bee-aee7-ebcd4ed5ee42">
      <TestCategory>
        <TestCategoryItem TestCategory="Category1000" />
      </TestCategory>
      <Execution id="4829dafa-1f41-435b-b632-11632683da82" />
      <TestMethod codeBase="C:\Projekty\MSTestProject\bin\Debug\netcoreapp3.1\MSTestProject.dll" adapterTypeName="executor://mstestadapter/v2" className="TwojeWesele.Services.Helpers.Tests.CurrencyHelperTests" name="FormatToStringTest1000" />
    </UnitTest>
    <UnitTest name="FormatToStringTest1000 (16030.852371789913,16030.85 zł)" storage="c:\projekty\mstestproject\bin\debug\netcoreapp3.1\mstestproject.dll" id="edeb6fc4-f90b-4ed9-919b-e09d0756dad5">
      <TestCategory>
        <TestCategoryItem TestCategory="Category1000" />
      </TestCategory>
      <Execution id="657b272f-2af8-44ac-ae62-f01128cb92ad" />
      <TestMethod codeBase="C:\Projekty\MSTestProject\bin\Debug\netcoreapp3.1\MSTestProject.dll" adapterTypeName="executor://mstestadapter/v2" className="TwojeWesele.Services.Helpers.Tests.CurrencyHelperTests" name="FormatToStringTest1000" />
    </UnitTest>
    <UnitTest name="FormatToStringTest1000 (1799.2562459103092,1799.26 zł)" storage="c:\projekty\mstestproject\bin\debug\netcoreapp3.1\mstestproject.dll" id="e6572ae0-bd4f-4385-84a8-78b8c02dd4e9">
      <TestCategory>
        <TestCategoryItem TestCategory="Category1000" />
      </TestCategory>
      <Execution id="1fcb5be0-6caa-4ea1-a88c-c574f8f35bf1" />
      <TestMethod codeBase="C:\Projekty\MSTestProject\bin\Debug\netcoreapp3.1\MSTestProject.dll" adapterTypeName="executor://mstestadapter/v2" className="TwojeWesele.Services.Helpers.Tests.CurrencyHelperTests" name="FormatToStringTest1000" />
    </UnitTest>
    <UnitTest name="FormatToStringTest1000 (1482.3501845832682,1482.35 zł)" storage="c:\projekty\mstestproject\bin\debug\netcoreapp3.1\mstestproject.dll" id="5900adeb-ee8f-471f-a5f3-9f226be070be">
      <TestCategory>
        <TestCategoryItem TestCategory="Category1000" />
      </TestCategory>
      <Execution id="c1eb35cb-8519-42dc-b600-b132fbb88030" />
      <TestMethod codeBase="C:\Projekty\MSTestProject\bin\Debug\netcoreapp3.1\MSTestProject.dll" adapterTypeName="executor://mstestadapter/v2" className="TwojeWesele.Services.Helpers.Tests.CurrencyHelperTests" name="FormatToStringTest1000" />
    </UnitTest>
    <UnitTest name="FormatToStringTest1000 (28080.92507087669,28080.93 zł)" storage="c:\projekty\mstestproject\bin\debug\netcoreapp3.1\mstestproject.dll" id="8abf26ef-b83e-46df-b107-30133f63159e">
      <TestCategory>
        <TestCategoryItem TestCategory="Category1000" />
      </TestCategory>
      <Execution id="341117d3-a99d-4494-a24e-3d169d74682c" />
      <TestMethod codeBase="C:\Projekty\MSTestProject\bin\Debug\netcoreapp3.1\MSTestProject.dll" adapterTypeName="executor://mstestadapter/v2" className="TwojeWesele.Services.Helpers.Tests.CurrencyHelperTests" name="FormatToStringTest1000" />
    </UnitTest>
    <UnitTest name="FormatToStringTest1000 (6654.099431086378,6654.10 zł)" storage="c:\projekty\mstestproject\bin\debug\netcoreapp3.1\mstestproject.dll" id="64cf09d4-5b4b-4c7e-babb-46992744ce39">
      <TestCategory>
        <TestCategoryItem TestCategory="Category1000" />
      </TestCategory>
      <Execution id="8db29b95-b111-4d7a-bcde-812e91f57977" />
      <TestMethod codeBase="C:\Projekty\MSTestProject\bin\Debug\netcoreapp3.1\MSTestProject.dll" adapterTypeName="executor://mstestadapter/v2" className="TwojeWesele.Services.Helpers.Tests.CurrencyHelperTests" name="FormatToStringTest1000" />
    </UnitTest>
    <UnitTest name="FormatToStringTest1000 (1562.3173604776698,1562.32 zł)" storage="c:\projekty\mstestproject\bin\debug\netcoreapp3.1\mstestproject.dll" id="886fa1cd-3c87-45bc-81a6-9d5ac23c6422">
      <TestCategory>
        <TestCategoryItem TestCategory="Category1000" />
      </TestCategory>
      <Execution id="384bdf7f-6b07-4a7f-a30b-6b71296e5abc" />
      <TestMethod codeBase="C:\Projekty\MSTestProject\bin\Debug\netcoreapp3.1\MSTestProject.dll" adapterTypeName="executor://mstestadapter/v2" className="TwojeWesele.Services.Helpers.Tests.CurrencyHelperTests" name="FormatToStringTest1000" />
    </UnitTest>
    <UnitTest name="FormatToStringTest1000 (36760.171806480816,36760.17 zł)" storage="c:\projekty\mstestproject\bin\debug\netcoreapp3.1\mstestproject.dll" id="ebfc8472-b3c9-4d13-acbd-5d41e4fb9d5e">
      <TestCategory>
        <TestCategoryItem TestCategory="Category1000" />
      </TestCategory>
      <Execution id="d106131c-0fd2-426f-bc65-0f15a2f2d960" />
      <TestMethod codeBase="C:\Projekty\MSTestProject\bin\Debug\netcoreapp3.1\MSTestProject.dll" adapterTypeName="executor://mstestadapter/v2" className="TwojeWesele.Services.Helpers.Tests.CurrencyHelperTests" name="FormatToStringTest1000" />
    </UnitTest>
    <UnitTest name="FormatToStringTest1000 (31300.40752580967,31300.41 zł)" storage="c:\projekty\mstestproject\bin\debug\netcoreapp3.1\mstestproject.dll" id="da2a56e2-67af-4b43-9ae3-07267907d809">
      <TestCategory>
        <TestCategoryItem TestCategory="Category1000" />
      </TestCategory>
      <Execution id="b1a660c8-1374-49bd-8604-b22ac470d5cf" />
      <TestMethod codeBase="C:\Projekty\MSTestProject\bin\Debug\netcoreapp3.1\MSTestProject.dll" adapterTypeName="executor://mstestadapter/v2" className="TwojeWesele.Services.Helpers.Tests.CurrencyHelperTests" name="FormatToStringTest1000" />
    </UnitTest>
    <UnitTest name="FormatToStringTest1000 (11118.620997698335,11118.62 zł)" storage="c:\projekty\mstestproject\bin\debug\netcoreapp3.1\mstestproject.dll" id="d99d4de9-f8d0-4618-bd73-e12739c2353c">
      <TestCategory>
        <TestCategoryItem TestCategory="Category1000" />
      </TestCategory>
      <Execution id="65da6853-ff9c-49f3-ad8c-70919a8612cf" />
      <TestMethod codeBase="C:\Projekty\MSTestProject\bin\Debug\netcoreapp3.1\MSTestProject.dll" adapterTypeName="executor://mstestadapter/v2" className="TwojeWesele.Services.Helpers.Tests.CurrencyHelperTests" name="FormatToStringTest1000" />
    </UnitTest>
    <UnitTest name="FormatToStringTest1000 (11584.045280779732,11584.05 zł)" storage="c:\projekty\mstestproject\bin\debug\netcoreapp3.1\mstestproject.dll" id="584cc4ea-76f8-4a5a-899d-83db8282343f">
      <TestCategory>
        <TestCategoryItem TestCategory="Category1000" />
      </TestCategory>
      <Execution id="cfa3be7a-b5bc-44fb-a89f-b48faf928698" />
      <TestMethod codeBase="C:\Projekty\MSTestProject\bin\Debug\netcoreapp3.1\MSTestProject.dll" adapterTypeName="executor://mstestadapter/v2" className="TwojeWesele.Services.Helpers.Tests.CurrencyHelperTests" name="FormatToStringTest1000" />
    </UnitTest>
    <UnitTest name="FormatToStringTest1000 (25882.451101077,25882.45 zł)" storage="c:\projekty\mstestproject\bin\debug\netcoreapp3.1\mstestproject.dll" id="76168d6a-0f0e-417e-b883-d7ea0b104a02">
      <TestCategory>
        <TestCategoryItem TestCategory="Category1000" />
      </TestCategory>
      <Execution id="967a4340-4dde-4f2a-a237-b7d5095b98b5" />
      <TestMethod codeBase="C:\Projekty\MSTestProject\bin\Debug\netcoreapp3.1\MSTestProject.dll" adapterTypeName="executor://mstestadapter/v2" className="TwojeWesele.Services.Helpers.Tests.CurrencyHelperTests" name="FormatToStringTest1000" />
    </UnitTest>
    <UnitTest name="FormatToStringTest1000 (24030.724859085738,24030.72 zł)" storage="c:\projekty\mstestproject\bin\debug\netcoreapp3.1\mstestproject.dll" id="85172b68-c666-43e3-b667-58d4ccdf43b9">
      <TestCategory>
        <TestCategoryItem TestCategory="Category1000" />
      </TestCategory>
      <Execution id="cb8a76c7-8dcd-4dd4-84de-9fd8b188fd4b" />
      <TestMethod codeBase="C:\Projekty\MSTestProject\bin\Debug\netcoreapp3.1\MSTestProject.dll" adapterTypeName="executor://mstestadapter/v2" className="TwojeWesele.Services.Helpers.Tests.CurrencyHelperTests" name="FormatToStringTest1000" />
    </UnitTest>
    <UnitTest name="FormatToStringTest1000 (38253.101637909705,38253.10 zł)" storage="c:\projekty\mstestproject\bin\debug\netcoreapp3.1\mstestproject.dll" id="7fab9fd9-e8c4-43dd-b2a5-f67aa1669368">
      <TestCategory>
        <TestCategoryItem TestCategory="Category1000" />
      </TestCategory>
      <Execution id="e821cad3-9f1a-4bb4-9cda-e5d7442bf5e9" />
      <TestMethod codeBase="C:\Projekty\MSTestProject\bin\Debug\netcoreapp3.1\MSTestProject.dll" adapterTypeName="executor://mstestadapter/v2" className="TwojeWesele.Services.Helpers.Tests.CurrencyHelperTests" name="FormatToStringTest1000" />
    </UnitTest>
    <UnitTest name="FormatToStringTest1000 (20249.56614074277,20249.57 zł)" storage="c:\projekty\mstestproject\bin\debug\netcoreapp3.1\mstestproject.dll" id="6a3a95b1-da83-49ff-9b72-e2651907191a">
      <TestCategory>
        <TestCategoryItem TestCategory="Category1000" />
      </TestCategory>
      <Execution id="6784a51f-9982-4348-afa2-80d167c2f795" />
      <TestMethod codeBase="C:\Projekty\MSTestProject\bin\Debug\netcoreapp3.1\MSTestProject.dll" adapterTypeName="executor://mstestadapter/v2" className="TwojeWesele.Services.Helpers.Tests.CurrencyHelperTests" name="FormatToStringTest1000" />
    </UnitTest>
    <UnitTest name="FormatToStringTest1000 (66764.31690498316,66764.32 zł)" storage="c:\projekty\mstestproject\bin\debug\netcoreapp3.1\mstestproject.dll" id="faaa64c7-40eb-47f0-ade1-d4837a93cccb">
      <TestCategory>
        <TestCategoryItem TestCategory="Category1000" />
      </TestCategory>
      <Execution id="30edb8bb-ca72-49a3-b641-eaad2233c5d2" />
      <TestMethod codeBase="C:\Projekty\MSTestProject\bin\Debug\netcoreapp3.1\MSTestProject.dll" adapterTypeName="executor://mstestadapter/v2" className="TwojeWesele.Services.Helpers.Tests.CurrencyHelperTests" name="FormatToStringTest1000" />
    </UnitTest>
    <UnitTest name="FormatToStringTest1000 (653.4647999170537,653.46 zł)" storage="c:\projekty\mstestproject\bin\debug\netcoreapp3.1\mstestproject.dll" id="ce3fbfba-46dc-44a2-8563-cfccc543535a">
      <TestCategory>
        <TestCategoryItem TestCategory="Category1000" />
      </TestCategory>
      <Execution id="741ef9f3-72be-4bf0-ba4a-45e55f05f0d9" />
      <TestMethod codeBase="C:\Projekty\MSTestProject\bin\Debug\netcoreapp3.1\MSTestProject.dll" adapterTypeName="executor://mstestadapter/v2" className="TwojeWesele.Services.Helpers.Tests.CurrencyHelperTests" name="FormatToStringTest1000" />
    </UnitTest>
    <UnitTest name="FormatToStringTest1000 (4823.904478896365,4823.90 zł)" storage="c:\projekty\mstestproject\bin\debug\netcoreapp3.1\mstestproject.dll" id="06d3923b-530d-42c3-84a8-9c6f9b2cc685">
      <TestCategory>
        <TestCategoryItem TestCategory="Category1000" />
      </TestCategory>
      <Execution id="dba58efb-b195-4010-ad67-8e139ef546cf" />
      <TestMethod codeBase="C:\Projekty\MSTestProject\bin\Debug\netcoreapp3.1\MSTestProject.dll" adapterTypeName="executor://mstestadapter/v2" className="TwojeWesele.Services.Helpers.Tests.CurrencyHelperTests" name="FormatToStringTest1000" />
    </UnitTest>
    <UnitTest name="FormatToStringTest1000 (37.631227987646696,37.63 zł)" storage="c:\projekty\mstestproject\bin\debug\netcoreapp3.1\mstestproject.dll" id="53202501-9221-4c4f-8d4c-6f74c5a0d31d">
      <TestCategory>
        <TestCategoryItem TestCategory="Category1000" />
      </TestCategory>
      <Execution id="1013e0f8-28f1-4d52-bebf-4094c014dd95" />
      <TestMethod codeBase="C:\Projekty\MSTestProject\bin\Debug\netcoreapp3.1\MSTestProject.dll" adapterTypeName="executor://mstestadapter/v2" className="TwojeWesele.Services.Helpers.Tests.CurrencyHelperTests" name="FormatToStringTest1000" />
    </UnitTest>
    <UnitTest name="FormatToStringTest1000 (47630.39193684067,47630.39 zł)" storage="c:\projekty\mstestproject\bin\debug\netcoreapp3.1\mstestproject.dll" id="bd88f93c-76f4-4cd7-86ab-331cd315540c">
      <TestCategory>
        <TestCategoryItem TestCategory="Category1000" />
      </TestCategory>
      <Execution id="d0f3893a-86c1-4eaf-92b4-2006a6e1ae73" />
      <TestMethod codeBase="C:\Projekty\MSTestProject\bin\Debug\netcoreapp3.1\MSTestProject.dll" adapterTypeName="executor://mstestadapter/v2" className="TwojeWesele.Services.Helpers.Tests.CurrencyHelperTests" name="FormatToStringTest1000" />
    </UnitTest>
    <UnitTest name="FormatToStringTest1000 (1181.5773122979222,1181.58 zł)" storage="c:\projekty\mstestproject\bin\debug\netcoreapp3.1\mstestproject.dll" id="9ccf83cf-f197-4f37-9133-a004a00292ac">
      <TestCategory>
        <TestCategoryItem TestCategory="Category1000" />
      </TestCategory>
      <Execution id="f78e5818-b75b-4887-a0d1-987991def8d8" />
      <TestMethod codeBase="C:\Projekty\MSTestProject\bin\Debug\netcoreapp3.1\MSTestProject.dll" adapterTypeName="executor://mstestadapter/v2" className="TwojeWesele.Services.Helpers.Tests.CurrencyHelperTests" name="FormatToStringTest1000" />
    </UnitTest>
    <UnitTest name="FormatToStringTest1000 (46898.00219497783,46898.00 zł)" storage="c:\projekty\mstestproject\bin\debug\netcoreapp3.1\mstestproject.dll" id="fde4a844-ddac-42fc-9de5-90b9a78609e9">
      <TestCategory>
        <TestCategoryItem TestCategory="Category1000" />
      </TestCategory>
      <Execution id="c9a09de1-ab25-481c-8782-e3ab1bb98edf" />
      <TestMethod codeBase="C:\Projekty\MSTestProject\bin\Debug\netcoreapp3.1\MSTestProject.dll" adapterTypeName="executor://mstestadapter/v2" className="TwojeWesele.Services.Helpers.Tests.CurrencyHelperTests" name="FormatToStringTest1000" />
    </UnitTest>
    <UnitTest name="FormatToStringTest1000 (10534.184353995222,10534.18 zł)" storage="c:\projekty\mstestproject\bin\debug\netcoreapp3.1\mstestproject.dll" id="98cf1ec3-4d6c-4bec-b28b-620cf3e03aab">
      <TestCategory>
        <TestCategoryItem TestCategory="Category1000" />
      </TestCategory>
      <Execution id="44e50edd-e6fe-47b8-b935-1984f4fb62da" />
      <TestMethod codeBase="C:\Projekty\MSTestProject\bin\Debug\netcoreapp3.1\MSTestProject.dll" adapterTypeName="executor://mstestadapter/v2" className="TwojeWesele.Services.Helpers.Tests.CurrencyHelperTests" name="FormatToStringTest1000" />
    </UnitTest>
    <UnitTest name="FormatToStringTest1000 (24957.469502810607,24957.47 zł)" storage="c:\projekty\mstestproject\bin\debug\netcoreapp3.1\mstestproject.dll" id="dadff7c6-a79d-4867-8289-fa5a513068a4">
      <TestCategory>
        <TestCategoryItem TestCategory="Category1000" />
      </TestCategory>
      <Execution id="0e4f9da1-d263-4891-b1b1-692e9fbc0b75" />
      <TestMethod codeBase="C:\Projekty\MSTestProject\bin\Debug\netcoreapp3.1\MSTestProject.dll" adapterTypeName="executor://mstestadapter/v2" className="TwojeWesele.Services.Helpers.Tests.CurrencyHelperTests" name="FormatToStringTest1000" />
    </UnitTest>
    <UnitTest name="FormatToStringTest1000 (6752.510462437062,6752.51 zł)" storage="c:\projekty\mstestproject\bin\debug\netcoreapp3.1\mstestproject.dll" id="861411c5-3f4c-40a7-9640-39018aa113b9">
      <TestCategory>
        <TestCategoryItem TestCategory="Category1000" />
      </TestCategory>
      <Execution id="6e5349f7-e1d6-4186-b29f-28fadf04a97f" />
      <TestMethod codeBase="C:\Projekty\MSTestProject\bin\Debug\netcoreapp3.1\MSTestProject.dll" adapterTypeName="executor://mstestadapter/v2" className="TwojeWesele.Services.Helpers.Tests.CurrencyHelperTests" name="FormatToStringTest1000" />
    </UnitTest>
    <UnitTest name="FormatToStringTest1000 (4857.211933034105,4857.21 zł)" storage="c:\projekty\mstestproject\bin\debug\netcoreapp3.1\mstestproject.dll" id="4b49bbfa-112f-4be5-a1e3-7e67b70429b2">
      <TestCategory>
        <TestCategoryItem TestCategory="Category1000" />
      </TestCategory>
      <Execution id="b8dc9682-89c4-40b5-aae7-78050c16617f" />
      <TestMethod codeBase="C:\Projekty\MSTestProject\bin\Debug\netcoreapp3.1\MSTestProject.dll" adapterTypeName="executor://mstestadapter/v2" className="TwojeWesele.Services.Helpers.Tests.CurrencyHelperTests" name="FormatToStringTest1000" />
    </UnitTest>
    <UnitTest name="FormatToStringTest1000 (42555.01416107594,42555.01 zł)" storage="c:\projekty\mstestproject\bin\debug\netcoreapp3.1\mstestproject.dll" id="d4bad677-72cf-4489-97f4-45f006ac7d4e">
      <TestCategory>
        <TestCategoryItem TestCategory="Category1000" />
      </TestCategory>
      <Execution id="781e5717-9a92-4a4d-8acb-d4c511b528c2" />
      <TestMethod codeBase="C:\Projekty\MSTestProject\bin\Debug\netcoreapp3.1\MSTestProject.dll" adapterTypeName="executor://mstestadapter/v2" className="TwojeWesele.Services.Helpers.Tests.CurrencyHelperTests" name="FormatToStringTest1000" />
    </UnitTest>
    <UnitTest name="FormatToStringTest1000 (6665.405372488035,6665.41 zł)" storage="c:\projekty\mstestproject\bin\debug\netcoreapp3.1\mstestproject.dll" id="a5900d5b-3b42-4555-8ef0-f6bf0c6f0f51">
      <TestCategory>
        <TestCategoryItem TestCategory="Category1000" />
      </TestCategory>
      <Execution id="c46fad7f-d4a1-4ca4-a2e9-f241642351bd" />
      <TestMethod codeBase="C:\Projekty\MSTestProject\bin\Debug\netcoreapp3.1\MSTestProject.dll" adapterTypeName="executor://mstestadapter/v2" className="TwojeWesele.Services.Helpers.Tests.CurrencyHelperTests" name="FormatToStringTest1000" />
    </UnitTest>
    <UnitTest name="FormatToStringTest1000 (63946.51014057478,63946.51 zł)" storage="c:\projekty\mstestproject\bin\debug\netcoreapp3.1\mstestproject.dll" id="7cc415f8-e2c4-4409-98fb-c6fc85101a8b">
      <TestCategory>
        <TestCategoryItem TestCategory="Category1000" />
      </TestCategory>
      <Execution id="9059aaed-5819-4bd7-bee6-cd08e408e96c" />
      <TestMethod codeBase="C:\Projekty\MSTestProject\bin\Debug\netcoreapp3.1\MSTestProject.dll" adapterTypeName="executor://mstestadapter/v2" className="TwojeWesele.Services.Helpers.Tests.CurrencyHelperTests" name="FormatToStringTest1000" />
    </UnitTest>
    <UnitTest name="FormatToStringTest1000 (29508.077101491428,29508.08 zł)" storage="c:\projekty\mstestproject\bin\debug\netcoreapp3.1\mstestproject.dll" id="a2cc6bf9-d6c5-43cd-a696-77d8c910b7d8">
      <TestCategory>
        <TestCategoryItem TestCategory="Category1000" />
      </TestCategory>
      <Execution id="2f5d8541-42e0-4aed-a407-2cded4050828" />
      <TestMethod codeBase="C:\Projekty\MSTestProject\bin\Debug\netcoreapp3.1\MSTestProject.dll" adapterTypeName="executor://mstestadapter/v2" className="TwojeWesele.Services.Helpers.Tests.CurrencyHelperTests" name="FormatToStringTest1000" />
    </UnitTest>
    <UnitTest name="FormatToStringTest1000 (12528.413830086782,12528.41 zł)" storage="c:\projekty\mstestproject\bin\debug\netcoreapp3.1\mstestproject.dll" id="71c5cb2e-0d8a-4bff-80c4-8c4ff8fdfc58">
      <TestCategory>
        <TestCategoryItem TestCategory="Category1000" />
      </TestCategory>
      <Execution id="b91c646e-587f-4d07-a796-51ca79c7d6ec" />
      <TestMethod codeBase="C:\Projekty\MSTestProject\bin\Debug\netcoreapp3.1\MSTestProject.dll" adapterTypeName="executor://mstestadapter/v2" className="TwojeWesele.Services.Helpers.Tests.CurrencyHelperTests" name="FormatToStringTest1000" />
    </UnitTest>
    <UnitTest name="FormatToStringTest1000 (736.7398243680316,736.74 zł)" storage="c:\projekty\mstestproject\bin\debug\netcoreapp3.1\mstestproject.dll" id="c244d733-ab03-4777-af30-5aca9fc90a9f">
      <TestCategory>
        <TestCategoryItem TestCategory="Category1000" />
      </TestCategory>
      <Execution id="de7f635e-8bfe-4403-ba9b-68db42bca793" />
      <TestMethod codeBase="C:\Projekty\MSTestProject\bin\Debug\netcoreapp3.1\MSTestProject.dll" adapterTypeName="executor://mstestadapter/v2" className="TwojeWesele.Services.Helpers.Tests.CurrencyHelperTests" name="FormatToStringTest1000" />
    </UnitTest>
    <UnitTest name="FormatToStringTest1000 (25039.088753207627,25039.09 zł)" storage="c:\projekty\mstestproject\bin\debug\netcoreapp3.1\mstestproject.dll" id="051d3410-9222-4ed7-92ff-386b01a7acfa">
      <TestCategory>
        <TestCategoryItem TestCategory="Category1000" />
      </TestCategory>
      <Execution id="0f190f5f-ef11-4269-89e1-7390cf166add" />
      <TestMethod codeBase="C:\Projekty\MSTestProject\bin\Debug\netcoreapp3.1\MSTestProject.dll" adapterTypeName="executor://mstestadapter/v2" className="TwojeWesele.Services.Helpers.Tests.CurrencyHelperTests" name="FormatToStringTest1000" />
    </UnitTest>
    <UnitTest name="FormatToStringTest1000 (22743.19734205827,22743.20 zł)" storage="c:\projekty\mstestproject\bin\debug\netcoreapp3.1\mstestproject.dll" id="d2e892f5-3834-4f6f-abda-0e0911436f8c">
      <TestCategory>
        <TestCategoryItem TestCategory="Category1000" />
      </TestCategory>
      <Execution id="812e0f0a-3cbd-43d2-888d-e5aecfdf5e85" />
      <TestMethod codeBase="C:\Projekty\MSTestProject\bin\Debug\netcoreapp3.1\MSTestProject.dll" adapterTypeName="executor://mstestadapter/v2" className="TwojeWesele.Services.Helpers.Tests.CurrencyHelperTests" name="FormatToStringTest1000" />
    </UnitTest>
    <UnitTest name="FormatToStringTest1000 (17990.38119827089,17990.38 zł)" storage="c:\projekty\mstestproject\bin\debug\netcoreapp3.1\mstestproject.dll" id="180b0401-8769-4475-a668-eafdfc954549">
      <TestCategory>
        <TestCategoryItem TestCategory="Category1000" />
      </TestCategory>
      <Execution id="9452d2e2-f846-46a0-ad1e-543b11dc4c98" />
      <TestMethod codeBase="C:\Projekty\MSTestProject\bin\Debug\netcoreapp3.1\MSTestProject.dll" adapterTypeName="executor://mstestadapter/v2" className="TwojeWesele.Services.Helpers.Tests.CurrencyHelperTests" name="FormatToStringTest1000" />
    </UnitTest>
    <UnitTest name="FormatToStringTest1000 (10661.19584154207,10661.20 zł)" storage="c:\projekty\mstestproject\bin\debug\netcoreapp3.1\mstestproject.dll" id="58474781-c372-4775-9300-9fb3dbd4186d">
      <TestCategory>
        <TestCategoryItem TestCategory="Category1000" />
      </TestCategory>
      <Execution id="1beebd14-1da5-4a32-8b53-cab635da3404" />
      <TestMethod codeBase="C:\Projekty\MSTestProject\bin\Debug\netcoreapp3.1\MSTestProject.dll" adapterTypeName="executor://mstestadapter/v2" className="TwojeWesele.Services.Helpers.Tests.CurrencyHelperTests" name="FormatToStringTest1000" />
    </UnitTest>
    <UnitTest name="FormatToStringTest1000 (22248.263319677797,22248.26 zł)" storage="c:\projekty\mstestproject\bin\debug\netcoreapp3.1\mstestproject.dll" id="ccf15833-2797-47f3-bddd-aba3a66a218a">
      <TestCategory>
        <TestCategoryItem TestCategory="Category1000" />
      </TestCategory>
      <Execution id="2179731b-67c3-4a62-82f1-28d9148a249d" />
      <TestMethod codeBase="C:\Projekty\MSTestProject\bin\Debug\netcoreapp3.1\MSTestProject.dll" adapterTypeName="executor://mstestadapter/v2" className="TwojeWesele.Services.Helpers.Tests.CurrencyHelperTests" name="FormatToStringTest1000" />
    </UnitTest>
    <UnitTest name="FormatToStringTest1000 (48684.26840475959,48684.27 zł)" storage="c:\projekty\mstestproject\bin\debug\netcoreapp3.1\mstestproject.dll" id="23f334fd-d10f-4ab9-97bc-e3a7ff50978a">
      <TestCategory>
        <TestCategoryItem TestCategory="Category1000" />
      </TestCategory>
      <Execution id="f9aaf8ef-4668-4f4f-8859-eed864dfb639" />
      <TestMethod codeBase="C:\Projekty\MSTestProject\bin\Debug\netcoreapp3.1\MSTestProject.dll" adapterTypeName="executor://mstestadapter/v2" className="TwojeWesele.Services.Helpers.Tests.CurrencyHelperTests" name="FormatToStringTest1000" />
    </UnitTest>
    <UnitTest name="FormatToStringTest1000 (20527.270339210645,20527.27 zł)" storage="c:\projekty\mstestproject\bin\debug\netcoreapp3.1\mstestproject.dll" id="b629ff6c-40be-433c-911c-7c42fa17e5bd">
      <TestCategory>
        <TestCategoryItem TestCategory="Category1000" />
      </TestCategory>
      <Execution id="49d57976-83a0-4b95-8510-a2ee64d1237e" />
      <TestMethod codeBase="C:\Projekty\MSTestProject\bin\Debug\netcoreapp3.1\MSTestProject.dll" adapterTypeName="executor://mstestadapter/v2" className="TwojeWesele.Services.Helpers.Tests.CurrencyHelperTests" name="FormatToStringTest1000" />
    </UnitTest>
    <UnitTest name="FormatToStringTest1000 (34062.88803158276,34062.89 zł)" storage="c:\projekty\mstestproject\bin\debug\netcoreapp3.1\mstestproject.dll" id="3ff3a0d7-6831-4a8b-b40f-90cda9153725">
      <TestCategory>
        <TestCategoryItem TestCategory="Category1000" />
      </TestCategory>
      <Execution id="ebb27861-69ee-4079-aa2a-edb69cf3b076" />
      <TestMethod codeBase="C:\Projekty\MSTestProject\bin\Debug\netcoreapp3.1\MSTestProject.dll" adapterTypeName="executor://mstestadapter/v2" className="TwojeWesele.Services.Helpers.Tests.CurrencyHelperTests" name="FormatToStringTest1000" />
    </UnitTest>
    <UnitTest name="FormatToStringTest1000 (14480.387652530982,14480.39 zł)" storage="c:\projekty\mstestproject\bin\debug\netcoreapp3.1\mstestproject.dll" id="b898a82c-6611-45e0-b3ce-559e0e092bd3">
      <TestCategory>
        <TestCategoryItem TestCategory="Category1000" />
      </TestCategory>
      <Execution id="73c7a95c-515f-4138-9fba-8d634e0cdddf" />
      <TestMethod codeBase="C:\Projekty\MSTestProject\bin\Debug\netcoreapp3.1\MSTestProject.dll" adapterTypeName="executor://mstestadapter/v2" className="TwojeWesele.Services.Helpers.Tests.CurrencyHelperTests" name="FormatToStringTest1000" />
    </UnitTest>
    <UnitTest name="FormatToStringTest1000 (15639.704937780603,15639.70 zł)" storage="c:\projekty\mstestproject\bin\debug\netcoreapp3.1\mstestproject.dll" id="ddcbd9f4-8bcc-41cb-acf3-b11f31c932e8">
      <TestCategory>
        <TestCategoryItem TestCategory="Category1000" />
      </TestCategory>
      <Execution id="b4cdcb0b-72c8-4cf1-9e6e-85dccbc971a3" />
      <TestMethod codeBase="C:\Projekty\MSTestProject\bin\Debug\netcoreapp3.1\MSTestProject.dll" adapterTypeName="executor://mstestadapter/v2" className="TwojeWesele.Services.Helpers.Tests.CurrencyHelperTests" name="FormatToStringTest1000" />
    </UnitTest>
    <UnitTest name="FormatToStringTest1000 (22791.735381432685,22791.74 zł)" storage="c:\projekty\mstestproject\bin\debug\netcoreapp3.1\mstestproject.dll" id="14323242-28a3-464e-aa0b-b4a374f9511d">
      <TestCategory>
        <TestCategoryItem TestCategory="Category1000" />
      </TestCategory>
      <Execution id="373c79bc-4fb9-4293-855f-1de1f31c16ea" />
      <TestMethod codeBase="C:\Projekty\MSTestProject\bin\Debug\netcoreapp3.1\MSTestProject.dll" adapterTypeName="executor://mstestadapter/v2" className="TwojeWesele.Services.Helpers.Tests.CurrencyHelperTests" name="FormatToStringTest1000" />
    </UnitTest>
    <UnitTest name="FormatToStringTest1000 (28455.229970996843,28455.23 zł)" storage="c:\projekty\mstestproject\bin\debug\netcoreapp3.1\mstestproject.dll" id="a988a3d3-4989-414c-9d84-c7e43f8c4f7c">
      <TestCategory>
        <TestCategoryItem TestCategory="Category1000" />
      </TestCategory>
      <Execution id="c90576a1-f14c-4520-9b40-6241412d53e0" />
      <TestMethod codeBase="C:\Projekty\MSTestProject\bin\Debug\netcoreapp3.1\MSTestProject.dll" adapterTypeName="executor://mstestadapter/v2" className="TwojeWesele.Services.Helpers.Tests.CurrencyHelperTests" name="FormatToStringTest1000" />
    </UnitTest>
    <UnitTest name="FormatToStringTest1000 (33601.357302459124,33601.36 zł)" storage="c:\projekty\mstestproject\bin\debug\netcoreapp3.1\mstestproject.dll" id="8f5d0886-3d13-4984-aa38-6140eb99f244">
      <TestCategory>
        <TestCategoryItem TestCategory="Category1000" />
      </TestCategory>
      <Execution id="3e879968-0e00-4717-97e8-19ba5fdd6f51" />
      <TestMethod codeBase="C:\Projekty\MSTestProject\bin\Debug\netcoreapp3.1\MSTestProject.dll" adapterTypeName="executor://mstestadapter/v2" className="TwojeWesele.Services.Helpers.Tests.CurrencyHelperTests" name="FormatToStringTest1000" />
    </UnitTest>
    <UnitTest name="FormatToStringTest1000 (44361.82678515177,44361.83 zł)" storage="c:\projekty\mstestproject\bin\debug\netcoreapp3.1\mstestproject.dll" id="2f20f6ea-0258-4ac5-9ab2-935a623d8ada">
      <TestCategory>
        <TestCategoryItem TestCategory="Category1000" />
      </TestCategory>
      <Execution id="af4624a2-e5b8-4edb-b86f-3f8bb52702bc" />
      <TestMethod codeBase="C:\Projekty\MSTestProject\bin\Debug\netcoreapp3.1\MSTestProject.dll" adapterTypeName="executor://mstestadapter/v2" className="TwojeWesele.Services.Helpers.Tests.CurrencyHelperTests" name="FormatToStringTest1000" />
    </UnitTest>
    <UnitTest name="FormatToStringTest1000 (8582.709131852587,8582.71 zł)" storage="c:\projekty\mstestproject\bin\debug\netcoreapp3.1\mstestproject.dll" id="93cb0ea9-2253-4868-85ed-4736b50d1482">
      <TestCategory>
        <TestCategoryItem TestCategory="Category1000" />
      </TestCategory>
      <Execution id="3e203da4-e0ae-41d1-aa2d-ea9d23643088" />
      <TestMethod codeBase="C:\Projekty\MSTestProject\bin\Debug\netcoreapp3.1\MSTestProject.dll" adapterTypeName="executor://mstestadapter/v2" className="TwojeWesele.Services.Helpers.Tests.CurrencyHelperTests" name="FormatToStringTest1000" />
    </UnitTest>
    <UnitTest name="FormatToStringTest1000 (6676.5680544784145,6676.57 zł)" storage="c:\projekty\mstestproject\bin\debug\netcoreapp3.1\mstestproject.dll" id="1077829e-0bed-44b3-9b6d-599c55554a3a">
      <TestCategory>
        <TestCategoryItem TestCategory="Category1000" />
      </TestCategory>
      <Execution id="ac47e736-cc16-4719-a5e8-b93254e4864a" />
      <TestMethod codeBase="C:\Projekty\MSTestProject\bin\Debug\netcoreapp3.1\MSTestProject.dll" adapterTypeName="executor://mstestadapter/v2" className="TwojeWesele.Services.Helpers.Tests.CurrencyHelperTests" name="FormatToStringTest1000" />
    </UnitTest>
    <UnitTest name="FormatToStringTest1000 (35967.54466809684,35967.54 zł)" storage="c:\projekty\mstestproject\bin\debug\netcoreapp3.1\mstestproject.dll" id="e8ba9c99-e647-433a-95cf-c46f4b0616a0">
      <TestCategory>
        <TestCategoryItem TestCategory="Category1000" />
      </TestCategory>
      <Execution id="d171710e-3bd8-483c-8f7f-25e01ad8bf57" />
      <TestMethod codeBase="C:\Projekty\MSTestProject\bin\Debug\netcoreapp3.1\MSTestProject.dll" adapterTypeName="executor://mstestadapter/v2" className="TwojeWesele.Services.Helpers.Tests.CurrencyHelperTests" name="FormatToStringTest1000" />
    </UnitTest>
    <UnitTest name="FormatToStringTest1000 (25908.345463821825,25908.35 zł)" storage="c:\projekty\mstestproject\bin\debug\netcoreapp3.1\mstestproject.dll" id="fc69a999-c23a-4a57-8fd4-727a008f5208">
      <TestCategory>
        <TestCategoryItem TestCategory="Category1000" />
      </TestCategory>
      <Execution id="2b6c10f0-bfd4-4756-b27e-566f752cf894" />
      <TestMethod codeBase="C:\Projekty\MSTestProject\bin\Debug\netcoreapp3.1\MSTestProject.dll" adapterTypeName="executor://mstestadapter/v2" className="TwojeWesele.Services.Helpers.Tests.CurrencyHelperTests" name="FormatToStringTest1000" />
    </UnitTest>
    <UnitTest name="FormatToStringTest1000 (867.5236648356187,867.52 zł)" storage="c:\projekty\mstestproject\bin\debug\netcoreapp3.1\mstestproject.dll" id="a891784c-e778-4a36-939b-da2453fd4898">
      <TestCategory>
        <TestCategoryItem TestCategory="Category1000" />
      </TestCategory>
      <Execution id="67a76b60-7c52-4cbd-814d-022717629595" />
      <TestMethod codeBase="C:\Projekty\MSTestProject\bin\Debug\netcoreapp3.1\MSTestProject.dll" adapterTypeName="executor://mstestadapter/v2" className="TwojeWesele.Services.Helpers.Tests.CurrencyHelperTests" name="FormatToStringTest1000" />
    </UnitTest>
    <UnitTest name="FormatToStringTest1000 (58848.60825001477,58848.61 zł)" storage="c:\projekty\mstestproject\bin\debug\netcoreapp3.1\mstestproject.dll" id="fc636e11-5372-44cb-990c-43273a914460">
      <TestCategory>
        <TestCategoryItem TestCategory="Category1000" />
      </TestCategory>
      <Execution id="14724b2a-8d6a-41e7-8a21-921431130a41" />
      <TestMethod codeBase="C:\Projekty\MSTestProject\bin\Debug\netcoreapp3.1\MSTestProject.dll" adapterTypeName="executor://mstestadapter/v2" className="TwojeWesele.Services.Helpers.Tests.CurrencyHelperTests" name="FormatToStringTest1000" />
    </UnitTest>
    <UnitTest name="FormatToStringTest1000 (34096.337879508894,34096.34 zł)" storage="c:\projekty\mstestproject\bin\debug\netcoreapp3.1\mstestproject.dll" id="db2ee9c3-f95f-4d32-94cb-9d5464e08ee3">
      <TestCategory>
        <TestCategoryItem TestCategory="Category1000" />
      </TestCategory>
      <Execution id="8ab6226e-e2ff-43e0-813e-eabbcb2e3e8a" />
      <TestMethod codeBase="C:\Projekty\MSTestProject\bin\Debug\netcoreapp3.1\MSTestProject.dll" adapterTypeName="executor://mstestadapter/v2" className="TwojeWesele.Services.Helpers.Tests.CurrencyHelperTests" name="FormatToStringTest1000" />
    </UnitTest>
    <UnitTest name="FormatToStringTest1000 (27751.474436297303,27751.47 zł)" storage="c:\projekty\mstestproject\bin\debug\netcoreapp3.1\mstestproject.dll" id="ced53c0d-c786-4d86-9ccb-feb983bee4bd">
      <TestCategory>
        <TestCategoryItem TestCategory="Category1000" />
      </TestCategory>
      <Execution id="88c5e631-7605-4a1b-a3d3-03280ebad208" />
      <TestMethod codeBase="C:\Projekty\MSTestProject\bin\Debug\netcoreapp3.1\MSTestProject.dll" adapterTypeName="executor://mstestadapter/v2" className="TwojeWesele.Services.Helpers.Tests.CurrencyHelperTests" name="FormatToStringTest1000" />
    </UnitTest>
    <UnitTest name="FormatToStringTest1000 (26133.133789601336,26133.13 zł)" storage="c:\projekty\mstestproject\bin\debug\netcoreapp3.1\mstestproject.dll" id="4416e374-7db4-45f5-af99-e98c8e7d1189">
      <TestCategory>
        <TestCategoryItem TestCategory="Category1000" />
      </TestCategory>
      <Execution id="ff3b64e4-dce8-42bb-a218-20b516579cde" />
      <TestMethod codeBase="C:\Projekty\MSTestProject\bin\Debug\netcoreapp3.1\MSTestProject.dll" adapterTypeName="executor://mstestadapter/v2" className="TwojeWesele.Services.Helpers.Tests.CurrencyHelperTests" name="FormatToStringTest1000" />
    </UnitTest>
    <UnitTest name="FormatToStringTest1000 (14475.498583194567,14475.50 zł)" storage="c:\projekty\mstestproject\bin\debug\netcoreapp3.1\mstestproject.dll" id="8d9211e0-abc1-4a67-8917-cd79b6e23c12">
      <TestCategory>
        <TestCategoryItem TestCategory="Category1000" />
      </TestCategory>
      <Execution id="0eb636c8-75c0-4b30-a0a4-532134414081" />
      <TestMethod codeBase="C:\Projekty\MSTestProject\bin\Debug\netcoreapp3.1\MSTestProject.dll" adapterTypeName="executor://mstestadapter/v2" className="TwojeWesele.Services.Helpers.Tests.CurrencyHelperTests" name="FormatToStringTest1000" />
    </UnitTest>
    <UnitTest name="FormatToStringTest1000 (3521.3657738167635,3521.37 zł)" storage="c:\projekty\mstestproject\bin\debug\netcoreapp3.1\mstestproject.dll" id="a205d50e-a3cf-431b-bf66-879a835e7b28">
      <TestCategory>
        <TestCategoryItem TestCategory="Category1000" />
      </TestCategory>
      <Execution id="2ed804b0-caca-4853-8855-6729e7313166" />
      <TestMethod codeBase="C:\Projekty\MSTestProject\bin\Debug\netcoreapp3.1\MSTestProject.dll" adapterTypeName="executor://mstestadapter/v2" className="TwojeWesele.Services.Helpers.Tests.CurrencyHelperTests" name="FormatToStringTest1000" />
    </UnitTest>
    <UnitTest name="FormatToStringTest1000 (2292.8331871111104,2292.83 zł)" storage="c:\projekty\mstestproject\bin\debug\netcoreapp3.1\mstestproject.dll" id="eff9837b-9ecb-438b-8224-3f0616ec5b04">
      <TestCategory>
        <TestCategoryItem TestCategory="Category1000" />
      </TestCategory>
      <Execution id="ed45cd9f-3bef-4c24-9223-e798b496510c" />
      <TestMethod codeBase="C:\Projekty\MSTestProject\bin\Debug\netcoreapp3.1\MSTestProject.dll" adapterTypeName="executor://mstestadapter/v2" className="TwojeWesele.Services.Helpers.Tests.CurrencyHelperTests" name="FormatToStringTest1000" />
    </UnitTest>
    <UnitTest name="FormatToStringTest1000 (47025.6224095177,47025.62 zł)" storage="c:\projekty\mstestproject\bin\debug\netcoreapp3.1\mstestproject.dll" id="a0ec6ccb-a7af-4fd3-9009-5fd6f89af91d">
      <TestCategory>
        <TestCategoryItem TestCategory="Category1000" />
      </TestCategory>
      <Execution id="5282d3c8-a83d-4dbc-8495-2da5ce8cec43" />
      <TestMethod codeBase="C:\Projekty\MSTestProject\bin\Debug\netcoreapp3.1\MSTestProject.dll" adapterTypeName="executor://mstestadapter/v2" className="TwojeWesele.Services.Helpers.Tests.CurrencyHelperTests" name="FormatToStringTest1000" />
    </UnitTest>
    <UnitTest name="FormatToStringTest1000 (61422.228144277455,61422.23 zł)" storage="c:\projekty\mstestproject\bin\debug\netcoreapp3.1\mstestproject.dll" id="6b798677-4f08-46d6-99d4-219df81bfa90">
      <TestCategory>
        <TestCategoryItem TestCategory="Category1000" />
      </TestCategory>
      <Execution id="6f071fae-a611-4b18-b94d-7f63b22666be" />
      <TestMethod codeBase="C:\Projekty\MSTestProject\bin\Debug\netcoreapp3.1\MSTestProject.dll" adapterTypeName="executor://mstestadapter/v2" className="TwojeWesele.Services.Helpers.Tests.CurrencyHelperTests" name="FormatToStringTest1000" />
    </UnitTest>
    <UnitTest name="FormatToStringTest1000 (74152.7503934562,74152.75 zł)" storage="c:\projekty\mstestproject\bin\debug\netcoreapp3.1\mstestproject.dll" id="a2259244-7cea-4199-94d4-0daee5ee2e83">
      <TestCategory>
        <TestCategoryItem TestCategory="Category1000" />
      </TestCategory>
      <Execution id="e01e7f57-514a-4d25-9596-01a4a30df6d0" />
      <TestMethod codeBase="C:\Projekty\MSTestProject\bin\Debug\netcoreapp3.1\MSTestProject.dll" adapterTypeName="executor://mstestadapter/v2" className="TwojeWesele.Services.Helpers.Tests.CurrencyHelperTests" name="FormatToStringTest1000" />
    </UnitTest>
    <UnitTest name="FormatToStringTest1000 (45739.569854490255,45739.57 zł)" storage="c:\projekty\mstestproject\bin\debug\netcoreapp3.1\mstestproject.dll" id="64a586af-644d-4042-8e8d-e16d3422d74c">
      <TestCategory>
        <TestCategoryItem TestCategory="Category1000" />
      </TestCategory>
      <Execution id="a9a48223-a37a-4838-9c9b-2c2c71efd91a" />
      <TestMethod codeBase="C:\Projekty\MSTestProject\bin\Debug\netcoreapp3.1\MSTestProject.dll" adapterTypeName="executor://mstestadapter/v2" className="TwojeWesele.Services.Helpers.Tests.CurrencyHelperTests" name="FormatToStringTest1000" />
    </UnitTest>
    <UnitTest name="FormatToStringTest1000 (21728.91641959963,21728.92 zł)" storage="c:\projekty\mstestproject\bin\debug\netcoreapp3.1\mstestproject.dll" id="ed96606f-99b1-4b33-b6be-b64e79b9f379">
      <TestCategory>
        <TestCategoryItem TestCategory="Category1000" />
      </TestCategory>
      <Execution id="5509c85e-5e00-431a-a668-62451d20b9c9" />
      <TestMethod codeBase="C:\Projekty\MSTestProject\bin\Debug\netcoreapp3.1\MSTestProject.dll" adapterTypeName="executor://mstestadapter/v2" className="TwojeWesele.Services.Helpers.Tests.CurrencyHelperTests" name="FormatToStringTest1000" />
    </UnitTest>
    <UnitTest name="FormatToStringTest1000 (33699.13042082038,33699.13 zł)" storage="c:\projekty\mstestproject\bin\debug\netcoreapp3.1\mstestproject.dll" id="5bb074f4-6ac6-4311-ab51-865bc7728dfc">
      <TestCategory>
        <TestCategoryItem TestCategory="Category1000" />
      </TestCategory>
      <Execution id="99617bb7-ab0a-4dc0-8ade-29a27c62acf6" />
      <TestMethod codeBase="C:\Projekty\MSTestProject\bin\Debug\netcoreapp3.1\MSTestProject.dll" adapterTypeName="executor://mstestadapter/v2" className="TwojeWesele.Services.Helpers.Tests.CurrencyHelperTests" name="FormatToStringTest1000" />
    </UnitTest>
    <UnitTest name="FormatToStringTest1000 (3274.481392617096,3274.48 zł)" storage="c:\projekty\mstestproject\bin\debug\netcoreapp3.1\mstestproject.dll" id="99dae6fe-708d-4cd2-8312-0fe9d5f7e66e">
      <TestCategory>
        <TestCategoryItem TestCategory="Category1000" />
      </TestCategory>
      <Execution id="fa6eebeb-994c-469c-81c2-a34458a70355" />
      <TestMethod codeBase="C:\Projekty\MSTestProject\bin\Debug\netcoreapp3.1\MSTestProject.dll" adapterTypeName="executor://mstestadapter/v2" className="TwojeWesele.Services.Helpers.Tests.CurrencyHelperTests" name="FormatToStringTest1000" />
    </UnitTest>
    <UnitTest name="FormatToStringTest1000 (7975.276658828965,7975.28 zł)" storage="c:\projekty\mstestproject\bin\debug\netcoreapp3.1\mstestproject.dll" id="8bbec8e4-c6c4-46f8-907d-3675b9213dc3">
      <TestCategory>
        <TestCategoryItem TestCategory="Category1000" />
      </TestCategory>
      <Execution id="6c2cbd0d-3ec9-4614-8ca2-a59a0345e953" />
      <TestMethod codeBase="C:\Projekty\MSTestProject\bin\Debug\netcoreapp3.1\MSTestProject.dll" adapterTypeName="executor://mstestadapter/v2" className="TwojeWesele.Services.Helpers.Tests.CurrencyHelperTests" name="FormatToStringTest1000" />
    </UnitTest>
    <UnitTest name="FormatToStringTest1000 (24695.917440203913,24695.92 zł)" storage="c:\projekty\mstestproject\bin\debug\netcoreapp3.1\mstestproject.dll" id="870df227-16e3-43a3-8712-1aa85a126cc6">
      <TestCategory>
        <TestCategoryItem TestCategory="Category1000" />
      </TestCategory>
      <Execution id="b6545958-b700-428b-92f9-88d174f511de" />
      <TestMethod codeBase="C:\Projekty\MSTestProject\bin\Debug\netcoreapp3.1\MSTestProject.dll" adapterTypeName="executor://mstestadapter/v2" className="TwojeWesele.Services.Helpers.Tests.CurrencyHelperTests" name="FormatToStringTest1000" />
    </UnitTest>
    <UnitTest name="FormatToStringTest1000 (88489.14069749469,88489.14 zł)" storage="c:\projekty\mstestproject\bin\debug\netcoreapp3.1\mstestproject.dll" id="fc8cd2a0-2382-446d-977f-c676ab8b705b">
      <TestCategory>
        <TestCategoryItem TestCategory="Category1000" />
      </TestCategory>
      <Execution id="5e48bf4f-6bcd-4975-ae14-a45f462caa7b" />
      <TestMethod codeBase="C:\Projekty\MSTestProject\bin\Debug\netcoreapp3.1\MSTestProject.dll" adapterTypeName="executor://mstestadapter/v2" className="TwojeWesele.Services.Helpers.Tests.CurrencyHelperTests" name="FormatToStringTest1000" />
    </UnitTest>
    <UnitTest name="FormatToStringTest1000 (21221.884746198488,21221.88 zł)" storage="c:\projekty\mstestproject\bin\debug\netcoreapp3.1\mstestproject.dll" id="d3532f8e-5d51-4459-ab0a-41accfc072ab">
      <TestCategory>
        <TestCategoryItem TestCategory="Category1000" />
      </TestCategory>
      <Execution id="6de73d6a-dc59-4dd9-8298-fbc86a3d5eff" />
      <TestMethod codeBase="C:\Projekty\MSTestProject\bin\Debug\netcoreapp3.1\MSTestProject.dll" adapterTypeName="executor://mstestadapter/v2" className="TwojeWesele.Services.Helpers.Tests.CurrencyHelperTests" name="FormatToStringTest1000" />
    </UnitTest>
    <UnitTest name="FormatToStringTest1000 (5840.747097845071,5840.75 zł)" storage="c:\projekty\mstestproject\bin\debug\netcoreapp3.1\mstestproject.dll" id="7552cb30-55e2-4f25-a733-27f0c2fbe4ab">
      <TestCategory>
        <TestCategoryItem TestCategory="Category1000" />
      </TestCategory>
      <Execution id="8c9d3d0f-791f-4760-9a6d-c7afe7d1d1ca" />
      <TestMethod codeBase="C:\Projekty\MSTestProject\bin\Debug\netcoreapp3.1\MSTestProject.dll" adapterTypeName="executor://mstestadapter/v2" className="TwojeWesele.Services.Helpers.Tests.CurrencyHelperTests" name="FormatToStringTest1000" />
    </UnitTest>
    <UnitTest name="FormatToStringTest1000 (27187.549022783314,27187.55 zł)" storage="c:\projekty\mstestproject\bin\debug\netcoreapp3.1\mstestproject.dll" id="313cc12f-d787-44ef-94c0-a73e44e33fae">
      <TestCategory>
        <TestCategoryItem TestCategory="Category1000" />
      </TestCategory>
      <Execution id="89628f79-5754-4db3-81e1-16553967b0a2" />
      <TestMethod codeBase="C:\Projekty\MSTestProject\bin\Debug\netcoreapp3.1\MSTestProject.dll" adapterTypeName="executor://mstestadapter/v2" className="TwojeWesele.Services.Helpers.Tests.CurrencyHelperTests" name="FormatToStringTest1000" />
    </UnitTest>
    <UnitTest name="FormatToStringTest1000 (3131.5022711732904,3131.50 zł)" storage="c:\projekty\mstestproject\bin\debug\netcoreapp3.1\mstestproject.dll" id="38bbb0f9-9ff5-4638-be70-ddd21e158ccb">
      <TestCategory>
        <TestCategoryItem TestCategory="Category1000" />
      </TestCategory>
      <Execution id="d2124163-10a7-46ed-92a0-6262f3cdd58f" />
      <TestMethod codeBase="C:\Projekty\MSTestProject\bin\Debug\netcoreapp3.1\MSTestProject.dll" adapterTypeName="executor://mstestadapter/v2" className="TwojeWesele.Services.Helpers.Tests.CurrencyHelperTests" name="FormatToStringTest1000" />
    </UnitTest>
    <UnitTest name="FormatToStringTest1000 (19006.315459580772,19006.32 zł)" storage="c:\projekty\mstestproject\bin\debug\netcoreapp3.1\mstestproject.dll" id="bb03e8cc-fb6b-4002-be63-6ae3f1508141">
      <TestCategory>
        <TestCategoryItem TestCategory="Category1000" />
      </TestCategory>
      <Execution id="caa1b581-bcc9-4c79-8ce0-c0b1aec640c0" />
      <TestMethod codeBase="C:\Projekty\MSTestProject\bin\Debug\netcoreapp3.1\MSTestProject.dll" adapterTypeName="executor://mstestadapter/v2" className="TwojeWesele.Services.Helpers.Tests.CurrencyHelperTests" name="FormatToStringTest1000" />
    </UnitTest>
    <UnitTest name="FormatToStringTest1000 (16511.26921423537,16511.27 zł)" storage="c:\projekty\mstestproject\bin\debug\netcoreapp3.1\mstestproject.dll" id="1502c027-5a5c-45b9-9eb6-79fb59497798">
      <TestCategory>
        <TestCategoryItem TestCategory="Category1000" />
      </TestCategory>
      <Execution id="101a64e0-b77e-4b16-a25d-f5de933740c3" />
      <TestMethod codeBase="C:\Projekty\MSTestProject\bin\Debug\netcoreapp3.1\MSTestProject.dll" adapterTypeName="executor://mstestadapter/v2" className="TwojeWesele.Services.Helpers.Tests.CurrencyHelperTests" name="FormatToStringTest1000" />
    </UnitTest>
    <UnitTest name="FormatToStringTest1000 (57671.67669738675,57671.68 zł)" storage="c:\projekty\mstestproject\bin\debug\netcoreapp3.1\mstestproject.dll" id="baea1460-7ad3-43e2-aa78-dbf805ba021f">
      <TestCategory>
        <TestCategoryItem TestCategory="Category1000" />
      </TestCategory>
      <Execution id="eee47fb6-4480-4ce1-8ec5-49bf79ef2fac" />
      <TestMethod codeBase="C:\Projekty\MSTestProject\bin\Debug\netcoreapp3.1\MSTestProject.dll" adapterTypeName="executor://mstestadapter/v2" className="TwojeWesele.Services.Helpers.Tests.CurrencyHelperTests" name="FormatToStringTest1000" />
    </UnitTest>
    <UnitTest name="FormatToStringTest1000 (16161.963229990548,16161.96 zł)" storage="c:\projekty\mstestproject\bin\debug\netcoreapp3.1\mstestproject.dll" id="afaf7c92-bd35-4ac4-8e10-00160031183b">
      <TestCategory>
        <TestCategoryItem TestCategory="Category1000" />
      </TestCategory>
      <Execution id="69c6b828-ba1c-44ca-9ec4-1780be5e280a" />
      <TestMethod codeBase="C:\Projekty\MSTestProject\bin\Debug\netcoreapp3.1\MSTestProject.dll" adapterTypeName="executor://mstestadapter/v2" className="TwojeWesele.Services.Helpers.Tests.CurrencyHelperTests" name="FormatToStringTest1000" />
    </UnitTest>
    <UnitTest name="FormatToStringTest1000 (22678.795878462864,22678.80 zł)" storage="c:\projekty\mstestproject\bin\debug\netcoreapp3.1\mstestproject.dll" id="99840758-cb19-4718-b128-fdf27d6125d6">
      <TestCategory>
        <TestCategoryItem TestCategory="Category1000" />
      </TestCategory>
      <Execution id="be0817d8-13dd-4ecc-bfad-59d3040d97ce" />
      <TestMethod codeBase="C:\Projekty\MSTestProject\bin\Debug\netcoreapp3.1\MSTestProject.dll" adapterTypeName="executor://mstestadapter/v2" className="TwojeWesele.Services.Helpers.Tests.CurrencyHelperTests" name="FormatToStringTest1000" />
    </UnitTest>
    <UnitTest name="FormatToStringTest1000 (47437.74370917619,47437.74 zł)" storage="c:\projekty\mstestproject\bin\debug\netcoreapp3.1\mstestproject.dll" id="77d457d5-b932-4a25-bbe3-8c88b6405a4b">
      <TestCategory>
        <TestCategoryItem TestCategory="Category1000" />
      </TestCategory>
      <Execution id="5e85e011-51aa-4388-85d9-3f0c7d7a0d18" />
      <TestMethod codeBase="C:\Projekty\MSTestProject\bin\Debug\netcoreapp3.1\MSTestProject.dll" adapterTypeName="executor://mstestadapter/v2" className="TwojeWesele.Services.Helpers.Tests.CurrencyHelperTests" name="FormatToStringTest1000" />
    </UnitTest>
    <UnitTest name="FormatToStringTest1000 (11022.594234092438,11022.59 zł)" storage="c:\projekty\mstestproject\bin\debug\netcoreapp3.1\mstestproject.dll" id="38d41e1a-0bea-46f9-a618-985c2118eed5">
      <TestCategory>
        <TestCategoryItem TestCategory="Category1000" />
      </TestCategory>
      <Execution id="d989b6af-4e1d-4ced-a0f7-ed1ac83e342a" />
      <TestMethod codeBase="C:\Projekty\MSTestProject\bin\Debug\netcoreapp3.1\MSTestProject.dll" adapterTypeName="executor://mstestadapter/v2" className="TwojeWesele.Services.Helpers.Tests.CurrencyHelperTests" name="FormatToStringTest1000" />
    </UnitTest>
    <UnitTest name="FormatToStringTest1000 (1313.0279238368514,1313.03 zł)" storage="c:\projekty\mstestproject\bin\debug\netcoreapp3.1\mstestproject.dll" id="730c4b57-cbd8-4faf-913e-4fd697547f44">
      <TestCategory>
        <TestCategoryItem TestCategory="Category1000" />
      </TestCategory>
      <Execution id="b654166f-9b68-48ec-b6ff-68840ed174e9" />
      <TestMethod codeBase="C:\Projekty\MSTestProject\bin\Debug\netcoreapp3.1\MSTestProject.dll" adapterTypeName="executor://mstestadapter/v2" className="TwojeWesele.Services.Helpers.Tests.CurrencyHelperTests" name="FormatToStringTest1000" />
    </UnitTest>
    <UnitTest name="FormatToStringTest1000 (20978.860218282258,20978.86 zł)" storage="c:\projekty\mstestproject\bin\debug\netcoreapp3.1\mstestproject.dll" id="5e63b4ff-4e4d-4831-986c-2827ea43aedc">
      <TestCategory>
        <TestCategoryItem TestCategory="Category1000" />
      </TestCategory>
      <Execution id="89347b9d-8c5f-4e07-971c-6fb9663b1b82" />
      <TestMethod codeBase="C:\Projekty\MSTestProject\bin\Debug\netcoreapp3.1\MSTestProject.dll" adapterTypeName="executor://mstestadapter/v2" className="TwojeWesele.Services.Helpers.Tests.CurrencyHelperTests" name="FormatToStringTest1000" />
    </UnitTest>
    <UnitTest name="FormatToStringTest1000 (1745.490603896552,1745.49 zł)" storage="c:\projekty\mstestproject\bin\debug\netcoreapp3.1\mstestproject.dll" id="72277578-623b-4225-8e7b-f20b128b609b">
      <TestCategory>
        <TestCategoryItem TestCategory="Category1000" />
      </TestCategory>
      <Execution id="fe88dc73-a7ff-4b8d-9aa9-7a12f2c498c7" />
      <TestMethod codeBase="C:\Projekty\MSTestProject\bin\Debug\netcoreapp3.1\MSTestProject.dll" adapterTypeName="executor://mstestadapter/v2" className="TwojeWesele.Services.Helpers.Tests.CurrencyHelperTests" name="FormatToStringTest1000" />
    </UnitTest>
    <UnitTest name="FormatToStringTest1000 (19363.881840787773,19363.88 zł)" storage="c:\projekty\mstestproject\bin\debug\netcoreapp3.1\mstestproject.dll" id="6bdceee3-a499-4136-ab92-8b39895fea1e">
      <TestCategory>
        <TestCategoryItem TestCategory="Category1000" />
      </TestCategory>
      <Execution id="9fc666f5-bfaf-4d4d-b6e3-677bb207912e" />
      <TestMethod codeBase="C:\Projekty\MSTestProject\bin\Debug\netcoreapp3.1\MSTestProject.dll" adapterTypeName="executor://mstestadapter/v2" className="TwojeWesele.Services.Helpers.Tests.CurrencyHelperTests" name="FormatToStringTest1000" />
    </UnitTest>
    <UnitTest name="FormatToStringTest1000 (19189.32381924117,19189.32 zł)" storage="c:\projekty\mstestproject\bin\debug\netcoreapp3.1\mstestproject.dll" id="8047617e-f165-4926-bbb6-608c4496c04e">
      <TestCategory>
        <TestCategoryItem TestCategory="Category1000" />
      </TestCategory>
      <Execution id="73816a80-91d9-4e47-8f4b-57fa893267e0" />
      <TestMethod codeBase="C:\Projekty\MSTestProject\bin\Debug\netcoreapp3.1\MSTestProject.dll" adapterTypeName="executor://mstestadapter/v2" className="TwojeWesele.Services.Helpers.Tests.CurrencyHelperTests" name="FormatToStringTest1000" />
    </UnitTest>
    <UnitTest name="FormatToStringTest1000 (6105.007054037418,6105.01 zł)" storage="c:\projekty\mstestproject\bin\debug\netcoreapp3.1\mstestproject.dll" id="388b6138-3c67-4b0a-98f8-06e7479610f3">
      <TestCategory>
        <TestCategoryItem TestCategory="Category1000" />
      </TestCategory>
      <Execution id="a068acb5-986e-42ea-9013-9e1328094e99" />
      <TestMethod codeBase="C:\Projekty\MSTestProject\bin\Debug\netcoreapp3.1\MSTestProject.dll" adapterTypeName="executor://mstestadapter/v2" className="TwojeWesele.Services.Helpers.Tests.CurrencyHelperTests" name="FormatToStringTest1000" />
    </UnitTest>
    <UnitTest name="FormatToStringTest1000 (4094.6752323977066,4094.68 zł)" storage="c:\projekty\mstestproject\bin\debug\netcoreapp3.1\mstestproject.dll" id="1b78dd25-ee71-401b-b8f7-aa0c769ae46a">
      <TestCategory>
        <TestCategoryItem TestCategory="Category1000" />
      </TestCategory>
      <Execution id="c3e75bd9-673c-4982-a5b4-c7a0b6dec86a" />
      <TestMethod codeBase="C:\Projekty\MSTestProject\bin\Debug\netcoreapp3.1\MSTestProject.dll" adapterTypeName="executor://mstestadapter/v2" className="TwojeWesele.Services.Helpers.Tests.CurrencyHelperTests" name="FormatToStringTest1000" />
    </UnitTest>
    <UnitTest name="FormatToStringTest1000 (2423.6182769712145,2423.62 zł)" storage="c:\projekty\mstestproject\bin\debug\netcoreapp3.1\mstestproject.dll" id="739bb42f-dbd6-40f9-ab88-c7e899f9863c">
      <TestCategory>
        <TestCategoryItem TestCategory="Category1000" />
      </TestCategory>
      <Execution id="aeaa9bec-2e2f-4a96-847c-0db7b549e192" />
      <TestMethod codeBase="C:\Projekty\MSTestProject\bin\Debug\netcoreapp3.1\MSTestProject.dll" adapterTypeName="executor://mstestadapter/v2" className="TwojeWesele.Services.Helpers.Tests.CurrencyHelperTests" name="FormatToStringTest1000" />
    </UnitTest>
    <UnitTest name="FormatToStringTest1000 (28192.949128067565,28192.95 zł)" storage="c:\projekty\mstestproject\bin\debug\netcoreapp3.1\mstestproject.dll" id="298b88ff-6fd7-4276-8946-acda4e88af7d">
      <TestCategory>
        <TestCategoryItem TestCategory="Category1000" />
      </TestCategory>
      <Execution id="ff0690cb-5da4-4489-b29d-b6dfd3240ca6" />
      <TestMethod codeBase="C:\Projekty\MSTestProject\bin\Debug\netcoreapp3.1\MSTestProject.dll" adapterTypeName="executor://mstestadapter/v2" className="TwojeWesele.Services.Helpers.Tests.CurrencyHelperTests" name="FormatToStringTest1000" />
    </UnitTest>
    <UnitTest name="FormatToStringTest1000 (577.6071367564645,577.61 zł)" storage="c:\projekty\mstestproject\bin\debug\netcoreapp3.1\mstestproject.dll" id="6b645a2f-89fa-433d-b633-39dd85e3e0bb">
      <TestCategory>
        <TestCategoryItem TestCategory="Category1000" />
      </TestCategory>
      <Execution id="1a5dd08a-b24f-42d7-8d4a-827328e76f88" />
      <TestMethod codeBase="C:\Projekty\MSTestProject\bin\Debug\netcoreapp3.1\MSTestProject.dll" adapterTypeName="executor://mstestadapter/v2" className="TwojeWesele.Services.Helpers.Tests.CurrencyHelperTests" name="FormatToStringTest1000" />
    </UnitTest>
    <UnitTest name="FormatToStringTest1000 (25376.6225052097,25376.62 zł)" storage="c:\projekty\mstestproject\bin\debug\netcoreapp3.1\mstestproject.dll" id="12fbe932-601b-4213-86b7-00467e1387a8">
      <TestCategory>
        <TestCategoryItem TestCategory="Category1000" />
      </TestCategory>
      <Execution id="91a90595-6b7f-41d7-8386-254326d2b7c4" />
      <TestMethod codeBase="C:\Projekty\MSTestProject\bin\Debug\netcoreapp3.1\MSTestProject.dll" adapterTypeName="executor://mstestadapter/v2" className="TwojeWesele.Services.Helpers.Tests.CurrencyHelperTests" name="FormatToStringTest1000" />
    </UnitTest>
    <UnitTest name="FormatToStringTest1000 (19462.729986486367,19462.73 zł)" storage="c:\projekty\mstestproject\bin\debug\netcoreapp3.1\mstestproject.dll" id="41da0957-bd62-42ff-bfdf-c7f1ebb66f35">
      <TestCategory>
        <TestCategoryItem TestCategory="Category1000" />
      </TestCategory>
      <Execution id="5fb8ff2e-ba15-4b48-886d-e41791408c77" />
      <TestMethod codeBase="C:\Projekty\MSTestProject\bin\Debug\netcoreapp3.1\MSTestProject.dll" adapterTypeName="executor://mstestadapter/v2" className="TwojeWesele.Services.Helpers.Tests.CurrencyHelperTests" name="FormatToStringTest1000" />
    </UnitTest>
    <UnitTest name="FormatToStringTest1000 (47964.941885361884,47964.94 zł)" storage="c:\projekty\mstestproject\bin\debug\netcoreapp3.1\mstestproject.dll" id="5c15f2f4-7484-4c5b-83e9-c4e688fa3482">
      <TestCategory>
        <TestCategoryItem TestCategory="Category1000" />
      </TestCategory>
      <Execution id="1636fbeb-6c8c-4856-9ae8-f34afc2d74d7" />
      <TestMethod codeBase="C:\Projekty\MSTestProject\bin\Debug\netcoreapp3.1\MSTestProject.dll" adapterTypeName="executor://mstestadapter/v2" className="TwojeWesele.Services.Helpers.Tests.CurrencyHelperTests" name="FormatToStringTest1000" />
    </UnitTest>
    <UnitTest name="FormatToStringTest1000 (52481.07276821932,52481.07 zł)" storage="c:\projekty\mstestproject\bin\debug\netcoreapp3.1\mstestproject.dll" id="9756f145-e2df-46fc-a195-893782bb2b26">
      <TestCategory>
        <TestCategoryItem TestCategory="Category1000" />
      </TestCategory>
      <Execution id="6c7b68dc-ef89-482c-bd68-0774d106a5a7" />
      <TestMethod codeBase="C:\Projekty\MSTestProject\bin\Debug\netcoreapp3.1\MSTestProject.dll" adapterTypeName="executor://mstestadapter/v2" className="TwojeWesele.Services.Helpers.Tests.CurrencyHelperTests" name="FormatToStringTest1000" />
    </UnitTest>
    <UnitTest name="FormatToStringTest1000 (11796.576829059317,11796.58 zł)" storage="c:\projekty\mstestproject\bin\debug\netcoreapp3.1\mstestproject.dll" id="77c3dd7c-76c8-44d3-996a-e2fd3fa3f39c">
      <TestCategory>
        <TestCategoryItem TestCategory="Category1000" />
      </TestCategory>
      <Execution id="1386efb9-2806-4267-a3e4-7192c8377f3c" />
      <TestMethod codeBase="C:\Projekty\MSTestProject\bin\Debug\netcoreapp3.1\MSTestProject.dll" adapterTypeName="executor://mstestadapter/v2" className="TwojeWesele.Services.Helpers.Tests.CurrencyHelperTests" name="FormatToStringTest1000" />
    </UnitTest>
    <UnitTest name="FormatToStringTest1000 (2115.5076919884923,2115.51 zł)" storage="c:\projekty\mstestproject\bin\debug\netcoreapp3.1\mstestproject.dll" id="59cbe4ba-28fa-4cec-9d97-c501c7808580">
      <TestCategory>
        <TestCategoryItem TestCategory="Category1000" />
      </TestCategory>
      <Execution id="b15e3473-5128-4094-a76d-aa5154551f51" />
      <TestMethod codeBase="C:\Projekty\MSTestProject\bin\Debug\netcoreapp3.1\MSTestProject.dll" adapterTypeName="executor://mstestadapter/v2" className="TwojeWesele.Services.Helpers.Tests.CurrencyHelperTests" name="FormatToStringTest1000" />
    </UnitTest>
    <UnitTest name="FormatToStringTest1000 (22330.217605518745,22330.22 zł)" storage="c:\projekty\mstestproject\bin\debug\netcoreapp3.1\mstestproject.dll" id="1f460bbb-2336-44d3-b080-7539e2463db7">
      <TestCategory>
        <TestCategoryItem TestCategory="Category1000" />
      </TestCategory>
      <Execution id="47604a5d-9bcd-4e7d-917a-c15a2ce906bf" />
      <TestMethod codeBase="C:\Projekty\MSTestProject\bin\Debug\netcoreapp3.1\MSTestProject.dll" adapterTypeName="executor://mstestadapter/v2" className="TwojeWesele.Services.Helpers.Tests.CurrencyHelperTests" name="FormatToStringTest1000" />
    </UnitTest>
    <UnitTest name="FormatToStringTest1000 (35248.53555717996,35248.54 zł)" storage="c:\projekty\mstestproject\bin\debug\netcoreapp3.1\mstestproject.dll" id="58d99ca1-0770-4ffa-99d9-81b8cae0cf19">
      <TestCategory>
        <TestCategoryItem TestCategory="Category1000" />
      </TestCategory>
      <Execution id="ef2f5cc5-a8b1-4492-a265-7928eb523899" />
      <TestMethod codeBase="C:\Projekty\MSTestProject\bin\Debug\netcoreapp3.1\MSTestProject.dll" adapterTypeName="executor://mstestadapter/v2" className="TwojeWesele.Services.Helpers.Tests.CurrencyHelperTests" name="FormatToStringTest1000" />
    </UnitTest>
    <UnitTest name="FormatToStringTest1000 (73504.44700518598,73504.45 zł)" storage="c:\projekty\mstestproject\bin\debug\netcoreapp3.1\mstestproject.dll" id="ccb4b28e-599b-4914-bbb6-9abe721ba56d">
      <TestCategory>
        <TestCategoryItem TestCategory="Category1000" />
      </TestCategory>
      <Execution id="0f258284-5b71-4613-861b-4a96371ff2ee" />
      <TestMethod codeBase="C:\Projekty\MSTestProject\bin\Debug\netcoreapp3.1\MSTestProject.dll" adapterTypeName="executor://mstestadapter/v2" className="TwojeWesele.Services.Helpers.Tests.CurrencyHelperTests" name="FormatToStringTest1000" />
    </UnitTest>
    <UnitTest name="FormatToStringTest1000 (8242.419043611,8242.42 zł)" storage="c:\projekty\mstestproject\bin\debug\netcoreapp3.1\mstestproject.dll" id="093b05a3-dd48-41e8-8d53-cd8e31f3782a">
      <TestCategory>
        <TestCategoryItem TestCategory="Category1000" />
      </TestCategory>
      <Execution id="10061e7e-1ae3-4dc9-8f56-776ac8a09c2b" />
      <TestMethod codeBase="C:\Projekty\MSTestProject\bin\Debug\netcoreapp3.1\MSTestProject.dll" adapterTypeName="executor://mstestadapter/v2" className="TwojeWesele.Services.Helpers.Tests.CurrencyHelperTests" name="FormatToStringTest1000" />
    </UnitTest>
    <UnitTest name="FormatToStringTest1000 (15414.175096961751,15414.18 zł)" storage="c:\projekty\mstestproject\bin\debug\netcoreapp3.1\mstestproject.dll" id="f0c5fde1-6b5b-41f5-ba97-82a79f615471">
      <TestCategory>
        <TestCategoryItem TestCategory="Category1000" />
      </TestCategory>
      <Execution id="d153a6a2-cb84-4e1e-997e-895c588df993" />
      <TestMethod codeBase="C:\Projekty\MSTestProject\bin\Debug\netcoreapp3.1\MSTestProject.dll" adapterTypeName="executor://mstestadapter/v2" className="TwojeWesele.Services.Helpers.Tests.CurrencyHelperTests" name="FormatToStringTest1000" />
    </UnitTest>
    <UnitTest name="FormatToStringTest1000 (801.5720517614726,801.57 zł)" storage="c:\projekty\mstestproject\bin\debug\netcoreapp3.1\mstestproject.dll" id="ac27bad8-413f-41f9-a729-5019049954d3">
      <TestCategory>
        <TestCategoryItem TestCategory="Category1000" />
      </TestCategory>
      <Execution id="0421d75b-ce90-43ba-9217-f6ad86736570" />
      <TestMethod codeBase="C:\Projekty\MSTestProject\bin\Debug\netcoreapp3.1\MSTestProject.dll" adapterTypeName="executor://mstestadapter/v2" className="TwojeWesele.Services.Helpers.Tests.CurrencyHelperTests" name="FormatToStringTest1000" />
    </UnitTest>
    <UnitTest name="FormatToStringTest1000 (68507.83928906724,68507.84 zł)" storage="c:\projekty\mstestproject\bin\debug\netcoreapp3.1\mstestproject.dll" id="a40739c6-2b73-4341-9124-3fa546b53651">
      <TestCategory>
        <TestCategoryItem TestCategory="Category1000" />
      </TestCategory>
      <Execution id="7663f234-2bb1-4263-9232-aeddf40f4df6" />
      <TestMethod codeBase="C:\Projekty\MSTestProject\bin\Debug\netcoreapp3.1\MSTestProject.dll" adapterTypeName="executor://mstestadapter/v2" className="TwojeWesele.Services.Helpers.Tests.CurrencyHelperTests" name="FormatToStringTest1000" />
    </UnitTest>
    <UnitTest name="FormatToStringTest1000 (11944.74385168531,11944.74 zł)" storage="c:\projekty\mstestproject\bin\debug\netcoreapp3.1\mstestproject.dll" id="37a4782a-351f-41c5-8f7e-7562cd870a76">
      <TestCategory>
        <TestCategoryItem TestCategory="Category1000" />
      </TestCategory>
      <Execution id="b8698842-82e8-4de8-b1f1-8e645726884e" />
      <TestMethod codeBase="C:\Projekty\MSTestProject\bin\Debug\netcoreapp3.1\MSTestProject.dll" adapterTypeName="executor://mstestadapter/v2" className="TwojeWesele.Services.Helpers.Tests.CurrencyHelperTests" name="FormatToStringTest1000" />
    </UnitTest>
    <UnitTest name="FormatToStringTest1000 (13453.429998117233,13453.43 zł)" storage="c:\projekty\mstestproject\bin\debug\netcoreapp3.1\mstestproject.dll" id="0b3d6962-2560-4549-97f3-032a736b4a15">
      <TestCategory>
        <TestCategoryItem TestCategory="Category1000" />
      </TestCategory>
      <Execution id="5b8fd941-fa15-4a53-8999-27cf5eb805c2" />
      <TestMethod codeBase="C:\Projekty\MSTestProject\bin\Debug\netcoreapp3.1\MSTestProject.dll" adapterTypeName="executor://mstestadapter/v2" className="TwojeWesele.Services.Helpers.Tests.CurrencyHelperTests" name="FormatToStringTest1000" />
    </UnitTest>
    <UnitTest name="FormatToStringTest1000 (19519.4298413505,19519.43 zł)" storage="c:\projekty\mstestproject\bin\debug\netcoreapp3.1\mstestproject.dll" id="c2aeddad-da8e-4f82-b1fc-fb9e427f68d6">
      <TestCategory>
        <TestCategoryItem TestCategory="Category1000" />
      </TestCategory>
      <Execution id="e1762a12-c013-4871-b89c-5ecdcd99a340" />
      <TestMethod codeBase="C:\Projekty\MSTestProject\bin\Debug\netcoreapp3.1\MSTestProject.dll" adapterTypeName="executor://mstestadapter/v2" className="TwojeWesele.Services.Helpers.Tests.CurrencyHelperTests" name="FormatToStringTest1000" />
    </UnitTest>
    <UnitTest name="FormatToStringTest1000 (5279.315995182524,5279.32 zł)" storage="c:\projekty\mstestproject\bin\debug\netcoreapp3.1\mstestproject.dll" id="500892f9-1c10-4e3f-a533-1f3a529bdee5">
      <TestCategory>
        <TestCategoryItem TestCategory="Category1000" />
      </TestCategory>
      <Execution id="9425dd3b-e2a4-472b-8230-87b3087612f2" />
      <TestMethod codeBase="C:\Projekty\MSTestProject\bin\Debug\netcoreapp3.1\MSTestProject.dll" adapterTypeName="executor://mstestadapter/v2" className="TwojeWesele.Services.Helpers.Tests.CurrencyHelperTests" name="FormatToStringTest1000" />
    </UnitTest>
    <UnitTest name="FormatToStringTest1000 (643.3550376181281,643.36 zł)" storage="c:\projekty\mstestproject\bin\debug\netcoreapp3.1\mstestproject.dll" id="62f51a50-82ba-4c53-8daf-085c722eace1">
      <TestCategory>
        <TestCategoryItem TestCategory="Category1000" />
      </TestCategory>
      <Execution id="a7cc5568-40c6-4404-9988-ef25eda6150f" />
      <TestMethod codeBase="C:\Projekty\MSTestProject\bin\Debug\netcoreapp3.1\MSTestProject.dll" adapterTypeName="executor://mstestadapter/v2" className="TwojeWesele.Services.Helpers.Tests.CurrencyHelperTests" name="FormatToStringTest1000" />
    </UnitTest>
    <UnitTest name="FormatToStringTest1000 (48084.94422955389,48084.94 zł)" storage="c:\projekty\mstestproject\bin\debug\netcoreapp3.1\mstestproject.dll" id="761dd374-49f3-404e-a062-a3d4234575ba">
      <TestCategory>
        <TestCategoryItem TestCategory="Category1000" />
      </TestCategory>
      <Execution id="c9dd28e5-3190-4d2c-b1ce-2636a63387e1" />
      <TestMethod codeBase="C:\Projekty\MSTestProject\bin\Debug\netcoreapp3.1\MSTestProject.dll" adapterTypeName="executor://mstestadapter/v2" className="TwojeWesele.Services.Helpers.Tests.CurrencyHelperTests" name="FormatToStringTest1000" />
    </UnitTest>
  </TestDefinitions>
  <TestEntries>
    <TestEntry testId="04f1ec56-3786-4b26-a026-00f3ece9e5d8" executionId="4debe6e2-c906-413a-ae7f-3637e07d5d09" testListId="8c84fa94-04c1-424b-9868-57a2d4851a1d" />
    <TestEntry testId="ec8cbd1c-ff96-4474-8fca-be8400b9acfb" executionId="797683d1-3d63-4093-9c0d-dc35d9cdf995" testListId="8c84fa94-04c1-424b-9868-57a2d4851a1d" />
    <TestEntry testId="bf0796a1-5173-4c53-b649-7beda29ca76b" executionId="49428ef7-4f9c-43ca-9807-e4aa13bea0f1" testListId="8c84fa94-04c1-424b-9868-57a2d4851a1d" />
    <TestEntry testId="0b3d6962-2560-4549-97f3-032a736b4a15" executionId="5b8fd941-fa15-4a53-8999-27cf5eb805c2" testListId="8c84fa94-04c1-424b-9868-57a2d4851a1d" />
    <TestEntry testId="7a8c2c45-0725-42c5-a185-888b2d13f451" executionId="ebe43af5-6673-4cc5-9600-397ada72099f" testListId="8c84fa94-04c1-424b-9868-57a2d4851a1d" />
    <TestEntry testId="a988a3d3-4989-414c-9d84-c7e43f8c4f7c" executionId="c90576a1-f14c-4520-9b40-6241412d53e0" testListId="8c84fa94-04c1-424b-9868-57a2d4851a1d" />
    <TestEntry testId="562f6f5d-21ae-4977-a188-3c53b26fc000" executionId="65d04b3d-1c3d-48b0-9ce2-9a8064c0d74e" testListId="8c84fa94-04c1-424b-9868-57a2d4851a1d" />
    <TestEntry testId="2edb1636-fd51-49a9-8700-54934b83bdf7" executionId="9561a6e5-cfec-4def-8c26-e8d62ed7c003" testListId="8c84fa94-04c1-424b-9868-57a2d4851a1d" />
    <TestEntry testId="e26e12c6-f8bc-4068-a077-b436c3543a7f" executionId="bfe96310-2576-4c09-b4ca-c679ff488f43" testListId="8c84fa94-04c1-424b-9868-57a2d4851a1d" />
    <TestEntry testId="c073c491-1a4e-43a8-a36a-f26e89b8aa96" executionId="81fdea99-d7fe-4b77-949c-c0328d003bdf" testListId="8c84fa94-04c1-424b-9868-57a2d4851a1d" />
    <TestEntry testId="b00895dd-5ff7-41b7-a0b6-bf44364e744d" executionId="44021233-c0f8-49c1-8e4d-d86459c87995" testListId="8c84fa94-04c1-424b-9868-57a2d4851a1d" />
    <TestEntry testId="ea45ca9b-6742-4540-8c1c-403b69ab9fb8" executionId="f864978c-03c1-44ef-811a-ff77305595a6" testListId="8c84fa94-04c1-424b-9868-57a2d4851a1d" />
    <TestEntry testId="9aa09c77-ffac-4e36-84bf-ec5d5d0b4151" executionId="7dbee934-110b-47c8-8faa-9b61bedad132" testListId="8c84fa94-04c1-424b-9868-57a2d4851a1d" />
    <TestEntry testId="001e989a-967f-41cc-8647-35c0ec9866a9" executionId="0f567e05-7a00-47aa-8a78-a1b81c04385b" testListId="8c84fa94-04c1-424b-9868-57a2d4851a1d" />
    <TestEntry testId="b3e3d7b5-5ca0-4a3e-a719-87b081b72afa" executionId="c4598870-e574-49f4-8f83-5648c5782be3" testListId="8c84fa94-04c1-424b-9868-57a2d4851a1d" />
    <TestEntry testId="e71eb302-f24f-4a8f-b32f-74acff3aa7e3" executionId="8811e386-9335-4064-a3db-1eb9996f1406" testListId="8c84fa94-04c1-424b-9868-57a2d4851a1d" />
    <TestEntry testId="51a0df01-052f-4a8a-8dea-6743b5bfc708" executionId="96aaa9ca-d08f-4aeb-ad45-e043f9563c55" testListId="8c84fa94-04c1-424b-9868-57a2d4851a1d" />
    <TestEntry testId="37a4782a-351f-41c5-8f7e-7562cd870a76" executionId="b8698842-82e8-4de8-b1f1-8e645726884e" testListId="8c84fa94-04c1-424b-9868-57a2d4851a1d" />
    <TestEntry testId="3c51b771-1599-40d1-a94c-d85095151d1e" executionId="a92f82d8-469d-466a-a816-b2fd46e51fe7" testListId="8c84fa94-04c1-424b-9868-57a2d4851a1d" />
    <TestEntry testId="4b49bbfa-112f-4be5-a1e3-7e67b70429b2" executionId="b8dc9682-89c4-40b5-aae7-78050c16617f" testListId="8c84fa94-04c1-424b-9868-57a2d4851a1d" />
    <TestEntry testId="99dae6fe-708d-4cd2-8312-0fe9d5f7e66e" executionId="fa6eebeb-994c-469c-81c2-a34458a70355" testListId="8c84fa94-04c1-424b-9868-57a2d4851a1d" />
    <TestEntry testId="b69e41e4-4d90-4125-93f5-d6b0dc56d226" executionId="c2aa7f64-cf28-46de-90e0-2aaa9d29565e" testListId="8c84fa94-04c1-424b-9868-57a2d4851a1d" />
    <TestEntry testId="faaa64c7-40eb-47f0-ade1-d4837a93cccb" executionId="30edb8bb-ca72-49a3-b641-eaad2233c5d2" testListId="8c84fa94-04c1-424b-9868-57a2d4851a1d" />
    <TestEntry testId="84083d69-e42e-4427-8274-3f2313c5be4c" executionId="8626e02d-0b7b-4b35-9360-99356b27dc88" testListId="8c84fa94-04c1-424b-9868-57a2d4851a1d" />
    <TestEntry testId="ef2c0143-0b16-42a5-8e65-e8da172ce2a7" executionId="d0edbdbd-85fc-40af-b239-8a1248c868b1" testListId="8c84fa94-04c1-424b-9868-57a2d4851a1d" />
    <TestEntry testId="cadde106-4069-4dab-9cf3-e7ba6020d775" executionId="b8316f63-09d5-4ea6-804c-77c419066b03" testListId="8c84fa94-04c1-424b-9868-57a2d4851a1d" />
    <TestEntry testId="1fc37109-d10a-4303-9008-2f9eb2960f23" executionId="0b27c457-6241-4b5c-b0cd-0ce563dea391" testListId="8c84fa94-04c1-424b-9868-57a2d4851a1d" />
    <TestEntry testId="f9d6e6b1-a565-4770-8d0f-392943ed60c0" executionId="ed5cfaaa-0c93-4193-9c46-5926ce352cf3" testListId="8c84fa94-04c1-424b-9868-57a2d4851a1d" />
    <TestEntry testId="e8ba9c99-e647-433a-95cf-c46f4b0616a0" executionId="d171710e-3bd8-483c-8f7f-25e01ad8bf57" testListId="8c84fa94-04c1-424b-9868-57a2d4851a1d" />
    <TestEntry testId="94c3a29b-edf3-424a-bfe3-d2445195cee3" executionId="08a0c6b4-6836-4da4-9406-6ce15191f696" testListId="8c84fa94-04c1-424b-9868-57a2d4851a1d" />
    <TestEntry testId="bdcbf746-2a4b-43ac-b99f-698fb3050c90" executionId="5979d919-2195-4dc6-a159-60f3a4ce7a64" testListId="8c84fa94-04c1-424b-9868-57a2d4851a1d" />
    <TestEntry testId="e5450045-0ea8-4115-b631-6892cb4fdbb4" executionId="c5dac4b1-9bed-4be2-84d3-d4a78be91971" testListId="8c84fa94-04c1-424b-9868-57a2d4851a1d" />
    <TestEntry testId="bce4e219-5c71-4889-a312-174180ded5d2" executionId="3edc811c-7a67-4186-866e-dce6c90d4c19" testListId="8c84fa94-04c1-424b-9868-57a2d4851a1d" />
    <TestEntry testId="51c5b026-7648-416f-bdb5-442e06479dd2" executionId="426add85-7d0f-45f0-80d8-de55fb0a7174" testListId="8c84fa94-04c1-424b-9868-57a2d4851a1d" />
    <TestEntry testId="8d19f3ef-3440-4c91-8374-22037ae019da" executionId="811509c7-f02e-4d85-9bd8-6670b2d81fcf" testListId="8c84fa94-04c1-424b-9868-57a2d4851a1d" />
    <TestEntry testId="85444651-0c3d-46a7-911e-1ca87aea88d0" executionId="e0df2448-6bf7-4765-88cd-b236b4e8a508" testListId="8c84fa94-04c1-424b-9868-57a2d4851a1d" />
    <TestEntry testId="8bbec8e4-c6c4-46f8-907d-3675b9213dc3" executionId="6c2cbd0d-3ec9-4614-8ca2-a59a0345e953" testListId="8c84fa94-04c1-424b-9868-57a2d4851a1d" />
    <TestEntry testId="631016b5-9085-4a24-b619-6676bdfea991" executionId="7e596ce5-4a04-49d4-b142-0e37373cc2ef" testListId="8c84fa94-04c1-424b-9868-57a2d4851a1d" />
    <TestEntry testId="d68f8fd0-e592-4341-a5a9-9dfac9ea3ba3" executionId="2b32c3d3-13f5-492d-81bd-0c0c433612a5" testListId="8c84fa94-04c1-424b-9868-57a2d4851a1d" />
    <TestEntry testId="08d94a94-c8c3-4a98-9031-a38452cc1344" executionId="92fa6817-31b6-4771-b022-0629325480d5" testListId="8c84fa94-04c1-424b-9868-57a2d4851a1d" />
    <TestEntry testId="5dc36c49-698c-4379-8198-2162cbec6fa3" executionId="a192267d-aa91-4732-be24-837519c0a49c" testListId="8c84fa94-04c1-424b-9868-57a2d4851a1d" />
    <TestEntry testId="a02334a3-c891-40a7-964f-5de014cc29ad" executionId="fe87b2ad-0cf2-4f39-8168-a1e1f5c5ac38" testListId="8c84fa94-04c1-424b-9868-57a2d4851a1d" />
    <TestEntry testId="1e9ba700-277d-4802-a31b-186f05fbafe9" executionId="c5d483ab-f780-4ccf-8187-3be09bd5134a" testListId="8c84fa94-04c1-424b-9868-57a2d4851a1d" />
    <TestEntry testId="40d6b03a-e7fe-4ba8-b8e2-76233ab8b93f" executionId="d9eb470e-f481-450c-8e7f-e27cd500ac18" testListId="8c84fa94-04c1-424b-9868-57a2d4851a1d" />
    <TestEntry testId="8b1f02a9-4c40-40a3-a9ca-1a3967fc4015" executionId="352ce410-ee6e-4467-a6a2-906e31b3f246" testListId="8c84fa94-04c1-424b-9868-57a2d4851a1d" />
    <TestEntry testId="53f39933-13f3-4f15-b292-a2d530077174" executionId="c6a4a742-4507-47c2-9d66-19dede1660eb" testListId="8c84fa94-04c1-424b-9868-57a2d4851a1d" />
    <TestEntry testId="b72fcf22-0733-49c9-a405-dafd563a3952" executionId="ceb2d9ef-6bc2-4357-8d40-347afd4d84a0" testListId="8c84fa94-04c1-424b-9868-57a2d4851a1d" />
    <TestEntry testId="30bec4e6-2c87-481d-b4f6-056906409f00" executionId="c805c8e8-efde-42b2-828e-ab4a8b4e9bdb" testListId="8c84fa94-04c1-424b-9868-57a2d4851a1d" />
    <TestEntry testId="f6b2bbe7-c38a-4382-88ff-4482d2dbac8a" executionId="1cb77e8c-176f-4c94-b31a-7dd6c6b0ca60" testListId="8c84fa94-04c1-424b-9868-57a2d4851a1d" />
    <TestEntry testId="2bf20946-c6e8-4b36-8a2a-daad5f0271e9" executionId="0a7c0b79-2175-4439-997c-9509e3389eec" testListId="8c84fa94-04c1-424b-9868-57a2d4851a1d" />
    <TestEntry testId="000d39fb-52f8-4345-9a2e-08a8af2420df" executionId="978727ac-f1c5-4ae0-a151-89b82cc6d591" testListId="8c84fa94-04c1-424b-9868-57a2d4851a1d" />
    <TestEntry testId="85ca85e3-5fd8-40ae-9536-cb2fffe88d59" executionId="a29df33a-d02c-4d7e-999d-31bd0ca89f60" testListId="8c84fa94-04c1-424b-9868-57a2d4851a1d" />
    <TestEntry testId="14323242-28a3-464e-aa0b-b4a374f9511d" executionId="373c79bc-4fb9-4293-855f-1de1f31c16ea" testListId="8c84fa94-04c1-424b-9868-57a2d4851a1d" />
    <TestEntry testId="a41445b4-4fa9-4a0b-9ae7-aaf26f957cf7" executionId="a5b7e6e4-49e3-4ab6-a5f3-b5b897db2045" testListId="8c84fa94-04c1-424b-9868-57a2d4851a1d" />
    <TestEntry testId="853541d3-871a-4194-8faa-cb10f7cfaac2" executionId="98649604-3944-40ef-8a48-05d5d1e5b344" testListId="8c84fa94-04c1-424b-9868-57a2d4851a1d" />
    <TestEntry testId="d33e3f77-2496-4424-b650-682f85088453" executionId="a181a749-eaa8-475f-924b-705efe6fed7c" testListId="8c84fa94-04c1-424b-9868-57a2d4851a1d" />
    <TestEntry testId="82340201-ac6f-4e10-84ba-5844aa0710fa" executionId="a55f54a3-af65-4028-80f4-baaaca61168e" testListId="8c84fa94-04c1-424b-9868-57a2d4851a1d" />
    <TestEntry testId="07f30ccc-6329-4152-93b7-f5281ebfcb7c" executionId="c8261be7-7db9-46ec-a859-5a59eb732285" testListId="8c84fa94-04c1-424b-9868-57a2d4851a1d" />
    <TestEntry testId="99801779-8eb0-411c-9548-7706a4ac6fda" executionId="f5091cba-c46b-4ef6-a3b3-92a61afaf30e" testListId="8c84fa94-04c1-424b-9868-57a2d4851a1d" />
    <TestEntry testId="bd7fb085-546d-4a3a-8a5e-cad7b9b20b33" executionId="de15d88e-0ff2-4d2f-9e48-207669d6955e" testListId="8c84fa94-04c1-424b-9868-57a2d4851a1d" />
    <TestEntry testId="e8658a34-eff0-4ec0-81a3-c8f738862434" executionId="cb342b8a-c981-4e68-a40b-20159f638ac4" testListId="8c84fa94-04c1-424b-9868-57a2d4851a1d" />
    <TestEntry testId="2940a866-e077-4e49-ac07-3cfd0477e579" executionId="520e43fc-e396-4ae7-abc6-0febc595869b" testListId="8c84fa94-04c1-424b-9868-57a2d4851a1d" />
    <TestEntry testId="f4ba6910-eca3-46e2-9b18-20a5c8c4b178" executionId="1389c7d1-5f8c-4ed0-a9a7-623b4ca4cc08" testListId="8c84fa94-04c1-424b-9868-57a2d4851a1d" />
    <TestEntry testId="bbafcbbc-abfc-4206-abf6-5ff5dce9ad64" executionId="ed100e86-4a50-48af-b254-b256b27d23bb" testListId="8c84fa94-04c1-424b-9868-57a2d4851a1d" />
    <TestEntry testId="e57da9b1-6cad-4a32-bf22-98eec0e8abb4" executionId="7afe8673-4056-4c4c-ba45-652e80f2b04a" testListId="8c84fa94-04c1-424b-9868-57a2d4851a1d" />
    <TestEntry testId="79a88cca-1f3f-47fc-abd5-c8ddaf8c5a0b" executionId="0bd403a0-4c6e-422a-aac9-46585a16d058" testListId="8c84fa94-04c1-424b-9868-57a2d4851a1d" />
    <TestEntry testId="371240d7-7f83-4b85-afc4-45e4e3530934" executionId="1eb26fca-e35a-4b5d-b779-27163eb66243" testListId="8c84fa94-04c1-424b-9868-57a2d4851a1d" />
    <TestEntry testId="50de27e6-4d23-4ec9-8869-8f7366f577db" executionId="66b2feb9-51d4-428f-ba29-f8e32d49c0b7" testListId="8c84fa94-04c1-424b-9868-57a2d4851a1d" />
    <TestEntry testId="65f47ee5-e55b-43a3-adb9-9429be59c101" executionId="c0d4ac5b-c6f9-49b0-bf90-c03ea969f1a7" testListId="8c84fa94-04c1-424b-9868-57a2d4851a1d" />
    <TestEntry testId="183531e1-decf-4a47-824d-fdb25a40287d" executionId="bbfa2fa5-43dc-445f-aff6-e248b2fdcc5b" testListId="8c84fa94-04c1-424b-9868-57a2d4851a1d" />
    <TestEntry testId="6512c4f8-1e32-4d2d-a44f-5cf93b7cddbf" executionId="1995ac51-7280-4973-b9cc-d274912aea9b" testListId="8c84fa94-04c1-424b-9868-57a2d4851a1d" />
    <TestEntry testId="afb71ce0-6dd3-4c02-b80d-968622cc6e60" executionId="1f0ceb43-27f2-433e-ad78-22fa6456487a" testListId="8c84fa94-04c1-424b-9868-57a2d4851a1d" />
    <TestEntry testId="a5fc410e-02f2-4c11-b54f-489b0c2168b6" executionId="77b1a71d-738d-48a0-b9ab-4929c03fa5a6" testListId="8c84fa94-04c1-424b-9868-57a2d4851a1d" />
    <TestEntry testId="39678492-d07f-4053-a7c8-95976535b1cb" executionId="651d8b41-fafe-4848-969f-a620634f12ab" testListId="8c84fa94-04c1-424b-9868-57a2d4851a1d" />
    <TestEntry testId="6cae2177-5789-4a36-a16e-87fdddd3e88b" executionId="05220964-ec9a-4fc3-ba72-a4d212e52366" testListId="8c84fa94-04c1-424b-9868-57a2d4851a1d" />
    <TestEntry testId="98fdb36a-66fb-4a3d-997c-67dd7a94cdb1" executionId="69684b13-ee72-4f0b-88a1-cda885be4055" testListId="8c84fa94-04c1-424b-9868-57a2d4851a1d" />
    <TestEntry testId="5351801c-c443-4726-af0d-3712a22ced5a" executionId="60dd608f-106a-4f2c-bc58-8236f59a98d4" testListId="8c84fa94-04c1-424b-9868-57a2d4851a1d" />
    <TestEntry testId="461581c3-024c-4b0f-ad39-5bf92f62537d" executionId="6fdd4b10-3802-42fe-8de5-bcd5f805f09c" testListId="8c84fa94-04c1-424b-9868-57a2d4851a1d" />
    <TestEntry testId="a0446e79-618a-4357-bcb8-fd1186222dac" executionId="89a38bdb-4699-4d7f-bc90-bb622b7f9e8b" testListId="8c84fa94-04c1-424b-9868-57a2d4851a1d" />
    <TestEntry testId="d5d621df-0455-4f20-8c59-28bf93773959" executionId="2cedfbc5-a595-4f07-9921-eee6825caf0e" testListId="8c84fa94-04c1-424b-9868-57a2d4851a1d" />
    <TestEntry testId="35b09765-e55e-44e2-afa1-8680a4108bfb" executionId="7c7fa3df-08d1-41ae-9112-77894e7c6d81" testListId="8c84fa94-04c1-424b-9868-57a2d4851a1d" />
    <TestEntry testId="a9dca899-acb8-4968-8791-139e41e8b2ec" executionId="c9644200-a9d0-4fd4-a0ae-f9700816088a" testListId="8c84fa94-04c1-424b-9868-57a2d4851a1d" />
    <TestEntry testId="23a06e94-5388-4c96-84bf-ae06a4599cf2" executionId="61524129-39db-4d7f-beff-9c17b758c023" testListId="8c84fa94-04c1-424b-9868-57a2d4851a1d" />
    <TestEntry testId="8de5c463-baa9-4efa-9096-07df32faa7d9" executionId="7c0e1404-4597-4e4b-a807-a941541b3d46" testListId="8c84fa94-04c1-424b-9868-57a2d4851a1d" />
    <TestEntry testId="02a7fc25-8d37-49fd-8a19-ea7558fca0bb" executionId="a2ad2462-e0f2-4470-9c08-c3c828e77ca3" testListId="8c84fa94-04c1-424b-9868-57a2d4851a1d" />
    <TestEntry testId="bea8ce69-7df1-43c3-b2f6-0096f7a1a15b" executionId="a8c71ba7-5c0e-46a9-b6c4-294f4e198922" testListId="8c84fa94-04c1-424b-9868-57a2d4851a1d" />
    <TestEntry testId="ba50b139-1be1-4e52-a354-9e14d1cf752a" executionId="61d89cef-c88e-42f0-9a6d-8f1493d6e168" testListId="8c84fa94-04c1-424b-9868-57a2d4851a1d" />
    <TestEntry testId="2c667517-b8f5-4eb1-a6f1-bc9d704ecfd0" executionId="16b57915-4dd7-4c35-9a77-e73bf94254ce" testListId="8c84fa94-04c1-424b-9868-57a2d4851a1d" />
    <TestEntry testId="82049063-4bef-48ea-a6b2-b07a35831f00" executionId="b6fc090a-ff78-4920-910f-e679e1651e66" testListId="8c84fa94-04c1-424b-9868-57a2d4851a1d" />
    <TestEntry testId="335e5288-8951-4019-b2ac-843be19ae4b9" executionId="91ffc6c5-6d4b-4576-ae30-e05e5ff0ea5f" testListId="8c84fa94-04c1-424b-9868-57a2d4851a1d" />
    <TestEntry testId="f588d7c6-591f-4233-970a-1287d536765f" executionId="26efba54-c24a-4d7c-939a-dfd3998858ce" testListId="8c84fa94-04c1-424b-9868-57a2d4851a1d" />
    <TestEntry testId="a3c53cb3-41ee-487c-8520-7d8c646b389c" executionId="9ed13b77-5722-458c-9590-24f150a091ed" testListId="8c84fa94-04c1-424b-9868-57a2d4851a1d" />
    <TestEntry testId="22c127a4-9935-42fe-90e3-de7b651999ba" executionId="2ff0e544-9a28-41c0-8275-ba94d39bba7e" testListId="8c84fa94-04c1-424b-9868-57a2d4851a1d" />
    <TestEntry testId="58ea5af9-4526-493e-ac22-7e894ca09e6c" executionId="0edc6e41-eaca-4483-acaa-ed8b9b706362" testListId="8c84fa94-04c1-424b-9868-57a2d4851a1d" />
    <TestEntry testId="60c42bb9-0262-4e18-b68c-461fc4a31564" executionId="09d5303d-3734-4718-9114-055127f793c2" testListId="8c84fa94-04c1-424b-9868-57a2d4851a1d" />
    <TestEntry testId="f65edad0-228c-4239-b88d-9059325c9805" executionId="37a6f587-f315-43a1-b79b-af0a111a62fe" testListId="8c84fa94-04c1-424b-9868-57a2d4851a1d" />
    <TestEntry testId="5c15f2f4-7484-4c5b-83e9-c4e688fa3482" executionId="1636fbeb-6c8c-4856-9ae8-f34afc2d74d7" testListId="8c84fa94-04c1-424b-9868-57a2d4851a1d" />
    <TestEntry testId="a54570ab-2a98-48bf-b1f7-4d6135904d37" executionId="25badbf6-806b-4633-8c53-5207f41a36bb" testListId="8c84fa94-04c1-424b-9868-57a2d4851a1d" />
    <TestEntry testId="9bc6bbeb-b261-4e10-ba4e-a5f6cb6f1082" executionId="e23110c1-04a1-4e4c-a1c5-36554b1edf73" testListId="8c84fa94-04c1-424b-9868-57a2d4851a1d" />
    <TestEntry testId="ce3fbfba-46dc-44a2-8563-cfccc543535a" executionId="741ef9f3-72be-4bf0-ba4a-45e55f05f0d9" testListId="8c84fa94-04c1-424b-9868-57a2d4851a1d" />
    <TestEntry testId="9c7c11af-10bf-4a62-af05-1705f28cbcad" executionId="be2786a3-ee57-4695-98aa-dd2ba4cecd91" testListId="8c84fa94-04c1-424b-9868-57a2d4851a1d" />
    <TestEntry testId="9b31dae4-9eca-4ba2-971e-31c763877b32" executionId="85b4228b-b38a-4a75-bb89-9070c8ddf051" testListId="8c84fa94-04c1-424b-9868-57a2d4851a1d" />
    <TestEntry testId="ad36136d-a347-4574-9eab-83b9f3ac3a55" executionId="332bb581-6d5b-41a1-90d8-2460ec2a2904" testListId="8c84fa94-04c1-424b-9868-57a2d4851a1d" />
    <TestEntry testId="7157b363-0fd0-4063-8788-a759c8109138" executionId="b146cdb2-b4ea-4801-ab9f-5b16a99db32b" testListId="8c84fa94-04c1-424b-9868-57a2d4851a1d" />
    <TestEntry testId="9091603b-2ebd-423d-9776-5afdd91a61fd" executionId="ecff1fb6-b943-4ee2-b4e7-1fb1cae02e08" testListId="8c84fa94-04c1-424b-9868-57a2d4851a1d" />
    <TestEntry testId="22b050ce-9058-49ee-828f-0ea87090d764" executionId="24c02df0-653e-4778-9cdf-7c0409762748" testListId="8c84fa94-04c1-424b-9868-57a2d4851a1d" />
    <TestEntry testId="85a70331-a7d3-44a0-be6c-498df514a53d" executionId="6eba3588-4390-493d-929a-d517d636d255" testListId="8c84fa94-04c1-424b-9868-57a2d4851a1d" />
    <TestEntry testId="8be743d5-987d-4735-8c92-24b2a4a6209e" executionId="84320259-e101-4360-b2ef-41bac5921aee" testListId="8c84fa94-04c1-424b-9868-57a2d4851a1d" />
    <TestEntry testId="c0805160-b2b1-47e8-8534-9855f4e17680" executionId="520a624c-7fcc-4ccf-9151-f3a761741003" testListId="8c84fa94-04c1-424b-9868-57a2d4851a1d" />
    <TestEntry testId="f0c5fde1-6b5b-41f5-ba97-82a79f615471" executionId="d153a6a2-cb84-4e1e-997e-895c588df993" testListId="8c84fa94-04c1-424b-9868-57a2d4851a1d" />
    <TestEntry testId="c660bb1d-1fbf-4930-a854-086a6bdb48fb" executionId="a952bf88-2a5f-48fd-9c6b-839306296904" testListId="8c84fa94-04c1-424b-9868-57a2d4851a1d" />
    <TestEntry testId="4fbb7f2d-85bd-4682-b62c-d1ca341dc540" executionId="ef601cf6-d580-4126-b6c3-942d25716c80" testListId="8c84fa94-04c1-424b-9868-57a2d4851a1d" />
    <TestEntry testId="d69e29b0-9dfe-4ddb-962e-8dd76ec24fa9" executionId="cbabd304-feee-40ad-80dc-62dc34da4ecf" testListId="8c84fa94-04c1-424b-9868-57a2d4851a1d" />
    <TestEntry testId="d5b34ab1-6f6c-4e04-a1ee-d2ded75e1e17" executionId="9d9b7400-2563-43ec-8afe-ee2f23cf25ec" testListId="8c84fa94-04c1-424b-9868-57a2d4851a1d" />
    <TestEntry testId="851fb1ec-51f2-47d8-8fd7-f30a1fddeddc" executionId="a1b807b1-999e-482b-99bb-a319bfdf2750" testListId="8c84fa94-04c1-424b-9868-57a2d4851a1d" />
    <TestEntry testId="46e4a0e8-cd81-4174-b9ab-33bce9053a86" executionId="f25aef32-c246-43ad-ac9f-080ce21d6f07" testListId="8c84fa94-04c1-424b-9868-57a2d4851a1d" />
    <TestEntry testId="48d8604b-664c-4f02-8796-918ec7a6fd4d" executionId="8fb74202-719e-42b4-9a37-5cd483b1c581" testListId="8c84fa94-04c1-424b-9868-57a2d4851a1d" />
    <TestEntry testId="c244d733-ab03-4777-af30-5aca9fc90a9f" executionId="de7f635e-8bfe-4403-ba9b-68db42bca793" testListId="8c84fa94-04c1-424b-9868-57a2d4851a1d" />
    <TestEntry testId="3b003df0-ae43-43d7-ae77-2563a5a935a1" executionId="8b2686b5-0868-4216-9e88-8ae9dc91ff3d" testListId="8c84fa94-04c1-424b-9868-57a2d4851a1d" />
    <TestEntry testId="7848e729-a95d-441a-80a6-6c58f65f83ad" executionId="95939dcd-487e-4e51-bdb7-38ca986c73df" testListId="8c84fa94-04c1-424b-9868-57a2d4851a1d" />
    <TestEntry testId="2eeccd74-9331-43c5-afc3-cefc4dcbc3cf" executionId="4d8ba222-0b8c-4ff1-9746-7a15ac12ed5f" testListId="8c84fa94-04c1-424b-9868-57a2d4851a1d" />
    <TestEntry testId="38956293-497f-4c3b-ba4b-ce5585a9f758" executionId="8294aaf4-3e58-44df-8527-77e4c802c64b" testListId="8c84fa94-04c1-424b-9868-57a2d4851a1d" />
    <TestEntry testId="c7bdb6b0-ae50-4daa-a93d-376e31c41426" executionId="081f3f60-47ab-4618-9273-815c8e5bea95" testListId="8c84fa94-04c1-424b-9868-57a2d4851a1d" />
    <TestEntry testId="04711c50-6de3-4716-a1ee-76e24758a7e6" executionId="46ef0ea2-0a04-4e72-93a1-d2f67c022679" testListId="8c84fa94-04c1-424b-9868-57a2d4851a1d" />
    <TestEntry testId="ae591a89-1794-4a30-ba39-afccf80f9418" executionId="a9305ac5-3f27-4879-ad2e-2828dfcb38a7" testListId="8c84fa94-04c1-424b-9868-57a2d4851a1d" />
    <TestEntry testId="45982bd0-15c1-441b-9c05-d32d43181588" executionId="82243a3d-2323-465d-b0ce-cc2da65c5f2f" testListId="8c84fa94-04c1-424b-9868-57a2d4851a1d" />
    <TestEntry testId="386c2514-5bff-40a6-82ff-1129087b41e9" executionId="060080b0-563d-46b8-b019-55d8ccec20a5" testListId="8c84fa94-04c1-424b-9868-57a2d4851a1d" />
    <TestEntry testId="1ec6c5fe-27b6-429e-b0c5-64b5d95ea8b7" executionId="e3e995c7-d3e2-47ad-96b5-5af4b5eda8ef" testListId="8c84fa94-04c1-424b-9868-57a2d4851a1d" />
    <TestEntry testId="ee9ace59-2b73-430e-b0d9-1f23052b972e" executionId="012d8ed7-8783-4a6e-8057-72c9b752198b" testListId="8c84fa94-04c1-424b-9868-57a2d4851a1d" />
    <TestEntry testId="6ff91a23-e8da-42a4-8808-fa6406458b2d" executionId="ad8c9ad0-b480-4620-99ad-680fae117d0c" testListId="8c84fa94-04c1-424b-9868-57a2d4851a1d" />
    <TestEntry testId="e4a247d0-9d2c-4ab2-bcdc-2f21c7a896c5" executionId="239712bc-e137-443d-a3e0-2f75d1ff2aa6" testListId="8c84fa94-04c1-424b-9868-57a2d4851a1d" />
    <TestEntry testId="787bdfbc-9b27-4853-bad8-9d4e886e4dc0" executionId="cd171d7c-fadd-4b72-936a-d60f68c5f876" testListId="8c84fa94-04c1-424b-9868-57a2d4851a1d" />
    <TestEntry testId="cdbb57b8-68db-4bf4-83c0-c939e7f7aab0" executionId="31f2ed6b-d02b-4649-bfbf-d9c205026703" testListId="8c84fa94-04c1-424b-9868-57a2d4851a1d" />
    <TestEntry testId="4896edea-9900-4f70-9be6-5a644ec55fa9" executionId="c87fff43-b6b2-4322-a5f8-0c8002549cf0" testListId="8c84fa94-04c1-424b-9868-57a2d4851a1d" />
    <TestEntry testId="f53db18f-f962-4e18-929f-136ed3a063c2" executionId="8324365b-9289-43a8-b46c-42aa089200ad" testListId="8c84fa94-04c1-424b-9868-57a2d4851a1d" />
    <TestEntry testId="a68491ee-e458-4a9c-af74-50ccd5bd6084" executionId="e9b2f07f-53a3-43c8-8f26-79609f05661b" testListId="8c84fa94-04c1-424b-9868-57a2d4851a1d" />
    <TestEntry testId="a0c74e7d-731d-4638-826b-18530bbae003" executionId="93dfb948-d7db-4a6d-9e3d-1f2086aa1b0e" testListId="8c84fa94-04c1-424b-9868-57a2d4851a1d" />
    <TestEntry testId="71c5cb2e-0d8a-4bff-80c4-8c4ff8fdfc58" executionId="b91c646e-587f-4d07-a796-51ca79c7d6ec" testListId="8c84fa94-04c1-424b-9868-57a2d4851a1d" />
    <TestEntry testId="21a060e4-277c-447c-90bb-7752f1273b58" executionId="cf5313f1-f70a-4db2-83d2-6f8212453b6c" testListId="8c84fa94-04c1-424b-9868-57a2d4851a1d" />
    <TestEntry testId="693aaf23-eb1a-4dea-86bf-f1dcd1b4fa02" executionId="d0b95ed6-480e-4b6c-8a7e-a243ab392ee4" testListId="8c84fa94-04c1-424b-9868-57a2d4851a1d" />
    <TestEntry testId="9e905cd1-6420-4a76-bcf7-c30573bff45f" executionId="c1ca7cb0-3889-4041-8486-454f7b1ab533" testListId="8c84fa94-04c1-424b-9868-57a2d4851a1d" />
    <TestEntry testId="6ae2b0fd-6bd7-4b3f-8726-6bea4013add9" executionId="41dba156-af58-4432-99de-ea69695bfd3c" testListId="8c84fa94-04c1-424b-9868-57a2d4851a1d" />
    <TestEntry testId="2acacb66-9844-4e73-8e06-ce577cb23859" executionId="498f86ad-8abb-4913-890d-4a83db17f0d7" testListId="8c84fa94-04c1-424b-9868-57a2d4851a1d" />
    <TestEntry testId="525a01c3-08ea-48ec-ad24-9548689b804f" executionId="844d3f7f-6743-40cd-afbd-6af0fc0c0fd4" testListId="8c84fa94-04c1-424b-9868-57a2d4851a1d" />
    <TestEntry testId="2b6fc4a8-1a17-4081-a965-1dc08db2ba94" executionId="2c07a90f-b6e5-4739-9dcb-d95244eab45a" testListId="8c84fa94-04c1-424b-9868-57a2d4851a1d" />
    <TestEntry testId="bb03e8cc-fb6b-4002-be63-6ae3f1508141" executionId="caa1b581-bcc9-4c79-8ce0-c0b1aec640c0" testListId="8c84fa94-04c1-424b-9868-57a2d4851a1d" />
    <TestEntry testId="b6720530-839e-4dc4-80c2-de03256ee87a" executionId="7367fc13-972e-44bc-aa80-3e3d66fee573" testListId="8c84fa94-04c1-424b-9868-57a2d4851a1d" />
    <TestEntry testId="4c48d24a-bc44-4fa3-b406-bc18fb1342e1" executionId="79457240-fd91-4118-8d56-fee0b8468e20" testListId="8c84fa94-04c1-424b-9868-57a2d4851a1d" />
    <TestEntry testId="62f51a50-82ba-4c53-8daf-085c722eace1" executionId="a7cc5568-40c6-4404-9988-ef25eda6150f" testListId="8c84fa94-04c1-424b-9868-57a2d4851a1d" />
    <TestEntry testId="a81cad59-bb64-48d6-99a6-2ff749c0e038" executionId="d39017d9-1928-4c35-8ac2-c5bd931f9816" testListId="8c84fa94-04c1-424b-9868-57a2d4851a1d" />
    <TestEntry testId="a2fdbdb3-7499-4152-9c2c-df76a780dce3" executionId="e01241f7-dd0d-4123-a7f8-47e80d992d57" testListId="8c84fa94-04c1-424b-9868-57a2d4851a1d" />
    <TestEntry testId="8d9211e0-abc1-4a67-8917-cd79b6e23c12" executionId="0eb636c8-75c0-4b30-a0a4-532134414081" testListId="8c84fa94-04c1-424b-9868-57a2d4851a1d" />
    <TestEntry testId="00a3ddcc-e444-46a7-a210-9dddd7fb365e" executionId="b06623c8-e7d6-48c3-8814-54ea5ba8da40" testListId="8c84fa94-04c1-424b-9868-57a2d4851a1d" />
    <TestEntry testId="a5780f51-91ff-4c3f-b949-7faabd30869c" executionId="1b217680-89fe-4fe9-b650-88efb2dab196" testListId="8c84fa94-04c1-424b-9868-57a2d4851a1d" />
    <TestEntry testId="81c8d2d6-5433-47be-93f6-9c7e77c71b9a" executionId="af255f2f-d1e6-4ad9-8983-8c0b04e2cb24" testListId="8c84fa94-04c1-424b-9868-57a2d4851a1d" />
    <TestEntry testId="e67decdd-ccb2-4f5f-a91f-532366ab0712" executionId="0d6f2b08-7c0b-4af2-8cd0-60a16379a6d1" testListId="8c84fa94-04c1-424b-9868-57a2d4851a1d" />
    <TestEntry testId="8010926f-93c4-4e09-8691-d64d5c2bed19" executionId="9eaa5ee9-5498-4376-bcb8-152cfa452f26" testListId="8c84fa94-04c1-424b-9868-57a2d4851a1d" />
    <TestEntry testId="8618d5b5-42c5-4244-9841-b7ef596899ea" executionId="c12c274c-6464-4236-865d-24fe98c1b17b" testListId="8c84fa94-04c1-424b-9868-57a2d4851a1d" />
    <TestEntry testId="8f777e45-c2c5-4412-b502-fdd180c8d106" executionId="45a83beb-3cdd-44c5-8c0f-8156a60beb90" testListId="8c84fa94-04c1-424b-9868-57a2d4851a1d" />
    <TestEntry testId="3dbcc587-b95f-4724-8681-018ef5b94d36" executionId="468f1d7f-9959-4d78-a1cc-d895d68a27fc" testListId="8c84fa94-04c1-424b-9868-57a2d4851a1d" />
    <TestEntry testId="3cfa9bc3-48d3-4726-b597-67447b7a1b31" executionId="e76753b3-7102-47e0-9825-f7edd99891e9" testListId="8c84fa94-04c1-424b-9868-57a2d4851a1d" />
    <TestEntry testId="e794d467-24c6-4fe7-a1ac-b71c2c06c7d0" executionId="8d18c81d-5fe3-4dc3-b0d7-b83de1da026d" testListId="8c84fa94-04c1-424b-9868-57a2d4851a1d" />
    <TestEntry testId="90dca259-b558-4168-8918-ba3e98bc13c8" executionId="6658f6ef-5279-4562-a73a-bbb2277ece96" testListId="8c84fa94-04c1-424b-9868-57a2d4851a1d" />
    <TestEntry testId="55bff531-9813-4013-a69e-9bbea7bb426d" executionId="f5560f78-b012-40c4-8124-48fb5b9a52e6" testListId="8c84fa94-04c1-424b-9868-57a2d4851a1d" />
    <TestEntry testId="59f48579-9c7f-46f5-a0d0-7b04ce73c1ba" executionId="e42c7d07-1f24-49d4-b5fc-bd14bb8bc6de" testListId="8c84fa94-04c1-424b-9868-57a2d4851a1d" />
    <TestEntry testId="dc004bf1-d77f-4215-8ed8-01e041ba3bca" executionId="f31c0e80-d073-45c8-aa46-c72e08e444f5" testListId="8c84fa94-04c1-424b-9868-57a2d4851a1d" />
    <TestEntry testId="a8c92f23-81b8-4d61-8c09-bd5224a9d4c3" executionId="b3d1413c-fc6a-4017-82f7-3f935024de70" testListId="8c84fa94-04c1-424b-9868-57a2d4851a1d" />
    <TestEntry testId="e0b61268-b21b-4e65-834e-65cf6c456c24" executionId="b78b7c8c-6627-4b7c-87e7-b237ecdcf538" testListId="8c84fa94-04c1-424b-9868-57a2d4851a1d" />
    <TestEntry testId="a97f20a0-58aa-419e-a461-73e5cde67642" executionId="8eabe26e-aa69-49d7-9f8e-0d644bb5c681" testListId="8c84fa94-04c1-424b-9868-57a2d4851a1d" />
    <TestEntry testId="d7829491-cbda-4bc8-9b45-db2a24d66789" executionId="1ed7bd80-ea61-4e3a-a5e2-4189a78c28fd" testListId="8c84fa94-04c1-424b-9868-57a2d4851a1d" />
    <TestEntry testId="a95b361c-ae66-45fc-aed4-dcb6b6f5ee72" executionId="465e2134-0c8f-4832-bb33-e73ef3526b38" testListId="8c84fa94-04c1-424b-9868-57a2d4851a1d" />
    <TestEntry testId="920ec1be-57c5-4f9d-a92b-1eac4cb315ee" executionId="76140e14-f2d5-45d6-918e-9415f35b9939" testListId="8c84fa94-04c1-424b-9868-57a2d4851a1d" />
    <TestEntry testId="ece386b8-ea3f-4b57-89b5-b0e7f8622118" executionId="57f96369-58fe-4912-ad04-f85856fa17f4" testListId="8c84fa94-04c1-424b-9868-57a2d4851a1d" />
    <TestEntry testId="86b5568b-a813-4c53-9bd6-6cc6ace6c3ce" executionId="5dafd6d0-ddc6-46c3-822c-8480102dbccd" testListId="8c84fa94-04c1-424b-9868-57a2d4851a1d" />
    <TestEntry testId="315d9502-c747-4936-965f-507f9985ac25" executionId="f3817afb-caaa-4932-ae83-0183d1935ff1" testListId="8c84fa94-04c1-424b-9868-57a2d4851a1d" />
    <TestEntry testId="646d9dfb-6680-461a-bc95-36eb75d4ab83" executionId="662ba848-fbee-43a3-8a66-f1d06430223d" testListId="8c84fa94-04c1-424b-9868-57a2d4851a1d" />
    <TestEntry testId="861411c5-3f4c-40a7-9640-39018aa113b9" executionId="6e5349f7-e1d6-4186-b29f-28fadf04a97f" testListId="8c84fa94-04c1-424b-9868-57a2d4851a1d" />
    <TestEntry testId="a3bb5891-a468-4206-ae3e-087fe4b64c64" executionId="2e6bd79f-415d-47a9-b130-41c051cedcae" testListId="8c84fa94-04c1-424b-9868-57a2d4851a1d" />
    <TestEntry testId="fe04a8f6-737b-4187-b64d-4d50bad1e2fd" executionId="b9ff7f65-cfe8-401f-b4fa-769698631418" testListId="8c84fa94-04c1-424b-9868-57a2d4851a1d" />
    <TestEntry testId="c7ff6098-76d6-4eca-91fc-b8997918e5ab" executionId="de714cc0-5c9b-4e0d-b274-964c05e5911a" testListId="8c84fa94-04c1-424b-9868-57a2d4851a1d" />
    <TestEntry testId="ccb4b28e-599b-4914-bbb6-9abe721ba56d" executionId="0f258284-5b71-4613-861b-4a96371ff2ee" testListId="8c84fa94-04c1-424b-9868-57a2d4851a1d" />
    <TestEntry testId="c3531bcf-3f27-4274-b7b8-423c7f6316d8" executionId="06cb8095-c5ca-44bf-b647-dbb885dfaaff" testListId="8c84fa94-04c1-424b-9868-57a2d4851a1d" />
    <TestEntry testId="53a95739-b2e8-4c87-8191-30ef74feca0b" executionId="a327c9d9-4fba-495d-ae45-3c4422bd4472" testListId="8c84fa94-04c1-424b-9868-57a2d4851a1d" />
    <TestEntry testId="40e1be45-af6b-4565-8cde-01fd3a3e88d5" executionId="287494ca-77dd-4ef7-b452-01e1722c524e" testListId="8c84fa94-04c1-424b-9868-57a2d4851a1d" />
    <TestEntry testId="7c60ca2d-31ea-45ba-88aa-dacbcf3562b6" executionId="009ff7be-33ae-4d3c-81db-3c38fc57209f" testListId="8c84fa94-04c1-424b-9868-57a2d4851a1d" />
    <TestEntry testId="810ef571-c6f7-4697-9041-53fec201c889" executionId="89c2581a-bc31-4edf-9b32-c16c3041e077" testListId="8c84fa94-04c1-424b-9868-57a2d4851a1d" />
    <TestEntry testId="1502c027-5a5c-45b9-9eb6-79fb59497798" executionId="101a64e0-b77e-4b16-a25d-f5de933740c3" testListId="8c84fa94-04c1-424b-9868-57a2d4851a1d" />
    <TestEntry testId="0ef7db42-77ff-4d82-bb31-bd02df7444eb" executionId="b86e459e-dbec-4947-8399-c28987a63289" testListId="8c84fa94-04c1-424b-9868-57a2d4851a1d" />
    <TestEntry testId="4445b421-cadc-4c23-942a-c0d504aa1192" executionId="7e4e12d3-4a2a-493f-8bb7-c2a453e10339" testListId="8c84fa94-04c1-424b-9868-57a2d4851a1d" />
    <TestEntry testId="32e5fb5d-26cd-4aeb-815b-83e95d978be8" executionId="21c659f1-42a4-4a84-9126-bc2027367ca9" testListId="8c84fa94-04c1-424b-9868-57a2d4851a1d" />
    <TestEntry testId="c3ff6bdd-7298-4b24-8b30-fe5bca5b6ab6" executionId="3d59646a-c2e7-48e2-a59d-7f4c612e185b" testListId="8c84fa94-04c1-424b-9868-57a2d4851a1d" />
    <TestEntry testId="325e5f1a-226e-4748-a906-1a79e5e00115" executionId="d2435f19-c31e-42de-bfe9-cba9fce6d4e7" testListId="8c84fa94-04c1-424b-9868-57a2d4851a1d" />
    <TestEntry testId="484698dc-a9a9-4f30-82ab-b2c42f58a9a6" executionId="9a587281-38a0-4774-8711-fca335f5f87b" testListId="8c84fa94-04c1-424b-9868-57a2d4851a1d" />
    <TestEntry testId="983007e5-93a8-4676-a5c9-f0763d3b2e8f" executionId="e8bc8131-af6b-4370-88a5-ce2b3eb2428b" testListId="8c84fa94-04c1-424b-9868-57a2d4851a1d" />
    <TestEntry testId="7a7c66d4-c9ca-41dc-b43d-2e33a7e35533" executionId="d7a394b8-39d3-4c86-8f4e-b8857ce5f97e" testListId="8c84fa94-04c1-424b-9868-57a2d4851a1d" />
    <TestEntry testId="2659440d-38ab-47bd-8b8d-ce234f8915b8" executionId="3a57f682-9a66-4706-aefb-306b9df5e1c3" testListId="8c84fa94-04c1-424b-9868-57a2d4851a1d" />
    <TestEntry testId="937332e2-223e-4be4-a135-f2608b0e1b93" executionId="c99136e9-cfc2-4043-8eaa-ab394eabd323" testListId="8c84fa94-04c1-424b-9868-57a2d4851a1d" />
    <TestEntry testId="57ad1baf-5a9b-4d87-b28d-78e3e41d8dc9" executionId="1a15c373-fb18-40ce-a5fd-aeecee9cdc9e" testListId="8c84fa94-04c1-424b-9868-57a2d4851a1d" />
    <TestEntry testId="0b967382-b83f-4c7c-b3b9-1db42564a7ba" executionId="16c91c60-f4f3-4f4d-beb7-a72cf538b914" testListId="8c84fa94-04c1-424b-9868-57a2d4851a1d" />
    <TestEntry testId="a97630a7-22da-43d5-93e7-ce14e677c343" executionId="aee03a28-8c7b-4dc5-a41a-1c10cd5c8fc2" testListId="8c84fa94-04c1-424b-9868-57a2d4851a1d" />
    <TestEntry testId="1c0c0401-cbac-4e8e-b8e5-66e2db5ac083" executionId="44d93845-1d34-4fa9-897b-602a8b793f96" testListId="8c84fa94-04c1-424b-9868-57a2d4851a1d" />
    <TestEntry testId="6d002b79-79e6-4969-a0a6-234561dee19d" executionId="7b21f302-79b4-4cef-8e53-4a000bd93f80" testListId="8c84fa94-04c1-424b-9868-57a2d4851a1d" />
    <TestEntry testId="ff132f7e-2eca-49a7-b506-1a5a9884f77c" executionId="1753a83b-967b-4a36-b19a-dff43a99bb26" testListId="8c84fa94-04c1-424b-9868-57a2d4851a1d" />
    <TestEntry testId="7cde49c6-05e6-4b2c-a8e6-03138aaf0098" executionId="d1f6e484-b31a-4365-ac72-f308d3f6e99f" testListId="8c84fa94-04c1-424b-9868-57a2d4851a1d" />
    <TestEntry testId="30d403f8-df19-4c84-9789-e3006d1525bc" executionId="65855271-92e3-4b6e-b882-1338c8cd1948" testListId="8c84fa94-04c1-424b-9868-57a2d4851a1d" />
    <TestEntry testId="892610da-a9ee-4926-80e9-94610954b29b" executionId="b1cba99c-de73-4bb0-9660-540da0c5e490" testListId="8c84fa94-04c1-424b-9868-57a2d4851a1d" />
    <TestEntry testId="cda9d0cf-dba7-478d-9033-25c773ad4c87" executionId="d0cc3142-cfd7-4a00-ba94-e6e24fda172f" testListId="8c84fa94-04c1-424b-9868-57a2d4851a1d" />
    <TestEntry testId="38c628c5-a398-49ab-9687-1906ff3ff5da" executionId="84dfe79d-1816-41f0-a997-41f07d97abfd" testListId="8c84fa94-04c1-424b-9868-57a2d4851a1d" />
    <TestEntry testId="c331b2b0-5065-4455-9a28-e0a79e2db7e7" executionId="2a1747ed-c0e0-4eb9-a9e6-191138a0499b" testListId="8c84fa94-04c1-424b-9868-57a2d4851a1d" />
    <TestEntry testId="1f460bbb-2336-44d3-b080-7539e2463db7" executionId="47604a5d-9bcd-4e7d-917a-c15a2ce906bf" testListId="8c84fa94-04c1-424b-9868-57a2d4851a1d" />
    <TestEntry testId="46b2a898-cf0f-4ccd-91f7-df649fae91c2" executionId="50362713-1de2-4f9f-8f5c-8b19964198b7" testListId="8c84fa94-04c1-424b-9868-57a2d4851a1d" />
    <TestEntry testId="d9eaf0b3-7cde-45ae-b307-1f4780967fbc" executionId="bdcff145-1286-4f8a-80c0-6a2d0ae2b12d" testListId="8c84fa94-04c1-424b-9868-57a2d4851a1d" />
    <TestEntry testId="ac27bad8-413f-41f9-a729-5019049954d3" executionId="0421d75b-ce90-43ba-9217-f6ad86736570" testListId="8c84fa94-04c1-424b-9868-57a2d4851a1d" />
    <TestEntry testId="29db9080-61f9-4dcd-8a17-a88b542f90e5" executionId="d67db5e8-8116-4e31-b09f-c7f410c90b43" testListId="8c84fa94-04c1-424b-9868-57a2d4851a1d" />
    <TestEntry testId="acec02a7-d873-4141-b0d8-a36e92f480b3" executionId="a9327f03-1e57-4790-ba36-8f47c3ca62b0" testListId="8c84fa94-04c1-424b-9868-57a2d4851a1d" />
    <TestEntry testId="ec8186e1-f00c-435d-a5e0-dfb79e92edee" executionId="f0924506-4008-43d8-ad80-b7dcce9b094b" testListId="8c84fa94-04c1-424b-9868-57a2d4851a1d" />
    <TestEntry testId="293e26d2-9e3b-4736-a129-ca36ec3545b1" executionId="948ebc72-7878-40f8-8a91-001a35f9c773" testListId="8c84fa94-04c1-424b-9868-57a2d4851a1d" />
    <TestEntry testId="42862ed3-8412-41ce-9bf7-d9a10013d079" executionId="34fbffc7-4385-48b9-8cff-7f98e0329ef4" testListId="8c84fa94-04c1-424b-9868-57a2d4851a1d" />
    <TestEntry testId="115fe794-9fb7-4446-9e74-fd861ed74414" executionId="d63667c0-dca7-4acc-b6b0-674dd6052e8b" testListId="8c84fa94-04c1-424b-9868-57a2d4851a1d" />
    <TestEntry testId="ed96606f-99b1-4b33-b6be-b64e79b9f379" executionId="5509c85e-5e00-431a-a668-62451d20b9c9" testListId="8c84fa94-04c1-424b-9868-57a2d4851a1d" />
    <TestEntry testId="d29c029b-db67-4351-9b51-b980ad210af1" executionId="189b9e14-5fdb-451e-b74c-31a43fafbca6" testListId="8c84fa94-04c1-424b-9868-57a2d4851a1d" />
    <TestEntry testId="ec747fdb-2ddb-4954-b1d1-352324b41df9" executionId="1992238d-d8c8-4d06-8a13-4f510a22be0a" testListId="8c84fa94-04c1-424b-9868-57a2d4851a1d" />
    <TestEntry testId="3dc2a74e-188a-4ad4-9c39-a8119de4d569" executionId="085bb47d-a375-45b4-9bbf-b3db67fc8457" testListId="8c84fa94-04c1-424b-9868-57a2d4851a1d" />
    <TestEntry testId="a79e0d0d-6ceb-42b9-9424-300084eb1518" executionId="4ad94ebb-6ef4-4988-abfe-2200dcb2fbeb" testListId="8c84fa94-04c1-424b-9868-57a2d4851a1d" />
    <TestEntry testId="41da0957-bd62-42ff-bfdf-c7f1ebb66f35" executionId="5fb8ff2e-ba15-4b48-886d-e41791408c77" testListId="8c84fa94-04c1-424b-9868-57a2d4851a1d" />
    <TestEntry testId="a616a446-2569-4c3f-99c9-89e43c04ef9f" executionId="1fd20931-1849-43dd-ad9d-082aa707a4f8" testListId="8c84fa94-04c1-424b-9868-57a2d4851a1d" />
    <TestEntry testId="bec81ad4-6a35-4c44-8311-5dc11fd863de" executionId="d6510262-d734-4a95-bf69-140995ac5324" testListId="8c84fa94-04c1-424b-9868-57a2d4851a1d" />
    <TestEntry testId="a48cbe55-7ecd-4ab1-9cfc-b26bc761ea1c" executionId="4cd489f7-90a9-424f-8357-de2bc3229188" testListId="8c84fa94-04c1-424b-9868-57a2d4851a1d" />
    <TestEntry testId="5e06e6af-120c-4fe9-8499-bf3f96869788" executionId="9ae867ff-6b12-45b4-8624-5ea05f90e373" testListId="8c84fa94-04c1-424b-9868-57a2d4851a1d" />
    <TestEntry testId="8f5d0886-3d13-4984-aa38-6140eb99f244" executionId="3e879968-0e00-4717-97e8-19ba5fdd6f51" testListId="8c84fa94-04c1-424b-9868-57a2d4851a1d" />
    <TestEntry testId="1b78dd25-ee71-401b-b8f7-aa0c769ae46a" executionId="c3e75bd9-673c-4982-a5b4-c7a0b6dec86a" testListId="8c84fa94-04c1-424b-9868-57a2d4851a1d" />
    <TestEntry testId="1662e721-10e6-4cfb-812d-bfbbdc1e0fa2" executionId="0b16ed3e-5694-4c35-b239-4951b095ed25" testListId="8c84fa94-04c1-424b-9868-57a2d4851a1d" />
    <TestEntry testId="41e45369-ebc3-4283-aacc-e8303d1083b3" executionId="b73a55ed-1d7b-4f86-9b48-51f66113c754" testListId="8c84fa94-04c1-424b-9868-57a2d4851a1d" />
    <TestEntry testId="d16ac174-062d-40f4-a291-5c2e00a7fb55" executionId="0ee88663-e4b2-4a8e-958a-8ef996d5c399" testListId="8c84fa94-04c1-424b-9868-57a2d4851a1d" />
    <TestEntry testId="976f461e-6386-46b0-bc89-0423fb81bc98" executionId="0b293564-81bf-4e3b-b61b-0e64664fb175" testListId="8c84fa94-04c1-424b-9868-57a2d4851a1d" />
    <TestEntry testId="459b4017-1fc4-41fc-9687-88d109579741" executionId="d8deb89b-9bee-478a-bfa1-07338c279ceb" testListId="8c84fa94-04c1-424b-9868-57a2d4851a1d" />
    <TestEntry testId="1cf9b560-783f-4f36-8824-9987465f7ffe" executionId="5165e549-9727-45e8-90b0-72b253e27098" testListId="8c84fa94-04c1-424b-9868-57a2d4851a1d" />
    <TestEntry testId="9d526ba9-9e56-4c81-8231-51f08b62af27" executionId="d74d269e-0130-43cb-b83e-ef8b5f820e07" testListId="8c84fa94-04c1-424b-9868-57a2d4851a1d" />
    <TestEntry testId="f57af3dd-3f6d-4a00-89cb-13f767df785d" executionId="111fee07-b470-4728-8d22-2b79315aeec7" testListId="8c84fa94-04c1-424b-9868-57a2d4851a1d" />
    <TestEntry testId="8d0eab21-feb3-4698-9787-3fe39ea2057c" executionId="7735be02-811c-4d72-abe5-f8912ceb392c" testListId="8c84fa94-04c1-424b-9868-57a2d4851a1d" />
    <TestEntry testId="4ba0d164-a28f-43e3-a96e-a6f26dd74933" executionId="2e2a2d5f-d236-497f-af9c-5dd7fcc6a4f4" testListId="8c84fa94-04c1-424b-9868-57a2d4851a1d" />
    <TestEntry testId="6fb35075-395a-498c-b7db-4c1c85143db1" executionId="99ed82d4-9f7a-4739-9f40-db7b430b2f58" testListId="8c84fa94-04c1-424b-9868-57a2d4851a1d" />
    <TestEntry testId="8a2615f8-3942-4adb-9b1a-81615c55e3c3" executionId="9c3ced90-f9a7-46ff-8a9f-eaf2fadf619b" testListId="8c84fa94-04c1-424b-9868-57a2d4851a1d" />
    <TestEntry testId="b984bb59-281a-4860-96b5-bf8c8b7badbe" executionId="b9b37ea3-fca3-42d7-9656-b49da222ead0" testListId="8c84fa94-04c1-424b-9868-57a2d4851a1d" />
    <TestEntry testId="886fa1cd-3c87-45bc-81a6-9d5ac23c6422" executionId="384bdf7f-6b07-4a7f-a30b-6b71296e5abc" testListId="8c84fa94-04c1-424b-9868-57a2d4851a1d" />
    <TestEntry testId="500892f9-1c10-4e3f-a533-1f3a529bdee5" executionId="9425dd3b-e2a4-472b-8230-87b3087612f2" testListId="8c84fa94-04c1-424b-9868-57a2d4851a1d" />
    <TestEntry testId="83b28f8f-78b9-4453-8b48-a886986c91e8" executionId="ba4ddc8a-fd64-4a28-9af9-2640762b0c1d" testListId="8c84fa94-04c1-424b-9868-57a2d4851a1d" />
    <TestEntry testId="a7c601c9-0d67-4706-a69f-6c840872c11b" executionId="ec7161f0-41ee-4de4-8057-f0dc6572e6c2" testListId="8c84fa94-04c1-424b-9868-57a2d4851a1d" />
    <TestEntry testId="7fab9fd9-e8c4-43dd-b2a5-f67aa1669368" executionId="e821cad3-9f1a-4bb4-9cda-e5d7442bf5e9" testListId="8c84fa94-04c1-424b-9868-57a2d4851a1d" />
    <TestEntry testId="5e9a0a10-2f07-4eca-ab89-82bb04ddfe3c" executionId="2ccb159d-7f76-4f68-8e00-7b22d52f221c" testListId="8c84fa94-04c1-424b-9868-57a2d4851a1d" />
    <TestEntry testId="ad541675-a95e-41a4-9451-ac61b4152ea4" executionId="9e5f9d1f-a63a-4f7d-adeb-75b3c11380fe" testListId="8c84fa94-04c1-424b-9868-57a2d4851a1d" />
    <TestEntry testId="afb25b1d-216b-446d-b122-d64bd050600f" executionId="4e2ad781-fd57-4d6a-892e-b6db8da34899" testListId="8c84fa94-04c1-424b-9868-57a2d4851a1d" />
    <TestEntry testId="a0ec6ccb-a7af-4fd3-9009-5fd6f89af91d" executionId="5282d3c8-a83d-4dbc-8495-2da5ce8cec43" testListId="8c84fa94-04c1-424b-9868-57a2d4851a1d" />
    <TestEntry testId="ad0778a4-877e-4d9b-9ecc-70966d479b58" executionId="089c59dd-3ccb-4b84-9791-e2f6a097942e" testListId="8c84fa94-04c1-424b-9868-57a2d4851a1d" />
    <TestEntry testId="cecd381e-550e-4956-a6da-0820ac28f237" executionId="064ccfe4-853f-4f6b-af86-18003eb1cce7" testListId="8c84fa94-04c1-424b-9868-57a2d4851a1d" />
    <TestEntry testId="4e9afbd1-896a-41c4-b1a9-fedb7951ccdb" executionId="a8fc7ee0-ce50-4e0c-97de-67060232fa4a" testListId="8c84fa94-04c1-424b-9868-57a2d4851a1d" />
    <TestEntry testId="c7578b9e-9762-466b-8abf-527abf7aa40f" executionId="aca465be-70b0-44f5-9c06-3facdb8b1466" testListId="8c84fa94-04c1-424b-9868-57a2d4851a1d" />
    <TestEntry testId="2fc7a142-82d6-4a70-9563-218876a0d5ea" executionId="1fdc848f-1815-420c-b1de-4bcdb9ca05f0" testListId="8c84fa94-04c1-424b-9868-57a2d4851a1d" />
    <TestEntry testId="91520096-e01c-456e-ad95-1b54eb742b39" executionId="9cd76e23-77c1-4612-b3da-ba426e8eced7" testListId="8c84fa94-04c1-424b-9868-57a2d4851a1d" />
    <TestEntry testId="a8d8a061-ca1c-452c-87e4-4a6316d6af49" executionId="2f75d73a-7007-4a87-9d49-1a38f3004efa" testListId="8c84fa94-04c1-424b-9868-57a2d4851a1d" />
    <TestEntry testId="a47ba5d0-5d13-43ec-a582-63be9b603814" executionId="d6912683-f42d-4aa1-9840-1e66800e2255" testListId="8c84fa94-04c1-424b-9868-57a2d4851a1d" />
    <TestEntry testId="40c82c2c-f733-42d8-8e6c-ccacc2ba8d6f" executionId="adba0007-8dbf-408b-8140-8408be4abaf8" testListId="8c84fa94-04c1-424b-9868-57a2d4851a1d" />
    <TestEntry testId="21acf5bb-c0ac-475b-b772-89ae87b3b755" executionId="71beafa9-9e29-4d9c-9f0f-a13dc2cfcd4a" testListId="8c84fa94-04c1-424b-9868-57a2d4851a1d" />
    <TestEntry testId="ff413960-a526-4577-978c-e1433a4cfd52" executionId="62ff1ac6-bfa6-4161-89c7-7563ae783bc1" testListId="8c84fa94-04c1-424b-9868-57a2d4851a1d" />
    <TestEntry testId="b7d26eda-9837-4d49-ba4e-3d8f9171f6f8" executionId="6831566a-6110-4eaf-8144-9b3934446790" testListId="8c84fa94-04c1-424b-9868-57a2d4851a1d" />
    <TestEntry testId="6b798677-4f08-46d6-99d4-219df81bfa90" executionId="6f071fae-a611-4b18-b94d-7f63b22666be" testListId="8c84fa94-04c1-424b-9868-57a2d4851a1d" />
    <TestEntry testId="cb037552-ab28-4c46-84cc-b285d48839dc" executionId="199e63c6-c9f7-4e54-be58-e4575b883b00" testListId="8c84fa94-04c1-424b-9868-57a2d4851a1d" />
    <TestEntry testId="d4d11be2-333d-4c06-9cd3-c5b1031e60f3" executionId="548fd2ef-5fe9-4942-9090-8c558857325a" testListId="8c84fa94-04c1-424b-9868-57a2d4851a1d" />
    <TestEntry testId="3ead99d5-5c49-4c0d-97ea-31e15d12b509" executionId="49a3993c-7bf9-4893-9f99-4917fea628b8" testListId="8c84fa94-04c1-424b-9868-57a2d4851a1d" />
    <TestEntry testId="8f265e4b-decc-4788-a413-2d6c290609f0" executionId="b69779fb-2638-4227-b2bb-60c3e3553184" testListId="8c84fa94-04c1-424b-9868-57a2d4851a1d" />
    <TestEntry testId="c6366022-7623-428f-8b8c-78b15ecfe4f2" executionId="5ca7b06b-6d7d-43cd-8fcf-3aad2dbe7767" testListId="8c84fa94-04c1-424b-9868-57a2d4851a1d" />
    <TestEntry testId="c7d25a09-c948-4008-b867-f7f62b20e0d5" executionId="2bf60644-e617-4b7d-aa85-1787b5bb5858" testListId="8c84fa94-04c1-424b-9868-57a2d4851a1d" />
    <TestEntry testId="f2ceb299-5d9d-4072-a326-b08f34f8c034" executionId="5dac2423-5361-4fe0-8bba-10b174dc067b" testListId="8c84fa94-04c1-424b-9868-57a2d4851a1d" />
    <TestEntry testId="93cb0ea9-2253-4868-85ed-4736b50d1482" executionId="3e203da4-e0ae-41d1-aa2d-ea9d23643088" testListId="8c84fa94-04c1-424b-9868-57a2d4851a1d" />
    <TestEntry testId="66855f2d-c340-4ccb-80e0-75dd760bb4c3" executionId="758f7e72-81ad-4c2f-85ce-93c8eec80338" testListId="8c84fa94-04c1-424b-9868-57a2d4851a1d" />
    <TestEntry testId="faaba616-45a2-49d3-bf16-513016097b6a" executionId="b9d256b6-4426-4fb5-8fc9-6c096559b173" testListId="8c84fa94-04c1-424b-9868-57a2d4851a1d" />
    <TestEntry testId="a76b4cbc-a6cb-4649-be0d-097ecdad0674" executionId="df7dc9fd-8db1-417e-9573-4aa4049eba23" testListId="8c84fa94-04c1-424b-9868-57a2d4851a1d" />
    <TestEntry testId="219c3dea-62ff-477f-9b1b-ba6b7756052e" executionId="2defc5c1-3b7f-496e-90c6-d45a470d8c76" testListId="8c84fa94-04c1-424b-9868-57a2d4851a1d" />
    <TestEntry testId="805e85ae-f513-47f5-96e5-ce203821f826" executionId="308e79b4-d0f3-414a-85b3-3cb272f83367" testListId="8c84fa94-04c1-424b-9868-57a2d4851a1d" />
    <TestEntry testId="ca602540-1b4e-4f7a-adef-3f2ae8f1eb1e" executionId="88475a26-4331-4ff7-b3c3-4ebd0a5cf72f" testListId="8c84fa94-04c1-424b-9868-57a2d4851a1d" />
    <TestEntry testId="98da4d1f-f0e1-4fc2-8102-3a1cbe3bd01e" executionId="c23e63ad-a694-4c15-bcea-2cfbe7347f27" testListId="8c84fa94-04c1-424b-9868-57a2d4851a1d" />
    <TestEntry testId="d64170f4-658c-43db-a4af-773800e61d80" executionId="d6b1d611-431a-4787-b643-0702296cb886" testListId="8c84fa94-04c1-424b-9868-57a2d4851a1d" />
    <TestEntry testId="5c000734-5803-4cd0-9094-e04382801b31" executionId="594bcc74-19ec-4273-b7c6-b0892bd23ac9" testListId="8c84fa94-04c1-424b-9868-57a2d4851a1d" />
    <TestEntry testId="846833ab-1e85-44f5-83f2-871af2e65b74" executionId="74e6693b-a9dc-499e-b058-fafcaef8f86c" testListId="8c84fa94-04c1-424b-9868-57a2d4851a1d" />
    <TestEntry testId="db232b9c-032b-4fdc-83bb-158eda0ad353" executionId="6762229e-d4c7-4030-99cc-39e0b03f57ff" testListId="8c84fa94-04c1-424b-9868-57a2d4851a1d" />
    <TestEntry testId="24e5cf4e-8db8-459a-9e30-b9717821ef36" executionId="a05b5abb-2437-4807-9f70-0d74a81eb3ef" testListId="8c84fa94-04c1-424b-9868-57a2d4851a1d" />
    <TestEntry testId="7e8a329c-f56a-4090-b92d-2f53f7f2dfd4" executionId="1d7162fa-f4cd-4840-91a3-78f4de423f93" testListId="8c84fa94-04c1-424b-9868-57a2d4851a1d" />
    <TestEntry testId="6b8a4e19-a4fc-4b6e-a58e-1765aa6e7562" executionId="40890210-6608-41ab-8fc2-74ba9d0b96e9" testListId="8c84fa94-04c1-424b-9868-57a2d4851a1d" />
    <TestEntry testId="cfb11ec5-7999-4a81-9569-bb4c55797eef" executionId="adb10051-ec12-4421-8324-00c0a9e78665" testListId="8c84fa94-04c1-424b-9868-57a2d4851a1d" />
    <TestEntry testId="427c2c7b-8704-4891-a358-d6b64a678093" executionId="4dd44628-f873-4344-8639-9f0d9d97c76e" testListId="8c84fa94-04c1-424b-9868-57a2d4851a1d" />
    <TestEntry testId="b92aec42-d663-4fe1-8acf-95aa28b1cf5c" executionId="1391f0a1-b99b-4f67-8558-d229a686c5ee" testListId="8c84fa94-04c1-424b-9868-57a2d4851a1d" />
    <TestEntry testId="e0d631b3-d097-43ac-a1d8-1435c2208f8f" executionId="5db4f436-ba68-4427-957d-ffa4a7205ec1" testListId="8c84fa94-04c1-424b-9868-57a2d4851a1d" />
    <TestEntry testId="b1734ffc-b586-4d39-b777-1a407e459fe2" executionId="9211c4cf-d740-4b0e-901d-2c7fcf4639d8" testListId="8c84fa94-04c1-424b-9868-57a2d4851a1d" />
    <TestEntry testId="909890b7-e2f9-4e72-8443-37cd67909ea8" executionId="616aadf1-d564-49cb-b439-1262a8cb51d8" testListId="8c84fa94-04c1-424b-9868-57a2d4851a1d" />
    <TestEntry testId="9c00bd8d-5139-4c0e-a1da-ff27c48ae7e7" executionId="80e2f11f-b3b0-457e-9db5-5cd8eda1f3de" testListId="8c84fa94-04c1-424b-9868-57a2d4851a1d" />
    <TestEntry testId="4b270141-773f-4a0c-a7f6-0a65e03aa1f5" executionId="44f673dc-c7b8-406d-93f9-955d1e9663ce" testListId="8c84fa94-04c1-424b-9868-57a2d4851a1d" />
    <TestEntry testId="a8e4daa3-39c8-4369-a18d-4b322b1593f1" executionId="15795cdf-2ed3-480d-b591-6cad27277572" testListId="8c84fa94-04c1-424b-9868-57a2d4851a1d" />
    <TestEntry testId="b047e1f4-1094-4a81-b627-84fed2d916ed" executionId="ff68e28a-1d35-4d7f-83b1-41cea49b10f9" testListId="8c84fa94-04c1-424b-9868-57a2d4851a1d" />
    <TestEntry testId="4b695b74-1dd2-4681-9e12-eb382904c234" executionId="4224ce3a-d558-497b-aa60-39927d6950b7" testListId="8c84fa94-04c1-424b-9868-57a2d4851a1d" />
    <TestEntry testId="617107d3-5e62-4c8e-920a-4f09e2d0ecca" executionId="76aff8f0-258d-4204-a636-cb554b162f21" testListId="8c84fa94-04c1-424b-9868-57a2d4851a1d" />
    <TestEntry testId="542225d2-aa44-4cef-8aeb-71da694f146b" executionId="303ab137-0e59-4309-9dbe-18c9a17333fc" testListId="8c84fa94-04c1-424b-9868-57a2d4851a1d" />
    <TestEntry testId="761dd374-49f3-404e-a062-a3d4234575ba" executionId="c9dd28e5-3190-4d2c-b1ce-2636a63387e1" testListId="8c84fa94-04c1-424b-9868-57a2d4851a1d" />
    <TestEntry testId="1be4385b-55ff-4a43-bb45-1c991cf4e1f5" executionId="e0d880ad-3a5a-4a07-9292-4c2d35d4d813" testListId="8c84fa94-04c1-424b-9868-57a2d4851a1d" />
    <TestEntry testId="45bb5255-48dc-488b-bdf3-8a0809e857c2" executionId="3d5bd5b8-40b3-4de2-8d70-f4e9dd4fe778" testListId="8c84fa94-04c1-424b-9868-57a2d4851a1d" />
    <TestEntry testId="5d26021c-48d2-442c-84ae-db1307bc19ff" executionId="1b0a92a8-07dc-4c79-ab89-e6eb761fbf26" testListId="8c84fa94-04c1-424b-9868-57a2d4851a1d" />
    <TestEntry testId="1bfa402d-f8e4-4331-839a-3791a4624fb0" executionId="b93bdfaa-a8d7-4705-829e-46ed315a1fc0" testListId="8c84fa94-04c1-424b-9868-57a2d4851a1d" />
    <TestEntry testId="ced53c0d-c786-4d86-9ccb-feb983bee4bd" executionId="88c5e631-7605-4a1b-a3d3-03280ebad208" testListId="8c84fa94-04c1-424b-9868-57a2d4851a1d" />
    <TestEntry testId="afaf7c92-bd35-4ac4-8e10-00160031183b" executionId="69c6b828-ba1c-44ca-9ec4-1780be5e280a" testListId="8c84fa94-04c1-424b-9868-57a2d4851a1d" />
    <TestEntry testId="878cff69-65e0-45ac-a0e9-8a37b8b2a009" executionId="2a3c6417-bc3f-485f-953a-7a240404d13f" testListId="8c84fa94-04c1-424b-9868-57a2d4851a1d" />
    <TestEntry testId="295fb12e-ab75-43e0-b89d-7103f29daa7f" executionId="f7e23f17-34c1-4782-8502-ae667994091c" testListId="8c84fa94-04c1-424b-9868-57a2d4851a1d" />
    <TestEntry testId="963d0934-0502-4e4c-97f2-4163634d8a1c" executionId="3cc50686-1ecd-48bd-89fd-090895f15d64" testListId="8c84fa94-04c1-424b-9868-57a2d4851a1d" />
    <TestEntry testId="2373fdea-a521-46e2-b3fc-55598c820d7a" executionId="e9ec7de3-193c-44c5-b712-b691a0ed86e8" testListId="8c84fa94-04c1-424b-9868-57a2d4851a1d" />
    <TestEntry testId="bfc07301-8757-4369-bf6f-7ba74e04a5a4" executionId="4ba03b6e-7f08-4049-b41c-1b039c671a15" testListId="8c84fa94-04c1-424b-9868-57a2d4851a1d" />
    <TestEntry testId="d168f51c-26c8-488f-9179-12a44e2863d2" executionId="86dac65f-c8cf-40ea-9016-3cdf995f4e02" testListId="8c84fa94-04c1-424b-9868-57a2d4851a1d" />
    <TestEntry testId="5679c973-ed76-452b-84ed-3fe04aaa4f51" executionId="ccaf6263-e2a8-4148-a158-cf8e7a93d15c" testListId="8c84fa94-04c1-424b-9868-57a2d4851a1d" />
    <TestEntry testId="01f0fdc1-ee9d-4322-ad02-4a825d24104c" executionId="b2e638bd-1fe7-41a1-b83a-8ec125d29d82" testListId="8c84fa94-04c1-424b-9868-57a2d4851a1d" />
    <TestEntry testId="0e758785-2e01-463b-9c84-50b54961f2fb" executionId="2bac09cf-fd97-4cc0-838a-cc33e31b5b9e" testListId="8c84fa94-04c1-424b-9868-57a2d4851a1d" />
    <TestEntry testId="c393c5b8-4774-4a59-acce-1f4ce567d18a" executionId="31708391-03a6-41d1-ada8-49584cb1a93c" testListId="8c84fa94-04c1-424b-9868-57a2d4851a1d" />
    <TestEntry testId="a404cc43-ccbb-4a7a-a0bd-41c9d8e4e8fa" executionId="a237c540-8da8-47f1-b75f-c09d1b0debed" testListId="8c84fa94-04c1-424b-9868-57a2d4851a1d" />
    <TestEntry testId="8da8c179-8c7d-4ee4-9f3b-ba2f44e335fa" executionId="8907c4d4-2e40-4269-b2f2-84b9a8bd2f72" testListId="8c84fa94-04c1-424b-9868-57a2d4851a1d" />
    <TestEntry testId="8e7426f6-6a98-4cfc-abac-7d4ab2a962f1" executionId="0102ef12-2825-4a12-a886-615575d6f9a6" testListId="8c84fa94-04c1-424b-9868-57a2d4851a1d" />
    <TestEntry testId="29115438-651d-4d20-8580-13f77f0d60f7" executionId="798d4fa8-577b-4b93-997a-14d9b010bf1b" testListId="8c84fa94-04c1-424b-9868-57a2d4851a1d" />
    <TestEntry testId="4744da41-9185-4b4a-ae62-e5a63f220a3f" executionId="f06893d7-28ea-40d9-864a-54990392251e" testListId="8c84fa94-04c1-424b-9868-57a2d4851a1d" />
    <TestEntry testId="cf509c64-1f73-4091-8d27-09940ab804f4" executionId="77688210-92c5-42ed-b943-12ffea4dcccb" testListId="8c84fa94-04c1-424b-9868-57a2d4851a1d" />
    <TestEntry testId="f9f5e989-3933-46d2-9cf9-d9e989abeb91" executionId="e8bde61c-fc5c-461d-9ad0-2fbc47f79fbb" testListId="8c84fa94-04c1-424b-9868-57a2d4851a1d" />
    <TestEntry testId="48e0db8d-4122-4987-b3e3-6e211b831ac7" executionId="cc7d4b13-dca1-4e35-8b02-7a827573c0bb" testListId="8c84fa94-04c1-424b-9868-57a2d4851a1d" />
    <TestEntry testId="aed3a4cc-d411-475f-aed6-b569b234111e" executionId="8c736763-28a3-48b1-91fd-0ec70045173d" testListId="8c84fa94-04c1-424b-9868-57a2d4851a1d" />
    <TestEntry testId="f346211c-eeac-4e27-9265-92db40525a10" executionId="b89682f1-092b-48d5-ba00-23b464b70f5f" testListId="8c84fa94-04c1-424b-9868-57a2d4851a1d" />
    <TestEntry testId="b86aa2a1-850c-45cd-b76e-3b7507e79333" executionId="7d63b325-7dd8-4566-9d52-1253ada7ade8" testListId="8c84fa94-04c1-424b-9868-57a2d4851a1d" />
    <TestEntry testId="8ba9113b-3290-40a8-a6ba-bab9c6662841" executionId="013f1439-a24e-4ff7-b97c-bc6612286221" testListId="8c84fa94-04c1-424b-9868-57a2d4851a1d" />
    <TestEntry testId="fea3c0b9-2a6d-4cb8-8dbf-649c2cb8249e" executionId="9e6b1ca0-e778-4c2b-81c6-8cd64df591f9" testListId="8c84fa94-04c1-424b-9868-57a2d4851a1d" />
    <TestEntry testId="2185b761-f802-47e0-8c82-99c513d21a01" executionId="ce2c2957-340f-494a-8c42-c78f1f82293a" testListId="8c84fa94-04c1-424b-9868-57a2d4851a1d" />
    <TestEntry testId="674393d1-b14b-46a2-860a-7bab4d57ef6f" executionId="82a63642-d6ae-408f-8335-2b60c88efd50" testListId="8c84fa94-04c1-424b-9868-57a2d4851a1d" />
    <TestEntry testId="8a4fdcab-16c5-46a9-a4af-f85085851db1" executionId="8dc0e8c5-0427-4569-83f7-01bb6fc347dc" testListId="8c84fa94-04c1-424b-9868-57a2d4851a1d" />
    <TestEntry testId="e8a3116e-c329-4941-aa7b-9ad5a0f6f52e" executionId="49c892c3-0d1c-43e1-9183-861476eb237c" testListId="8c84fa94-04c1-424b-9868-57a2d4851a1d" />
    <TestEntry testId="3a635173-ce03-4d1c-ae7c-dc227dd61e29" executionId="54930767-b92f-4b09-bbcf-87b8084e9d73" testListId="8c84fa94-04c1-424b-9868-57a2d4851a1d" />
    <TestEntry testId="a86f7bc3-96df-4f6a-ae36-a9932f5e1c51" executionId="9cc65614-f198-4df8-abc1-d4149c591b05" testListId="8c84fa94-04c1-424b-9868-57a2d4851a1d" />
    <TestEntry testId="92022885-29ca-4a96-aab2-16f378221358" executionId="f5c31915-03fa-40a7-9ad3-5fb352067bae" testListId="8c84fa94-04c1-424b-9868-57a2d4851a1d" />
    <TestEntry testId="d2214584-b6ec-4073-bfde-92126b7f466f" executionId="cbf1ebf1-496d-4b37-a78f-3a43f86dd9d3" testListId="8c84fa94-04c1-424b-9868-57a2d4851a1d" />
    <TestEntry testId="c53214fb-933d-46a2-ad56-13bf19897a9a" executionId="15e1185e-2d30-4a7d-bdde-4e684d9c759b" testListId="8c84fa94-04c1-424b-9868-57a2d4851a1d" />
    <TestEntry testId="d1fdc49e-9a17-458f-9c39-eab9e3277594" executionId="def16953-3adb-4fb9-b86b-5d10cacd5ece" testListId="8c84fa94-04c1-424b-9868-57a2d4851a1d" />
    <TestEntry testId="3ed9c8b2-3ab2-48e9-9f72-0ee65cefca8a" executionId="fdcd5bde-da29-4df8-ae36-176138fcb008" testListId="8c84fa94-04c1-424b-9868-57a2d4851a1d" />
    <TestEntry testId="00d68526-d80e-4ae0-b46e-067444a00255" executionId="928e5f05-4113-4b0b-8daf-ae201b86e6bc" testListId="8c84fa94-04c1-424b-9868-57a2d4851a1d" />
    <TestEntry testId="f76494af-9144-499f-afbb-367c309fa0e9" executionId="2ea262a9-3a98-4c10-a4ea-e61ff5492ba0" testListId="8c84fa94-04c1-424b-9868-57a2d4851a1d" />
    <TestEntry testId="7d0d3be3-c0c5-436c-b6cc-1be96dba8238" executionId="ab2584d1-5bae-44e4-ae67-f2b4c6cdc6c8" testListId="8c84fa94-04c1-424b-9868-57a2d4851a1d" />
    <TestEntry testId="a9e8c999-c0be-4f6c-8ac2-add8dba50dbc" executionId="e8789d3f-0f1f-4338-9d57-09f7b9a4f5ed" testListId="8c84fa94-04c1-424b-9868-57a2d4851a1d" />
    <TestEntry testId="abdb3e92-5c11-42ce-84bb-d26896faaa4f" executionId="6e26a7be-3db1-4c56-8061-76e614a1fcfc" testListId="8c84fa94-04c1-424b-9868-57a2d4851a1d" />
    <TestEntry testId="cefdb295-b4db-4db8-a3bb-1bc3848b99d5" executionId="772d5d6a-ff00-41f0-b3cc-c0c23a138a2f" testListId="8c84fa94-04c1-424b-9868-57a2d4851a1d" />
    <TestEntry testId="c478f219-35fb-451d-abb7-366b678f30bb" executionId="8d6c649b-9c29-4b69-97a6-e74d956cb204" testListId="8c84fa94-04c1-424b-9868-57a2d4851a1d" />
    <TestEntry testId="f481dc06-e025-4785-b008-982bb4555507" executionId="567a5344-8910-4f29-a991-350c5aa9ee12" testListId="8c84fa94-04c1-424b-9868-57a2d4851a1d" />
    <TestEntry testId="c4a5fe24-5a83-4c33-bb4a-dc3a8d0b8341" executionId="2a95f2f6-34cb-4d3a-966f-ab27a3b64a9f" testListId="8c84fa94-04c1-424b-9868-57a2d4851a1d" />
    <TestEntry testId="298b88ff-6fd7-4276-8946-acda4e88af7d" executionId="ff0690cb-5da4-4489-b29d-b6dfd3240ca6" testListId="8c84fa94-04c1-424b-9868-57a2d4851a1d" />
    <TestEntry testId="9173f2d0-8adc-438d-b24e-1e9d59e0fca1" executionId="0f38a9ba-b65e-4441-9aa6-ae1b1b74ea61" testListId="8c84fa94-04c1-424b-9868-57a2d4851a1d" />
    <TestEntry testId="b4faf715-e051-404b-af32-e0dfaf0deada" executionId="535ec147-4256-42f9-bdcc-f5a6cbe3a6aa" testListId="8c84fa94-04c1-424b-9868-57a2d4851a1d" />
    <TestEntry testId="53b179e8-31f3-4af8-bfad-efc43d806aa1" executionId="bc351578-e825-4725-8678-18b7e6fb0cc4" testListId="8c84fa94-04c1-424b-9868-57a2d4851a1d" />
    <TestEntry testId="fde4a844-ddac-42fc-9de5-90b9a78609e9" executionId="c9a09de1-ab25-481c-8782-e3ab1bb98edf" testListId="8c84fa94-04c1-424b-9868-57a2d4851a1d" />
    <TestEntry testId="a9efb932-c093-448e-be62-144e09736bd8" executionId="93ccc512-3e2e-4276-ac0d-4b81d9ca6ae1" testListId="8c84fa94-04c1-424b-9868-57a2d4851a1d" />
    <TestEntry testId="a30da2f0-7945-4792-8587-9098786c175b" executionId="827d50cc-c3f1-4833-bd48-47f9b4194ebe" testListId="8c84fa94-04c1-424b-9868-57a2d4851a1d" />
    <TestEntry testId="db6e9d7d-2fc3-409b-85f3-e0f1463439e3" executionId="0deb54a1-136c-44ed-ba6a-4f5ec4f4184c" testListId="8c84fa94-04c1-424b-9868-57a2d4851a1d" />
    <TestEntry testId="3b9bb2f8-ec76-4a8e-866c-972111012c21" executionId="187c669c-2d0e-4d76-8f3f-daf6e9b0d3fc" testListId="8c84fa94-04c1-424b-9868-57a2d4851a1d" />
    <TestEntry testId="9c2a240f-aaa3-40f8-87b4-a1115a13b062" executionId="ee8b944c-3312-4bb1-aa7d-bbecc2227405" testListId="8c84fa94-04c1-424b-9868-57a2d4851a1d" />
    <TestEntry testId="573f157b-2bca-4c71-9af5-f7317979a90c" executionId="2cef9c4a-cc5e-4fd8-822b-9dbee25bb46a" testListId="8c84fa94-04c1-424b-9868-57a2d4851a1d" />
    <TestEntry testId="235bbe1f-ea6d-4236-ab13-cd3c4088674c" executionId="fea2b0e3-411c-40fb-82d2-10c890023d71" testListId="8c84fa94-04c1-424b-9868-57a2d4851a1d" />
    <TestEntry testId="bc7685fd-3a82-40e2-9219-81763b827100" executionId="41b4b398-86cb-4d4e-9305-f6b31403e49d" testListId="8c84fa94-04c1-424b-9868-57a2d4851a1d" />
    <TestEntry testId="16f7c203-80fd-4958-b25c-1c86c80dc9f7" executionId="c0ba4f91-8f33-4e70-813e-4e9c7f14e8fa" testListId="8c84fa94-04c1-424b-9868-57a2d4851a1d" />
    <TestEntry testId="6669ced8-44d0-4bc5-8f15-7142c190e0ad" executionId="684a48f2-cfae-47a5-8850-9b82baa93d98" testListId="8c84fa94-04c1-424b-9868-57a2d4851a1d" />
    <TestEntry testId="8023cffb-792c-4e12-aaf8-4ee9f71ef579" executionId="6ad433f3-0d2c-431c-8f53-83defcacbdd2" testListId="8c84fa94-04c1-424b-9868-57a2d4851a1d" />
    <TestEntry testId="eb13832c-e4a1-4bf6-912a-971df12b1120" executionId="47b0d059-5859-4cd3-b470-b42f67af2236" testListId="8c84fa94-04c1-424b-9868-57a2d4851a1d" />
    <TestEntry testId="1be7d51f-95ed-45d2-91a8-078cb0bb7c9f" executionId="c4431fdf-b55d-4bc7-97e9-18f958346930" testListId="8c84fa94-04c1-424b-9868-57a2d4851a1d" />
    <TestEntry testId="5f1c8502-15d5-4d10-9d93-b9c0f2eed49f" executionId="e22e3b01-eb67-41e5-98ca-8d192ac58154" testListId="8c84fa94-04c1-424b-9868-57a2d4851a1d" />
    <TestEntry testId="509b44e6-59d7-4790-955b-cf5fb37c9fa4" executionId="0ca083af-5cb3-4055-970b-c0813596ffcc" testListId="8c84fa94-04c1-424b-9868-57a2d4851a1d" />
    <TestEntry testId="584cc4ea-76f8-4a5a-899d-83db8282343f" executionId="cfa3be7a-b5bc-44fb-a89f-b48faf928698" testListId="8c84fa94-04c1-424b-9868-57a2d4851a1d" />
    <TestEntry testId="ffb2f43b-dd7c-4269-b40b-80fcd2301467" executionId="5047bc24-de14-4d8c-8dfe-21eafa697d17" testListId="8c84fa94-04c1-424b-9868-57a2d4851a1d" />
    <TestEntry testId="5b323985-3e79-43ca-a886-c66ef714b40b" executionId="78176fc4-d181-49ac-aa12-c1b699c80f54" testListId="8c84fa94-04c1-424b-9868-57a2d4851a1d" />
    <TestEntry testId="8be53118-5952-488f-b5f8-ad93a38a413c" executionId="ae459e8e-babc-4e36-a0cf-7e871ffa3610" testListId="8c84fa94-04c1-424b-9868-57a2d4851a1d" />
    <TestEntry testId="5900adeb-ee8f-471f-a5f3-9f226be070be" executionId="c1eb35cb-8519-42dc-b600-b132fbb88030" testListId="8c84fa94-04c1-424b-9868-57a2d4851a1d" />
    <TestEntry testId="8b23b835-1eb5-4f97-bd74-678ba3bd3ab7" executionId="f5919486-57b7-4478-8348-e17e35d3d42b" testListId="8c84fa94-04c1-424b-9868-57a2d4851a1d" />
    <TestEntry testId="a22b5809-7470-49f9-936b-93c7f6110c33" executionId="cb92660a-dffd-40ff-a45c-6dee62c55eea" testListId="8c84fa94-04c1-424b-9868-57a2d4851a1d" />
    <TestEntry testId="a30fdc34-5471-4608-9592-ecc250447b7f" executionId="4288309e-e704-4ae1-9756-f024af0d7521" testListId="8c84fa94-04c1-424b-9868-57a2d4851a1d" />
    <TestEntry testId="0a8b4961-328c-4d26-bad1-3c80df64bc95" executionId="dcd9ed3c-8bf2-49cc-b747-8895d98dc144" testListId="8c84fa94-04c1-424b-9868-57a2d4851a1d" />
    <TestEntry testId="ec541dbf-69d6-4aa0-b3f3-f921a58c9110" executionId="d871d80b-1f2f-4664-bb46-192d1348c286" testListId="8c84fa94-04c1-424b-9868-57a2d4851a1d" />
    <TestEntry testId="8f3e5524-2ca2-4739-a6f1-a51643925096" executionId="3eb339b3-1037-40fa-a633-b983a9a4888b" testListId="8c84fa94-04c1-424b-9868-57a2d4851a1d" />
    <TestEntry testId="76168d6a-0f0e-417e-b883-d7ea0b104a02" executionId="967a4340-4dde-4f2a-a237-b7d5095b98b5" testListId="8c84fa94-04c1-424b-9868-57a2d4851a1d" />
    <TestEntry testId="c24a333f-0abb-4cf0-b5ea-e1fe557436c9" executionId="f3eca579-c904-4215-aff8-8753c7d0f382" testListId="8c84fa94-04c1-424b-9868-57a2d4851a1d" />
    <TestEntry testId="16d7577e-c452-4c24-8eae-c5b97817dc00" executionId="89061d7b-0cea-45dc-8076-659b72736b9c" testListId="8c84fa94-04c1-424b-9868-57a2d4851a1d" />
    <TestEntry testId="3bf0d1e1-1fff-490d-9200-f62fcdc2a2dc" executionId="6e414e57-9457-4cb0-a3ea-aeb712e535a6" testListId="8c84fa94-04c1-424b-9868-57a2d4851a1d" />
    <TestEntry testId="36845b84-2951-4ebd-9ea4-330c1638b201" executionId="be9fd502-b547-4c92-a0b0-57015b0b338e" testListId="8c84fa94-04c1-424b-9868-57a2d4851a1d" />
    <TestEntry testId="4ee2dd55-4e4e-4550-b16b-7c42d42a6128" executionId="73b31e13-22fb-4db8-8a2a-7a007d40b871" testListId="8c84fa94-04c1-424b-9868-57a2d4851a1d" />
    <TestEntry testId="e364ed73-ea06-4887-8d62-ddffe45da34e" executionId="9887845a-70a8-4e6e-a62c-0875d10f2134" testListId="8c84fa94-04c1-424b-9868-57a2d4851a1d" />
    <TestEntry testId="8a563c79-5ae9-49b0-a75d-8ce5704ec3e2" executionId="b78759c4-7b70-48a4-8e07-58d83ead8793" testListId="8c84fa94-04c1-424b-9868-57a2d4851a1d" />
    <TestEntry testId="4e9bd79a-0425-4850-a2d1-0dd1a88d61d9" executionId="30388c72-0f4c-46e9-bb8f-24eb0fdb43b4" testListId="8c84fa94-04c1-424b-9868-57a2d4851a1d" />
    <TestEntry testId="a224a504-0a7c-439a-913d-f02e251ffba1" executionId="62020257-b5e5-4e44-9cb7-6f7bd2434d5f" testListId="8c84fa94-04c1-424b-9868-57a2d4851a1d" />
    <TestEntry testId="21057bba-181e-4f93-9782-9bf414c320e7" executionId="b9117922-aa37-49f4-8040-69e22a8ce699" testListId="8c84fa94-04c1-424b-9868-57a2d4851a1d" />
    <TestEntry testId="1e7bc1d9-0014-4e3b-9780-d7f134b442a7" executionId="b5969010-8e75-4a20-b4a2-63d9f7548240" testListId="8c84fa94-04c1-424b-9868-57a2d4851a1d" />
    <TestEntry testId="01599240-a16d-4260-afd4-33a775cf0509" executionId="db43641b-1d3d-45f9-a739-de22bad470c6" testListId="8c84fa94-04c1-424b-9868-57a2d4851a1d" />
    <TestEntry testId="c736ce96-ac3e-48ed-98f8-2ed63328cc10" executionId="67bc7afb-869d-4a48-9da3-73dc1a280ea7" testListId="8c84fa94-04c1-424b-9868-57a2d4851a1d" />
    <TestEntry testId="ee597cfa-01a1-49f5-a304-540dfb41a65d" executionId="9149d3fb-89b0-4356-8756-b4008ed35318" testListId="8c84fa94-04c1-424b-9868-57a2d4851a1d" />
    <TestEntry testId="c85846b7-d78c-4d8a-8770-690e4e30df38" executionId="058eb436-89fb-40e1-afcf-7e53a2f38796" testListId="8c84fa94-04c1-424b-9868-57a2d4851a1d" />
    <TestEntry testId="1648c5bc-8108-4279-abac-eaeef7173dbc" executionId="5c2dc2b8-ba96-406c-8c87-663ad402d122" testListId="8c84fa94-04c1-424b-9868-57a2d4851a1d" />
    <TestEntry testId="34a93a6f-7976-4c95-807a-ed44a5e79bbd" executionId="ce243724-3819-48d4-84c1-b7574a585576" testListId="8c84fa94-04c1-424b-9868-57a2d4851a1d" />
    <TestEntry testId="388b6138-3c67-4b0a-98f8-06e7479610f3" executionId="a068acb5-986e-42ea-9013-9e1328094e99" testListId="8c84fa94-04c1-424b-9868-57a2d4851a1d" />
    <TestEntry testId="8abf26ef-b83e-46df-b107-30133f63159e" executionId="341117d3-a99d-4494-a24e-3d169d74682c" testListId="8c84fa94-04c1-424b-9868-57a2d4851a1d" />
    <TestEntry testId="ebfc8472-b3c9-4d13-acbd-5d41e4fb9d5e" executionId="d106131c-0fd2-426f-bc65-0f15a2f2d960" testListId="8c84fa94-04c1-424b-9868-57a2d4851a1d" />
    <TestEntry testId="b6683a4d-12f5-4672-8faf-03e608d07c15" executionId="d5943a08-a3d2-4b68-87d3-03e732ed46d3" testListId="8c84fa94-04c1-424b-9868-57a2d4851a1d" />
    <TestEntry testId="709b60a3-ee96-4a06-a7b4-94e8a4b7f06f" executionId="dbaab2a3-8dc2-46ed-9ae0-1dc91fde05f9" testListId="8c84fa94-04c1-424b-9868-57a2d4851a1d" />
    <TestEntry testId="0cf2f965-e01a-43cf-9118-32cffe277946" executionId="9b09ca90-3094-45a3-8cce-172796af78cc" testListId="8c84fa94-04c1-424b-9868-57a2d4851a1d" />
    <TestEntry testId="5c72dc89-ac2c-4ec0-81ef-ffe49637e5d5" executionId="d3542d37-c015-45c6-b87a-a9b401e350a9" testListId="8c84fa94-04c1-424b-9868-57a2d4851a1d" />
    <TestEntry testId="ddce023b-0673-4dde-b059-85b6015b7b50" executionId="3811fd90-1f33-4f11-8fe3-d1848334697b" testListId="8c84fa94-04c1-424b-9868-57a2d4851a1d" />
    <TestEntry testId="9d408d8b-fa11-42c7-aa7b-35778f7bfbb1" executionId="32f96e83-7667-4732-b9d4-c4aa87d24d44" testListId="8c84fa94-04c1-424b-9868-57a2d4851a1d" />
    <TestEntry testId="bc876fb3-6182-4001-8f4f-ac2b710a7da6" executionId="3e5e73a8-7c50-4a5e-a1b2-50b0ada9a535" testListId="8c84fa94-04c1-424b-9868-57a2d4851a1d" />
    <TestEntry testId="25c745eb-080c-4bf4-8a12-b773e0072c6d" executionId="b97a1e16-eaab-48be-a2d6-d2c402674938" testListId="8c84fa94-04c1-424b-9868-57a2d4851a1d" />
    <TestEntry testId="5af655f9-bf39-433d-a3be-85d4b24bcbec" executionId="66499f5d-de21-4afa-b8f5-05acfb021845" testListId="8c84fa94-04c1-424b-9868-57a2d4851a1d" />
    <TestEntry testId="ca54f0b6-10cb-4bee-aee7-ebcd4ed5ee42" executionId="4829dafa-1f41-435b-b632-11632683da82" testListId="8c84fa94-04c1-424b-9868-57a2d4851a1d" />
    <TestEntry testId="e450ac4a-98a6-4953-998d-2053ed795017" executionId="8b29c723-44e1-46c5-9e03-60cb27140ef3" testListId="8c84fa94-04c1-424b-9868-57a2d4851a1d" />
    <TestEntry testId="77ec645e-8721-4139-9e94-dc78a2331243" executionId="ebef1075-cc69-414b-8047-ee9f7e26e719" testListId="8c84fa94-04c1-424b-9868-57a2d4851a1d" />
    <TestEntry testId="e5a506a5-43c2-4002-b504-709a1655bc38" executionId="64e53877-aca6-44f9-8a4e-afb9338f7dcb" testListId="8c84fa94-04c1-424b-9868-57a2d4851a1d" />
    <TestEntry testId="7cc415f8-e2c4-4409-98fb-c6fc85101a8b" executionId="9059aaed-5819-4bd7-bee6-cd08e408e96c" testListId="8c84fa94-04c1-424b-9868-57a2d4851a1d" />
    <TestEntry testId="1dbe9d96-c5a3-4d67-9ffa-fc0061323bc3" executionId="e891e960-491a-4132-a71d-9d915cebc1e5" testListId="8c84fa94-04c1-424b-9868-57a2d4851a1d" />
    <TestEntry testId="4a2edaa2-2f61-4a10-90c9-91936516c124" executionId="7ca539b4-3e3f-43f9-b5a7-a3087dd808ee" testListId="8c84fa94-04c1-424b-9868-57a2d4851a1d" />
    <TestEntry testId="eab7a6d6-f932-4622-b0c5-cbddbb5793c4" executionId="4d27ec83-d10a-446c-8550-dbfa4fc67051" testListId="8c84fa94-04c1-424b-9868-57a2d4851a1d" />
    <TestEntry testId="4373a92b-25cd-47aa-9289-c0c504ce1aba" executionId="c1b2ed2b-ce8f-487b-ac61-fb671d2f9992" testListId="8c84fa94-04c1-424b-9868-57a2d4851a1d" />
    <TestEntry testId="56ce61ec-5b32-4871-addd-31df56e9bbf2" executionId="80cb25c8-d5b0-4c44-92f4-90575281bcba" testListId="8c84fa94-04c1-424b-9868-57a2d4851a1d" />
    <TestEntry testId="ce8d5664-dedc-458f-b8d0-f7a224edfdef" executionId="a0f5b3a5-4150-47bb-9004-08fd6040b649" testListId="8c84fa94-04c1-424b-9868-57a2d4851a1d" />
    <TestEntry testId="23f334fd-d10f-4ab9-97bc-e3a7ff50978a" executionId="f9aaf8ef-4668-4f4f-8859-eed864dfb639" testListId="8c84fa94-04c1-424b-9868-57a2d4851a1d" />
    <TestEntry testId="80881f95-395b-412c-be0b-a55e22145337" executionId="a7477016-2e3b-426b-a6a4-fa0016097101" testListId="8c84fa94-04c1-424b-9868-57a2d4851a1d" />
    <TestEntry testId="1dac41d6-2c08-4ad8-9130-f7c0de5aafff" executionId="4f316970-72f2-4b55-b8e6-068f3f9310ed" testListId="8c84fa94-04c1-424b-9868-57a2d4851a1d" />
    <TestEntry testId="d9d79462-54d2-44c6-bb81-eba4c71a69e2" executionId="1217b832-08fd-42ce-ad5b-e0ece3141bfa" testListId="8c84fa94-04c1-424b-9868-57a2d4851a1d" />
    <TestEntry testId="6e3024d9-69e1-4b24-8bf4-9374358d6178" executionId="cbc3fdbf-d153-455d-8cf5-4b39588f90f1" testListId="8c84fa94-04c1-424b-9868-57a2d4851a1d" />
    <TestEntry testId="138b534a-34ea-4be6-8e22-f40b189df705" executionId="f703ffdd-7233-4b75-86e9-7e6ad75869dc" testListId="8c84fa94-04c1-424b-9868-57a2d4851a1d" />
    <TestEntry testId="d5384328-ab37-4ad4-ba27-de56a35fe344" executionId="96472555-0509-4e9f-8aba-e2f964b83308" testListId="8c84fa94-04c1-424b-9868-57a2d4851a1d" />
    <TestEntry testId="e9944bc7-f42f-426f-8eeb-e63ed193a3dd" executionId="730adc13-aaab-439e-a769-63eb961b8145" testListId="8c84fa94-04c1-424b-9868-57a2d4851a1d" />
    <TestEntry testId="0970eddf-7a85-451e-8c48-bf225019fe60" executionId="def3ddc6-8c21-4cae-aff9-2db694d7aed8" testListId="8c84fa94-04c1-424b-9868-57a2d4851a1d" />
    <TestEntry testId="9b6ecaa7-7e7d-4900-9f5d-ed699b9b49a3" executionId="44dd6c82-cb8c-4284-891c-4adee761f682" testListId="8c84fa94-04c1-424b-9868-57a2d4851a1d" />
    <TestEntry testId="0ea34e3d-c5dc-4a27-9de5-7cf341fd5ba6" executionId="d9d61606-7387-4de3-ba9e-98ca198c5df6" testListId="8c84fa94-04c1-424b-9868-57a2d4851a1d" />
    <TestEntry testId="12604316-7484-4afd-abfb-51d2e348e373" executionId="16be3637-948c-4c38-8a63-ad7b834ab098" testListId="8c84fa94-04c1-424b-9868-57a2d4851a1d" />
    <TestEntry testId="1cf03910-6c1b-41b5-91eb-bc6af2f95696" executionId="0aafa11d-efaf-46ef-a8f0-dbd95331e427" testListId="8c84fa94-04c1-424b-9868-57a2d4851a1d" />
    <TestEntry testId="4c23b925-f8e0-4c0a-b98c-bcdc4dec3952" executionId="fa6d1fad-704a-4171-afe1-f3d4204efe53" testListId="8c84fa94-04c1-424b-9868-57a2d4851a1d" />
    <TestEntry testId="2e780131-6d56-4059-9d4e-65e3f8f48c9a" executionId="75c62cc2-177b-4711-8303-8b57cdaf215a" testListId="8c84fa94-04c1-424b-9868-57a2d4851a1d" />
    <TestEntry testId="b629ff6c-40be-433c-911c-7c42fa17e5bd" executionId="49d57976-83a0-4b95-8510-a2ee64d1237e" testListId="8c84fa94-04c1-424b-9868-57a2d4851a1d" />
    <TestEntry testId="02e4cc05-6ce1-4b0d-98f2-1b433d3c204c" executionId="55d130a6-cf57-4198-8c2b-6e559c8bdee9" testListId="8c84fa94-04c1-424b-9868-57a2d4851a1d" />
    <TestEntry testId="2eaf0c97-7c50-4d1e-a3f1-99264c3079a8" executionId="bacb6b72-a0c4-426d-8bb7-a787313c2524" testListId="8c84fa94-04c1-424b-9868-57a2d4851a1d" />
    <TestEntry testId="7886e5af-ec6f-4ea3-b9d2-eff71935bfbe" executionId="d7a23c76-632b-41c4-addb-6a814d86cfc5" testListId="8c84fa94-04c1-424b-9868-57a2d4851a1d" />
    <TestEntry testId="c434812e-485e-4924-9547-c94bc6730da5" executionId="608bd774-0b8e-47fb-ac53-a551bbea5a05" testListId="8c84fa94-04c1-424b-9868-57a2d4851a1d" />
    <TestEntry testId="713fdc01-fd89-4d0f-b1d0-5e3d36e05dfc" executionId="9074d9fd-3880-4728-871b-edfc33f220fa" testListId="8c84fa94-04c1-424b-9868-57a2d4851a1d" />
    <TestEntry testId="a9ecfa6a-b254-4532-b679-f7ff5c40d3a6" executionId="3118266d-42f8-4b2e-880a-f36f80436f9a" testListId="8c84fa94-04c1-424b-9868-57a2d4851a1d" />
    <TestEntry testId="91880004-941d-4509-89b6-35eb2832a8d7" executionId="857c8b13-aa1e-4080-a924-94339c505a0b" testListId="8c84fa94-04c1-424b-9868-57a2d4851a1d" />
    <TestEntry testId="6ab18e89-6727-420b-b144-db7fc614620b" executionId="68060c2e-0c79-4fc6-93b4-dd5f3c2e8552" testListId="8c84fa94-04c1-424b-9868-57a2d4851a1d" />
    <TestEntry testId="a881f310-b4f1-4ca0-8911-b22260f791a4" executionId="0da75870-5b79-4ee6-97a2-3cf136ade83d" testListId="8c84fa94-04c1-424b-9868-57a2d4851a1d" />
    <TestEntry testId="26852cc3-df54-4d58-8af9-df424040e7cf" executionId="624d303a-115b-45bd-a244-92f33fdd31b5" testListId="8c84fa94-04c1-424b-9868-57a2d4851a1d" />
    <TestEntry testId="7341e2f2-2a6d-4c43-9fd9-5edc3edafc3b" executionId="6ca2f4f5-449c-4eeb-8f4d-5a841601a872" testListId="8c84fa94-04c1-424b-9868-57a2d4851a1d" />
    <TestEntry testId="5ea74b1d-c072-4aab-998b-6743e208e945" executionId="68e3f58d-8877-42f0-b01f-f50b18e5170a" testListId="8c84fa94-04c1-424b-9868-57a2d4851a1d" />
    <TestEntry testId="d831c216-ca69-467a-89e5-45b30e335702" executionId="5f4559c4-3348-443c-9771-822e3257570c" testListId="8c84fa94-04c1-424b-9868-57a2d4851a1d" />
    <TestEntry testId="50018b6e-fe52-446a-ac9f-da5129452c76" executionId="38a0fb01-60a6-4ae6-a20e-670f60170210" testListId="8c84fa94-04c1-424b-9868-57a2d4851a1d" />
    <TestEntry testId="48b98b19-cdf1-4f8d-8e4b-9ced9951f341" executionId="5d686240-64a3-4fe3-bc2e-745aac1d93fb" testListId="8c84fa94-04c1-424b-9868-57a2d4851a1d" />
    <TestEntry testId="c74222c5-0423-494a-a224-a2c6d6fc85dd" executionId="1a28fc08-dd97-4e14-8c89-bfba2a6993a4" testListId="8c84fa94-04c1-424b-9868-57a2d4851a1d" />
    <TestEntry testId="d70444a9-49ce-46d0-b464-7cee6640b70e" executionId="eb734479-3600-48bc-b6dd-83738b0c374b" testListId="8c84fa94-04c1-424b-9868-57a2d4851a1d" />
    <TestEntry testId="208017c7-1e4e-4767-b91c-87f61b60ec13" executionId="bb321199-9e0d-4aa4-9bec-0b3c60197a8a" testListId="8c84fa94-04c1-424b-9868-57a2d4851a1d" />
    <TestEntry testId="6c0e499f-d7a1-49d7-a55e-767decf6923e" executionId="a3b1262c-b326-417f-811e-19b3a89fe921" testListId="8c84fa94-04c1-424b-9868-57a2d4851a1d" />
    <TestEntry testId="7fb07073-64eb-4b7b-af40-c2e4bbb283c3" executionId="3649ad56-1123-4b03-b1c1-909bbc68ed31" testListId="8c84fa94-04c1-424b-9868-57a2d4851a1d" />
    <TestEntry testId="7d623348-c91a-4175-850e-12dbfdbc7715" executionId="b1d26445-ee55-41a6-9916-c512c0b67af6" testListId="8c84fa94-04c1-424b-9868-57a2d4851a1d" />
    <TestEntry testId="fd6f14da-185c-4e59-9d93-b1c431256cd8" executionId="546be950-7ea6-40d5-9980-666467d75cb2" testListId="8c84fa94-04c1-424b-9868-57a2d4851a1d" />
    <TestEntry testId="4fe9aef3-17e6-4ed6-8f8e-41b06def2326" executionId="f50623be-e978-4a47-902c-b8c2c61137a9" testListId="8c84fa94-04c1-424b-9868-57a2d4851a1d" />
    <TestEntry testId="e64f3484-2f3d-4390-94a5-3cd41f37066b" executionId="43737201-49e4-4c88-be72-8de611c8ebdf" testListId="8c84fa94-04c1-424b-9868-57a2d4851a1d" />
    <TestEntry testId="b98e21da-ae82-4de8-a8c1-cf1f98c0d79c" executionId="b215ffb5-f024-46e3-958c-b4594d8adbb2" testListId="8c84fa94-04c1-424b-9868-57a2d4851a1d" />
    <TestEntry testId="db373082-8040-41fe-a214-dbdc41c20e7f" executionId="4834c761-d03e-4509-affc-2c6b1a83c4b4" testListId="8c84fa94-04c1-424b-9868-57a2d4851a1d" />
    <TestEntry testId="2cc22ded-76f5-4791-9d67-ebf7871be376" executionId="90e1d290-ac3a-40c4-b89f-59353bc1023c" testListId="8c84fa94-04c1-424b-9868-57a2d4851a1d" />
    <TestEntry testId="4db82030-bd23-485f-a271-7fdb35e09215" executionId="f3815bb3-73af-4515-95b9-7502a93453ad" testListId="8c84fa94-04c1-424b-9868-57a2d4851a1d" />
    <TestEntry testId="cb052259-ff00-4177-980e-8e9c560420c4" executionId="28aed4ec-45bb-495b-83a4-bd6d29448799" testListId="8c84fa94-04c1-424b-9868-57a2d4851a1d" />
    <TestEntry testId="f4192c4b-b9e0-4ce3-baa7-a84701885a94" executionId="91bec729-78f0-4848-88d8-8d112daf17ba" testListId="8c84fa94-04c1-424b-9868-57a2d4851a1d" />
    <TestEntry testId="0dcd321b-412b-41c9-b523-8d53cc2a7806" executionId="4555a96b-2917-4c24-a394-24a833e2e8b7" testListId="8c84fa94-04c1-424b-9868-57a2d4851a1d" />
    <TestEntry testId="5cd22126-8043-4f67-8d9a-9641767a87e8" executionId="dd41beaf-5ded-44c4-95e9-90dd725084bf" testListId="8c84fa94-04c1-424b-9868-57a2d4851a1d" />
    <TestEntry testId="31f971de-40a6-4707-885f-80fc55741d57" executionId="66efb325-992c-472d-a0c2-8c44d57cb0b6" testListId="8c84fa94-04c1-424b-9868-57a2d4851a1d" />
    <TestEntry testId="1ea8c9e0-ed40-43d4-991f-35247b03f2f0" executionId="c204156f-3f7f-41c7-a0cc-54e53890fcf2" testListId="8c84fa94-04c1-424b-9868-57a2d4851a1d" />
    <TestEntry testId="f4c1c0cd-7711-43a5-9be8-a01ac0d84e14" executionId="b22eb388-bbf2-47d8-9478-1de2da1578c5" testListId="8c84fa94-04c1-424b-9868-57a2d4851a1d" />
    <TestEntry testId="fe8e26c5-5f28-4e8c-8188-faa701894b66" executionId="794ad385-9e04-4f70-9e4e-7c7a90636340" testListId="8c84fa94-04c1-424b-9868-57a2d4851a1d" />
    <TestEntry testId="1e92b512-9167-4a70-b3e9-51bc563f2da9" executionId="d73dd217-78cb-41ee-b26e-73cd35943ab4" testListId="8c84fa94-04c1-424b-9868-57a2d4851a1d" />
    <TestEntry testId="12fd0430-2ea2-4fc8-8928-270716aaaffc" executionId="7f0b705f-84bc-4785-a2a5-29451e2a2340" testListId="8c84fa94-04c1-424b-9868-57a2d4851a1d" />
    <TestEntry testId="bfff7c8a-9bde-4a91-9ea8-69a0355d2356" executionId="fd294ede-16b7-4534-90fb-cd5643b3399c" testListId="8c84fa94-04c1-424b-9868-57a2d4851a1d" />
    <TestEntry testId="edc621ba-b641-43df-b50e-3f0b031ba018" executionId="b01e91a9-f501-4c6f-9916-189cede47419" testListId="8c84fa94-04c1-424b-9868-57a2d4851a1d" />
    <TestEntry testId="c667dcd5-64f1-4b14-8f9f-b58565978f90" executionId="01d16ad7-71ad-4bb3-bfd6-e89201739a3d" testListId="8c84fa94-04c1-424b-9868-57a2d4851a1d" />
    <TestEntry testId="82f46408-407b-4e88-926d-21d0a5385e2c" executionId="a836d625-3424-4e3f-b5bc-7be17d975d4c" testListId="8c84fa94-04c1-424b-9868-57a2d4851a1d" />
    <TestEntry testId="cd22b72e-f5b2-49e8-b8ea-3d5d84aa9d40" executionId="4bcba767-e5e2-4955-ae30-6cca61745735" testListId="8c84fa94-04c1-424b-9868-57a2d4851a1d" />
    <TestEntry testId="3b930278-eba0-48b9-9bcf-ffe5d82d9d5b" executionId="bab7ac96-5006-4e02-9e1a-6ccd7ff0c964" testListId="8c84fa94-04c1-424b-9868-57a2d4851a1d" />
    <TestEntry testId="82618cae-1a27-4cc7-99e4-23a69eb49611" executionId="a54793e4-fa5e-4449-81e5-925b88ecf391" testListId="8c84fa94-04c1-424b-9868-57a2d4851a1d" />
    <TestEntry testId="4e792acf-53c4-4f81-854f-18bf92d4476c" executionId="57327189-35cc-4d65-9198-b28df69c20a6" testListId="8c84fa94-04c1-424b-9868-57a2d4851a1d" />
    <TestEntry testId="a75e55be-b874-4d50-83ed-d043968cec6d" executionId="d666e531-9459-40b2-a8b2-0deebd4f58e4" testListId="8c84fa94-04c1-424b-9868-57a2d4851a1d" />
    <TestEntry testId="d19860a0-223d-40a0-8fa3-9b452582bfe0" executionId="ccbf50e5-b5a3-4443-9b6b-4e1f9b3138c6" testListId="8c84fa94-04c1-424b-9868-57a2d4851a1d" />
    <TestEntry testId="00f87bfb-8208-48f7-b6ad-e4f3aad761aa" executionId="80fb03be-8a75-4ea5-9851-b8de0f184877" testListId="8c84fa94-04c1-424b-9868-57a2d4851a1d" />
    <TestEntry testId="88f6f6a1-86d8-414a-81d8-938f63197a3f" executionId="35ab9647-6b85-41fb-a8c4-0c88165cb407" testListId="8c84fa94-04c1-424b-9868-57a2d4851a1d" />
    <TestEntry testId="64a62470-c9fc-4ea2-9939-a9cdd4563a41" executionId="1c559a50-f136-4319-a000-0d523778ec15" testListId="8c84fa94-04c1-424b-9868-57a2d4851a1d" />
    <TestEntry testId="1fe7dc4e-8134-4ff7-8a39-d9ca5e3816c6" executionId="a0088b57-895e-4069-95a4-b82c6dcfbc15" testListId="8c84fa94-04c1-424b-9868-57a2d4851a1d" />
    <TestEntry testId="a5e526f7-d6d7-41c4-b829-a64e6fc55516" executionId="9223beaf-86d1-4a3a-aa6f-be3a2e2413da" testListId="8c84fa94-04c1-424b-9868-57a2d4851a1d" />
    <TestEntry testId="48cd0762-5e8f-410b-a354-9aeea1cc1a9e" executionId="7dac4926-fc4d-4ce8-b0b8-f8c7f114f915" testListId="8c84fa94-04c1-424b-9868-57a2d4851a1d" />
    <TestEntry testId="8382c6d4-3e25-4fd2-b0bd-80e059c9d6eb" executionId="c8810db0-9715-4458-b735-b081227428a1" testListId="8c84fa94-04c1-424b-9868-57a2d4851a1d" />
    <TestEntry testId="a90798b8-0259-4589-8286-3e6c6a25e603" executionId="5b63102f-9bf6-4c90-8d8d-76407c9e68d0" testListId="8c84fa94-04c1-424b-9868-57a2d4851a1d" />
    <TestEntry testId="edeb6fc4-f90b-4ed9-919b-e09d0756dad5" executionId="657b272f-2af8-44ac-ae62-f01128cb92ad" testListId="8c84fa94-04c1-424b-9868-57a2d4851a1d" />
    <TestEntry testId="059db56e-77fa-4a43-953a-0d8b1f39a68c" executionId="b7d48c44-3432-406c-b915-651db41f44ab" testListId="8c84fa94-04c1-424b-9868-57a2d4851a1d" />
    <TestEntry testId="67dfd0b1-2427-47dd-807a-3388398a906a" executionId="4892ab0d-ed5d-46b5-b194-3bf86d2c06d4" testListId="8c84fa94-04c1-424b-9868-57a2d4851a1d" />
    <TestEntry testId="ad776b6e-4ebf-4717-bea8-293ed60743b2" executionId="89d77260-b1e5-4dbf-b8b3-ef7b1513d654" testListId="8c84fa94-04c1-424b-9868-57a2d4851a1d" />
    <TestEntry testId="541ec68f-1ca7-4a0e-9113-d9e39f94b8d5" executionId="e9f48dac-e058-4853-85ff-8c36b9c3a16d" testListId="8c84fa94-04c1-424b-9868-57a2d4851a1d" />
    <TestEntry testId="70777ec1-88f9-4998-95c7-709c6e1c9c75" executionId="683454cb-5681-4f18-b57c-5af4f53ae34a" testListId="8c84fa94-04c1-424b-9868-57a2d4851a1d" />
    <TestEntry testId="65abc2cb-8d40-416b-997a-d6923de86d09" executionId="b26b6825-3410-4727-980e-3e25d2519258" testListId="8c84fa94-04c1-424b-9868-57a2d4851a1d" />
    <TestEntry testId="43a5d156-d284-49a8-8a0d-bac62c2a9efa" executionId="e9fae3e0-7747-4198-80fe-ee6ecf54308c" testListId="8c84fa94-04c1-424b-9868-57a2d4851a1d" />
    <TestEntry testId="3a0c7b09-b22d-40da-83a4-2901841b54a8" executionId="a948c7ac-655e-430d-8c16-c67a48ae135e" testListId="8c84fa94-04c1-424b-9868-57a2d4851a1d" />
    <TestEntry testId="9a740ed0-d883-42ee-ad5b-0e5ad7f3ad5a" executionId="73d529f2-2320-4667-9488-ead3b6a32b47" testListId="8c84fa94-04c1-424b-9868-57a2d4851a1d" />
    <TestEntry testId="d7001628-1713-4830-a508-48da0fb82805" executionId="089a54d3-4084-49e9-9278-b9d607888385" testListId="8c84fa94-04c1-424b-9868-57a2d4851a1d" />
    <TestEntry testId="9914c1c5-7d8a-4f3b-91cb-aabe2bd18411" executionId="bad22247-381b-412f-b53a-fdccb7a3db65" testListId="8c84fa94-04c1-424b-9868-57a2d4851a1d" />
    <TestEntry testId="e0e71ba4-3691-44ed-acd4-834475733c22" executionId="c081386f-2e7a-4a58-885c-08d8b31672b5" testListId="8c84fa94-04c1-424b-9868-57a2d4851a1d" />
    <TestEntry testId="6c151064-d59d-4e24-bdc6-c6058a43cf7e" executionId="6d4d4321-f0c4-4a90-9564-34a1f22980ab" testListId="8c84fa94-04c1-424b-9868-57a2d4851a1d" />
    <TestEntry testId="fbc72cc7-7cef-4f72-b2d6-79d8d0210102" executionId="34f254fc-4e7c-422b-8b5d-4f4eb42f2f69" testListId="8c84fa94-04c1-424b-9868-57a2d4851a1d" />
    <TestEntry testId="bd561ef3-1c9a-4a9f-980d-9dfb40d90c0b" executionId="fdc7599a-2e0b-45f5-ba45-cb93fce43ccb" testListId="8c84fa94-04c1-424b-9868-57a2d4851a1d" />
    <TestEntry testId="a40739c6-2b73-4341-9124-3fa546b53651" executionId="7663f234-2bb1-4263-9232-aeddf40f4df6" testListId="8c84fa94-04c1-424b-9868-57a2d4851a1d" />
    <TestEntry testId="6e4bd894-da64-48f7-ad9c-72784cadcc5d" executionId="e5cdc51d-4d50-42de-b58e-298a0dc6bf80" testListId="8c84fa94-04c1-424b-9868-57a2d4851a1d" />
    <TestEntry testId="38c26d94-04f0-4952-a868-bb7e4920bb65" executionId="28f65425-2f1a-408d-af2f-e5ed030f3462" testListId="8c84fa94-04c1-424b-9868-57a2d4851a1d" />
    <TestEntry testId="ad52dcb5-50ea-4597-b4e4-e98162f5d847" executionId="d179725d-2ceb-41a0-8476-209af1f9fbd7" testListId="8c84fa94-04c1-424b-9868-57a2d4851a1d" />
    <TestEntry testId="a2b5cc43-4c3b-46a3-8b53-1539ed2e96b1" executionId="0a72c9d7-e4f1-40ad-babd-4c6314810e57" testListId="8c84fa94-04c1-424b-9868-57a2d4851a1d" />
    <TestEntry testId="addb0fec-542f-4633-a502-6efab002315a" executionId="c850ea5f-a26a-4728-9e40-9562c2785138" testListId="8c84fa94-04c1-424b-9868-57a2d4851a1d" />
    <TestEntry testId="ac2f4b25-e12f-42c0-b6e0-dc485a5e3e86" executionId="5d5c9373-221a-4cf8-864b-5a10124a7e4d" testListId="8c84fa94-04c1-424b-9868-57a2d4851a1d" />
    <TestEntry testId="56213a28-0345-4368-a54d-4a37e39dfe90" executionId="e4b127cb-c285-4b0d-8a12-c433d980c1ca" testListId="8c84fa94-04c1-424b-9868-57a2d4851a1d" />
    <TestEntry testId="2a9bbe13-d004-48bb-96c1-bdab19b74f2a" executionId="5b82326f-ce5f-4e85-80b5-f9bb0b666c8f" testListId="8c84fa94-04c1-424b-9868-57a2d4851a1d" />
    <TestEntry testId="9ec6d5c0-8176-485f-b779-5846d2cfcfd5" executionId="dbc053a9-fb8e-430e-8544-23b74ad84f23" testListId="8c84fa94-04c1-424b-9868-57a2d4851a1d" />
    <TestEntry testId="84f1ab4d-152f-444c-95bd-bbd9931ac432" executionId="9ed2bb18-d75d-475e-89f4-a16d8b13e182" testListId="8c84fa94-04c1-424b-9868-57a2d4851a1d" />
    <TestEntry testId="5248ae9d-ba8e-475e-998c-40e88218ffec" executionId="6bf32b7e-1790-45df-815a-e3c3e8fd5f70" testListId="8c84fa94-04c1-424b-9868-57a2d4851a1d" />
    <TestEntry testId="c1e3061c-9b1f-480e-868e-82f6d520d358" executionId="5b0706a1-4098-4a84-9dec-0055956c73cc" testListId="8c84fa94-04c1-424b-9868-57a2d4851a1d" />
    <TestEntry testId="36c93c08-8cb6-48a0-83e7-742288bd2d0d" executionId="ba3f2433-a76d-43b3-8c65-fadb7dc5f063" testListId="8c84fa94-04c1-424b-9868-57a2d4851a1d" />
    <TestEntry testId="e6681187-5139-4f4d-8aa5-2dbc460353ff" executionId="b73378d9-8846-452a-baf3-108a7b5b233f" testListId="8c84fa94-04c1-424b-9868-57a2d4851a1d" />
    <TestEntry testId="31e5e990-e3f0-4572-b2ea-20a276944310" executionId="71e0f4b8-e643-4832-819a-1d4de5b589cb" testListId="8c84fa94-04c1-424b-9868-57a2d4851a1d" />
    <TestEntry testId="8725a06e-8c5d-4d28-8725-19fb6cd86d07" executionId="b1694efd-e7a1-4c6a-b966-a80b2dcf6126" testListId="8c84fa94-04c1-424b-9868-57a2d4851a1d" />
    <TestEntry testId="2363d006-b4de-4daf-b139-8e069c25fd06" executionId="6cd0eb20-af0f-409f-8d13-5c2c94a4ccff" testListId="8c84fa94-04c1-424b-9868-57a2d4851a1d" />
    <TestEntry testId="52fa574d-64c7-4f78-be83-70599d31aaaa" executionId="97143c8d-9d25-43bd-a6d7-a6e6aa1a97ee" testListId="8c84fa94-04c1-424b-9868-57a2d4851a1d" />
    <TestEntry testId="3157022f-ab24-41a1-ad67-f96ede80214a" executionId="b5737e0c-5f7e-4b92-91b2-dab41dd60fb1" testListId="8c84fa94-04c1-424b-9868-57a2d4851a1d" />
    <TestEntry testId="62332270-446c-4f89-8d42-fc988019c2f6" executionId="57596935-44e6-495a-b1c1-414de9ab8ebe" testListId="8c84fa94-04c1-424b-9868-57a2d4851a1d" />
    <TestEntry testId="7d0141ea-121d-47a8-8a58-9cfa553cb58b" executionId="22343a7e-3198-4d4f-b693-6c3a126826fc" testListId="8c84fa94-04c1-424b-9868-57a2d4851a1d" />
    <TestEntry testId="df1bfa58-6bd5-4308-ac1b-899a4791a378" executionId="a5f163d3-a352-4e5e-837c-fda1773718e2" testListId="8c84fa94-04c1-424b-9868-57a2d4851a1d" />
    <TestEntry testId="af0b3fe4-9977-433d-803a-ffd2ce7dad6e" executionId="9714c14c-e4fc-40d1-9a43-f9348cb65e14" testListId="8c84fa94-04c1-424b-9868-57a2d4851a1d" />
    <TestEntry testId="427d4354-cf88-48fb-b220-2db81c27b4d6" executionId="c5f5cadb-56b9-4d1c-99fc-a5bbb4b80f2b" testListId="8c84fa94-04c1-424b-9868-57a2d4851a1d" />
    <TestEntry testId="6b645a2f-89fa-433d-b633-39dd85e3e0bb" executionId="1a5dd08a-b24f-42d7-8d4a-827328e76f88" testListId="8c84fa94-04c1-424b-9868-57a2d4851a1d" />
    <TestEntry testId="180b0401-8769-4475-a668-eafdfc954549" executionId="9452d2e2-f846-46a0-ad1e-543b11dc4c98" testListId="8c84fa94-04c1-424b-9868-57a2d4851a1d" />
    <TestEntry testId="a9220eef-e9df-4ca1-baf6-62861b2bbd88" executionId="f3749a16-b1ca-42e1-b901-f6d7795a09fd" testListId="8c84fa94-04c1-424b-9868-57a2d4851a1d" />
    <TestEntry testId="7a2d8a9e-f4b9-4ed5-bb84-20b0445b09b1" executionId="ca9d7116-b4f9-4d7d-941d-877f7039dbb6" testListId="8c84fa94-04c1-424b-9868-57a2d4851a1d" />
    <TestEntry testId="12fbe932-601b-4213-86b7-00467e1387a8" executionId="91a90595-6b7f-41d7-8386-254326d2b7c4" testListId="8c84fa94-04c1-424b-9868-57a2d4851a1d" />
    <TestEntry testId="e732230e-754d-4d19-9baa-5b7fe68abba9" executionId="797554f9-0081-470d-aac2-b6fe825ce314" testListId="8c84fa94-04c1-424b-9868-57a2d4851a1d" />
    <TestEntry testId="fd7c7e08-f1e3-416c-ba65-a87ef431b6c1" executionId="5af72099-47ab-4abc-952c-7f8fbd52ce57" testListId="8c84fa94-04c1-424b-9868-57a2d4851a1d" />
    <TestEntry testId="042604fd-c0a4-4721-bcad-ae5b3e8dd717" executionId="e3005359-08cb-423c-a183-9c665fe705ac" testListId="8c84fa94-04c1-424b-9868-57a2d4851a1d" />
    <TestEntry testId="47bcd311-cecd-478a-927d-fe3c9a28b2d1" executionId="ec6ec135-d940-4d8f-ab95-7f7585dc54e0" testListId="8c84fa94-04c1-424b-9868-57a2d4851a1d" />
    <TestEntry testId="1fd95dfd-7576-42b0-9f9e-a2ca9fde1c16" executionId="d717fadc-9039-4e86-ab82-0496caf8dabc" testListId="8c84fa94-04c1-424b-9868-57a2d4851a1d" />
    <TestEntry testId="53b28ae5-ae87-4b48-b07f-21e3accccae5" executionId="b341a92e-773f-4da6-9b97-5859fded759f" testListId="8c84fa94-04c1-424b-9868-57a2d4851a1d" />
    <TestEntry testId="92557d3c-ce6e-4f15-b3b3-0dd77cfe814c" executionId="b47c8cd8-f0e7-4d89-b0ff-3165c6830adf" testListId="8c84fa94-04c1-424b-9868-57a2d4851a1d" />
    <TestEntry testId="6265bb3a-1b1f-4cbd-bb52-1538d4905dfd" executionId="b16d0305-9bfc-44d4-b90c-d0e9e80f20a0" testListId="8c84fa94-04c1-424b-9868-57a2d4851a1d" />
    <TestEntry testId="c31d96ec-43e4-4380-b6ae-6b6c209e17eb" executionId="f9858cca-46b0-4cd9-985b-0f1ed41bd33c" testListId="8c84fa94-04c1-424b-9868-57a2d4851a1d" />
    <TestEntry testId="ff72d30e-69e5-4315-9772-e8ea742dd8dd" executionId="5eb6ede0-7c82-43e0-8644-61ce85336032" testListId="8c84fa94-04c1-424b-9868-57a2d4851a1d" />
    <TestEntry testId="0af6c4cc-2f0c-417f-bddb-5c45502273cd" executionId="713d8692-4e44-40a8-a123-d837d9417b21" testListId="8c84fa94-04c1-424b-9868-57a2d4851a1d" />
    <TestEntry testId="81bee8b1-3306-4245-aa0a-37fdfbac19de" executionId="3151ff36-798e-4d4f-9e60-e21e76449324" testListId="8c84fa94-04c1-424b-9868-57a2d4851a1d" />
    <TestEntry testId="ccf15833-2797-47f3-bddd-aba3a66a218a" executionId="2179731b-67c3-4a62-82f1-28d9148a249d" testListId="8c84fa94-04c1-424b-9868-57a2d4851a1d" />
    <TestEntry testId="480fb36f-ebaf-44c4-9a35-ba3fb9759ddb" executionId="3ab64116-d08d-46ba-b6f2-788e8aa8ff26" testListId="8c84fa94-04c1-424b-9868-57a2d4851a1d" />
    <TestEntry testId="17b8fe43-36fe-45d7-9fb2-d48d9da633a1" executionId="d2ba95e8-3530-4c20-858e-73f98886c5eb" testListId="8c84fa94-04c1-424b-9868-57a2d4851a1d" />
    <TestEntry testId="c80cba09-78c6-4929-8160-9fe212911826" executionId="74b3e56f-b004-4dc0-8218-9f7e8ec05c84" testListId="8c84fa94-04c1-424b-9868-57a2d4851a1d" />
    <TestEntry testId="326f95ba-d706-4863-95f1-ad70cdfd99d5" executionId="0999793a-b77a-42d9-8c6b-0a94da45a747" testListId="8c84fa94-04c1-424b-9868-57a2d4851a1d" />
    <TestEntry testId="1bdd36d6-2dcf-40b9-9a37-fde3b9832185" executionId="f807e3b1-5752-4dfa-ae69-5579ba2f17ea" testListId="8c84fa94-04c1-424b-9868-57a2d4851a1d" />
    <TestEntry testId="3fd5757d-3e64-4986-9718-b0aeeca686e0" executionId="c8ad2adb-2134-410d-a1bf-7da51d725820" testListId="8c84fa94-04c1-424b-9868-57a2d4851a1d" />
    <TestEntry testId="a5900d5b-3b42-4555-8ef0-f6bf0c6f0f51" executionId="c46fad7f-d4a1-4ca4-a2e9-f241642351bd" testListId="8c84fa94-04c1-424b-9868-57a2d4851a1d" />
    <TestEntry testId="15ef87ec-688d-40f5-8a7f-bffe414a064c" executionId="2d92635d-283f-4fe5-abf2-9b393652cc97" testListId="8c84fa94-04c1-424b-9868-57a2d4851a1d" />
    <TestEntry testId="f447168c-a2dc-4ba6-bd05-04040b062d4d" executionId="a3da0c77-044f-482c-a066-bce4b7cbae8a" testListId="8c84fa94-04c1-424b-9868-57a2d4851a1d" />
    <TestEntry testId="adf8ab98-9ef6-4fea-9155-91e5182d2df1" executionId="839e301e-62c0-43e1-80e9-8614b3af2137" testListId="8c84fa94-04c1-424b-9868-57a2d4851a1d" />
    <TestEntry testId="c4b88cb6-1d7f-42d5-95fa-6397eb8c2798" executionId="72d769a7-d07d-47bc-b4f7-a9fb5b30badd" testListId="8c84fa94-04c1-424b-9868-57a2d4851a1d" />
    <TestEntry testId="359ced42-dc4b-41d6-a849-3ddd191956bd" executionId="906db935-5fe8-49b2-ac7a-8d2639e1e319" testListId="8c84fa94-04c1-424b-9868-57a2d4851a1d" />
    <TestEntry testId="d01d899e-a702-4d34-9fef-bc01d2da59b3" executionId="71eeef75-1190-469c-874d-3ecf5f578801" testListId="8c84fa94-04c1-424b-9868-57a2d4851a1d" />
    <TestEntry testId="e18c82b2-09cf-40f7-bce7-3a23ae36d1c0" executionId="5c59b38a-d71a-43b4-aaf1-5e3f73f62a18" testListId="8c84fa94-04c1-424b-9868-57a2d4851a1d" />
    <TestEntry testId="a76532ba-2427-4f8f-81fd-c6c51f350fc1" executionId="51bcb95a-917d-4e8f-be84-2281d9851120" testListId="8c84fa94-04c1-424b-9868-57a2d4851a1d" />
    <TestEntry testId="1570052a-f65c-4371-84fb-50f83a927188" executionId="212c86c7-7b4f-455d-864a-6e3046408031" testListId="8c84fa94-04c1-424b-9868-57a2d4851a1d" />
    <TestEntry testId="10342300-1bf4-4a4c-97f1-5ec46da8fb1e" executionId="c5ba8fd5-573c-4cc9-94b0-f63ccb7b3344" testListId="8c84fa94-04c1-424b-9868-57a2d4851a1d" />
    <TestEntry testId="634bf63f-8500-4300-b856-4e3edbc663ed" executionId="b1af4254-c1d1-46e2-893e-b30e8197d4d4" testListId="8c84fa94-04c1-424b-9868-57a2d4851a1d" />
    <TestEntry testId="caa67b77-c55a-410d-837d-6f6960189681" executionId="2b22b02e-b3fb-4784-9f20-3bc1a84a3d30" testListId="8c84fa94-04c1-424b-9868-57a2d4851a1d" />
    <TestEntry testId="c53301df-bfe1-47b8-a5d0-4167d3540808" executionId="cef88dc7-c5e9-4484-ba4a-127f633a3956" testListId="8c84fa94-04c1-424b-9868-57a2d4851a1d" />
    <TestEntry testId="24c31c4c-48e6-4d27-8290-5f3a5ec9f3c8" executionId="d1d1af35-f051-4044-81ec-39cf8038c1d5" testListId="8c84fa94-04c1-424b-9868-57a2d4851a1d" />
    <TestEntry testId="52014e95-4fac-4a2b-93cf-a7da4324b97c" executionId="9191bf5c-f314-4927-a693-a0eeaec0e2a6" testListId="8c84fa94-04c1-424b-9868-57a2d4851a1d" />
    <TestEntry testId="c2761fed-ab24-41ba-b68d-b6b9192e12f5" executionId="1572a09c-b7d1-4a1e-b7b3-9dc4663bf03e" testListId="8c84fa94-04c1-424b-9868-57a2d4851a1d" />
    <TestEntry testId="7e7cead5-6a24-4ea9-8a17-7eb5bbae5fe5" executionId="ae40aa7b-9605-4627-95dc-525fa94880a5" testListId="8c84fa94-04c1-424b-9868-57a2d4851a1d" />
    <TestEntry testId="3e0b76b4-e283-4776-8aac-91085dfe516c" executionId="aca3d1f3-be28-487f-9fbe-b53afc7eee5c" testListId="8c84fa94-04c1-424b-9868-57a2d4851a1d" />
    <TestEntry testId="e7db857a-f6ec-411b-88d0-4388c52e58f5" executionId="f71376d8-41e8-4aca-b479-cee237e36bd9" testListId="8c84fa94-04c1-424b-9868-57a2d4851a1d" />
    <TestEntry testId="cf5fd0e7-3b8c-4ca6-ba90-cabfae73d69f" executionId="4c7cf7bd-018f-4a2f-841b-22aa156f767c" testListId="8c84fa94-04c1-424b-9868-57a2d4851a1d" />
    <TestEntry testId="94080885-8546-4be9-bee0-c60bd02e97f5" executionId="28956423-ae3b-4627-814a-5f0630748f32" testListId="8c84fa94-04c1-424b-9868-57a2d4851a1d" />
    <TestEntry testId="aef53266-9f84-4204-89d4-b3ba4048984d" executionId="4b61db3c-a2df-42f1-95f2-94d1566cd08c" testListId="8c84fa94-04c1-424b-9868-57a2d4851a1d" />
    <TestEntry testId="313cc12f-d787-44ef-94c0-a73e44e33fae" executionId="89628f79-5754-4db3-81e1-16553967b0a2" testListId="8c84fa94-04c1-424b-9868-57a2d4851a1d" />
    <TestEntry testId="77d457d5-b932-4a25-bbe3-8c88b6405a4b" executionId="5e85e011-51aa-4388-85d9-3f0c7d7a0d18" testListId="8c84fa94-04c1-424b-9868-57a2d4851a1d" />
    <TestEntry testId="939c7e3c-7073-44b5-9016-df6e48af9361" executionId="32469825-06a5-40dd-a3fe-0d089199ed28" testListId="8c84fa94-04c1-424b-9868-57a2d4851a1d" />
    <TestEntry testId="1619f285-4a98-4ad0-94e0-c889fa7aa496" executionId="26aa2257-9f45-45ca-bfac-1379863a7dea" testListId="8c84fa94-04c1-424b-9868-57a2d4851a1d" />
    <TestEntry testId="d392df5f-8a52-4ca9-9fa7-40f75f6faf51" executionId="f9a38e78-d3a2-4e25-b74d-affaf5318987" testListId="8c84fa94-04c1-424b-9868-57a2d4851a1d" />
    <TestEntry testId="3505f25d-9675-40da-a64a-c0ef3a2cce39" executionId="54ea745f-a617-481a-9e9f-93c69f27001e" testListId="8c84fa94-04c1-424b-9868-57a2d4851a1d" />
    <TestEntry testId="fee7b555-7072-4118-8ba9-af8bdda9f6a6" executionId="72f45f60-7a29-4137-b867-6b9fffea20fa" testListId="8c84fa94-04c1-424b-9868-57a2d4851a1d" />
    <TestEntry testId="0801c4bd-b50c-4a16-8f7c-0c93375c8a79" executionId="bb9767d3-0048-4bb6-a5b1-b5e79593f2fe" testListId="8c84fa94-04c1-424b-9868-57a2d4851a1d" />
    <TestEntry testId="b8ac2d03-a003-44b1-9288-2eb1ddc00ef1" executionId="3b14bd92-c6af-40f4-8569-7bcc8d22cf23" testListId="8c84fa94-04c1-424b-9868-57a2d4851a1d" />
    <TestEntry testId="206678df-43f2-4ee8-a547-e431afd48592" executionId="c35b1e26-76b9-4669-b6a4-288aa99857b3" testListId="8c84fa94-04c1-424b-9868-57a2d4851a1d" />
    <TestEntry testId="a1e8cbea-44f6-4784-80ea-69aace0684a8" executionId="09fd21c0-b425-4394-9d60-bc9c6ba406b6" testListId="8c84fa94-04c1-424b-9868-57a2d4851a1d" />
    <TestEntry testId="e3c82226-f590-4e14-883a-d3f748b07d84" executionId="841dc056-5a86-45df-8970-c906a53d8e84" testListId="8c84fa94-04c1-424b-9868-57a2d4851a1d" />
    <TestEntry testId="21649b59-be0c-453a-8b3e-258760b72315" executionId="c62cc885-6be6-4aa0-8b55-a77283186910" testListId="8c84fa94-04c1-424b-9868-57a2d4851a1d" />
    <TestEntry testId="91a6afe0-1d0a-4dce-85ec-2f6aaf45c7bf" executionId="e19e2526-4c35-4cac-875c-8fa693ff2bef" testListId="8c84fa94-04c1-424b-9868-57a2d4851a1d" />
    <TestEntry testId="6ae6ef09-c83d-4bf9-b053-3a71b6d0b4cc" executionId="b1d164d5-3cbe-420a-b76e-bbb5e08c4b1c" testListId="8c84fa94-04c1-424b-9868-57a2d4851a1d" />
    <TestEntry testId="d49de22e-e7d8-4bcf-a024-6beddc1d7b2f" executionId="dc501cae-c62e-491c-9a27-5c31738c4917" testListId="8c84fa94-04c1-424b-9868-57a2d4851a1d" />
    <TestEntry testId="64a586af-644d-4042-8e8d-e16d3422d74c" executionId="a9a48223-a37a-4838-9c9b-2c2c71efd91a" testListId="8c84fa94-04c1-424b-9868-57a2d4851a1d" />
    <TestEntry testId="0ea19b15-1e4b-4179-a94d-30101e024d82" executionId="b1fe345b-7f59-4ec1-a758-3e1c068a0185" testListId="8c84fa94-04c1-424b-9868-57a2d4851a1d" />
    <TestEntry testId="d4bad677-72cf-4489-97f4-45f006ac7d4e" executionId="781e5717-9a92-4a4d-8acb-d4c511b528c2" testListId="8c84fa94-04c1-424b-9868-57a2d4851a1d" />
    <TestEntry testId="c8723bf7-b2cc-48b8-8c32-71815c4b1324" executionId="9b898b2b-9356-4a0f-aaf4-d17fc5c0d419" testListId="8c84fa94-04c1-424b-9868-57a2d4851a1d" />
    <TestEntry testId="73bcde0c-c6e5-4ba5-bbe7-7359206a9e3e" executionId="3c081769-29a6-4217-921b-f51a71c2a5d3" testListId="8c84fa94-04c1-424b-9868-57a2d4851a1d" />
    <TestEntry testId="3ef666f3-2b7c-4d02-a8ad-4c76af87536c" executionId="95c26a73-5895-4f1d-a7ae-c4b5afdd01d5" testListId="8c84fa94-04c1-424b-9868-57a2d4851a1d" />
    <TestEntry testId="ddf9a4eb-f7cb-4ed9-a2f5-d3a04d84fd2b" executionId="f56117a2-e402-49cf-ad49-32d3c107c8da" testListId="8c84fa94-04c1-424b-9868-57a2d4851a1d" />
    <TestEntry testId="ddcbd9f4-8bcc-41cb-acf3-b11f31c932e8" executionId="b4cdcb0b-72c8-4cf1-9e6e-85dccbc971a3" testListId="8c84fa94-04c1-424b-9868-57a2d4851a1d" />
    <TestEntry testId="48172865-87bb-4084-ac55-4261d82882c4" executionId="c8f37269-fad4-442e-a6bd-475f21882434" testListId="8c84fa94-04c1-424b-9868-57a2d4851a1d" />
    <TestEntry testId="b63e74e4-6d18-4a4e-9302-c4aecb1dd531" executionId="f895155a-3855-4508-92ce-cecc19ec963a" testListId="8c84fa94-04c1-424b-9868-57a2d4851a1d" />
    <TestEntry testId="87db2e64-ad8b-4e6d-a0be-2aaf1049070a" executionId="cf4595c0-a7de-407d-8cad-633020c7c4fb" testListId="8c84fa94-04c1-424b-9868-57a2d4851a1d" />
    <TestEntry testId="513015d3-e95a-433f-9c80-898b7696bbf8" executionId="31da2349-3fef-421e-b991-dda67f460000" testListId="8c84fa94-04c1-424b-9868-57a2d4851a1d" />
    <TestEntry testId="db22612e-edb9-4ff5-a76a-4cf0f19809d7" executionId="66ed1221-134f-416f-97ba-f7a5d92df5b1" testListId="8c84fa94-04c1-424b-9868-57a2d4851a1d" />
    <TestEntry testId="1077829e-0bed-44b3-9b6d-599c55554a3a" executionId="ac47e736-cc16-4719-a5e8-b93254e4864a" testListId="8c84fa94-04c1-424b-9868-57a2d4851a1d" />
    <TestEntry testId="f586989b-f4ac-46ce-9190-407c41541f4b" executionId="5fb70009-2c3b-4dc7-9baf-ba95872498d2" testListId="8c84fa94-04c1-424b-9868-57a2d4851a1d" />
    <TestEntry testId="1982962b-0868-4bf5-a571-1d315ff58334" executionId="acfe28c9-509f-440b-a1df-db44290b7cce" testListId="8c84fa94-04c1-424b-9868-57a2d4851a1d" />
    <TestEntry testId="a2259244-7cea-4199-94d4-0daee5ee2e83" executionId="e01e7f57-514a-4d25-9596-01a4a30df6d0" testListId="8c84fa94-04c1-424b-9868-57a2d4851a1d" />
    <TestEntry testId="5b51562e-7f6e-4683-bca7-a1ff0c7e6e87" executionId="d4ba8dae-0d78-46d1-9df5-b422247a6697" testListId="8c84fa94-04c1-424b-9868-57a2d4851a1d" />
    <TestEntry testId="6aa8f6d4-8d78-47ee-8f31-2d9c9fd5689c" executionId="a12b3621-5a0a-47a2-ae40-14e0eefb9389" testListId="8c84fa94-04c1-424b-9868-57a2d4851a1d" />
    <TestEntry testId="7ba731e0-7374-4d8c-a796-17253daa49fa" executionId="d2f3b504-0c56-4062-8a10-46d40bb0f713" testListId="8c84fa94-04c1-424b-9868-57a2d4851a1d" />
    <TestEntry testId="5388871d-c5fa-405e-b2e6-d20a37da969e" executionId="e714192a-876c-4435-959d-900c1c7a52cc" testListId="8c84fa94-04c1-424b-9868-57a2d4851a1d" />
    <TestEntry testId="e80048f1-a004-4b19-93ff-2fab8cde14ae" executionId="dbc24450-1594-4cf5-94cb-acd57b3e66fc" testListId="8c84fa94-04c1-424b-9868-57a2d4851a1d" />
    <TestEntry testId="afdc8b8b-d0b5-4e04-b65b-2615291a9127" executionId="39edfac7-a75f-4362-86f6-54f8dbdcb133" testListId="8c84fa94-04c1-424b-9868-57a2d4851a1d" />
    <TestEntry testId="22b5bad5-f73d-4b1e-9c5b-bbd1c1115f2d" executionId="12db3e03-bc64-4cf7-a929-af607dccd43e" testListId="8c84fa94-04c1-424b-9868-57a2d4851a1d" />
    <TestEntry testId="e6572ae0-bd4f-4385-84a8-78b8c02dd4e9" executionId="1fcb5be0-6caa-4ea1-a88c-c574f8f35bf1" testListId="8c84fa94-04c1-424b-9868-57a2d4851a1d" />
    <TestEntry testId="bf7e60a7-d8f5-4e66-8632-422936dbed4c" executionId="88558b0c-f607-4e9e-a181-734dc33b2d6c" testListId="8c84fa94-04c1-424b-9868-57a2d4851a1d" />
    <TestEntry testId="4c0efdb3-1e80-4322-b522-833bd5dd9007" executionId="97c0ac63-1eaf-49d8-a047-860861be3c73" testListId="8c84fa94-04c1-424b-9868-57a2d4851a1d" />
    <TestEntry testId="4a7edd2e-7c7a-4792-af9e-9596d17436e7" executionId="c5969c45-214c-413d-a8da-d2c3a5ae7548" testListId="8c84fa94-04c1-424b-9868-57a2d4851a1d" />
    <TestEntry testId="1527b5fb-b8c2-4a7e-9f73-6ad973c739fc" executionId="14666e51-13aa-475d-aaa4-c000268e3c79" testListId="8c84fa94-04c1-424b-9868-57a2d4851a1d" />
    <TestEntry testId="7983da95-d542-48e9-b808-dfacd96f632d" executionId="42a57927-3b62-41de-b97f-8dcfb5cf7e4d" testListId="8c84fa94-04c1-424b-9868-57a2d4851a1d" />
    <TestEntry testId="0e6354e6-00b6-4572-ae04-61bdbf9e9e0e" executionId="1a2a8bf2-a5b8-49b8-8d76-9ec72b53c9a4" testListId="8c84fa94-04c1-424b-9868-57a2d4851a1d" />
    <TestEntry testId="cc099867-61a5-41d5-a44c-cb91c2acac0b" executionId="c6b2fd5f-a8c0-4338-8987-36458d175abf" testListId="8c84fa94-04c1-424b-9868-57a2d4851a1d" />
    <TestEntry testId="a59bf9f6-4ee5-4e83-82dc-e91244b3e8b3" executionId="14e7cfe3-b1f8-40a4-a9fe-8cf895113705" testListId="8c84fa94-04c1-424b-9868-57a2d4851a1d" />
    <TestEntry testId="995379f2-ac21-4a45-b7ac-76b22e45d56d" executionId="58fcd768-7d94-4dc1-bc2f-ed7cf1b13d90" testListId="8c84fa94-04c1-424b-9868-57a2d4851a1d" />
    <TestEntry testId="85d1c731-5a74-4702-ba2e-e15bcdd33b86" executionId="d015213a-7496-4e47-91c0-c62cfd112718" testListId="8c84fa94-04c1-424b-9868-57a2d4851a1d" />
    <TestEntry testId="36a4b76d-0d94-44ee-880f-99656c94a8c5" executionId="35e23e8b-9d91-4b9a-acb9-fe8a07f731fa" testListId="8c84fa94-04c1-424b-9868-57a2d4851a1d" />
    <TestEntry testId="52e9c387-98ea-4492-bcbb-5fb406a5ea3b" executionId="d45dcf7a-3285-471d-99b4-1fbc8fd8ed7a" testListId="8c84fa94-04c1-424b-9868-57a2d4851a1d" />
    <TestEntry testId="7ee2b85b-4463-4141-bf80-5a63a4f320e5" executionId="0500dffe-0415-402c-8e87-28d5e6a5d4c3" testListId="8c84fa94-04c1-424b-9868-57a2d4851a1d" />
    <TestEntry testId="4fa52109-3222-4351-a6ae-4ab8c0f8dadc" executionId="0641489b-26db-4893-973a-79dade649b0a" testListId="8c84fa94-04c1-424b-9868-57a2d4851a1d" />
    <TestEntry testId="6b6241ff-ac5f-4d97-9998-88dfa98d6b16" executionId="721b80a1-46a3-4121-8789-503c39f9e5cd" testListId="8c84fa94-04c1-424b-9868-57a2d4851a1d" />
    <TestEntry testId="a6866b98-4ec4-4109-9804-ec25a024be77" executionId="3671f6ee-355c-4d04-81ab-fbf0a25fa06c" testListId="8c84fa94-04c1-424b-9868-57a2d4851a1d" />
    <TestEntry testId="acf5ebed-5b03-460c-afce-71b606fa9150" executionId="43df3eab-3c3f-42cc-b5bb-d271b01891a1" testListId="8c84fa94-04c1-424b-9868-57a2d4851a1d" />
    <TestEntry testId="1011aebd-8731-43cd-9144-04fa9c879347" executionId="30bca99d-b062-467c-8805-fadef9658a78" testListId="8c84fa94-04c1-424b-9868-57a2d4851a1d" />
    <TestEntry testId="f2e6f531-d34e-412f-b9b2-74ed7af934fc" executionId="62c61a0b-43d6-469b-86d4-e6a589442bf6" testListId="8c84fa94-04c1-424b-9868-57a2d4851a1d" />
    <TestEntry testId="47ed154b-edfe-491d-b621-527cb4c6dd31" executionId="957a3332-f070-4e2f-9790-e7f16cc8e955" testListId="8c84fa94-04c1-424b-9868-57a2d4851a1d" />
    <TestEntry testId="762d1545-9fa6-40d1-8267-214ded09d0cf" executionId="02442a7b-c3a9-46af-bdee-437098465457" testListId="8c84fa94-04c1-424b-9868-57a2d4851a1d" />
    <TestEntry testId="dae9e4d8-e8a0-4709-929a-a0c59c36b870" executionId="b98c44a1-e692-4c43-85ce-9fa043cccadc" testListId="8c84fa94-04c1-424b-9868-57a2d4851a1d" />
    <TestEntry testId="d2e892f5-3834-4f6f-abda-0e0911436f8c" executionId="812e0f0a-3cbd-43d2-888d-e5aecfdf5e85" testListId="8c84fa94-04c1-424b-9868-57a2d4851a1d" />
    <TestEntry testId="0b9df505-32d8-47e5-9f7d-813452798f8d" executionId="8e1faa97-00ee-4703-b35a-670ff37cf2b0" testListId="8c84fa94-04c1-424b-9868-57a2d4851a1d" />
    <TestEntry testId="af67f096-11a3-4b59-b849-7ae2a30b3c7e" executionId="1ee9105a-267b-4f5b-bff3-fb502936d5e9" testListId="8c84fa94-04c1-424b-9868-57a2d4851a1d" />
    <TestEntry testId="c24df02d-00d9-4ffa-b18a-ee9589eb85c7" executionId="f0d469df-e186-4fb7-b73c-1c8c08d2fe19" testListId="8c84fa94-04c1-424b-9868-57a2d4851a1d" />
    <TestEntry testId="891d8c17-e751-4db6-b51d-b4ae9c6f35a4" executionId="a7a43a63-7cd8-4c36-a6a6-1bb145e56bcf" testListId="8c84fa94-04c1-424b-9868-57a2d4851a1d" />
    <TestEntry testId="e96b6ba3-fc4c-4383-bc73-dfb72e7bac7b" executionId="939f74d9-7a6a-46e5-b012-8d959aa1b6d0" testListId="8c84fa94-04c1-424b-9868-57a2d4851a1d" />
    <TestEntry testId="b2c794b7-89a3-42a9-9c4c-3c12eeac1f92" executionId="727b24ec-d5af-4fbf-9a7e-aa1b556d49fd" testListId="8c84fa94-04c1-424b-9868-57a2d4851a1d" />
    <TestEntry testId="ae7cb87e-5019-49e1-83b3-18e7d6e8bf91" executionId="e887d959-8ef6-489d-bba4-94605aa8056d" testListId="8c84fa94-04c1-424b-9868-57a2d4851a1d" />
    <TestEntry testId="730c4b57-cbd8-4faf-913e-4fd697547f44" executionId="b654166f-9b68-48ec-b6ff-68840ed174e9" testListId="8c84fa94-04c1-424b-9868-57a2d4851a1d" />
    <TestEntry testId="c8d3b697-7468-4e22-95c3-601a352aa124" executionId="f2bb5cc3-5dbd-4e73-9d20-24cf5266a69b" testListId="8c84fa94-04c1-424b-9868-57a2d4851a1d" />
    <TestEntry testId="c06e2261-b3b2-4faa-ba6a-a77042d16202" executionId="1c527a64-559a-4e6e-bb84-206b1b14f153" testListId="8c84fa94-04c1-424b-9868-57a2d4851a1d" />
    <TestEntry testId="d19dc55a-bc70-4385-9a69-b2c21dbcbba1" executionId="acfe2fd8-7cdd-4660-8453-813895896a49" testListId="8c84fa94-04c1-424b-9868-57a2d4851a1d" />
    <TestEntry testId="3b5ba983-36d1-4df0-8aba-18e0d0364446" executionId="79fe4ea2-040e-47f9-8dbe-2b532b34b633" testListId="8c84fa94-04c1-424b-9868-57a2d4851a1d" />
    <TestEntry testId="1d2cc8dc-b7cb-47a6-a850-5186e5cbd12b" executionId="5b89ee54-53c9-4ebc-bd5c-54eb1ee2bdf9" testListId="8c84fa94-04c1-424b-9868-57a2d4851a1d" />
    <TestEntry testId="bd72a676-5531-4a3f-9646-70893541fc67" executionId="490633da-3916-4cf5-87b7-f3b325c3bf7e" testListId="8c84fa94-04c1-424b-9868-57a2d4851a1d" />
    <TestEntry testId="b62eaf68-2a24-49ce-aa88-1091f91ef3f1" executionId="0ae58926-28cc-4150-9c6e-8c8d586fc33c" testListId="8c84fa94-04c1-424b-9868-57a2d4851a1d" />
    <TestEntry testId="a5c52567-4991-4935-b701-8f9b88ef2ba9" executionId="a79c21fc-16b5-471b-93e3-535791dafebc" testListId="8c84fa94-04c1-424b-9868-57a2d4851a1d" />
    <TestEntry testId="a030da6e-c0fb-44e7-926f-c0d808775068" executionId="efb12668-3995-4043-8771-c6fd4afe29c3" testListId="8c84fa94-04c1-424b-9868-57a2d4851a1d" />
    <TestEntry testId="7c7a3fc6-855f-42d3-870e-c5a2e95e5b5b" executionId="0fa68a83-6eff-4a2f-96bc-2786d379824c" testListId="8c84fa94-04c1-424b-9868-57a2d4851a1d" />
    <TestEntry testId="384ff18b-bda8-40fe-b418-2d4afd0ef1fc" executionId="f606a56e-d71e-4495-b1a5-0707ae0eda6a" testListId="8c84fa94-04c1-424b-9868-57a2d4851a1d" />
    <TestEntry testId="3dba0731-651b-4ac2-96d8-7b5e20dc1e02" executionId="885047e3-12b7-40a0-86ce-7f91ceea4f48" testListId="8c84fa94-04c1-424b-9868-57a2d4851a1d" />
    <TestEntry testId="d430d581-79d0-4d35-93ae-b07b2513fde1" executionId="9e93c416-4fab-4036-8348-3dbd88c3b517" testListId="8c84fa94-04c1-424b-9868-57a2d4851a1d" />
    <TestEntry testId="39d37d24-8a9a-4c6c-b4de-ddf766115559" executionId="3fd1d389-143c-4c51-b920-a1489936a948" testListId="8c84fa94-04c1-424b-9868-57a2d4851a1d" />
    <TestEntry testId="d5bd6ad4-7c0c-4a6b-aa37-d3608e6d8b77" executionId="b8b6bd5c-5de9-4858-87a4-60df7d042cb4" testListId="8c84fa94-04c1-424b-9868-57a2d4851a1d" />
    <TestEntry testId="fc8cd2a0-2382-446d-977f-c676ab8b705b" executionId="5e48bf4f-6bcd-4975-ae14-a45f462caa7b" testListId="8c84fa94-04c1-424b-9868-57a2d4851a1d" />
    <TestEntry testId="3cddf6d0-b287-468b-96c7-281410349b09" executionId="c139138c-9ec1-4530-abcb-ec6006e131d6" testListId="8c84fa94-04c1-424b-9868-57a2d4851a1d" />
    <TestEntry testId="dadff7c6-a79d-4867-8289-fa5a513068a4" executionId="0e4f9da1-d263-4891-b1b1-692e9fbc0b75" testListId="8c84fa94-04c1-424b-9868-57a2d4851a1d" />
    <TestEntry testId="0a1f568f-aa6c-4411-8eb3-9f17b64f5fba" executionId="3c83d821-1d4e-439c-93ee-232b24444021" testListId="8c84fa94-04c1-424b-9868-57a2d4851a1d" />
    <TestEntry testId="df2d116b-2a21-4d36-807c-18aa95622b0e" executionId="77d777cf-de07-4895-9965-1b84c4bef62b" testListId="8c84fa94-04c1-424b-9868-57a2d4851a1d" />
    <TestEntry testId="5c29040c-fe91-4fa0-b7e3-8f0a1f5a8b69" executionId="6c61fd09-16b7-42e0-b3b2-d593edf15185" testListId="8c84fa94-04c1-424b-9868-57a2d4851a1d" />
    <TestEntry testId="aafe493e-e129-458e-acdb-df40909726e9" executionId="997571ec-901b-4347-852b-cf86b090418c" testListId="8c84fa94-04c1-424b-9868-57a2d4851a1d" />
    <TestEntry testId="eff9837b-9ecb-438b-8224-3f0616ec5b04" executionId="ed45cd9f-3bef-4c24-9223-e798b496510c" testListId="8c84fa94-04c1-424b-9868-57a2d4851a1d" />
    <TestEntry testId="31272813-a2bb-426f-b058-c868b1542f29" executionId="991621c6-7479-4576-899f-28d54bcfb17d" testListId="8c84fa94-04c1-424b-9868-57a2d4851a1d" />
    <TestEntry testId="d2a65299-9076-4d96-961b-baac44308e9d" executionId="ff7b64da-9795-4002-a1c4-73ce182bb3d0" testListId="8c84fa94-04c1-424b-9868-57a2d4851a1d" />
    <TestEntry testId="7f4ece04-0eb3-45a4-9124-4d2ff87b3cd0" executionId="5de21a24-6f3e-49fe-bf1a-f352ea38b90b" testListId="8c84fa94-04c1-424b-9868-57a2d4851a1d" />
    <TestEntry testId="1563c0a6-c853-40a6-9dc9-3213f0872d9f" executionId="3df2eeea-b845-4c37-a4cb-d924e0056d47" testListId="8c84fa94-04c1-424b-9868-57a2d4851a1d" />
    <TestEntry testId="021ef328-3b39-479d-8f32-c6cfb420e3f2" executionId="8473e949-aeb4-48e2-8bf0-961a97bda9ee" testListId="8c84fa94-04c1-424b-9868-57a2d4851a1d" />
    <TestEntry testId="6de80b06-8514-45b6-b73c-73e30d151f42" executionId="6e8676e1-c08f-4ef9-ae71-0475f2775f54" testListId="8c84fa94-04c1-424b-9868-57a2d4851a1d" />
    <TestEntry testId="dda21dda-86c1-4b36-b0e1-39adc981df9f" executionId="d4823c87-776b-4f04-933e-fa3b0e064b3c" testListId="8c84fa94-04c1-424b-9868-57a2d4851a1d" />
    <TestEntry testId="4397379d-ef35-4d18-bbca-fd65281fcaa6" executionId="f1266a0c-1ab8-4386-8e28-dd995c3b228f" testListId="8c84fa94-04c1-424b-9868-57a2d4851a1d" />
    <TestEntry testId="9d297195-5645-4c51-a8ce-10c5affe2851" executionId="a2e3a34b-f8d5-451e-9544-215a9a9aff18" testListId="8c84fa94-04c1-424b-9868-57a2d4851a1d" />
    <TestEntry testId="98764ee0-4b88-4d37-a17e-e874aa46da75" executionId="762ddd58-a8e3-4079-ba1f-979c091b3d28" testListId="8c84fa94-04c1-424b-9868-57a2d4851a1d" />
    <TestEntry testId="7d9c647a-0744-457a-8099-7e5ad6500948" executionId="2193e346-e4c2-40a8-9dbf-0bc819b54b5f" testListId="8c84fa94-04c1-424b-9868-57a2d4851a1d" />
    <TestEntry testId="987f3fbc-d07a-4912-99e8-fa5272cd109c" executionId="fadf273a-c1cd-4ae5-b18f-cbb5ea7c8319" testListId="8c84fa94-04c1-424b-9868-57a2d4851a1d" />
    <TestEntry testId="c3f2c91f-d2ff-43cd-af9f-5532e533aef2" executionId="451e8b3e-b5f1-4097-bd75-007022ec8bb8" testListId="8c84fa94-04c1-424b-9868-57a2d4851a1d" />
    <TestEntry testId="cd41cffa-7450-4103-8af7-2cf85ba2db85" executionId="cdc7bb71-4673-417d-9a0e-3077e7270772" testListId="8c84fa94-04c1-424b-9868-57a2d4851a1d" />
    <TestEntry testId="910569e1-8342-4b75-a024-2ca218c95262" executionId="c971ea08-90ce-4dd4-a443-423c9871230b" testListId="8c84fa94-04c1-424b-9868-57a2d4851a1d" />
    <TestEntry testId="26cfdc08-4be0-458b-a799-d68015a362f9" executionId="ced50d71-7611-4b6e-981b-0cac59fe10b4" testListId="8c84fa94-04c1-424b-9868-57a2d4851a1d" />
    <TestEntry testId="d197a4fb-59f6-4f42-8af3-d89956b17668" executionId="843aeb8c-5fbf-464b-8c64-71feac1b19a1" testListId="8c84fa94-04c1-424b-9868-57a2d4851a1d" />
    <TestEntry testId="133e66e3-8221-46b1-a46f-5acfadd9ee7f" executionId="2377cb2a-c100-4f18-9642-4f68a0b4c356" testListId="8c84fa94-04c1-424b-9868-57a2d4851a1d" />
    <TestEntry testId="62e867a0-2ef9-4e1d-a3d3-cdcb8a5fd454" executionId="a1dd6ffa-2ea5-4260-83fd-833bce3db01e" testListId="8c84fa94-04c1-424b-9868-57a2d4851a1d" />
    <TestEntry testId="10afcefa-1280-4b3d-9b72-ab272290322a" executionId="de4292ef-9e64-4eaa-852a-a654d8d7197f" testListId="8c84fa94-04c1-424b-9868-57a2d4851a1d" />
    <TestEntry testId="83e083e9-2088-40af-af2b-4517d936bfac" executionId="2cecfeb8-7b01-4f31-ad39-ee4cb7a6eb5e" testListId="8c84fa94-04c1-424b-9868-57a2d4851a1d" />
    <TestEntry testId="97667cc2-b22e-4bc9-a767-bd440bec32d6" executionId="9fc3579d-55b9-427f-8589-bb395faf2461" testListId="8c84fa94-04c1-424b-9868-57a2d4851a1d" />
    <TestEntry testId="02f8923f-f10c-494f-bd9b-2f4570e5d604" executionId="95df71b8-0d54-44c8-81f2-ae27c3289f4c" testListId="8c84fa94-04c1-424b-9868-57a2d4851a1d" />
    <TestEntry testId="6e0a23ad-b233-4014-8468-d23633dd83eb" executionId="cf877837-cfaf-4f73-9b6c-140597e8aabd" testListId="8c84fa94-04c1-424b-9868-57a2d4851a1d" />
    <TestEntry testId="5eb59e5d-a5ce-4ab5-811c-cb90481d6712" executionId="a1191937-8b18-44fd-a3f9-51dfceb0c107" testListId="8c84fa94-04c1-424b-9868-57a2d4851a1d" />
    <TestEntry testId="99840758-cb19-4718-b128-fdf27d6125d6" executionId="be0817d8-13dd-4ecc-bfad-59d3040d97ce" testListId="8c84fa94-04c1-424b-9868-57a2d4851a1d" />
    <TestEntry testId="58d99ca1-0770-4ffa-99d9-81b8cae0cf19" executionId="ef2f5cc5-a8b1-4492-a265-7928eb523899" testListId="8c84fa94-04c1-424b-9868-57a2d4851a1d" />
    <TestEntry testId="ed4e5d7c-6029-4d48-9d86-be91dd24cad1" executionId="f1e746ac-cec6-4441-b96c-5f508e372a58" testListId="8c84fa94-04c1-424b-9868-57a2d4851a1d" />
    <TestEntry testId="b2e210d5-d34a-4ece-b688-191985e08086" executionId="bf8b33b5-380a-4ccc-9edc-489cf57074b3" testListId="8c84fa94-04c1-424b-9868-57a2d4851a1d" />
    <TestEntry testId="393adf1e-a1c8-4872-89be-376e0a9e48c7" executionId="400b2a6a-8ad7-47b7-b3e3-f7d4c5aa91d6" testListId="8c84fa94-04c1-424b-9868-57a2d4851a1d" />
    <TestEntry testId="747b8c2c-256c-40ac-a20f-2d15eef91d83" executionId="815666b9-b970-47fd-9beb-5e4e64f1b9f1" testListId="8c84fa94-04c1-424b-9868-57a2d4851a1d" />
    <TestEntry testId="29aeb6a8-4a01-4b08-8b03-0d451057a991" executionId="62fe47b8-1075-472b-8639-05725a82d7a0" testListId="8c84fa94-04c1-424b-9868-57a2d4851a1d" />
    <TestEntry testId="3daaaae7-3da8-4769-949a-4fe4ac185109" executionId="76b01f73-22bf-4b55-8355-f3a63ee28039" testListId="8c84fa94-04c1-424b-9868-57a2d4851a1d" />
    <TestEntry testId="491429d5-0f0f-48f7-974f-8e2521c0773e" executionId="e9f78ee3-af5c-4915-b063-2b6ce3990c68" testListId="8c84fa94-04c1-424b-9868-57a2d4851a1d" />
    <TestEntry testId="bdcdd74c-289b-4388-821f-0e2879a6dfa0" executionId="5575b5c5-b64c-49c5-a0ec-d984465fa9e1" testListId="8c84fa94-04c1-424b-9868-57a2d4851a1d" />
    <TestEntry testId="62ae8f7e-0353-4015-ab8a-fea7cf202d01" executionId="16863672-91fe-4ca1-a07c-9e74fb020b48" testListId="8c84fa94-04c1-424b-9868-57a2d4851a1d" />
    <TestEntry testId="c44cefa7-3ee6-421f-978e-9d76ee8b2e67" executionId="b5dda68e-5bdc-44c4-8a1a-534028d8f590" testListId="8c84fa94-04c1-424b-9868-57a2d4851a1d" />
    <TestEntry testId="02530440-35f8-413b-9f9f-78ff50587240" executionId="b277f025-66d3-4a8a-9ffe-cb6bff942411" testListId="8c84fa94-04c1-424b-9868-57a2d4851a1d" />
    <TestEntry testId="b050618d-960f-4b15-8da8-8d0a541d1967" executionId="ceb36b58-10fb-4d6b-a5b1-61141507b68e" testListId="8c84fa94-04c1-424b-9868-57a2d4851a1d" />
    <TestEntry testId="04cd19c0-2796-40b0-a6b9-66959ed12369" executionId="3f31323b-4dee-456c-a10c-c90256db455b" testListId="8c84fa94-04c1-424b-9868-57a2d4851a1d" />
    <TestEntry testId="87f75ea4-917d-4370-ab3a-537d99b6b1cb" executionId="fccd1a7e-30f1-4b7a-84db-ae7b7ab3fa4b" testListId="8c84fa94-04c1-424b-9868-57a2d4851a1d" />
    <TestEntry testId="4e30bbe7-d3db-4336-804e-4470c5040485" executionId="44e2dc85-c067-4caf-a99e-b2f62955978a" testListId="8c84fa94-04c1-424b-9868-57a2d4851a1d" />
    <TestEntry testId="fc69a999-c23a-4a57-8fd4-727a008f5208" executionId="2b6c10f0-bfd4-4756-b27e-566f752cf894" testListId="8c84fa94-04c1-424b-9868-57a2d4851a1d" />
    <TestEntry testId="f11b95a0-c53f-4ba1-9e60-a9356085061c" executionId="680ae8db-5055-442f-9622-19b4d587f0e7" testListId="8c84fa94-04c1-424b-9868-57a2d4851a1d" />
    <TestEntry testId="0246a36a-934c-46ed-9cd9-dfc146418602" executionId="cd727b1e-90a3-4fb6-ad6e-bcbec8f679a0" testListId="8c84fa94-04c1-424b-9868-57a2d4851a1d" />
    <TestEntry testId="b376fd9b-52de-4be6-92fa-151ef396fa59" executionId="5c6747c3-8f48-4a71-8ab3-3682f898fdba" testListId="8c84fa94-04c1-424b-9868-57a2d4851a1d" />
    <TestEntry testId="0097579f-f371-4757-a37c-021e91962098" executionId="f40d6612-3a6c-401e-8b99-c6bf7bf81cb7" testListId="8c84fa94-04c1-424b-9868-57a2d4851a1d" />
    <TestEntry testId="e5764de9-0f36-4052-a2f8-3af5b5d091d6" executionId="a05b4377-f23f-4dd3-9939-5f6f8e56b5fe" testListId="8c84fa94-04c1-424b-9868-57a2d4851a1d" />
    <TestEntry testId="273cca32-5e8b-4475-89f6-1e6f944453e8" executionId="978d1d50-5165-4e4d-a484-249d16f70f92" testListId="8c84fa94-04c1-424b-9868-57a2d4851a1d" />
    <TestEntry testId="ea7ff5cc-1ba7-4b6f-80b5-58e7fe3dca9b" executionId="7f6370c3-de52-4b08-97ca-039e6eee8c39" testListId="8c84fa94-04c1-424b-9868-57a2d4851a1d" />
    <TestEntry testId="221f3f71-cabd-4595-83fc-8b338aa9f428" executionId="4b7722bc-39b9-403b-8b16-4defd484f914" testListId="8c84fa94-04c1-424b-9868-57a2d4851a1d" />
    <TestEntry testId="5007808d-4082-478c-985c-d9257f9cf0ca" executionId="dcadea15-898e-4410-ac5b-123d24e74d21" testListId="8c84fa94-04c1-424b-9868-57a2d4851a1d" />
    <TestEntry testId="a6a5359f-7a5d-4b0c-bc4d-735968d6c577" executionId="0f8f3a50-f283-4987-ac56-0ba3546109f6" testListId="8c84fa94-04c1-424b-9868-57a2d4851a1d" />
    <TestEntry testId="a4131660-40fc-4ce5-8b58-bfb742e66357" executionId="e82d8e0a-84ae-4fce-a877-99abb23d7490" testListId="8c84fa94-04c1-424b-9868-57a2d4851a1d" />
    <TestEntry testId="25a8d425-fe5f-4752-83c5-0ffe0a34be02" executionId="3598d39b-4327-4071-9ed4-ac9a2b263bf1" testListId="8c84fa94-04c1-424b-9868-57a2d4851a1d" />
    <TestEntry testId="d4422657-088b-4947-8654-7ead5d6774a5" executionId="9cf1e24f-07cd-4414-aebe-8afb4d096dab" testListId="8c84fa94-04c1-424b-9868-57a2d4851a1d" />
    <TestEntry testId="469452be-7c03-4cad-9379-51de19bb0c73" executionId="d8f8c1ac-0290-4501-b5dc-21d9f5aba874" testListId="8c84fa94-04c1-424b-9868-57a2d4851a1d" />
    <TestEntry testId="a20413c7-332b-46e2-992e-42ed472caaef" executionId="4f5d3be2-2441-4218-9c0e-caa714e124f8" testListId="8c84fa94-04c1-424b-9868-57a2d4851a1d" />
    <TestEntry testId="051d3410-9222-4ed7-92ff-386b01a7acfa" executionId="0f190f5f-ef11-4269-89e1-7390cf166add" testListId="8c84fa94-04c1-424b-9868-57a2d4851a1d" />
    <TestEntry testId="a10b1a9b-dc20-4e4e-9e74-6a3cc6a2ab82" executionId="f804fdec-3923-4874-868c-236353b8b5d4" testListId="8c84fa94-04c1-424b-9868-57a2d4851a1d" />
    <TestEntry testId="6cb93502-8bd3-4f75-a797-5fb37bc5a0a9" executionId="8f8024c8-599e-4e86-bd97-10d614cb475f" testListId="8c84fa94-04c1-424b-9868-57a2d4851a1d" />
    <TestEntry testId="5f4d3c3e-d228-46f8-922a-2f5b05390f12" executionId="ecc9c0ae-6fe5-4c4f-a88e-bdf9b5ea73ed" testListId="8c84fa94-04c1-424b-9868-57a2d4851a1d" />
    <TestEntry testId="c26ac835-18ee-4126-9562-921884edcf25" executionId="200ea594-09a8-4da9-882f-c47a27bff06b" testListId="8c84fa94-04c1-424b-9868-57a2d4851a1d" />
    <TestEntry testId="3735352d-a41f-4c43-8445-62249067f3f7" executionId="23f27eb5-4818-4128-be19-251085adbffd" testListId="8c84fa94-04c1-424b-9868-57a2d4851a1d" />
    <TestEntry testId="a205d50e-a3cf-431b-bf66-879a835e7b28" executionId="2ed804b0-caca-4853-8855-6729e7313166" testListId="8c84fa94-04c1-424b-9868-57a2d4851a1d" />
    <TestEntry testId="59cbe4ba-28fa-4cec-9d97-c501c7808580" executionId="b15e3473-5128-4094-a76d-aa5154551f51" testListId="8c84fa94-04c1-424b-9868-57a2d4851a1d" />
    <TestEntry testId="1f1305f1-0055-49a7-94fc-31ff08ae75a1" executionId="c8c6a2a3-8bce-42fe-b512-ff4d217c0785" testListId="8c84fa94-04c1-424b-9868-57a2d4851a1d" />
    <TestEntry testId="6e38bd80-0c07-4713-9c61-b63828d666a5" executionId="2e115d6e-08ac-4c46-81d8-89d72d1ab38b" testListId="8c84fa94-04c1-424b-9868-57a2d4851a1d" />
    <TestEntry testId="eb2bdef6-d1a6-488e-973c-ef8e8f437d05" executionId="f6335b85-b204-45a1-8831-9bf9b974f94b" testListId="8c84fa94-04c1-424b-9868-57a2d4851a1d" />
    <TestEntry testId="4d46e07a-d402-4f31-9002-d81024c3f5af" executionId="1135985c-b190-4c6c-b5d7-2709a3bec07b" testListId="8c84fa94-04c1-424b-9868-57a2d4851a1d" />
    <TestEntry testId="345ffdbb-0b64-4bbb-a0af-73036ec0d06e" executionId="3a090ad2-b449-4299-9233-31cb4e02e101" testListId="8c84fa94-04c1-424b-9868-57a2d4851a1d" />
    <TestEntry testId="e77b905d-5913-48e7-8c5b-41ff4ee8d229" executionId="943aae64-784a-4744-9f09-c6a11d1b707a" testListId="8c84fa94-04c1-424b-9868-57a2d4851a1d" />
    <TestEntry testId="9c3ae944-5e62-44a4-a5bd-627c5f66c1eb" executionId="646ea560-6291-4c2b-a007-7083a83c28a5" testListId="8c84fa94-04c1-424b-9868-57a2d4851a1d" />
    <TestEntry testId="ac7fa1cc-0ba3-4838-8f52-b7873cd5e952" executionId="1d22f286-8799-4ef6-a23d-6bddf1c37082" testListId="8c84fa94-04c1-424b-9868-57a2d4851a1d" />
    <TestEntry testId="884f3ded-f771-4e24-a507-69d322330f1a" executionId="07d22fdf-088b-4dd0-9206-f01ec3a8a0ba" testListId="8c84fa94-04c1-424b-9868-57a2d4851a1d" />
    <TestEntry testId="ecf395fe-cde6-4320-9a5f-6a83f1925673" executionId="51f42fdd-3016-4b2f-81ed-ec28354508bf" testListId="8c84fa94-04c1-424b-9868-57a2d4851a1d" />
    <TestEntry testId="afd2c673-f69e-493e-96c7-41ea101101ec" executionId="53f1cf14-8716-4f16-82ba-3b3901fa5ca2" testListId="8c84fa94-04c1-424b-9868-57a2d4851a1d" />
    <TestEntry testId="1d79c6bc-98f6-4afd-a1ba-c4e5905aeadf" executionId="17968e7a-590f-4442-8ec0-ee39aabfa3c6" testListId="8c84fa94-04c1-424b-9868-57a2d4851a1d" />
    <TestEntry testId="63fac43e-5c46-4924-89a7-fe2ba41e2d37" executionId="4db64b59-a6be-4b69-874f-3e6a41fecc1b" testListId="8c84fa94-04c1-424b-9868-57a2d4851a1d" />
    <TestEntry testId="38d41e1a-0bea-46f9-a618-985c2118eed5" executionId="d989b6af-4e1d-4ced-a0f7-ed1ac83e342a" testListId="8c84fa94-04c1-424b-9868-57a2d4851a1d" />
    <TestEntry testId="00690053-b6d4-49fa-8bd1-1059f4ca4e0a" executionId="f7526d01-21a3-4189-89bb-91053dc06af4" testListId="8c84fa94-04c1-424b-9868-57a2d4851a1d" />
    <TestEntry testId="fc54b841-060e-4df6-be8b-c5c361f537c8" executionId="7c84605b-15ae-44b2-9c91-d74b915922b0" testListId="8c84fa94-04c1-424b-9868-57a2d4851a1d" />
    <TestEntry testId="3df73c61-1205-4934-a6b9-1d378bcfcae5" executionId="92580c6a-e6d5-4ae0-8a80-89a6e1627dbd" testListId="8c84fa94-04c1-424b-9868-57a2d4851a1d" />
    <TestEntry testId="a664aa9d-4be1-4d85-aec1-98cd817ac8be" executionId="72bb92a1-8f89-4ade-81aa-569539cb2a28" testListId="8c84fa94-04c1-424b-9868-57a2d4851a1d" />
    <TestEntry testId="813f42f1-86a8-4cc2-b788-873c58a4a6b0" executionId="217e22a6-8c27-4e6c-8562-1a630acc022d" testListId="8c84fa94-04c1-424b-9868-57a2d4851a1d" />
    <TestEntry testId="fcd7eea1-7ebb-4e42-8765-28b7665fc17f" executionId="812326c3-d677-4fce-a4ec-935dba4b2751" testListId="8c84fa94-04c1-424b-9868-57a2d4851a1d" />
    <TestEntry testId="fbbbe5d7-7f94-48ca-9ea2-d926279774c6" executionId="7dc85f07-1095-456c-90bf-ddf6338af6a5" testListId="8c84fa94-04c1-424b-9868-57a2d4851a1d" />
    <TestEntry testId="1a0a435e-e007-46b2-a7eb-54cbf0817975" executionId="973d337c-1ae4-4bb2-813b-01a4d3d671d8" testListId="8c84fa94-04c1-424b-9868-57a2d4851a1d" />
    <TestEntry testId="22d31eca-30c2-43ce-bb8f-b300e146884c" executionId="29377307-de07-4dfd-a7c6-e4c0db14c54c" testListId="8c84fa94-04c1-424b-9868-57a2d4851a1d" />
    <TestEntry testId="f605254a-bbbb-425c-b4c6-6b6ea32b9c31" executionId="aab8dae1-7f51-4322-a870-25e78b04d706" testListId="8c84fa94-04c1-424b-9868-57a2d4851a1d" />
    <TestEntry testId="c9dda90f-a92c-47ab-9a63-c2b19a475335" executionId="c4126666-7149-4ade-9789-13ad1874bdd6" testListId="8c84fa94-04c1-424b-9868-57a2d4851a1d" />
    <TestEntry testId="a73a8f4d-74c4-481f-9965-7061bdb1f186" executionId="4b41ab79-7da0-4c5b-9813-8ae488fa9401" testListId="8c84fa94-04c1-424b-9868-57a2d4851a1d" />
    <TestEntry testId="fba5ad13-e766-4313-b988-3616ff4dd083" executionId="f84e5923-2a00-4076-ab25-4702964e11d9" testListId="8c84fa94-04c1-424b-9868-57a2d4851a1d" />
    <TestEntry testId="110ee70b-a893-4c74-990a-3a8cc1f504e6" executionId="3efc4268-5ee7-48af-9372-3453d185902e" testListId="8c84fa94-04c1-424b-9868-57a2d4851a1d" />
    <TestEntry testId="7148b3dd-8118-4eea-bb43-4741fcd6007b" executionId="e546c19f-8c91-4ace-bcf8-4f26cdb6dece" testListId="8c84fa94-04c1-424b-9868-57a2d4851a1d" />
    <TestEntry testId="6705ce1d-2c6d-4595-a703-79c9deb6aec8" executionId="bf987ec9-b94a-4459-b07c-01f71f307289" testListId="8c84fa94-04c1-424b-9868-57a2d4851a1d" />
    <TestEntry testId="bd88f93c-76f4-4cd7-86ab-331cd315540c" executionId="d0f3893a-86c1-4eaf-92b4-2006a6e1ae73" testListId="8c84fa94-04c1-424b-9868-57a2d4851a1d" />
    <TestEntry testId="fc6f95e5-5efb-4058-8552-6bce126a6f72" executionId="834fc015-775d-4aca-807a-9cf4e2b0c4f0" testListId="8c84fa94-04c1-424b-9868-57a2d4851a1d" />
    <TestEntry testId="d493a8ec-6575-4f80-82e3-db00efe2769e" executionId="4d28b4ef-adee-4b44-97c0-cf549838d16f" testListId="8c84fa94-04c1-424b-9868-57a2d4851a1d" />
    <TestEntry testId="f85152e5-a4f0-42fb-870a-7bb9144b46ba" executionId="7e7fd403-b8e8-4f0d-bc3a-b03203964aca" testListId="8c84fa94-04c1-424b-9868-57a2d4851a1d" />
    <TestEntry testId="16e951f1-103f-4a3c-8fb2-2852cdfb4b06" executionId="d1233ac8-7738-4614-8459-b76e227071c1" testListId="8c84fa94-04c1-424b-9868-57a2d4851a1d" />
    <TestEntry testId="ec163e25-6de7-49bd-99ec-36612e1ca58d" executionId="ae17953e-88d8-48e7-9dc8-d43f8407d343" testListId="8c84fa94-04c1-424b-9868-57a2d4851a1d" />
    <TestEntry testId="8f466014-fa2d-4e59-ad00-8dae9a6071bd" executionId="f9ef72c2-f72d-4c0d-9f3e-a56ce8ec2590" testListId="8c84fa94-04c1-424b-9868-57a2d4851a1d" />
    <TestEntry testId="6a3a95b1-da83-49ff-9b72-e2651907191a" executionId="6784a51f-9982-4348-afa2-80d167c2f795" testListId="8c84fa94-04c1-424b-9868-57a2d4851a1d" />
    <TestEntry testId="7d4d9f8e-edd4-4c18-a233-e88592ffdd4b" executionId="2d4fdb3d-362d-42cc-8dfa-b7ce4b83e5b8" testListId="8c84fa94-04c1-424b-9868-57a2d4851a1d" />
    <TestEntry testId="eb665616-8d89-4abe-ba94-63b0cf4eaba7" executionId="3f8c1525-c214-40f1-9816-3ddfd46be3a8" testListId="8c84fa94-04c1-424b-9868-57a2d4851a1d" />
    <TestEntry testId="2e5823aa-930b-493e-8378-d7516b4699b9" executionId="3bea5e6a-4c6f-4f50-b040-f6a584e734ab" testListId="8c84fa94-04c1-424b-9868-57a2d4851a1d" />
    <TestEntry testId="5bb074f4-6ac6-4311-ab51-865bc7728dfc" executionId="99617bb7-ab0a-4dc0-8ade-29a27c62acf6" testListId="8c84fa94-04c1-424b-9868-57a2d4851a1d" />
    <TestEntry testId="e67f3c62-34d7-4833-9ee1-bc195dd87921" executionId="27358856-da67-490e-bfa1-f8717ad4e89d" testListId="8c84fa94-04c1-424b-9868-57a2d4851a1d" />
    <TestEntry testId="a51912a6-9ad9-4011-96c8-0c0cb33b2794" executionId="7ebfb0fe-615b-4730-9cb1-41ee6240b567" testListId="8c84fa94-04c1-424b-9868-57a2d4851a1d" />
    <TestEntry testId="f8fc3b68-a19e-4c39-bfe5-2846206836a4" executionId="1ebfe3fa-5c2b-4702-b5d8-4281ab0a72cc" testListId="8c84fa94-04c1-424b-9868-57a2d4851a1d" />
    <TestEntry testId="3b6801e8-6947-48e8-a9da-5958e3b5dd01" executionId="b33bce78-8a12-4344-aed2-32fd9e1f68b1" testListId="8c84fa94-04c1-424b-9868-57a2d4851a1d" />
    <TestEntry testId="545f2e53-4ab8-4473-a9f5-ef31c6d308e1" executionId="d3aa001e-1a5a-488c-9938-33ad7cad9fbc" testListId="8c84fa94-04c1-424b-9868-57a2d4851a1d" />
    <TestEntry testId="7316d7b8-aeae-471a-9a92-16adb1690b1a" executionId="e7fcd5c6-9261-403a-bda8-eee51833a319" testListId="8c84fa94-04c1-424b-9868-57a2d4851a1d" />
    <TestEntry testId="483b5d2b-a616-4d28-80f3-4ecdb9a00ef3" executionId="eac85a04-baaa-40aa-af07-74eff1adcd97" testListId="8c84fa94-04c1-424b-9868-57a2d4851a1d" />
    <TestEntry testId="4344e7f6-22f9-415a-a797-3cf45e980662" executionId="02fc7502-ab54-4639-9d0e-25ee586c352f" testListId="8c84fa94-04c1-424b-9868-57a2d4851a1d" />
    <TestEntry testId="8f3750c4-a0e4-4400-8f69-36a7ede2bc9f" executionId="daed5c82-d6be-40d3-9b27-82dd7acb8f67" testListId="8c84fa94-04c1-424b-9868-57a2d4851a1d" />
    <TestEntry testId="1343870b-e88a-4d1d-a5d3-c4cde03e0ced" executionId="5b706c79-d48a-4719-a0c3-c60618aed639" testListId="8c84fa94-04c1-424b-9868-57a2d4851a1d" />
    <TestEntry testId="a1415853-ebcf-49bc-ae59-4a79c66e87c0" executionId="7822f8fe-5a1f-4443-b919-169fae647c83" testListId="8c84fa94-04c1-424b-9868-57a2d4851a1d" />
    <TestEntry testId="b1b1baf3-eafb-4ef0-9784-a9476f2c4c85" executionId="7c84948b-36b9-4673-b939-9aadf35dc086" testListId="8c84fa94-04c1-424b-9868-57a2d4851a1d" />
    <TestEntry testId="a6ff44e5-b9e0-4913-b943-6380c790359a" executionId="4c55be96-38a9-45b0-9663-9d565d5a16e4" testListId="8c84fa94-04c1-424b-9868-57a2d4851a1d" />
    <TestEntry testId="e0cd62bb-0386-4afc-91d3-469732f8f931" executionId="befa7ce8-e48a-483f-8d76-313d499ecf12" testListId="8c84fa94-04c1-424b-9868-57a2d4851a1d" />
    <TestEntry testId="433bb9d1-11b1-4f0f-81b6-58233835872d" executionId="4cd11a4f-25ae-46a8-a07f-902b2cd42a06" testListId="8c84fa94-04c1-424b-9868-57a2d4851a1d" />
    <TestEntry testId="79d539ba-7e74-47d6-9f60-514fcf68492a" executionId="eae9b69e-adfd-4f81-81c5-e913829b7f7e" testListId="8c84fa94-04c1-424b-9868-57a2d4851a1d" />
    <TestEntry testId="870df227-16e3-43a3-8712-1aa85a126cc6" executionId="b6545958-b700-428b-92f9-88d174f511de" testListId="8c84fa94-04c1-424b-9868-57a2d4851a1d" />
    <TestEntry testId="03346b87-6496-487e-b6a8-d2e49115c7d7" executionId="51800bd7-72cd-4cb4-ba71-7131688e4d42" testListId="8c84fa94-04c1-424b-9868-57a2d4851a1d" />
    <TestEntry testId="dd1334b5-a057-4b0f-b2e1-b8b9c20e3612" executionId="143549f2-85c9-4f93-b0c5-fc3be002e896" testListId="8c84fa94-04c1-424b-9868-57a2d4851a1d" />
    <TestEntry testId="6622982a-da0d-4d6b-a194-3fb843badcaf" executionId="4b823397-99a2-487d-8fcb-73443e9d7ed3" testListId="8c84fa94-04c1-424b-9868-57a2d4851a1d" />
    <TestEntry testId="9a5bd90d-e7d8-4003-855d-67e1e7f6a040" executionId="0d42c194-34eb-4bc8-9031-1b277739662b" testListId="8c84fa94-04c1-424b-9868-57a2d4851a1d" />
    <TestEntry testId="d99d4de9-f8d0-4618-bd73-e12739c2353c" executionId="65da6853-ff9c-49f3-ad8c-70919a8612cf" testListId="8c84fa94-04c1-424b-9868-57a2d4851a1d" />
    <TestEntry testId="a09fdcd3-bed1-4b3e-950e-855266b607c0" executionId="2cb142f6-e04e-4705-b471-156dbe41df9e" testListId="8c84fa94-04c1-424b-9868-57a2d4851a1d" />
    <TestEntry testId="85c2a1f9-7720-4f67-a3dc-ce4c247d4136" executionId="9b76fa0a-6b26-4225-9354-b08bfba91e46" testListId="8c84fa94-04c1-424b-9868-57a2d4851a1d" />
    <TestEntry testId="928dbdd5-ec41-46e2-81f4-340bc73ced93" executionId="ccbedaa3-0058-459a-a0e9-899826eb39ca" testListId="8c84fa94-04c1-424b-9868-57a2d4851a1d" />
    <TestEntry testId="8c6cdb87-4ebb-4cac-a56a-162570ddba38" executionId="f185c9c5-878e-43fd-9959-fac4d0a5f6a2" testListId="8c84fa94-04c1-424b-9868-57a2d4851a1d" />
    <TestEntry testId="2ac8ee0c-31b5-42dc-89ae-b78460f98cfc" executionId="d2b8917d-7364-4b52-9a8b-7ff3f42c7e6c" testListId="8c84fa94-04c1-424b-9868-57a2d4851a1d" />
    <TestEntry testId="ccc6a53e-eeaa-41ba-97aa-ea6735682763" executionId="0ac9de76-7e72-4e7b-8772-7c9118711b53" testListId="8c84fa94-04c1-424b-9868-57a2d4851a1d" />
    <TestEntry testId="a2cc6bf9-d6c5-43cd-a696-77d8c910b7d8" executionId="2f5d8541-42e0-4aed-a407-2cded4050828" testListId="8c84fa94-04c1-424b-9868-57a2d4851a1d" />
    <TestEntry testId="903da1a4-c9aa-4c5f-8b18-cce5ccc999fa" executionId="d05d4eda-86fd-44e6-b6a4-8a971db44eea" testListId="8c84fa94-04c1-424b-9868-57a2d4851a1d" />
    <TestEntry testId="aded08a4-8364-47c9-a9a7-813d9d2a72df" executionId="87b35d3b-694f-4dbb-b2c2-560655028f62" testListId="8c84fa94-04c1-424b-9868-57a2d4851a1d" />
    <TestEntry testId="3ff3a0d7-6831-4a8b-b40f-90cda9153725" executionId="ebb27861-69ee-4079-aa2a-edb69cf3b076" testListId="8c84fa94-04c1-424b-9868-57a2d4851a1d" />
    <TestEntry testId="d78a45ff-8863-4564-b27a-50aef8cb3be7" executionId="f608202a-351d-4255-97b2-622b8ffe79a7" testListId="8c84fa94-04c1-424b-9868-57a2d4851a1d" />
    <TestEntry testId="409a7461-8eac-4e3e-9020-6a5d77b06067" executionId="13a69db6-9272-4d82-a6b3-729041d7e53e" testListId="8c84fa94-04c1-424b-9868-57a2d4851a1d" />
    <TestEntry testId="77c3dd7c-76c8-44d3-996a-e2fd3fa3f39c" executionId="1386efb9-2806-4267-a3e4-7192c8377f3c" testListId="8c84fa94-04c1-424b-9868-57a2d4851a1d" />
    <TestEntry testId="43e65a05-c89b-4082-a298-cd341548f38d" executionId="bc7ada7c-4434-487d-81d3-2d056c2a124b" testListId="8c84fa94-04c1-424b-9868-57a2d4851a1d" />
    <TestEntry testId="83e1ef8e-5620-459d-ab89-772d8ee738e8" executionId="af17e249-8494-42e6-96a6-795ff744ad6d" testListId="8c84fa94-04c1-424b-9868-57a2d4851a1d" />
    <TestEntry testId="68aa8b90-d394-4819-8b07-0b3eac87be75" executionId="f08f8f5e-1aa0-4975-b0ad-5df68e5b6b5f" testListId="8c84fa94-04c1-424b-9868-57a2d4851a1d" />
    <TestEntry testId="e6773cb1-c592-4d61-997f-f7f34f621566" executionId="5acd3e81-f809-4801-bf4f-b9ccce027ae2" testListId="8c84fa94-04c1-424b-9868-57a2d4851a1d" />
    <TestEntry testId="a891784c-e778-4a36-939b-da2453fd4898" executionId="67a76b60-7c52-4cbd-814d-022717629595" testListId="8c84fa94-04c1-424b-9868-57a2d4851a1d" />
    <TestEntry testId="88142cc2-a4a8-468a-9f82-b45dca749c6e" executionId="d0f49cb1-a94d-4499-b8d9-36f6f0132314" testListId="8c84fa94-04c1-424b-9868-57a2d4851a1d" />
    <TestEntry testId="5eba3820-575b-46a4-a7d3-cfdd662372c0" executionId="48ef0863-8bc4-4bbb-9b00-5382445e8085" testListId="8c84fa94-04c1-424b-9868-57a2d4851a1d" />
    <TestEntry testId="d00dbe14-9f3b-4fa4-b140-70929d5a237d" executionId="b7b59b47-83af-434b-810d-a6f86af1137e" testListId="8c84fa94-04c1-424b-9868-57a2d4851a1d" />
    <TestEntry testId="ac5e6599-7138-455b-a0d1-b1331e60f032" executionId="52e9e857-85f2-4def-9d9d-adb9d3efe9df" testListId="8c84fa94-04c1-424b-9868-57a2d4851a1d" />
    <TestEntry testId="e2e41e21-8916-48d9-8e46-b0230251e61f" executionId="2fb0bacb-c8d6-4dd1-ba6b-2d4822f103bd" testListId="8c84fa94-04c1-424b-9868-57a2d4851a1d" />
    <TestEntry testId="d21b9251-f664-4c92-ac1d-9729c887a911" executionId="6b71a527-fa37-40de-9bf1-28bb00f40d01" testListId="8c84fa94-04c1-424b-9868-57a2d4851a1d" />
    <TestEntry testId="98cf1ec3-4d6c-4bec-b28b-620cf3e03aab" executionId="44e50edd-e6fe-47b8-b935-1984f4fb62da" testListId="8c84fa94-04c1-424b-9868-57a2d4851a1d" />
    <TestEntry testId="2e9776f5-c39d-4837-ac8e-3b7485667400" executionId="6ddffbaf-b571-4616-a41a-d0c8980e7834" testListId="8c84fa94-04c1-424b-9868-57a2d4851a1d" />
    <TestEntry testId="dd7f4aab-9fcd-47fe-954e-e7f99cd26d6f" executionId="bdc9f422-04b1-4d32-944d-c3468cc69d68" testListId="8c84fa94-04c1-424b-9868-57a2d4851a1d" />
    <TestEntry testId="3aaf2f77-0630-4850-85ed-8c357d1576bc" executionId="65e47073-890c-4285-b90b-7759b4dfdaa5" testListId="8c84fa94-04c1-424b-9868-57a2d4851a1d" />
    <TestEntry testId="b898a82c-6611-45e0-b3ce-559e0e092bd3" executionId="73c7a95c-515f-4138-9fba-8d634e0cdddf" testListId="8c84fa94-04c1-424b-9868-57a2d4851a1d" />
    <TestEntry testId="2760b1f9-87c9-4a90-a1ec-8dd17d3aa418" executionId="da044eab-d2be-4525-89ac-b685d5e16abc" testListId="8c84fa94-04c1-424b-9868-57a2d4851a1d" />
    <TestEntry testId="fab9e98e-dac7-47b1-b15e-4aed47765ea6" executionId="9130bb11-26c7-431d-a665-55def16cceaa" testListId="8c84fa94-04c1-424b-9868-57a2d4851a1d" />
    <TestEntry testId="a6e817ad-7b8b-4f28-a515-d6941490627a" executionId="e91eec3b-417f-447d-8355-53b55e7b729c" testListId="8c84fa94-04c1-424b-9868-57a2d4851a1d" />
    <TestEntry testId="39ed3a9c-27e5-44b2-abe8-baa19131468d" executionId="4d57e644-8cf6-46ea-8085-7fd1a15bcd24" testListId="8c84fa94-04c1-424b-9868-57a2d4851a1d" />
    <TestEntry testId="dc808844-2ecd-4ff3-bbaf-dce54428d291" executionId="a2ef53fd-87e4-44b8-84dc-52b07d43f322" testListId="8c84fa94-04c1-424b-9868-57a2d4851a1d" />
    <TestEntry testId="4be0f76a-bdd8-455f-aed9-43ff7822d16f" executionId="8717b4d7-3fe0-43ea-aae0-d205d75a9e37" testListId="8c84fa94-04c1-424b-9868-57a2d4851a1d" />
    <TestEntry testId="b1709fa7-1de2-410c-8ba8-b32e1158ed50" executionId="a2149edb-f9c8-4734-858a-decd888cde1d" testListId="8c84fa94-04c1-424b-9868-57a2d4851a1d" />
    <TestEntry testId="2e0dbc74-f913-4112-9280-e34687491abe" executionId="fafd5030-ffd8-4ed3-8791-c0e0956f66b7" testListId="8c84fa94-04c1-424b-9868-57a2d4851a1d" />
    <TestEntry testId="3779a9d6-5631-44b7-8524-9020e0e11821" executionId="b56b56a8-ef6d-4712-9aff-8b6cf86c7e5f" testListId="8c84fa94-04c1-424b-9868-57a2d4851a1d" />
    <TestEntry testId="0483e560-1840-4b10-8260-36cccceb773a" executionId="cf1a7f72-6e48-409c-affd-1da425a2bb17" testListId="8c84fa94-04c1-424b-9868-57a2d4851a1d" />
    <TestEntry testId="74e9a9eb-0652-486b-80dd-a56ada8636e4" executionId="945555c7-5210-43c0-8c50-d77b129fb90d" testListId="8c84fa94-04c1-424b-9868-57a2d4851a1d" />
    <TestEntry testId="4e2d8806-9cdc-4d93-be06-1e189e6c27cf" executionId="a7ba9c1e-9f30-4b02-b63f-a518e97727d3" testListId="8c84fa94-04c1-424b-9868-57a2d4851a1d" />
    <TestEntry testId="d2e12d41-813a-45c8-8b0e-f5f262e6c7a0" executionId="ad88b666-fd79-4ec4-851a-3cc958ccd4f9" testListId="8c84fa94-04c1-424b-9868-57a2d4851a1d" />
    <TestEntry testId="55816820-521d-4499-888c-ed60e44986f3" executionId="0d763b70-2305-410b-8c2a-46491d9ac207" testListId="8c84fa94-04c1-424b-9868-57a2d4851a1d" />
    <TestEntry testId="06d3923b-530d-42c3-84a8-9c6f9b2cc685" executionId="dba58efb-b195-4010-ad67-8e139ef546cf" testListId="8c84fa94-04c1-424b-9868-57a2d4851a1d" />
    <TestEntry testId="fc856a33-2a42-42f2-b4d3-058d8bb22d74" executionId="5f71e1c2-4b2e-44c9-a1a3-d547e3bf2afa" testListId="8c84fa94-04c1-424b-9868-57a2d4851a1d" />
    <TestEntry testId="b1dfbfd9-8389-41c3-91af-f1b885d71e04" executionId="4585cf6a-71e4-4c73-907e-b828c2495037" testListId="8c84fa94-04c1-424b-9868-57a2d4851a1d" />
    <TestEntry testId="21645ff4-8a01-4bb5-a5a1-dde1750f47c1" executionId="44e68014-524a-4147-9891-e099dc8e9088" testListId="8c84fa94-04c1-424b-9868-57a2d4851a1d" />
    <TestEntry testId="5e63b4ff-4e4d-4831-986c-2827ea43aedc" executionId="89347b9d-8c5f-4e07-971c-6fb9663b1b82" testListId="8c84fa94-04c1-424b-9868-57a2d4851a1d" />
    <TestEntry testId="3691fef1-4c9b-4aa2-952b-230abdf51eb0" executionId="bdba7aa7-13b8-42a5-9d85-cd055eadaf10" testListId="8c84fa94-04c1-424b-9868-57a2d4851a1d" />
    <TestEntry testId="8047617e-f165-4926-bbb6-608c4496c04e" executionId="73816a80-91d9-4e47-8f4b-57fa893267e0" testListId="8c84fa94-04c1-424b-9868-57a2d4851a1d" />
    <TestEntry testId="c69eef2a-b048-4af5-a71b-b10466894d48" executionId="3c5c642f-8286-4652-8472-8874a6cf2266" testListId="8c84fa94-04c1-424b-9868-57a2d4851a1d" />
    <TestEntry testId="1cafd7c8-9687-4e24-a704-fd2575db54a1" executionId="edb9f689-1c03-48e2-89e4-59655e8b775e" testListId="8c84fa94-04c1-424b-9868-57a2d4851a1d" />
    <TestEntry testId="c332c957-4526-4eb2-b740-6e58f6e80608" executionId="e9d0d0c3-0337-4266-8b35-b860c7998556" testListId="8c84fa94-04c1-424b-9868-57a2d4851a1d" />
    <TestEntry testId="0b33533c-9a93-47bb-907c-5904e692fa43" executionId="7780f5ab-914d-44b9-a440-7a231edbdd87" testListId="8c84fa94-04c1-424b-9868-57a2d4851a1d" />
    <TestEntry testId="27bf09b3-f8d0-4e46-9c80-f9f50bf07fd9" executionId="13b11283-e844-46be-8675-df92b9c0ee0d" testListId="8c84fa94-04c1-424b-9868-57a2d4851a1d" />
    <TestEntry testId="b90d9b57-6003-4adc-8c9a-9af2fcf9e393" executionId="2305e005-991f-4ab0-8aec-94f396376f94" testListId="8c84fa94-04c1-424b-9868-57a2d4851a1d" />
    <TestEntry testId="67196a7f-79e6-4633-8e9f-37c4d51d8d06" executionId="201186fd-31f2-41ee-b36c-0f7c5396d38c" testListId="8c84fa94-04c1-424b-9868-57a2d4851a1d" />
    <TestEntry testId="db7b9491-5ccf-4e25-8762-467824f7d4ec" executionId="922251b6-2919-49de-991b-b97ea17a68a6" testListId="8c84fa94-04c1-424b-9868-57a2d4851a1d" />
    <TestEntry testId="a4ed3461-9672-4fd7-aa06-20dc4df2f7d4" executionId="206b1c92-c772-4f9c-b03e-cfcceb5069f5" testListId="8c84fa94-04c1-424b-9868-57a2d4851a1d" />
    <TestEntry testId="fc636e11-5372-44cb-990c-43273a914460" executionId="14724b2a-8d6a-41e7-8a21-921431130a41" testListId="8c84fa94-04c1-424b-9868-57a2d4851a1d" />
    <TestEntry testId="f632994a-be7a-42cd-8768-85c6c1b9bfe0" executionId="3876e22c-cf1e-42ed-b5e2-3627a9c6930e" testListId="8c84fa94-04c1-424b-9868-57a2d4851a1d" />
    <TestEntry testId="cd4eacd6-7572-4c35-8c9d-2e0014118911" executionId="9e5477bf-99dd-4989-bd83-d91bf54c175e" testListId="8c84fa94-04c1-424b-9868-57a2d4851a1d" />
    <TestEntry testId="888f049b-147b-4977-85f5-ffd04b93e4bd" executionId="61a36a82-8deb-48ea-ae45-269d420a5e60" testListId="8c84fa94-04c1-424b-9868-57a2d4851a1d" />
    <TestEntry testId="4fe2d28b-855e-4266-b800-72ce11cf2550" executionId="9aed140b-0fc3-4244-be02-691b33fd17e4" testListId="8c84fa94-04c1-424b-9868-57a2d4851a1d" />
    <TestEntry testId="540810a9-00cb-43b4-918d-3d83e6e7bc20" executionId="d485f360-f7d0-41b6-bbd6-8122f8d37deb" testListId="8c84fa94-04c1-424b-9868-57a2d4851a1d" />
    <TestEntry testId="50ad84b9-3c2d-4c1a-890f-77fd5c46e16b" executionId="ed977df3-43c2-4869-b2dd-56996342fec1" testListId="8c84fa94-04c1-424b-9868-57a2d4851a1d" />
    <TestEntry testId="d0eb4833-1043-462f-9767-dde4f6bab4f8" executionId="08e1483e-c145-4aa7-b997-5cb28c20eb63" testListId="8c84fa94-04c1-424b-9868-57a2d4851a1d" />
    <TestEntry testId="7a2a3e29-571e-4de9-ab80-2cf59db792b4" executionId="e1040d08-7eff-4b6b-9264-ca3c62b6a349" testListId="8c84fa94-04c1-424b-9868-57a2d4851a1d" />
    <TestEntry testId="72277578-623b-4225-8e7b-f20b128b609b" executionId="fe88dc73-a7ff-4b8d-9aa9-7a12f2c498c7" testListId="8c84fa94-04c1-424b-9868-57a2d4851a1d" />
    <TestEntry testId="80e33d0e-64f4-457a-96a0-1981bb8e1e12" executionId="8889f986-6ef8-4d30-8bc8-1da66cf51200" testListId="8c84fa94-04c1-424b-9868-57a2d4851a1d" />
    <TestEntry testId="3fb060c1-3921-48fa-aba9-cdcda4bfb049" executionId="f23602e6-1b3b-4aab-a760-0b6360477a8b" testListId="8c84fa94-04c1-424b-9868-57a2d4851a1d" />
    <TestEntry testId="55317a08-1137-47d4-ab38-b46eefddf70e" executionId="694a1433-5801-4f20-983a-784630680420" testListId="8c84fa94-04c1-424b-9868-57a2d4851a1d" />
    <TestEntry testId="fb66da89-5817-4136-aa73-bfbe880ebf3e" executionId="940e0f5c-7c22-487c-9722-dbaedab338df" testListId="8c84fa94-04c1-424b-9868-57a2d4851a1d" />
    <TestEntry testId="d566fe3f-8d54-4887-b666-82a6c5c213e6" executionId="3882330a-4d15-4fac-a4a7-63a594169df9" testListId="8c84fa94-04c1-424b-9868-57a2d4851a1d" />
    <TestEntry testId="543d9480-4f63-4c3a-a2e2-00a7c6085582" executionId="6b13bbc5-44e2-4e7c-ac19-3407ab78b220" testListId="8c84fa94-04c1-424b-9868-57a2d4851a1d" />
    <TestEntry testId="d3532f8e-5d51-4459-ab0a-41accfc072ab" executionId="6de73d6a-dc59-4dd9-8298-fbc86a3d5eff" testListId="8c84fa94-04c1-424b-9868-57a2d4851a1d" />
    <TestEntry testId="39aebcce-2f35-4715-a005-3c0a6ea10156" executionId="bc968ba9-27d9-4dd7-af09-717ab78c84eb" testListId="8c84fa94-04c1-424b-9868-57a2d4851a1d" />
    <TestEntry testId="ee0e4c7f-0468-43d7-a3a2-ec5feb1a31c7" executionId="37f8685d-1d80-45d1-8f39-e91181c7db96" testListId="8c84fa94-04c1-424b-9868-57a2d4851a1d" />
    <TestEntry testId="c8c9d465-2039-47c2-a972-41b54257ba50" executionId="af2634c2-8be2-4dc4-b02a-2ede08631be9" testListId="8c84fa94-04c1-424b-9868-57a2d4851a1d" />
    <TestEntry testId="72dfa824-7667-4aad-81b5-721eea0331dd" executionId="b62e33e2-59b4-453a-a92e-980a3e966914" testListId="8c84fa94-04c1-424b-9868-57a2d4851a1d" />
    <TestEntry testId="739bb42f-dbd6-40f9-ab88-c7e899f9863c" executionId="aeaa9bec-2e2f-4a96-847c-0db7b549e192" testListId="8c84fa94-04c1-424b-9868-57a2d4851a1d" />
    <TestEntry testId="7e79b1cd-0055-44a4-a40f-5838c9385f6e" executionId="e6bb4129-d4ce-4d25-ade3-bec450e5cede" testListId="8c84fa94-04c1-424b-9868-57a2d4851a1d" />
    <TestEntry testId="baea1460-7ad3-43e2-aa78-dbf805ba021f" executionId="eee47fb6-4480-4ce1-8ec5-49bf79ef2fac" testListId="8c84fa94-04c1-424b-9868-57a2d4851a1d" />
    <TestEntry testId="8511efb8-541d-466a-8910-19229b0fe939" executionId="d3d87b5f-8074-470e-9ba5-c55e6982d858" testListId="8c84fa94-04c1-424b-9868-57a2d4851a1d" />
    <TestEntry testId="e20804e9-1872-46e3-90ce-b8bd22634853" executionId="a8d2299e-75af-4bc4-9837-3bcd9e82f5f5" testListId="8c84fa94-04c1-424b-9868-57a2d4851a1d" />
    <TestEntry testId="f9e6cc84-aa4c-434d-812c-db77c79d1265" executionId="b4bb831a-fb48-4dd8-b258-6060247135f3" testListId="8c84fa94-04c1-424b-9868-57a2d4851a1d" />
    <TestEntry testId="53202501-9221-4c4f-8d4c-6f74c5a0d31d" executionId="1013e0f8-28f1-4d52-bebf-4094c014dd95" testListId="8c84fa94-04c1-424b-9868-57a2d4851a1d" />
    <TestEntry testId="918abda1-7739-40d9-8328-2cb825f16b9f" executionId="9411ad03-773b-4e23-8826-674c72b32fd4" testListId="8c84fa94-04c1-424b-9868-57a2d4851a1d" />
    <TestEntry testId="093b05a3-dd48-41e8-8d53-cd8e31f3782a" executionId="10061e7e-1ae3-4dc9-8f56-776ac8a09c2b" testListId="8c84fa94-04c1-424b-9868-57a2d4851a1d" />
    <TestEntry testId="5c210eeb-0811-44fc-9868-ce9f975e5649" executionId="b0b16a15-cf1e-476a-8051-46df2ac9667b" testListId="8c84fa94-04c1-424b-9868-57a2d4851a1d" />
    <TestEntry testId="6c4bfcfb-c6e1-442c-8487-0a98369dc912" executionId="d2b38bad-5129-4679-af29-16e0eb3d6fe8" testListId="8c84fa94-04c1-424b-9868-57a2d4851a1d" />
    <TestEntry testId="bff364cd-74e2-446b-9363-982404edce04" executionId="4a8f2143-2f81-4695-96b7-4d05c8707f01" testListId="8c84fa94-04c1-424b-9868-57a2d4851a1d" />
    <TestEntry testId="fc211d6f-6d70-4e8b-8463-8d402eb9eaf8" executionId="233a71c8-1fc7-4ca1-8c8d-61a34013c4c4" testListId="8c84fa94-04c1-424b-9868-57a2d4851a1d" />
    <TestEntry testId="f65de65c-afad-4814-be39-3582991a04e4" executionId="043cb74e-0a78-4798-bfcd-087506fc3e15" testListId="8c84fa94-04c1-424b-9868-57a2d4851a1d" />
    <TestEntry testId="dff0a4d0-a44c-47d0-bcd2-428d2be0df6e" executionId="acc706d8-17a4-4955-a40f-0b79148b6012" testListId="8c84fa94-04c1-424b-9868-57a2d4851a1d" />
    <TestEntry testId="8c3ffe65-c357-43af-97ed-5364a7c3ac99" executionId="58f1ac12-a1ac-4cc8-80d3-f731114dcb36" testListId="8c84fa94-04c1-424b-9868-57a2d4851a1d" />
    <TestEntry testId="dcf90845-4dde-47bd-907e-5030531842e4" executionId="cf30b877-8d62-4bec-886b-c9b1c237a277" testListId="8c84fa94-04c1-424b-9868-57a2d4851a1d" />
    <TestEntry testId="cd3bee3b-ed00-4e74-bac4-2bfe04ce13b4" executionId="6e9e09ea-734d-4648-9691-1e17058ca84e" testListId="8c84fa94-04c1-424b-9868-57a2d4851a1d" />
    <TestEntry testId="d552f5b5-14cb-4ce5-9612-e3bdcb1f323e" executionId="fc79766d-9093-45bc-805a-4fbda02928fa" testListId="8c84fa94-04c1-424b-9868-57a2d4851a1d" />
    <TestEntry testId="7722594c-4706-4fec-867a-e89b73ef7749" executionId="5274438e-9edd-4a4f-abca-8616516adf0a" testListId="8c84fa94-04c1-424b-9868-57a2d4851a1d" />
    <TestEntry testId="9b6b157a-82e8-4d3a-b55d-852148382307" executionId="44f37121-84b9-42f1-a298-d9cf30b21ce5" testListId="8c84fa94-04c1-424b-9868-57a2d4851a1d" />
    <TestEntry testId="38bbb0f9-9ff5-4638-be70-ddd21e158ccb" executionId="d2124163-10a7-46ed-92a0-6262f3cdd58f" testListId="8c84fa94-04c1-424b-9868-57a2d4851a1d" />
    <TestEntry testId="9f447c50-7e54-41c2-a7dd-bf3f403ec29c" executionId="6319fd66-c207-406b-92e5-cf1d5c16e594" testListId="8c84fa94-04c1-424b-9868-57a2d4851a1d" />
    <TestEntry testId="c0facdd4-88b3-4760-8471-9dc53ceda0fb" executionId="0f77214a-074c-4814-a13b-2dd9d4e1e0cd" testListId="8c84fa94-04c1-424b-9868-57a2d4851a1d" />
    <TestEntry testId="b8a7e3ba-b17f-4e74-93ed-86389b7f1bbb" executionId="65082874-e24b-4825-9460-38cfe3bf0895" testListId="8c84fa94-04c1-424b-9868-57a2d4851a1d" />
    <TestEntry testId="d2a500a5-d400-4b0e-b93b-603175c5c9c8" executionId="c4c7b5a6-832f-4c35-bb1e-9ec2e42b41fe" testListId="8c84fa94-04c1-424b-9868-57a2d4851a1d" />
    <TestEntry testId="c2aeddad-da8e-4f82-b1fc-fb9e427f68d6" executionId="e1762a12-c013-4871-b89c-5ecdcd99a340" testListId="8c84fa94-04c1-424b-9868-57a2d4851a1d" />
    <TestEntry testId="c44f9840-2116-4a98-8aa1-9fa84f4ee5d7" executionId="677f23bc-c175-4e3a-8a7d-e1d2e81dfc8c" testListId="8c84fa94-04c1-424b-9868-57a2d4851a1d" />
    <TestEntry testId="88e434f4-9d50-4051-b781-2ec1812df859" executionId="a36d32d6-1c05-405e-8613-d51f2ee6f661" testListId="8c84fa94-04c1-424b-9868-57a2d4851a1d" />
    <TestEntry testId="e48e6e41-a068-4631-aa3f-d8aad859d868" executionId="b1928255-9494-477c-8edc-4a2f1e78e5a5" testListId="8c84fa94-04c1-424b-9868-57a2d4851a1d" />
    <TestEntry testId="4fdd203b-9fd4-459f-81a1-2bf5252d8f3e" executionId="059db2bf-7334-4a33-845e-99ba9768b2d3" testListId="8c84fa94-04c1-424b-9868-57a2d4851a1d" />
    <TestEntry testId="deb1c9d2-24f7-468a-8e30-0f717a8f67a3" executionId="d3d339fe-d780-4c32-8e3d-2112c38aa689" testListId="8c84fa94-04c1-424b-9868-57a2d4851a1d" />
    <TestEntry testId="249f9604-ca5c-4444-b79a-3dafa7b07547" executionId="270b98a2-6397-442f-ab8d-4c678dc18895" testListId="8c84fa94-04c1-424b-9868-57a2d4851a1d" />
    <TestEntry testId="6bdceee3-a499-4136-ab92-8b39895fea1e" executionId="9fc666f5-bfaf-4d4d-b6e3-677bb207912e" testListId="8c84fa94-04c1-424b-9868-57a2d4851a1d" />
    <TestEntry testId="8011f4b7-64a8-4e64-9649-8b675538e165" executionId="714505be-e4f8-411a-a5a4-7be20ad71b89" testListId="8c84fa94-04c1-424b-9868-57a2d4851a1d" />
    <TestEntry testId="e420e534-4e4f-45ea-870f-47abcf025a40" executionId="4f25a2e2-7dad-4728-8569-acc5a14b1273" testListId="8c84fa94-04c1-424b-9868-57a2d4851a1d" />
    <TestEntry testId="146b42f2-d7d2-47b3-8cc0-707429655243" executionId="03b5ce2b-ed35-46e1-ad4e-07e4d9801a9f" testListId="8c84fa94-04c1-424b-9868-57a2d4851a1d" />
    <TestEntry testId="9cf85937-b870-4624-8286-d5365f7be676" executionId="1a706008-d47f-4bc9-856d-cfa4044ce752" testListId="8c84fa94-04c1-424b-9868-57a2d4851a1d" />
    <TestEntry testId="ae9bbab7-27d2-415e-9f97-23de8819dd56" executionId="eb58dcde-5687-4472-9b17-399d710af1e2" testListId="8c84fa94-04c1-424b-9868-57a2d4851a1d" />
    <TestEntry testId="488d6997-7ba2-47a0-bfec-123939c6f1d3" executionId="d4f4a3f7-67ff-4230-a142-7d9474994d8c" testListId="8c84fa94-04c1-424b-9868-57a2d4851a1d" />
    <TestEntry testId="2f20f6ea-0258-4ac5-9ab2-935a623d8ada" executionId="af4624a2-e5b8-4edb-b86f-3f8bb52702bc" testListId="8c84fa94-04c1-424b-9868-57a2d4851a1d" />
    <TestEntry testId="85172b68-c666-43e3-b667-58d4ccdf43b9" executionId="cb8a76c7-8dcd-4dd4-84de-9fd8b188fd4b" testListId="8c84fa94-04c1-424b-9868-57a2d4851a1d" />
    <TestEntry testId="9756f145-e2df-46fc-a195-893782bb2b26" executionId="6c7b68dc-ef89-482c-bd68-0774d106a5a7" testListId="8c84fa94-04c1-424b-9868-57a2d4851a1d" />
    <TestEntry testId="3b3acb33-b0c0-445f-aef3-b16ef46a7c21" executionId="d6d3d554-275a-4f37-809d-db315748695d" testListId="8c84fa94-04c1-424b-9868-57a2d4851a1d" />
    <TestEntry testId="db2ee9c3-f95f-4d32-94cb-9d5464e08ee3" executionId="8ab6226e-e2ff-43e0-813e-eabbcb2e3e8a" testListId="8c84fa94-04c1-424b-9868-57a2d4851a1d" />
    <TestEntry testId="b7f48294-0a9d-4689-988a-58e9be53749c" executionId="ca129389-1572-4a40-9273-5e49d373dea5" testListId="8c84fa94-04c1-424b-9868-57a2d4851a1d" />
    <TestEntry testId="a09b0417-05fd-4364-904f-ad2370ca5066" executionId="5b14d259-656a-4330-af1c-9c68c0e2fc44" testListId="8c84fa94-04c1-424b-9868-57a2d4851a1d" />
    <TestEntry testId="8bdcf16a-28b7-47d7-b04f-9feeca853142" executionId="a918950b-8d84-4e53-810c-b1388870c442" testListId="8c84fa94-04c1-424b-9868-57a2d4851a1d" />
    <TestEntry testId="0dcb80e3-8962-43e7-8ec9-3e6836ea3934" executionId="91f3d065-8187-463a-9e5b-d76bc21329e5" testListId="8c84fa94-04c1-424b-9868-57a2d4851a1d" />
    <TestEntry testId="21aca579-f37d-4b22-a21a-95c43642512e" executionId="03308dfa-d750-445b-a26a-0499c8a6fce0" testListId="8c84fa94-04c1-424b-9868-57a2d4851a1d" />
    <TestEntry testId="7be0c3b1-ae8a-4d29-ad8c-ac02e0f815ce" executionId="ae43da0b-d53a-408e-81b5-7fae8ba56f00" testListId="8c84fa94-04c1-424b-9868-57a2d4851a1d" />
    <TestEntry testId="9c5d55e1-1b0d-4e0b-9f59-ac271e339286" executionId="505ad55c-e9bd-47b2-83ff-4bf2bdcdc0d5" testListId="8c84fa94-04c1-424b-9868-57a2d4851a1d" />
    <TestEntry testId="ee502d2e-e152-450f-b571-d76c8cc6857a" executionId="ac1e181b-e245-4b3c-8785-bf6bab9f7e0a" testListId="8c84fa94-04c1-424b-9868-57a2d4851a1d" />
    <TestEntry testId="32db264b-9b11-4d5e-97d3-ef3fb59d11f4" executionId="0aaca229-11c4-4f1e-8285-29dddfe0eaef" testListId="8c84fa94-04c1-424b-9868-57a2d4851a1d" />
    <TestEntry testId="15c7ce6a-e422-4da1-b48e-3126b26af7dc" executionId="517071ae-6d63-42bc-abc1-ce865f14c2e3" testListId="8c84fa94-04c1-424b-9868-57a2d4851a1d" />
    <TestEntry testId="1c118ed3-3d4a-4319-ae4d-e8c645026713" executionId="069855c7-0bf2-4a5b-8670-4ced8f377446" testListId="8c84fa94-04c1-424b-9868-57a2d4851a1d" />
    <TestEntry testId="a0e190de-96c9-42b2-9765-c9e00a9d9379" executionId="1a19d71d-c2b1-4aec-a0d2-809ca8d08607" testListId="8c84fa94-04c1-424b-9868-57a2d4851a1d" />
    <TestEntry testId="918033a7-f5c4-4815-8c1e-b5859d5c9011" executionId="cdfe9d9c-bdc3-49ec-968e-cf39f8297a78" testListId="8c84fa94-04c1-424b-9868-57a2d4851a1d" />
    <TestEntry testId="58474781-c372-4775-9300-9fb3dbd4186d" executionId="1beebd14-1da5-4a32-8b53-cab635da3404" testListId="8c84fa94-04c1-424b-9868-57a2d4851a1d" />
    <TestEntry testId="f69b3cd1-0df3-46ea-bb60-878352cf0764" executionId="fb304504-18a3-445c-b697-25d597cc3ef4" testListId="8c84fa94-04c1-424b-9868-57a2d4851a1d" />
    <TestEntry testId="8c58347b-856f-418d-9381-6dcf04b32355" executionId="1810796b-fd38-4eac-972f-56aca5848a2e" testListId="8c84fa94-04c1-424b-9868-57a2d4851a1d" />
    <TestEntry testId="7a8484af-82de-43b7-aac6-ffe46dce6f61" executionId="ecfee4a9-269c-4bfe-a62d-606b843acb7a" testListId="8c84fa94-04c1-424b-9868-57a2d4851a1d" />
    <TestEntry testId="45af3354-00d0-4ae2-b007-5620836644f3" executionId="62fef0f3-4eb6-4a82-b0ea-21ebda577730" testListId="8c84fa94-04c1-424b-9868-57a2d4851a1d" />
    <TestEntry testId="4416e374-7db4-45f5-af99-e98c8e7d1189" executionId="ff3b64e4-dce8-42bb-a218-20b516579cde" testListId="8c84fa94-04c1-424b-9868-57a2d4851a1d" />
    <TestEntry testId="dbfd1618-fa23-415d-b171-f667ea96a315" executionId="b5d5f61c-8cf6-4d5f-9e3e-a4a79c486cf9" testListId="8c84fa94-04c1-424b-9868-57a2d4851a1d" />
    <TestEntry testId="25f10a50-d7ac-47f8-b506-65816ac876ac" executionId="22fa7e99-923e-4375-9416-8f5b515cd9f2" testListId="8c84fa94-04c1-424b-9868-57a2d4851a1d" />
    <TestEntry testId="276a8c7e-167f-48cf-897e-9fa91dcfa0bc" executionId="d8db875b-82c2-4650-bf23-246d9b0d5fab" testListId="8c84fa94-04c1-424b-9868-57a2d4851a1d" />
    <TestEntry testId="fdcb6193-7e51-4d42-8eae-95dd2dd2ffd9" executionId="3d106567-0ea1-40ea-a736-b92d0985ef5e" testListId="8c84fa94-04c1-424b-9868-57a2d4851a1d" />
    <TestEntry testId="21e70982-6b70-4ba0-8232-c316a304b87b" executionId="d54d83fc-6e7e-40c3-93bf-355b2f76dbcb" testListId="8c84fa94-04c1-424b-9868-57a2d4851a1d" />
    <TestEntry testId="384f55af-0e71-4671-8250-28777f2e8ccb" executionId="a7885408-b9ff-4f39-86ce-30c851c39787" testListId="8c84fa94-04c1-424b-9868-57a2d4851a1d" />
    <TestEntry testId="b96bfa1e-531a-4e49-b63e-d910f541679d" executionId="c4540c02-897d-43f0-b161-a5f8b5a40bbf" testListId="8c84fa94-04c1-424b-9868-57a2d4851a1d" />
    <TestEntry testId="0683e35e-e00c-4c3f-aada-fd4e5ca0ce3a" executionId="a53ea4b0-63db-4a4c-97d7-0399b2141182" testListId="8c84fa94-04c1-424b-9868-57a2d4851a1d" />
    <TestEntry testId="eb802998-2509-47b5-9ae8-1c0832b71cd4" executionId="ddd279e7-813d-4001-b89b-1e6b9835b7ff" testListId="8c84fa94-04c1-424b-9868-57a2d4851a1d" />
    <TestEntry testId="0c0ddeda-0f49-4d08-93cc-c9d5d70b1c7f" executionId="5984da17-e2cd-44b0-b2d5-a2c1ef1dd73f" testListId="8c84fa94-04c1-424b-9868-57a2d4851a1d" />
    <TestEntry testId="73997619-75d5-4f0d-ace8-b3cbae4a7f7f" executionId="8ae222e1-9797-44ef-a8c1-fcc04fa34081" testListId="8c84fa94-04c1-424b-9868-57a2d4851a1d" />
    <TestEntry testId="50ceab5f-1e50-496d-a303-ad06e8dd8e01" executionId="6db5c850-d9ef-429f-acad-fd10dc5992b3" testListId="8c84fa94-04c1-424b-9868-57a2d4851a1d" />
    <TestEntry testId="8f20f292-87de-4df9-8a73-a0864ab91cb9" executionId="44fe1702-ff79-461d-95ab-8ee184d05fce" testListId="8c84fa94-04c1-424b-9868-57a2d4851a1d" />
    <TestEntry testId="bbb61e6f-42c5-4cc0-99d4-a733d2a3ddd0" executionId="f82364fe-98ff-4c0a-84eb-e63f06caf3db" testListId="8c84fa94-04c1-424b-9868-57a2d4851a1d" />
    <TestEntry testId="34d07ba0-abf2-44a4-8ca8-e2927bfe51e3" executionId="e4f0903d-c82f-4766-a05b-183da8f55cc4" testListId="8c84fa94-04c1-424b-9868-57a2d4851a1d" />
    <TestEntry testId="aea6e580-1ad7-4033-8cca-ba50161d526b" executionId="4c667bd5-bc7f-4ba9-b3e2-363a53465544" testListId="8c84fa94-04c1-424b-9868-57a2d4851a1d" />
    <TestEntry testId="eb80be61-74e3-4658-aaa0-746cf795b44d" executionId="25905773-7274-4e25-9774-47752e258cad" testListId="8c84fa94-04c1-424b-9868-57a2d4851a1d" />
    <TestEntry testId="9cbceeb4-2796-4fa3-bc90-a33d9166a429" executionId="259e6b97-f2d0-4aec-8f4f-c19bd7dff483" testListId="8c84fa94-04c1-424b-9868-57a2d4851a1d" />
    <TestEntry testId="114ab760-1ba5-4362-b89a-f50dfe87d7a3" executionId="d1022391-ae62-415b-a1cf-288f7ea832c5" testListId="8c84fa94-04c1-424b-9868-57a2d4851a1d" />
    <TestEntry testId="22dc0ce6-30c7-4c81-9594-27ebd684fba0" executionId="932e30ce-1d76-46b0-bff4-08d519d49059" testListId="8c84fa94-04c1-424b-9868-57a2d4851a1d" />
    <TestEntry testId="1241f39d-36d9-4fd8-9c14-9f55fca47691" executionId="4b0798e9-9a84-44fb-9b83-b04d6692f0b6" testListId="8c84fa94-04c1-424b-9868-57a2d4851a1d" />
    <TestEntry testId="3ee26bae-24d7-4e05-aa24-2d2f5524a9b8" executionId="6df0bd80-4cac-4914-91f7-c07bb7ed67d3" testListId="8c84fa94-04c1-424b-9868-57a2d4851a1d" />
    <TestEntry testId="5f8f25da-f070-4025-9dec-ceeb56a4528c" executionId="0fbc35ae-14aa-4304-8dfe-2cbad440e16b" testListId="8c84fa94-04c1-424b-9868-57a2d4851a1d" />
    <TestEntry testId="854ac7d1-1d67-4597-b49a-341a03cf5cae" executionId="7286c201-f2c8-498e-901e-ec7d7e95acca" testListId="8c84fa94-04c1-424b-9868-57a2d4851a1d" />
    <TestEntry testId="da2a56e2-67af-4b43-9ae3-07267907d809" executionId="b1a660c8-1374-49bd-8604-b22ac470d5cf" testListId="8c84fa94-04c1-424b-9868-57a2d4851a1d" />
    <TestEntry testId="62d1982f-d310-446c-a771-99256351559e" executionId="2e3c77e9-86da-41df-b79f-37e8dc95719a" testListId="8c84fa94-04c1-424b-9868-57a2d4851a1d" />
    <TestEntry testId="1500441b-79ae-4704-bf0a-1304b4c24c6a" executionId="18105e63-5fa7-43ad-a48d-e003fcebda9c" testListId="8c84fa94-04c1-424b-9868-57a2d4851a1d" />
    <TestEntry testId="e1effbb4-8785-4a7f-a29c-d25fe6b6b6c6" executionId="349e7784-7dca-46f2-9b20-fcbf2d4226e2" testListId="8c84fa94-04c1-424b-9868-57a2d4851a1d" />
    <TestEntry testId="ce523995-b9ef-4f90-95bc-619cb036d021" executionId="78883481-6c17-4287-8ae4-91cf325a741f" testListId="8c84fa94-04c1-424b-9868-57a2d4851a1d" />
    <TestEntry testId="f8e39b96-1c76-4052-ae4e-523cec8aebe1" executionId="475a42ef-aa58-4a9c-902d-f3e2215c789e" testListId="8c84fa94-04c1-424b-9868-57a2d4851a1d" />
    <TestEntry testId="52bc7f4d-89ec-4a39-91dc-e8e97033feb1" executionId="a3daeb85-ac3a-4f4a-833d-008d10527974" testListId="8c84fa94-04c1-424b-9868-57a2d4851a1d" />
    <TestEntry testId="e9ad088d-2e4e-407f-88c9-fc82c8a7e082" executionId="186afe05-c61e-4723-832a-14a075285fcd" testListId="8c84fa94-04c1-424b-9868-57a2d4851a1d" />
    <TestEntry testId="7552cb30-55e2-4f25-a733-27f0c2fbe4ab" executionId="8c9d3d0f-791f-4760-9a6d-c7afe7d1d1ca" testListId="8c84fa94-04c1-424b-9868-57a2d4851a1d" />
    <TestEntry testId="61283e23-76c5-4c5a-8dd5-005bc97c3d86" executionId="7c39e651-89c0-4c44-842a-0c7111d0c9f3" testListId="8c84fa94-04c1-424b-9868-57a2d4851a1d" />
    <TestEntry testId="2e483d5a-33a5-47bb-a455-28d19ccb7959" executionId="eb9643f9-124b-4c85-a1a8-2d53cb0a5b07" testListId="8c84fa94-04c1-424b-9868-57a2d4851a1d" />
    <TestEntry testId="a75b5df3-9a1b-454f-9823-a0e47a4c3070" executionId="27d23469-66d0-42c3-a772-cd71353f7f52" testListId="8c84fa94-04c1-424b-9868-57a2d4851a1d" />
    <TestEntry testId="3d0ca8c0-345e-41c8-a433-0c60d7967cc2" executionId="4e4d9352-693e-4dad-9c1e-e13c4342ac87" testListId="8c84fa94-04c1-424b-9868-57a2d4851a1d" />
    <TestEntry testId="871922a4-b028-4b6e-8615-3f30c63fe154" executionId="4b63b511-0221-49b8-8c5b-83b6a52667aa" testListId="8c84fa94-04c1-424b-9868-57a2d4851a1d" />
    <TestEntry testId="64cf09d4-5b4b-4c7e-babb-46992744ce39" executionId="8db29b95-b111-4d7a-bcde-812e91f57977" testListId="8c84fa94-04c1-424b-9868-57a2d4851a1d" />
    <TestEntry testId="6614e8b2-ab4b-4471-a859-d546af2d91d3" executionId="8da6ba64-ff29-425a-93e8-9a808d7158be" testListId="8c84fa94-04c1-424b-9868-57a2d4851a1d" />
    <TestEntry testId="7d9f66fa-94c6-4220-b451-273aae371644" executionId="f701ba0d-f0aa-469d-806d-35537aa8922e" testListId="8c84fa94-04c1-424b-9868-57a2d4851a1d" />
    <TestEntry testId="51aeaccc-ebf0-4e9b-b4ca-f9e10d6cf012" executionId="7297be0b-1065-46bc-b98c-3d2559c26809" testListId="8c84fa94-04c1-424b-9868-57a2d4851a1d" />
    <TestEntry testId="3e8157d2-0cda-419a-bb5e-91891d88506f" executionId="cb8fe81e-b8c4-499b-b10c-72289b2ccc0a" testListId="8c84fa94-04c1-424b-9868-57a2d4851a1d" />
    <TestEntry testId="9ccf83cf-f197-4f37-9133-a004a00292ac" executionId="f78e5818-b75b-4887-a0d1-987991def8d8" testListId="8c84fa94-04c1-424b-9868-57a2d4851a1d" />
    <TestEntry testId="7f3961c2-c07a-437d-b369-279dcb78e3cb" executionId="7dc513de-dd14-466f-bec2-4d308d8a9c45" testListId="8c84fa94-04c1-424b-9868-57a2d4851a1d" />
    <TestEntry testId="c8c59746-4757-4eca-85e6-88f39c45f7e5" executionId="6d685d50-b271-4ab1-aae6-83d2be4053ed" testListId="8c84fa94-04c1-424b-9868-57a2d4851a1d" />
    <TestEntry testId="2cb0d1db-d68a-4f3c-b35e-4e4fedc01473" executionId="4c0cbc1d-8b97-47ff-9606-52cfeedf00e4" testListId="8c84fa94-04c1-424b-9868-57a2d4851a1d" />
    <TestEntry testId="3e6912cd-6235-4b28-8d27-3431bfd8d688" executionId="19626a9f-8d2a-47b6-891d-80f99874b374" testListId="8c84fa94-04c1-424b-9868-57a2d4851a1d" />
  </TestEntries>
  <TestLists>
    <TestList name="Results Not in a List" id="8c84fa94-04c1-424b-9868-57a2d4851a1d" />
    <TestList name="All Loaded Results" id="19431567-8539-422a-85d7-44ee4e166bda" />
  </TestLists>
  <ResultSummary outcome="Completed">
    <Counters total="1000" executed="1000" passed="1000" failed="0" error="0" timeout="0" aborted="0" inconclusive="0" passedButRunAborted="0" notRunnable="0" notExecuted="0" disconnected="0" warning="0" completed="0" inProgress="0" pending="0" />
  </ResultSummary>
</TestRun>