<?xml version="1.0" encoding="utf-8"?>
<TestRun id="99318bc8-c5df-4656-b5ce-c3c538ca31b8" name="Dominik@DESKTOP-5URQ9PB 2022-06-13 21:11:26" runUser="DESKTOP-5URQ9PB\Dominik" xmlns="http://microsoft.com/schemas/VisualStudio/TeamTest/2010">
  <Times creation="2022-06-13T21:11:26.4146074+02:00" queuing="2022-06-13T21:11:26.4146075+02:00" start="2022-06-13T21:11:24.1592752+02:00" finish="2022-06-13T21:11:27.5064419+02:00" />
  <TestSettings name="default" id="8f4ad0e7-bb84-4f09-b409-ca000eeafd6b">
    <Deployment runDeploymentRoot="Dominik_DESKTOP-5URQ9PB_2022-06-13_21_11_26" />
  </TestSettings>
  <Results>
    <UnitTestResult executionId="e9dc9327-d2df-4975-8c43-4cb862c57193" testId="a61f171b-2a72-4e96-baa6-2b2bd86efed8" testName="FormatToStringTest1000 (4139.032615562451,4139.03 zł)" computerName="DESKTOP-5URQ9PB" duration="00:00:00.0000062" startTime="2022-06-13T21:11:26.6259991+02:00" endTime="2022-06-13T21:11:26.6260652+02:00" testType="13cdc9d9-ddb5-4fa4-a97d-d965ccfc6d4b" outcome="Passed" testListId="8c84fa94-04c1-424b-9868-57a2d4851a1d" relativeResultsDirectory="e9dc9327-d2df-4975-8c43-4cb862c57193" />
    <UnitTestResult executionId="27b64216-5271-4441-9cd3-c1deb2b5e4f0" testId="64d9fd8e-437b-4356-b9c1-afa4a3f1de75" testName="FormatToStringTest1000 (55782.67998761762,55782.68 zł)" computerName="DESKTOP-5URQ9PB" duration="00:00:00.0000064" startTime="2022-06-13T21:11:26.3983232+02:00" endTime="2022-06-13T21:11:26.3983994+02:00" testType="13cdc9d9-ddb5-4fa4-a97d-d965ccfc6d4b" outcome="Passed" testListId="8c84fa94-04c1-424b-9868-57a2d4851a1d" relativeResultsDirectory="27b64216-5271-4441-9cd3-c1deb2b5e4f0" />
    <UnitTestResult executionId="1d2190b9-7395-4426-a158-8f8c76470474" testId="becd5e93-273b-421d-b7ef-1627d397232a" testName="FormatToStringTest1000 (24476.442216712254,24476.44 zł)" computerName="DESKTOP-5URQ9PB" duration="00:00:00.0000064" startTime="2022-06-13T21:11:26.5385310+02:00" endTime="2022-06-13T21:11:26.5386131+02:00" testType="13cdc9d9-ddb5-4fa4-a97d-d965ccfc6d4b" outcome="Passed" testListId="8c84fa94-04c1-424b-9868-57a2d4851a1d" relativeResultsDirectory="1d2190b9-7395-4426-a158-8f8c76470474" />
    <UnitTestResult executionId="99a6fc28-0a1c-4f3f-8eb0-cd84d6914a46" testId="39b5472f-54d0-4e55-8045-87e392d1a471" testName="FormatToStringTest1000 (3694.480496819355,3694.48 zł)" computerName="DESKTOP-5URQ9PB" duration="00:00:00.0000060" startTime="2022-06-13T21:11:26.4180173+02:00" endTime="2022-06-13T21:11:26.4180823+02:00" testType="13cdc9d9-ddb5-4fa4-a97d-d965ccfc6d4b" outcome="Passed" testListId="8c84fa94-04c1-424b-9868-57a2d4851a1d" relativeResultsDirectory="99a6fc28-0a1c-4f3f-8eb0-cd84d6914a46" />
    <UnitTestResult executionId="ba75d160-812e-4608-9016-22c293ba7864" testId="b45c8c01-f933-41d7-a837-aefd1d91a8a4" testName="FormatToStringTest1000 (18596.12661189033,18596.13 zł)" computerName="DESKTOP-5URQ9PB" duration="00:00:00.0000064" startTime="2022-06-13T21:11:26.5719056+02:00" endTime="2022-06-13T21:11:26.5719768+02:00" testType="13cdc9d9-ddb5-4fa4-a97d-d965ccfc6d4b" outcome="Passed" testListId="8c84fa94-04c1-424b-9868-57a2d4851a1d" relativeResultsDirectory="ba75d160-812e-4608-9016-22c293ba7864" />
    <UnitTestResult executionId="81d6fbf1-7ef4-480a-a4cf-45d7789c24ef" testId="7cd8b033-4463-4924-a60c-7c0d4e83edd9" testName="FormatToStringTest1000 (73151.83675918348,73151.84 zł)" computerName="DESKTOP-5URQ9PB" duration="00:00:00.0000062" startTime="2022-06-13T21:11:26.6851475+02:00" endTime="2022-06-13T21:11:26.6852131+02:00" testType="13cdc9d9-ddb5-4fa4-a97d-d965ccfc6d4b" outcome="Passed" testListId="8c84fa94-04c1-424b-9868-57a2d4851a1d" relativeResultsDirectory="81d6fbf1-7ef4-480a-a4cf-45d7789c24ef" />
    <UnitTestResult executionId="75a5bf7b-e624-4a1d-9451-bc6af823a17b" testId="cbeed50b-8d92-4933-9a88-08e1d7f0b16d" testName="FormatToStringTest1000 (23120.169499649743,23120.17 zł)" computerName="DESKTOP-5URQ9PB" duration="00:00:00.0000064" startTime="2022-06-13T21:11:26.6630188+02:00" endTime="2022-06-13T21:11:26.6630839+02:00" testType="13cdc9d9-ddb5-4fa4-a97d-d965ccfc6d4b" outcome="Passed" testListId="8c84fa94-04c1-424b-9868-57a2d4851a1d" relativeResultsDirectory="75a5bf7b-e624-4a1d-9451-bc6af823a17b" />
    <UnitTestResult executionId="f2923d31-667b-4fc8-8761-846f46148316" testId="48eb4954-3934-4a1e-a0d2-3d2ad3234807" testName="FormatToStringTest1000 (66019.32414194118,66019.32 zł)" computerName="DESKTOP-5URQ9PB" duration="00:00:00.0000079" startTime="2022-06-13T21:11:26.3543901+02:00" endTime="2022-06-13T21:11:26.3544741+02:00" testType="13cdc9d9-ddb5-4fa4-a97d-d965ccfc6d4b" outcome="Passed" testListId="8c84fa94-04c1-424b-9868-57a2d4851a1d" relativeResultsDirectory="f2923d31-667b-4fc8-8761-846f46148316" />
    <UnitTestResult executionId="7e73b9c7-030e-4748-9ce9-4f3ea9fcbad9" testId="1387547c-326e-47c9-93a0-bfad4392fc2e" testName="FormatToStringTest1000 (82228.32322510486,82228.32 zł)" computerName="DESKTOP-5URQ9PB" duration="00:00:00.0000509" startTime="2022-06-13T21:11:26.5498822+02:00" endTime="2022-06-13T21:11:26.5505403+02:00" testType="13cdc9d9-ddb5-4fa4-a97d-d965ccfc6d4b" outcome="Passed" testListId="8c84fa94-04c1-424b-9868-57a2d4851a1d" relativeResultsDirectory="7e73b9c7-030e-4748-9ce9-4f3ea9fcbad9" />
    <UnitTestResult executionId="a7d9aa0f-2d60-4e6c-9499-7c1dff8f05a3" testId="4a092124-f95c-45f7-b4e4-5b8e6e4a7294" testName="FormatToStringTest1000 (78796.90433980194,78796.90 zł)" computerName="DESKTOP-5URQ9PB" duration="00:00:00.0000061" startTime="2022-06-13T21:11:26.4066466+02:00" endTime="2022-06-13T21:11:26.4067114+02:00" testType="13cdc9d9-ddb5-4fa4-a97d-d965ccfc6d4b" outcome="Passed" testListId="8c84fa94-04c1-424b-9868-57a2d4851a1d" relativeResultsDirectory="a7d9aa0f-2d60-4e6c-9499-7c1dff8f05a3" />
    <UnitTestResult executionId="f839961a-8f67-4867-baf4-44aac2314fed" testId="f004f0e2-6614-486d-8f27-612f9519a0c4" testName="FormatToStringTest1000 (57525.72988993569,57525.73 zł)" computerName="DESKTOP-5URQ9PB" duration="00:00:00.0000373" startTime="2022-06-13T21:11:26.5524995+02:00" endTime="2022-06-13T21:11:26.5529510+02:00" testType="13cdc9d9-ddb5-4fa4-a97d-d965ccfc6d4b" outcome="Passed" testListId="8c84fa94-04c1-424b-9868-57a2d4851a1d" relativeResultsDirectory="f839961a-8f67-4867-baf4-44aac2314fed" />
    <UnitTestResult executionId="80c14418-4c67-4aba-825e-1af5ff023f14" testId="28afdcdc-2b6c-4935-9817-70768526a1c5" testName="FormatToStringTest1000 (1181.5773122979222,1181.58 zł)" computerName="DESKTOP-5URQ9PB" duration="00:00:00.0000061" startTime="2022-06-13T21:11:26.5036536+02:00" endTime="2022-06-13T21:11:26.5037197+02:00" testType="13cdc9d9-ddb5-4fa4-a97d-d965ccfc6d4b" outcome="Passed" testListId="8c84fa94-04c1-424b-9868-57a2d4851a1d" relativeResultsDirectory="80c14418-4c67-4aba-825e-1af5ff023f14" />
    <UnitTestResult executionId="0084e239-3060-4495-8452-975e4d4cd0de" testId="1c11db7b-1570-428d-bac5-53f93732ca01" testName="FormatToStringTest1000 (37528.70144368368,37528.70 zł)" computerName="DESKTOP-5URQ9PB" duration="00:00:00.0000068" startTime="2022-06-13T21:11:26.3895853+02:00" endTime="2022-06-13T21:11:26.3896500+02:00" testType="13cdc9d9-ddb5-4fa4-a97d-d965ccfc6d4b" outcome="Passed" testListId="8c84fa94-04c1-424b-9868-57a2d4851a1d" relativeResultsDirectory="0084e239-3060-4495-8452-975e4d4cd0de" />
    <UnitTestResult executionId="39b7893d-79a6-44b5-aa1c-fbca26decc2e" testId="c5a81fb6-c82f-4b29-8f2d-60e121a68afc" testName="FormatToStringTest1000 (9754.291367935619,9754.29 zł)" computerName="DESKTOP-5URQ9PB" duration="00:00:00.0000064" startTime="2022-06-13T21:11:26.7180673+02:00" endTime="2022-06-13T21:11:26.7181333+02:00" testType="13cdc9d9-ddb5-4fa4-a97d-d965ccfc6d4b" outcome="Passed" testListId="8c84fa94-04c1-424b-9868-57a2d4851a1d" relativeResultsDirectory="39b7893d-79a6-44b5-aa1c-fbca26decc2e" />
    <UnitTestResult executionId="21b2b676-1bea-4800-aa87-71abe7a787f8" testId="f550d5d1-84b2-4c3b-b3c6-3906e606623d" testName="FormatToStringTest1000 (27852.532163303127,27852.53 zł)" computerName="DESKTOP-5URQ9PB" duration="00:00:00.0000761" startTime="2022-06-13T21:11:26.5710808+02:00" endTime="2022-06-13T21:11:26.5714123+02:00" testType="13cdc9d9-ddb5-4fa4-a97d-d965ccfc6d4b" outcome="Passed" testListId="8c84fa94-04c1-424b-9868-57a2d4851a1d" relativeResultsDirectory="21b2b676-1bea-4800-aa87-71abe7a787f8" />
    <UnitTestResult executionId="d1f6c167-2eee-4b10-ada9-da2155172510" testId="56f852a7-8bd2-49a3-9585-6a2d0b828292" testName="FormatToStringTest1000 (9097.395563790293,9097.40 zł)" computerName="DESKTOP-5URQ9PB" duration="00:00:00.0000064" startTime="2022-06-13T21:11:26.6513063+02:00" endTime="2022-06-13T21:11:26.6513759+02:00" testType="13cdc9d9-ddb5-4fa4-a97d-d965ccfc6d4b" outcome="Passed" testListId="8c84fa94-04c1-424b-9868-57a2d4851a1d" relativeResultsDirectory="d1f6c167-2eee-4b10-ada9-da2155172510" />
    <UnitTestResult executionId="9888ebb1-db6c-4f2d-9758-284531eaeed3" testId="ad79dc47-5235-449e-9750-1bf0d8c1c3ac" testName="FormatToStringTest1000 (1741.3334432818617,1741.33 zł)" computerName="DESKTOP-5URQ9PB" duration="00:00:00.0000065" startTime="2022-06-13T21:11:26.3642457+02:00" endTime="2022-06-13T21:11:26.3643108+02:00" testType="13cdc9d9-ddb5-4fa4-a97d-d965ccfc6d4b" outcome="Passed" testListId="8c84fa94-04c1-424b-9868-57a2d4851a1d" relativeResultsDirectory="9888ebb1-db6c-4f2d-9758-284531eaeed3" />
    <UnitTestResult executionId="7727f625-ed70-4849-9ca2-e1646aeab06a" testId="2a6448de-9c09-4ae5-aab6-717b305588c6" testName="FormatToStringTest1000 (40400.9734049295,40400.97 zł)" computerName="DESKTOP-5URQ9PB" duration="00:00:00.0000066" startTime="2022-06-13T21:11:26.4480438+02:00" endTime="2022-06-13T21:11:26.4481143+02:00" testType="13cdc9d9-ddb5-4fa4-a97d-d965ccfc6d4b" outcome="Passed" testListId="8c84fa94-04c1-424b-9868-57a2d4851a1d" relativeResultsDirectory="7727f625-ed70-4849-9ca2-e1646aeab06a" />
    <UnitTestResult executionId="de472659-667f-4a9a-a3f5-4fee91e0d5b9" testId="fc484ff8-214f-4a9e-8266-7620054d20de" testName="FormatToStringTest1000 (10461.455048841171,10461.46 zł)" computerName="DESKTOP-5URQ9PB" duration="00:00:00.0000062" startTime="2022-06-13T21:11:26.4738373+02:00" endTime="2022-06-13T21:11:26.4739041+02:00" testType="13cdc9d9-ddb5-4fa4-a97d-d965ccfc6d4b" outcome="Passed" testListId="8c84fa94-04c1-424b-9868-57a2d4851a1d" relativeResultsDirectory="de472659-667f-4a9a-a3f5-4fee91e0d5b9" />
    <UnitTestResult executionId="6acc55d8-7061-4d3a-a3fa-c520f1c4097e" testId="972be7d5-af16-4d61-bd69-0fdd280a05a2" testName="FormatToStringTest1000 (22678.643495744862,22678.64 zł)" computerName="DESKTOP-5URQ9PB" duration="00:00:00.0000064" startTime="2022-06-13T21:11:26.6125687+02:00" endTime="2022-06-13T21:11:26.6126425+02:00" testType="13cdc9d9-ddb5-4fa4-a97d-d965ccfc6d4b" outcome="Passed" testListId="8c84fa94-04c1-424b-9868-57a2d4851a1d" relativeResultsDirectory="6acc55d8-7061-4d3a-a3fa-c520f1c4097e" />
    <UnitTestResult executionId="d9f1fa01-378f-4518-b7a0-a6f0267664c8" testId="db2752ed-1582-4f99-87aa-20ea2bbe7645" testName="FormatToStringTest1000 (16416.109736457518,16416.11 zł)" computerName="DESKTOP-5URQ9PB" duration="00:00:00.0000063" startTime="2022-06-13T21:11:26.5431391+02:00" endTime="2022-06-13T21:11:26.5432065+02:00" testType="13cdc9d9-ddb5-4fa4-a97d-d965ccfc6d4b" outcome="Passed" testListId="8c84fa94-04c1-424b-9868-57a2d4851a1d" relativeResultsDirectory="d9f1fa01-378f-4518-b7a0-a6f0267664c8" />
    <UnitTestResult executionId="69978529-6b8f-48a0-9771-d5bd4b975d06" testId="4413e0ac-32f1-40e8-a7c7-412bed0e6ea1" testName="FormatToStringTest1000 (13027.93935961739,13027.94 zł)" computerName="DESKTOP-5URQ9PB" duration="00:00:00.0000062" startTime="2022-06-13T21:11:26.5189981+02:00" endTime="2022-06-13T21:11:26.5190652+02:00" testType="13cdc9d9-ddb5-4fa4-a97d-d965ccfc6d4b" outcome="Passed" testListId="8c84fa94-04c1-424b-9868-57a2d4851a1d" relativeResultsDirectory="69978529-6b8f-48a0-9771-d5bd4b975d06" />
    <UnitTestResult executionId="3b94952b-6cb5-46dd-a2bb-4fd4122ffa67" testId="36ff243c-b24b-4cc4-9e4a-af8b07c72d11" testName="FormatToStringTest1000 (28579.14698705503,28579.15 zł)" computerName="DESKTOP-5URQ9PB" duration="00:00:00.0000061" startTime="2022-06-13T21:11:26.5976164+02:00" endTime="2022-06-13T21:11:26.5976802+02:00" testType="13cdc9d9-ddb5-4fa4-a97d-d965ccfc6d4b" outcome="Passed" testListId="8c84fa94-04c1-424b-9868-57a2d4851a1d" relativeResultsDirectory="3b94952b-6cb5-46dd-a2bb-4fd4122ffa67" />
    <UnitTestResult executionId="3f781043-121d-4cc7-8e4f-805f05dcd5aa" testId="77db11b5-7e1f-43d1-ac1d-058faf66a6dc" testName="FormatToStringTest1000 (7191.024921368353,7191.02 zł)" computerName="DESKTOP-5URQ9PB" duration="00:00:00.0000124" startTime="2022-06-13T21:11:26.6223963+02:00" endTime="2022-06-13T21:11:26.6225544+02:00" testType="13cdc9d9-ddb5-4fa4-a97d-d965ccfc6d4b" outcome="Passed" testListId="8c84fa94-04c1-424b-9868-57a2d4851a1d" relativeResultsDirectory="3f781043-121d-4cc7-8e4f-805f05dcd5aa" />
    <UnitTestResult executionId="2c87881e-1f7d-494d-828e-4fb7d2cf12aa" testId="34100f1d-1314-44a3-8bd5-fe1425ab5a4d" testName="FormatToStringTest1000 (6654.099431086378,6654.10 zł)" computerName="DESKTOP-5URQ9PB" duration="00:00:00.0000062" startTime="2022-06-13T21:11:26.4679980+02:00" endTime="2022-06-13T21:11:26.4680642+02:00" testType="13cdc9d9-ddb5-4fa4-a97d-d965ccfc6d4b" outcome="Passed" testListId="8c84fa94-04c1-424b-9868-57a2d4851a1d" relativeResultsDirectory="2c87881e-1f7d-494d-828e-4fb7d2cf12aa" />
    <UnitTestResult executionId="0d704f86-e75f-4aac-b780-10dfc8cc518d" testId="092353b2-ecfc-4686-a011-cd8bff5069a7" testName="FormatToStringTest1000 (20482.32969107308,20482.33 zł)" computerName="DESKTOP-5URQ9PB" duration="00:00:00.0000061" startTime="2022-06-13T21:11:26.4031287+02:00" endTime="2022-06-13T21:11:26.4031944+02:00" testType="13cdc9d9-ddb5-4fa4-a97d-d965ccfc6d4b" outcome="Passed" testListId="8c84fa94-04c1-424b-9868-57a2d4851a1d" relativeResultsDirectory="0d704f86-e75f-4aac-b780-10dfc8cc518d" />
    <UnitTestResult executionId="3c80d89b-ee5c-47bc-95bf-bbd4bd74639b" testId="212644ba-5fc6-4c35-9ab8-b3708615df62" testName="FormatToStringTest1000 (3431.864349926759,3431.86 zł)" computerName="DESKTOP-5URQ9PB" duration="00:00:00.0000069" startTime="2022-06-13T21:11:26.6318451+02:00" endTime="2022-06-13T21:11:26.6319218+02:00" testType="13cdc9d9-ddb5-4fa4-a97d-d965ccfc6d4b" outcome="Passed" testListId="8c84fa94-04c1-424b-9868-57a2d4851a1d" relativeResultsDirectory="3c80d89b-ee5c-47bc-95bf-bbd4bd74639b" />
    <UnitTestResult executionId="41add422-97f9-4449-8249-159fd3f9afbf" testId="b40ef5c3-4400-4457-904a-65aba03c7a95" testName="FormatToStringTest1000 (49672.98901987402,49672.99 zł)" computerName="DESKTOP-5URQ9PB" duration="00:00:00.0000062" startTime="2022-06-13T21:11:26.4906587+02:00" endTime="2022-06-13T21:11:26.4907253+02:00" testType="13cdc9d9-ddb5-4fa4-a97d-d965ccfc6d4b" outcome="Passed" testListId="8c84fa94-04c1-424b-9868-57a2d4851a1d" relativeResultsDirectory="41add422-97f9-4449-8249-159fd3f9afbf" />
    <UnitTestResult executionId="d1e0bd31-10c1-4ee8-88d4-6da208485017" testId="1f3819d1-36c5-4edf-94a8-57fc7a09357c" testName="FormatToStringTest1000 (12759.925747307914,12759.93 zł)" computerName="DESKTOP-5URQ9PB" duration="00:00:00.0000063" startTime="2022-06-13T21:11:26.6409828+02:00" endTime="2022-06-13T21:11:26.6410493+02:00" testType="13cdc9d9-ddb5-4fa4-a97d-d965ccfc6d4b" outcome="Passed" testListId="8c84fa94-04c1-424b-9868-57a2d4851a1d" relativeResultsDirectory="d1e0bd31-10c1-4ee8-88d4-6da208485017" />
    <UnitTestResult executionId="676ad9bd-72ec-4740-aaf0-90dbb666d836" testId="26a86bc8-0530-4b55-8d57-ead0650fd931" testName="FormatToStringTest1000 (32218.080508120394,32218.08 zł)" computerName="DESKTOP-5URQ9PB" duration="00:00:00.0000077" startTime="2022-06-13T21:11:26.3771556+02:00" endTime="2022-06-13T21:11:26.3772305+02:00" testType="13cdc9d9-ddb5-4fa4-a97d-d965ccfc6d4b" outcome="Passed" testListId="8c84fa94-04c1-424b-9868-57a2d4851a1d" relativeResultsDirectory="676ad9bd-72ec-4740-aaf0-90dbb666d836" />
    <UnitTestResult executionId="43e685ab-25df-406f-a917-73824ca93eda" testId="510cd81f-56f7-45bb-bdff-ac60a1c7981b" testName="FormatToStringTest1000 (480.2082316857801,480.21 zł)" computerName="DESKTOP-5URQ9PB" duration="00:00:00.0000058" startTime="2022-06-13T21:11:26.3837728+02:00" endTime="2022-06-13T21:11:26.3838371+02:00" testType="13cdc9d9-ddb5-4fa4-a97d-d965ccfc6d4b" outcome="Passed" testListId="8c84fa94-04c1-424b-9868-57a2d4851a1d" relativeResultsDirectory="43e685ab-25df-406f-a917-73824ca93eda" />
    <UnitTestResult executionId="bc7518e7-03b2-4e15-8395-56834b7594ba" testId="bca8420b-0350-43c6-9811-0fc7a4de2d0e" testName="FormatToStringTest1000 (16819.974312979717,16819.97 zł)" computerName="DESKTOP-5URQ9PB" duration="00:00:00.0000061" startTime="2022-06-13T21:11:26.4815657+02:00" endTime="2022-06-13T21:11:26.4816317+02:00" testType="13cdc9d9-ddb5-4fa4-a97d-d965ccfc6d4b" outcome="Passed" testListId="8c84fa94-04c1-424b-9868-57a2d4851a1d" relativeResultsDirectory="bc7518e7-03b2-4e15-8395-56834b7594ba" />
    <UnitTestResult executionId="04926900-9712-4586-84cf-674d19e04c30" testId="43a34b6b-539c-48f0-9f50-bd1b658bd556" testName="FormatToStringTest1000 (38402.8293406753,38402.83 zł)" computerName="DESKTOP-5URQ9PB" duration="00:00:00.0000064" startTime="2022-06-13T21:11:26.6229209+02:00" endTime="2022-06-13T21:11:26.6229834+02:00" testType="13cdc9d9-ddb5-4fa4-a97d-d965ccfc6d4b" outcome="Passed" testListId="8c84fa94-04c1-424b-9868-57a2d4851a1d" relativeResultsDirectory="04926900-9712-4586-84cf-674d19e04c30" />
    <UnitTestResult executionId="04eee842-d584-4bac-bd01-ae4102d46f87" testId="ea22b549-4b5b-43a6-a1fe-3e3f57154e0f" testName="FormatToStringTest1000 (15520.346099893259,15520.35 zł)" computerName="DESKTOP-5URQ9PB" duration="00:00:00.0000060" startTime="2022-06-13T21:11:26.5947521+02:00" endTime="2022-06-13T21:11:26.5948164+02:00" testType="13cdc9d9-ddb5-4fa4-a97d-d965ccfc6d4b" outcome="Passed" testListId="8c84fa94-04c1-424b-9868-57a2d4851a1d" relativeResultsDirectory="04eee842-d584-4bac-bd01-ae4102d46f87" />
    <UnitTestResult executionId="884ac976-5702-45e6-ac4e-2afa9397de5f" testId="c2e0bb80-ba31-4723-8654-d901d94c3d85" testName="FormatToStringTest1000 (40268.121943438484,40268.12 zł)" computerName="DESKTOP-5URQ9PB" duration="00:00:00.0000091" startTime="2022-06-13T21:11:26.4479507+02:00" endTime="2022-06-13T21:11:26.4480258+02:00" testType="13cdc9d9-ddb5-4fa4-a97d-d965ccfc6d4b" outcome="Passed" testListId="8c84fa94-04c1-424b-9868-57a2d4851a1d" relativeResultsDirectory="884ac976-5702-45e6-ac4e-2afa9397de5f" />
    <UnitTestResult executionId="18c2916b-d2ce-48f9-8f84-3109087e5e0e" testId="3868ae03-e9bf-4072-b8ec-cf2cfbe5d218" testName="FormatToStringTest1000 (17090.629587323234,17090.63 zł)" computerName="DESKTOP-5URQ9PB" duration="00:00:00.0000063" startTime="2022-06-13T21:11:26.4555240+02:00" endTime="2022-06-13T21:11:26.4555913+02:00" testType="13cdc9d9-ddb5-4fa4-a97d-d965ccfc6d4b" outcome="Passed" testListId="8c84fa94-04c1-424b-9868-57a2d4851a1d" relativeResultsDirectory="18c2916b-d2ce-48f9-8f84-3109087e5e0e" />
    <UnitTestResult executionId="b8b80d52-4d67-495e-b246-cf33053680f6" testId="40a88dbb-a665-4067-b4d4-dc4456682974" testName="FormatToStringTest1000 (54088.326214851964,54088.33 zł)" computerName="DESKTOP-5URQ9PB" duration="00:00:00.0000062" startTime="2022-06-13T21:11:26.3953204+02:00" endTime="2022-06-13T21:11:26.3953967+02:00" testType="13cdc9d9-ddb5-4fa4-a97d-d965ccfc6d4b" outcome="Passed" testListId="8c84fa94-04c1-424b-9868-57a2d4851a1d" relativeResultsDirectory="b8b80d52-4d67-495e-b246-cf33053680f6" />
    <UnitTestResult executionId="a3e5f8ac-bafa-4aa3-8673-36efd6fdb3f3" testId="3f938a86-cdfd-4380-9180-b983d8c86045" testName="FormatToStringTest1000 (15337.485230751097,15337.49 zł)" computerName="DESKTOP-5URQ9PB" duration="00:00:00.0000065" startTime="2022-06-13T21:11:26.4770585+02:00" endTime="2022-06-13T21:11:26.4771345+02:00" testType="13cdc9d9-ddb5-4fa4-a97d-d965ccfc6d4b" outcome="Passed" testListId="8c84fa94-04c1-424b-9868-57a2d4851a1d" relativeResultsDirectory="a3e5f8ac-bafa-4aa3-8673-36efd6fdb3f3" />
    <UnitTestResult executionId="228470a3-c37b-47ae-b21e-cbc0da8f9643" testId="2fa516d7-c494-4f02-9498-e814470edbdd" testName="FormatToStringTest1000 (15907.394871033446,15907.39 zł)" computerName="DESKTOP-5URQ9PB" duration="00:00:00.0000070" startTime="2022-06-13T21:11:26.5785270+02:00" endTime="2022-06-13T21:11:26.5785924+02:00" testType="13cdc9d9-ddb5-4fa4-a97d-d965ccfc6d4b" outcome="Passed" testListId="8c84fa94-04c1-424b-9868-57a2d4851a1d" relativeResultsDirectory="228470a3-c37b-47ae-b21e-cbc0da8f9643" />
    <UnitTestResult executionId="a116c86e-6c8a-4a05-9e41-170c8ff4a669" testId="273148fc-2a6c-4467-b9ea-5b7c1c6a5624" testName="FormatToStringTest1000 (13568.230982493717,13568.23 zł)" computerName="DESKTOP-5URQ9PB" duration="00:00:00.0000364" startTime="2022-06-13T21:11:26.5530411+02:00" endTime="2022-06-13T21:11:26.5534953+02:00" testType="13cdc9d9-ddb5-4fa4-a97d-d965ccfc6d4b" outcome="Passed" testListId="8c84fa94-04c1-424b-9868-57a2d4851a1d" relativeResultsDirectory="a116c86e-6c8a-4a05-9e41-170c8ff4a669" />
    <UnitTestResult executionId="873e2b4e-0333-4483-90d2-8ceaf62157ee" testId="af5a6cd3-1680-4645-afee-c8a566d4599b" testName="FormatToStringTest1000 (6145.531235831571,6145.53 zł)" computerName="DESKTOP-5URQ9PB" duration="00:00:00.0000069" startTime="2022-06-13T21:11:26.4616159+02:00" endTime="2022-06-13T21:11:26.4616829+02:00" testType="13cdc9d9-ddb5-4fa4-a97d-d965ccfc6d4b" outcome="Passed" testListId="8c84fa94-04c1-424b-9868-57a2d4851a1d" relativeResultsDirectory="873e2b4e-0333-4483-90d2-8ceaf62157ee" />
    <UnitTestResult executionId="ca345c4d-6f06-4759-b11b-5fefb9de46e8" testId="8bd6ad24-e1c8-4648-a5fa-07fee1a70bb7" testName="FormatToStringTest1000 (10857.521742201186,10857.52 zł)" computerName="DESKTOP-5URQ9PB" duration="00:00:00.0000063" startTime="2022-06-13T21:11:26.6412311+02:00" endTime="2022-06-13T21:11:26.6412954+02:00" testType="13cdc9d9-ddb5-4fa4-a97d-d965ccfc6d4b" outcome="Passed" testListId="8c84fa94-04c1-424b-9868-57a2d4851a1d" relativeResultsDirectory="ca345c4d-6f06-4759-b11b-5fefb9de46e8" />
    <UnitTestResult executionId="a5e55e96-daff-4608-856f-411923be5dd3" testId="21580011-acbc-419c-9710-55dcb9ab0c2e" testName="FormatToStringTest1000 (21961.272673999552,21961.27 zł)" computerName="DESKTOP-5URQ9PB" duration="00:00:00.0000063" startTime="2022-06-13T21:11:26.3703676+02:00" endTime="2022-06-13T21:11:26.3704402+02:00" testType="13cdc9d9-ddb5-4fa4-a97d-d965ccfc6d4b" outcome="Passed" testListId="8c84fa94-04c1-424b-9868-57a2d4851a1d" relativeResultsDirectory="a5e55e96-daff-4608-856f-411923be5dd3" />
    <UnitTestResult executionId="a44da675-981b-420a-9756-b7acee272b9e" testId="082ab218-e510-4568-8703-04a6216d7129" testName="FormatToStringTest1000 (35905.47425787219,35905.47 zł)" computerName="DESKTOP-5URQ9PB" duration="00:00:00.0000063" startTime="2022-06-13T21:11:26.7023679+02:00" endTime="2022-06-13T21:11:26.7024369+02:00" testType="13cdc9d9-ddb5-4fa4-a97d-d965ccfc6d4b" outcome="Passed" testListId="8c84fa94-04c1-424b-9868-57a2d4851a1d" relativeResultsDirectory="a44da675-981b-420a-9756-b7acee272b9e" />
    <UnitTestResult executionId="75812a84-2303-4278-8b2d-008bb9e2ebac" testId="6b77cd96-a81b-4f1a-9840-b8461e830bef" testName="FormatToStringTest1000 (5566.818038455592,5566.82 zł)" computerName="DESKTOP-5URQ9PB" duration="00:00:00.0000062" startTime="2022-06-13T21:11:26.6194657+02:00" endTime="2022-06-13T21:11:26.6195327+02:00" testType="13cdc9d9-ddb5-4fa4-a97d-d965ccfc6d4b" outcome="Passed" testListId="8c84fa94-04c1-424b-9868-57a2d4851a1d" relativeResultsDirectory="75812a84-2303-4278-8b2d-008bb9e2ebac" />
    <UnitTestResult executionId="77fe179b-4852-488c-ad0d-9b93424e337f" testId="d21632a0-036b-40d6-b805-771c52835d3d" testName="FormatToStringTest1000 (20068.867046961965,20068.87 zł)" computerName="DESKTOP-5URQ9PB" duration="00:00:00.0000061" startTime="2022-06-13T21:11:26.6002161+02:00" endTime="2022-06-13T21:11:26.6002855+02:00" testType="13cdc9d9-ddb5-4fa4-a97d-d965ccfc6d4b" outcome="Passed" testListId="8c84fa94-04c1-424b-9868-57a2d4851a1d" relativeResultsDirectory="77fe179b-4852-488c-ad0d-9b93424e337f" />
    <UnitTestResult executionId="6c262da8-19b5-4b7c-8e48-34fb64a3c65d" testId="2c1056a1-a0b0-4ff2-b43b-223840116787" testName="FormatToStringTest1000 (23980.12943509646,23980.13 zł)" computerName="DESKTOP-5URQ9PB" duration="00:00:00.0000059" startTime="2022-06-13T21:11:26.3954142+02:00" endTime="2022-06-13T21:11:26.3954788+02:00" testType="13cdc9d9-ddb5-4fa4-a97d-d965ccfc6d4b" outcome="Passed" testListId="8c84fa94-04c1-424b-9868-57a2d4851a1d" relativeResultsDirectory="6c262da8-19b5-4b7c-8e48-34fb64a3c65d" />
    <UnitTestResult executionId="1d786292-a6cb-47a0-b5f9-2a8afa01b740" testId="e8f35b80-a0ca-4753-8b63-6c862b3018e8" testName="FormatToStringTest1000 (19541.10539777116,19541.11 zł)" computerName="DESKTOP-5URQ9PB" duration="00:00:00.0000061" startTime="2022-06-13T21:11:26.3581134+02:00" endTime="2022-06-13T21:11:26.3581800+02:00" testType="13cdc9d9-ddb5-4fa4-a97d-d965ccfc6d4b" outcome="Passed" testListId="8c84fa94-04c1-424b-9868-57a2d4851a1d" relativeResultsDirectory="1d786292-a6cb-47a0-b5f9-2a8afa01b740" />
    <UnitTestResult executionId="4d7f61f2-b3f0-4315-9bd9-9ff377fca077" testId="f65c9e07-ac0f-447e-b2bd-caf1a0327d26" testName="FormatToStringTest1000 (46790.41011887715,46790.41 zł)" computerName="DESKTOP-5URQ9PB" duration="00:00:00.0000062" startTime="2022-06-13T21:11:26.5223955+02:00" endTime="2022-06-13T21:11:26.5224644+02:00" testType="13cdc9d9-ddb5-4fa4-a97d-d965ccfc6d4b" outcome="Passed" testListId="8c84fa94-04c1-424b-9868-57a2d4851a1d" relativeResultsDirectory="4d7f61f2-b3f0-4315-9bd9-9ff377fca077" />
    <UnitTestResult executionId="ba2eeb5f-c1e4-4a6d-bcea-abd63e4c078a" testId="cccd6a39-c984-4562-8299-78159039fe96" testName="FormatToStringTest1000 (54578.37303904275,54578.37 zł)" computerName="DESKTOP-5URQ9PB" duration="00:00:00.0000065" startTime="2022-06-13T21:11:26.4477668+02:00" endTime="2022-06-13T21:11:26.4478394+02:00" testType="13cdc9d9-ddb5-4fa4-a97d-d965ccfc6d4b" outcome="Passed" testListId="8c84fa94-04c1-424b-9868-57a2d4851a1d" relativeResultsDirectory="ba2eeb5f-c1e4-4a6d-bcea-abd63e4c078a" />
    <UnitTestResult executionId="287d7a19-e8f1-4772-b44d-cab33e876a82" testId="45b293bb-f22c-4a38-8b8c-91cb089e2159" testName="FormatToStringTest1000 (22743.19734205827,22743.20 zł)" computerName="DESKTOP-5URQ9PB" duration="00:00:00.0000069" startTime="2022-06-13T21:11:26.4609995+02:00" endTime="2022-06-13T21:11:26.4610778+02:00" testType="13cdc9d9-ddb5-4fa4-a97d-d965ccfc6d4b" outcome="Passed" testListId="8c84fa94-04c1-424b-9868-57a2d4851a1d" relativeResultsDirectory="287d7a19-e8f1-4772-b44d-cab33e876a82" />
    <UnitTestResult executionId="147503a0-1e93-4491-9ce5-d18ed311559e" testId="d6b89ad8-3afd-42ab-9996-32d3b539a368" testName="FormatToStringTest1000 (26468.346804109562,26468.35 zł)" computerName="DESKTOP-5URQ9PB" duration="00:00:00.0000069" startTime="2022-06-13T21:11:26.4473799+02:00" endTime="2022-06-13T21:11:26.4474652+02:00" testType="13cdc9d9-ddb5-4fa4-a97d-d965ccfc6d4b" outcome="Passed" testListId="8c84fa94-04c1-424b-9868-57a2d4851a1d" relativeResultsDirectory="147503a0-1e93-4491-9ce5-d18ed311559e" />
    <UnitTestResult executionId="3539ca62-c72d-4fac-9f33-e6888527e18d" testId="767d18dd-db43-4e9b-a771-1094c4a72d07" testName="FormatToStringTest1000 (22604.838218828587,22604.84 zł)" computerName="DESKTOP-5URQ9PB" duration="00:00:00.0000061" startTime="2022-06-13T21:11:26.3549902+02:00" endTime="2022-06-13T21:11:26.3550546+02:00" testType="13cdc9d9-ddb5-4fa4-a97d-d965ccfc6d4b" outcome="Passed" testListId="8c84fa94-04c1-424b-9868-57a2d4851a1d" relativeResultsDirectory="3539ca62-c72d-4fac-9f33-e6888527e18d" />
    <UnitTestResult executionId="9996cc84-00d4-462e-9f4f-6bf3ffa705e5" testId="c1d65603-967a-478f-ad51-d9cb94ae2a48" testName="FormatToStringTest1000 (1664.7834932994022,1664.78 zł)" computerName="DESKTOP-5URQ9PB" duration="00:00:00.0000061" startTime="2022-06-13T21:11:26.7090977+02:00" endTime="2022-06-13T21:11:26.7091624+02:00" testType="13cdc9d9-ddb5-4fa4-a97d-d965ccfc6d4b" outcome="Passed" testListId="8c84fa94-04c1-424b-9868-57a2d4851a1d" relativeResultsDirectory="9996cc84-00d4-462e-9f4f-6bf3ffa705e5" />
    <UnitTestResult executionId="a1d8e95b-9635-448e-9221-0e6b5119f365" testId="1e5fb9c2-00d6-4cb2-9c6b-fea89dc09575" testName="FormatToStringTest1000 (26515.80237687929,26515.80 zł)" computerName="DESKTOP-5URQ9PB" duration="00:00:00.0000060" startTime="2022-06-13T21:11:26.3461203+02:00" endTime="2022-06-13T21:11:26.3461842+02:00" testType="13cdc9d9-ddb5-4fa4-a97d-d965ccfc6d4b" outcome="Passed" testListId="8c84fa94-04c1-424b-9868-57a2d4851a1d" relativeResultsDirectory="a1d8e95b-9635-448e-9221-0e6b5119f365" />
    <UnitTestResult executionId="a3aa0c7b-033f-40ad-bd08-140f4c8f6378" testId="a60176f5-6817-4e52-82e7-2cbc738fb5a6" testName="FormatToStringTest1000 (1011.9989482094529,1012.00 zł)" computerName="DESKTOP-5URQ9PB" duration="00:00:00.0000063" startTime="2022-06-13T21:11:26.5847278+02:00" endTime="2022-06-13T21:11:26.5848003+02:00" testType="13cdc9d9-ddb5-4fa4-a97d-d965ccfc6d4b" outcome="Passed" testListId="8c84fa94-04c1-424b-9868-57a2d4851a1d" relativeResultsDirectory="a3aa0c7b-033f-40ad-bd08-140f4c8f6378" />
    <UnitTestResult executionId="36485283-2230-4a08-a0bf-00f448eac7f0" testId="0412092d-f10b-4364-8f70-7892577bb017" testName="FormatToStringTest1000 (23023.74724929768,23023.75 zł)" computerName="DESKTOP-5URQ9PB" duration="00:00:00.0000274" startTime="2022-06-13T21:11:26.5683951+02:00" endTime="2022-06-13T21:11:26.5685775+02:00" testType="13cdc9d9-ddb5-4fa4-a97d-d965ccfc6d4b" outcome="Passed" testListId="8c84fa94-04c1-424b-9868-57a2d4851a1d" relativeResultsDirectory="36485283-2230-4a08-a0bf-00f448eac7f0" />
    <UnitTestResult executionId="bd8ea211-2edf-4321-8e78-05757a877874" testId="bdce4977-321d-4fcb-8b63-ab8dcd97d92d" testName="FormatToStringTest1000 (73477.18206926118,73477.18 zł)" computerName="DESKTOP-5URQ9PB" duration="00:00:00.0000063" startTime="2022-06-13T21:11:26.4937585+02:00" endTime="2022-06-13T21:11:26.4938260+02:00" testType="13cdc9d9-ddb5-4fa4-a97d-d965ccfc6d4b" outcome="Passed" testListId="8c84fa94-04c1-424b-9868-57a2d4851a1d" relativeResultsDirectory="bd8ea211-2edf-4321-8e78-05757a877874" />
    <UnitTestResult executionId="4b13ec71-7940-4733-a426-1067bb115b1b" testId="0ca1af61-6f48-4932-95b5-349d082b7986" testName="FormatToStringTest1000 (11829.625994884234,11829.63 zł)" computerName="DESKTOP-5URQ9PB" duration="00:00:00.0000125" startTime="2022-06-13T21:11:26.5029324+02:00" endTime="2022-06-13T21:11:26.5030814+02:00" testType="13cdc9d9-ddb5-4fa4-a97d-d965ccfc6d4b" outcome="Passed" testListId="8c84fa94-04c1-424b-9868-57a2d4851a1d" relativeResultsDirectory="4b13ec71-7940-4733-a426-1067bb115b1b" />
    <UnitTestResult executionId="5d2a32bc-d73f-4bc5-8ab1-2a35e684ff3b" testId="7e881a68-bc5f-499a-8612-ebbb28de203a" testName="FormatToStringTest1000 (51632.87002968503,51632.87 zł)" computerName="DESKTOP-5URQ9PB" duration="00:00:00.0000061" startTime="2022-06-13T21:11:26.4346586+02:00" endTime="2022-06-13T21:11:26.4347251+02:00" testType="13cdc9d9-ddb5-4fa4-a97d-d965ccfc6d4b" outcome="Passed" testListId="8c84fa94-04c1-424b-9868-57a2d4851a1d" relativeResultsDirectory="5d2a32bc-d73f-4bc5-8ab1-2a35e684ff3b" />
    <UnitTestResult executionId="e963d6fc-6ede-413b-b8d3-db3846d3158c" testId="1b4bfbe7-a64d-44df-85a7-8f9b7c24764c" testName="FormatToStringTest1000 (40889.35187774214,40889.35 zł)" computerName="DESKTOP-5URQ9PB" duration="00:00:00.0000064" startTime="2022-06-13T21:11:26.6451363+02:00" endTime="2022-06-13T21:11:26.6452035+02:00" testType="13cdc9d9-ddb5-4fa4-a97d-d965ccfc6d4b" outcome="Passed" testListId="8c84fa94-04c1-424b-9868-57a2d4851a1d" relativeResultsDirectory="e963d6fc-6ede-413b-b8d3-db3846d3158c" />
    <UnitTestResult executionId="fb88870c-65af-4cf6-98df-77e61488cb48" testId="449cdf06-6b17-456c-8115-d18226566be2" testName="FormatToStringTest1000 (65947.64520381515,65947.65 zł)" computerName="DESKTOP-5URQ9PB" duration="00:00:00.0000061" startTime="2022-06-13T21:11:26.5319610+02:00" endTime="2022-06-13T21:11:26.5320279+02:00" testType="13cdc9d9-ddb5-4fa4-a97d-d965ccfc6d4b" outcome="Passed" testListId="8c84fa94-04c1-424b-9868-57a2d4851a1d" relativeResultsDirectory="fb88870c-65af-4cf6-98df-77e61488cb48" />
    <UnitTestResult executionId="74d4f661-9b06-4874-992b-b8235ffe32d6" testId="94b442d5-501e-4844-b33f-d5448b20ea4a" testName="FormatToStringTest1000 (12577.642620996872,12577.64 zł)" computerName="DESKTOP-5URQ9PB" duration="00:00:00.0000060" startTime="2022-06-13T21:11:26.4030443+02:00" endTime="2022-06-13T21:11:26.4031110+02:00" testType="13cdc9d9-ddb5-4fa4-a97d-d965ccfc6d4b" outcome="Passed" testListId="8c84fa94-04c1-424b-9868-57a2d4851a1d" relativeResultsDirectory="74d4f661-9b06-4874-992b-b8235ffe32d6" />
    <UnitTestResult executionId="29f6d6d5-6697-409c-a6d0-028795b046f5" testId="fed2082d-82f9-4347-ba28-23e216e82f6b" testName="FormatToStringTest1000 (54304.07738935393,54304.08 zł)" computerName="DESKTOP-5URQ9PB" duration="00:00:00.0000061" startTime="2022-06-13T21:11:26.7123872+02:00" endTime="2022-06-13T21:11:26.7124527+02:00" testType="13cdc9d9-ddb5-4fa4-a97d-d965ccfc6d4b" outcome="Passed" testListId="8c84fa94-04c1-424b-9868-57a2d4851a1d" relativeResultsDirectory="29f6d6d5-6697-409c-a6d0-028795b046f5" />
    <UnitTestResult executionId="1fffdb3d-669c-4232-aca3-ab074ef3aa01" testId="5504d06e-072d-4cef-bffe-65b7d39ea916" testName="FormatToStringTest1000 (3588.260979617136,3588.26 zł)" computerName="DESKTOP-5URQ9PB" duration="00:00:00.0000061" startTime="2022-06-13T21:11:26.6599606+02:00" endTime="2022-06-13T21:11:26.6600258+02:00" testType="13cdc9d9-ddb5-4fa4-a97d-d965ccfc6d4b" outcome="Passed" testListId="8c84fa94-04c1-424b-9868-57a2d4851a1d" relativeResultsDirectory="1fffdb3d-669c-4232-aca3-ab074ef3aa01" />
    <UnitTestResult executionId="5a7b2c3b-9998-418f-97e1-4e2907b0483c" testId="1ec72b41-42f7-4d76-9a0d-cb13e8d2ca27" testName="FormatToStringTest1000 (67109.22110940759,67109.22 zł)" computerName="DESKTOP-5URQ9PB" duration="00:00:00.0000107" startTime="2022-06-13T21:11:26.6596465+02:00" endTime="2022-06-13T21:11:26.6597677+02:00" testType="13cdc9d9-ddb5-4fa4-a97d-d965ccfc6d4b" outcome="Passed" testListId="8c84fa94-04c1-424b-9868-57a2d4851a1d" relativeResultsDirectory="5a7b2c3b-9998-418f-97e1-4e2907b0483c" />
    <UnitTestResult executionId="4b3cfb0c-d9ed-48fc-a6e8-0a9982a1228a" testId="049ba34b-86e1-4447-8b52-9915a8392af4" testName="FormatToStringTest1000 (26015.8311952552,26015.83 zł)" computerName="DESKTOP-5URQ9PB" duration="00:00:00.0000064" startTime="2022-06-13T21:11:26.4414812+02:00" endTime="2022-06-13T21:11:26.4415549+02:00" testType="13cdc9d9-ddb5-4fa4-a97d-d965ccfc6d4b" outcome="Passed" testListId="8c84fa94-04c1-424b-9868-57a2d4851a1d" relativeResultsDirectory="4b3cfb0c-d9ed-48fc-a6e8-0a9982a1228a" />
    <UnitTestResult executionId="037335d0-3ccd-4f62-91d0-8d438b009a95" testId="22d2b62e-89f5-4f93-a572-7611f4556c6b" testName="FormatToStringTest1000 (27751.474436297303,27751.47 zł)" computerName="DESKTOP-5URQ9PB" duration="00:00:00.0000063" startTime="2022-06-13T21:11:26.6227573+02:00" endTime="2022-06-13T21:11:26.6228221+02:00" testType="13cdc9d9-ddb5-4fa4-a97d-d965ccfc6d4b" outcome="Passed" testListId="8c84fa94-04c1-424b-9868-57a2d4851a1d" relativeResultsDirectory="037335d0-3ccd-4f62-91d0-8d438b009a95" />
    <UnitTestResult executionId="bed9900b-7c76-44ce-b654-63368fb933b3" testId="3ddd71e1-db76-4715-b2f2-8255f6e2563d" testName="FormatToStringTest1000 (70581.91150977784,70581.91 zł)" computerName="DESKTOP-5URQ9PB" duration="00:00:00.0000522" startTime="2022-06-13T21:11:26.5601014+02:00" endTime="2022-06-13T21:11:26.5607034+02:00" testType="13cdc9d9-ddb5-4fa4-a97d-d965ccfc6d4b" outcome="Passed" testListId="8c84fa94-04c1-424b-9868-57a2d4851a1d" relativeResultsDirectory="bed9900b-7c76-44ce-b654-63368fb933b3" />
    <UnitTestResult executionId="0732cf26-aa5c-4bfc-90a3-5692fd303b0e" testId="88688f8b-8220-45c9-be0e-ddf070f60f1e" testName="FormatToStringTest1000 (70771.4436677524,70771.44 zł)" computerName="DESKTOP-5URQ9PB" duration="00:00:00.0000064" startTime="2022-06-13T21:11:26.3772484+02:00" endTime="2022-06-13T21:11:26.3773226+02:00" testType="13cdc9d9-ddb5-4fa4-a97d-d965ccfc6d4b" outcome="Passed" testListId="8c84fa94-04c1-424b-9868-57a2d4851a1d" relativeResultsDirectory="0732cf26-aa5c-4bfc-90a3-5692fd303b0e" />
    <UnitTestResult executionId="da75f791-0c99-4280-a360-53b8787abe27" testId="23882bea-685a-415f-9ea3-1199786c3d5a" testName="FormatToStringTest1000 (15509.637406484986,15509.64 zł)" computerName="DESKTOP-5URQ9PB" duration="00:00:00.0000060" startTime="2022-06-13T21:11:26.3923812+02:00" endTime="2022-06-13T21:11:26.3924467+02:00" testType="13cdc9d9-ddb5-4fa4-a97d-d965ccfc6d4b" outcome="Passed" testListId="8c84fa94-04c1-424b-9868-57a2d4851a1d" relativeResultsDirectory="da75f791-0c99-4280-a360-53b8787abe27" />
    <UnitTestResult executionId="b7833200-a0b6-4aae-826e-c26cd35ce9ee" testId="595432ab-a545-436d-978b-e9528b65b4c6" testName="FormatToStringTest1000 (7202.052143613367,7202.05 zł)" computerName="DESKTOP-5URQ9PB" duration="00:00:00.0000062" startTime="2022-06-13T21:11:26.6355652+02:00" endTime="2022-06-13T21:11:26.6356303+02:00" testType="13cdc9d9-ddb5-4fa4-a97d-d965ccfc6d4b" outcome="Passed" testListId="8c84fa94-04c1-424b-9868-57a2d4851a1d" relativeResultsDirectory="b7833200-a0b6-4aae-826e-c26cd35ce9ee" />
    <UnitTestResult executionId="0351baab-ae94-4e1e-8f05-9bf243023573" testId="7e1c4278-5c96-4f4c-83f8-d5fc952b034e" testName="FormatToStringTest1000 (7119.076353227755,7119.08 zł)" computerName="DESKTOP-5URQ9PB" duration="00:00:00.0000069" startTime="2022-06-13T21:11:26.5747267+02:00" endTime="2022-06-13T21:11:26.5748058+02:00" testType="13cdc9d9-ddb5-4fa4-a97d-d965ccfc6d4b" outcome="Passed" testListId="8c84fa94-04c1-424b-9868-57a2d4851a1d" relativeResultsDirectory="0351baab-ae94-4e1e-8f05-9bf243023573" />
    <UnitTestResult executionId="ea3123b7-1d9e-46c3-b4b7-7214e5671c50" testId="6d635681-85b4-4703-a00c-36146fd85e1f" testName="FormatToStringTest1000 (30034.922435005625,30034.92 zł)" computerName="DESKTOP-5URQ9PB" duration="00:00:00.0000063" startTime="2022-06-13T21:11:26.6792687+02:00" endTime="2022-06-13T21:11:26.6793336+02:00" testType="13cdc9d9-ddb5-4fa4-a97d-d965ccfc6d4b" outcome="Passed" testListId="8c84fa94-04c1-424b-9868-57a2d4851a1d" relativeResultsDirectory="ea3123b7-1d9e-46c3-b4b7-7214e5671c50" />
    <UnitTestResult executionId="db604d1e-7ff9-407a-b6f6-f367fb5422b0" testId="ff50ea74-0a66-48ae-9f8e-a9a2dcd450cf" testName="FormatToStringTest1000 (5628.028273674672,5628.03 zł)" computerName="DESKTOP-5URQ9PB" duration="00:00:00.0000062" startTime="2022-06-13T21:11:26.3063325+02:00" endTime="2022-06-13T21:11:26.3064038+02:00" testType="13cdc9d9-ddb5-4fa4-a97d-d965ccfc6d4b" outcome="Passed" testListId="8c84fa94-04c1-424b-9868-57a2d4851a1d" relativeResultsDirectory="db604d1e-7ff9-407a-b6f6-f367fb5422b0" />
    <UnitTestResult executionId="fdefbedd-0b42-4932-bed7-0c5fc912d389" testId="82e99376-ee78-41c8-b818-a2d06c53077e" testName="FormatToStringTest1000 (8514.837538072763,8514.84 zł)" computerName="DESKTOP-5URQ9PB" duration="00:00:00.0000062" startTime="2022-06-13T21:11:26.7091796+02:00" endTime="2022-06-13T21:11:26.7092441+02:00" testType="13cdc9d9-ddb5-4fa4-a97d-d965ccfc6d4b" outcome="Passed" testListId="8c84fa94-04c1-424b-9868-57a2d4851a1d" relativeResultsDirectory="fdefbedd-0b42-4932-bed7-0c5fc912d389" />
    <UnitTestResult executionId="a2177320-f1dc-47b3-93c9-ee239eb175e4" testId="46f72e71-f8c6-4cca-ae2e-2ce72f2720ef" testName="FormatToStringTest1000 (65809.35218338219,65809.35 zł)" computerName="DESKTOP-5URQ9PB" duration="00:00:00.0000136" startTime="2022-06-13T21:11:26.6912983+02:00" endTime="2022-06-13T21:11:26.6913765+02:00" testType="13cdc9d9-ddb5-4fa4-a97d-d965ccfc6d4b" outcome="Passed" testListId="8c84fa94-04c1-424b-9868-57a2d4851a1d" relativeResultsDirectory="a2177320-f1dc-47b3-93c9-ee239eb175e4" />
    <UnitTestResult executionId="d731382d-2ee6-43e1-89f5-1dc6cb7e406f" testId="6e0c44db-eec7-4b28-b1e8-6a2d3a3d4b71" testName="FormatToStringTest1000 (2339.5873176472205,2339.59 zł)" computerName="DESKTOP-5URQ9PB" duration="00:00:00.0000062" startTime="2022-06-13T21:11:26.5124542+02:00" endTime="2022-06-13T21:11:26.5125220+02:00" testType="13cdc9d9-ddb5-4fa4-a97d-d965ccfc6d4b" outcome="Passed" testListId="8c84fa94-04c1-424b-9868-57a2d4851a1d" relativeResultsDirectory="d731382d-2ee6-43e1-89f5-1dc6cb7e406f" />
    <UnitTestResult executionId="f4f36a13-7146-47bc-9afb-b3362d1552c1" testId="39443ae8-2dcc-4bfe-bae0-0fd358987846" testName="FormatToStringTest1000 (759.247198292635,759.25 zł)" computerName="DESKTOP-5URQ9PB" duration="00:00:00.0000068" startTime="2022-06-13T21:11:26.4442748+02:00" endTime="2022-06-13T21:11:26.4443561+02:00" testType="13cdc9d9-ddb5-4fa4-a97d-d965ccfc6d4b" outcome="Passed" testListId="8c84fa94-04c1-424b-9868-57a2d4851a1d" relativeResultsDirectory="f4f36a13-7146-47bc-9afb-b3362d1552c1" />
    <UnitTestResult executionId="1cb3e6bb-503c-4fc5-a9f9-3b6ed8ebbda0" testId="6134052d-ccf6-4821-88ad-cd550aac16ed" testName="FormatToStringTest1000 (6213.265206352466,6213.27 zł)" computerName="DESKTOP-5URQ9PB" duration="00:00:00.0000064" startTime="2022-06-13T21:11:26.4674868+02:00" endTime="2022-06-13T21:11:26.4675559+02:00" testType="13cdc9d9-ddb5-4fa4-a97d-d965ccfc6d4b" outcome="Passed" testListId="8c84fa94-04c1-424b-9868-57a2d4851a1d" relativeResultsDirectory="1cb3e6bb-503c-4fc5-a9f9-3b6ed8ebbda0" />
    <UnitTestResult executionId="65d76b98-d332-40ed-be63-2923584c0f94" testId="84b05ea2-6fef-4e94-a12d-397fc9621ec7" testName="FormatToStringTest1000 (28972.23604401212,28972.24 zł)" computerName="DESKTOP-5URQ9PB" duration="00:00:00.0000064" startTime="2022-06-13T21:11:26.5845451+02:00" endTime="2022-06-13T21:11:26.5846188+02:00" testType="13cdc9d9-ddb5-4fa4-a97d-d965ccfc6d4b" outcome="Passed" testListId="8c84fa94-04c1-424b-9868-57a2d4851a1d" relativeResultsDirectory="65d76b98-d332-40ed-be63-2923584c0f94" />
    <UnitTestResult executionId="fe45f12d-aa4e-4422-959b-a2504a4b6428" testId="fa93e76d-c4f7-4ebe-8c0e-9230e513014e" testName="FormatToStringTest1000 (20012.898273490322,20012.90 zł)" computerName="DESKTOP-5URQ9PB" duration="00:00:00.0000069" startTime="2022-06-13T21:11:26.4407820+02:00" endTime="2022-06-13T21:11:26.4408669+02:00" testType="13cdc9d9-ddb5-4fa4-a97d-d965ccfc6d4b" outcome="Passed" testListId="8c84fa94-04c1-424b-9868-57a2d4851a1d" relativeResultsDirectory="fe45f12d-aa4e-4422-959b-a2504a4b6428" />
    <UnitTestResult executionId="2919e178-8d93-469f-a53a-c8239e0ff703" testId="b5578f10-db7f-4be0-97e1-e8253e4448ab" testName="FormatToStringTest1000 (75350.77330865282,75350.77 zł)" computerName="DESKTOP-5URQ9PB" duration="00:00:00.0000062" startTime="2022-06-13T21:11:26.3740912+02:00" endTime="2022-06-13T21:11:26.3741621+02:00" testType="13cdc9d9-ddb5-4fa4-a97d-d965ccfc6d4b" outcome="Passed" testListId="8c84fa94-04c1-424b-9868-57a2d4851a1d" relativeResultsDirectory="2919e178-8d93-469f-a53a-c8239e0ff703" />
    <UnitTestResult executionId="61a7d7b4-15cb-4dcf-92d6-cb9ab614ac66" testId="f5a5e0ea-6f39-4ebd-ab69-97447315ec89" testName="FormatToStringTest1000 (4525.609305084501,4525.61 zł)" computerName="DESKTOP-5URQ9PB" duration="00:00:00.0000061" startTime="2022-06-13T21:11:26.5917962+02:00" endTime="2022-06-13T21:11:26.5918602+02:00" testType="13cdc9d9-ddb5-4fa4-a97d-d965ccfc6d4b" outcome="Passed" testListId="8c84fa94-04c1-424b-9868-57a2d4851a1d" relativeResultsDirectory="61a7d7b4-15cb-4dcf-92d6-cb9ab614ac66" />
    <UnitTestResult executionId="ebb3ed29-8126-4d35-942f-c13baf034072" testId="0f1bdfea-2004-42f0-9ab0-419e90428f67" testName="FormatToStringTest1000 (52020.805412759444,52020.81 zł)" computerName="DESKTOP-5URQ9PB" duration="00:00:00.0000060" startTime="2022-06-13T21:11:26.3674161+02:00" endTime="2022-06-13T21:11:26.3674869+02:00" testType="13cdc9d9-ddb5-4fa4-a97d-d965ccfc6d4b" outcome="Passed" testListId="8c84fa94-04c1-424b-9868-57a2d4851a1d" relativeResultsDirectory="ebb3ed29-8126-4d35-942f-c13baf034072" />
    <UnitTestResult executionId="6ae843cc-3672-40b4-aa16-35dc6458845b" testId="cef3b138-8a78-499d-84c3-975b5f6e3026" testName="FormatToStringTest1000 (14475.498583194567,14475.50 zł)" computerName="DESKTOP-5URQ9PB" duration="00:00:00.0000062" startTime="2022-06-13T21:11:26.6825046+02:00" endTime="2022-06-13T21:11:26.6825687+02:00" testType="13cdc9d9-ddb5-4fa4-a97d-d965ccfc6d4b" outcome="Passed" testListId="8c84fa94-04c1-424b-9868-57a2d4851a1d" relativeResultsDirectory="6ae843cc-3672-40b4-aa16-35dc6458845b" />
    <UnitTestResult executionId="33d763a1-6f84-4f20-9081-f52e1f2a3390" testId="7ce888d9-e559-4d0d-a212-593d07852f5f" testName="FormatToStringTest1000 (6173.0243155793405,6173.02 zł)" computerName="DESKTOP-5URQ9PB" duration="00:00:00.0000062" startTime="2022-06-13T21:11:26.5885306+02:00" endTime="2022-06-13T21:11:26.5885948+02:00" testType="13cdc9d9-ddb5-4fa4-a97d-d965ccfc6d4b" outcome="Passed" testListId="8c84fa94-04c1-424b-9868-57a2d4851a1d" relativeResultsDirectory="33d763a1-6f84-4f20-9081-f52e1f2a3390" />
    <UnitTestResult executionId="6b9175de-7b25-44aa-8248-a1e3e32de703" testId="279f8d13-64c5-4c40-8996-c36cb7637949" testName="FormatToStringTest1000 (17418.31302247863,17418.31 zł)" computerName="DESKTOP-5URQ9PB" duration="00:00:00.0000062" startTime="2022-06-13T21:11:26.4550892+02:00" endTime="2022-06-13T21:11:26.4551557+02:00" testType="13cdc9d9-ddb5-4fa4-a97d-d965ccfc6d4b" outcome="Passed" testListId="8c84fa94-04c1-424b-9868-57a2d4851a1d" relativeResultsDirectory="6b9175de-7b25-44aa-8248-a1e3e32de703" />
    <UnitTestResult executionId="7df50250-e61b-4dfe-8d48-ad0d104fda41" testId="1d292a85-da90-490c-990e-c5fc6a7f856a" testName="FormatToStringTest1000 (16161.963229990548,16161.96 zł)" computerName="DESKTOP-5URQ9PB" duration="00:00:00.0000064" startTime="2022-06-13T21:11:26.6123147+02:00" endTime="2022-06-13T21:11:26.6123876+02:00" testType="13cdc9d9-ddb5-4fa4-a97d-d965ccfc6d4b" outcome="Passed" testListId="8c84fa94-04c1-424b-9868-57a2d4851a1d" relativeResultsDirectory="7df50250-e61b-4dfe-8d48-ad0d104fda41" />
    <UnitTestResult executionId="824286de-646f-4fd1-846c-c4c3a15b85bc" testId="5ab73352-cd77-4dae-befb-b27c4178f3b7" testName="FormatToStringTest1000 (4857.211933034105,4857.21 zł)" computerName="DESKTOP-5URQ9PB" duration="00:00:00.0000063" startTime="2022-06-13T21:11:26.7089265+02:00" endTime="2022-06-13T21:11:26.7089950+02:00" testType="13cdc9d9-ddb5-4fa4-a97d-d965ccfc6d4b" outcome="Passed" testListId="8c84fa94-04c1-424b-9868-57a2d4851a1d" relativeResultsDirectory="824286de-646f-4fd1-846c-c4c3a15b85bc" />
    <UnitTestResult executionId="71a435e8-74ef-4ef8-9a05-64709948de25" testId="8ef108bc-c5b1-476e-8147-b370ab1b8527" testName="FormatToStringTest1000 (1549.6599114973376,1549.66 zł)" computerName="DESKTOP-5URQ9PB" duration="00:00:00.0000081" startTime="2022-06-13T21:11:26.7056754+02:00" endTime="2022-06-13T21:11:26.7057632+02:00" testType="13cdc9d9-ddb5-4fa4-a97d-d965ccfc6d4b" outcome="Passed" testListId="8c84fa94-04c1-424b-9868-57a2d4851a1d" relativeResultsDirectory="71a435e8-74ef-4ef8-9a05-64709948de25" />
    <UnitTestResult executionId="46b8d7dd-f1d0-476e-883b-9454f2f39497" testId="426fea2d-3d0e-417f-81dc-2c7f7f9a1c06" testName="FormatToStringTest1000 (1130.8119115372242,1130.81 zł)" computerName="DESKTOP-5URQ9PB" duration="00:00:00.0000060" startTime="2022-06-13T21:11:26.7060561+02:00" endTime="2022-06-13T21:11:26.7061205+02:00" testType="13cdc9d9-ddb5-4fa4-a97d-d965ccfc6d4b" outcome="Passed" testListId="8c84fa94-04c1-424b-9868-57a2d4851a1d" relativeResultsDirectory="46b8d7dd-f1d0-476e-883b-9454f2f39497" />
    <UnitTestResult executionId="28440687-8038-4098-86fb-a3e0d0dda1c8" testId="b20d0771-3e6b-4fc9-a892-61846dc12663" testName="FormatToStringTest1000 (58191.92113629585,58191.92 zł)" computerName="DESKTOP-5URQ9PB" duration="00:00:00.0000060" startTime="2022-06-13T21:11:26.5945895+02:00" endTime="2022-06-13T21:11:26.5946531+02:00" testType="13cdc9d9-ddb5-4fa4-a97d-d965ccfc6d4b" outcome="Passed" testListId="8c84fa94-04c1-424b-9868-57a2d4851a1d" relativeResultsDirectory="28440687-8038-4098-86fb-a3e0d0dda1c8" />
    <UnitTestResult executionId="6166a111-ee87-4348-9020-91153ac727d9" testId="1b79f265-432b-499f-863a-27c09fd4810d" testName="FormatToStringTest1000 (4669.392596858271,4669.39 zł)" computerName="DESKTOP-5URQ9PB" duration="00:00:00.0000061" startTime="2022-06-13T21:11:26.4284875+02:00" endTime="2022-06-13T21:11:26.4285550+02:00" testType="13cdc9d9-ddb5-4fa4-a97d-d965ccfc6d4b" outcome="Passed" testListId="8c84fa94-04c1-424b-9868-57a2d4851a1d" relativeResultsDirectory="6166a111-ee87-4348-9020-91153ac727d9" />
    <UnitTestResult executionId="68cbdcef-0d70-4ce3-a391-c3af5e5997e8" testId="bf6e6063-1273-4d59-9c72-6dec6da85af3" testName="FormatToStringTest1000 (56286.70397975702,56286.70 zł)" computerName="DESKTOP-5URQ9PB" duration="00:00:00.0000110" startTime="2022-06-13T21:11:26.6091064+02:00" endTime="2022-06-13T21:11:26.6092303+02:00" testType="13cdc9d9-ddb5-4fa4-a97d-d965ccfc6d4b" outcome="Passed" testListId="8c84fa94-04c1-424b-9868-57a2d4851a1d" relativeResultsDirectory="68cbdcef-0d70-4ce3-a391-c3af5e5997e8" />
    <UnitTestResult executionId="ccf7f478-725e-49c3-b8d5-3e4d0c07de10" testId="9598c835-c2f4-483c-b256-ffedd304e546" testName="FormatToStringTest1000 (39314.52353688401,39314.52 zł)" computerName="DESKTOP-5URQ9PB" duration="00:00:00.0000060" startTime="2022-06-13T21:11:26.6167721+02:00" endTime="2022-06-13T21:11:26.6168358+02:00" testType="13cdc9d9-ddb5-4fa4-a97d-d965ccfc6d4b" outcome="Passed" testListId="8c84fa94-04c1-424b-9868-57a2d4851a1d" relativeResultsDirectory="ccf7f478-725e-49c3-b8d5-3e4d0c07de10" />
    <UnitTestResult executionId="37ade23c-2d2e-4eb7-8cdf-b85428f079fc" testId="9c5cd6ad-4a9e-4367-94ae-44f970b8df3f" testName="FormatToStringTest1000 (27164.0272410419,27164.03 zł)" computerName="DESKTOP-5URQ9PB" duration="00:00:00.0000065" startTime="2022-06-13T21:11:26.4549205+02:00" endTime="2022-06-13T21:11:26.4549858+02:00" testType="13cdc9d9-ddb5-4fa4-a97d-d965ccfc6d4b" outcome="Passed" testListId="8c84fa94-04c1-424b-9868-57a2d4851a1d" relativeResultsDirectory="37ade23c-2d2e-4eb7-8cdf-b85428f079fc" />
    <UnitTestResult executionId="113d1ba3-7f3c-47bd-85d7-b8114897393e" testId="ac82fa26-7889-4974-b03d-0bedfe6118d1" testName="FormatToStringTest1000 (60299.23738666309,60299.24 zł)" computerName="DESKTOP-5URQ9PB" duration="00:00:00.0000062" startTime="2022-06-13T21:11:26.5218635+02:00" endTime="2022-06-13T21:11:26.5219316+02:00" testType="13cdc9d9-ddb5-4fa4-a97d-d965ccfc6d4b" outcome="Passed" testListId="8c84fa94-04c1-424b-9868-57a2d4851a1d" relativeResultsDirectory="113d1ba3-7f3c-47bd-85d7-b8114897393e" />
    <UnitTestResult executionId="dffc0c1e-cd32-4e7b-b106-84946222dbfb" testId="7901054c-f48d-4ba9-81cc-4a587bc64503" testName="FormatToStringTest1000 (24695.917440203913,24695.92 zł)" computerName="DESKTOP-5URQ9PB" duration="00:00:00.0000291" startTime="2022-06-13T21:11:26.5608006+02:00" endTime="2022-06-13T21:11:26.5611329+02:00" testType="13cdc9d9-ddb5-4fa4-a97d-d965ccfc6d4b" outcome="Passed" testListId="8c84fa94-04c1-424b-9868-57a2d4851a1d" relativeResultsDirectory="dffc0c1e-cd32-4e7b-b106-84946222dbfb" />
    <UnitTestResult executionId="b5a4d5b9-43ca-46fe-967b-662908867930" testId="8e864e76-7e79-407f-8a13-2f5d937a0624" testName="FormatToStringTest1000 (21728.91641959963,21728.92 zł)" computerName="DESKTOP-5URQ9PB" duration="00:00:00.0000064" startTime="2022-06-13T21:11:26.7183171+02:00" endTime="2022-06-13T21:11:26.7183883+02:00" testType="13cdc9d9-ddb5-4fa4-a97d-d965ccfc6d4b" outcome="Passed" testListId="8c84fa94-04c1-424b-9868-57a2d4851a1d" relativeResultsDirectory="b5a4d5b9-43ca-46fe-967b-662908867930" />
    <UnitTestResult executionId="de361ffc-2e25-43e7-aa4b-eb9c500c5fb9" testId="394fe344-70fc-4538-a138-170cda5f5b8e" testName="FormatToStringTest1000 (14137.400697779563,14137.40 zł)" computerName="DESKTOP-5URQ9PB" duration="00:00:00.0000063" startTime="2022-06-13T21:11:26.7151144+02:00" endTime="2022-06-13T21:11:26.7151794+02:00" testType="13cdc9d9-ddb5-4fa4-a97d-d965ccfc6d4b" outcome="Passed" testListId="8c84fa94-04c1-424b-9868-57a2d4851a1d" relativeResultsDirectory="de361ffc-2e25-43e7-aa4b-eb9c500c5fb9" />
    <UnitTestResult executionId="d489ab74-2391-4c67-9652-9ac83215b6ee" testId="e6ce34f4-1980-489e-ad70-43553d481bb3" testName="FormatToStringTest1000 (26945.125386551546,26945.13 zł)" computerName="DESKTOP-5URQ9PB" duration="00:00:00.0000058" startTime="2022-06-13T21:11:26.3898305+02:00" endTime="2022-06-13T21:11:26.3898946+02:00" testType="13cdc9d9-ddb5-4fa4-a97d-d965ccfc6d4b" outcome="Passed" testListId="8c84fa94-04c1-424b-9868-57a2d4851a1d" relativeResultsDirectory="d489ab74-2391-4c67-9652-9ac83215b6ee" />
    <UnitTestResult executionId="71036095-1356-4a2e-938b-ee9f2f8f0de0" testId="d2077b96-2cca-4206-81d9-dcb0c6a85785" testName="FormatToStringTest1000 (9628.688698104437,9628.69 zł)" computerName="DESKTOP-5URQ9PB" duration="00:00:00.0000063" startTime="2022-06-13T21:11:26.6693044+02:00" endTime="2022-06-13T21:11:26.6693827+02:00" testType="13cdc9d9-ddb5-4fa4-a97d-d965ccfc6d4b" outcome="Passed" testListId="8c84fa94-04c1-424b-9868-57a2d4851a1d" relativeResultsDirectory="71036095-1356-4a2e-938b-ee9f2f8f0de0" />
    <UnitTestResult executionId="50bfd105-9d36-421c-9e6e-9e119f3bafde" testId="3caf548a-47ee-479c-b560-ca890f7d7834" testName="FormatToStringTest1000 (17845.255864087147,17845.26 zł)" computerName="DESKTOP-5URQ9PB" duration="00:00:00.0000066" startTime="2022-06-13T21:11:26.4093982+02:00" endTime="2022-06-13T21:11:26.4094639+02:00" testType="13cdc9d9-ddb5-4fa4-a97d-d965ccfc6d4b" outcome="Passed" testListId="8c84fa94-04c1-424b-9868-57a2d4851a1d" relativeResultsDirectory="50bfd105-9d36-421c-9e6e-9e119f3bafde" />
    <UnitTestResult executionId="8bae1c65-c48d-4f99-b6e1-17f87d15a49a" testId="7d748254-f0f4-4d13-b41c-95eec059db40" testName="FormatToStringTest1000 (20445.11280083149,20445.11 zł)" computerName="DESKTOP-5URQ9PB" duration="00:00:00.0000064" startTime="2022-06-13T21:11:26.6453060+02:00" endTime="2022-06-13T21:11:26.6453764+02:00" testType="13cdc9d9-ddb5-4fa4-a97d-d965ccfc6d4b" outcome="Passed" testListId="8c84fa94-04c1-424b-9868-57a2d4851a1d" relativeResultsDirectory="8bae1c65-c48d-4f99-b6e1-17f87d15a49a" />
    <UnitTestResult executionId="2667d0a0-451c-43a5-8d57-8b2878845b82" testId="9b7fa56c-9288-45ea-97bf-47d9e3c8c95b" testName="FormatToStringTest1000 (748.6264857065987,748.63 zł)" computerName="DESKTOP-5URQ9PB" duration="00:00:00.0000061" startTime="2022-06-13T21:11:26.5126256+02:00" endTime="2022-06-13T21:11:26.5126924+02:00" testType="13cdc9d9-ddb5-4fa4-a97d-d965ccfc6d4b" outcome="Passed" testListId="8c84fa94-04c1-424b-9868-57a2d4851a1d" relativeResultsDirectory="2667d0a0-451c-43a5-8d57-8b2878845b82" />
    <UnitTestResult executionId="a814d519-a068-4f47-b52f-ce7e661aa761" testId="96928c80-d969-49c9-b82e-163bf25ccefa" testName="FormatToStringTest1000 (5810.695934967462,5810.70 zł)" computerName="DESKTOP-5URQ9PB" duration="00:00:00.0000062" startTime="2022-06-13T21:11:26.7119682+02:00" endTime="2022-06-13T21:11:26.7120349+02:00" testType="13cdc9d9-ddb5-4fa4-a97d-d965ccfc6d4b" outcome="Passed" testListId="8c84fa94-04c1-424b-9868-57a2d4851a1d" relativeResultsDirectory="a814d519-a068-4f47-b52f-ce7e661aa761" />
    <UnitTestResult executionId="28520e2c-8ea6-466e-b673-571c5cd418cb" testId="e3889c57-750e-4a50-995e-a2348859a617" testName="FormatToStringTest1000 (21996.80326662576,21996.80 zł)" computerName="DESKTOP-5URQ9PB" duration="00:00:00.0000062" startTime="2022-06-13T21:11:26.7121350+02:00" endTime="2022-06-13T21:11:26.7121996+02:00" testType="13cdc9d9-ddb5-4fa4-a97d-d965ccfc6d4b" outcome="Passed" testListId="8c84fa94-04c1-424b-9868-57a2d4851a1d" relativeResultsDirectory="28520e2c-8ea6-466e-b673-571c5cd418cb" />
    <UnitTestResult executionId="3d2e3097-8630-4b38-b5c1-cf3429793150" testId="b5834624-a030-4bcd-a06b-8803fd23f35c" testName="FormatToStringTest1000 (7890.044272348771,7890.04 zł)" computerName="DESKTOP-5URQ9PB" duration="00:00:00.0000063" startTime="2022-06-13T21:11:26.5320457+02:00" endTime="2022-06-13T21:11:26.5321125+02:00" testType="13cdc9d9-ddb5-4fa4-a97d-d965ccfc6d4b" outcome="Passed" testListId="8c84fa94-04c1-424b-9868-57a2d4851a1d" relativeResultsDirectory="3d2e3097-8630-4b38-b5c1-cf3429793150" />
    <UnitTestResult executionId="d4f72e34-fd19-4328-a55f-4b868047ea22" testId="88b611fa-8f4a-4264-92b4-df0ead1a4c96" testName="FormatToStringTest1000 (19208.676036795914,19208.68 zł)" computerName="DESKTOP-5URQ9PB" duration="00:00:00.0000063" startTime="2022-06-13T21:11:26.6063515+02:00" endTime="2022-06-13T21:11:26.6064174+02:00" testType="13cdc9d9-ddb5-4fa4-a97d-d965ccfc6d4b" outcome="Passed" testListId="8c84fa94-04c1-424b-9868-57a2d4851a1d" relativeResultsDirectory="d4f72e34-fd19-4328-a55f-4b868047ea22" />
    <UnitTestResult executionId="ec9dfd69-b464-4d71-bff4-51979e7d094e" testId="0de46be1-4835-4d66-99c5-6df84a6fb472" testName="FormatToStringTest1000 (66053.95451852398,66053.95 zł)" computerName="DESKTOP-5URQ9PB" duration="00:00:00.0000064" startTime="2022-06-13T21:11:26.5121785+02:00" endTime="2022-06-13T21:11:26.5122469+02:00" testType="13cdc9d9-ddb5-4fa4-a97d-d965ccfc6d4b" outcome="Passed" testListId="8c84fa94-04c1-424b-9868-57a2d4851a1d" relativeResultsDirectory="ec9dfd69-b464-4d71-bff4-51979e7d094e" />
    <UnitTestResult executionId="7b5680d3-a958-4dba-9789-759cd0b299fd" testId="1f23b4a8-7b08-4aa4-91fc-a35a2f07054a" testName="FormatToStringTest1000 (41873.517751020154,41873.52 zł)" computerName="DESKTOP-5URQ9PB" duration="00:00:00.0000121" startTime="2022-06-13T21:11:26.7209679+02:00" endTime="2022-06-13T21:11:26.7211176+02:00" testType="13cdc9d9-ddb5-4fa4-a97d-d965ccfc6d4b" outcome="Passed" testListId="8c84fa94-04c1-424b-9868-57a2d4851a1d" relativeResultsDirectory="7b5680d3-a958-4dba-9789-759cd0b299fd" />
    <UnitTestResult executionId="84ebc156-ce83-4144-b83d-0eaed6ba8960" testId="aa46dfd4-b5ac-4e66-83ef-015af6a3cb2c" testName="FormatToStringTest1000 (6352.983758103561,6352.98 zł)" computerName="DESKTOP-5URQ9PB" duration="00:00:00.0000079" startTime="2022-06-13T21:11:26.6626578+02:00" endTime="2022-06-13T21:11:26.6627500+02:00" testType="13cdc9d9-ddb5-4fa4-a97d-d965ccfc6d4b" outcome="Passed" testListId="8c84fa94-04c1-424b-9868-57a2d4851a1d" relativeResultsDirectory="84ebc156-ce83-4144-b83d-0eaed6ba8960" />
    <UnitTestResult executionId="9e409945-ece5-4623-b484-5aad9933123b" testId="5b65bcf2-92e6-4be4-ad56-3b5748771b1a" testName="FormatToStringTest1000 (32566.30279101259,32566.30 zł)" computerName="DESKTOP-5URQ9PB" duration="00:00:00.0000062" startTime="2022-06-13T21:11:26.3833572+02:00" endTime="2022-06-13T21:11:26.3834256+02:00" testType="13cdc9d9-ddb5-4fa4-a97d-d965ccfc6d4b" outcome="Passed" testListId="8c84fa94-04c1-424b-9868-57a2d4851a1d" relativeResultsDirectory="9e409945-ece5-4623-b484-5aad9933123b" />
    <UnitTestResult executionId="b48cf48f-824a-4692-8225-5f151a243643" testId="fc27c146-5008-496e-9e3d-aeae30676b93" testName="FormatToStringTest1000 (31391.358864880804,31391.36 zł)" computerName="DESKTOP-5URQ9PB" duration="00:00:00.0000063" startTime="2022-06-13T21:11:26.6658297+02:00" endTime="2022-06-13T21:11:26.6658956+02:00" testType="13cdc9d9-ddb5-4fa4-a97d-d965ccfc6d4b" outcome="Passed" testListId="8c84fa94-04c1-424b-9868-57a2d4851a1d" relativeResultsDirectory="b48cf48f-824a-4692-8225-5f151a243643" />
    <UnitTestResult executionId="970789a7-5e3d-4648-b800-83f4b7da9f72" testId="c13feb38-965a-4d71-8cf3-77119e8d4355" testName="FormatToStringTest1000 (22557.09603308099,22557.10 zł)" computerName="DESKTOP-5URQ9PB" duration="00:00:00.0000061" startTime="2022-06-13T21:11:26.4581856+02:00" endTime="2022-06-13T21:11:26.4582526+02:00" testType="13cdc9d9-ddb5-4fa4-a97d-d965ccfc6d4b" outcome="Passed" testListId="8c84fa94-04c1-424b-9868-57a2d4851a1d" relativeResultsDirectory="970789a7-5e3d-4648-b800-83f4b7da9f72" />
    <UnitTestResult executionId="ac12b5c7-8500-4e2c-97e1-48f2e3bd6e33" testId="d73620ba-a362-4a01-9572-34609cab75c3" testName="FormatToStringTest1000 (1739.5853778997368,1739.59 zł)" computerName="DESKTOP-5URQ9PB" duration="00:00:00.0000060" startTime="2022-06-13T21:11:26.3982407+02:00" endTime="2022-06-13T21:11:26.3983053+02:00" testType="13cdc9d9-ddb5-4fa4-a97d-d965ccfc6d4b" outcome="Passed" testListId="8c84fa94-04c1-424b-9868-57a2d4851a1d" relativeResultsDirectory="ac12b5c7-8500-4e2c-97e1-48f2e3bd6e33" />
    <UnitTestResult executionId="03b6ad9e-245d-40c3-be60-9bd6ab50d3ac" testId="ff8c7e91-8c0f-4aec-abc5-05ec0e5d7dae" testName="FormatToStringTest1000 (13541.45472935096,13541.45 zł)" computerName="DESKTOP-5URQ9PB" duration="00:00:00.0000061" startTime="2022-06-13T21:11:26.5916331+02:00" endTime="2022-06-13T21:11:26.5916974+02:00" testType="13cdc9d9-ddb5-4fa4-a97d-d965ccfc6d4b" outcome="Passed" testListId="8c84fa94-04c1-424b-9868-57a2d4851a1d" relativeResultsDirectory="03b6ad9e-245d-40c3-be60-9bd6ab50d3ac" />
    <UnitTestResult executionId="b9a2bbb7-2947-42fe-bdaa-edbe56699fd9" testId="17a733ec-eb8d-4c96-afdc-77c80dcd87dd" testName="FormatToStringTest1000 (27942.393876474067,27942.39 zł)" computerName="DESKTOP-5URQ9PB" duration="00:00:00.0000063" startTime="2022-06-13T21:11:26.5753248+02:00" endTime="2022-06-13T21:11:26.5754016+02:00" testType="13cdc9d9-ddb5-4fa4-a97d-d965ccfc6d4b" outcome="Passed" testListId="8c84fa94-04c1-424b-9868-57a2d4851a1d" relativeResultsDirectory="b9a2bbb7-2947-42fe-bdaa-edbe56699fd9" />
    <UnitTestResult executionId="a4022e2c-641a-4511-82a3-b968f86c4951" testId="d39ac97e-bf4b-4350-ade2-25a9b34e36c8" testName="FormatToStringTest1000 (3303.1902076747224,3303.19 zł)" computerName="DESKTOP-5URQ9PB" duration="00:00:00.0000063" startTime="2022-06-13T21:11:26.5190831+02:00" endTime="2022-06-13T21:11:26.5191505+02:00" testType="13cdc9d9-ddb5-4fa4-a97d-d965ccfc6d4b" outcome="Passed" testListId="8c84fa94-04c1-424b-9868-57a2d4851a1d" relativeResultsDirectory="a4022e2c-641a-4511-82a3-b968f86c4951" />
    <UnitTestResult executionId="26275263-7a87-442d-ba54-d7f06f43d398" testId="d4364a41-8200-406a-89be-5a43aad32bb2" testName="FormatToStringTest1000 (13206.129467931636,13206.13 zł)" computerName="DESKTOP-5URQ9PB" duration="00:00:00.0000064" startTime="2022-06-13T21:11:26.5912004+02:00" endTime="2022-06-13T21:11:26.5912666+02:00" testType="13cdc9d9-ddb5-4fa4-a97d-d965ccfc6d4b" outcome="Passed" testListId="8c84fa94-04c1-424b-9868-57a2d4851a1d" relativeResultsDirectory="26275263-7a87-442d-ba54-d7f06f43d398" />
    <UnitTestResult executionId="eb09cc5d-b1cc-4ad8-8b1b-813fdf9ae2ba" testId="15556fb0-29e6-4691-b922-46d8ba60d8db" testName="FormatToStringTest1000 (11022.594234092438,11022.59 zł)" computerName="DESKTOP-5URQ9PB" duration="00:00:00.0000061" startTime="2022-06-13T21:11:26.4710588+02:00" endTime="2022-06-13T21:11:26.4711250+02:00" testType="13cdc9d9-ddb5-4fa4-a97d-d965ccfc6d4b" outcome="Passed" testListId="8c84fa94-04c1-424b-9868-57a2d4851a1d" relativeResultsDirectory="eb09cc5d-b1cc-4ad8-8b1b-813fdf9ae2ba" />
    <UnitTestResult executionId="32766757-1b0c-4482-9271-f58b03920642" testId="725da621-bd69-4c36-83ce-3aa353335107" testName="FormatToStringTest1000 (10397.404523554447,10397.40 zł)" computerName="DESKTOP-5URQ9PB" duration="00:00:00.0000062" startTime="2022-06-13T21:11:26.6001336+02:00" endTime="2022-06-13T21:11:26.6001990+02:00" testType="13cdc9d9-ddb5-4fa4-a97d-d965ccfc6d4b" outcome="Passed" testListId="8c84fa94-04c1-424b-9868-57a2d4851a1d" relativeResultsDirectory="32766757-1b0c-4482-9271-f58b03920642" />
    <UnitTestResult executionId="dce2241b-ef0c-4909-a79d-b1e9e091ad32" testId="22fcf637-fe0c-4195-90d4-535e85824eb1" testName="FormatToStringTest1000 (42555.01416107594,42555.01 zł)" computerName="DESKTOP-5URQ9PB" duration="00:00:00.0000062" startTime="2022-06-13T21:11:26.5749087+02:00" endTime="2022-06-13T21:11:26.5749747+02:00" testType="13cdc9d9-ddb5-4fa4-a97d-d965ccfc6d4b" outcome="Passed" testListId="8c84fa94-04c1-424b-9868-57a2d4851a1d" relativeResultsDirectory="dce2241b-ef0c-4909-a79d-b1e9e091ad32" />
    <UnitTestResult executionId="0720a2cb-5c2f-4a46-9f8c-cc9c268b7f4b" testId="c32711b8-9414-41a9-82bf-12a6f6f6ce52" testName="FormatToStringTest1000 (6105.007054037418,6105.01 zł)" computerName="DESKTOP-5URQ9PB" duration="00:00:00.0000062" startTime="2022-06-13T21:11:26.5886123+02:00" endTime="2022-06-13T21:11:26.5886767+02:00" testType="13cdc9d9-ddb5-4fa4-a97d-d965ccfc6d4b" outcome="Passed" testListId="8c84fa94-04c1-424b-9868-57a2d4851a1d" relativeResultsDirectory="0720a2cb-5c2f-4a46-9f8c-cc9c268b7f4b" />
    <UnitTestResult executionId="b297307f-08a5-4942-b664-61fba3094dc1" testId="786691f1-ebe7-4d5c-8901-477604122fe1" testName="FormatToStringTest1000 (12379.347974640013,12379.35 zł)" computerName="DESKTOP-5URQ9PB" duration="00:00:00.0000081" startTime="2022-06-13T21:11:26.6940763+02:00" endTime="2022-06-13T21:11:26.6941687+02:00" testType="13cdc9d9-ddb5-4fa4-a97d-d965ccfc6d4b" outcome="Passed" testListId="8c84fa94-04c1-424b-9868-57a2d4851a1d" relativeResultsDirectory="b297307f-08a5-4942-b664-61fba3094dc1" />
    <UnitTestResult executionId="e73bb9c5-75bc-43c2-be70-1a6a08dafc62" testId="3ae7f07f-aa37-441f-a26e-d2bbcd5387f2" testName="FormatToStringTest1000 (7813.027778348433,7813.03 zł)" computerName="DESKTOP-5URQ9PB" duration="00:00:00.0000072" startTime="2022-06-13T21:11:26.6029897+02:00" endTime="2022-06-13T21:11:26.6030715+02:00" testType="13cdc9d9-ddb5-4fa4-a97d-d965ccfc6d4b" outcome="Passed" testListId="8c84fa94-04c1-424b-9868-57a2d4851a1d" relativeResultsDirectory="e73bb9c5-75bc-43c2-be70-1a6a08dafc62" />
    <UnitTestResult executionId="4504cb1a-3790-4284-b9c7-6a1fcd6e2829" testId="4dcdbe36-10df-42bd-be6b-6a292e009d05" testName="FormatToStringTest1000 (26858.35647848731,26858.36 zł)" computerName="DESKTOP-5URQ9PB" duration="00:00:00.0000067" startTime="2022-06-13T21:11:26.5917155+02:00" endTime="2022-06-13T21:11:26.5917793+02:00" testType="13cdc9d9-ddb5-4fa4-a97d-d965ccfc6d4b" outcome="Passed" testListId="8c84fa94-04c1-424b-9868-57a2d4851a1d" relativeResultsDirectory="4504cb1a-3790-4284-b9c7-6a1fcd6e2829" />
    <UnitTestResult executionId="24005cd1-2663-4561-8b76-f8aecd1c4a38" testId="7be1ec9f-447d-4216-a79b-d295d2c901fb" testName="FormatToStringTest1000 (181.3640542483721,181.36 zł)" computerName="DESKTOP-5URQ9PB" duration="00:00:00.0000062" startTime="2022-06-13T21:11:26.6512243+02:00" endTime="2022-06-13T21:11:26.6512890+02:00" testType="13cdc9d9-ddb5-4fa4-a97d-d965ccfc6d4b" outcome="Passed" testListId="8c84fa94-04c1-424b-9868-57a2d4851a1d" relativeResultsDirectory="24005cd1-2663-4561-8b76-f8aecd1c4a38" />
    <UnitTestResult executionId="11fc0798-181b-497f-aece-d18d1b538366" testId="3fb632f6-9ffc-42f1-8a62-a23c9191a22d" testName="FormatToStringTest1000 (32213.734885384205,32213.73 zł)" computerName="DESKTOP-5URQ9PB" duration="00:00:00.0000059" startTime="2022-06-13T21:11:26.6164462+02:00" endTime="2022-06-13T21:11:26.6165100+02:00" testType="13cdc9d9-ddb5-4fa4-a97d-d965ccfc6d4b" outcome="Passed" testListId="8c84fa94-04c1-424b-9868-57a2d4851a1d" relativeResultsDirectory="11fc0798-181b-497f-aece-d18d1b538366" />
    <UnitTestResult executionId="6324d846-984e-4257-a60f-e988ade31961" testId="8b0e4f9c-9972-45fc-acc6-bcc29de3b630" testName="FormatToStringTest1000 (32812.53695512634,32812.54 zł)" computerName="DESKTOP-5URQ9PB" duration="00:00:00.0000069" startTime="2022-06-13T21:11:26.4640862+02:00" endTime="2022-06-13T21:11:26.4641635+02:00" testType="13cdc9d9-ddb5-4fa4-a97d-d965ccfc6d4b" outcome="Passed" testListId="8c84fa94-04c1-424b-9868-57a2d4851a1d" relativeResultsDirectory="6324d846-984e-4257-a60f-e988ade31961" />
    <UnitTestResult executionId="501ed75f-efc2-4fd0-bfb7-f45d7085f306" testId="d6422ef7-4421-417d-98ab-6fd6d0664395" testName="FormatToStringTest1000 (4555.538255205163,4555.54 zł)" computerName="DESKTOP-5URQ9PB" duration="00:00:00.0000094" startTime="2022-06-13T21:11:26.4673571+02:00" endTime="2022-06-13T21:11:26.4674637+02:00" testType="13cdc9d9-ddb5-4fa4-a97d-d965ccfc6d4b" outcome="Passed" testListId="8c84fa94-04c1-424b-9868-57a2d4851a1d" relativeResultsDirectory="501ed75f-efc2-4fd0-bfb7-f45d7085f306" />
    <UnitTestResult executionId="fdcfa5ff-901f-4cd0-87fc-a28090afdc63" testId="e5e165d6-2732-4137-b87c-38e381780d3d" testName="FormatToStringTest1000 (38961.459057294516,38961.46 zł)" computerName="DESKTOP-5URQ9PB" duration="00:00:00.0000062" startTime="2022-06-13T21:11:26.4811925+02:00" endTime="2022-06-13T21:11:26.4812613+02:00" testType="13cdc9d9-ddb5-4fa4-a97d-d965ccfc6d4b" outcome="Passed" testListId="8c84fa94-04c1-424b-9868-57a2d4851a1d" relativeResultsDirectory="fdcfa5ff-901f-4cd0-87fc-a28090afdc63" />
    <UnitTestResult executionId="d79c63b5-5b7b-47e0-b0ae-afb9904e98f5" testId="20834128-99f4-465c-a817-9483fe409397" testName="FormatToStringTest1000 (5611.05334835176,5611.05 zł)" computerName="DESKTOP-5URQ9PB" duration="00:00:00.0000063" startTime="2022-06-13T21:11:26.5003451+02:00" endTime="2022-06-13T21:11:26.5004123+02:00" testType="13cdc9d9-ddb5-4fa4-a97d-d965ccfc6d4b" outcome="Passed" testListId="8c84fa94-04c1-424b-9868-57a2d4851a1d" relativeResultsDirectory="d79c63b5-5b7b-47e0-b0ae-afb9904e98f5" />
    <UnitTestResult executionId="5f6f71f1-9e34-4a04-9803-6f68b92c5bcb" testId="af5184ee-57a6-4e1b-bfd0-6da4142b74bd" testName="FormatToStringTest1000 (23548.88067407016,23548.88 zł)" computerName="DESKTOP-5URQ9PB" duration="00:00:00.0000063" startTime="2022-06-13T21:11:26.4379971+02:00" endTime="2022-06-13T21:11:26.4380704+02:00" testType="13cdc9d9-ddb5-4fa4-a97d-d965ccfc6d4b" outcome="Passed" testListId="8c84fa94-04c1-424b-9868-57a2d4851a1d" relativeResultsDirectory="5f6f71f1-9e34-4a04-9803-6f68b92c5bcb" />
    <UnitTestResult executionId="73a78297-c053-49fe-af3a-d5d0903c2f8d" testId="27a73ad3-77cd-4438-9663-2d1686a653b9" testName="FormatToStringTest1000 (464.74397441965715,464.74 zł)" computerName="DESKTOP-5URQ9PB" duration="00:00:00.0000062" startTime="2022-06-13T21:11:26.5251586+02:00" endTime="2022-06-13T21:11:26.5252258+02:00" testType="13cdc9d9-ddb5-4fa4-a97d-d965ccfc6d4b" outcome="Passed" testListId="8c84fa94-04c1-424b-9868-57a2d4851a1d" relativeResultsDirectory="73a78297-c053-49fe-af3a-d5d0903c2f8d" />
    <UnitTestResult executionId="6be8a87b-f2d6-4067-be57-b061c84a3e82" testId="29fea415-ca4d-473d-96cd-f6ff02162c01" testName="FormatToStringTest1000 (13375.96341587415,13375.96 zł)" computerName="DESKTOP-5URQ9PB" duration="00:00:00.0000061" startTime="2022-06-13T21:11:26.6384574+02:00" endTime="2022-06-13T21:11:26.6385217+02:00" testType="13cdc9d9-ddb5-4fa4-a97d-d965ccfc6d4b" outcome="Passed" testListId="8c84fa94-04c1-424b-9868-57a2d4851a1d" relativeResultsDirectory="6be8a87b-f2d6-4067-be57-b061c84a3e82" />
    <UnitTestResult executionId="13a531e8-b783-4b51-a550-fd85a50091f6" testId="4d781849-7152-4e49-9607-fccca1286ce1" testName="FormatToStringTest1000 (6220.182014914314,6220.18 zł)" computerName="DESKTOP-5URQ9PB" duration="00:00:00.0000060" startTime="2022-06-13T21:11:26.5973704+02:00" endTime="2022-06-13T21:11:26.5974371+02:00" testType="13cdc9d9-ddb5-4fa4-a97d-d965ccfc6d4b" outcome="Passed" testListId="8c84fa94-04c1-424b-9868-57a2d4851a1d" relativeResultsDirectory="13a531e8-b783-4b51-a550-fd85a50091f6" />
    <UnitTestResult executionId="cdf3c0b6-24d6-445c-95d7-1a8cbd38958e" testId="ab0d9db1-49ab-4240-a727-a21feff20332" testName="FormatToStringTest1000 (34242.181005260056,34242.18 zł)" computerName="DESKTOP-5URQ9PB" duration="00:00:00.0000064" startTime="2022-06-13T21:11:26.5913843+02:00" endTime="2022-06-13T21:11:26.5914510+02:00" testType="13cdc9d9-ddb5-4fa4-a97d-d965ccfc6d4b" outcome="Passed" testListId="8c84fa94-04c1-424b-9868-57a2d4851a1d" relativeResultsDirectory="cdf3c0b6-24d6-445c-95d7-1a8cbd38958e" />
    <UnitTestResult executionId="bd493023-f05c-4b86-b08e-4b03e010dd7b" testId="ac54a23f-679a-4f0f-ae0b-f21b8e3c78f4" testName="FormatToStringTest1000 (10534.184353995222,10534.18 zł)" computerName="DESKTOP-5URQ9PB" duration="00:00:00.0000060" startTime="2022-06-13T21:11:26.3836905+02:00" endTime="2022-06-13T21:11:26.3837548+02:00" testType="13cdc9d9-ddb5-4fa4-a97d-d965ccfc6d4b" outcome="Passed" testListId="8c84fa94-04c1-424b-9868-57a2d4851a1d" relativeResultsDirectory="bd493023-f05c-4b86-b08e-4b03e010dd7b" />
    <UnitTestResult executionId="3ea9e114-4cf7-4f59-913d-4a53cd7a57d6" testId="21c24cc8-308a-4ebc-ae32-bf83a5148ad9" testName="FormatToStringTest1000 (43799.04472166535,43799.04 zł)" computerName="DESKTOP-5URQ9PB" duration="00:00:00.0000069" startTime="2022-06-13T21:11:26.4908279+02:00" endTime="2022-06-13T21:11:26.4908951+02:00" testType="13cdc9d9-ddb5-4fa4-a97d-d965ccfc6d4b" outcome="Passed" testListId="8c84fa94-04c1-424b-9868-57a2d4851a1d" relativeResultsDirectory="3ea9e114-4cf7-4f59-913d-4a53cd7a57d6" />
    <UnitTestResult executionId="1589cd1c-d4b1-4e30-bc69-561f5285b8b6" testId="2d264987-d3cf-45ba-9227-2174b1929b62" testName="FormatToStringTest1000 (3907.8681317963024,3907.87 zł)" computerName="DESKTOP-5URQ9PB" duration="00:00:00.0000070" startTime="2022-06-13T21:11:26.3832332+02:00" endTime="2022-06-13T21:11:26.3833269+02:00" testType="13cdc9d9-ddb5-4fa4-a97d-d965ccfc6d4b" outcome="Passed" testListId="8c84fa94-04c1-424b-9868-57a2d4851a1d" relativeResultsDirectory="1589cd1c-d4b1-4e30-bc69-561f5285b8b6" />
    <UnitTestResult executionId="21bc510c-5dc2-4e7e-b47f-91a9e9287c09" testId="e3229a9f-45e0-469c-9bb1-75a4b03d1bfa" testName="FormatToStringTest1000 (18786.954468002055,18786.95 zł)" computerName="DESKTOP-5URQ9PB" duration="00:00:00.0000062" startTime="2022-06-13T21:11:26.5317071+02:00" endTime="2022-06-13T21:11:26.5317748+02:00" testType="13cdc9d9-ddb5-4fa4-a97d-d965ccfc6d4b" outcome="Passed" testListId="8c84fa94-04c1-424b-9868-57a2d4851a1d" relativeResultsDirectory="21bc510c-5dc2-4e7e-b47f-91a9e9287c09" />
    <UnitTestResult executionId="90ffe2b4-54e4-432f-834d-0bd7fb4f6fef" testId="fa71a170-37eb-40b0-a4bd-2fe57b80452a" testName="FormatToStringTest1000 (43222.47958431695,43222.48 zł)" computerName="DESKTOP-5URQ9PB" duration="00:00:00.0000061" startTime="2022-06-13T21:11:26.3863807+02:00" endTime="2022-06-13T21:11:26.3864466+02:00" testType="13cdc9d9-ddb5-4fa4-a97d-d965ccfc6d4b" outcome="Passed" testListId="8c84fa94-04c1-424b-9868-57a2d4851a1d" relativeResultsDirectory="90ffe2b4-54e4-432f-834d-0bd7fb4f6fef" />
    <UnitTestResult executionId="1c710f46-f29b-4616-a68b-12f09511313f" testId="26414ecc-8cd5-485e-a20e-4f5a4f44ac7d" testName="FormatToStringTest1000 (93775.33090185716,93775.33 zł)" computerName="DESKTOP-5URQ9PB" duration="00:00:00.0000061" startTime="2022-06-13T21:11:26.5949161+02:00" endTime="2022-06-13T21:11:26.5949802+02:00" testType="13cdc9d9-ddb5-4fa4-a97d-d965ccfc6d4b" outcome="Passed" testListId="8c84fa94-04c1-424b-9868-57a2d4851a1d" relativeResultsDirectory="1c710f46-f29b-4616-a68b-12f09511313f" />
    <UnitTestResult executionId="ce1e7602-6b2f-4dd9-83f2-68eebef47453" testId="8574270f-fc5d-49c0-8c62-dea1336396d0" testName="FormatToStringTest1000 (34021.1384072961,34021.14 zł)" computerName="DESKTOP-5URQ9PB" duration="00:00:00.0000067" startTime="2022-06-13T21:11:26.7155406+02:00" endTime="2022-06-13T21:11:26.7156140+02:00" testType="13cdc9d9-ddb5-4fa4-a97d-d965ccfc6d4b" outcome="Passed" testListId="8c84fa94-04c1-424b-9868-57a2d4851a1d" relativeResultsDirectory="ce1e7602-6b2f-4dd9-83f2-68eebef47453" />
    <UnitTestResult executionId="d73f3a2e-f437-421c-a3d2-9c9678d8b23a" testId="23c144d7-0855-4eb4-bd8a-0bc2ace0c9a6" testName="FormatToStringTest1000 (46166.38051381259,46166.38 zł)" computerName="DESKTOP-5URQ9PB" duration="00:00:00.0000064" startTime="2022-06-13T21:11:26.4580144+02:00" endTime="2022-06-13T21:11:26.4580827+02:00" testType="13cdc9d9-ddb5-4fa4-a97d-d965ccfc6d4b" outcome="Passed" testListId="8c84fa94-04c1-424b-9868-57a2d4851a1d" relativeResultsDirectory="d73f3a2e-f437-421c-a3d2-9c9678d8b23a" />
    <UnitTestResult executionId="f90812b0-d469-4537-9f1c-7adb0011ea9b" testId="02cdff2d-2240-4ccd-a48b-b9596cab67b2" testName="FormatToStringTest1000 (76751.79413498091,76751.79 zł)" computerName="DESKTOP-5URQ9PB" duration="00:00:00.0000061" startTime="2022-06-13T21:11:26.5222064+02:00" endTime="2022-06-13T21:11:26.5222727+02:00" testType="13cdc9d9-ddb5-4fa4-a97d-d965ccfc6d4b" outcome="Passed" testListId="8c84fa94-04c1-424b-9868-57a2d4851a1d" relativeResultsDirectory="f90812b0-d469-4537-9f1c-7adb0011ea9b" />
    <UnitTestResult executionId="407e3c72-ad8f-41af-8763-cfee2cc156c7" testId="467c2e7e-3e86-431e-a671-7fbba8219527" testName="FormatToStringTest1000 (15313.083673952653,15313.08 zł)" computerName="DESKTOP-5URQ9PB" duration="00:00:00.0000090" startTime="2022-06-13T21:11:26.4735337+02:00" endTime="2022-06-13T21:11:26.4736408+02:00" testType="13cdc9d9-ddb5-4fa4-a97d-d965ccfc6d4b" outcome="Passed" testListId="8c84fa94-04c1-424b-9868-57a2d4851a1d" relativeResultsDirectory="407e3c72-ad8f-41af-8763-cfee2cc156c7" />
    <UnitTestResult executionId="c3a9e821-f57a-40fa-a6f4-d54f98ee642e" testId="6636bd38-8a41-4042-bd31-bfb95fb50c28" testName="FormatToStringTest1000 (14719.97001409762,14719.97 zł)" computerName="DESKTOP-5URQ9PB" duration="00:00:00.0000063" startTime="2022-06-13T21:11:26.4093043+02:00" endTime="2022-06-13T21:11:26.4093804+02:00" testType="13cdc9d9-ddb5-4fa4-a97d-d965ccfc6d4b" outcome="Passed" testListId="8c84fa94-04c1-424b-9868-57a2d4851a1d" relativeResultsDirectory="c3a9e821-f57a-40fa-a6f4-d54f98ee642e" />
    <UnitTestResult executionId="0c4c4da6-ff47-4b17-be66-25b47a8b9ebb" testId="25553e5e-c818-4546-8924-bc7f09ee664c" testName="FormatToStringTest1000 (1328.353302088265,1328.35 zł)" computerName="DESKTOP-5URQ9PB" duration="00:00:00.0000060" startTime="2022-06-13T21:11:26.4970537+02:00" endTime="2022-06-13T21:11:26.4971208+02:00" testType="13cdc9d9-ddb5-4fa4-a97d-d965ccfc6d4b" outcome="Passed" testListId="8c84fa94-04c1-424b-9868-57a2d4851a1d" relativeResultsDirectory="0c4c4da6-ff47-4b17-be66-25b47a8b9ebb" />
    <UnitTestResult executionId="7e4c5a17-245c-48b9-9bbf-6686b19ac3a0" testId="a4581571-7a50-4775-b67c-8bbee8ea0e7b" testName="FormatToStringTest1000 (3846.644792262765,3846.64 zł)" computerName="DESKTOP-5URQ9PB" duration="00:00:00.0000062" startTime="2022-06-13T21:11:26.4255894+02:00" endTime="2022-06-13T21:11:26.4256562+02:00" testType="13cdc9d9-ddb5-4fa4-a97d-d965ccfc6d4b" outcome="Passed" testListId="8c84fa94-04c1-424b-9868-57a2d4851a1d" relativeResultsDirectory="7e4c5a17-245c-48b9-9bbf-6686b19ac3a0" />
    <UnitTestResult executionId="a18603f2-d8b8-4b2b-9a5d-341a6557924e" testId="f919f15e-636d-4787-97b1-5fb8d902d48c" testName="FormatToStringTest1000 (12429.698213906819,12429.70 zł)" computerName="DESKTOP-5URQ9PB" duration="00:00:00.0000065" startTime="2022-06-13T21:11:26.4873736+02:00" endTime="2022-06-13T21:11:26.4874431+02:00" testType="13cdc9d9-ddb5-4fa4-a97d-d965ccfc6d4b" outcome="Passed" testListId="8c84fa94-04c1-424b-9868-57a2d4851a1d" relativeResultsDirectory="a18603f2-d8b8-4b2b-9a5d-341a6557924e" />
    <UnitTestResult executionId="43926a64-050b-4bb2-82fa-23780da64de5" testId="ae471461-03af-4444-980c-8a393f1c8231" testName="FormatToStringTest1000 (24528.124092612474,24528.12 zł)" computerName="DESKTOP-5URQ9PB" duration="00:00:00.0000064" startTime="2022-06-13T21:11:26.4554396+02:00" endTime="2022-06-13T21:11:26.4555063+02:00" testType="13cdc9d9-ddb5-4fa4-a97d-d965ccfc6d4b" outcome="Passed" testListId="8c84fa94-04c1-424b-9868-57a2d4851a1d" relativeResultsDirectory="43926a64-050b-4bb2-82fa-23780da64de5" />
    <UnitTestResult executionId="9580d0b1-df55-45e1-b7f3-874742cbe7bc" testId="bb53991c-5caf-4064-ba7e-4ead76c3f7cc" testName="FormatToStringTest1000 (1208.1827589441941,1208.18 zł)" computerName="DESKTOP-5URQ9PB" duration="00:00:00.0000068" startTime="2022-06-13T21:11:26.3639015+02:00" endTime="2022-06-13T21:11:26.3639770+02:00" testType="13cdc9d9-ddb5-4fa4-a97d-d965ccfc6d4b" outcome="Passed" testListId="8c84fa94-04c1-424b-9868-57a2d4851a1d" relativeResultsDirectory="9580d0b1-df55-45e1-b7f3-874742cbe7bc" />
    <UnitTestResult executionId="fb344d83-8e8c-4e47-9d73-a816bd7cb4e3" testId="bb2b3f77-dfd6-4a71-a7f9-8b43b75e3db0" testName="FormatToStringTest1000 (12308.022158465357,12308.02 zł)" computerName="DESKTOP-5URQ9PB" duration="00:00:00.0000063" startTime="2022-06-13T21:11:26.4847294+02:00" endTime="2022-06-13T21:11:26.4847965+02:00" testType="13cdc9d9-ddb5-4fa4-a97d-d965ccfc6d4b" outcome="Passed" testListId="8c84fa94-04c1-424b-9868-57a2d4851a1d" relativeResultsDirectory="fb344d83-8e8c-4e47-9d73-a816bd7cb4e3" />
    <UnitTestResult executionId="619e8d85-af6c-4e6e-ad64-2e4cb3ce167d" testId="8f097562-7b86-4b44-b799-023e42afc0dd" testName="FormatToStringTest1000 (750.5106571719566,750.51 zł)" computerName="DESKTOP-5URQ9PB" duration="00:00:00.0000062" startTime="2022-06-13T21:11:26.6853991+02:00" endTime="2022-06-13T21:11:26.6854631+02:00" testType="13cdc9d9-ddb5-4fa4-a97d-d965ccfc6d4b" outcome="Passed" testListId="8c84fa94-04c1-424b-9868-57a2d4851a1d" relativeResultsDirectory="619e8d85-af6c-4e6e-ad64-2e4cb3ce167d" />
    <UnitTestResult executionId="848bb352-5201-44d8-a9f8-d77e6754877c" testId="22c39efc-ca68-48e0-9b11-13768fc0d6aa" testName="FormatToStringTest1000 (13286.856387228174,13286.86 zł)" computerName="DESKTOP-5URQ9PB" duration="00:00:00.0000064" startTime="2022-06-13T21:11:26.6414198+02:00" endTime="2022-06-13T21:11:26.6414922+02:00" testType="13cdc9d9-ddb5-4fa4-a97d-d965ccfc6d4b" outcome="Passed" testListId="8c84fa94-04c1-424b-9868-57a2d4851a1d" relativeResultsDirectory="848bb352-5201-44d8-a9f8-d77e6754877c" />
    <UnitTestResult executionId="b8f94b4d-f95c-41c8-ad83-e210959ee481" testId="a5d2c0ae-6db6-428d-a92b-a218cf4d5d9a" testName="FormatToStringTest1000 (50585.83664522778,50585.84 zł)" computerName="DESKTOP-5URQ9PB" duration="00:00:00.0000063" startTime="2022-06-13T21:11:26.5186557+02:00" endTime="2022-06-13T21:11:26.5187232+02:00" testType="13cdc9d9-ddb5-4fa4-a97d-d965ccfc6d4b" outcome="Passed" testListId="8c84fa94-04c1-424b-9868-57a2d4851a1d" relativeResultsDirectory="b8f94b4d-f95c-41c8-ad83-e210959ee481" />
    <UnitTestResult executionId="395d3bbd-fe11-4e04-87b2-702d89302100" testId="962d3615-d4de-4ce1-95b2-9f00fc6f8d5a" testName="FormatToStringTest1000 (77904.0088552246,77904.01 zł)" computerName="DESKTOP-5URQ9PB" duration="00:00:00.0000063" startTime="2022-06-13T21:11:26.3768889+02:00" endTime="2022-06-13T21:11:26.3769575+02:00" testType="13cdc9d9-ddb5-4fa4-a97d-d965ccfc6d4b" outcome="Passed" testListId="8c84fa94-04c1-424b-9868-57a2d4851a1d" relativeResultsDirectory="395d3bbd-fe11-4e04-87b2-702d89302100" />
    <UnitTestResult executionId="49a03ee5-4817-4e96-a256-9137ccd9e4ff" testId="e4cb33c5-cf63-4e29-9503-b20103f5c4e7" testName="FormatToStringTest1000 (54724.71040318008,54724.71 zł)" computerName="DESKTOP-5URQ9PB" duration="00:00:00.0000067" startTime="2022-06-13T21:11:26.4148928+02:00" endTime="2022-06-13T21:11:26.4149692+02:00" testType="13cdc9d9-ddb5-4fa4-a97d-d965ccfc6d4b" outcome="Passed" testListId="8c84fa94-04c1-424b-9868-57a2d4851a1d" relativeResultsDirectory="49a03ee5-4817-4e96-a256-9137ccd9e4ff" />
    <UnitTestResult executionId="fc7d2b44-1348-45c0-876d-6f59529d0eb7" testId="5347e09b-9b88-4d90-8be1-57ed42126905" testName="FormatToStringTest1000 (6864.093052674129,6864.09 zł)" computerName="DESKTOP-5URQ9PB" duration="00:00:00.0000064" startTime="2022-06-13T21:11:26.3773535+02:00" endTime="2022-06-13T21:11:26.3774295+02:00" testType="13cdc9d9-ddb5-4fa4-a97d-d965ccfc6d4b" outcome="Passed" testListId="8c84fa94-04c1-424b-9868-57a2d4851a1d" relativeResultsDirectory="fc7d2b44-1348-45c0-876d-6f59529d0eb7" />
    <UnitTestResult executionId="29c4f1f3-b952-4d95-8115-55d541db20be" testId="c27b80a4-f023-4834-971d-3530c1fd8577" testName="FormatToStringTest1000 (29926.595417457444,29926.60 zł)" computerName="DESKTOP-5URQ9PB" duration="00:00:00.0000063" startTime="2022-06-13T21:11:26.6261648+02:00" endTime="2022-06-13T21:11:26.6262304+02:00" testType="13cdc9d9-ddb5-4fa4-a97d-d965ccfc6d4b" outcome="Passed" testListId="8c84fa94-04c1-424b-9868-57a2d4851a1d" relativeResultsDirectory="29c4f1f3-b952-4d95-8115-55d541db20be" />
    <UnitTestResult executionId="4111963e-3abb-4679-8fb9-4aa755c95f1e" testId="f203107a-7437-4e21-aea1-4b24e4cf42fc" testName="FormatToStringTest1000 (10457.593086045978,10457.59 zł)" computerName="DESKTOP-5URQ9PB" duration="00:00:00.0000109" startTime="2022-06-13T21:11:26.5216105+02:00" endTime="2022-06-13T21:11:26.5217455+02:00" testType="13cdc9d9-ddb5-4fa4-a97d-d965ccfc6d4b" outcome="Passed" testListId="8c84fa94-04c1-424b-9868-57a2d4851a1d" relativeResultsDirectory="4111963e-3abb-4679-8fb9-4aa755c95f1e" />
    <UnitTestResult executionId="6a74b440-a754-4a99-a2e1-ece452674abc" testId="19ae2bc1-1f1f-43d4-95fa-15c0518df19b" testName="FormatToStringTest1000 (50339.31259969497,50339.31 zł)" computerName="DESKTOP-5URQ9PB" duration="00:00:00.0000064" startTime="2022-06-13T21:11:26.3701759+02:00" endTime="2022-06-13T21:11:26.3702479+02:00" testType="13cdc9d9-ddb5-4fa4-a97d-d965ccfc6d4b" outcome="Passed" testListId="8c84fa94-04c1-424b-9868-57a2d4851a1d" relativeResultsDirectory="6a74b440-a754-4a99-a2e1-ece452674abc" />
    <UnitTestResult executionId="22564b89-4c6e-4450-a53a-2da9ee64fc24" testId="1a6c2a0f-1dcd-474b-8b55-509da82b5f60" testName="FormatToStringTest1000 (19397.344749736294,19397.34 zł)" computerName="DESKTOP-5URQ9PB" duration="00:00:00.0000068" startTime="2022-06-13T21:11:26.6825859+02:00" endTime="2022-06-13T21:11:26.6826505+02:00" testType="13cdc9d9-ddb5-4fa4-a97d-d965ccfc6d4b" outcome="Passed" testListId="8c84fa94-04c1-424b-9868-57a2d4851a1d" relativeResultsDirectory="22564b89-4c6e-4450-a53a-2da9ee64fc24" />
    <UnitTestResult executionId="966ebbdd-2de3-460b-a541-5bede92a844b" testId="e83e6ebe-976b-4f15-ac42-670c973dcd23" testName="FormatToStringTest1000 (20640.678251201603,20640.68 zł)" computerName="DESKTOP-5URQ9PB" duration="00:00:00.0000062" startTime="2022-06-13T21:11:26.5285026+02:00" endTime="2022-06-13T21:11:26.5285705+02:00" testType="13cdc9d9-ddb5-4fa4-a97d-d965ccfc6d4b" outcome="Passed" testListId="8c84fa94-04c1-424b-9868-57a2d4851a1d" relativeResultsDirectory="966ebbdd-2de3-460b-a541-5bede92a844b" />
    <UnitTestResult executionId="eb5986ab-6709-4910-a545-5dc1764215aa" testId="8c509372-d133-47ed-bb9c-d0750c00c5be" testName="FormatToStringTest1000 (35714.78133482243,35714.78 zł)" computerName="DESKTOP-5URQ9PB" duration="00:00:00.0000062" startTime="2022-06-13T21:11:26.4711427+02:00" endTime="2022-06-13T21:11:26.4712090+02:00" testType="13cdc9d9-ddb5-4fa4-a97d-d965ccfc6d4b" outcome="Passed" testListId="8c84fa94-04c1-424b-9868-57a2d4851a1d" relativeResultsDirectory="eb5986ab-6709-4910-a545-5dc1764215aa" />
    <UnitTestResult executionId="58ee53db-a80c-4c1f-beef-e1a957d2fe1b" testId="0c63e24b-be8f-483d-86bc-2f36bf8a49fd" testName="FormatToStringTest1000 (238.1379397484185,238.14 zł)" computerName="DESKTOP-5URQ9PB" duration="00:00:00.0000065" startTime="2022-06-13T21:11:26.4408858+02:00" endTime="2022-06-13T21:11:26.4409596+02:00" testType="13cdc9d9-ddb5-4fa4-a97d-d965ccfc6d4b" outcome="Passed" testListId="8c84fa94-04c1-424b-9868-57a2d4851a1d" relativeResultsDirectory="58ee53db-a80c-4c1f-beef-e1a957d2fe1b" />
    <UnitTestResult executionId="868f8404-66a4-4a0d-8da3-20c58265134a" testId="ed1aea5c-82c9-48ef-8b6d-90a43e801a0e" testName="FormatToStringTest1000 (904.351189922705,904.35 zł)" computerName="DESKTOP-5URQ9PB" duration="00:00:00.0000079" startTime="2022-06-13T21:11:26.6631838+02:00" endTime="2022-06-13T21:11:26.6632492+02:00" testType="13cdc9d9-ddb5-4fa4-a97d-d965ccfc6d4b" outcome="Passed" testListId="8c84fa94-04c1-424b-9868-57a2d4851a1d" relativeResultsDirectory="868f8404-66a4-4a0d-8da3-20c58265134a" />
    <UnitTestResult executionId="b0f5e518-8ccd-460f-b778-767caaa1236e" testId="6c13334e-0611-4df4-ba41-bce246a22534" testName="FormatToStringTest1000 (15822.278766386342,15822.28 zł)" computerName="DESKTOP-5URQ9PB" duration="00:00:00.0000063" startTime="2022-06-13T21:11:26.4613612+02:00" endTime="2022-06-13T21:11:26.4614286+02:00" testType="13cdc9d9-ddb5-4fa4-a97d-d965ccfc6d4b" outcome="Passed" testListId="8c84fa94-04c1-424b-9868-57a2d4851a1d" relativeResultsDirectory="b0f5e518-8ccd-460f-b778-767caaa1236e" />
    <UnitTestResult executionId="e4e7207b-6efe-4531-9384-89fbe3878789" testId="c4e2bee1-b27f-489d-b131-36619a3c08f8" testName="FormatToStringTest1000 (17232.486162219426,17232.49 zł)" computerName="DESKTOP-5URQ9PB" duration="00:00:00.0000064" startTime="2022-06-13T21:11:26.4475815+02:00" endTime="2022-06-13T21:11:26.4476552+02:00" testType="13cdc9d9-ddb5-4fa4-a97d-d965ccfc6d4b" outcome="Passed" testListId="8c84fa94-04c1-424b-9868-57a2d4851a1d" relativeResultsDirectory="e4e7207b-6efe-4531-9384-89fbe3878789" />
    <UnitTestResult executionId="aac9540a-1a64-41fc-8d9c-ca1e7d0c670a" testId="2923fc7b-3062-4184-995a-9f586ec7cc64" testName="FormatToStringTest1000 (27050.586848031067,27050.59 zł)" computerName="DESKTOP-5URQ9PB" duration="00:00:00.0000062" startTime="2022-06-13T21:11:26.3459553+02:00" endTime="2022-06-13T21:11:26.3460209+02:00" testType="13cdc9d9-ddb5-4fa4-a97d-d965ccfc6d4b" outcome="Passed" testListId="8c84fa94-04c1-424b-9868-57a2d4851a1d" relativeResultsDirectory="aac9540a-1a64-41fc-8d9c-ca1e7d0c670a" />
    <UnitTestResult executionId="1ee29f26-c87b-456a-a900-fb301ee256e8" testId="a919fd7f-a3f9-48d8-b53e-b7a77291dff6" testName="FormatToStringTest1000 (9634.398811461124,9634.40 zł)" computerName="DESKTOP-5URQ9PB" duration="00:00:00.0000063" startTime="2022-06-13T21:11:26.6456386+02:00" endTime="2022-06-13T21:11:26.6457031+02:00" testType="13cdc9d9-ddb5-4fa4-a97d-d965ccfc6d4b" outcome="Passed" testListId="8c84fa94-04c1-424b-9868-57a2d4851a1d" relativeResultsDirectory="1ee29f26-c87b-456a-a900-fb301ee256e8" />
    <UnitTestResult executionId="405d79fe-8fed-4703-a781-3322b4af5ade" testId="b13c2199-e28a-4cd6-84e2-fdb44916652f" testName="FormatToStringTest1000 (34136.0993783046,34136.10 zł)" computerName="DESKTOP-5URQ9PB" duration="00:00:00.0000072" startTime="2022-06-13T21:11:26.4224895+02:00" endTime="2022-06-13T21:11:26.4225549+02:00" testType="13cdc9d9-ddb5-4fa4-a97d-d965ccfc6d4b" outcome="Passed" testListId="8c84fa94-04c1-424b-9868-57a2d4851a1d" relativeResultsDirectory="405d79fe-8fed-4703-a781-3322b4af5ade" />
    <UnitTestResult executionId="854cfe57-280f-46ef-874a-e6dc23b11d3e" testId="1be9e910-f002-4f3c-a51d-1def8206a022" testName="FormatToStringTest1000 (16402.16316587206,16402.16 zł)" computerName="DESKTOP-5URQ9PB" duration="00:00:00.0000062" startTime="2022-06-13T21:11:26.5122654+02:00" endTime="2022-06-13T21:11:26.5123464+02:00" testType="13cdc9d9-ddb5-4fa4-a97d-d965ccfc6d4b" outcome="Passed" testListId="8c84fa94-04c1-424b-9868-57a2d4851a1d" relativeResultsDirectory="854cfe57-280f-46ef-874a-e6dc23b11d3e" />
    <UnitTestResult executionId="e2014943-28d8-4c6a-8b72-08efee0323c5" testId="5270c496-9773-401d-8f6f-08b5e0c0a5a1" testName="FormatToStringTest1000 (19796.212103914568,19796.21 zł)" computerName="DESKTOP-5URQ9PB" duration="00:00:00.0000061" startTime="2022-06-13T21:11:26.5156841+02:00" endTime="2022-06-13T21:11:26.5157508+02:00" testType="13cdc9d9-ddb5-4fa4-a97d-d965ccfc6d4b" outcome="Passed" testListId="8c84fa94-04c1-424b-9868-57a2d4851a1d" relativeResultsDirectory="e2014943-28d8-4c6a-8b72-08efee0323c5" />
    <UnitTestResult executionId="41ecdec8-57fe-47c2-8ae1-875cdd8de566" testId="2bdcbc9e-e11f-494d-bcfa-b8a445d7aa40" testName="FormatToStringTest1000 (8499.121443388574,8499.12 zł)" computerName="DESKTOP-5URQ9PB" duration="00:00:00.0000062" startTime="2022-06-13T21:11:26.3616064+02:00" endTime="2022-06-13T21:11:26.3616717+02:00" testType="13cdc9d9-ddb5-4fa4-a97d-d965ccfc6d4b" outcome="Passed" testListId="8c84fa94-04c1-424b-9868-57a2d4851a1d" relativeResultsDirectory="41ecdec8-57fe-47c2-8ae1-875cdd8de566" />
    <UnitTestResult executionId="a1b6bb72-ae15-4988-911b-19984495c768" testId="b89b7ead-18b7-4efc-8428-7ccf851198c7" testName="FormatToStringTest1000 (20527.270339210645,20527.27 zł)" computerName="DESKTOP-5URQ9PB" duration="00:00:00.0000072" startTime="2022-06-13T21:11:26.6941907+02:00" endTime="2022-06-13T21:11:26.6942571+02:00" testType="13cdc9d9-ddb5-4fa4-a97d-d965ccfc6d4b" outcome="Passed" testListId="8c84fa94-04c1-424b-9868-57a2d4851a1d" relativeResultsDirectory="a1b6bb72-ae15-4988-911b-19984495c768" />
    <UnitTestResult executionId="874eafe5-7b9c-48d4-b821-5be9be02cff9" testId="6d596de4-2b80-4b75-a9be-fa0b7eaec53b" testName="FormatToStringTest1000 (17579.823312525088,17579.82 zł)" computerName="DESKTOP-5URQ9PB" duration="00:00:00.0000062" startTime="2022-06-13T21:11:26.6068418+02:00" endTime="2022-06-13T21:11:26.6069057+02:00" testType="13cdc9d9-ddb5-4fa4-a97d-d965ccfc6d4b" outcome="Passed" testListId="8c84fa94-04c1-424b-9868-57a2d4851a1d" relativeResultsDirectory="874eafe5-7b9c-48d4-b821-5be9be02cff9" />
    <UnitTestResult executionId="ffb3b68f-8051-44ad-9f2a-e15fd4210e44" testId="7248418e-52b3-4057-a643-2b0ac39ebff4" testName="FormatToStringTest1000 (6266.232005888704,6266.23 zł)" computerName="DESKTOP-5URQ9PB" duration="00:00:00.0000064" startTime="2022-06-13T21:11:26.5842446+02:00" endTime="2022-06-13T21:11:26.5843253+02:00" testType="13cdc9d9-ddb5-4fa4-a97d-d965ccfc6d4b" outcome="Passed" testListId="8c84fa94-04c1-424b-9868-57a2d4851a1d" relativeResultsDirectory="ffb3b68f-8051-44ad-9f2a-e15fd4210e44" />
    <UnitTestResult executionId="169ceb7e-d2b4-4576-bc4c-a787ff2c73be" testId="92f1baf3-1159-46b2-9c1a-fb8c3b8da6e1" testName="FormatToStringTest1000 (3270.286035661719,3270.29 zł)" computerName="DESKTOP-5URQ9PB" duration="00:00:00.0000064" startTime="2022-06-13T21:11:26.5388187+02:00" endTime="2022-06-13T21:11:26.5388950+02:00" testType="13cdc9d9-ddb5-4fa4-a97d-d965ccfc6d4b" outcome="Passed" testListId="8c84fa94-04c1-424b-9868-57a2d4851a1d" relativeResultsDirectory="169ceb7e-d2b4-4576-bc4c-a787ff2c73be" />
    <UnitTestResult executionId="5905005a-5f0a-42f5-bcbf-88b911146818" testId="92a56d20-74fe-42d0-a826-9b1f3c57eede" testName="FormatToStringTest1000 (44065.726815678056,44065.73 zł)" computerName="DESKTOP-5URQ9PB" duration="00:00:00.0000064" startTime="2022-06-13T21:11:26.4410801+02:00" endTime="2022-06-13T21:11:26.4411556+02:00" testType="13cdc9d9-ddb5-4fa4-a97d-d965ccfc6d4b" outcome="Passed" testListId="8c84fa94-04c1-424b-9868-57a2d4851a1d" relativeResultsDirectory="5905005a-5f0a-42f5-bcbf-88b911146818" />
    <UnitTestResult executionId="4f215a80-9c2f-4e25-ac8d-b6ea878ee729" testId="ea8badca-9624-4be4-be11-0fd66a4c5ab9" testName="FormatToStringTest1000 (6466.872242818062,6466.87 zł)" computerName="DESKTOP-5URQ9PB" duration="00:00:00.0000061" startTime="2022-06-13T21:11:26.6007148+02:00" endTime="2022-06-13T21:11:26.6007790+02:00" testType="13cdc9d9-ddb5-4fa4-a97d-d965ccfc6d4b" outcome="Passed" testListId="8c84fa94-04c1-424b-9868-57a2d4851a1d" relativeResultsDirectory="4f215a80-9c2f-4e25-ac8d-b6ea878ee729" />
    <UnitTestResult executionId="b85b6188-2e1d-4398-a767-39cbbab1468e" testId="8f541304-1676-422f-a9ba-fd33f1f4dc88" testName="FormatToStringTest1000 (5835.26176155557,5835.26 zł)" computerName="DESKTOP-5URQ9PB" duration="00:00:00.0000064" startTime="2022-06-13T21:11:26.5751582+02:00" endTime="2022-06-13T21:11:26.5752245+02:00" testType="13cdc9d9-ddb5-4fa4-a97d-d965ccfc6d4b" outcome="Passed" testListId="8c84fa94-04c1-424b-9868-57a2d4851a1d" relativeResultsDirectory="b85b6188-2e1d-4398-a767-39cbbab1468e" />
    <UnitTestResult executionId="8a1dce00-8eed-4bae-b8b0-e7de358d6dfa" testId="9a27c6c2-90bb-470d-80e6-fce89320a361" testName="FormatToStringTest1000 (15129.433864736666,15129.43 zł)" computerName="DESKTOP-5URQ9PB" duration="00:00:00.0000061" startTime="2022-06-13T21:11:26.6543737+02:00" endTime="2022-06-13T21:11:26.6544387+02:00" testType="13cdc9d9-ddb5-4fa4-a97d-d965ccfc6d4b" outcome="Passed" testListId="8c84fa94-04c1-424b-9868-57a2d4851a1d" relativeResultsDirectory="8a1dce00-8eed-4bae-b8b0-e7de358d6dfa" />
    <UnitTestResult executionId="01cb5ada-4762-40b1-93e4-dac1458b8778" testId="4ae809e4-d6b8-45eb-b4ee-fc4cb77fc22d" testName="FormatToStringTest1000 (29917.15005391145,29917.15 zł)" computerName="DESKTOP-5URQ9PB" duration="00:00:00.0000062" startTime="2022-06-13T21:11:26.6124875+02:00" endTime="2022-06-13T21:11:26.6125517+02:00" testType="13cdc9d9-ddb5-4fa4-a97d-d965ccfc6d4b" outcome="Passed" testListId="8c84fa94-04c1-424b-9868-57a2d4851a1d" relativeResultsDirectory="01cb5ada-4762-40b1-93e4-dac1458b8778" />
    <UnitTestResult executionId="a9496e21-5aa8-4fb9-896c-5fff91be9ee3" testId="9ebec0e5-60ed-46ef-aa26-747ae2a6a516" testName="FormatToStringTest1000 (964.9678631783313,964.97 zł)" computerName="DESKTOP-5URQ9PB" duration="00:00:00.0000064" startTime="2022-06-13T21:11:26.4415726+02:00" endTime="2022-06-13T21:11:26.4416449+02:00" testType="13cdc9d9-ddb5-4fa4-a97d-d965ccfc6d4b" outcome="Passed" testListId="8c84fa94-04c1-424b-9868-57a2d4851a1d" relativeResultsDirectory="a9496e21-5aa8-4fb9-896c-5fff91be9ee3" />
    <UnitTestResult executionId="77ec4ab5-6c1e-424f-a1fd-824fbac6ab7b" testId="6f9bd7c4-b3a0-49ff-92ae-5355fb1f8214" testName="FormatToStringTest1000 (37387.37521261972,37387.38 zł)" computerName="DESKTOP-5URQ9PB" duration="00:00:00.0000070" startTime="2022-06-13T21:11:26.6162340+02:00" endTime="2022-06-13T21:11:26.6163270+02:00" testType="13cdc9d9-ddb5-4fa4-a97d-d965ccfc6d4b" outcome="Passed" testListId="8c84fa94-04c1-424b-9868-57a2d4851a1d" relativeResultsDirectory="77ec4ab5-6c1e-424f-a1fd-824fbac6ab7b" />
    <UnitTestResult executionId="26bc84d8-ab0a-453c-b91b-0762d84491ff" testId="4bd39f14-bd24-4dff-8cc8-79e836a24fab" testName="FormatToStringTest1000 (835.1578487740633,835.16 zł)" computerName="DESKTOP-5URQ9PB" duration="00:00:00.0000359" startTime="2022-06-13T21:11:26.5535797+02:00" endTime="2022-06-13T21:11:26.5539718+02:00" testType="13cdc9d9-ddb5-4fa4-a97d-d965ccfc6d4b" outcome="Passed" testListId="8c84fa94-04c1-424b-9868-57a2d4851a1d" relativeResultsDirectory="26bc84d8-ab0a-453c-b91b-0762d84491ff" />
    <UnitTestResult executionId="59573d9a-53cf-4506-a1ec-d15bc40a9aba" testId="927bd556-3d81-41c3-974a-0b2b019d77f0" testName="FormatToStringTest1000 (6838.422316571894,6838.42 zł)" computerName="DESKTOP-5URQ9PB" duration="00:00:00.0000059" startTime="2022-06-13T21:11:26.4061188+02:00" endTime="2022-06-13T21:11:26.4061834+02:00" testType="13cdc9d9-ddb5-4fa4-a97d-d965ccfc6d4b" outcome="Passed" testListId="8c84fa94-04c1-424b-9868-57a2d4851a1d" relativeResultsDirectory="59573d9a-53cf-4506-a1ec-d15bc40a9aba" />
    <UnitTestResult executionId="0b80d8fb-85d7-409b-8385-15ac28a964de" testId="cac7b69d-e1ca-463f-a1ca-3425b90a1f7c" testName="FormatToStringTest1000 (75987.03378503352,75987.03 zł)" computerName="DESKTOP-5URQ9PB" duration="00:00:00.0000064" startTime="2022-06-13T21:11:26.6292411+02:00" endTime="2022-06-13T21:11:26.6293064+02:00" testType="13cdc9d9-ddb5-4fa4-a97d-d965ccfc6d4b" outcome="Passed" testListId="8c84fa94-04c1-424b-9868-57a2d4851a1d" relativeResultsDirectory="0b80d8fb-85d7-409b-8385-15ac28a964de" />
    <UnitTestResult executionId="3004c737-b7f6-4ea8-91d1-0cf8eb77ccd4" testId="10e52e4d-df01-47da-8221-c072650c3a4b" testName="FormatToStringTest1000 (43424.45140075332,43424.45 zł)" computerName="DESKTOP-5URQ9PB" duration="00:00:00.0000063" startTime="2022-06-13T21:11:26.5157697+02:00" endTime="2022-06-13T21:11:26.5158367+02:00" testType="13cdc9d9-ddb5-4fa4-a97d-d965ccfc6d4b" outcome="Passed" testListId="8c84fa94-04c1-424b-9868-57a2d4851a1d" relativeResultsDirectory="3004c737-b7f6-4ea8-91d1-0cf8eb77ccd4" />
    <UnitTestResult executionId="1feb5760-5a7c-4494-be0a-7b7e1df1e7ca" testId="d0154d59-5e1c-4a2e-942b-01d74b11239e" testName="FormatToStringTest1000 (13323.876109275909,13323.88 zł)" computerName="DESKTOP-5URQ9PB" duration="00:00:00.0000061" startTime="2022-06-13T21:11:26.6688906+02:00" endTime="2022-06-13T21:11:26.6689553+02:00" testType="13cdc9d9-ddb5-4fa4-a97d-d965ccfc6d4b" outcome="Passed" testListId="8c84fa94-04c1-424b-9868-57a2d4851a1d" relativeResultsDirectory="1feb5760-5a7c-4494-be0a-7b7e1df1e7ca" />
    <UnitTestResult executionId="e4e5a75e-61ea-450f-88e7-9fb4b5d6c882" testId="d149d139-c703-4534-8149-846e67d27b2e" testName="FormatToStringTest1000 (16901.497392274203,16901.50 zł)" computerName="DESKTOP-5URQ9PB" duration="00:00:00.0000062" startTime="2022-06-13T21:11:26.5816117+02:00" endTime="2022-06-13T21:11:26.5816762+02:00" testType="13cdc9d9-ddb5-4fa4-a97d-d965ccfc6d4b" outcome="Passed" testListId="8c84fa94-04c1-424b-9868-57a2d4851a1d" relativeResultsDirectory="e4e5a75e-61ea-450f-88e7-9fb4b5d6c882" />
    <UnitTestResult executionId="ff14bb38-0905-4c9a-bf3a-4607e9ac4868" testId="06c69534-5ed4-4bd8-b1ef-33e54f84a89c" testName="FormatToStringTest1000 (14867.726341984107,14867.73 zł)" computerName="DESKTOP-5URQ9PB" duration="00:00:00.0000065" startTime="2022-06-13T21:11:26.5811027+02:00" endTime="2022-06-13T21:11:26.5811687+02:00" testType="13cdc9d9-ddb5-4fa4-a97d-d965ccfc6d4b" outcome="Passed" testListId="8c84fa94-04c1-424b-9868-57a2d4851a1d" relativeResultsDirectory="ff14bb38-0905-4c9a-bf3a-4607e9ac4868" />
    <UnitTestResult executionId="e8ad2205-56c6-4095-8c3e-9b2d0e0feb2b" testId="e5cd8703-3644-49b9-b4ac-019f2c8ccaf7" testName="FormatToStringTest1000 (3503.9809179231434,3503.98 zł)" computerName="DESKTOP-5URQ9PB" duration="00:00:00.0000064" startTime="2022-06-13T21:11:26.5188270+02:00" endTime="2022-06-13T21:11:26.5188944+02:00" testType="13cdc9d9-ddb5-4fa4-a97d-d965ccfc6d4b" outcome="Passed" testListId="8c84fa94-04c1-424b-9868-57a2d4851a1d" relativeResultsDirectory="e8ad2205-56c6-4095-8c3e-9b2d0e0feb2b" />
    <UnitTestResult executionId="ad98bc21-2f4f-458c-a6fb-a4eb43864199" testId="2a022f3b-b1a8-497d-af37-2fec75b63ae3" testName="FormatToStringTest1000 (85407.13428016152,85407.13 zł)" computerName="DESKTOP-5URQ9PB" duration="00:00:00.0000062" startTime="2022-06-13T21:11:26.7186497+02:00" endTime="2022-06-13T21:11:26.7187139+02:00" testType="13cdc9d9-ddb5-4fa4-a97d-d965ccfc6d4b" outcome="Passed" testListId="8c84fa94-04c1-424b-9868-57a2d4851a1d" relativeResultsDirectory="ad98bc21-2f4f-458c-a6fb-a4eb43864199" />
    <UnitTestResult executionId="19e7b52c-e8d6-47e4-96fa-640c36139c64" testId="1b26e881-803a-44ea-b5ff-4556a0628c70" testName="FormatToStringTest1000 (12871.381729632794,12871.38 zł)" computerName="DESKTOP-5URQ9PB" duration="00:00:00.0000061" startTime="2022-06-13T21:11:26.4257589+02:00" endTime="2022-06-13T21:11:26.4258256+02:00" testType="13cdc9d9-ddb5-4fa4-a97d-d965ccfc6d4b" outcome="Passed" testListId="8c84fa94-04c1-424b-9868-57a2d4851a1d" relativeResultsDirectory="19e7b52c-e8d6-47e4-96fa-640c36139c64" />
    <UnitTestResult executionId="dd5550b0-1abb-42b8-9821-d9e57f085709" testId="1a9b6fff-8f57-4911-bcf2-bb3772105bd6" testName="FormatToStringTest1000 (5870.791169434223,5870.79 zł)" computerName="DESKTOP-5URQ9PB" duration="00:00:00.0000062" startTime="2022-06-13T21:11:26.4848973+02:00" endTime="2022-06-13T21:11:26.4849639+02:00" testType="13cdc9d9-ddb5-4fa4-a97d-d965ccfc6d4b" outcome="Passed" testListId="8c84fa94-04c1-424b-9868-57a2d4851a1d" relativeResultsDirectory="dd5550b0-1abb-42b8-9821-d9e57f085709" />
    <UnitTestResult executionId="009649e7-7ea0-41c7-903c-857f2a1f6648" testId="97e4379f-b53a-41da-acde-e02bb0b497c5" testName="FormatToStringTest1000 (25990.318498101697,25990.32 zł)" computerName="DESKTOP-5URQ9PB" duration="00:00:00.0000076" startTime="2022-06-13T21:11:26.3641592+02:00" endTime="2022-06-13T21:11:26.3642283+02:00" testType="13cdc9d9-ddb5-4fa4-a97d-d965ccfc6d4b" outcome="Passed" testListId="8c84fa94-04c1-424b-9868-57a2d4851a1d" relativeResultsDirectory="009649e7-7ea0-41c7-903c-857f2a1f6648" />
    <UnitTestResult executionId="e46fe83d-82f9-4946-8a62-33d53ceff7e2" testId="e37e058a-1dbf-4743-8479-32e2efdbbb47" testName="FormatToStringTest1000 (17455.15807988595,17455.16 zł)" computerName="DESKTOP-5URQ9PB" duration="00:00:00.0000061" startTime="2022-06-13T21:11:26.6510596+02:00" endTime="2022-06-13T21:11:26.6511243+02:00" testType="13cdc9d9-ddb5-4fa4-a97d-d965ccfc6d4b" outcome="Passed" testListId="8c84fa94-04c1-424b-9868-57a2d4851a1d" relativeResultsDirectory="e46fe83d-82f9-4946-8a62-33d53ceff7e2" />
    <UnitTestResult executionId="065a7dd4-b379-4827-b99d-cc53c08a0f42" testId="6fcbd53e-f65d-4926-a103-6fd9b301124a" testName="FormatToStringTest1000 (2409.393997763001,2409.39 zł)" computerName="DESKTOP-5URQ9PB" duration="00:00:00.0000060" startTime="2022-06-13T21:11:26.3924639+02:00" endTime="2022-06-13T21:11:26.3925278+02:00" testType="13cdc9d9-ddb5-4fa4-a97d-d965ccfc6d4b" outcome="Passed" testListId="8c84fa94-04c1-424b-9868-57a2d4851a1d" relativeResultsDirectory="065a7dd4-b379-4827-b99d-cc53c08a0f42" />
    <UnitTestResult executionId="9919bb3e-1a04-4fa4-839f-cbffc747f5f0" testId="32c52c1f-e1a2-4110-9364-33ea0c201995" testName="FormatToStringTest1000 (4919.073526169674,4919.07 zł)" computerName="DESKTOP-5URQ9PB" duration="00:00:00.0000063" startTime="2022-06-13T21:11:26.4318027+02:00" endTime="2022-06-13T21:11:26.4318696+02:00" testType="13cdc9d9-ddb5-4fa4-a97d-d965ccfc6d4b" outcome="Passed" testListId="8c84fa94-04c1-424b-9868-57a2d4851a1d" relativeResultsDirectory="9919bb3e-1a04-4fa4-839f-cbffc747f5f0" />
    <UnitTestResult executionId="7dd63bb3-27af-492c-b533-e7226971f8c7" testId="7061e97d-9993-4b84-babd-78b2213ecf17" testName="FormatToStringTest1000 (12641.700665183225,12641.70 zł)" computerName="DESKTOP-5URQ9PB" duration="00:00:00.0000064" startTime="2022-06-13T21:11:26.4379037+02:00" endTime="2022-06-13T21:11:26.4379791+02:00" testType="13cdc9d9-ddb5-4fa4-a97d-d965ccfc6d4b" outcome="Passed" testListId="8c84fa94-04c1-424b-9868-57a2d4851a1d" relativeResultsDirectory="7dd63bb3-27af-492c-b533-e7226971f8c7" />
    <UnitTestResult executionId="93269a0c-00f3-4720-835d-ef3d7e075ea6" testId="e6aa8b43-3849-4e44-a099-7ff1180b1c5e" testName="FormatToStringTest1000 (20116.958341299072,20116.96 zł)" computerName="DESKTOP-5URQ9PB" duration="00:00:00.0000065" startTime="2022-06-13T21:11:26.6065158+02:00" endTime="2022-06-13T21:11:26.6065805+02:00" testType="13cdc9d9-ddb5-4fa4-a97d-d965ccfc6d4b" outcome="Passed" testListId="8c84fa94-04c1-424b-9868-57a2d4851a1d" relativeResultsDirectory="93269a0c-00f3-4720-835d-ef3d7e075ea6" />
    <UnitTestResult executionId="eb9b6ed7-73c0-49cf-9064-5d8ab2936202" testId="abc37771-2748-4b49-8166-11e3d9022d58" testName="FormatToStringTest1000 (47575.6421269959,47575.64 zł)" computerName="DESKTOP-5URQ9PB" duration="00:00:00.0000063" startTime="2022-06-13T21:11:26.6034273+02:00" endTime="2022-06-13T21:11:26.6034897+02:00" testType="13cdc9d9-ddb5-4fa4-a97d-d965ccfc6d4b" outcome="Passed" testListId="8c84fa94-04c1-424b-9868-57a2d4851a1d" relativeResultsDirectory="eb9b6ed7-73c0-49cf-9064-5d8ab2936202" />
    <UnitTestResult executionId="bbfb3738-0af9-475e-8f9e-5188ab53bab5" testId="f4470d8c-e06a-40f0-81f4-501d49c72538" testName="FormatToStringTest1000 (4554.73912809777,4554.74 zł)" computerName="DESKTOP-5URQ9PB" duration="00:00:00.0000258" startTime="2022-06-13T21:11:26.5672947+02:00" endTime="2022-06-13T21:11:26.5674746+02:00" testType="13cdc9d9-ddb5-4fa4-a97d-d965ccfc6d4b" outcome="Passed" testListId="8c84fa94-04c1-424b-9868-57a2d4851a1d" relativeResultsDirectory="bbfb3738-0af9-475e-8f9e-5188ab53bab5" />
    <UnitTestResult executionId="61c62c77-a132-44c9-b070-ca5d12b145e2" testId="190b63c9-b1e0-4111-b1d9-6a3c280b6546" testName="FormatToStringTest1000 (30499.08272379734,30499.08 zł)" computerName="DESKTOP-5URQ9PB" duration="00:00:00.0000062" startTime="2022-06-13T21:11:26.6321051+02:00" endTime="2022-06-13T21:11:26.6321698+02:00" testType="13cdc9d9-ddb5-4fa4-a97d-d965ccfc6d4b" outcome="Passed" testListId="8c84fa94-04c1-424b-9868-57a2d4851a1d" relativeResultsDirectory="61c62c77-a132-44c9-b070-ca5d12b145e2" />
    <UnitTestResult executionId="88ef1ce2-0971-417f-8205-740bbde4dd28" testId="533bacbd-ccdb-40c1-98d9-5c802e8dc843" testName="FormatToStringTest1000 (13197.65136269417,13197.65 zł)" computerName="DESKTOP-5URQ9PB" duration="00:00:00.0000069" startTime="2022-06-13T21:11:26.5066087+02:00" endTime="2022-06-13T21:11:26.5066834+02:00" testType="13cdc9d9-ddb5-4fa4-a97d-d965ccfc6d4b" outcome="Passed" testListId="8c84fa94-04c1-424b-9868-57a2d4851a1d" relativeResultsDirectory="88ef1ce2-0971-417f-8205-740bbde4dd28" />
    <UnitTestResult executionId="0027739a-ebd0-48fc-aff5-11b371f9d118" testId="059700b7-13ef-4bea-957b-c7f841463b28" testName="FormatToStringTest1000 (16902.50568789314,16902.51 zł)" computerName="DESKTOP-5URQ9PB" duration="00:00:00.0000061" startTime="2022-06-13T21:11:26.5034833+02:00" endTime="2022-06-13T21:11:26.5035505+02:00" testType="13cdc9d9-ddb5-4fa4-a97d-d965ccfc6d4b" outcome="Passed" testListId="8c84fa94-04c1-424b-9868-57a2d4851a1d" relativeResultsDirectory="0027739a-ebd0-48fc-aff5-11b371f9d118" />
    <UnitTestResult executionId="1777cbfc-83ac-4cc0-bc16-f102e6a574e1" testId="57c7c851-5395-4b1a-8031-d01941fb7b0e" testName="FormatToStringTest1000 (317.9090540706688,317.91 zł)" computerName="DESKTOP-5URQ9PB" duration="00:00:00.0000075" startTime="2022-06-13T21:11:26.3733307+02:00" endTime="2022-06-13T21:11:26.3734342+02:00" testType="13cdc9d9-ddb5-4fa4-a97d-d965ccfc6d4b" outcome="Passed" testListId="8c84fa94-04c1-424b-9868-57a2d4851a1d" relativeResultsDirectory="1777cbfc-83ac-4cc0-bc16-f102e6a574e1" />
    <UnitTestResult executionId="fbb2b21d-0721-4b75-8986-757c60d2234f" testId="17c42e6d-e58b-46de-af85-9eab6461f915" testName="FormatToStringTest1000 (23612.114499758984,23612.11 zł)" computerName="DESKTOP-5URQ9PB" duration="00:00:00.0000063" startTime="2022-06-13T21:11:26.4411736+02:00" endTime="2022-06-13T21:11:26.4412525+02:00" testType="13cdc9d9-ddb5-4fa4-a97d-d965ccfc6d4b" outcome="Passed" testListId="8c84fa94-04c1-424b-9868-57a2d4851a1d" relativeResultsDirectory="fbb2b21d-0721-4b75-8986-757c60d2234f" />
    <UnitTestResult executionId="ec374803-e26f-4c67-89f2-8e56a96fd292" testId="2d2a8f09-dbb2-44d3-a859-64fa805538ba" testName="FormatToStringTest1000 (73504.44700518598,73504.45 zł)" computerName="DESKTOP-5URQ9PB" duration="00:00:00.0000061" startTime="2022-06-13T21:11:26.7181509+02:00" endTime="2022-06-13T21:11:26.7182167+02:00" testType="13cdc9d9-ddb5-4fa4-a97d-d965ccfc6d4b" outcome="Passed" testListId="8c84fa94-04c1-424b-9868-57a2d4851a1d" relativeResultsDirectory="ec374803-e26f-4c67-89f2-8e56a96fd292" />
    <UnitTestResult executionId="389fe11c-14a7-4b97-b227-38efc4a9b597" testId="8ab217af-c473-43d6-a390-ea13c33f56ec" testName="FormatToStringTest1000 (38845.74924104323,38845.75 zł)" computerName="DESKTOP-5URQ9PB" duration="00:00:00.0000061" startTime="2022-06-13T21:11:26.6688079+02:00" endTime="2022-06-13T21:11:26.6688733+02:00" testType="13cdc9d9-ddb5-4fa4-a97d-d965ccfc6d4b" outcome="Passed" testListId="8c84fa94-04c1-424b-9868-57a2d4851a1d" relativeResultsDirectory="389fe11c-14a7-4b97-b227-38efc4a9b597" />
    <UnitTestResult executionId="e1ee8085-4eb9-4a58-8d8d-b543ced6a64c" testId="c3608939-7a0f-43f4-9f3b-03ee330a9767" testName="FormatToStringTest1000 (36211.11038300866,36211.11 zł)" computerName="DESKTOP-5URQ9PB" duration="00:00:00.0000062" startTime="2022-06-13T21:11:26.6353166+02:00" endTime="2022-06-13T21:11:26.6353870+02:00" testType="13cdc9d9-ddb5-4fa4-a97d-d965ccfc6d4b" outcome="Passed" testListId="8c84fa94-04c1-424b-9868-57a2d4851a1d" relativeResultsDirectory="e1ee8085-4eb9-4a58-8d8d-b543ced6a64c" />
    <UnitTestResult executionId="3a72275c-335f-4b94-8a4b-c26f8014dfcd" testId="af6b3e4e-55ec-452f-b9a4-e619c11e50de" testName="FormatToStringTest1000 (52888.48934243642,52888.49 zł)" computerName="DESKTOP-5URQ9PB" duration="00:00:00.0000079" startTime="2022-06-13T21:11:26.5032036+02:00" endTime="2022-06-13T21:11:26.5032755+02:00" testType="13cdc9d9-ddb5-4fa4-a97d-d965ccfc6d4b" outcome="Passed" testListId="8c84fa94-04c1-424b-9868-57a2d4851a1d" relativeResultsDirectory="3a72275c-335f-4b94-8a4b-c26f8014dfcd" />
    <UnitTestResult executionId="7a13326c-2dda-42b1-b513-b2706262fa1d" testId="c11d9569-3411-4f15-bbc7-c59d0757d64e" testName="FormatToStringTest1000 (86.89546322771136,86.90 zł)" computerName="DESKTOP-5URQ9PB" duration="00:00:00.0000060" startTime="2022-06-13T21:11:26.3546613+02:00" endTime="2022-06-13T21:11:26.3547258+02:00" testType="13cdc9d9-ddb5-4fa4-a97d-d965ccfc6d4b" outcome="Passed" testListId="8c84fa94-04c1-424b-9868-57a2d4851a1d" relativeResultsDirectory="7a13326c-2dda-42b1-b513-b2706262fa1d" />
    <UnitTestResult executionId="b1228e69-0464-46d0-8b32-f69295a13e9e" testId="fd33dda8-1b5d-4474-9bb9-2b8c77c9ea8a" testName="FormatToStringTest1000 (19071.681252896637,19071.68 zł)" computerName="DESKTOP-5URQ9PB" duration="00:00:00.0000064" startTime="2022-06-13T21:11:26.6030921+02:00" endTime="2022-06-13T21:11:26.6031577+02:00" testType="13cdc9d9-ddb5-4fa4-a97d-d965ccfc6d4b" outcome="Passed" testListId="8c84fa94-04c1-424b-9868-57a2d4851a1d" relativeResultsDirectory="b1228e69-0464-46d0-8b32-f69295a13e9e" />
    <UnitTestResult executionId="e61c2529-50aa-42fc-a9a6-35797934802d" testId="4ee4ab5a-c10f-4e31-9f13-ac478a5ac523" testName="FormatToStringTest1000 (87505.85936583664,87505.86 zł)" computerName="DESKTOP-5URQ9PB" duration="00:00:00.0000063" startTime="2022-06-13T21:11:26.5284163+02:00" endTime="2022-06-13T21:11:26.5284841+02:00" testType="13cdc9d9-ddb5-4fa4-a97d-d965ccfc6d4b" outcome="Passed" testListId="8c84fa94-04c1-424b-9868-57a2d4851a1d" relativeResultsDirectory="e61c2529-50aa-42fc-a9a6-35797934802d" />
    <UnitTestResult executionId="f2ce0813-0515-4796-b8d3-b5ee8791ff72" testId="19179588-704f-4f52-92c1-db781c895d8d" testName="FormatToStringTest1000 (10511.7304983189,10511.73 zł)" computerName="DESKTOP-5URQ9PB" duration="00:00:00.0000064" startTime="2022-06-13T21:11:26.4771558+02:00" endTime="2022-06-13T21:11:26.4772264+02:00" testType="13cdc9d9-ddb5-4fa4-a97d-d965ccfc6d4b" outcome="Passed" testListId="8c84fa94-04c1-424b-9868-57a2d4851a1d" relativeResultsDirectory="f2ce0813-0515-4796-b8d3-b5ee8791ff72" />
    <UnitTestResult executionId="1ed2d02b-e0b2-4d69-8f48-c3a55d91fb11" testId="5b9c4bd8-f42c-43d1-9338-3e6b6b8bbff2" testName="FormatToStringTest1000 (67230.86250807665,67230.86 zł)" computerName="DESKTOP-5URQ9PB" duration="00:00:00.0000075" startTime="2022-06-13T21:11:26.3892153+02:00" endTime="2022-06-13T21:11:26.3893044+02:00" testType="13cdc9d9-ddb5-4fa4-a97d-d965ccfc6d4b" outcome="Passed" testListId="8c84fa94-04c1-424b-9868-57a2d4851a1d" relativeResultsDirectory="1ed2d02b-e0b2-4d69-8f48-c3a55d91fb11" />
    <UnitTestResult executionId="1f8d8705-5698-4a06-9de6-9b09e42e147b" testId="56bdb46f-87ba-4535-bb83-91683d010bd2" testName="FormatToStringTest1000 (5247.779940802501,5247.78 zł)" computerName="DESKTOP-5URQ9PB" duration="00:00:00.0000062" startTime="2022-06-13T21:11:26.7182339+02:00" endTime="2022-06-13T21:11:26.7182995+02:00" testType="13cdc9d9-ddb5-4fa4-a97d-d965ccfc6d4b" outcome="Passed" testListId="8c84fa94-04c1-424b-9868-57a2d4851a1d" relativeResultsDirectory="1f8d8705-5698-4a06-9de6-9b09e42e147b" />
    <UnitTestResult executionId="9b659964-3d25-4538-8c93-281027347c98" testId="1689bb8d-3b1d-4a9e-91de-1f50b8acd307" testName="FormatToStringTest1000 (13508.811787825922,13508.81 zł)" computerName="DESKTOP-5URQ9PB" duration="00:00:00.0000063" startTime="2022-06-13T21:11:26.6627721+02:00" endTime="2022-06-13T21:11:26.6628379+02:00" testType="13cdc9d9-ddb5-4fa4-a97d-d965ccfc6d4b" outcome="Passed" testListId="8c84fa94-04c1-424b-9868-57a2d4851a1d" relativeResultsDirectory="9b659964-3d25-4538-8c93-281027347c98" />
    <UnitTestResult executionId="6c4c6a1f-fe49-4f9e-94a8-c8359308137c" testId="831d2964-110f-4272-a340-e18fd877aebb" testName="FormatToStringTest1000 (16282.687804925576,16282.69 zł)" computerName="DESKTOP-5URQ9PB" duration="00:00:00.0000060" startTime="2022-06-13T21:11:26.3984168+02:00" endTime="2022-06-13T21:11:26.3984814+02:00" testType="13cdc9d9-ddb5-4fa4-a97d-d965ccfc6d4b" outcome="Passed" testListId="8c84fa94-04c1-424b-9868-57a2d4851a1d" relativeResultsDirectory="6c4c6a1f-fe49-4f9e-94a8-c8359308137c" />
    <UnitTestResult executionId="ddeb1aef-7a16-4cc7-a8bd-586f100d6271" testId="0a5a5cce-8b3c-4382-b316-99611ce7a877" testName="FormatToStringTest1000 (21893.78889296939,21893.79 zł)" computerName="DESKTOP-5URQ9PB" duration="00:00:00.0000063" startTime="2022-06-13T21:11:26.6916417+02:00" endTime="2022-06-13T21:11:26.6917063+02:00" testType="13cdc9d9-ddb5-4fa4-a97d-d965ccfc6d4b" outcome="Passed" testListId="8c84fa94-04c1-424b-9868-57a2d4851a1d" relativeResultsDirectory="ddeb1aef-7a16-4cc7-a8bd-586f100d6271" />
    <UnitTestResult executionId="292e7e7c-a5e0-4da8-977e-bc15996a1589" testId="b73d0284-0012-4e60-baba-8908b1736edb" testName="FormatToStringTest1000 (8768.816937361293,8768.82 zł)" computerName="DESKTOP-5URQ9PB" duration="00:00:00.0000061" startTime="2022-06-13T21:11:26.3586250+02:00" endTime="2022-06-13T21:11:26.3586901+02:00" testType="13cdc9d9-ddb5-4fa4-a97d-d965ccfc6d4b" outcome="Passed" testListId="8c84fa94-04c1-424b-9868-57a2d4851a1d" relativeResultsDirectory="292e7e7c-a5e0-4da8-977e-bc15996a1589" />
    <UnitTestResult executionId="e4d3e07d-ce90-47b5-b675-357114ca9ad2" testId="85d3aaea-c952-4c8a-812f-572b2dbca969" testName="FormatToStringTest1000 (78519.41691976106,78519.42 zł)" computerName="DESKTOP-5URQ9PB" duration="00:00:00.0000063" startTime="2022-06-13T21:11:26.6036693+02:00" endTime="2022-06-13T21:11:26.6037339+02:00" testType="13cdc9d9-ddb5-4fa4-a97d-d965ccfc6d4b" outcome="Passed" testListId="8c84fa94-04c1-424b-9868-57a2d4851a1d" relativeResultsDirectory="e4d3e07d-ce90-47b5-b675-357114ca9ad2" />
    <UnitTestResult executionId="d5b09eab-1b69-4c73-9d5e-d766fe1afbaa" testId="86a3faf2-2d5e-4985-9410-5855d090139f" testName="FormatToStringTest1000 (13503.943645929892,13503.94 zł)" computerName="DESKTOP-5URQ9PB" duration="00:00:00.0000092" startTime="2022-06-13T21:11:26.3800657+02:00" endTime="2022-06-13T21:11:26.3801420+02:00" testType="13cdc9d9-ddb5-4fa4-a97d-d965ccfc6d4b" outcome="Passed" testListId="8c84fa94-04c1-424b-9868-57a2d4851a1d" relativeResultsDirectory="d5b09eab-1b69-4c73-9d5e-d766fe1afbaa" />
    <UnitTestResult executionId="b558e6e1-ae05-499e-86cd-7fcb6c74a52a" testId="d4c87ee1-1dfd-4bcb-9b88-a71a49264e89" testName="FormatToStringTest1000 (24137.016609529506,24137.02 zł)" computerName="DESKTOP-5URQ9PB" duration="00:00:00.0000061" startTime="2022-06-13T21:11:26.6515540+02:00" endTime="2022-06-13T21:11:26.6516184+02:00" testType="13cdc9d9-ddb5-4fa4-a97d-d965ccfc6d4b" outcome="Passed" testListId="8c84fa94-04c1-424b-9868-57a2d4851a1d" relativeResultsDirectory="b558e6e1-ae05-499e-86cd-7fcb6c74a52a" />
    <UnitTestResult executionId="bd0a080e-b411-4c8c-983f-1163782eaea6" testId="9fe728b6-9a46-4508-8b31-d11c4553261f" testName="FormatToStringTest1000 (30383.303633991305,30383.30 zł)" computerName="DESKTOP-5URQ9PB" duration="00:00:00.0000062" startTime="2022-06-13T21:11:26.6822527+02:00" endTime="2022-06-13T21:11:26.6823167+02:00" testType="13cdc9d9-ddb5-4fa4-a97d-d965ccfc6d4b" outcome="Passed" testListId="8c84fa94-04c1-424b-9868-57a2d4851a1d" relativeResultsDirectory="bd0a080e-b411-4c8c-983f-1163782eaea6" />
    <UnitTestResult executionId="f648032e-1ec4-42a4-b8d6-46c48af31b35" testId="4f899d90-2a4f-42c0-b042-036ef32d324d" testName="FormatToStringTest1000 (5855.75080885354,5855.75 zł)" computerName="DESKTOP-5URQ9PB" duration="00:00:00.0000061" startTime="2022-06-13T21:11:26.6169342+02:00" endTime="2022-06-13T21:11:26.6169959+02:00" testType="13cdc9d9-ddb5-4fa4-a97d-d965ccfc6d4b" outcome="Passed" testListId="8c84fa94-04c1-424b-9868-57a2d4851a1d" relativeResultsDirectory="f648032e-1ec4-42a4-b8d6-46c48af31b35" />
    <UnitTestResult executionId="5da3b893-e747-42e9-b0ac-482561461172" testId="d9d60690-87da-4f39-865d-092b7509397c" testName="FormatToStringTest1000 (62975.496334776515,62975.50 zł)" computerName="DESKTOP-5URQ9PB" duration="00:00:00.0000062" startTime="2022-06-13T21:11:26.3739073+02:00" endTime="2022-06-13T21:11:26.3739790+02:00" testType="13cdc9d9-ddb5-4fa4-a97d-d965ccfc6d4b" outcome="Passed" testListId="8c84fa94-04c1-424b-9868-57a2d4851a1d" relativeResultsDirectory="5da3b893-e747-42e9-b0ac-482561461172" />
    <UnitTestResult executionId="9b3d07f9-abfb-442f-a355-7d0507a6f178" testId="5597113d-711f-45b0-81f0-54f623f92928" testName="FormatToStringTest1000 (7569.605888796322,7569.61 zł)" computerName="DESKTOP-5URQ9PB" duration="00:00:00.0000063" startTime="2022-06-13T21:11:26.6258284+02:00" endTime="2022-06-13T21:11:26.6258978+02:00" testType="13cdc9d9-ddb5-4fa4-a97d-d965ccfc6d4b" outcome="Passed" testListId="8c84fa94-04c1-424b-9868-57a2d4851a1d" relativeResultsDirectory="9b3d07f9-abfb-442f-a355-7d0507a6f178" />
    <UnitTestResult executionId="de218d85-ec0b-40aa-9c05-d2ef0e9d1557" testId="112db363-25cc-4ede-bd89-83a4248dcd2f" testName="FormatToStringTest1000 (15861.139287455073,15861.14 zł)" computerName="DESKTOP-5URQ9PB" duration="00:00:00.0000065" startTime="2022-06-13T21:11:26.4481320+02:00" endTime="2022-06-13T21:11:26.4482074+02:00" testType="13cdc9d9-ddb5-4fa4-a97d-d965ccfc6d4b" outcome="Passed" testListId="8c84fa94-04c1-424b-9868-57a2d4851a1d" relativeResultsDirectory="de218d85-ec0b-40aa-9c05-d2ef0e9d1557" />
    <UnitTestResult executionId="753291b1-3770-4e5f-b6a2-cc32c260f795" testId="00a37cf4-6094-4a59-ac19-8b665443ce9a" testName="FormatToStringTest1000 (6809.40195803037,6809.40 zł)" computerName="DESKTOP-5URQ9PB" duration="00:00:00.0000167" startTime="2022-06-13T21:11:26.3059195+02:00" endTime="2022-06-13T21:11:26.3061239+02:00" testType="13cdc9d9-ddb5-4fa4-a97d-d965ccfc6d4b" outcome="Passed" testListId="8c84fa94-04c1-424b-9868-57a2d4851a1d" relativeResultsDirectory="753291b1-3770-4e5f-b6a2-cc32c260f795" />
    <UnitTestResult executionId="897f4b9f-3619-4116-bd55-971467d9a70f" testId="bdc82232-7b57-4902-83d9-defe86eae348" testName="FormatToStringTest1000 (26162.532683261918,26162.53 zł)" computerName="DESKTOP-5URQ9PB" duration="00:00:00.0000062" startTime="2022-06-13T21:11:26.6571055+02:00" endTime="2022-06-13T21:11:26.6571697+02:00" testType="13cdc9d9-ddb5-4fa4-a97d-d965ccfc6d4b" outcome="Passed" testListId="8c84fa94-04c1-424b-9868-57a2d4851a1d" relativeResultsDirectory="897f4b9f-3619-4116-bd55-971467d9a70f" />
    <UnitTestResult executionId="c8137b5a-5c48-492b-9034-a01adec21f1f" testId="fc58e0d1-04c8-4dd3-be6a-e2ea89854ce3" testName="FormatToStringTest1000 (32216.686763396807,32216.69 zł)" computerName="DESKTOP-5URQ9PB" duration="00:00:00.0000064" startTime="2022-06-13T21:11:26.3061563+02:00" endTime="2022-06-13T21:11:26.3062301+02:00" testType="13cdc9d9-ddb5-4fa4-a97d-d965ccfc6d4b" outcome="Passed" testListId="8c84fa94-04c1-424b-9868-57a2d4851a1d" relativeResultsDirectory="c8137b5a-5c48-492b-9034-a01adec21f1f" />
    <UnitTestResult executionId="c0150859-1575-4ec2-8e23-02f1fe04392d" testId="ffd373af-f75e-41aa-bfd6-9e5852f0734f" testName="FormatToStringTest1000 (28068.20530246394,28068.21 zł)" computerName="DESKTOP-5URQ9PB" duration="00:00:00.0000062" startTime="2022-06-13T21:11:26.4972235+02:00" endTime="2022-06-13T21:11:26.4972947+02:00" testType="13cdc9d9-ddb5-4fa4-a97d-d965ccfc6d4b" outcome="Passed" testListId="8c84fa94-04c1-424b-9868-57a2d4851a1d" relativeResultsDirectory="c0150859-1575-4ec2-8e23-02f1fe04392d" />
    <UnitTestResult executionId="fba1fd79-ee72-4857-a1f0-4fca125f2f14" testId="d3a3b1b6-4303-4b8f-bc6c-462f3f3f99dd" testName="FormatToStringTest1000 (24308.26523149212,24308.27 zł)" computerName="DESKTOP-5URQ9PB" duration="00:00:00.0000084" startTime="2022-06-13T21:11:26.6849446+02:00" endTime="2022-06-13T21:11:26.6850417+02:00" testType="13cdc9d9-ddb5-4fa4-a97d-d965ccfc6d4b" outcome="Passed" testListId="8c84fa94-04c1-424b-9868-57a2d4851a1d" relativeResultsDirectory="fba1fd79-ee72-4857-a1f0-4fca125f2f14" />
    <UnitTestResult executionId="5487fa37-74da-402f-820c-b9bddf1984af" testId="b9a5aafa-875f-4e06-878b-281841649a28" testName="FormatToStringTest1000 (1751.7703038522834,1751.77 zł)" computerName="DESKTOP-5URQ9PB" duration="00:00:00.0000069" startTime="2022-06-13T21:11:26.5189124+02:00" endTime="2022-06-13T21:11:26.5189801+02:00" testType="13cdc9d9-ddb5-4fa4-a97d-d965ccfc6d4b" outcome="Passed" testListId="8c84fa94-04c1-424b-9868-57a2d4851a1d" relativeResultsDirectory="5487fa37-74da-402f-820c-b9bddf1984af" />
    <UnitTestResult executionId="7f0414b6-509a-4df4-8e83-67b4a52e3a35" testId="b8f919aa-7947-4793-9caa-a31343bbec87" testName="FormatToStringTest1000 (22533.17694295811,22533.18 zł)" computerName="DESKTOP-5URQ9PB" duration="00:00:00.0000062" startTime="2022-06-13T21:11:26.6977575+02:00" endTime="2022-06-13T21:11:26.6978221+02:00" testType="13cdc9d9-ddb5-4fa4-a97d-d965ccfc6d4b" outcome="Passed" testListId="8c84fa94-04c1-424b-9868-57a2d4851a1d" relativeResultsDirectory="7f0414b6-509a-4df4-8e83-67b4a52e3a35" />
    <UnitTestResult executionId="fe050c0f-29a3-4013-ad8b-9772b33a0ab2" testId="40f00695-cf02-4274-b506-8dc498c57831" testName="FormatToStringTest1000 (97129.75160633575,97129.75 zł)" computerName="DESKTOP-5URQ9PB" duration="00:00:00.0000062" startTime="2022-06-13T21:11:26.4524233+02:00" endTime="2022-06-13T21:11:26.4524907+02:00" testType="13cdc9d9-ddb5-4fa4-a97d-d965ccfc6d4b" outcome="Passed" testListId="8c84fa94-04c1-424b-9868-57a2d4851a1d" relativeResultsDirectory="fe050c0f-29a3-4013-ad8b-9772b33a0ab2" />
    <UnitTestResult executionId="d4010a7b-02a3-430b-bcd7-431a7856ad95" testId="ce004c94-1556-4dea-8954-ff511a6a116a" testName="FormatToStringTest1000 (31971.185406704986,31971.19 zł)" computerName="DESKTOP-5URQ9PB" duration="00:00:00.0000062" startTime="2022-06-13T21:11:26.5317927+02:00" endTime="2022-06-13T21:11:26.5318597+02:00" testType="13cdc9d9-ddb5-4fa4-a97d-d965ccfc6d4b" outcome="Passed" testListId="8c84fa94-04c1-424b-9868-57a2d4851a1d" relativeResultsDirectory="d4010a7b-02a3-430b-bcd7-431a7856ad95" />
    <UnitTestResult executionId="4eb01fc9-92f6-4e35-abcc-27cad4252373" testId="09ba6552-dba4-425f-91ec-0245540b5a22" testName="FormatToStringTest1000 (72703.4365723503,72703.44 zł)" computerName="DESKTOP-5URQ9PB" duration="00:00:00.0000071" startTime="2022-06-13T21:11:26.4704550+02:00" endTime="2022-06-13T21:11:26.4705319+02:00" testType="13cdc9d9-ddb5-4fa4-a97d-d965ccfc6d4b" outcome="Passed" testListId="8c84fa94-04c1-424b-9868-57a2d4851a1d" relativeResultsDirectory="4eb01fc9-92f6-4e35-abcc-27cad4252373" />
    <UnitTestResult executionId="c0da0b56-ae50-4229-950b-746da3c0552d" testId="046074e0-ccdd-4770-a2e6-2185641499a0" testName="FormatToStringTest1000 (6890.028458985514,6890.03 zł)" computerName="DESKTOP-5URQ9PB" duration="00:00:00.0000060" startTime="2022-06-13T21:11:26.3581977+02:00" endTime="2022-06-13T21:11:26.3582645+02:00" testType="13cdc9d9-ddb5-4fa4-a97d-d965ccfc6d4b" outcome="Passed" testListId="8c84fa94-04c1-424b-9868-57a2d4851a1d" relativeResultsDirectory="c0da0b56-ae50-4229-950b-746da3c0552d" />
    <UnitTestResult executionId="528fd2a9-4b6f-41f4-8d4a-cdf77ce3b67c" testId="855e7d61-0204-4f5d-b342-2cc53738d11e" testName="FormatToStringTest1000 (8242.419043611,8242.42 zł)" computerName="DESKTOP-5URQ9PB" duration="00:00:00.0000065" startTime="2022-06-13T21:11:26.6509732+02:00" endTime="2022-06-13T21:11:26.6510422+02:00" testType="13cdc9d9-ddb5-4fa4-a97d-d965ccfc6d4b" outcome="Passed" testListId="8c84fa94-04c1-424b-9868-57a2d4851a1d" relativeResultsDirectory="528fd2a9-4b6f-41f4-8d4a-cdf77ce3b67c" />
    <UnitTestResult executionId="9b37a3e2-11a6-47aa-917e-ec671c8a4837" testId="5eb847c6-065f-4e9c-b8a9-cea706e4f3d1" testName="FormatToStringTest1000 (38076.55319665165,38076.55 zł)" computerName="DESKTOP-5URQ9PB" duration="00:00:00.0000060" startTime="2022-06-13T21:11:26.3838543+02:00" endTime="2022-06-13T21:11:26.3839186+02:00" testType="13cdc9d9-ddb5-4fa4-a97d-d965ccfc6d4b" outcome="Passed" testListId="8c84fa94-04c1-424b-9868-57a2d4851a1d" relativeResultsDirectory="9b37a3e2-11a6-47aa-917e-ec671c8a4837" />
    <UnitTestResult executionId="a8414298-2533-47d6-97e1-25a9459754a2" testId="9bfd128c-ea6b-455b-bc47-63ac5cb5429f" testName="FormatToStringTest1000 (21602.417596116393,21602.42 zł)" computerName="DESKTOP-5URQ9PB" duration="00:00:00.0000079" startTime="2022-06-13T21:11:26.4032949+02:00" endTime="2022-06-13T21:11:26.4034099+02:00" testType="13cdc9d9-ddb5-4fa4-a97d-d965ccfc6d4b" outcome="Passed" testListId="8c84fa94-04c1-424b-9868-57a2d4851a1d" relativeResultsDirectory="a8414298-2533-47d6-97e1-25a9459754a2" />
    <UnitTestResult executionId="8f166cfc-5050-4aea-9b6e-264c103262e8" testId="752bb5a6-7449-4e9a-8905-d85412700903" testName="FormatToStringTest1000 (20244.692955315437,20244.69 zł)" computerName="DESKTOP-5URQ9PB" duration="00:00:00.0000059" startTime="2022-06-13T21:11:26.3645860+02:00" endTime="2022-06-13T21:11:26.3646503+02:00" testType="13cdc9d9-ddb5-4fa4-a97d-d965ccfc6d4b" outcome="Passed" testListId="8c84fa94-04c1-424b-9868-57a2d4851a1d" relativeResultsDirectory="8f166cfc-5050-4aea-9b6e-264c103262e8" />
    <UnitTestResult executionId="40116552-5ed9-471e-823d-04eabc0fcc16" testId="70014cf1-317b-42a8-a051-568cf315237f" testName="FormatToStringTest1000 (37.631227987646696,37.63 zł)" computerName="DESKTOP-5URQ9PB" duration="00:00:00.0000068" startTime="2022-06-13T21:11:26.6734962+02:00" endTime="2022-06-13T21:11:26.6735760+02:00" testType="13cdc9d9-ddb5-4fa4-a97d-d965ccfc6d4b" outcome="Passed" testListId="8c84fa94-04c1-424b-9868-57a2d4851a1d" relativeResultsDirectory="40116552-5ed9-471e-823d-04eabc0fcc16" />
    <UnitTestResult executionId="8667cf15-1c2a-42bf-8228-23c96b147b1c" testId="01fbf0e2-f4cf-4348-aaea-938771f8a300" testName="FormatToStringTest1000 (35784.54232617307,35784.54 zł)" computerName="DESKTOP-5URQ9PB" duration="00:00:00.0000061" startTime="2022-06-13T21:11:26.3547432+02:00" endTime="2022-06-13T21:11:26.3548078+02:00" testType="13cdc9d9-ddb5-4fa4-a97d-d965ccfc6d4b" outcome="Passed" testListId="8c84fa94-04c1-424b-9868-57a2d4851a1d" relativeResultsDirectory="8667cf15-1c2a-42bf-8228-23c96b147b1c" />
    <UnitTestResult executionId="c8cc5d68-52a0-46fa-8796-0548c5b6fd8f" testId="807f8557-2d81-4646-9b39-0fab42077c0b" testName="FormatToStringTest1000 (6544.213759255695,6544.21 zł)" computerName="DESKTOP-5URQ9PB" duration="00:00:00.0000081" startTime="2022-06-13T21:11:26.6656242+02:00" endTime="2022-06-13T21:11:26.6657224+02:00" testType="13cdc9d9-ddb5-4fa4-a97d-d965ccfc6d4b" outcome="Passed" testListId="8c84fa94-04c1-424b-9868-57a2d4851a1d" relativeResultsDirectory="c8cc5d68-52a0-46fa-8796-0548c5b6fd8f" />
    <UnitTestResult executionId="6240ac29-9ca3-46b1-a3e9-b02e6e453d9b" testId="f7bfbfb2-7954-4193-85bf-95122e4d6bc0" testName="FormatToStringTest1000 (1896.1704506483723,1896.17 zł)" computerName="DESKTOP-5URQ9PB" duration="00:00:00.0000063" startTime="2022-06-13T21:11:26.4447482+02:00" endTime="2022-06-13T21:11:26.4448245+02:00" testType="13cdc9d9-ddb5-4fa4-a97d-d965ccfc6d4b" outcome="Passed" testListId="8c84fa94-04c1-424b-9868-57a2d4851a1d" relativeResultsDirectory="6240ac29-9ca3-46b1-a3e9-b02e6e453d9b" />
    <UnitTestResult executionId="6a8044b8-10a2-42b8-8658-1268b9acbbe6" testId="e717a841-d3aa-4eeb-a50c-3b7bf2defd01" testName="FormatToStringTest1000 (15600.245951180927,15600.25 zł)" computerName="DESKTOP-5URQ9PB" duration="00:00:00.0000062" startTime="2022-06-13T21:11:26.5125400+02:00" endTime="2022-06-13T21:11:26.5126071+02:00" testType="13cdc9d9-ddb5-4fa4-a97d-d965ccfc6d4b" outcome="Passed" testListId="8c84fa94-04c1-424b-9868-57a2d4851a1d" relativeResultsDirectory="6a8044b8-10a2-42b8-8658-1268b9acbbe6" />
    <UnitTestResult executionId="40785aa6-a61d-445f-8d23-7db99db612d5" testId="58e442a3-0520-4669-ab95-9426ee5f0b4c" testName="FormatToStringTest1000 (33699.13042082038,33699.13 zł)" computerName="DESKTOP-5URQ9PB" duration="00:00:00.0000075" startTime="2022-06-13T21:11:26.5971032+02:00" endTime="2022-06-13T21:11:26.5971798+02:00" testType="13cdc9d9-ddb5-4fa4-a97d-d965ccfc6d4b" outcome="Passed" testListId="8c84fa94-04c1-424b-9868-57a2d4851a1d" relativeResultsDirectory="40785aa6-a61d-445f-8d23-7db99db612d5" />
    <UnitTestResult executionId="90db039b-0090-415f-8e4b-a5989b001eea" testId="fcfcf6d8-6f19-4006-a1d1-f2da7ee0de05" testName="FormatToStringTest1000 (76536.95853396178,76536.96 zł)" computerName="DESKTOP-5URQ9PB" duration="00:00:00.0000064" startTime="2022-06-13T21:11:26.5387237+02:00" endTime="2022-06-13T21:11:26.5388004+02:00" testType="13cdc9d9-ddb5-4fa4-a97d-d965ccfc6d4b" outcome="Passed" testListId="8c84fa94-04c1-424b-9868-57a2d4851a1d" relativeResultsDirectory="90db039b-0090-415f-8e4b-a5989b001eea" />
    <UnitTestResult executionId="510a09c0-9762-49c6-a048-ad316a8ab498" testId="e6f88792-660f-4583-ada8-5366dad446a9" testName="FormatToStringTest1000 (81326.3340147521,81326.33 zł)" computerName="DESKTOP-5URQ9PB" duration="00:00:00.0000065" startTime="2022-06-13T21:11:26.6602896+02:00" endTime="2022-06-13T21:11:26.6603590+02:00" testType="13cdc9d9-ddb5-4fa4-a97d-d965ccfc6d4b" outcome="Passed" testListId="8c84fa94-04c1-424b-9868-57a2d4851a1d" relativeResultsDirectory="510a09c0-9762-49c6-a048-ad316a8ab498" />
    <UnitTestResult executionId="d93aeb9f-c239-4cd6-abec-600162ce956c" testId="874d3154-e649-4304-a904-8b60d95e256b" testName="FormatToStringTest1000 (18424.864078561244,18424.86 zł)" computerName="DESKTOP-5URQ9PB" duration="00:00:00.0000062" startTime="2022-06-13T21:11:26.4380882+02:00" endTime="2022-06-13T21:11:26.4381606+02:00" testType="13cdc9d9-ddb5-4fa4-a97d-d965ccfc6d4b" outcome="Passed" testListId="8c84fa94-04c1-424b-9868-57a2d4851a1d" relativeResultsDirectory="d93aeb9f-c239-4cd6-abec-600162ce956c" />
    <UnitTestResult executionId="eb7ad237-5e4f-406e-a59f-024ee1bf34be" testId="8ea3d137-0ea2-4744-97fe-48fb588e325f" testName="FormatToStringTest1000 (9867.823212210007,9867.82 zł)" computerName="DESKTOP-5URQ9PB" duration="00:00:00.0000062" startTime="2022-06-13T21:11:26.3738188+02:00" endTime="2022-06-13T21:11:26.3738900+02:00" testType="13cdc9d9-ddb5-4fa4-a97d-d965ccfc6d4b" outcome="Passed" testListId="8c84fa94-04c1-424b-9868-57a2d4851a1d" relativeResultsDirectory="eb7ad237-5e4f-406e-a59f-024ee1bf34be" />
    <UnitTestResult executionId="cfe18c27-50e0-4136-a791-c1b1581e47e8" testId="a3cf9ca7-c8ee-4ea3-9af3-5c6c0ae4beed" testName="FormatToStringTest1000 (1963.0091662979728,1963.01 zł)" computerName="DESKTOP-5URQ9PB" duration="00:00:00.0000061" startTime="2022-06-13T21:11:26.6452221+02:00" endTime="2022-06-13T21:11:26.6452886+02:00" testType="13cdc9d9-ddb5-4fa4-a97d-d965ccfc6d4b" outcome="Passed" testListId="8c84fa94-04c1-424b-9868-57a2d4851a1d" relativeResultsDirectory="cfe18c27-50e0-4136-a791-c1b1581e47e8" />
    <UnitTestResult executionId="61fb411b-65b4-43e9-9bd6-261b5e31d106" testId="21f9ee89-a2ca-428e-9b69-31dc844dcd8b" testName="FormatToStringTest1000 (43858.624379632354,43858.62 zł)" computerName="DESKTOP-5URQ9PB" duration="00:00:00.0000063" startTime="2022-06-13T21:11:26.6323576+02:00" endTime="2022-06-13T21:11:26.6324237+02:00" testType="13cdc9d9-ddb5-4fa4-a97d-d965ccfc6d4b" outcome="Passed" testListId="8c84fa94-04c1-424b-9868-57a2d4851a1d" relativeResultsDirectory="61fb411b-65b4-43e9-9bd6-261b5e31d106" />
    <UnitTestResult executionId="ef8e8e4e-402a-4924-97fc-3d56939840c7" testId="9e6993de-9509-4f45-b0a5-842251fb54f7" testName="FormatToStringTest1000 (4652.407073443945,4652.41 zł)" computerName="DESKTOP-5URQ9PB" duration="00:00:00.0000067" startTime="2022-06-13T21:11:26.5065135+02:00" endTime="2022-06-13T21:11:26.5065900+02:00" testType="13cdc9d9-ddb5-4fa4-a97d-d965ccfc6d4b" outcome="Passed" testListId="8c84fa94-04c1-424b-9868-57a2d4851a1d" relativeResultsDirectory="ef8e8e4e-402a-4924-97fc-3d56939840c7" />
    <UnitTestResult executionId="6999a78c-577a-4df4-ab30-5c4dd71bfd5b" testId="72676f65-320c-4560-9111-17e21fc0da8c" testName="FormatToStringTest1000 (51300.77891898145,51300.78 zł)" computerName="DESKTOP-5URQ9PB" duration="00:00:00.0000063" startTime="2022-06-13T21:11:26.5720954+02:00" endTime="2022-06-13T21:11:26.5721629+02:00" testType="13cdc9d9-ddb5-4fa4-a97d-d965ccfc6d4b" outcome="Passed" testListId="8c84fa94-04c1-424b-9868-57a2d4851a1d" relativeResultsDirectory="6999a78c-577a-4df4-ab30-5c4dd71bfd5b" />
    <UnitTestResult executionId="1bac0631-c9c5-4f38-9b32-95f7b3490291" testId="8e103c70-9cbf-41de-9c63-3aa043a6ca5a" testName="FormatToStringTest1000 (15414.175096961751,15414.18 zł)" computerName="DESKTOP-5URQ9PB" duration="00:00:00.0000064" startTime="2022-06-13T21:11:26.3798867+02:00" endTime="2022-06-13T21:11:26.3799587+02:00" testType="13cdc9d9-ddb5-4fa4-a97d-d965ccfc6d4b" outcome="Passed" testListId="8c84fa94-04c1-424b-9868-57a2d4851a1d" relativeResultsDirectory="1bac0631-c9c5-4f38-9b32-95f7b3490291" />
    <UnitTestResult executionId="1d78f3a3-24fe-40b5-9981-a84bee76148b" testId="dcf6dca9-8250-4b07-9f13-47b2c54e96dd" testName="FormatToStringTest1000 (941.429400278921,941.43 zł)" computerName="DESKTOP-5URQ9PB" duration="00:00:00.0000062" startTime="2022-06-13T21:11:26.4678308+02:00" endTime="2022-06-13T21:11:26.4678961+02:00" testType="13cdc9d9-ddb5-4fa4-a97d-d965ccfc6d4b" outcome="Passed" testListId="8c84fa94-04c1-424b-9868-57a2d4851a1d" relativeResultsDirectory="1d78f3a3-24fe-40b5-9981-a84bee76148b" />
    <UnitTestResult executionId="d14f348d-adc1-4afd-b710-77ad4ad4cbb5" testId="22b91f08-2534-4a98-8367-e387c4d390db" testName="FormatToStringTest1000 (5548.360986085777,5548.36 zł)" computerName="DESKTOP-5URQ9PB" duration="00:00:00.0000065" startTime="2022-06-13T21:11:26.5841499+02:00" endTime="2022-06-13T21:11:26.5842273+02:00" testType="13cdc9d9-ddb5-4fa4-a97d-d965ccfc6d4b" outcome="Passed" testListId="8c84fa94-04c1-424b-9868-57a2d4851a1d" relativeResultsDirectory="d14f348d-adc1-4afd-b710-77ad4ad4cbb5" />
    <UnitTestResult executionId="6290ac26-9677-4296-a03b-98bfa7425b2b" testId="0b174d43-0355-4122-aab5-f3a0ba6d04fd" testName="FormatToStringTest1000 (22248.263319677797,22248.26 zł)" computerName="DESKTOP-5URQ9PB" duration="00:00:00.0000065" startTime="2022-06-13T21:11:26.5067011+02:00" endTime="2022-06-13T21:11:26.5067809+02:00" testType="13cdc9d9-ddb5-4fa4-a97d-d965ccfc6d4b" outcome="Passed" testListId="8c84fa94-04c1-424b-9868-57a2d4851a1d" relativeResultsDirectory="6290ac26-9677-4296-a03b-98bfa7425b2b" />
    <UnitTestResult executionId="901fb225-bc05-4752-9e4e-a5422ecb9cad" testId="92e49566-b15d-45aa-9950-817c3a7a4b30" testName="FormatToStringTest1000 (24729.333280806586,24729.33 zł)" computerName="DESKTOP-5URQ9PB" duration="00:00:00.0000064" startTime="2022-06-13T21:11:26.5783596+02:00" endTime="2022-06-13T21:11:26.5784274+02:00" testType="13cdc9d9-ddb5-4fa4-a97d-d965ccfc6d4b" outcome="Passed" testListId="8c84fa94-04c1-424b-9868-57a2d4851a1d" relativeResultsDirectory="901fb225-bc05-4752-9e4e-a5422ecb9cad" />
    <UnitTestResult executionId="83ca4c73-d8d6-409f-9567-6e211ff2f506" testId="70835220-3b04-4154-a647-d769b221f00f" testName="FormatToStringTest1000 (13681.607566007231,13681.61 zł)" computerName="DESKTOP-5URQ9PB" duration="00:00:00.0000063" startTime="2022-06-13T21:11:26.5430547+02:00" endTime="2022-06-13T21:11:26.5431211+02:00" testType="13cdc9d9-ddb5-4fa4-a97d-d965ccfc6d4b" outcome="Passed" testListId="8c84fa94-04c1-424b-9868-57a2d4851a1d" relativeResultsDirectory="83ca4c73-d8d6-409f-9567-6e211ff2f506" />
    <UnitTestResult executionId="df9e5d8c-a904-4032-b801-9d1ec22a2059" testId="d7a8c96b-51b8-4f33-91ec-673f3c3dc801" testName="FormatToStringTest1000 (6102.4120417453405,6102.41 zł)" computerName="DESKTOP-5URQ9PB" duration="00:00:00.0000062" startTime="2022-06-13T21:11:26.7026216+02:00" endTime="2022-06-13T21:11:26.7026870+02:00" testType="13cdc9d9-ddb5-4fa4-a97d-d965ccfc6d4b" outcome="Passed" testListId="8c84fa94-04c1-424b-9868-57a2d4851a1d" relativeResultsDirectory="df9e5d8c-a904-4032-b801-9d1ec22a2059" />
    <UnitTestResult executionId="984ad756-30b2-405a-9181-32e673bc8890" testId="37cdc965-fd6a-452e-875b-ba9ddc131721" testName="FormatToStringTest1000 (47393.54939526671,47393.55 zł)" computerName="DESKTOP-5URQ9PB" duration="00:00:00.0000083" startTime="2022-06-13T21:11:26.4903687+02:00" endTime="2022-06-13T21:11:26.4904644+02:00" testType="13cdc9d9-ddb5-4fa4-a97d-d965ccfc6d4b" outcome="Passed" testListId="8c84fa94-04c1-424b-9868-57a2d4851a1d" relativeResultsDirectory="984ad756-30b2-405a-9181-32e673bc8890" />
    <UnitTestResult executionId="3be6f664-a67f-440d-b5b2-84a0b7134d07" testId="04c953b9-0488-4aba-99f9-0d4af4abf0c7" testName="FormatToStringTest1000 (22189.78731674132,22189.79 zł)" computerName="DESKTOP-5URQ9PB" duration="00:00:00.0000970" startTime="2022-06-13T21:11:26.5469891+02:00" endTime="2022-06-13T21:11:26.5486131+02:00" testType="13cdc9d9-ddb5-4fa4-a97d-d965ccfc6d4b" outcome="Passed" testListId="8c84fa94-04c1-424b-9868-57a2d4851a1d" relativeResultsDirectory="3be6f664-a67f-440d-b5b2-84a0b7134d07" />
    <UnitTestResult executionId="013a2471-f220-4f49-acba-c755e0dad996" testId="219049dd-3730-4d9d-9b86-166c55eb78f0" testName="FormatToStringTest1000 (25376.6225052097,25376.62 zł)" computerName="DESKTOP-5URQ9PB" duration="00:00:00.0000066" startTime="2022-06-13T21:11:26.5353675+02:00" endTime="2022-06-13T21:11:26.5354356+02:00" testType="13cdc9d9-ddb5-4fa4-a97d-d965ccfc6d4b" outcome="Passed" testListId="8c84fa94-04c1-424b-9868-57a2d4851a1d" relativeResultsDirectory="013a2471-f220-4f49-acba-c755e0dad996" />
    <UnitTestResult executionId="7f04fbf8-5397-4cc2-b160-7a960348247c" testId="0b969d4e-1e70-4683-97f7-48a5c21febd8" testName="FormatToStringTest1000 (18340.8953197882,18340.90 zł)" computerName="DESKTOP-5URQ9PB" duration="00:00:00.0000101" startTime="2022-06-13T21:11:26.6819563+02:00" endTime="2022-06-13T21:11:26.6820625+02:00" testType="13cdc9d9-ddb5-4fa4-a97d-d965ccfc6d4b" outcome="Passed" testListId="8c84fa94-04c1-424b-9868-57a2d4851a1d" relativeResultsDirectory="7f04fbf8-5397-4cc2-b160-7a960348247c" />
    <UnitTestResult executionId="3865842d-2b71-4283-9ce9-fcf4916fa8f6" testId="38c8b84c-5e9a-4c41-b2d8-ea27bf8e4681" testName="FormatToStringTest1000 (75162.39407669863,75162.39 zł)" computerName="DESKTOP-5URQ9PB" duration="00:00:00.0000059" startTime="2022-06-13T21:11:26.4180997+02:00" endTime="2022-06-13T21:11:26.4181645+02:00" testType="13cdc9d9-ddb5-4fa4-a97d-d965ccfc6d4b" outcome="Passed" testListId="8c84fa94-04c1-424b-9868-57a2d4851a1d" relativeResultsDirectory="3865842d-2b71-4283-9ce9-fcf4916fa8f6" />
    <UnitTestResult executionId="60055af0-6a29-4f25-9a87-3492aa6f6f33" testId="f28da171-331d-470f-9449-19f5fc6a8ded" testName="FormatToStringTest1000 (7621.507806692509,7621.51 zł)" computerName="DESKTOP-5URQ9PB" duration="00:00:00.0000062" startTime="2022-06-13T21:11:26.4967986+02:00" endTime="2022-06-13T21:11:26.4968661+02:00" testType="13cdc9d9-ddb5-4fa4-a97d-d965ccfc6d4b" outcome="Passed" testListId="8c84fa94-04c1-424b-9868-57a2d4851a1d" relativeResultsDirectory="60055af0-6a29-4f25-9a87-3492aa6f6f33" />
    <UnitTestResult executionId="5b61a245-ff49-49dd-a4fe-90a178542b6d" testId="9ad82150-046c-446d-96ae-414ef61a6826" testName="FormatToStringTest1000 (26133.133789601336,26133.13 zł)" computerName="DESKTOP-5URQ9PB" duration="00:00:00.0000064" startTime="2022-06-13T21:11:26.3803467+02:00" endTime="2022-06-13T21:11:26.3804221+02:00" testType="13cdc9d9-ddb5-4fa4-a97d-d965ccfc6d4b" outcome="Passed" testListId="8c84fa94-04c1-424b-9868-57a2d4851a1d" relativeResultsDirectory="5b61a245-ff49-49dd-a4fe-90a178542b6d" />
    <UnitTestResult executionId="9a91082b-6c34-4353-9c07-87fe8ad82469" testId="4687d2af-b978-4097-bdce-d67e02b808d0" testName="FormatToStringTest1000 (88616.03808168416,88616.04 zł)" computerName="DESKTOP-5URQ9PB" duration="00:00:00.0000064" startTime="2022-06-13T21:11:26.6628549+02:00" endTime="2022-06-13T21:11:26.6629199+02:00" testType="13cdc9d9-ddb5-4fa4-a97d-d965ccfc6d4b" outcome="Passed" testListId="8c84fa94-04c1-424b-9868-57a2d4851a1d" relativeResultsDirectory="9a91082b-6c34-4353-9c07-87fe8ad82469" />
    <UnitTestResult executionId="ae863512-4343-47c3-98c6-461265682f90" testId="afb157d6-1538-4533-9d8a-2af2971293b2" testName="FormatToStringTest1000 (21328.29026726507,21328.29 zł)" computerName="DESKTOP-5URQ9PB" duration="00:00:00.0000064" startTime="2022-06-13T21:11:26.6850637+02:00" endTime="2022-06-13T21:11:26.6851303+02:00" testType="13cdc9d9-ddb5-4fa4-a97d-d965ccfc6d4b" outcome="Passed" testListId="8c84fa94-04c1-424b-9868-57a2d4851a1d" relativeResultsDirectory="ae863512-4343-47c3-98c6-461265682f90" />
    <UnitTestResult executionId="a7bdec54-4b50-4114-a73b-c4468515a77f" testId="12c3c466-b3d9-4905-b688-4438dc061b2c" testName="FormatToStringTest1000 (19463.08761954917,19463.09 zł)" computerName="DESKTOP-5URQ9PB" duration="00:00:00.0000065" startTime="2022-06-13T21:11:26.5386316+02:00" endTime="2022-06-13T21:11:26.5387058+02:00" testType="13cdc9d9-ddb5-4fa4-a97d-d965ccfc6d4b" outcome="Passed" testListId="8c84fa94-04c1-424b-9868-57a2d4851a1d" relativeResultsDirectory="a7bdec54-4b50-4114-a73b-c4468515a77f" />
    <UnitTestResult executionId="d12a6c7d-6b33-4f96-bba4-55faacd82cdb" testId="2cc79fc6-5ad5-4d12-8f00-e97d401cec71" testName="FormatToStringTest1000 (64568.131500027666,64568.13 zł)" computerName="DESKTOP-5URQ9PB" duration="00:00:00.0000062" startTime="2022-06-13T21:11:26.6324420+02:00" endTime="2022-06-13T21:11:26.6325071+02:00" testType="13cdc9d9-ddb5-4fa4-a97d-d965ccfc6d4b" outcome="Passed" testListId="8c84fa94-04c1-424b-9868-57a2d4851a1d" relativeResultsDirectory="d12a6c7d-6b33-4f96-bba4-55faacd82cdb" />
    <UnitTestResult executionId="988f582c-8549-4cd7-b56d-ab4e01730e1d" testId="dd2b2f9a-1f2d-46d6-b2f7-ea5923ff1b88" testName="FormatToStringTest1000 (49256.65708813195,49256.66 zł)" computerName="DESKTOP-5URQ9PB" duration="00:00:00.0000062" startTime="2022-06-13T21:11:26.6064346+02:00" endTime="2022-06-13T21:11:26.6064988+02:00" testType="13cdc9d9-ddb5-4fa4-a97d-d965ccfc6d4b" outcome="Passed" testListId="8c84fa94-04c1-424b-9868-57a2d4851a1d" relativeResultsDirectory="988f582c-8549-4cd7-b56d-ab4e01730e1d" />
    <UnitTestResult executionId="df4260a0-b2e3-4856-adfc-c9e0014d37a6" testId="f100b6f4-764e-4e4b-bd78-c3e13d4c1b98" testName="FormatToStringTest1000 (53192.79032742269,53192.79 zł)" computerName="DESKTOP-5URQ9PB" duration="00:00:00.0000114" startTime="2022-06-13T21:11:26.7148547+02:00" endTime="2022-06-13T21:11:26.7150000+02:00" testType="13cdc9d9-ddb5-4fa4-a97d-d965ccfc6d4b" outcome="Passed" testListId="8c84fa94-04c1-424b-9868-57a2d4851a1d" relativeResultsDirectory="df4260a0-b2e3-4856-adfc-c9e0014d37a6" />
    <UnitTestResult executionId="65381a7e-7582-47fb-b31f-c926b3d05b1d" testId="a3a3f5bd-4891-4664-b373-afd4b6e37a79" testName="FormatToStringTest1000 (47437.74370917619,47437.74 zł)" computerName="DESKTOP-5URQ9PB" duration="00:00:00.0000064" startTime="2022-06-13T21:11:26.6943622+02:00" endTime="2022-06-13T21:11:26.6944275+02:00" testType="13cdc9d9-ddb5-4fa4-a97d-d965ccfc6d4b" outcome="Passed" testListId="8c84fa94-04c1-424b-9868-57a2d4851a1d" relativeResultsDirectory="65381a7e-7582-47fb-b31f-c926b3d05b1d" />
    <UnitTestResult executionId="24eb203f-67b1-45dd-bf69-570d678881ba" testId="2c9bc1b1-600e-4183-9979-8d39e2d3f5d0" testName="FormatToStringTest1000 (47431.868885526375,47431.87 zł)" computerName="DESKTOP-5URQ9PB" duration="00:00:00.0000068" startTime="2022-06-13T21:11:26.5427031+02:00" endTime="2022-06-13T21:11:26.5427748+02:00" testType="13cdc9d9-ddb5-4fa4-a97d-d965ccfc6d4b" outcome="Passed" testListId="8c84fa94-04c1-424b-9868-57a2d4851a1d" relativeResultsDirectory="24eb203f-67b1-45dd-bf69-570d678881ba" />
    <UnitTestResult executionId="a90d3dca-f985-4b51-9c54-78865e4856c4" testId="484d9ec6-faa9-4ce5-8a9b-cbc1a447868b" testName="FormatToStringTest1000 (21221.884746198488,21221.88 zł)" computerName="DESKTOP-5URQ9PB" duration="00:00:00.0000062" startTime="2022-06-13T21:11:26.5971985+02:00" endTime="2022-06-13T21:11:26.5972636+02:00" testType="13cdc9d9-ddb5-4fa4-a97d-d965ccfc6d4b" outcome="Passed" testListId="8c84fa94-04c1-424b-9868-57a2d4851a1d" relativeResultsDirectory="a90d3dca-f985-4b51-9c54-78865e4856c4" />
    <UnitTestResult executionId="fbbff78d-0e75-4f94-9f4d-b0facefa6583" testId="e2a04d44-1253-4b80-ae55-890f948006e9" testName="FormatToStringTest1000 (2423.6182769712145,2423.62 zł)" computerName="DESKTOP-5URQ9PB" duration="00:00:00.0000076" startTime="2022-06-13T21:11:26.5839367+02:00" endTime="2022-06-13T21:11:26.5840253+02:00" testType="13cdc9d9-ddb5-4fa4-a97d-d965ccfc6d4b" outcome="Passed" testListId="8c84fa94-04c1-424b-9868-57a2d4851a1d" relativeResultsDirectory="fbbff78d-0e75-4f94-9f4d-b0facefa6583" />
    <UnitTestResult executionId="729f3d80-5f7d-4801-8386-93c03aef2b2d" testId="59b8fef7-b54c-40b0-9a2f-0d339f81f211" testName="FormatToStringTest1000 (3341.8351759444154,3341.84 zł)" computerName="DESKTOP-5URQ9PB" duration="00:00:00.0000061" startTime="2022-06-13T21:11:26.5004299+02:00" endTime="2022-06-13T21:11:26.5004965+02:00" testType="13cdc9d9-ddb5-4fa4-a97d-d965ccfc6d4b" outcome="Passed" testListId="8c84fa94-04c1-424b-9868-57a2d4851a1d" relativeResultsDirectory="729f3d80-5f7d-4801-8386-93c03aef2b2d" />
    <UnitTestResult executionId="3cd267a5-44d7-4461-85f4-76381805f67f" testId="5ee860cc-480d-4a6e-8cf0-9bd00c04045c" testName="FormatToStringTest1000 (17252.06220983903,17252.06 zł)" computerName="DESKTOP-5URQ9PB" duration="00:00:00.0000065" startTime="2022-06-13T21:11:26.3675042+02:00" endTime="2022-06-13T21:11:26.3675784+02:00" testType="13cdc9d9-ddb5-4fa4-a97d-d965ccfc6d4b" outcome="Passed" testListId="8c84fa94-04c1-424b-9868-57a2d4851a1d" relativeResultsDirectory="3cd267a5-44d7-4461-85f4-76381805f67f" />
    <UnitTestResult executionId="44990529-9a12-47ef-9b0d-8df6a905f291" testId="d24a207b-74f8-41d7-8012-27a5c29a2076" testName="FormatToStringTest1000 (30071.004434484523,30071.00 zł)" computerName="DESKTOP-5URQ9PB" duration="00:00:00.0000060" startTime="2022-06-13T21:11:26.4035204+02:00" endTime="2022-06-13T21:11:26.4035856+02:00" testType="13cdc9d9-ddb5-4fa4-a97d-d965ccfc6d4b" outcome="Passed" testListId="8c84fa94-04c1-424b-9868-57a2d4851a1d" relativeResultsDirectory="44990529-9a12-47ef-9b0d-8df6a905f291" />
    <UnitTestResult executionId="accc477f-e1d5-43a2-b44d-4d9f6244f3c1" testId="d9b06a77-9e37-41fe-bb3f-d0783b6a819b" testName="FormatToStringTest1000 (45445.182098106096,45445.18 zł)" computerName="DESKTOP-5URQ9PB" duration="00:00:00.0000154" startTime="2022-06-13T21:11:26.4582705+02:00" endTime="2022-06-13T21:11:26.4583471+02:00" testType="13cdc9d9-ddb5-4fa4-a97d-d965ccfc6d4b" outcome="Passed" testListId="8c84fa94-04c1-424b-9868-57a2d4851a1d" relativeResultsDirectory="accc477f-e1d5-43a2-b44d-4d9f6244f3c1" />
    <UnitTestResult executionId="ffe98d8e-b769-4c35-be3e-bce00bb81393" testId="5d4189e1-5615-4f4d-b499-f31fc359c156" testName="FormatToStringTest1000 (1687.6029180025694,1687.60 zł)" computerName="DESKTOP-5URQ9PB" duration="00:00:00.0000064" startTime="2022-06-13T21:11:26.4409852+02:00" endTime="2022-06-13T21:11:26.4410620+02:00" testType="13cdc9d9-ddb5-4fa4-a97d-d965ccfc6d4b" outcome="Passed" testListId="8c84fa94-04c1-424b-9868-57a2d4851a1d" relativeResultsDirectory="ffe98d8e-b769-4c35-be3e-bce00bb81393" />
    <UnitTestResult executionId="d8857dac-022d-4add-acee-0bb87c3f6a80" testId="8b65c756-7307-4357-a351-3d54f5853c7a" testName="FormatToStringTest1000 (395.45790295882983,395.46 zł)" computerName="DESKTOP-5URQ9PB" duration="00:00:00.0000062" startTime="2022-06-13T21:11:26.4877969+02:00" endTime="2022-06-13T21:11:26.4878632+02:00" testType="13cdc9d9-ddb5-4fa4-a97d-d965ccfc6d4b" outcome="Passed" testListId="8c84fa94-04c1-424b-9868-57a2d4851a1d" relativeResultsDirectory="d8857dac-022d-4add-acee-0bb87c3f6a80" />
    <UnitTestResult executionId="80edd6fc-c63e-42f7-b377-148a58508f19" testId="36e3e948-286d-4da3-b5b8-08f14cdcf928" testName="FormatToStringTest1000 (10775.728533390784,10775.73 zł)" computerName="DESKTOP-5URQ9PB" duration="00:00:00.0000063" startTime="2022-06-13T21:11:26.5154242+02:00" endTime="2022-06-13T21:11:26.5154935+02:00" testType="13cdc9d9-ddb5-4fa4-a97d-d965ccfc6d4b" outcome="Passed" testListId="8c84fa94-04c1-424b-9868-57a2d4851a1d" relativeResultsDirectory="80edd6fc-c63e-42f7-b377-148a58508f19" />
    <UnitTestResult executionId="8e4278ce-0e14-4cf5-9ce1-7fb67440f387" testId="0cdaf2cf-02d4-4afa-b9ac-adcfab03d328" testName="FormatToStringTest1000 (19085.023282992664,19085.02 zł)" computerName="DESKTOP-5URQ9PB" duration="00:00:00.0000061" startTime="2022-06-13T21:11:26.5750752+02:00" endTime="2022-06-13T21:11:26.5751409+02:00" testType="13cdc9d9-ddb5-4fa4-a97d-d965ccfc6d4b" outcome="Passed" testListId="8c84fa94-04c1-424b-9868-57a2d4851a1d" relativeResultsDirectory="8e4278ce-0e14-4cf5-9ce1-7fb67440f387" />
    <UnitTestResult executionId="59ee3800-a91c-4c7c-930e-3736a182ec4f" testId="66467655-95bd-448f-9d0c-d3fd033c39c9" testName="FormatToStringTest1000 (21281.64584727662,21281.65 zł)" computerName="DESKTOP-5URQ9PB" duration="00:00:00.0000072" startTime="2022-06-13T21:11:26.4251321+02:00" endTime="2022-06-13T21:11:26.4252146+02:00" testType="13cdc9d9-ddb5-4fa4-a97d-d965ccfc6d4b" outcome="Passed" testListId="8c84fa94-04c1-424b-9868-57a2d4851a1d" relativeResultsDirectory="59ee3800-a91c-4c7c-930e-3736a182ec4f" />
    <UnitTestResult executionId="5be95956-e338-4618-a007-f5684a480574" testId="4009352b-5fb0-43be-891f-e5a583de397b" testName="FormatToStringTest1000 (21753.84773194969,21753.85 zł)" computerName="DESKTOP-5URQ9PB" duration="00:00:00.0000059" startTime="2022-06-13T21:11:26.3925448+02:00" endTime="2022-06-13T21:11:26.3926088+02:00" testType="13cdc9d9-ddb5-4fa4-a97d-d965ccfc6d4b" outcome="Passed" testListId="8c84fa94-04c1-424b-9868-57a2d4851a1d" relativeResultsDirectory="5be95956-e338-4618-a007-f5684a480574" />
    <UnitTestResult executionId="30e9feba-aba2-4315-80a4-981bbde64db9" testId="fddded50-4ee7-4fef-ab47-24e281b4c688" testName="FormatToStringTest1000 (9517.514896326473,9517.51 zł)" computerName="DESKTOP-5URQ9PB" duration="00:00:00.0000064" startTime="2022-06-13T21:11:26.5846360+02:00" endTime="2022-06-13T21:11:26.5847072+02:00" testType="13cdc9d9-ddb5-4fa4-a97d-d965ccfc6d4b" outcome="Passed" testListId="8c84fa94-04c1-424b-9868-57a2d4851a1d" relativeResultsDirectory="30e9feba-aba2-4315-80a4-981bbde64db9" />
    <UnitTestResult executionId="9892b00b-702e-4bdb-a24c-30504bd44f4f" testId="74a3160e-205f-400c-b8db-544371ce690f" testName="FormatToStringTest1000 (65204.90483536055,65204.90 zł)" computerName="DESKTOP-5URQ9PB" duration="00:00:00.0000117" startTime="2022-06-13T21:11:26.6910442+02:00" endTime="2022-06-13T21:11:26.6911848+02:00" testType="13cdc9d9-ddb5-4fa4-a97d-d965ccfc6d4b" outcome="Passed" testListId="8c84fa94-04c1-424b-9868-57a2d4851a1d" relativeResultsDirectory="9892b00b-702e-4bdb-a24c-30504bd44f4f" />
    <UnitTestResult executionId="606bb394-d280-43b2-b707-4537a9440ed8" testId="90516b6a-e5b9-4a0d-b72b-5f21b180f925" testName="FormatToStringTest1000 (84686.32148464039,84686.32 zł)" computerName="DESKTOP-5URQ9PB" duration="00:00:00.0000067" startTime="2022-06-13T21:11:26.5069850+02:00" endTime="2022-06-13T21:11:26.5070608+02:00" testType="13cdc9d9-ddb5-4fa4-a97d-d965ccfc6d4b" outcome="Passed" testListId="8c84fa94-04c1-424b-9868-57a2d4851a1d" relativeResultsDirectory="606bb394-d280-43b2-b707-4537a9440ed8" />
    <UnitTestResult executionId="c0188388-f113-4baf-a48f-7e3de8450cbc" testId="7299c92f-fc8a-48bd-ba7b-1df1295d64f0" testName="FormatToStringTest1000 (30111.54342534372,30111.54 zł)" computerName="DESKTOP-5URQ9PB" duration="00:00:00.0000061" startTime="2022-06-13T21:11:26.6917234+02:00" endTime="2022-06-13T21:11:26.6917880+02:00" testType="13cdc9d9-ddb5-4fa4-a97d-d965ccfc6d4b" outcome="Passed" testListId="8c84fa94-04c1-424b-9868-57a2d4851a1d" relativeResultsDirectory="c0188388-f113-4baf-a48f-7e3de8450cbc" />
    <UnitTestResult executionId="0997275f-0230-451b-ab15-2560a169daf9" testId="ccf99cd4-1470-4318-8bfc-fb82d2bf9912" testName="FormatToStringTest1000 (11912.404131636213,11912.40 zł)" computerName="DESKTOP-5URQ9PB" duration="00:00:00.0000062" startTime="2022-06-13T21:11:26.3769745+02:00" endTime="2022-06-13T21:11:26.3770446+02:00" testType="13cdc9d9-ddb5-4fa4-a97d-d965ccfc6d4b" outcome="Passed" testListId="8c84fa94-04c1-424b-9868-57a2d4851a1d" relativeResultsDirectory="0997275f-0230-451b-ab15-2560a169daf9" />
    <UnitTestResult executionId="22b84401-8f5d-4c2f-89f7-344a08f188aa" testId="a2227f01-ec87-49af-8bde-aca65ed1c5fa" testName="FormatToStringTest1000 (1568.615240217473,1568.62 zł)" computerName="DESKTOP-5URQ9PB" duration="00:00:00.0000062" startTime="2022-06-13T21:11:26.6484965+02:00" endTime="2022-06-13T21:11:26.6485605+02:00" testType="13cdc9d9-ddb5-4fa4-a97d-d965ccfc6d4b" outcome="Passed" testListId="8c84fa94-04c1-424b-9868-57a2d4851a1d" relativeResultsDirectory="22b84401-8f5d-4c2f-89f7-344a08f188aa" />
    <UnitTestResult executionId="17a517db-2d6a-404e-b4e8-6a9e8354325e" testId="6e477c2f-f146-45d7-ae62-896f2375738d" testName="FormatToStringTest1000 (55303.17220895699,55303.17 zł)" computerName="DESKTOP-5URQ9PB" duration="00:00:00.0000060" startTime="2022-06-13T21:11:26.3958231+02:00" endTime="2022-06-13T21:11:26.3958871+02:00" testType="13cdc9d9-ddb5-4fa4-a97d-d965ccfc6d4b" outcome="Passed" testListId="8c84fa94-04c1-424b-9868-57a2d4851a1d" relativeResultsDirectory="17a517db-2d6a-404e-b4e8-6a9e8354325e" />
    <UnitTestResult executionId="9373fd6c-76e6-4187-8ecb-6037e1bce378" testId="76c64d53-ad2d-4091-bebb-5412bab18144" testName="FormatToStringTest1000 (31340.79231238914,31340.79 zł)" computerName="DESKTOP-5URQ9PB" duration="00:00:00.0000066" startTime="2022-06-13T21:11:26.4154114+02:00" endTime="2022-06-13T21:11:26.4154759+02:00" testType="13cdc9d9-ddb5-4fa4-a97d-d965ccfc6d4b" outcome="Passed" testListId="8c84fa94-04c1-424b-9868-57a2d4851a1d" relativeResultsDirectory="9373fd6c-76e6-4187-8ecb-6037e1bce378" />
    <UnitTestResult executionId="44225555-d974-4bee-9f19-81c91c5f6731" testId="50fef71f-2586-4e19-94df-2e041f2eab26" testName="FormatToStringTest1000 (20249.56614074277,20249.57 zł)" computerName="DESKTOP-5URQ9PB" duration="00:00:00.0000060" startTime="2022-06-13T21:11:26.3952379+02:00" endTime="2022-06-13T21:11:26.3953032+02:00" testType="13cdc9d9-ddb5-4fa4-a97d-d965ccfc6d4b" outcome="Passed" testListId="8c84fa94-04c1-424b-9868-57a2d4851a1d" relativeResultsDirectory="44225555-d974-4bee-9f19-81c91c5f6731" />
    <UnitTestResult executionId="61a623de-e061-492a-b5b7-f9a22a63a6c4" testId="3fc83493-9f03-44e9-ba71-4f4445aa50d3" testName="FormatToStringTest1000 (9503.466049463705,9503.47 zł)" computerName="DESKTOP-5URQ9PB" duration="00:00:00.0000261" startTime="2022-06-13T21:11:26.5670739+02:00" endTime="2022-06-13T21:11:26.5672461+02:00" testType="13cdc9d9-ddb5-4fa4-a97d-d965ccfc6d4b" outcome="Passed" testListId="8c84fa94-04c1-424b-9868-57a2d4851a1d" relativeResultsDirectory="61a623de-e061-492a-b5b7-f9a22a63a6c4" />
    <UnitTestResult executionId="430d85aa-7692-43dc-9cbe-30a80a78d753" testId="81d8bc9c-e89d-4578-85a8-08a921edeefa" testName="FormatToStringTest1000 (37160.85331540269,37160.85 zł)" computerName="DESKTOP-5URQ9PB" duration="00:00:00.0000061" startTime="2022-06-13T21:11:26.3981581+02:00" endTime="2022-06-13T21:11:26.3982234+02:00" testType="13cdc9d9-ddb5-4fa4-a97d-d965ccfc6d4b" outcome="Passed" testListId="8c84fa94-04c1-424b-9868-57a2d4851a1d" relativeResultsDirectory="430d85aa-7692-43dc-9cbe-30a80a78d753" />
    <UnitTestResult executionId="79b49bbf-8961-4728-a1f1-c96304f71fa1" testId="4c82be30-658a-4dc8-93f4-67e7be74216b" testName="FormatToStringTest1000 (66541.05112730109,66541.05 zł)" computerName="DESKTOP-5URQ9PB" duration="00:00:00.0000071" startTime="2022-06-13T21:11:26.7122983+02:00" endTime="2022-06-13T21:11:26.7123698+02:00" testType="13cdc9d9-ddb5-4fa4-a97d-d965ccfc6d4b" outcome="Passed" testListId="8c84fa94-04c1-424b-9868-57a2d4851a1d" relativeResultsDirectory="79b49bbf-8961-4728-a1f1-c96304f71fa1" />
    <UnitTestResult executionId="d5e876b5-7b6f-476e-a760-566b817f4fbe" testId="f869f9c6-1694-413e-988f-0b0fd45f21c8" testName="FormatToStringTest1000 (60323.066780431225,60323.07 zł)" computerName="DESKTOP-5URQ9PB" duration="00:00:00.0000061" startTime="2022-06-13T21:11:26.4225727+02:00" endTime="2022-06-13T21:11:26.4226385+02:00" testType="13cdc9d9-ddb5-4fa4-a97d-d965ccfc6d4b" outcome="Passed" testListId="8c84fa94-04c1-424b-9868-57a2d4851a1d" relativeResultsDirectory="d5e876b5-7b6f-476e-a760-566b817f4fbe" />
    <UnitTestResult executionId="e1ee78fc-41fd-48bb-adb8-4fe1cf09588c" testId="c46c0e5e-5538-4fcf-8193-563874e08da4" testName="FormatToStringTest1000 (22367.991005544547,22367.99 zł)" computerName="DESKTOP-5URQ9PB" duration="00:00:00.0000062" startTime="2022-06-13T21:11:26.5915517+02:00" endTime="2022-06-13T21:11:26.5916161+02:00" testType="13cdc9d9-ddb5-4fa4-a97d-d965ccfc6d4b" outcome="Passed" testListId="8c84fa94-04c1-424b-9868-57a2d4851a1d" relativeResultsDirectory="e1ee78fc-41fd-48bb-adb8-4fe1cf09588c" />
    <UnitTestResult executionId="95e37400-b658-4cbf-b078-bb478134270b" testId="6bcc3a79-e0f6-457f-a76f-747f46128c77" testName="FormatToStringTest1000 (59768.02667973611,59768.03 zł)" computerName="DESKTOP-5URQ9PB" duration="00:00:00.0000062" startTime="2022-06-13T21:11:26.5252437+02:00" endTime="2022-06-13T21:11:26.5253118+02:00" testType="13cdc9d9-ddb5-4fa4-a97d-d965ccfc6d4b" outcome="Passed" testListId="8c84fa94-04c1-424b-9868-57a2d4851a1d" relativeResultsDirectory="95e37400-b658-4cbf-b078-bb478134270b" />
    <UnitTestResult executionId="2de35a9b-8455-4149-aa71-c9d794f5e05f" testId="4af48149-b642-448e-ad6e-14f6498372c2" testName="FormatToStringTest1000 (32732.81915128502,32732.82 zł)" computerName="DESKTOP-5URQ9PB" duration="00:00:00.0000068" startTime="2022-06-13T21:11:26.5255133+02:00" endTime="2022-06-13T21:11:26.5255808+02:00" testType="13cdc9d9-ddb5-4fa4-a97d-d965ccfc6d4b" outcome="Passed" testListId="8c84fa94-04c1-424b-9868-57a2d4851a1d" relativeResultsDirectory="2de35a9b-8455-4149-aa71-c9d794f5e05f" />
    <UnitTestResult executionId="07702df6-a1f8-41e5-bf57-3e2b3aab8729" testId="5962cfce-da00-4b90-8e01-be33a59f8492" testName="FormatToStringTest1000 (55030.929183896136,55030.93 zł)" computerName="DESKTOP-5URQ9PB" duration="00:00:00.0000074" startTime="2022-06-13T21:11:26.4059211+02:00" endTime="2022-06-13T21:11:26.4060129+02:00" testType="13cdc9d9-ddb5-4fa4-a97d-d965ccfc6d4b" outcome="Passed" testListId="8c84fa94-04c1-424b-9868-57a2d4851a1d" relativeResultsDirectory="07702df6-a1f8-41e5-bf57-3e2b3aab8729" />
    <UnitTestResult executionId="c1cea6be-39f9-4a34-91ef-d07441b88fdb" testId="2184a6f0-5889-4b5e-946d-5a587f8d0432" testName="FormatToStringTest1000 (28033.439084134738,28033.44 zł)" computerName="DESKTOP-5URQ9PB" duration="00:00:00.0000063" startTime="2022-06-13T21:11:26.5255986+02:00" endTime="2022-06-13T21:11:26.5256657+02:00" testType="13cdc9d9-ddb5-4fa4-a97d-d965ccfc6d4b" outcome="Passed" testListId="8c84fa94-04c1-424b-9868-57a2d4851a1d" relativeResultsDirectory="c1cea6be-39f9-4a34-91ef-d07441b88fdb" />
    <UnitTestResult executionId="075753db-b0de-4902-992e-55e16bed9da7" testId="17965dc2-487e-4d12-ad6e-fe80e7ab5e76" testName="FormatToStringTest1000 (65963.39932440939,65963.40 zł)" computerName="DESKTOP-5URQ9PB" duration="00:00:00.0000062" startTime="2022-06-13T21:11:26.6881963+02:00" endTime="2022-06-13T21:11:26.6882619+02:00" testType="13cdc9d9-ddb5-4fa4-a97d-d965ccfc6d4b" outcome="Passed" testListId="8c84fa94-04c1-424b-9868-57a2d4851a1d" relativeResultsDirectory="075753db-b0de-4902-992e-55e16bed9da7" />
    <UnitTestResult executionId="2482c2f7-ba95-411e-aa48-2c63cab7fa36" testId="36d5990d-0215-424d-afe4-4d7184907eca" testName="FormatToStringTest1000 (14100.01255469211,14100.01 zł)" computerName="DESKTOP-5URQ9PB" duration="00:00:00.0000060" startTime="2022-06-13T21:11:26.4091394+02:00" endTime="2022-06-13T21:11:26.4092044+02:00" testType="13cdc9d9-ddb5-4fa4-a97d-d965ccfc6d4b" outcome="Passed" testListId="8c84fa94-04c1-424b-9868-57a2d4851a1d" relativeResultsDirectory="2482c2f7-ba95-411e-aa48-2c63cab7fa36" />
    <UnitTestResult executionId="ae023767-e404-49c3-96d2-f33e1e0f4e0f" testId="ec3a8ef2-ebf8-4181-a76a-f8052a3edd6e" testName="FormatToStringTest1000 (47964.941885361884,47964.94 zł)" computerName="DESKTOP-5URQ9PB" duration="00:00:00.0000067" startTime="2022-06-13T21:11:26.3922858+02:00" endTime="2022-06-13T21:11:26.3923629+02:00" testType="13cdc9d9-ddb5-4fa4-a97d-d965ccfc6d4b" outcome="Passed" testListId="8c84fa94-04c1-424b-9868-57a2d4851a1d" relativeResultsDirectory="ae023767-e404-49c3-96d2-f33e1e0f4e0f" />
    <UnitTestResult executionId="1b092516-14de-4dcc-ac4d-909f843fb911" testId="9d6c877a-2187-494c-aba8-6ed271c15f12" testName="FormatToStringTest1000 (8542.520616738833,8542.52 zł)" computerName="DESKTOP-5URQ9PB" duration="00:00:00.0000062" startTime="2022-06-13T21:11:26.6226733+02:00" endTime="2022-06-13T21:11:26.6227392+02:00" testType="13cdc9d9-ddb5-4fa4-a97d-d965ccfc6d4b" outcome="Passed" testListId="8c84fa94-04c1-424b-9868-57a2d4851a1d" relativeResultsDirectory="1b092516-14de-4dcc-ac4d-909f843fb911" />
    <UnitTestResult executionId="4ed67625-1c51-4a00-9183-380e85804d22" testId="0de87360-231f-44dd-8f62-684c6e6406f5" testName="FormatToStringTest1000 (20552.966022956633,20552.97 zł)" computerName="DESKTOP-5URQ9PB" duration="00:00:00.0000066" startTime="2022-06-13T21:11:26.5719964+02:00" endTime="2022-06-13T21:11:26.5720752+02:00" testType="13cdc9d9-ddb5-4fa4-a97d-d965ccfc6d4b" outcome="Passed" testListId="8c84fa94-04c1-424b-9868-57a2d4851a1d" relativeResultsDirectory="4ed67625-1c51-4a00-9183-380e85804d22" />
    <UnitTestResult executionId="d44fb108-82e2-4b26-aec1-bbb118fd64fe" testId="f3805c0a-f517-47d5-bf75-a264d0d8738b" testName="FormatToStringTest1000 (79.6815319544084,79.68 zł)" computerName="DESKTOP-5URQ9PB" duration="00:00:00.0000134" startTime="2022-06-13T21:11:26.3454484+02:00" endTime="2022-06-13T21:11:26.3455813+02:00" testType="13cdc9d9-ddb5-4fa4-a97d-d965ccfc6d4b" outcome="Passed" testListId="8c84fa94-04c1-424b-9868-57a2d4851a1d" relativeResultsDirectory="d44fb108-82e2-4b26-aec1-bbb118fd64fe" />
    <UnitTestResult executionId="482d8d39-fa3b-465a-be7a-9d38d758bdbe" testId="11120eaf-0b09-495d-8d75-5acf70d091be" testName="FormatToStringTest1000 (19006.315459580772,19006.32 zł)" computerName="DESKTOP-5URQ9PB" duration="00:00:00.0000061" startTime="2022-06-13T21:11:26.5002507+02:00" endTime="2022-06-13T21:11:26.5003174+02:00" testType="13cdc9d9-ddb5-4fa4-a97d-d965ccfc6d4b" outcome="Passed" testListId="8c84fa94-04c1-424b-9868-57a2d4851a1d" relativeResultsDirectory="482d8d39-fa3b-465a-be7a-9d38d758bdbe" />
    <UnitTestResult executionId="0e3cec42-99f8-4181-9d47-59900987ca3a" testId="20660633-e937-4e44-b6c8-99c62906cffe" testName="FormatToStringTest1000 (1662.8482664818168,1662.85 zł)" computerName="DESKTOP-5URQ9PB" duration="00:00:00.0000098" startTime="2022-06-13T21:11:26.5941766+02:00" endTime="2022-06-13T21:11:26.5942994+02:00" testType="13cdc9d9-ddb5-4fa4-a97d-d965ccfc6d4b" outcome="Passed" testListId="8c84fa94-04c1-424b-9868-57a2d4851a1d" relativeResultsDirectory="0e3cec42-99f8-4181-9d47-59900987ca3a" />
    <UnitTestResult executionId="1c7b2366-e3b6-4378-9adb-f6f337b20369" testId="1d1326a7-5633-4eb8-980a-fedb657b3175" testName="FormatToStringTest1000 (2901.9683054191846,2901.97 zł)" computerName="DESKTOP-5URQ9PB" duration="00:00:00.0000063" startTime="2022-06-13T21:11:26.4344062+02:00" endTime="2022-06-13T21:11:26.4344738+02:00" testType="13cdc9d9-ddb5-4fa4-a97d-d965ccfc6d4b" outcome="Passed" testListId="8c84fa94-04c1-424b-9868-57a2d4851a1d" relativeResultsDirectory="1c7b2366-e3b6-4378-9adb-f6f337b20369" />
    <UnitTestResult executionId="3b097a69-1c94-40c1-baa7-983e72da88ae" testId="7adff862-a138-4c01-aea9-110ea49ddc9b" testName="FormatToStringTest1000 (4648.492795337221,4648.49 zł)" computerName="DESKTOP-5URQ9PB" duration="00:00:00.0000063" startTime="2022-06-13T21:11:26.4843882+02:00" endTime="2022-06-13T21:11:26.4844562+02:00" testType="13cdc9d9-ddb5-4fa4-a97d-d965ccfc6d4b" outcome="Passed" testListId="8c84fa94-04c1-424b-9868-57a2d4851a1d" relativeResultsDirectory="3b097a69-1c94-40c1-baa7-983e72da88ae" />
    <UnitTestResult executionId="b9336047-bbee-4a68-a13f-fea29d76cd4b" testId="fc262a81-5fc3-4dd0-a4b0-3da9ecd2728f" testName="FormatToStringTest1000 (8697.074631143862,8697.07 zł)" computerName="DESKTOP-5URQ9PB" duration="00:00:00.0000071" startTime="2022-06-13T21:11:26.4766724+02:00" endTime="2022-06-13T21:11:26.4767616+02:00" testType="13cdc9d9-ddb5-4fa4-a97d-d965ccfc6d4b" outcome="Passed" testListId="8c84fa94-04c1-424b-9868-57a2d4851a1d" relativeResultsDirectory="b9336047-bbee-4a68-a13f-fea29d76cd4b" />
    <UnitTestResult executionId="4f56b43b-bb97-47e1-893d-bdca3b6ccc92" testId="6740e1cf-41bd-40bd-b9aa-f6ef8a04f9ab" testName="FormatToStringTest1000 (17990.38119827089,17990.38 zł)" computerName="DESKTOP-5URQ9PB" duration="00:00:00.0000064" startTime="2022-06-13T21:11:26.4583657+02:00" endTime="2022-06-13T21:11:26.4584343+02:00" testType="13cdc9d9-ddb5-4fa4-a97d-d965ccfc6d4b" outcome="Passed" testListId="8c84fa94-04c1-424b-9868-57a2d4851a1d" relativeResultsDirectory="4f56b43b-bb97-47e1-893d-bdca3b6ccc92" />
    <UnitTestResult executionId="5e66d436-55f5-402f-b0da-979c8dca79cc" testId="0b257583-fbdb-4eef-ac50-8a41a10a00ae" testName="FormatToStringTest1000 (34060.48467268724,34060.48 zł)" computerName="DESKTOP-5URQ9PB" duration="00:00:00.0000145" startTime="2022-06-13T21:11:26.6255923+02:00" endTime="2022-06-13T21:11:26.6257879+02:00" testType="13cdc9d9-ddb5-4fa4-a97d-d965ccfc6d4b" outcome="Passed" testListId="8c84fa94-04c1-424b-9868-57a2d4851a1d" relativeResultsDirectory="5e66d436-55f5-402f-b0da-979c8dca79cc" />
    <UnitTestResult executionId="c269764a-7798-4ae1-a785-eac161cfe0ed" testId="d62e720f-a808-4628-bae5-44d8d677fc3f" testName="FormatToStringTest1000 (2390.7596313784643,2390.76 zł)" computerName="DESKTOP-5URQ9PB" duration="00:00:00.0000064" startTime="2022-06-13T21:11:26.5816930+02:00" endTime="2022-06-13T21:11:26.5817576+02:00" testType="13cdc9d9-ddb5-4fa4-a97d-d965ccfc6d4b" outcome="Passed" testListId="8c84fa94-04c1-424b-9868-57a2d4851a1d" relativeResultsDirectory="c269764a-7798-4ae1-a785-eac161cfe0ed" />
    <UnitTestResult executionId="d80928d1-7ed4-4462-9321-c03c53a092b2" testId="7b380f9f-1968-4d8a-ba23-3410bc4353b5" testName="FormatToStringTest1000 (36320.770035296104,36320.77 zł)" computerName="DESKTOP-5URQ9PB" duration="00:00:00.0000062" startTime="2022-06-13T21:11:26.6728612+02:00" endTime="2022-06-13T21:11:26.6729294+02:00" testType="13cdc9d9-ddb5-4fa4-a97d-d965ccfc6d4b" outcome="Passed" testListId="8c84fa94-04c1-424b-9868-57a2d4851a1d" relativeResultsDirectory="d80928d1-7ed4-4462-9321-c03c53a092b2" />
    <UnitTestResult executionId="2ec899c9-3f3a-468b-8482-33105c9b1625" testId="6757d356-f897-4b76-a39b-44a366967554" testName="FormatToStringTest1000 (9897.705953436767,9897.71 zł)" computerName="DESKTOP-5URQ9PB" duration="00:00:00.0000065" startTime="2022-06-13T21:11:26.5383188+02:00" endTime="2022-06-13T21:11:26.5384161+02:00" testType="13cdc9d9-ddb5-4fa4-a97d-d965ccfc6d4b" outcome="Passed" testListId="8c84fa94-04c1-424b-9868-57a2d4851a1d" relativeResultsDirectory="2ec899c9-3f3a-468b-8482-33105c9b1625" />
    <UnitTestResult executionId="09b59c11-7184-4908-ba9a-eb0769591f85" testId="caf03c49-e0ee-41aa-a0f8-e937e5af3306" testName="FormatToStringTest1000 (9994.9471861026,9994.95 zł)" computerName="DESKTOP-5URQ9PB" duration="00:00:00.0000064" startTime="2022-06-13T21:11:26.4378107+02:00" endTime="2022-06-13T21:11:26.4378824+02:00" testType="13cdc9d9-ddb5-4fa4-a97d-d965ccfc6d4b" outcome="Passed" testListId="8c84fa94-04c1-424b-9868-57a2d4851a1d" relativeResultsDirectory="09b59c11-7184-4908-ba9a-eb0769591f85" />
    <UnitTestResult executionId="81358073-8bc9-40a3-90fc-9d3b6076f576" testId="0689be7f-4730-4b85-bc0d-5e1f611a1988" testName="FormatToStringTest1000 (1108.7197928823157,1108.72 zł)" computerName="DESKTOP-5URQ9PB" duration="00:00:00.0000061" startTime="2022-06-13T21:11:26.3583764+02:00" endTime="2022-06-13T21:11:26.3584427+02:00" testType="13cdc9d9-ddb5-4fa4-a97d-d965ccfc6d4b" outcome="Passed" testListId="8c84fa94-04c1-424b-9868-57a2d4851a1d" relativeResultsDirectory="81358073-8bc9-40a3-90fc-9d3b6076f576" />
    <UnitTestResult executionId="a839178f-4b68-47db-9f02-a60b14503589" testId="84be9ee8-f2aa-41de-9b3a-2b3cf290b957" testName="FormatToStringTest1000 (19873.59831658453,19873.60 zł)" computerName="DESKTOP-5URQ9PB" duration="00:00:00.0000062" startTime="2022-06-13T21:11:26.6351541+02:00" endTime="2022-06-13T21:11:26.6352181+02:00" testType="13cdc9d9-ddb5-4fa4-a97d-d965ccfc6d4b" outcome="Passed" testListId="8c84fa94-04c1-424b-9868-57a2d4851a1d" relativeResultsDirectory="a839178f-4b68-47db-9f02-a60b14503589" />
    <UnitTestResult executionId="5aa6f498-4e3b-4998-a4c5-22c95d2598cb" testId="ef122bdb-7f04-49be-84a3-afa43e8c90da" testName="FormatToStringTest1000 (4105.490993980081,4105.49 zł)" computerName="DESKTOP-5URQ9PB" duration="00:00:00.0000063" startTime="2022-06-13T21:11:26.4344924+02:00" endTime="2022-06-13T21:11:26.4345586+02:00" testType="13cdc9d9-ddb5-4fa4-a97d-d965ccfc6d4b" outcome="Passed" testListId="8c84fa94-04c1-424b-9868-57a2d4851a1d" relativeResultsDirectory="5aa6f498-4e3b-4998-a4c5-22c95d2598cb" />
    <UnitTestResult executionId="39fe42d9-c5e7-43dd-8fe2-02ce8b392e17" testId="572d0cef-4686-4f46-9c3a-131f7c01b5f7" testName="FormatToStringTest1000 (4121.116360678857,4121.12 zł)" computerName="DESKTOP-5URQ9PB" duration="00:00:00.0000063" startTime="2022-06-13T21:11:26.5035688+02:00" endTime="2022-06-13T21:11:26.5036351+02:00" testType="13cdc9d9-ddb5-4fa4-a97d-d965ccfc6d4b" outcome="Passed" testListId="8c84fa94-04c1-424b-9868-57a2d4851a1d" relativeResultsDirectory="39fe42d9-c5e7-43dd-8fe2-02ce8b392e17" />
    <UnitTestResult executionId="a86f49d6-1ca5-4e6e-8853-1d1f37d59060" testId="bd7256df-08be-4745-83a4-5b35f88fed55" testName="FormatToStringTest1000 (30031.89550569323,30031.90 zł)" computerName="DESKTOP-5URQ9PB" duration="00:00:00.0000063" startTime="2022-06-13T21:11:26.4875444+02:00" endTime="2022-06-13T21:11:26.4876112+02:00" testType="13cdc9d9-ddb5-4fa4-a97d-d965ccfc6d4b" outcome="Passed" testListId="8c84fa94-04c1-424b-9868-57a2d4851a1d" relativeResultsDirectory="a86f49d6-1ca5-4e6e-8853-1d1f37d59060" />
    <UnitTestResult executionId="b6bc70c6-4372-4798-a290-c49478cdb837" testId="93754539-e358-417d-9d93-1f7e1a5820b2" testName="FormatToStringTest1000 (5591.2222540617095,5591.22 zł)" computerName="DESKTOP-5URQ9PB" duration="00:00:00.0000062" startTime="2022-06-13T21:11:26.5354537+02:00" endTime="2022-06-13T21:11:26.5355210+02:00" testType="13cdc9d9-ddb5-4fa4-a97d-d965ccfc6d4b" outcome="Passed" testListId="8c84fa94-04c1-424b-9868-57a2d4851a1d" relativeResultsDirectory="b6bc70c6-4372-4798-a290-c49478cdb837" />
    <UnitTestResult executionId="9698185d-2332-4678-bcda-3f0ec9572c07" testId="00c6e196-3650-4662-9945-32ca4b667532" testName="FormatToStringTest1000 (7193.552206002898,7193.55 zł)" computerName="DESKTOP-5URQ9PB" duration="00:00:00.0000067" startTime="2022-06-13T21:11:26.6486591+02:00" endTime="2022-06-13T21:11:26.6487239+02:00" testType="13cdc9d9-ddb5-4fa4-a97d-d965ccfc6d4b" outcome="Passed" testListId="8c84fa94-04c1-424b-9868-57a2d4851a1d" relativeResultsDirectory="9698185d-2332-4678-bcda-3f0ec9572c07" />
    <UnitTestResult executionId="de64b963-5e00-4ed5-9ab9-5e77931bd87a" testId="c799e6c0-595c-44da-bfe5-ef1ba4de85e5" testName="FormatToStringTest1000 (29508.077101491428,29508.08 zł)" computerName="DESKTOP-5URQ9PB" duration="00:00:00.0000060" startTime="2022-06-13T21:11:26.3836084+02:00" endTime="2022-06-13T21:11:26.3836730+02:00" testType="13cdc9d9-ddb5-4fa4-a97d-d965ccfc6d4b" outcome="Passed" testListId="8c84fa94-04c1-424b-9868-57a2d4851a1d" relativeResultsDirectory="de64b963-5e00-4ed5-9ab9-5e77931bd87a" />
    <UnitTestResult executionId="25bcd770-4d55-44bc-af48-582fe8d5bff3" testId="41143786-52cc-4bec-8107-d62e5bbc8ff4" testName="FormatToStringTest1000 (37954.34384365396,37954.34 zł)" computerName="DESKTOP-5URQ9PB" duration="00:00:00.0000069" startTime="2022-06-13T21:11:26.6537816+02:00" endTime="2022-06-13T21:11:26.6538586+02:00" testType="13cdc9d9-ddb5-4fa4-a97d-d965ccfc6d4b" outcome="Passed" testListId="8c84fa94-04c1-424b-9868-57a2d4851a1d" relativeResultsDirectory="25bcd770-4d55-44bc-af48-582fe8d5bff3" />
    <UnitTestResult executionId="ec41486a-d9a0-45ba-b2bb-b3a0df7815e3" testId="60afd251-2c39-4df1-8ab4-3a7fcc746f37" testName="FormatToStringTest1000 (33245.44763357819,33245.45 zł)" computerName="DESKTOP-5URQ9PB" duration="00:00:00.0000069" startTime="2022-06-13T21:11:26.4812798+02:00" endTime="2022-06-13T21:11:26.4813770+02:00" testType="13cdc9d9-ddb5-4fa4-a97d-d965ccfc6d4b" outcome="Passed" testListId="8c84fa94-04c1-424b-9868-57a2d4851a1d" relativeResultsDirectory="ec41486a-d9a0-45ba-b2bb-b3a0df7815e3" />
    <UnitTestResult executionId="378edb25-cbde-4564-a651-79200197aa25" testId="42f22f9c-72cd-4dbd-9ad9-90b25ca45ac4" testName="FormatToStringTest1000 (14910.573044539697,14910.57 zł)" computerName="DESKTOP-5URQ9PB" duration="00:00:00.0000061" startTime="2022-06-13T21:11:26.7184060+02:00" endTime="2022-06-13T21:11:26.7184711+02:00" testType="13cdc9d9-ddb5-4fa4-a97d-d965ccfc6d4b" outcome="Passed" testListId="8c84fa94-04c1-424b-9868-57a2d4851a1d" relativeResultsDirectory="378edb25-cbde-4564-a651-79200197aa25" />
    <UnitTestResult executionId="4352ba6d-81db-4aa3-947a-0ffd06721acc" testId="afd0bdb2-e06e-41ec-abc5-a48324849c60" testName="FormatToStringTest1000 (7004.710832051798,7004.71 zł)" computerName="DESKTOP-5URQ9PB" duration="00:00:00.0000063" startTime="2022-06-13T21:11:26.6760482+02:00" endTime="2022-06-13T21:11:26.6761151+02:00" testType="13cdc9d9-ddb5-4fa4-a97d-d965ccfc6d4b" outcome="Passed" testListId="8c84fa94-04c1-424b-9868-57a2d4851a1d" relativeResultsDirectory="4352ba6d-81db-4aa3-947a-0ffd06721acc" />
    <UnitTestResult executionId="ee901632-f3d6-4444-849d-78d33bac6c7e" testId="a1e6482e-bbd6-4555-b7ff-41045c7a83d6" testName="FormatToStringTest1000 (11118.620997698335,11118.62 zł)" computerName="DESKTOP-5URQ9PB" duration="00:00:00.0000069" startTime="2022-06-13T21:11:26.4942097+02:00" endTime="2022-06-13T21:11:26.4942764+02:00" testType="13cdc9d9-ddb5-4fa4-a97d-d965ccfc6d4b" outcome="Passed" testListId="8c84fa94-04c1-424b-9868-57a2d4851a1d" relativeResultsDirectory="ee901632-f3d6-4444-849d-78d33bac6c7e" />
    <UnitTestResult executionId="70336f24-eaf6-46e3-9ac0-ce36b78a5b9d" testId="613a209a-ae14-48b4-93b9-3f88f4b9f788" testName="FormatToStringTest1000 (867.5236648356187,867.52 zł)" computerName="DESKTOP-5URQ9PB" duration="00:00:00.0000063" startTime="2022-06-13T21:11:26.6570231+02:00" endTime="2022-06-13T21:11:26.6570882+02:00" testType="13cdc9d9-ddb5-4fa4-a97d-d965ccfc6d4b" outcome="Passed" testListId="8c84fa94-04c1-424b-9868-57a2d4851a1d" relativeResultsDirectory="70336f24-eaf6-46e3-9ac0-ce36b78a5b9d" />
    <UnitTestResult executionId="de498a89-fbc8-4397-bbdd-ce24e51046dd" testId="c10d5456-74b8-430a-ae02-2a5b4112f6d6" testName="FormatToStringTest1000 (33413.381276228174,33413.38 zł)" computerName="DESKTOP-5URQ9PB" duration="00:00:00.0000076" startTime="2022-06-13T21:11:26.4841835+02:00" endTime="2022-06-13T21:11:26.4842683+02:00" testType="13cdc9d9-ddb5-4fa4-a97d-d965ccfc6d4b" outcome="Passed" testListId="8c84fa94-04c1-424b-9868-57a2d4851a1d" relativeResultsDirectory="de498a89-fbc8-4397-bbdd-ce24e51046dd" />
    <UnitTestResult executionId="9d35c3d7-b20e-4340-ab63-bb37991abac1" testId="62d8712f-13d0-4c6d-bf95-73c926d81c97" testName="FormatToStringTest1000 (7753.724411372898,7753.72 zł)" computerName="DESKTOP-5URQ9PB" duration="00:00:00.0000059" startTime="2022-06-13T21:11:26.3865462+02:00" endTime="2022-06-13T21:11:26.3866103+02:00" testType="13cdc9d9-ddb5-4fa4-a97d-d965ccfc6d4b" outcome="Passed" testListId="8c84fa94-04c1-424b-9868-57a2d4851a1d" relativeResultsDirectory="9d35c3d7-b20e-4340-ab63-bb37991abac1" />
    <UnitTestResult executionId="b07fed39-9c98-4aa5-bfd1-750fb5ac2b4a" testId="d076af4d-7c9b-4369-8a14-855035f6aa01" testName="FormatToStringTest1000 (9068.70019550468,9068.70 zł)" computerName="DESKTOP-5URQ9PB" duration="00:00:00.0000062" startTime="2022-06-13T21:11:26.4646278+02:00" endTime="2022-06-13T21:11:26.4646935+02:00" testType="13cdc9d9-ddb5-4fa4-a97d-d965ccfc6d4b" outcome="Passed" testListId="8c84fa94-04c1-424b-9868-57a2d4851a1d" relativeResultsDirectory="b07fed39-9c98-4aa5-bfd1-750fb5ac2b4a" />
    <UnitTestResult executionId="4d9a2fa4-5fdd-4669-8dff-6dda67eef685" testId="78ffc975-d4ef-4c17-80bc-94feb2f6789c" testName="FormatToStringTest1000 (31315.40354898544,31315.40 zł)" computerName="DESKTOP-5URQ9PB" duration="00:00:00.0000063" startTime="2022-06-13T21:11:26.6067609+02:00" endTime="2022-06-13T21:11:26.6068247+02:00" testType="13cdc9d9-ddb5-4fa4-a97d-d965ccfc6d4b" outcome="Passed" testListId="8c84fa94-04c1-424b-9868-57a2d4851a1d" relativeResultsDirectory="4d9a2fa4-5fdd-4669-8dff-6dda67eef685" />
    <UnitTestResult executionId="da1559e7-93e3-41c4-8369-a434d8a8af83" testId="4e16c65e-6a0c-41bb-83bd-ab83b2d6b011" testName="FormatToStringTest1000 (30578.687538491416,30578.69 zł)" computerName="DESKTOP-5URQ9PB" duration="00:00:00.0000067" startTime="2022-06-13T21:11:26.4474873+02:00" endTime="2022-06-13T21:11:26.4475634+02:00" testType="13cdc9d9-ddb5-4fa4-a97d-d965ccfc6d4b" outcome="Passed" testListId="8c84fa94-04c1-424b-9868-57a2d4851a1d" relativeResultsDirectory="da1559e7-93e3-41c4-8369-a434d8a8af83" />
    <UnitTestResult executionId="09e7820b-3bf5-4fca-b8f3-0bd5bd20dfff" testId="195751cb-4164-447f-82dc-9ddcd8f33e43" testName="FormatToStringTest1000 (5398.2412667191775,5398.24 zł)" computerName="DESKTOP-5URQ9PB" duration="00:00:00.0000064" startTime="2022-06-13T21:11:26.6823337+02:00" endTime="2022-06-13T21:11:26.6824050+02:00" testType="13cdc9d9-ddb5-4fa4-a97d-d965ccfc6d4b" outcome="Passed" testListId="8c84fa94-04c1-424b-9868-57a2d4851a1d" relativeResultsDirectory="09e7820b-3bf5-4fca-b8f3-0bd5bd20dfff" />
    <UnitTestResult executionId="9fd6eb88-d3d4-4eef-a04c-e5c4824baee7" testId="e5fe7e4b-d41d-4cdb-8756-9d1a7c30c2ff" testName="FormatToStringTest1000 (39641.61351217451,39641.61 zł)" computerName="DESKTOP-5URQ9PB" duration="00:00:00.0000062" startTime="2022-06-13T21:11:26.5220352+02:00" endTime="2022-06-13T21:11:26.5221024+02:00" testType="13cdc9d9-ddb5-4fa4-a97d-d965ccfc6d4b" outcome="Passed" testListId="8c84fa94-04c1-424b-9868-57a2d4851a1d" relativeResultsDirectory="9fd6eb88-d3d4-4eef-a04c-e5c4824baee7" />
    <UnitTestResult executionId="6ee4fe3d-cad2-47af-878d-6ffba202cc84" testId="cc48d4b1-dbbe-409e-8419-211305ae9590" testName="FormatToStringTest1000 (31424.298858482067,31424.30 zł)" computerName="DESKTOP-5URQ9PB" duration="00:00:00.0000461" startTime="2022-06-13T21:11:26.5506608+02:00" endTime="2022-06-13T21:11:26.5512294+02:00" testType="13cdc9d9-ddb5-4fa4-a97d-d965ccfc6d4b" outcome="Passed" testListId="8c84fa94-04c1-424b-9868-57a2d4851a1d" relativeResultsDirectory="6ee4fe3d-cad2-47af-878d-6ffba202cc84" />
    <UnitTestResult executionId="de048e0b-3fa4-4713-9317-6aeb0928acf7" testId="8f438a96-11ec-4885-95b1-506a032e6831" testName="FormatToStringTest1000 (7124.979180760672,7124.98 zł)" computerName="DESKTOP-5URQ9PB" duration="00:00:00.0000063" startTime="2022-06-13T21:11:26.3520056+02:00" endTime="2022-06-13T21:11:26.3520752+02:00" testType="13cdc9d9-ddb5-4fa4-a97d-d965ccfc6d4b" outcome="Passed" testListId="8c84fa94-04c1-424b-9868-57a2d4851a1d" relativeResultsDirectory="de048e0b-3fa4-4713-9317-6aeb0928acf7" />
    <UnitTestResult executionId="2e461633-d508-4538-819b-163cd951e728" testId="804a9ab8-6c64-4423-9a83-e81ac84819c5" testName="FormatToStringTest1000 (28861.97337596769,28861.97 zł)" computerName="DESKTOP-5URQ9PB" duration="00:00:00.0000065" startTime="2022-06-13T21:11:26.4769675+02:00" endTime="2022-06-13T21:11:26.4770405+02:00" testType="13cdc9d9-ddb5-4fa4-a97d-d965ccfc6d4b" outcome="Passed" testListId="8c84fa94-04c1-424b-9868-57a2d4851a1d" relativeResultsDirectory="2e461633-d508-4538-819b-163cd951e728" />
    <UnitTestResult executionId="c53cc1b7-a9af-45d0-868e-4852ae957ef9" testId="cfc6d21a-3960-4b34-b1cc-910fdd478518" testName="FormatToStringTest1000 (15396.537902579894,15396.54 zł)" computerName="DESKTOP-5URQ9PB" duration="00:00:00.0000062" startTime="2022-06-13T21:11:26.6003882+02:00" endTime="2022-06-13T21:11:26.6004526+02:00" testType="13cdc9d9-ddb5-4fa4-a97d-d965ccfc6d4b" outcome="Passed" testListId="8c84fa94-04c1-424b-9868-57a2d4851a1d" relativeResultsDirectory="c53cc1b7-a9af-45d0-868e-4852ae957ef9" />
    <UnitTestResult executionId="47bc2f93-d70b-4ea6-a456-7a65dcb2e948" testId="e7a02434-7d64-47e4-8a04-c69bb62ea4c2" testName="FormatToStringTest1000 (2115.5076919884923,2115.51 zł)" computerName="DESKTOP-5URQ9PB" duration="00:00:00.0000063" startTime="2022-06-13T21:11:26.6826676+02:00" endTime="2022-06-13T21:11:26.6827319+02:00" testType="13cdc9d9-ddb5-4fa4-a97d-d965ccfc6d4b" outcome="Passed" testListId="8c84fa94-04c1-424b-9868-57a2d4851a1d" relativeResultsDirectory="47bc2f93-d70b-4ea6-a456-7a65dcb2e948" />
    <UnitTestResult executionId="c798e5b5-5313-4f39-901d-becda618bfc6" testId="0d7095e5-1ed6-4225-b607-5a0802d7eb5e" testName="FormatToStringTest1000 (37614.50159416278,37614.50 zł)" computerName="DESKTOP-5URQ9PB" duration="00:00:00.0000064" startTime="2022-06-13T21:11:26.6976760+02:00" endTime="2022-06-13T21:11:26.6977405+02:00" testType="13cdc9d9-ddb5-4fa4-a97d-d965ccfc6d4b" outcome="Passed" testListId="8c84fa94-04c1-424b-9868-57a2d4851a1d" relativeResultsDirectory="c798e5b5-5313-4f39-901d-becda618bfc6" />
    <UnitTestResult executionId="d0a910cd-01f6-4cb8-b410-b224434afa95" testId="9350472a-51e7-4628-92db-4f25228a885d" testName="FormatToStringTest1000 (44930.92203801075,44930.92 zł)" computerName="DESKTOP-5URQ9PB" duration="00:00:00.0000061" startTime="2022-06-13T21:11:26.7153658+02:00" endTime="2022-06-13T21:11:26.7154310+02:00" testType="13cdc9d9-ddb5-4fa4-a97d-d965ccfc6d4b" outcome="Passed" testListId="8c84fa94-04c1-424b-9868-57a2d4851a1d" relativeResultsDirectory="d0a910cd-01f6-4cb8-b410-b224434afa95" />
    <UnitTestResult executionId="ddcbeaa4-b13b-4f49-a71c-5645d4e077b7" testId="f125f328-6d78-4642-86c4-6b5e1ae40040" testName="FormatToStringTest1000 (16427.591943671738,16427.59 zł)" computerName="DESKTOP-5URQ9PB" duration="00:00:00.0000061" startTime="2022-06-13T21:11:26.5160236+02:00" endTime="2022-06-13T21:11:26.5160897+02:00" testType="13cdc9d9-ddb5-4fa4-a97d-d965ccfc6d4b" outcome="Passed" testListId="8c84fa94-04c1-424b-9868-57a2d4851a1d" relativeResultsDirectory="ddcbeaa4-b13b-4f49-a71c-5645d4e077b7" />
    <UnitTestResult executionId="d6f25ee5-f828-4374-9e38-f2717ef491f9" testId="47377d52-d067-4f6a-b06d-4b5308930e12" testName="FormatToStringTest1000 (726.8087564975995,726.81 zł)" computerName="DESKTOP-5URQ9PB" duration="00:00:00.0000068" startTime="2022-06-13T21:11:26.3062481+02:00" endTime="2022-06-13T21:11:26.3063150+02:00" testType="13cdc9d9-ddb5-4fa4-a97d-d965ccfc6d4b" outcome="Passed" testListId="8c84fa94-04c1-424b-9868-57a2d4851a1d" relativeResultsDirectory="d6f25ee5-f828-4374-9e38-f2717ef491f9" />
    <UnitTestResult executionId="b04ed7e9-2ded-45ed-a31d-f27eb8a7ad96" testId="a27ba0bc-bf51-40a2-91b2-71f2d2093a50" testName="FormatToStringTest1000 (11494.27761332238,11494.28 zł)" computerName="DESKTOP-5URQ9PB" duration="00:00:00.0000062" startTime="2022-06-13T21:11:26.4377182+02:00" endTime="2022-06-13T21:11:26.4377925+02:00" testType="13cdc9d9-ddb5-4fa4-a97d-d965ccfc6d4b" outcome="Passed" testListId="8c84fa94-04c1-424b-9868-57a2d4851a1d" relativeResultsDirectory="b04ed7e9-2ded-45ed-a31d-f27eb8a7ad96" />
    <UnitTestResult executionId="78cfcdc8-06b7-4e79-b9c9-11fc1479714a" testId="f5bf62a3-ac76-4284-977a-3c53ca74f72c" testName="FormatToStringTest1000 (22791.735381432685,22791.74 zł)" computerName="DESKTOP-5URQ9PB" duration="00:00:00.0000062" startTime="2022-06-13T21:11:26.4315489+02:00" endTime="2022-06-13T21:11:26.4316155+02:00" testType="13cdc9d9-ddb5-4fa4-a97d-d965ccfc6d4b" outcome="Passed" testListId="8c84fa94-04c1-424b-9868-57a2d4851a1d" relativeResultsDirectory="78cfcdc8-06b7-4e79-b9c9-11fc1479714a" />
    <UnitTestResult executionId="6bd762cd-6f86-487f-9ee1-40cde6614e68" testId="740d52e5-38d5-49f9-b581-00885e71dd23" testName="FormatToStringTest1000 (42728.35751444258,42728.36 zł)" computerName="DESKTOP-5URQ9PB" duration="00:00:00.0000064" startTime="2022-06-13T21:11:26.6540428+02:00" endTime="2022-06-13T21:11:26.6541072+02:00" testType="13cdc9d9-ddb5-4fa4-a97d-d965ccfc6d4b" outcome="Passed" testListId="8c84fa94-04c1-424b-9868-57a2d4851a1d" relativeResultsDirectory="6bd762cd-6f86-487f-9ee1-40cde6614e68" />
    <UnitTestResult executionId="3d51f38e-111b-4d2d-9a9e-5d1800ff54c0" testId="104f14e6-1897-4d70-b916-ca43cac460bb" testName="FormatToStringTest1000 (486.15309567942893,486.15 zł)" computerName="DESKTOP-5URQ9PB" duration="00:00:00.0000062" startTime="2022-06-13T21:11:26.4709753+02:00" endTime="2022-06-13T21:11:26.4710411+02:00" testType="13cdc9d9-ddb5-4fa4-a97d-d965ccfc6d4b" outcome="Passed" testListId="8c84fa94-04c1-424b-9868-57a2d4851a1d" relativeResultsDirectory="3d51f38e-111b-4d2d-9a9e-5d1800ff54c0" />
    <UnitTestResult executionId="92feb324-9fda-49f3-b750-9290a5e07068" testId="c0c0cb45-a1f1-4f84-b755-703fbfb189c3" testName="FormatToStringTest1000 (28987.862854782896,28987.86 zł)" computerName="DESKTOP-5URQ9PB" duration="00:00:00.0000062" startTime="2022-06-13T21:11:26.6453939+02:00" endTime="2022-06-13T21:11:26.6454586+02:00" testType="13cdc9d9-ddb5-4fa4-a97d-d965ccfc6d4b" outcome="Passed" testListId="8c84fa94-04c1-424b-9868-57a2d4851a1d" relativeResultsDirectory="92feb324-9fda-49f3-b750-9290a5e07068" />
    <UnitTestResult executionId="bab8343d-10b1-4da7-89ff-6fdda452f8c0" testId="36fd0f19-d7a8-49e0-b1cc-f2e554130284" testName="FormatToStringTest1000 (46391.661094229516,46391.66 zł)" computerName="DESKTOP-5URQ9PB" duration="00:00:00.0000060" startTime="2022-06-13T21:11:26.6514730+02:00" endTime="2022-06-13T21:11:26.6515371+02:00" testType="13cdc9d9-ddb5-4fa4-a97d-d965ccfc6d4b" outcome="Passed" testListId="8c84fa94-04c1-424b-9868-57a2d4851a1d" relativeResultsDirectory="bab8343d-10b1-4da7-89ff-6fdda452f8c0" />
    <UnitTestResult executionId="bd92aa0a-e456-4ca0-8b5b-58a54ee9fc13" testId="cef82ab1-cc85-41fc-ac01-73019847a464" testName="FormatToStringTest1000 (1860.3356292016504,1860.34 zł)" computerName="DESKTOP-5URQ9PB" duration="00:00:00.0000061" startTime="2022-06-13T21:11:26.5219501+02:00" endTime="2022-06-13T21:11:26.5220170+02:00" testType="13cdc9d9-ddb5-4fa4-a97d-d965ccfc6d4b" outcome="Passed" testListId="8c84fa94-04c1-424b-9868-57a2d4851a1d" relativeResultsDirectory="bd92aa0a-e456-4ca0-8b5b-58a54ee9fc13" />
    <UnitTestResult executionId="af3a184c-9289-4e57-b700-104d81e3d876" testId="ba8fe9fa-9782-44ee-8786-067c7751184b" testName="FormatToStringTest1000 (4612.32080757633,4612.32 zł)" computerName="DESKTOP-5URQ9PB" duration="00:00:00.0000069" startTime="2022-06-13T21:11:26.6691371+02:00" endTime="2022-06-13T21:11:26.6691998+02:00" testType="13cdc9d9-ddb5-4fa4-a97d-d965ccfc6d4b" outcome="Passed" testListId="8c84fa94-04c1-424b-9868-57a2d4851a1d" relativeResultsDirectory="af3a184c-9289-4e57-b700-104d81e3d876" />
    <UnitTestResult executionId="8b2201b4-ab2c-46e3-a9fe-14d79c2b4462" testId="4cff7ebe-d876-4ccd-9685-8b69eebf3d04" testName="FormatToStringTest1000 (658.7555888573431,658.76 zł)" computerName="DESKTOP-5URQ9PB" duration="00:00:00.0000061" startTime="2022-06-13T21:11:26.5001675+02:00" endTime="2022-06-13T21:11:26.5002330+02:00" testType="13cdc9d9-ddb5-4fa4-a97d-d965ccfc6d4b" outcome="Passed" testListId="8c84fa94-04c1-424b-9868-57a2d4851a1d" relativeResultsDirectory="8b2201b4-ab2c-46e3-a9fe-14d79c2b4462" />
    <UnitTestResult executionId="d9b77ef9-610d-491c-997b-1560fbbc5f0d" testId="e2f7281b-559e-44c3-aa32-4fac1379de5e" testName="FormatToStringTest1000 (46590.9609819562,46590.96 zł)" computerName="DESKTOP-5URQ9PB" duration="00:00:00.0000064" startTime="2022-06-13T21:11:26.4286579+02:00" endTime="2022-06-13T21:11:26.4287228+02:00" testType="13cdc9d9-ddb5-4fa4-a97d-d965ccfc6d4b" outcome="Passed" testListId="8c84fa94-04c1-424b-9868-57a2d4851a1d" relativeResultsDirectory="d9b77ef9-610d-491c-997b-1560fbbc5f0d" />
    <UnitTestResult executionId="f675ff5b-a508-45ae-a70e-20a76d2df2e2" testId="d2520a5b-a460-4307-86d2-c6e05cde29a9" testName="FormatToStringTest1000 (68770.73008707525,68770.73 zł)" computerName="DESKTOP-5URQ9PB" duration="00:00:00.0000061" startTime="2022-06-13T21:11:26.4647110+02:00" endTime="2022-06-13T21:11:26.4647779+02:00" testType="13cdc9d9-ddb5-4fa4-a97d-d965ccfc6d4b" outcome="Passed" testListId="8c84fa94-04c1-424b-9868-57a2d4851a1d" relativeResultsDirectory="f675ff5b-a508-45ae-a70e-20a76d2df2e2" />
    <UnitTestResult executionId="74e73914-1245-47fd-8f71-e75f2ce691a3" testId="a35e87ef-3dd9-44d8-bebd-74d33f9f83c7" testName="FormatToStringTest1000 (47256.065730817645,47256.07 zł)" computerName="DESKTOP-5URQ9PB" duration="00:00:00.0000062" startTime="2022-06-13T21:11:26.4224037+02:00" endTime="2022-06-13T21:11:26.4224713+02:00" testType="13cdc9d9-ddb5-4fa4-a97d-d965ccfc6d4b" outcome="Passed" testListId="8c84fa94-04c1-424b-9868-57a2d4851a1d" relativeResultsDirectory="74e73914-1245-47fd-8f71-e75f2ce691a3" />
    <UnitTestResult executionId="ac2814a2-6031-4000-bdb4-5d3c9d5fd36e" testId="28d27e64-f8aa-493d-8dbe-9c7d28e49527" testName="FormatToStringTest1000 (9151.103070427245,9151.10 zł)" computerName="DESKTOP-5URQ9PB" duration="00:00:00.0000061" startTime="2022-06-13T21:11:26.7062199+02:00" endTime="2022-06-13T21:11:26.7062846+02:00" testType="13cdc9d9-ddb5-4fa4-a97d-d965ccfc6d4b" outcome="Passed" testListId="8c84fa94-04c1-424b-9868-57a2d4851a1d" relativeResultsDirectory="ac2814a2-6031-4000-bdb4-5d3c9d5fd36e" />
    <UnitTestResult executionId="eba4c6c5-ad55-402a-85aa-92e152fa4ba4" testId="3591230c-3e09-4168-ab6b-eca0b1337f12" testName="FormatToStringTest1000 (16511.26921423537,16511.27 zł)" computerName="DESKTOP-5URQ9PB" duration="00:00:00.0000067" startTime="2022-06-13T21:11:26.6881113+02:00" endTime="2022-06-13T21:11:26.6881786+02:00" testType="13cdc9d9-ddb5-4fa4-a97d-d965ccfc6d4b" outcome="Passed" testListId="8c84fa94-04c1-424b-9868-57a2d4851a1d" relativeResultsDirectory="eba4c6c5-ad55-402a-85aa-92e152fa4ba4" />
    <UnitTestResult executionId="7ce871c4-6435-4002-9e70-1337ffd75ac3" testId="70d0414f-be3f-4901-a6d4-3835ad36056d" testName="FormatToStringTest1000 (28992.38363400166,28992.38 zł)" computerName="DESKTOP-5URQ9PB" duration="00:00:00.0000062" startTime="2022-06-13T21:11:26.6199613+02:00" endTime="2022-06-13T21:11:26.6200256+02:00" testType="13cdc9d9-ddb5-4fa4-a97d-d965ccfc6d4b" outcome="Passed" testListId="8c84fa94-04c1-424b-9868-57a2d4851a1d" relativeResultsDirectory="7ce871c4-6435-4002-9e70-1337ffd75ac3" />
    <UnitTestResult executionId="0b52db00-6d38-43da-8a9f-6dcb39b36f34" testId="f35d42e6-c65a-4b55-b84c-0822b8c20333" testName="FormatToStringTest1000 (19462.729986486367,19462.73 zł)" computerName="DESKTOP-5URQ9PB" duration="00:00:00.0000106" startTime="2022-06-13T21:11:26.6061158+02:00" endTime="2022-06-13T21:11:26.6062348+02:00" testType="13cdc9d9-ddb5-4fa4-a97d-d965ccfc6d4b" outcome="Passed" testListId="8c84fa94-04c1-424b-9868-57a2d4851a1d" relativeResultsDirectory="0b52db00-6d38-43da-8a9f-6dcb39b36f34" />
    <UnitTestResult executionId="767dca4f-6da5-40ec-92df-fa3599da2fa2" testId="13633c07-c5c0-425d-834d-5efb5c14d004" testName="FormatToStringTest1000 (4823.904478896365,4823.90 zł)" computerName="DESKTOP-5URQ9PB" duration="00:00:00.0000064" startTime="2022-06-13T21:11:26.6062622+02:00" endTime="2022-06-13T21:11:26.6063295+02:00" testType="13cdc9d9-ddb5-4fa4-a97d-d965ccfc6d4b" outcome="Passed" testListId="8c84fa94-04c1-424b-9868-57a2d4851a1d" relativeResultsDirectory="767dca4f-6da5-40ec-92df-fa3599da2fa2" />
    <UnitTestResult executionId="f432e80a-0457-4c69-9496-b60895840918" testId="fe8e0df0-3f99-404b-9768-0c6d931c6515" testName="FormatToStringTest1000 (20441.330495004695,20441.33 zł)" computerName="DESKTOP-5URQ9PB" duration="00:00:00.0000059" startTime="2022-06-13T21:11:26.3927889+02:00" endTime="2022-06-13T21:11:26.3928535+02:00" testType="13cdc9d9-ddb5-4fa4-a97d-d965ccfc6d4b" outcome="Passed" testListId="8c84fa94-04c1-424b-9868-57a2d4851a1d" relativeResultsDirectory="f432e80a-0457-4c69-9496-b60895840918" />
    <UnitTestResult executionId="8ca5a55b-917e-4828-a037-8b5ae583b32b" testId="e9c96fa4-9216-46ad-88da-6f9b7b5b3144" testName="FormatToStringTest1000 (16190.113943164757,16190.11 zł)" computerName="DESKTOP-5URQ9PB" duration="00:00:00.0000063" startTime="2022-06-13T21:11:26.4999147+02:00" endTime="2022-06-13T21:11:26.4999825+02:00" testType="13cdc9d9-ddb5-4fa4-a97d-d965ccfc6d4b" outcome="Passed" testListId="8c84fa94-04c1-424b-9868-57a2d4851a1d" relativeResultsDirectory="8ca5a55b-917e-4828-a037-8b5ae583b32b" />
    <UnitTestResult executionId="be4d5fc0-c9bb-4eaf-b5e6-87ea10ef629c" testId="93570c29-7baf-41b2-a3d8-eaa545a070bf" testName="FormatToStringTest1000 (19519.4298413505,19519.43 zł)" computerName="DESKTOP-5URQ9PB" duration="00:00:00.0000063" startTime="2022-06-13T21:11:26.6662395+02:00" endTime="2022-06-13T21:11:26.6663018+02:00" testType="13cdc9d9-ddb5-4fa4-a97d-d965ccfc6d4b" outcome="Passed" testListId="8c84fa94-04c1-424b-9868-57a2d4851a1d" relativeResultsDirectory="be4d5fc0-c9bb-4eaf-b5e6-87ea10ef629c" />
    <UnitTestResult executionId="7685129d-3d71-40f2-89d0-fdc1c3c2310a" testId="b76a95c3-3972-4910-a02e-b28dfef5e03d" testName="FormatToStringTest1000 (6429.44273095552,6429.44 zł)" computerName="DESKTOP-5URQ9PB" duration="00:00:00.0000065" startTime="2022-06-13T21:11:26.4941270+02:00" endTime="2022-06-13T21:11:26.4941918+02:00" testType="13cdc9d9-ddb5-4fa4-a97d-d965ccfc6d4b" outcome="Passed" testListId="8c84fa94-04c1-424b-9868-57a2d4851a1d" relativeResultsDirectory="7685129d-3d71-40f2-89d0-fdc1c3c2310a" />
    <UnitTestResult executionId="c8552c2b-26cd-40cf-8359-891f7458281e" testId="43c659c0-5061-4f16-b168-70cee3aa510b" testName="FormatToStringTest1000 (56802.303118930344,56802.30 zł)" computerName="DESKTOP-5URQ9PB" duration="00:00:00.0000065" startTime="2022-06-13T21:11:26.5840464+02:00" endTime="2022-06-13T21:11:26.5841240+02:00" testType="13cdc9d9-ddb5-4fa4-a97d-d965ccfc6d4b" outcome="Passed" testListId="8c84fa94-04c1-424b-9868-57a2d4851a1d" relativeResultsDirectory="c8552c2b-26cd-40cf-8359-891f7458281e" />
    <UnitTestResult executionId="b6139125-f444-4447-98ad-4d84e9de6c58" testId="60236622-4409-4be7-a334-3e7ecafbf658" testName="FormatToStringTest1000 (79973.08417819678,79973.08 zł)" computerName="DESKTOP-5URQ9PB" duration="00:00:00.0000061" startTime="2022-06-13T21:11:26.3065037+02:00" endTime="2022-06-13T21:11:26.3065671+02:00" testType="13cdc9d9-ddb5-4fa4-a97d-d965ccfc6d4b" outcome="Passed" testListId="8c84fa94-04c1-424b-9868-57a2d4851a1d" relativeResultsDirectory="b6139125-f444-4447-98ad-4d84e9de6c58" />
    <UnitTestResult executionId="f7049fe7-7e0c-4650-b23a-900afd29f2e9" testId="b3b7c3f8-73b1-428b-b64d-e5efed0b1a3a" testName="FormatToStringTest1000 (1745.490603896552,1745.49 zł)" computerName="DESKTOP-5URQ9PB" duration="00:00:00.0000061" startTime="2022-06-13T21:11:26.4179338+02:00" endTime="2022-06-13T21:11:26.4180001+02:00" testType="13cdc9d9-ddb5-4fa4-a97d-d965ccfc6d4b" outcome="Passed" testListId="8c84fa94-04c1-424b-9868-57a2d4851a1d" relativeResultsDirectory="f7049fe7-7e0c-4650-b23a-900afd29f2e9" />
    <UnitTestResult executionId="d312d028-6e83-40cc-92fb-7b9a1c54b6ff" testId="487193a5-0285-486f-80cf-69cabb1209fe" testName="FormatToStringTest1000 (15624.452361264477,15624.45 zł)" computerName="DESKTOP-5URQ9PB" duration="00:00:00.0000073" startTime="2022-06-13T21:11:26.5281168+02:00" endTime="2022-06-13T21:11:26.5282052+02:00" testType="13cdc9d9-ddb5-4fa4-a97d-d965ccfc6d4b" outcome="Passed" testListId="8c84fa94-04c1-424b-9868-57a2d4851a1d" relativeResultsDirectory="d312d028-6e83-40cc-92fb-7b9a1c54b6ff" />
    <UnitTestResult executionId="5ad5489c-fe70-48ea-9ebe-84548e466534" testId="2aec5608-aeea-4fc2-b212-07b078bed329" testName="FormatToStringTest1000 (75024.79122970243,75024.79 zł)" computerName="DESKTOP-5URQ9PB" duration="00:00:00.0000101" startTime="2022-06-13T21:11:26.4440766+02:00" endTime="2022-06-13T21:11:26.4441643+02:00" testType="13cdc9d9-ddb5-4fa4-a97d-d965ccfc6d4b" outcome="Passed" testListId="8c84fa94-04c1-424b-9868-57a2d4851a1d" relativeResultsDirectory="5ad5489c-fe70-48ea-9ebe-84548e466534" />
    <UnitTestResult executionId="9ce3715c-af1c-45dd-8a2e-4db42d582872" testId="7879f90b-d4ae-491e-93fa-50d50cf0be90" testName="FormatToStringTest1000 (18990.72499258012,18990.72 zł)" computerName="DESKTOP-5URQ9PB" duration="00:00:00.0000063" startTime="2022-06-13T21:11:26.3737261+02:00" endTime="2022-06-13T21:11:26.3738007+02:00" testType="13cdc9d9-ddb5-4fa4-a97d-d965ccfc6d4b" outcome="Passed" testListId="8c84fa94-04c1-424b-9868-57a2d4851a1d" relativeResultsDirectory="9ce3715c-af1c-45dd-8a2e-4db42d582872" />
    <UnitTestResult executionId="67124a0e-4baa-4db7-9b32-16f75af94c22" testId="66179323-3c06-4545-b453-91c60ec31260" testName="FormatToStringTest1000 (16597.22844427788,16597.23 zł)" computerName="DESKTOP-5URQ9PB" duration="00:00:00.0000060" startTime="2022-06-13T21:11:26.4060344+02:00" endTime="2022-06-13T21:11:26.4061003+02:00" testType="13cdc9d9-ddb5-4fa4-a97d-d965ccfc6d4b" outcome="Passed" testListId="8c84fa94-04c1-424b-9868-57a2d4851a1d" relativeResultsDirectory="67124a0e-4baa-4db7-9b32-16f75af94c22" />
    <UnitTestResult executionId="9e7c8487-38fe-460a-b9c8-a5aaf553629b" testId="561762c3-adf8-4895-9c54-1054ac1e0c36" testName="FormatToStringTest1000 (68479.93492677805,68479.93 zł)" computerName="DESKTOP-5URQ9PB" duration="00:00:00.0000063" startTime="2022-06-13T21:11:26.6853112+02:00" endTime="2022-06-13T21:11:26.6853810+02:00" testType="13cdc9d9-ddb5-4fa4-a97d-d965ccfc6d4b" outcome="Passed" testListId="8c84fa94-04c1-424b-9868-57a2d4851a1d" relativeResultsDirectory="9e7c8487-38fe-460a-b9c8-a5aaf553629b" />
    <UnitTestResult executionId="2b4df13e-2416-4552-bb8f-5b5035893341" testId="49d75dd0-85fa-4167-8841-4c97a11b5eae" testName="FormatToStringTest1000 (56378.261944644735,56378.26 zł)" computerName="DESKTOP-5URQ9PB" duration="00:00:00.0000062" startTime="2022-06-13T21:11:26.4551741+02:00" endTime="2022-06-13T21:11:26.4552406+02:00" testType="13cdc9d9-ddb5-4fa4-a97d-d965ccfc6d4b" outcome="Passed" testListId="8c84fa94-04c1-424b-9868-57a2d4851a1d" relativeResultsDirectory="2b4df13e-2416-4552-bb8f-5b5035893341" />
    <UnitTestResult executionId="46a3ed7d-2453-4def-9c4b-f62597e180f8" testId="bd9ee133-d1a1-4636-ad2d-092b2039446c" testName="FormatToStringTest1000 (1073.195098933389,1073.20 zł)" computerName="DESKTOP-5URQ9PB" duration="00:00:00.0000063" startTime="2022-06-13T21:11:26.5882530+02:00" endTime="2022-06-13T21:11:26.5883256+02:00" testType="13cdc9d9-ddb5-4fa4-a97d-d965ccfc6d4b" outcome="Passed" testListId="8c84fa94-04c1-424b-9868-57a2d4851a1d" relativeResultsDirectory="46a3ed7d-2453-4def-9c4b-f62597e180f8" />
    <UnitTestResult executionId="25aaf987-b893-4e53-9c03-09ffb2aaecd7" testId="550df4ef-a231-4cd5-807d-f331e41fcecf" testName="FormatToStringTest1000 (24030.724859085738,24030.72 zł)" computerName="DESKTOP-5URQ9PB" duration="00:00:00.0000085" startTime="2022-06-13T21:11:26.6733798+02:00" endTime="2022-06-13T21:11:26.6734717+02:00" testType="13cdc9d9-ddb5-4fa4-a97d-d965ccfc6d4b" outcome="Passed" testListId="8c84fa94-04c1-424b-9868-57a2d4851a1d" relativeResultsDirectory="25aaf987-b893-4e53-9c03-09ffb2aaecd7" />
    <UnitTestResult executionId="0be6b820-13e7-4229-8ff2-25bebc22b42d" testId="73e1ad1c-43f3-45e3-b091-dfa81eb73147" testName="FormatToStringTest1000 (46898.00219497783,46898.00 zł)" computerName="DESKTOP-5URQ9PB" duration="00:00:00.0000063" startTime="2022-06-13T21:11:26.3734546+02:00" endTime="2022-06-13T21:11:26.3735262+02:00" testType="13cdc9d9-ddb5-4fa4-a97d-d965ccfc6d4b" outcome="Passed" testListId="8c84fa94-04c1-424b-9868-57a2d4851a1d" relativeResultsDirectory="0be6b820-13e7-4229-8ff2-25bebc22b42d" />
    <UnitTestResult executionId="68beb066-9a5c-451d-977a-93d3d28079ff" testId="cb79ee0d-ab09-45ac-a9de-f36356d42a06" testName="FormatToStringTest1000 (30722.846572104303,30722.85 zł)" computerName="DESKTOP-5URQ9PB" duration="00:00:00.0000067" startTime="2022-06-13T21:11:26.5912850+02:00" endTime="2022-06-13T21:11:26.5913669+02:00" testType="13cdc9d9-ddb5-4fa4-a97d-d965ccfc6d4b" outcome="Passed" testListId="8c84fa94-04c1-424b-9868-57a2d4851a1d" relativeResultsDirectory="68beb066-9a5c-451d-977a-93d3d28079ff" />
    <UnitTestResult executionId="1c9c3185-1e3f-4c0e-9b4a-38f7f823b15d" testId="f7e16bb6-d73e-4c3a-98ce-dc877663b52c" testName="FormatToStringTest1000 (26174.290999793586,26174.29 zł)" computerName="DESKTOP-5URQ9PB" duration="00:00:00.0000060" startTime="2022-06-13T21:11:26.6571870+02:00" endTime="2022-06-13T21:11:26.6572512+02:00" testType="13cdc9d9-ddb5-4fa4-a97d-d965ccfc6d4b" outcome="Passed" testListId="8c84fa94-04c1-424b-9868-57a2d4851a1d" relativeResultsDirectory="1c9c3185-1e3f-4c0e-9b4a-38f7f823b15d" />
    <UnitTestResult executionId="8b87545e-22c3-4958-a26b-d5bb5ce0667c" testId="3d0f6c23-4a50-4dc2-b2bb-d2aade591b6a" testName="FormatToStringTest1000 (32051.900532446758,32051.90 zł)" computerName="DESKTOP-5URQ9PB" duration="00:00:00.0000074" startTime="2022-06-13T21:11:26.4028377+02:00" endTime="2022-06-13T21:11:26.4029369+02:00" testType="13cdc9d9-ddb5-4fa4-a97d-d965ccfc6d4b" outcome="Passed" testListId="8c84fa94-04c1-424b-9868-57a2d4851a1d" relativeResultsDirectory="8b87545e-22c3-4958-a26b-d5bb5ce0667c" />
    <UnitTestResult executionId="b0009768-0abb-411a-9809-433d97dd3b8c" testId="f09bc292-5856-46a0-a319-18301539b738" testName="FormatToStringTest1000 (37561.969571757116,37561.97 zł)" computerName="DESKTOP-5URQ9PB" duration="00:00:00.0000065" startTime="2022-06-13T21:11:26.4774507+02:00" endTime="2022-06-13T21:11:26.4775241+02:00" testType="13cdc9d9-ddb5-4fa4-a97d-d965ccfc6d4b" outcome="Passed" testListId="8c84fa94-04c1-424b-9868-57a2d4851a1d" relativeResultsDirectory="b0009768-0abb-411a-9809-433d97dd3b8c" />
    <UnitTestResult executionId="0939f354-8de2-4ac3-9030-431a46a360ef" testId="b06857b6-2740-4047-a73a-f4eed0348d5f" testName="FormatToStringTest1000 (1799.2562459103092,1799.26 zł)" computerName="DESKTOP-5URQ9PB" duration="00:00:00.0000063" startTime="2022-06-13T21:11:26.5123654+02:00" endTime="2022-06-13T21:11:26.5124356+02:00" testType="13cdc9d9-ddb5-4fa4-a97d-d965ccfc6d4b" outcome="Passed" testListId="8c84fa94-04c1-424b-9868-57a2d4851a1d" relativeResultsDirectory="0939f354-8de2-4ac3-9030-431a46a360ef" />
    <UnitTestResult executionId="180e76fc-a923-4104-9256-1283d6ef9555" testId="432be20f-6312-4ec2-9c26-b3b2dc27a6c9" testName="FormatToStringTest1000 (15411.371650797022,15411.37 zł)" computerName="DESKTOP-5URQ9PB" duration="00:00:00.0000061" startTime="2022-06-13T21:11:26.4092217+02:00" endTime="2022-06-13T21:11:26.4092871+02:00" testType="13cdc9d9-ddb5-4fa4-a97d-d965ccfc6d4b" outcome="Passed" testListId="8c84fa94-04c1-424b-9868-57a2d4851a1d" relativeResultsDirectory="180e76fc-a923-4104-9256-1283d6ef9555" />
    <UnitTestResult executionId="a08817a0-a42e-41ee-aa57-a72e142b6f81" testId="83a35140-f0a1-4b8b-b352-1b0f9e8d0fc5" testName="FormatToStringTest1000 (13402.882692040355,13402.88 zł)" computerName="DESKTOP-5URQ9PB" duration="00:00:00.0000067" startTime="2022-06-13T21:11:26.6538769+02:00" endTime="2022-06-13T21:11:26.6539431+02:00" testType="13cdc9d9-ddb5-4fa4-a97d-d965ccfc6d4b" outcome="Passed" testListId="8c84fa94-04c1-424b-9868-57a2d4851a1d" relativeResultsDirectory="a08817a0-a42e-41ee-aa57-a72e142b6f81" />
    <UnitTestResult executionId="2aef271a-b45a-45fa-822f-c7cb51d8159c" testId="eef86bb3-6a9c-48a4-bc7d-7da539140c74" testName="FormatToStringTest1000 (918.1842976688334,918.18 zł)" computerName="DESKTOP-5URQ9PB" duration="00:00:00.0000059" startTime="2022-06-13T21:11:26.3644224+02:00" endTime="2022-06-13T21:11:26.3644866+02:00" testType="13cdc9d9-ddb5-4fa4-a97d-d965ccfc6d4b" outcome="Passed" testListId="8c84fa94-04c1-424b-9868-57a2d4851a1d" relativeResultsDirectory="2aef271a-b45a-45fa-822f-c7cb51d8159c" />
    <UnitTestResult executionId="10349b66-c87e-4fe6-9fdf-63dd3658736a" testId="30c82176-5ce2-4dd9-b7f1-a8c17b4485fd" testName="FormatToStringTest1000 (9818.257405763146,9818.26 zł)" computerName="DESKTOP-5URQ9PB" duration="00:00:00.0000061" startTime="2022-06-13T21:11:26.6195511+02:00" endTime="2022-06-13T21:11:26.6196164+02:00" testType="13cdc9d9-ddb5-4fa4-a97d-d965ccfc6d4b" outcome="Passed" testListId="8c84fa94-04c1-424b-9868-57a2d4851a1d" relativeResultsDirectory="10349b66-c87e-4fe6-9fdf-63dd3658736a" />
    <UnitTestResult executionId="e55431a6-23af-4bf9-8e9b-1f4168cd0554" testId="d0b8aff4-e50d-4260-9ef5-c63b019521f2" testName="FormatToStringTest1000 (3195.202943510936,3195.20 zł)" computerName="DESKTOP-5URQ9PB" duration="00:00:00.0000062" startTime="2022-06-13T21:11:26.4552587+02:00" endTime="2022-06-13T21:11:26.4553252+02:00" testType="13cdc9d9-ddb5-4fa4-a97d-d965ccfc6d4b" outcome="Passed" testListId="8c84fa94-04c1-424b-9868-57a2d4851a1d" relativeResultsDirectory="e55431a6-23af-4bf9-8e9b-1f4168cd0554" />
    <UnitTestResult executionId="2d8baa6b-e5d3-49de-9945-21fa4773be5e" testId="81f408c9-a4ef-4d96-afbb-0e612e786378" testName="FormatToStringTest1000 (19783.413847500186,19783.41 zł)" computerName="DESKTOP-5URQ9PB" duration="00:00:00.0000060" startTime="2022-06-13T21:11:26.6794386+02:00" endTime="2022-06-13T21:11:26.6795032+02:00" testType="13cdc9d9-ddb5-4fa4-a97d-d965ccfc6d4b" outcome="Passed" testListId="8c84fa94-04c1-424b-9868-57a2d4851a1d" relativeResultsDirectory="2d8baa6b-e5d3-49de-9945-21fa4773be5e" />
    <UnitTestResult executionId="0ef14a24-8760-4997-9256-d165bc013b2c" testId="bdfc16e4-717a-4cb3-9c92-add16decc32c" testName="FormatToStringTest1000 (45739.569854490255,45739.57 zł)" computerName="DESKTOP-5URQ9PB" duration="00:00:00.0000061" startTime="2022-06-13T21:11:26.6569413+02:00" endTime="2022-06-13T21:11:26.6570059+02:00" testType="13cdc9d9-ddb5-4fa4-a97d-d965ccfc6d4b" outcome="Passed" testListId="8c84fa94-04c1-424b-9868-57a2d4851a1d" relativeResultsDirectory="0ef14a24-8760-4997-9256-d165bc013b2c" />
    <UnitTestResult executionId="fa583a7e-47a3-42ca-a0d9-d9c4e45f8058" testId="fadaf4f0-4f83-47c6-8a3e-f0e02a2f2eb1" testName="FormatToStringTest1000 (6676.5680544784145,6676.57 zł)" computerName="DESKTOP-5URQ9PB" duration="00:00:00.0000079" startTime="2022-06-13T21:11:26.7156315+02:00" endTime="2022-06-13T21:11:26.7156980+02:00" testType="13cdc9d9-ddb5-4fa4-a97d-d965ccfc6d4b" outcome="Passed" testListId="8c84fa94-04c1-424b-9868-57a2d4851a1d" relativeResultsDirectory="fa583a7e-47a3-42ca-a0d9-d9c4e45f8058" />
    <UnitTestResult executionId="4e51b25c-a0ef-4272-8142-64ec81ccbe0f" testId="c3d3ae7a-239a-4291-a417-745b0e57a79e" testName="FormatToStringTest1000 (2937.138486199611,2937.14 zł)" computerName="DESKTOP-5URQ9PB" duration="00:00:00.0000061" startTime="2022-06-13T21:11:26.3675958+02:00" endTime="2022-06-13T21:11:26.3676696+02:00" testType="13cdc9d9-ddb5-4fa4-a97d-d965ccfc6d4b" outcome="Passed" testListId="8c84fa94-04c1-424b-9868-57a2d4851a1d" relativeResultsDirectory="4e51b25c-a0ef-4272-8142-64ec81ccbe0f" />
    <UnitTestResult executionId="0e7aac88-dcd0-40a1-a7bf-a3d070b0ebd3" testId="fa5786ef-2d47-43de-a6b7-2bc3185b9699" testName="FormatToStringTest1000 (24825.207513729205,24825.21 zł)" computerName="DESKTOP-5URQ9PB" duration="00:00:00.0000063" startTime="2022-06-13T21:11:26.5429684+02:00" endTime="2022-06-13T21:11:26.5430357+02:00" testType="13cdc9d9-ddb5-4fa4-a97d-d965ccfc6d4b" outcome="Passed" testListId="8c84fa94-04c1-424b-9868-57a2d4851a1d" relativeResultsDirectory="0e7aac88-dcd0-40a1-a7bf-a3d070b0ebd3" />
    <UnitTestResult executionId="0597cc2c-e0c9-4afe-94c5-03bce5daf9db" testId="4d9df004-ea32-432b-8070-0b79304403ed" testName="FormatToStringTest1000 (10495.622655484185,10495.62 zł)" computerName="DESKTOP-5URQ9PB" duration="00:00:00.0000062" startTime="2022-06-13T21:11:26.5972809+02:00" endTime="2022-06-13T21:11:26.5973525+02:00" testType="13cdc9d9-ddb5-4fa4-a97d-d965ccfc6d4b" outcome="Passed" testListId="8c84fa94-04c1-424b-9868-57a2d4851a1d" relativeResultsDirectory="0597cc2c-e0c9-4afe-94c5-03bce5daf9db" />
    <UnitTestResult executionId="19ce6794-d32c-46c7-b0c0-94d475d2d22d" testId="c60f5a32-a436-4299-9fd4-f9c4cf383768" testName="FormatToStringTest1000 (21693.340115174808,21693.34 zł)" computerName="DESKTOP-5URQ9PB" duration="00:00:00.0000062" startTime="2022-06-13T21:11:26.5254278+02:00" endTime="2022-06-13T21:11:26.5254953+02:00" testType="13cdc9d9-ddb5-4fa4-a97d-d965ccfc6d4b" outcome="Passed" testListId="8c84fa94-04c1-424b-9868-57a2d4851a1d" relativeResultsDirectory="19ce6794-d32c-46c7-b0c0-94d475d2d22d" />
    <UnitTestResult executionId="a6ed9b76-f249-41a2-847a-bc70e89d93a5" testId="0b18f422-0c07-4e02-ac5f-b0f6a44b35ec" testName="FormatToStringTest1000 (6035.818653228608,6035.82 zł)" computerName="DESKTOP-5URQ9PB" duration="00:00:00.0000061" startTime="2022-06-13T21:11:26.4612672+02:00" endTime="2022-06-13T21:11:26.4613429+02:00" testType="13cdc9d9-ddb5-4fa4-a97d-d965ccfc6d4b" outcome="Passed" testListId="8c84fa94-04c1-424b-9868-57a2d4851a1d" relativeResultsDirectory="a6ed9b76-f249-41a2-847a-bc70e89d93a5" />
    <UnitTestResult executionId="cda7cf81-a233-40be-a805-1272db959203" testId="5cc58165-a4ee-42c8-8e7b-0b1086a6609a" testName="FormatToStringTest1000 (34096.337879508894,34096.34 zł)" computerName="DESKTOP-5URQ9PB" duration="00:00:00.0000062" startTime="2022-06-13T21:11:26.3615183+02:00" endTime="2022-06-13T21:11:26.3615890+02:00" testType="13cdc9d9-ddb5-4fa4-a97d-d965ccfc6d4b" outcome="Passed" testListId="8c84fa94-04c1-424b-9868-57a2d4851a1d" relativeResultsDirectory="cda7cf81-a233-40be-a805-1272db959203" />
    <UnitTestResult executionId="68c8baca-4ea5-42af-af23-8f6e64a7a63f" testId="03507b49-8a6c-4611-848b-637401244328" testName="FormatToStringTest1000 (736.7398243680316,736.74 zł)" computerName="DESKTOP-5URQ9PB" duration="00:00:00.0000060" startTime="2022-06-13T21:11:26.3612393+02:00" endTime="2022-06-13T21:11:26.3613035+02:00" testType="13cdc9d9-ddb5-4fa4-a97d-d965ccfc6d4b" outcome="Passed" testListId="8c84fa94-04c1-424b-9868-57a2d4851a1d" relativeResultsDirectory="68c8baca-4ea5-42af-af23-8f6e64a7a63f" />
    <UnitTestResult executionId="7eaf9daf-c663-4ea7-9df0-e7b4e861fc64" testId="a80e0c1d-0294-4d77-9933-57522eb913cc" testName="FormatToStringTest1000 (19189.32381924117,19189.32 zł)" computerName="DESKTOP-5URQ9PB" duration="00:00:00.0000071" startTime="2022-06-13T21:11:26.4312671+02:00" endTime="2022-06-13T21:11:26.4313570+02:00" testType="13cdc9d9-ddb5-4fa4-a97d-d965ccfc6d4b" outcome="Passed" testListId="8c84fa94-04c1-424b-9868-57a2d4851a1d" relativeResultsDirectory="7eaf9daf-c663-4ea7-9df0-e7b4e861fc64" />
    <UnitTestResult executionId="14780a70-2628-4f7b-bb6d-09d6e923d9f4" testId="aa542f0f-0a42-456c-bfb5-d4813424747f" testName="FormatToStringTest1000 (8347.417790138823,8347.42 zł)" computerName="DESKTOP-5URQ9PB" duration="00:00:00.0000062" startTime="2022-06-13T21:11:26.6198801+02:00" endTime="2022-06-13T21:11:26.6199444+02:00" testType="13cdc9d9-ddb5-4fa4-a97d-d965ccfc6d4b" outcome="Passed" testListId="8c84fa94-04c1-424b-9868-57a2d4851a1d" relativeResultsDirectory="14780a70-2628-4f7b-bb6d-09d6e923d9f4" />
    <UnitTestResult executionId="456f8546-0b4d-4d6e-8509-86a90e5809e8" testId="229df4fa-24fb-4371-84d1-6cf6a7440f4d" testName="FormatToStringTest1000 (64490.52771614982,64490.53 zł)" computerName="DESKTOP-5URQ9PB" duration="00:00:00.0000062" startTime="2022-06-13T21:11:26.4940424+02:00" endTime="2022-06-13T21:11:26.4941090+02:00" testType="13cdc9d9-ddb5-4fa4-a97d-d965ccfc6d4b" outcome="Passed" testListId="8c84fa94-04c1-424b-9868-57a2d4851a1d" relativeResultsDirectory="456f8546-0b4d-4d6e-8509-86a90e5809e8" />
    <UnitTestResult executionId="bfb7c828-fe3b-4ff7-981f-18fdf8831825" testId="64fa3ac2-c21e-47e8-aa83-a5bf06c21578" testName="FormatToStringTest1000 (151.50737175275916,151.51 zł)" computerName="DESKTOP-5URQ9PB" duration="00:00:00.0000061" startTime="2022-06-13T21:11:26.7028696+02:00" endTime="2022-06-13T21:11:26.7029343+02:00" testType="13cdc9d9-ddb5-4fa4-a97d-d965ccfc6d4b" outcome="Passed" testListId="8c84fa94-04c1-424b-9868-57a2d4851a1d" relativeResultsDirectory="bfb7c828-fe3b-4ff7-981f-18fdf8831825" />
    <UnitTestResult executionId="334e8234-9ab3-4b81-9198-12a775dfd8df" testId="d69e6d63-f240-4e1e-ad31-53fe28e9926c" testName="FormatToStringTest1000 (29474.095826699442,29474.10 zł)" computerName="DESKTOP-5URQ9PB" duration="00:00:00.0000073" startTime="2022-06-13T21:11:26.7022682+02:00" endTime="2022-06-13T21:11:26.7023384+02:00" testType="13cdc9d9-ddb5-4fa4-a97d-d965ccfc6d4b" outcome="Passed" testListId="8c84fa94-04c1-424b-9868-57a2d4851a1d" relativeResultsDirectory="334e8234-9ab3-4b81-9198-12a775dfd8df" />
    <UnitTestResult executionId="4955d7a4-6217-43b4-9af8-392353b51db0" testId="0f984d03-ab0b-4fff-ad7d-3db3b8d0e159" testName="FormatToStringTest1000 (77919.64716867341,77919.65 zł)" computerName="DESKTOP-5URQ9PB" duration="00:00:00.0000061" startTime="2022-06-13T21:11:26.4349934+02:00" endTime="2022-06-13T21:11:26.4350596+02:00" testType="13cdc9d9-ddb5-4fa4-a97d-d965ccfc6d4b" outcome="Passed" testListId="8c84fa94-04c1-424b-9868-57a2d4851a1d" relativeResultsDirectory="4955d7a4-6217-43b4-9af8-392353b51db0" />
    <UnitTestResult executionId="0d0fbccf-b20d-47b8-9d46-974b45fe91cd" testId="a8505f83-400b-4b7a-b814-d076a84db4ed" testName="FormatToStringTest1000 (1482.3501845832682,1482.35 zł)" computerName="DESKTOP-5URQ9PB" duration="00:00:00.0000060" startTime="2022-06-13T21:11:26.6544557+02:00" endTime="2022-06-13T21:11:26.6545201+02:00" testType="13cdc9d9-ddb5-4fa4-a97d-d965ccfc6d4b" outcome="Passed" testListId="8c84fa94-04c1-424b-9868-57a2d4851a1d" relativeResultsDirectory="0d0fbccf-b20d-47b8-9d46-974b45fe91cd" />
    <UnitTestResult executionId="32ae066e-9f4f-4d9e-b7d4-989324bf7323" testId="abb0cade-d4b6-411a-a1fc-1fdbe541d663" testName="FormatToStringTest1000 (73372.53853826903,73372.54 zł)" computerName="DESKTOP-5URQ9PB" duration="00:00:00.0000066" startTime="2022-06-13T21:11:26.4349092+02:00" endTime="2022-06-13T21:11:26.4349755+02:00" testType="13cdc9d9-ddb5-4fa4-a97d-d965ccfc6d4b" outcome="Passed" testListId="8c84fa94-04c1-424b-9868-57a2d4851a1d" relativeResultsDirectory="32ae066e-9f4f-4d9e-b7d4-989324bf7323" />
    <UnitTestResult executionId="f3f6e930-c45a-420e-86f0-b47939c836ca" testId="fbc3b1b3-9762-43f0-8514-8462b3856e51" testName="FormatToStringTest1000 (45930.2386782068,45930.24 zł)" computerName="DESKTOP-5URQ9PB" duration="00:00:00.0000065" startTime="2022-06-13T21:11:26.3802474+02:00" endTime="2022-06-13T21:11:26.3803167+02:00" testType="13cdc9d9-ddb5-4fa4-a97d-d965ccfc6d4b" outcome="Passed" testListId="8c84fa94-04c1-424b-9868-57a2d4851a1d" relativeResultsDirectory="f3f6e930-c45a-420e-86f0-b47939c836ca" />
    <UnitTestResult executionId="349ef0eb-2ba7-4733-9740-b3ac84ea64ea" testId="2f7b7f99-6b01-44d3-b3e6-ad663da27846" testName="FormatToStringTest1000 (57564.498126061866,57564.50 zł)" computerName="DESKTOP-5URQ9PB" duration="00:00:00.0000059" startTime="2022-06-13T21:11:26.3956595+02:00" endTime="2022-06-13T21:11:26.3957239+02:00" testType="13cdc9d9-ddb5-4fa4-a97d-d965ccfc6d4b" outcome="Passed" testListId="8c84fa94-04c1-424b-9868-57a2d4851a1d" relativeResultsDirectory="349ef0eb-2ba7-4733-9740-b3ac84ea64ea" />
    <UnitTestResult executionId="4aece0c7-d338-4061-8a60-939f55327fbe" testId="e3d30020-5cac-437e-8d54-3c0c815d7092" testName="FormatToStringTest1000 (45340.017357165,45340.02 zł)" computerName="DESKTOP-5URQ9PB" duration="00:00:00.0000068" startTime="2022-06-13T21:11:26.5185708+02:00" endTime="2022-06-13T21:11:26.5186375+02:00" testType="13cdc9d9-ddb5-4fa4-a97d-d965ccfc6d4b" outcome="Passed" testListId="8c84fa94-04c1-424b-9868-57a2d4851a1d" relativeResultsDirectory="4aece0c7-d338-4061-8a60-939f55327fbe" />
    <UnitTestResult executionId="6a511e4a-5348-4110-a859-87202000a1fb" testId="a307039a-92dc-415a-b720-ed368748d267" testName="FormatToStringTest1000 (9624.06628225188,9624.07 zł)" computerName="DESKTOP-5URQ9PB" duration="00:00:00.0000064" startTime="2022-06-13T21:11:26.6354057+02:00" endTime="2022-06-13T21:11:26.6354690+02:00" testType="13cdc9d9-ddb5-4fa4-a97d-d965ccfc6d4b" outcome="Passed" testListId="8c84fa94-04c1-424b-9868-57a2d4851a1d" relativeResultsDirectory="6a511e4a-5348-4110-a859-87202000a1fb" />
    <UnitTestResult executionId="77e952b3-650c-4001-9762-aed60b01df00" testId="81dbedbf-817c-4610-884a-7c3245457060" testName="FormatToStringTest1000 (66723.3293191657,66723.33 zł)" computerName="DESKTOP-5URQ9PB" duration="00:00:00.0000061" startTime="2022-06-13T21:11:26.4182648+02:00" endTime="2022-06-13T21:11:26.4183272+02:00" testType="13cdc9d9-ddb5-4fa4-a97d-d965ccfc6d4b" outcome="Passed" testListId="8c84fa94-04c1-424b-9868-57a2d4851a1d" relativeResultsDirectory="77e952b3-650c-4001-9762-aed60b01df00" />
    <UnitTestResult executionId="5d89633a-b803-4416-94bb-e6f914f08ab8" testId="0ef2499a-0161-4d7c-a155-ae6f85ea6233" testName="FormatToStringTest1000 (28306.369434126827,28306.37 zł)" computerName="DESKTOP-5URQ9PB" duration="00:00:00.0000064" startTime="2022-06-13T21:11:26.6912143+02:00" endTime="2022-06-13T21:11:26.6912806+02:00" testType="13cdc9d9-ddb5-4fa4-a97d-d965ccfc6d4b" outcome="Passed" testListId="8c84fa94-04c1-424b-9868-57a2d4851a1d" relativeResultsDirectory="5d89633a-b803-4416-94bb-e6f914f08ab8" />
    <UnitTestResult executionId="600a1014-27eb-4f62-9e4c-281cf3a0a38e" testId="4e75443d-71c5-472b-9831-bc7720778599" testName="FormatToStringTest1000 (39178.05988345298,39178.06 zł)" computerName="DESKTOP-5URQ9PB" duration="00:00:00.0000153" startTime="2022-06-13T21:11:26.3702656+02:00" endTime="2022-06-13T21:11:26.3703495+02:00" testType="13cdc9d9-ddb5-4fa4-a97d-d965ccfc6d4b" outcome="Passed" testListId="8c84fa94-04c1-424b-9868-57a2d4851a1d" relativeResultsDirectory="600a1014-27eb-4f62-9e4c-281cf3a0a38e" />
    <UnitTestResult executionId="c24537b2-a9bc-4342-acd2-1d9acacda4b0" testId="4e20f2da-1de0-430c-8a5b-d1bdd295a9c2" testName="FormatToStringTest1000 (5507.360659962688,5507.36 zł)" computerName="DESKTOP-5URQ9PB" duration="00:00:00.0000067" startTime="2022-06-13T21:11:26.6913939+02:00" endTime="2022-06-13T21:11:26.6914601+02:00" testType="13cdc9d9-ddb5-4fa4-a97d-d965ccfc6d4b" outcome="Passed" testListId="8c84fa94-04c1-424b-9868-57a2d4851a1d" relativeResultsDirectory="c24537b2-a9bc-4342-acd2-1d9acacda4b0" />
    <UnitTestResult executionId="819c53eb-7159-4ad2-97bd-961606a644a4" testId="63b7b1c2-a9c2-4ee1-b599-c78db37e5ccd" testName="FormatToStringTest1000 (50664.01951024869,50664.02 zł)" computerName="DESKTOP-5URQ9PB" duration="00:00:00.0000062" startTime="2022-06-13T21:11:26.5948336+02:00" endTime="2022-06-13T21:11:26.5948989+02:00" testType="13cdc9d9-ddb5-4fa4-a97d-d965ccfc6d4b" outcome="Passed" testListId="8c84fa94-04c1-424b-9868-57a2d4851a1d" relativeResultsDirectory="819c53eb-7159-4ad2-97bd-961606a644a4" />
    <UnitTestResult executionId="3176f113-aac9-46f3-a24a-2b336cc9225a" testId="d640ba96-4fec-4cbd-ab3a-9335f19785b5" testName="FormatToStringTest1000 (48449.85582609189,48449.86 zł)" computerName="DESKTOP-5URQ9PB" duration="00:00:00.0000063" startTime="2022-06-13T21:11:26.5782611+02:00" endTime="2022-06-13T21:11:26.5783264+02:00" testType="13cdc9d9-ddb5-4fa4-a97d-d965ccfc6d4b" outcome="Passed" testListId="8c84fa94-04c1-424b-9868-57a2d4851a1d" relativeResultsDirectory="3176f113-aac9-46f3-a24a-2b336cc9225a" />
    <UnitTestResult executionId="71ac0a05-7cba-458a-9cfc-063f271de969" testId="088045eb-f5a3-420c-8058-06524d10b7c1" testName="FormatToStringTest1000 (46607.970025941715,46607.97 zł)" computerName="DESKTOP-5URQ9PB" duration="00:00:00.0000062" startTime="2022-06-13T21:11:26.4939562+02:00" endTime="2022-06-13T21:11:26.4940239+02:00" testType="13cdc9d9-ddb5-4fa4-a97d-d965ccfc6d4b" outcome="Passed" testListId="8c84fa94-04c1-424b-9868-57a2d4851a1d" relativeResultsDirectory="71ac0a05-7cba-458a-9cfc-063f271de969" />
    <UnitTestResult executionId="102c87eb-032e-43d6-b39f-59e8c3255d2d" testId="b8377cfe-66fc-488e-a717-8d43770ac1f0" testName="FormatToStringTest1000 (740.3213011405064,740.32 zł)" computerName="DESKTOP-5URQ9PB" duration="00:00:00.0000059" startTime="2022-06-13T21:11:26.3549083+02:00" endTime="2022-06-13T21:11:26.3549731+02:00" testType="13cdc9d9-ddb5-4fa4-a97d-d965ccfc6d4b" outcome="Passed" testListId="8c84fa94-04c1-424b-9868-57a2d4851a1d" relativeResultsDirectory="102c87eb-032e-43d6-b39f-59e8c3255d2d" />
    <UnitTestResult executionId="0f0c264f-78b4-44bc-aff1-a7e6ed1227a1" testId="e5956ca2-3d7d-4782-a14a-7d927a4f3982" testName="FormatToStringTest1000 (5279.315995182524,5279.32 zł)" computerName="DESKTOP-5URQ9PB" duration="00:00:00.0000132" startTime="2022-06-13T21:11:26.5424835+02:00" endTime="2022-06-13T21:11:26.5426671+02:00" testType="13cdc9d9-ddb5-4fa4-a97d-d965ccfc6d4b" outcome="Passed" testListId="8c84fa94-04c1-424b-9868-57a2d4851a1d" relativeResultsDirectory="0f0c264f-78b4-44bc-aff1-a7e6ed1227a1" />
    <UnitTestResult executionId="0ee89570-89d6-48e0-b6ed-a6def3d3204a" testId="35efda82-b44a-4aa9-9397-7a9a75ffe744" testName="FormatToStringTest1000 (9196.579612724754,9196.58 zł)" computerName="DESKTOP-5URQ9PB" duration="00:00:00.0000063" startTime="2022-06-13T21:11:26.5432245+02:00" endTime="2022-06-13T21:11:26.5432920+02:00" testType="13cdc9d9-ddb5-4fa4-a97d-d965ccfc6d4b" outcome="Passed" testListId="8c84fa94-04c1-424b-9868-57a2d4851a1d" relativeResultsDirectory="0ee89570-89d6-48e0-b6ed-a6def3d3204a" />
    <UnitTestResult executionId="c59f1046-a893-4526-ac73-76efc2a25fd7" testId="c3accfce-3e30-4b50-bf46-ad8bf7b29902" testName="FormatToStringTest1000 (54275.73209373408,54275.73 zł)" computerName="DESKTOP-5URQ9PB" duration="00:00:00.0000062" startTime="2022-06-13T21:11:26.6632679+02:00" endTime="2022-06-13T21:11:26.6633316+02:00" testType="13cdc9d9-ddb5-4fa4-a97d-d965ccfc6d4b" outcome="Passed" testListId="8c84fa94-04c1-424b-9868-57a2d4851a1d" relativeResultsDirectory="c59f1046-a893-4526-ac73-76efc2a25fd7" />
    <UnitTestResult executionId="d3c3836a-2bed-4a1a-bc75-8f755dfdbdf3" testId="7405d04c-0d2e-4c8d-b609-7b69672b8216" testName="FormatToStringTest1000 (63507.32603545455,63507.33 zł)" computerName="DESKTOP-5URQ9PB" duration="00:00:00.0000062" startTime="2022-06-13T21:11:26.3708192+02:00" endTime="2022-06-13T21:11:26.3708900+02:00" testType="13cdc9d9-ddb5-4fa4-a97d-d965ccfc6d4b" outcome="Passed" testListId="8c84fa94-04c1-424b-9868-57a2d4851a1d" relativeResultsDirectory="d3c3836a-2bed-4a1a-bc75-8f755dfdbdf3" />
    <UnitTestResult executionId="d8645fb7-c00e-4e29-8a37-ca9348a94071" testId="ab4d1e03-d8f7-4a96-a99e-fdddd4876f7f" testName="FormatToStringTest1000 (90187.4082624374,90187.41 zł)" computerName="DESKTOP-5URQ9PB" duration="00:00:00.0000063" startTime="2022-06-13T21:11:26.7093495+02:00" endTime="2022-06-13T21:11:26.7094131+02:00" testType="13cdc9d9-ddb5-4fa4-a97d-d965ccfc6d4b" outcome="Passed" testListId="8c84fa94-04c1-424b-9868-57a2d4851a1d" relativeResultsDirectory="d8645fb7-c00e-4e29-8a37-ca9348a94071" />
    <UnitTestResult executionId="73f43cf3-4760-45f4-afc7-dd68d000c048" testId="ae325a05-c0fa-4b97-a672-534c49f88583" testName="FormatToStringTest1000 (2929.267390865026,2929.27 zł)" computerName="DESKTOP-5URQ9PB" duration="00:00:00.0000123" startTime="2022-06-13T21:11:26.6758696+02:00" endTime="2022-06-13T21:11:26.6760171+02:00" testType="13cdc9d9-ddb5-4fa4-a97d-d965ccfc6d4b" outcome="Passed" testListId="8c84fa94-04c1-424b-9868-57a2d4851a1d" relativeResultsDirectory="73f43cf3-4760-45f4-afc7-dd68d000c048" />
    <UnitTestResult executionId="b8be0d3f-1836-4a6a-9cbe-4d31b355104b" testId="1234b465-5013-4d7d-88f9-6f3c17d3f74f" testName="FormatToStringTest1000 (8582.709131852587,8582.71 zł)" computerName="DESKTOP-5URQ9PB" duration="00:00:00.0000063" startTime="2022-06-13T21:11:26.6230812+02:00" endTime="2022-06-13T21:11:26.6231451+02:00" testType="13cdc9d9-ddb5-4fa4-a97d-d965ccfc6d4b" outcome="Passed" testListId="8c84fa94-04c1-424b-9868-57a2d4851a1d" relativeResultsDirectory="b8be0d3f-1836-4a6a-9cbe-4d31b355104b" />
    <UnitTestResult executionId="feaa96cf-19b9-4136-ab7b-bbb7e33adf15" testId="bf269c8a-ca9e-4952-a2e7-b437845e6a4a" testName="FormatToStringTest1000 (37589.670531794276,37589.67 zł)" computerName="DESKTOP-5URQ9PB" duration="00:00:00.0000061" startTime="2022-06-13T21:11:26.3498175+02:00" endTime="2022-06-13T21:11:26.3498879+02:00" testType="13cdc9d9-ddb5-4fa4-a97d-d965ccfc6d4b" outcome="Passed" testListId="8c84fa94-04c1-424b-9868-57a2d4851a1d" relativeResultsDirectory="feaa96cf-19b9-4136-ab7b-bbb7e33adf15" />
    <UnitTestResult executionId="f3fd4ca8-14e3-48d7-8779-3f7e7021e590" testId="1e59b32e-5296-41ae-9624-42b39ebc52c8" testName="FormatToStringTest1000 (30360.993128030557,30360.99 zł)" computerName="DESKTOP-5URQ9PB" duration="00:00:00.0000065" startTime="2022-06-13T21:11:26.7150303+02:00" endTime="2022-06-13T21:11:26.7150971+02:00" testType="13cdc9d9-ddb5-4fa4-a97d-d965ccfc6d4b" outcome="Passed" testListId="8c84fa94-04c1-424b-9868-57a2d4851a1d" relativeResultsDirectory="f3fd4ca8-14e3-48d7-8779-3f7e7021e590" />
    <UnitTestResult executionId="0775306d-6a39-4f79-b706-a3f5d065661e" testId="cdd6b240-5102-424f-87c7-fc8ef2d85855" testName="FormatToStringTest1000 (18340.935049000167,18340.94 zł)" computerName="DESKTOP-5URQ9PB" duration="00:00:00.0000060" startTime="2022-06-13T21:11:26.4096450+02:00" endTime="2022-06-13T21:11:26.4097093+02:00" testType="13cdc9d9-ddb5-4fa4-a97d-d965ccfc6d4b" outcome="Passed" testListId="8c84fa94-04c1-424b-9868-57a2d4851a1d" relativeResultsDirectory="0775306d-6a39-4f79-b706-a3f5d065661e" />
    <UnitTestResult executionId="20ef82ae-59fb-4e11-b9a3-3a36c5b79d8a" testId="32394f53-c09e-4232-b295-4d96d9eb08d1" testName="FormatToStringTest1000 (19216.446905020366,19216.45 zł)" computerName="DESKTOP-5URQ9PB" duration="00:00:00.0000059" startTime="2022-06-13T21:11:26.3866278+02:00" endTime="2022-06-13T21:11:26.3866919+02:00" testType="13cdc9d9-ddb5-4fa4-a97d-d965ccfc6d4b" outcome="Passed" testListId="8c84fa94-04c1-424b-9868-57a2d4851a1d" relativeResultsDirectory="20ef82ae-59fb-4e11-b9a3-3a36c5b79d8a" />
    <UnitTestResult executionId="e892a7cc-ff0c-49b1-82a5-27df5956b45c" testId="a5c52c54-0c02-4a4f-bef8-6be8c97c3970" testName="FormatToStringTest1000 (50956.25028206606,50956.25 zł)" computerName="DESKTOP-5URQ9PB" duration="00:00:00.0000061" startTime="2022-06-13T21:11:26.4124572+02:00" endTime="2022-06-13T21:11:26.4125219+02:00" testType="13cdc9d9-ddb5-4fa4-a97d-d965ccfc6d4b" outcome="Passed" testListId="8c84fa94-04c1-424b-9868-57a2d4851a1d" relativeResultsDirectory="e892a7cc-ff0c-49b1-82a5-27df5956b45c" />
    <UnitTestResult executionId="aa1134f4-02e8-44b9-8f87-857248ecd95e" testId="000ca813-4e31-479e-a9a9-8582887c7e09" testName="FormatToStringTest1000 (45070.5442499493,45070.54 zł)" computerName="DESKTOP-5URQ9PB" duration="00:00:00.0000064" startTime="2022-06-13T21:11:26.6354862+02:00" endTime="2022-06-13T21:11:26.6355485+02:00" testType="13cdc9d9-ddb5-4fa4-a97d-d965ccfc6d4b" outcome="Passed" testListId="8c84fa94-04c1-424b-9868-57a2d4851a1d" relativeResultsDirectory="aa1134f4-02e8-44b9-8f87-857248ecd95e" />
    <UnitTestResult executionId="6ada1308-6a6c-4095-8780-3b2e7a4e7883" testId="324d7b1b-a724-46ec-a0c7-d614c3072eac" testName="FormatToStringTest1000 (35967.54466809684,35967.54 zł)" computerName="DESKTOP-5URQ9PB" duration="00:00:00.0000061" startTime="2022-06-13T21:11:26.6196336+02:00" endTime="2022-06-13T21:11:26.6196986+02:00" testType="13cdc9d9-ddb5-4fa4-a97d-d965ccfc6d4b" outcome="Passed" testListId="8c84fa94-04c1-424b-9868-57a2d4851a1d" relativeResultsDirectory="6ada1308-6a6c-4095-8780-3b2e7a4e7883" />
    <UnitTestResult executionId="b66816cc-7775-4787-9118-4da9f44a8cdf" testId="3b78b11f-091f-4ed0-9e9f-b2c2aa9246d9" testName="FormatToStringTest1000 (33251.41907856028,33251.42 zł)" computerName="DESKTOP-5URQ9PB" duration="00:00:00.0000060" startTime="2022-06-13T21:11:26.3899116+02:00" endTime="2022-06-13T21:11:26.3899763+02:00" testType="13cdc9d9-ddb5-4fa4-a97d-d965ccfc6d4b" outcome="Passed" testListId="8c84fa94-04c1-424b-9868-57a2d4851a1d" relativeResultsDirectory="b66816cc-7775-4787-9118-4da9f44a8cdf" />
    <UnitTestResult executionId="30e4b2cb-bb25-4ee8-b4c4-dedca34d73ba" testId="75dad2a2-091e-48a3-b73b-1dc832dfb818" testName="FormatToStringTest1000 (36978.61073549213,36978.61 zł)" computerName="DESKTOP-5URQ9PB" duration="00:00:00.0000061" startTime="2022-06-13T21:11:26.6325240+02:00" endTime="2022-06-13T21:11:26.6325891+02:00" testType="13cdc9d9-ddb5-4fa4-a97d-d965ccfc6d4b" outcome="Passed" testListId="8c84fa94-04c1-424b-9868-57a2d4851a1d" relativeResultsDirectory="30e4b2cb-bb25-4ee8-b4c4-dedca34d73ba" />
    <UnitTestResult executionId="3187d7b7-c15c-4df4-84ab-a166543cc0b9" testId="6cbc992e-da88-45df-a21d-702ccd135ba8" testName="FormatToStringTest1000 (60017.857676936714,60017.86 zł)" computerName="DESKTOP-5URQ9PB" duration="00:00:00.0000069" startTime="2022-06-13T21:11:26.7057885+02:00" endTime="2022-06-13T21:11:26.7058703+02:00" testType="13cdc9d9-ddb5-4fa4-a97d-d965ccfc6d4b" outcome="Passed" testListId="8c84fa94-04c1-424b-9868-57a2d4851a1d" relativeResultsDirectory="3187d7b7-c15c-4df4-84ab-a166543cc0b9" />
    <UnitTestResult executionId="a223ea40-c46e-4511-a2b3-1ccc80c3e823" testId="ae2f8570-d346-4c06-8174-bd84eeed1240" testName="FormatToStringTest1000 (16825.83099003268,16825.83 zł)" computerName="DESKTOP-5URQ9PB" duration="00:00:00.0000062" startTime="2022-06-13T21:11:26.6096639+02:00" endTime="2022-06-13T21:11:26.6097283+02:00" testType="13cdc9d9-ddb5-4fa4-a97d-d965ccfc6d4b" outcome="Passed" testListId="8c84fa94-04c1-424b-9868-57a2d4851a1d" relativeResultsDirectory="a223ea40-c46e-4511-a2b3-1ccc80c3e823" />
    <UnitTestResult executionId="5adf265c-5736-4897-82ad-6d987b5dc70b" testId="381a04d0-bd73-45fa-9782-927f6da51bf7" testName="FormatToStringTest1000 (25084.19182667238,25084.19 zł)" computerName="DESKTOP-5URQ9PB" duration="00:00:00.0000083" startTime="2022-06-13T21:11:26.6686050+02:00" endTime="2022-06-13T21:11:26.6687020+02:00" testType="13cdc9d9-ddb5-4fa4-a97d-d965ccfc6d4b" outcome="Passed" testListId="8c84fa94-04c1-424b-9868-57a2d4851a1d" relativeResultsDirectory="5adf265c-5736-4897-82ad-6d987b5dc70b" />
    <UnitTestResult executionId="b306420d-2e5b-455e-aa9b-17574fea499c" testId="51201126-76e4-41e9-93b9-eda985c23209" testName="FormatToStringTest1000 (95071.15957335343,95071.16 zł)" computerName="DESKTOP-5URQ9PB" duration="00:00:00.0000077" startTime="2022-06-13T21:11:26.6000189+02:00" endTime="2022-06-13T21:11:26.6001116+02:00" testType="13cdc9d9-ddb5-4fa4-a97d-d965ccfc6d4b" outcome="Passed" testListId="8c84fa94-04c1-424b-9868-57a2d4851a1d" relativeResultsDirectory="b306420d-2e5b-455e-aa9b-17574fea499c" />
    <UnitTestResult executionId="0ab81ab3-6ce7-41fc-8307-357cd37f9632" testId="609198be-23b0-4629-9d8f-33dec4ac7bb0" testName="FormatToStringTest1000 (18023.78504577455,18023.79 zł)" computerName="DESKTOP-5URQ9PB" duration="00:00:00.0000067" startTime="2022-06-13T21:11:26.4287403+02:00" endTime="2022-06-13T21:11:26.4288070+02:00" testType="13cdc9d9-ddb5-4fa4-a97d-d965ccfc6d4b" outcome="Passed" testListId="8c84fa94-04c1-424b-9868-57a2d4851a1d" relativeResultsDirectory="0ab81ab3-6ce7-41fc-8307-357cd37f9632" />
    <UnitTestResult executionId="8952325d-8773-487c-a22e-e8dd1a98f06a" testId="b3d60164-71ab-457c-b4aa-7c8e59ee914f" testName="FormatToStringTest1000 (2039.440966411699,2039.44 zł)" computerName="DESKTOP-5URQ9PB" duration="00:00:00.0000063" startTime="2022-06-13T21:11:26.4222158+02:00" endTime="2022-06-13T21:11:26.4222876+02:00" testType="13cdc9d9-ddb5-4fa4-a97d-d965ccfc6d4b" outcome="Passed" testListId="8c84fa94-04c1-424b-9868-57a2d4851a1d" relativeResultsDirectory="8952325d-8773-487c-a22e-e8dd1a98f06a" />
    <UnitTestResult executionId="4b8e0e8e-cef4-4174-b1ef-19da1d6a275b" testId="1b970060-6f47-4691-b3e5-01a0a76b7086" testName="FormatToStringTest1000 (2216.881526520886,2216.88 zł)" computerName="DESKTOP-5URQ9PB" duration="00:00:00.0000061" startTime="2022-06-13T21:11:26.6099092+02:00" endTime="2022-06-13T21:11:26.6099732+02:00" testType="13cdc9d9-ddb5-4fa4-a97d-d965ccfc6d4b" outcome="Passed" testListId="8c84fa94-04c1-424b-9868-57a2d4851a1d" relativeResultsDirectory="4b8e0e8e-cef4-4174-b1ef-19da1d6a275b" />
    <UnitTestResult executionId="aabfbb28-4ce5-4e80-a48d-52bf2a53fb27" testId="f3f70453-fccf-452d-8b13-f15aa35c5c57" testName="FormatToStringTest1000 (5140.16338917155,5140.16 zł)" computerName="DESKTOP-5URQ9PB" duration="00:00:00.0000064" startTime="2022-06-13T21:11:26.5886941+02:00" endTime="2022-06-13T21:11:26.5887609+02:00" testType="13cdc9d9-ddb5-4fa4-a97d-d965ccfc6d4b" outcome="Passed" testListId="8c84fa94-04c1-424b-9868-57a2d4851a1d" relativeResultsDirectory="aabfbb28-4ce5-4e80-a48d-52bf2a53fb27" />
    <UnitTestResult executionId="8f405ab3-22eb-47a8-a8f2-a44aeaf1a9c9" testId="70090a35-39fb-4948-8101-c5ecee164f11" testName="FormatToStringTest1000 (765.778932784581,765.78 zł)" computerName="DESKTOP-5URQ9PB" duration="00:00:00.0000064" startTime="2022-06-13T21:11:26.4848151+02:00" endTime="2022-06-13T21:11:26.4848797+02:00" testType="13cdc9d9-ddb5-4fa4-a97d-d965ccfc6d4b" outcome="Passed" testListId="8c84fa94-04c1-424b-9868-57a2d4851a1d" relativeResultsDirectory="8f405ab3-22eb-47a8-a8f2-a44aeaf1a9c9" />
    <UnitTestResult executionId="ad76d867-9216-460d-b85b-0064fe43a166" testId="0f2ba437-9298-4c20-b7de-79f4cd6eda13" testName="FormatToStringTest1000 (66764.31690498316,66764.32 zł)" computerName="DESKTOP-5URQ9PB" duration="00:00:00.0000064" startTime="2022-06-13T21:11:26.4935587+02:00" endTime="2022-06-13T21:11:26.4936265+02:00" testType="13cdc9d9-ddb5-4fa4-a97d-d965ccfc6d4b" outcome="Passed" testListId="8c84fa94-04c1-424b-9868-57a2d4851a1d" relativeResultsDirectory="ad76d867-9216-460d-b85b-0064fe43a166" />
    <UnitTestResult executionId="f723bfd1-2b24-4711-abab-5a05d0eecd96" testId="b213dcd3-7a84-449f-991e-1f576816dd45" testName="FormatToStringTest1000 (26215.613055301183,26215.61 zł)" computerName="DESKTOP-5URQ9PB" duration="00:00:00.0000065" startTime="2022-06-13T21:11:26.5781791+02:00" endTime="2022-06-13T21:11:26.5782440+02:00" testType="13cdc9d9-ddb5-4fa4-a97d-d965ccfc6d4b" outcome="Passed" testListId="8c84fa94-04c1-424b-9868-57a2d4851a1d" relativeResultsDirectory="f723bfd1-2b24-4711-abab-5a05d0eecd96" />
    <UnitTestResult executionId="7abf1a9f-8a8e-4390-9895-d4910dca8d67" testId="b3842833-d0f2-4319-962b-e12e445921a8" testName="FormatToStringTest1000 (61324.33752458279,61324.34 zł)" computerName="DESKTOP-5URQ9PB" duration="00:00:00.0000060" startTime="2022-06-13T21:11:26.4817343+02:00" endTime="2022-06-13T21:11:26.4818007+02:00" testType="13cdc9d9-ddb5-4fa4-a97d-d965ccfc6d4b" outcome="Passed" testListId="8c84fa94-04c1-424b-9868-57a2d4851a1d" relativeResultsDirectory="7abf1a9f-8a8e-4390-9895-d4910dca8d67" />
    <UnitTestResult executionId="52a6ffd6-f878-4198-bb68-9b17e6ab1dc6" testId="c924c7ac-72f6-4e90-86fa-2b209f70cd7f" testName="FormatToStringTest1000 (26220.382477706476,26220.38 zł)" computerName="DESKTOP-5URQ9PB" duration="00:00:00.0000062" startTime="2022-06-13T21:11:26.6602078+02:00" endTime="2022-06-13T21:11:26.6602725+02:00" testType="13cdc9d9-ddb5-4fa4-a97d-d965ccfc6d4b" outcome="Passed" testListId="8c84fa94-04c1-424b-9868-57a2d4851a1d" relativeResultsDirectory="52a6ffd6-f878-4198-bb68-9b17e6ab1dc6" />
    <UnitTestResult executionId="2c0fc076-cf22-463c-94c3-7a36ef6a194e" testId="2502ac42-0250-4ec6-8c2f-03817a4c3946" testName="FormatToStringTest1000 (34951.47290410077,34951.47 zł)" computerName="DESKTOP-5URQ9PB" duration="00:00:00.0000061" startTime="2022-06-13T21:11:26.4910828+02:00" endTime="2022-06-13T21:11:26.4911492+02:00" testType="13cdc9d9-ddb5-4fa4-a97d-d965ccfc6d4b" outcome="Passed" testListId="8c84fa94-04c1-424b-9868-57a2d4851a1d" relativeResultsDirectory="2c0fc076-cf22-463c-94c3-7a36ef6a194e" />
    <UnitTestResult executionId="af187671-72c1-4b09-98ec-e63ee5d3aed4" testId="afd8f863-ae06-4ffd-aba9-656b0fdd7654" testName="FormatToStringTest1000 (22666.13578912995,22666.14 zł)" computerName="DESKTOP-5URQ9PB" duration="00:00:00.0000074" startTime="2022-06-13T21:11:26.3499055+02:00" endTime="2022-06-13T21:11:26.3519812+02:00" testType="13cdc9d9-ddb5-4fa4-a97d-d965ccfc6d4b" outcome="Passed" testListId="8c84fa94-04c1-424b-9868-57a2d4851a1d" relativeResultsDirectory="af187671-72c1-4b09-98ec-e63ee5d3aed4" />
    <UnitTestResult executionId="6f0296d5-9576-4b16-acf2-5d7f9abf80a6" testId="3b03b9c1-731c-4a99-b834-a9e63689989c" testName="FormatToStringTest1000 (96022.24851977557,96022.25 zł)" computerName="DESKTOP-5URQ9PB" duration="00:00:00.0000063" startTime="2022-06-13T21:11:26.6228390+02:00" endTime="2022-06-13T21:11:26.6229035+02:00" testType="13cdc9d9-ddb5-4fa4-a97d-d965ccfc6d4b" outcome="Passed" testListId="8c84fa94-04c1-424b-9868-57a2d4851a1d" relativeResultsDirectory="6f0296d5-9576-4b16-acf2-5d7f9abf80a6" />
    <UnitTestResult executionId="b337ec96-bc88-4319-b060-755700e6a108" testId="8a3e72b2-38ae-49a6-b944-29548efebae2" testName="FormatToStringTest1000 (20146.183073329827,20146.18 zł)" computerName="DESKTOP-5URQ9PB" duration="00:00:00.0000060" startTime="2022-06-13T21:11:26.4125393+02:00" endTime="2022-06-13T21:11:26.4126035+02:00" testType="13cdc9d9-ddb5-4fa4-a97d-d965ccfc6d4b" outcome="Passed" testListId="8c84fa94-04c1-424b-9868-57a2d4851a1d" relativeResultsDirectory="b337ec96-bc88-4319-b060-755700e6a108" />
    <UnitTestResult executionId="68851ad0-1c8c-440d-9bfe-bf36adac1129" testId="f3d371e2-402b-4945-8d7f-6c2e45218bfb" testName="FormatToStringTest1000 (22291.653251342315,22291.65 zł)" computerName="DESKTOP-5URQ9PB" duration="00:00:00.0000113" startTime="2022-06-13T21:11:26.3492620+02:00" endTime="2022-06-13T21:11:26.3493493+02:00" testType="13cdc9d9-ddb5-4fa4-a97d-d965ccfc6d4b" outcome="Passed" testListId="8c84fa94-04c1-424b-9868-57a2d4851a1d" relativeResultsDirectory="68851ad0-1c8c-440d-9bfe-bf36adac1129" />
    <UnitTestResult executionId="514d5320-dc7d-454f-b07b-a6d4a89a80ee" testId="122f942c-5501-4feb-941c-078c1d879621" testName="FormatToStringTest1000 (11584.045280779732,11584.05 zł)" computerName="DESKTOP-5URQ9PB" duration="00:00:00.0000063" startTime="2022-06-13T21:11:26.6411490+02:00" endTime="2022-06-13T21:11:26.6412141+02:00" testType="13cdc9d9-ddb5-4fa4-a97d-d965ccfc6d4b" outcome="Passed" testListId="8c84fa94-04c1-424b-9868-57a2d4851a1d" relativeResultsDirectory="514d5320-dc7d-454f-b07b-a6d4a89a80ee" />
    <UnitTestResult executionId="c107dd6d-e051-4db0-ba1f-2fb82e176851" testId="aacae01b-ce9e-40d1-ae37-d5da56a3f3cf" testName="FormatToStringTest1000 (3700.029953029021,3700.03 zł)" computerName="DESKTOP-5URQ9PB" duration="00:00:00.0000063" startTime="2022-06-13T21:11:26.4317176+02:00" endTime="2022-06-13T21:11:26.4317849+02:00" testType="13cdc9d9-ddb5-4fa4-a97d-d965ccfc6d4b" outcome="Passed" testListId="8c84fa94-04c1-424b-9868-57a2d4851a1d" relativeResultsDirectory="c107dd6d-e051-4db0-ba1f-2fb82e176851" />
    <UnitTestResult executionId="35b913fe-0a5a-41b2-bc53-f7c996d838ae" testId="b4d02d80-b748-48a9-b362-0a1a9baaf189" testName="FormatToStringTest1000 (63946.51014057478,63946.51 zł)" computerName="DESKTOP-5URQ9PB" duration="00:00:00.0000063" startTime="2022-06-13T21:11:26.5811859+02:00" endTime="2022-06-13T21:11:26.5812513+02:00" testType="13cdc9d9-ddb5-4fa4-a97d-d965ccfc6d4b" outcome="Passed" testListId="8c84fa94-04c1-424b-9868-57a2d4851a1d" relativeResultsDirectory="35b913fe-0a5a-41b2-bc53-f7c996d838ae" />
    <UnitTestResult executionId="f7f44601-2427-4168-9e95-c09ec6e690ed" testId="24bdf02c-f487-4b31-a666-112b42b4ee48" testName="FormatToStringTest1000 (2346.9964869427477,2347.00 zł)" computerName="DESKTOP-5URQ9PB" duration="00:00:00.0000062" startTime="2022-06-13T21:11:26.4740071+02:00" endTime="2022-06-13T21:11:26.4740738+02:00" testType="13cdc9d9-ddb5-4fa4-a97d-d965ccfc6d4b" outcome="Passed" testListId="8c84fa94-04c1-424b-9868-57a2d4851a1d" relativeResultsDirectory="f7f44601-2427-4168-9e95-c09ec6e690ed" />
    <UnitTestResult executionId="f1f2b6a3-58b4-4340-987d-7b54c19b88e0" testId="f770b3b8-7c6e-447a-b2e9-e349ad58fb9e" testName="FormatToStringTest1000 (2992.6161168593057,2992.62 zł)" computerName="DESKTOP-5URQ9PB" duration="00:00:00.0000063" startTime="2022-06-13T21:11:26.6511417+02:00" endTime="2022-06-13T21:11:26.6512070+02:00" testType="13cdc9d9-ddb5-4fa4-a97d-d965ccfc6d4b" outcome="Passed" testListId="8c84fa94-04c1-424b-9868-57a2d4851a1d" relativeResultsDirectory="f1f2b6a3-58b4-4340-987d-7b54c19b88e0" />
    <UnitTestResult executionId="241d2ec6-36bf-42db-a3bd-e1d0e9bed1d5" testId="2e943d07-4390-42bc-82ce-2f4024f8b07a" testName="FormatToStringTest1000 (3274.481392617096,3274.48 zł)" computerName="DESKTOP-5URQ9PB" duration="00:00:00.0000071" startTime="2022-06-13T21:11:26.5910999+02:00" endTime="2022-06-13T21:11:26.5911810+02:00" testType="13cdc9d9-ddb5-4fa4-a97d-d965ccfc6d4b" outcome="Passed" testListId="8c84fa94-04c1-424b-9868-57a2d4851a1d" relativeResultsDirectory="241d2ec6-36bf-42db-a3bd-e1d0e9bed1d5" />
    <UnitTestResult executionId="0fce89bf-4637-48a7-b37d-c92ccbe8f0f8" testId="5324c0ce-a608-40b9-abf6-24022d952750" testName="FormatToStringTest1000 (13046.352146307172,13046.35 zł)" computerName="DESKTOP-5URQ9PB" duration="00:00:00.0000120" startTime="2022-06-13T21:11:26.6882797+02:00" endTime="2022-06-13T21:11:26.6883508+02:00" testType="13cdc9d9-ddb5-4fa4-a97d-d965ccfc6d4b" outcome="Passed" testListId="8c84fa94-04c1-424b-9868-57a2d4851a1d" relativeResultsDirectory="0fce89bf-4637-48a7-b37d-c92ccbe8f0f8" />
    <UnitTestResult executionId="1bba07c8-8a57-478b-a3ce-b803d6c8df08" testId="cb86a826-836f-4175-9a12-5bc29fecf397" testName="FormatToStringTest1000 (32863.31705269558,32863.32 zł)" computerName="DESKTOP-5URQ9PB" duration="00:00:00.0000061" startTime="2022-06-13T21:11:26.6383752+02:00" endTime="2022-06-13T21:11:26.6384402+02:00" testType="13cdc9d9-ddb5-4fa4-a97d-d965ccfc6d4b" outcome="Passed" testListId="8c84fa94-04c1-424b-9868-57a2d4851a1d" relativeResultsDirectory="1bba07c8-8a57-478b-a3ce-b803d6c8df08" />
    <UnitTestResult executionId="5fa6b37a-0ec3-4855-be10-58b44ca2f52c" testId="73bfff70-cc20-4e2b-99c0-5e7855e64db2" testName="FormatToStringTest1000 (2897.9775426620513,2897.98 zł)" computerName="DESKTOP-5URQ9PB" duration="00:00:00.0000062" startTime="2022-06-13T21:11:26.6259161+02:00" endTime="2022-06-13T21:11:26.6259819+02:00" testType="13cdc9d9-ddb5-4fa4-a97d-d965ccfc6d4b" outcome="Passed" testListId="8c84fa94-04c1-424b-9868-57a2d4851a1d" relativeResultsDirectory="5fa6b37a-0ec3-4855-be10-58b44ca2f52c" />
    <UnitTestResult executionId="7270832e-23dd-444e-911d-75b3111a77ff" testId="234ed975-aeb1-4e65-be6e-7f6b005a2904" testName="FormatToStringTest1000 (13582.47117894258,13582.47 zł)" computerName="DESKTOP-5URQ9PB" duration="00:00:00.0000066" startTime="2022-06-13T21:11:26.3987443+02:00" endTime="2022-06-13T21:11:26.3988094+02:00" testType="13cdc9d9-ddb5-4fa4-a97d-d965ccfc6d4b" outcome="Passed" testListId="8c84fa94-04c1-424b-9868-57a2d4851a1d" relativeResultsDirectory="7270832e-23dd-444e-911d-75b3111a77ff" />
    <UnitTestResult executionId="f85611b1-cd25-4f8e-ac7b-e4670173507c" testId="756f376d-1afe-4f56-8e8a-704c12308aaa" testName="FormatToStringTest1000 (58459.03113649601,58459.03 zł)" computerName="DESKTOP-5URQ9PB" duration="00:00:00.0000065" startTime="2022-06-13T21:11:26.5883611+02:00" endTime="2022-06-13T21:11:26.5884306+02:00" testType="13cdc9d9-ddb5-4fa4-a97d-d965ccfc6d4b" outcome="Passed" testListId="8c84fa94-04c1-424b-9868-57a2d4851a1d" relativeResultsDirectory="f85611b1-cd25-4f8e-ac7b-e4670173507c" />
    <UnitTestResult executionId="4283357d-cbd0-48dd-a325-d1a94caa8d93" testId="0c2dc949-c339-41d1-9941-2c06313b4f0f" testName="FormatToStringTest1000 (10227.532692039169,10227.53 zł)" computerName="DESKTOP-5URQ9PB" duration="00:00:00.0000064" startTime="2022-06-13T21:11:26.4034323+02:00" endTime="2022-06-13T21:11:26.4035013+02:00" testType="13cdc9d9-ddb5-4fa4-a97d-d965ccfc6d4b" outcome="Passed" testListId="8c84fa94-04c1-424b-9868-57a2d4851a1d" relativeResultsDirectory="4283357d-cbd0-48dd-a325-d1a94caa8d93" />
    <UnitTestResult executionId="4641dfa7-6baa-418f-9823-2c68f5429ec4" testId="b1604815-113e-4f6c-ba2e-f81418fd7525" testName="FormatToStringTest1000 (32632.105531036905,32632.11 zł)" computerName="DESKTOP-5URQ9PB" duration="00:00:00.0000073" startTime="2022-06-13T21:11:26.3456115+02:00" endTime="2022-06-13T21:11:26.3456863+02:00" testType="13cdc9d9-ddb5-4fa4-a97d-d965ccfc6d4b" outcome="Passed" testListId="8c84fa94-04c1-424b-9868-57a2d4851a1d" relativeResultsDirectory="4641dfa7-6baa-418f-9823-2c68f5429ec4" />
    <UnitTestResult executionId="9ed763fa-4292-4700-848a-df0f7e3e7af5" testId="296d1162-aee9-47e0-a03e-3537a0d0e8bf" testName="FormatToStringTest1000 (16210.791556035536,16210.79 zł)" computerName="DESKTOP-5URQ9PB" duration="00:00:00.0000070" startTime="2022-06-13T21:11:26.6321870+02:00" endTime="2022-06-13T21:11:26.6322524+02:00" testType="13cdc9d9-ddb5-4fa4-a97d-d965ccfc6d4b" outcome="Passed" testListId="8c84fa94-04c1-424b-9868-57a2d4851a1d" relativeResultsDirectory="9ed763fa-4292-4700-848a-df0f7e3e7af5" />
    <UnitTestResult executionId="0090eeb8-7e8a-42b2-a8d3-276c2c501a58" testId="1b309f25-d1e1-40bd-a7d4-a1272094110d" testName="FormatToStringTest1000 (58111.21259843521,58111.21 zł)" computerName="DESKTOP-5URQ9PB" duration="00:00:00.0000058" startTime="2022-06-13T21:11:26.4150706+02:00" endTime="2022-06-13T21:11:26.4151347+02:00" testType="13cdc9d9-ddb5-4fa4-a97d-d965ccfc6d4b" outcome="Passed" testListId="8c84fa94-04c1-424b-9868-57a2d4851a1d" relativeResultsDirectory="0090eeb8-7e8a-42b2-a8d3-276c2c501a58" />
    <UnitTestResult executionId="fbceefa6-7128-46c7-9efa-96cea99c8013" testId="3f7c2a6a-3290-446a-a820-d3546d388423" testName="FormatToStringTest1000 (39531.95190033268,39531.95 zł)" computerName="DESKTOP-5URQ9PB" duration="00:00:00.0000069" startTime="2022-06-13T21:11:26.6098267+02:00" endTime="2022-06-13T21:11:26.6098921+02:00" testType="13cdc9d9-ddb5-4fa4-a97d-d965ccfc6d4b" outcome="Passed" testListId="8c84fa94-04c1-424b-9868-57a2d4851a1d" relativeResultsDirectory="fbceefa6-7128-46c7-9efa-96cea99c8013" />
    <UnitTestResult executionId="e3e3016d-a79c-46d3-8240-78699b1a76b9" testId="7fffecdd-45c6-4d12-9d23-6a7f5f581f6d" testName="FormatToStringTest1000 (28502.61128259758,28502.61 zł)" computerName="DESKTOP-5URQ9PB" duration="00:00:00.0000061" startTime="2022-06-13T21:11:26.3639951+02:00" endTime="2022-06-13T21:11:26.3640605+02:00" testType="13cdc9d9-ddb5-4fa4-a97d-d965ccfc6d4b" outcome="Passed" testListId="8c84fa94-04c1-424b-9868-57a2d4851a1d" relativeResultsDirectory="e3e3016d-a79c-46d3-8240-78699b1a76b9" />
    <UnitTestResult executionId="2cf9bc54-874e-4985-814d-358bb6e8af35" testId="e152fa53-156c-4864-927f-0a80cb7480bd" testName="FormatToStringTest1000 (27506.397047390416,27506.40 zł)" computerName="DESKTOP-5URQ9PB" duration="00:00:00.0000060" startTime="2022-06-13T21:11:26.4095630+02:00" endTime="2022-06-13T21:11:26.4096270+02:00" testType="13cdc9d9-ddb5-4fa4-a97d-d965ccfc6d4b" outcome="Passed" testListId="8c84fa94-04c1-424b-9868-57a2d4851a1d" relativeResultsDirectory="2cf9bc54-874e-4985-814d-358bb6e8af35" />
    <UnitTestResult executionId="83bfce34-4ff7-466f-b3ae-94265e3f248e" testId="6f32719b-daac-4790-a155-94256e42d839" testName="FormatToStringTest1000 (38614.292320713066,38614.29 zł)" computerName="DESKTOP-5URQ9PB" duration="00:00:00.0000059" startTime="2022-06-13T21:11:26.3867094+02:00" endTime="2022-06-13T21:11:26.3867743+02:00" testType="13cdc9d9-ddb5-4fa4-a97d-d965ccfc6d4b" outcome="Passed" testListId="8c84fa94-04c1-424b-9868-57a2d4851a1d" relativeResultsDirectory="83bfce34-4ff7-466f-b3ae-94265e3f248e" />
    <UnitTestResult executionId="ba8392a1-1c00-42e3-9f46-05c66e0500d2" testId="165a8109-112e-4594-a637-1c09c6c147f5" testName="FormatToStringTest1000 (33601.357302459124,33601.36 zł)" computerName="DESKTOP-5URQ9PB" duration="00:00:00.0000062" startTime="2022-06-13T21:11:26.6915592+02:00" endTime="2022-06-13T21:11:26.6916235+02:00" testType="13cdc9d9-ddb5-4fa4-a97d-d965ccfc6d4b" outcome="Passed" testListId="8c84fa94-04c1-424b-9868-57a2d4851a1d" relativeResultsDirectory="ba8392a1-1c00-42e3-9f46-05c66e0500d2" />
    <UnitTestResult executionId="76a166c9-8ffb-45cf-bc24-ec292c2be192" testId="cd095882-2cd7-4992-900e-9066f6f5a14e" testName="FormatToStringTest1000 (8885.065440211942,8885.07 zł)" computerName="DESKTOP-5URQ9PB" duration="00:00:00.0000064" startTime="2022-06-13T21:11:26.5070788+02:00" endTime="2022-06-13T21:11:26.5071529+02:00" testType="13cdc9d9-ddb5-4fa4-a97d-d965ccfc6d4b" outcome="Passed" testListId="8c84fa94-04c1-424b-9868-57a2d4851a1d" relativeResultsDirectory="76a166c9-8ffb-45cf-bc24-ec292c2be192" />
    <UnitTestResult executionId="5608775c-3a92-4fb5-86ad-bd931c318c3f" testId="d89c6180-b8f1-4ec8-af7e-4877cc4a1c47" testName="FormatToStringTest1000 (17798.633951516185,17798.63 zł)" computerName="DESKTOP-5URQ9PB" duration="00:00:00.0000062" startTime="2022-06-13T21:11:26.5286737+02:00" endTime="2022-06-13T21:11:26.5287408+02:00" testType="13cdc9d9-ddb5-4fa4-a97d-d965ccfc6d4b" outcome="Passed" testListId="8c84fa94-04c1-424b-9868-57a2d4851a1d" relativeResultsDirectory="5608775c-3a92-4fb5-86ad-bd931c318c3f" />
    <UnitTestResult executionId="a91b2509-c020-4a0e-8864-8ea8cfbb4e3a" testId="51fffa8f-750e-4c30-93cf-565ed84066fb" testName="FormatToStringTest1000 (15080.274618567097,15080.27 zł)" computerName="DESKTOP-5URQ9PB" duration="00:00:00.0000122" startTime="2022-06-13T21:11:26.5063126+02:00" endTime="2022-06-13T21:11:26.5064821+02:00" testType="13cdc9d9-ddb5-4fa4-a97d-d965ccfc6d4b" outcome="Passed" testListId="8c84fa94-04c1-424b-9868-57a2d4851a1d" relativeResultsDirectory="a91b2509-c020-4a0e-8864-8ea8cfbb4e3a" />
    <UnitTestResult executionId="737ff6dc-a63b-4d4a-8b3a-16882c442a8d" testId="60558e9e-26ae-4d54-bbfc-1e9cf5da863c" testName="FormatToStringTest1000 (1300.9430775404642,1300.94 zł)" computerName="DESKTOP-5URQ9PB" duration="00:00:00.0365961" startTime="2022-06-13T21:11:26.2411690+02:00" endTime="2022-06-13T21:11:26.2985473+02:00" testType="13cdc9d9-ddb5-4fa4-a97d-d965ccfc6d4b" outcome="Passed" testListId="8c84fa94-04c1-424b-9868-57a2d4851a1d" relativeResultsDirectory="737ff6dc-a63b-4d4a-8b3a-16882c442a8d" />
    <UnitTestResult executionId="ae0f7cde-ee99-4bf1-a5ce-ce10bad9580c" testId="809297b0-1776-47a7-9051-a5a83224b90e" testName="FormatToStringTest1000 (29796.909338079815,29796.91 zł)" computerName="DESKTOP-5URQ9PB" duration="00:00:00.0000149" startTime="2022-06-13T21:11:26.7086644+02:00" endTime="2022-06-13T21:11:26.7088862+02:00" testType="13cdc9d9-ddb5-4fa4-a97d-d965ccfc6d4b" outcome="Passed" testListId="8c84fa94-04c1-424b-9868-57a2d4851a1d" relativeResultsDirectory="ae0f7cde-ee99-4bf1-a5ce-ce10bad9580c" />
    <UnitTestResult executionId="6c6e0720-7fa4-46a5-bf2e-bcd1fc8c626f" testId="268d4fe7-58ee-403b-9570-ae96a2fe256b" testName="FormatToStringTest1000 (4812.162927013898,4812.16 zł)" computerName="DESKTOP-5URQ9PB" duration="00:00:00.0000065" startTime="2022-06-13T21:11:26.4441833+02:00" endTime="2022-06-13T21:11:26.4442570+02:00" testType="13cdc9d9-ddb5-4fa4-a97d-d965ccfc6d4b" outcome="Passed" testListId="8c84fa94-04c1-424b-9868-57a2d4851a1d" relativeResultsDirectory="6c6e0720-7fa4-46a5-bf2e-bcd1fc8c626f" />
    <UnitTestResult executionId="188c7c1a-ecd3-4894-a85d-b2466ef92432" testId="8f7d8f82-384b-4d5d-91a5-76bd59e71396" testName="FormatToStringTest1000 (30533.30031120838,30533.30 zł)" computerName="DESKTOP-5URQ9PB" duration="00:00:00.0000066" startTime="2022-06-13T21:11:26.5350068+02:00" endTime="2022-06-13T21:11:26.5350780+02:00" testType="13cdc9d9-ddb5-4fa4-a97d-d965ccfc6d4b" outcome="Passed" testListId="8c84fa94-04c1-424b-9868-57a2d4851a1d" relativeResultsDirectory="188c7c1a-ecd3-4894-a85d-b2466ef92432" />
    <UnitTestResult executionId="3d905ca0-bb3d-450c-a15e-1f36f3418f15" testId="7d316c12-7b70-42c1-99ea-9953b219fbba" testName="FormatToStringTest1000 (57237.252356975456,57237.25 zł)" computerName="DESKTOP-5URQ9PB" duration="00:00:00.0000062" startTime="2022-06-13T21:11:26.6946892+02:00" endTime="2022-06-13T21:11:26.6947542+02:00" testType="13cdc9d9-ddb5-4fa4-a97d-d965ccfc6d4b" outcome="Passed" testListId="8c84fa94-04c1-424b-9868-57a2d4851a1d" relativeResultsDirectory="3d905ca0-bb3d-450c-a15e-1f36f3418f15" />
    <UnitTestResult executionId="896ad944-807c-435c-81d3-4f20e4dc3536" testId="a5cf828e-7299-49cc-8acf-f3303fff41ae" testName="FormatToStringTest1000 (7377.5644264340235,7377.56 zł)" computerName="DESKTOP-5URQ9PB" duration="00:00:00.0000062" startTime="2022-06-13T21:11:26.6731136+02:00" endTime="2022-06-13T21:11:26.6731785+02:00" testType="13cdc9d9-ddb5-4fa4-a97d-d965ccfc6d4b" outcome="Passed" testListId="8c84fa94-04c1-424b-9868-57a2d4851a1d" relativeResultsDirectory="896ad944-807c-435c-81d3-4f20e4dc3536" />
    <UnitTestResult executionId="b54b4149-0739-4490-be80-abe053ae2079" testId="7a75f9b7-d609-4fe8-87d2-e6770e6ea9b1" testName="FormatToStringTest1000 (5759.256266560991,5759.26 zł)" computerName="DESKTOP-5URQ9PB" duration="00:00:00.0000063" startTime="2022-06-13T21:11:26.5348134+02:00" endTime="2022-06-13T21:11:26.5348824+02:00" testType="13cdc9d9-ddb5-4fa4-a97d-d965ccfc6d4b" outcome="Passed" testListId="8c84fa94-04c1-424b-9868-57a2d4851a1d" relativeResultsDirectory="b54b4149-0739-4490-be80-abe053ae2079" />
    <UnitTestResult executionId="311f923c-169a-46bf-be5f-0a6bb920de39" testId="91d64a73-446f-42ae-8c3e-93ff65777766" testName="FormatToStringTest1000 (41972.39431566763,41972.39 zł)" computerName="DESKTOP-5URQ9PB" duration="00:00:00.0000119" startTime="2022-06-13T21:11:26.5118687+02:00" endTime="2022-06-13T21:11:26.5120516+02:00" testType="13cdc9d9-ddb5-4fa4-a97d-d965ccfc6d4b" outcome="Passed" testListId="8c84fa94-04c1-424b-9868-57a2d4851a1d" relativeResultsDirectory="311f923c-169a-46bf-be5f-0a6bb920de39" />
    <UnitTestResult executionId="de82b9c7-b4c3-4a40-8c84-2f7cb326ac85" testId="0341e931-80c7-4637-a99b-242bd1dd6725" testName="FormatToStringTest1000 (4116.417580192638,4116.42 zł)" computerName="DESKTOP-5URQ9PB" duration="00:00:00.0000065" startTime="2022-06-13T21:11:26.5282258+02:00" endTime="2022-06-13T21:11:26.5282948+02:00" testType="13cdc9d9-ddb5-4fa4-a97d-d965ccfc6d4b" outcome="Passed" testListId="8c84fa94-04c1-424b-9868-57a2d4851a1d" relativeResultsDirectory="de82b9c7-b4c3-4a40-8c84-2f7cb326ac85" />
    <UnitTestResult executionId="28424b53-cc32-48b5-9f5e-d62c48bbb019" testId="4a1c3855-e452-4363-9955-f8194515ea28" testName="FormatToStringTest1000 (49037.8109120586,49037.81 zł)" computerName="DESKTOP-5URQ9PB" duration="00:00:00.0000100" startTime="2022-06-13T21:11:26.6789701+02:00" endTime="2022-06-13T21:11:26.6790778+02:00" testType="13cdc9d9-ddb5-4fa4-a97d-d965ccfc6d4b" outcome="Passed" testListId="8c84fa94-04c1-424b-9868-57a2d4851a1d" relativeResultsDirectory="28424b53-cc32-48b5-9f5e-d62c48bbb019" />
    <UnitTestResult executionId="5d34f2f6-7a0f-4cb0-bdf7-5b073334d5eb" testId="39504e8a-9fee-45f5-9ec2-7247cbf1a6fc" testName="FormatToStringTest1000 (657.5396922647672,657.54 zł)" computerName="DESKTOP-5URQ9PB" duration="00:00:00.0000061" startTime="2022-06-13T21:11:26.4742606+02:00" endTime="2022-06-13T21:11:26.4743269+02:00" testType="13cdc9d9-ddb5-4fa4-a97d-d965ccfc6d4b" outcome="Passed" testListId="8c84fa94-04c1-424b-9868-57a2d4851a1d" relativeResultsDirectory="5d34f2f6-7a0f-4cb0-bdf7-5b073334d5eb" />
    <UnitTestResult executionId="c5263161-058d-4290-9de0-993c9d59f965" testId="989a80c2-148c-4010-a95e-d49ddfd20e96" testName="FormatToStringTest1000 (7458.609645228652,7458.61 zł)" computerName="DESKTOP-5URQ9PB" duration="00:00:00.0000063" startTime="2022-06-13T21:11:26.3613209+02:00" endTime="2022-06-13T21:11:26.3614182+02:00" testType="13cdc9d9-ddb5-4fa4-a97d-d965ccfc6d4b" outcome="Passed" testListId="8c84fa94-04c1-424b-9868-57a2d4851a1d" relativeResultsDirectory="c5263161-058d-4290-9de0-993c9d59f965" />
    <UnitTestResult executionId="f1942599-bf48-4385-a5ac-aba74b74b732" testId="4e5ce5f9-b836-4ac0-a95a-af96465cfdd6" testName="FormatToStringTest1000 (7076.829971250534,7076.83 zł)" computerName="DESKTOP-5URQ9PB" duration="00:00:00.0000069" startTime="2022-06-13T21:11:26.6659127+02:00" endTime="2022-06-13T21:11:26.6659782+02:00" testType="13cdc9d9-ddb5-4fa4-a97d-d965ccfc6d4b" outcome="Passed" testListId="8c84fa94-04c1-424b-9868-57a2d4851a1d" relativeResultsDirectory="f1942599-bf48-4385-a5ac-aba74b74b732" />
    <UnitTestResult executionId="4169615c-38c7-4679-bee7-58c7abab3cfa" testId="ab450b9c-90fa-41a2-8d91-857002cba329" testName="FormatToStringTest1000 (45887.58415794167,45887.58 zł)" computerName="DESKTOP-5URQ9PB" duration="00:00:00.0000070" startTime="2022-06-13T21:11:26.5813628+02:00" endTime="2022-06-13T21:11:26.5814298+02:00" testType="13cdc9d9-ddb5-4fa4-a97d-d965ccfc6d4b" outcome="Passed" testListId="8c84fa94-04c1-424b-9868-57a2d4851a1d" relativeResultsDirectory="4169615c-38c7-4679-bee7-58c7abab3cfa" />
    <UnitTestResult executionId="1ccf3ae9-75c2-4a3f-98da-b9b4bb989236" testId="cbab6fae-14fe-4139-9ff3-a75138e016dd" testName="FormatToStringTest1000 (58848.60825001477,58848.61 zł)" computerName="DESKTOP-5URQ9PB" duration="00:00:00.0000070" startTime="2022-06-13T21:11:26.3700664+02:00" endTime="2022-06-13T21:11:26.3701536+02:00" testType="13cdc9d9-ddb5-4fa4-a97d-d965ccfc6d4b" outcome="Passed" testListId="8c84fa94-04c1-424b-9868-57a2d4851a1d" relativeResultsDirectory="1ccf3ae9-75c2-4a3f-98da-b9b4bb989236" />
    <UnitTestResult executionId="175a2a8a-618f-45d7-830d-9c52bd8f9b23" testId="6db3fa06-24bf-4fd6-9195-e6efe6ec7262" testName="FormatToStringTest1000 (55010.474927814896,55010.47 zł)" computerName="DESKTOP-5URQ9PB" duration="00:00:00.0000061" startTime="2022-06-13T21:11:26.6124050+02:00" endTime="2022-06-13T21:11:26.6124705+02:00" testType="13cdc9d9-ddb5-4fa4-a97d-d965ccfc6d4b" outcome="Passed" testListId="8c84fa94-04c1-424b-9868-57a2d4851a1d" relativeResultsDirectory="175a2a8a-618f-45d7-830d-9c52bd8f9b23" />
    <UnitTestResult executionId="bc4a7eec-66d4-4358-a30c-a118ced9e01e" testId="667f4962-13f8-42fc-a0dd-76db9c115324" testName="FormatToStringTest1000 (7891.960478953067,7891.96 zł)" computerName="DESKTOP-5URQ9PB" duration="00:00:00.0000062" startTime="2022-06-13T21:11:26.4878809+02:00" endTime="2022-06-13T21:11:26.4879476+02:00" testType="13cdc9d9-ddb5-4fa4-a97d-d965ccfc6d4b" outcome="Passed" testListId="8c84fa94-04c1-424b-9868-57a2d4851a1d" relativeResultsDirectory="bc4a7eec-66d4-4358-a30c-a118ced9e01e" />
    <UnitTestResult executionId="7094840d-46a7-40ad-98aa-1428875523ab" testId="eab7428b-783f-489a-931a-267e0185831f" testName="FormatToStringTest1000 (25440.18371476614,25440.18 zł)" computerName="DESKTOP-5URQ9PB" duration="00:00:00.0000061" startTime="2022-06-13T21:11:26.4227413+02:00" endTime="2022-06-13T21:11:26.4228071+02:00" testType="13cdc9d9-ddb5-4fa4-a97d-d965ccfc6d4b" outcome="Passed" testListId="8c84fa94-04c1-424b-9868-57a2d4851a1d" relativeResultsDirectory="7094840d-46a7-40ad-98aa-1428875523ab" />
    <UnitTestResult executionId="565756bc-e36a-4095-95ea-5e1c8d12debf" testId="935108e0-bd17-43ad-ac2e-d3d1e901fe4c" testName="FormatToStringTest1000 (6958.393354767186,6958.39 zł)" computerName="DESKTOP-5URQ9PB" duration="00:00:00.0000058" startTime="2022-06-13T21:11:26.3066642+02:00" endTime="2022-06-13T21:11:26.3067282+02:00" testType="13cdc9d9-ddb5-4fa4-a97d-d965ccfc6d4b" outcome="Passed" testListId="8c84fa94-04c1-424b-9868-57a2d4851a1d" relativeResultsDirectory="565756bc-e36a-4095-95ea-5e1c8d12debf" />
    <UnitTestResult executionId="ef2f4e28-4e77-4e8a-b346-bf3cdbd33367" testId="26971c27-f393-4c8b-98d6-065a05755995" testName="FormatToStringTest1000 (18490.912787030877,18490.91 zł)" computerName="DESKTOP-5URQ9PB" duration="00:00:00.0000061" startTime="2022-06-13T21:11:26.6260823+02:00" endTime="2022-06-13T21:11:26.6261468+02:00" testType="13cdc9d9-ddb5-4fa4-a97d-d965ccfc6d4b" outcome="Passed" testListId="8c84fa94-04c1-424b-9868-57a2d4851a1d" relativeResultsDirectory="ef2f4e28-4e77-4e8a-b346-bf3cdbd33367" />
    <UnitTestResult executionId="4c2aabfd-3e60-45c1-b3ba-dfd42dda5584" testId="34380631-3e97-465f-bfb7-e785d14c40cc" testName="FormatToStringTest1000 (5504.094303639184,5504.09 zł)" computerName="DESKTOP-5URQ9PB" duration="00:00:00.0000062" startTime="2022-06-13T21:11:26.4707209+02:00" endTime="2022-06-13T21:11:26.4707878+02:00" testType="13cdc9d9-ddb5-4fa4-a97d-d965ccfc6d4b" outcome="Passed" testListId="8c84fa94-04c1-424b-9868-57a2d4851a1d" relativeResultsDirectory="4c2aabfd-3e60-45c1-b3ba-dfd42dda5584" />
    <UnitTestResult executionId="28110d52-4de3-490c-82e8-02708b9968e1" testId="a3bf6aea-33eb-4519-adf7-402b7382f52d" testName="FormatToStringTest1000 (10661.19584154207,10661.20 zł)" computerName="DESKTOP-5URQ9PB" duration="00:00:00.0000062" startTime="2022-06-13T21:11:26.6097456+02:00" endTime="2022-06-13T21:11:26.6098097+02:00" testType="13cdc9d9-ddb5-4fa4-a97d-d965ccfc6d4b" outcome="Passed" testListId="8c84fa94-04c1-424b-9868-57a2d4851a1d" relativeResultsDirectory="28110d52-4de3-490c-82e8-02708b9968e1" />
    <UnitTestResult executionId="543f7bad-78a4-4107-b3f8-2b7c80a36f9e" testId="98387848-51a2-4f01-b1b5-35541c1b213c" testName="FormatToStringTest1000 (24768.25771770359,24768.26 zł)" computerName="DESKTOP-5URQ9PB" duration="00:00:00.0000061" startTime="2022-06-13T21:11:26.4585373+02:00" endTime="2022-06-13T21:11:26.4586036+02:00" testType="13cdc9d9-ddb5-4fa4-a97d-d965ccfc6d4b" outcome="Passed" testListId="8c84fa94-04c1-424b-9868-57a2d4851a1d" relativeResultsDirectory="543f7bad-78a4-4107-b3f8-2b7c80a36f9e" />
    <UnitTestResult executionId="c89dd3ed-318a-481c-83e6-c708d165add9" testId="dd121d4f-497e-4cc9-a130-afd5b3e386d7" testName="FormatToStringTest1000 (17000.070169619317,17000.07 zł)" computerName="DESKTOP-5URQ9PB" duration="00:00:00.0000061" startTime="2022-06-13T21:11:26.7025379+02:00" endTime="2022-06-13T21:11:26.7026036+02:00" testType="13cdc9d9-ddb5-4fa4-a97d-d965ccfc6d4b" outcome="Passed" testListId="8c84fa94-04c1-424b-9868-57a2d4851a1d" relativeResultsDirectory="c89dd3ed-318a-481c-83e6-c708d165add9" />
    <UnitTestResult executionId="ba016a0d-72bb-4557-905f-417274fa5784" testId="526864d5-18d2-4d90-bc03-ee08b7563acf" testName="FormatToStringTest1000 (50009.23881716898,50009.24 zł)" computerName="DESKTOP-5URQ9PB" duration="00:00:00.0000525" startTime="2022-06-13T21:11:26.5488526+02:00" endTime="2022-06-13T21:11:26.5497208+02:00" testType="13cdc9d9-ddb5-4fa4-a97d-d965ccfc6d4b" outcome="Passed" testListId="8c84fa94-04c1-424b-9868-57a2d4851a1d" relativeResultsDirectory="ba016a0d-72bb-4557-905f-417274fa5784" />
    <UnitTestResult executionId="64499d5c-5106-4eb7-aa04-81940a050127" testId="67716942-4973-492a-92c1-557331aed368" testName="FormatToStringTest1000 (12091.219941106729,12091.22 zł)" computerName="DESKTOP-5URQ9PB" duration="00:00:00.0000062" startTime="2022-06-13T21:11:26.4258434+02:00" endTime="2022-06-13T21:11:26.4259105+02:00" testType="13cdc9d9-ddb5-4fa4-a97d-d965ccfc6d4b" outcome="Passed" testListId="8c84fa94-04c1-424b-9868-57a2d4851a1d" relativeResultsDirectory="64499d5c-5106-4eb7-aa04-81940a050127" />
    <UnitTestResult executionId="8baeba91-6bc5-4fb3-ba80-26fe0b4f50f9" testId="5dc1bc09-1b29-4dfc-85cf-d429694fbe97" testName="FormatToStringTest1000 (76106.57198894516,76106.57 zł)" computerName="DESKTOP-5URQ9PB" duration="00:00:00.0000062" startTime="2022-06-13T21:11:26.7125522+02:00" endTime="2022-06-13T21:11:26.7126175+02:00" testType="13cdc9d9-ddb5-4fa4-a97d-d965ccfc6d4b" outcome="Passed" testListId="8c84fa94-04c1-424b-9868-57a2d4851a1d" relativeResultsDirectory="8baeba91-6bc5-4fb3-ba80-26fe0b4f50f9" />
    <UnitTestResult executionId="e5daa9a2-ef3e-4328-a87f-fafa2a0846a2" testId="039ae899-9665-44a9-8e02-1bde2d01b911" testName="FormatToStringTest1000 (39146.635743126564,39146.64 zł)" computerName="DESKTOP-5URQ9PB" duration="00:00:00.0000066" startTime="2022-06-13T21:11:26.3951446+02:00" endTime="2022-06-13T21:11:26.3952197+02:00" testType="13cdc9d9-ddb5-4fa4-a97d-d965ccfc6d4b" outcome="Passed" testListId="8c84fa94-04c1-424b-9868-57a2d4851a1d" relativeResultsDirectory="e5daa9a2-ef3e-4328-a87f-fafa2a0846a2" />
    <UnitTestResult executionId="51338479-2376-4fa8-8701-6a9752783823" testId="5727f63e-9100-4077-b3b4-3e397193fc8c" testName="FormatToStringTest1000 (15591.4117417221,15591.41 zł)" computerName="DESKTOP-5URQ9PB" duration="00:00:00.0000062" startTime="2022-06-13T21:11:26.6854801+02:00" endTime="2022-06-13T21:11:26.6855446+02:00" testType="13cdc9d9-ddb5-4fa4-a97d-d965ccfc6d4b" outcome="Passed" testListId="8c84fa94-04c1-424b-9868-57a2d4851a1d" relativeResultsDirectory="51338479-2376-4fa8-8701-6a9752783823" />
    <UnitTestResult executionId="a7e58d04-f832-4464-be10-ef7cb308478e" testId="e7801270-dd68-4ddb-bbdb-4bf108a2741d" testName="FormatToStringTest1000 (12831.146874380833,12831.15 zł)" computerName="DESKTOP-5URQ9PB" duration="00:00:00.0000062" startTime="2022-06-13T21:11:26.4968837+02:00" endTime="2022-06-13T21:11:26.4969509+02:00" testType="13cdc9d9-ddb5-4fa4-a97d-d965ccfc6d4b" outcome="Passed" testListId="8c84fa94-04c1-424b-9868-57a2d4851a1d" relativeResultsDirectory="a7e58d04-f832-4464-be10-ef7cb308478e" />
    <UnitTestResult executionId="b42cd408-c695-4b87-8f29-ce28c94001b6" testId="a4000a5e-1231-4c32-9999-c744ab60caa0" testName="FormatToStringTest1000 (6915.421130504656,6915.42 zł)" computerName="DESKTOP-5URQ9PB" duration="00:00:00.0000064" startTime="2022-06-13T21:11:26.5253297+02:00" endTime="2022-06-13T21:11:26.5254095+02:00" testType="13cdc9d9-ddb5-4fa4-a97d-d965ccfc6d4b" outcome="Passed" testListId="8c84fa94-04c1-424b-9868-57a2d4851a1d" relativeResultsDirectory="b42cd408-c695-4b87-8f29-ce28c94001b6" />
    <UnitTestResult executionId="36fa22cb-0077-49b4-89f2-d039dccfbf18" testId="5a34c82d-57c8-4eb7-9a2b-7d7d46bb9126" testName="FormatToStringTest1000 (47163.337736466594,47163.34 zł)" computerName="DESKTOP-5URQ9PB" duration="00:00:00.0000062" startTime="2022-06-13T21:11:26.6886946+02:00" endTime="2022-06-13T21:11:26.6887586+02:00" testType="13cdc9d9-ddb5-4fa4-a97d-d965ccfc6d4b" outcome="Passed" testListId="8c84fa94-04c1-424b-9868-57a2d4851a1d" relativeResultsDirectory="36fa22cb-0077-49b4-89f2-d039dccfbf18" />
    <UnitTestResult executionId="8628f14a-c34a-49bd-aa46-06c7b3cc1f28" testId="564e6ad8-508b-4254-a3f5-6500ff82a0c6" testName="FormatToStringTest1000 (57436.33241095409,57436.33 zł)" computerName="DESKTOP-5URQ9PB" duration="00:00:00.0000068" startTime="2022-06-13T21:11:26.4579165+02:00" endTime="2022-06-13T21:11:26.4579953+02:00" testType="13cdc9d9-ddb5-4fa4-a97d-d965ccfc6d4b" outcome="Passed" testListId="8c84fa94-04c1-424b-9868-57a2d4851a1d" relativeResultsDirectory="8628f14a-c34a-49bd-aa46-06c7b3cc1f28" />
    <UnitTestResult executionId="295d422a-2b76-4233-80b2-3c6b2e4a52e6" testId="30ca6be5-8172-481e-8184-119efb7f1e08" testName="FormatToStringTest1000 (47672.66266041652,47672.66 zł)" computerName="DESKTOP-5URQ9PB" duration="00:00:00.0000061" startTime="2022-06-13T21:11:26.7027041+02:00" endTime="2022-06-13T21:11:26.7027703+02:00" testType="13cdc9d9-ddb5-4fa4-a97d-d965ccfc6d4b" outcome="Passed" testListId="8c84fa94-04c1-424b-9868-57a2d4851a1d" relativeResultsDirectory="295d422a-2b76-4233-80b2-3c6b2e4a52e6" />
    <UnitTestResult executionId="3f75a395-e8ac-40fa-adf7-9ce043d52f16" testId="c045fc2b-da5e-42af-9387-06d52965421d" testName="FormatToStringTest1000 (10174.652801423637,10174.65 zł)" computerName="DESKTOP-5URQ9PB" duration="00:00:00.0000064" startTime="2022-06-13T21:11:26.5780944+02:00" endTime="2022-06-13T21:11:26.5781610+02:00" testType="13cdc9d9-ddb5-4fa4-a97d-d965ccfc6d4b" outcome="Passed" testListId="8c84fa94-04c1-424b-9868-57a2d4851a1d" relativeResultsDirectory="3f75a395-e8ac-40fa-adf7-9ce043d52f16" />
    <UnitTestResult executionId="661aa594-ac79-47d3-adb9-d941689cef61" testId="06f7b105-5439-464c-a7e6-39285a035a0e" testName="FormatToStringTest1000 (27893.312729890138,27893.31 zł)" computerName="DESKTOP-5URQ9PB" duration="00:00:00.0000060" startTime="2022-06-13T21:11:26.3614360+02:00" endTime="2022-06-13T21:11:26.3615013+02:00" testType="13cdc9d9-ddb5-4fa4-a97d-d965ccfc6d4b" outcome="Passed" testListId="8c84fa94-04c1-424b-9868-57a2d4851a1d" relativeResultsDirectory="661aa594-ac79-47d3-adb9-d941689cef61" />
    <UnitTestResult executionId="df5e931e-db58-45c5-bc4d-80118af0bfaa" testId="32800d4c-d1a2-4043-acac-49cd94a663a7" testName="FormatToStringTest1000 (7013.601812260971,7013.60 zł)" computerName="DESKTOP-5URQ9PB" duration="00:00:00.0000063" startTime="2022-06-13T21:11:26.6975126+02:00" endTime="2022-06-13T21:11:26.6975773+02:00" testType="13cdc9d9-ddb5-4fa4-a97d-d965ccfc6d4b" outcome="Passed" testListId="8c84fa94-04c1-424b-9868-57a2d4851a1d" relativeResultsDirectory="df5e931e-db58-45c5-bc4d-80118af0bfaa" />
    <UnitTestResult executionId="e2cb91c5-a1bf-46ac-b2b6-4831153bcd73" testId="0912fdc6-d74f-4ea8-ac8a-6a9c88ce1c12" testName="FormatToStringTest1000 (13745.115971449817,13745.12 zł)" computerName="DESKTOP-5URQ9PB" duration="00:00:00.0000066" startTime="2022-06-13T21:11:26.4089617+02:00" endTime="2022-06-13T21:11:26.4090377+02:00" testType="13cdc9d9-ddb5-4fa4-a97d-d965ccfc6d4b" outcome="Passed" testListId="8c84fa94-04c1-424b-9868-57a2d4851a1d" relativeResultsDirectory="e2cb91c5-a1bf-46ac-b2b6-4831153bcd73" />
    <UnitTestResult executionId="1c7fa290-f995-4c9d-a56f-bdd981661222" testId="fc66d0cf-1d32-48a0-a4a8-6e734b3c66a7" testName="FormatToStringTest1000 (806.960597043373,806.96 zł)" computerName="DESKTOP-5URQ9PB" duration="00:00:00.0000064" startTime="2022-06-13T21:11:26.6095825+02:00" endTime="2022-06-13T21:11:26.6096457+02:00" testType="13cdc9d9-ddb5-4fa4-a97d-d965ccfc6d4b" outcome="Passed" testListId="8c84fa94-04c1-424b-9868-57a2d4851a1d" relativeResultsDirectory="1c7fa290-f995-4c9d-a56f-bdd981661222" />
    <UnitTestResult executionId="8c29758d-846d-438e-82ea-a0e45b833f68" testId="1edd8433-ff99-4acb-837c-2ec297142921" testName="FormatToStringTest1000 (9750.134289915735,9750.13 zł)" computerName="DESKTOP-5URQ9PB" duration="00:00:00.0000062" startTime="2022-06-13T21:11:26.6197155+02:00" endTime="2022-06-13T21:11:26.6197804+02:00" testType="13cdc9d9-ddb5-4fa4-a97d-d965ccfc6d4b" outcome="Passed" testListId="8c84fa94-04c1-424b-9868-57a2d4851a1d" relativeResultsDirectory="8c29758d-846d-438e-82ea-a0e45b833f68" />
    <UnitTestResult executionId="33a1d73e-cf31-4a1b-8200-d74e0fce5573" testId="04f7ae3f-5626-4f84-a9e7-1dac4030bbff" testName="FormatToStringTest1000 (29417.800422138444,29417.80 zł)" computerName="DESKTOP-5URQ9PB" duration="00:00:00.0000062" startTime="2022-06-13T21:11:26.4288246+02:00" endTime="2022-06-13T21:11:26.4288914+02:00" testType="13cdc9d9-ddb5-4fa4-a97d-d965ccfc6d4b" outcome="Passed" testListId="8c84fa94-04c1-424b-9868-57a2d4851a1d" relativeResultsDirectory="33a1d73e-cf31-4a1b-8200-d74e0fce5573" />
    <UnitTestResult executionId="c764ac22-d166-4293-9ce4-e64fb81606a6" testId="6399d611-a8b9-422f-93e8-68f094b5b73a" testName="FormatToStringTest1000 (49416.285282306504,49416.29 zł)" computerName="DESKTOP-5URQ9PB" duration="00:00:00.0000064" startTime="2022-06-13T21:11:26.6597944+02:00" endTime="2022-06-13T21:11:26.6598619+02:00" testType="13cdc9d9-ddb5-4fa4-a97d-d965ccfc6d4b" outcome="Passed" testListId="8c84fa94-04c1-424b-9868-57a2d4851a1d" relativeResultsDirectory="c764ac22-d166-4293-9ce4-e64fb81606a6" />
    <UnitTestResult executionId="7f6e5d4b-2ac9-460f-b2b9-db5b6e17d8b2" testId="f034740d-2fe2-4f74-b3bc-81e12c60da95" testName="FormatToStringTest1000 (25882.451101077,25882.45 zł)" computerName="DESKTOP-5URQ9PB" duration="00:00:00.0000175" startTime="2022-06-13T21:11:26.5379377+02:00" endTime="2022-06-13T21:11:26.5380913+02:00" testType="13cdc9d9-ddb5-4fa4-a97d-d965ccfc6d4b" outcome="Passed" testListId="8c84fa94-04c1-424b-9868-57a2d4851a1d" relativeResultsDirectory="7f6e5d4b-2ac9-460f-b2b9-db5b6e17d8b2" />
    <UnitTestResult executionId="378c58f6-8462-49f5-b1a5-ef0eeada6190" testId="e7ff0873-797f-4440-8a89-45dfbe568e24" testName="FormatToStringTest1000 (6665.405372488035,6665.41 zł)" computerName="DESKTOP-5URQ9PB" duration="00:00:00.0000071" startTime="2022-06-13T21:11:26.4998109+02:00" endTime="2022-06-13T21:11:26.4998955+02:00" testType="13cdc9d9-ddb5-4fa4-a97d-d965ccfc6d4b" outcome="Passed" testListId="8c84fa94-04c1-424b-9868-57a2d4851a1d" relativeResultsDirectory="378c58f6-8462-49f5-b1a5-ef0eeada6190" />
    <UnitTestResult executionId="f9b3a66d-3ee9-4d3c-b1ba-22ed1c36a472" testId="3e60a9eb-b4a8-4d52-9361-3ff53556a61b" testName="FormatToStringTest1000 (48654.65723134794,48654.66 zł)" computerName="DESKTOP-5URQ9PB" duration="00:00:00.0000065" startTime="2022-06-13T21:11:26.4610969+02:00" endTime="2022-06-13T21:11:26.4611642+02:00" testType="13cdc9d9-ddb5-4fa4-a97d-d965ccfc6d4b" outcome="Passed" testListId="8c84fa94-04c1-424b-9868-57a2d4851a1d" relativeResultsDirectory="f9b3a66d-3ee9-4d3c-b1ba-22ed1c36a472" />
    <UnitTestResult executionId="76c7dd44-8086-4589-b3ce-1f0edda53084" testId="c6536018-66b9-4d44-816d-592e34456d79" testName="FormatToStringTest1000 (17031.365705376662,17031.37 zł)" computerName="DESKTOP-5URQ9PB" duration="00:00:00.0000065" startTime="2022-06-13T21:11:26.5031150+02:00" endTime="2022-06-13T21:11:26.5031842+02:00" testType="13cdc9d9-ddb5-4fa4-a97d-d965ccfc6d4b" outcome="Passed" testListId="8c84fa94-04c1-424b-9868-57a2d4851a1d" relativeResultsDirectory="76c7dd44-8086-4589-b3ce-1f0edda53084" />
    <UnitTestResult executionId="a69c14b2-ffd9-4c69-b2d7-c8bfa96d2a69" testId="1e24b879-e6c1-4e3b-86d5-c873c16abefc" testName="FormatToStringTest1000 (19392.945535027862,19392.95 zł)" computerName="DESKTOP-5URQ9PB" duration="00:00:00.0000061" startTime="2022-06-13T21:11:26.4611827+02:00" endTime="2022-06-13T21:11:26.4612491+02:00" testType="13cdc9d9-ddb5-4fa4-a97d-d965ccfc6d4b" outcome="Passed" testListId="8c84fa94-04c1-424b-9868-57a2d4851a1d" relativeResultsDirectory="a69c14b2-ffd9-4c69-b2d7-c8bfa96d2a69" />
    <UnitTestResult executionId="06c7a842-d6ff-4878-97f0-524c6ef63cdc" testId="8b149115-3c29-4441-a4a6-990ff380c9a3" testName="FormatToStringTest1000 (10501.127379151585,10501.13 zł)" computerName="DESKTOP-5URQ9PB" duration="00:00:00.0000065" startTime="2022-06-13T21:11:26.4772440+02:00" endTime="2022-06-13T21:11:26.4773232+02:00" testType="13cdc9d9-ddb5-4fa4-a97d-d965ccfc6d4b" outcome="Passed" testListId="8c84fa94-04c1-424b-9868-57a2d4851a1d" relativeResultsDirectory="06c7a842-d6ff-4878-97f0-524c6ef63cdc" />
    <UnitTestResult executionId="ff539965-08de-4369-8782-315ab9ec0939" testId="b71bb5e8-ff42-4fe8-8509-50330d20bb08" testName="FormatToStringTest1000 (45603.90324273142,45603.90 zł)" computerName="DESKTOP-5URQ9PB" duration="00:00:00.0000061" startTime="2022-06-13T21:11:26.3460381+02:00" endTime="2022-06-13T21:11:26.3461031+02:00" testType="13cdc9d9-ddb5-4fa4-a97d-d965ccfc6d4b" outcome="Passed" testListId="8c84fa94-04c1-424b-9868-57a2d4851a1d" relativeResultsDirectory="ff539965-08de-4369-8782-315ab9ec0939" />
    <UnitTestResult executionId="0956e123-1469-414a-b4ac-47ad05789c55" testId="bd4e196f-e0d9-4035-a672-cbc1d324ae7b" testName="FormatToStringTest1000 (30199.386730006612,30199.39 zł)" computerName="DESKTOP-5URQ9PB" duration="00:00:00.0000061" startTime="2022-06-13T21:11:26.6761325+02:00" endTime="2022-06-13T21:11:26.6761972+02:00" testType="13cdc9d9-ddb5-4fa4-a97d-d965ccfc6d4b" outcome="Passed" testListId="8c84fa94-04c1-424b-9868-57a2d4851a1d" relativeResultsDirectory="0956e123-1469-414a-b4ac-47ad05789c55" />
    <UnitTestResult executionId="56ac72fe-127e-4a58-9a69-a1161cd431da" testId="658f236e-b8b9-4ff2-884c-450e31524a1f" testName="FormatToStringTest1000 (15566.957545477411,15566.96 zł)" computerName="DESKTOP-5URQ9PB" duration="00:00:00.0000061" startTime="2022-06-13T21:11:26.3707315+02:00" endTime="2022-06-13T21:11:26.3708019+02:00" testType="13cdc9d9-ddb5-4fa4-a97d-d965ccfc6d4b" outcome="Passed" testListId="8c84fa94-04c1-424b-9868-57a2d4851a1d" relativeResultsDirectory="56ac72fe-127e-4a58-9a69-a1161cd431da" />
    <UnitTestResult executionId="c8119de2-1d51-4ba7-ac23-8292abde69c9" testId="c6be3090-2eb8-4102-8435-da43cebc7973" testName="FormatToStringTest1000 (46803.36433423374,46803.36 zł)" computerName="DESKTOP-5URQ9PB" duration="00:00:00.0000064" startTime="2022-06-13T21:11:26.4478572+02:00" endTime="2022-06-13T21:11:26.4479328+02:00" testType="13cdc9d9-ddb5-4fa4-a97d-d965ccfc6d4b" outcome="Passed" testListId="8c84fa94-04c1-424b-9868-57a2d4851a1d" relativeResultsDirectory="c8119de2-1d51-4ba7-ac23-8292abde69c9" />
    <UnitTestResult executionId="a771bf7e-13af-4648-9c2f-8dfe8bf0d3a0" testId="9cfb9e64-1bbb-43e8-812f-67136f77e8fa" testName="FormatToStringTest1000 (5876.112133716285,5876.11 zł)" computerName="DESKTOP-5URQ9PB" duration="00:00:00.0000061" startTime="2022-06-13T21:11:26.6539605+02:00" endTime="2022-06-13T21:11:26.6540255+02:00" testType="13cdc9d9-ddb5-4fa4-a97d-d965ccfc6d4b" outcome="Passed" testListId="8c84fa94-04c1-424b-9868-57a2d4851a1d" relativeResultsDirectory="a771bf7e-13af-4648-9c2f-8dfe8bf0d3a0" />
    <UnitTestResult executionId="6f512f58-c9a4-45c4-8243-2e837b1c23cd" testId="94b23814-dd52-4dc7-92db-d9d73acb667d" testName="FormatToStringTest1000 (28583.827618148098,28583.83 zł)" computerName="DESKTOP-5URQ9PB" duration="00:00:00.0000060" startTime="2022-06-13T21:11:26.3928706+02:00" endTime="2022-06-13T21:11:26.3929348+02:00" testType="13cdc9d9-ddb5-4fa4-a97d-d965ccfc6d4b" outcome="Passed" testListId="8c84fa94-04c1-424b-9868-57a2d4851a1d" relativeResultsDirectory="6f512f58-c9a4-45c4-8243-2e837b1c23cd" />
    <UnitTestResult executionId="d69f28a7-99db-4ccc-ab96-01935fdfd817" testId="9d7eaa03-15f4-4c4e-b376-187cf55aeac4" testName="FormatToStringTest1000 (72905.64834432845,72905.65 zł)" computerName="DESKTOP-5URQ9PB" duration="00:00:00.0000120" startTime="2022-06-13T21:11:26.6288022+02:00" endTime="2022-06-13T21:11:26.6289574+02:00" testType="13cdc9d9-ddb5-4fa4-a97d-d965ccfc6d4b" outcome="Passed" testListId="8c84fa94-04c1-424b-9868-57a2d4851a1d" relativeResultsDirectory="d69f28a7-99db-4ccc-ab96-01935fdfd817" />
    <UnitTestResult executionId="5916a03f-4b6a-4cee-a2a6-42869cfd601b" testId="0a7cb89d-3337-481c-b56a-43cfe20f4875" testName="FormatToStringTest1000 (1474.699818629166,1474.70 zł)" computerName="DESKTOP-5URQ9PB" duration="00:00:00.0000062" startTime="2022-06-13T21:11:26.6791025+02:00" endTime="2022-06-13T21:11:26.6791690+02:00" testType="13cdc9d9-ddb5-4fa4-a97d-d965ccfc6d4b" outcome="Passed" testListId="8c84fa94-04c1-424b-9868-57a2d4851a1d" relativeResultsDirectory="5916a03f-4b6a-4cee-a2a6-42869cfd601b" />
    <UnitTestResult executionId="97753ff8-71bf-4bb5-9d45-ab05aa413b7a" testId="e0d9346a-a01b-4ad0-b742-3ecddf114cd4" testName="FormatToStringTest1000 (45955.903045959254,45955.90 zł)" computerName="DESKTOP-5URQ9PB" duration="00:00:00.0000069" startTime="2022-06-13T21:11:26.6168527+02:00" endTime="2022-06-13T21:11:26.6169172+02:00" testType="13cdc9d9-ddb5-4fa4-a97d-d965ccfc6d4b" outcome="Passed" testListId="8c84fa94-04c1-424b-9868-57a2d4851a1d" relativeResultsDirectory="97753ff8-71bf-4bb5-9d45-ab05aa413b7a" />
    <UnitTestResult executionId="090119aa-eecc-4547-813d-c40c36a495ed" testId="12ae2383-d609-446a-87b7-6b83cea50d89" testName="FormatToStringTest1000 (7789.7136237517525,7789.71 zł)" computerName="DESKTOP-5URQ9PB" duration="00:00:00.0000068" startTime="2022-06-13T21:11:26.3608917+02:00" endTime="2022-06-13T21:11:26.3609713+02:00" testType="13cdc9d9-ddb5-4fa4-a97d-d965ccfc6d4b" outcome="Passed" testListId="8c84fa94-04c1-424b-9868-57a2d4851a1d" relativeResultsDirectory="090119aa-eecc-4547-813d-c40c36a495ed" />
    <UnitTestResult executionId="2192666a-55dd-4708-b84e-62ae6aa2e0c1" testId="743eeda5-72c5-4002-9486-61ec3f9e2274" testName="FormatToStringTest1000 (13574.683315038068,13574.68 zł)" computerName="DESKTOP-5URQ9PB" duration="00:00:00.0000060" startTime="2022-06-13T21:11:26.4151520+02:00" endTime="2022-06-13T21:11:26.4152173+02:00" testType="13cdc9d9-ddb5-4fa4-a97d-d965ccfc6d4b" outcome="Passed" testListId="8c84fa94-04c1-424b-9868-57a2d4851a1d" relativeResultsDirectory="2192666a-55dd-4708-b84e-62ae6aa2e0c1" />
    <UnitTestResult executionId="8a507d84-9a4e-465f-8a90-81e9e920a8e6" testId="f846d3d9-962f-47e5-baba-7cc27460d6ec" testName="FormatToStringTest1000 (39146.892120180135,39146.89 zł)" computerName="DESKTOP-5URQ9PB" duration="00:00:00.0000062" startTime="2022-06-13T21:11:26.6975943+02:00" endTime="2022-06-13T21:11:26.6976585+02:00" testType="13cdc9d9-ddb5-4fa4-a97d-d965ccfc6d4b" outcome="Passed" testListId="8c84fa94-04c1-424b-9868-57a2d4851a1d" relativeResultsDirectory="8a507d84-9a4e-465f-8a90-81e9e920a8e6" />
    <UnitTestResult executionId="36fd1c18-71ac-4528-9573-cd338e183710" testId="70b90833-18a3-473e-9bc0-fe3c83dd00e3" testName="FormatToStringTest1000 (68011.49219071423,68011.49 zł)" computerName="DESKTOP-5URQ9PB" duration="00:00:00.0000063" startTime="2022-06-13T21:11:26.5945071+02:00" endTime="2022-06-13T21:11:26.5945723+02:00" testType="13cdc9d9-ddb5-4fa4-a97d-d965ccfc6d4b" outcome="Passed" testListId="8c84fa94-04c1-424b-9868-57a2d4851a1d" relativeResultsDirectory="36fd1c18-71ac-4528-9573-cd338e183710" />
    <UnitTestResult executionId="a95add9b-f856-4a09-9673-77d0835f8bdb" testId="62468cd1-9d5d-44b6-bb3e-66905e59e509" testName="FormatToStringTest1000 (13844.577623300524,13844.58 zł)" computerName="DESKTOP-5URQ9PB" duration="00:00:00.0000067" startTime="2022-06-13T21:11:26.4283055+02:00" endTime="2022-06-13T21:11:26.4283845+02:00" testType="13cdc9d9-ddb5-4fa4-a97d-d965ccfc6d4b" outcome="Passed" testListId="8c84fa94-04c1-424b-9868-57a2d4851a1d" relativeResultsDirectory="a95add9b-f856-4a09-9673-77d0835f8bdb" />
    <UnitTestResult executionId="8ac9a0c6-f789-4b65-a8d4-7f132e31126c" testId="a9b2b4fc-5c3f-4621-b68e-8857c9e2e386" testName="FormatToStringTest1000 (11181.228339251702,11181.23 zł)" computerName="DESKTOP-5URQ9PB" duration="00:00:00.0000061" startTime="2022-06-13T21:11:26.7151976+02:00" endTime="2022-06-13T21:11:26.7152616+02:00" testType="13cdc9d9-ddb5-4fa4-a97d-d965ccfc6d4b" outcome="Passed" testListId="8c84fa94-04c1-424b-9868-57a2d4851a1d" relativeResultsDirectory="8ac9a0c6-f789-4b65-a8d4-7f132e31126c" />
    <UnitTestResult executionId="5a74f5a2-881c-4641-a639-e50f453d1c0d" testId="b3ae2a66-c8d2-4c06-a250-b344a44e882c" testName="FormatToStringTest1000 (18032.4720825476,18032.47 zł)" computerName="DESKTOP-5URQ9PB" duration="00:00:00.0000063" startTime="2022-06-13T21:11:26.6884508+02:00" endTime="2022-06-13T21:11:26.6885138+02:00" testType="13cdc9d9-ddb5-4fa4-a97d-d965ccfc6d4b" outcome="Passed" testListId="8c84fa94-04c1-424b-9868-57a2d4851a1d" relativeResultsDirectory="5a74f5a2-881c-4641-a639-e50f453d1c0d" />
    <UnitTestResult executionId="f16c6c6e-739c-4c74-8d9a-6a287c0f7572" testId="eacc82da-872c-4aa4-bd4b-954958fde559" testName="FormatToStringTest1000 (30020.248557890412,30020.25 zł)" computerName="DESKTOP-5URQ9PB" duration="00:00:00.0000063" startTime="2022-06-13T21:11:26.5884482+02:00" endTime="2022-06-13T21:11:26.5885129+02:00" testType="13cdc9d9-ddb5-4fa4-a97d-d965ccfc6d4b" outcome="Passed" testListId="8c84fa94-04c1-424b-9868-57a2d4851a1d" relativeResultsDirectory="f16c6c6e-739c-4c74-8d9a-6a287c0f7572" />
    <UnitTestResult executionId="c670846e-e7c4-4636-a9d1-35e667ed9e1d" testId="27f4578d-78b1-4959-a99e-39706a220291" testName="FormatToStringTest1000 (25135.10315489727,25135.10 zł)" computerName="DESKTOP-5URQ9PB" duration="00:00:00.0000063" startTime="2022-06-13T21:11:26.6293233+02:00" endTime="2022-06-13T21:11:26.6293939+02:00" testType="13cdc9d9-ddb5-4fa4-a97d-d965ccfc6d4b" outcome="Passed" testListId="8c84fa94-04c1-424b-9868-57a2d4851a1d" relativeResultsDirectory="c670846e-e7c4-4636-a9d1-35e667ed9e1d" />
    <UnitTestResult executionId="80d85711-de91-4a1b-98da-4d886a7c49b9" testId="e8dbdb67-4f0c-4647-9aa0-587ceaba78ba" testName="FormatToStringTest1000 (4411.456718280659,4411.46 zł)" computerName="DESKTOP-5URQ9PB" duration="00:00:00.0000063" startTime="2022-06-13T21:11:26.5784449+02:00" endTime="2022-06-13T21:11:26.5785100+02:00" testType="13cdc9d9-ddb5-4fa4-a97d-d965ccfc6d4b" outcome="Passed" testListId="8c84fa94-04c1-424b-9868-57a2d4851a1d" relativeResultsDirectory="80d85711-de91-4a1b-98da-4d886a7c49b9" />
    <UnitTestResult executionId="b2f24ff3-3ff1-4a16-aa3f-3f2d0cc49e50" testId="53563a17-6721-4a90-bd96-0208adb4a2e2" testName="FormatToStringTest1000 (68507.83928906724,68507.84 zł)" computerName="DESKTOP-5URQ9PB" duration="00:00:00.0000062" startTime="2022-06-13T21:11:26.6687255+02:00" endTime="2022-06-13T21:11:26.6687908+02:00" testType="13cdc9d9-ddb5-4fa4-a97d-d965ccfc6d4b" outcome="Passed" testListId="8c84fa94-04c1-424b-9868-57a2d4851a1d" relativeResultsDirectory="b2f24ff3-3ff1-4a16-aa3f-3f2d0cc49e50" />
    <UnitTestResult executionId="15092d43-a259-4b2a-99f2-3f020fee4824" testId="bd91615c-99a4-479d-99a0-d2fa80b168aa" testName="FormatToStringTest1000 (7975.276658828965,7975.28 zł)" computerName="DESKTOP-5URQ9PB" duration="00:00:00.0000064" startTime="2022-06-13T21:11:26.5316192+02:00" endTime="2022-06-13T21:11:26.5316881+02:00" testType="13cdc9d9-ddb5-4fa4-a97d-d965ccfc6d4b" outcome="Passed" testListId="8c84fa94-04c1-424b-9868-57a2d4851a1d" relativeResultsDirectory="15092d43-a259-4b2a-99f2-3f020fee4824" />
    <UnitTestResult executionId="9d8085ae-db6f-42d6-bcbd-7e7e1d98d007" testId="3ac3cbd9-418d-405b-a12f-2bfbcbe66995" testName="FormatToStringTest1000 (12370.243090209198,12370.24 zł)" computerName="DESKTOP-5URQ9PB" duration="00:00:00.0000067" startTime="2022-06-13T21:11:26.5120868+02:00" endTime="2022-06-13T21:11:26.5121578+02:00" testType="13cdc9d9-ddb5-4fa4-a97d-d965ccfc6d4b" outcome="Passed" testListId="8c84fa94-04c1-424b-9868-57a2d4851a1d" relativeResultsDirectory="9d8085ae-db6f-42d6-bcbd-7e7e1d98d007" />
    <UnitTestResult executionId="1dbd00c6-3224-49f4-9365-49a341281501" testId="401608d9-8e9f-4270-9d94-3198d591dc20" testName="FormatToStringTest1000 (48544.390887578666,48544.39 zł)" computerName="DESKTOP-5URQ9PB" duration="00:00:00.0000456" startTime="2022-06-13T21:11:26.5612026+02:00" endTime="2022-06-13T21:11:26.5616897+02:00" testType="13cdc9d9-ddb5-4fa4-a97d-d965ccfc6d4b" outcome="Passed" testListId="8c84fa94-04c1-424b-9868-57a2d4851a1d" relativeResultsDirectory="1dbd00c6-3224-49f4-9365-49a341281501" />
    <UnitTestResult executionId="d466ebed-3ab3-4001-a94c-d5ca1a3819a3" testId="64420893-cadf-4030-aee0-d9c43e5270fc" testName="FormatToStringTest1000 (19363.881840787773,19363.88 zł)" computerName="DESKTOP-5URQ9PB" duration="00:00:00.0000063" startTime="2022-06-13T21:11:26.6092595+02:00" endTime="2022-06-13T21:11:26.6093261+02:00" testType="13cdc9d9-ddb5-4fa4-a97d-d965ccfc6d4b" outcome="Passed" testListId="8c84fa94-04c1-424b-9868-57a2d4851a1d" relativeResultsDirectory="d466ebed-3ab3-4001-a94c-d5ca1a3819a3" />
    <UnitTestResult executionId="aa0851ff-de58-4ef7-81f6-f443ff531f68" testId="c53aa102-8fd9-4b18-9924-66e2a97410ba" testName="FormatToStringTest1000 (4419.750844657306,4419.75 zł)" computerName="DESKTOP-5URQ9PB" duration="00:00:00.0000069" startTime="2022-06-13T21:11:26.6378643+02:00" endTime="2022-06-13T21:11:26.6379403+02:00" testType="13cdc9d9-ddb5-4fa4-a97d-d965ccfc6d4b" outcome="Passed" testListId="8c84fa94-04c1-424b-9868-57a2d4851a1d" relativeResultsDirectory="aa0851ff-de58-4ef7-81f6-f443ff531f68" />
    <UnitTestResult executionId="7ec07924-ad06-4b21-8ebe-5a989f88199f" testId="474ed373-fe95-4fd9-8cc3-1470f3399aeb" testName="FormatToStringTest1000 (64124.274503948756,64124.27 zł)" computerName="DESKTOP-5URQ9PB" duration="00:00:00.0000063" startTime="2022-06-13T21:11:26.4645428+02:00" endTime="2022-06-13T21:11:26.4646100+02:00" testType="13cdc9d9-ddb5-4fa4-a97d-d965ccfc6d4b" outcome="Passed" testListId="8c84fa94-04c1-424b-9868-57a2d4851a1d" relativeResultsDirectory="7ec07924-ad06-4b21-8ebe-5a989f88199f" />
    <UnitTestResult executionId="def037ec-ba82-4e3c-8a89-2637291775ca" testId="21dd82d2-a1b6-4536-80c5-a3cc611fa526" testName="FormatToStringTest1000 (4252.4012513842445,4252.40 zł)" computerName="DESKTOP-5URQ9PB" duration="00:00:00.0000064" startTime="2022-06-13T21:11:26.6352350+02:00" endTime="2022-06-13T21:11:26.6352994+02:00" testType="13cdc9d9-ddb5-4fa4-a97d-d965ccfc6d4b" outcome="Passed" testListId="8c84fa94-04c1-424b-9868-57a2d4851a1d" relativeResultsDirectory="def037ec-ba82-4e3c-8a89-2637291775ca" />
    <UnitTestResult executionId="3d5d440b-2e4e-4395-93ba-969155726a85" testId="bc5b3163-4903-4725-a9b7-b4dcff89d8ab" testName="FormatToStringTest1000 (7951.322730072458,7951.32 zł)" computerName="DESKTOP-5URQ9PB" duration="00:00:00.0000065" startTime="2022-06-13T21:11:26.4126208+02:00" endTime="2022-06-13T21:11:26.4126854+02:00" testType="13cdc9d9-ddb5-4fa4-a97d-d965ccfc6d4b" outcome="Passed" testListId="8c84fa94-04c1-424b-9868-57a2d4851a1d" relativeResultsDirectory="3d5d440b-2e4e-4395-93ba-969155726a85" />
    <UnitTestResult executionId="977874fa-4f30-4acd-94db-064f14ef8f27" testId="83cb287d-cb1f-401e-aa05-eeaa9cca1a5c" testName="FormatToStringTest1000 (41008.28505327194,41008.29 zł)" computerName="DESKTOP-5URQ9PB" duration="00:00:00.0000062" startTime="2022-06-13T21:11:26.6322696+02:00" endTime="2022-06-13T21:11:26.6323345+02:00" testType="13cdc9d9-ddb5-4fa4-a97d-d965ccfc6d4b" outcome="Passed" testListId="8c84fa94-04c1-424b-9868-57a2d4851a1d" relativeResultsDirectory="977874fa-4f30-4acd-94db-064f14ef8f27" />
    <UnitTestResult executionId="348265cc-e074-4695-b508-15122874306e" testId="d24ddb8d-c9ec-4745-bd82-2273ac297d9a" testName="FormatToStringTest1000 (3646.857719214101,3646.86 zł)" computerName="DESKTOP-5URQ9PB" duration="00:00:00.0000066" startTime="2022-06-13T21:11:26.5071707+02:00" endTime="2022-06-13T21:11:26.5072529+02:00" testType="13cdc9d9-ddb5-4fa4-a97d-d965ccfc6d4b" outcome="Passed" testListId="8c84fa94-04c1-424b-9868-57a2d4851a1d" relativeResultsDirectory="348265cc-e074-4695-b508-15122874306e" />
    <UnitTestResult executionId="df835463-0975-4fa7-ab66-c68baccea3d8" testId="6b6aac90-4972-4b56-9424-06105a652299" testName="FormatToStringTest1000 (44869.327020554025,44869.33 zł)" computerName="DESKTOP-5URQ9PB" duration="00:00:00.0000060" startTime="2022-06-13T21:11:26.3896671+02:00" endTime="2022-06-13T21:11:26.3897315+02:00" testType="13cdc9d9-ddb5-4fa4-a97d-d965ccfc6d4b" outcome="Passed" testListId="8c84fa94-04c1-424b-9868-57a2d4851a1d" relativeResultsDirectory="df835463-0975-4fa7-ab66-c68baccea3d8" />
    <UnitTestResult executionId="cea773cc-0690-432d-9ae6-cde8b11d6ee8" testId="470b7be8-f7ef-47d6-9ca2-861657b5b845" testName="FormatToStringTest1000 (577.6071367564645,577.61 zł)" computerName="DESKTOP-5URQ9PB" duration="00:00:00.0000062" startTime="2022-06-13T21:11:26.6796833+02:00" endTime="2022-06-13T21:11:26.6797478+02:00" testType="13cdc9d9-ddb5-4fa4-a97d-d965ccfc6d4b" outcome="Passed" testListId="8c84fa94-04c1-424b-9868-57a2d4851a1d" relativeResultsDirectory="cea773cc-0690-432d-9ae6-cde8b11d6ee8" />
    <UnitTestResult executionId="e26116ef-5dd1-4041-8921-daed8d64a2c0" testId="bd62be1e-fa54-44ba-8037-a724071dd1fb" testName="FormatToStringTest1000 (19435.417227184127,19435.42 zł)" computerName="DESKTOP-5URQ9PB" duration="00:00:00.0000063" startTime="2022-06-13T21:11:26.5191687+02:00" endTime="2022-06-13T21:11:26.5192357+02:00" testType="13cdc9d9-ddb5-4fa4-a97d-d965ccfc6d4b" outcome="Passed" testListId="8c84fa94-04c1-424b-9868-57a2d4851a1d" relativeResultsDirectory="e26116ef-5dd1-4041-8921-daed8d64a2c0" />
    <UnitTestResult executionId="ff1d10c5-d7c5-477c-ab5c-c1e580f5c6cd" testId="268d8f7d-168a-4f50-98f1-93e0c77e5497" testName="FormatToStringTest1000 (6057.842750804426,6057.84 zł)" computerName="DESKTOP-5URQ9PB" duration="00:00:00.0000060" startTime="2022-06-13T21:11:26.3897487+02:00" endTime="2022-06-13T21:11:26.3898126+02:00" testType="13cdc9d9-ddb5-4fa4-a97d-d965ccfc6d4b" outcome="Passed" testListId="8c84fa94-04c1-424b-9868-57a2d4851a1d" relativeResultsDirectory="ff1d10c5-d7c5-477c-ab5c-c1e580f5c6cd" />
    <UnitTestResult executionId="48b8531c-228b-4612-a170-df74f878ffea" testId="caab71ac-90fc-4cdf-aae8-a34a17b0a63a" testName="FormatToStringTest1000 (5957.42161879941,5957.42 zł)" computerName="DESKTOP-5URQ9PB" duration="00:00:00.0000072" startTime="2022-06-13T21:11:26.6003024+02:00" endTime="2022-06-13T21:11:26.6003712+02:00" testType="13cdc9d9-ddb5-4fa4-a97d-d965ccfc6d4b" outcome="Passed" testListId="8c84fa94-04c1-424b-9868-57a2d4851a1d" relativeResultsDirectory="48b8531c-228b-4612-a170-df74f878ffea" />
    <UnitTestResult executionId="d43f8c48-8046-474d-b774-272969a6d74a" testId="b8ad63f8-af80-48c6-a918-ae3fc41f774c" testName="FormatToStringTest1000 (30138.55109863102,30138.55 zł)" computerName="DESKTOP-5URQ9PB" duration="00:00:00.0000065" startTime="2022-06-13T21:11:26.5943286+02:00" endTime="2022-06-13T21:11:26.5944034+02:00" testType="13cdc9d9-ddb5-4fa4-a97d-d965ccfc6d4b" outcome="Passed" testListId="8c84fa94-04c1-424b-9868-57a2d4851a1d" relativeResultsDirectory="d43f8c48-8046-474d-b774-272969a6d74a" />
    <UnitTestResult executionId="58b5d31f-ba2e-47b7-bdd7-cb9044679f3b" testId="22eaa68e-6e02-4d3b-b60f-1745a6dc6e98" testName="FormatToStringTest1000 (74851.91547305691,74851.92 zł)" computerName="DESKTOP-5URQ9PB" duration="00:00:00.0000061" startTime="2022-06-13T21:11:26.6731961+02:00" endTime="2022-06-13T21:11:26.6732654+02:00" testType="13cdc9d9-ddb5-4fa4-a97d-d965ccfc6d4b" outcome="Passed" testListId="8c84fa94-04c1-424b-9868-57a2d4851a1d" relativeResultsDirectory="58b5d31f-ba2e-47b7-bdd7-cb9044679f3b" />
    <UnitTestResult executionId="f5f9f192-0a8d-4f85-bb76-05fd961e69c9" testId="50d7a225-a939-42bf-aa5b-3b351954dba6" testName="FormatToStringTest1000 (31290.71396233687,31290.71 zł)" computerName="DESKTOP-5URQ9PB" duration="00:00:00.0000061" startTime="2022-06-13T21:11:26.3671289+02:00" endTime="2022-06-13T21:11:26.3671998+02:00" testType="13cdc9d9-ddb5-4fa4-a97d-d965ccfc6d4b" outcome="Passed" testListId="8c84fa94-04c1-424b-9868-57a2d4851a1d" relativeResultsDirectory="f5f9f192-0a8d-4f85-bb76-05fd961e69c9" />
    <UnitTestResult executionId="cbb9c22b-adc4-4247-8977-46fb72c54299" testId="8cc68e00-6094-422b-b856-95c85975b717" testName="FormatToStringTest1000 (14035.12972514477,14035.13 zł)" computerName="DESKTOP-5URQ9PB" duration="00:00:00.0000065" startTime="2022-06-13T21:11:26.4032119+02:00" endTime="2022-06-13T21:11:26.4032773+02:00" testType="13cdc9d9-ddb5-4fa4-a97d-d965ccfc6d4b" outcome="Passed" testListId="8c84fa94-04c1-424b-9868-57a2d4851a1d" relativeResultsDirectory="cbb9c22b-adc4-4247-8977-46fb72c54299" />
    <UnitTestResult executionId="1ca44342-506b-4e0f-93c1-f905392c1de2" testId="c6750fc6-6081-4a11-84e9-31f1035c26ee" testName="FormatToStringTest1000 (23789.556920184546,23789.56 zł)" computerName="DESKTOP-5URQ9PB" duration="00:00:00.0000063" startTime="2022-06-13T21:11:26.6945253+02:00" endTime="2022-06-13T21:11:26.6945896+02:00" testType="13cdc9d9-ddb5-4fa4-a97d-d965ccfc6d4b" outcome="Passed" testListId="8c84fa94-04c1-424b-9868-57a2d4851a1d" relativeResultsDirectory="1ca44342-506b-4e0f-93c1-f905392c1de2" />
    <UnitTestResult executionId="eb30bda7-ff2e-4073-8053-d978c03f7f01" testId="178c8b6e-5923-4521-a58e-a3fbec364c76" testName="FormatToStringTest1000 (45455.14554704127,45455.15 zł)" computerName="DESKTOP-5URQ9PB" duration="00:00:00.0000068" startTime="2022-06-13T21:11:26.4845594+02:00" endTime="2022-06-13T21:11:26.4846268+02:00" testType="13cdc9d9-ddb5-4fa4-a97d-d965ccfc6d4b" outcome="Passed" testListId="8c84fa94-04c1-424b-9868-57a2d4851a1d" relativeResultsDirectory="eb30bda7-ff2e-4073-8053-d978c03f7f01" />
    <UnitTestResult executionId="7678d8d1-249d-4bdb-9bfc-0eab397dfa15" testId="45509de9-0fc1-4121-93a5-bfd5c0bf0840" testName="FormatToStringTest1000 (69864.17463991146,69864.17 zł)" computerName="DESKTOP-5URQ9PB" duration="00:00:00.0000063" startTime="2022-06-13T21:11:26.3740018+02:00" endTime="2022-06-13T21:11:26.3740736+02:00" testType="13cdc9d9-ddb5-4fa4-a97d-d965ccfc6d4b" outcome="Passed" testListId="8c84fa94-04c1-424b-9868-57a2d4851a1d" relativeResultsDirectory="7678d8d1-249d-4bdb-9bfc-0eab397dfa15" />
    <UnitTestResult executionId="f6e3785b-1d7f-4144-ba76-df78554a66bc" testId="9781f43d-3a6c-4aaf-a304-9298cad2d283" testName="FormatToStringTest1000 (16208.076866391615,16208.08 zł)" computerName="DESKTOP-5URQ9PB" duration="00:00:00.0000204" startTime="2022-06-13T21:11:26.7019735+02:00" endTime="2022-06-13T21:11:26.7022227+02:00" testType="13cdc9d9-ddb5-4fa4-a97d-d965ccfc6d4b" outcome="Passed" testListId="8c84fa94-04c1-424b-9868-57a2d4851a1d" relativeResultsDirectory="f6e3785b-1d7f-4144-ba76-df78554a66bc" />
    <UnitTestResult executionId="cc88f2eb-8783-4e91-9b6e-8748d281bed6" testId="fd399e83-5fa5-4b15-a014-30e9db1cc233" testName="FormatToStringTest1000 (2505.286326204094,2505.29 zł)" computerName="DESKTOP-5URQ9PB" duration="00:00:00.0000064" startTime="2022-06-13T21:11:26.5288443+02:00" endTime="2022-06-13T21:11:26.5289118+02:00" testType="13cdc9d9-ddb5-4fa4-a97d-d965ccfc6d4b" outcome="Passed" testListId="8c84fa94-04c1-424b-9868-57a2d4851a1d" relativeResultsDirectory="cc88f2eb-8783-4e91-9b6e-8748d281bed6" />
    <UnitTestResult executionId="7a5eeed9-84c3-47a6-bb57-1fb05fa1a317" testId="e1b232a6-81d6-4a16-a93f-a3593353b42f" testName="FormatToStringTest1000 (15669.698889610218,15669.70 zł)" computerName="DESKTOP-5URQ9PB" duration="00:00:00.0000070" startTime="2022-06-13T21:11:26.6508777+02:00" endTime="2022-06-13T21:11:26.6509537+02:00" testType="13cdc9d9-ddb5-4fa4-a97d-d965ccfc6d4b" outcome="Passed" testListId="8c84fa94-04c1-424b-9868-57a2d4851a1d" relativeResultsDirectory="7a5eeed9-84c3-47a6-bb57-1fb05fa1a317" />
    <UnitTestResult executionId="748ba392-694f-40d1-9bca-3625fdad5f0a" testId="0f70bcb8-8ea1-4279-b289-01860ad370c2" testName="FormatToStringTest1000 (23282.56178903047,23282.56 zł)" computerName="DESKTOP-5URQ9PB" duration="00:00:00.0000062" startTime="2022-06-13T21:11:26.4285727+02:00" endTime="2022-06-13T21:11:26.4286395+02:00" testType="13cdc9d9-ddb5-4fa4-a97d-d965ccfc6d4b" outcome="Passed" testListId="8c84fa94-04c1-424b-9868-57a2d4851a1d" relativeResultsDirectory="748ba392-694f-40d1-9bca-3625fdad5f0a" />
    <UnitTestResult executionId="9f8a1a86-7427-4f19-baeb-80dc9b4810a0" testId="7862f29e-3609-4985-835b-606fd95679e6" testName="FormatToStringTest1000 (20643.69044446465,20643.69 zł)" computerName="DESKTOP-5URQ9PB" duration="00:00:00.0000063" startTime="2022-06-13T21:11:26.6197984+02:00" endTime="2022-06-13T21:11:26.6198629+02:00" testType="13cdc9d9-ddb5-4fa4-a97d-d965ccfc6d4b" outcome="Passed" testListId="8c84fa94-04c1-424b-9868-57a2d4851a1d" relativeResultsDirectory="9f8a1a86-7427-4f19-baeb-80dc9b4810a0" />
    <UnitTestResult executionId="9a90389a-6fd2-4bc9-a55e-242bf7270e6e" testId="a0052206-0970-4971-b2fb-12a715d9ed8c" testName="FormatToStringTest1000 (35065.40267025652,35065.40 zł)" computerName="DESKTOP-5URQ9PB" duration="00:00:00.0000061" startTime="2022-06-13T21:11:26.6166914+02:00" endTime="2022-06-13T21:11:26.6167547+02:00" testType="13cdc9d9-ddb5-4fa4-a97d-d965ccfc6d4b" outcome="Passed" testListId="8c84fa94-04c1-424b-9868-57a2d4851a1d" relativeResultsDirectory="9a90389a-6fd2-4bc9-a55e-242bf7270e6e" />
    <UnitTestResult executionId="52f7ecad-07fd-4d3b-b833-0be128472f4f" testId="83842fa2-a2e4-4c8a-988b-a2aff6f70f5d" testName="FormatToStringTest1000 (43727.735558145556,43727.74 zł)" computerName="DESKTOP-5URQ9PB" duration="00:00:00.0000060" startTime="2022-06-13T21:11:26.4679138+02:00" endTime="2022-06-13T21:11:26.4679802+02:00" testType="13cdc9d9-ddb5-4fa4-a97d-d965ccfc6d4b" outcome="Passed" testListId="8c84fa94-04c1-424b-9868-57a2d4851a1d" relativeResultsDirectory="52f7ecad-07fd-4d3b-b833-0be128472f4f" />
    <UnitTestResult executionId="fa8ed07d-0668-4f51-92fc-9dc646bef1f1" testId="7ce0bdc1-89b1-4595-b578-5e2afab9b51c" testName="FormatToStringTest1000 (1751.1734380625066,1751.17 zł)" computerName="DESKTOP-5URQ9PB" duration="00:00:00.0000064" startTime="2022-06-13T21:11:26.6290760+02:00" endTime="2022-06-13T21:11:26.6291417+02:00" testType="13cdc9d9-ddb5-4fa4-a97d-d965ccfc6d4b" outcome="Passed" testListId="8c84fa94-04c1-424b-9868-57a2d4851a1d" relativeResultsDirectory="fa8ed07d-0668-4f51-92fc-9dc646bef1f1" />
    <UnitTestResult executionId="97acc20c-6a79-4d83-a618-11a9c4f47176" testId="a94ceeb5-4b0d-49bb-9e2f-c12a2c886771" testName="FormatToStringTest1000 (9928.477822322622,9928.48 zł)" computerName="DESKTOP-5URQ9PB" duration="00:00:00.0000061" startTime="2022-06-13T21:11:26.5888601+02:00" endTime="2022-06-13T21:11:26.5889253+02:00" testType="13cdc9d9-ddb5-4fa4-a97d-d965ccfc6d4b" outcome="Passed" testListId="8c84fa94-04c1-424b-9868-57a2d4851a1d" relativeResultsDirectory="97acc20c-6a79-4d83-a618-11a9c4f47176" />
    <UnitTestResult executionId="3ea357e9-453c-4222-b4bf-6369ff3c8cb6" testId="cb2e8fe5-67ed-4f35-a57c-e602ef1d06cc" testName="FormatToStringTest1000 (972.1468308629221,972.15 zł)" computerName="DESKTOP-5URQ9PB" duration="00:00:00.0000063" startTime="2022-06-13T21:11:26.5754191+02:00" endTime="2022-06-13T21:11:26.5754860+02:00" testType="13cdc9d9-ddb5-4fa4-a97d-d965ccfc6d4b" outcome="Passed" testListId="8c84fa94-04c1-424b-9868-57a2d4851a1d" relativeResultsDirectory="3ea357e9-453c-4222-b4bf-6369ff3c8cb6" />
    <UnitTestResult executionId="7a261941-d4f7-45d7-a7d6-60e9b2b0b18d" testId="33a46810-40c5-49ba-a976-327eebbc4ad7" testName="FormatToStringTest1000 (10527.083945901639,10527.08 zł)" computerName="DESKTOP-5URQ9PB" duration="00:00:00.0000065" startTime="2022-06-13T21:11:26.6380408+02:00" endTime="2022-06-13T21:11:26.6381067+02:00" testType="13cdc9d9-ddb5-4fa4-a97d-d965ccfc6d4b" outcome="Passed" testListId="8c84fa94-04c1-424b-9868-57a2d4851a1d" relativeResultsDirectory="7a261941-d4f7-45d7-a7d6-60e9b2b0b18d" />
    <UnitTestResult executionId="461f7efd-b513-47cf-ae71-7f5435d1d931" testId="0fd5dcba-4b2a-4b10-ac22-7f665b36bcad" testName="FormatToStringTest1000 (1814.7218118955948,1814.72 zł)" computerName="DESKTOP-5URQ9PB" duration="00:00:00.0000063" startTime="2022-06-13T21:11:26.6972604+02:00" endTime="2022-06-13T21:11:26.6973251+02:00" testType="13cdc9d9-ddb5-4fa4-a97d-d965ccfc6d4b" outcome="Passed" testListId="8c84fa94-04c1-424b-9868-57a2d4851a1d" relativeResultsDirectory="461f7efd-b513-47cf-ae71-7f5435d1d931" />
    <UnitTestResult executionId="7abde1ca-2e3b-45a2-807b-9c781dec0bf3" testId="9cf7bc5c-a5db-4b35-a0a4-a2f327e60f20" testName="FormatToStringTest1000 (28298.945361683585,28298.95 zł)" computerName="DESKTOP-5URQ9PB" duration="00:00:00.0000065" startTime="2022-06-13T21:11:26.5283132+02:00" endTime="2022-06-13T21:11:26.5283977+02:00" testType="13cdc9d9-ddb5-4fa4-a97d-d965ccfc6d4b" outcome="Passed" testListId="8c84fa94-04c1-424b-9868-57a2d4851a1d" relativeResultsDirectory="7abde1ca-2e3b-45a2-807b-9c781dec0bf3" />
    <UnitTestResult executionId="dd797b97-ec0c-424d-9a18-dd11c3d41534" testId="4e72c411-44f7-40aa-87a8-46250af49ad5" testName="FormatToStringTest1000 (11958.422287871792,11958.42 zł)" computerName="DESKTOP-5URQ9PB" duration="00:00:00.0000060" startTime="2022-06-13T21:11:26.4814813+02:00" endTime="2022-06-13T21:11:26.4815480+02:00" testType="13cdc9d9-ddb5-4fa4-a97d-d965ccfc6d4b" outcome="Passed" testListId="8c84fa94-04c1-424b-9868-57a2d4851a1d" relativeResultsDirectory="dd797b97-ec0c-424d-9a18-dd11c3d41534" />
    <UnitTestResult executionId="1eb66eb7-14be-4034-823d-273460359b4d" testId="f7f2a5ca-c134-45e9-aa4f-9e63421db3b8" testName="FormatToStringTest1000 (22330.217605518745,22330.22 zł)" computerName="DESKTOP-5URQ9PB" duration="00:00:00.0000059" startTime="2022-06-13T21:11:26.7059738+02:00" endTime="2022-06-13T21:11:26.7060389+02:00" testType="13cdc9d9-ddb5-4fa4-a97d-d965ccfc6d4b" outcome="Passed" testListId="8c84fa94-04c1-424b-9868-57a2d4851a1d" relativeResultsDirectory="1eb66eb7-14be-4034-823d-273460359b4d" />
    <UnitTestResult executionId="0c12270f-0270-41d7-a293-a13bad24bc90" testId="b5953014-a415-461a-b5fa-51f3853e5442" testName="FormatToStringTest1000 (69373.32129976773,69373.32 zł)" computerName="DESKTOP-5URQ9PB" duration="00:00:00.0000063" startTime="2022-06-13T21:11:26.5158546+02:00" endTime="2022-06-13T21:11:26.5159212+02:00" testType="13cdc9d9-ddb5-4fa4-a97d-d965ccfc6d4b" outcome="Passed" testListId="8c84fa94-04c1-424b-9868-57a2d4851a1d" relativeResultsDirectory="0c12270f-0270-41d7-a293-a13bad24bc90" />
    <UnitTestResult executionId="d31e613a-1fca-4a77-948f-dfb122d229c1" testId="8457ad30-c519-4618-9e30-50647d930bd6" testName="FormatToStringTest1000 (12221.10494323592,12221.10 zł)" computerName="DESKTOP-5URQ9PB" duration="00:00:00.0000059" startTime="2022-06-13T21:11:26.3839357+02:00" endTime="2022-06-13T21:11:26.3840001+02:00" testType="13cdc9d9-ddb5-4fa4-a97d-d965ccfc6d4b" outcome="Passed" testListId="8c84fa94-04c1-424b-9868-57a2d4851a1d" relativeResultsDirectory="d31e613a-1fca-4a77-948f-dfb122d229c1" />
    <UnitTestResult executionId="f36d75da-143f-4c0b-9555-5f80abd04f95" testId="37ead7fb-8d5d-4d30-a8db-7a761d33ee9f" testName="FormatToStringTest1000 (4614.673205890541,4614.67 zł)" computerName="DESKTOP-5URQ9PB" duration="00:00:00.0000059" startTime="2022-06-13T21:11:26.3864638+02:00" endTime="2022-06-13T21:11:26.3865282+02:00" testType="13cdc9d9-ddb5-4fa4-a97d-d965ccfc6d4b" outcome="Passed" testListId="8c84fa94-04c1-424b-9868-57a2d4851a1d" relativeResultsDirectory="f36d75da-143f-4c0b-9555-5f80abd04f95" />
    <UnitTestResult executionId="3c4fbbc3-6ef3-40fe-85bc-dfeaab3d9ece" testId="beb6e5a2-79ee-4d4f-ac68-03b32550b5f1" testName="FormatToStringTest1000 (64887.45559046951,64887.46 zł)" computerName="DESKTOP-5URQ9PB" duration="00:00:00.0000063" startTime="2022-06-13T21:11:26.4844745+02:00" endTime="2022-06-13T21:11:26.4845417+02:00" testType="13cdc9d9-ddb5-4fa4-a97d-d965ccfc6d4b" outcome="Passed" testListId="8c84fa94-04c1-424b-9868-57a2d4851a1d" relativeResultsDirectory="3c4fbbc3-6ef3-40fe-85bc-dfeaab3d9ece" />
    <UnitTestResult executionId="62c215c8-80eb-48ac-a0d6-9444ae61743c" testId="cc566511-47aa-41a3-8502-65a402188d01" testName="FormatToStringTest1000 (40545.70748620001,40545.71 zł)" computerName="DESKTOP-5URQ9PB" duration="00:00:00.0000062" startTime="2022-06-13T21:11:26.6659951+02:00" endTime="2022-06-13T21:11:26.6660595+02:00" testType="13cdc9d9-ddb5-4fa4-a97d-d965ccfc6d4b" outcome="Passed" testListId="8c84fa94-04c1-424b-9868-57a2d4851a1d" relativeResultsDirectory="62c215c8-80eb-48ac-a0d6-9444ae61743c" />
    <UnitTestResult executionId="0d7b4184-730f-4746-9f7a-645935fb9173" testId="8e4a51c1-09ba-47b6-9127-5a6d681137cc" testName="FormatToStringTest1000 (19840.47672110632,19840.48 zł)" computerName="DESKTOP-5URQ9PB" duration="00:00:00.0000066" startTime="2022-06-13T21:11:26.4223062+02:00" endTime="2022-06-13T21:11:26.4223853+02:00" testType="13cdc9d9-ddb5-4fa4-a97d-d965ccfc6d4b" outcome="Passed" testListId="8c84fa94-04c1-424b-9868-57a2d4851a1d" relativeResultsDirectory="0d7b4184-730f-4746-9f7a-645935fb9173" />
    <UnitTestResult executionId="47d8dc14-4884-4731-b428-9f481bfb6ed3" testId="5b43103b-7a82-45d0-8d4e-1bec3c422278" testName="FormatToStringTest1000 (545.7016866634142,545.70 zł)" computerName="DESKTOP-5URQ9PB" duration="00:00:00.0000099" startTime="2022-06-13T21:11:26.5382167+02:00" endTime="2022-06-13T21:11:26.5383006+02:00" testType="13cdc9d9-ddb5-4fa4-a97d-d965ccfc6d4b" outcome="Passed" testListId="8c84fa94-04c1-424b-9868-57a2d4851a1d" relativeResultsDirectory="47d8dc14-4884-4731-b428-9f481bfb6ed3" />
    <UnitTestResult executionId="a282c20e-1851-4115-95e0-20366d3137c8" testId="2957c271-fa29-48c0-9ed8-2ecd62665f83" testName="FormatToStringTest1000 (272.5621069118204,272.56 zł)" computerName="DESKTOP-5URQ9PB" duration="00:00:00.0000062" startTime="2022-06-13T21:11:26.5350960+02:00" endTime="2022-06-13T21:11:26.5351645+02:00" testType="13cdc9d9-ddb5-4fa4-a97d-d965ccfc6d4b" outcome="Passed" testListId="8c84fa94-04c1-424b-9868-57a2d4851a1d" relativeResultsDirectory="a282c20e-1851-4115-95e0-20366d3137c8" />
    <UnitTestResult executionId="2018dd4f-84a0-4d86-85f5-729320afea1f" testId="7d8916b6-0462-437b-896f-7bce93631194" testName="FormatToStringTest1000 (35.34471716840971,35.34 zł)" computerName="DESKTOP-5URQ9PB" duration="00:00:00.0000062" startTime="2022-06-13T21:11:26.5974540+02:00" endTime="2022-06-13T21:11:26.5975186+02:00" testType="13cdc9d9-ddb5-4fa4-a97d-d965ccfc6d4b" outcome="Passed" testListId="8c84fa94-04c1-424b-9868-57a2d4851a1d" relativeResultsDirectory="2018dd4f-84a0-4d86-85f5-729320afea1f" />
    <UnitTestResult executionId="9bbff83f-6ed0-431d-b975-3f96c8f0afff" testId="e0ea6ed5-b92f-45be-9355-3cc4109f5e62" testName="FormatToStringTest1000 (9603.199987620208,9603.20 zł)" computerName="DESKTOP-5URQ9PB" duration="00:00:00.0000062" startTime="2022-06-13T21:11:26.7092625+02:00" endTime="2022-06-13T21:11:26.7093265+02:00" testType="13cdc9d9-ddb5-4fa4-a97d-d965ccfc6d4b" outcome="Passed" testListId="8c84fa94-04c1-424b-9868-57a2d4851a1d" relativeResultsDirectory="9bbff83f-6ed0-431d-b975-3f96c8f0afff" />
    <UnitTestResult executionId="f9394408-9549-4d76-8807-f08ecb5f5be8" testId="45f31f92-71d1-4d0d-8d23-5766cdb0bfd7" testName="FormatToStringTest1000 (4636.500544966897,4636.50 zł)" computerName="DESKTOP-5URQ9PB" duration="00:00:00.0000064" startTime="2022-06-13T21:11:26.6128445+02:00" endTime="2022-06-13T21:11:26.6129154+02:00" testType="13cdc9d9-ddb5-4fa4-a97d-d965ccfc6d4b" outcome="Passed" testListId="8c84fa94-04c1-424b-9868-57a2d4851a1d" relativeResultsDirectory="f9394408-9549-4d76-8807-f08ecb5f5be8" />
    <UnitTestResult executionId="1a5b4a01-67dc-42bb-8a74-a8207d95e5ee" testId="addd23a9-3a35-4a5d-a4c8-fd0f9ca93a5b" testName="FormatToStringTest1000 (47025.6224095177,47025.62 zł)" computerName="DESKTOP-5URQ9PB" duration="00:00:00.0000064" startTime="2022-06-13T21:11:26.4318880+02:00" endTime="2022-06-13T21:11:26.4319524+02:00" testType="13cdc9d9-ddb5-4fa4-a97d-d965ccfc6d4b" outcome="Passed" testListId="8c84fa94-04c1-424b-9868-57a2d4851a1d" relativeResultsDirectory="1a5b4a01-67dc-42bb-8a74-a8207d95e5ee" />
    <UnitTestResult executionId="105b7210-3e08-47e8-877d-ba39235341f8" testId="39ec5ca5-3bf4-47ba-a451-0f820a63f4bc" testName="FormatToStringTest1000 (14920.620598662934,14920.62 zł)" computerName="DESKTOP-5URQ9PB" duration="00:00:00.0000061" startTime="2022-06-13T21:11:26.4155731+02:00" endTime="2022-06-13T21:11:26.4156377+02:00" testType="13cdc9d9-ddb5-4fa4-a97d-d965ccfc6d4b" outcome="Passed" testListId="8c84fa94-04c1-424b-9868-57a2d4851a1d" relativeResultsDirectory="105b7210-3e08-47e8-877d-ba39235341f8" />
    <UnitTestResult executionId="c81773c0-f6aa-4be2-b747-165403555184" testId="0015ef69-7065-4e04-9b5c-6a69d6706732" testName="FormatToStringTest1000 (59283.48311990662,59283.48 zł)" computerName="DESKTOP-5URQ9PB" duration="00:00:00.0000069" startTime="2022-06-13T21:11:26.4412763+02:00" endTime="2022-06-13T21:11:26.4413664+02:00" testType="13cdc9d9-ddb5-4fa4-a97d-d965ccfc6d4b" outcome="Passed" testListId="8c84fa94-04c1-424b-9868-57a2d4851a1d" relativeResultsDirectory="c81773c0-f6aa-4be2-b747-165403555184" />
    <UnitTestResult executionId="b2a25104-4faa-4b18-afa7-be14889e9e8e" testId="0dde8f2d-3d86-47ea-8ecc-de1512fa23ab" testName="FormatToStringTest1000 (8095.485677032492,8095.49 zł)" computerName="DESKTOP-5URQ9PB" duration="00:00:00.0000062" startTime="2022-06-13T21:11:26.5812686+02:00" endTime="2022-06-13T21:11:26.5813443+02:00" testType="13cdc9d9-ddb5-4fa4-a97d-d965ccfc6d4b" outcome="Passed" testListId="8c84fa94-04c1-424b-9868-57a2d4851a1d" relativeResultsDirectory="b2a25104-4faa-4b18-afa7-be14889e9e8e" />
    <UnitTestResult executionId="e8466646-cafc-4ab3-a0ee-11249fce945c" testId="c028af0c-7532-4e15-bece-8c0d88af74f7" testName="FormatToStringTest1000 (1884.4923513031063,1884.49 zł)" computerName="DESKTOP-5URQ9PB" duration="00:00:00.0000065" startTime="2022-06-13T21:11:26.5433103+02:00" endTime="2022-06-13T21:11:26.5433915+02:00" testType="13cdc9d9-ddb5-4fa4-a97d-d965ccfc6d4b" outcome="Passed" testListId="8c84fa94-04c1-424b-9868-57a2d4851a1d" relativeResultsDirectory="e8466646-cafc-4ab3-a0ee-11249fce945c" />
    <UnitTestResult executionId="c4216952-a11b-4177-aa34-9357833f6719" testId="487b5b95-a786-47bd-9faf-6f1b62ed1080" testName="FormatToStringTest1000 (10370.0107542784,10370.01 zł)" computerName="DESKTOP-5URQ9PB" duration="00:00:00.0000125" startTime="2022-06-13T21:11:26.5248969+02:00" endTime="2022-06-13T21:11:26.5250410+02:00" testType="13cdc9d9-ddb5-4fa4-a97d-d965ccfc6d4b" outcome="Passed" testListId="8c84fa94-04c1-424b-9868-57a2d4851a1d" relativeResultsDirectory="c4216952-a11b-4177-aa34-9357833f6719" />
    <UnitTestResult executionId="0be8ae02-9789-435d-9233-30864f3a76e9" testId="da4d8477-fd67-4e2d-bf8e-d34601926420" testName="FormatToStringTest1000 (25036.98767214035,25036.99 zł)" computerName="DESKTOP-5URQ9PB" duration="00:00:00.0000068" startTime="2022-06-13T21:11:26.4178386+02:00" endTime="2022-06-13T21:11:26.4179156+02:00" testType="13cdc9d9-ddb5-4fa4-a97d-d965ccfc6d4b" outcome="Passed" testListId="8c84fa94-04c1-424b-9868-57a2d4851a1d" relativeResultsDirectory="0be8ae02-9789-435d-9233-30864f3a76e9" />
    <UnitTestResult executionId="252f1109-8fd3-44bb-a881-a25e9da6f58e" testId="ba0dbdc0-ae02-4d48-a6ba-d908811c6e3d" testName="FormatToStringTest1000 (6710.131197082871,6710.13 zł)" computerName="DESKTOP-5URQ9PB" duration="00:00:00.0000061" startTime="2022-06-13T21:11:26.6886125+02:00" endTime="2022-06-13T21:11:26.6886769+02:00" testType="13cdc9d9-ddb5-4fa4-a97d-d965ccfc6d4b" outcome="Passed" testListId="8c84fa94-04c1-424b-9868-57a2d4851a1d" relativeResultsDirectory="252f1109-8fd3-44bb-a881-a25e9da6f58e" />
    <UnitTestResult executionId="f48f27ed-24c9-4e00-adc3-d725c42484aa" testId="5302c08b-0404-4a00-9545-fb6e9acafae0" testName="FormatToStringTest1000 (12283.48626129026,12283.49 zł)" computerName="DESKTOP-5URQ9PB" duration="00:00:00.0000062" startTime="2022-06-13T21:11:26.4708902+02:00" endTime="2022-06-13T21:11:26.4709566+02:00" testType="13cdc9d9-ddb5-4fa4-a97d-d965ccfc6d4b" outcome="Passed" testListId="8c84fa94-04c1-424b-9868-57a2d4851a1d" relativeResultsDirectory="f48f27ed-24c9-4e00-adc3-d725c42484aa" />
    <UnitTestResult executionId="f9534c3b-70d4-4e6c-99ae-8273c00eb90d" testId="b7455842-daaa-4d83-a972-b236f9d6c119" testName="FormatToStringTest1000 (16030.852371789913,16030.85 zł)" computerName="DESKTOP-5URQ9PB" duration="00:00:00.0000067" startTime="2022-06-13T21:11:26.3861913+02:00" endTime="2022-06-13T21:11:26.3862674+02:00" testType="13cdc9d9-ddb5-4fa4-a97d-d965ccfc6d4b" outcome="Passed" testListId="8c84fa94-04c1-424b-9868-57a2d4851a1d" relativeResultsDirectory="f9534c3b-70d4-4e6c-99ae-8273c00eb90d" />
    <UnitTestResult executionId="2801c396-d4f1-4438-a22e-102890646a5b" testId="b720bf4a-1a62-4004-9dcc-f6e30ba28954" testName="FormatToStringTest1000 (17953.338243749615,17953.34 zł)" computerName="DESKTOP-5URQ9PB" duration="00:00:00.0000063" startTime="2022-06-13T21:11:26.3705492+02:00" endTime="2022-06-13T21:11:26.3706230+02:00" testType="13cdc9d9-ddb5-4fa4-a97d-d965ccfc6d4b" outcome="Passed" testListId="8c84fa94-04c1-424b-9868-57a2d4851a1d" relativeResultsDirectory="2801c396-d4f1-4438-a22e-102890646a5b" />
    <UnitTestResult executionId="4220deb8-ccb9-4baf-a805-77d966dd6bc9" testId="be557526-1bc6-4036-8d27-e5a23fa48e54" testName="FormatToStringTest1000 (29678.921519093645,29678.92 zł)" computerName="DESKTOP-5URQ9PB" duration="00:00:00.0000407" startTime="2022-06-13T21:11:26.5714661+02:00" endTime="2022-06-13T21:11:26.5717074+02:00" testType="13cdc9d9-ddb5-4fa4-a97d-d965ccfc6d4b" outcome="Passed" testListId="8c84fa94-04c1-424b-9868-57a2d4851a1d" relativeResultsDirectory="4220deb8-ccb9-4baf-a805-77d966dd6bc9" />
    <UnitTestResult executionId="4c865082-fb03-4168-8135-cc5a57616e5e" testId="3e63026c-f1a4-41f5-8872-c618ab4ca7ef" testName="FormatToStringTest1000 (7592.950837113406,7592.95 zł)" computerName="DESKTOP-5URQ9PB" duration="00:00:00.0000062" startTime="2022-06-13T21:11:26.3799764+02:00" endTime="2022-06-13T21:11:26.3800482+02:00" testType="13cdc9d9-ddb5-4fa4-a97d-d965ccfc6d4b" outcome="Passed" testListId="8c84fa94-04c1-424b-9868-57a2d4851a1d" relativeResultsDirectory="4c865082-fb03-4168-8135-cc5a57616e5e" />
    <UnitTestResult executionId="e5c1b69f-60e1-4366-8834-727625e51ce6" testId="64fb0330-5e34-4a39-a982-bc6d5bafbf5c" testName="FormatToStringTest1000 (23174.85693288448,23174.86 zł)" computerName="DESKTOP-5URQ9PB" duration="00:00:00.0000062" startTime="2022-06-13T21:11:26.4971394+02:00" endTime="2022-06-13T21:11:26.4972058+02:00" testType="13cdc9d9-ddb5-4fa4-a97d-d965ccfc6d4b" outcome="Passed" testListId="8c84fa94-04c1-424b-9868-57a2d4851a1d" relativeResultsDirectory="e5c1b69f-60e1-4366-8834-727625e51ce6" />
    <UnitTestResult executionId="b5c1a47f-0c37-470c-9854-776dd27e0b6d" testId="b219c3e2-72b7-48a5-ade0-8e05a9a59177" testName="FormatToStringTest1000 (14218.204344010543,14218.20 zł)" computerName="DESKTOP-5URQ9PB" duration="00:00:00.0000060" startTime="2022-06-13T21:11:26.6600430+02:00" endTime="2022-06-13T21:11:26.6601079+02:00" testType="13cdc9d9-ddb5-4fa4-a97d-d965ccfc6d4b" outcome="Passed" testListId="8c84fa94-04c1-424b-9868-57a2d4851a1d" relativeResultsDirectory="b5c1a47f-0c37-470c-9854-776dd27e0b6d" />
    <UnitTestResult executionId="1d322c5d-5dbe-4829-8d33-3d1d723f89ea" testId="0850ee1d-4a93-4258-adbe-0bf846661fbe" testName="FormatToStringTest1000 (17098.491445727876,17098.49 zł)" computerName="DESKTOP-5URQ9PB" duration="00:00:00.0000254" startTime="2022-06-13T21:11:26.5677322+02:00" endTime="2022-06-13T21:11:26.5678988+02:00" testType="13cdc9d9-ddb5-4fa4-a97d-d965ccfc6d4b" outcome="Passed" testListId="8c84fa94-04c1-424b-9868-57a2d4851a1d" relativeResultsDirectory="1d322c5d-5dbe-4829-8d33-3d1d723f89ea" />
    <UnitTestResult executionId="3daf19b9-2940-4c01-8d44-6835bf4c623e" testId="19c23b67-003d-4cfd-b792-805e4d5c46dd" testName="FormatToStringTest1000 (30626.373939456127,30626.37 zł)" computerName="DESKTOP-5URQ9PB" duration="00:00:00.0000060" startTime="2022-06-13T21:11:26.3804397+02:00" endTime="2022-06-13T21:11:26.3805113+02:00" testType="13cdc9d9-ddb5-4fa4-a97d-d965ccfc6d4b" outcome="Passed" testListId="8c84fa94-04c1-424b-9868-57a2d4851a1d" relativeResultsDirectory="3daf19b9-2940-4c01-8d44-6835bf4c623e" />
    <UnitTestResult executionId="650a0034-5595-444a-b9d8-813ab7d96547" testId="a3f19b15-359d-4e92-be6b-a2bbdc8f14d5" testName="FormatToStringTest1000 (6550.421588937948,6550.42 zł)" computerName="DESKTOP-5URQ9PB" duration="00:00:00.0000064" startTime="2022-06-13T21:11:26.6542871+02:00" endTime="2022-06-13T21:11:26.6543563+02:00" testType="13cdc9d9-ddb5-4fa4-a97d-d965ccfc6d4b" outcome="Passed" testListId="8c84fa94-04c1-424b-9868-57a2d4851a1d" relativeResultsDirectory="650a0034-5595-444a-b9d8-813ab7d96547" />
    <UnitTestResult executionId="dbb3d13c-626c-49fe-85ee-6d1f2c4af617" testId="09f427a2-b91b-4b18-b338-c454674debe7" testName="FormatToStringTest1000 (16986.338876065027,16986.34 zł)" computerName="DESKTOP-5URQ9PB" duration="00:00:00.0000061" startTime="2022-06-13T21:11:26.3611565+02:00" endTime="2022-06-13T21:11:26.3612211+02:00" testType="13cdc9d9-ddb5-4fa4-a97d-d965ccfc6d4b" outcome="Passed" testListId="8c84fa94-04c1-424b-9868-57a2d4851a1d" relativeResultsDirectory="dbb3d13c-626c-49fe-85ee-6d1f2c4af617" />
    <UnitTestResult executionId="0c469792-aa0f-4225-b5f3-5f7c9032255e" testId="83a7c149-1ddd-4673-a920-846f7691aa58" testName="FormatToStringTest1000 (13855.30239352505,13855.30 zł)" computerName="DESKTOP-5URQ9PB" duration="00:00:00.0000063" startTime="2022-06-13T21:11:26.4313764+02:00" endTime="2022-06-13T21:11:26.4314461+02:00" testType="13cdc9d9-ddb5-4fa4-a97d-d965ccfc6d4b" outcome="Passed" testListId="8c84fa94-04c1-424b-9868-57a2d4851a1d" relativeResultsDirectory="0c469792-aa0f-4225-b5f3-5f7c9032255e" />
    <UnitTestResult executionId="0c6ac467-6dd6-4684-bdaa-cbbaa8df0b37" testId="198502af-3910-4ef6-a48e-49222129b907" testName="FormatToStringTest1000 (10268.547802396373,10268.55 zł)" computerName="DESKTOP-5URQ9PB" duration="00:00:00.0000062" startTime="2022-06-13T21:11:26.3706404+02:00" endTime="2022-06-13T21:11:26.3707143+02:00" testType="13cdc9d9-ddb5-4fa4-a97d-d965ccfc6d4b" outcome="Passed" testListId="8c84fa94-04c1-424b-9868-57a2d4851a1d" relativeResultsDirectory="0c6ac467-6dd6-4684-bdaa-cbbaa8df0b37" />
    <UnitTestResult executionId="f07da117-d7d7-4f5f-8230-939846923f12" testId="63d2c91e-dc09-4a28-b70b-7fb74914d45d" testName="FormatToStringTest1000 (1952.6955147062872,1952.70 zł)" computerName="DESKTOP-5URQ9PB" duration="00:00:00.0000061" startTime="2022-06-13T21:11:26.4876287+02:00" endTime="2022-06-13T21:11:26.4876948+02:00" testType="13cdc9d9-ddb5-4fa4-a97d-d965ccfc6d4b" outcome="Passed" testListId="8c84fa94-04c1-424b-9868-57a2d4851a1d" relativeResultsDirectory="f07da117-d7d7-4f5f-8230-939846923f12" />
    <UnitTestResult executionId="ae63a4aa-aff6-433b-a8cf-1a9540d8f8ec" testId="68989b45-1abc-4031-a215-5f02946956ce" testName="FormatToStringTest1000 (12528.413830086782,12528.41 zł)" computerName="DESKTOP-5URQ9PB" duration="00:00:00.0000063" startTime="2022-06-13T21:11:26.5159390+02:00" endTime="2022-06-13T21:11:26.5160060+02:00" testType="13cdc9d9-ddb5-4fa4-a97d-d965ccfc6d4b" outcome="Passed" testListId="8c84fa94-04c1-424b-9868-57a2d4851a1d" relativeResultsDirectory="ae63a4aa-aff6-433b-a8cf-1a9540d8f8ec" />
    <UnitTestResult executionId="1b2162b1-07a1-40bb-b158-d349932eccee" testId="ab16f1d5-aff8-4a2e-aa1d-9879feafb1c7" testName="FormatToStringTest1000 (16688.70569393677,16688.71 zł)" computerName="DESKTOP-5URQ9PB" duration="00:00:00.0000062" startTime="2022-06-13T21:11:26.4740914+02:00" endTime="2022-06-13T21:11:26.4741588+02:00" testType="13cdc9d9-ddb5-4fa4-a97d-d965ccfc6d4b" outcome="Passed" testListId="8c84fa94-04c1-424b-9868-57a2d4851a1d" relativeResultsDirectory="1b2162b1-07a1-40bb-b158-d349932eccee" />
    <UnitTestResult executionId="75d92453-f276-411e-98fc-f5ce002d8492" testId="16cb1b9d-1910-48a9-88b1-a3a81c95735f" testName="FormatToStringTest1000 (11.555284778846096,11.56 zł)" computerName="DESKTOP-5URQ9PB" duration="00:00:00.0000060" startTime="2022-06-13T21:11:26.6603759+02:00" endTime="2022-06-13T21:11:26.6604407+02:00" testType="13cdc9d9-ddb5-4fa4-a97d-d965ccfc6d4b" outcome="Passed" testListId="8c84fa94-04c1-424b-9868-57a2d4851a1d" relativeResultsDirectory="75d92453-f276-411e-98fc-f5ce002d8492" />
    <UnitTestResult executionId="80cd0651-fd77-4933-ac8f-9a1a9794f3dd" testId="9e92fa54-700b-42ad-867b-b04998b0503c" testName="FormatToStringTest1000 (50413.517583300134,50413.52 zł)" computerName="DESKTOP-5URQ9PB" duration="00:00:00.0000062" startTime="2022-06-13T21:11:26.5976974+02:00" endTime="2022-06-13T21:11:26.5977619+02:00" testType="13cdc9d9-ddb5-4fa4-a97d-d965ccfc6d4b" outcome="Passed" testListId="8c84fa94-04c1-424b-9868-57a2d4851a1d" relativeResultsDirectory="80cd0651-fd77-4933-ac8f-9a1a9794f3dd" />
    <UnitTestResult executionId="ec6f0667-c350-4d3f-b021-1e026ac3719f" testId="eadc7edf-3fc1-46de-a471-4b2c5558766e" testName="FormatToStringTest1000 (24024.14691439557,24024.15 zł)" computerName="DESKTOP-5URQ9PB" duration="00:00:00.0000063" startTime="2022-06-13T21:11:26.4444718+02:00" endTime="2022-06-13T21:11:26.4445450+02:00" testType="13cdc9d9-ddb5-4fa4-a97d-d965ccfc6d4b" outcome="Passed" testListId="8c84fa94-04c1-424b-9868-57a2d4851a1d" relativeResultsDirectory="ec6f0667-c350-4d3f-b021-1e026ac3719f" />
    <UnitTestResult executionId="27e41963-1026-4439-b403-4fff83546bea" testId="46371115-001e-4f8d-90c5-5856c20bb906" testName="FormatToStringTest1000 (5961.755129208674,5961.76 zł)" computerName="DESKTOP-5URQ9PB" duration="00:00:00.0000073" startTime="2022-06-13T21:11:26.4811025+02:00" endTime="2022-06-13T21:11:26.4811735+02:00" testType="13cdc9d9-ddb5-4fa4-a97d-d965ccfc6d4b" outcome="Passed" testListId="8c84fa94-04c1-424b-9868-57a2d4851a1d" relativeResultsDirectory="27e41963-1026-4439-b403-4fff83546bea" />
    <UnitTestResult executionId="dbfc1890-c46b-4379-8db7-60c289d1be67" testId="181e3fe2-3389-49f4-aa5d-2c3814fc7b03" testName="FormatToStringTest1000 (7594.279030504766,7594.28 zł)" computerName="DESKTOP-5URQ9PB" duration="00:00:00.0000064" startTime="2022-06-13T21:11:26.3582820+02:00" endTime="2022-06-13T21:11:26.3583582+02:00" testType="13cdc9d9-ddb5-4fa4-a97d-d965ccfc6d4b" outcome="Passed" testListId="8c84fa94-04c1-424b-9868-57a2d4851a1d" relativeResultsDirectory="dbfc1890-c46b-4379-8db7-60c289d1be67" />
    <UnitTestResult executionId="da626723-78fd-4020-b5b9-5a3292bf2279" testId="830b6833-8d4d-4572-9ae0-b9f44e63e650" testName="FormatToStringTest1000 (32908.76696502639,32908.77 zł)" computerName="DESKTOP-5URQ9PB" duration="00:00:00.0000064" startTime="2022-06-13T21:11:26.4253208+02:00" endTime="2022-06-13T21:11:26.4254005+02:00" testType="13cdc9d9-ddb5-4fa4-a97d-d965ccfc6d4b" outcome="Passed" testListId="8c84fa94-04c1-424b-9868-57a2d4851a1d" relativeResultsDirectory="da626723-78fd-4020-b5b9-5a3292bf2279" />
    <UnitTestResult executionId="c1ae6606-86c4-48c8-9351-6db8331691e7" testId="cdcb752d-73b6-4afb-a003-13d3f4f4d654" testName="FormatToStringTest1000 (1614.2516601789982,1614.25 zł)" computerName="DESKTOP-5URQ9PB" duration="00:00:00.0000061" startTime="2022-06-13T21:11:26.3585429+02:00" endTime="2022-06-13T21:11:26.3586077+02:00" testType="13cdc9d9-ddb5-4fa4-a97d-d965ccfc6d4b" outcome="Passed" testListId="8c84fa94-04c1-424b-9868-57a2d4851a1d" relativeResultsDirectory="c1ae6606-86c4-48c8-9351-6db8331691e7" />
    <UnitTestResult executionId="c63051d0-7ad1-4d47-bb7c-ed7f84c4ab88" testId="9ee1b19c-4323-4bbe-b698-c4900195e9b0" testName="FormatToStringTest1000 (5022.470719070859,5022.47 zł)" computerName="DESKTOP-5URQ9PB" duration="00:00:00.0000062" startTime="2022-06-13T21:11:26.4522343+02:00" endTime="2022-06-13T21:11:26.4523067+02:00" testType="13cdc9d9-ddb5-4fa4-a97d-d965ccfc6d4b" outcome="Passed" testListId="8c84fa94-04c1-424b-9868-57a2d4851a1d" relativeResultsDirectory="c63051d0-7ad1-4d47-bb7c-ed7f84c4ab88" />
    <UnitTestResult executionId="c57f0ae0-dd81-42da-af18-b25101e664ef" testId="6a9f0a02-da09-467d-afd0-139b468be312" testName="FormatToStringTest1000 (4025.728369236797,4025.73 zł)" computerName="DESKTOP-5URQ9PB" duration="00:00:00.0000068" startTime="2022-06-13T21:11:26.4934589+02:00" endTime="2022-06-13T21:11:26.4935395+02:00" testType="13cdc9d9-ddb5-4fa4-a97d-d965ccfc6d4b" outcome="Passed" testListId="8c84fa94-04c1-424b-9868-57a2d4851a1d" relativeResultsDirectory="c57f0ae0-dd81-42da-af18-b25101e664ef" />
    <UnitTestResult executionId="470dd855-5c9c-4628-a44b-a55dc2e61b3b" testId="f984f934-eee7-4b27-9543-34daecb7fc71" testName="FormatToStringTest1000 (20237.28532723723,20237.29 zł)" computerName="DESKTOP-5URQ9PB" duration="00:00:00.0000062" startTime="2022-06-13T21:11:26.5127103+02:00" endTime="2022-06-13T21:11:26.5127771+02:00" testType="13cdc9d9-ddb5-4fa4-a97d-d965ccfc6d4b" outcome="Passed" testListId="8c84fa94-04c1-424b-9868-57a2d4851a1d" relativeResultsDirectory="470dd855-5c9c-4628-a44b-a55dc2e61b3b" />
    <UnitTestResult executionId="ba56f81b-f896-41f9-a57d-b6ed1e0159cf" testId="ba28cde5-56b3-4d99-82a7-6fdf06a305c9" testName="FormatToStringTest1000 (20321.03715103913,20321.04 zł)" computerName="DESKTOP-5URQ9PB" duration="00:00:00.0000062" startTime="2022-06-13T21:11:26.4739225+02:00" endTime="2022-06-13T21:11:26.4739890+02:00" testType="13cdc9d9-ddb5-4fa4-a97d-d965ccfc6d4b" outcome="Passed" testListId="8c84fa94-04c1-424b-9868-57a2d4851a1d" relativeResultsDirectory="ba56f81b-f896-41f9-a57d-b6ed1e0159cf" />
    <UnitTestResult executionId="42a7b0c9-f7f3-4390-9d71-171438a8a3fa" testId="c8477ad3-96cf-436f-9e98-1ec1534de70b" testName="FormatToStringTest1000 (2963.24443391815,2963.24 zł)" computerName="DESKTOP-5URQ9PB" duration="00:00:00.0000090" startTime="2022-06-13T21:11:26.5346877+02:00" endTime="2022-06-13T21:11:26.5347894+02:00" testType="13cdc9d9-ddb5-4fa4-a97d-d965ccfc6d4b" outcome="Passed" testListId="8c84fa94-04c1-424b-9868-57a2d4851a1d" relativeResultsDirectory="42a7b0c9-f7f3-4390-9d71-171438a8a3fa" />
    <UnitTestResult executionId="41c12bd9-eafd-4e06-9606-ef30ea4dbf59" testId="800d1d99-c9cf-4abe-80dd-6e3bb3f3ff9f" testName="FormatToStringTest1000 (36969.98585167247,36969.99 zł)" computerName="DESKTOP-5URQ9PB" duration="00:00:00.0000066" startTime="2022-06-13T21:11:26.4122794+02:00" endTime="2022-06-13T21:11:26.4123549+02:00" testType="13cdc9d9-ddb5-4fa4-a97d-d965ccfc6d4b" outcome="Passed" testListId="8c84fa94-04c1-424b-9868-57a2d4851a1d" relativeResultsDirectory="41c12bd9-eafd-4e06-9606-ef30ea4dbf59" />
    <UnitTestResult executionId="ccea0c0c-3f1a-4062-b914-f0d0107f34ca" testId="336ee2b8-48d2-49a4-8d82-305f9cfb7364" testName="FormatToStringTest1000 (11989.099505855282,11989.10 zł)" computerName="DESKTOP-5URQ9PB" duration="00:00:00.0000063" startTime="2022-06-13T21:11:26.7120522+02:00" endTime="2022-06-13T21:11:26.7121178+02:00" testType="13cdc9d9-ddb5-4fa4-a97d-d965ccfc6d4b" outcome="Passed" testListId="8c84fa94-04c1-424b-9868-57a2d4851a1d" relativeResultsDirectory="ccea0c0c-3f1a-4062-b914-f0d0107f34ca" />
    <UnitTestResult executionId="3445510c-753e-4840-a09c-77bdfd5b04b8" testId="79416ce0-9fed-49a5-98ed-c9bd5d92402f" testName="FormatToStringTest1000 (14237.13226245955,14237.13 zł)" computerName="DESKTOP-5URQ9PB" duration="00:00:00.0000063" startTime="2022-06-13T21:11:26.3493689+02:00" endTime="2022-06-13T21:11:26.3494374+02:00" testType="13cdc9d9-ddb5-4fa4-a97d-d965ccfc6d4b" outcome="Passed" testListId="8c84fa94-04c1-424b-9868-57a2d4851a1d" relativeResultsDirectory="3445510c-753e-4840-a09c-77bdfd5b04b8" />
    <UnitTestResult executionId="435dc33a-6c25-4356-be4e-ec49c1d4e569" testId="85e82076-f803-4956-9c3b-20494be1368f" testName="FormatToStringTest1000 (22017.250119325356,22017.25 zł)" computerName="DESKTOP-5URQ9PB" duration="00:00:00.0000072" startTime="2022-06-13T21:11:26.3862856+02:00" endTime="2022-06-13T21:11:26.3863631+02:00" testType="13cdc9d9-ddb5-4fa4-a97d-d965ccfc6d4b" outcome="Passed" testListId="8c84fa94-04c1-424b-9868-57a2d4851a1d" relativeResultsDirectory="435dc33a-6c25-4356-be4e-ec49c1d4e569" />
    <UnitTestResult executionId="e357c27b-1cdf-4bed-9c46-1681533962ac" testId="7654ed15-8fe6-4823-b6bd-e1e32d235b68" testName="FormatToStringTest1000 (18794.859523484418,18794.86 zł)" computerName="DESKTOP-5URQ9PB" duration="00:00:00.0000063" startTime="2022-06-13T21:11:26.4675747+02:00" endTime="2022-06-13T21:11:26.4676423+02:00" testType="13cdc9d9-ddb5-4fa4-a97d-d965ccfc6d4b" outcome="Passed" testListId="8c84fa94-04c1-424b-9868-57a2d4851a1d" relativeResultsDirectory="e357c27b-1cdf-4bed-9c46-1681533962ac" />
    <UnitTestResult executionId="b5d9173b-bc2e-406b-9ae2-8665638cfacf" testId="d9f59e20-859b-4083-83cb-1fb42fc051df" testName="FormatToStringTest1000 (598.1279707877561,598.13 zł)" computerName="DESKTOP-5URQ9PB" duration="00:00:00.0000063" startTime="2022-06-13T21:11:26.5977798+02:00" endTime="2022-06-13T21:11:26.5978443+02:00" testType="13cdc9d9-ddb5-4fa4-a97d-d965ccfc6d4b" outcome="Passed" testListId="8c84fa94-04c1-424b-9868-57a2d4851a1d" relativeResultsDirectory="b5d9173b-bc2e-406b-9ae2-8665638cfacf" />
    <UnitTestResult executionId="a0fb7634-1ea2-4387-af4b-20c5d1a7027c" testId="400e0679-9433-4036-8fc5-cb8ec1d3b00a" testName="FormatToStringTest1000 (26686.08488193065,26686.08 zł)" computerName="DESKTOP-5URQ9PB" duration="00:00:00.0000271" startTime="2022-06-13T21:11:26.5666245+02:00" endTime="2022-06-13T21:11:26.5668125+02:00" testType="13cdc9d9-ddb5-4fa4-a97d-d965ccfc6d4b" outcome="Passed" testListId="8c84fa94-04c1-424b-9868-57a2d4851a1d" relativeResultsDirectory="a0fb7634-1ea2-4387-af4b-20c5d1a7027c" />
    <UnitTestResult executionId="42a1482c-7c03-4e73-87a4-46b9778019d2" testId="e3b21a2f-5ae0-43c3-b6e3-d2526bc25ff4" testName="FormatToStringTest1000 (19500.031951036784,19500.03 zł)" computerName="DESKTOP-5URQ9PB" duration="00:00:00.0000059" startTime="2022-06-13T21:11:26.3985817+02:00" endTime="2022-06-13T21:11:26.3986461+02:00" testType="13cdc9d9-ddb5-4fa4-a97d-d965ccfc6d4b" outcome="Passed" testListId="8c84fa94-04c1-424b-9868-57a2d4851a1d" relativeResultsDirectory="42a1482c-7c03-4e73-87a4-46b9778019d2" />
    <UnitTestResult executionId="af09c042-5b28-4048-9487-6100403f183a" testId="ea0143b6-ada1-48c9-a9e3-2b1249fd50dd" testName="FormatToStringTest1000 (7716.571614765363,7716.57 zł)" computerName="DESKTOP-5URQ9PB" duration="00:00:00.0000063" startTime="2022-06-13T21:11:26.6633541+02:00" endTime="2022-06-13T21:11:26.6634194+02:00" testType="13cdc9d9-ddb5-4fa4-a97d-d965ccfc6d4b" outcome="Passed" testListId="8c84fa94-04c1-424b-9868-57a2d4851a1d" relativeResultsDirectory="af09c042-5b28-4048-9487-6100403f183a" />
    <UnitTestResult executionId="237aa8b6-3f29-41ed-b4cb-9fd467e5c2ec" testId="968dee76-5802-4659-96f3-d48fe3936489" testName="FormatToStringTest1000 (44499.288016808816,44499.29 zł)" computerName="DESKTOP-5URQ9PB" duration="00:00:00.0000062" startTime="2022-06-13T21:11:26.5005142+02:00" endTime="2022-06-13T21:11:26.5005805+02:00" testType="13cdc9d9-ddb5-4fa4-a97d-d965ccfc6d4b" outcome="Passed" testListId="8c84fa94-04c1-424b-9868-57a2d4851a1d" relativeResultsDirectory="237aa8b6-3f29-41ed-b4cb-9fd467e5c2ec" />
    <UnitTestResult executionId="77c02d6a-ffe2-48f9-b19e-be1133052a58" testId="57d82ead-bd86-4006-92d6-21ecdb9cbf35" testName="FormatToStringTest1000 (1994.0983933439006,1994.10 zł)" computerName="DESKTOP-5URQ9PB" duration="00:00:00.0000063" startTime="2022-06-13T21:11:26.6914768+02:00" endTime="2022-06-13T21:11:26.6915417+02:00" testType="13cdc9d9-ddb5-4fa4-a97d-d965ccfc6d4b" outcome="Passed" testListId="8c84fa94-04c1-424b-9868-57a2d4851a1d" relativeResultsDirectory="77c02d6a-ffe2-48f9-b19e-be1133052a58" />
    <UnitTestResult executionId="6e08376e-5868-4bdd-ab49-eb948531a818" testId="c6dbba00-917a-476a-9321-d919c7691ea5" testName="FormatToStringTest1000 (30126.012320622805,30126.01 zł)" computerName="DESKTOP-5URQ9PB" duration="00:00:00.0000061" startTime="2022-06-13T21:11:26.3894221+02:00" endTime="2022-06-13T21:11:26.3894866+02:00" testType="13cdc9d9-ddb5-4fa4-a97d-d965ccfc6d4b" outcome="Passed" testListId="8c84fa94-04c1-424b-9868-57a2d4851a1d" relativeResultsDirectory="6e08376e-5868-4bdd-ab49-eb948531a818" />
    <UnitTestResult executionId="24d8c574-ec0f-446f-bc6a-f78b677b6645" testId="9bd4ee7f-52d8-47ef-84a6-11c1ad5c1f44" testName="FormatToStringTest1000 (8013.1229931903645,8013.12 zł)" computerName="DESKTOP-5URQ9PB" duration="00:00:00.0000061" startTime="2022-06-13T21:11:26.6689730+02:00" endTime="2022-06-13T21:11:26.6690376+02:00" testType="13cdc9d9-ddb5-4fa4-a97d-d965ccfc6d4b" outcome="Passed" testListId="8c84fa94-04c1-424b-9868-57a2d4851a1d" relativeResultsDirectory="24d8c574-ec0f-446f-bc6a-f78b677b6645" />
    <UnitTestResult executionId="4c2bb929-a005-4f0d-9bb1-b46d84117bdc" testId="25613ea4-81d5-40b4-b3e5-a73d807d2a26" testName="FormatToStringTest1000 (54678.59301593089,54678.59 zł)" computerName="DESKTOP-5URQ9PB" duration="00:00:00.0000062" startTime="2022-06-13T21:11:26.6263283+02:00" endTime="2022-06-13T21:11:26.6264022+02:00" testType="13cdc9d9-ddb5-4fa4-a97d-d965ccfc6d4b" outcome="Passed" testListId="8c84fa94-04c1-424b-9868-57a2d4851a1d" relativeResultsDirectory="4c2bb929-a005-4f0d-9bb1-b46d84117bdc" />
    <UnitTestResult executionId="08343976-2253-49f7-a52d-94af8cb67b3b" testId="cc74138b-a5f9-441f-9bef-c6385672c47b" testName="FormatToStringTest1000 (88584.97010041306,88584.97 zł)" computerName="DESKTOP-5URQ9PB" duration="00:00:00.0000063" startTime="2022-06-13T21:11:26.4907431+02:00" endTime="2022-06-13T21:11:26.4908099+02:00" testType="13cdc9d9-ddb5-4fa4-a97d-d965ccfc6d4b" outcome="Passed" testListId="8c84fa94-04c1-424b-9868-57a2d4851a1d" relativeResultsDirectory="08343976-2253-49f7-a52d-94af8cb67b3b" />
    <UnitTestResult executionId="5643737e-87e8-4180-986c-45da3bb6c21e" testId="2d8d3b96-720c-4a3b-a649-796b7d1e2aab" testName="FormatToStringTest1000 (397.6461894566408,397.65 zł)" computerName="DESKTOP-5URQ9PB" duration="00:00:00.0000066" startTime="2022-06-13T21:11:26.6573591+02:00" endTime="2022-06-13T21:11:26.6574442+02:00" testType="13cdc9d9-ddb5-4fa4-a97d-d965ccfc6d4b" outcome="Passed" testListId="8c84fa94-04c1-424b-9868-57a2d4851a1d" relativeResultsDirectory="5643737e-87e8-4180-986c-45da3bb6c21e" />
    <UnitTestResult executionId="219df904-202a-4fb3-a8a6-7b2fb090e9e0" testId="69de3efd-32b2-4575-8cca-3182671c6b9b" testName="FormatToStringTest1000 (37114.901517336206,37114.90 zł)" computerName="DESKTOP-5URQ9PB" duration="00:00:00.0000063" startTime="2022-06-13T21:11:26.6568592+02:00" endTime="2022-06-13T21:11:26.6569241+02:00" testType="13cdc9d9-ddb5-4fa4-a97d-d965ccfc6d4b" outcome="Passed" testListId="8c84fa94-04c1-424b-9868-57a2d4851a1d" relativeResultsDirectory="219df904-202a-4fb3-a8a6-7b2fb090e9e0" />
    <UnitTestResult executionId="6cba0ed0-9e5e-4f2f-b3d2-f3220b50e1a0" testId="a870d332-3f39-4a6a-8462-b5666cdd2d7b" testName="FormatToStringTest1000 (3477.860963622509,3477.86 zł)" computerName="DESKTOP-5URQ9PB" duration="00:00:00.0000064" startTime="2022-06-13T21:11:26.6484140+02:00" endTime="2022-06-13T21:11:26.6484790+02:00" testType="13cdc9d9-ddb5-4fa4-a97d-d965ccfc6d4b" outcome="Passed" testListId="8c84fa94-04c1-424b-9868-57a2d4851a1d" relativeResultsDirectory="6cba0ed0-9e5e-4f2f-b3d2-f3220b50e1a0" />
    <UnitTestResult executionId="4133f602-49ec-47d3-92aa-e226b2aa1cbf" testId="3e4dfd07-2fa8-43ca-ac70-e24189aa9767" testName="FormatToStringTest1000 (1898.24149096489,1898.24 zł)" computerName="DESKTOP-5URQ9PB" duration="00:00:00.0000063" startTime="2022-06-13T21:11:26.6262489+02:00" endTime="2022-06-13T21:11:26.6263114+02:00" testType="13cdc9d9-ddb5-4fa4-a97d-d965ccfc6d4b" outcome="Passed" testListId="8c84fa94-04c1-424b-9868-57a2d4851a1d" relativeResultsDirectory="4133f602-49ec-47d3-92aa-e226b2aa1cbf" />
    <UnitTestResult executionId="0037f456-c401-4e1b-8d64-f5213ed0d611" testId="6d4d228f-2af3-4dd7-92b3-99ba7aec0c36" testName="FormatToStringTest1000 (2292.8331871111104,2292.83 zł)" computerName="DESKTOP-5URQ9PB" duration="00:00:00.0000063" startTime="2022-06-13T21:11:26.3735472+02:00" endTime="2022-06-13T21:11:26.3736179+02:00" testType="13cdc9d9-ddb5-4fa4-a97d-d965ccfc6d4b" outcome="Passed" testListId="8c84fa94-04c1-424b-9868-57a2d4851a1d" relativeResultsDirectory="0037f456-c401-4e1b-8d64-f5213ed0d611" />
    <UnitTestResult executionId="42a48a25-3b89-4111-a163-7ef4f743b036" testId="a6a83b83-a520-4f93-b7a8-0873185a228b" testName="FormatToStringTest1000 (3092.9215945624383,3092.92 zł)" computerName="DESKTOP-5URQ9PB" duration="00:00:00.0000280" startTime="2022-06-13T21:11:26.5679435+02:00" endTime="2022-06-13T21:11:26.5681149+02:00" testType="13cdc9d9-ddb5-4fa4-a97d-d965ccfc6d4b" outcome="Passed" testListId="8c84fa94-04c1-424b-9868-57a2d4851a1d" relativeResultsDirectory="42a48a25-3b89-4111-a163-7ef4f743b036" />
    <UnitTestResult executionId="105e763e-f6f5-415f-8e92-040e08cc80b9" testId="0a544fb9-9614-400f-a1b6-d35883691fef" testName="FormatToStringTest1000 (24646.322657574587,24646.32 zł)" computerName="DESKTOP-5URQ9PB" duration="00:00:00.0000066" startTime="2022-06-13T21:11:26.4767807+02:00" endTime="2022-06-13T21:11:26.4768552+02:00" testType="13cdc9d9-ddb5-4fa4-a97d-d965ccfc6d4b" outcome="Passed" testListId="8c84fa94-04c1-424b-9868-57a2d4851a1d" relativeResultsDirectory="105e763e-f6f5-415f-8e92-040e08cc80b9" />
    <UnitTestResult executionId="83804f24-ebf1-4145-b9b8-cca7b4d0e04b" testId="62843728-e1e4-410d-90da-1c1d49c34dea" testName="FormatToStringTest1000 (10641.263377953444,10641.26 zł)" computerName="DESKTOP-5URQ9PB" duration="00:00:00.0000065" startTime="2022-06-13T21:11:26.4523246+02:00" endTime="2022-06-13T21:11:26.4524049+02:00" testType="13cdc9d9-ddb5-4fa4-a97d-d965ccfc6d4b" outcome="Passed" testListId="8c84fa94-04c1-424b-9868-57a2d4851a1d" relativeResultsDirectory="83804f24-ebf1-4145-b9b8-cca7b4d0e04b" />
    <UnitTestResult executionId="1586d0db-82bf-4bb1-9c5b-af1af910c4b4" testId="6b8bfa36-d2b4-405c-b489-454a4a15046f" testName="FormatToStringTest1000 (23662.291816162084,23662.29 zł)" computerName="DESKTOP-5URQ9PB" duration="00:00:00.0000064" startTime="2022-06-13T21:11:26.6692165+02:00" endTime="2022-06-13T21:11:26.6692871+02:00" testType="13cdc9d9-ddb5-4fa4-a97d-d965ccfc6d4b" outcome="Passed" testListId="8c84fa94-04c1-424b-9868-57a2d4851a1d" relativeResultsDirectory="1586d0db-82bf-4bb1-9c5b-af1af910c4b4" />
    <UnitTestResult executionId="91f5c03a-5dd9-45eb-9e7f-7f1a07337345" testId="f64f3669-991e-4b1f-a5cd-89a9d263a2dd" testName="FormatToStringTest1000 (23649.104642116046,23649.10 zł)" computerName="DESKTOP-5URQ9PB" duration="00:00:00.0000062" startTime="2022-06-13T21:11:26.4938438+02:00" endTime="2022-06-13T21:11:26.4939381+02:00" testType="13cdc9d9-ddb5-4fa4-a97d-d965ccfc6d4b" outcome="Passed" testListId="8c84fa94-04c1-424b-9868-57a2d4851a1d" relativeResultsDirectory="91f5c03a-5dd9-45eb-9e7f-7f1a07337345" />
    <UnitTestResult executionId="5879efb7-2799-4625-af45-362ce3e6c0b4" testId="2c422d5e-eb79-404b-9b3b-bcedec59c876" testName="FormatToStringTest1000 (37826.846755123166,37826.85 zł)" computerName="DESKTOP-5URQ9PB" duration="00:00:00.0000066" startTime="2022-06-13T21:11:26.5844534+02:00" endTime="2022-06-13T21:11:26.5845272+02:00" testType="13cdc9d9-ddb5-4fa4-a97d-d965ccfc6d4b" outcome="Passed" testListId="8c84fa94-04c1-424b-9868-57a2d4851a1d" relativeResultsDirectory="5879efb7-2799-4625-af45-362ce3e6c0b4" />
    <UnitTestResult executionId="5f3585a7-5c2e-4df4-8879-3437a6c130e9" testId="e2d9c524-29f0-40eb-820f-f7ac9d474a69" testName="FormatToStringTest1000 (17315.72309779363,17315.72 zł)" computerName="DESKTOP-5URQ9PB" duration="00:00:00.0000062" startTime="2022-06-13T21:11:26.4643685+02:00" endTime="2022-06-13T21:11:26.4644374+02:00" testType="13cdc9d9-ddb5-4fa4-a97d-d965ccfc6d4b" outcome="Passed" testListId="8c84fa94-04c1-424b-9868-57a2d4851a1d" relativeResultsDirectory="5f3585a7-5c2e-4df4-8879-3437a6c130e9" />
    <UnitTestResult executionId="0c67967d-37cd-4b4b-a629-fe9b9cee8023" testId="574d620a-0e53-4662-842c-85591ebf4288" testName="FormatToStringTest1000 (782.6578288817116,782.66 zł)" computerName="DESKTOP-5URQ9PB" duration="00:00:00.0000061" startTime="2022-06-13T21:11:26.4256745+02:00" endTime="2022-06-13T21:11:26.4257413+02:00" testType="13cdc9d9-ddb5-4fa4-a97d-d965ccfc6d4b" outcome="Passed" testListId="8c84fa94-04c1-424b-9868-57a2d4851a1d" relativeResultsDirectory="0c67967d-37cd-4b4b-a629-fe9b9cee8023" />
    <UnitTestResult executionId="a5f13937-bc93-4351-b2ee-5a1a325f6cb9" testId="003b1338-b553-44d6-b6bc-eb49c0a6fd7d" testName="FormatToStringTest1000 (26885.71162707904,26885.71 zł)" computerName="DESKTOP-5URQ9PB" duration="00:00:00.0000059" startTime="2022-06-13T21:11:26.3835260+02:00" endTime="2022-06-13T21:11:26.3835912+02:00" testType="13cdc9d9-ddb5-4fa4-a97d-d965ccfc6d4b" outcome="Passed" testListId="8c84fa94-04c1-424b-9868-57a2d4851a1d" relativeResultsDirectory="a5f13937-bc93-4351-b2ee-5a1a325f6cb9" />
    <UnitTestResult executionId="ab1680d2-a0ee-4fc3-b952-426e5a9d19b4" testId="086074ea-29c1-404a-94db-2b16028a2980" testName="FormatToStringTest1000 (11922.837782177532,11922.84 zł)" computerName="DESKTOP-5URQ9PB" duration="00:00:00.0000062" startTime="2022-06-13T21:11:26.4644559+02:00" endTime="2022-06-13T21:11:26.4645229+02:00" testType="13cdc9d9-ddb5-4fa4-a97d-d965ccfc6d4b" outcome="Passed" testListId="8c84fa94-04c1-424b-9868-57a2d4851a1d" relativeResultsDirectory="ab1680d2-a0ee-4fc3-b952-426e5a9d19b4" />
    <UnitTestResult executionId="d56b4f8f-b9d2-4ae8-b951-40798390418e" testId="49319476-06f3-48f2-9ed0-8e657e662019" testName="FormatToStringTest1000 (56373.35086238494,56373.35 zł)" computerName="DESKTOP-5URQ9PB" duration="00:00:00.0000063" startTime="2022-06-13T21:11:26.4676611+02:00" endTime="2022-06-13T21:11:26.4677277+02:00" testType="13cdc9d9-ddb5-4fa4-a97d-d965ccfc6d4b" outcome="Passed" testListId="8c84fa94-04c1-424b-9868-57a2d4851a1d" relativeResultsDirectory="d56b4f8f-b9d2-4ae8-b951-40798390418e" />
    <UnitTestResult executionId="54d4d2b8-015f-4502-a6a8-f064f3836cc6" testId="4ad0ed0d-386e-448c-b405-754de0571991" testName="FormatToStringTest1000 (26223.99769144412,26224.00 zł)" computerName="DESKTOP-5URQ9PB" duration="00:00:00.0000067" startTime="2022-06-13T21:11:26.3921876+02:00" endTime="2022-06-13T21:11:26.3922677+02:00" testType="13cdc9d9-ddb5-4fa4-a97d-d965ccfc6d4b" outcome="Passed" testListId="8c84fa94-04c1-424b-9868-57a2d4851a1d" relativeResultsDirectory="54d4d2b8-015f-4502-a6a8-f064f3836cc6" />
    <UnitTestResult executionId="6acb0d54-84a3-43b6-84b5-fe0d770b45fb" testId="3ef14b0a-8cc1-4a33-a02c-24cc8caec9a7" testName="FormatToStringTest1000 (57671.67669738675,57671.68 zł)" computerName="DESKTOP-5URQ9PB" duration="00:00:00.0000064" startTime="2022-06-13T21:11:26.6820864+02:00" endTime="2022-06-13T21:11:26.6821526+02:00" testType="13cdc9d9-ddb5-4fa4-a97d-d965ccfc6d4b" outcome="Passed" testListId="8c84fa94-04c1-424b-9868-57a2d4851a1d" relativeResultsDirectory="6acb0d54-84a3-43b6-84b5-fe0d770b45fb" />
    <UnitTestResult executionId="eaf9fd3f-8475-4931-bca7-13a367701579" testId="893b8086-6919-4aea-a0b4-98d2d22cd6bc" testName="FormatToStringTest1000 (8908.080586221107,8908.08 zł)" computerName="DESKTOP-5URQ9PB" duration="00:00:00.0000061" startTime="2022-06-13T21:11:26.4120313+02:00" endTime="2022-06-13T21:11:26.4120970+02:00" testType="13cdc9d9-ddb5-4fa4-a97d-d965ccfc6d4b" outcome="Passed" testListId="8c84fa94-04c1-424b-9868-57a2d4851a1d" relativeResultsDirectory="eaf9fd3f-8475-4931-bca7-13a367701579" />
    <UnitTestResult executionId="1c11576e-8b74-4852-a305-27b9bcd2ec21" testId="aeaf278a-5185-4fe4-b64d-2c90b5ba7545" testName="FormatToStringTest1000 (28072.424637532058,28072.42 zł)" computerName="DESKTOP-5URQ9PB" duration="00:00:00.0000060" startTime="2022-06-13T21:11:26.3548257+02:00" endTime="2022-06-13T21:11:26.3548908+02:00" testType="13cdc9d9-ddb5-4fa4-a97d-d965ccfc6d4b" outcome="Passed" testListId="8c84fa94-04c1-424b-9868-57a2d4851a1d" relativeResultsDirectory="1c11576e-8b74-4852-a305-27b9bcd2ec21" />
    <UnitTestResult executionId="604d52bd-cfe2-40b5-93cc-f7143102b40e" testId="b8037a79-e233-4e60-bb1b-30e8ca604b2e" testName="FormatToStringTest1000 (15841.26419853478,15841.26 zł)" computerName="DESKTOP-5URQ9PB" duration="00:00:00.0000062" startTime="2022-06-13T21:11:26.6762145+02:00" endTime="2022-06-13T21:11:26.6762792+02:00" testType="13cdc9d9-ddb5-4fa4-a97d-d965ccfc6d4b" outcome="Passed" testListId="8c84fa94-04c1-424b-9868-57a2d4851a1d" relativeResultsDirectory="604d52bd-cfe2-40b5-93cc-f7143102b40e" />
    <UnitTestResult executionId="716340b5-8b45-44c3-ba6a-be01c6641137" testId="1d78cdb2-5c4f-4faa-a5a4-d1a1eab6a6d1" testName="FormatToStringTest1000 (7671.0039663785155,7671.00 zł)" computerName="DESKTOP-5URQ9PB" duration="00:00:00.0000101" startTime="2022-06-13T21:11:26.6408312+02:00" endTime="2022-06-13T21:11:26.6409562+02:00" testType="13cdc9d9-ddb5-4fa4-a97d-d965ccfc6d4b" outcome="Passed" testListId="8c84fa94-04c1-424b-9868-57a2d4851a1d" relativeResultsDirectory="716340b5-8b45-44c3-ba6a-be01c6641137" />
    <UnitTestResult executionId="69b23f74-c722-4c37-946b-4db93231e1dc" testId="f61a06e8-957a-4184-8b2a-d81aa30247af" testName="FormatToStringTest1000 (9558.453124931293,9558.45 zł)" computerName="DESKTOP-5URQ9PB" duration="00:00:00.0000061" startTime="2022-06-13T21:11:26.4348254+02:00" endTime="2022-06-13T21:11:26.4348918+02:00" testType="13cdc9d9-ddb5-4fa4-a97d-d965ccfc6d4b" outcome="Passed" testListId="8c84fa94-04c1-424b-9868-57a2d4851a1d" relativeResultsDirectory="69b23f74-c722-4c37-946b-4db93231e1dc" />
    <UnitTestResult executionId="05485c14-811d-4a92-80c0-ca3019339bcb" testId="46716ad1-8841-42af-817b-ef3573fa5ca5" testName="FormatToStringTest1000 (34145.534199603615,34145.53 zł)" computerName="DESKTOP-5URQ9PB" duration="00:00:00.0000129" startTime="2022-06-13T21:11:26.6093511+02:00" endTime="2022-06-13T21:11:26.6094757+02:00" testType="13cdc9d9-ddb5-4fa4-a97d-d965ccfc6d4b" outcome="Passed" testListId="8c84fa94-04c1-424b-9868-57a2d4851a1d" relativeResultsDirectory="05485c14-811d-4a92-80c0-ca3019339bcb" />
    <UnitTestResult executionId="ae5fead8-d809-476b-87f8-6148c9fb264c" testId="2d8695c0-9f9d-4c86-b74d-a4c8d17731d4" testName="FormatToStringTest1000 (75915.01943546813,75915.02 zł)" computerName="DESKTOP-5URQ9PB" duration="00:00:00.0000063" startTime="2022-06-13T21:11:26.4708053+02:00" endTime="2022-06-13T21:11:26.4708722+02:00" testType="13cdc9d9-ddb5-4fa4-a97d-d965ccfc6d4b" outcome="Passed" testListId="8c84fa94-04c1-424b-9868-57a2d4851a1d" relativeResultsDirectory="ae5fead8-d809-476b-87f8-6148c9fb264c" />
    <UnitTestResult executionId="3815cdd5-9d67-4677-901a-c7cf68ab44a7" testId="35bfd18d-84e4-412d-89af-73a01d2c5036" testName="FormatToStringTest1000 (32821.05661472215,32821.06 zł)" computerName="DESKTOP-5URQ9PB" duration="00:00:00.0000062" startTime="2022-06-13T21:11:26.6005522+02:00" endTime="2022-06-13T21:11:26.6006164+02:00" testType="13cdc9d9-ddb5-4fa4-a97d-d965ccfc6d4b" outcome="Passed" testListId="8c84fa94-04c1-424b-9868-57a2d4851a1d" relativeResultsDirectory="3815cdd5-9d67-4677-901a-c7cf68ab44a7" />
    <UnitTestResult executionId="644ec504-b11c-4fa1-8f92-f8c17c6119a5" testId="b022e1ac-fa94-4e7f-b9e0-e22a41db5daa" testName="FormatToStringTest1000 (30410.68214617003,30410.68 zł)" computerName="DESKTOP-5URQ9PB" duration="00:00:00.0000062" startTime="2022-06-13T21:11:26.5221205+02:00" endTime="2022-06-13T21:11:26.5221877+02:00" testType="13cdc9d9-ddb5-4fa4-a97d-d965ccfc6d4b" outcome="Passed" testListId="8c84fa94-04c1-424b-9868-57a2d4851a1d" relativeResultsDirectory="644ec504-b11c-4fa1-8f92-f8c17c6119a5" />
    <UnitTestResult executionId="db1bbbaa-44c2-46f7-be1c-70e636291151" testId="093916d7-a1ea-4056-9f72-0e83db9a9abe" testName="FormatToStringTest1000 (16383.352881839199,16383.35 zł)" computerName="DESKTOP-5URQ9PB" duration="00:00:00.0000063" startTime="2022-06-13T21:11:26.3669462+02:00" endTime="2022-06-13T21:11:26.3670198+02:00" testType="13cdc9d9-ddb5-4fa4-a97d-d965ccfc6d4b" outcome="Passed" testListId="8c84fa94-04c1-424b-9868-57a2d4851a1d" relativeResultsDirectory="db1bbbaa-44c2-46f7-be1c-70e636291151" />
    <UnitTestResult executionId="f0a3c0c6-5b47-4ea6-b53f-2c12e5dc2b91" testId="727cc039-f211-4ed3-a007-8c653bc2834c" testName="FormatToStringTest1000 (27794.8671353957,27794.87 zł)" computerName="DESKTOP-5URQ9PB" duration="00:00:00.0000143" startTime="2022-06-13T21:11:26.6192726+02:00" endTime="2022-06-13T21:11:26.6194333+02:00" testType="13cdc9d9-ddb5-4fa4-a97d-d965ccfc6d4b" outcome="Passed" testListId="8c84fa94-04c1-424b-9868-57a2d4851a1d" relativeResultsDirectory="f0a3c0c6-5b47-4ea6-b53f-2c12e5dc2b91" />
    <UnitTestResult executionId="fa6849eb-3f40-478e-b1bc-e0f0b4ea413a" testId="d89ac6e8-b67d-4cb4-ada2-655ab236e300" testName="FormatToStringTest1000 (31805.23430354532,31805.23 zł)" computerName="DESKTOP-5URQ9PB" duration="00:00:00.0000068" startTime="2022-06-13T21:11:26.6231622+02:00" endTime="2022-06-13T21:11:26.6232268+02:00" testType="13cdc9d9-ddb5-4fa4-a97d-d965ccfc6d4b" outcome="Passed" testListId="8c84fa94-04c1-424b-9868-57a2d4851a1d" relativeResultsDirectory="fa6849eb-3f40-478e-b1bc-e0f0b4ea413a" />
    <UnitTestResult executionId="9314fbe9-0f7f-4804-92b6-9fd30453faec" testId="f468bce4-606a-45f0-80f5-aad610b74f83" testName="FormatToStringTest1000 (58902.704109088845,58902.70 zł)" computerName="DESKTOP-5URQ9PB" duration="00:00:00.0000067" startTime="2022-06-13T21:11:26.6764776+02:00" endTime="2022-06-13T21:11:26.6765418+02:00" testType="13cdc9d9-ddb5-4fa4-a97d-d965ccfc6d4b" outcome="Passed" testListId="8c84fa94-04c1-424b-9868-57a2d4851a1d" relativeResultsDirectory="9314fbe9-0f7f-4804-92b6-9fd30453faec" />
    <UnitTestResult executionId="c4ebd265-7021-4f9b-a9bf-151b28992a0d" testId="cd7f9a18-f525-41bb-8396-bc3189c4be3f" testName="FormatToStringTest1000 (64210.358316209335,64210.36 zł)" computerName="DESKTOP-5URQ9PB" duration="00:00:00.0000088" startTime="2022-06-13T21:11:26.3770619+02:00" endTime="2022-06-13T21:11:26.3771382+02:00" testType="13cdc9d9-ddb5-4fa4-a97d-d965ccfc6d4b" outcome="Passed" testListId="8c84fa94-04c1-424b-9868-57a2d4851a1d" relativeResultsDirectory="c4ebd265-7021-4f9b-a9bf-151b28992a0d" />
    <UnitTestResult executionId="b3641206-f01c-4f62-a576-33da80d5ee03" testId="80d5d6ea-2021-4f24-9c19-bb1dab9b1897" testName="FormatToStringTest1000 (3506.8456124108498,3506.85 zł)" computerName="DESKTOP-5URQ9PB" duration="00:00:00.0000067" startTime="2022-06-13T21:11:26.3980630+02:00" endTime="2022-06-13T21:11:26.3981399+02:00" testType="13cdc9d9-ddb5-4fa4-a97d-d965ccfc6d4b" outcome="Passed" testListId="8c84fa94-04c1-424b-9868-57a2d4851a1d" relativeResultsDirectory="b3641206-f01c-4f62-a576-33da80d5ee03" />
    <UnitTestResult executionId="8c6093c2-1b03-485a-bd3b-c71afd132995" testId="8f7675b5-cc46-4400-aacc-50742d920aab" testName="FormatToStringTest1000 (4715.320654313695,4715.32 zł)" computerName="DESKTOP-5URQ9PB" duration="00:00:00.0000151" startTime="2022-06-13T21:11:26.5722714+02:00" endTime="2022-06-13T21:11:26.5723466+02:00" testType="13cdc9d9-ddb5-4fa4-a97d-d965ccfc6d4b" outcome="Passed" testListId="8c84fa94-04c1-424b-9868-57a2d4851a1d" relativeResultsDirectory="8c6093c2-1b03-485a-bd3b-c71afd132995" />
    <UnitTestResult executionId="9df531a1-7a26-4d24-8dcd-c33efc2f763e" testId="ab3cc6c2-c3a0-4497-b245-bf26f2a9e496" testName="FormatToStringTest1000 (16957.4523676757,16957.45 zł)" computerName="DESKTOP-5URQ9PB" duration="00:00:00.0000064" startTime="2022-06-13T21:11:26.5318775+02:00" endTime="2022-06-13T21:11:26.5319430+02:00" testType="13cdc9d9-ddb5-4fa4-a97d-d965ccfc6d4b" outcome="Passed" testListId="8c84fa94-04c1-424b-9868-57a2d4851a1d" relativeResultsDirectory="9df531a1-7a26-4d24-8dcd-c33efc2f763e" />
    <UnitTestResult executionId="24cee01d-dbc1-4d53-8d1f-ab0c421068a3" testId="9f32db1a-96d6-4d17-b0f7-c78cf1778145" testName="FormatToStringTest1000 (13478.157112043891,13478.16 zł)" computerName="DESKTOP-5URQ9PB" duration="00:00:00.0000254" startTime="2022-06-13T21:11:26.5634815+02:00" endTime="2022-06-13T21:11:26.5636504+02:00" testType="13cdc9d9-ddb5-4fa4-a97d-d965ccfc6d4b" outcome="Passed" testListId="8c84fa94-04c1-424b-9868-57a2d4851a1d" relativeResultsDirectory="24cee01d-dbc1-4d53-8d1f-ab0c421068a3" />
    <UnitTestResult executionId="ac4c02fe-92e0-42b4-b3d9-b15f4751e4d3" testId="4424ff45-86de-487b-bb3b-982417afcce3" testName="FormatToStringTest1000 (3043.6828298227315,3043.68 zł)" computerName="DESKTOP-5URQ9PB" duration="00:00:00.0000116" startTime="2022-06-13T21:11:26.7179132+02:00" endTime="2022-06-13T21:11:26.7180390+02:00" testType="13cdc9d9-ddb5-4fa4-a97d-d965ccfc6d4b" outcome="Passed" testListId="8c84fa94-04c1-424b-9868-57a2d4851a1d" relativeResultsDirectory="ac4c02fe-92e0-42b4-b3d9-b15f4751e4d3" />
    <UnitTestResult executionId="8caf5e81-8c1e-4e88-8efc-b1c0414dd058" testId="04d1fa9f-4ecf-43d2-8c8c-de60e58685c6" testName="FormatToStringTest1000 (11624.834848273003,11624.83 zł)" computerName="DESKTOP-5URQ9PB" duration="00:00:00.0000062" startTime="2022-06-13T21:11:26.5752422+02:00" endTime="2022-06-13T21:11:26.5753076+02:00" testType="13cdc9d9-ddb5-4fa4-a97d-d965ccfc6d4b" outcome="Passed" testListId="8c84fa94-04c1-424b-9868-57a2d4851a1d" relativeResultsDirectory="8caf5e81-8c1e-4e88-8efc-b1c0414dd058" />
    <UnitTestResult executionId="564b4ade-1106-44ca-89ea-5b7226f0e7e5" testId="af17c7a4-7603-4f8f-9634-94223544a38f" testName="FormatToStringTest1000 (7669.3855620214645,7669.39 zł)" computerName="DESKTOP-5URQ9PB" duration="00:00:00.0000069" startTime="2022-06-13T21:11:26.4282067+02:00" endTime="2022-06-13T21:11:26.4282860+02:00" testType="13cdc9d9-ddb5-4fa4-a97d-d965ccfc6d4b" outcome="Passed" testListId="8c84fa94-04c1-424b-9868-57a2d4851a1d" relativeResultsDirectory="564b4ade-1106-44ca-89ea-5b7226f0e7e5" />
    <UnitTestResult executionId="01312736-263f-4b56-8318-990c1d45f0d8" testId="b792062c-45d2-4318-a1a9-6ef955c6f09e" testName="FormatToStringTest1000 (67898.54481444067,67898.54 zł)" computerName="DESKTOP-5URQ9PB" duration="00:00:00.0000060" startTime="2022-06-13T21:11:26.4094812+02:00" endTime="2022-06-13T21:11:26.4095458+02:00" testType="13cdc9d9-ddb5-4fa4-a97d-d965ccfc6d4b" outcome="Passed" testListId="8c84fa94-04c1-424b-9868-57a2d4851a1d" relativeResultsDirectory="01312736-263f-4b56-8318-990c1d45f0d8" />
    <UnitTestResult executionId="1b30a71b-0556-4092-b56d-6cf7535a77a6" testId="d2965159-364d-4bd7-95f3-a4a3011e2be7" testName="FormatToStringTest1000 (6313.543884690639,6313.54 zł)" computerName="DESKTOP-5URQ9PB" duration="00:00:00.0000062" startTime="2022-06-13T21:11:26.4969687+02:00" endTime="2022-06-13T21:11:26.4970352+02:00" testType="13cdc9d9-ddb5-4fa4-a97d-d965ccfc6d4b" outcome="Passed" testListId="8c84fa94-04c1-424b-9868-57a2d4851a1d" relativeResultsDirectory="1b30a71b-0556-4092-b56d-6cf7535a77a6" />
    <UnitTestResult executionId="cbd27d8e-3602-4ffc-a59c-587754c600e1" testId="27809439-1551-41f4-9549-28641fe97912" testName="FormatToStringTest1000 (48684.26840475959,48684.27 zł)" computerName="DESKTOP-5URQ9PB" duration="00:00:00.0000060" startTime="2022-06-13T21:11:26.5946711+02:00" endTime="2022-06-13T21:11:26.5947351+02:00" testType="13cdc9d9-ddb5-4fa4-a97d-d965ccfc6d4b" outcome="Passed" testListId="8c84fa94-04c1-424b-9868-57a2d4851a1d" relativeResultsDirectory="cbd27d8e-3602-4ffc-a59c-587754c600e1" />
    <UnitTestResult executionId="58115830-d525-4c99-8f88-09e9ee97c37e" testId="654312c6-d985-4720-b8cd-c42c717fdeed" testName="FormatToStringTest1000 (63291.50274994015,63291.50 zł)" computerName="DESKTOP-5URQ9PB" duration="00:00:00.0000064" startTime="2022-06-13T21:11:26.5068899+02:00" endTime="2022-06-13T21:11:26.5069636+02:00" testType="13cdc9d9-ddb5-4fa4-a97d-d965ccfc6d4b" outcome="Passed" testListId="8c84fa94-04c1-424b-9868-57a2d4851a1d" relativeResultsDirectory="58115830-d525-4c99-8f88-09e9ee97c37e" />
    <UnitTestResult executionId="898288c9-d07f-498f-ad20-527cccff65eb" testId="ca8cf597-1a70-4ad9-a9ad-cd555d315c8d" testName="FormatToStringTest1000 (7407.385606687696,7407.39 zł)" computerName="DESKTOP-5URQ9PB" duration="00:00:00.0000250" startTime="2022-06-13T21:11:26.5681603+02:00" endTime="2022-06-13T21:11:26.5683302+02:00" testType="13cdc9d9-ddb5-4fa4-a97d-d965ccfc6d4b" outcome="Passed" testListId="8c84fa94-04c1-424b-9868-57a2d4851a1d" relativeResultsDirectory="898288c9-d07f-498f-ad20-527cccff65eb" />
    <UnitTestResult executionId="d9c1d82d-74e5-4a22-ba21-9bf2c973b2c9" testId="a71d86ee-b22b-46b9-af28-3a7fc6e95c60" testName="FormatToStringTest1000 (2435.1995505835857,2435.20 zł)" computerName="DESKTOP-5URQ9PB" duration="00:00:00.0000058" startTime="2022-06-13T21:11:26.4065649+02:00" endTime="2022-06-13T21:11:26.4066293+02:00" testType="13cdc9d9-ddb5-4fa4-a97d-d965ccfc6d4b" outcome="Passed" testListId="8c84fa94-04c1-424b-9868-57a2d4851a1d" relativeResultsDirectory="d9c1d82d-74e5-4a22-ba21-9bf2c973b2c9" />
    <UnitTestResult executionId="b38692a5-7093-485e-b40d-dfbfacbbdae5" testId="a94a547a-6784-4d13-9bd8-2cd5ae94b2f4" testName="FormatToStringTest1000 (51503.82905738234,51503.83 zł)" computerName="DESKTOP-5URQ9PB" duration="00:00:00.0000060" startTime="2022-06-13T21:11:26.4152347+02:00" endTime="2022-06-13T21:11:26.4152992+02:00" testType="13cdc9d9-ddb5-4fa4-a97d-d965ccfc6d4b" outcome="Passed" testListId="8c84fa94-04c1-424b-9868-57a2d4851a1d" relativeResultsDirectory="b38692a5-7093-485e-b40d-dfbfacbbdae5" />
    <UnitTestResult executionId="af70ea9d-c460-4fb0-8028-d17a23a0fa66" testId="909d73bf-f8b8-4829-9581-fd8ea31fbef8" testName="FormatToStringTest1000 (31622.81414407809,31622.81 zł)" computerName="DESKTOP-5URQ9PB" duration="00:00:00.0000061" startTime="2022-06-13T21:11:26.6885309+02:00" endTime="2022-06-13T21:11:26.6885958+02:00" testType="13cdc9d9-ddb5-4fa4-a97d-d965ccfc6d4b" outcome="Passed" testListId="8c84fa94-04c1-424b-9868-57a2d4851a1d" relativeResultsDirectory="af70ea9d-c460-4fb0-8028-d17a23a0fa66" />
    <UnitTestResult executionId="e08867ec-563d-4d70-8a9c-cae103af87e3" testId="e844e9d4-5a57-403a-b9d3-f64dad6b647e" testName="FormatToStringTest1000 (89093.57120939044,89093.57 zł)" computerName="DESKTOP-5URQ9PB" duration="00:00:00.0000063" startTime="2022-06-13T21:11:26.6381240+02:00" endTime="2022-06-13T21:11:26.6381886+02:00" testType="13cdc9d9-ddb5-4fa4-a97d-d965ccfc6d4b" outcome="Passed" testListId="8c84fa94-04c1-424b-9868-57a2d4851a1d" relativeResultsDirectory="e08867ec-563d-4d70-8a9c-cae103af87e3" />
    <UnitTestResult executionId="98e26e0e-1136-4f40-b4b8-12fc3c8268b3" testId="dd602a40-5580-4009-b929-e30c6f01c0c3" testName="FormatToStringTest1000 (9765.54450809748,9765.54 zł)" computerName="DESKTOP-5URQ9PB" duration="00:00:00.0000061" startTime="2022-06-13T21:11:26.4185191+02:00" endTime="2022-06-13T21:11:26.4185818+02:00" testType="13cdc9d9-ddb5-4fa4-a97d-d965ccfc6d4b" outcome="Passed" testListId="8c84fa94-04c1-424b-9868-57a2d4851a1d" relativeResultsDirectory="98e26e0e-1136-4f40-b4b8-12fc3c8268b3" />
    <UnitTestResult executionId="e1c53413-57b4-4d0b-876f-1a41cb97ac81" testId="e43956db-4c6e-4704-8340-614794414a75" testName="FormatToStringTest1000 (79764.77845563217,79764.78 zł)" computerName="DESKTOP-5URQ9PB" duration="00:00:00.0000065" startTime="2022-06-13T21:11:26.4376157+02:00" endTime="2022-06-13T21:11:26.4376997+02:00" testType="13cdc9d9-ddb5-4fa4-a97d-d965ccfc6d4b" outcome="Passed" testListId="8c84fa94-04c1-424b-9868-57a2d4851a1d" relativeResultsDirectory="e1c53413-57b4-4d0b-876f-1a41cb97ac81" />
    <UnitTestResult executionId="907eb33d-6191-490c-b60f-46d0c3feff6a" testId="286edf5a-379f-4fe8-ad30-2180aae3d417" testName="FormatToStringTest1000 (2751.3751475258614,2751.38 zł)" computerName="DESKTOP-5URQ9PB" duration="00:00:00.0000063" startTime="2022-06-13T21:11:26.6660765+02:00" endTime="2022-06-13T21:11:26.6661407+02:00" testType="13cdc9d9-ddb5-4fa4-a97d-d965ccfc6d4b" outcome="Passed" testListId="8c84fa94-04c1-424b-9868-57a2d4851a1d" relativeResultsDirectory="907eb33d-6191-490c-b60f-46d0c3feff6a" />
    <UnitTestResult executionId="6dfc990d-cb00-4517-8e5b-bbda055fd626" testId="0d075ce7-3b75-418a-b33b-49682e963e05" testName="FormatToStringTest1000 (20497.107923553376,20497.11 zł)" computerName="DESKTOP-5URQ9PB" duration="00:00:00.0000062" startTime="2022-06-13T21:11:26.6796022+02:00" endTime="2022-06-13T21:11:26.6796666+02:00" testType="13cdc9d9-ddb5-4fa4-a97d-d965ccfc6d4b" outcome="Passed" testListId="8c84fa94-04c1-424b-9868-57a2d4851a1d" relativeResultsDirectory="6dfc990d-cb00-4517-8e5b-bbda055fd626" />
    <UnitTestResult executionId="d605b11e-24fd-4963-af43-f6a67747965d" testId="446e5a69-dc32-4365-8b5d-7f76a69bd2ac" testName="FormatToStringTest1000 (41368.29672956015,41368.30 zł)" computerName="DESKTOP-5URQ9PB" duration="00:00:00.0000061" startTime="2022-06-13T21:11:26.4255046+02:00" endTime="2022-06-13T21:11:26.4255713+02:00" testType="13cdc9d9-ddb5-4fa4-a97d-d965ccfc6d4b" outcome="Passed" testListId="8c84fa94-04c1-424b-9868-57a2d4851a1d" relativeResultsDirectory="d605b11e-24fd-4963-af43-f6a67747965d" />
    <UnitTestResult executionId="1a767b34-5bf5-4a81-a8f0-c7bca449e838" testId="0fe2a9cb-ff3f-4048-890b-0b82c9951d57" testName="FormatToStringTest1000 (7050.437505805137,7050.44 zł)" computerName="DESKTOP-5URQ9PB" duration="00:00:00.0000059" startTime="2022-06-13T21:11:26.3986631+02:00" endTime="2022-06-13T21:11:26.3987272+02:00" testType="13cdc9d9-ddb5-4fa4-a97d-d965ccfc6d4b" outcome="Passed" testListId="8c84fa94-04c1-424b-9868-57a2d4851a1d" relativeResultsDirectory="1a767b34-5bf5-4a81-a8f0-c7bca449e838" />
    <UnitTestResult executionId="64642136-4412-4050-912f-7e06846eedbf" testId="be436893-a13c-462c-b7b0-7eb37ade3381" testName="FormatToStringTest1000 (5108.217389855635,5108.22 zł)" computerName="DESKTOP-5URQ9PB" duration="00:00:00.0000068" startTime="2022-06-13T21:11:26.4680818+02:00" endTime="2022-06-13T21:11:26.4681487+02:00" testType="13cdc9d9-ddb5-4fa4-a97d-d965ccfc6d4b" outcome="Passed" testListId="8c84fa94-04c1-424b-9868-57a2d4851a1d" relativeResultsDirectory="64642136-4412-4050-912f-7e06846eedbf" />
    <UnitTestResult executionId="5707b64f-855e-4d32-9b8f-c46a2c5741e9" testId="26576eac-6e90-4e44-b7ab-c8eeb2524195" testName="FormatToStringTest1000 (6820.105136090938,6820.11 zł)" computerName="DESKTOP-5URQ9PB" duration="00:00:00.0000061" startTime="2022-06-13T21:11:26.6541254+02:00" endTime="2022-06-13T21:11:26.6541894+02:00" testType="13cdc9d9-ddb5-4fa4-a97d-d965ccfc6d4b" outcome="Passed" testListId="8c84fa94-04c1-424b-9868-57a2d4851a1d" relativeResultsDirectory="5707b64f-855e-4d32-9b8f-c46a2c5741e9" />
    <UnitTestResult executionId="7562a4f8-05a8-4ba1-8691-c89280444a92" testId="d3fff3f5-f29b-4e5b-bbbb-98e84607ca1f" testName="FormatToStringTest1000 (48428.38681602682,48428.39 zł)" computerName="DESKTOP-5URQ9PB" duration="00:00:00.0000062" startTime="2022-06-13T21:11:26.4518903+02:00" endTime="2022-06-13T21:11:26.4519588+02:00" testType="13cdc9d9-ddb5-4fa4-a97d-d965ccfc6d4b" outcome="Passed" testListId="8c84fa94-04c1-424b-9868-57a2d4851a1d" relativeResultsDirectory="7562a4f8-05a8-4ba1-8691-c89280444a92" />
    <UnitTestResult executionId="263940d4-7bad-4b5f-be50-21d93eb64717" testId="3595846d-6ee0-417c-852e-ce39df840f93" testName="FormatToStringTest1000 (40035.54711080787,40035.55 zł)" computerName="DESKTOP-5URQ9PB" duration="00:00:00.0000062" startTime="2022-06-13T21:11:26.4284026+02:00" endTime="2022-06-13T21:11:26.4284697+02:00" testType="13cdc9d9-ddb5-4fa4-a97d-d965ccfc6d4b" outcome="Passed" testListId="8c84fa94-04c1-424b-9868-57a2d4851a1d" relativeResultsDirectory="263940d4-7bad-4b5f-be50-21d93eb64717" />
    <UnitTestResult executionId="c1ec34bf-b85a-40e1-858d-6e2527b84f75" testId="821aa26c-ea88-4006-b105-67297329000d" testName="FormatToStringTest1000 (14480.387652530982,14480.39 zł)" computerName="DESKTOP-5URQ9PB" duration="00:00:00.0000062" startTime="2022-06-13T21:11:26.4316337+02:00" endTime="2022-06-13T21:11:26.4317000+02:00" testType="13cdc9d9-ddb5-4fa4-a97d-d965ccfc6d4b" outcome="Passed" testListId="8c84fa94-04c1-424b-9868-57a2d4851a1d" relativeResultsDirectory="c1ec34bf-b85a-40e1-858d-6e2527b84f75" />
    <UnitTestResult executionId="d7b46453-a7da-4b2f-a9db-789cd853bf80" testId="96e1d6bf-643c-4798-8489-cb928dc68348" testName="FormatToStringTest1000 (33206.73122987837,33206.73 zł)" computerName="DESKTOP-5URQ9PB" duration="00:00:00.0000062" startTime="2022-06-13T21:11:26.3643282+02:00" endTime="2022-06-13T21:11:26.3644046+02:00" testType="13cdc9d9-ddb5-4fa4-a97d-d965ccfc6d4b" outcome="Passed" testListId="8c84fa94-04c1-424b-9868-57a2d4851a1d" relativeResultsDirectory="d7b46453-a7da-4b2f-a9db-789cd853bf80" />
    <UnitTestResult executionId="9a26cac4-0ca4-45cc-8b29-f9a4daebb7bb" testId="1f39074b-5747-40af-b210-f2ac5efb0d36" testName="FormatToStringTest1000 (35145.379208063416,35145.38 zł)" computerName="DESKTOP-5URQ9PB" duration="00:00:00.0000062" startTime="2022-06-13T21:11:26.3736352+02:00" endTime="2022-06-13T21:11:26.3737085+02:00" testType="13cdc9d9-ddb5-4fa4-a97d-d965ccfc6d4b" outcome="Passed" testListId="8c84fa94-04c1-424b-9868-57a2d4851a1d" relativeResultsDirectory="9a26cac4-0ca4-45cc-8b29-f9a4daebb7bb" />
    <UnitTestResult executionId="b46ab013-3bbd-41a3-8d43-e4425650117e" testId="2a3780c4-c267-4a0f-b6d8-7b7e0507e696" testName="FormatToStringTest1000 (1187.8237780126854,1187.82 zł)" computerName="DESKTOP-5URQ9PB" duration="00:00:00.0000069" startTime="2022-06-13T21:11:26.6479824+02:00" endTime="2022-06-13T21:11:26.6480613+02:00" testType="13cdc9d9-ddb5-4fa4-a97d-d965ccfc6d4b" outcome="Passed" testListId="8c84fa94-04c1-424b-9868-57a2d4851a1d" relativeResultsDirectory="b46ab013-3bbd-41a3-8d43-e4425650117e" />
    <UnitTestResult executionId="37eb04c5-3f7c-4ce8-b927-fde349e2192c" testId="e57b56b3-80fe-4211-ada4-3df5de0368b5" testName="FormatToStringTest1000 (19189.813662191766,19189.81 zł)" computerName="DESKTOP-5URQ9PB" duration="00:00:00.0000107" startTime="2022-06-13T21:11:26.4809234+02:00" endTime="2022-06-13T21:11:26.4810725+02:00" testType="13cdc9d9-ddb5-4fa4-a97d-d965ccfc6d4b" outcome="Passed" testListId="8c84fa94-04c1-424b-9868-57a2d4851a1d" relativeResultsDirectory="37eb04c5-3f7c-4ce8-b927-fde349e2192c" />
    <UnitTestResult executionId="4eee079c-d393-4020-9197-cea0be95068a" testId="18ca978b-9b71-4aaf-8237-8ea4a0397dcc" testName="FormatToStringTest1000 (3270.482477338743,3270.48 zł)" computerName="DESKTOP-5URQ9PB" duration="00:00:00.0000072" startTime="2022-06-13T21:11:26.6289895+02:00" endTime="2022-06-13T21:11:26.6290579+02:00" testType="13cdc9d9-ddb5-4fa4-a97d-d965ccfc6d4b" outcome="Passed" testListId="8c84fa94-04c1-424b-9868-57a2d4851a1d" relativeResultsDirectory="4eee079c-d393-4020-9197-cea0be95068a" />
    <UnitTestResult executionId="68ee1d5f-a947-4100-87cf-310efdb67b2c" testId="21743fc6-eec6-49e1-be43-a3afb8dc6c43" testName="FormatToStringTest1000 (13092.45389243609,13092.45 zł)" computerName="DESKTOP-5URQ9PB" duration="00:00:00.0000115" startTime="2022-06-13T21:11:26.6726908+02:00" endTime="2022-06-13T21:11:26.6728316+02:00" testType="13cdc9d9-ddb5-4fa4-a97d-d965ccfc6d4b" outcome="Passed" testListId="8c84fa94-04c1-424b-9868-57a2d4851a1d" relativeResultsDirectory="68ee1d5f-a947-4100-87cf-310efdb67b2c" />
    <UnitTestResult executionId="d997ff56-9602-4e2f-adb6-09da4bdc78dd" testId="a49e2bec-0bee-455b-827f-00b9bab1b969" testName="FormatToStringTest1000 (8644.187977380207,8644.19 zł)" computerName="DESKTOP-5URQ9PB" duration="00:00:00.0000085" startTime="2022-06-13T21:11:26.6450004+02:00" endTime="2022-06-13T21:11:26.6451121+02:00" testType="13cdc9d9-ddb5-4fa4-a97d-d965ccfc6d4b" outcome="Passed" testListId="8c84fa94-04c1-424b-9868-57a2d4851a1d" relativeResultsDirectory="d997ff56-9602-4e2f-adb6-09da4bdc78dd" />
    <UnitTestResult executionId="4f037270-6a4d-4f09-bd8b-d7d235a56453" testId="bc818432-7d57-4539-9f4d-e69e51abf6ac" testName="FormatToStringTest1000 (52858.048916166204,52858.05 zł)" computerName="DESKTOP-5URQ9PB" duration="00:00:00.0000064" startTime="2022-06-13T21:11:26.3767044+02:00" endTime="2022-06-13T21:11:26.3767803+02:00" testType="13cdc9d9-ddb5-4fa4-a97d-d965ccfc6d4b" outcome="Passed" testListId="8c84fa94-04c1-424b-9868-57a2d4851a1d" relativeResultsDirectory="4f037270-6a4d-4f09-bd8b-d7d235a56453" />
    <UnitTestResult executionId="721db57b-21b0-4984-a205-5457ce4b2224" testId="850ff14e-56a0-432c-aa05-54638e8bf5c5" testName="FormatToStringTest1000 (95353.10327693219,95353.10 zł)" computerName="DESKTOP-5URQ9PB" duration="00:00:00.0000062" startTime="2022-06-13T21:11:26.4090563+02:00" endTime="2022-06-13T21:11:26.4091219+02:00" testType="13cdc9d9-ddb5-4fa4-a97d-d965ccfc6d4b" outcome="Passed" testListId="8c84fa94-04c1-424b-9868-57a2d4851a1d" relativeResultsDirectory="721db57b-21b0-4984-a205-5457ce4b2224" />
    <UnitTestResult executionId="2fad0704-1236-4de5-b28e-57b69b44da73" testId="0432961e-8f57-400c-8d75-10c5a8db03d2" testName="FormatToStringTest1000 (16129.507288814293,16129.51 zł)" computerName="DESKTOP-5URQ9PB" duration="00:00:00.0000098" startTime="2022-06-13T21:11:26.4973124+02:00" endTime="2022-06-13T21:11:26.4974841+02:00" testType="13cdc9d9-ddb5-4fa4-a97d-d965ccfc6d4b" outcome="Passed" testListId="8c84fa94-04c1-424b-9868-57a2d4851a1d" relativeResultsDirectory="2fad0704-1236-4de5-b28e-57b69b44da73" />
    <UnitTestResult executionId="e6d9da3a-f0d3-4a90-bfb8-d8fa7bcb09c4" testId="d87161da-a014-481b-bb39-26ae8e778202" testName="FormatToStringTest1000 (32359.431438434138,32359.43 zł)" computerName="DESKTOP-5URQ9PB" duration="00:00:00.0000067" startTime="2022-06-13T21:11:26.6454758+02:00" endTime="2022-06-13T21:11:26.6455407+02:00" testType="13cdc9d9-ddb5-4fa4-a97d-d965ccfc6d4b" outcome="Passed" testListId="8c84fa94-04c1-424b-9868-57a2d4851a1d" relativeResultsDirectory="e6d9da3a-f0d3-4a90-bfb8-d8fa7bcb09c4" />
    <UnitTestResult executionId="0dd660be-ec47-486c-8636-da4f2039d186" testId="97741462-69eb-4d83-9635-2ad36af9d4b2" testName="FormatToStringTest1000 (59247.898931587064,59247.90 zł)" computerName="DESKTOP-5URQ9PB" duration="00:00:00.0000072" startTime="2022-06-13T21:11:26.5810062+02:00" endTime="2022-06-13T21:11:26.5810840+02:00" testType="13cdc9d9-ddb5-4fa4-a97d-d965ccfc6d4b" outcome="Passed" testListId="8c84fa94-04c1-424b-9868-57a2d4851a1d" relativeResultsDirectory="0dd660be-ec47-486c-8636-da4f2039d186" />
    <UnitTestResult executionId="df36146f-d279-46e7-b426-99f83a8c344a" testId="40782b17-24bf-4b99-abde-fb9412f65746" testName="FormatToStringTest1000 (22281.48592587257,22281.49 zł)" computerName="DESKTOP-5URQ9PB" duration="00:00:00.0000083" startTime="2022-06-13T21:11:26.4516577+02:00" endTime="2022-06-13T21:11:26.4517790+02:00" testType="13cdc9d9-ddb5-4fa4-a97d-d965ccfc6d4b" outcome="Passed" testListId="8c84fa94-04c1-424b-9868-57a2d4851a1d" relativeResultsDirectory="df36146f-d279-46e7-b426-99f83a8c344a" />
    <UnitTestResult executionId="df58ade9-e1ac-4ecc-a7fb-e8fa45550bd2" testId="366f93fe-970d-40ca-a388-ce75ba688428" testName="FormatToStringTest1000 (803.2448148733214,803.24 zł)" computerName="DESKTOP-5URQ9PB" duration="00:00:00.0000062" startTime="2022-06-13T21:11:26.6852298+02:00" endTime="2022-06-13T21:11:26.6852944+02:00" testType="13cdc9d9-ddb5-4fa4-a97d-d965ccfc6d4b" outcome="Passed" testListId="8c84fa94-04c1-424b-9868-57a2d4851a1d" relativeResultsDirectory="df58ade9-e1ac-4ecc-a7fb-e8fa45550bd2" />
    <UnitTestResult executionId="152ad444-1a27-4637-8872-5fd2b6a26e97" testId="16ac2d1f-4060-4dc1-a5e0-c95c53b0d2ae" testName="FormatToStringTest1000 (79339.95632144621,79339.96 zł)" computerName="DESKTOP-5URQ9PB" duration="00:00:00.0000061" startTime="2022-06-13T21:11:26.7061383+02:00" endTime="2022-06-13T21:11:26.7062031+02:00" testType="13cdc9d9-ddb5-4fa4-a97d-d965ccfc6d4b" outcome="Passed" testListId="8c84fa94-04c1-424b-9868-57a2d4851a1d" relativeResultsDirectory="152ad444-1a27-4637-8872-5fd2b6a26e97" />
    <UnitTestResult executionId="c2e6cac0-cff5-4ef5-9f91-54805a3ed8a1" testId="6bb49e57-523d-46ef-a2c9-2d7f9d218093" testName="FormatToStringTest1000 (1228.101744225296,1228.10 zł)" computerName="DESKTOP-5URQ9PB" duration="00:00:00.0000062" startTime="2022-06-13T21:11:26.6035065+02:00" endTime="2022-06-13T21:11:26.6035709+02:00" testType="13cdc9d9-ddb5-4fa4-a97d-d965ccfc6d4b" outcome="Passed" testListId="8c84fa94-04c1-424b-9868-57a2d4851a1d" relativeResultsDirectory="c2e6cac0-cff5-4ef5-9f91-54805a3ed8a1" />
    <UnitTestResult executionId="fe891a26-729a-4f5c-96ce-50980afc9618" testId="6684f3f3-b9f7-4756-9141-1b1dd1ac3127" testName="FormatToStringTest1000 (49256.47455728635,49256.47 zł)" computerName="DESKTOP-5URQ9PB" duration="00:00:00.0000063" startTime="2022-06-13T21:11:26.7090141+02:00" endTime="2022-06-13T21:11:26.7090801+02:00" testType="13cdc9d9-ddb5-4fa4-a97d-d965ccfc6d4b" outcome="Passed" testListId="8c84fa94-04c1-424b-9868-57a2d4851a1d" relativeResultsDirectory="fe891a26-729a-4f5c-96ce-50980afc9618" />
    <UnitTestResult executionId="c3bc93ca-fa29-49c2-823b-d344c14d8721" testId="7e754505-4b4e-4c81-bc38-9b7c8af3eda5" testName="FormatToStringTest1000 (44361.82678515177,44361.83 zł)" computerName="DESKTOP-5URQ9PB" duration="00:00:00.0000062" startTime="2022-06-13T21:11:26.6883678+02:00" endTime="2022-06-13T21:11:26.6884337+02:00" testType="13cdc9d9-ddb5-4fa4-a97d-d965ccfc6d4b" outcome="Passed" testListId="8c84fa94-04c1-424b-9868-57a2d4851a1d" relativeResultsDirectory="c3bc93ca-fa29-49c2-823b-d344c14d8721" />
    <UnitTestResult executionId="ab7ae016-7478-4789-8859-e1086fb115d0" testId="b61dbd43-6cfc-47a3-bb8f-ac1311c571bf" testName="FormatToStringTest1000 (10762.501695533518,10762.50 zł)" computerName="DESKTOP-5URQ9PB" duration="00:00:00.0000062" startTime="2022-06-13T21:11:26.6004700+02:00" endTime="2022-06-13T21:11:26.6005342+02:00" testType="13cdc9d9-ddb5-4fa4-a97d-d965ccfc6d4b" outcome="Passed" testListId="8c84fa94-04c1-424b-9868-57a2d4851a1d" relativeResultsDirectory="ab7ae016-7478-4789-8859-e1086fb115d0" />
    <UnitTestResult executionId="7b87d8c6-0bf7-4bdf-8733-9b5c76ec6fc7" testId="cc0c5681-97c8-4e5a-a65d-f27254ebeeab" testName="FormatToStringTest1000 (4002.4180488374172,4002.42 zł)" computerName="DESKTOP-5URQ9PB" duration="00:00:00.0000062" startTime="2022-06-13T21:11:26.6763948+02:00" endTime="2022-06-13T21:11:26.6764607+02:00" testType="13cdc9d9-ddb5-4fa4-a97d-d965ccfc6d4b" outcome="Passed" testListId="8c84fa94-04c1-424b-9868-57a2d4851a1d" relativeResultsDirectory="7b87d8c6-0bf7-4bdf-8733-9b5c76ec6fc7" />
    <UnitTestResult executionId="34fd1968-1b9b-4e3e-a09c-a1bbb9bdd74f" testId="62115cd3-7ee7-4edf-b969-89a60cdb9e97" testName="FormatToStringTest1000 (5749.124990274722,5749.12 zł)" computerName="DESKTOP-5URQ9PB" duration="00:00:00.0000063" startTime="2022-06-13T21:11:26.6457207+02:00" endTime="2022-06-13T21:11:26.6457851+02:00" testType="13cdc9d9-ddb5-4fa4-a97d-d965ccfc6d4b" outcome="Passed" testListId="8c84fa94-04c1-424b-9868-57a2d4851a1d" relativeResultsDirectory="34fd1968-1b9b-4e3e-a09c-a1bbb9bdd74f" />
    <UnitTestResult executionId="d0a1c535-3af7-4ee5-aa69-910a0eccfde6" testId="b9ad8f26-eb03-4455-b9f4-4ad369467667" testName="FormatToStringTest1000 (2883.637133003975,2883.64 zł)" computerName="DESKTOP-5URQ9PB" duration="00:00:00.0000062" startTime="2022-06-13T21:11:26.6410665+02:00" endTime="2022-06-13T21:11:26.6411311+02:00" testType="13cdc9d9-ddb5-4fa4-a97d-d965ccfc6d4b" outcome="Passed" testListId="8c84fa94-04c1-424b-9868-57a2d4851a1d" relativeResultsDirectory="d0a1c535-3af7-4ee5-aa69-910a0eccfde6" />
    <UnitTestResult executionId="52833120-b18c-4e2e-96de-dd04d8f939e5" testId="c6499f50-670d-4934-b7a3-876c5b1453cc" testName="FormatToStringTest1000 (12610.563163818122,12610.56 zł)" computerName="DESKTOP-5URQ9PB" duration="00:00:00.0000064" startTime="2022-06-13T21:11:26.6729475+02:00" endTime="2022-06-13T21:11:26.6730137+02:00" testType="13cdc9d9-ddb5-4fa4-a97d-d965ccfc6d4b" outcome="Passed" testListId="8c84fa94-04c1-424b-9868-57a2d4851a1d" relativeResultsDirectory="52833120-b18c-4e2e-96de-dd04d8f939e5" />
    <UnitTestResult executionId="73734a9b-c31e-4f1f-b07a-e58751c2abbb" testId="a873ce80-d6c3-4e93-af37-89d89354053d" testName="FormatToStringTest1000 (42767.96883676898,42767.97 zł)" computerName="DESKTOP-5URQ9PB" duration="00:00:00.0000072" startTime="2022-06-13T21:11:26.6382879+02:00" endTime="2022-06-13T21:11:26.6383578+02:00" testType="13cdc9d9-ddb5-4fa4-a97d-d965ccfc6d4b" outcome="Passed" testListId="8c84fa94-04c1-424b-9868-57a2d4851a1d" relativeResultsDirectory="73734a9b-c31e-4f1f-b07a-e58751c2abbb" />
    <UnitTestResult executionId="d90f4bb4-e80b-4ce9-a745-bb4617a00dec" testId="baa10396-466a-46a3-be0c-4dbdb5156611" testName="FormatToStringTest1000 (40913.016669489916,40913.02 zł)" computerName="DESKTOP-5URQ9PB" duration="00:00:00.0000067" startTime="2022-06-13T21:11:26.6730317+02:00" endTime="2022-06-13T21:11:26.6730963+02:00" testType="13cdc9d9-ddb5-4fa4-a97d-d965ccfc6d4b" outcome="Passed" testListId="8c84fa94-04c1-424b-9868-57a2d4851a1d" relativeResultsDirectory="d90f4bb4-e80b-4ce9-a745-bb4617a00dec" />
    <UnitTestResult executionId="d61f02e7-1c33-4468-9660-645abc12fd07" testId="a6bb5a53-7918-419d-919c-95cb8d058a2f" testName="FormatToStringTest1000 (16637.074429372828,16637.07 zł)" computerName="DESKTOP-5URQ9PB" duration="00:00:00.0000063" startTime="2022-06-13T21:11:26.4314641+02:00" endTime="2022-06-13T21:11:26.4315312+02:00" testType="13cdc9d9-ddb5-4fa4-a97d-d965ccfc6d4b" outcome="Passed" testListId="8c84fa94-04c1-424b-9868-57a2d4851a1d" relativeResultsDirectory="d61f02e7-1c33-4468-9660-645abc12fd07" />
    <UnitTestResult executionId="f40db930-0896-41e0-b4e8-29d6496648e5" testId="563427bd-c077-4d9d-8548-36ba073852bb" testName="FormatToStringTest1000 (50991.22189691114,50991.22 zł)" computerName="DESKTOP-5URQ9PB" duration="00:00:00.0000062" startTime="2022-06-13T21:11:26.3704611+02:00" endTime="2022-06-13T21:11:26.3705316+02:00" testType="13cdc9d9-ddb5-4fa4-a97d-d965ccfc6d4b" outcome="Passed" testListId="8c84fa94-04c1-424b-9868-57a2d4851a1d" relativeResultsDirectory="f40db930-0896-41e0-b4e8-29d6496648e5" />
    <UnitTestResult executionId="210e3f71-5aab-45a9-93b4-04a45af63105" testId="0a754ff1-6fac-43da-a68b-db7b7de00dc2" testName="FormatToStringTest1000 (8211.920994553679,8211.92 zł)" computerName="DESKTOP-5URQ9PB" duration="00:00:00.0000061" startTime="2022-06-13T21:11:26.4617005+02:00" endTime="2022-06-13T21:11:26.4617668+02:00" testType="13cdc9d9-ddb5-4fa4-a97d-d965ccfc6d4b" outcome="Passed" testListId="8c84fa94-04c1-424b-9868-57a2d4851a1d" relativeResultsDirectory="210e3f71-5aab-45a9-93b4-04a45af63105" />
    <UnitTestResult executionId="19bb1e30-2df7-40de-bb5e-57e454670969" testId="6ba35877-43ba-4fbd-9de5-ea1201813ce1" testName="FormatToStringTest1000 (1676.7913981754293,1676.79 zł)" computerName="DESKTOP-5URQ9PB" duration="00:00:00.0000252" startTime="2022-06-13T21:11:26.5675196+02:00" endTime="2022-06-13T21:11:26.5676865+02:00" testType="13cdc9d9-ddb5-4fa4-a97d-d965ccfc6d4b" outcome="Passed" testListId="8c84fa94-04c1-424b-9868-57a2d4851a1d" relativeResultsDirectory="19bb1e30-2df7-40de-bb5e-57e454670969" />
    <UnitTestResult executionId="e71dd6b5-3900-4aa4-b586-ceae159ce94b" testId="2aa7b075-48c3-4ef8-a048-f399c3196aac" testName="FormatToStringTest1000 (25720.27551496321,25720.28 zł)" computerName="DESKTOP-5URQ9PB" duration="00:00:00.0000062" startTime="2022-06-13T21:11:26.4289091+02:00" endTime="2022-06-13T21:11:26.4289755+02:00" testType="13cdc9d9-ddb5-4fa4-a97d-d965ccfc6d4b" outcome="Passed" testListId="8c84fa94-04c1-424b-9868-57a2d4851a1d" relativeResultsDirectory="e71dd6b5-3900-4aa4-b586-ceae159ce94b" />
    <UnitTestResult executionId="4d01700d-32f0-4c3d-b1e3-c02931d47fba" testId="fbdc1e78-b8ea-4420-830d-31ae6105c0f3" testName="FormatToStringTest1000 (48084.94422955389,48084.94 zł)" computerName="DESKTOP-5URQ9PB" duration="00:00:00.0000062" startTime="2022-06-13T21:11:26.4741767+02:00" endTime="2022-06-13T21:11:26.4742428+02:00" testType="13cdc9d9-ddb5-4fa4-a97d-d965ccfc6d4b" outcome="Passed" testListId="8c84fa94-04c1-424b-9868-57a2d4851a1d" relativeResultsDirectory="4d01700d-32f0-4c3d-b1e3-c02931d47fba" />
    <UnitTestResult executionId="babb2347-45ea-4af5-8681-c24229d3c009" testId="bf4c4101-19b8-4301-a5b7-1dd9404834a7" testName="FormatToStringTest1000 (25272.05048361283,25272.05 zł)" computerName="DESKTOP-5URQ9PB" duration="00:00:00.0000061" startTime="2022-06-13T21:11:26.6765591+02:00" endTime="2022-06-13T21:11:26.6766231+02:00" testType="13cdc9d9-ddb5-4fa4-a97d-d965ccfc6d4b" outcome="Passed" testListId="8c84fa94-04c1-424b-9868-57a2d4851a1d" relativeResultsDirectory="babb2347-45ea-4af5-8681-c24229d3c009" />
    <UnitTestResult executionId="3eefdf97-f166-4ad7-bf43-10b3b776b5b9" testId="0b1db62b-a914-4dbd-9ef9-1e0d13ad5981" testName="FormatToStringTest1000 (34062.88803158276,34062.89 zł)" computerName="DESKTOP-5URQ9PB" duration="00:00:00.0000062" startTime="2022-06-13T21:11:26.6791864+02:00" endTime="2022-06-13T21:11:26.6792516+02:00" testType="13cdc9d9-ddb5-4fa4-a97d-d965ccfc6d4b" outcome="Passed" testListId="8c84fa94-04c1-424b-9868-57a2d4851a1d" relativeResultsDirectory="3eefdf97-f166-4ad7-bf43-10b3b776b5b9" />
    <UnitTestResult executionId="07e0dbf8-9e49-4257-b64b-dc7402db192a" testId="d07610da-54c5-4c34-8661-83d841bdd124" testName="FormatToStringTest1000 (11944.74385168531,11944.74 zł)" computerName="DESKTOP-5URQ9PB" duration="00:00:00.0000062" startTime="2022-06-13T21:11:26.7024545+02:00" endTime="2022-06-13T21:11:26.7025201+02:00" testType="13cdc9d9-ddb5-4fa4-a97d-d965ccfc6d4b" outcome="Passed" testListId="8c84fa94-04c1-424b-9868-57a2d4851a1d" relativeResultsDirectory="07e0dbf8-9e49-4257-b64b-dc7402db192a" />
    <UnitTestResult executionId="8ed4fefe-780d-48f4-9e14-8f4ebc3e6ddb" testId="207a8ed5-4e5d-409c-9ebd-0b6ad9f67ad5" testName="FormatToStringTest1000 (12118.31777677048,12118.32 zł)" computerName="DESKTOP-5URQ9PB" duration="00:00:00.0000065" startTime="2022-06-13T21:11:26.6415097+02:00" endTime="2022-06-13T21:11:26.6415891+02:00" testType="13cdc9d9-ddb5-4fa4-a97d-d965ccfc6d4b" outcome="Passed" testListId="8c84fa94-04c1-424b-9868-57a2d4851a1d" relativeResultsDirectory="8ed4fefe-780d-48f4-9e14-8f4ebc3e6ddb" />
    <UnitTestResult executionId="521c5bd0-6af5-4be2-b0f2-a433ea14782a" testId="aab0e7d1-4d30-4efe-89bb-d789f7e7e0b0" testName="FormatToStringTest1000 (66945.02904917022,66945.03 zł)" computerName="DESKTOP-5URQ9PB" duration="00:00:00.0000063" startTime="2022-06-13T21:11:26.6663186+02:00" endTime="2022-06-13T21:11:26.6663886+02:00" testType="13cdc9d9-ddb5-4fa4-a97d-d965ccfc6d4b" outcome="Passed" testListId="8c84fa94-04c1-424b-9868-57a2d4851a1d" relativeResultsDirectory="521c5bd0-6af5-4be2-b0f2-a433ea14782a" />
    <UnitTestResult executionId="8354b691-4a29-4d3c-b4a2-d1da243d6ebc" testId="d49da29c-0dda-4d11-96e9-b52ef431fee9" testName="FormatToStringTest1000 (32262.93788198984,32262.94 zł)" computerName="DESKTOP-5URQ9PB" duration="00:00:00.0000280" startTime="2022-06-13T21:11:26.5628682+02:00" endTime="2022-06-13T21:11:26.5631807+02:00" testType="13cdc9d9-ddb5-4fa4-a97d-d965ccfc6d4b" outcome="Passed" testListId="8c84fa94-04c1-424b-9868-57a2d4851a1d" relativeResultsDirectory="8354b691-4a29-4d3c-b4a2-d1da243d6ebc" />
    <UnitTestResult executionId="60f3ea4d-c04a-44c5-8fb5-b6fb8d274155" testId="0d4ee60e-f175-4621-a93e-6e09c3dd09ba" testName="FormatToStringTest1000 (16673.5121774904,16673.51 zł)" computerName="DESKTOP-5URQ9PB" duration="00:00:00.0000064" startTime="2022-06-13T21:11:26.4874614+02:00" endTime="2022-06-13T21:11:26.4875264+02:00" testType="13cdc9d9-ddb5-4fa4-a97d-d965ccfc6d4b" outcome="Passed" testListId="8c84fa94-04c1-424b-9868-57a2d4851a1d" relativeResultsDirectory="60f3ea4d-c04a-44c5-8fb5-b6fb8d274155" />
    <UnitTestResult executionId="69611680-5f9e-495c-8cd2-b9da5f088dd4" testId="d24cd7c4-91db-4376-8452-3fefb6a45fc8" testName="FormatToStringTest1000 (6262.373413993219,6262.37 zł)" computerName="DESKTOP-5URQ9PB" duration="00:00:00.0000061" startTime="2022-06-13T21:11:26.4584521+02:00" endTime="2022-06-13T21:11:26.4585186+02:00" testType="13cdc9d9-ddb5-4fa4-a97d-d965ccfc6d4b" outcome="Passed" testListId="8c84fa94-04c1-424b-9868-57a2d4851a1d" relativeResultsDirectory="69611680-5f9e-495c-8cd2-b9da5f088dd4" />
    <UnitTestResult executionId="9446a59b-c13b-4981-b265-4b299a955c79" testId="e2013866-7ab8-40a4-8f18-93805aa0f39b" testName="FormatToStringTest1000 (6205.946199725357,6205.95 zł)" computerName="DESKTOP-5URQ9PB" duration="00:00:00.0000064" startTime="2022-06-13T21:11:26.4705515+02:00" endTime="2022-06-13T21:11:26.4706192+02:00" testType="13cdc9d9-ddb5-4fa4-a97d-d965ccfc6d4b" outcome="Passed" testListId="8c84fa94-04c1-424b-9868-57a2d4851a1d" relativeResultsDirectory="9446a59b-c13b-4981-b265-4b299a955c79" />
    <UnitTestResult executionId="9e0ac16f-c52d-49fa-b4ed-c915a6c29986" testId="2f0b83b0-fd73-41e3-905e-752111b11f05" testName="FormatToStringTest1000 (26207.03715363659,26207.04 zł)" computerName="DESKTOP-5URQ9PB" duration="00:00:00.0000061" startTime="2022-06-13T21:11:26.4121146+02:00" endTime="2022-06-13T21:11:26.4121792+02:00" testType="13cdc9d9-ddb5-4fa4-a97d-d965ccfc6d4b" outcome="Passed" testListId="8c84fa94-04c1-424b-9868-57a2d4851a1d" relativeResultsDirectory="9e0ac16f-c52d-49fa-b4ed-c915a6c29986" />
    <UnitTestResult executionId="4104d914-4c2e-4dbb-8bf9-4da2efb849d8" testId="9409198a-69b4-4dc5-bbcb-955a0d4dc13e" testName="FormatToStringTest1000 (30807.823896702295,30807.82 zł)" computerName="DESKTOP-5URQ9PB" duration="00:00:00.0000062" startTime="2022-06-13T21:11:26.6291584+02:00" endTime="2022-06-13T21:11:26.6292229+02:00" testType="13cdc9d9-ddb5-4fa4-a97d-d965ccfc6d4b" outcome="Passed" testListId="8c84fa94-04c1-424b-9868-57a2d4851a1d" relativeResultsDirectory="4104d914-4c2e-4dbb-8bf9-4da2efb849d8" />
    <UnitTestResult executionId="46cd4316-15be-47bc-a851-5c9540640031" testId="849bd677-3101-464a-ba99-0d16895db1fb" testName="FormatToStringTest1000 (52481.07276821932,52481.07 zł)" computerName="DESKTOP-5URQ9PB" duration="00:00:00.0000063" startTime="2022-06-13T21:11:26.6163590+02:00" endTime="2022-06-13T21:11:26.6164277+02:00" testType="13cdc9d9-ddb5-4fa4-a97d-d965ccfc6d4b" outcome="Passed" testListId="8c84fa94-04c1-424b-9868-57a2d4851a1d" relativeResultsDirectory="46cd4316-15be-47bc-a851-5c9540640031" />
    <UnitTestResult executionId="e5803d09-8153-4d9f-ace1-2bdb1d72db57" testId="b7b5c4dc-7641-4953-a68d-759b3688da64" testName="FormatToStringTest1000 (236.20263638589657,236.20 zł)" computerName="DESKTOP-5URQ9PB" duration="00:00:00.0000061" startTime="2022-06-13T21:11:26.5887785+02:00" endTime="2022-06-13T21:11:26.5888432+02:00" testType="13cdc9d9-ddb5-4fa4-a97d-d965ccfc6d4b" outcome="Passed" testListId="8c84fa94-04c1-424b-9868-57a2d4851a1d" relativeResultsDirectory="e5803d09-8153-4d9f-ace1-2bdb1d72db57" />
    <UnitTestResult executionId="531cf406-b488-4adc-a769-a963fa1e4397" testId="2f191e4c-d19e-4a28-921a-115365d425c0" testName="FormatToStringTest1000 (159.83786031922224,159.84 zł)" computerName="DESKTOP-5URQ9PB" duration="00:00:00.0000061" startTime="2022-06-13T21:11:26.3550722+02:00" endTime="2022-06-13T21:11:26.3551361+02:00" testType="13cdc9d9-ddb5-4fa4-a97d-d965ccfc6d4b" outcome="Passed" testListId="8c84fa94-04c1-424b-9868-57a2d4851a1d" relativeResultsDirectory="531cf406-b488-4adc-a769-a963fa1e4397" />
    <UnitTestResult executionId="d9a9bbe7-bb2f-454b-b712-4a4483f852e1" testId="e779fb46-bdae-4cdb-98d9-83cb395de2ad" testName="FormatToStringTest1000 (11796.576829059317,11796.58 zł)" computerName="DESKTOP-5URQ9PB" duration="00:00:00.0000063" startTime="2022-06-13T21:11:26.6567757+02:00" endTime="2022-06-13T21:11:26.6568413+02:00" testType="13cdc9d9-ddb5-4fa4-a97d-d965ccfc6d4b" outcome="Passed" testListId="8c84fa94-04c1-424b-9868-57a2d4851a1d" relativeResultsDirectory="d9a9bbe7-bb2f-454b-b712-4a4483f852e1" />
    <UnitTestResult executionId="e0ef6557-c965-464c-bd79-e7c9f04fae3e" testId="8169416c-bf1f-43e8-b4ca-0c30ab26cfde" testName="FormatToStringTest1000 (19210.519530370144,19210.52 zł)" computerName="DESKTOP-5URQ9PB" duration="00:00:00.0000063" startTime="2022-06-13T21:11:26.5786917+02:00" endTime="2022-06-13T21:11:26.5787563+02:00" testType="13cdc9d9-ddb5-4fa4-a97d-d965ccfc6d4b" outcome="Passed" testListId="8c84fa94-04c1-424b-9868-57a2d4851a1d" relativeResultsDirectory="e0ef6557-c965-464c-bd79-e7c9f04fae3e" />
    <UnitTestResult executionId="17fedc8a-a4f6-4b28-bfad-d7aadcfe4223" testId="402534a5-ee27-4939-a8ad-37ff9c72c6d5" testName="FormatToStringTest1000 (50644.690874327294,50644.69 zł)" computerName="DESKTOP-5URQ9PB" duration="00:00:00.0000062" startTime="2022-06-13T21:11:26.6485778+02:00" endTime="2022-06-13T21:11:26.6486423+02:00" testType="13cdc9d9-ddb5-4fa4-a97d-d965ccfc6d4b" outcome="Passed" testListId="8c84fa94-04c1-424b-9868-57a2d4851a1d" relativeResultsDirectory="17fedc8a-a4f6-4b28-bfad-d7aadcfe4223" />
    <UnitTestResult executionId="73fd1c17-98f3-4acc-bdac-c74265348eed" testId="ab872a76-b8e7-4d2f-a8cb-137cd6acd347" testName="FormatToStringTest1000 (12125.090155628086,12125.09 zł)" computerName="DESKTOP-5URQ9PB" duration="00:00:00.0000070" startTime="2022-06-13T21:11:26.4548211+02:00" endTime="2022-06-13T21:11:26.4549005+02:00" testType="13cdc9d9-ddb5-4fa4-a97d-d965ccfc6d4b" outcome="Passed" testListId="8c84fa94-04c1-424b-9868-57a2d4851a1d" relativeResultsDirectory="73fd1c17-98f3-4acc-bdac-c74265348eed" />
    <UnitTestResult executionId="531e4ca7-7e07-49b5-8f22-07b85e8a18eb" testId="56369cba-c77f-4c73-9343-e10f3029e1ec" testName="FormatToStringTest1000 (40556.73452524362,40556.73 zł)" computerName="DESKTOP-5URQ9PB" duration="00:00:00.0000063" startTime="2022-06-13T21:11:26.4909979+02:00" endTime="2022-06-13T21:11:26.4910644+02:00" testType="13cdc9d9-ddb5-4fa4-a97d-d965ccfc6d4b" outcome="Passed" testListId="8c84fa94-04c1-424b-9868-57a2d4851a1d" relativeResultsDirectory="531e4ca7-7e07-49b5-8f22-07b85e8a18eb" />
    <UnitTestResult executionId="1275abec-6e86-4278-a93b-352f6da19720" testId="8e1ca908-f54c-4689-98e4-a5ba3b940407" testName="FormatToStringTest1000 (9816.961298880615,9816.96 zł)" computerName="DESKTOP-5URQ9PB" duration="00:00:00.0000061" startTime="2022-06-13T21:11:26.3457901+02:00" endTime="2022-06-13T21:11:26.3458554+02:00" testType="13cdc9d9-ddb5-4fa4-a97d-d965ccfc6d4b" outcome="Passed" testListId="8c84fa94-04c1-424b-9868-57a2d4851a1d" relativeResultsDirectory="1275abec-6e86-4278-a93b-352f6da19720" />
    <UnitTestResult executionId="8d1b449d-ba16-4583-883a-0e0a95757d2c" testId="cc79c181-0d41-419a-9eff-9c5b51a390b5" testName="FormatToStringTest1000 (4898.699005344277,4898.70 zł)" computerName="DESKTOP-5URQ9PB" duration="00:00:00.0000061" startTime="2022-06-13T21:11:26.4521491+02:00" endTime="2022-06-13T21:11:26.4522156+02:00" testType="13cdc9d9-ddb5-4fa4-a97d-d965ccfc6d4b" outcome="Passed" testListId="8c84fa94-04c1-424b-9868-57a2d4851a1d" relativeResultsDirectory="8d1b449d-ba16-4583-883a-0e0a95757d2c" />
    <UnitTestResult executionId="c23bec11-2a23-4ac1-a2a2-681ea41041f1" testId="f2ff614d-2f80-498c-bfb6-5f1ef29f77ad" testName="FormatToStringTest1000 (17988.455793307843,17988.46 zł)" computerName="DESKTOP-5URQ9PB" duration="00:00:00.0000058" startTime="2022-06-13T21:11:26.3954963+02:00" endTime="2022-06-13T21:11:26.3955600+02:00" testType="13cdc9d9-ddb5-4fa4-a97d-d965ccfc6d4b" outcome="Passed" testListId="8c84fa94-04c1-424b-9868-57a2d4851a1d" relativeResultsDirectory="c23bec11-2a23-4ac1-a2a2-681ea41041f1" />
    <UnitTestResult executionId="ddd895b9-2d45-4aeb-bda6-660ddd3a4857" testId="447e6565-1f09-4ce9-9e5b-77fe57477c7f" testName="FormatToStringTest1000 (9190.067404299076,9190.07 zł)" computerName="DESKTOP-5URQ9PB" duration="00:00:00.0000115" startTime="2022-06-13T21:11:26.6732830+02:00" endTime="2022-06-13T21:11:26.6733531+02:00" testType="13cdc9d9-ddb5-4fa4-a97d-d965ccfc6d4b" outcome="Passed" testListId="8c84fa94-04c1-424b-9868-57a2d4851a1d" relativeResultsDirectory="ddd895b9-2d45-4aeb-bda6-660ddd3a4857" />
    <UnitTestResult executionId="dd768d4f-4b78-458f-b13f-eccfb7f0e58f" testId="9e8536e0-05f3-4363-b6f6-9a4292bb89f9" testName="FormatToStringTest1000 (72659.37876478041,72659.38 zł)" computerName="DESKTOP-5URQ9PB" duration="00:00:00.0000079" startTime="2022-06-13T21:11:26.6122013+02:00" endTime="2022-06-13T21:11:26.6122938+02:00" testType="13cdc9d9-ddb5-4fa4-a97d-d965ccfc6d4b" outcome="Passed" testListId="8c84fa94-04c1-424b-9868-57a2d4851a1d" relativeResultsDirectory="dd768d4f-4b78-458f-b13f-eccfb7f0e58f" />
    <UnitTestResult executionId="d43b5a91-cd4a-4d44-b637-df797c9068e8" testId="633195ce-dc5a-4bf6-b9db-1bf99554b1a2" testName="FormatToStringTest1000 (4094.6752323977066,4094.68 zł)" computerName="DESKTOP-5URQ9PB" duration="00:00:00.0000061" startTime="2022-06-13T21:11:26.7185683+02:00" endTime="2022-06-13T21:11:26.7186325+02:00" testType="13cdc9d9-ddb5-4fa4-a97d-d965ccfc6d4b" outcome="Passed" testListId="8c84fa94-04c1-424b-9868-57a2d4851a1d" relativeResultsDirectory="d43b5a91-cd4a-4d44-b637-df797c9068e8" />
    <UnitTestResult executionId="a4f239e3-de12-41b0-a1b3-0225166d4a03" testId="b9d2ccdd-08f2-4e0f-8e44-96ad221c2977" testName="FormatToStringTest1000 (22153.282278674324,22153.28 zł)" computerName="DESKTOP-5URQ9PB" duration="00:00:00.0000062" startTime="2022-06-13T21:11:26.4737522+02:00" endTime="2022-06-13T21:11:26.4738193+02:00" testType="13cdc9d9-ddb5-4fa4-a97d-d965ccfc6d4b" outcome="Passed" testListId="8c84fa94-04c1-424b-9868-57a2d4851a1d" relativeResultsDirectory="a4f239e3-de12-41b0-a1b3-0225166d4a03" />
    <UnitTestResult executionId="c2aaea63-eee6-4009-9d29-c882cc6ca7b7" testId="9ffea958-ee96-4a70-b100-05be0a298cb6" testName="FormatToStringTest1000 (8802.811382028653,8802.81 zł)" computerName="DESKTOP-5URQ9PB" duration="00:00:00.0000070" startTime="2022-06-13T21:11:26.4254197+02:00" endTime="2022-06-13T21:11:26.4254867+02:00" testType="13cdc9d9-ddb5-4fa4-a97d-d965ccfc6d4b" outcome="Passed" testListId="8c84fa94-04c1-424b-9868-57a2d4851a1d" relativeResultsDirectory="c2aaea63-eee6-4009-9d29-c882cc6ca7b7" />
    <UnitTestResult executionId="2c8091c6-1cdd-4597-ae4a-c2a57571b11f" testId="096b7e4f-ffd0-4456-9538-107c9885b882" testName="FormatToStringTest1000 (3131.5022711732904,3131.50 zł)" computerName="DESKTOP-5URQ9PB" duration="00:00:00.0000063" startTime="2022-06-13T21:11:26.5033968+02:00" endTime="2022-06-13T21:11:26.5034649+02:00" testType="13cdc9d9-ddb5-4fa4-a97d-d965ccfc6d4b" outcome="Passed" testListId="8c84fa94-04c1-424b-9868-57a2d4851a1d" relativeResultsDirectory="2c8091c6-1cdd-4597-ae4a-c2a57571b11f" />
    <UnitTestResult executionId="5e01b8ad-ca7d-406d-b2b5-b46c7d4d2982" testId="6ccce750-d969-4704-9a8d-03f0988e56dd" testName="FormatToStringTest1000 (134.1514758393874,134.15 zł)" computerName="DESKTOP-5URQ9PB" duration="00:00:00.0000061" startTime="2022-06-13T21:11:26.6066789+02:00" endTime="2022-06-13T21:11:26.6067429+02:00" testType="13cdc9d9-ddb5-4fa4-a97d-d965ccfc6d4b" outcome="Passed" testListId="8c84fa94-04c1-424b-9868-57a2d4851a1d" relativeResultsDirectory="5e01b8ad-ca7d-406d-b2b5-b46c7d4d2982" />
    <UnitTestResult executionId="d023daef-b124-4941-8dcd-c851ce281640" testId="32851eb0-8e1b-4d82-a6ae-c718b5195bcc" testName="FormatToStringTest1000 (25039.088753207627,25039.09 zł)" computerName="DESKTOP-5URQ9PB" duration="00:00:00.0000253" startTime="2022-06-13T21:11:26.5636953+02:00" endTime="2022-06-13T21:11:26.5638663+02:00" testType="13cdc9d9-ddb5-4fa4-a97d-d965ccfc6d4b" outcome="Passed" testListId="8c84fa94-04c1-424b-9868-57a2d4851a1d" relativeResultsDirectory="d023daef-b124-4941-8dcd-c851ce281640" />
    <UnitTestResult executionId="809c8adb-0a01-4c64-a54a-e715f73fa722" testId="8240ea8f-30bb-47be-9988-7cb037ab9522" testName="FormatToStringTest1000 (1613.6903705837626,1613.69 zł)" computerName="DESKTOP-5URQ9PB" duration="00:00:00.0000066" startTime="2022-06-13T21:11:26.5222907+02:00" endTime="2022-06-13T21:11:26.5223772+02:00" testType="13cdc9d9-ddb5-4fa4-a97d-d965ccfc6d4b" outcome="Passed" testListId="8c84fa94-04c1-424b-9868-57a2d4851a1d" relativeResultsDirectory="809c8adb-0a01-4c64-a54a-e715f73fa722" />
    <UnitTestResult executionId="8d26b798-c422-4b3a-bebe-7cfc8caeb36a" testId="77e0869d-44e3-4708-8b36-04883188ccec" testName="FormatToStringTest1000 (71554.9786298829,71554.98 zł)" computerName="DESKTOP-5URQ9PB" duration="00:00:00.0000062" startTime="2022-06-13T21:11:26.6200435+02:00" endTime="2022-06-13T21:11:26.6201055+02:00" testType="13cdc9d9-ddb5-4fa4-a97d-d965ccfc6d4b" outcome="Passed" testListId="8c84fa94-04c1-424b-9868-57a2d4851a1d" relativeResultsDirectory="8d26b798-c422-4b3a-bebe-7cfc8caeb36a" />
    <UnitTestResult executionId="685dedb4-153e-45e3-ab27-311b56d7de91" testId="47def2e1-6763-42c3-b181-37710601189d" testName="FormatToStringTest1000 (27187.549022783314,27187.55 zł)" computerName="DESKTOP-5URQ9PB" duration="00:00:00.0000064" startTime="2022-06-13T21:11:26.5187418+02:00" endTime="2022-06-13T21:11:26.5188092+02:00" testType="13cdc9d9-ddb5-4fa4-a97d-d965ccfc6d4b" outcome="Passed" testListId="8c84fa94-04c1-424b-9868-57a2d4851a1d" relativeResultsDirectory="685dedb4-153e-45e3-ab27-311b56d7de91" />
    <UnitTestResult executionId="b5f7e237-d7a7-436c-b567-ed0eb71a19e3" testId="f7d54df2-65d3-429c-978b-8b53e65b6fe6" testName="FormatToStringTest1000 (59283.7670322637,59283.77 zł)" computerName="DESKTOP-5URQ9PB" duration="00:00:00.0000063" startTime="2022-06-13T21:11:26.7184890+02:00" endTime="2022-06-13T21:11:26.7185512+02:00" testType="13cdc9d9-ddb5-4fa4-a97d-d965ccfc6d4b" outcome="Passed" testListId="8c84fa94-04c1-424b-9868-57a2d4851a1d" relativeResultsDirectory="b5f7e237-d7a7-436c-b567-ed0eb71a19e3" />
    <UnitTestResult executionId="e16dd343-f917-41be-8c65-1a4fc54f64eb" testId="99b9dbd4-9bd3-4ee0-b9c9-ea90ae666454" testName="FormatToStringTest1000 (22494.46807976834,22494.47 zł)" computerName="DESKTOP-5URQ9PB" duration="00:00:00.0000065" startTime="2022-06-13T21:11:26.6225871+02:00" endTime="2022-06-13T21:11:26.6226551+02:00" testType="13cdc9d9-ddb5-4fa4-a97d-d965ccfc6d4b" outcome="Passed" testListId="8c84fa94-04c1-424b-9868-57a2d4851a1d" relativeResultsDirectory="e16dd343-f917-41be-8c65-1a4fc54f64eb" />
    <UnitTestResult executionId="a07cada9-db06-443f-9109-d6174f08098c" testId="e72f1a0d-961d-450b-9ffc-9284ceab3475" testName="FormatToStringTest1000 (286.92120604539343,286.92 zł)" computerName="DESKTOP-5URQ9PB" duration="00:00:00.0000063" startTime="2022-06-13T21:11:26.3457050+02:00" endTime="2022-06-13T21:11:26.3457721+02:00" testType="13cdc9d9-ddb5-4fa4-a97d-d965ccfc6d4b" outcome="Passed" testListId="8c84fa94-04c1-424b-9868-57a2d4851a1d" relativeResultsDirectory="a07cada9-db06-443f-9109-d6174f08098c" />
    <UnitTestResult executionId="313043d2-e47e-4a09-a63a-420527288c6f" testId="97a1e413-379d-4687-a9c4-c7f59cc21ee6" testName="FormatToStringTest1000 (36047.83545033672,36047.84 zł)" computerName="DESKTOP-5URQ9PB" duration="00:00:00.0000061" startTime="2022-06-13T21:11:26.6166093+02:00" endTime="2022-06-13T21:11:26.6166739+02:00" testType="13cdc9d9-ddb5-4fa4-a97d-d965ccfc6d4b" outcome="Passed" testListId="8c84fa94-04c1-424b-9868-57a2d4851a1d" relativeResultsDirectory="313043d2-e47e-4a09-a63a-420527288c6f" />
    <UnitTestResult executionId="3526eb1c-3cdf-4af3-b084-8ee3b30e3545" testId="87745c38-0e03-4f7c-ba56-ed01d17d661d" testName="FormatToStringTest1000 (24251.68593564848,24251.69 zł)" computerName="DESKTOP-5URQ9PB" duration="00:00:00.0000062" startTime="2022-06-13T21:11:26.5256837+02:00" endTime="2022-06-13T21:11:26.5257506+02:00" testType="13cdc9d9-ddb5-4fa4-a97d-d965ccfc6d4b" outcome="Passed" testListId="8c84fa94-04c1-424b-9868-57a2d4851a1d" relativeResultsDirectory="3526eb1c-3cdf-4af3-b084-8ee3b30e3545" />
    <UnitTestResult executionId="1c261d3c-158d-4cef-b2cb-c222fb8aa341" testId="e7189492-dea5-4b20-ae82-41d08c14371a" testName="FormatToStringTest1000 (52810.91713865516,52810.92 zł)" computerName="DESKTOP-5URQ9PB" duration="00:00:00.0000060" startTime="2022-06-13T21:11:26.3065838+02:00" endTime="2022-06-13T21:11:26.3066474+02:00" testType="13cdc9d9-ddb5-4fa4-a97d-d965ccfc6d4b" outcome="Passed" testListId="8c84fa94-04c1-424b-9868-57a2d4851a1d" relativeResultsDirectory="1c261d3c-158d-4cef-b2cb-c222fb8aa341" />
    <UnitTestResult executionId="aa71b242-0548-41cd-ae50-46102b4cffd1" testId="1fc447f6-fab4-4df5-be21-935380894854" testName="FormatToStringTest1000 (13455.521105358153,13455.52 zł)" computerName="DESKTOP-5URQ9PB" duration="00:00:00.0000063" startTime="2022-06-13T21:11:26.6483270+02:00" endTime="2022-06-13T21:11:26.6483964+02:00" testType="13cdc9d9-ddb5-4fa4-a97d-d965ccfc6d4b" outcome="Passed" testListId="8c84fa94-04c1-424b-9868-57a2d4851a1d" relativeResultsDirectory="aa71b242-0548-41cd-ae50-46102b4cffd1" />
    <UnitTestResult executionId="33369d00-bd22-412a-8c68-ef80a76c72d6" testId="690bc9be-41d2-4032-8836-92f40921d493" testName="FormatToStringTest1000 (63115.864864394935,63115.86 zł)" computerName="DESKTOP-5URQ9PB" duration="00:00:00.0000060" startTime="2022-06-13T21:11:26.3868731+02:00" endTime="2022-06-13T21:11:26.3869370+02:00" testType="13cdc9d9-ddb5-4fa4-a97d-d965ccfc6d4b" outcome="Passed" testListId="8c84fa94-04c1-424b-9868-57a2d4851a1d" relativeResultsDirectory="33369d00-bd22-412a-8c68-ef80a76c72d6" />
    <UnitTestResult executionId="bd917689-5568-4bdb-af06-95cb44ba958d" testId="972947b7-4392-4419-9e42-1fee856d955d" testName="FormatToStringTest1000 (1669.555150571072,1669.56 zł)" computerName="DESKTOP-5URQ9PB" duration="00:00:00.0000061" startTime="2022-06-13T21:11:26.6918050+02:00" endTime="2022-06-13T21:11:26.6918698+02:00" testType="13cdc9d9-ddb5-4fa4-a97d-d965ccfc6d4b" outcome="Passed" testListId="8c84fa94-04c1-424b-9868-57a2d4851a1d" relativeResultsDirectory="bd917689-5568-4bdb-af06-95cb44ba958d" />
    <UnitTestResult executionId="8792c2bb-4ea1-434c-ad3e-c5f30161b3c1" testId="b63d79c3-daeb-44a5-b250-b78e12117cf5" testName="FormatToStringTest1000 (25288.32036814574,25288.32 zł)" computerName="DESKTOP-5URQ9PB" duration="00:00:00.0000073" startTime="2022-06-13T21:11:26.5881120+02:00" endTime="2022-06-13T21:11:26.5882262+02:00" testType="13cdc9d9-ddb5-4fa4-a97d-d965ccfc6d4b" outcome="Passed" testListId="8c84fa94-04c1-424b-9868-57a2d4851a1d" relativeResultsDirectory="8792c2bb-4ea1-434c-ad3e-c5f30161b3c1" />
    <UnitTestResult executionId="edd08247-4c74-4ad4-9920-4165dcc4a985" testId="84405f71-7b42-4311-9dc3-d61bdc08a154" testName="FormatToStringTest1000 (80609.94377465078,80609.94 zł)" computerName="DESKTOP-5URQ9PB" duration="00:00:00.0000064" startTime="2022-06-13T21:11:26.3496360+02:00" endTime="2022-06-13T21:11:26.3497079+02:00" testType="13cdc9d9-ddb5-4fa4-a97d-d965ccfc6d4b" outcome="Passed" testListId="8c84fa94-04c1-424b-9868-57a2d4851a1d" relativeResultsDirectory="edd08247-4c74-4ad4-9920-4165dcc4a985" />
    <UnitTestResult executionId="412cbaf0-ac4a-4bb0-84c2-8f19ec01e7ae" testId="3c9eb67d-9291-4239-95e2-46024576a8fa" testName="FormatToStringTest1000 (7396.940188290057,7396.94 zł)" computerName="DESKTOP-5URQ9PB" duration="00:00:00.0000062" startTime="2022-06-13T21:11:26.6946065+02:00" endTime="2022-06-13T21:11:26.6946721+02:00" testType="13cdc9d9-ddb5-4fa4-a97d-d965ccfc6d4b" outcome="Passed" testListId="8c84fa94-04c1-424b-9868-57a2d4851a1d" relativeResultsDirectory="412cbaf0-ac4a-4bb0-84c2-8f19ec01e7ae" />
    <UnitTestResult executionId="ac3c97f2-fe67-4402-9b00-cf15c095ed1d" testId="579230cc-387d-4cab-8221-a38c19da9f07" testName="FormatToStringTest1000 (38803.03958246253,38803.04 zł)" computerName="DESKTOP-5URQ9PB" duration="00:00:00.0000063" startTime="2022-06-13T21:11:26.4221287+02:00" endTime="2022-06-13T21:11:26.4221969+02:00" testType="13cdc9d9-ddb5-4fa4-a97d-d965ccfc6d4b" outcome="Passed" testListId="8c84fa94-04c1-424b-9868-57a2d4851a1d" relativeResultsDirectory="ac3c97f2-fe67-4402-9b00-cf15c095ed1d" />
    <UnitTestResult executionId="f0c8fb11-37f3-4360-9d2d-3154e2c0aa70" testId="8cee5992-e211-4297-b299-0fe92becb4be" testName="FormatToStringTest1000 (8851.904041135638,8851.90 zł)" computerName="DESKTOP-5URQ9PB" duration="00:00:00.0000063" startTime="2022-06-13T21:11:26.5321311+02:00" endTime="2022-06-13T21:11:26.5321978+02:00" testType="13cdc9d9-ddb5-4fa4-a97d-d965ccfc6d4b" outcome="Passed" testListId="8c84fa94-04c1-424b-9868-57a2d4851a1d" relativeResultsDirectory="f0c8fb11-37f3-4360-9d2d-3154e2c0aa70" />
    <UnitTestResult executionId="e561cfde-fdf5-436a-9b3c-36f7de5dde41" testId="c8201a01-6e67-45ad-ad50-b7fd02967a2f" testName="FormatToStringTest1000 (3799.9216302064815,3799.92 zł)" computerName="DESKTOP-5URQ9PB" duration="00:00:00.0000061" startTime="2022-06-13T21:11:26.4647975+02:00" endTime="2022-06-13T21:11:26.4648643+02:00" testType="13cdc9d9-ddb5-4fa4-a97d-d965ccfc6d4b" outcome="Passed" testListId="8c84fa94-04c1-424b-9868-57a2d4851a1d" relativeResultsDirectory="e561cfde-fdf5-436a-9b3c-36f7de5dde41" />
    <UnitTestResult executionId="a5d8d655-555c-4ed2-9cb1-01ad998ef6ac" testId="d4ba3169-92cc-437f-8eb4-e934e72d95a8" testName="FormatToStringTest1000 (2444.4726240530017,2444.47 zł)" computerName="DESKTOP-5URQ9PB" duration="00:00:00.0000063" startTime="2022-06-13T21:11:26.6824225+02:00" endTime="2022-06-13T21:11:26.6824875+02:00" testType="13cdc9d9-ddb5-4fa4-a97d-d965ccfc6d4b" outcome="Passed" testListId="8c84fa94-04c1-424b-9868-57a2d4851a1d" relativeResultsDirectory="a5d8d655-555c-4ed2-9cb1-01ad998ef6ac" />
    <UnitTestResult executionId="487bbd56-091d-4a35-9558-8b067a37125b" testId="83bc56a8-c39f-46bc-a979-0515f359cd39" testName="FormatToStringTest1000 (45299.778512198376,45299.78 zł)" computerName="DESKTOP-5URQ9PB" duration="00:00:00.0000063" startTime="2022-06-13T21:11:26.6127572+02:00" endTime="2022-06-13T21:11:26.6128277+02:00" testType="13cdc9d9-ddb5-4fa4-a97d-d965ccfc6d4b" outcome="Passed" testListId="8c84fa94-04c1-424b-9868-57a2d4851a1d" relativeResultsDirectory="487bbd56-091d-4a35-9558-8b067a37125b" />
    <UnitTestResult executionId="e1afe919-e884-417a-93e1-751563bfb29e" testId="69fabb34-5c0c-414b-98e8-193c30c0af35" testName="FormatToStringTest1000 (801.5720517614726,801.57 zł)" computerName="DESKTOP-5URQ9PB" duration="00:00:00.0000167" startTime="2022-06-13T21:11:26.4872566+02:00" endTime="2022-06-13T21:11:26.4873525+02:00" testType="13cdc9d9-ddb5-4fa4-a97d-d965ccfc6d4b" outcome="Passed" testListId="8c84fa94-04c1-424b-9868-57a2d4851a1d" relativeResultsDirectory="e1afe919-e884-417a-93e1-751563bfb29e" />
    <UnitTestResult executionId="ca323be5-4cda-4bfa-98d7-3a0179aa3a72" testId="299b009f-4580-4265-87e6-ce5b37e1ca16" testName="FormatToStringTest1000 (468.83385119346616,468.83 zł)" computerName="DESKTOP-5URQ9PB" duration="00:00:00.0000096" startTime="2022-06-13T21:11:26.3578874+02:00" endTime="2022-06-13T21:11:26.3579981+02:00" testType="13cdc9d9-ddb5-4fa4-a97d-d965ccfc6d4b" outcome="Passed" testListId="8c84fa94-04c1-424b-9868-57a2d4851a1d" relativeResultsDirectory="ca323be5-4cda-4bfa-98d7-3a0179aa3a72" />
    <UnitTestResult executionId="9e161167-f487-452c-a16e-2253b20dbf0f" testId="ad30d84d-7391-497e-b787-cd71d8ea9988" testName="FormatToStringTest1000 (5396.620088554277,5396.62 zł)" computerName="DESKTOP-5URQ9PB" duration="00:00:00.0000059" startTime="2022-06-13T21:11:26.3462011+02:00" endTime="2022-06-13T21:11:26.3462702+02:00" testType="13cdc9d9-ddb5-4fa4-a97d-d965ccfc6d4b" outcome="Passed" testListId="8c84fa94-04c1-424b-9868-57a2d4851a1d" relativeResultsDirectory="9e161167-f487-452c-a16e-2253b20dbf0f" />
    <UnitTestResult executionId="bc80095e-c27d-4002-a99c-b6ee9ed0ded7" testId="10db4552-f95b-46ad-bee7-f894ba2eb262" testName="FormatToStringTest1000 (50507.0104155615,50507.01 zł)" computerName="DESKTOP-5URQ9PB" duration="00:00:00.0000107" startTime="2022-06-13T21:11:26.6879756+02:00" endTime="2022-06-13T21:11:26.6880862+02:00" testType="13cdc9d9-ddb5-4fa4-a97d-d965ccfc6d4b" outcome="Passed" testListId="8c84fa94-04c1-424b-9868-57a2d4851a1d" relativeResultsDirectory="bc80095e-c27d-4002-a99c-b6ee9ed0ded7" />
    <UnitTestResult executionId="f7ba316d-96af-4257-bd71-f17817de45d9" testId="584638c3-acfd-47f5-96cb-2a2d4b7ba238" testName="FormatToStringTest1000 (5254.6338787505565,5254.63 zł)" computerName="DESKTOP-5URQ9PB" duration="00:00:00.0000060" startTime="2022-06-13T21:11:26.6356476+02:00" endTime="2022-06-13T21:11:26.6357119+02:00" testType="13cdc9d9-ddb5-4fa4-a97d-d965ccfc6d4b" outcome="Passed" testListId="8c84fa94-04c1-424b-9868-57a2d4851a1d" relativeResultsDirectory="f7ba316d-96af-4257-bd71-f17817de45d9" />
    <UnitTestResult executionId="5b163fcf-4e72-43e8-b0ce-e78d58b343c4" testId="a11e4802-09b0-4781-b20b-452f1652538a" testName="FormatToStringTest1000 (36760.171806480816,36760.17 zł)" computerName="DESKTOP-5URQ9PB" duration="00:00:00.0000062" startTime="2022-06-13T21:11:26.6320235+02:00" endTime="2022-06-13T21:11:26.6320882+02:00" testType="13cdc9d9-ddb5-4fa4-a97d-d965ccfc6d4b" outcome="Passed" testListId="8c84fa94-04c1-424b-9868-57a2d4851a1d" relativeResultsDirectory="5b163fcf-4e72-43e8-b0ce-e78d58b343c4" />
    <UnitTestResult executionId="e3a76afa-99fb-4a2c-a279-46fb2d8910a7" testId="fb0fa86f-4223-4957-84c6-630108e56229" testName="FormatToStringTest1000 (9774.341362926803,9774.34 zł)" computerName="DESKTOP-5URQ9PB" duration="00:00:00.0000065" startTime="2022-06-13T21:11:26.3955774+02:00" endTime="2022-06-13T21:11:26.3956422+02:00" testType="13cdc9d9-ddb5-4fa4-a97d-d965ccfc6d4b" outcome="Passed" testListId="8c84fa94-04c1-424b-9868-57a2d4851a1d" relativeResultsDirectory="e3a76afa-99fb-4a2c-a279-46fb2d8910a7" />
    <UnitTestResult executionId="e69d1f2a-5cfb-4c9e-992d-4b1722ef9666" testId="0fdb1e03-0a06-4157-a0dd-45d675429e3a" testName="FormatToStringTest1000 (55457.96873490278,55457.97 zł)" computerName="DESKTOP-5URQ9PB" duration="00:00:00.0000063" startTime="2022-06-13T21:11:26.6094967+02:00" endTime="2022-06-13T21:11:26.6095656+02:00" testType="13cdc9d9-ddb5-4fa4-a97d-d965ccfc6d4b" outcome="Passed" testListId="8c84fa94-04c1-424b-9868-57a2d4851a1d" relativeResultsDirectory="e69d1f2a-5cfb-4c9e-992d-4b1722ef9666" />
    <UnitTestResult executionId="6be35b6d-5899-4cf8-95f5-6bbd2dc6a52e" testId="eaff9e77-67e0-4df2-962c-eafdff987504" testName="FormatToStringTest1000 (52032.65082931176,52032.65 zł)" computerName="DESKTOP-5URQ9PB" duration="00:00:00.0000063" startTime="2022-06-13T21:11:26.7122166+02:00" endTime="2022-06-13T21:11:26.7122810+02:00" testType="13cdc9d9-ddb5-4fa4-a97d-d965ccfc6d4b" outcome="Passed" testListId="8c84fa94-04c1-424b-9868-57a2d4851a1d" relativeResultsDirectory="6be35b6d-5899-4cf8-95f5-6bbd2dc6a52e" />
    <UnitTestResult executionId="8abeba09-9b8e-4ae1-a55d-9e46e43cbd3e" testId="8ca18aac-2e3e-460e-9f4e-75ada4ac2915" testName="FormatToStringTest1000 (28455.229970996843,28455.23 zł)" computerName="DESKTOP-5URQ9PB" duration="00:00:00.0000061" startTime="2022-06-13T21:11:26.6455578+02:00" endTime="2022-06-13T21:11:26.6456216+02:00" testType="13cdc9d9-ddb5-4fa4-a97d-d965ccfc6d4b" outcome="Passed" testListId="8c84fa94-04c1-424b-9868-57a2d4851a1d" relativeResultsDirectory="8abeba09-9b8e-4ae1-a55d-9e46e43cbd3e" />
    <UnitTestResult executionId="9364df4f-30f1-46ff-8a52-51e067191f34" testId="b89d5407-6bd3-4854-b970-c9b6780c8c96" testName="FormatToStringTest1000 (675.4589376107133,675.46 zł)" computerName="DESKTOP-5URQ9PB" duration="00:00:00.0000062" startTime="2022-06-13T21:11:26.6762961+02:00" endTime="2022-06-13T21:11:26.6763689+02:00" testType="13cdc9d9-ddb5-4fa4-a97d-d965ccfc6d4b" outcome="Passed" testListId="8c84fa94-04c1-424b-9868-57a2d4851a1d" relativeResultsDirectory="9364df4f-30f1-46ff-8a52-51e067191f34" />
    <UnitTestResult executionId="43031146-10d3-4c7d-b015-0c8e724dd173" testId="2e1db862-6776-4f40-9f78-6da62e6dc256" testName="FormatToStringTest1000 (2718.1767171650085,2718.18 zł)" computerName="DESKTOP-5URQ9PB" duration="00:00:00.0000063" startTime="2022-06-13T21:11:26.4446579+02:00" endTime="2022-06-13T21:11:26.4447304+02:00" testType="13cdc9d9-ddb5-4fa4-a97d-d965ccfc6d4b" outcome="Passed" testListId="8c84fa94-04c1-424b-9868-57a2d4851a1d" relativeResultsDirectory="43031146-10d3-4c7d-b015-0c8e724dd173" />
    <UnitTestResult executionId="f9fadd13-48ca-4ed4-97eb-396da6404f2a" testId="1b5abe87-c605-4d78-bdc0-934ad220e647" testName="FormatToStringTest1000 (59919.71489415491,59919.71 zł)" computerName="DESKTOP-5URQ9PB" duration="00:00:00.0000107" startTime="2022-06-13T21:11:26.5779349+02:00" endTime="2022-06-13T21:11:26.5780650+02:00" testType="13cdc9d9-ddb5-4fa4-a97d-d965ccfc6d4b" outcome="Passed" testListId="8c84fa94-04c1-424b-9868-57a2d4851a1d" relativeResultsDirectory="f9fadd13-48ca-4ed4-97eb-396da6404f2a" />
    <UnitTestResult executionId="0c4ce03f-cce3-481d-9ba4-5e4a409acbe1" testId="144820d9-8ace-4939-92df-5252a5ac6830" testName="FormatToStringTest1000 (14459.57059750686,14459.57 zł)" computerName="DESKTOP-5URQ9PB" duration="00:00:00.0000066" startTime="2022-06-13T21:11:26.4443774+02:00" endTime="2022-06-13T21:11:26.4444537+02:00" testType="13cdc9d9-ddb5-4fa4-a97d-d965ccfc6d4b" outcome="Passed" testListId="8c84fa94-04c1-424b-9868-57a2d4851a1d" relativeResultsDirectory="0c4ce03f-cce3-481d-9ba4-5e4a409acbe1" />
    <UnitTestResult executionId="627cb3ea-5dd1-4c75-8dae-e80719ace04a" testId="82d06cd9-e590-459a-a5f8-910d21062234" testName="FormatToStringTest1000 (22592.465903659566,22592.47 zł)" computerName="DESKTOP-5URQ9PB" duration="00:00:00.0000061" startTime="2022-06-13T21:11:26.4036031+02:00" endTime="2022-06-13T21:11:26.4036691+02:00" testType="13cdc9d9-ddb5-4fa4-a97d-d965ccfc6d4b" outcome="Passed" testListId="8c84fa94-04c1-424b-9868-57a2d4851a1d" relativeResultsDirectory="627cb3ea-5dd1-4c75-8dae-e80719ace04a" />
    <UnitTestResult executionId="ff243dc6-d8c0-48e1-85e3-1e10353d77d9" testId="4c1c3e29-b14e-4dab-a8d6-de06593a4c19" testName="FormatToStringTest1000 (12949.590713378317,12949.59 zł)" computerName="DESKTOP-5URQ9PB" duration="00:00:00.0000061" startTime="2022-06-13T21:11:26.3458733+02:00" endTime="2022-06-13T21:11:26.3459378+02:00" testType="13cdc9d9-ddb5-4fa4-a97d-d965ccfc6d4b" outcome="Passed" testListId="8c84fa94-04c1-424b-9868-57a2d4851a1d" relativeResultsDirectory="ff243dc6-d8c0-48e1-85e3-1e10353d77d9" />
    <UnitTestResult executionId="f59e2e65-df57-4901-b5f3-9d3277eab737" testId="15a1c4d0-26f7-4b08-a051-0dbafa91ea2c" testName="FormatToStringTest1000 (2951.2722077329045,2951.27 zł)" computerName="DESKTOP-5URQ9PB" duration="00:00:00.0000060" startTime="2022-06-13T21:11:26.4184375+02:00" endTime="2022-06-13T21:11:26.4185020+02:00" testType="13cdc9d9-ddb5-4fa4-a97d-d965ccfc6d4b" outcome="Passed" testListId="8c84fa94-04c1-424b-9868-57a2d4851a1d" relativeResultsDirectory="f59e2e65-df57-4901-b5f3-9d3277eab737" />
    <UnitTestResult executionId="5105bf75-1d3d-4e4b-87cc-82b0d1a17b11" testId="a306464c-efd7-47c2-b28e-34fde4325374" testName="FormatToStringTest1000 (67338.80028760935,67338.80 zł)" computerName="DESKTOP-5URQ9PB" duration="00:00:00.0000060" startTime="2022-06-13T21:11:26.3545786+02:00" endTime="2022-06-13T21:11:26.3546432+02:00" testType="13cdc9d9-ddb5-4fa4-a97d-d965ccfc6d4b" outcome="Passed" testListId="8c84fa94-04c1-424b-9868-57a2d4851a1d" relativeResultsDirectory="5105bf75-1d3d-4e4b-87cc-82b0d1a17b11" />
    <UnitTestResult executionId="f6b4fb74-887c-48c2-8e1b-c45cbae12e5c" testId="b1ac7595-5011-4334-805d-70d7a442ecd4" testName="FormatToStringTest1000 (10066.059180456241,10066.06 zł)" computerName="DESKTOP-5URQ9PB" duration="00:00:00.0000064" startTime="2022-06-13T21:11:26.6657453+02:00" endTime="2022-06-13T21:11:26.6658121+02:00" testType="13cdc9d9-ddb5-4fa4-a97d-d965ccfc6d4b" outcome="Passed" testListId="8c84fa94-04c1-424b-9868-57a2d4851a1d" relativeResultsDirectory="f6b4fb74-887c-48c2-8e1b-c45cbae12e5c" />
    <UnitTestResult executionId="53f13e98-75b6-48c0-be16-af75668d3c19" testId="f2b77b1f-a5d9-4361-b0ec-4a46b6fee7d4" testName="FormatToStringTest1000 (16037.01783290087,16037.02 zł)" computerName="DESKTOP-5URQ9PB" duration="00:00:00.0000090" startTime="2022-06-13T21:11:26.7055563+02:00" endTime="2022-06-13T21:11:26.7056547+02:00" testType="13cdc9d9-ddb5-4fa4-a97d-d965ccfc6d4b" outcome="Passed" testListId="8c84fa94-04c1-424b-9868-57a2d4851a1d" relativeResultsDirectory="53f13e98-75b6-48c0-be16-af75668d3c19" />
    <UnitTestResult executionId="42d8d900-ea8e-444a-9111-12523fc2c76a" testId="7d6b6abb-d94c-4379-b6e6-b56041890820" testName="FormatToStringTest1000 (25794.833624416417,25794.83 zł)" computerName="DESKTOP-5URQ9PB" duration="00:00:00.0000061" startTime="2022-06-13T21:11:26.6165274+02:00" endTime="2022-06-13T21:11:26.6165921+02:00" testType="13cdc9d9-ddb5-4fa4-a97d-d965ccfc6d4b" outcome="Passed" testListId="8c84fa94-04c1-424b-9868-57a2d4851a1d" relativeResultsDirectory="42d8d900-ea8e-444a-9111-12523fc2c76a" />
    <UnitTestResult executionId="f9a5a19c-a1b5-4190-aea0-acfc792b26d8" testId="f3188d4c-c43d-4a29-b5c4-a30ba3f4d7b2" testName="FormatToStringTest1000 (11904.111251175456,11904.11 zł)" computerName="DESKTOP-5URQ9PB" duration="00:00:00.0000060" startTime="2022-06-13T21:11:26.4181827+02:00" endTime="2022-06-13T21:11:26.4182471+02:00" testType="13cdc9d9-ddb5-4fa4-a97d-d965ccfc6d4b" outcome="Passed" testListId="8c84fa94-04c1-424b-9868-57a2d4851a1d" relativeResultsDirectory="f9a5a19c-a1b5-4190-aea0-acfc792b26d8" />
    <UnitTestResult executionId="1040c4ed-3046-4dbc-acc3-48adba91bec1" testId="074ec40b-8a3e-42a6-a24b-7021eefba61b" testName="FormatToStringTest1000 (19933.78650940945,19933.79 zł)" computerName="DESKTOP-5URQ9PB" duration="00:00:00.0000062" startTime="2022-06-13T21:11:26.6795201+02:00" endTime="2022-06-13T21:11:26.6795846+02:00" testType="13cdc9d9-ddb5-4fa4-a97d-d965ccfc6d4b" outcome="Passed" testListId="8c84fa94-04c1-424b-9868-57a2d4851a1d" relativeResultsDirectory="1040c4ed-3046-4dbc-acc3-48adba91bec1" />
    <UnitTestResult executionId="83f730dc-b26d-4ac2-9c74-85ff3d3731f7" testId="524ec95b-9fea-4e9e-b3f6-26f04fefdccd" testName="FormatToStringTest1000 (15742.409864349947,15742.41 zł)" computerName="DESKTOP-5URQ9PB" duration="00:00:00.0000255" startTime="2022-06-13T21:11:26.5668585+02:00" endTime="2022-06-13T21:11:26.5670286+02:00" testType="13cdc9d9-ddb5-4fa4-a97d-d965ccfc6d4b" outcome="Passed" testListId="8c84fa94-04c1-424b-9868-57a2d4851a1d" relativeResultsDirectory="83f730dc-b26d-4ac2-9c74-85ff3d3731f7" />
    <UnitTestResult executionId="2d09bc32-da24-429a-a540-49803dc1fe5f" testId="6b8658c8-4353-4ba5-8260-441718f62291" testName="FormatToStringTest1000 (47630.39193684067,47630.39 zł)" computerName="DESKTOP-5URQ9PB" duration="00:00:00.0000060" startTime="2022-06-13T21:11:26.3895037+02:00" endTime="2022-06-13T21:11:26.3895683+02:00" testType="13cdc9d9-ddb5-4fa4-a97d-d965ccfc6d4b" outcome="Passed" testListId="8c84fa94-04c1-424b-9868-57a2d4851a1d" relativeResultsDirectory="2d09bc32-da24-429a-a540-49803dc1fe5f" />
    <UnitTestResult executionId="57bad396-15b4-40d5-b159-5c7e980535c3" testId="1a96e058-1c4c-4c38-9f9a-4c156cbf5ab7" testName="FormatToStringTest1000 (24570.65594858893,24570.66 zł)" computerName="DESKTOP-5URQ9PB" duration="00:00:00.0000063" startTime="2022-06-13T21:11:26.4226561+02:00" endTime="2022-06-13T21:11:26.4227227+02:00" testType="13cdc9d9-ddb5-4fa4-a97d-d965ccfc6d4b" outcome="Passed" testListId="8c84fa94-04c1-424b-9868-57a2d4851a1d" relativeResultsDirectory="57bad396-15b4-40d5-b159-5c7e980535c3" />
    <UnitTestResult executionId="484edb68-e548-4d67-898f-e90e35df4e5d" testId="43ee620f-190e-444e-ba45-9a92f8caa611" testName="FormatToStringTest1000 (3030.9461949132133,3030.95 zł)" computerName="DESKTOP-5URQ9PB" duration="00:00:00.0000064" startTime="2022-06-13T21:11:26.4904860+02:00" endTime="2022-06-13T21:11:26.4905546+02:00" testType="13cdc9d9-ddb5-4fa4-a97d-d965ccfc6d4b" outcome="Passed" testListId="8c84fa94-04c1-424b-9868-57a2d4851a1d" relativeResultsDirectory="484edb68-e548-4d67-898f-e90e35df4e5d" />
    <UnitTestResult executionId="199ee2dc-24f2-4fe5-90e1-cb3ea33bcf78" testId="08664520-91d3-48d4-836c-f42a3f390bbc" testName="FormatToStringTest1000 (13453.429998117233,13453.43 zł)" computerName="DESKTOP-5URQ9PB" duration="00:00:00.0000092" startTime="2022-06-13T21:11:26.6126637+02:00" endTime="2022-06-13T21:11:26.6127403+02:00" testType="13cdc9d9-ddb5-4fa4-a97d-d965ccfc6d4b" outcome="Passed" testListId="8c84fa94-04c1-424b-9868-57a2d4851a1d" relativeResultsDirectory="199ee2dc-24f2-4fe5-90e1-cb3ea33bcf78" />
    <UnitTestResult executionId="c27ca692-760a-49ef-ba6f-3e42354687c8" testId="80aed585-df07-46e7-b933-670edbb438de" testName="FormatToStringTest1000 (31347.468987404587,31347.47 zł)" computerName="DESKTOP-5URQ9PB" duration="00:00:00.0000060" startTime="2022-06-13T21:11:26.6855614+02:00" endTime="2022-06-13T21:11:26.6856283+02:00" testType="13cdc9d9-ddb5-4fa4-a97d-d965ccfc6d4b" outcome="Passed" testListId="8c84fa94-04c1-424b-9868-57a2d4851a1d" relativeResultsDirectory="c27ca692-760a-49ef-ba6f-3e42354687c8" />
    <UnitTestResult executionId="6fb4eedc-0d7f-4c25-8563-7d617164ad21" testId="3b7ed6c5-8b8e-4d75-840f-6af68f59a469" testName="FormatToStringTest1000 (10784.438152511344,10784.44 zł)" computerName="DESKTOP-5URQ9PB" duration="00:00:00.0000069" startTime="2022-06-13T21:11:26.3797824+02:00" endTime="2022-06-13T21:11:26.3798680+02:00" testType="13cdc9d9-ddb5-4fa4-a97d-d965ccfc6d4b" outcome="Passed" testListId="8c84fa94-04c1-424b-9868-57a2d4851a1d" relativeResultsDirectory="6fb4eedc-0d7f-4c25-8563-7d617164ad21" />
    <UnitTestResult executionId="0666764a-a385-41c0-aa9f-cccf97d090b7" testId="d24cc565-06aa-4301-b53c-e6b431aff0b9" testName="FormatToStringTest1000 (96.75594581512546,96.76 zł)" computerName="DESKTOP-5URQ9PB" duration="00:00:00.0000060" startTime="2022-06-13T21:11:26.3640779+02:00" endTime="2022-06-13T21:11:26.3641418+02:00" testType="13cdc9d9-ddb5-4fa4-a97d-d965ccfc6d4b" outcome="Passed" testListId="8c84fa94-04c1-424b-9868-57a2d4851a1d" relativeResultsDirectory="0666764a-a385-41c0-aa9f-cccf97d090b7" />
    <UnitTestResult executionId="836e4b7d-f27d-49af-8055-ad5f1e3fd0e2" testId="d4f25efa-b4aa-4ab0-b28a-9553f0aa39c8" testName="FormatToStringTest1000 (11175.438820935526,11175.44 zł)" computerName="DESKTOP-5URQ9PB" duration="00:00:00.0000060" startTime="2022-06-13T21:11:26.4149881+02:00" endTime="2022-06-13T21:11:26.4150532+02:00" testType="13cdc9d9-ddb5-4fa4-a97d-d965ccfc6d4b" outcome="Passed" testListId="8c84fa94-04c1-424b-9868-57a2d4851a1d" relativeResultsDirectory="836e4b7d-f27d-49af-8055-ad5f1e3fd0e2" />
    <UnitTestResult executionId="a6b87e38-0f90-42b5-bbd5-a967e9d8f1d7" testId="1c44df78-b7f1-4c52-9870-43e03d94ed5a" testName="FormatToStringTest1000 (14003.84591249742,14003.85 zł)" computerName="DESKTOP-5URQ9PB" duration="00:00:00.0000062" startTime="2022-06-13T21:11:26.5723648+02:00" endTime="2022-06-13T21:11:26.5724316+02:00" testType="13cdc9d9-ddb5-4fa4-a97d-d965ccfc6d4b" outcome="Passed" testListId="8c84fa94-04c1-424b-9868-57a2d4851a1d" relativeResultsDirectory="a6b87e38-0f90-42b5-bbd5-a967e9d8f1d7" />
    <UnitTestResult executionId="a1c11758-f186-429f-96ec-26a1c27f1061" testId="39b929de-9899-48b1-8594-e2990d69d107" testName="FormatToStringTest1000 (115.26302841131717,115.26 zł)" computerName="DESKTOP-5URQ9PB" duration="00:00:00.0000060" startTime="2022-06-13T21:11:26.4123731+02:00" endTime="2022-06-13T21:11:26.4124393+02:00" testType="13cdc9d9-ddb5-4fa4-a97d-d965ccfc6d4b" outcome="Passed" testListId="8c84fa94-04c1-424b-9868-57a2d4851a1d" relativeResultsDirectory="a1c11758-f186-429f-96ec-26a1c27f1061" />
    <UnitTestResult executionId="6156c566-d53f-40a4-bd61-484c2a7ec619" testId="d2e60b81-c368-4b68-b72a-51393f34bc7a" testName="FormatToStringTest1000 (20752.33758466334,20752.34 zł)" computerName="DESKTOP-5URQ9PB" duration="00:00:00.0000155" startTime="2022-06-13T21:11:26.4642676+02:00" endTime="2022-06-13T21:11:26.4643496+02:00" testType="13cdc9d9-ddb5-4fa4-a97d-d965ccfc6d4b" outcome="Passed" testListId="8c84fa94-04c1-424b-9868-57a2d4851a1d" relativeResultsDirectory="6156c566-d53f-40a4-bd61-484c2a7ec619" />
    <UnitTestResult executionId="9bb53e49-f143-4530-b852-90a356653006" testId="e0490506-3602-40ae-92a2-f8f6d85026b3" testName="FormatToStringTest1000 (75514.58914517732,75514.59 zł)" computerName="DESKTOP-5URQ9PB" duration="00:00:00.0000067" startTime="2022-06-13T21:11:26.4773503+02:00" endTime="2022-06-13T21:11:26.4774324+02:00" testType="13cdc9d9-ddb5-4fa4-a97d-d965ccfc6d4b" outcome="Passed" testListId="8c84fa94-04c1-424b-9868-57a2d4851a1d" relativeResultsDirectory="9bb53e49-f143-4530-b852-90a356653006" />
    <UnitTestResult executionId="c024837f-9734-4d39-ba42-dbb414c1ce2e" testId="ffb17838-c93b-476f-adb0-df66b36b3fe8" testName="FormatToStringTest1000 (72802.68569213277,72802.69 zł)" computerName="DESKTOP-5URQ9PB" duration="00:00:00.0000064" startTime="2022-06-13T21:11:26.6601261+02:00" endTime="2022-06-13T21:11:26.6601908+02:00" testType="13cdc9d9-ddb5-4fa4-a97d-d965ccfc6d4b" outcome="Passed" testListId="8c84fa94-04c1-424b-9868-57a2d4851a1d" relativeResultsDirectory="c024837f-9734-4d39-ba42-dbb414c1ce2e" />
    <UnitTestResult executionId="b06bd9b9-5b8e-4fb5-89e1-5570d307dcac" testId="b2113998-e7cd-4af7-aca2-63dcbd7806fc" testName="FormatToStringTest1000 (41876.979471482795,41876.98 zł)" computerName="DESKTOP-5URQ9PB" duration="00:00:00.0000062" startTime="2022-06-13T21:11:26.3767977+02:00" endTime="2022-06-13T21:11:26.3768717+02:00" testType="13cdc9d9-ddb5-4fa4-a97d-d965ccfc6d4b" outcome="Passed" testListId="8c84fa94-04c1-424b-9868-57a2d4851a1d" relativeResultsDirectory="b06bd9b9-5b8e-4fb5-89e1-5570d307dcac" />
    <UnitTestResult executionId="b9520229-8501-4684-89a1-c19ec21ed76d" testId="af105ee8-c0b0-483f-aa05-c5a44a4d4a04" testName="FormatToStringTest1000 (7182.939759099362,7182.94 zł)" computerName="DESKTOP-5URQ9PB" duration="00:00:00.0000064" startTime="2022-06-13T21:11:26.4413849+02:00" endTime="2022-06-13T21:11:26.4414633+02:00" testType="13cdc9d9-ddb5-4fa4-a97d-d965ccfc6d4b" outcome="Passed" testListId="8c84fa94-04c1-424b-9868-57a2d4851a1d" relativeResultsDirectory="b9520229-8501-4684-89a1-c19ec21ed76d" />
    <UnitTestResult executionId="940724d6-1bcc-4dcb-9502-b1c44ef7fa5f" testId="17ada135-9df3-4f0d-90d6-bfc85306c120" testName="FormatToStringTest1000 (44677.61946778074,44677.62 zł)" computerName="DESKTOP-5URQ9PB" duration="00:00:00.0000062" startTime="2022-06-13T21:11:26.4319697+02:00" endTime="2022-06-13T21:11:26.4320362+02:00" testType="13cdc9d9-ddb5-4fa4-a97d-d965ccfc6d4b" outcome="Passed" testListId="8c84fa94-04c1-424b-9868-57a2d4851a1d" relativeResultsDirectory="940724d6-1bcc-4dcb-9502-b1c44ef7fa5f" />
    <UnitTestResult executionId="0e3543b5-5206-4add-9d5d-c62b23b3f98a" testId="8e1b32ee-1124-4614-be7f-7f55c6b8a2b7" testName="FormatToStringTest1000 (31163.834562352316,31163.83 zł)" computerName="DESKTOP-5URQ9PB" duration="00:00:00.0000063" startTime="2022-06-13T21:11:26.6350698+02:00" endTime="2022-06-13T21:11:26.6351357+02:00" testType="13cdc9d9-ddb5-4fa4-a97d-d965ccfc6d4b" outcome="Passed" testListId="8c84fa94-04c1-424b-9868-57a2d4851a1d" relativeResultsDirectory="0e3543b5-5206-4add-9d5d-c62b23b3f98a" />
    <UnitTestResult executionId="3d886f1f-c2c4-4dfd-99c0-e8c5ee4dcf9c" testId="afb64020-f520-4091-b41f-18dc023a679b" testName="FormatToStringTest1000 (20737.251994218328,20737.25 zł)" computerName="DESKTOP-5URQ9PB" duration="00:00:00.0000060" startTime="2022-06-13T21:11:26.3926266+02:00" endTime="2022-06-13T21:11:26.3926907+02:00" testType="13cdc9d9-ddb5-4fa4-a97d-d965ccfc6d4b" outcome="Passed" testListId="8c84fa94-04c1-424b-9868-57a2d4851a1d" relativeResultsDirectory="3d886f1f-c2c4-4dfd-99c0-e8c5ee4dcf9c" />
    <UnitTestResult executionId="0ea0152f-283f-47f2-9d0b-d3f176f158c1" testId="f4bc40d1-4ec6-432b-881a-8cfc82a2ceac" testName="FormatToStringTest1000 (73301.91270130403,73301.91 zł)" computerName="DESKTOP-5URQ9PB" duration="00:00:00.0000061" startTime="2022-06-13T21:11:26.6482457+02:00" endTime="2022-06-13T21:11:26.6483099+02:00" testType="13cdc9d9-ddb5-4fa4-a97d-d965ccfc6d4b" outcome="Passed" testListId="8c84fa94-04c1-424b-9868-57a2d4851a1d" relativeResultsDirectory="0ea0152f-283f-47f2-9d0b-d3f176f158c1" />
    <UnitTestResult executionId="6f3b359a-5008-498c-96aa-a09af4248489" testId="3eaccd50-122b-433a-984a-9a4d8d30fc34" testName="FormatToStringTest1000 (9079.930405251649,9079.93 zł)" computerName="DESKTOP-5URQ9PB" duration="00:00:00.0000067" startTime="2022-06-13T21:11:26.4842885+02:00" endTime="2022-06-13T21:11:26.4843691+02:00" testType="13cdc9d9-ddb5-4fa4-a97d-d965ccfc6d4b" outcome="Passed" testListId="8c84fa94-04c1-424b-9868-57a2d4851a1d" relativeResultsDirectory="6f3b359a-5008-498c-96aa-a09af4248489" />
    <UnitTestResult executionId="c164326b-2a28-43a9-b16e-aabd7aedce27" testId="f9621c16-78ca-42ea-b92f-6f7c23905225" testName="FormatToStringTest1000 (9843.625240445894,9843.63 zł)" computerName="DESKTOP-5URQ9PB" duration="00:00:00.0000063" startTime="2022-06-13T21:11:26.6973479+02:00" endTime="2022-06-13T21:11:26.6974141+02:00" testType="13cdc9d9-ddb5-4fa4-a97d-d965ccfc6d4b" outcome="Passed" testListId="8c84fa94-04c1-424b-9868-57a2d4851a1d" relativeResultsDirectory="c164326b-2a28-43a9-b16e-aabd7aedce27" />
    <UnitTestResult executionId="c52c6efc-4c59-491f-863e-d73f40c588e4" testId="be413dcd-21cf-4a22-8dfc-e0a69e9b7026" testName="FormatToStringTest1000 (33851.35523524618,33851.36 zł)" computerName="DESKTOP-5URQ9PB" duration="00:00:00.0000062" startTime="2022-06-13T21:11:26.5287595+02:00" endTime="2022-06-13T21:11:26.5288264+02:00" testType="13cdc9d9-ddb5-4fa4-a97d-d965ccfc6d4b" outcome="Passed" testListId="8c84fa94-04c1-424b-9868-57a2d4851a1d" relativeResultsDirectory="c52c6efc-4c59-491f-863e-d73f40c588e4" />
    <UnitTestResult executionId="3c71c17c-18ea-4963-8df9-e91e56e58dc0" testId="e441ed18-712d-4160-9911-3e50060920cb" testName="FormatToStringTest1000 (4592.278577496428,4592.28 zł)" computerName="DESKTOP-5URQ9PB" duration="00:00:00.0000063" startTime="2022-06-13T21:11:26.6319405+02:00" endTime="2022-06-13T21:11:26.6320054+02:00" testType="13cdc9d9-ddb5-4fa4-a97d-d965ccfc6d4b" outcome="Passed" testListId="8c84fa94-04c1-424b-9868-57a2d4851a1d" relativeResultsDirectory="3c71c17c-18ea-4963-8df9-e91e56e58dc0" />
    <UnitTestResult executionId="92b99427-475d-4985-b161-e43bb46d6a59" testId="af065315-4115-4327-b09a-7ed130168beb" testName="FormatToStringTest1000 (14635.510547500808,14635.51 zł)" computerName="DESKTOP-5URQ9PB" duration="00:00:00.0000063" startTime="2022-06-13T21:11:26.5944219+02:00" endTime="2022-06-13T21:11:26.5944893+02:00" testType="13cdc9d9-ddb5-4fa4-a97d-d965ccfc6d4b" outcome="Passed" testListId="8c84fa94-04c1-424b-9868-57a2d4851a1d" relativeResultsDirectory="92b99427-475d-4985-b161-e43bb46d6a59" />
    <UnitTestResult executionId="db25a20f-3bc9-4243-bcb5-651883238cbb" testId="a7dbe0ff-2bb4-4e70-8824-3ead30b960ed" testName="FormatToStringTest1000 (11871.427211910219,11871.43 zł)" computerName="DESKTOP-5URQ9PB" duration="00:00:00.0000090" startTime="2022-06-13T21:11:26.5349002+02:00" endTime="2022-06-13T21:11:26.5349848+02:00" testType="13cdc9d9-ddb5-4fa4-a97d-d965ccfc6d4b" outcome="Passed" testListId="8c84fa94-04c1-424b-9868-57a2d4851a1d" relativeResultsDirectory="db25a20f-3bc9-4243-bcb5-651883238cbb" />
    <UnitTestResult executionId="2584876e-e5a1-4712-ac3f-b6cfb1bec36c" testId="53e3718f-643d-43b2-943b-9035264a02af" testName="FormatToStringTest1000 (2298.0331723829886,2298.03 zł)" computerName="DESKTOP-5URQ9PB" duration="00:00:00.0000077" startTime="2022-06-13T21:11:26.5427943+02:00" endTime="2022-06-13T21:11:26.5428635+02:00" testType="13cdc9d9-ddb5-4fa4-a97d-d965ccfc6d4b" outcome="Passed" testListId="8c84fa94-04c1-424b-9868-57a2d4851a1d" relativeResultsDirectory="2584876e-e5a1-4712-ac3f-b6cfb1bec36c" />
    <UnitTestResult executionId="cc22de71-ac85-44c6-bdc9-b073e8eb8267" testId="04951db1-29bf-41af-bfd8-78327df60732" testName="FormatToStringTest1000 (10914.360814625099,10914.36 zł)" computerName="DESKTOP-5URQ9PB" duration="00:00:00.0000061" startTime="2022-06-13T21:11:26.3064214+02:00" endTime="2022-06-13T21:11:26.3064857+02:00" testType="13cdc9d9-ddb5-4fa4-a97d-d965ccfc6d4b" outcome="Passed" testListId="8c84fa94-04c1-424b-9868-57a2d4851a1d" relativeResultsDirectory="cc22de71-ac85-44c6-bdc9-b073e8eb8267" />
    <UnitTestResult executionId="95cc758a-9cbc-458d-bff5-a902d79c4def" testId="1ea6faa1-5ef4-4139-b3f2-3d5210c693fe" testName="FormatToStringTest1000 (30320.450517486992,30320.45 zł)" computerName="DESKTOP-5URQ9PB" duration="00:00:00.0000073" startTime="2022-06-13T21:11:26.5155120+02:00" endTime="2022-06-13T21:11:26.5155803+02:00" testType="13cdc9d9-ddb5-4fa4-a97d-d965ccfc6d4b" outcome="Passed" testListId="8c84fa94-04c1-424b-9868-57a2d4851a1d" relativeResultsDirectory="95cc758a-9cbc-458d-bff5-a902d79c4def" />
    <UnitTestResult executionId="36c4a201-43d7-48e6-a78d-d129b6404dbe" testId="763952f9-90c5-4648-b765-368bcaf5a14f" testName="FormatToStringTest1000 (485.6735566554933,485.67 zł)" computerName="DESKTOP-5URQ9PB" duration="00:00:00.0000065" startTime="2022-06-13T21:11:26.4062824+02:00" endTime="2022-06-13T21:11:26.4063790+02:00" testType="13cdc9d9-ddb5-4fa4-a97d-d965ccfc6d4b" outcome="Passed" testListId="8c84fa94-04c1-424b-9868-57a2d4851a1d" relativeResultsDirectory="36c4a201-43d7-48e6-a78d-d129b6404dbe" />
    <UnitTestResult executionId="74a9b4a9-fb36-4cd2-9cb6-79a06169482a" testId="fc3cb66d-cf42-404a-bbaf-1d106bfdd635" testName="FormatToStringTest1000 (14017.699524653006,14017.70 zł)" computerName="DESKTOP-5URQ9PB" duration="00:00:00.0000061" startTime="2022-06-13T21:11:26.7027875+02:00" endTime="2022-06-13T21:11:26.7028524+02:00" testType="13cdc9d9-ddb5-4fa4-a97d-d965ccfc6d4b" outcome="Passed" testListId="8c84fa94-04c1-424b-9868-57a2d4851a1d" relativeResultsDirectory="74a9b4a9-fb36-4cd2-9cb6-79a06169482a" />
    <UnitTestResult executionId="20fb8356-e461-4816-ad36-70123a3e67fc" testId="9f13d21d-f00f-4abc-b7c7-ff550298dd0b" testName="FormatToStringTest1000 (12187.551827252633,12187.55 zł)" computerName="DESKTOP-5URQ9PB" duration="00:00:00.0000064" startTime="2022-06-13T21:11:26.4252340+02:00" endTime="2022-06-13T21:11:26.4253027+02:00" testType="13cdc9d9-ddb5-4fa4-a97d-d965ccfc6d4b" outcome="Passed" testListId="8c84fa94-04c1-424b-9868-57a2d4851a1d" relativeResultsDirectory="20fb8356-e461-4816-ad36-70123a3e67fc" />
    <UnitTestResult executionId="a019fde9-238c-4716-8e4a-a483ffc33926" testId="8ee436b5-1674-4742-9bb4-cfa3fe0defdd" testName="FormatToStringTest1000 (653.4647999170537,653.46 zł)" computerName="DESKTOP-5URQ9PB" duration="00:00:00.0000063" startTime="2022-06-13T21:11:26.4476730+02:00" endTime="2022-06-13T21:11:26.4477489+02:00" testType="13cdc9d9-ddb5-4fa4-a97d-d965ccfc6d4b" outcome="Passed" testListId="8c84fa94-04c1-424b-9868-57a2d4851a1d" relativeResultsDirectory="a019fde9-238c-4716-8e4a-a483ffc33926" />
    <UnitTestResult executionId="197ac661-4aac-4575-babc-e068545699ef" testId="b4c343b7-bb92-4995-9a38-d3cb83a29318" testName="FormatToStringTest1000 (6417.5922460628635,6417.59 zł)" computerName="DESKTOP-5URQ9PB" duration="00:00:00.0000063" startTime="2022-06-13T21:11:26.5067990+02:00" endTime="2022-06-13T21:11:26.5068721+02:00" testType="13cdc9d9-ddb5-4fa4-a97d-d965ccfc6d4b" outcome="Passed" testListId="8c84fa94-04c1-424b-9868-57a2d4851a1d" relativeResultsDirectory="197ac661-4aac-4575-babc-e068545699ef" />
    <UnitTestResult executionId="3cd712e6-f7b9-4a2b-b55c-5425cf2d4065" testId="d18fd9c8-bf84-4f16-8655-19118ba085a2" testName="FormatToStringTest1000 (20623.53139885493,20623.53 zł)" computerName="DESKTOP-5URQ9PB" duration="00:00:00.0000059" startTime="2022-06-13T21:11:26.4062005+02:00" endTime="2022-06-13T21:11:26.4062650+02:00" testType="13cdc9d9-ddb5-4fa4-a97d-d965ccfc6d4b" outcome="Passed" testListId="8c84fa94-04c1-424b-9868-57a2d4851a1d" relativeResultsDirectory="3cd712e6-f7b9-4a2b-b55c-5425cf2d4065" />
    <UnitTestResult executionId="fa658fef-7196-4a6e-9343-46b4180572b1" testId="d411ba77-c866-4e92-a099-48e9a0eb0ae2" testName="FormatToStringTest1000 (626.135364110179,626.14 zł)" computerName="DESKTOP-5URQ9PB" duration="00:00:00.0000062" startTime="2022-06-13T21:11:26.4154931+02:00" endTime="2022-06-13T21:11:26.4155562+02:00" testType="13cdc9d9-ddb5-4fa4-a97d-d965ccfc6d4b" outcome="Passed" testListId="8c84fa94-04c1-424b-9868-57a2d4851a1d" relativeResultsDirectory="fa658fef-7196-4a6e-9343-46b4180572b1" />
    <UnitTestResult executionId="52ce5b7f-ab77-4fd6-93b0-4bac1a58d563" testId="f6390023-adf5-4834-aa41-808cb6fab5ba" testName="FormatToStringTest1000 (19882.647973500494,19882.65 zł)" computerName="DESKTOP-5URQ9PB" duration="00:00:00.0000064" startTime="2022-06-13T21:11:26.6033442+02:00" endTime="2022-06-13T21:11:26.6034102+02:00" testType="13cdc9d9-ddb5-4fa4-a97d-d965ccfc6d4b" outcome="Passed" testListId="8c84fa94-04c1-424b-9868-57a2d4851a1d" relativeResultsDirectory="52ce5b7f-ab77-4fd6-93b0-4bac1a58d563" />
    <UnitTestResult executionId="0d9b1215-fb5a-403d-81d1-4cefc23daedf" testId="c96158af-4707-43a1-bd56-33474d853446" testName="FormatToStringTest1000 (9657.360676611475,9657.36 zł)" computerName="DESKTOP-5URQ9PB" duration="00:00:00.0000064" startTime="2022-06-13T21:11:26.5000837+02:00" endTime="2022-06-13T21:11:26.5001497+02:00" testType="13cdc9d9-ddb5-4fa4-a97d-d965ccfc6d4b" outcome="Passed" testListId="8c84fa94-04c1-424b-9868-57a2d4851a1d" relativeResultsDirectory="0d9b1215-fb5a-403d-81d1-4cefc23daedf" />
    <UnitTestResult executionId="676a6c75-b4b3-4abb-bf24-3b5074b189e5" testId="4da2a7d6-764b-4e46-b982-0345fb25ab83" testName="FormatToStringTest1000 (1514.6266382441981,1514.63 zł)" computerName="DESKTOP-5URQ9PB" duration="00:00:00.0000093" startTime="2022-06-13T21:11:26.4768733+02:00" endTime="2022-06-13T21:11:26.4769497+02:00" testType="13cdc9d9-ddb5-4fa4-a97d-d965ccfc6d4b" outcome="Passed" testListId="8c84fa94-04c1-424b-9868-57a2d4851a1d" relativeResultsDirectory="676a6c75-b4b3-4abb-bf24-3b5074b189e5" />
    <UnitTestResult executionId="4d65df5c-735f-4e96-84bb-d1b75fd11cfd" testId="0b2bf83d-975d-4438-bc59-1a01e8e6941b" testName="FormatToStringTest1000 (24957.469502810607,24957.47 zł)" computerName="DESKTOP-5URQ9PB" duration="00:00:00.0000064" startTime="2022-06-13T21:11:26.3495384+02:00" endTime="2022-06-13T21:11:26.3496178+02:00" testType="13cdc9d9-ddb5-4fa4-a97d-d965ccfc6d4b" outcome="Passed" testListId="8c84fa94-04c1-424b-9868-57a2d4851a1d" relativeResultsDirectory="4d65df5c-735f-4e96-84bb-d1b75fd11cfd" />
    <UnitTestResult executionId="4ebeaf4c-895d-4a81-8c08-9520d7f6d2cc" testId="cca35bc5-b0fb-423c-84a6-d4ac720c3dd3" testName="FormatToStringTest1000 (96261.84883437205,96261.85 zł)" computerName="DESKTOP-5URQ9PB" duration="00:00:00.0000064" startTime="2022-06-13T21:11:26.6821709+02:00" endTime="2022-06-13T21:11:26.6822357+02:00" testType="13cdc9d9-ddb5-4fa4-a97d-d965ccfc6d4b" outcome="Passed" testListId="8c84fa94-04c1-424b-9868-57a2d4851a1d" relativeResultsDirectory="4ebeaf4c-895d-4a81-8c08-9520d7f6d2cc" />
    <UnitTestResult executionId="7f2e913d-93e8-4441-a164-a4788df3f139" testId="73ffcba8-263b-407c-9269-8d4e309dd701" testName="FormatToStringTest1000 (6146.91236741278,6146.91 zł)" computerName="DESKTOP-5URQ9PB" duration="00:00:00.0000065" startTime="2022-06-13T21:11:26.6944453+02:00" endTime="2022-06-13T21:11:26.6945084+02:00" testType="13cdc9d9-ddb5-4fa4-a97d-d965ccfc6d4b" outcome="Passed" testListId="8c84fa94-04c1-424b-9868-57a2d4851a1d" relativeResultsDirectory="7f2e913d-93e8-4441-a164-a4788df3f139" />
    <UnitTestResult executionId="57e80937-1527-40fa-b2d9-1c0954737d4e" testId="96c14238-13e0-44e9-b1ac-081199ff51ac" testName="FormatToStringTest1000 (22197.731451777618,22197.73 zł)" computerName="DESKTOP-5URQ9PB" duration="00:00:00.0000064" startTime="2022-06-13T21:11:26.5250715+02:00" endTime="2022-06-13T21:11:26.5251401+02:00" testType="13cdc9d9-ddb5-4fa4-a97d-d965ccfc6d4b" outcome="Passed" testListId="8c84fa94-04c1-424b-9868-57a2d4851a1d" relativeResultsDirectory="57e80937-1527-40fa-b2d9-1c0954737d4e" />
    <UnitTestResult executionId="d355783a-820f-46df-9949-0321635fbe26" testId="6425feae-50f9-4c64-bb04-cf0983ef02a2" testName="FormatToStringTest1000 (74152.7503934562,74152.75 zł)" computerName="DESKTOP-5URQ9PB" duration="00:00:00.0000064" startTime="2022-06-13T21:11:26.4813966+02:00" endTime="2022-06-13T21:11:26.4814632+02:00" testType="13cdc9d9-ddb5-4fa4-a97d-d965ccfc6d4b" outcome="Passed" testListId="8c84fa94-04c1-424b-9868-57a2d4851a1d" relativeResultsDirectory="d355783a-820f-46df-9949-0321635fbe26" />
    <UnitTestResult executionId="279fefc7-f56d-417d-9b09-7822d86a9135" testId="c8732bd4-9cb3-41e6-ae72-7243d46266ab" testName="FormatToStringTest1000 (20454.142628653506,20454.14 zł)" computerName="DESKTOP-5URQ9PB" duration="00:00:00.0000062" startTime="2022-06-13T21:11:26.4581007+02:00" endTime="2022-06-13T21:11:26.4581679+02:00" testType="13cdc9d9-ddb5-4fa4-a97d-d965ccfc6d4b" outcome="Passed" testListId="8c84fa94-04c1-424b-9868-57a2d4851a1d" relativeResultsDirectory="279fefc7-f56d-417d-9b09-7822d86a9135" />
    <UnitTestResult executionId="b74fff5f-e77a-440b-a0a8-91295fa7facc" testId="b0a06868-3cf6-4df5-8ed5-38fd7aed54a5" testName="FormatToStringTest1000 (14172.682747822573,14172.68 zł)" computerName="DESKTOP-5URQ9PB" duration="00:00:00.0000061" startTime="2022-06-13T21:11:26.3544939+02:00" endTime="2022-06-13T21:11:26.3545608+02:00" testType="13cdc9d9-ddb5-4fa4-a97d-d965ccfc6d4b" outcome="Passed" testListId="8c84fa94-04c1-424b-9868-57a2d4851a1d" relativeResultsDirectory="b74fff5f-e77a-440b-a0a8-91295fa7facc" />
    <UnitTestResult executionId="9bdfdb03-b43e-4ccd-8a3d-f0c926e6b115" testId="672bc320-1f87-4df2-a133-dd6a065d32d1" testName="FormatToStringTest1000 (20344.185360967265,20344.19 zł)" computerName="DESKTOP-5URQ9PB" duration="00:00:00.0000061" startTime="2022-06-13T21:11:26.6294115+02:00" endTime="2022-06-13T21:11:26.6294765+02:00" testType="13cdc9d9-ddb5-4fa4-a97d-d965ccfc6d4b" outcome="Passed" testListId="8c84fa94-04c1-424b-9868-57a2d4851a1d" relativeResultsDirectory="9bdfdb03-b43e-4ccd-8a3d-f0c926e6b115" />
    <UnitTestResult executionId="ea2da77a-ba3d-4ed3-a6d1-9543414ed6d7" testId="cb459307-6f1c-43e6-b22a-706e8fe08283" testName="FormatToStringTest1000 (5317.9582678023535,5317.96 zł)" computerName="DESKTOP-5URQ9PB" duration="00:00:00.0000067" startTime="2022-06-13T21:11:26.5749917+02:00" endTime="2022-06-13T21:11:26.5750579+02:00" testType="13cdc9d9-ddb5-4fa4-a97d-d965ccfc6d4b" outcome="Passed" testListId="8c84fa94-04c1-424b-9868-57a2d4851a1d" relativeResultsDirectory="ea2da77a-ba3d-4ed3-a6d1-9543414ed6d7" />
    <UnitTestResult executionId="51a6c653-81d1-46e3-8996-5834df4bf42c" testId="9a0574b2-7089-483c-a1a7-f4b518618ab3" testName="FormatToStringTest1000 (67380.07704875062,67380.08 zł)" computerName="DESKTOP-5URQ9PB" duration="00:00:00.0000069" startTime="2022-06-13T21:11:26.4553522+02:00" endTime="2022-06-13T21:11:26.4554217+02:00" testType="13cdc9d9-ddb5-4fa4-a97d-d965ccfc6d4b" outcome="Passed" testListId="8c84fa94-04c1-424b-9868-57a2d4851a1d" relativeResultsDirectory="51a6c653-81d1-46e3-8996-5834df4bf42c" />
    <UnitTestResult executionId="19691093-5b35-4e98-aca6-60589ef4143c" testId="40167eac-3386-4cc2-b1c7-4a0681847db7" testName="FormatToStringTest1000 (51408.294679657694,51408.29 zł)" computerName="DESKTOP-5URQ9PB" duration="00:00:00.0000118" startTime="2022-06-13T21:11:26.4219439+02:00" endTime="2022-06-13T21:11:26.4220987+02:00" testType="13cdc9d9-ddb5-4fa4-a97d-d965ccfc6d4b" outcome="Passed" testListId="8c84fa94-04c1-424b-9868-57a2d4851a1d" relativeResultsDirectory="19691093-5b35-4e98-aca6-60589ef4143c" />
    <UnitTestResult executionId="d02be724-dce5-4438-be6f-2e0cde5001fa" testId="f1ba84f8-2b1b-4a59-a21a-be8cc24e1519" testName="FormatToStringTest1000 (158.49784791027093,158.50 zł)" computerName="DESKTOP-5URQ9PB" duration="00:00:00.0000060" startTime="2022-06-13T21:11:26.4063985+02:00" endTime="2022-06-13T21:11:26.4064650+02:00" testType="13cdc9d9-ddb5-4fa4-a97d-d965ccfc6d4b" outcome="Passed" testListId="8c84fa94-04c1-424b-9868-57a2d4851a1d" relativeResultsDirectory="d02be724-dce5-4438-be6f-2e0cde5001fa" />
    <UnitTestResult executionId="cfce1520-706a-4b9e-8fa7-dce03efd471f" testId="8a746764-a478-4dd4-8d6e-f712d39434e3" testName="FormatToStringTest1000 (38640.62766693003,38640.63 zł)" computerName="DESKTOP-5URQ9PB" duration="00:00:00.0000061" startTime="2022-06-13T21:11:26.3494553+02:00" endTime="2022-06-13T21:11:26.3495208+02:00" testType="13cdc9d9-ddb5-4fa4-a97d-d965ccfc6d4b" outcome="Passed" testListId="8c84fa94-04c1-424b-9868-57a2d4851a1d" relativeResultsDirectory="cfce1520-706a-4b9e-8fa7-dce03efd471f" />
    <UnitTestResult executionId="acd5eca0-e256-4b57-8767-19a967b9b433" testId="1a021e43-92a2-4cd3-b444-a4261eef8e45" testName="FormatToStringTest1000 (6752.510462437062,6752.51 zł)" computerName="DESKTOP-5URQ9PB" duration="00:00:00.0000060" startTime="2022-06-13T21:11:26.3867913+02:00" endTime="2022-06-13T21:11:26.3868556+02:00" testType="13cdc9d9-ddb5-4fa4-a97d-d965ccfc6d4b" outcome="Passed" testListId="8c84fa94-04c1-424b-9868-57a2d4851a1d" relativeResultsDirectory="acd5eca0-e256-4b57-8767-19a967b9b433" />
    <UnitTestResult executionId="33e6f09c-3a2d-494e-af69-5ea7043e0a88" testId="6d4adeb8-2217-4440-b851-65ae4f85489f" testName="FormatToStringTest1000 (6170.939441211959,6170.94 zł)" computerName="DESKTOP-5URQ9PB" duration="00:00:00.0000063" startTime="2022-06-13T21:11:26.4909129+02:00" endTime="2022-06-13T21:11:26.4909800+02:00" testType="13cdc9d9-ddb5-4fa4-a97d-d965ccfc6d4b" outcome="Passed" testListId="8c84fa94-04c1-424b-9868-57a2d4851a1d" relativeResultsDirectory="33e6f09c-3a2d-494e-af69-5ea7043e0a88" />
    <UnitTestResult executionId="9c29b1f8-3fd8-49d3-b8b1-cf65ac214c93" testId="72febb21-7b06-4aa7-913a-15127fdefd3c" testName="FormatToStringTest1000 (270.1894008262033,270.19 zł)" computerName="DESKTOP-5URQ9PB" duration="00:00:00.0000062" startTime="2022-06-13T21:11:26.4846448+02:00" endTime="2022-06-13T21:11:26.4847116+02:00" testType="13cdc9d9-ddb5-4fa4-a97d-d965ccfc6d4b" outcome="Passed" testListId="8c84fa94-04c1-424b-9868-57a2d4851a1d" relativeResultsDirectory="9c29b1f8-3fd8-49d3-b8b1-cf65ac214c93" />
    <UnitTestResult executionId="d6775400-8d67-4582-8823-576fe345f86f" testId="f2c1d1b2-a489-4a42-948b-ed4a7a442a33" testName="FormatToStringTest1000 (9661.966055578536,9661.97 zł)" computerName="DESKTOP-5URQ9PB" duration="00:00:00.0000072" startTime="2022-06-13T21:11:26.4736651+02:00" endTime="2022-06-13T21:11:26.4737342+02:00" testType="13cdc9d9-ddb5-4fa4-a97d-d965ccfc6d4b" outcome="Passed" testListId="8c84fa94-04c1-424b-9868-57a2d4851a1d" relativeResultsDirectory="d6775400-8d67-4582-8823-576fe345f86f" />
    <UnitTestResult executionId="02c9a43e-a4e0-44e5-90db-bfbfc57772e5" testId="bdd44e38-6f13-4c41-a44e-e873680f5a2f" testName="FormatToStringTest1000 (30385.72086375613,30385.72 zł)" computerName="DESKTOP-5URQ9PB" duration="00:00:00.0000063" startTime="2022-06-13T21:11:26.6661584+02:00" endTime="2022-06-13T21:11:26.6662226+02:00" testType="13cdc9d9-ddb5-4fa4-a97d-d965ccfc6d4b" outcome="Passed" testListId="8c84fa94-04c1-424b-9868-57a2d4851a1d" relativeResultsDirectory="02c9a43e-a4e0-44e5-90db-bfbfc57772e5" />
    <UnitTestResult executionId="f2998519-509e-4c5c-840e-71d1cf1dfef3" testId="d0a6404b-f9f9-47d7-93ae-6201924f93f4" testName="FormatToStringTest1000 (23684.695462791573,23684.70 zł)" computerName="DESKTOP-5URQ9PB" duration="00:00:00.0000061" startTime="2022-06-13T21:11:26.6032568+02:00" endTime="2022-06-13T21:11:26.6033220+02:00" testType="13cdc9d9-ddb5-4fa4-a97d-d965ccfc6d4b" outcome="Passed" testListId="8c84fa94-04c1-424b-9868-57a2d4851a1d" relativeResultsDirectory="f2998519-509e-4c5c-840e-71d1cf1dfef3" />
    <UnitTestResult executionId="9f82b420-4723-4f00-a6d7-e36eeee109b2" testId="5ae50697-bfec-498f-80c2-b6f28ea659ad" testName="FormatToStringTest1000 (34084.19497795599,34084.19 zł)" computerName="DESKTOP-5URQ9PB" duration="00:00:00.0000060" startTime="2022-06-13T21:11:26.7094300+02:00" endTime="2022-06-13T21:11:26.7094946+02:00" testType="13cdc9d9-ddb5-4fa4-a97d-d965ccfc6d4b" outcome="Passed" testListId="8c84fa94-04c1-424b-9868-57a2d4851a1d" relativeResultsDirectory="9f82b420-4723-4f00-a6d7-e36eeee109b2" />
    <UnitTestResult executionId="cb28df8f-8ff5-4e2e-963e-5ea16f56a659" testId="54fc0e5e-3433-4996-a036-1e607c387ea3" testName="FormatToStringTest1000 (14063.90676654871,14063.91 zł)" computerName="DESKTOP-5URQ9PB" duration="00:00:00.0000063" startTime="2022-06-13T21:11:26.6065976+02:00" endTime="2022-06-13T21:11:26.6066619+02:00" testType="13cdc9d9-ddb5-4fa4-a97d-d965ccfc6d4b" outcome="Passed" testListId="8c84fa94-04c1-424b-9868-57a2d4851a1d" relativeResultsDirectory="cb28df8f-8ff5-4e2e-963e-5ea16f56a659" />
    <UnitTestResult executionId="cc8e15f8-765e-4147-bb8a-b15b13284b7e" testId="6a8f8860-e0ee-4c9e-91f4-905dbc255109" testName="FormatToStringTest1000 (16388.556189478633,16388.56 zł)" computerName="DESKTOP-5URQ9PB" duration="00:00:00.0000069" startTime="2022-06-13T21:11:26.6413126+02:00" endTime="2022-06-13T21:11:26.6413981+02:00" testType="13cdc9d9-ddb5-4fa4-a97d-d965ccfc6d4b" outcome="Passed" testListId="8c84fa94-04c1-424b-9868-57a2d4851a1d" relativeResultsDirectory="cc8e15f8-765e-4147-bb8a-b15b13284b7e" />
    <UnitTestResult executionId="6fe1bab1-740c-4c73-a889-36a3f2e5bdd8" testId="d5e9f9a4-c911-4a3f-aa95-79b51584a36d" testName="FormatToStringTest1000 (36651.05802063414,36651.06 zł)" computerName="DESKTOP-5URQ9PB" duration="00:00:00.0000060" startTime="2022-06-13T21:11:26.3801593+02:00" endTime="2022-06-13T21:11:26.3802298+02:00" testType="13cdc9d9-ddb5-4fa4-a97d-d965ccfc6d4b" outcome="Passed" testListId="8c84fa94-04c1-424b-9868-57a2d4851a1d" relativeResultsDirectory="6fe1bab1-740c-4c73-a889-36a3f2e5bdd8" />
    <UnitTestResult executionId="81e465fc-f70b-4e5c-986c-3db1afc74635" testId="76fc7953-3ec9-4630-aff5-b08cc0fe8f64" testName="FormatToStringTest1000 (2835.0728237931958,2835.07 zł)" computerName="DESKTOP-5URQ9PB" duration="00:00:00.0000062" startTime="2022-06-13T21:11:26.5786095+02:00" endTime="2022-06-13T21:11:26.5786745+02:00" testType="13cdc9d9-ddb5-4fa4-a97d-d965ccfc6d4b" outcome="Passed" testListId="8c84fa94-04c1-424b-9868-57a2d4851a1d" relativeResultsDirectory="81e465fc-f70b-4e5c-986c-3db1afc74635" />
    <UnitTestResult executionId="01051103-57aa-42f5-90bf-4e59f684645a" testId="dfa9e2b0-4342-4ac5-bcb7-34575d81e982" testName="FormatToStringTest1000 (1649.0127968480872,1649.01 zł)" computerName="DESKTOP-5URQ9PB" duration="00:00:00.0000063" startTime="2022-06-13T21:11:26.3672173+02:00" endTime="2022-06-13T21:11:26.3672953+02:00" testType="13cdc9d9-ddb5-4fa4-a97d-d965ccfc6d4b" outcome="Passed" testListId="8c84fa94-04c1-424b-9868-57a2d4851a1d" relativeResultsDirectory="01051103-57aa-42f5-90bf-4e59f684645a" />
    <UnitTestResult executionId="866d6c38-0c1d-4650-b244-bbfe75782acc" testId="64927f8f-a09d-4df5-be68-cbc2fcbd7d17" testName="FormatToStringTest1000 (45035.160883881224,45035.16 zł)" computerName="DESKTOP-5URQ9PB" duration="00:00:00.0000062" startTime="2022-06-13T21:11:26.3610739+02:00" endTime="2022-06-13T21:11:26.3611391+02:00" testType="13cdc9d9-ddb5-4fa4-a97d-d965ccfc6d4b" outcome="Passed" testListId="8c84fa94-04c1-424b-9868-57a2d4851a1d" relativeResultsDirectory="866d6c38-0c1d-4650-b244-bbfe75782acc" />
    <UnitTestResult executionId="e6bd36a4-279f-4d53-9c68-30ba8e5d2a35" testId="ab78fac7-cee6-4c5c-9cf8-c2d2be87cf9b" testName="FormatToStringTest1000 (57713.01647853712,57713.02 zł)" computerName="DESKTOP-5URQ9PB" duration="00:00:00.0000063" startTime="2022-06-13T21:11:26.5428817+02:00" endTime="2022-06-13T21:11:26.5429503+02:00" testType="13cdc9d9-ddb5-4fa4-a97d-d965ccfc6d4b" outcome="Passed" testListId="8c84fa94-04c1-424b-9868-57a2d4851a1d" relativeResultsDirectory="e6bd36a4-279f-4d53-9c68-30ba8e5d2a35" />
    <UnitTestResult executionId="a6aa958d-93b8-4248-8fd6-d74a901f799c" testId="3e116fe2-bf89-4134-b8aa-64422e2ffac9" testName="FormatToStringTest1000 (35384.637112688106,35384.64 zł)" computerName="DESKTOP-5URQ9PB" duration="00:00:00.0000061" startTime="2022-06-13T21:11:26.6295726+02:00" endTime="2022-06-13T21:11:26.6296365+02:00" testType="13cdc9d9-ddb5-4fa4-a97d-d965ccfc6d4b" outcome="Passed" testListId="8c84fa94-04c1-424b-9868-57a2d4851a1d" relativeResultsDirectory="a6aa958d-93b8-4248-8fd6-d74a901f799c" />
    <UnitTestResult executionId="469ec13e-d4f6-4b96-8d12-95d172a9d9f5" testId="8f0efb31-2863-4f3d-8457-937eec67fb73" testName="FormatToStringTest1000 (1821.7083499085663,1821.71 zł)" computerName="DESKTOP-5URQ9PB" duration="00:00:00.0000070" startTime="2022-06-13T21:11:26.6566810+02:00" endTime="2022-06-13T21:11:26.6567575+02:00" testType="13cdc9d9-ddb5-4fa4-a97d-d965ccfc6d4b" outcome="Passed" testListId="8c84fa94-04c1-424b-9868-57a2d4851a1d" relativeResultsDirectory="469ec13e-d4f6-4b96-8d12-95d172a9d9f5" />
    <UnitTestResult executionId="0760d19c-c361-47c4-90fc-b7b27092bdb4" testId="f3e1d501-cbe1-492a-ab15-6b199b3a92ec" testName="FormatToStringTest1000 (42383.08993972982,42383.09 zł)" computerName="DESKTOP-5URQ9PB" duration="00:00:00.0000464" startTime="2022-06-13T21:11:26.5519367+02:00" endTime="2022-06-13T21:11:26.5524093+02:00" testType="13cdc9d9-ddb5-4fa4-a97d-d965ccfc6d4b" outcome="Passed" testListId="8c84fa94-04c1-424b-9868-57a2d4851a1d" relativeResultsDirectory="0760d19c-c361-47c4-90fc-b7b27092bdb4" />
    <UnitTestResult executionId="b6bbb2b8-9e20-4950-a6c7-ef6d595a66b9" testId="c4b1c225-44f7-4111-8a09-bed26fddbf13" testName="FormatToStringTest1000 (29539.32303995328,29539.32 zł)" computerName="DESKTOP-5URQ9PB" duration="00:00:00.0000067" startTime="2022-06-13T21:11:26.5032937+02:00" endTime="2022-06-13T21:11:26.5033785+02:00" testType="13cdc9d9-ddb5-4fa4-a97d-d965ccfc6d4b" outcome="Passed" testListId="8c84fa94-04c1-424b-9868-57a2d4851a1d" relativeResultsDirectory="b6bbb2b8-9e20-4950-a6c7-ef6d595a66b9" />
    <UnitTestResult executionId="968c7f59-2e8c-465f-ad49-cfc5dc8751b2" testId="aeb9c0d8-f0b1-404d-be59-b75a2f4a4ceb" testName="FormatToStringTest1000 (14712.754747761765,14712.75 zł)" computerName="DESKTOP-5URQ9PB" duration="00:00:00.0000062" startTime="2022-06-13T21:11:26.6481630+02:00" endTime="2022-06-13T21:11:26.6482275+02:00" testType="13cdc9d9-ddb5-4fa4-a97d-d965ccfc6d4b" outcome="Passed" testListId="8c84fa94-04c1-424b-9868-57a2d4851a1d" relativeResultsDirectory="968c7f59-2e8c-465f-ad49-cfc5dc8751b2" />
    <UnitTestResult executionId="848854fa-02f7-4edb-886f-47ceb48ac8a0" testId="0fca047d-0812-4ab5-97c1-4602ffedf526" testName="FormatToStringTest1000 (11157.981051815665,11157.98 zł)" computerName="DESKTOP-5URQ9PB" duration="00:00:00.0000062" startTime="2022-06-13T21:11:26.4905729+02:00" endTime="2022-06-13T21:11:26.4906408+02:00" testType="13cdc9d9-ddb5-4fa4-a97d-d965ccfc6d4b" outcome="Passed" testListId="8c84fa94-04c1-424b-9868-57a2d4851a1d" relativeResultsDirectory="848854fa-02f7-4edb-886f-47ceb48ac8a0" />
    <UnitTestResult executionId="b1e4cba2-040b-4b18-9349-0bf4d7edd55d" testId="43c368c1-2a44-4548-a62d-c95cdb048841" testName="FormatToStringTest1000 (68174.53068551492,68174.53 zł)" computerName="DESKTOP-5URQ9PB" duration="00:00:00.0000062" startTime="2022-06-13T21:11:26.6629375+02:00" endTime="2022-06-13T21:11:26.6630021+02:00" testType="13cdc9d9-ddb5-4fa4-a97d-d965ccfc6d4b" outcome="Passed" testListId="8c84fa94-04c1-424b-9868-57a2d4851a1d" relativeResultsDirectory="b1e4cba2-040b-4b18-9349-0bf4d7edd55d" />
    <UnitTestResult executionId="2b041cc8-8273-4edb-9be0-efad83ed6445" testId="483c3078-e75b-4a98-96a4-264314655cf6" testName="FormatToStringTest1000 (19103.831635461574,19103.83 zł)" computerName="DESKTOP-5URQ9PB" duration="00:00:00.0000126" startTime="2022-06-13T21:11:26.5314322+02:00" endTime="2022-06-13T21:11:26.5315869+02:00" testType="13cdc9d9-ddb5-4fa4-a97d-d965ccfc6d4b" outcome="Passed" testListId="8c84fa94-04c1-424b-9868-57a2d4851a1d" relativeResultsDirectory="2b041cc8-8273-4edb-9be0-efad83ed6445" />
    <UnitTestResult executionId="afbf5fb6-15c2-4cd6-924d-470db6fcdeee" testId="733a0b5d-9837-4f5b-9156-1fda2fb32c19" testName="FormatToStringTest1000 (37866.43836050967,37866.44 zł)" computerName="DESKTOP-5URQ9PB" duration="00:00:00.0000062" startTime="2022-06-13T21:11:26.4615313+02:00" endTime="2022-06-13T21:11:26.4615981+02:00" testType="13cdc9d9-ddb5-4fa4-a97d-d965ccfc6d4b" outcome="Passed" testListId="8c84fa94-04c1-424b-9868-57a2d4851a1d" relativeResultsDirectory="afbf5fb6-15c2-4cd6-924d-470db6fcdeee" />
    <UnitTestResult executionId="03448119-0398-4e51-87e0-2b95bacac165" testId="ac6eb783-2496-4941-83dc-b8ec3200ae7b" testName="FormatToStringTest1000 (5840.747097845071,5840.75 zł)" computerName="DESKTOP-5URQ9PB" duration="00:00:00.0000064" startTime="2022-06-13T21:11:26.6416067+02:00" endTime="2022-06-13T21:11:26.6416784+02:00" testType="13cdc9d9-ddb5-4fa4-a97d-d965ccfc6d4b" outcome="Passed" testListId="8c84fa94-04c1-424b-9868-57a2d4851a1d" relativeResultsDirectory="03448119-0398-4e51-87e0-2b95bacac165" />
    <UnitTestResult executionId="1141cd24-c68e-4823-85d4-a59885114889" testId="afd1cc6a-8a04-4db5-8ead-4ec96dc442c6" testName="FormatToStringTest1000 (24566.50251371856,24566.50 zł)" computerName="DESKTOP-5URQ9PB" duration="00:00:00.0000067" startTime="2022-06-13T21:11:26.5381235+02:00" endTime="2022-06-13T21:11:26.5381981+02:00" testType="13cdc9d9-ddb5-4fa4-a97d-d965ccfc6d4b" outcome="Passed" testListId="8c84fa94-04c1-424b-9868-57a2d4851a1d" relativeResultsDirectory="1141cd24-c68e-4823-85d4-a59885114889" />
    <UnitTestResult executionId="295322c4-05b7-4a3b-898c-86294caee751" testId="3e0258a9-f9c1-411c-afb1-7860004ecda9" testName="FormatToStringTest1000 (2121.0917325211185,2121.09 zł)" computerName="DESKTOP-5URQ9PB" duration="00:00:00.0000062" startTime="2022-06-13T21:11:26.5748248+02:00" endTime="2022-06-13T21:11:26.5748913+02:00" testType="13cdc9d9-ddb5-4fa4-a97d-d965ccfc6d4b" outcome="Passed" testListId="8c84fa94-04c1-424b-9868-57a2d4851a1d" relativeResultsDirectory="295322c4-05b7-4a3b-898c-86294caee751" />
    <UnitTestResult executionId="6c158610-3ece-4f3f-893f-172dacbab605" testId="cb84873a-aa13-4ddf-b3c0-75eab1b89ba6" testName="FormatToStringTest1000 (5287.3103648714305,5287.31 zł)" computerName="DESKTOP-5URQ9PB" duration="00:00:00.0000060" startTime="2022-06-13T21:11:26.4153177+02:00" endTime="2022-06-13T21:11:26.4153933+02:00" testType="13cdc9d9-ddb5-4fa4-a97d-d965ccfc6d4b" outcome="Passed" testListId="8c84fa94-04c1-424b-9868-57a2d4851a1d" relativeResultsDirectory="6c158610-3ece-4f3f-893f-172dacbab605" />
    <UnitTestResult executionId="96cfb917-a8bc-4015-be57-c70938fd714d" testId="b507e61b-63ef-4171-b0b9-ff88780ad099" testName="FormatToStringTest1000 (19603.69286519321,19603.69 zł)" computerName="DESKTOP-5URQ9PB" duration="00:00:00.0000061" startTime="2022-06-13T21:11:26.7095116+02:00" endTime="2022-06-13T21:11:26.7095765+02:00" testType="13cdc9d9-ddb5-4fa4-a97d-d965ccfc6d4b" outcome="Passed" testListId="8c84fa94-04c1-424b-9868-57a2d4851a1d" relativeResultsDirectory="96cfb917-a8bc-4015-be57-c70938fd714d" />
    <UnitTestResult executionId="b88845f3-f25d-4bca-b2a9-88a1325d2171" testId="c432b9a1-4076-4067-895b-431dad3b2c90" testName="FormatToStringTest1000 (22678.795878462864,22678.80 zł)" computerName="DESKTOP-5URQ9PB" duration="00:00:00.0000107" startTime="2022-06-13T21:11:26.6348969+02:00" endTime="2022-06-13T21:11:26.6350408+02:00" testType="13cdc9d9-ddb5-4fa4-a97d-d965ccfc6d4b" outcome="Passed" testListId="8c84fa94-04c1-424b-9868-57a2d4851a1d" relativeResultsDirectory="b88845f3-f25d-4bca-b2a9-88a1325d2171" />
    <UnitTestResult executionId="0ebc1c8c-95bd-442f-9cea-021b59faa0af" testId="719a26dd-c345-41d7-b943-377208001ebc" testName="FormatToStringTest1000 (7715.904444139406,7715.90 zł)" computerName="DESKTOP-5URQ9PB" duration="00:00:00.0000062" startTime="2022-06-13T21:11:26.5155985+02:00" endTime="2022-06-13T21:11:26.5156661+02:00" testType="13cdc9d9-ddb5-4fa4-a97d-d965ccfc6d4b" outcome="Passed" testListId="8c84fa94-04c1-424b-9868-57a2d4851a1d" relativeResultsDirectory="0ebc1c8c-95bd-442f-9cea-021b59faa0af" />
    <UnitTestResult executionId="dbb38075-bf09-421e-830a-a8038a136df3" testId="eb12b413-1ad5-446c-8560-32464d7efc1a" testName="FormatToStringTest1000 (18208.8422650126,18208.84 zł)" computerName="DESKTOP-5URQ9PB" duration="00:00:00.0000064" startTime="2022-06-13T21:11:26.4345762+02:00" endTime="2022-06-13T21:11:26.4346409+02:00" testType="13cdc9d9-ddb5-4fa4-a97d-d965ccfc6d4b" outcome="Passed" testListId="8c84fa94-04c1-424b-9868-57a2d4851a1d" relativeResultsDirectory="dbb38075-bf09-421e-830a-a8038a136df3" />
    <UnitTestResult executionId="965a89df-e3aa-4af2-b5ea-5d9ab690072a" testId="fe38b073-a454-43ca-8ff1-ef847ac47b31" testName="FormatToStringTest1000 (40241.790964380736,40241.79 zł)" computerName="DESKTOP-5URQ9PB" duration="00:00:00.0000062" startTime="2022-06-13T21:11:26.6766399+02:00" endTime="2022-06-13T21:11:26.6767043+02:00" testType="13cdc9d9-ddb5-4fa4-a97d-d965ccfc6d4b" outcome="Passed" testListId="8c84fa94-04c1-424b-9868-57a2d4851a1d" relativeResultsDirectory="965a89df-e3aa-4af2-b5ea-5d9ab690072a" />
    <UnitTestResult executionId="9abbf9c7-ae1a-4a9a-ae8d-8db4cc9366f5" testId="b90ae428-08d3-4aaa-b9fe-a31a302665ac" testName="FormatToStringTest1000 (8492.904747505161,8492.90 zł)" computerName="DESKTOP-5URQ9PB" duration="00:00:00.0000062" startTime="2022-06-13T21:11:26.6264194+02:00" endTime="2022-06-13T21:11:26.6264844+02:00" testType="13cdc9d9-ddb5-4fa4-a97d-d965ccfc6d4b" outcome="Passed" testListId="8c84fa94-04c1-424b-9868-57a2d4851a1d" relativeResultsDirectory="9abbf9c7-ae1a-4a9a-ae8d-8db4cc9366f5" />
    <UnitTestResult executionId="c6f88f89-3018-4716-8947-2b0ecd15e0de" testId="10642b70-9cb1-4b0b-a109-e2577e8912a7" testName="FormatToStringTest1000 (21785.42157155528,21785.42 zł)" computerName="DESKTOP-5URQ9PB" duration="00:00:00.0000061" startTime="2022-06-13T21:11:26.6542066+02:00" endTime="2022-06-13T21:11:26.6542703+02:00" testType="13cdc9d9-ddb5-4fa4-a97d-d965ccfc6d4b" outcome="Passed" testListId="8c84fa94-04c1-424b-9868-57a2d4851a1d" relativeResultsDirectory="c6f88f89-3018-4716-8947-2b0ecd15e0de" />
    <UnitTestResult executionId="3e86d0c4-ffdf-41a5-ba15-32ea5bd586f4" testId="991947fe-8e90-445f-8006-a1caa8e05072" testName="FormatToStringTest1000 (16571.355536101553,16571.36 zł)" computerName="DESKTOP-5URQ9PB" duration="00:00:00.0000061" startTime="2022-06-13T21:11:26.3957411+02:00" endTime="2022-06-13T21:11:26.3958054+02:00" testType="13cdc9d9-ddb5-4fa4-a97d-d965ccfc6d4b" outcome="Passed" testListId="8c84fa94-04c1-424b-9868-57a2d4851a1d" relativeResultsDirectory="3e86d0c4-ffdf-41a5-ba15-32ea5bd586f4" />
    <UnitTestResult executionId="06fac5eb-b76f-45dc-ac23-53885e23180a" testId="f0931941-ab4e-4df8-95c3-142d4bb70003" testName="FormatToStringTest1000 (18627.604896394354,18627.60 zł)" computerName="DESKTOP-5URQ9PB" duration="00:00:00.0000063" startTime="2022-06-13T21:11:26.5815295+02:00" endTime="2022-06-13T21:11:26.5815940+02:00" testType="13cdc9d9-ddb5-4fa4-a97d-d965ccfc6d4b" outcome="Passed" testListId="8c84fa94-04c1-424b-9868-57a2d4851a1d" relativeResultsDirectory="06fac5eb-b76f-45dc-ac23-53885e23180a" />
    <UnitTestResult executionId="53980cf7-73e1-4156-81bb-0226da592063" testId="e2e8bc22-c08a-4184-8025-e74cd2f15238" testName="FormatToStringTest1000 (15639.704937780603,15639.70 zł)" computerName="DESKTOP-5URQ9PB" duration="00:00:00.0000066" startTime="2022-06-13T21:11:26.3609900+02:00" endTime="2022-06-13T21:11:26.3610562+02:00" testType="13cdc9d9-ddb5-4fa4-a97d-d965ccfc6d4b" outcome="Passed" testListId="8c84fa94-04c1-424b-9868-57a2d4851a1d" relativeResultsDirectory="53980cf7-73e1-4156-81bb-0226da592063" />
    <UnitTestResult executionId="510033e5-5303-427b-ba0d-370e91efd8c1" testId="f34bebfe-0fc6-4900-bb89-97fd26d8aec8" testName="FormatToStringTest1000 (823.2747994560166,823.27 zł)" computerName="DESKTOP-5URQ9PB" duration="00:00:00.0000060" startTime="2022-06-13T21:11:26.6379588+02:00" endTime="2022-06-13T21:11:26.6380240+02:00" testType="13cdc9d9-ddb5-4fa4-a97d-d965ccfc6d4b" outcome="Passed" testListId="8c84fa94-04c1-424b-9868-57a2d4851a1d" relativeResultsDirectory="510033e5-5303-427b-ba0d-370e91efd8c1" />
    <UnitTestResult executionId="b12eb139-c00f-4a62-99df-ce338fab2e1a" testId="e6e6d824-22dd-48ef-8933-a1d853308c56" testName="FormatToStringTest1000 (26843.15785584932,26843.16 zł)" computerName="DESKTOP-5URQ9PB" duration="00:00:00.0000112" startTime="2022-06-13T21:11:26.7152788+02:00" endTime="2022-06-13T21:11:26.7153483+02:00" testType="13cdc9d9-ddb5-4fa4-a97d-d965ccfc6d4b" outcome="Passed" testListId="8c84fa94-04c1-424b-9868-57a2d4851a1d" relativeResultsDirectory="b12eb139-c00f-4a62-99df-ce338fab2e1a" />
    <UnitTestResult executionId="3ee6a3af-1869-4485-b85b-7f9ca6c4615e" testId="5a1a22f4-8281-4f09-b359-81db45727612" testName="FormatToStringTest1000 (28192.949128067565,28192.95 zł)" computerName="DESKTOP-5URQ9PB" duration="00:00:00.0000064" startTime="2022-06-13T21:11:26.3580249+02:00" endTime="2022-06-13T21:11:26.3580950+02:00" testType="13cdc9d9-ddb5-4fa4-a97d-d965ccfc6d4b" outcome="Passed" testListId="8c84fa94-04c1-424b-9868-57a2d4851a1d" relativeResultsDirectory="3ee6a3af-1869-4485-b85b-7f9ca6c4615e" />
    <UnitTestResult executionId="8293d566-be51-4548-b6e1-6f8cde5267c2" testId="8a7c30b4-ad33-42a1-82b8-f6a44dcc839f" testName="FormatToStringTest1000 (40857.08543233996,40857.09 zł)" computerName="DESKTOP-5URQ9PB" duration="00:00:00.0000066" startTime="2022-06-13T21:11:26.3668463+02:00" endTime="2022-06-13T21:11:26.3669276+02:00" testType="13cdc9d9-ddb5-4fa4-a97d-d965ccfc6d4b" outcome="Passed" testListId="8c84fa94-04c1-424b-9868-57a2d4851a1d" relativeResultsDirectory="8293d566-be51-4548-b6e1-6f8cde5267c2" />
    <UnitTestResult executionId="72c617d7-2fbd-4a7b-8ae1-345f65f9ef7f" testId="c1d7de0e-2508-435b-b3b3-e248f5065874" testName="FormatToStringTest1000 (20978.860218282258,20978.86 zł)" computerName="DESKTOP-5URQ9PB" duration="00:00:00.0000085" startTime="2022-06-13T21:11:26.4374886+02:00" endTime="2022-06-13T21:11:26.4375932+02:00" testType="13cdc9d9-ddb5-4fa4-a97d-d965ccfc6d4b" outcome="Passed" testListId="8c84fa94-04c1-424b-9868-57a2d4851a1d" relativeResultsDirectory="72c617d7-2fbd-4a7b-8ae1-345f65f9ef7f" />
    <UnitTestResult executionId="4b3fc5a3-2c98-4e32-9f11-bea855220889" testId="74e57094-f428-4882-9cd7-dde7c3d62fc0" testName="FormatToStringTest1000 (28080.92507087669,28080.93 zł)" computerName="DESKTOP-5URQ9PB" duration="00:00:00.0000063" startTime="2022-06-13T21:11:26.6793560+02:00" endTime="2022-06-13T21:11:26.6794213+02:00" testType="13cdc9d9-ddb5-4fa4-a97d-d965ccfc6d4b" outcome="Passed" testListId="8c84fa94-04c1-424b-9868-57a2d4851a1d" relativeResultsDirectory="4b3fc5a3-2c98-4e32-9f11-bea855220889" />
    <UnitTestResult executionId="317f73f0-32da-4b78-807d-b19cb4034265" testId="5daa2fdd-3e82-4db0-ba08-71d325b66a1d" testName="FormatToStringTest1000 (1562.3173604776698,1562.32 zł)" computerName="DESKTOP-5URQ9PB" duration="00:00:00.0000061" startTime="2022-06-13T21:11:26.4520638+02:00" endTime="2022-06-13T21:11:26.4521309+02:00" testType="13cdc9d9-ddb5-4fa4-a97d-d965ccfc6d4b" outcome="Passed" testListId="8c84fa94-04c1-424b-9868-57a2d4851a1d" relativeResultsDirectory="317f73f0-32da-4b78-807d-b19cb4034265" />
    <UnitTestResult executionId="f6d4c222-ae65-4c81-bc09-44b2b1dbabb5" testId="94d82541-107e-47a9-bd7e-6c86b2d701df" testName="FormatToStringTest1000 (386.358918903097,386.36 zł)" computerName="DESKTOP-5URQ9PB" duration="00:00:00.0000065" startTime="2022-06-13T21:11:26.4518039+02:00" endTime="2022-06-13T21:11:26.4518719+02:00" testType="13cdc9d9-ddb5-4fa4-a97d-d965ccfc6d4b" outcome="Passed" testListId="8c84fa94-04c1-424b-9868-57a2d4851a1d" relativeResultsDirectory="f6d4c222-ae65-4c81-bc09-44b2b1dbabb5" />
    <UnitTestResult executionId="0ed8421d-fd7b-4ff2-8978-98c9030dc1c2" testId="86e58647-a4bc-4fbb-adc6-305630b2270b" testName="FormatToStringTest1000 (12202.860111308684,12202.86 zł)" computerName="DESKTOP-5URQ9PB" duration="00:00:00.0000062" startTime="2022-06-13T21:11:26.5000002+02:00" endTime="2022-06-13T21:11:26.5000662+02:00" testType="13cdc9d9-ddb5-4fa4-a97d-d965ccfc6d4b" outcome="Passed" testListId="8c84fa94-04c1-424b-9868-57a2d4851a1d" relativeResultsDirectory="0ed8421d-fd7b-4ff2-8978-98c9030dc1c2" />
    <UnitTestResult executionId="9b942c42-059d-4278-90c9-6ffe09d8208b" testId="a93de9bb-1fcc-435a-8dca-ce3d8409e6ba" testName="FormatToStringTest1000 (17835.54606576988,17835.55 zł)" computerName="DESKTOP-5URQ9PB" duration="00:00:00.0000061" startTime="2022-06-13T21:11:26.3834433+02:00" endTime="2022-06-13T21:11:26.3835088+02:00" testType="13cdc9d9-ddb5-4fa4-a97d-d965ccfc6d4b" outcome="Passed" testListId="8c84fa94-04c1-424b-9868-57a2d4851a1d" relativeResultsDirectory="9b942c42-059d-4278-90c9-6ffe09d8208b" />
    <UnitTestResult executionId="8b5e5313-0717-47f5-a41f-5d9caaaca18f" testId="6251c475-4174-4d01-b2e0-910d9721baf0" testName="FormatToStringTest1000 (10324.538670147089,10324.54 zł)" computerName="DESKTOP-5URQ9PB" duration="00:00:00.0000063" startTime="2022-06-13T21:11:26.5814472+02:00" endTime="2022-06-13T21:11:26.5815123+02:00" testType="13cdc9d9-ddb5-4fa4-a97d-d965ccfc6d4b" outcome="Passed" testListId="8c84fa94-04c1-424b-9868-57a2d4851a1d" relativeResultsDirectory="8b5e5313-0717-47f5-a41f-5d9caaaca18f" />
    <UnitTestResult executionId="d7e26e77-d568-4e70-a158-6f9f572219f5" testId="411b0919-b3c5-4f7e-861e-00e1832d70b7" testName="FormatToStringTest1000 (14198.39903067723,14198.40 zł)" computerName="DESKTOP-5URQ9PB" duration="00:00:00.0000065" startTime="2022-06-13T21:11:26.6971756+02:00" endTime="2022-06-13T21:11:26.6972433+02:00" testType="13cdc9d9-ddb5-4fa4-a97d-d965ccfc6d4b" outcome="Passed" testListId="8c84fa94-04c1-424b-9868-57a2d4851a1d" relativeResultsDirectory="d7e26e77-d568-4e70-a158-6f9f572219f5" />
    <UnitTestResult executionId="397f90fc-f5bb-497b-a2ab-a289679b3519" testId="2cc4f55a-d6da-4839-8bdc-0444eb19efa3" testName="FormatToStringTest1000 (60701.5177499319,60701.52 zł)" computerName="DESKTOP-5URQ9PB" duration="00:00:00.0000063" startTime="2022-06-13T21:11:26.5975360+02:00" endTime="2022-06-13T21:11:26.5975994+02:00" testType="13cdc9d9-ddb5-4fa4-a97d-d965ccfc6d4b" outcome="Passed" testListId="8c84fa94-04c1-424b-9868-57a2d4851a1d" relativeResultsDirectory="397f90fc-f5bb-497b-a2ab-a289679b3519" />
    <UnitTestResult executionId="ae19fd37-0f7d-459d-bf87-8082b380f847" testId="3f405711-e30c-41f5-be4d-8bfe66c657f5" testName="FormatToStringTest1000 (6027.66019266828,6027.66 zł)" computerName="DESKTOP-5URQ9PB" duration="00:00:00.0000072" startTime="2022-06-13T21:11:26.6598796+02:00" endTime="2022-06-13T21:11:26.6599437+02:00" testType="13cdc9d9-ddb5-4fa4-a97d-d965ccfc6d4b" outcome="Passed" testListId="8c84fa94-04c1-424b-9868-57a2d4851a1d" relativeResultsDirectory="ae19fd37-0f7d-459d-bf87-8082b380f847" />
    <UnitTestResult executionId="c640a9cd-5c2a-414a-96cb-cb5858d0c6cc" testId="a989bf1e-d33a-4c9a-ae64-804e0006fca1" testName="FormatToStringTest1000 (28155.26504817664,28155.27 zł)" computerName="DESKTOP-5URQ9PB" duration="00:00:00.0000062" startTime="2022-06-13T21:11:26.4816497+02:00" endTime="2022-06-13T21:11:26.4817165+02:00" testType="13cdc9d9-ddb5-4fa4-a97d-d965ccfc6d4b" outcome="Passed" testListId="8c84fa94-04c1-424b-9868-57a2d4851a1d" relativeResultsDirectory="c640a9cd-5c2a-414a-96cb-cb5858d0c6cc" />
    <UnitTestResult executionId="bed63c9c-5ae5-4ecb-bd57-383734a6be56" testId="10ee7c3c-aa5f-4a8c-a6a1-b0f60ee75755" testName="FormatToStringTest1000 (29362.005930638876,29362.01 zł)" computerName="DESKTOP-5URQ9PB" duration="00:00:00.0000068" startTime="2022-06-13T21:11:26.4342997+02:00" endTime="2022-06-13T21:11:26.4343872+02:00" testType="13cdc9d9-ddb5-4fa4-a97d-d965ccfc6d4b" outcome="Passed" testListId="8c84fa94-04c1-424b-9868-57a2d4851a1d" relativeResultsDirectory="bed63c9c-5ae5-4ecb-bd57-383734a6be56" />
    <UnitTestResult executionId="c4140306-a986-4367-b6e8-bcce172eff54" testId="066ad11d-d82a-4827-87b2-e44db1a2158f" testName="FormatToStringTest1000 (66284.43763489948,66284.44 zł)" computerName="DESKTOP-5URQ9PB" duration="00:00:00.0000062" startTime="2022-06-13T21:11:26.5914684+02:00" endTime="2022-06-13T21:11:26.5915345+02:00" testType="13cdc9d9-ddb5-4fa4-a97d-d965ccfc6d4b" outcome="Passed" testListId="8c84fa94-04c1-424b-9868-57a2d4851a1d" relativeResultsDirectory="c4140306-a986-4367-b6e8-bcce172eff54" />
    <UnitTestResult executionId="a7c39ea9-3731-4269-a4f2-89111c4e74a5" testId="35734595-0388-4b42-aa26-9e45eccb7374" testName="FormatToStringTest1000 (743.047944508981,743.05 zł)" computerName="DESKTOP-5URQ9PB" duration="00:00:00.0000263" startTime="2022-06-13T21:11:26.5632479+02:00" endTime="2022-06-13T21:11:26.5634349+02:00" testType="13cdc9d9-ddb5-4fa4-a97d-d965ccfc6d4b" outcome="Passed" testListId="8c84fa94-04c1-424b-9868-57a2d4851a1d" relativeResultsDirectory="a7c39ea9-3731-4269-a4f2-89111c4e74a5" />
    <UnitTestResult executionId="55f6537a-6398-41b1-bc8e-4f7b21d4cc98" testId="dc274888-6b29-4d27-b6e9-367136f27805" testName="FormatToStringTest1000 (8599.45217413616,8599.45 zł)" computerName="DESKTOP-5URQ9PB" duration="00:00:00.0000065" startTime="2022-06-13T21:11:26.4029591+02:00" endTime="2022-06-13T21:11:26.4030251+02:00" testType="13cdc9d9-ddb5-4fa4-a97d-d965ccfc6d4b" outcome="Passed" testListId="8c84fa94-04c1-424b-9868-57a2d4851a1d" relativeResultsDirectory="55f6537a-6398-41b1-bc8e-4f7b21d4cc98" />
    <UnitTestResult executionId="e48c9945-4a9b-48e6-89c1-f52b66279d03" testId="400a6ec5-6250-480d-9e9c-fca635ef6d7a" testName="FormatToStringTest1000 (22459.530444447664,22459.53 zł)" computerName="DESKTOP-5URQ9PB" duration="00:00:00.0000117" startTime="2022-06-13T21:11:26.5152181+02:00" endTime="2022-06-13T21:11:26.5153918+02:00" testType="13cdc9d9-ddb5-4fa4-a97d-d965ccfc6d4b" outcome="Passed" testListId="8c84fa94-04c1-424b-9868-57a2d4851a1d" relativeResultsDirectory="e48c9945-4a9b-48e6-89c1-f52b66279d03" />
    <UnitTestResult executionId="c504786a-c30c-4004-b49d-bc622bf8f4b9" testId="4c7c4feb-bd10-4fe7-8ce7-0ee1d24e10ff" testName="FormatToStringTest1000 (10994.251866986162,10994.25 zł)" computerName="DESKTOP-5URQ9PB" duration="00:00:00.0000414" startTime="2022-06-13T21:11:26.5513496+02:00" endTime="2022-06-13T21:11:26.5518356+02:00" testType="13cdc9d9-ddb5-4fa4-a97d-d965ccfc6d4b" outcome="Passed" testListId="8c84fa94-04c1-424b-9868-57a2d4851a1d" relativeResultsDirectory="c504786a-c30c-4004-b49d-bc622bf8f4b9" />
    <UnitTestResult executionId="7b34893d-755e-40e6-b7be-735c70b5f6c0" testId="28648c2c-3d53-40c5-8087-c7a57647836b" testName="FormatToStringTest1000 (1325.1625259114255,1325.16 zł)" computerName="DESKTOP-5URQ9PB" duration="00:00:00.0000064" startTime="2022-06-13T21:11:26.5843555+02:00" endTime="2022-06-13T21:11:26.5844298+02:00" testType="13cdc9d9-ddb5-4fa4-a97d-d965ccfc6d4b" outcome="Passed" testListId="8c84fa94-04c1-424b-9868-57a2d4851a1d" relativeResultsDirectory="7b34893d-755e-40e6-b7be-735c70b5f6c0" />
    <UnitTestResult executionId="ee440832-7868-4a8f-a821-d5e5da7f4bdb" testId="db3a3019-5b54-4c65-9cf4-42a94e6d4a85" testName="FormatToStringTest1000 (74514.06270644537,74514.06 zł)" computerName="DESKTOP-5URQ9PB" duration="00:00:00.0000074" startTime="2022-06-13T21:11:26.3765853+02:00" endTime="2022-06-13T21:11:26.3766826+02:00" testType="13cdc9d9-ddb5-4fa4-a97d-d965ccfc6d4b" outcome="Passed" testListId="8c84fa94-04c1-424b-9868-57a2d4851a1d" relativeResultsDirectory="ee440832-7868-4a8f-a821-d5e5da7f4bdb" />
    <UnitTestResult executionId="5d1b7e56-a604-48a6-912a-70391dc2b554" testId="4bd86aa6-bab2-4b09-83c7-d9808fb86931" testName="FormatToStringTest1000 (7726.0074454499445,7726.01 zł)" computerName="DESKTOP-5URQ9PB" duration="00:00:00.0000063" startTime="2022-06-13T21:11:26.4448455+02:00" endTime="2022-06-13T21:11:26.4449177+02:00" testType="13cdc9d9-ddb5-4fa4-a97d-d965ccfc6d4b" outcome="Passed" testListId="8c84fa94-04c1-424b-9868-57a2d4851a1d" relativeResultsDirectory="5d1b7e56-a604-48a6-912a-70391dc2b554" />
    <UnitTestResult executionId="8a27c174-8023-4dc7-a7f6-5b58ba5eb84d" testId="edbfc9c7-a014-40a9-ad9f-d7f0429dd1be" testName="FormatToStringTest1000 (27629.79121039193,27629.79 zł)" computerName="DESKTOP-5URQ9PB" duration="00:00:00.0000062" startTime="2022-06-13T21:11:26.4706371+02:00" endTime="2022-06-13T21:11:26.4707031+02:00" testType="13cdc9d9-ddb5-4fa4-a97d-d965ccfc6d4b" outcome="Passed" testListId="8c84fa94-04c1-424b-9868-57a2d4851a1d" relativeResultsDirectory="8a27c174-8023-4dc7-a7f6-5b58ba5eb84d" />
    <UnitTestResult executionId="87f1934b-6ef3-455f-9cbf-b429248bdc6f" testId="502a2691-a731-451d-8b92-83158d8c7620" testName="FormatToStringTest1000 (88489.14069749469,88489.14 zł)" computerName="DESKTOP-5URQ9PB" duration="00:00:00.0000245" startTime="2022-06-13T21:11:26.7052673+02:00" endTime="2022-06-13T21:11:26.7054977+02:00" testType="13cdc9d9-ddb5-4fa4-a97d-d965ccfc6d4b" outcome="Passed" testListId="8c84fa94-04c1-424b-9868-57a2d4851a1d" relativeResultsDirectory="87f1934b-6ef3-455f-9cbf-b429248bdc6f" />
    <UnitTestResult executionId="dd3ae5a5-1459-4d4e-91db-f958a480e9ca" testId="f23e4fcd-aabd-400a-bd0f-ec281e34f6c4" testName="FormatToStringTest1000 (11100.829211263372,11100.83 zł)" computerName="DESKTOP-5URQ9PB" duration="00:00:00.0000063" startTime="2022-06-13T21:11:26.3497257+02:00" endTime="2022-06-13T21:11:26.3498002+02:00" testType="13cdc9d9-ddb5-4fa4-a97d-d965ccfc6d4b" outcome="Passed" testListId="8c84fa94-04c1-424b-9868-57a2d4851a1d" relativeResultsDirectory="dd3ae5a5-1459-4d4e-91db-f958a480e9ca" />
    <UnitTestResult executionId="1c1b2475-38eb-4155-a4b0-3653978afc32" testId="a1cd9a6d-b138-4ac9-954b-11fe1ee39fa2" testName="FormatToStringTest1000 (36893.66238331593,36893.66 zł)" computerName="DESKTOP-5URQ9PB" duration="00:00:00.0000062" startTime="2022-06-13T21:11:26.6480801+02:00" endTime="2022-06-13T21:11:26.6481458+02:00" testType="13cdc9d9-ddb5-4fa4-a97d-d965ccfc6d4b" outcome="Passed" testListId="8c84fa94-04c1-424b-9868-57a2d4851a1d" relativeResultsDirectory="1c1b2475-38eb-4155-a4b0-3653978afc32" />
    <UnitTestResult executionId="e200fabb-89af-4c4c-8ac9-ef5ed08e7ff2" testId="e9cc3a40-f27e-4db9-a2f6-49c2130ecefd" testName="FormatToStringTest1000 (4030.673117592313,4030.67 zł)" computerName="DESKTOP-5URQ9PB" duration="00:00:00.0000062" startTime="2022-06-13T21:11:26.4614471+02:00" endTime="2022-06-13T21:11:26.4615137+02:00" testType="13cdc9d9-ddb5-4fa4-a97d-d965ccfc6d4b" outcome="Passed" testListId="8c84fa94-04c1-424b-9868-57a2d4851a1d" relativeResultsDirectory="e200fabb-89af-4c4c-8ac9-ef5ed08e7ff2" />
    <UnitTestResult executionId="24154906-1dce-4774-806a-be950bc851dc" testId="fcd814bf-79c9-4741-bca5-4b8b3b4a6515" testName="FormatToStringTest1000 (3649.9254912836127,3649.93 zł)" computerName="DESKTOP-5URQ9PB" duration="00:00:00.0000110" startTime="2022-06-13T21:11:26.7118069+02:00" endTime="2022-06-13T21:11:26.7119401+02:00" testType="13cdc9d9-ddb5-4fa4-a97d-d965ccfc6d4b" outcome="Passed" testListId="8c84fa94-04c1-424b-9868-57a2d4851a1d" relativeResultsDirectory="24154906-1dce-4774-806a-be950bc851dc" />
    <UnitTestResult executionId="e5b8fc1a-8670-479b-bc1d-de7728309bef" testId="ac680344-f47e-4d0b-ac50-3ad7565e9a42" testName="FormatToStringTest1000 (3521.3657738167635,3521.37 zł)" computerName="DESKTOP-5URQ9PB" duration="00:00:00.0000063" startTime="2022-06-13T21:11:26.3673128+02:00" endTime="2022-06-13T21:11:26.3673953+02:00" testType="13cdc9d9-ddb5-4fa4-a97d-d965ccfc6d4b" outcome="Passed" testListId="8c84fa94-04c1-424b-9868-57a2d4851a1d" relativeResultsDirectory="e5b8fc1a-8670-479b-bc1d-de7728309bef" />
    <UnitTestResult executionId="8bf83f56-d3bd-4ce3-9a3e-0ee5e4d65a22" testId="3389e320-5909-465b-84fa-d8fb75c2283d" testName="FormatToStringTest1000 (29845.02749849345,29845.03 zł)" computerName="DESKTOP-5URQ9PB" duration="00:00:00.0000067" startTime="2022-06-13T21:11:26.4382738+02:00" endTime="2022-06-13T21:11:26.4383572+02:00" testType="13cdc9d9-ddb5-4fa4-a97d-d965ccfc6d4b" outcome="Passed" testListId="8c84fa94-04c1-424b-9868-57a2d4851a1d" relativeResultsDirectory="8bf83f56-d3bd-4ce3-9a3e-0ee5e4d65a22" />
    <UnitTestResult executionId="2829e237-a259-4278-9c79-b4ab16c9d993" testId="25397aa8-fa00-4d72-9a88-0a979027a4c2" testName="FormatToStringTest1000 (68698.01923441609,68698.02 zł)" computerName="DESKTOP-5URQ9PB" duration="00:00:00.0000062" startTime="2022-06-13T21:11:26.6947712+02:00" endTime="2022-06-13T21:11:26.6948364+02:00" testType="13cdc9d9-ddb5-4fa4-a97d-d965ccfc6d4b" outcome="Passed" testListId="8c84fa94-04c1-424b-9868-57a2d4851a1d" relativeResultsDirectory="2829e237-a259-4278-9c79-b4ab16c9d993" />
    <UnitTestResult executionId="c2c0bbb2-5627-43d3-8197-c63d718a4332" testId="cfb4382b-261c-4346-a8bf-5623a04ae825" testName="FormatToStringTest1000 (13414.3551766441,13414.36 zł)" computerName="DESKTOP-5URQ9PB" duration="00:00:00.0000063" startTime="2022-06-13T21:11:26.4586215+02:00" endTime="2022-06-13T21:11:26.4586856+02:00" testType="13cdc9d9-ddb5-4fa4-a97d-d965ccfc6d4b" outcome="Passed" testListId="8c84fa94-04c1-424b-9868-57a2d4851a1d" relativeResultsDirectory="c2c0bbb2-5627-43d3-8197-c63d718a4332" />
    <UnitTestResult executionId="b5a6d432-3299-4155-8711-10c916d65adf" testId="f1d2f818-0931-4fcd-b1f7-5fcc467e81dd" testName="FormatToStringTest1000 (8901.937138443784,8901.94 zł)" computerName="DESKTOP-5URQ9PB" duration="00:00:00.0000062" startTime="2022-06-13T21:11:26.5351835+02:00" endTime="2022-06-13T21:11:26.5352506+02:00" testType="13cdc9d9-ddb5-4fa4-a97d-d965ccfc6d4b" outcome="Passed" testListId="8c84fa94-04c1-424b-9868-57a2d4851a1d" relativeResultsDirectory="b5a6d432-3299-4155-8711-10c916d65adf" />
    <UnitTestResult executionId="f3316504-8de4-49cd-804e-56c2bcc8383f" testId="22923361-ee61-4ee3-a70a-51e5e4ce4e5b" testName="FormatToStringTest1000 (70432.00656616595,70432.01 zł)" computerName="DESKTOP-5URQ9PB" duration="00:00:00.0000064" startTime="2022-06-13T21:11:26.6690549+02:00" endTime="2022-06-13T21:11:26.6691200+02:00" testType="13cdc9d9-ddb5-4fa4-a97d-d965ccfc6d4b" outcome="Passed" testListId="8c84fa94-04c1-424b-9868-57a2d4851a1d" relativeResultsDirectory="f3316504-8de4-49cd-804e-56c2bcc8383f" />
    <UnitTestResult executionId="1e240e30-a7a6-473f-b2c7-605c9753457f" testId="7a2a682a-adcc-44e7-93f6-bcf7871f67e2" testName="FormatToStringTest1000 (51529.79033960206,51529.79 zł)" computerName="DESKTOP-5URQ9PB" duration="00:00:00.0000062" startTime="2022-06-13T21:11:26.6856460+02:00" endTime="2022-06-13T21:11:26.6857100+02:00" testType="13cdc9d9-ddb5-4fa4-a97d-d965ccfc6d4b" outcome="Passed" testListId="8c84fa94-04c1-424b-9868-57a2d4851a1d" relativeResultsDirectory="1e240e30-a7a6-473f-b2c7-605c9753457f" />
    <UnitTestResult executionId="7401cbdd-1f64-4356-b4a9-97a22c17f34a" testId="72eee7d0-696d-4ee8-8465-d30cf680e808" testName="FormatToStringTest1000 (2975.6892256134606,2975.69 zł)" computerName="DESKTOP-5URQ9PB" duration="00:00:00.0000062" startTime="2022-06-13T21:11:26.5037373+02:00" endTime="2022-06-13T21:11:26.5038044+02:00" testType="13cdc9d9-ddb5-4fa4-a97d-d965ccfc6d4b" outcome="Passed" testListId="8c84fa94-04c1-424b-9868-57a2d4851a1d" relativeResultsDirectory="7401cbdd-1f64-4356-b4a9-97a22c17f34a" />
    <UnitTestResult executionId="5cf398fa-b207-4aa7-9e84-a541f5032f3b" testId="edb27f43-3340-4943-9147-078e12430f06" testName="FormatToStringTest1000 (11430.666613002619,11430.67 zł)" computerName="DESKTOP-5URQ9PB" duration="00:00:00.0000060" startTime="2022-06-13T21:11:26.4121973+02:00" endTime="2022-06-13T21:11:26.4122619+02:00" testType="13cdc9d9-ddb5-4fa4-a97d-d965ccfc6d4b" outcome="Passed" testListId="8c84fa94-04c1-424b-9868-57a2d4851a1d" relativeResultsDirectory="5cf398fa-b207-4aa7-9e84-a541f5032f3b" />
    <UnitTestResult executionId="3435142d-0a3a-4ebf-839e-fafe881f379e" testId="f2bed4aa-329f-4a41-ac7f-d3a7bc6bc95d" testName="FormatToStringTest1000 (27027.327683509946,27027.33 zł)" computerName="DESKTOP-5URQ9PB" duration="00:00:00.0000060" startTime="2022-06-13T21:11:26.4064825+02:00" endTime="2022-06-13T21:11:26.4065475+02:00" testType="13cdc9d9-ddb5-4fa4-a97d-d965ccfc6d4b" outcome="Passed" testListId="8c84fa94-04c1-424b-9868-57a2d4851a1d" relativeResultsDirectory="3435142d-0a3a-4ebf-839e-fafe881f379e" />
    <UnitTestResult executionId="1a1c5e4f-f199-48d5-b4ba-5bc9541634e0" testId="ed4624c4-a217-40a2-ac71-d6b3f3040200" testName="FormatToStringTest1000 (50550.645020282194,50550.65 zł)" computerName="DESKTOP-5URQ9PB" duration="00:00:00.0000334" startTime="2022-06-13T21:11:26.5624136+02:00" endTime="2022-06-13T21:11:26.5627978+02:00" testType="13cdc9d9-ddb5-4fa4-a97d-d965ccfc6d4b" outcome="Passed" testListId="8c84fa94-04c1-424b-9868-57a2d4851a1d" relativeResultsDirectory="1a1c5e4f-f199-48d5-b4ba-5bc9541634e0" />
    <UnitTestResult executionId="e4f0b646-169f-4025-8395-219e2fd06957" testId="430ab3a7-48ef-476b-bb3d-0e58913af082" testName="FormatToStringTest1000 (7370.518277515898,7370.52 zł)" computerName="DESKTOP-5URQ9PB" duration="00:00:00.0000073" startTime="2022-06-13T21:11:26.4519772+02:00" endTime="2022-06-13T21:11:26.4520459+02:00" testType="13cdc9d9-ddb5-4fa4-a97d-d965ccfc6d4b" outcome="Passed" testListId="8c84fa94-04c1-424b-9868-57a2d4851a1d" relativeResultsDirectory="e4f0b646-169f-4025-8395-219e2fd06957" />
    <UnitTestResult executionId="11e9ec96-78be-4a99-b50b-673687be1576" testId="4688dcf0-edbd-4c1a-8cd1-ce225cc31d24" testName="FormatToStringTest1000 (37889.10086727193,37889.10 zł)" computerName="DESKTOP-5URQ9PB" duration="00:00:00.0000061" startTime="2022-06-13T21:11:26.3805285+02:00" endTime="2022-06-13T21:11:26.3806022+02:00" testType="13cdc9d9-ddb5-4fa4-a97d-d965ccfc6d4b" outcome="Passed" testListId="8c84fa94-04c1-424b-9868-57a2d4851a1d" relativeResultsDirectory="11e9ec96-78be-4a99-b50b-673687be1576" />
    <UnitTestResult executionId="e99cf102-9226-471f-ab05-cda5a2ebea56" testId="c099449f-1214-4bff-9e46-ea8850e4e9fa" testName="FormatToStringTest1000 (6323.24079469882,6323.24 zł)" computerName="DESKTOP-5URQ9PB" duration="00:00:00.0000064" startTime="2022-06-13T21:11:26.4347430+02:00" endTime="2022-06-13T21:11:26.4348080+02:00" testType="13cdc9d9-ddb5-4fa4-a97d-d965ccfc6d4b" outcome="Passed" testListId="8c84fa94-04c1-424b-9868-57a2d4851a1d" relativeResultsDirectory="e99cf102-9226-471f-ab05-cda5a2ebea56" />
    <UnitTestResult executionId="43fc8888-f578-4ea8-ac72-68b62093e533" testId="17402e54-abbf-4682-af34-64e0d2c9da1b" testName="FormatToStringTest1000 (21573.45329517613,21573.45 zł)" computerName="DESKTOP-5URQ9PB" duration="00:00:00.0000063" startTime="2022-06-13T21:11:26.7124696+02:00" endTime="2022-06-13T21:11:26.7125340+02:00" testType="13cdc9d9-ddb5-4fa4-a97d-d965ccfc6d4b" outcome="Passed" testListId="8c84fa94-04c1-424b-9868-57a2d4851a1d" relativeResultsDirectory="43fc8888-f578-4ea8-ac72-68b62093e533" />
    <UnitTestResult executionId="718f9f8b-7c02-4dd4-9463-7feed9a30eb9" testId="21fdac27-bf5d-43a7-a394-47a620f4ff6f" testName="FormatToStringTest1000 (57181.240528605056,57181.24 zł)" computerName="DESKTOP-5URQ9PB" duration="00:00:00.0000061" startTime="2022-06-13T21:11:26.4550038+02:00" endTime="2022-06-13T21:11:26.4550712+02:00" testType="13cdc9d9-ddb5-4fa4-a97d-d965ccfc6d4b" outcome="Passed" testListId="8c84fa94-04c1-424b-9868-57a2d4851a1d" relativeResultsDirectory="718f9f8b-7c02-4dd4-9463-7feed9a30eb9" />
    <UnitTestResult executionId="9d8a15de-0782-4363-81cb-099da63c31bd" testId="79f33577-74e1-4c8a-8dfe-8a267076e08f" testName="FormatToStringTest1000 (70149.17842025738,70149.18 zł)" computerName="DESKTOP-5URQ9PB" duration="00:00:00.0000063" startTime="2022-06-13T21:11:26.5384346+02:00" endTime="2022-06-13T21:11:26.5385086+02:00" testType="13cdc9d9-ddb5-4fa4-a97d-d965ccfc6d4b" outcome="Passed" testListId="8c84fa94-04c1-424b-9868-57a2d4851a1d" relativeResultsDirectory="9d8a15de-0782-4363-81cb-099da63c31bd" />
    <UnitTestResult executionId="ac64f1ea-b670-44d1-9e29-c476caa3f418" testId="5ac86a41-3a0b-4071-bd8f-c15ddbb8deb8" testName="FormatToStringTest1000 (26529.10838037036,26529.11 zł)" computerName="DESKTOP-5URQ9PB" duration="00:00:00.0000064" startTime="2022-06-13T21:11:26.6942742+02:00" endTime="2022-06-13T21:11:26.6943449+02:00" testType="13cdc9d9-ddb5-4fa4-a97d-d965ccfc6d4b" outcome="Passed" testListId="8c84fa94-04c1-424b-9868-57a2d4851a1d" relativeResultsDirectory="ac64f1ea-b670-44d1-9e29-c476caa3f418" />
    <UnitTestResult executionId="e5c69d45-eadf-480a-bed8-79357b10d9fe" testId="b70e9e81-433f-46b2-8ea7-704c745822f9" testName="FormatToStringTest1000 (31799.68317462815,31799.68 zł)" computerName="DESKTOP-5URQ9PB" duration="00:00:00.0000340" startTime="2022-06-13T21:11:26.5618167+02:00" endTime="2022-06-13T21:11:26.5623275+02:00" testType="13cdc9d9-ddb5-4fa4-a97d-d965ccfc6d4b" outcome="Passed" testListId="8c84fa94-04c1-424b-9868-57a2d4851a1d" relativeResultsDirectory="e5c69d45-eadf-480a-bed8-79357b10d9fe" />
    <UnitTestResult executionId="2d0ca045-a035-4ffc-87e4-a0c62bf6af28" testId="b5942f9c-6671-43c3-92f6-809b4b21af22" testName="FormatToStringTest1000 (12903.541202012237,12903.54 zł)" computerName="DESKTOP-5URQ9PB" duration="00:00:00.0000064" startTime="2022-06-13T21:11:26.4445630+02:00" endTime="2022-06-13T21:11:26.4446396+02:00" testType="13cdc9d9-ddb5-4fa4-a97d-d965ccfc6d4b" outcome="Passed" testListId="8c84fa94-04c1-424b-9868-57a2d4851a1d" relativeResultsDirectory="2d0ca045-a035-4ffc-87e4-a0c62bf6af28" />
    <UnitTestResult executionId="f0f463ec-22c1-46ab-9936-515da86541e7" testId="84b495b5-dfae-44e5-9188-fae6579b05c3" testName="FormatToStringTest1000 (41915.7945284563,41915.79 zł)" computerName="DESKTOP-5URQ9PB" duration="00:00:00.0000064" startTime="2022-06-13T21:11:26.6294934+02:00" endTime="2022-06-13T21:11:26.6295558+02:00" testType="13cdc9d9-ddb5-4fa4-a97d-d965ccfc6d4b" outcome="Passed" testListId="8c84fa94-04c1-424b-9868-57a2d4851a1d" relativeResultsDirectory="f0f463ec-22c1-46ab-9936-515da86541e7" />
    <UnitTestResult executionId="5b81ebef-c9ad-4012-975a-7937934a3863" testId="359c7acb-72ee-4a76-94a0-58c186c120e6" testName="FormatToStringTest1000 (33970.38965150639,33970.39 zł)" computerName="DESKTOP-5URQ9PB" duration="00:00:00.0000062" startTime="2022-06-13T21:11:26.6382055+02:00" endTime="2022-06-13T21:11:26.6382707+02:00" testType="13cdc9d9-ddb5-4fa4-a97d-d965ccfc6d4b" outcome="Passed" testListId="8c84fa94-04c1-424b-9868-57a2d4851a1d" relativeResultsDirectory="5b81ebef-c9ad-4012-975a-7937934a3863" />
    <UnitTestResult executionId="2641ec75-d4e6-4f5e-b708-ab840bb9e556" testId="5627bf00-5701-4434-99d5-0976248b4551" testName="FormatToStringTest1000 (57809.74722876295,57809.75 zł)" computerName="DESKTOP-5URQ9PB" duration="00:00:00.0000064" startTime="2022-06-13T21:11:26.5217753+02:00" endTime="2022-06-13T21:11:26.5218446+02:00" testType="13cdc9d9-ddb5-4fa4-a97d-d965ccfc6d4b" outcome="Passed" testListId="8c84fa94-04c1-424b-9868-57a2d4851a1d" relativeResultsDirectory="2641ec75-d4e6-4f5e-b708-ab840bb9e556" />
    <UnitTestResult executionId="b4f126f6-fd5e-4f68-8e12-724aa2f727fd" testId="c8cfd6f2-9657-4697-948d-f5c0a7163adc" testName="FormatToStringTest1000 (38253.101637909705,38253.10 zł)" computerName="DESKTOP-5URQ9PB" duration="00:00:00.0000060" startTime="2022-06-13T21:11:26.6006339+02:00" endTime="2022-06-13T21:11:26.6006980+02:00" testType="13cdc9d9-ddb5-4fa4-a97d-d965ccfc6d4b" outcome="Passed" testListId="8c84fa94-04c1-424b-9868-57a2d4851a1d" relativeResultsDirectory="b4f126f6-fd5e-4f68-8e12-724aa2f727fd" />
    <UnitTestResult executionId="d9af2da9-dec8-475a-bb37-941abffea627" testId="684409fd-4dfd-4211-aca9-2711ec9bd796" testName="FormatToStringTest1000 (2166.4103293970275,2166.41 zł)" computerName="DESKTOP-5URQ9PB" duration="00:00:00.0000060" startTime="2022-06-13T21:11:26.5285886+02:00" endTime="2022-06-13T21:11:26.5286556+02:00" testType="13cdc9d9-ddb5-4fa4-a97d-d965ccfc6d4b" outcome="Passed" testListId="8c84fa94-04c1-424b-9868-57a2d4851a1d" relativeResultsDirectory="d9af2da9-dec8-475a-bb37-941abffea627" />
    <UnitTestResult executionId="5e90c2e8-4bc1-4cdb-a45b-7386eed6260d" testId="196a03b7-831d-4257-8729-380f342cec14" testName="FormatToStringTest1000 (6276.389386365838,6276.39 zł)" computerName="DESKTOP-5URQ9PB" duration="00:00:00.0000062" startTime="2022-06-13T21:11:26.4877133+02:00" endTime="2022-06-13T21:11:26.4877792+02:00" testType="13cdc9d9-ddb5-4fa4-a97d-d965ccfc6d4b" outcome="Passed" testListId="8c84fa94-04c1-424b-9868-57a2d4851a1d" relativeResultsDirectory="5e90c2e8-4bc1-4cdb-a45b-7386eed6260d" />
    <UnitTestResult executionId="4fb1073b-5bd1-4003-ae2c-aee0a674f376" testId="50674dad-419a-4832-ac49-72df8c4384d5" testName="FormatToStringTest1000 (591.2110872302256,591.21 zł)" computerName="DESKTOP-5URQ9PB" duration="00:00:00.0000061" startTime="2022-06-13T21:11:26.3584608+02:00" endTime="2022-06-13T21:11:26.3585255+02:00" testType="13cdc9d9-ddb5-4fa4-a97d-d965ccfc6d4b" outcome="Passed" testListId="8c84fa94-04c1-424b-9868-57a2d4851a1d" relativeResultsDirectory="4fb1073b-5bd1-4003-ae2c-aee0a674f376" />
    <UnitTestResult executionId="4b4ef67b-a443-45e2-b990-b43035dc89f7" testId="848065b7-a6a4-40d4-b27e-3b0f8451de29" testName="FormatToStringTest1000 (63427.55325689332,63427.55 zł)" computerName="DESKTOP-5URQ9PB" duration="00:00:00.0000062" startTime="2022-06-13T21:11:26.5352684+02:00" endTime="2022-06-13T21:11:26.5353489+02:00" testType="13cdc9d9-ddb5-4fa4-a97d-d965ccfc6d4b" outcome="Passed" testListId="8c84fa94-04c1-424b-9868-57a2d4851a1d" relativeResultsDirectory="4b4ef67b-a443-45e2-b990-b43035dc89f7" />
    <UnitTestResult executionId="4de0a8e1-b2b4-4832-ad01-adc3de6c1406" testId="59fc8458-5f51-4d25-9c8d-8dc7438d0922" testName="FormatToStringTest1000 (29975.4018974022,29975.40 zł)" computerName="DESKTOP-5URQ9PB" duration="00:00:00.0000063" startTime="2022-06-13T21:11:26.6385396+02:00" endTime="2022-06-13T21:11:26.6386018+02:00" testType="13cdc9d9-ddb5-4fa4-a97d-d965ccfc6d4b" outcome="Passed" testListId="8c84fa94-04c1-424b-9868-57a2d4851a1d" relativeResultsDirectory="4de0a8e1-b2b4-4832-ad01-adc3de6c1406" />
    <UnitTestResult executionId="b06334fc-18c3-4dca-a409-7792b65dc875" testId="822482d5-b69a-43f6-8cdf-490f1287e0de" testName="FormatToStringTest1000 (22799.991836491965,22799.99 zł)" computerName="DESKTOP-5URQ9PB" duration="00:00:00.0000062" startTime="2022-06-13T21:11:26.4879653+02:00" endTime="2022-06-13T21:11:26.4880314+02:00" testType="13cdc9d9-ddb5-4fa4-a97d-d965ccfc6d4b" outcome="Passed" testListId="8c84fa94-04c1-424b-9868-57a2d4851a1d" relativeResultsDirectory="b06334fc-18c3-4dca-a409-7792b65dc875" />
    <UnitTestResult executionId="3c94de8f-62ad-43d1-813d-b28ef0e899ad" testId="75162bdb-eb57-4677-b7d9-75d02e5b1c4a" testName="FormatToStringTest1000 (35248.53555717996,35248.54 zł)" computerName="DESKTOP-5URQ9PB" duration="00:00:00.0000076" startTime="2022-06-13T21:11:26.7154485+02:00" endTime="2022-06-13T21:11:26.7155163+02:00" testType="13cdc9d9-ddb5-4fa4-a97d-d965ccfc6d4b" outcome="Passed" testListId="8c84fa94-04c1-424b-9868-57a2d4851a1d" relativeResultsDirectory="3c94de8f-62ad-43d1-813d-b28ef0e899ad" />
    <UnitTestResult executionId="77bbc703-31f1-4584-84be-ab0552514c20" testId="6b50e408-a37f-4b4b-9a26-fd9d98cb4a8a" testName="FormatToStringTest1000 (13337.80490493486,13337.80 zł)" computerName="DESKTOP-5URQ9PB" duration="00:00:00.0000073" startTime="2022-06-13T21:11:26.7058889+02:00" endTime="2022-06-13T21:11:26.7059565+02:00" testType="13cdc9d9-ddb5-4fa4-a97d-d965ccfc6d4b" outcome="Passed" testListId="8c84fa94-04c1-424b-9868-57a2d4851a1d" relativeResultsDirectory="77bbc703-31f1-4584-84be-ab0552514c20" />
    <UnitTestResult executionId="8ee254bc-aa5a-4096-95d7-65945d49fa06" testId="99f3fca7-9b00-4ee3-ba55-5fd4ed13b5de" testName="FormatToStringTest1000 (19609.759296997803,19609.76 zł)" computerName="DESKTOP-5URQ9PB" duration="00:00:00.0000120" startTime="2022-06-13T21:11:26.4936448+02:00" endTime="2022-06-13T21:11:26.4937391+02:00" testType="13cdc9d9-ddb5-4fa4-a97d-d965ccfc6d4b" outcome="Passed" testListId="8c84fa94-04c1-424b-9868-57a2d4851a1d" relativeResultsDirectory="8ee254bc-aa5a-4096-95d7-65945d49fa06" />
    <UnitTestResult executionId="273a5ec7-482b-4634-ba16-5df35ca7c1c0" testId="df17b329-cf1f-40cd-93e4-ef6924a0ecb5" testName="FormatToStringTest1000 (100.45267071130345,100.45 zł)" computerName="DESKTOP-5URQ9PB" duration="00:00:00.0000061" startTime="2022-06-13T21:11:26.4183531+02:00" endTime="2022-06-13T21:11:26.4184203+02:00" testType="13cdc9d9-ddb5-4fa4-a97d-d965ccfc6d4b" outcome="Passed" testListId="8c84fa94-04c1-424b-9868-57a2d4851a1d" relativeResultsDirectory="273a5ec7-482b-4634-ba16-5df35ca7c1c0" />
    <UnitTestResult executionId="6a6b4960-bdf0-4963-8fa8-6f79964200cc" testId="a1315faa-00ce-4fc9-a397-5a12f3c5a317" testName="FormatToStringTest1000 (5978.1197194131655,5978.12 zł)" computerName="DESKTOP-5URQ9PB" duration="00:00:00.0000069" startTime="2022-06-13T21:11:26.6974313+02:00" endTime="2022-06-13T21:11:26.6974956+02:00" testType="13cdc9d9-ddb5-4fa4-a97d-d965ccfc6d4b" outcome="Passed" testListId="8c84fa94-04c1-424b-9868-57a2d4851a1d" relativeResultsDirectory="6a6b4960-bdf0-4963-8fa8-6f79964200cc" />
    <UnitTestResult executionId="679144de-ae10-46da-a36b-e511f0b4789a" testId="b693f972-6887-431c-8a89-80405af9aece" testName="FormatToStringTest1000 (38904.87092920806,38904.87 zł)" computerName="DESKTOP-5URQ9PB" duration="00:00:00.0000063" startTime="2022-06-13T21:11:26.5721868+02:00" endTime="2022-06-13T21:11:26.5722542+02:00" testType="13cdc9d9-ddb5-4fa4-a97d-d965ccfc6d4b" outcome="Passed" testListId="8c84fa94-04c1-424b-9868-57a2d4851a1d" relativeResultsDirectory="679144de-ae10-46da-a36b-e511f0b4789a" />
    <UnitTestResult executionId="054c06c0-7c2b-4c57-812b-f2053867128e" testId="858327fa-37f1-449c-b00d-e7a3e0c7998d" testName="FormatToStringTest1000 (22831.975917587977,22831.98 zł)" computerName="DESKTOP-5URQ9PB" duration="00:00:00.0000063" startTime="2022-06-13T21:11:26.5322156+02:00" endTime="2022-06-13T21:11:26.5322823+02:00" testType="13cdc9d9-ddb5-4fa4-a97d-d965ccfc6d4b" outcome="Passed" testListId="8c84fa94-04c1-424b-9868-57a2d4851a1d" relativeResultsDirectory="054c06c0-7c2b-4c57-812b-f2053867128e" />
    <UnitTestResult executionId="7fc23cf7-df5c-4ea0-a1c0-a4f178b6990f" testId="b415da02-08d4-4d92-930a-3ed5c1022344" testName="FormatToStringTest1000 (17875.613377604455,17875.61 zł)" computerName="DESKTOP-5URQ9PB" duration="00:00:00.0000068" startTime="2022-06-13T21:11:26.4119355+02:00" endTime="2022-06-13T21:11:26.4120126+02:00" testType="13cdc9d9-ddb5-4fa4-a97d-d965ccfc6d4b" outcome="Passed" testListId="8c84fa94-04c1-424b-9868-57a2d4851a1d" relativeResultsDirectory="7fc23cf7-df5c-4ea0-a1c0-a4f178b6990f" />
    <UnitTestResult executionId="ef4d4eb0-43a4-4156-9760-ea0cabfb6e0a" testId="3b3b5914-9b5b-4b73-9bbd-9c13b1a73ef5" testName="FormatToStringTest1000 (643.3550376181281,643.36 zł)" computerName="DESKTOP-5URQ9PB" duration="00:00:00.0000065" startTime="2022-06-13T21:11:26.6129360+02:00" endTime="2022-06-13T21:11:26.6130093+02:00" testType="13cdc9d9-ddb5-4fa4-a97d-d965ccfc6d4b" outcome="Passed" testListId="8c84fa94-04c1-424b-9868-57a2d4851a1d" relativeResultsDirectory="ef4d4eb0-43a4-4156-9760-ea0cabfb6e0a" />
    <UnitTestResult executionId="81b08ccb-d3d3-4de1-946e-136ecf3802ba" testId="69a9e177-3c90-445a-b0ae-73be65347ed7" testName="FormatToStringTest1000 (78822.37212685234,78822.37 zł)" computerName="DESKTOP-5URQ9PB" duration="00:00:00.0000061" startTime="2022-06-13T21:11:26.3645048+02:00" endTime="2022-06-13T21:11:26.3645689+02:00" testType="13cdc9d9-ddb5-4fa4-a97d-d965ccfc6d4b" outcome="Passed" testListId="8c84fa94-04c1-424b-9868-57a2d4851a1d" relativeResultsDirectory="81b08ccb-d3d3-4de1-946e-136ecf3802ba" />
    <UnitTestResult executionId="31cc76c6-5d31-4727-aa39-da8eac580e70" testId="54e01598-39cd-467f-ac67-80c5fe0e3df8" testName="FormatToStringTest1000 (10965.74607995746,10965.75 zł)" computerName="DESKTOP-5URQ9PB" duration="00:00:00.0000063" startTime="2022-06-13T21:11:26.3893256+02:00" endTime="2022-06-13T21:11:26.3894032+02:00" testType="13cdc9d9-ddb5-4fa4-a97d-d965ccfc6d4b" outcome="Passed" testListId="8c84fa94-04c1-424b-9868-57a2d4851a1d" relativeResultsDirectory="31cc76c6-5d31-4727-aa39-da8eac580e70" />
    <UnitTestResult executionId="fe2ee52b-7560-4a67-83d2-48a00a9159bc" testId="0d2499d2-0b2d-4201-a3af-67e6c40d7e7c" testName="FormatToStringTest1000 (61633.2671179945,61633.27 zł)" computerName="DESKTOP-5URQ9PB" duration="00:00:00.0000065" startTime="2022-06-13T21:11:26.4967154+02:00" endTime="2022-06-13T21:11:26.4967808+02:00" testType="13cdc9d9-ddb5-4fa4-a97d-d965ccfc6d4b" outcome="Passed" testListId="8c84fa94-04c1-424b-9868-57a2d4851a1d" relativeResultsDirectory="fe2ee52b-7560-4a67-83d2-48a00a9159bc" />
    <UnitTestResult executionId="7e8b07fb-c5e5-4586-810e-3d9805ace737" testId="0e535875-e443-4b11-a54f-cbd26d2b6a30" testName="FormatToStringTest1000 (34458.5406463512,34458.54 zł)" computerName="DESKTOP-5URQ9PB" duration="00:00:00.0000070" startTime="2022-06-13T21:11:26.5718115+02:00" endTime="2022-06-13T21:11:26.5718840+02:00" testType="13cdc9d9-ddb5-4fa4-a97d-d965ccfc6d4b" outcome="Passed" testListId="8c84fa94-04c1-424b-9868-57a2d4851a1d" relativeResultsDirectory="7e8b07fb-c5e5-4586-810e-3d9805ace737" />
    <UnitTestResult executionId="15da9732-8e7a-4e2a-acca-bbc8d9e515bb" testId="832cce9f-1cae-4ee6-9933-2210f1881cdc" testName="FormatToStringTest1000 (15190.097283723344,15190.10 zł)" computerName="DESKTOP-5URQ9PB" duration="00:00:00.0000072" startTime="2022-06-13T21:11:26.6631011+02:00" endTime="2022-06-13T21:11:26.6631668+02:00" testType="13cdc9d9-ddb5-4fa4-a97d-d965ccfc6d4b" outcome="Passed" testListId="8c84fa94-04c1-424b-9868-57a2d4851a1d" relativeResultsDirectory="15da9732-8e7a-4e2a-acca-bbc8d9e515bb" />
    <UnitTestResult executionId="02b54643-7e2e-4c9d-8c7c-a2ba45b3d6c8" testId="0e46340f-e406-4d8e-9aa7-aad2b5684cb9" testName="FormatToStringTest1000 (79388.929555234,79388.93 zł)" computerName="DESKTOP-5URQ9PB" duration="00:00:00.0000063" startTime="2022-06-13T21:11:26.6513938+02:00" endTime="2022-06-13T21:11:26.6514562+02:00" testType="13cdc9d9-ddb5-4fa4-a97d-d965ccfc6d4b" outcome="Passed" testListId="8c84fa94-04c1-424b-9868-57a2d4851a1d" relativeResultsDirectory="02b54643-7e2e-4c9d-8c7c-a2ba45b3d6c8" />
    <UnitTestResult executionId="8469e382-fc32-4198-b087-0115b189f4a0" testId="04d3eeb9-ba99-47c2-9aae-d9f6b7086d9b" testName="FormatToStringTest1000 (19352.183340702755,19352.18 zł)" computerName="DESKTOP-5URQ9PB" duration="00:00:00.0000061" startTime="2022-06-13T21:11:26.3984989+02:00" endTime="2022-06-13T21:11:26.3985640+02:00" testType="13cdc9d9-ddb5-4fa4-a97d-d965ccfc6d4b" outcome="Passed" testListId="8c84fa94-04c1-424b-9868-57a2d4851a1d" relativeResultsDirectory="8469e382-fc32-4198-b087-0115b189f4a0" />
    <UnitTestResult executionId="495843a3-dc70-4e86-a8f6-8934375dbd42" testId="3530e724-528f-4821-a403-6b253734c2d4" testName="FormatToStringTest1000 (1313.0279238368514,1313.03 zł)" computerName="DESKTOP-5URQ9PB" duration="00:00:00.0000062" startTime="2022-06-13T21:11:26.6230001+02:00" endTime="2022-06-13T21:11:26.6230642+02:00" testType="13cdc9d9-ddb5-4fa4-a97d-d965ccfc6d4b" outcome="Passed" testListId="8c84fa94-04c1-424b-9868-57a2d4851a1d" relativeResultsDirectory="495843a3-dc70-4e86-a8f6-8934375dbd42" />
    <UnitTestResult executionId="f8e663dd-5e3c-44d5-9e92-da075e5babf8" testId="bf61cb85-2893-4892-ba8f-32355ac3447c" testName="FormatToStringTest1000 (635.3263313632116,635.33 zł)" computerName="DESKTOP-5URQ9PB" duration="00:00:00.0000092" startTime="2022-06-13T21:11:26.6970429+02:00" endTime="2022-06-13T21:11:26.6971519+02:00" testType="13cdc9d9-ddb5-4fa4-a97d-d965ccfc6d4b" outcome="Passed" testListId="8c84fa94-04c1-424b-9868-57a2d4851a1d" relativeResultsDirectory="f8e663dd-5e3c-44d5-9e92-da075e5babf8" />
    <UnitTestResult executionId="5a502c8a-4d4d-4596-a67e-b8c4984fb3cb" testId="bb38df79-3fef-4a2b-975e-d4fa79b7a18a" testName="FormatToStringTest1000 (61422.228144277455,61422.23 zł)" computerName="DESKTOP-5URQ9PB" duration="00:00:00.0000061" startTime="2022-06-13T21:11:26.6031749+02:00" endTime="2022-06-13T21:11:26.6032400+02:00" testType="13cdc9d9-ddb5-4fa4-a97d-d965ccfc6d4b" outcome="Passed" testListId="8c84fa94-04c1-424b-9868-57a2d4851a1d" relativeResultsDirectory="5a502c8a-4d4d-4596-a67e-b8c4984fb3cb" />
    <UnitTestResult executionId="e3185bc6-45da-4611-a798-c855d04f7180" testId="b8a43c8c-4da8-46ca-a640-de575237434c" testName="FormatToStringTest1000 (4539.210371735137,4539.21 zł)" computerName="DESKTOP-5URQ9PB" duration="00:00:00.0000062" startTime="2022-06-13T21:11:26.6572688+02:00" endTime="2022-06-13T21:11:26.6573334+02:00" testType="13cdc9d9-ddb5-4fa4-a97d-d965ccfc6d4b" outcome="Passed" testListId="8c84fa94-04c1-424b-9868-57a2d4851a1d" relativeResultsDirectory="e3185bc6-45da-4611-a798-c855d04f7180" />
    <UnitTestResult executionId="d2b393c5-df46-4533-a507-485bde475160" testId="91abcd78-ef7f-4d63-a9dd-e2961addb820" testName="FormatToStringTest1000 (25908.345463821825,25908.35 zł)" computerName="DESKTOP-5URQ9PB" duration="00:00:00.0000062" startTime="2022-06-13T21:11:26.6035879+02:00" endTime="2022-06-13T21:11:26.6036525+02:00" testType="13cdc9d9-ddb5-4fa4-a97d-d965ccfc6d4b" outcome="Passed" testListId="8c84fa94-04c1-424b-9868-57a2d4851a1d" relativeResultsDirectory="d2b393c5-df46-4533-a507-485bde475160" />
    <UnitTestResult executionId="5dabda07-24e4-4e37-a301-e2feefbdb996" testId="052cad10-918c-4b34-a58c-a3fa2e5f7e10" testName="FormatToStringTest1000 (75214.75000876503,75214.75 zł)" computerName="DESKTOP-5URQ9PB" duration="00:00:00.0000070" startTime="2022-06-13T21:11:26.4966141+02:00" endTime="2022-06-13T21:11:26.4966952+02:00" testType="13cdc9d9-ddb5-4fa4-a97d-d965ccfc6d4b" outcome="Passed" testListId="8c84fa94-04c1-424b-9868-57a2d4851a1d" relativeResultsDirectory="5dabda07-24e4-4e37-a301-e2feefbdb996" />
    <UnitTestResult executionId="e9b35283-4fb0-4533-b043-67af5ce25a06" testId="a52b9116-8e1b-4ed0-be6e-3fff04c136c0" testName="FormatToStringTest1000 (9431.144757136304,9431.14 zł)" computerName="DESKTOP-5URQ9PB" duration="00:00:00.0000059" startTime="2022-06-13T21:11:26.3927077+02:00" endTime="2022-06-13T21:11:26.3927718+02:00" testType="13cdc9d9-ddb5-4fa4-a97d-d965ccfc6d4b" outcome="Passed" testListId="8c84fa94-04c1-424b-9868-57a2d4851a1d" relativeResultsDirectory="e9b35283-4fb0-4533-b043-67af5ce25a06" />
    <UnitTestResult executionId="21d49fcd-cd80-4fae-87f8-46b43f81ecc7" testId="a9002b6f-2186-4d24-ac98-f2a12a2d4b3a" testName="FormatToStringTest1000 (25116.590135570892,25116.59 zł)" computerName="DESKTOP-5URQ9PB" duration="00:00:00.0000062" startTime="2022-06-13T21:11:26.4677456+02:00" endTime="2022-06-13T21:11:26.4678128+02:00" testType="13cdc9d9-ddb5-4fa4-a97d-d965ccfc6d4b" outcome="Passed" testListId="8c84fa94-04c1-424b-9868-57a2d4851a1d" relativeResultsDirectory="21d49fcd-cd80-4fae-87f8-46b43f81ecc7" />
    <UnitTestResult executionId="10a26f73-ef2c-459c-b230-426c8aed7086" testId="7bb22bb6-b7c2-4de6-88b3-d4979c734546" testName="FormatToStringTest1000 (1687.5965557361937,1687.60 zł)" computerName="DESKTOP-5URQ9PB" duration="00:00:00.0000072" startTime="2022-06-13T21:11:26.5184699+02:00" endTime="2022-06-13T21:11:26.5185512+02:00" testType="13cdc9d9-ddb5-4fa4-a97d-d965ccfc6d4b" outcome="Passed" testListId="8c84fa94-04c1-424b-9868-57a2d4851a1d" relativeResultsDirectory="10a26f73-ef2c-459c-b230-426c8aed7086" />
    <UnitTestResult executionId="ee996ace-34cf-4e64-973a-62563dce1063" testId="4f74342a-66dc-4436-ac6c-03c009895d1d" testName="FormatToStringTest1000 (6946.333318357977,6946.33 zł)" computerName="DESKTOP-5URQ9PB" duration="00:00:00.0000062" startTime="2022-06-13T21:11:26.4641823+02:00" endTime="2022-06-13T21:11:26.4642490+02:00" testType="13cdc9d9-ddb5-4fa4-a97d-d965ccfc6d4b" outcome="Passed" testListId="8c84fa94-04c1-424b-9868-57a2d4851a1d" relativeResultsDirectory="ee996ace-34cf-4e64-973a-62563dce1063" />
    <UnitTestResult executionId="cf472f3e-feed-4bd5-a7f2-3cd538c16df2" testId="a02929f2-9ebd-496d-88a9-e9d2e2d69083" testName="FormatToStringTest1000 (31300.40752580967,31300.41 zł)" computerName="DESKTOP-5URQ9PB" duration="00:00:00.0000062" startTime="2022-06-13T21:11:26.3670406+02:00" endTime="2022-06-13T21:11:26.3671117+02:00" testType="13cdc9d9-ddb5-4fa4-a97d-d965ccfc6d4b" outcome="Passed" testListId="8c84fa94-04c1-424b-9868-57a2d4851a1d" relativeResultsDirectory="cf472f3e-feed-4bd5-a7f2-3cd538c16df2" />
    <UnitTestResult executionId="dc464485-ad9a-4efb-bacf-2c15ac7d80ac" testId="2409ad5a-4b4e-49ca-8b75-750a56884ff1" testName="FormatToStringTest1000 (7348.947429818543,7348.95 zł)" computerName="DESKTOP-5URQ9PB" duration="00:00:00.0000064" startTime="2022-06-13T21:11:26.4381814+02:00" endTime="2022-06-13T21:11:26.4382562+02:00" testType="13cdc9d9-ddb5-4fa4-a97d-d965ccfc6d4b" outcome="Passed" testListId="8c84fa94-04c1-424b-9868-57a2d4851a1d" relativeResultsDirectory="dc464485-ad9a-4efb-bacf-2c15ac7d80ac" />
  </Results>
  <TestDefinitions>
    <UnitTest name="FormatToStringTest1000 (5957.42161879941,5957.42 zł)" storage="c:\projekty\mstestproject\bin\debug\netcoreapp3.1\mstestproject.dll" id="caab71ac-90fc-4cdf-aae8-a34a17b0a63a">
      <TestCategory>
        <TestCategoryItem TestCategory="Category1000" />
      </TestCategory>
      <Execution id="48b8531c-228b-4612-a170-df74f878ffea" />
      <TestMethod codeBase="C:\Projekty\MSTestProject\bin\Debug\netcoreapp3.1\MSTestProject.dll" adapterTypeName="executor://mstestadapter/v2" className="TwojeWesele.Services.Helpers.Tests.CurrencyHelperTests" name="FormatToStringTest1000" />
    </UnitTest>
    <UnitTest name="FormatToStringTest1000 (31315.40354898544,31315.40 zł)" storage="c:\projekty\mstestproject\bin\debug\netcoreapp3.1\mstestproject.dll" id="78ffc975-d4ef-4c17-80bc-94feb2f6789c">
      <TestCategory>
        <TestCategoryItem TestCategory="Category1000" />
      </TestCategory>
      <Execution id="4d9a2fa4-5fdd-4669-8dff-6dda67eef685" />
      <TestMethod codeBase="C:\Projekty\MSTestProject\bin\Debug\netcoreapp3.1\MSTestProject.dll" adapterTypeName="executor://mstestadapter/v2" className="TwojeWesele.Services.Helpers.Tests.CurrencyHelperTests" name="FormatToStringTest1000" />
    </UnitTest>
    <UnitTest name="FormatToStringTest1000 (9503.466049463705,9503.47 zł)" storage="c:\projekty\mstestproject\bin\debug\netcoreapp3.1\mstestproject.dll" id="3fc83493-9f03-44e9-ba71-4f4445aa50d3">
      <TestCategory>
        <TestCategoryItem TestCategory="Category1000" />
      </TestCategory>
      <Execution id="61a623de-e061-492a-b5b7-f9a22a63a6c4" />
      <TestMethod codeBase="C:\Projekty\MSTestProject\bin\Debug\netcoreapp3.1\MSTestProject.dll" adapterTypeName="executor://mstestadapter/v2" className="TwojeWesele.Services.Helpers.Tests.CurrencyHelperTests" name="FormatToStringTest1000" />
    </UnitTest>
    <UnitTest name="FormatToStringTest1000 (20454.142628653506,20454.14 zł)" storage="c:\projekty\mstestproject\bin\debug\netcoreapp3.1\mstestproject.dll" id="c8732bd4-9cb3-41e6-ae72-7243d46266ab">
      <TestCategory>
        <TestCategoryItem TestCategory="Category1000" />
      </TestCategory>
      <Execution id="279fefc7-f56d-417d-9b09-7822d86a9135" />
      <TestMethod codeBase="C:\Projekty\MSTestProject\bin\Debug\netcoreapp3.1\MSTestProject.dll" adapterTypeName="executor://mstestadapter/v2" className="TwojeWesele.Services.Helpers.Tests.CurrencyHelperTests" name="FormatToStringTest1000" />
    </UnitTest>
    <UnitTest name="FormatToStringTest1000 (5287.3103648714305,5287.31 zł)" storage="c:\projekty\mstestproject\bin\debug\netcoreapp3.1\mstestproject.dll" id="cb84873a-aa13-4ddf-b3c0-75eab1b89ba6">
      <TestCategory>
        <TestCategoryItem TestCategory="Category1000" />
      </TestCategory>
      <Execution id="6c158610-3ece-4f3f-893f-172dacbab605" />
      <TestMethod codeBase="C:\Projekty\MSTestProject\bin\Debug\netcoreapp3.1\MSTestProject.dll" adapterTypeName="executor://mstestadapter/v2" className="TwojeWesele.Services.Helpers.Tests.CurrencyHelperTests" name="FormatToStringTest1000" />
    </UnitTest>
    <UnitTest name="FormatToStringTest1000 (66019.32414194118,66019.32 zł)" storage="c:\projekty\mstestproject\bin\debug\netcoreapp3.1\mstestproject.dll" id="48eb4954-3934-4a1e-a0d2-3d2ad3234807">
      <TestCategory>
        <TestCategoryItem TestCategory="Category1000" />
      </TestCategory>
      <Execution id="f2923d31-667b-4fc8-8761-846f46148316" />
      <TestMethod codeBase="C:\Projekty\MSTestProject\bin\Debug\netcoreapp3.1\MSTestProject.dll" adapterTypeName="executor://mstestadapter/v2" className="TwojeWesele.Services.Helpers.Tests.CurrencyHelperTests" name="FormatToStringTest1000" />
    </UnitTest>
    <UnitTest name="FormatToStringTest1000 (23662.291816162084,23662.29 zł)" storage="c:\projekty\mstestproject\bin\debug\netcoreapp3.1\mstestproject.dll" id="6b8bfa36-d2b4-405c-b489-454a4a15046f">
      <TestCategory>
        <TestCategoryItem TestCategory="Category1000" />
      </TestCategory>
      <Execution id="1586d0db-82bf-4bb1-9c5b-af1af910c4b4" />
      <TestMethod codeBase="C:\Projekty\MSTestProject\bin\Debug\netcoreapp3.1\MSTestProject.dll" adapterTypeName="executor://mstestadapter/v2" className="TwojeWesele.Services.Helpers.Tests.CurrencyHelperTests" name="FormatToStringTest1000" />
    </UnitTest>
    <UnitTest name="FormatToStringTest1000 (15907.394871033446,15907.39 zł)" storage="c:\projekty\mstestproject\bin\debug\netcoreapp3.1\mstestproject.dll" id="2fa516d7-c494-4f02-9498-e814470edbdd">
      <TestCategory>
        <TestCategoryItem TestCategory="Category1000" />
      </TestCategory>
      <Execution id="228470a3-c37b-47ae-b21e-cbc0da8f9643" />
      <TestMethod codeBase="C:\Projekty\MSTestProject\bin\Debug\netcoreapp3.1\MSTestProject.dll" adapterTypeName="executor://mstestadapter/v2" className="TwojeWesele.Services.Helpers.Tests.CurrencyHelperTests" name="FormatToStringTest1000" />
    </UnitTest>
    <UnitTest name="FormatToStringTest1000 (5254.6338787505565,5254.63 zł)" storage="c:\projekty\mstestproject\bin\debug\netcoreapp3.1\mstestproject.dll" id="584638c3-acfd-47f5-96cb-2a2d4b7ba238">
      <TestCategory>
        <TestCategoryItem TestCategory="Category1000" />
      </TestCategory>
      <Execution id="f7ba316d-96af-4257-bd71-f17817de45d9" />
      <TestMethod codeBase="C:\Projekty\MSTestProject\bin\Debug\netcoreapp3.1\MSTestProject.dll" adapterTypeName="executor://mstestadapter/v2" className="TwojeWesele.Services.Helpers.Tests.CurrencyHelperTests" name="FormatToStringTest1000" />
    </UnitTest>
    <UnitTest name="FormatToStringTest1000 (68479.93492677805,68479.93 zł)" storage="c:\projekty\mstestproject\bin\debug\netcoreapp3.1\mstestproject.dll" id="561762c3-adf8-4895-9c54-1054ac1e0c36">
      <TestCategory>
        <TestCategoryItem TestCategory="Category1000" />
      </TestCategory>
      <Execution id="9e7c8487-38fe-460a-b9c8-a5aaf553629b" />
      <TestMethod codeBase="C:\Projekty\MSTestProject\bin\Debug\netcoreapp3.1\MSTestProject.dll" adapterTypeName="executor://mstestadapter/v2" className="TwojeWesele.Services.Helpers.Tests.CurrencyHelperTests" name="FormatToStringTest1000" />
    </UnitTest>
    <UnitTest name="FormatToStringTest1000 (54088.326214851964,54088.33 zł)" storage="c:\projekty\mstestproject\bin\debug\netcoreapp3.1\mstestproject.dll" id="40a88dbb-a665-4067-b4d4-dc4456682974">
      <TestCategory>
        <TestCategoryItem TestCategory="Category1000" />
      </TestCategory>
      <Execution id="b8b80d52-4d67-495e-b246-cf33053680f6" />
      <TestMethod codeBase="C:\Projekty\MSTestProject\bin\Debug\netcoreapp3.1\MSTestProject.dll" adapterTypeName="executor://mstestadapter/v2" className="TwojeWesele.Services.Helpers.Tests.CurrencyHelperTests" name="FormatToStringTest1000" />
    </UnitTest>
    <UnitTest name="FormatToStringTest1000 (16030.852371789913,16030.85 zł)" storage="c:\projekty\mstestproject\bin\debug\netcoreapp3.1\mstestproject.dll" id="b7455842-daaa-4d83-a972-b236f9d6c119">
      <TestCategory>
        <TestCategoryItem TestCategory="Category1000" />
      </TestCategory>
      <Execution id="f9534c3b-70d4-4e6c-99ae-8273c00eb90d" />
      <TestMethod codeBase="C:\Projekty\MSTestProject\bin\Debug\netcoreapp3.1\MSTestProject.dll" adapterTypeName="executor://mstestadapter/v2" className="TwojeWesele.Services.Helpers.Tests.CurrencyHelperTests" name="FormatToStringTest1000" />
    </UnitTest>
    <UnitTest name="FormatToStringTest1000 (81326.3340147521,81326.33 zł)" storage="c:\projekty\mstestproject\bin\debug\netcoreapp3.1\mstestproject.dll" id="e6f88792-660f-4583-ada8-5366dad446a9">
      <TestCategory>
        <TestCategoryItem TestCategory="Category1000" />
      </TestCategory>
      <Execution id="510a09c0-9762-49c6-a048-ad316a8ab498" />
      <TestMethod codeBase="C:\Projekty\MSTestProject\bin\Debug\netcoreapp3.1\MSTestProject.dll" adapterTypeName="executor://mstestadapter/v2" className="TwojeWesele.Services.Helpers.Tests.CurrencyHelperTests" name="FormatToStringTest1000" />
    </UnitTest>
    <UnitTest name="FormatToStringTest1000 (28033.439084134738,28033.44 zł)" storage="c:\projekty\mstestproject\bin\debug\netcoreapp3.1\mstestproject.dll" id="2184a6f0-5889-4b5e-946d-5a587f8d0432">
      <TestCategory>
        <TestCategoryItem TestCategory="Category1000" />
      </TestCategory>
      <Execution id="c1cea6be-39f9-4a34-91ef-d07441b88fdb" />
      <TestMethod codeBase="C:\Projekty\MSTestProject\bin\Debug\netcoreapp3.1\MSTestProject.dll" adapterTypeName="executor://mstestadapter/v2" className="TwojeWesele.Services.Helpers.Tests.CurrencyHelperTests" name="FormatToStringTest1000" />
    </UnitTest>
    <UnitTest name="FormatToStringTest1000 (26133.133789601336,26133.13 zł)" storage="c:\projekty\mstestproject\bin\debug\netcoreapp3.1\mstestproject.dll" id="9ad82150-046c-446d-96ae-414ef61a6826">
      <TestCategory>
        <TestCategoryItem TestCategory="Category1000" />
      </TestCategory>
      <Execution id="5b61a245-ff49-49dd-a4fe-90a178542b6d" />
      <TestMethod codeBase="C:\Projekty\MSTestProject\bin\Debug\netcoreapp3.1\MSTestProject.dll" adapterTypeName="executor://mstestadapter/v2" className="TwojeWesele.Services.Helpers.Tests.CurrencyHelperTests" name="FormatToStringTest1000" />
    </UnitTest>
    <UnitTest name="FormatToStringTest1000 (19208.676036795914,19208.68 zł)" storage="c:\projekty\mstestproject\bin\debug\netcoreapp3.1\mstestproject.dll" id="88b611fa-8f4a-4264-92b4-df0ead1a4c96">
      <TestCategory>
        <TestCategoryItem TestCategory="Category1000" />
      </TestCategory>
      <Execution id="d4f72e34-fd19-4328-a55f-4b868047ea22" />
      <TestMethod codeBase="C:\Projekty\MSTestProject\bin\Debug\netcoreapp3.1\MSTestProject.dll" adapterTypeName="executor://mstestadapter/v2" className="TwojeWesele.Services.Helpers.Tests.CurrencyHelperTests" name="FormatToStringTest1000" />
    </UnitTest>
    <UnitTest name="FormatToStringTest1000 (1325.1625259114255,1325.16 zł)" storage="c:\projekty\mstestproject\bin\debug\netcoreapp3.1\mstestproject.dll" id="28648c2c-3d53-40c5-8087-c7a57647836b">
      <TestCategory>
        <TestCategoryItem TestCategory="Category1000" />
      </TestCategory>
      <Execution id="7b34893d-755e-40e6-b7be-735c70b5f6c0" />
      <TestMethod codeBase="C:\Projekty\MSTestProject\bin\Debug\netcoreapp3.1\MSTestProject.dll" adapterTypeName="executor://mstestadapter/v2" className="TwojeWesele.Services.Helpers.Tests.CurrencyHelperTests" name="FormatToStringTest1000" />
    </UnitTest>
    <UnitTest name="FormatToStringTest1000 (750.5106571719566,750.51 zł)" storage="c:\projekty\mstestproject\bin\debug\netcoreapp3.1\mstestproject.dll" id="8f097562-7b86-4b44-b799-023e42afc0dd">
      <TestCategory>
        <TestCategoryItem TestCategory="Category1000" />
      </TestCategory>
      <Execution id="619e8d85-af6c-4e6e-ad64-2e4cb3ce167d" />
      <TestMethod codeBase="C:\Projekty\MSTestProject\bin\Debug\netcoreapp3.1\MSTestProject.dll" adapterTypeName="executor://mstestadapter/v2" className="TwojeWesele.Services.Helpers.Tests.CurrencyHelperTests" name="FormatToStringTest1000" />
    </UnitTest>
    <UnitTest name="FormatToStringTest1000 (7890.044272348771,7890.04 zł)" storage="c:\projekty\mstestproject\bin\debug\netcoreapp3.1\mstestproject.dll" id="b5834624-a030-4bcd-a06b-8803fd23f35c">
      <TestCategory>
        <TestCategoryItem TestCategory="Category1000" />
      </TestCategory>
      <Execution id="3d2e3097-8630-4b38-b5c1-cf3429793150" />
      <TestMethod codeBase="C:\Projekty\MSTestProject\bin\Debug\netcoreapp3.1\MSTestProject.dll" adapterTypeName="executor://mstestadapter/v2" className="TwojeWesele.Services.Helpers.Tests.CurrencyHelperTests" name="FormatToStringTest1000" />
    </UnitTest>
    <UnitTest name="FormatToStringTest1000 (10066.059180456241,10066.06 zł)" storage="c:\projekty\mstestproject\bin\debug\netcoreapp3.1\mstestproject.dll" id="b1ac7595-5011-4334-805d-70d7a442ecd4">
      <TestCategory>
        <TestCategoryItem TestCategory="Category1000" />
      </TestCategory>
      <Execution id="f6b4fb74-887c-48c2-8e1b-c45cbae12e5c" />
      <TestMethod codeBase="C:\Projekty\MSTestProject\bin\Debug\netcoreapp3.1\MSTestProject.dll" adapterTypeName="executor://mstestadapter/v2" className="TwojeWesele.Services.Helpers.Tests.CurrencyHelperTests" name="FormatToStringTest1000" />
    </UnitTest>
    <UnitTest name="FormatToStringTest1000 (59283.48311990662,59283.48 zł)" storage="c:\projekty\mstestproject\bin\debug\netcoreapp3.1\mstestproject.dll" id="0015ef69-7065-4e04-9b5c-6a69d6706732">
      <TestCategory>
        <TestCategoryItem TestCategory="Category1000" />
      </TestCategory>
      <Execution id="c81773c0-f6aa-4be2-b747-165403555184" />
      <TestMethod codeBase="C:\Projekty\MSTestProject\bin\Debug\netcoreapp3.1\MSTestProject.dll" adapterTypeName="executor://mstestadapter/v2" className="TwojeWesele.Services.Helpers.Tests.CurrencyHelperTests" name="FormatToStringTest1000" />
    </UnitTest>
    <UnitTest name="FormatToStringTest1000 (46590.9609819562,46590.96 zł)" storage="c:\projekty\mstestproject\bin\debug\netcoreapp3.1\mstestproject.dll" id="e2f7281b-559e-44c3-aa32-4fac1379de5e">
      <TestCategory>
        <TestCategoryItem TestCategory="Category1000" />
      </TestCategory>
      <Execution id="d9b77ef9-610d-491c-997b-1560fbbc5f0d" />
      <TestMethod codeBase="C:\Projekty\MSTestProject\bin\Debug\netcoreapp3.1\MSTestProject.dll" adapterTypeName="executor://mstestadapter/v2" className="TwojeWesele.Services.Helpers.Tests.CurrencyHelperTests" name="FormatToStringTest1000" />
    </UnitTest>
    <UnitTest name="FormatToStringTest1000 (12949.590713378317,12949.59 zł)" storage="c:\projekty\mstestproject\bin\debug\netcoreapp3.1\mstestproject.dll" id="4c1c3e29-b14e-4dab-a8d6-de06593a4c19">
      <TestCategory>
        <TestCategoryItem TestCategory="Category1000" />
      </TestCategory>
      <Execution id="ff243dc6-d8c0-48e1-85e3-1e10353d77d9" />
      <TestMethod codeBase="C:\Projekty\MSTestProject\bin\Debug\netcoreapp3.1\MSTestProject.dll" adapterTypeName="executor://mstestadapter/v2" className="TwojeWesele.Services.Helpers.Tests.CurrencyHelperTests" name="FormatToStringTest1000" />
    </UnitTest>
    <UnitTest name="FormatToStringTest1000 (13568.230982493717,13568.23 zł)" storage="c:\projekty\mstestproject\bin\debug\netcoreapp3.1\mstestproject.dll" id="273148fc-2a6c-4467-b9ea-5b7c1c6a5624">
      <TestCategory>
        <TestCategoryItem TestCategory="Category1000" />
      </TestCategory>
      <Execution id="a116c86e-6c8a-4a05-9e41-170c8ff4a669" />
      <TestMethod codeBase="C:\Projekty\MSTestProject\bin\Debug\netcoreapp3.1\MSTestProject.dll" adapterTypeName="executor://mstestadapter/v2" className="TwojeWesele.Services.Helpers.Tests.CurrencyHelperTests" name="FormatToStringTest1000" />
    </UnitTest>
    <UnitTest name="FormatToStringTest1000 (12379.347974640013,12379.35 zł)" storage="c:\projekty\mstestproject\bin\debug\netcoreapp3.1\mstestproject.dll" id="786691f1-ebe7-4d5c-8901-477604122fe1">
      <TestCategory>
        <TestCategoryItem TestCategory="Category1000" />
      </TestCategory>
      <Execution id="b297307f-08a5-4942-b664-61fba3094dc1" />
      <TestMethod codeBase="C:\Projekty\MSTestProject\bin\Debug\netcoreapp3.1\MSTestProject.dll" adapterTypeName="executor://mstestadapter/v2" className="TwojeWesele.Services.Helpers.Tests.CurrencyHelperTests" name="FormatToStringTest1000" />
    </UnitTest>
    <UnitTest name="FormatToStringTest1000 (1568.615240217473,1568.62 zł)" storage="c:\projekty\mstestproject\bin\debug\netcoreapp3.1\mstestproject.dll" id="a2227f01-ec87-49af-8bde-aca65ed1c5fa">
      <TestCategory>
        <TestCategoryItem TestCategory="Category1000" />
      </TestCategory>
      <Execution id="22b84401-8f5d-4c2f-89f7-344a08f188aa" />
      <TestMethod codeBase="C:\Projekty\MSTestProject\bin\Debug\netcoreapp3.1\MSTestProject.dll" adapterTypeName="executor://mstestadapter/v2" className="TwojeWesele.Services.Helpers.Tests.CurrencyHelperTests" name="FormatToStringTest1000" />
    </UnitTest>
    <UnitTest name="FormatToStringTest1000 (27852.532163303127,27852.53 zł)" storage="c:\projekty\mstestproject\bin\debug\netcoreapp3.1\mstestproject.dll" id="f550d5d1-84b2-4c3b-b3c6-3906e606623d">
      <TestCategory>
        <TestCategoryItem TestCategory="Category1000" />
      </TestCategory>
      <Execution id="21b2b676-1bea-4800-aa87-71abe7a787f8" />
      <TestMethod codeBase="C:\Projekty\MSTestProject\bin\Debug\netcoreapp3.1\MSTestProject.dll" adapterTypeName="executor://mstestadapter/v2" className="TwojeWesele.Services.Helpers.Tests.CurrencyHelperTests" name="FormatToStringTest1000" />
    </UnitTest>
    <UnitTest name="FormatToStringTest1000 (34060.48467268724,34060.48 zł)" storage="c:\projekty\mstestproject\bin\debug\netcoreapp3.1\mstestproject.dll" id="0b257583-fbdb-4eef-ac50-8a41a10a00ae">
      <TestCategory>
        <TestCategoryItem TestCategory="Category1000" />
      </TestCategory>
      <Execution id="5e66d436-55f5-402f-b0da-979c8dca79cc" />
      <TestMethod codeBase="C:\Projekty\MSTestProject\bin\Debug\netcoreapp3.1\MSTestProject.dll" adapterTypeName="executor://mstestadapter/v2" className="TwojeWesele.Services.Helpers.Tests.CurrencyHelperTests" name="FormatToStringTest1000" />
    </UnitTest>
    <UnitTest name="FormatToStringTest1000 (591.2110872302256,591.21 zł)" storage="c:\projekty\mstestproject\bin\debug\netcoreapp3.1\mstestproject.dll" id="50674dad-419a-4832-ac49-72df8c4384d5">
      <TestCategory>
        <TestCategoryItem TestCategory="Category1000" />
      </TestCategory>
      <Execution id="4fb1073b-5bd1-4003-ae2c-aee0a674f376" />
      <TestMethod codeBase="C:\Projekty\MSTestProject\bin\Debug\netcoreapp3.1\MSTestProject.dll" adapterTypeName="executor://mstestadapter/v2" className="TwojeWesele.Services.Helpers.Tests.CurrencyHelperTests" name="FormatToStringTest1000" />
    </UnitTest>
    <UnitTest name="FormatToStringTest1000 (726.8087564975995,726.81 zł)" storage="c:\projekty\mstestproject\bin\debug\netcoreapp3.1\mstestproject.dll" id="47377d52-d067-4f6a-b06d-4b5308930e12">
      <TestCategory>
        <TestCategoryItem TestCategory="Category1000" />
      </TestCategory>
      <Execution id="d6f25ee5-f828-4374-9e38-f2717ef491f9" />
      <TestMethod codeBase="C:\Projekty\MSTestProject\bin\Debug\netcoreapp3.1\MSTestProject.dll" adapterTypeName="executor://mstestadapter/v2" className="TwojeWesele.Services.Helpers.Tests.CurrencyHelperTests" name="FormatToStringTest1000" />
    </UnitTest>
    <UnitTest name="FormatToStringTest1000 (78822.37212685234,78822.37 zł)" storage="c:\projekty\mstestproject\bin\debug\netcoreapp3.1\mstestproject.dll" id="69a9e177-3c90-445a-b0ae-73be65347ed7">
      <TestCategory>
        <TestCategoryItem TestCategory="Category1000" />
      </TestCategory>
      <Execution id="81b08ccb-d3d3-4de1-946e-136ecf3802ba" />
      <TestMethod codeBase="C:\Projekty\MSTestProject\bin\Debug\netcoreapp3.1\MSTestProject.dll" adapterTypeName="executor://mstestadapter/v2" className="TwojeWesele.Services.Helpers.Tests.CurrencyHelperTests" name="FormatToStringTest1000" />
    </UnitTest>
    <UnitTest name="FormatToStringTest1000 (29917.15005391145,29917.15 zł)" storage="c:\projekty\mstestproject\bin\debug\netcoreapp3.1\mstestproject.dll" id="4ae809e4-d6b8-45eb-b4ee-fc4cb77fc22d">
      <TestCategory>
        <TestCategoryItem TestCategory="Category1000" />
      </TestCategory>
      <Execution id="01cb5ada-4762-40b1-93e4-dac1458b8778" />
      <TestMethod codeBase="C:\Projekty\MSTestProject\bin\Debug\netcoreapp3.1\MSTestProject.dll" adapterTypeName="executor://mstestadapter/v2" className="TwojeWesele.Services.Helpers.Tests.CurrencyHelperTests" name="FormatToStringTest1000" />
    </UnitTest>
    <UnitTest name="FormatToStringTest1000 (29845.02749849345,29845.03 zł)" storage="c:\projekty\mstestproject\bin\debug\netcoreapp3.1\mstestproject.dll" id="3389e320-5909-465b-84fa-d8fb75c2283d">
      <TestCategory>
        <TestCategoryItem TestCategory="Category1000" />
      </TestCategory>
      <Execution id="8bf83f56-d3bd-4ce3-9a3e-0ee5e4d65a22" />
      <TestMethod codeBase="C:\Projekty\MSTestProject\bin\Debug\netcoreapp3.1\MSTestProject.dll" adapterTypeName="executor://mstestadapter/v2" className="TwojeWesele.Services.Helpers.Tests.CurrencyHelperTests" name="FormatToStringTest1000" />
    </UnitTest>
    <UnitTest name="FormatToStringTest1000 (6946.333318357977,6946.33 zł)" storage="c:\projekty\mstestproject\bin\debug\netcoreapp3.1\mstestproject.dll" id="4f74342a-66dc-4436-ac6c-03c009895d1d">
      <TestCategory>
        <TestCategoryItem TestCategory="Category1000" />
      </TestCategory>
      <Execution id="ee996ace-34cf-4e64-973a-62563dce1063" />
      <TestMethod codeBase="C:\Projekty\MSTestProject\bin\Debug\netcoreapp3.1\MSTestProject.dll" adapterTypeName="executor://mstestadapter/v2" className="TwojeWesele.Services.Helpers.Tests.CurrencyHelperTests" name="FormatToStringTest1000" />
    </UnitTest>
    <UnitTest name="FormatToStringTest1000 (48084.94422955389,48084.94 zł)" storage="c:\projekty\mstestproject\bin\debug\netcoreapp3.1\mstestproject.dll" id="fbdc1e78-b8ea-4420-830d-31ae6105c0f3">
      <TestCategory>
        <TestCategoryItem TestCategory="Category1000" />
      </TestCategory>
      <Execution id="4d01700d-32f0-4c3d-b1e3-c02931d47fba" />
      <TestMethod codeBase="C:\Projekty\MSTestProject\bin\Debug\netcoreapp3.1\MSTestProject.dll" adapterTypeName="executor://mstestadapter/v2" className="TwojeWesele.Services.Helpers.Tests.CurrencyHelperTests" name="FormatToStringTest1000" />
    </UnitTest>
    <UnitTest name="FormatToStringTest1000 (8599.45217413616,8599.45 zł)" storage="c:\projekty\mstestproject\bin\debug\netcoreapp3.1\mstestproject.dll" id="dc274888-6b29-4d27-b6e9-367136f27805">
      <TestCategory>
        <TestCategoryItem TestCategory="Category1000" />
      </TestCategory>
      <Execution id="55f6537a-6398-41b1-bc8e-4f7b21d4cc98" />
      <TestMethod codeBase="C:\Projekty\MSTestProject\bin\Debug\netcoreapp3.1\MSTestProject.dll" adapterTypeName="executor://mstestadapter/v2" className="TwojeWesele.Services.Helpers.Tests.CurrencyHelperTests" name="FormatToStringTest1000" />
    </UnitTest>
    <UnitTest name="FormatToStringTest1000 (34096.337879508894,34096.34 zł)" storage="c:\projekty\mstestproject\bin\debug\netcoreapp3.1\mstestproject.dll" id="5cc58165-a4ee-42c8-8e7b-0b1086a6609a">
      <TestCategory>
        <TestCategoryItem TestCategory="Category1000" />
      </TestCategory>
      <Execution id="cda7cf81-a233-40be-a805-1272db959203" />
      <TestMethod codeBase="C:\Projekty\MSTestProject\bin\Debug\netcoreapp3.1\MSTestProject.dll" adapterTypeName="executor://mstestadapter/v2" className="TwojeWesele.Services.Helpers.Tests.CurrencyHelperTests" name="FormatToStringTest1000" />
    </UnitTest>
    <UnitTest name="FormatToStringTest1000 (14910.573044539697,14910.57 zł)" storage="c:\projekty\mstestproject\bin\debug\netcoreapp3.1\mstestproject.dll" id="42f22f9c-72cd-4dbd-9ad9-90b25ca45ac4">
      <TestCategory>
        <TestCategoryItem TestCategory="Category1000" />
      </TestCategory>
      <Execution id="378edb25-cbde-4564-a651-79200197aa25" />
      <TestMethod codeBase="C:\Projekty\MSTestProject\bin\Debug\netcoreapp3.1\MSTestProject.dll" adapterTypeName="executor://mstestadapter/v2" className="TwojeWesele.Services.Helpers.Tests.CurrencyHelperTests" name="FormatToStringTest1000" />
    </UnitTest>
    <UnitTest name="FormatToStringTest1000 (6544.213759255695,6544.21 zł)" storage="c:\projekty\mstestproject\bin\debug\netcoreapp3.1\mstestproject.dll" id="807f8557-2d81-4646-9b39-0fab42077c0b">
      <TestCategory>
        <TestCategoryItem TestCategory="Category1000" />
      </TestCategory>
      <Execution id="c8cc5d68-52a0-46fa-8796-0548c5b6fd8f" />
      <TestMethod codeBase="C:\Projekty\MSTestProject\bin\Debug\netcoreapp3.1\MSTestProject.dll" adapterTypeName="executor://mstestadapter/v2" className="TwojeWesele.Services.Helpers.Tests.CurrencyHelperTests" name="FormatToStringTest1000" />
    </UnitTest>
    <UnitTest name="FormatToStringTest1000 (18490.912787030877,18490.91 zł)" storage="c:\projekty\mstestproject\bin\debug\netcoreapp3.1\mstestproject.dll" id="26971c27-f393-4c8b-98d6-065a05755995">
      <TestCategory>
        <TestCategoryItem TestCategory="Category1000" />
      </TestCategory>
      <Execution id="ef2f4e28-4e77-4e8a-b346-bf3cdbd33367" />
      <TestMethod codeBase="C:\Projekty\MSTestProject\bin\Debug\netcoreapp3.1\MSTestProject.dll" adapterTypeName="executor://mstestadapter/v2" className="TwojeWesele.Services.Helpers.Tests.CurrencyHelperTests" name="FormatToStringTest1000" />
    </UnitTest>
    <UnitTest name="FormatToStringTest1000 (48544.390887578666,48544.39 zł)" storage="c:\projekty\mstestproject\bin\debug\netcoreapp3.1\mstestproject.dll" id="401608d9-8e9f-4270-9d94-3198d591dc20">
      <TestCategory>
        <TestCategoryItem TestCategory="Category1000" />
      </TestCategory>
      <Execution id="1dbd00c6-3224-49f4-9365-49a341281501" />
      <TestMethod codeBase="C:\Projekty\MSTestProject\bin\Debug\netcoreapp3.1\MSTestProject.dll" adapterTypeName="executor://mstestadapter/v2" className="TwojeWesele.Services.Helpers.Tests.CurrencyHelperTests" name="FormatToStringTest1000" />
    </UnitTest>
    <UnitTest name="FormatToStringTest1000 (27050.586848031067,27050.59 zł)" storage="c:\projekty\mstestproject\bin\debug\netcoreapp3.1\mstestproject.dll" id="2923fc7b-3062-4184-995a-9f586ec7cc64">
      <TestCategory>
        <TestCategoryItem TestCategory="Category1000" />
      </TestCategory>
      <Execution id="aac9540a-1a64-41fc-8d9c-ca1e7d0c670a" />
      <TestMethod codeBase="C:\Projekty\MSTestProject\bin\Debug\netcoreapp3.1\MSTestProject.dll" adapterTypeName="executor://mstestadapter/v2" className="TwojeWesele.Services.Helpers.Tests.CurrencyHelperTests" name="FormatToStringTest1000" />
    </UnitTest>
    <UnitTest name="FormatToStringTest1000 (904.351189922705,904.35 zł)" storage="c:\projekty\mstestproject\bin\debug\netcoreapp3.1\mstestproject.dll" id="ed1aea5c-82c9-48ef-8b6d-90a43e801a0e">
      <TestCategory>
        <TestCategoryItem TestCategory="Category1000" />
      </TestCategory>
      <Execution id="868f8404-66a4-4a0d-8da3-20c58265134a" />
      <TestMethod codeBase="C:\Projekty\MSTestProject\bin\Debug\netcoreapp3.1\MSTestProject.dll" adapterTypeName="executor://mstestadapter/v2" className="TwojeWesele.Services.Helpers.Tests.CurrencyHelperTests" name="FormatToStringTest1000" />
    </UnitTest>
    <UnitTest name="FormatToStringTest1000 (32821.05661472215,32821.06 zł)" storage="c:\projekty\mstestproject\bin\debug\netcoreapp3.1\mstestproject.dll" id="35bfd18d-84e4-412d-89af-73a01d2c5036">
      <TestCategory>
        <TestCategoryItem TestCategory="Category1000" />
      </TestCategory>
      <Execution id="3815cdd5-9d67-4677-901a-c7cf68ab44a7" />
      <TestMethod codeBase="C:\Projekty\MSTestProject\bin\Debug\netcoreapp3.1\MSTestProject.dll" adapterTypeName="executor://mstestadapter/v2" className="TwojeWesele.Services.Helpers.Tests.CurrencyHelperTests" name="FormatToStringTest1000" />
    </UnitTest>
    <UnitTest name="FormatToStringTest1000 (2835.0728237931958,2835.07 zł)" storage="c:\projekty\mstestproject\bin\debug\netcoreapp3.1\mstestproject.dll" id="76fc7953-3ec9-4630-aff5-b08cc0fe8f64">
      <TestCategory>
        <TestCategoryItem TestCategory="Category1000" />
      </TestCategory>
      <Execution id="81e465fc-f70b-4e5c-986c-3db1afc74635" />
      <TestMethod codeBase="C:\Projekty\MSTestProject\bin\Debug\netcoreapp3.1\MSTestProject.dll" adapterTypeName="executor://mstestadapter/v2" className="TwojeWesele.Services.Helpers.Tests.CurrencyHelperTests" name="FormatToStringTest1000" />
    </UnitTest>
    <UnitTest name="FormatToStringTest1000 (30071.004434484523,30071.00 zł)" storage="c:\projekty\mstestproject\bin\debug\netcoreapp3.1\mstestproject.dll" id="d24a207b-74f8-41d7-8012-27a5c29a2076">
      <TestCategory>
        <TestCategoryItem TestCategory="Category1000" />
      </TestCategory>
      <Execution id="44990529-9a12-47ef-9b0d-8df6a905f291" />
      <TestMethod codeBase="C:\Projekty\MSTestProject\bin\Debug\netcoreapp3.1\MSTestProject.dll" adapterTypeName="executor://mstestadapter/v2" className="TwojeWesele.Services.Helpers.Tests.CurrencyHelperTests" name="FormatToStringTest1000" />
    </UnitTest>
    <UnitTest name="FormatToStringTest1000 (4121.116360678857,4121.12 zł)" storage="c:\projekty\mstestproject\bin\debug\netcoreapp3.1\mstestproject.dll" id="572d0cef-4686-4f46-9c3a-131f7c01b5f7">
      <TestCategory>
        <TestCategoryItem TestCategory="Category1000" />
      </TestCategory>
      <Execution id="39fe42d9-c5e7-43dd-8fe2-02ce8b392e17" />
      <TestMethod codeBase="C:\Projekty\MSTestProject\bin\Debug\netcoreapp3.1\MSTestProject.dll" adapterTypeName="executor://mstestadapter/v2" className="TwojeWesele.Services.Helpers.Tests.CurrencyHelperTests" name="FormatToStringTest1000" />
    </UnitTest>
    <UnitTest name="FormatToStringTest1000 (13027.93935961739,13027.94 zł)" storage="c:\projekty\mstestproject\bin\debug\netcoreapp3.1\mstestproject.dll" id="4413e0ac-32f1-40e8-a7c7-412bed0e6ea1">
      <TestCategory>
        <TestCategoryItem TestCategory="Category1000" />
      </TestCategory>
      <Execution id="69978529-6b8f-48a0-9771-d5bd4b975d06" />
      <TestMethod codeBase="C:\Projekty\MSTestProject\bin\Debug\netcoreapp3.1\MSTestProject.dll" adapterTypeName="executor://mstestadapter/v2" className="TwojeWesele.Services.Helpers.Tests.CurrencyHelperTests" name="FormatToStringTest1000" />
    </UnitTest>
    <UnitTest name="FormatToStringTest1000 (1474.699818629166,1474.70 zł)" storage="c:\projekty\mstestproject\bin\debug\netcoreapp3.1\mstestproject.dll" id="0a7cb89d-3337-481c-b56a-43cfe20f4875">
      <TestCategory>
        <TestCategoryItem TestCategory="Category1000" />
      </TestCategory>
      <Execution id="5916a03f-4b6a-4cee-a2a6-42869cfd601b" />
      <TestMethod codeBase="C:\Projekty\MSTestProject\bin\Debug\netcoreapp3.1\MSTestProject.dll" adapterTypeName="executor://mstestadapter/v2" className="TwojeWesele.Services.Helpers.Tests.CurrencyHelperTests" name="FormatToStringTest1000" />
    </UnitTest>
    <UnitTest name="FormatToStringTest1000 (13541.45472935096,13541.45 zł)" storage="c:\projekty\mstestproject\bin\debug\netcoreapp3.1\mstestproject.dll" id="ff8c7e91-8c0f-4aec-abc5-05ec0e5d7dae">
      <TestCategory>
        <TestCategoryItem TestCategory="Category1000" />
      </TestCategory>
      <Execution id="03b6ad9e-245d-40c3-be60-9bd6ab50d3ac" />
      <TestMethod codeBase="C:\Projekty\MSTestProject\bin\Debug\netcoreapp3.1\MSTestProject.dll" adapterTypeName="executor://mstestadapter/v2" className="TwojeWesele.Services.Helpers.Tests.CurrencyHelperTests" name="FormatToStringTest1000" />
    </UnitTest>
    <UnitTest name="FormatToStringTest1000 (46898.00219497783,46898.00 zł)" storage="c:\projekty\mstestproject\bin\debug\netcoreapp3.1\mstestproject.dll" id="73e1ad1c-43f3-45e3-b091-dfa81eb73147">
      <TestCategory>
        <TestCategoryItem TestCategory="Category1000" />
      </TestCategory>
      <Execution id="0be6b820-13e7-4229-8ff2-25bebc22b42d" />
      <TestMethod codeBase="C:\Projekty\MSTestProject\bin\Debug\netcoreapp3.1\MSTestProject.dll" adapterTypeName="executor://mstestadapter/v2" className="TwojeWesele.Services.Helpers.Tests.CurrencyHelperTests" name="FormatToStringTest1000" />
    </UnitTest>
    <UnitTest name="FormatToStringTest1000 (1676.7913981754293,1676.79 zł)" storage="c:\projekty\mstestproject\bin\debug\netcoreapp3.1\mstestproject.dll" id="6ba35877-43ba-4fbd-9de5-ea1201813ce1">
      <TestCategory>
        <TestCategoryItem TestCategory="Category1000" />
      </TestCategory>
      <Execution id="19bb1e30-2df7-40de-bb5e-57e454670969" />
      <TestMethod codeBase="C:\Projekty\MSTestProject\bin\Debug\netcoreapp3.1\MSTestProject.dll" adapterTypeName="executor://mstestadapter/v2" className="TwojeWesele.Services.Helpers.Tests.CurrencyHelperTests" name="FormatToStringTest1000" />
    </UnitTest>
    <UnitTest name="FormatToStringTest1000 (95353.10327693219,95353.10 zł)" storage="c:\projekty\mstestproject\bin\debug\netcoreapp3.1\mstestproject.dll" id="850ff14e-56a0-432c-aa05-54638e8bf5c5">
      <TestCategory>
        <TestCategoryItem TestCategory="Category1000" />
      </TestCategory>
      <Execution id="721db57b-21b0-4984-a205-5457ce4b2224" />
      <TestMethod codeBase="C:\Projekty\MSTestProject\bin\Debug\netcoreapp3.1\MSTestProject.dll" adapterTypeName="executor://mstestadapter/v2" className="TwojeWesele.Services.Helpers.Tests.CurrencyHelperTests" name="FormatToStringTest1000" />
    </UnitTest>
    <UnitTest name="FormatToStringTest1000 (22330.217605518745,22330.22 zł)" storage="c:\projekty\mstestproject\bin\debug\netcoreapp3.1\mstestproject.dll" id="f7f2a5ca-c134-45e9-aa4f-9e63421db3b8">
      <TestCategory>
        <TestCategoryItem TestCategory="Category1000" />
      </TestCategory>
      <Execution id="1eb66eb7-14be-4034-823d-273460359b4d" />
      <TestMethod codeBase="C:\Projekty\MSTestProject\bin\Debug\netcoreapp3.1\MSTestProject.dll" adapterTypeName="executor://mstestadapter/v2" className="TwojeWesele.Services.Helpers.Tests.CurrencyHelperTests" name="FormatToStringTest1000" />
    </UnitTest>
    <UnitTest name="FormatToStringTest1000 (29975.4018974022,29975.40 zł)" storage="c:\projekty\mstestproject\bin\debug\netcoreapp3.1\mstestproject.dll" id="59fc8458-5f51-4d25-9c8d-8dc7438d0922">
      <TestCategory>
        <TestCategoryItem TestCategory="Category1000" />
      </TestCategory>
      <Execution id="4de0a8e1-b2b4-4832-ad01-adc3de6c1406" />
      <TestMethod codeBase="C:\Projekty\MSTestProject\bin\Debug\netcoreapp3.1\MSTestProject.dll" adapterTypeName="executor://mstestadapter/v2" className="TwojeWesele.Services.Helpers.Tests.CurrencyHelperTests" name="FormatToStringTest1000" />
    </UnitTest>
    <UnitTest name="FormatToStringTest1000 (41972.39431566763,41972.39 zł)" storage="c:\projekty\mstestproject\bin\debug\netcoreapp3.1\mstestproject.dll" id="91d64a73-446f-42ae-8c3e-93ff65777766">
      <TestCategory>
        <TestCategoryItem TestCategory="Category1000" />
      </TestCategory>
      <Execution id="311f923c-169a-46bf-be5f-0a6bb920de39" />
      <TestMethod codeBase="C:\Projekty\MSTestProject\bin\Debug\netcoreapp3.1\MSTestProject.dll" adapterTypeName="executor://mstestadapter/v2" className="TwojeWesele.Services.Helpers.Tests.CurrencyHelperTests" name="FormatToStringTest1000" />
    </UnitTest>
    <UnitTest name="FormatToStringTest1000 (16037.01783290087,16037.02 zł)" storage="c:\projekty\mstestproject\bin\debug\netcoreapp3.1\mstestproject.dll" id="f2b77b1f-a5d9-4361-b0ec-4a46b6fee7d4">
      <TestCategory>
        <TestCategoryItem TestCategory="Category1000" />
      </TestCategory>
      <Execution id="53f13e98-75b6-48c0-be16-af75668d3c19" />
      <TestMethod codeBase="C:\Projekty\MSTestProject\bin\Debug\netcoreapp3.1\MSTestProject.dll" adapterTypeName="executor://mstestadapter/v2" className="TwojeWesele.Services.Helpers.Tests.CurrencyHelperTests" name="FormatToStringTest1000" />
    </UnitTest>
    <UnitTest name="FormatToStringTest1000 (41008.28505327194,41008.29 zł)" storage="c:\projekty\mstestproject\bin\debug\netcoreapp3.1\mstestproject.dll" id="83cb287d-cb1f-401e-aa05-eeaa9cca1a5c">
      <TestCategory>
        <TestCategoryItem TestCategory="Category1000" />
      </TestCategory>
      <Execution id="977874fa-4f30-4acd-94db-064f14ef8f27" />
      <TestMethod codeBase="C:\Projekty\MSTestProject\bin\Debug\netcoreapp3.1\MSTestProject.dll" adapterTypeName="executor://mstestadapter/v2" className="TwojeWesele.Services.Helpers.Tests.CurrencyHelperTests" name="FormatToStringTest1000" />
    </UnitTest>
    <UnitTest name="FormatToStringTest1000 (6105.007054037418,6105.01 zł)" storage="c:\projekty\mstestproject\bin\debug\netcoreapp3.1\mstestproject.dll" id="c32711b8-9414-41a9-82bf-12a6f6f6ce52">
      <TestCategory>
        <TestCategoryItem TestCategory="Category1000" />
      </TestCategory>
      <Execution id="0720a2cb-5c2f-4a46-9f8c-cc9c268b7f4b" />
      <TestMethod codeBase="C:\Projekty\MSTestProject\bin\Debug\netcoreapp3.1\MSTestProject.dll" adapterTypeName="executor://mstestadapter/v2" className="TwojeWesele.Services.Helpers.Tests.CurrencyHelperTests" name="FormatToStringTest1000" />
    </UnitTest>
    <UnitTest name="FormatToStringTest1000 (9928.477822322622,9928.48 zł)" storage="c:\projekty\mstestproject\bin\debug\netcoreapp3.1\mstestproject.dll" id="a94ceeb5-4b0d-49bb-9e2f-c12a2c886771">
      <TestCategory>
        <TestCategoryItem TestCategory="Category1000" />
      </TestCategory>
      <Execution id="97acc20c-6a79-4d83-a618-11a9c4f47176" />
      <TestMethod codeBase="C:\Projekty\MSTestProject\bin\Debug\netcoreapp3.1\MSTestProject.dll" adapterTypeName="executor://mstestadapter/v2" className="TwojeWesele.Services.Helpers.Tests.CurrencyHelperTests" name="FormatToStringTest1000" />
    </UnitTest>
    <UnitTest name="FormatToStringTest1000 (16986.338876065027,16986.34 zł)" storage="c:\projekty\mstestproject\bin\debug\netcoreapp3.1\mstestproject.dll" id="09f427a2-b91b-4b18-b338-c454674debe7">
      <TestCategory>
        <TestCategoryItem TestCategory="Category1000" />
      </TestCategory>
      <Execution id="dbb3d13c-626c-49fe-85ee-6d1f2c4af617" />
      <TestMethod codeBase="C:\Projekty\MSTestProject\bin\Debug\netcoreapp3.1\MSTestProject.dll" adapterTypeName="executor://mstestadapter/v2" className="TwojeWesele.Services.Helpers.Tests.CurrencyHelperTests" name="FormatToStringTest1000" />
    </UnitTest>
    <UnitTest name="FormatToStringTest1000 (36320.770035296104,36320.77 zł)" storage="c:\projekty\mstestproject\bin\debug\netcoreapp3.1\mstestproject.dll" id="7b380f9f-1968-4d8a-ba23-3410bc4353b5">
      <TestCategory>
        <TestCategoryItem TestCategory="Category1000" />
      </TestCategory>
      <Execution id="d80928d1-7ed4-4462-9321-c03c53a092b2" />
      <TestMethod codeBase="C:\Projekty\MSTestProject\bin\Debug\netcoreapp3.1\MSTestProject.dll" adapterTypeName="executor://mstestadapter/v2" className="TwojeWesele.Services.Helpers.Tests.CurrencyHelperTests" name="FormatToStringTest1000" />
    </UnitTest>
    <UnitTest name="FormatToStringTest1000 (24024.14691439557,24024.15 zł)" storage="c:\projekty\mstestproject\bin\debug\netcoreapp3.1\mstestproject.dll" id="eadc7edf-3fc1-46de-a471-4b2c5558766e">
      <TestCategory>
        <TestCategoryItem TestCategory="Category1000" />
      </TestCategory>
      <Execution id="ec6f0667-c350-4d3f-b021-1e026ac3719f" />
      <TestMethod codeBase="C:\Projekty\MSTestProject\bin\Debug\netcoreapp3.1\MSTestProject.dll" adapterTypeName="executor://mstestadapter/v2" className="TwojeWesele.Services.Helpers.Tests.CurrencyHelperTests" name="FormatToStringTest1000" />
    </UnitTest>
    <UnitTest name="FormatToStringTest1000 (79764.77845563217,79764.78 zł)" storage="c:\projekty\mstestproject\bin\debug\netcoreapp3.1\mstestproject.dll" id="e43956db-4c6e-4704-8340-614794414a75">
      <TestCategory>
        <TestCategoryItem TestCategory="Category1000" />
      </TestCategory>
      <Execution id="e1c53413-57b4-4d0b-876f-1a41cb97ac81" />
      <TestMethod codeBase="C:\Projekty\MSTestProject\bin\Debug\netcoreapp3.1\MSTestProject.dll" adapterTypeName="executor://mstestadapter/v2" className="TwojeWesele.Services.Helpers.Tests.CurrencyHelperTests" name="FormatToStringTest1000" />
    </UnitTest>
    <UnitTest name="FormatToStringTest1000 (6313.543884690639,6313.54 zł)" storage="c:\projekty\mstestproject\bin\debug\netcoreapp3.1\mstestproject.dll" id="d2965159-364d-4bd7-95f3-a4a3011e2be7">
      <TestCategory>
        <TestCategoryItem TestCategory="Category1000" />
      </TestCategory>
      <Execution id="1b30a71b-0556-4092-b56d-6cf7535a77a6" />
      <TestMethod codeBase="C:\Projekty\MSTestProject\bin\Debug\netcoreapp3.1\MSTestProject.dll" adapterTypeName="executor://mstestadapter/v2" className="TwojeWesele.Services.Helpers.Tests.CurrencyHelperTests" name="FormatToStringTest1000" />
    </UnitTest>
    <UnitTest name="FormatToStringTest1000 (29678.921519093645,29678.92 zł)" storage="c:\projekty\mstestproject\bin\debug\netcoreapp3.1\mstestproject.dll" id="be557526-1bc6-4036-8d27-e5a23fa48e54">
      <TestCategory>
        <TestCategoryItem TestCategory="Category1000" />
      </TestCategory>
      <Execution id="4220deb8-ccb9-4baf-a805-77d966dd6bc9" />
      <TestMethod codeBase="C:\Projekty\MSTestProject\bin\Debug\netcoreapp3.1\MSTestProject.dll" adapterTypeName="executor://mstestadapter/v2" className="TwojeWesele.Services.Helpers.Tests.CurrencyHelperTests" name="FormatToStringTest1000" />
    </UnitTest>
    <UnitTest name="FormatToStringTest1000 (47025.6224095177,47025.62 zł)" storage="c:\projekty\mstestproject\bin\debug\netcoreapp3.1\mstestproject.dll" id="addd23a9-3a35-4a5d-a4c8-fd0f9ca93a5b">
      <TestCategory>
        <TestCategoryItem TestCategory="Category1000" />
      </TestCategory>
      <Execution id="1a5b4a01-67dc-42bb-8a74-a8207d95e5ee" />
      <TestMethod codeBase="C:\Projekty\MSTestProject\bin\Debug\netcoreapp3.1\MSTestProject.dll" adapterTypeName="executor://mstestadapter/v2" className="TwojeWesele.Services.Helpers.Tests.CurrencyHelperTests" name="FormatToStringTest1000" />
    </UnitTest>
    <UnitTest name="FormatToStringTest1000 (17098.491445727876,17098.49 zł)" storage="c:\projekty\mstestproject\bin\debug\netcoreapp3.1\mstestproject.dll" id="0850ee1d-4a93-4258-adbe-0bf846661fbe">
      <TestCategory>
        <TestCategoryItem TestCategory="Category1000" />
      </TestCategory>
      <Execution id="1d322c5d-5dbe-4829-8d33-3d1d723f89ea" />
      <TestMethod codeBase="C:\Projekty\MSTestProject\bin\Debug\netcoreapp3.1\MSTestProject.dll" adapterTypeName="executor://mstestadapter/v2" className="TwojeWesele.Services.Helpers.Tests.CurrencyHelperTests" name="FormatToStringTest1000" />
    </UnitTest>
    <UnitTest name="FormatToStringTest1000 (52858.048916166204,52858.05 zł)" storage="c:\projekty\mstestproject\bin\debug\netcoreapp3.1\mstestproject.dll" id="bc818432-7d57-4539-9f4d-e69e51abf6ac">
      <TestCategory>
        <TestCategoryItem TestCategory="Category1000" />
      </TestCategory>
      <Execution id="4f037270-6a4d-4f09-bd8b-d7d235a56453" />
      <TestMethod codeBase="C:\Projekty\MSTestProject\bin\Debug\netcoreapp3.1\MSTestProject.dll" adapterTypeName="executor://mstestadapter/v2" className="TwojeWesele.Services.Helpers.Tests.CurrencyHelperTests" name="FormatToStringTest1000" />
    </UnitTest>
    <UnitTest name="FormatToStringTest1000 (31340.79231238914,31340.79 zł)" storage="c:\projekty\mstestproject\bin\debug\netcoreapp3.1\mstestproject.dll" id="76c64d53-ad2d-4091-bebb-5412bab18144">
      <TestCategory>
        <TestCategoryItem TestCategory="Category1000" />
      </TestCategory>
      <Execution id="9373fd6c-76e6-4187-8ecb-6037e1bce378" />
      <TestMethod codeBase="C:\Projekty\MSTestProject\bin\Debug\netcoreapp3.1\MSTestProject.dll" adapterTypeName="executor://mstestadapter/v2" className="TwojeWesele.Services.Helpers.Tests.CurrencyHelperTests" name="FormatToStringTest1000" />
    </UnitTest>
    <UnitTest name="FormatToStringTest1000 (48449.85582609189,48449.86 zł)" storage="c:\projekty\mstestproject\bin\debug\netcoreapp3.1\mstestproject.dll" id="d640ba96-4fec-4cbd-ab3a-9335f19785b5">
      <TestCategory>
        <TestCategoryItem TestCategory="Category1000" />
      </TestCategory>
      <Execution id="3176f113-aac9-46f3-a24a-2b336cc9225a" />
      <TestMethod codeBase="C:\Projekty\MSTestProject\bin\Debug\netcoreapp3.1\MSTestProject.dll" adapterTypeName="executor://mstestadapter/v2" className="TwojeWesele.Services.Helpers.Tests.CurrencyHelperTests" name="FormatToStringTest1000" />
    </UnitTest>
    <UnitTest name="FormatToStringTest1000 (4592.278577496428,4592.28 zł)" storage="c:\projekty\mstestproject\bin\debug\netcoreapp3.1\mstestproject.dll" id="e441ed18-712d-4160-9911-3e50060920cb">
      <TestCategory>
        <TestCategoryItem TestCategory="Category1000" />
      </TestCategory>
      <Execution id="3c71c17c-18ea-4963-8df9-e91e56e58dc0" />
      <TestMethod codeBase="C:\Projekty\MSTestProject\bin\Debug\netcoreapp3.1\MSTestProject.dll" adapterTypeName="executor://mstestadapter/v2" className="TwojeWesele.Services.Helpers.Tests.CurrencyHelperTests" name="FormatToStringTest1000" />
    </UnitTest>
    <UnitTest name="FormatToStringTest1000 (14635.510547500808,14635.51 zł)" storage="c:\projekty\mstestproject\bin\debug\netcoreapp3.1\mstestproject.dll" id="af065315-4115-4327-b09a-7ed130168beb">
      <TestCategory>
        <TestCategoryItem TestCategory="Category1000" />
      </TestCategory>
      <Execution id="92b99427-475d-4985-b161-e43bb46d6a59" />
      <TestMethod codeBase="C:\Projekty\MSTestProject\bin\Debug\netcoreapp3.1\MSTestProject.dll" adapterTypeName="executor://mstestadapter/v2" className="TwojeWesele.Services.Helpers.Tests.CurrencyHelperTests" name="FormatToStringTest1000" />
    </UnitTest>
    <UnitTest name="FormatToStringTest1000 (57525.72988993569,57525.73 zł)" storage="c:\projekty\mstestproject\bin\debug\netcoreapp3.1\mstestproject.dll" id="f004f0e2-6614-486d-8f27-612f9519a0c4">
      <TestCategory>
        <TestCategoryItem TestCategory="Category1000" />
      </TestCategory>
      <Execution id="f839961a-8f67-4867-baf4-44aac2314fed" />
      <TestMethod codeBase="C:\Projekty\MSTestProject\bin\Debug\netcoreapp3.1\MSTestProject.dll" adapterTypeName="executor://mstestadapter/v2" className="TwojeWesele.Services.Helpers.Tests.CurrencyHelperTests" name="FormatToStringTest1000" />
    </UnitTest>
    <UnitTest name="FormatToStringTest1000 (2897.9775426620513,2897.98 zł)" storage="c:\projekty\mstestproject\bin\debug\netcoreapp3.1\mstestproject.dll" id="73bfff70-cc20-4e2b-99c0-5e7855e64db2">
      <TestCategory>
        <TestCategoryItem TestCategory="Category1000" />
      </TestCategory>
      <Execution id="5fa6b37a-0ec3-4855-be10-58b44ca2f52c" />
      <TestMethod codeBase="C:\Projekty\MSTestProject\bin\Debug\netcoreapp3.1\MSTestProject.dll" adapterTypeName="executor://mstestadapter/v2" className="TwojeWesele.Services.Helpers.Tests.CurrencyHelperTests" name="FormatToStringTest1000" />
    </UnitTest>
    <UnitTest name="FormatToStringTest1000 (5749.124990274722,5749.12 zł)" storage="c:\projekty\mstestproject\bin\debug\netcoreapp3.1\mstestproject.dll" id="62115cd3-7ee7-4edf-b969-89a60cdb9e97">
      <TestCategory>
        <TestCategoryItem TestCategory="Category1000" />
      </TestCategory>
      <Execution id="34fd1968-1b9b-4e3e-a09c-a1bbb9bdd74f" />
      <TestMethod codeBase="C:\Projekty\MSTestProject\bin\Debug\netcoreapp3.1\MSTestProject.dll" adapterTypeName="executor://mstestadapter/v2" className="TwojeWesele.Services.Helpers.Tests.CurrencyHelperTests" name="FormatToStringTest1000" />
    </UnitTest>
    <UnitTest name="FormatToStringTest1000 (79.6815319544084,79.68 zł)" storage="c:\projekty\mstestproject\bin\debug\netcoreapp3.1\mstestproject.dll" id="f3805c0a-f517-47d5-bf75-a264d0d8738b">
      <TestCategory>
        <TestCategoryItem TestCategory="Category1000" />
      </TestCategory>
      <Execution id="d44fb108-82e2-4b26-aec1-bbb118fd64fe" />
      <TestMethod codeBase="C:\Projekty\MSTestProject\bin\Debug\netcoreapp3.1\MSTestProject.dll" adapterTypeName="executor://mstestadapter/v2" className="TwojeWesele.Services.Helpers.Tests.CurrencyHelperTests" name="FormatToStringTest1000" />
    </UnitTest>
    <UnitTest name="FormatToStringTest1000 (56286.70397975702,56286.70 zł)" storage="c:\projekty\mstestproject\bin\debug\netcoreapp3.1\mstestproject.dll" id="bf6e6063-1273-4d59-9c72-6dec6da85af3">
      <TestCategory>
        <TestCategoryItem TestCategory="Category1000" />
      </TestCategory>
      <Execution id="68cbdcef-0d70-4ce3-a391-c3af5e5997e8" />
      <TestMethod codeBase="C:\Projekty\MSTestProject\bin\Debug\netcoreapp3.1\MSTestProject.dll" adapterTypeName="executor://mstestadapter/v2" className="TwojeWesele.Services.Helpers.Tests.CurrencyHelperTests" name="FormatToStringTest1000" />
    </UnitTest>
    <UnitTest name="FormatToStringTest1000 (7592.950837113406,7592.95 zł)" storage="c:\projekty\mstestproject\bin\debug\netcoreapp3.1\mstestproject.dll" id="3e63026c-f1a4-41f5-8872-c618ab4ca7ef">
      <TestCategory>
        <TestCategoryItem TestCategory="Category1000" />
      </TestCategory>
      <Execution id="4c865082-fb03-4168-8135-cc5a57616e5e" />
      <TestMethod codeBase="C:\Projekty\MSTestProject\bin\Debug\netcoreapp3.1\MSTestProject.dll" adapterTypeName="executor://mstestadapter/v2" className="TwojeWesele.Services.Helpers.Tests.CurrencyHelperTests" name="FormatToStringTest1000" />
    </UnitTest>
    <UnitTest name="FormatToStringTest1000 (34458.5406463512,34458.54 zł)" storage="c:\projekty\mstestproject\bin\debug\netcoreapp3.1\mstestproject.dll" id="0e535875-e443-4b11-a54f-cbd26d2b6a30">
      <TestCategory>
        <TestCategoryItem TestCategory="Category1000" />
      </TestCategory>
      <Execution id="7e8b07fb-c5e5-4586-810e-3d9805ace737" />
      <TestMethod codeBase="C:\Projekty\MSTestProject\bin\Debug\netcoreapp3.1\MSTestProject.dll" adapterTypeName="executor://mstestadapter/v2" className="TwojeWesele.Services.Helpers.Tests.CurrencyHelperTests" name="FormatToStringTest1000" />
    </UnitTest>
    <UnitTest name="FormatToStringTest1000 (782.6578288817116,782.66 zł)" storage="c:\projekty\mstestproject\bin\debug\netcoreapp3.1\mstestproject.dll" id="574d620a-0e53-4662-842c-85591ebf4288">
      <TestCategory>
        <TestCategoryItem TestCategory="Category1000" />
      </TestCategory>
      <Execution id="0c67967d-37cd-4b4b-a629-fe9b9cee8023" />
      <TestMethod codeBase="C:\Projekty\MSTestProject\bin\Debug\netcoreapp3.1\MSTestProject.dll" adapterTypeName="executor://mstestadapter/v2" className="TwojeWesele.Services.Helpers.Tests.CurrencyHelperTests" name="FormatToStringTest1000" />
    </UnitTest>
    <UnitTest name="FormatToStringTest1000 (24030.724859085738,24030.72 zł)" storage="c:\projekty\mstestproject\bin\debug\netcoreapp3.1\mstestproject.dll" id="550df4ef-a231-4cd5-807d-f331e41fcecf">
      <TestCategory>
        <TestCategoryItem TestCategory="Category1000" />
      </TestCategory>
      <Execution id="25aaf987-b893-4e53-9c03-09ffb2aaecd7" />
      <TestMethod codeBase="C:\Projekty\MSTestProject\bin\Debug\netcoreapp3.1\MSTestProject.dll" adapterTypeName="executor://mstestadapter/v2" className="TwojeWesele.Services.Helpers.Tests.CurrencyHelperTests" name="FormatToStringTest1000" />
    </UnitTest>
    <UnitTest name="FormatToStringTest1000 (6809.40195803037,6809.40 zł)" storage="c:\projekty\mstestproject\bin\debug\netcoreapp3.1\mstestproject.dll" id="00a37cf4-6094-4a59-ac19-8b665443ce9a">
      <TestCategory>
        <TestCategoryItem TestCategory="Category1000" />
      </TestCategory>
      <Execution id="753291b1-3770-4e5f-b6a2-cc32c260f795" />
      <TestMethod codeBase="C:\Projekty\MSTestProject\bin\Debug\netcoreapp3.1\MSTestProject.dll" adapterTypeName="executor://mstestadapter/v2" className="TwojeWesele.Services.Helpers.Tests.CurrencyHelperTests" name="FormatToStringTest1000" />
    </UnitTest>
    <UnitTest name="FormatToStringTest1000 (65204.90483536055,65204.90 zł)" storage="c:\projekty\mstestproject\bin\debug\netcoreapp3.1\mstestproject.dll" id="74a3160e-205f-400c-b8db-544371ce690f">
      <TestCategory>
        <TestCategoryItem TestCategory="Category1000" />
      </TestCategory>
      <Execution id="9892b00b-702e-4bdb-a24c-30504bd44f4f" />
      <TestMethod codeBase="C:\Projekty\MSTestProject\bin\Debug\netcoreapp3.1\MSTestProject.dll" adapterTypeName="executor://mstestadapter/v2" className="TwojeWesele.Services.Helpers.Tests.CurrencyHelperTests" name="FormatToStringTest1000" />
    </UnitTest>
    <UnitTest name="FormatToStringTest1000 (21573.45329517613,21573.45 zł)" storage="c:\projekty\mstestproject\bin\debug\netcoreapp3.1\mstestproject.dll" id="17402e54-abbf-4682-af34-64e0d2c9da1b">
      <TestCategory>
        <TestCategoryItem TestCategory="Category1000" />
      </TestCategory>
      <Execution id="43fc8888-f578-4ea8-ac72-68b62093e533" />
      <TestMethod codeBase="C:\Projekty\MSTestProject\bin\Debug\netcoreapp3.1\MSTestProject.dll" adapterTypeName="executor://mstestadapter/v2" className="TwojeWesele.Services.Helpers.Tests.CurrencyHelperTests" name="FormatToStringTest1000" />
    </UnitTest>
    <UnitTest name="FormatToStringTest1000 (12091.219941106729,12091.22 zł)" storage="c:\projekty\mstestproject\bin\debug\netcoreapp3.1\mstestproject.dll" id="67716942-4973-492a-92c1-557331aed368">
      <TestCategory>
        <TestCategoryItem TestCategory="Category1000" />
      </TestCategory>
      <Execution id="64499d5c-5106-4eb7-aa04-81940a050127" />
      <TestMethod codeBase="C:\Projekty\MSTestProject\bin\Debug\netcoreapp3.1\MSTestProject.dll" adapterTypeName="executor://mstestadapter/v2" className="TwojeWesele.Services.Helpers.Tests.CurrencyHelperTests" name="FormatToStringTest1000" />
    </UnitTest>
    <UnitTest name="FormatToStringTest1000 (6710.131197082871,6710.13 zł)" storage="c:\projekty\mstestproject\bin\debug\netcoreapp3.1\mstestproject.dll" id="ba0dbdc0-ae02-4d48-a6ba-d908811c6e3d">
      <TestCategory>
        <TestCategoryItem TestCategory="Category1000" />
      </TestCategory>
      <Execution id="252f1109-8fd3-44bb-a881-a25e9da6f58e" />
      <TestMethod codeBase="C:\Projekty\MSTestProject\bin\Debug\netcoreapp3.1\MSTestProject.dll" adapterTypeName="executor://mstestadapter/v2" className="TwojeWesele.Services.Helpers.Tests.CurrencyHelperTests" name="FormatToStringTest1000" />
    </UnitTest>
    <UnitTest name="FormatToStringTest1000 (20344.185360967265,20344.19 zł)" storage="c:\projekty\mstestproject\bin\debug\netcoreapp3.1\mstestproject.dll" id="672bc320-1f87-4df2-a133-dd6a065d32d1">
      <TestCategory>
        <TestCategoryItem TestCategory="Category1000" />
      </TestCategory>
      <Execution id="9bdfdb03-b43e-4ccd-8a3d-f0c926e6b115" />
      <TestMethod codeBase="C:\Projekty\MSTestProject\bin\Debug\netcoreapp3.1\MSTestProject.dll" adapterTypeName="executor://mstestadapter/v2" className="TwojeWesele.Services.Helpers.Tests.CurrencyHelperTests" name="FormatToStringTest1000" />
    </UnitTest>
    <UnitTest name="FormatToStringTest1000 (2423.6182769712145,2423.62 zł)" storage="c:\projekty\mstestproject\bin\debug\netcoreapp3.1\mstestproject.dll" id="e2a04d44-1253-4b80-ae55-890f948006e9">
      <TestCategory>
        <TestCategoryItem TestCategory="Category1000" />
      </TestCategory>
      <Execution id="fbbff78d-0e75-4f94-9f4d-b0facefa6583" />
      <TestMethod codeBase="C:\Projekty\MSTestProject\bin\Debug\netcoreapp3.1\MSTestProject.dll" adapterTypeName="executor://mstestadapter/v2" className="TwojeWesele.Services.Helpers.Tests.CurrencyHelperTests" name="FormatToStringTest1000" />
    </UnitTest>
    <UnitTest name="FormatToStringTest1000 (11989.099505855282,11989.10 zł)" storage="c:\projekty\mstestproject\bin\debug\netcoreapp3.1\mstestproject.dll" id="336ee2b8-48d2-49a4-8d82-305f9cfb7364">
      <TestCategory>
        <TestCategoryItem TestCategory="Category1000" />
      </TestCategory>
      <Execution id="ccea0c0c-3f1a-4062-b914-f0d0107f34ca" />
      <TestMethod codeBase="C:\Projekty\MSTestProject\bin\Debug\netcoreapp3.1\MSTestProject.dll" adapterTypeName="executor://mstestadapter/v2" className="TwojeWesele.Services.Helpers.Tests.CurrencyHelperTests" name="FormatToStringTest1000" />
    </UnitTest>
    <UnitTest name="FormatToStringTest1000 (12187.551827252633,12187.55 zł)" storage="c:\projekty\mstestproject\bin\debug\netcoreapp3.1\mstestproject.dll" id="9f13d21d-f00f-4abc-b7c7-ff550298dd0b">
      <TestCategory>
        <TestCategoryItem TestCategory="Category1000" />
      </TestCategory>
      <Execution id="20fb8356-e461-4816-ad36-70123a3e67fc" />
      <TestMethod codeBase="C:\Projekty\MSTestProject\bin\Debug\netcoreapp3.1\MSTestProject.dll" adapterTypeName="executor://mstestadapter/v2" className="TwojeWesele.Services.Helpers.Tests.CurrencyHelperTests" name="FormatToStringTest1000" />
    </UnitTest>
    <UnitTest name="FormatToStringTest1000 (14867.726341984107,14867.73 zł)" storage="c:\projekty\mstestproject\bin\debug\netcoreapp3.1\mstestproject.dll" id="06c69534-5ed4-4bd8-b1ef-33e54f84a89c">
      <TestCategory>
        <TestCategoryItem TestCategory="Category1000" />
      </TestCategory>
      <Execution id="ff14bb38-0905-4c9a-bf3a-4607e9ac4868" />
      <TestMethod codeBase="C:\Projekty\MSTestProject\bin\Debug\netcoreapp3.1\MSTestProject.dll" adapterTypeName="executor://mstestadapter/v2" className="TwojeWesele.Services.Helpers.Tests.CurrencyHelperTests" name="FormatToStringTest1000" />
    </UnitTest>
    <UnitTest name="FormatToStringTest1000 (14035.12972514477,14035.13 zł)" storage="c:\projekty\mstestproject\bin\debug\netcoreapp3.1\mstestproject.dll" id="8cc68e00-6094-422b-b856-95c85975b717">
      <TestCategory>
        <TestCategoryItem TestCategory="Category1000" />
      </TestCategory>
      <Execution id="cbb9c22b-adc4-4247-8977-46fb72c54299" />
      <TestMethod codeBase="C:\Projekty\MSTestProject\bin\Debug\netcoreapp3.1\MSTestProject.dll" adapterTypeName="executor://mstestadapter/v2" className="TwojeWesele.Services.Helpers.Tests.CurrencyHelperTests" name="FormatToStringTest1000" />
    </UnitTest>
    <UnitTest name="FormatToStringTest1000 (79388.929555234,79388.93 zł)" storage="c:\projekty\mstestproject\bin\debug\netcoreapp3.1\mstestproject.dll" id="0e46340f-e406-4d8e-9aa7-aad2b5684cb9">
      <TestCategory>
        <TestCategoryItem TestCategory="Category1000" />
      </TestCategory>
      <Execution id="02b54643-7e2e-4c9d-8c7c-a2ba45b3d6c8" />
      <TestMethod codeBase="C:\Projekty\MSTestProject\bin\Debug\netcoreapp3.1\MSTestProject.dll" adapterTypeName="executor://mstestadapter/v2" className="TwojeWesele.Services.Helpers.Tests.CurrencyHelperTests" name="FormatToStringTest1000" />
    </UnitTest>
    <UnitTest name="FormatToStringTest1000 (4525.609305084501,4525.61 zł)" storage="c:\projekty\mstestproject\bin\debug\netcoreapp3.1\mstestproject.dll" id="f5a5e0ea-6f39-4ebd-ab69-97447315ec89">
      <TestCategory>
        <TestCategoryItem TestCategory="Category1000" />
      </TestCategory>
      <Execution id="61a7d7b4-15cb-4dcf-92d6-cb9ab614ac66" />
      <TestMethod codeBase="C:\Projekty\MSTestProject\bin\Debug\netcoreapp3.1\MSTestProject.dll" adapterTypeName="executor://mstestadapter/v2" className="TwojeWesele.Services.Helpers.Tests.CurrencyHelperTests" name="FormatToStringTest1000" />
    </UnitTest>
    <UnitTest name="FormatToStringTest1000 (32566.30279101259,32566.30 zł)" storage="c:\projekty\mstestproject\bin\debug\netcoreapp3.1\mstestproject.dll" id="5b65bcf2-92e6-4be4-ad56-3b5748771b1a">
      <TestCategory>
        <TestCategoryItem TestCategory="Category1000" />
      </TestCategory>
      <Execution id="9e409945-ece5-4623-b484-5aad9933123b" />
      <TestMethod codeBase="C:\Projekty\MSTestProject\bin\Debug\netcoreapp3.1\MSTestProject.dll" adapterTypeName="executor://mstestadapter/v2" className="TwojeWesele.Services.Helpers.Tests.CurrencyHelperTests" name="FormatToStringTest1000" />
    </UnitTest>
    <UnitTest name="FormatToStringTest1000 (12125.090155628086,12125.09 zł)" storage="c:\projekty\mstestproject\bin\debug\netcoreapp3.1\mstestproject.dll" id="ab872a76-b8e7-4d2f-a8cb-137cd6acd347">
      <TestCategory>
        <TestCategoryItem TestCategory="Category1000" />
      </TestCategory>
      <Execution id="73fd1c17-98f3-4acc-bdac-c74265348eed" />
      <TestMethod codeBase="C:\Projekty\MSTestProject\bin\Debug\netcoreapp3.1\MSTestProject.dll" adapterTypeName="executor://mstestadapter/v2" className="TwojeWesele.Services.Helpers.Tests.CurrencyHelperTests" name="FormatToStringTest1000" />
    </UnitTest>
    <UnitTest name="FormatToStringTest1000 (17845.255864087147,17845.26 zł)" storage="c:\projekty\mstestproject\bin\debug\netcoreapp3.1\mstestproject.dll" id="3caf548a-47ee-479c-b560-ca890f7d7834">
      <TestCategory>
        <TestCategoryItem TestCategory="Category1000" />
      </TestCategory>
      <Execution id="50bfd105-9d36-421c-9e6e-9e119f3bafde" />
      <TestMethod codeBase="C:\Projekty\MSTestProject\bin\Debug\netcoreapp3.1\MSTestProject.dll" adapterTypeName="executor://mstestadapter/v2" className="TwojeWesele.Services.Helpers.Tests.CurrencyHelperTests" name="FormatToStringTest1000" />
    </UnitTest>
    <UnitTest name="FormatToStringTest1000 (37589.670531794276,37589.67 zł)" storage="c:\projekty\mstestproject\bin\debug\netcoreapp3.1\mstestproject.dll" id="bf269c8a-ca9e-4952-a2e7-b437845e6a4a">
      <TestCategory>
        <TestCategoryItem TestCategory="Category1000" />
      </TestCategory>
      <Execution id="feaa96cf-19b9-4136-ab7b-bbb7e33adf15" />
      <TestMethod codeBase="C:\Projekty\MSTestProject\bin\Debug\netcoreapp3.1\MSTestProject.dll" adapterTypeName="executor://mstestadapter/v2" className="TwojeWesele.Services.Helpers.Tests.CurrencyHelperTests" name="FormatToStringTest1000" />
    </UnitTest>
    <UnitTest name="FormatToStringTest1000 (46607.970025941715,46607.97 zł)" storage="c:\projekty\mstestproject\bin\debug\netcoreapp3.1\mstestproject.dll" id="088045eb-f5a3-420c-8058-06524d10b7c1">
      <TestCategory>
        <TestCategoryItem TestCategory="Category1000" />
      </TestCategory>
      <Execution id="71ac0a05-7cba-458a-9cfc-063f271de969" />
      <TestMethod codeBase="C:\Projekty\MSTestProject\bin\Debug\netcoreapp3.1\MSTestProject.dll" adapterTypeName="executor://mstestadapter/v2" className="TwojeWesele.Services.Helpers.Tests.CurrencyHelperTests" name="FormatToStringTest1000" />
    </UnitTest>
    <UnitTest name="FormatToStringTest1000 (16282.687804925576,16282.69 zł)" storage="c:\projekty\mstestproject\bin\debug\netcoreapp3.1\mstestproject.dll" id="831d2964-110f-4272-a340-e18fd877aebb">
      <TestCategory>
        <TestCategoryItem TestCategory="Category1000" />
      </TestCategory>
      <Execution id="6c4c6a1f-fe49-4f9e-94a8-c8359308137c" />
      <TestMethod codeBase="C:\Projekty\MSTestProject\bin\Debug\netcoreapp3.1\MSTestProject.dll" adapterTypeName="executor://mstestadapter/v2" className="TwojeWesele.Services.Helpers.Tests.CurrencyHelperTests" name="FormatToStringTest1000" />
    </UnitTest>
    <UnitTest name="FormatToStringTest1000 (25908.345463821825,25908.35 zł)" storage="c:\projekty\mstestproject\bin\debug\netcoreapp3.1\mstestproject.dll" id="91abcd78-ef7f-4d63-a9dd-e2961addb820">
      <TestCategory>
        <TestCategoryItem TestCategory="Category1000" />
      </TestCategory>
      <Execution id="d2b393c5-df46-4533-a507-485bde475160" />
      <TestMethod codeBase="C:\Projekty\MSTestProject\bin\Debug\netcoreapp3.1\MSTestProject.dll" adapterTypeName="executor://mstestadapter/v2" className="TwojeWesele.Services.Helpers.Tests.CurrencyHelperTests" name="FormatToStringTest1000" />
    </UnitTest>
    <UnitTest name="FormatToStringTest1000 (7348.947429818543,7348.95 zł)" storage="c:\projekty\mstestproject\bin\debug\netcoreapp3.1\mstestproject.dll" id="2409ad5a-4b4e-49ca-8b75-750a56884ff1">
      <TestCategory>
        <TestCategoryItem TestCategory="Category1000" />
      </TestCategory>
      <Execution id="dc464485-ad9a-4efb-bacf-2c15ac7d80ac" />
      <TestMethod codeBase="C:\Projekty\MSTestProject\bin\Debug\netcoreapp3.1\MSTestProject.dll" adapterTypeName="executor://mstestadapter/v2" className="TwojeWesele.Services.Helpers.Tests.CurrencyHelperTests" name="FormatToStringTest1000" />
    </UnitTest>
    <UnitTest name="FormatToStringTest1000 (16161.963229990548,16161.96 zł)" storage="c:\projekty\mstestproject\bin\debug\netcoreapp3.1\mstestproject.dll" id="1d292a85-da90-490c-990e-c5fc6a7f856a">
      <TestCategory>
        <TestCategoryItem TestCategory="Category1000" />
      </TestCategory>
      <Execution id="7df50250-e61b-4dfe-8d48-ad0d104fda41" />
      <TestMethod codeBase="C:\Projekty\MSTestProject\bin\Debug\netcoreapp3.1\MSTestProject.dll" adapterTypeName="executor://mstestadapter/v2" className="TwojeWesele.Services.Helpers.Tests.CurrencyHelperTests" name="FormatToStringTest1000" />
    </UnitTest>
    <UnitTest name="FormatToStringTest1000 (5591.2222540617095,5591.22 zł)" storage="c:\projekty\mstestproject\bin\debug\netcoreapp3.1\mstestproject.dll" id="93754539-e358-417d-9d93-1f7e1a5820b2">
      <TestCategory>
        <TestCategoryItem TestCategory="Category1000" />
      </TestCategory>
      <Execution id="b6bc70c6-4372-4798-a290-c49478cdb837" />
      <TestMethod codeBase="C:\Projekty\MSTestProject\bin\Debug\netcoreapp3.1\MSTestProject.dll" adapterTypeName="executor://mstestadapter/v2" className="TwojeWesele.Services.Helpers.Tests.CurrencyHelperTests" name="FormatToStringTest1000" />
    </UnitTest>
    <UnitTest name="FormatToStringTest1000 (21785.42157155528,21785.42 zł)" storage="c:\projekty\mstestproject\bin\debug\netcoreapp3.1\mstestproject.dll" id="10642b70-9cb1-4b0b-a109-e2577e8912a7">
      <TestCategory>
        <TestCategoryItem TestCategory="Category1000" />
      </TestCategory>
      <Execution id="c6f88f89-3018-4716-8947-2b0ecd15e0de" />
      <TestMethod codeBase="C:\Projekty\MSTestProject\bin\Debug\netcoreapp3.1\MSTestProject.dll" adapterTypeName="executor://mstestadapter/v2" className="TwojeWesele.Services.Helpers.Tests.CurrencyHelperTests" name="FormatToStringTest1000" />
    </UnitTest>
    <UnitTest name="FormatToStringTest1000 (30578.687538491416,30578.69 zł)" storage="c:\projekty\mstestproject\bin\debug\netcoreapp3.1\mstestproject.dll" id="4e16c65e-6a0c-41bb-83bd-ab83b2d6b011">
      <TestCategory>
        <TestCategoryItem TestCategory="Category1000" />
      </TestCategory>
      <Execution id="da1559e7-93e3-41c4-8369-a434d8a8af83" />
      <TestMethod codeBase="C:\Projekty\MSTestProject\bin\Debug\netcoreapp3.1\MSTestProject.dll" adapterTypeName="executor://mstestadapter/v2" className="TwojeWesele.Services.Helpers.Tests.CurrencyHelperTests" name="FormatToStringTest1000" />
    </UnitTest>
    <UnitTest name="FormatToStringTest1000 (38803.03958246253,38803.04 zł)" storage="c:\projekty\mstestproject\bin\debug\netcoreapp3.1\mstestproject.dll" id="579230cc-387d-4cab-8221-a38c19da9f07">
      <TestCategory>
        <TestCategoryItem TestCategory="Category1000" />
      </TestCategory>
      <Execution id="ac3c97f2-fe67-4402-9b00-cf15c095ed1d" />
      <TestMethod codeBase="C:\Projekty\MSTestProject\bin\Debug\netcoreapp3.1\MSTestProject.dll" adapterTypeName="executor://mstestadapter/v2" className="TwojeWesele.Services.Helpers.Tests.CurrencyHelperTests" name="FormatToStringTest1000" />
    </UnitTest>
    <UnitTest name="FormatToStringTest1000 (10501.127379151585,10501.13 zł)" storage="c:\projekty\mstestproject\bin\debug\netcoreapp3.1\mstestproject.dll" id="8b149115-3c29-4441-a4a6-990ff380c9a3">
      <TestCategory>
        <TestCategoryItem TestCategory="Category1000" />
      </TestCategory>
      <Execution id="06c7a842-d6ff-4878-97f0-524c6ef63cdc" />
      <TestMethod codeBase="C:\Projekty\MSTestProject\bin\Debug\netcoreapp3.1\MSTestProject.dll" adapterTypeName="executor://mstestadapter/v2" className="TwojeWesele.Services.Helpers.Tests.CurrencyHelperTests" name="FormatToStringTest1000" />
    </UnitTest>
    <UnitTest name="FormatToStringTest1000 (2992.6161168593057,2992.62 zł)" storage="c:\projekty\mstestproject\bin\debug\netcoreapp3.1\mstestproject.dll" id="f770b3b8-7c6e-447a-b2e9-e349ad58fb9e">
      <TestCategory>
        <TestCategoryItem TestCategory="Category1000" />
      </TestCategory>
      <Execution id="f1f2b6a3-58b4-4340-987d-7b54c19b88e0" />
      <TestMethod codeBase="C:\Projekty\MSTestProject\bin\Debug\netcoreapp3.1\MSTestProject.dll" adapterTypeName="executor://mstestadapter/v2" className="TwojeWesele.Services.Helpers.Tests.CurrencyHelperTests" name="FormatToStringTest1000" />
    </UnitTest>
    <UnitTest name="FormatToStringTest1000 (20482.32969107308,20482.33 zł)" storage="c:\projekty\mstestproject\bin\debug\netcoreapp3.1\mstestproject.dll" id="092353b2-ecfc-4686-a011-cd8bff5069a7">
      <TestCategory>
        <TestCategoryItem TestCategory="Category1000" />
      </TestCategory>
      <Execution id="0d704f86-e75f-4aac-b780-10dfc8cc518d" />
      <TestMethod codeBase="C:\Projekty\MSTestProject\bin\Debug\netcoreapp3.1\MSTestProject.dll" adapterTypeName="executor://mstestadapter/v2" className="TwojeWesele.Services.Helpers.Tests.CurrencyHelperTests" name="FormatToStringTest1000" />
    </UnitTest>
    <UnitTest name="FormatToStringTest1000 (13844.577623300524,13844.58 zł)" storage="c:\projekty\mstestproject\bin\debug\netcoreapp3.1\mstestproject.dll" id="62468cd1-9d5d-44b6-bb3e-66905e59e509">
      <TestCategory>
        <TestCategoryItem TestCategory="Category1000" />
      </TestCategory>
      <Execution id="a95add9b-f856-4a09-9673-77d0835f8bdb" />
      <TestMethod codeBase="C:\Projekty\MSTestProject\bin\Debug\netcoreapp3.1\MSTestProject.dll" adapterTypeName="executor://mstestadapter/v2" className="TwojeWesele.Services.Helpers.Tests.CurrencyHelperTests" name="FormatToStringTest1000" />
    </UnitTest>
    <UnitTest name="FormatToStringTest1000 (5876.112133716285,5876.11 zł)" storage="c:\projekty\mstestproject\bin\debug\netcoreapp3.1\mstestproject.dll" id="9cfb9e64-1bbb-43e8-812f-67136f77e8fa">
      <TestCategory>
        <TestCategoryItem TestCategory="Category1000" />
      </TestCategory>
      <Execution id="a771bf7e-13af-4648-9c2f-8dfe8bf0d3a0" />
      <TestMethod codeBase="C:\Projekty\MSTestProject\bin\Debug\netcoreapp3.1\MSTestProject.dll" adapterTypeName="executor://mstestadapter/v2" className="TwojeWesele.Services.Helpers.Tests.CurrencyHelperTests" name="FormatToStringTest1000" />
    </UnitTest>
    <UnitTest name="FormatToStringTest1000 (2937.138486199611,2937.14 zł)" storage="c:\projekty\mstestproject\bin\debug\netcoreapp3.1\mstestproject.dll" id="c3d3ae7a-239a-4291-a417-745b0e57a79e">
      <TestCategory>
        <TestCategoryItem TestCategory="Category1000" />
      </TestCategory>
      <Execution id="4e51b25c-a0ef-4272-8142-64ec81ccbe0f" />
      <TestMethod codeBase="C:\Projekty\MSTestProject\bin\Debug\netcoreapp3.1\MSTestProject.dll" adapterTypeName="executor://mstestadapter/v2" className="TwojeWesele.Services.Helpers.Tests.CurrencyHelperTests" name="FormatToStringTest1000" />
    </UnitTest>
    <UnitTest name="FormatToStringTest1000 (33601.357302459124,33601.36 zł)" storage="c:\projekty\mstestproject\bin\debug\netcoreapp3.1\mstestproject.dll" id="165a8109-112e-4594-a637-1c09c6c147f5">
      <TestCategory>
        <TestCategoryItem TestCategory="Category1000" />
      </TestCategory>
      <Execution id="ba8392a1-1c00-42e3-9f46-05c66e0500d2" />
      <TestMethod codeBase="C:\Projekty\MSTestProject\bin\Debug\netcoreapp3.1\MSTestProject.dll" adapterTypeName="executor://mstestadapter/v2" className="TwojeWesele.Services.Helpers.Tests.CurrencyHelperTests" name="FormatToStringTest1000" />
    </UnitTest>
    <UnitTest name="FormatToStringTest1000 (10775.728533390784,10775.73 zł)" storage="c:\projekty\mstestproject\bin\debug\netcoreapp3.1\mstestproject.dll" id="36e3e948-286d-4da3-b5b8-08f14cdcf928">
      <TestCategory>
        <TestCategoryItem TestCategory="Category1000" />
      </TestCategory>
      <Execution id="80edd6fc-c63e-42f7-b377-148a58508f19" />
      <TestMethod codeBase="C:\Projekty\MSTestProject\bin\Debug\netcoreapp3.1\MSTestProject.dll" adapterTypeName="executor://mstestadapter/v2" className="TwojeWesele.Services.Helpers.Tests.CurrencyHelperTests" name="FormatToStringTest1000" />
    </UnitTest>
    <UnitTest name="FormatToStringTest1000 (3303.1902076747224,3303.19 zł)" storage="c:\projekty\mstestproject\bin\debug\netcoreapp3.1\mstestproject.dll" id="d39ac97e-bf4b-4350-ade2-25a9b34e36c8">
      <TestCategory>
        <TestCategoryItem TestCategory="Category1000" />
      </TestCategory>
      <Execution id="a4022e2c-641a-4511-82a3-b968f86c4951" />
      <TestMethod codeBase="C:\Projekty\MSTestProject\bin\Debug\netcoreapp3.1\MSTestProject.dll" adapterTypeName="executor://mstestadapter/v2" className="TwojeWesele.Services.Helpers.Tests.CurrencyHelperTests" name="FormatToStringTest1000" />
    </UnitTest>
    <UnitTest name="FormatToStringTest1000 (2901.9683054191846,2901.97 zł)" storage="c:\projekty\mstestproject\bin\debug\netcoreapp3.1\mstestproject.dll" id="1d1326a7-5633-4eb8-980a-fedb657b3175">
      <TestCategory>
        <TestCategoryItem TestCategory="Category1000" />
      </TestCategory>
      <Execution id="1c7b2366-e3b6-4378-9adb-f6f337b20369" />
      <TestMethod codeBase="C:\Projekty\MSTestProject\bin\Debug\netcoreapp3.1\MSTestProject.dll" adapterTypeName="executor://mstestadapter/v2" className="TwojeWesele.Services.Helpers.Tests.CurrencyHelperTests" name="FormatToStringTest1000" />
    </UnitTest>
    <UnitTest name="FormatToStringTest1000 (480.2082316857801,480.21 zł)" storage="c:\projekty\mstestproject\bin\debug\netcoreapp3.1\mstestproject.dll" id="510cd81f-56f7-45bb-bdff-ac60a1c7981b">
      <TestCategory>
        <TestCategoryItem TestCategory="Category1000" />
      </TestCategory>
      <Execution id="43e685ab-25df-406f-a917-73824ca93eda" />
      <TestMethod codeBase="C:\Projekty\MSTestProject\bin\Debug\netcoreapp3.1\MSTestProject.dll" adapterTypeName="executor://mstestadapter/v2" className="TwojeWesele.Services.Helpers.Tests.CurrencyHelperTests" name="FormatToStringTest1000" />
    </UnitTest>
    <UnitTest name="FormatToStringTest1000 (19363.881840787773,19363.88 zł)" storage="c:\projekty\mstestproject\bin\debug\netcoreapp3.1\mstestproject.dll" id="64420893-cadf-4030-aee0-d9c43e5270fc">
      <TestCategory>
        <TestCategoryItem TestCategory="Category1000" />
      </TestCategory>
      <Execution id="d466ebed-3ab3-4001-a94c-d5ca1a3819a3" />
      <TestMethod codeBase="C:\Projekty\MSTestProject\bin\Debug\netcoreapp3.1\MSTestProject.dll" adapterTypeName="executor://mstestadapter/v2" className="TwojeWesele.Services.Helpers.Tests.CurrencyHelperTests" name="FormatToStringTest1000" />
    </UnitTest>
    <UnitTest name="FormatToStringTest1000 (2444.4726240530017,2444.47 zł)" storage="c:\projekty\mstestproject\bin\debug\netcoreapp3.1\mstestproject.dll" id="d4ba3169-92cc-437f-8eb4-e934e72d95a8">
      <TestCategory>
        <TestCategoryItem TestCategory="Category1000" />
      </TestCategory>
      <Execution id="a5d8d655-555c-4ed2-9cb1-01ad998ef6ac" />
      <TestMethod codeBase="C:\Projekty\MSTestProject\bin\Debug\netcoreapp3.1\MSTestProject.dll" adapterTypeName="executor://mstestadapter/v2" className="TwojeWesele.Services.Helpers.Tests.CurrencyHelperTests" name="FormatToStringTest1000" />
    </UnitTest>
    <UnitTest name="FormatToStringTest1000 (50339.31259969497,50339.31 zł)" storage="c:\projekty\mstestproject\bin\debug\netcoreapp3.1\mstestproject.dll" id="19ae2bc1-1f1f-43d4-95fa-15c0518df19b">
      <TestCategory>
        <TestCategoryItem TestCategory="Category1000" />
      </TestCategory>
      <Execution id="6a74b440-a754-4a99-a2e1-ece452674abc" />
      <TestMethod codeBase="C:\Projekty\MSTestProject\bin\Debug\netcoreapp3.1\MSTestProject.dll" adapterTypeName="executor://mstestadapter/v2" className="TwojeWesele.Services.Helpers.Tests.CurrencyHelperTests" name="FormatToStringTest1000" />
    </UnitTest>
    <UnitTest name="FormatToStringTest1000 (12903.541202012237,12903.54 zł)" storage="c:\projekty\mstestproject\bin\debug\netcoreapp3.1\mstestproject.dll" id="b5942f9c-6671-43c3-92f6-809b4b21af22">
      <TestCategory>
        <TestCategoryItem TestCategory="Category1000" />
      </TestCategory>
      <Execution id="2d0ca045-a035-4ffc-87e4-a0c62bf6af28" />
      <TestMethod codeBase="C:\Projekty\MSTestProject\bin\Debug\netcoreapp3.1\MSTestProject.dll" adapterTypeName="executor://mstestadapter/v2" className="TwojeWesele.Services.Helpers.Tests.CurrencyHelperTests" name="FormatToStringTest1000" />
    </UnitTest>
    <UnitTest name="FormatToStringTest1000 (2929.267390865026,2929.27 zł)" storage="c:\projekty\mstestproject\bin\debug\netcoreapp3.1\mstestproject.dll" id="ae325a05-c0fa-4b97-a672-534c49f88583">
      <TestCategory>
        <TestCategoryItem TestCategory="Category1000" />
      </TestCategory>
      <Execution id="73f43cf3-4760-45f4-afc7-dd68d000c048" />
      <TestMethod codeBase="C:\Projekty\MSTestProject\bin\Debug\netcoreapp3.1\MSTestProject.dll" adapterTypeName="executor://mstestadapter/v2" className="TwojeWesele.Services.Helpers.Tests.CurrencyHelperTests" name="FormatToStringTest1000" />
    </UnitTest>
    <UnitTest name="FormatToStringTest1000 (6838.422316571894,6838.42 zł)" storage="c:\projekty\mstestproject\bin\debug\netcoreapp3.1\mstestproject.dll" id="927bd556-3d81-41c3-974a-0b2b019d77f0">
      <TestCategory>
        <TestCategoryItem TestCategory="Category1000" />
      </TestCategory>
      <Execution id="59573d9a-53cf-4506-a1ec-d15bc40a9aba" />
      <TestMethod codeBase="C:\Projekty\MSTestProject\bin\Debug\netcoreapp3.1\MSTestProject.dll" adapterTypeName="executor://mstestadapter/v2" className="TwojeWesele.Services.Helpers.Tests.CurrencyHelperTests" name="FormatToStringTest1000" />
    </UnitTest>
    <UnitTest name="FormatToStringTest1000 (59247.898931587064,59247.90 zł)" storage="c:\projekty\mstestproject\bin\debug\netcoreapp3.1\mstestproject.dll" id="97741462-69eb-4d83-9635-2ad36af9d4b2">
      <TestCategory>
        <TestCategoryItem TestCategory="Category1000" />
      </TestCategory>
      <Execution id="0dd660be-ec47-486c-8636-da4f2039d186" />
      <TestMethod codeBase="C:\Projekty\MSTestProject\bin\Debug\netcoreapp3.1\MSTestProject.dll" adapterTypeName="executor://mstestadapter/v2" className="TwojeWesele.Services.Helpers.Tests.CurrencyHelperTests" name="FormatToStringTest1000" />
    </UnitTest>
    <UnitTest name="FormatToStringTest1000 (10784.438152511344,10784.44 zł)" storage="c:\projekty\mstestproject\bin\debug\netcoreapp3.1\mstestproject.dll" id="3b7ed6c5-8b8e-4d75-840f-6af68f59a469">
      <TestCategory>
        <TestCategoryItem TestCategory="Category1000" />
      </TestCategory>
      <Execution id="6fb4eedc-0d7f-4c25-8563-7d617164ad21" />
      <TestMethod codeBase="C:\Projekty\MSTestProject\bin\Debug\netcoreapp3.1\MSTestProject.dll" adapterTypeName="executor://mstestadapter/v2" className="TwojeWesele.Services.Helpers.Tests.CurrencyHelperTests" name="FormatToStringTest1000" />
    </UnitTest>
    <UnitTest name="FormatToStringTest1000 (20497.107923553376,20497.11 zł)" storage="c:\projekty\mstestproject\bin\debug\netcoreapp3.1\mstestproject.dll" id="0d075ce7-3b75-418a-b33b-49682e963e05">
      <TestCategory>
        <TestCategoryItem TestCategory="Category1000" />
      </TestCategory>
      <Execution id="6dfc990d-cb00-4517-8e5b-bbda055fd626" />
      <TestMethod codeBase="C:\Projekty\MSTestProject\bin\Debug\netcoreapp3.1\MSTestProject.dll" adapterTypeName="executor://mstestadapter/v2" className="TwojeWesele.Services.Helpers.Tests.CurrencyHelperTests" name="FormatToStringTest1000" />
    </UnitTest>
    <UnitTest name="FormatToStringTest1000 (22743.19734205827,22743.20 zł)" storage="c:\projekty\mstestproject\bin\debug\netcoreapp3.1\mstestproject.dll" id="45b293bb-f22c-4a38-8b8c-91cb089e2159">
      <TestCategory>
        <TestCategoryItem TestCategory="Category1000" />
      </TestCategory>
      <Execution id="287d7a19-e8f1-4772-b44d-cab33e876a82" />
      <TestMethod codeBase="C:\Projekty\MSTestProject\bin\Debug\netcoreapp3.1\MSTestProject.dll" adapterTypeName="executor://mstestadapter/v2" className="TwojeWesele.Services.Helpers.Tests.CurrencyHelperTests" name="FormatToStringTest1000" />
    </UnitTest>
    <UnitTest name="FormatToStringTest1000 (1549.6599114973376,1549.66 zł)" storage="c:\projekty\mstestproject\bin\debug\netcoreapp3.1\mstestproject.dll" id="8ef108bc-c5b1-476e-8147-b370ab1b8527">
      <TestCategory>
        <TestCategoryItem TestCategory="Category1000" />
      </TestCategory>
      <Execution id="71a435e8-74ef-4ef8-9a05-64709948de25" />
      <TestMethod codeBase="C:\Projekty\MSTestProject\bin\Debug\netcoreapp3.1\MSTestProject.dll" adapterTypeName="executor://mstestadapter/v2" className="TwojeWesele.Services.Helpers.Tests.CurrencyHelperTests" name="FormatToStringTest1000" />
    </UnitTest>
    <UnitTest name="FormatToStringTest1000 (918.1842976688334,918.18 zł)" storage="c:\projekty\mstestproject\bin\debug\netcoreapp3.1\mstestproject.dll" id="eef86bb3-6a9c-48a4-bc7d-7da539140c74">
      <TestCategory>
        <TestCategoryItem TestCategory="Category1000" />
      </TestCategory>
      <Execution id="2aef271a-b45a-45fa-822f-c7cb51d8159c" />
      <TestMethod codeBase="C:\Projekty\MSTestProject\bin\Debug\netcoreapp3.1\MSTestProject.dll" adapterTypeName="executor://mstestadapter/v2" className="TwojeWesele.Services.Helpers.Tests.CurrencyHelperTests" name="FormatToStringTest1000" />
    </UnitTest>
    <UnitTest name="FormatToStringTest1000 (30020.248557890412,30020.25 zł)" storage="c:\projekty\mstestproject\bin\debug\netcoreapp3.1\mstestproject.dll" id="eacc82da-872c-4aa4-bd4b-954958fde559">
      <TestCategory>
        <TestCategoryItem TestCategory="Category1000" />
      </TestCategory>
      <Execution id="f16c6c6e-739c-4c74-8d9a-6a287c0f7572" />
      <TestMethod codeBase="C:\Projekty\MSTestProject\bin\Debug\netcoreapp3.1\MSTestProject.dll" adapterTypeName="executor://mstestadapter/v2" className="TwojeWesele.Services.Helpers.Tests.CurrencyHelperTests" name="FormatToStringTest1000" />
    </UnitTest>
    <UnitTest name="FormatToStringTest1000 (57671.67669738675,57671.68 zł)" storage="c:\projekty\mstestproject\bin\debug\netcoreapp3.1\mstestproject.dll" id="3ef14b0a-8cc1-4a33-a02c-24cc8caec9a7">
      <TestCategory>
        <TestCategoryItem TestCategory="Category1000" />
      </TestCategory>
      <Execution id="6acb0d54-84a3-43b6-84b5-fe0d770b45fb" />
      <TestMethod codeBase="C:\Projekty\MSTestProject\bin\Debug\netcoreapp3.1\MSTestProject.dll" adapterTypeName="executor://mstestadapter/v2" className="TwojeWesele.Services.Helpers.Tests.CurrencyHelperTests" name="FormatToStringTest1000" />
    </UnitTest>
    <UnitTest name="FormatToStringTest1000 (15600.245951180927,15600.25 zł)" storage="c:\projekty\mstestproject\bin\debug\netcoreapp3.1\mstestproject.dll" id="e717a841-d3aa-4eeb-a50c-3b7bf2defd01">
      <TestCategory>
        <TestCategoryItem TestCategory="Category1000" />
      </TestCategory>
      <Execution id="6a8044b8-10a2-42b8-8658-1268b9acbbe6" />
      <TestMethod codeBase="C:\Projekty\MSTestProject\bin\Debug\netcoreapp3.1\MSTestProject.dll" adapterTypeName="executor://mstestadapter/v2" className="TwojeWesele.Services.Helpers.Tests.CurrencyHelperTests" name="FormatToStringTest1000" />
    </UnitTest>
    <UnitTest name="FormatToStringTest1000 (76751.79413498091,76751.79 zł)" storage="c:\projekty\mstestproject\bin\debug\netcoreapp3.1\mstestproject.dll" id="02cdff2d-2240-4ccd-a48b-b9596cab67b2">
      <TestCategory>
        <TestCategoryItem TestCategory="Category1000" />
      </TestCategory>
      <Execution id="f90812b0-d469-4537-9f1c-7adb0011ea9b" />
      <TestMethod codeBase="C:\Projekty\MSTestProject\bin\Debug\netcoreapp3.1\MSTestProject.dll" adapterTypeName="executor://mstestadapter/v2" className="TwojeWesele.Services.Helpers.Tests.CurrencyHelperTests" name="FormatToStringTest1000" />
    </UnitTest>
    <UnitTest name="FormatToStringTest1000 (759.247198292635,759.25 zł)" storage="c:\projekty\mstestproject\bin\debug\netcoreapp3.1\mstestproject.dll" id="39443ae8-2dcc-4bfe-bae0-0fd358987846">
      <TestCategory>
        <TestCategoryItem TestCategory="Category1000" />
      </TestCategory>
      <Execution id="f4f36a13-7146-47bc-9afb-b3362d1552c1" />
      <TestMethod codeBase="C:\Projekty\MSTestProject\bin\Debug\netcoreapp3.1\MSTestProject.dll" adapterTypeName="executor://mstestadapter/v2" className="TwojeWesele.Services.Helpers.Tests.CurrencyHelperTests" name="FormatToStringTest1000" />
    </UnitTest>
    <UnitTest name="FormatToStringTest1000 (19462.729986486367,19462.73 zł)" storage="c:\projekty\mstestproject\bin\debug\netcoreapp3.1\mstestproject.dll" id="f35d42e6-c65a-4b55-b84c-0822b8c20333">
      <TestCategory>
        <TestCategoryItem TestCategory="Category1000" />
      </TestCategory>
      <Execution id="0b52db00-6d38-43da-8a9f-6dcb39b36f34" />
      <TestMethod codeBase="C:\Projekty\MSTestProject\bin\Debug\netcoreapp3.1\MSTestProject.dll" adapterTypeName="executor://mstestadapter/v2" className="TwojeWesele.Services.Helpers.Tests.CurrencyHelperTests" name="FormatToStringTest1000" />
    </UnitTest>
    <UnitTest name="FormatToStringTest1000 (11584.045280779732,11584.05 zł)" storage="c:\projekty\mstestproject\bin\debug\netcoreapp3.1\mstestproject.dll" id="122f942c-5501-4feb-941c-078c1d879621">
      <TestCategory>
        <TestCategoryItem TestCategory="Category1000" />
      </TestCategory>
      <Execution id="514d5320-dc7d-454f-b07b-a6d4a89a80ee" />
      <TestMethod codeBase="C:\Projekty\MSTestProject\bin\Debug\netcoreapp3.1\MSTestProject.dll" adapterTypeName="executor://mstestadapter/v2" className="TwojeWesele.Services.Helpers.Tests.CurrencyHelperTests" name="FormatToStringTest1000" />
    </UnitTest>
    <UnitTest name="FormatToStringTest1000 (48654.65723134794,48654.66 zł)" storage="c:\projekty\mstestproject\bin\debug\netcoreapp3.1\mstestproject.dll" id="3e60a9eb-b4a8-4d52-9361-3ff53556a61b">
      <TestCategory>
        <TestCategoryItem TestCategory="Category1000" />
      </TestCategory>
      <Execution id="f9b3a66d-3ee9-4d3c-b1ba-22ed1c36a472" />
      <TestMethod codeBase="C:\Projekty\MSTestProject\bin\Debug\netcoreapp3.1\MSTestProject.dll" adapterTypeName="executor://mstestadapter/v2" className="TwojeWesele.Services.Helpers.Tests.CurrencyHelperTests" name="FormatToStringTest1000" />
    </UnitTest>
    <UnitTest name="FormatToStringTest1000 (45887.58415794167,45887.58 zł)" storage="c:\projekty\mstestproject\bin\debug\netcoreapp3.1\mstestproject.dll" id="ab450b9c-90fa-41a2-8d91-857002cba329">
      <TestCategory>
        <TestCategoryItem TestCategory="Category1000" />
      </TestCategory>
      <Execution id="4169615c-38c7-4679-bee7-58c7abab3cfa" />
      <TestMethod codeBase="C:\Projekty\MSTestProject\bin\Debug\netcoreapp3.1\MSTestProject.dll" adapterTypeName="executor://mstestadapter/v2" className="TwojeWesele.Services.Helpers.Tests.CurrencyHelperTests" name="FormatToStringTest1000" />
    </UnitTest>
    <UnitTest name="FormatToStringTest1000 (10857.521742201186,10857.52 zł)" storage="c:\projekty\mstestproject\bin\debug\netcoreapp3.1\mstestproject.dll" id="8bd6ad24-e1c8-4648-a5fa-07fee1a70bb7">
      <TestCategory>
        <TestCategoryItem TestCategory="Category1000" />
      </TestCategory>
      <Execution id="ca345c4d-6f06-4759-b11b-5fefb9de46e8" />
      <TestMethod codeBase="C:\Projekty\MSTestProject\bin\Debug\netcoreapp3.1\MSTestProject.dll" adapterTypeName="executor://mstestadapter/v2" className="TwojeWesele.Services.Helpers.Tests.CurrencyHelperTests" name="FormatToStringTest1000" />
    </UnitTest>
    <UnitTest name="FormatToStringTest1000 (16673.5121774904,16673.51 zł)" storage="c:\projekty\mstestproject\bin\debug\netcoreapp3.1\mstestproject.dll" id="0d4ee60e-f175-4621-a93e-6e09c3dd09ba">
      <TestCategory>
        <TestCategoryItem TestCategory="Category1000" />
      </TestCategory>
      <Execution id="60f3ea4d-c04a-44c5-8fb5-b6fb8d274155" />
      <TestMethod codeBase="C:\Projekty\MSTestProject\bin\Debug\netcoreapp3.1\MSTestProject.dll" adapterTypeName="executor://mstestadapter/v2" className="TwojeWesele.Services.Helpers.Tests.CurrencyHelperTests" name="FormatToStringTest1000" />
    </UnitTest>
    <UnitTest name="FormatToStringTest1000 (24957.469502810607,24957.47 zł)" storage="c:\projekty\mstestproject\bin\debug\netcoreapp3.1\mstestproject.dll" id="0b2bf83d-975d-4438-bc59-1a01e8e6941b">
      <TestCategory>
        <TestCategoryItem TestCategory="Category1000" />
      </TestCategory>
      <Execution id="4d65df5c-735f-4e96-84bb-d1b75fd11cfd" />
      <TestMethod codeBase="C:\Projekty\MSTestProject\bin\Debug\netcoreapp3.1\MSTestProject.dll" adapterTypeName="executor://mstestadapter/v2" className="TwojeWesele.Services.Helpers.Tests.CurrencyHelperTests" name="FormatToStringTest1000" />
    </UnitTest>
    <UnitTest name="FormatToStringTest1000 (100.45267071130345,100.45 zł)" storage="c:\projekty\mstestproject\bin\debug\netcoreapp3.1\mstestproject.dll" id="df17b329-cf1f-40cd-93e4-ef6924a0ecb5">
      <TestCategory>
        <TestCategoryItem TestCategory="Category1000" />
      </TestCategory>
      <Execution id="273a5ec7-482b-4634-ba16-5df35ca7c1c0" />
      <TestMethod codeBase="C:\Projekty\MSTestProject\bin\Debug\netcoreapp3.1\MSTestProject.dll" adapterTypeName="executor://mstestadapter/v2" className="TwojeWesele.Services.Helpers.Tests.CurrencyHelperTests" name="FormatToStringTest1000" />
    </UnitTest>
    <UnitTest name="FormatToStringTest1000 (27893.312729890138,27893.31 zł)" storage="c:\projekty\mstestproject\bin\debug\netcoreapp3.1\mstestproject.dll" id="06f7b105-5439-464c-a7e6-39285a035a0e">
      <TestCategory>
        <TestCategoryItem TestCategory="Category1000" />
      </TestCategory>
      <Execution id="661aa594-ac79-47d3-adb9-d941689cef61" />
      <TestMethod codeBase="C:\Projekty\MSTestProject\bin\Debug\netcoreapp3.1\MSTestProject.dll" adapterTypeName="executor://mstestadapter/v2" className="TwojeWesele.Services.Helpers.Tests.CurrencyHelperTests" name="FormatToStringTest1000" />
    </UnitTest>
    <UnitTest name="FormatToStringTest1000 (6417.5922460628635,6417.59 zł)" storage="c:\projekty\mstestproject\bin\debug\netcoreapp3.1\mstestproject.dll" id="b4c343b7-bb92-4995-9a38-d3cb83a29318">
      <TestCategory>
        <TestCategoryItem TestCategory="Category1000" />
      </TestCategory>
      <Execution id="197ac661-4aac-4575-babc-e068545699ef" />
      <TestMethod codeBase="C:\Projekty\MSTestProject\bin\Debug\netcoreapp3.1\MSTestProject.dll" adapterTypeName="executor://mstestadapter/v2" className="TwojeWesele.Services.Helpers.Tests.CurrencyHelperTests" name="FormatToStringTest1000" />
    </UnitTest>
    <UnitTest name="FormatToStringTest1000 (71554.9786298829,71554.98 zł)" storage="c:\projekty\mstestproject\bin\debug\netcoreapp3.1\mstestproject.dll" id="77e0869d-44e3-4708-8b36-04883188ccec">
      <TestCategory>
        <TestCategoryItem TestCategory="Category1000" />
      </TestCategory>
      <Execution id="8d26b798-c422-4b3a-bebe-7cfc8caeb36a" />
      <TestMethod codeBase="C:\Projekty\MSTestProject\bin\Debug\netcoreapp3.1\MSTestProject.dll" adapterTypeName="executor://mstestadapter/v2" className="TwojeWesele.Services.Helpers.Tests.CurrencyHelperTests" name="FormatToStringTest1000" />
    </UnitTest>
    <UnitTest name="FormatToStringTest1000 (57564.498126061866,57564.50 zł)" storage="c:\projekty\mstestproject\bin\debug\netcoreapp3.1\mstestproject.dll" id="2f7b7f99-6b01-44d3-b3e6-ad663da27846">
      <TestCategory>
        <TestCategoryItem TestCategory="Category1000" />
      </TestCategory>
      <Execution id="349ef0eb-2ba7-4733-9740-b3ac84ea64ea" />
      <TestMethod codeBase="C:\Projekty\MSTestProject\bin\Debug\netcoreapp3.1\MSTestProject.dll" adapterTypeName="executor://mstestadapter/v2" className="TwojeWesele.Services.Helpers.Tests.CurrencyHelperTests" name="FormatToStringTest1000" />
    </UnitTest>
    <UnitTest name="FormatToStringTest1000 (45445.182098106096,45445.18 zł)" storage="c:\projekty\mstestproject\bin\debug\netcoreapp3.1\mstestproject.dll" id="d9b06a77-9e37-41fe-bb3f-d0783b6a819b">
      <TestCategory>
        <TestCategoryItem TestCategory="Category1000" />
      </TestCategory>
      <Execution id="accc477f-e1d5-43a2-b44d-4d9f6244f3c1" />
      <TestMethod codeBase="C:\Projekty\MSTestProject\bin\Debug\netcoreapp3.1\MSTestProject.dll" adapterTypeName="executor://mstestadapter/v2" className="TwojeWesele.Services.Helpers.Tests.CurrencyHelperTests" name="FormatToStringTest1000" />
    </UnitTest>
    <UnitTest name="FormatToStringTest1000 (6466.872242818062,6466.87 zł)" storage="c:\projekty\mstestproject\bin\debug\netcoreapp3.1\mstestproject.dll" id="ea8badca-9624-4be4-be11-0fd66a4c5ab9">
      <TestCategory>
        <TestCategoryItem TestCategory="Category1000" />
      </TestCategory>
      <Execution id="4f215a80-9c2f-4e25-ac8d-b6ea878ee729" />
      <TestMethod codeBase="C:\Projekty\MSTestProject\bin\Debug\netcoreapp3.1\MSTestProject.dll" adapterTypeName="executor://mstestadapter/v2" className="TwojeWesele.Services.Helpers.Tests.CurrencyHelperTests" name="FormatToStringTest1000" />
    </UnitTest>
    <UnitTest name="FormatToStringTest1000 (11157.981051815665,11157.98 zł)" storage="c:\projekty\mstestproject\bin\debug\netcoreapp3.1\mstestproject.dll" id="0fca047d-0812-4ab5-97c1-4602ffedf526">
      <TestCategory>
        <TestCategoryItem TestCategory="Category1000" />
      </TestCategory>
      <Execution id="848854fa-02f7-4edb-886f-47ceb48ac8a0" />
      <TestMethod codeBase="C:\Projekty\MSTestProject\bin\Debug\netcoreapp3.1\MSTestProject.dll" adapterTypeName="executor://mstestadapter/v2" className="TwojeWesele.Services.Helpers.Tests.CurrencyHelperTests" name="FormatToStringTest1000" />
    </UnitTest>
    <UnitTest name="FormatToStringTest1000 (32359.431438434138,32359.43 zł)" storage="c:\projekty\mstestproject\bin\debug\netcoreapp3.1\mstestproject.dll" id="d87161da-a014-481b-bb39-26ae8e778202">
      <TestCategory>
        <TestCategoryItem TestCategory="Category1000" />
      </TestCategory>
      <Execution id="e6d9da3a-f0d3-4a90-bfb8-d8fa7bcb09c4" />
      <TestMethod codeBase="C:\Projekty\MSTestProject\bin\Debug\netcoreapp3.1\MSTestProject.dll" adapterTypeName="executor://mstestadapter/v2" className="TwojeWesele.Services.Helpers.Tests.CurrencyHelperTests" name="FormatToStringTest1000" />
    </UnitTest>
    <UnitTest name="FormatToStringTest1000 (35.34471716840971,35.34 zł)" storage="c:\projekty\mstestproject\bin\debug\netcoreapp3.1\mstestproject.dll" id="7d8916b6-0462-437b-896f-7bce93631194">
      <TestCategory>
        <TestCategoryItem TestCategory="Category1000" />
      </TestCategory>
      <Execution id="2018dd4f-84a0-4d86-85f5-729320afea1f" />
      <TestMethod codeBase="C:\Projekty\MSTestProject\bin\Debug\netcoreapp3.1\MSTestProject.dll" adapterTypeName="executor://mstestadapter/v2" className="TwojeWesele.Services.Helpers.Tests.CurrencyHelperTests" name="FormatToStringTest1000" />
    </UnitTest>
    <UnitTest name="FormatToStringTest1000 (44065.726815678056,44065.73 zł)" storage="c:\projekty\mstestproject\bin\debug\netcoreapp3.1\mstestproject.dll" id="92a56d20-74fe-42d0-a826-9b1f3c57eede">
      <TestCategory>
        <TestCategoryItem TestCategory="Category1000" />
      </TestCategory>
      <Execution id="5905005a-5f0a-42f5-bcbf-88b911146818" />
      <TestMethod codeBase="C:\Projekty\MSTestProject\bin\Debug\netcoreapp3.1\MSTestProject.dll" adapterTypeName="executor://mstestadapter/v2" className="TwojeWesele.Services.Helpers.Tests.CurrencyHelperTests" name="FormatToStringTest1000" />
    </UnitTest>
    <UnitTest name="FormatToStringTest1000 (26515.80237687929,26515.80 zł)" storage="c:\projekty\mstestproject\bin\debug\netcoreapp3.1\mstestproject.dll" id="1e5fb9c2-00d6-4cb2-9c6b-fea89dc09575">
      <TestCategory>
        <TestCategoryItem TestCategory="Category1000" />
      </TestCategory>
      <Execution id="a1d8e95b-9635-448e-9221-0e6b5119f365" />
      <TestMethod codeBase="C:\Projekty\MSTestProject\bin\Debug\netcoreapp3.1\MSTestProject.dll" adapterTypeName="executor://mstestadapter/v2" className="TwojeWesele.Services.Helpers.Tests.CurrencyHelperTests" name="FormatToStringTest1000" />
    </UnitTest>
    <UnitTest name="FormatToStringTest1000 (22248.263319677797,22248.26 zł)" storage="c:\projekty\mstestproject\bin\debug\netcoreapp3.1\mstestproject.dll" id="0b174d43-0355-4122-aab5-f3a0ba6d04fd">
      <TestCategory>
        <TestCategoryItem TestCategory="Category1000" />
      </TestCategory>
      <Execution id="6290ac26-9677-4296-a03b-98bfa7425b2b" />
      <TestMethod codeBase="C:\Projekty\MSTestProject\bin\Debug\netcoreapp3.1\MSTestProject.dll" adapterTypeName="executor://mstestadapter/v2" className="TwojeWesele.Services.Helpers.Tests.CurrencyHelperTests" name="FormatToStringTest1000" />
    </UnitTest>
    <UnitTest name="FormatToStringTest1000 (5022.470719070859,5022.47 zł)" storage="c:\projekty\mstestproject\bin\debug\netcoreapp3.1\mstestproject.dll" id="9ee1b19c-4323-4bbe-b698-c4900195e9b0">
      <TestCategory>
        <TestCategoryItem TestCategory="Category1000" />
      </TestCategory>
      <Execution id="c63051d0-7ad1-4d47-bb7c-ed7f84c4ab88" />
      <TestMethod codeBase="C:\Projekty\MSTestProject\bin\Debug\netcoreapp3.1\MSTestProject.dll" adapterTypeName="executor://mstestadapter/v2" className="TwojeWesele.Services.Helpers.Tests.CurrencyHelperTests" name="FormatToStringTest1000" />
    </UnitTest>
    <UnitTest name="FormatToStringTest1000 (8542.520616738833,8542.52 zł)" storage="c:\projekty\mstestproject\bin\debug\netcoreapp3.1\mstestproject.dll" id="9d6c877a-2187-494c-aba8-6ed271c15f12">
      <TestCategory>
        <TestCategoryItem TestCategory="Category1000" />
      </TestCategory>
      <Execution id="1b092516-14de-4dcc-ac4d-909f843fb911" />
      <TestMethod codeBase="C:\Projekty\MSTestProject\bin\Debug\netcoreapp3.1\MSTestProject.dll" adapterTypeName="executor://mstestadapter/v2" className="TwojeWesele.Services.Helpers.Tests.CurrencyHelperTests" name="FormatToStringTest1000" />
    </UnitTest>
    <UnitTest name="FormatToStringTest1000 (76536.95853396178,76536.96 zł)" storage="c:\projekty\mstestproject\bin\debug\netcoreapp3.1\mstestproject.dll" id="fcfcf6d8-6f19-4006-a1d1-f2da7ee0de05">
      <TestCategory>
        <TestCategoryItem TestCategory="Category1000" />
      </TestCategory>
      <Execution id="90db039b-0090-415f-8e4b-a5989b001eea" />
      <TestMethod codeBase="C:\Projekty\MSTestProject\bin\Debug\netcoreapp3.1\MSTestProject.dll" adapterTypeName="executor://mstestadapter/v2" className="TwojeWesele.Services.Helpers.Tests.CurrencyHelperTests" name="FormatToStringTest1000" />
    </UnitTest>
    <UnitTest name="FormatToStringTest1000 (21693.340115174808,21693.34 zł)" storage="c:\projekty\mstestproject\bin\debug\netcoreapp3.1\mstestproject.dll" id="c60f5a32-a436-4299-9fd4-f9c4cf383768">
      <TestCategory>
        <TestCategoryItem TestCategory="Category1000" />
      </TestCategory>
      <Execution id="19ce6794-d32c-46c7-b0c0-94d475d2d22d" />
      <TestMethod codeBase="C:\Projekty\MSTestProject\bin\Debug\netcoreapp3.1\MSTestProject.dll" adapterTypeName="executor://mstestadapter/v2" className="TwojeWesele.Services.Helpers.Tests.CurrencyHelperTests" name="FormatToStringTest1000" />
    </UnitTest>
    <UnitTest name="FormatToStringTest1000 (181.3640542483721,181.36 zł)" storage="c:\projekty\mstestproject\bin\debug\netcoreapp3.1\mstestproject.dll" id="7be1ec9f-447d-4216-a79b-d295d2c901fb">
      <TestCategory>
        <TestCategoryItem TestCategory="Category1000" />
      </TestCategory>
      <Execution id="24005cd1-2663-4561-8b76-f8aecd1c4a38" />
      <TestMethod codeBase="C:\Projekty\MSTestProject\bin\Debug\netcoreapp3.1\MSTestProject.dll" adapterTypeName="executor://mstestadapter/v2" className="TwojeWesele.Services.Helpers.Tests.CurrencyHelperTests" name="FormatToStringTest1000" />
    </UnitTest>
    <UnitTest name="FormatToStringTest1000 (21602.417596116393,21602.42 zł)" storage="c:\projekty\mstestproject\bin\debug\netcoreapp3.1\mstestproject.dll" id="9bfd128c-ea6b-455b-bc47-63ac5cb5429f">
      <TestCategory>
        <TestCategoryItem TestCategory="Category1000" />
      </TestCategory>
      <Execution id="a8414298-2533-47d6-97e1-25a9459754a2" />
      <TestMethod codeBase="C:\Projekty\MSTestProject\bin\Debug\netcoreapp3.1\MSTestProject.dll" adapterTypeName="executor://mstestadapter/v2" className="TwojeWesele.Services.Helpers.Tests.CurrencyHelperTests" name="FormatToStringTest1000" />
    </UnitTest>
    <UnitTest name="FormatToStringTest1000 (30383.303633991305,30383.30 zł)" storage="c:\projekty\mstestproject\bin\debug\netcoreapp3.1\mstestproject.dll" id="9fe728b6-9a46-4508-8b31-d11c4553261f">
      <TestCategory>
        <TestCategoryItem TestCategory="Category1000" />
      </TestCategory>
      <Execution id="bd0a080e-b411-4c8c-983f-1163782eaea6" />
      <TestMethod codeBase="C:\Projekty\MSTestProject\bin\Debug\netcoreapp3.1\MSTestProject.dll" adapterTypeName="executor://mstestadapter/v2" className="TwojeWesele.Services.Helpers.Tests.CurrencyHelperTests" name="FormatToStringTest1000" />
    </UnitTest>
    <UnitTest name="FormatToStringTest1000 (10461.455048841171,10461.46 zł)" storage="c:\projekty\mstestproject\bin\debug\netcoreapp3.1\mstestproject.dll" id="fc484ff8-214f-4a9e-8266-7620054d20de">
      <TestCategory>
        <TestCategoryItem TestCategory="Category1000" />
      </TestCategory>
      <Execution id="de472659-667f-4a9a-a3f5-4fee91e0d5b9" />
      <TestMethod codeBase="C:\Projekty\MSTestProject\bin\Debug\netcoreapp3.1\MSTestProject.dll" adapterTypeName="executor://mstestadapter/v2" className="TwojeWesele.Services.Helpers.Tests.CurrencyHelperTests" name="FormatToStringTest1000" />
    </UnitTest>
    <UnitTest name="FormatToStringTest1000 (55457.96873490278,55457.97 zł)" storage="c:\projekty\mstestproject\bin\debug\netcoreapp3.1\mstestproject.dll" id="0fdb1e03-0a06-4157-a0dd-45d675429e3a">
      <TestCategory>
        <TestCategoryItem TestCategory="Category1000" />
      </TestCategory>
      <Execution id="e69d1f2a-5cfb-4c9e-992d-4b1722ef9666" />
      <TestMethod codeBase="C:\Projekty\MSTestProject\bin\Debug\netcoreapp3.1\MSTestProject.dll" adapterTypeName="executor://mstestadapter/v2" className="TwojeWesele.Services.Helpers.Tests.CurrencyHelperTests" name="FormatToStringTest1000" />
    </UnitTest>
    <UnitTest name="FormatToStringTest1000 (19609.759296997803,19609.76 zł)" storage="c:\projekty\mstestproject\bin\debug\netcoreapp3.1\mstestproject.dll" id="99f3fca7-9b00-4ee3-ba55-5fd4ed13b5de">
      <TestCategory>
        <TestCategoryItem TestCategory="Category1000" />
      </TestCategory>
      <Execution id="8ee254bc-aa5a-4096-95d7-65945d49fa06" />
      <TestMethod codeBase="C:\Projekty\MSTestProject\bin\Debug\netcoreapp3.1\MSTestProject.dll" adapterTypeName="executor://mstestadapter/v2" className="TwojeWesele.Services.Helpers.Tests.CurrencyHelperTests" name="FormatToStringTest1000" />
    </UnitTest>
    <UnitTest name="FormatToStringTest1000 (8768.816937361293,8768.82 zł)" storage="c:\projekty\mstestproject\bin\debug\netcoreapp3.1\mstestproject.dll" id="b73d0284-0012-4e60-baba-8908b1736edb">
      <TestCategory>
        <TestCategoryItem TestCategory="Category1000" />
      </TestCategory>
      <Execution id="292e7e7c-a5e0-4da8-977e-bc15996a1589" />
      <TestMethod codeBase="C:\Projekty\MSTestProject\bin\Debug\netcoreapp3.1\MSTestProject.dll" adapterTypeName="executor://mstestadapter/v2" className="TwojeWesele.Services.Helpers.Tests.CurrencyHelperTests" name="FormatToStringTest1000" />
    </UnitTest>
    <UnitTest name="FormatToStringTest1000 (36893.66238331593,36893.66 zł)" storage="c:\projekty\mstestproject\bin\debug\netcoreapp3.1\mstestproject.dll" id="a1cd9a6d-b138-4ac9-954b-11fe1ee39fa2">
      <TestCategory>
        <TestCategoryItem TestCategory="Category1000" />
      </TestCategory>
      <Execution id="1c1b2475-38eb-4155-a4b0-3653978afc32" />
      <TestMethod codeBase="C:\Projekty\MSTestProject\bin\Debug\netcoreapp3.1\MSTestProject.dll" adapterTypeName="executor://mstestadapter/v2" className="TwojeWesele.Services.Helpers.Tests.CurrencyHelperTests" name="FormatToStringTest1000" />
    </UnitTest>
    <UnitTest name="FormatToStringTest1000 (11181.228339251702,11181.23 zł)" storage="c:\projekty\mstestproject\bin\debug\netcoreapp3.1\mstestproject.dll" id="a9b2b4fc-5c3f-4621-b68e-8857c9e2e386">
      <TestCategory>
        <TestCategoryItem TestCategory="Category1000" />
      </TestCategory>
      <Execution id="8ac9a0c6-f789-4b65-a8d4-7f132e31126c" />
      <TestMethod codeBase="C:\Projekty\MSTestProject\bin\Debug\netcoreapp3.1\MSTestProject.dll" adapterTypeName="executor://mstestadapter/v2" className="TwojeWesele.Services.Helpers.Tests.CurrencyHelperTests" name="FormatToStringTest1000" />
    </UnitTest>
    <UnitTest name="FormatToStringTest1000 (17418.31302247863,17418.31 zł)" storage="c:\projekty\mstestproject\bin\debug\netcoreapp3.1\mstestproject.dll" id="279f8d13-64c5-4c40-8996-c36cb7637949">
      <TestCategory>
        <TestCategoryItem TestCategory="Category1000" />
      </TestCategory>
      <Execution id="6b9175de-7b25-44aa-8248-a1e3e32de703" />
      <TestMethod codeBase="C:\Projekty\MSTestProject\bin\Debug\netcoreapp3.1\MSTestProject.dll" adapterTypeName="executor://mstestadapter/v2" className="TwojeWesele.Services.Helpers.Tests.CurrencyHelperTests" name="FormatToStringTest1000" />
    </UnitTest>
    <UnitTest name="FormatToStringTest1000 (16427.591943671738,16427.59 zł)" storage="c:\projekty\mstestproject\bin\debug\netcoreapp3.1\mstestproject.dll" id="f125f328-6d78-4642-86c4-6b5e1ae40040">
      <TestCategory>
        <TestCategoryItem TestCategory="Category1000" />
      </TestCategory>
      <Execution id="ddcbeaa4-b13b-4f49-a71c-5645d4e077b7" />
      <TestMethod codeBase="C:\Projekty\MSTestProject\bin\Debug\netcoreapp3.1\MSTestProject.dll" adapterTypeName="executor://mstestadapter/v2" className="TwojeWesele.Services.Helpers.Tests.CurrencyHelperTests" name="FormatToStringTest1000" />
    </UnitTest>
    <UnitTest name="FormatToStringTest1000 (4139.032615562451,4139.03 zł)" storage="c:\projekty\mstestproject\bin\debug\netcoreapp3.1\mstestproject.dll" id="a61f171b-2a72-4e96-baa6-2b2bd86efed8">
      <TestCategory>
        <TestCategoryItem TestCategory="Category1000" />
      </TestCategory>
      <Execution id="e9dc9327-d2df-4975-8c43-4cb862c57193" />
      <TestMethod codeBase="C:\Projekty\MSTestProject\bin\Debug\netcoreapp3.1\MSTestProject.dll" adapterTypeName="executor://mstestadapter/v2" className="TwojeWesele.Services.Helpers.Tests.CurrencyHelperTests" name="FormatToStringTest1000" />
    </UnitTest>
    <UnitTest name="FormatToStringTest1000 (9897.705953436767,9897.71 zł)" storage="c:\projekty\mstestproject\bin\debug\netcoreapp3.1\mstestproject.dll" id="6757d356-f897-4b76-a39b-44a366967554">
      <TestCategory>
        <TestCategoryItem TestCategory="Category1000" />
      </TestCategory>
      <Execution id="2ec899c9-3f3a-468b-8482-33105c9b1625" />
      <TestMethod codeBase="C:\Projekty\MSTestProject\bin\Debug\netcoreapp3.1\MSTestProject.dll" adapterTypeName="executor://mstestadapter/v2" className="TwojeWesele.Services.Helpers.Tests.CurrencyHelperTests" name="FormatToStringTest1000" />
    </UnitTest>
    <UnitTest name="FormatToStringTest1000 (75024.79122970243,75024.79 zł)" storage="c:\projekty\mstestproject\bin\debug\netcoreapp3.1\mstestproject.dll" id="2aec5608-aeea-4fc2-b212-07b078bed329">
      <TestCategory>
        <TestCategoryItem TestCategory="Category1000" />
      </TestCategory>
      <Execution id="5ad5489c-fe70-48ea-9ebe-84548e466534" />
      <TestMethod codeBase="C:\Projekty\MSTestProject\bin\Debug\netcoreapp3.1\MSTestProject.dll" adapterTypeName="executor://mstestadapter/v2" className="TwojeWesele.Services.Helpers.Tests.CurrencyHelperTests" name="FormatToStringTest1000" />
    </UnitTest>
    <UnitTest name="FormatToStringTest1000 (70581.91150977784,70581.91 zł)" storage="c:\projekty\mstestproject\bin\debug\netcoreapp3.1\mstestproject.dll" id="3ddd71e1-db76-4715-b2f2-8255f6e2563d">
      <TestCategory>
        <TestCategoryItem TestCategory="Category1000" />
      </TestCategory>
      <Execution id="bed9900b-7c76-44ce-b654-63368fb933b3" />
      <TestMethod codeBase="C:\Projekty\MSTestProject\bin\Debug\netcoreapp3.1\MSTestProject.dll" adapterTypeName="executor://mstestadapter/v2" className="TwojeWesele.Services.Helpers.Tests.CurrencyHelperTests" name="FormatToStringTest1000" />
    </UnitTest>
    <UnitTest name="FormatToStringTest1000 (21893.78889296939,21893.79 zł)" storage="c:\projekty\mstestproject\bin\debug\netcoreapp3.1\mstestproject.dll" id="0a5a5cce-8b3c-4382-b316-99611ce7a877">
      <TestCategory>
        <TestCategoryItem TestCategory="Category1000" />
      </TestCategory>
      <Execution id="ddeb1aef-7a16-4cc7-a8bd-586f100d6271" />
      <TestMethod codeBase="C:\Projekty\MSTestProject\bin\Debug\netcoreapp3.1\MSTestProject.dll" adapterTypeName="executor://mstestadapter/v2" className="TwojeWesele.Services.Helpers.Tests.CurrencyHelperTests" name="FormatToStringTest1000" />
    </UnitTest>
    <UnitTest name="FormatToStringTest1000 (9628.688698104437,9628.69 zł)" storage="c:\projekty\mstestproject\bin\debug\netcoreapp3.1\mstestproject.dll" id="d2077b96-2cca-4206-81d9-dcb0c6a85785">
      <TestCategory>
        <TestCategoryItem TestCategory="Category1000" />
      </TestCategory>
      <Execution id="71036095-1356-4a2e-938b-ee9f2f8f0de0" />
      <TestMethod codeBase="C:\Projekty\MSTestProject\bin\Debug\netcoreapp3.1\MSTestProject.dll" adapterTypeName="executor://mstestadapter/v2" className="TwojeWesele.Services.Helpers.Tests.CurrencyHelperTests" name="FormatToStringTest1000" />
    </UnitTest>
    <UnitTest name="FormatToStringTest1000 (16210.791556035536,16210.79 zł)" storage="c:\projekty\mstestproject\bin\debug\netcoreapp3.1\mstestproject.dll" id="296d1162-aee9-47e0-a03e-3537a0d0e8bf">
      <TestCategory>
        <TestCategoryItem TestCategory="Category1000" />
      </TestCategory>
      <Execution id="9ed763fa-4292-4700-848a-df0f7e3e7af5" />
      <TestMethod codeBase="C:\Projekty\MSTestProject\bin\Debug\netcoreapp3.1\MSTestProject.dll" adapterTypeName="executor://mstestadapter/v2" className="TwojeWesele.Services.Helpers.Tests.CurrencyHelperTests" name="FormatToStringTest1000" />
    </UnitTest>
    <UnitTest name="FormatToStringTest1000 (17090.629587323234,17090.63 zł)" storage="c:\projekty\mstestproject\bin\debug\netcoreapp3.1\mstestproject.dll" id="3868ae03-e9bf-4072-b8ec-cf2cfbe5d218">
      <TestCategory>
        <TestCategoryItem TestCategory="Category1000" />
      </TestCategory>
      <Execution id="18c2916b-d2ce-48f9-8f84-3109087e5e0e" />
      <TestMethod codeBase="C:\Projekty\MSTestProject\bin\Debug\netcoreapp3.1\MSTestProject.dll" adapterTypeName="executor://mstestadapter/v2" className="TwojeWesele.Services.Helpers.Tests.CurrencyHelperTests" name="FormatToStringTest1000" />
    </UnitTest>
    <UnitTest name="FormatToStringTest1000 (6915.421130504656,6915.42 zł)" storage="c:\projekty\mstestproject\bin\debug\netcoreapp3.1\mstestproject.dll" id="a4000a5e-1231-4c32-9999-c744ab60caa0">
      <TestCategory>
        <TestCategoryItem TestCategory="Category1000" />
      </TestCategory>
      <Execution id="b42cd408-c695-4b87-8f29-ce28c94001b6" />
      <TestMethod codeBase="C:\Projekty\MSTestProject\bin\Debug\netcoreapp3.1\MSTestProject.dll" adapterTypeName="executor://mstestadapter/v2" className="TwojeWesele.Services.Helpers.Tests.CurrencyHelperTests" name="FormatToStringTest1000" />
    </UnitTest>
    <UnitTest name="FormatToStringTest1000 (34136.0993783046,34136.10 zł)" storage="c:\projekty\mstestproject\bin\debug\netcoreapp3.1\mstestproject.dll" id="b13c2199-e28a-4cd6-84e2-fdb44916652f">
      <TestCategory>
        <TestCategoryItem TestCategory="Category1000" />
      </TestCategory>
      <Execution id="405d79fe-8fed-4703-a781-3322b4af5ade" />
      <TestMethod codeBase="C:\Projekty\MSTestProject\bin\Debug\netcoreapp3.1\MSTestProject.dll" adapterTypeName="executor://mstestadapter/v2" className="TwojeWesele.Services.Helpers.Tests.CurrencyHelperTests" name="FormatToStringTest1000" />
    </UnitTest>
    <UnitTest name="FormatToStringTest1000 (47393.54939526671,47393.55 zł)" storage="c:\projekty\mstestproject\bin\debug\netcoreapp3.1\mstestproject.dll" id="37cdc965-fd6a-452e-875b-ba9ddc131721">
      <TestCategory>
        <TestCategoryItem TestCategory="Category1000" />
      </TestCategory>
      <Execution id="984ad756-30b2-405a-9181-32e673bc8890" />
      <TestMethod codeBase="C:\Projekty\MSTestProject\bin\Debug\netcoreapp3.1\MSTestProject.dll" adapterTypeName="executor://mstestadapter/v2" className="TwojeWesele.Services.Helpers.Tests.CurrencyHelperTests" name="FormatToStringTest1000" />
    </UnitTest>
    <UnitTest name="FormatToStringTest1000 (57713.01647853712,57713.02 zł)" storage="c:\projekty\mstestproject\bin\debug\netcoreapp3.1\mstestproject.dll" id="ab78fac7-cee6-4c5c-9cf8-c2d2be87cf9b">
      <TestCategory>
        <TestCategoryItem TestCategory="Category1000" />
      </TestCategory>
      <Execution id="e6bd36a4-279f-4d53-9c68-30ba8e5d2a35" />
      <TestMethod codeBase="C:\Projekty\MSTestProject\bin\Debug\netcoreapp3.1\MSTestProject.dll" adapterTypeName="executor://mstestadapter/v2" className="TwojeWesele.Services.Helpers.Tests.CurrencyHelperTests" name="FormatToStringTest1000" />
    </UnitTest>
    <UnitTest name="FormatToStringTest1000 (37866.43836050967,37866.44 zł)" storage="c:\projekty\mstestproject\bin\debug\netcoreapp3.1\mstestproject.dll" id="733a0b5d-9837-4f5b-9156-1fda2fb32c19">
      <TestCategory>
        <TestCategoryItem TestCategory="Category1000" />
      </TestCategory>
      <Execution id="afbf5fb6-15c2-4cd6-924d-470db6fcdeee" />
      <TestMethod codeBase="C:\Projekty\MSTestProject\bin\Debug\netcoreapp3.1\MSTestProject.dll" adapterTypeName="executor://mstestadapter/v2" className="TwojeWesele.Services.Helpers.Tests.CurrencyHelperTests" name="FormatToStringTest1000" />
    </UnitTest>
    <UnitTest name="FormatToStringTest1000 (7013.601812260971,7013.60 zł)" storage="c:\projekty\mstestproject\bin\debug\netcoreapp3.1\mstestproject.dll" id="32800d4c-d1a2-4043-acac-49cd94a663a7">
      <TestCategory>
        <TestCategoryItem TestCategory="Category1000" />
      </TestCategory>
      <Execution id="df5e931e-db58-45c5-bc4d-80118af0bfaa" />
      <TestMethod codeBase="C:\Projekty\MSTestProject\bin\Debug\netcoreapp3.1\MSTestProject.dll" adapterTypeName="executor://mstestadapter/v2" className="TwojeWesele.Services.Helpers.Tests.CurrencyHelperTests" name="FormatToStringTest1000" />
    </UnitTest>
    <UnitTest name="FormatToStringTest1000 (17031.365705376662,17031.37 zł)" storage="c:\projekty\mstestproject\bin\debug\netcoreapp3.1\mstestproject.dll" id="c6536018-66b9-4d44-816d-592e34456d79">
      <TestCategory>
        <TestCategoryItem TestCategory="Category1000" />
      </TestCategory>
      <Execution id="76c7dd44-8086-4589-b3ce-1f0edda53084" />
      <TestMethod codeBase="C:\Projekty\MSTestProject\bin\Debug\netcoreapp3.1\MSTestProject.dll" adapterTypeName="executor://mstestadapter/v2" className="TwojeWesele.Services.Helpers.Tests.CurrencyHelperTests" name="FormatToStringTest1000" />
    </UnitTest>
    <UnitTest name="FormatToStringTest1000 (3195.202943510936,3195.20 zł)" storage="c:\projekty\mstestproject\bin\debug\netcoreapp3.1\mstestproject.dll" id="d0b8aff4-e50d-4260-9ef5-c63b019521f2">
      <TestCategory>
        <TestCategoryItem TestCategory="Category1000" />
      </TestCategory>
      <Execution id="e55431a6-23af-4bf9-8e9b-1f4168cd0554" />
      <TestMethod codeBase="C:\Projekty\MSTestProject\bin\Debug\netcoreapp3.1\MSTestProject.dll" adapterTypeName="executor://mstestadapter/v2" className="TwojeWesele.Services.Helpers.Tests.CurrencyHelperTests" name="FormatToStringTest1000" />
    </UnitTest>
    <UnitTest name="FormatToStringTest1000 (27794.8671353957,27794.87 zł)" storage="c:\projekty\mstestproject\bin\debug\netcoreapp3.1\mstestproject.dll" id="727cc039-f211-4ed3-a007-8c653bc2834c">
      <TestCategory>
        <TestCategoryItem TestCategory="Category1000" />
      </TestCategory>
      <Execution id="f0a3c0c6-5b47-4ea6-b53f-2c12e5dc2b91" />
      <TestMethod codeBase="C:\Projekty\MSTestProject\bin\Debug\netcoreapp3.1\MSTestProject.dll" adapterTypeName="executor://mstestadapter/v2" className="TwojeWesele.Services.Helpers.Tests.CurrencyHelperTests" name="FormatToStringTest1000" />
    </UnitTest>
    <UnitTest name="FormatToStringTest1000 (47163.337736466594,47163.34 zł)" storage="c:\projekty\mstestproject\bin\debug\netcoreapp3.1\mstestproject.dll" id="5a34c82d-57c8-4eb7-9a2b-7d7d46bb9126">
      <TestCategory>
        <TestCategoryItem TestCategory="Category1000" />
      </TestCategory>
      <Execution id="36fa22cb-0077-49b4-89f2-d039dccfbf18" />
      <TestMethod codeBase="C:\Projekty\MSTestProject\bin\Debug\netcoreapp3.1\MSTestProject.dll" adapterTypeName="executor://mstestadapter/v2" className="TwojeWesele.Services.Helpers.Tests.CurrencyHelperTests" name="FormatToStringTest1000" />
    </UnitTest>
    <UnitTest name="FormatToStringTest1000 (10495.622655484185,10495.62 zł)" storage="c:\projekty\mstestproject\bin\debug\netcoreapp3.1\mstestproject.dll" id="4d9df004-ea32-432b-8070-0b79304403ed">
      <TestCategory>
        <TestCategoryItem TestCategory="Category1000" />
      </TestCategory>
      <Execution id="0597cc2c-e0c9-4afe-94c5-03bce5daf9db" />
      <TestMethod codeBase="C:\Projekty\MSTestProject\bin\Debug\netcoreapp3.1\MSTestProject.dll" adapterTypeName="executor://mstestadapter/v2" className="TwojeWesele.Services.Helpers.Tests.CurrencyHelperTests" name="FormatToStringTest1000" />
    </UnitTest>
    <UnitTest name="FormatToStringTest1000 (96261.84883437205,96261.85 zł)" storage="c:\projekty\mstestproject\bin\debug\netcoreapp3.1\mstestproject.dll" id="cca35bc5-b0fb-423c-84a6-d4ac720c3dd3">
      <TestCategory>
        <TestCategoryItem TestCategory="Category1000" />
      </TestCategory>
      <Execution id="4ebeaf4c-895d-4a81-8c08-9520d7f6d2cc" />
      <TestMethod codeBase="C:\Projekty\MSTestProject\bin\Debug\netcoreapp3.1\MSTestProject.dll" adapterTypeName="executor://mstestadapter/v2" className="TwojeWesele.Services.Helpers.Tests.CurrencyHelperTests" name="FormatToStringTest1000" />
    </UnitTest>
    <UnitTest name="FormatToStringTest1000 (24528.124092612474,24528.12 zł)" storage="c:\projekty\mstestproject\bin\debug\netcoreapp3.1\mstestproject.dll" id="ae471461-03af-4444-980c-8a393f1c8231">
      <TestCategory>
        <TestCategoryItem TestCategory="Category1000" />
      </TestCategory>
      <Execution id="43926a64-050b-4bb2-82fa-23780da64de5" />
      <TestMethod codeBase="C:\Projekty\MSTestProject\bin\Debug\netcoreapp3.1\MSTestProject.dll" adapterTypeName="executor://mstestadapter/v2" className="TwojeWesele.Services.Helpers.Tests.CurrencyHelperTests" name="FormatToStringTest1000" />
    </UnitTest>
    <UnitTest name="FormatToStringTest1000 (4411.456718280659,4411.46 zł)" storage="c:\projekty\mstestproject\bin\debug\netcoreapp3.1\mstestproject.dll" id="e8dbdb67-4f0c-4647-9aa0-587ceaba78ba">
      <TestCategory>
        <TestCategoryItem TestCategory="Category1000" />
      </TestCategory>
      <Execution id="80d85711-de91-4a1b-98da-4d886a7c49b9" />
      <TestMethod codeBase="C:\Projekty\MSTestProject\bin\Debug\netcoreapp3.1\MSTestProject.dll" adapterTypeName="executor://mstestadapter/v2" className="TwojeWesele.Services.Helpers.Tests.CurrencyHelperTests" name="FormatToStringTest1000" />
    </UnitTest>
    <UnitTest name="FormatToStringTest1000 (23789.556920184546,23789.56 zł)" storage="c:\projekty\mstestproject\bin\debug\netcoreapp3.1\mstestproject.dll" id="c6750fc6-6081-4a11-84e9-31f1035c26ee">
      <TestCategory>
        <TestCategoryItem TestCategory="Category1000" />
      </TestCategory>
      <Execution id="1ca44342-506b-4e0f-93c1-f905392c1de2" />
      <TestMethod codeBase="C:\Projekty\MSTestProject\bin\Debug\netcoreapp3.1\MSTestProject.dll" adapterTypeName="executor://mstestadapter/v2" className="TwojeWesele.Services.Helpers.Tests.CurrencyHelperTests" name="FormatToStringTest1000" />
    </UnitTest>
    <UnitTest name="FormatToStringTest1000 (36047.83545033672,36047.84 zł)" storage="c:\projekty\mstestproject\bin\debug\netcoreapp3.1\mstestproject.dll" id="97a1e413-379d-4687-a9c4-c7f59cc21ee6">
      <TestCategory>
        <TestCategoryItem TestCategory="Category1000" />
      </TestCategory>
      <Execution id="313043d2-e47e-4a09-a63a-420527288c6f" />
      <TestMethod codeBase="C:\Projekty\MSTestProject\bin\Debug\netcoreapp3.1\MSTestProject.dll" adapterTypeName="executor://mstestadapter/v2" className="TwojeWesele.Services.Helpers.Tests.CurrencyHelperTests" name="FormatToStringTest1000" />
    </UnitTest>
    <UnitTest name="FormatToStringTest1000 (15411.371650797022,15411.37 zł)" storage="c:\projekty\mstestproject\bin\debug\netcoreapp3.1\mstestproject.dll" id="432be20f-6312-4ec2-9c26-b3b2dc27a6c9">
      <TestCategory>
        <TestCategoryItem TestCategory="Category1000" />
      </TestCategory>
      <Execution id="180e76fc-a923-4104-9256-1283d6ef9555" />
      <TestMethod codeBase="C:\Projekty\MSTestProject\bin\Debug\netcoreapp3.1\MSTestProject.dll" adapterTypeName="executor://mstestadapter/v2" className="TwojeWesele.Services.Helpers.Tests.CurrencyHelperTests" name="FormatToStringTest1000" />
    </UnitTest>
    <UnitTest name="FormatToStringTest1000 (598.1279707877561,598.13 zł)" storage="c:\projekty\mstestproject\bin\debug\netcoreapp3.1\mstestproject.dll" id="d9f59e20-859b-4083-83cb-1fb42fc051df">
      <TestCategory>
        <TestCategoryItem TestCategory="Category1000" />
      </TestCategory>
      <Execution id="b5d9173b-bc2e-406b-9ae2-8665638cfacf" />
      <TestMethod codeBase="C:\Projekty\MSTestProject\bin\Debug\netcoreapp3.1\MSTestProject.dll" adapterTypeName="executor://mstestadapter/v2" className="TwojeWesele.Services.Helpers.Tests.CurrencyHelperTests" name="FormatToStringTest1000" />
    </UnitTest>
    <UnitTest name="FormatToStringTest1000 (15190.097283723344,15190.10 zł)" storage="c:\projekty\mstestproject\bin\debug\netcoreapp3.1\mstestproject.dll" id="832cce9f-1cae-4ee6-9933-2210f1881cdc">
      <TestCategory>
        <TestCategoryItem TestCategory="Category1000" />
      </TestCategory>
      <Execution id="15da9732-8e7a-4e2a-acca-bbc8d9e515bb" />
      <TestMethod codeBase="C:\Projekty\MSTestProject\bin\Debug\netcoreapp3.1\MSTestProject.dll" adapterTypeName="executor://mstestadapter/v2" className="TwojeWesele.Services.Helpers.Tests.CurrencyHelperTests" name="FormatToStringTest1000" />
    </UnitTest>
    <UnitTest name="FormatToStringTest1000 (5279.315995182524,5279.32 zł)" storage="c:\projekty\mstestproject\bin\debug\netcoreapp3.1\mstestproject.dll" id="e5956ca2-3d7d-4782-a14a-7d927a4f3982">
      <TestCategory>
        <TestCategoryItem TestCategory="Category1000" />
      </TestCategory>
      <Execution id="0f0c264f-78b4-44bc-aff1-a7e6ed1227a1" />
      <TestMethod codeBase="C:\Projekty\MSTestProject\bin\Debug\netcoreapp3.1\MSTestProject.dll" adapterTypeName="executor://mstestadapter/v2" className="TwojeWesele.Services.Helpers.Tests.CurrencyHelperTests" name="FormatToStringTest1000" />
    </UnitTest>
    <UnitTest name="FormatToStringTest1000 (19783.413847500186,19783.41 zł)" storage="c:\projekty\mstestproject\bin\debug\netcoreapp3.1\mstestproject.dll" id="81f408c9-a4ef-4d96-afbb-0e612e786378">
      <TestCategory>
        <TestCategoryItem TestCategory="Category1000" />
      </TestCategory>
      <Execution id="2d8baa6b-e5d3-49de-9945-21fa4773be5e" />
      <TestMethod codeBase="C:\Projekty\MSTestProject\bin\Debug\netcoreapp3.1\MSTestProject.dll" adapterTypeName="executor://mstestadapter/v2" className="TwojeWesele.Services.Helpers.Tests.CurrencyHelperTests" name="FormatToStringTest1000" />
    </UnitTest>
    <UnitTest name="FormatToStringTest1000 (21328.29026726507,21328.29 zł)" storage="c:\projekty\mstestproject\bin\debug\netcoreapp3.1\mstestproject.dll" id="afb157d6-1538-4533-9d8a-2af2971293b2">
      <TestCategory>
        <TestCategoryItem TestCategory="Category1000" />
      </TestCategory>
      <Execution id="ae863512-4343-47c3-98c6-461265682f90" />
      <TestMethod codeBase="C:\Projekty\MSTestProject\bin\Debug\netcoreapp3.1\MSTestProject.dll" adapterTypeName="executor://mstestadapter/v2" className="TwojeWesele.Services.Helpers.Tests.CurrencyHelperTests" name="FormatToStringTest1000" />
    </UnitTest>
    <UnitTest name="FormatToStringTest1000 (30807.823896702295,30807.82 zł)" storage="c:\projekty\mstestproject\bin\debug\netcoreapp3.1\mstestproject.dll" id="9409198a-69b4-4dc5-bbcb-955a0d4dc13e">
      <TestCategory>
        <TestCategoryItem TestCategory="Category1000" />
      </TestCategory>
      <Execution id="4104d914-4c2e-4dbb-8bf9-4da2efb849d8" />
      <TestMethod codeBase="C:\Projekty\MSTestProject\bin\Debug\netcoreapp3.1\MSTestProject.dll" adapterTypeName="executor://mstestadapter/v2" className="TwojeWesele.Services.Helpers.Tests.CurrencyHelperTests" name="FormatToStringTest1000" />
    </UnitTest>
    <UnitTest name="FormatToStringTest1000 (28080.92507087669,28080.93 zł)" storage="c:\projekty\mstestproject\bin\debug\netcoreapp3.1\mstestproject.dll" id="74e57094-f428-4882-9cd7-dde7c3d62fc0">
      <TestCategory>
        <TestCategoryItem TestCategory="Category1000" />
      </TestCategory>
      <Execution id="4b3fc5a3-2c98-4e32-9f11-bea855220889" />
      <TestMethod codeBase="C:\Projekty\MSTestProject\bin\Debug\netcoreapp3.1\MSTestProject.dll" adapterTypeName="executor://mstestadapter/v2" className="TwojeWesele.Services.Helpers.Tests.CurrencyHelperTests" name="FormatToStringTest1000" />
    </UnitTest>
    <UnitTest name="FormatToStringTest1000 (12283.48626129026,12283.49 zł)" storage="c:\projekty\mstestproject\bin\debug\netcoreapp3.1\mstestproject.dll" id="5302c08b-0404-4a00-9545-fb6e9acafae0">
      <TestCategory>
        <TestCategoryItem TestCategory="Category1000" />
      </TestCategory>
      <Execution id="f48f27ed-24c9-4e00-adc3-d725c42484aa" />
      <TestMethod codeBase="C:\Projekty\MSTestProject\bin\Debug\netcoreapp3.1\MSTestProject.dll" adapterTypeName="executor://mstestadapter/v2" className="TwojeWesele.Services.Helpers.Tests.CurrencyHelperTests" name="FormatToStringTest1000" />
    </UnitTest>
    <UnitTest name="FormatToStringTest1000 (12641.700665183225,12641.70 zł)" storage="c:\projekty\mstestproject\bin\debug\netcoreapp3.1\mstestproject.dll" id="7061e97d-9993-4b84-babd-78b2213ecf17">
      <TestCategory>
        <TestCategoryItem TestCategory="Category1000" />
      </TestCategory>
      <Execution id="7dd63bb3-27af-492c-b533-e7226971f8c7" />
      <TestMethod codeBase="C:\Projekty\MSTestProject\bin\Debug\netcoreapp3.1\MSTestProject.dll" adapterTypeName="executor://mstestadapter/v2" className="TwojeWesele.Services.Helpers.Tests.CurrencyHelperTests" name="FormatToStringTest1000" />
    </UnitTest>
    <UnitTest name="FormatToStringTest1000 (85407.13428016152,85407.13 zł)" storage="c:\projekty\mstestproject\bin\debug\netcoreapp3.1\mstestproject.dll" id="2a022f3b-b1a8-497d-af37-2fec75b63ae3">
      <TestCategory>
        <TestCategoryItem TestCategory="Category1000" />
      </TestCategory>
      <Execution id="ad98bc21-2f4f-458c-a6fb-a4eb43864199" />
      <TestMethod codeBase="C:\Projekty\MSTestProject\bin\Debug\netcoreapp3.1\MSTestProject.dll" adapterTypeName="executor://mstestadapter/v2" className="TwojeWesele.Services.Helpers.Tests.CurrencyHelperTests" name="FormatToStringTest1000" />
    </UnitTest>
    <UnitTest name="FormatToStringTest1000 (1181.5773122979222,1181.58 zł)" storage="c:\projekty\mstestproject\bin\debug\netcoreapp3.1\mstestproject.dll" id="28afdcdc-2b6c-4935-9817-70768526a1c5">
      <TestCategory>
        <TestCategoryItem TestCategory="Category1000" />
      </TestCategory>
      <Execution id="80c14418-4c67-4aba-825e-1af5ff023f14" />
      <TestMethod codeBase="C:\Projekty\MSTestProject\bin\Debug\netcoreapp3.1\MSTestProject.dll" adapterTypeName="executor://mstestadapter/v2" className="TwojeWesele.Services.Helpers.Tests.CurrencyHelperTests" name="FormatToStringTest1000" />
    </UnitTest>
    <UnitTest name="FormatToStringTest1000 (9558.453124931293,9558.45 zł)" storage="c:\projekty\mstestproject\bin\debug\netcoreapp3.1\mstestproject.dll" id="f61a06e8-957a-4184-8b2a-d81aa30247af">
      <TestCategory>
        <TestCategoryItem TestCategory="Category1000" />
      </TestCategory>
      <Execution id="69b23f74-c722-4c37-946b-4db93231e1dc" />
      <TestMethod codeBase="C:\Projekty\MSTestProject\bin\Debug\netcoreapp3.1\MSTestProject.dll" adapterTypeName="executor://mstestadapter/v2" className="TwojeWesele.Services.Helpers.Tests.CurrencyHelperTests" name="FormatToStringTest1000" />
    </UnitTest>
    <UnitTest name="FormatToStringTest1000 (39178.05988345298,39178.06 zł)" storage="c:\projekty\mstestproject\bin\debug\netcoreapp3.1\mstestproject.dll" id="4e75443d-71c5-472b-9831-bc7720778599">
      <TestCategory>
        <TestCategoryItem TestCategory="Category1000" />
      </TestCategory>
      <Execution id="600a1014-27eb-4f62-9e4c-281cf3a0a38e" />
      <TestMethod codeBase="C:\Projekty\MSTestProject\bin\Debug\netcoreapp3.1\MSTestProject.dll" adapterTypeName="executor://mstestadapter/v2" className="TwojeWesele.Services.Helpers.Tests.CurrencyHelperTests" name="FormatToStringTest1000" />
    </UnitTest>
    <UnitTest name="FormatToStringTest1000 (32216.686763396807,32216.69 zł)" storage="c:\projekty\mstestproject\bin\debug\netcoreapp3.1\mstestproject.dll" id="fc58e0d1-04c8-4dd3-be6a-e2ea89854ce3">
      <TestCategory>
        <TestCategoryItem TestCategory="Category1000" />
      </TestCategory>
      <Execution id="c8137b5a-5c48-492b-9034-a01adec21f1f" />
      <TestMethod codeBase="C:\Projekty\MSTestProject\bin\Debug\netcoreapp3.1\MSTestProject.dll" adapterTypeName="executor://mstestadapter/v2" className="TwojeWesele.Services.Helpers.Tests.CurrencyHelperTests" name="FormatToStringTest1000" />
    </UnitTest>
    <UnitTest name="FormatToStringTest1000 (36760.171806480816,36760.17 zł)" storage="c:\projekty\mstestproject\bin\debug\netcoreapp3.1\mstestproject.dll" id="a11e4802-09b0-4781-b20b-452f1652538a">
      <TestCategory>
        <TestCategoryItem TestCategory="Category1000" />
      </TestCategory>
      <Execution id="5b163fcf-4e72-43e8-b0ce-e78d58b343c4" />
      <TestMethod codeBase="C:\Projekty\MSTestProject\bin\Debug\netcoreapp3.1\MSTestProject.dll" adapterTypeName="executor://mstestadapter/v2" className="TwojeWesele.Services.Helpers.Tests.CurrencyHelperTests" name="FormatToStringTest1000" />
    </UnitTest>
    <UnitTest name="FormatToStringTest1000 (13453.429998117233,13453.43 zł)" storage="c:\projekty\mstestproject\bin\debug\netcoreapp3.1\mstestproject.dll" id="08664520-91d3-48d4-836c-f42a3f390bbc">
      <TestCategory>
        <TestCategoryItem TestCategory="Category1000" />
      </TestCategory>
      <Execution id="199ee2dc-24f2-4fe5-90e1-cb3ea33bcf78" />
      <TestMethod codeBase="C:\Projekty\MSTestProject\bin\Debug\netcoreapp3.1\MSTestProject.dll" adapterTypeName="executor://mstestadapter/v2" className="TwojeWesele.Services.Helpers.Tests.CurrencyHelperTests" name="FormatToStringTest1000" />
    </UnitTest>
    <UnitTest name="FormatToStringTest1000 (49256.65708813195,49256.66 zł)" storage="c:\projekty\mstestproject\bin\debug\netcoreapp3.1\mstestproject.dll" id="dd2b2f9a-1f2d-46d6-b2f7-ea5923ff1b88">
      <TestCategory>
        <TestCategoryItem TestCategory="Category1000" />
      </TestCategory>
      <Execution id="988f582c-8549-4cd7-b56d-ab4e01730e1d" />
      <TestMethod codeBase="C:\Projekty\MSTestProject\bin\Debug\netcoreapp3.1\MSTestProject.dll" adapterTypeName="executor://mstestadapter/v2" className="TwojeWesele.Services.Helpers.Tests.CurrencyHelperTests" name="FormatToStringTest1000" />
    </UnitTest>
    <UnitTest name="FormatToStringTest1000 (5870.791169434223,5870.79 zł)" storage="c:\projekty\mstestproject\bin\debug\netcoreapp3.1\mstestproject.dll" id="1a9b6fff-8f57-4911-bcf2-bb3772105bd6">
      <TestCategory>
        <TestCategoryItem TestCategory="Category1000" />
      </TestCategory>
      <Execution id="dd5550b0-1abb-42b8-9821-d9e57f085709" />
      <TestMethod codeBase="C:\Projekty\MSTestProject\bin\Debug\netcoreapp3.1\MSTestProject.dll" adapterTypeName="executor://mstestadapter/v2" className="TwojeWesele.Services.Helpers.Tests.CurrencyHelperTests" name="FormatToStringTest1000" />
    </UnitTest>
    <UnitTest name="FormatToStringTest1000 (1313.0279238368514,1313.03 zł)" storage="c:\projekty\mstestproject\bin\debug\netcoreapp3.1\mstestproject.dll" id="3530e724-528f-4821-a403-6b253734c2d4">
      <TestCategory>
        <TestCategoryItem TestCategory="Category1000" />
      </TestCategory>
      <Execution id="495843a3-dc70-4e86-a8f6-8934375dbd42" />
      <TestMethod codeBase="C:\Projekty\MSTestProject\bin\Debug\netcoreapp3.1\MSTestProject.dll" adapterTypeName="executor://mstestadapter/v2" className="TwojeWesele.Services.Helpers.Tests.CurrencyHelperTests" name="FormatToStringTest1000" />
    </UnitTest>
    <UnitTest name="FormatToStringTest1000 (1614.2516601789982,1614.25 zł)" storage="c:\projekty\mstestproject\bin\debug\netcoreapp3.1\mstestproject.dll" id="cdcb752d-73b6-4afb-a003-13d3f4f4d654">
      <TestCategory>
        <TestCategoryItem TestCategory="Category1000" />
      </TestCategory>
      <Execution id="c1ae6606-86c4-48c8-9351-6db8331691e7" />
      <TestMethod codeBase="C:\Projekty\MSTestProject\bin\Debug\netcoreapp3.1\MSTestProject.dll" adapterTypeName="executor://mstestadapter/v2" className="TwojeWesele.Services.Helpers.Tests.CurrencyHelperTests" name="FormatToStringTest1000" />
    </UnitTest>
    <UnitTest name="FormatToStringTest1000 (867.5236648356187,867.52 zł)" storage="c:\projekty\mstestproject\bin\debug\netcoreapp3.1\mstestproject.dll" id="613a209a-ae14-48b4-93b9-3f88f4b9f788">
      <TestCategory>
        <TestCategoryItem TestCategory="Category1000" />
      </TestCategory>
      <Execution id="70336f24-eaf6-46e3-9ac0-ce36b78a5b9d" />
      <TestMethod codeBase="C:\Projekty\MSTestProject\bin\Debug\netcoreapp3.1\MSTestProject.dll" adapterTypeName="executor://mstestadapter/v2" className="TwojeWesele.Services.Helpers.Tests.CurrencyHelperTests" name="FormatToStringTest1000" />
    </UnitTest>
    <UnitTest name="FormatToStringTest1000 (24137.016609529506,24137.02 zł)" storage="c:\projekty\mstestproject\bin\debug\netcoreapp3.1\mstestproject.dll" id="d4c87ee1-1dfd-4bcb-9b88-a71a49264e89">
      <TestCategory>
        <TestCategoryItem TestCategory="Category1000" />
      </TestCategory>
      <Execution id="b558e6e1-ae05-499e-86cd-7fcb6c74a52a" />
      <TestMethod codeBase="C:\Projekty\MSTestProject\bin\Debug\netcoreapp3.1\MSTestProject.dll" adapterTypeName="executor://mstestadapter/v2" className="TwojeWesele.Services.Helpers.Tests.CurrencyHelperTests" name="FormatToStringTest1000" />
    </UnitTest>
    <UnitTest name="FormatToStringTest1000 (7716.571614765363,7716.57 zł)" storage="c:\projekty\mstestproject\bin\debug\netcoreapp3.1\mstestproject.dll" id="ea0143b6-ada1-48c9-a9e3-2b1249fd50dd">
      <TestCategory>
        <TestCategoryItem TestCategory="Category1000" />
      </TestCategory>
      <Execution id="af09c042-5b28-4048-9487-6100403f183a" />
      <TestMethod codeBase="C:\Projekty\MSTestProject\bin\Debug\netcoreapp3.1\MSTestProject.dll" adapterTypeName="executor://mstestadapter/v2" className="TwojeWesele.Services.Helpers.Tests.CurrencyHelperTests" name="FormatToStringTest1000" />
    </UnitTest>
    <UnitTest name="FormatToStringTest1000 (78519.41691976106,78519.42 zł)" storage="c:\projekty\mstestproject\bin\debug\netcoreapp3.1\mstestproject.dll" id="85d3aaea-c952-4c8a-812f-572b2dbca969">
      <TestCategory>
        <TestCategoryItem TestCategory="Category1000" />
      </TestCategory>
      <Execution id="e4d3e07d-ce90-47b5-b675-357114ca9ad2" />
      <TestMethod codeBase="C:\Projekty\MSTestProject\bin\Debug\netcoreapp3.1\MSTestProject.dll" adapterTypeName="executor://mstestadapter/v2" className="TwojeWesele.Services.Helpers.Tests.CurrencyHelperTests" name="FormatToStringTest1000" />
    </UnitTest>
    <UnitTest name="FormatToStringTest1000 (3092.9215945624383,3092.92 zł)" storage="c:\projekty\mstestproject\bin\debug\netcoreapp3.1\mstestproject.dll" id="a6a83b83-a520-4f93-b7a8-0873185a228b">
      <TestCategory>
        <TestCategoryItem TestCategory="Category1000" />
      </TestCategory>
      <Execution id="42a48a25-3b89-4111-a163-7ef4f743b036" />
      <TestMethod codeBase="C:\Projekty\MSTestProject\bin\Debug\netcoreapp3.1\MSTestProject.dll" adapterTypeName="executor://mstestadapter/v2" className="TwojeWesele.Services.Helpers.Tests.CurrencyHelperTests" name="FormatToStringTest1000" />
    </UnitTest>
    <UnitTest name="FormatToStringTest1000 (4823.904478896365,4823.90 zł)" storage="c:\projekty\mstestproject\bin\debug\netcoreapp3.1\mstestproject.dll" id="13633c07-c5c0-425d-834d-5efb5c14d004">
      <TestCategory>
        <TestCategoryItem TestCategory="Category1000" />
      </TestCategory>
      <Execution id="767dca4f-6da5-40ec-92df-fa3599da2fa2" />
      <TestMethod codeBase="C:\Projekty\MSTestProject\bin\Debug\netcoreapp3.1\MSTestProject.dll" adapterTypeName="executor://mstestadapter/v2" className="TwojeWesele.Services.Helpers.Tests.CurrencyHelperTests" name="FormatToStringTest1000" />
    </UnitTest>
    <UnitTest name="FormatToStringTest1000 (740.3213011405064,740.32 zł)" storage="c:\projekty\mstestproject\bin\debug\netcoreapp3.1\mstestproject.dll" id="b8377cfe-66fc-488e-a717-8d43770ac1f0">
      <TestCategory>
        <TestCategoryItem TestCategory="Category1000" />
      </TestCategory>
      <Execution id="102c87eb-032e-43d6-b39f-59e8c3255d2d" />
      <TestMethod codeBase="C:\Projekty\MSTestProject\bin\Debug\netcoreapp3.1\MSTestProject.dll" adapterTypeName="executor://mstestadapter/v2" className="TwojeWesele.Services.Helpers.Tests.CurrencyHelperTests" name="FormatToStringTest1000" />
    </UnitTest>
    <UnitTest name="FormatToStringTest1000 (5247.779940802501,5247.78 zł)" storage="c:\projekty\mstestproject\bin\debug\netcoreapp3.1\mstestproject.dll" id="56bdb46f-87ba-4535-bb83-91683d010bd2">
      <TestCategory>
        <TestCategoryItem TestCategory="Category1000" />
      </TestCategory>
      <Execution id="1f8d8705-5698-4a06-9de6-9b09e42e147b" />
      <TestMethod codeBase="C:\Projekty\MSTestProject\bin\Debug\netcoreapp3.1\MSTestProject.dll" adapterTypeName="executor://mstestadapter/v2" className="TwojeWesele.Services.Helpers.Tests.CurrencyHelperTests" name="FormatToStringTest1000" />
    </UnitTest>
    <UnitTest name="FormatToStringTest1000 (27751.474436297303,27751.47 zł)" storage="c:\projekty\mstestproject\bin\debug\netcoreapp3.1\mstestproject.dll" id="22d2b62e-89f5-4f93-a572-7611f4556c6b">
      <TestCategory>
        <TestCategoryItem TestCategory="Category1000" />
      </TestCategory>
      <Execution id="037335d0-3ccd-4f62-91d0-8d438b009a95" />
      <TestMethod codeBase="C:\Projekty\MSTestProject\bin\Debug\netcoreapp3.1\MSTestProject.dll" adapterTypeName="executor://mstestadapter/v2" className="TwojeWesele.Services.Helpers.Tests.CurrencyHelperTests" name="FormatToStringTest1000" />
    </UnitTest>
    <UnitTest name="FormatToStringTest1000 (42383.08993972982,42383.09 zł)" storage="c:\projekty\mstestproject\bin\debug\netcoreapp3.1\mstestproject.dll" id="f3e1d501-cbe1-492a-ab15-6b199b3a92ec">
      <TestCategory>
        <TestCategoryItem TestCategory="Category1000" />
      </TestCategory>
      <Execution id="0760d19c-c361-47c4-90fc-b7b27092bdb4" />
      <TestMethod codeBase="C:\Projekty\MSTestProject\bin\Debug\netcoreapp3.1\MSTestProject.dll" adapterTypeName="executor://mstestadapter/v2" className="TwojeWesele.Services.Helpers.Tests.CurrencyHelperTests" name="FormatToStringTest1000" />
    </UnitTest>
    <UnitTest name="FormatToStringTest1000 (1751.1734380625066,1751.17 zł)" storage="c:\projekty\mstestproject\bin\debug\netcoreapp3.1\mstestproject.dll" id="7ce0bdc1-89b1-4595-b578-5e2afab9b51c">
      <TestCategory>
        <TestCategoryItem TestCategory="Category1000" />
      </TestCategory>
      <Execution id="fa8ed07d-0668-4f51-92fc-9dc646bef1f1" />
      <TestMethod codeBase="C:\Projekty\MSTestProject\bin\Debug\netcoreapp3.1\MSTestProject.dll" adapterTypeName="executor://mstestadapter/v2" className="TwojeWesele.Services.Helpers.Tests.CurrencyHelperTests" name="FormatToStringTest1000" />
    </UnitTest>
    <UnitTest name="FormatToStringTest1000 (1011.9989482094529,1012.00 zł)" storage="c:\projekty\mstestproject\bin\debug\netcoreapp3.1\mstestproject.dll" id="a60176f5-6817-4e52-82e7-2cbc738fb5a6">
      <TestCategory>
        <TestCategoryItem TestCategory="Category1000" />
      </TestCategory>
      <Execution id="a3aa0c7b-033f-40ad-bd08-140f4c8f6378" />
      <TestMethod codeBase="C:\Projekty\MSTestProject\bin\Debug\netcoreapp3.1\MSTestProject.dll" adapterTypeName="executor://mstestadapter/v2" className="TwojeWesele.Services.Helpers.Tests.CurrencyHelperTests" name="FormatToStringTest1000" />
    </UnitTest>
    <UnitTest name="FormatToStringTest1000 (35145.379208063416,35145.38 zł)" storage="c:\projekty\mstestproject\bin\debug\netcoreapp3.1\mstestproject.dll" id="1f39074b-5747-40af-b210-f2ac5efb0d36">
      <TestCategory>
        <TestCategoryItem TestCategory="Category1000" />
      </TestCategory>
      <Execution id="9a26cac4-0ca4-45cc-8b29-f9a4daebb7bb" />
      <TestMethod codeBase="C:\Projekty\MSTestProject\bin\Debug\netcoreapp3.1\MSTestProject.dll" adapterTypeName="executor://mstestadapter/v2" className="TwojeWesele.Services.Helpers.Tests.CurrencyHelperTests" name="FormatToStringTest1000" />
    </UnitTest>
    <UnitTest name="FormatToStringTest1000 (5840.747097845071,5840.75 zł)" storage="c:\projekty\mstestproject\bin\debug\netcoreapp3.1\mstestproject.dll" id="ac6eb783-2496-4941-83dc-b8ec3200ae7b">
      <TestCategory>
        <TestCategoryItem TestCategory="Category1000" />
      </TestCategory>
      <Execution id="03448119-0398-4e51-87e0-2b95bacac165" />
      <TestMethod codeBase="C:\Projekty\MSTestProject\bin\Debug\netcoreapp3.1\MSTestProject.dll" adapterTypeName="executor://mstestadapter/v2" className="TwojeWesele.Services.Helpers.Tests.CurrencyHelperTests" name="FormatToStringTest1000" />
    </UnitTest>
    <UnitTest name="FormatToStringTest1000 (82228.32322510486,82228.32 zł)" storage="c:\projekty\mstestproject\bin\debug\netcoreapp3.1\mstestproject.dll" id="1387547c-326e-47c9-93a0-bfad4392fc2e">
      <TestCategory>
        <TestCategoryItem TestCategory="Category1000" />
      </TestCategory>
      <Execution id="7e73b9c7-030e-4748-9ce9-4f3ea9fcbad9" />
      <TestMethod codeBase="C:\Projekty\MSTestProject\bin\Debug\netcoreapp3.1\MSTestProject.dll" adapterTypeName="executor://mstestadapter/v2" className="TwojeWesele.Services.Helpers.Tests.CurrencyHelperTests" name="FormatToStringTest1000" />
    </UnitTest>
    <UnitTest name="FormatToStringTest1000 (5396.620088554277,5396.62 zł)" storage="c:\projekty\mstestproject\bin\debug\netcoreapp3.1\mstestproject.dll" id="ad30d84d-7391-497e-b787-cd71d8ea9988">
      <TestCategory>
        <TestCategoryItem TestCategory="Category1000" />
      </TestCategory>
      <Execution id="9e161167-f487-452c-a16e-2253b20dbf0f" />
      <TestMethod codeBase="C:\Projekty\MSTestProject\bin\Debug\netcoreapp3.1\MSTestProject.dll" adapterTypeName="executor://mstestadapter/v2" className="TwojeWesele.Services.Helpers.Tests.CurrencyHelperTests" name="FormatToStringTest1000" />
    </UnitTest>
    <UnitTest name="FormatToStringTest1000 (41915.7945284563,41915.79 zł)" storage="c:\projekty\mstestproject\bin\debug\netcoreapp3.1\mstestproject.dll" id="84b495b5-dfae-44e5-9188-fae6579b05c3">
      <TestCategory>
        <TestCategoryItem TestCategory="Category1000" />
      </TestCategory>
      <Execution id="f0f463ec-22c1-46ab-9936-515da86541e7" />
      <TestMethod codeBase="C:\Projekty\MSTestProject\bin\Debug\netcoreapp3.1\MSTestProject.dll" adapterTypeName="executor://mstestadapter/v2" className="TwojeWesele.Services.Helpers.Tests.CurrencyHelperTests" name="FormatToStringTest1000" />
    </UnitTest>
    <UnitTest name="FormatToStringTest1000 (74851.91547305691,74851.92 zł)" storage="c:\projekty\mstestproject\bin\debug\netcoreapp3.1\mstestproject.dll" id="22eaa68e-6e02-4d3b-b60f-1745a6dc6e98">
      <TestCategory>
        <TestCategoryItem TestCategory="Category1000" />
      </TestCategory>
      <Execution id="58b5d31f-ba2e-47b7-bdd7-cb9044679f3b" />
      <TestMethod codeBase="C:\Projekty\MSTestProject\bin\Debug\netcoreapp3.1\MSTestProject.dll" adapterTypeName="executor://mstestadapter/v2" className="TwojeWesele.Services.Helpers.Tests.CurrencyHelperTests" name="FormatToStringTest1000" />
    </UnitTest>
    <UnitTest name="FormatToStringTest1000 (22678.643495744862,22678.64 zł)" storage="c:\projekty\mstestproject\bin\debug\netcoreapp3.1\mstestproject.dll" id="972be7d5-af16-4d61-bd69-0fdd280a05a2">
      <TestCategory>
        <TestCategoryItem TestCategory="Category1000" />
      </TestCategory>
      <Execution id="6acc55d8-7061-4d3a-a3fa-c520f1c4097e" />
      <TestMethod codeBase="C:\Projekty\MSTestProject\bin\Debug\netcoreapp3.1\MSTestProject.dll" adapterTypeName="executor://mstestadapter/v2" className="TwojeWesele.Services.Helpers.Tests.CurrencyHelperTests" name="FormatToStringTest1000" />
    </UnitTest>
    <UnitTest name="FormatToStringTest1000 (17990.38119827089,17990.38 zł)" storage="c:\projekty\mstestproject\bin\debug\netcoreapp3.1\mstestproject.dll" id="6740e1cf-41bd-40bd-b9aa-f6ef8a04f9ab">
      <TestCategory>
        <TestCategoryItem TestCategory="Category1000" />
      </TestCategory>
      <Execution id="4f56b43b-bb97-47e1-893d-bdca3b6ccc92" />
      <TestMethod codeBase="C:\Projekty\MSTestProject\bin\Debug\netcoreapp3.1\MSTestProject.dll" adapterTypeName="executor://mstestadapter/v2" className="TwojeWesele.Services.Helpers.Tests.CurrencyHelperTests" name="FormatToStringTest1000" />
    </UnitTest>
    <UnitTest name="FormatToStringTest1000 (6027.66019266828,6027.66 zł)" storage="c:\projekty\mstestproject\bin\debug\netcoreapp3.1\mstestproject.dll" id="3f405711-e30c-41f5-be4d-8bfe66c657f5">
      <TestCategory>
        <TestCategoryItem TestCategory="Category1000" />
      </TestCategory>
      <Execution id="ae19fd37-0f7d-459d-bf87-8082b380f847" />
      <TestMethod codeBase="C:\Projekty\MSTestProject\bin\Debug\netcoreapp3.1\MSTestProject.dll" adapterTypeName="executor://mstestadapter/v2" className="TwojeWesele.Services.Helpers.Tests.CurrencyHelperTests" name="FormatToStringTest1000" />
    </UnitTest>
    <UnitTest name="FormatToStringTest1000 (26686.08488193065,26686.08 zł)" storage="c:\projekty\mstestproject\bin\debug\netcoreapp3.1\mstestproject.dll" id="400e0679-9433-4036-8fc5-cb8ec1d3b00a">
      <TestCategory>
        <TestCategoryItem TestCategory="Category1000" />
      </TestCategory>
      <Execution id="a0fb7634-1ea2-4387-af4b-20c5d1a7027c" />
      <TestMethod codeBase="C:\Projekty\MSTestProject\bin\Debug\netcoreapp3.1\MSTestProject.dll" adapterTypeName="executor://mstestadapter/v2" className="TwojeWesele.Services.Helpers.Tests.CurrencyHelperTests" name="FormatToStringTest1000" />
    </UnitTest>
    <UnitTest name="FormatToStringTest1000 (12202.860111308684,12202.86 zł)" storage="c:\projekty\mstestproject\bin\debug\netcoreapp3.1\mstestproject.dll" id="86e58647-a4bc-4fbb-adc6-305630b2270b">
      <TestCategory>
        <TestCategoryItem TestCategory="Category1000" />
      </TestCategory>
      <Execution id="0ed8421d-fd7b-4ff2-8978-98c9030dc1c2" />
      <TestMethod codeBase="C:\Projekty\MSTestProject\bin\Debug\netcoreapp3.1\MSTestProject.dll" adapterTypeName="executor://mstestadapter/v2" className="TwojeWesele.Services.Helpers.Tests.CurrencyHelperTests" name="FormatToStringTest1000" />
    </UnitTest>
    <UnitTest name="FormatToStringTest1000 (8211.920994553679,8211.92 zł)" storage="c:\projekty\mstestproject\bin\debug\netcoreapp3.1\mstestproject.dll" id="0a754ff1-6fac-43da-a68b-db7b7de00dc2">
      <TestCategory>
        <TestCategoryItem TestCategory="Category1000" />
      </TestCategory>
      <Execution id="210e3f71-5aab-45a9-93b4-04a45af63105" />
      <TestMethod codeBase="C:\Projekty\MSTestProject\bin\Debug\netcoreapp3.1\MSTestProject.dll" adapterTypeName="executor://mstestadapter/v2" className="TwojeWesele.Services.Helpers.Tests.CurrencyHelperTests" name="FormatToStringTest1000" />
    </UnitTest>
    <UnitTest name="FormatToStringTest1000 (9634.398811461124,9634.40 zł)" storage="c:\projekty\mstestproject\bin\debug\netcoreapp3.1\mstestproject.dll" id="a919fd7f-a3f9-48d8-b53e-b7a77291dff6">
      <TestCategory>
        <TestCategoryItem TestCategory="Category1000" />
      </TestCategory>
      <Execution id="1ee29f26-c87b-456a-a900-fb301ee256e8" />
      <TestMethod codeBase="C:\Projekty\MSTestProject\bin\Debug\netcoreapp3.1\MSTestProject.dll" adapterTypeName="executor://mstestadapter/v2" className="TwojeWesele.Services.Helpers.Tests.CurrencyHelperTests" name="FormatToStringTest1000" />
    </UnitTest>
    <UnitTest name="FormatToStringTest1000 (63427.55325689332,63427.55 zł)" storage="c:\projekty\mstestproject\bin\debug\netcoreapp3.1\mstestproject.dll" id="848065b7-a6a4-40d4-b27e-3b0f8451de29">
      <TestCategory>
        <TestCategoryItem TestCategory="Category1000" />
      </TestCategory>
      <Execution id="4b4ef67b-a443-45e2-b990-b43035dc89f7" />
      <TestMethod codeBase="C:\Projekty\MSTestProject\bin\Debug\netcoreapp3.1\MSTestProject.dll" adapterTypeName="executor://mstestadapter/v2" className="TwojeWesele.Services.Helpers.Tests.CurrencyHelperTests" name="FormatToStringTest1000" />
    </UnitTest>
    <UnitTest name="FormatToStringTest1000 (24308.26523149212,24308.27 zł)" storage="c:\projekty\mstestproject\bin\debug\netcoreapp3.1\mstestproject.dll" id="d3a3b1b6-4303-4b8f-bc6c-462f3f3f99dd">
      <TestCategory>
        <TestCategoryItem TestCategory="Category1000" />
      </TestCategory>
      <Execution id="fba1fd79-ee72-4857-a1f0-4fca125f2f14" />
      <TestMethod codeBase="C:\Projekty\MSTestProject\bin\Debug\netcoreapp3.1\MSTestProject.dll" adapterTypeName="executor://mstestadapter/v2" className="TwojeWesele.Services.Helpers.Tests.CurrencyHelperTests" name="FormatToStringTest1000" />
    </UnitTest>
    <UnitTest name="FormatToStringTest1000 (1664.7834932994022,1664.78 zł)" storage="c:\projekty\mstestproject\bin\debug\netcoreapp3.1\mstestproject.dll" id="c1d65603-967a-478f-ad51-d9cb94ae2a48">
      <TestCategory>
        <TestCategoryItem TestCategory="Category1000" />
      </TestCategory>
      <Execution id="9996cc84-00d4-462e-9f4f-6bf3ffa705e5" />
      <TestMethod codeBase="C:\Projekty\MSTestProject\bin\Debug\netcoreapp3.1\MSTestProject.dll" adapterTypeName="executor://mstestadapter/v2" className="TwojeWesele.Services.Helpers.Tests.CurrencyHelperTests" name="FormatToStringTest1000" />
    </UnitTest>
    <UnitTest name="FormatToStringTest1000 (6035.818653228608,6035.82 zł)" storage="c:\projekty\mstestproject\bin\debug\netcoreapp3.1\mstestproject.dll" id="0b18f422-0c07-4e02-ac5f-b0f6a44b35ec">
      <TestCategory>
        <TestCategoryItem TestCategory="Category1000" />
      </TestCategory>
      <Execution id="a6ed9b76-f249-41a2-847a-bc70e89d93a5" />
      <TestMethod codeBase="C:\Projekty\MSTestProject\bin\Debug\netcoreapp3.1\MSTestProject.dll" adapterTypeName="executor://mstestadapter/v2" className="TwojeWesele.Services.Helpers.Tests.CurrencyHelperTests" name="FormatToStringTest1000" />
    </UnitTest>
    <UnitTest name="FormatToStringTest1000 (8095.485677032492,8095.49 zł)" storage="c:\projekty\mstestproject\bin\debug\netcoreapp3.1\mstestproject.dll" id="0dde8f2d-3d86-47ea-8ecc-de1512fa23ab">
      <TestCategory>
        <TestCategoryItem TestCategory="Category1000" />
      </TestCategory>
      <Execution id="b2a25104-4faa-4b18-afa7-be14889e9e8e" />
      <TestMethod codeBase="C:\Projekty\MSTestProject\bin\Debug\netcoreapp3.1\MSTestProject.dll" adapterTypeName="executor://mstestadapter/v2" className="TwojeWesele.Services.Helpers.Tests.CurrencyHelperTests" name="FormatToStringTest1000" />
    </UnitTest>
    <UnitTest name="FormatToStringTest1000 (12528.413830086782,12528.41 zł)" storage="c:\projekty\mstestproject\bin\debug\netcoreapp3.1\mstestproject.dll" id="68989b45-1abc-4031-a215-5f02946956ce">
      <TestCategory>
        <TestCategoryItem TestCategory="Category1000" />
      </TestCategory>
      <Execution id="ae63a4aa-aff6-433b-a8cf-1a9540d8f8ec" />
      <TestMethod codeBase="C:\Projekty\MSTestProject\bin\Debug\netcoreapp3.1\MSTestProject.dll" adapterTypeName="executor://mstestadapter/v2" className="TwojeWesele.Services.Helpers.Tests.CurrencyHelperTests" name="FormatToStringTest1000" />
    </UnitTest>
    <UnitTest name="FormatToStringTest1000 (18424.864078561244,18424.86 zł)" storage="c:\projekty\mstestproject\bin\debug\netcoreapp3.1\mstestproject.dll" id="874d3154-e649-4304-a904-8b60d95e256b">
      <TestCategory>
        <TestCategoryItem TestCategory="Category1000" />
      </TestCategory>
      <Execution id="d93aeb9f-c239-4cd6-abec-600162ce956c" />
      <TestMethod codeBase="C:\Projekty\MSTestProject\bin\Debug\netcoreapp3.1\MSTestProject.dll" adapterTypeName="executor://mstestadapter/v2" className="TwojeWesele.Services.Helpers.Tests.CurrencyHelperTests" name="FormatToStringTest1000" />
    </UnitTest>
    <UnitTest name="FormatToStringTest1000 (4614.673205890541,4614.67 zł)" storage="c:\projekty\mstestproject\bin\debug\netcoreapp3.1\mstestproject.dll" id="37ead7fb-8d5d-4d30-a8db-7a761d33ee9f">
      <TestCategory>
        <TestCategoryItem TestCategory="Category1000" />
      </TestCategory>
      <Execution id="f36d75da-143f-4c0b-9555-5f80abd04f95" />
      <TestMethod codeBase="C:\Projekty\MSTestProject\bin\Debug\netcoreapp3.1\MSTestProject.dll" adapterTypeName="executor://mstestadapter/v2" className="TwojeWesele.Services.Helpers.Tests.CurrencyHelperTests" name="FormatToStringTest1000" />
    </UnitTest>
    <UnitTest name="FormatToStringTest1000 (61324.33752458279,61324.34 zł)" storage="c:\projekty\mstestproject\bin\debug\netcoreapp3.1\mstestproject.dll" id="b3842833-d0f2-4319-962b-e12e445921a8">
      <TestCategory>
        <TestCategoryItem TestCategory="Category1000" />
      </TestCategory>
      <Execution id="7abf1a9f-8a8e-4390-9895-d4910dca8d67" />
      <TestMethod codeBase="C:\Projekty\MSTestProject\bin\Debug\netcoreapp3.1\MSTestProject.dll" adapterTypeName="executor://mstestadapter/v2" className="TwojeWesele.Services.Helpers.Tests.CurrencyHelperTests" name="FormatToStringTest1000" />
    </UnitTest>
    <UnitTest name="FormatToStringTest1000 (54724.71040318008,54724.71 zł)" storage="c:\projekty\mstestproject\bin\debug\netcoreapp3.1\mstestproject.dll" id="e4cb33c5-cf63-4e29-9503-b20103f5c4e7">
      <TestCategory>
        <TestCategoryItem TestCategory="Category1000" />
      </TestCategory>
      <Execution id="49a03ee5-4817-4e96-a256-9137ccd9e4ff" />
      <TestMethod codeBase="C:\Projekty\MSTestProject\bin\Debug\netcoreapp3.1\MSTestProject.dll" adapterTypeName="executor://mstestadapter/v2" className="TwojeWesele.Services.Helpers.Tests.CurrencyHelperTests" name="FormatToStringTest1000" />
    </UnitTest>
    <UnitTest name="FormatToStringTest1000 (73301.91270130403,73301.91 zł)" storage="c:\projekty\mstestproject\bin\debug\netcoreapp3.1\mstestproject.dll" id="f4bc40d1-4ec6-432b-881a-8cfc82a2ceac">
      <TestCategory>
        <TestCategoryItem TestCategory="Category1000" />
      </TestCategory>
      <Execution id="0ea0152f-283f-47f2-9d0b-d3f176f158c1" />
      <TestMethod codeBase="C:\Projekty\MSTestProject\bin\Debug\netcoreapp3.1\MSTestProject.dll" adapterTypeName="executor://mstestadapter/v2" className="TwojeWesele.Services.Helpers.Tests.CurrencyHelperTests" name="FormatToStringTest1000" />
    </UnitTest>
    <UnitTest name="FormatToStringTest1000 (95071.15957335343,95071.16 zł)" storage="c:\projekty\mstestproject\bin\debug\netcoreapp3.1\mstestproject.dll" id="51201126-76e4-41e9-93b9-eda985c23209">
      <TestCategory>
        <TestCategoryItem TestCategory="Category1000" />
      </TestCategory>
      <Execution id="b306420d-2e5b-455e-aa9b-17574fea499c" />
      <TestMethod codeBase="C:\Projekty\MSTestProject\bin\Debug\netcoreapp3.1\MSTestProject.dll" adapterTypeName="executor://mstestadapter/v2" className="TwojeWesele.Services.Helpers.Tests.CurrencyHelperTests" name="FormatToStringTest1000" />
    </UnitTest>
    <UnitTest name="FormatToStringTest1000 (2963.24443391815,2963.24 zł)" storage="c:\projekty\mstestproject\bin\debug\netcoreapp3.1\mstestproject.dll" id="c8477ad3-96cf-436f-9e98-1ec1534de70b">
      <TestCategory>
        <TestCategoryItem TestCategory="Category1000" />
      </TestCategory>
      <Execution id="42a7b0c9-f7f3-4390-9d71-171438a8a3fa" />
      <TestMethod codeBase="C:\Projekty\MSTestProject\bin\Debug\netcoreapp3.1\MSTestProject.dll" adapterTypeName="executor://mstestadapter/v2" className="TwojeWesele.Services.Helpers.Tests.CurrencyHelperTests" name="FormatToStringTest1000" />
    </UnitTest>
    <UnitTest name="FormatToStringTest1000 (134.1514758393874,134.15 zł)" storage="c:\projekty\mstestproject\bin\debug\netcoreapp3.1\mstestproject.dll" id="6ccce750-d969-4704-9a8d-03f0988e56dd">
      <TestCategory>
        <TestCategoryItem TestCategory="Category1000" />
      </TestCategory>
      <Execution id="5e01b8ad-ca7d-406d-b2b5-b46c7d4d2982" />
      <TestMethod codeBase="C:\Projekty\MSTestProject\bin\Debug\netcoreapp3.1\MSTestProject.dll" adapterTypeName="executor://mstestadapter/v2" className="TwojeWesele.Services.Helpers.Tests.CurrencyHelperTests" name="FormatToStringTest1000" />
    </UnitTest>
    <UnitTest name="FormatToStringTest1000 (63115.864864394935,63115.86 zł)" storage="c:\projekty\mstestproject\bin\debug\netcoreapp3.1\mstestproject.dll" id="690bc9be-41d2-4032-8836-92f40921d493">
      <TestCategory>
        <TestCategoryItem TestCategory="Category1000" />
      </TestCategory>
      <Execution id="33369d00-bd22-412a-8c68-ef80a76c72d6" />
      <TestMethod codeBase="C:\Projekty\MSTestProject\bin\Debug\netcoreapp3.1\MSTestProject.dll" adapterTypeName="executor://mstestadapter/v2" className="TwojeWesele.Services.Helpers.Tests.CurrencyHelperTests" name="FormatToStringTest1000" />
    </UnitTest>
    <UnitTest name="FormatToStringTest1000 (8901.937138443784,8901.94 zł)" storage="c:\projekty\mstestproject\bin\debug\netcoreapp3.1\mstestproject.dll" id="f1d2f818-0931-4fcd-b1f7-5fcc467e81dd">
      <TestCategory>
        <TestCategoryItem TestCategory="Category1000" />
      </TestCategory>
      <Execution id="b5a6d432-3299-4155-8711-10c916d65adf" />
      <TestMethod codeBase="C:\Projekty\MSTestProject\bin\Debug\netcoreapp3.1\MSTestProject.dll" adapterTypeName="executor://mstestadapter/v2" className="TwojeWesele.Services.Helpers.Tests.CurrencyHelperTests" name="FormatToStringTest1000" />
    </UnitTest>
    <UnitTest name="FormatToStringTest1000 (7671.0039663785155,7671.00 zł)" storage="c:\projekty\mstestproject\bin\debug\netcoreapp3.1\mstestproject.dll" id="1d78cdb2-5c4f-4faa-a5a4-d1a1eab6a6d1">
      <TestCategory>
        <TestCategoryItem TestCategory="Category1000" />
      </TestCategory>
      <Execution id="716340b5-8b45-44c3-ba6a-be01c6641137" />
      <TestMethod codeBase="C:\Projekty\MSTestProject\bin\Debug\netcoreapp3.1\MSTestProject.dll" adapterTypeName="executor://mstestadapter/v2" className="TwojeWesele.Services.Helpers.Tests.CurrencyHelperTests" name="FormatToStringTest1000" />
    </UnitTest>
    <UnitTest name="FormatToStringTest1000 (18032.4720825476,18032.47 zł)" storage="c:\projekty\mstestproject\bin\debug\netcoreapp3.1\mstestproject.dll" id="b3ae2a66-c8d2-4c06-a250-b344a44e882c">
      <TestCategory>
        <TestCategoryItem TestCategory="Category1000" />
      </TestCategory>
      <Execution id="5a74f5a2-881c-4641-a639-e50f453d1c0d" />
      <TestMethod codeBase="C:\Projekty\MSTestProject\bin\Debug\netcoreapp3.1\MSTestProject.dll" adapterTypeName="executor://mstestadapter/v2" className="TwojeWesele.Services.Helpers.Tests.CurrencyHelperTests" name="FormatToStringTest1000" />
    </UnitTest>
    <UnitTest name="FormatToStringTest1000 (3506.8456124108498,3506.85 zł)" storage="c:\projekty\mstestproject\bin\debug\netcoreapp3.1\mstestproject.dll" id="80d5d6ea-2021-4f24-9c19-bb1dab9b1897">
      <TestCategory>
        <TestCategoryItem TestCategory="Category1000" />
      </TestCategory>
      <Execution id="b3641206-f01c-4f62-a576-33da80d5ee03" />
      <TestMethod codeBase="C:\Projekty\MSTestProject\bin\Debug\netcoreapp3.1\MSTestProject.dll" adapterTypeName="executor://mstestadapter/v2" className="TwojeWesele.Services.Helpers.Tests.CurrencyHelperTests" name="FormatToStringTest1000" />
    </UnitTest>
    <UnitTest name="FormatToStringTest1000 (73372.53853826903,73372.54 zł)" storage="c:\projekty\mstestproject\bin\debug\netcoreapp3.1\mstestproject.dll" id="abb0cade-d4b6-411a-a1fc-1fdbe541d663">
      <TestCategory>
        <TestCategoryItem TestCategory="Category1000" />
      </TestCategory>
      <Execution id="32ae066e-9f4f-4d9e-b7d4-989324bf7323" />
      <TestMethod codeBase="C:\Projekty\MSTestProject\bin\Debug\netcoreapp3.1\MSTestProject.dll" adapterTypeName="executor://mstestadapter/v2" className="TwojeWesele.Services.Helpers.Tests.CurrencyHelperTests" name="FormatToStringTest1000" />
    </UnitTest>
    <UnitTest name="FormatToStringTest1000 (70771.4436677524,70771.44 zł)" storage="c:\projekty\mstestproject\bin\debug\netcoreapp3.1\mstestproject.dll" id="88688f8b-8220-45c9-be0e-ddf070f60f1e">
      <TestCategory>
        <TestCategoryItem TestCategory="Category1000" />
      </TestCategory>
      <Execution id="0732cf26-aa5c-4bfc-90a3-5692fd303b0e" />
      <TestMethod codeBase="C:\Projekty\MSTestProject\bin\Debug\netcoreapp3.1\MSTestProject.dll" adapterTypeName="executor://mstestadapter/v2" className="TwojeWesele.Services.Helpers.Tests.CurrencyHelperTests" name="FormatToStringTest1000" />
    </UnitTest>
    <UnitTest name="FormatToStringTest1000 (806.960597043373,806.96 zł)" storage="c:\projekty\mstestproject\bin\debug\netcoreapp3.1\mstestproject.dll" id="fc66d0cf-1d32-48a0-a4a8-6e734b3c66a7">
      <TestCategory>
        <TestCategoryItem TestCategory="Category1000" />
      </TestCategory>
      <Execution id="1c7fa290-f995-4c9d-a56f-bdd981661222" />
      <TestMethod codeBase="C:\Projekty\MSTestProject\bin\Debug\netcoreapp3.1\MSTestProject.dll" adapterTypeName="executor://mstestadapter/v2" className="TwojeWesele.Services.Helpers.Tests.CurrencyHelperTests" name="FormatToStringTest1000" />
    </UnitTest>
    <UnitTest name="FormatToStringTest1000 (14237.13226245955,14237.13 zł)" storage="c:\projekty\mstestproject\bin\debug\netcoreapp3.1\mstestproject.dll" id="79416ce0-9fed-49a5-98ed-c9bd5d92402f">
      <TestCategory>
        <TestCategoryItem TestCategory="Category1000" />
      </TestCategory>
      <Execution id="3445510c-753e-4840-a09c-77bdfd5b04b8" />
      <TestMethod codeBase="C:\Projekty\MSTestProject\bin\Debug\netcoreapp3.1\MSTestProject.dll" adapterTypeName="executor://mstestadapter/v2" className="TwojeWesele.Services.Helpers.Tests.CurrencyHelperTests" name="FormatToStringTest1000" />
    </UnitTest>
    <UnitTest name="FormatToStringTest1000 (67380.07704875062,67380.08 zł)" storage="c:\projekty\mstestproject\bin\debug\netcoreapp3.1\mstestproject.dll" id="9a0574b2-7089-483c-a1a7-f4b518618ab3">
      <TestCategory>
        <TestCategoryItem TestCategory="Category1000" />
      </TestCategory>
      <Execution id="51a6c653-81d1-46e3-8996-5834df4bf42c" />
      <TestMethod codeBase="C:\Projekty\MSTestProject\bin\Debug\netcoreapp3.1\MSTestProject.dll" adapterTypeName="executor://mstestadapter/v2" className="TwojeWesele.Services.Helpers.Tests.CurrencyHelperTests" name="FormatToStringTest1000" />
    </UnitTest>
    <UnitTest name="FormatToStringTest1000 (42767.96883676898,42767.97 zł)" storage="c:\projekty\mstestproject\bin\debug\netcoreapp3.1\mstestproject.dll" id="a873ce80-d6c3-4e93-af37-89d89354053d">
      <TestCategory>
        <TestCategoryItem TestCategory="Category1000" />
      </TestCategory>
      <Execution id="73734a9b-c31e-4f1f-b07a-e58751c2abbb" />
      <TestMethod codeBase="C:\Projekty\MSTestProject\bin\Debug\netcoreapp3.1\MSTestProject.dll" adapterTypeName="executor://mstestadapter/v2" className="TwojeWesele.Services.Helpers.Tests.CurrencyHelperTests" name="FormatToStringTest1000" />
    </UnitTest>
    <UnitTest name="FormatToStringTest1000 (386.358918903097,386.36 zł)" storage="c:\projekty\mstestproject\bin\debug\netcoreapp3.1\mstestproject.dll" id="94d82541-107e-47a9-bd7e-6c86b2d701df">
      <TestCategory>
        <TestCategoryItem TestCategory="Category1000" />
      </TestCategory>
      <Execution id="f6d4c222-ae65-4c81-bc09-44b2b1dbabb5" />
      <TestMethod codeBase="C:\Projekty\MSTestProject\bin\Debug\netcoreapp3.1\MSTestProject.dll" adapterTypeName="executor://mstestadapter/v2" className="TwojeWesele.Services.Helpers.Tests.CurrencyHelperTests" name="FormatToStringTest1000" />
    </UnitTest>
    <UnitTest name="FormatToStringTest1000 (20321.03715103913,20321.04 zł)" storage="c:\projekty\mstestproject\bin\debug\netcoreapp3.1\mstestproject.dll" id="ba28cde5-56b3-4d99-82a7-6fdf06a305c9">
      <TestCategory>
        <TestCategoryItem TestCategory="Category1000" />
      </TestCategory>
      <Execution id="ba56f81b-f896-41f9-a57d-b6ed1e0159cf" />
      <TestMethod codeBase="C:\Projekty\MSTestProject\bin\Debug\netcoreapp3.1\MSTestProject.dll" adapterTypeName="executor://mstestadapter/v2" className="TwojeWesele.Services.Helpers.Tests.CurrencyHelperTests" name="FormatToStringTest1000" />
    </UnitTest>
    <UnitTest name="FormatToStringTest1000 (50550.645020282194,50550.65 zł)" storage="c:\projekty\mstestproject\bin\debug\netcoreapp3.1\mstestproject.dll" id="ed4624c4-a217-40a2-ac71-d6b3f3040200">
      <TestCategory>
        <TestCategoryItem TestCategory="Category1000" />
      </TestCategory>
      <Execution id="1a1c5e4f-f199-48d5-b4ba-5bc9541634e0" />
      <TestMethod codeBase="C:\Projekty\MSTestProject\bin\Debug\netcoreapp3.1\MSTestProject.dll" adapterTypeName="executor://mstestadapter/v2" className="TwojeWesele.Services.Helpers.Tests.CurrencyHelperTests" name="FormatToStringTest1000" />
    </UnitTest>
    <UnitTest name="FormatToStringTest1000 (49037.8109120586,49037.81 zł)" storage="c:\projekty\mstestproject\bin\debug\netcoreapp3.1\mstestproject.dll" id="4a1c3855-e452-4363-9955-f8194515ea28">
      <TestCategory>
        <TestCategoryItem TestCategory="Category1000" />
      </TestCategory>
      <Execution id="28424b53-cc32-48b5-9f5e-d62c48bbb019" />
      <TestMethod codeBase="C:\Projekty\MSTestProject\bin\Debug\netcoreapp3.1\MSTestProject.dll" adapterTypeName="executor://mstestadapter/v2" className="TwojeWesele.Services.Helpers.Tests.CurrencyHelperTests" name="FormatToStringTest1000" />
    </UnitTest>
    <UnitTest name="FormatToStringTest1000 (6220.182014914314,6220.18 zł)" storage="c:\projekty\mstestproject\bin\debug\netcoreapp3.1\mstestproject.dll" id="4d781849-7152-4e49-9607-fccca1286ce1">
      <TestCategory>
        <TestCategoryItem TestCategory="Category1000" />
      </TestCategory>
      <Execution id="13a531e8-b783-4b51-a550-fd85a50091f6" />
      <TestMethod codeBase="C:\Projekty\MSTestProject\bin\Debug\netcoreapp3.1\MSTestProject.dll" adapterTypeName="executor://mstestadapter/v2" className="TwojeWesele.Services.Helpers.Tests.CurrencyHelperTests" name="FormatToStringTest1000" />
    </UnitTest>
    <UnitTest name="FormatToStringTest1000 (41873.517751020154,41873.52 zł)" storage="c:\projekty\mstestproject\bin\debug\netcoreapp3.1\mstestproject.dll" id="1f23b4a8-7b08-4aa4-91fc-a35a2f07054a">
      <TestCategory>
        <TestCategoryItem TestCategory="Category1000" />
      </TestCategory>
      <Execution id="7b5680d3-a958-4dba-9789-759cd0b299fd" />
      <TestMethod codeBase="C:\Projekty\MSTestProject\bin\Debug\netcoreapp3.1\MSTestProject.dll" adapterTypeName="executor://mstestadapter/v2" className="TwojeWesele.Services.Helpers.Tests.CurrencyHelperTests" name="FormatToStringTest1000" />
    </UnitTest>
    <UnitTest name="FormatToStringTest1000 (14137.400697779563,14137.40 zł)" storage="c:\projekty\mstestproject\bin\debug\netcoreapp3.1\mstestproject.dll" id="394fe344-70fc-4538-a138-170cda5f5b8e">
      <TestCategory>
        <TestCategoryItem TestCategory="Category1000" />
      </TestCategory>
      <Execution id="de361ffc-2e25-43e7-aa4b-eb9c500c5fb9" />
      <TestMethod codeBase="C:\Projekty\MSTestProject\bin\Debug\netcoreapp3.1\MSTestProject.dll" adapterTypeName="executor://mstestadapter/v2" className="TwojeWesele.Services.Helpers.Tests.CurrencyHelperTests" name="FormatToStringTest1000" />
    </UnitTest>
    <UnitTest name="FormatToStringTest1000 (30199.386730006612,30199.39 zł)" storage="c:\projekty\mstestproject\bin\debug\netcoreapp3.1\mstestproject.dll" id="bd4e196f-e0d9-4035-a672-cbc1d324ae7b">
      <TestCategory>
        <TestCategoryItem TestCategory="Category1000" />
      </TestCategory>
      <Execution id="0956e123-1469-414a-b4ac-47ad05789c55" />
      <TestMethod codeBase="C:\Projekty\MSTestProject\bin\Debug\netcoreapp3.1\MSTestProject.dll" adapterTypeName="executor://mstestadapter/v2" className="TwojeWesele.Services.Helpers.Tests.CurrencyHelperTests" name="FormatToStringTest1000" />
    </UnitTest>
    <UnitTest name="FormatToStringTest1000 (3694.480496819355,3694.48 zł)" storage="c:\projekty\mstestproject\bin\debug\netcoreapp3.1\mstestproject.dll" id="39b5472f-54d0-4e55-8045-87e392d1a471">
      <TestCategory>
        <TestCategoryItem TestCategory="Category1000" />
      </TestCategory>
      <Execution id="99a6fc28-0a1c-4f3f-8eb0-cd84d6914a46" />
      <TestMethod codeBase="C:\Projekty\MSTestProject\bin\Debug\netcoreapp3.1\MSTestProject.dll" adapterTypeName="executor://mstestadapter/v2" className="TwojeWesele.Services.Helpers.Tests.CurrencyHelperTests" name="FormatToStringTest1000" />
    </UnitTest>
    <UnitTest name="FormatToStringTest1000 (1751.7703038522834,1751.77 zł)" storage="c:\projekty\mstestproject\bin\debug\netcoreapp3.1\mstestproject.dll" id="b9a5aafa-875f-4e06-878b-281841649a28">
      <TestCategory>
        <TestCategoryItem TestCategory="Category1000" />
      </TestCategory>
      <Execution id="5487fa37-74da-402f-820c-b9bddf1984af" />
      <TestMethod codeBase="C:\Projekty\MSTestProject\bin\Debug\netcoreapp3.1\MSTestProject.dll" adapterTypeName="executor://mstestadapter/v2" className="TwojeWesele.Services.Helpers.Tests.CurrencyHelperTests" name="FormatToStringTest1000" />
    </UnitTest>
    <UnitTest name="FormatToStringTest1000 (39146.892120180135,39146.89 zł)" storage="c:\projekty\mstestproject\bin\debug\netcoreapp3.1\mstestproject.dll" id="f846d3d9-962f-47e5-baba-7cc27460d6ec">
      <TestCategory>
        <TestCategoryItem TestCategory="Category1000" />
      </TestCategory>
      <Execution id="8a507d84-9a4e-465f-8a90-81e9e920a8e6" />
      <TestMethod codeBase="C:\Projekty\MSTestProject\bin\Debug\netcoreapp3.1\MSTestProject.dll" adapterTypeName="executor://mstestadapter/v2" className="TwojeWesele.Services.Helpers.Tests.CurrencyHelperTests" name="FormatToStringTest1000" />
    </UnitTest>
    <UnitTest name="FormatToStringTest1000 (15639.704937780603,15639.70 zł)" storage="c:\projekty\mstestproject\bin\debug\netcoreapp3.1\mstestproject.dll" id="e2e8bc22-c08a-4184-8025-e74cd2f15238">
      <TestCategory>
        <TestCategoryItem TestCategory="Category1000" />
      </TestCategory>
      <Execution id="53980cf7-73e1-4156-81bb-0226da592063" />
      <TestMethod codeBase="C:\Projekty\MSTestProject\bin\Debug\netcoreapp3.1\MSTestProject.dll" adapterTypeName="executor://mstestadapter/v2" className="TwojeWesele.Services.Helpers.Tests.CurrencyHelperTests" name="FormatToStringTest1000" />
    </UnitTest>
    <UnitTest name="FormatToStringTest1000 (1963.0091662979728,1963.01 zł)" storage="c:\projekty\mstestproject\bin\debug\netcoreapp3.1\mstestproject.dll" id="a3cf9ca7-c8ee-4ea3-9af3-5c6c0ae4beed">
      <TestCategory>
        <TestCategoryItem TestCategory="Category1000" />
      </TestCategory>
      <Execution id="cfe18c27-50e0-4136-a791-c1b1581e47e8" />
      <TestMethod codeBase="C:\Projekty\MSTestProject\bin\Debug\netcoreapp3.1\MSTestProject.dll" adapterTypeName="executor://mstestadapter/v2" className="TwojeWesele.Services.Helpers.Tests.CurrencyHelperTests" name="FormatToStringTest1000" />
    </UnitTest>
    <UnitTest name="FormatToStringTest1000 (29539.32303995328,29539.32 zł)" storage="c:\projekty\mstestproject\bin\debug\netcoreapp3.1\mstestproject.dll" id="c4b1c225-44f7-4111-8a09-bed26fddbf13">
      <TestCategory>
        <TestCategoryItem TestCategory="Category1000" />
      </TestCategory>
      <Execution id="b6bbb2b8-9e20-4950-a6c7-ef6d595a66b9" />
      <TestMethod codeBase="C:\Projekty\MSTestProject\bin\Debug\netcoreapp3.1\MSTestProject.dll" adapterTypeName="executor://mstestadapter/v2" className="TwojeWesele.Services.Helpers.Tests.CurrencyHelperTests" name="FormatToStringTest1000" />
    </UnitTest>
    <UnitTest name="FormatToStringTest1000 (41368.29672956015,41368.30 zł)" storage="c:\projekty\mstestproject\bin\debug\netcoreapp3.1\mstestproject.dll" id="446e5a69-dc32-4365-8b5d-7f76a69bd2ac">
      <TestCategory>
        <TestCategoryItem TestCategory="Category1000" />
      </TestCategory>
      <Execution id="d605b11e-24fd-4963-af43-f6a67747965d" />
      <TestMethod codeBase="C:\Projekty\MSTestProject\bin\Debug\netcoreapp3.1\MSTestProject.dll" adapterTypeName="executor://mstestadapter/v2" className="TwojeWesele.Services.Helpers.Tests.CurrencyHelperTests" name="FormatToStringTest1000" />
    </UnitTest>
    <UnitTest name="FormatToStringTest1000 (30031.89550569323,30031.90 zł)" storage="c:\projekty\mstestproject\bin\debug\netcoreapp3.1\mstestproject.dll" id="bd7256df-08be-4745-83a4-5b35f88fed55">
      <TestCategory>
        <TestCategoryItem TestCategory="Category1000" />
      </TestCategory>
      <Execution id="a86f49d6-1ca5-4e6e-8853-1d1f37d59060" />
      <TestMethod codeBase="C:\Projekty\MSTestProject\bin\Debug\netcoreapp3.1\MSTestProject.dll" adapterTypeName="executor://mstestadapter/v2" className="TwojeWesele.Services.Helpers.Tests.CurrencyHelperTests" name="FormatToStringTest1000" />
    </UnitTest>
    <UnitTest name="FormatToStringTest1000 (9818.257405763146,9818.26 zł)" storage="c:\projekty\mstestproject\bin\debug\netcoreapp3.1\mstestproject.dll" id="30c82176-5ce2-4dd9-b7f1-a8c17b4485fd">
      <TestCategory>
        <TestCategoryItem TestCategory="Category1000" />
      </TestCategory>
      <Execution id="10349b66-c87e-4fe6-9fdf-63dd3658736a" />
      <TestMethod codeBase="C:\Projekty\MSTestProject\bin\Debug\netcoreapp3.1\MSTestProject.dll" adapterTypeName="executor://mstestadapter/v2" className="TwojeWesele.Services.Helpers.Tests.CurrencyHelperTests" name="FormatToStringTest1000" />
    </UnitTest>
    <UnitTest name="FormatToStringTest1000 (6665.405372488035,6665.41 zł)" storage="c:\projekty\mstestproject\bin\debug\netcoreapp3.1\mstestproject.dll" id="e7ff0873-797f-4440-8a89-45dfbe568e24">
      <TestCategory>
        <TestCategoryItem TestCategory="Category1000" />
      </TestCategory>
      <Execution id="378c58f6-8462-49f5-b1a5-ef0eeada6190" />
      <TestMethod codeBase="C:\Projekty\MSTestProject\bin\Debug\netcoreapp3.1\MSTestProject.dll" adapterTypeName="executor://mstestadapter/v2" className="TwojeWesele.Services.Helpers.Tests.CurrencyHelperTests" name="FormatToStringTest1000" />
    </UnitTest>
    <UnitTest name="FormatToStringTest1000 (26858.35647848731,26858.36 zł)" storage="c:\projekty\mstestproject\bin\debug\netcoreapp3.1\mstestproject.dll" id="4dcdbe36-10df-42bd-be6b-6a292e009d05">
      <TestCategory>
        <TestCategoryItem TestCategory="Category1000" />
      </TestCategory>
      <Execution id="4504cb1a-3790-4284-b9c7-6a1fcd6e2829" />
      <TestMethod codeBase="C:\Projekty\MSTestProject\bin\Debug\netcoreapp3.1\MSTestProject.dll" adapterTypeName="executor://mstestadapter/v2" className="TwojeWesele.Services.Helpers.Tests.CurrencyHelperTests" name="FormatToStringTest1000" />
    </UnitTest>
    <UnitTest name="FormatToStringTest1000 (29796.909338079815,29796.91 zł)" storage="c:\projekty\mstestproject\bin\debug\netcoreapp3.1\mstestproject.dll" id="809297b0-1776-47a7-9051-a5a83224b90e">
      <TestCategory>
        <TestCategoryItem TestCategory="Category1000" />
      </TestCategory>
      <Execution id="ae0f7cde-ee99-4bf1-a5ce-ce10bad9580c" />
      <TestMethod codeBase="C:\Projekty\MSTestProject\bin\Debug\netcoreapp3.1\MSTestProject.dll" adapterTypeName="executor://mstestadapter/v2" className="TwojeWesele.Services.Helpers.Tests.CurrencyHelperTests" name="FormatToStringTest1000" />
    </UnitTest>
    <UnitTest name="FormatToStringTest1000 (23684.695462791573,23684.70 zł)" storage="c:\projekty\mstestproject\bin\debug\netcoreapp3.1\mstestproject.dll" id="d0a6404b-f9f9-47d7-93ae-6201924f93f4">
      <TestCategory>
        <TestCategoryItem TestCategory="Category1000" />
      </TestCategory>
      <Execution id="f2998519-509e-4c5c-840e-71d1cf1dfef3" />
      <TestMethod codeBase="C:\Projekty\MSTestProject\bin\Debug\netcoreapp3.1\MSTestProject.dll" adapterTypeName="executor://mstestadapter/v2" className="TwojeWesele.Services.Helpers.Tests.CurrencyHelperTests" name="FormatToStringTest1000" />
    </UnitTest>
    <UnitTest name="FormatToStringTest1000 (24570.65594858893,24570.66 zł)" storage="c:\projekty\mstestproject\bin\debug\netcoreapp3.1\mstestproject.dll" id="1a96e058-1c4c-4c38-9f9a-4c156cbf5ab7">
      <TestCategory>
        <TestCategoryItem TestCategory="Category1000" />
      </TestCategory>
      <Execution id="57bad396-15b4-40d5-b159-5c7e980535c3" />
      <TestMethod codeBase="C:\Projekty\MSTestProject\bin\Debug\netcoreapp3.1\MSTestProject.dll" adapterTypeName="executor://mstestadapter/v2" className="TwojeWesele.Services.Helpers.Tests.CurrencyHelperTests" name="FormatToStringTest1000" />
    </UnitTest>
    <UnitTest name="FormatToStringTest1000 (40035.54711080787,40035.55 zł)" storage="c:\projekty\mstestproject\bin\debug\netcoreapp3.1\mstestproject.dll" id="3595846d-6ee0-417c-852e-ce39df840f93">
      <TestCategory>
        <TestCategoryItem TestCategory="Category1000" />
      </TestCategory>
      <Execution id="263940d4-7bad-4b5f-be50-21d93eb64717" />
      <TestMethod codeBase="C:\Projekty\MSTestProject\bin\Debug\netcoreapp3.1\MSTestProject.dll" adapterTypeName="executor://mstestadapter/v2" className="TwojeWesele.Services.Helpers.Tests.CurrencyHelperTests" name="FormatToStringTest1000" />
    </UnitTest>
    <UnitTest name="FormatToStringTest1000 (7377.5644264340235,7377.56 zł)" storage="c:\projekty\mstestproject\bin\debug\netcoreapp3.1\mstestproject.dll" id="a5cf828e-7299-49cc-8acf-f3303fff41ae">
      <TestCategory>
        <TestCategoryItem TestCategory="Category1000" />
      </TestCategory>
      <Execution id="896ad944-807c-435c-81d3-4f20e4dc3536" />
      <TestMethod codeBase="C:\Projekty\MSTestProject\bin\Debug\netcoreapp3.1\MSTestProject.dll" adapterTypeName="executor://mstestadapter/v2" className="TwojeWesele.Services.Helpers.Tests.CurrencyHelperTests" name="FormatToStringTest1000" />
    </UnitTest>
    <UnitTest name="FormatToStringTest1000 (643.3550376181281,643.36 zł)" storage="c:\projekty\mstestproject\bin\debug\netcoreapp3.1\mstestproject.dll" id="3b3b5914-9b5b-4b73-9bbd-9c13b1a73ef5">
      <TestCategory>
        <TestCategoryItem TestCategory="Category1000" />
      </TestCategory>
      <Execution id="ef4d4eb0-43a4-4156-9760-ea0cabfb6e0a" />
      <TestMethod codeBase="C:\Projekty\MSTestProject\bin\Debug\netcoreapp3.1\MSTestProject.dll" adapterTypeName="executor://mstestadapter/v2" className="TwojeWesele.Services.Helpers.Tests.CurrencyHelperTests" name="FormatToStringTest1000" />
    </UnitTest>
    <UnitTest name="FormatToStringTest1000 (6173.0243155793405,6173.02 zł)" storage="c:\projekty\mstestproject\bin\debug\netcoreapp3.1\mstestproject.dll" id="7ce888d9-e559-4d0d-a212-593d07852f5f">
      <TestCategory>
        <TestCategoryItem TestCategory="Category1000" />
      </TestCategory>
      <Execution id="33d763a1-6f84-4f20-9081-f52e1f2a3390" />
      <TestMethod codeBase="C:\Projekty\MSTestProject\bin\Debug\netcoreapp3.1\MSTestProject.dll" adapterTypeName="executor://mstestadapter/v2" className="TwojeWesele.Services.Helpers.Tests.CurrencyHelperTests" name="FormatToStringTest1000" />
    </UnitTest>
    <UnitTest name="FormatToStringTest1000 (20445.11280083149,20445.11 zł)" storage="c:\projekty\mstestproject\bin\debug\netcoreapp3.1\mstestproject.dll" id="7d748254-f0f4-4d13-b41c-95eec059db40">
      <TestCategory>
        <TestCategoryItem TestCategory="Category1000" />
      </TestCategory>
      <Execution id="8bae1c65-c48d-4f99-b6e1-17f87d15a49a" />
      <TestMethod codeBase="C:\Projekty\MSTestProject\bin\Debug\netcoreapp3.1\MSTestProject.dll" adapterTypeName="executor://mstestadapter/v2" className="TwojeWesele.Services.Helpers.Tests.CurrencyHelperTests" name="FormatToStringTest1000" />
    </UnitTest>
    <UnitTest name="FormatToStringTest1000 (16637.074429372828,16637.07 zł)" storage="c:\projekty\mstestproject\bin\debug\netcoreapp3.1\mstestproject.dll" id="a6bb5a53-7918-419d-919c-95cb8d058a2f">
      <TestCategory>
        <TestCategoryItem TestCategory="Category1000" />
      </TestCategory>
      <Execution id="d61f02e7-1c33-4468-9660-645abc12fd07" />
      <TestMethod codeBase="C:\Projekty\MSTestProject\bin\Debug\netcoreapp3.1\MSTestProject.dll" adapterTypeName="executor://mstestadapter/v2" className="TwojeWesele.Services.Helpers.Tests.CurrencyHelperTests" name="FormatToStringTest1000" />
    </UnitTest>
    <UnitTest name="FormatToStringTest1000 (33851.35523524618,33851.36 zł)" storage="c:\projekty\mstestproject\bin\debug\netcoreapp3.1\mstestproject.dll" id="be413dcd-21cf-4a22-8dfc-e0a69e9b7026">
      <TestCategory>
        <TestCategoryItem TestCategory="Category1000" />
      </TestCategory>
      <Execution id="c52c6efc-4c59-491f-863e-d73f40c588e4" />
      <TestMethod codeBase="C:\Projekty\MSTestProject\bin\Debug\netcoreapp3.1\MSTestProject.dll" adapterTypeName="executor://mstestadapter/v2" className="TwojeWesele.Services.Helpers.Tests.CurrencyHelperTests" name="FormatToStringTest1000" />
    </UnitTest>
    <UnitTest name="FormatToStringTest1000 (3431.864349926759,3431.86 zł)" storage="c:\projekty\mstestproject\bin\debug\netcoreapp3.1\mstestproject.dll" id="212644ba-5fc6-4c35-9ab8-b3708615df62">
      <TestCategory>
        <TestCategoryItem TestCategory="Category1000" />
      </TestCategory>
      <Execution id="3c80d89b-ee5c-47bc-95bf-bbd4bd74639b" />
      <TestMethod codeBase="C:\Projekty\MSTestProject\bin\Debug\netcoreapp3.1\MSTestProject.dll" adapterTypeName="executor://mstestadapter/v2" className="TwojeWesele.Services.Helpers.Tests.CurrencyHelperTests" name="FormatToStringTest1000" />
    </UnitTest>
    <UnitTest name="FormatToStringTest1000 (61422.228144277455,61422.23 zł)" storage="c:\projekty\mstestproject\bin\debug\netcoreapp3.1\mstestproject.dll" id="bb38df79-3fef-4a2b-975e-d4fa79b7a18a">
      <TestCategory>
        <TestCategoryItem TestCategory="Category1000" />
      </TestCategory>
      <Execution id="5a502c8a-4d4d-4596-a67e-b8c4984fb3cb" />
      <TestMethod codeBase="C:\Projekty\MSTestProject\bin\Debug\netcoreapp3.1\MSTestProject.dll" adapterTypeName="executor://mstestadapter/v2" className="TwojeWesele.Services.Helpers.Tests.CurrencyHelperTests" name="FormatToStringTest1000" />
    </UnitTest>
    <UnitTest name="FormatToStringTest1000 (44869.327020554025,44869.33 zł)" storage="c:\projekty\mstestproject\bin\debug\netcoreapp3.1\mstestproject.dll" id="6b6aac90-4972-4b56-9424-06105a652299">
      <TestCategory>
        <TestCategoryItem TestCategory="Category1000" />
      </TestCategory>
      <Execution id="df835463-0975-4fa7-ab66-c68baccea3d8" />
      <TestMethod codeBase="C:\Projekty\MSTestProject\bin\Debug\netcoreapp3.1\MSTestProject.dll" adapterTypeName="executor://mstestadapter/v2" className="TwojeWesele.Services.Helpers.Tests.CurrencyHelperTests" name="FormatToStringTest1000" />
    </UnitTest>
    <UnitTest name="FormatToStringTest1000 (8908.080586221107,8908.08 zł)" storage="c:\projekty\mstestproject\bin\debug\netcoreapp3.1\mstestproject.dll" id="893b8086-6919-4aea-a0b4-98d2d22cd6bc">
      <TestCategory>
        <TestCategoryItem TestCategory="Category1000" />
      </TestCategory>
      <Execution id="eaf9fd3f-8475-4931-bca7-13a367701579" />
      <TestMethod codeBase="C:\Projekty\MSTestProject\bin\Debug\netcoreapp3.1\MSTestProject.dll" adapterTypeName="executor://mstestadapter/v2" className="TwojeWesele.Services.Helpers.Tests.CurrencyHelperTests" name="FormatToStringTest1000" />
    </UnitTest>
    <UnitTest name="FormatToStringTest1000 (3503.9809179231434,3503.98 zł)" storage="c:\projekty\mstestproject\bin\debug\netcoreapp3.1\mstestproject.dll" id="e5cd8703-3644-49b9-b4ac-019f2c8ccaf7">
      <TestCategory>
        <TestCategoryItem TestCategory="Category1000" />
      </TestCategory>
      <Execution id="e8ad2205-56c6-4095-8c3e-9b2d0e0feb2b" />
      <TestMethod codeBase="C:\Projekty\MSTestProject\bin\Debug\netcoreapp3.1\MSTestProject.dll" adapterTypeName="executor://mstestadapter/v2" className="TwojeWesele.Services.Helpers.Tests.CurrencyHelperTests" name="FormatToStringTest1000" />
    </UnitTest>
    <UnitTest name="FormatToStringTest1000 (801.5720517614726,801.57 zł)" storage="c:\projekty\mstestproject\bin\debug\netcoreapp3.1\mstestproject.dll" id="69fabb34-5c0c-414b-98e8-193c30c0af35">
      <TestCategory>
        <TestCategoryItem TestCategory="Category1000" />
      </TestCategory>
      <Execution id="e1afe919-e884-417a-93e1-751563bfb29e" />
      <TestMethod codeBase="C:\Projekty\MSTestProject\bin\Debug\netcoreapp3.1\MSTestProject.dll" adapterTypeName="executor://mstestadapter/v2" className="TwojeWesele.Services.Helpers.Tests.CurrencyHelperTests" name="FormatToStringTest1000" />
    </UnitTest>
    <UnitTest name="FormatToStringTest1000 (68011.49219071423,68011.49 zł)" storage="c:\projekty\mstestproject\bin\debug\netcoreapp3.1\mstestproject.dll" id="70b90833-18a3-473e-9bc0-fe3c83dd00e3">
      <TestCategory>
        <TestCategoryItem TestCategory="Category1000" />
      </TestCategory>
      <Execution id="36fd1c18-71ac-4528-9573-cd338e183710" />
      <TestMethod codeBase="C:\Projekty\MSTestProject\bin\Debug\netcoreapp3.1\MSTestProject.dll" adapterTypeName="executor://mstestadapter/v2" className="TwojeWesele.Services.Helpers.Tests.CurrencyHelperTests" name="FormatToStringTest1000" />
    </UnitTest>
    <UnitTest name="FormatToStringTest1000 (44930.92203801075,44930.92 zł)" storage="c:\projekty\mstestproject\bin\debug\netcoreapp3.1\mstestproject.dll" id="9350472a-51e7-4628-92db-4f25228a885d">
      <TestCategory>
        <TestCategoryItem TestCategory="Category1000" />
      </TestCategory>
      <Execution id="d0a910cd-01f6-4cb8-b410-b224434afa95" />
      <TestMethod codeBase="C:\Projekty\MSTestProject\bin\Debug\netcoreapp3.1\MSTestProject.dll" adapterTypeName="executor://mstestadapter/v2" className="TwojeWesele.Services.Helpers.Tests.CurrencyHelperTests" name="FormatToStringTest1000" />
    </UnitTest>
    <UnitTest name="FormatToStringTest1000 (16571.355536101553,16571.36 zł)" storage="c:\projekty\mstestproject\bin\debug\netcoreapp3.1\mstestproject.dll" id="991947fe-8e90-445f-8006-a1caa8e05072">
      <TestCategory>
        <TestCategoryItem TestCategory="Category1000" />
      </TestCategory>
      <Execution id="3e86d0c4-ffdf-41a5-ba15-32ea5bd586f4" />
      <TestMethod codeBase="C:\Projekty\MSTestProject\bin\Debug\netcoreapp3.1\MSTestProject.dll" adapterTypeName="executor://mstestadapter/v2" className="TwojeWesele.Services.Helpers.Tests.CurrencyHelperTests" name="FormatToStringTest1000" />
    </UnitTest>
    <UnitTest name="FormatToStringTest1000 (49256.47455728635,49256.47 zł)" storage="c:\projekty\mstestproject\bin\debug\netcoreapp3.1\mstestproject.dll" id="6684f3f3-b9f7-4756-9141-1b1dd1ac3127">
      <TestCategory>
        <TestCategoryItem TestCategory="Category1000" />
      </TestCategory>
      <Execution id="fe891a26-729a-4f5c-96ce-50980afc9618" />
      <TestMethod codeBase="C:\Projekty\MSTestProject\bin\Debug\netcoreapp3.1\MSTestProject.dll" adapterTypeName="executor://mstestadapter/v2" className="TwojeWesele.Services.Helpers.Tests.CurrencyHelperTests" name="FormatToStringTest1000" />
    </UnitTest>
    <UnitTest name="FormatToStringTest1000 (115.26302841131717,115.26 zł)" storage="c:\projekty\mstestproject\bin\debug\netcoreapp3.1\mstestproject.dll" id="39b929de-9899-48b1-8594-e2990d69d107">
      <TestCategory>
        <TestCategoryItem TestCategory="Category1000" />
      </TestCategory>
      <Execution id="a1c11758-f186-429f-96ec-26a1c27f1061" />
      <TestMethod codeBase="C:\Projekty\MSTestProject\bin\Debug\netcoreapp3.1\MSTestProject.dll" adapterTypeName="executor://mstestadapter/v2" className="TwojeWesele.Services.Helpers.Tests.CurrencyHelperTests" name="FormatToStringTest1000" />
    </UnitTest>
    <UnitTest name="FormatToStringTest1000 (15742.409864349947,15742.41 zł)" storage="c:\projekty\mstestproject\bin\debug\netcoreapp3.1\mstestproject.dll" id="524ec95b-9fea-4e9e-b3f6-26f04fefdccd">
      <TestCategory>
        <TestCategoryItem TestCategory="Category1000" />
      </TestCategory>
      <Execution id="83f730dc-b26d-4ac2-9c74-85ff3d3731f7" />
      <TestMethod codeBase="C:\Projekty\MSTestProject\bin\Debug\netcoreapp3.1\MSTestProject.dll" adapterTypeName="executor://mstestadapter/v2" className="TwojeWesele.Services.Helpers.Tests.CurrencyHelperTests" name="FormatToStringTest1000" />
    </UnitTest>
    <UnitTest name="FormatToStringTest1000 (11922.837782177532,11922.84 zł)" storage="c:\projekty\mstestproject\bin\debug\netcoreapp3.1\mstestproject.dll" id="086074ea-29c1-404a-94db-2b16028a2980">
      <TestCategory>
        <TestCategoryItem TestCategory="Category1000" />
      </TestCategory>
      <Execution id="ab1680d2-a0ee-4fc3-b952-426e5a9d19b4" />
      <TestMethod codeBase="C:\Projekty\MSTestProject\bin\Debug\netcoreapp3.1\MSTestProject.dll" adapterTypeName="executor://mstestadapter/v2" className="TwojeWesele.Services.Helpers.Tests.CurrencyHelperTests" name="FormatToStringTest1000" />
    </UnitTest>
    <UnitTest name="FormatToStringTest1000 (20146.183073329827,20146.18 zł)" storage="c:\projekty\mstestproject\bin\debug\netcoreapp3.1\mstestproject.dll" id="8a3e72b2-38ae-49a6-b944-29548efebae2">
      <TestCategory>
        <TestCategoryItem TestCategory="Category1000" />
      </TestCategory>
      <Execution id="b337ec96-bc88-4319-b060-755700e6a108" />
      <TestMethod codeBase="C:\Projekty\MSTestProject\bin\Debug\netcoreapp3.1\MSTestProject.dll" adapterTypeName="executor://mstestadapter/v2" className="TwojeWesele.Services.Helpers.Tests.CurrencyHelperTests" name="FormatToStringTest1000" />
    </UnitTest>
    <UnitTest name="FormatToStringTest1000 (4116.417580192638,4116.42 zł)" storage="c:\projekty\mstestproject\bin\debug\netcoreapp3.1\mstestproject.dll" id="0341e931-80c7-4637-a99b-242bd1dd6725">
      <TestCategory>
        <TestCategoryItem TestCategory="Category1000" />
      </TestCategory>
      <Execution id="de82b9c7-b4c3-4a40-8c84-2f7cb326ac85" />
      <TestMethod codeBase="C:\Projekty\MSTestProject\bin\Debug\netcoreapp3.1\MSTestProject.dll" adapterTypeName="executor://mstestadapter/v2" className="TwojeWesele.Services.Helpers.Tests.CurrencyHelperTests" name="FormatToStringTest1000" />
    </UnitTest>
    <UnitTest name="FormatToStringTest1000 (7753.724411372898,7753.72 zł)" storage="c:\projekty\mstestproject\bin\debug\netcoreapp3.1\mstestproject.dll" id="62d8712f-13d0-4c6d-bf95-73c926d81c97">
      <TestCategory>
        <TestCategoryItem TestCategory="Category1000" />
      </TestCategory>
      <Execution id="9d35c3d7-b20e-4340-ab63-bb37991abac1" />
      <TestMethod codeBase="C:\Projekty\MSTestProject\bin\Debug\netcoreapp3.1\MSTestProject.dll" adapterTypeName="executor://mstestadapter/v2" className="TwojeWesele.Services.Helpers.Tests.CurrencyHelperTests" name="FormatToStringTest1000" />
    </UnitTest>
    <UnitTest name="FormatToStringTest1000 (3799.9216302064815,3799.92 zł)" storage="c:\projekty\mstestproject\bin\debug\netcoreapp3.1\mstestproject.dll" id="c8201a01-6e67-45ad-ad50-b7fd02967a2f">
      <TestCategory>
        <TestCategoryItem TestCategory="Category1000" />
      </TestCategory>
      <Execution id="e561cfde-fdf5-436a-9b3c-36f7de5dde41" />
      <TestMethod codeBase="C:\Projekty\MSTestProject\bin\Debug\netcoreapp3.1\MSTestProject.dll" adapterTypeName="executor://mstestadapter/v2" className="TwojeWesele.Services.Helpers.Tests.CurrencyHelperTests" name="FormatToStringTest1000" />
    </UnitTest>
    <UnitTest name="FormatToStringTest1000 (61633.2671179945,61633.27 zł)" storage="c:\projekty\mstestproject\bin\debug\netcoreapp3.1\mstestproject.dll" id="0d2499d2-0b2d-4201-a3af-67e6c40d7e7c">
      <TestCategory>
        <TestCategoryItem TestCategory="Category1000" />
      </TestCategory>
      <Execution id="fe2ee52b-7560-4a67-83d2-48a00a9159bc" />
      <TestMethod codeBase="C:\Projekty\MSTestProject\bin\Debug\netcoreapp3.1\MSTestProject.dll" adapterTypeName="executor://mstestadapter/v2" className="TwojeWesele.Services.Helpers.Tests.CurrencyHelperTests" name="FormatToStringTest1000" />
    </UnitTest>
    <UnitTest name="FormatToStringTest1000 (3588.260979617136,3588.26 zł)" storage="c:\projekty\mstestproject\bin\debug\netcoreapp3.1\mstestproject.dll" id="5504d06e-072d-4cef-bffe-65b7d39ea916">
      <TestCategory>
        <TestCategoryItem TestCategory="Category1000" />
      </TestCategory>
      <Execution id="1fffdb3d-669c-4232-aca3-ab074ef3aa01" />
      <TestMethod codeBase="C:\Projekty\MSTestProject\bin\Debug\netcoreapp3.1\MSTestProject.dll" adapterTypeName="executor://mstestadapter/v2" className="TwojeWesele.Services.Helpers.Tests.CurrencyHelperTests" name="FormatToStringTest1000" />
    </UnitTest>
    <UnitTest name="FormatToStringTest1000 (22281.48592587257,22281.49 zł)" storage="c:\projekty\mstestproject\bin\debug\netcoreapp3.1\mstestproject.dll" id="40782b17-24bf-4b99-abde-fb9412f65746">
      <TestCategory>
        <TestCategoryItem TestCategory="Category1000" />
      </TestCategory>
      <Execution id="df36146f-d279-46e7-b426-99f83a8c344a" />
      <TestMethod codeBase="C:\Projekty\MSTestProject\bin\Debug\netcoreapp3.1\MSTestProject.dll" adapterTypeName="executor://mstestadapter/v2" className="TwojeWesele.Services.Helpers.Tests.CurrencyHelperTests" name="FormatToStringTest1000" />
    </UnitTest>
    <UnitTest name="FormatToStringTest1000 (48684.26840475959,48684.27 zł)" storage="c:\projekty\mstestproject\bin\debug\netcoreapp3.1\mstestproject.dll" id="27809439-1551-41f4-9549-28641fe97912">
      <TestCategory>
        <TestCategoryItem TestCategory="Category1000" />
      </TestCategory>
      <Execution id="cbd27d8e-3602-4ffc-a59c-587754c600e1" />
      <TestMethod codeBase="C:\Projekty\MSTestProject\bin\Debug\netcoreapp3.1\MSTestProject.dll" adapterTypeName="executor://mstestadapter/v2" className="TwojeWesele.Services.Helpers.Tests.CurrencyHelperTests" name="FormatToStringTest1000" />
    </UnitTest>
    <UnitTest name="FormatToStringTest1000 (22197.731451777618,22197.73 zł)" storage="c:\projekty\mstestproject\bin\debug\netcoreapp3.1\mstestproject.dll" id="96c14238-13e0-44e9-b1ac-081199ff51ac">
      <TestCategory>
        <TestCategoryItem TestCategory="Category1000" />
      </TestCategory>
      <Execution id="57e80937-1527-40fa-b2d9-1c0954737d4e" />
      <TestMethod codeBase="C:\Projekty\MSTestProject\bin\Debug\netcoreapp3.1\MSTestProject.dll" adapterTypeName="executor://mstestadapter/v2" className="TwojeWesele.Services.Helpers.Tests.CurrencyHelperTests" name="FormatToStringTest1000" />
    </UnitTest>
    <UnitTest name="FormatToStringTest1000 (9816.961298880615,9816.96 zł)" storage="c:\projekty\mstestproject\bin\debug\netcoreapp3.1\mstestproject.dll" id="8e1ca908-f54c-4689-98e4-a5ba3b940407">
      <TestCategory>
        <TestCategoryItem TestCategory="Category1000" />
      </TestCategory>
      <Execution id="1275abec-6e86-4278-a93b-352f6da19720" />
      <TestMethod codeBase="C:\Projekty\MSTestProject\bin\Debug\netcoreapp3.1\MSTestProject.dll" adapterTypeName="executor://mstestadapter/v2" className="TwojeWesele.Services.Helpers.Tests.CurrencyHelperTests" name="FormatToStringTest1000" />
    </UnitTest>
    <UnitTest name="FormatToStringTest1000 (58459.03113649601,58459.03 zł)" storage="c:\projekty\mstestproject\bin\debug\netcoreapp3.1\mstestproject.dll" id="756f376d-1afe-4f56-8e8a-704c12308aaa">
      <TestCategory>
        <TestCategoryItem TestCategory="Category1000" />
      </TestCategory>
      <Execution id="f85611b1-cd25-4f8e-ac7b-e4670173507c" />
      <TestMethod codeBase="C:\Projekty\MSTestProject\bin\Debug\netcoreapp3.1\MSTestProject.dll" adapterTypeName="executor://mstestadapter/v2" className="TwojeWesele.Services.Helpers.Tests.CurrencyHelperTests" name="FormatToStringTest1000" />
    </UnitTest>
    <UnitTest name="FormatToStringTest1000 (675.4589376107133,675.46 zł)" storage="c:\projekty\mstestproject\bin\debug\netcoreapp3.1\mstestproject.dll" id="b89d5407-6bd3-4854-b970-c9b6780c8c96">
      <TestCategory>
        <TestCategoryItem TestCategory="Category1000" />
      </TestCategory>
      <Execution id="9364df4f-30f1-46ff-8a52-51e067191f34" />
      <TestMethod codeBase="C:\Projekty\MSTestProject\bin\Debug\netcoreapp3.1\MSTestProject.dll" adapterTypeName="executor://mstestadapter/v2" className="TwojeWesele.Services.Helpers.Tests.CurrencyHelperTests" name="FormatToStringTest1000" />
    </UnitTest>
    <UnitTest name="FormatToStringTest1000 (32051.900532446758,32051.90 zł)" storage="c:\projekty\mstestproject\bin\debug\netcoreapp3.1\mstestproject.dll" id="3d0f6c23-4a50-4dc2-b2bb-d2aade591b6a">
      <TestCategory>
        <TestCategoryItem TestCategory="Category1000" />
      </TestCategory>
      <Execution id="8b87545e-22c3-4958-a26b-d5bb5ce0667c" />
      <TestMethod codeBase="C:\Projekty\MSTestProject\bin\Debug\netcoreapp3.1\MSTestProject.dll" adapterTypeName="executor://mstestadapter/v2" className="TwojeWesele.Services.Helpers.Tests.CurrencyHelperTests" name="FormatToStringTest1000" />
    </UnitTest>
    <UnitTest name="FormatToStringTest1000 (13508.811787825922,13508.81 zł)" storage="c:\projekty\mstestproject\bin\debug\netcoreapp3.1\mstestproject.dll" id="1689bb8d-3b1d-4a9e-91de-1f50b8acd307">
      <TestCategory>
        <TestCategoryItem TestCategory="Category1000" />
      </TestCategory>
      <Execution id="9b659964-3d25-4538-8c93-281027347c98" />
      <TestMethod codeBase="C:\Projekty\MSTestProject\bin\Debug\netcoreapp3.1\MSTestProject.dll" adapterTypeName="executor://mstestadapter/v2" className="TwojeWesele.Services.Helpers.Tests.CurrencyHelperTests" name="FormatToStringTest1000" />
    </UnitTest>
    <UnitTest name="FormatToStringTest1000 (2883.637133003975,2883.64 zł)" storage="c:\projekty\mstestproject\bin\debug\netcoreapp3.1\mstestproject.dll" id="b9ad8f26-eb03-4455-b9f4-4ad369467667">
      <TestCategory>
        <TestCategoryItem TestCategory="Category1000" />
      </TestCategory>
      <Execution id="d0a1c535-3af7-4ee5-aa69-910a0eccfde6" />
      <TestMethod codeBase="C:\Projekty\MSTestProject\bin\Debug\netcoreapp3.1\MSTestProject.dll" adapterTypeName="executor://mstestadapter/v2" className="TwojeWesele.Services.Helpers.Tests.CurrencyHelperTests" name="FormatToStringTest1000" />
    </UnitTest>
    <UnitTest name="FormatToStringTest1000 (16402.16316587206,16402.16 zł)" storage="c:\projekty\mstestproject\bin\debug\netcoreapp3.1\mstestproject.dll" id="1be9e910-f002-4f3c-a51d-1def8206a022">
      <TestCategory>
        <TestCategoryItem TestCategory="Category1000" />
      </TestCategory>
      <Execution id="854cfe57-280f-46ef-874a-e6dc23b11d3e" />
      <TestMethod codeBase="C:\Projekty\MSTestProject\bin\Debug\netcoreapp3.1\MSTestProject.dll" adapterTypeName="executor://mstestadapter/v2" className="TwojeWesele.Services.Helpers.Tests.CurrencyHelperTests" name="FormatToStringTest1000" />
    </UnitTest>
    <UnitTest name="FormatToStringTest1000 (68507.83928906724,68507.84 zł)" storage="c:\projekty\mstestproject\bin\debug\netcoreapp3.1\mstestproject.dll" id="53563a17-6721-4a90-bd96-0208adb4a2e2">
      <TestCategory>
        <TestCategoryItem TestCategory="Category1000" />
      </TestCategory>
      <Execution id="b2f24ff3-3ff1-4a16-aa3f-3f2d0cc49e50" />
      <TestMethod codeBase="C:\Projekty\MSTestProject\bin\Debug\netcoreapp3.1\MSTestProject.dll" adapterTypeName="executor://mstestadapter/v2" className="TwojeWesele.Services.Helpers.Tests.CurrencyHelperTests" name="FormatToStringTest1000" />
    </UnitTest>
    <UnitTest name="FormatToStringTest1000 (8492.904747505161,8492.90 zł)" storage="c:\projekty\mstestproject\bin\debug\netcoreapp3.1\mstestproject.dll" id="b90ae428-08d3-4aaa-b9fe-a31a302665ac">
      <TestCategory>
        <TestCategoryItem TestCategory="Category1000" />
      </TestCategory>
      <Execution id="9abbf9c7-ae1a-4a9a-ae8d-8db4cc9366f5" />
      <TestMethod codeBase="C:\Projekty\MSTestProject\bin\Debug\netcoreapp3.1\MSTestProject.dll" adapterTypeName="executor://mstestadapter/v2" className="TwojeWesele.Services.Helpers.Tests.CurrencyHelperTests" name="FormatToStringTest1000" />
    </UnitTest>
    <UnitTest name="FormatToStringTest1000 (31300.40752580967,31300.41 zł)" storage="c:\projekty\mstestproject\bin\debug\netcoreapp3.1\mstestproject.dll" id="a02929f2-9ebd-496d-88a9-e9d2e2d69083">
      <TestCategory>
        <TestCategoryItem TestCategory="Category1000" />
      </TestCategory>
      <Execution id="cf472f3e-feed-4bd5-a7f2-3cd538c16df2" />
      <TestMethod codeBase="C:\Projekty\MSTestProject\bin\Debug\netcoreapp3.1\MSTestProject.dll" adapterTypeName="executor://mstestadapter/v2" className="TwojeWesele.Services.Helpers.Tests.CurrencyHelperTests" name="FormatToStringTest1000" />
    </UnitTest>
    <UnitTest name="FormatToStringTest1000 (17315.72309779363,17315.72 zł)" storage="c:\projekty\mstestproject\bin\debug\netcoreapp3.1\mstestproject.dll" id="e2d9c524-29f0-40eb-820f-f7ac9d474a69">
      <TestCategory>
        <TestCategoryItem TestCategory="Category1000" />
      </TestCategory>
      <Execution id="5f3585a7-5c2e-4df4-8879-3437a6c130e9" />
      <TestMethod codeBase="C:\Projekty\MSTestProject\bin\Debug\netcoreapp3.1\MSTestProject.dll" adapterTypeName="executor://mstestadapter/v2" className="TwojeWesele.Services.Helpers.Tests.CurrencyHelperTests" name="FormatToStringTest1000" />
    </UnitTest>
    <UnitTest name="FormatToStringTest1000 (38640.62766693003,38640.63 zł)" storage="c:\projekty\mstestproject\bin\debug\netcoreapp3.1\mstestproject.dll" id="8a746764-a478-4dd4-8d6e-f712d39434e3">
      <TestCategory>
        <TestCategoryItem TestCategory="Category1000" />
      </TestCategory>
      <Execution id="cfce1520-706a-4b9e-8fa7-dce03efd471f" />
      <TestMethod codeBase="C:\Projekty\MSTestProject\bin\Debug\netcoreapp3.1\MSTestProject.dll" adapterTypeName="executor://mstestadapter/v2" className="TwojeWesele.Services.Helpers.Tests.CurrencyHelperTests" name="FormatToStringTest1000" />
    </UnitTest>
    <UnitTest name="FormatToStringTest1000 (26223.99769144412,26224.00 zł)" storage="c:\projekty\mstestproject\bin\debug\netcoreapp3.1\mstestproject.dll" id="4ad0ed0d-386e-448c-b405-754de0571991">
      <TestCategory>
        <TestCategoryItem TestCategory="Category1000" />
      </TestCategory>
      <Execution id="54d4d2b8-015f-4502-a6a8-f064f3836cc6" />
      <TestMethod codeBase="C:\Projekty\MSTestProject\bin\Debug\netcoreapp3.1\MSTestProject.dll" adapterTypeName="executor://mstestadapter/v2" className="TwojeWesele.Services.Helpers.Tests.CurrencyHelperTests" name="FormatToStringTest1000" />
    </UnitTest>
    <UnitTest name="FormatToStringTest1000 (62975.496334776515,62975.50 zł)" storage="c:\projekty\mstestproject\bin\debug\netcoreapp3.1\mstestproject.dll" id="d9d60690-87da-4f39-865d-092b7509397c">
      <TestCategory>
        <TestCategoryItem TestCategory="Category1000" />
      </TestCategory>
      <Execution id="5da3b893-e747-42e9-b0ac-482561461172" />
      <TestMethod codeBase="C:\Projekty\MSTestProject\bin\Debug\netcoreapp3.1\MSTestProject.dll" adapterTypeName="executor://mstestadapter/v2" className="TwojeWesele.Services.Helpers.Tests.CurrencyHelperTests" name="FormatToStringTest1000" />
    </UnitTest>
    <UnitTest name="FormatToStringTest1000 (12610.563163818122,12610.56 zł)" storage="c:\projekty\mstestproject\bin\debug\netcoreapp3.1\mstestproject.dll" id="c6499f50-670d-4934-b7a3-876c5b1453cc">
      <TestCategory>
        <TestCategoryItem TestCategory="Category1000" />
      </TestCategory>
      <Execution id="52833120-b18c-4e2e-96de-dd04d8f939e5" />
      <TestMethod codeBase="C:\Projekty\MSTestProject\bin\Debug\netcoreapp3.1\MSTestProject.dll" adapterTypeName="executor://mstestadapter/v2" className="TwojeWesele.Services.Helpers.Tests.CurrencyHelperTests" name="FormatToStringTest1000" />
    </UnitTest>
    <UnitTest name="FormatToStringTest1000 (28068.20530246394,28068.21 zł)" storage="c:\projekty\mstestproject\bin\debug\netcoreapp3.1\mstestproject.dll" id="ffd373af-f75e-41aa-bfd6-9e5852f0734f">
      <TestCategory>
        <TestCategoryItem TestCategory="Category1000" />
      </TestCategory>
      <Execution id="c0150859-1575-4ec2-8e23-02f1fe04392d" />
      <TestMethod codeBase="C:\Projekty\MSTestProject\bin\Debug\netcoreapp3.1\MSTestProject.dll" adapterTypeName="executor://mstestadapter/v2" className="TwojeWesele.Services.Helpers.Tests.CurrencyHelperTests" name="FormatToStringTest1000" />
    </UnitTest>
    <UnitTest name="FormatToStringTest1000 (39314.52353688401,39314.52 zł)" storage="c:\projekty\mstestproject\bin\debug\netcoreapp3.1\mstestproject.dll" id="9598c835-c2f4-483c-b256-ffedd304e546">
      <TestCategory>
        <TestCategoryItem TestCategory="Category1000" />
      </TestCategory>
      <Execution id="ccf7f478-725e-49c3-b8d5-3e4d0c07de10" />
      <TestMethod codeBase="C:\Projekty\MSTestProject\bin\Debug\netcoreapp3.1\MSTestProject.dll" adapterTypeName="executor://mstestadapter/v2" className="TwojeWesele.Services.Helpers.Tests.CurrencyHelperTests" name="FormatToStringTest1000" />
    </UnitTest>
    <UnitTest name="FormatToStringTest1000 (3907.8681317963024,3907.87 zł)" storage="c:\projekty\mstestproject\bin\debug\netcoreapp3.1\mstestproject.dll" id="2d264987-d3cf-45ba-9227-2174b1929b62">
      <TestCategory>
        <TestCategoryItem TestCategory="Category1000" />
      </TestCategory>
      <Execution id="1589cd1c-d4b1-4e30-bc69-561f5285b8b6" />
      <TestMethod codeBase="C:\Projekty\MSTestProject\bin\Debug\netcoreapp3.1\MSTestProject.dll" adapterTypeName="executor://mstestadapter/v2" className="TwojeWesele.Services.Helpers.Tests.CurrencyHelperTests" name="FormatToStringTest1000" />
    </UnitTest>
    <UnitTest name="FormatToStringTest1000 (39146.635743126564,39146.64 zł)" storage="c:\projekty\mstestproject\bin\debug\netcoreapp3.1\mstestproject.dll" id="039ae899-9665-44a9-8e02-1bde2d01b911">
      <TestCategory>
        <TestCategoryItem TestCategory="Category1000" />
      </TestCategory>
      <Execution id="e5daa9a2-ef3e-4328-a87f-fafa2a0846a2" />
      <TestMethod codeBase="C:\Projekty\MSTestProject\bin\Debug\netcoreapp3.1\MSTestProject.dll" adapterTypeName="executor://mstestadapter/v2" className="TwojeWesele.Services.Helpers.Tests.CurrencyHelperTests" name="FormatToStringTest1000" />
    </UnitTest>
    <UnitTest name="FormatToStringTest1000 (57181.240528605056,57181.24 zł)" storage="c:\projekty\mstestproject\bin\debug\netcoreapp3.1\mstestproject.dll" id="21fdac27-bf5d-43a7-a394-47a620f4ff6f">
      <TestCategory>
        <TestCategoryItem TestCategory="Category1000" />
      </TestCategory>
      <Execution id="718f9f8b-7c02-4dd4-9463-7feed9a30eb9" />
      <TestMethod codeBase="C:\Projekty\MSTestProject\bin\Debug\netcoreapp3.1\MSTestProject.dll" adapterTypeName="executor://mstestadapter/v2" className="TwojeWesele.Services.Helpers.Tests.CurrencyHelperTests" name="FormatToStringTest1000" />
    </UnitTest>
    <UnitTest name="FormatToStringTest1000 (15313.083673952653,15313.08 zł)" storage="c:\projekty\mstestproject\bin\debug\netcoreapp3.1\mstestproject.dll" id="467c2e7e-3e86-431e-a671-7fbba8219527">
      <TestCategory>
        <TestCategoryItem TestCategory="Category1000" />
      </TestCategory>
      <Execution id="407e3c72-ad8f-41af-8763-cfee2cc156c7" />
      <TestMethod codeBase="C:\Projekty\MSTestProject\bin\Debug\netcoreapp3.1\MSTestProject.dll" adapterTypeName="executor://mstestadapter/v2" className="TwojeWesele.Services.Helpers.Tests.CurrencyHelperTests" name="FormatToStringTest1000" />
    </UnitTest>
    <UnitTest name="FormatToStringTest1000 (9079.930405251649,9079.93 zł)" storage="c:\projekty\mstestproject\bin\debug\netcoreapp3.1\mstestproject.dll" id="3eaccd50-122b-433a-984a-9a4d8d30fc34">
      <TestCategory>
        <TestCategoryItem TestCategory="Category1000" />
      </TestCategory>
      <Execution id="6f3b359a-5008-498c-96aa-a09af4248489" />
      <TestMethod codeBase="C:\Projekty\MSTestProject\bin\Debug\netcoreapp3.1\MSTestProject.dll" adapterTypeName="executor://mstestadapter/v2" className="TwojeWesele.Services.Helpers.Tests.CurrencyHelperTests" name="FormatToStringTest1000" />
    </UnitTest>
    <UnitTest name="FormatToStringTest1000 (20244.692955315437,20244.69 zł)" storage="c:\projekty\mstestproject\bin\debug\netcoreapp3.1\mstestproject.dll" id="752bb5a6-7449-4e9a-8905-d85412700903">
      <TestCategory>
        <TestCategoryItem TestCategory="Category1000" />
      </TestCategory>
      <Execution id="8f166cfc-5050-4aea-9b6e-264c103262e8" />
      <TestMethod codeBase="C:\Projekty\MSTestProject\bin\Debug\netcoreapp3.1\MSTestProject.dll" adapterTypeName="executor://mstestadapter/v2" className="TwojeWesele.Services.Helpers.Tests.CurrencyHelperTests" name="FormatToStringTest1000" />
    </UnitTest>
    <UnitTest name="FormatToStringTest1000 (2115.5076919884923,2115.51 zł)" storage="c:\projekty\mstestproject\bin\debug\netcoreapp3.1\mstestproject.dll" id="e7a02434-7d64-47e4-8a04-c69bb62ea4c2">
      <TestCategory>
        <TestCategoryItem TestCategory="Category1000" />
      </TestCategory>
      <Execution id="47bc2f93-d70b-4ea6-a456-7a65dcb2e948" />
      <TestMethod codeBase="C:\Projekty\MSTestProject\bin\Debug\netcoreapp3.1\MSTestProject.dll" adapterTypeName="executor://mstestadapter/v2" className="TwojeWesele.Services.Helpers.Tests.CurrencyHelperTests" name="FormatToStringTest1000" />
    </UnitTest>
    <UnitTest name="FormatToStringTest1000 (15822.278766386342,15822.28 zł)" storage="c:\projekty\mstestproject\bin\debug\netcoreapp3.1\mstestproject.dll" id="6c13334e-0611-4df4-ba41-bce246a22534">
      <TestCategory>
        <TestCategoryItem TestCategory="Category1000" />
      </TestCategory>
      <Execution id="b0f5e518-8ccd-460f-b778-767caaa1236e" />
      <TestMethod codeBase="C:\Projekty\MSTestProject\bin\Debug\netcoreapp3.1\MSTestProject.dll" adapterTypeName="executor://mstestadapter/v2" className="TwojeWesele.Services.Helpers.Tests.CurrencyHelperTests" name="FormatToStringTest1000" />
    </UnitTest>
    <UnitTest name="FormatToStringTest1000 (13375.96341587415,13375.96 zł)" storage="c:\projekty\mstestproject\bin\debug\netcoreapp3.1\mstestproject.dll" id="29fea415-ca4d-473d-96cd-f6ff02162c01">
      <TestCategory>
        <TestCategoryItem TestCategory="Category1000" />
      </TestCategory>
      <Execution id="6be8a87b-f2d6-4067-be57-b061c84a3e82" />
      <TestMethod codeBase="C:\Projekty\MSTestProject\bin\Debug\netcoreapp3.1\MSTestProject.dll" adapterTypeName="executor://mstestadapter/v2" className="TwojeWesele.Services.Helpers.Tests.CurrencyHelperTests" name="FormatToStringTest1000" />
    </UnitTest>
    <UnitTest name="FormatToStringTest1000 (37387.37521261972,37387.38 zł)" storage="c:\projekty\mstestproject\bin\debug\netcoreapp3.1\mstestproject.dll" id="6f9bd7c4-b3a0-49ff-92ae-5355fb1f8214">
      <TestCategory>
        <TestCategoryItem TestCategory="Category1000" />
      </TestCategory>
      <Execution id="77ec4ab5-6c1e-424f-a1fd-824fbac6ab7b" />
      <TestMethod codeBase="C:\Projekty\MSTestProject\bin\Debug\netcoreapp3.1\MSTestProject.dll" adapterTypeName="executor://mstestadapter/v2" className="TwojeWesele.Services.Helpers.Tests.CurrencyHelperTests" name="FormatToStringTest1000" />
    </UnitTest>
    <UnitTest name="FormatToStringTest1000 (88616.03808168416,88616.04 zł)" storage="c:\projekty\mstestproject\bin\debug\netcoreapp3.1\mstestproject.dll" id="4687d2af-b978-4097-bdce-d67e02b808d0">
      <TestCategory>
        <TestCategoryItem TestCategory="Category1000" />
      </TestCategory>
      <Execution id="9a91082b-6c34-4353-9c07-87fe8ad82469" />
      <TestMethod codeBase="C:\Projekty\MSTestProject\bin\Debug\netcoreapp3.1\MSTestProject.dll" adapterTypeName="executor://mstestadapter/v2" className="TwojeWesele.Services.Helpers.Tests.CurrencyHelperTests" name="FormatToStringTest1000" />
    </UnitTest>
    <UnitTest name="FormatToStringTest1000 (10534.184353995222,10534.18 zł)" storage="c:\projekty\mstestproject\bin\debug\netcoreapp3.1\mstestproject.dll" id="ac54a23f-679a-4f0f-ae0b-f21b8e3c78f4">
      <TestCategory>
        <TestCategoryItem TestCategory="Category1000" />
      </TestCategory>
      <Execution id="bd493023-f05c-4b86-b08e-4b03e010dd7b" />
      <TestMethod codeBase="C:\Projekty\MSTestProject\bin\Debug\netcoreapp3.1\MSTestProject.dll" adapterTypeName="executor://mstestadapter/v2" className="TwojeWesele.Services.Helpers.Tests.CurrencyHelperTests" name="FormatToStringTest1000" />
    </UnitTest>
    <UnitTest name="FormatToStringTest1000 (6170.939441211959,6170.94 zł)" storage="c:\projekty\mstestproject\bin\debug\netcoreapp3.1\mstestproject.dll" id="6d4adeb8-2217-4440-b851-65ae4f85489f">
      <TestCategory>
        <TestCategoryItem TestCategory="Category1000" />
      </TestCategory>
      <Execution id="33e6f09c-3a2d-494e-af69-5ea7043e0a88" />
      <TestMethod codeBase="C:\Projekty\MSTestProject\bin\Debug\netcoreapp3.1\MSTestProject.dll" adapterTypeName="executor://mstestadapter/v2" className="TwojeWesele.Services.Helpers.Tests.CurrencyHelperTests" name="FormatToStringTest1000" />
    </UnitTest>
    <UnitTest name="FormatToStringTest1000 (33245.44763357819,33245.45 zł)" storage="c:\projekty\mstestproject\bin\debug\netcoreapp3.1\mstestproject.dll" id="60afd251-2c39-4df1-8ab4-3a7fcc746f37">
      <TestCategory>
        <TestCategoryItem TestCategory="Category1000" />
      </TestCategory>
      <Execution id="ec41486a-d9a0-45ba-b2bb-b3a0df7815e3" />
      <TestMethod codeBase="C:\Projekty\MSTestProject\bin\Debug\netcoreapp3.1\MSTestProject.dll" adapterTypeName="executor://mstestadapter/v2" className="TwojeWesele.Services.Helpers.Tests.CurrencyHelperTests" name="FormatToStringTest1000" />
    </UnitTest>
    <UnitTest name="FormatToStringTest1000 (7193.552206002898,7193.55 zł)" storage="c:\projekty\mstestproject\bin\debug\netcoreapp3.1\mstestproject.dll" id="00c6e196-3650-4662-9945-32ca4b667532">
      <TestCategory>
        <TestCategoryItem TestCategory="Category1000" />
      </TestCategory>
      <Execution id="9698185d-2332-4678-bcda-3f0ec9572c07" />
      <TestMethod codeBase="C:\Projekty\MSTestProject\bin\Debug\netcoreapp3.1\MSTestProject.dll" adapterTypeName="executor://mstestadapter/v2" className="TwojeWesele.Services.Helpers.Tests.CurrencyHelperTests" name="FormatToStringTest1000" />
    </UnitTest>
    <UnitTest name="FormatToStringTest1000 (13197.65136269417,13197.65 zł)" storage="c:\projekty\mstestproject\bin\debug\netcoreapp3.1\mstestproject.dll" id="533bacbd-ccdb-40c1-98d9-5c802e8dc843">
      <TestCategory>
        <TestCategoryItem TestCategory="Category1000" />
      </TestCategory>
      <Execution id="88ef1ce2-0971-417f-8205-740bbde4dd28" />
      <TestMethod codeBase="C:\Projekty\MSTestProject\bin\Debug\netcoreapp3.1\MSTestProject.dll" adapterTypeName="executor://mstestadapter/v2" className="TwojeWesele.Services.Helpers.Tests.CurrencyHelperTests" name="FormatToStringTest1000" />
    </UnitTest>
    <UnitTest name="FormatToStringTest1000 (37614.50159416278,37614.50 zł)" storage="c:\projekty\mstestproject\bin\debug\netcoreapp3.1\mstestproject.dll" id="0d7095e5-1ed6-4225-b607-5a0802d7eb5e">
      <TestCategory>
        <TestCategoryItem TestCategory="Category1000" />
      </TestCategory>
      <Execution id="c798e5b5-5313-4f39-901d-becda618bfc6" />
      <TestMethod codeBase="C:\Projekty\MSTestProject\bin\Debug\netcoreapp3.1\MSTestProject.dll" adapterTypeName="executor://mstestadapter/v2" className="TwojeWesele.Services.Helpers.Tests.CurrencyHelperTests" name="FormatToStringTest1000" />
    </UnitTest>
    <UnitTest name="FormatToStringTest1000 (9196.579612724754,9196.58 zł)" storage="c:\projekty\mstestproject\bin\debug\netcoreapp3.1\mstestproject.dll" id="35efda82-b44a-4aa9-9397-7a9a75ffe744">
      <TestCategory>
        <TestCategoryItem TestCategory="Category1000" />
      </TestCategory>
      <Execution id="0ee89570-89d6-48e0-b6ed-a6def3d3204a" />
      <TestMethod codeBase="C:\Projekty\MSTestProject\bin\Debug\netcoreapp3.1\MSTestProject.dll" adapterTypeName="executor://mstestadapter/v2" className="TwojeWesele.Services.Helpers.Tests.CurrencyHelperTests" name="FormatToStringTest1000" />
    </UnitTest>
    <UnitTest name="FormatToStringTest1000 (63291.50274994015,63291.50 zł)" storage="c:\projekty\mstestproject\bin\debug\netcoreapp3.1\mstestproject.dll" id="654312c6-d985-4720-b8cd-c42c717fdeed">
      <TestCategory>
        <TestCategoryItem TestCategory="Category1000" />
      </TestCategory>
      <Execution id="58115830-d525-4c99-8f88-09e9ee97c37e" />
      <TestMethod codeBase="C:\Projekty\MSTestProject\bin\Debug\netcoreapp3.1\MSTestProject.dll" adapterTypeName="executor://mstestadapter/v2" className="TwojeWesele.Services.Helpers.Tests.CurrencyHelperTests" name="FormatToStringTest1000" />
    </UnitTest>
    <UnitTest name="FormatToStringTest1000 (7669.3855620214645,7669.39 zł)" storage="c:\projekty\mstestproject\bin\debug\netcoreapp3.1\mstestproject.dll" id="af17c7a4-7603-4f8f-9634-94223544a38f">
      <TestCategory>
        <TestCategoryItem TestCategory="Category1000" />
      </TestCategory>
      <Execution id="564b4ade-1106-44ca-89ea-5b7226f0e7e5" />
      <TestMethod codeBase="C:\Projekty\MSTestProject\bin\Debug\netcoreapp3.1\MSTestProject.dll" adapterTypeName="executor://mstestadapter/v2" className="TwojeWesele.Services.Helpers.Tests.CurrencyHelperTests" name="FormatToStringTest1000" />
    </UnitTest>
    <UnitTest name="FormatToStringTest1000 (40556.73452524362,40556.73 zł)" storage="c:\projekty\mstestproject\bin\debug\netcoreapp3.1\mstestproject.dll" id="56369cba-c77f-4c73-9343-e10f3029e1ec">
      <TestCategory>
        <TestCategoryItem TestCategory="Category1000" />
      </TestCategory>
      <Execution id="531e4ca7-7e07-49b5-8f22-07b85e8a18eb" />
      <TestMethod codeBase="C:\Projekty\MSTestProject\bin\Debug\netcoreapp3.1\MSTestProject.dll" adapterTypeName="executor://mstestadapter/v2" className="TwojeWesele.Services.Helpers.Tests.CurrencyHelperTests" name="FormatToStringTest1000" />
    </UnitTest>
    <UnitTest name="FormatToStringTest1000 (7891.960478953067,7891.96 zł)" storage="c:\projekty\mstestproject\bin\debug\netcoreapp3.1\mstestproject.dll" id="667f4962-13f8-42fc-a0dd-76db9c115324">
      <TestCategory>
        <TestCategoryItem TestCategory="Category1000" />
      </TestCategory>
      <Execution id="bc4a7eec-66d4-4358-a30c-a118ced9e01e" />
      <TestMethod codeBase="C:\Projekty\MSTestProject\bin\Debug\netcoreapp3.1\MSTestProject.dll" adapterTypeName="executor://mstestadapter/v2" className="TwojeWesele.Services.Helpers.Tests.CurrencyHelperTests" name="FormatToStringTest1000" />
    </UnitTest>
    <UnitTest name="FormatToStringTest1000 (4812.162927013898,4812.16 zł)" storage="c:\projekty\mstestproject\bin\debug\netcoreapp3.1\mstestproject.dll" id="268d4fe7-58ee-403b-9570-ae96a2fe256b">
      <TestCategory>
        <TestCategoryItem TestCategory="Category1000" />
      </TestCategory>
      <Execution id="6c6e0720-7fa4-46a5-bf2e-bcd1fc8c626f" />
      <TestMethod codeBase="C:\Projekty\MSTestProject\bin\Debug\netcoreapp3.1\MSTestProject.dll" adapterTypeName="executor://mstestadapter/v2" className="TwojeWesele.Services.Helpers.Tests.CurrencyHelperTests" name="FormatToStringTest1000" />
    </UnitTest>
    <UnitTest name="FormatToStringTest1000 (13855.30239352505,13855.30 zł)" storage="c:\projekty\mstestproject\bin\debug\netcoreapp3.1\mstestproject.dll" id="83a7c149-1ddd-4673-a920-846f7691aa58">
      <TestCategory>
        <TestCategoryItem TestCategory="Category1000" />
      </TestCategory>
      <Execution id="0c469792-aa0f-4225-b5f3-5f7c9032255e" />
      <TestMethod codeBase="C:\Projekty\MSTestProject\bin\Debug\netcoreapp3.1\MSTestProject.dll" adapterTypeName="executor://mstestadapter/v2" className="TwojeWesele.Services.Helpers.Tests.CurrencyHelperTests" name="FormatToStringTest1000" />
    </UnitTest>
    <UnitTest name="FormatToStringTest1000 (16129.507288814293,16129.51 zł)" storage="c:\projekty\mstestproject\bin\debug\netcoreapp3.1\mstestproject.dll" id="0432961e-8f57-400c-8d75-10c5a8db03d2">
      <TestCategory>
        <TestCategoryItem TestCategory="Category1000" />
      </TestCategory>
      <Execution id="2fad0704-1236-4de5-b28e-57b69b44da73" />
      <TestMethod codeBase="C:\Projekty\MSTestProject\bin\Debug\netcoreapp3.1\MSTestProject.dll" adapterTypeName="executor://mstestadapter/v2" className="TwojeWesele.Services.Helpers.Tests.CurrencyHelperTests" name="FormatToStringTest1000" />
    </UnitTest>
    <UnitTest name="FormatToStringTest1000 (34062.88803158276,34062.89 zł)" storage="c:\projekty\mstestproject\bin\debug\netcoreapp3.1\mstestproject.dll" id="0b1db62b-a914-4dbd-9ef9-1e0d13ad5981">
      <TestCategory>
        <TestCategoryItem TestCategory="Category1000" />
      </TestCategory>
      <Execution id="3eefdf97-f166-4ad7-bf43-10b3b776b5b9" />
      <TestMethod codeBase="C:\Projekty\MSTestProject\bin\Debug\netcoreapp3.1\MSTestProject.dll" adapterTypeName="executor://mstestadapter/v2" className="TwojeWesele.Services.Helpers.Tests.CurrencyHelperTests" name="FormatToStringTest1000" />
    </UnitTest>
    <UnitTest name="FormatToStringTest1000 (18208.8422650126,18208.84 zł)" storage="c:\projekty\mstestproject\bin\debug\netcoreapp3.1\mstestproject.dll" id="eb12b413-1ad5-446c-8560-32464d7efc1a">
      <TestCategory>
        <TestCategoryItem TestCategory="Category1000" />
      </TestCategory>
      <Execution id="dbb38075-bf09-421e-830a-a8038a136df3" />
      <TestMethod codeBase="C:\Projekty\MSTestProject\bin\Debug\netcoreapp3.1\MSTestProject.dll" adapterTypeName="executor://mstestadapter/v2" className="TwojeWesele.Services.Helpers.Tests.CurrencyHelperTests" name="FormatToStringTest1000" />
    </UnitTest>
    <UnitTest name="FormatToStringTest1000 (45070.5442499493,45070.54 zł)" storage="c:\projekty\mstestproject\bin\debug\netcoreapp3.1\mstestproject.dll" id="000ca813-4e31-479e-a9a9-8582887c7e09">
      <TestCategory>
        <TestCategoryItem TestCategory="Category1000" />
      </TestCategory>
      <Execution id="aa1134f4-02e8-44b9-8f87-857248ecd95e" />
      <TestMethod codeBase="C:\Projekty\MSTestProject\bin\Debug\netcoreapp3.1\MSTestProject.dll" adapterTypeName="executor://mstestadapter/v2" className="TwojeWesele.Services.Helpers.Tests.CurrencyHelperTests" name="FormatToStringTest1000" />
    </UnitTest>
    <UnitTest name="FormatToStringTest1000 (40913.016669489916,40913.02 zł)" storage="c:\projekty\mstestproject\bin\debug\netcoreapp3.1\mstestproject.dll" id="baa10396-466a-46a3-be0c-4dbdb5156611">
      <TestCategory>
        <TestCategoryItem TestCategory="Category1000" />
      </TestCategory>
      <Execution id="d90f4bb4-e80b-4ce9-a745-bb4617a00dec" />
      <TestMethod codeBase="C:\Projekty\MSTestProject\bin\Debug\netcoreapp3.1\MSTestProject.dll" adapterTypeName="executor://mstestadapter/v2" className="TwojeWesele.Services.Helpers.Tests.CurrencyHelperTests" name="FormatToStringTest1000" />
    </UnitTest>
    <UnitTest name="FormatToStringTest1000 (26215.613055301183,26215.61 zł)" storage="c:\projekty\mstestproject\bin\debug\netcoreapp3.1\mstestproject.dll" id="b213dcd3-7a84-449f-991e-1f576816dd45">
      <TestCategory>
        <TestCategoryItem TestCategory="Category1000" />
      </TestCategory>
      <Execution id="f723bfd1-2b24-4711-abab-5a05d0eecd96" />
      <TestMethod codeBase="C:\Projekty\MSTestProject\bin\Debug\netcoreapp3.1\MSTestProject.dll" adapterTypeName="executor://mstestadapter/v2" className="TwojeWesele.Services.Helpers.Tests.CurrencyHelperTests" name="FormatToStringTest1000" />
    </UnitTest>
    <UnitTest name="FormatToStringTest1000 (3274.481392617096,3274.48 zł)" storage="c:\projekty\mstestproject\bin\debug\netcoreapp3.1\mstestproject.dll" id="2e943d07-4390-42bc-82ce-2f4024f8b07a">
      <TestCategory>
        <TestCategoryItem TestCategory="Category1000" />
      </TestCategory>
      <Execution id="241d2ec6-36bf-42db-a3bd-e1d0e9bed1d5" />
      <TestMethod codeBase="C:\Projekty\MSTestProject\bin\Debug\netcoreapp3.1\MSTestProject.dll" adapterTypeName="executor://mstestadapter/v2" className="TwojeWesele.Services.Helpers.Tests.CurrencyHelperTests" name="FormatToStringTest1000" />
    </UnitTest>
    <UnitTest name="FormatToStringTest1000 (657.5396922647672,657.54 zł)" storage="c:\projekty\mstestproject\bin\debug\netcoreapp3.1\mstestproject.dll" id="39504e8a-9fee-45f5-9ec2-7247cbf1a6fc">
      <TestCategory>
        <TestCategoryItem TestCategory="Category1000" />
      </TestCategory>
      <Execution id="5d34f2f6-7a0f-4cb0-bdf7-5b073334d5eb" />
      <TestMethod codeBase="C:\Projekty\MSTestProject\bin\Debug\netcoreapp3.1\MSTestProject.dll" adapterTypeName="executor://mstestadapter/v2" className="TwojeWesele.Services.Helpers.Tests.CurrencyHelperTests" name="FormatToStringTest1000" />
    </UnitTest>
    <UnitTest name="FormatToStringTest1000 (11624.834848273003,11624.83 zł)" storage="c:\projekty\mstestproject\bin\debug\netcoreapp3.1\mstestproject.dll" id="04d1fa9f-4ecf-43d2-8c8c-de60e58685c6">
      <TestCategory>
        <TestCategoryItem TestCategory="Category1000" />
      </TestCategory>
      <Execution id="8caf5e81-8c1e-4e88-8efc-b1c0414dd058" />
      <TestMethod codeBase="C:\Projekty\MSTestProject\bin\Debug\netcoreapp3.1\MSTestProject.dll" adapterTypeName="executor://mstestadapter/v2" className="TwojeWesele.Services.Helpers.Tests.CurrencyHelperTests" name="FormatToStringTest1000" />
    </UnitTest>
    <UnitTest name="FormatToStringTest1000 (24251.68593564848,24251.69 zł)" storage="c:\projekty\mstestproject\bin\debug\netcoreapp3.1\mstestproject.dll" id="87745c38-0e03-4f7c-ba56-ed01d17d661d">
      <TestCategory>
        <TestCategoryItem TestCategory="Category1000" />
      </TestCategory>
      <Execution id="3526eb1c-3cdf-4af3-b084-8ee3b30e3545" />
      <TestMethod codeBase="C:\Projekty\MSTestProject\bin\Debug\netcoreapp3.1\MSTestProject.dll" adapterTypeName="executor://mstestadapter/v2" className="TwojeWesele.Services.Helpers.Tests.CurrencyHelperTests" name="FormatToStringTest1000" />
    </UnitTest>
    <UnitTest name="FormatToStringTest1000 (24768.25771770359,24768.26 zł)" storage="c:\projekty\mstestproject\bin\debug\netcoreapp3.1\mstestproject.dll" id="98387848-51a2-4f01-b1b5-35541c1b213c">
      <TestCategory>
        <TestCategoryItem TestCategory="Category1000" />
      </TestCategory>
      <Execution id="543f7bad-78a4-4107-b3f8-2b7c80a36f9e" />
      <TestMethod codeBase="C:\Projekty\MSTestProject\bin\Debug\netcoreapp3.1\MSTestProject.dll" adapterTypeName="executor://mstestadapter/v2" className="TwojeWesele.Services.Helpers.Tests.CurrencyHelperTests" name="FormatToStringTest1000" />
    </UnitTest>
    <UnitTest name="FormatToStringTest1000 (13478.157112043891,13478.16 zł)" storage="c:\projekty\mstestproject\bin\debug\netcoreapp3.1\mstestproject.dll" id="9f32db1a-96d6-4d17-b0f7-c78cf1778145">
      <TestCategory>
        <TestCategoryItem TestCategory="Category1000" />
      </TestCategory>
      <Execution id="24cee01d-dbc1-4d53-8d1f-ab0c421068a3" />
      <TestMethod codeBase="C:\Projekty\MSTestProject\bin\Debug\netcoreapp3.1\MSTestProject.dll" adapterTypeName="executor://mstestadapter/v2" className="TwojeWesele.Services.Helpers.Tests.CurrencyHelperTests" name="FormatToStringTest1000" />
    </UnitTest>
    <UnitTest name="FormatToStringTest1000 (41876.979471482795,41876.98 zł)" storage="c:\projekty\mstestproject\bin\debug\netcoreapp3.1\mstestproject.dll" id="b2113998-e7cd-4af7-aca2-63dcbd7806fc">
      <TestCategory>
        <TestCategoryItem TestCategory="Category1000" />
      </TestCategory>
      <Execution id="b06bd9b9-5b8e-4fb5-89e1-5570d307dcac" />
      <TestMethod codeBase="C:\Projekty\MSTestProject\bin\Debug\netcoreapp3.1\MSTestProject.dll" adapterTypeName="executor://mstestadapter/v2" className="TwojeWesele.Services.Helpers.Tests.CurrencyHelperTests" name="FormatToStringTest1000" />
    </UnitTest>
    <UnitTest name="FormatToStringTest1000 (10457.593086045978,10457.59 zł)" storage="c:\projekty\mstestproject\bin\debug\netcoreapp3.1\mstestproject.dll" id="f203107a-7437-4e21-aea1-4b24e4cf42fc">
      <TestCategory>
        <TestCategoryItem TestCategory="Category1000" />
      </TestCategory>
      <Execution id="4111963e-3abb-4679-8fb9-4aa755c95f1e" />
      <TestMethod codeBase="C:\Projekty\MSTestProject\bin\Debug\netcoreapp3.1\MSTestProject.dll" adapterTypeName="executor://mstestadapter/v2" className="TwojeWesele.Services.Helpers.Tests.CurrencyHelperTests" name="FormatToStringTest1000" />
    </UnitTest>
    <UnitTest name="FormatToStringTest1000 (72703.4365723503,72703.44 zł)" storage="c:\projekty\mstestproject\bin\debug\netcoreapp3.1\mstestproject.dll" id="09ba6552-dba4-425f-91ec-0245540b5a22">
      <TestCategory>
        <TestCategoryItem TestCategory="Category1000" />
      </TestCategory>
      <Execution id="4eb01fc9-92f6-4e35-abcc-27cad4252373" />
      <TestMethod codeBase="C:\Projekty\MSTestProject\bin\Debug\netcoreapp3.1\MSTestProject.dll" adapterTypeName="executor://mstestadapter/v2" className="TwojeWesele.Services.Helpers.Tests.CurrencyHelperTests" name="FormatToStringTest1000" />
    </UnitTest>
    <UnitTest name="FormatToStringTest1000 (2166.4103293970275,2166.41 zł)" storage="c:\projekty\mstestproject\bin\debug\netcoreapp3.1\mstestproject.dll" id="684409fd-4dfd-4211-aca9-2711ec9bd796">
      <TestCategory>
        <TestCategoryItem TestCategory="Category1000" />
      </TestCategory>
      <Execution id="d9af2da9-dec8-475a-bb37-941abffea627" />
      <TestMethod codeBase="C:\Projekty\MSTestProject\bin\Debug\netcoreapp3.1\MSTestProject.dll" adapterTypeName="executor://mstestadapter/v2" className="TwojeWesele.Services.Helpers.Tests.CurrencyHelperTests" name="FormatToStringTest1000" />
    </UnitTest>
    <UnitTest name="FormatToStringTest1000 (10324.538670147089,10324.54 zł)" storage="c:\projekty\mstestproject\bin\debug\netcoreapp3.1\mstestproject.dll" id="6251c475-4174-4d01-b2e0-910d9721baf0">
      <TestCategory>
        <TestCategoryItem TestCategory="Category1000" />
      </TestCategory>
      <Execution id="8b5e5313-0717-47f5-a41f-5d9caaaca18f" />
      <TestMethod codeBase="C:\Projekty\MSTestProject\bin\Debug\netcoreapp3.1\MSTestProject.dll" adapterTypeName="executor://mstestadapter/v2" className="TwojeWesele.Services.Helpers.Tests.CurrencyHelperTests" name="FormatToStringTest1000" />
    </UnitTest>
    <UnitTest name="FormatToStringTest1000 (8697.074631143862,8697.07 zł)" storage="c:\projekty\mstestproject\bin\debug\netcoreapp3.1\mstestproject.dll" id="fc262a81-5fc3-4dd0-a4b0-3da9ecd2728f">
      <TestCategory>
        <TestCategoryItem TestCategory="Category1000" />
      </TestCategory>
      <Execution id="b9336047-bbee-4a68-a13f-fea29d76cd4b" />
      <TestMethod codeBase="C:\Projekty\MSTestProject\bin\Debug\netcoreapp3.1\MSTestProject.dll" adapterTypeName="executor://mstestadapter/v2" className="TwojeWesele.Services.Helpers.Tests.CurrencyHelperTests" name="FormatToStringTest1000" />
    </UnitTest>
    <UnitTest name="FormatToStringTest1000 (17988.455793307843,17988.46 zł)" storage="c:\projekty\mstestproject\bin\debug\netcoreapp3.1\mstestproject.dll" id="f2ff614d-2f80-498c-bfb6-5f1ef29f77ad">
      <TestCategory>
        <TestCategoryItem TestCategory="Category1000" />
      </TestCategory>
      <Execution id="c23bec11-2a23-4ac1-a2a2-681ea41041f1" />
      <TestMethod codeBase="C:\Projekty\MSTestProject\bin\Debug\netcoreapp3.1\MSTestProject.dll" adapterTypeName="executor://mstestadapter/v2" className="TwojeWesele.Services.Helpers.Tests.CurrencyHelperTests" name="FormatToStringTest1000" />
    </UnitTest>
    <UnitTest name="FormatToStringTest1000 (13402.882692040355,13402.88 zł)" storage="c:\projekty\mstestproject\bin\debug\netcoreapp3.1\mstestproject.dll" id="83a35140-f0a1-4b8b-b352-1b0f9e8d0fc5">
      <TestCategory>
        <TestCategoryItem TestCategory="Category1000" />
      </TestCategory>
      <Execution id="a08817a0-a42e-41ee-aa57-a72e142b6f81" />
      <TestMethod codeBase="C:\Projekty\MSTestProject\bin\Debug\netcoreapp3.1\MSTestProject.dll" adapterTypeName="executor://mstestadapter/v2" className="TwojeWesele.Services.Helpers.Tests.CurrencyHelperTests" name="FormatToStringTest1000" />
    </UnitTest>
    <UnitTest name="FormatToStringTest1000 (5611.05334835176,5611.05 zł)" storage="c:\projekty\mstestproject\bin\debug\netcoreapp3.1\mstestproject.dll" id="20834128-99f4-465c-a817-9483fe409397">
      <TestCategory>
        <TestCategoryItem TestCategory="Category1000" />
      </TestCategory>
      <Execution id="d79c63b5-5b7b-47e0-b0ae-afb9904e98f5" />
      <TestMethod codeBase="C:\Projekty\MSTestProject\bin\Debug\netcoreapp3.1\MSTestProject.dll" adapterTypeName="executor://mstestadapter/v2" className="TwojeWesele.Services.Helpers.Tests.CurrencyHelperTests" name="FormatToStringTest1000" />
    </UnitTest>
    <UnitTest name="FormatToStringTest1000 (6213.265206352466,6213.27 zł)" storage="c:\projekty\mstestproject\bin\debug\netcoreapp3.1\mstestproject.dll" id="6134052d-ccf6-4821-88ad-cd550aac16ed">
      <TestCategory>
        <TestCategoryItem TestCategory="Category1000" />
      </TestCategory>
      <Execution id="1cb3e6bb-503c-4fc5-a9f9-3b6ed8ebbda0" />
      <TestMethod codeBase="C:\Projekty\MSTestProject\bin\Debug\netcoreapp3.1\MSTestProject.dll" adapterTypeName="executor://mstestadapter/v2" className="TwojeWesele.Services.Helpers.Tests.CurrencyHelperTests" name="FormatToStringTest1000" />
    </UnitTest>
    <UnitTest name="FormatToStringTest1000 (23282.56178903047,23282.56 zł)" storage="c:\projekty\mstestproject\bin\debug\netcoreapp3.1\mstestproject.dll" id="0f70bcb8-8ea1-4279-b289-01860ad370c2">
      <TestCategory>
        <TestCategoryItem TestCategory="Category1000" />
      </TestCategory>
      <Execution id="748ba392-694f-40d1-9bca-3625fdad5f0a" />
      <TestMethod codeBase="C:\Projekty\MSTestProject\bin\Debug\netcoreapp3.1\MSTestProject.dll" adapterTypeName="executor://mstestadapter/v2" className="TwojeWesele.Services.Helpers.Tests.CurrencyHelperTests" name="FormatToStringTest1000" />
    </UnitTest>
    <UnitTest name="FormatToStringTest1000 (87505.85936583664,87505.86 zł)" storage="c:\projekty\mstestproject\bin\debug\netcoreapp3.1\mstestproject.dll" id="4ee4ab5a-c10f-4e31-9f13-ac478a5ac523">
      <TestCategory>
        <TestCategoryItem TestCategory="Category1000" />
      </TestCategory>
      <Execution id="e61c2529-50aa-42fc-a9a6-35797934802d" />
      <TestMethod codeBase="C:\Projekty\MSTestProject\bin\Debug\netcoreapp3.1\MSTestProject.dll" adapterTypeName="executor://mstestadapter/v2" className="TwojeWesele.Services.Helpers.Tests.CurrencyHelperTests" name="FormatToStringTest1000" />
    </UnitTest>
    <UnitTest name="FormatToStringTest1000 (4025.728369236797,4025.73 zł)" storage="c:\projekty\mstestproject\bin\debug\netcoreapp3.1\mstestproject.dll" id="6a9f0a02-da09-467d-afd0-139b468be312">
      <TestCategory>
        <TestCategoryItem TestCategory="Category1000" />
      </TestCategory>
      <Execution id="c57f0ae0-dd81-42da-af18-b25101e664ef" />
      <TestMethod codeBase="C:\Projekty\MSTestProject\bin\Debug\netcoreapp3.1\MSTestProject.dll" adapterTypeName="executor://mstestadapter/v2" className="TwojeWesele.Services.Helpers.Tests.CurrencyHelperTests" name="FormatToStringTest1000" />
    </UnitTest>
    <UnitTest name="FormatToStringTest1000 (15566.957545477411,15566.96 zł)" storage="c:\projekty\mstestproject\bin\debug\netcoreapp3.1\mstestproject.dll" id="658f236e-b8b9-4ff2-884c-450e31524a1f">
      <TestCategory>
        <TestCategoryItem TestCategory="Category1000" />
      </TestCategory>
      <Execution id="56ac72fe-127e-4a58-9a69-a1161cd431da" />
      <TestMethod codeBase="C:\Projekty\MSTestProject\bin\Debug\netcoreapp3.1\MSTestProject.dll" adapterTypeName="executor://mstestadapter/v2" className="TwojeWesele.Services.Helpers.Tests.CurrencyHelperTests" name="FormatToStringTest1000" />
    </UnitTest>
    <UnitTest name="FormatToStringTest1000 (26174.290999793586,26174.29 zł)" storage="c:\projekty\mstestproject\bin\debug\netcoreapp3.1\mstestproject.dll" id="f7e16bb6-d73e-4c3a-98ce-dc877663b52c">
      <TestCategory>
        <TestCategoryItem TestCategory="Category1000" />
      </TestCategory>
      <Execution id="1c9c3185-1e3f-4c0e-9b4a-38f7f823b15d" />
      <TestMethod codeBase="C:\Projekty\MSTestProject\bin\Debug\netcoreapp3.1\MSTestProject.dll" adapterTypeName="executor://mstestadapter/v2" className="TwojeWesele.Services.Helpers.Tests.CurrencyHelperTests" name="FormatToStringTest1000" />
    </UnitTest>
    <UnitTest name="FormatToStringTest1000 (23548.88067407016,23548.88 zł)" storage="c:\projekty\mstestproject\bin\debug\netcoreapp3.1\mstestproject.dll" id="af5184ee-57a6-4e1b-bfd0-6da4142b74bd">
      <TestCategory>
        <TestCategoryItem TestCategory="Category1000" />
      </TestCategory>
      <Execution id="5f6f71f1-9e34-4a04-9803-6f68b92c5bcb" />
      <TestMethod codeBase="C:\Projekty\MSTestProject\bin\Debug\netcoreapp3.1\MSTestProject.dll" adapterTypeName="executor://mstestadapter/v2" className="TwojeWesele.Services.Helpers.Tests.CurrencyHelperTests" name="FormatToStringTest1000" />
    </UnitTest>
    <UnitTest name="FormatToStringTest1000 (49672.98901987402,49672.99 zł)" storage="c:\projekty\mstestproject\bin\debug\netcoreapp3.1\mstestproject.dll" id="b40ef5c3-4400-4457-904a-65aba03c7a95">
      <TestCategory>
        <TestCategoryItem TestCategory="Category1000" />
      </TestCategory>
      <Execution id="41add422-97f9-4449-8249-159fd3f9afbf" />
      <TestMethod codeBase="C:\Projekty\MSTestProject\bin\Debug\netcoreapp3.1\MSTestProject.dll" adapterTypeName="executor://mstestadapter/v2" className="TwojeWesele.Services.Helpers.Tests.CurrencyHelperTests" name="FormatToStringTest1000" />
    </UnitTest>
    <UnitTest name="FormatToStringTest1000 (24476.442216712254,24476.44 zł)" storage="c:\projekty\mstestproject\bin\debug\netcoreapp3.1\mstestproject.dll" id="becd5e93-273b-421d-b7ef-1627d397232a">
      <TestCategory>
        <TestCategoryItem TestCategory="Category1000" />
      </TestCategory>
      <Execution id="1d2190b9-7395-4426-a158-8f8c76470474" />
      <TestMethod codeBase="C:\Projekty\MSTestProject\bin\Debug\netcoreapp3.1\MSTestProject.dll" adapterTypeName="executor://mstestadapter/v2" className="TwojeWesele.Services.Helpers.Tests.CurrencyHelperTests" name="FormatToStringTest1000" />
    </UnitTest>
    <UnitTest name="FormatToStringTest1000 (17579.823312525088,17579.82 zł)" storage="c:\projekty\mstestproject\bin\debug\netcoreapp3.1\mstestproject.dll" id="6d596de4-2b80-4b75-a9be-fa0b7eaec53b">
      <TestCategory>
        <TestCategoryItem TestCategory="Category1000" />
      </TestCategory>
      <Execution id="874eafe5-7b9c-48d4-b821-5be9be02cff9" />
      <TestMethod codeBase="C:\Projekty\MSTestProject\bin\Debug\netcoreapp3.1\MSTestProject.dll" adapterTypeName="executor://mstestadapter/v2" className="TwojeWesele.Services.Helpers.Tests.CurrencyHelperTests" name="FormatToStringTest1000" />
    </UnitTest>
    <UnitTest name="FormatToStringTest1000 (97129.75160633575,97129.75 zł)" storage="c:\projekty\mstestproject\bin\debug\netcoreapp3.1\mstestproject.dll" id="40f00695-cf02-4274-b506-8dc498c57831">
      <TestCategory>
        <TestCategoryItem TestCategory="Category1000" />
      </TestCategory>
      <Execution id="fe050c0f-29a3-4013-ad8b-9772b33a0ab2" />
      <TestMethod codeBase="C:\Projekty\MSTestProject\bin\Debug\netcoreapp3.1\MSTestProject.dll" adapterTypeName="executor://mstestadapter/v2" className="TwojeWesele.Services.Helpers.Tests.CurrencyHelperTests" name="FormatToStringTest1000" />
    </UnitTest>
    <UnitTest name="FormatToStringTest1000 (40400.9734049295,40400.97 zł)" storage="c:\projekty\mstestproject\bin\debug\netcoreapp3.1\mstestproject.dll" id="2a6448de-9c09-4ae5-aab6-717b305588c6">
      <TestCategory>
        <TestCategoryItem TestCategory="Category1000" />
      </TestCategory>
      <Execution id="7727f625-ed70-4849-9ca2-e1646aeab06a" />
      <TestMethod codeBase="C:\Projekty\MSTestProject\bin\Debug\netcoreapp3.1\MSTestProject.dll" adapterTypeName="executor://mstestadapter/v2" className="TwojeWesele.Services.Helpers.Tests.CurrencyHelperTests" name="FormatToStringTest1000" />
    </UnitTest>
    <UnitTest name="FormatToStringTest1000 (658.7555888573431,658.76 zł)" storage="c:\projekty\mstestproject\bin\debug\netcoreapp3.1\mstestproject.dll" id="4cff7ebe-d876-4ccd-9685-8b69eebf3d04">
      <TestCategory>
        <TestCategoryItem TestCategory="Category1000" />
      </TestCategory>
      <Execution id="8b2201b4-ab2c-46e3-a9fe-14d79c2b4462" />
      <TestMethod codeBase="C:\Projekty\MSTestProject\bin\Debug\netcoreapp3.1\MSTestProject.dll" adapterTypeName="executor://mstestadapter/v2" className="TwojeWesele.Services.Helpers.Tests.CurrencyHelperTests" name="FormatToStringTest1000" />
    </UnitTest>
    <UnitTest name="FormatToStringTest1000 (35784.54232617307,35784.54 zł)" storage="c:\projekty\mstestproject\bin\debug\netcoreapp3.1\mstestproject.dll" id="01fbf0e2-f4cf-4348-aaea-938771f8a300">
      <TestCategory>
        <TestCategoryItem TestCategory="Category1000" />
      </TestCategory>
      <Execution id="8667cf15-1c2a-42bf-8228-23c96b147b1c" />
      <TestMethod codeBase="C:\Projekty\MSTestProject\bin\Debug\netcoreapp3.1\MSTestProject.dll" adapterTypeName="executor://mstestadapter/v2" className="TwojeWesele.Services.Helpers.Tests.CurrencyHelperTests" name="FormatToStringTest1000" />
    </UnitTest>
    <UnitTest name="FormatToStringTest1000 (16597.22844427788,16597.23 zł)" storage="c:\projekty\mstestproject\bin\debug\netcoreapp3.1\mstestproject.dll" id="66179323-3c06-4545-b453-91c60ec31260">
      <TestCategory>
        <TestCategoryItem TestCategory="Category1000" />
      </TestCategory>
      <Execution id="67124a0e-4baa-4db7-9b32-16f75af94c22" />
      <TestMethod codeBase="C:\Projekty\MSTestProject\bin\Debug\netcoreapp3.1\MSTestProject.dll" adapterTypeName="executor://mstestadapter/v2" className="TwojeWesele.Services.Helpers.Tests.CurrencyHelperTests" name="FormatToStringTest1000" />
    </UnitTest>
    <UnitTest name="FormatToStringTest1000 (1662.8482664818168,1662.85 zł)" storage="c:\projekty\mstestproject\bin\debug\netcoreapp3.1\mstestproject.dll" id="20660633-e937-4e44-b6c8-99c62906cffe">
      <TestCategory>
        <TestCategoryItem TestCategory="Category1000" />
      </TestCategory>
      <Execution id="0e3cec42-99f8-4181-9d47-59900987ca3a" />
      <TestMethod codeBase="C:\Projekty\MSTestProject\bin\Debug\netcoreapp3.1\MSTestProject.dll" adapterTypeName="executor://mstestadapter/v2" className="TwojeWesele.Services.Helpers.Tests.CurrencyHelperTests" name="FormatToStringTest1000" />
    </UnitTest>
    <UnitTest name="FormatToStringTest1000 (21728.91641959963,21728.92 zł)" storage="c:\projekty\mstestproject\bin\debug\netcoreapp3.1\mstestproject.dll" id="8e864e76-7e79-407f-8a13-2f5d937a0624">
      <TestCategory>
        <TestCategoryItem TestCategory="Category1000" />
      </TestCategory>
      <Execution id="b5a4d5b9-43ca-46fe-967b-662908867930" />
      <TestMethod codeBase="C:\Projekty\MSTestProject\bin\Debug\netcoreapp3.1\MSTestProject.dll" adapterTypeName="executor://mstestadapter/v2" className="TwojeWesele.Services.Helpers.Tests.CurrencyHelperTests" name="FormatToStringTest1000" />
    </UnitTest>
    <UnitTest name="FormatToStringTest1000 (270.1894008262033,270.19 zł)" storage="c:\projekty\mstestproject\bin\debug\netcoreapp3.1\mstestproject.dll" id="72febb21-7b06-4aa7-913a-15127fdefd3c">
      <TestCategory>
        <TestCategoryItem TestCategory="Category1000" />
      </TestCategory>
      <Execution id="9c29b1f8-3fd8-49d3-b8b1-cf65ac214c93" />
      <TestMethod codeBase="C:\Projekty\MSTestProject\bin\Debug\netcoreapp3.1\MSTestProject.dll" adapterTypeName="executor://mstestadapter/v2" className="TwojeWesele.Services.Helpers.Tests.CurrencyHelperTests" name="FormatToStringTest1000" />
    </UnitTest>
    <UnitTest name="FormatToStringTest1000 (11.555284778846096,11.56 zł)" storage="c:\projekty\mstestproject\bin\debug\netcoreapp3.1\mstestproject.dll" id="16cb1b9d-1910-48a9-88b1-a3a81c95735f">
      <TestCategory>
        <TestCategoryItem TestCategory="Category1000" />
      </TestCategory>
      <Execution id="75d92453-f276-411e-98fc-f5ce002d8492" />
      <TestMethod codeBase="C:\Projekty\MSTestProject\bin\Debug\netcoreapp3.1\MSTestProject.dll" adapterTypeName="executor://mstestadapter/v2" className="TwojeWesele.Services.Helpers.Tests.CurrencyHelperTests" name="FormatToStringTest1000" />
    </UnitTest>
    <UnitTest name="FormatToStringTest1000 (6352.983758103561,6352.98 zł)" storage="c:\projekty\mstestproject\bin\debug\netcoreapp3.1\mstestproject.dll" id="aa46dfd4-b5ac-4e66-83ef-015af6a3cb2c">
      <TestCategory>
        <TestCategoryItem TestCategory="Category1000" />
      </TestCategory>
      <Execution id="84ebc156-ce83-4144-b83d-0eaed6ba8960" />
      <TestMethod codeBase="C:\Projekty\MSTestProject\bin\Debug\netcoreapp3.1\MSTestProject.dll" adapterTypeName="executor://mstestadapter/v2" className="TwojeWesele.Services.Helpers.Tests.CurrencyHelperTests" name="FormatToStringTest1000" />
    </UnitTest>
    <UnitTest name="FormatToStringTest1000 (9431.144757136304,9431.14 zł)" storage="c:\projekty\mstestproject\bin\debug\netcoreapp3.1\mstestproject.dll" id="a52b9116-8e1b-4ed0-be6e-3fff04c136c0">
      <TestCategory>
        <TestCategoryItem TestCategory="Category1000" />
      </TestCategory>
      <Execution id="e9b35283-4fb0-4533-b043-67af5ce25a06" />
      <TestMethod codeBase="C:\Projekty\MSTestProject\bin\Debug\netcoreapp3.1\MSTestProject.dll" adapterTypeName="executor://mstestadapter/v2" className="TwojeWesele.Services.Helpers.Tests.CurrencyHelperTests" name="FormatToStringTest1000" />
    </UnitTest>
    <UnitTest name="FormatToStringTest1000 (4105.490993980081,4105.49 zł)" storage="c:\projekty\mstestproject\bin\debug\netcoreapp3.1\mstestproject.dll" id="ef122bdb-7f04-49be-84a3-afa43e8c90da">
      <TestCategory>
        <TestCategoryItem TestCategory="Category1000" />
      </TestCategory>
      <Execution id="5aa6f498-4e3b-4998-a4c5-22c95d2598cb" />
      <TestMethod codeBase="C:\Projekty\MSTestProject\bin\Debug\netcoreapp3.1\MSTestProject.dll" adapterTypeName="executor://mstestadapter/v2" className="TwojeWesele.Services.Helpers.Tests.CurrencyHelperTests" name="FormatToStringTest1000" />
    </UnitTest>
    <UnitTest name="FormatToStringTest1000 (1896.1704506483723,1896.17 zł)" storage="c:\projekty\mstestproject\bin\debug\netcoreapp3.1\mstestproject.dll" id="f7bfbfb2-7954-4193-85bf-95122e4d6bc0">
      <TestCategory>
        <TestCategoryItem TestCategory="Category1000" />
      </TestCategory>
      <Execution id="6240ac29-9ca3-46b1-a3e9-b02e6e453d9b" />
      <TestMethod codeBase="C:\Projekty\MSTestProject\bin\Debug\netcoreapp3.1\MSTestProject.dll" adapterTypeName="executor://mstestadapter/v2" className="TwojeWesele.Services.Helpers.Tests.CurrencyHelperTests" name="FormatToStringTest1000" />
    </UnitTest>
    <UnitTest name="FormatToStringTest1000 (64568.131500027666,64568.13 zł)" storage="c:\projekty\mstestproject\bin\debug\netcoreapp3.1\mstestproject.dll" id="2cc79fc6-5ad5-4d12-8f00-e97d401cec71">
      <TestCategory>
        <TestCategoryItem TestCategory="Category1000" />
      </TestCategory>
      <Execution id="d12a6c7d-6b33-4f96-bba4-55faacd82cdb" />
      <TestMethod codeBase="C:\Projekty\MSTestProject\bin\Debug\netcoreapp3.1\MSTestProject.dll" adapterTypeName="executor://mstestadapter/v2" className="TwojeWesele.Services.Helpers.Tests.CurrencyHelperTests" name="FormatToStringTest1000" />
    </UnitTest>
    <UnitTest name="FormatToStringTest1000 (54275.73209373408,54275.73 zł)" storage="c:\projekty\mstestproject\bin\debug\netcoreapp3.1\mstestproject.dll" id="c3accfce-3e30-4b50-bf46-ad8bf7b29902">
      <TestCategory>
        <TestCategoryItem TestCategory="Category1000" />
      </TestCategory>
      <Execution id="c59f1046-a893-4526-ac73-76efc2a25fd7" />
      <TestMethod codeBase="C:\Projekty\MSTestProject\bin\Debug\netcoreapp3.1\MSTestProject.dll" adapterTypeName="executor://mstestadapter/v2" className="TwojeWesele.Services.Helpers.Tests.CurrencyHelperTests" name="FormatToStringTest1000" />
    </UnitTest>
    <UnitTest name="FormatToStringTest1000 (46391.661094229516,46391.66 zł)" storage="c:\projekty\mstestproject\bin\debug\netcoreapp3.1\mstestproject.dll" id="36fd0f19-d7a8-49e0-b1cc-f2e554130284">
      <TestCategory>
        <TestCategoryItem TestCategory="Category1000" />
      </TestCategory>
      <Execution id="bab8343d-10b1-4da7-89ff-6fdda452f8c0" />
      <TestMethod codeBase="C:\Projekty\MSTestProject\bin\Debug\netcoreapp3.1\MSTestProject.dll" adapterTypeName="executor://mstestadapter/v2" className="TwojeWesele.Services.Helpers.Tests.CurrencyHelperTests" name="FormatToStringTest1000" />
    </UnitTest>
    <UnitTest name="FormatToStringTest1000 (31971.185406704986,31971.19 zł)" storage="c:\projekty\mstestproject\bin\debug\netcoreapp3.1\mstestproject.dll" id="ce004c94-1556-4dea-8954-ff511a6a116a">
      <TestCategory>
        <TestCategoryItem TestCategory="Category1000" />
      </TestCategory>
      <Execution id="d4010a7b-02a3-430b-bcd7-431a7856ad95" />
      <TestMethod codeBase="C:\Projekty\MSTestProject\bin\Debug\netcoreapp3.1\MSTestProject.dll" adapterTypeName="executor://mstestadapter/v2" className="TwojeWesele.Services.Helpers.Tests.CurrencyHelperTests" name="FormatToStringTest1000" />
    </UnitTest>
    <UnitTest name="FormatToStringTest1000 (11912.404131636213,11912.40 zł)" storage="c:\projekty\mstestproject\bin\debug\netcoreapp3.1\mstestproject.dll" id="ccf99cd4-1470-4318-8bfc-fb82d2bf9912">
      <TestCategory>
        <TestCategoryItem TestCategory="Category1000" />
      </TestCategory>
      <Execution id="0997275f-0230-451b-ab15-2560a169daf9" />
      <TestMethod codeBase="C:\Projekty\MSTestProject\bin\Debug\netcoreapp3.1\MSTestProject.dll" adapterTypeName="executor://mstestadapter/v2" className="TwojeWesele.Services.Helpers.Tests.CurrencyHelperTests" name="FormatToStringTest1000" />
    </UnitTest>
    <UnitTest name="FormatToStringTest1000 (8802.811382028653,8802.81 zł)" storage="c:\projekty\mstestproject\bin\debug\netcoreapp3.1\mstestproject.dll" id="9ffea958-ee96-4a70-b100-05be0a298cb6">
      <TestCategory>
        <TestCategoryItem TestCategory="Category1000" />
      </TestCategory>
      <Execution id="c2aaea63-eee6-4009-9d29-c882cc6ca7b7" />
      <TestMethod codeBase="C:\Projekty\MSTestProject\bin\Debug\netcoreapp3.1\MSTestProject.dll" adapterTypeName="executor://mstestadapter/v2" className="TwojeWesele.Services.Helpers.Tests.CurrencyHelperTests" name="FormatToStringTest1000" />
    </UnitTest>
    <UnitTest name="FormatToStringTest1000 (3131.5022711732904,3131.50 zł)" storage="c:\projekty\mstestproject\bin\debug\netcoreapp3.1\mstestproject.dll" id="096b7e4f-ffd0-4456-9538-107c9885b882">
      <TestCategory>
        <TestCategoryItem TestCategory="Category1000" />
      </TestCategory>
      <Execution id="2c8091c6-1cdd-4597-ae4a-c2a57571b11f" />
      <TestMethod codeBase="C:\Projekty\MSTestProject\bin\Debug\netcoreapp3.1\MSTestProject.dll" adapterTypeName="executor://mstestadapter/v2" className="TwojeWesele.Services.Helpers.Tests.CurrencyHelperTests" name="FormatToStringTest1000" />
    </UnitTest>
    <UnitTest name="FormatToStringTest1000 (9603.199987620208,9603.20 zł)" storage="c:\projekty\mstestproject\bin\debug\netcoreapp3.1\mstestproject.dll" id="e0ea6ed5-b92f-45be-9355-3cc4109f5e62">
      <TestCategory>
        <TestCategoryItem TestCategory="Category1000" />
      </TestCategory>
      <Execution id="9bbff83f-6ed0-431d-b975-3f96c8f0afff" />
      <TestMethod codeBase="C:\Projekty\MSTestProject\bin\Debug\netcoreapp3.1\MSTestProject.dll" adapterTypeName="executor://mstestadapter/v2" className="TwojeWesele.Services.Helpers.Tests.CurrencyHelperTests" name="FormatToStringTest1000" />
    </UnitTest>
    <UnitTest name="FormatToStringTest1000 (18023.78504577455,18023.79 zł)" storage="c:\projekty\mstestproject\bin\debug\netcoreapp3.1\mstestproject.dll" id="609198be-23b0-4629-9d8f-33dec4ac7bb0">
      <TestCategory>
        <TestCategoryItem TestCategory="Category1000" />
      </TestCategory>
      <Execution id="0ab81ab3-6ce7-41fc-8307-357cd37f9632" />
      <TestMethod codeBase="C:\Projekty\MSTestProject\bin\Debug\netcoreapp3.1\MSTestProject.dll" adapterTypeName="executor://mstestadapter/v2" className="TwojeWesele.Services.Helpers.Tests.CurrencyHelperTests" name="FormatToStringTest1000" />
    </UnitTest>
    <UnitTest name="FormatToStringTest1000 (9151.103070427245,9151.10 zł)" storage="c:\projekty\mstestproject\bin\debug\netcoreapp3.1\mstestproject.dll" id="28d27e64-f8aa-493d-8dbe-9c7d28e49527">
      <TestCategory>
        <TestCategoryItem TestCategory="Category1000" />
      </TestCategory>
      <Execution id="ac2814a2-6031-4000-bdb4-5d3c9d5fd36e" />
      <TestMethod codeBase="C:\Projekty\MSTestProject\bin\Debug\netcoreapp3.1\MSTestProject.dll" adapterTypeName="executor://mstestadapter/v2" className="TwojeWesele.Services.Helpers.Tests.CurrencyHelperTests" name="FormatToStringTest1000" />
    </UnitTest>
    <UnitTest name="FormatToStringTest1000 (22533.17694295811,22533.18 zł)" storage="c:\projekty\mstestproject\bin\debug\netcoreapp3.1\mstestproject.dll" id="b8f919aa-7947-4793-9caa-a31343bbec87">
      <TestCategory>
        <TestCategoryItem TestCategory="Category1000" />
      </TestCategory>
      <Execution id="7f0414b6-509a-4df4-8e83-67b4a52e3a35" />
      <TestMethod codeBase="C:\Projekty\MSTestProject\bin\Debug\netcoreapp3.1\MSTestProject.dll" adapterTypeName="executor://mstestadapter/v2" className="TwojeWesele.Services.Helpers.Tests.CurrencyHelperTests" name="FormatToStringTest1000" />
    </UnitTest>
    <UnitTest name="FormatToStringTest1000 (25720.27551496321,25720.28 zł)" storage="c:\projekty\mstestproject\bin\debug\netcoreapp3.1\mstestproject.dll" id="2aa7b075-48c3-4ef8-a048-f399c3196aac">
      <TestCategory>
        <TestCategoryItem TestCategory="Category1000" />
      </TestCategory>
      <Execution id="e71dd6b5-3900-4aa4-b586-ceae159ce94b" />
      <TestMethod codeBase="C:\Projekty\MSTestProject\bin\Debug\netcoreapp3.1\MSTestProject.dll" adapterTypeName="executor://mstestadapter/v2" className="TwojeWesele.Services.Helpers.Tests.CurrencyHelperTests" name="FormatToStringTest1000" />
    </UnitTest>
    <UnitTest name="FormatToStringTest1000 (22592.465903659566,22592.47 zł)" storage="c:\projekty\mstestproject\bin\debug\netcoreapp3.1\mstestproject.dll" id="82d06cd9-e590-459a-a5f8-910d21062234">
      <TestCategory>
        <TestCategoryItem TestCategory="Category1000" />
      </TestCategory>
      <Execution id="627cb3ea-5dd1-4c75-8dae-e80719ace04a" />
      <TestMethod codeBase="C:\Projekty\MSTestProject\bin\Debug\netcoreapp3.1\MSTestProject.dll" adapterTypeName="executor://mstestadapter/v2" className="TwojeWesele.Services.Helpers.Tests.CurrencyHelperTests" name="FormatToStringTest1000" />
    </UnitTest>
    <UnitTest name="FormatToStringTest1000 (19463.08761954917,19463.09 zł)" storage="c:\projekty\mstestproject\bin\debug\netcoreapp3.1\mstestproject.dll" id="12c3c466-b3d9-4905-b688-4438dc061b2c">
      <TestCategory>
        <TestCategoryItem TestCategory="Category1000" />
      </TestCategory>
      <Execution id="a7bdec54-4b50-4114-a73b-c4468515a77f" />
      <TestMethod codeBase="C:\Projekty\MSTestProject\bin\Debug\netcoreapp3.1\MSTestProject.dll" adapterTypeName="executor://mstestadapter/v2" className="TwojeWesele.Services.Helpers.Tests.CurrencyHelperTests" name="FormatToStringTest1000" />
    </UnitTest>
    <UnitTest name="FormatToStringTest1000 (10994.251866986162,10994.25 zł)" storage="c:\projekty\mstestproject\bin\debug\netcoreapp3.1\mstestproject.dll" id="4c7c4feb-bd10-4fe7-8ce7-0ee1d24e10ff">
      <TestCategory>
        <TestCategoryItem TestCategory="Category1000" />
      </TestCategory>
      <Execution id="c504786a-c30c-4004-b49d-bc622bf8f4b9" />
      <TestMethod codeBase="C:\Projekty\MSTestProject\bin\Debug\netcoreapp3.1\MSTestProject.dll" adapterTypeName="executor://mstestadapter/v2" className="TwojeWesele.Services.Helpers.Tests.CurrencyHelperTests" name="FormatToStringTest1000" />
    </UnitTest>
    <UnitTest name="FormatToStringTest1000 (28972.23604401212,28972.24 zł)" storage="c:\projekty\mstestproject\bin\debug\netcoreapp3.1\mstestproject.dll" id="84b05ea2-6fef-4e94-a12d-397fc9621ec7">
      <TestCategory>
        <TestCategoryItem TestCategory="Category1000" />
      </TestCategory>
      <Execution id="65d76b98-d332-40ed-be63-2923584c0f94" />
      <TestMethod codeBase="C:\Projekty\MSTestProject\bin\Debug\netcoreapp3.1\MSTestProject.dll" adapterTypeName="executor://mstestadapter/v2" className="TwojeWesele.Services.Helpers.Tests.CurrencyHelperTests" name="FormatToStringTest1000" />
    </UnitTest>
    <UnitTest name="FormatToStringTest1000 (21961.272673999552,21961.27 zł)" storage="c:\projekty\mstestproject\bin\debug\netcoreapp3.1\mstestproject.dll" id="21580011-acbc-419c-9710-55dcb9ab0c2e">
      <TestCategory>
        <TestCategoryItem TestCategory="Category1000" />
      </TestCategory>
      <Execution id="a5e55e96-daff-4608-856f-411923be5dd3" />
      <TestMethod codeBase="C:\Projekty\MSTestProject\bin\Debug\netcoreapp3.1\MSTestProject.dll" adapterTypeName="executor://mstestadapter/v2" className="TwojeWesele.Services.Helpers.Tests.CurrencyHelperTests" name="FormatToStringTest1000" />
    </UnitTest>
    <UnitTest name="FormatToStringTest1000 (972.1468308629221,972.15 zł)" storage="c:\projekty\mstestproject\bin\debug\netcoreapp3.1\mstestproject.dll" id="cb2e8fe5-67ed-4f35-a57c-e602ef1d06cc">
      <TestCategory>
        <TestCategoryItem TestCategory="Category1000" />
      </TestCategory>
      <Execution id="3ea357e9-453c-4222-b4bf-6369ff3c8cb6" />
      <TestMethod codeBase="C:\Projekty\MSTestProject\bin\Debug\netcoreapp3.1\MSTestProject.dll" adapterTypeName="executor://mstestadapter/v2" className="TwojeWesele.Services.Helpers.Tests.CurrencyHelperTests" name="FormatToStringTest1000" />
    </UnitTest>
    <UnitTest name="FormatToStringTest1000 (9867.823212210007,9867.82 zł)" storage="c:\projekty\mstestproject\bin\debug\netcoreapp3.1\mstestproject.dll" id="8ea3d137-0ea2-4744-97fe-48fb588e325f">
      <TestCategory>
        <TestCategoryItem TestCategory="Category1000" />
      </TestCategory>
      <Execution id="eb7ad237-5e4f-406e-a59f-024ee1bf34be" />
      <TestMethod codeBase="C:\Projekty\MSTestProject\bin\Debug\netcoreapp3.1\MSTestProject.dll" adapterTypeName="executor://mstestadapter/v2" className="TwojeWesele.Services.Helpers.Tests.CurrencyHelperTests" name="FormatToStringTest1000" />
    </UnitTest>
    <UnitTest name="FormatToStringTest1000 (40241.790964380736,40241.79 zł)" storage="c:\projekty\mstestproject\bin\debug\netcoreapp3.1\mstestproject.dll" id="fe38b073-a454-43ca-8ff1-ef847ac47b31">
      <TestCategory>
        <TestCategoryItem TestCategory="Category1000" />
      </TestCategory>
      <Execution id="965a89df-e3aa-4af2-b5ea-5d9ab690072a" />
      <TestMethod codeBase="C:\Projekty\MSTestProject\bin\Debug\netcoreapp3.1\MSTestProject.dll" adapterTypeName="executor://mstestadapter/v2" className="TwojeWesele.Services.Helpers.Tests.CurrencyHelperTests" name="FormatToStringTest1000" />
    </UnitTest>
    <UnitTest name="FormatToStringTest1000 (10397.404523554447,10397.40 zł)" storage="c:\projekty\mstestproject\bin\debug\netcoreapp3.1\mstestproject.dll" id="725da621-bd69-4c36-83ce-3aa353335107">
      <TestCategory>
        <TestCategoryItem TestCategory="Category1000" />
      </TestCategory>
      <Execution id="32766757-1b0c-4482-9271-f58b03920642" />
      <TestMethod codeBase="C:\Projekty\MSTestProject\bin\Debug\netcoreapp3.1\MSTestProject.dll" adapterTypeName="executor://mstestadapter/v2" className="TwojeWesele.Services.Helpers.Tests.CurrencyHelperTests" name="FormatToStringTest1000" />
    </UnitTest>
    <UnitTest name="FormatToStringTest1000 (33206.73122987837,33206.73 zł)" storage="c:\projekty\mstestproject\bin\debug\netcoreapp3.1\mstestproject.dll" id="96e1d6bf-643c-4798-8489-cb928dc68348">
      <TestCategory>
        <TestCategoryItem TestCategory="Category1000" />
      </TestCategory>
      <Execution id="d7b46453-a7da-4b2f-a9db-789cd853bf80" />
      <TestMethod codeBase="C:\Projekty\MSTestProject\bin\Debug\netcoreapp3.1\MSTestProject.dll" adapterTypeName="executor://mstestadapter/v2" className="TwojeWesele.Services.Helpers.Tests.CurrencyHelperTests" name="FormatToStringTest1000" />
    </UnitTest>
    <UnitTest name="FormatToStringTest1000 (272.5621069118204,272.56 zł)" storage="c:\projekty\mstestproject\bin\debug\netcoreapp3.1\mstestproject.dll" id="2957c271-fa29-48c0-9ed8-2ecd62665f83">
      <TestCategory>
        <TestCategoryItem TestCategory="Category1000" />
      </TestCategory>
      <Execution id="a282c20e-1851-4115-95e0-20366d3137c8" />
      <TestMethod codeBase="C:\Projekty\MSTestProject\bin\Debug\netcoreapp3.1\MSTestProject.dll" adapterTypeName="executor://mstestadapter/v2" className="TwojeWesele.Services.Helpers.Tests.CurrencyHelperTests" name="FormatToStringTest1000" />
    </UnitTest>
    <UnitTest name="FormatToStringTest1000 (5759.256266560991,5759.26 zł)" storage="c:\projekty\mstestproject\bin\debug\netcoreapp3.1\mstestproject.dll" id="7a75f9b7-d609-4fe8-87d2-e6770e6ea9b1">
      <TestCategory>
        <TestCategoryItem TestCategory="Category1000" />
      </TestCategory>
      <Execution id="b54b4149-0739-4490-be80-abe053ae2079" />
      <TestMethod codeBase="C:\Projekty\MSTestProject\bin\Debug\netcoreapp3.1\MSTestProject.dll" adapterTypeName="executor://mstestadapter/v2" className="TwojeWesele.Services.Helpers.Tests.CurrencyHelperTests" name="FormatToStringTest1000" />
    </UnitTest>
    <UnitTest name="FormatToStringTest1000 (28306.369434126827,28306.37 zł)" storage="c:\projekty\mstestproject\bin\debug\netcoreapp3.1\mstestproject.dll" id="0ef2499a-0161-4d7c-a155-ae6f85ea6233">
      <TestCategory>
        <TestCategoryItem TestCategory="Category1000" />
      </TestCategory>
      <Execution id="5d89633a-b803-4416-94bb-e6f914f08ab8" />
      <TestMethod codeBase="C:\Projekty\MSTestProject\bin\Debug\netcoreapp3.1\MSTestProject.dll" adapterTypeName="executor://mstestadapter/v2" className="TwojeWesele.Services.Helpers.Tests.CurrencyHelperTests" name="FormatToStringTest1000" />
    </UnitTest>
    <UnitTest name="FormatToStringTest1000 (13414.3551766441,13414.36 zł)" storage="c:\projekty\mstestproject\bin\debug\netcoreapp3.1\mstestproject.dll" id="cfb4382b-261c-4346-a8bf-5623a04ae825">
      <TestCategory>
        <TestCategoryItem TestCategory="Category1000" />
      </TestCategory>
      <Execution id="c2c0bbb2-5627-43d3-8197-c63d718a4332" />
      <TestMethod codeBase="C:\Projekty\MSTestProject\bin\Debug\netcoreapp3.1\MSTestProject.dll" adapterTypeName="executor://mstestadapter/v2" className="TwojeWesele.Services.Helpers.Tests.CurrencyHelperTests" name="FormatToStringTest1000" />
    </UnitTest>
    <UnitTest name="FormatToStringTest1000 (19392.945535027862,19392.95 zł)" storage="c:\projekty\mstestproject\bin\debug\netcoreapp3.1\mstestproject.dll" id="1e24b879-e6c1-4e3b-86d5-c873c16abefc">
      <TestCategory>
        <TestCategoryItem TestCategory="Category1000" />
      </TestCategory>
      <Execution id="a69c14b2-ffd9-4c69-b2d7-c8bfa96d2a69" />
      <TestMethod codeBase="C:\Projekty\MSTestProject\bin\Debug\netcoreapp3.1\MSTestProject.dll" adapterTypeName="executor://mstestadapter/v2" className="TwojeWesele.Services.Helpers.Tests.CurrencyHelperTests" name="FormatToStringTest1000" />
    </UnitTest>
    <UnitTest name="FormatToStringTest1000 (28992.38363400166,28992.38 zł)" storage="c:\projekty\mstestproject\bin\debug\netcoreapp3.1\mstestproject.dll" id="70d0414f-be3f-4901-a6d4-3835ad36056d">
      <TestCategory>
        <TestCategoryItem TestCategory="Category1000" />
      </TestCategory>
      <Execution id="7ce871c4-6435-4002-9e70-1337ffd75ac3" />
      <TestMethod codeBase="C:\Projekty\MSTestProject\bin\Debug\netcoreapp3.1\MSTestProject.dll" adapterTypeName="executor://mstestadapter/v2" className="TwojeWesele.Services.Helpers.Tests.CurrencyHelperTests" name="FormatToStringTest1000" />
    </UnitTest>
    <UnitTest name="FormatToStringTest1000 (6429.44273095552,6429.44 zł)" storage="c:\projekty\mstestproject\bin\debug\netcoreapp3.1\mstestproject.dll" id="b76a95c3-3972-4910-a02e-b28dfef5e03d">
      <TestCategory>
        <TestCategoryItem TestCategory="Category1000" />
      </TestCategory>
      <Execution id="7685129d-3d71-40f2-89d0-fdc1c3c2310a" />
      <TestMethod codeBase="C:\Projekty\MSTestProject\bin\Debug\netcoreapp3.1\MSTestProject.dll" adapterTypeName="executor://mstestadapter/v2" className="TwojeWesele.Services.Helpers.Tests.CurrencyHelperTests" name="FormatToStringTest1000" />
    </UnitTest>
    <UnitTest name="FormatToStringTest1000 (6145.531235831571,6145.53 zł)" storage="c:\projekty\mstestproject\bin\debug\netcoreapp3.1\mstestproject.dll" id="af5a6cd3-1680-4645-afee-c8a566d4599b">
      <TestCategory>
        <TestCategoryItem TestCategory="Category1000" />
      </TestCategory>
      <Execution id="873e2b4e-0333-4483-90d2-8ceaf62157ee" />
      <TestMethod codeBase="C:\Projekty\MSTestProject\bin\Debug\netcoreapp3.1\MSTestProject.dll" adapterTypeName="executor://mstestadapter/v2" className="TwojeWesele.Services.Helpers.Tests.CurrencyHelperTests" name="FormatToStringTest1000" />
    </UnitTest>
    <UnitTest name="FormatToStringTest1000 (23023.74724929768,23023.75 zł)" storage="c:\projekty\mstestproject\bin\debug\netcoreapp3.1\mstestproject.dll" id="0412092d-f10b-4364-8f70-7892577bb017">
      <TestCategory>
        <TestCategoryItem TestCategory="Category1000" />
      </TestCategory>
      <Execution id="36485283-2230-4a08-a0bf-00f448eac7f0" />
      <TestMethod codeBase="C:\Projekty\MSTestProject\bin\Debug\netcoreapp3.1\MSTestProject.dll" adapterTypeName="executor://mstestadapter/v2" className="TwojeWesele.Services.Helpers.Tests.CurrencyHelperTests" name="FormatToStringTest1000" />
    </UnitTest>
    <UnitTest name="FormatToStringTest1000 (24825.207513729205,24825.21 zł)" storage="c:\projekty\mstestproject\bin\debug\netcoreapp3.1\mstestproject.dll" id="fa5786ef-2d47-43de-a6b7-2bc3185b9699">
      <TestCategory>
        <TestCategoryItem TestCategory="Category1000" />
      </TestCategory>
      <Execution id="0e7aac88-dcd0-40a1-a7bf-a3d070b0ebd3" />
      <TestMethod codeBase="C:\Projekty\MSTestProject\bin\Debug\netcoreapp3.1\MSTestProject.dll" adapterTypeName="executor://mstestadapter/v2" className="TwojeWesele.Services.Helpers.Tests.CurrencyHelperTests" name="FormatToStringTest1000" />
    </UnitTest>
    <UnitTest name="FormatToStringTest1000 (26885.71162707904,26885.71 zł)" storage="c:\projekty\mstestproject\bin\debug\netcoreapp3.1\mstestproject.dll" id="003b1338-b553-44d6-b6bc-eb49c0a6fd7d">
      <TestCategory>
        <TestCategoryItem TestCategory="Category1000" />
      </TestCategory>
      <Execution id="a5f13937-bc93-4351-b2ee-5a1a325f6cb9" />
      <TestMethod codeBase="C:\Projekty\MSTestProject\bin\Debug\netcoreapp3.1\MSTestProject.dll" adapterTypeName="executor://mstestadapter/v2" className="TwojeWesele.Services.Helpers.Tests.CurrencyHelperTests" name="FormatToStringTest1000" />
    </UnitTest>
    <UnitTest name="FormatToStringTest1000 (6205.946199725357,6205.95 zł)" storage="c:\projekty\mstestproject\bin\debug\netcoreapp3.1\mstestproject.dll" id="e2013866-7ab8-40a4-8f18-93805aa0f39b">
      <TestCategory>
        <TestCategoryItem TestCategory="Category1000" />
      </TestCategory>
      <Execution id="9446a59b-c13b-4981-b265-4b299a955c79" />
      <TestMethod codeBase="C:\Projekty\MSTestProject\bin\Debug\netcoreapp3.1\MSTestProject.dll" adapterTypeName="executor://mstestadapter/v2" className="TwojeWesele.Services.Helpers.Tests.CurrencyHelperTests" name="FormatToStringTest1000" />
    </UnitTest>
    <UnitTest name="FormatToStringTest1000 (4648.492795337221,4648.49 zł)" storage="c:\projekty\mstestproject\bin\debug\netcoreapp3.1\mstestproject.dll" id="7adff862-a138-4c01-aea9-110ea49ddc9b">
      <TestCategory>
        <TestCategoryItem TestCategory="Category1000" />
      </TestCategory>
      <Execution id="3b097a69-1c94-40c1-baa7-983e72da88ae" />
      <TestMethod codeBase="C:\Projekty\MSTestProject\bin\Debug\netcoreapp3.1\MSTestProject.dll" adapterTypeName="executor://mstestadapter/v2" className="TwojeWesele.Services.Helpers.Tests.CurrencyHelperTests" name="FormatToStringTest1000" />
    </UnitTest>
    <UnitTest name="FormatToStringTest1000 (58902.704109088845,58902.70 zł)" storage="c:\projekty\mstestproject\bin\debug\netcoreapp3.1\mstestproject.dll" id="f468bce4-606a-45f0-80f5-aad610b74f83">
      <TestCategory>
        <TestCategoryItem TestCategory="Category1000" />
      </TestCategory>
      <Execution id="9314fbe9-0f7f-4804-92b6-9fd30453faec" />
      <TestMethod codeBase="C:\Projekty\MSTestProject\bin\Debug\netcoreapp3.1\MSTestProject.dll" adapterTypeName="executor://mstestadapter/v2" className="TwojeWesele.Services.Helpers.Tests.CurrencyHelperTests" name="FormatToStringTest1000" />
    </UnitTest>
    <UnitTest name="FormatToStringTest1000 (66764.31690498316,66764.32 zł)" storage="c:\projekty\mstestproject\bin\debug\netcoreapp3.1\mstestproject.dll" id="0f2ba437-9298-4c20-b7de-79f4cd6eda13">
      <TestCategory>
        <TestCategoryItem TestCategory="Category1000" />
      </TestCategory>
      <Execution id="ad76d867-9216-460d-b85b-0064fe43a166" />
      <TestMethod codeBase="C:\Projekty\MSTestProject\bin\Debug\netcoreapp3.1\MSTestProject.dll" adapterTypeName="executor://mstestadapter/v2" className="TwojeWesele.Services.Helpers.Tests.CurrencyHelperTests" name="FormatToStringTest1000" />
    </UnitTest>
    <UnitTest name="FormatToStringTest1000 (67109.22110940759,67109.22 zł)" storage="c:\projekty\mstestproject\bin\debug\netcoreapp3.1\mstestproject.dll" id="1ec72b41-42f7-4d76-9a0d-cb13e8d2ca27">
      <TestCategory>
        <TestCategoryItem TestCategory="Category1000" />
      </TestCategory>
      <Execution id="5a7b2c3b-9998-418f-97e1-4e2907b0483c" />
      <TestMethod codeBase="C:\Projekty\MSTestProject\bin\Debug\netcoreapp3.1\MSTestProject.dll" adapterTypeName="executor://mstestadapter/v2" className="TwojeWesele.Services.Helpers.Tests.CurrencyHelperTests" name="FormatToStringTest1000" />
    </UnitTest>
    <UnitTest name="FormatToStringTest1000 (47630.39193684067,47630.39 zł)" storage="c:\projekty\mstestproject\bin\debug\netcoreapp3.1\mstestproject.dll" id="6b8658c8-4353-4ba5-8260-441718f62291">
      <TestCategory>
        <TestCategoryItem TestCategory="Category1000" />
      </TestCategory>
      <Execution id="2d09bc32-da24-429a-a540-49803dc1fe5f" />
      <TestMethod codeBase="C:\Projekty\MSTestProject\bin\Debug\netcoreapp3.1\MSTestProject.dll" adapterTypeName="executor://mstestadapter/v2" className="TwojeWesele.Services.Helpers.Tests.CurrencyHelperTests" name="FormatToStringTest1000" />
    </UnitTest>
    <UnitTest name="FormatToStringTest1000 (50644.690874327294,50644.69 zł)" storage="c:\projekty\mstestproject\bin\debug\netcoreapp3.1\mstestproject.dll" id="402534a5-ee27-4939-a8ad-37ff9c72c6d5">
      <TestCategory>
        <TestCategoryItem TestCategory="Category1000" />
      </TestCategory>
      <Execution id="17fedc8a-a4f6-4b28-bfad-d7aadcfe4223" />
      <TestMethod codeBase="C:\Projekty\MSTestProject\bin\Debug\netcoreapp3.1\MSTestProject.dll" adapterTypeName="executor://mstestadapter/v2" className="TwojeWesele.Services.Helpers.Tests.CurrencyHelperTests" name="FormatToStringTest1000" />
    </UnitTest>
    <UnitTest name="FormatToStringTest1000 (20978.860218282258,20978.86 zł)" storage="c:\projekty\mstestproject\bin\debug\netcoreapp3.1\mstestproject.dll" id="c1d7de0e-2508-435b-b3b3-e248f5065874">
      <TestCategory>
        <TestCategoryItem TestCategory="Category1000" />
      </TestCategory>
      <Execution id="72c617d7-2fbd-4a7b-8ae1-345f65f9ef7f" />
      <TestMethod codeBase="C:\Projekty\MSTestProject\bin\Debug\netcoreapp3.1\MSTestProject.dll" adapterTypeName="executor://mstestadapter/v2" className="TwojeWesele.Services.Helpers.Tests.CurrencyHelperTests" name="FormatToStringTest1000" />
    </UnitTest>
    <UnitTest name="FormatToStringTest1000 (11796.576829059317,11796.58 zł)" storage="c:\projekty\mstestproject\bin\debug\netcoreapp3.1\mstestproject.dll" id="e779fb46-bdae-4cdb-98d9-83cb395de2ad">
      <TestCategory>
        <TestCategoryItem TestCategory="Category1000" />
      </TestCategory>
      <Execution id="d9a9bbe7-bb2f-454b-b712-4a4483f852e1" />
      <TestMethod codeBase="C:\Projekty\MSTestProject\bin\Debug\netcoreapp3.1\MSTestProject.dll" adapterTypeName="executor://mstestadapter/v2" className="TwojeWesele.Services.Helpers.Tests.CurrencyHelperTests" name="FormatToStringTest1000" />
    </UnitTest>
    <UnitTest name="FormatToStringTest1000 (79339.95632144621,79339.96 zł)" storage="c:\projekty\mstestproject\bin\debug\netcoreapp3.1\mstestproject.dll" id="16ac2d1f-4060-4dc1-a5e0-c95c53b0d2ae">
      <TestCategory>
        <TestCategoryItem TestCategory="Category1000" />
      </TestCategory>
      <Execution id="152ad444-1a27-4637-8872-5fd2b6a26e97" />
      <TestMethod codeBase="C:\Projekty\MSTestProject\bin\Debug\netcoreapp3.1\MSTestProject.dll" adapterTypeName="executor://mstestadapter/v2" className="TwojeWesele.Services.Helpers.Tests.CurrencyHelperTests" name="FormatToStringTest1000" />
    </UnitTest>
    <UnitTest name="FormatToStringTest1000 (7396.940188290057,7396.94 zł)" storage="c:\projekty\mstestproject\bin\debug\netcoreapp3.1\mstestproject.dll" id="3c9eb67d-9291-4239-95e2-46024576a8fa">
      <TestCategory>
        <TestCategoryItem TestCategory="Category1000" />
      </TestCategory>
      <Execution id="412cbaf0-ac4a-4bb0-84c2-8f19ec01e7ae" />
      <TestMethod codeBase="C:\Projekty\MSTestProject\bin\Debug\netcoreapp3.1\MSTestProject.dll" adapterTypeName="executor://mstestadapter/v2" className="TwojeWesele.Services.Helpers.Tests.CurrencyHelperTests" name="FormatToStringTest1000" />
    </UnitTest>
    <UnitTest name="FormatToStringTest1000 (10511.7304983189,10511.73 zł)" storage="c:\projekty\mstestproject\bin\debug\netcoreapp3.1\mstestproject.dll" id="19179588-704f-4f52-92c1-db781c895d8d">
      <TestCategory>
        <TestCategoryItem TestCategory="Category1000" />
      </TestCategory>
      <Execution id="f2ce0813-0515-4796-b8d3-b5ee8791ff72" />
      <TestMethod codeBase="C:\Projekty\MSTestProject\bin\Debug\netcoreapp3.1\MSTestProject.dll" adapterTypeName="executor://mstestadapter/v2" className="TwojeWesele.Services.Helpers.Tests.CurrencyHelperTests" name="FormatToStringTest1000" />
    </UnitTest>
    <UnitTest name="FormatToStringTest1000 (23980.12943509646,23980.13 zł)" storage="c:\projekty\mstestproject\bin\debug\netcoreapp3.1\mstestproject.dll" id="2c1056a1-a0b0-4ff2-b43b-223840116787">
      <TestCategory>
        <TestCategoryItem TestCategory="Category1000" />
      </TestCategory>
      <Execution id="6c262da8-19b5-4b7c-8e48-34fb64a3c65d" />
      <TestMethod codeBase="C:\Projekty\MSTestProject\bin\Debug\netcoreapp3.1\MSTestProject.dll" adapterTypeName="executor://mstestadapter/v2" className="TwojeWesele.Services.Helpers.Tests.CurrencyHelperTests" name="FormatToStringTest1000" />
    </UnitTest>
    <UnitTest name="FormatToStringTest1000 (238.1379397484185,238.14 zł)" storage="c:\projekty\mstestproject\bin\debug\netcoreapp3.1\mstestproject.dll" id="0c63e24b-be8f-483d-86bc-2f36bf8a49fd">
      <TestCategory>
        <TestCategoryItem TestCategory="Category1000" />
      </TestCategory>
      <Execution id="58ee53db-a80c-4c1f-beef-e1a957d2fe1b" />
      <TestMethod codeBase="C:\Projekty\MSTestProject\bin\Debug\netcoreapp3.1\MSTestProject.dll" adapterTypeName="executor://mstestadapter/v2" className="TwojeWesele.Services.Helpers.Tests.CurrencyHelperTests" name="FormatToStringTest1000" />
    </UnitTest>
    <UnitTest name="FormatToStringTest1000 (8851.904041135638,8851.90 zł)" storage="c:\projekty\mstestproject\bin\debug\netcoreapp3.1\mstestproject.dll" id="8cee5992-e211-4297-b299-0fe92becb4be">
      <TestCategory>
        <TestCategoryItem TestCategory="Category1000" />
      </TestCategory>
      <Execution id="f0c8fb11-37f3-4360-9d2d-3154e2c0aa70" />
      <TestMethod codeBase="C:\Projekty\MSTestProject\bin\Debug\netcoreapp3.1\MSTestProject.dll" adapterTypeName="executor://mstestadapter/v2" className="TwojeWesele.Services.Helpers.Tests.CurrencyHelperTests" name="FormatToStringTest1000" />
    </UnitTest>
    <UnitTest name="FormatToStringTest1000 (1130.8119115372242,1130.81 zł)" storage="c:\projekty\mstestproject\bin\debug\netcoreapp3.1\mstestproject.dll" id="426fea2d-3d0e-417f-81dc-2c7f7f9a1c06">
      <TestCategory>
        <TestCategoryItem TestCategory="Category1000" />
      </TestCategory>
      <Execution id="46b8d7dd-f1d0-476e-883b-9454f2f39497" />
      <TestMethod codeBase="C:\Projekty\MSTestProject\bin\Debug\netcoreapp3.1\MSTestProject.dll" adapterTypeName="executor://mstestadapter/v2" className="TwojeWesele.Services.Helpers.Tests.CurrencyHelperTests" name="FormatToStringTest1000" />
    </UnitTest>
    <UnitTest name="FormatToStringTest1000 (14063.90676654871,14063.91 zł)" storage="c:\projekty\mstestproject\bin\debug\netcoreapp3.1\mstestproject.dll" id="54fc0e5e-3433-4996-a036-1e607c387ea3">
      <TestCategory>
        <TestCategoryItem TestCategory="Category1000" />
      </TestCategory>
      <Execution id="cb28df8f-8ff5-4e2e-963e-5ea16f56a659" />
      <TestMethod codeBase="C:\Projekty\MSTestProject\bin\Debug\netcoreapp3.1\MSTestProject.dll" adapterTypeName="executor://mstestadapter/v2" className="TwojeWesele.Services.Helpers.Tests.CurrencyHelperTests" name="FormatToStringTest1000" />
    </UnitTest>
    <UnitTest name="FormatToStringTest1000 (2292.8331871111104,2292.83 zł)" storage="c:\projekty\mstestproject\bin\debug\netcoreapp3.1\mstestproject.dll" id="6d4d228f-2af3-4dd7-92b3-99ba7aec0c36">
      <TestCategory>
        <TestCategoryItem TestCategory="Category1000" />
      </TestCategory>
      <Execution id="0037f456-c401-4e1b-8d64-f5213ed0d611" />
      <TestMethod codeBase="C:\Projekty\MSTestProject\bin\Debug\netcoreapp3.1\MSTestProject.dll" adapterTypeName="executor://mstestadapter/v2" className="TwojeWesele.Services.Helpers.Tests.CurrencyHelperTests" name="FormatToStringTest1000" />
    </UnitTest>
    <UnitTest name="FormatToStringTest1000 (24695.917440203913,24695.92 zł)" storage="c:\projekty\mstestproject\bin\debug\netcoreapp3.1\mstestproject.dll" id="7901054c-f48d-4ba9-81cc-4a587bc64503">
      <TestCategory>
        <TestCategoryItem TestCategory="Category1000" />
      </TestCategory>
      <Execution id="dffc0c1e-cd32-4e7b-b106-84946222dbfb" />
      <TestMethod codeBase="C:\Projekty\MSTestProject\bin\Debug\netcoreapp3.1\MSTestProject.dll" adapterTypeName="executor://mstestadapter/v2" className="TwojeWesele.Services.Helpers.Tests.CurrencyHelperTests" name="FormatToStringTest1000" />
    </UnitTest>
    <UnitTest name="FormatToStringTest1000 (32213.734885384205,32213.73 zł)" storage="c:\projekty\mstestproject\bin\debug\netcoreapp3.1\mstestproject.dll" id="3fb632f6-9ffc-42f1-8a62-a23c9191a22d">
      <TestCategory>
        <TestCategoryItem TestCategory="Category1000" />
      </TestCategory>
      <Execution id="11fc0798-181b-497f-aece-d18d1b538366" />
      <TestMethod codeBase="C:\Projekty\MSTestProject\bin\Debug\netcoreapp3.1\MSTestProject.dll" adapterTypeName="executor://mstestadapter/v2" className="TwojeWesele.Services.Helpers.Tests.CurrencyHelperTests" name="FormatToStringTest1000" />
    </UnitTest>
    <UnitTest name="FormatToStringTest1000 (30111.54342534372,30111.54 zł)" storage="c:\projekty\mstestproject\bin\debug\netcoreapp3.1\mstestproject.dll" id="7299c92f-fc8a-48bd-ba7b-1df1295d64f0">
      <TestCategory>
        <TestCategoryItem TestCategory="Category1000" />
      </TestCategory>
      <Execution id="c0188388-f113-4baf-a48f-7e3de8450cbc" />
      <TestMethod codeBase="C:\Projekty\MSTestProject\bin\Debug\netcoreapp3.1\MSTestProject.dll" adapterTypeName="executor://mstestadapter/v2" className="TwojeWesele.Services.Helpers.Tests.CurrencyHelperTests" name="FormatToStringTest1000" />
    </UnitTest>
    <UnitTest name="FormatToStringTest1000 (28455.229970996843,28455.23 zł)" storage="c:\projekty\mstestproject\bin\debug\netcoreapp3.1\mstestproject.dll" id="8ca18aac-2e3e-460e-9f4e-75ada4ac2915">
      <TestCategory>
        <TestCategoryItem TestCategory="Category1000" />
      </TestCategory>
      <Execution id="8abeba09-9b8e-4ae1-a55d-9e46e43cbd3e" />
      <TestMethod codeBase="C:\Projekty\MSTestProject\bin\Debug\netcoreapp3.1\MSTestProject.dll" adapterTypeName="executor://mstestadapter/v2" className="TwojeWesele.Services.Helpers.Tests.CurrencyHelperTests" name="FormatToStringTest1000" />
    </UnitTest>
    <UnitTest name="FormatToStringTest1000 (31424.298858482067,31424.30 zł)" storage="c:\projekty\mstestproject\bin\debug\netcoreapp3.1\mstestproject.dll" id="cc48d4b1-dbbe-409e-8419-211305ae9590">
      <TestCategory>
        <TestCategoryItem TestCategory="Category1000" />
      </TestCategory>
      <Execution id="6ee4fe3d-cad2-47af-878d-6ffba202cc84" />
      <TestMethod codeBase="C:\Projekty\MSTestProject\bin\Debug\netcoreapp3.1\MSTestProject.dll" adapterTypeName="executor://mstestadapter/v2" className="TwojeWesele.Services.Helpers.Tests.CurrencyHelperTests" name="FormatToStringTest1000" />
    </UnitTest>
    <UnitTest name="FormatToStringTest1000 (7621.507806692509,7621.51 zł)" storage="c:\projekty\mstestproject\bin\debug\netcoreapp3.1\mstestproject.dll" id="f28da171-331d-470f-9449-19f5fc6a8ded">
      <TestCategory>
        <TestCategoryItem TestCategory="Category1000" />
      </TestCategory>
      <Execution id="60055af0-6a29-4f25-9a87-3492aa6f6f33" />
      <TestMethod codeBase="C:\Projekty\MSTestProject\bin\Debug\netcoreapp3.1\MSTestProject.dll" adapterTypeName="executor://mstestadapter/v2" className="TwojeWesele.Services.Helpers.Tests.CurrencyHelperTests" name="FormatToStringTest1000" />
    </UnitTest>
    <UnitTest name="FormatToStringTest1000 (6276.389386365838,6276.39 zł)" storage="c:\projekty\mstestproject\bin\debug\netcoreapp3.1\mstestproject.dll" id="196a03b7-831d-4257-8729-380f342cec14">
      <TestCategory>
        <TestCategoryItem TestCategory="Category1000" />
      </TestCategory>
      <Execution id="5e90c2e8-4bc1-4cdb-a45b-7386eed6260d" />
      <TestMethod codeBase="C:\Projekty\MSTestProject\bin\Debug\netcoreapp3.1\MSTestProject.dll" adapterTypeName="executor://mstestadapter/v2" className="TwojeWesele.Services.Helpers.Tests.CurrencyHelperTests" name="FormatToStringTest1000" />
    </UnitTest>
    <UnitTest name="FormatToStringTest1000 (34021.1384072961,34021.14 zł)" storage="c:\projekty\mstestproject\bin\debug\netcoreapp3.1\mstestproject.dll" id="8574270f-fc5d-49c0-8c62-dea1336396d0">
      <TestCategory>
        <TestCategoryItem TestCategory="Category1000" />
      </TestCategory>
      <Execution id="ce1e7602-6b2f-4dd9-83f2-68eebef47453" />
      <TestMethod codeBase="C:\Projekty\MSTestProject\bin\Debug\netcoreapp3.1\MSTestProject.dll" adapterTypeName="executor://mstestadapter/v2" className="TwojeWesele.Services.Helpers.Tests.CurrencyHelperTests" name="FormatToStringTest1000" />
    </UnitTest>
    <UnitTest name="FormatToStringTest1000 (635.3263313632116,635.33 zł)" storage="c:\projekty\mstestproject\bin\debug\netcoreapp3.1\mstestproject.dll" id="bf61cb85-2893-4892-ba8f-32355ac3447c">
      <TestCategory>
        <TestCategoryItem TestCategory="Category1000" />
      </TestCategory>
      <Execution id="f8e663dd-5e3c-44d5-9e92-da075e5babf8" />
      <TestMethod codeBase="C:\Projekty\MSTestProject\bin\Debug\netcoreapp3.1\MSTestProject.dll" adapterTypeName="executor://mstestadapter/v2" className="TwojeWesele.Services.Helpers.Tests.CurrencyHelperTests" name="FormatToStringTest1000" />
    </UnitTest>
    <UnitTest name="FormatToStringTest1000 (75514.58914517732,75514.59 zł)" storage="c:\projekty\mstestproject\bin\debug\netcoreapp3.1\mstestproject.dll" id="e0490506-3602-40ae-92a2-f8f6d85026b3">
      <TestCategory>
        <TestCategoryItem TestCategory="Category1000" />
      </TestCategory>
      <Execution id="9bb53e49-f143-4530-b852-90a356653006" />
      <TestMethod codeBase="C:\Projekty\MSTestProject\bin\Debug\netcoreapp3.1\MSTestProject.dll" adapterTypeName="executor://mstestadapter/v2" className="TwojeWesele.Services.Helpers.Tests.CurrencyHelperTests" name="FormatToStringTest1000" />
    </UnitTest>
    <UnitTest name="FormatToStringTest1000 (10762.501695533518,10762.50 zł)" storage="c:\projekty\mstestproject\bin\debug\netcoreapp3.1\mstestproject.dll" id="b61dbd43-6cfc-47a3-bb8f-ac1311c571bf">
      <TestCategory>
        <TestCategoryItem TestCategory="Category1000" />
      </TestCategory>
      <Execution id="ab7ae016-7478-4789-8859-e1086fb115d0" />
      <TestMethod codeBase="C:\Projekty\MSTestProject\bin\Debug\netcoreapp3.1\MSTestProject.dll" adapterTypeName="executor://mstestadapter/v2" className="TwojeWesele.Services.Helpers.Tests.CurrencyHelperTests" name="FormatToStringTest1000" />
    </UnitTest>
    <UnitTest name="FormatToStringTest1000 (14920.620598662934,14920.62 zł)" storage="c:\projekty\mstestproject\bin\debug\netcoreapp3.1\mstestproject.dll" id="39ec5ca5-3bf4-47ba-a451-0f820a63f4bc">
      <TestCategory>
        <TestCategoryItem TestCategory="Category1000" />
      </TestCategory>
      <Execution id="105b7210-3e08-47e8-877d-ba39235341f8" />
      <TestMethod codeBase="C:\Projekty\MSTestProject\bin\Debug\netcoreapp3.1\MSTestProject.dll" adapterTypeName="executor://mstestadapter/v2" className="TwojeWesele.Services.Helpers.Tests.CurrencyHelperTests" name="FormatToStringTest1000" />
    </UnitTest>
    <UnitTest name="FormatToStringTest1000 (15509.637406484986,15509.64 zł)" storage="c:\projekty\mstestproject\bin\debug\netcoreapp3.1\mstestproject.dll" id="23882bea-685a-415f-9ea3-1199786c3d5a">
      <TestCategory>
        <TestCategoryItem TestCategory="Category1000" />
      </TestCategory>
      <Execution id="da75f791-0c99-4280-a360-53b8787abe27" />
      <TestMethod codeBase="C:\Projekty\MSTestProject\bin\Debug\netcoreapp3.1\MSTestProject.dll" adapterTypeName="executor://mstestadapter/v2" className="TwojeWesele.Services.Helpers.Tests.CurrencyHelperTests" name="FormatToStringTest1000" />
    </UnitTest>
    <UnitTest name="FormatToStringTest1000 (10527.083945901639,10527.08 zł)" storage="c:\projekty\mstestproject\bin\debug\netcoreapp3.1\mstestproject.dll" id="33a46810-40c5-49ba-a976-327eebbc4ad7">
      <TestCategory>
        <TestCategoryItem TestCategory="Category1000" />
      </TestCategory>
      <Execution id="7a261941-d4f7-45d7-a7d6-60e9b2b0b18d" />
      <TestMethod codeBase="C:\Projekty\MSTestProject\bin\Debug\netcoreapp3.1\MSTestProject.dll" adapterTypeName="executor://mstestadapter/v2" className="TwojeWesele.Services.Helpers.Tests.CurrencyHelperTests" name="FormatToStringTest1000" />
    </UnitTest>
    <UnitTest name="FormatToStringTest1000 (38402.8293406753,38402.83 zł)" storage="c:\projekty\mstestproject\bin\debug\netcoreapp3.1\mstestproject.dll" id="43a34b6b-539c-48f0-9f50-bd1b658bd556">
      <TestCategory>
        <TestCategoryItem TestCategory="Category1000" />
      </TestCategory>
      <Execution id="04926900-9712-4586-84cf-674d19e04c30" />
      <TestMethod codeBase="C:\Projekty\MSTestProject\bin\Debug\netcoreapp3.1\MSTestProject.dll" adapterTypeName="executor://mstestadapter/v2" className="TwojeWesele.Services.Helpers.Tests.CurrencyHelperTests" name="FormatToStringTest1000" />
    </UnitTest>
    <UnitTest name="FormatToStringTest1000 (31347.468987404587,31347.47 zł)" storage="c:\projekty\mstestproject\bin\debug\netcoreapp3.1\mstestproject.dll" id="80aed585-df07-46e7-b933-670edbb438de">
      <TestCategory>
        <TestCategoryItem TestCategory="Category1000" />
      </TestCategory>
      <Execution id="c27ca692-760a-49ef-ba6f-3e42354687c8" />
      <TestMethod codeBase="C:\Projekty\MSTestProject\bin\Debug\netcoreapp3.1\MSTestProject.dll" adapterTypeName="executor://mstestadapter/v2" className="TwojeWesele.Services.Helpers.Tests.CurrencyHelperTests" name="FormatToStringTest1000" />
    </UnitTest>
    <UnitTest name="FormatToStringTest1000 (36978.61073549213,36978.61 zł)" storage="c:\projekty\mstestproject\bin\debug\netcoreapp3.1\mstestproject.dll" id="75dad2a2-091e-48a3-b73b-1dc832dfb818">
      <TestCategory>
        <TestCategoryItem TestCategory="Category1000" />
      </TestCategory>
      <Execution id="30e4b2cb-bb25-4ee8-b4c4-dedca34d73ba" />
      <TestMethod codeBase="C:\Projekty\MSTestProject\bin\Debug\netcoreapp3.1\MSTestProject.dll" adapterTypeName="executor://mstestadapter/v2" className="TwojeWesele.Services.Helpers.Tests.CurrencyHelperTests" name="FormatToStringTest1000" />
    </UnitTest>
    <UnitTest name="FormatToStringTest1000 (5855.75080885354,5855.75 zł)" storage="c:\projekty\mstestproject\bin\debug\netcoreapp3.1\mstestproject.dll" id="4f899d90-2a4f-42c0-b042-036ef32d324d">
      <TestCategory>
        <TestCategoryItem TestCategory="Category1000" />
      </TestCategory>
      <Execution id="f648032e-1ec4-42a4-b8d6-46c48af31b35" />
      <TestMethod codeBase="C:\Projekty\MSTestProject\bin\Debug\netcoreapp3.1\MSTestProject.dll" adapterTypeName="executor://mstestadapter/v2" className="TwojeWesele.Services.Helpers.Tests.CurrencyHelperTests" name="FormatToStringTest1000" />
    </UnitTest>
    <UnitTest name="FormatToStringTest1000 (20012.898273490322,20012.90 zł)" storage="c:\projekty\mstestproject\bin\debug\netcoreapp3.1\mstestproject.dll" id="fa93e76d-c4f7-4ebe-8c0e-9230e513014e">
      <TestCategory>
        <TestCategoryItem TestCategory="Category1000" />
      </TestCategory>
      <Execution id="fe45f12d-aa4e-4422-959b-a2504a4b6428" />
      <TestMethod codeBase="C:\Projekty\MSTestProject\bin\Debug\netcoreapp3.1\MSTestProject.dll" adapterTypeName="executor://mstestadapter/v2" className="TwojeWesele.Services.Helpers.Tests.CurrencyHelperTests" name="FormatToStringTest1000" />
    </UnitTest>
    <UnitTest name="FormatToStringTest1000 (3030.9461949132133,3030.95 zł)" storage="c:\projekty\mstestproject\bin\debug\netcoreapp3.1\mstestproject.dll" id="43ee620f-190e-444e-ba45-9a92f8caa611">
      <TestCategory>
        <TestCategoryItem TestCategory="Category1000" />
      </TestCategory>
      <Execution id="484edb68-e548-4d67-898f-e90e35df4e5d" />
      <TestMethod codeBase="C:\Projekty\MSTestProject\bin\Debug\netcoreapp3.1\MSTestProject.dll" adapterTypeName="executor://mstestadapter/v2" className="TwojeWesele.Services.Helpers.Tests.CurrencyHelperTests" name="FormatToStringTest1000" />
    </UnitTest>
    <UnitTest name="FormatToStringTest1000 (12370.243090209198,12370.24 zł)" storage="c:\projekty\mstestproject\bin\debug\netcoreapp3.1\mstestproject.dll" id="3ac3cbd9-418d-405b-a12f-2bfbcbe66995">
      <TestCategory>
        <TestCategoryItem TestCategory="Category1000" />
      </TestCategory>
      <Execution id="9d8085ae-db6f-42d6-bcbd-7e7e1d98d007" />
      <TestMethod codeBase="C:\Projekty\MSTestProject\bin\Debug\netcoreapp3.1\MSTestProject.dll" adapterTypeName="executor://mstestadapter/v2" className="TwojeWesele.Services.Helpers.Tests.CurrencyHelperTests" name="FormatToStringTest1000" />
    </UnitTest>
    <UnitTest name="FormatToStringTest1000 (67338.80028760935,67338.80 zł)" storage="c:\projekty\mstestproject\bin\debug\netcoreapp3.1\mstestproject.dll" id="a306464c-efd7-47c2-b28e-34fde4325374">
      <TestCategory>
        <TestCategoryItem TestCategory="Category1000" />
      </TestCategory>
      <Execution id="5105bf75-1d3d-4e4b-87cc-82b0d1a17b11" />
      <TestMethod codeBase="C:\Projekty\MSTestProject\bin\Debug\netcoreapp3.1\MSTestProject.dll" adapterTypeName="executor://mstestadapter/v2" className="TwojeWesele.Services.Helpers.Tests.CurrencyHelperTests" name="FormatToStringTest1000" />
    </UnitTest>
    <UnitTest name="FormatToStringTest1000 (26220.382477706476,26220.38 zł)" storage="c:\projekty\mstestproject\bin\debug\netcoreapp3.1\mstestproject.dll" id="c924c7ac-72f6-4e90-86fa-2b209f70cd7f">
      <TestCategory>
        <TestCategoryItem TestCategory="Category1000" />
      </TestCategory>
      <Execution id="52a6ffd6-f878-4198-bb68-9b17e6ab1dc6" />
      <TestMethod codeBase="C:\Projekty\MSTestProject\bin\Debug\netcoreapp3.1\MSTestProject.dll" adapterTypeName="executor://mstestadapter/v2" className="TwojeWesele.Services.Helpers.Tests.CurrencyHelperTests" name="FormatToStringTest1000" />
    </UnitTest>
    <UnitTest name="FormatToStringTest1000 (86.89546322771136,86.90 zł)" storage="c:\projekty\mstestproject\bin\debug\netcoreapp3.1\mstestproject.dll" id="c11d9569-3411-4f15-bbc7-c59d0757d64e">
      <TestCategory>
        <TestCategoryItem TestCategory="Category1000" />
      </TestCategory>
      <Execution id="7a13326c-2dda-42b1-b513-b2706262fa1d" />
      <TestMethod codeBase="C:\Projekty\MSTestProject\bin\Debug\netcoreapp3.1\MSTestProject.dll" adapterTypeName="executor://mstestadapter/v2" className="TwojeWesele.Services.Helpers.Tests.CurrencyHelperTests" name="FormatToStringTest1000" />
    </UnitTest>
    <UnitTest name="FormatToStringTest1000 (17232.486162219426,17232.49 zł)" storage="c:\projekty\mstestproject\bin\debug\netcoreapp3.1\mstestproject.dll" id="c4e2bee1-b27f-489d-b131-36619a3c08f8">
      <TestCategory>
        <TestCategoryItem TestCategory="Category1000" />
      </TestCategory>
      <Execution id="e4e7207b-6efe-4531-9384-89fbe3878789" />
      <TestMethod codeBase="C:\Projekty\MSTestProject\bin\Debug\netcoreapp3.1\MSTestProject.dll" adapterTypeName="executor://mstestadapter/v2" className="TwojeWesele.Services.Helpers.Tests.CurrencyHelperTests" name="FormatToStringTest1000" />
    </UnitTest>
    <UnitTest name="FormatToStringTest1000 (25272.05048361283,25272.05 zł)" storage="c:\projekty\mstestproject\bin\debug\netcoreapp3.1\mstestproject.dll" id="bf4c4101-19b8-4301-a5b7-1dd9404834a7">
      <TestCategory>
        <TestCategoryItem TestCategory="Category1000" />
      </TestCategory>
      <Execution id="babb2347-45ea-4af5-8681-c24229d3c009" />
      <TestMethod codeBase="C:\Projekty\MSTestProject\bin\Debug\netcoreapp3.1\MSTestProject.dll" adapterTypeName="executor://mstestadapter/v2" className="TwojeWesele.Services.Helpers.Tests.CurrencyHelperTests" name="FormatToStringTest1000" />
    </UnitTest>
    <UnitTest name="FormatToStringTest1000 (52032.65082931176,52032.65 zł)" storage="c:\projekty\mstestproject\bin\debug\netcoreapp3.1\mstestproject.dll" id="eaff9e77-67e0-4df2-962c-eafdff987504">
      <TestCategory>
        <TestCategoryItem TestCategory="Category1000" />
      </TestCategory>
      <Execution id="6be35b6d-5899-4cf8-95f5-6bbd2dc6a52e" />
      <TestMethod codeBase="C:\Projekty\MSTestProject\bin\Debug\netcoreapp3.1\MSTestProject.dll" adapterTypeName="executor://mstestadapter/v2" className="TwojeWesele.Services.Helpers.Tests.CurrencyHelperTests" name="FormatToStringTest1000" />
    </UnitTest>
    <UnitTest name="FormatToStringTest1000 (236.20263638589657,236.20 zł)" storage="c:\projekty\mstestproject\bin\debug\netcoreapp3.1\mstestproject.dll" id="b7b5c4dc-7641-4953-a68d-759b3688da64">
      <TestCategory>
        <TestCategoryItem TestCategory="Category1000" />
      </TestCategory>
      <Execution id="e5803d09-8153-4d9f-ace1-2bdb1d72db57" />
      <TestMethod codeBase="C:\Projekty\MSTestProject\bin\Debug\netcoreapp3.1\MSTestProject.dll" adapterTypeName="executor://mstestadapter/v2" className="TwojeWesele.Services.Helpers.Tests.CurrencyHelperTests" name="FormatToStringTest1000" />
    </UnitTest>
    <UnitTest name="FormatToStringTest1000 (159.83786031922224,159.84 zł)" storage="c:\projekty\mstestproject\bin\debug\netcoreapp3.1\mstestproject.dll" id="2f191e4c-d19e-4a28-921a-115365d425c0">
      <TestCategory>
        <TestCategoryItem TestCategory="Category1000" />
      </TestCategory>
      <Execution id="531cf406-b488-4adc-a769-a963fa1e4397" />
      <TestMethod codeBase="C:\Projekty\MSTestProject\bin\Debug\netcoreapp3.1\MSTestProject.dll" adapterTypeName="executor://mstestadapter/v2" className="TwojeWesele.Services.Helpers.Tests.CurrencyHelperTests" name="FormatToStringTest1000" />
    </UnitTest>
    <UnitTest name="FormatToStringTest1000 (5628.028273674672,5628.03 zł)" storage="c:\projekty\mstestproject\bin\debug\netcoreapp3.1\mstestproject.dll" id="ff50ea74-0a66-48ae-9f8e-a9a2dcd450cf">
      <TestCategory>
        <TestCategoryItem TestCategory="Category1000" />
      </TestCategory>
      <Execution id="db604d1e-7ff9-407a-b6f6-f367fb5422b0" />
      <TestMethod codeBase="C:\Projekty\MSTestProject\bin\Debug\netcoreapp3.1\MSTestProject.dll" adapterTypeName="executor://mstestadapter/v2" className="TwojeWesele.Services.Helpers.Tests.CurrencyHelperTests" name="FormatToStringTest1000" />
    </UnitTest>
    <UnitTest name="FormatToStringTest1000 (35248.53555717996,35248.54 zł)" storage="c:\projekty\mstestproject\bin\debug\netcoreapp3.1\mstestproject.dll" id="75162bdb-eb57-4677-b7d9-75d02e5b1c4a">
      <TestCategory>
        <TestCategoryItem TestCategory="Category1000" />
      </TestCategory>
      <Execution id="3c94de8f-62ad-43d1-813d-b28ef0e899ad" />
      <TestMethod codeBase="C:\Projekty\MSTestProject\bin\Debug\netcoreapp3.1\MSTestProject.dll" adapterTypeName="executor://mstestadapter/v2" className="TwojeWesele.Services.Helpers.Tests.CurrencyHelperTests" name="FormatToStringTest1000" />
    </UnitTest>
    <UnitTest name="FormatToStringTest1000 (3270.482477338743,3270.48 zł)" storage="c:\projekty\mstestproject\bin\debug\netcoreapp3.1\mstestproject.dll" id="18ca978b-9b71-4aaf-8237-8ea4a0397dcc">
      <TestCategory>
        <TestCategoryItem TestCategory="Category1000" />
      </TestCategory>
      <Execution id="4eee079c-d393-4020-9197-cea0be95068a" />
      <TestMethod codeBase="C:\Projekty\MSTestProject\bin\Debug\netcoreapp3.1\MSTestProject.dll" adapterTypeName="executor://mstestadapter/v2" className="TwojeWesele.Services.Helpers.Tests.CurrencyHelperTests" name="FormatToStringTest1000" />
    </UnitTest>
    <UnitTest name="FormatToStringTest1000 (35065.40267025652,35065.40 zł)" storage="c:\projekty\mstestproject\bin\debug\netcoreapp3.1\mstestproject.dll" id="a0052206-0970-4971-b2fb-12a715d9ed8c">
      <TestCategory>
        <TestCategoryItem TestCategory="Category1000" />
      </TestCategory>
      <Execution id="9a90389a-6fd2-4bc9-a55e-242bf7270e6e" />
      <TestMethod codeBase="C:\Projekty\MSTestProject\bin\Debug\netcoreapp3.1\MSTestProject.dll" adapterTypeName="executor://mstestadapter/v2" className="TwojeWesele.Services.Helpers.Tests.CurrencyHelperTests" name="FormatToStringTest1000" />
    </UnitTest>
    <UnitTest name="FormatToStringTest1000 (43799.04472166535,43799.04 zł)" storage="c:\projekty\mstestproject\bin\debug\netcoreapp3.1\mstestproject.dll" id="21c24cc8-308a-4ebc-ae32-bf83a5148ad9">
      <TestCategory>
        <TestCategoryItem TestCategory="Category1000" />
      </TestCategory>
      <Execution id="3ea9e114-4cf7-4f59-913d-4a53cd7a57d6" />
      <TestMethod codeBase="C:\Projekty\MSTestProject\bin\Debug\netcoreapp3.1\MSTestProject.dll" adapterTypeName="executor://mstestadapter/v2" className="TwojeWesele.Services.Helpers.Tests.CurrencyHelperTests" name="FormatToStringTest1000" />
    </UnitTest>
    <UnitTest name="FormatToStringTest1000 (16825.83099003268,16825.83 zł)" storage="c:\projekty\mstestproject\bin\debug\netcoreapp3.1\mstestproject.dll" id="ae2f8570-d346-4c06-8174-bd84eeed1240">
      <TestCategory>
        <TestCategoryItem TestCategory="Category1000" />
      </TestCategory>
      <Execution id="a223ea40-c46e-4511-a2b3-1ccc80c3e823" />
      <TestMethod codeBase="C:\Projekty\MSTestProject\bin\Debug\netcoreapp3.1\MSTestProject.dll" adapterTypeName="executor://mstestadapter/v2" className="TwojeWesele.Services.Helpers.Tests.CurrencyHelperTests" name="FormatToStringTest1000" />
    </UnitTest>
    <UnitTest name="FormatToStringTest1000 (14172.682747822573,14172.68 zł)" storage="c:\projekty\mstestproject\bin\debug\netcoreapp3.1\mstestproject.dll" id="b0a06868-3cf6-4df5-8ed5-38fd7aed54a5">
      <TestCategory>
        <TestCategoryItem TestCategory="Category1000" />
      </TestCategory>
      <Execution id="b74fff5f-e77a-440b-a0a8-91295fa7facc" />
      <TestMethod codeBase="C:\Projekty\MSTestProject\bin\Debug\netcoreapp3.1\MSTestProject.dll" adapterTypeName="executor://mstestadapter/v2" className="TwojeWesele.Services.Helpers.Tests.CurrencyHelperTests" name="FormatToStringTest1000" />
    </UnitTest>
    <UnitTest name="FormatToStringTest1000 (17000.070169619317,17000.07 zł)" storage="c:\projekty\mstestproject\bin\debug\netcoreapp3.1\mstestproject.dll" id="dd121d4f-497e-4cc9-a130-afd5b3e386d7">
      <TestCategory>
        <TestCategoryItem TestCategory="Category1000" />
      </TestCategory>
      <Execution id="c89dd3ed-318a-481c-83e6-c708d165add9" />
      <TestMethod codeBase="C:\Projekty\MSTestProject\bin\Debug\netcoreapp3.1\MSTestProject.dll" adapterTypeName="executor://mstestadapter/v2" className="TwojeWesele.Services.Helpers.Tests.CurrencyHelperTests" name="FormatToStringTest1000" />
    </UnitTest>
    <UnitTest name="FormatToStringTest1000 (7182.939759099362,7182.94 zł)" storage="c:\projekty\mstestproject\bin\debug\netcoreapp3.1\mstestproject.dll" id="af105ee8-c0b0-483f-aa05-c5a44a4d4a04">
      <TestCategory>
        <TestCategoryItem TestCategory="Category1000" />
      </TestCategory>
      <Execution id="b9520229-8501-4684-89a1-c19ec21ed76d" />
      <TestMethod codeBase="C:\Projekty\MSTestProject\bin\Debug\netcoreapp3.1\MSTestProject.dll" adapterTypeName="executor://mstestadapter/v2" className="TwojeWesele.Services.Helpers.Tests.CurrencyHelperTests" name="FormatToStringTest1000" />
    </UnitTest>
    <UnitTest name="FormatToStringTest1000 (13582.47117894258,13582.47 zł)" storage="c:\projekty\mstestproject\bin\debug\netcoreapp3.1\mstestproject.dll" id="234ed975-aeb1-4e65-be6e-7f6b005a2904">
      <TestCategory>
        <TestCategoryItem TestCategory="Category1000" />
      </TestCategory>
      <Execution id="7270832e-23dd-444e-911d-75b3111a77ff" />
      <TestMethod codeBase="C:\Projekty\MSTestProject\bin\Debug\netcoreapp3.1\MSTestProject.dll" adapterTypeName="executor://mstestadapter/v2" className="TwojeWesele.Services.Helpers.Tests.CurrencyHelperTests" name="FormatToStringTest1000" />
    </UnitTest>
    <UnitTest name="FormatToStringTest1000 (16208.076866391615,16208.08 zł)" storage="c:\projekty\mstestproject\bin\debug\netcoreapp3.1\mstestproject.dll" id="9781f43d-3a6c-4aaf-a304-9298cad2d283">
      <TestCategory>
        <TestCategoryItem TestCategory="Category1000" />
      </TestCategory>
      <Execution id="f6e3785b-1d7f-4144-ba76-df78554a66bc" />
      <TestMethod codeBase="C:\Projekty\MSTestProject\bin\Debug\netcoreapp3.1\MSTestProject.dll" adapterTypeName="executor://mstestadapter/v2" className="TwojeWesele.Services.Helpers.Tests.CurrencyHelperTests" name="FormatToStringTest1000" />
    </UnitTest>
    <UnitTest name="FormatToStringTest1000 (395.45790295882983,395.46 zł)" storage="c:\projekty\mstestproject\bin\debug\netcoreapp3.1\mstestproject.dll" id="8b65c756-7307-4357-a351-3d54f5853c7a">
      <TestCategory>
        <TestCategoryItem TestCategory="Category1000" />
      </TestCategory>
      <Execution id="d8857dac-022d-4add-acee-0bb87c3f6a80" />
      <TestMethod codeBase="C:\Projekty\MSTestProject\bin\Debug\netcoreapp3.1\MSTestProject.dll" adapterTypeName="executor://mstestadapter/v2" className="TwojeWesele.Services.Helpers.Tests.CurrencyHelperTests" name="FormatToStringTest1000" />
    </UnitTest>
    <UnitTest name="FormatToStringTest1000 (65947.64520381515,65947.65 zł)" storage="c:\projekty\mstestproject\bin\debug\netcoreapp3.1\mstestproject.dll" id="449cdf06-6b17-456c-8115-d18226566be2">
      <TestCategory>
        <TestCategoryItem TestCategory="Category1000" />
      </TestCategory>
      <Execution id="fb88870c-65af-4cf6-98df-77e61488cb48" />
      <TestMethod codeBase="C:\Projekty\MSTestProject\bin\Debug\netcoreapp3.1\MSTestProject.dll" adapterTypeName="executor://mstestadapter/v2" className="TwojeWesele.Services.Helpers.Tests.CurrencyHelperTests" name="FormatToStringTest1000" />
    </UnitTest>
    <UnitTest name="FormatToStringTest1000 (9190.067404299076,9190.07 zł)" storage="c:\projekty\mstestproject\bin\debug\netcoreapp3.1\mstestproject.dll" id="447e6565-1f09-4ce9-9e5b-77fe57477c7f">
      <TestCategory>
        <TestCategoryItem TestCategory="Category1000" />
      </TestCategory>
      <Execution id="ddd895b9-2d45-4aeb-bda6-660ddd3a4857" />
      <TestMethod codeBase="C:\Projekty\MSTestProject\bin\Debug\netcoreapp3.1\MSTestProject.dll" adapterTypeName="executor://mstestadapter/v2" className="TwojeWesele.Services.Helpers.Tests.CurrencyHelperTests" name="FormatToStringTest1000" />
    </UnitTest>
    <UnitTest name="FormatToStringTest1000 (33970.38965150639,33970.39 zł)" storage="c:\projekty\mstestproject\bin\debug\netcoreapp3.1\mstestproject.dll" id="359c7acb-72ee-4a76-94a0-58c186c120e6">
      <TestCategory>
        <TestCategoryItem TestCategory="Category1000" />
      </TestCategory>
      <Execution id="5b81ebef-c9ad-4012-975a-7937934a3863" />
      <TestMethod codeBase="C:\Projekty\MSTestProject\bin\Debug\netcoreapp3.1\MSTestProject.dll" adapterTypeName="executor://mstestadapter/v2" className="TwojeWesele.Services.Helpers.Tests.CurrencyHelperTests" name="FormatToStringTest1000" />
    </UnitTest>
    <UnitTest name="FormatToStringTest1000 (7594.279030504766,7594.28 zł)" storage="c:\projekty\mstestproject\bin\debug\netcoreapp3.1\mstestproject.dll" id="181e3fe2-3389-49f4-aa5d-2c3814fc7b03">
      <TestCategory>
        <TestCategoryItem TestCategory="Category1000" />
      </TestCategory>
      <Execution id="dbfc1890-c46b-4379-8db7-60c289d1be67" />
      <TestMethod codeBase="C:\Projekty\MSTestProject\bin\Debug\netcoreapp3.1\MSTestProject.dll" adapterTypeName="executor://mstestadapter/v2" className="TwojeWesele.Services.Helpers.Tests.CurrencyHelperTests" name="FormatToStringTest1000" />
    </UnitTest>
    <UnitTest name="FormatToStringTest1000 (468.83385119346616,468.83 zł)" storage="c:\projekty\mstestproject\bin\debug\netcoreapp3.1\mstestproject.dll" id="299b009f-4580-4265-87e6-ce5b37e1ca16">
      <TestCategory>
        <TestCategoryItem TestCategory="Category1000" />
      </TestCategory>
      <Execution id="ca323be5-4cda-4bfa-98d7-3a0179aa3a72" />
      <TestMethod codeBase="C:\Projekty\MSTestProject\bin\Debug\netcoreapp3.1\MSTestProject.dll" adapterTypeName="executor://mstestadapter/v2" className="TwojeWesele.Services.Helpers.Tests.CurrencyHelperTests" name="FormatToStringTest1000" />
    </UnitTest>
    <UnitTest name="FormatToStringTest1000 (6146.91236741278,6146.91 zł)" storage="c:\projekty\mstestproject\bin\debug\netcoreapp3.1\mstestproject.dll" id="73ffcba8-263b-407c-9269-8d4e309dd701">
      <TestCategory>
        <TestCategoryItem TestCategory="Category1000" />
      </TestCategory>
      <Execution id="7f2e913d-93e8-4441-a164-a4788df3f139" />
      <TestMethod codeBase="C:\Projekty\MSTestProject\bin\Debug\netcoreapp3.1\MSTestProject.dll" adapterTypeName="executor://mstestadapter/v2" className="TwojeWesele.Services.Helpers.Tests.CurrencyHelperTests" name="FormatToStringTest1000" />
    </UnitTest>
    <UnitTest name="FormatToStringTest1000 (2951.2722077329045,2951.27 zł)" storage="c:\projekty\mstestproject\bin\debug\netcoreapp3.1\mstestproject.dll" id="15a1c4d0-26f7-4b08-a051-0dbafa91ea2c">
      <TestCategory>
        <TestCategoryItem TestCategory="Category1000" />
      </TestCategory>
      <Execution id="f59e2e65-df57-4901-b5f3-9d3277eab737" />
      <TestMethod codeBase="C:\Projekty\MSTestProject\bin\Debug\netcoreapp3.1\MSTestProject.dll" adapterTypeName="executor://mstestadapter/v2" className="TwojeWesele.Services.Helpers.Tests.CurrencyHelperTests" name="FormatToStringTest1000" />
    </UnitTest>
    <UnitTest name="FormatToStringTest1000 (12871.381729632794,12871.38 zł)" storage="c:\projekty\mstestproject\bin\debug\netcoreapp3.1\mstestproject.dll" id="1b26e881-803a-44ea-b5ff-4556a0628c70">
      <TestCategory>
        <TestCategoryItem TestCategory="Category1000" />
      </TestCategory>
      <Execution id="19e7b52c-e8d6-47e4-96fa-640c36139c64" />
      <TestMethod codeBase="C:\Projekty\MSTestProject\bin\Debug\netcoreapp3.1\MSTestProject.dll" adapterTypeName="executor://mstestadapter/v2" className="TwojeWesele.Services.Helpers.Tests.CurrencyHelperTests" name="FormatToStringTest1000" />
    </UnitTest>
    <UnitTest name="FormatToStringTest1000 (2718.1767171650085,2718.18 zł)" storage="c:\projekty\mstestproject\bin\debug\netcoreapp3.1\mstestproject.dll" id="2e1db862-6776-4f40-9f78-6da62e6dc256">
      <TestCategory>
        <TestCategoryItem TestCategory="Category1000" />
      </TestCategory>
      <Execution id="43031146-10d3-4c7d-b015-0c8e724dd173" />
      <TestMethod codeBase="C:\Projekty\MSTestProject\bin\Debug\netcoreapp3.1\MSTestProject.dll" adapterTypeName="executor://mstestadapter/v2" className="TwojeWesele.Services.Helpers.Tests.CurrencyHelperTests" name="FormatToStringTest1000" />
    </UnitTest>
    <UnitTest name="FormatToStringTest1000 (19435.417227184127,19435.42 zł)" storage="c:\projekty\mstestproject\bin\debug\netcoreapp3.1\mstestproject.dll" id="bd62be1e-fa54-44ba-8037-a724071dd1fb">
      <TestCategory>
        <TestCategoryItem TestCategory="Category1000" />
      </TestCategory>
      <Execution id="e26116ef-5dd1-4041-8921-daed8d64a2c0" />
      <TestMethod codeBase="C:\Projekty\MSTestProject\bin\Debug\netcoreapp3.1\MSTestProject.dll" adapterTypeName="executor://mstestadapter/v2" className="TwojeWesele.Services.Helpers.Tests.CurrencyHelperTests" name="FormatToStringTest1000" />
    </UnitTest>
    <UnitTest name="FormatToStringTest1000 (52481.07276821932,52481.07 zł)" storage="c:\projekty\mstestproject\bin\debug\netcoreapp3.1\mstestproject.dll" id="849bd677-3101-464a-ba99-0d16895db1fb">
      <TestCategory>
        <TestCategoryItem TestCategory="Category1000" />
      </TestCategory>
      <Execution id="46cd4316-15be-47bc-a851-5c9540640031" />
      <TestMethod codeBase="C:\Projekty\MSTestProject\bin\Debug\netcoreapp3.1\MSTestProject.dll" adapterTypeName="executor://mstestadapter/v2" className="TwojeWesele.Services.Helpers.Tests.CurrencyHelperTests" name="FormatToStringTest1000" />
    </UnitTest>
    <UnitTest name="FormatToStringTest1000 (22291.653251342315,22291.65 zł)" storage="c:\projekty\mstestproject\bin\debug\netcoreapp3.1\mstestproject.dll" id="f3d371e2-402b-4945-8d7f-6c2e45218bfb">
      <TestCategory>
        <TestCategoryItem TestCategory="Category1000" />
      </TestCategory>
      <Execution id="68851ad0-1c8c-440d-9bfe-bf36adac1129" />
      <TestMethod codeBase="C:\Projekty\MSTestProject\bin\Debug\netcoreapp3.1\MSTestProject.dll" adapterTypeName="executor://mstestadapter/v2" className="TwojeWesele.Services.Helpers.Tests.CurrencyHelperTests" name="FormatToStringTest1000" />
    </UnitTest>
    <UnitTest name="FormatToStringTest1000 (16511.26921423537,16511.27 zł)" storage="c:\projekty\mstestproject\bin\debug\netcoreapp3.1\mstestproject.dll" id="3591230c-3e09-4168-ab6b-eca0b1337f12">
      <TestCategory>
        <TestCategoryItem TestCategory="Category1000" />
      </TestCategory>
      <Execution id="eba4c6c5-ad55-402a-85aa-92e152fa4ba4" />
      <TestMethod codeBase="C:\Projekty\MSTestProject\bin\Debug\netcoreapp3.1\MSTestProject.dll" adapterTypeName="executor://mstestadapter/v2" className="TwojeWesele.Services.Helpers.Tests.CurrencyHelperTests" name="FormatToStringTest1000" />
    </UnitTest>
    <UnitTest name="FormatToStringTest1000 (22604.838218828587,22604.84 zł)" storage="c:\projekty\mstestproject\bin\debug\netcoreapp3.1\mstestproject.dll" id="767d18dd-db43-4e9b-a771-1094c4a72d07">
      <TestCategory>
        <TestCategoryItem TestCategory="Category1000" />
      </TestCategory>
      <Execution id="3539ca62-c72d-4fac-9f33-e6888527e18d" />
      <TestMethod codeBase="C:\Projekty\MSTestProject\bin\Debug\netcoreapp3.1\MSTestProject.dll" adapterTypeName="executor://mstestadapter/v2" className="TwojeWesele.Services.Helpers.Tests.CurrencyHelperTests" name="FormatToStringTest1000" />
    </UnitTest>
    <UnitTest name="FormatToStringTest1000 (2435.1995505835857,2435.20 zł)" storage="c:\projekty\mstestproject\bin\debug\netcoreapp3.1\mstestproject.dll" id="a71d86ee-b22b-46b9-af28-3a7fc6e95c60">
      <TestCategory>
        <TestCategoryItem TestCategory="Category1000" />
      </TestCategory>
      <Execution id="d9c1d82d-74e5-4a22-ba21-9bf2c973b2c9" />
      <TestMethod codeBase="C:\Projekty\MSTestProject\bin\Debug\netcoreapp3.1\MSTestProject.dll" adapterTypeName="executor://mstestadapter/v2" className="TwojeWesele.Services.Helpers.Tests.CurrencyHelperTests" name="FormatToStringTest1000" />
    </UnitTest>
    <UnitTest name="FormatToStringTest1000 (66053.95451852398,66053.95 zł)" storage="c:\projekty\mstestproject\bin\debug\netcoreapp3.1\mstestproject.dll" id="0de46be1-4835-4d66-99c5-6df84a6fb472">
      <TestCategory>
        <TestCategoryItem TestCategory="Category1000" />
      </TestCategory>
      <Execution id="ec9dfd69-b464-4d71-bff4-51979e7d094e" />
      <TestMethod codeBase="C:\Projekty\MSTestProject\bin\Debug\netcoreapp3.1\MSTestProject.dll" adapterTypeName="executor://mstestadapter/v2" className="TwojeWesele.Services.Helpers.Tests.CurrencyHelperTests" name="FormatToStringTest1000" />
    </UnitTest>
    <UnitTest name="FormatToStringTest1000 (55030.929183896136,55030.93 zł)" storage="c:\projekty\mstestproject\bin\debug\netcoreapp3.1\mstestproject.dll" id="5962cfce-da00-4b90-8e01-be33a59f8492">
      <TestCategory>
        <TestCategoryItem TestCategory="Category1000" />
      </TestCategory>
      <Execution id="07702df6-a1f8-41e5-bf57-3e2b3aab8729" />
      <TestMethod codeBase="C:\Projekty\MSTestProject\bin\Debug\netcoreapp3.1\MSTestProject.dll" adapterTypeName="executor://mstestadapter/v2" className="TwojeWesele.Services.Helpers.Tests.CurrencyHelperTests" name="FormatToStringTest1000" />
    </UnitTest>
    <UnitTest name="FormatToStringTest1000 (22799.991836491965,22799.99 zł)" storage="c:\projekty\mstestproject\bin\debug\netcoreapp3.1\mstestproject.dll" id="822482d5-b69a-43f6-8cdf-490f1287e0de">
      <TestCategory>
        <TestCategoryItem TestCategory="Category1000" />
      </TestCategory>
      <Execution id="b06334fc-18c3-4dca-a409-7792b65dc875" />
      <TestMethod codeBase="C:\Projekty\MSTestProject\bin\Debug\netcoreapp3.1\MSTestProject.dll" adapterTypeName="executor://mstestadapter/v2" className="TwojeWesele.Services.Helpers.Tests.CurrencyHelperTests" name="FormatToStringTest1000" />
    </UnitTest>
    <UnitTest name="FormatToStringTest1000 (9750.134289915735,9750.13 zł)" storage="c:\projekty\mstestproject\bin\debug\netcoreapp3.1\mstestproject.dll" id="1edd8433-ff99-4acb-837c-2ec297142921">
      <TestCategory>
        <TestCategoryItem TestCategory="Category1000" />
      </TestCategory>
      <Execution id="8c29758d-846d-438e-82ea-a0e45b833f68" />
      <TestMethod codeBase="C:\Projekty\MSTestProject\bin\Debug\netcoreapp3.1\MSTestProject.dll" adapterTypeName="executor://mstestadapter/v2" className="TwojeWesele.Services.Helpers.Tests.CurrencyHelperTests" name="FormatToStringTest1000" />
    </UnitTest>
    <UnitTest name="FormatToStringTest1000 (9994.9471861026,9994.95 zł)" storage="c:\projekty\mstestproject\bin\debug\netcoreapp3.1\mstestproject.dll" id="caf03c49-e0ee-41aa-a0f8-e937e5af3306">
      <TestCategory>
        <TestCategoryItem TestCategory="Category1000" />
      </TestCategory>
      <Execution id="09b59c11-7184-4908-ba9a-eb0769591f85" />
      <TestMethod codeBase="C:\Projekty\MSTestProject\bin\Debug\netcoreapp3.1\MSTestProject.dll" adapterTypeName="executor://mstestadapter/v2" className="TwojeWesele.Services.Helpers.Tests.CurrencyHelperTests" name="FormatToStringTest1000" />
    </UnitTest>
    <UnitTest name="FormatToStringTest1000 (2751.3751475258614,2751.38 zł)" storage="c:\projekty\mstestproject\bin\debug\netcoreapp3.1\mstestproject.dll" id="286edf5a-379f-4fe8-ad30-2180aae3d417">
      <TestCategory>
        <TestCategoryItem TestCategory="Category1000" />
      </TestCategory>
      <Execution id="907eb33d-6191-490c-b60f-46d0c3feff6a" />
      <TestMethod codeBase="C:\Projekty\MSTestProject\bin\Debug\netcoreapp3.1\MSTestProject.dll" adapterTypeName="executor://mstestadapter/v2" className="TwojeWesele.Services.Helpers.Tests.CurrencyHelperTests" name="FormatToStringTest1000" />
    </UnitTest>
    <UnitTest name="FormatToStringTest1000 (5548.360986085777,5548.36 zł)" storage="c:\projekty\mstestproject\bin\debug\netcoreapp3.1\mstestproject.dll" id="22b91f08-2534-4a98-8367-e387c4d390db">
      <TestCategory>
        <TestCategoryItem TestCategory="Category1000" />
      </TestCategory>
      <Execution id="d14f348d-adc1-4afd-b710-77ad4ad4cbb5" />
      <TestMethod codeBase="C:\Projekty\MSTestProject\bin\Debug\netcoreapp3.1\MSTestProject.dll" adapterTypeName="executor://mstestadapter/v2" className="TwojeWesele.Services.Helpers.Tests.CurrencyHelperTests" name="FormatToStringTest1000" />
    </UnitTest>
    <UnitTest name="FormatToStringTest1000 (72802.68569213277,72802.69 zł)" storage="c:\projekty\mstestproject\bin\debug\netcoreapp3.1\mstestproject.dll" id="ffb17838-c93b-476f-adb0-df66b36b3fe8">
      <TestCategory>
        <TestCategoryItem TestCategory="Category1000" />
      </TestCategory>
      <Execution id="c024837f-9734-4d39-ba42-dbb414c1ce2e" />
      <TestMethod codeBase="C:\Projekty\MSTestProject\bin\Debug\netcoreapp3.1\MSTestProject.dll" adapterTypeName="executor://mstestadapter/v2" className="TwojeWesele.Services.Helpers.Tests.CurrencyHelperTests" name="FormatToStringTest1000" />
    </UnitTest>
    <UnitTest name="FormatToStringTest1000 (37.631227987646696,37.63 zł)" storage="c:\projekty\mstestproject\bin\debug\netcoreapp3.1\mstestproject.dll" id="70014cf1-317b-42a8-a051-568cf315237f">
      <TestCategory>
        <TestCategoryItem TestCategory="Category1000" />
      </TestCategory>
      <Execution id="40116552-5ed9-471e-823d-04eabc0fcc16" />
      <TestMethod codeBase="C:\Projekty\MSTestProject\bin\Debug\netcoreapp3.1\MSTestProject.dll" adapterTypeName="executor://mstestadapter/v2" className="TwojeWesele.Services.Helpers.Tests.CurrencyHelperTests" name="FormatToStringTest1000" />
    </UnitTest>
    <UnitTest name="FormatToStringTest1000 (7076.829971250534,7076.83 zł)" storage="c:\projekty\mstestproject\bin\debug\netcoreapp3.1\mstestproject.dll" id="4e5ce5f9-b836-4ac0-a95a-af96465cfdd6">
      <TestCategory>
        <TestCategoryItem TestCategory="Category1000" />
      </TestCategory>
      <Execution id="f1942599-bf48-4385-a5ac-aba74b74b732" />
      <TestMethod codeBase="C:\Projekty\MSTestProject\bin\Debug\netcoreapp3.1\MSTestProject.dll" adapterTypeName="executor://mstestadapter/v2" className="TwojeWesele.Services.Helpers.Tests.CurrencyHelperTests" name="FormatToStringTest1000" />
    </UnitTest>
    <UnitTest name="FormatToStringTest1000 (7124.979180760672,7124.98 zł)" storage="c:\projekty\mstestproject\bin\debug\netcoreapp3.1\mstestproject.dll" id="8f438a96-11ec-4885-95b1-506a032e6831">
      <TestCategory>
        <TestCategoryItem TestCategory="Category1000" />
      </TestCategory>
      <Execution id="de048e0b-3fa4-4713-9317-6aeb0928acf7" />
      <TestMethod codeBase="C:\Projekty\MSTestProject\bin\Debug\netcoreapp3.1\MSTestProject.dll" adapterTypeName="executor://mstestadapter/v2" className="TwojeWesele.Services.Helpers.Tests.CurrencyHelperTests" name="FormatToStringTest1000" />
    </UnitTest>
    <UnitTest name="FormatToStringTest1000 (43222.47958431695,43222.48 zł)" storage="c:\projekty\mstestproject\bin\debug\netcoreapp3.1\mstestproject.dll" id="fa71a170-37eb-40b0-a4bd-2fe57b80452a">
      <TestCategory>
        <TestCategoryItem TestCategory="Category1000" />
      </TestCategory>
      <Execution id="90ffe2b4-54e4-432f-834d-0bd7fb4f6fef" />
      <TestMethod codeBase="C:\Projekty\MSTestProject\bin\Debug\netcoreapp3.1\MSTestProject.dll" adapterTypeName="executor://mstestadapter/v2" className="TwojeWesele.Services.Helpers.Tests.CurrencyHelperTests" name="FormatToStringTest1000" />
    </UnitTest>
    <UnitTest name="FormatToStringTest1000 (27629.79121039193,27629.79 zł)" storage="c:\projekty\mstestproject\bin\debug\netcoreapp3.1\mstestproject.dll" id="edbfc9c7-a014-40a9-ad9f-d7f0429dd1be">
      <TestCategory>
        <TestCategoryItem TestCategory="Category1000" />
      </TestCategory>
      <Execution id="8a27c174-8023-4dc7-a7f6-5b58ba5eb84d" />
      <TestMethod codeBase="C:\Projekty\MSTestProject\bin\Debug\netcoreapp3.1\MSTestProject.dll" adapterTypeName="executor://mstestadapter/v2" className="TwojeWesele.Services.Helpers.Tests.CurrencyHelperTests" name="FormatToStringTest1000" />
    </UnitTest>
    <UnitTest name="FormatToStringTest1000 (2409.393997763001,2409.39 zł)" storage="c:\projekty\mstestproject\bin\debug\netcoreapp3.1\mstestproject.dll" id="6fcbd53e-f65d-4926-a103-6fd9b301124a">
      <TestCategory>
        <TestCategoryItem TestCategory="Category1000" />
      </TestCategory>
      <Execution id="065a7dd4-b379-4827-b99d-cc53c08a0f42" />
      <TestMethod codeBase="C:\Projekty\MSTestProject\bin\Debug\netcoreapp3.1\MSTestProject.dll" adapterTypeName="executor://mstestadapter/v2" className="TwojeWesele.Services.Helpers.Tests.CurrencyHelperTests" name="FormatToStringTest1000" />
    </UnitTest>
    <UnitTest name="FormatToStringTest1000 (24566.50251371856,24566.50 zł)" storage="c:\projekty\mstestproject\bin\debug\netcoreapp3.1\mstestproject.dll" id="afd1cc6a-8a04-4db5-8ead-4ec96dc442c6">
      <TestCategory>
        <TestCategoryItem TestCategory="Category1000" />
      </TestCategory>
      <Execution id="1141cd24-c68e-4823-85d4-a59885114889" />
      <TestMethod codeBase="C:\Projekty\MSTestProject\bin\Debug\netcoreapp3.1\MSTestProject.dll" adapterTypeName="executor://mstestadapter/v2" className="TwojeWesele.Services.Helpers.Tests.CurrencyHelperTests" name="FormatToStringTest1000" />
    </UnitTest>
    <UnitTest name="FormatToStringTest1000 (88489.14069749469,88489.14 zł)" storage="c:\projekty\mstestproject\bin\debug\netcoreapp3.1\mstestproject.dll" id="502a2691-a731-451d-8b92-83158d8c7620">
      <TestCategory>
        <TestCategoryItem TestCategory="Category1000" />
      </TestCategory>
      <Execution id="87f1934b-6ef3-455f-9cbf-b429248bdc6f" />
      <TestMethod codeBase="C:\Projekty\MSTestProject\bin\Debug\netcoreapp3.1\MSTestProject.dll" adapterTypeName="executor://mstestadapter/v2" className="TwojeWesele.Services.Helpers.Tests.CurrencyHelperTests" name="FormatToStringTest1000" />
    </UnitTest>
    <UnitTest name="FormatToStringTest1000 (1898.24149096489,1898.24 zł)" storage="c:\projekty\mstestproject\bin\debug\netcoreapp3.1\mstestproject.dll" id="3e4dfd07-2fa8-43ca-ac70-e24189aa9767">
      <TestCategory>
        <TestCategoryItem TestCategory="Category1000" />
      </TestCategory>
      <Execution id="4133f602-49ec-47d3-92aa-e226b2aa1cbf" />
      <TestMethod codeBase="C:\Projekty\MSTestProject\bin\Debug\netcoreapp3.1\MSTestProject.dll" adapterTypeName="executor://mstestadapter/v2" className="TwojeWesele.Services.Helpers.Tests.CurrencyHelperTests" name="FormatToStringTest1000" />
    </UnitTest>
    <UnitTest name="FormatToStringTest1000 (30320.450517486992,30320.45 zł)" storage="c:\projekty\mstestproject\bin\debug\netcoreapp3.1\mstestproject.dll" id="1ea6faa1-5ef4-4139-b3f2-3d5210c693fe">
      <TestCategory>
        <TestCategoryItem TestCategory="Category1000" />
      </TestCategory>
      <Execution id="95cc758a-9cbc-458d-bff5-a902d79c4def" />
      <TestMethod codeBase="C:\Projekty\MSTestProject\bin\Debug\netcoreapp3.1\MSTestProject.dll" adapterTypeName="executor://mstestadapter/v2" className="TwojeWesele.Services.Helpers.Tests.CurrencyHelperTests" name="FormatToStringTest1000" />
    </UnitTest>
    <UnitTest name="FormatToStringTest1000 (50991.22189691114,50991.22 zł)" storage="c:\projekty\mstestproject\bin\debug\netcoreapp3.1\mstestproject.dll" id="563427bd-c077-4d9d-8548-36ba073852bb">
      <TestCategory>
        <TestCategoryItem TestCategory="Category1000" />
      </TestCategory>
      <Execution id="f40db930-0896-41e0-b4e8-29d6496648e5" />
      <TestMethod codeBase="C:\Projekty\MSTestProject\bin\Debug\netcoreapp3.1\MSTestProject.dll" adapterTypeName="executor://mstestadapter/v2" className="TwojeWesele.Services.Helpers.Tests.CurrencyHelperTests" name="FormatToStringTest1000" />
    </UnitTest>
    <UnitTest name="FormatToStringTest1000 (30410.68214617003,30410.68 zł)" storage="c:\projekty\mstestproject\bin\debug\netcoreapp3.1\mstestproject.dll" id="b022e1ac-fa94-4e7f-b9e0-e22a41db5daa">
      <TestCategory>
        <TestCategoryItem TestCategory="Category1000" />
      </TestCategory>
      <Execution id="644ec504-b11c-4fa1-8f92-f8c17c6119a5" />
      <TestMethod codeBase="C:\Projekty\MSTestProject\bin\Debug\netcoreapp3.1\MSTestProject.dll" adapterTypeName="executor://mstestadapter/v2" className="TwojeWesele.Services.Helpers.Tests.CurrencyHelperTests" name="FormatToStringTest1000" />
    </UnitTest>
    <UnitTest name="FormatToStringTest1000 (15129.433864736666,15129.43 zł)" storage="c:\projekty\mstestproject\bin\debug\netcoreapp3.1\mstestproject.dll" id="9a27c6c2-90bb-470d-80e6-fce89320a361">
      <TestCategory>
        <TestCategoryItem TestCategory="Category1000" />
      </TestCategory>
      <Execution id="8a1dce00-8eed-4bae-b8b0-e7de358d6dfa" />
      <TestMethod codeBase="C:\Projekty\MSTestProject\bin\Debug\netcoreapp3.1\MSTestProject.dll" adapterTypeName="executor://mstestadapter/v2" className="TwojeWesele.Services.Helpers.Tests.CurrencyHelperTests" name="FormatToStringTest1000" />
    </UnitTest>
    <UnitTest name="FormatToStringTest1000 (16819.974312979717,16819.97 zł)" storage="c:\projekty\mstestproject\bin\debug\netcoreapp3.1\mstestproject.dll" id="bca8420b-0350-43c6-9811-0fc7a4de2d0e">
      <TestCategory>
        <TestCategoryItem TestCategory="Category1000" />
      </TestCategory>
      <Execution id="bc7518e7-03b2-4e15-8395-56834b7594ba" />
      <TestMethod codeBase="C:\Projekty\MSTestProject\bin\Debug\netcoreapp3.1\MSTestProject.dll" adapterTypeName="executor://mstestadapter/v2" className="TwojeWesele.Services.Helpers.Tests.CurrencyHelperTests" name="FormatToStringTest1000" />
    </UnitTest>
    <UnitTest name="FormatToStringTest1000 (21996.80326662576,21996.80 zł)" storage="c:\projekty\mstestproject\bin\debug\netcoreapp3.1\mstestproject.dll" id="e3889c57-750e-4a50-995e-a2348859a617">
      <TestCategory>
        <TestCategoryItem TestCategory="Category1000" />
      </TestCategory>
      <Execution id="28520e2c-8ea6-466e-b673-571c5cd418cb" />
      <TestMethod codeBase="C:\Projekty\MSTestProject\bin\Debug\netcoreapp3.1\MSTestProject.dll" adapterTypeName="executor://mstestadapter/v2" className="TwojeWesele.Services.Helpers.Tests.CurrencyHelperTests" name="FormatToStringTest1000" />
    </UnitTest>
    <UnitTest name="FormatToStringTest1000 (76106.57198894516,76106.57 zł)" storage="c:\projekty\mstestproject\bin\debug\netcoreapp3.1\mstestproject.dll" id="5dc1bc09-1b29-4dfc-85cf-d429694fbe97">
      <TestCategory>
        <TestCategoryItem TestCategory="Category1000" />
      </TestCategory>
      <Execution id="8baeba91-6bc5-4fb3-ba80-26fe0b4f50f9" />
      <TestMethod codeBase="C:\Projekty\MSTestProject\bin\Debug\netcoreapp3.1\MSTestProject.dll" adapterTypeName="executor://mstestadapter/v2" className="TwojeWesele.Services.Helpers.Tests.CurrencyHelperTests" name="FormatToStringTest1000" />
    </UnitTest>
    <UnitTest name="FormatToStringTest1000 (28987.862854782896,28987.86 zł)" storage="c:\projekty\mstestproject\bin\debug\netcoreapp3.1\mstestproject.dll" id="c0c0cb45-a1f1-4f84-b755-703fbfb189c3">
      <TestCategory>
        <TestCategoryItem TestCategory="Category1000" />
      </TestCategory>
      <Execution id="92feb324-9fda-49f3-b750-9290a5e07068" />
      <TestMethod codeBase="C:\Projekty\MSTestProject\bin\Debug\netcoreapp3.1\MSTestProject.dll" adapterTypeName="executor://mstestadapter/v2" className="TwojeWesele.Services.Helpers.Tests.CurrencyHelperTests" name="FormatToStringTest1000" />
    </UnitTest>
    <UnitTest name="FormatToStringTest1000 (4555.538255205163,4555.54 zł)" storage="c:\projekty\mstestproject\bin\debug\netcoreapp3.1\mstestproject.dll" id="d6422ef7-4421-417d-98ab-6fd6d0664395">
      <TestCategory>
        <TestCategoryItem TestCategory="Category1000" />
      </TestCategory>
      <Execution id="501ed75f-efc2-4fd0-bfb7-f45d7085f306" />
      <TestMethod codeBase="C:\Projekty\MSTestProject\bin\Debug\netcoreapp3.1\MSTestProject.dll" adapterTypeName="executor://mstestadapter/v2" className="TwojeWesele.Services.Helpers.Tests.CurrencyHelperTests" name="FormatToStringTest1000" />
    </UnitTest>
    <UnitTest name="FormatToStringTest1000 (8644.187977380207,8644.19 zł)" storage="c:\projekty\mstestproject\bin\debug\netcoreapp3.1\mstestproject.dll" id="a49e2bec-0bee-455b-827f-00b9bab1b969">
      <TestCategory>
        <TestCategoryItem TestCategory="Category1000" />
      </TestCategory>
      <Execution id="d997ff56-9602-4e2f-adb6-09da4bdc78dd" />
      <TestMethod codeBase="C:\Projekty\MSTestProject\bin\Debug\netcoreapp3.1\MSTestProject.dll" adapterTypeName="executor://mstestadapter/v2" className="TwojeWesele.Services.Helpers.Tests.CurrencyHelperTests" name="FormatToStringTest1000" />
    </UnitTest>
    <UnitTest name="FormatToStringTest1000 (19873.59831658453,19873.60 zł)" storage="c:\projekty\mstestproject\bin\debug\netcoreapp3.1\mstestproject.dll" id="84be9ee8-f2aa-41de-9b3a-2b3cf290b957">
      <TestCategory>
        <TestCategoryItem TestCategory="Category1000" />
      </TestCategory>
      <Execution id="a839178f-4b68-47db-9f02-a60b14503589" />
      <TestMethod codeBase="C:\Projekty\MSTestProject\bin\Debug\netcoreapp3.1\MSTestProject.dll" adapterTypeName="executor://mstestadapter/v2" className="TwojeWesele.Services.Helpers.Tests.CurrencyHelperTests" name="FormatToStringTest1000" />
    </UnitTest>
    <UnitTest name="FormatToStringTest1000 (30034.922435005625,30034.92 zł)" storage="c:\projekty\mstestproject\bin\debug\netcoreapp3.1\mstestproject.dll" id="6d635681-85b4-4703-a00c-36146fd85e1f">
      <TestCategory>
        <TestCategoryItem TestCategory="Category1000" />
      </TestCategory>
      <Execution id="ea3123b7-1d9e-46c3-b4b7-7214e5671c50" />
      <TestMethod codeBase="C:\Projekty\MSTestProject\bin\Debug\netcoreapp3.1\MSTestProject.dll" adapterTypeName="executor://mstestadapter/v2" className="TwojeWesele.Services.Helpers.Tests.CurrencyHelperTests" name="FormatToStringTest1000" />
    </UnitTest>
    <UnitTest name="FormatToStringTest1000 (88584.97010041306,88584.97 zł)" storage="c:\projekty\mstestproject\bin\debug\netcoreapp3.1\mstestproject.dll" id="cc74138b-a5f9-441f-9bef-c6385672c47b">
      <TestCategory>
        <TestCategoryItem TestCategory="Category1000" />
      </TestCategory>
      <Execution id="08343976-2253-49f7-a52d-94af8cb67b3b" />
      <TestMethod codeBase="C:\Projekty\MSTestProject\bin\Debug\netcoreapp3.1\MSTestProject.dll" adapterTypeName="executor://mstestadapter/v2" className="TwojeWesele.Services.Helpers.Tests.CurrencyHelperTests" name="FormatToStringTest1000" />
    </UnitTest>
    <UnitTest name="FormatToStringTest1000 (4539.210371735137,4539.21 zł)" storage="c:\projekty\mstestproject\bin\debug\netcoreapp3.1\mstestproject.dll" id="b8a43c8c-4da8-46ca-a640-de575237434c">
      <TestCategory>
        <TestCategoryItem TestCategory="Category1000" />
      </TestCategory>
      <Execution id="e3185bc6-45da-4611-a798-c855d04f7180" />
      <TestMethod codeBase="C:\Projekty\MSTestProject\bin\Debug\netcoreapp3.1\MSTestProject.dll" adapterTypeName="executor://mstestadapter/v2" className="TwojeWesele.Services.Helpers.Tests.CurrencyHelperTests" name="FormatToStringTest1000" />
    </UnitTest>
    <UnitTest name="FormatToStringTest1000 (14100.01255469211,14100.01 zł)" storage="c:\projekty\mstestproject\bin\debug\netcoreapp3.1\mstestproject.dll" id="36d5990d-0215-424d-afe4-4d7184907eca">
      <TestCategory>
        <TestCategoryItem TestCategory="Category1000" />
      </TestCategory>
      <Execution id="2482c2f7-ba95-411e-aa48-2c63cab7fa36" />
      <TestMethod codeBase="C:\Projekty\MSTestProject\bin\Debug\netcoreapp3.1\MSTestProject.dll" adapterTypeName="executor://mstestadapter/v2" className="TwojeWesele.Services.Helpers.Tests.CurrencyHelperTests" name="FormatToStringTest1000" />
    </UnitTest>
    <UnitTest name="FormatToStringTest1000 (40857.08543233996,40857.09 zł)" storage="c:\projekty\mstestproject\bin\debug\netcoreapp3.1\mstestproject.dll" id="8a7c30b4-ad33-42a1-82b8-f6a44dcc839f">
      <TestCategory>
        <TestCategoryItem TestCategory="Category1000" />
      </TestCategory>
      <Execution id="8293d566-be51-4548-b6e1-6f8cde5267c2" />
      <TestMethod codeBase="C:\Projekty\MSTestProject\bin\Debug\netcoreapp3.1\MSTestProject.dll" adapterTypeName="executor://mstestadapter/v2" className="TwojeWesele.Services.Helpers.Tests.CurrencyHelperTests" name="FormatToStringTest1000" />
    </UnitTest>
    <UnitTest name="FormatToStringTest1000 (19796.212103914568,19796.21 zł)" storage="c:\projekty\mstestproject\bin\debug\netcoreapp3.1\mstestproject.dll" id="5270c496-9773-401d-8f6f-08b5e0c0a5a1">
      <TestCategory>
        <TestCategoryItem TestCategory="Category1000" />
      </TestCategory>
      <Execution id="e2014943-28d8-4c6a-8b72-08efee0323c5" />
      <TestMethod codeBase="C:\Projekty\MSTestProject\bin\Debug\netcoreapp3.1\MSTestProject.dll" adapterTypeName="executor://mstestadapter/v2" className="TwojeWesele.Services.Helpers.Tests.CurrencyHelperTests" name="FormatToStringTest1000" />
    </UnitTest>
    <UnitTest name="FormatToStringTest1000 (57809.74722876295,57809.75 zł)" storage="c:\projekty\mstestproject\bin\debug\netcoreapp3.1\mstestproject.dll" id="5627bf00-5701-4434-99d5-0976248b4551">
      <TestCategory>
        <TestCategoryItem TestCategory="Category1000" />
      </TestCategory>
      <Execution id="2641ec75-d4e6-4f5e-b708-ab840bb9e556" />
      <TestMethod codeBase="C:\Projekty\MSTestProject\bin\Debug\netcoreapp3.1\MSTestProject.dll" adapterTypeName="executor://mstestadapter/v2" className="TwojeWesele.Services.Helpers.Tests.CurrencyHelperTests" name="FormatToStringTest1000" />
    </UnitTest>
    <UnitTest name="FormatToStringTest1000 (59768.02667973611,59768.03 zł)" storage="c:\projekty\mstestproject\bin\debug\netcoreapp3.1\mstestproject.dll" id="6bcc3a79-e0f6-457f-a76f-747f46128c77">
      <TestCategory>
        <TestCategoryItem TestCategory="Category1000" />
      </TestCategory>
      <Execution id="95e37400-b658-4cbf-b078-bb478134270b" />
      <TestMethod codeBase="C:\Projekty\MSTestProject\bin\Debug\netcoreapp3.1\MSTestProject.dll" adapterTypeName="executor://mstestadapter/v2" className="TwojeWesele.Services.Helpers.Tests.CurrencyHelperTests" name="FormatToStringTest1000" />
    </UnitTest>
    <UnitTest name="FormatToStringTest1000 (52888.48934243642,52888.49 zł)" storage="c:\projekty\mstestproject\bin\debug\netcoreapp3.1\mstestproject.dll" id="af6b3e4e-55ec-452f-b9a4-e619c11e50de">
      <TestCategory>
        <TestCategoryItem TestCategory="Category1000" />
      </TestCategory>
      <Execution id="3a72275c-335f-4b94-8a4b-c26f8014dfcd" />
      <TestMethod codeBase="C:\Projekty\MSTestProject\bin\Debug\netcoreapp3.1\MSTestProject.dll" adapterTypeName="executor://mstestadapter/v2" className="TwojeWesele.Services.Helpers.Tests.CurrencyHelperTests" name="FormatToStringTest1000" />
    </UnitTest>
    <UnitTest name="FormatToStringTest1000 (19103.831635461574,19103.83 zł)" storage="c:\projekty\mstestproject\bin\debug\netcoreapp3.1\mstestproject.dll" id="483c3078-e75b-4a98-96a4-264314655cf6">
      <TestCategory>
        <TestCategoryItem TestCategory="Category1000" />
      </TestCategory>
      <Execution id="2b041cc8-8273-4edb-9be0-efad83ed6445" />
      <TestMethod codeBase="C:\Projekty\MSTestProject\bin\Debug\netcoreapp3.1\MSTestProject.dll" adapterTypeName="executor://mstestadapter/v2" className="TwojeWesele.Services.Helpers.Tests.CurrencyHelperTests" name="FormatToStringTest1000" />
    </UnitTest>
    <UnitTest name="FormatToStringTest1000 (19397.344749736294,19397.34 zł)" storage="c:\projekty\mstestproject\bin\debug\netcoreapp3.1\mstestproject.dll" id="1a6c2a0f-1dcd-474b-8b55-509da82b5f60">
      <TestCategory>
        <TestCategoryItem TestCategory="Category1000" />
      </TestCategory>
      <Execution id="22564b89-4c6e-4450-a53a-2da9ee64fc24" />
      <TestMethod codeBase="C:\Projekty\MSTestProject\bin\Debug\netcoreapp3.1\MSTestProject.dll" adapterTypeName="executor://mstestadapter/v2" className="TwojeWesele.Services.Helpers.Tests.CurrencyHelperTests" name="FormatToStringTest1000" />
    </UnitTest>
    <UnitTest name="FormatToStringTest1000 (55782.67998761762,55782.68 zł)" storage="c:\projekty\mstestproject\bin\debug\netcoreapp3.1\mstestproject.dll" id="64d9fd8e-437b-4356-b9c1-afa4a3f1de75">
      <TestCategory>
        <TestCategoryItem TestCategory="Category1000" />
      </TestCategory>
      <Execution id="27b64216-5271-4441-9cd3-c1deb2b5e4f0" />
      <TestMethod codeBase="C:\Projekty\MSTestProject\bin\Debug\netcoreapp3.1\MSTestProject.dll" adapterTypeName="executor://mstestadapter/v2" className="TwojeWesele.Services.Helpers.Tests.CurrencyHelperTests" name="FormatToStringTest1000" />
    </UnitTest>
    <UnitTest name="FormatToStringTest1000 (4419.750844657306,4419.75 zł)" storage="c:\projekty\mstestproject\bin\debug\netcoreapp3.1\mstestproject.dll" id="c53aa102-8fd9-4b18-9924-66e2a97410ba">
      <TestCategory>
        <TestCategoryItem TestCategory="Category1000" />
      </TestCategory>
      <Execution id="aa0851ff-de58-4ef7-81f6-f443ff531f68" />
      <TestMethod codeBase="C:\Projekty\MSTestProject\bin\Debug\netcoreapp3.1\MSTestProject.dll" adapterTypeName="executor://mstestadapter/v2" className="TwojeWesele.Services.Helpers.Tests.CurrencyHelperTests" name="FormatToStringTest1000" />
    </UnitTest>
    <UnitTest name="FormatToStringTest1000 (10641.263377953444,10641.26 zł)" storage="c:\projekty\mstestproject\bin\debug\netcoreapp3.1\mstestproject.dll" id="62843728-e1e4-410d-90da-1c1d49c34dea">
      <TestCategory>
        <TestCategoryItem TestCategory="Category1000" />
      </TestCategory>
      <Execution id="83804f24-ebf1-4145-b9b8-cca7b4d0e04b" />
      <TestMethod codeBase="C:\Projekty\MSTestProject\bin\Debug\netcoreapp3.1\MSTestProject.dll" adapterTypeName="executor://mstestadapter/v2" className="TwojeWesele.Services.Helpers.Tests.CurrencyHelperTests" name="FormatToStringTest1000" />
    </UnitTest>
    <UnitTest name="FormatToStringTest1000 (15591.4117417221,15591.41 zł)" storage="c:\projekty\mstestproject\bin\debug\netcoreapp3.1\mstestproject.dll" id="5727f63e-9100-4077-b3b4-3e397193fc8c">
      <TestCategory>
        <TestCategoryItem TestCategory="Category1000" />
      </TestCategory>
      <Execution id="51338479-2376-4fa8-8701-6a9752783823" />
      <TestMethod codeBase="C:\Projekty\MSTestProject\bin\Debug\netcoreapp3.1\MSTestProject.dll" adapterTypeName="executor://mstestadapter/v2" className="TwojeWesele.Services.Helpers.Tests.CurrencyHelperTests" name="FormatToStringTest1000" />
    </UnitTest>
    <UnitTest name="FormatToStringTest1000 (1300.9430775404642,1300.94 zł)" storage="c:\projekty\mstestproject\bin\debug\netcoreapp3.1\mstestproject.dll" id="60558e9e-26ae-4d54-bbfc-1e9cf5da863c">
      <TestCategory>
        <TestCategoryItem TestCategory="Category1000" />
      </TestCategory>
      <Execution id="737ff6dc-a63b-4d4a-8b3a-16882c442a8d" />
      <TestMethod codeBase="C:\Projekty\MSTestProject\bin\Debug\netcoreapp3.1\MSTestProject.dll" adapterTypeName="executor://mstestadapter/v2" className="TwojeWesele.Services.Helpers.Tests.CurrencyHelperTests" name="FormatToStringTest1000" />
    </UnitTest>
    <UnitTest name="FormatToStringTest1000 (68174.53068551492,68174.53 zł)" storage="c:\projekty\mstestproject\bin\debug\netcoreapp3.1\mstestproject.dll" id="43c368c1-2a44-4548-a62d-c95cdb048841">
      <TestCategory>
        <TestCategoryItem TestCategory="Category1000" />
      </TestCategory>
      <Execution id="b1e4cba2-040b-4b18-9349-0bf4d7edd55d" />
      <TestMethod codeBase="C:\Projekty\MSTestProject\bin\Debug\netcoreapp3.1\MSTestProject.dll" adapterTypeName="executor://mstestadapter/v2" className="TwojeWesele.Services.Helpers.Tests.CurrencyHelperTests" name="FormatToStringTest1000" />
    </UnitTest>
    <UnitTest name="FormatToStringTest1000 (10965.74607995746,10965.75 zł)" storage="c:\projekty\mstestproject\bin\debug\netcoreapp3.1\mstestproject.dll" id="54e01598-39cd-467f-ac67-80c5fe0e3df8">
      <TestCategory>
        <TestCategoryItem TestCategory="Category1000" />
      </TestCategory>
      <Execution id="31cc76c6-5d31-4727-aa39-da8eac580e70" />
      <TestMethod codeBase="C:\Projekty\MSTestProject\bin\Debug\netcoreapp3.1\MSTestProject.dll" adapterTypeName="executor://mstestadapter/v2" className="TwojeWesele.Services.Helpers.Tests.CurrencyHelperTests" name="FormatToStringTest1000" />
    </UnitTest>
    <UnitTest name="FormatToStringTest1000 (26015.8311952552,26015.83 zł)" storage="c:\projekty\mstestproject\bin\debug\netcoreapp3.1\mstestproject.dll" id="049ba34b-86e1-4447-8b52-9915a8392af4">
      <TestCategory>
        <TestCategoryItem TestCategory="Category1000" />
      </TestCategory>
      <Execution id="4b3cfb0c-d9ed-48fc-a6e8-0a9982a1228a" />
      <TestMethod codeBase="C:\Projekty\MSTestProject\bin\Debug\netcoreapp3.1\MSTestProject.dll" adapterTypeName="executor://mstestadapter/v2" className="TwojeWesele.Services.Helpers.Tests.CurrencyHelperTests" name="FormatToStringTest1000" />
    </UnitTest>
    <UnitTest name="FormatToStringTest1000 (50585.83664522778,50585.84 zł)" storage="c:\projekty\mstestproject\bin\debug\netcoreapp3.1\mstestproject.dll" id="a5d2c0ae-6db6-428d-a92b-a218cf4d5d9a">
      <TestCategory>
        <TestCategoryItem TestCategory="Category1000" />
      </TestCategory>
      <Execution id="b8f94b4d-f95c-41c8-ad83-e210959ee481" />
      <TestMethod codeBase="C:\Projekty\MSTestProject\bin\Debug\netcoreapp3.1\MSTestProject.dll" adapterTypeName="executor://mstestadapter/v2" className="TwojeWesele.Services.Helpers.Tests.CurrencyHelperTests" name="FormatToStringTest1000" />
    </UnitTest>
    <UnitTest name="FormatToStringTest1000 (19189.813662191766,19189.81 zł)" storage="c:\projekty\mstestproject\bin\debug\netcoreapp3.1\mstestproject.dll" id="e57b56b3-80fe-4211-ada4-3df5de0368b5">
      <TestCategory>
        <TestCategoryItem TestCategory="Category1000" />
      </TestCategory>
      <Execution id="37eb04c5-3f7c-4ce8-b927-fde349e2192c" />
      <TestMethod codeBase="C:\Projekty\MSTestProject\bin\Debug\netcoreapp3.1\MSTestProject.dll" adapterTypeName="executor://mstestadapter/v2" className="TwojeWesele.Services.Helpers.Tests.CurrencyHelperTests" name="FormatToStringTest1000" />
    </UnitTest>
    <UnitTest name="FormatToStringTest1000 (1994.0983933439006,1994.10 zł)" storage="c:\projekty\mstestproject\bin\debug\netcoreapp3.1\mstestproject.dll" id="57d82ead-bd86-4006-92d6-21ecdb9cbf35">
      <TestCategory>
        <TestCategoryItem TestCategory="Category1000" />
      </TestCategory>
      <Execution id="77c02d6a-ffe2-48f9-b19e-be1133052a58" />
      <TestMethod codeBase="C:\Projekty\MSTestProject\bin\Debug\netcoreapp3.1\MSTestProject.dll" adapterTypeName="executor://mstestadapter/v2" className="TwojeWesele.Services.Helpers.Tests.CurrencyHelperTests" name="FormatToStringTest1000" />
    </UnitTest>
    <UnitTest name="FormatToStringTest1000 (67898.54481444067,67898.54 zł)" storage="c:\projekty\mstestproject\bin\debug\netcoreapp3.1\mstestproject.dll" id="b792062c-45d2-4318-a1a9-6ef955c6f09e">
      <TestCategory>
        <TestCategoryItem TestCategory="Category1000" />
      </TestCategory>
      <Execution id="01312736-263f-4b56-8318-990c1d45f0d8" />
      <TestMethod codeBase="C:\Projekty\MSTestProject\bin\Debug\netcoreapp3.1\MSTestProject.dll" adapterTypeName="executor://mstestadapter/v2" className="TwojeWesele.Services.Helpers.Tests.CurrencyHelperTests" name="FormatToStringTest1000" />
    </UnitTest>
    <UnitTest name="FormatToStringTest1000 (8347.417790138823,8347.42 zł)" storage="c:\projekty\mstestproject\bin\debug\netcoreapp3.1\mstestproject.dll" id="aa542f0f-0a42-456c-bfb5-d4813424747f">
      <TestCategory>
        <TestCategoryItem TestCategory="Category1000" />
      </TestCategory>
      <Execution id="14780a70-2628-4f7b-bb6d-09d6e923d9f4" />
      <TestMethod codeBase="C:\Projekty\MSTestProject\bin\Debug\netcoreapp3.1\MSTestProject.dll" adapterTypeName="executor://mstestadapter/v2" className="TwojeWesele.Services.Helpers.Tests.CurrencyHelperTests" name="FormatToStringTest1000" />
    </UnitTest>
    <UnitTest name="FormatToStringTest1000 (64124.274503948756,64124.27 zł)" storage="c:\projekty\mstestproject\bin\debug\netcoreapp3.1\mstestproject.dll" id="474ed373-fe95-4fd9-8cc3-1470f3399aeb">
      <TestCategory>
        <TestCategoryItem TestCategory="Category1000" />
      </TestCategory>
      <Execution id="7ec07924-ad06-4b21-8ebe-5a989f88199f" />
      <TestMethod codeBase="C:\Projekty\MSTestProject\bin\Debug\netcoreapp3.1\MSTestProject.dll" adapterTypeName="executor://mstestadapter/v2" className="TwojeWesele.Services.Helpers.Tests.CurrencyHelperTests" name="FormatToStringTest1000" />
    </UnitTest>
    <UnitTest name="FormatToStringTest1000 (5961.755129208674,5961.76 zł)" storage="c:\projekty\mstestproject\bin\debug\netcoreapp3.1\mstestproject.dll" id="46371115-001e-4f8d-90c5-5856c20bb906">
      <TestCategory>
        <TestCategoryItem TestCategory="Category1000" />
      </TestCategory>
      <Execution id="27e41963-1026-4439-b403-4fff83546bea" />
      <TestMethod codeBase="C:\Projekty\MSTestProject\bin\Debug\netcoreapp3.1\MSTestProject.dll" adapterTypeName="executor://mstestadapter/v2" className="TwojeWesele.Services.Helpers.Tests.CurrencyHelperTests" name="FormatToStringTest1000" />
    </UnitTest>
    <UnitTest name="FormatToStringTest1000 (68770.73008707525,68770.73 zł)" storage="c:\projekty\mstestproject\bin\debug\netcoreapp3.1\mstestproject.dll" id="d2520a5b-a460-4307-86d2-c6e05cde29a9">
      <TestCategory>
        <TestCategoryItem TestCategory="Category1000" />
      </TestCategory>
      <Execution id="f675ff5b-a508-45ae-a70e-20a76d2df2e2" />
      <TestMethod codeBase="C:\Projekty\MSTestProject\bin\Debug\netcoreapp3.1\MSTestProject.dll" adapterTypeName="executor://mstestadapter/v2" className="TwojeWesele.Services.Helpers.Tests.CurrencyHelperTests" name="FormatToStringTest1000" />
    </UnitTest>
    <UnitTest name="FormatToStringTest1000 (14198.39903067723,14198.40 zł)" storage="c:\projekty\mstestproject\bin\debug\netcoreapp3.1\mstestproject.dll" id="411b0919-b3c5-4f7e-861e-00e1832d70b7">
      <TestCategory>
        <TestCategoryItem TestCategory="Category1000" />
      </TestCategory>
      <Execution id="d7e26e77-d568-4e70-a158-6f9f572219f5" />
      <TestMethod codeBase="C:\Projekty\MSTestProject\bin\Debug\netcoreapp3.1\MSTestProject.dll" adapterTypeName="executor://mstestadapter/v2" className="TwojeWesele.Services.Helpers.Tests.CurrencyHelperTests" name="FormatToStringTest1000" />
    </UnitTest>
    <UnitTest name="FormatToStringTest1000 (80609.94377465078,80609.94 zł)" storage="c:\projekty\mstestproject\bin\debug\netcoreapp3.1\mstestproject.dll" id="84405f71-7b42-4311-9dc3-d61bdc08a154">
      <TestCategory>
        <TestCategoryItem TestCategory="Category1000" />
      </TestCategory>
      <Execution id="edd08247-4c74-4ad4-9920-4165dcc4a985" />
      <TestMethod codeBase="C:\Projekty\MSTestProject\bin\Debug\netcoreapp3.1\MSTestProject.dll" adapterTypeName="executor://mstestadapter/v2" className="TwojeWesele.Services.Helpers.Tests.CurrencyHelperTests" name="FormatToStringTest1000" />
    </UnitTest>
    <UnitTest name="FormatToStringTest1000 (13286.856387228174,13286.86 zł)" storage="c:\projekty\mstestproject\bin\debug\netcoreapp3.1\mstestproject.dll" id="22c39efc-ca68-48e0-9b11-13768fc0d6aa">
      <TestCategory>
        <TestCategoryItem TestCategory="Category1000" />
      </TestCategory>
      <Execution id="848bb352-5201-44d8-a9f8-d77e6754877c" />
      <TestMethod codeBase="C:\Projekty\MSTestProject\bin\Debug\netcoreapp3.1\MSTestProject.dll" adapterTypeName="executor://mstestadapter/v2" className="TwojeWesele.Services.Helpers.Tests.CurrencyHelperTests" name="FormatToStringTest1000" />
    </UnitTest>
    <UnitTest name="FormatToStringTest1000 (67230.86250807665,67230.86 zł)" storage="c:\projekty\mstestproject\bin\debug\netcoreapp3.1\mstestproject.dll" id="5b9c4bd8-f42c-43d1-9338-3e6b6b8bbff2">
      <TestCategory>
        <TestCategoryItem TestCategory="Category1000" />
      </TestCategory>
      <Execution id="1ed2d02b-e0b2-4d69-8f48-c3a55d91fb11" />
      <TestMethod codeBase="C:\Projekty\MSTestProject\bin\Debug\netcoreapp3.1\MSTestProject.dll" adapterTypeName="executor://mstestadapter/v2" className="TwojeWesele.Services.Helpers.Tests.CurrencyHelperTests" name="FormatToStringTest1000" />
    </UnitTest>
    <UnitTest name="FormatToStringTest1000 (22153.282278674324,22153.28 zł)" storage="c:\projekty\mstestproject\bin\debug\netcoreapp3.1\mstestproject.dll" id="b9d2ccdd-08f2-4e0f-8e44-96ad221c2977">
      <TestCategory>
        <TestCategoryItem TestCategory="Category1000" />
      </TestCategory>
      <Execution id="a4f239e3-de12-41b0-a1b3-0225166d4a03" />
      <TestMethod codeBase="C:\Projekty\MSTestProject\bin\Debug\netcoreapp3.1\MSTestProject.dll" adapterTypeName="executor://mstestadapter/v2" className="TwojeWesele.Services.Helpers.Tests.CurrencyHelperTests" name="FormatToStringTest1000" />
    </UnitTest>
    <UnitTest name="FormatToStringTest1000 (8013.1229931903645,8013.12 zł)" storage="c:\projekty\mstestproject\bin\debug\netcoreapp3.1\mstestproject.dll" id="9bd4ee7f-52d8-47ef-84a6-11c1ad5c1f44">
      <TestCategory>
        <TestCategoryItem TestCategory="Category1000" />
      </TestCategory>
      <Execution id="24d8c574-ec0f-446f-bc6a-f78b677b6645" />
      <TestMethod codeBase="C:\Projekty\MSTestProject\bin\Debug\netcoreapp3.1\MSTestProject.dll" adapterTypeName="executor://mstestadapter/v2" className="TwojeWesele.Services.Helpers.Tests.CurrencyHelperTests" name="FormatToStringTest1000" />
    </UnitTest>
    <UnitTest name="FormatToStringTest1000 (47437.74370917619,47437.74 zł)" storage="c:\projekty\mstestproject\bin\debug\netcoreapp3.1\mstestproject.dll" id="a3a3f5bd-4891-4664-b373-afd4b6e37a79">
      <TestCategory>
        <TestCategoryItem TestCategory="Category1000" />
      </TestCategory>
      <Execution id="65381a7e-7582-47fb-b31f-c926b3d05b1d" />
      <TestMethod codeBase="C:\Projekty\MSTestProject\bin\Debug\netcoreapp3.1\MSTestProject.dll" adapterTypeName="executor://mstestadapter/v2" className="TwojeWesele.Services.Helpers.Tests.CurrencyHelperTests" name="FormatToStringTest1000" />
    </UnitTest>
    <UnitTest name="FormatToStringTest1000 (22189.78731674132,22189.79 zł)" storage="c:\projekty\mstestproject\bin\debug\netcoreapp3.1\mstestproject.dll" id="04c953b9-0488-4aba-99f9-0d4af4abf0c7">
      <TestCategory>
        <TestCategoryItem TestCategory="Category1000" />
      </TestCategory>
      <Execution id="3be6f664-a67f-440d-b5b2-84a0b7134d07" />
      <TestMethod codeBase="C:\Projekty\MSTestProject\bin\Debug\netcoreapp3.1\MSTestProject.dll" adapterTypeName="executor://mstestadapter/v2" className="TwojeWesele.Services.Helpers.Tests.CurrencyHelperTests" name="FormatToStringTest1000" />
    </UnitTest>
    <UnitTest name="FormatToStringTest1000 (42728.35751444258,42728.36 zł)" storage="c:\projekty\mstestproject\bin\debug\netcoreapp3.1\mstestproject.dll" id="740d52e5-38d5-49f9-b581-00885e71dd23">
      <TestCategory>
        <TestCategoryItem TestCategory="Category1000" />
      </TestCategory>
      <Execution id="6bd762cd-6f86-487f-9ee1-40cde6614e68" />
      <TestMethod codeBase="C:\Projekty\MSTestProject\bin\Debug\netcoreapp3.1\MSTestProject.dll" adapterTypeName="executor://mstestadapter/v2" className="TwojeWesele.Services.Helpers.Tests.CurrencyHelperTests" name="FormatToStringTest1000" />
    </UnitTest>
    <UnitTest name="FormatToStringTest1000 (8514.837538072763,8514.84 zł)" storage="c:\projekty\mstestproject\bin\debug\netcoreapp3.1\mstestproject.dll" id="82e99376-ee78-41c8-b818-a2d06c53077e">
      <TestCategory>
        <TestCategoryItem TestCategory="Category1000" />
      </TestCategory>
      <Execution id="fdefbedd-0b42-4932-bed7-0c5fc912d389" />
      <TestMethod codeBase="C:\Projekty\MSTestProject\bin\Debug\netcoreapp3.1\MSTestProject.dll" adapterTypeName="executor://mstestadapter/v2" className="TwojeWesele.Services.Helpers.Tests.CurrencyHelperTests" name="FormatToStringTest1000" />
    </UnitTest>
    <UnitTest name="FormatToStringTest1000 (16190.113943164757,16190.11 zł)" storage="c:\projekty\mstestproject\bin\debug\netcoreapp3.1\mstestproject.dll" id="e9c96fa4-9216-46ad-88da-6f9b7b5b3144">
      <TestCategory>
        <TestCategoryItem TestCategory="Category1000" />
      </TestCategory>
      <Execution id="8ca5a55b-917e-4828-a037-8b5ae583b32b" />
      <TestMethod codeBase="C:\Projekty\MSTestProject\bin\Debug\netcoreapp3.1\MSTestProject.dll" adapterTypeName="executor://mstestadapter/v2" className="TwojeWesele.Services.Helpers.Tests.CurrencyHelperTests" name="FormatToStringTest1000" />
    </UnitTest>
    <UnitTest name="FormatToStringTest1000 (7975.276658828965,7975.28 zł)" storage="c:\projekty\mstestproject\bin\debug\netcoreapp3.1\mstestproject.dll" id="bd91615c-99a4-479d-99a0-d2fa80b168aa">
      <TestCategory>
        <TestCategoryItem TestCategory="Category1000" />
      </TestCategory>
      <Execution id="15092d43-a259-4b2a-99f2-3f020fee4824" />
      <TestMethod codeBase="C:\Projekty\MSTestProject\bin\Debug\netcoreapp3.1\MSTestProject.dll" adapterTypeName="executor://mstestadapter/v2" className="TwojeWesele.Services.Helpers.Tests.CurrencyHelperTests" name="FormatToStringTest1000" />
    </UnitTest>
    <UnitTest name="FormatToStringTest1000 (4857.211933034105,4857.21 zł)" storage="c:\projekty\mstestproject\bin\debug\netcoreapp3.1\mstestproject.dll" id="5ab73352-cd77-4dae-befb-b27c4178f3b7">
      <TestCategory>
        <TestCategoryItem TestCategory="Category1000" />
      </TestCategory>
      <Execution id="824286de-646f-4fd1-846c-c4c3a15b85bc" />
      <TestMethod codeBase="C:\Projekty\MSTestProject\bin\Debug\netcoreapp3.1\MSTestProject.dll" adapterTypeName="executor://mstestadapter/v2" className="TwojeWesele.Services.Helpers.Tests.CurrencyHelperTests" name="FormatToStringTest1000" />
    </UnitTest>
    <UnitTest name="FormatToStringTest1000 (8885.065440211942,8885.07 zł)" storage="c:\projekty\mstestproject\bin\debug\netcoreapp3.1\mstestproject.dll" id="cd095882-2cd7-4992-900e-9066f6f5a14e">
      <TestCategory>
        <TestCategoryItem TestCategory="Category1000" />
      </TestCategory>
      <Execution id="76a166c9-8ffb-45cf-bc24-ec292c2be192" />
      <TestMethod codeBase="C:\Projekty\MSTestProject\bin\Debug\netcoreapp3.1\MSTestProject.dll" adapterTypeName="executor://mstestadapter/v2" className="TwojeWesele.Services.Helpers.Tests.CurrencyHelperTests" name="FormatToStringTest1000" />
    </UnitTest>
    <UnitTest name="FormatToStringTest1000 (47964.941885361884,47964.94 zł)" storage="c:\projekty\mstestproject\bin\debug\netcoreapp3.1\mstestproject.dll" id="ec3a8ef2-ebf8-4181-a76a-f8052a3edd6e">
      <TestCategory>
        <TestCategoryItem TestCategory="Category1000" />
      </TestCategory>
      <Execution id="ae023767-e404-49c3-96d2-f33e1e0f4e0f" />
      <TestMethod codeBase="C:\Projekty\MSTestProject\bin\Debug\netcoreapp3.1\MSTestProject.dll" adapterTypeName="executor://mstestadapter/v2" className="TwojeWesele.Services.Helpers.Tests.CurrencyHelperTests" name="FormatToStringTest1000" />
    </UnitTest>
    <UnitTest name="FormatToStringTest1000 (5398.2412667191775,5398.24 zł)" storage="c:\projekty\mstestproject\bin\debug\netcoreapp3.1\mstestproject.dll" id="195751cb-4164-447f-82dc-9ddcd8f33e43">
      <TestCategory>
        <TestCategoryItem TestCategory="Category1000" />
      </TestCategory>
      <Execution id="09e7820b-3bf5-4fca-b8f3-0bd5bd20dfff" />
      <TestMethod codeBase="C:\Projekty\MSTestProject\bin\Debug\netcoreapp3.1\MSTestProject.dll" adapterTypeName="executor://mstestadapter/v2" className="TwojeWesele.Services.Helpers.Tests.CurrencyHelperTests" name="FormatToStringTest1000" />
    </UnitTest>
    <UnitTest name="FormatToStringTest1000 (39531.95190033268,39531.95 zł)" storage="c:\projekty\mstestproject\bin\debug\netcoreapp3.1\mstestproject.dll" id="3f7c2a6a-3290-446a-a820-d3546d388423">
      <TestCategory>
        <TestCategoryItem TestCategory="Category1000" />
      </TestCategory>
      <Execution id="fbceefa6-7128-46c7-9efa-96cea99c8013" />
      <TestMethod codeBase="C:\Projekty\MSTestProject\bin\Debug\netcoreapp3.1\MSTestProject.dll" adapterTypeName="executor://mstestadapter/v2" className="TwojeWesele.Services.Helpers.Tests.CurrencyHelperTests" name="FormatToStringTest1000" />
    </UnitTest>
    <UnitTest name="FormatToStringTest1000 (77904.0088552246,77904.01 zł)" storage="c:\projekty\mstestproject\bin\debug\netcoreapp3.1\mstestproject.dll" id="962d3615-d4de-4ce1-95b2-9f00fc6f8d5a">
      <TestCategory>
        <TestCategoryItem TestCategory="Category1000" />
      </TestCategory>
      <Execution id="395d3bbd-fe11-4e04-87b2-702d89302100" />
      <TestMethod codeBase="C:\Projekty\MSTestProject\bin\Debug\netcoreapp3.1\MSTestProject.dll" adapterTypeName="executor://mstestadapter/v2" className="TwojeWesele.Services.Helpers.Tests.CurrencyHelperTests" name="FormatToStringTest1000" />
    </UnitTest>
    <UnitTest name="FormatToStringTest1000 (55010.474927814896,55010.47 zł)" storage="c:\projekty\mstestproject\bin\debug\netcoreapp3.1\mstestproject.dll" id="6db3fa06-24bf-4fd6-9195-e6efe6ec7262">
      <TestCategory>
        <TestCategoryItem TestCategory="Category1000" />
      </TestCategory>
      <Execution id="175a2a8a-618f-45d7-830d-9c52bd8f9b23" />
      <TestMethod codeBase="C:\Projekty\MSTestProject\bin\Debug\netcoreapp3.1\MSTestProject.dll" adapterTypeName="executor://mstestadapter/v2" className="TwojeWesele.Services.Helpers.Tests.CurrencyHelperTests" name="FormatToStringTest1000" />
    </UnitTest>
    <UnitTest name="FormatToStringTest1000 (52810.91713865516,52810.92 zł)" storage="c:\projekty\mstestproject\bin\debug\netcoreapp3.1\mstestproject.dll" id="e7189492-dea5-4b20-ae82-41d08c14371a">
      <TestCategory>
        <TestCategoryItem TestCategory="Category1000" />
      </TestCategory>
      <Execution id="1c261d3c-158d-4cef-b2cb-c222fb8aa341" />
      <TestMethod codeBase="C:\Projekty\MSTestProject\bin\Debug\netcoreapp3.1\MSTestProject.dll" adapterTypeName="executor://mstestadapter/v2" className="TwojeWesele.Services.Helpers.Tests.CurrencyHelperTests" name="FormatToStringTest1000" />
    </UnitTest>
    <UnitTest name="FormatToStringTest1000 (11022.594234092438,11022.59 zł)" storage="c:\projekty\mstestproject\bin\debug\netcoreapp3.1\mstestproject.dll" id="15556fb0-29e6-4691-b922-46d8ba60d8db">
      <TestCategory>
        <TestCategoryItem TestCategory="Category1000" />
      </TestCategory>
      <Execution id="eb09cc5d-b1cc-4ad8-8b1b-813fdf9ae2ba" />
      <TestMethod codeBase="C:\Projekty\MSTestProject\bin\Debug\netcoreapp3.1\MSTestProject.dll" adapterTypeName="executor://mstestadapter/v2" className="TwojeWesele.Services.Helpers.Tests.CurrencyHelperTests" name="FormatToStringTest1000" />
    </UnitTest>
    <UnitTest name="FormatToStringTest1000 (5317.9582678023535,5317.96 zł)" storage="c:\projekty\mstestproject\bin\debug\netcoreapp3.1\mstestproject.dll" id="cb459307-6f1c-43e6-b22a-706e8fe08283">
      <TestCategory>
        <TestCategoryItem TestCategory="Category1000" />
      </TestCategory>
      <Execution id="ea2da77a-ba3d-4ed3-a6d1-9543414ed6d7" />
      <TestMethod codeBase="C:\Projekty\MSTestProject\bin\Debug\netcoreapp3.1\MSTestProject.dll" adapterTypeName="executor://mstestadapter/v2" className="TwojeWesele.Services.Helpers.Tests.CurrencyHelperTests" name="FormatToStringTest1000" />
    </UnitTest>
    <UnitTest name="FormatToStringTest1000 (75987.03378503352,75987.03 zł)" storage="c:\projekty\mstestproject\bin\debug\netcoreapp3.1\mstestproject.dll" id="cac7b69d-e1ca-463f-a1ca-3425b90a1f7c">
      <TestCategory>
        <TestCategoryItem TestCategory="Category1000" />
      </TestCategory>
      <Execution id="0b80d8fb-85d7-409b-8385-15ac28a964de" />
      <TestMethod codeBase="C:\Projekty\MSTestProject\bin\Debug\netcoreapp3.1\MSTestProject.dll" adapterTypeName="executor://mstestadapter/v2" className="TwojeWesele.Services.Helpers.Tests.CurrencyHelperTests" name="FormatToStringTest1000" />
    </UnitTest>
    <UnitTest name="FormatToStringTest1000 (31805.23430354532,31805.23 zł)" storage="c:\projekty\mstestproject\bin\debug\netcoreapp3.1\mstestproject.dll" id="d89ac6e8-b67d-4cb4-ada2-655ab236e300">
      <TestCategory>
        <TestCategoryItem TestCategory="Category1000" />
      </TestCategory>
      <Execution id="fa6849eb-3f40-478e-b1bc-e0f0b4ea413a" />
      <TestMethod codeBase="C:\Projekty\MSTestProject\bin\Debug\netcoreapp3.1\MSTestProject.dll" adapterTypeName="executor://mstestadapter/v2" className="TwojeWesele.Services.Helpers.Tests.CurrencyHelperTests" name="FormatToStringTest1000" />
    </UnitTest>
    <UnitTest name="FormatToStringTest1000 (3043.6828298227315,3043.68 zł)" storage="c:\projekty\mstestproject\bin\debug\netcoreapp3.1\mstestproject.dll" id="4424ff45-86de-487b-bb3b-982417afcce3">
      <TestCategory>
        <TestCategoryItem TestCategory="Category1000" />
      </TestCategory>
      <Execution id="ac4c02fe-92e0-42b4-b3d9-b15f4751e4d3" />
      <TestMethod codeBase="C:\Projekty\MSTestProject\bin\Debug\netcoreapp3.1\MSTestProject.dll" adapterTypeName="executor://mstestadapter/v2" className="TwojeWesele.Services.Helpers.Tests.CurrencyHelperTests" name="FormatToStringTest1000" />
    </UnitTest>
    <UnitTest name="FormatToStringTest1000 (12308.022158465357,12308.02 zł)" storage="c:\projekty\mstestproject\bin\debug\netcoreapp3.1\mstestproject.dll" id="bb2b3f77-dfd6-4a71-a7f9-8b43b75e3db0">
      <TestCategory>
        <TestCategoryItem TestCategory="Category1000" />
      </TestCategory>
      <Execution id="fb344d83-8e8c-4e47-9d73-a816bd7cb4e3" />
      <TestMethod codeBase="C:\Projekty\MSTestProject\bin\Debug\netcoreapp3.1\MSTestProject.dll" adapterTypeName="executor://mstestadapter/v2" className="TwojeWesele.Services.Helpers.Tests.CurrencyHelperTests" name="FormatToStringTest1000" />
    </UnitTest>
    <UnitTest name="FormatToStringTest1000 (9774.341362926803,9774.34 zł)" storage="c:\projekty\mstestproject\bin\debug\netcoreapp3.1\mstestproject.dll" id="fb0fa86f-4223-4957-84c6-630108e56229">
      <TestCategory>
        <TestCategoryItem TestCategory="Category1000" />
      </TestCategory>
      <Execution id="e3a76afa-99fb-4a2c-a279-46fb2d8910a7" />
      <TestMethod codeBase="C:\Projekty\MSTestProject\bin\Debug\netcoreapp3.1\MSTestProject.dll" adapterTypeName="executor://mstestadapter/v2" className="TwojeWesele.Services.Helpers.Tests.CurrencyHelperTests" name="FormatToStringTest1000" />
    </UnitTest>
    <UnitTest name="FormatToStringTest1000 (6057.842750804426,6057.84 zł)" storage="c:\projekty\mstestproject\bin\debug\netcoreapp3.1\mstestproject.dll" id="268d8f7d-168a-4f50-98f1-93e0c77e5497">
      <TestCategory>
        <TestCategoryItem TestCategory="Category1000" />
      </TestCategory>
      <Execution id="ff1d10c5-d7c5-477c-ab5c-c1e580f5c6cd" />
      <TestMethod codeBase="C:\Projekty\MSTestProject\bin\Debug\netcoreapp3.1\MSTestProject.dll" adapterTypeName="executor://mstestadapter/v2" className="TwojeWesele.Services.Helpers.Tests.CurrencyHelperTests" name="FormatToStringTest1000" />
    </UnitTest>
    <UnitTest name="FormatToStringTest1000 (5810.695934967462,5810.70 zł)" storage="c:\projekty\mstestproject\bin\debug\netcoreapp3.1\mstestproject.dll" id="96928c80-d969-49c9-b82e-163bf25ccefa">
      <TestCategory>
        <TestCategoryItem TestCategory="Category1000" />
      </TestCategory>
      <Execution id="a814d519-a068-4f47-b52f-ce7e661aa761" />
      <TestMethod codeBase="C:\Projekty\MSTestProject\bin\Debug\netcoreapp3.1\MSTestProject.dll" adapterTypeName="executor://mstestadapter/v2" className="TwojeWesele.Services.Helpers.Tests.CurrencyHelperTests" name="FormatToStringTest1000" />
    </UnitTest>
    <UnitTest name="FormatToStringTest1000 (25036.98767214035,25036.99 zł)" storage="c:\projekty\mstestproject\bin\debug\netcoreapp3.1\mstestproject.dll" id="da4d8477-fd67-4e2d-bf8e-d34601926420">
      <TestCategory>
        <TestCategoryItem TestCategory="Category1000" />
      </TestCategory>
      <Execution id="0be8ae02-9789-435d-9233-30864f3a76e9" />
      <TestMethod codeBase="C:\Projekty\MSTestProject\bin\Debug\netcoreapp3.1\MSTestProject.dll" adapterTypeName="executor://mstestadapter/v2" className="TwojeWesele.Services.Helpers.Tests.CurrencyHelperTests" name="FormatToStringTest1000" />
    </UnitTest>
    <UnitTest name="FormatToStringTest1000 (45739.569854490255,45739.57 zł)" storage="c:\projekty\mstestproject\bin\debug\netcoreapp3.1\mstestproject.dll" id="bdfc16e4-717a-4cb3-9c92-add16decc32c">
      <TestCategory>
        <TestCategoryItem TestCategory="Category1000" />
      </TestCategory>
      <Execution id="0ef14a24-8760-4997-9256-d165bc013b2c" />
      <TestMethod codeBase="C:\Projekty\MSTestProject\bin\Debug\netcoreapp3.1\MSTestProject.dll" adapterTypeName="executor://mstestadapter/v2" className="TwojeWesele.Services.Helpers.Tests.CurrencyHelperTests" name="FormatToStringTest1000" />
    </UnitTest>
    <UnitTest name="FormatToStringTest1000 (1884.4923513031063,1884.49 zł)" storage="c:\projekty\mstestproject\bin\debug\netcoreapp3.1\mstestproject.dll" id="c028af0c-7532-4e15-bece-8c0d88af74f7">
      <TestCategory>
        <TestCategoryItem TestCategory="Category1000" />
      </TestCategory>
      <Execution id="e8466646-cafc-4ab3-a0ee-11249fce945c" />
      <TestMethod codeBase="C:\Projekty\MSTestProject\bin\Debug\netcoreapp3.1\MSTestProject.dll" adapterTypeName="executor://mstestadapter/v2" className="TwojeWesele.Services.Helpers.Tests.CurrencyHelperTests" name="FormatToStringTest1000" />
    </UnitTest>
    <UnitTest name="FormatToStringTest1000 (11175.438820935526,11175.44 zł)" storage="c:\projekty\mstestproject\bin\debug\netcoreapp3.1\mstestproject.dll" id="d4f25efa-b4aa-4ab0-b28a-9553f0aa39c8">
      <TestCategory>
        <TestCategoryItem TestCategory="Category1000" />
      </TestCategory>
      <Execution id="836e4b7d-f27d-49af-8055-ad5f1e3fd0e2" />
      <TestMethod codeBase="C:\Projekty\MSTestProject\bin\Debug\netcoreapp3.1\MSTestProject.dll" adapterTypeName="executor://mstestadapter/v2" className="TwojeWesele.Services.Helpers.Tests.CurrencyHelperTests" name="FormatToStringTest1000" />
    </UnitTest>
    <UnitTest name="FormatToStringTest1000 (15396.537902579894,15396.54 zł)" storage="c:\projekty\mstestproject\bin\debug\netcoreapp3.1\mstestproject.dll" id="cfc6d21a-3960-4b34-b1cc-910fdd478518">
      <TestCategory>
        <TestCategoryItem TestCategory="Category1000" />
      </TestCategory>
      <Execution id="c53cc1b7-a9af-45d0-868e-4852ae957ef9" />
      <TestMethod codeBase="C:\Projekty\MSTestProject\bin\Debug\netcoreapp3.1\MSTestProject.dll" adapterTypeName="executor://mstestadapter/v2" className="TwojeWesele.Services.Helpers.Tests.CurrencyHelperTests" name="FormatToStringTest1000" />
    </UnitTest>
    <UnitTest name="FormatToStringTest1000 (10661.19584154207,10661.20 zł)" storage="c:\projekty\mstestproject\bin\debug\netcoreapp3.1\mstestproject.dll" id="a3bf6aea-33eb-4519-adf7-402b7382f52d">
      <TestCategory>
        <TestCategoryItem TestCategory="Category1000" />
      </TestCategory>
      <Execution id="28110d52-4de3-490c-82e8-02708b9968e1" />
      <TestMethod codeBase="C:\Projekty\MSTestProject\bin\Debug\netcoreapp3.1\MSTestProject.dll" adapterTypeName="executor://mstestadapter/v2" className="TwojeWesele.Services.Helpers.Tests.CurrencyHelperTests" name="FormatToStringTest1000" />
    </UnitTest>
    <UnitTest name="FormatToStringTest1000 (4652.407073443945,4652.41 zł)" storage="c:\projekty\mstestproject\bin\debug\netcoreapp3.1\mstestproject.dll" id="9e6993de-9509-4f45-b0a5-842251fb54f7">
      <TestCategory>
        <TestCategoryItem TestCategory="Category1000" />
      </TestCategory>
      <Execution id="ef8e8e4e-402a-4924-97fc-3d56939840c7" />
      <TestMethod codeBase="C:\Projekty\MSTestProject\bin\Debug\netcoreapp3.1\MSTestProject.dll" adapterTypeName="executor://mstestadapter/v2" className="TwojeWesele.Services.Helpers.Tests.CurrencyHelperTests" name="FormatToStringTest1000" />
    </UnitTest>
    <UnitTest name="FormatToStringTest1000 (28579.14698705503,28579.15 zł)" storage="c:\projekty\mstestproject\bin\debug\netcoreapp3.1\mstestproject.dll" id="36ff243c-b24b-4cc4-9e4a-af8b07c72d11">
      <TestCategory>
        <TestCategoryItem TestCategory="Category1000" />
      </TestCategory>
      <Execution id="3b94952b-6cb5-46dd-a2bb-4fd4122ffa67" />
      <TestMethod codeBase="C:\Projekty\MSTestProject\bin\Debug\netcoreapp3.1\MSTestProject.dll" adapterTypeName="executor://mstestadapter/v2" className="TwojeWesele.Services.Helpers.Tests.CurrencyHelperTests" name="FormatToStringTest1000" />
    </UnitTest>
    <UnitTest name="FormatToStringTest1000 (2039.440966411699,2039.44 zł)" storage="c:\projekty\mstestproject\bin\debug\netcoreapp3.1\mstestproject.dll" id="b3d60164-71ab-457c-b4aa-7c8e59ee914f">
      <TestCategory>
        <TestCategoryItem TestCategory="Category1000" />
      </TestCategory>
      <Execution id="8952325d-8773-487c-a22e-e8dd1a98f06a" />
      <TestMethod codeBase="C:\Projekty\MSTestProject\bin\Debug\netcoreapp3.1\MSTestProject.dll" adapterTypeName="executor://mstestadapter/v2" className="TwojeWesele.Services.Helpers.Tests.CurrencyHelperTests" name="FormatToStringTest1000" />
    </UnitTest>
    <UnitTest name="FormatToStringTest1000 (6676.5680544784145,6676.57 zł)" storage="c:\projekty\mstestproject\bin\debug\netcoreapp3.1\mstestproject.dll" id="fadaf4f0-4f83-47c6-8a3e-f0e02a2f2eb1">
      <TestCategory>
        <TestCategoryItem TestCategory="Category1000" />
      </TestCategory>
      <Execution id="fa583a7e-47a3-42ca-a0d9-d9c4e45f8058" />
      <TestMethod codeBase="C:\Projekty\MSTestProject\bin\Debug\netcoreapp3.1\MSTestProject.dll" adapterTypeName="executor://mstestadapter/v2" className="TwojeWesele.Services.Helpers.Tests.CurrencyHelperTests" name="FormatToStringTest1000" />
    </UnitTest>
    <UnitTest name="FormatToStringTest1000 (35905.47425787219,35905.47 zł)" storage="c:\projekty\mstestproject\bin\debug\netcoreapp3.1\mstestproject.dll" id="082ab218-e510-4568-8703-04a6216d7129">
      <TestCategory>
        <TestCategoryItem TestCategory="Category1000" />
      </TestCategory>
      <Execution id="a44da675-981b-420a-9756-b7acee272b9e" />
      <TestMethod codeBase="C:\Projekty\MSTestProject\bin\Debug\netcoreapp3.1\MSTestProject.dll" adapterTypeName="executor://mstestadapter/v2" className="TwojeWesele.Services.Helpers.Tests.CurrencyHelperTests" name="FormatToStringTest1000" />
    </UnitTest>
    <UnitTest name="FormatToStringTest1000 (6820.105136090938,6820.11 zł)" storage="c:\projekty\mstestproject\bin\debug\netcoreapp3.1\mstestproject.dll" id="26576eac-6e90-4e44-b7ab-c8eeb2524195">
      <TestCategory>
        <TestCategoryItem TestCategory="Category1000" />
      </TestCategory>
      <Execution id="5707b64f-855e-4d32-9b8f-c46a2c5741e9" />
      <TestMethod codeBase="C:\Projekty\MSTestProject\bin\Debug\netcoreapp3.1\MSTestProject.dll" adapterTypeName="executor://mstestadapter/v2" className="TwojeWesele.Services.Helpers.Tests.CurrencyHelperTests" name="FormatToStringTest1000" />
    </UnitTest>
    <UnitTest name="FormatToStringTest1000 (64490.52771614982,64490.53 zł)" storage="c:\projekty\mstestproject\bin\debug\netcoreapp3.1\mstestproject.dll" id="229df4fa-24fb-4371-84d1-6cf6a7440f4d">
      <TestCategory>
        <TestCategoryItem TestCategory="Category1000" />
      </TestCategory>
      <Execution id="456f8546-0b4d-4d6e-8509-86a90e5809e8" />
      <TestMethod codeBase="C:\Projekty\MSTestProject\bin\Debug\netcoreapp3.1\MSTestProject.dll" adapterTypeName="executor://mstestadapter/v2" className="TwojeWesele.Services.Helpers.Tests.CurrencyHelperTests" name="FormatToStringTest1000" />
    </UnitTest>
    <UnitTest name="FormatToStringTest1000 (56378.261944644735,56378.26 zł)" storage="c:\projekty\mstestproject\bin\debug\netcoreapp3.1\mstestproject.dll" id="49d75dd0-85fa-4167-8841-4c97a11b5eae">
      <TestCategory>
        <TestCategoryItem TestCategory="Category1000" />
      </TestCategory>
      <Execution id="2b4df13e-2416-4552-bb8f-5b5035893341" />
      <TestMethod codeBase="C:\Projekty\MSTestProject\bin\Debug\netcoreapp3.1\MSTestProject.dll" adapterTypeName="executor://mstestadapter/v2" className="TwojeWesele.Services.Helpers.Tests.CurrencyHelperTests" name="FormatToStringTest1000" />
    </UnitTest>
    <UnitTest name="FormatToStringTest1000 (3846.644792262765,3846.64 zł)" storage="c:\projekty\mstestproject\bin\debug\netcoreapp3.1\mstestproject.dll" id="a4581571-7a50-4775-b67c-8bbee8ea0e7b">
      <TestCategory>
        <TestCategoryItem TestCategory="Category1000" />
      </TestCategory>
      <Execution id="7e4c5a17-245c-48b9-9bbf-6686b19ac3a0" />
      <TestMethod codeBase="C:\Projekty\MSTestProject\bin\Debug\netcoreapp3.1\MSTestProject.dll" adapterTypeName="executor://mstestadapter/v2" className="TwojeWesele.Services.Helpers.Tests.CurrencyHelperTests" name="FormatToStringTest1000" />
    </UnitTest>
    <UnitTest name="FormatToStringTest1000 (45603.90324273142,45603.90 zł)" storage="c:\projekty\mstestproject\bin\debug\netcoreapp3.1\mstestproject.dll" id="b71bb5e8-ff42-4fe8-8509-50330d20bb08">
      <TestCategory>
        <TestCategoryItem TestCategory="Category1000" />
      </TestCategory>
      <Execution id="ff539965-08de-4369-8782-315ab9ec0939" />
      <TestMethod codeBase="C:\Projekty\MSTestProject\bin\Debug\netcoreapp3.1\MSTestProject.dll" adapterTypeName="executor://mstestadapter/v2" className="TwojeWesele.Services.Helpers.Tests.CurrencyHelperTests" name="FormatToStringTest1000" />
    </UnitTest>
    <UnitTest name="FormatToStringTest1000 (37889.10086727193,37889.10 zł)" storage="c:\projekty\mstestproject\bin\debug\netcoreapp3.1\mstestproject.dll" id="4688dcf0-edbd-4c1a-8cd1-ce225cc31d24">
      <TestCategory>
        <TestCategoryItem TestCategory="Category1000" />
      </TestCategory>
      <Execution id="11e9ec96-78be-4a99-b50b-673687be1576" />
      <TestMethod codeBase="C:\Projekty\MSTestProject\bin\Debug\netcoreapp3.1\MSTestProject.dll" adapterTypeName="executor://mstestadapter/v2" className="TwojeWesele.Services.Helpers.Tests.CurrencyHelperTests" name="FormatToStringTest1000" />
    </UnitTest>
    <UnitTest name="FormatToStringTest1000 (31622.81414407809,31622.81 zł)" storage="c:\projekty\mstestproject\bin\debug\netcoreapp3.1\mstestproject.dll" id="909d73bf-f8b8-4829-9581-fd8ea31fbef8">
      <TestCategory>
        <TestCategoryItem TestCategory="Category1000" />
      </TestCategory>
      <Execution id="af70ea9d-c460-4fb0-8028-d17a23a0fa66" />
      <TestMethod codeBase="C:\Projekty\MSTestProject\bin\Debug\netcoreapp3.1\MSTestProject.dll" adapterTypeName="executor://mstestadapter/v2" className="TwojeWesele.Services.Helpers.Tests.CurrencyHelperTests" name="FormatToStringTest1000" />
    </UnitTest>
    <UnitTest name="FormatToStringTest1000 (9657.360676611475,9657.36 zł)" storage="c:\projekty\mstestproject\bin\debug\netcoreapp3.1\mstestproject.dll" id="c96158af-4707-43a1-bd56-33474d853446">
      <TestCategory>
        <TestCategoryItem TestCategory="Category1000" />
      </TestCategory>
      <Execution id="0d9b1215-fb5a-403d-81d1-4cefc23daedf" />
      <TestMethod codeBase="C:\Projekty\MSTestProject\bin\Debug\netcoreapp3.1\MSTestProject.dll" adapterTypeName="executor://mstestadapter/v2" className="TwojeWesele.Services.Helpers.Tests.CurrencyHelperTests" name="FormatToStringTest1000" />
    </UnitTest>
    <UnitTest name="FormatToStringTest1000 (19189.32381924117,19189.32 zł)" storage="c:\projekty\mstestproject\bin\debug\netcoreapp3.1\mstestproject.dll" id="a80e0c1d-0294-4d77-9933-57522eb913cc">
      <TestCategory>
        <TestCategoryItem TestCategory="Category1000" />
      </TestCategory>
      <Execution id="7eaf9daf-c663-4ea7-9df0-e7b4e861fc64" />
      <TestMethod codeBase="C:\Projekty\MSTestProject\bin\Debug\netcoreapp3.1\MSTestProject.dll" adapterTypeName="executor://mstestadapter/v2" className="TwojeWesele.Services.Helpers.Tests.CurrencyHelperTests" name="FormatToStringTest1000" />
    </UnitTest>
    <UnitTest name="FormatToStringTest1000 (54578.37303904275,54578.37 zł)" storage="c:\projekty\mstestproject\bin\debug\netcoreapp3.1\mstestproject.dll" id="cccd6a39-c984-4562-8299-78159039fe96">
      <TestCategory>
        <TestCategoryItem TestCategory="Category1000" />
      </TestCategory>
      <Execution id="ba2eeb5f-c1e4-4a6d-bcea-abd63e4c078a" />
      <TestMethod codeBase="C:\Projekty\MSTestProject\bin\Debug\netcoreapp3.1\MSTestProject.dll" adapterTypeName="executor://mstestadapter/v2" className="TwojeWesele.Services.Helpers.Tests.CurrencyHelperTests" name="FormatToStringTest1000" />
    </UnitTest>
    <UnitTest name="FormatToStringTest1000 (317.9090540706688,317.91 zł)" storage="c:\projekty\mstestproject\bin\debug\netcoreapp3.1\mstestproject.dll" id="57c7c851-5395-4b1a-8031-d01941fb7b0e">
      <TestCategory>
        <TestCategoryItem TestCategory="Category1000" />
      </TestCategory>
      <Execution id="1777cbfc-83ac-4cc0-bc16-f102e6a574e1" />
      <TestMethod codeBase="C:\Projekty\MSTestProject\bin\Debug\netcoreapp3.1\MSTestProject.dll" adapterTypeName="executor://mstestadapter/v2" className="TwojeWesele.Services.Helpers.Tests.CurrencyHelperTests" name="FormatToStringTest1000" />
    </UnitTest>
    <UnitTest name="FormatToStringTest1000 (13455.521105358153,13455.52 zł)" storage="c:\projekty\mstestproject\bin\debug\netcoreapp3.1\mstestproject.dll" id="1fc447f6-fab4-4df5-be21-935380894854">
      <TestCategory>
        <TestCategoryItem TestCategory="Category1000" />
      </TestCategory>
      <Execution id="aa71b242-0548-41cd-ae50-46102b4cffd1" />
      <TestMethod codeBase="C:\Projekty\MSTestProject\bin\Debug\netcoreapp3.1\MSTestProject.dll" adapterTypeName="executor://mstestadapter/v2" className="TwojeWesele.Services.Helpers.Tests.CurrencyHelperTests" name="FormatToStringTest1000" />
    </UnitTest>
    <UnitTest name="FormatToStringTest1000 (14003.84591249742,14003.85 zł)" storage="c:\projekty\mstestproject\bin\debug\netcoreapp3.1\mstestproject.dll" id="1c44df78-b7f1-4c52-9870-43e03d94ed5a">
      <TestCategory>
        <TestCategoryItem TestCategory="Category1000" />
      </TestCategory>
      <Execution id="a6b87e38-0f90-42b5-bbd5-a967e9d8f1d7" />
      <TestMethod codeBase="C:\Projekty\MSTestProject\bin\Debug\netcoreapp3.1\MSTestProject.dll" adapterTypeName="executor://mstestadapter/v2" className="TwojeWesele.Services.Helpers.Tests.CurrencyHelperTests" name="FormatToStringTest1000" />
    </UnitTest>
    <UnitTest name="FormatToStringTest1000 (16688.70569393677,16688.71 zł)" storage="c:\projekty\mstestproject\bin\debug\netcoreapp3.1\mstestproject.dll" id="ab16f1d5-aff8-4a2e-aa1d-9879feafb1c7">
      <TestCategory>
        <TestCategoryItem TestCategory="Category1000" />
      </TestCategory>
      <Execution id="1b2162b1-07a1-40bb-b158-d349932eccee" />
      <TestMethod codeBase="C:\Projekty\MSTestProject\bin\Debug\netcoreapp3.1\MSTestProject.dll" adapterTypeName="executor://mstestadapter/v2" className="TwojeWesele.Services.Helpers.Tests.CurrencyHelperTests" name="FormatToStringTest1000" />
    </UnitTest>
    <UnitTest name="FormatToStringTest1000 (151.50737175275916,151.51 zł)" storage="c:\projekty\mstestproject\bin\debug\netcoreapp3.1\mstestproject.dll" id="64fa3ac2-c21e-47e8-aa83-a5bf06c21578">
      <TestCategory>
        <TestCategoryItem TestCategory="Category1000" />
      </TestCategory>
      <Execution id="bfb7c828-fe3b-4ff7-981f-18fdf8831825" />
      <TestMethod codeBase="C:\Projekty\MSTestProject\bin\Debug\netcoreapp3.1\MSTestProject.dll" adapterTypeName="executor://mstestadapter/v2" className="TwojeWesele.Services.Helpers.Tests.CurrencyHelperTests" name="FormatToStringTest1000" />
    </UnitTest>
    <UnitTest name="FormatToStringTest1000 (56373.35086238494,56373.35 zł)" storage="c:\projekty\mstestproject\bin\debug\netcoreapp3.1\mstestproject.dll" id="49319476-06f3-48f2-9ed0-8e657e662019">
      <TestCategory>
        <TestCategoryItem TestCategory="Category1000" />
      </TestCategory>
      <Execution id="d56b4f8f-b9d2-4ae8-b951-40798390418e" />
      <TestMethod codeBase="C:\Projekty\MSTestProject\bin\Debug\netcoreapp3.1\MSTestProject.dll" adapterTypeName="executor://mstestadapter/v2" className="TwojeWesele.Services.Helpers.Tests.CurrencyHelperTests" name="FormatToStringTest1000" />
    </UnitTest>
    <UnitTest name="FormatToStringTest1000 (11944.74385168531,11944.74 zł)" storage="c:\projekty\mstestproject\bin\debug\netcoreapp3.1\mstestproject.dll" id="d07610da-54c5-4c34-8661-83d841bdd124">
      <TestCategory>
        <TestCategoryItem TestCategory="Category1000" />
      </TestCategory>
      <Execution id="07e0dbf8-9e49-4257-b64b-dc7402db192a" />
      <TestMethod codeBase="C:\Projekty\MSTestProject\bin\Debug\netcoreapp3.1\MSTestProject.dll" adapterTypeName="executor://mstestadapter/v2" className="TwojeWesele.Services.Helpers.Tests.CurrencyHelperTests" name="FormatToStringTest1000" />
    </UnitTest>
    <UnitTest name="FormatToStringTest1000 (36969.98585167247,36969.99 zł)" storage="c:\projekty\mstestproject\bin\debug\netcoreapp3.1\mstestproject.dll" id="800d1d99-c9cf-4abe-80dd-6e3bb3f3ff9f">
      <TestCategory>
        <TestCategoryItem TestCategory="Category1000" />
      </TestCategory>
      <Execution id="41c12bd9-eafd-4e06-9606-ef30ea4dbf59" />
      <TestMethod codeBase="C:\Projekty\MSTestProject\bin\Debug\netcoreapp3.1\MSTestProject.dll" adapterTypeName="executor://mstestadapter/v2" className="TwojeWesele.Services.Helpers.Tests.CurrencyHelperTests" name="FormatToStringTest1000" />
    </UnitTest>
    <UnitTest name="FormatToStringTest1000 (15337.485230751097,15337.49 zł)" storage="c:\projekty\mstestproject\bin\debug\netcoreapp3.1\mstestproject.dll" id="3f938a86-cdfd-4380-9180-b983d8c86045">
      <TestCategory>
        <TestCategoryItem TestCategory="Category1000" />
      </TestCategory>
      <Execution id="a3e5f8ac-bafa-4aa3-8673-36efd6fdb3f3" />
      <TestMethod codeBase="C:\Projekty\MSTestProject\bin\Debug\netcoreapp3.1\MSTestProject.dll" adapterTypeName="executor://mstestadapter/v2" className="TwojeWesele.Services.Helpers.Tests.CurrencyHelperTests" name="FormatToStringTest1000" />
    </UnitTest>
    <UnitTest name="FormatToStringTest1000 (93775.33090185716,93775.33 zł)" storage="c:\projekty\mstestproject\bin\debug\netcoreapp3.1\mstestproject.dll" id="26414ecc-8cd5-485e-a20e-4f5a4f44ac7d">
      <TestCategory>
        <TestCategoryItem TestCategory="Category1000" />
      </TestCategory>
      <Execution id="1c710f46-f29b-4616-a68b-12f09511313f" />
      <TestMethod codeBase="C:\Projekty\MSTestProject\bin\Debug\netcoreapp3.1\MSTestProject.dll" adapterTypeName="executor://mstestadapter/v2" className="TwojeWesele.Services.Helpers.Tests.CurrencyHelperTests" name="FormatToStringTest1000" />
    </UnitTest>
    <UnitTest name="FormatToStringTest1000 (36651.05802063414,36651.06 zł)" storage="c:\projekty\mstestproject\bin\debug\netcoreapp3.1\mstestproject.dll" id="d5e9f9a4-c911-4a3f-aa95-79b51584a36d">
      <TestCategory>
        <TestCategoryItem TestCategory="Category1000" />
      </TestCategory>
      <Execution id="6fe1bab1-740c-4c73-a889-36a3f2e5bdd8" />
      <TestMethod codeBase="C:\Projekty\MSTestProject\bin\Debug\netcoreapp3.1\MSTestProject.dll" adapterTypeName="executor://mstestadapter/v2" className="TwojeWesele.Services.Helpers.Tests.CurrencyHelperTests" name="FormatToStringTest1000" />
    </UnitTest>
    <UnitTest name="FormatToStringTest1000 (22017.250119325356,22017.25 zł)" storage="c:\projekty\mstestproject\bin\debug\netcoreapp3.1\mstestproject.dll" id="85e82076-f803-4956-9c3b-20494be1368f">
      <TestCategory>
        <TestCategoryItem TestCategory="Category1000" />
      </TestCategory>
      <Execution id="435dc33a-6c25-4356-be4e-ec49c1d4e569" />
      <TestMethod codeBase="C:\Projekty\MSTestProject\bin\Debug\netcoreapp3.1\MSTestProject.dll" adapterTypeName="executor://mstestadapter/v2" className="TwojeWesele.Services.Helpers.Tests.CurrencyHelperTests" name="FormatToStringTest1000" />
    </UnitTest>
    <UnitTest name="FormatToStringTest1000 (50664.01951024869,50664.02 zł)" storage="c:\projekty\mstestproject\bin\debug\netcoreapp3.1\mstestproject.dll" id="63b7b1c2-a9c2-4ee1-b599-c78db37e5ccd">
      <TestCategory>
        <TestCategoryItem TestCategory="Category1000" />
      </TestCategory>
      <Execution id="819c53eb-7159-4ad2-97bd-961606a644a4" />
      <TestMethod codeBase="C:\Projekty\MSTestProject\bin\Debug\netcoreapp3.1\MSTestProject.dll" adapterTypeName="executor://mstestadapter/v2" className="TwojeWesele.Services.Helpers.Tests.CurrencyHelperTests" name="FormatToStringTest1000" />
    </UnitTest>
    <UnitTest name="FormatToStringTest1000 (58111.21259843521,58111.21 zł)" storage="c:\projekty\mstestproject\bin\debug\netcoreapp3.1\mstestproject.dll" id="1b309f25-d1e1-40bd-a7d4-a1272094110d">
      <TestCategory>
        <TestCategoryItem TestCategory="Category1000" />
      </TestCategory>
      <Execution id="0090eeb8-7e8a-42b2-a8d3-276c2c501a58" />
      <TestMethod codeBase="C:\Projekty\MSTestProject\bin\Debug\netcoreapp3.1\MSTestProject.dll" adapterTypeName="executor://mstestadapter/v2" className="TwojeWesele.Services.Helpers.Tests.CurrencyHelperTests" name="FormatToStringTest1000" />
    </UnitTest>
    <UnitTest name="FormatToStringTest1000 (20737.251994218328,20737.25 zł)" storage="c:\projekty\mstestproject\bin\debug\netcoreapp3.1\mstestproject.dll" id="afb64020-f520-4091-b41f-18dc023a679b">
      <TestCategory>
        <TestCategoryItem TestCategory="Category1000" />
      </TestCategory>
      <Execution id="3d886f1f-c2c4-4dfd-99c0-e8c5ee4dcf9c" />
      <TestMethod codeBase="C:\Projekty\MSTestProject\bin\Debug\netcoreapp3.1\MSTestProject.dll" adapterTypeName="executor://mstestadapter/v2" className="TwojeWesele.Services.Helpers.Tests.CurrencyHelperTests" name="FormatToStringTest1000" />
    </UnitTest>
    <UnitTest name="FormatToStringTest1000 (12759.925747307914,12759.93 zł)" storage="c:\projekty\mstestproject\bin\debug\netcoreapp3.1\mstestproject.dll" id="1f3819d1-36c5-4edf-94a8-57fc7a09357c">
      <TestCategory>
        <TestCategoryItem TestCategory="Category1000" />
      </TestCategory>
      <Execution id="d1e0bd31-10c1-4ee8-88d4-6da208485017" />
      <TestMethod codeBase="C:\Projekty\MSTestProject\bin\Debug\netcoreapp3.1\MSTestProject.dll" adapterTypeName="executor://mstestadapter/v2" className="TwojeWesele.Services.Helpers.Tests.CurrencyHelperTests" name="FormatToStringTest1000" />
    </UnitTest>
    <UnitTest name="FormatToStringTest1000 (25990.318498101697,25990.32 zł)" storage="c:\projekty\mstestproject\bin\debug\netcoreapp3.1\mstestproject.dll" id="97e4379f-b53a-41da-acde-e02bb0b497c5">
      <TestCategory>
        <TestCategoryItem TestCategory="Category1000" />
      </TestCategory>
      <Execution id="009649e7-7ea0-41c7-903c-857f2a1f6648" />
      <TestMethod codeBase="C:\Projekty\MSTestProject\bin\Debug\netcoreapp3.1\MSTestProject.dll" adapterTypeName="executor://mstestadapter/v2" className="TwojeWesele.Services.Helpers.Tests.CurrencyHelperTests" name="FormatToStringTest1000" />
    </UnitTest>
    <UnitTest name="FormatToStringTest1000 (59283.7670322637,59283.77 zł)" storage="c:\projekty\mstestproject\bin\debug\netcoreapp3.1\mstestproject.dll" id="f7d54df2-65d3-429c-978b-8b53e65b6fe6">
      <TestCategory>
        <TestCategoryItem TestCategory="Category1000" />
      </TestCategory>
      <Execution id="b5f7e237-d7a7-436c-b567-ed0eb71a19e3" />
      <TestMethod codeBase="C:\Projekty\MSTestProject\bin\Debug\netcoreapp3.1\MSTestProject.dll" adapterTypeName="executor://mstestadapter/v2" className="TwojeWesele.Services.Helpers.Tests.CurrencyHelperTests" name="FormatToStringTest1000" />
    </UnitTest>
    <UnitTest name="FormatToStringTest1000 (37954.34384365396,37954.34 zł)" storage="c:\projekty\mstestproject\bin\debug\netcoreapp3.1\mstestproject.dll" id="41143786-52cc-4bec-8107-d62e5bbc8ff4">
      <TestCategory>
        <TestCategoryItem TestCategory="Category1000" />
      </TestCategory>
      <Execution id="25bcd770-4d55-44bc-af48-582fe8d5bff3" />
      <TestMethod codeBase="C:\Projekty\MSTestProject\bin\Debug\netcoreapp3.1\MSTestProject.dll" adapterTypeName="executor://mstestadapter/v2" className="TwojeWesele.Services.Helpers.Tests.CurrencyHelperTests" name="FormatToStringTest1000" />
    </UnitTest>
    <UnitTest name="FormatToStringTest1000 (69864.17463991146,69864.17 zł)" storage="c:\projekty\mstestproject\bin\debug\netcoreapp3.1\mstestproject.dll" id="45509de9-0fc1-4121-93a5-bfd5c0bf0840">
      <TestCategory>
        <TestCategoryItem TestCategory="Category1000" />
      </TestCategory>
      <Execution id="7678d8d1-249d-4bdb-9bfc-0eab397dfa15" />
      <TestMethod codeBase="C:\Projekty\MSTestProject\bin\Debug\netcoreapp3.1\MSTestProject.dll" adapterTypeName="executor://mstestadapter/v2" className="TwojeWesele.Services.Helpers.Tests.CurrencyHelperTests" name="FormatToStringTest1000" />
    </UnitTest>
    <UnitTest name="FormatToStringTest1000 (7813.027778348433,7813.03 zł)" storage="c:\projekty\mstestproject\bin\debug\netcoreapp3.1\mstestproject.dll" id="3ae7f07f-aa37-441f-a26e-d2bbcd5387f2">
      <TestCategory>
        <TestCategoryItem TestCategory="Category1000" />
      </TestCategory>
      <Execution id="e73bb9c5-75bc-43c2-be70-1a6a08dafc62" />
      <TestMethod codeBase="C:\Projekty\MSTestProject\bin\Debug\netcoreapp3.1\MSTestProject.dll" adapterTypeName="executor://mstestadapter/v2" className="TwojeWesele.Services.Helpers.Tests.CurrencyHelperTests" name="FormatToStringTest1000" />
    </UnitTest>
    <UnitTest name="FormatToStringTest1000 (22678.795878462864,22678.80 zł)" storage="c:\projekty\mstestproject\bin\debug\netcoreapp3.1\mstestproject.dll" id="c432b9a1-4076-4067-895b-431dad3b2c90">
      <TestCategory>
        <TestCategoryItem TestCategory="Category1000" />
      </TestCategory>
      <Execution id="b88845f3-f25d-4bca-b2a9-88a1325d2171" />
      <TestMethod codeBase="C:\Projekty\MSTestProject\bin\Debug\netcoreapp3.1\MSTestProject.dll" adapterTypeName="executor://mstestadapter/v2" className="TwojeWesele.Services.Helpers.Tests.CurrencyHelperTests" name="FormatToStringTest1000" />
    </UnitTest>
    <UnitTest name="FormatToStringTest1000 (66541.05112730109,66541.05 zł)" storage="c:\projekty\mstestproject\bin\debug\netcoreapp3.1\mstestproject.dll" id="4c82be30-658a-4dc8-93f4-67e7be74216b">
      <TestCategory>
        <TestCategoryItem TestCategory="Category1000" />
      </TestCategory>
      <Execution id="79b49bbf-8961-4728-a1f1-c96304f71fa1" />
      <TestMethod codeBase="C:\Projekty\MSTestProject\bin\Debug\netcoreapp3.1\MSTestProject.dll" adapterTypeName="executor://mstestadapter/v2" className="TwojeWesele.Services.Helpers.Tests.CurrencyHelperTests" name="FormatToStringTest1000" />
    </UnitTest>
    <UnitTest name="FormatToStringTest1000 (49416.285282306504,49416.29 zł)" storage="c:\projekty\mstestproject\bin\debug\netcoreapp3.1\mstestproject.dll" id="6399d611-a8b9-422f-93e8-68f094b5b73a">
      <TestCategory>
        <TestCategoryItem TestCategory="Category1000" />
      </TestCategory>
      <Execution id="c764ac22-d166-4293-9ce4-e64fb81606a6" />
      <TestMethod codeBase="C:\Projekty\MSTestProject\bin\Debug\netcoreapp3.1\MSTestProject.dll" adapterTypeName="executor://mstestadapter/v2" className="TwojeWesele.Services.Helpers.Tests.CurrencyHelperTests" name="FormatToStringTest1000" />
    </UnitTest>
    <UnitTest name="FormatToStringTest1000 (4002.4180488374172,4002.42 zł)" storage="c:\projekty\mstestproject\bin\debug\netcoreapp3.1\mstestproject.dll" id="cc0c5681-97c8-4e5a-a65d-f27254ebeeab">
      <TestCategory>
        <TestCategoryItem TestCategory="Category1000" />
      </TestCategory>
      <Execution id="7b87d8c6-0bf7-4bdf-8733-9b5c76ec6fc7" />
      <TestMethod codeBase="C:\Projekty\MSTestProject\bin\Debug\netcoreapp3.1\MSTestProject.dll" adapterTypeName="executor://mstestadapter/v2" className="TwojeWesele.Services.Helpers.Tests.CurrencyHelperTests" name="FormatToStringTest1000" />
    </UnitTest>
    <UnitTest name="FormatToStringTest1000 (6262.373413993219,6262.37 zł)" storage="c:\projekty\mstestproject\bin\debug\netcoreapp3.1\mstestproject.dll" id="d24cd7c4-91db-4376-8452-3fefb6a45fc8">
      <TestCategory>
        <TestCategoryItem TestCategory="Category1000" />
      </TestCategory>
      <Execution id="69611680-5f9e-495c-8cd2-b9da5f088dd4" />
      <TestMethod codeBase="C:\Projekty\MSTestProject\bin\Debug\netcoreapp3.1\MSTestProject.dll" adapterTypeName="executor://mstestadapter/v2" className="TwojeWesele.Services.Helpers.Tests.CurrencyHelperTests" name="FormatToStringTest1000" />
    </UnitTest>
    <UnitTest name="FormatToStringTest1000 (96022.24851977557,96022.25 zł)" storage="c:\projekty\mstestproject\bin\debug\netcoreapp3.1\mstestproject.dll" id="3b03b9c1-731c-4a99-b834-a9e63689989c">
      <TestCategory>
        <TestCategoryItem TestCategory="Category1000" />
      </TestCategory>
      <Execution id="6f0296d5-9576-4b16-acf2-5d7f9abf80a6" />
      <TestMethod codeBase="C:\Projekty\MSTestProject\bin\Debug\netcoreapp3.1\MSTestProject.dll" adapterTypeName="executor://mstestadapter/v2" className="TwojeWesele.Services.Helpers.Tests.CurrencyHelperTests" name="FormatToStringTest1000" />
    </UnitTest>
    <UnitTest name="FormatToStringTest1000 (23120.169499649743,23120.17 zł)" storage="c:\projekty\mstestproject\bin\debug\netcoreapp3.1\mstestproject.dll" id="cbeed50b-8d92-4933-9a88-08e1d7f0b16d">
      <TestCategory>
        <TestCategoryItem TestCategory="Category1000" />
      </TestCategory>
      <Execution id="75a5bf7b-e624-4a1d-9451-bc6af823a17b" />
      <TestMethod codeBase="C:\Projekty\MSTestProject\bin\Debug\netcoreapp3.1\MSTestProject.dll" adapterTypeName="executor://mstestadapter/v2" className="TwojeWesele.Services.Helpers.Tests.CurrencyHelperTests" name="FormatToStringTest1000" />
    </UnitTest>
    <UnitTest name="FormatToStringTest1000 (69373.32129976773,69373.32 zł)" storage="c:\projekty\mstestproject\bin\debug\netcoreapp3.1\mstestproject.dll" id="b5953014-a415-461a-b5fa-51f3853e5442">
      <TestCategory>
        <TestCategoryItem TestCategory="Category1000" />
      </TestCategory>
      <Execution id="0c12270f-0270-41d7-a293-a13bad24bc90" />
      <TestMethod codeBase="C:\Projekty\MSTestProject\bin\Debug\netcoreapp3.1\MSTestProject.dll" adapterTypeName="executor://mstestadapter/v2" className="TwojeWesele.Services.Helpers.Tests.CurrencyHelperTests" name="FormatToStringTest1000" />
    </UnitTest>
    <UnitTest name="FormatToStringTest1000 (70432.00656616595,70432.01 zł)" storage="c:\projekty\mstestproject\bin\debug\netcoreapp3.1\mstestproject.dll" id="22923361-ee61-4ee3-a70a-51e5e4ce4e5b">
      <TestCategory>
        <TestCategoryItem TestCategory="Category1000" />
      </TestCategory>
      <Execution id="f3316504-8de4-49cd-804e-56c2bcc8383f" />
      <TestMethod codeBase="C:\Projekty\MSTestProject\bin\Debug\netcoreapp3.1\MSTestProject.dll" adapterTypeName="executor://mstestadapter/v2" className="TwojeWesele.Services.Helpers.Tests.CurrencyHelperTests" name="FormatToStringTest1000" />
    </UnitTest>
    <UnitTest name="FormatToStringTest1000 (37561.969571757116,37561.97 zł)" storage="c:\projekty\mstestproject\bin\debug\netcoreapp3.1\mstestproject.dll" id="f09bc292-5856-46a0-a319-18301539b738">
      <TestCategory>
        <TestCategoryItem TestCategory="Category1000" />
      </TestCategory>
      <Execution id="b0009768-0abb-411a-9809-433d97dd3b8c" />
      <TestMethod codeBase="C:\Projekty\MSTestProject\bin\Debug\netcoreapp3.1\MSTestProject.dll" adapterTypeName="executor://mstestadapter/v2" className="TwojeWesele.Services.Helpers.Tests.CurrencyHelperTests" name="FormatToStringTest1000" />
    </UnitTest>
    <UnitTest name="FormatToStringTest1000 (74514.06270644537,74514.06 zł)" storage="c:\projekty\mstestproject\bin\debug\netcoreapp3.1\mstestproject.dll" id="db3a3019-5b54-4c65-9cf4-42a94e6d4a85">
      <TestCategory>
        <TestCategoryItem TestCategory="Category1000" />
      </TestCategory>
      <Execution id="ee440832-7868-4a8f-a821-d5e5da7f4bdb" />
      <TestMethod codeBase="C:\Projekty\MSTestProject\bin\Debug\netcoreapp3.1\MSTestProject.dll" adapterTypeName="executor://mstestadapter/v2" className="TwojeWesele.Services.Helpers.Tests.CurrencyHelperTests" name="FormatToStringTest1000" />
    </UnitTest>
    <UnitTest name="FormatToStringTest1000 (28502.61128259758,28502.61 zł)" storage="c:\projekty\mstestproject\bin\debug\netcoreapp3.1\mstestproject.dll" id="7fffecdd-45c6-4d12-9d23-6a7f5f581f6d">
      <TestCategory>
        <TestCategoryItem TestCategory="Category1000" />
      </TestCategory>
      <Execution id="e3e3016d-a79c-46d3-8240-78699b1a76b9" />
      <TestMethod codeBase="C:\Projekty\MSTestProject\bin\Debug\netcoreapp3.1\MSTestProject.dll" adapterTypeName="executor://mstestadapter/v2" className="TwojeWesele.Services.Helpers.Tests.CurrencyHelperTests" name="FormatToStringTest1000" />
    </UnitTest>
    <UnitTest name="FormatToStringTest1000 (626.135364110179,626.14 zł)" storage="c:\projekty\mstestproject\bin\debug\netcoreapp3.1\mstestproject.dll" id="d411ba77-c866-4e92-a099-48e9a0eb0ae2">
      <TestCategory>
        <TestCategoryItem TestCategory="Category1000" />
      </TestCategory>
      <Execution id="fa658fef-7196-4a6e-9343-46b4180572b1" />
      <TestMethod codeBase="C:\Projekty\MSTestProject\bin\Debug\netcoreapp3.1\MSTestProject.dll" adapterTypeName="executor://mstestadapter/v2" className="TwojeWesele.Services.Helpers.Tests.CurrencyHelperTests" name="FormatToStringTest1000" />
    </UnitTest>
    <UnitTest name="FormatToStringTest1000 (26207.03715363659,26207.04 zł)" storage="c:\projekty\mstestproject\bin\debug\netcoreapp3.1\mstestproject.dll" id="2f0b83b0-fd73-41e3-905e-752111b11f05">
      <TestCategory>
        <TestCategoryItem TestCategory="Category1000" />
      </TestCategory>
      <Execution id="9e0ac16f-c52d-49fa-b4ed-c915a6c29986" />
      <TestMethod codeBase="C:\Projekty\MSTestProject\bin\Debug\netcoreapp3.1\MSTestProject.dll" adapterTypeName="executor://mstestadapter/v2" className="TwojeWesele.Services.Helpers.Tests.CurrencyHelperTests" name="FormatToStringTest1000" />
    </UnitTest>
    <UnitTest name="FormatToStringTest1000 (20643.69044446465,20643.69 zł)" storage="c:\projekty\mstestproject\bin\debug\netcoreapp3.1\mstestproject.dll" id="7862f29e-3609-4985-835b-606fd95679e6">
      <TestCategory>
        <TestCategoryItem TestCategory="Category1000" />
      </TestCategory>
      <Execution id="9f8a1a86-7427-4f19-baeb-80dc9b4810a0" />
      <TestMethod codeBase="C:\Projekty\MSTestProject\bin\Debug\netcoreapp3.1\MSTestProject.dll" adapterTypeName="executor://mstestadapter/v2" className="TwojeWesele.Services.Helpers.Tests.CurrencyHelperTests" name="FormatToStringTest1000" />
    </UnitTest>
    <UnitTest name="FormatToStringTest1000 (14218.204344010543,14218.20 zł)" storage="c:\projekty\mstestproject\bin\debug\netcoreapp3.1\mstestproject.dll" id="b219c3e2-72b7-48a5-ade0-8e05a9a59177">
      <TestCategory>
        <TestCategoryItem TestCategory="Category1000" />
      </TestCategory>
      <Execution id="b5c1a47f-0c37-470c-9854-776dd27e0b6d" />
      <TestMethod codeBase="C:\Projekty\MSTestProject\bin\Debug\netcoreapp3.1\MSTestProject.dll" adapterTypeName="executor://mstestadapter/v2" className="TwojeWesele.Services.Helpers.Tests.CurrencyHelperTests" name="FormatToStringTest1000" />
    </UnitTest>
    <UnitTest name="FormatToStringTest1000 (7789.7136237517525,7789.71 zł)" storage="c:\projekty\mstestproject\bin\debug\netcoreapp3.1\mstestproject.dll" id="12ae2383-d609-446a-87b7-6b83cea50d89">
      <TestCategory>
        <TestCategoryItem TestCategory="Category1000" />
      </TestCategory>
      <Execution id="090119aa-eecc-4547-813d-c40c36a495ed" />
      <TestMethod codeBase="C:\Projekty\MSTestProject\bin\Debug\netcoreapp3.1\MSTestProject.dll" adapterTypeName="executor://mstestadapter/v2" className="TwojeWesele.Services.Helpers.Tests.CurrencyHelperTests" name="FormatToStringTest1000" />
    </UnitTest>
    <UnitTest name="FormatToStringTest1000 (15841.26419853478,15841.26 zł)" storage="c:\projekty\mstestproject\bin\debug\netcoreapp3.1\mstestproject.dll" id="b8037a79-e233-4e60-bb1b-30e8ca604b2e">
      <TestCategory>
        <TestCategoryItem TestCategory="Category1000" />
      </TestCategory>
      <Execution id="604d52bd-cfe2-40b5-93cc-f7143102b40e" />
      <TestMethod codeBase="C:\Projekty\MSTestProject\bin\Debug\netcoreapp3.1\MSTestProject.dll" adapterTypeName="executor://mstestadapter/v2" className="TwojeWesele.Services.Helpers.Tests.CurrencyHelperTests" name="FormatToStringTest1000" />
    </UnitTest>
    <UnitTest name="FormatToStringTest1000 (32908.76696502639,32908.77 zł)" storage="c:\projekty\mstestproject\bin\debug\netcoreapp3.1\mstestproject.dll" id="830b6833-8d4d-4572-9ae0-b9f44e63e650">
      <TestCategory>
        <TestCategoryItem TestCategory="Category1000" />
      </TestCategory>
      <Execution id="da626723-78fd-4020-b5b9-5a3292bf2279" />
      <TestMethod codeBase="C:\Projekty\MSTestProject\bin\Debug\netcoreapp3.1\MSTestProject.dll" adapterTypeName="executor://mstestadapter/v2" className="TwojeWesele.Services.Helpers.Tests.CurrencyHelperTests" name="FormatToStringTest1000" />
    </UnitTest>
    <UnitTest name="FormatToStringTest1000 (3700.029953029021,3700.03 zł)" storage="c:\projekty\mstestproject\bin\debug\netcoreapp3.1\mstestproject.dll" id="aacae01b-ce9e-40d1-ae37-d5da56a3f3cf">
      <TestCategory>
        <TestCategoryItem TestCategory="Category1000" />
      </TestCategory>
      <Execution id="c107dd6d-e051-4db0-ba1f-2fb82e176851" />
      <TestMethod codeBase="C:\Projekty\MSTestProject\bin\Debug\netcoreapp3.1\MSTestProject.dll" adapterTypeName="executor://mstestadapter/v2" className="TwojeWesele.Services.Helpers.Tests.CurrencyHelperTests" name="FormatToStringTest1000" />
    </UnitTest>
    <UnitTest name="FormatToStringTest1000 (31391.358864880804,31391.36 zł)" storage="c:\projekty\mstestproject\bin\debug\netcoreapp3.1\mstestproject.dll" id="fc27c146-5008-496e-9e3d-aeae30676b93">
      <TestCategory>
        <TestCategoryItem TestCategory="Category1000" />
      </TestCategory>
      <Execution id="b48cf48f-824a-4692-8225-5f151a243643" />
      <TestMethod codeBase="C:\Projekty\MSTestProject\bin\Debug\netcoreapp3.1\MSTestProject.dll" adapterTypeName="executor://mstestadapter/v2" className="TwojeWesele.Services.Helpers.Tests.CurrencyHelperTests" name="FormatToStringTest1000" />
    </UnitTest>
    <UnitTest name="FormatToStringTest1000 (38961.459057294516,38961.46 zł)" storage="c:\projekty\mstestproject\bin\debug\netcoreapp3.1\mstestproject.dll" id="e5e165d6-2732-4137-b87c-38e381780d3d">
      <TestCategory>
        <TestCategoryItem TestCategory="Category1000" />
      </TestCategory>
      <Execution id="fdcfa5ff-901f-4cd0-87fc-a28090afdc63" />
      <TestMethod codeBase="C:\Projekty\MSTestProject\bin\Debug\netcoreapp3.1\MSTestProject.dll" adapterTypeName="executor://mstestadapter/v2" className="TwojeWesele.Services.Helpers.Tests.CurrencyHelperTests" name="FormatToStringTest1000" />
    </UnitTest>
    <UnitTest name="FormatToStringTest1000 (19085.023282992664,19085.02 zł)" storage="c:\projekty\mstestproject\bin\debug\netcoreapp3.1\mstestproject.dll" id="0cdaf2cf-02d4-4afa-b9ac-adcfab03d328">
      <TestCategory>
        <TestCategoryItem TestCategory="Category1000" />
      </TestCategory>
      <Execution id="8e4278ce-0e14-4cf5-9ce1-7fb67440f387" />
      <TestMethod codeBase="C:\Projekty\MSTestProject\bin\Debug\netcoreapp3.1\MSTestProject.dll" adapterTypeName="executor://mstestadapter/v2" className="TwojeWesele.Services.Helpers.Tests.CurrencyHelperTests" name="FormatToStringTest1000" />
    </UnitTest>
    <UnitTest name="FormatToStringTest1000 (19352.183340702755,19352.18 zł)" storage="c:\projekty\mstestproject\bin\debug\netcoreapp3.1\mstestproject.dll" id="04d3eeb9-ba99-47c2-9aae-d9f6b7086d9b">
      <TestCategory>
        <TestCategoryItem TestCategory="Category1000" />
      </TestCategory>
      <Execution id="8469e382-fc32-4198-b087-0115b189f4a0" />
      <TestMethod codeBase="C:\Projekty\MSTestProject\bin\Debug\netcoreapp3.1\MSTestProject.dll" adapterTypeName="executor://mstestadapter/v2" className="TwojeWesele.Services.Helpers.Tests.CurrencyHelperTests" name="FormatToStringTest1000" />
    </UnitTest>
    <UnitTest name="FormatToStringTest1000 (18340.8953197882,18340.90 zł)" storage="c:\projekty\mstestproject\bin\debug\netcoreapp3.1\mstestproject.dll" id="0b969d4e-1e70-4683-97f7-48a5c21febd8">
      <TestCategory>
        <TestCategoryItem TestCategory="Category1000" />
      </TestCategory>
      <Execution id="7f04fbf8-5397-4cc2-b160-7a960348247c" />
      <TestMethod codeBase="C:\Projekty\MSTestProject\bin\Debug\netcoreapp3.1\MSTestProject.dll" adapterTypeName="executor://mstestadapter/v2" className="TwojeWesele.Services.Helpers.Tests.CurrencyHelperTests" name="FormatToStringTest1000" />
    </UnitTest>
    <UnitTest name="FormatToStringTest1000 (9068.70019550468,9068.70 zł)" storage="c:\projekty\mstestproject\bin\debug\netcoreapp3.1\mstestproject.dll" id="d076af4d-7c9b-4369-8a14-855035f6aa01">
      <TestCategory>
        <TestCategoryItem TestCategory="Category1000" />
      </TestCategory>
      <Execution id="b07fed39-9c98-4aa5-bfd1-750fb5ac2b4a" />
      <TestMethod codeBase="C:\Projekty\MSTestProject\bin\Debug\netcoreapp3.1\MSTestProject.dll" adapterTypeName="executor://mstestadapter/v2" className="TwojeWesele.Services.Helpers.Tests.CurrencyHelperTests" name="FormatToStringTest1000" />
    </UnitTest>
    <UnitTest name="FormatToStringTest1000 (22367.991005544547,22367.99 zł)" storage="c:\projekty\mstestproject\bin\debug\netcoreapp3.1\mstestproject.dll" id="c46c0e5e-5538-4fcf-8193-563874e08da4">
      <TestCategory>
        <TestCategoryItem TestCategory="Category1000" />
      </TestCategory>
      <Execution id="e1ee78fc-41fd-48bb-adb8-4fe1cf09588c" />
      <TestMethod codeBase="C:\Projekty\MSTestProject\bin\Debug\netcoreapp3.1\MSTestProject.dll" adapterTypeName="executor://mstestadapter/v2" className="TwojeWesele.Services.Helpers.Tests.CurrencyHelperTests" name="FormatToStringTest1000" />
    </UnitTest>
    <UnitTest name="FormatToStringTest1000 (9624.06628225188,9624.07 zł)" storage="c:\projekty\mstestproject\bin\debug\netcoreapp3.1\mstestproject.dll" id="a307039a-92dc-415a-b720-ed368748d267">
      <TestCategory>
        <TestCategoryItem TestCategory="Category1000" />
      </TestCategory>
      <Execution id="6a511e4a-5348-4110-a859-87202000a1fb" />
      <TestMethod codeBase="C:\Projekty\MSTestProject\bin\Debug\netcoreapp3.1\MSTestProject.dll" adapterTypeName="executor://mstestadapter/v2" className="TwojeWesele.Services.Helpers.Tests.CurrencyHelperTests" name="FormatToStringTest1000" />
    </UnitTest>
    <UnitTest name="FormatToStringTest1000 (27164.0272410419,27164.03 zł)" storage="c:\projekty\mstestproject\bin\debug\netcoreapp3.1\mstestproject.dll" id="9c5cd6ad-4a9e-4367-94ae-44f970b8df3f">
      <TestCategory>
        <TestCategoryItem TestCategory="Category1000" />
      </TestCategory>
      <Execution id="37ade23c-2d2e-4eb7-8cdf-b85428f079fc" />
      <TestMethod codeBase="C:\Projekty\MSTestProject\bin\Debug\netcoreapp3.1\MSTestProject.dll" adapterTypeName="executor://mstestadapter/v2" className="TwojeWesele.Services.Helpers.Tests.CurrencyHelperTests" name="FormatToStringTest1000" />
    </UnitTest>
    <UnitTest name="FormatToStringTest1000 (4094.6752323977066,4094.68 zł)" storage="c:\projekty\mstestproject\bin\debug\netcoreapp3.1\mstestproject.dll" id="633195ce-dc5a-4bf6-b9db-1bf99554b1a2">
      <TestCategory>
        <TestCategoryItem TestCategory="Category1000" />
      </TestCategory>
      <Execution id="d43b5a91-cd4a-4d44-b637-df797c9068e8" />
      <TestMethod codeBase="C:\Projekty\MSTestProject\bin\Debug\netcoreapp3.1\MSTestProject.dll" adapterTypeName="executor://mstestadapter/v2" className="TwojeWesele.Services.Helpers.Tests.CurrencyHelperTests" name="FormatToStringTest1000" />
    </UnitTest>
    <UnitTest name="FormatToStringTest1000 (47672.66266041652,47672.66 zł)" storage="c:\projekty\mstestproject\bin\debug\netcoreapp3.1\mstestproject.dll" id="30ca6be5-8172-481e-8184-119efb7f1e08">
      <TestCategory>
        <TestCategoryItem TestCategory="Category1000" />
      </TestCategory>
      <Execution id="295d422a-2b76-4233-80b2-3c6b2e4a52e6" />
      <TestMethod codeBase="C:\Projekty\MSTestProject\bin\Debug\netcoreapp3.1\MSTestProject.dll" adapterTypeName="executor://mstestadapter/v2" className="TwojeWesele.Services.Helpers.Tests.CurrencyHelperTests" name="FormatToStringTest1000" />
    </UnitTest>
    <UnitTest name="FormatToStringTest1000 (2298.0331723829886,2298.03 zł)" storage="c:\projekty\mstestproject\bin\debug\netcoreapp3.1\mstestproject.dll" id="53e3718f-643d-43b2-943b-9035264a02af">
      <TestCategory>
        <TestCategoryItem TestCategory="Category1000" />
      </TestCategory>
      <Execution id="2584876e-e5a1-4712-ac3f-b6cfb1bec36c" />
      <TestMethod codeBase="C:\Projekty\MSTestProject\bin\Debug\netcoreapp3.1\MSTestProject.dll" adapterTypeName="executor://mstestadapter/v2" className="TwojeWesele.Services.Helpers.Tests.CurrencyHelperTests" name="FormatToStringTest1000" />
    </UnitTest>
    <UnitTest name="FormatToStringTest1000 (25039.088753207627,25039.09 zł)" storage="c:\projekty\mstestproject\bin\debug\netcoreapp3.1\mstestproject.dll" id="32851eb0-8e1b-4d82-a6ae-c718b5195bcc">
      <TestCategory>
        <TestCategoryItem TestCategory="Category1000" />
      </TestCategory>
      <Execution id="d023daef-b124-4941-8dcd-c851ce281640" />
      <TestMethod codeBase="C:\Projekty\MSTestProject\bin\Debug\netcoreapp3.1\MSTestProject.dll" adapterTypeName="executor://mstestadapter/v2" className="TwojeWesele.Services.Helpers.Tests.CurrencyHelperTests" name="FormatToStringTest1000" />
    </UnitTest>
    <UnitTest name="FormatToStringTest1000 (1799.2562459103092,1799.26 zł)" storage="c:\projekty\mstestproject\bin\debug\netcoreapp3.1\mstestproject.dll" id="b06857b6-2740-4047-a73a-f4eed0348d5f">
      <TestCategory>
        <TestCategoryItem TestCategory="Category1000" />
      </TestCategory>
      <Execution id="0939f354-8de2-4ac3-9030-431a46a360ef" />
      <TestMethod codeBase="C:\Projekty\MSTestProject\bin\Debug\netcoreapp3.1\MSTestProject.dll" adapterTypeName="executor://mstestadapter/v2" className="TwojeWesele.Services.Helpers.Tests.CurrencyHelperTests" name="FormatToStringTest1000" />
    </UnitTest>
    <UnitTest name="FormatToStringTest1000 (17835.54606576988,17835.55 zł)" storage="c:\projekty\mstestproject\bin\debug\netcoreapp3.1\mstestproject.dll" id="a93de9bb-1fcc-435a-8dca-ce3d8409e6ba">
      <TestCategory>
        <TestCategoryItem TestCategory="Category1000" />
      </TestCategory>
      <Execution id="9b942c42-059d-4278-90c9-6ffe09d8208b" />
      <TestMethod codeBase="C:\Projekty\MSTestProject\bin\Debug\netcoreapp3.1\MSTestProject.dll" adapterTypeName="executor://mstestadapter/v2" className="TwojeWesele.Services.Helpers.Tests.CurrencyHelperTests" name="FormatToStringTest1000" />
    </UnitTest>
    <UnitTest name="FormatToStringTest1000 (1482.3501845832682,1482.35 zł)" storage="c:\projekty\mstestproject\bin\debug\netcoreapp3.1\mstestproject.dll" id="a8505f83-400b-4b7a-b814-d076a84db4ed">
      <TestCategory>
        <TestCategoryItem TestCategory="Category1000" />
      </TestCategory>
      <Execution id="0d0fbccf-b20d-47b8-9d46-974b45fe91cd" />
      <TestMethod codeBase="C:\Projekty\MSTestProject\bin\Debug\netcoreapp3.1\MSTestProject.dll" adapterTypeName="executor://mstestadapter/v2" className="TwojeWesele.Services.Helpers.Tests.CurrencyHelperTests" name="FormatToStringTest1000" />
    </UnitTest>
    <UnitTest name="FormatToStringTest1000 (30360.993128030557,30360.99 zł)" storage="c:\projekty\mstestproject\bin\debug\netcoreapp3.1\mstestproject.dll" id="1e59b32e-5296-41ae-9624-42b39ebc52c8">
      <TestCategory>
        <TestCategoryItem TestCategory="Category1000" />
      </TestCategory>
      <Execution id="f3fd4ca8-14e3-48d7-8779-3f7e7021e590" />
      <TestMethod codeBase="C:\Projekty\MSTestProject\bin\Debug\netcoreapp3.1\MSTestProject.dll" adapterTypeName="executor://mstestadapter/v2" className="TwojeWesele.Services.Helpers.Tests.CurrencyHelperTests" name="FormatToStringTest1000" />
    </UnitTest>
    <UnitTest name="FormatToStringTest1000 (30626.373939456127,30626.37 zł)" storage="c:\projekty\mstestproject\bin\debug\netcoreapp3.1\mstestproject.dll" id="19c23b67-003d-4cfd-b792-805e4d5c46dd">
      <TestCategory>
        <TestCategoryItem TestCategory="Category1000" />
      </TestCategory>
      <Execution id="3daf19b9-2940-4c01-8d44-6835bf4c623e" />
      <TestMethod codeBase="C:\Projekty\MSTestProject\bin\Debug\netcoreapp3.1\MSTestProject.dll" adapterTypeName="executor://mstestadapter/v2" className="TwojeWesele.Services.Helpers.Tests.CurrencyHelperTests" name="FormatToStringTest1000" />
    </UnitTest>
    <UnitTest name="FormatToStringTest1000 (37160.85331540269,37160.85 zł)" storage="c:\projekty\mstestproject\bin\debug\netcoreapp3.1\mstestproject.dll" id="81d8bc9c-e89d-4578-85a8-08a921edeefa">
      <TestCategory>
        <TestCategoryItem TestCategory="Category1000" />
      </TestCategory>
      <Execution id="430d85aa-7692-43dc-9cbe-30a80a78d753" />
      <TestMethod codeBase="C:\Projekty\MSTestProject\bin\Debug\netcoreapp3.1\MSTestProject.dll" adapterTypeName="executor://mstestadapter/v2" className="TwojeWesele.Services.Helpers.Tests.CurrencyHelperTests" name="FormatToStringTest1000" />
    </UnitTest>
    <UnitTest name="FormatToStringTest1000 (40545.70748620001,40545.71 zł)" storage="c:\projekty\mstestproject\bin\debug\netcoreapp3.1\mstestproject.dll" id="cc566511-47aa-41a3-8502-65a402188d01">
      <TestCategory>
        <TestCategoryItem TestCategory="Category1000" />
      </TestCategory>
      <Execution id="62c215c8-80eb-48ac-a0d6-9444ae61743c" />
      <TestMethod codeBase="C:\Projekty\MSTestProject\bin\Debug\netcoreapp3.1\MSTestProject.dll" adapterTypeName="executor://mstestadapter/v2" className="TwojeWesele.Services.Helpers.Tests.CurrencyHelperTests" name="FormatToStringTest1000" />
    </UnitTest>
    <UnitTest name="FormatToStringTest1000 (22831.975917587977,22831.98 zł)" storage="c:\projekty\mstestproject\bin\debug\netcoreapp3.1\mstestproject.dll" id="858327fa-37f1-449c-b00d-e7a3e0c7998d">
      <TestCategory>
        <TestCategoryItem TestCategory="Category1000" />
      </TestCategory>
      <Execution id="054c06c0-7c2b-4c57-812b-f2053867128e" />
      <TestMethod codeBase="C:\Projekty\MSTestProject\bin\Debug\netcoreapp3.1\MSTestProject.dll" adapterTypeName="executor://mstestadapter/v2" className="TwojeWesele.Services.Helpers.Tests.CurrencyHelperTests" name="FormatToStringTest1000" />
    </UnitTest>
    <UnitTest name="FormatToStringTest1000 (19882.647973500494,19882.65 zł)" storage="c:\projekty\mstestproject\bin\debug\netcoreapp3.1\mstestproject.dll" id="f6390023-adf5-4834-aa41-808cb6fab5ba">
      <TestCategory>
        <TestCategoryItem TestCategory="Category1000" />
      </TestCategory>
      <Execution id="52ce5b7f-ab77-4fd6-93b0-4bac1a58d563" />
      <TestMethod codeBase="C:\Projekty\MSTestProject\bin\Debug\netcoreapp3.1\MSTestProject.dll" adapterTypeName="executor://mstestadapter/v2" className="TwojeWesele.Services.Helpers.Tests.CurrencyHelperTests" name="FormatToStringTest1000" />
    </UnitTest>
    <UnitTest name="FormatToStringTest1000 (56802.303118930344,56802.30 zł)" storage="c:\projekty\mstestproject\bin\debug\netcoreapp3.1\mstestproject.dll" id="43c659c0-5061-4f16-b168-70cee3aa510b">
      <TestCategory>
        <TestCategoryItem TestCategory="Category1000" />
      </TestCategory>
      <Execution id="c8552c2b-26cd-40cf-8359-891f7458281e" />
      <TestMethod codeBase="C:\Projekty\MSTestProject\bin\Debug\netcoreapp3.1\MSTestProject.dll" adapterTypeName="executor://mstestadapter/v2" className="TwojeWesele.Services.Helpers.Tests.CurrencyHelperTests" name="FormatToStringTest1000" />
    </UnitTest>
    <UnitTest name="FormatToStringTest1000 (32262.93788198984,32262.94 zł)" storage="c:\projekty\mstestproject\bin\debug\netcoreapp3.1\mstestproject.dll" id="d49da29c-0dda-4d11-96e9-b52ef431fee9">
      <TestCategory>
        <TestCategoryItem TestCategory="Category1000" />
      </TestCategory>
      <Execution id="8354b691-4a29-4d3c-b4a2-d1da243d6ebc" />
      <TestMethod codeBase="C:\Projekty\MSTestProject\bin\Debug\netcoreapp3.1\MSTestProject.dll" adapterTypeName="executor://mstestadapter/v2" className="TwojeWesele.Services.Helpers.Tests.CurrencyHelperTests" name="FormatToStringTest1000" />
    </UnitTest>
    <UnitTest name="FormatToStringTest1000 (397.6461894566408,397.65 zł)" storage="c:\projekty\mstestproject\bin\debug\netcoreapp3.1\mstestproject.dll" id="2d8d3b96-720c-4a3b-a649-796b7d1e2aab">
      <TestCategory>
        <TestCategoryItem TestCategory="Category1000" />
      </TestCategory>
      <Execution id="5643737e-87e8-4180-986c-45da3bb6c21e" />
      <TestMethod codeBase="C:\Projekty\MSTestProject\bin\Debug\netcoreapp3.1\MSTestProject.dll" adapterTypeName="executor://mstestadapter/v2" className="TwojeWesele.Services.Helpers.Tests.CurrencyHelperTests" name="FormatToStringTest1000" />
    </UnitTest>
    <UnitTest name="FormatToStringTest1000 (4669.392596858271,4669.39 zł)" storage="c:\projekty\mstestproject\bin\debug\netcoreapp3.1\mstestproject.dll" id="1b79f265-432b-499f-863a-27c09fd4810d">
      <TestCategory>
        <TestCategoryItem TestCategory="Category1000" />
      </TestCategory>
      <Execution id="6166a111-ee87-4348-9020-91153ac727d9" />
      <TestMethod codeBase="C:\Projekty\MSTestProject\bin\Debug\netcoreapp3.1\MSTestProject.dll" adapterTypeName="executor://mstestadapter/v2" className="TwojeWesele.Services.Helpers.Tests.CurrencyHelperTests" name="FormatToStringTest1000" />
    </UnitTest>
    <UnitTest name="FormatToStringTest1000 (20623.53139885493,20623.53 zł)" storage="c:\projekty\mstestproject\bin\debug\netcoreapp3.1\mstestproject.dll" id="d18fd9c8-bf84-4f16-8655-19118ba085a2">
      <TestCategory>
        <TestCategoryItem TestCategory="Category1000" />
      </TestCategory>
      <Execution id="3cd712e6-f7b9-4a2b-b55c-5425cf2d4065" />
      <TestMethod codeBase="C:\Projekty\MSTestProject\bin\Debug\netcoreapp3.1\MSTestProject.dll" adapterTypeName="executor://mstestadapter/v2" className="TwojeWesele.Services.Helpers.Tests.CurrencyHelperTests" name="FormatToStringTest1000" />
    </UnitTest>
    <UnitTest name="FormatToStringTest1000 (35384.637112688106,35384.64 zł)" storage="c:\projekty\mstestproject\bin\debug\netcoreapp3.1\mstestproject.dll" id="3e116fe2-bf89-4134-b8aa-64422e2ffac9">
      <TestCategory>
        <TestCategoryItem TestCategory="Category1000" />
      </TestCategory>
      <Execution id="a6aa958d-93b8-4248-8fd6-d74a901f799c" />
      <TestMethod codeBase="C:\Projekty\MSTestProject\bin\Debug\netcoreapp3.1\MSTestProject.dll" adapterTypeName="executor://mstestadapter/v2" className="TwojeWesele.Services.Helpers.Tests.CurrencyHelperTests" name="FormatToStringTest1000" />
    </UnitTest>
    <UnitTest name="FormatToStringTest1000 (7004.710832051798,7004.71 zł)" storage="c:\projekty\mstestproject\bin\debug\netcoreapp3.1\mstestproject.dll" id="afd0bdb2-e06e-41ec-abc5-a48324849c60">
      <TestCategory>
        <TestCategoryItem TestCategory="Category1000" />
      </TestCategory>
      <Execution id="4352ba6d-81db-4aa3-947a-0ffd06721acc" />
      <TestMethod codeBase="C:\Projekty\MSTestProject\bin\Debug\netcoreapp3.1\MSTestProject.dll" adapterTypeName="executor://mstestadapter/v2" className="TwojeWesele.Services.Helpers.Tests.CurrencyHelperTests" name="FormatToStringTest1000" />
    </UnitTest>
    <UnitTest name="FormatToStringTest1000 (3646.857719214101,3646.86 zł)" storage="c:\projekty\mstestproject\bin\debug\netcoreapp3.1\mstestproject.dll" id="d24ddb8d-c9ec-4745-bd82-2273ac297d9a">
      <TestCategory>
        <TestCategoryItem TestCategory="Category1000" />
      </TestCategory>
      <Execution id="348265cc-e074-4695-b508-15122874306e" />
      <TestMethod codeBase="C:\Projekty\MSTestProject\bin\Debug\netcoreapp3.1\MSTestProject.dll" adapterTypeName="executor://mstestadapter/v2" className="TwojeWesele.Services.Helpers.Tests.CurrencyHelperTests" name="FormatToStringTest1000" />
    </UnitTest>
    <UnitTest name="FormatToStringTest1000 (52020.805412759444,52020.81 zł)" storage="c:\projekty\mstestproject\bin\debug\netcoreapp3.1\mstestproject.dll" id="0f1bdfea-2004-42f0-9ab0-419e90428f67">
      <TestCategory>
        <TestCategoryItem TestCategory="Category1000" />
      </TestCategory>
      <Execution id="ebb3ed29-8126-4d35-942f-c13baf034072" />
      <TestMethod codeBase="C:\Projekty\MSTestProject\bin\Debug\netcoreapp3.1\MSTestProject.dll" adapterTypeName="executor://mstestadapter/v2" className="TwojeWesele.Services.Helpers.Tests.CurrencyHelperTests" name="FormatToStringTest1000" />
    </UnitTest>
    <UnitTest name="FormatToStringTest1000 (25794.833624416417,25794.83 zł)" storage="c:\projekty\mstestproject\bin\debug\netcoreapp3.1\mstestproject.dll" id="7d6b6abb-d94c-4379-b6e6-b56041890820">
      <TestCategory>
        <TestCategoryItem TestCategory="Category1000" />
      </TestCategory>
      <Execution id="42d8d900-ea8e-444a-9111-12523fc2c76a" />
      <TestMethod codeBase="C:\Projekty\MSTestProject\bin\Debug\netcoreapp3.1\MSTestProject.dll" adapterTypeName="executor://mstestadapter/v2" className="TwojeWesele.Services.Helpers.Tests.CurrencyHelperTests" name="FormatToStringTest1000" />
    </UnitTest>
    <UnitTest name="FormatToStringTest1000 (45455.14554704127,45455.15 zł)" storage="c:\projekty\mstestproject\bin\debug\netcoreapp3.1\mstestproject.dll" id="178c8b6e-5923-4521-a58e-a3fbec364c76">
      <TestCategory>
        <TestCategoryItem TestCategory="Category1000" />
      </TestCategory>
      <Execution id="eb30bda7-ff2e-4073-8053-d978c03f7f01" />
      <TestMethod codeBase="C:\Projekty\MSTestProject\bin\Debug\netcoreapp3.1\MSTestProject.dll" adapterTypeName="executor://mstestadapter/v2" className="TwojeWesele.Services.Helpers.Tests.CurrencyHelperTests" name="FormatToStringTest1000" />
    </UnitTest>
    <UnitTest name="FormatToStringTest1000 (32812.53695512634,32812.54 zł)" storage="c:\projekty\mstestproject\bin\debug\netcoreapp3.1\mstestproject.dll" id="8b0e4f9c-9972-45fc-acc6-bcc29de3b630">
      <TestCategory>
        <TestCategoryItem TestCategory="Category1000" />
      </TestCategory>
      <Execution id="6324d846-984e-4257-a60f-e988ade31961" />
      <TestMethod codeBase="C:\Projekty\MSTestProject\bin\Debug\netcoreapp3.1\MSTestProject.dll" adapterTypeName="executor://mstestadapter/v2" className="TwojeWesele.Services.Helpers.Tests.CurrencyHelperTests" name="FormatToStringTest1000" />
    </UnitTest>
    <UnitTest name="FormatToStringTest1000 (10174.652801423637,10174.65 zł)" storage="c:\projekty\mstestproject\bin\debug\netcoreapp3.1\mstestproject.dll" id="c045fc2b-da5e-42af-9387-06d52965421d">
      <TestCategory>
        <TestCategoryItem TestCategory="Category1000" />
      </TestCategory>
      <Execution id="3f75a395-e8ac-40fa-adf7-9ce043d52f16" />
      <TestMethod codeBase="C:\Projekty\MSTestProject\bin\Debug\netcoreapp3.1\MSTestProject.dll" adapterTypeName="executor://mstestadapter/v2" className="TwojeWesele.Services.Helpers.Tests.CurrencyHelperTests" name="FormatToStringTest1000" />
    </UnitTest>
    <UnitTest name="FormatToStringTest1000 (8242.419043611,8242.42 zł)" storage="c:\projekty\mstestproject\bin\debug\netcoreapp3.1\mstestproject.dll" id="855e7d61-0204-4f5d-b342-2cc53738d11e">
      <TestCategory>
        <TestCategoryItem TestCategory="Category1000" />
      </TestCategory>
      <Execution id="528fd2a9-4b6f-41f4-8d4a-cdf77ce3b67c" />
      <TestMethod codeBase="C:\Projekty\MSTestProject\bin\Debug\netcoreapp3.1\MSTestProject.dll" adapterTypeName="executor://mstestadapter/v2" className="TwojeWesele.Services.Helpers.Tests.CurrencyHelperTests" name="FormatToStringTest1000" />
    </UnitTest>
    <UnitTest name="FormatToStringTest1000 (29362.005930638876,29362.01 zł)" storage="c:\projekty\mstestproject\bin\debug\netcoreapp3.1\mstestproject.dll" id="10ee7c3c-aa5f-4a8c-a6a1-b0f60ee75755">
      <TestCategory>
        <TestCategoryItem TestCategory="Category1000" />
      </TestCategory>
      <Execution id="bed63c9c-5ae5-4ecb-bd57-383734a6be56" />
      <TestMethod codeBase="C:\Projekty\MSTestProject\bin\Debug\netcoreapp3.1\MSTestProject.dll" adapterTypeName="executor://mstestadapter/v2" className="TwojeWesele.Services.Helpers.Tests.CurrencyHelperTests" name="FormatToStringTest1000" />
    </UnitTest>
    <UnitTest name="FormatToStringTest1000 (20527.270339210645,20527.27 zł)" storage="c:\projekty\mstestproject\bin\debug\netcoreapp3.1\mstestproject.dll" id="b89b7ead-18b7-4efc-8428-7ccf851198c7">
      <TestCategory>
        <TestCategoryItem TestCategory="Category1000" />
      </TestCategory>
      <Execution id="a1b6bb72-ae15-4988-911b-19984495c768" />
      <TestMethod codeBase="C:\Projekty\MSTestProject\bin\Debug\netcoreapp3.1\MSTestProject.dll" adapterTypeName="executor://mstestadapter/v2" className="TwojeWesele.Services.Helpers.Tests.CurrencyHelperTests" name="FormatToStringTest1000" />
    </UnitTest>
    <UnitTest name="FormatToStringTest1000 (43727.735558145556,43727.74 zł)" storage="c:\projekty\mstestproject\bin\debug\netcoreapp3.1\mstestproject.dll" id="83842fa2-a2e4-4c8a-988b-a2aff6f70f5d">
      <TestCategory>
        <TestCategoryItem TestCategory="Category1000" />
      </TestCategory>
      <Execution id="52f7ecad-07fd-4d3b-b833-0be128472f4f" />
      <TestMethod codeBase="C:\Projekty\MSTestProject\bin\Debug\netcoreapp3.1\MSTestProject.dll" adapterTypeName="executor://mstestadapter/v2" className="TwojeWesele.Services.Helpers.Tests.CurrencyHelperTests" name="FormatToStringTest1000" />
    </UnitTest>
    <UnitTest name="FormatToStringTest1000 (20640.678251201603,20640.68 zł)" storage="c:\projekty\mstestproject\bin\debug\netcoreapp3.1\mstestproject.dll" id="e83e6ebe-976b-4f15-ac42-670c973dcd23">
      <TestCategory>
        <TestCategoryItem TestCategory="Category1000" />
      </TestCategory>
      <Execution id="966ebbdd-2de3-460b-a541-5bede92a844b" />
      <TestMethod codeBase="C:\Projekty\MSTestProject\bin\Debug\netcoreapp3.1\MSTestProject.dll" adapterTypeName="executor://mstestadapter/v2" className="TwojeWesele.Services.Helpers.Tests.CurrencyHelperTests" name="FormatToStringTest1000" />
    </UnitTest>
    <UnitTest name="FormatToStringTest1000 (55303.17220895699,55303.17 zł)" storage="c:\projekty\mstestproject\bin\debug\netcoreapp3.1\mstestproject.dll" id="6e477c2f-f146-45d7-ae62-896f2375738d">
      <TestCategory>
        <TestCategoryItem TestCategory="Category1000" />
      </TestCategory>
      <Execution id="17a517db-2d6a-404e-b4e8-6a9e8354325e" />
      <TestMethod codeBase="C:\Projekty\MSTestProject\bin\Debug\netcoreapp3.1\MSTestProject.dll" adapterTypeName="executor://mstestadapter/v2" className="TwojeWesele.Services.Helpers.Tests.CurrencyHelperTests" name="FormatToStringTest1000" />
    </UnitTest>
    <UnitTest name="FormatToStringTest1000 (286.92120604539343,286.92 zł)" storage="c:\projekty\mstestproject\bin\debug\netcoreapp3.1\mstestproject.dll" id="e72f1a0d-961d-450b-9ffc-9284ceab3475">
      <TestCategory>
        <TestCategoryItem TestCategory="Category1000" />
      </TestCategory>
      <Execution id="a07cada9-db06-443f-9109-d6174f08098c" />
      <TestMethod codeBase="C:\Projekty\MSTestProject\bin\Debug\netcoreapp3.1\MSTestProject.dll" adapterTypeName="executor://mstestadapter/v2" className="TwojeWesele.Services.Helpers.Tests.CurrencyHelperTests" name="FormatToStringTest1000" />
    </UnitTest>
    <UnitTest name="FormatToStringTest1000 (6654.099431086378,6654.10 zł)" storage="c:\projekty\mstestproject\bin\debug\netcoreapp3.1\mstestproject.dll" id="34100f1d-1314-44a3-8bd5-fe1425ab5a4d">
      <TestCategory>
        <TestCategoryItem TestCategory="Category1000" />
      </TestCategory>
      <Execution id="2c87881e-1f7d-494d-828e-4fb7d2cf12aa" />
      <TestMethod codeBase="C:\Projekty\MSTestProject\bin\Debug\netcoreapp3.1\MSTestProject.dll" adapterTypeName="executor://mstestadapter/v2" className="TwojeWesele.Services.Helpers.Tests.CurrencyHelperTests" name="FormatToStringTest1000" />
    </UnitTest>
    <UnitTest name="FormatToStringTest1000 (50956.25028206606,50956.25 zł)" storage="c:\projekty\mstestproject\bin\debug\netcoreapp3.1\mstestproject.dll" id="a5c52c54-0c02-4a4f-bef8-6be8c97c3970">
      <TestCategory>
        <TestCategoryItem TestCategory="Category1000" />
      </TestCategory>
      <Execution id="e892a7cc-ff0c-49b1-82a5-27df5956b45c" />
      <TestMethod codeBase="C:\Projekty\MSTestProject\bin\Debug\netcoreapp3.1\MSTestProject.dll" adapterTypeName="executor://mstestadapter/v2" className="TwojeWesele.Services.Helpers.Tests.CurrencyHelperTests" name="FormatToStringTest1000" />
    </UnitTest>
    <UnitTest name="FormatToStringTest1000 (19519.4298413505,19519.43 zł)" storage="c:\projekty\mstestproject\bin\debug\netcoreapp3.1\mstestproject.dll" id="93570c29-7baf-41b2-a3d8-eaa545a070bf">
      <TestCategory>
        <TestCategoryItem TestCategory="Category1000" />
      </TestCategory>
      <Execution id="be4d5fc0-c9bb-4eaf-b5e6-87ea10ef629c" />
      <TestMethod codeBase="C:\Projekty\MSTestProject\bin\Debug\netcoreapp3.1\MSTestProject.dll" adapterTypeName="executor://mstestadapter/v2" className="TwojeWesele.Services.Helpers.Tests.CurrencyHelperTests" name="FormatToStringTest1000" />
    </UnitTest>
    <UnitTest name="FormatToStringTest1000 (20068.867046961965,20068.87 zł)" storage="c:\projekty\mstestproject\bin\debug\netcoreapp3.1\mstestproject.dll" id="d21632a0-036b-40d6-b805-771c52835d3d">
      <TestCategory>
        <TestCategoryItem TestCategory="Category1000" />
      </TestCategory>
      <Execution id="77fe179b-4852-488c-ad0d-9b93424e337f" />
      <TestMethod codeBase="C:\Projekty\MSTestProject\bin\Debug\netcoreapp3.1\MSTestProject.dll" adapterTypeName="executor://mstestadapter/v2" className="TwojeWesele.Services.Helpers.Tests.CurrencyHelperTests" name="FormatToStringTest1000" />
    </UnitTest>
    <UnitTest name="FormatToStringTest1000 (1741.3334432818617,1741.33 zł)" storage="c:\projekty\mstestproject\bin\debug\netcoreapp3.1\mstestproject.dll" id="ad79dc47-5235-449e-9750-1bf0d8c1c3ac">
      <TestCategory>
        <TestCategoryItem TestCategory="Category1000" />
      </TestCategory>
      <Execution id="9888ebb1-db6c-4f2d-9758-284531eaeed3" />
      <TestMethod codeBase="C:\Projekty\MSTestProject\bin\Debug\netcoreapp3.1\MSTestProject.dll" adapterTypeName="executor://mstestadapter/v2" className="TwojeWesele.Services.Helpers.Tests.CurrencyHelperTests" name="FormatToStringTest1000" />
    </UnitTest>
    <UnitTest name="FormatToStringTest1000 (50413.517583300134,50413.52 zł)" storage="c:\projekty\mstestproject\bin\debug\netcoreapp3.1\mstestproject.dll" id="9e92fa54-700b-42ad-867b-b04998b0503c">
      <TestCategory>
        <TestCategoryItem TestCategory="Category1000" />
      </TestCategory>
      <Execution id="80cd0651-fd77-4933-ac8f-9a1a9794f3dd" />
      <TestMethod codeBase="C:\Projekty\MSTestProject\bin\Debug\netcoreapp3.1\MSTestProject.dll" adapterTypeName="executor://mstestadapter/v2" className="TwojeWesele.Services.Helpers.Tests.CurrencyHelperTests" name="FormatToStringTest1000" />
    </UnitTest>
    <UnitTest name="FormatToStringTest1000 (2121.0917325211185,2121.09 zł)" storage="c:\projekty\mstestproject\bin\debug\netcoreapp3.1\mstestproject.dll" id="3e0258a9-f9c1-411c-afb1-7860004ecda9">
      <TestCategory>
        <TestCategoryItem TestCategory="Category1000" />
      </TestCategory>
      <Execution id="295322c4-05b7-4a3b-898c-86294caee751" />
      <TestMethod codeBase="C:\Projekty\MSTestProject\bin\Debug\netcoreapp3.1\MSTestProject.dll" adapterTypeName="executor://mstestadapter/v2" className="TwojeWesele.Services.Helpers.Tests.CurrencyHelperTests" name="FormatToStringTest1000" />
    </UnitTest>
    <UnitTest name="FormatToStringTest1000 (16388.556189478633,16388.56 zł)" storage="c:\projekty\mstestproject\bin\debug\netcoreapp3.1\mstestproject.dll" id="6a8f8860-e0ee-4c9e-91f4-905dbc255109">
      <TestCategory>
        <TestCategoryItem TestCategory="Category1000" />
      </TestCategory>
      <Execution id="cc8e15f8-765e-4147-bb8a-b15b13284b7e" />
      <TestMethod codeBase="C:\Projekty\MSTestProject\bin\Debug\netcoreapp3.1\MSTestProject.dll" adapterTypeName="executor://mstestadapter/v2" className="TwojeWesele.Services.Helpers.Tests.CurrencyHelperTests" name="FormatToStringTest1000" />
    </UnitTest>
    <UnitTest name="FormatToStringTest1000 (33251.41907856028,33251.42 zł)" storage="c:\projekty\mstestproject\bin\debug\netcoreapp3.1\mstestproject.dll" id="3b78b11f-091f-4ed0-9e9f-b2c2aa9246d9">
      <TestCategory>
        <TestCategoryItem TestCategory="Category1000" />
      </TestCategory>
      <Execution id="b66816cc-7775-4787-9118-4da9f44a8cdf" />
      <TestMethod codeBase="C:\Projekty\MSTestProject\bin\Debug\netcoreapp3.1\MSTestProject.dll" adapterTypeName="executor://mstestadapter/v2" className="TwojeWesele.Services.Helpers.Tests.CurrencyHelperTests" name="FormatToStringTest1000" />
    </UnitTest>
    <UnitTest name="FormatToStringTest1000 (14480.387652530982,14480.39 zł)" storage="c:\projekty\mstestproject\bin\debug\netcoreapp3.1\mstestproject.dll" id="821aa26c-ea88-4006-b105-67297329000d">
      <TestCategory>
        <TestCategoryItem TestCategory="Category1000" />
      </TestCategory>
      <Execution id="c1ec34bf-b85a-40e1-858d-6e2527b84f75" />
      <TestMethod codeBase="C:\Projekty\MSTestProject\bin\Debug\netcoreapp3.1\MSTestProject.dll" adapterTypeName="executor://mstestadapter/v2" className="TwojeWesele.Services.Helpers.Tests.CurrencyHelperTests" name="FormatToStringTest1000" />
    </UnitTest>
    <UnitTest name="FormatToStringTest1000 (53192.79032742269,53192.79 zł)" storage="c:\projekty\mstestproject\bin\debug\netcoreapp3.1\mstestproject.dll" id="f100b6f4-764e-4e4b-bd78-c3e13d4c1b98">
      <TestCategory>
        <TestCategoryItem TestCategory="Category1000" />
      </TestCategory>
      <Execution id="df4260a0-b2e3-4856-adfc-c9e0014d37a6" />
      <TestMethod codeBase="C:\Projekty\MSTestProject\bin\Debug\netcoreapp3.1\MSTestProject.dll" adapterTypeName="executor://mstestadapter/v2" className="TwojeWesele.Services.Helpers.Tests.CurrencyHelperTests" name="FormatToStringTest1000" />
    </UnitTest>
    <UnitTest name="FormatToStringTest1000 (77919.64716867341,77919.65 zł)" storage="c:\projekty\mstestproject\bin\debug\netcoreapp3.1\mstestproject.dll" id="0f984d03-ab0b-4fff-ad7d-3db3b8d0e159">
      <TestCategory>
        <TestCategoryItem TestCategory="Category1000" />
      </TestCategory>
      <Execution id="4955d7a4-6217-43b4-9af8-392353b51db0" />
      <TestMethod codeBase="C:\Projekty\MSTestProject\bin\Debug\netcoreapp3.1\MSTestProject.dll" adapterTypeName="executor://mstestadapter/v2" className="TwojeWesele.Services.Helpers.Tests.CurrencyHelperTests" name="FormatToStringTest1000" />
    </UnitTest>
    <UnitTest name="FormatToStringTest1000 (13046.352146307172,13046.35 zł)" storage="c:\projekty\mstestproject\bin\debug\netcoreapp3.1\mstestproject.dll" id="5324c0ce-a608-40b9-abf6-24022d952750">
      <TestCategory>
        <TestCategoryItem TestCategory="Category1000" />
      </TestCategory>
      <Execution id="0fce89bf-4637-48a7-b37d-c92ccbe8f0f8" />
      <TestMethod codeBase="C:\Projekty\MSTestProject\bin\Debug\netcoreapp3.1\MSTestProject.dll" adapterTypeName="executor://mstestadapter/v2" className="TwojeWesele.Services.Helpers.Tests.CurrencyHelperTests" name="FormatToStringTest1000" />
    </UnitTest>
    <UnitTest name="FormatToStringTest1000 (31799.68317462815,31799.68 zł)" storage="c:\projekty\mstestproject\bin\debug\netcoreapp3.1\mstestproject.dll" id="b70e9e81-433f-46b2-8ea7-704c745822f9">
      <TestCategory>
        <TestCategoryItem TestCategory="Category1000" />
      </TestCategory>
      <Execution id="e5c69d45-eadf-480a-bed8-79357b10d9fe" />
      <TestMethod codeBase="C:\Projekty\MSTestProject\bin\Debug\netcoreapp3.1\MSTestProject.dll" adapterTypeName="executor://mstestadapter/v2" className="TwojeWesele.Services.Helpers.Tests.CurrencyHelperTests" name="FormatToStringTest1000" />
    </UnitTest>
    <UnitTest name="FormatToStringTest1000 (5140.16338917155,5140.16 zł)" storage="c:\projekty\mstestproject\bin\debug\netcoreapp3.1\mstestproject.dll" id="f3f70453-fccf-452d-8b13-f15aa35c5c57">
      <TestCategory>
        <TestCategoryItem TestCategory="Category1000" />
      </TestCategory>
      <Execution id="aabfbb28-4ce5-4e80-a48d-52bf2a53fb27" />
      <TestMethod codeBase="C:\Projekty\MSTestProject\bin\Debug\netcoreapp3.1\MSTestProject.dll" adapterTypeName="executor://mstestadapter/v2" className="TwojeWesele.Services.Helpers.Tests.CurrencyHelperTests" name="FormatToStringTest1000" />
    </UnitTest>
    <UnitTest name="FormatToStringTest1000 (7191.024921368353,7191.02 zł)" storage="c:\projekty\mstestproject\bin\debug\netcoreapp3.1\mstestproject.dll" id="77db11b5-7e1f-43d1-ac1d-058faf66a6dc">
      <TestCategory>
        <TestCategoryItem TestCategory="Category1000" />
      </TestCategory>
      <Execution id="3f781043-121d-4cc7-8e4f-805f05dcd5aa" />
      <TestMethod codeBase="C:\Projekty\MSTestProject\bin\Debug\netcoreapp3.1\MSTestProject.dll" adapterTypeName="executor://mstestadapter/v2" className="TwojeWesele.Services.Helpers.Tests.CurrencyHelperTests" name="FormatToStringTest1000" />
    </UnitTest>
    <UnitTest name="FormatToStringTest1000 (4919.073526169674,4919.07 zł)" storage="c:\projekty\mstestproject\bin\debug\netcoreapp3.1\mstestproject.dll" id="32c52c1f-e1a2-4110-9364-33ea0c201995">
      <TestCategory>
        <TestCategoryItem TestCategory="Category1000" />
      </TestCategory>
      <Execution id="9919bb3e-1a04-4fa4-839f-cbffc747f5f0" />
      <TestMethod codeBase="C:\Projekty\MSTestProject\bin\Debug\netcoreapp3.1\MSTestProject.dll" adapterTypeName="executor://mstestadapter/v2" className="TwojeWesele.Services.Helpers.Tests.CurrencyHelperTests" name="FormatToStringTest1000" />
    </UnitTest>
    <UnitTest name="FormatToStringTest1000 (75162.39407669863,75162.39 zł)" storage="c:\projekty\mstestproject\bin\debug\netcoreapp3.1\mstestproject.dll" id="38c8b84c-5e9a-4c41-b2d8-ea27bf8e4681">
      <TestCategory>
        <TestCategoryItem TestCategory="Category1000" />
      </TestCategory>
      <Execution id="3865842d-2b71-4283-9ce9-fcf4916fa8f6" />
      <TestMethod codeBase="C:\Projekty\MSTestProject\bin\Debug\netcoreapp3.1\MSTestProject.dll" adapterTypeName="executor://mstestadapter/v2" className="TwojeWesele.Services.Helpers.Tests.CurrencyHelperTests" name="FormatToStringTest1000" />
    </UnitTest>
    <UnitTest name="FormatToStringTest1000 (60017.857676936714,60017.86 zł)" storage="c:\projekty\mstestproject\bin\debug\netcoreapp3.1\mstestproject.dll" id="6cbc992e-da88-45df-a21d-702ccd135ba8">
      <TestCategory>
        <TestCategoryItem TestCategory="Category1000" />
      </TestCategory>
      <Execution id="3187d7b7-c15c-4df4-84ab-a166543cc0b9" />
      <TestMethod codeBase="C:\Projekty\MSTestProject\bin\Debug\netcoreapp3.1\MSTestProject.dll" adapterTypeName="executor://mstestadapter/v2" className="TwojeWesele.Services.Helpers.Tests.CurrencyHelperTests" name="FormatToStringTest1000" />
    </UnitTest>
    <UnitTest name="FormatToStringTest1000 (743.047944508981,743.05 zł)" storage="c:\projekty\mstestproject\bin\debug\netcoreapp3.1\mstestproject.dll" id="35734595-0388-4b42-aa26-9e45eccb7374">
      <TestCategory>
        <TestCategoryItem TestCategory="Category1000" />
      </TestCategory>
      <Execution id="a7c39ea9-3731-4269-a4f2-89111c4e74a5" />
      <TestMethod codeBase="C:\Projekty\MSTestProject\bin\Debug\netcoreapp3.1\MSTestProject.dll" adapterTypeName="executor://mstestadapter/v2" className="TwojeWesele.Services.Helpers.Tests.CurrencyHelperTests" name="FormatToStringTest1000" />
    </UnitTest>
    <UnitTest name="FormatToStringTest1000 (15669.698889610218,15669.70 zł)" storage="c:\projekty\mstestproject\bin\debug\netcoreapp3.1\mstestproject.dll" id="e1b232a6-81d6-4a16-a93f-a3593353b42f">
      <TestCategory>
        <TestCategoryItem TestCategory="Category1000" />
      </TestCategory>
      <Execution id="7a5eeed9-84c3-47a6-bb57-1fb05fa1a317" />
      <TestMethod codeBase="C:\Projekty\MSTestProject\bin\Debug\netcoreapp3.1\MSTestProject.dll" adapterTypeName="executor://mstestadapter/v2" className="TwojeWesele.Services.Helpers.Tests.CurrencyHelperTests" name="FormatToStringTest1000" />
    </UnitTest>
    <UnitTest name="FormatToStringTest1000 (29508.077101491428,29508.08 zł)" storage="c:\projekty\mstestproject\bin\debug\netcoreapp3.1\mstestproject.dll" id="c799e6c0-595c-44da-bfe5-ef1ba4de85e5">
      <TestCategory>
        <TestCategoryItem TestCategory="Category1000" />
      </TestCategory>
      <Execution id="de64b963-5e00-4ed5-9ab9-5e77931bd87a" />
      <TestMethod codeBase="C:\Projekty\MSTestProject\bin\Debug\netcoreapp3.1\MSTestProject.dll" adapterTypeName="executor://mstestadapter/v2" className="TwojeWesele.Services.Helpers.Tests.CurrencyHelperTests" name="FormatToStringTest1000" />
    </UnitTest>
    <UnitTest name="FormatToStringTest1000 (13574.683315038068,13574.68 zł)" storage="c:\projekty\mstestproject\bin\debug\netcoreapp3.1\mstestproject.dll" id="743eeda5-72c5-4002-9486-61ec3f9e2274">
      <TestCategory>
        <TestCategoryItem TestCategory="Category1000" />
      </TestCategory>
      <Execution id="2192666a-55dd-4708-b84e-62ae6aa2e0c1" />
      <TestMethod codeBase="C:\Projekty\MSTestProject\bin\Debug\netcoreapp3.1\MSTestProject.dll" adapterTypeName="executor://mstestadapter/v2" className="TwojeWesele.Services.Helpers.Tests.CurrencyHelperTests" name="FormatToStringTest1000" />
    </UnitTest>
    <UnitTest name="FormatToStringTest1000 (941.429400278921,941.43 zł)" storage="c:\projekty\mstestproject\bin\debug\netcoreapp3.1\mstestproject.dll" id="dcf6dca9-8250-4b07-9f13-47b2c54e96dd">
      <TestCategory>
        <TestCategoryItem TestCategory="Category1000" />
      </TestCategory>
      <Execution id="1d78f3a3-24fe-40b5-9981-a84bee76148b" />
      <TestMethod codeBase="C:\Projekty\MSTestProject\bin\Debug\netcoreapp3.1\MSTestProject.dll" adapterTypeName="executor://mstestadapter/v2" className="TwojeWesele.Services.Helpers.Tests.CurrencyHelperTests" name="FormatToStringTest1000" />
    </UnitTest>
    <UnitTest name="FormatToStringTest1000 (51300.77891898145,51300.78 zł)" storage="c:\projekty\mstestproject\bin\debug\netcoreapp3.1\mstestproject.dll" id="72676f65-320c-4560-9111-17e21fc0da8c">
      <TestCategory>
        <TestCategoryItem TestCategory="Category1000" />
      </TestCategory>
      <Execution id="6999a78c-577a-4df4-ab30-5c4dd71bfd5b" />
      <TestMethod codeBase="C:\Projekty\MSTestProject\bin\Debug\netcoreapp3.1\MSTestProject.dll" adapterTypeName="executor://mstestadapter/v2" className="TwojeWesele.Services.Helpers.Tests.CurrencyHelperTests" name="FormatToStringTest1000" />
    </UnitTest>
    <UnitTest name="FormatToStringTest1000 (20441.330495004695,20441.33 zł)" storage="c:\projekty\mstestproject\bin\debug\netcoreapp3.1\mstestproject.dll" id="fe8e0df0-3f99-404b-9768-0c6d931c6515">
      <TestCategory>
        <TestCategoryItem TestCategory="Category1000" />
      </TestCategory>
      <Execution id="f432e80a-0457-4c69-9496-b60895840918" />
      <TestMethod codeBase="C:\Projekty\MSTestProject\bin\Debug\netcoreapp3.1\MSTestProject.dll" adapterTypeName="executor://mstestadapter/v2" className="TwojeWesele.Services.Helpers.Tests.CurrencyHelperTests" name="FormatToStringTest1000" />
    </UnitTest>
    <UnitTest name="FormatToStringTest1000 (13745.115971449817,13745.12 zł)" storage="c:\projekty\mstestproject\bin\debug\netcoreapp3.1\mstestproject.dll" id="0912fdc6-d74f-4ea8-ac8a-6a9c88ce1c12">
      <TestCategory>
        <TestCategoryItem TestCategory="Category1000" />
      </TestCategory>
      <Execution id="e2cb91c5-a1bf-46ac-b2b6-4831153bcd73" />
      <TestMethod codeBase="C:\Projekty\MSTestProject\bin\Debug\netcoreapp3.1\MSTestProject.dll" adapterTypeName="executor://mstestadapter/v2" className="TwojeWesele.Services.Helpers.Tests.CurrencyHelperTests" name="FormatToStringTest1000" />
    </UnitTest>
    <UnitTest name="FormatToStringTest1000 (486.15309567942893,486.15 zł)" storage="c:\projekty\mstestproject\bin\debug\netcoreapp3.1\mstestproject.dll" id="104f14e6-1897-4d70-b916-ca43cac460bb">
      <TestCategory>
        <TestCategoryItem TestCategory="Category1000" />
      </TestCategory>
      <Execution id="3d51f38e-111b-4d2d-9a9e-5d1800ff54c0" />
      <TestMethod codeBase="C:\Projekty\MSTestProject\bin\Debug\netcoreapp3.1\MSTestProject.dll" adapterTypeName="executor://mstestadapter/v2" className="TwojeWesele.Services.Helpers.Tests.CurrencyHelperTests" name="FormatToStringTest1000" />
    </UnitTest>
    <UnitTest name="FormatToStringTest1000 (26162.532683261918,26162.53 zł)" storage="c:\projekty\mstestproject\bin\debug\netcoreapp3.1\mstestproject.dll" id="bdc82232-7b57-4902-83d9-defe86eae348">
      <TestCategory>
        <TestCategoryItem TestCategory="Category1000" />
      </TestCategory>
      <Execution id="897f4b9f-3619-4116-bd55-971467d9a70f" />
      <TestMethod codeBase="C:\Projekty\MSTestProject\bin\Debug\netcoreapp3.1\MSTestProject.dll" adapterTypeName="executor://mstestadapter/v2" className="TwojeWesele.Services.Helpers.Tests.CurrencyHelperTests" name="FormatToStringTest1000" />
    </UnitTest>
    <UnitTest name="FormatToStringTest1000 (46790.41011887715,46790.41 zł)" storage="c:\projekty\mstestproject\bin\debug\netcoreapp3.1\mstestproject.dll" id="f65c9e07-ac0f-447e-b2bd-caf1a0327d26">
      <TestCategory>
        <TestCategoryItem TestCategory="Category1000" />
      </TestCategory>
      <Execution id="4d7f61f2-b3f0-4315-9bd9-9ff377fca077" />
      <TestMethod codeBase="C:\Projekty\MSTestProject\bin\Debug\netcoreapp3.1\MSTestProject.dll" adapterTypeName="executor://mstestadapter/v2" className="TwojeWesele.Services.Helpers.Tests.CurrencyHelperTests" name="FormatToStringTest1000" />
    </UnitTest>
    <UnitTest name="FormatToStringTest1000 (10370.0107542784,10370.01 zł)" storage="c:\projekty\mstestproject\bin\debug\netcoreapp3.1\mstestproject.dll" id="487b5b95-a786-47bd-9faf-6f1b62ed1080">
      <TestCategory>
        <TestCategoryItem TestCategory="Category1000" />
      </TestCategory>
      <Execution id="c4216952-a11b-4177-aa34-9357833f6719" />
      <TestMethod codeBase="C:\Projekty\MSTestProject\bin\Debug\netcoreapp3.1\MSTestProject.dll" adapterTypeName="executor://mstestadapter/v2" className="TwojeWesele.Services.Helpers.Tests.CurrencyHelperTests" name="FormatToStringTest1000" />
    </UnitTest>
    <UnitTest name="FormatToStringTest1000 (13503.943645929892,13503.94 zł)" storage="c:\projekty\mstestproject\bin\debug\netcoreapp3.1\mstestproject.dll" id="86a3faf2-2d5e-4985-9410-5855d090139f">
      <TestCategory>
        <TestCategoryItem TestCategory="Category1000" />
      </TestCategory>
      <Execution id="d5b09eab-1b69-4c73-9d5e-d766fe1afbaa" />
      <TestMethod codeBase="C:\Projekty\MSTestProject\bin\Debug\netcoreapp3.1\MSTestProject.dll" adapterTypeName="executor://mstestadapter/v2" className="TwojeWesele.Services.Helpers.Tests.CurrencyHelperTests" name="FormatToStringTest1000" />
    </UnitTest>
    <UnitTest name="FormatToStringTest1000 (18627.604896394354,18627.60 zł)" storage="c:\projekty\mstestproject\bin\debug\netcoreapp3.1\mstestproject.dll" id="f0931941-ab4e-4df8-95c3-142d4bb70003">
      <TestCategory>
        <TestCategoryItem TestCategory="Category1000" />
      </TestCategory>
      <Execution id="06fac5eb-b76f-45dc-ac23-53885e23180a" />
      <TestMethod codeBase="C:\Projekty\MSTestProject\bin\Debug\netcoreapp3.1\MSTestProject.dll" adapterTypeName="executor://mstestadapter/v2" className="TwojeWesele.Services.Helpers.Tests.CurrencyHelperTests" name="FormatToStringTest1000" />
    </UnitTest>
    <UnitTest name="FormatToStringTest1000 (4252.4012513842445,4252.40 zł)" storage="c:\projekty\mstestproject\bin\debug\netcoreapp3.1\mstestproject.dll" id="21dd82d2-a1b6-4536-80c5-a3cc611fa526">
      <TestCategory>
        <TestCategoryItem TestCategory="Category1000" />
      </TestCategory>
      <Execution id="def037ec-ba82-4e3c-8a89-2637291775ca" />
      <TestMethod codeBase="C:\Projekty\MSTestProject\bin\Debug\netcoreapp3.1\MSTestProject.dll" adapterTypeName="executor://mstestadapter/v2" className="TwojeWesele.Services.Helpers.Tests.CurrencyHelperTests" name="FormatToStringTest1000" />
    </UnitTest>
    <UnitTest name="FormatToStringTest1000 (765.778932784581,765.78 zł)" storage="c:\projekty\mstestproject\bin\debug\netcoreapp3.1\mstestproject.dll" id="70090a35-39fb-4948-8101-c5ecee164f11">
      <TestCategory>
        <TestCategoryItem TestCategory="Category1000" />
      </TestCategory>
      <Execution id="8f405ab3-22eb-47a8-a8f2-a44aeaf1a9c9" />
      <TestMethod codeBase="C:\Projekty\MSTestProject\bin\Debug\netcoreapp3.1\MSTestProject.dll" adapterTypeName="executor://mstestadapter/v2" className="TwojeWesele.Services.Helpers.Tests.CurrencyHelperTests" name="FormatToStringTest1000" />
    </UnitTest>
    <UnitTest name="FormatToStringTest1000 (43858.624379632354,43858.62 zł)" storage="c:\projekty\mstestproject\bin\debug\netcoreapp3.1\mstestproject.dll" id="21f9ee89-a2ca-428e-9b69-31dc844dcd8b">
      <TestCategory>
        <TestCategoryItem TestCategory="Category1000" />
      </TestCategory>
      <Execution id="61fb411b-65b4-43e9-9bd6-261b5e31d106" />
      <TestMethod codeBase="C:\Projekty\MSTestProject\bin\Debug\netcoreapp3.1\MSTestProject.dll" adapterTypeName="executor://mstestadapter/v2" className="TwojeWesele.Services.Helpers.Tests.CurrencyHelperTests" name="FormatToStringTest1000" />
    </UnitTest>
    <UnitTest name="FormatToStringTest1000 (6102.4120417453405,6102.41 zł)" storage="c:\projekty\mstestproject\bin\debug\netcoreapp3.1\mstestproject.dll" id="d7a8c96b-51b8-4f33-91ec-673f3c3dc801">
      <TestCategory>
        <TestCategoryItem TestCategory="Category1000" />
      </TestCategory>
      <Execution id="df9e5d8c-a904-4032-b801-9d1ec22a2059" />
      <TestMethod codeBase="C:\Projekty\MSTestProject\bin\Debug\netcoreapp3.1\MSTestProject.dll" adapterTypeName="executor://mstestadapter/v2" className="TwojeWesele.Services.Helpers.Tests.CurrencyHelperTests" name="FormatToStringTest1000" />
    </UnitTest>
    <UnitTest name="FormatToStringTest1000 (79973.08417819678,79973.08 zł)" storage="c:\projekty\mstestproject\bin\debug\netcoreapp3.1\mstestproject.dll" id="60236622-4409-4be7-a334-3e7ecafbf658">
      <TestCategory>
        <TestCategoryItem TestCategory="Category1000" />
      </TestCategory>
      <Execution id="b6139125-f444-4447-98ad-4d84e9de6c58" />
      <TestMethod codeBase="C:\Projekty\MSTestProject\bin\Debug\netcoreapp3.1\MSTestProject.dll" adapterTypeName="executor://mstestadapter/v2" className="TwojeWesele.Services.Helpers.Tests.CurrencyHelperTests" name="FormatToStringTest1000" />
    </UnitTest>
    <UnitTest name="FormatToStringTest1000 (11494.27761332238,11494.28 zł)" storage="c:\projekty\mstestproject\bin\debug\netcoreapp3.1\mstestproject.dll" id="a27ba0bc-bf51-40a2-91b2-71f2d2093a50">
      <TestCategory>
        <TestCategoryItem TestCategory="Category1000" />
      </TestCategory>
      <Execution id="b04ed7e9-2ded-45ed-a31d-f27eb8a7ad96" />
      <TestMethod codeBase="C:\Projekty\MSTestProject\bin\Debug\netcoreapp3.1\MSTestProject.dll" adapterTypeName="executor://mstestadapter/v2" className="TwojeWesele.Services.Helpers.Tests.CurrencyHelperTests" name="FormatToStringTest1000" />
    </UnitTest>
    <UnitTest name="FormatToStringTest1000 (47575.6421269959,47575.64 zł)" storage="c:\projekty\mstestproject\bin\debug\netcoreapp3.1\mstestproject.dll" id="abc37771-2748-4b49-8166-11e3d9022d58">
      <TestCategory>
        <TestCategoryItem TestCategory="Category1000" />
      </TestCategory>
      <Execution id="eb9b6ed7-73c0-49cf-9064-5d8ab2936202" />
      <TestMethod codeBase="C:\Projekty\MSTestProject\bin\Debug\netcoreapp3.1\MSTestProject.dll" adapterTypeName="executor://mstestadapter/v2" className="TwojeWesele.Services.Helpers.Tests.CurrencyHelperTests" name="FormatToStringTest1000" />
    </UnitTest>
    <UnitTest name="FormatToStringTest1000 (20552.966022956633,20552.97 zł)" storage="c:\projekty\mstestproject\bin\debug\netcoreapp3.1\mstestproject.dll" id="0de87360-231f-44dd-8f62-684c6e6406f5">
      <TestCategory>
        <TestCategoryItem TestCategory="Category1000" />
      </TestCategory>
      <Execution id="4ed67625-1c51-4a00-9183-380e85804d22" />
      <TestMethod codeBase="C:\Projekty\MSTestProject\bin\Debug\netcoreapp3.1\MSTestProject.dll" adapterTypeName="executor://mstestadapter/v2" className="TwojeWesele.Services.Helpers.Tests.CurrencyHelperTests" name="FormatToStringTest1000" />
    </UnitTest>
    <UnitTest name="FormatToStringTest1000 (51632.87002968503,51632.87 zł)" storage="c:\projekty\mstestproject\bin\debug\netcoreapp3.1\mstestproject.dll" id="7e881a68-bc5f-499a-8612-ebbb28de203a">
      <TestCategory>
        <TestCategoryItem TestCategory="Category1000" />
      </TestCategory>
      <Execution id="5d2a32bc-d73f-4bc5-8ab1-2a35e684ff3b" />
      <TestMethod codeBase="C:\Projekty\MSTestProject\bin\Debug\netcoreapp3.1\MSTestProject.dll" adapterTypeName="executor://mstestadapter/v2" className="TwojeWesele.Services.Helpers.Tests.CurrencyHelperTests" name="FormatToStringTest1000" />
    </UnitTest>
    <UnitTest name="FormatToStringTest1000 (30385.72086375613,30385.72 zł)" storage="c:\projekty\mstestproject\bin\debug\netcoreapp3.1\mstestproject.dll" id="bdd44e38-6f13-4c41-a44e-e873680f5a2f">
      <TestCategory>
        <TestCategoryItem TestCategory="Category1000" />
      </TestCategory>
      <Execution id="02c9a43e-a4e0-44e5-90db-bfbfc57772e5" />
      <TestMethod codeBase="C:\Projekty\MSTestProject\bin\Debug\netcoreapp3.1\MSTestProject.dll" adapterTypeName="executor://mstestadapter/v2" className="TwojeWesele.Services.Helpers.Tests.CurrencyHelperTests" name="FormatToStringTest1000" />
    </UnitTest>
    <UnitTest name="FormatToStringTest1000 (28583.827618148098,28583.83 zł)" storage="c:\projekty\mstestproject\bin\debug\netcoreapp3.1\mstestproject.dll" id="94b23814-dd52-4dc7-92db-d9d73acb667d">
      <TestCategory>
        <TestCategoryItem TestCategory="Category1000" />
      </TestCategory>
      <Execution id="6f512f58-c9a4-45c4-8243-2e837b1c23cd" />
      <TestMethod codeBase="C:\Projekty\MSTestProject\bin\Debug\netcoreapp3.1\MSTestProject.dll" adapterTypeName="executor://mstestadapter/v2" className="TwojeWesele.Services.Helpers.Tests.CurrencyHelperTests" name="FormatToStringTest1000" />
    </UnitTest>
    <UnitTest name="FormatToStringTest1000 (13323.876109275909,13323.88 zł)" storage="c:\projekty\mstestproject\bin\debug\netcoreapp3.1\mstestproject.dll" id="d0154d59-5e1c-4a2e-942b-01d74b11239e">
      <TestCategory>
        <TestCategoryItem TestCategory="Category1000" />
      </TestCategory>
      <Execution id="1feb5760-5a7c-4494-be0a-7b7e1df1e7ca" />
      <TestMethod codeBase="C:\Projekty\MSTestProject\bin\Debug\netcoreapp3.1\MSTestProject.dll" adapterTypeName="executor://mstestadapter/v2" className="TwojeWesele.Services.Helpers.Tests.CurrencyHelperTests" name="FormatToStringTest1000" />
    </UnitTest>
    <UnitTest name="FormatToStringTest1000 (7050.437505805137,7050.44 zł)" storage="c:\projekty\mstestproject\bin\debug\netcoreapp3.1\mstestproject.dll" id="0fe2a9cb-ff3f-4048-890b-0b82c9951d57">
      <TestCategory>
        <TestCategoryItem TestCategory="Category1000" />
      </TestCategory>
      <Execution id="1a767b34-5bf5-4a81-a8f0-c7bca449e838" />
      <TestMethod codeBase="C:\Projekty\MSTestProject\bin\Debug\netcoreapp3.1\MSTestProject.dll" adapterTypeName="executor://mstestadapter/v2" className="TwojeWesele.Services.Helpers.Tests.CurrencyHelperTests" name="FormatToStringTest1000" />
    </UnitTest>
    <UnitTest name="FormatToStringTest1000 (11430.666613002619,11430.67 zł)" storage="c:\projekty\mstestproject\bin\debug\netcoreapp3.1\mstestproject.dll" id="edb27f43-3340-4943-9147-078e12430f06">
      <TestCategory>
        <TestCategoryItem TestCategory="Category1000" />
      </TestCategory>
      <Execution id="5cf398fa-b207-4aa7-9e84-a541f5032f3b" />
      <TestMethod codeBase="C:\Projekty\MSTestProject\bin\Debug\netcoreapp3.1\MSTestProject.dll" adapterTypeName="executor://mstestadapter/v2" className="TwojeWesele.Services.Helpers.Tests.CurrencyHelperTests" name="FormatToStringTest1000" />
    </UnitTest>
    <UnitTest name="FormatToStringTest1000 (57436.33241095409,57436.33 zł)" storage="c:\projekty\mstestproject\bin\debug\netcoreapp3.1\mstestproject.dll" id="564e6ad8-508b-4254-a3f5-6500ff82a0c6">
      <TestCategory>
        <TestCategoryItem TestCategory="Category1000" />
      </TestCategory>
      <Execution id="8628f14a-c34a-49bd-aa46-06c7b3cc1f28" />
      <TestMethod codeBase="C:\Projekty\MSTestProject\bin\Debug\netcoreapp3.1\MSTestProject.dll" adapterTypeName="executor://mstestadapter/v2" className="TwojeWesele.Services.Helpers.Tests.CurrencyHelperTests" name="FormatToStringTest1000" />
    </UnitTest>
    <UnitTest name="FormatToStringTest1000 (23649.104642116046,23649.10 zł)" storage="c:\projekty\mstestproject\bin\debug\netcoreapp3.1\mstestproject.dll" id="f64f3669-991e-4b1f-a5cd-89a9d263a2dd">
      <TestCategory>
        <TestCategoryItem TestCategory="Category1000" />
      </TestCategory>
      <Execution id="91f5c03a-5dd9-45eb-9e7f-7f1a07337345" />
      <TestMethod codeBase="C:\Projekty\MSTestProject\bin\Debug\netcoreapp3.1\MSTestProject.dll" adapterTypeName="executor://mstestadapter/v2" className="TwojeWesele.Services.Helpers.Tests.CurrencyHelperTests" name="FormatToStringTest1000" />
    </UnitTest>
    <UnitTest name="FormatToStringTest1000 (28192.949128067565,28192.95 zł)" storage="c:\projekty\mstestproject\bin\debug\netcoreapp3.1\mstestproject.dll" id="5a1a22f4-8281-4f09-b359-81db45727612">
      <TestCategory>
        <TestCategoryItem TestCategory="Category1000" />
      </TestCategory>
      <Execution id="3ee6a3af-1869-4485-b85b-7f9ca6c4615e" />
      <TestMethod codeBase="C:\Projekty\MSTestProject\bin\Debug\netcoreapp3.1\MSTestProject.dll" adapterTypeName="executor://mstestadapter/v2" className="TwojeWesele.Services.Helpers.Tests.CurrencyHelperTests" name="FormatToStringTest1000" />
    </UnitTest>
    <UnitTest name="FormatToStringTest1000 (31290.71396233687,31290.71 zł)" storage="c:\projekty\mstestproject\bin\debug\netcoreapp3.1\mstestproject.dll" id="50d7a225-a939-42bf-aa5b-3b351954dba6">
      <TestCategory>
        <TestCategoryItem TestCategory="Category1000" />
      </TestCategory>
      <Execution id="f5f9f192-0a8d-4f85-bb76-05fd961e69c9" />
      <TestMethod codeBase="C:\Projekty\MSTestProject\bin\Debug\netcoreapp3.1\MSTestProject.dll" adapterTypeName="executor://mstestadapter/v2" className="TwojeWesele.Services.Helpers.Tests.CurrencyHelperTests" name="FormatToStringTest1000" />
    </UnitTest>
    <UnitTest name="FormatToStringTest1000 (70149.17842025738,70149.18 zł)" storage="c:\projekty\mstestproject\bin\debug\netcoreapp3.1\mstestproject.dll" id="79f33577-74e1-4c8a-8dfe-8a267076e08f">
      <TestCategory>
        <TestCategoryItem TestCategory="Category1000" />
      </TestCategory>
      <Execution id="9d8a15de-0782-4363-81cb-099da63c31bd" />
      <TestMethod codeBase="C:\Projekty\MSTestProject\bin\Debug\netcoreapp3.1\MSTestProject.dll" adapterTypeName="executor://mstestadapter/v2" className="TwojeWesele.Services.Helpers.Tests.CurrencyHelperTests" name="FormatToStringTest1000" />
    </UnitTest>
    <UnitTest name="FormatToStringTest1000 (1649.0127968480872,1649.01 zł)" storage="c:\projekty\mstestproject\bin\debug\netcoreapp3.1\mstestproject.dll" id="dfa9e2b0-4342-4ac5-bcb7-34575d81e982">
      <TestCategory>
        <TestCategoryItem TestCategory="Category1000" />
      </TestCategory>
      <Execution id="01051103-57aa-42f5-90bf-4e59f684645a" />
      <TestMethod codeBase="C:\Projekty\MSTestProject\bin\Debug\netcoreapp3.1\MSTestProject.dll" adapterTypeName="executor://mstestadapter/v2" className="TwojeWesele.Services.Helpers.Tests.CurrencyHelperTests" name="FormatToStringTest1000" />
    </UnitTest>
    <UnitTest name="FormatToStringTest1000 (33699.13042082038,33699.13 zł)" storage="c:\projekty\mstestproject\bin\debug\netcoreapp3.1\mstestproject.dll" id="58e442a3-0520-4669-ab95-9426ee5f0b4c">
      <TestCategory>
        <TestCategoryItem TestCategory="Category1000" />
      </TestCategory>
      <Execution id="40785aa6-a61d-445f-8d23-7db99db612d5" />
      <TestMethod codeBase="C:\Projekty\MSTestProject\bin\Debug\netcoreapp3.1\MSTestProject.dll" adapterTypeName="executor://mstestadapter/v2" className="TwojeWesele.Services.Helpers.Tests.CurrencyHelperTests" name="FormatToStringTest1000" />
    </UnitTest>
    <UnitTest name="FormatToStringTest1000 (30138.55109863102,30138.55 zł)" storage="c:\projekty\mstestproject\bin\debug\netcoreapp3.1\mstestproject.dll" id="b8ad63f8-af80-48c6-a918-ae3fc41f774c">
      <TestCategory>
        <TestCategoryItem TestCategory="Category1000" />
      </TestCategory>
      <Execution id="d43f8c48-8046-474d-b774-272969a6d74a" />
      <TestMethod codeBase="C:\Projekty\MSTestProject\bin\Debug\netcoreapp3.1\MSTestProject.dll" adapterTypeName="executor://mstestadapter/v2" className="TwojeWesele.Services.Helpers.Tests.CurrencyHelperTests" name="FormatToStringTest1000" />
    </UnitTest>
    <UnitTest name="FormatToStringTest1000 (44499.288016808816,44499.29 zł)" storage="c:\projekty\mstestproject\bin\debug\netcoreapp3.1\mstestproject.dll" id="968dee76-5802-4659-96f3-d48fe3936489">
      <TestCategory>
        <TestCategoryItem TestCategory="Category1000" />
      </TestCategory>
      <Execution id="237aa8b6-3f29-41ed-b4cb-9fd467e5c2ec" />
      <TestMethod codeBase="C:\Projekty\MSTestProject\bin\Debug\netcoreapp3.1\MSTestProject.dll" adapterTypeName="executor://mstestadapter/v2" className="TwojeWesele.Services.Helpers.Tests.CurrencyHelperTests" name="FormatToStringTest1000" />
    </UnitTest>
    <UnitTest name="FormatToStringTest1000 (45955.903045959254,45955.90 zł)" storage="c:\projekty\mstestproject\bin\debug\netcoreapp3.1\mstestproject.dll" id="e0d9346a-a01b-4ad0-b742-3ecddf114cd4">
      <TestCategory>
        <TestCategoryItem TestCategory="Category1000" />
      </TestCategory>
      <Execution id="97753ff8-71bf-4bb5-9d45-ab05aa413b7a" />
      <TestMethod codeBase="C:\Projekty\MSTestProject\bin\Debug\netcoreapp3.1\MSTestProject.dll" adapterTypeName="executor://mstestadapter/v2" className="TwojeWesele.Services.Helpers.Tests.CurrencyHelperTests" name="FormatToStringTest1000" />
    </UnitTest>
    <UnitTest name="FormatToStringTest1000 (5835.26176155557,5835.26 zł)" storage="c:\projekty\mstestproject\bin\debug\netcoreapp3.1\mstestproject.dll" id="8f541304-1676-422f-a9ba-fd33f1f4dc88">
      <TestCategory>
        <TestCategoryItem TestCategory="Category1000" />
      </TestCategory>
      <Execution id="b85b6188-2e1d-4398-a767-39cbbab1468e" />
      <TestMethod codeBase="C:\Projekty\MSTestProject\bin\Debug\netcoreapp3.1\MSTestProject.dll" adapterTypeName="executor://mstestadapter/v2" className="TwojeWesele.Services.Helpers.Tests.CurrencyHelperTests" name="FormatToStringTest1000" />
    </UnitTest>
    <UnitTest name="FormatToStringTest1000 (2346.9964869427477,2347.00 zł)" storage="c:\projekty\mstestproject\bin\debug\netcoreapp3.1\mstestproject.dll" id="24bdf02c-f487-4b31-a666-112b42b4ee48">
      <TestCategory>
        <TestCategoryItem TestCategory="Category1000" />
      </TestCategory>
      <Execution id="f7f44601-2427-4168-9e95-c09ec6e690ed" />
      <TestMethod codeBase="C:\Projekty\MSTestProject\bin\Debug\netcoreapp3.1\MSTestProject.dll" adapterTypeName="executor://mstestadapter/v2" className="TwojeWesele.Services.Helpers.Tests.CurrencyHelperTests" name="FormatToStringTest1000" />
    </UnitTest>
    <UnitTest name="FormatToStringTest1000 (823.2747994560166,823.27 zł)" storage="c:\projekty\mstestproject\bin\debug\netcoreapp3.1\mstestproject.dll" id="f34bebfe-0fc6-4900-bb89-97fd26d8aec8">
      <TestCategory>
        <TestCategoryItem TestCategory="Category1000" />
      </TestCategory>
      <Execution id="510033e5-5303-427b-ba0d-370e91efd8c1" />
      <TestMethod codeBase="C:\Projekty\MSTestProject\bin\Debug\netcoreapp3.1\MSTestProject.dll" adapterTypeName="executor://mstestadapter/v2" className="TwojeWesele.Services.Helpers.Tests.CurrencyHelperTests" name="FormatToStringTest1000" />
    </UnitTest>
    <UnitTest name="FormatToStringTest1000 (60701.5177499319,60701.52 zł)" storage="c:\projekty\mstestproject\bin\debug\netcoreapp3.1\mstestproject.dll" id="2cc4f55a-d6da-4839-8bdc-0444eb19efa3">
      <TestCategory>
        <TestCategoryItem TestCategory="Category1000" />
      </TestCategory>
      <Execution id="397f90fc-f5bb-497b-a2ab-a289679b3519" />
      <TestMethod codeBase="C:\Projekty\MSTestProject\bin\Debug\netcoreapp3.1\MSTestProject.dll" adapterTypeName="executor://mstestadapter/v2" className="TwojeWesele.Services.Helpers.Tests.CurrencyHelperTests" name="FormatToStringTest1000" />
    </UnitTest>
    <UnitTest name="FormatToStringTest1000 (6890.028458985514,6890.03 zł)" storage="c:\projekty\mstestproject\bin\debug\netcoreapp3.1\mstestproject.dll" id="046074e0-ccdd-4770-a2e6-2185641499a0">
      <TestCategory>
        <TestCategoryItem TestCategory="Category1000" />
      </TestCategory>
      <Execution id="c0da0b56-ae50-4229-950b-746da3c0552d" />
      <TestMethod codeBase="C:\Projekty\MSTestProject\bin\Debug\netcoreapp3.1\MSTestProject.dll" adapterTypeName="executor://mstestadapter/v2" className="TwojeWesele.Services.Helpers.Tests.CurrencyHelperTests" name="FormatToStringTest1000" />
    </UnitTest>
    <UnitTest name="FormatToStringTest1000 (1562.3173604776698,1562.32 zł)" storage="c:\projekty\mstestproject\bin\debug\netcoreapp3.1\mstestproject.dll" id="5daa2fdd-3e82-4db0-ba08-71d325b66a1d">
      <TestCategory>
        <TestCategoryItem TestCategory="Category1000" />
      </TestCategory>
      <Execution id="317f73f0-32da-4b78-807d-b19cb4034265" />
      <TestMethod codeBase="C:\Projekty\MSTestProject\bin\Debug\netcoreapp3.1\MSTestProject.dll" adapterTypeName="executor://mstestadapter/v2" className="TwojeWesele.Services.Helpers.Tests.CurrencyHelperTests" name="FormatToStringTest1000" />
    </UnitTest>
    <UnitTest name="FormatToStringTest1000 (58191.92113629585,58191.92 zł)" storage="c:\projekty\mstestproject\bin\debug\netcoreapp3.1\mstestproject.dll" id="b20d0771-3e6b-4fc9-a892-61846dc12663">
      <TestCategory>
        <TestCategoryItem TestCategory="Category1000" />
      </TestCategory>
      <Execution id="28440687-8038-4098-86fb-a3e0d0dda1c8" />
      <TestMethod codeBase="C:\Projekty\MSTestProject\bin\Debug\netcoreapp3.1\MSTestProject.dll" adapterTypeName="executor://mstestadapter/v2" className="TwojeWesele.Services.Helpers.Tests.CurrencyHelperTests" name="FormatToStringTest1000" />
    </UnitTest>
    <UnitTest name="FormatToStringTest1000 (21281.64584727662,21281.65 zł)" storage="c:\projekty\mstestproject\bin\debug\netcoreapp3.1\mstestproject.dll" id="66467655-95bd-448f-9d0c-d3fd033c39c9">
      <TestCategory>
        <TestCategoryItem TestCategory="Category1000" />
      </TestCategory>
      <Execution id="59ee3800-a91c-4c7c-930e-3736a182ec4f" />
      <TestMethod codeBase="C:\Projekty\MSTestProject\bin\Debug\netcoreapp3.1\MSTestProject.dll" adapterTypeName="executor://mstestadapter/v2" className="TwojeWesele.Services.Helpers.Tests.CurrencyHelperTests" name="FormatToStringTest1000" />
    </UnitTest>
    <UnitTest name="FormatToStringTest1000 (4898.699005344277,4898.70 zł)" storage="c:\projekty\mstestproject\bin\debug\netcoreapp3.1\mstestproject.dll" id="cc79c181-0d41-419a-9eff-9c5b51a390b5">
      <TestCategory>
        <TestCategoryItem TestCategory="Category1000" />
      </TestCategory>
      <Execution id="8d1b449d-ba16-4583-883a-0e0a95757d2c" />
      <TestMethod codeBase="C:\Projekty\MSTestProject\bin\Debug\netcoreapp3.1\MSTestProject.dll" adapterTypeName="executor://mstestadapter/v2" className="TwojeWesele.Services.Helpers.Tests.CurrencyHelperTests" name="FormatToStringTest1000" />
    </UnitTest>
    <UnitTest name="FormatToStringTest1000 (42555.01416107594,42555.01 zł)" storage="c:\projekty\mstestproject\bin\debug\netcoreapp3.1\mstestproject.dll" id="22fcf637-fe0c-4195-90d4-535e85824eb1">
      <TestCategory>
        <TestCategoryItem TestCategory="Category1000" />
      </TestCategory>
      <Execution id="dce2241b-ef0c-4909-a79d-b1e9e091ad32" />
      <TestMethod codeBase="C:\Projekty\MSTestProject\bin\Debug\netcoreapp3.1\MSTestProject.dll" adapterTypeName="executor://mstestadapter/v2" className="TwojeWesele.Services.Helpers.Tests.CurrencyHelperTests" name="FormatToStringTest1000" />
    </UnitTest>
    <UnitTest name="FormatToStringTest1000 (28298.945361683585,28298.95 zł)" storage="c:\projekty\mstestproject\bin\debug\netcoreapp3.1\mstestproject.dll" id="9cf7bc5c-a5db-4b35-a0a4-a2f327e60f20">
      <TestCategory>
        <TestCategoryItem TestCategory="Category1000" />
      </TestCategory>
      <Execution id="7abde1ca-2e3b-45a2-807b-9c781dec0bf3" />
      <TestMethod codeBase="C:\Projekty\MSTestProject\bin\Debug\netcoreapp3.1\MSTestProject.dll" adapterTypeName="executor://mstestadapter/v2" className="TwojeWesele.Services.Helpers.Tests.CurrencyHelperTests" name="FormatToStringTest1000" />
    </UnitTest>
    <UnitTest name="FormatToStringTest1000 (2339.5873176472205,2339.59 zł)" storage="c:\projekty\mstestproject\bin\debug\netcoreapp3.1\mstestproject.dll" id="6e0c44db-eec7-4b28-b1e8-6a2d3a3d4b71">
      <TestCategory>
        <TestCategoryItem TestCategory="Category1000" />
      </TestCategory>
      <Execution id="d731382d-2ee6-43e1-89f5-1dc6cb7e406f" />
      <TestMethod codeBase="C:\Projekty\MSTestProject\bin\Debug\netcoreapp3.1\MSTestProject.dll" adapterTypeName="executor://mstestadapter/v2" className="TwojeWesele.Services.Helpers.Tests.CurrencyHelperTests" name="FormatToStringTest1000" />
    </UnitTest>
    <UnitTest name="FormatToStringTest1000 (68698.01923441609,68698.02 zł)" storage="c:\projekty\mstestproject\bin\debug\netcoreapp3.1\mstestproject.dll" id="25397aa8-fa00-4d72-9a88-0a979027a4c2">
      <TestCategory>
        <TestCategoryItem TestCategory="Category1000" />
      </TestCategory>
      <Execution id="2829e237-a259-4278-9c79-b4ab16c9d993" />
      <TestMethod codeBase="C:\Projekty\MSTestProject\bin\Debug\netcoreapp3.1\MSTestProject.dll" adapterTypeName="executor://mstestadapter/v2" className="TwojeWesele.Services.Helpers.Tests.CurrencyHelperTests" name="FormatToStringTest1000" />
    </UnitTest>
    <UnitTest name="FormatToStringTest1000 (21753.84773194969,21753.85 zł)" storage="c:\projekty\mstestproject\bin\debug\netcoreapp3.1\mstestproject.dll" id="4009352b-5fb0-43be-891f-e5a583de397b">
      <TestCategory>
        <TestCategoryItem TestCategory="Category1000" />
      </TestCategory>
      <Execution id="5be95956-e338-4618-a007-f5684a480574" />
      <TestMethod codeBase="C:\Projekty\MSTestProject\bin\Debug\netcoreapp3.1\MSTestProject.dll" adapterTypeName="executor://mstestadapter/v2" className="TwojeWesele.Services.Helpers.Tests.CurrencyHelperTests" name="FormatToStringTest1000" />
    </UnitTest>
    <UnitTest name="FormatToStringTest1000 (63946.51014057478,63946.51 zł)" storage="c:\projekty\mstestproject\bin\debug\netcoreapp3.1\mstestproject.dll" id="b4d02d80-b748-48a9-b362-0a1a9baaf189">
      <TestCategory>
        <TestCategoryItem TestCategory="Category1000" />
      </TestCategory>
      <Execution id="35b913fe-0a5a-41b2-bc53-f7c996d838ae" />
      <TestMethod codeBase="C:\Projekty\MSTestProject\bin\Debug\netcoreapp3.1\MSTestProject.dll" adapterTypeName="executor://mstestadapter/v2" className="TwojeWesele.Services.Helpers.Tests.CurrencyHelperTests" name="FormatToStringTest1000" />
    </UnitTest>
    <UnitTest name="FormatToStringTest1000 (5504.094303639184,5504.09 zł)" storage="c:\projekty\mstestproject\bin\debug\netcoreapp3.1\mstestproject.dll" id="34380631-3e97-465f-bfb7-e785d14c40cc">
      <TestCategory>
        <TestCategoryItem TestCategory="Category1000" />
      </TestCategory>
      <Execution id="4c2aabfd-3e60-45c1-b3ba-dfd42dda5584" />
      <TestMethod codeBase="C:\Projekty\MSTestProject\bin\Debug\netcoreapp3.1\MSTestProject.dll" adapterTypeName="executor://mstestadapter/v2" className="TwojeWesele.Services.Helpers.Tests.CurrencyHelperTests" name="FormatToStringTest1000" />
    </UnitTest>
    <UnitTest name="FormatToStringTest1000 (26468.346804109562,26468.35 zł)" storage="c:\projekty\mstestproject\bin\debug\netcoreapp3.1\mstestproject.dll" id="d6b89ad8-3afd-42ab-9996-32d3b539a368">
      <TestCategory>
        <TestCategoryItem TestCategory="Category1000" />
      </TestCategory>
      <Execution id="147503a0-1e93-4491-9ce5-d18ed311559e" />
      <TestMethod codeBase="C:\Projekty\MSTestProject\bin\Debug\netcoreapp3.1\MSTestProject.dll" adapterTypeName="executor://mstestadapter/v2" className="TwojeWesele.Services.Helpers.Tests.CurrencyHelperTests" name="FormatToStringTest1000" />
    </UnitTest>
    <UnitTest name="FormatToStringTest1000 (23612.114499758984,23612.11 zł)" storage="c:\projekty\mstestproject\bin\debug\netcoreapp3.1\mstestproject.dll" id="17c42e6d-e58b-46de-af85-9eab6461f915">
      <TestCategory>
        <TestCategoryItem TestCategory="Category1000" />
      </TestCategory>
      <Execution id="fbb2b21d-0721-4b75-8986-757c60d2234f" />
      <TestMethod codeBase="C:\Projekty\MSTestProject\bin\Debug\netcoreapp3.1\MSTestProject.dll" adapterTypeName="executor://mstestadapter/v2" className="TwojeWesele.Services.Helpers.Tests.CurrencyHelperTests" name="FormatToStringTest1000" />
    </UnitTest>
    <UnitTest name="FormatToStringTest1000 (6550.421588937948,6550.42 zł)" storage="c:\projekty\mstestproject\bin\debug\netcoreapp3.1\mstestproject.dll" id="a3f19b15-359d-4e92-be6b-a2bbdc8f14d5">
      <TestCategory>
        <TestCategoryItem TestCategory="Category1000" />
      </TestCategory>
      <Execution id="650a0034-5595-444a-b9d8-813ab7d96547" />
      <TestMethod codeBase="C:\Projekty\MSTestProject\bin\Debug\netcoreapp3.1\MSTestProject.dll" adapterTypeName="executor://mstestadapter/v2" className="TwojeWesele.Services.Helpers.Tests.CurrencyHelperTests" name="FormatToStringTest1000" />
    </UnitTest>
    <UnitTest name="FormatToStringTest1000 (66284.43763489948,66284.44 zł)" storage="c:\projekty\mstestproject\bin\debug\netcoreapp3.1\mstestproject.dll" id="066ad11d-d82a-4827-87b2-e44db1a2158f">
      <TestCategory>
        <TestCategoryItem TestCategory="Category1000" />
      </TestCategory>
      <Execution id="c4140306-a986-4367-b6e8-bcce172eff54" />
      <TestMethod codeBase="C:\Projekty\MSTestProject\bin\Debug\netcoreapp3.1\MSTestProject.dll" adapterTypeName="executor://mstestadapter/v2" className="TwojeWesele.Services.Helpers.Tests.CurrencyHelperTests" name="FormatToStringTest1000" />
    </UnitTest>
    <UnitTest name="FormatToStringTest1000 (10227.532692039169,10227.53 zł)" storage="c:\projekty\mstestproject\bin\debug\netcoreapp3.1\mstestproject.dll" id="0c2dc949-c339-41d1-9941-2c06313b4f0f">
      <TestCategory>
        <TestCategoryItem TestCategory="Category1000" />
      </TestCategory>
      <Execution id="4283357d-cbd0-48dd-a325-d1a94caa8d93" />
      <TestMethod codeBase="C:\Projekty\MSTestProject\bin\Debug\netcoreapp3.1\MSTestProject.dll" adapterTypeName="executor://mstestadapter/v2" className="TwojeWesele.Services.Helpers.Tests.CurrencyHelperTests" name="FormatToStringTest1000" />
    </UnitTest>
    <UnitTest name="FormatToStringTest1000 (11118.620997698335,11118.62 zł)" storage="c:\projekty\mstestproject\bin\debug\netcoreapp3.1\mstestproject.dll" id="a1e6482e-bbd6-4555-b7ff-41045c7a83d6">
      <TestCategory>
        <TestCategoryItem TestCategory="Category1000" />
      </TestCategory>
      <Execution id="ee901632-f3d6-4444-849d-78d33bac6c7e" />
      <TestMethod codeBase="C:\Projekty\MSTestProject\bin\Debug\netcoreapp3.1\MSTestProject.dll" adapterTypeName="executor://mstestadapter/v2" className="TwojeWesele.Services.Helpers.Tests.CurrencyHelperTests" name="FormatToStringTest1000" />
    </UnitTest>
    <UnitTest name="FormatToStringTest1000 (73504.44700518598,73504.45 zł)" storage="c:\projekty\mstestproject\bin\debug\netcoreapp3.1\mstestproject.dll" id="2d2a8f09-dbb2-44d3-a859-64fa805538ba">
      <TestCategory>
        <TestCategoryItem TestCategory="Category1000" />
      </TestCategory>
      <Execution id="ec374803-e26f-4c67-89f2-8e56a96fd292" />
      <TestMethod codeBase="C:\Projekty\MSTestProject\bin\Debug\netcoreapp3.1\MSTestProject.dll" adapterTypeName="executor://mstestadapter/v2" className="TwojeWesele.Services.Helpers.Tests.CurrencyHelperTests" name="FormatToStringTest1000" />
    </UnitTest>
    <UnitTest name="FormatToStringTest1000 (34084.19497795599,34084.19 zł)" storage="c:\projekty\mstestproject\bin\debug\netcoreapp3.1\mstestproject.dll" id="5ae50697-bfec-498f-80c2-b6f28ea659ad">
      <TestCategory>
        <TestCategoryItem TestCategory="Category1000" />
      </TestCategory>
      <Execution id="9f82b420-4723-4f00-a6d7-e36eeee109b2" />
      <TestMethod codeBase="C:\Projekty\MSTestProject\bin\Debug\netcoreapp3.1\MSTestProject.dll" adapterTypeName="executor://mstestadapter/v2" className="TwojeWesele.Services.Helpers.Tests.CurrencyHelperTests" name="FormatToStringTest1000" />
    </UnitTest>
    <UnitTest name="FormatToStringTest1000 (38904.87092920806,38904.87 zł)" storage="c:\projekty\mstestproject\bin\debug\netcoreapp3.1\mstestproject.dll" id="b693f972-6887-431c-8a89-80405af9aece">
      <TestCategory>
        <TestCategoryItem TestCategory="Category1000" />
      </TestCategory>
      <Execution id="679144de-ae10-46da-a36b-e511f0b4789a" />
      <TestMethod codeBase="C:\Projekty\MSTestProject\bin\Debug\netcoreapp3.1\MSTestProject.dll" adapterTypeName="executor://mstestadapter/v2" className="TwojeWesele.Services.Helpers.Tests.CurrencyHelperTests" name="FormatToStringTest1000" />
    </UnitTest>
    <UnitTest name="FormatToStringTest1000 (38614.292320713066,38614.29 zł)" storage="c:\projekty\mstestproject\bin\debug\netcoreapp3.1\mstestproject.dll" id="6f32719b-daac-4790-a155-94256e42d839">
      <TestCategory>
        <TestCategoryItem TestCategory="Category1000" />
      </TestCategory>
      <Execution id="83bfce34-4ff7-466f-b3ae-94265e3f248e" />
      <TestMethod codeBase="C:\Projekty\MSTestProject\bin\Debug\netcoreapp3.1\MSTestProject.dll" adapterTypeName="executor://mstestadapter/v2" className="TwojeWesele.Services.Helpers.Tests.CurrencyHelperTests" name="FormatToStringTest1000" />
    </UnitTest>
    <UnitTest name="FormatToStringTest1000 (19541.10539777116,19541.11 zł)" storage="c:\projekty\mstestproject\bin\debug\netcoreapp3.1\mstestproject.dll" id="e8f35b80-a0ca-4753-8b63-6c862b3018e8">
      <TestCategory>
        <TestCategoryItem TestCategory="Category1000" />
      </TestCategory>
      <Execution id="1d786292-a6cb-47a0-b5f9-2a8afa01b740" />
      <TestMethod codeBase="C:\Projekty\MSTestProject\bin\Debug\netcoreapp3.1\MSTestProject.dll" adapterTypeName="executor://mstestadapter/v2" className="TwojeWesele.Services.Helpers.Tests.CurrencyHelperTests" name="FormatToStringTest1000" />
    </UnitTest>
    <UnitTest name="FormatToStringTest1000 (90187.4082624374,90187.41 zł)" storage="c:\projekty\mstestproject\bin\debug\netcoreapp3.1\mstestproject.dll" id="ab4d1e03-d8f7-4a96-a99e-fdddd4876f7f">
      <TestCategory>
        <TestCategoryItem TestCategory="Category1000" />
      </TestCategory>
      <Execution id="d8645fb7-c00e-4e29-8a37-ca9348a94071" />
      <TestMethod codeBase="C:\Projekty\MSTestProject\bin\Debug\netcoreapp3.1\MSTestProject.dll" adapterTypeName="executor://mstestadapter/v2" className="TwojeWesele.Services.Helpers.Tests.CurrencyHelperTests" name="FormatToStringTest1000" />
    </UnitTest>
    <UnitTest name="FormatToStringTest1000 (7569.605888796322,7569.61 zł)" storage="c:\projekty\mstestproject\bin\debug\netcoreapp3.1\mstestproject.dll" id="5597113d-711f-45b0-81f0-54f623f92928">
      <TestCategory>
        <TestCategoryItem TestCategory="Category1000" />
      </TestCategory>
      <Execution id="9b3d07f9-abfb-442f-a355-7d0507a6f178" />
      <TestMethod codeBase="C:\Projekty\MSTestProject\bin\Debug\netcoreapp3.1\MSTestProject.dll" adapterTypeName="executor://mstestadapter/v2" className="TwojeWesele.Services.Helpers.Tests.CurrencyHelperTests" name="FormatToStringTest1000" />
    </UnitTest>
    <UnitTest name="FormatToStringTest1000 (21221.884746198488,21221.88 zł)" storage="c:\projekty\mstestproject\bin\debug\netcoreapp3.1\mstestproject.dll" id="484d9ec6-faa9-4ce5-8a9b-cbc1a447868b">
      <TestCategory>
        <TestCategoryItem TestCategory="Category1000" />
      </TestCategory>
      <Execution id="a90d3dca-f985-4b51-9c54-78865e4856c4" />
      <TestMethod codeBase="C:\Projekty\MSTestProject\bin\Debug\netcoreapp3.1\MSTestProject.dll" adapterTypeName="executor://mstestadapter/v2" className="TwojeWesele.Services.Helpers.Tests.CurrencyHelperTests" name="FormatToStringTest1000" />
    </UnitTest>
    <UnitTest name="FormatToStringTest1000 (45299.778512198376,45299.78 zł)" storage="c:\projekty\mstestproject\bin\debug\netcoreapp3.1\mstestproject.dll" id="83bc56a8-c39f-46bc-a979-0515f359cd39">
      <TestCategory>
        <TestCategoryItem TestCategory="Category1000" />
      </TestCategory>
      <Execution id="487bbd56-091d-4a35-9558-8b067a37125b" />
      <TestMethod codeBase="C:\Projekty\MSTestProject\bin\Debug\netcoreapp3.1\MSTestProject.dll" adapterTypeName="executor://mstestadapter/v2" className="TwojeWesele.Services.Helpers.Tests.CurrencyHelperTests" name="FormatToStringTest1000" />
    </UnitTest>
    <UnitTest name="FormatToStringTest1000 (24729.333280806586,24729.33 zł)" storage="c:\projekty\mstestproject\bin\debug\netcoreapp3.1\mstestproject.dll" id="92e49566-b15d-45aa-9950-817c3a7a4b30">
      <TestCategory>
        <TestCategoryItem TestCategory="Category1000" />
      </TestCategory>
      <Execution id="901fb225-bc05-4752-9e4e-a5422ecb9cad" />
      <TestMethod codeBase="C:\Projekty\MSTestProject\bin\Debug\netcoreapp3.1\MSTestProject.dll" adapterTypeName="executor://mstestadapter/v2" className="TwojeWesele.Services.Helpers.Tests.CurrencyHelperTests" name="FormatToStringTest1000" />
    </UnitTest>
    <UnitTest name="FormatToStringTest1000 (32863.31705269558,32863.32 zł)" storage="c:\projekty\mstestproject\bin\debug\netcoreapp3.1\mstestproject.dll" id="cb86a826-836f-4175-9a12-5bc29fecf397">
      <TestCategory>
        <TestCategoryItem TestCategory="Category1000" />
      </TestCategory>
      <Execution id="1bba07c8-8a57-478b-a3ce-b803d6c8df08" />
      <TestMethod codeBase="C:\Projekty\MSTestProject\bin\Debug\netcoreapp3.1\MSTestProject.dll" adapterTypeName="executor://mstestadapter/v2" className="TwojeWesele.Services.Helpers.Tests.CurrencyHelperTests" name="FormatToStringTest1000" />
    </UnitTest>
    <UnitTest name="FormatToStringTest1000 (72905.64834432845,72905.65 zł)" storage="c:\projekty\mstestproject\bin\debug\netcoreapp3.1\mstestproject.dll" id="9d7eaa03-15f4-4c4e-b376-187cf55aeac4">
      <TestCategory>
        <TestCategoryItem TestCategory="Category1000" />
      </TestCategory>
      <Execution id="d69f28a7-99db-4ccc-ab96-01935fdfd817" />
      <TestMethod codeBase="C:\Projekty\MSTestProject\bin\Debug\netcoreapp3.1\MSTestProject.dll" adapterTypeName="executor://mstestadapter/v2" className="TwojeWesele.Services.Helpers.Tests.CurrencyHelperTests" name="FormatToStringTest1000" />
    </UnitTest>
    <UnitTest name="FormatToStringTest1000 (34242.181005260056,34242.18 zł)" storage="c:\projekty\mstestproject\bin\debug\netcoreapp3.1\mstestproject.dll" id="ab0d9db1-49ab-4240-a727-a21feff20332">
      <TestCategory>
        <TestCategoryItem TestCategory="Category1000" />
      </TestCategory>
      <Execution id="cdf3c0b6-24d6-445c-95d7-1a8cbd38958e" />
      <TestMethod codeBase="C:\Projekty\MSTestProject\bin\Debug\netcoreapp3.1\MSTestProject.dll" adapterTypeName="executor://mstestadapter/v2" className="TwojeWesele.Services.Helpers.Tests.CurrencyHelperTests" name="FormatToStringTest1000" />
    </UnitTest>
    <UnitTest name="FormatToStringTest1000 (11958.422287871792,11958.42 zł)" storage="c:\projekty\mstestproject\bin\debug\netcoreapp3.1\mstestproject.dll" id="4e72c411-44f7-40aa-87a8-46250af49ad5">
      <TestCategory>
        <TestCategoryItem TestCategory="Category1000" />
      </TestCategory>
      <Execution id="dd797b97-ec0c-424d-9a18-dd11c3d41534" />
      <TestMethod codeBase="C:\Projekty\MSTestProject\bin\Debug\netcoreapp3.1\MSTestProject.dll" adapterTypeName="executor://mstestadapter/v2" className="TwojeWesele.Services.Helpers.Tests.CurrencyHelperTests" name="FormatToStringTest1000" />
    </UnitTest>
    <UnitTest name="FormatToStringTest1000 (96.75594581512546,96.76 zł)" storage="c:\projekty\mstestproject\bin\debug\netcoreapp3.1\mstestproject.dll" id="d24cc565-06aa-4301-b53c-e6b431aff0b9">
      <TestCategory>
        <TestCategoryItem TestCategory="Category1000" />
      </TestCategory>
      <Execution id="0666764a-a385-41c0-aa9f-cccf97d090b7" />
      <TestMethod codeBase="C:\Projekty\MSTestProject\bin\Debug\netcoreapp3.1\MSTestProject.dll" adapterTypeName="executor://mstestadapter/v2" className="TwojeWesele.Services.Helpers.Tests.CurrencyHelperTests" name="FormatToStringTest1000" />
    </UnitTest>
    <UnitTest name="FormatToStringTest1000 (30533.30031120838,30533.30 zł)" storage="c:\projekty\mstestproject\bin\debug\netcoreapp3.1\mstestproject.dll" id="8f7d8f82-384b-4d5d-91a5-76bd59e71396">
      <TestCategory>
        <TestCategoryItem TestCategory="Category1000" />
      </TestCategory>
      <Execution id="188c7c1a-ecd3-4894-a85d-b2466ef92432" />
      <TestMethod codeBase="C:\Projekty\MSTestProject\bin\Debug\netcoreapp3.1\MSTestProject.dll" adapterTypeName="executor://mstestadapter/v2" className="TwojeWesele.Services.Helpers.Tests.CurrencyHelperTests" name="FormatToStringTest1000" />
    </UnitTest>
    <UnitTest name="FormatToStringTest1000 (27506.397047390416,27506.40 zł)" storage="c:\projekty\mstestproject\bin\debug\netcoreapp3.1\mstestproject.dll" id="e152fa53-156c-4864-927f-0a80cb7480bd">
      <TestCategory>
        <TestCategoryItem TestCategory="Category1000" />
      </TestCategory>
      <Execution id="2cf9bc54-874e-4985-814d-358bb6e8af35" />
      <TestMethod codeBase="C:\Projekty\MSTestProject\bin\Debug\netcoreapp3.1\MSTestProject.dll" adapterTypeName="executor://mstestadapter/v2" className="TwojeWesele.Services.Helpers.Tests.CurrencyHelperTests" name="FormatToStringTest1000" />
    </UnitTest>
    <UnitTest name="FormatToStringTest1000 (26843.15785584932,26843.16 zł)" storage="c:\projekty\mstestproject\bin\debug\netcoreapp3.1\mstestproject.dll" id="e6e6d824-22dd-48ef-8933-a1d853308c56">
      <TestCategory>
        <TestCategoryItem TestCategory="Category1000" />
      </TestCategory>
      <Execution id="b12eb139-c00f-4a62-99df-ce338fab2e1a" />
      <TestMethod codeBase="C:\Projekty\MSTestProject\bin\Debug\netcoreapp3.1\MSTestProject.dll" adapterTypeName="executor://mstestadapter/v2" className="TwojeWesele.Services.Helpers.Tests.CurrencyHelperTests" name="FormatToStringTest1000" />
    </UnitTest>
    <UnitTest name="FormatToStringTest1000 (1514.6266382441981,1514.63 zł)" storage="c:\projekty\mstestproject\bin\debug\netcoreapp3.1\mstestproject.dll" id="4da2a7d6-764b-4e46-b982-0345fb25ab83">
      <TestCategory>
        <TestCategoryItem TestCategory="Category1000" />
      </TestCategory>
      <Execution id="676a6c75-b4b3-4abb-bf24-3b5074b189e5" />
      <TestMethod codeBase="C:\Projekty\MSTestProject\bin\Debug\netcoreapp3.1\MSTestProject.dll" adapterTypeName="executor://mstestadapter/v2" className="TwojeWesele.Services.Helpers.Tests.CurrencyHelperTests" name="FormatToStringTest1000" />
    </UnitTest>
    <UnitTest name="FormatToStringTest1000 (45035.160883881224,45035.16 zł)" storage="c:\projekty\mstestproject\bin\debug\netcoreapp3.1\mstestproject.dll" id="64927f8f-a09d-4df5-be68-cbc2fcbd7d17">
      <TestCategory>
        <TestCategoryItem TestCategory="Category1000" />
      </TestCategory>
      <Execution id="866d6c38-0c1d-4650-b244-bbfe75782acc" />
      <TestMethod codeBase="C:\Projekty\MSTestProject\bin\Debug\netcoreapp3.1\MSTestProject.dll" adapterTypeName="executor://mstestadapter/v2" className="TwojeWesele.Services.Helpers.Tests.CurrencyHelperTests" name="FormatToStringTest1000" />
    </UnitTest>
    <UnitTest name="FormatToStringTest1000 (39641.61351217451,39641.61 zł)" storage="c:\projekty\mstestproject\bin\debug\netcoreapp3.1\mstestproject.dll" id="e5fe7e4b-d41d-4cdb-8756-9d1a7c30c2ff">
      <TestCategory>
        <TestCategoryItem TestCategory="Category1000" />
      </TestCategory>
      <Execution id="9fd6eb88-d3d4-4eef-a04c-e5c4824baee7" />
      <TestMethod codeBase="C:\Projekty\MSTestProject\bin\Debug\netcoreapp3.1\MSTestProject.dll" adapterTypeName="executor://mstestadapter/v2" className="TwojeWesele.Services.Helpers.Tests.CurrencyHelperTests" name="FormatToStringTest1000" />
    </UnitTest>
    <UnitTest name="FormatToStringTest1000 (44677.61946778074,44677.62 zł)" storage="c:\projekty\mstestproject\bin\debug\netcoreapp3.1\mstestproject.dll" id="17ada135-9df3-4f0d-90d6-bfc85306c120">
      <TestCategory>
        <TestCategoryItem TestCategory="Category1000" />
      </TestCategory>
      <Execution id="940724d6-1bcc-4dcb-9502-b1c44ef7fa5f" />
      <TestMethod codeBase="C:\Projekty\MSTestProject\bin\Debug\netcoreapp3.1\MSTestProject.dll" adapterTypeName="executor://mstestadapter/v2" className="TwojeWesele.Services.Helpers.Tests.CurrencyHelperTests" name="FormatToStringTest1000" />
    </UnitTest>
    <UnitTest name="FormatToStringTest1000 (50507.0104155615,50507.01 zł)" storage="c:\projekty\mstestproject\bin\debug\netcoreapp3.1\mstestproject.dll" id="10db4552-f95b-46ad-bee7-f894ba2eb262">
      <TestCategory>
        <TestCategoryItem TestCategory="Category1000" />
      </TestCategory>
      <Execution id="bc80095e-c27d-4002-a99c-b6ee9ed0ded7" />
      <TestMethod codeBase="C:\Projekty\MSTestProject\bin\Debug\netcoreapp3.1\MSTestProject.dll" adapterTypeName="executor://mstestadapter/v2" className="TwojeWesele.Services.Helpers.Tests.CurrencyHelperTests" name="FormatToStringTest1000" />
    </UnitTest>
    <UnitTest name="FormatToStringTest1000 (1739.5853778997368,1739.59 zł)" storage="c:\projekty\mstestproject\bin\debug\netcoreapp3.1\mstestproject.dll" id="d73620ba-a362-4a01-9572-34609cab75c3">
      <TestCategory>
        <TestCategoryItem TestCategory="Category1000" />
      </TestCategory>
      <Execution id="ac12b5c7-8500-4e2c-97e1-48f2e3bd6e33" />
      <TestMethod codeBase="C:\Projekty\MSTestProject\bin\Debug\netcoreapp3.1\MSTestProject.dll" adapterTypeName="executor://mstestadapter/v2" className="TwojeWesele.Services.Helpers.Tests.CurrencyHelperTests" name="FormatToStringTest1000" />
    </UnitTest>
    <UnitTest name="FormatToStringTest1000 (1208.1827589441941,1208.18 zł)" storage="c:\projekty\mstestproject\bin\debug\netcoreapp3.1\mstestproject.dll" id="bb53991c-5caf-4064-ba7e-4ead76c3f7cc">
      <TestCategory>
        <TestCategoryItem TestCategory="Category1000" />
      </TestCategory>
      <Execution id="9580d0b1-df55-45e1-b7f3-874742cbe7bc" />
      <TestMethod codeBase="C:\Projekty\MSTestProject\bin\Debug\netcoreapp3.1\MSTestProject.dll" adapterTypeName="executor://mstestadapter/v2" className="TwojeWesele.Services.Helpers.Tests.CurrencyHelperTests" name="FormatToStringTest1000" />
    </UnitTest>
    <UnitTest name="FormatToStringTest1000 (27942.393876474067,27942.39 zł)" storage="c:\projekty\mstestproject\bin\debug\netcoreapp3.1\mstestproject.dll" id="17a733ec-eb8d-4c96-afdc-77c80dcd87dd">
      <TestCategory>
        <TestCategoryItem TestCategory="Category1000" />
      </TestCategory>
      <Execution id="b9a2bbb7-2947-42fe-bdaa-edbe56699fd9" />
      <TestMethod codeBase="C:\Projekty\MSTestProject\bin\Debug\netcoreapp3.1\MSTestProject.dll" adapterTypeName="executor://mstestadapter/v2" className="TwojeWesele.Services.Helpers.Tests.CurrencyHelperTests" name="FormatToStringTest1000" />
    </UnitTest>
    <UnitTest name="FormatToStringTest1000 (45340.017357165,45340.02 zł)" storage="c:\projekty\mstestproject\bin\debug\netcoreapp3.1\mstestproject.dll" id="e3d30020-5cac-437e-8d54-3c0c815d7092">
      <TestCategory>
        <TestCategoryItem TestCategory="Category1000" />
      </TestCategory>
      <Execution id="4aece0c7-d338-4061-8a60-939f55327fbe" />
      <TestMethod codeBase="C:\Projekty\MSTestProject\bin\Debug\netcoreapp3.1\MSTestProject.dll" adapterTypeName="executor://mstestadapter/v2" className="TwojeWesele.Services.Helpers.Tests.CurrencyHelperTests" name="FormatToStringTest1000" />
    </UnitTest>
    <UnitTest name="FormatToStringTest1000 (16957.4523676757,16957.45 zł)" storage="c:\projekty\mstestproject\bin\debug\netcoreapp3.1\mstestproject.dll" id="ab3cc6c2-c3a0-4497-b245-bf26f2a9e496">
      <TestCategory>
        <TestCategoryItem TestCategory="Category1000" />
      </TestCategory>
      <Execution id="9df531a1-7a26-4d24-8dcd-c33efc2f763e" />
      <TestMethod codeBase="C:\Projekty\MSTestProject\bin\Debug\netcoreapp3.1\MSTestProject.dll" adapterTypeName="executor://mstestadapter/v2" className="TwojeWesele.Services.Helpers.Tests.CurrencyHelperTests" name="FormatToStringTest1000" />
    </UnitTest>
    <UnitTest name="FormatToStringTest1000 (12429.698213906819,12429.70 zł)" storage="c:\projekty\mstestproject\bin\debug\netcoreapp3.1\mstestproject.dll" id="f919f15e-636d-4787-97b1-5fb8d902d48c">
      <TestCategory>
        <TestCategoryItem TestCategory="Category1000" />
      </TestCategory>
      <Execution id="a18603f2-d8b8-4b2b-9a5d-341a6557924e" />
      <TestMethod codeBase="C:\Projekty\MSTestProject\bin\Debug\netcoreapp3.1\MSTestProject.dll" adapterTypeName="executor://mstestadapter/v2" className="TwojeWesele.Services.Helpers.Tests.CurrencyHelperTests" name="FormatToStringTest1000" />
    </UnitTest>
    <UnitTest name="FormatToStringTest1000 (48428.38681602682,48428.39 zł)" storage="c:\projekty\mstestproject\bin\debug\netcoreapp3.1\mstestproject.dll" id="d3fff3f5-f29b-4e5b-bbbb-98e84607ca1f">
      <TestCategory>
        <TestCategoryItem TestCategory="Category1000" />
      </TestCategory>
      <Execution id="7562a4f8-05a8-4ba1-8691-c89280444a92" />
      <TestMethod codeBase="C:\Projekty\MSTestProject\bin\Debug\netcoreapp3.1\MSTestProject.dll" adapterTypeName="executor://mstestadapter/v2" className="TwojeWesele.Services.Helpers.Tests.CurrencyHelperTests" name="FormatToStringTest1000" />
    </UnitTest>
    <UnitTest name="FormatToStringTest1000 (60323.066780431225,60323.07 zł)" storage="c:\projekty\mstestproject\bin\debug\netcoreapp3.1\mstestproject.dll" id="f869f9c6-1694-413e-988f-0b0fd45f21c8">
      <TestCategory>
        <TestCategoryItem TestCategory="Category1000" />
      </TestCategory>
      <Execution id="d5e876b5-7b6f-476e-a760-566b817f4fbe" />
      <TestMethod codeBase="C:\Projekty\MSTestProject\bin\Debug\netcoreapp3.1\MSTestProject.dll" adapterTypeName="executor://mstestadapter/v2" className="TwojeWesele.Services.Helpers.Tests.CurrencyHelperTests" name="FormatToStringTest1000" />
    </UnitTest>
    <UnitTest name="FormatToStringTest1000 (15080.274618567097,15080.27 zł)" storage="c:\projekty\mstestproject\bin\debug\netcoreapp3.1\mstestproject.dll" id="51fffa8f-750e-4c30-93cf-565ed84066fb">
      <TestCategory>
        <TestCategoryItem TestCategory="Category1000" />
      </TestCategory>
      <Execution id="a91b2509-c020-4a0e-8864-8ea8cfbb4e3a" />
      <TestMethod codeBase="C:\Projekty\MSTestProject\bin\Debug\netcoreapp3.1\MSTestProject.dll" adapterTypeName="executor://mstestadapter/v2" className="TwojeWesele.Services.Helpers.Tests.CurrencyHelperTests" name="FormatToStringTest1000" />
    </UnitTest>
    <UnitTest name="FormatToStringTest1000 (4715.320654313695,4715.32 zł)" storage="c:\projekty\mstestproject\bin\debug\netcoreapp3.1\mstestproject.dll" id="8f7675b5-cc46-4400-aacc-50742d920aab">
      <TestCategory>
        <TestCategoryItem TestCategory="Category1000" />
      </TestCategory>
      <Execution id="8c6093c2-1b03-485a-bd3b-c71afd132995" />
      <TestMethod codeBase="C:\Projekty\MSTestProject\bin\Debug\netcoreapp3.1\MSTestProject.dll" adapterTypeName="executor://mstestadapter/v2" className="TwojeWesele.Services.Helpers.Tests.CurrencyHelperTests" name="FormatToStringTest1000" />
    </UnitTest>
    <UnitTest name="FormatToStringTest1000 (34951.47290410077,34951.47 zł)" storage="c:\projekty\mstestproject\bin\debug\netcoreapp3.1\mstestproject.dll" id="2502ac42-0250-4ec6-8c2f-03817a4c3946">
      <TestCategory>
        <TestCategoryItem TestCategory="Category1000" />
      </TestCategory>
      <Execution id="2c0fc076-cf22-463c-94c3-7a36ef6a194e" />
      <TestMethod codeBase="C:\Projekty\MSTestProject\bin\Debug\netcoreapp3.1\MSTestProject.dll" adapterTypeName="executor://mstestadapter/v2" className="TwojeWesele.Services.Helpers.Tests.CurrencyHelperTests" name="FormatToStringTest1000" />
    </UnitTest>
    <UnitTest name="FormatToStringTest1000 (51408.294679657694,51408.29 zł)" storage="c:\projekty\mstestproject\bin\debug\netcoreapp3.1\mstestproject.dll" id="40167eac-3386-4cc2-b1c7-4a0681847db7">
      <TestCategory>
        <TestCategoryItem TestCategory="Category1000" />
      </TestCategory>
      <Execution id="19691093-5b35-4e98-aca6-60589ef4143c" />
      <TestMethod codeBase="C:\Projekty\MSTestProject\bin\Debug\netcoreapp3.1\MSTestProject.dll" adapterTypeName="executor://mstestadapter/v2" className="TwojeWesele.Services.Helpers.Tests.CurrencyHelperTests" name="FormatToStringTest1000" />
    </UnitTest>
    <UnitTest name="FormatToStringTest1000 (23174.85693288448,23174.86 zł)" storage="c:\projekty\mstestproject\bin\debug\netcoreapp3.1\mstestproject.dll" id="64fb0330-5e34-4a39-a982-bc6d5bafbf5c">
      <TestCategory>
        <TestCategoryItem TestCategory="Category1000" />
      </TestCategory>
      <Execution id="e5c1b69f-60e1-4366-8834-727625e51ce6" />
      <TestMethod codeBase="C:\Projekty\MSTestProject\bin\Debug\netcoreapp3.1\MSTestProject.dll" adapterTypeName="executor://mstestadapter/v2" className="TwojeWesele.Services.Helpers.Tests.CurrencyHelperTests" name="FormatToStringTest1000" />
    </UnitTest>
    <UnitTest name="FormatToStringTest1000 (6864.093052674129,6864.09 zł)" storage="c:\projekty\mstestproject\bin\debug\netcoreapp3.1\mstestproject.dll" id="5347e09b-9b88-4d90-8be1-57ed42126905">
      <TestCategory>
        <TestCategoryItem TestCategory="Category1000" />
      </TestCategory>
      <Execution id="fc7d2b44-1348-45c0-876d-6f59529d0eb7" />
      <TestMethod codeBase="C:\Projekty\MSTestProject\bin\Debug\netcoreapp3.1\MSTestProject.dll" adapterTypeName="executor://mstestadapter/v2" className="TwojeWesele.Services.Helpers.Tests.CurrencyHelperTests" name="FormatToStringTest1000" />
    </UnitTest>
    <UnitTest name="FormatToStringTest1000 (40268.121943438484,40268.12 zł)" storage="c:\projekty\mstestproject\bin\debug\netcoreapp3.1\mstestproject.dll" id="c2e0bb80-ba31-4723-8654-d901d94c3d85">
      <TestCategory>
        <TestCategoryItem TestCategory="Category1000" />
      </TestCategory>
      <Execution id="884ac976-5702-45e6-ac4e-2afa9397de5f" />
      <TestMethod codeBase="C:\Projekty\MSTestProject\bin\Debug\netcoreapp3.1\MSTestProject.dll" adapterTypeName="executor://mstestadapter/v2" className="TwojeWesele.Services.Helpers.Tests.CurrencyHelperTests" name="FormatToStringTest1000" />
    </UnitTest>
    <UnitTest name="FormatToStringTest1000 (19006.315459580772,19006.32 zł)" storage="c:\projekty\mstestproject\bin\debug\netcoreapp3.1\mstestproject.dll" id="11120eaf-0b09-495d-8d75-5acf70d091be">
      <TestCategory>
        <TestCategoryItem TestCategory="Category1000" />
      </TestCategory>
      <Execution id="482d8d39-fa3b-465a-be7a-9d38d758bdbe" />
      <TestMethod codeBase="C:\Projekty\MSTestProject\bin\Debug\netcoreapp3.1\MSTestProject.dll" adapterTypeName="executor://mstestadapter/v2" className="TwojeWesele.Services.Helpers.Tests.CurrencyHelperTests" name="FormatToStringTest1000" />
    </UnitTest>
    <UnitTest name="FormatToStringTest1000 (37114.901517336206,37114.90 zł)" storage="c:\projekty\mstestproject\bin\debug\netcoreapp3.1\mstestproject.dll" id="69de3efd-32b2-4575-8cca-3182671c6b9b">
      <TestCategory>
        <TestCategoryItem TestCategory="Category1000" />
      </TestCategory>
      <Execution id="219df904-202a-4fb3-a8a6-7b2fb090e9e0" />
      <TestMethod codeBase="C:\Projekty\MSTestProject\bin\Debug\netcoreapp3.1\MSTestProject.dll" adapterTypeName="executor://mstestadapter/v2" className="TwojeWesele.Services.Helpers.Tests.CurrencyHelperTests" name="FormatToStringTest1000" />
    </UnitTest>
    <UnitTest name="FormatToStringTest1000 (1745.490603896552,1745.49 zł)" storage="c:\projekty\mstestproject\bin\debug\netcoreapp3.1\mstestproject.dll" id="b3b7c3f8-73b1-428b-b64d-e5efed0b1a3a">
      <TestCategory>
        <TestCategoryItem TestCategory="Category1000" />
      </TestCategory>
      <Execution id="f7049fe7-7e0c-4650-b23a-900afd29f2e9" />
      <TestMethod codeBase="C:\Projekty\MSTestProject\bin\Debug\netcoreapp3.1\MSTestProject.dll" adapterTypeName="executor://mstestadapter/v2" className="TwojeWesele.Services.Helpers.Tests.CurrencyHelperTests" name="FormatToStringTest1000" />
    </UnitTest>
    <UnitTest name="FormatToStringTest1000 (30722.846572104303,30722.85 zł)" storage="c:\projekty\mstestproject\bin\debug\netcoreapp3.1\mstestproject.dll" id="cb79ee0d-ab09-45ac-a9de-f36356d42a06">
      <TestCategory>
        <TestCategoryItem TestCategory="Category1000" />
      </TestCategory>
      <Execution id="68beb066-9a5c-451d-977a-93d3d28079ff" />
      <TestMethod codeBase="C:\Projekty\MSTestProject\bin\Debug\netcoreapp3.1\MSTestProject.dll" adapterTypeName="executor://mstestadapter/v2" className="TwojeWesele.Services.Helpers.Tests.CurrencyHelperTests" name="FormatToStringTest1000" />
    </UnitTest>
    <UnitTest name="FormatToStringTest1000 (65963.39932440939,65963.40 zł)" storage="c:\projekty\mstestproject\bin\debug\netcoreapp3.1\mstestproject.dll" id="17965dc2-487e-4d12-ad6e-fe80e7ab5e76">
      <TestCategory>
        <TestCategoryItem TestCategory="Category1000" />
      </TestCategory>
      <Execution id="075753db-b0de-4902-992e-55e16bed9da7" />
      <TestMethod codeBase="C:\Projekty\MSTestProject\bin\Debug\netcoreapp3.1\MSTestProject.dll" adapterTypeName="executor://mstestadapter/v2" className="TwojeWesele.Services.Helpers.Tests.CurrencyHelperTests" name="FormatToStringTest1000" />
    </UnitTest>
    <UnitTest name="FormatToStringTest1000 (54678.59301593089,54678.59 zł)" storage="c:\projekty\mstestproject\bin\debug\netcoreapp3.1\mstestproject.dll" id="25613ea4-81d5-40b4-b3e5-a73d807d2a26">
      <TestCategory>
        <TestCategoryItem TestCategory="Category1000" />
      </TestCategory>
      <Execution id="4c2bb929-a005-4f0d-9bb1-b46d84117bdc" />
      <TestMethod codeBase="C:\Projekty\MSTestProject\bin\Debug\netcoreapp3.1\MSTestProject.dll" adapterTypeName="executor://mstestadapter/v2" className="TwojeWesele.Services.Helpers.Tests.CurrencyHelperTests" name="FormatToStringTest1000" />
    </UnitTest>
    <UnitTest name="FormatToStringTest1000 (25135.10315489727,25135.10 zł)" storage="c:\projekty\mstestproject\bin\debug\netcoreapp3.1\mstestproject.dll" id="27f4578d-78b1-4959-a99e-39706a220291">
      <TestCategory>
        <TestCategoryItem TestCategory="Category1000" />
      </TestCategory>
      <Execution id="c670846e-e7c4-4636-a9d1-35e667ed9e1d" />
      <TestMethod codeBase="C:\Projekty\MSTestProject\bin\Debug\netcoreapp3.1\MSTestProject.dll" adapterTypeName="executor://mstestadapter/v2" className="TwojeWesele.Services.Helpers.Tests.CurrencyHelperTests" name="FormatToStringTest1000" />
    </UnitTest>
    <UnitTest name="FormatToStringTest1000 (9097.395563790293,9097.40 zł)" storage="c:\projekty\mstestproject\bin\debug\netcoreapp3.1\mstestproject.dll" id="56f852a7-8bd2-49a3-9585-6a2d0b828292">
      <TestCategory>
        <TestCategoryItem TestCategory="Category1000" />
      </TestCategory>
      <Execution id="d1f6c167-2eee-4b10-ada9-da2155172510" />
      <TestMethod codeBase="C:\Projekty\MSTestProject\bin\Debug\netcoreapp3.1\MSTestProject.dll" adapterTypeName="executor://mstestadapter/v2" className="TwojeWesele.Services.Helpers.Tests.CurrencyHelperTests" name="FormatToStringTest1000" />
    </UnitTest>
    <UnitTest name="FormatToStringTest1000 (38253.101637909705,38253.10 zł)" storage="c:\projekty\mstestproject\bin\debug\netcoreapp3.1\mstestproject.dll" id="c8cfd6f2-9657-4697-948d-f5c0a7163adc">
      <TestCategory>
        <TestCategoryItem TestCategory="Category1000" />
      </TestCategory>
      <Execution id="b4f126f6-fd5e-4f68-8e12-724aa2f727fd" />
      <TestMethod codeBase="C:\Projekty\MSTestProject\bin\Debug\netcoreapp3.1\MSTestProject.dll" adapterTypeName="executor://mstestadapter/v2" className="TwojeWesele.Services.Helpers.Tests.CurrencyHelperTests" name="FormatToStringTest1000" />
    </UnitTest>
    <UnitTest name="FormatToStringTest1000 (3341.8351759444154,3341.84 zł)" storage="c:\projekty\mstestproject\bin\debug\netcoreapp3.1\mstestproject.dll" id="59b8fef7-b54c-40b0-9a2f-0d339f81f211">
      <TestCategory>
        <TestCategoryItem TestCategory="Category1000" />
      </TestCategory>
      <Execution id="729f3d80-5f7d-4801-8386-93c03aef2b2d" />
      <TestMethod codeBase="C:\Projekty\MSTestProject\bin\Debug\netcoreapp3.1\MSTestProject.dll" adapterTypeName="executor://mstestadapter/v2" className="TwojeWesele.Services.Helpers.Tests.CurrencyHelperTests" name="FormatToStringTest1000" />
    </UnitTest>
    <UnitTest name="FormatToStringTest1000 (15414.175096961751,15414.18 zł)" storage="c:\projekty\mstestproject\bin\debug\netcoreapp3.1\mstestproject.dll" id="8e103c70-9cbf-41de-9c63-3aa043a6ca5a">
      <TestCategory>
        <TestCategoryItem TestCategory="Category1000" />
      </TestCategory>
      <Execution id="1bac0631-c9c5-4f38-9b32-95f7b3490291" />
      <TestMethod codeBase="C:\Projekty\MSTestProject\bin\Debug\netcoreapp3.1\MSTestProject.dll" adapterTypeName="executor://mstestadapter/v2" className="TwojeWesele.Services.Helpers.Tests.CurrencyHelperTests" name="FormatToStringTest1000" />
    </UnitTest>
    <UnitTest name="FormatToStringTest1000 (10914.360814625099,10914.36 zł)" storage="c:\projekty\mstestproject\bin\debug\netcoreapp3.1\mstestproject.dll" id="04951db1-29bf-41af-bfd8-78327df60732">
      <TestCategory>
        <TestCategoryItem TestCategory="Category1000" />
      </TestCategory>
      <Execution id="cc22de71-ac85-44c6-bdc9-b073e8eb8267" />
      <TestMethod codeBase="C:\Projekty\MSTestProject\bin\Debug\netcoreapp3.1\MSTestProject.dll" adapterTypeName="executor://mstestadapter/v2" className="TwojeWesele.Services.Helpers.Tests.CurrencyHelperTests" name="FormatToStringTest1000" />
    </UnitTest>
    <UnitTest name="FormatToStringTest1000 (51503.82905738234,51503.83 zł)" storage="c:\projekty\mstestproject\bin\debug\netcoreapp3.1\mstestproject.dll" id="a94a547a-6784-4d13-9bd8-2cd5ae94b2f4">
      <TestCategory>
        <TestCategoryItem TestCategory="Category1000" />
      </TestCategory>
      <Execution id="b38692a5-7093-485e-b40d-dfbfacbbdae5" />
      <TestMethod codeBase="C:\Projekty\MSTestProject\bin\Debug\netcoreapp3.1\MSTestProject.dll" adapterTypeName="executor://mstestadapter/v2" className="TwojeWesele.Services.Helpers.Tests.CurrencyHelperTests" name="FormatToStringTest1000" />
    </UnitTest>
    <UnitTest name="FormatToStringTest1000 (37528.70144368368,37528.70 zł)" storage="c:\projekty\mstestproject\bin\debug\netcoreapp3.1\mstestproject.dll" id="1c11db7b-1570-428d-bac5-53f93732ca01">
      <TestCategory>
        <TestCategoryItem TestCategory="Category1000" />
      </TestCategory>
      <Execution id="0084e239-3060-4495-8452-975e4d4cd0de" />
      <TestMethod codeBase="C:\Projekty\MSTestProject\bin\Debug\netcoreapp3.1\MSTestProject.dll" adapterTypeName="executor://mstestadapter/v2" className="TwojeWesele.Services.Helpers.Tests.CurrencyHelperTests" name="FormatToStringTest1000" />
    </UnitTest>
    <UnitTest name="FormatToStringTest1000 (1613.6903705837626,1613.69 zł)" storage="c:\projekty\mstestproject\bin\debug\netcoreapp3.1\mstestproject.dll" id="8240ea8f-30bb-47be-9988-7cb037ab9522">
      <TestCategory>
        <TestCategoryItem TestCategory="Category1000" />
      </TestCategory>
      <Execution id="809c8adb-0a01-4c64-a54a-e715f73fa722" />
      <TestMethod codeBase="C:\Projekty\MSTestProject\bin\Debug\netcoreapp3.1\MSTestProject.dll" adapterTypeName="executor://mstestadapter/v2" className="TwojeWesele.Services.Helpers.Tests.CurrencyHelperTests" name="FormatToStringTest1000" />
    </UnitTest>
    <UnitTest name="FormatToStringTest1000 (15624.452361264477,15624.45 zł)" storage="c:\projekty\mstestproject\bin\debug\netcoreapp3.1\mstestproject.dll" id="487193a5-0285-486f-80cf-69cabb1209fe">
      <TestCategory>
        <TestCategoryItem TestCategory="Category1000" />
      </TestCategory>
      <Execution id="d312d028-6e83-40cc-92fb-7b9a1c54b6ff" />
      <TestMethod codeBase="C:\Projekty\MSTestProject\bin\Debug\netcoreapp3.1\MSTestProject.dll" adapterTypeName="executor://mstestadapter/v2" className="TwojeWesele.Services.Helpers.Tests.CurrencyHelperTests" name="FormatToStringTest1000" />
    </UnitTest>
    <UnitTest name="FormatToStringTest1000 (22557.09603308099,22557.10 zł)" storage="c:\projekty\mstestproject\bin\debug\netcoreapp3.1\mstestproject.dll" id="c13feb38-965a-4d71-8cf3-77119e8d4355">
      <TestCategory>
        <TestCategoryItem TestCategory="Category1000" />
      </TestCategory>
      <Execution id="970789a7-5e3d-4648-b800-83f4b7da9f72" />
      <TestMethod codeBase="C:\Projekty\MSTestProject\bin\Debug\netcoreapp3.1\MSTestProject.dll" adapterTypeName="executor://mstestadapter/v2" className="TwojeWesele.Services.Helpers.Tests.CurrencyHelperTests" name="FormatToStringTest1000" />
    </UnitTest>
    <UnitTest name="FormatToStringTest1000 (84686.32148464039,84686.32 zł)" storage="c:\projekty\mstestproject\bin\debug\netcoreapp3.1\mstestproject.dll" id="90516b6a-e5b9-4a0d-b72b-5f21b180f925">
      <TestCategory>
        <TestCategoryItem TestCategory="Category1000" />
      </TestCategory>
      <Execution id="606bb394-d280-43b2-b707-4537a9440ed8" />
      <TestMethod codeBase="C:\Projekty\MSTestProject\bin\Debug\netcoreapp3.1\MSTestProject.dll" adapterTypeName="executor://mstestadapter/v2" className="TwojeWesele.Services.Helpers.Tests.CurrencyHelperTests" name="FormatToStringTest1000" />
    </UnitTest>
    <UnitTest name="FormatToStringTest1000 (964.9678631783313,964.97 zł)" storage="c:\projekty\mstestproject\bin\debug\netcoreapp3.1\mstestproject.dll" id="9ebec0e5-60ed-46ef-aa26-747ae2a6a516">
      <TestCategory>
        <TestCategoryItem TestCategory="Category1000" />
      </TestCategory>
      <Execution id="a9496e21-5aa8-4fb9-896c-5fff91be9ee3" />
      <TestMethod codeBase="C:\Projekty\MSTestProject\bin\Debug\netcoreapp3.1\MSTestProject.dll" adapterTypeName="executor://mstestadapter/v2" className="TwojeWesele.Services.Helpers.Tests.CurrencyHelperTests" name="FormatToStringTest1000" />
    </UnitTest>
    <UnitTest name="FormatToStringTest1000 (7951.322730072458,7951.32 zł)" storage="c:\projekty\mstestproject\bin\debug\netcoreapp3.1\mstestproject.dll" id="bc5b3163-4903-4725-a9b7-b4dcff89d8ab">
      <TestCategory>
        <TestCategoryItem TestCategory="Category1000" />
      </TestCategory>
      <Execution id="3d5d440b-2e4e-4395-93ba-969155726a85" />
      <TestMethod codeBase="C:\Projekty\MSTestProject\bin\Debug\netcoreapp3.1\MSTestProject.dll" adapterTypeName="executor://mstestadapter/v2" className="TwojeWesele.Services.Helpers.Tests.CurrencyHelperTests" name="FormatToStringTest1000" />
    </UnitTest>
    <UnitTest name="FormatToStringTest1000 (7119.076353227755,7119.08 zł)" storage="c:\projekty\mstestproject\bin\debug\netcoreapp3.1\mstestproject.dll" id="7e1c4278-5c96-4f4c-83f8-d5fc952b034e">
      <TestCategory>
        <TestCategoryItem TestCategory="Category1000" />
      </TestCategory>
      <Execution id="0351baab-ae94-4e1e-8f05-9bf243023573" />
      <TestMethod codeBase="C:\Projekty\MSTestProject\bin\Debug\netcoreapp3.1\MSTestProject.dll" adapterTypeName="executor://mstestadapter/v2" className="TwojeWesele.Services.Helpers.Tests.CurrencyHelperTests" name="FormatToStringTest1000" />
    </UnitTest>
    <UnitTest name="FormatToStringTest1000 (29474.095826699442,29474.10 zł)" storage="c:\projekty\mstestproject\bin\debug\netcoreapp3.1\mstestproject.dll" id="d69e6d63-f240-4e1e-ad31-53fe28e9926c">
      <TestCategory>
        <TestCategoryItem TestCategory="Category1000" />
      </TestCategory>
      <Execution id="334e8234-9ab3-4b81-9198-12a775dfd8df" />
      <TestMethod codeBase="C:\Projekty\MSTestProject\bin\Debug\netcoreapp3.1\MSTestProject.dll" adapterTypeName="executor://mstestadapter/v2" className="TwojeWesele.Services.Helpers.Tests.CurrencyHelperTests" name="FormatToStringTest1000" />
    </UnitTest>
    <UnitTest name="FormatToStringTest1000 (20752.33758466334,20752.34 zł)" storage="c:\projekty\mstestproject\bin\debug\netcoreapp3.1\mstestproject.dll" id="d2e60b81-c368-4b68-b72a-51393f34bc7a">
      <TestCategory>
        <TestCategoryItem TestCategory="Category1000" />
      </TestCategory>
      <Execution id="6156c566-d53f-40a4-bd61-484c2a7ec619" />
      <TestMethod codeBase="C:\Projekty\MSTestProject\bin\Debug\netcoreapp3.1\MSTestProject.dll" adapterTypeName="executor://mstestadapter/v2" className="TwojeWesele.Services.Helpers.Tests.CurrencyHelperTests" name="FormatToStringTest1000" />
    </UnitTest>
    <UnitTest name="FormatToStringTest1000 (19210.519530370144,19210.52 zł)" storage="c:\projekty\mstestproject\bin\debug\netcoreapp3.1\mstestproject.dll" id="8169416c-bf1f-43e8-b4ca-0c30ab26cfde">
      <TestCategory>
        <TestCategoryItem TestCategory="Category1000" />
      </TestCategory>
      <Execution id="e0ef6557-c965-464c-bd79-e7c9f04fae3e" />
      <TestMethod codeBase="C:\Projekty\MSTestProject\bin\Debug\netcoreapp3.1\MSTestProject.dll" adapterTypeName="executor://mstestadapter/v2" className="TwojeWesele.Services.Helpers.Tests.CurrencyHelperTests" name="FormatToStringTest1000" />
    </UnitTest>
    <UnitTest name="FormatToStringTest1000 (545.7016866634142,545.70 zł)" storage="c:\projekty\mstestproject\bin\debug\netcoreapp3.1\mstestproject.dll" id="5b43103b-7a82-45d0-8d4e-1bec3c422278">
      <TestCategory>
        <TestCategoryItem TestCategory="Category1000" />
      </TestCategory>
      <Execution id="47d8dc14-4884-4731-b428-9f481bfb6ed3" />
      <TestMethod codeBase="C:\Projekty\MSTestProject\bin\Debug\netcoreapp3.1\MSTestProject.dll" adapterTypeName="executor://mstestadapter/v2" className="TwojeWesele.Services.Helpers.Tests.CurrencyHelperTests" name="FormatToStringTest1000" />
    </UnitTest>
    <UnitTest name="FormatToStringTest1000 (47256.065730817645,47256.07 zł)" storage="c:\projekty\mstestproject\bin\debug\netcoreapp3.1\mstestproject.dll" id="a35e87ef-3dd9-44d8-bebd-74d33f9f83c7">
      <TestCategory>
        <TestCategoryItem TestCategory="Category1000" />
      </TestCategory>
      <Execution id="74e73914-1245-47fd-8f71-e75f2ce691a3" />
      <TestMethod codeBase="C:\Projekty\MSTestProject\bin\Debug\netcoreapp3.1\MSTestProject.dll" adapterTypeName="executor://mstestadapter/v2" className="TwojeWesele.Services.Helpers.Tests.CurrencyHelperTests" name="FormatToStringTest1000" />
    </UnitTest>
    <UnitTest name="FormatToStringTest1000 (2975.6892256134606,2975.69 zł)" storage="c:\projekty\mstestproject\bin\debug\netcoreapp3.1\mstestproject.dll" id="72eee7d0-696d-4ee8-8465-d30cf680e808">
      <TestCategory>
        <TestCategoryItem TestCategory="Category1000" />
      </TestCategory>
      <Execution id="7401cbdd-1f64-4356-b4a9-97a22c17f34a" />
      <TestMethod codeBase="C:\Projekty\MSTestProject\bin\Debug\netcoreapp3.1\MSTestProject.dll" adapterTypeName="executor://mstestadapter/v2" className="TwojeWesele.Services.Helpers.Tests.CurrencyHelperTests" name="FormatToStringTest1000" />
    </UnitTest>
    <UnitTest name="FormatToStringTest1000 (51529.79033960206,51529.79 zł)" storage="c:\projekty\mstestproject\bin\debug\netcoreapp3.1\mstestproject.dll" id="7a2a682a-adcc-44e7-93f6-bcf7871f67e2">
      <TestCategory>
        <TestCategoryItem TestCategory="Category1000" />
      </TestCategory>
      <Execution id="1e240e30-a7a6-473f-b2c7-605c9753457f" />
      <TestMethod codeBase="C:\Projekty\MSTestProject\bin\Debug\netcoreapp3.1\MSTestProject.dll" adapterTypeName="executor://mstestadapter/v2" className="TwojeWesele.Services.Helpers.Tests.CurrencyHelperTests" name="FormatToStringTest1000" />
    </UnitTest>
    <UnitTest name="FormatToStringTest1000 (3477.860963622509,3477.86 zł)" storage="c:\projekty\mstestproject\bin\debug\netcoreapp3.1\mstestproject.dll" id="a870d332-3f39-4a6a-8462-b5666cdd2d7b">
      <TestCategory>
        <TestCategoryItem TestCategory="Category1000" />
      </TestCategory>
      <Execution id="6cba0ed0-9e5e-4f2f-b3d2-f3220b50e1a0" />
      <TestMethod codeBase="C:\Projekty\MSTestProject\bin\Debug\netcoreapp3.1\MSTestProject.dll" adapterTypeName="executor://mstestadapter/v2" className="TwojeWesele.Services.Helpers.Tests.CurrencyHelperTests" name="FormatToStringTest1000" />
    </UnitTest>
    <UnitTest name="FormatToStringTest1000 (66723.3293191657,66723.33 zł)" storage="c:\projekty\mstestproject\bin\debug\netcoreapp3.1\mstestproject.dll" id="81dbedbf-817c-4610-884a-7c3245457060">
      <TestCategory>
        <TestCategoryItem TestCategory="Category1000" />
      </TestCategory>
      <Execution id="77e952b3-650c-4001-9762-aed60b01df00" />
      <TestMethod codeBase="C:\Projekty\MSTestProject\bin\Debug\netcoreapp3.1\MSTestProject.dll" adapterTypeName="executor://mstestadapter/v2" className="TwojeWesele.Services.Helpers.Tests.CurrencyHelperTests" name="FormatToStringTest1000" />
    </UnitTest>
    <UnitTest name="FormatToStringTest1000 (158.49784791027093,158.50 zł)" storage="c:\projekty\mstestproject\bin\debug\netcoreapp3.1\mstestproject.dll" id="f1ba84f8-2b1b-4a59-a21a-be8cc24e1519">
      <TestCategory>
        <TestCategoryItem TestCategory="Category1000" />
      </TestCategory>
      <Execution id="d02be724-dce5-4438-be6f-2e0cde5001fa" />
      <TestMethod codeBase="C:\Projekty\MSTestProject\bin\Debug\netcoreapp3.1\MSTestProject.dll" adapterTypeName="executor://mstestadapter/v2" className="TwojeWesele.Services.Helpers.Tests.CurrencyHelperTests" name="FormatToStringTest1000" />
    </UnitTest>
    <UnitTest name="FormatToStringTest1000 (5507.360659962688,5507.36 zł)" storage="c:\projekty\mstestproject\bin\debug\netcoreapp3.1\mstestproject.dll" id="4e20f2da-1de0-430c-8a5b-d1bdd295a9c2">
      <TestCategory>
        <TestCategoryItem TestCategory="Category1000" />
      </TestCategory>
      <Execution id="c24537b2-a9bc-4342-acd2-1d9acacda4b0" />
      <TestMethod codeBase="C:\Projekty\MSTestProject\bin\Debug\netcoreapp3.1\MSTestProject.dll" adapterTypeName="executor://mstestadapter/v2" className="TwojeWesele.Services.Helpers.Tests.CurrencyHelperTests" name="FormatToStringTest1000" />
    </UnitTest>
    <UnitTest name="FormatToStringTest1000 (8499.121443388574,8499.12 zł)" storage="c:\projekty\mstestproject\bin\debug\netcoreapp3.1\mstestproject.dll" id="2bdcbc9e-e11f-494d-bcfa-b8a445d7aa40">
      <TestCategory>
        <TestCategoryItem TestCategory="Category1000" />
      </TestCategory>
      <Execution id="41ecdec8-57fe-47c2-8ae1-875cdd8de566" />
      <TestMethod codeBase="C:\Projekty\MSTestProject\bin\Debug\netcoreapp3.1\MSTestProject.dll" adapterTypeName="executor://mstestadapter/v2" className="TwojeWesele.Services.Helpers.Tests.CurrencyHelperTests" name="FormatToStringTest1000" />
    </UnitTest>
    <UnitTest name="FormatToStringTest1000 (72659.37876478041,72659.38 zł)" storage="c:\projekty\mstestproject\bin\debug\netcoreapp3.1\mstestproject.dll" id="9e8536e0-05f3-4363-b6f6-9a4292bb89f9">
      <TestCategory>
        <TestCategoryItem TestCategory="Category1000" />
      </TestCategory>
      <Execution id="dd768d4f-4b78-458f-b13f-eccfb7f0e58f" />
      <TestMethod codeBase="C:\Projekty\MSTestProject\bin\Debug\netcoreapp3.1\MSTestProject.dll" adapterTypeName="executor://mstestadapter/v2" className="TwojeWesele.Services.Helpers.Tests.CurrencyHelperTests" name="FormatToStringTest1000" />
    </UnitTest>
    <UnitTest name="FormatToStringTest1000 (75915.01943546813,75915.02 zł)" storage="c:\projekty\mstestproject\bin\debug\netcoreapp3.1\mstestproject.dll" id="2d8695c0-9f9d-4c86-b74d-a4c8d17731d4">
      <TestCategory>
        <TestCategoryItem TestCategory="Category1000" />
      </TestCategory>
      <Execution id="ae5fead8-d809-476b-87f8-6148c9fb264c" />
      <TestMethod codeBase="C:\Projekty\MSTestProject\bin\Debug\netcoreapp3.1\MSTestProject.dll" adapterTypeName="executor://mstestadapter/v2" className="TwojeWesele.Services.Helpers.Tests.CurrencyHelperTests" name="FormatToStringTest1000" />
    </UnitTest>
    <UnitTest name="FormatToStringTest1000 (63507.32603545455,63507.33 zł)" storage="c:\projekty\mstestproject\bin\debug\netcoreapp3.1\mstestproject.dll" id="7405d04c-0d2e-4c8d-b609-7b69672b8216">
      <TestCategory>
        <TestCategoryItem TestCategory="Category1000" />
      </TestCategory>
      <Execution id="d3c3836a-2bed-4a1a-bc75-8f755dfdbdf3" />
      <TestMethod codeBase="C:\Projekty\MSTestProject\bin\Debug\netcoreapp3.1\MSTestProject.dll" adapterTypeName="executor://mstestadapter/v2" className="TwojeWesele.Services.Helpers.Tests.CurrencyHelperTests" name="FormatToStringTest1000" />
    </UnitTest>
    <UnitTest name="FormatToStringTest1000 (59919.71489415491,59919.71 zł)" storage="c:\projekty\mstestproject\bin\debug\netcoreapp3.1\mstestproject.dll" id="1b5abe87-c605-4d78-bdc0-934ad220e647">
      <TestCategory>
        <TestCategoryItem TestCategory="Category1000" />
      </TestCategory>
      <Execution id="f9fadd13-48ca-4ed4-97eb-396da6404f2a" />
      <TestMethod codeBase="C:\Projekty\MSTestProject\bin\Debug\netcoreapp3.1\MSTestProject.dll" adapterTypeName="executor://mstestadapter/v2" className="TwojeWesele.Services.Helpers.Tests.CurrencyHelperTests" name="FormatToStringTest1000" />
    </UnitTest>
    <UnitTest name="FormatToStringTest1000 (46166.38051381259,46166.38 zł)" storage="c:\projekty\mstestproject\bin\debug\netcoreapp3.1\mstestproject.dll" id="23c144d7-0855-4eb4-bd8a-0bc2ace0c9a6">
      <TestCategory>
        <TestCategoryItem TestCategory="Category1000" />
      </TestCategory>
      <Execution id="d73f3a2e-f437-421c-a3d2-9c9678d8b23a" />
      <TestMethod codeBase="C:\Projekty\MSTestProject\bin\Debug\netcoreapp3.1\MSTestProject.dll" adapterTypeName="executor://mstestadapter/v2" className="TwojeWesele.Services.Helpers.Tests.CurrencyHelperTests" name="FormatToStringTest1000" />
    </UnitTest>
    <UnitTest name="FormatToStringTest1000 (15861.139287455073,15861.14 zł)" storage="c:\projekty\mstestproject\bin\debug\netcoreapp3.1\mstestproject.dll" id="112db363-25cc-4ede-bd89-83a4248dcd2f">
      <TestCategory>
        <TestCategoryItem TestCategory="Category1000" />
      </TestCategory>
      <Execution id="de218d85-ec0b-40aa-9c05-d2ef0e9d1557" />
      <TestMethod codeBase="C:\Projekty\MSTestProject\bin\Debug\netcoreapp3.1\MSTestProject.dll" adapterTypeName="executor://mstestadapter/v2" className="TwojeWesele.Services.Helpers.Tests.CurrencyHelperTests" name="FormatToStringTest1000" />
    </UnitTest>
    <UnitTest name="FormatToStringTest1000 (16383.352881839199,16383.35 zł)" storage="c:\projekty\mstestproject\bin\debug\netcoreapp3.1\mstestproject.dll" id="093916d7-a1ea-4056-9f72-0e83db9a9abe">
      <TestCategory>
        <TestCategoryItem TestCategory="Category1000" />
      </TestCategory>
      <Execution id="db1bbbaa-44c2-46f7-be1c-70e636291151" />
      <TestMethod codeBase="C:\Projekty\MSTestProject\bin\Debug\netcoreapp3.1\MSTestProject.dll" adapterTypeName="executor://mstestadapter/v2" className="TwojeWesele.Services.Helpers.Tests.CurrencyHelperTests" name="FormatToStringTest1000" />
    </UnitTest>
    <UnitTest name="FormatToStringTest1000 (15520.346099893259,15520.35 zł)" storage="c:\projekty\mstestproject\bin\debug\netcoreapp3.1\mstestproject.dll" id="ea22b549-4b5b-43a6-a1fe-3e3f57154e0f">
      <TestCategory>
        <TestCategoryItem TestCategory="Category1000" />
      </TestCategory>
      <Execution id="04eee842-d584-4bac-bd01-ae4102d46f87" />
      <TestMethod codeBase="C:\Projekty\MSTestProject\bin\Debug\netcoreapp3.1\MSTestProject.dll" adapterTypeName="executor://mstestadapter/v2" className="TwojeWesele.Services.Helpers.Tests.CurrencyHelperTests" name="FormatToStringTest1000" />
    </UnitTest>
    <UnitTest name="FormatToStringTest1000 (9843.625240445894,9843.63 zł)" storage="c:\projekty\mstestproject\bin\debug\netcoreapp3.1\mstestproject.dll" id="f9621c16-78ca-42ea-b92f-6f7c23905225">
      <TestCategory>
        <TestCategoryItem TestCategory="Category1000" />
      </TestCategory>
      <Execution id="c164326b-2a28-43a9-b16e-aabd7aedce27" />
      <TestMethod codeBase="C:\Projekty\MSTestProject\bin\Debug\netcoreapp3.1\MSTestProject.dll" adapterTypeName="executor://mstestadapter/v2" className="TwojeWesele.Services.Helpers.Tests.CurrencyHelperTests" name="FormatToStringTest1000" />
    </UnitTest>
    <UnitTest name="FormatToStringTest1000 (13092.45389243609,13092.45 zł)" storage="c:\projekty\mstestproject\bin\debug\netcoreapp3.1\mstestproject.dll" id="21743fc6-eec6-49e1-be43-a3afb8dc6c43">
      <TestCategory>
        <TestCategoryItem TestCategory="Category1000" />
      </TestCategory>
      <Execution id="68ee1d5f-a947-4100-87cf-310efdb67b2c" />
      <TestMethod codeBase="C:\Projekty\MSTestProject\bin\Debug\netcoreapp3.1\MSTestProject.dll" adapterTypeName="executor://mstestadapter/v2" className="TwojeWesele.Services.Helpers.Tests.CurrencyHelperTests" name="FormatToStringTest1000" />
    </UnitTest>
    <UnitTest name="FormatToStringTest1000 (30126.012320622805,30126.01 zł)" storage="c:\projekty\mstestproject\bin\debug\netcoreapp3.1\mstestproject.dll" id="c6dbba00-917a-476a-9321-d919c7691ea5">
      <TestCategory>
        <TestCategoryItem TestCategory="Category1000" />
      </TestCategory>
      <Execution id="6e08376e-5868-4bdd-ab49-eb948531a818" />
      <TestMethod codeBase="C:\Projekty\MSTestProject\bin\Debug\netcoreapp3.1\MSTestProject.dll" adapterTypeName="executor://mstestadapter/v2" className="TwojeWesele.Services.Helpers.Tests.CurrencyHelperTests" name="FormatToStringTest1000" />
    </UnitTest>
    <UnitTest name="FormatToStringTest1000 (14719.97001409762,14719.97 zł)" storage="c:\projekty\mstestproject\bin\debug\netcoreapp3.1\mstestproject.dll" id="6636bd38-8a41-4042-bd31-bfb95fb50c28">
      <TestCategory>
        <TestCategoryItem TestCategory="Category1000" />
      </TestCategory>
      <Execution id="c3a9e821-f57a-40fa-a6f4-d54f98ee642e" />
      <TestMethod codeBase="C:\Projekty\MSTestProject\bin\Debug\netcoreapp3.1\MSTestProject.dll" adapterTypeName="executor://mstestadapter/v2" className="TwojeWesele.Services.Helpers.Tests.CurrencyHelperTests" name="FormatToStringTest1000" />
    </UnitTest>
    <UnitTest name="FormatToStringTest1000 (74152.7503934562,74152.75 zł)" storage="c:\projekty\mstestproject\bin\debug\netcoreapp3.1\mstestproject.dll" id="6425feae-50f9-4c64-bb04-cf0983ef02a2">
      <TestCategory>
        <TestCategoryItem TestCategory="Category1000" />
      </TestCategory>
      <Execution id="d355783a-820f-46df-9949-0321635fbe26" />
      <TestMethod codeBase="C:\Projekty\MSTestProject\bin\Debug\netcoreapp3.1\MSTestProject.dll" adapterTypeName="executor://mstestadapter/v2" className="TwojeWesele.Services.Helpers.Tests.CurrencyHelperTests" name="FormatToStringTest1000" />
    </UnitTest>
    <UnitTest name="FormatToStringTest1000 (37826.846755123166,37826.85 zł)" storage="c:\projekty\mstestproject\bin\debug\netcoreapp3.1\mstestproject.dll" id="2c422d5e-eb79-404b-9b3b-bcedec59c876">
      <TestCategory>
        <TestCategoryItem TestCategory="Category1000" />
      </TestCategory>
      <Execution id="5879efb7-2799-4625-af45-362ce3e6c0b4" />
      <TestMethod codeBase="C:\Projekty\MSTestProject\bin\Debug\netcoreapp3.1\MSTestProject.dll" adapterTypeName="executor://mstestadapter/v2" className="TwojeWesele.Services.Helpers.Tests.CurrencyHelperTests" name="FormatToStringTest1000" />
    </UnitTest>
    <UnitTest name="FormatToStringTest1000 (30499.08272379734,30499.08 zł)" storage="c:\projekty\mstestproject\bin\debug\netcoreapp3.1\mstestproject.dll" id="190b63c9-b1e0-4111-b1d9-6a3c280b6546">
      <TestCategory>
        <TestCategoryItem TestCategory="Category1000" />
      </TestCategory>
      <Execution id="61c62c77-a132-44c9-b070-ca5d12b145e2" />
      <TestMethod codeBase="C:\Projekty\MSTestProject\bin\Debug\netcoreapp3.1\MSTestProject.dll" adapterTypeName="executor://mstestadapter/v2" className="TwojeWesele.Services.Helpers.Tests.CurrencyHelperTests" name="FormatToStringTest1000" />
    </UnitTest>
    <UnitTest name="FormatToStringTest1000 (13337.80490493486,13337.80 zł)" storage="c:\projekty\mstestproject\bin\debug\netcoreapp3.1\mstestproject.dll" id="6b50e408-a37f-4b4b-9a26-fd9d98cb4a8a">
      <TestCategory>
        <TestCategoryItem TestCategory="Category1000" />
      </TestCategory>
      <Execution id="77bbc703-31f1-4584-84be-ab0552514c20" />
      <TestMethod codeBase="C:\Projekty\MSTestProject\bin\Debug\netcoreapp3.1\MSTestProject.dll" adapterTypeName="executor://mstestadapter/v2" className="TwojeWesele.Services.Helpers.Tests.CurrencyHelperTests" name="FormatToStringTest1000" />
    </UnitTest>
    <UnitTest name="FormatToStringTest1000 (64887.45559046951,64887.46 zł)" storage="c:\projekty\mstestproject\bin\debug\netcoreapp3.1\mstestproject.dll" id="beb6e5a2-79ee-4d4f-ac68-03b32550b5f1">
      <TestCategory>
        <TestCategoryItem TestCategory="Category1000" />
      </TestCategory>
      <Execution id="3c4fbbc3-6ef3-40fe-85bc-dfeaab3d9ece" />
      <TestMethod codeBase="C:\Projekty\MSTestProject\bin\Debug\netcoreapp3.1\MSTestProject.dll" adapterTypeName="executor://mstestadapter/v2" className="TwojeWesele.Services.Helpers.Tests.CurrencyHelperTests" name="FormatToStringTest1000" />
    </UnitTest>
    <UnitTest name="FormatToStringTest1000 (18990.72499258012,18990.72 zł)" storage="c:\projekty\mstestproject\bin\debug\netcoreapp3.1\mstestproject.dll" id="7879f90b-d4ae-491e-93fa-50d50cf0be90">
      <TestCategory>
        <TestCategoryItem TestCategory="Category1000" />
      </TestCategory>
      <Execution id="9ce3715c-af1c-45dd-8a2e-4db42d582872" />
      <TestMethod codeBase="C:\Projekty\MSTestProject\bin\Debug\netcoreapp3.1\MSTestProject.dll" adapterTypeName="executor://mstestadapter/v2" className="TwojeWesele.Services.Helpers.Tests.CurrencyHelperTests" name="FormatToStringTest1000" />
    </UnitTest>
    <UnitTest name="FormatToStringTest1000 (464.74397441965715,464.74 zł)" storage="c:\projekty\mstestproject\bin\debug\netcoreapp3.1\mstestproject.dll" id="27a73ad3-77cd-4438-9663-2d1686a653b9">
      <TestCategory>
        <TestCategoryItem TestCategory="Category1000" />
      </TestCategory>
      <Execution id="73a78297-c053-49fe-af3a-d5d0903c2f8d" />
      <TestMethod codeBase="C:\Projekty\MSTestProject\bin\Debug\netcoreapp3.1\MSTestProject.dll" adapterTypeName="executor://mstestadapter/v2" className="TwojeWesele.Services.Helpers.Tests.CurrencyHelperTests" name="FormatToStringTest1000" />
    </UnitTest>
    <UnitTest name="FormatToStringTest1000 (2390.7596313784643,2390.76 zł)" storage="c:\projekty\mstestproject\bin\debug\netcoreapp3.1\mstestproject.dll" id="d62e720f-a808-4628-bae5-44d8d677fc3f">
      <TestCategory>
        <TestCategoryItem TestCategory="Category1000" />
      </TestCategory>
      <Execution id="c269764a-7798-4ae1-a785-eac161cfe0ed" />
      <TestMethod codeBase="C:\Projekty\MSTestProject\bin\Debug\netcoreapp3.1\MSTestProject.dll" adapterTypeName="executor://mstestadapter/v2" className="TwojeWesele.Services.Helpers.Tests.CurrencyHelperTests" name="FormatToStringTest1000" />
    </UnitTest>
    <UnitTest name="FormatToStringTest1000 (14475.498583194567,14475.50 zł)" storage="c:\projekty\mstestproject\bin\debug\netcoreapp3.1\mstestproject.dll" id="cef3b138-8a78-499d-84c3-975b5f6e3026">
      <TestCategory>
        <TestCategoryItem TestCategory="Category1000" />
      </TestCategory>
      <Execution id="6ae843cc-3672-40b4-aa16-35dc6458845b" />
      <TestMethod codeBase="C:\Projekty\MSTestProject\bin\Debug\netcoreapp3.1\MSTestProject.dll" adapterTypeName="executor://mstestadapter/v2" className="TwojeWesele.Services.Helpers.Tests.CurrencyHelperTests" name="FormatToStringTest1000" />
    </UnitTest>
    <UnitTest name="FormatToStringTest1000 (44361.82678515177,44361.83 zł)" storage="c:\projekty\mstestproject\bin\debug\netcoreapp3.1\mstestproject.dll" id="7e754505-4b4e-4c81-bc38-9b7c8af3eda5">
      <TestCategory>
        <TestCategoryItem TestCategory="Category1000" />
      </TestCategory>
      <Execution id="c3bc93ca-fa29-49c2-823b-d344c14d8721" />
      <TestMethod codeBase="C:\Projekty\MSTestProject\bin\Debug\netcoreapp3.1\MSTestProject.dll" adapterTypeName="executor://mstestadapter/v2" className="TwojeWesele.Services.Helpers.Tests.CurrencyHelperTests" name="FormatToStringTest1000" />
    </UnitTest>
    <UnitTest name="FormatToStringTest1000 (27187.549022783314,27187.55 zł)" storage="c:\projekty\mstestproject\bin\debug\netcoreapp3.1\mstestproject.dll" id="47def2e1-6763-42c3-b181-37710601189d">
      <TestCategory>
        <TestCategoryItem TestCategory="Category1000" />
      </TestCategory>
      <Execution id="685dedb4-153e-45e3-ab27-311b56d7de91" />
      <TestMethod codeBase="C:\Projekty\MSTestProject\bin\Debug\netcoreapp3.1\MSTestProject.dll" adapterTypeName="executor://mstestadapter/v2" className="TwojeWesele.Services.Helpers.Tests.CurrencyHelperTests" name="FormatToStringTest1000" />
    </UnitTest>
    <UnitTest name="FormatToStringTest1000 (7458.609645228652,7458.61 zł)" storage="c:\projekty\mstestproject\bin\debug\netcoreapp3.1\mstestproject.dll" id="989a80c2-148c-4010-a95e-d49ddfd20e96">
      <TestCategory>
        <TestCategoryItem TestCategory="Category1000" />
      </TestCategory>
      <Execution id="c5263161-058d-4290-9de0-993c9d59f965" />
      <TestMethod codeBase="C:\Projekty\MSTestProject\bin\Debug\netcoreapp3.1\MSTestProject.dll" adapterTypeName="executor://mstestadapter/v2" className="TwojeWesele.Services.Helpers.Tests.CurrencyHelperTests" name="FormatToStringTest1000" />
    </UnitTest>
    <UnitTest name="FormatToStringTest1000 (17953.338243749615,17953.34 zł)" storage="c:\projekty\mstestproject\bin\debug\netcoreapp3.1\mstestproject.dll" id="b720bf4a-1a62-4004-9dcc-f6e30ba28954">
      <TestCategory>
        <TestCategoryItem TestCategory="Category1000" />
      </TestCategory>
      <Execution id="2801c396-d4f1-4438-a22e-102890646a5b" />
      <TestMethod codeBase="C:\Projekty\MSTestProject\bin\Debug\netcoreapp3.1\MSTestProject.dll" adapterTypeName="executor://mstestadapter/v2" className="TwojeWesele.Services.Helpers.Tests.CurrencyHelperTests" name="FormatToStringTest1000" />
    </UnitTest>
    <UnitTest name="FormatToStringTest1000 (22459.530444447664,22459.53 zł)" storage="c:\projekty\mstestproject\bin\debug\netcoreapp3.1\mstestproject.dll" id="400a6ec5-6250-480d-9e9c-fca635ef6d7a">
      <TestCategory>
        <TestCategoryItem TestCategory="Category1000" />
      </TestCategory>
      <Execution id="e48c9945-4a9b-48e6-89c1-f52b66279d03" />
      <TestMethod codeBase="C:\Projekty\MSTestProject\bin\Debug\netcoreapp3.1\MSTestProject.dll" adapterTypeName="executor://mstestadapter/v2" className="TwojeWesele.Services.Helpers.Tests.CurrencyHelperTests" name="FormatToStringTest1000" />
    </UnitTest>
    <UnitTest name="FormatToStringTest1000 (10268.547802396373,10268.55 zł)" storage="c:\projekty\mstestproject\bin\debug\netcoreapp3.1\mstestproject.dll" id="198502af-3910-4ef6-a48e-49222129b907">
      <TestCategory>
        <TestCategoryItem TestCategory="Category1000" />
      </TestCategory>
      <Execution id="0c6ac467-6dd6-4684-bdaa-cbbaa8df0b37" />
      <TestMethod codeBase="C:\Projekty\MSTestProject\bin\Debug\netcoreapp3.1\MSTestProject.dll" adapterTypeName="executor://mstestadapter/v2" className="TwojeWesele.Services.Helpers.Tests.CurrencyHelperTests" name="FormatToStringTest1000" />
    </UnitTest>
    <UnitTest name="FormatToStringTest1000 (9754.291367935619,9754.29 zł)" storage="c:\projekty\mstestproject\bin\debug\netcoreapp3.1\mstestproject.dll" id="c5a81fb6-c82f-4b29-8f2d-60e121a68afc">
      <TestCategory>
        <TestCategoryItem TestCategory="Category1000" />
      </TestCategory>
      <Execution id="39b7893d-79a6-44b5-aa1c-fbca26decc2e" />
      <TestMethod codeBase="C:\Projekty\MSTestProject\bin\Debug\netcoreapp3.1\MSTestProject.dll" adapterTypeName="executor://mstestadapter/v2" className="TwojeWesele.Services.Helpers.Tests.CurrencyHelperTests" name="FormatToStringTest1000" />
    </UnitTest>
    <UnitTest name="FormatToStringTest1000 (26945.125386551546,26945.13 zł)" storage="c:\projekty\mstestproject\bin\debug\netcoreapp3.1\mstestproject.dll" id="e6ce34f4-1980-489e-ad70-43553d481bb3">
      <TestCategory>
        <TestCategoryItem TestCategory="Category1000" />
      </TestCategory>
      <Execution id="d489ab74-2391-4c67-9652-9ac83215b6ee" />
      <TestMethod codeBase="C:\Projekty\MSTestProject\bin\Debug\netcoreapp3.1\MSTestProject.dll" adapterTypeName="executor://mstestadapter/v2" className="TwojeWesele.Services.Helpers.Tests.CurrencyHelperTests" name="FormatToStringTest1000" />
    </UnitTest>
    <UnitTest name="FormatToStringTest1000 (5108.217389855635,5108.22 zł)" storage="c:\projekty\mstestproject\bin\debug\netcoreapp3.1\mstestproject.dll" id="be436893-a13c-462c-b7b0-7eb37ade3381">
      <TestCategory>
        <TestCategoryItem TestCategory="Category1000" />
      </TestCategory>
      <Execution id="64642136-4412-4050-912f-7e06846eedbf" />
      <TestMethod codeBase="C:\Projekty\MSTestProject\bin\Debug\netcoreapp3.1\MSTestProject.dll" adapterTypeName="executor://mstestadapter/v2" className="TwojeWesele.Services.Helpers.Tests.CurrencyHelperTests" name="FormatToStringTest1000" />
    </UnitTest>
    <UnitTest name="FormatToStringTest1000 (653.4647999170537,653.46 zł)" storage="c:\projekty\mstestproject\bin\debug\netcoreapp3.1\mstestproject.dll" id="8ee436b5-1674-4742-9bb4-cfa3fe0defdd">
      <TestCategory>
        <TestCategoryItem TestCategory="Category1000" />
      </TestCategory>
      <Execution id="a019fde9-238c-4716-8e4a-a483ffc33926" />
      <TestMethod codeBase="C:\Projekty\MSTestProject\bin\Debug\netcoreapp3.1\MSTestProject.dll" adapterTypeName="executor://mstestadapter/v2" className="TwojeWesele.Services.Helpers.Tests.CurrencyHelperTests" name="FormatToStringTest1000" />
    </UnitTest>
    <UnitTest name="FormatToStringTest1000 (9661.966055578536,9661.97 zł)" storage="c:\projekty\mstestproject\bin\debug\netcoreapp3.1\mstestproject.dll" id="f2c1d1b2-a489-4a42-948b-ed4a7a442a33">
      <TestCategory>
        <TestCategoryItem TestCategory="Category1000" />
      </TestCategory>
      <Execution id="d6775400-8d67-4582-8823-576fe345f86f" />
      <TestMethod codeBase="C:\Projekty\MSTestProject\bin\Debug\netcoreapp3.1\MSTestProject.dll" adapterTypeName="executor://mstestadapter/v2" className="TwojeWesele.Services.Helpers.Tests.CurrencyHelperTests" name="FormatToStringTest1000" />
    </UnitTest>
    <UnitTest name="FormatToStringTest1000 (17875.613377604455,17875.61 zł)" storage="c:\projekty\mstestproject\bin\debug\netcoreapp3.1\mstestproject.dll" id="b415da02-08d4-4d92-930a-3ed5c1022344">
      <TestCategory>
        <TestCategoryItem TestCategory="Category1000" />
      </TestCategory>
      <Execution id="7fc23cf7-df5c-4ea0-a1c0-a4f178b6990f" />
      <TestMethod codeBase="C:\Projekty\MSTestProject\bin\Debug\netcoreapp3.1\MSTestProject.dll" adapterTypeName="executor://mstestadapter/v2" className="TwojeWesele.Services.Helpers.Tests.CurrencyHelperTests" name="FormatToStringTest1000" />
    </UnitTest>
    <UnitTest name="FormatToStringTest1000 (38076.55319665165,38076.55 zł)" storage="c:\projekty\mstestproject\bin\debug\netcoreapp3.1\mstestproject.dll" id="5eb847c6-065f-4e9c-b8a9-cea706e4f3d1">
      <TestCategory>
        <TestCategoryItem TestCategory="Category1000" />
      </TestCategory>
      <Execution id="9b37a3e2-11a6-47aa-917e-ec671c8a4837" />
      <TestMethod codeBase="C:\Projekty\MSTestProject\bin\Debug\netcoreapp3.1\MSTestProject.dll" adapterTypeName="executor://mstestadapter/v2" className="TwojeWesele.Services.Helpers.Tests.CurrencyHelperTests" name="FormatToStringTest1000" />
    </UnitTest>
    <UnitTest name="FormatToStringTest1000 (35967.54466809684,35967.54 zł)" storage="c:\projekty\mstestproject\bin\debug\netcoreapp3.1\mstestproject.dll" id="324d7b1b-a724-46ec-a0c7-d614c3072eac">
      <TestCategory>
        <TestCategoryItem TestCategory="Category1000" />
      </TestCategory>
      <Execution id="6ada1308-6a6c-4095-8780-3b2e7a4e7883" />
      <TestMethod codeBase="C:\Projekty\MSTestProject\bin\Debug\netcoreapp3.1\MSTestProject.dll" adapterTypeName="executor://mstestadapter/v2" className="TwojeWesele.Services.Helpers.Tests.CurrencyHelperTests" name="FormatToStringTest1000" />
    </UnitTest>
    <UnitTest name="FormatToStringTest1000 (12221.10494323592,12221.10 zł)" storage="c:\projekty\mstestproject\bin\debug\netcoreapp3.1\mstestproject.dll" id="8457ad30-c519-4618-9e30-50647d930bd6">
      <TestCategory>
        <TestCategoryItem TestCategory="Category1000" />
      </TestCategory>
      <Execution id="d31e613a-1fca-4a77-948f-dfb122d229c1" />
      <TestMethod codeBase="C:\Projekty\MSTestProject\bin\Debug\netcoreapp3.1\MSTestProject.dll" adapterTypeName="executor://mstestadapter/v2" className="TwojeWesele.Services.Helpers.Tests.CurrencyHelperTests" name="FormatToStringTest1000" />
    </UnitTest>
    <UnitTest name="FormatToStringTest1000 (12118.31777677048,12118.32 zł)" storage="c:\projekty\mstestproject\bin\debug\netcoreapp3.1\mstestproject.dll" id="207a8ed5-4e5d-409c-9ebd-0b6ad9f67ad5">
      <TestCategory>
        <TestCategoryItem TestCategory="Category1000" />
      </TestCategory>
      <Execution id="8ed4fefe-780d-48f4-9e14-8f4ebc3e6ddb" />
      <TestMethod codeBase="C:\Projekty\MSTestProject\bin\Debug\netcoreapp3.1\MSTestProject.dll" adapterTypeName="executor://mstestadapter/v2" className="TwojeWesele.Services.Helpers.Tests.CurrencyHelperTests" name="FormatToStringTest1000" />
    </UnitTest>
    <UnitTest name="FormatToStringTest1000 (60299.23738666309,60299.24 zł)" storage="c:\projekty\mstestproject\bin\debug\netcoreapp3.1\mstestproject.dll" id="ac82fa26-7889-4974-b03d-0bedfe6118d1">
      <TestCategory>
        <TestCategoryItem TestCategory="Category1000" />
      </TestCategory>
      <Execution id="113d1ba3-7f3c-47bd-85d7-b8114897393e" />
      <TestMethod codeBase="C:\Projekty\MSTestProject\bin\Debug\netcoreapp3.1\MSTestProject.dll" adapterTypeName="executor://mstestadapter/v2" className="TwojeWesele.Services.Helpers.Tests.CurrencyHelperTests" name="FormatToStringTest1000" />
    </UnitTest>
    <UnitTest name="FormatToStringTest1000 (803.2448148733214,803.24 zł)" storage="c:\projekty\mstestproject\bin\debug\netcoreapp3.1\mstestproject.dll" id="366f93fe-970d-40ca-a388-ce75ba688428">
      <TestCategory>
        <TestCategoryItem TestCategory="Category1000" />
      </TestCategory>
      <Execution id="df58ade9-e1ac-4ecc-a7fb-e8fa45550bd2" />
      <TestMethod codeBase="C:\Projekty\MSTestProject\bin\Debug\netcoreapp3.1\MSTestProject.dll" adapterTypeName="executor://mstestadapter/v2" className="TwojeWesele.Services.Helpers.Tests.CurrencyHelperTests" name="FormatToStringTest1000" />
    </UnitTest>
    <UnitTest name="FormatToStringTest1000 (29417.800422138444,29417.80 zł)" storage="c:\projekty\mstestproject\bin\debug\netcoreapp3.1\mstestproject.dll" id="04f7ae3f-5626-4f84-a9e7-1dac4030bbff">
      <TestCategory>
        <TestCategoryItem TestCategory="Category1000" />
      </TestCategory>
      <Execution id="33a1d73e-cf31-4a1b-8200-d74e0fce5573" />
      <TestMethod codeBase="C:\Projekty\MSTestProject\bin\Debug\netcoreapp3.1\MSTestProject.dll" adapterTypeName="executor://mstestadapter/v2" className="TwojeWesele.Services.Helpers.Tests.CurrencyHelperTests" name="FormatToStringTest1000" />
    </UnitTest>
    <UnitTest name="FormatToStringTest1000 (19071.681252896637,19071.68 zł)" storage="c:\projekty\mstestproject\bin\debug\netcoreapp3.1\mstestproject.dll" id="fd33dda8-1b5d-4474-9bb9-2b8c77c9ea8a">
      <TestCategory>
        <TestCategoryItem TestCategory="Category1000" />
      </TestCategory>
      <Execution id="b1228e69-0464-46d0-8b32-f69295a13e9e" />
      <TestMethod codeBase="C:\Projekty\MSTestProject\bin\Debug\netcoreapp3.1\MSTestProject.dll" adapterTypeName="executor://mstestadapter/v2" className="TwojeWesele.Services.Helpers.Tests.CurrencyHelperTests" name="FormatToStringTest1000" />
    </UnitTest>
    <UnitTest name="FormatToStringTest1000 (14712.754747761765,14712.75 zł)" storage="c:\projekty\mstestproject\bin\debug\netcoreapp3.1\mstestproject.dll" id="aeb9c0d8-f0b1-404d-be59-b75a2f4a4ceb">
      <TestCategory>
        <TestCategoryItem TestCategory="Category1000" />
      </TestCategory>
      <Execution id="968c7f59-2e8c-465f-ad49-cfc5dc8751b2" />
      <TestMethod codeBase="C:\Projekty\MSTestProject\bin\Debug\netcoreapp3.1\MSTestProject.dll" adapterTypeName="executor://mstestadapter/v2" className="TwojeWesele.Services.Helpers.Tests.CurrencyHelperTests" name="FormatToStringTest1000" />
    </UnitTest>
    <UnitTest name="FormatToStringTest1000 (1669.555150571072,1669.56 zł)" storage="c:\projekty\mstestproject\bin\debug\netcoreapp3.1\mstestproject.dll" id="972947b7-4392-4419-9e42-1fee856d955d">
      <TestCategory>
        <TestCategoryItem TestCategory="Category1000" />
      </TestCategory>
      <Execution id="bd917689-5568-4bdb-af06-95cb44ba958d" />
      <TestMethod codeBase="C:\Projekty\MSTestProject\bin\Debug\netcoreapp3.1\MSTestProject.dll" adapterTypeName="executor://mstestadapter/v2" className="TwojeWesele.Services.Helpers.Tests.CurrencyHelperTests" name="FormatToStringTest1000" />
    </UnitTest>
    <UnitTest name="FormatToStringTest1000 (58848.60825001477,58848.61 zł)" storage="c:\projekty\mstestproject\bin\debug\netcoreapp3.1\mstestproject.dll" id="cbab6fae-14fe-4139-9ff3-a75138e016dd">
      <TestCategory>
        <TestCategoryItem TestCategory="Category1000" />
      </TestCategory>
      <Execution id="1ccf3ae9-75c2-4a3f-98da-b9b4bb989236" />
      <TestMethod codeBase="C:\Projekty\MSTestProject\bin\Debug\netcoreapp3.1\MSTestProject.dll" adapterTypeName="executor://mstestadapter/v2" className="TwojeWesele.Services.Helpers.Tests.CurrencyHelperTests" name="FormatToStringTest1000" />
    </UnitTest>
    <UnitTest name="FormatToStringTest1000 (25440.18371476614,25440.18 zł)" storage="c:\projekty\mstestproject\bin\debug\netcoreapp3.1\mstestproject.dll" id="eab7428b-783f-489a-931a-267e0185831f">
      <TestCategory>
        <TestCategoryItem TestCategory="Category1000" />
      </TestCategory>
      <Execution id="7094840d-46a7-40ad-98aa-1428875523ab" />
      <TestMethod codeBase="C:\Projekty\MSTestProject\bin\Debug\netcoreapp3.1\MSTestProject.dll" adapterTypeName="executor://mstestadapter/v2" className="TwojeWesele.Services.Helpers.Tests.CurrencyHelperTests" name="FormatToStringTest1000" />
    </UnitTest>
    <UnitTest name="FormatToStringTest1000 (47431.868885526375,47431.87 zł)" storage="c:\projekty\mstestproject\bin\debug\netcoreapp3.1\mstestproject.dll" id="2c9bc1b1-600e-4183-9979-8d39e2d3f5d0">
      <TestCategory>
        <TestCategoryItem TestCategory="Category1000" />
      </TestCategory>
      <Execution id="24eb203f-67b1-45dd-bf69-570d678881ba" />
      <TestMethod codeBase="C:\Projekty\MSTestProject\bin\Debug\netcoreapp3.1\MSTestProject.dll" adapterTypeName="executor://mstestadapter/v2" className="TwojeWesele.Services.Helpers.Tests.CurrencyHelperTests" name="FormatToStringTest1000" />
    </UnitTest>
    <UnitTest name="FormatToStringTest1000 (1108.7197928823157,1108.72 zł)" storage="c:\projekty\mstestproject\bin\debug\netcoreapp3.1\mstestproject.dll" id="0689be7f-4730-4b85-bc0d-5e1f611a1988">
      <TestCategory>
        <TestCategoryItem TestCategory="Category1000" />
      </TestCategory>
      <Execution id="81358073-8bc9-40a3-90fc-9d3b6076f576" />
      <TestMethod codeBase="C:\Projekty\MSTestProject\bin\Debug\netcoreapp3.1\MSTestProject.dll" adapterTypeName="executor://mstestadapter/v2" className="TwojeWesele.Services.Helpers.Tests.CurrencyHelperTests" name="FormatToStringTest1000" />
    </UnitTest>
    <UnitTest name="FormatToStringTest1000 (65809.35218338219,65809.35 zł)" storage="c:\projekty\mstestproject\bin\debug\netcoreapp3.1\mstestproject.dll" id="46f72e71-f8c6-4cca-ae2e-2ce72f2720ef">
      <TestCategory>
        <TestCategoryItem TestCategory="Category1000" />
      </TestCategory>
      <Execution id="a2177320-f1dc-47b3-93c9-ee239eb175e4" />
      <TestMethod codeBase="C:\Projekty\MSTestProject\bin\Debug\netcoreapp3.1\MSTestProject.dll" adapterTypeName="executor://mstestadapter/v2" className="TwojeWesele.Services.Helpers.Tests.CurrencyHelperTests" name="FormatToStringTest1000" />
    </UnitTest>
    <UnitTest name="FormatToStringTest1000 (16416.109736457518,16416.11 zł)" storage="c:\projekty\mstestproject\bin\debug\netcoreapp3.1\mstestproject.dll" id="db2752ed-1582-4f99-87aa-20ea2bbe7645">
      <TestCategory>
        <TestCategoryItem TestCategory="Category1000" />
      </TestCategory>
      <Execution id="d9f1fa01-378f-4518-b7a0-a6f0267664c8" />
      <TestMethod codeBase="C:\Projekty\MSTestProject\bin\Debug\netcoreapp3.1\MSTestProject.dll" adapterTypeName="executor://mstestadapter/v2" className="TwojeWesele.Services.Helpers.Tests.CurrencyHelperTests" name="FormatToStringTest1000" />
    </UnitTest>
    <UnitTest name="FormatToStringTest1000 (6958.393354767186,6958.39 zł)" storage="c:\projekty\mstestproject\bin\debug\netcoreapp3.1\mstestproject.dll" id="935108e0-bd17-43ad-ac2e-d3d1e901fe4c">
      <TestCategory>
        <TestCategoryItem TestCategory="Category1000" />
      </TestCategory>
      <Execution id="565756bc-e36a-4095-95ea-5e1c8d12debf" />
      <TestMethod codeBase="C:\Projekty\MSTestProject\bin\Debug\netcoreapp3.1\MSTestProject.dll" adapterTypeName="executor://mstestadapter/v2" className="TwojeWesele.Services.Helpers.Tests.CurrencyHelperTests" name="FormatToStringTest1000" />
    </UnitTest>
    <UnitTest name="FormatToStringTest1000 (17798.633951516185,17798.63 zł)" storage="c:\projekty\mstestproject\bin\debug\netcoreapp3.1\mstestproject.dll" id="d89c6180-b8f1-4ec8-af7e-4877cc4a1c47">
      <TestCategory>
        <TestCategoryItem TestCategory="Category1000" />
      </TestCategory>
      <Execution id="5608775c-3a92-4fb5-86ad-bd931c318c3f" />
      <TestMethod codeBase="C:\Projekty\MSTestProject\bin\Debug\netcoreapp3.1\MSTestProject.dll" adapterTypeName="executor://mstestadapter/v2" className="TwojeWesele.Services.Helpers.Tests.CurrencyHelperTests" name="FormatToStringTest1000" />
    </UnitTest>
    <UnitTest name="FormatToStringTest1000 (8582.709131852587,8582.71 zł)" storage="c:\projekty\mstestproject\bin\debug\netcoreapp3.1\mstestproject.dll" id="1234b465-5013-4d7d-88f9-6f3c17d3f74f">
      <TestCategory>
        <TestCategoryItem TestCategory="Category1000" />
      </TestCategory>
      <Execution id="b8be0d3f-1836-4a6a-9cbe-4d31b355104b" />
      <TestMethod codeBase="C:\Projekty\MSTestProject\bin\Debug\netcoreapp3.1\MSTestProject.dll" adapterTypeName="executor://mstestadapter/v2" className="TwojeWesele.Services.Helpers.Tests.CurrencyHelperTests" name="FormatToStringTest1000" />
    </UnitTest>
    <UnitTest name="FormatToStringTest1000 (25084.19182667238,25084.19 zł)" storage="c:\projekty\mstestproject\bin\debug\netcoreapp3.1\mstestproject.dll" id="381a04d0-bd73-45fa-9782-927f6da51bf7">
      <TestCategory>
        <TestCategoryItem TestCategory="Category1000" />
      </TestCategory>
      <Execution id="5adf265c-5736-4897-82ad-6d987b5dc70b" />
      <TestMethod codeBase="C:\Projekty\MSTestProject\bin\Debug\netcoreapp3.1\MSTestProject.dll" adapterTypeName="executor://mstestadapter/v2" className="TwojeWesele.Services.Helpers.Tests.CurrencyHelperTests" name="FormatToStringTest1000" />
    </UnitTest>
    <UnitTest name="FormatToStringTest1000 (1228.101744225296,1228.10 zł)" storage="c:\projekty\mstestproject\bin\debug\netcoreapp3.1\mstestproject.dll" id="6bb49e57-523d-46ef-a2c9-2d7f9d218093">
      <TestCategory>
        <TestCategoryItem TestCategory="Category1000" />
      </TestCategory>
      <Execution id="c2e6cac0-cff5-4ef5-9f91-54805a3ed8a1" />
      <TestMethod codeBase="C:\Projekty\MSTestProject\bin\Debug\netcoreapp3.1\MSTestProject.dll" adapterTypeName="executor://mstestadapter/v2" className="TwojeWesele.Services.Helpers.Tests.CurrencyHelperTests" name="FormatToStringTest1000" />
    </UnitTest>
    <UnitTest name="FormatToStringTest1000 (73477.18206926118,73477.18 zł)" storage="c:\projekty\mstestproject\bin\debug\netcoreapp3.1\mstestproject.dll" id="bdce4977-321d-4fcb-8b63-ab8dcd97d92d">
      <TestCategory>
        <TestCategoryItem TestCategory="Category1000" />
      </TestCategory>
      <Execution id="bd8ea211-2edf-4321-8e78-05757a877874" />
      <TestMethod codeBase="C:\Projekty\MSTestProject\bin\Debug\netcoreapp3.1\MSTestProject.dll" adapterTypeName="executor://mstestadapter/v2" className="TwojeWesele.Services.Helpers.Tests.CurrencyHelperTests" name="FormatToStringTest1000" />
    </UnitTest>
    <UnitTest name="FormatToStringTest1000 (4636.500544966897,4636.50 zł)" storage="c:\projekty\mstestproject\bin\debug\netcoreapp3.1\mstestproject.dll" id="45f31f92-71d1-4d0d-8d23-5766cdb0bfd7">
      <TestCategory>
        <TestCategoryItem TestCategory="Category1000" />
      </TestCategory>
      <Execution id="f9394408-9549-4d76-8807-f08ecb5f5be8" />
      <TestMethod codeBase="C:\Projekty\MSTestProject\bin\Debug\netcoreapp3.1\MSTestProject.dll" adapterTypeName="executor://mstestadapter/v2" className="TwojeWesele.Services.Helpers.Tests.CurrencyHelperTests" name="FormatToStringTest1000" />
    </UnitTest>
    <UnitTest name="FormatToStringTest1000 (18786.954468002055,18786.95 zł)" storage="c:\projekty\mstestproject\bin\debug\netcoreapp3.1\mstestproject.dll" id="e3229a9f-45e0-469c-9bb1-75a4b03d1bfa">
      <TestCategory>
        <TestCategoryItem TestCategory="Category1000" />
      </TestCategory>
      <Execution id="21bc510c-5dc2-4e7e-b47f-91a9e9287c09" />
      <TestMethod codeBase="C:\Projekty\MSTestProject\bin\Debug\netcoreapp3.1\MSTestProject.dll" adapterTypeName="executor://mstestadapter/v2" className="TwojeWesele.Services.Helpers.Tests.CurrencyHelperTests" name="FormatToStringTest1000" />
    </UnitTest>
    <UnitTest name="FormatToStringTest1000 (38845.74924104323,38845.75 zł)" storage="c:\projekty\mstestproject\bin\debug\netcoreapp3.1\mstestproject.dll" id="8ab217af-c473-43d6-a390-ea13c33f56ec">
      <TestCategory>
        <TestCategoryItem TestCategory="Category1000" />
      </TestCategory>
      <Execution id="389fe11c-14a7-4b97-b227-38efc4a9b597" />
      <TestMethod codeBase="C:\Projekty\MSTestProject\bin\Debug\netcoreapp3.1\MSTestProject.dll" adapterTypeName="executor://mstestadapter/v2" className="TwojeWesele.Services.Helpers.Tests.CurrencyHelperTests" name="FormatToStringTest1000" />
    </UnitTest>
    <UnitTest name="FormatToStringTest1000 (28072.424637532058,28072.42 zł)" storage="c:\projekty\mstestproject\bin\debug\netcoreapp3.1\mstestproject.dll" id="aeaf278a-5185-4fe4-b64d-2c90b5ba7545">
      <TestCategory>
        <TestCategoryItem TestCategory="Category1000" />
      </TestCategory>
      <Execution id="1c11576e-8b74-4852-a305-27b9bcd2ec21" />
      <TestMethod codeBase="C:\Projekty\MSTestProject\bin\Debug\netcoreapp3.1\MSTestProject.dll" adapterTypeName="executor://mstestadapter/v2" className="TwojeWesele.Services.Helpers.Tests.CurrencyHelperTests" name="FormatToStringTest1000" />
    </UnitTest>
    <UnitTest name="FormatToStringTest1000 (20116.958341299072,20116.96 zł)" storage="c:\projekty\mstestproject\bin\debug\netcoreapp3.1\mstestproject.dll" id="e6aa8b43-3849-4e44-a099-7ff1180b1c5e">
      <TestCategory>
        <TestCategoryItem TestCategory="Category1000" />
      </TestCategory>
      <Execution id="93269a0c-00f3-4720-835d-ef3d7e075ea6" />
      <TestMethod codeBase="C:\Projekty\MSTestProject\bin\Debug\netcoreapp3.1\MSTestProject.dll" adapterTypeName="executor://mstestadapter/v2" className="TwojeWesele.Services.Helpers.Tests.CurrencyHelperTests" name="FormatToStringTest1000" />
    </UnitTest>
    <UnitTest name="FormatToStringTest1000 (33413.381276228174,33413.38 zł)" storage="c:\projekty\mstestproject\bin\debug\netcoreapp3.1\mstestproject.dll" id="c10d5456-74b8-430a-ae02-2a5b4112f6d6">
      <TestCategory>
        <TestCategoryItem TestCategory="Category1000" />
      </TestCategory>
      <Execution id="de498a89-fbc8-4397-bbdd-ce24e51046dd" />
      <TestMethod codeBase="C:\Projekty\MSTestProject\bin\Debug\netcoreapp3.1\MSTestProject.dll" adapterTypeName="executor://mstestadapter/v2" className="TwojeWesele.Services.Helpers.Tests.CurrencyHelperTests" name="FormatToStringTest1000" />
    </UnitTest>
    <UnitTest name="FormatToStringTest1000 (748.6264857065987,748.63 zł)" storage="c:\projekty\mstestproject\bin\debug\netcoreapp3.1\mstestproject.dll" id="9b7fa56c-9288-45ea-97bf-47d9e3c8c95b">
      <TestCategory>
        <TestCategoryItem TestCategory="Category1000" />
      </TestCategory>
      <Execution id="2667d0a0-451c-43a5-8d57-8b2878845b82" />
      <TestMethod codeBase="C:\Projekty\MSTestProject\bin\Debug\netcoreapp3.1\MSTestProject.dll" adapterTypeName="executor://mstestadapter/v2" className="TwojeWesele.Services.Helpers.Tests.CurrencyHelperTests" name="FormatToStringTest1000" />
    </UnitTest>
    <UnitTest name="FormatToStringTest1000 (1073.195098933389,1073.20 zł)" storage="c:\projekty\mstestproject\bin\debug\netcoreapp3.1\mstestproject.dll" id="bd9ee133-d1a1-4636-ad2d-092b2039446c">
      <TestCategory>
        <TestCategoryItem TestCategory="Category1000" />
      </TestCategory>
      <Execution id="46a3ed7d-2453-4def-9c4b-f62597e180f8" />
      <TestMethod codeBase="C:\Projekty\MSTestProject\bin\Debug\netcoreapp3.1\MSTestProject.dll" adapterTypeName="executor://mstestadapter/v2" className="TwojeWesele.Services.Helpers.Tests.CurrencyHelperTests" name="FormatToStringTest1000" />
    </UnitTest>
    <UnitTest name="FormatToStringTest1000 (9517.514896326473,9517.51 zł)" storage="c:\projekty\mstestproject\bin\debug\netcoreapp3.1\mstestproject.dll" id="fddded50-4ee7-4fef-ab47-24e281b4c688">
      <TestCategory>
        <TestCategoryItem TestCategory="Category1000" />
      </TestCategory>
      <Execution id="30e9feba-aba2-4315-80a4-981bbde64db9" />
      <TestMethod codeBase="C:\Projekty\MSTestProject\bin\Debug\netcoreapp3.1\MSTestProject.dll" adapterTypeName="executor://mstestadapter/v2" className="TwojeWesele.Services.Helpers.Tests.CurrencyHelperTests" name="FormatToStringTest1000" />
    </UnitTest>
    <UnitTest name="FormatToStringTest1000 (19216.446905020366,19216.45 zł)" storage="c:\projekty\mstestproject\bin\debug\netcoreapp3.1\mstestproject.dll" id="32394f53-c09e-4232-b295-4d96d9eb08d1">
      <TestCategory>
        <TestCategoryItem TestCategory="Category1000" />
      </TestCategory>
      <Execution id="20ef82ae-59fb-4e11-b9a3-3a36c5b79d8a" />
      <TestMethod codeBase="C:\Projekty\MSTestProject\bin\Debug\netcoreapp3.1\MSTestProject.dll" adapterTypeName="executor://mstestadapter/v2" className="TwojeWesele.Services.Helpers.Tests.CurrencyHelperTests" name="FormatToStringTest1000" />
    </UnitTest>
    <UnitTest name="FormatToStringTest1000 (3521.3657738167635,3521.37 zł)" storage="c:\projekty\mstestproject\bin\debug\netcoreapp3.1\mstestproject.dll" id="ac680344-f47e-4d0b-ac50-3ad7565e9a42">
      <TestCategory>
        <TestCategoryItem TestCategory="Category1000" />
      </TestCategory>
      <Execution id="e5b8fc1a-8670-479b-bc1d-de7728309bef" />
      <TestMethod codeBase="C:\Projekty\MSTestProject\bin\Debug\netcoreapp3.1\MSTestProject.dll" adapterTypeName="executor://mstestadapter/v2" className="TwojeWesele.Services.Helpers.Tests.CurrencyHelperTests" name="FormatToStringTest1000" />
    </UnitTest>
    <UnitTest name="FormatToStringTest1000 (20237.28532723723,20237.29 zł)" storage="c:\projekty\mstestproject\bin\debug\netcoreapp3.1\mstestproject.dll" id="f984f934-eee7-4b27-9543-34daecb7fc71">
      <TestCategory>
        <TestCategoryItem TestCategory="Category1000" />
      </TestCategory>
      <Execution id="470dd855-5c9c-4628-a44b-a55dc2e61b3b" />
      <TestMethod codeBase="C:\Projekty\MSTestProject\bin\Debug\netcoreapp3.1\MSTestProject.dll" adapterTypeName="executor://mstestadapter/v2" className="TwojeWesele.Services.Helpers.Tests.CurrencyHelperTests" name="FormatToStringTest1000" />
    </UnitTest>
    <UnitTest name="FormatToStringTest1000 (485.6735566554933,485.67 zł)" storage="c:\projekty\mstestproject\bin\debug\netcoreapp3.1\mstestproject.dll" id="763952f9-90c5-4648-b765-368bcaf5a14f">
      <TestCategory>
        <TestCategoryItem TestCategory="Category1000" />
      </TestCategory>
      <Execution id="36c4a201-43d7-48e6-a78d-d129b6404dbe" />
      <TestMethod codeBase="C:\Projekty\MSTestProject\bin\Debug\netcoreapp3.1\MSTestProject.dll" adapterTypeName="executor://mstestadapter/v2" className="TwojeWesele.Services.Helpers.Tests.CurrencyHelperTests" name="FormatToStringTest1000" />
    </UnitTest>
    <UnitTest name="FormatToStringTest1000 (32218.080508120394,32218.08 zł)" storage="c:\projekty\mstestproject\bin\debug\netcoreapp3.1\mstestproject.dll" id="26a86bc8-0530-4b55-8d57-ead0650fd931">
      <TestCategory>
        <TestCategoryItem TestCategory="Category1000" />
      </TestCategory>
      <Execution id="676ad9bd-72ec-4740-aaf0-90dbb666d836" />
      <TestMethod codeBase="C:\Projekty\MSTestProject\bin\Debug\netcoreapp3.1\MSTestProject.dll" adapterTypeName="executor://mstestadapter/v2" className="TwojeWesele.Services.Helpers.Tests.CurrencyHelperTests" name="FormatToStringTest1000" />
    </UnitTest>
    <UnitTest name="FormatToStringTest1000 (26529.10838037036,26529.11 zł)" storage="c:\projekty\mstestproject\bin\debug\netcoreapp3.1\mstestproject.dll" id="5ac86a41-3a0b-4071-bd8f-c15ddbb8deb8">
      <TestCategory>
        <TestCategoryItem TestCategory="Category1000" />
      </TestCategory>
      <Execution id="ac64f1ea-b670-44d1-9e29-c476caa3f418" />
      <TestMethod codeBase="C:\Projekty\MSTestProject\bin\Debug\netcoreapp3.1\MSTestProject.dll" adapterTypeName="executor://mstestadapter/v2" className="TwojeWesele.Services.Helpers.Tests.CurrencyHelperTests" name="FormatToStringTest1000" />
    </UnitTest>
    <UnitTest name="FormatToStringTest1000 (75214.75000876503,75214.75 zł)" storage="c:\projekty\mstestproject\bin\debug\netcoreapp3.1\mstestproject.dll" id="052cad10-918c-4b34-a58c-a3fa2e5f7e10">
      <TestCategory>
        <TestCategoryItem TestCategory="Category1000" />
      </TestCategory>
      <Execution id="5dabda07-24e4-4e37-a301-e2feefbdb996" />
      <TestMethod codeBase="C:\Projekty\MSTestProject\bin\Debug\netcoreapp3.1\MSTestProject.dll" adapterTypeName="executor://mstestadapter/v2" className="TwojeWesele.Services.Helpers.Tests.CurrencyHelperTests" name="FormatToStringTest1000" />
    </UnitTest>
    <UnitTest name="FormatToStringTest1000 (1687.5965557361937,1687.60 zł)" storage="c:\projekty\mstestproject\bin\debug\netcoreapp3.1\mstestproject.dll" id="7bb22bb6-b7c2-4de6-88b3-d4979c734546">
      <TestCategory>
        <TestCategoryItem TestCategory="Category1000" />
      </TestCategory>
      <Execution id="10a26f73-ef2c-459c-b230-426c8aed7086" />
      <TestMethod codeBase="C:\Projekty\MSTestProject\bin\Debug\netcoreapp3.1\MSTestProject.dll" adapterTypeName="executor://mstestadapter/v2" className="TwojeWesele.Services.Helpers.Tests.CurrencyHelperTests" name="FormatToStringTest1000" />
    </UnitTest>
    <UnitTest name="FormatToStringTest1000 (40889.35187774214,40889.35 zł)" storage="c:\projekty\mstestproject\bin\debug\netcoreapp3.1\mstestproject.dll" id="1b4bfbe7-a64d-44df-85a7-8f9b7c24764c">
      <TestCategory>
        <TestCategoryItem TestCategory="Category1000" />
      </TestCategory>
      <Execution id="e963d6fc-6ede-413b-b8d3-db3846d3158c" />
      <TestMethod codeBase="C:\Projekty\MSTestProject\bin\Debug\netcoreapp3.1\MSTestProject.dll" adapterTypeName="executor://mstestadapter/v2" className="TwojeWesele.Services.Helpers.Tests.CurrencyHelperTests" name="FormatToStringTest1000" />
    </UnitTest>
    <UnitTest name="FormatToStringTest1000 (12577.642620996872,12577.64 zł)" storage="c:\projekty\mstestproject\bin\debug\netcoreapp3.1\mstestproject.dll" id="94b442d5-501e-4844-b33f-d5448b20ea4a">
      <TestCategory>
        <TestCategoryItem TestCategory="Category1000" />
      </TestCategory>
      <Execution id="74d4f661-9b06-4874-992b-b8235ffe32d6" />
      <TestMethod codeBase="C:\Projekty\MSTestProject\bin\Debug\netcoreapp3.1\MSTestProject.dll" adapterTypeName="executor://mstestadapter/v2" className="TwojeWesele.Services.Helpers.Tests.CurrencyHelperTests" name="FormatToStringTest1000" />
    </UnitTest>
    <UnitTest name="FormatToStringTest1000 (736.7398243680316,736.74 zł)" storage="c:\projekty\mstestproject\bin\debug\netcoreapp3.1\mstestproject.dll" id="03507b49-8a6c-4611-848b-637401244328">
      <TestCategory>
        <TestCategoryItem TestCategory="Category1000" />
      </TestCategory>
      <Execution id="68c8baca-4ea5-42af-af23-8f6e64a7a63f" />
      <TestMethod codeBase="C:\Projekty\MSTestProject\bin\Debug\netcoreapp3.1\MSTestProject.dll" adapterTypeName="executor://mstestadapter/v2" className="TwojeWesele.Services.Helpers.Tests.CurrencyHelperTests" name="FormatToStringTest1000" />
    </UnitTest>
    <UnitTest name="FormatToStringTest1000 (28155.26504817664,28155.27 zł)" storage="c:\projekty\mstestproject\bin\debug\netcoreapp3.1\mstestproject.dll" id="a989bf1e-d33a-4c9a-ae64-804e0006fca1">
      <TestCategory>
        <TestCategoryItem TestCategory="Category1000" />
      </TestCategory>
      <Execution id="c640a9cd-5c2a-414a-96cb-cb5858d0c6cc" />
      <TestMethod codeBase="C:\Projekty\MSTestProject\bin\Debug\netcoreapp3.1\MSTestProject.dll" adapterTypeName="executor://mstestadapter/v2" className="TwojeWesele.Services.Helpers.Tests.CurrencyHelperTests" name="FormatToStringTest1000" />
    </UnitTest>
    <UnitTest name="FormatToStringTest1000 (29926.595417457444,29926.60 zł)" storage="c:\projekty\mstestproject\bin\debug\netcoreapp3.1\mstestproject.dll" id="c27b80a4-f023-4834-971d-3530c1fd8577">
      <TestCategory>
        <TestCategoryItem TestCategory="Category1000" />
      </TestCategory>
      <Execution id="29c4f1f3-b952-4d95-8115-55d541db20be" />
      <TestMethod codeBase="C:\Projekty\MSTestProject\bin\Debug\netcoreapp3.1\MSTestProject.dll" adapterTypeName="executor://mstestadapter/v2" className="TwojeWesele.Services.Helpers.Tests.CurrencyHelperTests" name="FormatToStringTest1000" />
    </UnitTest>
    <UnitTest name="FormatToStringTest1000 (16901.497392274203,16901.50 zł)" storage="c:\projekty\mstestproject\bin\debug\netcoreapp3.1\mstestproject.dll" id="d149d139-c703-4534-8149-846e67d27b2e">
      <TestCategory>
        <TestCategoryItem TestCategory="Category1000" />
      </TestCategory>
      <Execution id="e4e5a75e-61ea-450f-88e7-9fb4b5d6c882" />
      <TestMethod codeBase="C:\Projekty\MSTestProject\bin\Debug\netcoreapp3.1\MSTestProject.dll" adapterTypeName="executor://mstestadapter/v2" className="TwojeWesele.Services.Helpers.Tests.CurrencyHelperTests" name="FormatToStringTest1000" />
    </UnitTest>
    <UnitTest name="FormatToStringTest1000 (31163.834562352316,31163.83 zł)" storage="c:\projekty\mstestproject\bin\debug\netcoreapp3.1\mstestproject.dll" id="8e1b32ee-1124-4614-be7f-7f55c6b8a2b7">
      <TestCategory>
        <TestCategoryItem TestCategory="Category1000" />
      </TestCategory>
      <Execution id="0e3543b5-5206-4add-9d5d-c62b23b3f98a" />
      <TestMethod codeBase="C:\Projekty\MSTestProject\bin\Debug\netcoreapp3.1\MSTestProject.dll" adapterTypeName="executor://mstestadapter/v2" className="TwojeWesele.Services.Helpers.Tests.CurrencyHelperTests" name="FormatToStringTest1000" />
    </UnitTest>
    <UnitTest name="FormatToStringTest1000 (78796.90433980194,78796.90 zł)" storage="c:\projekty\mstestproject\bin\debug\netcoreapp3.1\mstestproject.dll" id="4a092124-f95c-45f7-b4e4-5b8e6e4a7294">
      <TestCategory>
        <TestCategoryItem TestCategory="Category1000" />
      </TestCategory>
      <Execution id="a7d9aa0f-2d60-4e6c-9499-7c1dff8f05a3" />
      <TestMethod codeBase="C:\Projekty\MSTestProject\bin\Debug\netcoreapp3.1\MSTestProject.dll" adapterTypeName="executor://mstestadapter/v2" className="TwojeWesele.Services.Helpers.Tests.CurrencyHelperTests" name="FormatToStringTest1000" />
    </UnitTest>
    <UnitTest name="FormatToStringTest1000 (57237.252356975456,57237.25 zł)" storage="c:\projekty\mstestproject\bin\debug\netcoreapp3.1\mstestproject.dll" id="7d316c12-7b70-42c1-99ea-9953b219fbba">
      <TestCategory>
        <TestCategoryItem TestCategory="Category1000" />
      </TestCategory>
      <Execution id="3d905ca0-bb3d-450c-a15e-1f36f3418f15" />
      <TestMethod codeBase="C:\Projekty\MSTestProject\bin\Debug\netcoreapp3.1\MSTestProject.dll" adapterTypeName="executor://mstestadapter/v2" className="TwojeWesele.Services.Helpers.Tests.CurrencyHelperTests" name="FormatToStringTest1000" />
    </UnitTest>
    <UnitTest name="FormatToStringTest1000 (7726.0074454499445,7726.01 zł)" storage="c:\projekty\mstestproject\bin\debug\netcoreapp3.1\mstestproject.dll" id="4bd86aa6-bab2-4b09-83c7-d9808fb86931">
      <TestCategory>
        <TestCategoryItem TestCategory="Category1000" />
      </TestCategory>
      <Execution id="5d1b7e56-a604-48a6-912a-70391dc2b554" />
      <TestMethod codeBase="C:\Projekty\MSTestProject\bin\Debug\netcoreapp3.1\MSTestProject.dll" adapterTypeName="executor://mstestadapter/v2" className="TwojeWesele.Services.Helpers.Tests.CurrencyHelperTests" name="FormatToStringTest1000" />
    </UnitTest>
    <UnitTest name="FormatToStringTest1000 (4612.32080757633,4612.32 zł)" storage="c:\projekty\mstestproject\bin\debug\netcoreapp3.1\mstestproject.dll" id="ba8fe9fa-9782-44ee-8786-067c7751184b">
      <TestCategory>
        <TestCategoryItem TestCategory="Category1000" />
      </TestCategory>
      <Execution id="af3a184c-9289-4e57-b700-104d81e3d876" />
      <TestMethod codeBase="C:\Projekty\MSTestProject\bin\Debug\netcoreapp3.1\MSTestProject.dll" adapterTypeName="executor://mstestadapter/v2" className="TwojeWesele.Services.Helpers.Tests.CurrencyHelperTests" name="FormatToStringTest1000" />
    </UnitTest>
    <UnitTest name="FormatToStringTest1000 (6752.510462437062,6752.51 zł)" storage="c:\projekty\mstestproject\bin\debug\netcoreapp3.1\mstestproject.dll" id="1a021e43-92a2-4cd3-b444-a4261eef8e45">
      <TestCategory>
        <TestCategoryItem TestCategory="Category1000" />
      </TestCategory>
      <Execution id="acd5eca0-e256-4b57-8767-19a967b9b433" />
      <TestMethod codeBase="C:\Projekty\MSTestProject\bin\Debug\netcoreapp3.1\MSTestProject.dll" adapterTypeName="executor://mstestadapter/v2" className="TwojeWesele.Services.Helpers.Tests.CurrencyHelperTests" name="FormatToStringTest1000" />
    </UnitTest>
    <UnitTest name="FormatToStringTest1000 (1814.7218118955948,1814.72 zł)" storage="c:\projekty\mstestproject\bin\debug\netcoreapp3.1\mstestproject.dll" id="0fd5dcba-4b2a-4b10-ac22-7f665b36bcad">
      <TestCategory>
        <TestCategoryItem TestCategory="Category1000" />
      </TestCategory>
      <Execution id="461f7efd-b513-47cf-ae71-7f5435d1d931" />
      <TestMethod codeBase="C:\Projekty\MSTestProject\bin\Debug\netcoreapp3.1\MSTestProject.dll" adapterTypeName="executor://mstestadapter/v2" className="TwojeWesele.Services.Helpers.Tests.CurrencyHelperTests" name="FormatToStringTest1000" />
    </UnitTest>
    <UnitTest name="FormatToStringTest1000 (11100.829211263372,11100.83 zł)" storage="c:\projekty\mstestproject\bin\debug\netcoreapp3.1\mstestproject.dll" id="f23e4fcd-aabd-400a-bd0f-ec281e34f6c4">
      <TestCategory>
        <TestCategoryItem TestCategory="Category1000" />
      </TestCategory>
      <Execution id="dd3ae5a5-1459-4d4e-91db-f958a480e9ca" />
      <TestMethod codeBase="C:\Projekty\MSTestProject\bin\Debug\netcoreapp3.1\MSTestProject.dll" adapterTypeName="executor://mstestadapter/v2" className="TwojeWesele.Services.Helpers.Tests.CurrencyHelperTests" name="FormatToStringTest1000" />
    </UnitTest>
    <UnitTest name="FormatToStringTest1000 (1187.8237780126854,1187.82 zł)" storage="c:\projekty\mstestproject\bin\debug\netcoreapp3.1\mstestproject.dll" id="2a3780c4-c267-4a0f-b6d8-7b7e0507e696">
      <TestCategory>
        <TestCategoryItem TestCategory="Category1000" />
      </TestCategory>
      <Execution id="b46ab013-3bbd-41a3-8d43-e4425650117e" />
      <TestMethod codeBase="C:\Projekty\MSTestProject\bin\Debug\netcoreapp3.1\MSTestProject.dll" adapterTypeName="executor://mstestadapter/v2" className="TwojeWesele.Services.Helpers.Tests.CurrencyHelperTests" name="FormatToStringTest1000" />
    </UnitTest>
    <UnitTest name="FormatToStringTest1000 (1687.6029180025694,1687.60 zł)" storage="c:\projekty\mstestproject\bin\debug\netcoreapp3.1\mstestproject.dll" id="5d4189e1-5615-4f4d-b499-f31fc359c156">
      <TestCategory>
        <TestCategoryItem TestCategory="Category1000" />
      </TestCategory>
      <Execution id="ffe98d8e-b769-4c35-be3e-bce00bb81393" />
      <TestMethod codeBase="C:\Projekty\MSTestProject\bin\Debug\netcoreapp3.1\MSTestProject.dll" adapterTypeName="executor://mstestadapter/v2" className="TwojeWesele.Services.Helpers.Tests.CurrencyHelperTests" name="FormatToStringTest1000" />
    </UnitTest>
    <UnitTest name="FormatToStringTest1000 (4030.673117592313,4030.67 zł)" storage="c:\projekty\mstestproject\bin\debug\netcoreapp3.1\mstestproject.dll" id="e9cc3a40-f27e-4db9-a2f6-49c2130ecefd">
      <TestCategory>
        <TestCategoryItem TestCategory="Category1000" />
      </TestCategory>
      <Execution id="e200fabb-89af-4c4c-8ac9-ef5ed08e7ff2" />
      <TestMethod codeBase="C:\Projekty\MSTestProject\bin\Debug\netcoreapp3.1\MSTestProject.dll" adapterTypeName="executor://mstestadapter/v2" className="TwojeWesele.Services.Helpers.Tests.CurrencyHelperTests" name="FormatToStringTest1000" />
    </UnitTest>
    <UnitTest name="FormatToStringTest1000 (45930.2386782068,45930.24 zł)" storage="c:\projekty\mstestproject\bin\debug\netcoreapp3.1\mstestproject.dll" id="fbc3b1b3-9762-43f0-8514-8462b3856e51">
      <TestCategory>
        <TestCategoryItem TestCategory="Category1000" />
      </TestCategory>
      <Execution id="f3f6e930-c45a-420e-86f0-b47939c836ca" />
      <TestMethod codeBase="C:\Projekty\MSTestProject\bin\Debug\netcoreapp3.1\MSTestProject.dll" adapterTypeName="executor://mstestadapter/v2" className="TwojeWesele.Services.Helpers.Tests.CurrencyHelperTests" name="FormatToStringTest1000" />
    </UnitTest>
    <UnitTest name="FormatToStringTest1000 (36211.11038300866,36211.11 zł)" storage="c:\projekty\mstestproject\bin\debug\netcoreapp3.1\mstestproject.dll" id="c3608939-7a0f-43f4-9f3b-03ee330a9767">
      <TestCategory>
        <TestCategoryItem TestCategory="Category1000" />
      </TestCategory>
      <Execution id="e1ee8085-4eb9-4a58-8d8d-b543ced6a64c" />
      <TestMethod codeBase="C:\Projekty\MSTestProject\bin\Debug\netcoreapp3.1\MSTestProject.dll" adapterTypeName="executor://mstestadapter/v2" className="TwojeWesele.Services.Helpers.Tests.CurrencyHelperTests" name="FormatToStringTest1000" />
    </UnitTest>
    <UnitTest name="FormatToStringTest1000 (13681.607566007231,13681.61 zł)" storage="c:\projekty\mstestproject\bin\debug\netcoreapp3.1\mstestproject.dll" id="70835220-3b04-4154-a647-d769b221f00f">
      <TestCategory>
        <TestCategoryItem TestCategory="Category1000" />
      </TestCategory>
      <Execution id="83ca4c73-d8d6-409f-9567-6e211ff2f506" />
      <TestMethod codeBase="C:\Projekty\MSTestProject\bin\Debug\netcoreapp3.1\MSTestProject.dll" adapterTypeName="executor://mstestadapter/v2" className="TwojeWesele.Services.Helpers.Tests.CurrencyHelperTests" name="FormatToStringTest1000" />
    </UnitTest>
    <UnitTest name="FormatToStringTest1000 (19933.78650940945,19933.79 zł)" storage="c:\projekty\mstestproject\bin\debug\netcoreapp3.1\mstestproject.dll" id="074ec40b-8a3e-42a6-a24b-7021eefba61b">
      <TestCategory>
        <TestCategoryItem TestCategory="Category1000" />
      </TestCategory>
      <Execution id="1040c4ed-3046-4dbc-acc3-48adba91bec1" />
      <TestMethod codeBase="C:\Projekty\MSTestProject\bin\Debug\netcoreapp3.1\MSTestProject.dll" adapterTypeName="executor://mstestadapter/v2" className="TwojeWesele.Services.Helpers.Tests.CurrencyHelperTests" name="FormatToStringTest1000" />
    </UnitTest>
    <UnitTest name="FormatToStringTest1000 (12831.146874380833,12831.15 zł)" storage="c:\projekty\mstestproject\bin\debug\netcoreapp3.1\mstestproject.dll" id="e7801270-dd68-4ddb-bbdb-4bf108a2741d">
      <TestCategory>
        <TestCategoryItem TestCategory="Category1000" />
      </TestCategory>
      <Execution id="a7e58d04-f832-4464-be10-ef7cb308478e" />
      <TestMethod codeBase="C:\Projekty\MSTestProject\bin\Debug\netcoreapp3.1\MSTestProject.dll" adapterTypeName="executor://mstestadapter/v2" className="TwojeWesele.Services.Helpers.Tests.CurrencyHelperTests" name="FormatToStringTest1000" />
    </UnitTest>
    <UnitTest name="FormatToStringTest1000 (1821.7083499085663,1821.71 zł)" storage="c:\projekty\mstestproject\bin\debug\netcoreapp3.1\mstestproject.dll" id="8f0efb31-2863-4f3d-8457-937eec67fb73">
      <TestCategory>
        <TestCategoryItem TestCategory="Category1000" />
      </TestCategory>
      <Execution id="469ec13e-d4f6-4b96-8d12-95d172a9d9f5" />
      <TestMethod codeBase="C:\Projekty\MSTestProject\bin\Debug\netcoreapp3.1\MSTestProject.dll" adapterTypeName="executor://mstestadapter/v2" className="TwojeWesele.Services.Helpers.Tests.CurrencyHelperTests" name="FormatToStringTest1000" />
    </UnitTest>
    <UnitTest name="FormatToStringTest1000 (19603.69286519321,19603.69 zł)" storage="c:\projekty\mstestproject\bin\debug\netcoreapp3.1\mstestproject.dll" id="b507e61b-63ef-4171-b0b9-ff88780ad099">
      <TestCategory>
        <TestCategoryItem TestCategory="Category1000" />
      </TestCategory>
      <Execution id="96cfb917-a8bc-4015-be57-c70938fd714d" />
      <TestMethod codeBase="C:\Projekty\MSTestProject\bin\Debug\netcoreapp3.1\MSTestProject.dll" adapterTypeName="executor://mstestadapter/v2" className="TwojeWesele.Services.Helpers.Tests.CurrencyHelperTests" name="FormatToStringTest1000" />
    </UnitTest>
    <UnitTest name="FormatToStringTest1000 (22666.13578912995,22666.14 zł)" storage="c:\projekty\mstestproject\bin\debug\netcoreapp3.1\mstestproject.dll" id="afd8f863-ae06-4ffd-aba9-656b0fdd7654">
      <TestCategory>
        <TestCategoryItem TestCategory="Category1000" />
      </TestCategory>
      <Execution id="af187671-72c1-4b09-98ec-e63ee5d3aed4" />
      <TestMethod codeBase="C:\Projekty\MSTestProject\bin\Debug\netcoreapp3.1\MSTestProject.dll" adapterTypeName="executor://mstestadapter/v2" className="TwojeWesele.Services.Helpers.Tests.CurrencyHelperTests" name="FormatToStringTest1000" />
    </UnitTest>
    <UnitTest name="FormatToStringTest1000 (6323.24079469882,6323.24 zł)" storage="c:\projekty\mstestproject\bin\debug\netcoreapp3.1\mstestproject.dll" id="c099449f-1214-4bff-9e46-ea8850e4e9fa">
      <TestCategory>
        <TestCategoryItem TestCategory="Category1000" />
      </TestCategory>
      <Execution id="e99cf102-9226-471f-ab05-cda5a2ebea56" />
      <TestMethod codeBase="C:\Projekty\MSTestProject\bin\Debug\netcoreapp3.1\MSTestProject.dll" adapterTypeName="executor://mstestadapter/v2" className="TwojeWesele.Services.Helpers.Tests.CurrencyHelperTests" name="FormatToStringTest1000" />
    </UnitTest>
    <UnitTest name="FormatToStringTest1000 (19840.47672110632,19840.48 zł)" storage="c:\projekty\mstestproject\bin\debug\netcoreapp3.1\mstestproject.dll" id="8e4a51c1-09ba-47b6-9127-5a6d681137cc">
      <TestCategory>
        <TestCategoryItem TestCategory="Category1000" />
      </TestCategory>
      <Execution id="0d7b4184-730f-4746-9f7a-645935fb9173" />
      <TestMethod codeBase="C:\Projekty\MSTestProject\bin\Debug\netcoreapp3.1\MSTestProject.dll" adapterTypeName="executor://mstestadapter/v2" className="TwojeWesele.Services.Helpers.Tests.CurrencyHelperTests" name="FormatToStringTest1000" />
    </UnitTest>
    <UnitTest name="FormatToStringTest1000 (18340.935049000167,18340.94 zł)" storage="c:\projekty\mstestproject\bin\debug\netcoreapp3.1\mstestproject.dll" id="cdd6b240-5102-424f-87c7-fc8ef2d85855">
      <TestCategory>
        <TestCategoryItem TestCategory="Category1000" />
      </TestCategory>
      <Execution id="0775306d-6a39-4f79-b706-a3f5d065661e" />
      <TestMethod codeBase="C:\Projekty\MSTestProject\bin\Debug\netcoreapp3.1\MSTestProject.dll" adapterTypeName="executor://mstestadapter/v2" className="TwojeWesele.Services.Helpers.Tests.CurrencyHelperTests" name="FormatToStringTest1000" />
    </UnitTest>
    <UnitTest name="FormatToStringTest1000 (1328.353302088265,1328.35 zł)" storage="c:\projekty\mstestproject\bin\debug\netcoreapp3.1\mstestproject.dll" id="25553e5e-c818-4546-8924-bc7f09ee664c">
      <TestCategory>
        <TestCategoryItem TestCategory="Category1000" />
      </TestCategory>
      <Execution id="0c4c4da6-ff47-4b17-be66-25b47a8b9ebb" />
      <TestMethod codeBase="C:\Projekty\MSTestProject\bin\Debug\netcoreapp3.1\MSTestProject.dll" adapterTypeName="executor://mstestadapter/v2" className="TwojeWesele.Services.Helpers.Tests.CurrencyHelperTests" name="FormatToStringTest1000" />
    </UnitTest>
    <UnitTest name="FormatToStringTest1000 (1952.6955147062872,1952.70 zł)" storage="c:\projekty\mstestproject\bin\debug\netcoreapp3.1\mstestproject.dll" id="63d2c91e-dc09-4a28-b70b-7fb74914d45d">
      <TestCategory>
        <TestCategoryItem TestCategory="Category1000" />
      </TestCategory>
      <Execution id="f07da117-d7d7-4f5f-8230-939846923f12" />
      <TestMethod codeBase="C:\Projekty\MSTestProject\bin\Debug\netcoreapp3.1\MSTestProject.dll" adapterTypeName="executor://mstestadapter/v2" className="TwojeWesele.Services.Helpers.Tests.CurrencyHelperTests" name="FormatToStringTest1000" />
    </UnitTest>
    <UnitTest name="FormatToStringTest1000 (5566.818038455592,5566.82 zł)" storage="c:\projekty\mstestproject\bin\debug\netcoreapp3.1\mstestproject.dll" id="6b77cd96-a81b-4f1a-9840-b8461e830bef">
      <TestCategory>
        <TestCategoryItem TestCategory="Category1000" />
      </TestCategory>
      <Execution id="75812a84-2303-4278-8b2d-008bb9e2ebac" />
      <TestMethod codeBase="C:\Projekty\MSTestProject\bin\Debug\netcoreapp3.1\MSTestProject.dll" adapterTypeName="executor://mstestadapter/v2" className="TwojeWesele.Services.Helpers.Tests.CurrencyHelperTests" name="FormatToStringTest1000" />
    </UnitTest>
    <UnitTest name="FormatToStringTest1000 (17252.06220983903,17252.06 zł)" storage="c:\projekty\mstestproject\bin\debug\netcoreapp3.1\mstestproject.dll" id="5ee860cc-480d-4a6e-8cf0-9bd00c04045c">
      <TestCategory>
        <TestCategoryItem TestCategory="Category1000" />
      </TestCategory>
      <Execution id="3cd267a5-44d7-4461-85f4-76381805f67f" />
      <TestMethod codeBase="C:\Projekty\MSTestProject\bin\Debug\netcoreapp3.1\MSTestProject.dll" adapterTypeName="executor://mstestadapter/v2" className="TwojeWesele.Services.Helpers.Tests.CurrencyHelperTests" name="FormatToStringTest1000" />
    </UnitTest>
    <UnitTest name="FormatToStringTest1000 (50009.23881716898,50009.24 zł)" storage="c:\projekty\mstestproject\bin\debug\netcoreapp3.1\mstestproject.dll" id="526864d5-18d2-4d90-bc03-ee08b7563acf">
      <TestCategory>
        <TestCategoryItem TestCategory="Category1000" />
      </TestCategory>
      <Execution id="ba016a0d-72bb-4557-905f-417274fa5784" />
      <TestMethod codeBase="C:\Projekty\MSTestProject\bin\Debug\netcoreapp3.1\MSTestProject.dll" adapterTypeName="executor://mstestadapter/v2" className="TwojeWesele.Services.Helpers.Tests.CurrencyHelperTests" name="FormatToStringTest1000" />
    </UnitTest>
    <UnitTest name="FormatToStringTest1000 (16902.50568789314,16902.51 zł)" storage="c:\projekty\mstestproject\bin\debug\netcoreapp3.1\mstestproject.dll" id="059700b7-13ef-4bea-957b-c7f841463b28">
      <TestCategory>
        <TestCategoryItem TestCategory="Category1000" />
      </TestCategory>
      <Execution id="0027739a-ebd0-48fc-aff5-11b371f9d118" />
      <TestMethod codeBase="C:\Projekty\MSTestProject\bin\Debug\netcoreapp3.1\MSTestProject.dll" adapterTypeName="executor://mstestadapter/v2" className="TwojeWesele.Services.Helpers.Tests.CurrencyHelperTests" name="FormatToStringTest1000" />
    </UnitTest>
    <UnitTest name="FormatToStringTest1000 (2216.881526520886,2216.88 zł)" storage="c:\projekty\mstestproject\bin\debug\netcoreapp3.1\mstestproject.dll" id="1b970060-6f47-4691-b3e5-01a0a76b7086">
      <TestCategory>
        <TestCategoryItem TestCategory="Category1000" />
      </TestCategory>
      <Execution id="4b8e0e8e-cef4-4174-b1ef-19da1d6a275b" />
      <TestMethod codeBase="C:\Projekty\MSTestProject\bin\Debug\netcoreapp3.1\MSTestProject.dll" adapterTypeName="executor://mstestadapter/v2" className="TwojeWesele.Services.Helpers.Tests.CurrencyHelperTests" name="FormatToStringTest1000" />
    </UnitTest>
    <UnitTest name="FormatToStringTest1000 (54304.07738935393,54304.08 zł)" storage="c:\projekty\mstestproject\bin\debug\netcoreapp3.1\mstestproject.dll" id="fed2082d-82f9-4347-ba28-23e216e82f6b">
      <TestCategory>
        <TestCategoryItem TestCategory="Category1000" />
      </TestCategory>
      <Execution id="29f6d6d5-6697-409c-a6d0-028795b046f5" />
      <TestMethod codeBase="C:\Projekty\MSTestProject\bin\Debug\netcoreapp3.1\MSTestProject.dll" adapterTypeName="executor://mstestadapter/v2" className="TwojeWesele.Services.Helpers.Tests.CurrencyHelperTests" name="FormatToStringTest1000" />
    </UnitTest>
    <UnitTest name="FormatToStringTest1000 (22791.735381432685,22791.74 zł)" storage="c:\projekty\mstestproject\bin\debug\netcoreapp3.1\mstestproject.dll" id="f5bf62a3-ac76-4284-977a-3c53ca74f72c">
      <TestCategory>
        <TestCategoryItem TestCategory="Category1000" />
      </TestCategory>
      <Execution id="78cfcdc8-06b7-4e79-b9c9-11fc1479714a" />
      <TestMethod codeBase="C:\Projekty\MSTestProject\bin\Debug\netcoreapp3.1\MSTestProject.dll" adapterTypeName="executor://mstestadapter/v2" className="TwojeWesele.Services.Helpers.Tests.CurrencyHelperTests" name="FormatToStringTest1000" />
    </UnitTest>
    <UnitTest name="FormatToStringTest1000 (19500.031951036784,19500.03 zł)" storage="c:\projekty\mstestproject\bin\debug\netcoreapp3.1\mstestproject.dll" id="e3b21a2f-5ae0-43c3-b6e3-d2526bc25ff4">
      <TestCategory>
        <TestCategoryItem TestCategory="Category1000" />
      </TestCategory>
      <Execution id="42a1482c-7c03-4e73-87a4-46b9778019d2" />
      <TestMethod codeBase="C:\Projekty\MSTestProject\bin\Debug\netcoreapp3.1\MSTestProject.dll" adapterTypeName="executor://mstestadapter/v2" className="TwojeWesele.Services.Helpers.Tests.CurrencyHelperTests" name="FormatToStringTest1000" />
    </UnitTest>
    <UnitTest name="FormatToStringTest1000 (7715.904444139406,7715.90 zł)" storage="c:\projekty\mstestproject\bin\debug\netcoreapp3.1\mstestproject.dll" id="719a26dd-c345-41d7-b943-377208001ebc">
      <TestCategory>
        <TestCategoryItem TestCategory="Category1000" />
      </TestCategory>
      <Execution id="0ebc1c8c-95bd-442f-9cea-021b59faa0af" />
      <TestMethod codeBase="C:\Projekty\MSTestProject\bin\Debug\netcoreapp3.1\MSTestProject.dll" adapterTypeName="executor://mstestadapter/v2" className="TwojeWesele.Services.Helpers.Tests.CurrencyHelperTests" name="FormatToStringTest1000" />
    </UnitTest>
    <UnitTest name="FormatToStringTest1000 (11829.625994884234,11829.63 zł)" storage="c:\projekty\mstestproject\bin\debug\netcoreapp3.1\mstestproject.dll" id="0ca1af61-6f48-4932-95b5-349d082b7986">
      <TestCategory>
        <TestCategoryItem TestCategory="Category1000" />
      </TestCategory>
      <Execution id="4b13ec71-7940-4733-a426-1067bb115b1b" />
      <TestMethod codeBase="C:\Projekty\MSTestProject\bin\Debug\netcoreapp3.1\MSTestProject.dll" adapterTypeName="executor://mstestadapter/v2" className="TwojeWesele.Services.Helpers.Tests.CurrencyHelperTests" name="FormatToStringTest1000" />
    </UnitTest>
    <UnitTest name="FormatToStringTest1000 (75350.77330865282,75350.77 zł)" storage="c:\projekty\mstestproject\bin\debug\netcoreapp3.1\mstestproject.dll" id="b5578f10-db7f-4be0-97e1-e8253e4448ab">
      <TestCategory>
        <TestCategoryItem TestCategory="Category1000" />
      </TestCategory>
      <Execution id="2919e178-8d93-469f-a53a-c8239e0ff703" />
      <TestMethod codeBase="C:\Projekty\MSTestProject\bin\Debug\netcoreapp3.1\MSTestProject.dll" adapterTypeName="executor://mstestadapter/v2" className="TwojeWesele.Services.Helpers.Tests.CurrencyHelperTests" name="FormatToStringTest1000" />
    </UnitTest>
    <UnitTest name="FormatToStringTest1000 (9765.54450809748,9765.54 zł)" storage="c:\projekty\mstestproject\bin\debug\netcoreapp3.1\mstestproject.dll" id="dd602a40-5580-4009-b929-e30c6f01c0c3">
      <TestCategory>
        <TestCategoryItem TestCategory="Category1000" />
      </TestCategory>
      <Execution id="98e26e0e-1136-4f40-b4b8-12fc3c8268b3" />
      <TestMethod codeBase="C:\Projekty\MSTestProject\bin\Debug\netcoreapp3.1\MSTestProject.dll" adapterTypeName="executor://mstestadapter/v2" className="TwojeWesele.Services.Helpers.Tests.CurrencyHelperTests" name="FormatToStringTest1000" />
    </UnitTest>
    <UnitTest name="FormatToStringTest1000 (5978.1197194131655,5978.12 zł)" storage="c:\projekty\mstestproject\bin\debug\netcoreapp3.1\mstestproject.dll" id="a1315faa-00ce-4fc9-a397-5a12f3c5a317">
      <TestCategory>
        <TestCategoryItem TestCategory="Category1000" />
      </TestCategory>
      <Execution id="6a6b4960-bdf0-4963-8fa8-6f79964200cc" />
      <TestMethod codeBase="C:\Projekty\MSTestProject\bin\Debug\netcoreapp3.1\MSTestProject.dll" adapterTypeName="executor://mstestadapter/v2" className="TwojeWesele.Services.Helpers.Tests.CurrencyHelperTests" name="FormatToStringTest1000" />
    </UnitTest>
    <UnitTest name="FormatToStringTest1000 (32732.81915128502,32732.82 zł)" storage="c:\projekty\mstestproject\bin\debug\netcoreapp3.1\mstestproject.dll" id="4af48149-b642-448e-ad6e-14f6498372c2">
      <TestCategory>
        <TestCategoryItem TestCategory="Category1000" />
      </TestCategory>
      <Execution id="2de35a9b-8455-4149-aa71-c9d794f5e05f" />
      <TestMethod codeBase="C:\Projekty\MSTestProject\bin\Debug\netcoreapp3.1\MSTestProject.dll" adapterTypeName="executor://mstestadapter/v2" className="TwojeWesele.Services.Helpers.Tests.CurrencyHelperTests" name="FormatToStringTest1000" />
    </UnitTest>
    <UnitTest name="FormatToStringTest1000 (22494.46807976834,22494.47 zł)" storage="c:\projekty\mstestproject\bin\debug\netcoreapp3.1\mstestproject.dll" id="99b9dbd4-9bd3-4ee0-b9c9-ea90ae666454">
      <TestCategory>
        <TestCategoryItem TestCategory="Category1000" />
      </TestCategory>
      <Execution id="e16dd343-f917-41be-8c65-1a4fc54f64eb" />
      <TestMethod codeBase="C:\Projekty\MSTestProject\bin\Debug\netcoreapp3.1\MSTestProject.dll" adapterTypeName="executor://mstestadapter/v2" className="TwojeWesele.Services.Helpers.Tests.CurrencyHelperTests" name="FormatToStringTest1000" />
    </UnitTest>
    <UnitTest name="FormatToStringTest1000 (24646.322657574587,24646.32 zł)" storage="c:\projekty\mstestproject\bin\debug\netcoreapp3.1\mstestproject.dll" id="0a544fb9-9614-400f-a1b6-d35883691fef">
      <TestCategory>
        <TestCategoryItem TestCategory="Category1000" />
      </TestCategory>
      <Execution id="105e763e-f6f5-415f-8e92-040e08cc80b9" />
      <TestMethod codeBase="C:\Projekty\MSTestProject\bin\Debug\netcoreapp3.1\MSTestProject.dll" adapterTypeName="executor://mstestadapter/v2" className="TwojeWesele.Services.Helpers.Tests.CurrencyHelperTests" name="FormatToStringTest1000" />
    </UnitTest>
    <UnitTest name="FormatToStringTest1000 (6266.232005888704,6266.23 zł)" storage="c:\projekty\mstestproject\bin\debug\netcoreapp3.1\mstestproject.dll" id="7248418e-52b3-4057-a643-2b0ac39ebff4">
      <TestCategory>
        <TestCategoryItem TestCategory="Category1000" />
      </TestCategory>
      <Execution id="ffb3b68f-8051-44ad-9f2a-e15fd4210e44" />
      <TestMethod codeBase="C:\Projekty\MSTestProject\bin\Debug\netcoreapp3.1\MSTestProject.dll" adapterTypeName="executor://mstestadapter/v2" className="TwojeWesele.Services.Helpers.Tests.CurrencyHelperTests" name="FormatToStringTest1000" />
    </UnitTest>
    <UnitTest name="FormatToStringTest1000 (3270.286035661719,3270.29 zł)" storage="c:\projekty\mstestproject\bin\debug\netcoreapp3.1\mstestproject.dll" id="92f1baf3-1159-46b2-9c1a-fb8c3b8da6e1">
      <TestCategory>
        <TestCategoryItem TestCategory="Category1000" />
      </TestCategory>
      <Execution id="169ceb7e-d2b4-4576-bc4c-a787ff2c73be" />
      <TestMethod codeBase="C:\Projekty\MSTestProject\bin\Debug\netcoreapp3.1\MSTestProject.dll" adapterTypeName="executor://mstestadapter/v2" className="TwojeWesele.Services.Helpers.Tests.CurrencyHelperTests" name="FormatToStringTest1000" />
    </UnitTest>
    <UnitTest name="FormatToStringTest1000 (34145.534199603615,34145.53 zł)" storage="c:\projekty\mstestproject\bin\debug\netcoreapp3.1\mstestproject.dll" id="46716ad1-8841-42af-817b-ef3573fa5ca5">
      <TestCategory>
        <TestCategoryItem TestCategory="Category1000" />
      </TestCategory>
      <Execution id="05485c14-811d-4a92-80c0-ca3019339bcb" />
      <TestMethod codeBase="C:\Projekty\MSTestProject\bin\Debug\netcoreapp3.1\MSTestProject.dll" adapterTypeName="executor://mstestadapter/v2" className="TwojeWesele.Services.Helpers.Tests.CurrencyHelperTests" name="FormatToStringTest1000" />
    </UnitTest>
    <UnitTest name="FormatToStringTest1000 (7202.052143613367,7202.05 zł)" storage="c:\projekty\mstestproject\bin\debug\netcoreapp3.1\mstestproject.dll" id="595432ab-a545-436d-978b-e9528b65b4c6">
      <TestCategory>
        <TestCategoryItem TestCategory="Category1000" />
      </TestCategory>
      <Execution id="b7833200-a0b6-4aae-826e-c26cd35ce9ee" />
      <TestMethod codeBase="C:\Projekty\MSTestProject\bin\Debug\netcoreapp3.1\MSTestProject.dll" adapterTypeName="executor://mstestadapter/v2" className="TwojeWesele.Services.Helpers.Tests.CurrencyHelperTests" name="FormatToStringTest1000" />
    </UnitTest>
    <UnitTest name="FormatToStringTest1000 (13206.129467931636,13206.13 zł)" storage="c:\projekty\mstestproject\bin\debug\netcoreapp3.1\mstestproject.dll" id="d4364a41-8200-406a-89be-5a43aad32bb2">
      <TestCategory>
        <TestCategoryItem TestCategory="Category1000" />
      </TestCategory>
      <Execution id="26275263-7a87-442d-ba54-d7f06f43d398" />
      <TestMethod codeBase="C:\Projekty\MSTestProject\bin\Debug\netcoreapp3.1\MSTestProject.dll" adapterTypeName="executor://mstestadapter/v2" className="TwojeWesele.Services.Helpers.Tests.CurrencyHelperTests" name="FormatToStringTest1000" />
    </UnitTest>
    <UnitTest name="FormatToStringTest1000 (32632.105531036905,32632.11 zł)" storage="c:\projekty\mstestproject\bin\debug\netcoreapp3.1\mstestproject.dll" id="b1604815-113e-4f6c-ba2e-f81418fd7525">
      <TestCategory>
        <TestCategoryItem TestCategory="Category1000" />
      </TestCategory>
      <Execution id="4641dfa7-6baa-418f-9823-2c68f5429ec4" />
      <TestMethod codeBase="C:\Projekty\MSTestProject\bin\Debug\netcoreapp3.1\MSTestProject.dll" adapterTypeName="executor://mstestadapter/v2" className="TwojeWesele.Services.Helpers.Tests.CurrencyHelperTests" name="FormatToStringTest1000" />
    </UnitTest>
    <UnitTest name="FormatToStringTest1000 (64210.358316209335,64210.36 zł)" storage="c:\projekty\mstestproject\bin\debug\netcoreapp3.1\mstestproject.dll" id="cd7f9a18-f525-41bb-8396-bc3189c4be3f">
      <TestCategory>
        <TestCategoryItem TestCategory="Category1000" />
      </TestCategory>
      <Execution id="c4ebd265-7021-4f9b-a9bf-151b28992a0d" />
      <TestMethod codeBase="C:\Projekty\MSTestProject\bin\Debug\netcoreapp3.1\MSTestProject.dll" adapterTypeName="executor://mstestadapter/v2" className="TwojeWesele.Services.Helpers.Tests.CurrencyHelperTests" name="FormatToStringTest1000" />
    </UnitTest>
    <UnitTest name="FormatToStringTest1000 (835.1578487740633,835.16 zł)" storage="c:\projekty\mstestproject\bin\debug\netcoreapp3.1\mstestproject.dll" id="4bd39f14-bd24-4dff-8cc8-79e836a24fab">
      <TestCategory>
        <TestCategoryItem TestCategory="Category1000" />
      </TestCategory>
      <Execution id="26bc84d8-ab0a-453c-b91b-0762d84491ff" />
      <TestMethod codeBase="C:\Projekty\MSTestProject\bin\Debug\netcoreapp3.1\MSTestProject.dll" adapterTypeName="executor://mstestadapter/v2" className="TwojeWesele.Services.Helpers.Tests.CurrencyHelperTests" name="FormatToStringTest1000" />
    </UnitTest>
    <UnitTest name="FormatToStringTest1000 (11871.427211910219,11871.43 zł)" storage="c:\projekty\mstestproject\bin\debug\netcoreapp3.1\mstestproject.dll" id="a7dbe0ff-2bb4-4e70-8824-3ead30b960ed">
      <TestCategory>
        <TestCategoryItem TestCategory="Category1000" />
      </TestCategory>
      <Execution id="db25a20f-3bc9-4243-bcb5-651883238cbb" />
      <TestMethod codeBase="C:\Projekty\MSTestProject\bin\Debug\netcoreapp3.1\MSTestProject.dll" adapterTypeName="executor://mstestadapter/v2" className="TwojeWesele.Services.Helpers.Tests.CurrencyHelperTests" name="FormatToStringTest1000" />
    </UnitTest>
    <UnitTest name="FormatToStringTest1000 (25116.590135570892,25116.59 zł)" storage="c:\projekty\mstestproject\bin\debug\netcoreapp3.1\mstestproject.dll" id="a9002b6f-2186-4d24-ac98-f2a12a2d4b3a">
      <TestCategory>
        <TestCategoryItem TestCategory="Category1000" />
      </TestCategory>
      <Execution id="21d49fcd-cd80-4fae-87f8-46b43f81ecc7" />
      <TestMethod codeBase="C:\Projekty\MSTestProject\bin\Debug\netcoreapp3.1\MSTestProject.dll" adapterTypeName="executor://mstestadapter/v2" className="TwojeWesele.Services.Helpers.Tests.CurrencyHelperTests" name="FormatToStringTest1000" />
    </UnitTest>
    <UnitTest name="FormatToStringTest1000 (18596.12661189033,18596.13 zł)" storage="c:\projekty\mstestproject\bin\debug\netcoreapp3.1\mstestproject.dll" id="b45c8c01-f933-41d7-a837-aefd1d91a8a4">
      <TestCategory>
        <TestCategoryItem TestCategory="Category1000" />
      </TestCategory>
      <Execution id="ba75d160-812e-4608-9016-22c293ba7864" />
      <TestMethod codeBase="C:\Projekty\MSTestProject\bin\Debug\netcoreapp3.1\MSTestProject.dll" adapterTypeName="executor://mstestadapter/v2" className="TwojeWesele.Services.Helpers.Tests.CurrencyHelperTests" name="FormatToStringTest1000" />
    </UnitTest>
    <UnitTest name="FormatToStringTest1000 (25376.6225052097,25376.62 zł)" storage="c:\projekty\mstestproject\bin\debug\netcoreapp3.1\mstestproject.dll" id="219049dd-3730-4d9d-9b86-166c55eb78f0">
      <TestCategory>
        <TestCategoryItem TestCategory="Category1000" />
      </TestCategory>
      <Execution id="013a2471-f220-4f49-acba-c755e0dad996" />
      <TestMethod codeBase="C:\Projekty\MSTestProject\bin\Debug\netcoreapp3.1\MSTestProject.dll" adapterTypeName="executor://mstestadapter/v2" className="TwojeWesele.Services.Helpers.Tests.CurrencyHelperTests" name="FormatToStringTest1000" />
    </UnitTest>
    <UnitTest name="FormatToStringTest1000 (46803.36433423374,46803.36 zł)" storage="c:\projekty\mstestproject\bin\debug\netcoreapp3.1\mstestproject.dll" id="c6be3090-2eb8-4102-8435-da43cebc7973">
      <TestCategory>
        <TestCategoryItem TestCategory="Category1000" />
      </TestCategory>
      <Execution id="c8119de2-1d51-4ba7-ac23-8292abde69c9" />
      <TestMethod codeBase="C:\Projekty\MSTestProject\bin\Debug\netcoreapp3.1\MSTestProject.dll" adapterTypeName="executor://mstestadapter/v2" className="TwojeWesele.Services.Helpers.Tests.CurrencyHelperTests" name="FormatToStringTest1000" />
    </UnitTest>
    <UnitTest name="FormatToStringTest1000 (43424.45140075332,43424.45 zł)" storage="c:\projekty\mstestproject\bin\debug\netcoreapp3.1\mstestproject.dll" id="10e52e4d-df01-47da-8221-c072650c3a4b">
      <TestCategory>
        <TestCategoryItem TestCategory="Category1000" />
      </TestCategory>
      <Execution id="3004c737-b7f6-4ea8-91d1-0cf8eb77ccd4" />
      <TestMethod codeBase="C:\Projekty\MSTestProject\bin\Debug\netcoreapp3.1\MSTestProject.dll" adapterTypeName="executor://mstestadapter/v2" className="TwojeWesele.Services.Helpers.Tests.CurrencyHelperTests" name="FormatToStringTest1000" />
    </UnitTest>
    <UnitTest name="FormatToStringTest1000 (3649.9254912836127,3649.93 zł)" storage="c:\projekty\mstestproject\bin\debug\netcoreapp3.1\mstestproject.dll" id="fcd814bf-79c9-4741-bca5-4b8b3b4a6515">
      <TestCategory>
        <TestCategoryItem TestCategory="Category1000" />
      </TestCategory>
      <Execution id="24154906-1dce-4774-806a-be950bc851dc" />
      <TestMethod codeBase="C:\Projekty\MSTestProject\bin\Debug\netcoreapp3.1\MSTestProject.dll" adapterTypeName="executor://mstestadapter/v2" className="TwojeWesele.Services.Helpers.Tests.CurrencyHelperTests" name="FormatToStringTest1000" />
    </UnitTest>
    <UnitTest name="FormatToStringTest1000 (66945.02904917022,66945.03 zł)" storage="c:\projekty\mstestproject\bin\debug\netcoreapp3.1\mstestproject.dll" id="aab0e7d1-4d30-4efe-89bb-d789f7e7e0b0">
      <TestCategory>
        <TestCategoryItem TestCategory="Category1000" />
      </TestCategory>
      <Execution id="521c5bd0-6af5-4be2-b0f2-a433ea14782a" />
      <TestMethod codeBase="C:\Projekty\MSTestProject\bin\Debug\netcoreapp3.1\MSTestProject.dll" adapterTypeName="executor://mstestadapter/v2" className="TwojeWesele.Services.Helpers.Tests.CurrencyHelperTests" name="FormatToStringTest1000" />
    </UnitTest>
    <UnitTest name="FormatToStringTest1000 (17455.15807988595,17455.16 zł)" storage="c:\projekty\mstestproject\bin\debug\netcoreapp3.1\mstestproject.dll" id="e37e058a-1dbf-4743-8479-32e2efdbbb47">
      <TestCategory>
        <TestCategoryItem TestCategory="Category1000" />
      </TestCategory>
      <Execution id="e46fe83d-82f9-4946-8a62-33d53ceff7e2" />
      <TestMethod codeBase="C:\Projekty\MSTestProject\bin\Debug\netcoreapp3.1\MSTestProject.dll" adapterTypeName="executor://mstestadapter/v2" className="TwojeWesele.Services.Helpers.Tests.CurrencyHelperTests" name="FormatToStringTest1000" />
    </UnitTest>
    <UnitTest name="FormatToStringTest1000 (14459.57059750686,14459.57 zł)" storage="c:\projekty\mstestproject\bin\debug\netcoreapp3.1\mstestproject.dll" id="144820d9-8ace-4939-92df-5252a5ac6830">
      <TestCategory>
        <TestCategoryItem TestCategory="Category1000" />
      </TestCategory>
      <Execution id="0c4ce03f-cce3-481d-9ba4-5e4a409acbe1" />
      <TestMethod codeBase="C:\Projekty\MSTestProject\bin\Debug\netcoreapp3.1\MSTestProject.dll" adapterTypeName="executor://mstestadapter/v2" className="TwojeWesele.Services.Helpers.Tests.CurrencyHelperTests" name="FormatToStringTest1000" />
    </UnitTest>
    <UnitTest name="FormatToStringTest1000 (25288.32036814574,25288.32 zł)" storage="c:\projekty\mstestproject\bin\debug\netcoreapp3.1\mstestproject.dll" id="b63d79c3-daeb-44a5-b250-b78e12117cf5">
      <TestCategory>
        <TestCategoryItem TestCategory="Category1000" />
      </TestCategory>
      <Execution id="8792c2bb-4ea1-434c-ad3e-c5f30161b3c1" />
      <TestMethod codeBase="C:\Projekty\MSTestProject\bin\Debug\netcoreapp3.1\MSTestProject.dll" adapterTypeName="executor://mstestadapter/v2" className="TwojeWesele.Services.Helpers.Tests.CurrencyHelperTests" name="FormatToStringTest1000" />
    </UnitTest>
    <UnitTest name="FormatToStringTest1000 (577.6071367564645,577.61 zł)" storage="c:\projekty\mstestproject\bin\debug\netcoreapp3.1\mstestproject.dll" id="470b7be8-f7ef-47d6-9ca2-861657b5b845">
      <TestCategory>
        <TestCategoryItem TestCategory="Category1000" />
      </TestCategory>
      <Execution id="cea773cc-0690-432d-9ae6-cde8b11d6ee8" />
      <TestMethod codeBase="C:\Projekty\MSTestProject\bin\Debug\netcoreapp3.1\MSTestProject.dll" adapterTypeName="executor://mstestadapter/v2" className="TwojeWesele.Services.Helpers.Tests.CurrencyHelperTests" name="FormatToStringTest1000" />
    </UnitTest>
    <UnitTest name="FormatToStringTest1000 (4554.73912809777,4554.74 zł)" storage="c:\projekty\mstestproject\bin\debug\netcoreapp3.1\mstestproject.dll" id="f4470d8c-e06a-40f0-81f4-501d49c72538">
      <TestCategory>
        <TestCategoryItem TestCategory="Category1000" />
      </TestCategory>
      <Execution id="bbfb3738-0af9-475e-8f9e-5188ab53bab5" />
      <TestMethod codeBase="C:\Projekty\MSTestProject\bin\Debug\netcoreapp3.1\MSTestProject.dll" adapterTypeName="executor://mstestadapter/v2" className="TwojeWesele.Services.Helpers.Tests.CurrencyHelperTests" name="FormatToStringTest1000" />
    </UnitTest>
    <UnitTest name="FormatToStringTest1000 (7407.385606687696,7407.39 zł)" storage="c:\projekty\mstestproject\bin\debug\netcoreapp3.1\mstestproject.dll" id="ca8cf597-1a70-4ad9-a9ad-cd555d315c8d">
      <TestCategory>
        <TestCategoryItem TestCategory="Category1000" />
      </TestCategory>
      <Execution id="898288c9-d07f-498f-ad20-527cccff65eb" />
      <TestMethod codeBase="C:\Projekty\MSTestProject\bin\Debug\netcoreapp3.1\MSTestProject.dll" adapterTypeName="executor://mstestadapter/v2" className="TwojeWesele.Services.Helpers.Tests.CurrencyHelperTests" name="FormatToStringTest1000" />
    </UnitTest>
    <UnitTest name="FormatToStringTest1000 (20249.56614074277,20249.57 zł)" storage="c:\projekty\mstestproject\bin\debug\netcoreapp3.1\mstestproject.dll" id="50fef71f-2586-4e19-94df-2e041f2eab26">
      <TestCategory>
        <TestCategoryItem TestCategory="Category1000" />
      </TestCategory>
      <Execution id="44225555-d974-4bee-9f19-81c91c5f6731" />
      <TestMethod codeBase="C:\Projekty\MSTestProject\bin\Debug\netcoreapp3.1\MSTestProject.dll" adapterTypeName="executor://mstestadapter/v2" className="TwojeWesele.Services.Helpers.Tests.CurrencyHelperTests" name="FormatToStringTest1000" />
    </UnitTest>
    <UnitTest name="FormatToStringTest1000 (11904.111251175456,11904.11 zł)" storage="c:\projekty\mstestproject\bin\debug\netcoreapp3.1\mstestproject.dll" id="f3188d4c-c43d-4a29-b5c4-a30ba3f4d7b2">
      <TestCategory>
        <TestCategoryItem TestCategory="Category1000" />
      </TestCategory>
      <Execution id="f9a5a19c-a1b5-4190-aea0-acfc792b26d8" />
      <TestMethod codeBase="C:\Projekty\MSTestProject\bin\Debug\netcoreapp3.1\MSTestProject.dll" adapterTypeName="executor://mstestadapter/v2" className="TwojeWesele.Services.Helpers.Tests.CurrencyHelperTests" name="FormatToStringTest1000" />
    </UnitTest>
    <UnitTest name="FormatToStringTest1000 (28861.97337596769,28861.97 zł)" storage="c:\projekty\mstestproject\bin\debug\netcoreapp3.1\mstestproject.dll" id="804a9ab8-6c64-4423-9a83-e81ac84819c5">
      <TestCategory>
        <TestCategoryItem TestCategory="Category1000" />
      </TestCategory>
      <Execution id="2e461633-d508-4538-819b-163cd951e728" />
      <TestMethod codeBase="C:\Projekty\MSTestProject\bin\Debug\netcoreapp3.1\MSTestProject.dll" adapterTypeName="executor://mstestadapter/v2" className="TwojeWesele.Services.Helpers.Tests.CurrencyHelperTests" name="FormatToStringTest1000" />
    </UnitTest>
    <UnitTest name="FormatToStringTest1000 (18794.859523484418,18794.86 zł)" storage="c:\projekty\mstestproject\bin\debug\netcoreapp3.1\mstestproject.dll" id="7654ed15-8fe6-4823-b6bd-e1e32d235b68">
      <TestCategory>
        <TestCategoryItem TestCategory="Category1000" />
      </TestCategory>
      <Execution id="e357c27b-1cdf-4bed-9c46-1681533962ac" />
      <TestMethod codeBase="C:\Projekty\MSTestProject\bin\Debug\netcoreapp3.1\MSTestProject.dll" adapterTypeName="executor://mstestadapter/v2" className="TwojeWesele.Services.Helpers.Tests.CurrencyHelperTests" name="FormatToStringTest1000" />
    </UnitTest>
    <UnitTest name="FormatToStringTest1000 (73151.83675918348,73151.84 zł)" storage="c:\projekty\mstestproject\bin\debug\netcoreapp3.1\mstestproject.dll" id="7cd8b033-4463-4924-a60c-7c0d4e83edd9">
      <TestCategory>
        <TestCategoryItem TestCategory="Category1000" />
      </TestCategory>
      <Execution id="81d6fbf1-7ef4-480a-a4cf-45d7789c24ef" />
      <TestMethod codeBase="C:\Projekty\MSTestProject\bin\Debug\netcoreapp3.1\MSTestProject.dll" adapterTypeName="executor://mstestadapter/v2" className="TwojeWesele.Services.Helpers.Tests.CurrencyHelperTests" name="FormatToStringTest1000" />
    </UnitTest>
    <UnitTest name="FormatToStringTest1000 (2505.286326204094,2505.29 zł)" storage="c:\projekty\mstestproject\bin\debug\netcoreapp3.1\mstestproject.dll" id="fd399e83-5fa5-4b15-a014-30e9db1cc233">
      <TestCategory>
        <TestCategoryItem TestCategory="Category1000" />
      </TestCategory>
      <Execution id="cc88f2eb-8783-4e91-9b6e-8748d281bed6" />
      <TestMethod codeBase="C:\Projekty\MSTestProject\bin\Debug\netcoreapp3.1\MSTestProject.dll" adapterTypeName="executor://mstestadapter/v2" className="TwojeWesele.Services.Helpers.Tests.CurrencyHelperTests" name="FormatToStringTest1000" />
    </UnitTest>
    <UnitTest name="FormatToStringTest1000 (89093.57120939044,89093.57 zł)" storage="c:\projekty\mstestproject\bin\debug\netcoreapp3.1\mstestproject.dll" id="e844e9d4-5a57-403a-b9d3-f64dad6b647e">
      <TestCategory>
        <TestCategoryItem TestCategory="Category1000" />
      </TestCategory>
      <Execution id="e08867ec-563d-4d70-8a9c-cae103af87e3" />
      <TestMethod codeBase="C:\Projekty\MSTestProject\bin\Debug\netcoreapp3.1\MSTestProject.dll" adapterTypeName="executor://mstestadapter/v2" className="TwojeWesele.Services.Helpers.Tests.CurrencyHelperTests" name="FormatToStringTest1000" />
    </UnitTest>
    <UnitTest name="FormatToStringTest1000 (25882.451101077,25882.45 zł)" storage="c:\projekty\mstestproject\bin\debug\netcoreapp3.1\mstestproject.dll" id="f034740d-2fe2-4f74-b3bc-81e12c60da95">
      <TestCategory>
        <TestCategoryItem TestCategory="Category1000" />
      </TestCategory>
      <Execution id="7f6e5d4b-2ac9-460f-b2b9-db5b6e17d8b2" />
      <TestMethod codeBase="C:\Projekty\MSTestProject\bin\Debug\netcoreapp3.1\MSTestProject.dll" adapterTypeName="executor://mstestadapter/v2" className="TwojeWesele.Services.Helpers.Tests.CurrencyHelperTests" name="FormatToStringTest1000" />
    </UnitTest>
    <UnitTest name="FormatToStringTest1000 (35714.78133482243,35714.78 zł)" storage="c:\projekty\mstestproject\bin\debug\netcoreapp3.1\mstestproject.dll" id="8c509372-d133-47ed-bb9c-d0750c00c5be">
      <TestCategory>
        <TestCategoryItem TestCategory="Category1000" />
      </TestCategory>
      <Execution id="eb5986ab-6709-4910-a545-5dc1764215aa" />
      <TestMethod codeBase="C:\Projekty\MSTestProject\bin\Debug\netcoreapp3.1\MSTestProject.dll" adapterTypeName="executor://mstestadapter/v2" className="TwojeWesele.Services.Helpers.Tests.CurrencyHelperTests" name="FormatToStringTest1000" />
    </UnitTest>
    <UnitTest name="FormatToStringTest1000 (1860.3356292016504,1860.34 zł)" storage="c:\projekty\mstestproject\bin\debug\netcoreapp3.1\mstestproject.dll" id="cef82ab1-cc85-41fc-ac01-73019847a464">
      <TestCategory>
        <TestCategoryItem TestCategory="Category1000" />
      </TestCategory>
      <Execution id="bd92aa0a-e456-4ca0-8b5b-58a54ee9fc13" />
      <TestMethod codeBase="C:\Projekty\MSTestProject\bin\Debug\netcoreapp3.1\MSTestProject.dll" adapterTypeName="executor://mstestadapter/v2" className="TwojeWesele.Services.Helpers.Tests.CurrencyHelperTests" name="FormatToStringTest1000" />
    </UnitTest>
    <UnitTest name="FormatToStringTest1000 (14017.699524653006,14017.70 zł)" storage="c:\projekty\mstestproject\bin\debug\netcoreapp3.1\mstestproject.dll" id="fc3cb66d-cf42-404a-bbaf-1d106bfdd635">
      <TestCategory>
        <TestCategoryItem TestCategory="Category1000" />
      </TestCategory>
      <Execution id="74a9b4a9-fb36-4cd2-9cb6-79a06169482a" />
      <TestMethod codeBase="C:\Projekty\MSTestProject\bin\Debug\netcoreapp3.1\MSTestProject.dll" adapterTypeName="executor://mstestadapter/v2" className="TwojeWesele.Services.Helpers.Tests.CurrencyHelperTests" name="FormatToStringTest1000" />
    </UnitTest>
    <UnitTest name="FormatToStringTest1000 (7370.518277515898,7370.52 zł)" storage="c:\projekty\mstestproject\bin\debug\netcoreapp3.1\mstestproject.dll" id="430ab3a7-48ef-476b-bb3d-0e58913af082">
      <TestCategory>
        <TestCategoryItem TestCategory="Category1000" />
      </TestCategory>
      <Execution id="e4f0b646-169f-4025-8395-219e2fd06957" />
      <TestMethod codeBase="C:\Projekty\MSTestProject\bin\Debug\netcoreapp3.1\MSTestProject.dll" adapterTypeName="executor://mstestadapter/v2" className="TwojeWesele.Services.Helpers.Tests.CurrencyHelperTests" name="FormatToStringTest1000" />
    </UnitTest>
    <UnitTest name="FormatToStringTest1000 (27027.327683509946,27027.33 zł)" storage="c:\projekty\mstestproject\bin\debug\netcoreapp3.1\mstestproject.dll" id="f2bed4aa-329f-4a41-ac7f-d3a7bc6bc95d">
      <TestCategory>
        <TestCategoryItem TestCategory="Category1000" />
      </TestCategory>
      <Execution id="3435142d-0a3a-4ebf-839e-fafe881f379e" />
      <TestMethod codeBase="C:\Projekty\MSTestProject\bin\Debug\netcoreapp3.1\MSTestProject.dll" adapterTypeName="executor://mstestadapter/v2" className="TwojeWesele.Services.Helpers.Tests.CurrencyHelperTests" name="FormatToStringTest1000" />
    </UnitTest>
  </TestDefinitions>
  <TestEntries>
    <TestEntry testId="a61f171b-2a72-4e96-baa6-2b2bd86efed8" executionId="e9dc9327-d2df-4975-8c43-4cb862c57193" testListId="8c84fa94-04c1-424b-9868-57a2d4851a1d" />
    <TestEntry testId="64d9fd8e-437b-4356-b9c1-afa4a3f1de75" executionId="27b64216-5271-4441-9cd3-c1deb2b5e4f0" testListId="8c84fa94-04c1-424b-9868-57a2d4851a1d" />
    <TestEntry testId="becd5e93-273b-421d-b7ef-1627d397232a" executionId="1d2190b9-7395-4426-a158-8f8c76470474" testListId="8c84fa94-04c1-424b-9868-57a2d4851a1d" />
    <TestEntry testId="39b5472f-54d0-4e55-8045-87e392d1a471" executionId="99a6fc28-0a1c-4f3f-8eb0-cd84d6914a46" testListId="8c84fa94-04c1-424b-9868-57a2d4851a1d" />
    <TestEntry testId="b45c8c01-f933-41d7-a837-aefd1d91a8a4" executionId="ba75d160-812e-4608-9016-22c293ba7864" testListId="8c84fa94-04c1-424b-9868-57a2d4851a1d" />
    <TestEntry testId="7cd8b033-4463-4924-a60c-7c0d4e83edd9" executionId="81d6fbf1-7ef4-480a-a4cf-45d7789c24ef" testListId="8c84fa94-04c1-424b-9868-57a2d4851a1d" />
    <TestEntry testId="cbeed50b-8d92-4933-9a88-08e1d7f0b16d" executionId="75a5bf7b-e624-4a1d-9451-bc6af823a17b" testListId="8c84fa94-04c1-424b-9868-57a2d4851a1d" />
    <TestEntry testId="48eb4954-3934-4a1e-a0d2-3d2ad3234807" executionId="f2923d31-667b-4fc8-8761-846f46148316" testListId="8c84fa94-04c1-424b-9868-57a2d4851a1d" />
    <TestEntry testId="1387547c-326e-47c9-93a0-bfad4392fc2e" executionId="7e73b9c7-030e-4748-9ce9-4f3ea9fcbad9" testListId="8c84fa94-04c1-424b-9868-57a2d4851a1d" />
    <TestEntry testId="4a092124-f95c-45f7-b4e4-5b8e6e4a7294" executionId="a7d9aa0f-2d60-4e6c-9499-7c1dff8f05a3" testListId="8c84fa94-04c1-424b-9868-57a2d4851a1d" />
    <TestEntry testId="f004f0e2-6614-486d-8f27-612f9519a0c4" executionId="f839961a-8f67-4867-baf4-44aac2314fed" testListId="8c84fa94-04c1-424b-9868-57a2d4851a1d" />
    <TestEntry testId="28afdcdc-2b6c-4935-9817-70768526a1c5" executionId="80c14418-4c67-4aba-825e-1af5ff023f14" testListId="8c84fa94-04c1-424b-9868-57a2d4851a1d" />
    <TestEntry testId="1c11db7b-1570-428d-bac5-53f93732ca01" executionId="0084e239-3060-4495-8452-975e4d4cd0de" testListId="8c84fa94-04c1-424b-9868-57a2d4851a1d" />
    <TestEntry testId="c5a81fb6-c82f-4b29-8f2d-60e121a68afc" executionId="39b7893d-79a6-44b5-aa1c-fbca26decc2e" testListId="8c84fa94-04c1-424b-9868-57a2d4851a1d" />
    <TestEntry testId="f550d5d1-84b2-4c3b-b3c6-3906e606623d" executionId="21b2b676-1bea-4800-aa87-71abe7a787f8" testListId="8c84fa94-04c1-424b-9868-57a2d4851a1d" />
    <TestEntry testId="56f852a7-8bd2-49a3-9585-6a2d0b828292" executionId="d1f6c167-2eee-4b10-ada9-da2155172510" testListId="8c84fa94-04c1-424b-9868-57a2d4851a1d" />
    <TestEntry testId="ad79dc47-5235-449e-9750-1bf0d8c1c3ac" executionId="9888ebb1-db6c-4f2d-9758-284531eaeed3" testListId="8c84fa94-04c1-424b-9868-57a2d4851a1d" />
    <TestEntry testId="2a6448de-9c09-4ae5-aab6-717b305588c6" executionId="7727f625-ed70-4849-9ca2-e1646aeab06a" testListId="8c84fa94-04c1-424b-9868-57a2d4851a1d" />
    <TestEntry testId="fc484ff8-214f-4a9e-8266-7620054d20de" executionId="de472659-667f-4a9a-a3f5-4fee91e0d5b9" testListId="8c84fa94-04c1-424b-9868-57a2d4851a1d" />
    <TestEntry testId="972be7d5-af16-4d61-bd69-0fdd280a05a2" executionId="6acc55d8-7061-4d3a-a3fa-c520f1c4097e" testListId="8c84fa94-04c1-424b-9868-57a2d4851a1d" />
    <TestEntry testId="db2752ed-1582-4f99-87aa-20ea2bbe7645" executionId="d9f1fa01-378f-4518-b7a0-a6f0267664c8" testListId="8c84fa94-04c1-424b-9868-57a2d4851a1d" />
    <TestEntry testId="4413e0ac-32f1-40e8-a7c7-412bed0e6ea1" executionId="69978529-6b8f-48a0-9771-d5bd4b975d06" testListId="8c84fa94-04c1-424b-9868-57a2d4851a1d" />
    <TestEntry testId="36ff243c-b24b-4cc4-9e4a-af8b07c72d11" executionId="3b94952b-6cb5-46dd-a2bb-4fd4122ffa67" testListId="8c84fa94-04c1-424b-9868-57a2d4851a1d" />
    <TestEntry testId="77db11b5-7e1f-43d1-ac1d-058faf66a6dc" executionId="3f781043-121d-4cc7-8e4f-805f05dcd5aa" testListId="8c84fa94-04c1-424b-9868-57a2d4851a1d" />
    <TestEntry testId="34100f1d-1314-44a3-8bd5-fe1425ab5a4d" executionId="2c87881e-1f7d-494d-828e-4fb7d2cf12aa" testListId="8c84fa94-04c1-424b-9868-57a2d4851a1d" />
    <TestEntry testId="092353b2-ecfc-4686-a011-cd8bff5069a7" executionId="0d704f86-e75f-4aac-b780-10dfc8cc518d" testListId="8c84fa94-04c1-424b-9868-57a2d4851a1d" />
    <TestEntry testId="212644ba-5fc6-4c35-9ab8-b3708615df62" executionId="3c80d89b-ee5c-47bc-95bf-bbd4bd74639b" testListId="8c84fa94-04c1-424b-9868-57a2d4851a1d" />
    <TestEntry testId="b40ef5c3-4400-4457-904a-65aba03c7a95" executionId="41add422-97f9-4449-8249-159fd3f9afbf" testListId="8c84fa94-04c1-424b-9868-57a2d4851a1d" />
    <TestEntry testId="1f3819d1-36c5-4edf-94a8-57fc7a09357c" executionId="d1e0bd31-10c1-4ee8-88d4-6da208485017" testListId="8c84fa94-04c1-424b-9868-57a2d4851a1d" />
    <TestEntry testId="26a86bc8-0530-4b55-8d57-ead0650fd931" executionId="676ad9bd-72ec-4740-aaf0-90dbb666d836" testListId="8c84fa94-04c1-424b-9868-57a2d4851a1d" />
    <TestEntry testId="510cd81f-56f7-45bb-bdff-ac60a1c7981b" executionId="43e685ab-25df-406f-a917-73824ca93eda" testListId="8c84fa94-04c1-424b-9868-57a2d4851a1d" />
    <TestEntry testId="bca8420b-0350-43c6-9811-0fc7a4de2d0e" executionId="bc7518e7-03b2-4e15-8395-56834b7594ba" testListId="8c84fa94-04c1-424b-9868-57a2d4851a1d" />
    <TestEntry testId="43a34b6b-539c-48f0-9f50-bd1b658bd556" executionId="04926900-9712-4586-84cf-674d19e04c30" testListId="8c84fa94-04c1-424b-9868-57a2d4851a1d" />
    <TestEntry testId="ea22b549-4b5b-43a6-a1fe-3e3f57154e0f" executionId="04eee842-d584-4bac-bd01-ae4102d46f87" testListId="8c84fa94-04c1-424b-9868-57a2d4851a1d" />
    <TestEntry testId="c2e0bb80-ba31-4723-8654-d901d94c3d85" executionId="884ac976-5702-45e6-ac4e-2afa9397de5f" testListId="8c84fa94-04c1-424b-9868-57a2d4851a1d" />
    <TestEntry testId="3868ae03-e9bf-4072-b8ec-cf2cfbe5d218" executionId="18c2916b-d2ce-48f9-8f84-3109087e5e0e" testListId="8c84fa94-04c1-424b-9868-57a2d4851a1d" />
    <TestEntry testId="40a88dbb-a665-4067-b4d4-dc4456682974" executionId="b8b80d52-4d67-495e-b246-cf33053680f6" testListId="8c84fa94-04c1-424b-9868-57a2d4851a1d" />
    <TestEntry testId="3f938a86-cdfd-4380-9180-b983d8c86045" executionId="a3e5f8ac-bafa-4aa3-8673-36efd6fdb3f3" testListId="8c84fa94-04c1-424b-9868-57a2d4851a1d" />
    <TestEntry testId="2fa516d7-c494-4f02-9498-e814470edbdd" executionId="228470a3-c37b-47ae-b21e-cbc0da8f9643" testListId="8c84fa94-04c1-424b-9868-57a2d4851a1d" />
    <TestEntry testId="273148fc-2a6c-4467-b9ea-5b7c1c6a5624" executionId="a116c86e-6c8a-4a05-9e41-170c8ff4a669" testListId="8c84fa94-04c1-424b-9868-57a2d4851a1d" />
    <TestEntry testId="af5a6cd3-1680-4645-afee-c8a566d4599b" executionId="873e2b4e-0333-4483-90d2-8ceaf62157ee" testListId="8c84fa94-04c1-424b-9868-57a2d4851a1d" />
    <TestEntry testId="8bd6ad24-e1c8-4648-a5fa-07fee1a70bb7" executionId="ca345c4d-6f06-4759-b11b-5fefb9de46e8" testListId="8c84fa94-04c1-424b-9868-57a2d4851a1d" />
    <TestEntry testId="21580011-acbc-419c-9710-55dcb9ab0c2e" executionId="a5e55e96-daff-4608-856f-411923be5dd3" testListId="8c84fa94-04c1-424b-9868-57a2d4851a1d" />
    <TestEntry testId="082ab218-e510-4568-8703-04a6216d7129" executionId="a44da675-981b-420a-9756-b7acee272b9e" testListId="8c84fa94-04c1-424b-9868-57a2d4851a1d" />
    <TestEntry testId="6b77cd96-a81b-4f1a-9840-b8461e830bef" executionId="75812a84-2303-4278-8b2d-008bb9e2ebac" testListId="8c84fa94-04c1-424b-9868-57a2d4851a1d" />
    <TestEntry testId="d21632a0-036b-40d6-b805-771c52835d3d" executionId="77fe179b-4852-488c-ad0d-9b93424e337f" testListId="8c84fa94-04c1-424b-9868-57a2d4851a1d" />
    <TestEntry testId="2c1056a1-a0b0-4ff2-b43b-223840116787" executionId="6c262da8-19b5-4b7c-8e48-34fb64a3c65d" testListId="8c84fa94-04c1-424b-9868-57a2d4851a1d" />
    <TestEntry testId="e8f35b80-a0ca-4753-8b63-6c862b3018e8" executionId="1d786292-a6cb-47a0-b5f9-2a8afa01b740" testListId="8c84fa94-04c1-424b-9868-57a2d4851a1d" />
    <TestEntry testId="f65c9e07-ac0f-447e-b2bd-caf1a0327d26" executionId="4d7f61f2-b3f0-4315-9bd9-9ff377fca077" testListId="8c84fa94-04c1-424b-9868-57a2d4851a1d" />
    <TestEntry testId="cccd6a39-c984-4562-8299-78159039fe96" executionId="ba2eeb5f-c1e4-4a6d-bcea-abd63e4c078a" testListId="8c84fa94-04c1-424b-9868-57a2d4851a1d" />
    <TestEntry testId="45b293bb-f22c-4a38-8b8c-91cb089e2159" executionId="287d7a19-e8f1-4772-b44d-cab33e876a82" testListId="8c84fa94-04c1-424b-9868-57a2d4851a1d" />
    <TestEntry testId="d6b89ad8-3afd-42ab-9996-32d3b539a368" executionId="147503a0-1e93-4491-9ce5-d18ed311559e" testListId="8c84fa94-04c1-424b-9868-57a2d4851a1d" />
    <TestEntry testId="767d18dd-db43-4e9b-a771-1094c4a72d07" executionId="3539ca62-c72d-4fac-9f33-e6888527e18d" testListId="8c84fa94-04c1-424b-9868-57a2d4851a1d" />
    <TestEntry testId="c1d65603-967a-478f-ad51-d9cb94ae2a48" executionId="9996cc84-00d4-462e-9f4f-6bf3ffa705e5" testListId="8c84fa94-04c1-424b-9868-57a2d4851a1d" />
    <TestEntry testId="1e5fb9c2-00d6-4cb2-9c6b-fea89dc09575" executionId="a1d8e95b-9635-448e-9221-0e6b5119f365" testListId="8c84fa94-04c1-424b-9868-57a2d4851a1d" />
    <TestEntry testId="a60176f5-6817-4e52-82e7-2cbc738fb5a6" executionId="a3aa0c7b-033f-40ad-bd08-140f4c8f6378" testListId="8c84fa94-04c1-424b-9868-57a2d4851a1d" />
    <TestEntry testId="0412092d-f10b-4364-8f70-7892577bb017" executionId="36485283-2230-4a08-a0bf-00f448eac7f0" testListId="8c84fa94-04c1-424b-9868-57a2d4851a1d" />
    <TestEntry testId="bdce4977-321d-4fcb-8b63-ab8dcd97d92d" executionId="bd8ea211-2edf-4321-8e78-05757a877874" testListId="8c84fa94-04c1-424b-9868-57a2d4851a1d" />
    <TestEntry testId="0ca1af61-6f48-4932-95b5-349d082b7986" executionId="4b13ec71-7940-4733-a426-1067bb115b1b" testListId="8c84fa94-04c1-424b-9868-57a2d4851a1d" />
    <TestEntry testId="7e881a68-bc5f-499a-8612-ebbb28de203a" executionId="5d2a32bc-d73f-4bc5-8ab1-2a35e684ff3b" testListId="8c84fa94-04c1-424b-9868-57a2d4851a1d" />
    <TestEntry testId="1b4bfbe7-a64d-44df-85a7-8f9b7c24764c" executionId="e963d6fc-6ede-413b-b8d3-db3846d3158c" testListId="8c84fa94-04c1-424b-9868-57a2d4851a1d" />
    <TestEntry testId="449cdf06-6b17-456c-8115-d18226566be2" executionId="fb88870c-65af-4cf6-98df-77e61488cb48" testListId="8c84fa94-04c1-424b-9868-57a2d4851a1d" />
    <TestEntry testId="94b442d5-501e-4844-b33f-d5448b20ea4a" executionId="74d4f661-9b06-4874-992b-b8235ffe32d6" testListId="8c84fa94-04c1-424b-9868-57a2d4851a1d" />
    <TestEntry testId="fed2082d-82f9-4347-ba28-23e216e82f6b" executionId="29f6d6d5-6697-409c-a6d0-028795b046f5" testListId="8c84fa94-04c1-424b-9868-57a2d4851a1d" />
    <TestEntry testId="5504d06e-072d-4cef-bffe-65b7d39ea916" executionId="1fffdb3d-669c-4232-aca3-ab074ef3aa01" testListId="8c84fa94-04c1-424b-9868-57a2d4851a1d" />
    <TestEntry testId="1ec72b41-42f7-4d76-9a0d-cb13e8d2ca27" executionId="5a7b2c3b-9998-418f-97e1-4e2907b0483c" testListId="8c84fa94-04c1-424b-9868-57a2d4851a1d" />
    <TestEntry testId="049ba34b-86e1-4447-8b52-9915a8392af4" executionId="4b3cfb0c-d9ed-48fc-a6e8-0a9982a1228a" testListId="8c84fa94-04c1-424b-9868-57a2d4851a1d" />
    <TestEntry testId="22d2b62e-89f5-4f93-a572-7611f4556c6b" executionId="037335d0-3ccd-4f62-91d0-8d438b009a95" testListId="8c84fa94-04c1-424b-9868-57a2d4851a1d" />
    <TestEntry testId="3ddd71e1-db76-4715-b2f2-8255f6e2563d" executionId="bed9900b-7c76-44ce-b654-63368fb933b3" testListId="8c84fa94-04c1-424b-9868-57a2d4851a1d" />
    <TestEntry testId="88688f8b-8220-45c9-be0e-ddf070f60f1e" executionId="0732cf26-aa5c-4bfc-90a3-5692fd303b0e" testListId="8c84fa94-04c1-424b-9868-57a2d4851a1d" />
    <TestEntry testId="23882bea-685a-415f-9ea3-1199786c3d5a" executionId="da75f791-0c99-4280-a360-53b8787abe27" testListId="8c84fa94-04c1-424b-9868-57a2d4851a1d" />
    <TestEntry testId="595432ab-a545-436d-978b-e9528b65b4c6" executionId="b7833200-a0b6-4aae-826e-c26cd35ce9ee" testListId="8c84fa94-04c1-424b-9868-57a2d4851a1d" />
    <TestEntry testId="7e1c4278-5c96-4f4c-83f8-d5fc952b034e" executionId="0351baab-ae94-4e1e-8f05-9bf243023573" testListId="8c84fa94-04c1-424b-9868-57a2d4851a1d" />
    <TestEntry testId="6d635681-85b4-4703-a00c-36146fd85e1f" executionId="ea3123b7-1d9e-46c3-b4b7-7214e5671c50" testListId="8c84fa94-04c1-424b-9868-57a2d4851a1d" />
    <TestEntry testId="ff50ea74-0a66-48ae-9f8e-a9a2dcd450cf" executionId="db604d1e-7ff9-407a-b6f6-f367fb5422b0" testListId="8c84fa94-04c1-424b-9868-57a2d4851a1d" />
    <TestEntry testId="82e99376-ee78-41c8-b818-a2d06c53077e" executionId="fdefbedd-0b42-4932-bed7-0c5fc912d389" testListId="8c84fa94-04c1-424b-9868-57a2d4851a1d" />
    <TestEntry testId="46f72e71-f8c6-4cca-ae2e-2ce72f2720ef" executionId="a2177320-f1dc-47b3-93c9-ee239eb175e4" testListId="8c84fa94-04c1-424b-9868-57a2d4851a1d" />
    <TestEntry testId="6e0c44db-eec7-4b28-b1e8-6a2d3a3d4b71" executionId="d731382d-2ee6-43e1-89f5-1dc6cb7e406f" testListId="8c84fa94-04c1-424b-9868-57a2d4851a1d" />
    <TestEntry testId="39443ae8-2dcc-4bfe-bae0-0fd358987846" executionId="f4f36a13-7146-47bc-9afb-b3362d1552c1" testListId="8c84fa94-04c1-424b-9868-57a2d4851a1d" />
    <TestEntry testId="6134052d-ccf6-4821-88ad-cd550aac16ed" executionId="1cb3e6bb-503c-4fc5-a9f9-3b6ed8ebbda0" testListId="8c84fa94-04c1-424b-9868-57a2d4851a1d" />
    <TestEntry testId="84b05ea2-6fef-4e94-a12d-397fc9621ec7" executionId="65d76b98-d332-40ed-be63-2923584c0f94" testListId="8c84fa94-04c1-424b-9868-57a2d4851a1d" />
    <TestEntry testId="fa93e76d-c4f7-4ebe-8c0e-9230e513014e" executionId="fe45f12d-aa4e-4422-959b-a2504a4b6428" testListId="8c84fa94-04c1-424b-9868-57a2d4851a1d" />
    <TestEntry testId="b5578f10-db7f-4be0-97e1-e8253e4448ab" executionId="2919e178-8d93-469f-a53a-c8239e0ff703" testListId="8c84fa94-04c1-424b-9868-57a2d4851a1d" />
    <TestEntry testId="f5a5e0ea-6f39-4ebd-ab69-97447315ec89" executionId="61a7d7b4-15cb-4dcf-92d6-cb9ab614ac66" testListId="8c84fa94-04c1-424b-9868-57a2d4851a1d" />
    <TestEntry testId="0f1bdfea-2004-42f0-9ab0-419e90428f67" executionId="ebb3ed29-8126-4d35-942f-c13baf034072" testListId="8c84fa94-04c1-424b-9868-57a2d4851a1d" />
    <TestEntry testId="cef3b138-8a78-499d-84c3-975b5f6e3026" executionId="6ae843cc-3672-40b4-aa16-35dc6458845b" testListId="8c84fa94-04c1-424b-9868-57a2d4851a1d" />
    <TestEntry testId="7ce888d9-e559-4d0d-a212-593d07852f5f" executionId="33d763a1-6f84-4f20-9081-f52e1f2a3390" testListId="8c84fa94-04c1-424b-9868-57a2d4851a1d" />
    <TestEntry testId="279f8d13-64c5-4c40-8996-c36cb7637949" executionId="6b9175de-7b25-44aa-8248-a1e3e32de703" testListId="8c84fa94-04c1-424b-9868-57a2d4851a1d" />
    <TestEntry testId="1d292a85-da90-490c-990e-c5fc6a7f856a" executionId="7df50250-e61b-4dfe-8d48-ad0d104fda41" testListId="8c84fa94-04c1-424b-9868-57a2d4851a1d" />
    <TestEntry testId="5ab73352-cd77-4dae-befb-b27c4178f3b7" executionId="824286de-646f-4fd1-846c-c4c3a15b85bc" testListId="8c84fa94-04c1-424b-9868-57a2d4851a1d" />
    <TestEntry testId="8ef108bc-c5b1-476e-8147-b370ab1b8527" executionId="71a435e8-74ef-4ef8-9a05-64709948de25" testListId="8c84fa94-04c1-424b-9868-57a2d4851a1d" />
    <TestEntry testId="426fea2d-3d0e-417f-81dc-2c7f7f9a1c06" executionId="46b8d7dd-f1d0-476e-883b-9454f2f39497" testListId="8c84fa94-04c1-424b-9868-57a2d4851a1d" />
    <TestEntry testId="b20d0771-3e6b-4fc9-a892-61846dc12663" executionId="28440687-8038-4098-86fb-a3e0d0dda1c8" testListId="8c84fa94-04c1-424b-9868-57a2d4851a1d" />
    <TestEntry testId="1b79f265-432b-499f-863a-27c09fd4810d" executionId="6166a111-ee87-4348-9020-91153ac727d9" testListId="8c84fa94-04c1-424b-9868-57a2d4851a1d" />
    <TestEntry testId="bf6e6063-1273-4d59-9c72-6dec6da85af3" executionId="68cbdcef-0d70-4ce3-a391-c3af5e5997e8" testListId="8c84fa94-04c1-424b-9868-57a2d4851a1d" />
    <TestEntry testId="9598c835-c2f4-483c-b256-ffedd304e546" executionId="ccf7f478-725e-49c3-b8d5-3e4d0c07de10" testListId="8c84fa94-04c1-424b-9868-57a2d4851a1d" />
    <TestEntry testId="9c5cd6ad-4a9e-4367-94ae-44f970b8df3f" executionId="37ade23c-2d2e-4eb7-8cdf-b85428f079fc" testListId="8c84fa94-04c1-424b-9868-57a2d4851a1d" />
    <TestEntry testId="ac82fa26-7889-4974-b03d-0bedfe6118d1" executionId="113d1ba3-7f3c-47bd-85d7-b8114897393e" testListId="8c84fa94-04c1-424b-9868-57a2d4851a1d" />
    <TestEntry testId="7901054c-f48d-4ba9-81cc-4a587bc64503" executionId="dffc0c1e-cd32-4e7b-b106-84946222dbfb" testListId="8c84fa94-04c1-424b-9868-57a2d4851a1d" />
    <TestEntry testId="8e864e76-7e79-407f-8a13-2f5d937a0624" executionId="b5a4d5b9-43ca-46fe-967b-662908867930" testListId="8c84fa94-04c1-424b-9868-57a2d4851a1d" />
    <TestEntry testId="394fe344-70fc-4538-a138-170cda5f5b8e" executionId="de361ffc-2e25-43e7-aa4b-eb9c500c5fb9" testListId="8c84fa94-04c1-424b-9868-57a2d4851a1d" />
    <TestEntry testId="e6ce34f4-1980-489e-ad70-43553d481bb3" executionId="d489ab74-2391-4c67-9652-9ac83215b6ee" testListId="8c84fa94-04c1-424b-9868-57a2d4851a1d" />
    <TestEntry testId="d2077b96-2cca-4206-81d9-dcb0c6a85785" executionId="71036095-1356-4a2e-938b-ee9f2f8f0de0" testListId="8c84fa94-04c1-424b-9868-57a2d4851a1d" />
    <TestEntry testId="3caf548a-47ee-479c-b560-ca890f7d7834" executionId="50bfd105-9d36-421c-9e6e-9e119f3bafde" testListId="8c84fa94-04c1-424b-9868-57a2d4851a1d" />
    <TestEntry testId="7d748254-f0f4-4d13-b41c-95eec059db40" executionId="8bae1c65-c48d-4f99-b6e1-17f87d15a49a" testListId="8c84fa94-04c1-424b-9868-57a2d4851a1d" />
    <TestEntry testId="9b7fa56c-9288-45ea-97bf-47d9e3c8c95b" executionId="2667d0a0-451c-43a5-8d57-8b2878845b82" testListId="8c84fa94-04c1-424b-9868-57a2d4851a1d" />
    <TestEntry testId="96928c80-d969-49c9-b82e-163bf25ccefa" executionId="a814d519-a068-4f47-b52f-ce7e661aa761" testListId="8c84fa94-04c1-424b-9868-57a2d4851a1d" />
    <TestEntry testId="e3889c57-750e-4a50-995e-a2348859a617" executionId="28520e2c-8ea6-466e-b673-571c5cd418cb" testListId="8c84fa94-04c1-424b-9868-57a2d4851a1d" />
    <TestEntry testId="b5834624-a030-4bcd-a06b-8803fd23f35c" executionId="3d2e3097-8630-4b38-b5c1-cf3429793150" testListId="8c84fa94-04c1-424b-9868-57a2d4851a1d" />
    <TestEntry testId="88b611fa-8f4a-4264-92b4-df0ead1a4c96" executionId="d4f72e34-fd19-4328-a55f-4b868047ea22" testListId="8c84fa94-04c1-424b-9868-57a2d4851a1d" />
    <TestEntry testId="0de46be1-4835-4d66-99c5-6df84a6fb472" executionId="ec9dfd69-b464-4d71-bff4-51979e7d094e" testListId="8c84fa94-04c1-424b-9868-57a2d4851a1d" />
    <TestEntry testId="1f23b4a8-7b08-4aa4-91fc-a35a2f07054a" executionId="7b5680d3-a958-4dba-9789-759cd0b299fd" testListId="8c84fa94-04c1-424b-9868-57a2d4851a1d" />
    <TestEntry testId="aa46dfd4-b5ac-4e66-83ef-015af6a3cb2c" executionId="84ebc156-ce83-4144-b83d-0eaed6ba8960" testListId="8c84fa94-04c1-424b-9868-57a2d4851a1d" />
    <TestEntry testId="5b65bcf2-92e6-4be4-ad56-3b5748771b1a" executionId="9e409945-ece5-4623-b484-5aad9933123b" testListId="8c84fa94-04c1-424b-9868-57a2d4851a1d" />
    <TestEntry testId="fc27c146-5008-496e-9e3d-aeae30676b93" executionId="b48cf48f-824a-4692-8225-5f151a243643" testListId="8c84fa94-04c1-424b-9868-57a2d4851a1d" />
    <TestEntry testId="c13feb38-965a-4d71-8cf3-77119e8d4355" executionId="970789a7-5e3d-4648-b800-83f4b7da9f72" testListId="8c84fa94-04c1-424b-9868-57a2d4851a1d" />
    <TestEntry testId="d73620ba-a362-4a01-9572-34609cab75c3" executionId="ac12b5c7-8500-4e2c-97e1-48f2e3bd6e33" testListId="8c84fa94-04c1-424b-9868-57a2d4851a1d" />
    <TestEntry testId="ff8c7e91-8c0f-4aec-abc5-05ec0e5d7dae" executionId="03b6ad9e-245d-40c3-be60-9bd6ab50d3ac" testListId="8c84fa94-04c1-424b-9868-57a2d4851a1d" />
    <TestEntry testId="17a733ec-eb8d-4c96-afdc-77c80dcd87dd" executionId="b9a2bbb7-2947-42fe-bdaa-edbe56699fd9" testListId="8c84fa94-04c1-424b-9868-57a2d4851a1d" />
    <TestEntry testId="d39ac97e-bf4b-4350-ade2-25a9b34e36c8" executionId="a4022e2c-641a-4511-82a3-b968f86c4951" testListId="8c84fa94-04c1-424b-9868-57a2d4851a1d" />
    <TestEntry testId="d4364a41-8200-406a-89be-5a43aad32bb2" executionId="26275263-7a87-442d-ba54-d7f06f43d398" testListId="8c84fa94-04c1-424b-9868-57a2d4851a1d" />
    <TestEntry testId="15556fb0-29e6-4691-b922-46d8ba60d8db" executionId="eb09cc5d-b1cc-4ad8-8b1b-813fdf9ae2ba" testListId="8c84fa94-04c1-424b-9868-57a2d4851a1d" />
    <TestEntry testId="725da621-bd69-4c36-83ce-3aa353335107" executionId="32766757-1b0c-4482-9271-f58b03920642" testListId="8c84fa94-04c1-424b-9868-57a2d4851a1d" />
    <TestEntry testId="22fcf637-fe0c-4195-90d4-535e85824eb1" executionId="dce2241b-ef0c-4909-a79d-b1e9e091ad32" testListId="8c84fa94-04c1-424b-9868-57a2d4851a1d" />
    <TestEntry testId="c32711b8-9414-41a9-82bf-12a6f6f6ce52" executionId="0720a2cb-5c2f-4a46-9f8c-cc9c268b7f4b" testListId="8c84fa94-04c1-424b-9868-57a2d4851a1d" />
    <TestEntry testId="786691f1-ebe7-4d5c-8901-477604122fe1" executionId="b297307f-08a5-4942-b664-61fba3094dc1" testListId="8c84fa94-04c1-424b-9868-57a2d4851a1d" />
    <TestEntry testId="3ae7f07f-aa37-441f-a26e-d2bbcd5387f2" executionId="e73bb9c5-75bc-43c2-be70-1a6a08dafc62" testListId="8c84fa94-04c1-424b-9868-57a2d4851a1d" />
    <TestEntry testId="4dcdbe36-10df-42bd-be6b-6a292e009d05" executionId="4504cb1a-3790-4284-b9c7-6a1fcd6e2829" testListId="8c84fa94-04c1-424b-9868-57a2d4851a1d" />
    <TestEntry testId="7be1ec9f-447d-4216-a79b-d295d2c901fb" executionId="24005cd1-2663-4561-8b76-f8aecd1c4a38" testListId="8c84fa94-04c1-424b-9868-57a2d4851a1d" />
    <TestEntry testId="3fb632f6-9ffc-42f1-8a62-a23c9191a22d" executionId="11fc0798-181b-497f-aece-d18d1b538366" testListId="8c84fa94-04c1-424b-9868-57a2d4851a1d" />
    <TestEntry testId="8b0e4f9c-9972-45fc-acc6-bcc29de3b630" executionId="6324d846-984e-4257-a60f-e988ade31961" testListId="8c84fa94-04c1-424b-9868-57a2d4851a1d" />
    <TestEntry testId="d6422ef7-4421-417d-98ab-6fd6d0664395" executionId="501ed75f-efc2-4fd0-bfb7-f45d7085f306" testListId="8c84fa94-04c1-424b-9868-57a2d4851a1d" />
    <TestEntry testId="e5e165d6-2732-4137-b87c-38e381780d3d" executionId="fdcfa5ff-901f-4cd0-87fc-a28090afdc63" testListId="8c84fa94-04c1-424b-9868-57a2d4851a1d" />
    <TestEntry testId="20834128-99f4-465c-a817-9483fe409397" executionId="d79c63b5-5b7b-47e0-b0ae-afb9904e98f5" testListId="8c84fa94-04c1-424b-9868-57a2d4851a1d" />
    <TestEntry testId="af5184ee-57a6-4e1b-bfd0-6da4142b74bd" executionId="5f6f71f1-9e34-4a04-9803-6f68b92c5bcb" testListId="8c84fa94-04c1-424b-9868-57a2d4851a1d" />
    <TestEntry testId="27a73ad3-77cd-4438-9663-2d1686a653b9" executionId="73a78297-c053-49fe-af3a-d5d0903c2f8d" testListId="8c84fa94-04c1-424b-9868-57a2d4851a1d" />
    <TestEntry testId="29fea415-ca4d-473d-96cd-f6ff02162c01" executionId="6be8a87b-f2d6-4067-be57-b061c84a3e82" testListId="8c84fa94-04c1-424b-9868-57a2d4851a1d" />
    <TestEntry testId="4d781849-7152-4e49-9607-fccca1286ce1" executionId="13a531e8-b783-4b51-a550-fd85a50091f6" testListId="8c84fa94-04c1-424b-9868-57a2d4851a1d" />
    <TestEntry testId="ab0d9db1-49ab-4240-a727-a21feff20332" executionId="cdf3c0b6-24d6-445c-95d7-1a8cbd38958e" testListId="8c84fa94-04c1-424b-9868-57a2d4851a1d" />
    <TestEntry testId="ac54a23f-679a-4f0f-ae0b-f21b8e3c78f4" executionId="bd493023-f05c-4b86-b08e-4b03e010dd7b" testListId="8c84fa94-04c1-424b-9868-57a2d4851a1d" />
    <TestEntry testId="21c24cc8-308a-4ebc-ae32-bf83a5148ad9" executionId="3ea9e114-4cf7-4f59-913d-4a53cd7a57d6" testListId="8c84fa94-04c1-424b-9868-57a2d4851a1d" />
    <TestEntry testId="2d264987-d3cf-45ba-9227-2174b1929b62" executionId="1589cd1c-d4b1-4e30-bc69-561f5285b8b6" testListId="8c84fa94-04c1-424b-9868-57a2d4851a1d" />
    <TestEntry testId="e3229a9f-45e0-469c-9bb1-75a4b03d1bfa" executionId="21bc510c-5dc2-4e7e-b47f-91a9e9287c09" testListId="8c84fa94-04c1-424b-9868-57a2d4851a1d" />
    <TestEntry testId="fa71a170-37eb-40b0-a4bd-2fe57b80452a" executionId="90ffe2b4-54e4-432f-834d-0bd7fb4f6fef" testListId="8c84fa94-04c1-424b-9868-57a2d4851a1d" />
    <TestEntry testId="26414ecc-8cd5-485e-a20e-4f5a4f44ac7d" executionId="1c710f46-f29b-4616-a68b-12f09511313f" testListId="8c84fa94-04c1-424b-9868-57a2d4851a1d" />
    <TestEntry testId="8574270f-fc5d-49c0-8c62-dea1336396d0" executionId="ce1e7602-6b2f-4dd9-83f2-68eebef47453" testListId="8c84fa94-04c1-424b-9868-57a2d4851a1d" />
    <TestEntry testId="23c144d7-0855-4eb4-bd8a-0bc2ace0c9a6" executionId="d73f3a2e-f437-421c-a3d2-9c9678d8b23a" testListId="8c84fa94-04c1-424b-9868-57a2d4851a1d" />
    <TestEntry testId="02cdff2d-2240-4ccd-a48b-b9596cab67b2" executionId="f90812b0-d469-4537-9f1c-7adb0011ea9b" testListId="8c84fa94-04c1-424b-9868-57a2d4851a1d" />
    <TestEntry testId="467c2e7e-3e86-431e-a671-7fbba8219527" executionId="407e3c72-ad8f-41af-8763-cfee2cc156c7" testListId="8c84fa94-04c1-424b-9868-57a2d4851a1d" />
    <TestEntry testId="6636bd38-8a41-4042-bd31-bfb95fb50c28" executionId="c3a9e821-f57a-40fa-a6f4-d54f98ee642e" testListId="8c84fa94-04c1-424b-9868-57a2d4851a1d" />
    <TestEntry testId="25553e5e-c818-4546-8924-bc7f09ee664c" executionId="0c4c4da6-ff47-4b17-be66-25b47a8b9ebb" testListId="8c84fa94-04c1-424b-9868-57a2d4851a1d" />
    <TestEntry testId="a4581571-7a50-4775-b67c-8bbee8ea0e7b" executionId="7e4c5a17-245c-48b9-9bbf-6686b19ac3a0" testListId="8c84fa94-04c1-424b-9868-57a2d4851a1d" />
    <TestEntry testId="f919f15e-636d-4787-97b1-5fb8d902d48c" executionId="a18603f2-d8b8-4b2b-9a5d-341a6557924e" testListId="8c84fa94-04c1-424b-9868-57a2d4851a1d" />
    <TestEntry testId="ae471461-03af-4444-980c-8a393f1c8231" executionId="43926a64-050b-4bb2-82fa-23780da64de5" testListId="8c84fa94-04c1-424b-9868-57a2d4851a1d" />
    <TestEntry testId="bb53991c-5caf-4064-ba7e-4ead76c3f7cc" executionId="9580d0b1-df55-45e1-b7f3-874742cbe7bc" testListId="8c84fa94-04c1-424b-9868-57a2d4851a1d" />
    <TestEntry testId="bb2b3f77-dfd6-4a71-a7f9-8b43b75e3db0" executionId="fb344d83-8e8c-4e47-9d73-a816bd7cb4e3" testListId="8c84fa94-04c1-424b-9868-57a2d4851a1d" />
    <TestEntry testId="8f097562-7b86-4b44-b799-023e42afc0dd" executionId="619e8d85-af6c-4e6e-ad64-2e4cb3ce167d" testListId="8c84fa94-04c1-424b-9868-57a2d4851a1d" />
    <TestEntry testId="22c39efc-ca68-48e0-9b11-13768fc0d6aa" executionId="848bb352-5201-44d8-a9f8-d77e6754877c" testListId="8c84fa94-04c1-424b-9868-57a2d4851a1d" />
    <TestEntry testId="a5d2c0ae-6db6-428d-a92b-a218cf4d5d9a" executionId="b8f94b4d-f95c-41c8-ad83-e210959ee481" testListId="8c84fa94-04c1-424b-9868-57a2d4851a1d" />
    <TestEntry testId="962d3615-d4de-4ce1-95b2-9f00fc6f8d5a" executionId="395d3bbd-fe11-4e04-87b2-702d89302100" testListId="8c84fa94-04c1-424b-9868-57a2d4851a1d" />
    <TestEntry testId="e4cb33c5-cf63-4e29-9503-b20103f5c4e7" executionId="49a03ee5-4817-4e96-a256-9137ccd9e4ff" testListId="8c84fa94-04c1-424b-9868-57a2d4851a1d" />
    <TestEntry testId="5347e09b-9b88-4d90-8be1-57ed42126905" executionId="fc7d2b44-1348-45c0-876d-6f59529d0eb7" testListId="8c84fa94-04c1-424b-9868-57a2d4851a1d" />
    <TestEntry testId="c27b80a4-f023-4834-971d-3530c1fd8577" executionId="29c4f1f3-b952-4d95-8115-55d541db20be" testListId="8c84fa94-04c1-424b-9868-57a2d4851a1d" />
    <TestEntry testId="f203107a-7437-4e21-aea1-4b24e4cf42fc" executionId="4111963e-3abb-4679-8fb9-4aa755c95f1e" testListId="8c84fa94-04c1-424b-9868-57a2d4851a1d" />
    <TestEntry testId="19ae2bc1-1f1f-43d4-95fa-15c0518df19b" executionId="6a74b440-a754-4a99-a2e1-ece452674abc" testListId="8c84fa94-04c1-424b-9868-57a2d4851a1d" />
    <TestEntry testId="1a6c2a0f-1dcd-474b-8b55-509da82b5f60" executionId="22564b89-4c6e-4450-a53a-2da9ee64fc24" testListId="8c84fa94-04c1-424b-9868-57a2d4851a1d" />
    <TestEntry testId="e83e6ebe-976b-4f15-ac42-670c973dcd23" executionId="966ebbdd-2de3-460b-a541-5bede92a844b" testListId="8c84fa94-04c1-424b-9868-57a2d4851a1d" />
    <TestEntry testId="8c509372-d133-47ed-bb9c-d0750c00c5be" executionId="eb5986ab-6709-4910-a545-5dc1764215aa" testListId="8c84fa94-04c1-424b-9868-57a2d4851a1d" />
    <TestEntry testId="0c63e24b-be8f-483d-86bc-2f36bf8a49fd" executionId="58ee53db-a80c-4c1f-beef-e1a957d2fe1b" testListId="8c84fa94-04c1-424b-9868-57a2d4851a1d" />
    <TestEntry testId="ed1aea5c-82c9-48ef-8b6d-90a43e801a0e" executionId="868f8404-66a4-4a0d-8da3-20c58265134a" testListId="8c84fa94-04c1-424b-9868-57a2d4851a1d" />
    <TestEntry testId="6c13334e-0611-4df4-ba41-bce246a22534" executionId="b0f5e518-8ccd-460f-b778-767caaa1236e" testListId="8c84fa94-04c1-424b-9868-57a2d4851a1d" />
    <TestEntry testId="c4e2bee1-b27f-489d-b131-36619a3c08f8" executionId="e4e7207b-6efe-4531-9384-89fbe3878789" testListId="8c84fa94-04c1-424b-9868-57a2d4851a1d" />
    <TestEntry testId="2923fc7b-3062-4184-995a-9f586ec7cc64" executionId="aac9540a-1a64-41fc-8d9c-ca1e7d0c670a" testListId="8c84fa94-04c1-424b-9868-57a2d4851a1d" />
    <TestEntry testId="a919fd7f-a3f9-48d8-b53e-b7a77291dff6" executionId="1ee29f26-c87b-456a-a900-fb301ee256e8" testListId="8c84fa94-04c1-424b-9868-57a2d4851a1d" />
    <TestEntry testId="b13c2199-e28a-4cd6-84e2-fdb44916652f" executionId="405d79fe-8fed-4703-a781-3322b4af5ade" testListId="8c84fa94-04c1-424b-9868-57a2d4851a1d" />
    <TestEntry testId="1be9e910-f002-4f3c-a51d-1def8206a022" executionId="854cfe57-280f-46ef-874a-e6dc23b11d3e" testListId="8c84fa94-04c1-424b-9868-57a2d4851a1d" />
    <TestEntry testId="5270c496-9773-401d-8f6f-08b5e0c0a5a1" executionId="e2014943-28d8-4c6a-8b72-08efee0323c5" testListId="8c84fa94-04c1-424b-9868-57a2d4851a1d" />
    <TestEntry testId="2bdcbc9e-e11f-494d-bcfa-b8a445d7aa40" executionId="41ecdec8-57fe-47c2-8ae1-875cdd8de566" testListId="8c84fa94-04c1-424b-9868-57a2d4851a1d" />
    <TestEntry testId="b89b7ead-18b7-4efc-8428-7ccf851198c7" executionId="a1b6bb72-ae15-4988-911b-19984495c768" testListId="8c84fa94-04c1-424b-9868-57a2d4851a1d" />
    <TestEntry testId="6d596de4-2b80-4b75-a9be-fa0b7eaec53b" executionId="874eafe5-7b9c-48d4-b821-5be9be02cff9" testListId="8c84fa94-04c1-424b-9868-57a2d4851a1d" />
    <TestEntry testId="7248418e-52b3-4057-a643-2b0ac39ebff4" executionId="ffb3b68f-8051-44ad-9f2a-e15fd4210e44" testListId="8c84fa94-04c1-424b-9868-57a2d4851a1d" />
    <TestEntry testId="92f1baf3-1159-46b2-9c1a-fb8c3b8da6e1" executionId="169ceb7e-d2b4-4576-bc4c-a787ff2c73be" testListId="8c84fa94-04c1-424b-9868-57a2d4851a1d" />
    <TestEntry testId="92a56d20-74fe-42d0-a826-9b1f3c57eede" executionId="5905005a-5f0a-42f5-bcbf-88b911146818" testListId="8c84fa94-04c1-424b-9868-57a2d4851a1d" />
    <TestEntry testId="ea8badca-9624-4be4-be11-0fd66a4c5ab9" executionId="4f215a80-9c2f-4e25-ac8d-b6ea878ee729" testListId="8c84fa94-04c1-424b-9868-57a2d4851a1d" />
    <TestEntry testId="8f541304-1676-422f-a9ba-fd33f1f4dc88" executionId="b85b6188-2e1d-4398-a767-39cbbab1468e" testListId="8c84fa94-04c1-424b-9868-57a2d4851a1d" />
    <TestEntry testId="9a27c6c2-90bb-470d-80e6-fce89320a361" executionId="8a1dce00-8eed-4bae-b8b0-e7de358d6dfa" testListId="8c84fa94-04c1-424b-9868-57a2d4851a1d" />
    <TestEntry testId="4ae809e4-d6b8-45eb-b4ee-fc4cb77fc22d" executionId="01cb5ada-4762-40b1-93e4-dac1458b8778" testListId="8c84fa94-04c1-424b-9868-57a2d4851a1d" />
    <TestEntry testId="9ebec0e5-60ed-46ef-aa26-747ae2a6a516" executionId="a9496e21-5aa8-4fb9-896c-5fff91be9ee3" testListId="8c84fa94-04c1-424b-9868-57a2d4851a1d" />
    <TestEntry testId="6f9bd7c4-b3a0-49ff-92ae-5355fb1f8214" executionId="77ec4ab5-6c1e-424f-a1fd-824fbac6ab7b" testListId="8c84fa94-04c1-424b-9868-57a2d4851a1d" />
    <TestEntry testId="4bd39f14-bd24-4dff-8cc8-79e836a24fab" executionId="26bc84d8-ab0a-453c-b91b-0762d84491ff" testListId="8c84fa94-04c1-424b-9868-57a2d4851a1d" />
    <TestEntry testId="927bd556-3d81-41c3-974a-0b2b019d77f0" executionId="59573d9a-53cf-4506-a1ec-d15bc40a9aba" testListId="8c84fa94-04c1-424b-9868-57a2d4851a1d" />
    <TestEntry testId="cac7b69d-e1ca-463f-a1ca-3425b90a1f7c" executionId="0b80d8fb-85d7-409b-8385-15ac28a964de" testListId="8c84fa94-04c1-424b-9868-57a2d4851a1d" />
    <TestEntry testId="10e52e4d-df01-47da-8221-c072650c3a4b" executionId="3004c737-b7f6-4ea8-91d1-0cf8eb77ccd4" testListId="8c84fa94-04c1-424b-9868-57a2d4851a1d" />
    <TestEntry testId="d0154d59-5e1c-4a2e-942b-01d74b11239e" executionId="1feb5760-5a7c-4494-be0a-7b7e1df1e7ca" testListId="8c84fa94-04c1-424b-9868-57a2d4851a1d" />
    <TestEntry testId="d149d139-c703-4534-8149-846e67d27b2e" executionId="e4e5a75e-61ea-450f-88e7-9fb4b5d6c882" testListId="8c84fa94-04c1-424b-9868-57a2d4851a1d" />
    <TestEntry testId="06c69534-5ed4-4bd8-b1ef-33e54f84a89c" executionId="ff14bb38-0905-4c9a-bf3a-4607e9ac4868" testListId="8c84fa94-04c1-424b-9868-57a2d4851a1d" />
    <TestEntry testId="e5cd8703-3644-49b9-b4ac-019f2c8ccaf7" executionId="e8ad2205-56c6-4095-8c3e-9b2d0e0feb2b" testListId="8c84fa94-04c1-424b-9868-57a2d4851a1d" />
    <TestEntry testId="2a022f3b-b1a8-497d-af37-2fec75b63ae3" executionId="ad98bc21-2f4f-458c-a6fb-a4eb43864199" testListId="8c84fa94-04c1-424b-9868-57a2d4851a1d" />
    <TestEntry testId="1b26e881-803a-44ea-b5ff-4556a0628c70" executionId="19e7b52c-e8d6-47e4-96fa-640c36139c64" testListId="8c84fa94-04c1-424b-9868-57a2d4851a1d" />
    <TestEntry testId="1a9b6fff-8f57-4911-bcf2-bb3772105bd6" executionId="dd5550b0-1abb-42b8-9821-d9e57f085709" testListId="8c84fa94-04c1-424b-9868-57a2d4851a1d" />
    <TestEntry testId="97e4379f-b53a-41da-acde-e02bb0b497c5" executionId="009649e7-7ea0-41c7-903c-857f2a1f6648" testListId="8c84fa94-04c1-424b-9868-57a2d4851a1d" />
    <TestEntry testId="e37e058a-1dbf-4743-8479-32e2efdbbb47" executionId="e46fe83d-82f9-4946-8a62-33d53ceff7e2" testListId="8c84fa94-04c1-424b-9868-57a2d4851a1d" />
    <TestEntry testId="6fcbd53e-f65d-4926-a103-6fd9b301124a" executionId="065a7dd4-b379-4827-b99d-cc53c08a0f42" testListId="8c84fa94-04c1-424b-9868-57a2d4851a1d" />
    <TestEntry testId="32c52c1f-e1a2-4110-9364-33ea0c201995" executionId="9919bb3e-1a04-4fa4-839f-cbffc747f5f0" testListId="8c84fa94-04c1-424b-9868-57a2d4851a1d" />
    <TestEntry testId="7061e97d-9993-4b84-babd-78b2213ecf17" executionId="7dd63bb3-27af-492c-b533-e7226971f8c7" testListId="8c84fa94-04c1-424b-9868-57a2d4851a1d" />
    <TestEntry testId="e6aa8b43-3849-4e44-a099-7ff1180b1c5e" executionId="93269a0c-00f3-4720-835d-ef3d7e075ea6" testListId="8c84fa94-04c1-424b-9868-57a2d4851a1d" />
    <TestEntry testId="abc37771-2748-4b49-8166-11e3d9022d58" executionId="eb9b6ed7-73c0-49cf-9064-5d8ab2936202" testListId="8c84fa94-04c1-424b-9868-57a2d4851a1d" />
    <TestEntry testId="f4470d8c-e06a-40f0-81f4-501d49c72538" executionId="bbfb3738-0af9-475e-8f9e-5188ab53bab5" testListId="8c84fa94-04c1-424b-9868-57a2d4851a1d" />
    <TestEntry testId="190b63c9-b1e0-4111-b1d9-6a3c280b6546" executionId="61c62c77-a132-44c9-b070-ca5d12b145e2" testListId="8c84fa94-04c1-424b-9868-57a2d4851a1d" />
    <TestEntry testId="533bacbd-ccdb-40c1-98d9-5c802e8dc843" executionId="88ef1ce2-0971-417f-8205-740bbde4dd28" testListId="8c84fa94-04c1-424b-9868-57a2d4851a1d" />
    <TestEntry testId="059700b7-13ef-4bea-957b-c7f841463b28" executionId="0027739a-ebd0-48fc-aff5-11b371f9d118" testListId="8c84fa94-04c1-424b-9868-57a2d4851a1d" />
    <TestEntry testId="57c7c851-5395-4b1a-8031-d01941fb7b0e" executionId="1777cbfc-83ac-4cc0-bc16-f102e6a574e1" testListId="8c84fa94-04c1-424b-9868-57a2d4851a1d" />
    <TestEntry testId="17c42e6d-e58b-46de-af85-9eab6461f915" executionId="fbb2b21d-0721-4b75-8986-757c60d2234f" testListId="8c84fa94-04c1-424b-9868-57a2d4851a1d" />
    <TestEntry testId="2d2a8f09-dbb2-44d3-a859-64fa805538ba" executionId="ec374803-e26f-4c67-89f2-8e56a96fd292" testListId="8c84fa94-04c1-424b-9868-57a2d4851a1d" />
    <TestEntry testId="8ab217af-c473-43d6-a390-ea13c33f56ec" executionId="389fe11c-14a7-4b97-b227-38efc4a9b597" testListId="8c84fa94-04c1-424b-9868-57a2d4851a1d" />
    <TestEntry testId="c3608939-7a0f-43f4-9f3b-03ee330a9767" executionId="e1ee8085-4eb9-4a58-8d8d-b543ced6a64c" testListId="8c84fa94-04c1-424b-9868-57a2d4851a1d" />
    <TestEntry testId="af6b3e4e-55ec-452f-b9a4-e619c11e50de" executionId="3a72275c-335f-4b94-8a4b-c26f8014dfcd" testListId="8c84fa94-04c1-424b-9868-57a2d4851a1d" />
    <TestEntry testId="c11d9569-3411-4f15-bbc7-c59d0757d64e" executionId="7a13326c-2dda-42b1-b513-b2706262fa1d" testListId="8c84fa94-04c1-424b-9868-57a2d4851a1d" />
    <TestEntry testId="fd33dda8-1b5d-4474-9bb9-2b8c77c9ea8a" executionId="b1228e69-0464-46d0-8b32-f69295a13e9e" testListId="8c84fa94-04c1-424b-9868-57a2d4851a1d" />
    <TestEntry testId="4ee4ab5a-c10f-4e31-9f13-ac478a5ac523" executionId="e61c2529-50aa-42fc-a9a6-35797934802d" testListId="8c84fa94-04c1-424b-9868-57a2d4851a1d" />
    <TestEntry testId="19179588-704f-4f52-92c1-db781c895d8d" executionId="f2ce0813-0515-4796-b8d3-b5ee8791ff72" testListId="8c84fa94-04c1-424b-9868-57a2d4851a1d" />
    <TestEntry testId="5b9c4bd8-f42c-43d1-9338-3e6b6b8bbff2" executionId="1ed2d02b-e0b2-4d69-8f48-c3a55d91fb11" testListId="8c84fa94-04c1-424b-9868-57a2d4851a1d" />
    <TestEntry testId="56bdb46f-87ba-4535-bb83-91683d010bd2" executionId="1f8d8705-5698-4a06-9de6-9b09e42e147b" testListId="8c84fa94-04c1-424b-9868-57a2d4851a1d" />
    <TestEntry testId="1689bb8d-3b1d-4a9e-91de-1f50b8acd307" executionId="9b659964-3d25-4538-8c93-281027347c98" testListId="8c84fa94-04c1-424b-9868-57a2d4851a1d" />
    <TestEntry testId="831d2964-110f-4272-a340-e18fd877aebb" executionId="6c4c6a1f-fe49-4f9e-94a8-c8359308137c" testListId="8c84fa94-04c1-424b-9868-57a2d4851a1d" />
    <TestEntry testId="0a5a5cce-8b3c-4382-b316-99611ce7a877" executionId="ddeb1aef-7a16-4cc7-a8bd-586f100d6271" testListId="8c84fa94-04c1-424b-9868-57a2d4851a1d" />
    <TestEntry testId="b73d0284-0012-4e60-baba-8908b1736edb" executionId="292e7e7c-a5e0-4da8-977e-bc15996a1589" testListId="8c84fa94-04c1-424b-9868-57a2d4851a1d" />
    <TestEntry testId="85d3aaea-c952-4c8a-812f-572b2dbca969" executionId="e4d3e07d-ce90-47b5-b675-357114ca9ad2" testListId="8c84fa94-04c1-424b-9868-57a2d4851a1d" />
    <TestEntry testId="86a3faf2-2d5e-4985-9410-5855d090139f" executionId="d5b09eab-1b69-4c73-9d5e-d766fe1afbaa" testListId="8c84fa94-04c1-424b-9868-57a2d4851a1d" />
    <TestEntry testId="d4c87ee1-1dfd-4bcb-9b88-a71a49264e89" executionId="b558e6e1-ae05-499e-86cd-7fcb6c74a52a" testListId="8c84fa94-04c1-424b-9868-57a2d4851a1d" />
    <TestEntry testId="9fe728b6-9a46-4508-8b31-d11c4553261f" executionId="bd0a080e-b411-4c8c-983f-1163782eaea6" testListId="8c84fa94-04c1-424b-9868-57a2d4851a1d" />
    <TestEntry testId="4f899d90-2a4f-42c0-b042-036ef32d324d" executionId="f648032e-1ec4-42a4-b8d6-46c48af31b35" testListId="8c84fa94-04c1-424b-9868-57a2d4851a1d" />
    <TestEntry testId="d9d60690-87da-4f39-865d-092b7509397c" executionId="5da3b893-e747-42e9-b0ac-482561461172" testListId="8c84fa94-04c1-424b-9868-57a2d4851a1d" />
    <TestEntry testId="5597113d-711f-45b0-81f0-54f623f92928" executionId="9b3d07f9-abfb-442f-a355-7d0507a6f178" testListId="8c84fa94-04c1-424b-9868-57a2d4851a1d" />
    <TestEntry testId="112db363-25cc-4ede-bd89-83a4248dcd2f" executionId="de218d85-ec0b-40aa-9c05-d2ef0e9d1557" testListId="8c84fa94-04c1-424b-9868-57a2d4851a1d" />
    <TestEntry testId="00a37cf4-6094-4a59-ac19-8b665443ce9a" executionId="753291b1-3770-4e5f-b6a2-cc32c260f795" testListId="8c84fa94-04c1-424b-9868-57a2d4851a1d" />
    <TestEntry testId="bdc82232-7b57-4902-83d9-defe86eae348" executionId="897f4b9f-3619-4116-bd55-971467d9a70f" testListId="8c84fa94-04c1-424b-9868-57a2d4851a1d" />
    <TestEntry testId="fc58e0d1-04c8-4dd3-be6a-e2ea89854ce3" executionId="c8137b5a-5c48-492b-9034-a01adec21f1f" testListId="8c84fa94-04c1-424b-9868-57a2d4851a1d" />
    <TestEntry testId="ffd373af-f75e-41aa-bfd6-9e5852f0734f" executionId="c0150859-1575-4ec2-8e23-02f1fe04392d" testListId="8c84fa94-04c1-424b-9868-57a2d4851a1d" />
    <TestEntry testId="d3a3b1b6-4303-4b8f-bc6c-462f3f3f99dd" executionId="fba1fd79-ee72-4857-a1f0-4fca125f2f14" testListId="8c84fa94-04c1-424b-9868-57a2d4851a1d" />
    <TestEntry testId="b9a5aafa-875f-4e06-878b-281841649a28" executionId="5487fa37-74da-402f-820c-b9bddf1984af" testListId="8c84fa94-04c1-424b-9868-57a2d4851a1d" />
    <TestEntry testId="b8f919aa-7947-4793-9caa-a31343bbec87" executionId="7f0414b6-509a-4df4-8e83-67b4a52e3a35" testListId="8c84fa94-04c1-424b-9868-57a2d4851a1d" />
    <TestEntry testId="40f00695-cf02-4274-b506-8dc498c57831" executionId="fe050c0f-29a3-4013-ad8b-9772b33a0ab2" testListId="8c84fa94-04c1-424b-9868-57a2d4851a1d" />
    <TestEntry testId="ce004c94-1556-4dea-8954-ff511a6a116a" executionId="d4010a7b-02a3-430b-bcd7-431a7856ad95" testListId="8c84fa94-04c1-424b-9868-57a2d4851a1d" />
    <TestEntry testId="09ba6552-dba4-425f-91ec-0245540b5a22" executionId="4eb01fc9-92f6-4e35-abcc-27cad4252373" testListId="8c84fa94-04c1-424b-9868-57a2d4851a1d" />
    <TestEntry testId="046074e0-ccdd-4770-a2e6-2185641499a0" executionId="c0da0b56-ae50-4229-950b-746da3c0552d" testListId="8c84fa94-04c1-424b-9868-57a2d4851a1d" />
    <TestEntry testId="855e7d61-0204-4f5d-b342-2cc53738d11e" executionId="528fd2a9-4b6f-41f4-8d4a-cdf77ce3b67c" testListId="8c84fa94-04c1-424b-9868-57a2d4851a1d" />
    <TestEntry testId="5eb847c6-065f-4e9c-b8a9-cea706e4f3d1" executionId="9b37a3e2-11a6-47aa-917e-ec671c8a4837" testListId="8c84fa94-04c1-424b-9868-57a2d4851a1d" />
    <TestEntry testId="9bfd128c-ea6b-455b-bc47-63ac5cb5429f" executionId="a8414298-2533-47d6-97e1-25a9459754a2" testListId="8c84fa94-04c1-424b-9868-57a2d4851a1d" />
    <TestEntry testId="752bb5a6-7449-4e9a-8905-d85412700903" executionId="8f166cfc-5050-4aea-9b6e-264c103262e8" testListId="8c84fa94-04c1-424b-9868-57a2d4851a1d" />
    <TestEntry testId="70014cf1-317b-42a8-a051-568cf315237f" executionId="40116552-5ed9-471e-823d-04eabc0fcc16" testListId="8c84fa94-04c1-424b-9868-57a2d4851a1d" />
    <TestEntry testId="01fbf0e2-f4cf-4348-aaea-938771f8a300" executionId="8667cf15-1c2a-42bf-8228-23c96b147b1c" testListId="8c84fa94-04c1-424b-9868-57a2d4851a1d" />
    <TestEntry testId="807f8557-2d81-4646-9b39-0fab42077c0b" executionId="c8cc5d68-52a0-46fa-8796-0548c5b6fd8f" testListId="8c84fa94-04c1-424b-9868-57a2d4851a1d" />
    <TestEntry testId="f7bfbfb2-7954-4193-85bf-95122e4d6bc0" executionId="6240ac29-9ca3-46b1-a3e9-b02e6e453d9b" testListId="8c84fa94-04c1-424b-9868-57a2d4851a1d" />
    <TestEntry testId="e717a841-d3aa-4eeb-a50c-3b7bf2defd01" executionId="6a8044b8-10a2-42b8-8658-1268b9acbbe6" testListId="8c84fa94-04c1-424b-9868-57a2d4851a1d" />
    <TestEntry testId="58e442a3-0520-4669-ab95-9426ee5f0b4c" executionId="40785aa6-a61d-445f-8d23-7db99db612d5" testListId="8c84fa94-04c1-424b-9868-57a2d4851a1d" />
    <TestEntry testId="fcfcf6d8-6f19-4006-a1d1-f2da7ee0de05" executionId="90db039b-0090-415f-8e4b-a5989b001eea" testListId="8c84fa94-04c1-424b-9868-57a2d4851a1d" />
    <TestEntry testId="e6f88792-660f-4583-ada8-5366dad446a9" executionId="510a09c0-9762-49c6-a048-ad316a8ab498" testListId="8c84fa94-04c1-424b-9868-57a2d4851a1d" />
    <TestEntry testId="874d3154-e649-4304-a904-8b60d95e256b" executionId="d93aeb9f-c239-4cd6-abec-600162ce956c" testListId="8c84fa94-04c1-424b-9868-57a2d4851a1d" />
    <TestEntry testId="8ea3d137-0ea2-4744-97fe-48fb588e325f" executionId="eb7ad237-5e4f-406e-a59f-024ee1bf34be" testListId="8c84fa94-04c1-424b-9868-57a2d4851a1d" />
    <TestEntry testId="a3cf9ca7-c8ee-4ea3-9af3-5c6c0ae4beed" executionId="cfe18c27-50e0-4136-a791-c1b1581e47e8" testListId="8c84fa94-04c1-424b-9868-57a2d4851a1d" />
    <TestEntry testId="21f9ee89-a2ca-428e-9b69-31dc844dcd8b" executionId="61fb411b-65b4-43e9-9bd6-261b5e31d106" testListId="8c84fa94-04c1-424b-9868-57a2d4851a1d" />
    <TestEntry testId="9e6993de-9509-4f45-b0a5-842251fb54f7" executionId="ef8e8e4e-402a-4924-97fc-3d56939840c7" testListId="8c84fa94-04c1-424b-9868-57a2d4851a1d" />
    <TestEntry testId="72676f65-320c-4560-9111-17e21fc0da8c" executionId="6999a78c-577a-4df4-ab30-5c4dd71bfd5b" testListId="8c84fa94-04c1-424b-9868-57a2d4851a1d" />
    <TestEntry testId="8e103c70-9cbf-41de-9c63-3aa043a6ca5a" executionId="1bac0631-c9c5-4f38-9b32-95f7b3490291" testListId="8c84fa94-04c1-424b-9868-57a2d4851a1d" />
    <TestEntry testId="dcf6dca9-8250-4b07-9f13-47b2c54e96dd" executionId="1d78f3a3-24fe-40b5-9981-a84bee76148b" testListId="8c84fa94-04c1-424b-9868-57a2d4851a1d" />
    <TestEntry testId="22b91f08-2534-4a98-8367-e387c4d390db" executionId="d14f348d-adc1-4afd-b710-77ad4ad4cbb5" testListId="8c84fa94-04c1-424b-9868-57a2d4851a1d" />
    <TestEntry testId="0b174d43-0355-4122-aab5-f3a0ba6d04fd" executionId="6290ac26-9677-4296-a03b-98bfa7425b2b" testListId="8c84fa94-04c1-424b-9868-57a2d4851a1d" />
    <TestEntry testId="92e49566-b15d-45aa-9950-817c3a7a4b30" executionId="901fb225-bc05-4752-9e4e-a5422ecb9cad" testListId="8c84fa94-04c1-424b-9868-57a2d4851a1d" />
    <TestEntry testId="70835220-3b04-4154-a647-d769b221f00f" executionId="83ca4c73-d8d6-409f-9567-6e211ff2f506" testListId="8c84fa94-04c1-424b-9868-57a2d4851a1d" />
    <TestEntry testId="d7a8c96b-51b8-4f33-91ec-673f3c3dc801" executionId="df9e5d8c-a904-4032-b801-9d1ec22a2059" testListId="8c84fa94-04c1-424b-9868-57a2d4851a1d" />
    <TestEntry testId="37cdc965-fd6a-452e-875b-ba9ddc131721" executionId="984ad756-30b2-405a-9181-32e673bc8890" testListId="8c84fa94-04c1-424b-9868-57a2d4851a1d" />
    <TestEntry testId="04c953b9-0488-4aba-99f9-0d4af4abf0c7" executionId="3be6f664-a67f-440d-b5b2-84a0b7134d07" testListId="8c84fa94-04c1-424b-9868-57a2d4851a1d" />
    <TestEntry testId="219049dd-3730-4d9d-9b86-166c55eb78f0" executionId="013a2471-f220-4f49-acba-c755e0dad996" testListId="8c84fa94-04c1-424b-9868-57a2d4851a1d" />
    <TestEntry testId="0b969d4e-1e70-4683-97f7-48a5c21febd8" executionId="7f04fbf8-5397-4cc2-b160-7a960348247c" testListId="8c84fa94-04c1-424b-9868-57a2d4851a1d" />
    <TestEntry testId="38c8b84c-5e9a-4c41-b2d8-ea27bf8e4681" executionId="3865842d-2b71-4283-9ce9-fcf4916fa8f6" testListId="8c84fa94-04c1-424b-9868-57a2d4851a1d" />
    <TestEntry testId="f28da171-331d-470f-9449-19f5fc6a8ded" executionId="60055af0-6a29-4f25-9a87-3492aa6f6f33" testListId="8c84fa94-04c1-424b-9868-57a2d4851a1d" />
    <TestEntry testId="9ad82150-046c-446d-96ae-414ef61a6826" executionId="5b61a245-ff49-49dd-a4fe-90a178542b6d" testListId="8c84fa94-04c1-424b-9868-57a2d4851a1d" />
    <TestEntry testId="4687d2af-b978-4097-bdce-d67e02b808d0" executionId="9a91082b-6c34-4353-9c07-87fe8ad82469" testListId="8c84fa94-04c1-424b-9868-57a2d4851a1d" />
    <TestEntry testId="afb157d6-1538-4533-9d8a-2af2971293b2" executionId="ae863512-4343-47c3-98c6-461265682f90" testListId="8c84fa94-04c1-424b-9868-57a2d4851a1d" />
    <TestEntry testId="12c3c466-b3d9-4905-b688-4438dc061b2c" executionId="a7bdec54-4b50-4114-a73b-c4468515a77f" testListId="8c84fa94-04c1-424b-9868-57a2d4851a1d" />
    <TestEntry testId="2cc79fc6-5ad5-4d12-8f00-e97d401cec71" executionId="d12a6c7d-6b33-4f96-bba4-55faacd82cdb" testListId="8c84fa94-04c1-424b-9868-57a2d4851a1d" />
    <TestEntry testId="dd2b2f9a-1f2d-46d6-b2f7-ea5923ff1b88" executionId="988f582c-8549-4cd7-b56d-ab4e01730e1d" testListId="8c84fa94-04c1-424b-9868-57a2d4851a1d" />
    <TestEntry testId="f100b6f4-764e-4e4b-bd78-c3e13d4c1b98" executionId="df4260a0-b2e3-4856-adfc-c9e0014d37a6" testListId="8c84fa94-04c1-424b-9868-57a2d4851a1d" />
    <TestEntry testId="a3a3f5bd-4891-4664-b373-afd4b6e37a79" executionId="65381a7e-7582-47fb-b31f-c926b3d05b1d" testListId="8c84fa94-04c1-424b-9868-57a2d4851a1d" />
    <TestEntry testId="2c9bc1b1-600e-4183-9979-8d39e2d3f5d0" executionId="24eb203f-67b1-45dd-bf69-570d678881ba" testListId="8c84fa94-04c1-424b-9868-57a2d4851a1d" />
    <TestEntry testId="484d9ec6-faa9-4ce5-8a9b-cbc1a447868b" executionId="a90d3dca-f985-4b51-9c54-78865e4856c4" testListId="8c84fa94-04c1-424b-9868-57a2d4851a1d" />
    <TestEntry testId="e2a04d44-1253-4b80-ae55-890f948006e9" executionId="fbbff78d-0e75-4f94-9f4d-b0facefa6583" testListId="8c84fa94-04c1-424b-9868-57a2d4851a1d" />
    <TestEntry testId="59b8fef7-b54c-40b0-9a2f-0d339f81f211" executionId="729f3d80-5f7d-4801-8386-93c03aef2b2d" testListId="8c84fa94-04c1-424b-9868-57a2d4851a1d" />
    <TestEntry testId="5ee860cc-480d-4a6e-8cf0-9bd00c04045c" executionId="3cd267a5-44d7-4461-85f4-76381805f67f" testListId="8c84fa94-04c1-424b-9868-57a2d4851a1d" />
    <TestEntry testId="d24a207b-74f8-41d7-8012-27a5c29a2076" executionId="44990529-9a12-47ef-9b0d-8df6a905f291" testListId="8c84fa94-04c1-424b-9868-57a2d4851a1d" />
    <TestEntry testId="d9b06a77-9e37-41fe-bb3f-d0783b6a819b" executionId="accc477f-e1d5-43a2-b44d-4d9f6244f3c1" testListId="8c84fa94-04c1-424b-9868-57a2d4851a1d" />
    <TestEntry testId="5d4189e1-5615-4f4d-b499-f31fc359c156" executionId="ffe98d8e-b769-4c35-be3e-bce00bb81393" testListId="8c84fa94-04c1-424b-9868-57a2d4851a1d" />
    <TestEntry testId="8b65c756-7307-4357-a351-3d54f5853c7a" executionId="d8857dac-022d-4add-acee-0bb87c3f6a80" testListId="8c84fa94-04c1-424b-9868-57a2d4851a1d" />
    <TestEntry testId="36e3e948-286d-4da3-b5b8-08f14cdcf928" executionId="80edd6fc-c63e-42f7-b377-148a58508f19" testListId="8c84fa94-04c1-424b-9868-57a2d4851a1d" />
    <TestEntry testId="0cdaf2cf-02d4-4afa-b9ac-adcfab03d328" executionId="8e4278ce-0e14-4cf5-9ce1-7fb67440f387" testListId="8c84fa94-04c1-424b-9868-57a2d4851a1d" />
    <TestEntry testId="66467655-95bd-448f-9d0c-d3fd033c39c9" executionId="59ee3800-a91c-4c7c-930e-3736a182ec4f" testListId="8c84fa94-04c1-424b-9868-57a2d4851a1d" />
    <TestEntry testId="4009352b-5fb0-43be-891f-e5a583de397b" executionId="5be95956-e338-4618-a007-f5684a480574" testListId="8c84fa94-04c1-424b-9868-57a2d4851a1d" />
    <TestEntry testId="fddded50-4ee7-4fef-ab47-24e281b4c688" executionId="30e9feba-aba2-4315-80a4-981bbde64db9" testListId="8c84fa94-04c1-424b-9868-57a2d4851a1d" />
    <TestEntry testId="74a3160e-205f-400c-b8db-544371ce690f" executionId="9892b00b-702e-4bdb-a24c-30504bd44f4f" testListId="8c84fa94-04c1-424b-9868-57a2d4851a1d" />
    <TestEntry testId="90516b6a-e5b9-4a0d-b72b-5f21b180f925" executionId="606bb394-d280-43b2-b707-4537a9440ed8" testListId="8c84fa94-04c1-424b-9868-57a2d4851a1d" />
    <TestEntry testId="7299c92f-fc8a-48bd-ba7b-1df1295d64f0" executionId="c0188388-f113-4baf-a48f-7e3de8450cbc" testListId="8c84fa94-04c1-424b-9868-57a2d4851a1d" />
    <TestEntry testId="ccf99cd4-1470-4318-8bfc-fb82d2bf9912" executionId="0997275f-0230-451b-ab15-2560a169daf9" testListId="8c84fa94-04c1-424b-9868-57a2d4851a1d" />
    <TestEntry testId="a2227f01-ec87-49af-8bde-aca65ed1c5fa" executionId="22b84401-8f5d-4c2f-89f7-344a08f188aa" testListId="8c84fa94-04c1-424b-9868-57a2d4851a1d" />
    <TestEntry testId="6e477c2f-f146-45d7-ae62-896f2375738d" executionId="17a517db-2d6a-404e-b4e8-6a9e8354325e" testListId="8c84fa94-04c1-424b-9868-57a2d4851a1d" />
    <TestEntry testId="76c64d53-ad2d-4091-bebb-5412bab18144" executionId="9373fd6c-76e6-4187-8ecb-6037e1bce378" testListId="8c84fa94-04c1-424b-9868-57a2d4851a1d" />
    <TestEntry testId="50fef71f-2586-4e19-94df-2e041f2eab26" executionId="44225555-d974-4bee-9f19-81c91c5f6731" testListId="8c84fa94-04c1-424b-9868-57a2d4851a1d" />
    <TestEntry testId="3fc83493-9f03-44e9-ba71-4f4445aa50d3" executionId="61a623de-e061-492a-b5b7-f9a22a63a6c4" testListId="8c84fa94-04c1-424b-9868-57a2d4851a1d" />
    <TestEntry testId="81d8bc9c-e89d-4578-85a8-08a921edeefa" executionId="430d85aa-7692-43dc-9cbe-30a80a78d753" testListId="8c84fa94-04c1-424b-9868-57a2d4851a1d" />
    <TestEntry testId="4c82be30-658a-4dc8-93f4-67e7be74216b" executionId="79b49bbf-8961-4728-a1f1-c96304f71fa1" testListId="8c84fa94-04c1-424b-9868-57a2d4851a1d" />
    <TestEntry testId="f869f9c6-1694-413e-988f-0b0fd45f21c8" executionId="d5e876b5-7b6f-476e-a760-566b817f4fbe" testListId="8c84fa94-04c1-424b-9868-57a2d4851a1d" />
    <TestEntry testId="c46c0e5e-5538-4fcf-8193-563874e08da4" executionId="e1ee78fc-41fd-48bb-adb8-4fe1cf09588c" testListId="8c84fa94-04c1-424b-9868-57a2d4851a1d" />
    <TestEntry testId="6bcc3a79-e0f6-457f-a76f-747f46128c77" executionId="95e37400-b658-4cbf-b078-bb478134270b" testListId="8c84fa94-04c1-424b-9868-57a2d4851a1d" />
    <TestEntry testId="4af48149-b642-448e-ad6e-14f6498372c2" executionId="2de35a9b-8455-4149-aa71-c9d794f5e05f" testListId="8c84fa94-04c1-424b-9868-57a2d4851a1d" />
    <TestEntry testId="5962cfce-da00-4b90-8e01-be33a59f8492" executionId="07702df6-a1f8-41e5-bf57-3e2b3aab8729" testListId="8c84fa94-04c1-424b-9868-57a2d4851a1d" />
    <TestEntry testId="2184a6f0-5889-4b5e-946d-5a587f8d0432" executionId="c1cea6be-39f9-4a34-91ef-d07441b88fdb" testListId="8c84fa94-04c1-424b-9868-57a2d4851a1d" />
    <TestEntry testId="17965dc2-487e-4d12-ad6e-fe80e7ab5e76" executionId="075753db-b0de-4902-992e-55e16bed9da7" testListId="8c84fa94-04c1-424b-9868-57a2d4851a1d" />
    <TestEntry testId="36d5990d-0215-424d-afe4-4d7184907eca" executionId="2482c2f7-ba95-411e-aa48-2c63cab7fa36" testListId="8c84fa94-04c1-424b-9868-57a2d4851a1d" />
    <TestEntry testId="ec3a8ef2-ebf8-4181-a76a-f8052a3edd6e" executionId="ae023767-e404-49c3-96d2-f33e1e0f4e0f" testListId="8c84fa94-04c1-424b-9868-57a2d4851a1d" />
    <TestEntry testId="9d6c877a-2187-494c-aba8-6ed271c15f12" executionId="1b092516-14de-4dcc-ac4d-909f843fb911" testListId="8c84fa94-04c1-424b-9868-57a2d4851a1d" />
    <TestEntry testId="0de87360-231f-44dd-8f62-684c6e6406f5" executionId="4ed67625-1c51-4a00-9183-380e85804d22" testListId="8c84fa94-04c1-424b-9868-57a2d4851a1d" />
    <TestEntry testId="f3805c0a-f517-47d5-bf75-a264d0d8738b" executionId="d44fb108-82e2-4b26-aec1-bbb118fd64fe" testListId="8c84fa94-04c1-424b-9868-57a2d4851a1d" />
    <TestEntry testId="11120eaf-0b09-495d-8d75-5acf70d091be" executionId="482d8d39-fa3b-465a-be7a-9d38d758bdbe" testListId="8c84fa94-04c1-424b-9868-57a2d4851a1d" />
    <TestEntry testId="20660633-e937-4e44-b6c8-99c62906cffe" executionId="0e3cec42-99f8-4181-9d47-59900987ca3a" testListId="8c84fa94-04c1-424b-9868-57a2d4851a1d" />
    <TestEntry testId="1d1326a7-5633-4eb8-980a-fedb657b3175" executionId="1c7b2366-e3b6-4378-9adb-f6f337b20369" testListId="8c84fa94-04c1-424b-9868-57a2d4851a1d" />
    <TestEntry testId="7adff862-a138-4c01-aea9-110ea49ddc9b" executionId="3b097a69-1c94-40c1-baa7-983e72da88ae" testListId="8c84fa94-04c1-424b-9868-57a2d4851a1d" />
    <TestEntry testId="fc262a81-5fc3-4dd0-a4b0-3da9ecd2728f" executionId="b9336047-bbee-4a68-a13f-fea29d76cd4b" testListId="8c84fa94-04c1-424b-9868-57a2d4851a1d" />
    <TestEntry testId="6740e1cf-41bd-40bd-b9aa-f6ef8a04f9ab" executionId="4f56b43b-bb97-47e1-893d-bdca3b6ccc92" testListId="8c84fa94-04c1-424b-9868-57a2d4851a1d" />
    <TestEntry testId="0b257583-fbdb-4eef-ac50-8a41a10a00ae" executionId="5e66d436-55f5-402f-b0da-979c8dca79cc" testListId="8c84fa94-04c1-424b-9868-57a2d4851a1d" />
    <TestEntry testId="d62e720f-a808-4628-bae5-44d8d677fc3f" executionId="c269764a-7798-4ae1-a785-eac161cfe0ed" testListId="8c84fa94-04c1-424b-9868-57a2d4851a1d" />
    <TestEntry testId="7b380f9f-1968-4d8a-ba23-3410bc4353b5" executionId="d80928d1-7ed4-4462-9321-c03c53a092b2" testListId="8c84fa94-04c1-424b-9868-57a2d4851a1d" />
    <TestEntry testId="6757d356-f897-4b76-a39b-44a366967554" executionId="2ec899c9-3f3a-468b-8482-33105c9b1625" testListId="8c84fa94-04c1-424b-9868-57a2d4851a1d" />
    <TestEntry testId="caf03c49-e0ee-41aa-a0f8-e937e5af3306" executionId="09b59c11-7184-4908-ba9a-eb0769591f85" testListId="8c84fa94-04c1-424b-9868-57a2d4851a1d" />
    <TestEntry testId="0689be7f-4730-4b85-bc0d-5e1f611a1988" executionId="81358073-8bc9-40a3-90fc-9d3b6076f576" testListId="8c84fa94-04c1-424b-9868-57a2d4851a1d" />
    <TestEntry testId="84be9ee8-f2aa-41de-9b3a-2b3cf290b957" executionId="a839178f-4b68-47db-9f02-a60b14503589" testListId="8c84fa94-04c1-424b-9868-57a2d4851a1d" />
    <TestEntry testId="ef122bdb-7f04-49be-84a3-afa43e8c90da" executionId="5aa6f498-4e3b-4998-a4c5-22c95d2598cb" testListId="8c84fa94-04c1-424b-9868-57a2d4851a1d" />
    <TestEntry testId="572d0cef-4686-4f46-9c3a-131f7c01b5f7" executionId="39fe42d9-c5e7-43dd-8fe2-02ce8b392e17" testListId="8c84fa94-04c1-424b-9868-57a2d4851a1d" />
    <TestEntry testId="bd7256df-08be-4745-83a4-5b35f88fed55" executionId="a86f49d6-1ca5-4e6e-8853-1d1f37d59060" testListId="8c84fa94-04c1-424b-9868-57a2d4851a1d" />
    <TestEntry testId="93754539-e358-417d-9d93-1f7e1a5820b2" executionId="b6bc70c6-4372-4798-a290-c49478cdb837" testListId="8c84fa94-04c1-424b-9868-57a2d4851a1d" />
    <TestEntry testId="00c6e196-3650-4662-9945-32ca4b667532" executionId="9698185d-2332-4678-bcda-3f0ec9572c07" testListId="8c84fa94-04c1-424b-9868-57a2d4851a1d" />
    <TestEntry testId="c799e6c0-595c-44da-bfe5-ef1ba4de85e5" executionId="de64b963-5e00-4ed5-9ab9-5e77931bd87a" testListId="8c84fa94-04c1-424b-9868-57a2d4851a1d" />
    <TestEntry testId="41143786-52cc-4bec-8107-d62e5bbc8ff4" executionId="25bcd770-4d55-44bc-af48-582fe8d5bff3" testListId="8c84fa94-04c1-424b-9868-57a2d4851a1d" />
    <TestEntry testId="60afd251-2c39-4df1-8ab4-3a7fcc746f37" executionId="ec41486a-d9a0-45ba-b2bb-b3a0df7815e3" testListId="8c84fa94-04c1-424b-9868-57a2d4851a1d" />
    <TestEntry testId="42f22f9c-72cd-4dbd-9ad9-90b25ca45ac4" executionId="378edb25-cbde-4564-a651-79200197aa25" testListId="8c84fa94-04c1-424b-9868-57a2d4851a1d" />
    <TestEntry testId="afd0bdb2-e06e-41ec-abc5-a48324849c60" executionId="4352ba6d-81db-4aa3-947a-0ffd06721acc" testListId="8c84fa94-04c1-424b-9868-57a2d4851a1d" />
    <TestEntry testId="a1e6482e-bbd6-4555-b7ff-41045c7a83d6" executionId="ee901632-f3d6-4444-849d-78d33bac6c7e" testListId="8c84fa94-04c1-424b-9868-57a2d4851a1d" />
    <TestEntry testId="613a209a-ae14-48b4-93b9-3f88f4b9f788" executionId="70336f24-eaf6-46e3-9ac0-ce36b78a5b9d" testListId="8c84fa94-04c1-424b-9868-57a2d4851a1d" />
    <TestEntry testId="c10d5456-74b8-430a-ae02-2a5b4112f6d6" executionId="de498a89-fbc8-4397-bbdd-ce24e51046dd" testListId="8c84fa94-04c1-424b-9868-57a2d4851a1d" />
    <TestEntry testId="62d8712f-13d0-4c6d-bf95-73c926d81c97" executionId="9d35c3d7-b20e-4340-ab63-bb37991abac1" testListId="8c84fa94-04c1-424b-9868-57a2d4851a1d" />
    <TestEntry testId="d076af4d-7c9b-4369-8a14-855035f6aa01" executionId="b07fed39-9c98-4aa5-bfd1-750fb5ac2b4a" testListId="8c84fa94-04c1-424b-9868-57a2d4851a1d" />
    <TestEntry testId="78ffc975-d4ef-4c17-80bc-94feb2f6789c" executionId="4d9a2fa4-5fdd-4669-8dff-6dda67eef685" testListId="8c84fa94-04c1-424b-9868-57a2d4851a1d" />
    <TestEntry testId="4e16c65e-6a0c-41bb-83bd-ab83b2d6b011" executionId="da1559e7-93e3-41c4-8369-a434d8a8af83" testListId="8c84fa94-04c1-424b-9868-57a2d4851a1d" />
    <TestEntry testId="195751cb-4164-447f-82dc-9ddcd8f33e43" executionId="09e7820b-3bf5-4fca-b8f3-0bd5bd20dfff" testListId="8c84fa94-04c1-424b-9868-57a2d4851a1d" />
    <TestEntry testId="e5fe7e4b-d41d-4cdb-8756-9d1a7c30c2ff" executionId="9fd6eb88-d3d4-4eef-a04c-e5c4824baee7" testListId="8c84fa94-04c1-424b-9868-57a2d4851a1d" />
    <TestEntry testId="cc48d4b1-dbbe-409e-8419-211305ae9590" executionId="6ee4fe3d-cad2-47af-878d-6ffba202cc84" testListId="8c84fa94-04c1-424b-9868-57a2d4851a1d" />
    <TestEntry testId="8f438a96-11ec-4885-95b1-506a032e6831" executionId="de048e0b-3fa4-4713-9317-6aeb0928acf7" testListId="8c84fa94-04c1-424b-9868-57a2d4851a1d" />
    <TestEntry testId="804a9ab8-6c64-4423-9a83-e81ac84819c5" executionId="2e461633-d508-4538-819b-163cd951e728" testListId="8c84fa94-04c1-424b-9868-57a2d4851a1d" />
    <TestEntry testId="cfc6d21a-3960-4b34-b1cc-910fdd478518" executionId="c53cc1b7-a9af-45d0-868e-4852ae957ef9" testListId="8c84fa94-04c1-424b-9868-57a2d4851a1d" />
    <TestEntry testId="e7a02434-7d64-47e4-8a04-c69bb62ea4c2" executionId="47bc2f93-d70b-4ea6-a456-7a65dcb2e948" testListId="8c84fa94-04c1-424b-9868-57a2d4851a1d" />
    <TestEntry testId="0d7095e5-1ed6-4225-b607-5a0802d7eb5e" executionId="c798e5b5-5313-4f39-901d-becda618bfc6" testListId="8c84fa94-04c1-424b-9868-57a2d4851a1d" />
    <TestEntry testId="9350472a-51e7-4628-92db-4f25228a885d" executionId="d0a910cd-01f6-4cb8-b410-b224434afa95" testListId="8c84fa94-04c1-424b-9868-57a2d4851a1d" />
    <TestEntry testId="f125f328-6d78-4642-86c4-6b5e1ae40040" executionId="ddcbeaa4-b13b-4f49-a71c-5645d4e077b7" testListId="8c84fa94-04c1-424b-9868-57a2d4851a1d" />
    <TestEntry testId="47377d52-d067-4f6a-b06d-4b5308930e12" executionId="d6f25ee5-f828-4374-9e38-f2717ef491f9" testListId="8c84fa94-04c1-424b-9868-57a2d4851a1d" />
    <TestEntry testId="a27ba0bc-bf51-40a2-91b2-71f2d2093a50" executionId="b04ed7e9-2ded-45ed-a31d-f27eb8a7ad96" testListId="8c84fa94-04c1-424b-9868-57a2d4851a1d" />
    <TestEntry testId="f5bf62a3-ac76-4284-977a-3c53ca74f72c" executionId="78cfcdc8-06b7-4e79-b9c9-11fc1479714a" testListId="8c84fa94-04c1-424b-9868-57a2d4851a1d" />
    <TestEntry testId="740d52e5-38d5-49f9-b581-00885e71dd23" executionId="6bd762cd-6f86-487f-9ee1-40cde6614e68" testListId="8c84fa94-04c1-424b-9868-57a2d4851a1d" />
    <TestEntry testId="104f14e6-1897-4d70-b916-ca43cac460bb" executionId="3d51f38e-111b-4d2d-9a9e-5d1800ff54c0" testListId="8c84fa94-04c1-424b-9868-57a2d4851a1d" />
    <TestEntry testId="c0c0cb45-a1f1-4f84-b755-703fbfb189c3" executionId="92feb324-9fda-49f3-b750-9290a5e07068" testListId="8c84fa94-04c1-424b-9868-57a2d4851a1d" />
    <TestEntry testId="36fd0f19-d7a8-49e0-b1cc-f2e554130284" executionId="bab8343d-10b1-4da7-89ff-6fdda452f8c0" testListId="8c84fa94-04c1-424b-9868-57a2d4851a1d" />
    <TestEntry testId="cef82ab1-cc85-41fc-ac01-73019847a464" executionId="bd92aa0a-e456-4ca0-8b5b-58a54ee9fc13" testListId="8c84fa94-04c1-424b-9868-57a2d4851a1d" />
    <TestEntry testId="ba8fe9fa-9782-44ee-8786-067c7751184b" executionId="af3a184c-9289-4e57-b700-104d81e3d876" testListId="8c84fa94-04c1-424b-9868-57a2d4851a1d" />
    <TestEntry testId="4cff7ebe-d876-4ccd-9685-8b69eebf3d04" executionId="8b2201b4-ab2c-46e3-a9fe-14d79c2b4462" testListId="8c84fa94-04c1-424b-9868-57a2d4851a1d" />
    <TestEntry testId="e2f7281b-559e-44c3-aa32-4fac1379de5e" executionId="d9b77ef9-610d-491c-997b-1560fbbc5f0d" testListId="8c84fa94-04c1-424b-9868-57a2d4851a1d" />
    <TestEntry testId="d2520a5b-a460-4307-86d2-c6e05cde29a9" executionId="f675ff5b-a508-45ae-a70e-20a76d2df2e2" testListId="8c84fa94-04c1-424b-9868-57a2d4851a1d" />
    <TestEntry testId="a35e87ef-3dd9-44d8-bebd-74d33f9f83c7" executionId="74e73914-1245-47fd-8f71-e75f2ce691a3" testListId="8c84fa94-04c1-424b-9868-57a2d4851a1d" />
    <TestEntry testId="28d27e64-f8aa-493d-8dbe-9c7d28e49527" executionId="ac2814a2-6031-4000-bdb4-5d3c9d5fd36e" testListId="8c84fa94-04c1-424b-9868-57a2d4851a1d" />
    <TestEntry testId="3591230c-3e09-4168-ab6b-eca0b1337f12" executionId="eba4c6c5-ad55-402a-85aa-92e152fa4ba4" testListId="8c84fa94-04c1-424b-9868-57a2d4851a1d" />
    <TestEntry testId="70d0414f-be3f-4901-a6d4-3835ad36056d" executionId="7ce871c4-6435-4002-9e70-1337ffd75ac3" testListId="8c84fa94-04c1-424b-9868-57a2d4851a1d" />
    <TestEntry testId="f35d42e6-c65a-4b55-b84c-0822b8c20333" executionId="0b52db00-6d38-43da-8a9f-6dcb39b36f34" testListId="8c84fa94-04c1-424b-9868-57a2d4851a1d" />
    <TestEntry testId="13633c07-c5c0-425d-834d-5efb5c14d004" executionId="767dca4f-6da5-40ec-92df-fa3599da2fa2" testListId="8c84fa94-04c1-424b-9868-57a2d4851a1d" />
    <TestEntry testId="fe8e0df0-3f99-404b-9768-0c6d931c6515" executionId="f432e80a-0457-4c69-9496-b60895840918" testListId="8c84fa94-04c1-424b-9868-57a2d4851a1d" />
    <TestEntry testId="e9c96fa4-9216-46ad-88da-6f9b7b5b3144" executionId="8ca5a55b-917e-4828-a037-8b5ae583b32b" testListId="8c84fa94-04c1-424b-9868-57a2d4851a1d" />
    <TestEntry testId="93570c29-7baf-41b2-a3d8-eaa545a070bf" executionId="be4d5fc0-c9bb-4eaf-b5e6-87ea10ef629c" testListId="8c84fa94-04c1-424b-9868-57a2d4851a1d" />
    <TestEntry testId="b76a95c3-3972-4910-a02e-b28dfef5e03d" executionId="7685129d-3d71-40f2-89d0-fdc1c3c2310a" testListId="8c84fa94-04c1-424b-9868-57a2d4851a1d" />
    <TestEntry testId="43c659c0-5061-4f16-b168-70cee3aa510b" executionId="c8552c2b-26cd-40cf-8359-891f7458281e" testListId="8c84fa94-04c1-424b-9868-57a2d4851a1d" />
    <TestEntry testId="60236622-4409-4be7-a334-3e7ecafbf658" executionId="b6139125-f444-4447-98ad-4d84e9de6c58" testListId="8c84fa94-04c1-424b-9868-57a2d4851a1d" />
    <TestEntry testId="b3b7c3f8-73b1-428b-b64d-e5efed0b1a3a" executionId="f7049fe7-7e0c-4650-b23a-900afd29f2e9" testListId="8c84fa94-04c1-424b-9868-57a2d4851a1d" />
    <TestEntry testId="487193a5-0285-486f-80cf-69cabb1209fe" executionId="d312d028-6e83-40cc-92fb-7b9a1c54b6ff" testListId="8c84fa94-04c1-424b-9868-57a2d4851a1d" />
    <TestEntry testId="2aec5608-aeea-4fc2-b212-07b078bed329" executionId="5ad5489c-fe70-48ea-9ebe-84548e466534" testListId="8c84fa94-04c1-424b-9868-57a2d4851a1d" />
    <TestEntry testId="7879f90b-d4ae-491e-93fa-50d50cf0be90" executionId="9ce3715c-af1c-45dd-8a2e-4db42d582872" testListId="8c84fa94-04c1-424b-9868-57a2d4851a1d" />
    <TestEntry testId="66179323-3c06-4545-b453-91c60ec31260" executionId="67124a0e-4baa-4db7-9b32-16f75af94c22" testListId="8c84fa94-04c1-424b-9868-57a2d4851a1d" />
    <TestEntry testId="561762c3-adf8-4895-9c54-1054ac1e0c36" executionId="9e7c8487-38fe-460a-b9c8-a5aaf553629b" testListId="8c84fa94-04c1-424b-9868-57a2d4851a1d" />
    <TestEntry testId="49d75dd0-85fa-4167-8841-4c97a11b5eae" executionId="2b4df13e-2416-4552-bb8f-5b5035893341" testListId="8c84fa94-04c1-424b-9868-57a2d4851a1d" />
    <TestEntry testId="bd9ee133-d1a1-4636-ad2d-092b2039446c" executionId="46a3ed7d-2453-4def-9c4b-f62597e180f8" testListId="8c84fa94-04c1-424b-9868-57a2d4851a1d" />
    <TestEntry testId="550df4ef-a231-4cd5-807d-f331e41fcecf" executionId="25aaf987-b893-4e53-9c03-09ffb2aaecd7" testListId="8c84fa94-04c1-424b-9868-57a2d4851a1d" />
    <TestEntry testId="73e1ad1c-43f3-45e3-b091-dfa81eb73147" executionId="0be6b820-13e7-4229-8ff2-25bebc22b42d" testListId="8c84fa94-04c1-424b-9868-57a2d4851a1d" />
    <TestEntry testId="cb79ee0d-ab09-45ac-a9de-f36356d42a06" executionId="68beb066-9a5c-451d-977a-93d3d28079ff" testListId="8c84fa94-04c1-424b-9868-57a2d4851a1d" />
    <TestEntry testId="f7e16bb6-d73e-4c3a-98ce-dc877663b52c" executionId="1c9c3185-1e3f-4c0e-9b4a-38f7f823b15d" testListId="8c84fa94-04c1-424b-9868-57a2d4851a1d" />
    <TestEntry testId="3d0f6c23-4a50-4dc2-b2bb-d2aade591b6a" executionId="8b87545e-22c3-4958-a26b-d5bb5ce0667c" testListId="8c84fa94-04c1-424b-9868-57a2d4851a1d" />
    <TestEntry testId="f09bc292-5856-46a0-a319-18301539b738" executionId="b0009768-0abb-411a-9809-433d97dd3b8c" testListId="8c84fa94-04c1-424b-9868-57a2d4851a1d" />
    <TestEntry testId="b06857b6-2740-4047-a73a-f4eed0348d5f" executionId="0939f354-8de2-4ac3-9030-431a46a360ef" testListId="8c84fa94-04c1-424b-9868-57a2d4851a1d" />
    <TestEntry testId="432be20f-6312-4ec2-9c26-b3b2dc27a6c9" executionId="180e76fc-a923-4104-9256-1283d6ef9555" testListId="8c84fa94-04c1-424b-9868-57a2d4851a1d" />
    <TestEntry testId="83a35140-f0a1-4b8b-b352-1b0f9e8d0fc5" executionId="a08817a0-a42e-41ee-aa57-a72e142b6f81" testListId="8c84fa94-04c1-424b-9868-57a2d4851a1d" />
    <TestEntry testId="eef86bb3-6a9c-48a4-bc7d-7da539140c74" executionId="2aef271a-b45a-45fa-822f-c7cb51d8159c" testListId="8c84fa94-04c1-424b-9868-57a2d4851a1d" />
    <TestEntry testId="30c82176-5ce2-4dd9-b7f1-a8c17b4485fd" executionId="10349b66-c87e-4fe6-9fdf-63dd3658736a" testListId="8c84fa94-04c1-424b-9868-57a2d4851a1d" />
    <TestEntry testId="d0b8aff4-e50d-4260-9ef5-c63b019521f2" executionId="e55431a6-23af-4bf9-8e9b-1f4168cd0554" testListId="8c84fa94-04c1-424b-9868-57a2d4851a1d" />
    <TestEntry testId="81f408c9-a4ef-4d96-afbb-0e612e786378" executionId="2d8baa6b-e5d3-49de-9945-21fa4773be5e" testListId="8c84fa94-04c1-424b-9868-57a2d4851a1d" />
    <TestEntry testId="bdfc16e4-717a-4cb3-9c92-add16decc32c" executionId="0ef14a24-8760-4997-9256-d165bc013b2c" testListId="8c84fa94-04c1-424b-9868-57a2d4851a1d" />
    <TestEntry testId="fadaf4f0-4f83-47c6-8a3e-f0e02a2f2eb1" executionId="fa583a7e-47a3-42ca-a0d9-d9c4e45f8058" testListId="8c84fa94-04c1-424b-9868-57a2d4851a1d" />
    <TestEntry testId="c3d3ae7a-239a-4291-a417-745b0e57a79e" executionId="4e51b25c-a0ef-4272-8142-64ec81ccbe0f" testListId="8c84fa94-04c1-424b-9868-57a2d4851a1d" />
    <TestEntry testId="fa5786ef-2d47-43de-a6b7-2bc3185b9699" executionId="0e7aac88-dcd0-40a1-a7bf-a3d070b0ebd3" testListId="8c84fa94-04c1-424b-9868-57a2d4851a1d" />
    <TestEntry testId="4d9df004-ea32-432b-8070-0b79304403ed" executionId="0597cc2c-e0c9-4afe-94c5-03bce5daf9db" testListId="8c84fa94-04c1-424b-9868-57a2d4851a1d" />
    <TestEntry testId="c60f5a32-a436-4299-9fd4-f9c4cf383768" executionId="19ce6794-d32c-46c7-b0c0-94d475d2d22d" testListId="8c84fa94-04c1-424b-9868-57a2d4851a1d" />
    <TestEntry testId="0b18f422-0c07-4e02-ac5f-b0f6a44b35ec" executionId="a6ed9b76-f249-41a2-847a-bc70e89d93a5" testListId="8c84fa94-04c1-424b-9868-57a2d4851a1d" />
    <TestEntry testId="5cc58165-a4ee-42c8-8e7b-0b1086a6609a" executionId="cda7cf81-a233-40be-a805-1272db959203" testListId="8c84fa94-04c1-424b-9868-57a2d4851a1d" />
    <TestEntry testId="03507b49-8a6c-4611-848b-637401244328" executionId="68c8baca-4ea5-42af-af23-8f6e64a7a63f" testListId="8c84fa94-04c1-424b-9868-57a2d4851a1d" />
    <TestEntry testId="a80e0c1d-0294-4d77-9933-57522eb913cc" executionId="7eaf9daf-c663-4ea7-9df0-e7b4e861fc64" testListId="8c84fa94-04c1-424b-9868-57a2d4851a1d" />
    <TestEntry testId="aa542f0f-0a42-456c-bfb5-d4813424747f" executionId="14780a70-2628-4f7b-bb6d-09d6e923d9f4" testListId="8c84fa94-04c1-424b-9868-57a2d4851a1d" />
    <TestEntry testId="229df4fa-24fb-4371-84d1-6cf6a7440f4d" executionId="456f8546-0b4d-4d6e-8509-86a90e5809e8" testListId="8c84fa94-04c1-424b-9868-57a2d4851a1d" />
    <TestEntry testId="64fa3ac2-c21e-47e8-aa83-a5bf06c21578" executionId="bfb7c828-fe3b-4ff7-981f-18fdf8831825" testListId="8c84fa94-04c1-424b-9868-57a2d4851a1d" />
    <TestEntry testId="d69e6d63-f240-4e1e-ad31-53fe28e9926c" executionId="334e8234-9ab3-4b81-9198-12a775dfd8df" testListId="8c84fa94-04c1-424b-9868-57a2d4851a1d" />
    <TestEntry testId="0f984d03-ab0b-4fff-ad7d-3db3b8d0e159" executionId="4955d7a4-6217-43b4-9af8-392353b51db0" testListId="8c84fa94-04c1-424b-9868-57a2d4851a1d" />
    <TestEntry testId="a8505f83-400b-4b7a-b814-d076a84db4ed" executionId="0d0fbccf-b20d-47b8-9d46-974b45fe91cd" testListId="8c84fa94-04c1-424b-9868-57a2d4851a1d" />
    <TestEntry testId="abb0cade-d4b6-411a-a1fc-1fdbe541d663" executionId="32ae066e-9f4f-4d9e-b7d4-989324bf7323" testListId="8c84fa94-04c1-424b-9868-57a2d4851a1d" />
    <TestEntry testId="fbc3b1b3-9762-43f0-8514-8462b3856e51" executionId="f3f6e930-c45a-420e-86f0-b47939c836ca" testListId="8c84fa94-04c1-424b-9868-57a2d4851a1d" />
    <TestEntry testId="2f7b7f99-6b01-44d3-b3e6-ad663da27846" executionId="349ef0eb-2ba7-4733-9740-b3ac84ea64ea" testListId="8c84fa94-04c1-424b-9868-57a2d4851a1d" />
    <TestEntry testId="e3d30020-5cac-437e-8d54-3c0c815d7092" executionId="4aece0c7-d338-4061-8a60-939f55327fbe" testListId="8c84fa94-04c1-424b-9868-57a2d4851a1d" />
    <TestEntry testId="a307039a-92dc-415a-b720-ed368748d267" executionId="6a511e4a-5348-4110-a859-87202000a1fb" testListId="8c84fa94-04c1-424b-9868-57a2d4851a1d" />
    <TestEntry testId="81dbedbf-817c-4610-884a-7c3245457060" executionId="77e952b3-650c-4001-9762-aed60b01df00" testListId="8c84fa94-04c1-424b-9868-57a2d4851a1d" />
    <TestEntry testId="0ef2499a-0161-4d7c-a155-ae6f85ea6233" executionId="5d89633a-b803-4416-94bb-e6f914f08ab8" testListId="8c84fa94-04c1-424b-9868-57a2d4851a1d" />
    <TestEntry testId="4e75443d-71c5-472b-9831-bc7720778599" executionId="600a1014-27eb-4f62-9e4c-281cf3a0a38e" testListId="8c84fa94-04c1-424b-9868-57a2d4851a1d" />
    <TestEntry testId="4e20f2da-1de0-430c-8a5b-d1bdd295a9c2" executionId="c24537b2-a9bc-4342-acd2-1d9acacda4b0" testListId="8c84fa94-04c1-424b-9868-57a2d4851a1d" />
    <TestEntry testId="63b7b1c2-a9c2-4ee1-b599-c78db37e5ccd" executionId="819c53eb-7159-4ad2-97bd-961606a644a4" testListId="8c84fa94-04c1-424b-9868-57a2d4851a1d" />
    <TestEntry testId="d640ba96-4fec-4cbd-ab3a-9335f19785b5" executionId="3176f113-aac9-46f3-a24a-2b336cc9225a" testListId="8c84fa94-04c1-424b-9868-57a2d4851a1d" />
    <TestEntry testId="088045eb-f5a3-420c-8058-06524d10b7c1" executionId="71ac0a05-7cba-458a-9cfc-063f271de969" testListId="8c84fa94-04c1-424b-9868-57a2d4851a1d" />
    <TestEntry testId="b8377cfe-66fc-488e-a717-8d43770ac1f0" executionId="102c87eb-032e-43d6-b39f-59e8c3255d2d" testListId="8c84fa94-04c1-424b-9868-57a2d4851a1d" />
    <TestEntry testId="e5956ca2-3d7d-4782-a14a-7d927a4f3982" executionId="0f0c264f-78b4-44bc-aff1-a7e6ed1227a1" testListId="8c84fa94-04c1-424b-9868-57a2d4851a1d" />
    <TestEntry testId="35efda82-b44a-4aa9-9397-7a9a75ffe744" executionId="0ee89570-89d6-48e0-b6ed-a6def3d3204a" testListId="8c84fa94-04c1-424b-9868-57a2d4851a1d" />
    <TestEntry testId="c3accfce-3e30-4b50-bf46-ad8bf7b29902" executionId="c59f1046-a893-4526-ac73-76efc2a25fd7" testListId="8c84fa94-04c1-424b-9868-57a2d4851a1d" />
    <TestEntry testId="7405d04c-0d2e-4c8d-b609-7b69672b8216" executionId="d3c3836a-2bed-4a1a-bc75-8f755dfdbdf3" testListId="8c84fa94-04c1-424b-9868-57a2d4851a1d" />
    <TestEntry testId="ab4d1e03-d8f7-4a96-a99e-fdddd4876f7f" executionId="d8645fb7-c00e-4e29-8a37-ca9348a94071" testListId="8c84fa94-04c1-424b-9868-57a2d4851a1d" />
    <TestEntry testId="ae325a05-c0fa-4b97-a672-534c49f88583" executionId="73f43cf3-4760-45f4-afc7-dd68d000c048" testListId="8c84fa94-04c1-424b-9868-57a2d4851a1d" />
    <TestEntry testId="1234b465-5013-4d7d-88f9-6f3c17d3f74f" executionId="b8be0d3f-1836-4a6a-9cbe-4d31b355104b" testListId="8c84fa94-04c1-424b-9868-57a2d4851a1d" />
    <TestEntry testId="bf269c8a-ca9e-4952-a2e7-b437845e6a4a" executionId="feaa96cf-19b9-4136-ab7b-bbb7e33adf15" testListId="8c84fa94-04c1-424b-9868-57a2d4851a1d" />
    <TestEntry testId="1e59b32e-5296-41ae-9624-42b39ebc52c8" executionId="f3fd4ca8-14e3-48d7-8779-3f7e7021e590" testListId="8c84fa94-04c1-424b-9868-57a2d4851a1d" />
    <TestEntry testId="cdd6b240-5102-424f-87c7-fc8ef2d85855" executionId="0775306d-6a39-4f79-b706-a3f5d065661e" testListId="8c84fa94-04c1-424b-9868-57a2d4851a1d" />
    <TestEntry testId="32394f53-c09e-4232-b295-4d96d9eb08d1" executionId="20ef82ae-59fb-4e11-b9a3-3a36c5b79d8a" testListId="8c84fa94-04c1-424b-9868-57a2d4851a1d" />
    <TestEntry testId="a5c52c54-0c02-4a4f-bef8-6be8c97c3970" executionId="e892a7cc-ff0c-49b1-82a5-27df5956b45c" testListId="8c84fa94-04c1-424b-9868-57a2d4851a1d" />
    <TestEntry testId="000ca813-4e31-479e-a9a9-8582887c7e09" executionId="aa1134f4-02e8-44b9-8f87-857248ecd95e" testListId="8c84fa94-04c1-424b-9868-57a2d4851a1d" />
    <TestEntry testId="324d7b1b-a724-46ec-a0c7-d614c3072eac" executionId="6ada1308-6a6c-4095-8780-3b2e7a4e7883" testListId="8c84fa94-04c1-424b-9868-57a2d4851a1d" />
    <TestEntry testId="3b78b11f-091f-4ed0-9e9f-b2c2aa9246d9" executionId="b66816cc-7775-4787-9118-4da9f44a8cdf" testListId="8c84fa94-04c1-424b-9868-57a2d4851a1d" />
    <TestEntry testId="75dad2a2-091e-48a3-b73b-1dc832dfb818" executionId="30e4b2cb-bb25-4ee8-b4c4-dedca34d73ba" testListId="8c84fa94-04c1-424b-9868-57a2d4851a1d" />
    <TestEntry testId="6cbc992e-da88-45df-a21d-702ccd135ba8" executionId="3187d7b7-c15c-4df4-84ab-a166543cc0b9" testListId="8c84fa94-04c1-424b-9868-57a2d4851a1d" />
    <TestEntry testId="ae2f8570-d346-4c06-8174-bd84eeed1240" executionId="a223ea40-c46e-4511-a2b3-1ccc80c3e823" testListId="8c84fa94-04c1-424b-9868-57a2d4851a1d" />
    <TestEntry testId="381a04d0-bd73-45fa-9782-927f6da51bf7" executionId="5adf265c-5736-4897-82ad-6d987b5dc70b" testListId="8c84fa94-04c1-424b-9868-57a2d4851a1d" />
    <TestEntry testId="51201126-76e4-41e9-93b9-eda985c23209" executionId="b306420d-2e5b-455e-aa9b-17574fea499c" testListId="8c84fa94-04c1-424b-9868-57a2d4851a1d" />
    <TestEntry testId="609198be-23b0-4629-9d8f-33dec4ac7bb0" executionId="0ab81ab3-6ce7-41fc-8307-357cd37f9632" testListId="8c84fa94-04c1-424b-9868-57a2d4851a1d" />
    <TestEntry testId="b3d60164-71ab-457c-b4aa-7c8e59ee914f" executionId="8952325d-8773-487c-a22e-e8dd1a98f06a" testListId="8c84fa94-04c1-424b-9868-57a2d4851a1d" />
    <TestEntry testId="1b970060-6f47-4691-b3e5-01a0a76b7086" executionId="4b8e0e8e-cef4-4174-b1ef-19da1d6a275b" testListId="8c84fa94-04c1-424b-9868-57a2d4851a1d" />
    <TestEntry testId="f3f70453-fccf-452d-8b13-f15aa35c5c57" executionId="aabfbb28-4ce5-4e80-a48d-52bf2a53fb27" testListId="8c84fa94-04c1-424b-9868-57a2d4851a1d" />
    <TestEntry testId="70090a35-39fb-4948-8101-c5ecee164f11" executionId="8f405ab3-22eb-47a8-a8f2-a44aeaf1a9c9" testListId="8c84fa94-04c1-424b-9868-57a2d4851a1d" />
    <TestEntry testId="0f2ba437-9298-4c20-b7de-79f4cd6eda13" executionId="ad76d867-9216-460d-b85b-0064fe43a166" testListId="8c84fa94-04c1-424b-9868-57a2d4851a1d" />
    <TestEntry testId="b213dcd3-7a84-449f-991e-1f576816dd45" executionId="f723bfd1-2b24-4711-abab-5a05d0eecd96" testListId="8c84fa94-04c1-424b-9868-57a2d4851a1d" />
    <TestEntry testId="b3842833-d0f2-4319-962b-e12e445921a8" executionId="7abf1a9f-8a8e-4390-9895-d4910dca8d67" testListId="8c84fa94-04c1-424b-9868-57a2d4851a1d" />
    <TestEntry testId="c924c7ac-72f6-4e90-86fa-2b209f70cd7f" executionId="52a6ffd6-f878-4198-bb68-9b17e6ab1dc6" testListId="8c84fa94-04c1-424b-9868-57a2d4851a1d" />
    <TestEntry testId="2502ac42-0250-4ec6-8c2f-03817a4c3946" executionId="2c0fc076-cf22-463c-94c3-7a36ef6a194e" testListId="8c84fa94-04c1-424b-9868-57a2d4851a1d" />
    <TestEntry testId="afd8f863-ae06-4ffd-aba9-656b0fdd7654" executionId="af187671-72c1-4b09-98ec-e63ee5d3aed4" testListId="8c84fa94-04c1-424b-9868-57a2d4851a1d" />
    <TestEntry testId="3b03b9c1-731c-4a99-b834-a9e63689989c" executionId="6f0296d5-9576-4b16-acf2-5d7f9abf80a6" testListId="8c84fa94-04c1-424b-9868-57a2d4851a1d" />
    <TestEntry testId="8a3e72b2-38ae-49a6-b944-29548efebae2" executionId="b337ec96-bc88-4319-b060-755700e6a108" testListId="8c84fa94-04c1-424b-9868-57a2d4851a1d" />
    <TestEntry testId="f3d371e2-402b-4945-8d7f-6c2e45218bfb" executionId="68851ad0-1c8c-440d-9bfe-bf36adac1129" testListId="8c84fa94-04c1-424b-9868-57a2d4851a1d" />
    <TestEntry testId="122f942c-5501-4feb-941c-078c1d879621" executionId="514d5320-dc7d-454f-b07b-a6d4a89a80ee" testListId="8c84fa94-04c1-424b-9868-57a2d4851a1d" />
    <TestEntry testId="aacae01b-ce9e-40d1-ae37-d5da56a3f3cf" executionId="c107dd6d-e051-4db0-ba1f-2fb82e176851" testListId="8c84fa94-04c1-424b-9868-57a2d4851a1d" />
    <TestEntry testId="b4d02d80-b748-48a9-b362-0a1a9baaf189" executionId="35b913fe-0a5a-41b2-bc53-f7c996d838ae" testListId="8c84fa94-04c1-424b-9868-57a2d4851a1d" />
    <TestEntry testId="24bdf02c-f487-4b31-a666-112b42b4ee48" executionId="f7f44601-2427-4168-9e95-c09ec6e690ed" testListId="8c84fa94-04c1-424b-9868-57a2d4851a1d" />
    <TestEntry testId="f770b3b8-7c6e-447a-b2e9-e349ad58fb9e" executionId="f1f2b6a3-58b4-4340-987d-7b54c19b88e0" testListId="8c84fa94-04c1-424b-9868-57a2d4851a1d" />
    <TestEntry testId="2e943d07-4390-42bc-82ce-2f4024f8b07a" executionId="241d2ec6-36bf-42db-a3bd-e1d0e9bed1d5" testListId="8c84fa94-04c1-424b-9868-57a2d4851a1d" />
    <TestEntry testId="5324c0ce-a608-40b9-abf6-24022d952750" executionId="0fce89bf-4637-48a7-b37d-c92ccbe8f0f8" testListId="8c84fa94-04c1-424b-9868-57a2d4851a1d" />
    <TestEntry testId="cb86a826-836f-4175-9a12-5bc29fecf397" executionId="1bba07c8-8a57-478b-a3ce-b803d6c8df08" testListId="8c84fa94-04c1-424b-9868-57a2d4851a1d" />
    <TestEntry testId="73bfff70-cc20-4e2b-99c0-5e7855e64db2" executionId="5fa6b37a-0ec3-4855-be10-58b44ca2f52c" testListId="8c84fa94-04c1-424b-9868-57a2d4851a1d" />
    <TestEntry testId="234ed975-aeb1-4e65-be6e-7f6b005a2904" executionId="7270832e-23dd-444e-911d-75b3111a77ff" testListId="8c84fa94-04c1-424b-9868-57a2d4851a1d" />
    <TestEntry testId="756f376d-1afe-4f56-8e8a-704c12308aaa" executionId="f85611b1-cd25-4f8e-ac7b-e4670173507c" testListId="8c84fa94-04c1-424b-9868-57a2d4851a1d" />
    <TestEntry testId="0c2dc949-c339-41d1-9941-2c06313b4f0f" executionId="4283357d-cbd0-48dd-a325-d1a94caa8d93" testListId="8c84fa94-04c1-424b-9868-57a2d4851a1d" />
    <TestEntry testId="b1604815-113e-4f6c-ba2e-f81418fd7525" executionId="4641dfa7-6baa-418f-9823-2c68f5429ec4" testListId="8c84fa94-04c1-424b-9868-57a2d4851a1d" />
    <TestEntry testId="296d1162-aee9-47e0-a03e-3537a0d0e8bf" executionId="9ed763fa-4292-4700-848a-df0f7e3e7af5" testListId="8c84fa94-04c1-424b-9868-57a2d4851a1d" />
    <TestEntry testId="1b309f25-d1e1-40bd-a7d4-a1272094110d" executionId="0090eeb8-7e8a-42b2-a8d3-276c2c501a58" testListId="8c84fa94-04c1-424b-9868-57a2d4851a1d" />
    <TestEntry testId="3f7c2a6a-3290-446a-a820-d3546d388423" executionId="fbceefa6-7128-46c7-9efa-96cea99c8013" testListId="8c84fa94-04c1-424b-9868-57a2d4851a1d" />
    <TestEntry testId="7fffecdd-45c6-4d12-9d23-6a7f5f581f6d" executionId="e3e3016d-a79c-46d3-8240-78699b1a76b9" testListId="8c84fa94-04c1-424b-9868-57a2d4851a1d" />
    <TestEntry testId="e152fa53-156c-4864-927f-0a80cb7480bd" executionId="2cf9bc54-874e-4985-814d-358bb6e8af35" testListId="8c84fa94-04c1-424b-9868-57a2d4851a1d" />
    <TestEntry testId="6f32719b-daac-4790-a155-94256e42d839" executionId="83bfce34-4ff7-466f-b3ae-94265e3f248e" testListId="8c84fa94-04c1-424b-9868-57a2d4851a1d" />
    <TestEntry testId="165a8109-112e-4594-a637-1c09c6c147f5" executionId="ba8392a1-1c00-42e3-9f46-05c66e0500d2" testListId="8c84fa94-04c1-424b-9868-57a2d4851a1d" />
    <TestEntry testId="cd095882-2cd7-4992-900e-9066f6f5a14e" executionId="76a166c9-8ffb-45cf-bc24-ec292c2be192" testListId="8c84fa94-04c1-424b-9868-57a2d4851a1d" />
    <TestEntry testId="d89c6180-b8f1-4ec8-af7e-4877cc4a1c47" executionId="5608775c-3a92-4fb5-86ad-bd931c318c3f" testListId="8c84fa94-04c1-424b-9868-57a2d4851a1d" />
    <TestEntry testId="51fffa8f-750e-4c30-93cf-565ed84066fb" executionId="a91b2509-c020-4a0e-8864-8ea8cfbb4e3a" testListId="8c84fa94-04c1-424b-9868-57a2d4851a1d" />
    <TestEntry testId="60558e9e-26ae-4d54-bbfc-1e9cf5da863c" executionId="737ff6dc-a63b-4d4a-8b3a-16882c442a8d" testListId="8c84fa94-04c1-424b-9868-57a2d4851a1d" />
    <TestEntry testId="809297b0-1776-47a7-9051-a5a83224b90e" executionId="ae0f7cde-ee99-4bf1-a5ce-ce10bad9580c" testListId="8c84fa94-04c1-424b-9868-57a2d4851a1d" />
    <TestEntry testId="268d4fe7-58ee-403b-9570-ae96a2fe256b" executionId="6c6e0720-7fa4-46a5-bf2e-bcd1fc8c626f" testListId="8c84fa94-04c1-424b-9868-57a2d4851a1d" />
    <TestEntry testId="8f7d8f82-384b-4d5d-91a5-76bd59e71396" executionId="188c7c1a-ecd3-4894-a85d-b2466ef92432" testListId="8c84fa94-04c1-424b-9868-57a2d4851a1d" />
    <TestEntry testId="7d316c12-7b70-42c1-99ea-9953b219fbba" executionId="3d905ca0-bb3d-450c-a15e-1f36f3418f15" testListId="8c84fa94-04c1-424b-9868-57a2d4851a1d" />
    <TestEntry testId="a5cf828e-7299-49cc-8acf-f3303fff41ae" executionId="896ad944-807c-435c-81d3-4f20e4dc3536" testListId="8c84fa94-04c1-424b-9868-57a2d4851a1d" />
    <TestEntry testId="7a75f9b7-d609-4fe8-87d2-e6770e6ea9b1" executionId="b54b4149-0739-4490-be80-abe053ae2079" testListId="8c84fa94-04c1-424b-9868-57a2d4851a1d" />
    <TestEntry testId="91d64a73-446f-42ae-8c3e-93ff65777766" executionId="311f923c-169a-46bf-be5f-0a6bb920de39" testListId="8c84fa94-04c1-424b-9868-57a2d4851a1d" />
    <TestEntry testId="0341e931-80c7-4637-a99b-242bd1dd6725" executionId="de82b9c7-b4c3-4a40-8c84-2f7cb326ac85" testListId="8c84fa94-04c1-424b-9868-57a2d4851a1d" />
    <TestEntry testId="4a1c3855-e452-4363-9955-f8194515ea28" executionId="28424b53-cc32-48b5-9f5e-d62c48bbb019" testListId="8c84fa94-04c1-424b-9868-57a2d4851a1d" />
    <TestEntry testId="39504e8a-9fee-45f5-9ec2-7247cbf1a6fc" executionId="5d34f2f6-7a0f-4cb0-bdf7-5b073334d5eb" testListId="8c84fa94-04c1-424b-9868-57a2d4851a1d" />
    <TestEntry testId="989a80c2-148c-4010-a95e-d49ddfd20e96" executionId="c5263161-058d-4290-9de0-993c9d59f965" testListId="8c84fa94-04c1-424b-9868-57a2d4851a1d" />
    <TestEntry testId="4e5ce5f9-b836-4ac0-a95a-af96465cfdd6" executionId="f1942599-bf48-4385-a5ac-aba74b74b732" testListId="8c84fa94-04c1-424b-9868-57a2d4851a1d" />
    <TestEntry testId="ab450b9c-90fa-41a2-8d91-857002cba329" executionId="4169615c-38c7-4679-bee7-58c7abab3cfa" testListId="8c84fa94-04c1-424b-9868-57a2d4851a1d" />
    <TestEntry testId="cbab6fae-14fe-4139-9ff3-a75138e016dd" executionId="1ccf3ae9-75c2-4a3f-98da-b9b4bb989236" testListId="8c84fa94-04c1-424b-9868-57a2d4851a1d" />
    <TestEntry testId="6db3fa06-24bf-4fd6-9195-e6efe6ec7262" executionId="175a2a8a-618f-45d7-830d-9c52bd8f9b23" testListId="8c84fa94-04c1-424b-9868-57a2d4851a1d" />
    <TestEntry testId="667f4962-13f8-42fc-a0dd-76db9c115324" executionId="bc4a7eec-66d4-4358-a30c-a118ced9e01e" testListId="8c84fa94-04c1-424b-9868-57a2d4851a1d" />
    <TestEntry testId="eab7428b-783f-489a-931a-267e0185831f" executionId="7094840d-46a7-40ad-98aa-1428875523ab" testListId="8c84fa94-04c1-424b-9868-57a2d4851a1d" />
    <TestEntry testId="935108e0-bd17-43ad-ac2e-d3d1e901fe4c" executionId="565756bc-e36a-4095-95ea-5e1c8d12debf" testListId="8c84fa94-04c1-424b-9868-57a2d4851a1d" />
    <TestEntry testId="26971c27-f393-4c8b-98d6-065a05755995" executionId="ef2f4e28-4e77-4e8a-b346-bf3cdbd33367" testListId="8c84fa94-04c1-424b-9868-57a2d4851a1d" />
    <TestEntry testId="34380631-3e97-465f-bfb7-e785d14c40cc" executionId="4c2aabfd-3e60-45c1-b3ba-dfd42dda5584" testListId="8c84fa94-04c1-424b-9868-57a2d4851a1d" />
    <TestEntry testId="a3bf6aea-33eb-4519-adf7-402b7382f52d" executionId="28110d52-4de3-490c-82e8-02708b9968e1" testListId="8c84fa94-04c1-424b-9868-57a2d4851a1d" />
    <TestEntry testId="98387848-51a2-4f01-b1b5-35541c1b213c" executionId="543f7bad-78a4-4107-b3f8-2b7c80a36f9e" testListId="8c84fa94-04c1-424b-9868-57a2d4851a1d" />
    <TestEntry testId="dd121d4f-497e-4cc9-a130-afd5b3e386d7" executionId="c89dd3ed-318a-481c-83e6-c708d165add9" testListId="8c84fa94-04c1-424b-9868-57a2d4851a1d" />
    <TestEntry testId="526864d5-18d2-4d90-bc03-ee08b7563acf" executionId="ba016a0d-72bb-4557-905f-417274fa5784" testListId="8c84fa94-04c1-424b-9868-57a2d4851a1d" />
    <TestEntry testId="67716942-4973-492a-92c1-557331aed368" executionId="64499d5c-5106-4eb7-aa04-81940a050127" testListId="8c84fa94-04c1-424b-9868-57a2d4851a1d" />
    <TestEntry testId="5dc1bc09-1b29-4dfc-85cf-d429694fbe97" executionId="8baeba91-6bc5-4fb3-ba80-26fe0b4f50f9" testListId="8c84fa94-04c1-424b-9868-57a2d4851a1d" />
    <TestEntry testId="039ae899-9665-44a9-8e02-1bde2d01b911" executionId="e5daa9a2-ef3e-4328-a87f-fafa2a0846a2" testListId="8c84fa94-04c1-424b-9868-57a2d4851a1d" />
    <TestEntry testId="5727f63e-9100-4077-b3b4-3e397193fc8c" executionId="51338479-2376-4fa8-8701-6a9752783823" testListId="8c84fa94-04c1-424b-9868-57a2d4851a1d" />
    <TestEntry testId="e7801270-dd68-4ddb-bbdb-4bf108a2741d" executionId="a7e58d04-f832-4464-be10-ef7cb308478e" testListId="8c84fa94-04c1-424b-9868-57a2d4851a1d" />
    <TestEntry testId="a4000a5e-1231-4c32-9999-c744ab60caa0" executionId="b42cd408-c695-4b87-8f29-ce28c94001b6" testListId="8c84fa94-04c1-424b-9868-57a2d4851a1d" />
    <TestEntry testId="5a34c82d-57c8-4eb7-9a2b-7d7d46bb9126" executionId="36fa22cb-0077-49b4-89f2-d039dccfbf18" testListId="8c84fa94-04c1-424b-9868-57a2d4851a1d" />
    <TestEntry testId="564e6ad8-508b-4254-a3f5-6500ff82a0c6" executionId="8628f14a-c34a-49bd-aa46-06c7b3cc1f28" testListId="8c84fa94-04c1-424b-9868-57a2d4851a1d" />
    <TestEntry testId="30ca6be5-8172-481e-8184-119efb7f1e08" executionId="295d422a-2b76-4233-80b2-3c6b2e4a52e6" testListId="8c84fa94-04c1-424b-9868-57a2d4851a1d" />
    <TestEntry testId="c045fc2b-da5e-42af-9387-06d52965421d" executionId="3f75a395-e8ac-40fa-adf7-9ce043d52f16" testListId="8c84fa94-04c1-424b-9868-57a2d4851a1d" />
    <TestEntry testId="06f7b105-5439-464c-a7e6-39285a035a0e" executionId="661aa594-ac79-47d3-adb9-d941689cef61" testListId="8c84fa94-04c1-424b-9868-57a2d4851a1d" />
    <TestEntry testId="32800d4c-d1a2-4043-acac-49cd94a663a7" executionId="df5e931e-db58-45c5-bc4d-80118af0bfaa" testListId="8c84fa94-04c1-424b-9868-57a2d4851a1d" />
    <TestEntry testId="0912fdc6-d74f-4ea8-ac8a-6a9c88ce1c12" executionId="e2cb91c5-a1bf-46ac-b2b6-4831153bcd73" testListId="8c84fa94-04c1-424b-9868-57a2d4851a1d" />
    <TestEntry testId="fc66d0cf-1d32-48a0-a4a8-6e734b3c66a7" executionId="1c7fa290-f995-4c9d-a56f-bdd981661222" testListId="8c84fa94-04c1-424b-9868-57a2d4851a1d" />
    <TestEntry testId="1edd8433-ff99-4acb-837c-2ec297142921" executionId="8c29758d-846d-438e-82ea-a0e45b833f68" testListId="8c84fa94-04c1-424b-9868-57a2d4851a1d" />
    <TestEntry testId="04f7ae3f-5626-4f84-a9e7-1dac4030bbff" executionId="33a1d73e-cf31-4a1b-8200-d74e0fce5573" testListId="8c84fa94-04c1-424b-9868-57a2d4851a1d" />
    <TestEntry testId="6399d611-a8b9-422f-93e8-68f094b5b73a" executionId="c764ac22-d166-4293-9ce4-e64fb81606a6" testListId="8c84fa94-04c1-424b-9868-57a2d4851a1d" />
    <TestEntry testId="f034740d-2fe2-4f74-b3bc-81e12c60da95" executionId="7f6e5d4b-2ac9-460f-b2b9-db5b6e17d8b2" testListId="8c84fa94-04c1-424b-9868-57a2d4851a1d" />
    <TestEntry testId="e7ff0873-797f-4440-8a89-45dfbe568e24" executionId="378c58f6-8462-49f5-b1a5-ef0eeada6190" testListId="8c84fa94-04c1-424b-9868-57a2d4851a1d" />
    <TestEntry testId="3e60a9eb-b4a8-4d52-9361-3ff53556a61b" executionId="f9b3a66d-3ee9-4d3c-b1ba-22ed1c36a472" testListId="8c84fa94-04c1-424b-9868-57a2d4851a1d" />
    <TestEntry testId="c6536018-66b9-4d44-816d-592e34456d79" executionId="76c7dd44-8086-4589-b3ce-1f0edda53084" testListId="8c84fa94-04c1-424b-9868-57a2d4851a1d" />
    <TestEntry testId="1e24b879-e6c1-4e3b-86d5-c873c16abefc" executionId="a69c14b2-ffd9-4c69-b2d7-c8bfa96d2a69" testListId="8c84fa94-04c1-424b-9868-57a2d4851a1d" />
    <TestEntry testId="8b149115-3c29-4441-a4a6-990ff380c9a3" executionId="06c7a842-d6ff-4878-97f0-524c6ef63cdc" testListId="8c84fa94-04c1-424b-9868-57a2d4851a1d" />
    <TestEntry testId="b71bb5e8-ff42-4fe8-8509-50330d20bb08" executionId="ff539965-08de-4369-8782-315ab9ec0939" testListId="8c84fa94-04c1-424b-9868-57a2d4851a1d" />
    <TestEntry testId="bd4e196f-e0d9-4035-a672-cbc1d324ae7b" executionId="0956e123-1469-414a-b4ac-47ad05789c55" testListId="8c84fa94-04c1-424b-9868-57a2d4851a1d" />
    <TestEntry testId="658f236e-b8b9-4ff2-884c-450e31524a1f" executionId="56ac72fe-127e-4a58-9a69-a1161cd431da" testListId="8c84fa94-04c1-424b-9868-57a2d4851a1d" />
    <TestEntry testId="c6be3090-2eb8-4102-8435-da43cebc7973" executionId="c8119de2-1d51-4ba7-ac23-8292abde69c9" testListId="8c84fa94-04c1-424b-9868-57a2d4851a1d" />
    <TestEntry testId="9cfb9e64-1bbb-43e8-812f-67136f77e8fa" executionId="a771bf7e-13af-4648-9c2f-8dfe8bf0d3a0" testListId="8c84fa94-04c1-424b-9868-57a2d4851a1d" />
    <TestEntry testId="94b23814-dd52-4dc7-92db-d9d73acb667d" executionId="6f512f58-c9a4-45c4-8243-2e837b1c23cd" testListId="8c84fa94-04c1-424b-9868-57a2d4851a1d" />
    <TestEntry testId="9d7eaa03-15f4-4c4e-b376-187cf55aeac4" executionId="d69f28a7-99db-4ccc-ab96-01935fdfd817" testListId="8c84fa94-04c1-424b-9868-57a2d4851a1d" />
    <TestEntry testId="0a7cb89d-3337-481c-b56a-43cfe20f4875" executionId="5916a03f-4b6a-4cee-a2a6-42869cfd601b" testListId="8c84fa94-04c1-424b-9868-57a2d4851a1d" />
    <TestEntry testId="e0d9346a-a01b-4ad0-b742-3ecddf114cd4" executionId="97753ff8-71bf-4bb5-9d45-ab05aa413b7a" testListId="8c84fa94-04c1-424b-9868-57a2d4851a1d" />
    <TestEntry testId="12ae2383-d609-446a-87b7-6b83cea50d89" executionId="090119aa-eecc-4547-813d-c40c36a495ed" testListId="8c84fa94-04c1-424b-9868-57a2d4851a1d" />
    <TestEntry testId="743eeda5-72c5-4002-9486-61ec3f9e2274" executionId="2192666a-55dd-4708-b84e-62ae6aa2e0c1" testListId="8c84fa94-04c1-424b-9868-57a2d4851a1d" />
    <TestEntry testId="f846d3d9-962f-47e5-baba-7cc27460d6ec" executionId="8a507d84-9a4e-465f-8a90-81e9e920a8e6" testListId="8c84fa94-04c1-424b-9868-57a2d4851a1d" />
    <TestEntry testId="70b90833-18a3-473e-9bc0-fe3c83dd00e3" executionId="36fd1c18-71ac-4528-9573-cd338e183710" testListId="8c84fa94-04c1-424b-9868-57a2d4851a1d" />
    <TestEntry testId="62468cd1-9d5d-44b6-bb3e-66905e59e509" executionId="a95add9b-f856-4a09-9673-77d0835f8bdb" testListId="8c84fa94-04c1-424b-9868-57a2d4851a1d" />
    <TestEntry testId="a9b2b4fc-5c3f-4621-b68e-8857c9e2e386" executionId="8ac9a0c6-f789-4b65-a8d4-7f132e31126c" testListId="8c84fa94-04c1-424b-9868-57a2d4851a1d" />
    <TestEntry testId="b3ae2a66-c8d2-4c06-a250-b344a44e882c" executionId="5a74f5a2-881c-4641-a639-e50f453d1c0d" testListId="8c84fa94-04c1-424b-9868-57a2d4851a1d" />
    <TestEntry testId="eacc82da-872c-4aa4-bd4b-954958fde559" executionId="f16c6c6e-739c-4c74-8d9a-6a287c0f7572" testListId="8c84fa94-04c1-424b-9868-57a2d4851a1d" />
    <TestEntry testId="27f4578d-78b1-4959-a99e-39706a220291" executionId="c670846e-e7c4-4636-a9d1-35e667ed9e1d" testListId="8c84fa94-04c1-424b-9868-57a2d4851a1d" />
    <TestEntry testId="e8dbdb67-4f0c-4647-9aa0-587ceaba78ba" executionId="80d85711-de91-4a1b-98da-4d886a7c49b9" testListId="8c84fa94-04c1-424b-9868-57a2d4851a1d" />
    <TestEntry testId="53563a17-6721-4a90-bd96-0208adb4a2e2" executionId="b2f24ff3-3ff1-4a16-aa3f-3f2d0cc49e50" testListId="8c84fa94-04c1-424b-9868-57a2d4851a1d" />
    <TestEntry testId="bd91615c-99a4-479d-99a0-d2fa80b168aa" executionId="15092d43-a259-4b2a-99f2-3f020fee4824" testListId="8c84fa94-04c1-424b-9868-57a2d4851a1d" />
    <TestEntry testId="3ac3cbd9-418d-405b-a12f-2bfbcbe66995" executionId="9d8085ae-db6f-42d6-bcbd-7e7e1d98d007" testListId="8c84fa94-04c1-424b-9868-57a2d4851a1d" />
    <TestEntry testId="401608d9-8e9f-4270-9d94-3198d591dc20" executionId="1dbd00c6-3224-49f4-9365-49a341281501" testListId="8c84fa94-04c1-424b-9868-57a2d4851a1d" />
    <TestEntry testId="64420893-cadf-4030-aee0-d9c43e5270fc" executionId="d466ebed-3ab3-4001-a94c-d5ca1a3819a3" testListId="8c84fa94-04c1-424b-9868-57a2d4851a1d" />
    <TestEntry testId="c53aa102-8fd9-4b18-9924-66e2a97410ba" executionId="aa0851ff-de58-4ef7-81f6-f443ff531f68" testListId="8c84fa94-04c1-424b-9868-57a2d4851a1d" />
    <TestEntry testId="474ed373-fe95-4fd9-8cc3-1470f3399aeb" executionId="7ec07924-ad06-4b21-8ebe-5a989f88199f" testListId="8c84fa94-04c1-424b-9868-57a2d4851a1d" />
    <TestEntry testId="21dd82d2-a1b6-4536-80c5-a3cc611fa526" executionId="def037ec-ba82-4e3c-8a89-2637291775ca" testListId="8c84fa94-04c1-424b-9868-57a2d4851a1d" />
    <TestEntry testId="bc5b3163-4903-4725-a9b7-b4dcff89d8ab" executionId="3d5d440b-2e4e-4395-93ba-969155726a85" testListId="8c84fa94-04c1-424b-9868-57a2d4851a1d" />
    <TestEntry testId="83cb287d-cb1f-401e-aa05-eeaa9cca1a5c" executionId="977874fa-4f30-4acd-94db-064f14ef8f27" testListId="8c84fa94-04c1-424b-9868-57a2d4851a1d" />
    <TestEntry testId="d24ddb8d-c9ec-4745-bd82-2273ac297d9a" executionId="348265cc-e074-4695-b508-15122874306e" testListId="8c84fa94-04c1-424b-9868-57a2d4851a1d" />
    <TestEntry testId="6b6aac90-4972-4b56-9424-06105a652299" executionId="df835463-0975-4fa7-ab66-c68baccea3d8" testListId="8c84fa94-04c1-424b-9868-57a2d4851a1d" />
    <TestEntry testId="470b7be8-f7ef-47d6-9ca2-861657b5b845" executionId="cea773cc-0690-432d-9ae6-cde8b11d6ee8" testListId="8c84fa94-04c1-424b-9868-57a2d4851a1d" />
    <TestEntry testId="bd62be1e-fa54-44ba-8037-a724071dd1fb" executionId="e26116ef-5dd1-4041-8921-daed8d64a2c0" testListId="8c84fa94-04c1-424b-9868-57a2d4851a1d" />
    <TestEntry testId="268d8f7d-168a-4f50-98f1-93e0c77e5497" executionId="ff1d10c5-d7c5-477c-ab5c-c1e580f5c6cd" testListId="8c84fa94-04c1-424b-9868-57a2d4851a1d" />
    <TestEntry testId="caab71ac-90fc-4cdf-aae8-a34a17b0a63a" executionId="48b8531c-228b-4612-a170-df74f878ffea" testListId="8c84fa94-04c1-424b-9868-57a2d4851a1d" />
    <TestEntry testId="b8ad63f8-af80-48c6-a918-ae3fc41f774c" executionId="d43f8c48-8046-474d-b774-272969a6d74a" testListId="8c84fa94-04c1-424b-9868-57a2d4851a1d" />
    <TestEntry testId="22eaa68e-6e02-4d3b-b60f-1745a6dc6e98" executionId="58b5d31f-ba2e-47b7-bdd7-cb9044679f3b" testListId="8c84fa94-04c1-424b-9868-57a2d4851a1d" />
    <TestEntry testId="50d7a225-a939-42bf-aa5b-3b351954dba6" executionId="f5f9f192-0a8d-4f85-bb76-05fd961e69c9" testListId="8c84fa94-04c1-424b-9868-57a2d4851a1d" />
    <TestEntry testId="8cc68e00-6094-422b-b856-95c85975b717" executionId="cbb9c22b-adc4-4247-8977-46fb72c54299" testListId="8c84fa94-04c1-424b-9868-57a2d4851a1d" />
    <TestEntry testId="c6750fc6-6081-4a11-84e9-31f1035c26ee" executionId="1ca44342-506b-4e0f-93c1-f905392c1de2" testListId="8c84fa94-04c1-424b-9868-57a2d4851a1d" />
    <TestEntry testId="178c8b6e-5923-4521-a58e-a3fbec364c76" executionId="eb30bda7-ff2e-4073-8053-d978c03f7f01" testListId="8c84fa94-04c1-424b-9868-57a2d4851a1d" />
    <TestEntry testId="45509de9-0fc1-4121-93a5-bfd5c0bf0840" executionId="7678d8d1-249d-4bdb-9bfc-0eab397dfa15" testListId="8c84fa94-04c1-424b-9868-57a2d4851a1d" />
    <TestEntry testId="9781f43d-3a6c-4aaf-a304-9298cad2d283" executionId="f6e3785b-1d7f-4144-ba76-df78554a66bc" testListId="8c84fa94-04c1-424b-9868-57a2d4851a1d" />
    <TestEntry testId="fd399e83-5fa5-4b15-a014-30e9db1cc233" executionId="cc88f2eb-8783-4e91-9b6e-8748d281bed6" testListId="8c84fa94-04c1-424b-9868-57a2d4851a1d" />
    <TestEntry testId="e1b232a6-81d6-4a16-a93f-a3593353b42f" executionId="7a5eeed9-84c3-47a6-bb57-1fb05fa1a317" testListId="8c84fa94-04c1-424b-9868-57a2d4851a1d" />
    <TestEntry testId="0f70bcb8-8ea1-4279-b289-01860ad370c2" executionId="748ba392-694f-40d1-9bca-3625fdad5f0a" testListId="8c84fa94-04c1-424b-9868-57a2d4851a1d" />
    <TestEntry testId="7862f29e-3609-4985-835b-606fd95679e6" executionId="9f8a1a86-7427-4f19-baeb-80dc9b4810a0" testListId="8c84fa94-04c1-424b-9868-57a2d4851a1d" />
    <TestEntry testId="a0052206-0970-4971-b2fb-12a715d9ed8c" executionId="9a90389a-6fd2-4bc9-a55e-242bf7270e6e" testListId="8c84fa94-04c1-424b-9868-57a2d4851a1d" />
    <TestEntry testId="83842fa2-a2e4-4c8a-988b-a2aff6f70f5d" executionId="52f7ecad-07fd-4d3b-b833-0be128472f4f" testListId="8c84fa94-04c1-424b-9868-57a2d4851a1d" />
    <TestEntry testId="7ce0bdc1-89b1-4595-b578-5e2afab9b51c" executionId="fa8ed07d-0668-4f51-92fc-9dc646bef1f1" testListId="8c84fa94-04c1-424b-9868-57a2d4851a1d" />
    <TestEntry testId="a94ceeb5-4b0d-49bb-9e2f-c12a2c886771" executionId="97acc20c-6a79-4d83-a618-11a9c4f47176" testListId="8c84fa94-04c1-424b-9868-57a2d4851a1d" />
    <TestEntry testId="cb2e8fe5-67ed-4f35-a57c-e602ef1d06cc" executionId="3ea357e9-453c-4222-b4bf-6369ff3c8cb6" testListId="8c84fa94-04c1-424b-9868-57a2d4851a1d" />
    <TestEntry testId="33a46810-40c5-49ba-a976-327eebbc4ad7" executionId="7a261941-d4f7-45d7-a7d6-60e9b2b0b18d" testListId="8c84fa94-04c1-424b-9868-57a2d4851a1d" />
    <TestEntry testId="0fd5dcba-4b2a-4b10-ac22-7f665b36bcad" executionId="461f7efd-b513-47cf-ae71-7f5435d1d931" testListId="8c84fa94-04c1-424b-9868-57a2d4851a1d" />
    <TestEntry testId="9cf7bc5c-a5db-4b35-a0a4-a2f327e60f20" executionId="7abde1ca-2e3b-45a2-807b-9c781dec0bf3" testListId="8c84fa94-04c1-424b-9868-57a2d4851a1d" />
    <TestEntry testId="4e72c411-44f7-40aa-87a8-46250af49ad5" executionId="dd797b97-ec0c-424d-9a18-dd11c3d41534" testListId="8c84fa94-04c1-424b-9868-57a2d4851a1d" />
    <TestEntry testId="f7f2a5ca-c134-45e9-aa4f-9e63421db3b8" executionId="1eb66eb7-14be-4034-823d-273460359b4d" testListId="8c84fa94-04c1-424b-9868-57a2d4851a1d" />
    <TestEntry testId="b5953014-a415-461a-b5fa-51f3853e5442" executionId="0c12270f-0270-41d7-a293-a13bad24bc90" testListId="8c84fa94-04c1-424b-9868-57a2d4851a1d" />
    <TestEntry testId="8457ad30-c519-4618-9e30-50647d930bd6" executionId="d31e613a-1fca-4a77-948f-dfb122d229c1" testListId="8c84fa94-04c1-424b-9868-57a2d4851a1d" />
    <TestEntry testId="37ead7fb-8d5d-4d30-a8db-7a761d33ee9f" executionId="f36d75da-143f-4c0b-9555-5f80abd04f95" testListId="8c84fa94-04c1-424b-9868-57a2d4851a1d" />
    <TestEntry testId="beb6e5a2-79ee-4d4f-ac68-03b32550b5f1" executionId="3c4fbbc3-6ef3-40fe-85bc-dfeaab3d9ece" testListId="8c84fa94-04c1-424b-9868-57a2d4851a1d" />
    <TestEntry testId="cc566511-47aa-41a3-8502-65a402188d01" executionId="62c215c8-80eb-48ac-a0d6-9444ae61743c" testListId="8c84fa94-04c1-424b-9868-57a2d4851a1d" />
    <TestEntry testId="8e4a51c1-09ba-47b6-9127-5a6d681137cc" executionId="0d7b4184-730f-4746-9f7a-645935fb9173" testListId="8c84fa94-04c1-424b-9868-57a2d4851a1d" />
    <TestEntry testId="5b43103b-7a82-45d0-8d4e-1bec3c422278" executionId="47d8dc14-4884-4731-b428-9f481bfb6ed3" testListId="8c84fa94-04c1-424b-9868-57a2d4851a1d" />
    <TestEntry testId="2957c271-fa29-48c0-9ed8-2ecd62665f83" executionId="a282c20e-1851-4115-95e0-20366d3137c8" testListId="8c84fa94-04c1-424b-9868-57a2d4851a1d" />
    <TestEntry testId="7d8916b6-0462-437b-896f-7bce93631194" executionId="2018dd4f-84a0-4d86-85f5-729320afea1f" testListId="8c84fa94-04c1-424b-9868-57a2d4851a1d" />
    <TestEntry testId="e0ea6ed5-b92f-45be-9355-3cc4109f5e62" executionId="9bbff83f-6ed0-431d-b975-3f96c8f0afff" testListId="8c84fa94-04c1-424b-9868-57a2d4851a1d" />
    <TestEntry testId="45f31f92-71d1-4d0d-8d23-5766cdb0bfd7" executionId="f9394408-9549-4d76-8807-f08ecb5f5be8" testListId="8c84fa94-04c1-424b-9868-57a2d4851a1d" />
    <TestEntry testId="addd23a9-3a35-4a5d-a4c8-fd0f9ca93a5b" executionId="1a5b4a01-67dc-42bb-8a74-a8207d95e5ee" testListId="8c84fa94-04c1-424b-9868-57a2d4851a1d" />
    <TestEntry testId="39ec5ca5-3bf4-47ba-a451-0f820a63f4bc" executionId="105b7210-3e08-47e8-877d-ba39235341f8" testListId="8c84fa94-04c1-424b-9868-57a2d4851a1d" />
    <TestEntry testId="0015ef69-7065-4e04-9b5c-6a69d6706732" executionId="c81773c0-f6aa-4be2-b747-165403555184" testListId="8c84fa94-04c1-424b-9868-57a2d4851a1d" />
    <TestEntry testId="0dde8f2d-3d86-47ea-8ecc-de1512fa23ab" executionId="b2a25104-4faa-4b18-afa7-be14889e9e8e" testListId="8c84fa94-04c1-424b-9868-57a2d4851a1d" />
    <TestEntry testId="c028af0c-7532-4e15-bece-8c0d88af74f7" executionId="e8466646-cafc-4ab3-a0ee-11249fce945c" testListId="8c84fa94-04c1-424b-9868-57a2d4851a1d" />
    <TestEntry testId="487b5b95-a786-47bd-9faf-6f1b62ed1080" executionId="c4216952-a11b-4177-aa34-9357833f6719" testListId="8c84fa94-04c1-424b-9868-57a2d4851a1d" />
    <TestEntry testId="da4d8477-fd67-4e2d-bf8e-d34601926420" executionId="0be8ae02-9789-435d-9233-30864f3a76e9" testListId="8c84fa94-04c1-424b-9868-57a2d4851a1d" />
    <TestEntry testId="ba0dbdc0-ae02-4d48-a6ba-d908811c6e3d" executionId="252f1109-8fd3-44bb-a881-a25e9da6f58e" testListId="8c84fa94-04c1-424b-9868-57a2d4851a1d" />
    <TestEntry testId="5302c08b-0404-4a00-9545-fb6e9acafae0" executionId="f48f27ed-24c9-4e00-adc3-d725c42484aa" testListId="8c84fa94-04c1-424b-9868-57a2d4851a1d" />
    <TestEntry testId="b7455842-daaa-4d83-a972-b236f9d6c119" executionId="f9534c3b-70d4-4e6c-99ae-8273c00eb90d" testListId="8c84fa94-04c1-424b-9868-57a2d4851a1d" />
    <TestEntry testId="b720bf4a-1a62-4004-9dcc-f6e30ba28954" executionId="2801c396-d4f1-4438-a22e-102890646a5b" testListId="8c84fa94-04c1-424b-9868-57a2d4851a1d" />
    <TestEntry testId="be557526-1bc6-4036-8d27-e5a23fa48e54" executionId="4220deb8-ccb9-4baf-a805-77d966dd6bc9" testListId="8c84fa94-04c1-424b-9868-57a2d4851a1d" />
    <TestEntry testId="3e63026c-f1a4-41f5-8872-c618ab4ca7ef" executionId="4c865082-fb03-4168-8135-cc5a57616e5e" testListId="8c84fa94-04c1-424b-9868-57a2d4851a1d" />
    <TestEntry testId="64fb0330-5e34-4a39-a982-bc6d5bafbf5c" executionId="e5c1b69f-60e1-4366-8834-727625e51ce6" testListId="8c84fa94-04c1-424b-9868-57a2d4851a1d" />
    <TestEntry testId="b219c3e2-72b7-48a5-ade0-8e05a9a59177" executionId="b5c1a47f-0c37-470c-9854-776dd27e0b6d" testListId="8c84fa94-04c1-424b-9868-57a2d4851a1d" />
    <TestEntry testId="0850ee1d-4a93-4258-adbe-0bf846661fbe" executionId="1d322c5d-5dbe-4829-8d33-3d1d723f89ea" testListId="8c84fa94-04c1-424b-9868-57a2d4851a1d" />
    <TestEntry testId="19c23b67-003d-4cfd-b792-805e4d5c46dd" executionId="3daf19b9-2940-4c01-8d44-6835bf4c623e" testListId="8c84fa94-04c1-424b-9868-57a2d4851a1d" />
    <TestEntry testId="a3f19b15-359d-4e92-be6b-a2bbdc8f14d5" executionId="650a0034-5595-444a-b9d8-813ab7d96547" testListId="8c84fa94-04c1-424b-9868-57a2d4851a1d" />
    <TestEntry testId="09f427a2-b91b-4b18-b338-c454674debe7" executionId="dbb3d13c-626c-49fe-85ee-6d1f2c4af617" testListId="8c84fa94-04c1-424b-9868-57a2d4851a1d" />
    <TestEntry testId="83a7c149-1ddd-4673-a920-846f7691aa58" executionId="0c469792-aa0f-4225-b5f3-5f7c9032255e" testListId="8c84fa94-04c1-424b-9868-57a2d4851a1d" />
    <TestEntry testId="198502af-3910-4ef6-a48e-49222129b907" executionId="0c6ac467-6dd6-4684-bdaa-cbbaa8df0b37" testListId="8c84fa94-04c1-424b-9868-57a2d4851a1d" />
    <TestEntry testId="63d2c91e-dc09-4a28-b70b-7fb74914d45d" executionId="f07da117-d7d7-4f5f-8230-939846923f12" testListId="8c84fa94-04c1-424b-9868-57a2d4851a1d" />
    <TestEntry testId="68989b45-1abc-4031-a215-5f02946956ce" executionId="ae63a4aa-aff6-433b-a8cf-1a9540d8f8ec" testListId="8c84fa94-04c1-424b-9868-57a2d4851a1d" />
    <TestEntry testId="ab16f1d5-aff8-4a2e-aa1d-9879feafb1c7" executionId="1b2162b1-07a1-40bb-b158-d349932eccee" testListId="8c84fa94-04c1-424b-9868-57a2d4851a1d" />
    <TestEntry testId="16cb1b9d-1910-48a9-88b1-a3a81c95735f" executionId="75d92453-f276-411e-98fc-f5ce002d8492" testListId="8c84fa94-04c1-424b-9868-57a2d4851a1d" />
    <TestEntry testId="9e92fa54-700b-42ad-867b-b04998b0503c" executionId="80cd0651-fd77-4933-ac8f-9a1a9794f3dd" testListId="8c84fa94-04c1-424b-9868-57a2d4851a1d" />
    <TestEntry testId="eadc7edf-3fc1-46de-a471-4b2c5558766e" executionId="ec6f0667-c350-4d3f-b021-1e026ac3719f" testListId="8c84fa94-04c1-424b-9868-57a2d4851a1d" />
    <TestEntry testId="46371115-001e-4f8d-90c5-5856c20bb906" executionId="27e41963-1026-4439-b403-4fff83546bea" testListId="8c84fa94-04c1-424b-9868-57a2d4851a1d" />
    <TestEntry testId="181e3fe2-3389-49f4-aa5d-2c3814fc7b03" executionId="dbfc1890-c46b-4379-8db7-60c289d1be67" testListId="8c84fa94-04c1-424b-9868-57a2d4851a1d" />
    <TestEntry testId="830b6833-8d4d-4572-9ae0-b9f44e63e650" executionId="da626723-78fd-4020-b5b9-5a3292bf2279" testListId="8c84fa94-04c1-424b-9868-57a2d4851a1d" />
    <TestEntry testId="cdcb752d-73b6-4afb-a003-13d3f4f4d654" executionId="c1ae6606-86c4-48c8-9351-6db8331691e7" testListId="8c84fa94-04c1-424b-9868-57a2d4851a1d" />
    <TestEntry testId="9ee1b19c-4323-4bbe-b698-c4900195e9b0" executionId="c63051d0-7ad1-4d47-bb7c-ed7f84c4ab88" testListId="8c84fa94-04c1-424b-9868-57a2d4851a1d" />
    <TestEntry testId="6a9f0a02-da09-467d-afd0-139b468be312" executionId="c57f0ae0-dd81-42da-af18-b25101e664ef" testListId="8c84fa94-04c1-424b-9868-57a2d4851a1d" />
    <TestEntry testId="f984f934-eee7-4b27-9543-34daecb7fc71" executionId="470dd855-5c9c-4628-a44b-a55dc2e61b3b" testListId="8c84fa94-04c1-424b-9868-57a2d4851a1d" />
    <TestEntry testId="ba28cde5-56b3-4d99-82a7-6fdf06a305c9" executionId="ba56f81b-f896-41f9-a57d-b6ed1e0159cf" testListId="8c84fa94-04c1-424b-9868-57a2d4851a1d" />
    <TestEntry testId="c8477ad3-96cf-436f-9e98-1ec1534de70b" executionId="42a7b0c9-f7f3-4390-9d71-171438a8a3fa" testListId="8c84fa94-04c1-424b-9868-57a2d4851a1d" />
    <TestEntry testId="800d1d99-c9cf-4abe-80dd-6e3bb3f3ff9f" executionId="41c12bd9-eafd-4e06-9606-ef30ea4dbf59" testListId="8c84fa94-04c1-424b-9868-57a2d4851a1d" />
    <TestEntry testId="336ee2b8-48d2-49a4-8d82-305f9cfb7364" executionId="ccea0c0c-3f1a-4062-b914-f0d0107f34ca" testListId="8c84fa94-04c1-424b-9868-57a2d4851a1d" />
    <TestEntry testId="79416ce0-9fed-49a5-98ed-c9bd5d92402f" executionId="3445510c-753e-4840-a09c-77bdfd5b04b8" testListId="8c84fa94-04c1-424b-9868-57a2d4851a1d" />
    <TestEntry testId="85e82076-f803-4956-9c3b-20494be1368f" executionId="435dc33a-6c25-4356-be4e-ec49c1d4e569" testListId="8c84fa94-04c1-424b-9868-57a2d4851a1d" />
    <TestEntry testId="7654ed15-8fe6-4823-b6bd-e1e32d235b68" executionId="e357c27b-1cdf-4bed-9c46-1681533962ac" testListId="8c84fa94-04c1-424b-9868-57a2d4851a1d" />
    <TestEntry testId="d9f59e20-859b-4083-83cb-1fb42fc051df" executionId="b5d9173b-bc2e-406b-9ae2-8665638cfacf" testListId="8c84fa94-04c1-424b-9868-57a2d4851a1d" />
    <TestEntry testId="400e0679-9433-4036-8fc5-cb8ec1d3b00a" executionId="a0fb7634-1ea2-4387-af4b-20c5d1a7027c" testListId="8c84fa94-04c1-424b-9868-57a2d4851a1d" />
    <TestEntry testId="e3b21a2f-5ae0-43c3-b6e3-d2526bc25ff4" executionId="42a1482c-7c03-4e73-87a4-46b9778019d2" testListId="8c84fa94-04c1-424b-9868-57a2d4851a1d" />
    <TestEntry testId="ea0143b6-ada1-48c9-a9e3-2b1249fd50dd" executionId="af09c042-5b28-4048-9487-6100403f183a" testListId="8c84fa94-04c1-424b-9868-57a2d4851a1d" />
    <TestEntry testId="968dee76-5802-4659-96f3-d48fe3936489" executionId="237aa8b6-3f29-41ed-b4cb-9fd467e5c2ec" testListId="8c84fa94-04c1-424b-9868-57a2d4851a1d" />
    <TestEntry testId="57d82ead-bd86-4006-92d6-21ecdb9cbf35" executionId="77c02d6a-ffe2-48f9-b19e-be1133052a58" testListId="8c84fa94-04c1-424b-9868-57a2d4851a1d" />
    <TestEntry testId="c6dbba00-917a-476a-9321-d919c7691ea5" executionId="6e08376e-5868-4bdd-ab49-eb948531a818" testListId="8c84fa94-04c1-424b-9868-57a2d4851a1d" />
    <TestEntry testId="9bd4ee7f-52d8-47ef-84a6-11c1ad5c1f44" executionId="24d8c574-ec0f-446f-bc6a-f78b677b6645" testListId="8c84fa94-04c1-424b-9868-57a2d4851a1d" />
    <TestEntry testId="25613ea4-81d5-40b4-b3e5-a73d807d2a26" executionId="4c2bb929-a005-4f0d-9bb1-b46d84117bdc" testListId="8c84fa94-04c1-424b-9868-57a2d4851a1d" />
    <TestEntry testId="cc74138b-a5f9-441f-9bef-c6385672c47b" executionId="08343976-2253-49f7-a52d-94af8cb67b3b" testListId="8c84fa94-04c1-424b-9868-57a2d4851a1d" />
    <TestEntry testId="2d8d3b96-720c-4a3b-a649-796b7d1e2aab" executionId="5643737e-87e8-4180-986c-45da3bb6c21e" testListId="8c84fa94-04c1-424b-9868-57a2d4851a1d" />
    <TestEntry testId="69de3efd-32b2-4575-8cca-3182671c6b9b" executionId="219df904-202a-4fb3-a8a6-7b2fb090e9e0" testListId="8c84fa94-04c1-424b-9868-57a2d4851a1d" />
    <TestEntry testId="a870d332-3f39-4a6a-8462-b5666cdd2d7b" executionId="6cba0ed0-9e5e-4f2f-b3d2-f3220b50e1a0" testListId="8c84fa94-04c1-424b-9868-57a2d4851a1d" />
    <TestEntry testId="3e4dfd07-2fa8-43ca-ac70-e24189aa9767" executionId="4133f602-49ec-47d3-92aa-e226b2aa1cbf" testListId="8c84fa94-04c1-424b-9868-57a2d4851a1d" />
    <TestEntry testId="6d4d228f-2af3-4dd7-92b3-99ba7aec0c36" executionId="0037f456-c401-4e1b-8d64-f5213ed0d611" testListId="8c84fa94-04c1-424b-9868-57a2d4851a1d" />
    <TestEntry testId="a6a83b83-a520-4f93-b7a8-0873185a228b" executionId="42a48a25-3b89-4111-a163-7ef4f743b036" testListId="8c84fa94-04c1-424b-9868-57a2d4851a1d" />
    <TestEntry testId="0a544fb9-9614-400f-a1b6-d35883691fef" executionId="105e763e-f6f5-415f-8e92-040e08cc80b9" testListId="8c84fa94-04c1-424b-9868-57a2d4851a1d" />
    <TestEntry testId="62843728-e1e4-410d-90da-1c1d49c34dea" executionId="83804f24-ebf1-4145-b9b8-cca7b4d0e04b" testListId="8c84fa94-04c1-424b-9868-57a2d4851a1d" />
    <TestEntry testId="6b8bfa36-d2b4-405c-b489-454a4a15046f" executionId="1586d0db-82bf-4bb1-9c5b-af1af910c4b4" testListId="8c84fa94-04c1-424b-9868-57a2d4851a1d" />
    <TestEntry testId="f64f3669-991e-4b1f-a5cd-89a9d263a2dd" executionId="91f5c03a-5dd9-45eb-9e7f-7f1a07337345" testListId="8c84fa94-04c1-424b-9868-57a2d4851a1d" />
    <TestEntry testId="2c422d5e-eb79-404b-9b3b-bcedec59c876" executionId="5879efb7-2799-4625-af45-362ce3e6c0b4" testListId="8c84fa94-04c1-424b-9868-57a2d4851a1d" />
    <TestEntry testId="e2d9c524-29f0-40eb-820f-f7ac9d474a69" executionId="5f3585a7-5c2e-4df4-8879-3437a6c130e9" testListId="8c84fa94-04c1-424b-9868-57a2d4851a1d" />
    <TestEntry testId="574d620a-0e53-4662-842c-85591ebf4288" executionId="0c67967d-37cd-4b4b-a629-fe9b9cee8023" testListId="8c84fa94-04c1-424b-9868-57a2d4851a1d" />
    <TestEntry testId="003b1338-b553-44d6-b6bc-eb49c0a6fd7d" executionId="a5f13937-bc93-4351-b2ee-5a1a325f6cb9" testListId="8c84fa94-04c1-424b-9868-57a2d4851a1d" />
    <TestEntry testId="086074ea-29c1-404a-94db-2b16028a2980" executionId="ab1680d2-a0ee-4fc3-b952-426e5a9d19b4" testListId="8c84fa94-04c1-424b-9868-57a2d4851a1d" />
    <TestEntry testId="49319476-06f3-48f2-9ed0-8e657e662019" executionId="d56b4f8f-b9d2-4ae8-b951-40798390418e" testListId="8c84fa94-04c1-424b-9868-57a2d4851a1d" />
    <TestEntry testId="4ad0ed0d-386e-448c-b405-754de0571991" executionId="54d4d2b8-015f-4502-a6a8-f064f3836cc6" testListId="8c84fa94-04c1-424b-9868-57a2d4851a1d" />
    <TestEntry testId="3ef14b0a-8cc1-4a33-a02c-24cc8caec9a7" executionId="6acb0d54-84a3-43b6-84b5-fe0d770b45fb" testListId="8c84fa94-04c1-424b-9868-57a2d4851a1d" />
    <TestEntry testId="893b8086-6919-4aea-a0b4-98d2d22cd6bc" executionId="eaf9fd3f-8475-4931-bca7-13a367701579" testListId="8c84fa94-04c1-424b-9868-57a2d4851a1d" />
    <TestEntry testId="aeaf278a-5185-4fe4-b64d-2c90b5ba7545" executionId="1c11576e-8b74-4852-a305-27b9bcd2ec21" testListId="8c84fa94-04c1-424b-9868-57a2d4851a1d" />
    <TestEntry testId="b8037a79-e233-4e60-bb1b-30e8ca604b2e" executionId="604d52bd-cfe2-40b5-93cc-f7143102b40e" testListId="8c84fa94-04c1-424b-9868-57a2d4851a1d" />
    <TestEntry testId="1d78cdb2-5c4f-4faa-a5a4-d1a1eab6a6d1" executionId="716340b5-8b45-44c3-ba6a-be01c6641137" testListId="8c84fa94-04c1-424b-9868-57a2d4851a1d" />
    <TestEntry testId="f61a06e8-957a-4184-8b2a-d81aa30247af" executionId="69b23f74-c722-4c37-946b-4db93231e1dc" testListId="8c84fa94-04c1-424b-9868-57a2d4851a1d" />
    <TestEntry testId="46716ad1-8841-42af-817b-ef3573fa5ca5" executionId="05485c14-811d-4a92-80c0-ca3019339bcb" testListId="8c84fa94-04c1-424b-9868-57a2d4851a1d" />
    <TestEntry testId="2d8695c0-9f9d-4c86-b74d-a4c8d17731d4" executionId="ae5fead8-d809-476b-87f8-6148c9fb264c" testListId="8c84fa94-04c1-424b-9868-57a2d4851a1d" />
    <TestEntry testId="35bfd18d-84e4-412d-89af-73a01d2c5036" executionId="3815cdd5-9d67-4677-901a-c7cf68ab44a7" testListId="8c84fa94-04c1-424b-9868-57a2d4851a1d" />
    <TestEntry testId="b022e1ac-fa94-4e7f-b9e0-e22a41db5daa" executionId="644ec504-b11c-4fa1-8f92-f8c17c6119a5" testListId="8c84fa94-04c1-424b-9868-57a2d4851a1d" />
    <TestEntry testId="093916d7-a1ea-4056-9f72-0e83db9a9abe" executionId="db1bbbaa-44c2-46f7-be1c-70e636291151" testListId="8c84fa94-04c1-424b-9868-57a2d4851a1d" />
    <TestEntry testId="727cc039-f211-4ed3-a007-8c653bc2834c" executionId="f0a3c0c6-5b47-4ea6-b53f-2c12e5dc2b91" testListId="8c84fa94-04c1-424b-9868-57a2d4851a1d" />
    <TestEntry testId="d89ac6e8-b67d-4cb4-ada2-655ab236e300" executionId="fa6849eb-3f40-478e-b1bc-e0f0b4ea413a" testListId="8c84fa94-04c1-424b-9868-57a2d4851a1d" />
    <TestEntry testId="f468bce4-606a-45f0-80f5-aad610b74f83" executionId="9314fbe9-0f7f-4804-92b6-9fd30453faec" testListId="8c84fa94-04c1-424b-9868-57a2d4851a1d" />
    <TestEntry testId="cd7f9a18-f525-41bb-8396-bc3189c4be3f" executionId="c4ebd265-7021-4f9b-a9bf-151b28992a0d" testListId="8c84fa94-04c1-424b-9868-57a2d4851a1d" />
    <TestEntry testId="80d5d6ea-2021-4f24-9c19-bb1dab9b1897" executionId="b3641206-f01c-4f62-a576-33da80d5ee03" testListId="8c84fa94-04c1-424b-9868-57a2d4851a1d" />
    <TestEntry testId="8f7675b5-cc46-4400-aacc-50742d920aab" executionId="8c6093c2-1b03-485a-bd3b-c71afd132995" testListId="8c84fa94-04c1-424b-9868-57a2d4851a1d" />
    <TestEntry testId="ab3cc6c2-c3a0-4497-b245-bf26f2a9e496" executionId="9df531a1-7a26-4d24-8dcd-c33efc2f763e" testListId="8c84fa94-04c1-424b-9868-57a2d4851a1d" />
    <TestEntry testId="9f32db1a-96d6-4d17-b0f7-c78cf1778145" executionId="24cee01d-dbc1-4d53-8d1f-ab0c421068a3" testListId="8c84fa94-04c1-424b-9868-57a2d4851a1d" />
    <TestEntry testId="4424ff45-86de-487b-bb3b-982417afcce3" executionId="ac4c02fe-92e0-42b4-b3d9-b15f4751e4d3" testListId="8c84fa94-04c1-424b-9868-57a2d4851a1d" />
    <TestEntry testId="04d1fa9f-4ecf-43d2-8c8c-de60e58685c6" executionId="8caf5e81-8c1e-4e88-8efc-b1c0414dd058" testListId="8c84fa94-04c1-424b-9868-57a2d4851a1d" />
    <TestEntry testId="af17c7a4-7603-4f8f-9634-94223544a38f" executionId="564b4ade-1106-44ca-89ea-5b7226f0e7e5" testListId="8c84fa94-04c1-424b-9868-57a2d4851a1d" />
    <TestEntry testId="b792062c-45d2-4318-a1a9-6ef955c6f09e" executionId="01312736-263f-4b56-8318-990c1d45f0d8" testListId="8c84fa94-04c1-424b-9868-57a2d4851a1d" />
    <TestEntry testId="d2965159-364d-4bd7-95f3-a4a3011e2be7" executionId="1b30a71b-0556-4092-b56d-6cf7535a77a6" testListId="8c84fa94-04c1-424b-9868-57a2d4851a1d" />
    <TestEntry testId="27809439-1551-41f4-9549-28641fe97912" executionId="cbd27d8e-3602-4ffc-a59c-587754c600e1" testListId="8c84fa94-04c1-424b-9868-57a2d4851a1d" />
    <TestEntry testId="654312c6-d985-4720-b8cd-c42c717fdeed" executionId="58115830-d525-4c99-8f88-09e9ee97c37e" testListId="8c84fa94-04c1-424b-9868-57a2d4851a1d" />
    <TestEntry testId="ca8cf597-1a70-4ad9-a9ad-cd555d315c8d" executionId="898288c9-d07f-498f-ad20-527cccff65eb" testListId="8c84fa94-04c1-424b-9868-57a2d4851a1d" />
    <TestEntry testId="a71d86ee-b22b-46b9-af28-3a7fc6e95c60" executionId="d9c1d82d-74e5-4a22-ba21-9bf2c973b2c9" testListId="8c84fa94-04c1-424b-9868-57a2d4851a1d" />
    <TestEntry testId="a94a547a-6784-4d13-9bd8-2cd5ae94b2f4" executionId="b38692a5-7093-485e-b40d-dfbfacbbdae5" testListId="8c84fa94-04c1-424b-9868-57a2d4851a1d" />
    <TestEntry testId="909d73bf-f8b8-4829-9581-fd8ea31fbef8" executionId="af70ea9d-c460-4fb0-8028-d17a23a0fa66" testListId="8c84fa94-04c1-424b-9868-57a2d4851a1d" />
    <TestEntry testId="e844e9d4-5a57-403a-b9d3-f64dad6b647e" executionId="e08867ec-563d-4d70-8a9c-cae103af87e3" testListId="8c84fa94-04c1-424b-9868-57a2d4851a1d" />
    <TestEntry testId="dd602a40-5580-4009-b929-e30c6f01c0c3" executionId="98e26e0e-1136-4f40-b4b8-12fc3c8268b3" testListId="8c84fa94-04c1-424b-9868-57a2d4851a1d" />
    <TestEntry testId="e43956db-4c6e-4704-8340-614794414a75" executionId="e1c53413-57b4-4d0b-876f-1a41cb97ac81" testListId="8c84fa94-04c1-424b-9868-57a2d4851a1d" />
    <TestEntry testId="286edf5a-379f-4fe8-ad30-2180aae3d417" executionId="907eb33d-6191-490c-b60f-46d0c3feff6a" testListId="8c84fa94-04c1-424b-9868-57a2d4851a1d" />
    <TestEntry testId="0d075ce7-3b75-418a-b33b-49682e963e05" executionId="6dfc990d-cb00-4517-8e5b-bbda055fd626" testListId="8c84fa94-04c1-424b-9868-57a2d4851a1d" />
    <TestEntry testId="446e5a69-dc32-4365-8b5d-7f76a69bd2ac" executionId="d605b11e-24fd-4963-af43-f6a67747965d" testListId="8c84fa94-04c1-424b-9868-57a2d4851a1d" />
    <TestEntry testId="0fe2a9cb-ff3f-4048-890b-0b82c9951d57" executionId="1a767b34-5bf5-4a81-a8f0-c7bca449e838" testListId="8c84fa94-04c1-424b-9868-57a2d4851a1d" />
    <TestEntry testId="be436893-a13c-462c-b7b0-7eb37ade3381" executionId="64642136-4412-4050-912f-7e06846eedbf" testListId="8c84fa94-04c1-424b-9868-57a2d4851a1d" />
    <TestEntry testId="26576eac-6e90-4e44-b7ab-c8eeb2524195" executionId="5707b64f-855e-4d32-9b8f-c46a2c5741e9" testListId="8c84fa94-04c1-424b-9868-57a2d4851a1d" />
    <TestEntry testId="d3fff3f5-f29b-4e5b-bbbb-98e84607ca1f" executionId="7562a4f8-05a8-4ba1-8691-c89280444a92" testListId="8c84fa94-04c1-424b-9868-57a2d4851a1d" />
    <TestEntry testId="3595846d-6ee0-417c-852e-ce39df840f93" executionId="263940d4-7bad-4b5f-be50-21d93eb64717" testListId="8c84fa94-04c1-424b-9868-57a2d4851a1d" />
    <TestEntry testId="821aa26c-ea88-4006-b105-67297329000d" executionId="c1ec34bf-b85a-40e1-858d-6e2527b84f75" testListId="8c84fa94-04c1-424b-9868-57a2d4851a1d" />
    <TestEntry testId="96e1d6bf-643c-4798-8489-cb928dc68348" executionId="d7b46453-a7da-4b2f-a9db-789cd853bf80" testListId="8c84fa94-04c1-424b-9868-57a2d4851a1d" />
    <TestEntry testId="1f39074b-5747-40af-b210-f2ac5efb0d36" executionId="9a26cac4-0ca4-45cc-8b29-f9a4daebb7bb" testListId="8c84fa94-04c1-424b-9868-57a2d4851a1d" />
    <TestEntry testId="2a3780c4-c267-4a0f-b6d8-7b7e0507e696" executionId="b46ab013-3bbd-41a3-8d43-e4425650117e" testListId="8c84fa94-04c1-424b-9868-57a2d4851a1d" />
    <TestEntry testId="e57b56b3-80fe-4211-ada4-3df5de0368b5" executionId="37eb04c5-3f7c-4ce8-b927-fde349e2192c" testListId="8c84fa94-04c1-424b-9868-57a2d4851a1d" />
    <TestEntry testId="18ca978b-9b71-4aaf-8237-8ea4a0397dcc" executionId="4eee079c-d393-4020-9197-cea0be95068a" testListId="8c84fa94-04c1-424b-9868-57a2d4851a1d" />
    <TestEntry testId="21743fc6-eec6-49e1-be43-a3afb8dc6c43" executionId="68ee1d5f-a947-4100-87cf-310efdb67b2c" testListId="8c84fa94-04c1-424b-9868-57a2d4851a1d" />
    <TestEntry testId="a49e2bec-0bee-455b-827f-00b9bab1b969" executionId="d997ff56-9602-4e2f-adb6-09da4bdc78dd" testListId="8c84fa94-04c1-424b-9868-57a2d4851a1d" />
    <TestEntry testId="bc818432-7d57-4539-9f4d-e69e51abf6ac" executionId="4f037270-6a4d-4f09-bd8b-d7d235a56453" testListId="8c84fa94-04c1-424b-9868-57a2d4851a1d" />
    <TestEntry testId="850ff14e-56a0-432c-aa05-54638e8bf5c5" executionId="721db57b-21b0-4984-a205-5457ce4b2224" testListId="8c84fa94-04c1-424b-9868-57a2d4851a1d" />
    <TestEntry testId="0432961e-8f57-400c-8d75-10c5a8db03d2" executionId="2fad0704-1236-4de5-b28e-57b69b44da73" testListId="8c84fa94-04c1-424b-9868-57a2d4851a1d" />
    <TestEntry testId="d87161da-a014-481b-bb39-26ae8e778202" executionId="e6d9da3a-f0d3-4a90-bfb8-d8fa7bcb09c4" testListId="8c84fa94-04c1-424b-9868-57a2d4851a1d" />
    <TestEntry testId="97741462-69eb-4d83-9635-2ad36af9d4b2" executionId="0dd660be-ec47-486c-8636-da4f2039d186" testListId="8c84fa94-04c1-424b-9868-57a2d4851a1d" />
    <TestEntry testId="40782b17-24bf-4b99-abde-fb9412f65746" executionId="df36146f-d279-46e7-b426-99f83a8c344a" testListId="8c84fa94-04c1-424b-9868-57a2d4851a1d" />
    <TestEntry testId="366f93fe-970d-40ca-a388-ce75ba688428" executionId="df58ade9-e1ac-4ecc-a7fb-e8fa45550bd2" testListId="8c84fa94-04c1-424b-9868-57a2d4851a1d" />
    <TestEntry testId="16ac2d1f-4060-4dc1-a5e0-c95c53b0d2ae" executionId="152ad444-1a27-4637-8872-5fd2b6a26e97" testListId="8c84fa94-04c1-424b-9868-57a2d4851a1d" />
    <TestEntry testId="6bb49e57-523d-46ef-a2c9-2d7f9d218093" executionId="c2e6cac0-cff5-4ef5-9f91-54805a3ed8a1" testListId="8c84fa94-04c1-424b-9868-57a2d4851a1d" />
    <TestEntry testId="6684f3f3-b9f7-4756-9141-1b1dd1ac3127" executionId="fe891a26-729a-4f5c-96ce-50980afc9618" testListId="8c84fa94-04c1-424b-9868-57a2d4851a1d" />
    <TestEntry testId="7e754505-4b4e-4c81-bc38-9b7c8af3eda5" executionId="c3bc93ca-fa29-49c2-823b-d344c14d8721" testListId="8c84fa94-04c1-424b-9868-57a2d4851a1d" />
    <TestEntry testId="b61dbd43-6cfc-47a3-bb8f-ac1311c571bf" executionId="ab7ae016-7478-4789-8859-e1086fb115d0" testListId="8c84fa94-04c1-424b-9868-57a2d4851a1d" />
    <TestEntry testId="cc0c5681-97c8-4e5a-a65d-f27254ebeeab" executionId="7b87d8c6-0bf7-4bdf-8733-9b5c76ec6fc7" testListId="8c84fa94-04c1-424b-9868-57a2d4851a1d" />
    <TestEntry testId="62115cd3-7ee7-4edf-b969-89a60cdb9e97" executionId="34fd1968-1b9b-4e3e-a09c-a1bbb9bdd74f" testListId="8c84fa94-04c1-424b-9868-57a2d4851a1d" />
    <TestEntry testId="b9ad8f26-eb03-4455-b9f4-4ad369467667" executionId="d0a1c535-3af7-4ee5-aa69-910a0eccfde6" testListId="8c84fa94-04c1-424b-9868-57a2d4851a1d" />
    <TestEntry testId="c6499f50-670d-4934-b7a3-876c5b1453cc" executionId="52833120-b18c-4e2e-96de-dd04d8f939e5" testListId="8c84fa94-04c1-424b-9868-57a2d4851a1d" />
    <TestEntry testId="a873ce80-d6c3-4e93-af37-89d89354053d" executionId="73734a9b-c31e-4f1f-b07a-e58751c2abbb" testListId="8c84fa94-04c1-424b-9868-57a2d4851a1d" />
    <TestEntry testId="baa10396-466a-46a3-be0c-4dbdb5156611" executionId="d90f4bb4-e80b-4ce9-a745-bb4617a00dec" testListId="8c84fa94-04c1-424b-9868-57a2d4851a1d" />
    <TestEntry testId="a6bb5a53-7918-419d-919c-95cb8d058a2f" executionId="d61f02e7-1c33-4468-9660-645abc12fd07" testListId="8c84fa94-04c1-424b-9868-57a2d4851a1d" />
    <TestEntry testId="563427bd-c077-4d9d-8548-36ba073852bb" executionId="f40db930-0896-41e0-b4e8-29d6496648e5" testListId="8c84fa94-04c1-424b-9868-57a2d4851a1d" />
    <TestEntry testId="0a754ff1-6fac-43da-a68b-db7b7de00dc2" executionId="210e3f71-5aab-45a9-93b4-04a45af63105" testListId="8c84fa94-04c1-424b-9868-57a2d4851a1d" />
    <TestEntry testId="6ba35877-43ba-4fbd-9de5-ea1201813ce1" executionId="19bb1e30-2df7-40de-bb5e-57e454670969" testListId="8c84fa94-04c1-424b-9868-57a2d4851a1d" />
    <TestEntry testId="2aa7b075-48c3-4ef8-a048-f399c3196aac" executionId="e71dd6b5-3900-4aa4-b586-ceae159ce94b" testListId="8c84fa94-04c1-424b-9868-57a2d4851a1d" />
    <TestEntry testId="fbdc1e78-b8ea-4420-830d-31ae6105c0f3" executionId="4d01700d-32f0-4c3d-b1e3-c02931d47fba" testListId="8c84fa94-04c1-424b-9868-57a2d4851a1d" />
    <TestEntry testId="bf4c4101-19b8-4301-a5b7-1dd9404834a7" executionId="babb2347-45ea-4af5-8681-c24229d3c009" testListId="8c84fa94-04c1-424b-9868-57a2d4851a1d" />
    <TestEntry testId="0b1db62b-a914-4dbd-9ef9-1e0d13ad5981" executionId="3eefdf97-f166-4ad7-bf43-10b3b776b5b9" testListId="8c84fa94-04c1-424b-9868-57a2d4851a1d" />
    <TestEntry testId="d07610da-54c5-4c34-8661-83d841bdd124" executionId="07e0dbf8-9e49-4257-b64b-dc7402db192a" testListId="8c84fa94-04c1-424b-9868-57a2d4851a1d" />
    <TestEntry testId="207a8ed5-4e5d-409c-9ebd-0b6ad9f67ad5" executionId="8ed4fefe-780d-48f4-9e14-8f4ebc3e6ddb" testListId="8c84fa94-04c1-424b-9868-57a2d4851a1d" />
    <TestEntry testId="aab0e7d1-4d30-4efe-89bb-d789f7e7e0b0" executionId="521c5bd0-6af5-4be2-b0f2-a433ea14782a" testListId="8c84fa94-04c1-424b-9868-57a2d4851a1d" />
    <TestEntry testId="d49da29c-0dda-4d11-96e9-b52ef431fee9" executionId="8354b691-4a29-4d3c-b4a2-d1da243d6ebc" testListId="8c84fa94-04c1-424b-9868-57a2d4851a1d" />
    <TestEntry testId="0d4ee60e-f175-4621-a93e-6e09c3dd09ba" executionId="60f3ea4d-c04a-44c5-8fb5-b6fb8d274155" testListId="8c84fa94-04c1-424b-9868-57a2d4851a1d" />
    <TestEntry testId="d24cd7c4-91db-4376-8452-3fefb6a45fc8" executionId="69611680-5f9e-495c-8cd2-b9da5f088dd4" testListId="8c84fa94-04c1-424b-9868-57a2d4851a1d" />
    <TestEntry testId="e2013866-7ab8-40a4-8f18-93805aa0f39b" executionId="9446a59b-c13b-4981-b265-4b299a955c79" testListId="8c84fa94-04c1-424b-9868-57a2d4851a1d" />
    <TestEntry testId="2f0b83b0-fd73-41e3-905e-752111b11f05" executionId="9e0ac16f-c52d-49fa-b4ed-c915a6c29986" testListId="8c84fa94-04c1-424b-9868-57a2d4851a1d" />
    <TestEntry testId="9409198a-69b4-4dc5-bbcb-955a0d4dc13e" executionId="4104d914-4c2e-4dbb-8bf9-4da2efb849d8" testListId="8c84fa94-04c1-424b-9868-57a2d4851a1d" />
    <TestEntry testId="849bd677-3101-464a-ba99-0d16895db1fb" executionId="46cd4316-15be-47bc-a851-5c9540640031" testListId="8c84fa94-04c1-424b-9868-57a2d4851a1d" />
    <TestEntry testId="b7b5c4dc-7641-4953-a68d-759b3688da64" executionId="e5803d09-8153-4d9f-ace1-2bdb1d72db57" testListId="8c84fa94-04c1-424b-9868-57a2d4851a1d" />
    <TestEntry testId="2f191e4c-d19e-4a28-921a-115365d425c0" executionId="531cf406-b488-4adc-a769-a963fa1e4397" testListId="8c84fa94-04c1-424b-9868-57a2d4851a1d" />
    <TestEntry testId="e779fb46-bdae-4cdb-98d9-83cb395de2ad" executionId="d9a9bbe7-bb2f-454b-b712-4a4483f852e1" testListId="8c84fa94-04c1-424b-9868-57a2d4851a1d" />
    <TestEntry testId="8169416c-bf1f-43e8-b4ca-0c30ab26cfde" executionId="e0ef6557-c965-464c-bd79-e7c9f04fae3e" testListId="8c84fa94-04c1-424b-9868-57a2d4851a1d" />
    <TestEntry testId="402534a5-ee27-4939-a8ad-37ff9c72c6d5" executionId="17fedc8a-a4f6-4b28-bfad-d7aadcfe4223" testListId="8c84fa94-04c1-424b-9868-57a2d4851a1d" />
    <TestEntry testId="ab872a76-b8e7-4d2f-a8cb-137cd6acd347" executionId="73fd1c17-98f3-4acc-bdac-c74265348eed" testListId="8c84fa94-04c1-424b-9868-57a2d4851a1d" />
    <TestEntry testId="56369cba-c77f-4c73-9343-e10f3029e1ec" executionId="531e4ca7-7e07-49b5-8f22-07b85e8a18eb" testListId="8c84fa94-04c1-424b-9868-57a2d4851a1d" />
    <TestEntry testId="8e1ca908-f54c-4689-98e4-a5ba3b940407" executionId="1275abec-6e86-4278-a93b-352f6da19720" testListId="8c84fa94-04c1-424b-9868-57a2d4851a1d" />
    <TestEntry testId="cc79c181-0d41-419a-9eff-9c5b51a390b5" executionId="8d1b449d-ba16-4583-883a-0e0a95757d2c" testListId="8c84fa94-04c1-424b-9868-57a2d4851a1d" />
    <TestEntry testId="f2ff614d-2f80-498c-bfb6-5f1ef29f77ad" executionId="c23bec11-2a23-4ac1-a2a2-681ea41041f1" testListId="8c84fa94-04c1-424b-9868-57a2d4851a1d" />
    <TestEntry testId="447e6565-1f09-4ce9-9e5b-77fe57477c7f" executionId="ddd895b9-2d45-4aeb-bda6-660ddd3a4857" testListId="8c84fa94-04c1-424b-9868-57a2d4851a1d" />
    <TestEntry testId="9e8536e0-05f3-4363-b6f6-9a4292bb89f9" executionId="dd768d4f-4b78-458f-b13f-eccfb7f0e58f" testListId="8c84fa94-04c1-424b-9868-57a2d4851a1d" />
    <TestEntry testId="633195ce-dc5a-4bf6-b9db-1bf99554b1a2" executionId="d43b5a91-cd4a-4d44-b637-df797c9068e8" testListId="8c84fa94-04c1-424b-9868-57a2d4851a1d" />
    <TestEntry testId="b9d2ccdd-08f2-4e0f-8e44-96ad221c2977" executionId="a4f239e3-de12-41b0-a1b3-0225166d4a03" testListId="8c84fa94-04c1-424b-9868-57a2d4851a1d" />
    <TestEntry testId="9ffea958-ee96-4a70-b100-05be0a298cb6" executionId="c2aaea63-eee6-4009-9d29-c882cc6ca7b7" testListId="8c84fa94-04c1-424b-9868-57a2d4851a1d" />
    <TestEntry testId="096b7e4f-ffd0-4456-9538-107c9885b882" executionId="2c8091c6-1cdd-4597-ae4a-c2a57571b11f" testListId="8c84fa94-04c1-424b-9868-57a2d4851a1d" />
    <TestEntry testId="6ccce750-d969-4704-9a8d-03f0988e56dd" executionId="5e01b8ad-ca7d-406d-b2b5-b46c7d4d2982" testListId="8c84fa94-04c1-424b-9868-57a2d4851a1d" />
    <TestEntry testId="32851eb0-8e1b-4d82-a6ae-c718b5195bcc" executionId="d023daef-b124-4941-8dcd-c851ce281640" testListId="8c84fa94-04c1-424b-9868-57a2d4851a1d" />
    <TestEntry testId="8240ea8f-30bb-47be-9988-7cb037ab9522" executionId="809c8adb-0a01-4c64-a54a-e715f73fa722" testListId="8c84fa94-04c1-424b-9868-57a2d4851a1d" />
    <TestEntry testId="77e0869d-44e3-4708-8b36-04883188ccec" executionId="8d26b798-c422-4b3a-bebe-7cfc8caeb36a" testListId="8c84fa94-04c1-424b-9868-57a2d4851a1d" />
    <TestEntry testId="47def2e1-6763-42c3-b181-37710601189d" executionId="685dedb4-153e-45e3-ab27-311b56d7de91" testListId="8c84fa94-04c1-424b-9868-57a2d4851a1d" />
    <TestEntry testId="f7d54df2-65d3-429c-978b-8b53e65b6fe6" executionId="b5f7e237-d7a7-436c-b567-ed0eb71a19e3" testListId="8c84fa94-04c1-424b-9868-57a2d4851a1d" />
    <TestEntry testId="99b9dbd4-9bd3-4ee0-b9c9-ea90ae666454" executionId="e16dd343-f917-41be-8c65-1a4fc54f64eb" testListId="8c84fa94-04c1-424b-9868-57a2d4851a1d" />
    <TestEntry testId="e72f1a0d-961d-450b-9ffc-9284ceab3475" executionId="a07cada9-db06-443f-9109-d6174f08098c" testListId="8c84fa94-04c1-424b-9868-57a2d4851a1d" />
    <TestEntry testId="97a1e413-379d-4687-a9c4-c7f59cc21ee6" executionId="313043d2-e47e-4a09-a63a-420527288c6f" testListId="8c84fa94-04c1-424b-9868-57a2d4851a1d" />
    <TestEntry testId="87745c38-0e03-4f7c-ba56-ed01d17d661d" executionId="3526eb1c-3cdf-4af3-b084-8ee3b30e3545" testListId="8c84fa94-04c1-424b-9868-57a2d4851a1d" />
    <TestEntry testId="e7189492-dea5-4b20-ae82-41d08c14371a" executionId="1c261d3c-158d-4cef-b2cb-c222fb8aa341" testListId="8c84fa94-04c1-424b-9868-57a2d4851a1d" />
    <TestEntry testId="1fc447f6-fab4-4df5-be21-935380894854" executionId="aa71b242-0548-41cd-ae50-46102b4cffd1" testListId="8c84fa94-04c1-424b-9868-57a2d4851a1d" />
    <TestEntry testId="690bc9be-41d2-4032-8836-92f40921d493" executionId="33369d00-bd22-412a-8c68-ef80a76c72d6" testListId="8c84fa94-04c1-424b-9868-57a2d4851a1d" />
    <TestEntry testId="972947b7-4392-4419-9e42-1fee856d955d" executionId="bd917689-5568-4bdb-af06-95cb44ba958d" testListId="8c84fa94-04c1-424b-9868-57a2d4851a1d" />
    <TestEntry testId="b63d79c3-daeb-44a5-b250-b78e12117cf5" executionId="8792c2bb-4ea1-434c-ad3e-c5f30161b3c1" testListId="8c84fa94-04c1-424b-9868-57a2d4851a1d" />
    <TestEntry testId="84405f71-7b42-4311-9dc3-d61bdc08a154" executionId="edd08247-4c74-4ad4-9920-4165dcc4a985" testListId="8c84fa94-04c1-424b-9868-57a2d4851a1d" />
    <TestEntry testId="3c9eb67d-9291-4239-95e2-46024576a8fa" executionId="412cbaf0-ac4a-4bb0-84c2-8f19ec01e7ae" testListId="8c84fa94-04c1-424b-9868-57a2d4851a1d" />
    <TestEntry testId="579230cc-387d-4cab-8221-a38c19da9f07" executionId="ac3c97f2-fe67-4402-9b00-cf15c095ed1d" testListId="8c84fa94-04c1-424b-9868-57a2d4851a1d" />
    <TestEntry testId="8cee5992-e211-4297-b299-0fe92becb4be" executionId="f0c8fb11-37f3-4360-9d2d-3154e2c0aa70" testListId="8c84fa94-04c1-424b-9868-57a2d4851a1d" />
    <TestEntry testId="c8201a01-6e67-45ad-ad50-b7fd02967a2f" executionId="e561cfde-fdf5-436a-9b3c-36f7de5dde41" testListId="8c84fa94-04c1-424b-9868-57a2d4851a1d" />
    <TestEntry testId="d4ba3169-92cc-437f-8eb4-e934e72d95a8" executionId="a5d8d655-555c-4ed2-9cb1-01ad998ef6ac" testListId="8c84fa94-04c1-424b-9868-57a2d4851a1d" />
    <TestEntry testId="83bc56a8-c39f-46bc-a979-0515f359cd39" executionId="487bbd56-091d-4a35-9558-8b067a37125b" testListId="8c84fa94-04c1-424b-9868-57a2d4851a1d" />
    <TestEntry testId="69fabb34-5c0c-414b-98e8-193c30c0af35" executionId="e1afe919-e884-417a-93e1-751563bfb29e" testListId="8c84fa94-04c1-424b-9868-57a2d4851a1d" />
    <TestEntry testId="299b009f-4580-4265-87e6-ce5b37e1ca16" executionId="ca323be5-4cda-4bfa-98d7-3a0179aa3a72" testListId="8c84fa94-04c1-424b-9868-57a2d4851a1d" />
    <TestEntry testId="ad30d84d-7391-497e-b787-cd71d8ea9988" executionId="9e161167-f487-452c-a16e-2253b20dbf0f" testListId="8c84fa94-04c1-424b-9868-57a2d4851a1d" />
    <TestEntry testId="10db4552-f95b-46ad-bee7-f894ba2eb262" executionId="bc80095e-c27d-4002-a99c-b6ee9ed0ded7" testListId="8c84fa94-04c1-424b-9868-57a2d4851a1d" />
    <TestEntry testId="584638c3-acfd-47f5-96cb-2a2d4b7ba238" executionId="f7ba316d-96af-4257-bd71-f17817de45d9" testListId="8c84fa94-04c1-424b-9868-57a2d4851a1d" />
    <TestEntry testId="a11e4802-09b0-4781-b20b-452f1652538a" executionId="5b163fcf-4e72-43e8-b0ce-e78d58b343c4" testListId="8c84fa94-04c1-424b-9868-57a2d4851a1d" />
    <TestEntry testId="fb0fa86f-4223-4957-84c6-630108e56229" executionId="e3a76afa-99fb-4a2c-a279-46fb2d8910a7" testListId="8c84fa94-04c1-424b-9868-57a2d4851a1d" />
    <TestEntry testId="0fdb1e03-0a06-4157-a0dd-45d675429e3a" executionId="e69d1f2a-5cfb-4c9e-992d-4b1722ef9666" testListId="8c84fa94-04c1-424b-9868-57a2d4851a1d" />
    <TestEntry testId="eaff9e77-67e0-4df2-962c-eafdff987504" executionId="6be35b6d-5899-4cf8-95f5-6bbd2dc6a52e" testListId="8c84fa94-04c1-424b-9868-57a2d4851a1d" />
    <TestEntry testId="8ca18aac-2e3e-460e-9f4e-75ada4ac2915" executionId="8abeba09-9b8e-4ae1-a55d-9e46e43cbd3e" testListId="8c84fa94-04c1-424b-9868-57a2d4851a1d" />
    <TestEntry testId="b89d5407-6bd3-4854-b970-c9b6780c8c96" executionId="9364df4f-30f1-46ff-8a52-51e067191f34" testListId="8c84fa94-04c1-424b-9868-57a2d4851a1d" />
    <TestEntry testId="2e1db862-6776-4f40-9f78-6da62e6dc256" executionId="43031146-10d3-4c7d-b015-0c8e724dd173" testListId="8c84fa94-04c1-424b-9868-57a2d4851a1d" />
    <TestEntry testId="1b5abe87-c605-4d78-bdc0-934ad220e647" executionId="f9fadd13-48ca-4ed4-97eb-396da6404f2a" testListId="8c84fa94-04c1-424b-9868-57a2d4851a1d" />
    <TestEntry testId="144820d9-8ace-4939-92df-5252a5ac6830" executionId="0c4ce03f-cce3-481d-9ba4-5e4a409acbe1" testListId="8c84fa94-04c1-424b-9868-57a2d4851a1d" />
    <TestEntry testId="82d06cd9-e590-459a-a5f8-910d21062234" executionId="627cb3ea-5dd1-4c75-8dae-e80719ace04a" testListId="8c84fa94-04c1-424b-9868-57a2d4851a1d" />
    <TestEntry testId="4c1c3e29-b14e-4dab-a8d6-de06593a4c19" executionId="ff243dc6-d8c0-48e1-85e3-1e10353d77d9" testListId="8c84fa94-04c1-424b-9868-57a2d4851a1d" />
    <TestEntry testId="15a1c4d0-26f7-4b08-a051-0dbafa91ea2c" executionId="f59e2e65-df57-4901-b5f3-9d3277eab737" testListId="8c84fa94-04c1-424b-9868-57a2d4851a1d" />
    <TestEntry testId="a306464c-efd7-47c2-b28e-34fde4325374" executionId="5105bf75-1d3d-4e4b-87cc-82b0d1a17b11" testListId="8c84fa94-04c1-424b-9868-57a2d4851a1d" />
    <TestEntry testId="b1ac7595-5011-4334-805d-70d7a442ecd4" executionId="f6b4fb74-887c-48c2-8e1b-c45cbae12e5c" testListId="8c84fa94-04c1-424b-9868-57a2d4851a1d" />
    <TestEntry testId="f2b77b1f-a5d9-4361-b0ec-4a46b6fee7d4" executionId="53f13e98-75b6-48c0-be16-af75668d3c19" testListId="8c84fa94-04c1-424b-9868-57a2d4851a1d" />
    <TestEntry testId="7d6b6abb-d94c-4379-b6e6-b56041890820" executionId="42d8d900-ea8e-444a-9111-12523fc2c76a" testListId="8c84fa94-04c1-424b-9868-57a2d4851a1d" />
    <TestEntry testId="f3188d4c-c43d-4a29-b5c4-a30ba3f4d7b2" executionId="f9a5a19c-a1b5-4190-aea0-acfc792b26d8" testListId="8c84fa94-04c1-424b-9868-57a2d4851a1d" />
    <TestEntry testId="074ec40b-8a3e-42a6-a24b-7021eefba61b" executionId="1040c4ed-3046-4dbc-acc3-48adba91bec1" testListId="8c84fa94-04c1-424b-9868-57a2d4851a1d" />
    <TestEntry testId="524ec95b-9fea-4e9e-b3f6-26f04fefdccd" executionId="83f730dc-b26d-4ac2-9c74-85ff3d3731f7" testListId="8c84fa94-04c1-424b-9868-57a2d4851a1d" />
    <TestEntry testId="6b8658c8-4353-4ba5-8260-441718f62291" executionId="2d09bc32-da24-429a-a540-49803dc1fe5f" testListId="8c84fa94-04c1-424b-9868-57a2d4851a1d" />
    <TestEntry testId="1a96e058-1c4c-4c38-9f9a-4c156cbf5ab7" executionId="57bad396-15b4-40d5-b159-5c7e980535c3" testListId="8c84fa94-04c1-424b-9868-57a2d4851a1d" />
    <TestEntry testId="43ee620f-190e-444e-ba45-9a92f8caa611" executionId="484edb68-e548-4d67-898f-e90e35df4e5d" testListId="8c84fa94-04c1-424b-9868-57a2d4851a1d" />
    <TestEntry testId="08664520-91d3-48d4-836c-f42a3f390bbc" executionId="199ee2dc-24f2-4fe5-90e1-cb3ea33bcf78" testListId="8c84fa94-04c1-424b-9868-57a2d4851a1d" />
    <TestEntry testId="80aed585-df07-46e7-b933-670edbb438de" executionId="c27ca692-760a-49ef-ba6f-3e42354687c8" testListId="8c84fa94-04c1-424b-9868-57a2d4851a1d" />
    <TestEntry testId="3b7ed6c5-8b8e-4d75-840f-6af68f59a469" executionId="6fb4eedc-0d7f-4c25-8563-7d617164ad21" testListId="8c84fa94-04c1-424b-9868-57a2d4851a1d" />
    <TestEntry testId="d24cc565-06aa-4301-b53c-e6b431aff0b9" executionId="0666764a-a385-41c0-aa9f-cccf97d090b7" testListId="8c84fa94-04c1-424b-9868-57a2d4851a1d" />
    <TestEntry testId="d4f25efa-b4aa-4ab0-b28a-9553f0aa39c8" executionId="836e4b7d-f27d-49af-8055-ad5f1e3fd0e2" testListId="8c84fa94-04c1-424b-9868-57a2d4851a1d" />
    <TestEntry testId="1c44df78-b7f1-4c52-9870-43e03d94ed5a" executionId="a6b87e38-0f90-42b5-bbd5-a967e9d8f1d7" testListId="8c84fa94-04c1-424b-9868-57a2d4851a1d" />
    <TestEntry testId="39b929de-9899-48b1-8594-e2990d69d107" executionId="a1c11758-f186-429f-96ec-26a1c27f1061" testListId="8c84fa94-04c1-424b-9868-57a2d4851a1d" />
    <TestEntry testId="d2e60b81-c368-4b68-b72a-51393f34bc7a" executionId="6156c566-d53f-40a4-bd61-484c2a7ec619" testListId="8c84fa94-04c1-424b-9868-57a2d4851a1d" />
    <TestEntry testId="e0490506-3602-40ae-92a2-f8f6d85026b3" executionId="9bb53e49-f143-4530-b852-90a356653006" testListId="8c84fa94-04c1-424b-9868-57a2d4851a1d" />
    <TestEntry testId="ffb17838-c93b-476f-adb0-df66b36b3fe8" executionId="c024837f-9734-4d39-ba42-dbb414c1ce2e" testListId="8c84fa94-04c1-424b-9868-57a2d4851a1d" />
    <TestEntry testId="b2113998-e7cd-4af7-aca2-63dcbd7806fc" executionId="b06bd9b9-5b8e-4fb5-89e1-5570d307dcac" testListId="8c84fa94-04c1-424b-9868-57a2d4851a1d" />
    <TestEntry testId="af105ee8-c0b0-483f-aa05-c5a44a4d4a04" executionId="b9520229-8501-4684-89a1-c19ec21ed76d" testListId="8c84fa94-04c1-424b-9868-57a2d4851a1d" />
    <TestEntry testId="17ada135-9df3-4f0d-90d6-bfc85306c120" executionId="940724d6-1bcc-4dcb-9502-b1c44ef7fa5f" testListId="8c84fa94-04c1-424b-9868-57a2d4851a1d" />
    <TestEntry testId="8e1b32ee-1124-4614-be7f-7f55c6b8a2b7" executionId="0e3543b5-5206-4add-9d5d-c62b23b3f98a" testListId="8c84fa94-04c1-424b-9868-57a2d4851a1d" />
    <TestEntry testId="afb64020-f520-4091-b41f-18dc023a679b" executionId="3d886f1f-c2c4-4dfd-99c0-e8c5ee4dcf9c" testListId="8c84fa94-04c1-424b-9868-57a2d4851a1d" />
    <TestEntry testId="f4bc40d1-4ec6-432b-881a-8cfc82a2ceac" executionId="0ea0152f-283f-47f2-9d0b-d3f176f158c1" testListId="8c84fa94-04c1-424b-9868-57a2d4851a1d" />
    <TestEntry testId="3eaccd50-122b-433a-984a-9a4d8d30fc34" executionId="6f3b359a-5008-498c-96aa-a09af4248489" testListId="8c84fa94-04c1-424b-9868-57a2d4851a1d" />
    <TestEntry testId="f9621c16-78ca-42ea-b92f-6f7c23905225" executionId="c164326b-2a28-43a9-b16e-aabd7aedce27" testListId="8c84fa94-04c1-424b-9868-57a2d4851a1d" />
    <TestEntry testId="be413dcd-21cf-4a22-8dfc-e0a69e9b7026" executionId="c52c6efc-4c59-491f-863e-d73f40c588e4" testListId="8c84fa94-04c1-424b-9868-57a2d4851a1d" />
    <TestEntry testId="e441ed18-712d-4160-9911-3e50060920cb" executionId="3c71c17c-18ea-4963-8df9-e91e56e58dc0" testListId="8c84fa94-04c1-424b-9868-57a2d4851a1d" />
    <TestEntry testId="af065315-4115-4327-b09a-7ed130168beb" executionId="92b99427-475d-4985-b161-e43bb46d6a59" testListId="8c84fa94-04c1-424b-9868-57a2d4851a1d" />
    <TestEntry testId="a7dbe0ff-2bb4-4e70-8824-3ead30b960ed" executionId="db25a20f-3bc9-4243-bcb5-651883238cbb" testListId="8c84fa94-04c1-424b-9868-57a2d4851a1d" />
    <TestEntry testId="53e3718f-643d-43b2-943b-9035264a02af" executionId="2584876e-e5a1-4712-ac3f-b6cfb1bec36c" testListId="8c84fa94-04c1-424b-9868-57a2d4851a1d" />
    <TestEntry testId="04951db1-29bf-41af-bfd8-78327df60732" executionId="cc22de71-ac85-44c6-bdc9-b073e8eb8267" testListId="8c84fa94-04c1-424b-9868-57a2d4851a1d" />
    <TestEntry testId="1ea6faa1-5ef4-4139-b3f2-3d5210c693fe" executionId="95cc758a-9cbc-458d-bff5-a902d79c4def" testListId="8c84fa94-04c1-424b-9868-57a2d4851a1d" />
    <TestEntry testId="763952f9-90c5-4648-b765-368bcaf5a14f" executionId="36c4a201-43d7-48e6-a78d-d129b6404dbe" testListId="8c84fa94-04c1-424b-9868-57a2d4851a1d" />
    <TestEntry testId="fc3cb66d-cf42-404a-bbaf-1d106bfdd635" executionId="74a9b4a9-fb36-4cd2-9cb6-79a06169482a" testListId="8c84fa94-04c1-424b-9868-57a2d4851a1d" />
    <TestEntry testId="9f13d21d-f00f-4abc-b7c7-ff550298dd0b" executionId="20fb8356-e461-4816-ad36-70123a3e67fc" testListId="8c84fa94-04c1-424b-9868-57a2d4851a1d" />
    <TestEntry testId="8ee436b5-1674-4742-9bb4-cfa3fe0defdd" executionId="a019fde9-238c-4716-8e4a-a483ffc33926" testListId="8c84fa94-04c1-424b-9868-57a2d4851a1d" />
    <TestEntry testId="b4c343b7-bb92-4995-9a38-d3cb83a29318" executionId="197ac661-4aac-4575-babc-e068545699ef" testListId="8c84fa94-04c1-424b-9868-57a2d4851a1d" />
    <TestEntry testId="d18fd9c8-bf84-4f16-8655-19118ba085a2" executionId="3cd712e6-f7b9-4a2b-b55c-5425cf2d4065" testListId="8c84fa94-04c1-424b-9868-57a2d4851a1d" />
    <TestEntry testId="d411ba77-c866-4e92-a099-48e9a0eb0ae2" executionId="fa658fef-7196-4a6e-9343-46b4180572b1" testListId="8c84fa94-04c1-424b-9868-57a2d4851a1d" />
    <TestEntry testId="f6390023-adf5-4834-aa41-808cb6fab5ba" executionId="52ce5b7f-ab77-4fd6-93b0-4bac1a58d563" testListId="8c84fa94-04c1-424b-9868-57a2d4851a1d" />
    <TestEntry testId="c96158af-4707-43a1-bd56-33474d853446" executionId="0d9b1215-fb5a-403d-81d1-4cefc23daedf" testListId="8c84fa94-04c1-424b-9868-57a2d4851a1d" />
    <TestEntry testId="4da2a7d6-764b-4e46-b982-0345fb25ab83" executionId="676a6c75-b4b3-4abb-bf24-3b5074b189e5" testListId="8c84fa94-04c1-424b-9868-57a2d4851a1d" />
    <TestEntry testId="0b2bf83d-975d-4438-bc59-1a01e8e6941b" executionId="4d65df5c-735f-4e96-84bb-d1b75fd11cfd" testListId="8c84fa94-04c1-424b-9868-57a2d4851a1d" />
    <TestEntry testId="cca35bc5-b0fb-423c-84a6-d4ac720c3dd3" executionId="4ebeaf4c-895d-4a81-8c08-9520d7f6d2cc" testListId="8c84fa94-04c1-424b-9868-57a2d4851a1d" />
    <TestEntry testId="73ffcba8-263b-407c-9269-8d4e309dd701" executionId="7f2e913d-93e8-4441-a164-a4788df3f139" testListId="8c84fa94-04c1-424b-9868-57a2d4851a1d" />
    <TestEntry testId="96c14238-13e0-44e9-b1ac-081199ff51ac" executionId="57e80937-1527-40fa-b2d9-1c0954737d4e" testListId="8c84fa94-04c1-424b-9868-57a2d4851a1d" />
    <TestEntry testId="6425feae-50f9-4c64-bb04-cf0983ef02a2" executionId="d355783a-820f-46df-9949-0321635fbe26" testListId="8c84fa94-04c1-424b-9868-57a2d4851a1d" />
    <TestEntry testId="c8732bd4-9cb3-41e6-ae72-7243d46266ab" executionId="279fefc7-f56d-417d-9b09-7822d86a9135" testListId="8c84fa94-04c1-424b-9868-57a2d4851a1d" />
    <TestEntry testId="b0a06868-3cf6-4df5-8ed5-38fd7aed54a5" executionId="b74fff5f-e77a-440b-a0a8-91295fa7facc" testListId="8c84fa94-04c1-424b-9868-57a2d4851a1d" />
    <TestEntry testId="672bc320-1f87-4df2-a133-dd6a065d32d1" executionId="9bdfdb03-b43e-4ccd-8a3d-f0c926e6b115" testListId="8c84fa94-04c1-424b-9868-57a2d4851a1d" />
    <TestEntry testId="cb459307-6f1c-43e6-b22a-706e8fe08283" executionId="ea2da77a-ba3d-4ed3-a6d1-9543414ed6d7" testListId="8c84fa94-04c1-424b-9868-57a2d4851a1d" />
    <TestEntry testId="9a0574b2-7089-483c-a1a7-f4b518618ab3" executionId="51a6c653-81d1-46e3-8996-5834df4bf42c" testListId="8c84fa94-04c1-424b-9868-57a2d4851a1d" />
    <TestEntry testId="40167eac-3386-4cc2-b1c7-4a0681847db7" executionId="19691093-5b35-4e98-aca6-60589ef4143c" testListId="8c84fa94-04c1-424b-9868-57a2d4851a1d" />
    <TestEntry testId="f1ba84f8-2b1b-4a59-a21a-be8cc24e1519" executionId="d02be724-dce5-4438-be6f-2e0cde5001fa" testListId="8c84fa94-04c1-424b-9868-57a2d4851a1d" />
    <TestEntry testId="8a746764-a478-4dd4-8d6e-f712d39434e3" executionId="cfce1520-706a-4b9e-8fa7-dce03efd471f" testListId="8c84fa94-04c1-424b-9868-57a2d4851a1d" />
    <TestEntry testId="1a021e43-92a2-4cd3-b444-a4261eef8e45" executionId="acd5eca0-e256-4b57-8767-19a967b9b433" testListId="8c84fa94-04c1-424b-9868-57a2d4851a1d" />
    <TestEntry testId="6d4adeb8-2217-4440-b851-65ae4f85489f" executionId="33e6f09c-3a2d-494e-af69-5ea7043e0a88" testListId="8c84fa94-04c1-424b-9868-57a2d4851a1d" />
    <TestEntry testId="72febb21-7b06-4aa7-913a-15127fdefd3c" executionId="9c29b1f8-3fd8-49d3-b8b1-cf65ac214c93" testListId="8c84fa94-04c1-424b-9868-57a2d4851a1d" />
    <TestEntry testId="f2c1d1b2-a489-4a42-948b-ed4a7a442a33" executionId="d6775400-8d67-4582-8823-576fe345f86f" testListId="8c84fa94-04c1-424b-9868-57a2d4851a1d" />
    <TestEntry testId="bdd44e38-6f13-4c41-a44e-e873680f5a2f" executionId="02c9a43e-a4e0-44e5-90db-bfbfc57772e5" testListId="8c84fa94-04c1-424b-9868-57a2d4851a1d" />
    <TestEntry testId="d0a6404b-f9f9-47d7-93ae-6201924f93f4" executionId="f2998519-509e-4c5c-840e-71d1cf1dfef3" testListId="8c84fa94-04c1-424b-9868-57a2d4851a1d" />
    <TestEntry testId="5ae50697-bfec-498f-80c2-b6f28ea659ad" executionId="9f82b420-4723-4f00-a6d7-e36eeee109b2" testListId="8c84fa94-04c1-424b-9868-57a2d4851a1d" />
    <TestEntry testId="54fc0e5e-3433-4996-a036-1e607c387ea3" executionId="cb28df8f-8ff5-4e2e-963e-5ea16f56a659" testListId="8c84fa94-04c1-424b-9868-57a2d4851a1d" />
    <TestEntry testId="6a8f8860-e0ee-4c9e-91f4-905dbc255109" executionId="cc8e15f8-765e-4147-bb8a-b15b13284b7e" testListId="8c84fa94-04c1-424b-9868-57a2d4851a1d" />
    <TestEntry testId="d5e9f9a4-c911-4a3f-aa95-79b51584a36d" executionId="6fe1bab1-740c-4c73-a889-36a3f2e5bdd8" testListId="8c84fa94-04c1-424b-9868-57a2d4851a1d" />
    <TestEntry testId="76fc7953-3ec9-4630-aff5-b08cc0fe8f64" executionId="81e465fc-f70b-4e5c-986c-3db1afc74635" testListId="8c84fa94-04c1-424b-9868-57a2d4851a1d" />
    <TestEntry testId="dfa9e2b0-4342-4ac5-bcb7-34575d81e982" executionId="01051103-57aa-42f5-90bf-4e59f684645a" testListId="8c84fa94-04c1-424b-9868-57a2d4851a1d" />
    <TestEntry testId="64927f8f-a09d-4df5-be68-cbc2fcbd7d17" executionId="866d6c38-0c1d-4650-b244-bbfe75782acc" testListId="8c84fa94-04c1-424b-9868-57a2d4851a1d" />
    <TestEntry testId="ab78fac7-cee6-4c5c-9cf8-c2d2be87cf9b" executionId="e6bd36a4-279f-4d53-9c68-30ba8e5d2a35" testListId="8c84fa94-04c1-424b-9868-57a2d4851a1d" />
    <TestEntry testId="3e116fe2-bf89-4134-b8aa-64422e2ffac9" executionId="a6aa958d-93b8-4248-8fd6-d74a901f799c" testListId="8c84fa94-04c1-424b-9868-57a2d4851a1d" />
    <TestEntry testId="8f0efb31-2863-4f3d-8457-937eec67fb73" executionId="469ec13e-d4f6-4b96-8d12-95d172a9d9f5" testListId="8c84fa94-04c1-424b-9868-57a2d4851a1d" />
    <TestEntry testId="f3e1d501-cbe1-492a-ab15-6b199b3a92ec" executionId="0760d19c-c361-47c4-90fc-b7b27092bdb4" testListId="8c84fa94-04c1-424b-9868-57a2d4851a1d" />
    <TestEntry testId="c4b1c225-44f7-4111-8a09-bed26fddbf13" executionId="b6bbb2b8-9e20-4950-a6c7-ef6d595a66b9" testListId="8c84fa94-04c1-424b-9868-57a2d4851a1d" />
    <TestEntry testId="aeb9c0d8-f0b1-404d-be59-b75a2f4a4ceb" executionId="968c7f59-2e8c-465f-ad49-cfc5dc8751b2" testListId="8c84fa94-04c1-424b-9868-57a2d4851a1d" />
    <TestEntry testId="0fca047d-0812-4ab5-97c1-4602ffedf526" executionId="848854fa-02f7-4edb-886f-47ceb48ac8a0" testListId="8c84fa94-04c1-424b-9868-57a2d4851a1d" />
    <TestEntry testId="43c368c1-2a44-4548-a62d-c95cdb048841" executionId="b1e4cba2-040b-4b18-9349-0bf4d7edd55d" testListId="8c84fa94-04c1-424b-9868-57a2d4851a1d" />
    <TestEntry testId="483c3078-e75b-4a98-96a4-264314655cf6" executionId="2b041cc8-8273-4edb-9be0-efad83ed6445" testListId="8c84fa94-04c1-424b-9868-57a2d4851a1d" />
    <TestEntry testId="733a0b5d-9837-4f5b-9156-1fda2fb32c19" executionId="afbf5fb6-15c2-4cd6-924d-470db6fcdeee" testListId="8c84fa94-04c1-424b-9868-57a2d4851a1d" />
    <TestEntry testId="ac6eb783-2496-4941-83dc-b8ec3200ae7b" executionId="03448119-0398-4e51-87e0-2b95bacac165" testListId="8c84fa94-04c1-424b-9868-57a2d4851a1d" />
    <TestEntry testId="afd1cc6a-8a04-4db5-8ead-4ec96dc442c6" executionId="1141cd24-c68e-4823-85d4-a59885114889" testListId="8c84fa94-04c1-424b-9868-57a2d4851a1d" />
    <TestEntry testId="3e0258a9-f9c1-411c-afb1-7860004ecda9" executionId="295322c4-05b7-4a3b-898c-86294caee751" testListId="8c84fa94-04c1-424b-9868-57a2d4851a1d" />
    <TestEntry testId="cb84873a-aa13-4ddf-b3c0-75eab1b89ba6" executionId="6c158610-3ece-4f3f-893f-172dacbab605" testListId="8c84fa94-04c1-424b-9868-57a2d4851a1d" />
    <TestEntry testId="b507e61b-63ef-4171-b0b9-ff88780ad099" executionId="96cfb917-a8bc-4015-be57-c70938fd714d" testListId="8c84fa94-04c1-424b-9868-57a2d4851a1d" />
    <TestEntry testId="c432b9a1-4076-4067-895b-431dad3b2c90" executionId="b88845f3-f25d-4bca-b2a9-88a1325d2171" testListId="8c84fa94-04c1-424b-9868-57a2d4851a1d" />
    <TestEntry testId="719a26dd-c345-41d7-b943-377208001ebc" executionId="0ebc1c8c-95bd-442f-9cea-021b59faa0af" testListId="8c84fa94-04c1-424b-9868-57a2d4851a1d" />
    <TestEntry testId="eb12b413-1ad5-446c-8560-32464d7efc1a" executionId="dbb38075-bf09-421e-830a-a8038a136df3" testListId="8c84fa94-04c1-424b-9868-57a2d4851a1d" />
    <TestEntry testId="fe38b073-a454-43ca-8ff1-ef847ac47b31" executionId="965a89df-e3aa-4af2-b5ea-5d9ab690072a" testListId="8c84fa94-04c1-424b-9868-57a2d4851a1d" />
    <TestEntry testId="b90ae428-08d3-4aaa-b9fe-a31a302665ac" executionId="9abbf9c7-ae1a-4a9a-ae8d-8db4cc9366f5" testListId="8c84fa94-04c1-424b-9868-57a2d4851a1d" />
    <TestEntry testId="10642b70-9cb1-4b0b-a109-e2577e8912a7" executionId="c6f88f89-3018-4716-8947-2b0ecd15e0de" testListId="8c84fa94-04c1-424b-9868-57a2d4851a1d" />
    <TestEntry testId="991947fe-8e90-445f-8006-a1caa8e05072" executionId="3e86d0c4-ffdf-41a5-ba15-32ea5bd586f4" testListId="8c84fa94-04c1-424b-9868-57a2d4851a1d" />
    <TestEntry testId="f0931941-ab4e-4df8-95c3-142d4bb70003" executionId="06fac5eb-b76f-45dc-ac23-53885e23180a" testListId="8c84fa94-04c1-424b-9868-57a2d4851a1d" />
    <TestEntry testId="e2e8bc22-c08a-4184-8025-e74cd2f15238" executionId="53980cf7-73e1-4156-81bb-0226da592063" testListId="8c84fa94-04c1-424b-9868-57a2d4851a1d" />
    <TestEntry testId="f34bebfe-0fc6-4900-bb89-97fd26d8aec8" executionId="510033e5-5303-427b-ba0d-370e91efd8c1" testListId="8c84fa94-04c1-424b-9868-57a2d4851a1d" />
    <TestEntry testId="e6e6d824-22dd-48ef-8933-a1d853308c56" executionId="b12eb139-c00f-4a62-99df-ce338fab2e1a" testListId="8c84fa94-04c1-424b-9868-57a2d4851a1d" />
    <TestEntry testId="5a1a22f4-8281-4f09-b359-81db45727612" executionId="3ee6a3af-1869-4485-b85b-7f9ca6c4615e" testListId="8c84fa94-04c1-424b-9868-57a2d4851a1d" />
    <TestEntry testId="8a7c30b4-ad33-42a1-82b8-f6a44dcc839f" executionId="8293d566-be51-4548-b6e1-6f8cde5267c2" testListId="8c84fa94-04c1-424b-9868-57a2d4851a1d" />
    <TestEntry testId="c1d7de0e-2508-435b-b3b3-e248f5065874" executionId="72c617d7-2fbd-4a7b-8ae1-345f65f9ef7f" testListId="8c84fa94-04c1-424b-9868-57a2d4851a1d" />
    <TestEntry testId="74e57094-f428-4882-9cd7-dde7c3d62fc0" executionId="4b3fc5a3-2c98-4e32-9f11-bea855220889" testListId="8c84fa94-04c1-424b-9868-57a2d4851a1d" />
    <TestEntry testId="5daa2fdd-3e82-4db0-ba08-71d325b66a1d" executionId="317f73f0-32da-4b78-807d-b19cb4034265" testListId="8c84fa94-04c1-424b-9868-57a2d4851a1d" />
    <TestEntry testId="94d82541-107e-47a9-bd7e-6c86b2d701df" executionId="f6d4c222-ae65-4c81-bc09-44b2b1dbabb5" testListId="8c84fa94-04c1-424b-9868-57a2d4851a1d" />
    <TestEntry testId="86e58647-a4bc-4fbb-adc6-305630b2270b" executionId="0ed8421d-fd7b-4ff2-8978-98c9030dc1c2" testListId="8c84fa94-04c1-424b-9868-57a2d4851a1d" />
    <TestEntry testId="a93de9bb-1fcc-435a-8dca-ce3d8409e6ba" executionId="9b942c42-059d-4278-90c9-6ffe09d8208b" testListId="8c84fa94-04c1-424b-9868-57a2d4851a1d" />
    <TestEntry testId="6251c475-4174-4d01-b2e0-910d9721baf0" executionId="8b5e5313-0717-47f5-a41f-5d9caaaca18f" testListId="8c84fa94-04c1-424b-9868-57a2d4851a1d" />
    <TestEntry testId="411b0919-b3c5-4f7e-861e-00e1832d70b7" executionId="d7e26e77-d568-4e70-a158-6f9f572219f5" testListId="8c84fa94-04c1-424b-9868-57a2d4851a1d" />
    <TestEntry testId="2cc4f55a-d6da-4839-8bdc-0444eb19efa3" executionId="397f90fc-f5bb-497b-a2ab-a289679b3519" testListId="8c84fa94-04c1-424b-9868-57a2d4851a1d" />
    <TestEntry testId="3f405711-e30c-41f5-be4d-8bfe66c657f5" executionId="ae19fd37-0f7d-459d-bf87-8082b380f847" testListId="8c84fa94-04c1-424b-9868-57a2d4851a1d" />
    <TestEntry testId="a989bf1e-d33a-4c9a-ae64-804e0006fca1" executionId="c640a9cd-5c2a-414a-96cb-cb5858d0c6cc" testListId="8c84fa94-04c1-424b-9868-57a2d4851a1d" />
    <TestEntry testId="10ee7c3c-aa5f-4a8c-a6a1-b0f60ee75755" executionId="bed63c9c-5ae5-4ecb-bd57-383734a6be56" testListId="8c84fa94-04c1-424b-9868-57a2d4851a1d" />
    <TestEntry testId="066ad11d-d82a-4827-87b2-e44db1a2158f" executionId="c4140306-a986-4367-b6e8-bcce172eff54" testListId="8c84fa94-04c1-424b-9868-57a2d4851a1d" />
    <TestEntry testId="35734595-0388-4b42-aa26-9e45eccb7374" executionId="a7c39ea9-3731-4269-a4f2-89111c4e74a5" testListId="8c84fa94-04c1-424b-9868-57a2d4851a1d" />
    <TestEntry testId="dc274888-6b29-4d27-b6e9-367136f27805" executionId="55f6537a-6398-41b1-bc8e-4f7b21d4cc98" testListId="8c84fa94-04c1-424b-9868-57a2d4851a1d" />
    <TestEntry testId="400a6ec5-6250-480d-9e9c-fca635ef6d7a" executionId="e48c9945-4a9b-48e6-89c1-f52b66279d03" testListId="8c84fa94-04c1-424b-9868-57a2d4851a1d" />
    <TestEntry testId="4c7c4feb-bd10-4fe7-8ce7-0ee1d24e10ff" executionId="c504786a-c30c-4004-b49d-bc622bf8f4b9" testListId="8c84fa94-04c1-424b-9868-57a2d4851a1d" />
    <TestEntry testId="28648c2c-3d53-40c5-8087-c7a57647836b" executionId="7b34893d-755e-40e6-b7be-735c70b5f6c0" testListId="8c84fa94-04c1-424b-9868-57a2d4851a1d" />
    <TestEntry testId="db3a3019-5b54-4c65-9cf4-42a94e6d4a85" executionId="ee440832-7868-4a8f-a821-d5e5da7f4bdb" testListId="8c84fa94-04c1-424b-9868-57a2d4851a1d" />
    <TestEntry testId="4bd86aa6-bab2-4b09-83c7-d9808fb86931" executionId="5d1b7e56-a604-48a6-912a-70391dc2b554" testListId="8c84fa94-04c1-424b-9868-57a2d4851a1d" />
    <TestEntry testId="edbfc9c7-a014-40a9-ad9f-d7f0429dd1be" executionId="8a27c174-8023-4dc7-a7f6-5b58ba5eb84d" testListId="8c84fa94-04c1-424b-9868-57a2d4851a1d" />
    <TestEntry testId="502a2691-a731-451d-8b92-83158d8c7620" executionId="87f1934b-6ef3-455f-9cbf-b429248bdc6f" testListId="8c84fa94-04c1-424b-9868-57a2d4851a1d" />
    <TestEntry testId="f23e4fcd-aabd-400a-bd0f-ec281e34f6c4" executionId="dd3ae5a5-1459-4d4e-91db-f958a480e9ca" testListId="8c84fa94-04c1-424b-9868-57a2d4851a1d" />
    <TestEntry testId="a1cd9a6d-b138-4ac9-954b-11fe1ee39fa2" executionId="1c1b2475-38eb-4155-a4b0-3653978afc32" testListId="8c84fa94-04c1-424b-9868-57a2d4851a1d" />
    <TestEntry testId="e9cc3a40-f27e-4db9-a2f6-49c2130ecefd" executionId="e200fabb-89af-4c4c-8ac9-ef5ed08e7ff2" testListId="8c84fa94-04c1-424b-9868-57a2d4851a1d" />
    <TestEntry testId="fcd814bf-79c9-4741-bca5-4b8b3b4a6515" executionId="24154906-1dce-4774-806a-be950bc851dc" testListId="8c84fa94-04c1-424b-9868-57a2d4851a1d" />
    <TestEntry testId="ac680344-f47e-4d0b-ac50-3ad7565e9a42" executionId="e5b8fc1a-8670-479b-bc1d-de7728309bef" testListId="8c84fa94-04c1-424b-9868-57a2d4851a1d" />
    <TestEntry testId="3389e320-5909-465b-84fa-d8fb75c2283d" executionId="8bf83f56-d3bd-4ce3-9a3e-0ee5e4d65a22" testListId="8c84fa94-04c1-424b-9868-57a2d4851a1d" />
    <TestEntry testId="25397aa8-fa00-4d72-9a88-0a979027a4c2" executionId="2829e237-a259-4278-9c79-b4ab16c9d993" testListId="8c84fa94-04c1-424b-9868-57a2d4851a1d" />
    <TestEntry testId="cfb4382b-261c-4346-a8bf-5623a04ae825" executionId="c2c0bbb2-5627-43d3-8197-c63d718a4332" testListId="8c84fa94-04c1-424b-9868-57a2d4851a1d" />
    <TestEntry testId="f1d2f818-0931-4fcd-b1f7-5fcc467e81dd" executionId="b5a6d432-3299-4155-8711-10c916d65adf" testListId="8c84fa94-04c1-424b-9868-57a2d4851a1d" />
    <TestEntry testId="22923361-ee61-4ee3-a70a-51e5e4ce4e5b" executionId="f3316504-8de4-49cd-804e-56c2bcc8383f" testListId="8c84fa94-04c1-424b-9868-57a2d4851a1d" />
    <TestEntry testId="7a2a682a-adcc-44e7-93f6-bcf7871f67e2" executionId="1e240e30-a7a6-473f-b2c7-605c9753457f" testListId="8c84fa94-04c1-424b-9868-57a2d4851a1d" />
    <TestEntry testId="72eee7d0-696d-4ee8-8465-d30cf680e808" executionId="7401cbdd-1f64-4356-b4a9-97a22c17f34a" testListId="8c84fa94-04c1-424b-9868-57a2d4851a1d" />
    <TestEntry testId="edb27f43-3340-4943-9147-078e12430f06" executionId="5cf398fa-b207-4aa7-9e84-a541f5032f3b" testListId="8c84fa94-04c1-424b-9868-57a2d4851a1d" />
    <TestEntry testId="f2bed4aa-329f-4a41-ac7f-d3a7bc6bc95d" executionId="3435142d-0a3a-4ebf-839e-fafe881f379e" testListId="8c84fa94-04c1-424b-9868-57a2d4851a1d" />
    <TestEntry testId="ed4624c4-a217-40a2-ac71-d6b3f3040200" executionId="1a1c5e4f-f199-48d5-b4ba-5bc9541634e0" testListId="8c84fa94-04c1-424b-9868-57a2d4851a1d" />
    <TestEntry testId="430ab3a7-48ef-476b-bb3d-0e58913af082" executionId="e4f0b646-169f-4025-8395-219e2fd06957" testListId="8c84fa94-04c1-424b-9868-57a2d4851a1d" />
    <TestEntry testId="4688dcf0-edbd-4c1a-8cd1-ce225cc31d24" executionId="11e9ec96-78be-4a99-b50b-673687be1576" testListId="8c84fa94-04c1-424b-9868-57a2d4851a1d" />
    <TestEntry testId="c099449f-1214-4bff-9e46-ea8850e4e9fa" executionId="e99cf102-9226-471f-ab05-cda5a2ebea56" testListId="8c84fa94-04c1-424b-9868-57a2d4851a1d" />
    <TestEntry testId="17402e54-abbf-4682-af34-64e0d2c9da1b" executionId="43fc8888-f578-4ea8-ac72-68b62093e533" testListId="8c84fa94-04c1-424b-9868-57a2d4851a1d" />
    <TestEntry testId="21fdac27-bf5d-43a7-a394-47a620f4ff6f" executionId="718f9f8b-7c02-4dd4-9463-7feed9a30eb9" testListId="8c84fa94-04c1-424b-9868-57a2d4851a1d" />
    <TestEntry testId="79f33577-74e1-4c8a-8dfe-8a267076e08f" executionId="9d8a15de-0782-4363-81cb-099da63c31bd" testListId="8c84fa94-04c1-424b-9868-57a2d4851a1d" />
    <TestEntry testId="5ac86a41-3a0b-4071-bd8f-c15ddbb8deb8" executionId="ac64f1ea-b670-44d1-9e29-c476caa3f418" testListId="8c84fa94-04c1-424b-9868-57a2d4851a1d" />
    <TestEntry testId="b70e9e81-433f-46b2-8ea7-704c745822f9" executionId="e5c69d45-eadf-480a-bed8-79357b10d9fe" testListId="8c84fa94-04c1-424b-9868-57a2d4851a1d" />
    <TestEntry testId="b5942f9c-6671-43c3-92f6-809b4b21af22" executionId="2d0ca045-a035-4ffc-87e4-a0c62bf6af28" testListId="8c84fa94-04c1-424b-9868-57a2d4851a1d" />
    <TestEntry testId="84b495b5-dfae-44e5-9188-fae6579b05c3" executionId="f0f463ec-22c1-46ab-9936-515da86541e7" testListId="8c84fa94-04c1-424b-9868-57a2d4851a1d" />
    <TestEntry testId="359c7acb-72ee-4a76-94a0-58c186c120e6" executionId="5b81ebef-c9ad-4012-975a-7937934a3863" testListId="8c84fa94-04c1-424b-9868-57a2d4851a1d" />
    <TestEntry testId="5627bf00-5701-4434-99d5-0976248b4551" executionId="2641ec75-d4e6-4f5e-b708-ab840bb9e556" testListId="8c84fa94-04c1-424b-9868-57a2d4851a1d" />
    <TestEntry testId="c8cfd6f2-9657-4697-948d-f5c0a7163adc" executionId="b4f126f6-fd5e-4f68-8e12-724aa2f727fd" testListId="8c84fa94-04c1-424b-9868-57a2d4851a1d" />
    <TestEntry testId="684409fd-4dfd-4211-aca9-2711ec9bd796" executionId="d9af2da9-dec8-475a-bb37-941abffea627" testListId="8c84fa94-04c1-424b-9868-57a2d4851a1d" />
    <TestEntry testId="196a03b7-831d-4257-8729-380f342cec14" executionId="5e90c2e8-4bc1-4cdb-a45b-7386eed6260d" testListId="8c84fa94-04c1-424b-9868-57a2d4851a1d" />
    <TestEntry testId="50674dad-419a-4832-ac49-72df8c4384d5" executionId="4fb1073b-5bd1-4003-ae2c-aee0a674f376" testListId="8c84fa94-04c1-424b-9868-57a2d4851a1d" />
    <TestEntry testId="848065b7-a6a4-40d4-b27e-3b0f8451de29" executionId="4b4ef67b-a443-45e2-b990-b43035dc89f7" testListId="8c84fa94-04c1-424b-9868-57a2d4851a1d" />
    <TestEntry testId="59fc8458-5f51-4d25-9c8d-8dc7438d0922" executionId="4de0a8e1-b2b4-4832-ad01-adc3de6c1406" testListId="8c84fa94-04c1-424b-9868-57a2d4851a1d" />
    <TestEntry testId="822482d5-b69a-43f6-8cdf-490f1287e0de" executionId="b06334fc-18c3-4dca-a409-7792b65dc875" testListId="8c84fa94-04c1-424b-9868-57a2d4851a1d" />
    <TestEntry testId="75162bdb-eb57-4677-b7d9-75d02e5b1c4a" executionId="3c94de8f-62ad-43d1-813d-b28ef0e899ad" testListId="8c84fa94-04c1-424b-9868-57a2d4851a1d" />
    <TestEntry testId="6b50e408-a37f-4b4b-9a26-fd9d98cb4a8a" executionId="77bbc703-31f1-4584-84be-ab0552514c20" testListId="8c84fa94-04c1-424b-9868-57a2d4851a1d" />
    <TestEntry testId="99f3fca7-9b00-4ee3-ba55-5fd4ed13b5de" executionId="8ee254bc-aa5a-4096-95d7-65945d49fa06" testListId="8c84fa94-04c1-424b-9868-57a2d4851a1d" />
    <TestEntry testId="df17b329-cf1f-40cd-93e4-ef6924a0ecb5" executionId="273a5ec7-482b-4634-ba16-5df35ca7c1c0" testListId="8c84fa94-04c1-424b-9868-57a2d4851a1d" />
    <TestEntry testId="a1315faa-00ce-4fc9-a397-5a12f3c5a317" executionId="6a6b4960-bdf0-4963-8fa8-6f79964200cc" testListId="8c84fa94-04c1-424b-9868-57a2d4851a1d" />
    <TestEntry testId="b693f972-6887-431c-8a89-80405af9aece" executionId="679144de-ae10-46da-a36b-e511f0b4789a" testListId="8c84fa94-04c1-424b-9868-57a2d4851a1d" />
    <TestEntry testId="858327fa-37f1-449c-b00d-e7a3e0c7998d" executionId="054c06c0-7c2b-4c57-812b-f2053867128e" testListId="8c84fa94-04c1-424b-9868-57a2d4851a1d" />
    <TestEntry testId="b415da02-08d4-4d92-930a-3ed5c1022344" executionId="7fc23cf7-df5c-4ea0-a1c0-a4f178b6990f" testListId="8c84fa94-04c1-424b-9868-57a2d4851a1d" />
    <TestEntry testId="3b3b5914-9b5b-4b73-9bbd-9c13b1a73ef5" executionId="ef4d4eb0-43a4-4156-9760-ea0cabfb6e0a" testListId="8c84fa94-04c1-424b-9868-57a2d4851a1d" />
    <TestEntry testId="69a9e177-3c90-445a-b0ae-73be65347ed7" executionId="81b08ccb-d3d3-4de1-946e-136ecf3802ba" testListId="8c84fa94-04c1-424b-9868-57a2d4851a1d" />
    <TestEntry testId="54e01598-39cd-467f-ac67-80c5fe0e3df8" executionId="31cc76c6-5d31-4727-aa39-da8eac580e70" testListId="8c84fa94-04c1-424b-9868-57a2d4851a1d" />
    <TestEntry testId="0d2499d2-0b2d-4201-a3af-67e6c40d7e7c" executionId="fe2ee52b-7560-4a67-83d2-48a00a9159bc" testListId="8c84fa94-04c1-424b-9868-57a2d4851a1d" />
    <TestEntry testId="0e535875-e443-4b11-a54f-cbd26d2b6a30" executionId="7e8b07fb-c5e5-4586-810e-3d9805ace737" testListId="8c84fa94-04c1-424b-9868-57a2d4851a1d" />
    <TestEntry testId="832cce9f-1cae-4ee6-9933-2210f1881cdc" executionId="15da9732-8e7a-4e2a-acca-bbc8d9e515bb" testListId="8c84fa94-04c1-424b-9868-57a2d4851a1d" />
    <TestEntry testId="0e46340f-e406-4d8e-9aa7-aad2b5684cb9" executionId="02b54643-7e2e-4c9d-8c7c-a2ba45b3d6c8" testListId="8c84fa94-04c1-424b-9868-57a2d4851a1d" />
    <TestEntry testId="04d3eeb9-ba99-47c2-9aae-d9f6b7086d9b" executionId="8469e382-fc32-4198-b087-0115b189f4a0" testListId="8c84fa94-04c1-424b-9868-57a2d4851a1d" />
    <TestEntry testId="3530e724-528f-4821-a403-6b253734c2d4" executionId="495843a3-dc70-4e86-a8f6-8934375dbd42" testListId="8c84fa94-04c1-424b-9868-57a2d4851a1d" />
    <TestEntry testId="bf61cb85-2893-4892-ba8f-32355ac3447c" executionId="f8e663dd-5e3c-44d5-9e92-da075e5babf8" testListId="8c84fa94-04c1-424b-9868-57a2d4851a1d" />
    <TestEntry testId="bb38df79-3fef-4a2b-975e-d4fa79b7a18a" executionId="5a502c8a-4d4d-4596-a67e-b8c4984fb3cb" testListId="8c84fa94-04c1-424b-9868-57a2d4851a1d" />
    <TestEntry testId="b8a43c8c-4da8-46ca-a640-de575237434c" executionId="e3185bc6-45da-4611-a798-c855d04f7180" testListId="8c84fa94-04c1-424b-9868-57a2d4851a1d" />
    <TestEntry testId="91abcd78-ef7f-4d63-a9dd-e2961addb820" executionId="d2b393c5-df46-4533-a507-485bde475160" testListId="8c84fa94-04c1-424b-9868-57a2d4851a1d" />
    <TestEntry testId="052cad10-918c-4b34-a58c-a3fa2e5f7e10" executionId="5dabda07-24e4-4e37-a301-e2feefbdb996" testListId="8c84fa94-04c1-424b-9868-57a2d4851a1d" />
    <TestEntry testId="a52b9116-8e1b-4ed0-be6e-3fff04c136c0" executionId="e9b35283-4fb0-4533-b043-67af5ce25a06" testListId="8c84fa94-04c1-424b-9868-57a2d4851a1d" />
    <TestEntry testId="a9002b6f-2186-4d24-ac98-f2a12a2d4b3a" executionId="21d49fcd-cd80-4fae-87f8-46b43f81ecc7" testListId="8c84fa94-04c1-424b-9868-57a2d4851a1d" />
    <TestEntry testId="7bb22bb6-b7c2-4de6-88b3-d4979c734546" executionId="10a26f73-ef2c-459c-b230-426c8aed7086" testListId="8c84fa94-04c1-424b-9868-57a2d4851a1d" />
    <TestEntry testId="4f74342a-66dc-4436-ac6c-03c009895d1d" executionId="ee996ace-34cf-4e64-973a-62563dce1063" testListId="8c84fa94-04c1-424b-9868-57a2d4851a1d" />
    <TestEntry testId="a02929f2-9ebd-496d-88a9-e9d2e2d69083" executionId="cf472f3e-feed-4bd5-a7f2-3cd538c16df2" testListId="8c84fa94-04c1-424b-9868-57a2d4851a1d" />
    <TestEntry testId="2409ad5a-4b4e-49ca-8b75-750a56884ff1" executionId="dc464485-ad9a-4efb-bacf-2c15ac7d80ac" testListId="8c84fa94-04c1-424b-9868-57a2d4851a1d" />
  </TestEntries>
  <TestLists>
    <TestList name="Results Not in a List" id="8c84fa94-04c1-424b-9868-57a2d4851a1d" />
    <TestList name="All Loaded Results" id="19431567-8539-422a-85d7-44ee4e166bda" />
  </TestLists>
  <ResultSummary outcome="Completed">
    <Counters total="1000" executed="1000" passed="1000" failed="0" error="0" timeout="0" aborted="0" inconclusive="0" passedButRunAborted="0" notRunnable="0" notExecuted="0" disconnected="0" warning="0" completed="0" inProgress="0" pending="0" />
  </ResultSummary>
</TestRun>