<?xml version="1.0" encoding="utf-8"?>
<TestRun id="e1ff13b6-d978-4d26-a0a8-11fea5754393" name="Dominik@DESKTOP-5URQ9PB 2022-06-13 21:15:36" runUser="DESKTOP-5URQ9PB\Dominik" xmlns="http://microsoft.com/schemas/VisualStudio/TeamTest/2010">
  <Times creation="2022-06-13T21:15:36.9421649+02:00" queuing="2022-06-13T21:15:36.9421649+02:00" start="2022-06-13T21:15:30.1065547+02:00" finish="2022-06-13T21:15:37.2870571+02:00" />
  <TestSettings name="default" id="b731f1e6-679f-4999-9e52-19e9efd28244">
    <Deployment runDeploymentRoot="Dominik_DESKTOP-5URQ9PB_2022-06-13_21_15_36" />
  </TestSettings>
  <Results>
    <UnitTestResult executionId="946ed0d1-c6ee-4539-9957-ee6b840383c5" testId="25b36055-f21f-fb6a-b7ef-81ccf96dd2b6" testName="xUnitTestProject.CurrencyHelperTests.FormatToStringTest1000(price: 46898.00219497783, expected: &quot;46898.00 zł&quot;)" computerName="DESKTOP-5URQ9PB" duration="00:00:00.0000038" startTime="2022-06-13T21:15:37.0037326+02:00" endTime="2022-06-13T21:15:37.0037327+02:00" testType="13cdc9d9-ddb5-4fa4-a97d-d965ccfc6d4b" outcome="Passed" testListId="8c84fa94-04c1-424b-9868-57a2d4851a1d" relativeResultsDirectory="946ed0d1-c6ee-4539-9957-ee6b840383c5" />
    <UnitTestResult executionId="9b7b95ea-e7eb-4255-9d90-dfb0643de7e1" testId="386de361-29e9-e772-105e-fd42e87ecfec" testName="xUnitTestProject.CurrencyHelperTests.FormatToStringTest1000(price: 38253.101637909705, expected: &quot;38253.10 zł&quot;)" computerName="DESKTOP-5URQ9PB" duration="00:00:00.0000039" startTime="2022-06-13T21:15:36.9666955+02:00" endTime="2022-06-13T21:15:36.9666956+02:00" testType="13cdc9d9-ddb5-4fa4-a97d-d965ccfc6d4b" outcome="Passed" testListId="8c84fa94-04c1-424b-9868-57a2d4851a1d" relativeResultsDirectory="9b7b95ea-e7eb-4255-9d90-dfb0643de7e1" />
    <UnitTestResult executionId="6133a2d8-5a2d-4dc7-b6b9-c29805e2d997" testId="83240b81-a0ee-d801-c63e-6e722955f2f1" testName="xUnitTestProject.CurrencyHelperTests.FormatToStringTest1000(price: 8644.187977380207, expected: &quot;8644.19 zł&quot;)" computerName="DESKTOP-5URQ9PB" duration="00:00:00.0000056" startTime="2022-06-13T21:15:36.9520693+02:00" endTime="2022-06-13T21:15:36.9520694+02:00" testType="13cdc9d9-ddb5-4fa4-a97d-d965ccfc6d4b" outcome="Passed" testListId="8c84fa94-04c1-424b-9868-57a2d4851a1d" relativeResultsDirectory="6133a2d8-5a2d-4dc7-b6b9-c29805e2d997" />
    <UnitTestResult executionId="171332f9-e907-4c14-ba15-672bf57b1796" testId="0d7a2cf9-13e2-7888-b21b-f6464a19d4c6" testName="xUnitTestProject.CurrencyHelperTests.FormatToStringTest1000(price: 35065.40267025652, expected: &quot;35065.40 zł&quot;)" computerName="DESKTOP-5URQ9PB" duration="00:00:00.0000039" startTime="2022-06-13T21:15:36.9043148+02:00" endTime="2022-06-13T21:15:36.9043150+02:00" testType="13cdc9d9-ddb5-4fa4-a97d-d965ccfc6d4b" outcome="Passed" testListId="8c84fa94-04c1-424b-9868-57a2d4851a1d" relativeResultsDirectory="171332f9-e907-4c14-ba15-672bf57b1796" />
    <UnitTestResult executionId="49b69fc2-a28e-4143-9c8a-1b696a6c5b0a" testId="814b2061-14f5-c810-0eca-e8431104105a" testName="xUnitTestProject.CurrencyHelperTests.FormatToStringTest1000(price: 14198.39903067723, expected: &quot;14198.40 zł&quot;)" computerName="DESKTOP-5URQ9PB" duration="00:00:00.0000056" startTime="2022-06-13T21:15:36.9370650+02:00" endTime="2022-06-13T21:15:36.9370652+02:00" testType="13cdc9d9-ddb5-4fa4-a97d-d965ccfc6d4b" outcome="Passed" testListId="8c84fa94-04c1-424b-9868-57a2d4851a1d" relativeResultsDirectory="49b69fc2-a28e-4143-9c8a-1b696a6c5b0a" />
    <UnitTestResult executionId="efe26411-f24b-49d4-9914-614e9b0ca3e5" testId="75f79a5e-625f-18cb-34f2-c39806bd0036" testName="xUnitTestProject.CurrencyHelperTests.FormatToStringTest1000(price: 24570.65594858893, expected: &quot;24570.66 zł&quot;)" computerName="DESKTOP-5URQ9PB" duration="00:00:00.0000041" startTime="2022-06-13T21:15:36.9177074+02:00" endTime="2022-06-13T21:15:36.9177075+02:00" testType="13cdc9d9-ddb5-4fa4-a97d-d965ccfc6d4b" outcome="Passed" testListId="8c84fa94-04c1-424b-9868-57a2d4851a1d" relativeResultsDirectory="efe26411-f24b-49d4-9914-614e9b0ca3e5" />
    <UnitTestResult executionId="c06b9ded-7c9c-43a4-8835-8401515e0dfe" testId="1eaafc3c-6374-0d37-e565-15fb470a9a01" testName="xUnitTestProject.CurrencyHelperTests.FormatToStringTest1000(price: 12641.700665183225, expected: &quot;12641.70 zł&quot;)" computerName="DESKTOP-5URQ9PB" duration="00:00:00.0000041" startTime="2022-06-13T21:15:36.9821514+02:00" endTime="2022-06-13T21:15:36.9821515+02:00" testType="13cdc9d9-ddb5-4fa4-a97d-d965ccfc6d4b" outcome="Passed" testListId="8c84fa94-04c1-424b-9868-57a2d4851a1d" relativeResultsDirectory="c06b9ded-7c9c-43a4-8835-8401515e0dfe" />
    <UnitTestResult executionId="448c26bd-f65e-4faf-8a3c-6d695237718d" testId="b96da561-72c0-f108-100e-28aea4f8d524" testName="xUnitTestProject.CurrencyHelperTests.FormatToStringTest1000(price: 9818.257405763146, expected: &quot;9818.26 zł&quot;)" computerName="DESKTOP-5URQ9PB" duration="00:00:00.0000056" startTime="2022-06-13T21:15:36.9371899+02:00" endTime="2022-06-13T21:15:36.9371901+02:00" testType="13cdc9d9-ddb5-4fa4-a97d-d965ccfc6d4b" outcome="Passed" testListId="8c84fa94-04c1-424b-9868-57a2d4851a1d" relativeResultsDirectory="448c26bd-f65e-4faf-8a3c-6d695237718d" />
    <UnitTestResult executionId="888e0bbd-3b93-4248-9406-61174c67d63a" testId="6127c2a7-0d58-b2ca-c80b-3d883558c1c7" testName="xUnitTestProject.CurrencyHelperTests.FormatToStringTest1000(price: 63507.32603545455, expected: &quot;63507.33 zł&quot;)" computerName="DESKTOP-5URQ9PB" duration="00:00:00.0000039" startTime="2022-06-13T21:15:36.9011860+02:00" endTime="2022-06-13T21:15:36.9011861+02:00" testType="13cdc9d9-ddb5-4fa4-a97d-d965ccfc6d4b" outcome="Passed" testListId="8c84fa94-04c1-424b-9868-57a2d4851a1d" relativeResultsDirectory="888e0bbd-3b93-4248-9406-61174c67d63a" />
    <UnitTestResult executionId="d18e8377-2d81-4281-888d-456363e0bdb4" testId="ee3ad499-d226-2821-3efe-49a57729a899" testName="xUnitTestProject.CurrencyHelperTests.FormatToStringTest1000(price: 7202.052143613367, expected: &quot;7202.05 zł&quot;)" computerName="DESKTOP-5URQ9PB" duration="00:00:00.0000056" startTime="2022-06-13T21:15:36.9321653+02:00" endTime="2022-06-13T21:15:36.9321654+02:00" testType="13cdc9d9-ddb5-4fa4-a97d-d965ccfc6d4b" outcome="Passed" testListId="8c84fa94-04c1-424b-9868-57a2d4851a1d" relativeResultsDirectory="d18e8377-2d81-4281-888d-456363e0bdb4" />
    <UnitTestResult executionId="071c71d1-f6f7-4cd4-8a09-5004bb847772" testId="ab648c32-5363-622c-e305-880f5c60d7ae" testName="xUnitTestProject.CurrencyHelperTests.FormatToStringTest1000(price: 78519.41691976106, expected: &quot;78519.42 zł&quot;)" computerName="DESKTOP-5URQ9PB" duration="00:00:00.0029006" startTime="2022-06-13T21:15:36.8762668+02:00" endTime="2022-06-13T21:15:36.8763323+02:00" testType="13cdc9d9-ddb5-4fa4-a97d-d965ccfc6d4b" outcome="Passed" testListId="8c84fa94-04c1-424b-9868-57a2d4851a1d" relativeResultsDirectory="071c71d1-f6f7-4cd4-8a09-5004bb847772" />
    <UnitTestResult executionId="39c7c45c-acdb-4743-9a37-8f36f8662d3b" testId="d4b7a26e-ed5a-1e37-a00a-e21284ce265b" testName="xUnitTestProject.CurrencyHelperTests.FormatToStringTest1000(price: 14035.12972514477, expected: &quot;14035.13 zł&quot;)" computerName="DESKTOP-5URQ9PB" duration="00:00:00.0000058" startTime="2022-06-13T21:15:36.9617877+02:00" endTime="2022-06-13T21:15:36.9617878+02:00" testType="13cdc9d9-ddb5-4fa4-a97d-d965ccfc6d4b" outcome="Passed" testListId="8c84fa94-04c1-424b-9868-57a2d4851a1d" relativeResultsDirectory="39c7c45c-acdb-4743-9a37-8f36f8662d3b" />
    <UnitTestResult executionId="ab206707-22fd-4b92-8f51-0525b6dfda00" testId="0c81c8d2-5b34-01f9-4916-14e860679bfe" testName="xUnitTestProject.CurrencyHelperTests.FormatToStringTest1000(price: 64568.131500027666, expected: &quot;64568.13 zł&quot;)" computerName="DESKTOP-5URQ9PB" duration="00:00:00.0000039" startTime="2022-06-13T21:15:36.9187524+02:00" endTime="2022-06-13T21:15:36.9187525+02:00" testType="13cdc9d9-ddb5-4fa4-a97d-d965ccfc6d4b" outcome="Passed" testListId="8c84fa94-04c1-424b-9868-57a2d4851a1d" relativeResultsDirectory="ab206707-22fd-4b92-8f51-0525b6dfda00" />
    <UnitTestResult executionId="21bc8010-1c2a-466e-89e6-e5bc8bf0bad8" testId="230e1e23-a8f6-7ac5-0938-0ce23eabf420" testName="xUnitTestProject.CurrencyHelperTests.FormatToStringTest1000(price: 12091.219941106729, expected: &quot;12091.22 zł&quot;)" computerName="DESKTOP-5URQ9PB" duration="00:00:00.0000058" startTime="2022-06-13T21:15:36.9404744+02:00" endTime="2022-06-13T21:15:36.9404745+02:00" testType="13cdc9d9-ddb5-4fa4-a97d-d965ccfc6d4b" outcome="Passed" testListId="8c84fa94-04c1-424b-9868-57a2d4851a1d" relativeResultsDirectory="21bc8010-1c2a-466e-89e6-e5bc8bf0bad8" />
    <UnitTestResult executionId="a770cff1-5709-462d-b7f4-b4ea6761269b" testId="79d9531c-e009-9169-2cbc-ceab51e47aa5" testName="xUnitTestProject.CurrencyHelperTests.FormatToStringTest1000(price: 31805.23430354532, expected: &quot;31805.23 zł&quot;)" computerName="DESKTOP-5URQ9PB" duration="00:00:00.0000056" startTime="2022-06-13T21:15:36.9311663+02:00" endTime="2022-06-13T21:15:36.9311664+02:00" testType="13cdc9d9-ddb5-4fa4-a97d-d965ccfc6d4b" outcome="Passed" testListId="8c84fa94-04c1-424b-9868-57a2d4851a1d" relativeResultsDirectory="a770cff1-5709-462d-b7f4-b4ea6761269b" />
    <UnitTestResult executionId="74cb2729-26df-439e-aea6-d7a6bcaf4fa2" testId="b260e8fd-b664-9d96-9944-4c7dd9ae1851" testName="xUnitTestProject.CurrencyHelperTests.FormatToStringTest1000(price: 47630.39193684067, expected: &quot;47630.39 zł&quot;)" computerName="DESKTOP-5URQ9PB" duration="00:00:00.0000056" startTime="2022-06-13T21:15:36.9360845+02:00" endTime="2022-06-13T21:15:36.9360847+02:00" testType="13cdc9d9-ddb5-4fa4-a97d-d965ccfc6d4b" outcome="Passed" testListId="8c84fa94-04c1-424b-9868-57a2d4851a1d" relativeResultsDirectory="74cb2729-26df-439e-aea6-d7a6bcaf4fa2" />
    <UnitTestResult executionId="70aab9b8-3e23-4a3c-8bb3-11ead982cfb5" testId="5d5f3f94-f47b-3420-095f-ee592218e6de" testName="xUnitTestProject.CurrencyHelperTests.FormatToStringTest1000(price: 20454.142628653506, expected: &quot;20454.14 zł&quot;)" computerName="DESKTOP-5URQ9PB" duration="00:00:00.0000113" startTime="2022-06-13T21:15:36.9215268+02:00" endTime="2022-06-13T21:15:36.9215270+02:00" testType="13cdc9d9-ddb5-4fa4-a97d-d965ccfc6d4b" outcome="Passed" testListId="8c84fa94-04c1-424b-9868-57a2d4851a1d" relativeResultsDirectory="70aab9b8-3e23-4a3c-8bb3-11ead982cfb5" />
    <UnitTestResult executionId="f6b5fa59-1192-4366-8236-43ab0caabfd0" testId="5c2754e4-1c80-78fc-5cc7-dfd05e800cc5" testName="xUnitTestProject.CurrencyHelperTests.FormatToStringTest1000(price: 20237.28532723723, expected: &quot;20237.29 zł&quot;)" computerName="DESKTOP-5URQ9PB" duration="00:00:00.0000056" startTime="2022-06-13T21:15:36.9282041+02:00" endTime="2022-06-13T21:15:36.9282045+02:00" testType="13cdc9d9-ddb5-4fa4-a97d-d965ccfc6d4b" outcome="Passed" testListId="8c84fa94-04c1-424b-9868-57a2d4851a1d" relativeResultsDirectory="f6b5fa59-1192-4366-8236-43ab0caabfd0" />
    <UnitTestResult executionId="3190acb3-f498-4193-bcae-42579130b7fa" testId="ba6a31a5-f6b4-cabf-4787-f1e219c63249" testName="xUnitTestProject.CurrencyHelperTests.FormatToStringTest1000(price: 60299.23738666309, expected: &quot;60299.24 zł&quot;)" computerName="DESKTOP-5URQ9PB" duration="00:00:00.0000041" startTime="2022-06-13T21:15:36.9819603+02:00" endTime="2022-06-13T21:15:36.9819608+02:00" testType="13cdc9d9-ddb5-4fa4-a97d-d965ccfc6d4b" outcome="Passed" testListId="8c84fa94-04c1-424b-9868-57a2d4851a1d" relativeResultsDirectory="3190acb3-f498-4193-bcae-42579130b7fa" />
    <UnitTestResult executionId="10afe406-3020-4a52-b143-09660bddeff4" testId="31ad7a80-5373-effd-b719-cfe8b75a74c8" testName="xUnitTestProject.CurrencyHelperTests.FormatToStringTest1000(price: 49256.47455728635, expected: &quot;49256.47 zł&quot;)" computerName="DESKTOP-5URQ9PB" duration="00:00:00.0000040" startTime="2022-06-13T21:15:37.0024084+02:00" endTime="2022-06-13T21:15:37.0024086+02:00" testType="13cdc9d9-ddb5-4fa4-a97d-d965ccfc6d4b" outcome="Passed" testListId="8c84fa94-04c1-424b-9868-57a2d4851a1d" relativeResultsDirectory="10afe406-3020-4a52-b143-09660bddeff4" />
    <UnitTestResult executionId="1b7a6539-af03-4e48-a699-e68883c8e64c" testId="a1a708d6-4e5d-1cbd-caa6-7047836e6788" testName="xUnitTestProject.CurrencyHelperTests.FormatToStringTest1000(price: 19840.47672110632, expected: &quot;19840.48 zł&quot;)" computerName="DESKTOP-5URQ9PB" duration="00:00:00.0000040" startTime="2022-06-13T21:15:36.9771775+02:00" endTime="2022-06-13T21:15:36.9771776+02:00" testType="13cdc9d9-ddb5-4fa4-a97d-d965ccfc6d4b" outcome="Passed" testListId="8c84fa94-04c1-424b-9868-57a2d4851a1d" relativeResultsDirectory="1b7a6539-af03-4e48-a699-e68883c8e64c" />
    <UnitTestResult executionId="77bfcd6a-f754-4dc2-8f76-01cacbd542f7" testId="72e1721e-ca6c-63c9-59ef-8aef6ff15353" testName="xUnitTestProject.CurrencyHelperTests.FormatToStringTest1000(price: 13541.45472935096, expected: &quot;13541.45 zł&quot;)" computerName="DESKTOP-5URQ9PB" duration="00:00:00.0000056" startTime="2022-06-13T21:15:36.9320673+02:00" endTime="2022-06-13T21:15:36.9320676+02:00" testType="13cdc9d9-ddb5-4fa4-a97d-d965ccfc6d4b" outcome="Passed" testListId="8c84fa94-04c1-424b-9868-57a2d4851a1d" relativeResultsDirectory="77bfcd6a-f754-4dc2-8f76-01cacbd542f7" />
    <UnitTestResult executionId="02612e45-4a2f-4e7a-82c3-1a6dbe899859" testId="8dcae478-7176-db28-16c0-e91e0d918df3" testName="xUnitTestProject.CurrencyHelperTests.FormatToStringTest1000(price: 58848.60825001477, expected: &quot;58848.61 zł&quot;)" computerName="DESKTOP-5URQ9PB" duration="00:00:00.0000038" startTime="2022-06-13T21:15:36.9938060+02:00" endTime="2022-06-13T21:15:36.9938062+02:00" testType="13cdc9d9-ddb5-4fa4-a97d-d965ccfc6d4b" outcome="Passed" testListId="8c84fa94-04c1-424b-9868-57a2d4851a1d" relativeResultsDirectory="02612e45-4a2f-4e7a-82c3-1a6dbe899859" />
    <UnitTestResult executionId="dfa403d5-b7f1-451f-9cae-11e415b85243" testId="6df0d294-6a13-f132-5a30-674e429b0930" testName="xUnitTestProject.CurrencyHelperTests.FormatToStringTest1000(price: 54304.07738935393, expected: &quot;54304.08 zł&quot;)" computerName="DESKTOP-5URQ9PB" duration="00:00:00.0000056" startTime="2022-06-13T21:15:36.9927724+02:00" endTime="2022-06-13T21:15:36.9927728+02:00" testType="13cdc9d9-ddb5-4fa4-a97d-d965ccfc6d4b" outcome="Passed" testListId="8c84fa94-04c1-424b-9868-57a2d4851a1d" relativeResultsDirectory="dfa403d5-b7f1-451f-9cae-11e415b85243" />
    <UnitTestResult executionId="716eadb7-ca63-46fc-973a-715c278ea86c" testId="2903f8f9-605c-f4a1-c251-e272e8faf58d" testName="xUnitTestProject.CurrencyHelperTests.FormatToStringTest1000(price: 40857.08543233996, expected: &quot;40857.09 zł&quot;)" computerName="DESKTOP-5URQ9PB" duration="00:00:00.0000056" startTime="2022-06-13T21:15:36.9500654+02:00" endTime="2022-06-13T21:15:36.9500655+02:00" testType="13cdc9d9-ddb5-4fa4-a97d-d965ccfc6d4b" outcome="Passed" testListId="8c84fa94-04c1-424b-9868-57a2d4851a1d" relativeResultsDirectory="716eadb7-ca63-46fc-973a-715c278ea86c" />
    <UnitTestResult executionId="ef6ded26-f8b6-4adc-ad0e-fb3b722b6efb" testId="1e915730-ab57-9b1e-994b-24cc1c98dc55" testName="xUnitTestProject.CurrencyHelperTests.FormatToStringTest1000(price: 65204.90483536055, expected: &quot;65204.90 zł&quot;)" computerName="DESKTOP-5URQ9PB" duration="00:00:00.0000045" startTime="2022-06-13T21:15:36.9694881+02:00" endTime="2022-06-13T21:15:36.9694883+02:00" testType="13cdc9d9-ddb5-4fa4-a97d-d965ccfc6d4b" outcome="Passed" testListId="8c84fa94-04c1-424b-9868-57a2d4851a1d" relativeResultsDirectory="ef6ded26-f8b6-4adc-ad0e-fb3b722b6efb" />
    <UnitTestResult executionId="33cf91d0-67e8-450f-878e-9b08a7d5e7bb" testId="c24ecee8-9b5d-eb63-8afc-f2b0a38b7a72" testName="xUnitTestProject.CurrencyHelperTests.FormatToStringTest1000(price: 30722.846572104303, expected: &quot;30722.85 zł&quot;)" computerName="DESKTOP-5URQ9PB" duration="00:00:00.0000056" startTime="2022-06-13T21:15:36.9272722+02:00" endTime="2022-06-13T21:15:36.9272724+02:00" testType="13cdc9d9-ddb5-4fa4-a97d-d965ccfc6d4b" outcome="Passed" testListId="8c84fa94-04c1-424b-9868-57a2d4851a1d" relativeResultsDirectory="33cf91d0-67e8-450f-878e-9b08a7d5e7bb" />
    <UnitTestResult executionId="68132aa4-f7a7-4e23-8cd1-eba410e5bd99" testId="681b18e6-8ac3-1647-8149-58844d19cdf1" testName="xUnitTestProject.CurrencyHelperTests.FormatToStringTest1000(price: 22799.991836491965, expected: &quot;22799.99 zł&quot;)" computerName="DESKTOP-5URQ9PB" duration="00:00:00.0000056" startTime="2022-06-13T21:15:36.9263884+02:00" endTime="2022-06-13T21:15:36.9263885+02:00" testType="13cdc9d9-ddb5-4fa4-a97d-d965ccfc6d4b" outcome="Passed" testListId="8c84fa94-04c1-424b-9868-57a2d4851a1d" relativeResultsDirectory="68132aa4-f7a7-4e23-8cd1-eba410e5bd99" />
    <UnitTestResult executionId="ae510998-19a1-4658-83d4-b0d226a04e90" testId="04127ca2-1b44-60f0-2ddc-d2453cd48c79" testName="xUnitTestProject.CurrencyHelperTests.FormatToStringTest1000(price: 25440.18371476614, expected: &quot;25440.18 zł&quot;)" computerName="DESKTOP-5URQ9PB" duration="00:00:00.0000111" startTime="2022-06-13T21:15:36.9235340+02:00" endTime="2022-06-13T21:15:36.9235342+02:00" testType="13cdc9d9-ddb5-4fa4-a97d-d965ccfc6d4b" outcome="Passed" testListId="8c84fa94-04c1-424b-9868-57a2d4851a1d" relativeResultsDirectory="ae510998-19a1-4658-83d4-b0d226a04e90" />
    <UnitTestResult executionId="cd6404fa-d840-4c9a-a51d-9afd908eb023" testId="ed2c7eae-4b8e-1a77-ee79-03d5fbd59f41" testName="xUnitTestProject.CurrencyHelperTests.FormatToStringTest1000(price: 76106.57198894516, expected: &quot;76106.57 zł&quot;)" computerName="DESKTOP-5URQ9PB" duration="00:00:00.0000061" startTime="2022-06-13T21:15:36.9558721+02:00" endTime="2022-06-13T21:15:36.9558722+02:00" testType="13cdc9d9-ddb5-4fa4-a97d-d965ccfc6d4b" outcome="Passed" testListId="8c84fa94-04c1-424b-9868-57a2d4851a1d" relativeResultsDirectory="cd6404fa-d840-4c9a-a51d-9afd908eb023" />
    <UnitTestResult executionId="d25d0455-90a7-4176-babb-cffa515c2933" testId="b4c4dec7-1c5b-811f-ea83-760608d514fd" testName="xUnitTestProject.CurrencyHelperTests.FormatToStringTest1000(price: 44677.61946778074, expected: &quot;44677.62 zł&quot;)" computerName="DESKTOP-5URQ9PB" duration="00:00:00.0000056" startTime="2022-06-13T21:15:36.9538577+02:00" endTime="2022-06-13T21:15:36.9538579+02:00" testType="13cdc9d9-ddb5-4fa4-a97d-d965ccfc6d4b" outcome="Passed" testListId="8c84fa94-04c1-424b-9868-57a2d4851a1d" relativeResultsDirectory="d25d0455-90a7-4176-babb-cffa515c2933" />
    <UnitTestResult executionId="a67b1fe7-a902-429c-8cc9-51bbdf7e912e" testId="ab963705-3e28-cc1d-5bf1-a88ea216bc34" testName="xUnitTestProject.CurrencyHelperTests.FormatToStringTest1000(price: 43222.47958431695, expected: &quot;43222.48 zł&quot;)" computerName="DESKTOP-5URQ9PB" duration="00:00:00.0000039" startTime="2022-06-13T21:15:36.9977649+02:00" endTime="2022-06-13T21:15:36.9977651+02:00" testType="13cdc9d9-ddb5-4fa4-a97d-d965ccfc6d4b" outcome="Passed" testListId="8c84fa94-04c1-424b-9868-57a2d4851a1d" relativeResultsDirectory="a67b1fe7-a902-429c-8cc9-51bbdf7e912e" />
    <UnitTestResult executionId="84706b9c-9472-4eae-8b7d-07bb2c6db3a9" testId="1fe96cd6-e80d-4fd9-dedb-226c16d9375d" testName="xUnitTestProject.CurrencyHelperTests.FormatToStringTest1000(price: 2505.286326204094, expected: &quot;2505.29 zł&quot;)" computerName="DESKTOP-5URQ9PB" duration="00:00:00.0000066" startTime="2022-06-13T21:15:36.9637543+02:00" endTime="2022-06-13T21:15:36.9637544+02:00" testType="13cdc9d9-ddb5-4fa4-a97d-d965ccfc6d4b" outcome="Passed" testListId="8c84fa94-04c1-424b-9868-57a2d4851a1d" relativeResultsDirectory="84706b9c-9472-4eae-8b7d-07bb2c6db3a9" />
    <UnitTestResult executionId="dcb5c029-1462-4f8f-ac23-9a90b6e50e3c" testId="33ba7c37-d825-e74e-e294-1a6f561fb224" testName="xUnitTestProject.CurrencyHelperTests.FormatToStringTest1000(price: 22248.263319677797, expected: &quot;22248.26 zł&quot;)" computerName="DESKTOP-5URQ9PB" duration="00:00:00.0000056" startTime="2022-06-13T21:15:36.9341100+02:00" endTime="2022-06-13T21:15:36.9341102+02:00" testType="13cdc9d9-ddb5-4fa4-a97d-d965ccfc6d4b" outcome="Passed" testListId="8c84fa94-04c1-424b-9868-57a2d4851a1d" relativeResultsDirectory="dcb5c029-1462-4f8f-ac23-9a90b6e50e3c" />
    <UnitTestResult executionId="05805fbc-de00-43d8-960e-24fc64e82315" testId="b28ab50d-11be-d323-527c-bc8feda9af8a" testName="xUnitTestProject.CurrencyHelperTests.FormatToStringTest1000(price: 4555.538255205163, expected: &quot;4555.54 zł&quot;)" computerName="DESKTOP-5URQ9PB" duration="00:00:00.0000056" startTime="2022-06-13T21:15:36.9529153+02:00" endTime="2022-06-13T21:15:36.9529154+02:00" testType="13cdc9d9-ddb5-4fa4-a97d-d965ccfc6d4b" outcome="Passed" testListId="8c84fa94-04c1-424b-9868-57a2d4851a1d" relativeResultsDirectory="05805fbc-de00-43d8-960e-24fc64e82315" />
    <UnitTestResult executionId="e794eed8-8078-49b5-92b3-4b1daa8b9e4a" testId="028a745a-d396-f185-341f-56b2c46b3ca2" testName="xUnitTestProject.CurrencyHelperTests.FormatToStringTest1000(price: 66945.02904917022, expected: &quot;66945.03 zł&quot;)" computerName="DESKTOP-5URQ9PB" duration="00:00:00.0000048" startTime="2022-06-13T21:15:36.8990363+02:00" endTime="2022-06-13T21:15:36.8990364+02:00" testType="13cdc9d9-ddb5-4fa4-a97d-d965ccfc6d4b" outcome="Passed" testListId="8c84fa94-04c1-424b-9868-57a2d4851a1d" relativeResultsDirectory="e794eed8-8078-49b5-92b3-4b1daa8b9e4a" />
    <UnitTestResult executionId="34b3c1ea-1f97-4d3d-97e9-f6c14370372c" testId="f54965f2-1519-0721-6d19-cf1386c23793" testName="xUnitTestProject.CurrencyHelperTests.FormatToStringTest1000(price: 8242.419043611, expected: &quot;8242.42 zł&quot;)" computerName="DESKTOP-5URQ9PB" duration="00:00:00.0000039" startTime="2022-06-13T21:15:36.9811116+02:00" endTime="2022-06-13T21:15:36.9811117+02:00" testType="13cdc9d9-ddb5-4fa4-a97d-d965ccfc6d4b" outcome="Passed" testListId="8c84fa94-04c1-424b-9868-57a2d4851a1d" relativeResultsDirectory="34b3c1ea-1f97-4d3d-97e9-f6c14370372c" />
    <UnitTestResult executionId="2e42f444-e900-49e2-afcc-f8729275e26f" testId="6dcc8842-a927-f371-cf06-32198da79abc" testName="xUnitTestProject.CurrencyHelperTests.FormatToStringTest1000(price: 17455.15807988595, expected: &quot;17455.16 zł&quot;)" computerName="DESKTOP-5URQ9PB" duration="00:00:00.0000039" startTime="2022-06-13T21:15:36.9975734+02:00" endTime="2022-06-13T21:15:36.9975735+02:00" testType="13cdc9d9-ddb5-4fa4-a97d-d965ccfc6d4b" outcome="Passed" testListId="8c84fa94-04c1-424b-9868-57a2d4851a1d" relativeResultsDirectory="2e42f444-e900-49e2-afcc-f8729275e26f" />
    <UnitTestResult executionId="c72cf7d4-c71d-4387-976e-0d1cc8f430ac" testId="95359d07-8287-2be5-3354-cb2f7f60a3bf" testName="xUnitTestProject.CurrencyHelperTests.FormatToStringTest1000(price: 6417.5922460628635, expected: &quot;6417.59 zł&quot;)" computerName="DESKTOP-5URQ9PB" duration="00:00:00.0000038" startTime="2022-06-13T21:15:36.9066185+02:00" endTime="2022-06-13T21:15:36.9066186+02:00" testType="13cdc9d9-ddb5-4fa4-a97d-d965ccfc6d4b" outcome="Passed" testListId="8c84fa94-04c1-424b-9868-57a2d4851a1d" relativeResultsDirectory="c72cf7d4-c71d-4387-976e-0d1cc8f430ac" />
    <UnitTestResult executionId="8eb10341-b002-461d-ae03-1194e854ce3b" testId="0af3eea6-5817-a867-a6c4-92fe1e3e316c" testName="xUnitTestProject.CurrencyHelperTests.FormatToStringTest1000(price: 9624.06628225188, expected: &quot;9624.07 zł&quot;)" computerName="DESKTOP-5URQ9PB" duration="00:00:00.0000038" startTime="2022-06-13T21:15:36.9830611+02:00" endTime="2022-06-13T21:15:36.9830613+02:00" testType="13cdc9d9-ddb5-4fa4-a97d-d965ccfc6d4b" outcome="Passed" testListId="8c84fa94-04c1-424b-9868-57a2d4851a1d" relativeResultsDirectory="8eb10341-b002-461d-ae03-1194e854ce3b" />
    <UnitTestResult executionId="ea4ba15c-5de8-4051-bdce-23f43b5701a4" testId="0a8dd3d5-59e9-8093-402f-f8fc213265ce" testName="xUnitTestProject.CurrencyHelperTests.FormatToStringTest1000(price: 11022.594234092438, expected: &quot;11022.59 zł&quot;)" computerName="DESKTOP-5URQ9PB" duration="00:00:00.0000039" startTime="2022-06-13T21:15:36.8915609+02:00" endTime="2022-06-13T21:15:36.8915610+02:00" testType="13cdc9d9-ddb5-4fa4-a97d-d965ccfc6d4b" outcome="Passed" testListId="8c84fa94-04c1-424b-9868-57a2d4851a1d" relativeResultsDirectory="ea4ba15c-5de8-4051-bdce-23f43b5701a4" />
    <UnitTestResult executionId="bc9efd17-1f6a-4264-9bae-cafc0a23f2c7" testId="85835fd9-2c0e-82ff-767f-a5379021f4f3" testName="xUnitTestProject.CurrencyHelperTests.FormatToStringTest1000(price: 480.2082316857801, expected: &quot;480.21 zł&quot;)" computerName="DESKTOP-5URQ9PB" duration="00:00:00.0000038" startTime="2022-06-13T21:15:36.9860441+02:00" endTime="2022-06-13T21:15:36.9860443+02:00" testType="13cdc9d9-ddb5-4fa4-a97d-d965ccfc6d4b" outcome="Passed" testListId="8c84fa94-04c1-424b-9868-57a2d4851a1d" relativeResultsDirectory="bc9efd17-1f6a-4264-9bae-cafc0a23f2c7" />
    <UnitTestResult executionId="b6d693ae-489d-4dd1-aabd-b91a7349d680" testId="c9010c04-7ef0-ce4b-7d42-778e915f5883" testName="xUnitTestProject.CurrencyHelperTests.FormatToStringTest1000(price: 31300.40752580967, expected: &quot;31300.41 zł&quot;)" computerName="DESKTOP-5URQ9PB" duration="00:00:00.0000063" startTime="2022-06-13T21:15:36.9457448+02:00" endTime="2022-06-13T21:15:36.9457449+02:00" testType="13cdc9d9-ddb5-4fa4-a97d-d965ccfc6d4b" outcome="Passed" testListId="8c84fa94-04c1-424b-9868-57a2d4851a1d" relativeResultsDirectory="b6d693ae-489d-4dd1-aabd-b91a7349d680" />
    <UnitTestResult executionId="4ddd169c-9b8a-4377-9c6e-365411f7b631" testId="b4f18443-22cf-826b-3478-6d5f920e371c" testName="xUnitTestProject.CurrencyHelperTests.FormatToStringTest1000(price: 72659.37876478041, expected: &quot;72659.38 zł&quot;)" computerName="DESKTOP-5URQ9PB" duration="00:00:00.0000039" startTime="2022-06-13T21:15:37.0049056+02:00" endTime="2022-06-13T21:15:37.0049057+02:00" testType="13cdc9d9-ddb5-4fa4-a97d-d965ccfc6d4b" outcome="Passed" testListId="8c84fa94-04c1-424b-9868-57a2d4851a1d" relativeResultsDirectory="4ddd169c-9b8a-4377-9c6e-365411f7b631" />
    <UnitTestResult executionId="f00ca124-196f-4b02-80a9-38325965c8b1" testId="b093b261-89e9-1453-0b15-6960031e6c14" testName="xUnitTestProject.CurrencyHelperTests.FormatToStringTest1000(price: 36969.98585167247, expected: &quot;36969.99 zł&quot;)" computerName="DESKTOP-5URQ9PB" duration="00:00:00.0000059" startTime="2022-06-13T21:15:36.9559336+02:00" endTime="2022-06-13T21:15:36.9559337+02:00" testType="13cdc9d9-ddb5-4fa4-a97d-d965ccfc6d4b" outcome="Passed" testListId="8c84fa94-04c1-424b-9868-57a2d4851a1d" relativeResultsDirectory="f00ca124-196f-4b02-80a9-38325965c8b1" />
    <UnitTestResult executionId="62defcfe-4c44-4643-be8c-032361b1b628" testId="8783f986-8eac-ac9c-2b17-d1518f607836" testName="xUnitTestProject.CurrencyHelperTests.FormatToStringTest1000(price: 7789.7136237517525, expected: &quot;7789.71 zł&quot;)" computerName="DESKTOP-5URQ9PB" duration="00:00:00.0000040" startTime="2022-06-13T21:15:36.9177690+02:00" endTime="2022-06-13T21:15:36.9177692+02:00" testType="13cdc9d9-ddb5-4fa4-a97d-d965ccfc6d4b" outcome="Passed" testListId="8c84fa94-04c1-424b-9868-57a2d4851a1d" relativeResultsDirectory="62defcfe-4c44-4643-be8c-032361b1b628" />
    <UnitTestResult executionId="1d4c2081-eb05-4c45-be16-5742c02f2bff" testId="9e60da1f-2da8-eacc-63f9-9c91b8a7e042" testName="xUnitTestProject.CurrencyHelperTests.FormatToStringTest1000(price: 11922.837782177532, expected: &quot;11922.84 zł&quot;)" computerName="DESKTOP-5URQ9PB" duration="00:00:00.0000040" startTime="2022-06-13T21:15:36.9742932+02:00" endTime="2022-06-13T21:15:36.9742933+02:00" testType="13cdc9d9-ddb5-4fa4-a97d-d965ccfc6d4b" outcome="Passed" testListId="8c84fa94-04c1-424b-9868-57a2d4851a1d" relativeResultsDirectory="1d4c2081-eb05-4c45-be16-5742c02f2bff" />
    <UnitTestResult executionId="87fcc799-15e3-481f-b907-32dfe31e3edf" testId="0ced2539-ec58-b3a8-188d-e014bf456555" testName="xUnitTestProject.CurrencyHelperTests.FormatToStringTest1000(price: 66284.43763489948, expected: &quot;66284.44 zł&quot;)" computerName="DESKTOP-5URQ9PB" duration="00:00:00.0000060" startTime="2022-06-13T21:15:36.9579122+02:00" endTime="2022-06-13T21:15:36.9579123+02:00" testType="13cdc9d9-ddb5-4fa4-a97d-d965ccfc6d4b" outcome="Passed" testListId="8c84fa94-04c1-424b-9868-57a2d4851a1d" relativeResultsDirectory="87fcc799-15e3-481f-b907-32dfe31e3edf" />
    <UnitTestResult executionId="800a8cd5-0b0d-404e-bf8f-7687634bbc35" testId="e6cc0868-2b09-9996-1473-6fd522e2da29" testName="xUnitTestProject.CurrencyHelperTests.FormatToStringTest1000(price: 26885.71162707904, expected: &quot;26885.71 zł&quot;)" computerName="DESKTOP-5URQ9PB" duration="00:00:00.0000039" startTime="2022-06-13T21:15:36.8936138+02:00" endTime="2022-06-13T21:15:36.8936139+02:00" testType="13cdc9d9-ddb5-4fa4-a97d-d965ccfc6d4b" outcome="Passed" testListId="8c84fa94-04c1-424b-9868-57a2d4851a1d" relativeResultsDirectory="800a8cd5-0b0d-404e-bf8f-7687634bbc35" />
    <UnitTestResult executionId="44df7b0c-50d4-4838-b2b0-6b6d3957077d" testId="c1457a00-5932-b692-d468-5af96619c895" testName="xUnitTestProject.CurrencyHelperTests.FormatToStringTest1000(price: 29508.077101491428, expected: &quot;29508.08 zł&quot;)" computerName="DESKTOP-5URQ9PB" duration="00:00:00.0000058" startTime="2022-06-13T21:15:36.9291700+02:00" endTime="2022-06-13T21:15:36.9291705+02:00" testType="13cdc9d9-ddb5-4fa4-a97d-d965ccfc6d4b" outcome="Passed" testListId="8c84fa94-04c1-424b-9868-57a2d4851a1d" relativeResultsDirectory="44df7b0c-50d4-4838-b2b0-6b6d3957077d" />
    <UnitTestResult executionId="cb1fe297-cf99-4f78-ac0e-38508fe5f121" testId="f2b68a15-ef7c-c26b-ffdd-eb9ae7067bca" testName="xUnitTestProject.CurrencyHelperTests.FormatToStringTest1000(price: 58191.92113629585, expected: &quot;58191.92 zł&quot;)" computerName="DESKTOP-5URQ9PB" duration="00:00:00.0000056" startTime="2022-06-13T21:15:36.9253264+02:00" endTime="2022-06-13T21:15:36.9253266+02:00" testType="13cdc9d9-ddb5-4fa4-a97d-d965ccfc6d4b" outcome="Passed" testListId="8c84fa94-04c1-424b-9868-57a2d4851a1d" relativeResultsDirectory="cb1fe297-cf99-4f78-ac0e-38508fe5f121" />
    <UnitTestResult executionId="6b7cedb1-c7fa-4472-a4f0-9b0224e46b13" testId="7c3ffa01-e97c-2ed2-ce73-5d584269f0e2" testName="xUnitTestProject.CurrencyHelperTests.FormatToStringTest1000(price: 32213.734885384205, expected: &quot;32213.73 zł&quot;)" computerName="DESKTOP-5URQ9PB" duration="00:00:00.0000058" startTime="2022-06-13T21:15:36.9404437+02:00" endTime="2022-06-13T21:15:36.9404438+02:00" testType="13cdc9d9-ddb5-4fa4-a97d-d965ccfc6d4b" outcome="Passed" testListId="8c84fa94-04c1-424b-9868-57a2d4851a1d" relativeResultsDirectory="6b7cedb1-c7fa-4472-a4f0-9b0224e46b13" />
    <UnitTestResult executionId="7cee982f-f4bb-4009-a7ad-4c0c1e0e472a" testId="a2cb1a23-585c-77f0-4371-0762318d91ff" testName="xUnitTestProject.CurrencyHelperTests.FormatToStringTest1000(price: 61324.33752458279, expected: &quot;61324.34 zł&quot;)" computerName="DESKTOP-5URQ9PB" duration="00:00:00.0000039" startTime="2022-06-13T21:15:36.9685977+02:00" endTime="2022-06-13T21:15:36.9685978+02:00" testType="13cdc9d9-ddb5-4fa4-a97d-d965ccfc6d4b" outcome="Passed" testListId="8c84fa94-04c1-424b-9868-57a2d4851a1d" relativeResultsDirectory="7cee982f-f4bb-4009-a7ad-4c0c1e0e472a" />
    <UnitTestResult executionId="48e61c05-e958-48b3-9cc5-1b433eb1e72d" testId="b7f26b3d-6733-f07e-6f15-9b6ddb83ad50" testName="xUnitTestProject.CurrencyHelperTests.FormatToStringTest1000(price: 9517.514896326473, expected: &quot;9517.51 zł&quot;)" computerName="DESKTOP-5URQ9PB" duration="00:00:00.0000058" startTime="2022-06-13T21:15:36.9351755+02:00" endTime="2022-06-13T21:15:36.9351757+02:00" testType="13cdc9d9-ddb5-4fa4-a97d-d965ccfc6d4b" outcome="Passed" testListId="8c84fa94-04c1-424b-9868-57a2d4851a1d" relativeResultsDirectory="48e61c05-e958-48b3-9cc5-1b433eb1e72d" />
    <UnitTestResult executionId="8788ca15-f609-4ba7-8e1c-c5b8308c32c4" testId="0b4d877e-fce2-536e-a6f4-e4fbe4e6e47c" testName="xUnitTestProject.CurrencyHelperTests.FormatToStringTest1000(price: 4919.073526169674, expected: &quot;4919.07 zł&quot;)" computerName="DESKTOP-5URQ9PB" duration="00:00:00.0000056" startTime="2022-06-13T21:15:36.9645940+02:00" endTime="2022-06-13T21:15:36.9645942+02:00" testType="13cdc9d9-ddb5-4fa4-a97d-d965ccfc6d4b" outcome="Passed" testListId="8c84fa94-04c1-424b-9868-57a2d4851a1d" relativeResultsDirectory="8788ca15-f609-4ba7-8e1c-c5b8308c32c4" />
    <UnitTestResult executionId="18687579-25f4-4d1a-bf9a-efbae6d73eed" testId="8e844c73-d78c-9c16-d82a-bbf068ddf1ce" testName="xUnitTestProject.CurrencyHelperTests.FormatToStringTest1000(price: 45887.58415794167, expected: &quot;45887.58 zł&quot;)" computerName="DESKTOP-5URQ9PB" duration="00:00:00.0000040" startTime="2022-06-13T21:15:36.9958509+02:00" endTime="2022-06-13T21:15:36.9958511+02:00" testType="13cdc9d9-ddb5-4fa4-a97d-d965ccfc6d4b" outcome="Passed" testListId="8c84fa94-04c1-424b-9868-57a2d4851a1d" relativeResultsDirectory="18687579-25f4-4d1a-bf9a-efbae6d73eed" />
    <UnitTestResult executionId="f1ea9141-b354-4397-bd0c-84d09499793b" testId="f15540c1-ce27-2f60-c3f9-161af09be8cd" testName="xUnitTestProject.CurrencyHelperTests.FormatToStringTest1000(price: 57713.01647853712, expected: &quot;57713.02 zł&quot;)" computerName="DESKTOP-5URQ9PB" duration="00:00:00.0000039" startTime="2022-06-13T21:15:36.9889524+02:00" endTime="2022-06-13T21:15:36.9889526+02:00" testType="13cdc9d9-ddb5-4fa4-a97d-d965ccfc6d4b" outcome="Passed" testListId="8c84fa94-04c1-424b-9868-57a2d4851a1d" relativeResultsDirectory="f1ea9141-b354-4397-bd0c-84d09499793b" />
    <UnitTestResult executionId="a0439568-e8ad-49f7-bcc7-ab92c850f0b3" testId="3fa3f1d2-90bc-c93b-b647-8aef449b689a" testName="xUnitTestProject.CurrencyHelperTests.FormatToStringTest1000(price: 27852.532163303127, expected: &quot;27852.53 zł&quot;)" computerName="DESKTOP-5URQ9PB" duration="00:00:00.0000038" startTime="2022-06-13T21:15:36.9792803+02:00" endTime="2022-06-13T21:15:36.9792804+02:00" testType="13cdc9d9-ddb5-4fa4-a97d-d965ccfc6d4b" outcome="Passed" testListId="8c84fa94-04c1-424b-9868-57a2d4851a1d" relativeResultsDirectory="a0439568-e8ad-49f7-bcc7-ab92c850f0b3" />
    <UnitTestResult executionId="0e0e0f9b-9290-4741-8428-f3f19dc63748" testId="3d5d455f-8b5b-9efe-5bfb-ffa440cd9adb" testName="xUnitTestProject.CurrencyHelperTests.FormatToStringTest1000(price: 34145.534199603615, expected: &quot;34145.53 zł&quot;)" computerName="DESKTOP-5URQ9PB" duration="00:00:00.0000056" startTime="2022-06-13T21:15:36.9520076+02:00" endTime="2022-06-13T21:15:36.9520077+02:00" testType="13cdc9d9-ddb5-4fa4-a97d-d965ccfc6d4b" outcome="Passed" testListId="8c84fa94-04c1-424b-9868-57a2d4851a1d" relativeResultsDirectory="0e0e0f9b-9290-4741-8428-f3f19dc63748" />
    <UnitTestResult executionId="6f0b7ade-65a3-480c-b3b1-2036d4b97d30" testId="b2d498a1-af9b-33b8-aa18-e8644e9da7f1" testName="xUnitTestProject.CurrencyHelperTests.FormatToStringTest1000(price: 12379.347974640013, expected: &quot;12379.35 zł&quot;)" computerName="DESKTOP-5URQ9PB" duration="00:00:00.0000038" startTime="2022-06-13T21:15:36.9831234+02:00" endTime="2022-06-13T21:15:36.9831236+02:00" testType="13cdc9d9-ddb5-4fa4-a97d-d965ccfc6d4b" outcome="Passed" testListId="8c84fa94-04c1-424b-9868-57a2d4851a1d" relativeResultsDirectory="6f0b7ade-65a3-480c-b3b1-2036d4b97d30" />
    <UnitTestResult executionId="6d40235b-a5ad-4509-af56-faa1a386b328" testId="ae81390e-96a7-cf30-3a99-7ea7ca8436a2" testName="xUnitTestProject.CurrencyHelperTests.FormatToStringTest1000(price: 16282.687804925576, expected: &quot;16282.69 zł&quot;)" computerName="DESKTOP-5URQ9PB" duration="00:00:00.0000056" startTime="2022-06-13T21:15:36.9427810+02:00" endTime="2022-06-13T21:15:36.9427812+02:00" testType="13cdc9d9-ddb5-4fa4-a97d-d965ccfc6d4b" outcome="Passed" testListId="8c84fa94-04c1-424b-9868-57a2d4851a1d" relativeResultsDirectory="6d40235b-a5ad-4509-af56-faa1a386b328" />
    <UnitTestResult executionId="c13c3a46-41e1-40c8-80ad-260dcab7539e" testId="18167db3-c21a-1968-f83d-cf6f5b58219d" testName="xUnitTestProject.CurrencyHelperTests.FormatToStringTest1000(price: 14480.387652530982, expected: &quot;14480.39 zł&quot;)" computerName="DESKTOP-5URQ9PB" duration="00:00:00.0000058" startTime="2022-06-13T21:15:36.9274277+02:00" endTime="2022-06-13T21:15:36.9274279+02:00" testType="13cdc9d9-ddb5-4fa4-a97d-d965ccfc6d4b" outcome="Passed" testListId="8c84fa94-04c1-424b-9868-57a2d4851a1d" relativeResultsDirectory="c13c3a46-41e1-40c8-80ad-260dcab7539e" />
    <UnitTestResult executionId="ecf49c9c-4345-4250-aaf6-1e53f15b10bf" testId="0a42a686-a011-6952-a95e-fae33dbe0b19" testName="xUnitTestProject.CurrencyHelperTests.FormatToStringTest1000(price: 26515.80237687929, expected: &quot;26515.80 zł&quot;)" computerName="DESKTOP-5URQ9PB" duration="00:00:00.0000039" startTime="2022-06-13T21:15:36.9890868+02:00" endTime="2022-06-13T21:15:36.9890869+02:00" testType="13cdc9d9-ddb5-4fa4-a97d-d965ccfc6d4b" outcome="Passed" testListId="8c84fa94-04c1-424b-9868-57a2d4851a1d" relativeResultsDirectory="ecf49c9c-4345-4250-aaf6-1e53f15b10bf" />
    <UnitTestResult executionId="734bf28a-a9ba-4120-b8a9-8e08283d40de" testId="6bf29abc-b7d1-2681-6ab5-01a37d1208f2" testName="xUnitTestProject.CurrencyHelperTests.FormatToStringTest1000(price: 15414.175096961751, expected: &quot;15414.18 zł&quot;)" computerName="DESKTOP-5URQ9PB" duration="00:00:00.0000039" startTime="2022-06-13T21:15:36.9686608+02:00" endTime="2022-06-13T21:15:36.9686609+02:00" testType="13cdc9d9-ddb5-4fa4-a97d-d965ccfc6d4b" outcome="Passed" testListId="8c84fa94-04c1-424b-9868-57a2d4851a1d" relativeResultsDirectory="734bf28a-a9ba-4120-b8a9-8e08283d40de" />
    <UnitTestResult executionId="75616ba3-c672-4bc2-96f3-0ad0a73ca587" testId="8491f0a3-ed14-5fdd-d64c-af335660b6b8" testName="xUnitTestProject.CurrencyHelperTests.FormatToStringTest1000(price: 25376.6225052097, expected: &quot;25376.62 zł&quot;)" computerName="DESKTOP-5URQ9PB" duration="00:00:00.0000038" startTime="2022-06-13T21:15:36.9675229+02:00" endTime="2022-06-13T21:15:36.9675231+02:00" testType="13cdc9d9-ddb5-4fa4-a97d-d965ccfc6d4b" outcome="Passed" testListId="8c84fa94-04c1-424b-9868-57a2d4851a1d" relativeResultsDirectory="75616ba3-c672-4bc2-96f3-0ad0a73ca587" />
    <UnitTestResult executionId="2bbcb56e-d970-4a82-a867-cb09d919335f" testId="31031da7-a7ef-21d8-df85-bc08b8725f11" testName="xUnitTestProject.CurrencyHelperTests.FormatToStringTest1000(price: 16571.355536101553, expected: &quot;16571.36 zł&quot;)" computerName="DESKTOP-5URQ9PB" duration="00:00:00.0000040" startTime="2022-06-13T21:15:36.9149034+02:00" endTime="2022-06-13T21:15:36.9149036+02:00" testType="13cdc9d9-ddb5-4fa4-a97d-d965ccfc6d4b" outcome="Passed" testListId="8c84fa94-04c1-424b-9868-57a2d4851a1d" relativeResultsDirectory="2bbcb56e-d970-4a82-a867-cb09d919335f" />
    <UnitTestResult executionId="9b882557-c7f9-4ef9-81e4-2fb299029072" testId="127fb78e-ed01-3534-55cd-9f963056d67f" testName="xUnitTestProject.CurrencyHelperTests.FormatToStringTest1000(price: 13855.30239352505, expected: &quot;13855.30 zł&quot;)" computerName="DESKTOP-5URQ9PB" duration="00:00:00.0000040" startTime="2022-06-13T21:15:36.9949596+02:00" endTime="2022-06-13T21:15:36.9949597+02:00" testType="13cdc9d9-ddb5-4fa4-a97d-d965ccfc6d4b" outcome="Passed" testListId="8c84fa94-04c1-424b-9868-57a2d4851a1d" relativeResultsDirectory="9b882557-c7f9-4ef9-81e4-2fb299029072" />
    <UnitTestResult executionId="dfbdf748-2b5e-46b2-a1e6-587d6911b023" testId="4efa35ac-3125-a521-7208-253d92298a56" testName="xUnitTestProject.CurrencyHelperTests.FormatToStringTest1000(price: 25908.345463821825, expected: &quot;25908.35 zł&quot;)" computerName="DESKTOP-5URQ9PB" duration="00:00:00.0000040" startTime="2022-06-13T21:15:36.9810492+02:00" endTime="2022-06-13T21:15:36.9810493+02:00" testType="13cdc9d9-ddb5-4fa4-a97d-d965ccfc6d4b" outcome="Passed" testListId="8c84fa94-04c1-424b-9868-57a2d4851a1d" relativeResultsDirectory="dfbdf748-2b5e-46b2-a1e6-587d6911b023" />
    <UnitTestResult executionId="06baae19-d133-4a53-b870-d591747e9213" testId="5e1c3933-e4f7-a4af-71e7-871c86d36adf" testName="xUnitTestProject.CurrencyHelperTests.FormatToStringTest1000(price: 18596.12661189033, expected: &quot;18596.13 zł&quot;)" computerName="DESKTOP-5URQ9PB" duration="00:00:00.0000056" startTime="2022-06-13T21:15:36.9372206+02:00" endTime="2022-06-13T21:15:36.9372207+02:00" testType="13cdc9d9-ddb5-4fa4-a97d-d965ccfc6d4b" outcome="Passed" testListId="8c84fa94-04c1-424b-9868-57a2d4851a1d" relativeResultsDirectory="06baae19-d133-4a53-b870-d591747e9213" />
    <UnitTestResult executionId="ba03bce3-9be9-42ee-9b9b-f88fe139d5f5" testId="248dc14a-7b24-2159-ea3a-30144e961aa7" testName="xUnitTestProject.CurrencyHelperTests.FormatToStringTest1000(price: 48544.390887578666, expected: &quot;48544.39 zł&quot;)" computerName="DESKTOP-5URQ9PB" duration="00:00:00.0000040" startTime="2022-06-13T21:15:37.0076258+02:00" endTime="2022-06-13T21:15:37.0076262+02:00" testType="13cdc9d9-ddb5-4fa4-a97d-d965ccfc6d4b" outcome="Passed" testListId="8c84fa94-04c1-424b-9868-57a2d4851a1d" relativeResultsDirectory="ba03bce3-9be9-42ee-9b9b-f88fe139d5f5" />
    <UnitTestResult executionId="9fc76e94-0b9b-4aab-a236-a98f64b0d50a" testId="ff8ddb46-4b79-2ee0-2d36-ef22ba3dcd81" testName="xUnitTestProject.CurrencyHelperTests.FormatToStringTest1000(price: 6262.373413993219, expected: &quot;6262.37 zł&quot;)" computerName="DESKTOP-5URQ9PB" duration="00:00:00.0000039" startTime="2022-06-13T21:15:36.8979550+02:00" endTime="2022-06-13T21:15:36.8979552+02:00" testType="13cdc9d9-ddb5-4fa4-a97d-d965ccfc6d4b" outcome="Passed" testListId="8c84fa94-04c1-424b-9868-57a2d4851a1d" relativeResultsDirectory="9fc76e94-0b9b-4aab-a236-a98f64b0d50a" />
    <UnitTestResult executionId="2283ab71-8234-47c0-a917-94885ead75e8" testId="c6463145-e835-b32e-9815-611f61fa5540" testName="xUnitTestProject.CurrencyHelperTests.FormatToStringTest1000(price: 9190.067404299076, expected: &quot;9190.07 zł&quot;)" computerName="DESKTOP-5URQ9PB" duration="00:00:00.0000041" startTime="2022-06-13T21:15:37.0006606+02:00" endTime="2022-06-13T21:15:37.0006607+02:00" testType="13cdc9d9-ddb5-4fa4-a97d-d965ccfc6d4b" outcome="Passed" testListId="8c84fa94-04c1-424b-9868-57a2d4851a1d" relativeResultsDirectory="2283ab71-8234-47c0-a917-94885ead75e8" />
    <UnitTestResult executionId="61b2d092-3541-45fd-ac6f-c28062bc385f" testId="ecb76390-c6f7-bfa0-1a99-45634c606ddc" testName="xUnitTestProject.CurrencyHelperTests.FormatToStringTest1000(price: 35248.53555717996, expected: &quot;35248.54 zł&quot;)" computerName="DESKTOP-5URQ9PB" duration="00:00:00.0000038" startTime="2022-06-13T21:15:36.9042492+02:00" endTime="2022-06-13T21:15:36.9042496+02:00" testType="13cdc9d9-ddb5-4fa4-a97d-d965ccfc6d4b" outcome="Passed" testListId="8c84fa94-04c1-424b-9868-57a2d4851a1d" relativeResultsDirectory="61b2d092-3541-45fd-ac6f-c28062bc385f" />
    <UnitTestResult executionId="dd1fb96a-1818-422c-a531-43cb53eeaed3" testId="f4a097ad-04f4-9e9c-b96f-49eb0101bd6d" testName="xUnitTestProject.CurrencyHelperTests.FormatToStringTest1000(price: 67898.54481444067, expected: &quot;67898.54 zł&quot;)" computerName="DESKTOP-5URQ9PB" duration="00:00:00.0000040" startTime="2022-06-13T21:15:36.8807173+02:00" endTime="2022-06-13T21:15:36.8807174+02:00" testType="13cdc9d9-ddb5-4fa4-a97d-d965ccfc6d4b" outcome="Passed" testListId="8c84fa94-04c1-424b-9868-57a2d4851a1d" relativeResultsDirectory="dd1fb96a-1818-422c-a531-43cb53eeaed3" />
    <UnitTestResult executionId="2d933f11-24c3-418a-ab68-4781cebc29ae" testId="65d35c13-0e19-06e3-2b90-fbf07f6234bd" testName="xUnitTestProject.CurrencyHelperTests.FormatToStringTest1000(price: 63427.55325689332, expected: &quot;63427.55 zł&quot;)" computerName="DESKTOP-5URQ9PB" duration="00:00:00.0000039" startTime="2022-06-13T21:15:36.9010883+02:00" endTime="2022-06-13T21:15:36.9010887+02:00" testType="13cdc9d9-ddb5-4fa4-a97d-d965ccfc6d4b" outcome="Passed" testListId="8c84fa94-04c1-424b-9868-57a2d4851a1d" relativeResultsDirectory="2d933f11-24c3-418a-ab68-4781cebc29ae" />
    <UnitTestResult executionId="ee706248-53ed-4bfe-8a17-204dd7f6fdc8" testId="537f8fc0-34c4-479b-bc61-34b31d069aae" testName="xUnitTestProject.CurrencyHelperTests.FormatToStringTest1000(price: 88489.14069749469, expected: &quot;88489.14 zł&quot;)" computerName="DESKTOP-5URQ9PB" duration="00:00:00.0000056" startTime="2022-06-13T21:15:36.9510973+02:00" endTime="2022-06-13T21:15:36.9510974+02:00" testType="13cdc9d9-ddb5-4fa4-a97d-d965ccfc6d4b" outcome="Passed" testListId="8c84fa94-04c1-424b-9868-57a2d4851a1d" relativeResultsDirectory="ee706248-53ed-4bfe-8a17-204dd7f6fdc8" />
    <UnitTestResult executionId="98e190d5-5200-48b5-bfd7-8465d4cc238a" testId="5a63deb4-703f-d2ca-862c-112038163809" testName="xUnitTestProject.CurrencyHelperTests.FormatToStringTest1000(price: 25036.98767214035, expected: &quot;25036.99 zł&quot;)" computerName="DESKTOP-5URQ9PB" duration="00:00:00.0000038" startTime="2022-06-13T21:15:36.9107164+02:00" endTime="2022-06-13T21:15:36.9107165+02:00" testType="13cdc9d9-ddb5-4fa4-a97d-d965ccfc6d4b" outcome="Passed" testListId="8c84fa94-04c1-424b-9868-57a2d4851a1d" relativeResultsDirectory="98e190d5-5200-48b5-bfd7-8465d4cc238a" />
    <UnitTestResult executionId="47c4f126-c104-4de5-9d27-95e39996eb5e" testId="45dd66f1-81ef-9e8c-d39f-69c657dd300a" testName="xUnitTestProject.CurrencyHelperTests.FormatToStringTest1000(price: 2444.4726240530017, expected: &quot;2444.47 zł&quot;)" computerName="DESKTOP-5URQ9PB" duration="00:00:00.0000038" startTime="2022-06-13T21:15:36.9997255+02:00" endTime="2022-06-13T21:15:36.9997257+02:00" testType="13cdc9d9-ddb5-4fa4-a97d-d965ccfc6d4b" outcome="Passed" testListId="8c84fa94-04c1-424b-9868-57a2d4851a1d" relativeResultsDirectory="47c4f126-c104-4de5-9d27-95e39996eb5e" />
    <UnitTestResult executionId="49d06d61-7f21-4953-ad77-5e3086b00aea" testId="459b3c16-63b4-fc77-bb08-22086969eb93" testName="xUnitTestProject.CurrencyHelperTests.FormatToStringTest1000(price: 8599.45217413616, expected: &quot;8599.45 zł&quot;)" computerName="DESKTOP-5URQ9PB" duration="00:00:00.0000067" startTime="2022-06-13T21:15:36.9518171+02:00" endTime="2022-06-13T21:15:36.9518176+02:00" testType="13cdc9d9-ddb5-4fa4-a97d-d965ccfc6d4b" outcome="Passed" testListId="8c84fa94-04c1-424b-9868-57a2d4851a1d" relativeResultsDirectory="49d06d61-7f21-4953-ad77-5e3086b00aea" />
    <UnitTestResult executionId="c672678d-c640-413a-9b87-13fa459c35ff" testId="7704532e-ccf9-d396-cd75-b7b2cb63c0e8" testName="xUnitTestProject.CurrencyHelperTests.FormatToStringTest1000(price: 48449.85582609189, expected: &quot;48449.86 zł&quot;)" computerName="DESKTOP-5URQ9PB" duration="00:00:00.0000055" startTime="2022-06-13T21:15:36.9322885+02:00" endTime="2022-06-13T21:15:36.9322887+02:00" testType="13cdc9d9-ddb5-4fa4-a97d-d965ccfc6d4b" outcome="Passed" testListId="8c84fa94-04c1-424b-9868-57a2d4851a1d" relativeResultsDirectory="c672678d-c640-413a-9b87-13fa459c35ff" />
    <UnitTestResult executionId="e92ceab6-c0ac-4836-aa2d-fe5b61cd4c7a" testId="68224de9-ccec-a0b7-c8a8-a3c8c0c30259" testName="xUnitTestProject.CurrencyHelperTests.FormatToStringTest1000(price: 1669.555150571072, expected: &quot;1669.56 zł&quot;)" computerName="DESKTOP-5URQ9PB" duration="00:00:00.0000039" startTime="2022-06-13T21:15:36.9878488+02:00" endTime="2022-06-13T21:15:36.9878489+02:00" testType="13cdc9d9-ddb5-4fa4-a97d-d965ccfc6d4b" outcome="Passed" testListId="8c84fa94-04c1-424b-9868-57a2d4851a1d" relativeResultsDirectory="e92ceab6-c0ac-4836-aa2d-fe5b61cd4c7a" />
    <UnitTestResult executionId="0aafaab2-be91-4220-8bc9-7f02a31e282a" testId="0eee54e7-397f-944e-60ad-576b256307cf" testName="xUnitTestProject.CurrencyHelperTests.FormatToStringTest1000(price: 44499.288016808816, expected: &quot;44499.29 zł&quot;)" computerName="DESKTOP-5URQ9PB" duration="00:00:00.0000041" startTime="2022-06-13T21:15:36.8927234+02:00" endTime="2022-06-13T21:15:36.8927235+02:00" testType="13cdc9d9-ddb5-4fa4-a97d-d965ccfc6d4b" outcome="Passed" testListId="8c84fa94-04c1-424b-9868-57a2d4851a1d" relativeResultsDirectory="0aafaab2-be91-4220-8bc9-7f02a31e282a" />
    <UnitTestResult executionId="75528677-3a1d-4eb1-a56d-f3998e23491d" testId="d2e288cb-5b2d-9b97-c7c0-aed9f363013c" testName="xUnitTestProject.CurrencyHelperTests.FormatToStringTest1000(price: 9816.961298880615, expected: &quot;9816.96 zł&quot;)" computerName="DESKTOP-5URQ9PB" duration="00:00:00.0000040" startTime="2022-06-13T21:15:36.9801872+02:00" endTime="2022-06-13T21:15:36.9801873+02:00" testType="13cdc9d9-ddb5-4fa4-a97d-d965ccfc6d4b" outcome="Passed" testListId="8c84fa94-04c1-424b-9868-57a2d4851a1d" relativeResultsDirectory="75528677-3a1d-4eb1-a56d-f3998e23491d" />
    <UnitTestResult executionId="f788528b-02ad-4605-93c9-422891ccda20" testId="6517f205-88c6-f2fb-89fe-a931711e4343" testName="xUnitTestProject.CurrencyHelperTests.FormatToStringTest1000(price: 4116.417580192638, expected: &quot;4116.42 zł&quot;)" computerName="DESKTOP-5URQ9PB" duration="00:00:00.0000040" startTime="2022-06-13T21:15:36.9656884+02:00" endTime="2022-06-13T21:15:36.9656886+02:00" testType="13cdc9d9-ddb5-4fa4-a97d-d965ccfc6d4b" outcome="Passed" testListId="8c84fa94-04c1-424b-9868-57a2d4851a1d" relativeResultsDirectory="f788528b-02ad-4605-93c9-422891ccda20" />
    <UnitTestResult executionId="37a74e47-823f-4ce0-953d-a0ef47e2c931" testId="6b6f1069-86c1-e08a-6926-d89a012b7b47" testName="xUnitTestProject.CurrencyHelperTests.FormatToStringTest1000(price: 17315.72309779363, expected: &quot;17315.72 zł&quot;)" computerName="DESKTOP-5URQ9PB" duration="00:00:00.0000056" startTime="2022-06-13T21:15:36.9498454+02:00" endTime="2022-06-13T21:15:36.9498456+02:00" testType="13cdc9d9-ddb5-4fa4-a97d-d965ccfc6d4b" outcome="Passed" testListId="8c84fa94-04c1-424b-9868-57a2d4851a1d" relativeResultsDirectory="37a74e47-823f-4ce0-953d-a0ef47e2c931" />
    <UnitTestResult executionId="4bef526a-8dc6-4ff8-a584-c2e4409af96e" testId="f7339f67-966a-9543-e542-56a7562f05ad" testName="xUnitTestProject.CurrencyHelperTests.FormatToStringTest1000(price: 32566.30279101259, expected: &quot;32566.30 zł&quot;)" computerName="DESKTOP-5URQ9PB" duration="00:00:00.0000039" startTime="2022-06-13T21:15:36.9705201+02:00" endTime="2022-06-13T21:15:36.9705203+02:00" testType="13cdc9d9-ddb5-4fa4-a97d-d965ccfc6d4b" outcome="Passed" testListId="8c84fa94-04c1-424b-9868-57a2d4851a1d" relativeResultsDirectory="4bef526a-8dc6-4ff8-a584-c2e4409af96e" />
    <UnitTestResult executionId="6781034e-4990-42aa-b7da-09fc9d73d6c2" testId="daa9a8b5-17c1-3a27-8cd4-720e13369df8" testName="xUnitTestProject.CurrencyHelperTests.FormatToStringTest1000(price: 56373.35086238494, expected: &quot;56373.35 zł&quot;)" computerName="DESKTOP-5URQ9PB" duration="00:00:00.0000060" startTime="2022-06-13T21:15:36.9568660+02:00" endTime="2022-06-13T21:15:36.9568664+02:00" testType="13cdc9d9-ddb5-4fa4-a97d-d965ccfc6d4b" outcome="Passed" testListId="8c84fa94-04c1-424b-9868-57a2d4851a1d" relativeResultsDirectory="6781034e-4990-42aa-b7da-09fc9d73d6c2" />
    <UnitTestResult executionId="a84075d8-c099-4b0f-addb-ddace22fc055" testId="0095ae63-2136-ec44-562f-f92a8a9ed8f7" testName="xUnitTestProject.CurrencyHelperTests.FormatToStringTest1000(price: 4139.032615562451, expected: &quot;4139.03 zł&quot;)" computerName="DESKTOP-5URQ9PB" duration="00:00:00.0000059" startTime="2022-06-13T21:15:36.9558411+02:00" endTime="2022-06-13T21:15:36.9558412+02:00" testType="13cdc9d9-ddb5-4fa4-a97d-d965ccfc6d4b" outcome="Passed" testListId="8c84fa94-04c1-424b-9868-57a2d4851a1d" relativeResultsDirectory="a84075d8-c099-4b0f-addb-ddace22fc055" />
    <UnitTestResult executionId="fb0015bc-5a94-44c3-b970-e4ec17a0889c" testId="ff400e5b-d8ea-836f-c081-66cfe2473c87" testName="xUnitTestProject.CurrencyHelperTests.FormatToStringTest1000(price: 35967.54466809684, expected: &quot;35967.54 zł&quot;)" computerName="DESKTOP-5URQ9PB" duration="00:00:00.0000038" startTime="2022-06-13T21:15:36.9753238+02:00" endTime="2022-06-13T21:15:36.9753240+02:00" testType="13cdc9d9-ddb5-4fa4-a97d-d965ccfc6d4b" outcome="Passed" testListId="8c84fa94-04c1-424b-9868-57a2d4851a1d" relativeResultsDirectory="fb0015bc-5a94-44c3-b970-e4ec17a0889c" />
    <UnitTestResult executionId="75058b72-d7a4-4048-afc5-a2ebdfb0b6ca" testId="df98a0bb-288a-f0a3-8af8-186ed72a3b48" testName="xUnitTestProject.CurrencyHelperTests.FormatToStringTest1000(price: 10397.404523554447, expected: &quot;10397.40 zł&quot;)" computerName="DESKTOP-5URQ9PB" duration="00:00:00.0000056" startTime="2022-06-13T21:15:36.9446854+02:00" endTime="2022-06-13T21:15:36.9446856+02:00" testType="13cdc9d9-ddb5-4fa4-a97d-d965ccfc6d4b" outcome="Passed" testListId="8c84fa94-04c1-424b-9868-57a2d4851a1d" relativeResultsDirectory="75058b72-d7a4-4048-afc5-a2ebdfb0b6ca" />
    <UnitTestResult executionId="f55a26f9-70e8-4b99-b20a-65ebf203e125" testId="1385f442-8d64-2443-1088-0b70bf667165" testName="xUnitTestProject.CurrencyHelperTests.FormatToStringTest1000(price: 10461.455048841171, expected: &quot;10461.46 zł&quot;)" computerName="DESKTOP-5URQ9PB" duration="00:00:00.0000038" startTime="2022-06-13T21:15:36.9065880+02:00" endTime="2022-06-13T21:15:36.9065881+02:00" testType="13cdc9d9-ddb5-4fa4-a97d-d965ccfc6d4b" outcome="Passed" testListId="8c84fa94-04c1-424b-9868-57a2d4851a1d" relativeResultsDirectory="f55a26f9-70e8-4b99-b20a-65ebf203e125" />
    <UnitTestResult executionId="d512d236-66b0-465d-a3a3-5a825103e4e6" testId="97d8215e-c1fc-21f7-065d-165363a0a007" testName="xUnitTestProject.CurrencyHelperTests.FormatToStringTest1000(price: 2339.5873176472205, expected: &quot;2339.59 zł&quot;)" computerName="DESKTOP-5URQ9PB" duration="00:00:00.0000058" startTime="2022-06-13T21:15:36.9426819+02:00" endTime="2022-06-13T21:15:36.9426821+02:00" testType="13cdc9d9-ddb5-4fa4-a97d-d965ccfc6d4b" outcome="Passed" testListId="8c84fa94-04c1-424b-9868-57a2d4851a1d" relativeResultsDirectory="d512d236-66b0-465d-a3a3-5a825103e4e6" />
    <UnitTestResult executionId="44f1a177-2870-4ebb-8670-41b48bf48e08" testId="e1c5523d-f177-82aa-b8ad-0ce279495eeb" testName="xUnitTestProject.CurrencyHelperTests.FormatToStringTest1000(price: 6809.40195803037, expected: &quot;6809.40 zł&quot;)" computerName="DESKTOP-5URQ9PB" duration="00:00:00.0000040" startTime="2022-06-13T21:15:36.9841554+02:00" endTime="2022-06-13T21:15:36.9841555+02:00" testType="13cdc9d9-ddb5-4fa4-a97d-d965ccfc6d4b" outcome="Passed" testListId="8c84fa94-04c1-424b-9868-57a2d4851a1d" relativeResultsDirectory="44f1a177-2870-4ebb-8670-41b48bf48e08" />
    <UnitTestResult executionId="2a0821c6-3fe2-4975-9e93-3c07b53389bb" testId="dfaf8cc8-6c50-9b2f-464a-6475c413ade9" testName="xUnitTestProject.CurrencyHelperTests.FormatToStringTest1000(price: 67230.86250807665, expected: &quot;67230.86 zł&quot;)" computerName="DESKTOP-5URQ9PB" duration="00:00:00.0000038" startTime="2022-06-13T21:15:36.9976053+02:00" endTime="2022-06-13T21:15:36.9976055+02:00" testType="13cdc9d9-ddb5-4fa4-a97d-d965ccfc6d4b" outcome="Passed" testListId="8c84fa94-04c1-424b-9868-57a2d4851a1d" relativeResultsDirectory="2a0821c6-3fe2-4975-9e93-3c07b53389bb" />
    <UnitTestResult executionId="eb093800-377f-4c6d-8bc1-c12cc427fdc8" testId="b16fb8e5-3fa9-845c-9c70-ee0c0d261e2c" testName="xUnitTestProject.CurrencyHelperTests.FormatToStringTest1000(price: 24957.469502810607, expected: &quot;24957.47 zł&quot;)" computerName="DESKTOP-5URQ9PB" duration="00:00:00.0000059" startTime="2022-06-13T21:15:36.9332266+02:00" endTime="2022-06-13T21:15:36.9332268+02:00" testType="13cdc9d9-ddb5-4fa4-a97d-d965ccfc6d4b" outcome="Passed" testListId="8c84fa94-04c1-424b-9868-57a2d4851a1d" relativeResultsDirectory="eb093800-377f-4c6d-8bc1-c12cc427fdc8" />
    <UnitTestResult executionId="44def5f3-9575-4ae0-8f8c-3a06cc8be58d" testId="6590b071-f8b2-e4e3-3b40-027135dfc051" testName="xUnitTestProject.CurrencyHelperTests.FormatToStringTest1000(price: 62975.496334776515, expected: &quot;62975.50 zł&quot;)" computerName="DESKTOP-5URQ9PB" duration="00:00:00.0000039" startTime="2022-06-13T21:15:36.9167809+02:00" endTime="2022-06-13T21:15:36.9167810+02:00" testType="13cdc9d9-ddb5-4fa4-a97d-d965ccfc6d4b" outcome="Passed" testListId="8c84fa94-04c1-424b-9868-57a2d4851a1d" relativeResultsDirectory="44def5f3-9575-4ae0-8f8c-3a06cc8be58d" />
    <UnitTestResult executionId="bc0b7d42-b1f3-4aea-942f-5a7bb18eb568" testId="5ecde283-9d6a-9ecb-81fe-93b9560f7b73" testName="xUnitTestProject.CurrencyHelperTests.FormatToStringTest1000(price: 15669.698889610218, expected: &quot;15669.70 zł&quot;)" computerName="DESKTOP-5URQ9PB" duration="00:00:00.0000039" startTime="2022-06-13T21:15:36.9022768+02:00" endTime="2022-06-13T21:15:36.9022769+02:00" testType="13cdc9d9-ddb5-4fa4-a97d-d965ccfc6d4b" outcome="Passed" testListId="8c84fa94-04c1-424b-9868-57a2d4851a1d" relativeResultsDirectory="bc0b7d42-b1f3-4aea-942f-5a7bb18eb568" />
    <UnitTestResult executionId="7e11c2d6-618a-4370-a3d8-a8699d3777d3" testId="4e1f3ab2-e30f-84ab-8c3f-ffbda0a749a7" testName="xUnitTestProject.CurrencyHelperTests.FormatToStringTest1000(price: 6550.421588937948, expected: &quot;6550.42 zł&quot;)" computerName="DESKTOP-5URQ9PB" duration="00:00:00.0000041" startTime="2022-06-13T21:15:36.9869455+02:00" endTime="2022-06-13T21:15:36.9869457+02:00" testType="13cdc9d9-ddb5-4fa4-a97d-d965ccfc6d4b" outcome="Passed" testListId="8c84fa94-04c1-424b-9868-57a2d4851a1d" relativeResultsDirectory="7e11c2d6-618a-4370-a3d8-a8699d3777d3" />
    <UnitTestResult executionId="166a293d-5a40-4f16-b4d4-533e746af377" testId="688da5e9-d12f-3e2c-c7dd-72c1a87d6a78" testName="xUnitTestProject.CurrencyHelperTests.FormatToStringTest1000(price: 11904.111251175456, expected: &quot;11904.11 zł&quot;)" computerName="DESKTOP-5URQ9PB" duration="00:00:00.0000039" startTime="2022-06-13T21:15:36.9772083+02:00" endTime="2022-06-13T21:15:36.9772085+02:00" testType="13cdc9d9-ddb5-4fa4-a97d-d965ccfc6d4b" outcome="Passed" testListId="8c84fa94-04c1-424b-9868-57a2d4851a1d" relativeResultsDirectory="166a293d-5a40-4f16-b4d4-533e746af377" />
    <UnitTestResult executionId="974aa90d-e810-444e-81c0-523a0bd35df4" testId="71aa02e1-e075-142b-97e5-961b91ee4f3d" testName="xUnitTestProject.CurrencyHelperTests.FormatToStringTest1000(price: 1313.0279238368514, expected: &quot;1313.03 zł&quot;)" computerName="DESKTOP-5URQ9PB" duration="00:00:00.0000056" startTime="2022-06-13T21:15:36.9412807+02:00" endTime="2022-06-13T21:15:36.9412808+02:00" testType="13cdc9d9-ddb5-4fa4-a97d-d965ccfc6d4b" outcome="Passed" testListId="8c84fa94-04c1-424b-9868-57a2d4851a1d" relativeResultsDirectory="974aa90d-e810-444e-81c0-523a0bd35df4" />
    <UnitTestResult executionId="27843b81-9fa7-4380-83fd-64e3f9a4c613" testId="f1ddd1cb-937b-c6a5-5626-287e7f18daa2" testName="xUnitTestProject.CurrencyHelperTests.FormatToStringTest1000(price: 1751.1734380625066, expected: &quot;1751.17 zł&quot;)" computerName="DESKTOP-5URQ9PB" duration="00:00:00.0000053" startTime="2022-06-13T21:15:36.8805095+02:00" endTime="2022-06-13T21:15:36.8805097+02:00" testType="13cdc9d9-ddb5-4fa4-a97d-d965ccfc6d4b" outcome="Passed" testListId="8c84fa94-04c1-424b-9868-57a2d4851a1d" relativeResultsDirectory="27843b81-9fa7-4380-83fd-64e3f9a4c613" />
    <UnitTestResult executionId="11e6077a-8523-4d0f-a634-b08c0bef98f5" testId="3ca4075a-a7fb-92a5-3a91-aefa25efbece" testName="xUnitTestProject.CurrencyHelperTests.FormatToStringTest1000(price: 8542.520616738833, expected: &quot;8542.52 zł&quot;)" computerName="DESKTOP-5URQ9PB" duration="00:00:00.0000038" startTime="2022-06-13T21:15:36.9023695+02:00" endTime="2022-06-13T21:15:36.9023697+02:00" testType="13cdc9d9-ddb5-4fa4-a97d-d965ccfc6d4b" outcome="Passed" testListId="8c84fa94-04c1-424b-9868-57a2d4851a1d" relativeResultsDirectory="11e6077a-8523-4d0f-a634-b08c0bef98f5" />
    <UnitTestResult executionId="5b8e2bbe-6b06-4ea7-945f-b65471d33896" testId="1006d1f0-5b29-3f16-0e5d-80a2a40c26e6" testName="xUnitTestProject.CurrencyHelperTests.FormatToStringTest1000(price: 4002.4180488374172, expected: &quot;4002.42 zł&quot;)" computerName="DESKTOP-5URQ9PB" duration="00:00:00.0000043" startTime="2022-06-13T21:15:36.9012477+02:00" endTime="2022-06-13T21:15:36.9012479+02:00" testType="13cdc9d9-ddb5-4fa4-a97d-d965ccfc6d4b" outcome="Passed" testListId="8c84fa94-04c1-424b-9868-57a2d4851a1d" relativeResultsDirectory="5b8e2bbe-6b06-4ea7-945f-b65471d33896" />
    <UnitTestResult executionId="acbf04d0-703e-453e-9e73-1abe38a47044" testId="908bbb79-500c-f673-c8f4-2e8bf73bce40" testName="xUnitTestProject.CurrencyHelperTests.FormatToStringTest1000(price: 88616.03808168416, expected: &quot;88616.04 zł&quot;)" computerName="DESKTOP-5URQ9PB" duration="00:00:00.0000039" startTime="2022-06-13T21:15:36.9977028+02:00" endTime="2022-06-13T21:15:36.9977029+02:00" testType="13cdc9d9-ddb5-4fa4-a97d-d965ccfc6d4b" outcome="Passed" testListId="8c84fa94-04c1-424b-9868-57a2d4851a1d" relativeResultsDirectory="acbf04d0-703e-453e-9e73-1abe38a47044" />
    <UnitTestResult executionId="1ec67080-15ad-4430-bd48-9a6840fcd5e3" testId="0010af2c-264b-9fa0-ca85-4bef95661f34" testName="xUnitTestProject.CurrencyHelperTests.FormatToStringTest1000(price: 27506.397047390416, expected: &quot;27506.40 zł&quot;)" computerName="DESKTOP-5URQ9PB" duration="00:00:00.0000038" startTime="2022-06-13T21:15:36.9938689+02:00" endTime="2022-06-13T21:15:36.9938691+02:00" testType="13cdc9d9-ddb5-4fa4-a97d-d965ccfc6d4b" outcome="Passed" testListId="8c84fa94-04c1-424b-9868-57a2d4851a1d" relativeResultsDirectory="1ec67080-15ad-4430-bd48-9a6840fcd5e3" />
    <UnitTestResult executionId="c1bf549d-6300-4d1e-90ff-6433dbe30099" testId="af73f199-441a-68ae-4898-efc1663c19b9" testName="xUnitTestProject.CurrencyHelperTests.FormatToStringTest1000(price: 4636.500544966897, expected: &quot;4636.50 zł&quot;)" computerName="DESKTOP-5URQ9PB" duration="00:00:00.0000039" startTime="2022-06-13T21:15:36.9879512+02:00" endTime="2022-06-13T21:15:36.9879513+02:00" testType="13cdc9d9-ddb5-4fa4-a97d-d965ccfc6d4b" outcome="Passed" testListId="8c84fa94-04c1-424b-9868-57a2d4851a1d" relativeResultsDirectory="c1bf549d-6300-4d1e-90ff-6433dbe30099" />
    <UnitTestResult executionId="bc522814-bdce-4556-ba0f-38ca65860c77" testId="6741f227-11b2-eae5-6fc9-c96d18a30eb3" testName="xUnitTestProject.CurrencyHelperTests.FormatToStringTest1000(price: 964.9678631783313, expected: &quot;964.97 zł&quot;)" computerName="DESKTOP-5URQ9PB" duration="00:00:00.0000056" startTime="2022-06-13T21:15:36.9599117+02:00" endTime="2022-06-13T21:15:36.9599118+02:00" testType="13cdc9d9-ddb5-4fa4-a97d-d965ccfc6d4b" outcome="Passed" testListId="8c84fa94-04c1-424b-9868-57a2d4851a1d" relativeResultsDirectory="bc522814-bdce-4556-ba0f-38ca65860c77" />
    <UnitTestResult executionId="b1ce5632-c7e1-481a-b061-54d4d1431227" testId="b5a6747d-aa6b-3b3a-779c-c378aea09cd8" testName="xUnitTestProject.CurrencyHelperTests.FormatToStringTest1000(price: 782.6578288817116, expected: &quot;782.66 zł&quot;)" computerName="DESKTOP-5URQ9PB" duration="00:00:00.0000039" startTime="2022-06-13T21:15:36.9888846+02:00" endTime="2022-06-13T21:15:36.9888847+02:00" testType="13cdc9d9-ddb5-4fa4-a97d-d965ccfc6d4b" outcome="Passed" testListId="8c84fa94-04c1-424b-9868-57a2d4851a1d" relativeResultsDirectory="b1ce5632-c7e1-481a-b061-54d4d1431227" />
    <UnitTestResult executionId="50b589a4-e05e-4846-874f-85b50fa86cad" testId="ccb01d77-9abe-d52e-f6b1-1f27fb49d5d4" testName="xUnitTestProject.CurrencyHelperTests.FormatToStringTest1000(price: 2166.4103293970275, expected: &quot;2166.41 zł&quot;)" computerName="DESKTOP-5URQ9PB" duration="00:00:00.0000039" startTime="2022-06-13T21:15:36.9751258+02:00" endTime="2022-06-13T21:15:36.9751262+02:00" testType="13cdc9d9-ddb5-4fa4-a97d-d965ccfc6d4b" outcome="Passed" testListId="8c84fa94-04c1-424b-9868-57a2d4851a1d" relativeResultsDirectory="50b589a4-e05e-4846-874f-85b50fa86cad" />
    <UnitTestResult executionId="029eecc7-5a3b-4725-93d8-a1d423f37e48" testId="8b7f95f5-c5ec-10c0-26ff-eb4390bba1ee" testName="xUnitTestProject.CurrencyHelperTests.FormatToStringTest1000(price: 20344.185360967265, expected: &quot;20344.19 zł&quot;)" computerName="DESKTOP-5URQ9PB" duration="00:00:00.0000039" startTime="2022-06-13T21:15:37.0056526+02:00" endTime="2022-06-13T21:15:37.0056527+02:00" testType="13cdc9d9-ddb5-4fa4-a97d-d965ccfc6d4b" outcome="Passed" testListId="8c84fa94-04c1-424b-9868-57a2d4851a1d" relativeResultsDirectory="029eecc7-5a3b-4725-93d8-a1d423f37e48" />
    <UnitTestResult executionId="282bd23b-c8f9-48b9-8e09-2c3c8eea98c3" testId="364fda16-bd4c-3aa8-1597-b73653a15603" testName="xUnitTestProject.CurrencyHelperTests.FormatToStringTest1000(price: 5398.2412667191775, expected: &quot;5398.24 zł&quot;)" computerName="DESKTOP-5URQ9PB" duration="00:00:00.0000056" startTime="2022-06-13T21:15:36.9265131+02:00" endTime="2022-06-13T21:15:36.9265132+02:00" testType="13cdc9d9-ddb5-4fa4-a97d-d965ccfc6d4b" outcome="Passed" testListId="8c84fa94-04c1-424b-9868-57a2d4851a1d" relativeResultsDirectory="282bd23b-c8f9-48b9-8e09-2c3c8eea98c3" />
    <UnitTestResult executionId="01991545-178f-4537-9695-8a06679cde72" testId="f1679d4a-b856-7d51-628e-8f29c288c7ca" testName="xUnitTestProject.CurrencyHelperTests.FormatToStringTest1000(price: 51503.82905738234, expected: &quot;51503.83 zł&quot;)" computerName="DESKTOP-5URQ9PB" duration="00:00:00.0000056" startTime="2022-06-13T21:15:36.9490233+02:00" endTime="2022-06-13T21:15:36.9490235+02:00" testType="13cdc9d9-ddb5-4fa4-a97d-d965ccfc6d4b" outcome="Passed" testListId="8c84fa94-04c1-424b-9868-57a2d4851a1d" relativeResultsDirectory="01991545-178f-4537-9695-8a06679cde72" />
    <UnitTestResult executionId="680c5867-6453-4775-af98-45597c869d5b" testId="1c506770-d4ff-94e1-aa2e-f8d5ecc5a897" testName="xUnitTestProject.CurrencyHelperTests.FormatToStringTest1000(price: 45455.14554704127, expected: &quot;45455.15 zł&quot;)" computerName="DESKTOP-5URQ9PB" duration="00:00:00.0000038" startTime="2022-06-13T21:15:36.9140319+02:00" endTime="2022-06-13T21:15:36.9140321+02:00" testType="13cdc9d9-ddb5-4fa4-a97d-d965ccfc6d4b" outcome="Passed" testListId="8c84fa94-04c1-424b-9868-57a2d4851a1d" relativeResultsDirectory="680c5867-6453-4775-af98-45597c869d5b" />
    <UnitTestResult executionId="f60d27d5-ad1e-49a1-ac32-5416329378f1" testId="c0cf2cb3-44c7-373b-4b04-bf5ce7678b68" testName="xUnitTestProject.CurrencyHelperTests.FormatToStringTest1000(price: 50507.0104155615, expected: &quot;50507.01 zł&quot;)" computerName="DESKTOP-5URQ9PB" duration="00:00:00.0000069" startTime="2022-06-13T21:15:36.9206922+02:00" endTime="2022-06-13T21:15:36.9206924+02:00" testType="13cdc9d9-ddb5-4fa4-a97d-d965ccfc6d4b" outcome="Passed" testListId="8c84fa94-04c1-424b-9868-57a2d4851a1d" relativeResultsDirectory="f60d27d5-ad1e-49a1-ac32-5416329378f1" />
    <UnitTestResult executionId="a0372525-991f-48e1-b38b-99fdcb049cdc" testId="a5736665-a659-170c-f088-df8850eec8a7" testName="xUnitTestProject.CurrencyHelperTests.FormatToStringTest1000(price: 64210.358316209335, expected: &quot;64210.36 zł&quot;)" computerName="DESKTOP-5URQ9PB" duration="00:00:00.0000048" startTime="2022-06-13T21:15:36.8959440+02:00" endTime="2022-06-13T21:15:36.8959442+02:00" testType="13cdc9d9-ddb5-4fa4-a97d-d965ccfc6d4b" outcome="Passed" testListId="8c84fa94-04c1-424b-9868-57a2d4851a1d" relativeResultsDirectory="a0372525-991f-48e1-b38b-99fdcb049cdc" />
    <UnitTestResult executionId="45cad504-711c-4bc0-8f9d-5d7af5c85711" testId="cae25fb7-b977-eb51-0588-bf026d38b145" testName="xUnitTestProject.CurrencyHelperTests.FormatToStringTest1000(price: 3270.286035661719, expected: &quot;3270.29 zł&quot;)" computerName="DESKTOP-5URQ9PB" duration="00:00:00.0000038" startTime="2022-06-13T21:15:36.9900577+02:00" endTime="2022-06-13T21:15:36.9900579+02:00" testType="13cdc9d9-ddb5-4fa4-a97d-d965ccfc6d4b" outcome="Passed" testListId="8c84fa94-04c1-424b-9868-57a2d4851a1d" relativeResultsDirectory="45cad504-711c-4bc0-8f9d-5d7af5c85711" />
    <UnitTestResult executionId="cea1ea1b-dd0a-4de8-8f13-e4d20f4cab01" testId="b805cea1-9061-e180-4bd1-a6b18b6307ab" testName="xUnitTestProject.CurrencyHelperTests.FormatToStringTest1000(price: 7348.947429818543, expected: &quot;7348.95 zł&quot;)" computerName="DESKTOP-5URQ9PB" duration="00:00:00.0000046" startTime="2022-06-13T21:15:36.8890860+02:00" endTime="2022-06-13T21:15:36.8890868+02:00" testType="13cdc9d9-ddb5-4fa4-a97d-d965ccfc6d4b" outcome="Passed" testListId="8c84fa94-04c1-424b-9868-57a2d4851a1d" relativeResultsDirectory="cea1ea1b-dd0a-4de8-8f13-e4d20f4cab01" />
    <UnitTestResult executionId="a721c525-6de1-495e-ad19-cdc5c8d9ae24" testId="48480e6e-913f-e95b-4a6c-465d36475b6a" testName="xUnitTestProject.CurrencyHelperTests.FormatToStringTest1000(price: 24476.442216712254, expected: &quot;24476.44 zł&quot;)" computerName="DESKTOP-5URQ9PB" duration="00:00:00.0000056" startTime="2022-06-13T21:15:36.9539198+02:00" endTime="2022-06-13T21:15:36.9539199+02:00" testType="13cdc9d9-ddb5-4fa4-a97d-d965ccfc6d4b" outcome="Passed" testListId="8c84fa94-04c1-424b-9868-57a2d4851a1d" relativeResultsDirectory="a721c525-6de1-495e-ad19-cdc5c8d9ae24" />
    <UnitTestResult executionId="b0e860d0-915c-4915-87ad-ab1c2604d9ef" testId="73278ab4-3d1d-b883-d827-3ea861390441" testName="xUnitTestProject.CurrencyHelperTests.FormatToStringTest1000(price: 6205.946199725357, expected: &quot;6205.95 zł&quot;)" computerName="DESKTOP-5URQ9PB" duration="00:00:00.0000041" startTime="2022-06-13T21:15:36.8893543+02:00" endTime="2022-06-13T21:15:36.8893545+02:00" testType="13cdc9d9-ddb5-4fa4-a97d-d965ccfc6d4b" outcome="Passed" testListId="8c84fa94-04c1-424b-9868-57a2d4851a1d" relativeResultsDirectory="b0e860d0-915c-4915-87ad-ab1c2604d9ef" />
    <UnitTestResult executionId="0df6f4f1-6bdf-46f0-b085-df710ee390d8" testId="d6af606e-af1d-b77f-4ce0-c1f6556a4ce0" testName="xUnitTestProject.CurrencyHelperTests.FormatToStringTest1000(price: 11.555284778846096, expected: &quot;11.56 zł&quot;)" computerName="DESKTOP-5URQ9PB" duration="00:00:00.0000058" startTime="2022-06-13T21:15:36.9350511+02:00" endTime="2022-06-13T21:15:36.9350512+02:00" testType="13cdc9d9-ddb5-4fa4-a97d-d965ccfc6d4b" outcome="Passed" testListId="8c84fa94-04c1-424b-9868-57a2d4851a1d" relativeResultsDirectory="0df6f4f1-6bdf-46f0-b085-df710ee390d8" />
    <UnitTestResult executionId="fad01720-2a82-4289-b2e8-d28cc67405d0" testId="fb66f3c8-a00d-4cfa-eac4-abc207e2c602" testName="xUnitTestProject.CurrencyHelperTests.FormatToStringTest1000(price: 801.5720517614726, expected: &quot;801.57 zł&quot;)" computerName="DESKTOP-5URQ9PB" duration="00:00:00.0000039" startTime="2022-06-13T21:15:36.9929027+02:00" endTime="2022-06-13T21:15:36.9929029+02:00" testType="13cdc9d9-ddb5-4fa4-a97d-d965ccfc6d4b" outcome="Passed" testListId="8c84fa94-04c1-424b-9868-57a2d4851a1d" relativeResultsDirectory="fad01720-2a82-4289-b2e8-d28cc67405d0" />
    <UnitTestResult executionId="cfa6e26d-edd4-4dc3-9504-79963cdf76d7" testId="31d901d5-0ee4-8f4e-13ca-73133c8afccc" testName="xUnitTestProject.CurrencyHelperTests.FormatToStringTest1000(price: 823.2747994560166, expected: &quot;823.27 zł&quot;)" computerName="DESKTOP-5URQ9PB" duration="00:00:00.0000063" startTime="2022-06-13T21:15:36.9559028+02:00" endTime="2022-06-13T21:15:36.9559029+02:00" testType="13cdc9d9-ddb5-4fa4-a97d-d965ccfc6d4b" outcome="Passed" testListId="8c84fa94-04c1-424b-9868-57a2d4851a1d" relativeResultsDirectory="cfa6e26d-edd4-4dc3-9504-79963cdf76d7" />
    <UnitTestResult executionId="c1ac7b9a-0990-46a3-af26-ea9df62c4421" testId="11e8e2ed-c8a3-dabc-7293-c381795c9796" testName="xUnitTestProject.CurrencyHelperTests.FormatToStringTest1000(price: 46590.9609819562, expected: &quot;46590.96 zł&quot;)" computerName="DESKTOP-5URQ9PB" duration="00:00:00.0000195" startTime="2022-06-13T21:15:36.9596547+02:00" endTime="2022-06-13T21:15:36.9596551+02:00" testType="13cdc9d9-ddb5-4fa4-a97d-d965ccfc6d4b" outcome="Passed" testListId="8c84fa94-04c1-424b-9868-57a2d4851a1d" relativeResultsDirectory="c1ac7b9a-0990-46a3-af26-ea9df62c4421" />
    <UnitTestResult executionId="c627168d-39cd-420d-8eec-2724086611b8" testId="abc33cd0-29a9-07f5-4aa9-4d70e8dec4a4" testName="xUnitTestProject.CurrencyHelperTests.FormatToStringTest1000(price: 32218.080508120394, expected: &quot;32218.08 zł&quot;)" computerName="DESKTOP-5URQ9PB" duration="00:00:00.0000040" startTime="2022-06-13T21:15:36.9177996+02:00" endTime="2022-06-13T21:15:36.9177998+02:00" testType="13cdc9d9-ddb5-4fa4-a97d-d965ccfc6d4b" outcome="Passed" testListId="8c84fa94-04c1-424b-9868-57a2d4851a1d" relativeResultsDirectory="c627168d-39cd-420d-8eec-2724086611b8" />
    <UnitTestResult executionId="e1d84133-338b-40ab-9a03-5865f6ed7ede" testId="d6ed6531-54c3-2edf-18c7-ddb0279f678b" testName="xUnitTestProject.CurrencyHelperTests.FormatToStringTest1000(price: 11175.438820935526, expected: &quot;11175.44 zł&quot;)" computerName="DESKTOP-5URQ9PB" duration="00:00:00.0000041" startTime="2022-06-13T21:15:36.8891943+02:00" endTime="2022-06-13T21:15:36.8891944+02:00" testType="13cdc9d9-ddb5-4fa4-a97d-d965ccfc6d4b" outcome="Passed" testListId="8c84fa94-04c1-424b-9868-57a2d4851a1d" relativeResultsDirectory="e1d84133-338b-40ab-9a03-5865f6ed7ede" />
    <UnitTestResult executionId="5c3b6394-1295-410f-8d39-2dd0951d4dd4" testId="1f9cd9ca-f1cd-430d-8d80-74a061c9ac45" testName="xUnitTestProject.CurrencyHelperTests.FormatToStringTest1000(price: 33251.41907856028, expected: &quot;33251.42 zł&quot;)" computerName="DESKTOP-5URQ9PB" duration="00:00:00.0000046" startTime="2022-06-13T21:15:36.9074185+02:00" endTime="2022-06-13T21:15:36.9074190+02:00" testType="13cdc9d9-ddb5-4fa4-a97d-d965ccfc6d4b" outcome="Passed" testListId="8c84fa94-04c1-424b-9868-57a2d4851a1d" relativeResultsDirectory="5c3b6394-1295-410f-8d39-2dd0951d4dd4" />
    <UnitTestResult executionId="4a184130-5280-479d-9359-66d324f97c9b" testId="cb98657e-ea81-1d6a-4868-0d493c1098f6" testName="xUnitTestProject.CurrencyHelperTests.FormatToStringTest1000(price: 11871.427211910219, expected: &quot;11871.43 zł&quot;)" computerName="DESKTOP-5URQ9PB" duration="00:00:00.0000040" startTime="2022-06-13T21:15:36.9695196+02:00" endTime="2022-06-13T21:15:36.9695198+02:00" testType="13cdc9d9-ddb5-4fa4-a97d-d965ccfc6d4b" outcome="Passed" testListId="8c84fa94-04c1-424b-9868-57a2d4851a1d" relativeResultsDirectory="4a184130-5280-479d-9359-66d324f97c9b" />
    <UnitTestResult executionId="82b01012-cf98-4cba-b59b-5a112bda4883" testId="38efd0dd-942e-1575-95b3-c2474aa164b9" testName="xUnitTestProject.CurrencyHelperTests.FormatToStringTest1000(price: 8901.937138443784, expected: &quot;8901.94 zł&quot;)" computerName="DESKTOP-5URQ9PB" duration="00:00:00.0000040" startTime="2022-06-13T21:15:36.9888131+02:00" endTime="2022-06-13T21:15:36.9888135+02:00" testType="13cdc9d9-ddb5-4fa4-a97d-d965ccfc6d4b" outcome="Passed" testListId="8c84fa94-04c1-424b-9868-57a2d4851a1d" relativeResultsDirectory="82b01012-cf98-4cba-b59b-5a112bda4883" />
    <UnitTestResult executionId="6b0a0932-4ab4-421b-876f-01247b1433c4" testId="4dd76fcc-f663-2688-f7a4-a439b3a5cf01" testName="xUnitTestProject.CurrencyHelperTests.FormatToStringTest1000(price: 38961.459057294516, expected: &quot;38961.46 zł&quot;)" computerName="DESKTOP-5URQ9PB" duration="00:00:00.0000056" startTime="2022-06-13T21:15:36.9489922+02:00" endTime="2022-06-13T21:15:36.9489923+02:00" testType="13cdc9d9-ddb5-4fa4-a97d-d965ccfc6d4b" outcome="Passed" testListId="8c84fa94-04c1-424b-9868-57a2d4851a1d" relativeResultsDirectory="6b0a0932-4ab4-421b-876f-01247b1433c4" />
    <UnitTestResult executionId="bd30af56-cb3e-436c-87c1-11d21552bba3" testId="9feffc56-b6c3-64a3-e834-86f62ce8266d" testName="xUnitTestProject.CurrencyHelperTests.FormatToStringTest1000(price: 17953.338243749615, expected: &quot;17953.34 zł&quot;)" computerName="DESKTOP-5URQ9PB" duration="00:00:00.0000062" startTime="2022-06-13T21:15:36.9557786+02:00" endTime="2022-06-13T21:15:36.9557788+02:00" testType="13cdc9d9-ddb5-4fa4-a97d-d965ccfc6d4b" outcome="Passed" testListId="8c84fa94-04c1-424b-9868-57a2d4851a1d" relativeResultsDirectory="bd30af56-cb3e-436c-87c1-11d21552bba3" />
    <UnitTestResult executionId="80199b70-57ce-410e-9d31-ad07b5e350f0" testId="3a74380b-5761-efcc-d80f-84990cb62b27" testName="xUnitTestProject.CurrencyHelperTests.FormatToStringTest1000(price: 6323.24079469882, expected: &quot;6323.24 zł&quot;)" computerName="DESKTOP-5URQ9PB" duration="00:00:00.0000039" startTime="2022-06-13T21:15:36.9167191+02:00" endTime="2022-06-13T21:15:36.9167193+02:00" testType="13cdc9d9-ddb5-4fa4-a97d-d965ccfc6d4b" outcome="Passed" testListId="8c84fa94-04c1-424b-9868-57a2d4851a1d" relativeResultsDirectory="80199b70-57ce-410e-9d31-ad07b5e350f0" />
    <UnitTestResult executionId="7cbc8601-0761-4464-8ba9-0941c19fd6fa" testId="eca8de8b-49e2-07c6-8662-27843e169d09" testName="xUnitTestProject.CurrencyHelperTests.FormatToStringTest1000(price: 73504.44700518598, expected: &quot;73504.45 zł&quot;)" computerName="DESKTOP-5URQ9PB" duration="00:00:00.0000040" startTime="2022-06-13T21:15:36.9918956+02:00" endTime="2022-06-13T21:15:36.9918958+02:00" testType="13cdc9d9-ddb5-4fa4-a97d-d965ccfc6d4b" outcome="Passed" testListId="8c84fa94-04c1-424b-9868-57a2d4851a1d" relativeResultsDirectory="7cbc8601-0761-4464-8ba9-0941c19fd6fa" />
    <UnitTestResult executionId="5d8ab517-a221-423f-946c-ef1941bbcac2" testId="c74f6017-9eb9-5854-4b62-c26b4cabe787" testName="xUnitTestProject.CurrencyHelperTests.FormatToStringTest1000(price: 49416.285282306504, expected: &quot;49416.29 zł&quot;)" computerName="DESKTOP-5URQ9PB" duration="00:00:00.0000040" startTime="2022-06-13T21:15:36.9054019+02:00" endTime="2022-06-13T21:15:36.9054021+02:00" testType="13cdc9d9-ddb5-4fa4-a97d-d965ccfc6d4b" outcome="Passed" testListId="8c84fa94-04c1-424b-9868-57a2d4851a1d" relativeResultsDirectory="5d8ab517-a221-423f-946c-ef1941bbcac2" />
    <UnitTestResult executionId="f178f08d-8543-4f04-a735-0fd7fce8d8c7" testId="2732f008-e7e8-d754-7384-c116f008d613" testName="xUnitTestProject.CurrencyHelperTests.FormatToStringTest1000(price: 1687.5965557361937, expected: &quot;1687.60 zł&quot;)" computerName="DESKTOP-5URQ9PB" duration="00:00:00.0000041" startTime="2022-06-13T21:15:36.9685353+02:00" endTime="2022-06-13T21:15:36.9685354+02:00" testType="13cdc9d9-ddb5-4fa4-a97d-d965ccfc6d4b" outcome="Passed" testListId="8c84fa94-04c1-424b-9868-57a2d4851a1d" relativeResultsDirectory="f178f08d-8543-4f04-a735-0fd7fce8d8c7" />
    <UnitTestResult executionId="3d75d6a9-98c1-4ec8-aa75-cba72ef024a6" testId="bc63b05b-4f30-8c10-7b75-77e26fb38256" testName="xUnitTestProject.CurrencyHelperTests.FormatToStringTest1000(price: 10661.19584154207, expected: &quot;10661.20 zł&quot;)" computerName="DESKTOP-5URQ9PB" duration="00:00:00.0000059" startTime="2022-06-13T21:15:36.9273035+02:00" endTime="2022-06-13T21:15:36.9273036+02:00" testType="13cdc9d9-ddb5-4fa4-a97d-d965ccfc6d4b" outcome="Passed" testListId="8c84fa94-04c1-424b-9868-57a2d4851a1d" relativeResultsDirectory="3d75d6a9-98c1-4ec8-aa75-cba72ef024a6" />
    <UnitTestResult executionId="136ed2de-ca7a-4e4a-ba1a-66a472b45008" testId="744b047e-9ee3-164d-c478-0183e3fd850c" testName="xUnitTestProject.CurrencyHelperTests.FormatToStringTest1000(price: 12610.563163818122, expected: &quot;12610.56 zł&quot;)" computerName="DESKTOP-5URQ9PB" duration="00:00:00.0000058" startTime="2022-06-13T21:15:36.9638150+02:00" endTime="2022-06-13T21:15:36.9638151+02:00" testType="13cdc9d9-ddb5-4fa4-a97d-d965ccfc6d4b" outcome="Passed" testListId="8c84fa94-04c1-424b-9868-57a2d4851a1d" relativeResultsDirectory="136ed2de-ca7a-4e4a-ba1a-66a472b45008" />
    <UnitTestResult executionId="314efff7-3f27-4b98-9764-82bb432565f1" testId="e8631f54-2451-193b-aa4f-8be567b318eb" testName="xUnitTestProject.CurrencyHelperTests.FormatToStringTest1000(price: 19603.69286519321, expected: &quot;19603.69 zł&quot;)" computerName="DESKTOP-5URQ9PB" duration="00:00:00.0000041" startTime="2022-06-13T21:15:36.8925296+02:00" endTime="2022-06-13T21:15:36.8925298+02:00" testType="13cdc9d9-ddb5-4fa4-a97d-d965ccfc6d4b" outcome="Passed" testListId="8c84fa94-04c1-424b-9868-57a2d4851a1d" relativeResultsDirectory="314efff7-3f27-4b98-9764-82bb432565f1" />
    <UnitTestResult executionId="ba6bcb85-5822-412d-b60a-82eabeeaacf2" testId="c34ab70e-c13b-c0d3-f6b8-6dc84da0bd17" testName="xUnitTestProject.CurrencyHelperTests.FormatToStringTest1000(price: 50991.22189691114, expected: &quot;50991.22 zł&quot;)" computerName="DESKTOP-5URQ9PB" duration="00:00:00.0000039" startTime="2022-06-13T21:15:36.9967677+02:00" endTime="2022-06-13T21:15:36.9967679+02:00" testType="13cdc9d9-ddb5-4fa4-a97d-d965ccfc6d4b" outcome="Passed" testListId="8c84fa94-04c1-424b-9868-57a2d4851a1d" relativeResultsDirectory="ba6bcb85-5822-412d-b60a-82eabeeaacf2" />
    <UnitTestResult executionId="153ce63e-6978-4fd3-bd12-8c3eb64c91ad" testId="020066de-5c14-b477-efe9-293da5e965f0" testName="xUnitTestProject.CurrencyHelperTests.FormatToStringTest1000(price: 28583.827618148098, expected: &quot;28583.83 zł&quot;)" computerName="DESKTOP-5URQ9PB" duration="00:00:00.0000055" startTime="2022-06-13T21:15:36.9352368+02:00" endTime="2022-06-13T21:15:36.9352369+02:00" testType="13cdc9d9-ddb5-4fa4-a97d-d965ccfc6d4b" outcome="Passed" testListId="8c84fa94-04c1-424b-9868-57a2d4851a1d" relativeResultsDirectory="153ce63e-6978-4fd3-bd12-8c3eb64c91ad" />
    <UnitTestResult executionId="1e7c9d4e-7de8-49b9-8749-59f5e6228a91" testId="31b9c4ce-6a9b-3b29-d842-ab748e7d275b" testName="xUnitTestProject.CurrencyHelperTests.FormatToStringTest1000(price: 53192.79032742269, expected: &quot;53192.79 zł&quot;)" computerName="DESKTOP-5URQ9PB" duration="00:00:00.0000037" startTime="2022-06-13T21:15:36.9977341+02:00" endTime="2022-06-13T21:15:36.9977343+02:00" testType="13cdc9d9-ddb5-4fa4-a97d-d965ccfc6d4b" outcome="Passed" testListId="8c84fa94-04c1-424b-9868-57a2d4851a1d" relativeResultsDirectory="1e7c9d4e-7de8-49b9-8749-59f5e6228a91" />
    <UnitTestResult executionId="fae9425f-c71c-4494-be09-294529f5f58f" testId="99085e4f-7a45-28dd-d73e-76b910959f1c" testName="xUnitTestProject.CurrencyHelperTests.FormatToStringTest1000(price: 5759.256266560991, expected: &quot;5759.26 zł&quot;)" computerName="DESKTOP-5URQ9PB" duration="00:00:00.0000056" startTime="2022-06-13T21:15:36.9426509+02:00" endTime="2022-06-13T21:15:36.9426510+02:00" testType="13cdc9d9-ddb5-4fa4-a97d-d965ccfc6d4b" outcome="Passed" testListId="8c84fa94-04c1-424b-9868-57a2d4851a1d" relativeResultsDirectory="fae9425f-c71c-4494-be09-294529f5f58f" />
    <UnitTestResult executionId="64c1ab97-7a3b-4898-b84a-bb1e9bab33fb" testId="5b2fabb4-e059-962c-348f-3355cdc7486e" testName="xUnitTestProject.CurrencyHelperTests.FormatToStringTest1000(price: 14137.400697779563, expected: &quot;14137.40 zł&quot;)" computerName="DESKTOP-5URQ9PB" duration="00:00:00.0000037" startTime="2022-06-13T21:15:36.9063967+02:00" endTime="2022-06-13T21:15:36.9063968+02:00" testType="13cdc9d9-ddb5-4fa4-a97d-d965ccfc6d4b" outcome="Passed" testListId="8c84fa94-04c1-424b-9868-57a2d4851a1d" relativeResultsDirectory="64c1ab97-7a3b-4898-b84a-bb1e9bab33fb" />
    <UnitTestResult executionId="b2f66280-bd27-4c3b-bc39-70c500837670" testId="fe704e3e-6170-ffae-ef99-e24643abf4f9" testName="xUnitTestProject.CurrencyHelperTests.FormatToStringTest1000(price: 12429.698213906819, expected: &quot;12429.70 zł&quot;)" computerName="DESKTOP-5URQ9PB" duration="00:00:00.0000059" startTime="2022-06-13T21:15:36.9341717+02:00" endTime="2022-06-13T21:15:36.9341719+02:00" testType="13cdc9d9-ddb5-4fa4-a97d-d965ccfc6d4b" outcome="Passed" testListId="8c84fa94-04c1-424b-9868-57a2d4851a1d" relativeResultsDirectory="b2f66280-bd27-4c3b-bc39-70c500837670" />
    <UnitTestResult executionId="1fec9f4f-5adc-4177-a71f-2fbd0a0415f2" testId="07878353-6799-84f6-4a3b-1ffc56ae1d1d" testName="xUnitTestProject.CurrencyHelperTests.FormatToStringTest1000(price: 6466.872242818062, expected: &quot;6466.87 zł&quot;)" computerName="DESKTOP-5URQ9PB" duration="00:00:00.0000039" startTime="2022-06-13T21:15:37.0004379+02:00" endTime="2022-06-13T21:15:37.0004384+02:00" testType="13cdc9d9-ddb5-4fa4-a97d-d965ccfc6d4b" outcome="Passed" testListId="8c84fa94-04c1-424b-9868-57a2d4851a1d" relativeResultsDirectory="1fec9f4f-5adc-4177-a71f-2fbd0a0415f2" />
    <UnitTestResult executionId="a7cb7f7e-ad05-4ec0-9c8d-357964c6e057" testId="91ef764f-6920-57e2-1ea1-d9fdc62e8142" testName="xUnitTestProject.CurrencyHelperTests.FormatToStringTest1000(price: 23174.85693288448, expected: &quot;23174.86 zł&quot;)" computerName="DESKTOP-5URQ9PB" duration="00:00:00.0000040" startTime="2022-06-13T21:15:36.9918326+02:00" endTime="2022-06-13T21:15:36.9918327+02:00" testType="13cdc9d9-ddb5-4fa4-a97d-d965ccfc6d4b" outcome="Passed" testListId="8c84fa94-04c1-424b-9868-57a2d4851a1d" relativeResultsDirectory="a7cb7f7e-ad05-4ec0-9c8d-357964c6e057" />
    <UnitTestResult executionId="883b0444-8e56-4a50-b5e3-776ec1a16d04" testId="75e6c444-bc3b-aad1-8b9e-9567096a44b9" testName="xUnitTestProject.CurrencyHelperTests.FormatToStringTest1000(price: 49037.8109120586, expected: &quot;49037.81 zł&quot;)" computerName="DESKTOP-5URQ9PB" duration="00:00:00.0000040" startTime="2022-06-13T21:15:36.9763616+02:00" endTime="2022-06-13T21:15:36.9763617+02:00" testType="13cdc9d9-ddb5-4fa4-a97d-d965ccfc6d4b" outcome="Passed" testListId="8c84fa94-04c1-424b-9868-57a2d4851a1d" relativeResultsDirectory="883b0444-8e56-4a50-b5e3-776ec1a16d04" />
    <UnitTestResult executionId="66b456d4-38b6-4354-afaa-a2251dc77806" testId="40be92cf-d13e-6e4d-cafb-3ad22a6b9f7e" testName="xUnitTestProject.CurrencyHelperTests.FormatToStringTest1000(price: 3503.9809179231434, expected: &quot;3503.98 zł&quot;)" computerName="DESKTOP-5URQ9PB" duration="00:00:00.0000056" startTime="2022-06-13T21:15:36.9447831+02:00" endTime="2022-06-13T21:15:36.9447833+02:00" testType="13cdc9d9-ddb5-4fa4-a97d-d965ccfc6d4b" outcome="Passed" testListId="8c84fa94-04c1-424b-9868-57a2d4851a1d" relativeResultsDirectory="66b456d4-38b6-4354-afaa-a2251dc77806" />
    <UnitTestResult executionId="f62acbae-de25-43d9-9ed5-253ea359cbcf" testId="5a93f8c6-dddb-38ff-5f2b-b7e5cc3ddb6a" testName="xUnitTestProject.CurrencyHelperTests.FormatToStringTest1000(price: 7890.044272348771, expected: &quot;7890.04 zł&quot;)" computerName="DESKTOP-5URQ9PB" duration="00:00:00.0000059" startTime="2022-06-13T21:15:36.9341409+02:00" endTime="2022-06-13T21:15:36.9341411+02:00" testType="13cdc9d9-ddb5-4fa4-a97d-d965ccfc6d4b" outcome="Passed" testListId="8c84fa94-04c1-424b-9868-57a2d4851a1d" relativeResultsDirectory="f62acbae-de25-43d9-9ed5-253ea359cbcf" />
    <UnitTestResult executionId="46184f91-c37c-4ad3-9ff0-1227ecc7bd71" testId="d2be2dc8-81b6-46cb-cbba-3709ad4b1996" testName="xUnitTestProject.CurrencyHelperTests.FormatToStringTest1000(price: 6654.099431086378, expected: &quot;6654.10 zł&quot;)" computerName="DESKTOP-5URQ9PB" duration="00:00:00.0000046" startTime="2022-06-13T21:15:36.9176065+02:00" endTime="2022-06-13T21:15:36.9176069+02:00" testType="13cdc9d9-ddb5-4fa4-a97d-d965ccfc6d4b" outcome="Passed" testListId="8c84fa94-04c1-424b-9868-57a2d4851a1d" relativeResultsDirectory="46184f91-c37c-4ad3-9ff0-1227ecc7bd71" />
    <UnitTestResult executionId="be4bac5e-5448-4651-9ae9-141d2f41de75" testId="5d6a5449-fc3a-dea9-163b-dec74b3dd1b9" testName="xUnitTestProject.CurrencyHelperTests.FormatToStringTest1000(price: 42767.96883676898, expected: &quot;42767.97 zł&quot;)" computerName="DESKTOP-5URQ9PB" duration="00:00:00.0000039" startTime="2022-06-13T21:15:36.9858880+02:00" endTime="2022-06-13T21:15:36.9858882+02:00" testType="13cdc9d9-ddb5-4fa4-a97d-d965ccfc6d4b" outcome="Passed" testListId="8c84fa94-04c1-424b-9868-57a2d4851a1d" relativeResultsDirectory="be4bac5e-5448-4651-9ae9-141d2f41de75" />
    <UnitTestResult executionId="e88c5b50-3fa8-47c7-8d31-c600acec34d4" testId="54bc6f9e-1b35-cac3-f6ab-e594cab0fa7a" testName="xUnitTestProject.CurrencyHelperTests.FormatToStringTest1000(price: 17031.365705376662, expected: &quot;17031.37 zł&quot;)" computerName="DESKTOP-5URQ9PB" duration="00:00:00.0000047" startTime="2022-06-13T21:15:36.9848864+02:00" endTime="2022-06-13T21:15:36.9848868+02:00" testType="13cdc9d9-ddb5-4fa4-a97d-d965ccfc6d4b" outcome="Passed" testListId="8c84fa94-04c1-424b-9868-57a2d4851a1d" relativeResultsDirectory="e88c5b50-3fa8-47c7-8d31-c600acec34d4" />
    <UnitTestResult executionId="f80d97c3-a451-410d-9e5d-1e904d26654a" testId="491a28af-9dc3-1b63-07e3-54fe5ff8a2ad" testName="xUnitTestProject.CurrencyHelperTests.FormatToStringTest1000(price: 17252.06220983903, expected: &quot;17252.06 zł&quot;)" computerName="DESKTOP-5URQ9PB" duration="00:00:00.0000039" startTime="2022-06-13T21:15:36.9996948+02:00" endTime="2022-06-13T21:15:36.9996950+02:00" testType="13cdc9d9-ddb5-4fa4-a97d-d965ccfc6d4b" outcome="Passed" testListId="8c84fa94-04c1-424b-9868-57a2d4851a1d" relativeResultsDirectory="f80d97c3-a451-410d-9e5d-1e904d26654a" />
    <UnitTestResult executionId="2c5dbef8-0b04-4889-aa98-d36b201cafc9" testId="61cb44e8-f4b9-17e3-5cff-1fc9b36625bf" testName="xUnitTestProject.CurrencyHelperTests.FormatToStringTest1000(price: 30111.54342534372, expected: &quot;30111.54 zł&quot;)" computerName="DESKTOP-5URQ9PB" duration="00:00:00.0000040" startTime="2022-06-13T21:15:36.9752923+02:00" endTime="2022-06-13T21:15:36.9752925+02:00" testType="13cdc9d9-ddb5-4fa4-a97d-d965ccfc6d4b" outcome="Passed" testListId="8c84fa94-04c1-424b-9868-57a2d4851a1d" relativeResultsDirectory="2c5dbef8-0b04-4889-aa98-d36b201cafc9" />
    <UnitTestResult executionId="0ef8a1ce-29e6-4dd3-ae54-12d37942fc95" testId="56913f03-b8f6-5435-d407-8c8e9508f433" testName="xUnitTestProject.CurrencyHelperTests.FormatToStringTest1000(price: 25116.590135570892, expected: &quot;25116.59 zł&quot;)" computerName="DESKTOP-5URQ9PB" duration="00:00:00.0000058" startTime="2022-06-13T21:15:36.9302014+02:00" endTime="2022-06-13T21:15:36.9302015+02:00" testType="13cdc9d9-ddb5-4fa4-a97d-d965ccfc6d4b" outcome="Passed" testListId="8c84fa94-04c1-424b-9868-57a2d4851a1d" relativeResultsDirectory="0ef8a1ce-29e6-4dd3-ae54-12d37942fc95" />
    <UnitTestResult executionId="042b6d00-5c57-4b57-92e3-2b07cec8a03a" testId="90529360-95e5-c60b-5727-b5fa7d491b19" testName="xUnitTestProject.CurrencyHelperTests.FormatToStringTest1000(price: 34136.0993783046, expected: &quot;34136.10 zł&quot;)" computerName="DESKTOP-5URQ9PB" duration="00:00:00.0000039" startTime="2022-06-13T21:15:36.9667263+02:00" endTime="2022-06-13T21:15:36.9667265+02:00" testType="13cdc9d9-ddb5-4fa4-a97d-d965ccfc6d4b" outcome="Passed" testListId="8c84fa94-04c1-424b-9868-57a2d4851a1d" relativeResultsDirectory="042b6d00-5c57-4b57-92e3-2b07cec8a03a" />
    <UnitTestResult executionId="1a1bd9a0-2736-4db4-9b3f-4c921482a693" testId="baa856d2-0f24-fb78-786f-66276d918a1d" testName="xUnitTestProject.CurrencyHelperTests.FormatToStringTest1000(price: 6864.093052674129, expected: &quot;6864.09 zł&quot;)" computerName="DESKTOP-5URQ9PB" duration="00:00:00.0000046" startTime="2022-06-13T21:15:36.9839686+02:00" endTime="2022-06-13T21:15:36.9839688+02:00" testType="13cdc9d9-ddb5-4fa4-a97d-d965ccfc6d4b" outcome="Passed" testListId="8c84fa94-04c1-424b-9868-57a2d4851a1d" relativeResultsDirectory="1a1bd9a0-2736-4db4-9b3f-4c921482a693" />
    <UnitTestResult executionId="4d46d5c9-d2f4-41f6-993b-1725df461366" testId="10e970c4-cd41-e630-0953-62de694a4cfc" testName="xUnitTestProject.CurrencyHelperTests.FormatToStringTest1000(price: 38845.74924104323, expected: &quot;38845.75 zł&quot;)" computerName="DESKTOP-5URQ9PB" duration="00:00:00.0000041" startTime="2022-06-13T21:15:36.9178618+02:00" endTime="2022-06-13T21:15:36.9178620+02:00" testType="13cdc9d9-ddb5-4fa4-a97d-d965ccfc6d4b" outcome="Passed" testListId="8c84fa94-04c1-424b-9868-57a2d4851a1d" relativeResultsDirectory="4d46d5c9-d2f4-41f6-993b-1725df461366" />
    <UnitTestResult executionId="b39d58f3-b313-4c24-88fd-7bf640c811af" testId="d5c3657d-a220-d2b1-57c9-e4353f6b9eb6" testName="xUnitTestProject.CurrencyHelperTests.FormatToStringTest1000(price: 12125.090155628086, expected: &quot;12125.09 zł&quot;)" computerName="DESKTOP-5URQ9PB" duration="00:00:00.0000040" startTime="2022-06-13T21:15:36.9995661+02:00" endTime="2022-06-13T21:15:36.9995662+02:00" testType="13cdc9d9-ddb5-4fa4-a97d-d965ccfc6d4b" outcome="Passed" testListId="8c84fa94-04c1-424b-9868-57a2d4851a1d" relativeResultsDirectory="b39d58f3-b313-4c24-88fd-7bf640c811af" />
    <UnitTestResult executionId="f272d7d2-bcf0-420a-b19b-ee7962bf51ce" testId="caaa55d0-af40-7108-2d48-eb01bc500599" testName="xUnitTestProject.CurrencyHelperTests.FormatToStringTest1000(price: 4823.904478896365, expected: &quot;4823.90 zł&quot;)" computerName="DESKTOP-5URQ9PB" duration="00:00:00.0000106" startTime="2022-06-13T21:15:36.9216190+02:00" endTime="2022-06-13T21:15:36.9216192+02:00" testType="13cdc9d9-ddb5-4fa4-a97d-d965ccfc6d4b" outcome="Passed" testListId="8c84fa94-04c1-424b-9868-57a2d4851a1d" relativeResultsDirectory="f272d7d2-bcf0-420a-b19b-ee7962bf51ce" />
    <UnitTestResult executionId="bdaf7c7c-1cdb-4aab-93c5-faa111ec6b9a" testId="bfe24180-c0ac-b24a-c731-fe26d6138983" testName="xUnitTestProject.CurrencyHelperTests.FormatToStringTest1000(price: 30034.922435005625, expected: &quot;30034.92 zł&quot;)" computerName="DESKTOP-5URQ9PB" duration="00:00:00.0000058" startTime="2022-06-13T21:15:36.9243650+02:00" endTime="2022-06-13T21:15:36.9243652+02:00" testType="13cdc9d9-ddb5-4fa4-a97d-d965ccfc6d4b" outcome="Passed" testListId="8c84fa94-04c1-424b-9868-57a2d4851a1d" relativeResultsDirectory="bdaf7c7c-1cdb-4aab-93c5-faa111ec6b9a" />
    <UnitTestResult executionId="5147b9af-2a03-4dfe-8608-97b493058ab6" testId="847ca950-a5c5-d084-8e4e-ab9e67678604" testName="xUnitTestProject.CurrencyHelperTests.FormatToStringTest1000(price: 1300.9430775404642, expected: &quot;1300.94 zł&quot;)" computerName="DESKTOP-5URQ9PB" duration="00:00:00.0000041" startTime="2022-06-13T21:15:36.8892249+02:00" endTime="2022-06-13T21:15:36.8892250+02:00" testType="13cdc9d9-ddb5-4fa4-a97d-d965ccfc6d4b" outcome="Passed" testListId="8c84fa94-04c1-424b-9868-57a2d4851a1d" relativeResultsDirectory="5147b9af-2a03-4dfe-8608-97b493058ab6" />
    <UnitTestResult executionId="be3d955d-bc74-46a8-9f82-a1a622d8e52c" testId="67b93cbf-4a61-71bd-d4ce-d603f3c3b311" testName="xUnitTestProject.CurrencyHelperTests.FormatToStringTest1000(price: 3195.202943510936, expected: &quot;3195.20 zł&quot;)" computerName="DESKTOP-5URQ9PB" duration="00:00:00.0000039" startTime="2022-06-13T21:15:36.9820586+02:00" endTime="2022-06-13T21:15:36.9820588+02:00" testType="13cdc9d9-ddb5-4fa4-a97d-d965ccfc6d4b" outcome="Passed" testListId="8c84fa94-04c1-424b-9868-57a2d4851a1d" relativeResultsDirectory="be3d955d-bc74-46a8-9f82-a1a622d8e52c" />
    <UnitTestResult executionId="9081275d-913c-4192-8b9e-e3960f1d4ef5" testId="83514fd2-fce2-f5cf-b4b1-7b2bd8509222" testName="xUnitTestProject.CurrencyHelperTests.FormatToStringTest1000(price: 286.92120604539343, expected: &quot;286.92 zł&quot;)" computerName="DESKTOP-5URQ9PB" duration="00:00:00.0000056" startTime="2022-06-13T21:15:36.9446473+02:00" endTime="2022-06-13T21:15:36.9446475+02:00" testType="13cdc9d9-ddb5-4fa4-a97d-d965ccfc6d4b" outcome="Passed" testListId="8c84fa94-04c1-424b-9868-57a2d4851a1d" relativeResultsDirectory="9081275d-913c-4192-8b9e-e3960f1d4ef5" />
    <UnitTestResult executionId="e406aca0-2716-40b1-acb3-a27ed40c18d5" testId="4608b597-f016-aaeb-6cec-43c6a698815f" testName="xUnitTestProject.CurrencyHelperTests.FormatToStringTest1000(price: 10495.622655484185, expected: &quot;10495.62 zł&quot;)" computerName="DESKTOP-5URQ9PB" duration="00:00:00.0000039" startTime="2022-06-13T21:15:36.9139401+02:00" endTime="2022-06-13T21:15:36.9139402+02:00" testType="13cdc9d9-ddb5-4fa4-a97d-d965ccfc6d4b" outcome="Passed" testListId="8c84fa94-04c1-424b-9868-57a2d4851a1d" relativeResultsDirectory="e406aca0-2716-40b1-acb3-a27ed40c18d5" />
    <UnitTestResult executionId="73b35952-442e-4eec-bdf6-b3513d0e0512" testId="3b31ccce-844d-e8f4-84db-04ab2e64b9a7" testName="xUnitTestProject.CurrencyHelperTests.FormatToStringTest1000(price: 3477.860963622509, expected: &quot;3477.86 zł&quot;)" computerName="DESKTOP-5URQ9PB" duration="00:00:00.0000039" startTime="2022-06-13T21:15:37.0037648+02:00" endTime="2022-06-13T21:15:37.0037649+02:00" testType="13cdc9d9-ddb5-4fa4-a97d-d965ccfc6d4b" outcome="Passed" testListId="8c84fa94-04c1-424b-9868-57a2d4851a1d" relativeResultsDirectory="73b35952-442e-4eec-bdf6-b3513d0e0512" />
    <UnitTestResult executionId="7bb60035-b495-4893-83ad-5421ed7e3d84" testId="65e69234-8b4f-5c5d-4c39-26b683719c33" testName="xUnitTestProject.CurrencyHelperTests.FormatToStringTest1000(price: 9079.930405251649, expected: &quot;9079.93 zł&quot;)" computerName="DESKTOP-5URQ9PB" duration="00:00:00.0000037" startTime="2022-06-13T21:15:36.9771150+02:00" endTime="2022-06-13T21:15:36.9771151+02:00" testType="13cdc9d9-ddb5-4fa4-a97d-d965ccfc6d4b" outcome="Passed" testListId="8c84fa94-04c1-424b-9868-57a2d4851a1d" relativeResultsDirectory="7bb60035-b495-4893-83ad-5421ed7e3d84" />
    <UnitTestResult executionId="8fd66fc8-0c21-4949-b5b6-f4635cedcacf" testId="db653531-1a7a-b4d6-7b77-97b13719461c" testName="xUnitTestProject.CurrencyHelperTests.FormatToStringTest1000(price: 397.6461894566408, expected: &quot;397.65 zł&quot;)" computerName="DESKTOP-5URQ9PB" duration="00:00:00.0000039" startTime="2022-06-13T21:15:36.9763308+02:00" endTime="2022-06-13T21:15:36.9763310+02:00" testType="13cdc9d9-ddb5-4fa4-a97d-d965ccfc6d4b" outcome="Passed" testListId="8c84fa94-04c1-424b-9868-57a2d4851a1d" relativeResultsDirectory="8fd66fc8-0c21-4949-b5b6-f4635cedcacf" />
    <UnitTestResult executionId="24f9858a-4321-4580-ba9b-f17d70b51805" testId="edd98930-a456-c16e-31c0-f98ab53f4169" testName="xUnitTestProject.CurrencyHelperTests.FormatToStringTest1000(price: 2897.9775426620513, expected: &quot;2897.98 zł&quot;)" computerName="DESKTOP-5URQ9PB" duration="00:00:00.0000038" startTime="2022-06-13T21:15:37.0056179+02:00" endTime="2022-06-13T21:15:37.0056183+02:00" testType="13cdc9d9-ddb5-4fa4-a97d-d965ccfc6d4b" outcome="Passed" testListId="8c84fa94-04c1-424b-9868-57a2d4851a1d" relativeResultsDirectory="24f9858a-4321-4580-ba9b-f17d70b51805" />
    <UnitTestResult executionId="07e75677-2ad9-4413-aa22-f13dda91c283" testId="9391af43-2aec-63c3-c456-eaf3d57ab573" testName="xUnitTestProject.CurrencyHelperTests.FormatToStringTest1000(price: 24768.25771770359, expected: &quot;24768.26 zł&quot;)" computerName="DESKTOP-5URQ9PB" duration="00:00:00.0000058" startTime="2022-06-13T21:15:36.9617567+02:00" endTime="2022-06-13T21:15:36.9617568+02:00" testType="13cdc9d9-ddb5-4fa4-a97d-d965ccfc6d4b" outcome="Passed" testListId="8c84fa94-04c1-424b-9868-57a2d4851a1d" relativeResultsDirectory="07e75677-2ad9-4413-aa22-f13dda91c283" />
    <UnitTestResult executionId="27e96dd8-ce8e-4b41-b3a2-bce9249d63ec" testId="b3d46dfa-7a62-d522-3960-5646d987d2b9" testName="xUnitTestProject.CurrencyHelperTests.FormatToStringTest1000(price: 30626.373939456127, expected: &quot;30626.37 zł&quot;)" computerName="DESKTOP-5URQ9PB" duration="00:00:00.0000056" startTime="2022-06-13T21:15:36.9321019+02:00" endTime="2022-06-13T21:15:36.9321020+02:00" testType="13cdc9d9-ddb5-4fa4-a97d-d965ccfc6d4b" outcome="Passed" testListId="8c84fa94-04c1-424b-9868-57a2d4851a1d" relativeResultsDirectory="27e96dd8-ce8e-4b41-b3a2-bce9249d63ec" />
    <UnitTestResult executionId="e9a25070-64f9-407b-9a3a-7108ad18fad7" testId="042cc95e-2b44-fa19-b576-f75093af4b96" testName="xUnitTestProject.CurrencyHelperTests.FormatToStringTest1000(price: 30320.450517486992, expected: &quot;30320.45 zł&quot;)" computerName="DESKTOP-5URQ9PB" duration="00:00:00.0000039" startTime="2022-06-13T21:15:36.8946076+02:00" endTime="2022-06-13T21:15:36.8946080+02:00" testType="13cdc9d9-ddb5-4fa4-a97d-d965ccfc6d4b" outcome="Passed" testListId="8c84fa94-04c1-424b-9868-57a2d4851a1d" relativeResultsDirectory="e9a25070-64f9-407b-9a3a-7108ad18fad7" />
    <UnitTestResult executionId="1fccc74d-3ed9-40df-9a8f-14dd0022ef70" testId="a309af81-dde2-6e24-4ef5-234d753b7352" testName="xUnitTestProject.CurrencyHelperTests.FormatToStringTest1000(price: 15591.4117417221, expected: &quot;15591.41 zł&quot;)" computerName="DESKTOP-5URQ9PB" duration="00:00:00.0000040" startTime="2022-06-13T21:15:36.9743557+02:00" endTime="2022-06-13T21:15:36.9743558+02:00" testType="13cdc9d9-ddb5-4fa4-a97d-d965ccfc6d4b" outcome="Passed" testListId="8c84fa94-04c1-424b-9868-57a2d4851a1d" relativeResultsDirectory="1fccc74d-3ed9-40df-9a8f-14dd0022ef70" />
    <UnitTestResult executionId="de6291fc-cf93-4aac-ac86-966d5c7e74f7" testId="4637cc44-56b0-2010-e4d2-4d7d6320ef09" testName="xUnitTestProject.CurrencyHelperTests.FormatToStringTest1000(price: 46391.661094229516, expected: &quot;46391.66 zł&quot;)" computerName="DESKTOP-5URQ9PB" duration="00:00:00.0000037" startTime="2022-06-13T21:15:37.0067689+02:00" endTime="2022-06-13T21:15:37.0067690+02:00" testType="13cdc9d9-ddb5-4fa4-a97d-d965ccfc6d4b" outcome="Passed" testListId="8c84fa94-04c1-424b-9868-57a2d4851a1d" relativeResultsDirectory="de6291fc-cf93-4aac-ac86-966d5c7e74f7" />
    <UnitTestResult executionId="c36edd68-bbaa-49fa-ba65-75b0260c64f9" testId="5f750d11-c899-aa88-cff9-6806fe46c3fe" testName="xUnitTestProject.CurrencyHelperTests.FormatToStringTest1000(price: 28298.945361683585, expected: &quot;28298.95 zł&quot;)" computerName="DESKTOP-5URQ9PB" duration="00:00:00.0000056" startTime="2022-06-13T21:15:36.9457757+02:00" endTime="2022-06-13T21:15:36.9457759+02:00" testType="13cdc9d9-ddb5-4fa4-a97d-d965ccfc6d4b" outcome="Passed" testListId="8c84fa94-04c1-424b-9868-57a2d4851a1d" relativeResultsDirectory="c36edd68-bbaa-49fa-ba65-75b0260c64f9" />
    <UnitTestResult executionId="a7ee3718-4d9c-4da6-abe2-512ebed904bc" testId="c0952508-ec1e-97b9-fe02-0c1a5085abd7" testName="xUnitTestProject.CurrencyHelperTests.FormatToStringTest1000(price: 48428.38681602682, expected: &quot;48428.39 zł&quot;)" computerName="DESKTOP-5URQ9PB" duration="00:00:00.0000044" startTime="2022-06-13T21:15:36.9986994+02:00" endTime="2022-06-13T21:15:36.9986995+02:00" testType="13cdc9d9-ddb5-4fa4-a97d-d965ccfc6d4b" outcome="Passed" testListId="8c84fa94-04c1-424b-9868-57a2d4851a1d" relativeResultsDirectory="a7ee3718-4d9c-4da6-abe2-512ebed904bc" />
    <UnitTestResult executionId="cea35440-d650-4337-adc1-6cf4118cb360" testId="ffe61818-02d5-371a-a7be-23a9f86c9cc7" testName="xUnitTestProject.CurrencyHelperTests.FormatToStringTest1000(price: 8802.811382028653, expected: &quot;8802.81 zł&quot;)" computerName="DESKTOP-5URQ9PB" duration="00:00:00.0000040" startTime="2022-06-13T21:15:36.9741648+02:00" endTime="2022-06-13T21:15:36.9741650+02:00" testType="13cdc9d9-ddb5-4fa4-a97d-d965ccfc6d4b" outcome="Passed" testListId="8c84fa94-04c1-424b-9868-57a2d4851a1d" relativeResultsDirectory="cea35440-d650-4337-adc1-6cf4118cb360" />
    <UnitTestResult executionId="685da20f-051f-4032-b2a0-44d3f64dff33" testId="a50452b0-19e4-73e9-85e6-be9ac505f00e" testName="xUnitTestProject.CurrencyHelperTests.FormatToStringTest1000(price: 15190.097283723344, expected: &quot;15190.10 zł&quot;)" computerName="DESKTOP-5URQ9PB" duration="00:00:00.0000040" startTime="2022-06-13T21:15:36.8937210+02:00" endTime="2022-06-13T21:15:36.8937215+02:00" testType="13cdc9d9-ddb5-4fa4-a97d-d965ccfc6d4b" outcome="Passed" testListId="8c84fa94-04c1-424b-9868-57a2d4851a1d" relativeResultsDirectory="685da20f-051f-4032-b2a0-44d3f64dff33" />
    <UnitTestResult executionId="0dca30a2-9c9c-4468-ab0b-9093b5e79a5b" testId="836d8767-01df-4e15-8567-247721a23e4e" testName="xUnitTestProject.CurrencyHelperTests.FormatToStringTest1000(price: 591.2110872302256, expected: &quot;591.21 zł&quot;)" computerName="DESKTOP-5URQ9PB" duration="00:00:00.0000039" startTime="2022-06-13T21:15:36.9086891+02:00" endTime="2022-06-13T21:15:36.9086892+02:00" testType="13cdc9d9-ddb5-4fa4-a97d-d965ccfc6d4b" outcome="Passed" testListId="8c84fa94-04c1-424b-9868-57a2d4851a1d" relativeResultsDirectory="0dca30a2-9c9c-4468-ab0b-9093b5e79a5b" />
    <UnitTestResult executionId="a3a8a80d-b7f3-474f-aef3-3ab9c5615d0e" testId="3c1ea8ba-f2b4-a355-28eb-de4dee6b9be9" testName="xUnitTestProject.CurrencyHelperTests.FormatToStringTest1000(price: 972.1468308629221, expected: &quot;972.15 zł&quot;)" computerName="DESKTOP-5URQ9PB" duration="00:00:00.0000040" startTime="2022-06-13T21:15:36.9870693+02:00" endTime="2022-06-13T21:15:36.9870695+02:00" testType="13cdc9d9-ddb5-4fa4-a97d-d965ccfc6d4b" outcome="Passed" testListId="8c84fa94-04c1-424b-9868-57a2d4851a1d" relativeResultsDirectory="a3a8a80d-b7f3-474f-aef3-3ab9c5615d0e" />
    <UnitTestResult executionId="3571f6b2-6e58-4ebf-8269-471bb79b5bc5" testId="632872cf-9e7c-9970-9f88-5a4077b29ff5" testName="xUnitTestProject.CurrencyHelperTests.FormatToStringTest1000(price: 10762.501695533518, expected: &quot;10762.50 zł&quot;)" computerName="DESKTOP-5URQ9PB" duration="00:00:00.0000056" startTime="2022-06-13T21:15:36.9616947+02:00" endTime="2022-06-13T21:15:36.9616949+02:00" testType="13cdc9d9-ddb5-4fa4-a97d-d965ccfc6d4b" outcome="Passed" testListId="8c84fa94-04c1-424b-9868-57a2d4851a1d" relativeResultsDirectory="3571f6b2-6e58-4ebf-8269-471bb79b5bc5" />
    <UnitTestResult executionId="9e072928-67b5-470e-af5d-a0c44445e082" testId="c83faa4e-9cfa-b743-e7ea-a4956027273b" testName="xUnitTestProject.CurrencyHelperTests.FormatToStringTest1000(price: 10965.74607995746, expected: &quot;10965.75 zł&quot;)" computerName="DESKTOP-5URQ9PB" duration="00:00:00.0000058" startTime="2022-06-13T21:15:36.9636262+02:00" endTime="2022-06-13T21:15:36.9636263+02:00" testType="13cdc9d9-ddb5-4fa4-a97d-d965ccfc6d4b" outcome="Passed" testListId="8c84fa94-04c1-424b-9868-57a2d4851a1d" relativeResultsDirectory="9e072928-67b5-470e-af5d-a0c44445e082" />
    <UnitTestResult executionId="c3f9c8cc-de24-44f6-a536-362bdbbf5d0b" testId="4d5be905-ae12-4fb4-1d65-7b8d91a9be3a" testName="xUnitTestProject.CurrencyHelperTests.FormatToStringTest1000(price: 15742.409864349947, expected: &quot;15742.41 zł&quot;)" computerName="DESKTOP-5URQ9PB" duration="00:00:00.0000059" startTime="2022-06-13T21:15:36.9302323+02:00" endTime="2022-06-13T21:15:36.9302324+02:00" testType="13cdc9d9-ddb5-4fa4-a97d-d965ccfc6d4b" outcome="Passed" testListId="8c84fa94-04c1-424b-9868-57a2d4851a1d" relativeResultsDirectory="c3f9c8cc-de24-44f6-a536-362bdbbf5d0b" />
    <UnitTestResult executionId="ab2a4fb3-a68e-4806-8360-ea18dade1fc9" testId="cb9f49fb-58b9-06a6-2d40-6492ed02487d" testName="xUnitTestProject.CurrencyHelperTests.FormatToStringTest1000(price: 386.358918903097, expected: &quot;386.36 zł&quot;)" computerName="DESKTOP-5URQ9PB" duration="00:00:00.0000056" startTime="2022-06-13T21:15:36.9283314+02:00" endTime="2022-06-13T21:15:36.9283316+02:00" testType="13cdc9d9-ddb5-4fa4-a97d-d965ccfc6d4b" outcome="Passed" testListId="8c84fa94-04c1-424b-9868-57a2d4851a1d" relativeResultsDirectory="ab2a4fb3-a68e-4806-8360-ea18dade1fc9" />
    <UnitTestResult executionId="0e162f56-abf8-4f08-bbae-75a3e6fe6d74" testId="eb3e6893-2377-abc3-6bc4-b22d25b0ece8" testName="xUnitTestProject.CurrencyHelperTests.FormatToStringTest1000(price: 44869.327020554025, expected: &quot;44869.33 zł&quot;)" computerName="DESKTOP-5URQ9PB" duration="00:00:00.0000039" startTime="2022-06-13T21:15:36.9985051+02:00" endTime="2022-06-13T21:15:36.9985055+02:00" testType="13cdc9d9-ddb5-4fa4-a97d-d965ccfc6d4b" outcome="Passed" testListId="8c84fa94-04c1-424b-9868-57a2d4851a1d" relativeResultsDirectory="0e162f56-abf8-4f08-bbae-75a3e6fe6d74" />
    <UnitTestResult executionId="60f195d3-386a-4e20-92d8-d88ce878b51d" testId="f0b310a7-9bf9-fe2b-4bd1-bf05e954c540" testName="xUnitTestProject.CurrencyHelperTests.FormatToStringTest1000(price: 61633.2671179945, expected: &quot;61633.27 zł&quot;)" computerName="DESKTOP-5URQ9PB" duration="00:00:00.0000040" startTime="2022-06-13T21:15:36.9761760+02:00" endTime="2022-06-13T21:15:36.9761762+02:00" testType="13cdc9d9-ddb5-4fa4-a97d-d965ccfc6d4b" outcome="Passed" testListId="8c84fa94-04c1-424b-9868-57a2d4851a1d" relativeResultsDirectory="60f195d3-386a-4e20-92d8-d88ce878b51d" />
    <UnitTestResult executionId="66a16561-a96a-4cb9-8a59-02882c803692" testId="aef73524-5efd-2ad9-76a4-22b643281e1e" testName="xUnitTestProject.CurrencyHelperTests.FormatToStringTest1000(price: 13337.80490493486, expected: &quot;13337.80 zł&quot;)" computerName="DESKTOP-5URQ9PB" duration="00:00:00.0000041" startTime="2022-06-13T21:15:36.9105832+02:00" endTime="2022-06-13T21:15:36.9105836+02:00" testType="13cdc9d9-ddb5-4fa4-a97d-d965ccfc6d4b" outcome="Passed" testListId="8c84fa94-04c1-424b-9868-57a2d4851a1d" relativeResultsDirectory="66a16561-a96a-4cb9-8a59-02882c803692" />
    <UnitTestResult executionId="38ebc249-cdb6-4f4f-8fc3-5137020068a2" testId="273a20e0-541a-4005-532d-de3663197643" testName="xUnitTestProject.CurrencyHelperTests.FormatToStringTest1000(price: 3341.8351759444154, expected: &quot;3341.84 zł&quot;)" computerName="DESKTOP-5URQ9PB" duration="00:00:00.0000039" startTime="2022-06-13T21:15:37.0039233+02:00" endTime="2022-06-13T21:15:37.0039235+02:00" testType="13cdc9d9-ddb5-4fa4-a97d-d965ccfc6d4b" outcome="Passed" testListId="8c84fa94-04c1-424b-9868-57a2d4851a1d" relativeResultsDirectory="38ebc249-cdb6-4f4f-8fc3-5137020068a2" />
    <UnitTestResult executionId="4c2bd9e9-4f63-43f9-a6c6-8decbf464943" testId="69ed80be-ebbe-cd3a-42e2-f7807046c259" testName="xUnitTestProject.CurrencyHelperTests.FormatToStringTest1000(price: 36211.11038300866, expected: &quot;36211.11 zł&quot;)" computerName="DESKTOP-5URQ9PB" duration="00:00:00.0000045" startTime="2022-06-13T21:15:37.0005045+02:00" endTime="2022-06-13T21:15:37.0005047+02:00" testType="13cdc9d9-ddb5-4fa4-a97d-d965ccfc6d4b" outcome="Passed" testListId="8c84fa94-04c1-424b-9868-57a2d4851a1d" relativeResultsDirectory="4c2bd9e9-4f63-43f9-a6c6-8decbf464943" />
    <UnitTestResult executionId="0c18ea8c-78df-43f9-804b-63493579d523" testId="4fa0fe8a-60b4-1b4b-175d-a18573723ba2" testName="xUnitTestProject.CurrencyHelperTests.FormatToStringTest1000(price: 16190.113943164757, expected: &quot;16190.11 zł&quot;)" computerName="DESKTOP-5URQ9PB" duration="00:00:00.0000056" startTime="2022-06-13T21:15:36.9577223+02:00" endTime="2022-06-13T21:15:36.9577228+02:00" testType="13cdc9d9-ddb5-4fa4-a97d-d965ccfc6d4b" outcome="Passed" testListId="8c84fa94-04c1-424b-9868-57a2d4851a1d" relativeResultsDirectory="0c18ea8c-78df-43f9-804b-63493579d523" />
    <UnitTestResult executionId="6d511c67-52f7-406c-b4a8-1c21688d3d9e" testId="1fce28e8-5dee-1344-5678-0f5715c803f3" testName="xUnitTestProject.CurrencyHelperTests.FormatToStringTest1000(price: 3506.8456124108498, expected: &quot;3506.85 zł&quot;)" computerName="DESKTOP-5URQ9PB" duration="00:00:00.0000038" startTime="2022-06-13T21:15:36.9197693+02:00" endTime="2022-06-13T21:15:36.9197694+02:00" testType="13cdc9d9-ddb5-4fa4-a97d-d965ccfc6d4b" outcome="Passed" testListId="8c84fa94-04c1-424b-9868-57a2d4851a1d" relativeResultsDirectory="6d511c67-52f7-406c-b4a8-1c21688d3d9e" />
    <UnitTestResult executionId="49e4061b-cd35-4a16-95c8-8d1b0a368235" testId="814e8347-0675-e46f-9f33-cc6368c1ff3d" testName="xUnitTestProject.CurrencyHelperTests.FormatToStringTest1000(price: 1208.1827589441941, expected: &quot;1208.18 zł&quot;)" computerName="DESKTOP-5URQ9PB" duration="00:00:00.0000066" startTime="2022-06-13T21:15:36.9370959+02:00" endTime="2022-06-13T21:15:36.9370960+02:00" testType="13cdc9d9-ddb5-4fa4-a97d-d965ccfc6d4b" outcome="Passed" testListId="8c84fa94-04c1-424b-9868-57a2d4851a1d" relativeResultsDirectory="49e4061b-cd35-4a16-95c8-8d1b0a368235" />
    <UnitTestResult executionId="ccdb7651-57d5-42b6-9be7-dba2516bae96" testId="38b02068-987c-3dd3-28cd-9a07df85e95b" testName="xUnitTestProject.CurrencyHelperTests.FormatToStringTest1000(price: 5957.42161879941, expected: &quot;5957.42 zł&quot;)" computerName="DESKTOP-5URQ9PB" duration="00:00:00.0000038" startTime="2022-06-13T21:15:37.0048110+02:00" endTime="2022-06-13T21:15:37.0048112+02:00" testType="13cdc9d9-ddb5-4fa4-a97d-d965ccfc6d4b" outcome="Passed" testListId="8c84fa94-04c1-424b-9868-57a2d4851a1d" relativeResultsDirectory="ccdb7651-57d5-42b6-9be7-dba2516bae96" />
    <UnitTestResult executionId="e023001a-bc6f-4f7e-98e7-50008ee71ad6" testId="1462a569-77b7-fa7d-0148-09ce9f2428e8" testName="xUnitTestProject.CurrencyHelperTests.FormatToStringTest1000(price: 19462.729986486367, expected: &quot;19462.73 zł&quot;)" computerName="DESKTOP-5URQ9PB" duration="00:00:00.0000039" startTime="2022-06-13T21:15:36.9909850+02:00" endTime="2022-06-13T21:15:36.9909851+02:00" testType="13cdc9d9-ddb5-4fa4-a97d-d965ccfc6d4b" outcome="Passed" testListId="8c84fa94-04c1-424b-9868-57a2d4851a1d" relativeResultsDirectory="e023001a-bc6f-4f7e-98e7-50008ee71ad6" />
    <UnitTestResult executionId="0e35b682-fa10-4506-bd91-034a9815a969" testId="91970791-479f-53e8-256c-76fb4b85cf1d" testName="xUnitTestProject.CurrencyHelperTests.FormatToStringTest1000(price: 36651.05802063414, expected: &quot;36651.06 zł&quot;)" computerName="DESKTOP-5URQ9PB" duration="00:00:00.0000040" startTime="2022-06-13T21:15:36.9860750+02:00" endTime="2022-06-13T21:15:36.9860752+02:00" testType="13cdc9d9-ddb5-4fa4-a97d-d965ccfc6d4b" outcome="Passed" testListId="8c84fa94-04c1-424b-9868-57a2d4851a1d" relativeResultsDirectory="0e35b682-fa10-4506-bd91-034a9815a969" />
    <UnitTestResult executionId="73ec10f8-794d-4ef2-b81a-03ea4d6817fc" testId="0d6a7c9f-244c-8d08-98f4-afd58838a2c2" testName="xUnitTestProject.CurrencyHelperTests.FormatToStringTest1000(price: 14719.97001409762, expected: &quot;14719.97 zł&quot;)" computerName="DESKTOP-5URQ9PB" duration="00:00:00.0000038" startTime="2022-06-13T21:15:36.9032979+02:00" endTime="2022-06-13T21:15:36.9032980+02:00" testType="13cdc9d9-ddb5-4fa4-a97d-d965ccfc6d4b" outcome="Passed" testListId="8c84fa94-04c1-424b-9868-57a2d4851a1d" relativeResultsDirectory="73ec10f8-794d-4ef2-b81a-03ea4d6817fc" />
    <UnitTestResult executionId="bf18c8cc-2c18-4e2a-9b80-a1f0a4b8ce09" testId="5200e545-dbbb-62af-891d-31499a618a0e" testName="xUnitTestProject.CurrencyHelperTests.FormatToStringTest1000(price: 20012.898273490322, expected: &quot;20012.90 zł&quot;)" computerName="DESKTOP-5URQ9PB" duration="00:00:00.0000041" startTime="2022-06-13T21:15:36.8956789+02:00" endTime="2022-06-13T21:15:36.8956793+02:00" testType="13cdc9d9-ddb5-4fa4-a97d-d965ccfc6d4b" outcome="Passed" testListId="8c84fa94-04c1-424b-9868-57a2d4851a1d" relativeResultsDirectory="bf18c8cc-2c18-4e2a-9b80-a1f0a4b8ce09" />
    <UnitTestResult executionId="3ce95ccb-6baa-4edb-8c83-242d81f9e974" testId="0eb2cf4b-202a-2f21-374f-50b4b3adc607" testName="xUnitTestProject.CurrencyHelperTests.FormatToStringTest1000(price: 18424.864078561244, expected: &quot;18424.86 zł&quot;)" computerName="DESKTOP-5URQ9PB" duration="00:00:00.0000039" startTime="2022-06-13T21:15:36.9831851+02:00" endTime="2022-06-13T21:15:36.9831852+02:00" testType="13cdc9d9-ddb5-4fa4-a97d-d965ccfc6d4b" outcome="Passed" testListId="8c84fa94-04c1-424b-9868-57a2d4851a1d" relativeResultsDirectory="3ce95ccb-6baa-4edb-8c83-242d81f9e974" />
    <UnitTestResult executionId="d491f3c9-36e6-493b-afa1-11ce4134cffe" testId="be135b72-4539-0e97-74d0-b204a763297e" testName="xUnitTestProject.CurrencyHelperTests.FormatToStringTest1000(price: 15337.485230751097, expected: &quot;15337.49 zł&quot;)" computerName="DESKTOP-5URQ9PB" duration="00:00:00.0000041" startTime="2022-06-13T21:15:37.0005669+02:00" endTime="2022-06-13T21:15:37.0005671+02:00" testType="13cdc9d9-ddb5-4fa4-a97d-d965ccfc6d4b" outcome="Passed" testListId="8c84fa94-04c1-424b-9868-57a2d4851a1d" relativeResultsDirectory="d491f3c9-36e6-493b-afa1-11ce4134cffe" />
    <UnitTestResult executionId="9ece73e5-59ab-41f3-9a2e-2b0ee2ea747c" testId="b6d907a4-489e-cb15-8555-a5c35fcc0ce1" testName="xUnitTestProject.CurrencyHelperTests.FormatToStringTest1000(price: 32732.81915128502, expected: &quot;32732.82 zł&quot;)" computerName="DESKTOP-5URQ9PB" duration="00:00:00.0000045" startTime="2022-06-13T21:15:36.9849524+02:00" endTime="2022-06-13T21:15:36.9849526+02:00" testType="13cdc9d9-ddb5-4fa4-a97d-d965ccfc6d4b" outcome="Passed" testListId="8c84fa94-04c1-424b-9868-57a2d4851a1d" relativeResultsDirectory="9ece73e5-59ab-41f3-9a2e-2b0ee2ea747c" />
    <UnitTestResult executionId="4c310149-58fb-4f39-9435-2951a1fecea9" testId="38b0259f-0bcb-8aec-4c3f-6a948a320426" testName="xUnitTestProject.CurrencyHelperTests.FormatToStringTest1000(price: 24137.016609529506, expected: &quot;24137.02 zł&quot;)" computerName="DESKTOP-5URQ9PB" duration="00:00:00.0000039" startTime="2022-06-13T21:15:36.9802180+02:00" endTime="2022-06-13T21:15:36.9802181+02:00" testType="13cdc9d9-ddb5-4fa4-a97d-d965ccfc6d4b" outcome="Passed" testListId="8c84fa94-04c1-424b-9868-57a2d4851a1d" relativeResultsDirectory="4c310149-58fb-4f39-9435-2951a1fecea9" />
    <UnitTestResult executionId="4b4b4716-fb04-4017-98be-e5b37e26c565" testId="875433a7-4993-f6c8-ae9e-010101b8ccc7" testName="xUnitTestProject.CurrencyHelperTests.FormatToStringTest1000(price: 31971.185406704986, expected: &quot;31971.19 zł&quot;)" computerName="DESKTOP-5URQ9PB" duration="00:00:00.0000040" startTime="2022-06-13T21:15:36.9138777+02:00" endTime="2022-06-13T21:15:36.9138779+02:00" testType="13cdc9d9-ddb5-4fa4-a97d-d965ccfc6d4b" outcome="Passed" testListId="8c84fa94-04c1-424b-9868-57a2d4851a1d" relativeResultsDirectory="4b4b4716-fb04-4017-98be-e5b37e26c565" />
    <UnitTestResult executionId="08d4c7fb-c0bb-4fbe-9db4-ccae983c4bdd" testId="5322a6b6-b1d1-4276-7a98-26cc05377b71" testName="xUnitTestProject.CurrencyHelperTests.FormatToStringTest1000(price: 37160.85331540269, expected: &quot;37160.85 zł&quot;)" computerName="DESKTOP-5URQ9PB" duration="00:00:00.0000046" startTime="2022-06-13T21:15:36.9054940+02:00" endTime="2022-06-13T21:15:36.9054941+02:00" testType="13cdc9d9-ddb5-4fa4-a97d-d965ccfc6d4b" outcome="Passed" testListId="8c84fa94-04c1-424b-9868-57a2d4851a1d" relativeResultsDirectory="08d4c7fb-c0bb-4fbe-9db4-ccae983c4bdd" />
    <UnitTestResult executionId="35d06ce6-80c7-4640-8ed2-2d4b330f8a63" testId="aa0b789a-9fae-e4e5-e891-6c71af0ebd35" testName="xUnitTestProject.CurrencyHelperTests.FormatToStringTest1000(price: 5287.3103648714305, expected: &quot;5287.31 zł&quot;)" computerName="DESKTOP-5URQ9PB" duration="00:00:00.0000039" startTime="2022-06-13T21:15:36.9667570+02:00" endTime="2022-06-13T21:15:36.9667571+02:00" testType="13cdc9d9-ddb5-4fa4-a97d-d965ccfc6d4b" outcome="Passed" testListId="8c84fa94-04c1-424b-9868-57a2d4851a1d" relativeResultsDirectory="35d06ce6-80c7-4640-8ed2-2d4b330f8a63" />
    <UnitTestResult executionId="5500ff9a-710a-44e3-8cca-462ae71f04a2" testId="e63012a7-c6dd-105c-5599-46a75e19ac35" testName="xUnitTestProject.CurrencyHelperTests.FormatToStringTest1000(price: 43424.45140075332, expected: &quot;43424.45 zł&quot;)" computerName="DESKTOP-5URQ9PB" duration="00:00:00.0000056" startTime="2022-06-13T21:15:36.9303243+02:00" endTime="2022-06-13T21:15:36.9303245+02:00" testType="13cdc9d9-ddb5-4fa4-a97d-d965ccfc6d4b" outcome="Passed" testListId="8c84fa94-04c1-424b-9868-57a2d4851a1d" relativeResultsDirectory="5500ff9a-710a-44e3-8cca-462ae71f04a2" />
    <UnitTestResult executionId="c15e9252-2333-4213-9fee-551f13f2e46e" testId="c3b1d717-2998-1634-887e-572d42236e5b" testName="xUnitTestProject.CurrencyHelperTests.FormatToStringTest1000(price: 34951.47290410077, expected: &quot;34951.47 zł&quot;)" computerName="DESKTOP-5URQ9PB" duration="00:00:00.0000039" startTime="2022-06-13T21:15:36.9205352+02:00" endTime="2022-06-13T21:15:36.9205354+02:00" testType="13cdc9d9-ddb5-4fa4-a97d-d965ccfc6d4b" outcome="Passed" testListId="8c84fa94-04c1-424b-9868-57a2d4851a1d" relativeResultsDirectory="c15e9252-2333-4213-9fee-551f13f2e46e" />
    <UnitTestResult executionId="af820450-99d2-4253-b8d2-4423bdc41d7b" testId="302cac3a-acd8-63e7-21fb-e5689524a492" testName="xUnitTestProject.CurrencyHelperTests.FormatToStringTest1000(price: 22678.643495744862, expected: &quot;22678.64 zł&quot;)" computerName="DESKTOP-5URQ9PB" duration="00:00:00.0000039" startTime="2022-06-13T21:15:37.0057579+02:00" endTime="2022-06-13T21:15:37.0057580+02:00" testType="13cdc9d9-ddb5-4fa4-a97d-d965ccfc6d4b" outcome="Passed" testListId="8c84fa94-04c1-424b-9868-57a2d4851a1d" relativeResultsDirectory="af820450-99d2-4253-b8d2-4423bdc41d7b" />
    <UnitTestResult executionId="ba67158e-af99-4a00-8122-907959cbe2a7" testId="7a86c51e-006c-a65e-34c9-ff3a6b2ed4b5" testName="xUnitTestProject.CurrencyHelperTests.FormatToStringTest1000(price: 50644.690874327294, expected: &quot;50644.69 zł&quot;)" computerName="DESKTOP-5URQ9PB" duration="00:00:00.0000056" startTime="2022-06-13T21:15:36.9587601+02:00" endTime="2022-06-13T21:15:36.9587603+02:00" testType="13cdc9d9-ddb5-4fa4-a97d-d965ccfc6d4b" outcome="Passed" testListId="8c84fa94-04c1-424b-9868-57a2d4851a1d" relativeResultsDirectory="ba67158e-af99-4a00-8122-907959cbe2a7" />
    <UnitTestResult executionId="2b78156d-5340-4acd-871a-da785775172f" testId="2f6b6911-3bf0-1f4d-b85f-0561bbc969cd" testName="xUnitTestProject.CurrencyHelperTests.FormatToStringTest1000(price: 8095.485677032492, expected: &quot;8095.49 zł&quot;)" computerName="DESKTOP-5URQ9PB" duration="00:00:00.0000039" startTime="2022-06-13T21:15:36.9022408+02:00" endTime="2022-06-13T21:15:36.9022410+02:00" testType="13cdc9d9-ddb5-4fa4-a97d-d965ccfc6d4b" outcome="Passed" testListId="8c84fa94-04c1-424b-9868-57a2d4851a1d" relativeResultsDirectory="2b78156d-5340-4acd-871a-da785775172f" />
    <UnitTestResult executionId="8b9e36d5-4fd9-4b6a-a58b-ec84a52ed4fb" testId="990c6bd9-75e3-e712-66e8-1d0bc8aed91c" testName="xUnitTestProject.CurrencyHelperTests.FormatToStringTest1000(price: 19882.647973500494, expected: &quot;19882.65 zł&quot;)" computerName="DESKTOP-5URQ9PB" duration="00:00:00.0000045" startTime="2022-06-13T21:15:36.9761094+02:00" endTime="2022-06-13T21:15:36.9761098+02:00" testType="13cdc9d9-ddb5-4fa4-a97d-d965ccfc6d4b" outcome="Passed" testListId="8c84fa94-04c1-424b-9868-57a2d4851a1d" relativeResultsDirectory="8b9e36d5-4fd9-4b6a-a58b-ec84a52ed4fb" />
    <UnitTestResult executionId="c1054a40-5a5e-42ae-a523-889b6b292a88" testId="75567229-1858-de57-219b-cfd8f4a7e8de" testName="xUnitTestProject.CurrencyHelperTests.FormatToStringTest1000(price: 750.5106571719566, expected: &quot;750.51 zł&quot;)" computerName="DESKTOP-5URQ9PB" duration="00:00:00.0000040" startTime="2022-06-13T21:15:36.9012165+02:00" endTime="2022-06-13T21:15:36.9012167+02:00" testType="13cdc9d9-ddb5-4fa4-a97d-d965ccfc6d4b" outcome="Passed" testListId="8c84fa94-04c1-424b-9868-57a2d4851a1d" relativeResultsDirectory="c1054a40-5a5e-42ae-a523-889b6b292a88" />
    <UnitTestResult executionId="1ea747d3-cac1-4d1b-9fb5-bf917bf4ebb3" testId="28d201d7-5353-764b-c109-520fc030be51" testName="xUnitTestProject.CurrencyHelperTests.FormatToStringTest1000(price: 16129.507288814293, expected: &quot;16129.51 zł&quot;)" computerName="DESKTOP-5URQ9PB" duration="00:00:00.0000047" startTime="2022-06-13T21:15:36.9858536+02:00" endTime="2022-06-13T21:15:36.9858541+02:00" testType="13cdc9d9-ddb5-4fa4-a97d-d965ccfc6d4b" outcome="Passed" testListId="8c84fa94-04c1-424b-9868-57a2d4851a1d" relativeResultsDirectory="1ea747d3-cac1-4d1b-9fb5-bf917bf4ebb3" />
    <UnitTestResult executionId="0d731ace-83ff-4af4-b790-e17bdfb464e8" testId="5105cd39-08d3-5cdf-e5e5-5aae2f2d51c8" testName="xUnitTestProject.CurrencyHelperTests.FormatToStringTest1000(price: 2937.138486199611, expected: &quot;2937.14 zł&quot;)" computerName="DESKTOP-5URQ9PB" duration="00:00:00.0000039" startTime="2022-06-13T21:15:36.8925608+02:00" endTime="2022-06-13T21:15:36.8925610+02:00" testType="13cdc9d9-ddb5-4fa4-a97d-d965ccfc6d4b" outcome="Passed" testListId="8c84fa94-04c1-424b-9868-57a2d4851a1d" relativeResultsDirectory="0d731ace-83ff-4af4-b790-e17bdfb464e8" />
    <UnitTestResult executionId="9cb79d93-17d7-4ecb-a129-ab748f16d8ab" testId="b82e8809-4def-9359-7a57-795e7616c335" testName="xUnitTestProject.CurrencyHelperTests.FormatToStringTest1000(price: 158.49784791027093, expected: &quot;158.50 zł&quot;)" computerName="DESKTOP-5URQ9PB" duration="00:00:00.0000056" startTime="2022-06-13T21:15:36.9577568+02:00" endTime="2022-06-13T21:15:36.9577570+02:00" testType="13cdc9d9-ddb5-4fa4-a97d-d965ccfc6d4b" outcome="Passed" testListId="8c84fa94-04c1-424b-9868-57a2d4851a1d" relativeResultsDirectory="9cb79d93-17d7-4ecb-a129-ab748f16d8ab" />
    <UnitTestResult executionId="54e7585d-4a7c-476f-8c76-dbdf0fc0b935" testId="bfbcecbb-ebb0-4cc4-ba14-4fec10bfe400" testName="xUnitTestProject.CurrencyHelperTests.FormatToStringTest1000(price: 6544.213759255695, expected: &quot;6544.21 zł&quot;)" computerName="DESKTOP-5URQ9PB" duration="00:00:00.0000038" startTime="2022-06-13T21:15:36.8980180+02:00" endTime="2022-06-13T21:15:36.8980181+02:00" testType="13cdc9d9-ddb5-4fa4-a97d-d965ccfc6d4b" outcome="Passed" testListId="8c84fa94-04c1-424b-9868-57a2d4851a1d" relativeResultsDirectory="54e7585d-4a7c-476f-8c76-dbdf0fc0b935" />
    <UnitTestResult executionId="0a9c880e-aa42-4dd4-9052-a0117bda8586" testId="241187d4-ddc3-99e8-1041-3b3411c6c907" testName="xUnitTestProject.CurrencyHelperTests.FormatToStringTest1000(price: 96.75594581512546, expected: &quot;96.76 zł&quot;)" computerName="DESKTOP-5URQ9PB" duration="00:00:00.0000050" startTime="2022-06-13T21:15:36.9928395+02:00" endTime="2022-06-13T21:15:36.9928397+02:00" testType="13cdc9d9-ddb5-4fa4-a97d-d965ccfc6d4b" outcome="Passed" testListId="8c84fa94-04c1-424b-9868-57a2d4851a1d" relativeResultsDirectory="0a9c880e-aa42-4dd4-9052-a0117bda8586" />
    <UnitTestResult executionId="0ee1d0f3-da14-4532-829e-f48f145f522e" testId="8f731e1d-d266-da92-7f8a-593d1a2e36d6" testName="xUnitTestProject.CurrencyHelperTests.FormatToStringTest1000(price: 19006.315459580772, expected: &quot;19006.32 zł&quot;)" computerName="DESKTOP-5URQ9PB" duration="00:00:00.0000056" startTime="2022-06-13T21:15:36.9676492+02:00" endTime="2022-06-13T21:15:36.9676494+02:00" testType="13cdc9d9-ddb5-4fa4-a97d-d965ccfc6d4b" outcome="Passed" testListId="8c84fa94-04c1-424b-9868-57a2d4851a1d" relativeResultsDirectory="0ee1d0f3-da14-4532-829e-f48f145f522e" />
    <UnitTestResult executionId="6e5c569f-714c-4c70-8d2f-8801c0d159b6" testId="7c86c7d1-a9a4-3305-ae10-fdb7acd65489" testName="xUnitTestProject.CurrencyHelperTests.FormatToStringTest1000(price: 75024.79122970243, expected: &quot;75024.79 zł&quot;)" computerName="DESKTOP-5URQ9PB" duration="00:00:00.0000056" startTime="2022-06-13T21:15:36.9292042+02:00" endTime="2022-06-13T21:15:36.9292044+02:00" testType="13cdc9d9-ddb5-4fa4-a97d-d965ccfc6d4b" outcome="Passed" testListId="8c84fa94-04c1-424b-9868-57a2d4851a1d" relativeResultsDirectory="6e5c569f-714c-4c70-8d2f-8801c0d159b6" />
    <UnitTestResult executionId="7e72e1d5-6514-44b4-98da-2cc672ed9d14" testId="5e9f654f-dd64-8138-30a6-1dc5f11cf83a" testName="xUnitTestProject.CurrencyHelperTests.FormatToStringTest1000(price: 14237.13226245955, expected: &quot;14237.13 zł&quot;)" computerName="DESKTOP-5URQ9PB" duration="00:00:00.0000039" startTime="2022-06-13T21:15:36.9138146+02:00" endTime="2022-06-13T21:15:36.9138148+02:00" testType="13cdc9d9-ddb5-4fa4-a97d-d965ccfc6d4b" outcome="Passed" testListId="8c84fa94-04c1-424b-9868-57a2d4851a1d" relativeResultsDirectory="7e72e1d5-6514-44b4-98da-2cc672ed9d14" />
    <UnitTestResult executionId="fe023ccb-f2b7-4c39-9300-0b42803b615f" testId="a75df869-b8ee-c89b-7cd3-025e83911294" testName="xUnitTestProject.CurrencyHelperTests.FormatToStringTest1000(price: 69864.17463991146, expected: &quot;69864.17 zł&quot;)" computerName="DESKTOP-5URQ9PB" duration="00:00:00.0000041" startTime="2022-06-13T21:15:36.8969552+02:00" endTime="2022-06-13T21:15:36.8969553+02:00" testType="13cdc9d9-ddb5-4fa4-a97d-d965ccfc6d4b" outcome="Passed" testListId="8c84fa94-04c1-424b-9868-57a2d4851a1d" relativeResultsDirectory="fe023ccb-f2b7-4c39-9300-0b42803b615f" />
    <UnitTestResult executionId="3eb07423-4ff2-47ed-8977-c4f52b302500" testId="0a0bc23b-0e81-f4f7-edb6-cfc0213b6904" testName="xUnitTestProject.CurrencyHelperTests.FormatToStringTest1000(price: 2039.440966411699, expected: &quot;2039.44 zł&quot;)" computerName="DESKTOP-5URQ9PB" duration="00:00:00.0000056" startTime="2022-06-13T21:15:36.9370019+02:00" endTime="2022-06-13T21:15:36.9370020+02:00" testType="13cdc9d9-ddb5-4fa4-a97d-d965ccfc6d4b" outcome="Passed" testListId="8c84fa94-04c1-424b-9868-57a2d4851a1d" relativeResultsDirectory="3eb07423-4ff2-47ed-8977-c4f52b302500" />
    <UnitTestResult executionId="6cc61af5-335b-4583-9762-5ba8a094d6f9" testId="caf33f47-4d9c-c378-9883-273199a79b1e" testName="xUnitTestProject.CurrencyHelperTests.FormatToStringTest1000(price: 11181.228339251702, expected: &quot;11181.23 zł&quot;)" computerName="DESKTOP-5URQ9PB" duration="00:00:00.0000039" startTime="2022-06-13T21:15:36.9878105+02:00" endTime="2022-06-13T21:15:36.9878109+02:00" testType="13cdc9d9-ddb5-4fa4-a97d-d965ccfc6d4b" outcome="Passed" testListId="8c84fa94-04c1-424b-9868-57a2d4851a1d" relativeResultsDirectory="6cc61af5-335b-4583-9762-5ba8a094d6f9" />
    <UnitTestResult executionId="68775559-4012-47fe-a2cd-e11487a62ebe" testId="4d07a1bc-a8d9-c223-fb28-a20fa9ce459f" testName="xUnitTestProject.CurrencyHelperTests.FormatToStringTest1000(price: 24308.26523149212, expected: &quot;24308.27 zł&quot;)" computerName="DESKTOP-5URQ9PB" duration="00:00:00.0000038" startTime="2022-06-13T21:15:36.9791267+02:00" endTime="2022-06-13T21:15:36.9791268+02:00" testType="13cdc9d9-ddb5-4fa4-a97d-d965ccfc6d4b" outcome="Passed" testListId="8c84fa94-04c1-424b-9868-57a2d4851a1d" relativeResultsDirectory="68775559-4012-47fe-a2cd-e11487a62ebe" />
    <UnitTestResult executionId="1afed0f9-fd91-42fa-9cb2-8d1932764fa5" testId="156f5ebd-8a60-46f3-8ac8-18455127849a" testName="xUnitTestProject.CurrencyHelperTests.FormatToStringTest1000(price: 33601.357302459124, expected: &quot;33601.36 zł&quot;)" computerName="DESKTOP-5URQ9PB" duration="00:00:00.0000056" startTime="2022-06-13T21:15:36.9645620+02:00" endTime="2022-06-13T21:15:36.9645622+02:00" testType="13cdc9d9-ddb5-4fa4-a97d-d965ccfc6d4b" outcome="Passed" testListId="8c84fa94-04c1-424b-9868-57a2d4851a1d" relativeResultsDirectory="1afed0f9-fd91-42fa-9cb2-8d1932764fa5" />
    <UnitTestResult executionId="b54eaf86-5edb-4b89-b669-c0a6aa5f38b0" testId="2ff98558-45c2-21dd-60d2-e1efdde7c0a8" testName="xUnitTestProject.CurrencyHelperTests.FormatToStringTest1000(price: 35.34471716840971, expected: &quot;35.34 zł&quot;)" computerName="DESKTOP-5URQ9PB" duration="00:00:00.0000038" startTime="2022-06-13T21:15:36.9197388+02:00" endTime="2022-06-13T21:15:36.9197390+02:00" testType="13cdc9d9-ddb5-4fa4-a97d-d965ccfc6d4b" outcome="Passed" testListId="8c84fa94-04c1-424b-9868-57a2d4851a1d" relativeResultsDirectory="b54eaf86-5edb-4b89-b669-c0a6aa5f38b0" />
    <UnitTestResult executionId="d8511c56-a587-4282-9302-0ce8326cfee1" testId="e905c24a-e819-fe18-0852-b70c2080c17c" testName="xUnitTestProject.CurrencyHelperTests.FormatToStringTest1000(price: 23282.56178903047, expected: &quot;23282.56 zł&quot;)" computerName="DESKTOP-5URQ9PB" duration="00:00:00.0000112" startTime="2022-06-13T21:15:36.9224846+02:00" endTime="2022-06-13T21:15:36.9224847+02:00" testType="13cdc9d9-ddb5-4fa4-a97d-d965ccfc6d4b" outcome="Passed" testListId="8c84fa94-04c1-424b-9868-57a2d4851a1d" relativeResultsDirectory="d8511c56-a587-4282-9302-0ce8326cfee1" />
    <UnitTestResult executionId="9efa4d6b-77b8-4ca5-ba49-fc4b0ad80910" testId="a735bc53-5ccf-d2d2-51e4-40be87eec2ab" testName="xUnitTestProject.CurrencyHelperTests.FormatToStringTest1000(price: 28992.38363400166, expected: &quot;28992.38 zł&quot;)" computerName="DESKTOP-5URQ9PB" duration="00:00:00.0000056" startTime="2022-06-13T21:15:36.9255109+02:00" endTime="2022-06-13T21:15:36.9255111+02:00" testType="13cdc9d9-ddb5-4fa4-a97d-d965ccfc6d4b" outcome="Passed" testListId="8c84fa94-04c1-424b-9868-57a2d4851a1d" relativeResultsDirectory="9efa4d6b-77b8-4ca5-ba49-fc4b0ad80910" />
    <UnitTestResult executionId="19350487-b31c-4a57-b23d-dd97f6cceabb" testId="3b87d198-4b64-d5ab-66c4-ae53f55f5bdf" testName="xUnitTestProject.CurrencyHelperTests.FormatToStringTest1000(price: 22494.46807976834, expected: &quot;22494.47 zł&quot;)" computerName="DESKTOP-5URQ9PB" duration="00:00:00.0000039" startTime="2022-06-13T21:15:36.9850457+02:00" endTime="2022-06-13T21:15:36.9850458+02:00" testType="13cdc9d9-ddb5-4fa4-a97d-d965ccfc6d4b" outcome="Passed" testListId="8c84fa94-04c1-424b-9868-57a2d4851a1d" relativeResultsDirectory="19350487-b31c-4a57-b23d-dd97f6cceabb" />
    <UnitTestResult executionId="77c1d17a-ea1a-47eb-9b2d-dd28ba74665d" testId="534fc948-8601-de40-7f94-04ae4333536f" testName="xUnitTestProject.CurrencyHelperTests.FormatToStringTest1000(price: 19541.10539777116, expected: &quot;19541.11 zł&quot;)" computerName="DESKTOP-5URQ9PB" duration="00:00:00.0000056" startTime="2022-06-13T21:15:36.9547688+02:00" endTime="2022-06-13T21:15:36.9547690+02:00" testType="13cdc9d9-ddb5-4fa4-a97d-d965ccfc6d4b" outcome="Passed" testListId="8c84fa94-04c1-424b-9868-57a2d4851a1d" relativeResultsDirectory="77c1d17a-ea1a-47eb-9b2d-dd28ba74665d" />
    <UnitTestResult executionId="73e0fb00-b94a-406b-b3b8-b581bea0c4be" testId="8fb0d924-6ca3-e44c-f26a-1c29eb5d30bd" testName="xUnitTestProject.CurrencyHelperTests.FormatToStringTest1000(price: 47256.065730817645, expected: &quot;47256.07 zł&quot;)" computerName="DESKTOP-5URQ9PB" duration="00:00:00.0000044" startTime="2022-06-13T21:15:37.0023741+02:00" endTime="2022-06-13T21:15:37.0023745+02:00" testType="13cdc9d9-ddb5-4fa4-a97d-d965ccfc6d4b" outcome="Passed" testListId="8c84fa94-04c1-424b-9868-57a2d4851a1d" relativeResultsDirectory="73e0fb00-b94a-406b-b3b8-b581bea0c4be" />
    <UnitTestResult executionId="d35e76c6-2c2b-4843-819e-f95df49e5d74" testId="2154354b-9164-5585-480c-7dedd5c54210" testName="xUnitTestProject.CurrencyHelperTests.FormatToStringTest1000(price: 9097.395563790293, expected: &quot;9097.40 zł&quot;)" computerName="DESKTOP-5URQ9PB" duration="00:00:00.0000041" startTime="2022-06-13T21:15:36.9772699+02:00" endTime="2022-06-13T21:15:36.9772701+02:00" testType="13cdc9d9-ddb5-4fa4-a97d-d965ccfc6d4b" outcome="Passed" testListId="8c84fa94-04c1-424b-9868-57a2d4851a1d" relativeResultsDirectory="d35e76c6-2c2b-4843-819e-f95df49e5d74" />
    <UnitTestResult executionId="7f3b91a6-2486-4c7d-89d7-c7beb6cb278d" testId="d5ee81d6-78bc-115b-efec-5de38db0e38b" testName="xUnitTestProject.CurrencyHelperTests.FormatToStringTest1000(price: 1514.6266382441981, expected: &quot;1514.63 zł&quot;)" computerName="DESKTOP-5URQ9PB" duration="00:00:00.0000039" startTime="2022-06-13T21:15:36.9186248+02:00" endTime="2022-06-13T21:15:36.9186249+02:00" testType="13cdc9d9-ddb5-4fa4-a97d-d965ccfc6d4b" outcome="Passed" testListId="8c84fa94-04c1-424b-9868-57a2d4851a1d" relativeResultsDirectory="7f3b91a6-2486-4c7d-89d7-c7beb6cb278d" />
    <UnitTestResult executionId="6cf014ad-cf69-4aa7-a508-9a5030180b10" testId="c6cb5829-9900-78b4-ad40-ce24294fb2f7" testName="xUnitTestProject.CurrencyHelperTests.FormatToStringTest1000(price: 67380.07704875062, expected: &quot;67380.08 zł&quot;)" computerName="DESKTOP-5URQ9PB" duration="00:00:00.0000039" startTime="2022-06-13T21:15:36.9002600+02:00" endTime="2022-06-13T21:15:36.9002602+02:00" testType="13cdc9d9-ddb5-4fa4-a97d-d965ccfc6d4b" outcome="Passed" testListId="8c84fa94-04c1-424b-9868-57a2d4851a1d" relativeResultsDirectory="6cf014ad-cf69-4aa7-a508-9a5030180b10" />
    <UnitTestResult executionId="12670368-7948-4c51-b1e4-f8c61132d637" testId="14379ebb-9dd5-379e-3072-3bfd6770d049" testName="xUnitTestProject.CurrencyHelperTests.FormatToStringTest1000(price: 46166.38051381259, expected: &quot;46166.38 zł&quot;)" computerName="DESKTOP-5URQ9PB" duration="00:00:00.0000058" startTime="2022-06-13T21:15:36.9569012+02:00" endTime="2022-06-13T21:15:36.9569014+02:00" testType="13cdc9d9-ddb5-4fa4-a97d-d965ccfc6d4b" outcome="Passed" testListId="8c84fa94-04c1-424b-9868-57a2d4851a1d" relativeResultsDirectory="12670368-7948-4c51-b1e4-f8c61132d637" />
    <UnitTestResult executionId="fa60808a-c0cb-47b7-b19b-54dfca3d52fa" testId="2b440940-2efe-cdba-d4a2-2746340ee3bc" testName="xUnitTestProject.CurrencyHelperTests.FormatToStringTest1000(price: 13844.577623300524, expected: &quot;13844.58 zł&quot;)" computerName="DESKTOP-5URQ9PB" duration="00:00:00.0000056" startTime="2022-06-13T21:15:36.9469147+02:00" endTime="2022-06-13T21:15:36.9469149+02:00" testType="13cdc9d9-ddb5-4fa4-a97d-d965ccfc6d4b" outcome="Passed" testListId="8c84fa94-04c1-424b-9868-57a2d4851a1d" relativeResultsDirectory="fa60808a-c0cb-47b7-b19b-54dfca3d52fa" />
    <UnitTestResult executionId="47a9d732-46d8-4dee-964b-4ab01a5ade3c" testId="3fa92d95-7719-c247-fd7d-28cef4c98170" testName="xUnitTestProject.CurrencyHelperTests.FormatToStringTest1000(price: 9628.688698104437, expected: &quot;9628.69 zł&quot;)" computerName="DESKTOP-5URQ9PB" duration="00:00:00.0000056" startTime="2022-06-13T21:15:36.9626576+02:00" endTime="2022-06-13T21:15:36.9626578+02:00" testType="13cdc9d9-ddb5-4fa4-a97d-d965ccfc6d4b" outcome="Passed" testListId="8c84fa94-04c1-424b-9868-57a2d4851a1d" relativeResultsDirectory="47a9d732-46d8-4dee-964b-4ab01a5ade3c" />
    <UnitTestResult executionId="81ac8bad-b450-42fe-948a-76a74111425a" testId="fa17089e-753f-5fa3-f3ed-36d704a8d2ac" testName="xUnitTestProject.CurrencyHelperTests.FormatToStringTest1000(price: 13745.115971449817, expected: &quot;13745.12 zł&quot;)" computerName="DESKTOP-5URQ9PB" duration="00:00:00.0000039" startTime="2022-06-13T21:15:36.9930273+02:00" endTime="2022-06-13T21:15:36.9930274+02:00" testType="13cdc9d9-ddb5-4fa4-a97d-d965ccfc6d4b" outcome="Passed" testListId="8c84fa94-04c1-424b-9868-57a2d4851a1d" relativeResultsDirectory="81ac8bad-b450-42fe-948a-76a74111425a" />
    <UnitTestResult executionId="1fe984b9-0c07-4d29-ba6b-8992b5c0575a" testId="4753ba69-a929-b55c-7853-51519ca51301" testName="xUnitTestProject.CurrencyHelperTests.FormatToStringTest1000(price: 26215.613055301183, expected: &quot;26215.61 zł&quot;)" computerName="DESKTOP-5URQ9PB" duration="00:00:00.0000039" startTime="2022-06-13T21:15:36.9948333+02:00" endTime="2022-06-13T21:15:36.9948334+02:00" testType="13cdc9d9-ddb5-4fa4-a97d-d965ccfc6d4b" outcome="Passed" testListId="8c84fa94-04c1-424b-9868-57a2d4851a1d" relativeResultsDirectory="1fe984b9-0c07-4d29-ba6b-8992b5c0575a" />
    <UnitTestResult executionId="a97a8612-cebe-4d46-b366-2a0dc804975f" testId="5de12653-1f5a-24cb-5ff2-99601694fb1f" testName="xUnitTestProject.CurrencyHelperTests.FormatToStringTest1000(price: 77919.64716867341, expected: &quot;77919.65 zł&quot;)" computerName="DESKTOP-5URQ9PB" duration="00:00:00.0000040" startTime="2022-06-13T21:15:36.9697099+02:00" endTime="2022-06-13T21:15:36.9697101+02:00" testType="13cdc9d9-ddb5-4fa4-a97d-d965ccfc6d4b" outcome="Passed" testListId="8c84fa94-04c1-424b-9868-57a2d4851a1d" relativeResultsDirectory="a97a8612-cebe-4d46-b366-2a0dc804975f" />
    <UnitTestResult executionId="47144d0f-fadc-4e3d-bd91-7f1da76a5925" testId="0875efbb-c25e-506a-0639-785cadf1bec9" testName="xUnitTestProject.CurrencyHelperTests.FormatToStringTest1000(price: 3131.5022711732904, expected: &quot;3131.50 zł&quot;)" computerName="DESKTOP-5URQ9PB" duration="00:00:00.0000039" startTime="2022-06-13T21:15:36.9159503+02:00" endTime="2022-06-13T21:15:36.9159504+02:00" testType="13cdc9d9-ddb5-4fa4-a97d-d965ccfc6d4b" outcome="Passed" testListId="8c84fa94-04c1-424b-9868-57a2d4851a1d" relativeResultsDirectory="47144d0f-fadc-4e3d-bd91-7f1da76a5925" />
    <UnitTestResult executionId="f08eef04-61d5-4544-ae30-1e93e04606dc" testId="35d446c0-f87b-db26-2eb6-ac470ed5efed" testName="xUnitTestProject.CurrencyHelperTests.FormatToStringTest1000(price: 16902.50568789314, expected: &quot;16902.51 zł&quot;)" computerName="DESKTOP-5URQ9PB" duration="00:00:00.0000039" startTime="2022-06-13T21:15:36.8936459+02:00" endTime="2022-06-13T21:15:36.8936460+02:00" testType="13cdc9d9-ddb5-4fa4-a97d-d965ccfc6d4b" outcome="Passed" testListId="8c84fa94-04c1-424b-9868-57a2d4851a1d" relativeResultsDirectory="f08eef04-61d5-4544-ae30-1e93e04606dc" />
    <UnitTestResult executionId="efeb7548-7741-4f77-a723-b7db2f197b0b" testId="1536b0a9-7189-743d-a273-29feae6f0843" testName="xUnitTestProject.CurrencyHelperTests.FormatToStringTest1000(price: 24729.333280806586, expected: &quot;24729.33 zł&quot;)" computerName="DESKTOP-5URQ9PB" duration="00:00:00.0000038" startTime="2022-06-13T21:15:36.9889187+02:00" endTime="2022-06-13T21:15:36.9889189+02:00" testType="13cdc9d9-ddb5-4fa4-a97d-d965ccfc6d4b" outcome="Passed" testListId="8c84fa94-04c1-424b-9868-57a2d4851a1d" relativeResultsDirectory="efeb7548-7741-4f77-a723-b7db2f197b0b" />
    <UnitTestResult executionId="e87088c7-8120-40ee-afbb-13bd182003cb" testId="ad51f424-6928-1bb2-fff3-55ef9dbab945" testName="xUnitTestProject.CurrencyHelperTests.FormatToStringTest1000(price: 5140.16338917155, expected: &quot;5140.16 zł&quot;)" computerName="DESKTOP-5URQ9PB" duration="00:00:00.0000040" startTime="2022-06-13T21:15:36.9166831+02:00" endTime="2022-06-13T21:15:36.9166832+02:00" testType="13cdc9d9-ddb5-4fa4-a97d-d965ccfc6d4b" outcome="Passed" testListId="8c84fa94-04c1-424b-9868-57a2d4851a1d" relativeResultsDirectory="e87088c7-8120-40ee-afbb-13bd182003cb" />
    <UnitTestResult executionId="c4c57eb2-46d7-4260-9023-18e911ee7273" testId="cbab0896-310f-9613-16bf-ed68cf4f09cd" testName="xUnitTestProject.CurrencyHelperTests.FormatToStringTest1000(price: 20068.867046961965, expected: &quot;20068.87 zł&quot;)" computerName="DESKTOP-5URQ9PB" duration="00:00:00.0000039" startTime="2022-06-13T21:15:36.9762685+02:00" endTime="2022-06-13T21:15:36.9762686+02:00" testType="13cdc9d9-ddb5-4fa4-a97d-d965ccfc6d4b" outcome="Passed" testListId="8c84fa94-04c1-424b-9868-57a2d4851a1d" relativeResultsDirectory="c4c57eb2-46d7-4260-9023-18e911ee7273" />
    <UnitTestResult executionId="721927e8-2246-4bbe-a34c-13c5c38e7a73" testId="72858ddf-be22-dd7b-74db-ce66ecacd1dd" testName="xUnitTestProject.CurrencyHelperTests.FormatToStringTest1000(price: 1614.2516601789982, expected: &quot;1614.25 zł&quot;)" computerName="DESKTOP-5URQ9PB" duration="00:00:00.0000056" startTime="2022-06-13T21:15:36.9519768+02:00" endTime="2022-06-13T21:15:36.9519770+02:00" testType="13cdc9d9-ddb5-4fa4-a97d-d965ccfc6d4b" outcome="Passed" testListId="8c84fa94-04c1-424b-9868-57a2d4851a1d" relativeResultsDirectory="721927e8-2246-4bbe-a34c-13c5c38e7a73" />
    <UnitTestResult executionId="7e7bfc1f-7bef-4847-a2af-6740d2a88bf9" testId="4fc181f0-ada2-9ab6-d52d-1988c5ebde7a" testName="xUnitTestProject.CurrencyHelperTests.FormatToStringTest1000(price: 26015.8311952552, expected: &quot;26015.83 zł&quot;)" computerName="DESKTOP-5URQ9PB" duration="00:00:00.0000039" startTime="2022-06-13T21:15:37.0038591+02:00" endTime="2022-06-13T21:15:37.0038593+02:00" testType="13cdc9d9-ddb5-4fa4-a97d-d965ccfc6d4b" outcome="Passed" testListId="8c84fa94-04c1-424b-9868-57a2d4851a1d" relativeResultsDirectory="7e7bfc1f-7bef-4847-a2af-6740d2a88bf9" />
    <UnitTestResult executionId="535c20f7-6006-46a8-8ab4-9474f4962035" testId="c303e402-0edb-f6ba-e4af-33ac122437de" testName="xUnitTestProject.CurrencyHelperTests.FormatToStringTest1000(price: 6105.007054037418, expected: &quot;6105.01 zł&quot;)" computerName="DESKTOP-5URQ9PB" duration="00:00:00.0000039" startTime="2022-06-13T21:15:36.9908592+02:00" endTime="2022-06-13T21:15:36.9908593+02:00" testType="13cdc9d9-ddb5-4fa4-a97d-d965ccfc6d4b" outcome="Passed" testListId="8c84fa94-04c1-424b-9868-57a2d4851a1d" relativeResultsDirectory="535c20f7-6006-46a8-8ab4-9474f4962035" />
    <UnitTestResult executionId="5e7c8569-77ca-433c-b547-cd73da1d40f4" testId="996b214e-32e4-5376-d989-b4bc865084fe" testName="xUnitTestProject.CurrencyHelperTests.FormatToStringTest1000(price: 317.9090540706688, expected: &quot;317.91 zł&quot;)" computerName="DESKTOP-5URQ9PB" duration="00:00:00.0000039" startTime="2022-06-13T21:15:36.9664994+02:00" endTime="2022-06-13T21:15:36.9664997+02:00" testType="13cdc9d9-ddb5-4fa4-a97d-d965ccfc6d4b" outcome="Passed" testListId="8c84fa94-04c1-424b-9868-57a2d4851a1d" relativeResultsDirectory="5e7c8569-77ca-433c-b547-cd73da1d40f4" />
    <UnitTestResult executionId="901206fd-12bb-492d-a40c-e756ecc0ed58" testId="f62ec529-2064-feb0-d217-30e62f8296ba" testName="xUnitTestProject.CurrencyHelperTests.FormatToStringTest1000(price: 58459.03113649601, expected: &quot;58459.03 zł&quot;)" computerName="DESKTOP-5URQ9PB" duration="00:00:00.0000191" startTime="2022-06-13T21:15:36.9207295+02:00" endTime="2022-06-13T21:15:36.9207297+02:00" testType="13cdc9d9-ddb5-4fa4-a97d-d965ccfc6d4b" outcome="Passed" testListId="8c84fa94-04c1-424b-9868-57a2d4851a1d" relativeResultsDirectory="901206fd-12bb-492d-a40c-e756ecc0ed58" />
    <UnitTestResult executionId="3b9f95c6-23a4-4142-9aa9-9ae3cadededf" testId="b8c9a81a-11ec-9afa-2e32-5c4408d66f0a" testName="xUnitTestProject.CurrencyHelperTests.FormatToStringTest1000(price: 19933.78650940945, expected: &quot;19933.79 zł&quot;)" computerName="DESKTOP-5URQ9PB" duration="00:00:00.0000038" startTime="2022-06-13T21:15:36.9829670+02:00" endTime="2022-06-13T21:15:36.9829671+02:00" testType="13cdc9d9-ddb5-4fa4-a97d-d965ccfc6d4b" outcome="Passed" testListId="8c84fa94-04c1-424b-9868-57a2d4851a1d" relativeResultsDirectory="3b9f95c6-23a4-4142-9aa9-9ae3cadededf" />
    <UnitTestResult executionId="dbd51cf7-a9d6-4da4-9f76-0495e8558baa" testId="8cdd5bbc-dcfa-1d65-90a0-7f353e299d1e" testName="xUnitTestProject.CurrencyHelperTests.FormatToStringTest1000(price: 272.5621069118204, expected: &quot;272.56 zł&quot;)" computerName="DESKTOP-5URQ9PB" duration="00:00:00.0000038" startTime="2022-06-13T21:15:36.9197080+02:00" endTime="2022-06-13T21:15:36.9197081+02:00" testType="13cdc9d9-ddb5-4fa4-a97d-d965ccfc6d4b" outcome="Passed" testListId="8c84fa94-04c1-424b-9868-57a2d4851a1d" relativeResultsDirectory="dbd51cf7-a9d6-4da4-9f76-0495e8558baa" />
    <UnitTestResult executionId="57b060b8-1360-4a74-84fa-eeba60623933" testId="2ed2cd1c-632f-e0d9-b2af-c3d4c17fd7b1" testName="xUnitTestProject.CurrencyHelperTests.FormatToStringTest1000(price: 41008.28505327194, expected: &quot;41008.29 zł&quot;)" computerName="DESKTOP-5URQ9PB" duration="00:00:00.0000040" startTime="2022-06-13T21:15:36.9095044+02:00" endTime="2022-06-13T21:15:36.9095048+02:00" testType="13cdc9d9-ddb5-4fa4-a97d-d965ccfc6d4b" outcome="Passed" testListId="8c84fa94-04c1-424b-9868-57a2d4851a1d" relativeResultsDirectory="57b060b8-1360-4a74-84fa-eeba60623933" />
    <UnitTestResult executionId="f1d21bc6-af64-427b-9b1a-f66485f2bc43" testId="3462b2eb-e30f-6a87-cb93-c3563606a080" testName="xUnitTestProject.CurrencyHelperTests.FormatToStringTest1000(price: 20249.56614074277, expected: &quot;20249.57 zł&quot;)" computerName="DESKTOP-5URQ9PB" duration="00:00:00.0000038" startTime="2022-06-13T21:15:36.9868177+02:00" endTime="2022-06-13T21:15:36.9868181+02:00" testType="13cdc9d9-ddb5-4fa4-a97d-d965ccfc6d4b" outcome="Passed" testListId="8c84fa94-04c1-424b-9868-57a2d4851a1d" relativeResultsDirectory="f1d21bc6-af64-427b-9b1a-f66485f2bc43" />
    <UnitTestResult executionId="af5767b3-403f-434f-97bf-1d9379ff5dcf" testId="ef111b7b-895d-e083-171f-1b45ef31d01a" testName="xUnitTestProject.CurrencyHelperTests.FormatToStringTest1000(price: 33699.13042082038, expected: &quot;33699.13 zł&quot;)" computerName="DESKTOP-5URQ9PB" duration="00:00:00.0000039" startTime="2022-06-13T21:15:37.0058511+02:00" endTime="2022-06-13T21:15:37.0058512+02:00" testType="13cdc9d9-ddb5-4fa4-a97d-d965ccfc6d4b" outcome="Passed" testListId="8c84fa94-04c1-424b-9868-57a2d4851a1d" relativeResultsDirectory="af5767b3-403f-434f-97bf-1d9379ff5dcf" />
    <UnitTestResult executionId="e1d540e5-c6a2-4e17-b491-115dae302f46" testId="bfee474b-216b-2c15-15a7-0adadfd388fb" testName="xUnitTestProject.CurrencyHelperTests.FormatToStringTest1000(price: 26133.133789601336, expected: &quot;26133.13 zł&quot;)" computerName="DESKTOP-5URQ9PB" duration="00:00:00.0000056" startTime="2022-06-13T21:15:36.9413739+02:00" endTime="2022-06-13T21:15:36.9413741+02:00" testType="13cdc9d9-ddb5-4fa4-a97d-d965ccfc6d4b" outcome="Passed" testListId="8c84fa94-04c1-424b-9868-57a2d4851a1d" relativeResultsDirectory="e1d540e5-c6a2-4e17-b491-115dae302f46" />
    <UnitTestResult executionId="6ebdffdc-7902-4db5-b39c-6fe4b9a6ade6" testId="6f6f8b3a-15e7-3194-8c20-0c46fab5e263" testName="xUnitTestProject.CurrencyHelperTests.FormatToStringTest1000(price: 7013.601812260971, expected: &quot;7013.60 zł&quot;)" computerName="DESKTOP-5URQ9PB" duration="00:00:00.0000041" startTime="2022-06-13T21:15:36.8979193+02:00" endTime="2022-06-13T21:15:36.8979198+02:00" testType="13cdc9d9-ddb5-4fa4-a97d-d965ccfc6d4b" outcome="Passed" testListId="8c84fa94-04c1-424b-9868-57a2d4851a1d" relativeResultsDirectory="6ebdffdc-7902-4db5-b39c-6fe4b9a6ade6" />
    <UnitTestResult executionId="64256354-e8e8-424e-bf34-f2ad7a184775" testId="c2e7dabf-153e-40d2-4e35-e0a4cdae5b80" testName="xUnitTestProject.CurrencyHelperTests.FormatToStringTest1000(price: 19519.4298413505, expected: &quot;19519.43 zł&quot;)" computerName="DESKTOP-5URQ9PB" duration="00:00:00.0000113" startTime="2022-06-13T21:15:36.9589450+02:00" endTime="2022-06-13T21:15:36.9589451+02:00" testType="13cdc9d9-ddb5-4fa4-a97d-d965ccfc6d4b" outcome="Passed" testListId="8c84fa94-04c1-424b-9868-57a2d4851a1d" relativeResultsDirectory="64256354-e8e8-424e-bf34-f2ad7a184775" />
    <UnitTestResult executionId="440592e3-57a4-401e-9f59-bd5a978ad0cf" testId="bfdd6bca-a34f-47f5-eae8-5d12e496bd00" testName="xUnitTestProject.CurrencyHelperTests.FormatToStringTest1000(price: 22197.731451777618, expected: &quot;22197.73 zł&quot;)" computerName="DESKTOP-5URQ9PB" duration="00:00:00.0000056" startTime="2022-06-13T21:15:36.9425859+02:00" endTime="2022-06-13T21:15:36.9425861+02:00" testType="13cdc9d9-ddb5-4fa4-a97d-d965ccfc6d4b" outcome="Passed" testListId="8c84fa94-04c1-424b-9868-57a2d4851a1d" relativeResultsDirectory="440592e3-57a4-401e-9f59-bd5a978ad0cf" />
    <UnitTestResult executionId="1ee0b296-1abe-4c6e-87fc-5c57e74e4cf7" testId="8b7ce013-8629-5a29-320f-b962e95e1d02" testName="xUnitTestProject.CurrencyHelperTests.FormatToStringTest1000(price: 47437.74370917619, expected: &quot;47437.74 zł&quot;)" computerName="DESKTOP-5URQ9PB" duration="00:00:00.0000051" startTime="2022-06-13T21:15:36.9178300+02:00" endTime="2022-06-13T21:15:36.9178302+02:00" testType="13cdc9d9-ddb5-4fa4-a97d-d965ccfc6d4b" outcome="Passed" testListId="8c84fa94-04c1-424b-9868-57a2d4851a1d" relativeResultsDirectory="1ee0b296-1abe-4c6e-87fc-5c57e74e4cf7" />
    <UnitTestResult executionId="c6e88de2-3ef7-4f85-b242-911d94092bb0" testId="2155bccb-482b-2346-834b-1eb7ea617ead" testName="xUnitTestProject.CurrencyHelperTests.FormatToStringTest1000(price: 6146.91236741278, expected: &quot;6146.91 zł&quot;)" computerName="DESKTOP-5URQ9PB" duration="00:00:00.0000038" startTime="2022-06-13T21:15:36.9168425+02:00" endTime="2022-06-13T21:15:36.9168427+02:00" testType="13cdc9d9-ddb5-4fa4-a97d-d965ccfc6d4b" outcome="Passed" testListId="8c84fa94-04c1-424b-9868-57a2d4851a1d" relativeResultsDirectory="c6e88de2-3ef7-4f85-b242-911d94092bb0" />
    <UnitTestResult executionId="51b23748-977b-4e9f-9d8a-f0c3d55224cb" testId="3f3f2250-01f3-21dd-18d8-8a073a42cac3" testName="xUnitTestProject.CurrencyHelperTests.FormatToStringTest1000(price: 9765.54450809748, expected: &quot;9765.54 zł&quot;)" computerName="DESKTOP-5URQ9PB" duration="00:00:00.0000059" startTime="2022-06-13T21:15:36.9578494+02:00" endTime="2022-06-13T21:15:36.9578495+02:00" testType="13cdc9d9-ddb5-4fa4-a97d-d965ccfc6d4b" outcome="Passed" testListId="8c84fa94-04c1-424b-9868-57a2d4851a1d" relativeResultsDirectory="51b23748-977b-4e9f-9d8a-f0c3d55224cb" />
    <UnitTestResult executionId="4f30b0a9-63be-45a7-aa95-f09266fb34d0" testId="4e2fa441-f609-cc78-7eb6-a2fea9348b3f" testName="xUnitTestProject.CurrencyHelperTests.FormatToStringTest1000(price: 63291.50274994015, expected: &quot;63291.50 zł&quot;)" computerName="DESKTOP-5URQ9PB" duration="00:00:00.0000056" startTime="2022-06-13T21:15:36.9458757+02:00" endTime="2022-06-13T21:15:36.9458758+02:00" testType="13cdc9d9-ddb5-4fa4-a97d-d965ccfc6d4b" outcome="Passed" testListId="8c84fa94-04c1-424b-9868-57a2d4851a1d" relativeResultsDirectory="4f30b0a9-63be-45a7-aa95-f09266fb34d0" />
    <UnitTestResult executionId="d58a37ec-1609-409d-ba9c-c77c2e2bbe0b" testId="685331f6-0a25-8111-bb2a-37dce3d8d170" testName="xUnitTestProject.CurrencyHelperTests.FormatToStringTest1000(price: 45035.160883881224, expected: &quot;45035.16 zł&quot;)" computerName="DESKTOP-5URQ9PB" duration="00:00:00.0000056" startTime="2022-06-13T21:15:36.9414664+02:00" endTime="2022-06-13T21:15:36.9414666+02:00" testType="13cdc9d9-ddb5-4fa4-a97d-d965ccfc6d4b" outcome="Passed" testListId="8c84fa94-04c1-424b-9868-57a2d4851a1d" relativeResultsDirectory="d58a37ec-1609-409d-ba9c-c77c2e2bbe0b" />
    <UnitTestResult executionId="e5fcb78d-a8ce-4ffa-adc9-cb10a6493801" testId="5df2cee8-1205-20ca-1995-6e5120b53d1e" testName="xUnitTestProject.CurrencyHelperTests.FormatToStringTest1000(price: 1884.4923513031063, expected: &quot;1884.49 zł&quot;)" computerName="DESKTOP-5URQ9PB" duration="00:00:00.0000041" startTime="2022-06-13T21:15:36.8914357+02:00" endTime="2022-06-13T21:15:36.8914359+02:00" testType="13cdc9d9-ddb5-4fa4-a97d-d965ccfc6d4b" outcome="Passed" testListId="8c84fa94-04c1-424b-9868-57a2d4851a1d" relativeResultsDirectory="e5fcb78d-a8ce-4ffa-adc9-cb10a6493801" />
    <UnitTestResult executionId="3aa6405c-eaee-4934-b6c5-acb5e854575f" testId="313d194a-30d0-d3d5-cf7b-c5a66b6b3935" testName="xUnitTestProject.CurrencyHelperTests.FormatToStringTest1000(price: 9994.9471861026, expected: &quot;9994.95 zł&quot;)" computerName="DESKTOP-5URQ9PB" duration="00:00:00.0000056" startTime="2022-06-13T21:15:36.9618182+02:00" endTime="2022-06-13T21:15:36.9618183+02:00" testType="13cdc9d9-ddb5-4fa4-a97d-d965ccfc6d4b" outcome="Passed" testListId="8c84fa94-04c1-424b-9868-57a2d4851a1d" relativeResultsDirectory="3aa6405c-eaee-4934-b6c5-acb5e854575f" />
    <UnitTestResult executionId="1d8ba9ec-c733-4e35-8455-65bdd7d1a74e" testId="1079d268-49d6-f18c-d495-58b580aae9dc" testName="xUnitTestProject.CurrencyHelperTests.FormatToStringTest1000(price: 26220.382477706476, expected: &quot;26220.38 zł&quot;)" computerName="DESKTOP-5URQ9PB" duration="00:00:00.0000056" startTime="2022-06-13T21:15:36.9427497+02:00" endTime="2022-06-13T21:15:36.9427499+02:00" testType="13cdc9d9-ddb5-4fa4-a97d-d965ccfc6d4b" outcome="Passed" testListId="8c84fa94-04c1-424b-9868-57a2d4851a1d" relativeResultsDirectory="1d8ba9ec-c733-4e35-8455-65bdd7d1a74e" />
    <UnitTestResult executionId="0210922b-0c51-417b-a233-ce0271ed5907" testId="dd2dd033-1470-57eb-5d97-02eb255fcb1f" testName="xUnitTestProject.CurrencyHelperTests.FormatToStringTest1000(price: 3274.481392617096, expected: &quot;3274.48 zł&quot;)" computerName="DESKTOP-5URQ9PB" duration="00:00:00.0000058" startTime="2022-06-13T21:15:36.9331650+02:00" endTime="2022-06-13T21:15:36.9331652+02:00" testType="13cdc9d9-ddb5-4fa4-a97d-d965ccfc6d4b" outcome="Passed" testListId="8c84fa94-04c1-424b-9868-57a2d4851a1d" relativeResultsDirectory="0210922b-0c51-417b-a233-ce0271ed5907" />
    <UnitTestResult executionId="2405e650-104e-40c2-9896-b408536c4dc9" testId="b9639a73-b99d-241a-c8a5-6c3a19c63133" testName="xUnitTestProject.CurrencyHelperTests.FormatToStringTest1000(price: 19500.031951036784, expected: &quot;19500.03 zł&quot;)" computerName="DESKTOP-5URQ9PB" duration="00:00:00.0000075" startTime="2022-06-13T21:15:36.9596938+02:00" endTime="2022-06-13T21:15:36.9596940+02:00" testType="13cdc9d9-ddb5-4fa4-a97d-d965ccfc6d4b" outcome="Passed" testListId="8c84fa94-04c1-424b-9868-57a2d4851a1d" relativeResultsDirectory="2405e650-104e-40c2-9896-b408536c4dc9" />
    <UnitTestResult executionId="e4b44ffd-2b3d-4bb0-bf75-3581aad54695" testId="e457ba43-5ec8-2ef9-9f16-d8e65791d46d" testName="xUnitTestProject.CurrencyHelperTests.FormatToStringTest1000(price: 58902.704109088845, expected: &quot;58902.70 zł&quot;)" computerName="DESKTOP-5URQ9PB" duration="00:00:00.0000040" startTime="2022-06-13T21:15:36.9187217+02:00" endTime="2022-06-13T21:15:36.9187218+02:00" testType="13cdc9d9-ddb5-4fa4-a97d-d965ccfc6d4b" outcome="Passed" testListId="8c84fa94-04c1-424b-9868-57a2d4851a1d" relativeResultsDirectory="e4b44ffd-2b3d-4bb0-bf75-3581aad54695" />
    <UnitTestResult executionId="09f1632e-60a0-4407-b740-63025791e3f0" testId="19ecf0ec-9a79-ad70-9475-fee54b9d8614" testName="xUnitTestProject.CurrencyHelperTests.FormatToStringTest1000(price: 1994.0983933439006, expected: &quot;1994.10 zł&quot;)" computerName="DESKTOP-5URQ9PB" duration="00:00:00.0000056" startTime="2022-06-13T21:15:36.9283622+02:00" endTime="2022-06-13T21:15:36.9283623+02:00" testType="13cdc9d9-ddb5-4fa4-a97d-d965ccfc6d4b" outcome="Passed" testListId="8c84fa94-04c1-424b-9868-57a2d4851a1d" relativeResultsDirectory="09f1632e-60a0-4407-b740-63025791e3f0" />
    <UnitTestResult executionId="375cbe35-152a-48f4-b633-1429baab5f81" testId="46947d50-5e18-dad2-e4a8-b6d0819ae97c" testName="xUnitTestProject.CurrencyHelperTests.FormatToStringTest1000(price: 7377.5644264340235, expected: &quot;7377.56 zł&quot;)" computerName="DESKTOP-5URQ9PB" duration="00:00:00.0000056" startTime="2022-06-13T21:15:36.9489295+02:00" endTime="2022-06-13T21:15:36.9489297+02:00" testType="13cdc9d9-ddb5-4fa4-a97d-d965ccfc6d4b" outcome="Passed" testListId="8c84fa94-04c1-424b-9868-57a2d4851a1d" relativeResultsDirectory="375cbe35-152a-48f4-b633-1429baab5f81" />
    <UnitTestResult executionId="fb960fc5-4d82-4de5-a02f-00000df6638e" testId="039e02b8-589d-bf11-ab34-101144716c75" testName="xUnitTestProject.CurrencyHelperTests.FormatToStringTest1000(price: 68479.93492677805, expected: &quot;68479.93 zł&quot;)" computerName="DESKTOP-5URQ9PB" duration="00:00:00.0000040" startTime="2022-06-13T21:15:37.0068927+02:00" endTime="2022-06-13T21:15:37.0068929+02:00" testType="13cdc9d9-ddb5-4fa4-a97d-d965ccfc6d4b" outcome="Passed" testListId="8c84fa94-04c1-424b-9868-57a2d4851a1d" relativeResultsDirectory="fb960fc5-4d82-4de5-a02f-00000df6638e" />
    <UnitTestResult executionId="230d6969-f2c2-49d9-a4b6-5e1b4580cb07" testId="abb4aad3-77db-7359-08fe-5197066f13be" testName="xUnitTestProject.CurrencyHelperTests.FormatToStringTest1000(price: 79339.95632144621, expected: &quot;79339.96 zł&quot;)" computerName="DESKTOP-5URQ9PB" duration="00:00:00.0000040" startTime="2022-06-13T21:15:37.0024396+02:00" endTime="2022-06-13T21:15:37.0024397+02:00" testType="13cdc9d9-ddb5-4fa4-a97d-d965ccfc6d4b" outcome="Passed" testListId="8c84fa94-04c1-424b-9868-57a2d4851a1d" relativeResultsDirectory="230d6969-f2c2-49d9-a4b6-5e1b4580cb07" />
    <UnitTestResult executionId="bf88d28d-83b6-4921-af4f-d99dee0f9cc6" testId="56e327fe-8407-ea11-addf-90ce93ff7d58" testName="xUnitTestProject.CurrencyHelperTests.FormatToStringTest1000(price: 1814.7218118955948, expected: &quot;1814.72 zł&quot;)" computerName="DESKTOP-5URQ9PB" duration="00:00:00.0000040" startTime="2022-06-13T21:15:37.0006296+02:00" endTime="2022-06-13T21:15:37.0006298+02:00" testType="13cdc9d9-ddb5-4fa4-a97d-d965ccfc6d4b" outcome="Passed" testListId="8c84fa94-04c1-424b-9868-57a2d4851a1d" relativeResultsDirectory="bf88d28d-83b6-4921-af4f-d99dee0f9cc6" />
    <UnitTestResult executionId="efaac68d-9fab-486a-af81-7244d6a4a3b4" testId="9e92a3ef-f628-77f3-597e-ab6211795c33" testName="xUnitTestProject.CurrencyHelperTests.FormatToStringTest1000(price: 17845.255864087147, expected: &quot;17845.26 zł&quot;)" computerName="DESKTOP-5URQ9PB" duration="00:00:00.0000058" startTime="2022-06-13T21:15:36.9529774+02:00" endTime="2022-06-13T21:15:36.9529775+02:00" testType="13cdc9d9-ddb5-4fa4-a97d-d965ccfc6d4b" outcome="Passed" testListId="8c84fa94-04c1-424b-9868-57a2d4851a1d" relativeResultsDirectory="efaac68d-9fab-486a-af81-7244d6a4a3b4" />
    <UnitTestResult executionId="50e95f26-a573-4e93-a0bb-a89facc83adb" testId="a188d29e-24f4-14f6-3109-f28ee9929456" testName="xUnitTestProject.CurrencyHelperTests.FormatToStringTest1000(price: 15639.704937780603, expected: &quot;15639.70 zł&quot;)" computerName="DESKTOP-5URQ9PB" duration="00:00:00.0000040" startTime="2022-06-13T21:15:36.9920496+02:00" endTime="2022-06-13T21:15:36.9920498+02:00" testType="13cdc9d9-ddb5-4fa4-a97d-d965ccfc6d4b" outcome="Passed" testListId="8c84fa94-04c1-424b-9868-57a2d4851a1d" relativeResultsDirectory="50e95f26-a573-4e93-a0bb-a89facc83adb" />
    <UnitTestResult executionId="43d6c4e6-1cb3-409c-902e-28045ebe587f" testId="30971562-18c2-709e-97a4-74161badb09c" testName="xUnitTestProject.CurrencyHelperTests.FormatToStringTest1000(price: 28579.14698705503, expected: &quot;28579.15 zł&quot;)" computerName="DESKTOP-5URQ9PB" duration="00:00:00.0000040" startTime="2022-06-13T21:15:36.9675857+02:00" endTime="2022-06-13T21:15:36.9675859+02:00" testType="13cdc9d9-ddb5-4fa4-a97d-d965ccfc6d4b" outcome="Passed" testListId="8c84fa94-04c1-424b-9868-57a2d4851a1d" relativeResultsDirectory="43d6c4e6-1cb3-409c-902e-28045ebe587f" />
    <UnitTestResult executionId="48ccb333-9857-417d-9389-c77eeae78ed4" testId="b93fddec-5e00-a1c1-fc16-4882d018fd04" testName="xUnitTestProject.CurrencyHelperTests.FormatToStringTest1000(price: 54678.59301593089, expected: &quot;54678.59 zł&quot;)" computerName="DESKTOP-5URQ9PB" duration="00:00:00.0000055" startTime="2022-06-13T21:15:36.9312901+02:00" endTime="2022-06-13T21:15:36.9312903+02:00" testType="13cdc9d9-ddb5-4fa4-a97d-d965ccfc6d4b" outcome="Passed" testListId="8c84fa94-04c1-424b-9868-57a2d4851a1d" relativeResultsDirectory="48ccb333-9857-417d-9389-c77eeae78ed4" />
    <UnitTestResult executionId="28bdc8b6-749e-4717-9580-736b4296e428" testId="ba7d1414-f471-8c90-0af7-54df538160f7" testName="xUnitTestProject.CurrencyHelperTests.FormatToStringTest1000(price: 24646.322657574587, expected: &quot;24646.32 zł&quot;)" computerName="DESKTOP-5URQ9PB" duration="00:00:00.0000066" startTime="2022-06-13T21:15:36.9340121+02:00" endTime="2022-06-13T21:15:36.9340125+02:00" testType="13cdc9d9-ddb5-4fa4-a97d-d965ccfc6d4b" outcome="Passed" testListId="8c84fa94-04c1-424b-9868-57a2d4851a1d" relativeResultsDirectory="28bdc8b6-749e-4717-9580-736b4296e428" />
    <UnitTestResult executionId="1435db8b-2c27-4644-a7c1-4fa5b143e0d5" testId="34bdc501-b6be-65bd-2c54-6d143c30390e" testName="xUnitTestProject.CurrencyHelperTests.FormatToStringTest1000(price: 3694.480496819355, expected: &quot;3694.48 zł&quot;)" computerName="DESKTOP-5URQ9PB" duration="00:00:00.0000056" startTime="2022-06-13T21:15:36.9539505+02:00" endTime="2022-06-13T21:15:36.9539506+02:00" testType="13cdc9d9-ddb5-4fa4-a97d-d965ccfc6d4b" outcome="Passed" testListId="8c84fa94-04c1-424b-9868-57a2d4851a1d" relativeResultsDirectory="1435db8b-2c27-4644-a7c1-4fa5b143e0d5" />
    <UnitTestResult executionId="19ba71c5-259e-45b7-a9df-489028af0e75" testId="163fd586-92aa-6f23-9cea-f9c152d7d771" testName="xUnitTestProject.CurrencyHelperTests.FormatToStringTest1000(price: 75214.75000876503, expected: &quot;75214.75 zł&quot;)" computerName="DESKTOP-5URQ9PB" duration="00:00:00.0000040" startTime="2022-06-13T21:15:36.8926556+02:00" endTime="2022-06-13T21:15:36.8926557+02:00" testType="13cdc9d9-ddb5-4fa4-a97d-d965ccfc6d4b" outcome="Passed" testListId="8c84fa94-04c1-424b-9868-57a2d4851a1d" relativeResultsDirectory="19ba71c5-259e-45b7-a9df-489028af0e75" />
    <UnitTestResult executionId="c54c8ded-b997-437a-956d-5da0ad230a61" testId="613b2ffe-17c7-a1b7-9417-e8c0c951aa41" testName="xUnitTestProject.CurrencyHelperTests.FormatToStringTest1000(price: 1739.5853778997368, expected: &quot;1739.59 zł&quot;)" computerName="DESKTOP-5URQ9PB" duration="00:00:00.0000055" startTime="2022-06-13T21:15:36.9381932+02:00" endTime="2022-06-13T21:15:36.9381933+02:00" testType="13cdc9d9-ddb5-4fa4-a97d-d965ccfc6d4b" outcome="Passed" testListId="8c84fa94-04c1-424b-9868-57a2d4851a1d" relativeResultsDirectory="c54c8ded-b997-437a-956d-5da0ad230a61" />
    <UnitTestResult executionId="92555416-5cff-4c71-ba29-2151a9eb9c3b" testId="9100d9e1-967e-296d-c07b-a43969fad121" testName="xUnitTestProject.CurrencyHelperTests.FormatToStringTest1000(price: 16901.497392274203, expected: &quot;16901.50 zł&quot;)" computerName="DESKTOP-5URQ9PB" duration="00:00:00.0000039" startTime="2022-06-13T21:15:36.8958131+02:00" endTime="2022-06-13T21:15:36.8958132+02:00" testType="13cdc9d9-ddb5-4fa4-a97d-d965ccfc6d4b" outcome="Passed" testListId="8c84fa94-04c1-424b-9868-57a2d4851a1d" relativeResultsDirectory="92555416-5cff-4c71-ba29-2151a9eb9c3b" />
    <UnitTestResult executionId="9abba2d3-4176-496b-82c6-1d1e42a1ff0e" testId="647d0f12-f39c-4459-8e85-bad3059c7bbf" testName="xUnitTestProject.CurrencyHelperTests.FormatToStringTest1000(price: 37.631227987646696, expected: &quot;37.63 zł&quot;)" computerName="DESKTOP-5URQ9PB" duration="00:00:00.0000045" startTime="2022-06-13T21:15:36.8980488+02:00" endTime="2022-06-13T21:15:36.8980489+02:00" testType="13cdc9d9-ddb5-4fa4-a97d-d965ccfc6d4b" outcome="Passed" testListId="8c84fa94-04c1-424b-9868-57a2d4851a1d" relativeResultsDirectory="9abba2d3-4176-496b-82c6-1d1e42a1ff0e" />
    <UnitTestResult executionId="e493bccc-0797-4c9e-bd84-22a63c5edcb9" testId="0df7d709-570d-9a2b-20b2-9824d27442ba" testName="xUnitTestProject.CurrencyHelperTests.FormatToStringTest1000(price: 54578.37303904275, expected: &quot;54578.37 zł&quot;)" computerName="DESKTOP-5URQ9PB" duration="00:00:00.0000040" startTime="2022-06-13T21:15:36.9782454+02:00" endTime="2022-06-13T21:15:36.9782456+02:00" testType="13cdc9d9-ddb5-4fa4-a97d-d965ccfc6d4b" outcome="Passed" testListId="8c84fa94-04c1-424b-9868-57a2d4851a1d" relativeResultsDirectory="e493bccc-0797-4c9e-bd84-22a63c5edcb9" />
    <UnitTestResult executionId="d742fd4a-fe26-4a91-af15-9d9beabf4463" testId="1a5071af-adad-5910-41be-cb866364cc7d" testName="xUnitTestProject.CurrencyHelperTests.FormatToStringTest1000(price: 46790.41011887715, expected: &quot;46790.41 zł&quot;)" computerName="DESKTOP-5URQ9PB" duration="00:00:00.0000050" startTime="2022-06-13T21:15:36.9646550+02:00" endTime="2022-06-13T21:15:36.9646552+02:00" testType="13cdc9d9-ddb5-4fa4-a97d-d965ccfc6d4b" outcome="Passed" testListId="8c84fa94-04c1-424b-9868-57a2d4851a1d" relativeResultsDirectory="d742fd4a-fe26-4a91-af15-9d9beabf4463" />
    <UnitTestResult executionId="32f802e0-8885-45f7-9293-23125df65a7f" testId="4b152625-d247-2206-1bc2-f59ef3dda4ef" testName="xUnitTestProject.CurrencyHelperTests.FormatToStringTest1000(price: 26174.290999793586, expected: &quot;26174.29 zł&quot;)" computerName="DESKTOP-5URQ9PB" duration="00:00:00.0000059" startTime="2022-06-13T21:15:36.9608679+02:00" endTime="2022-06-13T21:15:36.9608680+02:00" testType="13cdc9d9-ddb5-4fa4-a97d-d965ccfc6d4b" outcome="Passed" testListId="8c84fa94-04c1-424b-9868-57a2d4851a1d" relativeResultsDirectory="32f802e0-8885-45f7-9293-23125df65a7f" />
    <UnitTestResult executionId="a2a25b5a-0fb9-41fb-9dd3-89970a21a29a" testId="2a1ae3da-2a49-9688-92eb-6a1bc6d0cf01" testName="xUnitTestProject.CurrencyHelperTests.FormatToStringTest1000(price: 4525.609305084501, expected: &quot;4525.61 zł&quot;)" computerName="DESKTOP-5URQ9PB" duration="00:00:00.0000056" startTime="2022-06-13T21:15:36.9323192+02:00" endTime="2022-06-13T21:15:36.9323194+02:00" testType="13cdc9d9-ddb5-4fa4-a97d-d965ccfc6d4b" outcome="Passed" testListId="8c84fa94-04c1-424b-9868-57a2d4851a1d" relativeResultsDirectory="a2a25b5a-0fb9-41fb-9dd3-89970a21a29a" />
    <UnitTestResult executionId="9fa1bc1b-ae94-4994-b7c9-90beb8e592a7" testId="e01a9a2a-2030-6ab9-7db6-efea263590e2" testName="xUnitTestProject.CurrencyHelperTests.FormatToStringTest1000(price: 29796.909338079815, expected: &quot;29796.91 zł&quot;)" computerName="DESKTOP-5URQ9PB" duration="00:00:00.0000039" startTime="2022-06-13T21:15:36.9742298+02:00" endTime="2022-06-13T21:15:36.9742299+02:00" testType="13cdc9d9-ddb5-4fa4-a97d-d965ccfc6d4b" outcome="Passed" testListId="8c84fa94-04c1-424b-9868-57a2d4851a1d" relativeResultsDirectory="9fa1bc1b-ae94-4994-b7c9-90beb8e592a7" />
    <UnitTestResult executionId="2c7dfacd-e589-49fe-8ca2-7d62bf8f9a60" testId="71259de5-a991-d68a-74b6-6304befba6d8" testName="xUnitTestProject.CurrencyHelperTests.FormatToStringTest1000(price: 52481.07276821932, expected: &quot;52481.07 zł&quot;)" computerName="DESKTOP-5URQ9PB" duration="00:00:00.0000046" startTime="2022-06-13T21:15:36.9075153+02:00" endTime="2022-06-13T21:15:36.9075154+02:00" testType="13cdc9d9-ddb5-4fa4-a97d-d965ccfc6d4b" outcome="Passed" testListId="8c84fa94-04c1-424b-9868-57a2d4851a1d" relativeResultsDirectory="2c7dfacd-e589-49fe-8ca2-7d62bf8f9a60" />
    <UnitTestResult executionId="da072c8c-854e-4778-bd93-35a74c8a0c7a" testId="24bb58fc-f26e-f596-3b94-0fe50e90026c" testName="xUnitTestProject.CurrencyHelperTests.FormatToStringTest1000(price: 14017.699524653006, expected: &quot;14017.70 zł&quot;)" computerName="DESKTOP-5URQ9PB" duration="00:00:00.0000037" startTime="2022-06-13T21:15:36.9917975+02:00" endTime="2022-06-13T21:15:36.9917979+02:00" testType="13cdc9d9-ddb5-4fa4-a97d-d965ccfc6d4b" outcome="Passed" testListId="8c84fa94-04c1-424b-9868-57a2d4851a1d" relativeResultsDirectory="da072c8c-854e-4778-bd93-35a74c8a0c7a" />
    <UnitTestResult executionId="5008e5de-a3dd-447a-903e-eb8f9278f1bb" testId="e31c0c60-96f3-c3fc-f48c-6d389a7185de" testName="xUnitTestProject.CurrencyHelperTests.FormatToStringTest1000(price: 19352.183340702755, expected: &quot;19352.18 zł&quot;)" computerName="DESKTOP-5URQ9PB" duration="00:00:00.0000039" startTime="2022-06-13T21:15:36.9033596+02:00" endTime="2022-06-13T21:15:36.9033597+02:00" testType="13cdc9d9-ddb5-4fa4-a97d-d965ccfc6d4b" outcome="Passed" testListId="8c84fa94-04c1-424b-9868-57a2d4851a1d" relativeResultsDirectory="5008e5de-a3dd-447a-903e-eb8f9278f1bb" />
    <UnitTestResult executionId="c77910d8-62d5-4cd3-bf19-35e4fea9cd99" testId="6cc408c2-2cb5-45f5-22cc-d2054659459b" testName="xUnitTestProject.CurrencyHelperTests.FormatToStringTest1000(price: 52810.91713865516, expected: &quot;52810.92 zł&quot;)" computerName="DESKTOP-5URQ9PB" duration="00:00:00.0000037" startTime="2022-06-13T21:15:37.0058826+02:00" endTime="2022-06-13T21:15:37.0058828+02:00" testType="13cdc9d9-ddb5-4fa4-a97d-d965ccfc6d4b" outcome="Passed" testListId="8c84fa94-04c1-424b-9868-57a2d4851a1d" relativeResultsDirectory="c77910d8-62d5-4cd3-bf19-35e4fea9cd99" />
    <UnitTestResult executionId="64bad0c6-b7fd-44c1-9868-10f2bd60fb6e" testId="d44a0649-8200-dc14-ee0f-9aa1a5e79e57" testName="xUnitTestProject.CurrencyHelperTests.FormatToStringTest1000(price: 100.45267071130345, expected: &quot;100.45 zł&quot;)" computerName="DESKTOP-5URQ9PB" duration="00:00:00.0000039" startTime="2022-06-13T21:15:36.9829986+02:00" endTime="2022-06-13T21:15:36.9829988+02:00" testType="13cdc9d9-ddb5-4fa4-a97d-d965ccfc6d4b" outcome="Passed" testListId="8c84fa94-04c1-424b-9868-57a2d4851a1d" relativeResultsDirectory="64bad0c6-b7fd-44c1-9868-10f2bd60fb6e" />
    <UnitTestResult executionId="1763f4b4-f211-4343-8052-c5c2d4d57d93" testId="567ca57c-5cc0-0e6c-fd41-e20b10f40469" testName="xUnitTestProject.CurrencyHelperTests.FormatToStringTest1000(price: 6890.028458985514, expected: &quot;6890.03 zł&quot;)" computerName="DESKTOP-5URQ9PB" duration="00:00:00.0000039" startTime="2022-06-13T21:15:37.0068308+02:00" endTime="2022-06-13T21:15:37.0068310+02:00" testType="13cdc9d9-ddb5-4fa4-a97d-d965ccfc6d4b" outcome="Passed" testListId="8c84fa94-04c1-424b-9868-57a2d4851a1d" relativeResultsDirectory="1763f4b4-f211-4343-8052-c5c2d4d57d93" />
    <UnitTestResult executionId="3677cbd5-50d6-4b2a-a569-8a57f8b7dd13" testId="8034b7ee-c5e3-314c-6310-8984871301b7" testName="xUnitTestProject.CurrencyHelperTests.FormatToStringTest1000(price: 7458.609645228652, expected: &quot;7458.61 zł&quot;)" computerName="DESKTOP-5URQ9PB" duration="00:00:00.0000038" startTime="2022-06-13T21:15:36.9647521+02:00" endTime="2022-06-13T21:15:36.9647522+02:00" testType="13cdc9d9-ddb5-4fa4-a97d-d965ccfc6d4b" outcome="Passed" testListId="8c84fa94-04c1-424b-9868-57a2d4851a1d" relativeResultsDirectory="3677cbd5-50d6-4b2a-a569-8a57f8b7dd13" />
    <UnitTestResult executionId="4989f3cb-679e-430e-8195-f7263b45b328" testId="bb53c479-4fb7-b049-d0b3-60c53109c03d" testName="xUnitTestProject.CurrencyHelperTests.FormatToStringTest1000(price: 16402.16316587206, expected: &quot;16402.16 zł&quot;)" computerName="DESKTOP-5URQ9PB" duration="00:00:00.0000060" startTime="2022-06-13T21:15:36.9597258+02:00" endTime="2022-06-13T21:15:36.9597260+02:00" testType="13cdc9d9-ddb5-4fa4-a97d-d965ccfc6d4b" outcome="Passed" testListId="8c84fa94-04c1-424b-9868-57a2d4851a1d" relativeResultsDirectory="4989f3cb-679e-430e-8195-f7263b45b328" />
    <UnitTestResult executionId="5a4e2c7d-5327-4000-97ef-3068257246ee" testId="546c163e-77dd-f570-5b52-f67af946e3b9" testName="xUnitTestProject.CurrencyHelperTests.FormatToStringTest1000(price: 56286.70397975702, expected: &quot;56286.70 zł&quot;)" computerName="DESKTOP-5URQ9PB" duration="00:00:00.0000038" startTime="2022-06-13T21:15:36.9958819+02:00" endTime="2022-06-13T21:15:36.9958821+02:00" testType="13cdc9d9-ddb5-4fa4-a97d-d965ccfc6d4b" outcome="Passed" testListId="8c84fa94-04c1-424b-9868-57a2d4851a1d" relativeResultsDirectory="5a4e2c7d-5327-4000-97ef-3068257246ee" />
    <UnitTestResult executionId="34fa7cf6-6a70-44f4-ada9-88cc16339d17" testId="26c85a86-1383-9737-58c9-22fa784f7da5" testName="xUnitTestProject.CurrencyHelperTests.FormatToStringTest1000(price: 30020.248557890412, expected: &quot;30020.25 zł&quot;)" computerName="DESKTOP-5URQ9PB" duration="00:00:00.0000069" startTime="2022-06-13T21:15:36.9510659+02:00" endTime="2022-06-13T21:15:36.9510660+02:00" testType="13cdc9d9-ddb5-4fa4-a97d-d965ccfc6d4b" outcome="Passed" testListId="8c84fa94-04c1-424b-9868-57a2d4851a1d" relativeResultsDirectory="34fa7cf6-6a70-44f4-ada9-88cc16339d17" />
    <UnitTestResult executionId="d28eb157-345d-40dd-8534-19eae2d44d36" testId="d543b1fe-0034-e565-eca0-f9a5d2d12bdc" testName="xUnitTestProject.CurrencyHelperTests.FormatToStringTest1000(price: 26223.99769144412, expected: &quot;26224.00 zł&quot;)" computerName="DESKTOP-5URQ9PB" duration="00:00:00.0000059" startTime="2022-06-13T21:15:36.9282700+02:00" endTime="2022-06-13T21:15:36.9282701+02:00" testType="13cdc9d9-ddb5-4fa4-a97d-d965ccfc6d4b" outcome="Passed" testListId="8c84fa94-04c1-424b-9868-57a2d4851a1d" relativeResultsDirectory="d28eb157-345d-40dd-8534-19eae2d44d36" />
    <UnitTestResult executionId="a1ffdbd0-18c3-4295-a0a2-a3b9c9648181" testId="6079b9dd-99aa-436d-ae95-d982e753c815" testName="xUnitTestProject.CurrencyHelperTests.FormatToStringTest1000(price: 3649.9254912836127, expected: &quot;3649.93 zł&quot;)" computerName="DESKTOP-5URQ9PB" duration="00:00:00.0000038" startTime="2022-06-13T21:15:36.9024009+02:00" endTime="2022-06-13T21:15:36.9024010+02:00" testType="13cdc9d9-ddb5-4fa4-a97d-d965ccfc6d4b" outcome="Passed" testListId="8c84fa94-04c1-424b-9868-57a2d4851a1d" relativeResultsDirectory="a1ffdbd0-18c3-4295-a0a2-a3b9c9648181" />
    <UnitTestResult executionId="bf36f049-5d1b-4a40-9acb-5535d1bb71cd" testId="4f50c537-4ed4-21bc-0ecd-39e74b29d0e7" testName="xUnitTestProject.CurrencyHelperTests.FormatToStringTest1000(price: 90187.4082624374, expected: &quot;90187.41 zł&quot;)" computerName="DESKTOP-5URQ9PB" duration="00:00:00.0000038" startTime="2022-06-13T21:15:36.8924979+02:00" endTime="2022-06-13T21:15:36.8924981+02:00" testType="13cdc9d9-ddb5-4fa4-a97d-d965ccfc6d4b" outcome="Passed" testListId="8c84fa94-04c1-424b-9868-57a2d4851a1d" relativeResultsDirectory="bf36f049-5d1b-4a40-9acb-5535d1bb71cd" />
    <UnitTestResult executionId="0a7e5958-d8d6-469f-b463-3c9e8697fb40" testId="4cc08620-7636-5b0e-e6ce-7fa1f27effef" testName="xUnitTestProject.CurrencyHelperTests.FormatToStringTest1000(price: 22189.78731674132, expected: &quot;22189.79 zł&quot;)" computerName="DESKTOP-5URQ9PB" duration="00:00:00.0000039" startTime="2022-06-13T21:15:36.9977957+02:00" endTime="2022-06-13T21:15:36.9977958+02:00" testType="13cdc9d9-ddb5-4fa4-a97d-d965ccfc6d4b" outcome="Passed" testListId="8c84fa94-04c1-424b-9868-57a2d4851a1d" relativeResultsDirectory="0a7e5958-d8d6-469f-b463-3c9e8697fb40" />
    <UnitTestResult executionId="fb4a2dad-63f3-403e-9aec-fb0e05ea1a28" testId="83af6274-cbc6-0821-9d1c-d71c57f5ac71" testName="xUnitTestProject.CurrencyHelperTests.FormatToStringTest1000(price: 2298.0331723829886, expected: &quot;2298.03 zł&quot;)" computerName="DESKTOP-5URQ9PB" duration="00:00:00.0000041" startTime="2022-06-13T21:15:36.8968303+02:00" endTime="2022-06-13T21:15:36.8968304+02:00" testType="13cdc9d9-ddb5-4fa4-a97d-d965ccfc6d4b" outcome="Passed" testListId="8c84fa94-04c1-424b-9868-57a2d4851a1d" relativeResultsDirectory="fb4a2dad-63f3-403e-9aec-fb0e05ea1a28" />
    <UnitTestResult executionId="0c7f423c-d43b-428b-831b-1aca5149d73a" testId="652fbfaf-623d-2a4f-25d1-cf07d8f0c0da" testName="xUnitTestProject.CurrencyHelperTests.FormatToStringTest1000(price: 5835.26176155557, expected: &quot;5835.26 zł&quot;)" computerName="DESKTOP-5URQ9PB" duration="00:00:00.0000039" startTime="2022-06-13T21:15:37.0016607+02:00" endTime="2022-06-13T21:15:37.0016608+02:00" testType="13cdc9d9-ddb5-4fa4-a97d-d965ccfc6d4b" outcome="Passed" testListId="8c84fa94-04c1-424b-9868-57a2d4851a1d" relativeResultsDirectory="0c7f423c-d43b-428b-831b-1aca5149d73a" />
    <UnitTestResult executionId="d7438592-41f9-49a5-be28-e37b13fb7a6e" testId="4e40923a-3f2f-ab14-66db-33f21753e6c1" testName="xUnitTestProject.CurrencyHelperTests.FormatToStringTest1000(price: 13478.157112043891, expected: &quot;13478.16 zł&quot;)" computerName="DESKTOP-5URQ9PB" duration="00:00:00.0000050" startTime="2022-06-13T21:15:36.9646903+02:00" endTime="2022-06-13T21:15:36.9646905+02:00" testType="13cdc9d9-ddb5-4fa4-a97d-d965ccfc6d4b" outcome="Passed" testListId="8c84fa94-04c1-424b-9868-57a2d4851a1d" relativeResultsDirectory="d7438592-41f9-49a5-be28-e37b13fb7a6e" />
    <UnitTestResult executionId="e28e10ed-503c-4405-a0f4-2a54e48318ea" testId="3298d961-bdaa-633a-0d61-33079be298ce" testName="xUnitTestProject.CurrencyHelperTests.FormatToStringTest1000(price: 5247.779940802501, expected: &quot;5247.78 zł&quot;)" computerName="DESKTOP-5URQ9PB" duration="00:00:00.0000056" startTime="2022-06-13T21:15:36.9264513+02:00" endTime="2022-06-13T21:15:36.9264515+02:00" testType="13cdc9d9-ddb5-4fa4-a97d-d965ccfc6d4b" outcome="Passed" testListId="8c84fa94-04c1-424b-9868-57a2d4851a1d" relativeResultsDirectory="e28e10ed-503c-4405-a0f4-2a54e48318ea" />
    <UnitTestResult executionId="dec9de66-ada0-4212-8eee-6b96480cfed8" testId="d328e580-fcf1-b0bb-73e2-fe6651dece0e" testName="xUnitTestProject.CurrencyHelperTests.FormatToStringTest1000(price: 21328.29026726507, expected: &quot;21328.29 zł&quot;)" computerName="DESKTOP-5URQ9PB" duration="00:00:00.0000056" startTime="2022-06-13T21:15:36.9342640+02:00" endTime="2022-06-13T21:15:36.9342642+02:00" testType="13cdc9d9-ddb5-4fa4-a97d-d965ccfc6d4b" outcome="Passed" testListId="8c84fa94-04c1-424b-9868-57a2d4851a1d" relativeResultsDirectory="dec9de66-ada0-4212-8eee-6b96480cfed8" />
    <UnitTestResult executionId="01186205-3bb8-4bc1-a976-692a6d420669" testId="4c9ec316-0614-0ed3-d3e3-ff9a3542b3e8" testName="xUnitTestProject.CurrencyHelperTests.FormatToStringTest1000(price: 29417.800422138444, expected: &quot;29417.80 zł&quot;)" computerName="DESKTOP-5URQ9PB" duration="00:00:00.0000041" startTime="2022-06-13T21:15:36.9839999+02:00" endTime="2022-06-13T21:15:36.9840000+02:00" testType="13cdc9d9-ddb5-4fa4-a97d-d965ccfc6d4b" outcome="Passed" testListId="8c84fa94-04c1-424b-9868-57a2d4851a1d" relativeResultsDirectory="01186205-3bb8-4bc1-a976-692a6d420669" />
    <UnitTestResult executionId="7645481d-5898-4e17-86e1-a3f16e391d92" testId="4d3fe7e4-2bde-cfc0-5403-0728b7dde62a" testName="xUnitTestProject.CurrencyHelperTests.FormatToStringTest1000(price: 2883.637133003975, expected: &quot;2883.64 zł&quot;)" computerName="DESKTOP-5URQ9PB" duration="00:00:00.0000056" startTime="2022-06-13T21:15:36.9456770+02:00" endTime="2022-06-13T21:15:36.9456772+02:00" testType="13cdc9d9-ddb5-4fa4-a97d-d965ccfc6d4b" outcome="Passed" testListId="8c84fa94-04c1-424b-9868-57a2d4851a1d" relativeResultsDirectory="7645481d-5898-4e17-86e1-a3f16e391d92" />
    <UnitTestResult executionId="823b4948-08f9-42e6-81c5-a0b85f15e420" testId="93fd2413-8c9b-cb53-924a-b9c4b432d82a" testName="xUnitTestProject.CurrencyHelperTests.FormatToStringTest1000(price: 95071.15957335343, expected: &quot;95071.16 zł&quot;)" computerName="DESKTOP-5URQ9PB" duration="00:00:00.0000058" startTime="2022-06-13T21:15:36.9361155+02:00" endTime="2022-06-13T21:15:36.9361156+02:00" testType="13cdc9d9-ddb5-4fa4-a97d-d965ccfc6d4b" outcome="Passed" testListId="8c84fa94-04c1-424b-9868-57a2d4851a1d" relativeResultsDirectory="823b4948-08f9-42e6-81c5-a0b85f15e420" />
    <UnitTestResult executionId="d6ea23c8-5f72-43ed-b526-9439b8d211f8" testId="11ed9e7e-df07-2b0d-0eec-e5030427083f" testName="xUnitTestProject.CurrencyHelperTests.FormatToStringTest1000(price: 21996.80326662576, expected: &quot;21996.80 zł&quot;)" computerName="DESKTOP-5URQ9PB" duration="00:00:00.0000068" startTime="2022-06-13T21:15:36.9392892+02:00" endTime="2022-06-13T21:15:36.9392893+02:00" testType="13cdc9d9-ddb5-4fa4-a97d-d965ccfc6d4b" outcome="Passed" testListId="8c84fa94-04c1-424b-9868-57a2d4851a1d" relativeResultsDirectory="d6ea23c8-5f72-43ed-b526-9439b8d211f8" />
    <UnitTestResult executionId="6c08fadd-6262-4587-956b-152c8304cc9e" testId="5c64f629-e66f-8e20-9c2d-0a7cb867d56d" testName="xUnitTestProject.CurrencyHelperTests.FormatToStringTest1000(price: 743.047944508981, expected: &quot;743.05 zł&quot;)" computerName="DESKTOP-5URQ9PB" duration="00:00:00.0000038" startTime="2022-06-13T21:15:37.0056948+02:00" endTime="2022-06-13T21:15:37.0056949+02:00" testType="13cdc9d9-ddb5-4fa4-a97d-d965ccfc6d4b" outcome="Passed" testListId="8c84fa94-04c1-424b-9868-57a2d4851a1d" relativeResultsDirectory="6c08fadd-6262-4587-956b-152c8304cc9e" />
    <UnitTestResult executionId="0aa4230d-d030-4393-aacc-a3e2ebc3aa5e" testId="6a7d9b76-8e51-2dd0-7599-1dd99ccb1f30" testName="xUnitTestProject.CurrencyHelperTests.FormatToStringTest1000(price: 6710.131197082871, expected: &quot;6710.13 zł&quot;)" computerName="DESKTOP-5URQ9PB" duration="00:00:00.0000056" startTime="2022-06-13T21:15:36.9435322+02:00" endTime="2022-06-13T21:15:36.9435326+02:00" testType="13cdc9d9-ddb5-4fa4-a97d-d965ccfc6d4b" outcome="Passed" testListId="8c84fa94-04c1-424b-9868-57a2d4851a1d" relativeResultsDirectory="0aa4230d-d030-4393-aacc-a3e2ebc3aa5e" />
    <UnitTestResult executionId="c327076b-6b48-4a10-98b7-8f3a48da645a" testId="34d55980-db04-996b-37e3-5ad72dcd15ab" testName="xUnitTestProject.CurrencyHelperTests.FormatToStringTest1000(price: 941.429400278921, expected: &quot;941.43 zł&quot;)" computerName="DESKTOP-5URQ9PB" duration="00:00:00.0000117" startTime="2022-06-13T21:15:36.9214299+02:00" endTime="2022-06-13T21:15:36.9214303+02:00" testType="13cdc9d9-ddb5-4fa4-a97d-d965ccfc6d4b" outcome="Passed" testListId="8c84fa94-04c1-424b-9868-57a2d4851a1d" relativeResultsDirectory="c327076b-6b48-4a10-98b7-8f3a48da645a" />
    <UnitTestResult executionId="df7b6b27-a196-49bf-9872-9b77834436fd" testId="4487648c-7b44-bfaa-d7fb-20dd19782f71" testName="xUnitTestProject.CurrencyHelperTests.FormatToStringTest1000(price: 44361.82678515177, expected: &quot;44361.83 zł&quot;)" computerName="DESKTOP-5URQ9PB" duration="00:00:00.0000056" startTime="2022-06-13T21:15:36.9527857+02:00" endTime="2022-06-13T21:15:36.9527861+02:00" testType="13cdc9d9-ddb5-4fa4-a97d-d965ccfc6d4b" outcome="Passed" testListId="8c84fa94-04c1-424b-9868-57a2d4851a1d" relativeResultsDirectory="df7b6b27-a196-49bf-9872-9b77834436fd" />
    <UnitTestResult executionId="ef451eb7-2977-455a-9756-6ff8e6b56613" testId="0dda947f-a97a-e494-3314-a0e77995fdce" testName="xUnitTestProject.CurrencyHelperTests.FormatToStringTest1000(price: 19216.446905020366, expected: &quot;19216.45 zł&quot;)" computerName="DESKTOP-5URQ9PB" duration="00:00:00.0000038" startTime="2022-06-13T21:15:36.9022100+02:00" endTime="2022-06-13T21:15:36.9022102+02:00" testType="13cdc9d9-ddb5-4fa4-a97d-d965ccfc6d4b" outcome="Passed" testListId="8c84fa94-04c1-424b-9868-57a2d4851a1d" relativeResultsDirectory="ef451eb7-2977-455a-9756-6ff8e6b56613" />
    <UnitTestResult executionId="7fe20e3b-e4b1-4575-b914-4104c2d81749" testId="0fe69b56-67e1-3f07-b6ce-8076afaa9bd7" testName="xUnitTestProject.CurrencyHelperTests.FormatToStringTest1000(price: 11958.422287871792, expected: &quot;11958.42 zł&quot;)" computerName="DESKTOP-5URQ9PB" duration="00:00:00.0000058" startTime="2022-06-13T21:15:36.9607742+02:00" endTime="2022-06-13T21:15:36.9607743+02:00" testType="13cdc9d9-ddb5-4fa4-a97d-d965ccfc6d4b" outcome="Passed" testListId="8c84fa94-04c1-424b-9868-57a2d4851a1d" relativeResultsDirectory="7fe20e3b-e4b1-4575-b914-4104c2d81749" />
    <UnitTestResult executionId="64ed16bb-719e-492f-af09-1a3e355a1731" testId="324dfaf0-1df1-16d9-feec-f79f54001411" testName="xUnitTestProject.CurrencyHelperTests.FormatToStringTest1000(price: 30383.303633991305, expected: &quot;30383.30 zł&quot;)" computerName="DESKTOP-5URQ9PB" duration="00:00:00.0000058" startTime="2022-06-13T21:15:36.9467174+02:00" endTime="2022-06-13T21:15:36.9467179+02:00" testType="13cdc9d9-ddb5-4fa4-a97d-d965ccfc6d4b" outcome="Passed" testListId="8c84fa94-04c1-424b-9868-57a2d4851a1d" relativeResultsDirectory="64ed16bb-719e-492f-af09-1a3e355a1731" />
    <UnitTestResult executionId="30190764-f35c-4dd3-8eed-96045928a989" testId="62b1fe99-5a28-bc9f-0494-f16f9326c1bc" testName="xUnitTestProject.CurrencyHelperTests.FormatToStringTest1000(price: 12308.022158465357, expected: &quot;12308.02 zł&quot;)" computerName="DESKTOP-5URQ9PB" duration="00:00:00.0000056" startTime="2022-06-13T21:15:36.9331341+02:00" endTime="2022-06-13T21:15:36.9331342+02:00" testType="13cdc9d9-ddb5-4fa4-a97d-d965ccfc6d4b" outcome="Passed" testListId="8c84fa94-04c1-424b-9868-57a2d4851a1d" relativeResultsDirectory="30190764-f35c-4dd3-8eed-96045928a989" />
    <UnitTestResult executionId="291211cb-83ce-4427-b294-ea10f08bd856" testId="102bb5fe-d832-e7b4-1cec-260995c71130" testName="xUnitTestProject.CurrencyHelperTests.FormatToStringTest1000(price: 57564.498126061866, expected: &quot;57564.50 zł&quot;)" computerName="DESKTOP-5URQ9PB" duration="00:00:00.0000039" startTime="2022-06-13T21:15:36.9032007+02:00" endTime="2022-06-13T21:15:36.9032011+02:00" testType="13cdc9d9-ddb5-4fa4-a97d-d965ccfc6d4b" outcome="Passed" testListId="8c84fa94-04c1-424b-9868-57a2d4851a1d" relativeResultsDirectory="291211cb-83ce-4427-b294-ea10f08bd856" />
    <UnitTestResult executionId="9ec9e6e1-31bb-43a7-b22e-5a1faf2834a2" testId="9c12637d-98e9-60e9-4c3e-198e27a61c0f" testName="xUnitTestProject.CurrencyHelperTests.FormatToStringTest1000(price: 22743.19734205827, expected: &quot;22743.20 zł&quot;)" computerName="DESKTOP-5URQ9PB" duration="00:00:00.0000056" startTime="2022-06-13T21:15:36.9547339+02:00" endTime="2022-06-13T21:15:36.9547344+02:00" testType="13cdc9d9-ddb5-4fa4-a97d-d965ccfc6d4b" outcome="Passed" testListId="8c84fa94-04c1-424b-9868-57a2d4851a1d" relativeResultsDirectory="9ec9e6e1-31bb-43a7-b22e-5a1faf2834a2" />
    <UnitTestResult executionId="56f1fdce-b95b-4051-80fa-1d3e409daf55" testId="92c24577-a226-a6b7-7d5e-021b44057899" testName="xUnitTestProject.CurrencyHelperTests.FormatToStringTest1000(price: 3303.1902076747224, expected: &quot;3303.19 zł&quot;)" computerName="DESKTOP-5URQ9PB" duration="00:00:00.0000058" startTime="2022-06-13T21:15:36.9437894+02:00" endTime="2022-06-13T21:15:36.9437896+02:00" testType="13cdc9d9-ddb5-4fa4-a97d-d965ccfc6d4b" outcome="Passed" testListId="8c84fa94-04c1-424b-9868-57a2d4851a1d" relativeResultsDirectory="56f1fdce-b95b-4051-80fa-1d3e409daf55" />
    <UnitTestResult executionId="2edd6225-ae12-4a57-9ff7-f578717f113b" testId="084c3ea0-3fae-0089-ccac-97b8aadd0b60" testName="xUnitTestProject.CurrencyHelperTests.FormatToStringTest1000(price: 1860.3356292016504, expected: &quot;1860.34 zł&quot;)" computerName="DESKTOP-5URQ9PB" duration="00:00:00.0000041" startTime="2022-06-13T21:15:36.9185932+02:00" endTime="2022-06-13T21:15:36.9185934+02:00" testType="13cdc9d9-ddb5-4fa4-a97d-d965ccfc6d4b" outcome="Passed" testListId="8c84fa94-04c1-424b-9868-57a2d4851a1d" relativeResultsDirectory="2edd6225-ae12-4a57-9ff7-f578717f113b" />
    <UnitTestResult executionId="7af07732-6034-452e-a3a3-d75ed4740688" testId="dbe8f5eb-581b-1146-9a97-1f79fbc0650a" testName="xUnitTestProject.CurrencyHelperTests.FormatToStringTest1000(price: 16388.556189478633, expected: &quot;16388.56 zł&quot;)" computerName="DESKTOP-5URQ9PB" duration="00:00:00.0000056" startTime="2022-06-13T21:15:36.9283926+02:00" endTime="2022-06-13T21:15:36.9283928+02:00" testType="13cdc9d9-ddb5-4fa4-a97d-d965ccfc6d4b" outcome="Passed" testListId="8c84fa94-04c1-424b-9868-57a2d4851a1d" relativeResultsDirectory="7af07732-6034-452e-a3a3-d75ed4740688" />
    <UnitTestResult executionId="fdfb8334-b037-4dde-8b80-127e434b163c" testId="444b6055-8e36-cf16-2594-6f26fe677cd1" testName="xUnitTestProject.CurrencyHelperTests.FormatToStringTest1000(price: 37528.70144368368, expected: &quot;37528.70 zł&quot;)" computerName="DESKTOP-5URQ9PB" duration="00:00:00.0000058" startTime="2022-06-13T21:15:36.9244271+02:00" endTime="2022-06-13T21:15:36.9244273+02:00" testType="13cdc9d9-ddb5-4fa4-a97d-d965ccfc6d4b" outcome="Passed" testListId="8c84fa94-04c1-424b-9868-57a2d4851a1d" relativeResultsDirectory="fdfb8334-b037-4dde-8b80-127e434b163c" />
    <UnitTestResult executionId="ac35f121-0062-43ac-9ddd-457e5013b650" testId="b70675b1-ffbc-1a3f-030b-53fbcade7f2b" testName="xUnitTestProject.CurrencyHelperTests.FormatToStringTest1000(price: 3907.8681317963024, expected: &quot;3907.87 zł&quot;)" computerName="DESKTOP-5URQ9PB" duration="00:00:00.0000039" startTime="2022-06-13T21:15:36.9831545+02:00" endTime="2022-06-13T21:15:36.9831546+02:00" testType="13cdc9d9-ddb5-4fa4-a97d-d965ccfc6d4b" outcome="Passed" testListId="8c84fa94-04c1-424b-9868-57a2d4851a1d" relativeResultsDirectory="ac35f121-0062-43ac-9ddd-457e5013b650" />
    <UnitTestResult executionId="f57bc78d-c1ad-4a25-91bd-8a22ae45beeb" testId="31700bf4-6510-c80b-a8c1-214e5c472432" testName="xUnitTestProject.CurrencyHelperTests.FormatToStringTest1000(price: 6676.5680544784145, expected: &quot;6676.57 zł&quot;)" computerName="DESKTOP-5URQ9PB" duration="00:00:00.0000038" startTime="2022-06-13T21:15:36.9095385+02:00" endTime="2022-06-13T21:15:36.9095387+02:00" testType="13cdc9d9-ddb5-4fa4-a97d-d965ccfc6d4b" outcome="Passed" testListId="8c84fa94-04c1-424b-9868-57a2d4851a1d" relativeResultsDirectory="f57bc78d-c1ad-4a25-91bd-8a22ae45beeb" />
    <UnitTestResult executionId="0347d707-424f-44c6-a42f-fd61a2974892" testId="da125bcd-1715-deae-cc3d-6c75d593b271" testName="xUnitTestProject.CurrencyHelperTests.FormatToStringTest1000(price: 3092.9215945624383, expected: &quot;3092.92 zł&quot;)" computerName="DESKTOP-5URQ9PB" duration="00:00:00.0000038" startTime="2022-06-13T21:15:36.9096320+02:00" endTime="2022-06-13T21:15:36.9096322+02:00" testType="13cdc9d9-ddb5-4fa4-a97d-d965ccfc6d4b" outcome="Passed" testListId="8c84fa94-04c1-424b-9868-57a2d4851a1d" relativeResultsDirectory="0347d707-424f-44c6-a42f-fd61a2974892" />
    <UnitTestResult executionId="6b2c92b2-d3a0-43d0-9f27-3db3bc4b6c78" testId="f7288d33-e820-d388-23d4-39d2a5548f52" testName="xUnitTestProject.CurrencyHelperTests.FormatToStringTest1000(price: 1562.3173604776698, expected: &quot;1562.32 zł&quot;)" computerName="DESKTOP-5URQ9PB" duration="00:00:00.0000059" startTime="2022-06-13T21:15:36.9245191+02:00" endTime="2022-06-13T21:15:36.9245193+02:00" testType="13cdc9d9-ddb5-4fa4-a97d-d965ccfc6d4b" outcome="Passed" testListId="8c84fa94-04c1-424b-9868-57a2d4851a1d" relativeResultsDirectory="6b2c92b2-d3a0-43d0-9f27-3db3bc4b6c78" />
    <UnitTestResult executionId="c134c599-cd15-46c2-b53d-ab6937047e2f" testId="52ac0864-3141-85db-5ec0-9dd50f51b247" testName="xUnitTestProject.CurrencyHelperTests.FormatToStringTest1000(price: 2423.6182769712145, expected: &quot;2423.62 zł&quot;)" computerName="DESKTOP-5URQ9PB" duration="00:00:00.0000058" startTime="2022-06-13T21:15:36.9636573+02:00" endTime="2022-06-13T21:15:36.9636575+02:00" testType="13cdc9d9-ddb5-4fa4-a97d-d965ccfc6d4b" outcome="Passed" testListId="8c84fa94-04c1-424b-9868-57a2d4851a1d" relativeResultsDirectory="c134c599-cd15-46c2-b53d-ab6937047e2f" />
    <UnitTestResult executionId="316001fe-4c12-409e-b5ef-a09d2c04cd0a" testId="c1399a21-a8d4-fd2f-1879-d9e50a5fe1b4" testName="xUnitTestProject.CurrencyHelperTests.FormatToStringTest1000(price: 73477.18206926118, expected: &quot;73477.18 zł&quot;)" computerName="DESKTOP-5URQ9PB" duration="00:00:00.0000041" startTime="2022-06-13T21:15:36.9868839+02:00" endTime="2022-06-13T21:15:36.9868840+02:00" testType="13cdc9d9-ddb5-4fa4-a97d-d965ccfc6d4b" outcome="Passed" testListId="8c84fa94-04c1-424b-9868-57a2d4851a1d" relativeResultsDirectory="316001fe-4c12-409e-b5ef-a09d2c04cd0a" />
    <UnitTestResult executionId="8518516e-e9cb-489d-864c-6092e35dd8dc" testId="598d9a80-ba03-040c-39ba-536b5b6632f4" testName="xUnitTestProject.CurrencyHelperTests.FormatToStringTest1000(price: 12528.413830086782, expected: &quot;12528.41 zł&quot;)" computerName="DESKTOP-5URQ9PB" duration="00:00:00.0000041" startTime="2022-06-13T21:15:36.9939327+02:00" endTime="2022-06-13T21:15:36.9939329+02:00" testType="13cdc9d9-ddb5-4fa4-a97d-d965ccfc6d4b" outcome="Passed" testListId="8c84fa94-04c1-424b-9868-57a2d4851a1d" relativeResultsDirectory="8518516e-e9cb-489d-864c-6092e35dd8dc" />
    <UnitTestResult executionId="eadc46f3-da5d-464d-880f-a901f42f5eb2" testId="05d28227-9bee-a7ac-5d44-a19da1f5106c" testName="xUnitTestProject.CurrencyHelperTests.FormatToStringTest1000(price: 28033.439084134738, expected: &quot;28033.44 zł&quot;)" computerName="DESKTOP-5URQ9PB" duration="00:00:00.0000060" startTime="2022-06-13T21:15:36.9569937+02:00" endTime="2022-06-13T21:15:36.9569938+02:00" testType="13cdc9d9-ddb5-4fa4-a97d-d965ccfc6d4b" outcome="Passed" testListId="8c84fa94-04c1-424b-9868-57a2d4851a1d" relativeResultsDirectory="eadc46f3-da5d-464d-880f-a901f42f5eb2" />
    <UnitTestResult executionId="1011bc43-16c3-415c-a4f4-b25d5629525f" testId="80972e1e-3ff9-bf5c-296f-71aecb5aa2ee" testName="xUnitTestProject.CurrencyHelperTests.FormatToStringTest1000(price: 60323.066780431225, expected: &quot;60323.07 zł&quot;)" computerName="DESKTOP-5URQ9PB" duration="00:00:00.0000061" startTime="2022-06-13T21:15:36.9558102+02:00" endTime="2022-06-13T21:15:36.9558104+02:00" testType="13cdc9d9-ddb5-4fa4-a97d-d965ccfc6d4b" outcome="Passed" testListId="8c84fa94-04c1-424b-9868-57a2d4851a1d" relativeResultsDirectory="1011bc43-16c3-415c-a4f4-b25d5629525f" />
    <UnitTestResult executionId="6d5a4664-3b58-4c52-9d60-7295695ab01d" testId="2cd343bd-badc-869e-d32e-7b446b74dbcf" testName="xUnitTestProject.CurrencyHelperTests.FormatToStringTest1000(price: 5396.620088554277, expected: &quot;5396.62 zł&quot;)" computerName="DESKTOP-5URQ9PB" duration="00:00:00.0000038" startTime="2022-06-13T21:15:36.9055249+02:00" endTime="2022-06-13T21:15:36.9055251+02:00" testType="13cdc9d9-ddb5-4fa4-a97d-d965ccfc6d4b" outcome="Passed" testListId="8c84fa94-04c1-424b-9868-57a2d4851a1d" relativeResultsDirectory="6d5a4664-3b58-4c52-9d60-7295695ab01d" />
    <UnitTestResult executionId="8d007c1c-b8b2-4d65-aa78-7303fa7717a7" testId="369e9363-5592-8231-38fe-e3c32cfca4c4" testName="xUnitTestProject.CurrencyHelperTests.FormatToStringTest1000(price: 626.135364110179, expected: &quot;626.14 zł&quot;)" computerName="DESKTOP-5URQ9PB" duration="00:00:00.0000039" startTime="2022-06-13T21:15:37.0026251+02:00" endTime="2022-06-13T21:15:37.0026252+02:00" testType="13cdc9d9-ddb5-4fa4-a97d-d965ccfc6d4b" outcome="Passed" testListId="8c84fa94-04c1-424b-9868-57a2d4851a1d" relativeResultsDirectory="8d007c1c-b8b2-4d65-aa78-7303fa7717a7" />
    <UnitTestResult executionId="fab26080-a65e-4fea-aaaa-e794422112c7" testId="be9ca199-100c-7487-211b-359c6f85feb5" testName="xUnitTestProject.CurrencyHelperTests.FormatToStringTest1000(price: 14475.498583194567, expected: &quot;14475.50 zł&quot;)" computerName="DESKTOP-5URQ9PB" duration="00:00:00.0000039" startTime="2022-06-13T21:15:37.0024701+02:00" endTime="2022-06-13T21:15:37.0024703+02:00" testType="13cdc9d9-ddb5-4fa4-a97d-d965ccfc6d4b" outcome="Passed" testListId="8c84fa94-04c1-424b-9868-57a2d4851a1d" relativeResultsDirectory="fab26080-a65e-4fea-aaaa-e794422112c7" />
    <UnitTestResult executionId="2964afc7-45da-4abb-adb9-bba0997b2151" testId="1a44af6f-888e-1f8e-a00f-e2d743b26f12" testName="xUnitTestProject.CurrencyHelperTests.FormatToStringTest1000(price: 7669.3855620214645, expected: &quot;7669.39 zł&quot;)" computerName="DESKTOP-5URQ9PB" duration="00:00:00.0000059" startTime="2022-06-13T21:15:36.9587287+02:00" endTime="2022-06-13T21:15:36.9587289+02:00" testType="13cdc9d9-ddb5-4fa4-a97d-d965ccfc6d4b" outcome="Passed" testListId="8c84fa94-04c1-424b-9868-57a2d4851a1d" relativeResultsDirectory="2964afc7-45da-4abb-adb9-bba0997b2151" />
    <UnitTestResult executionId="1ca404d4-f684-4383-acac-cc819779e75b" testId="53a23bf0-6e98-cb61-d489-afed97d56bcf" testName="xUnitTestProject.CurrencyHelperTests.FormatToStringTest1000(price: 49256.65708813195, expected: &quot;49256.66 zł&quot;)" computerName="DESKTOP-5URQ9PB" duration="00:00:00.0000041" startTime="2022-06-13T21:15:36.8892866+02:00" endTime="2022-06-13T21:15:36.8892867+02:00" testType="13cdc9d9-ddb5-4fa4-a97d-d965ccfc6d4b" outcome="Passed" testListId="8c84fa94-04c1-424b-9868-57a2d4851a1d" relativeResultsDirectory="1ca404d4-f684-4383-acac-cc819779e75b" />
    <UnitTestResult executionId="d4e88ed9-c0b7-4c93-a132-df01702a3b4b" testId="cbfda56e-8c0a-ba07-a0f8-119519aa985c" testName="xUnitTestProject.CurrencyHelperTests.FormatToStringTest1000(price: 37889.10086727193, expected: &quot;37889.10 zł&quot;)" computerName="DESKTOP-5URQ9PB" duration="00:00:00.0000038" startTime="2022-06-13T21:15:36.9021787+02:00" endTime="2022-06-13T21:15:36.9021789+02:00" testType="13cdc9d9-ddb5-4fa4-a97d-d965ccfc6d4b" outcome="Passed" testListId="8c84fa94-04c1-424b-9868-57a2d4851a1d" relativeResultsDirectory="d4e88ed9-c0b7-4c93-a132-df01702a3b4b" />
    <UnitTestResult executionId="4632f900-86b1-42f7-8da0-dd73bd994a6d" testId="d6ef55e8-c5e6-5de1-49ad-15c2ce305191" testName="xUnitTestProject.CurrencyHelperTests.FormatToStringTest1000(price: 5810.695934967462, expected: &quot;5810.70 zł&quot;)" computerName="DESKTOP-5URQ9PB" duration="00:00:00.0000039" startTime="2022-06-13T21:15:36.9647826+02:00" endTime="2022-06-13T21:15:36.9647827+02:00" testType="13cdc9d9-ddb5-4fa4-a97d-d965ccfc6d4b" outcome="Passed" testListId="8c84fa94-04c1-424b-9868-57a2d4851a1d" relativeResultsDirectory="4632f900-86b1-42f7-8da0-dd73bd994a6d" />
    <UnitTestResult executionId="458f6dd6-f995-4fc9-8e44-bc44e763cc3b" testId="24614531-2aef-39c0-ae03-729fa029c955" testName="xUnitTestProject.CurrencyHelperTests.FormatToStringTest1000(price: 78796.90433980194, expected: &quot;78796.90 zł&quot;)" computerName="DESKTOP-5URQ9PB" duration="00:00:00.0000058" startTime="2022-06-13T21:15:36.9446157+02:00" endTime="2022-06-13T21:15:36.9446158+02:00" testType="13cdc9d9-ddb5-4fa4-a97d-d965ccfc6d4b" outcome="Passed" testListId="8c84fa94-04c1-424b-9868-57a2d4851a1d" relativeResultsDirectory="458f6dd6-f995-4fc9-8e44-bc44e763cc3b" />
    <UnitTestResult executionId="ee0e4bd3-743e-4d25-aef9-7e4d2ef50302" testId="0e441c44-ccc7-5318-d743-a0646c26f920" testName="xUnitTestProject.CurrencyHelperTests.FormatToStringTest1000(price: 9068.70019550468, expected: &quot;9068.70 zł&quot;)" computerName="DESKTOP-5URQ9PB" duration="00:00:00.0000065" startTime="2022-06-13T21:15:36.9331960+02:00" endTime="2022-06-13T21:15:36.9331961+02:00" testType="13cdc9d9-ddb5-4fa4-a97d-d965ccfc6d4b" outcome="Passed" testListId="8c84fa94-04c1-424b-9868-57a2d4851a1d" relativeResultsDirectory="ee0e4bd3-743e-4d25-aef9-7e4d2ef50302" />
    <UnitTestResult executionId="8714ac1b-bbcc-49f1-8f09-c854a08748a7" testId="fc18dbb3-2c7f-eef4-d751-3ff8a18e5fdc" testName="xUnitTestProject.CurrencyHelperTests.FormatToStringTest1000(price: 2718.1767171650085, expected: &quot;2718.18 zł&quot;)" computerName="DESKTOP-5URQ9PB" duration="00:00:00.0000038" startTime="2022-06-13T21:15:36.8947192+02:00" endTime="2022-06-13T21:15:36.8947193+02:00" testType="13cdc9d9-ddb5-4fa4-a97d-d965ccfc6d4b" outcome="Passed" testListId="8c84fa94-04c1-424b-9868-57a2d4851a1d" relativeResultsDirectory="8714ac1b-bbcc-49f1-8f09-c854a08748a7" />
    <UnitTestResult executionId="5012b3e2-d7b7-4e3d-b8e4-8db35c9f878f" testId="a8d731c5-67df-9575-20e2-4e702b3d5817" testName="xUnitTestProject.CurrencyHelperTests.FormatToStringTest1000(price: 13323.876109275909, expected: &quot;13323.88 zł&quot;)" computerName="DESKTOP-5URQ9PB" duration="00:00:00.0000058" startTime="2022-06-13T21:15:36.9607121+02:00" endTime="2022-06-13T21:15:36.9607122+02:00" testType="13cdc9d9-ddb5-4fa4-a97d-d965ccfc6d4b" outcome="Passed" testListId="8c84fa94-04c1-424b-9868-57a2d4851a1d" relativeResultsDirectory="5012b3e2-d7b7-4e3d-b8e4-8db35c9f878f" />
    <UnitTestResult executionId="40c85345-692a-4af0-a697-961ca3d82a84" testId="081d3b2d-f16b-400c-9941-d599ff407e21" testName="xUnitTestProject.CurrencyHelperTests.FormatToStringTest1000(price: 20643.69044446465, expected: &quot;20643.69 zł&quot;)" computerName="DESKTOP-5URQ9PB" duration="00:00:00.0000056" startTime="2022-06-13T21:15:36.9510041+02:00" endTime="2022-06-13T21:15:36.9510042+02:00" testType="13cdc9d9-ddb5-4fa4-a97d-d965ccfc6d4b" outcome="Passed" testListId="8c84fa94-04c1-424b-9868-57a2d4851a1d" relativeResultsDirectory="40c85345-692a-4af0-a697-961ca3d82a84" />
    <UnitTestResult executionId="17e0d03e-2bbf-4caf-bc80-6d6719af5c34" testId="5c121ce3-0aab-ab5b-cce0-b7a13bf9bb3a" testName="xUnitTestProject.CurrencyHelperTests.FormatToStringTest1000(price: 7951.322730072458, expected: &quot;7951.32 zł&quot;)" computerName="DESKTOP-5URQ9PB" duration="00:00:00.0000040" startTime="2022-06-13T21:15:36.9820896+02:00" endTime="2022-06-13T21:15:36.9820897+02:00" testType="13cdc9d9-ddb5-4fa4-a97d-d965ccfc6d4b" outcome="Passed" testListId="8c84fa94-04c1-424b-9868-57a2d4851a1d" relativeResultsDirectory="17e0d03e-2bbf-4caf-bc80-6d6719af5c34" />
    <UnitTestResult executionId="158c408f-71b7-4242-920e-49f56104709a" testId="dcb09ac3-545f-7b73-7b06-f7917ef6e79e" testName="xUnitTestProject.CurrencyHelperTests.FormatToStringTest1000(price: 25039.088753207627, expected: &quot;25039.09 zł&quot;)" computerName="DESKTOP-5URQ9PB" duration="00:00:00.0000056" startTime="2022-06-13T21:15:36.9436300+02:00" endTime="2022-06-13T21:15:36.9436301+02:00" testType="13cdc9d9-ddb5-4fa4-a97d-d965ccfc6d4b" outcome="Passed" testListId="8c84fa94-04c1-424b-9868-57a2d4851a1d" relativeResultsDirectory="158c408f-71b7-4242-920e-49f56104709a" />
    <UnitTestResult executionId="78e803ff-2068-4caf-8690-e847907bc944" testId="631aa61c-5891-97bd-8c16-092dfa85bf9b" testName="xUnitTestProject.CurrencyHelperTests.FormatToStringTest1000(price: 35384.637112688106, expected: &quot;35384.64 zł&quot;)" computerName="DESKTOP-5URQ9PB" duration="00:00:00.0000047" startTime="2022-06-13T21:15:36.9782145+02:00" endTime="2022-06-13T21:15:36.9782147+02:00" testType="13cdc9d9-ddb5-4fa4-a97d-d965ccfc6d4b" outcome="Passed" testListId="8c84fa94-04c1-424b-9868-57a2d4851a1d" relativeResultsDirectory="78e803ff-2068-4caf-8690-e847907bc944" />
    <UnitTestResult executionId="4800a992-3760-455c-b0c9-f25596efbf69" testId="183dfbce-4b57-7750-e87b-9eb6c830ba31" testName="xUnitTestProject.CurrencyHelperTests.FormatToStringTest1000(price: 31347.468987404587, expected: &quot;31347.47 zł&quot;)" computerName="DESKTOP-5URQ9PB" duration="00:00:00.0000058" startTime="2022-06-13T21:15:36.9587908+02:00" endTime="2022-06-13T21:15:36.9587910+02:00" testType="13cdc9d9-ddb5-4fa4-a97d-d965ccfc6d4b" outcome="Passed" testListId="8c84fa94-04c1-424b-9868-57a2d4851a1d" relativeResultsDirectory="4800a992-3760-455c-b0c9-f25596efbf69" />
    <UnitTestResult executionId="c064de7f-c1de-4254-880c-026e110ad741" testId="040e6cf8-8fc7-ca87-38f4-b0a1a8671b45" testName="xUnitTestProject.CurrencyHelperTests.FormatToStringTest1000(price: 1952.6955147062872, expected: &quot;1952.70 zł&quot;)" computerName="DESKTOP-5URQ9PB" duration="00:00:00.0000039" startTime="2022-06-13T21:15:36.9076075+02:00" endTime="2022-06-13T21:15:36.9076076+02:00" testType="13cdc9d9-ddb5-4fa4-a97d-d965ccfc6d4b" outcome="Passed" testListId="8c84fa94-04c1-424b-9868-57a2d4851a1d" relativeResultsDirectory="c064de7f-c1de-4254-880c-026e110ad741" />
    <UnitTestResult executionId="bfb796cb-c205-4301-a392-0a3364307e2b" testId="c31c3c04-c374-418e-36fc-0c705f1df093" testName="xUnitTestProject.CurrencyHelperTests.FormatToStringTest1000(price: 7891.960478953067, expected: &quot;7891.96 zł&quot;)" computerName="DESKTOP-5URQ9PB" duration="00:00:00.0000039" startTime="2022-06-13T21:15:36.9780896+02:00" endTime="2022-06-13T21:15:36.9780897+02:00" testType="13cdc9d9-ddb5-4fa4-a97d-d965ccfc6d4b" outcome="Passed" testListId="8c84fa94-04c1-424b-9868-57a2d4851a1d" relativeResultsDirectory="bfb796cb-c205-4301-a392-0a3364307e2b" />
    <UnitTestResult executionId="49002b2c-e98c-4d8c-9805-a42d33d871fd" testId="b8787739-4c07-b11a-eff9-c330a8615328" testName="xUnitTestProject.CurrencyHelperTests.FormatToStringTest1000(price: 5855.75080885354, expected: &quot;5855.75 zł&quot;)" computerName="DESKTOP-5URQ9PB" duration="00:00:00.0000039" startTime="2022-06-13T21:15:37.0015372+02:00" endTime="2022-06-13T21:15:37.0015373+02:00" testType="13cdc9d9-ddb5-4fa4-a97d-d965ccfc6d4b" outcome="Passed" testListId="8c84fa94-04c1-424b-9868-57a2d4851a1d" relativeResultsDirectory="49002b2c-e98c-4d8c-9805-a42d33d871fd" />
    <UnitTestResult executionId="84e9f615-7cab-40c7-94c3-0a1c70f0fa3b" testId="135dd56d-570b-92a1-4144-854d04d96ef0" testName="xUnitTestProject.CurrencyHelperTests.FormatToStringTest1000(price: 7716.571614765363, expected: &quot;7716.57 zł&quot;)" computerName="DESKTOP-5URQ9PB" duration="00:00:00.0000040" startTime="2022-06-13T21:15:36.9000344+02:00" endTime="2022-06-13T21:15:36.9000348+02:00" testType="13cdc9d9-ddb5-4fa4-a97d-d965ccfc6d4b" outcome="Passed" testListId="8c84fa94-04c1-424b-9868-57a2d4851a1d" relativeResultsDirectory="84e9f615-7cab-40c7-94c3-0a1c70f0fa3b" />
    <UnitTestResult executionId="b553bba5-2df2-4ef4-89e1-744317a5b300" testId="4df9b13a-de84-7056-3c88-543d3fa32c62" testName="xUnitTestProject.CurrencyHelperTests.FormatToStringTest1000(price: 2121.0917325211185, expected: &quot;2121.09 zł&quot;)" computerName="DESKTOP-5URQ9PB" duration="00:00:00.0000037" startTime="2022-06-13T21:15:36.9870068+02:00" endTime="2022-06-13T21:15:36.9870070+02:00" testType="13cdc9d9-ddb5-4fa4-a97d-d965ccfc6d4b" outcome="Passed" testListId="8c84fa94-04c1-424b-9868-57a2d4851a1d" relativeResultsDirectory="b553bba5-2df2-4ef4-89e1-744317a5b300" />
    <UnitTestResult executionId="63bd6b89-b936-469c-bab2-a1a787e5bdc8" testId="73284804-3614-1086-c9d3-907dba871693" testName="xUnitTestProject.CurrencyHelperTests.FormatToStringTest1000(price: 12187.551827252633, expected: &quot;12187.55 zł&quot;)" computerName="DESKTOP-5URQ9PB" duration="00:00:00.0000056" startTime="2022-06-13T21:15:36.9607432+02:00" endTime="2022-06-13T21:15:36.9607433+02:00" testType="13cdc9d9-ddb5-4fa4-a97d-d965ccfc6d4b" outcome="Passed" testListId="8c84fa94-04c1-424b-9868-57a2d4851a1d" relativeResultsDirectory="63bd6b89-b936-469c-bab2-a1a787e5bdc8" />
    <UnitTestResult executionId="82c2a63d-cbaa-4962-88df-3c348bca8168" testId="f527f4e7-733e-c529-a6f2-d33ed3ff23a3" testName="xUnitTestProject.CurrencyHelperTests.FormatToStringTest1000(price: 47025.6224095177, expected: &quot;47025.62 zł&quot;)" computerName="DESKTOP-5URQ9PB" duration="00:00:00.0000058" startTime="2022-06-13T21:15:36.9569629+02:00" endTime="2022-06-13T21:15:36.9569630+02:00" testType="13cdc9d9-ddb5-4fa4-a97d-d965ccfc6d4b" outcome="Passed" testListId="8c84fa94-04c1-424b-9868-57a2d4851a1d" relativeResultsDirectory="82c2a63d-cbaa-4962-88df-3c348bca8168" />
    <UnitTestResult executionId="a41560ef-f67c-49f9-a98e-577433a3a7f6" testId="fdb8f5e8-aebb-9f4d-e956-1151e0f88117" testName="xUnitTestProject.CurrencyHelperTests.FormatToStringTest1000(price: 14172.682747822573, expected: &quot;14172.68 zł&quot;)" computerName="DESKTOP-5URQ9PB" duration="00:00:00.0000056" startTime="2022-06-13T21:15:36.9437276+02:00" endTime="2022-06-13T21:15:36.9437278+02:00" testType="13cdc9d9-ddb5-4fa4-a97d-d965ccfc6d4b" outcome="Passed" testListId="8c84fa94-04c1-424b-9868-57a2d4851a1d" relativeResultsDirectory="a41560ef-f67c-49f9-a98e-577433a3a7f6" />
    <UnitTestResult executionId="0362b560-817a-4624-8b74-941699f4c21d" testId="b8055217-5a74-6a87-a561-a760192c2a20" testName="xUnitTestProject.CurrencyHelperTests.FormatToStringTest1000(price: 37954.34384365396, expected: &quot;37954.34 zł&quot;)" computerName="DESKTOP-5URQ9PB" duration="00:00:00.0000045" startTime="2022-06-13T21:15:36.9054326+02:00" endTime="2022-06-13T21:15:36.9054327+02:00" testType="13cdc9d9-ddb5-4fa4-a97d-d965ccfc6d4b" outcome="Passed" testListId="8c84fa94-04c1-424b-9868-57a2d4851a1d" relativeResultsDirectory="0362b560-817a-4624-8b74-941699f4c21d" />
    <UnitTestResult executionId="ba9a9a34-fb48-43f4-9a29-6d577b03886e" testId="a1fbb77d-adf8-8ccd-4022-16be128e7ade" testName="xUnitTestProject.CurrencyHelperTests.FormatToStringTest1000(price: 5504.094303639184, expected: &quot;5504.09 zł&quot;)" computerName="DESKTOP-5URQ9PB" duration="00:00:00.0000039" startTime="2022-06-13T21:15:36.9889861+02:00" endTime="2022-06-13T21:15:36.9889862+02:00" testType="13cdc9d9-ddb5-4fa4-a97d-d965ccfc6d4b" outcome="Passed" testListId="8c84fa94-04c1-424b-9868-57a2d4851a1d" relativeResultsDirectory="ba9a9a34-fb48-43f4-9a29-6d577b03886e" />
    <UnitTestResult executionId="6a5a4da9-75bb-4459-9d87-48aaba3d198a" testId="fe35c71e-d9ed-258c-2105-0adfcd0d495e" testName="xUnitTestProject.CurrencyHelperTests.FormatToStringTest1000(price: 2992.6161168593057, expected: &quot;2992.62 zł&quot;)" computerName="DESKTOP-5URQ9PB" duration="00:00:00.0000040" startTime="2022-06-13T21:15:36.9851382+02:00" endTime="2022-06-13T21:15:36.9851384+02:00" testType="13cdc9d9-ddb5-4fa4-a97d-d965ccfc6d4b" outcome="Passed" testListId="8c84fa94-04c1-424b-9868-57a2d4851a1d" relativeResultsDirectory="6a5a4da9-75bb-4459-9d87-48aaba3d198a" />
    <UnitTestResult executionId="cccb75a4-824a-4cf1-9650-b029ae76c242" testId="9dfbdafb-7dbf-f0e8-6265-547cdd24d00d" testName="xUnitTestProject.CurrencyHelperTests.FormatToStringTest1000(price: 464.74397441965715, expected: &quot;464.74 zł&quot;)" computerName="DESKTOP-5URQ9PB" duration="00:00:00.0000038" startTime="2022-06-13T21:15:36.9206271+02:00" endTime="2022-06-13T21:15:36.9206272+02:00" testType="13cdc9d9-ddb5-4fa4-a97d-d965ccfc6d4b" outcome="Passed" testListId="8c84fa94-04c1-424b-9868-57a2d4851a1d" relativeResultsDirectory="cccb75a4-824a-4cf1-9650-b029ae76c242" />
    <UnitTestResult executionId="3bf6957e-4409-4170-b473-83c63e773901" testId="c7ef87e2-e6d0-89f1-fa1a-3a161b3248e2" testName="xUnitTestProject.CurrencyHelperTests.FormatToStringTest1000(price: 76751.79413498091, expected: &quot;76751.79 zł&quot;)" computerName="DESKTOP-5URQ9PB" duration="00:00:00.0000069" startTime="2022-06-13T21:15:36.9254501+02:00" endTime="2022-06-13T21:15:36.9254503+02:00" testType="13cdc9d9-ddb5-4fa4-a97d-d965ccfc6d4b" outcome="Passed" testListId="8c84fa94-04c1-424b-9868-57a2d4851a1d" relativeResultsDirectory="3bf6957e-4409-4170-b473-83c63e773901" />
    <UnitTestResult executionId="588e80fd-e505-44f3-b39d-c865cee3a8e4" testId="e1d79475-a361-3073-e286-53d8423f4048" testName="xUnitTestProject.CurrencyHelperTests.FormatToStringTest1000(price: 95353.10327693219, expected: &quot;95353.10 zł&quot;)" computerName="DESKTOP-5URQ9PB" duration="00:00:00.0000039" startTime="2022-06-13T21:15:36.9023080+02:00" endTime="2022-06-13T21:15:36.9023081+02:00" testType="13cdc9d9-ddb5-4fa4-a97d-d965ccfc6d4b" outcome="Passed" testListId="8c84fa94-04c1-424b-9868-57a2d4851a1d" relativeResultsDirectory="588e80fd-e505-44f3-b39d-c865cee3a8e4" />
    <UnitTestResult executionId="f53d683e-567d-480f-a87f-f31589474665" testId="d4f3c378-b93a-d1d1-d97b-d57a65cd57e1" testName="xUnitTestProject.CurrencyHelperTests.FormatToStringTest1000(price: 4669.392596858271, expected: &quot;4669.39 zł&quot;)" computerName="DESKTOP-5URQ9PB" duration="00:00:00.0000039" startTime="2022-06-13T21:15:36.9085578+02:00" endTime="2022-06-13T21:15:36.9085579+02:00" testType="13cdc9d9-ddb5-4fa4-a97d-d965ccfc6d4b" outcome="Passed" testListId="8c84fa94-04c1-424b-9868-57a2d4851a1d" relativeResultsDirectory="f53d683e-567d-480f-a87f-f31589474665" />
    <UnitTestResult executionId="87fdda99-ce34-4aae-9056-d50ba3a7a4ab" testId="12ac148d-b770-8a76-3e48-40788f60fbd2" testName="xUnitTestProject.CurrencyHelperTests.FormatToStringTest1000(price: 16673.5121774904, expected: &quot;16673.51 zł&quot;)" computerName="DESKTOP-5URQ9PB" duration="00:00:00.0000056" startTime="2022-06-13T21:15:36.9588218+02:00" endTime="2022-06-13T21:15:36.9588220+02:00" testType="13cdc9d9-ddb5-4fa4-a97d-d965ccfc6d4b" outcome="Passed" testListId="8c84fa94-04c1-424b-9868-57a2d4851a1d" relativeResultsDirectory="87fdda99-ce34-4aae-9056-d50ba3a7a4ab" />
    <UnitTestResult executionId="b2ba1c4d-289e-4660-989f-6b1c5c43ff61" testId="b7a54b06-1426-b0d1-c148-d7f5ca4a408c" testName="xUnitTestProject.CurrencyHelperTests.FormatToStringTest1000(price: 7726.0074454499445, expected: &quot;7726.01 zł&quot;)" computerName="DESKTOP-5URQ9PB" duration="00:00:00.0000038" startTime="2022-06-13T21:15:36.9147438+02:00" endTime="2022-06-13T21:15:36.9147442+02:00" testType="13cdc9d9-ddb5-4fa4-a97d-d965ccfc6d4b" outcome="Passed" testListId="8c84fa94-04c1-424b-9868-57a2d4851a1d" relativeResultsDirectory="b2ba1c4d-289e-4660-989f-6b1c5c43ff61" />
    <UnitTestResult executionId="96e291d9-f126-4f44-b57a-4c260431fee4" testId="100cc4f6-ca16-2d93-296d-fb39d2a6b55f" testName="xUnitTestProject.CurrencyHelperTests.FormatToStringTest1000(price: 19397.344749736294, expected: &quot;19397.34 zł&quot;)" computerName="DESKTOP-5URQ9PB" duration="00:00:00.0000038" startTime="2022-06-13T21:15:36.9958193+02:00" endTime="2022-06-13T21:15:36.9958195+02:00" testType="13cdc9d9-ddb5-4fa4-a97d-d965ccfc6d4b" outcome="Passed" testListId="8c84fa94-04c1-424b-9868-57a2d4851a1d" relativeResultsDirectory="96e291d9-f126-4f44-b57a-4c260431fee4" />
    <UnitTestResult executionId="3e2c46be-dcdf-4d2b-8fb4-96a2c76e7254" testId="2c083ad7-fea5-5b33-ddd6-bb2be00bd90c" testName="xUnitTestProject.CurrencyHelperTests.FormatToStringTest1000(price: 57181.240528605056, expected: &quot;57181.24 zł&quot;)" computerName="DESKTOP-5URQ9PB" duration="00:00:00.0000040" startTime="2022-06-13T21:15:36.8968615+02:00" endTime="2022-06-13T21:15:36.8968617+02:00" testType="13cdc9d9-ddb5-4fa4-a97d-d965ccfc6d4b" outcome="Passed" testListId="8c84fa94-04c1-424b-9868-57a2d4851a1d" relativeResultsDirectory="3e2c46be-dcdf-4d2b-8fb4-96a2c76e7254" />
    <UnitTestResult executionId="411cd1bf-d86e-46d7-aadf-3216c827f744" testId="40049265-1e97-9ed6-58fa-5d084054c7cc" testName="xUnitTestProject.CurrencyHelperTests.FormatToStringTest1000(price: 17835.54606576988, expected: &quot;17835.55 zł&quot;)" computerName="DESKTOP-5URQ9PB" duration="00:00:00.0000040" startTime="2022-06-13T21:15:37.0046391+02:00" endTime="2022-06-13T21:15:37.0046395+02:00" testType="13cdc9d9-ddb5-4fa4-a97d-d965ccfc6d4b" outcome="Passed" testListId="8c84fa94-04c1-424b-9868-57a2d4851a1d" relativeResultsDirectory="411cd1bf-d86e-46d7-aadf-3216c827f744" />
    <UnitTestResult executionId="a6c0f0c7-428c-4520-8a23-45b45d4487ef" testId="3d1af355-28e7-625e-59fd-fe5da700f0dc" testName="xUnitTestProject.CurrencyHelperTests.FormatToStringTest1000(price: 20244.692955315437, expected: &quot;20244.69 zł&quot;)" computerName="DESKTOP-5URQ9PB" duration="00:00:00.0000039" startTime="2022-06-13T21:15:36.9900268+02:00" endTime="2022-06-13T21:15:36.9900269+02:00" testType="13cdc9d9-ddb5-4fa4-a97d-d965ccfc6d4b" outcome="Passed" testListId="8c84fa94-04c1-424b-9868-57a2d4851a1d" relativeResultsDirectory="a6c0f0c7-428c-4520-8a23-45b45d4487ef" />
    <UnitTestResult executionId="faaf1c05-311e-4510-a49b-6948e3ac2ad4" testId="38ee170e-2136-8164-8076-d7d266da6388" testName="xUnitTestProject.CurrencyHelperTests.FormatToStringTest1000(price: 19463.08761954917, expected: &quot;19463.09 zł&quot;)" computerName="DESKTOP-5URQ9PB" duration="00:00:00.0000058" startTime="2022-06-13T21:15:36.9567742+02:00" endTime="2022-06-13T21:15:36.9567744+02:00" testType="13cdc9d9-ddb5-4fa4-a97d-d965ccfc6d4b" outcome="Passed" testListId="8c84fa94-04c1-424b-9868-57a2d4851a1d" relativeResultsDirectory="faaf1c05-311e-4510-a49b-6948e3ac2ad4" />
    <UnitTestResult executionId="795bbe09-e90b-4084-a407-33ccbf23144c" testId="e6f6cc53-8c3a-da20-bc77-8b2d112d8374" testName="xUnitTestProject.CurrencyHelperTests.FormatToStringTest1000(price: 6170.939441211959, expected: &quot;6170.94 zł&quot;)" computerName="DESKTOP-5URQ9PB" duration="00:00:00.0000056" startTime="2022-06-13T21:15:36.9303854+02:00" endTime="2022-06-13T21:15:36.9303855+02:00" testType="13cdc9d9-ddb5-4fa4-a97d-d965ccfc6d4b" outcome="Passed" testListId="8c84fa94-04c1-424b-9868-57a2d4851a1d" relativeResultsDirectory="795bbe09-e90b-4084-a407-33ccbf23144c" />
    <UnitTestResult executionId="0dcd4805-ce17-452c-bd40-26dc9a1bd2d7" testId="b818a661-8c39-b04d-aea0-c8bf6f965ed2" testName="xUnitTestProject.CurrencyHelperTests.FormatToStringTest1000(price: 4030.673117592313, expected: &quot;4030.67 zł&quot;)" computerName="DESKTOP-5URQ9PB" duration="00:00:00.0000056" startTime="2022-06-13T21:15:36.9254196+02:00" endTime="2022-06-13T21:15:36.9254198+02:00" testType="13cdc9d9-ddb5-4fa4-a97d-d965ccfc6d4b" outcome="Passed" testListId="8c84fa94-04c1-424b-9868-57a2d4851a1d" relativeResultsDirectory="0dcd4805-ce17-452c-bd40-26dc9a1bd2d7" />
    <UnitTestResult executionId="04bc6e2e-afbf-433d-9306-f2efb5827ada" testId="e0c34032-6c79-2d9c-b6af-6955c63a9e30" testName="xUnitTestProject.CurrencyHelperTests.FormatToStringTest1000(price: 47672.66266041652, expected: &quot;47672.66 zł&quot;)" computerName="DESKTOP-5URQ9PB" duration="00:00:00.0000039" startTime="2022-06-13T21:15:37.0015066+02:00" endTime="2022-06-13T21:15:37.0015068+02:00" testType="13cdc9d9-ddb5-4fa4-a97d-d965ccfc6d4b" outcome="Passed" testListId="8c84fa94-04c1-424b-9868-57a2d4851a1d" relativeResultsDirectory="04bc6e2e-afbf-433d-9306-f2efb5827ada" />
    <UnitTestResult executionId="43c4685b-5ae5-43f6-a82a-29c085f5a712" testId="89c1bc9c-fd1f-546d-3081-e1943d5ea5fd" testName="xUnitTestProject.CurrencyHelperTests.FormatToStringTest1000(price: 30499.08272379734, expected: &quot;30499.08 zł&quot;)" computerName="DESKTOP-5URQ9PB" duration="00:00:00.0000040" startTime="2022-06-13T21:15:36.9694529+02:00" endTime="2022-06-13T21:15:36.9694533+02:00" testType="13cdc9d9-ddb5-4fa4-a97d-d965ccfc6d4b" outcome="Passed" testListId="8c84fa94-04c1-424b-9868-57a2d4851a1d" relativeResultsDirectory="43c4685b-5ae5-43f6-a82a-29c085f5a712" />
    <UnitTestResult executionId="894ec366-affc-4947-b364-453e963d2abd" testId="6c083eac-7cf7-3a47-1845-0ff85783e0c1" testName="xUnitTestProject.CurrencyHelperTests.FormatToStringTest1000(price: 34021.1384072961, expected: &quot;34021.14 zł&quot;)" computerName="DESKTOP-5URQ9PB" duration="00:00:00.0000058" startTime="2022-06-13T21:15:36.9350191+02:00" endTime="2022-06-13T21:15:36.9350193+02:00" testType="13cdc9d9-ddb5-4fa4-a97d-d965ccfc6d4b" outcome="Passed" testListId="8c84fa94-04c1-424b-9868-57a2d4851a1d" relativeResultsDirectory="894ec366-affc-4947-b364-453e963d2abd" />
    <UnitTestResult executionId="f6b07a64-3afa-4ccf-a869-0f8414300ac1" testId="69eeb057-df94-2674-fba1-959c41ef1419" testName="xUnitTestProject.CurrencyHelperTests.FormatToStringTest1000(price: 87505.85936583664, expected: &quot;87505.86 zł&quot;)" computerName="DESKTOP-5URQ9PB" duration="00:00:00.0000058" startTime="2022-06-13T21:15:36.9371591+02:00" endTime="2022-06-13T21:15:36.9371592+02:00" testType="13cdc9d9-ddb5-4fa4-a97d-d965ccfc6d4b" outcome="Passed" testListId="8c84fa94-04c1-424b-9868-57a2d4851a1d" relativeResultsDirectory="f6b07a64-3afa-4ccf-a869-0f8414300ac1" />
    <UnitTestResult executionId="e602358f-9266-434c-9e3c-88e47a068de3" testId="749e89fd-9c9b-5d83-545c-b459ff44beff" testName="xUnitTestProject.CurrencyHelperTests.FormatToStringTest1000(price: 17418.31302247863, expected: &quot;17418.31 zł&quot;)" computerName="DESKTOP-5URQ9PB" duration="00:00:00.0000120" startTime="2022-06-13T21:15:36.9216809+02:00" endTime="2022-06-13T21:15:36.9216811+02:00" testType="13cdc9d9-ddb5-4fa4-a97d-d965ccfc6d4b" outcome="Passed" testListId="8c84fa94-04c1-424b-9868-57a2d4851a1d" relativeResultsDirectory="e602358f-9266-434c-9e3c-88e47a068de3" />
    <UnitTestResult executionId="a45dfb5b-63d2-494a-8f1f-b3e3ae3747c5" testId="8b9bc8ba-9742-8b44-9f33-0b46de660b7e" testName="xUnitTestProject.CurrencyHelperTests.FormatToStringTest1000(price: 21602.417596116393, expected: &quot;21602.42 zł&quot;)" computerName="DESKTOP-5URQ9PB" duration="00:00:00.0000040" startTime="2022-06-13T21:15:37.0025014+02:00" endTime="2022-06-13T21:15:37.0025015+02:00" testType="13cdc9d9-ddb5-4fa4-a97d-d965ccfc6d4b" outcome="Passed" testListId="8c84fa94-04c1-424b-9868-57a2d4851a1d" relativeResultsDirectory="a45dfb5b-63d2-494a-8f1f-b3e3ae3747c5" />
    <UnitTestResult executionId="8fc7b693-2bfb-42e5-892c-fad9ead46f51" testId="2a9faf6f-4d21-d971-4115-0a2cf31c75ab" testName="xUnitTestProject.CurrencyHelperTests.FormatToStringTest1000(price: 658.7555888573431, expected: &quot;658.76 zł&quot;)" computerName="DESKTOP-5URQ9PB" duration="00:00:00.0000039" startTime="2022-06-13T21:15:37.0068618+02:00" endTime="2022-06-13T21:15:37.0068620+02:00" testType="13cdc9d9-ddb5-4fa4-a97d-d965ccfc6d4b" outcome="Passed" testListId="8c84fa94-04c1-424b-9868-57a2d4851a1d" relativeResultsDirectory="8fc7b693-2bfb-42e5-892c-fad9ead46f51" />
    <UnitTestResult executionId="0f692fd0-eaa9-4032-8b0f-e841fbdd7e2e" testId="e6d7e4bb-8f4e-56e2-712f-a2453f4d8f71" testName="xUnitTestProject.CurrencyHelperTests.FormatToStringTest1000(price: 16688.70569393677, expected: &quot;16688.71 zł&quot;)" computerName="DESKTOP-5URQ9PB" duration="00:00:00.0000039" startTime="2022-06-13T21:15:36.9087203+02:00" endTime="2022-06-13T21:15:36.9087204+02:00" testType="13cdc9d9-ddb5-4fa4-a97d-d965ccfc6d4b" outcome="Passed" testListId="8c84fa94-04c1-424b-9868-57a2d4851a1d" relativeResultsDirectory="0f692fd0-eaa9-4032-8b0f-e841fbdd7e2e" />
    <UnitTestResult executionId="302e8c32-2da3-4a82-b2ca-7a8432cec2e4" testId="599b5bdf-c3a2-ab45-0452-3da415351122" testName="xUnitTestProject.CurrencyHelperTests.FormatToStringTest1000(price: 16210.791556035536, expected: &quot;16210.79 zł&quot;)" computerName="DESKTOP-5URQ9PB" duration="00:00:00.0000038" startTime="2022-06-13T21:15:36.9167501+02:00" endTime="2022-06-13T21:15:36.9167503+02:00" testType="13cdc9d9-ddb5-4fa4-a97d-d965ccfc6d4b" outcome="Passed" testListId="8c84fa94-04c1-424b-9868-57a2d4851a1d" relativeResultsDirectory="302e8c32-2da3-4a82-b2ca-7a8432cec2e4" />
    <UnitTestResult executionId="8a3a6599-95b4-4cdd-a26e-878d0586fb2d" testId="2472258e-8be8-7772-0b75-b4a3d535f097" testName="xUnitTestProject.CurrencyHelperTests.FormatToStringTest1000(price: 10641.263377953444, expected: &quot;10641.26 zł&quot;)" computerName="DESKTOP-5URQ9PB" duration="00:00:00.0000058" startTime="2022-06-13T21:15:36.9390963+02:00" endTime="2022-06-13T21:15:36.9390968+02:00" testType="13cdc9d9-ddb5-4fa4-a97d-d965ccfc6d4b" outcome="Passed" testListId="8c84fa94-04c1-424b-9868-57a2d4851a1d" relativeResultsDirectory="8a3a6599-95b4-4cdd-a26e-878d0586fb2d" />
    <UnitTestResult executionId="ebd79f0e-aad2-456b-9e00-3e1c6f321bb2" testId="4c68b106-0b95-e518-2e9e-d72489df9e7e" testName="xUnitTestProject.CurrencyHelperTests.FormatToStringTest1000(price: 55010.474927814896, expected: &quot;55010.47 zł&quot;)" computerName="DESKTOP-5URQ9PB" duration="00:00:00.0000038" startTime="2022-06-13T21:15:36.9908244+02:00" endTime="2022-06-13T21:15:36.9908248+02:00" testType="13cdc9d9-ddb5-4fa4-a97d-d965ccfc6d4b" outcome="Passed" testListId="8c84fa94-04c1-424b-9868-57a2d4851a1d" relativeResultsDirectory="ebd79f0e-aad2-456b-9e00-3e1c6f321bb2" />
    <UnitTestResult executionId="a991afc7-2597-4f45-b2df-ae03212b6845" testId="900eea81-caf7-4e0f-b129-22c2df2135b0" testName="xUnitTestProject.CurrencyHelperTests.FormatToStringTest1000(price: 44065.726815678056, expected: &quot;44065.73 zł&quot;)" computerName="DESKTOP-5URQ9PB" duration="00:00:00.0000038" startTime="2022-06-13T21:15:36.9696438+02:00" endTime="2022-06-13T21:15:36.9696440+02:00" testType="13cdc9d9-ddb5-4fa4-a97d-d965ccfc6d4b" outcome="Passed" testListId="8c84fa94-04c1-424b-9868-57a2d4851a1d" relativeResultsDirectory="a991afc7-2597-4f45-b2df-ae03212b6845" />
    <UnitTestResult executionId="869d1043-01c4-498f-83fe-0485c2a6be49" testId="927355f0-db19-7988-f19c-ec0494e2f5d9" testName="xUnitTestProject.CurrencyHelperTests.FormatToStringTest1000(price: 748.6264857065987, expected: &quot;748.63 zł&quot;)" computerName="DESKTOP-5URQ9PB" duration="00:00:00.0000106" startTime="2022-06-13T21:15:36.9225150+02:00" endTime="2022-06-13T21:15:36.9225152+02:00" testType="13cdc9d9-ddb5-4fa4-a97d-d965ccfc6d4b" outcome="Passed" testListId="8c84fa94-04c1-424b-9868-57a2d4851a1d" relativeResultsDirectory="869d1043-01c4-498f-83fe-0485c2a6be49" />
    <UnitTestResult executionId="6209c478-e53f-4167-ae3f-22fcbc518681" testId="c9fc2c85-cd6b-22aa-0e63-9afbfb8c152b" testName="xUnitTestProject.CurrencyHelperTests.FormatToStringTest1000(price: 835.1578487740633, expected: &quot;835.16 zł&quot;)" computerName="DESKTOP-5URQ9PB" duration="00:00:00.0000056" startTime="2022-06-13T21:15:36.9529465+02:00" endTime="2022-06-13T21:15:36.9529466+02:00" testType="13cdc9d9-ddb5-4fa4-a97d-d965ccfc6d4b" outcome="Passed" testListId="8c84fa94-04c1-424b-9868-57a2d4851a1d" relativeResultsDirectory="6209c478-e53f-4167-ae3f-22fcbc518681" />
    <UnitTestResult executionId="d9ed6625-6519-4ef3-b8f0-bd6b90b64770" testId="d702a2a7-0d80-6e33-b0a7-e0e379e29093" testName="xUnitTestProject.CurrencyHelperTests.FormatToStringTest1000(price: 7753.724411372898, expected: &quot;7753.72 zł&quot;)" computerName="DESKTOP-5URQ9PB" duration="00:00:00.0000055" startTime="2022-06-13T21:15:36.9426196+02:00" endTime="2022-06-13T21:15:36.9426198+02:00" testType="13cdc9d9-ddb5-4fa4-a97d-d965ccfc6d4b" outcome="Passed" testListId="8c84fa94-04c1-424b-9868-57a2d4851a1d" relativeResultsDirectory="d9ed6625-6519-4ef3-b8f0-bd6b90b64770" />
    <UnitTestResult executionId="6f9e2400-9c69-4c1e-82f5-06e72142dfd6" testId="124aa2c1-a584-951a-b578-c58272b94396" testName="xUnitTestProject.CurrencyHelperTests.FormatToStringTest1000(price: 5978.1197194131655, expected: &quot;5978.12 zł&quot;)" computerName="DESKTOP-5URQ9PB" duration="00:00:00.0000038" startTime="2022-06-13T21:15:36.9064596+02:00" endTime="2022-06-13T21:15:36.9064598+02:00" testType="13cdc9d9-ddb5-4fa4-a97d-d965ccfc6d4b" outcome="Passed" testListId="8c84fa94-04c1-424b-9868-57a2d4851a1d" relativeResultsDirectory="6f9e2400-9c69-4c1e-82f5-06e72142dfd6" />
    <UnitTestResult executionId="019db3e2-c8a6-44c9-a04f-f469b8052238" testId="a3a08850-4a93-c030-f4e2-fdffe7d8b320" testName="xUnitTestProject.CurrencyHelperTests.FormatToStringTest1000(price: 19873.59831658453, expected: &quot;19873.60 zł&quot;)" computerName="DESKTOP-5URQ9PB" duration="00:00:00.0000040" startTime="2022-06-13T21:15:36.9987609+02:00" endTime="2022-06-13T21:15:36.9987610+02:00" testType="13cdc9d9-ddb5-4fa4-a97d-d965ccfc6d4b" outcome="Passed" testListId="8c84fa94-04c1-424b-9868-57a2d4851a1d" relativeResultsDirectory="019db3e2-c8a6-44c9-a04f-f469b8052238" />
    <UnitTestResult executionId="528458e4-68bf-42a8-9826-5e90dc45fa07" testId="3a14b4a3-bbfa-4f36-3b26-b18f61900c63" testName="xUnitTestProject.CurrencyHelperTests.FormatToStringTest1000(price: 63946.51014057478, expected: &quot;63946.51 zł&quot;)" computerName="DESKTOP-5URQ9PB" duration="00:00:00.0000056" startTime="2022-06-13T21:15:36.9405052+02:00" endTime="2022-06-13T21:15:36.9405053+02:00" testType="13cdc9d9-ddb5-4fa4-a97d-d965ccfc6d4b" outcome="Passed" testListId="8c84fa94-04c1-424b-9868-57a2d4851a1d" relativeResultsDirectory="528458e4-68bf-42a8-9826-5e90dc45fa07" />
    <UnitTestResult executionId="302ffadc-c02e-436d-8052-a9e45d63f04c" testId="13bfc4cd-00bc-fb12-3861-f69dc4145d67" testName="xUnitTestProject.CurrencyHelperTests.FormatToStringTest1000(price: 2929.267390865026, expected: &quot;2929.27 zł&quot;)" computerName="DESKTOP-5URQ9PB" duration="00:00:00.0000058" startTime="2022-06-13T21:15:36.9468835+02:00" endTime="2022-06-13T21:15:36.9468836+02:00" testType="13cdc9d9-ddb5-4fa4-a97d-d965ccfc6d4b" outcome="Passed" testListId="8c84fa94-04c1-424b-9868-57a2d4851a1d" relativeResultsDirectory="302ffadc-c02e-436d-8052-a9e45d63f04c" />
    <UnitTestResult executionId="8ed0aca8-65d3-4ff1-98f8-7fef40d2a556" testId="5c957f35-8133-124f-9f1e-c78d4730fe22" testName="xUnitTestProject.CurrencyHelperTests.FormatToStringTest1000(price: 759.247198292635, expected: &quot;759.25 zł&quot;)" computerName="DESKTOP-5URQ9PB" duration="00:00:00.0000056" startTime="2022-06-13T21:15:36.9380695+02:00" endTime="2022-06-13T21:15:36.9380696+02:00" testType="13cdc9d9-ddb5-4fa4-a97d-d965ccfc6d4b" outcome="Passed" testListId="8c84fa94-04c1-424b-9868-57a2d4851a1d" relativeResultsDirectory="8ed0aca8-65d3-4ff1-98f8-7fef40d2a556" />
    <UnitTestResult executionId="b3843831-11a3-430c-a385-018e679603b2" testId="c09fd9f3-56b2-979f-b5dc-a5cbb3bb898a" testName="xUnitTestProject.CurrencyHelperTests.FormatToStringTest1000(price: 32216.686763396807, expected: &quot;32216.69 zł&quot;)" computerName="DESKTOP-5URQ9PB" duration="00:00:00.0000039" startTime="2022-06-13T21:15:36.9063625+02:00" endTime="2022-06-13T21:15:36.9063629+02:00" testType="13cdc9d9-ddb5-4fa4-a97d-d965ccfc6d4b" outcome="Passed" testListId="8c84fa94-04c1-424b-9868-57a2d4851a1d" relativeResultsDirectory="b3843831-11a3-430c-a385-018e679603b2" />
    <UnitTestResult executionId="4f586421-4386-4079-9330-3788acb4673a" testId="f284fcd5-95ba-5e4a-ef58-143a466ff941" testName="xUnitTestProject.CurrencyHelperTests.FormatToStringTest1000(price: 36978.61073549213, expected: &quot;36978.61 zł&quot;)" computerName="DESKTOP-5URQ9PB" duration="00:00:00.0000066" startTime="2022-06-13T21:15:36.9331022+02:00" endTime="2022-06-13T21:15:36.9331024+02:00" testType="13cdc9d9-ddb5-4fa4-a97d-d965ccfc6d4b" outcome="Passed" testListId="8c84fa94-04c1-424b-9868-57a2d4851a1d" relativeResultsDirectory="4f586421-4386-4079-9330-3788acb4673a" />
    <UnitTestResult executionId="091139ca-987c-46d8-b9d0-2de42137b556" testId="ed2134d1-cccc-7594-ff4e-6670ac477e6f" testName="xUnitTestProject.CurrencyHelperTests.FormatToStringTest1000(price: 51529.79033960206, expected: &quot;51529.79 zł&quot;)" computerName="DESKTOP-5URQ9PB" duration="00:00:00.0000113" startTime="2022-06-13T21:15:36.9214961+02:00" endTime="2022-06-13T21:15:36.9214962+02:00" testType="13cdc9d9-ddb5-4fa4-a97d-d965ccfc6d4b" outcome="Passed" testListId="8c84fa94-04c1-424b-9868-57a2d4851a1d" relativeResultsDirectory="091139ca-987c-46d8-b9d0-2de42137b556" />
    <UnitTestResult executionId="94892af6-d05a-4a2f-9465-842bcc4a6444" testId="bcf772d6-bc03-8db6-964e-e43c8f396083" testName="xUnitTestProject.CurrencyHelperTests.FormatToStringTest1000(price: 1664.7834932994022, expected: &quot;1664.78 zł&quot;)" computerName="DESKTOP-5URQ9PB" duration="00:00:00.0000038" startTime="2022-06-13T21:15:36.9106494+02:00" endTime="2022-06-13T21:15:36.9106495+02:00" testType="13cdc9d9-ddb5-4fa4-a97d-d965ccfc6d4b" outcome="Passed" testListId="8c84fa94-04c1-424b-9868-57a2d4851a1d" relativeResultsDirectory="94892af6-d05a-4a2f-9465-842bcc4a6444" />
    <UnitTestResult executionId="c4d4e795-2961-4f45-a8f5-5415d317af85" testId="d30d3b94-edb3-8c77-afa5-d7e300714162" testName="xUnitTestProject.CurrencyHelperTests.FormatToStringTest1000(price: 151.50737175275916, expected: &quot;151.51 zł&quot;)" computerName="DESKTOP-5URQ9PB" duration="00:00:00.0000038" startTime="2022-06-13T21:15:36.9001986+02:00" endTime="2022-06-13T21:15:36.9001988+02:00" testType="13cdc9d9-ddb5-4fa4-a97d-d965ccfc6d4b" outcome="Passed" testListId="8c84fa94-04c1-424b-9868-57a2d4851a1d" relativeResultsDirectory="c4d4e795-2961-4f45-a8f5-5415d317af85" />
    <UnitTestResult executionId="e1e008df-d4ce-47b5-bffb-aac9e0ab2d20" testId="a97810bc-ccf4-4f77-152b-d7c40d37cd64" testName="xUnitTestProject.CurrencyHelperTests.FormatToStringTest1000(price: 37866.43836050967, expected: &quot;37866.44 zł&quot;)" computerName="DESKTOP-5URQ9PB" duration="00:00:00.0000038" startTime="2022-06-13T21:15:36.8991986+02:00" endTime="2022-06-13T21:15:36.8991987+02:00" testType="13cdc9d9-ddb5-4fa4-a97d-d965ccfc6d4b" outcome="Passed" testListId="8c84fa94-04c1-424b-9868-57a2d4851a1d" relativeResultsDirectory="e1e008df-d4ce-47b5-bffb-aac9e0ab2d20" />
    <UnitTestResult executionId="e80ac59c-ab98-4429-b4fa-65a43f5a3a88" testId="41fb6436-3dfd-f2cc-b2c2-3eb1f8450637" testName="xUnitTestProject.CurrencyHelperTests.FormatToStringTest1000(price: 181.3640542483721, expected: &quot;181.36 zł&quot;)" computerName="DESKTOP-5URQ9PB" duration="00:00:00.0000038" startTime="2022-06-13T21:15:36.9840935+02:00" endTime="2022-06-13T21:15:36.9840936+02:00" testType="13cdc9d9-ddb5-4fa4-a97d-d965ccfc6d4b" outcome="Passed" testListId="8c84fa94-04c1-424b-9868-57a2d4851a1d" relativeResultsDirectory="e80ac59c-ab98-4429-b4fa-65a43f5a3a88" />
    <UnitTestResult executionId="42cd2242-5fbf-463b-8fa1-82527403b7fe" testId="7c18917f-7141-7732-3a7b-36439ce0baa1" testName="xUnitTestProject.CurrencyHelperTests.FormatToStringTest1000(price: 6276.389386365838, expected: &quot;6276.39 zł&quot;)" computerName="DESKTOP-5URQ9PB" duration="00:00:00.0000041" startTime="2022-06-13T21:15:36.9034561+02:00" endTime="2022-06-13T21:15:36.9034563+02:00" testType="13cdc9d9-ddb5-4fa4-a97d-d965ccfc6d4b" outcome="Passed" testListId="8c84fa94-04c1-424b-9868-57a2d4851a1d" relativeResultsDirectory="42cd2242-5fbf-463b-8fa1-82527403b7fe" />
    <UnitTestResult executionId="364860ee-ea36-4164-8a35-b6f89db5fbf8" testId="0ce41b19-5488-6227-82d4-578fa8558f1f" testName="xUnitTestProject.CurrencyHelperTests.FormatToStringTest1000(price: 14063.90676654871, expected: &quot;14063.91 zł&quot;)" computerName="DESKTOP-5URQ9PB" duration="00:00:00.0000040" startTime="2022-06-13T21:15:36.9741979+02:00" endTime="2022-06-13T21:15:36.9741980+02:00" testType="13cdc9d9-ddb5-4fa4-a97d-d965ccfc6d4b" outcome="Passed" testListId="8c84fa94-04c1-424b-9868-57a2d4851a1d" relativeResultsDirectory="364860ee-ea36-4164-8a35-b6f89db5fbf8" />
    <UnitTestResult executionId="e048a7fb-6507-4156-b25a-c079c4494f41" testId="4b28c4f2-243a-8c78-12a1-344fb80c29cf" testName="xUnitTestProject.CurrencyHelperTests.FormatToStringTest1000(price: 30126.012320622805, expected: &quot;30126.01 zł&quot;)" computerName="DESKTOP-5URQ9PB" duration="00:00:00.0000059" startTime="2022-06-13T21:15:36.9252609+02:00" endTime="2022-06-13T21:15:36.9252613+02:00" testType="13cdc9d9-ddb5-4fa4-a97d-d965ccfc6d4b" outcome="Passed" testListId="8c84fa94-04c1-424b-9868-57a2d4851a1d" relativeResultsDirectory="e048a7fb-6507-4156-b25a-c079c4494f41" />
    <UnitTestResult executionId="5569f0c0-2e4d-4079-8ce4-dd9a92b55c6f" testId="f7a3c37c-dec7-4f70-5b8f-168bb8621231" testName="xUnitTestProject.CurrencyHelperTests.FormatToStringTest1000(price: 4857.211933034105, expected: &quot;4857.21 zł&quot;)" computerName="DESKTOP-5URQ9PB" duration="00:00:00.0000040" startTime="2022-06-13T21:15:36.8935497+02:00" endTime="2022-06-13T21:15:36.8935498+02:00" testType="13cdc9d9-ddb5-4fa4-a97d-d965ccfc6d4b" outcome="Passed" testListId="8c84fa94-04c1-424b-9868-57a2d4851a1d" relativeResultsDirectory="5569f0c0-2e4d-4079-8ce4-dd9a92b55c6f" />
    <UnitTestResult executionId="127234d1-0557-4808-a1b9-1afaaff5320f" testId="1dd0f7bb-be41-1080-f53b-d32cb9d53ae0" testName="xUnitTestProject.CurrencyHelperTests.FormatToStringTest1000(price: 51300.77891898145, expected: &quot;51300.78 zł&quot;)" computerName="DESKTOP-5URQ9PB" duration="00:00:00.0000137" startTime="2022-06-13T21:15:36.9677164+02:00" endTime="2022-06-13T21:15:36.9677166+02:00" testType="13cdc9d9-ddb5-4fa4-a97d-d965ccfc6d4b" outcome="Passed" testListId="8c84fa94-04c1-424b-9868-57a2d4851a1d" relativeResultsDirectory="127234d1-0557-4808-a1b9-1afaaff5320f" />
    <UnitTestResult executionId="3ca7fb8b-bdb7-46e4-ac06-f685c5b002e8" testId="3bcce3ce-1e1f-b2cb-aecb-f9baaad49b40" testName="xUnitTestProject.CurrencyHelperTests.FormatToStringTest1000(price: 16427.591943671738, expected: &quot;16427.59 zł&quot;)" computerName="DESKTOP-5URQ9PB" duration="00:00:00.0000056" startTime="2022-06-13T21:15:36.9313513+02:00" endTime="2022-06-13T21:15:36.9313514+02:00" testType="13cdc9d9-ddb5-4fa4-a97d-d965ccfc6d4b" outcome="Passed" testListId="8c84fa94-04c1-424b-9868-57a2d4851a1d" relativeResultsDirectory="3ca7fb8b-bdb7-46e4-ac06-f685c5b002e8" />
    <UnitTestResult executionId="a82e68d7-3fb6-441f-aaed-e3ac0baa6bc4" testId="8027e5d6-d435-5a0d-d99c-2d9218dccb7e" testName="xUnitTestProject.CurrencyHelperTests.FormatToStringTest1000(price: 1741.3334432818617, expected: &quot;1741.33 zł&quot;)" computerName="DESKTOP-5URQ9PB" duration="00:00:00.0000038" startTime="2022-06-13T21:15:36.9898045+02:00" endTime="2022-06-13T21:15:36.9898049+02:00" testType="13cdc9d9-ddb5-4fa4-a97d-d965ccfc6d4b" outcome="Passed" testListId="8c84fa94-04c1-424b-9868-57a2d4851a1d" relativeResultsDirectory="a82e68d7-3fb6-441f-aaed-e3ac0baa6bc4" />
    <UnitTestResult executionId="8fc175f9-55be-4f09-89bf-4230deedc30a" testId="dd6f82bf-ec98-4f3e-74b1-00844a5994bf" testName="xUnitTestProject.CurrencyHelperTests.FormatToStringTest1000(price: 3431.864349926759, expected: &quot;3431.86 zł&quot;)" computerName="DESKTOP-5URQ9PB" duration="00:00:00.0000056" startTime="2022-06-13T21:15:36.9627548+02:00" endTime="2022-06-13T21:15:36.9627549+02:00" testType="13cdc9d9-ddb5-4fa4-a97d-d965ccfc6d4b" outcome="Passed" testListId="8c84fa94-04c1-424b-9868-57a2d4851a1d" relativeResultsDirectory="8fc175f9-55be-4f09-89bf-4230deedc30a" />
    <UnitTestResult executionId="68a94bbe-3c16-43e8-b618-9fe984df1cf2" testId="972bb963-9a87-7070-029b-8643f34bbb6c" testName="xUnitTestProject.CurrencyHelperTests.FormatToStringTest1000(price: 10268.547802396373, expected: &quot;10268.55 zł&quot;)" computerName="DESKTOP-5URQ9PB" duration="00:00:00.0000040" startTime="2022-06-13T21:15:36.9205040+02:00" endTime="2022-06-13T21:15:36.9205041+02:00" testType="13cdc9d9-ddb5-4fa4-a97d-d965ccfc6d4b" outcome="Passed" testListId="8c84fa94-04c1-424b-9868-57a2d4851a1d" relativeResultsDirectory="68a94bbe-3c16-43e8-b618-9fe984df1cf2" />
    <UnitTestResult executionId="76c85963-22a2-4f5e-9d40-5326fd78c753" testId="e6ee2e42-d693-5a92-34f3-83564b601337" testName="xUnitTestProject.CurrencyHelperTests.FormatToStringTest1000(price: 51408.294679657694, expected: &quot;51408.29 zł&quot;)" computerName="DESKTOP-5URQ9PB" duration="00:00:00.0000039" startTime="2022-06-13T21:15:36.9177383+02:00" endTime="2022-06-13T21:15:36.9177385+02:00" testType="13cdc9d9-ddb5-4fa4-a97d-d965ccfc6d4b" outcome="Passed" testListId="8c84fa94-04c1-424b-9868-57a2d4851a1d" relativeResultsDirectory="76c85963-22a2-4f5e-9d40-5326fd78c753" />
    <UnitTestResult executionId="62fefa47-1eef-46d7-8a21-10c893eee268" testId="45b26f0b-a8bb-4b3f-d7c4-794f4ece7d3c" testName="xUnitTestProject.CurrencyHelperTests.FormatToStringTest1000(price: 23649.104642116046, expected: &quot;23649.10 zł&quot;)" computerName="DESKTOP-5URQ9PB" duration="00:00:00.0000041" startTime="2022-06-13T21:15:36.9084951+02:00" endTime="2022-06-13T21:15:36.9084953+02:00" testType="13cdc9d9-ddb5-4fa4-a97d-d965ccfc6d4b" outcome="Passed" testListId="8c84fa94-04c1-424b-9868-57a2d4851a1d" relativeResultsDirectory="62fefa47-1eef-46d7-8a21-10c893eee268" />
    <UnitTestResult executionId="7bf0d1ff-fd7d-42b5-b65e-9c7f86407886" testId="babff9b9-4ec4-5d0f-1835-e465e17600e6" testName="xUnitTestProject.CurrencyHelperTests.FormatToStringTest1000(price: 14100.01255469211, expected: &quot;14100.01 zł&quot;)" computerName="DESKTOP-5URQ9PB" duration="00:00:00.0000058" startTime="2022-06-13T21:15:36.9351138+02:00" endTime="2022-06-13T21:15:36.9351139+02:00" testType="13cdc9d9-ddb5-4fa4-a97d-d965ccfc6d4b" outcome="Passed" testListId="8c84fa94-04c1-424b-9868-57a2d4851a1d" relativeResultsDirectory="7bf0d1ff-fd7d-42b5-b65e-9c7f86407886" />
    <UnitTestResult executionId="d333ba5e-195d-4d4a-bfd1-64f8e01fbe0b" testId="f2358686-aae0-414b-7a27-d43a959b03da" testName="xUnitTestProject.CurrencyHelperTests.FormatToStringTest1000(price: 26529.10838037036, expected: &quot;26529.11 zł&quot;)" computerName="DESKTOP-5URQ9PB" duration="00:00:00.0000056" startTime="2022-06-13T21:15:36.9519458+02:00" endTime="2022-06-13T21:15:36.9519459+02:00" testType="13cdc9d9-ddb5-4fa4-a97d-d965ccfc6d4b" outcome="Passed" testListId="8c84fa94-04c1-424b-9868-57a2d4851a1d" relativeResultsDirectory="d333ba5e-195d-4d4a-bfd1-64f8e01fbe0b" />
    <UnitTestResult executionId="7e501c66-9214-4f9a-adae-df110255c868" testId="c4f09638-23b4-3d40-c0a4-ef63a006dba0" testName="xUnitTestProject.CurrencyHelperTests.FormatToStringTest1000(price: 18990.72499258012, expected: &quot;18990.72 zł&quot;)" computerName="DESKTOP-5URQ9PB" duration="00:00:00.0000040" startTime="2022-06-13T21:15:36.8957819+02:00" endTime="2022-06-13T21:15:36.8957821+02:00" testType="13cdc9d9-ddb5-4fa4-a97d-d965ccfc6d4b" outcome="Passed" testListId="8c84fa94-04c1-424b-9868-57a2d4851a1d" relativeResultsDirectory="7e501c66-9214-4f9a-adae-df110255c868" />
    <UnitTestResult executionId="b3c514df-4c47-4c7f-85cd-16a2a76732a2" testId="5058bebd-02f5-fdd0-776c-ccea1412870f" testName="xUnitTestProject.CurrencyHelperTests.FormatToStringTest1000(price: 675.4589376107133, expected: &quot;675.46 zł&quot;)" computerName="DESKTOP-5URQ9PB" duration="00:00:00.0000040" startTime="2022-06-13T21:15:36.9647213+02:00" endTime="2022-06-13T21:15:36.9647215+02:00" testType="13cdc9d9-ddb5-4fa4-a97d-d965ccfc6d4b" outcome="Passed" testListId="8c84fa94-04c1-424b-9868-57a2d4851a1d" relativeResultsDirectory="b3c514df-4c47-4c7f-85cd-16a2a76732a2" />
    <UnitTestResult executionId="96d1ed80-b850-4d22-b1c6-264da65052d6" testId="3e5b1b26-ce6a-72cd-5d99-1c229fd90703" testName="xUnitTestProject.CurrencyHelperTests.FormatToStringTest1000(price: 15520.346099893259, expected: &quot;15520.35 zł&quot;)" computerName="DESKTOP-5URQ9PB" duration="00:00:00.0000039" startTime="2022-06-13T21:15:36.9196425+02:00" endTime="2022-06-13T21:15:36.9196426+02:00" testType="13cdc9d9-ddb5-4fa4-a97d-d965ccfc6d4b" outcome="Passed" testListId="8c84fa94-04c1-424b-9868-57a2d4851a1d" relativeResultsDirectory="96d1ed80-b850-4d22-b1c6-264da65052d6" />
    <UnitTestResult executionId="ada00e69-dbbf-4977-ab74-f1ee0f8b9cbc" testId="1cdc361a-ffee-1052-df8d-ab7786ba69bf" testName="xUnitTestProject.CurrencyHelperTests.FormatToStringTest1000(price: 55782.67998761762, expected: &quot;55782.68 zł&quot;)" computerName="DESKTOP-5URQ9PB" duration="00:00:00.0000040" startTime="2022-06-13T21:15:36.9909231+02:00" endTime="2022-06-13T21:15:36.9909233+02:00" testType="13cdc9d9-ddb5-4fa4-a97d-d965ccfc6d4b" outcome="Passed" testListId="8c84fa94-04c1-424b-9868-57a2d4851a1d" relativeResultsDirectory="ada00e69-dbbf-4977-ab74-f1ee0f8b9cbc" />
    <UnitTestResult executionId="572d8ac0-c608-44a5-9e4c-a4dde28c2b13" testId="99f07415-68e4-3476-dd07-6ad55eba383b" testName="xUnitTestProject.CurrencyHelperTests.FormatToStringTest1000(price: 35784.54232617307, expected: &quot;35784.54 zł&quot;)" computerName="DESKTOP-5URQ9PB" duration="00:00:00.0000041" startTime="2022-06-13T21:15:36.9899649+02:00" endTime="2022-06-13T21:15:36.9899650+02:00" testType="13cdc9d9-ddb5-4fa4-a97d-d965ccfc6d4b" outcome="Passed" testListId="8c84fa94-04c1-424b-9868-57a2d4851a1d" relativeResultsDirectory="572d8ac0-c608-44a5-9e4c-a4dde28c2b13" />
    <UnitTestResult executionId="7d4a806e-f956-445a-8a67-07628b8eabe8" testId="9e735874-97ea-8ca0-11c8-94ac42e81acc" testName="xUnitTestProject.CurrencyHelperTests.FormatToStringTest1000(price: 39178.05988345298, expected: &quot;39178.06 zł&quot;)" computerName="DESKTOP-5URQ9PB" duration="00:00:00.0000040" startTime="2022-06-13T21:15:36.9705822+02:00" endTime="2022-06-13T21:15:36.9705823+02:00" testType="13cdc9d9-ddb5-4fa4-a97d-d965ccfc6d4b" outcome="Passed" testListId="8c84fa94-04c1-424b-9868-57a2d4851a1d" relativeResultsDirectory="7d4a806e-f956-445a-8a67-07628b8eabe8" />
    <UnitTestResult executionId="403996ce-ab42-411b-958c-7690bc78b099" testId="23aaa466-cf05-d364-17da-f1d2a5004cf2" testName="xUnitTestProject.CurrencyHelperTests.FormatToStringTest1000(price: 23684.695462791573, expected: &quot;23684.70 zł&quot;)" computerName="DESKTOP-5URQ9PB" duration="00:00:00.0000056" startTime="2022-06-13T21:15:36.9499087+02:00" endTime="2022-06-13T21:15:36.9499088+02:00" testType="13cdc9d9-ddb5-4fa4-a97d-d965ccfc6d4b" outcome="Passed" testListId="8c84fa94-04c1-424b-9868-57a2d4851a1d" relativeResultsDirectory="403996ce-ab42-411b-958c-7690bc78b099" />
    <UnitTestResult executionId="83337d7a-2d23-4ebe-83b1-f7578c662a06" testId="03e8826c-20fc-cadf-51a4-fe54882f4740" testName="xUnitTestProject.CurrencyHelperTests.FormatToStringTest1000(price: 42728.35751444258, expected: &quot;42728.36 zł&quot;)" computerName="DESKTOP-5URQ9PB" duration="00:00:00.0000056" startTime="2022-06-13T21:15:36.9360215+02:00" endTime="2022-06-13T21:15:36.9360216+02:00" testType="13cdc9d9-ddb5-4fa4-a97d-d965ccfc6d4b" outcome="Passed" testListId="8c84fa94-04c1-424b-9868-57a2d4851a1d" relativeResultsDirectory="83337d7a-2d23-4ebe-83b1-f7578c662a06" />
    <UnitTestResult executionId="d1d57d43-8d3d-4cac-b5fb-cda0c52b7c20" testId="6e911663-e259-5040-7b6f-54c63fac8b3c" testName="xUnitTestProject.CurrencyHelperTests.FormatToStringTest1000(price: 11157.981051815665, expected: &quot;11157.98 zł&quot;)" computerName="DESKTOP-5URQ9PB" duration="00:00:00.0000040" startTime="2022-06-13T21:15:36.9665340+02:00" endTime="2022-06-13T21:15:36.9665341+02:00" testType="13cdc9d9-ddb5-4fa4-a97d-d965ccfc6d4b" outcome="Passed" testListId="8c84fa94-04c1-424b-9868-57a2d4851a1d" relativeResultsDirectory="d1d57d43-8d3d-4cac-b5fb-cda0c52b7c20" />
    <UnitTestResult executionId="b9337fbf-0491-4f19-bfdf-e2597b10141d" testId="d493c8e9-cfea-2fc7-4acb-79ca91dde5f0" testName="xUnitTestProject.CurrencyHelperTests.FormatToStringTest1000(price: 10527.083945901639, expected: &quot;10527.08 zł&quot;)" computerName="DESKTOP-5URQ9PB" duration="00:00:00.0000045" startTime="2022-06-13T21:15:36.9704577+02:00" endTime="2022-06-13T21:15:36.9704578+02:00" testType="13cdc9d9-ddb5-4fa4-a97d-d965ccfc6d4b" outcome="Passed" testListId="8c84fa94-04c1-424b-9868-57a2d4851a1d" relativeResultsDirectory="b9337fbf-0491-4f19-bfdf-e2597b10141d" />
    <UnitTestResult executionId="2709ecec-86c5-4eaa-910e-06193ffcf99d" testId="38f897eb-957e-6945-e8b5-f2e873b7ac17" testName="xUnitTestProject.CurrencyHelperTests.FormatToStringTest1000(price: 26945.125386551546, expected: &quot;26945.13 zł&quot;)" computerName="DESKTOP-5URQ9PB" duration="00:00:00.0000115" startTime="2022-06-13T21:15:36.9224537+02:00" endTime="2022-06-13T21:15:36.9224538+02:00" testType="13cdc9d9-ddb5-4fa4-a97d-d965ccfc6d4b" outcome="Passed" testListId="8c84fa94-04c1-424b-9868-57a2d4851a1d" relativeResultsDirectory="2709ecec-86c5-4eaa-910e-06193ffcf99d" />
    <UnitTestResult executionId="043a209d-735c-4107-a915-95897eccf4c5" testId="7200fbe8-0633-195a-0e4f-25258446a0dd" testName="xUnitTestProject.CurrencyHelperTests.FormatToStringTest1000(price: 18490.912787030877, expected: &quot;18490.91 zł&quot;)" computerName="DESKTOP-5URQ9PB" duration="00:00:00.0000039" startTime="2022-06-13T21:15:36.9949907+02:00" endTime="2022-06-13T21:15:36.9949909+02:00" testType="13cdc9d9-ddb5-4fa4-a97d-d965ccfc6d4b" outcome="Passed" testListId="8c84fa94-04c1-424b-9868-57a2d4851a1d" relativeResultsDirectory="043a209d-735c-4107-a915-95897eccf4c5" />
    <UnitTestResult executionId="23e5ea79-5985-429f-9cdf-30391bc499b8" testId="e6ca1d81-dcf2-fd0d-938d-c5551a71b09d" testName="xUnitTestProject.CurrencyHelperTests.FormatToStringTest1000(price: 36893.66238331593, expected: &quot;36893.66 zł&quot;)" computerName="DESKTOP-5URQ9PB" duration="00:00:00.0000040" startTime="2022-06-13T21:15:36.9138466+02:00" endTime="2022-06-13T21:15:36.9138468+02:00" testType="13cdc9d9-ddb5-4fa4-a97d-d965ccfc6d4b" outcome="Passed" testListId="8c84fa94-04c1-424b-9868-57a2d4851a1d" relativeResultsDirectory="23e5ea79-5985-429f-9cdf-30391bc499b8" />
    <UnitTestResult executionId="746dec2e-8284-4ea7-9af6-c2b5ec3f04cf" testId="f015f451-5073-33ab-39c2-17ab900bf337" testName="xUnitTestProject.CurrencyHelperTests.FormatToStringTest1000(price: 25720.27551496321, expected: &quot;25720.28 zł&quot;)" computerName="DESKTOP-5URQ9PB" duration="00:00:00.0000058" startTime="2022-06-13T21:15:36.9293904+02:00" endTime="2022-06-13T21:15:36.9293905+02:00" testType="13cdc9d9-ddb5-4fa4-a97d-d965ccfc6d4b" outcome="Passed" testListId="8c84fa94-04c1-424b-9868-57a2d4851a1d" relativeResultsDirectory="746dec2e-8284-4ea7-9af6-c2b5ec3f04cf" />
    <UnitTestResult executionId="ab5d9bb9-091c-45a2-b448-8d0637ff3a98" testId="ae0a2a8f-7404-db1c-88e4-d4970f3642af" testName="xUnitTestProject.CurrencyHelperTests.FormatToStringTest1000(price: 45340.017357165, expected: &quot;45340.02 zł&quot;)" computerName="DESKTOP-5URQ9PB" duration="00:00:00.0000056" startTime="2022-06-13T21:15:36.9414357+02:00" endTime="2022-06-13T21:15:36.9414359+02:00" testType="13cdc9d9-ddb5-4fa4-a97d-d965ccfc6d4b" outcome="Passed" testListId="8c84fa94-04c1-424b-9868-57a2d4851a1d" relativeResultsDirectory="ab5d9bb9-091c-45a2-b448-8d0637ff3a98" />
    <UnitTestResult executionId="c8356495-0fce-4527-88ae-dfa4bc1e6a16" testId="fd35a08c-5b95-7a8f-b139-85a90dbcf98e" testName="xUnitTestProject.CurrencyHelperTests.FormatToStringTest1000(price: 30385.72086375613, expected: &quot;30385.72 zł&quot;)" computerName="DESKTOP-5URQ9PB" duration="00:00:00.0000061" startTime="2022-06-13T21:15:36.9616246+02:00" endTime="2022-06-13T21:15:36.9616250+02:00" testType="13cdc9d9-ddb5-4fa4-a97d-d965ccfc6d4b" outcome="Passed" testListId="8c84fa94-04c1-424b-9868-57a2d4851a1d" relativeResultsDirectory="c8356495-0fce-4527-88ae-dfa4bc1e6a16" />
    <UnitTestResult executionId="daeaabdb-5853-457d-ac41-b40b4ed0618b" testId="9a9212ad-b798-7488-4494-e587449427c6" testName="xUnitTestProject.CurrencyHelperTests.FormatToStringTest1000(price: 17579.823312525088, expected: &quot;17579.82 zł&quot;)" computerName="DESKTOP-5URQ9PB" duration="00:00:00.0000040" startTime="2022-06-13T21:15:36.8991674+02:00" endTime="2022-06-13T21:15:36.8991675+02:00" testType="13cdc9d9-ddb5-4fa4-a97d-d965ccfc6d4b" outcome="Passed" testListId="8c84fa94-04c1-424b-9868-57a2d4851a1d" relativeResultsDirectory="daeaabdb-5853-457d-ac41-b40b4ed0618b" />
    <UnitTestResult executionId="2cb62d2e-98cd-40d5-8cb7-3853a9eb50e2" testId="66840d6a-95a8-9e96-1d7b-1ecad55a0c92" testName="xUnitTestProject.CurrencyHelperTests.FormatToStringTest1000(price: 40241.790964380736, expected: &quot;40241.79 zł&quot;)" computerName="DESKTOP-5URQ9PB" duration="00:00:00.0000038" startTime="2022-06-13T21:15:36.9870384+02:00" endTime="2022-06-13T21:15:36.9870386+02:00" testType="13cdc9d9-ddb5-4fa4-a97d-d965ccfc6d4b" outcome="Passed" testListId="8c84fa94-04c1-424b-9868-57a2d4851a1d" relativeResultsDirectory="2cb62d2e-98cd-40d5-8cb7-3853a9eb50e2" />
    <UnitTestResult executionId="cf0e2c3f-edae-47ed-9b8d-d56676e94a31" testId="fbdffebc-5b1f-3fc0-8f3a-0ed85a2faf6a" testName="xUnitTestProject.CurrencyHelperTests.FormatToStringTest1000(price: 10914.360814625099, expected: &quot;10914.36 zł&quot;)" computerName="DESKTOP-5URQ9PB" duration="00:00:00.0000056" startTime="2022-06-13T21:15:36.9499716+02:00" endTime="2022-06-13T21:15:36.9499717+02:00" testType="13cdc9d9-ddb5-4fa4-a97d-d965ccfc6d4b" outcome="Passed" testListId="8c84fa94-04c1-424b-9868-57a2d4851a1d" relativeResultsDirectory="cf0e2c3f-edae-47ed-9b8d-d56676e94a31" />
    <UnitTestResult executionId="d366e0f7-4de0-4114-95ee-7124199c6b75" testId="61f864ac-97c4-6c85-0643-065c2cc97960" testName="xUnitTestProject.CurrencyHelperTests.FormatToStringTest1000(price: 11494.27761332238, expected: &quot;11494.28 zł&quot;)" computerName="DESKTOP-5URQ9PB" duration="00:00:00.0000039" startTime="2022-06-13T21:15:36.8989700+02:00" endTime="2022-06-13T21:15:36.8989704+02:00" testType="13cdc9d9-ddb5-4fa4-a97d-d965ccfc6d4b" outcome="Passed" testListId="8c84fa94-04c1-424b-9868-57a2d4851a1d" relativeResultsDirectory="d366e0f7-4de0-4114-95ee-7124199c6b75" />
    <UnitTestResult executionId="12335083-3fc6-4f3e-8a8f-9fc324336767" testId="97fa9539-2f5b-d008-d8ef-c0d60778ca89" testName="xUnitTestProject.CurrencyHelperTests.FormatToStringTest1000(price: 42555.01416107594, expected: &quot;42555.01 zł&quot;)" computerName="DESKTOP-5URQ9PB" duration="00:00:00.0000040" startTime="2022-06-13T21:15:36.8990671+02:00" endTime="2022-06-13T21:15:36.8990672+02:00" testType="13cdc9d9-ddb5-4fa4-a97d-d965ccfc6d4b" outcome="Passed" testListId="8c84fa94-04c1-424b-9868-57a2d4851a1d" relativeResultsDirectory="12335083-3fc6-4f3e-8a8f-9fc324336767" />
    <UnitTestResult executionId="bbf31dc9-24d9-4fc6-bb9c-1ff1ec0eab49" testId="58fbd806-2ce4-1de9-b5f6-010d0ee1cbfa" testName="xUnitTestProject.CurrencyHelperTests.FormatToStringTest1000(price: 23023.74724929768, expected: &quot;23023.75 zł&quot;)" computerName="DESKTOP-5URQ9PB" duration="00:00:00.0000045" startTime="2022-06-13T21:15:36.8958815+02:00" endTime="2022-06-13T21:15:36.8958817+02:00" testType="13cdc9d9-ddb5-4fa4-a97d-d965ccfc6d4b" outcome="Passed" testListId="8c84fa94-04c1-424b-9868-57a2d4851a1d" relativeResultsDirectory="bbf31dc9-24d9-4fc6-bb9c-1ff1ec0eab49" />
    <UnitTestResult executionId="55964f22-9a94-4262-8dde-0227bd192bdc" testId="0fb54a08-345f-ee29-01d6-61a60fb47ced" testName="xUnitTestProject.CurrencyHelperTests.FormatToStringTest1000(price: 14712.754747761765, expected: &quot;14712.75 zł&quot;)" computerName="DESKTOP-5URQ9PB" duration="00:00:00.0000058" startTime="2022-06-13T21:15:36.9310994+02:00" endTime="2022-06-13T21:15:36.9310998+02:00" testType="13cdc9d9-ddb5-4fa4-a97d-d965ccfc6d4b" outcome="Passed" testListId="8c84fa94-04c1-424b-9868-57a2d4851a1d" relativeResultsDirectory="55964f22-9a94-4262-8dde-0227bd192bdc" />
    <UnitTestResult executionId="2e367714-8031-4ad7-80c0-ebb671ad036c" testId="ad936791-3884-bcd2-a8bf-cc0980504588" testName="xUnitTestProject.CurrencyHelperTests.FormatToStringTest1000(price: 17232.486162219426, expected: &quot;17232.49 zł&quot;)" computerName="DESKTOP-5URQ9PB" duration="00:00:00.0000040" startTime="2022-06-13T21:15:36.9205659+02:00" endTime="2022-06-13T21:15:36.9205660+02:00" testType="13cdc9d9-ddb5-4fa4-a97d-d965ccfc6d4b" outcome="Passed" testListId="8c84fa94-04c1-424b-9868-57a2d4851a1d" relativeResultsDirectory="2e367714-8031-4ad7-80c0-ebb671ad036c" />
    <UnitTestResult executionId="872b6726-1b72-4bae-9da4-584dc338d235" testId="d3cdcde5-df28-6c6c-d5ee-263c0a49023a" testName="xUnitTestProject.CurrencyHelperTests.FormatToStringTest1000(price: 6266.232005888704, expected: &quot;6266.23 zł&quot;)" computerName="DESKTOP-5URQ9PB" duration="00:00:00.0000039" startTime="2022-06-13T21:15:36.9801259+02:00" endTime="2022-06-13T21:15:36.9801260+02:00" testType="13cdc9d9-ddb5-4fa4-a97d-d965ccfc6d4b" outcome="Passed" testListId="8c84fa94-04c1-424b-9868-57a2d4851a1d" relativeResultsDirectory="872b6726-1b72-4bae-9da4-584dc338d235" />
    <UnitTestResult executionId="a1ccc76a-9461-434a-9db1-e8216985227b" testId="fb80c2cc-1ba4-25ca-1501-33134270fed0" testName="xUnitTestProject.CurrencyHelperTests.FormatToStringTest1000(price: 32863.31705269558, expected: &quot;32863.32 zł&quot;)" computerName="DESKTOP-5URQ9PB" duration="00:00:00.0000039" startTime="2022-06-13T21:15:36.8935128+02:00" endTime="2022-06-13T21:15:36.8935132+02:00" testType="13cdc9d9-ddb5-4fa4-a97d-d965ccfc6d4b" outcome="Passed" testListId="8c84fa94-04c1-424b-9868-57a2d4851a1d" relativeResultsDirectory="a1ccc76a-9461-434a-9db1-e8216985227b" />
    <UnitTestResult executionId="6c719bb5-eea1-45da-8d92-546b043ed13a" testId="dffdcee4-e2c7-a486-318f-edaed8877c4d" testName="xUnitTestProject.CurrencyHelperTests.FormatToStringTest1000(price: 8697.074631143862, expected: &quot;8697.07 zł&quot;)" computerName="DESKTOP-5URQ9PB" duration="00:00:00.0000058" startTime="2022-06-13T21:15:36.9404123+02:00" endTime="2022-06-13T21:15:36.9404125+02:00" testType="13cdc9d9-ddb5-4fa4-a97d-d965ccfc6d4b" outcome="Passed" testListId="8c84fa94-04c1-424b-9868-57a2d4851a1d" relativeResultsDirectory="6c719bb5-eea1-45da-8d92-546b043ed13a" />
    <UnitTestResult executionId="c1f584d1-6ae6-4cde-9433-92487e97838b" testId="691fc6f3-8d98-645e-59dc-63e6708e6080" testName="xUnitTestProject.CurrencyHelperTests.FormatToStringTest1000(price: 33206.73122987837, expected: &quot;33206.73 zł&quot;)" computerName="DESKTOP-5URQ9PB" duration="00:00:00.0000038" startTime="2022-06-13T21:15:37.0006961+02:00" endTime="2022-06-13T21:15:37.0006963+02:00" testType="13cdc9d9-ddb5-4fa4-a97d-d965ccfc6d4b" outcome="Passed" testListId="8c84fa94-04c1-424b-9868-57a2d4851a1d" relativeResultsDirectory="c1f584d1-6ae6-4cde-9433-92487e97838b" />
    <UnitTestResult executionId="53d9c83a-d533-415a-a4c4-91ebe7817f36" testId="7b2e748c-5793-e1c6-45bc-d5f863686469" testName="xUnitTestProject.CurrencyHelperTests.FormatToStringTest1000(price: 84686.32148464039, expected: &quot;84686.32 zł&quot;)" computerName="DESKTOP-5URQ9PB" duration="00:00:00.0000039" startTime="2022-06-13T21:15:36.9149950+02:00" endTime="2022-06-13T21:15:36.9149951+02:00" testType="13cdc9d9-ddb5-4fa4-a97d-d965ccfc6d4b" outcome="Passed" testListId="8c84fa94-04c1-424b-9868-57a2d4851a1d" relativeResultsDirectory="53d9c83a-d533-415a-a4c4-91ebe7817f36" />
    <UnitTestResult executionId="710f7456-52fe-4e13-82f1-6ce118d9b991" testId="79a853ed-d140-e6d5-86c3-6423b904d524" testName="xUnitTestProject.CurrencyHelperTests.FormatToStringTest1000(price: 22604.838218828587, expected: &quot;22604.84 zł&quot;)" computerName="DESKTOP-5URQ9PB" duration="00:00:00.0000041" startTime="2022-06-13T21:15:37.0067381+02:00" endTime="2022-06-13T21:15:37.0067382+02:00" testType="13cdc9d9-ddb5-4fa4-a97d-d965ccfc6d4b" outcome="Passed" testListId="8c84fa94-04c1-424b-9868-57a2d4851a1d" relativeResultsDirectory="710f7456-52fe-4e13-82f1-6ce118d9b991" />
    <UnitTestResult executionId="aba2331d-696c-4708-85f3-ddc71343e268" testId="c15129d5-d936-d35a-141a-341775ad7af1" testName="xUnitTestProject.CurrencyHelperTests.FormatToStringTest1000(price: 14867.726341984107, expected: &quot;14867.73 zł&quot;)" computerName="DESKTOP-5URQ9PB" duration="00:00:00.0000056" startTime="2022-06-13T21:15:36.9371270+02:00" endTime="2022-06-13T21:15:36.9371271+02:00" testType="13cdc9d9-ddb5-4fa4-a97d-d965ccfc6d4b" outcome="Passed" testListId="8c84fa94-04c1-424b-9868-57a2d4851a1d" relativeResultsDirectory="aba2331d-696c-4708-85f3-ddc71343e268" />
    <UnitTestResult executionId="c4af99bd-d495-422f-98e1-e3fd816db9df" testId="2a896644-50d0-a8ac-de47-7ac4676c290e" testName="xUnitTestProject.CurrencyHelperTests.FormatToStringTest1000(price: 6027.66019266828, expected: &quot;6027.66 zł&quot;)" computerName="DESKTOP-5URQ9PB" duration="00:00:00.0000056" startTime="2022-06-13T21:15:36.9362091+02:00" endTime="2022-06-13T21:15:36.9362092+02:00" testType="13cdc9d9-ddb5-4fa4-a97d-d965ccfc6d4b" outcome="Passed" testListId="8c84fa94-04c1-424b-9868-57a2d4851a1d" relativeResultsDirectory="c4af99bd-d495-422f-98e1-e3fd816db9df" />
    <UnitTestResult executionId="c864d5d9-ee60-44f5-b9b4-b62b4ff0f150" testId="49539e03-80f3-85f0-9c28-9ba645507120" testName="xUnitTestProject.CurrencyHelperTests.FormatToStringTest1000(price: 653.4647999170537, expected: &quot;653.46 zł&quot;)" computerName="DESKTOP-5URQ9PB" duration="00:00:00.0000063" startTime="2022-06-13T21:15:36.9413431+02:00" endTime="2022-06-13T21:15:36.9413432+02:00" testType="13cdc9d9-ddb5-4fa4-a97d-d965ccfc6d4b" outcome="Passed" testListId="8c84fa94-04c1-424b-9868-57a2d4851a1d" relativeResultsDirectory="c864d5d9-ee60-44f5-b9b4-b62b4ff0f150" />
    <UnitTestResult executionId="7ca92699-692a-4cd2-a4e6-dcdfd2e1ff7c" testId="e5b31225-6687-353e-986c-a81c10574659" testName="xUnitTestProject.CurrencyHelperTests.FormatToStringTest1000(price: 52888.48934243642, expected: &quot;52888.49 zł&quot;)" computerName="DESKTOP-5URQ9PB" duration="00:00:00.0000038" startTime="2022-06-13T21:15:36.9086546+02:00" endTime="2022-06-13T21:15:36.9086548+02:00" testType="13cdc9d9-ddb5-4fa4-a97d-d965ccfc6d4b" outcome="Passed" testListId="8c84fa94-04c1-424b-9868-57a2d4851a1d" relativeResultsDirectory="7ca92699-692a-4cd2-a4e6-dcdfd2e1ff7c" />
    <UnitTestResult executionId="d2ddac89-cc70-4b2d-8167-cdb97d69ee36" testId="33fd1dda-62a8-0bed-a4ce-731800ce94c0" testName="xUnitTestProject.CurrencyHelperTests.FormatToStringTest1000(price: 19210.519530370144, expected: &quot;19210.52 zł&quot;)" computerName="DESKTOP-5URQ9PB" duration="00:00:00.0000041" startTime="2022-06-13T21:15:37.0069235+02:00" endTime="2022-06-13T21:15:37.0069237+02:00" testType="13cdc9d9-ddb5-4fa4-a97d-d965ccfc6d4b" outcome="Passed" testListId="8c84fa94-04c1-424b-9868-57a2d4851a1d" relativeResultsDirectory="d2ddac89-cc70-4b2d-8167-cdb97d69ee36" />
    <UnitTestResult executionId="82443457-89fb-450a-9778-7517883cddbe" testId="181c235a-8f4f-6777-859c-d2eff1a2ae91" testName="xUnitTestProject.CurrencyHelperTests.FormatToStringTest1000(price: 22017.250119325356, expected: &quot;22017.25 zł&quot;)" computerName="DESKTOP-5URQ9PB" duration="00:00:00.0000056" startTime="2022-06-13T21:15:36.9489607+02:00" endTime="2022-06-13T21:15:36.9489608+02:00" testType="13cdc9d9-ddb5-4fa4-a97d-d965ccfc6d4b" outcome="Passed" testListId="8c84fa94-04c1-424b-9868-57a2d4851a1d" relativeResultsDirectory="82443457-89fb-450a-9778-7517883cddbe" />
    <UnitTestResult executionId="8950f1a6-993b-4df7-9048-9163dd2b5a85" testId="bea51f53-59a0-d933-da38-7b5730c49072" testName="xUnitTestProject.CurrencyHelperTests.FormatToStringTest1000(price: 36047.83545033672, expected: &quot;36047.84 zł&quot;)" computerName="DESKTOP-5URQ9PB" duration="00:00:00.0000106" startTime="2022-06-13T21:15:36.9233794+02:00" endTime="2022-06-13T21:15:36.9233796+02:00" testType="13cdc9d9-ddb5-4fa4-a97d-d965ccfc6d4b" outcome="Passed" testListId="8c84fa94-04c1-424b-9868-57a2d4851a1d" relativeResultsDirectory="8950f1a6-993b-4df7-9048-9163dd2b5a85" />
    <UnitTestResult executionId="f8138380-2e55-4ebf-895d-e2d8da04fc4b" testId="bafee3ee-9889-56d2-8e3d-2c651a7649c3" testName="xUnitTestProject.CurrencyHelperTests.FormatToStringTest1000(price: 10857.521742201186, expected: &quot;10857.52 zł&quot;)" computerName="DESKTOP-5URQ9PB" duration="00:00:00.0000048" startTime="2022-06-13T21:15:36.8806167+02:00" endTime="2022-06-13T21:15:36.8806169+02:00" testType="13cdc9d9-ddb5-4fa4-a97d-d965ccfc6d4b" outcome="Passed" testListId="8c84fa94-04c1-424b-9868-57a2d4851a1d" relativeResultsDirectory="f8138380-2e55-4ebf-895d-e2d8da04fc4b" />
    <UnitTestResult executionId="2f225686-1373-4440-93fd-175a8ab2255b" testId="cc7d6c48-2140-f681-276a-ee6d54b1f129" testName="xUnitTestProject.CurrencyHelperTests.FormatToStringTest1000(price: 7076.829971250534, expected: &quot;7076.83 zł&quot;)" computerName="DESKTOP-5URQ9PB" duration="00:00:00.0000039" startTime="2022-06-13T21:15:36.9666604+02:00" endTime="2022-06-13T21:15:36.9666605+02:00" testType="13cdc9d9-ddb5-4fa4-a97d-d965ccfc6d4b" outcome="Passed" testListId="8c84fa94-04c1-424b-9868-57a2d4851a1d" relativeResultsDirectory="2f225686-1373-4440-93fd-175a8ab2255b" />
    <UnitTestResult executionId="e740eef8-334c-4af4-9d6f-0c46fc294fce" testId="1986b1a1-c98c-3d3a-7942-85a1e1c43315" testName="xUnitTestProject.CurrencyHelperTests.FormatToStringTest1000(price: 22678.795878462864, expected: &quot;22678.80 zł&quot;)" computerName="DESKTOP-5URQ9PB" duration="00:00:00.0000066" startTime="2022-06-13T21:15:36.9628458+02:00" endTime="2022-06-13T21:15:36.9628459+02:00" testType="13cdc9d9-ddb5-4fa4-a97d-d965ccfc6d4b" outcome="Passed" testListId="8c84fa94-04c1-424b-9868-57a2d4851a1d" relativeResultsDirectory="e740eef8-334c-4af4-9d6f-0c46fc294fce" />
    <UnitTestResult executionId="98a91228-a154-46ab-82cc-4c56d17b76bf" testId="0739d753-ed0a-2224-af37-24f0fcbbbd00" testName="xUnitTestProject.CurrencyHelperTests.FormatToStringTest1000(price: 25794.833624416417, expected: &quot;25794.83 zł&quot;)" computerName="DESKTOP-5URQ9PB" duration="00:00:00.0000040" startTime="2022-06-13T21:15:36.9655918+02:00" endTime="2022-06-13T21:15:36.9655919+02:00" testType="13cdc9d9-ddb5-4fa4-a97d-d965ccfc6d4b" outcome="Passed" testListId="8c84fa94-04c1-424b-9868-57a2d4851a1d" relativeResultsDirectory="98a91228-a154-46ab-82cc-4c56d17b76bf" />
    <UnitTestResult executionId="b5083e32-23cb-421e-a25a-9190c938607d" testId="32346c07-b161-6e9f-65c2-990bcbe58b07" testName="xUnitTestProject.CurrencyHelperTests.FormatToStringTest1000(price: 67109.22110940759, expected: &quot;67109.22 zł&quot;)" computerName="DESKTOP-5URQ9PB" duration="00:00:00.0000103" startTime="2022-06-13T21:15:36.9226375+02:00" endTime="2022-06-13T21:15:36.9226376+02:00" testType="13cdc9d9-ddb5-4fa4-a97d-d965ccfc6d4b" outcome="Passed" testListId="8c84fa94-04c1-424b-9868-57a2d4851a1d" relativeResultsDirectory="b5083e32-23cb-421e-a25a-9190c938607d" />
    <UnitTestResult executionId="46b923e0-d054-49f5-979d-4a65b811e201" testId="3aa6da58-73c8-f8a3-c690-8bbd80282877" testName="xUnitTestProject.CurrencyHelperTests.FormatToStringTest1000(price: 20321.03715103913, expected: &quot;20321.04 zł&quot;)" computerName="DESKTOP-5URQ9PB" duration="00:00:00.0000038" startTime="2022-06-13T21:15:36.9149646+02:00" endTime="2022-06-13T21:15:36.9149647+02:00" testType="13cdc9d9-ddb5-4fa4-a97d-d965ccfc6d4b" outcome="Passed" testListId="8c84fa94-04c1-424b-9868-57a2d4851a1d" relativeResultsDirectory="46b923e0-d054-49f5-979d-4a65b811e201" />
    <UnitTestResult executionId="eba7fcd3-6bfc-4107-962e-68583a44f967" testId="d87ccf8e-ab46-94a5-7597-e2ef80212732" testName="xUnitTestProject.CurrencyHelperTests.FormatToStringTest1000(price: 38076.55319665165, expected: &quot;38076.55 zł&quot;)" computerName="DESKTOP-5URQ9PB" duration="00:00:00.0000056" startTime="2022-06-13T21:15:36.9608361+02:00" endTime="2022-06-13T21:15:36.9608362+02:00" testType="13cdc9d9-ddb5-4fa4-a97d-d965ccfc6d4b" outcome="Passed" testListId="8c84fa94-04c1-424b-9868-57a2d4851a1d" relativeResultsDirectory="eba7fcd3-6bfc-4107-962e-68583a44f967" />
    <UnitTestResult executionId="91d79d8f-a080-4f55-bf7a-b10838f832f8" testId="055fec57-4e1c-11c8-a858-911643af23bd" testName="xUnitTestProject.CurrencyHelperTests.FormatToStringTest1000(price: 8211.920994553679, expected: &quot;8211.92 zł&quot;)" computerName="DESKTOP-5URQ9PB" duration="00:00:00.0000058" startTime="2022-06-13T21:15:36.9369667+02:00" endTime="2022-06-13T21:15:36.9369672+02:00" testType="13cdc9d9-ddb5-4fa4-a97d-d965ccfc6d4b" outcome="Passed" testListId="8c84fa94-04c1-424b-9868-57a2d4851a1d" relativeResultsDirectory="91d79d8f-a080-4f55-bf7a-b10838f832f8" />
    <UnitTestResult executionId="e7126c58-2776-4d8b-af9e-79e87744be10" testId="f51f29d9-e43f-bc49-2068-6f7ccdbadb29" testName="xUnitTestProject.CurrencyHelperTests.FormatToStringTest1000(price: 21753.84773194969, expected: &quot;21753.85 zł&quot;)" computerName="DESKTOP-5URQ9PB" duration="00:00:00.0000040" startTime="2022-06-13T21:15:37.0038276+02:00" endTime="2022-06-13T21:15:37.0038278+02:00" testType="13cdc9d9-ddb5-4fa4-a97d-d965ccfc6d4b" outcome="Passed" testListId="8c84fa94-04c1-424b-9868-57a2d4851a1d" relativeResultsDirectory="e7126c58-2776-4d8b-af9e-79e87744be10" />
    <UnitTestResult executionId="efde6d98-253a-4962-82be-1791256b145d" testId="2194158b-3f8a-54e0-368a-945d72c0c309" testName="xUnitTestProject.CurrencyHelperTests.FormatToStringTest1000(price: 7182.939759099362, expected: &quot;7182.94 zł&quot;)" computerName="DESKTOP-5URQ9PB" duration="00:00:00.0000039" startTime="2022-06-13T21:15:36.9770807+02:00" endTime="2022-06-13T21:15:36.9770811+02:00" testType="13cdc9d9-ddb5-4fa4-a97d-d965ccfc6d4b" outcome="Passed" testListId="8c84fa94-04c1-424b-9868-57a2d4851a1d" relativeResultsDirectory="efde6d98-253a-4962-82be-1791256b145d" />
    <UnitTestResult executionId="f004c752-ade1-42f6-affe-823fe66eaa19" testId="45a5b31d-d8ee-81e0-0e1d-a198d7cba5b5" testName="xUnitTestProject.CurrencyHelperTests.FormatToStringTest1000(price: 39314.52353688401, expected: &quot;39314.52 zł&quot;)" computerName="DESKTOP-5URQ9PB" duration="00:00:00.0000040" startTime="2022-06-13T21:15:36.9684688+02:00" endTime="2022-06-13T21:15:36.9684692+02:00" testType="13cdc9d9-ddb5-4fa4-a97d-d965ccfc6d4b" outcome="Passed" testListId="8c84fa94-04c1-424b-9868-57a2d4851a1d" relativeResultsDirectory="f004c752-ade1-42f6-affe-823fe66eaa19" />
    <UnitTestResult executionId="7c6495ae-33a5-4754-87b3-57c5f3d897f9" testId="c7272717-4c66-ee9c-96d1-b74d86b61eb8" testName="xUnitTestProject.CurrencyHelperTests.FormatToStringTest1000(price: 5022.470719070859, expected: &quot;5022.47 zł&quot;)" computerName="DESKTOP-5URQ9PB" duration="00:00:00.0000040" startTime="2022-06-13T21:15:36.9878835+02:00" endTime="2022-06-13T21:15:36.9878836+02:00" testType="13cdc9d9-ddb5-4fa4-a97d-d965ccfc6d4b" outcome="Passed" testListId="8c84fa94-04c1-424b-9868-57a2d4851a1d" relativeResultsDirectory="7c6495ae-33a5-4754-87b3-57c5f3d897f9" />
    <UnitTestResult executionId="ec1cd0d4-790a-4834-a22b-043ed13de189" testId="94f0cede-3e3b-c04d-89cc-8dfe2520972c" testName="xUnitTestProject.CurrencyHelperTests.FormatToStringTest1000(price: 11100.829211263372, expected: &quot;11100.83 zł&quot;)" computerName="DESKTOP-5URQ9PB" duration="00:00:00.0000040" startTime="2022-06-13T21:15:36.9820268+02:00" endTime="2022-06-13T21:15:36.9820269+02:00" testType="13cdc9d9-ddb5-4fa4-a97d-d965ccfc6d4b" outcome="Passed" testListId="8c84fa94-04c1-424b-9868-57a2d4851a1d" relativeResultsDirectory="ec1cd0d4-790a-4834-a22b-043ed13de189" />
    <UnitTestResult executionId="bb150f85-dca0-4aaf-8129-6a90d8730ee9" testId="0d6018bc-c4c3-ac7c-618e-ae3024a5dbea" testName="xUnitTestProject.CurrencyHelperTests.FormatToStringTest1000(price: 6220.182014914314, expected: &quot;6220.18 zł&quot;)" computerName="DESKTOP-5URQ9PB" duration="00:00:00.0000039" startTime="2022-06-13T21:15:36.9812353+02:00" endTime="2022-06-13T21:15:36.9812355+02:00" testType="13cdc9d9-ddb5-4fa4-a97d-d965ccfc6d4b" outcome="Passed" testListId="8c84fa94-04c1-424b-9868-57a2d4851a1d" relativeResultsDirectory="bb150f85-dca0-4aaf-8129-6a90d8730ee9" />
    <UnitTestResult executionId="bd6611c4-47ca-4966-94e2-b175f1f6d0d8" testId="979704d6-636b-33ea-e33f-cc67613aefb0" testName="xUnitTestProject.CurrencyHelperTests.FormatToStringTest1000(price: 11829.625994884234, expected: &quot;11829.63 zł&quot;)" computerName="DESKTOP-5URQ9PB" duration="00:00:00.0000039" startTime="2022-06-13T21:15:36.9148103+02:00" endTime="2022-06-13T21:15:36.9148105+02:00" testType="13cdc9d9-ddb5-4fa4-a97d-d965ccfc6d4b" outcome="Passed" testListId="8c84fa94-04c1-424b-9868-57a2d4851a1d" relativeResultsDirectory="bd6611c4-47ca-4966-94e2-b175f1f6d0d8" />
    <UnitTestResult executionId="48f2ee8b-4079-4f15-9afe-71df3dfe1750" testId="9a37fdb2-9bc9-44c3-d032-3d58a5dce31d" testName="xUnitTestProject.CurrencyHelperTests.FormatToStringTest1000(price: 3799.9216302064815, expected: &quot;3799.92 zł&quot;)" computerName="DESKTOP-5URQ9PB" duration="00:00:00.0000039" startTime="2022-06-13T21:15:36.9032356+02:00" endTime="2022-06-13T21:15:36.9032358+02:00" testType="13cdc9d9-ddb5-4fa4-a97d-d965ccfc6d4b" outcome="Passed" testListId="8c84fa94-04c1-424b-9868-57a2d4851a1d" relativeResultsDirectory="48f2ee8b-4079-4f15-9afe-71df3dfe1750" />
    <UnitTestResult executionId="c9bc20f4-ebb3-4f15-8386-ebf43eb64e71" testId="076b3f7c-bfd3-700c-3093-f885fe165b03" testName="xUnitTestProject.CurrencyHelperTests.FormatToStringTest1000(price: 10534.184353995222, expected: &quot;10534.18 zł&quot;)" computerName="DESKTOP-5URQ9PB" duration="00:00:00.0000061" startTime="2022-06-13T21:15:36.9588837+02:00" endTime="2022-06-13T21:15:36.9588839+02:00" testType="13cdc9d9-ddb5-4fa4-a97d-d965ccfc6d4b" outcome="Passed" testListId="8c84fa94-04c1-424b-9868-57a2d4851a1d" relativeResultsDirectory="c9bc20f4-ebb3-4f15-8386-ebf43eb64e71" />
    <UnitTestResult executionId="0d037271-1e28-499b-8d7a-c005ba38f503" testId="4b9288d3-23bb-6d5e-ced0-2389f5e0b638" testName="xUnitTestProject.CurrencyHelperTests.FormatToStringTest1000(price: 14910.573044539697, expected: &quot;14910.57 zł&quot;)" computerName="DESKTOP-5URQ9PB" duration="00:00:00.0000119" startTime="2022-06-13T21:15:36.9215573+02:00" endTime="2022-06-13T21:15:36.9215574+02:00" testType="13cdc9d9-ddb5-4fa4-a97d-d965ccfc6d4b" outcome="Passed" testListId="8c84fa94-04c1-424b-9868-57a2d4851a1d" relativeResultsDirectory="0d037271-1e28-499b-8d7a-c005ba38f503" />
    <UnitTestResult executionId="e021ea38-0af1-4683-bbdd-ae8b79b5ffd6" testId="bb2394ba-110a-90c0-2182-1e3775f73d05" testName="xUnitTestProject.CurrencyHelperTests.FormatToStringTest1000(price: 28072.424637532058, expected: &quot;28072.42 zł&quot;)" computerName="DESKTOP-5URQ9PB" duration="00:00:00.0000039" startTime="2022-06-13T21:15:36.9095704+02:00" endTime="2022-06-13T21:15:36.9095705+02:00" testType="13cdc9d9-ddb5-4fa4-a97d-d965ccfc6d4b" outcome="Passed" testListId="8c84fa94-04c1-424b-9868-57a2d4851a1d" relativeResultsDirectory="e021ea38-0af1-4683-bbdd-ae8b79b5ffd6" />
    <UnitTestResult executionId="1add65ee-9127-4d2a-875d-1a34e183619c" testId="b58c1648-01cd-8d33-8125-f2d9795f377d" testName="xUnitTestProject.CurrencyHelperTests.FormatToStringTest1000(price: 16597.22844427788, expected: &quot;16597.23 zł&quot;)" computerName="DESKTOP-5URQ9PB" duration="00:00:00.0000115" startTime="2022-06-13T21:15:36.9216494+02:00" endTime="2022-06-13T21:15:36.9216496+02:00" testType="13cdc9d9-ddb5-4fa4-a97d-d965ccfc6d4b" outcome="Passed" testListId="8c84fa94-04c1-424b-9868-57a2d4851a1d" relativeResultsDirectory="1add65ee-9127-4d2a-875d-1a34e183619c" />
    <UnitTestResult executionId="02b220fe-7da6-4590-9e71-50464d032da5" testId="9a2bcce2-54c7-2ac9-248c-c072785d5cf2" testName="xUnitTestProject.CurrencyHelperTests.FormatToStringTest1000(price: 9774.341362926803, expected: &quot;9774.34 zł&quot;)" computerName="DESKTOP-5URQ9PB" duration="00:00:00.0000066" startTime="2022-06-13T21:15:36.9392272+02:00" endTime="2022-06-13T21:15:36.9392273+02:00" testType="13cdc9d9-ddb5-4fa4-a97d-d965ccfc6d4b" outcome="Passed" testListId="8c84fa94-04c1-424b-9868-57a2d4851a1d" relativeResultsDirectory="02b220fe-7da6-4590-9e71-50464d032da5" />
    <UnitTestResult executionId="437b5d7f-2308-4876-9ba0-5e02c4c58427" testId="df3e2c77-7f8f-57bd-4668-f3110adbfbc8" testName="xUnitTestProject.CurrencyHelperTests.FormatToStringTest1000(price: 29975.4018974022, expected: &quot;29975.40 zł&quot;)" computerName="DESKTOP-5URQ9PB" duration="00:00:00.0000056" startTime="2022-06-13T21:15:36.9322576+02:00" endTime="2022-06-13T21:15:36.9322578+02:00" testType="13cdc9d9-ddb5-4fa4-a97d-d965ccfc6d4b" outcome="Passed" testListId="8c84fa94-04c1-424b-9868-57a2d4851a1d" relativeResultsDirectory="437b5d7f-2308-4876-9ba0-5e02c4c58427" />
    <UnitTestResult executionId="18220222-5e3b-46d9-8492-8855b59de9a0" testId="e62a06d7-081f-b513-c2d5-80ddeebcb813" testName="xUnitTestProject.CurrencyHelperTests.FormatToStringTest1000(price: 39531.95190033268, expected: &quot;39531.95 zł&quot;)" computerName="DESKTOP-5URQ9PB" duration="00:00:00.0000066" startTime="2022-06-13T21:15:36.9264206+02:00" endTime="2022-06-13T21:15:36.9264208+02:00" testType="13cdc9d9-ddb5-4fa4-a97d-d965ccfc6d4b" outcome="Passed" testListId="8c84fa94-04c1-424b-9868-57a2d4851a1d" relativeResultsDirectory="18220222-5e3b-46d9-8492-8855b59de9a0" />
    <UnitTestResult executionId="b236ba83-17e1-4447-813a-32ac0e09d459" testId="7f38c64c-30e5-6f29-b1b2-933630e715de" testName="xUnitTestProject.CurrencyHelperTests.FormatToStringTest1000(price: 5317.9582678023535, expected: &quot;5317.96 zł&quot;)" computerName="DESKTOP-5URQ9PB" duration="00:00:00.0000037" startTime="2022-06-13T21:15:36.9888506+02:00" endTime="2022-06-13T21:15:36.9888507+02:00" testType="13cdc9d9-ddb5-4fa4-a97d-d965ccfc6d4b" outcome="Passed" testListId="8c84fa94-04c1-424b-9868-57a2d4851a1d" relativeResultsDirectory="b236ba83-17e1-4447-813a-32ac0e09d459" />
    <UnitTestResult executionId="5d9f31f4-81df-4571-8a53-cfb6d9039d5b" testId="d1db99c9-780d-a1a8-cf4e-cc5ed7bbc5dc" testName="xUnitTestProject.CurrencyHelperTests.FormatToStringTest1000(price: 66764.31690498316, expected: &quot;66764.32 zł&quot;)" computerName="DESKTOP-5URQ9PB" duration="00:00:00.0000059" startTime="2022-06-13T21:15:36.9589145+02:00" endTime="2022-06-13T21:15:36.9589147+02:00" testType="13cdc9d9-ddb5-4fa4-a97d-d965ccfc6d4b" outcome="Passed" testListId="8c84fa94-04c1-424b-9868-57a2d4851a1d" relativeResultsDirectory="5d9f31f4-81df-4571-8a53-cfb6d9039d5b" />
    <UnitTestResult executionId="9efb5fbc-94c6-493d-84b4-8fd9ee0c1501" testId="eaa6b024-a03d-d1dd-abf3-1b023d2d51e1" testName="xUnitTestProject.CurrencyHelperTests.FormatToStringTest1000(price: 7594.279030504766, expected: &quot;7594.28 zł&quot;)" computerName="DESKTOP-5URQ9PB" duration="00:00:00.0000058" startTime="2022-06-13T21:15:36.9579426+02:00" endTime="2022-06-13T21:15:36.9579427+02:00" testType="13cdc9d9-ddb5-4fa4-a97d-d965ccfc6d4b" outcome="Passed" testListId="8c84fa94-04c1-424b-9868-57a2d4851a1d" relativeResultsDirectory="9efb5fbc-94c6-493d-84b4-8fd9ee0c1501" />
    <UnitTestResult executionId="b1d91ff2-11f8-4348-be0e-fd09c6d8e966" testId="f6a49bae-16a9-096b-f816-1c54e1a6b8b7" testName="xUnitTestProject.CurrencyHelperTests.FormatToStringTest1000(price: 37589.670531794276, expected: &quot;37589.67 zł&quot;)" computerName="DESKTOP-5URQ9PB" duration="00:00:00.0000038" startTime="2022-06-13T21:15:36.9188138+02:00" endTime="2022-06-13T21:15:36.9188140+02:00" testType="13cdc9d9-ddb5-4fa4-a97d-d965ccfc6d4b" outcome="Passed" testListId="8c84fa94-04c1-424b-9868-57a2d4851a1d" relativeResultsDirectory="b1d91ff2-11f8-4348-be0e-fd09c6d8e966" />
    <UnitTestResult executionId="92cdf8b1-723b-46d7-b785-e394700f186a" testId="ded3a712-fe17-74f4-ce2a-e02d4a5da442" testName="xUnitTestProject.CurrencyHelperTests.FormatToStringTest1000(price: 30071.004434484523, expected: &quot;30071.00 zł&quot;)" computerName="DESKTOP-5URQ9PB" duration="00:00:00.0000039" startTime="2022-06-13T21:15:36.9704233+02:00" endTime="2022-06-13T21:15:36.9704237+02:00" testType="13cdc9d9-ddb5-4fa4-a97d-d965ccfc6d4b" outcome="Passed" testListId="8c84fa94-04c1-424b-9868-57a2d4851a1d" relativeResultsDirectory="92cdf8b1-723b-46d7-b785-e394700f186a" />
    <UnitTestResult executionId="e667b1aa-12c7-48fd-99ec-a0ea90c5a1a9" testId="0ed4f192-4727-c437-89cc-2b16440ebef0" testName="xUnitTestProject.CurrencyHelperTests.FormatToStringTest1000(price: 37387.37521261972, expected: &quot;37387.38 zł&quot;)" computerName="DESKTOP-5URQ9PB" duration="00:00:00.0000039" startTime="2022-06-13T21:15:36.8981159+02:00" endTime="2022-06-13T21:15:36.8981160+02:00" testType="13cdc9d9-ddb5-4fa4-a97d-d965ccfc6d4b" outcome="Passed" testListId="8c84fa94-04c1-424b-9868-57a2d4851a1d" relativeResultsDirectory="e667b1aa-12c7-48fd-99ec-a0ea90c5a1a9" />
    <UnitTestResult executionId="b22129e2-ed6e-4965-9fe1-abe9580923e2" testId="2151d041-2bc8-f3a7-2b84-0e6fe76ff3f0" testName="xUnitTestProject.CurrencyHelperTests.FormatToStringTest1000(price: 93775.33090185716, expected: &quot;93775.33 zł&quot;)" computerName="DESKTOP-5URQ9PB" duration="00:00:00.0000060" startTime="2022-06-13T21:15:36.9586942+02:00" endTime="2022-06-13T21:15:36.9586947+02:00" testType="13cdc9d9-ddb5-4fa4-a97d-d965ccfc6d4b" outcome="Passed" testListId="8c84fa94-04c1-424b-9868-57a2d4851a1d" relativeResultsDirectory="b22129e2-ed6e-4965-9fe1-abe9580923e2" />
    <UnitTestResult executionId="5ad22c92-87f0-4d36-8664-21aa86e866c8" testId="a89532f2-9366-df90-5e03-76517aae2ef6" testName="xUnitTestProject.CurrencyHelperTests.FormatToStringTest1000(price: 50585.83664522778, expected: &quot;50585.84 zł&quot;)" computerName="DESKTOP-5URQ9PB" duration="00:00:00.0000056" startTime="2022-06-13T21:15:36.9360533+02:00" endTime="2022-06-13T21:15:36.9360535+02:00" testType="13cdc9d9-ddb5-4fa4-a97d-d965ccfc6d4b" outcome="Passed" testListId="8c84fa94-04c1-424b-9868-57a2d4851a1d" relativeResultsDirectory="5ad22c92-87f0-4d36-8664-21aa86e866c8" />
    <UnitTestResult executionId="75630d23-9819-4776-bbb8-ee204855175c" testId="d633a901-6eef-f5d7-952c-569ae3ddce8f" testName="xUnitTestProject.CurrencyHelperTests.FormatToStringTest1000(price: 18023.78504577455, expected: &quot;18023.79 zł&quot;)" computerName="DESKTOP-5URQ9PB" duration="00:00:00.0000038" startTime="2022-06-13T21:15:36.9675546+02:00" endTime="2022-06-13T21:15:36.9675547+02:00" testType="13cdc9d9-ddb5-4fa4-a97d-d965ccfc6d4b" outcome="Passed" testListId="8c84fa94-04c1-424b-9868-57a2d4851a1d" relativeResultsDirectory="75630d23-9819-4776-bbb8-ee204855175c" />
    <UnitTestResult executionId="85e46506-30b5-4e05-acbe-73df43bc904d" testId="e06b8219-62b1-a0bc-a073-2837868b5c0e" testName="xUnitTestProject.CurrencyHelperTests.FormatToStringTest1000(price: 1108.7197928823157, expected: &quot;1108.72 zł&quot;)" computerName="DESKTOP-5URQ9PB" duration="00:00:00.0000056" startTime="2022-06-13T21:15:36.9253570+02:00" endTime="2022-06-13T21:15:36.9253572+02:00" testType="13cdc9d9-ddb5-4fa4-a97d-d965ccfc6d4b" outcome="Passed" testListId="8c84fa94-04c1-424b-9868-57a2d4851a1d" relativeResultsDirectory="85e46506-30b5-4e05-acbe-73df43bc904d" />
    <UnitTestResult executionId="3e71adf5-5a69-4c48-9c66-9e3611d6b555" testId="251bbc15-9ad4-e7e2-3a95-fab7be0e3e27" testName="xUnitTestProject.CurrencyHelperTests.FormatToStringTest1000(price: 21728.91641959963, expected: &quot;21728.92 zł&quot;)" computerName="DESKTOP-5URQ9PB" duration="00:00:00.0000056" startTime="2022-06-13T21:15:36.9436607+02:00" endTime="2022-06-13T21:15:36.9436608+02:00" testType="13cdc9d9-ddb5-4fa4-a97d-d965ccfc6d4b" outcome="Passed" testListId="8c84fa94-04c1-424b-9868-57a2d4851a1d" relativeResultsDirectory="3e71adf5-5a69-4c48-9c66-9e3611d6b555" />
    <UnitTestResult executionId="da448a3e-868b-4a3b-9aa2-f0397a6e4692" testId="0abcfe7a-76aa-b17b-ee97-af3fbbea9a33" testName="xUnitTestProject.CurrencyHelperTests.FormatToStringTest1000(price: 57525.72988993569, expected: &quot;57525.73 zł&quot;)" computerName="DESKTOP-5URQ9PB" duration="00:00:00.0000040" startTime="2022-06-13T21:15:36.9810809+02:00" endTime="2022-06-13T21:15:36.9810810+02:00" testType="13cdc9d9-ddb5-4fa4-a97d-d965ccfc6d4b" outcome="Passed" testListId="8c84fa94-04c1-424b-9868-57a2d4851a1d" relativeResultsDirectory="da448a3e-868b-4a3b-9aa2-f0397a6e4692" />
    <UnitTestResult executionId="eb601577-b630-4903-8b58-bbd57e4e2e23" testId="adafe729-87a5-6f47-8e2f-84195056d442" testName="xUnitTestProject.CurrencyHelperTests.FormatToStringTest1000(price: 55457.96873490278, expected: &quot;55457.97 zł&quot;)" computerName="DESKTOP-5URQ9PB" duration="00:00:00.0000056" startTime="2022-06-13T21:15:36.9352062+02:00" endTime="2022-06-13T21:15:36.9352064+02:00" testType="13cdc9d9-ddb5-4fa4-a97d-d965ccfc6d4b" outcome="Passed" testListId="8c84fa94-04c1-424b-9868-57a2d4851a1d" relativeResultsDirectory="eb601577-b630-4903-8b58-bbd57e4e2e23" />
    <UnitTestResult executionId="70aa9e9d-86c4-4e4d-8b6a-b7f0a77e3ed3" testId="5fe9c184-b316-2ed8-da8c-d7dc0b588adb" testName="xUnitTestProject.CurrencyHelperTests.FormatToStringTest1000(price: 34458.5406463512, expected: &quot;34458.54 zł&quot;)" computerName="DESKTOP-5URQ9PB" duration="00:00:00.0000039" startTime="2022-06-13T21:15:36.9771465+02:00" endTime="2022-06-13T21:15:36.9771467+02:00" testType="13cdc9d9-ddb5-4fa4-a97d-d965ccfc6d4b" outcome="Passed" testListId="8c84fa94-04c1-424b-9868-57a2d4851a1d" relativeResultsDirectory="70aa9e9d-86c4-4e4d-8b6a-b7f0a77e3ed3" />
    <UnitTestResult executionId="4c214c97-4908-4e10-be9c-88d7faeef3e9" testId="37d09489-36bf-8c23-e75f-f494d92ed465" testName="xUnitTestProject.CurrencyHelperTests.FormatToStringTest1000(price: 14218.204344010543, expected: &quot;14218.20 zł&quot;)" computerName="DESKTOP-5URQ9PB" duration="00:00:00.0000045" startTime="2022-06-13T21:15:37.0025944+02:00" endTime="2022-06-13T21:15:37.0025945+02:00" testType="13cdc9d9-ddb5-4fa4-a97d-d965ccfc6d4b" outcome="Passed" testListId="8c84fa94-04c1-424b-9868-57a2d4851a1d" relativeResultsDirectory="4c214c97-4908-4e10-be9c-88d7faeef3e9" />
    <UnitTestResult executionId="da90048b-b0ad-44c0-a6aa-2ec916948d96" testId="b6db6a04-ac79-c80a-e7d6-d9ff2d42f5f4" testName="xUnitTestProject.CurrencyHelperTests.FormatToStringTest1000(price: 75350.77330865282, expected: &quot;75350.77 zł&quot;)" computerName="DESKTOP-5URQ9PB" duration="00:00:00.0000058" startTime="2022-06-13T21:15:36.9381624+02:00" endTime="2022-06-13T21:15:36.9381626+02:00" testType="13cdc9d9-ddb5-4fa4-a97d-d965ccfc6d4b" outcome="Passed" testListId="8c84fa94-04c1-424b-9868-57a2d4851a1d" relativeResultsDirectory="da90048b-b0ad-44c0-a6aa-2ec916948d96" />
    <UnitTestResult executionId="0fb0ecbc-cd30-4d6b-923a-4f33c1093f96" testId="1cc15eeb-9d05-d094-9231-53ade30093a7" testName="xUnitTestProject.CurrencyHelperTests.FormatToStringTest1000(price: 1687.6029180025694, expected: &quot;1687.60 zł&quot;)" computerName="DESKTOP-5URQ9PB" duration="00:00:00.0000118" startTime="2022-06-13T21:15:36.9224219+02:00" endTime="2022-06-13T21:15:36.9224220+02:00" testType="13cdc9d9-ddb5-4fa4-a97d-d965ccfc6d4b" outcome="Passed" testListId="8c84fa94-04c1-424b-9868-57a2d4851a1d" relativeResultsDirectory="0fb0ecbc-cd30-4d6b-923a-4f33c1093f96" />
    <UnitTestResult executionId="c9f9227b-2dc0-4290-b82f-b28c6cd7857f" testId="e8e3664d-13e4-e628-073d-8b88b9f9785c" testName="xUnitTestProject.CurrencyHelperTests.FormatToStringTest1000(price: 32262.93788198984, expected: &quot;32262.94 zł&quot;)" computerName="DESKTOP-5URQ9PB" duration="00:00:00.0000039" startTime="2022-06-13T21:15:37.0014446+02:00" endTime="2022-06-13T21:15:37.0014447+02:00" testType="13cdc9d9-ddb5-4fa4-a97d-d965ccfc6d4b" outcome="Passed" testListId="8c84fa94-04c1-424b-9868-57a2d4851a1d" relativeResultsDirectory="c9f9227b-2dc0-4290-b82f-b28c6cd7857f" />
    <UnitTestResult executionId="9295b32f-4fbb-4ee1-8551-de3b0b045f31" testId="419d247e-1033-df66-fcc5-471a4ec8f5e3" testName="xUnitTestProject.CurrencyHelperTests.FormatToStringTest1000(price: 22557.09603308099, expected: &quot;22557.10 zł&quot;)" computerName="DESKTOP-5URQ9PB" duration="00:00:00.0000044" startTime="2022-06-13T21:15:36.9811736+02:00" endTime="2022-06-13T21:15:36.9811738+02:00" testType="13cdc9d9-ddb5-4fa4-a97d-d965ccfc6d4b" outcome="Passed" testListId="8c84fa94-04c1-424b-9868-57a2d4851a1d" relativeResultsDirectory="9295b32f-4fbb-4ee1-8551-de3b0b045f31" />
    <UnitTestResult executionId="920bb630-862a-41b9-b437-a137a0c0f02f" testId="4d4e339b-9d29-e85f-f9ef-3112de40381f" testName="xUnitTestProject.CurrencyHelperTests.FormatToStringTest1000(price: 27050.586848031067, expected: &quot;27050.59 zł&quot;)" computerName="DESKTOP-5URQ9PB" duration="00:00:00.0000047" startTime="2022-06-13T21:15:36.8914023+02:00" endTime="2022-06-13T21:15:36.8914025+02:00" testType="13cdc9d9-ddb5-4fa4-a97d-d965ccfc6d4b" outcome="Passed" testListId="8c84fa94-04c1-424b-9868-57a2d4851a1d" relativeResultsDirectory="920bb630-862a-41b9-b437-a137a0c0f02f" />
    <UnitTestResult executionId="d66d7f23-b504-4eb8-9c47-5cfc0fbbb385" testId="ef8075a8-e8bb-22f0-871e-f2b168e2c55c" testName="xUnitTestProject.CurrencyHelperTests.FormatToStringTest1000(price: 54275.73209373408, expected: &quot;54275.73 zł&quot;)" computerName="DESKTOP-5URQ9PB" duration="00:00:00.0000039" startTime="2022-06-13T21:15:36.8990049+02:00" endTime="2022-06-13T21:15:36.8990051+02:00" testType="13cdc9d9-ddb5-4fa4-a97d-d965ccfc6d4b" outcome="Passed" testListId="8c84fa94-04c1-424b-9868-57a2d4851a1d" relativeResultsDirectory="d66d7f23-b504-4eb8-9c47-5cfc0fbbb385" />
    <UnitTestResult executionId="acef0760-232c-486f-a0b5-7ad1783719e5" testId="a9fb7030-78aa-b78d-bae0-0e3e80a09140" testName="xUnitTestProject.CurrencyHelperTests.FormatToStringTest1000(price: 485.6735566554933, expected: &quot;485.67 zł&quot;)" computerName="DESKTOP-5URQ9PB" duration="00:00:00.0000040" startTime="2022-06-13T21:15:36.9053712+02:00" endTime="2022-06-13T21:15:36.9053714+02:00" testType="13cdc9d9-ddb5-4fa4-a97d-d965ccfc6d4b" outcome="Passed" testListId="8c84fa94-04c1-424b-9868-57a2d4851a1d" relativeResultsDirectory="acef0760-232c-486f-a0b5-7ad1783719e5" />
    <UnitTestResult executionId="c6924054-4add-4019-a514-375afc3ee48e" testId="ddfa2a9a-e29a-9dfc-0603-2fa2e9e89c67" testName="xUnitTestProject.CurrencyHelperTests.FormatToStringTest1000(price: 24251.68593564848, expected: &quot;24251.69 zł&quot;)" computerName="DESKTOP-5URQ9PB" duration="00:00:00.0000041" startTime="2022-06-13T21:15:36.8967576+02:00" endTime="2022-06-13T21:15:36.8967581+02:00" testType="13cdc9d9-ddb5-4fa4-a97d-d965ccfc6d4b" outcome="Passed" testListId="8c84fa94-04c1-424b-9868-57a2d4851a1d" relativeResultsDirectory="c6924054-4add-4019-a514-375afc3ee48e" />
    <UnitTestResult executionId="71419bb7-b30e-4f2a-8783-a4bb3e40488c" testId="2af17ceb-e4a7-e57a-8e57-17ad33ae72e3" testName="xUnitTestProject.CurrencyHelperTests.FormatToStringTest1000(price: 22281.48592587257, expected: &quot;22281.49 zł&quot;)" computerName="DESKTOP-5URQ9PB" duration="00:00:00.0000040" startTime="2022-06-13T21:15:36.8992293+02:00" endTime="2022-06-13T21:15:36.8992294+02:00" testType="13cdc9d9-ddb5-4fa4-a97d-d965ccfc6d4b" outcome="Passed" testListId="8c84fa94-04c1-424b-9868-57a2d4851a1d" relativeResultsDirectory="71419bb7-b30e-4f2a-8783-a4bb3e40488c" />
    <UnitTestResult executionId="a5ecdc5c-d058-44b7-8f45-1bc4961188cf" testId="e97847d9-9bdd-db77-8bd9-477fffb0c503" testName="xUnitTestProject.CurrencyHelperTests.FormatToStringTest1000(price: 765.778932784581, expected: &quot;765.78 zł&quot;)" computerName="DESKTOP-5URQ9PB" duration="00:00:00.0000039" startTime="2022-06-13T21:15:36.9790638+02:00" endTime="2022-06-13T21:15:36.9790639+02:00" testType="13cdc9d9-ddb5-4fa4-a97d-d965ccfc6d4b" outcome="Passed" testListId="8c84fa94-04c1-424b-9868-57a2d4851a1d" relativeResultsDirectory="a5ecdc5c-d058-44b7-8f45-1bc4961188cf" />
    <UnitTestResult executionId="aa0469a2-5e63-43f7-b293-ae3cbce9ea36" testId="9cf8eb03-8fbc-6ccc-0fef-ebebfde3ba22" testName="xUnitTestProject.CurrencyHelperTests.FormatToStringTest1000(price: 7407.385606687696, expected: &quot;7407.39 zł&quot;)" computerName="DESKTOP-5URQ9PB" duration="00:00:00.0000058" startTime="2022-06-13T21:15:36.9467524+02:00" endTime="2022-06-13T21:15:36.9467526+02:00" testType="13cdc9d9-ddb5-4fa4-a97d-d965ccfc6d4b" outcome="Passed" testListId="8c84fa94-04c1-424b-9868-57a2d4851a1d" relativeResultsDirectory="aa0469a2-5e63-43f7-b293-ae3cbce9ea36" />
    <UnitTestResult executionId="a8edcfa9-d00f-45f9-a9fc-f7932594b603" testId="eb81fa5f-83e5-54db-0bb8-c928bd6f40f1" testName="xUnitTestProject.CurrencyHelperTests.FormatToStringTest1000(price: 12221.10494323592, expected: &quot;12221.10 zł&quot;)" computerName="DESKTOP-5URQ9PB" duration="00:00:00.0000054" startTime="2022-06-13T21:15:36.9313206+02:00" endTime="2022-06-13T21:15:36.9313207+02:00" testType="13cdc9d9-ddb5-4fa4-a97d-d965ccfc6d4b" outcome="Passed" testListId="8c84fa94-04c1-424b-9868-57a2d4851a1d" relativeResultsDirectory="a8edcfa9-d00f-45f9-a9fc-f7932594b603" />
    <UnitTestResult executionId="96721ebb-194e-43ed-a510-286bde9485f4" testId="502c40b3-55a9-ed63-c19a-b15f001d74e2" testName="xUnitTestProject.CurrencyHelperTests.FormatToStringTest1000(price: 66019.32414194118, expected: &quot;66019.32 zł&quot;)" computerName="DESKTOP-5URQ9PB" duration="00:00:00.0000064" startTime="2022-06-13T21:15:36.9330366+02:00" endTime="2022-06-13T21:15:36.9330369+02:00" testType="13cdc9d9-ddb5-4fa4-a97d-d965ccfc6d4b" outcome="Passed" testListId="8c84fa94-04c1-424b-9868-57a2d4851a1d" relativeResultsDirectory="96721ebb-194e-43ed-a510-286bde9485f4" />
    <UnitTestResult executionId="6c6ce39f-f9b6-4bd1-8b44-74d867d142cb" testId="5f3735b0-854d-d423-adfb-f959d02e73f7" testName="xUnitTestProject.CurrencyHelperTests.FormatToStringTest1000(price: 7671.0039663785155, expected: &quot;7671.00 zł&quot;)" computerName="DESKTOP-5URQ9PB" duration="00:00:00.0000040" startTime="2022-06-13T21:15:36.8957180+02:00" endTime="2022-06-13T21:15:36.8957182+02:00" testType="13cdc9d9-ddb5-4fa4-a97d-d965ccfc6d4b" outcome="Passed" testListId="8c84fa94-04c1-424b-9868-57a2d4851a1d" relativeResultsDirectory="6c6ce39f-f9b6-4bd1-8b44-74d867d142cb" />
    <UnitTestResult executionId="284b6c6f-0ed9-46ab-ba95-8219c13a39c5" testId="f8f9d6d7-bbea-21e2-5568-87ea7f6744b9" testName="xUnitTestProject.CurrencyHelperTests.FormatToStringTest1000(price: 73151.83675918348, expected: &quot;73151.84 zł&quot;)" computerName="DESKTOP-5URQ9PB" duration="00:00:00.0000040" startTime="2022-06-13T21:15:36.8926246+02:00" endTime="2022-06-13T21:15:36.8926247+02:00" testType="13cdc9d9-ddb5-4fa4-a97d-d965ccfc6d4b" outcome="Passed" testListId="8c84fa94-04c1-424b-9868-57a2d4851a1d" relativeResultsDirectory="284b6c6f-0ed9-46ab-ba95-8219c13a39c5" />
    <UnitTestResult executionId="820a064f-0f2d-43b7-8c6b-2dee47077514" testId="73bcea4a-0bf6-aaca-b16b-8e4d59f9059e" testName="xUnitTestProject.CurrencyHelperTests.FormatToStringTest1000(price: 6946.333318357977, expected: &quot;6946.33 zł&quot;)" computerName="DESKTOP-5URQ9PB" duration="00:00:00.0000056" startTime="2022-06-13T21:15:36.9283007+02:00" endTime="2022-06-13T21:15:36.9283009+02:00" testType="13cdc9d9-ddb5-4fa4-a97d-d965ccfc6d4b" outcome="Passed" testListId="8c84fa94-04c1-424b-9868-57a2d4851a1d" relativeResultsDirectory="820a064f-0f2d-43b7-8c6b-2dee47077514" />
    <UnitTestResult executionId="dc10b745-d860-4618-a68d-b73081ffea23" testId="112056a7-90b6-3caa-8868-b79786565857" testName="xUnitTestProject.CurrencyHelperTests.FormatToStringTest1000(price: 20552.966022956633, expected: &quot;20552.97 zł&quot;)" computerName="DESKTOP-5URQ9PB" duration="00:00:00.0000039" startTime="2022-06-13T21:15:36.9065264+02:00" endTime="2022-06-13T21:15:36.9065266+02:00" testType="13cdc9d9-ddb5-4fa4-a97d-d965ccfc6d4b" outcome="Passed" testListId="8c84fa94-04c1-424b-9868-57a2d4851a1d" relativeResultsDirectory="dc10b745-d860-4618-a68d-b73081ffea23" />
    <UnitTestResult executionId="e4fadef4-5a34-4005-8b9a-18e163357299" testId="0d82bc84-08a9-ffda-b09d-d44b4e74eec6" testName="xUnitTestProject.CurrencyHelperTests.FormatToStringTest1000(price: 28987.862854782896, expected: &quot;28987.86 zł&quot;)" computerName="DESKTOP-5URQ9PB" duration="00:00:00.0000048" startTime="2022-06-13T21:15:36.9782763+02:00" endTime="2022-06-13T21:15:36.9782765+02:00" testType="13cdc9d9-ddb5-4fa4-a97d-d965ccfc6d4b" outcome="Passed" testListId="8c84fa94-04c1-424b-9868-57a2d4851a1d" relativeResultsDirectory="e4fadef4-5a34-4005-8b9a-18e163357299" />
    <UnitTestResult executionId="c469fd66-d28e-4939-83be-2e7200158af9" testId="bf0f3eb7-c08a-24a8-fd8d-3d7e3051107b" testName="xUnitTestProject.CurrencyHelperTests.FormatToStringTest1000(price: 88584.97010041306, expected: &quot;88584.97 zł&quot;)" computerName="DESKTOP-5URQ9PB" duration="00:00:00.0000040" startTime="2022-06-13T21:15:36.9666290+02:00" endTime="2022-06-13T21:15:36.9666291+02:00" testType="13cdc9d9-ddb5-4fa4-a97d-d965ccfc6d4b" outcome="Passed" testListId="8c84fa94-04c1-424b-9868-57a2d4851a1d" relativeResultsDirectory="c469fd66-d28e-4939-83be-2e7200158af9" />
    <UnitTestResult executionId="0d4a60cd-6f79-4066-a508-465159cda91b" testId="cd41d103-9666-3d37-803b-9b59446c01c4" testName="xUnitTestProject.CurrencyHelperTests.FormatToStringTest1000(price: 28455.229970996843, expected: &quot;28455.23 zł&quot;)" computerName="DESKTOP-5URQ9PB" duration="00:00:00.0000053" startTime="2022-06-13T21:15:36.9157336+02:00" endTime="2022-06-13T21:15:36.9157337+02:00" testType="13cdc9d9-ddb5-4fa4-a97d-d965ccfc6d4b" outcome="Passed" testListId="8c84fa94-04c1-424b-9868-57a2d4851a1d" relativeResultsDirectory="0d4a60cd-6f79-4066-a508-465159cda91b" />
    <UnitTestResult executionId="78505d7e-b323-4f1a-8ccf-6a2e517411a4" testId="c0f25143-2b07-04f3-95cc-c9746948afb7" testName="xUnitTestProject.CurrencyHelperTests.FormatToStringTest1000(price: 4554.73912809777, expected: &quot;4554.74 zł&quot;)" computerName="DESKTOP-5URQ9PB" duration="00:00:00.0000056" startTime="2022-06-13T21:15:36.9519150+02:00" endTime="2022-06-13T21:15:36.9519152+02:00" testType="13cdc9d9-ddb5-4fa4-a97d-d965ccfc6d4b" outcome="Passed" testListId="8c84fa94-04c1-424b-9868-57a2d4851a1d" relativeResultsDirectory="78505d7e-b323-4f1a-8ccf-6a2e517411a4" />
    <UnitTestResult executionId="433c544d-e057-48f5-b136-88276b136f35" testId="d28e2add-d838-2ebe-df2d-b5dd0d3b773e" testName="xUnitTestProject.CurrencyHelperTests.FormatToStringTest1000(price: 1751.7703038522834, expected: &quot;1751.77 zł&quot;)" computerName="DESKTOP-5URQ9PB" duration="00:00:00.0000058" startTime="2022-06-13T21:15:36.9469771+02:00" endTime="2022-06-13T21:15:36.9469773+02:00" testType="13cdc9d9-ddb5-4fa4-a97d-d965ccfc6d4b" outcome="Passed" testListId="8c84fa94-04c1-424b-9868-57a2d4851a1d" relativeResultsDirectory="433c544d-e057-48f5-b136-88276b136f35" />
    <UnitTestResult executionId="1c433f4e-dd90-4dbc-866c-6f7786f0ca4a" testId="b828fc0d-bf07-676e-b8c0-6e0aa44c3171" testName="xUnitTestProject.CurrencyHelperTests.FormatToStringTest1000(price: 20527.270339210645, expected: &quot;20527.27 zł&quot;)" computerName="DESKTOP-5URQ9PB" duration="00:00:00.0000056" startTime="2022-06-13T21:15:36.9627242+02:00" endTime="2022-06-13T21:15:36.9627243+02:00" testType="13cdc9d9-ddb5-4fa4-a97d-d965ccfc6d4b" outcome="Passed" testListId="8c84fa94-04c1-424b-9868-57a2d4851a1d" relativeResultsDirectory="1c433f4e-dd90-4dbc-866c-6f7786f0ca4a" />
    <UnitTestResult executionId="461fe18f-b3a6-4910-8042-5eb5337e2c08" testId="b59817a2-024b-f794-3f46-68714948a01a" testName="xUnitTestProject.CurrencyHelperTests.FormatToStringTest1000(price: 740.3213011405064, expected: &quot;740.32 zł&quot;)" computerName="DESKTOP-5URQ9PB" duration="00:00:00.0000056" startTime="2022-06-13T21:15:36.9456424+02:00" endTime="2022-06-13T21:15:36.9456428+02:00" testType="13cdc9d9-ddb5-4fa4-a97d-d965ccfc6d4b" outcome="Passed" testListId="8c84fa94-04c1-424b-9868-57a2d4851a1d" relativeResultsDirectory="461fe18f-b3a6-4910-8042-5eb5337e2c08" />
    <UnitTestResult executionId="d8222ed0-d2e6-4ea7-9719-e7eea308abc3" testId="a7d85aa3-fa07-4a18-0790-c9a84b87bfbf" testName="xUnitTestProject.CurrencyHelperTests.FormatToStringTest1000(price: 38614.292320713066, expected: &quot;38614.29 zł&quot;)" computerName="DESKTOP-5URQ9PB" duration="00:00:00.0000039" startTime="2022-06-13T21:15:36.9948955+02:00" endTime="2022-06-13T21:15:36.9948957+02:00" testType="13cdc9d9-ddb5-4fa4-a97d-d965ccfc6d4b" outcome="Passed" testListId="8c84fa94-04c1-424b-9868-57a2d4851a1d" relativeResultsDirectory="d8222ed0-d2e6-4ea7-9719-e7eea308abc3" />
    <UnitTestResult executionId="ffdfc587-cad3-4517-b9a0-143ce5d9a4c6" testId="c08a791c-2a2e-8ef9-53c2-680714283837" testName="xUnitTestProject.CurrencyHelperTests.FormatToStringTest1000(price: 10511.7304983189, expected: &quot;10511.73 zł&quot;)" computerName="DESKTOP-5URQ9PB" duration="00:00:00.0000039" startTime="2022-06-13T21:15:36.9075768+02:00" endTime="2022-06-13T21:15:36.9075769+02:00" testType="13cdc9d9-ddb5-4fa4-a97d-d965ccfc6d4b" outcome="Passed" testListId="8c84fa94-04c1-424b-9868-57a2d4851a1d" relativeResultsDirectory="ffdfc587-cad3-4517-b9a0-143ce5d9a4c6" />
    <UnitTestResult executionId="05ef0107-df3e-4dd0-b459-a1af138a9427" testId="77e25ad7-ee15-446a-9252-d1385f25c4e7" testName="xUnitTestProject.CurrencyHelperTests.FormatToStringTest1000(price: 19609.759296997803, expected: &quot;19609.76 zł&quot;)" computerName="DESKTOP-5URQ9PB" duration="00:00:00.0000060" startTime="2022-06-13T21:15:36.9468208+02:00" endTime="2022-06-13T21:15:36.9468210+02:00" testType="13cdc9d9-ddb5-4fa4-a97d-d965ccfc6d4b" outcome="Passed" testListId="8c84fa94-04c1-424b-9868-57a2d4851a1d" relativeResultsDirectory="05ef0107-df3e-4dd0-b459-a1af138a9427" />
    <UnitTestResult executionId="53428213-3226-4cea-bb24-55072c7032f8" testId="77cb819c-64b0-1e13-63d3-0049263e7e77" testName="xUnitTestProject.CurrencyHelperTests.FormatToStringTest1000(price: 39146.635743126564, expected: &quot;39146.64 zł&quot;)" computerName="DESKTOP-5URQ9PB" duration="00:00:00.0000038" startTime="2022-06-13T21:15:36.9205965+02:00" endTime="2022-06-13T21:15:36.9205967+02:00" testType="13cdc9d9-ddb5-4fa4-a97d-d965ccfc6d4b" outcome="Passed" testListId="8c84fa94-04c1-424b-9868-57a2d4851a1d" relativeResultsDirectory="53428213-3226-4cea-bb24-55072c7032f8" />
    <UnitTestResult executionId="cb1144dc-b5f6-4b4c-bdd6-afb2f962c5ae" testId="ca7cf147-8883-8578-944a-0bb9c4bca4f5" testName="xUnitTestProject.CurrencyHelperTests.FormatToStringTest1000(price: 47393.54939526671, expected: &quot;47393.55 zł&quot;)" computerName="DESKTOP-5URQ9PB" duration="00:00:00.0000041" startTime="2022-06-13T21:15:36.8915304+02:00" endTime="2022-06-13T21:15:36.8915305+02:00" testType="13cdc9d9-ddb5-4fa4-a97d-d965ccfc6d4b" outcome="Passed" testListId="8c84fa94-04c1-424b-9868-57a2d4851a1d" relativeResultsDirectory="cb1144dc-b5f6-4b4c-bdd6-afb2f962c5ae" />
    <UnitTestResult executionId="212d13fd-d331-4884-ad7f-a270ac91daff" testId="a5d2d781-ed08-2478-bb45-1d4f50c82554" testName="xUnitTestProject.CurrencyHelperTests.FormatToStringTest1000(price: 5611.05334835176, expected: &quot;5611.05 zł&quot;)" computerName="DESKTOP-5URQ9PB" duration="00:00:00.0000041" startTime="2022-06-13T21:15:36.9811428+02:00" endTime="2022-06-13T21:15:36.9811429+02:00" testType="13cdc9d9-ddb5-4fa4-a97d-d965ccfc6d4b" outcome="Passed" testListId="8c84fa94-04c1-424b-9868-57a2d4851a1d" relativeResultsDirectory="212d13fd-d331-4884-ad7f-a270ac91daff" />
    <UnitTestResult executionId="cb025a6e-5494-4a9d-8fa8-340bb3620b8a" testId="d74171b4-c8ee-1912-2996-ae0e2e26eb23" testName="xUnitTestProject.CurrencyHelperTests.FormatToStringTest1000(price: 1745.490603896552, expected: &quot;1745.49 zł&quot;)" computerName="DESKTOP-5URQ9PB" duration="00:00:00.0000058" startTime="2022-06-13T21:15:36.9391963+02:00" endTime="2022-06-13T21:15:36.9391965+02:00" testType="13cdc9d9-ddb5-4fa4-a97d-d965ccfc6d4b" outcome="Passed" testListId="8c84fa94-04c1-424b-9868-57a2d4851a1d" relativeResultsDirectory="cb025a6e-5494-4a9d-8fa8-340bb3620b8a" />
    <UnitTestResult executionId="04f6b26a-9c81-4530-baa6-0f40a1894bbe" testId="96c01fa6-5d4d-3d03-7186-21835a01bdc8" testName="xUnitTestProject.CurrencyHelperTests.FormatToStringTest1000(price: 14920.620598662934, expected: &quot;14920.62 zł&quot;)" computerName="DESKTOP-5URQ9PB" duration="00:00:00.0000040" startTime="2022-06-13T21:15:36.8936774+02:00" endTime="2022-06-13T21:15:36.8936775+02:00" testType="13cdc9d9-ddb5-4fa4-a97d-d965ccfc6d4b" outcome="Passed" testListId="8c84fa94-04c1-424b-9868-57a2d4851a1d" relativeResultsDirectory="04f6b26a-9c81-4530-baa6-0f40a1894bbe" />
    <UnitTestResult executionId="02abefbd-be90-48b4-be28-86b02e335d45" testId="8a9d7602-dc5d-c902-e8f4-8ad4401141f1" testName="xUnitTestProject.CurrencyHelperTests.FormatToStringTest1000(price: 15411.371650797022, expected: &quot;15411.37 zł&quot;)" computerName="DESKTOP-5URQ9PB" duration="00:00:00.0000037" startTime="2022-06-13T21:15:36.9106804+02:00" endTime="2022-06-13T21:15:36.9106806+02:00" testType="13cdc9d9-ddb5-4fa4-a97d-d965ccfc6d4b" outcome="Passed" testListId="8c84fa94-04c1-424b-9868-57a2d4851a1d" relativeResultsDirectory="02abefbd-be90-48b4-be28-86b02e335d45" />
    <UnitTestResult executionId="22dc868e-aa9f-4fe2-9bca-5541774021b1" testId="384612ec-11e1-c891-3d7e-9db254e6a2b4" testName="xUnitTestProject.CurrencyHelperTests.FormatToStringTest1000(price: 25990.318498101697, expected: &quot;25990.32 zł&quot;)" computerName="DESKTOP-5URQ9PB" duration="00:00:00.0000056" startTime="2022-06-13T21:15:36.9302629+02:00" endTime="2022-06-13T21:15:36.9302631+02:00" testType="13cdc9d9-ddb5-4fa4-a97d-d965ccfc6d4b" outcome="Passed" testListId="8c84fa94-04c1-424b-9868-57a2d4851a1d" relativeResultsDirectory="22dc868e-aa9f-4fe2-9bca-5541774021b1" />
    <UnitTestResult executionId="529c6aab-c55b-4a9a-b902-a9caacbcf785" testId="7514081f-0084-9527-726e-372a541e02c5" testName="xUnitTestProject.CurrencyHelperTests.FormatToStringTest1000(price: 32632.105531036905, expected: &quot;32632.11 zł&quot;)" computerName="DESKTOP-5URQ9PB" duration="00:00:00.0000073" startTime="2022-06-13T21:15:36.9156990+02:00" endTime="2022-06-13T21:15:36.9156994+02:00" testType="13cdc9d9-ddb5-4fa4-a97d-d965ccfc6d4b" outcome="Passed" testListId="8c84fa94-04c1-424b-9868-57a2d4851a1d" relativeResultsDirectory="529c6aab-c55b-4a9a-b902-a9caacbcf785" />
    <UnitTestResult executionId="909f5168-5427-418a-beaf-596adeb21a64" testId="2ebec913-cd49-9310-605b-052ec9777212" testName="xUnitTestProject.CurrencyHelperTests.FormatToStringTest1000(price: 97129.75160633575, expected: &quot;97129.75 zł&quot;)" computerName="DESKTOP-5URQ9PB" duration="00:00:00.0000039" startTime="2022-06-13T21:15:36.9868523+02:00" endTime="2022-06-13T21:15:36.9868525+02:00" testType="13cdc9d9-ddb5-4fa4-a97d-d965ccfc6d4b" outcome="Passed" testListId="8c84fa94-04c1-424b-9868-57a2d4851a1d" relativeResultsDirectory="909f5168-5427-418a-beaf-596adeb21a64" />
    <UnitTestResult executionId="c739dfa4-bec2-492f-ada4-a4813931bba7" testId="72e011e2-bf27-7ea5-75f9-295f8504211f" testName="xUnitTestProject.CurrencyHelperTests.FormatToStringTest1000(price: 40889.35187774214, expected: &quot;40889.35 zł&quot;)" computerName="DESKTOP-5URQ9PB" duration="00:00:00.0000038" startTime="2022-06-13T21:15:36.9772391+02:00" endTime="2022-06-13T21:15:36.9772393+02:00" testType="13cdc9d9-ddb5-4fa4-a97d-d965ccfc6d4b" outcome="Passed" testListId="8c84fa94-04c1-424b-9868-57a2d4851a1d" relativeResultsDirectory="c739dfa4-bec2-492f-ada4-a4813931bba7" />
    <UnitTestResult executionId="15090687-0fb3-4c80-8421-7095d0c3997f" testId="0751b11b-a6a8-a4ef-30e1-f910838570cb" testName="xUnitTestProject.CurrencyHelperTests.FormatToStringTest1000(price: 20752.33758466334, expected: &quot;20752.34 zł&quot;)" computerName="DESKTOP-5URQ9PB" duration="00:00:00.0000041" startTime="2022-06-13T21:15:36.9899957+02:00" endTime="2022-06-13T21:15:36.9899958+02:00" testType="13cdc9d9-ddb5-4fa4-a97d-d965ccfc6d4b" outcome="Passed" testListId="8c84fa94-04c1-424b-9868-57a2d4851a1d" relativeResultsDirectory="15090687-0fb3-4c80-8421-7095d0c3997f" />
    <UnitTestResult executionId="71b150da-b80f-4040-b876-e43fd0effde3" testId="dbb67156-6168-60a5-400a-6afe6eb000f2" testName="xUnitTestProject.CurrencyHelperTests.FormatToStringTest1000(price: 40400.9734049295, expected: &quot;40400.97 zł&quot;)" computerName="DESKTOP-5URQ9PB" duration="00:00:00.0000056" startTime="2022-06-13T21:15:36.9392587+02:00" endTime="2022-06-13T21:15:36.9392588+02:00" testType="13cdc9d9-ddb5-4fa4-a97d-d965ccfc6d4b" outcome="Passed" testListId="8c84fa94-04c1-424b-9868-57a2d4851a1d" relativeResultsDirectory="71b150da-b80f-4040-b876-e43fd0effde3" />
    <UnitTestResult executionId="6984d562-6e17-4034-9aae-4aa404f5af6f" testId="0d808795-ca9e-3ec0-5d7b-6c498dbb0495" testName="xUnitTestProject.CurrencyHelperTests.FormatToStringTest1000(price: 57436.33241095409, expected: &quot;57436.33 zł&quot;)" computerName="DESKTOP-5URQ9PB" duration="00:00:00.0000056" startTime="2022-06-13T21:15:36.9253879+02:00" endTime="2022-06-13T21:15:36.9253881+02:00" testType="13cdc9d9-ddb5-4fa4-a97d-d965ccfc6d4b" outcome="Passed" testListId="8c84fa94-04c1-424b-9868-57a2d4851a1d" relativeResultsDirectory="6984d562-6e17-4034-9aae-4aa404f5af6f" />
    <UnitTestResult executionId="2568f5d2-3d0b-434f-9049-fd585f12fa0d" testId="787cef43-2dc9-190c-2e64-d5af6533289b" testName="xUnitTestProject.CurrencyHelperTests.FormatToStringTest1000(price: 32908.76696502639, expected: &quot;32908.77 zł&quot;)" computerName="DESKTOP-5URQ9PB" duration="00:00:00.0000038" startTime="2022-06-13T21:15:36.9196734+02:00" endTime="2022-06-13T21:15:36.9196736+02:00" testType="13cdc9d9-ddb5-4fa4-a97d-d965ccfc6d4b" outcome="Passed" testListId="8c84fa94-04c1-424b-9868-57a2d4851a1d" relativeResultsDirectory="2568f5d2-3d0b-434f-9049-fd585f12fa0d" />
    <UnitTestResult executionId="1495954d-36a1-46e8-a909-63b46238de8d" testId="017ca1fc-bbca-8181-b3ea-3373763e884b" testName="xUnitTestProject.CurrencyHelperTests.FormatToStringTest1000(price: 51632.87002968503, expected: &quot;51632.87 zł&quot;)" computerName="DESKTOP-5URQ9PB" duration="00:00:00.0000039" startTime="2022-06-13T21:15:36.9169055+02:00" endTime="2022-06-13T21:15:36.9169056+02:00" testType="13cdc9d9-ddb5-4fa4-a97d-d965ccfc6d4b" outcome="Passed" testListId="8c84fa94-04c1-424b-9868-57a2d4851a1d" relativeResultsDirectory="1495954d-36a1-46e8-a909-63b46238de8d" />
    <UnitTestResult executionId="50938e4f-9ed4-4064-9b61-92733bf97415" testId="68aeee53-b239-e7d6-6e18-da94fac3a451" testName="xUnitTestProject.CurrencyHelperTests.FormatToStringTest1000(price: 43858.624379632354, expected: &quot;43858.62 zł&quot;)" computerName="DESKTOP-5URQ9PB" duration="00:00:00.0000039" startTime="2022-06-13T21:15:36.9939003+02:00" endTime="2022-06-13T21:15:36.9939005+02:00" testType="13cdc9d9-ddb5-4fa4-a97d-d965ccfc6d4b" outcome="Passed" testListId="8c84fa94-04c1-424b-9868-57a2d4851a1d" relativeResultsDirectory="50938e4f-9ed4-4064-9b61-92733bf97415" />
    <UnitTestResult executionId="f17388a5-f4d3-4b25-8d62-696098858160" testId="e59747a8-433f-61a0-e952-9d5b29617a9f" testName="xUnitTestProject.CurrencyHelperTests.FormatToStringTest1000(price: 28155.26504817664, expected: &quot;28155.27 zł&quot;)" computerName="DESKTOP-5URQ9PB" duration="00:00:00.0000041" startTime="2022-06-13T21:15:36.9075460+02:00" endTime="2022-06-13T21:15:36.9075461+02:00" testType="13cdc9d9-ddb5-4fa4-a97d-d965ccfc6d4b" outcome="Passed" testListId="8c84fa94-04c1-424b-9868-57a2d4851a1d" relativeResultsDirectory="f17388a5-f4d3-4b25-8d62-696098858160" />
    <UnitTestResult executionId="ddae48fa-88fc-4554-9571-4efbf320a691" testId="03249ab3-78a8-f0c2-3edd-fa3544db15c9" testName="xUnitTestProject.CurrencyHelperTests.FormatToStringTest1000(price: 25084.19182667238, expected: &quot;25084.19 zł&quot;)" computerName="DESKTOP-5URQ9PB" duration="00:00:00.0000039" startTime="2022-06-13T21:15:36.9139092+02:00" endTime="2022-06-13T21:15:36.9139093+02:00" testType="13cdc9d9-ddb5-4fa4-a97d-d965ccfc6d4b" outcome="Passed" testListId="8c84fa94-04c1-424b-9868-57a2d4851a1d" relativeResultsDirectory="ddae48fa-88fc-4554-9571-4efbf320a691" />
    <UnitTestResult executionId="608cb7db-6753-413a-9848-398b171cddad" testId="7e29f92d-fa8b-6742-a856-fa32047034c5" testName="xUnitTestProject.CurrencyHelperTests.FormatToStringTest1000(price: 16825.83099003268, expected: &quot;16825.83 zł&quot;)" computerName="DESKTOP-5URQ9PB" duration="00:00:00.0000039" startTime="2022-06-13T21:15:36.9940253+02:00" endTime="2022-06-13T21:15:36.9940254+02:00" testType="13cdc9d9-ddb5-4fa4-a97d-d965ccfc6d4b" outcome="Passed" testListId="8c84fa94-04c1-424b-9868-57a2d4851a1d" relativeResultsDirectory="608cb7db-6753-413a-9848-398b171cddad" />
    <UnitTestResult executionId="3ebbeb75-113f-47c1-bc76-18cfca58c367" testId="1400f8ec-69fd-4b7f-6a20-9938aff67002" testName="xUnitTestProject.CurrencyHelperTests.FormatToStringTest1000(price: 29917.15005391145, expected: &quot;29917.15 zł&quot;)" computerName="DESKTOP-5URQ9PB" duration="00:00:00.0000040" startTime="2022-06-13T21:15:36.9108158+02:00" endTime="2022-06-13T21:15:36.9108160+02:00" testType="13cdc9d9-ddb5-4fa4-a97d-d965ccfc6d4b" outcome="Passed" testListId="8c84fa94-04c1-424b-9868-57a2d4851a1d" relativeResultsDirectory="3ebbeb75-113f-47c1-bc76-18cfca58c367" />
    <UnitTestResult executionId="d0e92df2-6087-487b-ac59-07b8842f65a9" testId="a00a0db9-3140-48ef-5f63-6a059b1f6f40" testName="xUnitTestProject.CurrencyHelperTests.FormatToStringTest1000(price: 8908.080586221107, expected: &quot;8908.08 zł&quot;)" computerName="DESKTOP-5URQ9PB" duration="00:00:00.0000041" startTime="2022-06-13T21:15:36.9830294+02:00" endTime="2022-06-13T21:15:36.9830296+02:00" testType="13cdc9d9-ddb5-4fa4-a97d-d965ccfc6d4b" outcome="Passed" testListId="8c84fa94-04c1-424b-9868-57a2d4851a1d" relativeResultsDirectory="d0e92df2-6087-487b-ac59-07b8842f65a9" />
    <UnitTestResult executionId="451efc82-5347-45b1-81ed-d9379abcc83a" testId="2253269e-957f-9bba-378c-fb3e844bd0a1" testName="xUnitTestProject.CurrencyHelperTests.FormatToStringTest1000(price: 13027.93935961739, expected: &quot;13027.94 zł&quot;)" computerName="DESKTOP-5URQ9PB" duration="00:00:00.0000059" startTime="2022-06-13T21:15:36.9578188+02:00" endTime="2022-06-13T21:15:36.9578189+02:00" testType="13cdc9d9-ddb5-4fa4-a97d-d965ccfc6d4b" outcome="Passed" testListId="8c84fa94-04c1-424b-9868-57a2d4851a1d" relativeResultsDirectory="451efc82-5347-45b1-81ed-d9379abcc83a" />
    <UnitTestResult executionId="dc379f12-1d1d-4a4b-89d7-3bd785d64bdf" testId="a69afd9b-81e8-28e1-2371-18b74a947656" testName="xUnitTestProject.CurrencyHelperTests.FormatToStringTest1000(price: 12903.541202012237, expected: &quot;12903.54 zł&quot;)" computerName="DESKTOP-5URQ9PB" duration="00:00:00.0000056" startTime="2022-06-13T21:15:36.9272379+02:00" endTime="2022-06-13T21:15:36.9272383+02:00" testType="13cdc9d9-ddb5-4fa4-a97d-d965ccfc6d4b" outcome="Passed" testListId="8c84fa94-04c1-424b-9868-57a2d4851a1d" relativeResultsDirectory="dc379f12-1d1d-4a4b-89d7-3bd785d64bdf" />
    <UnitTestResult executionId="adfce95e-1f41-4b48-a91d-818f58541917" testId="331cc2f7-a1fa-edcf-e9a4-854a4876fe8a" testName="xUnitTestProject.CurrencyHelperTests.FormatToStringTest1000(price: 79764.77845563217, expected: &quot;79764.78 zł&quot;)" computerName="DESKTOP-5URQ9PB" duration="00:00:00.0000040" startTime="2022-06-13T21:15:36.8981765+02:00" endTime="2022-06-13T21:15:36.8981767+02:00" testType="13cdc9d9-ddb5-4fa4-a97d-d965ccfc6d4b" outcome="Passed" testListId="8c84fa94-04c1-424b-9868-57a2d4851a1d" relativeResultsDirectory="adfce95e-1f41-4b48-a91d-818f58541917" />
    <UnitTestResult executionId="bc397797-a960-4f8e-bd92-270cfdd91b77" testId="4ef75591-ffb4-d566-94c9-bda5f50552b9" testName="xUnitTestProject.CurrencyHelperTests.FormatToStringTest1000(price: 17000.070169619317, expected: &quot;17000.07 zł&quot;)" computerName="DESKTOP-5URQ9PB" duration="00:00:00.0000056" startTime="2022-06-13T21:15:36.9579731+02:00" endTime="2022-06-13T21:15:36.9579732+02:00" testType="13cdc9d9-ddb5-4fa4-a97d-d965ccfc6d4b" outcome="Passed" testListId="8c84fa94-04c1-424b-9868-57a2d4851a1d" relativeResultsDirectory="bc397797-a960-4f8e-bd92-270cfdd91b77" />
    <UnitTestResult executionId="c50b2158-bbcb-443c-81d7-21593d30b824" testId="ff67ffea-ea63-9682-e246-a48f70d1fb56" testName="xUnitTestProject.CurrencyHelperTests.FormatToStringTest1000(price: 41368.29672956015, expected: &quot;41368.30 zł&quot;)" computerName="DESKTOP-5URQ9PB" duration="00:00:00.0000058" startTime="2022-06-13T21:15:36.9393201+02:00" endTime="2022-06-13T21:15:36.9393202+02:00" testType="13cdc9d9-ddb5-4fa4-a97d-d965ccfc6d4b" outcome="Passed" testListId="8c84fa94-04c1-424b-9868-57a2d4851a1d" relativeResultsDirectory="c50b2158-bbcb-443c-81d7-21593d30b824" />
    <UnitTestResult executionId="9e7280a1-2a6e-4179-a03c-aa7733d909be" testId="a1056dc3-d634-deb8-6537-d1daee422b62" testName="xUnitTestProject.CurrencyHelperTests.FormatToStringTest1000(price: 9503.466049463705, expected: &quot;9503.47 zł&quot;)" computerName="DESKTOP-5URQ9PB" duration="00:00:00.0000113" startTime="2022-06-13T21:15:36.9235954+02:00" endTime="2022-06-13T21:15:36.9235955+02:00" testType="13cdc9d9-ddb5-4fa4-a97d-d965ccfc6d4b" outcome="Passed" testListId="8c84fa94-04c1-424b-9868-57a2d4851a1d" relativeResultsDirectory="9e7280a1-2a6e-4179-a03c-aa7733d909be" />
    <UnitTestResult executionId="00158507-846e-4454-9b4d-2f28fee50c48" testId="9764b852-f92a-9e33-a48d-5ba73babe5d1" testName="xUnitTestProject.CurrencyHelperTests.FormatToStringTest1000(price: 24024.14691439557, expected: &quot;24024.15 zł&quot;)" computerName="DESKTOP-5URQ9PB" duration="00:00:00.0000039" startTime="2022-06-13T21:15:36.9097475+02:00" endTime="2022-06-13T21:15:36.9097477+02:00" testType="13cdc9d9-ddb5-4fa4-a97d-d965ccfc6d4b" outcome="Passed" testListId="8c84fa94-04c1-424b-9868-57a2d4851a1d" relativeResultsDirectory="00158507-846e-4454-9b4d-2f28fee50c48" />
    <UnitTestResult executionId="282156c0-b20b-48c8-831f-87e8f5aad11c" testId="034f9192-5731-ab77-854c-d5ad3844ecab" testName="xUnitTestProject.CurrencyHelperTests.FormatToStringTest1000(price: 803.2448148733214, expected: &quot;803.24 zł&quot;)" computerName="DESKTOP-5URQ9PB" duration="00:00:00.0000040" startTime="2022-06-13T21:15:36.9939635+02:00" endTime="2022-06-13T21:15:36.9939637+02:00" testType="13cdc9d9-ddb5-4fa4-a97d-d965ccfc6d4b" outcome="Passed" testListId="8c84fa94-04c1-424b-9868-57a2d4851a1d" relativeResultsDirectory="282156c0-b20b-48c8-831f-87e8f5aad11c" />
    <UnitTestResult executionId="1584ba0f-b692-4238-8249-3907bd07b2c6" testId="9bed9c4d-df2b-32b1-c6ce-ea879f4b2fcd" testName="xUnitTestProject.CurrencyHelperTests.FormatToStringTest1000(price: 6429.44273095552, expected: &quot;6429.44 zł&quot;)" computerName="DESKTOP-5URQ9PB" duration="00:00:00.0000056" startTime="2022-06-13T21:15:36.9509417+02:00" endTime="2022-06-13T21:15:36.9509419+02:00" testType="13cdc9d9-ddb5-4fa4-a97d-d965ccfc6d4b" outcome="Passed" testListId="8c84fa94-04c1-424b-9868-57a2d4851a1d" relativeResultsDirectory="1584ba0f-b692-4238-8249-3907bd07b2c6" />
    <UnitTestResult executionId="602a97d1-294a-4aa1-9368-fcd1bf39d9e6" testId="9e381b2f-7758-75e7-1187-5359a7cc2fcf" testName="xUnitTestProject.CurrencyHelperTests.FormatToStringTest1000(price: 4252.4012513842445, expected: &quot;4252.40 zł&quot;)" computerName="DESKTOP-5URQ9PB" duration="00:00:00.0000056" startTime="2022-06-13T21:15:36.9528212+02:00" endTime="2022-06-13T21:15:36.9528214+02:00" testType="13cdc9d9-ddb5-4fa4-a97d-d965ccfc6d4b" outcome="Passed" testListId="8c84fa94-04c1-424b-9868-57a2d4851a1d" relativeResultsDirectory="602a97d1-294a-4aa1-9368-fcd1bf39d9e6" />
    <UnitTestResult executionId="609b70f0-57a1-4d62-96e7-9d8f22bfef65" testId="5ae458e4-bb73-ceec-2cfb-1eb05d691961" testName="xUnitTestProject.CurrencyHelperTests.FormatToStringTest1000(price: 598.1279707877561, expected: &quot;598.13 zł&quot;)" computerName="DESKTOP-5URQ9PB" duration="00:00:00.0000040" startTime="2022-06-13T21:15:36.8925925+02:00" endTime="2022-06-13T21:15:36.8925927+02:00" testType="13cdc9d9-ddb5-4fa4-a97d-d965ccfc6d4b" outcome="Passed" testListId="8c84fa94-04c1-424b-9868-57a2d4851a1d" relativeResultsDirectory="609b70f0-57a1-4d62-96e7-9d8f22bfef65" />
    <UnitTestResult executionId="0a2bfe0c-f53a-48d3-a34b-9c04e124a3bb" testId="a9c621d8-eb9e-3cd1-2b29-ed69514bad1f" testName="xUnitTestProject.CurrencyHelperTests.FormatToStringTest1000(price: 28080.92507087669, expected: &quot;28080.93 zł&quot;)" computerName="DESKTOP-5URQ9PB" duration="00:00:00.0000038" startTime="2022-06-13T21:15:36.8969865+02:00" endTime="2022-06-13T21:15:36.8969866+02:00" testType="13cdc9d9-ddb5-4fa4-a97d-d965ccfc6d4b" outcome="Passed" testListId="8c84fa94-04c1-424b-9868-57a2d4851a1d" relativeResultsDirectory="0a2bfe0c-f53a-48d3-a34b-9c04e124a3bb" />
    <UnitTestResult executionId="251c7ce2-232a-40f6-a533-ab48988af104" testId="bcd181d1-3270-76f5-9678-f35a85b0fff1" testName="xUnitTestProject.CurrencyHelperTests.FormatToStringTest1000(price: 9558.453124931293, expected: &quot;9558.45 zł&quot;)" computerName="DESKTOP-5URQ9PB" duration="00:00:00.0000040" startTime="2022-06-13T21:15:36.9880523+02:00" endTime="2022-06-13T21:15:36.9880525+02:00" testType="13cdc9d9-ddb5-4fa4-a97d-d965ccfc6d4b" outcome="Passed" testListId="8c84fa94-04c1-424b-9868-57a2d4851a1d" relativeResultsDirectory="251c7ce2-232a-40f6-a533-ab48988af104" />
    <UnitTestResult executionId="e310cd43-cb46-46bc-ba58-9c40101a36b9" testId="82cc450a-0e9d-45d3-9478-f947af9d278f" testName="xUnitTestProject.CurrencyHelperTests.FormatToStringTest1000(price: 7715.904444139406, expected: &quot;7715.90 zł&quot;)" computerName="DESKTOP-5URQ9PB" duration="00:00:00.0000056" startTime="2022-06-13T21:15:36.9414969+02:00" endTime="2022-06-13T21:15:36.9414971+02:00" testType="13cdc9d9-ddb5-4fa4-a97d-d965ccfc6d4b" outcome="Passed" testListId="8c84fa94-04c1-424b-9868-57a2d4851a1d" relativeResultsDirectory="e310cd43-cb46-46bc-ba58-9c40101a36b9" />
    <UnitTestResult executionId="04304b12-08e7-4c75-b0a6-2ca29b54440f" testId="5a63d239-8af4-ff24-ef04-165e809fc0f0" testName="xUnitTestProject.CurrencyHelperTests.FormatToStringTest1000(price: 13503.943645929892, expected: &quot;13503.94 zł&quot;)" computerName="DESKTOP-5URQ9PB" duration="00:00:00.0000038" startTime="2022-06-13T21:15:36.9859506+02:00" endTime="2022-06-13T21:15:36.9859508+02:00" testType="13cdc9d9-ddb5-4fa4-a97d-d965ccfc6d4b" outcome="Passed" testListId="8c84fa94-04c1-424b-9868-57a2d4851a1d" relativeResultsDirectory="04304b12-08e7-4c75-b0a6-2ca29b54440f" />
    <UnitTestResult executionId="f9e5b032-ac3e-4cf8-8e75-0c3f78f607e1" testId="9bb60857-0889-c636-aa09-df7f3ffa4f70" testName="xUnitTestProject.CurrencyHelperTests.FormatToStringTest1000(price: 16986.338876065027, expected: &quot;16986.34 zł&quot;)" computerName="DESKTOP-5URQ9PB" duration="00:00:00.0000056" startTime="2022-06-13T21:15:36.9312591+02:00" endTime="2022-06-13T21:15:36.9312593+02:00" testType="13cdc9d9-ddb5-4fa4-a97d-d965ccfc6d4b" outcome="Passed" testListId="8c84fa94-04c1-424b-9868-57a2d4851a1d" relativeResultsDirectory="f9e5b032-ac3e-4cf8-8e75-0c3f78f607e1" />
    <UnitTestResult executionId="82fccff8-53b0-4b64-9318-51b104c64090" testId="1847f09f-3a3a-e54a-437b-e06a692092b8" testName="xUnitTestProject.CurrencyHelperTests.FormatToStringTest1000(price: 4612.32080757633, expected: &quot;4612.32 zł&quot;)" computerName="DESKTOP-5URQ9PB" duration="00:00:00.0000040" startTime="2022-06-13T21:15:36.9195146+02:00" endTime="2022-06-13T21:15:36.9195150+02:00" testType="13cdc9d9-ddb5-4fa4-a97d-d965ccfc6d4b" outcome="Passed" testListId="8c84fa94-04c1-424b-9868-57a2d4851a1d" relativeResultsDirectory="82fccff8-53b0-4b64-9318-51b104c64090" />
    <UnitTestResult executionId="8c41fb0c-98fb-428d-a9e0-fc078a8ac61e" testId="e641957d-86a3-9c73-8dcf-f9374b4233e0" testName="xUnitTestProject.CurrencyHelperTests.FormatToStringTest1000(price: 31799.68317462815, expected: &quot;31799.68 zł&quot;)" computerName="DESKTOP-5URQ9PB" duration="00:00:00.0000069" startTime="2022-06-13T21:15:36.9557470+02:00" endTime="2022-06-13T21:15:36.9557471+02:00" testType="13cdc9d9-ddb5-4fa4-a97d-d965ccfc6d4b" outcome="Passed" testListId="8c84fa94-04c1-424b-9868-57a2d4851a1d" relativeResultsDirectory="8c41fb0c-98fb-428d-a9e0-fc078a8ac61e" />
    <UnitTestResult executionId="794ba924-e47d-439c-a9bc-ceccecbe750b" testId="64486b5c-a699-4a15-d908-73d103db26bc" testName="xUnitTestProject.CurrencyHelperTests.FormatToStringTest1000(price: 31391.358864880804, expected: &quot;31391.36 zł&quot;)" computerName="DESKTOP-5URQ9PB" duration="00:00:00.0000039" startTime="2022-06-13T21:15:36.9861058+02:00" endTime="2022-06-13T21:15:36.9861059+02:00" testType="13cdc9d9-ddb5-4fa4-a97d-d965ccfc6d4b" outcome="Passed" testListId="8c84fa94-04c1-424b-9868-57a2d4851a1d" relativeResultsDirectory="794ba924-e47d-439c-a9bc-ceccecbe750b" />
    <UnitTestResult executionId="99907257-01a3-4faf-b4b3-b14be77a4049" testId="e099abd9-c51a-27c3-fe30-7b74e00a337f" testName="xUnitTestProject.CurrencyHelperTests.FormatToStringTest1000(price: 16957.4523676757, expected: &quot;16957.45 zł&quot;)" computerName="DESKTOP-5URQ9PB" duration="00:00:00.0000054" startTime="2022-06-13T21:15:36.9530081+02:00" endTime="2022-06-13T21:15:36.9530083+02:00" testType="13cdc9d9-ddb5-4fa4-a97d-d965ccfc6d4b" outcome="Passed" testListId="8c84fa94-04c1-424b-9868-57a2d4851a1d" relativeResultsDirectory="99907257-01a3-4faf-b4b3-b14be77a4049" />
    <UnitTestResult executionId="2da8e8c4-7201-49fd-9b1b-0bd562fbba24" testId="37e53818-7fa5-17d7-012c-004f89325673" testName="xUnitTestProject.CurrencyHelperTests.FormatToStringTest1000(price: 6213.265206352466, expected: &quot;6213.27 zł&quot;)" computerName="DESKTOP-5URQ9PB" duration="00:00:00.0000047" startTime="2022-06-13T21:15:36.9773008+02:00" endTime="2022-06-13T21:15:36.9773009+02:00" testType="13cdc9d9-ddb5-4fa4-a97d-d965ccfc6d4b" outcome="Passed" testListId="8c84fa94-04c1-424b-9868-57a2d4851a1d" relativeResultsDirectory="2da8e8c4-7201-49fd-9b1b-0bd562fbba24" />
    <UnitTestResult executionId="bc8b2131-ecf4-472e-9b3a-fe52269ff497" testId="afbbae00-ce73-0862-4d3c-578f15f46774" testName="xUnitTestProject.CurrencyHelperTests.FormatToStringTest1000(price: 1662.8482664818168, expected: &quot;1662.85 zł&quot;)" computerName="DESKTOP-5URQ9PB" duration="00:00:00.0000056" startTime="2022-06-13T21:15:36.9302937+02:00" endTime="2022-06-13T21:15:36.9302938+02:00" testType="13cdc9d9-ddb5-4fa4-a97d-d965ccfc6d4b" outcome="Passed" testListId="8c84fa94-04c1-424b-9868-57a2d4851a1d" relativeResultsDirectory="bc8b2131-ecf4-472e-9b3a-fe52269ff497" />
    <UnitTestResult executionId="93244b0a-f3a2-41d9-8887-69dc5ca4d948" testId="80d3734c-ba9f-0770-a478-3dd6f9b70cb0" testName="xUnitTestProject.CurrencyHelperTests.FormatToStringTest1000(price: 50339.31259969497, expected: &quot;50339.31 zł&quot;)" computerName="DESKTOP-5URQ9PB" duration="00:00:00.0000056" startTime="2022-06-13T21:15:36.9292359+02:00" endTime="2022-06-13T21:15:36.9292360+02:00" testType="13cdc9d9-ddb5-4fa4-a97d-d965ccfc6d4b" outcome="Passed" testListId="8c84fa94-04c1-424b-9868-57a2d4851a1d" relativeResultsDirectory="93244b0a-f3a2-41d9-8887-69dc5ca4d948" />
    <UnitTestResult executionId="ea6fd43a-d51b-4805-a57a-16f2f50635bc" testId="ed116d32-6ba7-9bd1-6680-6c13ee07292b" testName="xUnitTestProject.CurrencyHelperTests.FormatToStringTest1000(price: 867.5236648356187, expected: &quot;867.52 zł&quot;)" computerName="DESKTOP-5URQ9PB" duration="00:00:00.0000039" startTime="2022-06-13T21:15:36.8914986+02:00" endTime="2022-06-13T21:15:36.8914987+02:00" testType="13cdc9d9-ddb5-4fa4-a97d-d965ccfc6d4b" outcome="Passed" testListId="8c84fa94-04c1-424b-9868-57a2d4851a1d" relativeResultsDirectory="ea6fd43a-d51b-4805-a57a-16f2f50635bc" />
    <UnitTestResult executionId="f2252b37-ff76-45ad-bb3d-c46b738550f9" testId="bfa1b3ee-d7a8-b11e-2134-8a3b879aa609" testName="xUnitTestProject.CurrencyHelperTests.FormatToStringTest1000(price: 13582.47117894258, expected: &quot;13582.47 zł&quot;)" computerName="DESKTOP-5URQ9PB" duration="00:00:00.0000058" startTime="2022-06-13T21:15:36.9244888+02:00" endTime="2022-06-13T21:15:36.9244889+02:00" testType="13cdc9d9-ddb5-4fa4-a97d-d965ccfc6d4b" outcome="Passed" testListId="8c84fa94-04c1-424b-9868-57a2d4851a1d" relativeResultsDirectory="f2252b37-ff76-45ad-bb3d-c46b738550f9" />
    <UnitTestResult executionId="69676b03-d024-4854-aabc-ac04b72c6106" testId="63140182-f7a2-6346-fbd9-3f80901df2c9" testName="xUnitTestProject.CurrencyHelperTests.FormatToStringTest1000(price: 545.7016866634142, expected: &quot;545.70 zł&quot;)" computerName="DESKTOP-5URQ9PB" duration="00:00:00.0000038" startTime="2022-06-13T21:15:36.9042836+02:00" endTime="2022-06-13T21:15:36.9042837+02:00" testType="13cdc9d9-ddb5-4fa4-a97d-d965ccfc6d4b" outcome="Passed" testListId="8c84fa94-04c1-424b-9868-57a2d4851a1d" relativeResultsDirectory="69676b03-d024-4854-aabc-ac04b72c6106" />
    <UnitTestResult executionId="a6caa14e-d8c2-4cc8-9cfa-092484fba250" testId="9af46142-b025-7ff1-cd86-b161fef30f97" testName="xUnitTestProject.CurrencyHelperTests.FormatToStringTest1000(price: 27187.549022783314, expected: &quot;27187.55 zł&quot;)" computerName="DESKTOP-5URQ9PB" duration="00:00:00.0000046" startTime="2022-06-13T21:15:36.9677475+02:00" endTime="2022-06-13T21:15:36.9677476+02:00" testType="13cdc9d9-ddb5-4fa4-a97d-d965ccfc6d4b" outcome="Passed" testListId="8c84fa94-04c1-424b-9868-57a2d4851a1d" relativeResultsDirectory="a6caa14e-d8c2-4cc8-9cfa-092484fba250" />
    <UnitTestResult executionId="2673f82f-60a7-4e74-bf3f-2c28bcb013e6" testId="2f5e415d-a063-a3ff-febb-2ffdc85ba98d" testName="xUnitTestProject.CurrencyHelperTests.FormatToStringTest1000(price: 31163.834562352316, expected: &quot;31163.83 zł&quot;)" computerName="DESKTOP-5URQ9PB" duration="00:00:00.0000059" startTime="2022-06-13T21:15:36.9559642+02:00" endTime="2022-06-13T21:15:36.9559643+02:00" testType="13cdc9d9-ddb5-4fa4-a97d-d965ccfc6d4b" outcome="Passed" testListId="8c84fa94-04c1-424b-9868-57a2d4851a1d" relativeResultsDirectory="2673f82f-60a7-4e74-bf3f-2c28bcb013e6" />
    <UnitTestResult executionId="99048fca-6867-4c54-8a97-95b71214a1f7" testId="c9dc0f3f-e108-0c1a-7cef-09dcecce5469" testName="xUnitTestProject.CurrencyHelperTests.FormatToStringTest1000(price: 4898.699005344277, expected: &quot;4898.70 zł&quot;)" computerName="DESKTOP-5URQ9PB" duration="00:00:00.0000056" startTime="2022-06-13T21:15:36.9626926+02:00" endTime="2022-06-13T21:15:36.9626928+02:00" testType="13cdc9d9-ddb5-4fa4-a97d-d965ccfc6d4b" outcome="Passed" testListId="8c84fa94-04c1-424b-9868-57a2d4851a1d" relativeResultsDirectory="99048fca-6867-4c54-8a97-95b71214a1f7" />
    <UnitTestResult executionId="a5e33219-4be9-4b62-b457-d516382094f7" testId="81074b63-819a-5707-3f0a-c12b1496d111" testName="xUnitTestProject.CurrencyHelperTests.FormatToStringTest1000(price: 18786.954468002055, expected: &quot;18786.95 zł&quot;)" computerName="DESKTOP-5URQ9PB" duration="00:00:00.0000056" startTime="2022-06-13T21:15:36.9457133+02:00" endTime="2022-06-13T21:15:36.9457135+02:00" testType="13cdc9d9-ddb5-4fa4-a97d-d965ccfc6d4b" outcome="Passed" testListId="8c84fa94-04c1-424b-9868-57a2d4851a1d" relativeResultsDirectory="a5e33219-4be9-4b62-b457-d516382094f7" />
    <UnitTestResult executionId="b1be305a-b7c2-41ff-a1bc-bc4819a9c29e" testId="c61ee3ae-8895-24a4-03be-5c9acbad429f" testName="xUnitTestProject.CurrencyHelperTests.FormatToStringTest1000(price: 20146.183073329827, expected: &quot;20146.18 zł&quot;)" computerName="DESKTOP-5URQ9PB" duration="00:00:00.0000038" startTime="2022-06-13T21:15:36.9976672+02:00" endTime="2022-06-13T21:15:36.9976673+02:00" testType="13cdc9d9-ddb5-4fa4-a97d-d965ccfc6d4b" outcome="Passed" testListId="8c84fa94-04c1-424b-9868-57a2d4851a1d" relativeResultsDirectory="b1be305a-b7c2-41ff-a1bc-bc4819a9c29e" />
    <UnitTestResult executionId="74ab4143-4b21-4d47-abc9-9b40881f2001" testId="f03f6860-12a5-6960-814c-3c29d5bd5d06" testName="xUnitTestProject.CurrencyHelperTests.FormatToStringTest1000(price: 17875.613377604455, expected: &quot;17875.61 zł&quot;)" computerName="DESKTOP-5URQ9PB" duration="00:00:00.0000040" startTime="2022-06-13T21:15:36.8892561+02:00" endTime="2022-06-13T21:15:36.8892563+02:00" testType="13cdc9d9-ddb5-4fa4-a97d-d965ccfc6d4b" outcome="Passed" testListId="8c84fa94-04c1-424b-9868-57a2d4851a1d" relativeResultsDirectory="74ab4143-4b21-4d47-abc9-9b40881f2001" />
    <UnitTestResult executionId="095b86a5-5c2e-4659-bf1b-c657071ad0a6" testId="650f8125-7e62-0be3-dcfc-dc1202eb9625" testName="xUnitTestProject.CurrencyHelperTests.FormatToStringTest1000(price: 55303.17220895699, expected: &quot;55303.17 zł&quot;)" computerName="DESKTOP-5URQ9PB" duration="00:00:00.0000041" startTime="2022-06-13T21:15:36.9013095+02:00" endTime="2022-06-13T21:15:36.9013096+02:00" testType="13cdc9d9-ddb5-4fa4-a97d-d965ccfc6d4b" outcome="Passed" testListId="8c84fa94-04c1-424b-9868-57a2d4851a1d" relativeResultsDirectory="095b86a5-5c2e-4659-bf1b-c657071ad0a6" />
    <UnitTestResult executionId="24d9b1fa-c758-4f32-97f6-9368680b5e5a" testId="5481b8f6-7923-7c75-9ba8-6b8dff0a8582" testName="xUnitTestProject.CurrencyHelperTests.FormatToStringTest1000(price: 13414.3551766441, expected: &quot;13414.36 zł&quot;)" computerName="DESKTOP-5URQ9PB" duration="00:00:00.0000056" startTime="2022-06-13T21:15:36.9282385+02:00" endTime="2022-06-13T21:15:36.9282386+02:00" testType="13cdc9d9-ddb5-4fa4-a97d-d965ccfc6d4b" outcome="Passed" testListId="8c84fa94-04c1-424b-9868-57a2d4851a1d" relativeResultsDirectory="24d9b1fa-c758-4f32-97f6-9368680b5e5a" />
    <UnitTestResult executionId="4da08a5d-1366-4257-a3af-ebc3ff70a5cb" testId="c5439243-290e-2a67-aa6b-588710f39fb3" testName="xUnitTestProject.CurrencyHelperTests.FormatToStringTest1000(price: 19783.413847500186, expected: &quot;19783.41 zł&quot;)" computerName="DESKTOP-5URQ9PB" duration="00:00:00.0000119" startTime="2022-06-13T21:15:36.9234729+02:00" endTime="2022-06-13T21:15:36.9234731+02:00" testType="13cdc9d9-ddb5-4fa4-a97d-d965ccfc6d4b" outcome="Passed" testListId="8c84fa94-04c1-424b-9868-57a2d4851a1d" relativeResultsDirectory="4da08a5d-1366-4257-a3af-ebc3ff70a5cb" />
    <UnitTestResult executionId="1c380cf2-7937-467e-9c27-c6b7f527134e" testId="3323ac76-0104-2779-2a9d-3f5ae9693296" testName="xUnitTestProject.CurrencyHelperTests.FormatToStringTest1000(price: 50956.25028206606, expected: &quot;50956.25 zł&quot;)" computerName="DESKTOP-5URQ9PB" duration="00:00:00.0000108" startTime="2022-06-13T21:15:36.9235649+02:00" endTime="2022-06-13T21:15:36.9235650+02:00" testType="13cdc9d9-ddb5-4fa4-a97d-d965ccfc6d4b" outcome="Passed" testListId="8c84fa94-04c1-424b-9868-57a2d4851a1d" relativeResultsDirectory="1c380cf2-7937-467e-9c27-c6b7f527134e" />
    <UnitTestResult executionId="5f7898a2-fb23-435e-9f1b-bab9717f14a8" testId="7848596b-c8d5-bd4c-d7fe-380e3b0f13fa" testName="xUnitTestProject.CurrencyHelperTests.FormatToStringTest1000(price: 15509.637406484986, expected: &quot;15509.64 zł&quot;)" computerName="DESKTOP-5URQ9PB" duration="00:00:00.0000053" startTime="2022-06-13T21:15:36.9929962+02:00" endTime="2022-06-13T21:15:36.9929963+02:00" testType="13cdc9d9-ddb5-4fa4-a97d-d965ccfc6d4b" outcome="Passed" testListId="8c84fa94-04c1-424b-9868-57a2d4851a1d" relativeResultsDirectory="5f7898a2-fb23-435e-9f1b-bab9717f14a8" />
    <UnitTestResult executionId="ac25135f-943f-4dad-be5a-de8a36dcff68" testId="ff088bf9-c4c9-daf8-12f7-40d9669dd362" testName="xUnitTestProject.CurrencyHelperTests.FormatToStringTest1000(price: 5628.028273674672, expected: &quot;5628.03 zł&quot;)" computerName="DESKTOP-5URQ9PB" duration="00:00:00.0000038" startTime="2022-06-13T21:15:36.9686964+02:00" endTime="2022-06-13T21:15:36.9686966+02:00" testType="13cdc9d9-ddb5-4fa4-a97d-d965ccfc6d4b" outcome="Passed" testListId="8c84fa94-04c1-424b-9868-57a2d4851a1d" relativeResultsDirectory="ac25135f-943f-4dad-be5a-de8a36dcff68" />
    <UnitTestResult executionId="59b53f89-30a9-4829-a1f3-82584ef1485c" testId="256b0aa4-ca9e-f9c0-c01a-e5ce082d7933" testName="xUnitTestProject.CurrencyHelperTests.FormatToStringTest1000(price: 4592.278577496428, expected: &quot;4592.28 zł&quot;)" computerName="DESKTOP-5URQ9PB" duration="00:00:00.0000056" startTime="2022-06-13T21:15:36.9414049+02:00" endTime="2022-06-13T21:15:36.9414051+02:00" testType="13cdc9d9-ddb5-4fa4-a97d-d965ccfc6d4b" outcome="Passed" testListId="8c84fa94-04c1-424b-9868-57a2d4851a1d" relativeResultsDirectory="59b53f89-30a9-4829-a1f3-82584ef1485c" />
    <UnitTestResult executionId="cd25b753-ebb7-4c31-a7df-48de396c46c8" testId="45c93144-7308-3312-8730-30e05720d551" testName="xUnitTestProject.CurrencyHelperTests.FormatToStringTest1000(price: 1073.195098933389, expected: &quot;1073.20 zł&quot;)" computerName="DESKTOP-5URQ9PB" duration="00:00:00.0000056" startTime="2022-06-13T21:15:36.9448141+02:00" endTime="2022-06-13T21:15:36.9448142+02:00" testType="13cdc9d9-ddb5-4fa4-a97d-d965ccfc6d4b" outcome="Passed" testListId="8c84fa94-04c1-424b-9868-57a2d4851a1d" relativeResultsDirectory="cd25b753-ebb7-4c31-a7df-48de396c46c8" />
    <UnitTestResult executionId="509829c5-d2b5-4920-9930-d8e1f8593ab3" testId="48c41a45-a694-6e7a-7100-4b0ce75fbb19" testName="xUnitTestProject.CurrencyHelperTests.FormatToStringTest1000(price: 19085.023282992664, expected: &quot;19085.02 zł&quot;)" computerName="DESKTOP-5URQ9PB" duration="00:00:00.0000039" startTime="2022-06-13T21:15:36.9950215+02:00" endTime="2022-06-13T21:15:36.9950216+02:00" testType="13cdc9d9-ddb5-4fa4-a97d-d965ccfc6d4b" outcome="Passed" testListId="8c84fa94-04c1-424b-9868-57a2d4851a1d" relativeResultsDirectory="509829c5-d2b5-4920-9930-d8e1f8593ab3" />
    <UnitTestResult executionId="c1373a31-e80e-4949-a99a-88946b21d572" testId="9c8eee20-620b-e0aa-1580-d34a7e65e392" testName="xUnitTestProject.CurrencyHelperTests.FormatToStringTest1000(price: 9151.103070427245, expected: &quot;9151.10 zł&quot;)" computerName="DESKTOP-5URQ9PB" duration="00:00:00.0000039" startTime="2022-06-13T21:15:36.9850143+02:00" endTime="2022-06-13T21:15:36.9850145+02:00" testType="13cdc9d9-ddb5-4fa4-a97d-d965ccfc6d4b" outcome="Passed" testListId="8c84fa94-04c1-424b-9868-57a2d4851a1d" relativeResultsDirectory="c1373a31-e80e-4949-a99a-88946b21d572" />
    <UnitTestResult executionId="28d0258d-0588-41cf-95bf-ea9d139bb6dc" testId="0a2dd6c8-dd3b-c34c-d236-39c95cee3b33" testName="xUnitTestProject.CurrencyHelperTests.FormatToStringTest1000(price: 30138.55109863102, expected: &quot;30138.55 zł&quot;)" computerName="DESKTOP-5URQ9PB" duration="00:00:00.0000056" startTime="2022-06-13T21:15:36.9540118+02:00" endTime="2022-06-13T21:15:36.9540120+02:00" testType="13cdc9d9-ddb5-4fa4-a97d-d965ccfc6d4b" outcome="Passed" testListId="8c84fa94-04c1-424b-9868-57a2d4851a1d" relativeResultsDirectory="28d0258d-0588-41cf-95bf-ea9d139bb6dc" />
    <UnitTestResult executionId="3aa0b400-3705-4338-9c31-bbdfedbe8876" testId="8c128bb7-55c2-1507-f225-4df0c4a48630" testName="xUnitTestProject.CurrencyHelperTests.FormatToStringTest1000(price: 5108.217389855635, expected: &quot;5108.22 zł&quot;)" computerName="DESKTOP-5URQ9PB" duration="00:00:00.0000047" startTime="2022-06-13T21:15:36.8805506+02:00" endTime="2022-06-13T21:15:36.8805508+02:00" testType="13cdc9d9-ddb5-4fa4-a97d-d965ccfc6d4b" outcome="Passed" testListId="8c84fa94-04c1-424b-9868-57a2d4851a1d" relativeResultsDirectory="3aa0b400-3705-4338-9c31-bbdfedbe8876" />
    <UnitTestResult executionId="0a1f3897-de7c-4fa0-bdee-97b721d73235" testId="3326d350-1af4-4add-085b-c52b861e91af" testName="xUnitTestProject.CurrencyHelperTests.FormatToStringTest1000(price: 74152.7503934562, expected: &quot;74152.75 zł&quot;)" computerName="DESKTOP-5URQ9PB" duration="00:00:00.0000040" startTime="2022-06-13T21:15:37.0025321+02:00" endTime="2022-06-13T21:15:37.0025323+02:00" testType="13cdc9d9-ddb5-4fa4-a97d-d965ccfc6d4b" outcome="Passed" testListId="8c84fa94-04c1-424b-9868-57a2d4851a1d" relativeResultsDirectory="0a1f3897-de7c-4fa0-bdee-97b721d73235" />
    <UnitTestResult executionId="9e9511bc-f208-4dcb-9033-dc348e6cf4ef" testId="179615f5-c9e6-0457-24a4-7182fdaf1108" testName="xUnitTestProject.CurrencyHelperTests.FormatToStringTest1000(price: 47163.337736466594, expected: &quot;47163.34 zł&quot;)" computerName="DESKTOP-5URQ9PB" duration="00:00:00.0000039" startTime="2022-06-13T21:15:36.9869761+02:00" endTime="2022-06-13T21:15:36.9869763+02:00" testType="13cdc9d9-ddb5-4fa4-a97d-d965ccfc6d4b" outcome="Passed" testListId="8c84fa94-04c1-424b-9868-57a2d4851a1d" relativeResultsDirectory="9e9511bc-f208-4dcb-9033-dc348e6cf4ef" />
    <UnitTestResult executionId="1fd5e3c6-eb05-4c60-b099-f0a646769026" testId="6997fb4f-bee2-69ca-461b-7845f1fa191c" testName="xUnitTestProject.CurrencyHelperTests.FormatToStringTest1000(price: 56802.303118930344, expected: &quot;56802.30 zł&quot;)" computerName="DESKTOP-5URQ9PB" duration="00:00:00.0000039" startTime="2022-06-13T21:15:36.9137773+02:00" endTime="2022-06-13T21:15:36.9137779+02:00" testType="13cdc9d9-ddb5-4fa4-a97d-d965ccfc6d4b" outcome="Passed" testListId="8c84fa94-04c1-424b-9868-57a2d4851a1d" relativeResultsDirectory="1fd5e3c6-eb05-4c60-b099-f0a646769026" />
    <UnitTestResult executionId="eb34db80-fd8e-4baa-b86c-443e40ab55b8" testId="ff7ab5c9-17cd-23b9-cfc1-99026e4f14ac" testName="xUnitTestProject.CurrencyHelperTests.FormatToStringTest1000(price: 27164.0272410419, expected: &quot;27164.03 zł&quot;)" computerName="DESKTOP-5URQ9PB" duration="00:00:00.0000040" startTime="2022-06-13T21:15:37.0037960+02:00" endTime="2022-06-13T21:15:37.0037962+02:00" testType="13cdc9d9-ddb5-4fa4-a97d-d965ccfc6d4b" outcome="Passed" testListId="8c84fa94-04c1-424b-9868-57a2d4851a1d" relativeResultsDirectory="eb34db80-fd8e-4baa-b86c-443e40ab55b8" />
    <UnitTestResult executionId="5097370d-a492-42c6-b974-b31a716e01fe" testId="05d3ca05-7d6a-4ccb-9500-bddd30f80ece" testName="xUnitTestProject.CurrencyHelperTests.FormatToStringTest1000(price: 8499.121443388574, expected: &quot;8499.12 zł&quot;)" computerName="DESKTOP-5URQ9PB" duration="00:00:00.0000041" startTime="2022-06-13T21:15:36.9195495+02:00" endTime="2022-06-13T21:15:36.9195497+02:00" testType="13cdc9d9-ddb5-4fa4-a97d-d965ccfc6d4b" outcome="Passed" testListId="8c84fa94-04c1-424b-9868-57a2d4851a1d" relativeResultsDirectory="5097370d-a492-42c6-b974-b31a716e01fe" />
    <UnitTestResult executionId="bdcdcddb-6d70-4bb4-b4b6-f0304e136578" testId="30e1c064-5a9f-94cf-3bb0-81267bf9f82e" testName="xUnitTestProject.CurrencyHelperTests.FormatToStringTest1000(price: 11989.099505855282, expected: &quot;11989.10 zł&quot;)" computerName="DESKTOP-5URQ9PB" duration="00:00:00.0000041" startTime="2022-06-13T21:15:36.9657782+02:00" endTime="2022-06-13T21:15:36.9657783+02:00" testType="13cdc9d9-ddb5-4fa4-a97d-d965ccfc6d4b" outcome="Passed" testListId="8c84fa94-04c1-424b-9868-57a2d4851a1d" relativeResultsDirectory="bdcdcddb-6d70-4bb4-b4b6-f0304e136578" />
    <UnitTestResult executionId="72203a44-a8c7-4bd3-8312-e59098318926" testId="53367b44-34c3-c14f-ebad-d28df1741450" testName="xUnitTestProject.CurrencyHelperTests.FormatToStringTest1000(price: 5507.360659962688, expected: &quot;5507.36 zł&quot;)" computerName="DESKTOP-5URQ9PB" duration="00:00:00.0000047" startTime="2022-06-13T21:15:36.9064281+02:00" endTime="2022-06-13T21:15:36.9064283+02:00" testType="13cdc9d9-ddb5-4fa4-a97d-d965ccfc6d4b" outcome="Passed" testListId="8c84fa94-04c1-424b-9868-57a2d4851a1d" relativeResultsDirectory="72203a44-a8c7-4bd3-8312-e59098318926" />
    <UnitTestResult executionId="dd37d1e0-66c7-4fbd-8992-aa86f507b1c1" testId="8f93d79c-66e7-77f7-7d43-554a5055be47" testName="xUnitTestProject.CurrencyHelperTests.FormatToStringTest1000(price: 2751.3751475258614, expected: &quot;2751.38 zł&quot;)" computerName="DESKTOP-5URQ9PB" duration="00:00:00.0000056" startTime="2022-06-13T21:15:36.9467892+02:00" endTime="2022-06-13T21:15:36.9467894+02:00" testType="13cdc9d9-ddb5-4fa4-a97d-d965ccfc6d4b" outcome="Passed" testListId="8c84fa94-04c1-424b-9868-57a2d4851a1d" relativeResultsDirectory="dd37d1e0-66c7-4fbd-8992-aa86f507b1c1" />
    <UnitTestResult executionId="8eca60cd-d4ff-4b47-9624-c987cbaac685" testId="c212e24b-1c29-9890-50c8-57d6096284d3" testName="xUnitTestProject.CurrencyHelperTests.FormatToStringTest1000(price: 1181.5773122979222, expected: &quot;1181.58 zł&quot;)" computerName="DESKTOP-5URQ9PB" duration="00:00:00.0000039" startTime="2022-06-13T21:15:36.9158268+02:00" endTime="2022-06-13T21:15:36.9158269+02:00" testType="13cdc9d9-ddb5-4fa4-a97d-d965ccfc6d4b" outcome="Passed" testListId="8c84fa94-04c1-424b-9868-57a2d4851a1d" relativeResultsDirectory="8eca60cd-d4ff-4b47-9624-c987cbaac685" />
    <UnitTestResult executionId="61344965-ad71-496e-8954-1d9693b8128e" testId="9af1084a-697b-14e3-b169-a799a0af5e73" testName="xUnitTestProject.CurrencyHelperTests.FormatToStringTest1000(price: 35714.78133482243, expected: &quot;35714.78 zł&quot;)" computerName="DESKTOP-5URQ9PB" duration="00:00:00.0000039" startTime="2022-06-13T21:15:37.0036982+02:00" endTime="2022-06-13T21:15:37.0036985+02:00" testType="13cdc9d9-ddb5-4fa4-a97d-d965ccfc6d4b" outcome="Passed" testListId="8c84fa94-04c1-424b-9868-57a2d4851a1d" relativeResultsDirectory="61344965-ad71-496e-8954-1d9693b8128e" />
    <UnitTestResult executionId="ab1c99aa-a8e4-4777-ac89-7a32c19cddd8" testId="e605935b-b7df-1383-2d29-96bb8b33e684" testName="xUnitTestProject.CurrencyHelperTests.FormatToStringTest1000(price: 15841.26419853478, expected: &quot;15841.26 zł&quot;)" computerName="DESKTOP-5URQ9PB" duration="00:00:00.0000038" startTime="2022-06-13T21:15:36.9743243+02:00" endTime="2022-06-13T21:15:36.9743245+02:00" testType="13cdc9d9-ddb5-4fa4-a97d-d965ccfc6d4b" outcome="Passed" testListId="8c84fa94-04c1-424b-9868-57a2d4851a1d" relativeResultsDirectory="ab1c99aa-a8e4-4777-ac89-7a32c19cddd8" />
    <UnitTestResult executionId="730191d9-71a3-4682-80dc-d98edb597f30" testId="731a3faa-831a-30a7-eac4-75c26e15a8d7" testName="xUnitTestProject.CurrencyHelperTests.FormatToStringTest1000(price: 59247.898931587064, expected: &quot;59247.90 zł&quot;)" computerName="DESKTOP-5URQ9PB" duration="00:00:00.0000056" startTime="2022-06-13T21:15:36.9349845+02:00" endTime="2022-06-13T21:15:36.9349850+02:00" testType="13cdc9d9-ddb5-4fa4-a97d-d965ccfc6d4b" outcome="Passed" testListId="8c84fa94-04c1-424b-9868-57a2d4851a1d" relativeResultsDirectory="730191d9-71a3-4682-80dc-d98edb597f30" />
    <UnitTestResult executionId="ab8b9882-884e-45ac-a4e5-b499c3ad00f5" testId="13946824-77dd-557e-ea95-b0f908b787b1" testName="xUnitTestProject.CurrencyHelperTests.FormatToStringTest1000(price: 25882.451101077, expected: &quot;25882.45 zł&quot;)" computerName="DESKTOP-5URQ9PB" duration="00:00:00.0000044" startTime="2022-06-13T21:15:36.9084606+02:00" endTime="2022-06-13T21:15:36.9084610+02:00" testType="13cdc9d9-ddb5-4fa4-a97d-d965ccfc6d4b" outcome="Passed" testListId="8c84fa94-04c1-424b-9868-57a2d4851a1d" relativeResultsDirectory="ab8b9882-884e-45ac-a4e5-b499c3ad00f5" />
    <UnitTestResult executionId="3df91a05-c938-4b89-b6cc-a3cb16a305db" testId="1f661c1f-d0bf-b374-44cc-db7131efefe7" testName="xUnitTestProject.CurrencyHelperTests.FormatToStringTest1000(price: 27751.474436297303, expected: &quot;27751.47 zł&quot;)" computerName="DESKTOP-5URQ9PB" duration="00:00:00.0000040" startTime="2022-06-13T21:15:36.9696121+02:00" endTime="2022-06-13T21:15:36.9696123+02:00" testType="13cdc9d9-ddb5-4fa4-a97d-d965ccfc6d4b" outcome="Passed" testListId="8c84fa94-04c1-424b-9868-57a2d4851a1d" relativeResultsDirectory="3df91a05-c938-4b89-b6cc-a3cb16a305db" />
    <UnitTestResult executionId="24e4d6eb-0058-4fad-8f3e-3e2238cafae8" testId="d674a2b2-91f4-595f-2a5d-e8f6a4053ca1" testName="xUnitTestProject.CurrencyHelperTests.FormatToStringTest1000(price: 8851.904041135638, expected: &quot;8851.90 zł&quot;)" computerName="DESKTOP-5URQ9PB" duration="00:00:00.0000039" startTime="2022-06-13T21:15:36.9742610+02:00" endTime="2022-06-13T21:15:36.9742612+02:00" testType="13cdc9d9-ddb5-4fa4-a97d-d965ccfc6d4b" outcome="Passed" testListId="8c84fa94-04c1-424b-9868-57a2d4851a1d" relativeResultsDirectory="24e4d6eb-0058-4fad-8f3e-3e2238cafae8" />
    <UnitTestResult executionId="2a01d7e6-d960-482a-a874-3917ca3bd642" testId="1c4368b6-2172-3b52-0d12-0d33b2fcef8b" testName="xUnitTestProject.CurrencyHelperTests.FormatToStringTest1000(price: 33970.38965150639, expected: &quot;33970.39 zł&quot;)" computerName="DESKTOP-5URQ9PB" duration="00:00:00.0000056" startTime="2022-06-13T21:15:36.9488666+02:00" endTime="2022-06-13T21:15:36.9488667+02:00" testType="13cdc9d9-ddb5-4fa4-a97d-d965ccfc6d4b" outcome="Passed" testListId="8c84fa94-04c1-424b-9868-57a2d4851a1d" relativeResultsDirectory="2a01d7e6-d960-482a-a874-3917ca3bd642" />
    <UnitTestResult executionId="1497482c-478c-4906-ad2f-2d8bb6fd0453" testId="58e741bd-777c-df5d-d9c1-457b2c873d32" testName="xUnitTestProject.CurrencyHelperTests.FormatToStringTest1000(price: 20978.860218282258, expected: &quot;20978.86 zł&quot;)" computerName="DESKTOP-5URQ9PB" duration="00:00:00.0000043" startTime="2022-06-13T21:15:36.9186904+02:00" endTime="2022-06-13T21:15:36.9186906+02:00" testType="13cdc9d9-ddb5-4fa4-a97d-d965ccfc6d4b" outcome="Passed" testListId="8c84fa94-04c1-424b-9868-57a2d4851a1d" relativeResultsDirectory="1497482c-478c-4906-ad2f-2d8bb6fd0453" />
    <UnitTestResult executionId="5525df72-3e09-46e2-89f1-f2d1cc1f23c4" testId="9538a911-f018-0a3e-26cb-52278d332f56" testName="xUnitTestProject.CurrencyHelperTests.FormatToStringTest1000(price: 12370.243090209198, expected: &quot;12370.24 zł&quot;)" computerName="DESKTOP-5URQ9PB" duration="00:00:00.0000040" startTime="2022-06-13T21:15:36.9001013+02:00" endTime="2022-06-13T21:15:36.9001015+02:00" testType="13cdc9d9-ddb5-4fa4-a97d-d965ccfc6d4b" outcome="Passed" testListId="8c84fa94-04c1-424b-9868-57a2d4851a1d" relativeResultsDirectory="5525df72-3e09-46e2-89f1-f2d1cc1f23c4" />
    <UnitTestResult executionId="162aaf5d-e1b3-45e2-ab90-36c4de23e216" testId="5f1f475f-1270-641d-7d41-d4acd777aabd" testName="xUnitTestProject.CurrencyHelperTests.FormatToStringTest1000(price: 7813.027778348433, expected: &quot;7813.03 zł&quot;)" computerName="DESKTOP-5URQ9PB" duration="00:00:00.0000043" startTime="2022-06-13T21:15:36.8806486+02:00" endTime="2022-06-13T21:15:36.8806488+02:00" testType="13cdc9d9-ddb5-4fa4-a97d-d965ccfc6d4b" outcome="Passed" testListId="8c84fa94-04c1-424b-9868-57a2d4851a1d" relativeResultsDirectory="162aaf5d-e1b3-45e2-ab90-36c4de23e216" />
    <UnitTestResult executionId="2005d6ec-f22b-4920-a17a-100d75cef567" testId="75fb03cc-a2de-116e-3a3c-32d118eb526b" testName="xUnitTestProject.CurrencyHelperTests.FormatToStringTest1000(price: 9196.579612724754, expected: &quot;9196.58 zł&quot;)" computerName="DESKTOP-5URQ9PB" duration="00:00:00.0000039" startTime="2022-06-13T21:15:36.8916224+02:00" endTime="2022-06-13T21:15:36.8916225+02:00" testType="13cdc9d9-ddb5-4fa4-a97d-d965ccfc6d4b" outcome="Passed" testListId="8c84fa94-04c1-424b-9868-57a2d4851a1d" relativeResultsDirectory="2005d6ec-f22b-4920-a17a-100d75cef567" />
    <UnitTestResult executionId="44c7342c-1783-4128-a3c1-759aa9d37c32" testId="a9271829-fbf1-47a3-aed7-368db58e22e7" testName="xUnitTestProject.CurrencyHelperTests.FormatToStringTest1000(price: 635.3263313632116, expected: &quot;635.33 zł&quot;)" computerName="DESKTOP-5URQ9PB" duration="00:00:00.0000056" startTime="2022-06-13T21:15:36.9498773+02:00" endTime="2022-06-13T21:15:36.9498775+02:00" testType="13cdc9d9-ddb5-4fa4-a97d-d965ccfc6d4b" outcome="Passed" testListId="8c84fa94-04c1-424b-9868-57a2d4851a1d" relativeResultsDirectory="44c7342c-1783-4128-a3c1-759aa9d37c32" />
    <UnitTestResult executionId="a7e6b231-ca3d-48a5-8779-ed4747599c34" testId="13dfd982-ae8a-b137-0e11-07b0f29632c1" testName="xUnitTestProject.CurrencyHelperTests.FormatToStringTest1000(price: 13046.352146307172, expected: &quot;13046.35 zł&quot;)" computerName="DESKTOP-5URQ9PB" duration="00:00:00.0000040" startTime="2022-06-13T21:15:36.8948437+02:00" endTime="2022-06-13T21:15:36.8948438+02:00" testType="13cdc9d9-ddb5-4fa4-a97d-d965ccfc6d4b" outcome="Passed" testListId="8c84fa94-04c1-424b-9868-57a2d4851a1d" relativeResultsDirectory="a7e6b231-ca3d-48a5-8779-ed4747599c34" />
    <UnitTestResult executionId="a73deea9-b99c-408b-ac8c-6455dc8b3070" testId="80f5a640-ad10-06cf-9198-39d7a4c7c709" testName="xUnitTestProject.CurrencyHelperTests.FormatToStringTest1000(price: 21281.64584727662, expected: &quot;21281.65 zł&quot;)" computerName="DESKTOP-5URQ9PB" duration="00:00:00.0000055" startTime="2022-06-13T21:15:36.9393515+02:00" endTime="2022-06-13T21:15:36.9393517+02:00" testType="13cdc9d9-ddb5-4fa4-a97d-d965ccfc6d4b" outcome="Passed" testListId="8c84fa94-04c1-424b-9868-57a2d4851a1d" relativeResultsDirectory="a73deea9-b99c-408b-ac8c-6455dc8b3070" />
    <UnitTestResult executionId="629bf365-0d7b-4fb3-a48d-d4f4f46764ee" testId="a73e7657-df2c-963a-69ef-cc5459fb4c2b" testName="xUnitTestProject.CurrencyHelperTests.FormatToStringTest1000(price: 79388.929555234, expected: &quot;79388.93 zł&quot;)" computerName="DESKTOP-5URQ9PB" duration="00:00:00.0000040" startTime="2022-06-13T21:15:36.9705512+02:00" endTime="2022-06-13T21:15:36.9705514+02:00" testType="13cdc9d9-ddb5-4fa4-a97d-d965ccfc6d4b" outcome="Passed" testListId="8c84fa94-04c1-424b-9868-57a2d4851a1d" relativeResultsDirectory="629bf365-0d7b-4fb3-a48d-d4f4f46764ee" />
    <UnitTestResult executionId="fedd24d0-8175-4ced-812d-a70b55d6b559" testId="5d30b17d-1a70-2e78-f289-4e82f0d205e6" testName="xUnitTestProject.CurrencyHelperTests.FormatToStringTest1000(price: 115.26302841131717, expected: &quot;115.26 zł&quot;)" computerName="DESKTOP-5URQ9PB" duration="00:00:00.0000039" startTime="2022-06-13T21:15:36.9096012+02:00" endTime="2022-06-13T21:15:36.9096013+02:00" testType="13cdc9d9-ddb5-4fa4-a97d-d965ccfc6d4b" outcome="Passed" testListId="8c84fa94-04c1-424b-9868-57a2d4851a1d" relativeResultsDirectory="fedd24d0-8175-4ced-812d-a70b55d6b559" />
    <UnitTestResult executionId="2cfa1416-24e0-4fff-bdc7-d5c9557a0a8f" testId="2816ac64-5eac-8f30-91ba-bdceffb7dd71" testName="xUnitTestProject.CurrencyHelperTests.FormatToStringTest1000(price: 48684.26840475959, expected: &quot;48684.27 zł&quot;)" computerName="DESKTOP-5URQ9PB" duration="00:00:00.0000065" startTime="2022-06-13T21:15:36.9508433+02:00" endTime="2022-06-13T21:15:36.9508437+02:00" testType="13cdc9d9-ddb5-4fa4-a97d-d965ccfc6d4b" outcome="Passed" testListId="8c84fa94-04c1-424b-9868-57a2d4851a1d" relativeResultsDirectory="2cfa1416-24e0-4fff-bdc7-d5c9557a0a8f" />
    <UnitTestResult executionId="1a01992d-a1e7-43c9-b893-b81a36d43409" testId="f6807856-920c-b4f6-bd05-450a0bb2d3bd" testName="xUnitTestProject.CurrencyHelperTests.FormatToStringTest1000(price: 29678.921519093645, expected: &quot;29678.92 zł&quot;)" computerName="DESKTOP-5URQ9PB" duration="00:00:00.0000039" startTime="2022-06-13T21:15:36.9850766+02:00" endTime="2022-06-13T21:15:36.9850768+02:00" testType="13cdc9d9-ddb5-4fa4-a97d-d965ccfc6d4b" outcome="Passed" testListId="8c84fa94-04c1-424b-9868-57a2d4851a1d" relativeResultsDirectory="1a01992d-a1e7-43c9-b893-b81a36d43409" />
    <UnitTestResult executionId="461fbeee-854e-4828-a838-0d72bf43dce3" testId="ead5e525-476c-e9b0-a913-d40736b344c3" testName="xUnitTestProject.CurrencyHelperTests.FormatToStringTest1000(price: 33245.44763357819, expected: &quot;33245.45 zł&quot;)" computerName="DESKTOP-5URQ9PB" duration="00:00:00.0000040" startTime="2022-06-13T21:15:36.9859815+02:00" endTime="2022-06-13T21:15:36.9859816+02:00" testType="13cdc9d9-ddb5-4fa4-a97d-d965ccfc6d4b" outcome="Passed" testListId="8c84fa94-04c1-424b-9868-57a2d4851a1d" relativeResultsDirectory="461fbeee-854e-4828-a838-0d72bf43dce3" />
    <UnitTestResult executionId="5f392e8f-3191-4af8-aeb9-f2cd02fd943e" testId="df465776-c4f6-f76e-1fec-b3cfe705b591" testName="xUnitTestProject.CurrencyHelperTests.FormatToStringTest1000(price: 26468.346804109562, expected: &quot;26468.35 zł&quot;)" computerName="DESKTOP-5URQ9PB" duration="00:00:00.0000040" startTime="2022-06-13T21:15:36.9001675+02:00" endTime="2022-06-13T21:15:36.9001677+02:00" testType="13cdc9d9-ddb5-4fa4-a97d-d965ccfc6d4b" outcome="Passed" testListId="8c84fa94-04c1-424b-9868-57a2d4851a1d" relativeResultsDirectory="5f392e8f-3191-4af8-aeb9-f2cd02fd943e" />
    <UnitTestResult executionId="c0b753f9-6851-4bfc-83a7-196b26e60624" testId="2b8726cc-d2f8-9e6e-5458-ee24b8425f17" testName="xUnitTestProject.CurrencyHelperTests.FormatToStringTest1000(price: 7592.950837113406, expected: &quot;7592.95 zł&quot;)" computerName="DESKTOP-5URQ9PB" duration="00:00:00.0000039" startTime="2022-06-13T21:15:36.9938379+02:00" endTime="2022-06-13T21:15:36.9938381+02:00" testType="13cdc9d9-ddb5-4fa4-a97d-d965ccfc6d4b" outcome="Passed" testListId="8c84fa94-04c1-424b-9868-57a2d4851a1d" relativeResultsDirectory="c0b753f9-6851-4bfc-83a7-196b26e60624" />
    <UnitTestResult executionId="c0ca860b-bbe4-4c11-bea9-45275350d5a4" testId="281669ef-629b-f1d2-33b2-c7fad7ee0226" testName="xUnitTestProject.CurrencyHelperTests.FormatToStringTest1000(price: 9897.705953436767, expected: &quot;9897.71 zł&quot;)" computerName="DESKTOP-5URQ9PB" duration="00:00:00.0000039" startTime="2022-06-13T21:15:36.9790956+02:00" endTime="2022-06-13T21:15:36.9790957+02:00" testType="13cdc9d9-ddb5-4fa4-a97d-d965ccfc6d4b" outcome="Passed" testListId="8c84fa94-04c1-424b-9868-57a2d4851a1d" relativeResultsDirectory="c0ca860b-bbe4-4c11-bea9-45275350d5a4" />
    <UnitTestResult executionId="c15a2cce-f9a9-473c-8b89-7c948ce0d4a1" testId="6fd88d41-992e-23c0-e35a-a1d1b838cd50" testName="xUnitTestProject.CurrencyHelperTests.FormatToStringTest1000(price: 4094.6752323977066, expected: &quot;4094.68 zł&quot;)" computerName="DESKTOP-5URQ9PB" duration="00:00:00.0000058" startTime="2022-06-13T21:15:36.9403491+02:00" endTime="2022-06-13T21:15:36.9403494+02:00" testType="13cdc9d9-ddb5-4fa4-a97d-d965ccfc6d4b" outcome="Passed" testListId="8c84fa94-04c1-424b-9868-57a2d4851a1d" relativeResultsDirectory="c15a2cce-f9a9-473c-8b89-7c948ce0d4a1" />
    <UnitTestResult executionId="67a1a518-2935-4924-87f9-e629a6117bdb" testId="de1aa414-8fbd-dead-288e-d558b1305dac" testName="xUnitTestProject.CurrencyHelperTests.FormatToStringTest1000(price: 486.15309567942893, expected: &quot;486.15 zł&quot;)" computerName="DESKTOP-5URQ9PB" duration="00:00:00.0000037" startTime="2022-06-13T21:15:36.9929342+02:00" endTime="2022-06-13T21:15:36.9929343+02:00" testType="13cdc9d9-ddb5-4fa4-a97d-d965ccfc6d4b" outcome="Passed" testListId="8c84fa94-04c1-424b-9868-57a2d4851a1d" relativeResultsDirectory="67a1a518-2935-4924-87f9-e629a6117bdb" />
    <UnitTestResult executionId="25f7c1f4-703b-42a4-abaf-60c4245b0e31" testId="50bd341a-c773-af8f-d72d-637dadce7bec" testName="xUnitTestProject.CurrencyHelperTests.FormatToStringTest1000(price: 42383.08993972982, expected: &quot;42383.09 zł&quot;)" computerName="DESKTOP-5URQ9PB" duration="00:00:00.0000040" startTime="2022-06-13T21:15:36.9792191+02:00" endTime="2022-06-13T21:15:36.9792192+02:00" testType="13cdc9d9-ddb5-4fa4-a97d-d965ccfc6d4b" outcome="Passed" testListId="8c84fa94-04c1-424b-9868-57a2d4851a1d" relativeResultsDirectory="25f7c1f4-703b-42a4-abaf-60c4245b0e31" />
    <UnitTestResult executionId="c536c1f1-ca5d-4a8e-8071-3b671fd953c0" testId="cbad7040-1370-8b80-f9ed-c7be376f327f" testName="xUnitTestProject.CurrencyHelperTests.FormatToStringTest1000(price: 65809.35218338219, expected: &quot;65809.35 zł&quot;)" computerName="DESKTOP-5URQ9PB" duration="00:00:00.0000051" startTime="2022-06-13T21:15:37.0016301+02:00" endTime="2022-06-13T21:15:37.0016303+02:00" testType="13cdc9d9-ddb5-4fa4-a97d-d965ccfc6d4b" outcome="Passed" testListId="8c84fa94-04c1-424b-9868-57a2d4851a1d" relativeResultsDirectory="c536c1f1-ca5d-4a8e-8071-3b671fd953c0" />
    <UnitTestResult executionId="d76b090f-5e41-4c91-9f1a-696123710d8a" testId="bcd74692-fcc7-2c4c-b52b-85aae8ab43ad" testName="xUnitTestProject.CurrencyHelperTests.FormatToStringTest1000(price: 7119.076353227755, expected: &quot;7119.08 zł&quot;)" computerName="DESKTOP-5URQ9PB" duration="00:00:00.0000040" startTime="2022-06-13T21:15:36.9967341+02:00" endTime="2022-06-13T21:15:36.9967345+02:00" testType="13cdc9d9-ddb5-4fa4-a97d-d965ccfc6d4b" outcome="Passed" testListId="8c84fa94-04c1-424b-9868-57a2d4851a1d" relativeResultsDirectory="d76b090f-5e41-4c91-9f1a-696123710d8a" />
    <UnitTestResult executionId="81461495-6e25-45ca-93fc-168bb5d4c5ad" testId="a1a0e8aa-488b-d813-0baf-a61aa194c928" testName="xUnitTestProject.CurrencyHelperTests.FormatToStringTest1000(price: 32359.431438434138, expected: &quot;32359.43 zł&quot;)" computerName="DESKTOP-5URQ9PB" duration="00:00:00.0000041" startTime="2022-06-13T21:15:36.8913570+02:00" endTime="2022-06-13T21:15:36.8913580+02:00" testType="13cdc9d9-ddb5-4fa4-a97d-d965ccfc6d4b" outcome="Passed" testListId="8c84fa94-04c1-424b-9868-57a2d4851a1d" relativeResultsDirectory="81461495-6e25-45ca-93fc-168bb5d4c5ad" />
    <UnitTestResult executionId="5de94cae-7d1a-44ab-8ad1-f5449a34f04d" testId="e8ec7e81-c75e-50ea-5d4f-c58eeb7d8270" testName="xUnitTestProject.CurrencyHelperTests.FormatToStringTest1000(price: 17098.491445727876, expected: &quot;17098.49 zł&quot;)" computerName="DESKTOP-5URQ9PB" duration="00:00:00.0000059" startTime="2022-06-13T21:15:36.9566808+02:00" endTime="2022-06-13T21:15:36.9566813+02:00" testType="13cdc9d9-ddb5-4fa4-a97d-d965ccfc6d4b" outcome="Passed" testListId="8c84fa94-04c1-424b-9868-57a2d4851a1d" relativeResultsDirectory="5de94cae-7d1a-44ab-8ad1-f5449a34f04d" />
    <UnitTestResult executionId="5a842319-3f08-4a75-96b9-4f65b2fdd333" testId="178d037f-daf8-5717-a393-b090c90da1cf" testName="xUnitTestProject.CurrencyHelperTests.FormatToStringTest1000(price: 48654.65723134794, expected: &quot;48654.66 zł&quot;)" computerName="DESKTOP-5URQ9PB" duration="00:00:00.0000052" startTime="2022-06-13T21:15:36.9676806+02:00" endTime="2022-06-13T21:15:36.9676807+02:00" testType="13cdc9d9-ddb5-4fa4-a97d-d965ccfc6d4b" outcome="Passed" testListId="8c84fa94-04c1-424b-9868-57a2d4851a1d" relativeResultsDirectory="5a842319-3f08-4a75-96b9-4f65b2fdd333" />
    <UnitTestResult executionId="e691a8d5-297d-437e-bc54-7ae54f8061f2" testId="fa34dc68-0a28-d88d-9f8e-755de73cf02d" testName="xUnitTestProject.CurrencyHelperTests.FormatToStringTest1000(price: 41915.7945284563, expected: &quot;41915.79 zł&quot;)" computerName="DESKTOP-5URQ9PB" duration="00:00:00.0000039" startTime="2022-06-13T21:15:37.0015994+02:00" endTime="2022-06-13T21:15:37.0015996+02:00" testType="13cdc9d9-ddb5-4fa4-a97d-d965ccfc6d4b" outcome="Passed" testListId="8c84fa94-04c1-424b-9868-57a2d4851a1d" relativeResultsDirectory="e691a8d5-297d-437e-bc54-7ae54f8061f2" />
    <UnitTestResult executionId="797a0819-8bca-465c-a74a-ee1fb4a7b058" testId="33b74559-764f-421e-252d-cd475c561f9a" testName="xUnitTestProject.CurrencyHelperTests.FormatToStringTest1000(price: 4715.320654313695, expected: &quot;4715.32 zł&quot;)" computerName="DESKTOP-5URQ9PB" duration="00:00:00.0000039" startTime="2022-06-13T21:15:36.9149340+02:00" endTime="2022-06-13T21:15:36.9149341+02:00" testType="13cdc9d9-ddb5-4fa4-a97d-d965ccfc6d4b" outcome="Passed" testListId="8c84fa94-04c1-424b-9868-57a2d4851a1d" relativeResultsDirectory="797a0819-8bca-465c-a74a-ee1fb4a7b058" />
    <UnitTestResult executionId="59aff417-2574-408d-af29-b4faa8113e83" testId="6aa06741-b93f-b24b-6ccf-f7d51617fc30" testName="xUnitTestProject.CurrencyHelperTests.FormatToStringTest1000(price: 10501.127379151585, expected: &quot;10501.13 zł&quot;)" computerName="DESKTOP-5URQ9PB" duration="00:00:00.0000056" startTime="2022-06-13T21:15:36.9448449+02:00" endTime="2022-06-13T21:15:36.9448450+02:00" testType="13cdc9d9-ddb5-4fa4-a97d-d965ccfc6d4b" outcome="Passed" testListId="8c84fa94-04c1-424b-9868-57a2d4851a1d" relativeResultsDirectory="59aff417-2574-408d-af29-b4faa8113e83" />
    <UnitTestResult executionId="e6ecf4d3-c0d5-4c52-8507-99477c5c4d5b" testId="d9756703-fed3-1fb8-7195-5dae810af3cf" testName="xUnitTestProject.CurrencyHelperTests.FormatToStringTest1000(price: 2346.9964869427477, expected: &quot;2347.00 zł&quot;)" computerName="DESKTOP-5URQ9PB" duration="00:00:00.0000058" startTime="2022-06-13T21:15:36.9359860+02:00" endTime="2022-06-13T21:15:36.9359865+02:00" testType="13cdc9d9-ddb5-4fa4-a97d-d965ccfc6d4b" outcome="Passed" testListId="8c84fa94-04c1-424b-9868-57a2d4851a1d" relativeResultsDirectory="e6ecf4d3-c0d5-4c52-8507-99477c5c4d5b" />
    <UnitTestResult executionId="609e3f6a-3c2e-49cb-9a09-497bbca2b04d" testId="d0528706-3be3-396a-77f7-4d1c86caa17a" testName="xUnitTestProject.CurrencyHelperTests.FormatToStringTest1000(price: 21221.884746198488, expected: &quot;21221.88 zł&quot;)" computerName="DESKTOP-5URQ9PB" duration="00:00:00.0000038" startTime="2022-06-13T21:15:36.9780549+02:00" endTime="2022-06-13T21:15:36.9780553+02:00" testType="13cdc9d9-ddb5-4fa4-a97d-d965ccfc6d4b" outcome="Passed" testListId="8c84fa94-04c1-424b-9868-57a2d4851a1d" relativeResultsDirectory="609e3f6a-3c2e-49cb-9a09-497bbca2b04d" />
    <UnitTestResult executionId="3fb6cc0b-35c3-4e7b-9d97-a174141be437" testId="19a6af43-eb02-cc32-570b-ae7c8852f08e" testName="xUnitTestProject.CurrencyHelperTests.FormatToStringTest1000(price: 6313.543884690639, expected: &quot;6313.54 zł&quot;)" computerName="DESKTOP-5URQ9PB" duration="00:00:00.0000037" startTime="2022-06-13T21:15:36.9986642+02:00" endTime="2022-06-13T21:15:36.9986644+02:00" testType="13cdc9d9-ddb5-4fa4-a97d-d965ccfc6d4b" outcome="Passed" testListId="8c84fa94-04c1-424b-9868-57a2d4851a1d" relativeResultsDirectory="3fb6cc0b-35c3-4e7b-9d97-a174141be437" />
    <UnitTestResult executionId="2fffa156-183a-4865-b68c-6e153fe1a74c" testId="d2ca44f4-b0fb-ea99-f88d-5612fe812eb3" testName="xUnitTestProject.CurrencyHelperTests.FormatToStringTest1000(price: 10457.593086045978, expected: &quot;10457.59 zł&quot;)" computerName="DESKTOP-5URQ9PB" duration="00:00:00.0000041" startTime="2022-06-13T21:15:36.9947659+02:00" endTime="2022-06-13T21:15:36.9947664+02:00" testType="13cdc9d9-ddb5-4fa4-a97d-d965ccfc6d4b" outcome="Passed" testListId="8c84fa94-04c1-424b-9868-57a2d4851a1d" relativeResultsDirectory="2fffa156-183a-4865-b68c-6e153fe1a74c" />
    <UnitTestResult executionId="b0cf8265-075b-45b9-8ae1-855cd094e6ac" testId="3fe65711-0b55-7192-8237-90b45a462066" testName="xUnitTestProject.CurrencyHelperTests.FormatToStringTest1000(price: 159.83786031922224, expected: &quot;159.84 zł&quot;)" computerName="DESKTOP-5URQ9PB" duration="00:00:00.0000038" startTime="2022-06-13T21:15:36.9919574+02:00" endTime="2022-06-13T21:15:36.9919575+02:00" testType="13cdc9d9-ddb5-4fa4-a97d-d965ccfc6d4b" outcome="Passed" testListId="8c84fa94-04c1-424b-9868-57a2d4851a1d" relativeResultsDirectory="b0cf8265-075b-45b9-8ae1-855cd094e6ac" />
    <UnitTestResult executionId="cb735e5b-34f9-485d-9542-715e1c793d58" testId="52dd4d5a-f28a-3449-7987-33dfda351248" testName="xUnitTestProject.CurrencyHelperTests.FormatToStringTest1000(price: 31290.71396233687, expected: &quot;31290.71 zł&quot;)" computerName="DESKTOP-5URQ9PB" duration="00:00:00.0000056" startTime="2022-06-13T21:15:36.9508785+02:00" endTime="2022-06-13T21:15:36.9508786+02:00" testType="13cdc9d9-ddb5-4fa4-a97d-d965ccfc6d4b" outcome="Passed" testListId="8c84fa94-04c1-424b-9868-57a2d4851a1d" relativeResultsDirectory="cb735e5b-34f9-485d-9542-715e1c793d58" />
    <UnitTestResult executionId="cfbe51d2-db04-46d7-a6eb-22ce241b735c" testId="9c7fd1db-1277-0ff0-b26a-428fd3366acd" testName="xUnitTestProject.CurrencyHelperTests.FormatToStringTest1000(price: 59768.02667973611, expected: &quot;59768.03 zł&quot;)" computerName="DESKTOP-5URQ9PB" duration="00:00:00.0000056" startTime="2022-06-13T21:15:36.9458067+02:00" endTime="2022-06-13T21:15:36.9458069+02:00" testType="13cdc9d9-ddb5-4fa4-a97d-d965ccfc6d4b" outcome="Passed" testListId="8c84fa94-04c1-424b-9868-57a2d4851a1d" relativeResultsDirectory="cfbe51d2-db04-46d7-a6eb-22ce241b735c" />
    <UnitTestResult executionId="f72b5d94-2085-4682-a020-8e33b3024a03" testId="c5aa0d75-50a2-309f-29ef-6a7a3d1053ab" testName="xUnitTestProject.CurrencyHelperTests.FormatToStringTest1000(price: 30031.89550569323, expected: &quot;30031.90 zł&quot;)" computerName="DESKTOP-5URQ9PB" duration="00:00:00.0000061" startTime="2022-06-13T21:15:36.9293593+02:00" endTime="2022-06-13T21:15:36.9293595+02:00" testType="13cdc9d9-ddb5-4fa4-a97d-d965ccfc6d4b" outcome="Passed" testListId="8c84fa94-04c1-424b-9868-57a2d4851a1d" relativeResultsDirectory="f72b5d94-2085-4682-a020-8e33b3024a03" />
    <UnitTestResult executionId="bda35634-6551-4211-81b1-d21ad4d1ed74" testId="d4cfd815-487d-e378-1f28-dc4676158012" testName="xUnitTestProject.CurrencyHelperTests.FormatToStringTest1000(price: 10370.0107542784, expected: &quot;10370.01 zł&quot;)" computerName="DESKTOP-5URQ9PB" duration="00:00:00.0000056" startTime="2022-06-13T21:15:36.9637239+02:00" endTime="2022-06-13T21:15:36.9637240+02:00" testType="13cdc9d9-ddb5-4fa4-a97d-d965ccfc6d4b" outcome="Passed" testListId="8c84fa94-04c1-424b-9868-57a2d4851a1d" relativeResultsDirectory="bda35634-6551-4211-81b1-d21ad4d1ed74" />
    <UnitTestResult executionId="d2593cfd-bf83-44dd-bd15-cfbfce037889" testId="cf6ce7eb-96c1-8a55-15f9-4fb2522dc822" testName="xUnitTestProject.CurrencyHelperTests.FormatToStringTest1000(price: 76536.95853396178, expected: &quot;76536.96 zł&quot;)" computerName="DESKTOP-5URQ9PB" duration="00:00:00.0000040" startTime="2022-06-13T21:15:36.8981463+02:00" endTime="2022-06-13T21:15:36.8981465+02:00" testType="13cdc9d9-ddb5-4fa4-a97d-d965ccfc6d4b" outcome="Passed" testListId="8c84fa94-04c1-424b-9868-57a2d4851a1d" relativeResultsDirectory="d2593cfd-bf83-44dd-bd15-cfbfce037889" />
    <UnitTestResult executionId="e965e35c-f158-43ef-9ac8-0dfdd08150a7" testId="48499d12-acd9-8513-1f00-a2b49278b2fc" testName="xUnitTestProject.CurrencyHelperTests.FormatToStringTest1000(price: 16030.852371789913, expected: &quot;16030.85 zł&quot;)" computerName="DESKTOP-5URQ9PB" duration="00:00:00.0000056" startTime="2022-06-13T21:15:36.9274897+02:00" endTime="2022-06-13T21:15:36.9274899+02:00" testType="13cdc9d9-ddb5-4fa4-a97d-d965ccfc6d4b" outcome="Passed" testListId="8c84fa94-04c1-424b-9868-57a2d4851a1d" relativeResultsDirectory="e965e35c-f158-43ef-9ac8-0dfdd08150a7" />
    <UnitTestResult executionId="c67afd85-01f1-4321-9d27-a21bda2e108c" testId="595bfab0-5cd9-2edb-fcf1-e6874dc93e48" testName="xUnitTestProject.CurrencyHelperTests.FormatToStringTest1000(price: 13375.96341587415, expected: &quot;13375.96 zł&quot;)" computerName="DESKTOP-5URQ9PB" duration="00:00:00.0000038" startTime="2022-06-13T21:15:36.9034212+02:00" endTime="2022-06-13T21:15:36.9034213+02:00" testType="13cdc9d9-ddb5-4fa4-a97d-d965ccfc6d4b" outcome="Passed" testListId="8c84fa94-04c1-424b-9868-57a2d4851a1d" relativeResultsDirectory="c67afd85-01f1-4321-9d27-a21bda2e108c" />
    <UnitTestResult executionId="88c30905-06b8-4ab5-b569-b15abc74c64a" testId="9ee4d82e-bba5-9c6c-1803-31366568eb6e" testName="xUnitTestProject.CurrencyHelperTests.FormatToStringTest1000(price: 68698.01923441609, expected: &quot;68698.02 zł&quot;)" computerName="DESKTOP-5URQ9PB" duration="00:00:00.0000048" startTime="2022-06-13T21:15:36.9695506+02:00" endTime="2022-06-13T21:15:36.9695507+02:00" testType="13cdc9d9-ddb5-4fa4-a97d-d965ccfc6d4b" outcome="Passed" testListId="8c84fa94-04c1-424b-9868-57a2d4851a1d" relativeResultsDirectory="88c30905-06b8-4ab5-b569-b15abc74c64a" />
    <UnitTestResult executionId="641b6558-9ba8-4ab0-a0f0-65a9af4472ac" testId="d04a2ff8-d519-5ad7-fd64-a85e9b9ae68c" testName="xUnitTestProject.CurrencyHelperTests.FormatToStringTest1000(price: 5876.112133716285, expected: &quot;5876.11 zł&quot;)" computerName="DESKTOP-5URQ9PB" duration="00:00:00.0000059" startTime="2022-06-13T21:15:36.9635942+02:00" endTime="2022-06-13T21:15:36.9635944+02:00" testType="13cdc9d9-ddb5-4fa4-a97d-d965ccfc6d4b" outcome="Passed" testListId="8c84fa94-04c1-424b-9868-57a2d4851a1d" relativeResultsDirectory="641b6558-9ba8-4ab0-a0f0-65a9af4472ac" />
    <UnitTestResult executionId="fe508ad4-06a1-45ac-a0b1-986264be3bb6" testId="8a663fa2-76ee-caf2-967f-999f9c7a5bb3" testName="xUnitTestProject.CurrencyHelperTests.FormatToStringTest1000(price: 55030.929183896136, expected: &quot;55030.93 zł&quot;)" computerName="DESKTOP-5URQ9PB" duration="00:00:00.0000058" startTime="2022-06-13T21:15:36.9273654+02:00" endTime="2022-06-13T21:15:36.9273656+02:00" testType="13cdc9d9-ddb5-4fa4-a97d-d965ccfc6d4b" outcome="Passed" testListId="8c84fa94-04c1-424b-9868-57a2d4851a1d" relativeResultsDirectory="fe508ad4-06a1-45ac-a0b1-986264be3bb6" />
    <UnitTestResult executionId="6100b7ee-c2ca-4d21-bee7-e3c9cff3b4ed" testId="3dca0048-5c2b-c7cd-4eca-6367cfc4f1ca" testName="xUnitTestProject.CurrencyHelperTests.FormatToStringTest1000(price: 6752.510462437062, expected: &quot;6752.51 zł&quot;)" computerName="DESKTOP-5URQ9PB" duration="00:00:00.0000040" startTime="2022-06-13T21:15:36.9665969+02:00" endTime="2022-06-13T21:15:36.9665971+02:00" testType="13cdc9d9-ddb5-4fa4-a97d-d965ccfc6d4b" outcome="Passed" testListId="8c84fa94-04c1-424b-9868-57a2d4851a1d" relativeResultsDirectory="6100b7ee-c2ca-4d21-bee7-e3c9cff3b4ed" />
    <UnitTestResult executionId="307a60b0-3856-4a39-87f8-2471365a029e" testId="a006362c-c876-0d68-dfa7-4b9381a2f95f" testName="xUnitTestProject.CurrencyHelperTests.FormatToStringTest1000(price: 21893.78889296939, expected: &quot;21893.79 zł&quot;)" computerName="DESKTOP-5URQ9PB" duration="00:00:00.0000123" startTime="2022-06-13T21:15:36.9548935+02:00" endTime="2022-06-13T21:15:36.9548937+02:00" testType="13cdc9d9-ddb5-4fa4-a97d-d965ccfc6d4b" outcome="Passed" testListId="8c84fa94-04c1-424b-9868-57a2d4851a1d" relativeResultsDirectory="307a60b0-3856-4a39-87f8-2471365a029e" />
    <UnitTestResult executionId="0665bf81-a644-4f04-b095-b1ff00425ba4" testId="8e549758-1d04-7bb3-a187-b61fc529196f" testName="xUnitTestProject.CurrencyHelperTests.FormatToStringTest1000(price: 29474.095826699442, expected: &quot;29474.10 zł&quot;)" computerName="DESKTOP-5URQ9PB" duration="00:00:00.0000058" startTime="2022-06-13T21:15:36.9292973+02:00" endTime="2022-06-13T21:15:36.9292975+02:00" testType="13cdc9d9-ddb5-4fa4-a97d-d965ccfc6d4b" outcome="Passed" testListId="8c84fa94-04c1-424b-9868-57a2d4851a1d" relativeResultsDirectory="0665bf81-a644-4f04-b095-b1ff00425ba4" />
    <UnitTestResult executionId="3a9a8abc-46ee-4301-91ff-2a39127f82ac" testId="170260b6-6610-99a8-adfb-d2dcbd80a40f" testName="xUnitTestProject.CurrencyHelperTests.FormatToStringTest1000(price: 7370.518277515898, expected: &quot;7370.52 zł&quot;)" computerName="DESKTOP-5URQ9PB" duration="00:00:00.0000039" startTime="2022-06-13T21:15:36.9948015+02:00" endTime="2022-06-13T21:15:36.9948017+02:00" testType="13cdc9d9-ddb5-4fa4-a97d-d965ccfc6d4b" outcome="Passed" testListId="8c84fa94-04c1-424b-9868-57a2d4851a1d" relativeResultsDirectory="3a9a8abc-46ee-4301-91ff-2a39127f82ac" />
    <UnitTestResult executionId="83f35140-cb57-418a-a46f-6d4b970c4c66" testId="95df1eac-f3bd-b207-f98c-5233af246763" testName="xUnitTestProject.CurrencyHelperTests.FormatToStringTest1000(price: 7569.605888796322, expected: &quot;7569.61 zł&quot;)" computerName="DESKTOP-5URQ9PB" duration="00:00:00.0000056" startTime="2022-06-13T21:15:36.9447212+02:00" endTime="2022-06-13T21:15:36.9447214+02:00" testType="13cdc9d9-ddb5-4fa4-a97d-d965ccfc6d4b" outcome="Passed" testListId="8c84fa94-04c1-424b-9868-57a2d4851a1d" relativeResultsDirectory="83f35140-cb57-418a-a46f-6d4b970c4c66" />
    <UnitTestResult executionId="ef324dbe-1d9e-4676-935a-202898600a4a" testId="4858eca7-ac2a-e51a-34d1-70891bbff583" testName="xUnitTestProject.CurrencyHelperTests.FormatToStringTest1000(price: 2390.7596313784643, expected: &quot;2390.76 zł&quot;)" computerName="DESKTOP-5URQ9PB" duration="00:00:00.0000040" startTime="2022-06-13T21:15:36.9985396+02:00" endTime="2022-06-13T21:15:36.9985398+02:00" testType="13cdc9d9-ddb5-4fa4-a97d-d965ccfc6d4b" outcome="Passed" testListId="8c84fa94-04c1-424b-9868-57a2d4851a1d" relativeResultsDirectory="ef324dbe-1d9e-4676-935a-202898600a4a" />
    <UnitTestResult executionId="e1ccedbd-20ea-4c66-bb2c-adbf56765fa4" testId="3b212d04-f6e8-ace9-1475-1632b0249f80" testName="xUnitTestProject.CurrencyHelperTests.FormatToStringTest1000(price: 70149.17842025738, expected: &quot;70149.18 zł&quot;)" computerName="DESKTOP-5URQ9PB" duration="00:00:00.0000069" startTime="2022-06-13T21:15:36.9402761+02:00" endTime="2022-06-13T21:15:36.9402764+02:00" testType="13cdc9d9-ddb5-4fa4-a97d-d965ccfc6d4b" outcome="Passed" testListId="8c84fa94-04c1-424b-9868-57a2d4851a1d" relativeResultsDirectory="e1ccedbd-20ea-4c66-bb2c-adbf56765fa4" />
    <UnitTestResult executionId="c73f9ca9-28e6-49ea-899f-6c13440a4293" testId="758b94a4-3e83-213a-e897-268aa753a08f" testName="xUnitTestProject.CurrencyHelperTests.FormatToStringTest1000(price: 36760.171806480816, expected: &quot;36760.17 zł&quot;)" computerName="DESKTOP-5URQ9PB" duration="00:00:00.0000040" startTime="2022-06-13T21:15:36.9994693+02:00" endTime="2022-06-13T21:15:36.9994697+02:00" testType="13cdc9d9-ddb5-4fa4-a97d-d965ccfc6d4b" outcome="Passed" testListId="8c84fa94-04c1-424b-9868-57a2d4851a1d" relativeResultsDirectory="c73f9ca9-28e6-49ea-899f-6c13440a4293" />
    <UnitTestResult executionId="2ee7f574-7c57-4c0a-8516-011ce5807d97" testId="015022db-d96e-2b60-5477-1c6f1fa9a487" testName="xUnitTestProject.CurrencyHelperTests.FormatToStringTest1000(price: 1328.353302088265, expected: &quot;1328.35 zł&quot;)" computerName="DESKTOP-5URQ9PB" duration="00:00:00.0000041" startTime="2022-06-13T21:15:36.9761440+02:00" endTime="2022-06-13T21:15:36.9761441+02:00" testType="13cdc9d9-ddb5-4fa4-a97d-d965ccfc6d4b" outcome="Passed" testListId="8c84fa94-04c1-424b-9868-57a2d4851a1d" relativeResultsDirectory="2ee7f574-7c57-4c0a-8516-011ce5807d97" />
    <UnitTestResult executionId="68f8cbaa-a2fc-4215-b59d-1bc76bd7a46e" testId="a38d6dd0-4abc-cd66-f98d-02667c7de044" testName="xUnitTestProject.CurrencyHelperTests.FormatToStringTest1000(price: 20623.53139885493, expected: &quot;20623.53 zł&quot;)" computerName="DESKTOP-5URQ9PB" duration="00:00:00.0000039" startTime="2022-06-13T21:15:36.9967989+02:00" endTime="2022-06-13T21:15:36.9967990+02:00" testType="13cdc9d9-ddb5-4fa4-a97d-d965ccfc6d4b" outcome="Passed" testListId="8c84fa94-04c1-424b-9868-57a2d4851a1d" relativeResultsDirectory="68f8cbaa-a2fc-4215-b59d-1bc76bd7a46e" />
    <UnitTestResult executionId="e1adab2e-18cf-42ed-98ed-5d23d8e20c19" testId="cd5a26d8-2bfb-59a4-04b5-4f695fd431f8" testName="xUnitTestProject.CurrencyHelperTests.FormatToStringTest1000(price: 2409.393997763001, expected: &quot;2409.39 zł&quot;)" computerName="DESKTOP-5URQ9PB" duration="00:00:00.0000040" startTime="2022-06-13T21:15:36.9801565+02:00" endTime="2022-06-13T21:15:36.9801566+02:00" testType="13cdc9d9-ddb5-4fa4-a97d-d965ccfc6d4b" outcome="Passed" testListId="8c84fa94-04c1-424b-9868-57a2d4851a1d" relativeResultsDirectory="e1adab2e-18cf-42ed-98ed-5d23d8e20c19" />
    <UnitTestResult executionId="e41bde3d-9399-41c3-8593-85a7d4c0bac0" testId="612eaa65-a60d-5727-69a2-576580c27858" testName="xUnitTestProject.CurrencyHelperTests.FormatToStringTest1000(price: 7621.507806692509, expected: &quot;7621.51 zł&quot;)" computerName="DESKTOP-5URQ9PB" duration="00:00:00.0000104" startTime="2022-06-13T21:15:36.9226067+02:00" endTime="2022-06-13T21:15:36.9226069+02:00" testType="13cdc9d9-ddb5-4fa4-a97d-d965ccfc6d4b" outcome="Passed" testListId="8c84fa94-04c1-424b-9868-57a2d4851a1d" relativeResultsDirectory="e41bde3d-9399-41c3-8593-85a7d4c0bac0" />
    <UnitTestResult executionId="d561730b-070b-477b-8f26-db4bb0b67fdb" testId="aae9a2f6-c5ae-d742-7ea5-60de6dc3d9cf" testName="xUnitTestProject.CurrencyHelperTests.FormatToStringTest1000(price: 34096.337879508894, expected: &quot;34096.34 zł&quot;)" computerName="DESKTOP-5URQ9PB" duration="00:00:00.0000039" startTime="2022-06-13T21:15:36.9830924+02:00" endTime="2022-06-13T21:15:36.9830926+02:00" testType="13cdc9d9-ddb5-4fa4-a97d-d965ccfc6d4b" outcome="Passed" testListId="8c84fa94-04c1-424b-9868-57a2d4851a1d" relativeResultsDirectory="d561730b-070b-477b-8f26-db4bb0b67fdb" />
    <UnitTestResult executionId="edc02075-12fc-4d1b-b96a-148ecb8eee52" testId="bc83fa3c-576f-30a6-fe1b-a25c896763ba" testName="xUnitTestProject.CurrencyHelperTests.FormatToStringTest1000(price: 23612.114499758984, expected: &quot;23612.11 zł&quot;)" computerName="DESKTOP-5URQ9PB" duration="00:00:00.0000055" startTime="2022-06-13T21:15:36.9537598+02:00" endTime="2022-06-13T21:15:36.9537603+02:00" testType="13cdc9d9-ddb5-4fa4-a97d-d965ccfc6d4b" outcome="Passed" testListId="8c84fa94-04c1-424b-9868-57a2d4851a1d" relativeResultsDirectory="edc02075-12fc-4d1b-b96a-148ecb8eee52" />
    <UnitTestResult executionId="ff2265ac-2ab7-4b7e-afb5-15acb4624169" testId="a33a7227-7248-ce4e-bb18-77c33faa0f1a" testName="xUnitTestProject.CurrencyHelperTests.FormatToStringTest1000(price: 24528.124092612474, expected: &quot;24528.12 zł&quot;)" computerName="DESKTOP-5URQ9PB" duration="00:00:00.0000041" startTime="2022-06-13T21:15:36.9812047+02:00" endTime="2022-06-13T21:15:36.9812048+02:00" testType="13cdc9d9-ddb5-4fa4-a97d-d965ccfc6d4b" outcome="Passed" testListId="8c84fa94-04c1-424b-9868-57a2d4851a1d" relativeResultsDirectory="ff2265ac-2ab7-4b7e-afb5-15acb4624169" />
    <UnitTestResult executionId="cad164d9-c7b0-49b6-ab4f-d9e50d12b651" testId="5b7cf016-7948-5d44-c172-ab04f16e1bd2" testName="xUnitTestProject.CurrencyHelperTests.FormatToStringTest1000(price: 73372.53853826903, expected: &quot;73372.54 zł&quot;)" computerName="DESKTOP-5URQ9PB" duration="00:00:00.0000041" startTime="2022-06-13T21:15:36.8958498+02:00" endTime="2022-06-13T21:15:36.8958500+02:00" testType="13cdc9d9-ddb5-4fa4-a97d-d965ccfc6d4b" outcome="Passed" testListId="8c84fa94-04c1-424b-9868-57a2d4851a1d" relativeResultsDirectory="cad164d9-c7b0-49b6-ab4f-d9e50d12b651" />
    <UnitTestResult executionId="c3f65928-b50b-4ac9-a16b-0841447b12d4" testId="2059d141-cc28-3ec8-0e84-daba3f077644" testName="xUnitTestProject.CurrencyHelperTests.FormatToStringTest1000(price: 39146.892120180135, expected: &quot;39146.89 zł&quot;)" computerName="DESKTOP-5URQ9PB" duration="00:00:00.0000037" startTime="2022-06-13T21:15:36.9751947+02:00" endTime="2022-06-13T21:15:36.9751949+02:00" testType="13cdc9d9-ddb5-4fa4-a97d-d965ccfc6d4b" outcome="Passed" testListId="8c84fa94-04c1-424b-9868-57a2d4851a1d" relativeResultsDirectory="c3f65928-b50b-4ac9-a16b-0841447b12d4" />
    <UnitTestResult executionId="d1562c1c-e712-40d4-b3fc-f849632fd50c" testId="aaa9e076-e199-e522-2c08-1bd206c5f6e7" testName="xUnitTestProject.CurrencyHelperTests.FormatToStringTest1000(price: 23120.169499649743, expected: &quot;23120.17 zł&quot;)" computerName="DESKTOP-5URQ9PB" duration="00:00:00.0000058" startTime="2022-06-13T21:15:36.9528842+02:00" endTime="2022-06-13T21:15:36.9528843+02:00" testType="13cdc9d9-ddb5-4fa4-a97d-d965ccfc6d4b" outcome="Passed" testListId="8c84fa94-04c1-424b-9868-57a2d4851a1d" relativeResultsDirectory="d1562c1c-e712-40d4-b3fc-f849632fd50c" />
    <UnitTestResult executionId="4c5b2a37-8668-4005-befa-622d870589c0" testId="6c34d91a-3ccc-a88d-a525-6f3132726a55" testName="xUnitTestProject.CurrencyHelperTests.FormatToStringTest1000(price: 6057.842750804426, expected: &quot;6057.84 zł&quot;)" computerName="DESKTOP-5URQ9PB" duration="00:00:00.0000110" startTime="2022-06-13T21:15:36.9234108+02:00" endTime="2022-06-13T21:15:36.9234109+02:00" testType="13cdc9d9-ddb5-4fa4-a97d-d965ccfc6d4b" outcome="Passed" testListId="8c84fa94-04c1-424b-9868-57a2d4851a1d" relativeResultsDirectory="4c5b2a37-8668-4005-befa-622d870589c0" />
    <UnitTestResult executionId="31b7bf5e-1012-491a-88c4-48e87bb63ab3" testId="5bb9d818-e2ff-58b7-df0a-941461adb800" testName="xUnitTestProject.CurrencyHelperTests.FormatToStringTest1000(price: 5548.360986085777, expected: &quot;5548.36 zł&quot;)" computerName="DESKTOP-5URQ9PB" duration="00:00:00.0000041" startTime="2022-06-13T21:15:36.8891287+02:00" endTime="2022-06-13T21:15:36.8891288+02:00" testType="13cdc9d9-ddb5-4fa4-a97d-d965ccfc6d4b" outcome="Passed" testListId="8c84fa94-04c1-424b-9868-57a2d4851a1d" relativeResultsDirectory="31b7bf5e-1012-491a-88c4-48e87bb63ab3" />
    <UnitTestResult executionId="9d3a3dd0-10e1-467a-a82d-6ffc2c943122" testId="6dd99dbe-4c8b-34b5-1e2c-dac97050c643" testName="xUnitTestProject.CurrencyHelperTests.FormatToStringTest1000(price: 66723.3293191657, expected: &quot;66723.33 zł&quot;)" computerName="DESKTOP-5URQ9PB" duration="00:00:00.0000040" startTime="2022-06-13T21:15:36.9898400+02:00" endTime="2022-06-13T21:15:36.9898402+02:00" testType="13cdc9d9-ddb5-4fa4-a97d-d965ccfc6d4b" outcome="Passed" testListId="8c84fa94-04c1-424b-9868-57a2d4851a1d" relativeResultsDirectory="9d3a3dd0-10e1-467a-a82d-6ffc2c943122" />
    <UnitTestResult executionId="0f28bd36-c369-472a-905e-2d7fa62cdfb6" testId="28d8e856-ac6b-165d-f269-4ec7d560f09b" testName="xUnitTestProject.CurrencyHelperTests.FormatToStringTest1000(price: 9928.477822322622, expected: &quot;9928.48 zł&quot;)" computerName="DESKTOP-5URQ9PB" duration="00:00:00.0000038" startTime="2022-06-13T21:15:36.9168119+02:00" endTime="2022-06-13T21:15:36.9168121+02:00" testType="13cdc9d9-ddb5-4fa4-a97d-d965ccfc6d4b" outcome="Passed" testListId="8c84fa94-04c1-424b-9868-57a2d4851a1d" relativeResultsDirectory="0f28bd36-c369-472a-905e-2d7fa62cdfb6" />
    <UnitTestResult executionId="036688d0-5935-4763-89bd-2a903732f744" testId="cd325bca-14d8-e62d-3ed3-b6cff2a5be8c" testName="xUnitTestProject.CurrencyHelperTests.FormatToStringTest1000(price: 4539.210371735137, expected: &quot;4539.21 zł&quot;)" computerName="DESKTOP-5URQ9PB" duration="00:00:00.0000039" startTime="2022-06-13T21:15:36.8947501+02:00" endTime="2022-06-13T21:15:36.8947503+02:00" testType="13cdc9d9-ddb5-4fa4-a97d-d965ccfc6d4b" outcome="Passed" testListId="8c84fa94-04c1-424b-9868-57a2d4851a1d" relativeResultsDirectory="036688d0-5935-4763-89bd-2a903732f744" />
    <UnitTestResult executionId="e2c160a1-c074-4cb0-8faf-c63a1e3f73ab" testId="61bdea90-2716-ebd5-11fe-1f07a5d80915" testName="xUnitTestProject.CurrencyHelperTests.FormatToStringTest1000(price: 40545.70748620001, expected: &quot;40545.71 zł&quot;)" computerName="DESKTOP-5URQ9PB" duration="00:00:00.0000046" startTime="2022-06-13T21:15:36.8893172+02:00" endTime="2022-06-13T21:15:36.8893173+02:00" testType="13cdc9d9-ddb5-4fa4-a97d-d965ccfc6d4b" outcome="Passed" testListId="8c84fa94-04c1-424b-9868-57a2d4851a1d" relativeResultsDirectory="e2c160a1-c074-4cb0-8faf-c63a1e3f73ab" />
    <UnitTestResult executionId="22f38c48-2b09-4904-9fce-f1752cd9a205" testId="9f1933d5-ba32-f60d-5aa4-3e77602dd567" testName="xUnitTestProject.CurrencyHelperTests.FormatToStringTest1000(price: 26207.03715363659, expected: &quot;26207.04 zł&quot;)" computerName="DESKTOP-5URQ9PB" duration="00:00:00.0000058" startTime="2022-06-13T21:15:36.9569321+02:00" endTime="2022-06-13T21:15:36.9569322+02:00" testType="13cdc9d9-ddb5-4fa4-a97d-d965ccfc6d4b" outcome="Passed" testListId="8c84fa94-04c1-424b-9868-57a2d4851a1d" relativeResultsDirectory="22f38c48-2b09-4904-9fce-f1752cd9a205" />
    <UnitTestResult executionId="c3e761ac-8c32-42d3-96b9-8d517e7c9b4d" testId="d380f6a1-83cc-0c12-360c-ba81b340bce2" testName="xUnitTestProject.CurrencyHelperTests.FormatToStringTest1000(price: 36320.770035296104, expected: &quot;36320.77 zł&quot;)" computerName="DESKTOP-5URQ9PB" duration="00:00:00.0000058" startTime="2022-06-13T21:15:36.9645274+02:00" endTime="2022-06-13T21:15:36.9645278+02:00" testType="13cdc9d9-ddb5-4fa4-a97d-d965ccfc6d4b" outcome="Passed" testListId="8c84fa94-04c1-424b-9868-57a2d4851a1d" relativeResultsDirectory="c3e761ac-8c32-42d3-96b9-8d517e7c9b4d" />
    <UnitTestResult executionId="873d75de-6705-49ef-bd38-940636f1b376" testId="575b3040-83fc-2437-91d5-9ac3f2af85b4" testName="xUnitTestProject.CurrencyHelperTests.FormatToStringTest1000(price: 10784.438152511344, expected: &quot;10784.44 zł&quot;)" computerName="DESKTOP-5URQ9PB" duration="00:00:00.0000056" startTime="2022-06-13T21:15:36.9379414+02:00" endTime="2022-06-13T21:15:36.9379419+02:00" testType="13cdc9d9-ddb5-4fa4-a97d-d965ccfc6d4b" outcome="Passed" testListId="8c84fa94-04c1-424b-9868-57a2d4851a1d" relativeResultsDirectory="873d75de-6705-49ef-bd38-940636f1b376" />
    <UnitTestResult executionId="bf4018f2-8e6f-47a1-b97d-e50f7e276dcb" testId="c21a2737-6b36-8691-5404-6629a58d4529" testName="xUnitTestProject.CurrencyHelperTests.FormatToStringTest1000(price: 3030.9461949132133, expected: &quot;3030.95 zł&quot;)" computerName="DESKTOP-5URQ9PB" duration="00:00:00.0000039" startTime="2022-06-13T21:15:36.9783078+02:00" endTime="2022-06-13T21:15:36.9783079+02:00" testType="13cdc9d9-ddb5-4fa4-a97d-d965ccfc6d4b" outcome="Passed" testListId="8c84fa94-04c1-424b-9868-57a2d4851a1d" relativeResultsDirectory="bf4018f2-8e6f-47a1-b97d-e50f7e276dcb" />
    <UnitTestResult executionId="c27749c9-66c1-41d7-b9ff-f446ba92d165" testId="843293b0-7cce-f386-da63-2fb428fb7828" testName="xUnitTestProject.CurrencyHelperTests.FormatToStringTest1000(price: 7124.979180760672, expected: &quot;7124.98 zł&quot;)" computerName="DESKTOP-5URQ9PB" duration="00:00:00.0000052" startTime="2022-06-13T21:15:36.8968927+02:00" endTime="2022-06-13T21:15:36.8968928+02:00" testType="13cdc9d9-ddb5-4fa4-a97d-d965ccfc6d4b" outcome="Passed" testListId="8c84fa94-04c1-424b-9868-57a2d4851a1d" relativeResultsDirectory="c27749c9-66c1-41d7-b9ff-f446ba92d165" />
    <UnitTestResult executionId="cc3c554d-c658-4cf1-8e61-051f5da496d4" testId="d9592df4-0966-3c3a-722c-1595fa840f06" testName="xUnitTestProject.CurrencyHelperTests.FormatToStringTest1000(price: 37114.901517336206, expected: &quot;37114.90 zł&quot;)" computerName="DESKTOP-5URQ9PB" duration="00:00:00.0000039" startTime="2022-06-13T21:15:36.9849834+02:00" endTime="2022-06-13T21:15:36.9849835+02:00" testType="13cdc9d9-ddb5-4fa4-a97d-d965ccfc6d4b" outcome="Passed" testListId="8c84fa94-04c1-424b-9868-57a2d4851a1d" relativeResultsDirectory="cc3c554d-c658-4cf1-8e61-051f5da496d4" />
    <UnitTestResult executionId="68e5e883-da33-4122-8886-715a630230aa" testId="cff23f42-1941-5ae0-6937-50ea8e98f70a" testName="xUnitTestProject.CurrencyHelperTests.FormatToStringTest1000(price: 22666.13578912995, expected: &quot;22666.14 zł&quot;)" computerName="DESKTOP-5URQ9PB" duration="00:00:00.0000056" startTime="2022-06-13T21:15:36.9312282+02:00" endTime="2022-06-13T21:15:36.9312284+02:00" testType="13cdc9d9-ddb5-4fa4-a97d-d965ccfc6d4b" outcome="Passed" testListId="8c84fa94-04c1-424b-9868-57a2d4851a1d" relativeResultsDirectory="68e5e883-da33-4122-8886-715a630230aa" />
    <UnitTestResult executionId="d5951b8a-2def-4d1c-bfce-aec6f4209b28" testId="1b17bc60-8954-8c6a-08e7-e6fe2f215cc6" testName="xUnitTestProject.CurrencyHelperTests.FormatToStringTest1000(price: 6665.405372488035, expected: &quot;6665.41 zł&quot;)" computerName="DESKTOP-5URQ9PB" duration="00:00:00.0000104" startTime="2022-06-13T21:15:36.9225457+02:00" endTime="2022-06-13T21:15:36.9225459+02:00" testType="13cdc9d9-ddb5-4fa4-a97d-d965ccfc6d4b" outcome="Passed" testListId="8c84fa94-04c1-424b-9868-57a2d4851a1d" relativeResultsDirectory="d5951b8a-2def-4d1c-bfce-aec6f4209b28" />
    <UnitTestResult executionId="a563bca7-82df-4868-abea-3dd5b7ddd433" testId="3f543d31-d892-849e-9693-7ae2624b2c94" testName="xUnitTestProject.CurrencyHelperTests.FormatToStringTest1000(price: 33413.381276228174, expected: &quot;33413.38 zł&quot;)" computerName="DESKTOP-5URQ9PB" duration="00:00:00.0000037" startTime="2022-06-13T21:15:36.9106179+02:00" endTime="2022-06-13T21:15:36.9106181+02:00" testType="13cdc9d9-ddb5-4fa4-a97d-d965ccfc6d4b" outcome="Passed" testListId="8c84fa94-04c1-424b-9868-57a2d4851a1d" relativeResultsDirectory="a563bca7-82df-4868-abea-3dd5b7ddd433" />
    <UnitTestResult executionId="08bb6aac-eb98-4aa3-950c-a2a48836bbee" testId="9ecb75d8-2160-8266-876b-6361db8213dc" testName="xUnitTestProject.CurrencyHelperTests.FormatToStringTest1000(price: 8885.065440211942, expected: &quot;8885.07 zł&quot;)" computerName="DESKTOP-5URQ9PB" duration="00:00:00.0000039" startTime="2022-06-13T21:15:36.9054635+02:00" endTime="2022-06-13T21:15:36.9054637+02:00" testType="13cdc9d9-ddb5-4fa4-a97d-d965ccfc6d4b" outcome="Passed" testListId="8c84fa94-04c1-424b-9868-57a2d4851a1d" relativeResultsDirectory="08bb6aac-eb98-4aa3-950c-a2a48836bbee" />
    <UnitTestResult executionId="cc65aac1-ac73-48ed-aab6-74daaae6fe83" testId="40134df2-77e4-6143-ea6f-23ae0fbd39f3" testName="xUnitTestProject.CurrencyHelperTests.FormatToStringTest1000(price: 25272.05048361283, expected: &quot;25272.05 zł&quot;)" computerName="DESKTOP-5URQ9PB" duration="00:00:00.0000038" startTime="2022-06-13T21:15:36.9986335+02:00" endTime="2022-06-13T21:15:36.9986337+02:00" testType="13cdc9d9-ddb5-4fa4-a97d-d965ccfc6d4b" outcome="Passed" testListId="8c84fa94-04c1-424b-9868-57a2d4851a1d" relativeResultsDirectory="cc65aac1-ac73-48ed-aab6-74daaae6fe83" />
    <UnitTestResult executionId="f72a8913-f385-4c19-8519-20495f9c7631" testId="f406acd8-9b69-9411-bf61-2d74f259f69e" testName="xUnitTestProject.CurrencyHelperTests.FormatToStringTest1000(price: 11430.666613002619, expected: &quot;11430.67 zł&quot;)" computerName="DESKTOP-5URQ9PB" duration="00:00:00.0000039" startTime="2022-06-13T21:15:36.9157961+02:00" endTime="2022-06-13T21:15:36.9157962+02:00" testType="13cdc9d9-ddb5-4fa4-a97d-d965ccfc6d4b" outcome="Passed" testListId="8c84fa94-04c1-424b-9868-57a2d4851a1d" relativeResultsDirectory="f72a8913-f385-4c19-8519-20495f9c7631" />
    <UnitTestResult executionId="933f09bc-cf6b-4614-b1f2-b69c8217eb59" testId="594ca00d-02cf-07de-ca25-0d701d72a0a6" testName="xUnitTestProject.CurrencyHelperTests.FormatToStringTest1000(price: 1549.6599114973376, expected: &quot;1549.66 zł&quot;)" computerName="DESKTOP-5URQ9PB" duration="00:00:00.0000039" startTime="2022-06-13T21:15:37.0004726+02:00" endTime="2022-06-13T21:15:37.0004727+02:00" testType="13cdc9d9-ddb5-4fa4-a97d-d965ccfc6d4b" outcome="Passed" testListId="8c84fa94-04c1-424b-9868-57a2d4851a1d" relativeResultsDirectory="933f09bc-cf6b-4614-b1f2-b69c8217eb59" />
    <UnitTestResult executionId="5218fd56-c0c4-4428-ae7a-678bf20a3079" testId="da6c3e32-e713-64a5-d755-377865e086d4" testName="xUnitTestProject.CurrencyHelperTests.FormatToStringTest1000(price: 23548.88067407016, expected: &quot;23548.88 zł&quot;)" computerName="DESKTOP-5URQ9PB" duration="00:00:00.0000055" startTime="2022-06-13T21:15:36.9400979+02:00" endTime="2022-06-13T21:15:36.9400984+02:00" testType="13cdc9d9-ddb5-4fa4-a97d-d965ccfc6d4b" outcome="Passed" testListId="8c84fa94-04c1-424b-9868-57a2d4851a1d" relativeResultsDirectory="5218fd56-c0c4-4428-ae7a-678bf20a3079" />
    <UnitTestResult executionId="72b7a317-6486-419e-b6c8-364297c3fa12" testId="1fffb893-3987-58da-ed03-e4f32e271dc9" testName="xUnitTestProject.CurrencyHelperTests.FormatToStringTest1000(price: 19435.417227184127, expected: &quot;19435.42 zł&quot;)" computerName="DESKTOP-5URQ9PB" duration="00:00:00.0000039" startTime="2022-06-13T21:15:37.0048424+02:00" endTime="2022-06-13T21:15:37.0048425+02:00" testType="13cdc9d9-ddb5-4fa4-a97d-d965ccfc6d4b" outcome="Passed" testListId="8c84fa94-04c1-424b-9868-57a2d4851a1d" relativeResultsDirectory="72b7a317-6486-419e-b6c8-364297c3fa12" />
    <UnitTestResult executionId="716e5976-ead1-47f4-8ff1-1c7adea4d594" testId="a9730862-4522-ad92-1efa-cb822a9c946d" testName="xUnitTestProject.CurrencyHelperTests.FormatToStringTest1000(price: 64490.52771614982, expected: &quot;64490.53 zł&quot;)" computerName="DESKTOP-5URQ9PB" duration="00:00:00.0000040" startTime="2022-06-13T21:15:36.9908915+02:00" endTime="2022-06-13T21:15:36.9908917+02:00" testType="13cdc9d9-ddb5-4fa4-a97d-d965ccfc6d4b" outcome="Passed" testListId="8c84fa94-04c1-424b-9868-57a2d4851a1d" relativeResultsDirectory="716e5976-ead1-47f4-8ff1-1c7adea4d594" />
    <UnitTestResult executionId="9bd3ccc6-42d5-443a-9efa-31416877d9c7" testId="1aafdcdc-e39a-0bd1-4429-1c1f26634e52" testName="xUnitTestProject.CurrencyHelperTests.FormatToStringTest1000(price: 72802.68569213277, expected: &quot;72802.69 zł&quot;)" computerName="DESKTOP-5URQ9PB" duration="00:00:00.0000056" startTime="2022-06-13T21:15:36.9538269+02:00" endTime="2022-06-13T21:15:36.9538271+02:00" testType="13cdc9d9-ddb5-4fa4-a97d-d965ccfc6d4b" outcome="Passed" testListId="8c84fa94-04c1-424b-9868-57a2d4851a1d" relativeResultsDirectory="9bd3ccc6-42d5-443a-9efa-31416877d9c7" />
    <UnitTestResult executionId="cac8bfa3-fd0d-4aac-8892-fb16d0c4df51" testId="59fa5d82-f5a4-cb1c-ec41-0422b5d07418" testName="xUnitTestProject.CurrencyHelperTests.FormatToStringTest1000(price: 3846.644792262765, expected: &quot;3846.64 zł&quot;)" computerName="DESKTOP-5URQ9PB" duration="00:00:00.0000040" startTime="2022-06-13T21:15:36.8959128+02:00" endTime="2022-06-13T21:15:36.8959129+02:00" testType="13cdc9d9-ddb5-4fa4-a97d-d965ccfc6d4b" outcome="Passed" testListId="8c84fa94-04c1-424b-9868-57a2d4851a1d" relativeResultsDirectory="cac8bfa3-fd0d-4aac-8892-fb16d0c4df51" />
    <UnitTestResult executionId="5105e99f-78f9-4844-9fe7-7112f8e5246c" testId="123932a6-c3cf-7fb9-5ef5-34297fb3a837" testName="xUnitTestProject.CurrencyHelperTests.FormatToStringTest1000(price: 68770.73008707525, expected: &quot;68770.73 zł&quot;)" computerName="DESKTOP-5URQ9PB" duration="00:00:00.0000058" startTime="2022-06-13T21:15:36.9617261+02:00" endTime="2022-06-13T21:15:36.9617263+02:00" testType="13cdc9d9-ddb5-4fa4-a97d-d965ccfc6d4b" outcome="Passed" testListId="8c84fa94-04c1-424b-9868-57a2d4851a1d" relativeResultsDirectory="5105e99f-78f9-4844-9fe7-7112f8e5246c" />
    <UnitTestResult executionId="8154684c-c4a7-4ff6-815e-ecef38d5f472" testId="f9dc9c7a-bf0e-4c02-1f2d-1fd4e69c7538" testName="xUnitTestProject.CurrencyHelperTests.FormatToStringTest1000(price: 1474.699818629166, expected: &quot;1474.70 zł&quot;)" computerName="DESKTOP-5URQ9PB" duration="00:00:00.0000058" startTime="2022-06-13T21:15:36.9294221+02:00" endTime="2022-06-13T21:15:36.9294222+02:00" testType="13cdc9d9-ddb5-4fa4-a97d-d965ccfc6d4b" outcome="Passed" testListId="8c84fa94-04c1-424b-9868-57a2d4851a1d" relativeResultsDirectory="8154684c-c4a7-4ff6-815e-ecef38d5f472" />
    <UnitTestResult executionId="114d61d9-4f5f-492b-a4af-e16c5c6f5258" testId="20029a95-caa6-71d7-8434-4467fe9b8732" testName="xUnitTestProject.CurrencyHelperTests.FormatToStringTest1000(price: 43799.04472166535, expected: &quot;43799.04 zł&quot;)" computerName="DESKTOP-5URQ9PB" duration="00:00:00.0000055" startTime="2022-06-13T21:15:36.8948744+02:00" endTime="2022-06-13T21:15:36.8948746+02:00" testType="13cdc9d9-ddb5-4fa4-a97d-d965ccfc6d4b" outcome="Passed" testListId="8c84fa94-04c1-424b-9868-57a2d4851a1d" relativeResultsDirectory="114d61d9-4f5f-492b-a4af-e16c5c6f5258" />
    <UnitTestResult executionId="aa2feb8c-8b4e-4f4d-a546-3ec2d71b4f8a" testId="f45cbb0f-431c-8958-4b27-e85aa47cbe41" testName="xUnitTestProject.CurrencyHelperTests.FormatToStringTest1000(price: 9843.625240445894, expected: &quot;9843.63 zł&quot;)" computerName="DESKTOP-5URQ9PB" duration="00:00:00.0000056" startTime="2022-06-13T21:15:36.9311972+02:00" endTime="2022-06-13T21:15:36.9311974+02:00" testType="13cdc9d9-ddb5-4fa4-a97d-d965ccfc6d4b" outcome="Passed" testListId="8c84fa94-04c1-424b-9868-57a2d4851a1d" relativeResultsDirectory="aa2feb8c-8b4e-4f4d-a546-3ec2d71b4f8a" />
    <UnitTestResult executionId="78827c36-d9de-4963-b118-f2e6656f2b62" testId="fd8ab50a-6120-2a06-7ebd-aae621104cec" testName="xUnitTestProject.CurrencyHelperTests.FormatToStringTest1000(price: 75987.03378503352, expected: &quot;75987.03 zł&quot;)" computerName="DESKTOP-5URQ9PB" duration="00:00:00.0000038" startTime="2022-06-13T21:15:36.9148413+02:00" endTime="2022-06-13T21:15:36.9148414+02:00" testType="13cdc9d9-ddb5-4fa4-a97d-d965ccfc6d4b" outcome="Passed" testListId="8c84fa94-04c1-424b-9868-57a2d4851a1d" relativeResultsDirectory="78827c36-d9de-4963-b118-f2e6656f2b62" />
    <UnitTestResult executionId="33b78f67-d0ea-46c1-9cd4-a317171a6295" testId="a23aab13-e7cd-0855-c1ee-3a27796bc390" testName="xUnitTestProject.CurrencyHelperTests.FormatToStringTest1000(price: 32821.05661472215, expected: &quot;32821.06 zł&quot;)" computerName="DESKTOP-5URQ9PB" duration="00:00:00.0000040" startTime="2022-06-13T21:15:36.9910767+02:00" endTime="2022-06-13T21:15:36.9910769+02:00" testType="13cdc9d9-ddb5-4fa4-a97d-d965ccfc6d4b" outcome="Passed" testListId="8c84fa94-04c1-424b-9868-57a2d4851a1d" relativeResultsDirectory="33b78f67-d0ea-46c1-9cd4-a317171a6295" />
    <UnitTestResult executionId="af59aef0-3785-4722-8f07-ca5123ef73fc" testId="294352cc-8efa-db1c-1bd5-bae00c9cde08" testName="xUnitTestProject.CurrencyHelperTests.FormatToStringTest1000(price: 29362.005930638876, expected: &quot;29362.01 zł&quot;)" computerName="DESKTOP-5URQ9PB" duration="00:00:00.0000064" startTime="2022-06-13T21:15:36.9412453+02:00" endTime="2022-06-13T21:15:36.9412457+02:00" testType="13cdc9d9-ddb5-4fa4-a97d-d965ccfc6d4b" outcome="Passed" testListId="8c84fa94-04c1-424b-9868-57a2d4851a1d" relativeResultsDirectory="af59aef0-3785-4722-8f07-ca5123ef73fc" />
    <UnitTestResult executionId="98ed08b1-5265-474e-9cee-06b977e7a29b" testId="b903f011-25d7-d156-43c9-1974a38b345d" testName="xUnitTestProject.CurrencyHelperTests.FormatToStringTest1000(price: 10994.251866986162, expected: &quot;10994.25 zł&quot;)" computerName="DESKTOP-5URQ9PB" duration="00:00:00.0000060" startTime="2022-06-13T21:15:36.9428121+02:00" endTime="2022-06-13T21:15:36.9428122+02:00" testType="13cdc9d9-ddb5-4fa4-a97d-d965ccfc6d4b" outcome="Passed" testListId="8c84fa94-04c1-424b-9868-57a2d4851a1d" relativeResultsDirectory="98ed08b1-5265-474e-9cee-06b977e7a29b" />
    <UnitTestResult executionId="009894d8-7723-4c1c-9993-e3865bd9e8fd" testId="466d7722-0345-718d-529e-85f31a949492" testName="xUnitTestProject.CurrencyHelperTests.FormatToStringTest1000(price: 2115.5076919884923, expected: &quot;2115.51 zł&quot;)" computerName="DESKTOP-5URQ9PB" duration="00:00:00.0000040" startTime="2022-06-13T21:15:36.9899337+02:00" endTime="2022-06-13T21:15:36.9899339+02:00" testType="13cdc9d9-ddb5-4fa4-a97d-d965ccfc6d4b" outcome="Passed" testListId="8c84fa94-04c1-424b-9868-57a2d4851a1d" relativeResultsDirectory="009894d8-7723-4c1c-9993-e3865bd9e8fd" />
    <UnitTestResult executionId="b36c7e16-881f-49d1-8cea-7447c68b236d" testId="0514bc2b-5cc4-a04d-717a-fd9efa22f04a" testName="xUnitTestProject.CurrencyHelperTests.FormatToStringTest1000(price: 80609.94377465078, expected: &quot;80609.94 zł&quot;)" computerName="DESKTOP-5URQ9PB" duration="00:00:00.0000059" startTime="2022-06-13T21:15:36.9528530+02:00" endTime="2022-06-13T21:15:36.9528531+02:00" testType="13cdc9d9-ddb5-4fa4-a97d-d965ccfc6d4b" outcome="Passed" testListId="8c84fa94-04c1-424b-9868-57a2d4851a1d" relativeResultsDirectory="b36c7e16-881f-49d1-8cea-7447c68b236d" />
    <UnitTestResult executionId="02e780dc-3366-4c84-a169-56d0f8170d20" testId="a61390b2-0ec7-4d98-e7ed-b8eba6ac247d" testName="xUnitTestProject.CurrencyHelperTests.FormatToStringTest1000(price: 34084.19497795599, expected: &quot;34084.19 zł&quot;)" computerName="DESKTOP-5URQ9PB" duration="00:00:00.0000039" startTime="2022-06-13T21:15:37.0015687+02:00" endTime="2022-06-13T21:15:37.0015689+02:00" testType="13cdc9d9-ddb5-4fa4-a97d-d965ccfc6d4b" outcome="Passed" testListId="8c84fa94-04c1-424b-9868-57a2d4851a1d" relativeResultsDirectory="02e780dc-3366-4c84-a169-56d0f8170d20" />
    <UnitTestResult executionId="ce606794-5e6d-4a52-b6e1-3deb663cd106" testId="c5e43cdb-d4c3-3c40-9593-aad9b5ca8f95" testName="xUnitTestProject.CurrencyHelperTests.FormatToStringTest1000(price: 96022.24851977557, expected: &quot;96022.25 zł&quot;)" computerName="DESKTOP-5URQ9PB" duration="00:00:00.0000058" startTime="2022-06-13T21:15:36.9263262+02:00" endTime="2022-06-13T21:15:36.9263264+02:00" testType="13cdc9d9-ddb5-4fa4-a97d-d965ccfc6d4b" outcome="Passed" testListId="8c84fa94-04c1-424b-9868-57a2d4851a1d" relativeResultsDirectory="ce606794-5e6d-4a52-b6e1-3deb663cd106" />
    <UnitTestResult executionId="3ecec7b5-0ea2-461a-9b0c-d5f053418d33" testId="d9021346-4b7d-e467-848a-6a660c41636c" testName="xUnitTestProject.CurrencyHelperTests.FormatToStringTest1000(price: 22153.282278674324, expected: &quot;22153.28 zł&quot;)" computerName="DESKTOP-5URQ9PB" duration="00:00:00.0000106" startTime="2022-06-13T21:15:36.9223874+02:00" endTime="2022-06-13T21:15:36.9223878+02:00" testType="13cdc9d9-ddb5-4fa4-a97d-d965ccfc6d4b" outcome="Passed" testListId="8c84fa94-04c1-424b-9868-57a2d4851a1d" relativeResultsDirectory="3ecec7b5-0ea2-461a-9b0c-d5f053418d33" />
    <UnitTestResult executionId="29e26c27-78f5-42ff-b10d-efee49bebf20" testId="86b56171-19f4-76a4-c109-8879ac5bbbd7" testName="xUnitTestProject.CurrencyHelperTests.FormatToStringTest1000(price: 59283.7670322637, expected: &quot;59283.77 zł&quot;)" computerName="DESKTOP-5URQ9PB" duration="00:00:00.0000041" startTime="2022-06-13T21:15:37.0057890+02:00" endTime="2022-06-13T21:15:37.0057891+02:00" testType="13cdc9d9-ddb5-4fa4-a97d-d965ccfc6d4b" outcome="Passed" testListId="8c84fa94-04c1-424b-9868-57a2d4851a1d" relativeResultsDirectory="29e26c27-78f5-42ff-b10d-efee49bebf20" />
    <UnitTestResult executionId="00c363a5-71e3-4049-b782-ba9f717d4dd9" testId="72b4af26-389d-d3a5-e933-0620092c06be" testName="xUnitTestProject.CurrencyHelperTests.FormatToStringTest1000(price: 2835.0728237931958, expected: &quot;2835.07 zł&quot;)" computerName="DESKTOP-5URQ9PB" duration="00:00:00.0000056" startTime="2022-06-13T21:15:36.9263572+02:00" endTime="2022-06-13T21:15:36.9263573+02:00" testType="13cdc9d9-ddb5-4fa4-a97d-d965ccfc6d4b" outcome="Passed" testListId="8c84fa94-04c1-424b-9868-57a2d4851a1d" relativeResultsDirectory="00c363a5-71e3-4049-b782-ba9f717d4dd9" />
    <UnitTestResult executionId="4a8246f7-13e3-46f0-8bfd-0d7461db6ae1" testId="b6713598-e21c-6f29-08f1-f4f46e42ba65" testName="xUnitTestProject.CurrencyHelperTests.FormatToStringTest1000(price: 5870.791169434223, expected: &quot;5870.79 zł&quot;)" computerName="DESKTOP-5URQ9PB" duration="00:00:00.0000039" startTime="2022-06-13T21:15:36.9656226+02:00" endTime="2022-06-13T21:15:36.9656227+02:00" testType="13cdc9d9-ddb5-4fa4-a97d-d965ccfc6d4b" outcome="Passed" testListId="8c84fa94-04c1-424b-9868-57a2d4851a1d" relativeResultsDirectory="4a8246f7-13e3-46f0-8bfd-0d7461db6ae1" />
    <UnitTestResult executionId="78ffb6f3-7a27-4816-872f-c3ff1abc0f72" testId="297d2ce6-e7ea-8d5e-9134-2d6e61b4337c" testName="xUnitTestProject.CurrencyHelperTests.FormatToStringTest1000(price: 7050.437505805137, expected: &quot;7050.44 zł&quot;)" computerName="DESKTOP-5URQ9PB" duration="00:00:00.0000040" startTime="2022-06-13T21:15:37.0047164+02:00" endTime="2022-06-13T21:15:37.0047165+02:00" testType="13cdc9d9-ddb5-4fa4-a97d-d965ccfc6d4b" outcome="Passed" testListId="8c84fa94-04c1-424b-9868-57a2d4851a1d" relativeResultsDirectory="78ffb6f3-7a27-4816-872f-c3ff1abc0f72" />
    <UnitTestResult executionId="68f17432-28ac-45b3-b7e2-01b22c1b7c68" testId="8ff84779-95f5-a8f9-809e-e568d86ada77" testName="xUnitTestProject.CurrencyHelperTests.FormatToStringTest1000(price: 26686.08488193065, expected: &quot;26686.08 zł&quot;)" computerName="DESKTOP-5URQ9PB" duration="00:00:00.0000040" startTime="2022-06-13T21:15:36.9762375+02:00" endTime="2022-06-13T21:15:36.9762377+02:00" testType="13cdc9d9-ddb5-4fa4-a97d-d965ccfc6d4b" outcome="Passed" testListId="8c84fa94-04c1-424b-9868-57a2d4851a1d" relativeResultsDirectory="68f17432-28ac-45b3-b7e2-01b22c1b7c68" />
    <UnitTestResult executionId="1908fddd-9073-42f1-a9b2-5917efbe9511" testId="a8f82c34-f413-0466-fc76-669da2c23141" testName="xUnitTestProject.CurrencyHelperTests.FormatToStringTest1000(price: 21693.340115174808, expected: &quot;21693.34 zł&quot;)" computerName="DESKTOP-5URQ9PB" duration="00:00:00.0000056" startTime="2022-06-13T21:15:36.9379760+02:00" endTime="2022-06-13T21:15:36.9379761+02:00" testType="13cdc9d9-ddb5-4fa4-a97d-d965ccfc6d4b" outcome="Passed" testListId="8c84fa94-04c1-424b-9868-57a2d4851a1d" relativeResultsDirectory="1908fddd-9073-42f1-a9b2-5917efbe9511" />
    <UnitTestResult executionId="ceba94d8-9d36-4f11-8e80-4d862008c129" testId="f0e62743-f005-ab34-4606-22275729a052" testName="xUnitTestProject.CurrencyHelperTests.FormatToStringTest1000(price: 40556.73452524362, expected: &quot;40556.73 zł&quot;)" computerName="DESKTOP-5URQ9PB" duration="00:00:00.0000047" startTime="2022-06-13T21:15:36.9791882+02:00" endTime="2022-06-13T21:15:36.9791884+02:00" testType="13cdc9d9-ddb5-4fa4-a97d-d965ccfc6d4b" outcome="Passed" testListId="8c84fa94-04c1-424b-9868-57a2d4851a1d" relativeResultsDirectory="ceba94d8-9d36-4f11-8e80-4d862008c129" />
    <UnitTestResult executionId="5ed9bb06-1779-4623-9194-4a371ec8d2b3" testId="9f62336d-d2a3-438a-9707-488b6a94c792" testName="xUnitTestProject.CurrencyHelperTests.FormatToStringTest1000(price: 45739.569854490255, expected: &quot;45739.57 zł&quot;)" computerName="DESKTOP-5URQ9PB" duration="00:00:00.0000067" startTime="2022-06-13T21:15:36.9626263+02:00" endTime="2022-06-13T21:15:36.9626265+02:00" testType="13cdc9d9-ddb5-4fa4-a97d-d965ccfc6d4b" outcome="Passed" testListId="8c84fa94-04c1-424b-9868-57a2d4851a1d" relativeResultsDirectory="5ed9bb06-1779-4623-9194-4a371ec8d2b3" />
    <UnitTestResult executionId="237f8843-0c6e-4d26-862a-f479ed21bc5a" testId="8d5bed77-8b58-0b0c-25f0-22107332d09a" testName="xUnitTestProject.CurrencyHelperTests.FormatToStringTest1000(price: 736.7398243680316, expected: &quot;736.74 zł&quot;)" computerName="DESKTOP-5URQ9PB" duration="00:00:00.0000040" startTime="2022-06-13T21:15:36.9186556+02:00" endTime="2022-06-13T21:15:36.9186558+02:00" testType="13cdc9d9-ddb5-4fa4-a97d-d965ccfc6d4b" outcome="Passed" testListId="8c84fa94-04c1-424b-9868-57a2d4851a1d" relativeResultsDirectory="237f8843-0c6e-4d26-862a-f479ed21bc5a" />
    <UnitTestResult executionId="05227f5c-0ec5-4337-8775-93b202ec07e7" testId="c6af2688-b6d7-1499-ef57-908aefcce6dc" testName="xUnitTestProject.CurrencyHelperTests.FormatToStringTest1000(price: 37561.969571757116, expected: &quot;37561.97 zł&quot;)" computerName="DESKTOP-5URQ9PB" duration="00:00:00.0000040" startTime="2022-06-13T21:15:36.9002293+02:00" endTime="2022-06-13T21:15:36.9002294+02:00" testType="13cdc9d9-ddb5-4fa4-a97d-d965ccfc6d4b" outcome="Passed" testListId="8c84fa94-04c1-424b-9868-57a2d4851a1d" relativeResultsDirectory="05227f5c-0ec5-4337-8775-93b202ec07e7" />
    <UnitTestResult executionId="8982f689-f250-4fd3-b80a-4ab21b61f5ce" testId="8181cd4b-8454-73ed-8ced-01a1dc2b25c3" testName="xUnitTestProject.CurrencyHelperTests.FormatToStringTest1000(price: 13286.856387228174, expected: &quot;13286.86 zł&quot;)" computerName="DESKTOP-5URQ9PB" duration="00:00:00.0000046" startTime="2022-06-13T21:15:37.0047482+02:00" endTime="2022-06-13T21:15:37.0047484+02:00" testType="13cdc9d9-ddb5-4fa4-a97d-d965ccfc6d4b" outcome="Passed" testListId="8c84fa94-04c1-424b-9868-57a2d4851a1d" relativeResultsDirectory="8982f689-f250-4fd3-b80a-4ab21b61f5ce" />
    <UnitTestResult executionId="dc7d378f-0141-43a4-821b-8758dd7990f1" testId="0014f817-c5c9-87d1-3e8c-ecffc3678e52" testName="xUnitTestProject.CurrencyHelperTests.FormatToStringTest1000(price: 82228.32322510486, expected: &quot;82228.32 zł&quot;)" computerName="DESKTOP-5URQ9PB" duration="00:00:00.0000039" startTime="2022-06-13T21:15:37.0005356+02:00" endTime="2022-06-13T21:15:37.0005358+02:00" testType="13cdc9d9-ddb5-4fa4-a97d-d965ccfc6d4b" outcome="Passed" testListId="8c84fa94-04c1-424b-9868-57a2d4851a1d" relativeResultsDirectory="dc7d378f-0141-43a4-821b-8758dd7990f1" />
    <UnitTestResult executionId="c922c092-9b22-49bc-b10e-6af4b232307b" testId="d6b10638-19d7-868a-2152-f7946c6c6899" testName="xUnitTestProject.CurrencyHelperTests.FormatToStringTest1000(price: 904.351189922705, expected: &quot;904.35 zł&quot;)" computerName="DESKTOP-5URQ9PB" duration="00:00:00.0000038" startTime="2022-06-13T21:15:36.9821823+02:00" endTime="2022-06-13T21:15:36.9821824+02:00" testType="13cdc9d9-ddb5-4fa4-a97d-d965ccfc6d4b" outcome="Passed" testListId="8c84fa94-04c1-424b-9868-57a2d4851a1d" relativeResultsDirectory="c922c092-9b22-49bc-b10e-6af4b232307b" />
    <UnitTestResult executionId="c5839de4-9d5d-4fcc-ae20-17fff2435bd8" testId="80d0ff60-cfaf-35b0-6f6e-60db427c7f85" testName="xUnitTestProject.CurrencyHelperTests.FormatToStringTest1000(price: 4652.407073443945, expected: &quot;4652.41 zł&quot;)" computerName="DESKTOP-5URQ9PB" duration="00:00:00.0000040" startTime="2022-06-13T21:15:36.9704893+02:00" endTime="2022-06-13T21:15:36.9704894+02:00" testType="13cdc9d9-ddb5-4fa4-a97d-d965ccfc6d4b" outcome="Passed" testListId="8c84fa94-04c1-424b-9868-57a2d4851a1d" relativeResultsDirectory="c5839de4-9d5d-4fcc-ae20-17fff2435bd8" />
    <UnitTestResult executionId="0f5c983f-cae2-4d74-b263-101d3e1fc1d7" testId="6205fc96-eb71-1460-755c-461fb37bb024" testName="xUnitTestProject.CurrencyHelperTests.FormatToStringTest1000(price: 21785.42157155528, expected: &quot;21785.42 zł&quot;)" computerName="DESKTOP-5URQ9PB" duration="00:00:00.0000056" startTime="2022-06-13T21:15:36.9539812+02:00" endTime="2022-06-13T21:15:36.9539813+02:00" testType="13cdc9d9-ddb5-4fa4-a97d-d965ccfc6d4b" outcome="Passed" testListId="8c84fa94-04c1-424b-9868-57a2d4851a1d" relativeResultsDirectory="0f5c983f-cae2-4d74-b263-101d3e1fc1d7" />
    <UnitTestResult executionId="1a5f81bf-26cf-4d5c-bd59-cffb361c8b35" testId="99e7c5dd-ce54-9083-5f21-8bd4ff4149bd" testName="xUnitTestProject.CurrencyHelperTests.FormatToStringTest1000(price: 9867.823212210007, expected: &quot;9867.82 zł&quot;)" computerName="DESKTOP-5URQ9PB" duration="00:00:00.0000038" startTime="2022-06-13T21:15:36.9859196+02:00" endTime="2022-06-13T21:15:36.9859198+02:00" testType="13cdc9d9-ddb5-4fa4-a97d-d965ccfc6d4b" outcome="Passed" testListId="8c84fa94-04c1-424b-9868-57a2d4851a1d" relativeResultsDirectory="1a5f81bf-26cf-4d5c-bd59-cffb361c8b35" />
    <UnitTestResult executionId="e84f0029-4930-4b31-a7bd-9cb69d272f57" testId="b873b04a-7c62-5dd2-8547-3f31b075c272" testName="xUnitTestProject.CurrencyHelperTests.FormatToStringTest1000(price: 15396.537902579894, expected: &quot;15396.54 zł&quot;)" computerName="DESKTOP-5URQ9PB" duration="00:00:00.0000055" startTime="2022-06-13T21:15:36.9321961+02:00" endTime="2022-06-13T21:15:36.9321962+02:00" testType="13cdc9d9-ddb5-4fa4-a97d-d965ccfc6d4b" outcome="Passed" testListId="8c84fa94-04c1-424b-9868-57a2d4851a1d" relativeResultsDirectory="e84f0029-4930-4b31-a7bd-9cb69d272f57" />
    <UnitTestResult executionId="adc8534a-4728-44db-b9d8-3540a40f2498" testId="dba976e4-619d-1846-93cf-501dc328971c" testName="xUnitTestProject.CurrencyHelperTests.FormatToStringTest1000(price: 30533.30031120838, expected: &quot;30533.30 zł&quot;)" computerName="DESKTOP-5URQ9PB" duration="00:00:00.0000040" startTime="2022-06-13T21:15:36.8970174+02:00" endTime="2022-06-13T21:15:36.8970176+02:00" testType="13cdc9d9-ddb5-4fa4-a97d-d965ccfc6d4b" outcome="Passed" testListId="8c84fa94-04c1-424b-9868-57a2d4851a1d" relativeResultsDirectory="adc8534a-4728-44db-b9d8-3540a40f2498" />
    <UnitTestResult executionId="4bc3d241-ab2a-42e4-93ea-28c0841cd6ab" testId="d1d304ec-d1a8-54dd-0ee3-d84b0c72b00c" testName="xUnitTestProject.CurrencyHelperTests.FormatToStringTest1000(price: 38803.03958246253, expected: &quot;38803.04 zł&quot;)" computerName="DESKTOP-5URQ9PB" duration="00:00:00.0000039" startTime="2022-06-13T21:15:36.9021440+02:00" endTime="2022-06-13T21:15:36.9021444+02:00" testType="13cdc9d9-ddb5-4fa4-a97d-d965ccfc6d4b" outcome="Passed" testListId="8c84fa94-04c1-424b-9868-57a2d4851a1d" relativeResultsDirectory="4bc3d241-ab2a-42e4-93ea-28c0841cd6ab" />
    <UnitTestResult executionId="14f0dad8-2d3a-4597-9948-2d492c6bdae1" testId="f7ba8e86-cb66-6ef4-d1cf-87def896d05b" testName="xUnitTestProject.CurrencyHelperTests.FormatToStringTest1000(price: 13508.811787825922, expected: &quot;13508.81 zł&quot;)" computerName="DESKTOP-5URQ9PB" duration="00:00:00.0000040" startTime="2022-06-13T21:15:37.0005987+02:00" endTime="2022-06-13T21:15:37.0005989+02:00" testType="13cdc9d9-ddb5-4fa4-a97d-d965ccfc6d4b" outcome="Passed" testListId="8c84fa94-04c1-424b-9868-57a2d4851a1d" relativeResultsDirectory="14f0dad8-2d3a-4597-9948-2d492c6bdae1" />
    <UnitTestResult executionId="4db0ad53-9ea2-4120-8d91-061bf07e525b" testId="e3f04803-c378-ce39-94cd-bd430620d6cb" testName="xUnitTestProject.CurrencyHelperTests.FormatToStringTest1000(price: 56378.261944644735, expected: &quot;56378.26 zł&quot;)" computerName="DESKTOP-5URQ9PB" duration="00:00:00.0000044" startTime="2022-06-13T21:15:36.8979867+02:00" endTime="2022-06-13T21:15:36.8979869+02:00" testType="13cdc9d9-ddb5-4fa4-a97d-d965ccfc6d4b" outcome="Passed" testListId="8c84fa94-04c1-424b-9868-57a2d4851a1d" relativeResultsDirectory="4db0ad53-9ea2-4120-8d91-061bf07e525b" />
    <UnitTestResult executionId="3498abcb-5ed9-4219-b9f0-a563f685961e" testId="2bdae34b-74e4-b57e-0c4e-9f8a61c91aa5" testName="xUnitTestProject.CurrencyHelperTests.FormatToStringTest1000(price: 5961.755129208674, expected: &quot;5961.76 zł&quot;)" computerName="DESKTOP-5URQ9PB" duration="00:00:00.0000059" startTime="2022-06-13T21:15:36.9243955+02:00" endTime="2022-06-13T21:15:36.9243957+02:00" testType="13cdc9d9-ddb5-4fa4-a97d-d965ccfc6d4b" outcome="Passed" testListId="8c84fa94-04c1-424b-9868-57a2d4851a1d" relativeResultsDirectory="3498abcb-5ed9-4219-b9f0-a563f685961e" />
    <UnitTestResult executionId="78f9da67-f5dc-4296-93c4-3bae1367359a" testId="dc54e0bb-502b-6570-9584-a9f765f8122d" testName="xUnitTestProject.CurrencyHelperTests.FormatToStringTest1000(price: 11944.74385168531, expected: &quot;11944.74 zł&quot;)" computerName="DESKTOP-5URQ9PB" duration="00:00:00.0000039" startTime="2022-06-13T21:15:36.8991363+02:00" endTime="2022-06-13T21:15:36.8991365+02:00" testType="13cdc9d9-ddb5-4fa4-a97d-d965ccfc6d4b" outcome="Passed" testListId="8c84fa94-04c1-424b-9868-57a2d4851a1d" relativeResultsDirectory="78f9da67-f5dc-4296-93c4-3bae1367359a" />
    <UnitTestResult executionId="49204e31-ae4f-4439-a118-24d9df04f4dd" testId="1dbbe335-bc13-7d9d-496f-d39e25173610" testName="xUnitTestProject.CurrencyHelperTests.FormatToStringTest1000(price: 57809.74722876295, expected: &quot;57809.75 zł&quot;)" computerName="DESKTOP-5URQ9PB" duration="00:00:00.0000038" startTime="2022-06-13T21:15:36.9741212+02:00" endTime="2022-06-13T21:15:36.9741221+02:00" testType="13cdc9d9-ddb5-4fa4-a97d-d965ccfc6d4b" outcome="Passed" testListId="8c84fa94-04c1-424b-9868-57a2d4851a1d" relativeResultsDirectory="49204e31-ae4f-4439-a118-24d9df04f4dd" />
    <UnitTestResult executionId="ee7651fb-93f1-4bb2-873c-4cd79d3e5f58" testId="e9fa372e-14d7-79bd-7239-c4f5919adecb" testName="xUnitTestProject.CurrencyHelperTests.FormatToStringTest1000(price: 16037.01783290087, expected: &quot;16037.02 zł&quot;)" computerName="DESKTOP-5URQ9PB" duration="00:00:00.0000063" startTime="2022-06-13T21:15:36.9578812+02:00" endTime="2022-06-13T21:15:36.9578813+02:00" testType="13cdc9d9-ddb5-4fa4-a97d-d965ccfc6d4b" outcome="Passed" testListId="8c84fa94-04c1-424b-9868-57a2d4851a1d" relativeResultsDirectory="ee7651fb-93f1-4bb2-873c-4cd79d3e5f58" />
    <UnitTestResult executionId="a656fb01-5a5e-41f1-92ff-772da11db6c8" testId="f5820c79-9491-c601-5f6f-2c9537d33353" testName="xUnitTestProject.CurrencyHelperTests.FormatToStringTest1000(price: 18794.859523484418, expected: &quot;18794.86 zł&quot;)" computerName="DESKTOP-5URQ9PB" duration="00:00:00.0000040" startTime="2022-06-13T21:15:36.9957838+02:00" endTime="2022-06-13T21:15:36.9957843+02:00" testType="13cdc9d9-ddb5-4fa4-a97d-d965ccfc6d4b" outcome="Passed" testListId="8c84fa94-04c1-424b-9868-57a2d4851a1d" relativeResultsDirectory="a656fb01-5a5e-41f1-92ff-772da11db6c8" />
    <UnitTestResult executionId="c83652cb-a32e-451d-b75c-0a080e0e1743" testId="434a8caa-9318-d21d-4a14-8dc7214b55eb" testName="xUnitTestProject.CurrencyHelperTests.FormatToStringTest1000(price: 35145.379208063416, expected: &quot;35145.38 zł&quot;)" computerName="DESKTOP-5URQ9PB" duration="00:00:00.0000038" startTime="2022-06-13T21:15:36.9929650+02:00" endTime="2022-06-13T21:15:36.9929652+02:00" testType="13cdc9d9-ddb5-4fa4-a97d-d965ccfc6d4b" outcome="Passed" testListId="8c84fa94-04c1-424b-9868-57a2d4851a1d" relativeResultsDirectory="c83652cb-a32e-451d-b75c-0a080e0e1743" />
    <UnitTestResult executionId="ba9155a1-3b45-48c5-9c4c-1ca389dc37c8" testId="21c8abf8-9b6f-d71c-0d26-379759e20f24" testName="xUnitTestProject.CurrencyHelperTests.FormatToStringTest1000(price: 64124.274503948756, expected: &quot;64124.27 zł&quot;)" computerName="DESKTOP-5URQ9PB" duration="00:00:00.0000056" startTime="2022-06-13T21:15:36.9380387+02:00" endTime="2022-06-13T21:15:36.9380389+02:00" testType="13cdc9d9-ddb5-4fa4-a97d-d965ccfc6d4b" outcome="Passed" testListId="8c84fa94-04c1-424b-9868-57a2d4851a1d" relativeResultsDirectory="ba9155a1-3b45-48c5-9c4c-1ca389dc37c8" />
    <UnitTestResult executionId="e6a65851-222c-4dd6-b310-1fbe27459809" testId="38bf740f-4d67-502e-2cfd-d66470e846d5" testName="xUnitTestProject.CurrencyHelperTests.FormatToStringTest1000(price: 8347.417790138823, expected: &quot;8347.42 zł&quot;)" computerName="DESKTOP-5URQ9PB" duration="00:00:00.0000056" startTime="2022-06-13T21:15:36.9391650+02:00" endTime="2022-06-13T21:15:36.9391651+02:00" testType="13cdc9d9-ddb5-4fa4-a97d-d965ccfc6d4b" outcome="Passed" testListId="8c84fa94-04c1-424b-9868-57a2d4851a1d" relativeResultsDirectory="e6a65851-222c-4dd6-b310-1fbe27459809" />
    <UnitTestResult executionId="bf4fcf4b-ae25-4bc9-93f3-e884fa4375de" testId="6ca05e92-6a05-ce15-f59b-9b9ed10b85dd" testName="xUnitTestProject.CurrencyHelperTests.FormatToStringTest1000(price: 85407.13428016152, expected: &quot;85407.13 zł&quot;)" computerName="DESKTOP-5URQ9PB" duration="00:00:00.0000040" startTime="2022-06-13T21:15:36.9656533+02:00" endTime="2022-06-13T21:15:36.9656535+02:00" testType="13cdc9d9-ddb5-4fa4-a97d-d965ccfc6d4b" outcome="Passed" testListId="8c84fa94-04c1-424b-9868-57a2d4851a1d" relativeResultsDirectory="bf4fcf4b-ae25-4bc9-93f3-e884fa4375de" />
    <UnitTestResult executionId="f9109da0-952a-4fb9-b06b-9d489247806b" testId="78d10de8-2dc4-0b77-ab9e-9a161423da54" testName="xUnitTestProject.CurrencyHelperTests.FormatToStringTest1000(price: 2963.24443391815, expected: &quot;2963.24 zł&quot;)" computerName="DESKTOP-5URQ9PB" duration="00:00:00.0000090" startTime="2022-06-13T21:15:36.9242996+02:00" endTime="2022-06-13T21:15:36.9242999+02:00" testType="13cdc9d9-ddb5-4fa4-a97d-d965ccfc6d4b" outcome="Passed" testListId="8c84fa94-04c1-424b-9868-57a2d4851a1d" relativeResultsDirectory="f9109da0-952a-4fb9-b06b-9d489247806b" />
    <UnitTestResult executionId="b700ba63-f351-4a07-9075-b82982c3a546" testId="a79fd14a-da4c-bcf0-0f87-a480851cd28d" testName="xUnitTestProject.CurrencyHelperTests.FormatToStringTest1000(price: 2435.1995505835857, expected: &quot;2435.20 zł&quot;)" computerName="DESKTOP-5URQ9PB" duration="00:00:00.0000038" startTime="2022-06-13T21:15:36.9762992+02:00" endTime="2022-06-13T21:15:36.9762994+02:00" testType="13cdc9d9-ddb5-4fa4-a97d-d965ccfc6d4b" outcome="Passed" testListId="8c84fa94-04c1-424b-9868-57a2d4851a1d" relativeResultsDirectory="b700ba63-f351-4a07-9075-b82982c3a546" />
    <UnitTestResult executionId="03b615f9-0112-4df8-96a0-6f91c3501b13" testId="7c480fcf-dcac-50a2-3106-264841c6a300" testName="xUnitTestProject.CurrencyHelperTests.FormatToStringTest1000(price: 20737.251994218328, expected: &quot;20737.25 zł&quot;)" computerName="DESKTOP-5URQ9PB" duration="00:00:00.0000040" startTime="2022-06-13T21:15:37.0036429+02:00" endTime="2022-06-13T21:15:37.0036437+02:00" testType="13cdc9d9-ddb5-4fa4-a97d-d965ccfc6d4b" outcome="Passed" testListId="8c84fa94-04c1-424b-9868-57a2d4851a1d" relativeResultsDirectory="03b615f9-0112-4df8-96a0-6f91c3501b13" />
    <UnitTestResult executionId="a6bfaf07-b53d-42ba-9f74-2878784d4aee" testId="d99ced1b-9ef8-b735-4a70-4562dc79a9d0" testName="xUnitTestProject.CurrencyHelperTests.FormatToStringTest1000(price: 72905.64834432845, expected: &quot;72905.65 zł&quot;)" computerName="DESKTOP-5URQ9PB" duration="00:00:00.0000039" startTime="2022-06-13T21:15:37.0057267+02:00" endTime="2022-06-13T21:15:37.0057269+02:00" testType="13cdc9d9-ddb5-4fa4-a97d-d965ccfc6d4b" outcome="Passed" testListId="8c84fa94-04c1-424b-9868-57a2d4851a1d" relativeResultsDirectory="a6bfaf07-b53d-42ba-9f74-2878784d4aee" />
    <UnitTestResult executionId="8c24ad20-7140-4442-8b30-53e2662f1bec" testId="4adfbd6f-49a9-0885-850f-1a4998e7f85f" testName="xUnitTestProject.CurrencyHelperTests.FormatToStringTest1000(price: 19103.831635461574, expected: &quot;19103.83 zł&quot;)" computerName="DESKTOP-5URQ9PB" duration="00:00:00.0000040" startTime="2022-06-13T21:15:36.9799975+02:00" endTime="2022-06-13T21:15:36.9799979+02:00" testType="13cdc9d9-ddb5-4fa4-a97d-d965ccfc6d4b" outcome="Passed" testListId="8c84fa94-04c1-424b-9868-57a2d4851a1d" relativeResultsDirectory="8c24ad20-7140-4442-8b30-53e2662f1bec" />
    <UnitTestResult executionId="2411cab1-fc30-4f79-a3b0-e6d05bbb216c" testId="eaf0b15c-0fc1-b6e6-caad-e11eeb0c7fda" testName="xUnitTestProject.CurrencyHelperTests.FormatToStringTest1000(price: 19796.212103914568, expected: &quot;19796.21 zł&quot;)" computerName="DESKTOP-5URQ9PB" duration="00:00:00.0000064" startTime="2022-06-13T21:15:36.9618803+02:00" endTime="2022-06-13T21:15:36.9618804+02:00" testType="13cdc9d9-ddb5-4fa4-a97d-d965ccfc6d4b" outcome="Passed" testListId="8c84fa94-04c1-424b-9868-57a2d4851a1d" relativeResultsDirectory="2411cab1-fc30-4f79-a3b0-e6d05bbb216c" />
    <UnitTestResult executionId="3b67552f-2542-4b80-a94c-f24cc01d1246" testId="87f6b537-303b-ee32-7ebc-e34863879e5b" testName="xUnitTestProject.CurrencyHelperTests.FormatToStringTest1000(price: 13455.521105358153, expected: &quot;13455.52 zł&quot;)" computerName="DESKTOP-5URQ9PB" duration="00:00:00.0000040" startTime="2022-06-13T21:15:36.9000695+02:00" endTime="2022-06-13T21:15:36.9000696+02:00" testType="13cdc9d9-ddb5-4fa4-a97d-d965ccfc6d4b" outcome="Passed" testListId="8c84fa94-04c1-424b-9868-57a2d4851a1d" relativeResultsDirectory="3b67552f-2542-4b80-a94c-f24cc01d1246" />
    <UnitTestResult executionId="bed2135e-d96a-4b8a-9035-631f6e4919ce" testId="294f15b0-a486-8084-b9ae-585b30f21a60" testName="xUnitTestProject.CurrencyHelperTests.FormatToStringTest1000(price: 86.89546322771136, expected: &quot;86.90 zł&quot;)" computerName="DESKTOP-5URQ9PB" duration="00:00:00.0000040" startTime="2022-06-13T21:15:36.9995975+02:00" endTime="2022-06-13T21:15:36.9995976+02:00" testType="13cdc9d9-ddb5-4fa4-a97d-d965ccfc6d4b" outcome="Passed" testListId="8c84fa94-04c1-424b-9868-57a2d4851a1d" relativeResultsDirectory="bed2135e-d96a-4b8a-9035-631f6e4919ce" />
    <UnitTestResult executionId="0ca77eb1-b201-41e8-9874-f7aa2e6abb34" testId="558fcad2-7807-3075-bb81-ec539c4697ba" testName="xUnitTestProject.CurrencyHelperTests.FormatToStringTest1000(price: 1011.9989482094529, expected: &quot;1012.00 zł&quot;)" computerName="DESKTOP-5URQ9PB" duration="00:00:00.0000056" startTime="2022-06-13T21:15:36.9361783+02:00" endTime="2022-06-13T21:15:36.9361785+02:00" testType="13cdc9d9-ddb5-4fa4-a97d-d965ccfc6d4b" outcome="Passed" testListId="8c84fa94-04c1-424b-9868-57a2d4851a1d" relativeResultsDirectory="0ca77eb1-b201-41e8-9874-f7aa2e6abb34" />
    <UnitTestResult executionId="a7b12652-aeb5-4784-8ac1-7a71c1039641" testId="04661d81-bbef-c82f-71cf-dda291897ead" testName="xUnitTestProject.CurrencyHelperTests.FormatToStringTest1000(price: 30578.687538491416, expected: &quot;30578.69 zł&quot;)" computerName="DESKTOP-5URQ9PB" duration="00:00:00.0000040" startTime="2022-06-13T21:15:36.9890530+02:00" endTime="2022-06-13T21:15:36.9890532+02:00" testType="13cdc9d9-ddb5-4fa4-a97d-d965ccfc6d4b" outcome="Passed" testListId="8c84fa94-04c1-424b-9868-57a2d4851a1d" relativeResultsDirectory="a7b12652-aeb5-4784-8ac1-7a71c1039641" />
    <UnitTestResult executionId="2e890252-fd94-4b73-9176-234fab3cf7e4" testId="5605ffe3-47bf-edde-5207-79dd7a259fef" testName="xUnitTestProject.CurrencyHelperTests.FormatToStringTest1000(price: 45955.903045959254, expected: &quot;45955.90 zł&quot;)" computerName="DESKTOP-5URQ9PB" duration="00:00:00.0000047" startTime="2022-06-13T21:15:36.9685662+02:00" endTime="2022-06-13T21:15:36.9685664+02:00" testType="13cdc9d9-ddb5-4fa4-a97d-d965ccfc6d4b" outcome="Passed" testListId="8c84fa94-04c1-424b-9868-57a2d4851a1d" relativeResultsDirectory="2e890252-fd94-4b73-9176-234fab3cf7e4" />
    <UnitTestResult executionId="8f8b31bd-78a6-40f2-9555-4586954b03f0" testId="a3944110-24ef-a5f3-993b-c0e54d094618" testName="xUnitTestProject.CurrencyHelperTests.FormatToStringTest1000(price: 37826.846755123166, expected: &quot;37826.85 zł&quot;)" computerName="DESKTOP-5URQ9PB" duration="00:00:00.0000038" startTime="2022-06-13T21:15:36.9655600+02:00" endTime="2022-06-13T21:15:36.9655601+02:00" testType="13cdc9d9-ddb5-4fa4-a97d-d965ccfc6d4b" outcome="Passed" testListId="8c84fa94-04c1-424b-9868-57a2d4851a1d" relativeResultsDirectory="8f8b31bd-78a6-40f2-9555-4586954b03f0" />
    <UnitTestResult executionId="119014c0-1218-4f16-9eb9-6e3f1987f579" testId="4e78f25c-d355-e112-010c-d75e1dbe484f" testName="xUnitTestProject.CurrencyHelperTests.FormatToStringTest1000(price: 40268.121943438484, expected: &quot;40268.12 zł&quot;)" computerName="DESKTOP-5URQ9PB" duration="00:00:00.0000056" startTime="2022-06-13T21:15:36.9509730+02:00" endTime="2022-06-13T21:15:36.9509731+02:00" testType="13cdc9d9-ddb5-4fa4-a97d-d965ccfc6d4b" outcome="Passed" testListId="8c84fa94-04c1-424b-9868-57a2d4851a1d" relativeResultsDirectory="119014c0-1218-4f16-9eb9-6e3f1987f579" />
    <UnitTestResult executionId="c973ebc8-74cd-4607-9b7c-cd18d9c0715b" testId="9fa4910a-439f-a7b3-42d7-59f8d60a9e4f" testName="xUnitTestProject.CurrencyHelperTests.FormatToStringTest1000(price: 12577.642620996872, expected: &quot;12577.64 zł&quot;)" computerName="DESKTOP-5URQ9PB" duration="00:00:00.0000038" startTime="2022-06-13T21:15:36.9033903+02:00" endTime="2022-06-13T21:15:36.9033905+02:00" testType="13cdc9d9-ddb5-4fa4-a97d-d965ccfc6d4b" outcome="Passed" testListId="8c84fa94-04c1-424b-9868-57a2d4851a1d" relativeResultsDirectory="c973ebc8-74cd-4607-9b7c-cd18d9c0715b" />
    <UnitTestResult executionId="ff953062-23bd-4756-aae9-602504c7cf58" testId="31d7ba44-de75-ed55-66c6-b51937c13355" testName="xUnitTestProject.CurrencyHelperTests.FormatToStringTest1000(price: 60017.857676936714, expected: &quot;60017.86 zł&quot;)" computerName="DESKTOP-5URQ9PB" duration="00:00:00.0000065" startTime="2022-06-13T21:15:36.9548001+02:00" endTime="2022-06-13T21:15:36.9548002+02:00" testType="13cdc9d9-ddb5-4fa4-a97d-d965ccfc6d4b" outcome="Passed" testListId="8c84fa94-04c1-424b-9868-57a2d4851a1d" relativeResultsDirectory="ff953062-23bd-4756-aae9-602504c7cf58" />
    <UnitTestResult executionId="ba0d3366-401e-44c4-926f-d06a0ed05ad5" testId="ee9462eb-6912-5171-764c-f29a600e2526" testName="xUnitTestProject.CurrencyHelperTests.FormatToStringTest1000(price: 28068.20530246394, expected: &quot;28068.21 zł&quot;)" computerName="DESKTOP-5URQ9PB" duration="00:00:00.0000056" startTime="2022-06-13T21:15:36.9332573+02:00" endTime="2022-06-13T21:15:36.9332574+02:00" testType="13cdc9d9-ddb5-4fa4-a97d-d965ccfc6d4b" outcome="Passed" testListId="8c84fa94-04c1-424b-9868-57a2d4851a1d" relativeResultsDirectory="ba0d3366-401e-44c4-926f-d06a0ed05ad5" />
    <UnitTestResult executionId="05135407-168a-4966-92d6-433faa25cd8b" testId="be4ac306-3050-79c7-e4db-2e676fbdab1b" testName="xUnitTestProject.CurrencyHelperTests.FormatToStringTest1000(price: 2951.2722077329045, expected: &quot;2951.27 zł&quot;)" computerName="DESKTOP-5URQ9PB" duration="00:00:00.0000040" startTime="2022-06-13T21:15:36.8924612+02:00" endTime="2022-06-13T21:15:36.8924617+02:00" testType="13cdc9d9-ddb5-4fa4-a97d-d965ccfc6d4b" outcome="Passed" testListId="8c84fa94-04c1-424b-9868-57a2d4851a1d" relativeResultsDirectory="05135407-168a-4966-92d6-433faa25cd8b" />
    <UnitTestResult executionId="7473035f-6791-4a3d-b0fe-f37f29df2b2a" testId="8de67803-7acb-6ed7-12bc-5420c17b40c0" testName="xUnitTestProject.CurrencyHelperTests.FormatToStringTest1000(price: 45930.2386782068, expected: &quot;45930.24 zł&quot;)" computerName="DESKTOP-5URQ9PB" duration="00:00:00.0000039" startTime="2022-06-13T21:15:36.9948645+02:00" endTime="2022-06-13T21:15:36.9948647+02:00" testType="13cdc9d9-ddb5-4fa4-a97d-d965ccfc6d4b" outcome="Passed" testListId="8c84fa94-04c1-424b-9868-57a2d4851a1d" relativeResultsDirectory="7473035f-6791-4a3d-b0fe-f37f29df2b2a" />
    <UnitTestResult executionId="6398c45c-d7b5-454b-a6e3-531643bad74b" testId="a8ba7efd-581f-551d-dd26-e7f6709e3995" testName="xUnitTestProject.CurrencyHelperTests.FormatToStringTest1000(price: 13453.429998117233, expected: &quot;13453.43 zł&quot;)" computerName="DESKTOP-5URQ9PB" duration="00:00:00.0000065" startTime="2022-06-13T21:15:36.9520386+02:00" endTime="2022-06-13T21:15:36.9520387+02:00" testType="13cdc9d9-ddb5-4fa4-a97d-d965ccfc6d4b" outcome="Passed" testListId="8c84fa94-04c1-424b-9868-57a2d4851a1d" relativeResultsDirectory="6398c45c-d7b5-454b-a6e3-531643bad74b" />
    <UnitTestResult executionId="46de97dd-f9df-42e2-a694-eb535ff81799" testId="f3b15f6b-f00d-4e6c-f3c3-26bd7741dc5d" testName="xUnitTestProject.CurrencyHelperTests.FormatToStringTest1000(price: 35905.47425787219, expected: &quot;35905.47 zł&quot;)" computerName="DESKTOP-5URQ9PB" duration="00:00:00.0000063" startTime="2022-06-13T21:15:36.9243336+02:00" endTime="2022-06-13T21:15:36.9243338+02:00" testType="13cdc9d9-ddb5-4fa4-a97d-d965ccfc6d4b" outcome="Passed" testListId="8c84fa94-04c1-424b-9868-57a2d4851a1d" relativeResultsDirectory="46de97dd-f9df-42e2-a694-eb535ff81799" />
    <UnitTestResult executionId="21f7b879-22f5-4494-a2fa-5d16b68af60b" testId="0ceb7858-003d-ab99-34b5-3e79f1abe40b" testName="xUnitTestProject.CurrencyHelperTests.FormatToStringTest1000(price: 5566.818038455592, expected: &quot;5566.82 zł&quot;)" computerName="DESKTOP-5URQ9PB" duration="00:00:00.0000040" startTime="2022-06-13T21:15:36.9849209+02:00" endTime="2022-06-13T21:15:36.9849210+02:00" testType="13cdc9d9-ddb5-4fa4-a97d-d965ccfc6d4b" outcome="Passed" testListId="8c84fa94-04c1-424b-9868-57a2d4851a1d" relativeResultsDirectory="21f7b879-22f5-4494-a2fa-5d16b68af60b" />
    <UnitTestResult executionId="a456bd61-5a80-433b-9bd1-097aa1633583" testId="b9b36c19-155c-ac46-851c-623393903657" testName="xUnitTestProject.CurrencyHelperTests.FormatToStringTest1000(price: 1187.8237780126854, expected: &quot;1187.82 zł&quot;)" computerName="DESKTOP-5URQ9PB" duration="00:00:00.0000077" startTime="2022-06-13T21:15:36.9627849+02:00" endTime="2022-06-13T21:15:36.9627851+02:00" testType="13cdc9d9-ddb5-4fa4-a97d-d965ccfc6d4b" outcome="Passed" testListId="8c84fa94-04c1-424b-9868-57a2d4851a1d" relativeResultsDirectory="a456bd61-5a80-433b-9bd1-097aa1633583" />
    <UnitTestResult executionId="b705538b-c251-4231-9b9e-d65e873ff493" testId="a116b226-3d55-2529-864d-5e970bf42be4" testName="xUnitTestProject.CurrencyHelperTests.FormatToStringTest1000(price: 18340.8953197882, expected: &quot;18340.90 zł&quot;)" computerName="DESKTOP-5URQ9PB" duration="00:00:00.0000038" startTime="2022-06-13T21:15:36.9076730+02:00" endTime="2022-06-13T21:15:36.9076732+02:00" testType="13cdc9d9-ddb5-4fa4-a97d-d965ccfc6d4b" outcome="Passed" testListId="8c84fa94-04c1-424b-9868-57a2d4851a1d" relativeResultsDirectory="b705538b-c251-4231-9b9e-d65e873ff493" />
    <UnitTestResult executionId="30b88dc7-fad5-45e4-a82b-80dd1210d40c" testId="4125f8c2-231a-89ba-d149-611a4ab9d212" testName="xUnitTestProject.CurrencyHelperTests.FormatToStringTest1000(price: 14459.57059750686, expected: &quot;14459.57 zł&quot;)" computerName="DESKTOP-5URQ9PB" duration="00:00:00.0000039" startTime="2022-06-13T21:15:36.9781213+02:00" endTime="2022-06-13T21:15:36.9781214+02:00" testType="13cdc9d9-ddb5-4fa4-a97d-d965ccfc6d4b" outcome="Passed" testListId="8c84fa94-04c1-424b-9868-57a2d4851a1d" relativeResultsDirectory="30b88dc7-fad5-45e4-a82b-80dd1210d40c" />
    <UnitTestResult executionId="46876c71-bc63-4967-8388-cd710a69ed4c" testId="1ede13b3-cc3c-b767-91a3-9e4f793d1dd5" testName="xUnitTestProject.CurrencyHelperTests.FormatToStringTest1000(price: 52858.048916166204, expected: &quot;52858.05 zł&quot;)" computerName="DESKTOP-5URQ9PB" duration="00:00:00.0000039" startTime="2022-06-13T21:15:36.9685038+02:00" endTime="2022-06-13T21:15:36.9685039+02:00" testType="13cdc9d9-ddb5-4fa4-a97d-d965ccfc6d4b" outcome="Passed" testListId="8c84fa94-04c1-424b-9868-57a2d4851a1d" relativeResultsDirectory="46876c71-bc63-4967-8388-cd710a69ed4c" />
    <UnitTestResult executionId="989cdebb-8f33-413b-97e2-2e459c0b77e3" testId="dbf6f9ae-d4e2-c907-2228-ff1a571678a6" testName="xUnitTestProject.CurrencyHelperTests.FormatToStringTest1000(price: 20497.107923553376, expected: &quot;20497.11 zł&quot;)" computerName="DESKTOP-5URQ9PB" duration="00:00:00.0000056" startTime="2022-06-13T21:15:36.9490855+02:00" endTime="2022-06-13T21:15:36.9490857+02:00" testType="13cdc9d9-ddb5-4fa4-a97d-d965ccfc6d4b" outcome="Passed" testListId="8c84fa94-04c1-424b-9868-57a2d4851a1d" relativeResultsDirectory="989cdebb-8f33-413b-97e2-2e459c0b77e3" />
    <UnitTestResult executionId="e0f25811-be07-4474-9070-d7a51ce178b7" testId="4d20e584-0f2f-1ed1-3ddf-7516456e8aa4" testName="xUnitTestProject.CurrencyHelperTests.FormatToStringTest1000(price: 5840.747097845071, expected: &quot;5840.75 zł&quot;)" computerName="DESKTOP-5URQ9PB" duration="00:00:00.0000047" startTime="2022-06-13T21:15:37.0014106+02:00" endTime="2022-06-13T21:15:37.0014109+02:00" testType="13cdc9d9-ddb5-4fa4-a97d-d965ccfc6d4b" outcome="Passed" testListId="8c84fa94-04c1-424b-9868-57a2d4851a1d" relativeResultsDirectory="e0f25811-be07-4474-9070-d7a51ce178b7" />
    <UnitTestResult executionId="fa393d00-7c2c-4070-af72-416ec77eb7fb" testId="56f22bda-cb9f-dbaa-365a-cb6ba2104fe2" testName="xUnitTestProject.CurrencyHelperTests.FormatToStringTest1000(price: 9634.398811461124, expected: &quot;9634.40 zł&quot;)" computerName="DESKTOP-5URQ9PB" duration="00:00:00.0000058" startTime="2022-06-13T21:15:36.9637846+02:00" endTime="2022-06-13T21:15:36.9637847+02:00" testType="13cdc9d9-ddb5-4fa4-a97d-d965ccfc6d4b" outcome="Passed" testListId="8c84fa94-04c1-424b-9868-57a2d4851a1d" relativeResultsDirectory="fa393d00-7c2c-4070-af72-416ec77eb7fb" />
    <UnitTestResult executionId="80d5b190-dce3-4151-8a72-154aa1b748c6" testId="b9aabaf1-a1cb-6124-f2ee-69eb1bbe949b" testName="xUnitTestProject.CurrencyHelperTests.FormatToStringTest1000(price: 19392.945535027862, expected: &quot;19392.95 zł&quot;)" computerName="DESKTOP-5URQ9PB" duration="00:00:00.0000056" startTime="2022-06-13T21:15:36.9340783+02:00" endTime="2022-06-13T21:15:36.9340784+02:00" testType="13cdc9d9-ddb5-4fa4-a97d-d965ccfc6d4b" outcome="Passed" testListId="8c84fa94-04c1-424b-9868-57a2d4851a1d" relativeResultsDirectory="80d5b190-dce3-4151-8a72-154aa1b748c6" />
    <UnitTestResult executionId="9f1d33c0-1b12-43ef-be59-a7ebee69a8c6" testId="c09462bb-4f86-b8e1-b39e-c6c94b35ddbc" testName="xUnitTestProject.CurrencyHelperTests.FormatToStringTest1000(price: 6915.421130504656, expected: &quot;6915.42 zł&quot;)" computerName="DESKTOP-5URQ9PB" duration="00:00:00.0000038" startTime="2022-06-13T21:15:36.9686297+02:00" endTime="2022-06-13T21:15:36.9686298+02:00" testType="13cdc9d9-ddb5-4fa4-a97d-d965ccfc6d4b" outcome="Passed" testListId="8c84fa94-04c1-424b-9868-57a2d4851a1d" relativeResultsDirectory="9f1d33c0-1b12-43ef-be59-a7ebee69a8c6" />
    <UnitTestResult executionId="3bfc1e04-cd86-4fc4-8ebe-0d16b0fb6000" testId="9e564273-69a8-eaf4-221d-8cb7dd068c7d" testName="xUnitTestProject.CurrencyHelperTests.FormatToStringTest1000(price: 30360.993128030557, expected: &quot;30360.99 zł&quot;)" computerName="DESKTOP-5URQ9PB" duration="00:00:00.0000040" startTime="2022-06-13T21:15:36.9044128+02:00" endTime="2022-06-13T21:15:36.9044130+02:00" testType="13cdc9d9-ddb5-4fa4-a97d-d965ccfc6d4b" outcome="Passed" testListId="8c84fa94-04c1-424b-9868-57a2d4851a1d" relativeResultsDirectory="3bfc1e04-cd86-4fc4-8ebe-0d16b0fb6000" />
    <UnitTestResult executionId="3e65423b-3944-4264-a360-1e0730193b1f" testId="e18b4dbd-2ff6-3acf-dfb2-f12cbfa820d0" testName="xUnitTestProject.CurrencyHelperTests.FormatToStringTest1000(price: 77904.0088552246, expected: &quot;77904.01 zł&quot;)" computerName="DESKTOP-5URQ9PB" duration="00:00:00.0000058" startTime="2022-06-13T21:15:36.9262949+02:00" endTime="2022-06-13T21:15:36.9262950+02:00" testType="13cdc9d9-ddb5-4fa4-a97d-d965ccfc6d4b" outcome="Passed" testListId="8c84fa94-04c1-424b-9868-57a2d4851a1d" relativeResultsDirectory="3e65423b-3944-4264-a360-1e0730193b1f" />
    <UnitTestResult executionId="1801d264-4c5c-47ce-9108-db44c7beab54" testId="f376fc2f-2ee5-1277-a20e-665c6294e53a" testName="xUnitTestProject.CurrencyHelperTests.FormatToStringTest1000(price: 30410.68214617003, expected: &quot;30410.68 zł&quot;)" computerName="DESKTOP-5URQ9PB" duration="00:00:00.0000040" startTime="2022-06-13T21:15:36.9753549+02:00" endTime="2022-06-13T21:15:36.9753550+02:00" testType="13cdc9d9-ddb5-4fa4-a97d-d965ccfc6d4b" outcome="Passed" testListId="8c84fa94-04c1-424b-9868-57a2d4851a1d" relativeResultsDirectory="1801d264-4c5c-47ce-9108-db44c7beab54" />
    <UnitTestResult executionId="dbb6c100-3cf6-4f71-8fad-6f99a567cf10" testId="4b06698d-5339-0a98-2e05-9ce80b4b1ec4" testName="xUnitTestProject.CurrencyHelperTests.FormatToStringTest1000(price: 15566.957545477411, expected: &quot;15566.96 zł&quot;)" computerName="DESKTOP-5URQ9PB" duration="00:00:00.0000059" startTime="2022-06-13T21:15:36.9567276+02:00" endTime="2022-06-13T21:15:36.9567278+02:00" testType="13cdc9d9-ddb5-4fa4-a97d-d965ccfc6d4b" outcome="Passed" testListId="8c84fa94-04c1-424b-9868-57a2d4851a1d" relativeResultsDirectory="dbb6c100-3cf6-4f71-8fad-6f99a567cf10" />
    <UnitTestResult executionId="bf35b5e1-4c3a-4967-928e-255dbdda2fdc" testId="bafd99e7-ca41-5985-0fa2-b8c4e8f1fc8c" testName="xUnitTestProject.CurrencyHelperTests.FormatToStringTest1000(price: 5591.2222540617095, expected: &quot;5591.22 zł&quot;)" computerName="DESKTOP-5URQ9PB" duration="00:00:00.0000038" startTime="2022-06-13T21:15:36.9654938+02:00" endTime="2022-06-13T21:15:36.9654942+02:00" testType="13cdc9d9-ddb5-4fa4-a97d-d965ccfc6d4b" outcome="Passed" testListId="8c84fa94-04c1-424b-9868-57a2d4851a1d" relativeResultsDirectory="bf35b5e1-4c3a-4967-928e-255dbdda2fdc" />
    <UnitTestResult executionId="e94d1d1c-77d9-4c20-8980-85e0c064d570" testId="9f159054-0ade-aabd-0878-ac1771f3fda6" testName="xUnitTestProject.CurrencyHelperTests.FormatToStringTest1000(price: 395.45790295882983, expected: &quot;395.46 zł&quot;)" computerName="DESKTOP-5URQ9PB" duration="00:00:00.0000056" startTime="2022-06-13T21:15:36.9598491+02:00" endTime="2022-06-13T21:15:36.9598492+02:00" testType="13cdc9d9-ddb5-4fa4-a97d-d965ccfc6d4b" outcome="Passed" testListId="8c84fa94-04c1-424b-9868-57a2d4851a1d" relativeResultsDirectory="e94d1d1c-77d9-4c20-8980-85e0c064d570" />
    <UnitTestResult executionId="24b0874d-e1c9-4b87-8189-972bb1e959f9" testId="ba870e88-e985-a063-3050-00fcfcbc95b8" testName="xUnitTestProject.CurrencyHelperTests.FormatToStringTest1000(price: 17798.633951516185, expected: &quot;17798.63 zł&quot;)" computerName="DESKTOP-5URQ9PB" duration="00:00:00.0000039" startTime="2022-06-13T21:15:36.9065571+02:00" endTime="2022-06-13T21:15:36.9065572+02:00" testType="13cdc9d9-ddb5-4fa4-a97d-d965ccfc6d4b" outcome="Passed" testListId="8c84fa94-04c1-424b-9868-57a2d4851a1d" relativeResultsDirectory="24b0874d-e1c9-4b87-8189-972bb1e959f9" />
    <UnitTestResult executionId="a4a98298-9f65-404c-ac83-7ce9556b7768" testId="4ffd7804-0b86-b3af-454f-c182dda91ce2" testName="xUnitTestProject.CurrencyHelperTests.FormatToStringTest1000(price: 22291.653251342315, expected: &quot;22291.65 zł&quot;)" computerName="DESKTOP-5URQ9PB" duration="00:00:00.0000056" startTime="2022-06-13T21:15:36.9616590+02:00" endTime="2022-06-13T21:15:36.9616591+02:00" testType="13cdc9d9-ddb5-4fa4-a97d-d965ccfc6d4b" outcome="Passed" testListId="8c84fa94-04c1-424b-9868-57a2d4851a1d" relativeResultsDirectory="a4a98298-9f65-404c-ac83-7ce9556b7768" />
    <UnitTestResult executionId="0cd22480-cab9-403a-bdc6-236f948551a2" testId="a5e0b38b-1cb1-a5af-a5f1-f247fd82227e" testName="xUnitTestProject.CurrencyHelperTests.FormatToStringTest1000(price: 45445.182098106096, expected: &quot;45445.18 zł&quot;)" computerName="DESKTOP-5URQ9PB" duration="00:00:00.0000059" startTime="2022-06-13T21:15:36.9606749+02:00" endTime="2022-06-13T21:15:36.9606751+02:00" testType="13cdc9d9-ddb5-4fa4-a97d-d965ccfc6d4b" outcome="Passed" testListId="8c84fa94-04c1-424b-9868-57a2d4851a1d" relativeResultsDirectory="0cd22480-cab9-403a-bdc6-236f948551a2" />
    <UnitTestResult executionId="535670da-cd15-4494-a8ea-e66e9b8ba303" testId="2fe7dd20-7d34-4621-c4bd-6f2ec94c5407" testName="xUnitTestProject.CurrencyHelperTests.FormatToStringTest1000(price: 4105.490993980081, expected: &quot;4105.49 zł&quot;)" computerName="DESKTOP-5URQ9PB" duration="00:00:00.0000049" startTime="2022-06-13T21:15:36.9781835+02:00" endTime="2022-06-13T21:15:36.9781836+02:00" testType="13cdc9d9-ddb5-4fa4-a97d-d965ccfc6d4b" outcome="Passed" testListId="8c84fa94-04c1-424b-9868-57a2d4851a1d" relativeResultsDirectory="535670da-cd15-4494-a8ea-e66e9b8ba303" />
    <UnitTestResult executionId="4388dd5d-7941-4945-8b01-34571d1dee31" testId="1dbf06ec-4cde-4ef3-de39-b5efb671422f" testName="xUnitTestProject.CurrencyHelperTests.FormatToStringTest1000(price: 22330.217605518745, expected: &quot;22330.22 zł&quot;)" computerName="DESKTOP-5URQ9PB" duration="00:00:00.0000040" startTime="2022-06-13T21:15:36.9011550+02:00" endTime="2022-06-13T21:15:36.9011551+02:00" testType="13cdc9d9-ddb5-4fa4-a97d-d965ccfc6d4b" outcome="Passed" testListId="8c84fa94-04c1-424b-9868-57a2d4851a1d" relativeResultsDirectory="4388dd5d-7941-4945-8b01-34571d1dee31" />
    <UnitTestResult executionId="a23bd169-5c1d-4bf9-88a6-b063f935856b" testId="3592b35e-5647-34de-406e-9d7d0b031ac6" testName="xUnitTestProject.CurrencyHelperTests.FormatToStringTest1000(price: 6173.0243155793405, expected: &quot;6173.02 zł&quot;)" computerName="DESKTOP-5URQ9PB" duration="00:00:00.0000056" startTime="2022-06-13T21:15:36.9332877+02:00" endTime="2022-06-13T21:15:36.9332878+02:00" testType="13cdc9d9-ddb5-4fa4-a97d-d965ccfc6d4b" outcome="Passed" testListId="8c84fa94-04c1-424b-9868-57a2d4851a1d" relativeResultsDirectory="a23bd169-5c1d-4bf9-88a6-b063f935856b" />
    <UnitTestResult executionId="0323897b-93c9-4d8c-8de3-c508105a1d6f" testId="0740431b-2d5c-94f4-7631-d3fb545f47f1" testName="xUnitTestProject.CurrencyHelperTests.FormatToStringTest1000(price: 2216.881526520886, expected: &quot;2216.88 zł&quot;)" computerName="DESKTOP-5URQ9PB" duration="00:00:00.0000038" startTime="2022-06-13T21:15:36.9920187+02:00" endTime="2022-06-13T21:15:36.9920189+02:00" testType="13cdc9d9-ddb5-4fa4-a97d-d965ccfc6d4b" outcome="Passed" testListId="8c84fa94-04c1-424b-9868-57a2d4851a1d" relativeResultsDirectory="0323897b-93c9-4d8c-8de3-c508105a1d6f" />
    <UnitTestResult executionId="cfdee8d0-210a-4394-bc5d-e12da6d31a3f" testId="e3939992-ed7f-a290-3278-0cb23f85c16d" testName="xUnitTestProject.CurrencyHelperTests.FormatToStringTest1000(price: 27027.327683509946, expected: &quot;27027.33 zł&quot;)" computerName="DESKTOP-5URQ9PB" duration="00:00:00.0000039" startTime="2022-06-13T21:15:36.9158577+02:00" endTime="2022-06-13T21:15:36.9158578+02:00" testType="13cdc9d9-ddb5-4fa4-a97d-d965ccfc6d4b" outcome="Passed" testListId="8c84fa94-04c1-424b-9868-57a2d4851a1d" relativeResultsDirectory="cfdee8d0-210a-4394-bc5d-e12da6d31a3f" />
    <UnitTestResult executionId="bc523f8d-826b-4d42-a10a-c39d365e987f" testId="c3c40199-4dcb-06d9-bd7e-201cb412e68f" testName="xUnitTestProject.CurrencyHelperTests.FormatToStringTest1000(price: 270.1894008262033, expected: &quot;270.19 zł&quot;)" computerName="DESKTOP-5URQ9PB" duration="00:00:00.0000039" startTime="2022-06-13T21:15:36.9928707+02:00" endTime="2022-06-13T21:15:36.9928708+02:00" testType="13cdc9d9-ddb5-4fa4-a97d-d965ccfc6d4b" outcome="Passed" testListId="8c84fa94-04c1-424b-9868-57a2d4851a1d" relativeResultsDirectory="bc523f8d-826b-4d42-a10a-c39d365e987f" />
    <UnitTestResult executionId="b139f42b-800d-453a-af42-9eae6c183df5" testId="2f04d734-6778-0b79-9d14-d79b1e3bb130" testName="xUnitTestProject.CurrencyHelperTests.FormatToStringTest1000(price: 12871.381729632794, expected: &quot;12871.38 zł&quot;)" computerName="DESKTOP-5URQ9PB" duration="00:00:00.0000040" startTime="2022-06-13T21:15:36.9879173+02:00" endTime="2022-06-13T21:15:36.9879174+02:00" testType="13cdc9d9-ddb5-4fa4-a97d-d965ccfc6d4b" outcome="Passed" testListId="8c84fa94-04c1-424b-9868-57a2d4851a1d" relativeResultsDirectory="b139f42b-800d-453a-af42-9eae6c183df5" />
    <UnitTestResult executionId="f03bf0e0-d995-4d09-adf3-05baf64750a8" testId="ae407fd6-e927-5656-0ce5-4192f5da53cb" testName="xUnitTestProject.CurrencyHelperTests.FormatToStringTest1000(price: 22592.465903659566, expected: &quot;22592.47 zł&quot;)" computerName="DESKTOP-5URQ9PB" duration="00:00:00.0000041" startTime="2022-06-13T21:15:36.9762070+02:00" endTime="2022-06-13T21:15:36.9762071+02:00" testType="13cdc9d9-ddb5-4fa4-a97d-d965ccfc6d4b" outcome="Passed" testListId="8c84fa94-04c1-424b-9868-57a2d4851a1d" relativeResultsDirectory="f03bf0e0-d995-4d09-adf3-05baf64750a8" />
    <UnitTestResult executionId="685f7842-0e16-48fa-a6f7-d4d7f1cc955c" testId="9f74ffc2-1a7b-4759-a337-57d1812dbf3f" testName="xUnitTestProject.CurrencyHelperTests.FormatToStringTest1000(price: 52032.65082931176, expected: &quot;52032.65 zł&quot;)" computerName="DESKTOP-5URQ9PB" duration="00:00:00.0000058" startTime="2022-06-13T21:15:36.9303550+02:00" endTime="2022-06-13T21:15:36.9303551+02:00" testType="13cdc9d9-ddb5-4fa4-a97d-d965ccfc6d4b" outcome="Passed" testListId="8c84fa94-04c1-424b-9868-57a2d4851a1d" relativeResultsDirectory="685f7842-0e16-48fa-a6f7-d4d7f1cc955c" />
    <UnitTestResult executionId="0eb7eb96-d0e1-40a8-8165-04e1204b8107" testId="76d85170-85b2-a48f-102e-aa9420de3580" testName="xUnitTestProject.CurrencyHelperTests.FormatToStringTest1000(price: 643.3550376181281, expected: &quot;643.36 zł&quot;)" computerName="DESKTOP-5URQ9PB" duration="00:00:00.0000069" startTime="2022-06-13T21:15:36.9273964+02:00" endTime="2022-06-13T21:15:36.9273965+02:00" testType="13cdc9d9-ddb5-4fa4-a97d-d965ccfc6d4b" outcome="Passed" testListId="8c84fa94-04c1-424b-9868-57a2d4851a1d" relativeResultsDirectory="0eb7eb96-d0e1-40a8-8165-04e1204b8107" />
    <UnitTestResult executionId="c3c4797c-a6dc-4b44-820c-4b0d817f1435" testId="3a671f08-52e1-32fe-f25e-6e157db962d2" testName="xUnitTestProject.CurrencyHelperTests.FormatToStringTest1000(price: 4812.162927013898, expected: &quot;4812.16 zł&quot;)" computerName="DESKTOP-5URQ9PB" duration="00:00:00.0000066" startTime="2022-06-13T21:15:36.9403813+02:00" endTime="2022-06-13T21:15:36.9403814+02:00" testType="13cdc9d9-ddb5-4fa4-a97d-d965ccfc6d4b" outcome="Passed" testListId="8c84fa94-04c1-424b-9868-57a2d4851a1d" relativeResultsDirectory="c3c4797c-a6dc-4b44-820c-4b0d817f1435" />
    <UnitTestResult executionId="f2d39c75-aa9c-4993-ae5e-10dba68547b1" testId="459add99-cbf9-4f7c-b3d1-c619873acede" testName="xUnitTestProject.CurrencyHelperTests.FormatToStringTest1000(price: 66541.05112730109, expected: &quot;66541.05 zł&quot;)" computerName="DESKTOP-5URQ9PB" duration="00:00:00.0000040" startTime="2022-06-13T21:15:36.9695813+02:00" endTime="2022-06-13T21:15:36.9695815+02:00" testType="13cdc9d9-ddb5-4fa4-a97d-d965ccfc6d4b" outcome="Passed" testListId="8c84fa94-04c1-424b-9868-57a2d4851a1d" relativeResultsDirectory="f2d39c75-aa9c-4993-ae5e-10dba68547b1" />
    <UnitTestResult executionId="fee58515-4656-481f-a9e6-fc2768120562" testId="1ad63577-6f41-15d0-2387-0963e1b2bf95" testName="xUnitTestProject.CurrencyHelperTests.FormatToStringTest1000(price: 45070.5442499493, expected: &quot;45070.54 zł&quot;)" computerName="DESKTOP-5URQ9PB" duration="00:00:00.0000047" startTime="2022-06-13T21:15:36.9074847+02:00" endTime="2022-06-13T21:15:36.9074848+02:00" testType="13cdc9d9-ddb5-4fa4-a97d-d965ccfc6d4b" outcome="Passed" testListId="8c84fa94-04c1-424b-9868-57a2d4851a1d" relativeResultsDirectory="fee58515-4656-481f-a9e6-fc2768120562" />
    <UnitTestResult executionId="0e327b09-24ee-4e84-a9aa-03bd51c78ce6" testId="f7bc8584-126a-bce9-5286-d35d3ce59a28" testName="xUnitTestProject.CurrencyHelperTests.FormatToStringTest1000(price: 10066.059180456241, expected: &quot;10066.06 zł&quot;)" computerName="DESKTOP-5URQ9PB" duration="00:00:00.0000055" startTime="2022-06-13T21:15:36.9436962+02:00" endTime="2022-06-13T21:15:36.9436963+02:00" testType="13cdc9d9-ddb5-4fa4-a97d-d965ccfc6d4b" outcome="Passed" testListId="8c84fa94-04c1-424b-9868-57a2d4851a1d" relativeResultsDirectory="0e327b09-24ee-4e84-a9aa-03bd51c78ce6" />
    <UnitTestResult executionId="ffd9eb36-4770-4158-9da4-0395869996ed" testId="6f661c9f-cb4c-fdf6-5a9a-217f69ebc5d5" testName="xUnitTestProject.CurrencyHelperTests.FormatToStringTest1000(price: 1613.6903705837626, expected: &quot;1613.69 zł&quot;)" computerName="DESKTOP-5URQ9PB" duration="00:00:00.0000040" startTime="2022-06-13T21:15:36.9168746+02:00" endTime="2022-06-13T21:15:36.9168748+02:00" testType="13cdc9d9-ddb5-4fa4-a97d-d965ccfc6d4b" outcome="Passed" testListId="8c84fa94-04c1-424b-9868-57a2d4851a1d" relativeResultsDirectory="ffd9eb36-4770-4158-9da4-0395869996ed" />
    <UnitTestResult executionId="e3ba8672-730b-4945-a325-67a3234c9937" testId="4f602daf-bb8d-fd94-ef0a-fd5eecda2ee6" testName="xUnitTestProject.CurrencyHelperTests.FormatToStringTest1000(price: 17090.629587323234, expected: &quot;17090.63 zł&quot;)" computerName="DESKTOP-5URQ9PB" duration="00:00:00.0000040" startTime="2022-06-13T21:15:36.9839370+02:00" endTime="2022-06-13T21:15:36.9839371+02:00" testType="13cdc9d9-ddb5-4fa4-a97d-d965ccfc6d4b" outcome="Passed" testListId="8c84fa94-04c1-424b-9868-57a2d4851a1d" relativeResultsDirectory="e3ba8672-730b-4945-a325-67a3234c9937" />
    <UnitTestResult executionId="2408c1fd-1b22-44a4-90d3-1fb79177b1ac" testId="d810e333-5279-6858-6f15-bdf834685746" testName="xUnitTestProject.CurrencyHelperTests.FormatToStringTest1000(price: 70581.91150977784, expected: &quot;70581.91 zł&quot;)" computerName="DESKTOP-5URQ9PB" duration="00:00:00.0000040" startTime="2022-06-13T21:15:36.9107781+02:00" endTime="2022-06-13T21:15:36.9107782+02:00" testType="13cdc9d9-ddb5-4fa4-a97d-d965ccfc6d4b" outcome="Passed" testListId="8c84fa94-04c1-424b-9868-57a2d4851a1d" relativeResultsDirectory="2408c1fd-1b22-44a4-90d3-1fb79177b1ac" />
    <UnitTestResult executionId="48b371bf-bb8f-43df-a2a7-3b43abf5c818" testId="4167d107-473f-7d0a-c3aa-2c271677cfd1" testName="xUnitTestProject.CurrencyHelperTests.FormatToStringTest1000(price: 9657.360676611475, expected: &quot;9657.36 zł&quot;)" computerName="DESKTOP-5URQ9PB" duration="00:00:00.0000041" startTime="2022-06-13T21:15:36.8946495+02:00" endTime="2022-06-13T21:15:36.8946497+02:00" testType="13cdc9d9-ddb5-4fa4-a97d-d965ccfc6d4b" outcome="Passed" testListId="8c84fa94-04c1-424b-9868-57a2d4851a1d" relativeResultsDirectory="48b371bf-bb8f-43df-a2a7-3b43abf5c818" />
    <UnitTestResult executionId="142673fe-838a-46b6-94bd-aede49a38ecc" testId="0c859aba-4f30-51d2-a318-7300b0569a9b" testName="xUnitTestProject.CurrencyHelperTests.FormatToStringTest1000(price: 52020.805412759444, expected: &quot;52020.81 zł&quot;)" computerName="DESKTOP-5URQ9PB" duration="00:00:00.0000056" startTime="2022-06-13T21:15:36.9548317+02:00" endTime="2022-06-13T21:15:36.9548319+02:00" testType="13cdc9d9-ddb5-4fa4-a97d-d965ccfc6d4b" outcome="Passed" testListId="8c84fa94-04c1-424b-9868-57a2d4851a1d" relativeResultsDirectory="142673fe-838a-46b6-94bd-aede49a38ecc" />
    <UnitTestResult executionId="b98dbc77-42f6-491e-b26e-4c4de4a9e614" testId="761c5474-ba0b-efdd-0d5f-bfbe630a98c2" testName="xUnitTestProject.CurrencyHelperTests.FormatToStringTest1000(price: 726.8087564975995, expected: &quot;726.81 zł&quot;)" computerName="DESKTOP-5URQ9PB" duration="00:00:00.0000040" startTime="2022-06-13T21:15:36.9899029+02:00" endTime="2022-06-13T21:15:36.9899030+02:00" testType="13cdc9d9-ddb5-4fa4-a97d-d965ccfc6d4b" outcome="Passed" testListId="8c84fa94-04c1-424b-9868-57a2d4851a1d" relativeResultsDirectory="b98dbc77-42f6-491e-b26e-4c4de4a9e614" />
    <UnitTestResult executionId="38b3dfb0-cc1d-48ff-b7c3-680238082418" testId="55a64d0e-8de2-b5b6-7b28-338aaabcb504" testName="xUnitTestProject.CurrencyHelperTests.FormatToStringTest1000(price: 31622.81414407809, expected: &quot;31622.81 zł&quot;)" computerName="DESKTOP-5URQ9PB" duration="00:00:00.0000039" startTime="2022-06-13T21:15:36.9839029+02:00" endTime="2022-06-13T21:15:36.9839033+02:00" testType="13cdc9d9-ddb5-4fa4-a97d-d965ccfc6d4b" outcome="Passed" testListId="8c84fa94-04c1-424b-9868-57a2d4851a1d" relativeResultsDirectory="38b3dfb0-cc1d-48ff-b7c3-680238082418" />
    <UnitTestResult executionId="7b162566-997f-47d4-a0c9-249ac3a844da" testId="d02dc591-3a84-d3ac-10be-a85efb2cb27c" testName="xUnitTestProject.CurrencyHelperTests.FormatToStringTest1000(price: 23789.556920184546, expected: &quot;23789.56 zł&quot;)" computerName="DESKTOP-5URQ9PB" duration="00:00:00.0000058" startTime="2022-06-13T21:15:36.9391329+02:00" endTime="2022-06-13T21:15:36.9391331+02:00" testType="13cdc9d9-ddb5-4fa4-a97d-d965ccfc6d4b" outcome="Passed" testListId="8c84fa94-04c1-424b-9868-57a2d4851a1d" relativeResultsDirectory="7b162566-997f-47d4-a0c9-249ac3a844da" />
    <UnitTestResult executionId="a5198acb-91eb-4ef4-bd63-e27113d4f1d1" testId="984ccf4b-e758-da57-870c-fdaae5c09395" testName="xUnitTestProject.CurrencyHelperTests.FormatToStringTest1000(price: 11584.045280779732, expected: &quot;11584.05 zł&quot;)" computerName="DESKTOP-5URQ9PB" duration="00:00:00.0000040" startTime="2022-06-13T21:15:36.9033286+02:00" endTime="2022-06-13T21:15:36.9033288+02:00" testType="13cdc9d9-ddb5-4fa4-a97d-d965ccfc6d4b" outcome="Passed" testListId="8c84fa94-04c1-424b-9868-57a2d4851a1d" relativeResultsDirectory="a5198acb-91eb-4ef4-bd63-e27113d4f1d1" />
    <UnitTestResult executionId="bb6b93be-95f9-46c2-88fa-8b9563593b16" testId="8e40a9d7-b14a-a165-b4bc-258c3936dfbd" testName="xUnitTestProject.CurrencyHelperTests.FormatToStringTest1000(price: 1676.7913981754293, expected: &quot;1676.79 zł&quot;)" computerName="DESKTOP-5URQ9PB" duration="00:00:00.0000040" startTime="2022-06-13T21:15:36.9773322+02:00" endTime="2022-06-13T21:15:36.9773324+02:00" testType="13cdc9d9-ddb5-4fa4-a97d-d965ccfc6d4b" outcome="Passed" testListId="8c84fa94-04c1-424b-9868-57a2d4851a1d" relativeResultsDirectory="bb6b93be-95f9-46c2-88fa-8b9563593b16" />
    <UnitTestResult executionId="aaa07138-00b7-49a2-90e5-a636b4e74b94" testId="761b6e00-61f3-b300-b2f5-8d5765381437" testName="xUnitTestProject.CurrencyHelperTests.FormatToStringTest1000(price: 57237.252356975456, expected: &quot;57237.25 zł&quot;)" computerName="DESKTOP-5URQ9PB" duration="00:00:00.0000047" startTime="2022-06-13T21:15:36.9176720+02:00" endTime="2022-06-13T21:15:36.9176722+02:00" testType="13cdc9d9-ddb5-4fa4-a97d-d965ccfc6d4b" outcome="Passed" testListId="8c84fa94-04c1-424b-9868-57a2d4851a1d" relativeResultsDirectory="aaa07138-00b7-49a2-90e5-a636b4e74b94" />
    <UnitTestResult executionId="af775a56-0e43-4efb-aee8-19f8639c7e4f" testId="5987d0c7-7679-adcc-a7d5-76af40a4f7f5" testName="xUnitTestProject.CurrencyHelperTests.FormatToStringTest1000(price: 24566.50251371856, expected: &quot;24566.50 zł&quot;)" computerName="DESKTOP-5URQ9PB" duration="00:00:00.0000039" startTime="2022-06-13T21:15:36.9996286+02:00" endTime="2022-06-13T21:15:36.9996287+02:00" testType="13cdc9d9-ddb5-4fa4-a97d-d965ccfc6d4b" outcome="Passed" testListId="8c84fa94-04c1-424b-9868-57a2d4851a1d" relativeResultsDirectory="af775a56-0e43-4efb-aee8-19f8639c7e4f" />
    <UnitTestResult executionId="d8ab2840-5208-489a-89cb-eb5896dc2b9a" testId="1d4cd445-caf0-beba-56bf-67413439f9ab" testName="xUnitTestProject.CurrencyHelperTests.FormatToStringTest1000(price: 3043.6828298227315, expected: &quot;3043.68 zł&quot;)" computerName="DESKTOP-5URQ9PB" duration="00:00:00.0000041" startTime="2022-06-13T21:15:36.9013403+02:00" endTime="2022-06-13T21:15:36.9013404+02:00" testType="13cdc9d9-ddb5-4fa4-a97d-d965ccfc6d4b" outcome="Passed" testListId="8c84fa94-04c1-424b-9868-57a2d4851a1d" relativeResultsDirectory="d8ab2840-5208-489a-89cb-eb5896dc2b9a" />
    <UnitTestResult executionId="dc260d1c-678e-47e0-a442-3d33cb4873e7" testId="56eb6a9f-6cb4-2abe-d7ee-7e044f42c842" testName="xUnitTestProject.CurrencyHelperTests.FormatToStringTest1000(price: 47964.941885361884, expected: &quot;47964.94 zł&quot;)" computerName="DESKTOP-5URQ9PB" duration="00:00:00.0000056" startTime="2022-06-13T21:15:36.9500029+02:00" endTime="2022-06-13T21:15:36.9500031+02:00" testType="13cdc9d9-ddb5-4fa4-a97d-d965ccfc6d4b" outcome="Passed" testListId="8c84fa94-04c1-424b-9868-57a2d4851a1d" relativeResultsDirectory="dc260d1c-678e-47e0-a442-3d33cb4873e7" />
    <UnitTestResult executionId="00771bd1-6d8c-4a1c-9f26-f5437d9b1d50" testId="da0fbf47-7a8c-b3ea-d30a-c0e3a737ca5d" testName="xUnitTestProject.CurrencyHelperTests.FormatToStringTest1000(price: 8514.837538072763, expected: &quot;8514.84 zł&quot;)" computerName="DESKTOP-5URQ9PB" duration="00:00:00.0000059" startTime="2022-06-13T21:15:36.9488304+02:00" endTime="2022-06-13T21:15:36.9488309+02:00" testType="13cdc9d9-ddb5-4fa4-a97d-d965ccfc6d4b" outcome="Passed" testListId="8c84fa94-04c1-424b-9868-57a2d4851a1d" relativeResultsDirectory="00771bd1-6d8c-4a1c-9f26-f5437d9b1d50" />
    <UnitTestResult executionId="364d04f0-4e48-4f52-aef1-3c0b13b8a654" testId="c28dd236-1525-1514-778a-3b6a96d19df1" testName="xUnitTestProject.CurrencyHelperTests.FormatToStringTest1000(price: 5749.124990274722, expected: &quot;5749.12 zł&quot;)" computerName="DESKTOP-5URQ9PB" duration="00:00:00.0000038" startTime="2022-06-13T21:15:36.9949280+02:00" endTime="2022-06-13T21:15:36.9949281+02:00" testType="13cdc9d9-ddb5-4fa4-a97d-d965ccfc6d4b" outcome="Passed" testListId="8c84fa94-04c1-424b-9868-57a2d4851a1d" relativeResultsDirectory="364d04f0-4e48-4f52-aef1-3c0b13b8a654" />
    <UnitTestResult executionId="824be5ac-649d-4ef7-a3a7-0bf490765020" testId="83d8e74c-5bbb-efb0-37a0-7aa4cf469b8b" testName="xUnitTestProject.CurrencyHelperTests.FormatToStringTest1000(price: 6820.105136090938, expected: &quot;6820.11 zł&quot;)" computerName="DESKTOP-5URQ9PB" duration="00:00:00.0000038" startTime="2022-06-13T21:15:36.9674880+02:00" endTime="2022-06-13T21:15:36.9674885+02:00" testType="13cdc9d9-ddb5-4fa4-a97d-d965ccfc6d4b" outcome="Passed" testListId="8c84fa94-04c1-424b-9868-57a2d4851a1d" relativeResultsDirectory="824be5ac-649d-4ef7-a3a7-0bf490765020" />
    <UnitTestResult executionId="1c6ca9e1-2292-4e5e-946d-9c9a7286a323" testId="34bcb15f-3abe-d5c6-acbc-f3d258cf59b6" testName="xUnitTestProject.CurrencyHelperTests.FormatToStringTest1000(price: 79973.08417819678, expected: &quot;79973.08 zł&quot;)" computerName="DESKTOP-5URQ9PB" duration="00:00:00.0000039" startTime="2022-06-13T21:15:37.0038918+02:00" endTime="2022-06-13T21:15:37.0038920+02:00" testType="13cdc9d9-ddb5-4fa4-a97d-d965ccfc6d4b" outcome="Passed" testListId="8c84fa94-04c1-424b-9868-57a2d4851a1d" relativeResultsDirectory="1c6ca9e1-2292-4e5e-946d-9c9a7286a323" />
    <UnitTestResult executionId="974523c3-6b7d-4059-acb9-2764daed531b" testId="4e988653-eb1d-5757-a9c9-94e533451c54" testName="xUnitTestProject.CurrencyHelperTests.FormatToStringTest1000(price: 1482.3501845832682, expected: &quot;1482.35 zł&quot;)" computerName="DESKTOP-5URQ9PB" duration="00:00:00.0000056" startTime="2022-06-13T21:15:36.9488984+02:00" endTime="2022-06-13T21:15:36.9488985+02:00" testType="13cdc9d9-ddb5-4fa4-a97d-d965ccfc6d4b" outcome="Passed" testListId="8c84fa94-04c1-424b-9868-57a2d4851a1d" relativeResultsDirectory="974523c3-6b7d-4059-acb9-2764daed531b" />
    <UnitTestResult executionId="645f3fe3-38f6-44ec-8317-98051753030c" testId="1f1eef69-3a21-cd3d-3a5f-46efeda6ab38" testName="xUnitTestProject.CurrencyHelperTests.FormatToStringTest1000(price: 7975.276658828965, expected: &quot;7975.28 zł&quot;)" computerName="DESKTOP-5URQ9PB" duration="00:00:00.0000038" startTime="2022-06-13T21:15:36.9880185+02:00" endTime="2022-06-13T21:15:36.9880187+02:00" testType="13cdc9d9-ddb5-4fa4-a97d-d965ccfc6d4b" outcome="Passed" testListId="8c84fa94-04c1-424b-9868-57a2d4851a1d" relativeResultsDirectory="645f3fe3-38f6-44ec-8317-98051753030c" />
    <UnitTestResult executionId="3c45d5e9-99c2-40db-bbdd-0fab98ae2434" testId="9dc9660c-2773-e5a1-118f-73373343d0e6" testName="xUnitTestProject.CurrencyHelperTests.FormatToStringTest1000(price: 89093.57120939044, expected: &quot;89093.57 zł&quot;)" computerName="DESKTOP-5URQ9PB" duration="00:00:00.0000040" startTime="2022-06-13T21:15:36.8891622+02:00" endTime="2022-06-13T21:15:36.8891623+02:00" testType="13cdc9d9-ddb5-4fa4-a97d-d965ccfc6d4b" outcome="Passed" testListId="8c84fa94-04c1-424b-9868-57a2d4851a1d" relativeResultsDirectory="3c45d5e9-99c2-40db-bbdd-0fab98ae2434" />
    <UnitTestResult executionId="24b091a9-3332-4c70-b9c7-4a3117b0d5f3" testId="05428edc-24e9-331d-ccde-497be2e009d1" testName="xUnitTestProject.CurrencyHelperTests.FormatToStringTest1000(price: 5254.6338787505565, expected: &quot;5254.63 zł&quot;)" computerName="DESKTOP-5URQ9PB" duration="00:00:00.0000056" startTime="2022-06-13T21:15:36.9262596+02:00" endTime="2022-06-13T21:15:36.9262600+02:00" testType="13cdc9d9-ddb5-4fa4-a97d-d965ccfc6d4b" outcome="Passed" testListId="8c84fa94-04c1-424b-9868-57a2d4851a1d" relativeResultsDirectory="24b091a9-3332-4c70-b9c7-4a3117b0d5f3" />
    <UnitTestResult executionId="4dc5ca64-cb4d-49fd-b570-6133cb752aaa" testId="17e8adfe-3d5e-8417-3ca9-9ea065f0229b" testName="xUnitTestProject.CurrencyHelperTests.FormatToStringTest1000(price: 49672.98901987402, expected: &quot;49672.99 zł&quot;)" computerName="DESKTOP-5URQ9PB" duration="00:00:00.0000055" startTime="2022-06-13T21:15:36.9447523+02:00" endTime="2022-06-13T21:15:36.9447525+02:00" testType="13cdc9d9-ddb5-4fa4-a97d-d965ccfc6d4b" outcome="Passed" testListId="8c84fa94-04c1-424b-9868-57a2d4851a1d" relativeResultsDirectory="4dc5ca64-cb4d-49fd-b570-6133cb752aaa" />
    <UnitTestResult executionId="0257246a-ba94-4d63-9822-50ae6139408a" testId="783752e7-0a8e-7713-0dfb-eb72f3fc27d6" testName="xUnitTestProject.CurrencyHelperTests.FormatToStringTest1000(price: 47431.868885526375, expected: &quot;47431.87 zł&quot;)" computerName="DESKTOP-5URQ9PB" duration="00:00:00.0000039" startTime="2022-06-13T21:15:36.9176405+02:00" endTime="2022-06-13T21:15:36.9176406+02:00" testType="13cdc9d9-ddb5-4fa4-a97d-d965ccfc6d4b" outcome="Passed" testListId="8c84fa94-04c1-424b-9868-57a2d4851a1d" relativeResultsDirectory="0257246a-ba94-4d63-9822-50ae6139408a" />
    <UnitTestResult executionId="29cd3fce-a541-40eb-99fe-df4aee254034" testId="7994a7d4-0fa0-5377-671c-ab94321aaf57" testName="xUnitTestProject.CurrencyHelperTests.FormatToStringTest1000(price: 61422.228144277455, expected: &quot;61422.23 zł&quot;)" computerName="DESKTOP-5URQ9PB" duration="00:00:00.0000039" startTime="2022-06-13T21:15:37.0066600+02:00" endTime="2022-06-13T21:15:37.0066604+02:00" testType="13cdc9d9-ddb5-4fa4-a97d-d965ccfc6d4b" outcome="Passed" testListId="8c84fa94-04c1-424b-9868-57a2d4851a1d" relativeResultsDirectory="29cd3fce-a541-40eb-99fe-df4aee254034" />
    <UnitTestResult executionId="ed883a1b-9790-4e84-960e-cc4ed04d05e6" testId="f5005d81-5a9b-ef44-7fc2-52377fae83f4" testName="xUnitTestProject.CurrencyHelperTests.FormatToStringTest1000(price: 26162.532683261918, expected: &quot;26162.53 zł&quot;)" computerName="DESKTOP-5URQ9PB" duration="00:00:00.0000038" startTime="2022-06-13T21:15:36.8967984+02:00" endTime="2022-06-13T21:15:36.8967986+02:00" testType="13cdc9d9-ddb5-4fa4-a97d-d965ccfc6d4b" outcome="Passed" testListId="8c84fa94-04c1-424b-9868-57a2d4851a1d" relativeResultsDirectory="ed883a1b-9790-4e84-960e-cc4ed04d05e6" />
    <UnitTestResult executionId="eb7004c9-28b2-46e4-a4ac-fe56d845a2be" testId="0f785118-4101-2fda-f887-c7a86673e736" testName="xUnitTestProject.CurrencyHelperTests.FormatToStringTest1000(price: 13092.45389243609, expected: &quot;13092.45 zł&quot;)" computerName="DESKTOP-5URQ9PB" duration="00:00:00.0000058" startTime="2022-06-13T21:15:36.9330707+02:00" endTime="2022-06-13T21:15:36.9330709+02:00" testType="13cdc9d9-ddb5-4fa4-a97d-d965ccfc6d4b" outcome="Passed" testListId="8c84fa94-04c1-424b-9868-57a2d4851a1d" relativeResultsDirectory="eb7004c9-28b2-46e4-a4ac-fe56d845a2be" />
    <UnitTestResult executionId="d9588cb9-c70a-4081-b179-9b6141151dea" testId="15a5c8eb-0c90-a7e4-0dc8-5ce2be1587d5" testName="xUnitTestProject.CurrencyHelperTests.FormatToStringTest1000(price: 74851.91547305691, expected: &quot;74851.92 zł&quot;)" computerName="DESKTOP-5URQ9PB" duration="00:00:00.0000040" startTime="2022-06-13T21:15:36.8947816+02:00" endTime="2022-06-13T21:15:36.8947818+02:00" testType="13cdc9d9-ddb5-4fa4-a97d-d965ccfc6d4b" outcome="Passed" testListId="8c84fa94-04c1-424b-9868-57a2d4851a1d" relativeResultsDirectory="d9588cb9-c70a-4081-b179-9b6141151dea" />
    <UnitTestResult executionId="e644e1a8-ca5f-4823-89f7-648320f6c830" testId="80a4940d-875d-f4f0-bd6e-0d3aab9861cb" testName="xUnitTestProject.CurrencyHelperTests.FormatToStringTest1000(price: 60701.5177499319, expected: &quot;60701.52 zł&quot;)" computerName="DESKTOP-5URQ9PB" duration="00:00:00.0000039" startTime="2022-06-13T21:15:36.9001322+02:00" endTime="2022-06-13T21:15:36.9001323+02:00" testType="13cdc9d9-ddb5-4fa4-a97d-d965ccfc6d4b" outcome="Passed" testListId="8c84fa94-04c1-424b-9868-57a2d4851a1d" relativeResultsDirectory="e644e1a8-ca5f-4823-89f7-648320f6c830" />
    <UnitTestResult executionId="18ab11b8-5acb-457a-b34c-1c8065db3121" testId="cb40e0a5-2f70-a60d-407b-51d7d2d25955" testName="xUnitTestProject.CurrencyHelperTests.FormatToStringTest1000(price: 19071.681252896637, expected: &quot;19071.68 zł&quot;)" computerName="DESKTOP-5URQ9PB" duration="00:00:00.0000059" startTime="2022-06-13T21:15:36.9618488+02:00" endTime="2022-06-13T21:15:36.9618490+02:00" testType="13cdc9d9-ddb5-4fa4-a97d-d965ccfc6d4b" outcome="Passed" testListId="8c84fa94-04c1-424b-9868-57a2d4851a1d" relativeResultsDirectory="18ab11b8-5acb-457a-b34c-1c8065db3121" />
    <UnitTestResult executionId="93a6a6ff-9427-4b17-a39a-560e4d4da9e1" testId="e21002e6-50a6-5886-0d27-79e4c9ba2f92" testName="xUnitTestProject.CurrencyHelperTests.FormatToStringTest1000(price: 9603.199987620208, expected: &quot;9603.20 zł&quot;)" computerName="DESKTOP-5URQ9PB" duration="00:00:00.0000059" startTime="2022-06-13T21:15:36.9469457+02:00" endTime="2022-06-13T21:15:36.9469458+02:00" testType="13cdc9d9-ddb5-4fa4-a97d-d965ccfc6d4b" outcome="Passed" testListId="8c84fa94-04c1-424b-9868-57a2d4851a1d" relativeResultsDirectory="93a6a6ff-9427-4b17-a39a-560e4d4da9e1" />
    <UnitTestResult executionId="46d6fced-15f9-4749-b0ae-b995b378cef3" testId="ff96b5de-94eb-fc99-362b-5102f1ace758" testName="xUnitTestProject.CurrencyHelperTests.FormatToStringTest1000(price: 43727.735558145556, expected: &quot;43727.74 zł&quot;)" computerName="DESKTOP-5URQ9PB" duration="00:00:00.0000040" startTime="2022-06-13T21:15:36.9159197+02:00" endTime="2022-06-13T21:15:36.9159198+02:00" testType="13cdc9d9-ddb5-4fa4-a97d-d965ccfc6d4b" outcome="Passed" testListId="8c84fa94-04c1-424b-9868-57a2d4851a1d" relativeResultsDirectory="46d6fced-15f9-4749-b0ae-b995b378cef3" />
    <UnitTestResult executionId="0e48f40a-9f4e-4a48-a08b-28f65562b0dc" testId="e6b4d3a2-a83c-419f-8b42-b631077ac8fc" testName="xUnitTestProject.CurrencyHelperTests.FormatToStringTest1000(price: 19208.676036795914, expected: &quot;19208.68 zł&quot;)" computerName="DESKTOP-5URQ9PB" duration="00:00:00.0000039" startTime="2022-06-13T21:15:37.0048736+02:00" endTime="2022-06-13T21:15:37.0048737+02:00" testType="13cdc9d9-ddb5-4fa4-a97d-d965ccfc6d4b" outcome="Passed" testListId="8c84fa94-04c1-424b-9868-57a2d4851a1d" relativeResultsDirectory="0e48f40a-9f4e-4a48-a08b-28f65562b0dc" />
    <UnitTestResult executionId="d81e49dc-9e1b-4b56-9721-309d3c9995ee" testId="0fb536e2-af1a-ef21-5b53-d89a189dda8d" testName="xUnitTestProject.CurrencyHelperTests.FormatToStringTest1000(price: 26858.35647848731, expected: &quot;26858.36 zł&quot;)" computerName="DESKTOP-5URQ9PB" duration="00:00:00.0000038" startTime="2022-06-13T21:15:36.9996595+02:00" endTime="2022-06-13T21:15:36.9996596+02:00" testType="13cdc9d9-ddb5-4fa4-a97d-d965ccfc6d4b" outcome="Passed" testListId="8c84fa94-04c1-424b-9868-57a2d4851a1d" relativeResultsDirectory="d81e49dc-9e1b-4b56-9721-309d3c9995ee" />
    <UnitTestResult executionId="14e19fd1-7feb-4b69-9732-822aeb3228d3" testId="5313f3e0-d68f-8127-ba85-18b29352fdf0" testName="xUnitTestProject.CurrencyHelperTests.FormatToStringTest1000(price: 78822.37212685234, expected: &quot;78822.37 zł&quot;)" computerName="DESKTOP-5URQ9PB" duration="00:00:00.0000038" startTime="2022-06-13T21:15:36.9985712+02:00" endTime="2022-06-13T21:15:36.9985713+02:00" testType="13cdc9d9-ddb5-4fa4-a97d-d965ccfc6d4b" outcome="Passed" testListId="8c84fa94-04c1-424b-9868-57a2d4851a1d" relativeResultsDirectory="14e19fd1-7feb-4b69-9732-822aeb3228d3" />
    <UnitTestResult executionId="5edbd109-59c7-4767-8ad1-ca2fce32da35" testId="fb7bf331-bde6-9156-c7eb-687415ce01f4" testName="xUnitTestProject.CurrencyHelperTests.FormatToStringTest1000(price: 15129.433864736666, expected: &quot;15129.43 zł&quot;)" computerName="DESKTOP-5URQ9PB" duration="00:00:00.0000067" startTime="2022-06-13T21:15:36.9321343+02:00" endTime="2022-06-13T21:15:36.9321344+02:00" testType="13cdc9d9-ddb5-4fa4-a97d-d965ccfc6d4b" outcome="Passed" testListId="8c84fa94-04c1-424b-9868-57a2d4851a1d" relativeResultsDirectory="5edbd109-59c7-4767-8ad1-ca2fce32da35" />
    <UnitTestResult executionId="22b16150-a4e8-4b8a-8665-a31928aa0ae5" testId="fe096e9a-696b-0373-a92c-3a2e57b850e7" testName="xUnitTestProject.CurrencyHelperTests.FormatToStringTest1000(price: 27629.79121039193, expected: &quot;27629.79 zł&quot;)" computerName="DESKTOP-5URQ9PB" duration="00:00:00.0000106" startTime="2022-06-13T21:15:36.9233451+02:00" endTime="2022-06-13T21:15:36.9233455+02:00" testType="13cdc9d9-ddb5-4fa4-a97d-d965ccfc6d4b" outcome="Passed" testListId="8c84fa94-04c1-424b-9868-57a2d4851a1d" relativeResultsDirectory="22b16150-a4e8-4b8a-8665-a31928aa0ae5" />
    <UnitTestResult executionId="43c3af96-6af7-47d0-83e9-7df695528332" testId="2ff6532c-932c-742b-a63d-f74c12776c60" testName="xUnitTestProject.CurrencyHelperTests.FormatToStringTest1000(price: 22459.530444447664, expected: &quot;22459.53 zł&quot;)" computerName="DESKTOP-5URQ9PB" duration="00:00:00.0000047" startTime="2022-06-13T21:15:36.9064954+02:00" endTime="2022-06-13T21:15:36.9064956+02:00" testType="13cdc9d9-ddb5-4fa4-a97d-d965ccfc6d4b" outcome="Passed" testListId="8c84fa94-04c1-424b-9868-57a2d4851a1d" relativeResultsDirectory="43c3af96-6af7-47d0-83e9-7df695528332" />
    <UnitTestResult executionId="57e772d8-1566-40a2-967a-c956774569c1" testId="20607095-992d-3bf7-849c-32032c3b5657" testName="xUnitTestProject.CurrencyHelperTests.FormatToStringTest1000(price: 10174.652801423637, expected: &quot;10174.65 zł&quot;)" computerName="DESKTOP-5URQ9PB" duration="00:00:00.0000040" startTime="2022-06-13T21:15:36.9841245+02:00" endTime="2022-06-13T21:15:36.9841247+02:00" testType="13cdc9d9-ddb5-4fa4-a97d-d965ccfc6d4b" outcome="Passed" testListId="8c84fa94-04c1-424b-9868-57a2d4851a1d" relativeResultsDirectory="57e772d8-1566-40a2-967a-c956774569c1" />
    <UnitTestResult executionId="518ffbbc-751c-4fc6-9390-bc61827040e5" testId="c85737d8-c8f4-a23c-9c62-4ed60400843c" testName="xUnitTestProject.CurrencyHelperTests.FormatToStringTest1000(price: 28192.949128067565, expected: &quot;28192.95 zł&quot;)" computerName="DESKTOP-5URQ9PB" duration="00:00:00.0000040" startTime="2022-06-13T21:15:36.9196116+02:00" endTime="2022-06-13T21:15:36.9196117+02:00" testType="13cdc9d9-ddb5-4fa4-a97d-d965ccfc6d4b" outcome="Passed" testListId="8c84fa94-04c1-424b-9868-57a2d4851a1d" relativeResultsDirectory="518ffbbc-751c-4fc6-9390-bc61827040e5" />
    <UnitTestResult executionId="7c2c1ca6-a333-4b3f-97b9-80cf4dd5efc6" testId="0a7a5bc8-9d15-4c47-d83e-93a1a167a703" testName="xUnitTestProject.CurrencyHelperTests.FormatToStringTest1000(price: 10775.728533390784, expected: &quot;10775.73 zł&quot;)" computerName="DESKTOP-5URQ9PB" duration="00:00:00.0000039" startTime="2022-06-13T21:15:37.0058200+02:00" endTime="2022-06-13T21:15:37.0058202+02:00" testType="13cdc9d9-ddb5-4fa4-a97d-d965ccfc6d4b" outcome="Passed" testListId="8c84fa94-04c1-424b-9868-57a2d4851a1d" relativeResultsDirectory="7c2c1ca6-a333-4b3f-97b9-80cf4dd5efc6" />
    <UnitTestResult executionId="dbf5a8e0-f6d9-4833-b248-c8b72d6795ed" testId="f962f016-220b-dd5b-3c75-15629456e786" testName="xUnitTestProject.CurrencyHelperTests.FormatToStringTest1000(price: 12949.590713378317, expected: &quot;12949.59 zł&quot;)" computerName="DESKTOP-5URQ9PB" duration="00:00:00.0000040" startTime="2022-06-13T21:15:36.9043456+02:00" endTime="2022-06-13T21:15:36.9043457+02:00" testType="13cdc9d9-ddb5-4fa4-a97d-d965ccfc6d4b" outcome="Passed" testListId="8c84fa94-04c1-424b-9868-57a2d4851a1d" relativeResultsDirectory="dbf5a8e0-f6d9-4833-b248-c8b72d6795ed" />
    <UnitTestResult executionId="ef7a3998-48a7-493e-a4d3-0e0d09371e0a" testId="b38d539d-6069-d89f-5c5e-102a8255e594" testName="xUnitTestProject.CurrencyHelperTests.FormatToStringTest1000(price: 2901.9683054191846, expected: &quot;2901.97 zł&quot;)" computerName="DESKTOP-5URQ9PB" duration="00:00:00.0000038" startTime="2022-06-13T21:15:36.9890195+02:00" endTime="2022-06-13T21:15:36.9890197+02:00" testType="13cdc9d9-ddb5-4fa4-a97d-d965ccfc6d4b" outcome="Passed" testListId="8c84fa94-04c1-424b-9868-57a2d4851a1d" relativeResultsDirectory="ef7a3998-48a7-493e-a4d3-0e0d09371e0a" />
    <UnitTestResult executionId="6cc703cd-1a94-4023-bb09-bacd46d637d9" testId="171141a5-7e7d-d227-6619-8929fed50e13" testName="xUnitTestProject.CurrencyHelperTests.FormatToStringTest1000(price: 806.960597043373, expected: &quot;806.96 zł&quot;)" computerName="DESKTOP-5URQ9PB" duration="00:00:00.0000039" startTime="2022-06-13T21:15:36.9860126+02:00" endTime="2022-06-13T21:15:36.9860127+02:00" testType="13cdc9d9-ddb5-4fa4-a97d-d965ccfc6d4b" outcome="Passed" testListId="8c84fa94-04c1-424b-9868-57a2d4851a1d" relativeResultsDirectory="6cc703cd-1a94-4023-bb09-bacd46d637d9" />
    <UnitTestResult executionId="da8b5269-d7c4-49a5-93f5-ead18966cd78" testId="ad89a04b-1d6c-269b-831e-2a5afc742278" testName="xUnitTestProject.CurrencyHelperTests.FormatToStringTest1000(price: 15600.245951180927, expected: &quot;15600.25 zł&quot;)" computerName="DESKTOP-5URQ9PB" duration="00:00:00.0000040" startTime="2022-06-13T21:15:36.9204687+02:00" endTime="2022-06-13T21:15:36.9204692+02:00" testType="13cdc9d9-ddb5-4fa4-a97d-d965ccfc6d4b" outcome="Passed" testListId="8c84fa94-04c1-424b-9868-57a2d4851a1d" relativeResultsDirectory="da8b5269-d7c4-49a5-93f5-ead18966cd78" />
    <UnitTestResult executionId="c4de848e-22b4-486e-bf41-c57bd0ac224b" testId="a32f3872-61d2-3bb4-5952-f9f7fd09a236" testName="xUnitTestProject.CurrencyHelperTests.FormatToStringTest1000(price: 41873.517751020154, expected: &quot;41873.52 zł&quot;)" computerName="DESKTOP-5URQ9PB" duration="00:00:00.0000040" startTime="2022-06-13T21:15:36.8926867+02:00" endTime="2022-06-13T21:15:36.8926868+02:00" testType="13cdc9d9-ddb5-4fa4-a97d-d965ccfc6d4b" outcome="Passed" testListId="8c84fa94-04c1-424b-9868-57a2d4851a1d" relativeResultsDirectory="c4de848e-22b4-486e-bf41-c57bd0ac224b" />
    <UnitTestResult executionId="0201b469-5ae9-45f1-9515-0960bd565b87" testId="01a9775b-5693-bd58-011d-1e4a65370397" testName="xUnitTestProject.CurrencyHelperTests.FormatToStringTest1000(price: 9750.134289915735, expected: &quot;9750.13 zł&quot;)" computerName="DESKTOP-5URQ9PB" duration="00:00:00.0000038" startTime="2022-06-13T21:15:36.9918639+02:00" endTime="2022-06-13T21:15:36.9918640+02:00" testType="13cdc9d9-ddb5-4fa4-a97d-d965ccfc6d4b" outcome="Passed" testListId="8c84fa94-04c1-424b-9868-57a2d4851a1d" relativeResultsDirectory="0201b469-5ae9-45f1-9515-0960bd565b87" />
    <UnitTestResult executionId="71e4d021-1b75-4fde-8ec0-edd0edd3d431" testId="ebd1aa40-63da-115b-f2a9-d23a543d03a1" testName="xUnitTestProject.CurrencyHelperTests.FormatToStringTest1000(price: 20441.330495004695, expected: &quot;20441.33 zł&quot;)" computerName="DESKTOP-5URQ9PB" duration="00:00:00.0000058" startTime="2022-06-13T21:15:36.9598185+02:00" endTime="2022-06-13T21:15:36.9598187+02:00" testType="13cdc9d9-ddb5-4fa4-a97d-d965ccfc6d4b" outcome="Passed" testListId="8c84fa94-04c1-424b-9868-57a2d4851a1d" relativeResultsDirectory="71e4d021-1b75-4fde-8ec0-edd0edd3d431" />
    <UnitTestResult executionId="96f00b6a-ca22-4b79-97d5-46181e55c1ac" testId="4168f0ac-b835-769a-f744-274b70d89027" testName="xUnitTestProject.CurrencyHelperTests.FormatToStringTest1000(price: 65947.64520381515, expected: &quot;65947.65 zł&quot;)" computerName="DESKTOP-5URQ9PB" duration="00:00:00.0000039" startTime="2022-06-13T21:15:36.9800318+02:00" endTime="2022-06-13T21:15:36.9800319+02:00" testType="13cdc9d9-ddb5-4fa4-a97d-d965ccfc6d4b" outcome="Passed" testListId="8c84fa94-04c1-424b-9868-57a2d4851a1d" relativeResultsDirectory="96f00b6a-ca22-4b79-97d5-46181e55c1ac" />
    <UnitTestResult executionId="180e7ee4-d1ab-427e-902f-54418fca30d7" testId="d39c6f9f-bd62-16f2-5a23-b15da9df82dd" testName="xUnitTestProject.CurrencyHelperTests.FormatToStringTest1000(price: 68011.49219071423, expected: &quot;68011.49 zł&quot;)" computerName="DESKTOP-5URQ9PB" duration="00:00:00.0000059" startTime="2022-06-13T21:15:36.9597568+02:00" endTime="2022-06-13T21:15:36.9597569+02:00" testType="13cdc9d9-ddb5-4fa4-a97d-d965ccfc6d4b" outcome="Passed" testListId="8c84fa94-04c1-424b-9868-57a2d4851a1d" relativeResultsDirectory="180e7ee4-d1ab-427e-902f-54418fca30d7" />
    <UnitTestResult executionId="b03a88a7-b5e0-45c8-898e-01c2cd7ef484" testId="d907dab2-a0b3-0153-e7e4-4d342798a47e" testName="xUnitTestProject.CurrencyHelperTests.FormatToStringTest1000(price: 19189.32381924117, expected: &quot;19189.32 zł&quot;)" computerName="DESKTOP-5URQ9PB" duration="00:00:00.0000059" startTime="2022-06-13T21:15:36.9625920+02:00" endTime="2022-06-13T21:15:36.9625924+02:00" testType="13cdc9d9-ddb5-4fa4-a97d-d965ccfc6d4b" outcome="Passed" testListId="8c84fa94-04c1-424b-9868-57a2d4851a1d" relativeResultsDirectory="b03a88a7-b5e0-45c8-898e-01c2cd7ef484" />
    <UnitTestResult executionId="7cd4b3c5-0c9e-446b-97aa-3625ced79fea" testId="3b56a798-367d-2897-b3e6-a32862419438" testName="xUnitTestProject.CurrencyHelperTests.FormatToStringTest1000(price: 21573.45329517613, expected: &quot;21573.45 zł&quot;)" computerName="DESKTOP-5URQ9PB" duration="00:00:00.0000056" startTime="2022-06-13T21:15:36.9437587+02:00" endTime="2022-06-13T21:15:36.9437588+02:00" testType="13cdc9d9-ddb5-4fa4-a97d-d965ccfc6d4b" outcome="Passed" testListId="8c84fa94-04c1-424b-9868-57a2d4851a1d" relativeResultsDirectory="7cd4b3c5-0c9e-446b-97aa-3625ced79fea" />
    <UnitTestResult executionId="288f7947-507c-41a5-b7c9-bc560bace86b" testId="a90d1942-15f1-e50c-e63d-254e34e99bf5" testName="xUnitTestProject.CurrencyHelperTests.FormatToStringTest1000(price: 2292.8331871111104, expected: &quot;2292.83 zł&quot;)" computerName="DESKTOP-5URQ9PB" duration="00:00:00.0000056" startTime="2022-06-13T21:15:36.9350821+02:00" endTime="2022-06-13T21:15:36.9350822+02:00" testType="13cdc9d9-ddb5-4fa4-a97d-d965ccfc6d4b" outcome="Passed" testListId="8c84fa94-04c1-424b-9868-57a2d4851a1d" relativeResultsDirectory="288f7947-507c-41a5-b7c9-bc560bace86b" />
    <UnitTestResult executionId="c0971c03-7327-4a81-b1c4-ea5c1b7a8afe" testId="e3eba5d2-93a0-e22e-731e-ed52218ff16c" testName="xUnitTestProject.CurrencyHelperTests.FormatToStringTest1000(price: 918.1842976688334, expected: &quot;918.18 zł&quot;)" computerName="DESKTOP-5URQ9PB" duration="00:00:00.0000050" startTime="2022-06-13T21:15:36.9044434+02:00" endTime="2022-06-13T21:15:36.9044436+02:00" testType="13cdc9d9-ddb5-4fa4-a97d-d965ccfc6d4b" outcome="Passed" testListId="8c84fa94-04c1-424b-9868-57a2d4851a1d" relativeResultsDirectory="c0971c03-7327-4a81-b1c4-ea5c1b7a8afe" />
    <UnitTestResult executionId="f237163b-8cd0-496c-a845-36d562cba7c1" testId="185ede31-fab0-85ad-ad6a-a8eab36c8466" testName="xUnitTestProject.CurrencyHelperTests.FormatToStringTest1000(price: 13574.683315038068, expected: &quot;13574.68 zł&quot;)" computerName="DESKTOP-5URQ9PB" duration="00:00:00.0000040" startTime="2022-06-13T21:15:36.9655283+02:00" endTime="2022-06-13T21:15:36.9655285+02:00" testType="13cdc9d9-ddb5-4fa4-a97d-d965ccfc6d4b" outcome="Passed" testListId="8c84fa94-04c1-424b-9868-57a2d4851a1d" relativeResultsDirectory="f237163b-8cd0-496c-a845-36d562cba7c1" />
    <UnitTestResult executionId="0fc8d011-470f-46a5-bc9d-ab9fa3b75535" testId="1d271909-1898-128b-21ec-f802c1979d9e" testName="xUnitTestProject.CurrencyHelperTests.FormatToStringTest1000(price: 3588.260979617136, expected: &quot;3588.26 zł&quot;)" computerName="DESKTOP-5URQ9PB" duration="00:00:00.0000040" startTime="2022-06-13T21:15:36.9995035+02:00" endTime="2022-06-13T21:15:36.9995037+02:00" testType="13cdc9d9-ddb5-4fa4-a97d-d965ccfc6d4b" outcome="Passed" testListId="8c84fa94-04c1-424b-9868-57a2d4851a1d" relativeResultsDirectory="0fc8d011-470f-46a5-bc9d-ab9fa3b75535" />
    <UnitTestResult executionId="7e389066-d9f4-417a-8d88-f0eecc3b0bef" testId="ce6af9f0-4b11-7bc7-9919-f6caf3d5d5f3" testName="xUnitTestProject.CurrencyHelperTests.FormatToStringTest1000(price: 38640.62766693003, expected: &quot;38640.63 zł&quot;)" computerName="DESKTOP-5URQ9PB" duration="00:00:00.0000037" startTime="2022-06-13T21:15:36.9107474+02:00" endTime="2022-06-13T21:15:36.9107476+02:00" testType="13cdc9d9-ddb5-4fa4-a97d-d965ccfc6d4b" outcome="Passed" testListId="8c84fa94-04c1-424b-9868-57a2d4851a1d" relativeResultsDirectory="7e389066-d9f4-417a-8d88-f0eecc3b0bef" />
    <UnitTestResult executionId="33cbbb5e-3694-4b05-a0a3-09111e09d138" testId="acda3d15-0e29-fc40-b0fc-fcddae081200" testName="xUnitTestProject.CurrencyHelperTests.FormatToStringTest1000(price: 39641.61351217451, expected: &quot;39641.61 zł&quot;)" computerName="DESKTOP-5URQ9PB" duration="00:00:00.0000058" startTime="2022-06-13T21:15:36.8805830+02:00" endTime="2022-06-13T21:15:36.8805831+02:00" testType="13cdc9d9-ddb5-4fa4-a97d-d965ccfc6d4b" outcome="Passed" testListId="8c84fa94-04c1-424b-9868-57a2d4851a1d" relativeResultsDirectory="33cbbb5e-3694-4b05-a0a3-09111e09d138" />
    <UnitTestResult executionId="54d4d26d-0a0e-492b-9f4d-35310e4e5052" testId="4c71192e-43b4-c49c-e53a-9e4a0adf6b7e" testName="xUnitTestProject.CurrencyHelperTests.FormatToStringTest1000(price: 34062.88803158276, expected: &quot;34062.89 zł&quot;)" computerName="DESKTOP-5URQ9PB" duration="00:00:00.0000067" startTime="2022-06-13T21:15:36.9549548+02:00" endTime="2022-06-13T21:15:36.9549550+02:00" testType="13cdc9d9-ddb5-4fa4-a97d-d965ccfc6d4b" outcome="Passed" testListId="8c84fa94-04c1-424b-9868-57a2d4851a1d" relativeResultsDirectory="54d4d26d-0a0e-492b-9f4d-35310e4e5052" />
    <UnitTestResult executionId="72c70ae3-58b0-495b-ba96-5e6509458c9e" testId="61863f63-9d64-1d88-3d10-ad0f63ed338b" testName="xUnitTestProject.CurrencyHelperTests.FormatToStringTest1000(price: 1130.8119115372242, expected: &quot;1130.81 zł&quot;)" computerName="DESKTOP-5URQ9PB" duration="00:00:00.0000056" startTime="2022-06-13T21:15:36.9499401+02:00" endTime="2022-06-13T21:15:36.9499403+02:00" testType="13cdc9d9-ddb5-4fa4-a97d-d965ccfc6d4b" outcome="Passed" testListId="8c84fa94-04c1-424b-9868-57a2d4851a1d" relativeResultsDirectory="72c70ae3-58b0-495b-ba96-5e6509458c9e" />
    <UnitTestResult executionId="16561e7f-1e82-464e-904c-0e95469f4fe2" testId="4f6b94b9-8c0a-f905-af50-086f7c071ad9" testName="xUnitTestProject.CurrencyHelperTests.FormatToStringTest1000(price: 10324.538670147089, expected: &quot;10324.54 zł&quot;)" computerName="DESKTOP-5URQ9PB" duration="00:00:00.0000039" startTime="2022-06-13T21:15:36.9743881+02:00" endTime="2022-06-13T21:15:36.9743883+02:00" testType="13cdc9d9-ddb5-4fa4-a97d-d965ccfc6d4b" outcome="Passed" testListId="8c84fa94-04c1-424b-9868-57a2d4851a1d" relativeResultsDirectory="16561e7f-1e82-464e-904c-0e95469f4fe2" />
    <UnitTestResult executionId="484e9171-8405-47bc-b86c-27cacbaf5d49" testId="41c4ce1a-ef09-24d7-c3f0-f5bd5a81a0d8" testName="xUnitTestProject.CurrencyHelperTests.FormatToStringTest1000(price: 73301.91270130403, expected: &quot;73301.91 zł&quot;)" computerName="DESKTOP-5URQ9PB" duration="00:00:00.0000058" startTime="2022-06-13T21:15:36.9608052+02:00" endTime="2022-06-13T21:15:36.9608053+02:00" testType="13cdc9d9-ddb5-4fa4-a97d-d965ccfc6d4b" outcome="Passed" testListId="8c84fa94-04c1-424b-9868-57a2d4851a1d" relativeResultsDirectory="484e9171-8405-47bc-b86c-27cacbaf5d49" />
    <UnitTestResult executionId="9898ac02-af0e-4ef3-8a53-a2bf1928f479" testId="1230a279-f763-f5b9-8b74-e3286d54a1e7" testName="xUnitTestProject.CurrencyHelperTests.FormatToStringTest1000(price: 1963.0091662979728, expected: &quot;1963.01 zł&quot;)" computerName="DESKTOP-5URQ9PB" duration="00:00:00.0000037" startTime="2022-06-13T21:15:36.9053399+02:00" endTime="2022-06-13T21:15:36.9053400+02:00" testType="13cdc9d9-ddb5-4fa4-a97d-d965ccfc6d4b" outcome="Passed" testListId="8c84fa94-04c1-424b-9868-57a2d4851a1d" relativeResultsDirectory="9898ac02-af0e-4ef3-8a53-a2bf1928f479" />
    <UnitTestResult executionId="4f2337a1-7234-4a02-84d8-ac841dca049d" testId="0ee739fa-dfa4-5ef5-1b22-8fe2862978a3" testName="xUnitTestProject.CurrencyHelperTests.FormatToStringTest1000(price: 5279.315995182524, expected: &quot;5279.32 zł&quot;)" computerName="DESKTOP-5URQ9PB" duration="00:00:00.0000083" startTime="2022-06-13T21:15:36.9549241+02:00" endTime="2022-06-13T21:15:36.9549243+02:00" testType="13cdc9d9-ddb5-4fa4-a97d-d965ccfc6d4b" outcome="Passed" testListId="8c84fa94-04c1-424b-9868-57a2d4851a1d" relativeResultsDirectory="4f2337a1-7234-4a02-84d8-ac841dca049d" />
    <UnitTestResult executionId="ea838def-5f36-4949-abf5-569058548ccc" testId="4308f885-151f-014b-166d-40692645a73a" testName="xUnitTestProject.CurrencyHelperTests.FormatToStringTest1000(price: 15907.394871033446, expected: &quot;15907.39 zł&quot;)" computerName="DESKTOP-5URQ9PB" duration="00:00:00.0000056" startTime="2022-06-13T21:15:36.9468522+02:00" endTime="2022-06-13T21:15:36.9468524+02:00" testType="13cdc9d9-ddb5-4fa4-a97d-d965ccfc6d4b" outcome="Passed" testListId="8c84fa94-04c1-424b-9868-57a2d4851a1d" relativeResultsDirectory="ea838def-5f36-4949-abf5-569058548ccc" />
    <UnitTestResult executionId="a54f5b23-c956-4d45-b95b-bb59951ae087" testId="9c810ece-be18-f9ed-3cc8-f43cbbe8d789" testName="xUnitTestProject.CurrencyHelperTests.FormatToStringTest1000(price: 18627.604896394354, expected: &quot;18627.60 zł&quot;)" computerName="DESKTOP-5URQ9PB" duration="00:00:00.0000183" startTime="2022-06-13T21:15:36.8804031+02:00" endTime="2022-06-13T21:15:36.8804036+02:00" testType="13cdc9d9-ddb5-4fa4-a97d-d965ccfc6d4b" outcome="Passed" testListId="8c84fa94-04c1-424b-9868-57a2d4851a1d" relativeResultsDirectory="a54f5b23-c956-4d45-b95b-bb59951ae087" />
    <UnitTestResult executionId="ab9d2f91-6694-464b-b2e7-fc4b13119603" testId="11729d1c-6c6a-9fce-9d88-8ebfff125cf6" testName="xUnitTestProject.CurrencyHelperTests.FormatToStringTest1000(price: 29926.595417457444, expected: &quot;29926.60 zł&quot;)" computerName="DESKTOP-5URQ9PB" duration="00:00:00.0000056" startTime="2022-06-13T21:15:36.9380076+02:00" endTime="2022-06-13T21:15:36.9380077+02:00" testType="13cdc9d9-ddb5-4fa4-a97d-d965ccfc6d4b" outcome="Passed" testListId="8c84fa94-04c1-424b-9868-57a2d4851a1d" relativeResultsDirectory="ab9d2f91-6694-464b-b2e7-fc4b13119603" />
    <UnitTestResult executionId="31590478-b979-4fec-af7c-859c2be78820" testId="71b5be91-6e3e-5890-08ca-57e68e3990bc" testName="xUnitTestProject.CurrencyHelperTests.FormatToStringTest1000(price: 46607.970025941715, expected: &quot;46607.97 zł&quot;)" computerName="DESKTOP-5URQ9PB" duration="00:00:00.0000061" startTime="2022-06-13T21:15:36.9557125+02:00" endTime="2022-06-13T21:15:36.9557130+02:00" testType="13cdc9d9-ddb5-4fa4-a97d-d965ccfc6d4b" outcome="Passed" testListId="8c84fa94-04c1-424b-9868-57a2d4851a1d" relativeResultsDirectory="31590478-b979-4fec-af7c-859c2be78820" />
    <UnitTestResult executionId="654a32e3-94ec-4d4a-93ac-4137db6555b3" testId="7b9b1040-51d8-c2e6-1ac0-cb113e76a56a" testName="xUnitTestProject.CurrencyHelperTests.FormatToStringTest1000(price: 20445.11280083149, expected: &quot;20445.11 zł&quot;)" computerName="DESKTOP-5URQ9PB" duration="00:00:00.0000055" startTime="2022-06-13T21:15:36.9518524+02:00" endTime="2022-06-13T21:15:36.9518526+02:00" testType="13cdc9d9-ddb5-4fa4-a97d-d965ccfc6d4b" outcome="Passed" testListId="8c84fa94-04c1-424b-9868-57a2d4851a1d" relativeResultsDirectory="654a32e3-94ec-4d4a-93ac-4137db6555b3" />
    <UnitTestResult executionId="97a7788b-2a8f-4ff1-b0c2-0735db884962" testId="56dbe364-b862-68d4-f157-de01aca24e66" testName="xUnitTestProject.CurrencyHelperTests.FormatToStringTest1000(price: 28502.61128259758, expected: &quot;28502.61 zł&quot;)" computerName="DESKTOP-5URQ9PB" duration="00:00:00.0000039" startTime="2022-06-13T21:15:36.9959129+02:00" endTime="2022-06-13T21:15:36.9959131+02:00" testType="13cdc9d9-ddb5-4fa4-a97d-d965ccfc6d4b" outcome="Passed" testListId="8c84fa94-04c1-424b-9868-57a2d4851a1d" relativeResultsDirectory="97a7788b-2a8f-4ff1-b0c2-0735db884962" />
    <UnitTestResult executionId="0c2aa0cf-1265-4b21-a00f-0bd31fdf1a05" testId="5021544e-bd06-1c2d-b3df-c21b577ebfa2" testName="xUnitTestProject.CurrencyHelperTests.FormatToStringTest1000(price: 50550.645020282194, expected: &quot;50550.65 zł&quot;)" computerName="DESKTOP-5URQ9PB" duration="00:00:00.0000056" startTime="2022-06-13T21:15:36.9598808+02:00" endTime="2022-06-13T21:15:36.9598810+02:00" testType="13cdc9d9-ddb5-4fa4-a97d-d965ccfc6d4b" outcome="Passed" testListId="8c84fa94-04c1-424b-9868-57a2d4851a1d" relativeResultsDirectory="0c2aa0cf-1265-4b21-a00f-0bd31fdf1a05" />
    <UnitTestResult executionId="e204412c-2996-4589-b17b-b141d987e07f" testId="888f3232-385d-d83f-1eb6-9a6c46cfe5c3" testName="xUnitTestProject.CurrencyHelperTests.FormatToStringTest1000(price: 50664.01951024869, expected: &quot;50664.02 zł&quot;)" computerName="DESKTOP-5URQ9PB" duration="00:00:00.0000039" startTime="2022-06-13T21:15:36.9140009+02:00" endTime="2022-06-13T21:15:36.9140010+02:00" testType="13cdc9d9-ddb5-4fa4-a97d-d965ccfc6d4b" outcome="Passed" testListId="8c84fa94-04c1-424b-9868-57a2d4851a1d" relativeResultsDirectory="e204412c-2996-4589-b17b-b141d987e07f" />
    <UnitTestResult executionId="73223655-09f5-43e9-aa92-df2cb7dd4f63" testId="92bde5bc-af9c-6dbe-10ea-7012e494fcd9" testName="xUnitTestProject.CurrencyHelperTests.FormatToStringTest1000(price: 27942.393876474067, expected: &quot;27942.39 zł&quot;)" computerName="DESKTOP-5URQ9PB" duration="00:00:00.0000058" startTime="2022-06-13T21:15:36.9939946+02:00" endTime="2022-06-13T21:15:36.9939947+02:00" testType="13cdc9d9-ddb5-4fa4-a97d-d965ccfc6d4b" outcome="Passed" testListId="8c84fa94-04c1-424b-9868-57a2d4851a1d" relativeResultsDirectory="73223655-09f5-43e9-aa92-df2cb7dd4f63" />
    <UnitTestResult executionId="3ca7d039-0bb5-44d6-b0e0-a04e22f9d21c" testId="eccf41da-6b65-aa5d-c784-b8badc726d9b" testName="xUnitTestProject.CurrencyHelperTests.FormatToStringTest1000(price: 4419.750844657306, expected: &quot;4419.75 zł&quot;)" computerName="DESKTOP-5URQ9PB" duration="00:00:00.0000056" startTime="2022-06-13T21:15:36.9588525+02:00" endTime="2022-06-13T21:15:36.9588526+02:00" testType="13cdc9d9-ddb5-4fa4-a97d-d965ccfc6d4b" outcome="Passed" testListId="8c84fa94-04c1-424b-9868-57a2d4851a1d" relativeResultsDirectory="3ca7d039-0bb5-44d6-b0e0-a04e22f9d21c" />
    <UnitTestResult executionId="ef026eb2-e278-4121-9c81-eaf1b8324980" testId="186c8c1a-303f-5daa-ee87-7bdde9795321" testName="xUnitTestProject.CurrencyHelperTests.FormatToStringTest1000(price: 2975.6892256134606, expected: &quot;2975.69 zł&quot;)" computerName="DESKTOP-5URQ9PB" duration="00:00:00.0000056" startTime="2022-06-13T21:15:36.9252953+02:00" endTime="2022-06-13T21:15:36.9252955+02:00" testType="13cdc9d9-ddb5-4fa4-a97d-d965ccfc6d4b" outcome="Passed" testListId="8c84fa94-04c1-424b-9868-57a2d4851a1d" relativeResultsDirectory="ef026eb2-e278-4121-9c81-eaf1b8324980" />
    <UnitTestResult executionId="5212df25-4dc0-470b-8d52-da5ac9e5137e" testId="3fad871b-7e9b-a4ff-8f1b-45e15f0c2efa" testName="xUnitTestProject.CurrencyHelperTests.FormatToStringTest1000(price: 69373.32129976773, expected: &quot;69373.32 zł&quot;)" computerName="DESKTOP-5URQ9PB" duration="00:00:00.0000039" startTime="2022-06-13T21:15:36.9032673+02:00" endTime="2022-06-13T21:15:36.9032674+02:00" testType="13cdc9d9-ddb5-4fa4-a97d-d965ccfc6d4b" outcome="Passed" testListId="8c84fa94-04c1-424b-9868-57a2d4851a1d" relativeResultsDirectory="5212df25-4dc0-470b-8d52-da5ac9e5137e" />
    <UnitTestResult executionId="0f08861d-23c0-486c-ae2b-4f3014365314" testId="b07c6436-dbf7-0138-be42-b4b6d3d7e52c" testName="xUnitTestProject.CurrencyHelperTests.FormatToStringTest1000(price: 22791.735381432685, expected: &quot;22791.74 zł&quot;)" computerName="DESKTOP-5URQ9PB" duration="00:00:00.0000039" startTime="2022-06-13T21:15:36.9802489+02:00" endTime="2022-06-13T21:15:36.9802491+02:00" testType="13cdc9d9-ddb5-4fa4-a97d-d965ccfc6d4b" outcome="Passed" testListId="8c84fa94-04c1-424b-9868-57a2d4851a1d" relativeResultsDirectory="0f08861d-23c0-486c-ae2b-4f3014365314" />
    <UnitTestResult executionId="f42f7d41-9196-439c-bab3-070850cc9ed2" testId="d0cd8d38-2083-8dfe-21da-1692537b41cc" testName="xUnitTestProject.CurrencyHelperTests.FormatToStringTest1000(price: 14635.510547500808, expected: &quot;14635.51 zł&quot;)" computerName="DESKTOP-5URQ9PB" duration="00:00:00.0000056" startTime="2022-06-13T21:15:36.9351446+02:00" endTime="2022-06-13T21:15:36.9351448+02:00" testType="13cdc9d9-ddb5-4fa4-a97d-d965ccfc6d4b" outcome="Passed" testListId="8c84fa94-04c1-424b-9868-57a2d4851a1d" relativeResultsDirectory="f42f7d41-9196-439c-bab3-070850cc9ed2" />
    <UnitTestResult executionId="03091947-684b-4d5c-8332-41e9b3dc0360" testId="c8c9567a-0791-4ff6-39a0-7fa2a22ff301" testName="xUnitTestProject.CurrencyHelperTests.FormatToStringTest1000(price: 29845.02749849345, expected: &quot;29845.03 zł&quot;)" computerName="DESKTOP-5URQ9PB" duration="00:00:00.0000040" startTime="2022-06-13T21:15:37.0025635+02:00" endTime="2022-06-13T21:15:37.0025636+02:00" testType="13cdc9d9-ddb5-4fa4-a97d-d965ccfc6d4b" outcome="Passed" testListId="8c84fa94-04c1-424b-9868-57a2d4851a1d" relativeResultsDirectory="03091947-684b-4d5c-8332-41e9b3dc0360" />
    <UnitTestResult executionId="7a2adb20-08a4-4d92-814b-599e9b57e575" testId="13335374-86bb-3ff8-d28a-bd89dc7f02ec" testName="xUnitTestProject.CurrencyHelperTests.FormatToStringTest1000(price: 16637.074429372828, expected: &quot;16637.07 zł&quot;)" computerName="DESKTOP-5URQ9PB" duration="00:00:00.0000056" startTime="2022-06-13T21:15:36.9445810+02:00" endTime="2022-06-13T21:15:36.9445814+02:00" testType="13cdc9d9-ddb5-4fa4-a97d-d965ccfc6d4b" outcome="Passed" testListId="8c84fa94-04c1-424b-9868-57a2d4851a1d" relativeResultsDirectory="7a2adb20-08a4-4d92-814b-599e9b57e575" />
    <UnitTestResult executionId="cc7a9200-c246-442f-a2cd-950446b06971" testId="9612d6d4-5d3c-f9a6-943c-f09f8d38bf59" testName="xUnitTestProject.CurrencyHelperTests.FormatToStringTest1000(price: 20482.32969107308, expected: &quot;20482.33 zł&quot;)" computerName="DESKTOP-5URQ9PB" duration="00:00:00.0000039" startTime="2022-06-13T21:15:36.9011234+02:00" endTime="2022-06-13T21:15:36.9011236+02:00" testType="13cdc9d9-ddb5-4fa4-a97d-d965ccfc6d4b" outcome="Passed" testListId="8c84fa94-04c1-424b-9868-57a2d4851a1d" relativeResultsDirectory="cc7a9200-c246-442f-a2cd-950446b06971" />
    <UnitTestResult executionId="8b61a8df-f550-40f5-8206-a8e586f26bef" testId="0d1bc5db-e6c6-10df-8cf0-a0dfa7497484" testName="xUnitTestProject.CurrencyHelperTests.FormatToStringTest1000(price: 41972.39431566763, expected: &quot;41972.39 zł&quot;)" computerName="DESKTOP-5URQ9PB" duration="00:00:00.0000038" startTime="2022-06-13T21:15:36.9880869+02:00" endTime="2022-06-13T21:15:36.9880871+02:00" testType="13cdc9d9-ddb5-4fa4-a97d-d965ccfc6d4b" outcome="Passed" testListId="8c84fa94-04c1-424b-9868-57a2d4851a1d" relativeResultsDirectory="8b61a8df-f550-40f5-8206-a8e586f26bef" />
    <UnitTestResult executionId="9c0afce2-4cb3-4cd3-ab99-eaf80ebca24a" testId="89b95097-2fa4-1afe-c164-3b548bd44274" testName="xUnitTestProject.CurrencyHelperTests.FormatToStringTest1000(price: 12118.31777677048, expected: &quot;12118.32 zł&quot;)" computerName="DESKTOP-5URQ9PB" duration="00:00:00.0000056" startTime="2022-06-13T21:15:36.9530389+02:00" endTime="2022-06-13T21:15:36.9530390+02:00" testType="13cdc9d9-ddb5-4fa4-a97d-d965ccfc6d4b" outcome="Passed" testListId="8c84fa94-04c1-424b-9868-57a2d4851a1d" relativeResultsDirectory="9c0afce2-4cb3-4cd3-ab99-eaf80ebca24a" />
    <UnitTestResult executionId="1c9b021b-fda5-4bf4-a075-3593a4ccb8d8" testId="c0741e8d-b0f9-ca5e-e02e-02960c9e164f" testName="xUnitTestProject.CurrencyHelperTests.FormatToStringTest1000(price: 4121.116360678857, expected: &quot;4121.12 zł&quot;)" computerName="DESKTOP-5URQ9PB" duration="00:00:00.0000041" startTime="2022-06-13T21:15:36.9012784+02:00" endTime="2022-06-13T21:15:36.9012786+02:00" testType="13cdc9d9-ddb5-4fa4-a97d-d965ccfc6d4b" outcome="Passed" testListId="8c84fa94-04c1-424b-9868-57a2d4851a1d" relativeResultsDirectory="1c9b021b-fda5-4bf4-a075-3593a4ccb8d8" />
    <UnitTestResult executionId="4820bbe0-0f17-461d-8a36-ae343e7aedac" testId="128fe360-ca56-c4c9-0f07-7350435e34a3" testName="xUnitTestProject.CurrencyHelperTests.FormatToStringTest1000(price: 16208.076866391615, expected: &quot;16208.08 zł&quot;)" computerName="DESKTOP-5URQ9PB" duration="00:00:00.0000039" startTime="2022-06-13T21:15:36.9023387+02:00" endTime="2022-06-13T21:15:36.9023389+02:00" testType="13cdc9d9-ddb5-4fa4-a97d-d965ccfc6d4b" outcome="Passed" testListId="8c84fa94-04c1-424b-9868-57a2d4851a1d" relativeResultsDirectory="4820bbe0-0f17-461d-8a36-ae343e7aedac" />
    <UnitTestResult executionId="4d16e452-b13a-483b-b750-1d4fb171c217" testId="237b1260-5bf2-21f1-fab1-5f4efe94ad6e" testName="xUnitTestProject.CurrencyHelperTests.FormatToStringTest1000(price: 1898.24149096489, expected: &quot;1898.24 zł&quot;)" computerName="DESKTOP-5URQ9PB" duration="00:00:00.0000041" startTime="2022-06-13T21:15:36.8969239+02:00" endTime="2022-06-13T21:15:36.8969240+02:00" testType="13cdc9d9-ddb5-4fa4-a97d-d965ccfc6d4b" outcome="Passed" testListId="8c84fa94-04c1-424b-9868-57a2d4851a1d" relativeResultsDirectory="4d16e452-b13a-483b-b750-1d4fb171c217" />
    <UnitTestResult executionId="64e60b49-71b0-4239-bdfd-15f5d4dc2a6a" testId="17903115-6688-8f7d-0f17-6bed61c91258" testName="xUnitTestProject.CurrencyHelperTests.FormatToStringTest1000(price: 11796.576829059317, expected: &quot;11796.58 zł&quot;)" computerName="DESKTOP-5URQ9PB" duration="00:00:00.0000040" startTime="2022-06-13T21:15:36.9821206+02:00" endTime="2022-06-13T21:15:36.9821208+02:00" testType="13cdc9d9-ddb5-4fa4-a97d-d965ccfc6d4b" outcome="Passed" testListId="8c84fa94-04c1-424b-9868-57a2d4851a1d" relativeResultsDirectory="64e60b49-71b0-4239-bdfd-15f5d4dc2a6a" />
    <UnitTestResult executionId="baf58823-5c04-41a0-94b2-85af46f2e63c" testId="8f3ac04b-f653-5459-90af-f61d3689f759" testName="xUnitTestProject.CurrencyHelperTests.FormatToStringTest1000(price: 8492.904747505161, expected: &quot;8492.90 zł&quot;)" computerName="DESKTOP-5URQ9PB" duration="00:00:00.0000058" startTime="2022-06-13T21:15:36.9284246+02:00" endTime="2022-06-13T21:15:36.9284247+02:00" testType="13cdc9d9-ddb5-4fa4-a97d-d965ccfc6d4b" outcome="Passed" testListId="8c84fa94-04c1-424b-9868-57a2d4851a1d" relativeResultsDirectory="baf58823-5c04-41a0-94b2-85af46f2e63c" />
    <UnitTestResult executionId="80d664be-ded9-4aac-b725-295ca687edaf" testId="2cd8497b-7c7c-c528-555b-f107e750a1a0" testName="xUnitTestProject.CurrencyHelperTests.FormatToStringTest1000(price: 31315.40354898544, expected: &quot;31315.40 zł&quot;)" computerName="DESKTOP-5URQ9PB" duration="00:00:00.0000058" startTime="2022-06-13T21:15:36.9459065+02:00" endTime="2022-06-13T21:15:36.9459067+02:00" testType="13cdc9d9-ddb5-4fa4-a97d-d965ccfc6d4b" outcome="Passed" testListId="8c84fa94-04c1-424b-9868-57a2d4851a1d" relativeResultsDirectory="80d664be-ded9-4aac-b725-295ca687edaf" />
    <UnitTestResult executionId="7610699b-dd9c-465f-87a6-b2926131215f" testId="6a68b288-e760-a42c-8c5a-4aafd65f28b7" testName="xUnitTestProject.CurrencyHelperTests.FormatToStringTest1000(price: 74514.06270644537, expected: &quot;74514.06 zł&quot;)" computerName="DESKTOP-5URQ9PB" duration="00:00:00.0000045" startTime="2022-06-13T21:15:36.9869146+02:00" endTime="2022-06-13T21:15:36.9869147+02:00" testType="13cdc9d9-ddb5-4fa4-a97d-d965ccfc6d4b" outcome="Passed" testListId="8c84fa94-04c1-424b-9868-57a2d4851a1d" relativeResultsDirectory="7610699b-dd9c-465f-87a6-b2926131215f" />
    <UnitTestResult executionId="409438f4-42ae-4da6-b15c-29b7f24cfa78" testId="5aa929b3-dac1-52ec-e2ea-8e7fca692c42" testName="xUnitTestProject.CurrencyHelperTests.FormatToStringTest1000(price: 48084.94422955389, expected: &quot;48084.94 zł&quot;)" computerName="DESKTOP-5URQ9PB" duration="00:00:00.0000056" startTime="2022-06-13T21:15:36.9311345+02:00" endTime="2022-06-13T21:15:36.9311346+02:00" testType="13cdc9d9-ddb5-4fa4-a97d-d965ccfc6d4b" outcome="Passed" testListId="8c84fa94-04c1-424b-9868-57a2d4851a1d" relativeResultsDirectory="409438f4-42ae-4da6-b15c-29b7f24cfa78" />
    <UnitTestResult executionId="876b9e13-0290-4f62-9dc3-0e685d09842f" testId="e46091cf-1e82-9cd3-4478-8e74502a12eb" testName="xUnitTestProject.CurrencyHelperTests.FormatToStringTest1000(price: 22831.975917587977, expected: &quot;22831.98 zł&quot;)" computerName="DESKTOP-5URQ9PB" duration="00:00:00.0000045" startTime="2022-06-13T21:15:36.9206577+02:00" endTime="2022-06-13T21:15:36.9206578+02:00" testType="13cdc9d9-ddb5-4fa4-a97d-d965ccfc6d4b" outcome="Passed" testListId="8c84fa94-04c1-424b-9868-57a2d4851a1d" relativeResultsDirectory="876b9e13-0290-4f62-9dc3-0e685d09842f" />
    <UnitTestResult executionId="685870a3-f21a-43ef-8618-0f873c644f37" testId="87ce6106-4ac0-9f5c-9d1b-30007974d2cb" testName="xUnitTestProject.CurrencyHelperTests.FormatToStringTest1000(price: 50413.517583300134, expected: &quot;50413.52 zł&quot;)" computerName="DESKTOP-5URQ9PB" duration="00:00:00.0000039" startTime="2022-06-13T21:15:36.9928075+02:00" endTime="2022-06-13T21:15:36.9928077+02:00" testType="13cdc9d9-ddb5-4fa4-a97d-d965ccfc6d4b" outcome="Passed" testListId="8c84fa94-04c1-424b-9868-57a2d4851a1d" relativeResultsDirectory="685870a3-f21a-43ef-8618-0f873c644f37" />
    <UnitTestResult executionId="00800769-4878-4cb5-a24d-8c85854e7a4a" testId="90cfec42-4910-af10-cff4-5af0ef6c23f5" testName="xUnitTestProject.CurrencyHelperTests.FormatToStringTest1000(price: 64887.45559046951, expected: &quot;64887.46 zł&quot;)" computerName="DESKTOP-5URQ9PB" duration="00:00:00.0000039" startTime="2022-06-13T21:15:36.9085928+02:00" endTime="2022-06-13T21:15:36.9085930+02:00" testType="13cdc9d9-ddb5-4fa4-a97d-d965ccfc6d4b" outcome="Passed" testListId="8c84fa94-04c1-424b-9868-57a2d4851a1d" relativeResultsDirectory="00800769-4878-4cb5-a24d-8c85854e7a4a" />
    <UnitTestResult executionId="1b803131-0ef3-43f4-9a00-d1d95f2bc395" testId="f80009c9-805e-194a-5298-bf93d54f39d7" testName="xUnitTestProject.CurrencyHelperTests.FormatToStringTest1000(price: 11912.404131636213, expected: &quot;11912.40 zł&quot;)" computerName="DESKTOP-5URQ9PB" duration="00:00:00.0000058" startTime="2022-06-13T21:15:36.9427188+02:00" endTime="2022-06-13T21:15:36.9427190+02:00" testType="13cdc9d9-ddb5-4fa4-a97d-d965ccfc6d4b" outcome="Passed" testListId="8c84fa94-04c1-424b-9868-57a2d4851a1d" relativeResultsDirectory="1b803131-0ef3-43f4-9a00-d1d95f2bc395" />
    <UnitTestResult executionId="d870eaeb-b158-48f3-883b-04049fb6f4a6" testId="51b21bbe-86e0-7c92-977a-b85ebd62b755" testName="xUnitTestProject.CurrencyHelperTests.FormatToStringTest1000(price: 19189.813662191766, expected: &quot;19189.81 zł&quot;)" computerName="DESKTOP-5URQ9PB" duration="00:00:00.0000040" startTime="2022-06-13T21:15:36.9751610+02:00" endTime="2022-06-13T21:15:36.9751612+02:00" testType="13cdc9d9-ddb5-4fa4-a97d-d965ccfc6d4b" outcome="Passed" testListId="8c84fa94-04c1-424b-9868-57a2d4851a1d" relativeResultsDirectory="d870eaeb-b158-48f3-883b-04049fb6f4a6" />
    <UnitTestResult executionId="f0f64dd9-c76a-4162-84cd-b16da221a9a7" testId="2031700b-98b7-ff2b-f550-00f3842fd04f" testName="xUnitTestProject.CurrencyHelperTests.FormatToStringTest1000(price: 28306.369434126827, expected: &quot;28306.37 zł&quot;)" computerName="DESKTOP-5URQ9PB" duration="00:00:00.0000059" startTime="2022-06-13T21:15:36.9628153+02:00" endTime="2022-06-13T21:15:36.9628155+02:00" testType="13cdc9d9-ddb5-4fa4-a97d-d965ccfc6d4b" outcome="Passed" testListId="8c84fa94-04c1-424b-9868-57a2d4851a1d" relativeResultsDirectory="f0f64dd9-c76a-4162-84cd-b16da221a9a7" />
    <UnitTestResult executionId="b6e19b94-0df9-4fa3-9f3e-dda21bf67bf0" testId="92748693-9b58-d8e3-eb5b-22d11e2e9e9d" testName="xUnitTestProject.CurrencyHelperTests.FormatToStringTest1000(price: 577.6071367564645, expected: &quot;577.61 zł&quot;)" computerName="DESKTOP-5URQ9PB" duration="00:00:00.0000108" startTime="2022-06-13T21:15:36.9293284+02:00" endTime="2022-06-13T21:15:36.9293285+02:00" testType="13cdc9d9-ddb5-4fa4-a97d-d965ccfc6d4b" outcome="Passed" testListId="8c84fa94-04c1-424b-9868-57a2d4851a1d" relativeResultsDirectory="b6e19b94-0df9-4fa3-9f3e-dda21bf67bf0" />
    <UnitTestResult executionId="ddbb130a-136b-456e-b828-91938d3546a6" testId="9be732dd-ee22-c2df-2aa3-eb082a5b0373" testName="xUnitTestProject.CurrencyHelperTests.FormatToStringTest1000(price: 15861.139287455073, expected: &quot;15861.14 zł&quot;)" computerName="DESKTOP-5URQ9PB" duration="00:00:00.0000046" startTime="2022-06-13T21:15:36.9187831+02:00" endTime="2022-06-13T21:15:36.9187832+02:00" testType="13cdc9d9-ddb5-4fa4-a97d-d965ccfc6d4b" outcome="Passed" testListId="8c84fa94-04c1-424b-9868-57a2d4851a1d" relativeResultsDirectory="ddbb130a-136b-456e-b828-91938d3546a6" />
    <UnitTestResult executionId="8e9a1167-41fa-421b-9d04-38f68ced74d7" testId="9b9cb762-c5b9-fbcf-33f7-2ca2d3e98b42" testName="xUnitTestProject.CurrencyHelperTests.FormatToStringTest1000(price: 75162.39407669863, expected: &quot;75162.39 zł&quot;)" computerName="DESKTOP-5URQ9PB" duration="00:00:00.0000058" startTime="2022-06-13T21:15:36.9370337+02:00" endTime="2022-06-13T21:15:36.9370339+02:00" testType="13cdc9d9-ddb5-4fa4-a97d-d965ccfc6d4b" outcome="Passed" testListId="8c84fa94-04c1-424b-9868-57a2d4851a1d" relativeResultsDirectory="8e9a1167-41fa-421b-9d04-38f68ced74d7" />
    <UnitTestResult executionId="88b60360-1d96-45fd-ab32-3a5e7528fc16" testId="f8894dae-c947-7fce-9d72-6693c21ad4f8" testName="xUnitTestProject.CurrencyHelperTests.FormatToStringTest1000(price: 65963.39932440939, expected: &quot;65963.40 zł&quot;)" computerName="DESKTOP-5URQ9PB" duration="00:00:00.0000055" startTime="2022-06-13T21:15:36.9301700+02:00" endTime="2022-06-13T21:15:36.9301701+02:00" testType="13cdc9d9-ddb5-4fa4-a97d-d965ccfc6d4b" outcome="Passed" testListId="8c84fa94-04c1-424b-9868-57a2d4851a1d" relativeResultsDirectory="88b60360-1d96-45fd-ab32-3a5e7528fc16" />
    <UnitTestResult executionId="a8dae664-5e39-4bd7-82a8-888e27548c13" testId="30db28b2-ac34-8d8e-c566-68b2f6bb1d51" testName="xUnitTestProject.CurrencyHelperTests.FormatToStringTest1000(price: 59283.48311990662, expected: &quot;59283.48 zł&quot;)" computerName="DESKTOP-5URQ9PB" duration="00:00:00.0000038" startTime="2022-06-13T21:15:36.9976362+02:00" endTime="2022-06-13T21:15:36.9976364+02:00" testType="13cdc9d9-ddb5-4fa4-a97d-d965ccfc6d4b" outcome="Passed" testListId="8c84fa94-04c1-424b-9868-57a2d4851a1d" relativeResultsDirectory="a8dae664-5e39-4bd7-82a8-888e27548c13" />
    <UnitTestResult executionId="e8f33705-d6db-4546-a5e7-c19747e63c9b" testId="bc7abd1f-cc07-f32a-8331-b644dd93f120" testName="xUnitTestProject.CurrencyHelperTests.FormatToStringTest1000(price: 9754.291367935619, expected: &quot;9754.29 zł&quot;)" computerName="DESKTOP-5URQ9PB" duration="00:00:00.0000040" startTime="2022-06-13T21:15:36.8937699+02:00" endTime="2022-06-13T21:15:36.8937701+02:00" testType="13cdc9d9-ddb5-4fa4-a97d-d965ccfc6d4b" outcome="Passed" testListId="8c84fa94-04c1-424b-9868-57a2d4851a1d" relativeResultsDirectory="e8f33705-d6db-4546-a5e7-c19747e63c9b" />
    <UnitTestResult executionId="51be096b-4b61-4f9e-ae10-a930a7f5eb64" testId="ef2c65b8-081e-e356-813a-949f0831c7f0" testName="xUnitTestProject.CurrencyHelperTests.FormatToStringTest1000(price: 13568.230982493717, expected: &quot;13568.23 zł&quot;)" computerName="DESKTOP-5URQ9PB" duration="00:00:00.0000038" startTime="2022-06-13T21:15:36.9809829+02:00" endTime="2022-06-13T21:15:36.9809833+02:00" testType="13cdc9d9-ddb5-4fa4-a97d-d965ccfc6d4b" outcome="Passed" testListId="8c84fa94-04c1-424b-9868-57a2d4851a1d" relativeResultsDirectory="51be096b-4b61-4f9e-ae10-a930a7f5eb64" />
    <UnitTestResult executionId="de223b44-105a-4575-b756-cfba687c8f9c" testId="366e3c61-7635-9c9b-a996-33c58fa8fc62" testName="xUnitTestProject.CurrencyHelperTests.FormatToStringTest1000(price: 38904.87092920806, expected: &quot;38904.87 zł&quot;)" computerName="DESKTOP-5URQ9PB" duration="00:00:00.0000039" startTime="2022-06-13T21:15:36.9096625+02:00" endTime="2022-06-13T21:15:36.9096627+02:00" testType="13cdc9d9-ddb5-4fa4-a97d-d965ccfc6d4b" outcome="Passed" testListId="8c84fa94-04c1-424b-9868-57a2d4851a1d" relativeResultsDirectory="de223b44-105a-4575-b756-cfba687c8f9c" />
    <UnitTestResult executionId="52d01907-bcf1-489e-8ac2-394429e3be8d" testId="80a788de-88e0-32bd-4244-9850aa1ba44f" testName="xUnitTestProject.CurrencyHelperTests.FormatToStringTest1000(price: 27794.8671353957, expected: &quot;27794.87 zł&quot;)" computerName="DESKTOP-5URQ9PB" duration="00:00:00.0000039" startTime="2022-06-13T21:15:36.9910155+02:00" endTime="2022-06-13T21:15:36.9910156+02:00" testType="13cdc9d9-ddb5-4fa4-a97d-d965ccfc6d4b" outcome="Passed" testListId="8c84fa94-04c1-424b-9868-57a2d4851a1d" relativeResultsDirectory="52d01907-bcf1-489e-8ac2-394429e3be8d" />
    <UnitTestResult executionId="d5b0151b-7435-4e3d-959e-57b12f51b3e9" testId="6a1a0675-fdd2-69ea-ed07-cd8b45ca5094" testName="xUnitTestProject.CurrencyHelperTests.FormatToStringTest1000(price: 24825.207513729205, expected: &quot;24825.21 zł&quot;)" computerName="DESKTOP-5URQ9PB" duration="00:00:00.0000056" startTime="2022-06-13T21:15:36.9510350+02:00" endTime="2022-06-13T21:15:36.9510351+02:00" testType="13cdc9d9-ddb5-4fa4-a97d-d965ccfc6d4b" outcome="Passed" testListId="8c84fa94-04c1-424b-9868-57a2d4851a1d" relativeResultsDirectory="d5b0151b-7435-4e3d-959e-57b12f51b3e9" />
    <UnitTestResult executionId="bad344e2-a754-455b-b853-4b9fefaeb548" testId="6cb3c27b-61db-68ea-03a1-16fad20636e6" testName="xUnitTestProject.CurrencyHelperTests.FormatToStringTest1000(price: 12759.925747307914, expected: &quot;12759.93 zł&quot;)" computerName="DESKTOP-5URQ9PB" duration="00:00:00.0000037" startTime="2022-06-13T21:15:36.9840628+02:00" endTime="2022-06-13T21:15:36.9840629+02:00" testType="13cdc9d9-ddb5-4fa4-a97d-d965ccfc6d4b" outcome="Passed" testListId="8c84fa94-04c1-424b-9868-57a2d4851a1d" relativeResultsDirectory="bad344e2-a754-455b-b853-4b9fefaeb548" />
    <UnitTestResult executionId="c514866d-4c15-4d9d-880a-e61f4f9fae98" testId="6eb5b91d-aafa-339f-fbef-69ff28a5c36d" testName="xUnitTestProject.CurrencyHelperTests.FormatToStringTest1000(price: 32051.900532446758, expected: &quot;32051.90 zł&quot;)" computerName="DESKTOP-5URQ9PB" duration="00:00:00.0000058" startTime="2022-06-13T21:15:36.9273345+02:00" endTime="2022-06-13T21:15:36.9273347+02:00" testType="13cdc9d9-ddb5-4fa4-a97d-d965ccfc6d4b" outcome="Passed" testListId="8c84fa94-04c1-424b-9868-57a2d4851a1d" relativeResultsDirectory="c514866d-4c15-4d9d-880a-e61f4f9fae98" />
    <UnitTestResult executionId="3c12aa0c-37e9-4262-ace8-cce5608243ad" testId="1d527cfe-7183-7ac1-a7ed-260bd5e5ccfa" testName="xUnitTestProject.CurrencyHelperTests.FormatToStringTest1000(price: 38402.8293406753, expected: &quot;38402.83 zł&quot;)" computerName="DESKTOP-5URQ9PB" duration="00:00:00.0000117" startTime="2022-06-13T21:15:36.9214640+02:00" endTime="2022-06-13T21:15:36.9214642+02:00" testType="13cdc9d9-ddb5-4fa4-a97d-d965ccfc6d4b" outcome="Passed" testListId="8c84fa94-04c1-424b-9868-57a2d4851a1d" relativeResultsDirectory="3c12aa0c-37e9-4262-ace8-cce5608243ad" />
    <UnitTestResult executionId="b6ec3e77-bf58-40ae-9e3d-3e0a88d5f888" testId="ba737e18-d009-4d7c-6e13-52f4c654ec83" testName="xUnitTestProject.CurrencyHelperTests.FormatToStringTest1000(price: 236.20263638589657, expected: &quot;236.20 zł&quot;)" computerName="DESKTOP-5URQ9PB" duration="00:00:00.0000039" startTime="2022-06-13T21:15:36.9074532+02:00" endTime="2022-06-13T21:15:36.9074533+02:00" testType="13cdc9d9-ddb5-4fa4-a97d-d965ccfc6d4b" outcome="Passed" testListId="8c84fa94-04c1-424b-9868-57a2d4851a1d" relativeResultsDirectory="b6ec3e77-bf58-40ae-9e3d-3e0a88d5f888" />
    <UnitTestResult executionId="4217f28c-e81e-4c2b-a7a7-17b859b3076e" testId="23282872-5c32-1fb9-e0a2-cb7aa878c838" testName="xUnitTestProject.CurrencyHelperTests.FormatToStringTest1000(price: 16819.974312979717, expected: &quot;16819.97 zł&quot;)" computerName="DESKTOP-5URQ9PB" duration="00:00:00.0000038" startTime="2022-06-13T21:15:36.9840306+02:00" endTime="2022-06-13T21:15:36.9840308+02:00" testType="13cdc9d9-ddb5-4fa4-a97d-d965ccfc6d4b" outcome="Passed" testListId="8c84fa94-04c1-424b-9868-57a2d4851a1d" relativeResultsDirectory="4217f28c-e81e-4c2b-a7a7-17b859b3076e" />
    <UnitTestResult executionId="ab671a40-db3f-4b08-9400-e95fe04d0fc8" testId="422cd58a-1607-1b98-484d-a3568b92bd13" testName="xUnitTestProject.CurrencyHelperTests.FormatToStringTest1000(price: 71554.9786298829, expected: &quot;71554.98 zł&quot;)" computerName="DESKTOP-5URQ9PB" duration="00:00:00.0000041" startTime="2022-06-13T21:15:36.9055560+02:00" endTime="2022-06-13T21:15:36.9055562+02:00" testType="13cdc9d9-ddb5-4fa4-a97d-d965ccfc6d4b" outcome="Passed" testListId="8c84fa94-04c1-424b-9868-57a2d4851a1d" relativeResultsDirectory="ab671a40-db3f-4b08-9400-e95fe04d0fc8" />
    <UnitTestResult executionId="983c9e99-0ad0-40fa-a928-080741bb934c" testId="86ad28ff-91bc-6dfc-4b29-d680c9d331eb" testName="xUnitTestProject.CurrencyHelperTests.FormatToStringTest1000(price: 1799.2562459103092, expected: &quot;1799.26 zł&quot;)" computerName="DESKTOP-5URQ9PB" duration="00:00:00.0000056" startTime="2022-06-13T21:15:36.9577881+02:00" endTime="2022-06-13T21:15:36.9577883+02:00" testType="13cdc9d9-ddb5-4fa4-a97d-d965ccfc6d4b" outcome="Passed" testListId="8c84fa94-04c1-424b-9868-57a2d4851a1d" relativeResultsDirectory="983c9e99-0ad0-40fa-a928-080741bb934c" />
    <UnitTestResult executionId="55580775-abae-4c33-9c4c-490e4adaddc2" testId="0e945364-42c0-3773-924e-a8c9f3ec6d3e" testName="xUnitTestProject.CurrencyHelperTests.FormatToStringTest1000(price: 22367.991005544547, expected: &quot;22367.99 zł&quot;)" computerName="DESKTOP-5URQ9PB" duration="00:00:00.0000058" startTime="2022-06-13T21:15:36.9381005+02:00" endTime="2022-06-13T21:15:36.9381006+02:00" testType="13cdc9d9-ddb5-4fa4-a97d-d965ccfc6d4b" outcome="Passed" testListId="8c84fa94-04c1-424b-9868-57a2d4851a1d" relativeResultsDirectory="55580775-abae-4c33-9c4c-490e4adaddc2" />
    <UnitTestResult executionId="3e6e5523-aaa2-4f45-ac36-e6958d5babb8" testId="e54868c5-e23a-96f9-bd57-052b8e9f25f9" testName="xUnitTestProject.CurrencyHelperTests.FormatToStringTest1000(price: 8768.816937361293, expected: &quot;8768.82 zł&quot;)" computerName="DESKTOP-5URQ9PB" duration="00:00:00.0000040" startTime="2022-06-13T21:15:36.9995349+02:00" endTime="2022-06-13T21:15:36.9995351+02:00" testType="13cdc9d9-ddb5-4fa4-a97d-d965ccfc6d4b" outcome="Passed" testListId="8c84fa94-04c1-424b-9868-57a2d4851a1d" relativeResultsDirectory="3e6e5523-aaa2-4f45-ac36-e6958d5babb8" />
    <UnitTestResult executionId="3d37c3e2-229c-4767-8e15-a787c2b6bb92" testId="c7c013ea-be14-a4b5-1c6f-2b6dde46abbc" testName="xUnitTestProject.CurrencyHelperTests.FormatToStringTest1000(price: 6102.4120417453405, expected: &quot;6102.41 zł&quot;)" computerName="DESKTOP-5URQ9PB" duration="00:00:00.0000058" startTime="2022-06-13T21:15:36.9342334+02:00" endTime="2022-06-13T21:15:36.9342336+02:00" testType="13cdc9d9-ddb5-4fa4-a97d-d965ccfc6d4b" outcome="Passed" testListId="8c84fa94-04c1-424b-9868-57a2d4851a1d" relativeResultsDirectory="3d37c3e2-229c-4767-8e15-a787c2b6bb92" />
    <UnitTestResult executionId="aaa7a384-1611-4b8f-8587-0500db68e5ce" testId="8a119c68-dcc0-dba7-c987-45fbb976469b" testName="xUnitTestProject.CurrencyHelperTests.FormatToStringTest1000(price: 1325.1625259114255, expected: &quot;1325.16 zł&quot;)" computerName="DESKTOP-5URQ9PB" duration="00:00:00.0000040" startTime="2022-06-13T21:15:37.0067998+02:00" endTime="2022-06-13T21:15:37.0067999+02:00" testType="13cdc9d9-ddb5-4fa4-a97d-d965ccfc6d4b" outcome="Passed" testListId="8c84fa94-04c1-424b-9868-57a2d4851a1d" relativeResultsDirectory="aaa7a384-1611-4b8f-8587-0500db68e5ce" />
    <UnitTestResult executionId="24f49bc2-3d74-440a-860d-932f1f007e53" testId="45e7282a-ab42-966d-c9cc-b039211e5621" testName="xUnitTestProject.CurrencyHelperTests.FormatToStringTest1000(price: 40035.54711080787, expected: &quot;40035.55 zł&quot;)" computerName="DESKTOP-5URQ9PB" duration="00:00:00.0000039" startTime="2022-06-13T21:15:36.9053053+02:00" endTime="2022-06-13T21:15:36.9053057+02:00" testType="13cdc9d9-ddb5-4fa4-a97d-d965ccfc6d4b" outcome="Passed" testListId="8c84fa94-04c1-424b-9868-57a2d4851a1d" relativeResultsDirectory="24f49bc2-3d74-440a-860d-932f1f007e53" />
    <UnitTestResult executionId="b30bd3d2-fa63-4b68-83e7-50bf107223b4" testId="f227f8da-1aef-bb37-695f-f1b64dec59a9" testName="xUnitTestProject.CurrencyHelperTests.FormatToStringTest1000(price: 17990.38119827089, expected: &quot;17990.38 zł&quot;)" computerName="DESKTOP-5URQ9PB" duration="00:00:00.0000059" startTime="2022-06-13T21:15:36.9322269+02:00" endTime="2022-06-13T21:15:36.9322271+02:00" testType="13cdc9d9-ddb5-4fa4-a97d-d965ccfc6d4b" outcome="Passed" testListId="8c84fa94-04c1-424b-9868-57a2d4851a1d" relativeResultsDirectory="b30bd3d2-fa63-4b68-83e7-50bf107223b4" />
    <UnitTestResult executionId="5e76f4ad-789a-4a4a-bca2-1237c9f031ca" testId="df661f1a-369e-296a-5042-ab9651f93dce" testName="xUnitTestProject.CurrencyHelperTests.FormatToStringTest1000(price: 16383.352881839199, expected: &quot;16383.35 zł&quot;)" computerName="DESKTOP-5URQ9PB" duration="00:00:00.0000039" startTime="2022-06-13T21:15:37.0067061+02:00" endTime="2022-06-13T21:15:37.0067063+02:00" testType="13cdc9d9-ddb5-4fa4-a97d-d965ccfc6d4b" outcome="Passed" testListId="8c84fa94-04c1-424b-9868-57a2d4851a1d" relativeResultsDirectory="5e76f4ad-789a-4a4a-bca2-1237c9f031ca" />
    <UnitTestResult executionId="703de85f-f99d-4f4a-ba31-ab349771cee1" testId="09f7512b-fcad-449f-b8a9-c32911a23969" testName="xUnitTestProject.CurrencyHelperTests.FormatToStringTest1000(price: 23662.291816162084, expected: &quot;23662.29 zł&quot;)" computerName="DESKTOP-5URQ9PB" duration="00:00:00.0000056" startTime="2022-06-13T21:15:36.9340467+02:00" endTime="2022-06-13T21:15:36.9340469+02:00" testType="13cdc9d9-ddb5-4fa4-a97d-d965ccfc6d4b" outcome="Passed" testListId="8c84fa94-04c1-424b-9868-57a2d4851a1d" relativeResultsDirectory="703de85f-f99d-4f4a-ba31-ab349771cee1" />
    <UnitTestResult executionId="70c2d7ef-c7b9-4faa-b915-165fd48a2c4d" testId="d13187c3-6513-b7ca-7370-507380fe2c88" testName="xUnitTestProject.CurrencyHelperTests.FormatToStringTest1000(price: 7396.940188290057, expected: &quot;7396.94 zł&quot;)" computerName="DESKTOP-5URQ9PB" duration="00:00:00.0000058" startTime="2022-06-13T21:15:36.9435988+02:00" endTime="2022-06-13T21:15:36.9435990+02:00" testType="13cdc9d9-ddb5-4fa4-a97d-d965ccfc6d4b" outcome="Passed" testListId="8c84fa94-04c1-424b-9868-57a2d4851a1d" relativeResultsDirectory="70c2d7ef-c7b9-4faa-b915-165fd48a2c4d" />
    <UnitTestResult executionId="341ba1f3-8999-4de0-a943-2e4568a7c76e" testId="33f34022-0429-d841-2008-e35fc72eef53" testName="xUnitTestProject.CurrencyHelperTests.FormatToStringTest1000(price: 14003.84591249742, expected: &quot;14003.85 zł&quot;)" computerName="DESKTOP-5URQ9PB" duration="00:00:00.0000040" startTime="2022-06-13T21:15:36.9139706+02:00" endTime="2022-06-13T21:15:36.9139708+02:00" testType="13cdc9d9-ddb5-4fa4-a97d-d965ccfc6d4b" outcome="Passed" testListId="8c84fa94-04c1-424b-9868-57a2d4851a1d" relativeResultsDirectory="341ba1f3-8999-4de0-a943-2e4568a7c76e" />
    <UnitTestResult executionId="01762101-9bdd-48ec-8638-c5027001665d" testId="c7c04760-2233-4819-4eb3-2daf180edff4" testName="xUnitTestProject.CurrencyHelperTests.FormatToStringTest1000(price: 238.1379397484185, expected: &quot;238.14 zł&quot;)" computerName="DESKTOP-5URQ9PB" duration="00:00:00.0000046" startTime="2022-06-13T21:15:37.0014756+02:00" endTime="2022-06-13T21:15:37.0014758+02:00" testType="13cdc9d9-ddb5-4fa4-a97d-d965ccfc6d4b" outcome="Passed" testListId="8c84fa94-04c1-424b-9868-57a2d4851a1d" relativeResultsDirectory="01762101-9bdd-48ec-8638-c5027001665d" />
    <UnitTestResult executionId="bc8ef602-9c10-47c6-94e0-bc9ded665e2a" testId="76ad8ec9-5ccc-b3a3-7c1b-d549d0dbd095" testName="xUnitTestProject.CurrencyHelperTests.FormatToStringTest1000(price: 4411.456718280659, expected: &quot;4411.46 zł&quot;)" computerName="DESKTOP-5URQ9PB" duration="00:00:00.0000058" startTime="2022-06-13T21:15:36.9342024+02:00" endTime="2022-06-13T21:15:36.9342025+02:00" testType="13cdc9d9-ddb5-4fa4-a97d-d965ccfc6d4b" outcome="Passed" testListId="8c84fa94-04c1-424b-9868-57a2d4851a1d" relativeResultsDirectory="bc8ef602-9c10-47c6-94e0-bc9ded665e2a" />
    <UnitTestResult executionId="1f90c6c5-55e4-44b7-be17-8fa17ee24dfe" testId="3af61c48-eead-454e-59a5-a117f0360878" testName="xUnitTestProject.CurrencyHelperTests.FormatToStringTest1000(price: 3646.857719214101, expected: &quot;3646.86 zł&quot;)" computerName="DESKTOP-5URQ9PB" duration="00:00:00.0000040" startTime="2022-06-13T21:15:36.8946818+02:00" endTime="2022-06-13T21:15:36.8946819+02:00" testType="13cdc9d9-ddb5-4fa4-a97d-d965ccfc6d4b" outcome="Passed" testListId="8c84fa94-04c1-424b-9868-57a2d4851a1d" relativeResultsDirectory="1f90c6c5-55e4-44b7-be17-8fa17ee24dfe" />
    <UnitTestResult executionId="95da084c-194f-454b-95f1-d05228da6951" testId="5a540ea5-a914-2a7a-fb65-63091b7a1082" testName="xUnitTestProject.CurrencyHelperTests.FormatToStringTest1000(price: 1568.615240217473, expected: &quot;1568.62 zł&quot;)" computerName="DESKTOP-5URQ9PB" duration="00:00:00.0000037" startTime="2022-06-13T21:15:36.9919265+02:00" endTime="2022-06-13T21:15:36.9919266+02:00" testType="13cdc9d9-ddb5-4fa4-a97d-d965ccfc6d4b" outcome="Passed" testListId="8c84fa94-04c1-424b-9868-57a2d4851a1d" relativeResultsDirectory="95da084c-194f-454b-95f1-d05228da6951" />
    <UnitTestResult executionId="07ca593f-f094-42b8-8d8a-c3584d32edca" testId="7729c68a-38c8-f8ce-da09-5022e186685c" testName="xUnitTestProject.CurrencyHelperTests.FormatToStringTest1000(price: 79.6815319544084, expected: &quot;79.68 zł&quot;)" computerName="DESKTOP-5URQ9PB" duration="00:00:00.0000053" startTime="2022-06-13T21:15:36.9292668+02:00" endTime="2022-06-13T21:15:36.9292669+02:00" testType="13cdc9d9-ddb5-4fa4-a97d-d965ccfc6d4b" outcome="Passed" testListId="8c84fa94-04c1-424b-9868-57a2d4851a1d" relativeResultsDirectory="07ca593f-f094-42b8-8d8a-c3584d32edca" />
    <UnitTestResult executionId="f1dc3469-868f-4a4b-9a8b-6ac9902cee47" testId="9087d096-82b4-2271-94ec-73730ed51c23" testName="xUnitTestProject.CurrencyHelperTests.FormatToStringTest1000(price: 66053.95451852398, expected: &quot;66053.95 zł&quot;)" computerName="DESKTOP-5URQ9PB" duration="00:00:00.0000041" startTime="2022-06-13T21:15:37.0047795+02:00" endTime="2022-06-13T21:15:37.0047796+02:00" testType="13cdc9d9-ddb5-4fa4-a97d-d965ccfc6d4b" outcome="Passed" testListId="8c84fa94-04c1-424b-9868-57a2d4851a1d" relativeResultsDirectory="f1dc3469-868f-4a4b-9a8b-6ac9902cee47" />
    <UnitTestResult executionId="bbea2833-3893-47d1-837d-324c17fea4a2" testId="4a9f4574-9113-6c35-d2fa-751a30e86322" testName="xUnitTestProject.CurrencyHelperTests.FormatToStringTest1000(price: 72703.4365723503, expected: &quot;72703.44 zł&quot;)" computerName="DESKTOP-5URQ9PB" duration="00:00:00.0000038" startTime="2022-06-13T21:15:36.9752299+02:00" endTime="2022-06-13T21:15:36.9752301+02:00" testType="13cdc9d9-ddb5-4fa4-a97d-d965ccfc6d4b" outcome="Passed" testListId="8c84fa94-04c1-424b-9868-57a2d4851a1d" relativeResultsDirectory="bbea2833-3893-47d1-837d-324c17fea4a2" />
    <UnitTestResult executionId="180c9ae1-0309-4183-ac81-1c240530286c" testId="27e54bf1-4aa0-4763-a98b-d50300d50e6c" testName="xUnitTestProject.CurrencyHelperTests.FormatToStringTest1000(price: 75915.01943546813, expected: &quot;75915.02 zł&quot;)" computerName="DESKTOP-5URQ9PB" duration="00:00:00.0000056" startTime="2022-06-13T21:15:36.9361477+02:00" endTime="2022-06-13T21:15:36.9361478+02:00" testType="13cdc9d9-ddb5-4fa4-a97d-d965ccfc6d4b" outcome="Passed" testListId="8c84fa94-04c1-424b-9868-57a2d4851a1d" relativeResultsDirectory="180c9ae1-0309-4183-ac81-1c240530286c" />
    <UnitTestResult executionId="a3e2ebe6-5d8e-4895-a41b-d160a1a07e10" testId="37c7194c-1f0b-dee3-2e3b-dc795a15cffb" testName="xUnitTestProject.CurrencyHelperTests.FormatToStringTest1000(price: 13206.129467931636, expected: &quot;13206.13 zł&quot;)" computerName="DESKTOP-5URQ9PB" duration="00:00:00.0000059" startTime="2022-06-13T21:15:36.9635590+02:00" endTime="2022-06-13T21:15:36.9635594+02:00" testType="13cdc9d9-ddb5-4fa4-a97d-d965ccfc6d4b" outcome="Passed" testListId="8c84fa94-04c1-424b-9868-57a2d4851a1d" relativeResultsDirectory="a3e2ebe6-5d8e-4895-a41b-d160a1a07e10" />
    <UnitTestResult executionId="fbb48d3e-fb6a-494f-8a13-665ec0a7cbf9" testId="a815ca81-3cc8-5bb5-3df9-88bef0e0f650" testName="xUnitTestProject.CurrencyHelperTests.FormatToStringTest1000(price: 6352.983758103561, expected: &quot;6352.98 zł&quot;)" computerName="DESKTOP-5URQ9PB" duration="00:00:00.0000039" startTime="2022-06-13T21:15:36.9043814+02:00" endTime="2022-06-13T21:15:36.9043816+02:00" testType="13cdc9d9-ddb5-4fa4-a97d-d965ccfc6d4b" outcome="Passed" testListId="8c84fa94-04c1-424b-9868-57a2d4851a1d" relativeResultsDirectory="fbb48d3e-fb6a-494f-8a13-665ec0a7cbf9" />
    <UnitTestResult executionId="e248a347-da32-49bd-8658-0886baba4972" testId="6837dba7-40c4-9f70-ea2b-82f5a35b378d" testName="xUnitTestProject.CurrencyHelperTests.FormatToStringTest1000(price: 17988.455793307843, expected: &quot;17988.46 zł&quot;)" computerName="DESKTOP-5URQ9PB" duration="00:00:00.0000041" startTime="2022-06-13T21:15:36.9781523+02:00" endTime="2022-06-13T21:15:36.9781524+02:00" testType="13cdc9d9-ddb5-4fa4-a97d-d965ccfc6d4b" outcome="Passed" testListId="8c84fa94-04c1-424b-9868-57a2d4851a1d" relativeResultsDirectory="e248a347-da32-49bd-8658-0886baba4972" />
    <UnitTestResult executionId="c9f06651-ace8-4f70-b7b5-191bcc0304b3" testId="244b13a7-ff72-5a50-f054-4ff8ceb0d499" testName="xUnitTestProject.CurrencyHelperTests.FormatToStringTest1000(price: 20640.678251201603, expected: &quot;20640.68 zł&quot;)" computerName="DESKTOP-5URQ9PB" duration="00:00:00.0000045" startTime="2022-06-13T21:15:36.9676179+02:00" endTime="2022-06-13T21:15:36.9676181+02:00" testType="13cdc9d9-ddb5-4fa4-a97d-d965ccfc6d4b" outcome="Passed" testListId="8c84fa94-04c1-424b-9868-57a2d4851a1d" relativeResultsDirectory="c9f06651-ace8-4f70-b7b5-191bcc0304b3" />
    <UnitTestResult executionId="93102330-9322-4cd2-8159-2412b7cf3138" testId="5dc082f5-af3b-2f6f-74c8-0805bee30a46" testName="xUnitTestProject.CurrencyHelperTests.FormatToStringTest1000(price: 18340.935049000167, expected: &quot;18340.94 zł&quot;)" computerName="DESKTOP-5URQ9PB" duration="00:00:00.0000058" startTime="2022-06-13T21:15:36.9537946+02:00" endTime="2022-06-13T21:15:36.9537947+02:00" testType="13cdc9d9-ddb5-4fa4-a97d-d965ccfc6d4b" outcome="Passed" testListId="8c84fa94-04c1-424b-9868-57a2d4851a1d" relativeResultsDirectory="93102330-9322-4cd2-8159-2412b7cf3138" />
    <UnitTestResult executionId="431e8b96-f854-463e-8357-0c15fb024f1d" testId="0e8e9a77-632c-db52-e40d-d7b033807f15" testName="xUnitTestProject.CurrencyHelperTests.FormatToStringTest1000(price: 7191.024921368353, expected: &quot;7191.02 zł&quot;)" computerName="DESKTOP-5URQ9PB" duration="00:00:00.0000058" startTime="2022-06-13T21:15:36.9606404+02:00" endTime="2022-06-13T21:15:36.9606408+02:00" testType="13cdc9d9-ddb5-4fa4-a97d-d965ccfc6d4b" outcome="Passed" testListId="8c84fa94-04c1-424b-9868-57a2d4851a1d" relativeResultsDirectory="431e8b96-f854-463e-8357-0c15fb024f1d" />
    <UnitTestResult executionId="edb9b594-8622-4179-b46f-8307bac7e3c5" testId="d14fe452-c75b-8f8a-1e11-a88113e31ccc" testName="xUnitTestProject.CurrencyHelperTests.FormatToStringTest1000(price: 40913.016669489916, expected: &quot;40913.02 zł&quot;)" computerName="DESKTOP-5URQ9PB" duration="00:00:00.0000058" startTime="2022-06-13T21:15:36.9274587+02:00" endTime="2022-06-13T21:15:36.9274589+02:00" testType="13cdc9d9-ddb5-4fa4-a97d-d965ccfc6d4b" outcome="Passed" testListId="8c84fa94-04c1-424b-9868-57a2d4851a1d" relativeResultsDirectory="edb9b594-8622-4179-b46f-8307bac7e3c5" />
    <UnitTestResult executionId="12d04e1c-71a7-43da-8d31-8e12bfbe1ba7" testId="717afcc9-fdbd-942f-44d5-9f5deeef640f" testName="xUnitTestProject.CurrencyHelperTests.FormatToStringTest1000(price: 19363.881840787773, expected: &quot;19363.88 zł&quot;)" computerName="DESKTOP-5URQ9PB" duration="00:00:00.0000048" startTime="2022-06-13T21:15:36.9185589+02:00" endTime="2022-06-13T21:15:36.9185594+02:00" testType="13cdc9d9-ddb5-4fa4-a97d-d965ccfc6d4b" outcome="Passed" testListId="8c84fa94-04c1-424b-9868-57a2d4851a1d" relativeResultsDirectory="12d04e1c-71a7-43da-8d31-8e12bfbe1ba7" />
    <UnitTestResult executionId="739acc40-ed2a-42de-a400-0329451ce3d1" testId="9f966096-1641-bf42-1320-e9f57c98ec2f" testName="xUnitTestProject.CurrencyHelperTests.FormatToStringTest1000(price: 67338.80028760935, expected: &quot;67338.80 zł&quot;)" computerName="DESKTOP-5URQ9PB" duration="00:00:00.0000041" startTime="2022-06-13T21:15:36.9157651+02:00" endTime="2022-06-13T21:15:36.9157652+02:00" testType="13cdc9d9-ddb5-4fa4-a97d-d965ccfc6d4b" outcome="Passed" testListId="8c84fa94-04c1-424b-9868-57a2d4851a1d" relativeResultsDirectory="739acc40-ed2a-42de-a400-0329451ce3d1" />
    <UnitTestResult executionId="06a531de-6132-4e1a-a004-b98ad6f360ae" testId="a1b1cd1d-1429-3ac2-3b82-a26d05133f17" testName="xUnitTestProject.CurrencyHelperTests.FormatToStringTest1000(price: 4614.673205890541, expected: &quot;4614.67 zł&quot;)" computerName="DESKTOP-5URQ9PB" duration="00:00:00.0000039" startTime="2022-06-13T21:15:36.9687277+02:00" endTime="2022-06-13T21:15:36.9687278+02:00" testType="13cdc9d9-ddb5-4fa4-a97d-d965ccfc6d4b" outcome="Passed" testListId="8c84fa94-04c1-424b-9868-57a2d4851a1d" relativeResultsDirectory="06a531de-6132-4e1a-a004-b98ad6f360ae" />
    <UnitTestResult executionId="925be7f7-8796-4c99-8e9b-52fa9e55606e" testId="7d53e462-1288-fbb2-1f6d-75cbd2a2eb44" testName="xUnitTestProject.CurrencyHelperTests.FormatToStringTest1000(price: 7004.710832051798, expected: &quot;7004.71 zł&quot;)" computerName="DESKTOP-5URQ9PB" duration="00:00:00.0000039" startTime="2022-06-13T21:15:36.9752612+02:00" endTime="2022-06-13T21:15:36.9752613+02:00" testType="13cdc9d9-ddb5-4fa4-a97d-d965ccfc6d4b" outcome="Passed" testListId="8c84fa94-04c1-424b-9868-57a2d4851a1d" relativeResultsDirectory="925be7f7-8796-4c99-8e9b-52fa9e55606e" />
    <UnitTestResult executionId="ee7e8bf6-e926-49b4-86ee-b9c24eee2a55" testId="8ba27476-b54b-3c26-c478-bb1e87cb663c" testName="xUnitTestProject.CurrencyHelperTests.FormatToStringTest1000(price: 25135.10315489727, expected: &quot;25135.10 zł&quot;)" computerName="DESKTOP-5URQ9PB" duration="00:00:00.0000039" startTime="2022-06-13T21:15:36.9045047+02:00" endTime="2022-06-13T21:15:36.9045049+02:00" testType="13cdc9d9-ddb5-4fa4-a97d-d965ccfc6d4b" outcome="Passed" testListId="8c84fa94-04c1-424b-9868-57a2d4851a1d" relativeResultsDirectory="ee7e8bf6-e926-49b4-86ee-b9c24eee2a55" />
    <UnitTestResult executionId="6f743e93-4aab-4a9e-92e5-1a0f74255443" testId="f96cba70-db37-0f83-9cd0-465945a7184e" testName="xUnitTestProject.CurrencyHelperTests.FormatToStringTest1000(price: 81326.3340147521, expected: &quot;81326.33 zł&quot;)" computerName="DESKTOP-5URQ9PB" duration="00:00:00.0000113" startTime="2022-06-13T21:15:36.9509102+02:00" endTime="2022-06-13T21:15:36.9509104+02:00" testType="13cdc9d9-ddb5-4fa4-a97d-d965ccfc6d4b" outcome="Passed" testListId="8c84fa94-04c1-424b-9868-57a2d4851a1d" relativeResultsDirectory="6f743e93-4aab-4a9e-92e5-1a0f74255443" />
    <UnitTestResult executionId="149f9176-1e9e-460b-a55b-6cf22c992407" testId="3172308c-0e5e-05a2-a398-90977e0ab705" testName="xUnitTestProject.CurrencyHelperTests.FormatToStringTest1000(price: 3700.029953029021, expected: &quot;3700.03 zł&quot;)" computerName="DESKTOP-5URQ9PB" duration="00:00:00.0000040" startTime="2022-06-13T21:15:36.9044741+02:00" endTime="2022-06-13T21:15:36.9044743+02:00" testType="13cdc9d9-ddb5-4fa4-a97d-d965ccfc6d4b" outcome="Passed" testListId="8c84fa94-04c1-424b-9868-57a2d4851a1d" relativeResultsDirectory="149f9176-1e9e-460b-a55b-6cf22c992407" />
    <UnitTestResult executionId="1218377f-18d9-4500-a95f-5c0942df99c1" testId="217b46ae-53e4-8868-0968-60de7a74b62a" testName="xUnitTestProject.CurrencyHelperTests.FormatToStringTest1000(price: 15080.274618567097, expected: &quot;15080.27 zł&quot;)" computerName="DESKTOP-5URQ9PB" duration="00:00:00.0000059" startTime="2022-06-13T21:15:36.9458376+02:00" endTime="2022-06-13T21:15:36.9458377+02:00" testType="13cdc9d9-ddb5-4fa4-a97d-d965ccfc6d4b" outcome="Passed" testListId="8c84fa94-04c1-424b-9868-57a2d4851a1d" relativeResultsDirectory="1218377f-18d9-4500-a95f-5c0942df99c1" />
    <UnitTestResult executionId="18fa33ca-818f-4e36-8f02-c338ebaa4245" testId="f72783d9-64aa-50e2-fcd1-46f621632d5d" testName="xUnitTestProject.CurrencyHelperTests.FormatToStringTest1000(price: 13681.607566007231, expected: &quot;13681.61 zł&quot;)" computerName="DESKTOP-5URQ9PB" duration="00:00:00.0000040" startTime="2022-06-13T21:15:36.9792497+02:00" endTime="2022-06-13T21:15:36.9792499+02:00" testType="13cdc9d9-ddb5-4fa4-a97d-d965ccfc6d4b" outcome="Passed" testListId="8c84fa94-04c1-424b-9868-57a2d4851a1d" relativeResultsDirectory="18fa33ca-818f-4e36-8f02-c338ebaa4245" />
    <UnitTestResult executionId="a2529248-b1eb-4ff0-b17b-ecdd1d8f4354" testId="9634b23e-736b-8d03-4e65-5819fb03baa5" testName="xUnitTestProject.CurrencyHelperTests.FormatToStringTest1000(price: 11118.620997698335, expected: &quot;11118.62 zł&quot;)" computerName="DESKTOP-5URQ9PB" duration="00:00:00.0000038" startTime="2022-06-13T21:15:36.9166488+02:00" endTime="2022-06-13T21:15:36.9166492+02:00" testType="13cdc9d9-ddb5-4fa4-a97d-d965ccfc6d4b" outcome="Passed" testListId="8c84fa94-04c1-424b-9868-57a2d4851a1d" relativeResultsDirectory="a2529248-b1eb-4ff0-b17b-ecdd1d8f4354" />
    <UnitTestResult executionId="96189d64-1d8d-493e-b0d3-6951bc9c0465" testId="33b7f528-129d-12a3-ccd2-fd1f055d858f" testName="xUnitTestProject.CurrencyHelperTests.FormatToStringTest1000(price: 44930.92203801075, expected: &quot;44930.92 zł&quot;)" computerName="DESKTOP-5URQ9PB" duration="00:00:00.0000039" startTime="2022-06-13T21:15:36.9696746+02:00" endTime="2022-06-13T21:15:36.9696747+02:00" testType="13cdc9d9-ddb5-4fa4-a97d-d965ccfc6d4b" outcome="Passed" testListId="8c84fa94-04c1-424b-9868-57a2d4851a1d" relativeResultsDirectory="96189d64-1d8d-493e-b0d3-6951bc9c0465" />
    <UnitTestResult executionId="e778c5ab-12c9-42d4-ab07-bd62361c2231" testId="9b79670a-4357-fb82-855b-9e335ddd3a09" testName="xUnitTestProject.CurrencyHelperTests.FormatToStringTest1000(price: 7193.552206002898, expected: &quot;7193.55 zł&quot;)" computerName="DESKTOP-5URQ9PB" duration="00:00:00.0000069" startTime="2022-06-13T21:15:36.9413122+02:00" endTime="2022-06-13T21:15:36.9413124+02:00" testType="13cdc9d9-ddb5-4fa4-a97d-d965ccfc6d4b" outcome="Passed" testListId="8c84fa94-04c1-424b-9868-57a2d4851a1d" relativeResultsDirectory="e778c5ab-12c9-42d4-ab07-bd62361c2231" />
    <UnitTestResult executionId="02cdf181-8caa-43c1-849a-9fc5dbad9862" testId="264c060b-2c06-6e92-2e7b-9f27ddffeba4" testName="xUnitTestProject.CurrencyHelperTests.FormatToStringTest1000(price: 34242.181005260056, expected: &quot;34242.18 zł&quot;)" computerName="DESKTOP-5URQ9PB" duration="00:00:00.0000039" startTime="2022-06-13T21:15:36.8938025+02:00" endTime="2022-06-13T21:15:36.8938026+02:00" testType="13cdc9d9-ddb5-4fa4-a97d-d965ccfc6d4b" outcome="Passed" testListId="8c84fa94-04c1-424b-9868-57a2d4851a1d" relativeResultsDirectory="02cdf181-8caa-43c1-849a-9fc5dbad9862" />
    <UnitTestResult executionId="9f43e516-1a8c-4d0f-bceb-42323409a828" testId="eb1e2ccd-822e-57b0-f5e5-7fc8ed277803" testName="xUnitTestProject.CurrencyHelperTests.FormatToStringTest1000(price: 11624.834848273003, expected: &quot;11624.83 zł&quot;)" computerName="DESKTOP-5URQ9PB" duration="00:00:00.0000048" startTime="2022-06-13T21:15:36.9851075+02:00" endTime="2022-06-13T21:15:36.9851076+02:00" testType="13cdc9d9-ddb5-4fa4-a97d-d965ccfc6d4b" outcome="Passed" testListId="8c84fa94-04c1-424b-9868-57a2d4851a1d" relativeResultsDirectory="9f43e516-1a8c-4d0f-bceb-42323409a828" />
    <UnitTestResult executionId="196c2229-783b-49a1-acbe-562e30886b3e" testId="5fa53206-edec-8295-28b6-5eb1541e56b6" testName="xUnitTestProject.CurrencyHelperTests.FormatToStringTest1000(price: 16161.963229990548, expected: &quot;16161.96 zł&quot;)" computerName="DESKTOP-5URQ9PB" duration="00:00:00.0000056" startTime="2022-06-13T21:15:36.9244580+02:00" endTime="2022-06-13T21:15:36.9244581+02:00" testType="13cdc9d9-ddb5-4fa4-a97d-d965ccfc6d4b" outcome="Passed" testListId="8c84fa94-04c1-424b-9868-57a2d4851a1d" relativeResultsDirectory="196c2229-783b-49a1-acbe-562e30886b3e" />
    <UnitTestResult executionId="ef847539-e2eb-4744-a470-3ae3fcf7b04e" testId="696d2b08-2b8a-7456-8791-bc3514cd955e" testName="xUnitTestProject.CurrencyHelperTests.FormatToStringTest1000(price: 9431.144757136304, expected: &quot;9431.14 zł&quot;)" computerName="DESKTOP-5URQ9PB" duration="00:00:00.0000040" startTime="2022-06-13T21:15:36.9706142+02:00" endTime="2022-06-13T21:15:36.9706144+02:00" testType="13cdc9d9-ddb5-4fa4-a97d-d965ccfc6d4b" outcome="Passed" testListId="8c84fa94-04c1-424b-9868-57a2d4851a1d" relativeResultsDirectory="ef847539-e2eb-4744-a470-3ae3fcf7b04e" />
    <UnitTestResult executionId="267129b7-be9a-49f7-8ad2-3f65c86880a3" testId="a5c380fd-7aff-7b69-c8d6-5989b9e204c5" testName="xUnitTestProject.CurrencyHelperTests.FormatToStringTest1000(price: 1821.7083499085663, expected: &quot;1821.71 zł&quot;)" computerName="DESKTOP-5URQ9PB" duration="00:00:00.0000038" startTime="2022-06-13T21:15:36.9665655+02:00" endTime="2022-06-13T21:15:36.9665657+02:00" testType="13cdc9d9-ddb5-4fa4-a97d-d965ccfc6d4b" outcome="Passed" testListId="8c84fa94-04c1-424b-9868-57a2d4851a1d" relativeResultsDirectory="267129b7-be9a-49f7-8ad2-3f65c86880a3" />
    <UnitTestResult executionId="3eeb4322-d4ae-4dc2-bc3c-7bf81f0b9cc2" testId="bc76307e-662f-d191-64cf-4352a391fa59" testName="xUnitTestProject.CurrencyHelperTests.FormatToStringTest1000(price: 96261.84883437205, expected: &quot;96261.85 zł&quot;)" computerName="DESKTOP-5URQ9PB" duration="00:00:00.0000039" startTime="2022-06-13T21:15:36.9986028+02:00" endTime="2022-06-13T21:15:36.9986029+02:00" testType="13cdc9d9-ddb5-4fa4-a97d-d965ccfc6d4b" outcome="Passed" testListId="8c84fa94-04c1-424b-9868-57a2d4851a1d" relativeResultsDirectory="3eeb4322-d4ae-4dc2-bc3c-7bf81f0b9cc2" />
    <UnitTestResult executionId="90d686ef-7bfa-4bc8-a8cb-89fa4df80107" testId="b163eddc-fed2-8a3f-de92-54285bf94b6d" testName="xUnitTestProject.CurrencyHelperTests.FormatToStringTest1000(price: 6838.422316571894, expected: &quot;6838.42 zł&quot;)" computerName="DESKTOP-5URQ9PB" duration="00:00:00.0000037" startTime="2022-06-13T21:15:36.9959444+02:00" endTime="2022-06-13T21:15:36.9959445+02:00" testType="13cdc9d9-ddb5-4fa4-a97d-d965ccfc6d4b" outcome="Passed" testListId="8c84fa94-04c1-424b-9868-57a2d4851a1d" relativeResultsDirectory="90d686ef-7bfa-4bc8-a8cb-89fa4df80107" />
    <UnitTestResult executionId="75513c43-0302-4579-8db2-af7a7e7fd335" testId="21bbacc0-ff4d-ad67-a90f-e4f994353077" testName="xUnitTestProject.CurrencyHelperTests.FormatToStringTest1000(price: 3521.3657738167635, expected: &quot;3521.37 zł&quot;)" computerName="DESKTOP-5URQ9PB" duration="00:00:00.0000056" startTime="2022-06-13T21:15:36.9435669+02:00" endTime="2022-06-13T21:15:36.9435670+02:00" testType="13cdc9d9-ddb5-4fa4-a97d-d965ccfc6d4b" outcome="Passed" testListId="8c84fa94-04c1-424b-9868-57a2d4851a1d" relativeResultsDirectory="75513c43-0302-4579-8db2-af7a7e7fd335" />
    <UnitTestResult executionId="4eed1f8d-1853-479b-863c-6e8a321e6c41" testId="de2d22dc-e411-4a1b-48db-f6f07906b5fb" testName="xUnitTestProject.CurrencyHelperTests.FormatToStringTest1000(price: 15313.083673952653, expected: &quot;15313.08 zł&quot;)" computerName="DESKTOP-5URQ9PB" duration="00:00:00.0000040" startTime="2022-06-13T21:15:36.9910462+02:00" endTime="2022-06-13T21:15:36.9910464+02:00" testType="13cdc9d9-ddb5-4fa4-a97d-d965ccfc6d4b" outcome="Passed" testListId="8c84fa94-04c1-424b-9868-57a2d4851a1d" relativeResultsDirectory="4eed1f8d-1853-479b-863c-6e8a321e6c41" />
    <UnitTestResult executionId="a2d6745f-7003-409f-99d9-7ea6a740110a" testId="da9e50fc-db80-afa7-5f4f-4cb6b2da8231" testName="xUnitTestProject.CurrencyHelperTests.FormatToStringTest1000(price: 28972.23604401212, expected: &quot;28972.24 zł&quot;)" computerName="DESKTOP-5URQ9PB" duration="00:00:00.0000039" startTime="2022-06-13T21:15:36.9147784+02:00" endTime="2022-06-13T21:15:36.9147786+02:00" testType="13cdc9d9-ddb5-4fa4-a97d-d965ccfc6d4b" outcome="Passed" testListId="8c84fa94-04c1-424b-9868-57a2d4851a1d" relativeResultsDirectory="a2d6745f-7003-409f-99d9-7ea6a740110a" />
    <UnitTestResult executionId="83e854a1-54d1-4434-8ef2-57c87843fc41" testId="f308d529-c66b-0a68-1a35-9384b1697bbf" testName="xUnitTestProject.CurrencyHelperTests.FormatToStringTest1000(price: 30807.823896702295, expected: &quot;30807.82 zł&quot;)" computerName="DESKTOP-5URQ9PB" duration="00:00:00.0000040" startTime="2022-06-13T21:15:36.9790284+02:00" endTime="2022-06-13T21:15:36.9790289+02:00" testType="13cdc9d9-ddb5-4fa4-a97d-d965ccfc6d4b" outcome="Passed" testListId="8c84fa94-04c1-424b-9868-57a2d4851a1d" relativeResultsDirectory="83e854a1-54d1-4434-8ef2-57c87843fc41" />
    <UnitTestResult executionId="f4fb9ea6-ca16-4639-9b92-9c6652f6f49f" testId="578b5b4c-08d1-6f2c-3cf8-070bb75c9b96" testName="xUnitTestProject.CurrencyHelperTests.FormatToStringTest1000(price: 70432.00656616595, expected: &quot;70432.01 zł&quot;)" computerName="DESKTOP-5URQ9PB" duration="00:00:00.0000058" startTime="2022-06-13T21:15:36.9500336+02:00" endTime="2022-06-13T21:15:36.9500337+02:00" testType="13cdc9d9-ddb5-4fa4-a97d-d965ccfc6d4b" outcome="Passed" testListId="8c84fa94-04c1-424b-9868-57a2d4851a1d" relativeResultsDirectory="f4fb9ea6-ca16-4639-9b92-9c6652f6f49f" />
    <UnitTestResult executionId="b19b1e5c-7880-48e8-b7cd-f465a13df073" testId="ada84f96-628a-be69-4c85-60683def0842" testName="xUnitTestProject.CurrencyHelperTests.FormatToStringTest1000(price: 45299.778512198376, expected: &quot;45299.78 zł&quot;)" computerName="DESKTOP-5URQ9PB" duration="00:00:00.0000120" startTime="2022-06-13T21:15:36.9215883+02:00" endTime="2022-06-13T21:15:36.9215884+02:00" testType="13cdc9d9-ddb5-4fa4-a97d-d965ccfc6d4b" outcome="Passed" testListId="8c84fa94-04c1-424b-9868-57a2d4851a1d" relativeResultsDirectory="b19b1e5c-7880-48e8-b7cd-f465a13df073" />
    <UnitTestResult executionId="f6bf1c8e-67ef-429b-b90e-3f62c97190da" testId="ddbbee19-86a9-bc74-0664-4f6fa63796df" testName="xUnitTestProject.CurrencyHelperTests.FormatToStringTest1000(price: 9661.966055578536, expected: &quot;9661.97 zł&quot;)" computerName="DESKTOP-5URQ9PB" duration="00:00:00.0000040" startTime="2022-06-13T21:15:36.9822131+02:00" endTime="2022-06-13T21:15:36.9822133+02:00" testType="13cdc9d9-ddb5-4fa4-a97d-d965ccfc6d4b" outcome="Passed" testListId="8c84fa94-04c1-424b-9868-57a2d4851a1d" relativeResultsDirectory="f6bf1c8e-67ef-429b-b90e-3f62c97190da" />
    <UnitTestResult executionId="06bdbc04-c827-44b1-9ed0-8d1f926c12f5" testId="939e1c3f-3bc7-ec75-48fe-8501679b5ff4" testName="xUnitTestProject.CurrencyHelperTests.FormatToStringTest1000(price: 30199.386730006612, expected: &quot;30199.39 zł&quot;)" computerName="DESKTOP-5URQ9PB" duration="00:00:00.0000039" startTime="2022-06-13T21:15:37.0046738+02:00" endTime="2022-06-13T21:15:37.0046739+02:00" testType="13cdc9d9-ddb5-4fa4-a97d-d965ccfc6d4b" outcome="Passed" testListId="8c84fa94-04c1-424b-9868-57a2d4851a1d" relativeResultsDirectory="06bdbc04-c827-44b1-9ed0-8d1f926c12f5" />
    <UnitTestResult executionId="6db0cbdb-2977-4efe-aa56-a8d617792657" testId="e1f98d4b-b934-3301-b07c-a8722a8e1bf4" testName="xUnitTestProject.CurrencyHelperTests.FormatToStringTest1000(price: 468.83385119346616, expected: &quot;468.83 zł&quot;)" computerName="DESKTOP-5URQ9PB" duration="00:00:00.0000056" startTime="2022-06-13T21:15:36.9245497+02:00" endTime="2022-06-13T21:15:36.9245498+02:00" testType="13cdc9d9-ddb5-4fa4-a97d-d965ccfc6d4b" outcome="Passed" testListId="8c84fa94-04c1-424b-9868-57a2d4851a1d" relativeResultsDirectory="6db0cbdb-2977-4efe-aa56-a8d617792657" />
    <UnitTestResult executionId="71e1a3e8-c7b1-41dc-a774-759f04dcde38" testId="e9257337-b714-27d4-32a8-94e3008408f8" testName="xUnitTestProject.CurrencyHelperTests.FormatToStringTest1000(price: 41876.979471482795, expected: &quot;41876.98 zł&quot;)" computerName="DESKTOP-5URQ9PB" duration="00:00:00.0000039" startTime="2022-06-13T21:15:36.9096973+02:00" endTime="2022-06-13T21:15:36.9096975+02:00" testType="13cdc9d9-ddb5-4fa4-a97d-d965ccfc6d4b" outcome="Passed" testListId="8c84fa94-04c1-424b-9868-57a2d4851a1d" relativeResultsDirectory="71e1a3e8-c7b1-41dc-a774-759f04dcde38" />
    <UnitTestResult executionId="909f9f66-883c-4ba0-b242-271eaecb68bf" testId="06022d11-491a-4f0d-4482-3457e9003d33" testName="xUnitTestProject.CurrencyHelperTests.FormatToStringTest1000(price: 31424.298858482067, expected: &quot;31424.30 zł&quot;)" computerName="DESKTOP-5URQ9PB" duration="00:00:00.0000069" startTime="2022-06-13T21:15:36.9254804+02:00" endTime="2022-06-13T21:15:36.9254805+02:00" testType="13cdc9d9-ddb5-4fa4-a97d-d965ccfc6d4b" outcome="Passed" testListId="8c84fa94-04c1-424b-9868-57a2d4851a1d" relativeResultsDirectory="909f9f66-883c-4ba0-b242-271eaecb68bf" />
    <UnitTestResult executionId="9b347117-6c62-4916-8e2b-4b131582b833" testId="3436f427-af0a-5bde-6f98-b38b99a7cf5b" testName="xUnitTestProject.CurrencyHelperTests.FormatToStringTest1000(price: 54724.71040318008, expected: &quot;54724.71 zł&quot;)" computerName="DESKTOP-5URQ9PB" duration="00:00:00.0000040" startTime="2022-06-13T21:15:36.9657470+02:00" endTime="2022-06-13T21:15:36.9657472+02:00" testType="13cdc9d9-ddb5-4fa4-a97d-d965ccfc6d4b" outcome="Passed" testListId="8c84fa94-04c1-424b-9868-57a2d4851a1d" relativeResultsDirectory="9b347117-6c62-4916-8e2b-4b131582b833" />
    <UnitTestResult executionId="09df427e-b278-410a-8421-e1ebe86fb40b" testId="83c96126-428f-5139-26c1-00806d946a42" testName="xUnitTestProject.CurrencyHelperTests.FormatToStringTest1000(price: 22533.17694295811, expected: &quot;22533.18 zł&quot;)" computerName="DESKTOP-5URQ9PB" duration="00:00:00.0000056" startTime="2022-06-13T21:15:36.9608990+02:00" endTime="2022-06-13T21:15:36.9608991+02:00" testType="13cdc9d9-ddb5-4fa4-a97d-d965ccfc6d4b" outcome="Passed" testListId="8c84fa94-04c1-424b-9868-57a2d4851a1d" relativeResultsDirectory="09df427e-b278-410a-8421-e1ebe86fb40b" />
    <UnitTestResult executionId="0e0eadb2-411f-47ef-ae23-196be67d5185" testId="5b94edbf-3c78-7105-4ec5-f34d39e55c58" testName="xUnitTestProject.CurrencyHelperTests.FormatToStringTest1000(price: 25288.32036814574, expected: &quot;25288.32 zł&quot;)" computerName="DESKTOP-5URQ9PB" duration="00:00:00.0000038" startTime="2022-06-13T21:15:36.8914678+02:00" endTime="2022-06-13T21:15:36.8914679+02:00" testType="13cdc9d9-ddb5-4fa4-a97d-d965ccfc6d4b" outcome="Passed" testListId="8c84fa94-04c1-424b-9868-57a2d4851a1d" relativeResultsDirectory="0e0eadb2-411f-47ef-ae23-196be67d5185" />
    <UnitTestResult executionId="623fc0b5-fa37-46ee-8dc8-1ed1ede357fe" testId="d995492a-671e-36ff-0d73-ec59a569933d" testName="xUnitTestProject.CurrencyHelperTests.FormatToStringTest1000(price: 8013.1229931903645, expected: &quot;8013.12 zł&quot;)" computerName="DESKTOP-5URQ9PB" duration="00:00:00.0000056" startTime="2022-06-13T21:15:36.9301356+02:00" endTime="2022-06-13T21:15:36.9301360+02:00" testType="13cdc9d9-ddb5-4fa4-a97d-d965ccfc6d4b" outcome="Passed" testListId="8c84fa94-04c1-424b-9868-57a2d4851a1d" relativeResultsDirectory="623fc0b5-fa37-46ee-8dc8-1ed1ede357fe" />
    <UnitTestResult executionId="584716bf-c3e0-42e2-bd66-a4e0ba440356" testId="faee1a73-2321-167e-168b-f89892fb598c" testName="xUnitTestProject.CurrencyHelperTests.FormatToStringTest1000(price: 70771.4436677524, expected: &quot;70771.44 zł&quot;)" computerName="DESKTOP-5URQ9PB" duration="00:00:00.0000041" startTime="2022-06-13T21:15:36.8915920+02:00" endTime="2022-06-13T21:15:36.8915922+02:00" testType="13cdc9d9-ddb5-4fa4-a97d-d965ccfc6d4b" outcome="Passed" testListId="8c84fa94-04c1-424b-9868-57a2d4851a1d" relativeResultsDirectory="584716bf-c3e0-42e2-bd66-a4e0ba440356" />
    <UnitTestResult executionId="b073685c-7c63-4352-bb7a-783598297f49" testId="fdef4ad6-20d8-042a-63d8-5826de557b18" testName="xUnitTestProject.CurrencyHelperTests.FormatToStringTest1000(price: 28861.97337596769, expected: &quot;28861.97 zł&quot;)" computerName="DESKTOP-5URQ9PB" duration="00:00:00.0000056" startTime="2022-06-13T21:15:36.9284551+02:00" endTime="2022-06-13T21:15:36.9284553+02:00" testType="13cdc9d9-ddb5-4fa4-a97d-d965ccfc6d4b" outcome="Passed" testListId="8c84fa94-04c1-424b-9868-57a2d4851a1d" relativeResultsDirectory="b073685c-7c63-4352-bb7a-783598297f49" />
    <UnitTestResult executionId="bc5f9d4a-8a65-4c7d-9170-cbd1ec42c879" testId="e238bfca-4b11-493d-42eb-8f12a1ef721f" testName="xUnitTestProject.CurrencyHelperTests.FormatToStringTest1000(price: 1896.1704506483723, expected: &quot;1896.17 zł&quot;)" computerName="DESKTOP-5URQ9PB" duration="00:00:00.0000038" startTime="2022-06-13T21:15:36.9879851+02:00" endTime="2022-06-13T21:15:36.9879852+02:00" testType="13cdc9d9-ddb5-4fa4-a97d-d965ccfc6d4b" outcome="Passed" testListId="8c84fa94-04c1-424b-9868-57a2d4851a1d" relativeResultsDirectory="bc5f9d4a-8a65-4c7d-9170-cbd1ec42c879" />
    <UnitTestResult executionId="b874d2e0-9a91-4ae5-814e-2ddc2fc467ab" testId="fe5f39e6-4cd0-a90c-3fd0-4ec94c3771bb" testName="xUnitTestProject.CurrencyHelperTests.FormatToStringTest1000(price: 57671.67669738675, expected: &quot;57671.68 zł&quot;)" computerName="DESKTOP-5URQ9PB" duration="00:00:00.0000039" startTime="2022-06-13T21:15:36.9791574+02:00" endTime="2022-06-13T21:15:36.9791576+02:00" testType="13cdc9d9-ddb5-4fa4-a97d-d965ccfc6d4b" outcome="Passed" testListId="8c84fa94-04c1-424b-9868-57a2d4851a1d" relativeResultsDirectory="b874d2e0-9a91-4ae5-814e-2ddc2fc467ab" />
    <UnitTestResult executionId="92846b8e-423d-4f86-9762-796386896de0" testId="a16b516f-2dd7-f0de-4b9f-39b505e3fb31" testName="xUnitTestProject.CurrencyHelperTests.FormatToStringTest1000(price: 4025.728369236797, expected: &quot;4025.73 zł&quot;)" computerName="DESKTOP-5URQ9PB" duration="00:00:00.0000041" startTime="2022-06-13T21:15:36.9987302+02:00" endTime="2022-06-13T21:15:36.9987303+02:00" testType="13cdc9d9-ddb5-4fa4-a97d-d965ccfc6d4b" outcome="Passed" testListId="8c84fa94-04c1-424b-9868-57a2d4851a1d" relativeResultsDirectory="92846b8e-423d-4f86-9762-796386896de0" />
    <UnitTestResult executionId="712f2522-2f1f-49a4-8015-c498cfc708ac" testId="ec5e31f8-0a43-1c03-8691-e70ecfdbfc69" testName="xUnitTestProject.CurrencyHelperTests.FormatToStringTest1000(price: 68507.83928906724, expected: &quot;68507.84 zł&quot;)" computerName="DESKTOP-5URQ9PB" duration="00:00:00.0000071" startTime="2022-06-13T21:15:36.9549855+02:00" endTime="2022-06-13T21:15:36.9549856+02:00" testType="13cdc9d9-ddb5-4fa4-a97d-d965ccfc6d4b" outcome="Passed" testListId="8c84fa94-04c1-424b-9868-57a2d4851a1d" relativeResultsDirectory="712f2522-2f1f-49a4-8015-c498cfc708ac" />
    <UnitTestResult executionId="182e05ae-291a-4574-bda3-9a56005000f6" testId="12d96651-40d0-5499-9770-bf08435d63fc" testName="xUnitTestProject.CurrencyHelperTests.FormatToStringTest1000(price: 13402.882692040355, expected: &quot;13402.88 zł&quot;)" computerName="DESKTOP-5URQ9PB" duration="00:00:00.0000039" startTime="2022-06-13T21:15:36.9919880+02:00" endTime="2022-06-13T21:15:36.9919882+02:00" testType="13cdc9d9-ddb5-4fa4-a97d-d965ccfc6d4b" outcome="Passed" testListId="8c84fa94-04c1-424b-9868-57a2d4851a1d" relativeResultsDirectory="182e05ae-291a-4574-bda3-9a56005000f6" />
    <UnitTestResult executionId="cc3baf18-5f26-4b21-b631-fbefb05de5f6" testId="dbbec110-d393-0535-7065-c16e31474059" testName="xUnitTestProject.CurrencyHelperTests.FormatToStringTest1000(price: 15822.278766386342, expected: &quot;15822.28 zł&quot;)" computerName="DESKTOP-5URQ9PB" duration="00:00:00.0000056" startTime="2022-06-13T21:15:36.9362398+02:00" endTime="2022-06-13T21:15:36.9362399+02:00" testType="13cdc9d9-ddb5-4fa4-a97d-d965ccfc6d4b" outcome="Passed" testListId="8c84fa94-04c1-424b-9868-57a2d4851a1d" relativeResultsDirectory="cc3baf18-5f26-4b21-b631-fbefb05de5f6" />
    <UnitTestResult executionId="b1349fe7-ad89-43ab-a416-c8f6bf16c111" testId="560147e0-585f-3c73-5235-3ae492c399e0" testName="xUnitTestProject.CurrencyHelperTests.FormatToStringTest1000(price: 31340.79231238914, expected: &quot;31340.79 zł&quot;)" computerName="DESKTOP-5URQ9PB" duration="00:00:00.0000037" startTime="2022-06-13T21:15:36.9097874+02:00" endTime="2022-06-13T21:15:36.9097876+02:00" testType="13cdc9d9-ddb5-4fa4-a97d-d965ccfc6d4b" outcome="Passed" testListId="8c84fa94-04c1-424b-9868-57a2d4851a1d" relativeResultsDirectory="b1349fe7-ad89-43ab-a416-c8f6bf16c111" />
    <UnitTestResult executionId="b44ea9df-0869-4613-a716-af2686388e88" testId="235eb381-d2e3-8caa-5888-040fb729169a" testName="xUnitTestProject.CurrencyHelperTests.FormatToStringTest1000(price: 6145.531235831571, expected: &quot;6145.53 zł&quot;)" computerName="DESKTOP-5URQ9PB" duration="00:00:00.0000039" startTime="2022-06-13T21:15:36.9108468+02:00" endTime="2022-06-13T21:15:36.9108470+02:00" testType="13cdc9d9-ddb5-4fa4-a97d-d965ccfc6d4b" outcome="Passed" testListId="8c84fa94-04c1-424b-9868-57a2d4851a1d" relativeResultsDirectory="b44ea9df-0869-4613-a716-af2686388e88" />
    <UnitTestResult executionId="441ec8bd-9918-4c9b-9a0d-4fa30ae73891" testId="7f9e1a03-9e41-8ac9-4d40-38aecad4670f" testName="xUnitTestProject.CurrencyHelperTests.FormatToStringTest1000(price: 15624.452361264477, expected: &quot;15624.45 zł&quot;)" computerName="DESKTOP-5URQ9PB" duration="00:00:00.0000039" startTime="2022-06-13T21:15:36.9909542+02:00" endTime="2022-06-13T21:15:36.9909543+02:00" testType="13cdc9d9-ddb5-4fa4-a97d-d965ccfc6d4b" outcome="Passed" testListId="8c84fa94-04c1-424b-9868-57a2d4851a1d" relativeResultsDirectory="441ec8bd-9918-4c9b-9a0d-4fa30ae73891" />
    <UnitTestResult executionId="5ee6ad9d-06d5-463b-82f8-805546f80b0d" testId="90e736db-bebc-59eb-dcfd-94a08c26727f" testName="xUnitTestProject.CurrencyHelperTests.FormatToStringTest1000(price: 29539.32303995328, expected: &quot;29539.32 zł&quot;)" computerName="DESKTOP-5URQ9PB" duration="00:00:00.0000038" startTime="2022-06-13T21:15:36.9753858+02:00" endTime="2022-06-13T21:15:36.9753860+02:00" testType="13cdc9d9-ddb5-4fa4-a97d-d965ccfc6d4b" outcome="Passed" testListId="8c84fa94-04c1-424b-9868-57a2d4851a1d" relativeResultsDirectory="5ee6ad9d-06d5-463b-82f8-805546f80b0d" />
    <UnitTestResult executionId="8487621c-0cb5-4089-ab07-83c9e85cc186" testId="7e545621-7d10-75d6-0eb9-82dda8912c2c" testName="xUnitTestProject.CurrencyHelperTests.FormatToStringTest1000(price: 34060.48467268724, expected: &quot;34060.48 zł&quot;)" computerName="DESKTOP-5URQ9PB" duration="00:00:00.0000056" startTime="2022-06-13T21:15:36.9498104+02:00" endTime="2022-06-13T21:15:36.9498108+02:00" testType="13cdc9d9-ddb5-4fa4-a97d-d965ccfc6d4b" outcome="Passed" testListId="8c84fa94-04c1-424b-9868-57a2d4851a1d" relativeResultsDirectory="8487621c-0cb5-4089-ab07-83c9e85cc186" />
    <UnitTestResult executionId="d3825aef-4a3e-461d-a621-44b0dc3cd373" testId="82e67c06-9849-1902-4582-6ac1133c7960" testName="xUnitTestProject.CurrencyHelperTests.FormatToStringTest1000(price: 657.5396922647672, expected: &quot;657.54 zł&quot;)" computerName="DESKTOP-5URQ9PB" duration="00:00:00.0000040" startTime="2022-06-13T21:15:36.9810179+02:00" endTime="2022-06-13T21:15:36.9810180+02:00" testType="13cdc9d9-ddb5-4fa4-a97d-d965ccfc6d4b" outcome="Passed" testListId="8c84fa94-04c1-424b-9868-57a2d4851a1d" relativeResultsDirectory="d3825aef-4a3e-461d-a621-44b0dc3cd373" />
    <UnitTestResult executionId="2a0c5973-a940-4a30-b375-2a5181729b7a" testId="bac2e760-c57c-379d-cca8-5272b1f0e7e5" testName="xUnitTestProject.CurrencyHelperTests.FormatToStringTest1000(price: 6035.818653228608, expected: &quot;6035.82 zł&quot;)" computerName="DESKTOP-5URQ9PB" duration="00:00:00.0000067" startTime="2022-06-13T21:15:36.9264822+02:00" endTime="2022-06-13T21:15:36.9264824+02:00" testType="13cdc9d9-ddb5-4fa4-a97d-d965ccfc6d4b" outcome="Passed" testListId="8c84fa94-04c1-424b-9868-57a2d4851a1d" relativeResultsDirectory="2a0c5973-a940-4a30-b375-2a5181729b7a" />
    <UnitTestResult executionId="06525856-b5e9-4814-aeb0-1d9e16410c97" testId="8e957c61-833e-a0b8-17c9-5e56071d3f70" testName="xUnitTestProject.CurrencyHelperTests.FormatToStringTest1000(price: 21961.272673999552, expected: &quot;21961.27 zł&quot;)" computerName="DESKTOP-5URQ9PB" duration="00:00:00.0000039" startTime="2022-06-13T21:15:36.9158890+02:00" endTime="2022-06-13T21:15:36.9158892+02:00" testType="13cdc9d9-ddb5-4fa4-a97d-d965ccfc6d4b" outcome="Passed" testListId="8c84fa94-04c1-424b-9868-57a2d4851a1d" relativeResultsDirectory="06525856-b5e9-4814-aeb0-1d9e16410c97" />
    <UnitTestResult executionId="d936fb24-958b-4fab-811c-01a3679b35f3" testId="c558e0d2-3c06-e002-2aa3-e6624e30de98" testName="xUnitTestProject.CurrencyHelperTests.FormatToStringTest1000(price: 13197.65136269417, expected: &quot;13197.65 zł&quot;)" computerName="DESKTOP-5URQ9PB" duration="00:00:00.0000040" startTime="2022-06-13T21:15:36.9800952+02:00" endTime="2022-06-13T21:15:36.9800954+02:00" testType="13cdc9d9-ddb5-4fa4-a97d-d965ccfc6d4b" outcome="Passed" testListId="8c84fa94-04c1-424b-9868-57a2d4851a1d" relativeResultsDirectory="d936fb24-958b-4fab-811c-01a3679b35f3" />
    <UnitTestResult executionId="10675196-dd11-4302-920f-2bdae6e1898a" testId="d256d95f-79c2-283f-fe67-61aaa54d0e1b" testName="xUnitTestProject.CurrencyHelperTests.FormatToStringTest1000(price: 4648.492795337221, expected: &quot;4648.49 zł&quot;)" computerName="DESKTOP-5URQ9PB" duration="00:00:00.0000056" startTime="2022-06-13T21:15:36.9490546+02:00" endTime="2022-06-13T21:15:36.9490548+02:00" testType="13cdc9d9-ddb5-4fa4-a97d-d965ccfc6d4b" outcome="Passed" testListId="8c84fa94-04c1-424b-9868-57a2d4851a1d" relativeResultsDirectory="10675196-dd11-4302-920f-2bdae6e1898a" />
    <UnitTestResult executionId="9ae7d794-3af0-4d12-96fc-71f8f6aaf560" testId="ca982acc-6d3c-04e3-1b49-3eea6c1f73fe" testName="xUnitTestProject.CurrencyHelperTests.FormatToStringTest1000(price: 33851.35523524618, expected: &quot;33851.36 zł&quot;)" computerName="DESKTOP-5URQ9PB" duration="00:00:00.0000112" startTime="2022-06-13T21:15:36.9235037+02:00" endTime="2022-06-13T21:15:36.9235039+02:00" testType="13cdc9d9-ddb5-4fa4-a97d-d965ccfc6d4b" outcome="Passed" testListId="8c84fa94-04c1-424b-9868-57a2d4851a1d" relativeResultsDirectory="9ae7d794-3af0-4d12-96fc-71f8f6aaf560" />
    <UnitTestResult executionId="e171ddd1-840b-4186-884b-37431e4c7ef7" testId="46d3bb4f-6f59-f6c2-b532-ed497dfae82c" testName="xUnitTestProject.CurrencyHelperTests.FormatToStringTest1000(price: 18208.8422650126, expected: &quot;18208.84 zł&quot;)" computerName="DESKTOP-5URQ9PB" duration="00:00:00.0000052" startTime="2022-06-13T21:15:36.8806804+02:00" endTime="2022-06-13T21:15:36.8806806+02:00" testType="13cdc9d9-ddb5-4fa4-a97d-d965ccfc6d4b" outcome="Passed" testListId="8c84fa94-04c1-424b-9868-57a2d4851a1d" relativeResultsDirectory="e171ddd1-840b-4186-884b-37431e4c7ef7" />
    <UnitTestResult executionId="b3d21532-65c5-42b2-998e-3df00fc7b261" testId="1d8f4068-0f19-f951-5966-43f32b70fb4f" testName="xUnitTestProject.CurrencyHelperTests.FormatToStringTest1000(price: 63115.864864394935, expected: &quot;63115.86 zł&quot;)" computerName="DESKTOP-5URQ9PB" duration="00:00:00.0000059" startTime="2022-06-13T21:15:36.9381311+02:00" endTime="2022-06-13T21:15:36.9381312+02:00" testType="13cdc9d9-ddb5-4fa4-a97d-d965ccfc6d4b" outcome="Passed" testListId="8c84fa94-04c1-424b-9868-57a2d4851a1d" relativeResultsDirectory="b3d21532-65c5-42b2-998e-3df00fc7b261" />
    <UnitTestResult executionId="8d92c991-a7e9-47ea-8285-4722fcf45443" testId="5b76fee7-881d-69f4-bb6e-50523ab527c9" testName="xUnitTestProject.CurrencyHelperTests.FormatToStringTest1000(price: 37614.50159416278, expected: &quot;37614.50 zł&quot;)" computerName="DESKTOP-5URQ9PB" duration="00:00:00.0000038" startTime="2022-06-13T21:15:36.9819950+02:00" endTime="2022-06-13T21:15:36.9819951+02:00" testType="13cdc9d9-ddb5-4fa4-a97d-d965ccfc6d4b" outcome="Passed" testListId="8c84fa94-04c1-424b-9868-57a2d4851a1d" relativeResultsDirectory="8d92c991-a7e9-47ea-8285-4722fcf45443" />
    <UnitTestResult executionId="49bb8f24-f43f-4bfd-9ba3-0bd1d52958e9" testId="4a32286d-4292-da18-0868-eb2a25ef068a" testName="xUnitTestProject.CurrencyHelperTests.FormatToStringTest1000(price: 24030.724859085738, expected: &quot;24030.72 zł&quot;)" computerName="DESKTOP-5URQ9PB" duration="00:00:00.0000058" startTime="2022-06-13T21:15:36.9636926+02:00" endTime="2022-06-13T21:15:36.9636928+02:00" testType="13cdc9d9-ddb5-4fa4-a97d-d965ccfc6d4b" outcome="Passed" testListId="8c84fa94-04c1-424b-9868-57a2d4851a1d" relativeResultsDirectory="49bb8f24-f43f-4bfd-9ba3-0bd1d52958e9" />
    <UnitTestResult executionId="f86f094e-b9b1-4f3d-8577-0f5468f878a8" testId="c2db2421-6d50-c505-4572-abf46a5e86c5" testName="xUnitTestProject.CurrencyHelperTests.FormatToStringTest1000(price: 59919.71489415491, expected: &quot;59919.71 zł&quot;)" computerName="DESKTOP-5URQ9PB" duration="00:00:00.0000039" startTime="2022-06-13T21:15:36.9706757+02:00" endTime="2022-06-13T21:15:36.9706758+02:00" testType="13cdc9d9-ddb5-4fa4-a97d-d965ccfc6d4b" outcome="Passed" testListId="8c84fa94-04c1-424b-9868-57a2d4851a1d" relativeResultsDirectory="f86f094e-b9b1-4f3d-8577-0f5468f878a8" />
    <UnitTestResult executionId="3bdf19c7-3d09-439c-a463-081e07a62464" testId="954162af-ab17-e8a9-4ff5-8c9d29069f15" testName="xUnitTestProject.CurrencyHelperTests.FormatToStringTest1000(price: 16416.109736457518, expected: &quot;16416.11 zł&quot;)" computerName="DESKTOP-5URQ9PB" duration="00:00:00.0000039" startTime="2022-06-13T21:15:36.9706449+02:00" endTime="2022-06-13T21:15:36.9706450+02:00" testType="13cdc9d9-ddb5-4fa4-a97d-d965ccfc6d4b" outcome="Passed" testListId="8c84fa94-04c1-424b-9868-57a2d4851a1d" relativeResultsDirectory="3bdf19c7-3d09-439c-a463-081e07a62464" />
    <UnitTestResult executionId="788e7a65-d620-4e21-bf46-aec2ef4906bd" testId="ab2272df-129a-10d0-4d80-4c6fcfe702e8" testName="xUnitTestProject.CurrencyHelperTests.FormatToStringTest1000(price: 24695.917440203913, expected: &quot;24695.92 zł&quot;)" computerName="DESKTOP-5URQ9PB" duration="00:00:00.0000039" startTime="2022-06-13T21:15:36.8935820+02:00" endTime="2022-06-13T21:15:36.8935821+02:00" testType="13cdc9d9-ddb5-4fa4-a97d-d965ccfc6d4b" outcome="Passed" testListId="8c84fa94-04c1-424b-9868-57a2d4851a1d" relativeResultsDirectory="788e7a65-d620-4e21-bf46-aec2ef4906bd" />
    <UnitTestResult executionId="e0292409-8546-450b-bba0-a5352d8de5b5" testId="0c407008-912c-f5cf-415d-950e444e81e2" testName="xUnitTestProject.CurrencyHelperTests.FormatToStringTest1000(price: 58111.21259843521, expected: &quot;58111.21 zł&quot;)" computerName="DESKTOP-5URQ9PB" duration="00:00:00.0000039" startTime="2022-06-13T21:15:36.9002909+02:00" endTime="2022-06-13T21:15:36.9002911+02:00" testType="13cdc9d9-ddb5-4fa4-a97d-d965ccfc6d4b" outcome="Passed" testListId="8c84fa94-04c1-424b-9868-57a2d4851a1d" relativeResultsDirectory="e0292409-8546-450b-bba0-a5352d8de5b5" />
    <UnitTestResult executionId="1948a289-4829-4af7-a142-3886b1dad84f" testId="3a8cda37-b7cc-323f-afa4-03303dd2ce88" testName="xUnitTestProject.CurrencyHelperTests.FormatToStringTest1000(price: 134.1514758393874, expected: &quot;134.15 zł&quot;)" computerName="DESKTOP-5URQ9PB" duration="00:00:00.0000056" startTime="2022-06-13T21:15:36.9548625+02:00" endTime="2022-06-13T21:15:36.9548627+02:00" testType="13cdc9d9-ddb5-4fa4-a97d-d965ccfc6d4b" outcome="Passed" testListId="8c84fa94-04c1-424b-9868-57a2d4851a1d" relativeResultsDirectory="1948a289-4829-4af7-a142-3886b1dad84f" />
    <UnitTestResult executionId="4baf5146-2451-49a8-961c-f6887b7ff6e9" testId="c0622c05-a365-df5b-d83a-27dce2d844ee" testName="xUnitTestProject.CurrencyHelperTests.FormatToStringTest1000(price: 23980.12943509646, expected: &quot;23980.13 zł&quot;)" computerName="DESKTOP-5URQ9PB" duration="00:00:00.0000056" startTime="2022-06-13T21:15:36.9401329+02:00" endTime="2022-06-13T21:15:36.9401331+02:00" testType="13cdc9d9-ddb5-4fa4-a97d-d965ccfc6d4b" outcome="Passed" testListId="8c84fa94-04c1-424b-9868-57a2d4851a1d" relativeResultsDirectory="4baf5146-2451-49a8-961c-f6887b7ff6e9" />
    <UnitTestResult executionId="bde272df-b03a-428d-856b-e2cb803e84bb" testId="1ff2656a-0300-1f06-36b0-2fc677b4ea69" testName="xUnitTestProject.CurrencyHelperTests.FormatToStringTest1000(price: 12831.146874380833, expected: &quot;12831.15 zł&quot;)" computerName="DESKTOP-5URQ9PB" duration="00:00:00.0000108" startTime="2022-06-13T21:15:36.9225762+02:00" endTime="2022-06-13T21:15:36.9225763+02:00" testType="13cdc9d9-ddb5-4fa4-a97d-d965ccfc6d4b" outcome="Passed" testListId="8c84fa94-04c1-424b-9868-57a2d4851a1d" relativeResultsDirectory="bde272df-b03a-428d-856b-e2cb803e84bb" />
    <UnitTestResult executionId="f68c92b7-0d34-461b-9e49-2a1239efea76" testId="799374f9-c088-e602-bce1-d22bf769b783" testName="xUnitTestProject.CurrencyHelperTests.FormatToStringTest1000(price: 16511.26921423537, expected: &quot;16511.27 zł&quot;)" computerName="DESKTOP-5URQ9PB" duration="00:00:00.0000056" startTime="2022-06-13T21:15:36.9597874+02:00" endTime="2022-06-13T21:15:36.9597876+02:00" testType="13cdc9d9-ddb5-4fa4-a97d-d965ccfc6d4b" outcome="Passed" testListId="8c84fa94-04c1-424b-9868-57a2d4851a1d" relativeResultsDirectory="f68c92b7-0d34-461b-9e49-2a1239efea76" />
    <UnitTestResult executionId="043e5c8c-18b1-43b0-b737-b95b200d9a6b" testId="584d2955-8662-50b8-9c7a-cb8a910d527d" testName="xUnitTestProject.CurrencyHelperTests.FormatToStringTest1000(price: 12202.860111308684, expected: &quot;12202.86 zł&quot;)" computerName="DESKTOP-5URQ9PB" duration="00:00:00.0000041" startTime="2022-06-13T21:15:36.9898718+02:00" endTime="2022-06-13T21:15:36.9898720+02:00" testType="13cdc9d9-ddb5-4fa4-a97d-d965ccfc6d4b" outcome="Passed" testListId="8c84fa94-04c1-424b-9868-57a2d4851a1d" relativeResultsDirectory="043e5c8c-18b1-43b0-b737-b95b200d9a6b" />
    <UnitTestResult executionId="7f039c3d-49c3-4605-95d3-1ced28200efb" testId="83d0208c-cef3-bd49-264a-c0709c65e66e" testName="xUnitTestProject.CurrencyHelperTests.FormatToStringTest1000(price: 6958.393354767186, expected: &quot;6958.39 zł&quot;)" computerName="DESKTOP-5URQ9PB" duration="00:00:00.0000039" startTime="2022-06-13T21:15:36.9800643+02:00" endTime="2022-06-13T21:15:36.9800645+02:00" testType="13cdc9d9-ddb5-4fa4-a97d-d965ccfc6d4b" outcome="Passed" testListId="8c84fa94-04c1-424b-9868-57a2d4851a1d" relativeResultsDirectory="7f039c3d-49c3-4605-95d3-1ced28200efb" />
    <UnitTestResult executionId="aadd6eba-81d5-4fcd-a24e-428429b03cb9" testId="ec976d73-69f5-3cb8-c94a-fac6ea1343ca" testName="xUnitTestProject.CurrencyHelperTests.FormatToStringTest1000(price: 1649.0127968480872, expected: &quot;1649.01 zł&quot;)" computerName="DESKTOP-5URQ9PB" duration="00:00:00.0000056" startTime="2022-06-13T21:15:36.9518840+02:00" endTime="2022-06-13T21:15:36.9518842+02:00" testType="13cdc9d9-ddb5-4fa4-a97d-d965ccfc6d4b" outcome="Passed" testListId="8c84fa94-04c1-424b-9868-57a2d4851a1d" relativeResultsDirectory="aadd6eba-81d5-4fcd-a24e-428429b03cb9" />
    <UnitTestResult executionId="e6aecb30-2c50-48c6-a64c-3e216260cada" testId="f34d9844-3970-87ba-1a6d-f7c3b662af09" testName="xUnitTestProject.CurrencyHelperTests.FormatToStringTest1000(price: 10227.532692039169, expected: &quot;10227.53 zł&quot;)" computerName="DESKTOP-5URQ9PB" duration="00:00:00.0000038" startTime="2022-06-13T21:15:36.9076379+02:00" endTime="2022-06-13T21:15:36.9076381+02:00" testType="13cdc9d9-ddb5-4fa4-a97d-d965ccfc6d4b" outcome="Passed" testListId="8c84fa94-04c1-424b-9868-57a2d4851a1d" relativeResultsDirectory="e6aecb30-2c50-48c6-a64c-3e216260cada" />
    <UnitTestResult executionId="bdb4ba07-b4a7-40c3-a159-4833599f05a5" testId="a711a8fd-55fb-fc36-f795-72cedac95d24" testName="xUnitTestProject.CurrencyHelperTests.FormatToStringTest1000(price: 18032.4720825476, expected: &quot;18032.47 zł&quot;)" computerName="DESKTOP-5URQ9PB" duration="00:00:00.0000046" startTime="2022-06-13T21:15:36.9937703+02:00" endTime="2022-06-13T21:15:36.9937707+02:00" testType="13cdc9d9-ddb5-4fa4-a97d-d965ccfc6d4b" outcome="Passed" testListId="8c84fa94-04c1-424b-9868-57a2d4851a1d" relativeResultsDirectory="bdb4ba07-b4a7-40c3-a159-4833599f05a5" />
    <UnitTestResult executionId="e2af023b-209b-4e24-980d-a048135858bb" testId="0fab285a-bfbc-a49a-b095-2b979efe33e8" testName="xUnitTestProject.CurrencyHelperTests.FormatToStringTest1000(price: 8582.709131852587, expected: &quot;8582.71 zł&quot;)" computerName="DESKTOP-5URQ9PB" duration="00:00:00.0000039" startTime="2022-06-13T21:15:36.8948126+02:00" endTime="2022-06-13T21:15:36.8948128+02:00" testType="13cdc9d9-ddb5-4fa4-a97d-d965ccfc6d4b" outcome="Passed" testListId="8c84fa94-04c1-424b-9868-57a2d4851a1d" relativeResultsDirectory="e2af023b-209b-4e24-980d-a048135858bb" />
    <UnitTestResult executionId="be36a704-7d01-47cf-9859-4763b72bfb8b" testId="c25f3e77-3d72-0513-001e-286d17e294f3" testName="xUnitTestProject.CurrencyHelperTests.FormatToStringTest1000(price: 3270.482477338743, expected: &quot;3270.48 zł&quot;)" computerName="DESKTOP-5URQ9PB" duration="00:00:00.0000056" startTime="2022-06-13T21:15:36.9538884+02:00" endTime="2022-06-13T21:15:36.9538886+02:00" testType="13cdc9d9-ddb5-4fa4-a97d-d965ccfc6d4b" outcome="Passed" testListId="8c84fa94-04c1-424b-9868-57a2d4851a1d" relativeResultsDirectory="be36a704-7d01-47cf-9859-4763b72bfb8b" />
    <UnitTestResult executionId="3add2e0d-00b7-44e1-ae28-0fb791f461a9" testId="a80246d5-ddf8-7929-99a4-5139184114ef" testName="xUnitTestProject.CurrencyHelperTests.FormatToStringTest1000(price: 68174.53068551492, expected: &quot;68174.53 zł&quot;)" computerName="DESKTOP-5URQ9PB" duration="00:00:00.0000040" startTime="2022-06-13T21:15:36.8957502+02:00" endTime="2022-06-13T21:15:36.8957504+02:00" testType="13cdc9d9-ddb5-4fa4-a97d-d965ccfc6d4b" outcome="Passed" testListId="8c84fa94-04c1-424b-9868-57a2d4851a1d" relativeResultsDirectory="3add2e0d-00b7-44e1-ae28-0fb791f461a9" />
    <UnitTestResult executionId="6373467f-565f-4693-8456-34e6021cfd50" testId="c6561a8d-8639-fb30-9500-15f8be316902" testName="xUnitTestProject.CurrencyHelperTests.FormatToStringTest1000(price: 50009.23881716898, expected: &quot;50009.24 zł&quot;)" computerName="DESKTOP-5URQ9PB" duration="00:00:00.0000039" startTime="2022-06-13T21:15:36.9148717+02:00" endTime="2022-06-13T21:15:36.9148718+02:00" testType="13cdc9d9-ddb5-4fa4-a97d-d965ccfc6d4b" outcome="Passed" testListId="8c84fa94-04c1-424b-9868-57a2d4851a1d" relativeResultsDirectory="6373467f-565f-4693-8456-34e6021cfd50" />
    <UnitTestResult executionId="bee86665-1096-4756-ab74-37bad05fa3eb" testId="f58711de-d6a1-25df-941a-d7a477d8bf41" testName="xUnitTestProject.CurrencyHelperTests.FormatToStringTest1000(price: 45603.90324273142, expected: &quot;45603.90 zł&quot;)" computerName="DESKTOP-5URQ9PB" duration="00:00:00.0000039" startTime="2022-06-13T21:15:36.9829323+02:00" endTime="2022-06-13T21:15:36.9829326+02:00" testType="13cdc9d9-ddb5-4fa4-a97d-d965ccfc6d4b" outcome="Passed" testListId="8c84fa94-04c1-424b-9868-57a2d4851a1d" relativeResultsDirectory="bee86665-1096-4756-ab74-37bad05fa3eb" />
    <UnitTestResult executionId="59355fb9-f8c5-4ffe-b58e-52403bc1269a" testId="6c2df068-e073-781f-ed58-d73445937e1f" testName="xUnitTestProject.CurrencyHelperTests.FormatToStringTest1000(price: 26843.15785584932, expected: &quot;26843.16 zł&quot;)" computerName="DESKTOP-5URQ9PB" duration="00:00:00.0000066" startTime="2022-06-13T21:15:36.9646244+02:00" endTime="2022-06-13T21:15:36.9646245+02:00" testType="13cdc9d9-ddb5-4fa4-a97d-d965ccfc6d4b" outcome="Passed" testListId="8c84fa94-04c1-424b-9868-57a2d4851a1d" relativeResultsDirectory="59355fb9-f8c5-4ffe-b58e-52403bc1269a" />
    <UnitTestResult executionId="70c208cc-8892-4b7d-b7de-fe657dd41c1f" testId="73d2aaa8-ac83-ede5-fed4-5dcf1194783f" testName="xUnitTestProject.CurrencyHelperTests.FormatToStringTest1000(price: 12283.48626129026, expected: &quot;12283.49 zł&quot;)" computerName="DESKTOP-5URQ9PB" duration="00:00:00.0000059" startTime="2022-06-13T21:15:36.9568192+02:00" endTime="2022-06-13T21:15:36.9568193+02:00" testType="13cdc9d9-ddb5-4fa4-a97d-d965ccfc6d4b" outcome="Passed" testListId="8c84fa94-04c1-424b-9868-57a2d4851a1d" relativeResultsDirectory="70c208cc-8892-4b7d-b7de-fe657dd41c1f" />
    <UnitTestResult executionId="b4645a67-87ba-451f-b14f-9d0cbb06a797" testId="c5891e20-1607-2f4b-ec62-b83eb87653c6" testName="xUnitTestProject.CurrencyHelperTests.FormatToStringTest1000(price: 32812.53695512634, expected: &quot;32812.54 zł&quot;)" computerName="DESKTOP-5URQ9PB" duration="00:00:00.0000038" startTime="2022-06-13T21:15:36.8991049+02:00" endTime="2022-06-13T21:15:36.8991051+02:00" testType="13cdc9d9-ddb5-4fa4-a97d-d965ccfc6d4b" outcome="Passed" testListId="8c84fa94-04c1-424b-9868-57a2d4851a1d" relativeResultsDirectory="b4645a67-87ba-451f-b14f-9d0cbb06a797" />
    <UnitTestResult executionId="62995c3b-454c-41d7-9d01-0e4963687dd8" testId="5554cc9d-410c-0a03-5c37-393e64fd2d26" testName="xUnitTestProject.CurrencyHelperTests.FormatToStringTest1000(price: 54088.326214851964, expected: &quot;54088.33 zł&quot;)" computerName="DESKTOP-5URQ9PB" duration="00:00:00.0000039" startTime="2022-06-13T21:15:36.9086238+02:00" endTime="2022-06-13T21:15:36.9086240+02:00" testType="13cdc9d9-ddb5-4fa4-a97d-d965ccfc6d4b" outcome="Passed" testListId="8c84fa94-04c1-424b-9868-57a2d4851a1d" relativeResultsDirectory="62995c3b-454c-41d7-9d01-0e4963687dd8" />
    <UnitTestResult executionId="4e3ec303-6af2-48d3-91e8-d11884f6fa96" testId="5ba87170-b4be-88ce-9658-2993ce18ab0a" testName="xUnitTestProject.CurrencyHelperTests.FormatToStringTest1000(price: 47575.6421269959, expected: &quot;47575.64 zł&quot;)" computerName="DESKTOP-5URQ9PB" duration="00:00:00.0000040" startTime="2022-06-13T21:15:36.8980853+02:00" endTime="2022-06-13T21:15:36.8980854+02:00" testType="13cdc9d9-ddb5-4fa4-a97d-d965ccfc6d4b" outcome="Passed" testListId="8c84fa94-04c1-424b-9868-57a2d4851a1d" relativeResultsDirectory="4e3ec303-6af2-48d3-91e8-d11884f6fa96" />
    <UnitTestResult executionId="b4aed5e3-e5a8-410e-9e65-c87d9df669f7" testId="27c9de3f-c624-ee93-069f-2072d9c30f0a" testName="xUnitTestProject.CurrencyHelperTests.FormatToStringTest1000(price: 1228.101744225296, expected: &quot;1228.10 zł&quot;)" computerName="DESKTOP-5URQ9PB" duration="00:00:00.0000039" startTime="2022-06-13T21:15:36.9975380+02:00" endTime="2022-06-13T21:15:36.9975384+02:00" testType="13cdc9d9-ddb5-4fa4-a97d-d965ccfc6d4b" outcome="Passed" testListId="8c84fa94-04c1-424b-9868-57a2d4851a1d" relativeResultsDirectory="b4aed5e3-e5a8-410e-9e65-c87d9df669f7" />
    <UnitTestResult executionId="2500a4d5-2bff-4805-9cd5-167953a5fa85" testId="e12861db-8cd0-3c0d-af0a-eb43dfba13d7" testName="xUnitTestProject.CurrencyHelperTests.FormatToStringTest1000(price: 20116.958341299072, expected: &quot;20116.96 zł&quot;)" computerName="DESKTOP-5URQ9PB" duration="00:00:00.0000116" startTime="2022-06-13T21:15:36.9234419+02:00" endTime="2022-06-13T21:15:36.9234421+02:00" testType="13cdc9d9-ddb5-4fa4-a97d-d965ccfc6d4b" outcome="Passed" testListId="8c84fa94-04c1-424b-9868-57a2d4851a1d" relativeResultsDirectory="2500a4d5-2bff-4805-9cd5-167953a5fa85" />
    <UnitTestResult executionId="d8c511c2-2d38-478e-af46-007079f24ad1" testId="ca756e2d-d5c0-6e03-1ab7-b2045c06d17b" testName="xUnitTestProject.CurrencyHelperTests.FormatToStringTest1000(price: 75514.58914517732, expected: &quot;75514.59 zł&quot;)" computerName="DESKTOP-5URQ9PB" duration="00:00:00.0000068" startTime="2022-06-13T21:15:36.9425421+02:00" endTime="2022-06-13T21:15:36.9425430+02:00" testType="13cdc9d9-ddb5-4fa4-a97d-d965ccfc6d4b" outcome="Passed" testListId="8c84fa94-04c1-424b-9868-57a2d4851a1d" relativeResultsDirectory="d8c511c2-2d38-478e-af46-007079f24ad1" />
    <UnitTestResult executionId="1949ba92-d421-4c34-988a-b07ed60c1bc0" testId="fe39f516-26c8-b34c-d7c3-8fcbe7da1ba2" testName="xUnitTestProject.CurrencyHelperTests.FormatToStringTest1000(price: 27893.312729890138, expected: &quot;27893.31 zł&quot;)" computerName="DESKTOP-5URQ9PB" duration="00:00:00.0000040" startTime="2022-06-13T21:15:36.9085273+02:00" endTime="2022-06-13T21:15:36.9085274+02:00" testType="13cdc9d9-ddb5-4fa4-a97d-d965ccfc6d4b" outcome="Passed" testListId="8c84fa94-04c1-424b-9868-57a2d4851a1d" relativeResultsDirectory="1949ba92-d421-4c34-988a-b07ed60c1bc0" />
    <UnitTestResult executionId="17cc9c79-b79f-4616-af61-ed4e7fedd0a7" testId="7fe2a8ad-3600-98d5-7117-12a9f9025c62" testName="xUnitTestProject.CurrencyHelperTests.FormatToStringTest1000(price: 46803.36433423374, expected: &quot;46803.36 zł&quot;)" computerName="DESKTOP-5URQ9PB" duration="00:00:00.0000040" startTime="2022-06-13T21:15:36.9195809+02:00" endTime="2022-06-13T21:15:36.9195811+02:00" testType="13cdc9d9-ddb5-4fa4-a97d-d965ccfc6d4b" outcome="Passed" testListId="8c84fa94-04c1-424b-9868-57a2d4851a1d" relativeResultsDirectory="17cc9c79-b79f-4616-af61-ed4e7fedd0a7" />
  </Results>
  <TestDefinitions>
    <UnitTest name="xUnitTestProject.CurrencyHelperTests.FormatToStringTest1000(price: 33970.38965150639, expected: &quot;33970.39 zł&quot;)" storage="c:\projekty\xunittestproject\bin\debug\netcoreapp3.1\xunittestproject.dll" id="1c4368b6-2172-3b52-0d12-0d33b2fcef8b">
      <Execution id="2a01d7e6-d960-482a-a874-3917ca3bd642" />
      <TestMethod codeBase="C:\Projekty\xUnitTestProject\bin\Debug\netcoreapp3.1\xUnitTestProject.dll" adapterTypeName="executor://xunit/VsTestRunner2/netcoreapp" className="xUnitTestProject.CurrencyHelperTests" name="FormatToStringTest1000" />
    </UnitTest>
    <UnitTest name="xUnitTestProject.CurrencyHelperTests.FormatToStringTest1000(price: 73372.53853826903, expected: &quot;73372.54 zł&quot;)" storage="c:\projekty\xunittestproject\bin\debug\netcoreapp3.1\xunittestproject.dll" id="5b7cf016-7948-5d44-c172-ab04f16e1bd2">
      <Execution id="cad164d9-c7b0-49b6-ab4f-d9e50d12b651" />
      <TestMethod codeBase="C:\Projekty\xUnitTestProject\bin\Debug\netcoreapp3.1\xUnitTestProject.dll" adapterTypeName="executor://xunit/VsTestRunner2/netcoreapp" className="xUnitTestProject.CurrencyHelperTests" name="FormatToStringTest1000" />
    </UnitTest>
    <UnitTest name="xUnitTestProject.CurrencyHelperTests.FormatToStringTest1000(price: 35905.47425787219, expected: &quot;35905.47 zł&quot;)" storage="c:\projekty\xunittestproject\bin\debug\netcoreapp3.1\xunittestproject.dll" id="f3b15f6b-f00d-4e6c-f3c3-26bd7741dc5d">
      <Execution id="46de97dd-f9df-42e2-a694-eb535ff81799" />
      <TestMethod codeBase="C:\Projekty\xUnitTestProject\bin\Debug\netcoreapp3.1\xUnitTestProject.dll" adapterTypeName="executor://xunit/VsTestRunner2/netcoreapp" className="xUnitTestProject.CurrencyHelperTests" name="FormatToStringTest1000" />
    </UnitTest>
    <UnitTest name="xUnitTestProject.CurrencyHelperTests.FormatToStringTest1000(price: 22678.643495744862, expected: &quot;22678.64 zł&quot;)" storage="c:\projekty\xunittestproject\bin\debug\netcoreapp3.1\xunittestproject.dll" id="302cac3a-acd8-63e7-21fb-e5689524a492">
      <Execution id="af820450-99d2-4253-b8d2-4423bdc41d7b" />
      <TestMethod codeBase="C:\Projekty\xUnitTestProject\bin\Debug\netcoreapp3.1\xUnitTestProject.dll" adapterTypeName="executor://xunit/VsTestRunner2/netcoreapp" className="xUnitTestProject.CurrencyHelperTests" name="FormatToStringTest1000" />
    </UnitTest>
    <UnitTest name="xUnitTestProject.CurrencyHelperTests.FormatToStringTest1000(price: 17031.365705376662, expected: &quot;17031.37 zł&quot;)" storage="c:\projekty\xunittestproject\bin\debug\netcoreapp3.1\xunittestproject.dll" id="54bc6f9e-1b35-cac3-f6ab-e594cab0fa7a">
      <Execution id="e88c5b50-3fa8-47c7-8d31-c600acec34d4" />
      <TestMethod codeBase="C:\Projekty\xUnitTestProject\bin\Debug\netcoreapp3.1\xUnitTestProject.dll" adapterTypeName="executor://xunit/VsTestRunner2/netcoreapp" className="xUnitTestProject.CurrencyHelperTests" name="FormatToStringTest1000" />
    </UnitTest>
    <UnitTest name="xUnitTestProject.CurrencyHelperTests.FormatToStringTest1000(price: 8514.837538072763, expected: &quot;8514.84 zł&quot;)" storage="c:\projekty\xunittestproject\bin\debug\netcoreapp3.1\xunittestproject.dll" id="da0fbf47-7a8c-b3ea-d30a-c0e3a737ca5d">
      <Execution id="00771bd1-6d8c-4a1c-9f26-f5437d9b1d50" />
      <TestMethod codeBase="C:\Projekty\xUnitTestProject\bin\Debug\netcoreapp3.1\xUnitTestProject.dll" adapterTypeName="executor://xunit/VsTestRunner2/netcoreapp" className="xUnitTestProject.CurrencyHelperTests" name="FormatToStringTest1000" />
    </UnitTest>
    <UnitTest name="xUnitTestProject.CurrencyHelperTests.FormatToStringTest1000(price: 78519.41691976106, expected: &quot;78519.42 zł&quot;)" storage="c:\projekty\xunittestproject\bin\debug\netcoreapp3.1\xunittestproject.dll" id="ab648c32-5363-622c-e305-880f5c60d7ae">
      <Execution id="071c71d1-f6f7-4cd4-8a09-5004bb847772" />
      <TestMethod codeBase="C:\Projekty\xUnitTestProject\bin\Debug\netcoreapp3.1\xUnitTestProject.dll" adapterTypeName="executor://xunit/VsTestRunner2/netcoreapp" className="xUnitTestProject.CurrencyHelperTests" name="FormatToStringTest1000" />
    </UnitTest>
    <UnitTest name="xUnitTestProject.CurrencyHelperTests.FormatToStringTest1000(price: 55457.96873490278, expected: &quot;55457.97 zł&quot;)" storage="c:\projekty\xunittestproject\bin\debug\netcoreapp3.1\xunittestproject.dll" id="adafe729-87a5-6f47-8e2f-84195056d442">
      <Execution id="eb601577-b630-4903-8b58-bbd57e4e2e23" />
      <TestMethod codeBase="C:\Projekty\xUnitTestProject\bin\Debug\netcoreapp3.1\xUnitTestProject.dll" adapterTypeName="executor://xunit/VsTestRunner2/netcoreapp" className="xUnitTestProject.CurrencyHelperTests" name="FormatToStringTest1000" />
    </UnitTest>
    <UnitTest name="xUnitTestProject.CurrencyHelperTests.FormatToStringTest1000(price: 4525.609305084501, expected: &quot;4525.61 zł&quot;)" storage="c:\projekty\xunittestproject\bin\debug\netcoreapp3.1\xunittestproject.dll" id="2a1ae3da-2a49-9688-92eb-6a1bc6d0cf01">
      <Execution id="a2a25b5a-0fb9-41fb-9dd3-89970a21a29a" />
      <TestMethod codeBase="C:\Projekty\xUnitTestProject\bin\Debug\netcoreapp3.1\xUnitTestProject.dll" adapterTypeName="executor://xunit/VsTestRunner2/netcoreapp" className="xUnitTestProject.CurrencyHelperTests" name="FormatToStringTest1000" />
    </UnitTest>
    <UnitTest name="xUnitTestProject.CurrencyHelperTests.FormatToStringTest1000(price: 5957.42161879941, expected: &quot;5957.42 zł&quot;)" storage="c:\projekty\xunittestproject\bin\debug\netcoreapp3.1\xunittestproject.dll" id="38b02068-987c-3dd3-28cd-9a07df85e95b">
      <Execution id="ccdb7651-57d5-42b6-9be7-dba2516bae96" />
      <TestMethod codeBase="C:\Projekty\xUnitTestProject\bin\Debug\netcoreapp3.1\xUnitTestProject.dll" adapterTypeName="executor://xunit/VsTestRunner2/netcoreapp" className="xUnitTestProject.CurrencyHelperTests" name="FormatToStringTest1000" />
    </UnitTest>
    <UnitTest name="xUnitTestProject.CurrencyHelperTests.FormatToStringTest1000(price: 37614.50159416278, expected: &quot;37614.50 zł&quot;)" storage="c:\projekty\xunittestproject\bin\debug\netcoreapp3.1\xunittestproject.dll" id="5b76fee7-881d-69f4-bb6e-50523ab527c9">
      <Execution id="8d92c991-a7e9-47ea-8285-4722fcf45443" />
      <TestMethod codeBase="C:\Projekty\xUnitTestProject\bin\Debug\netcoreapp3.1\xUnitTestProject.dll" adapterTypeName="executor://xunit/VsTestRunner2/netcoreapp" className="xUnitTestProject.CurrencyHelperTests" name="FormatToStringTest1000" />
    </UnitTest>
    <UnitTest name="xUnitTestProject.CurrencyHelperTests.FormatToStringTest1000(price: 28455.229970996843, expected: &quot;28455.23 zł&quot;)" storage="c:\projekty\xunittestproject\bin\debug\netcoreapp3.1\xunittestproject.dll" id="cd41d103-9666-3d37-803b-9b59446c01c4">
      <Execution id="0d4a60cd-6f79-4066-a508-465159cda91b" />
      <TestMethod codeBase="C:\Projekty\xUnitTestProject\bin\Debug\netcoreapp3.1\xUnitTestProject.dll" adapterTypeName="executor://xunit/VsTestRunner2/netcoreapp" className="xUnitTestProject.CurrencyHelperTests" name="FormatToStringTest1000" />
    </UnitTest>
    <UnitTest name="xUnitTestProject.CurrencyHelperTests.FormatToStringTest1000(price: 44499.288016808816, expected: &quot;44499.29 zł&quot;)" storage="c:\projekty\xunittestproject\bin\debug\netcoreapp3.1\xunittestproject.dll" id="0eee54e7-397f-944e-60ad-576b256307cf">
      <Execution id="0aafaab2-be91-4220-8bc9-7f02a31e282a" />
      <TestMethod codeBase="C:\Projekty\xUnitTestProject\bin\Debug\netcoreapp3.1\xUnitTestProject.dll" adapterTypeName="executor://xunit/VsTestRunner2/netcoreapp" className="xUnitTestProject.CurrencyHelperTests" name="FormatToStringTest1000" />
    </UnitTest>
    <UnitTest name="xUnitTestProject.CurrencyHelperTests.FormatToStringTest1000(price: 2292.8331871111104, expected: &quot;2292.83 zł&quot;)" storage="c:\projekty\xunittestproject\bin\debug\netcoreapp3.1\xunittestproject.dll" id="a90d1942-15f1-e50c-e63d-254e34e99bf5">
      <Execution id="288f7947-507c-41a5-b7c9-bc560bace86b" />
      <TestMethod codeBase="C:\Projekty\xUnitTestProject\bin\Debug\netcoreapp3.1\xUnitTestProject.dll" adapterTypeName="executor://xunit/VsTestRunner2/netcoreapp" className="xUnitTestProject.CurrencyHelperTests" name="FormatToStringTest1000" />
    </UnitTest>
    <UnitTest name="xUnitTestProject.CurrencyHelperTests.FormatToStringTest1000(price: 6676.5680544784145, expected: &quot;6676.57 zł&quot;)" storage="c:\projekty\xunittestproject\bin\debug\netcoreapp3.1\xunittestproject.dll" id="31700bf4-6510-c80b-a8c1-214e5c472432">
      <Execution id="f57bc78d-c1ad-4a25-91bd-8a22ae45beeb" />
      <TestMethod codeBase="C:\Projekty\xUnitTestProject\bin\Debug\netcoreapp3.1\xUnitTestProject.dll" adapterTypeName="executor://xunit/VsTestRunner2/netcoreapp" className="xUnitTestProject.CurrencyHelperTests" name="FormatToStringTest1000" />
    </UnitTest>
    <UnitTest name="xUnitTestProject.CurrencyHelperTests.FormatToStringTest1000(price: 26015.8311952552, expected: &quot;26015.83 zł&quot;)" storage="c:\projekty\xunittestproject\bin\debug\netcoreapp3.1\xunittestproject.dll" id="4fc181f0-ada2-9ab6-d52d-1988c5ebde7a">
      <Execution id="7e7bfc1f-7bef-4847-a2af-6740d2a88bf9" />
      <TestMethod codeBase="C:\Projekty\xUnitTestProject\bin\Debug\netcoreapp3.1\xUnitTestProject.dll" adapterTypeName="executor://xunit/VsTestRunner2/netcoreapp" className="xUnitTestProject.CurrencyHelperTests" name="FormatToStringTest1000" />
    </UnitTest>
    <UnitTest name="xUnitTestProject.CurrencyHelperTests.FormatToStringTest1000(price: 16388.556189478633, expected: &quot;16388.56 zł&quot;)" storage="c:\projekty\xunittestproject\bin\debug\netcoreapp3.1\xunittestproject.dll" id="dbe8f5eb-581b-1146-9a97-1f79fbc0650a">
      <Execution id="7af07732-6034-452e-a3a3-d75ed4740688" />
      <TestMethod codeBase="C:\Projekty\xUnitTestProject\bin\Debug\netcoreapp3.1\xUnitTestProject.dll" adapterTypeName="executor://xunit/VsTestRunner2/netcoreapp" className="xUnitTestProject.CurrencyHelperTests" name="FormatToStringTest1000" />
    </UnitTest>
    <UnitTest name="xUnitTestProject.CurrencyHelperTests.FormatToStringTest1000(price: 20640.678251201603, expected: &quot;20640.68 zł&quot;)" storage="c:\projekty\xunittestproject\bin\debug\netcoreapp3.1\xunittestproject.dll" id="244b13a7-ff72-5a50-f054-4ff8ceb0d499">
      <Execution id="c9f06651-ace8-4f70-b7b5-191bcc0304b3" />
      <TestMethod codeBase="C:\Projekty\xUnitTestProject\bin\Debug\netcoreapp3.1\xUnitTestProject.dll" adapterTypeName="executor://xunit/VsTestRunner2/netcoreapp" className="xUnitTestProject.CurrencyHelperTests" name="FormatToStringTest1000" />
    </UnitTest>
    <UnitTest name="xUnitTestProject.CurrencyHelperTests.FormatToStringTest1000(price: 3270.482477338743, expected: &quot;3270.48 zł&quot;)" storage="c:\projekty\xunittestproject\bin\debug\netcoreapp3.1\xunittestproject.dll" id="c25f3e77-3d72-0513-001e-286d17e294f3">
      <Execution id="be36a704-7d01-47cf-9859-4763b72bfb8b" />
      <TestMethod codeBase="C:\Projekty\xUnitTestProject\bin\Debug\netcoreapp3.1\xUnitTestProject.dll" adapterTypeName="executor://xunit/VsTestRunner2/netcoreapp" className="xUnitTestProject.CurrencyHelperTests" name="FormatToStringTest1000" />
    </UnitTest>
    <UnitTest name="xUnitTestProject.CurrencyHelperTests.FormatToStringTest1000(price: 30383.303633991305, expected: &quot;30383.30 zł&quot;)" storage="c:\projekty\xunittestproject\bin\debug\netcoreapp3.1\xunittestproject.dll" id="324dfaf0-1df1-16d9-feec-f79f54001411">
      <Execution id="64ed16bb-719e-492f-af09-1a3e355a1731" />
      <TestMethod codeBase="C:\Projekty\xUnitTestProject\bin\Debug\netcoreapp3.1\xUnitTestProject.dll" adapterTypeName="executor://xunit/VsTestRunner2/netcoreapp" className="xUnitTestProject.CurrencyHelperTests" name="FormatToStringTest1000" />
    </UnitTest>
    <UnitTest name="xUnitTestProject.CurrencyHelperTests.FormatToStringTest1000(price: 16416.109736457518, expected: &quot;16416.11 zł&quot;)" storage="c:\projekty\xunittestproject\bin\debug\netcoreapp3.1\xunittestproject.dll" id="954162af-ab17-e8a9-4ff5-8c9d29069f15">
      <Execution id="3bdf19c7-3d09-439c-a463-081e07a62464" />
      <TestMethod codeBase="C:\Projekty\xUnitTestProject\bin\Debug\netcoreapp3.1\xUnitTestProject.dll" adapterTypeName="executor://xunit/VsTestRunner2/netcoreapp" className="xUnitTestProject.CurrencyHelperTests" name="FormatToStringTest1000" />
    </UnitTest>
    <UnitTest name="xUnitTestProject.CurrencyHelperTests.FormatToStringTest1000(price: 19933.78650940945, expected: &quot;19933.79 zł&quot;)" storage="c:\projekty\xunittestproject\bin\debug\netcoreapp3.1\xunittestproject.dll" id="b8c9a81a-11ec-9afa-2e32-5c4408d66f0a">
      <Execution id="3b9f95c6-23a4-4142-9aa9-9ae3cadededf" />
      <TestMethod codeBase="C:\Projekty\xUnitTestProject\bin\Debug\netcoreapp3.1\xUnitTestProject.dll" adapterTypeName="executor://xunit/VsTestRunner2/netcoreapp" className="xUnitTestProject.CurrencyHelperTests" name="FormatToStringTest1000" />
    </UnitTest>
    <UnitTest name="xUnitTestProject.CurrencyHelperTests.FormatToStringTest1000(price: 45299.778512198376, expected: &quot;45299.78 zł&quot;)" storage="c:\projekty\xunittestproject\bin\debug\netcoreapp3.1\xunittestproject.dll" id="ada84f96-628a-be69-4c85-60683def0842">
      <Execution id="b19b1e5c-7880-48e8-b7cd-f465a13df073" />
      <TestMethod codeBase="C:\Projekty\xUnitTestProject\bin\Debug\netcoreapp3.1\xUnitTestProject.dll" adapterTypeName="executor://xunit/VsTestRunner2/netcoreapp" className="xUnitTestProject.CurrencyHelperTests" name="FormatToStringTest1000" />
    </UnitTest>
    <UnitTest name="xUnitTestProject.CurrencyHelperTests.FormatToStringTest1000(price: 1328.353302088265, expected: &quot;1328.35 zł&quot;)" storage="c:\projekty\xunittestproject\bin\debug\netcoreapp3.1\xunittestproject.dll" id="015022db-d96e-2b60-5477-1c6f1fa9a487">
      <Execution id="2ee7f574-7c57-4c0a-8516-011ce5807d97" />
      <TestMethod codeBase="C:\Projekty\xUnitTestProject\bin\Debug\netcoreapp3.1\xUnitTestProject.dll" adapterTypeName="executor://xunit/VsTestRunner2/netcoreapp" className="xUnitTestProject.CurrencyHelperTests" name="FormatToStringTest1000" />
    </UnitTest>
    <UnitTest name="xUnitTestProject.CurrencyHelperTests.FormatToStringTest1000(price: 23684.695462791573, expected: &quot;23684.70 zł&quot;)" storage="c:\projekty\xunittestproject\bin\debug\netcoreapp3.1\xunittestproject.dll" id="23aaa466-cf05-d364-17da-f1d2a5004cf2">
      <Execution id="403996ce-ab42-411b-958c-7690bc78b099" />
      <TestMethod codeBase="C:\Projekty\xUnitTestProject\bin\Debug\netcoreapp3.1\xUnitTestProject.dll" adapterTypeName="executor://xunit/VsTestRunner2/netcoreapp" className="xUnitTestProject.CurrencyHelperTests" name="FormatToStringTest1000" />
    </UnitTest>
    <UnitTest name="xUnitTestProject.CurrencyHelperTests.FormatToStringTest1000(price: 30722.846572104303, expected: &quot;30722.85 zł&quot;)" storage="c:\projekty\xunittestproject\bin\debug\netcoreapp3.1\xunittestproject.dll" id="c24ecee8-9b5d-eb63-8afc-f2b0a38b7a72">
      <Execution id="33cf91d0-67e8-450f-878e-9b08a7d5e7bb" />
      <TestMethod codeBase="C:\Projekty\xUnitTestProject\bin\Debug\netcoreapp3.1\xUnitTestProject.dll" adapterTypeName="executor://xunit/VsTestRunner2/netcoreapp" className="xUnitTestProject.CurrencyHelperTests" name="FormatToStringTest1000" />
    </UnitTest>
    <UnitTest name="xUnitTestProject.CurrencyHelperTests.FormatToStringTest1000(price: 22330.217605518745, expected: &quot;22330.22 zł&quot;)" storage="c:\projekty\xunittestproject\bin\debug\netcoreapp3.1\xunittestproject.dll" id="1dbf06ec-4cde-4ef3-de39-b5efb671422f">
      <Execution id="4388dd5d-7941-4945-8b01-34571d1dee31" />
      <TestMethod codeBase="C:\Projekty\xUnitTestProject\bin\Debug\netcoreapp3.1\xUnitTestProject.dll" adapterTypeName="executor://xunit/VsTestRunner2/netcoreapp" className="xUnitTestProject.CurrencyHelperTests" name="FormatToStringTest1000" />
    </UnitTest>
    <UnitTest name="xUnitTestProject.CurrencyHelperTests.FormatToStringTest1000(price: 59247.898931587064, expected: &quot;59247.90 zł&quot;)" storage="c:\projekty\xunittestproject\bin\debug\netcoreapp3.1\xunittestproject.dll" id="731a3faa-831a-30a7-eac4-75c26e15a8d7">
      <Execution id="730191d9-71a3-4682-80dc-d98edb597f30" />
      <TestMethod codeBase="C:\Projekty\xUnitTestProject\bin\Debug\netcoreapp3.1\xUnitTestProject.dll" adapterTypeName="executor://xunit/VsTestRunner2/netcoreapp" className="xUnitTestProject.CurrencyHelperTests" name="FormatToStringTest1000" />
    </UnitTest>
    <UnitTest name="xUnitTestProject.CurrencyHelperTests.FormatToStringTest1000(price: 10762.501695533518, expected: &quot;10762.50 zł&quot;)" storage="c:\projekty\xunittestproject\bin\debug\netcoreapp3.1\xunittestproject.dll" id="632872cf-9e7c-9970-9f88-5a4077b29ff5">
      <Execution id="3571f6b2-6e58-4ebf-8269-471bb79b5bc5" />
      <TestMethod codeBase="C:\Projekty\xUnitTestProject\bin\Debug\netcoreapp3.1\xUnitTestProject.dll" adapterTypeName="executor://xunit/VsTestRunner2/netcoreapp" className="xUnitTestProject.CurrencyHelperTests" name="FormatToStringTest1000" />
    </UnitTest>
    <UnitTest name="xUnitTestProject.CurrencyHelperTests.FormatToStringTest1000(price: 29678.921519093645, expected: &quot;29678.92 zł&quot;)" storage="c:\projekty\xunittestproject\bin\debug\netcoreapp3.1\xunittestproject.dll" id="f6807856-920c-b4f6-bd05-450a0bb2d3bd">
      <Execution id="1a01992d-a1e7-43c9-b893-b81a36d43409" />
      <TestMethod codeBase="C:\Projekty\xUnitTestProject\bin\Debug\netcoreapp3.1\xUnitTestProject.dll" adapterTypeName="executor://xunit/VsTestRunner2/netcoreapp" className="xUnitTestProject.CurrencyHelperTests" name="FormatToStringTest1000" />
    </UnitTest>
    <UnitTest name="xUnitTestProject.CurrencyHelperTests.FormatToStringTest1000(price: 17835.54606576988, expected: &quot;17835.55 zł&quot;)" storage="c:\projekty\xunittestproject\bin\debug\netcoreapp3.1\xunittestproject.dll" id="40049265-1e97-9ed6-58fa-5d084054c7cc">
      <Execution id="411cd1bf-d86e-46d7-aadf-3216c827f744" />
      <TestMethod codeBase="C:\Projekty\xUnitTestProject\bin\Debug\netcoreapp3.1\xUnitTestProject.dll" adapterTypeName="executor://xunit/VsTestRunner2/netcoreapp" className="xUnitTestProject.CurrencyHelperTests" name="FormatToStringTest1000" />
    </UnitTest>
    <UnitTest name="xUnitTestProject.CurrencyHelperTests.FormatToStringTest1000(price: 7119.076353227755, expected: &quot;7119.08 zł&quot;)" storage="c:\projekty\xunittestproject\bin\debug\netcoreapp3.1\xunittestproject.dll" id="bcd74692-fcc7-2c4c-b52b-85aae8ab43ad">
      <Execution id="d76b090f-5e41-4c91-9f1a-696123710d8a" />
      <TestMethod codeBase="C:\Projekty\xUnitTestProject\bin\Debug\netcoreapp3.1\xUnitTestProject.dll" adapterTypeName="executor://xunit/VsTestRunner2/netcoreapp" className="xUnitTestProject.CurrencyHelperTests" name="FormatToStringTest1000" />
    </UnitTest>
    <UnitTest name="xUnitTestProject.CurrencyHelperTests.FormatToStringTest1000(price: 19541.10539777116, expected: &quot;19541.11 zł&quot;)" storage="c:\projekty\xunittestproject\bin\debug\netcoreapp3.1\xunittestproject.dll" id="534fc948-8601-de40-7f94-04ae4333536f">
      <Execution id="77c1d17a-ea1a-47eb-9b2d-dd28ba74665d" />
      <TestMethod codeBase="C:\Projekty\xUnitTestProject\bin\Debug\netcoreapp3.1\xUnitTestProject.dll" adapterTypeName="executor://xunit/VsTestRunner2/netcoreapp" className="xUnitTestProject.CurrencyHelperTests" name="FormatToStringTest1000" />
    </UnitTest>
    <UnitTest name="xUnitTestProject.CurrencyHelperTests.FormatToStringTest1000(price: 25288.32036814574, expected: &quot;25288.32 zł&quot;)" storage="c:\projekty\xunittestproject\bin\debug\netcoreapp3.1\xunittestproject.dll" id="5b94edbf-3c78-7105-4ec5-f34d39e55c58">
      <Execution id="0e0eadb2-411f-47ef-ae23-196be67d5185" />
      <TestMethod codeBase="C:\Projekty\xUnitTestProject\bin\Debug\netcoreapp3.1\xUnitTestProject.dll" adapterTypeName="executor://xunit/VsTestRunner2/netcoreapp" className="xUnitTestProject.CurrencyHelperTests" name="FormatToStringTest1000" />
    </UnitTest>
    <UnitTest name="xUnitTestProject.CurrencyHelperTests.FormatToStringTest1000(price: 22494.46807976834, expected: &quot;22494.47 zł&quot;)" storage="c:\projekty\xunittestproject\bin\debug\netcoreapp3.1\xunittestproject.dll" id="3b87d198-4b64-d5ab-66c4-ae53f55f5bdf">
      <Execution id="19350487-b31c-4a57-b23d-dd97f6cceabb" />
      <TestMethod codeBase="C:\Projekty\xUnitTestProject\bin\Debug\netcoreapp3.1\xUnitTestProject.dll" adapterTypeName="executor://xunit/VsTestRunner2/netcoreapp" className="xUnitTestProject.CurrencyHelperTests" name="FormatToStringTest1000" />
    </UnitTest>
    <UnitTest name="xUnitTestProject.CurrencyHelperTests.FormatToStringTest1000(price: 6170.939441211959, expected: &quot;6170.94 zł&quot;)" storage="c:\projekty\xunittestproject\bin\debug\netcoreapp3.1\xunittestproject.dll" id="e6f6cc53-8c3a-da20-bc77-8b2d112d8374">
      <Execution id="795bbe09-e90b-4084-a407-33ccbf23144c" />
      <TestMethod codeBase="C:\Projekty\xUnitTestProject\bin\Debug\netcoreapp3.1\xUnitTestProject.dll" adapterTypeName="executor://xunit/VsTestRunner2/netcoreapp" className="xUnitTestProject.CurrencyHelperTests" name="FormatToStringTest1000" />
    </UnitTest>
    <UnitTest name="xUnitTestProject.CurrencyHelperTests.FormatToStringTest1000(price: 7004.710832051798, expected: &quot;7004.71 zł&quot;)" storage="c:\projekty\xunittestproject\bin\debug\netcoreapp3.1\xunittestproject.dll" id="7d53e462-1288-fbb2-1f6d-75cbd2a2eb44">
      <Execution id="925be7f7-8796-4c99-8e9b-52fa9e55606e" />
      <TestMethod codeBase="C:\Projekty\xUnitTestProject\bin\Debug\netcoreapp3.1\xUnitTestProject.dll" adapterTypeName="executor://xunit/VsTestRunner2/netcoreapp" className="xUnitTestProject.CurrencyHelperTests" name="FormatToStringTest1000" />
    </UnitTest>
    <UnitTest name="xUnitTestProject.CurrencyHelperTests.FormatToStringTest1000(price: 88489.14069749469, expected: &quot;88489.14 zł&quot;)" storage="c:\projekty\xunittestproject\bin\debug\netcoreapp3.1\xunittestproject.dll" id="537f8fc0-34c4-479b-bc61-34b31d069aae">
      <Execution id="ee706248-53ed-4bfe-8a17-204dd7f6fdc8" />
      <TestMethod codeBase="C:\Projekty\xUnitTestProject\bin\Debug\netcoreapp3.1\xUnitTestProject.dll" adapterTypeName="executor://xunit/VsTestRunner2/netcoreapp" className="xUnitTestProject.CurrencyHelperTests" name="FormatToStringTest1000" />
    </UnitTest>
    <UnitTest name="xUnitTestProject.CurrencyHelperTests.FormatToStringTest1000(price: 54088.326214851964, expected: &quot;54088.33 zł&quot;)" storage="c:\projekty\xunittestproject\bin\debug\netcoreapp3.1\xunittestproject.dll" id="5554cc9d-410c-0a03-5c37-393e64fd2d26">
      <Execution id="62995c3b-454c-41d7-9d01-0e4963687dd8" />
      <TestMethod codeBase="C:\Projekty\xUnitTestProject\bin\Debug\netcoreapp3.1\xUnitTestProject.dll" adapterTypeName="executor://xunit/VsTestRunner2/netcoreapp" className="xUnitTestProject.CurrencyHelperTests" name="FormatToStringTest1000" />
    </UnitTest>
    <UnitTest name="xUnitTestProject.CurrencyHelperTests.FormatToStringTest1000(price: 740.3213011405064, expected: &quot;740.32 zł&quot;)" storage="c:\projekty\xunittestproject\bin\debug\netcoreapp3.1\xunittestproject.dll" id="b59817a2-024b-f794-3f46-68714948a01a">
      <Execution id="461fe18f-b3a6-4910-8042-5eb5337e2c08" />
      <TestMethod codeBase="C:\Projekty\xUnitTestProject\bin\Debug\netcoreapp3.1\xUnitTestProject.dll" adapterTypeName="executor://xunit/VsTestRunner2/netcoreapp" className="xUnitTestProject.CurrencyHelperTests" name="FormatToStringTest1000" />
    </UnitTest>
    <UnitTest name="xUnitTestProject.CurrencyHelperTests.FormatToStringTest1000(price: 3043.6828298227315, expected: &quot;3043.68 zł&quot;)" storage="c:\projekty\xunittestproject\bin\debug\netcoreapp3.1\xunittestproject.dll" id="1d4cd445-caf0-beba-56bf-67413439f9ab">
      <Execution id="d8ab2840-5208-489a-89cb-eb5896dc2b9a" />
      <TestMethod codeBase="C:\Projekty\xUnitTestProject\bin\Debug\netcoreapp3.1\xUnitTestProject.dll" adapterTypeName="executor://xunit/VsTestRunner2/netcoreapp" className="xUnitTestProject.CurrencyHelperTests" name="FormatToStringTest1000" />
    </UnitTest>
    <UnitTest name="xUnitTestProject.CurrencyHelperTests.FormatToStringTest1000(price: 9068.70019550468, expected: &quot;9068.70 zł&quot;)" storage="c:\projekty\xunittestproject\bin\debug\netcoreapp3.1\xunittestproject.dll" id="0e441c44-ccc7-5318-d743-a0646c26f920">
      <Execution id="ee0e4bd3-743e-4d25-aef9-7e4d2ef50302" />
      <TestMethod codeBase="C:\Projekty\xUnitTestProject\bin\Debug\netcoreapp3.1\xUnitTestProject.dll" adapterTypeName="executor://xunit/VsTestRunner2/netcoreapp" className="xUnitTestProject.CurrencyHelperTests" name="FormatToStringTest1000" />
    </UnitTest>
    <UnitTest name="xUnitTestProject.CurrencyHelperTests.FormatToStringTest1000(price: 57671.67669738675, expected: &quot;57671.68 zł&quot;)" storage="c:\projekty\xunittestproject\bin\debug\netcoreapp3.1\xunittestproject.dll" id="fe5f39e6-4cd0-a90c-3fd0-4ec94c3771bb">
      <Execution id="b874d2e0-9a91-4ae5-814e-2ddc2fc467ab" />
      <TestMethod codeBase="C:\Projekty\xUnitTestProject\bin\Debug\netcoreapp3.1\xUnitTestProject.dll" adapterTypeName="executor://xunit/VsTestRunner2/netcoreapp" className="xUnitTestProject.CurrencyHelperTests" name="FormatToStringTest1000" />
    </UnitTest>
    <UnitTest name="xUnitTestProject.CurrencyHelperTests.FormatToStringTest1000(price: 23612.114499758984, expected: &quot;23612.11 zł&quot;)" storage="c:\projekty\xunittestproject\bin\debug\netcoreapp3.1\xunittestproject.dll" id="bc83fa3c-576f-30a6-fe1b-a25c896763ba">
      <Execution id="edc02075-12fc-4d1b-b96a-148ecb8eee52" />
      <TestMethod codeBase="C:\Projekty\xUnitTestProject\bin\Debug\netcoreapp3.1\xUnitTestProject.dll" adapterTypeName="executor://xunit/VsTestRunner2/netcoreapp" className="xUnitTestProject.CurrencyHelperTests" name="FormatToStringTest1000" />
    </UnitTest>
    <UnitTest name="xUnitTestProject.CurrencyHelperTests.FormatToStringTest1000(price: 151.50737175275916, expected: &quot;151.51 zł&quot;)" storage="c:\projekty\xunittestproject\bin\debug\netcoreapp3.1\xunittestproject.dll" id="d30d3b94-edb3-8c77-afa5-d7e300714162">
      <Execution id="c4d4e795-2961-4f45-a8f5-5415d317af85" />
      <TestMethod codeBase="C:\Projekty\xUnitTestProject\bin\Debug\netcoreapp3.1\xUnitTestProject.dll" adapterTypeName="executor://xunit/VsTestRunner2/netcoreapp" className="xUnitTestProject.CurrencyHelperTests" name="FormatToStringTest1000" />
    </UnitTest>
    <UnitTest name="xUnitTestProject.CurrencyHelperTests.FormatToStringTest1000(price: 30499.08272379734, expected: &quot;30499.08 zł&quot;)" storage="c:\projekty\xunittestproject\bin\debug\netcoreapp3.1\xunittestproject.dll" id="89c1bc9c-fd1f-546d-3081-e1943d5ea5fd">
      <Execution id="43c4685b-5ae5-43f6-a82a-29c085f5a712" />
      <TestMethod codeBase="C:\Projekty\xUnitTestProject\bin\Debug\netcoreapp3.1\xUnitTestProject.dll" adapterTypeName="executor://xunit/VsTestRunner2/netcoreapp" className="xUnitTestProject.CurrencyHelperTests" name="FormatToStringTest1000" />
    </UnitTest>
    <UnitTest name="xUnitTestProject.CurrencyHelperTests.FormatToStringTest1000(price: 59283.7670322637, expected: &quot;59283.77 zł&quot;)" storage="c:\projekty\xunittestproject\bin\debug\netcoreapp3.1\xunittestproject.dll" id="86b56171-19f4-76a4-c109-8879ac5bbbd7">
      <Execution id="29e26c27-78f5-42ff-b10d-efee49bebf20" />
      <TestMethod codeBase="C:\Projekty\xUnitTestProject\bin\Debug\netcoreapp3.1\xUnitTestProject.dll" adapterTypeName="executor://xunit/VsTestRunner2/netcoreapp" className="xUnitTestProject.CurrencyHelperTests" name="FormatToStringTest1000" />
    </UnitTest>
    <UnitTest name="xUnitTestProject.CurrencyHelperTests.FormatToStringTest1000(price: 34458.5406463512, expected: &quot;34458.54 zł&quot;)" storage="c:\projekty\xunittestproject\bin\debug\netcoreapp3.1\xunittestproject.dll" id="5fe9c184-b316-2ed8-da8c-d7dc0b588adb">
      <Execution id="70aa9e9d-86c4-4e4d-8b6a-b7f0a77e3ed3" />
      <TestMethod codeBase="C:\Projekty\xUnitTestProject\bin\Debug\netcoreapp3.1\xUnitTestProject.dll" adapterTypeName="executor://xunit/VsTestRunner2/netcoreapp" className="xUnitTestProject.CurrencyHelperTests" name="FormatToStringTest1000" />
    </UnitTest>
    <UnitTest name="xUnitTestProject.CurrencyHelperTests.FormatToStringTest1000(price: 6035.818653228608, expected: &quot;6035.82 zł&quot;)" storage="c:\projekty\xunittestproject\bin\debug\netcoreapp3.1\xunittestproject.dll" id="bac2e760-c57c-379d-cca8-5272b1f0e7e5">
      <Execution id="2a0c5973-a940-4a30-b375-2a5181729b7a" />
      <TestMethod codeBase="C:\Projekty\xUnitTestProject\bin\Debug\netcoreapp3.1\xUnitTestProject.dll" adapterTypeName="executor://xunit/VsTestRunner2/netcoreapp" className="xUnitTestProject.CurrencyHelperTests" name="FormatToStringTest1000" />
    </UnitTest>
    <UnitTest name="xUnitTestProject.CurrencyHelperTests.FormatToStringTest1000(price: 5810.695934967462, expected: &quot;5810.70 zł&quot;)" storage="c:\projekty\xunittestproject\bin\debug\netcoreapp3.1\xunittestproject.dll" id="d6ef55e8-c5e6-5de1-49ad-15c2ce305191">
      <Execution id="4632f900-86b1-42f7-8da0-dd73bd994a6d" />
      <TestMethod codeBase="C:\Projekty\xUnitTestProject\bin\Debug\netcoreapp3.1\xUnitTestProject.dll" adapterTypeName="executor://xunit/VsTestRunner2/netcoreapp" className="xUnitTestProject.CurrencyHelperTests" name="FormatToStringTest1000" />
    </UnitTest>
    <UnitTest name="xUnitTestProject.CurrencyHelperTests.FormatToStringTest1000(price: 24768.25771770359, expected: &quot;24768.26 zł&quot;)" storage="c:\projekty\xunittestproject\bin\debug\netcoreapp3.1\xunittestproject.dll" id="9391af43-2aec-63c3-c456-eaf3d57ab573">
      <Execution id="07e75677-2ad9-4413-aa22-f13dda91c283" />
      <TestMethod codeBase="C:\Projekty\xUnitTestProject\bin\Debug\netcoreapp3.1\xUnitTestProject.dll" adapterTypeName="executor://xunit/VsTestRunner2/netcoreapp" className="xUnitTestProject.CurrencyHelperTests" name="FormatToStringTest1000" />
    </UnitTest>
    <UnitTest name="xUnitTestProject.CurrencyHelperTests.FormatToStringTest1000(price: 36893.66238331593, expected: &quot;36893.66 zł&quot;)" storage="c:\projekty\xunittestproject\bin\debug\netcoreapp3.1\xunittestproject.dll" id="e6ca1d81-dcf2-fd0d-938d-c5551a71b09d">
      <Execution id="23e5ea79-5985-429f-9cdf-30391bc499b8" />
      <TestMethod codeBase="C:\Projekty\xUnitTestProject\bin\Debug\netcoreapp3.1\xUnitTestProject.dll" adapterTypeName="executor://xunit/VsTestRunner2/netcoreapp" className="xUnitTestProject.CurrencyHelperTests" name="FormatToStringTest1000" />
    </UnitTest>
    <UnitTest name="xUnitTestProject.CurrencyHelperTests.FormatToStringTest1000(price: 2339.5873176472205, expected: &quot;2339.59 zł&quot;)" storage="c:\projekty\xunittestproject\bin\debug\netcoreapp3.1\xunittestproject.dll" id="97d8215e-c1fc-21f7-065d-165363a0a007">
      <Execution id="d512d236-66b0-465d-a3a3-5a825103e4e6" />
      <TestMethod codeBase="C:\Projekty\xUnitTestProject\bin\Debug\netcoreapp3.1\xUnitTestProject.dll" adapterTypeName="executor://xunit/VsTestRunner2/netcoreapp" className="xUnitTestProject.CurrencyHelperTests" name="FormatToStringTest1000" />
    </UnitTest>
    <UnitTest name="xUnitTestProject.CurrencyHelperTests.FormatToStringTest1000(price: 7569.605888796322, expected: &quot;7569.61 zł&quot;)" storage="c:\projekty\xunittestproject\bin\debug\netcoreapp3.1\xunittestproject.dll" id="95df1eac-f3bd-b207-f98c-5233af246763">
      <Execution id="83f35140-cb57-418a-a46f-6d4b970c4c66" />
      <TestMethod codeBase="C:\Projekty\xUnitTestProject\bin\Debug\netcoreapp3.1\xUnitTestProject.dll" adapterTypeName="executor://xunit/VsTestRunner2/netcoreapp" className="xUnitTestProject.CurrencyHelperTests" name="FormatToStringTest1000" />
    </UnitTest>
    <UnitTest name="xUnitTestProject.CurrencyHelperTests.FormatToStringTest1000(price: 28033.439084134738, expected: &quot;28033.44 zł&quot;)" storage="c:\projekty\xunittestproject\bin\debug\netcoreapp3.1\xunittestproject.dll" id="05d28227-9bee-a7ac-5d44-a19da1f5106c">
      <Execution id="eadc46f3-da5d-464d-880f-a901f42f5eb2" />
      <TestMethod codeBase="C:\Projekty\xUnitTestProject\bin\Debug\netcoreapp3.1\xUnitTestProject.dll" adapterTypeName="executor://xunit/VsTestRunner2/netcoreapp" className="xUnitTestProject.CurrencyHelperTests" name="FormatToStringTest1000" />
    </UnitTest>
    <UnitTest name="xUnitTestProject.CurrencyHelperTests.FormatToStringTest1000(price: 15520.346099893259, expected: &quot;15520.35 zł&quot;)" storage="c:\projekty\xunittestproject\bin\debug\netcoreapp3.1\xunittestproject.dll" id="3e5b1b26-ce6a-72cd-5d99-1c229fd90703">
      <Execution id="96d1ed80-b850-4d22-b1c6-264da65052d6" />
      <TestMethod codeBase="C:\Projekty\xUnitTestProject\bin\Debug\netcoreapp3.1\xUnitTestProject.dll" adapterTypeName="executor://xunit/VsTestRunner2/netcoreapp" className="xUnitTestProject.CurrencyHelperTests" name="FormatToStringTest1000" />
    </UnitTest>
    <UnitTest name="xUnitTestProject.CurrencyHelperTests.FormatToStringTest1000(price: 4139.032615562451, expected: &quot;4139.03 zł&quot;)" storage="c:\projekty\xunittestproject\bin\debug\netcoreapp3.1\xunittestproject.dll" id="0095ae63-2136-ec44-562f-f92a8a9ed8f7">
      <Execution id="a84075d8-c099-4b0f-addb-ddace22fc055" />
      <TestMethod codeBase="C:\Projekty\xUnitTestProject\bin\Debug\netcoreapp3.1\xUnitTestProject.dll" adapterTypeName="executor://xunit/VsTestRunner2/netcoreapp" className="xUnitTestProject.CurrencyHelperTests" name="FormatToStringTest1000" />
    </UnitTest>
    <UnitTest name="xUnitTestProject.CurrencyHelperTests.FormatToStringTest1000(price: 15907.394871033446, expected: &quot;15907.39 zł&quot;)" storage="c:\projekty\xunittestproject\bin\debug\netcoreapp3.1\xunittestproject.dll" id="4308f885-151f-014b-166d-40692645a73a">
      <Execution id="ea838def-5f36-4949-abf5-569058548ccc" />
      <TestMethod codeBase="C:\Projekty\xUnitTestProject\bin\Debug\netcoreapp3.1\xUnitTestProject.dll" adapterTypeName="executor://xunit/VsTestRunner2/netcoreapp" className="xUnitTestProject.CurrencyHelperTests" name="FormatToStringTest1000" />
    </UnitTest>
    <UnitTest name="xUnitTestProject.CurrencyHelperTests.FormatToStringTest1000(price: 71554.9786298829, expected: &quot;71554.98 zł&quot;)" storage="c:\projekty\xunittestproject\bin\debug\netcoreapp3.1\xunittestproject.dll" id="422cd58a-1607-1b98-484d-a3568b92bd13">
      <Execution id="ab671a40-db3f-4b08-9400-e95fe04d0fc8" />
      <TestMethod codeBase="C:\Projekty\xUnitTestProject\bin\Debug\netcoreapp3.1\xUnitTestProject.dll" adapterTypeName="executor://xunit/VsTestRunner2/netcoreapp" className="xUnitTestProject.CurrencyHelperTests" name="FormatToStringTest1000" />
    </UnitTest>
    <UnitTest name="xUnitTestProject.CurrencyHelperTests.FormatToStringTest1000(price: 30138.55109863102, expected: &quot;30138.55 zł&quot;)" storage="c:\projekty\xunittestproject\bin\debug\netcoreapp3.1\xunittestproject.dll" id="0a2dd6c8-dd3b-c34c-d236-39c95cee3b33">
      <Execution id="28d0258d-0588-41cf-95bf-ea9d139bb6dc" />
      <TestMethod codeBase="C:\Projekty\xUnitTestProject\bin\Debug\netcoreapp3.1\xUnitTestProject.dll" adapterTypeName="executor://xunit/VsTestRunner2/netcoreapp" className="xUnitTestProject.CurrencyHelperTests" name="FormatToStringTest1000" />
    </UnitTest>
    <UnitTest name="xUnitTestProject.CurrencyHelperTests.FormatToStringTest1000(price: 51632.87002968503, expected: &quot;51632.87 zł&quot;)" storage="c:\projekty\xunittestproject\bin\debug\netcoreapp3.1\xunittestproject.dll" id="017ca1fc-bbca-8181-b3ea-3373763e884b">
      <Execution id="1495954d-36a1-46e8-a909-63b46238de8d" />
      <TestMethod codeBase="C:\Projekty\xUnitTestProject\bin\Debug\netcoreapp3.1\xUnitTestProject.dll" adapterTypeName="executor://xunit/VsTestRunner2/netcoreapp" className="xUnitTestProject.CurrencyHelperTests" name="FormatToStringTest1000" />
    </UnitTest>
    <UnitTest name="xUnitTestProject.CurrencyHelperTests.FormatToStringTest1000(price: 12610.563163818122, expected: &quot;12610.56 zł&quot;)" storage="c:\projekty\xunittestproject\bin\debug\netcoreapp3.1\xunittestproject.dll" id="744b047e-9ee3-164d-c478-0183e3fd850c">
      <Execution id="136ed2de-ca7a-4e4a-ba1a-66a472b45008" />
      <TestMethod codeBase="C:\Projekty\xUnitTestProject\bin\Debug\netcoreapp3.1\xUnitTestProject.dll" adapterTypeName="executor://xunit/VsTestRunner2/netcoreapp" className="xUnitTestProject.CurrencyHelperTests" name="FormatToStringTest1000" />
    </UnitTest>
    <UnitTest name="xUnitTestProject.CurrencyHelperTests.FormatToStringTest1000(price: 23282.56178903047, expected: &quot;23282.56 zł&quot;)" storage="c:\projekty\xunittestproject\bin\debug\netcoreapp3.1\xunittestproject.dll" id="e905c24a-e819-fe18-0852-b70c2080c17c">
      <Execution id="d8511c56-a587-4282-9302-0ce8326cfee1" />
      <TestMethod codeBase="C:\Projekty\xUnitTestProject\bin\Debug\netcoreapp3.1\xUnitTestProject.dll" adapterTypeName="executor://xunit/VsTestRunner2/netcoreapp" className="xUnitTestProject.CurrencyHelperTests" name="FormatToStringTest1000" />
    </UnitTest>
    <UnitTest name="xUnitTestProject.CurrencyHelperTests.FormatToStringTest1000(price: 68011.49219071423, expected: &quot;68011.49 zł&quot;)" storage="c:\projekty\xunittestproject\bin\debug\netcoreapp3.1\xunittestproject.dll" id="d39c6f9f-bd62-16f2-5a23-b15da9df82dd">
      <Execution id="180e7ee4-d1ab-427e-902f-54418fca30d7" />
      <TestMethod codeBase="C:\Projekty\xUnitTestProject\bin\Debug\netcoreapp3.1\xUnitTestProject.dll" adapterTypeName="executor://xunit/VsTestRunner2/netcoreapp" className="xUnitTestProject.CurrencyHelperTests" name="FormatToStringTest1000" />
    </UnitTest>
    <UnitTest name="xUnitTestProject.CurrencyHelperTests.FormatToStringTest1000(price: 1228.101744225296, expected: &quot;1228.10 zł&quot;)" storage="c:\projekty\xunittestproject\bin\debug\netcoreapp3.1\xunittestproject.dll" id="27c9de3f-c624-ee93-069f-2072d9c30f0a">
      <Execution id="b4aed5e3-e5a8-410e-9e65-c87d9df669f7" />
      <TestMethod codeBase="C:\Projekty\xUnitTestProject\bin\Debug\netcoreapp3.1\xUnitTestProject.dll" adapterTypeName="executor://xunit/VsTestRunner2/netcoreapp" className="xUnitTestProject.CurrencyHelperTests" name="FormatToStringTest1000" />
    </UnitTest>
    <UnitTest name="xUnitTestProject.CurrencyHelperTests.FormatToStringTest1000(price: 57809.74722876295, expected: &quot;57809.75 zł&quot;)" storage="c:\projekty\xunittestproject\bin\debug\netcoreapp3.1\xunittestproject.dll" id="1dbbe335-bc13-7d9d-496f-d39e25173610">
      <Execution id="49204e31-ae4f-4439-a118-24d9df04f4dd" />
      <TestMethod codeBase="C:\Projekty\xUnitTestProject\bin\Debug\netcoreapp3.1\xUnitTestProject.dll" adapterTypeName="executor://xunit/VsTestRunner2/netcoreapp" className="xUnitTestProject.CurrencyHelperTests" name="FormatToStringTest1000" />
    </UnitTest>
    <UnitTest name="xUnitTestProject.CurrencyHelperTests.FormatToStringTest1000(price: 35714.78133482243, expected: &quot;35714.78 zł&quot;)" storage="c:\projekty\xunittestproject\bin\debug\netcoreapp3.1\xunittestproject.dll" id="9af1084a-697b-14e3-b169-a799a0af5e73">
      <Execution id="61344965-ad71-496e-8954-1d9693b8128e" />
      <TestMethod codeBase="C:\Projekty\xUnitTestProject\bin\Debug\netcoreapp3.1\xUnitTestProject.dll" adapterTypeName="executor://xunit/VsTestRunner2/netcoreapp" className="xUnitTestProject.CurrencyHelperTests" name="FormatToStringTest1000" />
    </UnitTest>
    <UnitTest name="xUnitTestProject.CurrencyHelperTests.FormatToStringTest1000(price: 20497.107923553376, expected: &quot;20497.11 zł&quot;)" storage="c:\projekty\xunittestproject\bin\debug\netcoreapp3.1\xunittestproject.dll" id="dbf6f9ae-d4e2-c907-2228-ff1a571678a6">
      <Execution id="989cdebb-8f33-413b-97e2-2e459c0b77e3" />
      <TestMethod codeBase="C:\Projekty\xUnitTestProject\bin\Debug\netcoreapp3.1\xUnitTestProject.dll" adapterTypeName="executor://xunit/VsTestRunner2/netcoreapp" className="xUnitTestProject.CurrencyHelperTests" name="FormatToStringTest1000" />
    </UnitTest>
    <UnitTest name="xUnitTestProject.CurrencyHelperTests.FormatToStringTest1000(price: 29539.32303995328, expected: &quot;29539.32 zł&quot;)" storage="c:\projekty\xunittestproject\bin\debug\netcoreapp3.1\xunittestproject.dll" id="90e736db-bebc-59eb-dcfd-94a08c26727f">
      <Execution id="5ee6ad9d-06d5-463b-82f8-805546f80b0d" />
      <TestMethod codeBase="C:\Projekty\xUnitTestProject\bin\Debug\netcoreapp3.1\xUnitTestProject.dll" adapterTypeName="executor://xunit/VsTestRunner2/netcoreapp" className="xUnitTestProject.CurrencyHelperTests" name="FormatToStringTest1000" />
    </UnitTest>
    <UnitTest name="xUnitTestProject.CurrencyHelperTests.FormatToStringTest1000(price: 26843.15785584932, expected: &quot;26843.16 zł&quot;)" storage="c:\projekty\xunittestproject\bin\debug\netcoreapp3.1\xunittestproject.dll" id="6c2df068-e073-781f-ed58-d73445937e1f">
      <Execution id="59355fb9-f8c5-4ffe-b58e-52403bc1269a" />
      <TestMethod codeBase="C:\Projekty\xUnitTestProject\bin\Debug\netcoreapp3.1\xUnitTestProject.dll" adapterTypeName="executor://xunit/VsTestRunner2/netcoreapp" className="xUnitTestProject.CurrencyHelperTests" name="FormatToStringTest1000" />
    </UnitTest>
    <UnitTest name="xUnitTestProject.CurrencyHelperTests.FormatToStringTest1000(price: 3694.480496819355, expected: &quot;3694.48 zł&quot;)" storage="c:\projekty\xunittestproject\bin\debug\netcoreapp3.1\xunittestproject.dll" id="34bdc501-b6be-65bd-2c54-6d143c30390e">
      <Execution id="1435db8b-2c27-4644-a7c1-4fa5b143e0d5" />
      <TestMethod codeBase="C:\Projekty\xUnitTestProject\bin\Debug\netcoreapp3.1\xUnitTestProject.dll" adapterTypeName="executor://xunit/VsTestRunner2/netcoreapp" className="xUnitTestProject.CurrencyHelperTests" name="FormatToStringTest1000" />
    </UnitTest>
    <UnitTest name="xUnitTestProject.CurrencyHelperTests.FormatToStringTest1000(price: 46391.661094229516, expected: &quot;46391.66 zł&quot;)" storage="c:\projekty\xunittestproject\bin\debug\netcoreapp3.1\xunittestproject.dll" id="4637cc44-56b0-2010-e4d2-4d7d6320ef09">
      <Execution id="de6291fc-cf93-4aac-ac86-966d5c7e74f7" />
      <TestMethod codeBase="C:\Projekty\xUnitTestProject\bin\Debug\netcoreapp3.1\xUnitTestProject.dll" adapterTypeName="executor://xunit/VsTestRunner2/netcoreapp" className="xUnitTestProject.CurrencyHelperTests" name="FormatToStringTest1000" />
    </UnitTest>
    <UnitTest name="xUnitTestProject.CurrencyHelperTests.FormatToStringTest1000(price: 63507.32603545455, expected: &quot;63507.33 zł&quot;)" storage="c:\projekty\xunittestproject\bin\debug\netcoreapp3.1\xunittestproject.dll" id="6127c2a7-0d58-b2ca-c80b-3d883558c1c7">
      <Execution id="888e0bbd-3b93-4248-9406-61174c67d63a" />
      <TestMethod codeBase="C:\Projekty\xUnitTestProject\bin\Debug\netcoreapp3.1\xUnitTestProject.dll" adapterTypeName="executor://xunit/VsTestRunner2/netcoreapp" className="xUnitTestProject.CurrencyHelperTests" name="FormatToStringTest1000" />
    </UnitTest>
    <UnitTest name="xUnitTestProject.CurrencyHelperTests.FormatToStringTest1000(price: 60299.23738666309, expected: &quot;60299.24 zł&quot;)" storage="c:\projekty\xunittestproject\bin\debug\netcoreapp3.1\xunittestproject.dll" id="ba6a31a5-f6b4-cabf-4787-f1e219c63249">
      <Execution id="3190acb3-f498-4193-bcae-42579130b7fa" />
      <TestMethod codeBase="C:\Projekty\xUnitTestProject\bin\Debug\netcoreapp3.1\xUnitTestProject.dll" adapterTypeName="executor://xunit/VsTestRunner2/netcoreapp" className="xUnitTestProject.CurrencyHelperTests" name="FormatToStringTest1000" />
    </UnitTest>
    <UnitTest name="xUnitTestProject.CurrencyHelperTests.FormatToStringTest1000(price: 63427.55325689332, expected: &quot;63427.55 zł&quot;)" storage="c:\projekty\xunittestproject\bin\debug\netcoreapp3.1\xunittestproject.dll" id="65d35c13-0e19-06e3-2b90-fbf07f6234bd">
      <Execution id="2d933f11-24c3-418a-ab68-4781cebc29ae" />
      <TestMethod codeBase="C:\Projekty\xUnitTestProject\bin\Debug\netcoreapp3.1\xUnitTestProject.dll" adapterTypeName="executor://xunit/VsTestRunner2/netcoreapp" className="xUnitTestProject.CurrencyHelperTests" name="FormatToStringTest1000" />
    </UnitTest>
    <UnitTest name="xUnitTestProject.CurrencyHelperTests.FormatToStringTest1000(price: 4121.116360678857, expected: &quot;4121.12 zł&quot;)" storage="c:\projekty\xunittestproject\bin\debug\netcoreapp3.1\xunittestproject.dll" id="c0741e8d-b0f9-ca5e-e02e-02960c9e164f">
      <Execution id="1c9b021b-fda5-4bf4-a075-3593a4ccb8d8" />
      <TestMethod codeBase="C:\Projekty\xUnitTestProject\bin\Debug\netcoreapp3.1\xUnitTestProject.dll" adapterTypeName="executor://xunit/VsTestRunner2/netcoreapp" className="xUnitTestProject.CurrencyHelperTests" name="FormatToStringTest1000" />
    </UnitTest>
    <UnitTest name="xUnitTestProject.CurrencyHelperTests.FormatToStringTest1000(price: 22592.465903659566, expected: &quot;22592.47 zł&quot;)" storage="c:\projekty\xunittestproject\bin\debug\netcoreapp3.1\xunittestproject.dll" id="ae407fd6-e927-5656-0ce5-4192f5da53cb">
      <Execution id="f03bf0e0-d995-4d09-adf3-05baf64750a8" />
      <TestMethod codeBase="C:\Projekty\xUnitTestProject\bin\Debug\netcoreapp3.1\xUnitTestProject.dll" adapterTypeName="executor://xunit/VsTestRunner2/netcoreapp" className="xUnitTestProject.CurrencyHelperTests" name="FormatToStringTest1000" />
    </UnitTest>
    <UnitTest name="xUnitTestProject.CurrencyHelperTests.FormatToStringTest1000(price: 40400.9734049295, expected: &quot;40400.97 zł&quot;)" storage="c:\projekty\xunittestproject\bin\debug\netcoreapp3.1\xunittestproject.dll" id="dbb67156-6168-60a5-400a-6afe6eb000f2">
      <Execution id="71b150da-b80f-4040-b876-e43fd0effde3" />
      <TestMethod codeBase="C:\Projekty\xUnitTestProject\bin\Debug\netcoreapp3.1\xUnitTestProject.dll" adapterTypeName="executor://xunit/VsTestRunner2/netcoreapp" className="xUnitTestProject.CurrencyHelperTests" name="FormatToStringTest1000" />
    </UnitTest>
    <UnitTest name="xUnitTestProject.CurrencyHelperTests.FormatToStringTest1000(price: 26529.10838037036, expected: &quot;26529.11 zł&quot;)" storage="c:\projekty\xunittestproject\bin\debug\netcoreapp3.1\xunittestproject.dll" id="f2358686-aae0-414b-7a27-d43a959b03da">
      <Execution id="d333ba5e-195d-4d4a-bfd1-64f8e01fbe0b" />
      <TestMethod codeBase="C:\Projekty\xUnitTestProject\bin\Debug\netcoreapp3.1\xUnitTestProject.dll" adapterTypeName="executor://xunit/VsTestRunner2/netcoreapp" className="xUnitTestProject.CurrencyHelperTests" name="FormatToStringTest1000" />
    </UnitTest>
    <UnitTest name="xUnitTestProject.CurrencyHelperTests.FormatToStringTest1000(price: 5840.747097845071, expected: &quot;5840.75 zł&quot;)" storage="c:\projekty\xunittestproject\bin\debug\netcoreapp3.1\xunittestproject.dll" id="4d20e584-0f2f-1ed1-3ddf-7516456e8aa4">
      <Execution id="e0f25811-be07-4474-9070-d7a51ce178b7" />
      <TestMethod codeBase="C:\Projekty\xUnitTestProject\bin\Debug\netcoreapp3.1\xUnitTestProject.dll" adapterTypeName="executor://xunit/VsTestRunner2/netcoreapp" className="xUnitTestProject.CurrencyHelperTests" name="FormatToStringTest1000" />
    </UnitTest>
    <UnitTest name="xUnitTestProject.CurrencyHelperTests.FormatToStringTest1000(price: 13455.521105358153, expected: &quot;13455.52 zł&quot;)" storage="c:\projekty\xunittestproject\bin\debug\netcoreapp3.1\xunittestproject.dll" id="87f6b537-303b-ee32-7ebc-e34863879e5b">
      <Execution id="3b67552f-2542-4b80-a94c-f24cc01d1246" />
      <TestMethod codeBase="C:\Projekty\xUnitTestProject\bin\Debug\netcoreapp3.1\xUnitTestProject.dll" adapterTypeName="executor://xunit/VsTestRunner2/netcoreapp" className="xUnitTestProject.CurrencyHelperTests" name="FormatToStringTest1000" />
    </UnitTest>
    <UnitTest name="xUnitTestProject.CurrencyHelperTests.FormatToStringTest1000(price: 395.45790295882983, expected: &quot;395.46 zł&quot;)" storage="c:\projekty\xunittestproject\bin\debug\netcoreapp3.1\xunittestproject.dll" id="9f159054-0ade-aabd-0878-ac1771f3fda6">
      <Execution id="e94d1d1c-77d9-4c20-8980-85e0c064d570" />
      <TestMethod codeBase="C:\Projekty\xUnitTestProject\bin\Debug\netcoreapp3.1\xUnitTestProject.dll" adapterTypeName="executor://xunit/VsTestRunner2/netcoreapp" className="xUnitTestProject.CurrencyHelperTests" name="FormatToStringTest1000" />
    </UnitTest>
    <UnitTest name="xUnitTestProject.CurrencyHelperTests.FormatToStringTest1000(price: 27506.397047390416, expected: &quot;27506.40 zł&quot;)" storage="c:\projekty\xunittestproject\bin\debug\netcoreapp3.1\xunittestproject.dll" id="0010af2c-264b-9fa0-ca85-4bef95661f34">
      <Execution id="1ec67080-15ad-4430-bd48-9a6840fcd5e3" />
      <TestMethod codeBase="C:\Projekty\xUnitTestProject\bin\Debug\netcoreapp3.1\xUnitTestProject.dll" adapterTypeName="executor://xunit/VsTestRunner2/netcoreapp" className="xUnitTestProject.CurrencyHelperTests" name="FormatToStringTest1000" />
    </UnitTest>
    <UnitTest name="xUnitTestProject.CurrencyHelperTests.FormatToStringTest1000(price: 15411.371650797022, expected: &quot;15411.37 zł&quot;)" storage="c:\projekty\xunittestproject\bin\debug\netcoreapp3.1\xunittestproject.dll" id="8a9d7602-dc5d-c902-e8f4-8ad4401141f1">
      <Execution id="02abefbd-be90-48b4-be28-86b02e335d45" />
      <TestMethod codeBase="C:\Projekty\xUnitTestProject\bin\Debug\netcoreapp3.1\xUnitTestProject.dll" adapterTypeName="executor://xunit/VsTestRunner2/netcoreapp" className="xUnitTestProject.CurrencyHelperTests" name="FormatToStringTest1000" />
    </UnitTest>
    <UnitTest name="xUnitTestProject.CurrencyHelperTests.FormatToStringTest1000(price: 24030.724859085738, expected: &quot;24030.72 zł&quot;)" storage="c:\projekty\xunittestproject\bin\debug\netcoreapp3.1\xunittestproject.dll" id="4a32286d-4292-da18-0868-eb2a25ef068a">
      <Execution id="49bb8f24-f43f-4bfd-9ba3-0bd1d52958e9" />
      <TestMethod codeBase="C:\Projekty\xUnitTestProject\bin\Debug\netcoreapp3.1\xUnitTestProject.dll" adapterTypeName="executor://xunit/VsTestRunner2/netcoreapp" className="xUnitTestProject.CurrencyHelperTests" name="FormatToStringTest1000" />
    </UnitTest>
    <UnitTest name="xUnitTestProject.CurrencyHelperTests.FormatToStringTest1000(price: 5591.2222540617095, expected: &quot;5591.22 zł&quot;)" storage="c:\projekty\xunittestproject\bin\debug\netcoreapp3.1\xunittestproject.dll" id="bafd99e7-ca41-5985-0fa2-b8c4e8f1fc8c">
      <Execution id="bf35b5e1-4c3a-4967-928e-255dbdda2fdc" />
      <TestMethod codeBase="C:\Projekty\xUnitTestProject\bin\Debug\netcoreapp3.1\xUnitTestProject.dll" adapterTypeName="executor://xunit/VsTestRunner2/netcoreapp" className="xUnitTestProject.CurrencyHelperTests" name="FormatToStringTest1000" />
    </UnitTest>
    <UnitTest name="xUnitTestProject.CurrencyHelperTests.FormatToStringTest1000(price: 2216.881526520886, expected: &quot;2216.88 zł&quot;)" storage="c:\projekty\xunittestproject\bin\debug\netcoreapp3.1\xunittestproject.dll" id="0740431b-2d5c-94f4-7631-d3fb545f47f1">
      <Execution id="0323897b-93c9-4d8c-8de3-c508105a1d6f" />
      <TestMethod codeBase="C:\Projekty\xUnitTestProject\bin\Debug\netcoreapp3.1\xUnitTestProject.dll" adapterTypeName="executor://xunit/VsTestRunner2/netcoreapp" className="xUnitTestProject.CurrencyHelperTests" name="FormatToStringTest1000" />
    </UnitTest>
    <UnitTest name="xUnitTestProject.CurrencyHelperTests.FormatToStringTest1000(price: 1130.8119115372242, expected: &quot;1130.81 zł&quot;)" storage="c:\projekty\xunittestproject\bin\debug\netcoreapp3.1\xunittestproject.dll" id="61863f63-9d64-1d88-3d10-ad0f63ed338b">
      <Execution id="72c70ae3-58b0-495b-ba96-5e6509458c9e" />
      <TestMethod codeBase="C:\Projekty\xUnitTestProject\bin\Debug\netcoreapp3.1\xUnitTestProject.dll" adapterTypeName="executor://xunit/VsTestRunner2/netcoreapp" className="xUnitTestProject.CurrencyHelperTests" name="FormatToStringTest1000" />
    </UnitTest>
    <UnitTest name="xUnitTestProject.CurrencyHelperTests.FormatToStringTest1000(price: 45445.182098106096, expected: &quot;45445.18 zł&quot;)" storage="c:\projekty\xunittestproject\bin\debug\netcoreapp3.1\xunittestproject.dll" id="a5e0b38b-1cb1-a5af-a5f1-f247fd82227e">
      <Execution id="0cd22480-cab9-403a-bdc6-236f948551a2" />
      <TestMethod codeBase="C:\Projekty\xUnitTestProject\bin\Debug\netcoreapp3.1\xUnitTestProject.dll" adapterTypeName="executor://xunit/VsTestRunner2/netcoreapp" className="xUnitTestProject.CurrencyHelperTests" name="FormatToStringTest1000" />
    </UnitTest>
    <UnitTest name="xUnitTestProject.CurrencyHelperTests.FormatToStringTest1000(price: 10534.184353995222, expected: &quot;10534.18 zł&quot;)" storage="c:\projekty\xunittestproject\bin\debug\netcoreapp3.1\xunittestproject.dll" id="076b3f7c-bfd3-700c-3093-f885fe165b03">
      <Execution id="c9bc20f4-ebb3-4f15-8386-ebf43eb64e71" />
      <TestMethod codeBase="C:\Projekty\xUnitTestProject\bin\Debug\netcoreapp3.1\xUnitTestProject.dll" adapterTypeName="executor://xunit/VsTestRunner2/netcoreapp" className="xUnitTestProject.CurrencyHelperTests" name="FormatToStringTest1000" />
    </UnitTest>
    <UnitTest name="xUnitTestProject.CurrencyHelperTests.FormatToStringTest1000(price: 30111.54342534372, expected: &quot;30111.54 zł&quot;)" storage="c:\projekty\xunittestproject\bin\debug\netcoreapp3.1\xunittestproject.dll" id="61cb44e8-f4b9-17e3-5cff-1fc9b36625bf">
      <Execution id="2c5dbef8-0b04-4889-aa98-d36b201cafc9" />
      <TestMethod codeBase="C:\Projekty\xUnitTestProject\bin\Debug\netcoreapp3.1\xUnitTestProject.dll" adapterTypeName="executor://xunit/VsTestRunner2/netcoreapp" className="xUnitTestProject.CurrencyHelperTests" name="FormatToStringTest1000" />
    </UnitTest>
    <UnitTest name="xUnitTestProject.CurrencyHelperTests.FormatToStringTest1000(price: 60323.066780431225, expected: &quot;60323.07 zł&quot;)" storage="c:\projekty\xunittestproject\bin\debug\netcoreapp3.1\xunittestproject.dll" id="80972e1e-3ff9-bf5c-296f-71aecb5aa2ee">
      <Execution id="1011bc43-16c3-415c-a4f4-b25d5629525f" />
      <TestMethod codeBase="C:\Projekty\xUnitTestProject\bin\Debug\netcoreapp3.1\xUnitTestProject.dll" adapterTypeName="executor://xunit/VsTestRunner2/netcoreapp" className="xUnitTestProject.CurrencyHelperTests" name="FormatToStringTest1000" />
    </UnitTest>
    <UnitTest name="xUnitTestProject.CurrencyHelperTests.FormatToStringTest1000(price: 2390.7596313784643, expected: &quot;2390.76 zł&quot;)" storage="c:\projekty\xunittestproject\bin\debug\netcoreapp3.1\xunittestproject.dll" id="4858eca7-ac2a-e51a-34d1-70891bbff583">
      <Execution id="ef324dbe-1d9e-4676-935a-202898600a4a" />
      <TestMethod codeBase="C:\Projekty\xUnitTestProject\bin\Debug\netcoreapp3.1\xUnitTestProject.dll" adapterTypeName="executor://xunit/VsTestRunner2/netcoreapp" className="xUnitTestProject.CurrencyHelperTests" name="FormatToStringTest1000" />
    </UnitTest>
    <UnitTest name="xUnitTestProject.CurrencyHelperTests.FormatToStringTest1000(price: 39146.635743126564, expected: &quot;39146.64 zł&quot;)" storage="c:\projekty\xunittestproject\bin\debug\netcoreapp3.1\xunittestproject.dll" id="77cb819c-64b0-1e13-63d3-0049263e7e77">
      <Execution id="53428213-3226-4cea-bb24-55072c7032f8" />
      <TestMethod codeBase="C:\Projekty\xUnitTestProject\bin\Debug\netcoreapp3.1\xUnitTestProject.dll" adapterTypeName="executor://xunit/VsTestRunner2/netcoreapp" className="xUnitTestProject.CurrencyHelperTests" name="FormatToStringTest1000" />
    </UnitTest>
    <UnitTest name="xUnitTestProject.CurrencyHelperTests.FormatToStringTest1000(price: 57181.240528605056, expected: &quot;57181.24 zł&quot;)" storage="c:\projekty\xunittestproject\bin\debug\netcoreapp3.1\xunittestproject.dll" id="2c083ad7-fea5-5b33-ddd6-bb2be00bd90c">
      <Execution id="3e2c46be-dcdf-4d2b-8fb4-96a2c76e7254" />
      <TestMethod codeBase="C:\Projekty\xUnitTestProject\bin\Debug\netcoreapp3.1\xUnitTestProject.dll" adapterTypeName="executor://xunit/VsTestRunner2/netcoreapp" className="xUnitTestProject.CurrencyHelperTests" name="FormatToStringTest1000" />
    </UnitTest>
    <UnitTest name="xUnitTestProject.CurrencyHelperTests.FormatToStringTest1000(price: 9843.625240445894, expected: &quot;9843.63 zł&quot;)" storage="c:\projekty\xunittestproject\bin\debug\netcoreapp3.1\xunittestproject.dll" id="f45cbb0f-431c-8958-4b27-e85aa47cbe41">
      <Execution id="aa2feb8c-8b4e-4f4d-a546-3ec2d71b4f8a" />
      <TestMethod codeBase="C:\Projekty\xUnitTestProject\bin\Debug\netcoreapp3.1\xUnitTestProject.dll" adapterTypeName="executor://xunit/VsTestRunner2/netcoreapp" className="xUnitTestProject.CurrencyHelperTests" name="FormatToStringTest1000" />
    </UnitTest>
    <UnitTest name="xUnitTestProject.CurrencyHelperTests.FormatToStringTest1000(price: 20146.183073329827, expected: &quot;20146.18 zł&quot;)" storage="c:\projekty\xunittestproject\bin\debug\netcoreapp3.1\xunittestproject.dll" id="c61ee3ae-8895-24a4-03be-5c9acbad429f">
      <Execution id="b1be305a-b7c2-41ff-a1bc-bc4819a9c29e" />
      <TestMethod codeBase="C:\Projekty\xUnitTestProject\bin\Debug\netcoreapp3.1\xUnitTestProject.dll" adapterTypeName="executor://xunit/VsTestRunner2/netcoreapp" className="xUnitTestProject.CurrencyHelperTests" name="FormatToStringTest1000" />
    </UnitTest>
    <UnitTest name="xUnitTestProject.CurrencyHelperTests.FormatToStringTest1000(price: 58902.704109088845, expected: &quot;58902.70 zł&quot;)" storage="c:\projekty\xunittestproject\bin\debug\netcoreapp3.1\xunittestproject.dll" id="e457ba43-5ec8-2ef9-9f16-d8e65791d46d">
      <Execution id="e4b44ffd-2b3d-4bb0-bf75-3581aad54695" />
      <TestMethod codeBase="C:\Projekty\xUnitTestProject\bin\Debug\netcoreapp3.1\xUnitTestProject.dll" adapterTypeName="executor://xunit/VsTestRunner2/netcoreapp" className="xUnitTestProject.CurrencyHelperTests" name="FormatToStringTest1000" />
    </UnitTest>
    <UnitTest name="xUnitTestProject.CurrencyHelperTests.FormatToStringTest1000(price: 32812.53695512634, expected: &quot;32812.54 zł&quot;)" storage="c:\projekty\xunittestproject\bin\debug\netcoreapp3.1\xunittestproject.dll" id="c5891e20-1607-2f4b-ec62-b83eb87653c6">
      <Execution id="b4645a67-87ba-451f-b14f-9d0cbb06a797" />
      <TestMethod codeBase="C:\Projekty\xUnitTestProject\bin\Debug\netcoreapp3.1\xUnitTestProject.dll" adapterTypeName="executor://xunit/VsTestRunner2/netcoreapp" className="xUnitTestProject.CurrencyHelperTests" name="FormatToStringTest1000" />
    </UnitTest>
    <UnitTest name="xUnitTestProject.CurrencyHelperTests.FormatToStringTest1000(price: 6105.007054037418, expected: &quot;6105.01 zł&quot;)" storage="c:\projekty\xunittestproject\bin\debug\netcoreapp3.1\xunittestproject.dll" id="c303e402-0edb-f6ba-e4af-33ac122437de">
      <Execution id="535c20f7-6006-46a8-8ab4-9474f4962035" />
      <TestMethod codeBase="C:\Projekty\xUnitTestProject\bin\Debug\netcoreapp3.1\xUnitTestProject.dll" adapterTypeName="executor://xunit/VsTestRunner2/netcoreapp" className="xUnitTestProject.CurrencyHelperTests" name="FormatToStringTest1000" />
    </UnitTest>
    <UnitTest name="xUnitTestProject.CurrencyHelperTests.FormatToStringTest1000(price: 20344.185360967265, expected: &quot;20344.19 zł&quot;)" storage="c:\projekty\xunittestproject\bin\debug\netcoreapp3.1\xunittestproject.dll" id="8b7f95f5-c5ec-10c0-26ff-eb4390bba1ee">
      <Execution id="029eecc7-5a3b-4725-93d8-a1d423f37e48" />
      <TestMethod codeBase="C:\Projekty\xUnitTestProject\bin\Debug\netcoreapp3.1\xUnitTestProject.dll" adapterTypeName="executor://xunit/VsTestRunner2/netcoreapp" className="xUnitTestProject.CurrencyHelperTests" name="FormatToStringTest1000" />
    </UnitTest>
    <UnitTest name="xUnitTestProject.CurrencyHelperTests.FormatToStringTest1000(price: 7124.979180760672, expected: &quot;7124.98 zł&quot;)" storage="c:\projekty\xunittestproject\bin\debug\netcoreapp3.1\xunittestproject.dll" id="843293b0-7cce-f386-da63-2fb428fb7828">
      <Execution id="c27749c9-66c1-41d7-b9ff-f446ba92d165" />
      <TestMethod codeBase="C:\Projekty\xUnitTestProject\bin\Debug\netcoreapp3.1\xUnitTestProject.dll" adapterTypeName="executor://xunit/VsTestRunner2/netcoreapp" className="xUnitTestProject.CurrencyHelperTests" name="FormatToStringTest1000" />
    </UnitTest>
    <UnitTest name="xUnitTestProject.CurrencyHelperTests.FormatToStringTest1000(price: 57713.01647853712, expected: &quot;57713.02 zł&quot;)" storage="c:\projekty\xunittestproject\bin\debug\netcoreapp3.1\xunittestproject.dll" id="f15540c1-ce27-2f60-c3f9-161af09be8cd">
      <Execution id="f1ea9141-b354-4397-bd0c-84d09499793b" />
      <TestMethod codeBase="C:\Projekty\xUnitTestProject\bin\Debug\netcoreapp3.1\xUnitTestProject.dll" adapterTypeName="executor://xunit/VsTestRunner2/netcoreapp" className="xUnitTestProject.CurrencyHelperTests" name="FormatToStringTest1000" />
    </UnitTest>
    <UnitTest name="xUnitTestProject.CurrencyHelperTests.FormatToStringTest1000(price: 22604.838218828587, expected: &quot;22604.84 zł&quot;)" storage="c:\projekty\xunittestproject\bin\debug\netcoreapp3.1\xunittestproject.dll" id="79a853ed-d140-e6d5-86c3-6423b904d524">
      <Execution id="710f7456-52fe-4e13-82f1-6ce118d9b991" />
      <TestMethod codeBase="C:\Projekty\xUnitTestProject\bin\Debug\netcoreapp3.1\xUnitTestProject.dll" adapterTypeName="executor://xunit/VsTestRunner2/netcoreapp" className="xUnitTestProject.CurrencyHelperTests" name="FormatToStringTest1000" />
    </UnitTest>
    <UnitTest name="xUnitTestProject.CurrencyHelperTests.FormatToStringTest1000(price: 95071.15957335343, expected: &quot;95071.16 zł&quot;)" storage="c:\projekty\xunittestproject\bin\debug\netcoreapp3.1\xunittestproject.dll" id="93fd2413-8c9b-cb53-924a-b9c4b432d82a">
      <Execution id="823b4948-08f9-42e6-81c5-a0b85f15e420" />
      <TestMethod codeBase="C:\Projekty\xUnitTestProject\bin\Debug\netcoreapp3.1\xUnitTestProject.dll" adapterTypeName="executor://xunit/VsTestRunner2/netcoreapp" className="xUnitTestProject.CurrencyHelperTests" name="FormatToStringTest1000" />
    </UnitTest>
    <UnitTest name="xUnitTestProject.CurrencyHelperTests.FormatToStringTest1000(price: 9657.360676611475, expected: &quot;9657.36 zł&quot;)" storage="c:\projekty\xunittestproject\bin\debug\netcoreapp3.1\xunittestproject.dll" id="4167d107-473f-7d0a-c3aa-2c271677cfd1">
      <Execution id="48b371bf-bb8f-43df-a2a7-3b43abf5c818" />
      <TestMethod codeBase="C:\Projekty\xUnitTestProject\bin\Debug\netcoreapp3.1\xUnitTestProject.dll" adapterTypeName="executor://xunit/VsTestRunner2/netcoreapp" className="xUnitTestProject.CurrencyHelperTests" name="FormatToStringTest1000" />
    </UnitTest>
    <UnitTest name="xUnitTestProject.CurrencyHelperTests.FormatToStringTest1000(price: 26223.99769144412, expected: &quot;26224.00 zł&quot;)" storage="c:\projekty\xunittestproject\bin\debug\netcoreapp3.1\xunittestproject.dll" id="d543b1fe-0034-e565-eca0-f9a5d2d12bdc">
      <Execution id="d28eb157-345d-40dd-8534-19eae2d44d36" />
      <TestMethod codeBase="C:\Projekty\xUnitTestProject\bin\Debug\netcoreapp3.1\xUnitTestProject.dll" adapterTypeName="executor://xunit/VsTestRunner2/netcoreapp" className="xUnitTestProject.CurrencyHelperTests" name="FormatToStringTest1000" />
    </UnitTest>
    <UnitTest name="xUnitTestProject.CurrencyHelperTests.FormatToStringTest1000(price: 20244.692955315437, expected: &quot;20244.69 zł&quot;)" storage="c:\projekty\xunittestproject\bin\debug\netcoreapp3.1\xunittestproject.dll" id="3d1af355-28e7-625e-59fd-fe5da700f0dc">
      <Execution id="a6c0f0c7-428c-4520-8a23-45b45d4487ef" />
      <TestMethod codeBase="C:\Projekty\xUnitTestProject\bin\Debug\netcoreapp3.1\xUnitTestProject.dll" adapterTypeName="executor://xunit/VsTestRunner2/netcoreapp" className="xUnitTestProject.CurrencyHelperTests" name="FormatToStringTest1000" />
    </UnitTest>
    <UnitTest name="xUnitTestProject.CurrencyHelperTests.FormatToStringTest1000(price: 31622.81414407809, expected: &quot;31622.81 zł&quot;)" storage="c:\projekty\xunittestproject\bin\debug\netcoreapp3.1\xunittestproject.dll" id="55a64d0e-8de2-b5b6-7b28-338aaabcb504">
      <Execution id="38b3dfb0-cc1d-48ff-b7c3-680238082418" />
      <TestMethod codeBase="C:\Projekty\xUnitTestProject\bin\Debug\netcoreapp3.1\xUnitTestProject.dll" adapterTypeName="executor://xunit/VsTestRunner2/netcoreapp" className="xUnitTestProject.CurrencyHelperTests" name="FormatToStringTest1000" />
    </UnitTest>
    <UnitTest name="xUnitTestProject.CurrencyHelperTests.FormatToStringTest1000(price: 9994.9471861026, expected: &quot;9994.95 zł&quot;)" storage="c:\projekty\xunittestproject\bin\debug\netcoreapp3.1\xunittestproject.dll" id="313d194a-30d0-d3d5-cf7b-c5a66b6b3935">
      <Execution id="3aa6405c-eaee-4934-b6c5-acb5e854575f" />
      <TestMethod codeBase="C:\Projekty\xUnitTestProject\bin\Debug\netcoreapp3.1\xUnitTestProject.dll" adapterTypeName="executor://xunit/VsTestRunner2/netcoreapp" className="xUnitTestProject.CurrencyHelperTests" name="FormatToStringTest1000" />
    </UnitTest>
    <UnitTest name="xUnitTestProject.CurrencyHelperTests.FormatToStringTest1000(price: 16037.01783290087, expected: &quot;16037.02 zł&quot;)" storage="c:\projekty\xunittestproject\bin\debug\netcoreapp3.1\xunittestproject.dll" id="e9fa372e-14d7-79bd-7239-c4f5919adecb">
      <Execution id="ee7651fb-93f1-4bb2-873c-4cd79d3e5f58" />
      <TestMethod codeBase="C:\Projekty\xUnitTestProject\bin\Debug\netcoreapp3.1\xUnitTestProject.dll" adapterTypeName="executor://xunit/VsTestRunner2/netcoreapp" className="xUnitTestProject.CurrencyHelperTests" name="FormatToStringTest1000" />
    </UnitTest>
    <UnitTest name="xUnitTestProject.CurrencyHelperTests.FormatToStringTest1000(price: 19352.183340702755, expected: &quot;19352.18 zł&quot;)" storage="c:\projekty\xunittestproject\bin\debug\netcoreapp3.1\xunittestproject.dll" id="e31c0c60-96f3-c3fc-f48c-6d389a7185de">
      <Execution id="5008e5de-a3dd-447a-903e-eb8f9278f1bb" />
      <TestMethod codeBase="C:\Projekty\xUnitTestProject\bin\Debug\netcoreapp3.1\xUnitTestProject.dll" adapterTypeName="executor://xunit/VsTestRunner2/netcoreapp" className="xUnitTestProject.CurrencyHelperTests" name="FormatToStringTest1000" />
    </UnitTest>
    <UnitTest name="xUnitTestProject.CurrencyHelperTests.FormatToStringTest1000(price: 12871.381729632794, expected: &quot;12871.38 zł&quot;)" storage="c:\projekty\xunittestproject\bin\debug\netcoreapp3.1\xunittestproject.dll" id="2f04d734-6778-0b79-9d14-d79b1e3bb130">
      <Execution id="b139f42b-800d-453a-af42-9eae6c183df5" />
      <TestMethod codeBase="C:\Projekty\xUnitTestProject\bin\Debug\netcoreapp3.1\xUnitTestProject.dll" adapterTypeName="executor://xunit/VsTestRunner2/netcoreapp" className="xUnitTestProject.CurrencyHelperTests" name="FormatToStringTest1000" />
    </UnitTest>
    <UnitTest name="xUnitTestProject.CurrencyHelperTests.FormatToStringTest1000(price: 32908.76696502639, expected: &quot;32908.77 zł&quot;)" storage="c:\projekty\xunittestproject\bin\debug\netcoreapp3.1\xunittestproject.dll" id="787cef43-2dc9-190c-2e64-d5af6533289b">
      <Execution id="2568f5d2-3d0b-434f-9049-fd585f12fa0d" />
      <TestMethod codeBase="C:\Projekty\xUnitTestProject\bin\Debug\netcoreapp3.1\xUnitTestProject.dll" adapterTypeName="executor://xunit/VsTestRunner2/netcoreapp" className="xUnitTestProject.CurrencyHelperTests" name="FormatToStringTest1000" />
    </UnitTest>
    <UnitTest name="xUnitTestProject.CurrencyHelperTests.FormatToStringTest1000(price: 134.1514758393874, expected: &quot;134.15 zł&quot;)" storage="c:\projekty\xunittestproject\bin\debug\netcoreapp3.1\xunittestproject.dll" id="3a8cda37-b7cc-323f-afa4-03303dd2ce88">
      <Execution id="1948a289-4829-4af7-a142-3886b1dad84f" />
      <TestMethod codeBase="C:\Projekty\xUnitTestProject\bin\Debug\netcoreapp3.1\xUnitTestProject.dll" adapterTypeName="executor://xunit/VsTestRunner2/netcoreapp" className="xUnitTestProject.CurrencyHelperTests" name="FormatToStringTest1000" />
    </UnitTest>
    <UnitTest name="xUnitTestProject.CurrencyHelperTests.FormatToStringTest1000(price: 4648.492795337221, expected: &quot;4648.49 zł&quot;)" storage="c:\projekty\xunittestproject\bin\debug\netcoreapp3.1\xunittestproject.dll" id="d256d95f-79c2-283f-fe67-61aaa54d0e1b">
      <Execution id="10675196-dd11-4302-920f-2bdae6e1898a" />
      <TestMethod codeBase="C:\Projekty\xUnitTestProject\bin\Debug\netcoreapp3.1\xUnitTestProject.dll" adapterTypeName="executor://xunit/VsTestRunner2/netcoreapp" className="xUnitTestProject.CurrencyHelperTests" name="FormatToStringTest1000" />
    </UnitTest>
    <UnitTest name="xUnitTestProject.CurrencyHelperTests.FormatToStringTest1000(price: 26858.35647848731, expected: &quot;26858.36 zł&quot;)" storage="c:\projekty\xunittestproject\bin\debug\netcoreapp3.1\xunittestproject.dll" id="0fb536e2-af1a-ef21-5b53-d89a189dda8d">
      <Execution id="d81e49dc-9e1b-4b56-9721-309d3c9995ee" />
      <TestMethod codeBase="C:\Projekty\xUnitTestProject\bin\Debug\netcoreapp3.1\xUnitTestProject.dll" adapterTypeName="executor://xunit/VsTestRunner2/netcoreapp" className="xUnitTestProject.CurrencyHelperTests" name="FormatToStringTest1000" />
    </UnitTest>
    <UnitTest name="xUnitTestProject.CurrencyHelperTests.FormatToStringTest1000(price: 3503.9809179231434, expected: &quot;3503.98 zł&quot;)" storage="c:\projekty\xunittestproject\bin\debug\netcoreapp3.1\xunittestproject.dll" id="40be92cf-d13e-6e4d-cafb-3ad22a6b9f7e">
      <Execution id="66b456d4-38b6-4354-afaa-a2251dc77806" />
      <TestMethod codeBase="C:\Projekty\xUnitTestProject\bin\Debug\netcoreapp3.1\xUnitTestProject.dll" adapterTypeName="executor://xunit/VsTestRunner2/netcoreapp" className="xUnitTestProject.CurrencyHelperTests" name="FormatToStringTest1000" />
    </UnitTest>
    <UnitTest name="xUnitTestProject.CurrencyHelperTests.FormatToStringTest1000(price: 11118.620997698335, expected: &quot;11118.62 zł&quot;)" storage="c:\projekty\xunittestproject\bin\debug\netcoreapp3.1\xunittestproject.dll" id="9634b23e-736b-8d03-4e65-5819fb03baa5">
      <Execution id="a2529248-b1eb-4ff0-b17b-ecdd1d8f4354" />
      <TestMethod codeBase="C:\Projekty\xUnitTestProject\bin\Debug\netcoreapp3.1\xUnitTestProject.dll" adapterTypeName="executor://xunit/VsTestRunner2/netcoreapp" className="xUnitTestProject.CurrencyHelperTests" name="FormatToStringTest1000" />
    </UnitTest>
    <UnitTest name="xUnitTestProject.CurrencyHelperTests.FormatToStringTest1000(price: 45603.90324273142, expected: &quot;45603.90 zł&quot;)" storage="c:\projekty\xunittestproject\bin\debug\netcoreapp3.1\xunittestproject.dll" id="f58711de-d6a1-25df-941a-d7a477d8bf41">
      <Execution id="bee86665-1096-4756-ab74-37bad05fa3eb" />
      <TestMethod codeBase="C:\Projekty\xUnitTestProject\bin\Debug\netcoreapp3.1\xUnitTestProject.dll" adapterTypeName="executor://xunit/VsTestRunner2/netcoreapp" className="xUnitTestProject.CurrencyHelperTests" name="FormatToStringTest1000" />
    </UnitTest>
    <UnitTest name="xUnitTestProject.CurrencyHelperTests.FormatToStringTest1000(price: 4105.490993980081, expected: &quot;4105.49 zł&quot;)" storage="c:\projekty\xunittestproject\bin\debug\netcoreapp3.1\xunittestproject.dll" id="2fe7dd20-7d34-4621-c4bd-6f2ec94c5407">
      <Execution id="535670da-cd15-4494-a8ea-e66e9b8ba303" />
      <TestMethod codeBase="C:\Projekty\xUnitTestProject\bin\Debug\netcoreapp3.1\xUnitTestProject.dll" adapterTypeName="executor://xunit/VsTestRunner2/netcoreapp" className="xUnitTestProject.CurrencyHelperTests" name="FormatToStringTest1000" />
    </UnitTest>
    <UnitTest name="xUnitTestProject.CurrencyHelperTests.FormatToStringTest1000(price: 45930.2386782068, expected: &quot;45930.24 zł&quot;)" storage="c:\projekty\xunittestproject\bin\debug\netcoreapp3.1\xunittestproject.dll" id="8de67803-7acb-6ed7-12bc-5420c17b40c0">
      <Execution id="7473035f-6791-4a3d-b0fe-f37f29df2b2a" />
      <TestMethod codeBase="C:\Projekty\xUnitTestProject\bin\Debug\netcoreapp3.1\xUnitTestProject.dll" adapterTypeName="executor://xunit/VsTestRunner2/netcoreapp" className="xUnitTestProject.CurrencyHelperTests" name="FormatToStringTest1000" />
    </UnitTest>
    <UnitTest name="xUnitTestProject.CurrencyHelperTests.FormatToStringTest1000(price: 3646.857719214101, expected: &quot;3646.86 zł&quot;)" storage="c:\projekty\xunittestproject\bin\debug\netcoreapp3.1\xunittestproject.dll" id="3af61c48-eead-454e-59a5-a117f0360878">
      <Execution id="1f90c6c5-55e4-44b7-be17-8fa17ee24dfe" />
      <TestMethod codeBase="C:\Projekty\xUnitTestProject\bin\Debug\netcoreapp3.1\xUnitTestProject.dll" adapterTypeName="executor://xunit/VsTestRunner2/netcoreapp" className="xUnitTestProject.CurrencyHelperTests" name="FormatToStringTest1000" />
    </UnitTest>
    <UnitTest name="xUnitTestProject.CurrencyHelperTests.FormatToStringTest1000(price: 18023.78504577455, expected: &quot;18023.79 zł&quot;)" storage="c:\projekty\xunittestproject\bin\debug\netcoreapp3.1\xunittestproject.dll" id="d633a901-6eef-f5d7-952c-569ae3ddce8f">
      <Execution id="75630d23-9819-4776-bbb8-ee204855175c" />
      <TestMethod codeBase="C:\Projekty\xUnitTestProject\bin\Debug\netcoreapp3.1\xUnitTestProject.dll" adapterTypeName="executor://xunit/VsTestRunner2/netcoreapp" className="xUnitTestProject.CurrencyHelperTests" name="FormatToStringTest1000" />
    </UnitTest>
    <UnitTest name="xUnitTestProject.CurrencyHelperTests.FormatToStringTest1000(price: 22189.78731674132, expected: &quot;22189.79 zł&quot;)" storage="c:\projekty\xunittestproject\bin\debug\netcoreapp3.1\xunittestproject.dll" id="4cc08620-7636-5b0e-e6ce-7fa1f27effef">
      <Execution id="0a7e5958-d8d6-469f-b463-3c9e8697fb40" />
      <TestMethod codeBase="C:\Projekty\xUnitTestProject\bin\Debug\netcoreapp3.1\xUnitTestProject.dll" adapterTypeName="executor://xunit/VsTestRunner2/netcoreapp" className="xUnitTestProject.CurrencyHelperTests" name="FormatToStringTest1000" />
    </UnitTest>
    <UnitTest name="xUnitTestProject.CurrencyHelperTests.FormatToStringTest1000(price: 24957.469502810607, expected: &quot;24957.47 zł&quot;)" storage="c:\projekty\xunittestproject\bin\debug\netcoreapp3.1\xunittestproject.dll" id="b16fb8e5-3fa9-845c-9c70-ee0c0d261e2c">
      <Execution id="eb093800-377f-4c6d-8bc1-c12cc427fdc8" />
      <TestMethod codeBase="C:\Projekty\xUnitTestProject\bin\Debug\netcoreapp3.1\xUnitTestProject.dll" adapterTypeName="executor://xunit/VsTestRunner2/netcoreapp" className="xUnitTestProject.CurrencyHelperTests" name="FormatToStringTest1000" />
    </UnitTest>
    <UnitTest name="xUnitTestProject.CurrencyHelperTests.FormatToStringTest1000(price: 49416.285282306504, expected: &quot;49416.29 zł&quot;)" storage="c:\projekty\xunittestproject\bin\debug\netcoreapp3.1\xunittestproject.dll" id="c74f6017-9eb9-5854-4b62-c26b4cabe787">
      <Execution id="5d8ab517-a221-423f-946c-ef1941bbcac2" />
      <TestMethod codeBase="C:\Projekty\xUnitTestProject\bin\Debug\netcoreapp3.1\xUnitTestProject.dll" adapterTypeName="executor://xunit/VsTestRunner2/netcoreapp" className="xUnitTestProject.CurrencyHelperTests" name="FormatToStringTest1000" />
    </UnitTest>
    <UnitTest name="xUnitTestProject.CurrencyHelperTests.FormatToStringTest1000(price: 2121.0917325211185, expected: &quot;2121.09 zł&quot;)" storage="c:\projekty\xunittestproject\bin\debug\netcoreapp3.1\xunittestproject.dll" id="4df9b13a-de84-7056-3c88-543d3fa32c62">
      <Execution id="b553bba5-2df2-4ef4-89e1-744317a5b300" />
      <TestMethod codeBase="C:\Projekty\xUnitTestProject\bin\Debug\netcoreapp3.1\xUnitTestProject.dll" adapterTypeName="executor://xunit/VsTestRunner2/netcoreapp" className="xUnitTestProject.CurrencyHelperTests" name="FormatToStringTest1000" />
    </UnitTest>
    <UnitTest name="xUnitTestProject.CurrencyHelperTests.FormatToStringTest1000(price: 16957.4523676757, expected: &quot;16957.45 zł&quot;)" storage="c:\projekty\xunittestproject\bin\debug\netcoreapp3.1\xunittestproject.dll" id="e099abd9-c51a-27c3-fe30-7b74e00a337f">
      <Execution id="99907257-01a3-4faf-b4b3-b14be77a4049" />
      <TestMethod codeBase="C:\Projekty\xUnitTestProject\bin\Debug\netcoreapp3.1\xUnitTestProject.dll" adapterTypeName="executor://xunit/VsTestRunner2/netcoreapp" className="xUnitTestProject.CurrencyHelperTests" name="FormatToStringTest1000" />
    </UnitTest>
    <UnitTest name="xUnitTestProject.CurrencyHelperTests.FormatToStringTest1000(price: 34145.534199603615, expected: &quot;34145.53 zł&quot;)" storage="c:\projekty\xunittestproject\bin\debug\netcoreapp3.1\xunittestproject.dll" id="3d5d455f-8b5b-9efe-5bfb-ffa440cd9adb">
      <Execution id="0e0e0f9b-9290-4741-8428-f3f19dc63748" />
      <TestMethod codeBase="C:\Projekty\xUnitTestProject\bin\Debug\netcoreapp3.1\xUnitTestProject.dll" adapterTypeName="executor://xunit/VsTestRunner2/netcoreapp" className="xUnitTestProject.CurrencyHelperTests" name="FormatToStringTest1000" />
    </UnitTest>
    <UnitTest name="xUnitTestProject.CurrencyHelperTests.FormatToStringTest1000(price: 6102.4120417453405, expected: &quot;6102.41 zł&quot;)" storage="c:\projekty\xunittestproject\bin\debug\netcoreapp3.1\xunittestproject.dll" id="c7c013ea-be14-a4b5-1c6f-2b6dde46abbc">
      <Execution id="3d37c3e2-229c-4767-8e15-a787c2b6bb92" />
      <TestMethod codeBase="C:\Projekty\xUnitTestProject\bin\Debug\netcoreapp3.1\xUnitTestProject.dll" adapterTypeName="executor://xunit/VsTestRunner2/netcoreapp" className="xUnitTestProject.CurrencyHelperTests" name="FormatToStringTest1000" />
    </UnitTest>
    <UnitTest name="xUnitTestProject.CurrencyHelperTests.FormatToStringTest1000(price: 13508.811787825922, expected: &quot;13508.81 zł&quot;)" storage="c:\projekty\xunittestproject\bin\debug\netcoreapp3.1\xunittestproject.dll" id="f7ba8e86-cb66-6ef4-d1cf-87def896d05b">
      <Execution id="14f0dad8-2d3a-4597-9948-2d492c6bdae1" />
      <TestMethod codeBase="C:\Projekty\xUnitTestProject\bin\Debug\netcoreapp3.1\xUnitTestProject.dll" adapterTypeName="executor://xunit/VsTestRunner2/netcoreapp" className="xUnitTestProject.CurrencyHelperTests" name="FormatToStringTest1000" />
    </UnitTest>
    <UnitTest name="xUnitTestProject.CurrencyHelperTests.FormatToStringTest1000(price: 25720.27551496321, expected: &quot;25720.28 zł&quot;)" storage="c:\projekty\xunittestproject\bin\debug\netcoreapp3.1\xunittestproject.dll" id="f015f451-5073-33ab-39c2-17ab900bf337">
      <Execution id="746dec2e-8284-4ea7-9af6-c2b5ec3f04cf" />
      <TestMethod codeBase="C:\Projekty\xUnitTestProject\bin\Debug\netcoreapp3.1\xUnitTestProject.dll" adapterTypeName="executor://xunit/VsTestRunner2/netcoreapp" className="xUnitTestProject.CurrencyHelperTests" name="FormatToStringTest1000" />
    </UnitTest>
    <UnitTest name="xUnitTestProject.CurrencyHelperTests.FormatToStringTest1000(price: 9151.103070427245, expected: &quot;9151.10 zł&quot;)" storage="c:\projekty\xunittestproject\bin\debug\netcoreapp3.1\xunittestproject.dll" id="9c8eee20-620b-e0aa-1580-d34a7e65e392">
      <Execution id="c1373a31-e80e-4949-a99a-88946b21d572" />
      <TestMethod codeBase="C:\Projekty\xUnitTestProject\bin\Debug\netcoreapp3.1\xUnitTestProject.dll" adapterTypeName="executor://xunit/VsTestRunner2/netcoreapp" className="xUnitTestProject.CurrencyHelperTests" name="FormatToStringTest1000" />
    </UnitTest>
    <UnitTest name="xUnitTestProject.CurrencyHelperTests.FormatToStringTest1000(price: 6173.0243155793405, expected: &quot;6173.02 zł&quot;)" storage="c:\projekty\xunittestproject\bin\debug\netcoreapp3.1\xunittestproject.dll" id="3592b35e-5647-34de-406e-9d7d0b031ac6">
      <Execution id="a23bd169-5c1d-4bf9-88a6-b063f935856b" />
      <TestMethod codeBase="C:\Projekty\xUnitTestProject\bin\Debug\netcoreapp3.1\xUnitTestProject.dll" adapterTypeName="executor://xunit/VsTestRunner2/netcoreapp" className="xUnitTestProject.CurrencyHelperTests" name="FormatToStringTest1000" />
    </UnitTest>
    <UnitTest name="xUnitTestProject.CurrencyHelperTests.FormatToStringTest1000(price: 79973.08417819678, expected: &quot;79973.08 zł&quot;)" storage="c:\projekty\xunittestproject\bin\debug\netcoreapp3.1\xunittestproject.dll" id="34bcb15f-3abe-d5c6-acbc-f3d258cf59b6">
      <Execution id="1c6ca9e1-2292-4e5e-946d-9c9a7286a323" />
      <TestMethod codeBase="C:\Projekty\xUnitTestProject\bin\Debug\netcoreapp3.1\xUnitTestProject.dll" adapterTypeName="executor://xunit/VsTestRunner2/netcoreapp" className="xUnitTestProject.CurrencyHelperTests" name="FormatToStringTest1000" />
    </UnitTest>
    <UnitTest name="xUnitTestProject.CurrencyHelperTests.FormatToStringTest1000(price: 37589.670531794276, expected: &quot;37589.67 zł&quot;)" storage="c:\projekty\xunittestproject\bin\debug\netcoreapp3.1\xunittestproject.dll" id="f6a49bae-16a9-096b-f816-1c54e1a6b8b7">
      <Execution id="b1d91ff2-11f8-4348-be0e-fd09c6d8e966" />
      <TestMethod codeBase="C:\Projekty\xUnitTestProject\bin\Debug\netcoreapp3.1\xUnitTestProject.dll" adapterTypeName="executor://xunit/VsTestRunner2/netcoreapp" className="xUnitTestProject.CurrencyHelperTests" name="FormatToStringTest1000" />
    </UnitTest>
    <UnitTest name="xUnitTestProject.CurrencyHelperTests.FormatToStringTest1000(price: 657.5396922647672, expected: &quot;657.54 zł&quot;)" storage="c:\projekty\xunittestproject\bin\debug\netcoreapp3.1\xunittestproject.dll" id="82e67c06-9849-1902-4582-6ac1133c7960">
      <Execution id="d3825aef-4a3e-461d-a621-44b0dc3cd373" />
      <TestMethod codeBase="C:\Projekty\xUnitTestProject\bin\Debug\netcoreapp3.1\xUnitTestProject.dll" adapterTypeName="executor://xunit/VsTestRunner2/netcoreapp" className="xUnitTestProject.CurrencyHelperTests" name="FormatToStringTest1000" />
    </UnitTest>
    <UnitTest name="xUnitTestProject.CurrencyHelperTests.FormatToStringTest1000(price: 34062.88803158276, expected: &quot;34062.89 zł&quot;)" storage="c:\projekty\xunittestproject\bin\debug\netcoreapp3.1\xunittestproject.dll" id="4c71192e-43b4-c49c-e53a-9e4a0adf6b7e">
      <Execution id="54d4d26d-0a0e-492b-9f4d-35310e4e5052" />
      <TestMethod codeBase="C:\Projekty\xUnitTestProject\bin\Debug\netcoreapp3.1\xUnitTestProject.dll" adapterTypeName="executor://xunit/VsTestRunner2/netcoreapp" className="xUnitTestProject.CurrencyHelperTests" name="FormatToStringTest1000" />
    </UnitTest>
    <UnitTest name="xUnitTestProject.CurrencyHelperTests.FormatToStringTest1000(price: 54724.71040318008, expected: &quot;54724.71 zł&quot;)" storage="c:\projekty\xunittestproject\bin\debug\netcoreapp3.1\xunittestproject.dll" id="3436f427-af0a-5bde-6f98-b38b99a7cf5b">
      <Execution id="9b347117-6c62-4916-8e2b-4b131582b833" />
      <TestMethod codeBase="C:\Projekty\xUnitTestProject\bin\Debug\netcoreapp3.1\xUnitTestProject.dll" adapterTypeName="executor://xunit/VsTestRunner2/netcoreapp" className="xUnitTestProject.CurrencyHelperTests" name="FormatToStringTest1000" />
    </UnitTest>
    <UnitTest name="xUnitTestProject.CurrencyHelperTests.FormatToStringTest1000(price: 2435.1995505835857, expected: &quot;2435.20 zł&quot;)" storage="c:\projekty\xunittestproject\bin\debug\netcoreapp3.1\xunittestproject.dll" id="a79fd14a-da4c-bcf0-0f87-a480851cd28d">
      <Execution id="b700ba63-f351-4a07-9075-b82982c3a546" />
      <TestMethod codeBase="C:\Projekty\xUnitTestProject\bin\Debug\netcoreapp3.1\xUnitTestProject.dll" adapterTypeName="executor://xunit/VsTestRunner2/netcoreapp" className="xUnitTestProject.CurrencyHelperTests" name="FormatToStringTest1000" />
    </UnitTest>
    <UnitTest name="xUnitTestProject.CurrencyHelperTests.FormatToStringTest1000(price: 11958.422287871792, expected: &quot;11958.42 zł&quot;)" storage="c:\projekty\xunittestproject\bin\debug\netcoreapp3.1\xunittestproject.dll" id="0fe69b56-67e1-3f07-b6ce-8076afaa9bd7">
      <Execution id="7fe20e3b-e4b1-4575-b914-4104c2d81749" />
      <TestMethod codeBase="C:\Projekty\xUnitTestProject\bin\Debug\netcoreapp3.1\xUnitTestProject.dll" adapterTypeName="executor://xunit/VsTestRunner2/netcoreapp" className="xUnitTestProject.CurrencyHelperTests" name="FormatToStringTest1000" />
    </UnitTest>
    <UnitTest name="xUnitTestProject.CurrencyHelperTests.FormatToStringTest1000(price: 38845.74924104323, expected: &quot;38845.75 zł&quot;)" storage="c:\projekty\xunittestproject\bin\debug\netcoreapp3.1\xunittestproject.dll" id="10e970c4-cd41-e630-0953-62de694a4cfc">
      <Execution id="4d46d5c9-d2f4-41f6-993b-1725df461366" />
      <TestMethod codeBase="C:\Projekty\xUnitTestProject\bin\Debug\netcoreapp3.1\xUnitTestProject.dll" adapterTypeName="executor://xunit/VsTestRunner2/netcoreapp" className="xUnitTestProject.CurrencyHelperTests" name="FormatToStringTest1000" />
    </UnitTest>
    <UnitTest name="xUnitTestProject.CurrencyHelperTests.FormatToStringTest1000(price: 50664.01951024869, expected: &quot;50664.02 zł&quot;)" storage="c:\projekty\xunittestproject\bin\debug\netcoreapp3.1\xunittestproject.dll" id="888f3232-385d-d83f-1eb6-9a6c46cfe5c3">
      <Execution id="e204412c-2996-4589-b17b-b141d987e07f" />
      <TestMethod codeBase="C:\Projekty\xUnitTestProject\bin\Debug\netcoreapp3.1\xUnitTestProject.dll" adapterTypeName="executor://xunit/VsTestRunner2/netcoreapp" className="xUnitTestProject.CurrencyHelperTests" name="FormatToStringTest1000" />
    </UnitTest>
    <UnitTest name="xUnitTestProject.CurrencyHelperTests.FormatToStringTest1000(price: 20454.142628653506, expected: &quot;20454.14 zł&quot;)" storage="c:\projekty\xunittestproject\bin\debug\netcoreapp3.1\xunittestproject.dll" id="5d5f3f94-f47b-3420-095f-ee592218e6de">
      <Execution id="70aab9b8-3e23-4a3c-8bb3-11ead982cfb5" />
      <TestMethod codeBase="C:\Projekty\xUnitTestProject\bin\Debug\netcoreapp3.1\xUnitTestProject.dll" adapterTypeName="executor://xunit/VsTestRunner2/netcoreapp" className="xUnitTestProject.CurrencyHelperTests" name="FormatToStringTest1000" />
    </UnitTest>
    <UnitTest name="xUnitTestProject.CurrencyHelperTests.FormatToStringTest1000(price: 17232.486162219426, expected: &quot;17232.49 zł&quot;)" storage="c:\projekty\xunittestproject\bin\debug\netcoreapp3.1\xunittestproject.dll" id="ad936791-3884-bcd2-a8bf-cc0980504588">
      <Execution id="2e367714-8031-4ad7-80c0-ebb671ad036c" />
      <TestMethod codeBase="C:\Projekty\xUnitTestProject\bin\Debug\netcoreapp3.1\xUnitTestProject.dll" adapterTypeName="executor://xunit/VsTestRunner2/netcoreapp" className="xUnitTestProject.CurrencyHelperTests" name="FormatToStringTest1000" />
    </UnitTest>
    <UnitTest name="xUnitTestProject.CurrencyHelperTests.FormatToStringTest1000(price: 13414.3551766441, expected: &quot;13414.36 zł&quot;)" storage="c:\projekty\xunittestproject\bin\debug\netcoreapp3.1\xunittestproject.dll" id="5481b8f6-7923-7c75-9ba8-6b8dff0a8582">
      <Execution id="24d9b1fa-c758-4f32-97f6-9368680b5e5a" />
      <TestMethod codeBase="C:\Projekty\xUnitTestProject\bin\Debug\netcoreapp3.1\xUnitTestProject.dll" adapterTypeName="executor://xunit/VsTestRunner2/netcoreapp" className="xUnitTestProject.CurrencyHelperTests" name="FormatToStringTest1000" />
    </UnitTest>
    <UnitTest name="xUnitTestProject.CurrencyHelperTests.FormatToStringTest1000(price: 5548.360986085777, expected: &quot;5548.36 zł&quot;)" storage="c:\projekty\xunittestproject\bin\debug\netcoreapp3.1\xunittestproject.dll" id="5bb9d818-e2ff-58b7-df0a-941461adb800">
      <Execution id="31b7bf5e-1012-491a-88c4-48e87bb63ab3" />
      <TestMethod codeBase="C:\Projekty\xUnitTestProject\bin\Debug\netcoreapp3.1\xUnitTestProject.dll" adapterTypeName="executor://xunit/VsTestRunner2/netcoreapp" className="xUnitTestProject.CurrencyHelperTests" name="FormatToStringTest1000" />
    </UnitTest>
    <UnitTest name="xUnitTestProject.CurrencyHelperTests.FormatToStringTest1000(price: 8582.709131852587, expected: &quot;8582.71 zł&quot;)" storage="c:\projekty\xunittestproject\bin\debug\netcoreapp3.1\xunittestproject.dll" id="0fab285a-bfbc-a49a-b095-2b979efe33e8">
      <Execution id="e2af023b-209b-4e24-980d-a048135858bb" />
      <TestMethod codeBase="C:\Projekty\xUnitTestProject\bin\Debug\netcoreapp3.1\xUnitTestProject.dll" adapterTypeName="executor://xunit/VsTestRunner2/netcoreapp" className="xUnitTestProject.CurrencyHelperTests" name="FormatToStringTest1000" />
    </UnitTest>
    <UnitTest name="xUnitTestProject.CurrencyHelperTests.FormatToStringTest1000(price: 15190.097283723344, expected: &quot;15190.10 zł&quot;)" storage="c:\projekty\xunittestproject\bin\debug\netcoreapp3.1\xunittestproject.dll" id="a50452b0-19e4-73e9-85e6-be9ac505f00e">
      <Execution id="685da20f-051f-4032-b2a0-44d3f64dff33" />
      <TestMethod codeBase="C:\Projekty\xUnitTestProject\bin\Debug\netcoreapp3.1\xUnitTestProject.dll" adapterTypeName="executor://xunit/VsTestRunner2/netcoreapp" className="xUnitTestProject.CurrencyHelperTests" name="FormatToStringTest1000" />
    </UnitTest>
    <UnitTest name="xUnitTestProject.CurrencyHelperTests.FormatToStringTest1000(price: 13582.47117894258, expected: &quot;13582.47 zł&quot;)" storage="c:\projekty\xunittestproject\bin\debug\netcoreapp3.1\xunittestproject.dll" id="bfa1b3ee-d7a8-b11e-2134-8a3b879aa609">
      <Execution id="f2252b37-ff76-45ad-bb3d-c46b738550f9" />
      <TestMethod codeBase="C:\Projekty\xUnitTestProject\bin\Debug\netcoreapp3.1\xUnitTestProject.dll" adapterTypeName="executor://xunit/VsTestRunner2/netcoreapp" className="xUnitTestProject.CurrencyHelperTests" name="FormatToStringTest1000" />
    </UnitTest>
    <UnitTest name="xUnitTestProject.CurrencyHelperTests.FormatToStringTest1000(price: 1687.5965557361937, expected: &quot;1687.60 zł&quot;)" storage="c:\projekty\xunittestproject\bin\debug\netcoreapp3.1\xunittestproject.dll" id="2732f008-e7e8-d754-7384-c116f008d613">
      <Execution id="f178f08d-8543-4f04-a735-0fd7fce8d8c7" />
      <TestMethod codeBase="C:\Projekty\xUnitTestProject\bin\Debug\netcoreapp3.1\xUnitTestProject.dll" adapterTypeName="executor://xunit/VsTestRunner2/netcoreapp" className="xUnitTestProject.CurrencyHelperTests" name="FormatToStringTest1000" />
    </UnitTest>
    <UnitTest name="xUnitTestProject.CurrencyHelperTests.FormatToStringTest1000(price: 6027.66019266828, expected: &quot;6027.66 zł&quot;)" storage="c:\projekty\xunittestproject\bin\debug\netcoreapp3.1\xunittestproject.dll" id="2a896644-50d0-a8ac-de47-7ac4676c290e">
      <Execution id="c4af99bd-d495-422f-98e1-e3fd816db9df" />
      <TestMethod codeBase="C:\Projekty\xUnitTestProject\bin\Debug\netcoreapp3.1\xUnitTestProject.dll" adapterTypeName="executor://xunit/VsTestRunner2/netcoreapp" className="xUnitTestProject.CurrencyHelperTests" name="FormatToStringTest1000" />
    </UnitTest>
    <UnitTest name="xUnitTestProject.CurrencyHelperTests.FormatToStringTest1000(price: 7348.947429818543, expected: &quot;7348.95 zł&quot;)" storage="c:\projekty\xunittestproject\bin\debug\netcoreapp3.1\xunittestproject.dll" id="b805cea1-9061-e180-4bd1-a6b18b6307ab">
      <Execution id="cea1ea1b-dd0a-4de8-8f13-e4d20f4cab01" />
      <TestMethod codeBase="C:\Projekty\xUnitTestProject\bin\Debug\netcoreapp3.1\xUnitTestProject.dll" adapterTypeName="executor://xunit/VsTestRunner2/netcoreapp" className="xUnitTestProject.CurrencyHelperTests" name="FormatToStringTest1000" />
    </UnitTest>
    <UnitTest name="xUnitTestProject.CurrencyHelperTests.FormatToStringTest1000(price: 65947.64520381515, expected: &quot;65947.65 zł&quot;)" storage="c:\projekty\xunittestproject\bin\debug\netcoreapp3.1\xunittestproject.dll" id="4168f0ac-b835-769a-f744-274b70d89027">
      <Execution id="96f00b6a-ca22-4b79-97d5-46181e55c1ac" />
      <TestMethod codeBase="C:\Projekty\xUnitTestProject\bin\Debug\netcoreapp3.1\xUnitTestProject.dll" adapterTypeName="executor://xunit/VsTestRunner2/netcoreapp" className="xUnitTestProject.CurrencyHelperTests" name="FormatToStringTest1000" />
    </UnitTest>
    <UnitTest name="xUnitTestProject.CurrencyHelperTests.FormatToStringTest1000(price: 19103.831635461574, expected: &quot;19103.83 zł&quot;)" storage="c:\projekty\xunittestproject\bin\debug\netcoreapp3.1\xunittestproject.dll" id="4adfbd6f-49a9-0885-850f-1a4998e7f85f">
      <Execution id="8c24ad20-7140-4442-8b30-53e2662f1bec" />
      <TestMethod codeBase="C:\Projekty\xUnitTestProject\bin\Debug\netcoreapp3.1\xUnitTestProject.dll" adapterTypeName="executor://xunit/VsTestRunner2/netcoreapp" className="xUnitTestProject.CurrencyHelperTests" name="FormatToStringTest1000" />
    </UnitTest>
    <UnitTest name="xUnitTestProject.CurrencyHelperTests.FormatToStringTest1000(price: 16986.338876065027, expected: &quot;16986.34 zł&quot;)" storage="c:\projekty\xunittestproject\bin\debug\netcoreapp3.1\xunittestproject.dll" id="9bb60857-0889-c636-aa09-df7f3ffa4f70">
      <Execution id="f9e5b032-ac3e-4cf8-8e75-0c3f78f607e1" />
      <TestMethod codeBase="C:\Projekty\xUnitTestProject\bin\Debug\netcoreapp3.1\xUnitTestProject.dll" adapterTypeName="executor://xunit/VsTestRunner2/netcoreapp" className="xUnitTestProject.CurrencyHelperTests" name="FormatToStringTest1000" />
    </UnitTest>
    <UnitTest name="xUnitTestProject.CurrencyHelperTests.FormatToStringTest1000(price: 49037.8109120586, expected: &quot;49037.81 zł&quot;)" storage="c:\projekty\xunittestproject\bin\debug\netcoreapp3.1\xunittestproject.dll" id="75e6c444-bc3b-aad1-8b9e-9567096a44b9">
      <Execution id="883b0444-8e56-4a50-b5e3-776ec1a16d04" />
      <TestMethod codeBase="C:\Projekty\xUnitTestProject\bin\Debug\netcoreapp3.1\xUnitTestProject.dll" adapterTypeName="executor://xunit/VsTestRunner2/netcoreapp" className="xUnitTestProject.CurrencyHelperTests" name="FormatToStringTest1000" />
    </UnitTest>
    <UnitTest name="xUnitTestProject.CurrencyHelperTests.FormatToStringTest1000(price: 61633.2671179945, expected: &quot;61633.27 zł&quot;)" storage="c:\projekty\xunittestproject\bin\debug\netcoreapp3.1\xunittestproject.dll" id="f0b310a7-9bf9-fe2b-4bd1-bf05e954c540">
      <Execution id="60f195d3-386a-4e20-92d8-d88ce878b51d" />
      <TestMethod codeBase="C:\Projekty\xUnitTestProject\bin\Debug\netcoreapp3.1\xUnitTestProject.dll" adapterTypeName="executor://xunit/VsTestRunner2/netcoreapp" className="xUnitTestProject.CurrencyHelperTests" name="FormatToStringTest1000" />
    </UnitTest>
    <UnitTest name="xUnitTestProject.CurrencyHelperTests.FormatToStringTest1000(price: 9190.067404299076, expected: &quot;9190.07 zł&quot;)" storage="c:\projekty\xunittestproject\bin\debug\netcoreapp3.1\xunittestproject.dll" id="c6463145-e835-b32e-9815-611f61fa5540">
      <Execution id="2283ab71-8234-47c0-a917-94885ead75e8" />
      <TestMethod codeBase="C:\Projekty\xUnitTestProject\bin\Debug\netcoreapp3.1\xUnitTestProject.dll" adapterTypeName="executor://xunit/VsTestRunner2/netcoreapp" className="xUnitTestProject.CurrencyHelperTests" name="FormatToStringTest1000" />
    </UnitTest>
    <UnitTest name="xUnitTestProject.CurrencyHelperTests.FormatToStringTest1000(price: 23120.169499649743, expected: &quot;23120.17 zł&quot;)" storage="c:\projekty\xunittestproject\bin\debug\netcoreapp3.1\xunittestproject.dll" id="aaa9e076-e199-e522-2c08-1bd206c5f6e7">
      <Execution id="d1562c1c-e712-40d4-b3fc-f849632fd50c" />
      <TestMethod codeBase="C:\Projekty\xUnitTestProject\bin\Debug\netcoreapp3.1\xUnitTestProject.dll" adapterTypeName="executor://xunit/VsTestRunner2/netcoreapp" className="xUnitTestProject.CurrencyHelperTests" name="FormatToStringTest1000" />
    </UnitTest>
    <UnitTest name="xUnitTestProject.CurrencyHelperTests.FormatToStringTest1000(price: 4919.073526169674, expected: &quot;4919.07 zł&quot;)" storage="c:\projekty\xunittestproject\bin\debug\netcoreapp3.1\xunittestproject.dll" id="0b4d877e-fce2-536e-a6f4-e4fbe4e6e47c">
      <Execution id="8788ca15-f609-4ba7-8e1c-c5b8308c32c4" />
      <TestMethod codeBase="C:\Projekty\xUnitTestProject\bin\Debug\netcoreapp3.1\xUnitTestProject.dll" adapterTypeName="executor://xunit/VsTestRunner2/netcoreapp" className="xUnitTestProject.CurrencyHelperTests" name="FormatToStringTest1000" />
    </UnitTest>
    <UnitTest name="xUnitTestProject.CurrencyHelperTests.FormatToStringTest1000(price: 11989.099505855282, expected: &quot;11989.10 zł&quot;)" storage="c:\projekty\xunittestproject\bin\debug\netcoreapp3.1\xunittestproject.dll" id="30e1c064-5a9f-94cf-3bb0-81267bf9f82e">
      <Execution id="bdcdcddb-6d70-4bb4-b4b6-f0304e136578" />
      <TestMethod codeBase="C:\Projekty\xUnitTestProject\bin\Debug\netcoreapp3.1\xUnitTestProject.dll" adapterTypeName="executor://xunit/VsTestRunner2/netcoreapp" className="xUnitTestProject.CurrencyHelperTests" name="FormatToStringTest1000" />
    </UnitTest>
    <UnitTest name="xUnitTestProject.CurrencyHelperTests.FormatToStringTest1000(price: 8768.816937361293, expected: &quot;8768.82 zł&quot;)" storage="c:\projekty\xunittestproject\bin\debug\netcoreapp3.1\xunittestproject.dll" id="e54868c5-e23a-96f9-bd57-052b8e9f25f9">
      <Execution id="3e6e5523-aaa2-4f45-ac36-e6958d5babb8" />
      <TestMethod codeBase="C:\Projekty\xUnitTestProject\bin\Debug\netcoreapp3.1\xUnitTestProject.dll" adapterTypeName="executor://xunit/VsTestRunner2/netcoreapp" className="xUnitTestProject.CurrencyHelperTests" name="FormatToStringTest1000" />
    </UnitTest>
    <UnitTest name="xUnitTestProject.CurrencyHelperTests.FormatToStringTest1000(price: 24528.124092612474, expected: &quot;24528.12 zł&quot;)" storage="c:\projekty\xunittestproject\bin\debug\netcoreapp3.1\xunittestproject.dll" id="a33a7227-7248-ce4e-bb18-77c33faa0f1a">
      <Execution id="ff2265ac-2ab7-4b7e-afb5-15acb4624169" />
      <TestMethod codeBase="C:\Projekty\xUnitTestProject\bin\Debug\netcoreapp3.1\xUnitTestProject.dll" adapterTypeName="executor://xunit/VsTestRunner2/netcoreapp" className="xUnitTestProject.CurrencyHelperTests" name="FormatToStringTest1000" />
    </UnitTest>
    <UnitTest name="xUnitTestProject.CurrencyHelperTests.FormatToStringTest1000(price: 485.6735566554933, expected: &quot;485.67 zł&quot;)" storage="c:\projekty\xunittestproject\bin\debug\netcoreapp3.1\xunittestproject.dll" id="a9fb7030-78aa-b78d-bae0-0e3e80a09140">
      <Execution id="acef0760-232c-486f-a0b5-7ad1783719e5" />
      <TestMethod codeBase="C:\Projekty\xUnitTestProject\bin\Debug\netcoreapp3.1\xUnitTestProject.dll" adapterTypeName="executor://xunit/VsTestRunner2/netcoreapp" className="xUnitTestProject.CurrencyHelperTests" name="FormatToStringTest1000" />
    </UnitTest>
    <UnitTest name="xUnitTestProject.CurrencyHelperTests.FormatToStringTest1000(price: 181.3640542483721, expected: &quot;181.36 zł&quot;)" storage="c:\projekty\xunittestproject\bin\debug\netcoreapp3.1\xunittestproject.dll" id="41fb6436-3dfd-f2cc-b2c2-3eb1f8450637">
      <Execution id="e80ac59c-ab98-4429-b4fa-65a43f5a3a88" />
      <TestMethod codeBase="C:\Projekty\xUnitTestProject\bin\Debug\netcoreapp3.1\xUnitTestProject.dll" adapterTypeName="executor://xunit/VsTestRunner2/netcoreapp" className="xUnitTestProject.CurrencyHelperTests" name="FormatToStringTest1000" />
    </UnitTest>
    <UnitTest name="xUnitTestProject.CurrencyHelperTests.FormatToStringTest1000(price: 14100.01255469211, expected: &quot;14100.01 zł&quot;)" storage="c:\projekty\xunittestproject\bin\debug\netcoreapp3.1\xunittestproject.dll" id="babff9b9-4ec4-5d0f-1835-e465e17600e6">
      <Execution id="7bf0d1ff-fd7d-42b5-b65e-9c7f86407886" />
      <TestMethod codeBase="C:\Projekty\xUnitTestProject\bin\Debug\netcoreapp3.1\xUnitTestProject.dll" adapterTypeName="executor://xunit/VsTestRunner2/netcoreapp" className="xUnitTestProject.CurrencyHelperTests" name="FormatToStringTest1000" />
    </UnitTest>
    <UnitTest name="xUnitTestProject.CurrencyHelperTests.FormatToStringTest1000(price: 21328.29026726507, expected: &quot;21328.29 zł&quot;)" storage="c:\projekty\xunittestproject\bin\debug\netcoreapp3.1\xunittestproject.dll" id="d328e580-fcf1-b0bb-73e2-fe6651dece0e">
      <Execution id="dec9de66-ada0-4212-8eee-6b96480cfed8" />
      <TestMethod codeBase="C:\Projekty\xUnitTestProject\bin\Debug\netcoreapp3.1\xUnitTestProject.dll" adapterTypeName="executor://xunit/VsTestRunner2/netcoreapp" className="xUnitTestProject.CurrencyHelperTests" name="FormatToStringTest1000" />
    </UnitTest>
    <UnitTest name="xUnitTestProject.CurrencyHelperTests.FormatToStringTest1000(price: 20978.860218282258, expected: &quot;20978.86 zł&quot;)" storage="c:\projekty\xunittestproject\bin\debug\netcoreapp3.1\xunittestproject.dll" id="58e741bd-777c-df5d-d9c1-457b2c873d32">
      <Execution id="1497482c-478c-4906-ad2f-2d8bb6fd0453" />
      <TestMethod codeBase="C:\Projekty\xUnitTestProject\bin\Debug\netcoreapp3.1\xUnitTestProject.dll" adapterTypeName="executor://xunit/VsTestRunner2/netcoreapp" className="xUnitTestProject.CurrencyHelperTests" name="FormatToStringTest1000" />
    </UnitTest>
    <UnitTest name="xUnitTestProject.CurrencyHelperTests.FormatToStringTest1000(price: 5287.3103648714305, expected: &quot;5287.31 zł&quot;)" storage="c:\projekty\xunittestproject\bin\debug\netcoreapp3.1\xunittestproject.dll" id="aa0b789a-9fae-e4e5-e891-6c71af0ebd35">
      <Execution id="35d06ce6-80c7-4640-8ed2-2d4b330f8a63" />
      <TestMethod codeBase="C:\Projekty\xUnitTestProject\bin\Debug\netcoreapp3.1\xUnitTestProject.dll" adapterTypeName="executor://xunit/VsTestRunner2/netcoreapp" className="xUnitTestProject.CurrencyHelperTests" name="FormatToStringTest1000" />
    </UnitTest>
    <UnitTest name="xUnitTestProject.CurrencyHelperTests.FormatToStringTest1000(price: 47025.6224095177, expected: &quot;47025.62 zł&quot;)" storage="c:\projekty\xunittestproject\bin\debug\netcoreapp3.1\xunittestproject.dll" id="f527f4e7-733e-c529-a6f2-d33ed3ff23a3">
      <Execution id="82c2a63d-cbaa-4962-88df-3c348bca8168" />
      <TestMethod codeBase="C:\Projekty\xUnitTestProject\bin\Debug\netcoreapp3.1\xUnitTestProject.dll" adapterTypeName="executor://xunit/VsTestRunner2/netcoreapp" className="xUnitTestProject.CurrencyHelperTests" name="FormatToStringTest1000" />
    </UnitTest>
    <UnitTest name="xUnitTestProject.CurrencyHelperTests.FormatToStringTest1000(price: 16902.50568789314, expected: &quot;16902.51 zł&quot;)" storage="c:\projekty\xunittestproject\bin\debug\netcoreapp3.1\xunittestproject.dll" id="35d446c0-f87b-db26-2eb6-ac470ed5efed">
      <Execution id="f08eef04-61d5-4544-ae30-1e93e04606dc" />
      <TestMethod codeBase="C:\Projekty\xUnitTestProject\bin\Debug\netcoreapp3.1\xUnitTestProject.dll" adapterTypeName="executor://xunit/VsTestRunner2/netcoreapp" className="xUnitTestProject.CurrencyHelperTests" name="FormatToStringTest1000" />
    </UnitTest>
    <UnitTest name="xUnitTestProject.CurrencyHelperTests.FormatToStringTest1000(price: 32262.93788198984, expected: &quot;32262.94 zł&quot;)" storage="c:\projekty\xunittestproject\bin\debug\netcoreapp3.1\xunittestproject.dll" id="e8e3664d-13e4-e628-073d-8b88b9f9785c">
      <Execution id="c9f9227b-2dc0-4290-b82f-b28c6cd7857f" />
      <TestMethod codeBase="C:\Projekty\xUnitTestProject\bin\Debug\netcoreapp3.1\xUnitTestProject.dll" adapterTypeName="executor://xunit/VsTestRunner2/netcoreapp" className="xUnitTestProject.CurrencyHelperTests" name="FormatToStringTest1000" />
    </UnitTest>
    <UnitTest name="xUnitTestProject.CurrencyHelperTests.FormatToStringTest1000(price: 16190.113943164757, expected: &quot;16190.11 zł&quot;)" storage="c:\projekty\xunittestproject\bin\debug\netcoreapp3.1\xunittestproject.dll" id="4fa0fe8a-60b4-1b4b-175d-a18573723ba2">
      <Execution id="0c18ea8c-78df-43f9-804b-63493579d523" />
      <TestMethod codeBase="C:\Projekty\xUnitTestProject\bin\Debug\netcoreapp3.1\xUnitTestProject.dll" adapterTypeName="executor://xunit/VsTestRunner2/netcoreapp" className="xUnitTestProject.CurrencyHelperTests" name="FormatToStringTest1000" />
    </UnitTest>
    <UnitTest name="xUnitTestProject.CurrencyHelperTests.FormatToStringTest1000(price: 73477.18206926118, expected: &quot;73477.18 zł&quot;)" storage="c:\projekty\xunittestproject\bin\debug\netcoreapp3.1\xunittestproject.dll" id="c1399a21-a8d4-fd2f-1879-d9e50a5fe1b4">
      <Execution id="316001fe-4c12-409e-b5ef-a09d2c04cd0a" />
      <TestMethod codeBase="C:\Projekty\xUnitTestProject\bin\Debug\netcoreapp3.1\xUnitTestProject.dll" adapterTypeName="executor://xunit/VsTestRunner2/netcoreapp" className="xUnitTestProject.CurrencyHelperTests" name="FormatToStringTest1000" />
    </UnitTest>
    <UnitTest name="xUnitTestProject.CurrencyHelperTests.FormatToStringTest1000(price: 45340.017357165, expected: &quot;45340.02 zł&quot;)" storage="c:\projekty\xunittestproject\bin\debug\netcoreapp3.1\xunittestproject.dll" id="ae0a2a8f-7404-db1c-88e4-d4970f3642af">
      <Execution id="ab5d9bb9-091c-45a2-b448-8d0637ff3a98" />
      <TestMethod codeBase="C:\Projekty\xUnitTestProject\bin\Debug\netcoreapp3.1\xUnitTestProject.dll" adapterTypeName="executor://xunit/VsTestRunner2/netcoreapp" className="xUnitTestProject.CurrencyHelperTests" name="FormatToStringTest1000" />
    </UnitTest>
    <UnitTest name="xUnitTestProject.CurrencyHelperTests.FormatToStringTest1000(price: 87505.85936583664, expected: &quot;87505.86 zł&quot;)" storage="c:\projekty\xunittestproject\bin\debug\netcoreapp3.1\xunittestproject.dll" id="69eeb057-df94-2674-fba1-959c41ef1419">
      <Execution id="f6b07a64-3afa-4ccf-a869-0f8414300ac1" />
      <TestMethod codeBase="C:\Projekty\xUnitTestProject\bin\Debug\netcoreapp3.1\xUnitTestProject.dll" adapterTypeName="executor://xunit/VsTestRunner2/netcoreapp" className="xUnitTestProject.CurrencyHelperTests" name="FormatToStringTest1000" />
    </UnitTest>
    <UnitTest name="xUnitTestProject.CurrencyHelperTests.FormatToStringTest1000(price: 19363.881840787773, expected: &quot;19363.88 zł&quot;)" storage="c:\projekty\xunittestproject\bin\debug\netcoreapp3.1\xunittestproject.dll" id="717afcc9-fdbd-942f-44d5-9f5deeef640f">
      <Execution id="12d04e1c-71a7-43da-8d31-8e12bfbe1ba7" />
      <TestMethod codeBase="C:\Projekty\xUnitTestProject\bin\Debug\netcoreapp3.1\xUnitTestProject.dll" adapterTypeName="executor://xunit/VsTestRunner2/netcoreapp" className="xUnitTestProject.CurrencyHelperTests" name="FormatToStringTest1000" />
    </UnitTest>
    <UnitTest name="xUnitTestProject.CurrencyHelperTests.FormatToStringTest1000(price: 18208.8422650126, expected: &quot;18208.84 zł&quot;)" storage="c:\projekty\xunittestproject\bin\debug\netcoreapp3.1\xunittestproject.dll" id="46d3bb4f-6f59-f6c2-b532-ed497dfae82c">
      <Execution id="e171ddd1-840b-4186-884b-37431e4c7ef7" />
      <TestMethod codeBase="C:\Projekty\xUnitTestProject\bin\Debug\netcoreapp3.1\xUnitTestProject.dll" adapterTypeName="executor://xunit/VsTestRunner2/netcoreapp" className="xUnitTestProject.CurrencyHelperTests" name="FormatToStringTest1000" />
    </UnitTest>
    <UnitTest name="xUnitTestProject.CurrencyHelperTests.FormatToStringTest1000(price: 17252.06220983903, expected: &quot;17252.06 zł&quot;)" storage="c:\projekty\xunittestproject\bin\debug\netcoreapp3.1\xunittestproject.dll" id="491a28af-9dc3-1b63-07e3-54fe5ff8a2ad">
      <Execution id="f80d97c3-a451-410d-9e5d-1e904d26654a" />
      <TestMethod codeBase="C:\Projekty\xUnitTestProject\bin\Debug\netcoreapp3.1\xUnitTestProject.dll" adapterTypeName="executor://xunit/VsTestRunner2/netcoreapp" className="xUnitTestProject.CurrencyHelperTests" name="FormatToStringTest1000" />
    </UnitTest>
    <UnitTest name="xUnitTestProject.CurrencyHelperTests.FormatToStringTest1000(price: 16819.974312979717, expected: &quot;16819.97 zł&quot;)" storage="c:\projekty\xunittestproject\bin\debug\netcoreapp3.1\xunittestproject.dll" id="23282872-5c32-1fb9-e0a2-cb7aa878c838">
      <Execution id="4217f28c-e81e-4c2b-a7a7-17b859b3076e" />
      <TestMethod codeBase="C:\Projekty\xUnitTestProject\bin\Debug\netcoreapp3.1\xUnitTestProject.dll" adapterTypeName="executor://xunit/VsTestRunner2/netcoreapp" className="xUnitTestProject.CurrencyHelperTests" name="FormatToStringTest1000" />
    </UnitTest>
    <UnitTest name="xUnitTestProject.CurrencyHelperTests.FormatToStringTest1000(price: 54275.73209373408, expected: &quot;54275.73 zł&quot;)" storage="c:\projekty\xunittestproject\bin\debug\netcoreapp3.1\xunittestproject.dll" id="ef8075a8-e8bb-22f0-871e-f2b168e2c55c">
      <Execution id="d66d7f23-b504-4eb8-9c47-5cfc0fbbb385" />
      <TestMethod codeBase="C:\Projekty\xUnitTestProject\bin\Debug\netcoreapp3.1\xUnitTestProject.dll" adapterTypeName="executor://xunit/VsTestRunner2/netcoreapp" className="xUnitTestProject.CurrencyHelperTests" name="FormatToStringTest1000" />
    </UnitTest>
    <UnitTest name="xUnitTestProject.CurrencyHelperTests.FormatToStringTest1000(price: 65204.90483536055, expected: &quot;65204.90 zł&quot;)" storage="c:\projekty\xunittestproject\bin\debug\netcoreapp3.1\xunittestproject.dll" id="1e915730-ab57-9b1e-994b-24cc1c98dc55">
      <Execution id="ef6ded26-f8b6-4adc-ad0e-fb3b722b6efb" />
      <TestMethod codeBase="C:\Projekty\xUnitTestProject\bin\Debug\netcoreapp3.1\xUnitTestProject.dll" adapterTypeName="executor://xunit/VsTestRunner2/netcoreapp" className="xUnitTestProject.CurrencyHelperTests" name="FormatToStringTest1000" />
    </UnitTest>
    <UnitTest name="xUnitTestProject.CurrencyHelperTests.FormatToStringTest1000(price: 26945.125386551546, expected: &quot;26945.13 zł&quot;)" storage="c:\projekty\xunittestproject\bin\debug\netcoreapp3.1\xunittestproject.dll" id="38f897eb-957e-6945-e8b5-f2e873b7ac17">
      <Execution id="2709ecec-86c5-4eaa-910e-06193ffcf99d" />
      <TestMethod codeBase="C:\Projekty\xUnitTestProject\bin\Debug\netcoreapp3.1\xUnitTestProject.dll" adapterTypeName="executor://xunit/VsTestRunner2/netcoreapp" className="xUnitTestProject.CurrencyHelperTests" name="FormatToStringTest1000" />
    </UnitTest>
    <UnitTest name="xUnitTestProject.CurrencyHelperTests.FormatToStringTest1000(price: 12125.090155628086, expected: &quot;12125.09 zł&quot;)" storage="c:\projekty\xunittestproject\bin\debug\netcoreapp3.1\xunittestproject.dll" id="d5c3657d-a220-d2b1-57c9-e4353f6b9eb6">
      <Execution id="b39d58f3-b313-4c24-88fd-7bf640c811af" />
      <TestMethod codeBase="C:\Projekty\xUnitTestProject\bin\Debug\netcoreapp3.1\xUnitTestProject.dll" adapterTypeName="executor://xunit/VsTestRunner2/netcoreapp" className="xUnitTestProject.CurrencyHelperTests" name="FormatToStringTest1000" />
    </UnitTest>
    <UnitTest name="xUnitTestProject.CurrencyHelperTests.FormatToStringTest1000(price: 64124.274503948756, expected: &quot;64124.27 zł&quot;)" storage="c:\projekty\xunittestproject\bin\debug\netcoreapp3.1\xunittestproject.dll" id="21c8abf8-9b6f-d71c-0d26-379759e20f24">
      <Execution id="ba9155a1-3b45-48c5-9c4c-1ca389dc37c8" />
      <TestMethod codeBase="C:\Projekty\xUnitTestProject\bin\Debug\netcoreapp3.1\xUnitTestProject.dll" adapterTypeName="executor://xunit/VsTestRunner2/netcoreapp" className="xUnitTestProject.CurrencyHelperTests" name="FormatToStringTest1000" />
    </UnitTest>
    <UnitTest name="xUnitTestProject.CurrencyHelperTests.FormatToStringTest1000(price: 53192.79032742269, expected: &quot;53192.79 zł&quot;)" storage="c:\projekty\xunittestproject\bin\debug\netcoreapp3.1\xunittestproject.dll" id="31b9c4ce-6a9b-3b29-d842-ab748e7d275b">
      <Execution id="1e7c9d4e-7de8-49b9-8749-59f5e6228a91" />
      <TestMethod codeBase="C:\Projekty\xUnitTestProject\bin\Debug\netcoreapp3.1\xUnitTestProject.dll" adapterTypeName="executor://xunit/VsTestRunner2/netcoreapp" className="xUnitTestProject.CurrencyHelperTests" name="FormatToStringTest1000" />
    </UnitTest>
    <UnitTest name="xUnitTestProject.CurrencyHelperTests.FormatToStringTest1000(price: 22557.09603308099, expected: &quot;22557.10 zł&quot;)" storage="c:\projekty\xunittestproject\bin\debug\netcoreapp3.1\xunittestproject.dll" id="419d247e-1033-df66-fcc5-471a4ec8f5e3">
      <Execution id="9295b32f-4fbb-4ee1-8551-de3b0b045f31" />
      <TestMethod codeBase="C:\Projekty\xUnitTestProject\bin\Debug\netcoreapp3.1\xUnitTestProject.dll" adapterTypeName="executor://xunit/VsTestRunner2/netcoreapp" className="xUnitTestProject.CurrencyHelperTests" name="FormatToStringTest1000" />
    </UnitTest>
    <UnitTest name="xUnitTestProject.CurrencyHelperTests.FormatToStringTest1000(price: 46803.36433423374, expected: &quot;46803.36 zł&quot;)" storage="c:\projekty\xunittestproject\bin\debug\netcoreapp3.1\xunittestproject.dll" id="7fe2a8ad-3600-98d5-7117-12a9f9025c62">
      <Execution id="17cc9c79-b79f-4616-af61-ed4e7fedd0a7" />
      <TestMethod codeBase="C:\Projekty\xUnitTestProject\bin\Debug\netcoreapp3.1\xUnitTestProject.dll" adapterTypeName="executor://xunit/VsTestRunner2/netcoreapp" className="xUnitTestProject.CurrencyHelperTests" name="FormatToStringTest1000" />
    </UnitTest>
    <UnitTest name="xUnitTestProject.CurrencyHelperTests.FormatToStringTest1000(price: 52858.048916166204, expected: &quot;52858.05 zł&quot;)" storage="c:\projekty\xunittestproject\bin\debug\netcoreapp3.1\xunittestproject.dll" id="1ede13b3-cc3c-b767-91a3-9e4f793d1dd5">
      <Execution id="46876c71-bc63-4967-8388-cd710a69ed4c" />
      <TestMethod codeBase="C:\Projekty\xUnitTestProject\bin\Debug\netcoreapp3.1\xUnitTestProject.dll" adapterTypeName="executor://xunit/VsTestRunner2/netcoreapp" className="xUnitTestProject.CurrencyHelperTests" name="FormatToStringTest1000" />
    </UnitTest>
    <UnitTest name="xUnitTestProject.CurrencyHelperTests.FormatToStringTest1000(price: 2992.6161168593057, expected: &quot;2992.62 zł&quot;)" storage="c:\projekty\xunittestproject\bin\debug\netcoreapp3.1\xunittestproject.dll" id="fe35c71e-d9ed-258c-2105-0adfcd0d495e">
      <Execution id="6a5a4da9-75bb-4459-9d87-48aaba3d198a" />
      <TestMethod codeBase="C:\Projekty\xUnitTestProject\bin\Debug\netcoreapp3.1\xUnitTestProject.dll" adapterTypeName="executor://xunit/VsTestRunner2/netcoreapp" className="xUnitTestProject.CurrencyHelperTests" name="FormatToStringTest1000" />
    </UnitTest>
    <UnitTest name="xUnitTestProject.CurrencyHelperTests.FormatToStringTest1000(price: 7182.939759099362, expected: &quot;7182.94 zł&quot;)" storage="c:\projekty\xunittestproject\bin\debug\netcoreapp3.1\xunittestproject.dll" id="2194158b-3f8a-54e0-368a-945d72c0c309">
      <Execution id="efde6d98-253a-4962-82be-1791256b145d" />
      <TestMethod codeBase="C:\Projekty\xUnitTestProject\bin\Debug\netcoreapp3.1\xUnitTestProject.dll" adapterTypeName="executor://xunit/VsTestRunner2/netcoreapp" className="xUnitTestProject.CurrencyHelperTests" name="FormatToStringTest1000" />
    </UnitTest>
    <UnitTest name="xUnitTestProject.CurrencyHelperTests.FormatToStringTest1000(price: 45455.14554704127, expected: &quot;45455.15 zł&quot;)" storage="c:\projekty\xunittestproject\bin\debug\netcoreapp3.1\xunittestproject.dll" id="1c506770-d4ff-94e1-aa2e-f8d5ecc5a897">
      <Execution id="680c5867-6453-4775-af98-45597c869d5b" />
      <TestMethod codeBase="C:\Projekty\xUnitTestProject\bin\Debug\netcoreapp3.1\xUnitTestProject.dll" adapterTypeName="executor://xunit/VsTestRunner2/netcoreapp" className="xUnitTestProject.CurrencyHelperTests" name="FormatToStringTest1000" />
    </UnitTest>
    <UnitTest name="xUnitTestProject.CurrencyHelperTests.FormatToStringTest1000(price: 5140.16338917155, expected: &quot;5140.16 zł&quot;)" storage="c:\projekty\xunittestproject\bin\debug\netcoreapp3.1\xunittestproject.dll" id="ad51f424-6928-1bb2-fff3-55ef9dbab945">
      <Execution id="e87088c7-8120-40ee-afbb-13bd182003cb" />
      <TestMethod codeBase="C:\Projekty\xUnitTestProject\bin\Debug\netcoreapp3.1\xUnitTestProject.dll" adapterTypeName="executor://xunit/VsTestRunner2/netcoreapp" className="xUnitTestProject.CurrencyHelperTests" name="FormatToStringTest1000" />
    </UnitTest>
    <UnitTest name="xUnitTestProject.CurrencyHelperTests.FormatToStringTest1000(price: 736.7398243680316, expected: &quot;736.74 zł&quot;)" storage="c:\projekty\xunittestproject\bin\debug\netcoreapp3.1\xunittestproject.dll" id="8d5bed77-8b58-0b0c-25f0-22107332d09a">
      <Execution id="237f8843-0c6e-4d26-862a-f479ed21bc5a" />
      <TestMethod codeBase="C:\Projekty\xUnitTestProject\bin\Debug\netcoreapp3.1\xUnitTestProject.dll" adapterTypeName="executor://xunit/VsTestRunner2/netcoreapp" className="xUnitTestProject.CurrencyHelperTests" name="FormatToStringTest1000" />
    </UnitTest>
    <UnitTest name="xUnitTestProject.CurrencyHelperTests.FormatToStringTest1000(price: 76536.95853396178, expected: &quot;76536.96 zł&quot;)" storage="c:\projekty\xunittestproject\bin\debug\netcoreapp3.1\xunittestproject.dll" id="cf6ce7eb-96c1-8a55-15f9-4fb2522dc822">
      <Execution id="d2593cfd-bf83-44dd-bd15-cfbfce037889" />
      <TestMethod codeBase="C:\Projekty\xUnitTestProject\bin\Debug\netcoreapp3.1\xUnitTestProject.dll" adapterTypeName="executor://xunit/VsTestRunner2/netcoreapp" className="xUnitTestProject.CurrencyHelperTests" name="FormatToStringTest1000" />
    </UnitTest>
    <UnitTest name="xUnitTestProject.CurrencyHelperTests.FormatToStringTest1000(price: 50413.517583300134, expected: &quot;50413.52 zł&quot;)" storage="c:\projekty\xunittestproject\bin\debug\netcoreapp3.1\xunittestproject.dll" id="87ce6106-4ac0-9f5c-9d1b-30007974d2cb">
      <Execution id="685870a3-f21a-43ef-8618-0f873c644f37" />
      <TestMethod codeBase="C:\Projekty\xUnitTestProject\bin\Debug\netcoreapp3.1\xUnitTestProject.dll" adapterTypeName="executor://xunit/VsTestRunner2/netcoreapp" className="xUnitTestProject.CurrencyHelperTests" name="FormatToStringTest1000" />
    </UnitTest>
    <UnitTest name="xUnitTestProject.CurrencyHelperTests.FormatToStringTest1000(price: 9818.257405763146, expected: &quot;9818.26 zł&quot;)" storage="c:\projekty\xunittestproject\bin\debug\netcoreapp3.1\xunittestproject.dll" id="b96da561-72c0-f108-100e-28aea4f8d524">
      <Execution id="448c26bd-f65e-4faf-8a3c-6d695237718d" />
      <TestMethod codeBase="C:\Projekty\xUnitTestProject\bin\Debug\netcoreapp3.1\xUnitTestProject.dll" adapterTypeName="executor://xunit/VsTestRunner2/netcoreapp" className="xUnitTestProject.CurrencyHelperTests" name="FormatToStringTest1000" />
    </UnitTest>
    <UnitTest name="xUnitTestProject.CurrencyHelperTests.FormatToStringTest1000(price: 34136.0993783046, expected: &quot;34136.10 zł&quot;)" storage="c:\projekty\xunittestproject\bin\debug\netcoreapp3.1\xunittestproject.dll" id="90529360-95e5-c60b-5727-b5fa7d491b19">
      <Execution id="042b6d00-5c57-4b57-92e3-2b07cec8a03a" />
      <TestMethod codeBase="C:\Projekty\xUnitTestProject\bin\Debug\netcoreapp3.1\xUnitTestProject.dll" adapterTypeName="executor://xunit/VsTestRunner2/netcoreapp" className="xUnitTestProject.CurrencyHelperTests" name="FormatToStringTest1000" />
    </UnitTest>
    <UnitTest name="xUnitTestProject.CurrencyHelperTests.FormatToStringTest1000(price: 12577.642620996872, expected: &quot;12577.64 zł&quot;)" storage="c:\projekty\xunittestproject\bin\debug\netcoreapp3.1\xunittestproject.dll" id="9fa4910a-439f-a7b3-42d7-59f8d60a9e4f">
      <Execution id="c973ebc8-74cd-4607-9b7c-cd18d9c0715b" />
      <TestMethod codeBase="C:\Projekty\xUnitTestProject\bin\Debug\netcoreapp3.1\xUnitTestProject.dll" adapterTypeName="executor://xunit/VsTestRunner2/netcoreapp" className="xUnitTestProject.CurrencyHelperTests" name="FormatToStringTest1000" />
    </UnitTest>
    <UnitTest name="xUnitTestProject.CurrencyHelperTests.FormatToStringTest1000(price: 68174.53068551492, expected: &quot;68174.53 zł&quot;)" storage="c:\projekty\xunittestproject\bin\debug\netcoreapp3.1\xunittestproject.dll" id="a80246d5-ddf8-7929-99a4-5139184114ef">
      <Execution id="3add2e0d-00b7-44e1-ae28-0fb791f461a9" />
      <TestMethod codeBase="C:\Projekty\xUnitTestProject\bin\Debug\netcoreapp3.1\xUnitTestProject.dll" adapterTypeName="executor://xunit/VsTestRunner2/netcoreapp" className="xUnitTestProject.CurrencyHelperTests" name="FormatToStringTest1000" />
    </UnitTest>
    <UnitTest name="xUnitTestProject.CurrencyHelperTests.FormatToStringTest1000(price: 21602.417596116393, expected: &quot;21602.42 zł&quot;)" storage="c:\projekty\xunittestproject\bin\debug\netcoreapp3.1\xunittestproject.dll" id="8b9bc8ba-9742-8b44-9f33-0b46de660b7e">
      <Execution id="a45dfb5b-63d2-494a-8f1f-b3e3ae3747c5" />
      <TestMethod codeBase="C:\Projekty\xUnitTestProject\bin\Debug\netcoreapp3.1\xUnitTestProject.dll" adapterTypeName="executor://xunit/VsTestRunner2/netcoreapp" className="xUnitTestProject.CurrencyHelperTests" name="FormatToStringTest1000" />
    </UnitTest>
    <UnitTest name="xUnitTestProject.CurrencyHelperTests.FormatToStringTest1000(price: 51408.294679657694, expected: &quot;51408.29 zł&quot;)" storage="c:\projekty\xunittestproject\bin\debug\netcoreapp3.1\xunittestproject.dll" id="e6ee2e42-d693-5a92-34f3-83564b601337">
      <Execution id="76c85963-22a2-4f5e-9d40-5326fd78c753" />
      <TestMethod codeBase="C:\Projekty\xUnitTestProject\bin\Debug\netcoreapp3.1\xUnitTestProject.dll" adapterTypeName="executor://xunit/VsTestRunner2/netcoreapp" className="xUnitTestProject.CurrencyHelperTests" name="FormatToStringTest1000" />
    </UnitTest>
    <UnitTest name="xUnitTestProject.CurrencyHelperTests.FormatToStringTest1000(price: 3521.3657738167635, expected: &quot;3521.37 zł&quot;)" storage="c:\projekty\xunittestproject\bin\debug\netcoreapp3.1\xunittestproject.dll" id="21bbacc0-ff4d-ad67-a90f-e4f994353077">
      <Execution id="75513c43-0302-4579-8db2-af7a7e7fd335" />
      <TestMethod codeBase="C:\Projekty\xUnitTestProject\bin\Debug\netcoreapp3.1\xUnitTestProject.dll" adapterTypeName="executor://xunit/VsTestRunner2/netcoreapp" className="xUnitTestProject.CurrencyHelperTests" name="FormatToStringTest1000" />
    </UnitTest>
    <UnitTest name="xUnitTestProject.CurrencyHelperTests.FormatToStringTest1000(price: 23649.104642116046, expected: &quot;23649.10 zł&quot;)" storage="c:\projekty\xunittestproject\bin\debug\netcoreapp3.1\xunittestproject.dll" id="45b26f0b-a8bb-4b3f-d7c4-794f4ece7d3c">
      <Execution id="62fefa47-1eef-46d7-8a21-10c893eee268" />
      <TestMethod codeBase="C:\Projekty\xUnitTestProject\bin\Debug\netcoreapp3.1\xUnitTestProject.dll" adapterTypeName="executor://xunit/VsTestRunner2/netcoreapp" className="xUnitTestProject.CurrencyHelperTests" name="FormatToStringTest1000" />
    </UnitTest>
    <UnitTest name="xUnitTestProject.CurrencyHelperTests.FormatToStringTest1000(price: 6429.44273095552, expected: &quot;6429.44 zł&quot;)" storage="c:\projekty\xunittestproject\bin\debug\netcoreapp3.1\xunittestproject.dll" id="9bed9c4d-df2b-32b1-c6ce-ea879f4b2fcd">
      <Execution id="1584ba0f-b692-4238-8249-3907bd07b2c6" />
      <TestMethod codeBase="C:\Projekty\xUnitTestProject\bin\Debug\netcoreapp3.1\xUnitTestProject.dll" adapterTypeName="executor://xunit/VsTestRunner2/netcoreapp" className="xUnitTestProject.CurrencyHelperTests" name="FormatToStringTest1000" />
    </UnitTest>
    <UnitTest name="xUnitTestProject.CurrencyHelperTests.FormatToStringTest1000(price: 750.5106571719566, expected: &quot;750.51 zł&quot;)" storage="c:\projekty\xunittestproject\bin\debug\netcoreapp3.1\xunittestproject.dll" id="75567229-1858-de57-219b-cfd8f4a7e8de">
      <Execution id="c1054a40-5a5e-42ae-a523-889b6b292a88" />
      <TestMethod codeBase="C:\Projekty\xUnitTestProject\bin\Debug\netcoreapp3.1\xUnitTestProject.dll" adapterTypeName="executor://xunit/VsTestRunner2/netcoreapp" className="xUnitTestProject.CurrencyHelperTests" name="FormatToStringTest1000" />
    </UnitTest>
    <UnitTest name="xUnitTestProject.CurrencyHelperTests.FormatToStringTest1000(price: 22533.17694295811, expected: &quot;22533.18 zł&quot;)" storage="c:\projekty\xunittestproject\bin\debug\netcoreapp3.1\xunittestproject.dll" id="83c96126-428f-5139-26c1-00806d946a42">
      <Execution id="09df427e-b278-410a-8421-e1ebe86fb40b" />
      <TestMethod codeBase="C:\Projekty\xUnitTestProject\bin\Debug\netcoreapp3.1\xUnitTestProject.dll" adapterTypeName="executor://xunit/VsTestRunner2/netcoreapp" className="xUnitTestProject.CurrencyHelperTests" name="FormatToStringTest1000" />
    </UnitTest>
    <UnitTest name="xUnitTestProject.CurrencyHelperTests.FormatToStringTest1000(price: 4419.750844657306, expected: &quot;4419.75 zł&quot;)" storage="c:\projekty\xunittestproject\bin\debug\netcoreapp3.1\xunittestproject.dll" id="eccf41da-6b65-aa5d-c784-b8badc726d9b">
      <Execution id="3ca7d039-0bb5-44d6-b0e0-a04e22f9d21c" />
      <TestMethod codeBase="C:\Projekty\xUnitTestProject\bin\Debug\netcoreapp3.1\xUnitTestProject.dll" adapterTypeName="executor://xunit/VsTestRunner2/netcoreapp" className="xUnitTestProject.CurrencyHelperTests" name="FormatToStringTest1000" />
    </UnitTest>
    <UnitTest name="xUnitTestProject.CurrencyHelperTests.FormatToStringTest1000(price: 4614.673205890541, expected: &quot;4614.67 zł&quot;)" storage="c:\projekty\xunittestproject\bin\debug\netcoreapp3.1\xunittestproject.dll" id="a1b1cd1d-1429-3ac2-3b82-a26d05133f17">
      <Execution id="06a531de-6132-4e1a-a004-b98ad6f360ae" />
      <TestMethod codeBase="C:\Projekty\xUnitTestProject\bin\Debug\netcoreapp3.1\xUnitTestProject.dll" adapterTypeName="executor://xunit/VsTestRunner2/netcoreapp" className="xUnitTestProject.CurrencyHelperTests" name="FormatToStringTest1000" />
    </UnitTest>
    <UnitTest name="xUnitTestProject.CurrencyHelperTests.FormatToStringTest1000(price: 28080.92507087669, expected: &quot;28080.93 zł&quot;)" storage="c:\projekty\xunittestproject\bin\debug\netcoreapp3.1\xunittestproject.dll" id="a9c621d8-eb9e-3cd1-2b29-ed69514bad1f">
      <Execution id="0a2bfe0c-f53a-48d3-a34b-9c04e124a3bb" />
      <TestMethod codeBase="C:\Projekty\xUnitTestProject\bin\Debug\netcoreapp3.1\xUnitTestProject.dll" adapterTypeName="executor://xunit/VsTestRunner2/netcoreapp" className="xUnitTestProject.CurrencyHelperTests" name="FormatToStringTest1000" />
    </UnitTest>
    <UnitTest name="xUnitTestProject.CurrencyHelperTests.FormatToStringTest1000(price: 47256.065730817645, expected: &quot;47256.07 zł&quot;)" storage="c:\projekty\xunittestproject\bin\debug\netcoreapp3.1\xunittestproject.dll" id="8fb0d924-6ca3-e44c-f26a-1c29eb5d30bd">
      <Execution id="73e0fb00-b94a-406b-b3b8-b581bea0c4be" />
      <TestMethod codeBase="C:\Projekty\xUnitTestProject\bin\Debug\netcoreapp3.1\xUnitTestProject.dll" adapterTypeName="executor://xunit/VsTestRunner2/netcoreapp" className="xUnitTestProject.CurrencyHelperTests" name="FormatToStringTest1000" />
    </UnitTest>
    <UnitTest name="xUnitTestProject.CurrencyHelperTests.FormatToStringTest1000(price: 4411.456718280659, expected: &quot;4411.46 zł&quot;)" storage="c:\projekty\xunittestproject\bin\debug\netcoreapp3.1\xunittestproject.dll" id="76ad8ec9-5ccc-b3a3-7c1b-d549d0dbd095">
      <Execution id="bc8ef602-9c10-47c6-94e0-bc9ded665e2a" />
      <TestMethod codeBase="C:\Projekty\xUnitTestProject\bin\Debug\netcoreapp3.1\xUnitTestProject.dll" adapterTypeName="executor://xunit/VsTestRunner2/netcoreapp" className="xUnitTestProject.CurrencyHelperTests" name="FormatToStringTest1000" />
    </UnitTest>
    <UnitTest name="xUnitTestProject.CurrencyHelperTests.FormatToStringTest1000(price: 20321.03715103913, expected: &quot;20321.04 zł&quot;)" storage="c:\projekty\xunittestproject\bin\debug\netcoreapp3.1\xunittestproject.dll" id="3aa6da58-73c8-f8a3-c690-8bbd80282877">
      <Execution id="46b923e0-d054-49f5-979d-4a65b811e201" />
      <TestMethod codeBase="C:\Projekty\xUnitTestProject\bin\Debug\netcoreapp3.1\xUnitTestProject.dll" adapterTypeName="executor://xunit/VsTestRunner2/netcoreapp" className="xUnitTestProject.CurrencyHelperTests" name="FormatToStringTest1000" />
    </UnitTest>
    <UnitTest name="xUnitTestProject.CurrencyHelperTests.FormatToStringTest1000(price: 27852.532163303127, expected: &quot;27852.53 zł&quot;)" storage="c:\projekty\xunittestproject\bin\debug\netcoreapp3.1\xunittestproject.dll" id="3fa3f1d2-90bc-c93b-b647-8aef449b689a">
      <Execution id="a0439568-e8ad-49f7-bcc7-ab92c850f0b3" />
      <TestMethod codeBase="C:\Projekty\xUnitTestProject\bin\Debug\netcoreapp3.1\xUnitTestProject.dll" adapterTypeName="executor://xunit/VsTestRunner2/netcoreapp" className="xUnitTestProject.CurrencyHelperTests" name="FormatToStringTest1000" />
    </UnitTest>
    <UnitTest name="xUnitTestProject.CurrencyHelperTests.FormatToStringTest1000(price: 16511.26921423537, expected: &quot;16511.27 zł&quot;)" storage="c:\projekty\xunittestproject\bin\debug\netcoreapp3.1\xunittestproject.dll" id="799374f9-c088-e602-bce1-d22bf769b783">
      <Execution id="f68c92b7-0d34-461b-9e49-2a1239efea76" />
      <TestMethod codeBase="C:\Projekty\xUnitTestProject\bin\Debug\netcoreapp3.1\xUnitTestProject.dll" adapterTypeName="executor://xunit/VsTestRunner2/netcoreapp" className="xUnitTestProject.CurrencyHelperTests" name="FormatToStringTest1000" />
    </UnitTest>
    <UnitTest name="xUnitTestProject.CurrencyHelperTests.FormatToStringTest1000(price: 20752.33758466334, expected: &quot;20752.34 zł&quot;)" storage="c:\projekty\xunittestproject\bin\debug\netcoreapp3.1\xunittestproject.dll" id="0751b11b-a6a8-a4ef-30e1-f910838570cb">
      <Execution id="15090687-0fb3-4c80-8421-7095d0c3997f" />
      <TestMethod codeBase="C:\Projekty\xUnitTestProject\bin\Debug\netcoreapp3.1\xUnitTestProject.dll" adapterTypeName="executor://xunit/VsTestRunner2/netcoreapp" className="xUnitTestProject.CurrencyHelperTests" name="FormatToStringTest1000" />
    </UnitTest>
    <UnitTest name="xUnitTestProject.CurrencyHelperTests.FormatToStringTest1000(price: 43799.04472166535, expected: &quot;43799.04 zł&quot;)" storage="c:\projekty\xunittestproject\bin\debug\netcoreapp3.1\xunittestproject.dll" id="20029a95-caa6-71d7-8434-4467fe9b8732">
      <Execution id="114d61d9-4f5f-492b-a4af-e16c5c6f5258" />
      <TestMethod codeBase="C:\Projekty\xUnitTestProject\bin\Debug\netcoreapp3.1\xUnitTestProject.dll" adapterTypeName="executor://xunit/VsTestRunner2/netcoreapp" className="xUnitTestProject.CurrencyHelperTests" name="FormatToStringTest1000" />
    </UnitTest>
    <UnitTest name="xUnitTestProject.CurrencyHelperTests.FormatToStringTest1000(price: 5961.755129208674, expected: &quot;5961.76 zł&quot;)" storage="c:\projekty\xunittestproject\bin\debug\netcoreapp3.1\xunittestproject.dll" id="2bdae34b-74e4-b57e-0c4e-9f8a61c91aa5">
      <Execution id="3498abcb-5ed9-4219-b9f0-a563f685961e" />
      <TestMethod codeBase="C:\Projekty\xUnitTestProject\bin\Debug\netcoreapp3.1\xUnitTestProject.dll" adapterTypeName="executor://xunit/VsTestRunner2/netcoreapp" className="xUnitTestProject.CurrencyHelperTests" name="FormatToStringTest1000" />
    </UnitTest>
    <UnitTest name="xUnitTestProject.CurrencyHelperTests.FormatToStringTest1000(price: 16210.791556035536, expected: &quot;16210.79 zł&quot;)" storage="c:\projekty\xunittestproject\bin\debug\netcoreapp3.1\xunittestproject.dll" id="599b5bdf-c3a2-ab45-0452-3da415351122">
      <Execution id="302e8c32-2da3-4a82-b2ca-7a8432cec2e4" />
      <TestMethod codeBase="C:\Projekty\xUnitTestProject\bin\Debug\netcoreapp3.1\xUnitTestProject.dll" adapterTypeName="executor://xunit/VsTestRunner2/netcoreapp" className="xUnitTestProject.CurrencyHelperTests" name="FormatToStringTest1000" />
    </UnitTest>
    <UnitTest name="xUnitTestProject.CurrencyHelperTests.FormatToStringTest1000(price: 6654.099431086378, expected: &quot;6654.10 zł&quot;)" storage="c:\projekty\xunittestproject\bin\debug\netcoreapp3.1\xunittestproject.dll" id="d2be2dc8-81b6-46cb-cbba-3709ad4b1996">
      <Execution id="46184f91-c37c-4ad3-9ff0-1227ecc7bd71" />
      <TestMethod codeBase="C:\Projekty\xUnitTestProject\bin\Debug\netcoreapp3.1\xUnitTestProject.dll" adapterTypeName="executor://xunit/VsTestRunner2/netcoreapp" className="xUnitTestProject.CurrencyHelperTests" name="FormatToStringTest1000" />
    </UnitTest>
    <UnitTest name="xUnitTestProject.CurrencyHelperTests.FormatToStringTest1000(price: 40857.08543233996, expected: &quot;40857.09 zł&quot;)" storage="c:\projekty\xunittestproject\bin\debug\netcoreapp3.1\xunittestproject.dll" id="2903f8f9-605c-f4a1-c251-e272e8faf58d">
      <Execution id="716eadb7-ca63-46fc-973a-715c278ea86c" />
      <TestMethod codeBase="C:\Projekty\xUnitTestProject\bin\Debug\netcoreapp3.1\xUnitTestProject.dll" adapterTypeName="executor://xunit/VsTestRunner2/netcoreapp" className="xUnitTestProject.CurrencyHelperTests" name="FormatToStringTest1000" />
    </UnitTest>
    <UnitTest name="xUnitTestProject.CurrencyHelperTests.FormatToStringTest1000(price: 33413.381276228174, expected: &quot;33413.38 zł&quot;)" storage="c:\projekty\xunittestproject\bin\debug\netcoreapp3.1\xunittestproject.dll" id="3f543d31-d892-849e-9693-7ae2624b2c94">
      <Execution id="a563bca7-82df-4868-abea-3dd5b7ddd433" />
      <TestMethod codeBase="C:\Projekty\xUnitTestProject\bin\Debug\netcoreapp3.1\xUnitTestProject.dll" adapterTypeName="executor://xunit/VsTestRunner2/netcoreapp" className="xUnitTestProject.CurrencyHelperTests" name="FormatToStringTest1000" />
    </UnitTest>
    <UnitTest name="xUnitTestProject.CurrencyHelperTests.FormatToStringTest1000(price: 52810.91713865516, expected: &quot;52810.92 zł&quot;)" storage="c:\projekty\xunittestproject\bin\debug\netcoreapp3.1\xunittestproject.dll" id="6cc408c2-2cb5-45f5-22cc-d2054659459b">
      <Execution id="c77910d8-62d5-4cd3-bf19-35e4fea9cd99" />
      <TestMethod codeBase="C:\Projekty\xUnitTestProject\bin\Debug\netcoreapp3.1\xUnitTestProject.dll" adapterTypeName="executor://xunit/VsTestRunner2/netcoreapp" className="xUnitTestProject.CurrencyHelperTests" name="FormatToStringTest1000" />
    </UnitTest>
    <UnitTest name="xUnitTestProject.CurrencyHelperTests.FormatToStringTest1000(price: 19500.031951036784, expected: &quot;19500.03 zł&quot;)" storage="c:\projekty\xunittestproject\bin\debug\netcoreapp3.1\xunittestproject.dll" id="b9639a73-b99d-241a-c8a5-6c3a19c63133">
      <Execution id="2405e650-104e-40c2-9896-b408536c4dc9" />
      <TestMethod codeBase="C:\Projekty\xUnitTestProject\bin\Debug\netcoreapp3.1\xUnitTestProject.dll" adapterTypeName="executor://xunit/VsTestRunner2/netcoreapp" className="xUnitTestProject.CurrencyHelperTests" name="FormatToStringTest1000" />
    </UnitTest>
    <UnitTest name="xUnitTestProject.CurrencyHelperTests.FormatToStringTest1000(price: 24308.26523149212, expected: &quot;24308.27 zł&quot;)" storage="c:\projekty\xunittestproject\bin\debug\netcoreapp3.1\xunittestproject.dll" id="4d07a1bc-a8d9-c223-fb28-a20fa9ce459f">
      <Execution id="68775559-4012-47fe-a2cd-e11487a62ebe" />
      <TestMethod codeBase="C:\Projekty\xUnitTestProject\bin\Debug\netcoreapp3.1\xUnitTestProject.dll" adapterTypeName="executor://xunit/VsTestRunner2/netcoreapp" className="xUnitTestProject.CurrencyHelperTests" name="FormatToStringTest1000" />
    </UnitTest>
    <UnitTest name="xUnitTestProject.CurrencyHelperTests.FormatToStringTest1000(price: 68479.93492677805, expected: &quot;68479.93 zł&quot;)" storage="c:\projekty\xunittestproject\bin\debug\netcoreapp3.1\xunittestproject.dll" id="039e02b8-589d-bf11-ab34-101144716c75">
      <Execution id="fb960fc5-4d82-4de5-a02f-00000df6638e" />
      <TestMethod codeBase="C:\Projekty\xUnitTestProject\bin\Debug\netcoreapp3.1\xUnitTestProject.dll" adapterTypeName="executor://xunit/VsTestRunner2/netcoreapp" className="xUnitTestProject.CurrencyHelperTests" name="FormatToStringTest1000" />
    </UnitTest>
    <UnitTest name="xUnitTestProject.CurrencyHelperTests.FormatToStringTest1000(price: 4539.210371735137, expected: &quot;4539.21 zł&quot;)" storage="c:\projekty\xunittestproject\bin\debug\netcoreapp3.1\xunittestproject.dll" id="cd325bca-14d8-e62d-3ed3-b6cff2a5be8c">
      <Execution id="036688d0-5935-4763-89bd-2a903732f744" />
      <TestMethod codeBase="C:\Projekty\xUnitTestProject\bin\Debug\netcoreapp3.1\xUnitTestProject.dll" adapterTypeName="executor://xunit/VsTestRunner2/netcoreapp" className="xUnitTestProject.CurrencyHelperTests" name="FormatToStringTest1000" />
    </UnitTest>
    <UnitTest name="xUnitTestProject.CurrencyHelperTests.FormatToStringTest1000(price: 20552.966022956633, expected: &quot;20552.97 zł&quot;)" storage="c:\projekty\xunittestproject\bin\debug\netcoreapp3.1\xunittestproject.dll" id="112056a7-90b6-3caa-8868-b79786565857">
      <Execution id="dc10b745-d860-4618-a68d-b73081ffea23" />
      <TestMethod codeBase="C:\Projekty\xUnitTestProject\bin\Debug\netcoreapp3.1\xUnitTestProject.dll" adapterTypeName="executor://xunit/VsTestRunner2/netcoreapp" className="xUnitTestProject.CurrencyHelperTests" name="FormatToStringTest1000" />
    </UnitTest>
    <UnitTest name="xUnitTestProject.CurrencyHelperTests.FormatToStringTest1000(price: 17418.31302247863, expected: &quot;17418.31 zł&quot;)" storage="c:\projekty\xunittestproject\bin\debug\netcoreapp3.1\xunittestproject.dll" id="749e89fd-9c9b-5d83-545c-b459ff44beff">
      <Execution id="e602358f-9266-434c-9e3c-88e47a068de3" />
      <TestMethod codeBase="C:\Projekty\xUnitTestProject\bin\Debug\netcoreapp3.1\xUnitTestProject.dll" adapterTypeName="executor://xunit/VsTestRunner2/netcoreapp" className="xUnitTestProject.CurrencyHelperTests" name="FormatToStringTest1000" />
    </UnitTest>
    <UnitTest name="xUnitTestProject.CurrencyHelperTests.FormatToStringTest1000(price: 17875.613377604455, expected: &quot;17875.61 zł&quot;)" storage="c:\projekty\xunittestproject\bin\debug\netcoreapp3.1\xunittestproject.dll" id="f03f6860-12a5-6960-814c-3c29d5bd5d06">
      <Execution id="74ab4143-4b21-4d47-abc9-9b40881f2001" />
      <TestMethod codeBase="C:\Projekty\xUnitTestProject\bin\Debug\netcoreapp3.1\xUnitTestProject.dll" adapterTypeName="executor://xunit/VsTestRunner2/netcoreapp" className="xUnitTestProject.CurrencyHelperTests" name="FormatToStringTest1000" />
    </UnitTest>
    <UnitTest name="xUnitTestProject.CurrencyHelperTests.FormatToStringTest1000(price: 1649.0127968480872, expected: &quot;1649.01 zł&quot;)" storage="c:\projekty\xunittestproject\bin\debug\netcoreapp3.1\xunittestproject.dll" id="ec976d73-69f5-3cb8-c94a-fac6ea1343ca">
      <Execution id="aadd6eba-81d5-4fcd-a24e-428429b03cb9" />
      <TestMethod codeBase="C:\Projekty\xUnitTestProject\bin\Debug\netcoreapp3.1\xUnitTestProject.dll" adapterTypeName="executor://xunit/VsTestRunner2/netcoreapp" className="xUnitTestProject.CurrencyHelperTests" name="FormatToStringTest1000" />
    </UnitTest>
    <UnitTest name="xUnitTestProject.CurrencyHelperTests.FormatToStringTest1000(price: 9634.398811461124, expected: &quot;9634.40 zł&quot;)" storage="c:\projekty\xunittestproject\bin\debug\netcoreapp3.1\xunittestproject.dll" id="56f22bda-cb9f-dbaa-365a-cb6ba2104fe2">
      <Execution id="fa393d00-7c2c-4070-af72-416ec77eb7fb" />
      <TestMethod codeBase="C:\Projekty\xUnitTestProject\bin\Debug\netcoreapp3.1\xUnitTestProject.dll" adapterTypeName="executor://xunit/VsTestRunner2/netcoreapp" className="xUnitTestProject.CurrencyHelperTests" name="FormatToStringTest1000" />
    </UnitTest>
    <UnitTest name="xUnitTestProject.CurrencyHelperTests.FormatToStringTest1000(price: 4030.673117592313, expected: &quot;4030.67 zł&quot;)" storage="c:\projekty\xunittestproject\bin\debug\netcoreapp3.1\xunittestproject.dll" id="b818a661-8c39-b04d-aea0-c8bf6f965ed2">
      <Execution id="0dcd4805-ce17-452c-bd40-26dc9a1bd2d7" />
      <TestMethod codeBase="C:\Projekty\xUnitTestProject\bin\Debug\netcoreapp3.1\xUnitTestProject.dll" adapterTypeName="executor://xunit/VsTestRunner2/netcoreapp" className="xUnitTestProject.CurrencyHelperTests" name="FormatToStringTest1000" />
    </UnitTest>
    <UnitTest name="xUnitTestProject.CurrencyHelperTests.FormatToStringTest1000(price: 63115.864864394935, expected: &quot;63115.86 zł&quot;)" storage="c:\projekty\xunittestproject\bin\debug\netcoreapp3.1\xunittestproject.dll" id="1d8f4068-0f19-f951-5966-43f32b70fb4f">
      <Execution id="b3d21532-65c5-42b2-998e-3df00fc7b261" />
      <TestMethod codeBase="C:\Projekty\xUnitTestProject\bin\Debug\netcoreapp3.1\xUnitTestProject.dll" adapterTypeName="executor://xunit/VsTestRunner2/netcoreapp" className="xUnitTestProject.CurrencyHelperTests" name="FormatToStringTest1000" />
    </UnitTest>
    <UnitTest name="xUnitTestProject.CurrencyHelperTests.FormatToStringTest1000(price: 66723.3293191657, expected: &quot;66723.33 zł&quot;)" storage="c:\projekty\xunittestproject\bin\debug\netcoreapp3.1\xunittestproject.dll" id="6dd99dbe-4c8b-34b5-1e2c-dac97050c643">
      <Execution id="9d3a3dd0-10e1-467a-a82d-6ffc2c943122" />
      <TestMethod codeBase="C:\Projekty\xUnitTestProject\bin\Debug\netcoreapp3.1\xUnitTestProject.dll" adapterTypeName="executor://xunit/VsTestRunner2/netcoreapp" className="xUnitTestProject.CurrencyHelperTests" name="FormatToStringTest1000" />
    </UnitTest>
    <UnitTest name="xUnitTestProject.CurrencyHelperTests.FormatToStringTest1000(price: 35384.637112688106, expected: &quot;35384.64 zł&quot;)" storage="c:\projekty\xunittestproject\bin\debug\netcoreapp3.1\xunittestproject.dll" id="631aa61c-5891-97bd-8c16-092dfa85bf9b">
      <Execution id="78e803ff-2068-4caf-8690-e847907bc944" />
      <TestMethod codeBase="C:\Projekty\xUnitTestProject\bin\Debug\netcoreapp3.1\xUnitTestProject.dll" adapterTypeName="executor://xunit/VsTestRunner2/netcoreapp" className="xUnitTestProject.CurrencyHelperTests" name="FormatToStringTest1000" />
    </UnitTest>
    <UnitTest name="xUnitTestProject.CurrencyHelperTests.FormatToStringTest1000(price: 38614.292320713066, expected: &quot;38614.29 zł&quot;)" storage="c:\projekty\xunittestproject\bin\debug\netcoreapp3.1\xunittestproject.dll" id="a7d85aa3-fa07-4a18-0790-c9a84b87bfbf">
      <Execution id="d8222ed0-d2e6-4ea7-9719-e7eea308abc3" />
      <TestMethod codeBase="C:\Projekty\xUnitTestProject\bin\Debug\netcoreapp3.1\xUnitTestProject.dll" adapterTypeName="executor://xunit/VsTestRunner2/netcoreapp" className="xUnitTestProject.CurrencyHelperTests" name="FormatToStringTest1000" />
    </UnitTest>
    <UnitTest name="xUnitTestProject.CurrencyHelperTests.FormatToStringTest1000(price: 11494.27761332238, expected: &quot;11494.28 zł&quot;)" storage="c:\projekty\xunittestproject\bin\debug\netcoreapp3.1\xunittestproject.dll" id="61f864ac-97c4-6c85-0643-065c2cc97960">
      <Execution id="d366e0f7-4de0-4114-95ee-7124199c6b75" />
      <TestMethod codeBase="C:\Projekty\xUnitTestProject\bin\Debug\netcoreapp3.1\xUnitTestProject.dll" adapterTypeName="executor://xunit/VsTestRunner2/netcoreapp" className="xUnitTestProject.CurrencyHelperTests" name="FormatToStringTest1000" />
    </UnitTest>
    <UnitTest name="xUnitTestProject.CurrencyHelperTests.FormatToStringTest1000(price: 59768.02667973611, expected: &quot;59768.03 zł&quot;)" storage="c:\projekty\xunittestproject\bin\debug\netcoreapp3.1\xunittestproject.dll" id="9c7fd1db-1277-0ff0-b26a-428fd3366acd">
      <Execution id="cfbe51d2-db04-46d7-a6eb-22ce241b735c" />
      <TestMethod codeBase="C:\Projekty\xUnitTestProject\bin\Debug\netcoreapp3.1\xUnitTestProject.dll" adapterTypeName="executor://xunit/VsTestRunner2/netcoreapp" className="xUnitTestProject.CurrencyHelperTests" name="FormatToStringTest1000" />
    </UnitTest>
    <UnitTest name="xUnitTestProject.CurrencyHelperTests.FormatToStringTest1000(price: 5835.26176155557, expected: &quot;5835.26 zł&quot;)" storage="c:\projekty\xunittestproject\bin\debug\netcoreapp3.1\xunittestproject.dll" id="652fbfaf-623d-2a4f-25d1-cf07d8f0c0da">
      <Execution id="0c7f423c-d43b-428b-831b-1aca5149d73a" />
      <TestMethod codeBase="C:\Projekty\xUnitTestProject\bin\Debug\netcoreapp3.1\xUnitTestProject.dll" adapterTypeName="executor://xunit/VsTestRunner2/netcoreapp" className="xUnitTestProject.CurrencyHelperTests" name="FormatToStringTest1000" />
    </UnitTest>
    <UnitTest name="xUnitTestProject.CurrencyHelperTests.FormatToStringTest1000(price: 29796.909338079815, expected: &quot;29796.91 zł&quot;)" storage="c:\projekty\xunittestproject\bin\debug\netcoreapp3.1\xunittestproject.dll" id="e01a9a2a-2030-6ab9-7db6-efea263590e2">
      <Execution id="9fa1bc1b-ae94-4994-b7c9-90beb8e592a7" />
      <TestMethod codeBase="C:\Projekty\xUnitTestProject\bin\Debug\netcoreapp3.1\xUnitTestProject.dll" adapterTypeName="executor://xunit/VsTestRunner2/netcoreapp" className="xUnitTestProject.CurrencyHelperTests" name="FormatToStringTest1000" />
    </UnitTest>
    <UnitTest name="xUnitTestProject.CurrencyHelperTests.FormatToStringTest1000(price: 29362.005930638876, expected: &quot;29362.01 zł&quot;)" storage="c:\projekty\xunittestproject\bin\debug\netcoreapp3.1\xunittestproject.dll" id="294352cc-8efa-db1c-1bd5-bae00c9cde08">
      <Execution id="af59aef0-3785-4722-8f07-ca5123ef73fc" />
      <TestMethod codeBase="C:\Projekty\xUnitTestProject\bin\Debug\netcoreapp3.1\xUnitTestProject.dll" adapterTypeName="executor://xunit/VsTestRunner2/netcoreapp" className="xUnitTestProject.CurrencyHelperTests" name="FormatToStringTest1000" />
    </UnitTest>
    <UnitTest name="xUnitTestProject.CurrencyHelperTests.FormatToStringTest1000(price: 19189.32381924117, expected: &quot;19189.32 zł&quot;)" storage="c:\projekty\xunittestproject\bin\debug\netcoreapp3.1\xunittestproject.dll" id="d907dab2-a0b3-0153-e7e4-4d342798a47e">
      <Execution id="b03a88a7-b5e0-45c8-898e-01c2cd7ef484" />
      <TestMethod codeBase="C:\Projekty\xUnitTestProject\bin\Debug\netcoreapp3.1\xUnitTestProject.dll" adapterTypeName="executor://xunit/VsTestRunner2/netcoreapp" className="xUnitTestProject.CurrencyHelperTests" name="FormatToStringTest1000" />
    </UnitTest>
    <UnitTest name="xUnitTestProject.CurrencyHelperTests.FormatToStringTest1000(price: 39531.95190033268, expected: &quot;39531.95 zł&quot;)" storage="c:\projekty\xunittestproject\bin\debug\netcoreapp3.1\xunittestproject.dll" id="e62a06d7-081f-b513-c2d5-80ddeebcb813">
      <Execution id="18220222-5e3b-46d9-8492-8855b59de9a0" />
      <TestMethod codeBase="C:\Projekty\xUnitTestProject\bin\Debug\netcoreapp3.1\xUnitTestProject.dll" adapterTypeName="executor://xunit/VsTestRunner2/netcoreapp" className="xUnitTestProject.CurrencyHelperTests" name="FormatToStringTest1000" />
    </UnitTest>
    <UnitTest name="xUnitTestProject.CurrencyHelperTests.FormatToStringTest1000(price: 658.7555888573431, expected: &quot;658.76 zł&quot;)" storage="c:\projekty\xunittestproject\bin\debug\netcoreapp3.1\xunittestproject.dll" id="2a9faf6f-4d21-d971-4115-0a2cf31c75ab">
      <Execution id="8fc7b693-2bfb-42e5-892c-fad9ead46f51" />
      <TestMethod codeBase="C:\Projekty\xUnitTestProject\bin\Debug\netcoreapp3.1\xUnitTestProject.dll" adapterTypeName="executor://xunit/VsTestRunner2/netcoreapp" className="xUnitTestProject.CurrencyHelperTests" name="FormatToStringTest1000" />
    </UnitTest>
    <UnitTest name="xUnitTestProject.CurrencyHelperTests.FormatToStringTest1000(price: 75987.03378503352, expected: &quot;75987.03 zł&quot;)" storage="c:\projekty\xunittestproject\bin\debug\netcoreapp3.1\xunittestproject.dll" id="fd8ab50a-6120-2a06-7ebd-aae621104cec">
      <Execution id="78827c36-d9de-4963-b118-f2e6656f2b62" />
      <TestMethod codeBase="C:\Projekty\xUnitTestProject\bin\Debug\netcoreapp3.1\xUnitTestProject.dll" adapterTypeName="executor://xunit/VsTestRunner2/netcoreapp" className="xUnitTestProject.CurrencyHelperTests" name="FormatToStringTest1000" />
    </UnitTest>
    <UnitTest name="xUnitTestProject.CurrencyHelperTests.FormatToStringTest1000(price: 35248.53555717996, expected: &quot;35248.54 zł&quot;)" storage="c:\projekty\xunittestproject\bin\debug\netcoreapp3.1\xunittestproject.dll" id="ecb76390-c6f7-bfa0-1a99-45634c606ddc">
      <Execution id="61b2d092-3541-45fd-ac6f-c28062bc385f" />
      <TestMethod codeBase="C:\Projekty\xUnitTestProject\bin\Debug\netcoreapp3.1\xUnitTestProject.dll" adapterTypeName="executor://xunit/VsTestRunner2/netcoreapp" className="xUnitTestProject.CurrencyHelperTests" name="FormatToStringTest1000" />
    </UnitTest>
    <UnitTest name="xUnitTestProject.CurrencyHelperTests.FormatToStringTest1000(price: 56802.303118930344, expected: &quot;56802.30 zł&quot;)" storage="c:\projekty\xunittestproject\bin\debug\netcoreapp3.1\xunittestproject.dll" id="6997fb4f-bee2-69ca-461b-7845f1fa191c">
      <Execution id="1fd5e3c6-eb05-4c60-b099-f0a646769026" />
      <TestMethod codeBase="C:\Projekty\xUnitTestProject\bin\Debug\netcoreapp3.1\xUnitTestProject.dll" adapterTypeName="executor://xunit/VsTestRunner2/netcoreapp" className="xUnitTestProject.CurrencyHelperTests" name="FormatToStringTest1000" />
    </UnitTest>
    <UnitTest name="xUnitTestProject.CurrencyHelperTests.FormatToStringTest1000(price: 1300.9430775404642, expected: &quot;1300.94 zł&quot;)" storage="c:\projekty\xunittestproject\bin\debug\netcoreapp3.1\xunittestproject.dll" id="847ca950-a5c5-d084-8e4e-ab9e67678604">
      <Execution id="5147b9af-2a03-4dfe-8608-97b493058ab6" />
      <TestMethod codeBase="C:\Projekty\xUnitTestProject\bin\Debug\netcoreapp3.1\xUnitTestProject.dll" adapterTypeName="executor://xunit/VsTestRunner2/netcoreapp" className="xUnitTestProject.CurrencyHelperTests" name="FormatToStringTest1000" />
    </UnitTest>
    <UnitTest name="xUnitTestProject.CurrencyHelperTests.FormatToStringTest1000(price: 8697.074631143862, expected: &quot;8697.07 zł&quot;)" storage="c:\projekty\xunittestproject\bin\debug\netcoreapp3.1\xunittestproject.dll" id="dffdcee4-e2c7-a486-318f-edaed8877c4d">
      <Execution id="6c719bb5-eea1-45da-8d92-546b043ed13a" />
      <TestMethod codeBase="C:\Projekty\xUnitTestProject\bin\Debug\netcoreapp3.1\xUnitTestProject.dll" adapterTypeName="executor://xunit/VsTestRunner2/netcoreapp" className="xUnitTestProject.CurrencyHelperTests" name="FormatToStringTest1000" />
    </UnitTest>
    <UnitTest name="xUnitTestProject.CurrencyHelperTests.FormatToStringTest1000(price: 1739.5853778997368, expected: &quot;1739.59 zł&quot;)" storage="c:\projekty\xunittestproject\bin\debug\netcoreapp3.1\xunittestproject.dll" id="613b2ffe-17c7-a1b7-9417-e8c0c951aa41">
      <Execution id="c54c8ded-b997-437a-956d-5da0ad230a61" />
      <TestMethod codeBase="C:\Projekty\xUnitTestProject\bin\Debug\netcoreapp3.1\xUnitTestProject.dll" adapterTypeName="executor://xunit/VsTestRunner2/netcoreapp" className="xUnitTestProject.CurrencyHelperTests" name="FormatToStringTest1000" />
    </UnitTest>
    <UnitTest name="xUnitTestProject.CurrencyHelperTests.FormatToStringTest1000(price: 27794.8671353957, expected: &quot;27794.87 zł&quot;)" storage="c:\projekty\xunittestproject\bin\debug\netcoreapp3.1\xunittestproject.dll" id="80a788de-88e0-32bd-4244-9850aa1ba44f">
      <Execution id="52d01907-bcf1-489e-8ac2-394429e3be8d" />
      <TestMethod codeBase="C:\Projekty\xUnitTestProject\bin\Debug\netcoreapp3.1\xUnitTestProject.dll" adapterTypeName="executor://xunit/VsTestRunner2/netcoreapp" className="xUnitTestProject.CurrencyHelperTests" name="FormatToStringTest1000" />
    </UnitTest>
    <UnitTest name="xUnitTestProject.CurrencyHelperTests.FormatToStringTest1000(price: 39641.61351217451, expected: &quot;39641.61 zł&quot;)" storage="c:\projekty\xunittestproject\bin\debug\netcoreapp3.1\xunittestproject.dll" id="acda3d15-0e29-fc40-b0fc-fcddae081200">
      <Execution id="33cbbb5e-3694-4b05-a0a3-09111e09d138" />
      <TestMethod codeBase="C:\Projekty\xUnitTestProject\bin\Debug\netcoreapp3.1\xUnitTestProject.dll" adapterTypeName="executor://xunit/VsTestRunner2/netcoreapp" className="xUnitTestProject.CurrencyHelperTests" name="FormatToStringTest1000" />
    </UnitTest>
    <UnitTest name="xUnitTestProject.CurrencyHelperTests.FormatToStringTest1000(price: 35.34471716840971, expected: &quot;35.34 zł&quot;)" storage="c:\projekty\xunittestproject\bin\debug\netcoreapp3.1\xunittestproject.dll" id="2ff98558-45c2-21dd-60d2-e1efdde7c0a8">
      <Execution id="b54eaf86-5edb-4b89-b669-c0a6aa5f38b0" />
      <TestMethod codeBase="C:\Projekty\xUnitTestProject\bin\Debug\netcoreapp3.1\xUnitTestProject.dll" adapterTypeName="executor://xunit/VsTestRunner2/netcoreapp" className="xUnitTestProject.CurrencyHelperTests" name="FormatToStringTest1000" />
    </UnitTest>
    <UnitTest name="xUnitTestProject.CurrencyHelperTests.FormatToStringTest1000(price: 44065.726815678056, expected: &quot;44065.73 zł&quot;)" storage="c:\projekty\xunittestproject\bin\debug\netcoreapp3.1\xunittestproject.dll" id="900eea81-caf7-4e0f-b129-22c2df2135b0">
      <Execution id="a991afc7-2597-4f45-b2df-ae03212b6845" />
      <TestMethod codeBase="C:\Projekty\xUnitTestProject\bin\Debug\netcoreapp3.1\xUnitTestProject.dll" adapterTypeName="executor://xunit/VsTestRunner2/netcoreapp" className="xUnitTestProject.CurrencyHelperTests" name="FormatToStringTest1000" />
    </UnitTest>
    <UnitTest name="xUnitTestProject.CurrencyHelperTests.FormatToStringTest1000(price: 15396.537902579894, expected: &quot;15396.54 zł&quot;)" storage="c:\projekty\xunittestproject\bin\debug\netcoreapp3.1\xunittestproject.dll" id="b873b04a-7c62-5dd2-8547-3f31b075c272">
      <Execution id="e84f0029-4930-4b31-a7bd-9cb69d272f57" />
      <TestMethod codeBase="C:\Projekty\xUnitTestProject\bin\Debug\netcoreapp3.1\xUnitTestProject.dll" adapterTypeName="executor://xunit/VsTestRunner2/netcoreapp" className="xUnitTestProject.CurrencyHelperTests" name="FormatToStringTest1000" />
    </UnitTest>
    <UnitTest name="xUnitTestProject.CurrencyHelperTests.FormatToStringTest1000(price: 5855.75080885354, expected: &quot;5855.75 zł&quot;)" storage="c:\projekty\xunittestproject\bin\debug\netcoreapp3.1\xunittestproject.dll" id="b8787739-4c07-b11a-eff9-c330a8615328">
      <Execution id="49002b2c-e98c-4d8c-9805-a42d33d871fd" />
      <TestMethod codeBase="C:\Projekty\xUnitTestProject\bin\Debug\netcoreapp3.1\xUnitTestProject.dll" adapterTypeName="executor://xunit/VsTestRunner2/netcoreapp" className="xUnitTestProject.CurrencyHelperTests" name="FormatToStringTest1000" />
    </UnitTest>
    <UnitTest name="xUnitTestProject.CurrencyHelperTests.FormatToStringTest1000(price: 30320.450517486992, expected: &quot;30320.45 zł&quot;)" storage="c:\projekty\xunittestproject\bin\debug\netcoreapp3.1\xunittestproject.dll" id="042cc95e-2b44-fa19-b576-f75093af4b96">
      <Execution id="e9a25070-64f9-407b-9a3a-7108ad18fad7" />
      <TestMethod codeBase="C:\Projekty\xUnitTestProject\bin\Debug\netcoreapp3.1\xUnitTestProject.dll" adapterTypeName="executor://xunit/VsTestRunner2/netcoreapp" className="xUnitTestProject.CurrencyHelperTests" name="FormatToStringTest1000" />
    </UnitTest>
    <UnitTest name="xUnitTestProject.CurrencyHelperTests.FormatToStringTest1000(price: 84686.32148464039, expected: &quot;84686.32 zł&quot;)" storage="c:\projekty\xunittestproject\bin\debug\netcoreapp3.1\xunittestproject.dll" id="7b2e748c-5793-e1c6-45bc-d5f863686469">
      <Execution id="53d9c83a-d533-415a-a4c4-91ebe7817f36" />
      <TestMethod codeBase="C:\Projekty\xUnitTestProject\bin\Debug\netcoreapp3.1\xUnitTestProject.dll" adapterTypeName="executor://xunit/VsTestRunner2/netcoreapp" className="xUnitTestProject.CurrencyHelperTests" name="FormatToStringTest1000" />
    </UnitTest>
    <UnitTest name="xUnitTestProject.CurrencyHelperTests.FormatToStringTest1000(price: 9867.823212210007, expected: &quot;9867.82 zł&quot;)" storage="c:\projekty\xunittestproject\bin\debug\netcoreapp3.1\xunittestproject.dll" id="99e7c5dd-ce54-9083-5f21-8bd4ff4149bd">
      <Execution id="1a5f81bf-26cf-4d5c-bd59-cffb361c8b35" />
      <TestMethod codeBase="C:\Projekty\xUnitTestProject\bin\Debug\netcoreapp3.1\xUnitTestProject.dll" adapterTypeName="executor://xunit/VsTestRunner2/netcoreapp" className="xUnitTestProject.CurrencyHelperTests" name="FormatToStringTest1000" />
    </UnitTest>
    <UnitTest name="xUnitTestProject.CurrencyHelperTests.FormatToStringTest1000(price: 42767.96883676898, expected: &quot;42767.97 zł&quot;)" storage="c:\projekty\xunittestproject\bin\debug\netcoreapp3.1\xunittestproject.dll" id="5d6a5449-fc3a-dea9-163b-dec74b3dd1b9">
      <Execution id="be4bac5e-5448-4651-9ae9-141d2f41de75" />
      <TestMethod codeBase="C:\Projekty\xUnitTestProject\bin\Debug\netcoreapp3.1\xUnitTestProject.dll" adapterTypeName="executor://xunit/VsTestRunner2/netcoreapp" className="xUnitTestProject.CurrencyHelperTests" name="FormatToStringTest1000" />
    </UnitTest>
    <UnitTest name="xUnitTestProject.CurrencyHelperTests.FormatToStringTest1000(price: 86.89546322771136, expected: &quot;86.90 zł&quot;)" storage="c:\projekty\xunittestproject\bin\debug\netcoreapp3.1\xunittestproject.dll" id="294f15b0-a486-8084-b9ae-585b30f21a60">
      <Execution id="bed2135e-d96a-4b8a-9035-631f6e4919ce" />
      <TestMethod codeBase="C:\Projekty\xUnitTestProject\bin\Debug\netcoreapp3.1\xUnitTestProject.dll" adapterTypeName="executor://xunit/VsTestRunner2/netcoreapp" className="xUnitTestProject.CurrencyHelperTests" name="FormatToStringTest1000" />
    </UnitTest>
    <UnitTest name="xUnitTestProject.CurrencyHelperTests.FormatToStringTest1000(price: 60017.857676936714, expected: &quot;60017.86 zł&quot;)" storage="c:\projekty\xunittestproject\bin\debug\netcoreapp3.1\xunittestproject.dll" id="31d7ba44-de75-ed55-66c6-b51937c13355">
      <Execution id="ff953062-23bd-4756-aae9-602504c7cf58" />
      <TestMethod codeBase="C:\Projekty\xUnitTestProject\bin\Debug\netcoreapp3.1\xUnitTestProject.dll" adapterTypeName="executor://xunit/VsTestRunner2/netcoreapp" className="xUnitTestProject.CurrencyHelperTests" name="FormatToStringTest1000" />
    </UnitTest>
    <UnitTest name="xUnitTestProject.CurrencyHelperTests.FormatToStringTest1000(price: 13568.230982493717, expected: &quot;13568.23 zł&quot;)" storage="c:\projekty\xunittestproject\bin\debug\netcoreapp3.1\xunittestproject.dll" id="ef2c65b8-081e-e356-813a-949f0831c7f0">
      <Execution id="51be096b-4b61-4f9e-ae10-a930a7f5eb64" />
      <TestMethod codeBase="C:\Projekty\xUnitTestProject\bin\Debug\netcoreapp3.1\xUnitTestProject.dll" adapterTypeName="executor://xunit/VsTestRunner2/netcoreapp" className="xUnitTestProject.CurrencyHelperTests" name="FormatToStringTest1000" />
    </UnitTest>
    <UnitTest name="xUnitTestProject.CurrencyHelperTests.FormatToStringTest1000(price: 3431.864349926759, expected: &quot;3431.86 zł&quot;)" storage="c:\projekty\xunittestproject\bin\debug\netcoreapp3.1\xunittestproject.dll" id="dd6f82bf-ec98-4f3e-74b1-00844a5994bf">
      <Execution id="8fc175f9-55be-4f09-89bf-4230deedc30a" />
      <TestMethod codeBase="C:\Projekty\xUnitTestProject\bin\Debug\netcoreapp3.1\xUnitTestProject.dll" adapterTypeName="executor://xunit/VsTestRunner2/netcoreapp" className="xUnitTestProject.CurrencyHelperTests" name="FormatToStringTest1000" />
    </UnitTest>
    <UnitTest name="xUnitTestProject.CurrencyHelperTests.FormatToStringTest1000(price: 11912.404131636213, expected: &quot;11912.40 zł&quot;)" storage="c:\projekty\xunittestproject\bin\debug\netcoreapp3.1\xunittestproject.dll" id="f80009c9-805e-194a-5298-bf93d54f39d7">
      <Execution id="1b803131-0ef3-43f4-9a00-d1d95f2bc395" />
      <TestMethod codeBase="C:\Projekty\xUnitTestProject\bin\Debug\netcoreapp3.1\xUnitTestProject.dll" adapterTypeName="executor://xunit/VsTestRunner2/netcoreapp" className="xUnitTestProject.CurrencyHelperTests" name="FormatToStringTest1000" />
    </UnitTest>
    <UnitTest name="xUnitTestProject.CurrencyHelperTests.FormatToStringTest1000(price: 6890.028458985514, expected: &quot;6890.03 zł&quot;)" storage="c:\projekty\xunittestproject\bin\debug\netcoreapp3.1\xunittestproject.dll" id="567ca57c-5cc0-0e6c-fd41-e20b10f40469">
      <Execution id="1763f4b4-f211-4343-8052-c5c2d4d57d93" />
      <TestMethod codeBase="C:\Projekty\xUnitTestProject\bin\Debug\netcoreapp3.1\xUnitTestProject.dll" adapterTypeName="executor://xunit/VsTestRunner2/netcoreapp" className="xUnitTestProject.CurrencyHelperTests" name="FormatToStringTest1000" />
    </UnitTest>
    <UnitTest name="xUnitTestProject.CurrencyHelperTests.FormatToStringTest1000(price: 19463.08761954917, expected: &quot;19463.09 zł&quot;)" storage="c:\projekty\xunittestproject\bin\debug\netcoreapp3.1\xunittestproject.dll" id="38ee170e-2136-8164-8076-d7d266da6388">
      <Execution id="faaf1c05-311e-4510-a49b-6948e3ac2ad4" />
      <TestMethod codeBase="C:\Projekty\xUnitTestProject\bin\Debug\netcoreapp3.1\xUnitTestProject.dll" adapterTypeName="executor://xunit/VsTestRunner2/netcoreapp" className="xUnitTestProject.CurrencyHelperTests" name="FormatToStringTest1000" />
    </UnitTest>
    <UnitTest name="xUnitTestProject.CurrencyHelperTests.FormatToStringTest1000(price: 7377.5644264340235, expected: &quot;7377.56 zł&quot;)" storage="c:\projekty\xunittestproject\bin\debug\netcoreapp3.1\xunittestproject.dll" id="46947d50-5e18-dad2-e4a8-b6d0819ae97c">
      <Execution id="375cbe35-152a-48f4-b633-1429baab5f81" />
      <TestMethod codeBase="C:\Projekty\xUnitTestProject\bin\Debug\netcoreapp3.1\xUnitTestProject.dll" adapterTypeName="executor://xunit/VsTestRunner2/netcoreapp" className="xUnitTestProject.CurrencyHelperTests" name="FormatToStringTest1000" />
    </UnitTest>
    <UnitTest name="xUnitTestProject.CurrencyHelperTests.FormatToStringTest1000(price: 7621.507806692509, expected: &quot;7621.51 zł&quot;)" storage="c:\projekty\xunittestproject\bin\debug\netcoreapp3.1\xunittestproject.dll" id="612eaa65-a60d-5727-69a2-576580c27858">
      <Execution id="e41bde3d-9399-41c3-8593-85a7d4c0bac0" />
      <TestMethod codeBase="C:\Projekty\xUnitTestProject\bin\Debug\netcoreapp3.1\xUnitTestProject.dll" adapterTypeName="executor://xunit/VsTestRunner2/netcoreapp" className="xUnitTestProject.CurrencyHelperTests" name="FormatToStringTest1000" />
    </UnitTest>
    <UnitTest name="xUnitTestProject.CurrencyHelperTests.FormatToStringTest1000(price: 7715.904444139406, expected: &quot;7715.90 zł&quot;)" storage="c:\projekty\xunittestproject\bin\debug\netcoreapp3.1\xunittestproject.dll" id="82cc450a-0e9d-45d3-9478-f947af9d278f">
      <Execution id="e310cd43-cb46-46bc-ba58-9c40101a36b9" />
      <TestMethod codeBase="C:\Projekty\xUnitTestProject\bin\Debug\netcoreapp3.1\xUnitTestProject.dll" adapterTypeName="executor://xunit/VsTestRunner2/netcoreapp" className="xUnitTestProject.CurrencyHelperTests" name="FormatToStringTest1000" />
    </UnitTest>
    <UnitTest name="xUnitTestProject.CurrencyHelperTests.FormatToStringTest1000(price: 13046.352146307172, expected: &quot;13046.35 zł&quot;)" storage="c:\projekty\xunittestproject\bin\debug\netcoreapp3.1\xunittestproject.dll" id="13dfd982-ae8a-b137-0e11-07b0f29632c1">
      <Execution id="a7e6b231-ca3d-48a5-8779-ed4747599c34" />
      <TestMethod codeBase="C:\Projekty\xUnitTestProject\bin\Debug\netcoreapp3.1\xUnitTestProject.dll" adapterTypeName="executor://xunit/VsTestRunner2/netcoreapp" className="xUnitTestProject.CurrencyHelperTests" name="FormatToStringTest1000" />
    </UnitTest>
    <UnitTest name="xUnitTestProject.CurrencyHelperTests.FormatToStringTest1000(price: 20527.270339210645, expected: &quot;20527.27 zł&quot;)" storage="c:\projekty\xunittestproject\bin\debug\netcoreapp3.1\xunittestproject.dll" id="b828fc0d-bf07-676e-b8c0-6e0aa44c3171">
      <Execution id="1c433f4e-dd90-4dbc-866c-6f7786f0ca4a" />
      <TestMethod codeBase="C:\Projekty\xUnitTestProject\bin\Debug\netcoreapp3.1\xUnitTestProject.dll" adapterTypeName="executor://xunit/VsTestRunner2/netcoreapp" className="xUnitTestProject.CurrencyHelperTests" name="FormatToStringTest1000" />
    </UnitTest>
    <UnitTest name="xUnitTestProject.CurrencyHelperTests.FormatToStringTest1000(price: 16571.355536101553, expected: &quot;16571.36 zł&quot;)" storage="c:\projekty\xunittestproject\bin\debug\netcoreapp3.1\xunittestproject.dll" id="31031da7-a7ef-21d8-df85-bc08b8725f11">
      <Execution id="2bbcb56e-d970-4a82-a867-cb09d919335f" />
      <TestMethod codeBase="C:\Projekty\xUnitTestProject\bin\Debug\netcoreapp3.1\xUnitTestProject.dll" adapterTypeName="executor://xunit/VsTestRunner2/netcoreapp" className="xUnitTestProject.CurrencyHelperTests" name="FormatToStringTest1000" />
    </UnitTest>
    <UnitTest name="xUnitTestProject.CurrencyHelperTests.FormatToStringTest1000(price: 66945.02904917022, expected: &quot;66945.03 zł&quot;)" storage="c:\projekty\xunittestproject\bin\debug\netcoreapp3.1\xunittestproject.dll" id="028a745a-d396-f185-341f-56b2c46b3ca2">
      <Execution id="e794eed8-8078-49b5-92b3-4b1daa8b9e4a" />
      <TestMethod codeBase="C:\Projekty\xUnitTestProject\bin\Debug\netcoreapp3.1\xUnitTestProject.dll" adapterTypeName="executor://xunit/VsTestRunner2/netcoreapp" className="xUnitTestProject.CurrencyHelperTests" name="FormatToStringTest1000" />
    </UnitTest>
    <UnitTest name="xUnitTestProject.CurrencyHelperTests.FormatToStringTest1000(price: 13337.80490493486, expected: &quot;13337.80 zł&quot;)" storage="c:\projekty\xunittestproject\bin\debug\netcoreapp3.1\xunittestproject.dll" id="aef73524-5efd-2ad9-76a4-22b643281e1e">
      <Execution id="66a16561-a96a-4cb9-8a59-02882c803692" />
      <TestMethod codeBase="C:\Projekty\xUnitTestProject\bin\Debug\netcoreapp3.1\xUnitTestProject.dll" adapterTypeName="executor://xunit/VsTestRunner2/netcoreapp" className="xUnitTestProject.CurrencyHelperTests" name="FormatToStringTest1000" />
    </UnitTest>
    <UnitTest name="xUnitTestProject.CurrencyHelperTests.FormatToStringTest1000(price: 40556.73452524362, expected: &quot;40556.73 zł&quot;)" storage="c:\projekty\xunittestproject\bin\debug\netcoreapp3.1\xunittestproject.dll" id="f0e62743-f005-ab34-4606-22275729a052">
      <Execution id="ceba94d8-9d36-4f11-8e80-4d862008c129" />
      <TestMethod codeBase="C:\Projekty\xUnitTestProject\bin\Debug\netcoreapp3.1\xUnitTestProject.dll" adapterTypeName="executor://xunit/VsTestRunner2/netcoreapp" className="xUnitTestProject.CurrencyHelperTests" name="FormatToStringTest1000" />
    </UnitTest>
    <UnitTest name="xUnitTestProject.CurrencyHelperTests.FormatToStringTest1000(price: 14218.204344010543, expected: &quot;14218.20 zł&quot;)" storage="c:\projekty\xunittestproject\bin\debug\netcoreapp3.1\xunittestproject.dll" id="37d09489-36bf-8c23-e75f-f494d92ed465">
      <Execution id="4c214c97-4908-4e10-be9c-88d7faeef3e9" />
      <TestMethod codeBase="C:\Projekty\xUnitTestProject\bin\Debug\netcoreapp3.1\xUnitTestProject.dll" adapterTypeName="executor://xunit/VsTestRunner2/netcoreapp" className="xUnitTestProject.CurrencyHelperTests" name="FormatToStringTest1000" />
    </UnitTest>
    <UnitTest name="xUnitTestProject.CurrencyHelperTests.FormatToStringTest1000(price: 867.5236648356187, expected: &quot;867.52 zł&quot;)" storage="c:\projekty\xunittestproject\bin\debug\netcoreapp3.1\xunittestproject.dll" id="ed116d32-6ba7-9bd1-6680-6c13ee07292b">
      <Execution id="ea6fd43a-d51b-4805-a57a-16f2f50635bc" />
      <TestMethod codeBase="C:\Projekty\xUnitTestProject\bin\Debug\netcoreapp3.1\xUnitTestProject.dll" adapterTypeName="executor://xunit/VsTestRunner2/netcoreapp" className="xUnitTestProject.CurrencyHelperTests" name="FormatToStringTest1000" />
    </UnitTest>
    <UnitTest name="xUnitTestProject.CurrencyHelperTests.FormatToStringTest1000(price: 6213.265206352466, expected: &quot;6213.27 zł&quot;)" storage="c:\projekty\xunittestproject\bin\debug\netcoreapp3.1\xunittestproject.dll" id="37e53818-7fa5-17d7-012c-004f89325673">
      <Execution id="2da8e8c4-7201-49fd-9b1b-0bd562fbba24" />
      <TestMethod codeBase="C:\Projekty\xUnitTestProject\bin\Debug\netcoreapp3.1\xUnitTestProject.dll" adapterTypeName="executor://xunit/VsTestRunner2/netcoreapp" className="xUnitTestProject.CurrencyHelperTests" name="FormatToStringTest1000" />
    </UnitTest>
    <UnitTest name="xUnitTestProject.CurrencyHelperTests.FormatToStringTest1000(price: 7669.3855620214645, expected: &quot;7669.39 zł&quot;)" storage="c:\projekty\xunittestproject\bin\debug\netcoreapp3.1\xunittestproject.dll" id="1a44af6f-888e-1f8e-a00f-e2d743b26f12">
      <Execution id="2964afc7-45da-4abb-adb9-bba0997b2151" />
      <TestMethod codeBase="C:\Projekty\xUnitTestProject\bin\Debug\netcoreapp3.1\xUnitTestProject.dll" adapterTypeName="executor://xunit/VsTestRunner2/netcoreapp" className="xUnitTestProject.CurrencyHelperTests" name="FormatToStringTest1000" />
    </UnitTest>
    <UnitTest name="xUnitTestProject.CurrencyHelperTests.FormatToStringTest1000(price: 16427.591943671738, expected: &quot;16427.59 zł&quot;)" storage="c:\projekty\xunittestproject\bin\debug\netcoreapp3.1\xunittestproject.dll" id="3bcce3ce-1e1f-b2cb-aecb-f9baaad49b40">
      <Execution id="3ca7fb8b-bdb7-46e4-ac06-f685c5b002e8" />
      <TestMethod codeBase="C:\Projekty\xUnitTestProject\bin\Debug\netcoreapp3.1\xUnitTestProject.dll" adapterTypeName="executor://xunit/VsTestRunner2/netcoreapp" className="xUnitTestProject.CurrencyHelperTests" name="FormatToStringTest1000" />
    </UnitTest>
    <UnitTest name="xUnitTestProject.CurrencyHelperTests.FormatToStringTest1000(price: 635.3263313632116, expected: &quot;635.33 zł&quot;)" storage="c:\projekty\xunittestproject\bin\debug\netcoreapp3.1\xunittestproject.dll" id="a9271829-fbf1-47a3-aed7-368db58e22e7">
      <Execution id="44c7342c-1783-4128-a3c1-759aa9d37c32" />
      <TestMethod codeBase="C:\Projekty\xUnitTestProject\bin\Debug\netcoreapp3.1\xUnitTestProject.dll" adapterTypeName="executor://xunit/VsTestRunner2/netcoreapp" className="xUnitTestProject.CurrencyHelperTests" name="FormatToStringTest1000" />
    </UnitTest>
    <UnitTest name="xUnitTestProject.CurrencyHelperTests.FormatToStringTest1000(price: 90187.4082624374, expected: &quot;90187.41 zł&quot;)" storage="c:\projekty\xunittestproject\bin\debug\netcoreapp3.1\xunittestproject.dll" id="4f50c537-4ed4-21bc-0ecd-39e74b29d0e7">
      <Execution id="bf36f049-5d1b-4a40-9acb-5535d1bb71cd" />
      <TestMethod codeBase="C:\Projekty\xUnitTestProject\bin\Debug\netcoreapp3.1\xUnitTestProject.dll" adapterTypeName="executor://xunit/VsTestRunner2/netcoreapp" className="xUnitTestProject.CurrencyHelperTests" name="FormatToStringTest1000" />
    </UnitTest>
    <UnitTest name="xUnitTestProject.CurrencyHelperTests.FormatToStringTest1000(price: 30578.687538491416, expected: &quot;30578.69 zł&quot;)" storage="c:\projekty\xunittestproject\bin\debug\netcoreapp3.1\xunittestproject.dll" id="04661d81-bbef-c82f-71cf-dda291897ead">
      <Execution id="a7b12652-aeb5-4784-8ac1-7a71c1039641" />
      <TestMethod codeBase="C:\Projekty\xUnitTestProject\bin\Debug\netcoreapp3.1\xUnitTestProject.dll" adapterTypeName="executor://xunit/VsTestRunner2/netcoreapp" className="xUnitTestProject.CurrencyHelperTests" name="FormatToStringTest1000" />
    </UnitTest>
    <UnitTest name="xUnitTestProject.CurrencyHelperTests.FormatToStringTest1000(price: 1821.7083499085663, expected: &quot;1821.71 zł&quot;)" storage="c:\projekty\xunittestproject\bin\debug\netcoreapp3.1\xunittestproject.dll" id="a5c380fd-7aff-7b69-c8d6-5989b9e204c5">
      <Execution id="267129b7-be9a-49f7-8ad2-3f65c86880a3" />
      <TestMethod codeBase="C:\Projekty\xUnitTestProject\bin\Debug\netcoreapp3.1\xUnitTestProject.dll" adapterTypeName="executor://xunit/VsTestRunner2/netcoreapp" className="xUnitTestProject.CurrencyHelperTests" name="FormatToStringTest1000" />
    </UnitTest>
    <UnitTest name="xUnitTestProject.CurrencyHelperTests.FormatToStringTest1000(price: 317.9090540706688, expected: &quot;317.91 zł&quot;)" storage="c:\projekty\xunittestproject\bin\debug\netcoreapp3.1\xunittestproject.dll" id="996b214e-32e4-5376-d989-b4bc865084fe">
      <Execution id="5e7c8569-77ca-433c-b547-cd73da1d40f4" />
      <TestMethod codeBase="C:\Projekty\xUnitTestProject\bin\Debug\netcoreapp3.1\xUnitTestProject.dll" adapterTypeName="executor://xunit/VsTestRunner2/netcoreapp" className="xUnitTestProject.CurrencyHelperTests" name="FormatToStringTest1000" />
    </UnitTest>
    <UnitTest name="xUnitTestProject.CurrencyHelperTests.FormatToStringTest1000(price: 28072.424637532058, expected: &quot;28072.42 zł&quot;)" storage="c:\projekty\xunittestproject\bin\debug\netcoreapp3.1\xunittestproject.dll" id="bb2394ba-110a-90c0-2182-1e3775f73d05">
      <Execution id="e021ea38-0af1-4683-bbdd-ae8b79b5ffd6" />
      <TestMethod codeBase="C:\Projekty\xUnitTestProject\bin\Debug\netcoreapp3.1\xUnitTestProject.dll" adapterTypeName="executor://xunit/VsTestRunner2/netcoreapp" className="xUnitTestProject.CurrencyHelperTests" name="FormatToStringTest1000" />
    </UnitTest>
    <UnitTest name="xUnitTestProject.CurrencyHelperTests.FormatToStringTest1000(price: 2718.1767171650085, expected: &quot;2718.18 zł&quot;)" storage="c:\projekty\xunittestproject\bin\debug\netcoreapp3.1\xunittestproject.dll" id="fc18dbb3-2c7f-eef4-d751-3ff8a18e5fdc">
      <Execution id="8714ac1b-bbcc-49f1-8f09-c854a08748a7" />
      <TestMethod codeBase="C:\Projekty\xUnitTestProject\bin\Debug\netcoreapp3.1\xUnitTestProject.dll" adapterTypeName="executor://xunit/VsTestRunner2/netcoreapp" className="xUnitTestProject.CurrencyHelperTests" name="FormatToStringTest1000" />
    </UnitTest>
    <UnitTest name="xUnitTestProject.CurrencyHelperTests.FormatToStringTest1000(price: 1884.4923513031063, expected: &quot;1884.49 zł&quot;)" storage="c:\projekty\xunittestproject\bin\debug\netcoreapp3.1\xunittestproject.dll" id="5df2cee8-1205-20ca-1995-6e5120b53d1e">
      <Execution id="e5fcb78d-a8ce-4ffa-adc9-cb10a6493801" />
      <TestMethod codeBase="C:\Projekty\xUnitTestProject\bin\Debug\netcoreapp3.1\xUnitTestProject.dll" adapterTypeName="executor://xunit/VsTestRunner2/netcoreapp" className="xUnitTestProject.CurrencyHelperTests" name="FormatToStringTest1000" />
    </UnitTest>
    <UnitTest name="xUnitTestProject.CurrencyHelperTests.FormatToStringTest1000(price: 2897.9775426620513, expected: &quot;2897.98 zł&quot;)" storage="c:\projekty\xunittestproject\bin\debug\netcoreapp3.1\xunittestproject.dll" id="edd98930-a456-c16e-31c0-f98ab53f4169">
      <Execution id="24f9858a-4321-4580-ba9b-f17d70b51805" />
      <TestMethod codeBase="C:\Projekty\xUnitTestProject\bin\Debug\netcoreapp3.1\xUnitTestProject.dll" adapterTypeName="executor://xunit/VsTestRunner2/netcoreapp" className="xUnitTestProject.CurrencyHelperTests" name="FormatToStringTest1000" />
    </UnitTest>
    <UnitTest name="xUnitTestProject.CurrencyHelperTests.FormatToStringTest1000(price: 14017.699524653006, expected: &quot;14017.70 zł&quot;)" storage="c:\projekty\xunittestproject\bin\debug\netcoreapp3.1\xunittestproject.dll" id="24bb58fc-f26e-f596-3b94-0fe50e90026c">
      <Execution id="da072c8c-854e-4778-bd93-35a74c8a0c7a" />
      <TestMethod codeBase="C:\Projekty\xUnitTestProject\bin\Debug\netcoreapp3.1\xUnitTestProject.dll" adapterTypeName="executor://xunit/VsTestRunner2/netcoreapp" className="xUnitTestProject.CurrencyHelperTests" name="FormatToStringTest1000" />
    </UnitTest>
    <UnitTest name="xUnitTestProject.CurrencyHelperTests.FormatToStringTest1000(price: 21785.42157155528, expected: &quot;21785.42 zł&quot;)" storage="c:\projekty\xunittestproject\bin\debug\netcoreapp3.1\xunittestproject.dll" id="6205fc96-eb71-1460-755c-461fb37bb024">
      <Execution id="0f5c983f-cae2-4d74-b263-101d3e1fc1d7" />
      <TestMethod codeBase="C:\Projekty\xUnitTestProject\bin\Debug\netcoreapp3.1\xUnitTestProject.dll" adapterTypeName="executor://xunit/VsTestRunner2/netcoreapp" className="xUnitTestProject.CurrencyHelperTests" name="FormatToStringTest1000" />
    </UnitTest>
    <UnitTest name="xUnitTestProject.CurrencyHelperTests.FormatToStringTest1000(price: 88616.03808168416, expected: &quot;88616.04 zł&quot;)" storage="c:\projekty\xunittestproject\bin\debug\netcoreapp3.1\xunittestproject.dll" id="908bbb79-500c-f673-c8f4-2e8bf73bce40">
      <Execution id="acbf04d0-703e-453e-9e73-1abe38a47044" />
      <TestMethod codeBase="C:\Projekty\xUnitTestProject\bin\Debug\netcoreapp3.1\xUnitTestProject.dll" adapterTypeName="executor://xunit/VsTestRunner2/netcoreapp" className="xUnitTestProject.CurrencyHelperTests" name="FormatToStringTest1000" />
    </UnitTest>
    <UnitTest name="xUnitTestProject.CurrencyHelperTests.FormatToStringTest1000(price: 12379.347974640013, expected: &quot;12379.35 zł&quot;)" storage="c:\projekty\xunittestproject\bin\debug\netcoreapp3.1\xunittestproject.dll" id="b2d498a1-af9b-33b8-aa18-e8644e9da7f1">
      <Execution id="6f0b7ade-65a3-480c-b3b1-2036d4b97d30" />
      <TestMethod codeBase="C:\Projekty\xUnitTestProject\bin\Debug\netcoreapp3.1\xUnitTestProject.dll" adapterTypeName="executor://xunit/VsTestRunner2/netcoreapp" className="xUnitTestProject.CurrencyHelperTests" name="FormatToStringTest1000" />
    </UnitTest>
    <UnitTest name="xUnitTestProject.CurrencyHelperTests.FormatToStringTest1000(price: 14475.498583194567, expected: &quot;14475.50 zł&quot;)" storage="c:\projekty\xunittestproject\bin\debug\netcoreapp3.1\xunittestproject.dll" id="be9ca199-100c-7487-211b-359c6f85feb5">
      <Execution id="fab26080-a65e-4fea-aaaa-e794422112c7" />
      <TestMethod codeBase="C:\Projekty\xUnitTestProject\bin\Debug\netcoreapp3.1\xUnitTestProject.dll" adapterTypeName="executor://xunit/VsTestRunner2/netcoreapp" className="xUnitTestProject.CurrencyHelperTests" name="FormatToStringTest1000" />
    </UnitTest>
    <UnitTest name="xUnitTestProject.CurrencyHelperTests.FormatToStringTest1000(price: 1313.0279238368514, expected: &quot;1313.03 zł&quot;)" storage="c:\projekty\xunittestproject\bin\debug\netcoreapp3.1\xunittestproject.dll" id="71aa02e1-e075-142b-97e5-961b91ee4f3d">
      <Execution id="974aa90d-e810-444e-81c0-523a0bd35df4" />
      <TestMethod codeBase="C:\Projekty\xUnitTestProject\bin\Debug\netcoreapp3.1\xUnitTestProject.dll" adapterTypeName="executor://xunit/VsTestRunner2/netcoreapp" className="xUnitTestProject.CurrencyHelperTests" name="FormatToStringTest1000" />
    </UnitTest>
    <UnitTest name="xUnitTestProject.CurrencyHelperTests.FormatToStringTest1000(price: 14003.84591249742, expected: &quot;14003.85 zł&quot;)" storage="c:\projekty\xunittestproject\bin\debug\netcoreapp3.1\xunittestproject.dll" id="33f34022-0429-d841-2008-e35fc72eef53">
      <Execution id="341ba1f3-8999-4de0-a943-2e4568a7c76e" />
      <TestMethod codeBase="C:\Projekty\xUnitTestProject\bin\Debug\netcoreapp3.1\xUnitTestProject.dll" adapterTypeName="executor://xunit/VsTestRunner2/netcoreapp" className="xUnitTestProject.CurrencyHelperTests" name="FormatToStringTest1000" />
    </UnitTest>
    <UnitTest name="xUnitTestProject.CurrencyHelperTests.FormatToStringTest1000(price: 6313.543884690639, expected: &quot;6313.54 zł&quot;)" storage="c:\projekty\xunittestproject\bin\debug\netcoreapp3.1\xunittestproject.dll" id="19a6af43-eb02-cc32-570b-ae7c8852f08e">
      <Execution id="3fb6cc0b-35c3-4e7b-9d97-a174141be437" />
      <TestMethod codeBase="C:\Projekty\xUnitTestProject\bin\Debug\netcoreapp3.1\xUnitTestProject.dll" adapterTypeName="executor://xunit/VsTestRunner2/netcoreapp" className="xUnitTestProject.CurrencyHelperTests" name="FormatToStringTest1000" />
    </UnitTest>
    <UnitTest name="xUnitTestProject.CurrencyHelperTests.FormatToStringTest1000(price: 46590.9609819562, expected: &quot;46590.96 zł&quot;)" storage="c:\projekty\xunittestproject\bin\debug\netcoreapp3.1\xunittestproject.dll" id="11e8e2ed-c8a3-dabc-7293-c381795c9796">
      <Execution id="c1ac7b9a-0990-46a3-af26-ea9df62c4421" />
      <TestMethod codeBase="C:\Projekty\xUnitTestProject\bin\Debug\netcoreapp3.1\xUnitTestProject.dll" adapterTypeName="executor://xunit/VsTestRunner2/netcoreapp" className="xUnitTestProject.CurrencyHelperTests" name="FormatToStringTest1000" />
    </UnitTest>
    <UnitTest name="xUnitTestProject.CurrencyHelperTests.FormatToStringTest1000(price: 18794.859523484418, expected: &quot;18794.86 zł&quot;)" storage="c:\projekty\xunittestproject\bin\debug\netcoreapp3.1\xunittestproject.dll" id="f5820c79-9491-c601-5f6f-2c9537d33353">
      <Execution id="a656fb01-5a5e-41f1-92ff-772da11db6c8" />
      <TestMethod codeBase="C:\Projekty\xUnitTestProject\bin\Debug\netcoreapp3.1\xUnitTestProject.dll" adapterTypeName="executor://xunit/VsTestRunner2/netcoreapp" className="xUnitTestProject.CurrencyHelperTests" name="FormatToStringTest1000" />
    </UnitTest>
    <UnitTest name="xUnitTestProject.CurrencyHelperTests.FormatToStringTest1000(price: 1514.6266382441981, expected: &quot;1514.63 zł&quot;)" storage="c:\projekty\xunittestproject\bin\debug\netcoreapp3.1\xunittestproject.dll" id="d5ee81d6-78bc-115b-efec-5de38db0e38b">
      <Execution id="7f3b91a6-2486-4c7d-89d7-c7beb6cb278d" />
      <TestMethod codeBase="C:\Projekty\xUnitTestProject\bin\Debug\netcoreapp3.1\xUnitTestProject.dll" adapterTypeName="executor://xunit/VsTestRunner2/netcoreapp" className="xUnitTestProject.CurrencyHelperTests" name="FormatToStringTest1000" />
    </UnitTest>
    <UnitTest name="xUnitTestProject.CurrencyHelperTests.FormatToStringTest1000(price: 18596.12661189033, expected: &quot;18596.13 zł&quot;)" storage="c:\projekty\xunittestproject\bin\debug\netcoreapp3.1\xunittestproject.dll" id="5e1c3933-e4f7-a4af-71e7-871c86d36adf">
      <Execution id="06baae19-d133-4a53-b870-d591747e9213" />
      <TestMethod codeBase="C:\Projekty\xUnitTestProject\bin\Debug\netcoreapp3.1\xUnitTestProject.dll" adapterTypeName="executor://xunit/VsTestRunner2/netcoreapp" className="xUnitTestProject.CurrencyHelperTests" name="FormatToStringTest1000" />
    </UnitTest>
    <UnitTest name="xUnitTestProject.CurrencyHelperTests.FormatToStringTest1000(price: 50009.23881716898, expected: &quot;50009.24 zł&quot;)" storage="c:\projekty\xunittestproject\bin\debug\netcoreapp3.1\xunittestproject.dll" id="c6561a8d-8639-fb30-9500-15f8be316902">
      <Execution id="6373467f-565f-4693-8456-34e6021cfd50" />
      <TestMethod codeBase="C:\Projekty\xUnitTestProject\bin\Debug\netcoreapp3.1\xUnitTestProject.dll" adapterTypeName="executor://xunit/VsTestRunner2/netcoreapp" className="xUnitTestProject.CurrencyHelperTests" name="FormatToStringTest1000" />
    </UnitTest>
    <UnitTest name="xUnitTestProject.CurrencyHelperTests.FormatToStringTest1000(price: 25990.318498101697, expected: &quot;25990.32 zł&quot;)" storage="c:\projekty\xunittestproject\bin\debug\netcoreapp3.1\xunittestproject.dll" id="384612ec-11e1-c891-3d7e-9db254e6a2b4">
      <Execution id="22dc868e-aa9f-4fe2-9bca-5541774021b1" />
      <TestMethod codeBase="C:\Projekty\xUnitTestProject\bin\Debug\netcoreapp3.1\xUnitTestProject.dll" adapterTypeName="executor://xunit/VsTestRunner2/netcoreapp" className="xUnitTestProject.CurrencyHelperTests" name="FormatToStringTest1000" />
    </UnitTest>
    <UnitTest name="xUnitTestProject.CurrencyHelperTests.FormatToStringTest1000(price: 31391.358864880804, expected: &quot;31391.36 zł&quot;)" storage="c:\projekty\xunittestproject\bin\debug\netcoreapp3.1\xunittestproject.dll" id="64486b5c-a699-4a15-d908-73d103db26bc">
      <Execution id="794ba924-e47d-439c-a9bc-ceccecbe750b" />
      <TestMethod codeBase="C:\Projekty\xUnitTestProject\bin\Debug\netcoreapp3.1\xUnitTestProject.dll" adapterTypeName="executor://xunit/VsTestRunner2/netcoreapp" className="xUnitTestProject.CurrencyHelperTests" name="FormatToStringTest1000" />
    </UnitTest>
    <UnitTest name="xUnitTestProject.CurrencyHelperTests.FormatToStringTest1000(price: 19435.417227184127, expected: &quot;19435.42 zł&quot;)" storage="c:\projekty\xunittestproject\bin\debug\netcoreapp3.1\xunittestproject.dll" id="1fffb893-3987-58da-ed03-e4f32e271dc9">
      <Execution id="72b7a317-6486-419e-b6c8-364297c3fa12" />
      <TestMethod codeBase="C:\Projekty\xUnitTestProject\bin\Debug\netcoreapp3.1\xUnitTestProject.dll" adapterTypeName="executor://xunit/VsTestRunner2/netcoreapp" className="xUnitTestProject.CurrencyHelperTests" name="FormatToStringTest1000" />
    </UnitTest>
    <UnitTest name="xUnitTestProject.CurrencyHelperTests.FormatToStringTest1000(price: 3907.8681317963024, expected: &quot;3907.87 zł&quot;)" storage="c:\projekty\xunittestproject\bin\debug\netcoreapp3.1\xunittestproject.dll" id="b70675b1-ffbc-1a3f-030b-53fbcade7f2b">
      <Execution id="ac35f121-0062-43ac-9ddd-457e5013b650" />
      <TestMethod codeBase="C:\Projekty\xUnitTestProject\bin\Debug\netcoreapp3.1\xUnitTestProject.dll" adapterTypeName="executor://xunit/VsTestRunner2/netcoreapp" className="xUnitTestProject.CurrencyHelperTests" name="FormatToStringTest1000" />
    </UnitTest>
    <UnitTest name="xUnitTestProject.CurrencyHelperTests.FormatToStringTest1000(price: 26207.03715363659, expected: &quot;26207.04 zł&quot;)" storage="c:\projekty\xunittestproject\bin\debug\netcoreapp3.1\xunittestproject.dll" id="9f1933d5-ba32-f60d-5aa4-3e77602dd567">
      <Execution id="22f38c48-2b09-4904-9fce-f1752cd9a205" />
      <TestMethod codeBase="C:\Projekty\xUnitTestProject\bin\Debug\netcoreapp3.1\xUnitTestProject.dll" adapterTypeName="executor://xunit/VsTestRunner2/netcoreapp" className="xUnitTestProject.CurrencyHelperTests" name="FormatToStringTest1000" />
    </UnitTest>
    <UnitTest name="xUnitTestProject.CurrencyHelperTests.FormatToStringTest1000(price: 17090.629587323234, expected: &quot;17090.63 zł&quot;)" storage="c:\projekty\xunittestproject\bin\debug\netcoreapp3.1\xunittestproject.dll" id="4f602daf-bb8d-fd94-ef0a-fd5eecda2ee6">
      <Execution id="e3ba8672-730b-4945-a325-67a3234c9937" />
      <TestMethod codeBase="C:\Projekty\xUnitTestProject\bin\Debug\netcoreapp3.1\xUnitTestProject.dll" adapterTypeName="executor://xunit/VsTestRunner2/netcoreapp" className="xUnitTestProject.CurrencyHelperTests" name="FormatToStringTest1000" />
    </UnitTest>
    <UnitTest name="xUnitTestProject.CurrencyHelperTests.FormatToStringTest1000(price: 79764.77845563217, expected: &quot;79764.78 zł&quot;)" storage="c:\projekty\xunittestproject\bin\debug\netcoreapp3.1\xunittestproject.dll" id="331cc2f7-a1fa-edcf-e9a4-854a4876fe8a">
      <Execution id="adfce95e-1f41-4b48-a91d-818f58541917" />
      <TestMethod codeBase="C:\Projekty\xUnitTestProject\bin\Debug\netcoreapp3.1\xUnitTestProject.dll" adapterTypeName="executor://xunit/VsTestRunner2/netcoreapp" className="xUnitTestProject.CurrencyHelperTests" name="FormatToStringTest1000" />
    </UnitTest>
    <UnitTest name="xUnitTestProject.CurrencyHelperTests.FormatToStringTest1000(price: 95353.10327693219, expected: &quot;95353.10 zł&quot;)" storage="c:\projekty\xunittestproject\bin\debug\netcoreapp3.1\xunittestproject.dll" id="e1d79475-a361-3073-e286-53d8423f4048">
      <Execution id="588e80fd-e505-44f3-b39d-c865cee3a8e4" />
      <TestMethod codeBase="C:\Projekty\xUnitTestProject\bin\Debug\netcoreapp3.1\xUnitTestProject.dll" adapterTypeName="executor://xunit/VsTestRunner2/netcoreapp" className="xUnitTestProject.CurrencyHelperTests" name="FormatToStringTest1000" />
    </UnitTest>
    <UnitTest name="xUnitTestProject.CurrencyHelperTests.FormatToStringTest1000(price: 13206.129467931636, expected: &quot;13206.13 zł&quot;)" storage="c:\projekty\xunittestproject\bin\debug\netcoreapp3.1\xunittestproject.dll" id="37c7194c-1f0b-dee3-2e3b-dc795a15cffb">
      <Execution id="a3e2ebe6-5d8e-4895-a41b-d160a1a07e10" />
      <TestMethod codeBase="C:\Projekty\xUnitTestProject\bin\Debug\netcoreapp3.1\xUnitTestProject.dll" adapterTypeName="executor://xunit/VsTestRunner2/netcoreapp" className="xUnitTestProject.CurrencyHelperTests" name="FormatToStringTest1000" />
    </UnitTest>
    <UnitTest name="xUnitTestProject.CurrencyHelperTests.FormatToStringTest1000(price: 10397.404523554447, expected: &quot;10397.40 zł&quot;)" storage="c:\projekty\xunittestproject\bin\debug\netcoreapp3.1\xunittestproject.dll" id="df98a0bb-288a-f0a3-8af8-186ed72a3b48">
      <Execution id="75058b72-d7a4-4048-afc5-a2ebdfb0b6ca" />
      <TestMethod codeBase="C:\Projekty\xUnitTestProject\bin\Debug\netcoreapp3.1\xUnitTestProject.dll" adapterTypeName="executor://xunit/VsTestRunner2/netcoreapp" className="xUnitTestProject.CurrencyHelperTests" name="FormatToStringTest1000" />
    </UnitTest>
    <UnitTest name="xUnitTestProject.CurrencyHelperTests.FormatToStringTest1000(price: 16383.352881839199, expected: &quot;16383.35 zł&quot;)" storage="c:\projekty\xunittestproject\bin\debug\netcoreapp3.1\xunittestproject.dll" id="df661f1a-369e-296a-5042-ab9651f93dce">
      <Execution id="5e76f4ad-789a-4a4a-bca2-1237c9f031ca" />
      <TestMethod codeBase="C:\Projekty\xUnitTestProject\bin\Debug\netcoreapp3.1\xUnitTestProject.dll" adapterTypeName="executor://xunit/VsTestRunner2/netcoreapp" className="xUnitTestProject.CurrencyHelperTests" name="FormatToStringTest1000" />
    </UnitTest>
    <UnitTest name="xUnitTestProject.CurrencyHelperTests.FormatToStringTest1000(price: 42383.08993972982, expected: &quot;42383.09 zł&quot;)" storage="c:\projekty\xunittestproject\bin\debug\netcoreapp3.1\xunittestproject.dll" id="50bd341a-c773-af8f-d72d-637dadce7bec">
      <Execution id="25f7c1f4-703b-42a4-abaf-60c4245b0e31" />
      <TestMethod codeBase="C:\Projekty\xUnitTestProject\bin\Debug\netcoreapp3.1\xUnitTestProject.dll" adapterTypeName="executor://xunit/VsTestRunner2/netcoreapp" className="xUnitTestProject.CurrencyHelperTests" name="FormatToStringTest1000" />
    </UnitTest>
    <UnitTest name="xUnitTestProject.CurrencyHelperTests.FormatToStringTest1000(price: 12759.925747307914, expected: &quot;12759.93 zł&quot;)" storage="c:\projekty\xunittestproject\bin\debug\netcoreapp3.1\xunittestproject.dll" id="6cb3c27b-61db-68ea-03a1-16fad20636e6">
      <Execution id="bad344e2-a754-455b-b853-4b9fefaeb548" />
      <TestMethod codeBase="C:\Projekty\xUnitTestProject\bin\Debug\netcoreapp3.1\xUnitTestProject.dll" adapterTypeName="executor://xunit/VsTestRunner2/netcoreapp" className="xUnitTestProject.CurrencyHelperTests" name="FormatToStringTest1000" />
    </UnitTest>
    <UnitTest name="xUnitTestProject.CurrencyHelperTests.FormatToStringTest1000(price: 40268.121943438484, expected: &quot;40268.12 zł&quot;)" storage="c:\projekty\xunittestproject\bin\debug\netcoreapp3.1\xunittestproject.dll" id="4e78f25c-d355-e112-010c-d75e1dbe484f">
      <Execution id="119014c0-1218-4f16-9eb9-6e3f1987f579" />
      <TestMethod codeBase="C:\Projekty\xUnitTestProject\bin\Debug\netcoreapp3.1\xUnitTestProject.dll" adapterTypeName="executor://xunit/VsTestRunner2/netcoreapp" className="xUnitTestProject.CurrencyHelperTests" name="FormatToStringTest1000" />
    </UnitTest>
    <UnitTest name="xUnitTestProject.CurrencyHelperTests.FormatToStringTest1000(price: 12641.700665183225, expected: &quot;12641.70 zł&quot;)" storage="c:\projekty\xunittestproject\bin\debug\netcoreapp3.1\xunittestproject.dll" id="1eaafc3c-6374-0d37-e565-15fb470a9a01">
      <Execution id="c06b9ded-7c9c-43a4-8835-8401515e0dfe" />
      <TestMethod codeBase="C:\Projekty\xUnitTestProject\bin\Debug\netcoreapp3.1\xUnitTestProject.dll" adapterTypeName="executor://xunit/VsTestRunner2/netcoreapp" className="xUnitTestProject.CurrencyHelperTests" name="FormatToStringTest1000" />
    </UnitTest>
    <UnitTest name="xUnitTestProject.CurrencyHelperTests.FormatToStringTest1000(price: 1751.1734380625066, expected: &quot;1751.17 zł&quot;)" storage="c:\projekty\xunittestproject\bin\debug\netcoreapp3.1\xunittestproject.dll" id="f1ddd1cb-937b-c6a5-5626-287e7f18daa2">
      <Execution id="27843b81-9fa7-4380-83fd-64e3f9a4c613" />
      <TestMethod codeBase="C:\Projekty\xUnitTestProject\bin\Debug\netcoreapp3.1\xUnitTestProject.dll" adapterTypeName="executor://xunit/VsTestRunner2/netcoreapp" className="xUnitTestProject.CurrencyHelperTests" name="FormatToStringTest1000" />
    </UnitTest>
    <UnitTest name="xUnitTestProject.CurrencyHelperTests.FormatToStringTest1000(price: 20441.330495004695, expected: &quot;20441.33 zł&quot;)" storage="c:\projekty\xunittestproject\bin\debug\netcoreapp3.1\xunittestproject.dll" id="ebd1aa40-63da-115b-f2a9-d23a543d03a1">
      <Execution id="71e4d021-1b75-4fde-8ec0-edd0edd3d431" />
      <TestMethod codeBase="C:\Projekty\xUnitTestProject\bin\Debug\netcoreapp3.1\xUnitTestProject.dll" adapterTypeName="executor://xunit/VsTestRunner2/netcoreapp" className="xUnitTestProject.CurrencyHelperTests" name="FormatToStringTest1000" />
    </UnitTest>
    <UnitTest name="xUnitTestProject.CurrencyHelperTests.FormatToStringTest1000(price: 468.83385119346616, expected: &quot;468.83 zł&quot;)" storage="c:\projekty\xunittestproject\bin\debug\netcoreapp3.1\xunittestproject.dll" id="e1f98d4b-b934-3301-b07c-a8722a8e1bf4">
      <Execution id="6db0cbdb-2977-4efe-aa56-a8d617792657" />
      <TestMethod codeBase="C:\Projekty\xUnitTestProject\bin\Debug\netcoreapp3.1\xUnitTestProject.dll" adapterTypeName="executor://xunit/VsTestRunner2/netcoreapp" className="xUnitTestProject.CurrencyHelperTests" name="FormatToStringTest1000" />
    </UnitTest>
    <UnitTest name="xUnitTestProject.CurrencyHelperTests.FormatToStringTest1000(price: 74514.06270644537, expected: &quot;74514.06 zł&quot;)" storage="c:\projekty\xunittestproject\bin\debug\netcoreapp3.1\xunittestproject.dll" id="6a68b288-e760-a42c-8c5a-4aafd65f28b7">
      <Execution id="7610699b-dd9c-465f-87a6-b2926131215f" />
      <TestMethod codeBase="C:\Projekty\xUnitTestProject\bin\Debug\netcoreapp3.1\xUnitTestProject.dll" adapterTypeName="executor://xunit/VsTestRunner2/netcoreapp" className="xUnitTestProject.CurrencyHelperTests" name="FormatToStringTest1000" />
    </UnitTest>
    <UnitTest name="xUnitTestProject.CurrencyHelperTests.FormatToStringTest1000(price: 21728.91641959963, expected: &quot;21728.92 zł&quot;)" storage="c:\projekty\xunittestproject\bin\debug\netcoreapp3.1\xunittestproject.dll" id="251bbc15-9ad4-e7e2-3a95-fab7be0e3e27">
      <Execution id="3e71adf5-5a69-4c48-9c66-9e3611d6b555" />
      <TestMethod codeBase="C:\Projekty\xUnitTestProject\bin\Debug\netcoreapp3.1\xUnitTestProject.dll" adapterTypeName="executor://xunit/VsTestRunner2/netcoreapp" className="xUnitTestProject.CurrencyHelperTests" name="FormatToStringTest1000" />
    </UnitTest>
    <UnitTest name="xUnitTestProject.CurrencyHelperTests.FormatToStringTest1000(price: 47630.39193684067, expected: &quot;47630.39 zł&quot;)" storage="c:\projekty\xunittestproject\bin\debug\netcoreapp3.1\xunittestproject.dll" id="b260e8fd-b664-9d96-9944-4c7dd9ae1851">
      <Execution id="74cb2729-26df-439e-aea6-d7a6bcaf4fa2" />
      <TestMethod codeBase="C:\Projekty\xUnitTestProject\bin\Debug\netcoreapp3.1\xUnitTestProject.dll" adapterTypeName="executor://xunit/VsTestRunner2/netcoreapp" className="xUnitTestProject.CurrencyHelperTests" name="FormatToStringTest1000" />
    </UnitTest>
    <UnitTest name="xUnitTestProject.CurrencyHelperTests.FormatToStringTest1000(price: 7193.552206002898, expected: &quot;7193.55 zł&quot;)" storage="c:\projekty\xunittestproject\bin\debug\netcoreapp3.1\xunittestproject.dll" id="9b79670a-4357-fb82-855b-9e335ddd3a09">
      <Execution id="e778c5ab-12c9-42d4-ab07-bd62361c2231" />
      <TestMethod codeBase="C:\Projekty\xUnitTestProject\bin\Debug\netcoreapp3.1\xUnitTestProject.dll" adapterTypeName="executor://xunit/VsTestRunner2/netcoreapp" className="xUnitTestProject.CurrencyHelperTests" name="FormatToStringTest1000" />
    </UnitTest>
    <UnitTest name="xUnitTestProject.CurrencyHelperTests.FormatToStringTest1000(price: 4612.32080757633, expected: &quot;4612.32 zł&quot;)" storage="c:\projekty\xunittestproject\bin\debug\netcoreapp3.1\xunittestproject.dll" id="1847f09f-3a3a-e54a-437b-e06a692092b8">
      <Execution id="82fccff8-53b0-4b64-9318-51b104c64090" />
      <TestMethod codeBase="C:\Projekty\xUnitTestProject\bin\Debug\netcoreapp3.1\xUnitTestProject.dll" adapterTypeName="executor://xunit/VsTestRunner2/netcoreapp" className="xUnitTestProject.CurrencyHelperTests" name="FormatToStringTest1000" />
    </UnitTest>
    <UnitTest name="xUnitTestProject.CurrencyHelperTests.FormatToStringTest1000(price: 39314.52353688401, expected: &quot;39314.52 zł&quot;)" storage="c:\projekty\xunittestproject\bin\debug\netcoreapp3.1\xunittestproject.dll" id="45a5b31d-d8ee-81e0-0e1d-a198d7cba5b5">
      <Execution id="f004c752-ade1-42f6-affe-823fe66eaa19" />
      <TestMethod codeBase="C:\Projekty\xUnitTestProject\bin\Debug\netcoreapp3.1\xUnitTestProject.dll" adapterTypeName="executor://xunit/VsTestRunner2/netcoreapp" className="xUnitTestProject.CurrencyHelperTests" name="FormatToStringTest1000" />
    </UnitTest>
    <UnitTest name="xUnitTestProject.CurrencyHelperTests.FormatToStringTest1000(price: 17098.491445727876, expected: &quot;17098.49 zł&quot;)" storage="c:\projekty\xunittestproject\bin\debug\netcoreapp3.1\xunittestproject.dll" id="e8ec7e81-c75e-50ea-5d4f-c58eeb7d8270">
      <Execution id="5de94cae-7d1a-44ab-8ad1-f5449a34f04d" />
      <TestMethod codeBase="C:\Projekty\xUnitTestProject\bin\Debug\netcoreapp3.1\xUnitTestProject.dll" adapterTypeName="executor://xunit/VsTestRunner2/netcoreapp" className="xUnitTestProject.CurrencyHelperTests" name="FormatToStringTest1000" />
    </UnitTest>
    <UnitTest name="xUnitTestProject.CurrencyHelperTests.FormatToStringTest1000(price: 5254.6338787505565, expected: &quot;5254.63 zł&quot;)" storage="c:\projekty\xunittestproject\bin\debug\netcoreapp3.1\xunittestproject.dll" id="05428edc-24e9-331d-ccde-497be2e009d1">
      <Execution id="24b091a9-3332-4c70-b9c7-4a3117b0d5f3" />
      <TestMethod codeBase="C:\Projekty\xUnitTestProject\bin\Debug\netcoreapp3.1\xUnitTestProject.dll" adapterTypeName="executor://xunit/VsTestRunner2/netcoreapp" className="xUnitTestProject.CurrencyHelperTests" name="FormatToStringTest1000" />
    </UnitTest>
    <UnitTest name="xUnitTestProject.CurrencyHelperTests.FormatToStringTest1000(price: 10501.127379151585, expected: &quot;10501.13 zł&quot;)" storage="c:\projekty\xunittestproject\bin\debug\netcoreapp3.1\xunittestproject.dll" id="6aa06741-b93f-b24b-6ccf-f7d51617fc30">
      <Execution id="59aff417-2574-408d-af29-b4faa8113e83" />
      <TestMethod codeBase="C:\Projekty\xUnitTestProject\bin\Debug\netcoreapp3.1\xUnitTestProject.dll" adapterTypeName="executor://xunit/VsTestRunner2/netcoreapp" className="xUnitTestProject.CurrencyHelperTests" name="FormatToStringTest1000" />
    </UnitTest>
    <UnitTest name="xUnitTestProject.CurrencyHelperTests.FormatToStringTest1000(price: 33851.35523524618, expected: &quot;33851.36 zł&quot;)" storage="c:\projekty\xunittestproject\bin\debug\netcoreapp3.1\xunittestproject.dll" id="ca982acc-6d3c-04e3-1b49-3eea6c1f73fe">
      <Execution id="9ae7d794-3af0-4d12-96fc-71f8f6aaf560" />
      <TestMethod codeBase="C:\Projekty\xUnitTestProject\bin\Debug\netcoreapp3.1\xUnitTestProject.dll" adapterTypeName="executor://xunit/VsTestRunner2/netcoreapp" className="xUnitTestProject.CurrencyHelperTests" name="FormatToStringTest1000" />
    </UnitTest>
    <UnitTest name="xUnitTestProject.CurrencyHelperTests.FormatToStringTest1000(price: 23789.556920184546, expected: &quot;23789.56 zł&quot;)" storage="c:\projekty\xunittestproject\bin\debug\netcoreapp3.1\xunittestproject.dll" id="d02dc591-3a84-d3ac-10be-a85efb2cb27c">
      <Execution id="7b162566-997f-47d4-a0c9-249ac3a844da" />
      <TestMethod codeBase="C:\Projekty\xUnitTestProject\bin\Debug\netcoreapp3.1\xUnitTestProject.dll" adapterTypeName="executor://xunit/VsTestRunner2/netcoreapp" className="xUnitTestProject.CurrencyHelperTests" name="FormatToStringTest1000" />
    </UnitTest>
    <UnitTest name="xUnitTestProject.CurrencyHelperTests.FormatToStringTest1000(price: 4025.728369236797, expected: &quot;4025.73 zł&quot;)" storage="c:\projekty\xunittestproject\bin\debug\netcoreapp3.1\xunittestproject.dll" id="a16b516f-2dd7-f0de-4b9f-39b505e3fb31">
      <Execution id="92846b8e-423d-4f86-9762-796386896de0" />
      <TestMethod codeBase="C:\Projekty\xUnitTestProject\bin\Debug\netcoreapp3.1\xUnitTestProject.dll" adapterTypeName="executor://xunit/VsTestRunner2/netcoreapp" className="xUnitTestProject.CurrencyHelperTests" name="FormatToStringTest1000" />
    </UnitTest>
    <UnitTest name="xUnitTestProject.CurrencyHelperTests.FormatToStringTest1000(price: 27893.312729890138, expected: &quot;27893.31 zł&quot;)" storage="c:\projekty\xunittestproject\bin\debug\netcoreapp3.1\xunittestproject.dll" id="fe39f516-26c8-b34c-d7c3-8fcbe7da1ba2">
      <Execution id="1949ba92-d421-4c34-988a-b07ed60c1bc0" />
      <TestMethod codeBase="C:\Projekty\xUnitTestProject\bin\Debug\netcoreapp3.1\xUnitTestProject.dll" adapterTypeName="executor://xunit/VsTestRunner2/netcoreapp" className="xUnitTestProject.CurrencyHelperTests" name="FormatToStringTest1000" />
    </UnitTest>
    <UnitTest name="xUnitTestProject.CurrencyHelperTests.FormatToStringTest1000(price: 3799.9216302064815, expected: &quot;3799.92 zł&quot;)" storage="c:\projekty\xunittestproject\bin\debug\netcoreapp3.1\xunittestproject.dll" id="9a37fdb2-9bc9-44c3-d032-3d58a5dce31d">
      <Execution id="48f2ee8b-4079-4f15-9afe-71df3dfe1750" />
      <TestMethod codeBase="C:\Projekty\xUnitTestProject\bin\Debug\netcoreapp3.1\xUnitTestProject.dll" adapterTypeName="executor://xunit/VsTestRunner2/netcoreapp" className="xUnitTestProject.CurrencyHelperTests" name="FormatToStringTest1000" />
    </UnitTest>
    <UnitTest name="xUnitTestProject.CurrencyHelperTests.FormatToStringTest1000(price: 51503.82905738234, expected: &quot;51503.83 zł&quot;)" storage="c:\projekty\xunittestproject\bin\debug\netcoreapp3.1\xunittestproject.dll" id="f1679d4a-b856-7d51-628e-8f29c288c7ca">
      <Execution id="01991545-178f-4537-9695-8a06679cde72" />
      <TestMethod codeBase="C:\Projekty\xUnitTestProject\bin\Debug\netcoreapp3.1\xUnitTestProject.dll" adapterTypeName="executor://xunit/VsTestRunner2/netcoreapp" className="xUnitTestProject.CurrencyHelperTests" name="FormatToStringTest1000" />
    </UnitTest>
    <UnitTest name="xUnitTestProject.CurrencyHelperTests.FormatToStringTest1000(price: 16673.5121774904, expected: &quot;16673.51 zł&quot;)" storage="c:\projekty\xunittestproject\bin\debug\netcoreapp3.1\xunittestproject.dll" id="12ac148d-b770-8a76-3e48-40788f60fbd2">
      <Execution id="87fdda99-ce34-4aae-9056-d50ba3a7a4ab" />
      <TestMethod codeBase="C:\Projekty\xUnitTestProject\bin\Debug\netcoreapp3.1\xUnitTestProject.dll" adapterTypeName="executor://xunit/VsTestRunner2/netcoreapp" className="xUnitTestProject.CurrencyHelperTests" name="FormatToStringTest1000" />
    </UnitTest>
    <UnitTest name="xUnitTestProject.CurrencyHelperTests.FormatToStringTest1000(price: 13478.157112043891, expected: &quot;13478.16 zł&quot;)" storage="c:\projekty\xunittestproject\bin\debug\netcoreapp3.1\xunittestproject.dll" id="4e40923a-3f2f-ab14-66db-33f21753e6c1">
      <Execution id="d7438592-41f9-49a5-be28-e37b13fb7a6e" />
      <TestMethod codeBase="C:\Projekty\xUnitTestProject\bin\Debug\netcoreapp3.1\xUnitTestProject.dll" adapterTypeName="executor://xunit/VsTestRunner2/netcoreapp" className="xUnitTestProject.CurrencyHelperTests" name="FormatToStringTest1000" />
    </UnitTest>
    <UnitTest name="xUnitTestProject.CurrencyHelperTests.FormatToStringTest1000(price: 18032.4720825476, expected: &quot;18032.47 zł&quot;)" storage="c:\projekty\xunittestproject\bin\debug\netcoreapp3.1\xunittestproject.dll" id="a711a8fd-55fb-fc36-f795-72cedac95d24">
      <Execution id="bdb4ba07-b4a7-40c3-a159-4833599f05a5" />
      <TestMethod codeBase="C:\Projekty\xUnitTestProject\bin\Debug\netcoreapp3.1\xUnitTestProject.dll" adapterTypeName="executor://xunit/VsTestRunner2/netcoreapp" className="xUnitTestProject.CurrencyHelperTests" name="FormatToStringTest1000" />
    </UnitTest>
    <UnitTest name="xUnitTestProject.CurrencyHelperTests.FormatToStringTest1000(price: 9517.514896326473, expected: &quot;9517.51 zł&quot;)" storage="c:\projekty\xunittestproject\bin\debug\netcoreapp3.1\xunittestproject.dll" id="b7f26b3d-6733-f07e-6f15-9b6ddb83ad50">
      <Execution id="48e61c05-e958-48b3-9cc5-1b433eb1e72d" />
      <TestMethod codeBase="C:\Projekty\xUnitTestProject\bin\Debug\netcoreapp3.1\xUnitTestProject.dll" adapterTypeName="executor://xunit/VsTestRunner2/netcoreapp" className="xUnitTestProject.CurrencyHelperTests" name="FormatToStringTest1000" />
    </UnitTest>
    <UnitTest name="xUnitTestProject.CurrencyHelperTests.FormatToStringTest1000(price: 27751.474436297303, expected: &quot;27751.47 zł&quot;)" storage="c:\projekty\xunittestproject\bin\debug\netcoreapp3.1\xunittestproject.dll" id="1f661c1f-d0bf-b374-44cc-db7131efefe7">
      <Execution id="3df91a05-c938-4b89-b6cc-a3cb16a305db" />
      <TestMethod codeBase="C:\Projekty\xUnitTestProject\bin\Debug\netcoreapp3.1\xUnitTestProject.dll" adapterTypeName="executor://xunit/VsTestRunner2/netcoreapp" className="xUnitTestProject.CurrencyHelperTests" name="FormatToStringTest1000" />
    </UnitTest>
    <UnitTest name="xUnitTestProject.CurrencyHelperTests.FormatToStringTest1000(price: 37866.43836050967, expected: &quot;37866.44 zł&quot;)" storage="c:\projekty\xunittestproject\bin\debug\netcoreapp3.1\xunittestproject.dll" id="a97810bc-ccf4-4f77-152b-d7c40d37cd64">
      <Execution id="e1e008df-d4ce-47b5-bffb-aac9e0ab2d20" />
      <TestMethod codeBase="C:\Projekty\xUnitTestProject\bin\Debug\netcoreapp3.1\xUnitTestProject.dll" adapterTypeName="executor://xunit/VsTestRunner2/netcoreapp" className="xUnitTestProject.CurrencyHelperTests" name="FormatToStringTest1000" />
    </UnitTest>
    <UnitTest name="xUnitTestProject.CurrencyHelperTests.FormatToStringTest1000(price: 93775.33090185716, expected: &quot;93775.33 zł&quot;)" storage="c:\projekty\xunittestproject\bin\debug\netcoreapp3.1\xunittestproject.dll" id="2151d041-2bc8-f3a7-2b84-0e6fe76ff3f0">
      <Execution id="b22129e2-ed6e-4965-9fe1-abe9580923e2" />
      <TestMethod codeBase="C:\Projekty\xUnitTestProject\bin\Debug\netcoreapp3.1\xUnitTestProject.dll" adapterTypeName="executor://xunit/VsTestRunner2/netcoreapp" className="xUnitTestProject.CurrencyHelperTests" name="FormatToStringTest1000" />
    </UnitTest>
    <UnitTest name="xUnitTestProject.CurrencyHelperTests.FormatToStringTest1000(price: 14920.620598662934, expected: &quot;14920.62 zł&quot;)" storage="c:\projekty\xunittestproject\bin\debug\netcoreapp3.1\xunittestproject.dll" id="96c01fa6-5d4d-3d03-7186-21835a01bdc8">
      <Execution id="04f6b26a-9c81-4530-baa6-0f40a1894bbe" />
      <TestMethod codeBase="C:\Projekty\xUnitTestProject\bin\Debug\netcoreapp3.1\xUnitTestProject.dll" adapterTypeName="executor://xunit/VsTestRunner2/netcoreapp" className="xUnitTestProject.CurrencyHelperTests" name="FormatToStringTest1000" />
    </UnitTest>
    <UnitTest name="xUnitTestProject.CurrencyHelperTests.FormatToStringTest1000(price: 47437.74370917619, expected: &quot;47437.74 zł&quot;)" storage="c:\projekty\xunittestproject\bin\debug\netcoreapp3.1\xunittestproject.dll" id="8b7ce013-8629-5a29-320f-b962e95e1d02">
      <Execution id="1ee0b296-1abe-4c6e-87fc-5c57e74e4cf7" />
      <TestMethod codeBase="C:\Projekty\xUnitTestProject\bin\Debug\netcoreapp3.1\xUnitTestProject.dll" adapterTypeName="executor://xunit/VsTestRunner2/netcoreapp" className="xUnitTestProject.CurrencyHelperTests" name="FormatToStringTest1000" />
    </UnitTest>
    <UnitTest name="xUnitTestProject.CurrencyHelperTests.FormatToStringTest1000(price: 20445.11280083149, expected: &quot;20445.11 zł&quot;)" storage="c:\projekty\xunittestproject\bin\debug\netcoreapp3.1\xunittestproject.dll" id="7b9b1040-51d8-c2e6-1ac0-cb113e76a56a">
      <Execution id="654a32e3-94ec-4d4a-93ac-4137db6555b3" />
      <TestMethod codeBase="C:\Projekty\xUnitTestProject\bin\Debug\netcoreapp3.1\xUnitTestProject.dll" adapterTypeName="executor://xunit/VsTestRunner2/netcoreapp" className="xUnitTestProject.CurrencyHelperTests" name="FormatToStringTest1000" />
    </UnitTest>
    <UnitTest name="xUnitTestProject.CurrencyHelperTests.FormatToStringTest1000(price: 33251.41907856028, expected: &quot;33251.42 zł&quot;)" storage="c:\projekty\xunittestproject\bin\debug\netcoreapp3.1\xunittestproject.dll" id="1f9cd9ca-f1cd-430d-8d80-74a061c9ac45">
      <Execution id="5c3b6394-1295-410f-8d39-2dd0951d4dd4" />
      <TestMethod codeBase="C:\Projekty\xUnitTestProject\bin\Debug\netcoreapp3.1\xUnitTestProject.dll" adapterTypeName="executor://xunit/VsTestRunner2/netcoreapp" className="xUnitTestProject.CurrencyHelperTests" name="FormatToStringTest1000" />
    </UnitTest>
    <UnitTest name="xUnitTestProject.CurrencyHelperTests.FormatToStringTest1000(price: 4116.417580192638, expected: &quot;4116.42 zł&quot;)" storage="c:\projekty\xunittestproject\bin\debug\netcoreapp3.1\xunittestproject.dll" id="6517f205-88c6-f2fb-89fe-a931711e4343">
      <Execution id="f788528b-02ad-4605-93c9-422891ccda20" />
      <TestMethod codeBase="C:\Projekty\xUnitTestProject\bin\Debug\netcoreapp3.1\xUnitTestProject.dll" adapterTypeName="executor://xunit/VsTestRunner2/netcoreapp" className="xUnitTestProject.CurrencyHelperTests" name="FormatToStringTest1000" />
    </UnitTest>
    <UnitTest name="xUnitTestProject.CurrencyHelperTests.FormatToStringTest1000(price: 7789.7136237517525, expected: &quot;7789.71 zł&quot;)" storage="c:\projekty\xunittestproject\bin\debug\netcoreapp3.1\xunittestproject.dll" id="8783f986-8eac-ac9c-2b17-d1518f607836">
      <Execution id="62defcfe-4c44-4643-be8c-032361b1b628" />
      <TestMethod codeBase="C:\Projekty\xUnitTestProject\bin\Debug\netcoreapp3.1\xUnitTestProject.dll" adapterTypeName="executor://xunit/VsTestRunner2/netcoreapp" className="xUnitTestProject.CurrencyHelperTests" name="FormatToStringTest1000" />
    </UnitTest>
    <UnitTest name="xUnitTestProject.CurrencyHelperTests.FormatToStringTest1000(price: 6544.213759255695, expected: &quot;6544.21 zł&quot;)" storage="c:\projekty\xunittestproject\bin\debug\netcoreapp3.1\xunittestproject.dll" id="bfbcecbb-ebb0-4cc4-ba14-4fec10bfe400">
      <Execution id="54e7585d-4a7c-476f-8c76-dbdf0fc0b935" />
      <TestMethod codeBase="C:\Projekty\xUnitTestProject\bin\Debug\netcoreapp3.1\xUnitTestProject.dll" adapterTypeName="executor://xunit/VsTestRunner2/netcoreapp" className="xUnitTestProject.CurrencyHelperTests" name="FormatToStringTest1000" />
    </UnitTest>
    <UnitTest name="xUnitTestProject.CurrencyHelperTests.FormatToStringTest1000(price: 50991.22189691114, expected: &quot;50991.22 zł&quot;)" storage="c:\projekty\xunittestproject\bin\debug\netcoreapp3.1\xunittestproject.dll" id="c34ab70e-c13b-c0d3-f6b8-6dc84da0bd17">
      <Execution id="ba6bcb85-5822-412d-b60a-82eabeeaacf2" />
      <TestMethod codeBase="C:\Projekty\xUnitTestProject\bin\Debug\netcoreapp3.1\xUnitTestProject.dll" adapterTypeName="executor://xunit/VsTestRunner2/netcoreapp" className="xUnitTestProject.CurrencyHelperTests" name="FormatToStringTest1000" />
    </UnitTest>
    <UnitTest name="xUnitTestProject.CurrencyHelperTests.FormatToStringTest1000(price: 25440.18371476614, expected: &quot;25440.18 zł&quot;)" storage="c:\projekty\xunittestproject\bin\debug\netcoreapp3.1\xunittestproject.dll" id="04127ca2-1b44-60f0-2ddc-d2453cd48c79">
      <Execution id="ae510998-19a1-4658-83d4-b0d226a04e90" />
      <TestMethod codeBase="C:\Projekty\xUnitTestProject\bin\Debug\netcoreapp3.1\xUnitTestProject.dll" adapterTypeName="executor://xunit/VsTestRunner2/netcoreapp" className="xUnitTestProject.CurrencyHelperTests" name="FormatToStringTest1000" />
    </UnitTest>
    <UnitTest name="xUnitTestProject.CurrencyHelperTests.FormatToStringTest1000(price: 45955.903045959254, expected: &quot;45955.90 zł&quot;)" storage="c:\projekty\xunittestproject\bin\debug\netcoreapp3.1\xunittestproject.dll" id="5605ffe3-47bf-edde-5207-79dd7a259fef">
      <Execution id="2e890252-fd94-4b73-9176-234fab3cf7e4" />
      <TestMethod codeBase="C:\Projekty\xUnitTestProject\bin\Debug\netcoreapp3.1\xUnitTestProject.dll" adapterTypeName="executor://xunit/VsTestRunner2/netcoreapp" className="xUnitTestProject.CurrencyHelperTests" name="FormatToStringTest1000" />
    </UnitTest>
    <UnitTest name="xUnitTestProject.CurrencyHelperTests.FormatToStringTest1000(price: 45070.5442499493, expected: &quot;45070.54 zł&quot;)" storage="c:\projekty\xunittestproject\bin\debug\netcoreapp3.1\xunittestproject.dll" id="1ad63577-6f41-15d0-2387-0963e1b2bf95">
      <Execution id="fee58515-4656-481f-a9e6-fc2768120562" />
      <TestMethod codeBase="C:\Projekty\xUnitTestProject\bin\Debug\netcoreapp3.1\xUnitTestProject.dll" adapterTypeName="executor://xunit/VsTestRunner2/netcoreapp" className="xUnitTestProject.CurrencyHelperTests" name="FormatToStringTest1000" />
    </UnitTest>
    <UnitTest name="xUnitTestProject.CurrencyHelperTests.FormatToStringTest1000(price: 75214.75000876503, expected: &quot;75214.75 zł&quot;)" storage="c:\projekty\xunittestproject\bin\debug\netcoreapp3.1\xunittestproject.dll" id="163fd586-92aa-6f23-9cea-f9c152d7d771">
      <Execution id="19ba71c5-259e-45b7-a9df-489028af0e75" />
      <TestMethod codeBase="C:\Projekty\xUnitTestProject\bin\Debug\netcoreapp3.1\xUnitTestProject.dll" adapterTypeName="executor://xunit/VsTestRunner2/netcoreapp" className="xUnitTestProject.CurrencyHelperTests" name="FormatToStringTest1000" />
    </UnitTest>
    <UnitTest name="xUnitTestProject.CurrencyHelperTests.FormatToStringTest1000(price: 643.3550376181281, expected: &quot;643.36 zł&quot;)" storage="c:\projekty\xunittestproject\bin\debug\netcoreapp3.1\xunittestproject.dll" id="76d85170-85b2-a48f-102e-aa9420de3580">
      <Execution id="0eb7eb96-d0e1-40a8-8165-04e1204b8107" />
      <TestMethod codeBase="C:\Projekty\xUnitTestProject\bin\Debug\netcoreapp3.1\xUnitTestProject.dll" adapterTypeName="executor://xunit/VsTestRunner2/netcoreapp" className="xUnitTestProject.CurrencyHelperTests" name="FormatToStringTest1000" />
    </UnitTest>
    <UnitTest name="xUnitTestProject.CurrencyHelperTests.FormatToStringTest1000(price: 1613.6903705837626, expected: &quot;1613.69 zł&quot;)" storage="c:\projekty\xunittestproject\bin\debug\netcoreapp3.1\xunittestproject.dll" id="6f661c9f-cb4c-fdf6-5a9a-217f69ebc5d5">
      <Execution id="ffd9eb36-4770-4158-9da4-0395869996ed" />
      <TestMethod codeBase="C:\Projekty\xUnitTestProject\bin\Debug\netcoreapp3.1\xUnitTestProject.dll" adapterTypeName="executor://xunit/VsTestRunner2/netcoreapp" className="xUnitTestProject.CurrencyHelperTests" name="FormatToStringTest1000" />
    </UnitTest>
    <UnitTest name="xUnitTestProject.CurrencyHelperTests.FormatToStringTest1000(price: 4555.538255205163, expected: &quot;4555.54 zł&quot;)" storage="c:\projekty\xunittestproject\bin\debug\netcoreapp3.1\xunittestproject.dll" id="b28ab50d-11be-d323-527c-bc8feda9af8a">
      <Execution id="05805fbc-de00-43d8-960e-24fc64e82315" />
      <TestMethod codeBase="C:\Projekty\xUnitTestProject\bin\Debug\netcoreapp3.1\xUnitTestProject.dll" adapterTypeName="executor://xunit/VsTestRunner2/netcoreapp" className="xUnitTestProject.CurrencyHelperTests" name="FormatToStringTest1000" />
    </UnitTest>
    <UnitTest name="xUnitTestProject.CurrencyHelperTests.FormatToStringTest1000(price: 67898.54481444067, expected: &quot;67898.54 zł&quot;)" storage="c:\projekty\xunittestproject\bin\debug\netcoreapp3.1\xunittestproject.dll" id="f4a097ad-04f4-9e9c-b96f-49eb0101bd6d">
      <Execution id="dd1fb96a-1818-422c-a531-43cb53eeaed3" />
      <TestMethod codeBase="C:\Projekty\xUnitTestProject\bin\Debug\netcoreapp3.1\xUnitTestProject.dll" adapterTypeName="executor://xunit/VsTestRunner2/netcoreapp" className="xUnitTestProject.CurrencyHelperTests" name="FormatToStringTest1000" />
    </UnitTest>
    <UnitTest name="xUnitTestProject.CurrencyHelperTests.FormatToStringTest1000(price: 22281.48592587257, expected: &quot;22281.49 zł&quot;)" storage="c:\projekty\xunittestproject\bin\debug\netcoreapp3.1\xunittestproject.dll" id="2af17ceb-e4a7-e57a-8e57-17ad33ae72e3">
      <Execution id="71419bb7-b30e-4f2a-8783-a4bb3e40488c" />
      <TestMethod codeBase="C:\Projekty\xUnitTestProject\bin\Debug\netcoreapp3.1\xUnitTestProject.dll" adapterTypeName="executor://xunit/VsTestRunner2/netcoreapp" className="xUnitTestProject.CurrencyHelperTests" name="FormatToStringTest1000" />
    </UnitTest>
    <UnitTest name="xUnitTestProject.CurrencyHelperTests.FormatToStringTest1000(price: 25039.088753207627, expected: &quot;25039.09 zł&quot;)" storage="c:\projekty\xunittestproject\bin\debug\netcoreapp3.1\xunittestproject.dll" id="dcb09ac3-545f-7b73-7b06-f7917ef6e79e">
      <Execution id="158c408f-71b7-4242-920e-49f56104709a" />
      <TestMethod codeBase="C:\Projekty\xUnitTestProject\bin\Debug\netcoreapp3.1\xUnitTestProject.dll" adapterTypeName="executor://xunit/VsTestRunner2/netcoreapp" className="xUnitTestProject.CurrencyHelperTests" name="FormatToStringTest1000" />
    </UnitTest>
    <UnitTest name="xUnitTestProject.CurrencyHelperTests.FormatToStringTest1000(price: 31971.185406704986, expected: &quot;31971.19 zł&quot;)" storage="c:\projekty\xunittestproject\bin\debug\netcoreapp3.1\xunittestproject.dll" id="875433a7-4993-f6c8-ae9e-010101b8ccc7">
      <Execution id="4b4b4716-fb04-4017-98be-e5b37e26c565" />
      <TestMethod codeBase="C:\Projekty\xUnitTestProject\bin\Debug\netcoreapp3.1\xUnitTestProject.dll" adapterTypeName="executor://xunit/VsTestRunner2/netcoreapp" className="xUnitTestProject.CurrencyHelperTests" name="FormatToStringTest1000" />
    </UnitTest>
    <UnitTest name="xUnitTestProject.CurrencyHelperTests.FormatToStringTest1000(price: 67109.22110940759, expected: &quot;67109.22 zł&quot;)" storage="c:\projekty\xunittestproject\bin\debug\netcoreapp3.1\xunittestproject.dll" id="32346c07-b161-6e9f-65c2-990bcbe58b07">
      <Execution id="b5083e32-23cb-421e-a25a-9190c938607d" />
      <TestMethod codeBase="C:\Projekty\xUnitTestProject\bin\Debug\netcoreapp3.1\xUnitTestProject.dll" adapterTypeName="executor://xunit/VsTestRunner2/netcoreapp" className="xUnitTestProject.CurrencyHelperTests" name="FormatToStringTest1000" />
    </UnitTest>
    <UnitTest name="xUnitTestProject.CurrencyHelperTests.FormatToStringTest1000(price: 6915.421130504656, expected: &quot;6915.42 zł&quot;)" storage="c:\projekty\xunittestproject\bin\debug\netcoreapp3.1\xunittestproject.dll" id="c09462bb-4f86-b8e1-b39e-c6c94b35ddbc">
      <Execution id="9f1d33c0-1b12-43ef-be59-a7ebee69a8c6" />
      <TestMethod codeBase="C:\Projekty\xUnitTestProject\bin\Debug\netcoreapp3.1\xUnitTestProject.dll" adapterTypeName="executor://xunit/VsTestRunner2/netcoreapp" className="xUnitTestProject.CurrencyHelperTests" name="FormatToStringTest1000" />
    </UnitTest>
    <UnitTest name="xUnitTestProject.CurrencyHelperTests.FormatToStringTest1000(price: 38961.459057294516, expected: &quot;38961.46 zł&quot;)" storage="c:\projekty\xunittestproject\bin\debug\netcoreapp3.1\xunittestproject.dll" id="4dd76fcc-f663-2688-f7a4-a439b3a5cf01">
      <Execution id="6b0a0932-4ab4-421b-876f-01247b1433c4" />
      <TestMethod codeBase="C:\Projekty\xUnitTestProject\bin\Debug\netcoreapp3.1\xUnitTestProject.dll" adapterTypeName="executor://xunit/VsTestRunner2/netcoreapp" className="xUnitTestProject.CurrencyHelperTests" name="FormatToStringTest1000" />
    </UnitTest>
    <UnitTest name="xUnitTestProject.CurrencyHelperTests.FormatToStringTest1000(price: 15841.26419853478, expected: &quot;15841.26 zł&quot;)" storage="c:\projekty\xunittestproject\bin\debug\netcoreapp3.1\xunittestproject.dll" id="e605935b-b7df-1383-2d29-96bb8b33e684">
      <Execution id="ab1c99aa-a8e4-4777-ac89-7a32c19cddd8" />
      <TestMethod codeBase="C:\Projekty\xUnitTestProject\bin\Debug\netcoreapp3.1\xUnitTestProject.dll" adapterTypeName="executor://xunit/VsTestRunner2/netcoreapp" className="xUnitTestProject.CurrencyHelperTests" name="FormatToStringTest1000" />
    </UnitTest>
    <UnitTest name="xUnitTestProject.CurrencyHelperTests.FormatToStringTest1000(price: 19189.813662191766, expected: &quot;19189.81 zł&quot;)" storage="c:\projekty\xunittestproject\bin\debug\netcoreapp3.1\xunittestproject.dll" id="51b21bbe-86e0-7c92-977a-b85ebd62b755">
      <Execution id="d870eaeb-b158-48f3-883b-04049fb6f4a6" />
      <TestMethod codeBase="C:\Projekty\xUnitTestProject\bin\Debug\netcoreapp3.1\xUnitTestProject.dll" adapterTypeName="executor://xunit/VsTestRunner2/netcoreapp" className="xUnitTestProject.CurrencyHelperTests" name="FormatToStringTest1000" />
    </UnitTest>
    <UnitTest name="xUnitTestProject.CurrencyHelperTests.FormatToStringTest1000(price: 31300.40752580967, expected: &quot;31300.41 zł&quot;)" storage="c:\projekty\xunittestproject\bin\debug\netcoreapp3.1\xunittestproject.dll" id="c9010c04-7ef0-ce4b-7d42-778e915f5883">
      <Execution id="b6d693ae-489d-4dd1-aabd-b91a7349d680" />
      <TestMethod codeBase="C:\Projekty\xUnitTestProject\bin\Debug\netcoreapp3.1\xUnitTestProject.dll" adapterTypeName="executor://xunit/VsTestRunner2/netcoreapp" className="xUnitTestProject.CurrencyHelperTests" name="FormatToStringTest1000" />
    </UnitTest>
    <UnitTest name="xUnitTestProject.CurrencyHelperTests.FormatToStringTest1000(price: 12202.860111308684, expected: &quot;12202.86 zł&quot;)" storage="c:\projekty\xunittestproject\bin\debug\netcoreapp3.1\xunittestproject.dll" id="584d2955-8662-50b8-9c7a-cb8a910d527d">
      <Execution id="043e5c8c-18b1-43b0-b737-b95b200d9a6b" />
      <TestMethod codeBase="C:\Projekty\xUnitTestProject\bin\Debug\netcoreapp3.1\xUnitTestProject.dll" adapterTypeName="executor://xunit/VsTestRunner2/netcoreapp" className="xUnitTestProject.CurrencyHelperTests" name="FormatToStringTest1000" />
    </UnitTest>
    <UnitTest name="xUnitTestProject.CurrencyHelperTests.FormatToStringTest1000(price: 6864.093052674129, expected: &quot;6864.09 zł&quot;)" storage="c:\projekty\xunittestproject\bin\debug\netcoreapp3.1\xunittestproject.dll" id="baa856d2-0f24-fb78-786f-66276d918a1d">
      <Execution id="1a1bd9a0-2736-4db4-9b3f-4c921482a693" />
      <TestMethod codeBase="C:\Projekty\xUnitTestProject\bin\Debug\netcoreapp3.1\xUnitTestProject.dll" adapterTypeName="executor://xunit/VsTestRunner2/netcoreapp" className="xUnitTestProject.CurrencyHelperTests" name="FormatToStringTest1000" />
    </UnitTest>
    <UnitTest name="xUnitTestProject.CurrencyHelperTests.FormatToStringTest1000(price: 75024.79122970243, expected: &quot;75024.79 zł&quot;)" storage="c:\projekty\xunittestproject\bin\debug\netcoreapp3.1\xunittestproject.dll" id="7c86c7d1-a9a4-3305-ae10-fdb7acd65489">
      <Execution id="6e5c569f-714c-4c70-8d2f-8801c0d159b6" />
      <TestMethod codeBase="C:\Projekty\xUnitTestProject\bin\Debug\netcoreapp3.1\xUnitTestProject.dll" adapterTypeName="executor://xunit/VsTestRunner2/netcoreapp" className="xUnitTestProject.CurrencyHelperTests" name="FormatToStringTest1000" />
    </UnitTest>
    <UnitTest name="xUnitTestProject.CurrencyHelperTests.FormatToStringTest1000(price: 4812.162927013898, expected: &quot;4812.16 zł&quot;)" storage="c:\projekty\xunittestproject\bin\debug\netcoreapp3.1\xunittestproject.dll" id="3a671f08-52e1-32fe-f25e-6e157db962d2">
      <Execution id="c3c4797c-a6dc-4b44-820c-4b0d817f1435" />
      <TestMethod codeBase="C:\Projekty\xUnitTestProject\bin\Debug\netcoreapp3.1\xUnitTestProject.dll" adapterTypeName="executor://xunit/VsTestRunner2/netcoreapp" className="xUnitTestProject.CurrencyHelperTests" name="FormatToStringTest1000" />
    </UnitTest>
    <UnitTest name="xUnitTestProject.CurrencyHelperTests.FormatToStringTest1000(price: 7202.052143613367, expected: &quot;7202.05 zł&quot;)" storage="c:\projekty\xunittestproject\bin\debug\netcoreapp3.1\xunittestproject.dll" id="ee3ad499-d226-2821-3efe-49a57729a899">
      <Execution id="d18e8377-2d81-4281-888d-456363e0bdb4" />
      <TestMethod codeBase="C:\Projekty\xUnitTestProject\bin\Debug\netcoreapp3.1\xUnitTestProject.dll" adapterTypeName="executor://xunit/VsTestRunner2/netcoreapp" className="xUnitTestProject.CurrencyHelperTests" name="FormatToStringTest1000" />
    </UnitTest>
    <UnitTest name="xUnitTestProject.CurrencyHelperTests.FormatToStringTest1000(price: 46790.41011887715, expected: &quot;46790.41 zł&quot;)" storage="c:\projekty\xunittestproject\bin\debug\netcoreapp3.1\xunittestproject.dll" id="1a5071af-adad-5910-41be-cb866364cc7d">
      <Execution id="d742fd4a-fe26-4a91-af15-9d9beabf4463" />
      <TestMethod codeBase="C:\Projekty\xUnitTestProject\bin\Debug\netcoreapp3.1\xUnitTestProject.dll" adapterTypeName="executor://xunit/VsTestRunner2/netcoreapp" className="xUnitTestProject.CurrencyHelperTests" name="FormatToStringTest1000" />
    </UnitTest>
    <UnitTest name="xUnitTestProject.CurrencyHelperTests.FormatToStringTest1000(price: 20737.251994218328, expected: &quot;20737.25 zł&quot;)" storage="c:\projekty\xunittestproject\bin\debug\netcoreapp3.1\xunittestproject.dll" id="7c480fcf-dcac-50a2-3106-264841c6a300">
      <Execution id="03b615f9-0112-4df8-96a0-6f91c3501b13" />
      <TestMethod codeBase="C:\Projekty\xUnitTestProject\bin\Debug\netcoreapp3.1\xUnitTestProject.dll" adapterTypeName="executor://xunit/VsTestRunner2/netcoreapp" className="xUnitTestProject.CurrencyHelperTests" name="FormatToStringTest1000" />
    </UnitTest>
    <UnitTest name="xUnitTestProject.CurrencyHelperTests.FormatToStringTest1000(price: 8499.121443388574, expected: &quot;8499.12 zł&quot;)" storage="c:\projekty\xunittestproject\bin\debug\netcoreapp3.1\xunittestproject.dll" id="05d3ca05-7d6a-4ccb-9500-bddd30f80ece">
      <Execution id="5097370d-a492-42c6-b974-b31a716e01fe" />
      <TestMethod codeBase="C:\Projekty\xUnitTestProject\bin\Debug\netcoreapp3.1\xUnitTestProject.dll" adapterTypeName="executor://xunit/VsTestRunner2/netcoreapp" className="xUnitTestProject.CurrencyHelperTests" name="FormatToStringTest1000" />
    </UnitTest>
    <UnitTest name="xUnitTestProject.CurrencyHelperTests.FormatToStringTest1000(price: 78822.37212685234, expected: &quot;78822.37 zł&quot;)" storage="c:\projekty\xunittestproject\bin\debug\netcoreapp3.1\xunittestproject.dll" id="5313f3e0-d68f-8127-ba85-18b29352fdf0">
      <Execution id="14e19fd1-7feb-4b69-9732-822aeb3228d3" />
      <TestMethod codeBase="C:\Projekty\xUnitTestProject\bin\Debug\netcoreapp3.1\xUnitTestProject.dll" adapterTypeName="executor://xunit/VsTestRunner2/netcoreapp" className="xUnitTestProject.CurrencyHelperTests" name="FormatToStringTest1000" />
    </UnitTest>
    <UnitTest name="xUnitTestProject.CurrencyHelperTests.FormatToStringTest1000(price: 18490.912787030877, expected: &quot;18490.91 zł&quot;)" storage="c:\projekty\xunittestproject\bin\debug\netcoreapp3.1\xunittestproject.dll" id="7200fbe8-0633-195a-0e4f-25258446a0dd">
      <Execution id="043a209d-735c-4107-a915-95897eccf4c5" />
      <TestMethod codeBase="C:\Projekty\xUnitTestProject\bin\Debug\netcoreapp3.1\xUnitTestProject.dll" adapterTypeName="executor://xunit/VsTestRunner2/netcoreapp" className="xUnitTestProject.CurrencyHelperTests" name="FormatToStringTest1000" />
    </UnitTest>
    <UnitTest name="xUnitTestProject.CurrencyHelperTests.FormatToStringTest1000(price: 54678.59301593089, expected: &quot;54678.59 zł&quot;)" storage="c:\projekty\xunittestproject\bin\debug\netcoreapp3.1\xunittestproject.dll" id="b93fddec-5e00-a1c1-fc16-4882d018fd04">
      <Execution id="48ccb333-9857-417d-9389-c77eeae78ed4" />
      <TestMethod codeBase="C:\Projekty\xUnitTestProject\bin\Debug\netcoreapp3.1\xUnitTestProject.dll" adapterTypeName="executor://xunit/VsTestRunner2/netcoreapp" className="xUnitTestProject.CurrencyHelperTests" name="FormatToStringTest1000" />
    </UnitTest>
    <UnitTest name="xUnitTestProject.CurrencyHelperTests.FormatToStringTest1000(price: 23174.85693288448, expected: &quot;23174.86 zł&quot;)" storage="c:\projekty\xunittestproject\bin\debug\netcoreapp3.1\xunittestproject.dll" id="91ef764f-6920-57e2-1ea1-d9fdc62e8142">
      <Execution id="a7cb7f7e-ad05-4ec0-9c8d-357964c6e057" />
      <TestMethod codeBase="C:\Projekty\xUnitTestProject\bin\Debug\netcoreapp3.1\xUnitTestProject.dll" adapterTypeName="executor://xunit/VsTestRunner2/netcoreapp" className="xUnitTestProject.CurrencyHelperTests" name="FormatToStringTest1000" />
    </UnitTest>
    <UnitTest name="xUnitTestProject.CurrencyHelperTests.FormatToStringTest1000(price: 70149.17842025738, expected: &quot;70149.18 zł&quot;)" storage="c:\projekty\xunittestproject\bin\debug\netcoreapp3.1\xunittestproject.dll" id="3b212d04-f6e8-ace9-1475-1632b0249f80">
      <Execution id="e1ccedbd-20ea-4c66-bb2c-adbf56765fa4" />
      <TestMethod codeBase="C:\Projekty\xUnitTestProject\bin\Debug\netcoreapp3.1\xUnitTestProject.dll" adapterTypeName="executor://xunit/VsTestRunner2/netcoreapp" className="xUnitTestProject.CurrencyHelperTests" name="FormatToStringTest1000" />
    </UnitTest>
    <UnitTest name="xUnitTestProject.CurrencyHelperTests.FormatToStringTest1000(price: 12118.31777677048, expected: &quot;12118.32 zł&quot;)" storage="c:\projekty\xunittestproject\bin\debug\netcoreapp3.1\xunittestproject.dll" id="89b95097-2fa4-1afe-c164-3b548bd44274">
      <Execution id="9c0afce2-4cb3-4cd3-ab99-eaf80ebca24a" />
      <TestMethod codeBase="C:\Projekty\xUnitTestProject\bin\Debug\netcoreapp3.1\xUnitTestProject.dll" adapterTypeName="executor://xunit/VsTestRunner2/netcoreapp" className="xUnitTestProject.CurrencyHelperTests" name="FormatToStringTest1000" />
    </UnitTest>
    <UnitTest name="xUnitTestProject.CurrencyHelperTests.FormatToStringTest1000(price: 50644.690874327294, expected: &quot;50644.69 zł&quot;)" storage="c:\projekty\xunittestproject\bin\debug\netcoreapp3.1\xunittestproject.dll" id="7a86c51e-006c-a65e-34c9-ff3a6b2ed4b5">
      <Execution id="ba67158e-af99-4a00-8122-907959cbe2a7" />
      <TestMethod codeBase="C:\Projekty\xUnitTestProject\bin\Debug\netcoreapp3.1\xUnitTestProject.dll" adapterTypeName="executor://xunit/VsTestRunner2/netcoreapp" className="xUnitTestProject.CurrencyHelperTests" name="FormatToStringTest1000" />
    </UnitTest>
    <UnitTest name="xUnitTestProject.CurrencyHelperTests.FormatToStringTest1000(price: 48449.85582609189, expected: &quot;48449.86 zł&quot;)" storage="c:\projekty\xunittestproject\bin\debug\netcoreapp3.1\xunittestproject.dll" id="7704532e-ccf9-d396-cd75-b7b2cb63c0e8">
      <Execution id="c672678d-c640-413a-9b87-13fa459c35ff" />
      <TestMethod codeBase="C:\Projekty\xUnitTestProject\bin\Debug\netcoreapp3.1\xUnitTestProject.dll" adapterTypeName="executor://xunit/VsTestRunner2/netcoreapp" className="xUnitTestProject.CurrencyHelperTests" name="FormatToStringTest1000" />
    </UnitTest>
    <UnitTest name="xUnitTestProject.CurrencyHelperTests.FormatToStringTest1000(price: 67230.86250807665, expected: &quot;67230.86 zł&quot;)" storage="c:\projekty\xunittestproject\bin\debug\netcoreapp3.1\xunittestproject.dll" id="dfaf8cc8-6c50-9b2f-464a-6475c413ade9">
      <Execution id="2a0821c6-3fe2-4975-9e93-3c07b53389bb" />
      <TestMethod codeBase="C:\Projekty\xUnitTestProject\bin\Debug\netcoreapp3.1\xUnitTestProject.dll" adapterTypeName="executor://xunit/VsTestRunner2/netcoreapp" className="xUnitTestProject.CurrencyHelperTests" name="FormatToStringTest1000" />
    </UnitTest>
    <UnitTest name="xUnitTestProject.CurrencyHelperTests.FormatToStringTest1000(price: 10641.263377953444, expected: &quot;10641.26 zł&quot;)" storage="c:\projekty\xunittestproject\bin\debug\netcoreapp3.1\xunittestproject.dll" id="2472258e-8be8-7772-0b75-b4a3d535f097">
      <Execution id="8a3a6599-95b4-4cdd-a26e-878d0586fb2d" />
      <TestMethod codeBase="C:\Projekty\xUnitTestProject\bin\Debug\netcoreapp3.1\xUnitTestProject.dll" adapterTypeName="executor://xunit/VsTestRunner2/netcoreapp" className="xUnitTestProject.CurrencyHelperTests" name="FormatToStringTest1000" />
    </UnitTest>
    <UnitTest name="xUnitTestProject.CurrencyHelperTests.FormatToStringTest1000(price: 19210.519530370144, expected: &quot;19210.52 zł&quot;)" storage="c:\projekty\xunittestproject\bin\debug\netcoreapp3.1\xunittestproject.dll" id="33fd1dda-62a8-0bed-a4ce-731800ce94c0">
      <Execution id="d2ddac89-cc70-4b2d-8167-cdb97d69ee36" />
      <TestMethod codeBase="C:\Projekty\xUnitTestProject\bin\Debug\netcoreapp3.1\xUnitTestProject.dll" adapterTypeName="executor://xunit/VsTestRunner2/netcoreapp" className="xUnitTestProject.CurrencyHelperTests" name="FormatToStringTest1000" />
    </UnitTest>
    <UnitTest name="xUnitTestProject.CurrencyHelperTests.FormatToStringTest1000(price: 38402.8293406753, expected: &quot;38402.83 zł&quot;)" storage="c:\projekty\xunittestproject\bin\debug\netcoreapp3.1\xunittestproject.dll" id="1d527cfe-7183-7ac1-a7ed-260bd5e5ccfa">
      <Execution id="3c12aa0c-37e9-4262-ace8-cce5608243ad" />
      <TestMethod codeBase="C:\Projekty\xUnitTestProject\bin\Debug\netcoreapp3.1\xUnitTestProject.dll" adapterTypeName="executor://xunit/VsTestRunner2/netcoreapp" className="xUnitTestProject.CurrencyHelperTests" name="FormatToStringTest1000" />
    </UnitTest>
    <UnitTest name="xUnitTestProject.CurrencyHelperTests.FormatToStringTest1000(price: 43222.47958431695, expected: &quot;43222.48 zł&quot;)" storage="c:\projekty\xunittestproject\bin\debug\netcoreapp3.1\xunittestproject.dll" id="ab963705-3e28-cc1d-5bf1-a88ea216bc34">
      <Execution id="a67b1fe7-a902-429c-8cc9-51bbdf7e912e" />
      <TestMethod codeBase="C:\Projekty\xUnitTestProject\bin\Debug\netcoreapp3.1\xUnitTestProject.dll" adapterTypeName="executor://xunit/VsTestRunner2/netcoreapp" className="xUnitTestProject.CurrencyHelperTests" name="FormatToStringTest1000" />
    </UnitTest>
    <UnitTest name="xUnitTestProject.CurrencyHelperTests.FormatToStringTest1000(price: 16901.497392274203, expected: &quot;16901.50 zł&quot;)" storage="c:\projekty\xunittestproject\bin\debug\netcoreapp3.1\xunittestproject.dll" id="9100d9e1-967e-296d-c07b-a43969fad121">
      <Execution id="92555416-5cff-4c71-ba29-2151a9eb9c3b" />
      <TestMethod codeBase="C:\Projekty\xUnitTestProject\bin\Debug\netcoreapp3.1\xUnitTestProject.dll" adapterTypeName="executor://xunit/VsTestRunner2/netcoreapp" className="xUnitTestProject.CurrencyHelperTests" name="FormatToStringTest1000" />
    </UnitTest>
    <UnitTest name="xUnitTestProject.CurrencyHelperTests.FormatToStringTest1000(price: 5108.217389855635, expected: &quot;5108.22 zł&quot;)" storage="c:\projekty\xunittestproject\bin\debug\netcoreapp3.1\xunittestproject.dll" id="8c128bb7-55c2-1507-f225-4df0c4a48630">
      <Execution id="3aa0b400-3705-4338-9c31-bbdfedbe8876" />
      <TestMethod codeBase="C:\Projekty\xUnitTestProject\bin\Debug\netcoreapp3.1\xUnitTestProject.dll" adapterTypeName="executor://xunit/VsTestRunner2/netcoreapp" className="xUnitTestProject.CurrencyHelperTests" name="FormatToStringTest1000" />
    </UnitTest>
    <UnitTest name="xUnitTestProject.CurrencyHelperTests.FormatToStringTest1000(price: 17455.15807988595, expected: &quot;17455.16 zł&quot;)" storage="c:\projekty\xunittestproject\bin\debug\netcoreapp3.1\xunittestproject.dll" id="6dcc8842-a927-f371-cf06-32198da79abc">
      <Execution id="2e42f444-e900-49e2-afcc-f8729275e26f" />
      <TestMethod codeBase="C:\Projekty\xUnitTestProject\bin\Debug\netcoreapp3.1\xUnitTestProject.dll" adapterTypeName="executor://xunit/VsTestRunner2/netcoreapp" className="xUnitTestProject.CurrencyHelperTests" name="FormatToStringTest1000" />
    </UnitTest>
    <UnitTest name="xUnitTestProject.CurrencyHelperTests.FormatToStringTest1000(price: 11.555284778846096, expected: &quot;11.56 zł&quot;)" storage="c:\projekty\xunittestproject\bin\debug\netcoreapp3.1\xunittestproject.dll" id="d6af606e-af1d-b77f-4ce0-c1f6556a4ce0">
      <Execution id="0df6f4f1-6bdf-46f0-b085-df710ee390d8" />
      <TestMethod codeBase="C:\Projekty\xUnitTestProject\bin\Debug\netcoreapp3.1\xUnitTestProject.dll" adapterTypeName="executor://xunit/VsTestRunner2/netcoreapp" className="xUnitTestProject.CurrencyHelperTests" name="FormatToStringTest1000" />
    </UnitTest>
    <UnitTest name="xUnitTestProject.CurrencyHelperTests.FormatToStringTest1000(price: 78796.90433980194, expected: &quot;78796.90 zł&quot;)" storage="c:\projekty\xunittestproject\bin\debug\netcoreapp3.1\xunittestproject.dll" id="24614531-2aef-39c0-ae03-729fa029c955">
      <Execution id="458f6dd6-f995-4fc9-8e44-bc44e763cc3b" />
      <TestMethod codeBase="C:\Projekty\xUnitTestProject\bin\Debug\netcoreapp3.1\xUnitTestProject.dll" adapterTypeName="executor://xunit/VsTestRunner2/netcoreapp" className="xUnitTestProject.CurrencyHelperTests" name="FormatToStringTest1000" />
    </UnitTest>
    <UnitTest name="xUnitTestProject.CurrencyHelperTests.FormatToStringTest1000(price: 30360.993128030557, expected: &quot;30360.99 zł&quot;)" storage="c:\projekty\xunittestproject\bin\debug\netcoreapp3.1\xunittestproject.dll" id="9e564273-69a8-eaf4-221d-8cb7dd068c7d">
      <Execution id="3bfc1e04-cd86-4fc4-8ebe-0d16b0fb6000" />
      <TestMethod codeBase="C:\Projekty\xUnitTestProject\bin\Debug\netcoreapp3.1\xUnitTestProject.dll" adapterTypeName="executor://xunit/VsTestRunner2/netcoreapp" className="xUnitTestProject.CurrencyHelperTests" name="FormatToStringTest1000" />
    </UnitTest>
    <UnitTest name="xUnitTestProject.CurrencyHelperTests.FormatToStringTest1000(price: 2444.4726240530017, expected: &quot;2444.47 zł&quot;)" storage="c:\projekty\xunittestproject\bin\debug\netcoreapp3.1\xunittestproject.dll" id="45dd66f1-81ef-9e8c-d39f-69c657dd300a">
      <Execution id="47c4f126-c104-4de5-9d27-95e39996eb5e" />
      <TestMethod codeBase="C:\Projekty\xUnitTestProject\bin\Debug\netcoreapp3.1\xUnitTestProject.dll" adapterTypeName="executor://xunit/VsTestRunner2/netcoreapp" className="xUnitTestProject.CurrencyHelperTests" name="FormatToStringTest1000" />
    </UnitTest>
    <UnitTest name="xUnitTestProject.CurrencyHelperTests.FormatToStringTest1000(price: 19873.59831658453, expected: &quot;19873.60 zł&quot;)" storage="c:\projekty\xunittestproject\bin\debug\netcoreapp3.1\xunittestproject.dll" id="a3a08850-4a93-c030-f4e2-fdffe7d8b320">
      <Execution id="019db3e2-c8a6-44c9-a04f-f469b8052238" />
      <TestMethod codeBase="C:\Projekty\xUnitTestProject\bin\Debug\netcoreapp3.1\xUnitTestProject.dll" adapterTypeName="executor://xunit/VsTestRunner2/netcoreapp" className="xUnitTestProject.CurrencyHelperTests" name="FormatToStringTest1000" />
    </UnitTest>
    <UnitTest name="xUnitTestProject.CurrencyHelperTests.FormatToStringTest1000(price: 7592.950837113406, expected: &quot;7592.95 zł&quot;)" storage="c:\projekty\xunittestproject\bin\debug\netcoreapp3.1\xunittestproject.dll" id="2b8726cc-d2f8-9e6e-5458-ee24b8425f17">
      <Execution id="c0b753f9-6851-4bfc-83a7-196b26e60624" />
      <TestMethod codeBase="C:\Projekty\xUnitTestProject\bin\Debug\netcoreapp3.1\xUnitTestProject.dll" adapterTypeName="executor://xunit/VsTestRunner2/netcoreapp" className="xUnitTestProject.CurrencyHelperTests" name="FormatToStringTest1000" />
    </UnitTest>
    <UnitTest name="xUnitTestProject.CurrencyHelperTests.FormatToStringTest1000(price: 6820.105136090938, expected: &quot;6820.11 zł&quot;)" storage="c:\projekty\xunittestproject\bin\debug\netcoreapp3.1\xunittestproject.dll" id="83d8e74c-5bbb-efb0-37a0-7aa4cf469b8b">
      <Execution id="824be5ac-649d-4ef7-a3a7-0bf490765020" />
      <TestMethod codeBase="C:\Projekty\xUnitTestProject\bin\Debug\netcoreapp3.1\xUnitTestProject.dll" adapterTypeName="executor://xunit/VsTestRunner2/netcoreapp" className="xUnitTestProject.CurrencyHelperTests" name="FormatToStringTest1000" />
    </UnitTest>
    <UnitTest name="xUnitTestProject.CurrencyHelperTests.FormatToStringTest1000(price: 46607.970025941715, expected: &quot;46607.97 zł&quot;)" storage="c:\projekty\xunittestproject\bin\debug\netcoreapp3.1\xunittestproject.dll" id="71b5be91-6e3e-5890-08ca-57e68e3990bc">
      <Execution id="31590478-b979-4fec-af7c-859c2be78820" />
      <TestMethod codeBase="C:\Projekty\xUnitTestProject\bin\Debug\netcoreapp3.1\xUnitTestProject.dll" adapterTypeName="executor://xunit/VsTestRunner2/netcoreapp" className="xUnitTestProject.CurrencyHelperTests" name="FormatToStringTest1000" />
    </UnitTest>
    <UnitTest name="xUnitTestProject.CurrencyHelperTests.FormatToStringTest1000(price: 10066.059180456241, expected: &quot;10066.06 zł&quot;)" storage="c:\projekty\xunittestproject\bin\debug\netcoreapp3.1\xunittestproject.dll" id="f7bc8584-126a-bce9-5286-d35d3ce59a28">
      <Execution id="0e327b09-24ee-4e84-a9aa-03bd51c78ce6" />
      <TestMethod codeBase="C:\Projekty\xUnitTestProject\bin\Debug\netcoreapp3.1\xUnitTestProject.dll" adapterTypeName="executor://xunit/VsTestRunner2/netcoreapp" className="xUnitTestProject.CurrencyHelperTests" name="FormatToStringTest1000" />
    </UnitTest>
    <UnitTest name="xUnitTestProject.CurrencyHelperTests.FormatToStringTest1000(price: 20482.32969107308, expected: &quot;20482.33 zł&quot;)" storage="c:\projekty\xunittestproject\bin\debug\netcoreapp3.1\xunittestproject.dll" id="9612d6d4-5d3c-f9a6-943c-f09f8d38bf59">
      <Execution id="cc7a9200-c246-442f-a2cd-950446b06971" />
      <TestMethod codeBase="C:\Projekty\xUnitTestProject\bin\Debug\netcoreapp3.1\xUnitTestProject.dll" adapterTypeName="executor://xunit/VsTestRunner2/netcoreapp" className="xUnitTestProject.CurrencyHelperTests" name="FormatToStringTest1000" />
    </UnitTest>
    <UnitTest name="xUnitTestProject.CurrencyHelperTests.FormatToStringTest1000(price: 15337.485230751097, expected: &quot;15337.49 zł&quot;)" storage="c:\projekty\xunittestproject\bin\debug\netcoreapp3.1\xunittestproject.dll" id="be135b72-4539-0e97-74d0-b204a763297e">
      <Execution id="d491f3c9-36e6-493b-afa1-11ce4134cffe" />
      <TestMethod codeBase="C:\Projekty\xUnitTestProject\bin\Debug\netcoreapp3.1\xUnitTestProject.dll" adapterTypeName="executor://xunit/VsTestRunner2/netcoreapp" className="xUnitTestProject.CurrencyHelperTests" name="FormatToStringTest1000" />
    </UnitTest>
    <UnitTest name="xUnitTestProject.CurrencyHelperTests.FormatToStringTest1000(price: 9503.466049463705, expected: &quot;9503.47 zł&quot;)" storage="c:\projekty\xunittestproject\bin\debug\netcoreapp3.1\xunittestproject.dll" id="a1056dc3-d634-deb8-6537-d1daee422b62">
      <Execution id="9e7280a1-2a6e-4179-a03c-aa7733d909be" />
      <TestMethod codeBase="C:\Projekty\xUnitTestProject\bin\Debug\netcoreapp3.1\xUnitTestProject.dll" adapterTypeName="executor://xunit/VsTestRunner2/netcoreapp" className="xUnitTestProject.CurrencyHelperTests" name="FormatToStringTest1000" />
    </UnitTest>
    <UnitTest name="xUnitTestProject.CurrencyHelperTests.FormatToStringTest1000(price: 19208.676036795914, expected: &quot;19208.68 zł&quot;)" storage="c:\projekty\xunittestproject\bin\debug\netcoreapp3.1\xunittestproject.dll" id="e6b4d3a2-a83c-419f-8b42-b631077ac8fc">
      <Execution id="0e48f40a-9f4e-4a48-a08b-28f65562b0dc" />
      <TestMethod codeBase="C:\Projekty\xUnitTestProject\bin\Debug\netcoreapp3.1\xUnitTestProject.dll" adapterTypeName="executor://xunit/VsTestRunner2/netcoreapp" className="xUnitTestProject.CurrencyHelperTests" name="FormatToStringTest1000" />
    </UnitTest>
    <UnitTest name="xUnitTestProject.CurrencyHelperTests.FormatToStringTest1000(price: 25908.345463821825, expected: &quot;25908.35 zł&quot;)" storage="c:\projekty\xunittestproject\bin\debug\netcoreapp3.1\xunittestproject.dll" id="4efa35ac-3125-a521-7208-253d92298a56">
      <Execution id="dfbdf748-2b5e-46b2-a1e6-587d6911b023" />
      <TestMethod codeBase="C:\Projekty\xUnitTestProject\bin\Debug\netcoreapp3.1\xUnitTestProject.dll" adapterTypeName="executor://xunit/VsTestRunner2/netcoreapp" className="xUnitTestProject.CurrencyHelperTests" name="FormatToStringTest1000" />
    </UnitTest>
    <UnitTest name="xUnitTestProject.CurrencyHelperTests.FormatToStringTest1000(price: 58848.60825001477, expected: &quot;58848.61 zł&quot;)" storage="c:\projekty\xunittestproject\bin\debug\netcoreapp3.1\xunittestproject.dll" id="8dcae478-7176-db28-16c0-e91e0d918df3">
      <Execution id="02612e45-4a2f-4e7a-82c3-1a6dbe899859" />
      <TestMethod codeBase="C:\Projekty\xUnitTestProject\bin\Debug\netcoreapp3.1\xUnitTestProject.dll" adapterTypeName="executor://xunit/VsTestRunner2/netcoreapp" className="xUnitTestProject.CurrencyHelperTests" name="FormatToStringTest1000" />
    </UnitTest>
    <UnitTest name="xUnitTestProject.CurrencyHelperTests.FormatToStringTest1000(price: 14063.90676654871, expected: &quot;14063.91 zł&quot;)" storage="c:\projekty\xunittestproject\bin\debug\netcoreapp3.1\xunittestproject.dll" id="0ce41b19-5488-6227-82d4-578fa8558f1f">
      <Execution id="364860ee-ea36-4164-8a35-b6f89db5fbf8" />
      <TestMethod codeBase="C:\Projekty\xUnitTestProject\bin\Debug\netcoreapp3.1\xUnitTestProject.dll" adapterTypeName="executor://xunit/VsTestRunner2/netcoreapp" className="xUnitTestProject.CurrencyHelperTests" name="FormatToStringTest1000" />
    </UnitTest>
    <UnitTest name="xUnitTestProject.CurrencyHelperTests.FormatToStringTest1000(price: 38803.03958246253, expected: &quot;38803.04 zł&quot;)" storage="c:\projekty\xunittestproject\bin\debug\netcoreapp3.1\xunittestproject.dll" id="d1d304ec-d1a8-54dd-0ee3-d84b0c72b00c">
      <Execution id="4bc3d241-ab2a-42e4-93ea-28c0841cd6ab" />
      <TestMethod codeBase="C:\Projekty\xUnitTestProject\bin\Debug\netcoreapp3.1\xUnitTestProject.dll" adapterTypeName="executor://xunit/VsTestRunner2/netcoreapp" className="xUnitTestProject.CurrencyHelperTests" name="FormatToStringTest1000" />
    </UnitTest>
    <UnitTest name="xUnitTestProject.CurrencyHelperTests.FormatToStringTest1000(price: 11181.228339251702, expected: &quot;11181.23 zł&quot;)" storage="c:\projekty\xunittestproject\bin\debug\netcoreapp3.1\xunittestproject.dll" id="caf33f47-4d9c-c378-9883-273199a79b1e">
      <Execution id="6cc61af5-335b-4583-9762-5ba8a094d6f9" />
      <TestMethod codeBase="C:\Projekty\xUnitTestProject\bin\Debug\netcoreapp3.1\xUnitTestProject.dll" adapterTypeName="executor://xunit/VsTestRunner2/netcoreapp" className="xUnitTestProject.CurrencyHelperTests" name="FormatToStringTest1000" />
    </UnitTest>
    <UnitTest name="xUnitTestProject.CurrencyHelperTests.FormatToStringTest1000(price: 19882.647973500494, expected: &quot;19882.65 zł&quot;)" storage="c:\projekty\xunittestproject\bin\debug\netcoreapp3.1\xunittestproject.dll" id="990c6bd9-75e3-e712-66e8-1d0bc8aed91c">
      <Execution id="8b9e36d5-4fd9-4b6a-a58b-ec84a52ed4fb" />
      <TestMethod codeBase="C:\Projekty\xUnitTestProject\bin\Debug\netcoreapp3.1\xUnitTestProject.dll" adapterTypeName="executor://xunit/VsTestRunner2/netcoreapp" className="xUnitTestProject.CurrencyHelperTests" name="FormatToStringTest1000" />
    </UnitTest>
    <UnitTest name="xUnitTestProject.CurrencyHelperTests.FormatToStringTest1000(price: 28861.97337596769, expected: &quot;28861.97 zł&quot;)" storage="c:\projekty\xunittestproject\bin\debug\netcoreapp3.1\xunittestproject.dll" id="fdef4ad6-20d8-042a-63d8-5826de557b18">
      <Execution id="b073685c-7c63-4352-bb7a-783598297f49" />
      <TestMethod codeBase="C:\Projekty\xUnitTestProject\bin\Debug\netcoreapp3.1\xUnitTestProject.dll" adapterTypeName="executor://xunit/VsTestRunner2/netcoreapp" className="xUnitTestProject.CurrencyHelperTests" name="FormatToStringTest1000" />
    </UnitTest>
    <UnitTest name="xUnitTestProject.CurrencyHelperTests.FormatToStringTest1000(price: 24566.50251371856, expected: &quot;24566.50 zł&quot;)" storage="c:\projekty\xunittestproject\bin\debug\netcoreapp3.1\xunittestproject.dll" id="5987d0c7-7679-adcc-a7d5-76af40a4f7f5">
      <Execution id="af775a56-0e43-4efb-aee8-19f8639c7e4f" />
      <TestMethod codeBase="C:\Projekty\xUnitTestProject\bin\Debug\netcoreapp3.1\xUnitTestProject.dll" adapterTypeName="executor://xunit/VsTestRunner2/netcoreapp" className="xUnitTestProject.CurrencyHelperTests" name="FormatToStringTest1000" />
    </UnitTest>
    <UnitTest name="xUnitTestProject.CurrencyHelperTests.FormatToStringTest1000(price: 58191.92113629585, expected: &quot;58191.92 zł&quot;)" storage="c:\projekty\xunittestproject\bin\debug\netcoreapp3.1\xunittestproject.dll" id="f2b68a15-ef7c-c26b-ffdd-eb9ae7067bca">
      <Execution id="cb1fe297-cf99-4f78-ac0e-38508fe5f121" />
      <TestMethod codeBase="C:\Projekty\xUnitTestProject\bin\Debug\netcoreapp3.1\xUnitTestProject.dll" adapterTypeName="executor://xunit/VsTestRunner2/netcoreapp" className="xUnitTestProject.CurrencyHelperTests" name="FormatToStringTest1000" />
    </UnitTest>
    <UnitTest name="xUnitTestProject.CurrencyHelperTests.FormatToStringTest1000(price: 2751.3751475258614, expected: &quot;2751.38 zł&quot;)" storage="c:\projekty\xunittestproject\bin\debug\netcoreapp3.1\xunittestproject.dll" id="8f93d79c-66e7-77f7-7d43-554a5055be47">
      <Execution id="dd37d1e0-66c7-4fbd-8992-aa86f507b1c1" />
      <TestMethod codeBase="C:\Projekty\xUnitTestProject\bin\Debug\netcoreapp3.1\xUnitTestProject.dll" adapterTypeName="executor://xunit/VsTestRunner2/netcoreapp" className="xUnitTestProject.CurrencyHelperTests" name="FormatToStringTest1000" />
    </UnitTest>
    <UnitTest name="xUnitTestProject.CurrencyHelperTests.FormatToStringTest1000(price: 3195.202943510936, expected: &quot;3195.20 zł&quot;)" storage="c:\projekty\xunittestproject\bin\debug\netcoreapp3.1\xunittestproject.dll" id="67b93cbf-4a61-71bd-d4ce-d603f3c3b311">
      <Execution id="be3d955d-bc74-46a8-9f82-a1a622d8e52c" />
      <TestMethod codeBase="C:\Projekty\xUnitTestProject\bin\Debug\netcoreapp3.1\xUnitTestProject.dll" adapterTypeName="executor://xunit/VsTestRunner2/netcoreapp" className="xUnitTestProject.CurrencyHelperTests" name="FormatToStringTest1000" />
    </UnitTest>
    <UnitTest name="xUnitTestProject.CurrencyHelperTests.FormatToStringTest1000(price: 26133.133789601336, expected: &quot;26133.13 zł&quot;)" storage="c:\projekty\xunittestproject\bin\debug\netcoreapp3.1\xunittestproject.dll" id="bfee474b-216b-2c15-15a7-0adadfd388fb">
      <Execution id="e1d540e5-c6a2-4e17-b491-115dae302f46" />
      <TestMethod codeBase="C:\Projekty\xUnitTestProject\bin\Debug\netcoreapp3.1\xUnitTestProject.dll" adapterTypeName="executor://xunit/VsTestRunner2/netcoreapp" className="xUnitTestProject.CurrencyHelperTests" name="FormatToStringTest1000" />
    </UnitTest>
    <UnitTest name="xUnitTestProject.CurrencyHelperTests.FormatToStringTest1000(price: 37.631227987646696, expected: &quot;37.63 zł&quot;)" storage="c:\projekty\xunittestproject\bin\debug\netcoreapp3.1\xunittestproject.dll" id="647d0f12-f39c-4459-8e85-bad3059c7bbf">
      <Execution id="9abba2d3-4176-496b-82c6-1d1e42a1ff0e" />
      <TestMethod codeBase="C:\Projekty\xUnitTestProject\bin\Debug\netcoreapp3.1\xUnitTestProject.dll" adapterTypeName="executor://xunit/VsTestRunner2/netcoreapp" className="xUnitTestProject.CurrencyHelperTests" name="FormatToStringTest1000" />
    </UnitTest>
    <UnitTest name="xUnitTestProject.CurrencyHelperTests.FormatToStringTest1000(price: 19392.945535027862, expected: &quot;19392.95 zł&quot;)" storage="c:\projekty\xunittestproject\bin\debug\netcoreapp3.1\xunittestproject.dll" id="b9aabaf1-a1cb-6124-f2ee-69eb1bbe949b">
      <Execution id="80d5b190-dce3-4151-8a72-154aa1b748c6" />
      <TestMethod codeBase="C:\Projekty\xUnitTestProject\bin\Debug\netcoreapp3.1\xUnitTestProject.dll" adapterTypeName="executor://xunit/VsTestRunner2/netcoreapp" className="xUnitTestProject.CurrencyHelperTests" name="FormatToStringTest1000" />
    </UnitTest>
    <UnitTest name="xUnitTestProject.CurrencyHelperTests.FormatToStringTest1000(price: 16030.852371789913, expected: &quot;16030.85 zł&quot;)" storage="c:\projekty\xunittestproject\bin\debug\netcoreapp3.1\xunittestproject.dll" id="48499d12-acd9-8513-1f00-a2b49278b2fc">
      <Execution id="e965e35c-f158-43ef-9ac8-0dfdd08150a7" />
      <TestMethod codeBase="C:\Projekty\xUnitTestProject\bin\Debug\netcoreapp3.1\xUnitTestProject.dll" adapterTypeName="executor://xunit/VsTestRunner2/netcoreapp" className="xUnitTestProject.CurrencyHelperTests" name="FormatToStringTest1000" />
    </UnitTest>
    <UnitTest name="xUnitTestProject.CurrencyHelperTests.FormatToStringTest1000(price: 14035.12972514477, expected: &quot;14035.13 zł&quot;)" storage="c:\projekty\xunittestproject\bin\debug\netcoreapp3.1\xunittestproject.dll" id="d4b7a26e-ed5a-1e37-a00a-e21284ce265b">
      <Execution id="39c7c45c-acdb-4743-9a37-8f36f8662d3b" />
      <TestMethod codeBase="C:\Projekty\xUnitTestProject\bin\Debug\netcoreapp3.1\xUnitTestProject.dll" adapterTypeName="executor://xunit/VsTestRunner2/netcoreapp" className="xUnitTestProject.CurrencyHelperTests" name="FormatToStringTest1000" />
    </UnitTest>
    <UnitTest name="xUnitTestProject.CurrencyHelperTests.FormatToStringTest1000(price: 8644.187977380207, expected: &quot;8644.19 zł&quot;)" storage="c:\projekty\xunittestproject\bin\debug\netcoreapp3.1\xunittestproject.dll" id="83240b81-a0ee-d801-c63e-6e722955f2f1">
      <Execution id="6133a2d8-5a2d-4dc7-b6b9-c29805e2d997" />
      <TestMethod codeBase="C:\Projekty\xUnitTestProject\bin\Debug\netcoreapp3.1\xUnitTestProject.dll" adapterTypeName="executor://xunit/VsTestRunner2/netcoreapp" className="xUnitTestProject.CurrencyHelperTests" name="FormatToStringTest1000" />
    </UnitTest>
    <UnitTest name="xUnitTestProject.CurrencyHelperTests.FormatToStringTest1000(price: 23023.74724929768, expected: &quot;23023.75 zł&quot;)" storage="c:\projekty\xunittestproject\bin\debug\netcoreapp3.1\xunittestproject.dll" id="58fbd806-2ce4-1de9-b5f6-010d0ee1cbfa">
      <Execution id="bbf31dc9-24d9-4fc6-bb9c-1ff1ec0eab49" />
      <TestMethod codeBase="C:\Projekty\xUnitTestProject\bin\Debug\netcoreapp3.1\xUnitTestProject.dll" adapterTypeName="executor://xunit/VsTestRunner2/netcoreapp" className="xUnitTestProject.CurrencyHelperTests" name="FormatToStringTest1000" />
    </UnitTest>
    <UnitTest name="xUnitTestProject.CurrencyHelperTests.FormatToStringTest1000(price: 835.1578487740633, expected: &quot;835.16 zł&quot;)" storage="c:\projekty\xunittestproject\bin\debug\netcoreapp3.1\xunittestproject.dll" id="c9fc2c85-cd6b-22aa-0e63-9afbfb8c152b">
      <Execution id="6209c478-e53f-4167-ae3f-22fcbc518681" />
      <TestMethod codeBase="C:\Projekty\xUnitTestProject\bin\Debug\netcoreapp3.1\xUnitTestProject.dll" adapterTypeName="executor://xunit/VsTestRunner2/netcoreapp" className="xUnitTestProject.CurrencyHelperTests" name="FormatToStringTest1000" />
    </UnitTest>
    <UnitTest name="xUnitTestProject.CurrencyHelperTests.FormatToStringTest1000(price: 22017.250119325356, expected: &quot;22017.25 zł&quot;)" storage="c:\projekty\xunittestproject\bin\debug\netcoreapp3.1\xunittestproject.dll" id="181c235a-8f4f-6777-859c-d2eff1a2ae91">
      <Execution id="82443457-89fb-450a-9778-7517883cddbe" />
      <TestMethod codeBase="C:\Projekty\xUnitTestProject\bin\Debug\netcoreapp3.1\xUnitTestProject.dll" adapterTypeName="executor://xunit/VsTestRunner2/netcoreapp" className="xUnitTestProject.CurrencyHelperTests" name="FormatToStringTest1000" />
    </UnitTest>
    <UnitTest name="xUnitTestProject.CurrencyHelperTests.FormatToStringTest1000(price: 115.26302841131717, expected: &quot;115.26 zł&quot;)" storage="c:\projekty\xunittestproject\bin\debug\netcoreapp3.1\xunittestproject.dll" id="5d30b17d-1a70-2e78-f289-4e82f0d205e6">
      <Execution id="fedd24d0-8175-4ced-812d-a70b55d6b559" />
      <TestMethod codeBase="C:\Projekty\xUnitTestProject\bin\Debug\netcoreapp3.1\xUnitTestProject.dll" adapterTypeName="executor://xunit/VsTestRunner2/netcoreapp" className="xUnitTestProject.CurrencyHelperTests" name="FormatToStringTest1000" />
    </UnitTest>
    <UnitTest name="xUnitTestProject.CurrencyHelperTests.FormatToStringTest1000(price: 14172.682747822573, expected: &quot;14172.68 zł&quot;)" storage="c:\projekty\xunittestproject\bin\debug\netcoreapp3.1\xunittestproject.dll" id="fdb8f5e8-aebb-9f4d-e956-1151e0f88117">
      <Execution id="a41560ef-f67c-49f9-a98e-577433a3a7f6" />
      <TestMethod codeBase="C:\Projekty\xUnitTestProject\bin\Debug\netcoreapp3.1\xUnitTestProject.dll" adapterTypeName="executor://xunit/VsTestRunner2/netcoreapp" className="xUnitTestProject.CurrencyHelperTests" name="FormatToStringTest1000" />
    </UnitTest>
    <UnitTest name="xUnitTestProject.CurrencyHelperTests.FormatToStringTest1000(price: 918.1842976688334, expected: &quot;918.18 zł&quot;)" storage="c:\projekty\xunittestproject\bin\debug\netcoreapp3.1\xunittestproject.dll" id="e3eba5d2-93a0-e22e-731e-ed52218ff16c">
      <Execution id="c0971c03-7327-4a81-b1c4-ea5c1b7a8afe" />
      <TestMethod codeBase="C:\Projekty\xUnitTestProject\bin\Debug\netcoreapp3.1\xUnitTestProject.dll" adapterTypeName="executor://xunit/VsTestRunner2/netcoreapp" className="xUnitTestProject.CurrencyHelperTests" name="FormatToStringTest1000" />
    </UnitTest>
    <UnitTest name="xUnitTestProject.CurrencyHelperTests.FormatToStringTest1000(price: 34021.1384072961, expected: &quot;34021.14 zł&quot;)" storage="c:\projekty\xunittestproject\bin\debug\netcoreapp3.1\xunittestproject.dll" id="6c083eac-7cf7-3a47-1845-0ff85783e0c1">
      <Execution id="894ec366-affc-4947-b364-453e963d2abd" />
      <TestMethod codeBase="C:\Projekty\xUnitTestProject\bin\Debug\netcoreapp3.1\xUnitTestProject.dll" adapterTypeName="executor://xunit/VsTestRunner2/netcoreapp" className="xUnitTestProject.CurrencyHelperTests" name="FormatToStringTest1000" />
    </UnitTest>
    <UnitTest name="xUnitTestProject.CurrencyHelperTests.FormatToStringTest1000(price: 1799.2562459103092, expected: &quot;1799.26 zł&quot;)" storage="c:\projekty\xunittestproject\bin\debug\netcoreapp3.1\xunittestproject.dll" id="86ad28ff-91bc-6dfc-4b29-d680c9d331eb">
      <Execution id="983c9e99-0ad0-40fa-a928-080741bb934c" />
      <TestMethod codeBase="C:\Projekty\xUnitTestProject\bin\Debug\netcoreapp3.1\xUnitTestProject.dll" adapterTypeName="executor://xunit/VsTestRunner2/netcoreapp" className="xUnitTestProject.CurrencyHelperTests" name="FormatToStringTest1000" />
    </UnitTest>
    <UnitTest name="xUnitTestProject.CurrencyHelperTests.FormatToStringTest1000(price: 30034.922435005625, expected: &quot;30034.92 zł&quot;)" storage="c:\projekty\xunittestproject\bin\debug\netcoreapp3.1\xunittestproject.dll" id="bfe24180-c0ac-b24a-c731-fe26d6138983">
      <Execution id="bdaf7c7c-1cdb-4aab-93c5-faa111ec6b9a" />
      <TestMethod codeBase="C:\Projekty\xUnitTestProject\bin\Debug\netcoreapp3.1\xUnitTestProject.dll" adapterTypeName="executor://xunit/VsTestRunner2/netcoreapp" className="xUnitTestProject.CurrencyHelperTests" name="FormatToStringTest1000" />
    </UnitTest>
    <UnitTest name="xUnitTestProject.CurrencyHelperTests.FormatToStringTest1000(price: 15742.409864349947, expected: &quot;15742.41 zł&quot;)" storage="c:\projekty\xunittestproject\bin\debug\netcoreapp3.1\xunittestproject.dll" id="4d5be905-ae12-4fb4-1d65-7b8d91a9be3a">
      <Execution id="c3f9c8cc-de24-44f6-a536-362bdbbf5d0b" />
      <TestMethod codeBase="C:\Projekty\xUnitTestProject\bin\Debug\netcoreapp3.1\xUnitTestProject.dll" adapterTypeName="executor://xunit/VsTestRunner2/netcoreapp" className="xUnitTestProject.CurrencyHelperTests" name="FormatToStringTest1000" />
    </UnitTest>
    <UnitTest name="xUnitTestProject.CurrencyHelperTests.FormatToStringTest1000(price: 1187.8237780126854, expected: &quot;1187.82 zł&quot;)" storage="c:\projekty\xunittestproject\bin\debug\netcoreapp3.1\xunittestproject.dll" id="b9b36c19-155c-ac46-851c-623393903657">
      <Execution id="a456bd61-5a80-433b-9bd1-097aa1633583" />
      <TestMethod codeBase="C:\Projekty\xUnitTestProject\bin\Debug\netcoreapp3.1\xUnitTestProject.dll" adapterTypeName="executor://xunit/VsTestRunner2/netcoreapp" className="xUnitTestProject.CurrencyHelperTests" name="FormatToStringTest1000" />
    </UnitTest>
    <UnitTest name="xUnitTestProject.CurrencyHelperTests.FormatToStringTest1000(price: 21221.884746198488, expected: &quot;21221.88 zł&quot;)" storage="c:\projekty\xunittestproject\bin\debug\netcoreapp3.1\xunittestproject.dll" id="d0528706-3be3-396a-77f7-4d1c86caa17a">
      <Execution id="609e3f6a-3c2e-49cb-9a09-497bbca2b04d" />
      <TestMethod codeBase="C:\Projekty\xUnitTestProject\bin\Debug\netcoreapp3.1\xUnitTestProject.dll" adapterTypeName="executor://xunit/VsTestRunner2/netcoreapp" className="xUnitTestProject.CurrencyHelperTests" name="FormatToStringTest1000" />
    </UnitTest>
    <UnitTest name="xUnitTestProject.CurrencyHelperTests.FormatToStringTest1000(price: 47964.941885361884, expected: &quot;47964.94 zł&quot;)" storage="c:\projekty\xunittestproject\bin\debug\netcoreapp3.1\xunittestproject.dll" id="56eb6a9f-6cb4-2abe-d7ee-7e044f42c842">
      <Execution id="dc260d1c-678e-47e0-a442-3d33cb4873e7" />
      <TestMethod codeBase="C:\Projekty\xUnitTestProject\bin\Debug\netcoreapp3.1\xUnitTestProject.dll" adapterTypeName="executor://xunit/VsTestRunner2/netcoreapp" className="xUnitTestProject.CurrencyHelperTests" name="FormatToStringTest1000" />
    </UnitTest>
    <UnitTest name="xUnitTestProject.CurrencyHelperTests.FormatToStringTest1000(price: 64490.52771614982, expected: &quot;64490.53 zł&quot;)" storage="c:\projekty\xunittestproject\bin\debug\netcoreapp3.1\xunittestproject.dll" id="a9730862-4522-ad92-1efa-cb822a9c946d">
      <Execution id="716e5976-ead1-47f4-8ff1-1c7adea4d594" />
      <TestMethod codeBase="C:\Projekty\xUnitTestProject\bin\Debug\netcoreapp3.1\xUnitTestProject.dll" adapterTypeName="executor://xunit/VsTestRunner2/netcoreapp" className="xUnitTestProject.CurrencyHelperTests" name="FormatToStringTest1000" />
    </UnitTest>
    <UnitTest name="xUnitTestProject.CurrencyHelperTests.FormatToStringTest1000(price: 12949.590713378317, expected: &quot;12949.59 zł&quot;)" storage="c:\projekty\xunittestproject\bin\debug\netcoreapp3.1\xunittestproject.dll" id="f962f016-220b-dd5b-3c75-15629456e786">
      <Execution id="dbf5a8e0-f6d9-4833-b248-c8b72d6795ed" />
      <TestMethod codeBase="C:\Projekty\xUnitTestProject\bin\Debug\netcoreapp3.1\xUnitTestProject.dll" adapterTypeName="executor://xunit/VsTestRunner2/netcoreapp" className="xUnitTestProject.CurrencyHelperTests" name="FormatToStringTest1000" />
    </UnitTest>
    <UnitTest name="xUnitTestProject.CurrencyHelperTests.FormatToStringTest1000(price: 15414.175096961751, expected: &quot;15414.18 zł&quot;)" storage="c:\projekty\xunittestproject\bin\debug\netcoreapp3.1\xunittestproject.dll" id="6bf29abc-b7d1-2681-6ab5-01a37d1208f2">
      <Execution id="734bf28a-a9ba-4120-b8a9-8e08283d40de" />
      <TestMethod codeBase="C:\Projekty\xUnitTestProject\bin\Debug\netcoreapp3.1\xUnitTestProject.dll" adapterTypeName="executor://xunit/VsTestRunner2/netcoreapp" className="xUnitTestProject.CurrencyHelperTests" name="FormatToStringTest1000" />
    </UnitTest>
    <UnitTest name="xUnitTestProject.CurrencyHelperTests.FormatToStringTest1000(price: 11624.834848273003, expected: &quot;11624.83 zł&quot;)" storage="c:\projekty\xunittestproject\bin\debug\netcoreapp3.1\xunittestproject.dll" id="eb1e2ccd-822e-57b0-f5e5-7fc8ed277803">
      <Execution id="9f43e516-1a8c-4d0f-bceb-42323409a828" />
      <TestMethod codeBase="C:\Projekty\xUnitTestProject\bin\Debug\netcoreapp3.1\xUnitTestProject.dll" adapterTypeName="executor://xunit/VsTestRunner2/netcoreapp" className="xUnitTestProject.CurrencyHelperTests" name="FormatToStringTest1000" />
    </UnitTest>
    <UnitTest name="xUnitTestProject.CurrencyHelperTests.FormatToStringTest1000(price: 75162.39407669863, expected: &quot;75162.39 zł&quot;)" storage="c:\projekty\xunittestproject\bin\debug\netcoreapp3.1\xunittestproject.dll" id="9b9cb762-c5b9-fbcf-33f7-2ca2d3e98b42">
      <Execution id="8e9a1167-41fa-421b-9d04-38f68ced74d7" />
      <TestMethod codeBase="C:\Projekty\xUnitTestProject\bin\Debug\netcoreapp3.1\xUnitTestProject.dll" adapterTypeName="executor://xunit/VsTestRunner2/netcoreapp" className="xUnitTestProject.CurrencyHelperTests" name="FormatToStringTest1000" />
    </UnitTest>
    <UnitTest name="xUnitTestProject.CurrencyHelperTests.FormatToStringTest1000(price: 1549.6599114973376, expected: &quot;1549.66 zł&quot;)" storage="c:\projekty\xunittestproject\bin\debug\netcoreapp3.1\xunittestproject.dll" id="594ca00d-02cf-07de-ca25-0d701d72a0a6">
      <Execution id="933f09bc-cf6b-4614-b1f2-b69c8217eb59" />
      <TestMethod codeBase="C:\Projekty\xUnitTestProject\bin\Debug\netcoreapp3.1\xUnitTestProject.dll" adapterTypeName="executor://xunit/VsTestRunner2/netcoreapp" className="xUnitTestProject.CurrencyHelperTests" name="FormatToStringTest1000" />
    </UnitTest>
    <UnitTest name="xUnitTestProject.CurrencyHelperTests.FormatToStringTest1000(price: 7396.940188290057, expected: &quot;7396.94 zł&quot;)" storage="c:\projekty\xunittestproject\bin\debug\netcoreapp3.1\xunittestproject.dll" id="d13187c3-6513-b7ca-7370-507380fe2c88">
      <Execution id="70c2d7ef-c7b9-4faa-b915-165fd48a2c4d" />
      <TestMethod codeBase="C:\Projekty\xUnitTestProject\bin\Debug\netcoreapp3.1\xUnitTestProject.dll" adapterTypeName="executor://xunit/VsTestRunner2/netcoreapp" className="xUnitTestProject.CurrencyHelperTests" name="FormatToStringTest1000" />
    </UnitTest>
    <UnitTest name="xUnitTestProject.CurrencyHelperTests.FormatToStringTest1000(price: 50339.31259969497, expected: &quot;50339.31 zł&quot;)" storage="c:\projekty\xunittestproject\bin\debug\netcoreapp3.1\xunittestproject.dll" id="80d3734c-ba9f-0770-a478-3dd6f9b70cb0">
      <Execution id="93244b0a-f3a2-41d9-8887-69dc5ca4d948" />
      <TestMethod codeBase="C:\Projekty\xUnitTestProject\bin\Debug\netcoreapp3.1\xUnitTestProject.dll" adapterTypeName="executor://xunit/VsTestRunner2/netcoreapp" className="xUnitTestProject.CurrencyHelperTests" name="FormatToStringTest1000" />
    </UnitTest>
    <UnitTest name="xUnitTestProject.CurrencyHelperTests.FormatToStringTest1000(price: 25036.98767214035, expected: &quot;25036.99 zł&quot;)" storage="c:\projekty\xunittestproject\bin\debug\netcoreapp3.1\xunittestproject.dll" id="5a63deb4-703f-d2ca-862c-112038163809">
      <Execution id="98e190d5-5200-48b5-bfd7-8465d4cc238a" />
      <TestMethod codeBase="C:\Projekty\xUnitTestProject\bin\Debug\netcoreapp3.1\xUnitTestProject.dll" adapterTypeName="executor://xunit/VsTestRunner2/netcoreapp" className="xUnitTestProject.CurrencyHelperTests" name="FormatToStringTest1000" />
    </UnitTest>
    <UnitTest name="xUnitTestProject.CurrencyHelperTests.FormatToStringTest1000(price: 13286.856387228174, expected: &quot;13286.86 zł&quot;)" storage="c:\projekty\xunittestproject\bin\debug\netcoreapp3.1\xunittestproject.dll" id="8181cd4b-8454-73ed-8ced-01a1dc2b25c3">
      <Execution id="8982f689-f250-4fd3-b80a-4ab21b61f5ce" />
      <TestMethod codeBase="C:\Projekty\xUnitTestProject\bin\Debug\netcoreapp3.1\xUnitTestProject.dll" adapterTypeName="executor://xunit/VsTestRunner2/netcoreapp" className="xUnitTestProject.CurrencyHelperTests" name="FormatToStringTest1000" />
    </UnitTest>
    <UnitTest name="xUnitTestProject.CurrencyHelperTests.FormatToStringTest1000(price: 22197.731451777618, expected: &quot;22197.73 zł&quot;)" storage="c:\projekty\xunittestproject\bin\debug\netcoreapp3.1\xunittestproject.dll" id="bfdd6bca-a34f-47f5-eae8-5d12e496bd00">
      <Execution id="440592e3-57a4-401e-9f59-bd5a978ad0cf" />
      <TestMethod codeBase="C:\Projekty\xUnitTestProject\bin\Debug\netcoreapp3.1\xUnitTestProject.dll" adapterTypeName="executor://xunit/VsTestRunner2/netcoreapp" className="xUnitTestProject.CurrencyHelperTests" name="FormatToStringTest1000" />
    </UnitTest>
    <UnitTest name="xUnitTestProject.CurrencyHelperTests.FormatToStringTest1000(price: 31424.298858482067, expected: &quot;31424.30 zł&quot;)" storage="c:\projekty\xunittestproject\bin\debug\netcoreapp3.1\xunittestproject.dll" id="06022d11-491a-4f0d-4482-3457e9003d33">
      <Execution id="909f9f66-883c-4ba0-b242-271eaecb68bf" />
      <TestMethod codeBase="C:\Projekty\xUnitTestProject\bin\Debug\netcoreapp3.1\xUnitTestProject.dll" adapterTypeName="executor://xunit/VsTestRunner2/netcoreapp" className="xUnitTestProject.CurrencyHelperTests" name="FormatToStringTest1000" />
    </UnitTest>
    <UnitTest name="xUnitTestProject.CurrencyHelperTests.FormatToStringTest1000(price: 32732.81915128502, expected: &quot;32732.82 zł&quot;)" storage="c:\projekty\xunittestproject\bin\debug\netcoreapp3.1\xunittestproject.dll" id="b6d907a4-489e-cb15-8555-a5c35fcc0ce1">
      <Execution id="9ece73e5-59ab-41f3-9a2e-2b0ee2ea747c" />
      <TestMethod codeBase="C:\Projekty\xUnitTestProject\bin\Debug\netcoreapp3.1\xUnitTestProject.dll" adapterTypeName="executor://xunit/VsTestRunner2/netcoreapp" className="xUnitTestProject.CurrencyHelperTests" name="FormatToStringTest1000" />
    </UnitTest>
    <UnitTest name="xUnitTestProject.CurrencyHelperTests.FormatToStringTest1000(price: 29508.077101491428, expected: &quot;29508.08 zł&quot;)" storage="c:\projekty\xunittestproject\bin\debug\netcoreapp3.1\xunittestproject.dll" id="c1457a00-5932-b692-d468-5af96619c895">
      <Execution id="44df7b0c-50d4-4838-b2b0-6b6d3957077d" />
      <TestMethod codeBase="C:\Projekty\xUnitTestProject\bin\Debug\netcoreapp3.1\xUnitTestProject.dll" adapterTypeName="executor://xunit/VsTestRunner2/netcoreapp" className="xUnitTestProject.CurrencyHelperTests" name="FormatToStringTest1000" />
    </UnitTest>
    <UnitTest name="xUnitTestProject.CurrencyHelperTests.FormatToStringTest1000(price: 386.358918903097, expected: &quot;386.36 zł&quot;)" storage="c:\projekty\xunittestproject\bin\debug\netcoreapp3.1\xunittestproject.dll" id="cb9f49fb-58b9-06a6-2d40-6492ed02487d">
      <Execution id="ab2a4fb3-a68e-4806-8360-ea18dade1fc9" />
      <TestMethod codeBase="C:\Projekty\xUnitTestProject\bin\Debug\netcoreapp3.1\xUnitTestProject.dll" adapterTypeName="executor://xunit/VsTestRunner2/netcoreapp" className="xUnitTestProject.CurrencyHelperTests" name="FormatToStringTest1000" />
    </UnitTest>
    <UnitTest name="xUnitTestProject.CurrencyHelperTests.FormatToStringTest1000(price: 21961.272673999552, expected: &quot;21961.27 zł&quot;)" storage="c:\projekty\xunittestproject\bin\debug\netcoreapp3.1\xunittestproject.dll" id="8e957c61-833e-a0b8-17c9-5e56071d3f70">
      <Execution id="06525856-b5e9-4814-aeb0-1d9e16410c97" />
      <TestMethod codeBase="C:\Projekty\xUnitTestProject\bin\Debug\netcoreapp3.1\xUnitTestProject.dll" adapterTypeName="executor://xunit/VsTestRunner2/netcoreapp" className="xUnitTestProject.CurrencyHelperTests" name="FormatToStringTest1000" />
    </UnitTest>
    <UnitTest name="xUnitTestProject.CurrencyHelperTests.FormatToStringTest1000(price: 47575.6421269959, expected: &quot;47575.64 zł&quot;)" storage="c:\projekty\xunittestproject\bin\debug\netcoreapp3.1\xunittestproject.dll" id="5ba87170-b4be-88ce-9658-2993ce18ab0a">
      <Execution id="4e3ec303-6af2-48d3-91e8-d11884f6fa96" />
      <TestMethod codeBase="C:\Projekty\xUnitTestProject\bin\Debug\netcoreapp3.1\xUnitTestProject.dll" adapterTypeName="executor://xunit/VsTestRunner2/netcoreapp" className="xUnitTestProject.CurrencyHelperTests" name="FormatToStringTest1000" />
    </UnitTest>
    <UnitTest name="xUnitTestProject.CurrencyHelperTests.FormatToStringTest1000(price: 12283.48626129026, expected: &quot;12283.49 zł&quot;)" storage="c:\projekty\xunittestproject\bin\debug\netcoreapp3.1\xunittestproject.dll" id="73d2aaa8-ac83-ede5-fed4-5dcf1194783f">
      <Execution id="70c208cc-8892-4b7d-b7de-fe657dd41c1f" />
      <TestMethod codeBase="C:\Projekty\xUnitTestProject\bin\Debug\netcoreapp3.1\xUnitTestProject.dll" adapterTypeName="executor://xunit/VsTestRunner2/netcoreapp" className="xUnitTestProject.CurrencyHelperTests" name="FormatToStringTest1000" />
    </UnitTest>
    <UnitTest name="xUnitTestProject.CurrencyHelperTests.FormatToStringTest1000(price: 16688.70569393677, expected: &quot;16688.71 zł&quot;)" storage="c:\projekty\xunittestproject\bin\debug\netcoreapp3.1\xunittestproject.dll" id="e6d7e4bb-8f4e-56e2-712f-a2453f4d8f71">
      <Execution id="0f692fd0-eaa9-4032-8b0f-e841fbdd7e2e" />
      <TestMethod codeBase="C:\Projekty\xUnitTestProject\bin\Debug\netcoreapp3.1\xUnitTestProject.dll" adapterTypeName="executor://xunit/VsTestRunner2/netcoreapp" className="xUnitTestProject.CurrencyHelperTests" name="FormatToStringTest1000" />
    </UnitTest>
    <UnitTest name="xUnitTestProject.CurrencyHelperTests.FormatToStringTest1000(price: 26174.290999793586, expected: &quot;26174.29 zł&quot;)" storage="c:\projekty\xunittestproject\bin\debug\netcoreapp3.1\xunittestproject.dll" id="4b152625-d247-2206-1bc2-f59ef3dda4ef">
      <Execution id="32f802e0-8885-45f7-9293-23125df65a7f" />
      <TestMethod codeBase="C:\Projekty\xUnitTestProject\bin\Debug\netcoreapp3.1\xUnitTestProject.dll" adapterTypeName="executor://xunit/VsTestRunner2/netcoreapp" className="xUnitTestProject.CurrencyHelperTests" name="FormatToStringTest1000" />
    </UnitTest>
    <UnitTest name="xUnitTestProject.CurrencyHelperTests.FormatToStringTest1000(price: 4002.4180488374172, expected: &quot;4002.42 zł&quot;)" storage="c:\projekty\xunittestproject\bin\debug\netcoreapp3.1\xunittestproject.dll" id="1006d1f0-5b29-3f16-0e5d-80a2a40c26e6">
      <Execution id="5b8e2bbe-6b06-4ea7-945f-b65471d33896" />
      <TestMethod codeBase="C:\Projekty\xUnitTestProject\bin\Debug\netcoreapp3.1\xUnitTestProject.dll" adapterTypeName="executor://xunit/VsTestRunner2/netcoreapp" className="xUnitTestProject.CurrencyHelperTests" name="FormatToStringTest1000" />
    </UnitTest>
    <UnitTest name="xUnitTestProject.CurrencyHelperTests.FormatToStringTest1000(price: 16208.076866391615, expected: &quot;16208.08 zł&quot;)" storage="c:\projekty\xunittestproject\bin\debug\netcoreapp3.1\xunittestproject.dll" id="128fe360-ca56-c4c9-0f07-7350435e34a3">
      <Execution id="4820bbe0-0f17-461d-8a36-ae343e7aedac" />
      <TestMethod codeBase="C:\Projekty\xUnitTestProject\bin\Debug\netcoreapp3.1\xUnitTestProject.dll" adapterTypeName="executor://xunit/VsTestRunner2/netcoreapp" className="xUnitTestProject.CurrencyHelperTests" name="FormatToStringTest1000" />
    </UnitTest>
    <UnitTest name="xUnitTestProject.CurrencyHelperTests.FormatToStringTest1000(price: 23980.12943509646, expected: &quot;23980.13 zł&quot;)" storage="c:\projekty\xunittestproject\bin\debug\netcoreapp3.1\xunittestproject.dll" id="c0622c05-a365-df5b-d83a-27dce2d844ee">
      <Execution id="4baf5146-2451-49a8-961c-f6887b7ff6e9" />
      <TestMethod codeBase="C:\Projekty\xUnitTestProject\bin\Debug\netcoreapp3.1\xUnitTestProject.dll" adapterTypeName="executor://xunit/VsTestRunner2/netcoreapp" className="xUnitTestProject.CurrencyHelperTests" name="FormatToStringTest1000" />
    </UnitTest>
    <UnitTest name="xUnitTestProject.CurrencyHelperTests.FormatToStringTest1000(price: 77919.64716867341, expected: &quot;77919.65 zł&quot;)" storage="c:\projekty\xunittestproject\bin\debug\netcoreapp3.1\xunittestproject.dll" id="5de12653-1f5a-24cb-5ff2-99601694fb1f">
      <Execution id="a97a8612-cebe-4d46-b366-2a0dc804975f" />
      <TestMethod codeBase="C:\Projekty\xUnitTestProject\bin\Debug\netcoreapp3.1\xUnitTestProject.dll" adapterTypeName="executor://xunit/VsTestRunner2/netcoreapp" className="xUnitTestProject.CurrencyHelperTests" name="FormatToStringTest1000" />
    </UnitTest>
    <UnitTest name="xUnitTestProject.CurrencyHelperTests.FormatToStringTest1000(price: 20012.898273490322, expected: &quot;20012.90 zł&quot;)" storage="c:\projekty\xunittestproject\bin\debug\netcoreapp3.1\xunittestproject.dll" id="5200e545-dbbb-62af-891d-31499a618a0e">
      <Execution id="bf18c8cc-2c18-4e2a-9b80-a1f0a4b8ce09" />
      <TestMethod codeBase="C:\Projekty\xUnitTestProject\bin\Debug\netcoreapp3.1\xUnitTestProject.dll" adapterTypeName="executor://xunit/VsTestRunner2/netcoreapp" className="xUnitTestProject.CurrencyHelperTests" name="FormatToStringTest1000" />
    </UnitTest>
    <UnitTest name="xUnitTestProject.CurrencyHelperTests.FormatToStringTest1000(price: 5978.1197194131655, expected: &quot;5978.12 zł&quot;)" storage="c:\projekty\xunittestproject\bin\debug\netcoreapp3.1\xunittestproject.dll" id="124aa2c1-a584-951a-b578-c58272b94396">
      <Execution id="6f9e2400-9c69-4c1e-82f5-06e72142dfd6" />
      <TestMethod codeBase="C:\Projekty\xUnitTestProject\bin\Debug\netcoreapp3.1\xUnitTestProject.dll" adapterTypeName="executor://xunit/VsTestRunner2/netcoreapp" className="xUnitTestProject.CurrencyHelperTests" name="FormatToStringTest1000" />
    </UnitTest>
    <UnitTest name="xUnitTestProject.CurrencyHelperTests.FormatToStringTest1000(price: 17988.455793307843, expected: &quot;17988.46 zł&quot;)" storage="c:\projekty\xunittestproject\bin\debug\netcoreapp3.1\xunittestproject.dll" id="6837dba7-40c4-9f70-ea2b-82f5a35b378d">
      <Execution id="e248a347-da32-49bd-8658-0886baba4972" />
      <TestMethod codeBase="C:\Projekty\xUnitTestProject\bin\Debug\netcoreapp3.1\xUnitTestProject.dll" adapterTypeName="executor://xunit/VsTestRunner2/netcoreapp" className="xUnitTestProject.CurrencyHelperTests" name="FormatToStringTest1000" />
    </UnitTest>
    <UnitTest name="xUnitTestProject.CurrencyHelperTests.FormatToStringTest1000(price: 22799.991836491965, expected: &quot;22799.99 zł&quot;)" storage="c:\projekty\xunittestproject\bin\debug\netcoreapp3.1\xunittestproject.dll" id="681b18e6-8ac3-1647-8149-58844d19cdf1">
      <Execution id="68132aa4-f7a7-4e23-8cd1-eba410e5bd99" />
      <TestMethod codeBase="C:\Projekty\xUnitTestProject\bin\Debug\netcoreapp3.1\xUnitTestProject.dll" adapterTypeName="executor://xunit/VsTestRunner2/netcoreapp" className="xUnitTestProject.CurrencyHelperTests" name="FormatToStringTest1000" />
    </UnitTest>
    <UnitTest name="xUnitTestProject.CurrencyHelperTests.FormatToStringTest1000(price: 79.6815319544084, expected: &quot;79.68 zł&quot;)" storage="c:\projekty\xunittestproject\bin\debug\netcoreapp3.1\xunittestproject.dll" id="7729c68a-38c8-f8ce-da09-5022e186685c">
      <Execution id="07ca593f-f094-42b8-8d8a-c3584d32edca" />
      <TestMethod codeBase="C:\Projekty\xUnitTestProject\bin\Debug\netcoreapp3.1\xUnitTestProject.dll" adapterTypeName="executor://xunit/VsTestRunner2/netcoreapp" className="xUnitTestProject.CurrencyHelperTests" name="FormatToStringTest1000" />
    </UnitTest>
    <UnitTest name="xUnitTestProject.CurrencyHelperTests.FormatToStringTest1000(price: 32359.431438434138, expected: &quot;32359.43 zł&quot;)" storage="c:\projekty\xunittestproject\bin\debug\netcoreapp3.1\xunittestproject.dll" id="a1a0e8aa-488b-d813-0baf-a61aa194c928">
      <Execution id="81461495-6e25-45ca-93fc-168bb5d4c5ad" />
      <TestMethod codeBase="C:\Projekty\xUnitTestProject\bin\Debug\netcoreapp3.1\xUnitTestProject.dll" adapterTypeName="executor://xunit/VsTestRunner2/netcoreapp" className="xUnitTestProject.CurrencyHelperTests" name="FormatToStringTest1000" />
    </UnitTest>
    <UnitTest name="xUnitTestProject.CurrencyHelperTests.FormatToStringTest1000(price: 81326.3340147521, expected: &quot;81326.33 zł&quot;)" storage="c:\projekty\xunittestproject\bin\debug\netcoreapp3.1\xunittestproject.dll" id="f96cba70-db37-0f83-9cd0-465945a7184e">
      <Execution id="6f743e93-4aab-4a9e-92e5-1a0f74255443" />
      <TestMethod codeBase="C:\Projekty\xUnitTestProject\bin\Debug\netcoreapp3.1\xUnitTestProject.dll" adapterTypeName="executor://xunit/VsTestRunner2/netcoreapp" className="xUnitTestProject.CurrencyHelperTests" name="FormatToStringTest1000" />
    </UnitTest>
    <UnitTest name="xUnitTestProject.CurrencyHelperTests.FormatToStringTest1000(price: 4898.699005344277, expected: &quot;4898.70 zł&quot;)" storage="c:\projekty\xunittestproject\bin\debug\netcoreapp3.1\xunittestproject.dll" id="c9dc0f3f-e108-0c1a-7cef-09dcecce5469">
      <Execution id="99048fca-6867-4c54-8a97-95b71214a1f7" />
      <TestMethod codeBase="C:\Projekty\xUnitTestProject\bin\Debug\netcoreapp3.1\xUnitTestProject.dll" adapterTypeName="executor://xunit/VsTestRunner2/netcoreapp" className="xUnitTestProject.CurrencyHelperTests" name="FormatToStringTest1000" />
    </UnitTest>
    <UnitTest name="xUnitTestProject.CurrencyHelperTests.FormatToStringTest1000(price: 52888.48934243642, expected: &quot;52888.49 zł&quot;)" storage="c:\projekty\xunittestproject\bin\debug\netcoreapp3.1\xunittestproject.dll" id="e5b31225-6687-353e-986c-a81c10574659">
      <Execution id="7ca92699-692a-4cd2-a4e6-dcdfd2e1ff7c" />
      <TestMethod codeBase="C:\Projekty\xUnitTestProject\bin\Debug\netcoreapp3.1\xUnitTestProject.dll" adapterTypeName="executor://xunit/VsTestRunner2/netcoreapp" className="xUnitTestProject.CurrencyHelperTests" name="FormatToStringTest1000" />
    </UnitTest>
    <UnitTest name="xUnitTestProject.CurrencyHelperTests.FormatToStringTest1000(price: 4592.278577496428, expected: &quot;4592.28 zł&quot;)" storage="c:\projekty\xunittestproject\bin\debug\netcoreapp3.1\xunittestproject.dll" id="256b0aa4-ca9e-f9c0-c01a-e5ce082d7933">
      <Execution id="59b53f89-30a9-4829-a1f3-82584ef1485c" />
      <TestMethod codeBase="C:\Projekty\xUnitTestProject\bin\Debug\netcoreapp3.1\xUnitTestProject.dll" adapterTypeName="executor://xunit/VsTestRunner2/netcoreapp" className="xUnitTestProject.CurrencyHelperTests" name="FormatToStringTest1000" />
    </UnitTest>
    <UnitTest name="xUnitTestProject.CurrencyHelperTests.FormatToStringTest1000(price: 70771.4436677524, expected: &quot;70771.44 zł&quot;)" storage="c:\projekty\xunittestproject\bin\debug\netcoreapp3.1\xunittestproject.dll" id="faee1a73-2321-167e-168b-f89892fb598c">
      <Execution id="584716bf-c3e0-42e2-bd66-a4e0ba440356" />
      <TestMethod codeBase="C:\Projekty\xUnitTestProject\bin\Debug\netcoreapp3.1\xUnitTestProject.dll" adapterTypeName="executor://xunit/VsTestRunner2/netcoreapp" className="xUnitTestProject.CurrencyHelperTests" name="FormatToStringTest1000" />
    </UnitTest>
    <UnitTest name="xUnitTestProject.CurrencyHelperTests.FormatToStringTest1000(price: 8851.904041135638, expected: &quot;8851.90 zł&quot;)" storage="c:\projekty\xunittestproject\bin\debug\netcoreapp3.1\xunittestproject.dll" id="d674a2b2-91f4-595f-2a5d-e8f6a4053ca1">
      <Execution id="24e4d6eb-0058-4fad-8f3e-3e2238cafae8" />
      <TestMethod codeBase="C:\Projekty\xUnitTestProject\bin\Debug\netcoreapp3.1\xUnitTestProject.dll" adapterTypeName="executor://xunit/VsTestRunner2/netcoreapp" className="xUnitTestProject.CurrencyHelperTests" name="FormatToStringTest1000" />
    </UnitTest>
    <UnitTest name="xUnitTestProject.CurrencyHelperTests.FormatToStringTest1000(price: 34084.19497795599, expected: &quot;34084.19 zł&quot;)" storage="c:\projekty\xunittestproject\bin\debug\netcoreapp3.1\xunittestproject.dll" id="a61390b2-0ec7-4d98-e7ed-b8eba6ac247d">
      <Execution id="02e780dc-3366-4c84-a169-56d0f8170d20" />
      <TestMethod codeBase="C:\Projekty\xUnitTestProject\bin\Debug\netcoreapp3.1\xUnitTestProject.dll" adapterTypeName="executor://xunit/VsTestRunner2/netcoreapp" className="xUnitTestProject.CurrencyHelperTests" name="FormatToStringTest1000" />
    </UnitTest>
    <UnitTest name="xUnitTestProject.CurrencyHelperTests.FormatToStringTest1000(price: 13541.45472935096, expected: &quot;13541.45 zł&quot;)" storage="c:\projekty\xunittestproject\bin\debug\netcoreapp3.1\xunittestproject.dll" id="72e1721e-ca6c-63c9-59ef-8aef6ff15353">
      <Execution id="77bfcd6a-f754-4dc2-8f76-01cacbd542f7" />
      <TestMethod codeBase="C:\Projekty\xUnitTestProject\bin\Debug\netcoreapp3.1\xUnitTestProject.dll" adapterTypeName="executor://xunit/VsTestRunner2/netcoreapp" className="xUnitTestProject.CurrencyHelperTests" name="FormatToStringTest1000" />
    </UnitTest>
    <UnitTest name="xUnitTestProject.CurrencyHelperTests.FormatToStringTest1000(price: 48654.65723134794, expected: &quot;48654.66 zł&quot;)" storage="c:\projekty\xunittestproject\bin\debug\netcoreapp3.1\xunittestproject.dll" id="178d037f-daf8-5717-a393-b090c90da1cf">
      <Execution id="5a842319-3f08-4a75-96b9-4f65b2fdd333" />
      <TestMethod codeBase="C:\Projekty\xUnitTestProject\bin\Debug\netcoreapp3.1\xUnitTestProject.dll" adapterTypeName="executor://xunit/VsTestRunner2/netcoreapp" className="xUnitTestProject.CurrencyHelperTests" name="FormatToStringTest1000" />
    </UnitTest>
    <UnitTest name="xUnitTestProject.CurrencyHelperTests.FormatToStringTest1000(price: 5566.818038455592, expected: &quot;5566.82 zł&quot;)" storage="c:\projekty\xunittestproject\bin\debug\netcoreapp3.1\xunittestproject.dll" id="0ceb7858-003d-ab99-34b5-3e79f1abe40b">
      <Execution id="21f7b879-22f5-4494-a2fa-5d16b68af60b" />
      <TestMethod codeBase="C:\Projekty\xUnitTestProject\bin\Debug\netcoreapp3.1\xUnitTestProject.dll" adapterTypeName="executor://xunit/VsTestRunner2/netcoreapp" className="xUnitTestProject.CurrencyHelperTests" name="FormatToStringTest1000" />
    </UnitTest>
    <UnitTest name="xUnitTestProject.CurrencyHelperTests.FormatToStringTest1000(price: 44930.92203801075, expected: &quot;44930.92 zł&quot;)" storage="c:\projekty\xunittestproject\bin\debug\netcoreapp3.1\xunittestproject.dll" id="33b7f528-129d-12a3-ccd2-fd1f055d858f">
      <Execution id="96189d64-1d8d-493e-b0d3-6951bc9c0465" />
      <TestMethod codeBase="C:\Projekty\xUnitTestProject\bin\Debug\netcoreapp3.1\xUnitTestProject.dll" adapterTypeName="executor://xunit/VsTestRunner2/netcoreapp" className="xUnitTestProject.CurrencyHelperTests" name="FormatToStringTest1000" />
    </UnitTest>
    <UnitTest name="xUnitTestProject.CurrencyHelperTests.FormatToStringTest1000(price: 36651.05802063414, expected: &quot;36651.06 zł&quot;)" storage="c:\projekty\xunittestproject\bin\debug\netcoreapp3.1\xunittestproject.dll" id="91970791-479f-53e8-256c-76fb4b85cf1d">
      <Execution id="0e35b682-fa10-4506-bd91-034a9815a969" />
      <TestMethod codeBase="C:\Projekty\xUnitTestProject\bin\Debug\netcoreapp3.1\xUnitTestProject.dll" adapterTypeName="executor://xunit/VsTestRunner2/netcoreapp" className="xUnitTestProject.CurrencyHelperTests" name="FormatToStringTest1000" />
    </UnitTest>
    <UnitTest name="xUnitTestProject.CurrencyHelperTests.FormatToStringTest1000(price: 18990.72499258012, expected: &quot;18990.72 zł&quot;)" storage="c:\projekty\xunittestproject\bin\debug\netcoreapp3.1\xunittestproject.dll" id="c4f09638-23b4-3d40-c0a4-ef63a006dba0">
      <Execution id="7e501c66-9214-4f9a-adae-df110255c868" />
      <TestMethod codeBase="C:\Projekty\xUnitTestProject\bin\Debug\netcoreapp3.1\xUnitTestProject.dll" adapterTypeName="executor://xunit/VsTestRunner2/netcoreapp" className="xUnitTestProject.CurrencyHelperTests" name="FormatToStringTest1000" />
    </UnitTest>
    <UnitTest name="xUnitTestProject.CurrencyHelperTests.FormatToStringTest1000(price: 22367.991005544547, expected: &quot;22367.99 zł&quot;)" storage="c:\projekty\xunittestproject\bin\debug\netcoreapp3.1\xunittestproject.dll" id="0e945364-42c0-3773-924e-a8c9f3ec6d3e">
      <Execution id="55580775-abae-4c33-9c4c-490e4adaddc2" />
      <TestMethod codeBase="C:\Projekty\xUnitTestProject\bin\Debug\netcoreapp3.1\xUnitTestProject.dll" adapterTypeName="executor://xunit/VsTestRunner2/netcoreapp" className="xUnitTestProject.CurrencyHelperTests" name="FormatToStringTest1000" />
    </UnitTest>
    <UnitTest name="xUnitTestProject.CurrencyHelperTests.FormatToStringTest1000(price: 7191.024921368353, expected: &quot;7191.02 zł&quot;)" storage="c:\projekty\xunittestproject\bin\debug\netcoreapp3.1\xunittestproject.dll" id="0e8e9a77-632c-db52-e40d-d7b033807f15">
      <Execution id="431e8b96-f854-463e-8357-0c15fb024f1d" />
      <TestMethod codeBase="C:\Projekty\xUnitTestProject\bin\Debug\netcoreapp3.1\xUnitTestProject.dll" adapterTypeName="executor://xunit/VsTestRunner2/netcoreapp" className="xUnitTestProject.CurrencyHelperTests" name="FormatToStringTest1000" />
    </UnitTest>
    <UnitTest name="xUnitTestProject.CurrencyHelperTests.FormatToStringTest1000(price: 726.8087564975995, expected: &quot;726.81 zł&quot;)" storage="c:\projekty\xunittestproject\bin\debug\netcoreapp3.1\xunittestproject.dll" id="761c5474-ba0b-efdd-0d5f-bfbe630a98c2">
      <Execution id="b98dbc77-42f6-491e-b26e-4c4de4a9e614" />
      <TestMethod codeBase="C:\Projekty\xUnitTestProject\bin\Debug\netcoreapp3.1\xUnitTestProject.dll" adapterTypeName="executor://xunit/VsTestRunner2/netcoreapp" className="xUnitTestProject.CurrencyHelperTests" name="FormatToStringTest1000" />
    </UnitTest>
    <UnitTest name="xUnitTestProject.CurrencyHelperTests.FormatToStringTest1000(price: 7076.829971250534, expected: &quot;7076.83 zł&quot;)" storage="c:\projekty\xunittestproject\bin\debug\netcoreapp3.1\xunittestproject.dll" id="cc7d6c48-2140-f681-276a-ee6d54b1f129">
      <Execution id="2f225686-1373-4440-93fd-175a8ab2255b" />
      <TestMethod codeBase="C:\Projekty\xUnitTestProject\bin\Debug\netcoreapp3.1\xUnitTestProject.dll" adapterTypeName="executor://xunit/VsTestRunner2/netcoreapp" className="xUnitTestProject.CurrencyHelperTests" name="FormatToStringTest1000" />
    </UnitTest>
    <UnitTest name="xUnitTestProject.CurrencyHelperTests.FormatToStringTest1000(price: 65809.35218338219, expected: &quot;65809.35 zł&quot;)" storage="c:\projekty\xunittestproject\bin\debug\netcoreapp3.1\xunittestproject.dll" id="cbad7040-1370-8b80-f9ed-c7be376f327f">
      <Execution id="c536c1f1-ca5d-4a8e-8071-3b671fd953c0" />
      <TestMethod codeBase="C:\Projekty\xUnitTestProject\bin\Debug\netcoreapp3.1\xUnitTestProject.dll" adapterTypeName="executor://xunit/VsTestRunner2/netcoreapp" className="xUnitTestProject.CurrencyHelperTests" name="FormatToStringTest1000" />
    </UnitTest>
    <UnitTest name="xUnitTestProject.CurrencyHelperTests.FormatToStringTest1000(price: 41972.39431566763, expected: &quot;41972.39 zł&quot;)" storage="c:\projekty\xunittestproject\bin\debug\netcoreapp3.1\xunittestproject.dll" id="0d1bc5db-e6c6-10df-8cf0-a0dfa7497484">
      <Execution id="8b61a8df-f550-40f5-8206-a8e586f26bef" />
      <TestMethod codeBase="C:\Projekty\xUnitTestProject\bin\Debug\netcoreapp3.1\xUnitTestProject.dll" adapterTypeName="executor://xunit/VsTestRunner2/netcoreapp" className="xUnitTestProject.CurrencyHelperTests" name="FormatToStringTest1000" />
    </UnitTest>
    <UnitTest name="xUnitTestProject.CurrencyHelperTests.FormatToStringTest1000(price: 66541.05112730109, expected: &quot;66541.05 zł&quot;)" storage="c:\projekty\xunittestproject\bin\debug\netcoreapp3.1\xunittestproject.dll" id="459add99-cbf9-4f7c-b3d1-c619873acede">
      <Execution id="f2d39c75-aa9c-4993-ae5e-10dba68547b1" />
      <TestMethod codeBase="C:\Projekty\xUnitTestProject\bin\Debug\netcoreapp3.1\xUnitTestProject.dll" adapterTypeName="executor://xunit/VsTestRunner2/netcoreapp" className="xUnitTestProject.CurrencyHelperTests" name="FormatToStringTest1000" />
    </UnitTest>
    <UnitTest name="xUnitTestProject.CurrencyHelperTests.FormatToStringTest1000(price: 11829.625994884234, expected: &quot;11829.63 zł&quot;)" storage="c:\projekty\xunittestproject\bin\debug\netcoreapp3.1\xunittestproject.dll" id="979704d6-636b-33ea-e33f-cc67613aefb0">
      <Execution id="bd6611c4-47ca-4966-94e2-b175f1f6d0d8" />
      <TestMethod codeBase="C:\Projekty\xUnitTestProject\bin\Debug\netcoreapp3.1\xUnitTestProject.dll" adapterTypeName="executor://xunit/VsTestRunner2/netcoreapp" className="xUnitTestProject.CurrencyHelperTests" name="FormatToStringTest1000" />
    </UnitTest>
    <UnitTest name="xUnitTestProject.CurrencyHelperTests.FormatToStringTest1000(price: 6146.91236741278, expected: &quot;6146.91 zł&quot;)" storage="c:\projekty\xunittestproject\bin\debug\netcoreapp3.1\xunittestproject.dll" id="2155bccb-482b-2346-834b-1eb7ea617ead">
      <Execution id="c6e88de2-3ef7-4f85-b242-911d94092bb0" />
      <TestMethod codeBase="C:\Projekty\xUnitTestProject\bin\Debug\netcoreapp3.1\xUnitTestProject.dll" adapterTypeName="executor://xunit/VsTestRunner2/netcoreapp" className="xUnitTestProject.CurrencyHelperTests" name="FormatToStringTest1000" />
    </UnitTest>
    <UnitTest name="xUnitTestProject.CurrencyHelperTests.FormatToStringTest1000(price: 50507.0104155615, expected: &quot;50507.01 zł&quot;)" storage="c:\projekty\xunittestproject\bin\debug\netcoreapp3.1\xunittestproject.dll" id="c0cf2cb3-44c7-373b-4b04-bf5ce7678b68">
      <Execution id="f60d27d5-ad1e-49a1-ac32-5416329378f1" />
      <TestMethod codeBase="C:\Projekty\xUnitTestProject\bin\Debug\netcoreapp3.1\xUnitTestProject.dll" adapterTypeName="executor://xunit/VsTestRunner2/netcoreapp" className="xUnitTestProject.CurrencyHelperTests" name="FormatToStringTest1000" />
    </UnitTest>
    <UnitTest name="xUnitTestProject.CurrencyHelperTests.FormatToStringTest1000(price: 12221.10494323592, expected: &quot;12221.10 zł&quot;)" storage="c:\projekty\xunittestproject\bin\debug\netcoreapp3.1\xunittestproject.dll" id="eb81fa5f-83e5-54db-0bb8-c928bd6f40f1">
      <Execution id="a8edcfa9-d00f-45f9-a9fc-f7932594b603" />
      <TestMethod codeBase="C:\Projekty\xUnitTestProject\bin\Debug\netcoreapp3.1\xUnitTestProject.dll" adapterTypeName="executor://xunit/VsTestRunner2/netcoreapp" className="xUnitTestProject.CurrencyHelperTests" name="FormatToStringTest1000" />
    </UnitTest>
    <UnitTest name="xUnitTestProject.CurrencyHelperTests.FormatToStringTest1000(price: 159.83786031922224, expected: &quot;159.84 zł&quot;)" storage="c:\projekty\xunittestproject\bin\debug\netcoreapp3.1\xunittestproject.dll" id="3fe65711-0b55-7192-8237-90b45a462066">
      <Execution id="b0cf8265-075b-45b9-8ae1-855cd094e6ac" />
      <TestMethod codeBase="C:\Projekty\xUnitTestProject\bin\Debug\netcoreapp3.1\xUnitTestProject.dll" adapterTypeName="executor://xunit/VsTestRunner2/netcoreapp" className="xUnitTestProject.CurrencyHelperTests" name="FormatToStringTest1000" />
    </UnitTest>
    <UnitTest name="xUnitTestProject.CurrencyHelperTests.FormatToStringTest1000(price: 55030.929183896136, expected: &quot;55030.93 zł&quot;)" storage="c:\projekty\xunittestproject\bin\debug\netcoreapp3.1\xunittestproject.dll" id="8a663fa2-76ee-caf2-967f-999f9c7a5bb3">
      <Execution id="fe508ad4-06a1-45ac-a0b1-986264be3bb6" />
      <TestMethod codeBase="C:\Projekty\xUnitTestProject\bin\Debug\netcoreapp3.1\xUnitTestProject.dll" adapterTypeName="executor://xunit/VsTestRunner2/netcoreapp" className="xUnitTestProject.CurrencyHelperTests" name="FormatToStringTest1000" />
    </UnitTest>
    <UnitTest name="xUnitTestProject.CurrencyHelperTests.FormatToStringTest1000(price: 49256.65708813195, expected: &quot;49256.66 zł&quot;)" storage="c:\projekty\xunittestproject\bin\debug\netcoreapp3.1\xunittestproject.dll" id="53a23bf0-6e98-cb61-d489-afed97d56bcf">
      <Execution id="1ca404d4-f684-4383-acac-cc819779e75b" />
      <TestMethod codeBase="C:\Projekty\xUnitTestProject\bin\Debug\netcoreapp3.1\xUnitTestProject.dll" adapterTypeName="executor://xunit/VsTestRunner2/netcoreapp" className="xUnitTestProject.CurrencyHelperTests" name="FormatToStringTest1000" />
    </UnitTest>
    <UnitTest name="xUnitTestProject.CurrencyHelperTests.FormatToStringTest1000(price: 37561.969571757116, expected: &quot;37561.97 zł&quot;)" storage="c:\projekty\xunittestproject\bin\debug\netcoreapp3.1\xunittestproject.dll" id="c6af2688-b6d7-1499-ef57-908aefcce6dc">
      <Execution id="05227f5c-0ec5-4337-8775-93b202ec07e7" />
      <TestMethod codeBase="C:\Projekty\xUnitTestProject\bin\Debug\netcoreapp3.1\xUnitTestProject.dll" adapterTypeName="executor://xunit/VsTestRunner2/netcoreapp" className="xUnitTestProject.CurrencyHelperTests" name="FormatToStringTest1000" />
    </UnitTest>
    <UnitTest name="xUnitTestProject.CurrencyHelperTests.FormatToStringTest1000(price: 22459.530444447664, expected: &quot;22459.53 zł&quot;)" storage="c:\projekty\xunittestproject\bin\debug\netcoreapp3.1\xunittestproject.dll" id="2ff6532c-932c-742b-a63d-f74c12776c60">
      <Execution id="43c3af96-6af7-47d0-83e9-7df695528332" />
      <TestMethod codeBase="C:\Projekty\xUnitTestProject\bin\Debug\netcoreapp3.1\xUnitTestProject.dll" adapterTypeName="executor://xunit/VsTestRunner2/netcoreapp" className="xUnitTestProject.CurrencyHelperTests" name="FormatToStringTest1000" />
    </UnitTest>
    <UnitTest name="xUnitTestProject.CurrencyHelperTests.FormatToStringTest1000(price: 16282.687804925576, expected: &quot;16282.69 zł&quot;)" storage="c:\projekty\xunittestproject\bin\debug\netcoreapp3.1\xunittestproject.dll" id="ae81390e-96a7-cf30-3a99-7ea7ca8436a2">
      <Execution id="6d40235b-a5ad-4509-af56-faa1a386b328" />
      <TestMethod codeBase="C:\Projekty\xUnitTestProject\bin\Debug\netcoreapp3.1\xUnitTestProject.dll" adapterTypeName="executor://xunit/VsTestRunner2/netcoreapp" className="xUnitTestProject.CurrencyHelperTests" name="FormatToStringTest1000" />
    </UnitTest>
    <UnitTest name="xUnitTestProject.CurrencyHelperTests.FormatToStringTest1000(price: 28192.949128067565, expected: &quot;28192.95 zł&quot;)" storage="c:\projekty\xunittestproject\bin\debug\netcoreapp3.1\xunittestproject.dll" id="c85737d8-c8f4-a23c-9c62-4ed60400843c">
      <Execution id="518ffbbc-751c-4fc6-9390-bc61827040e5" />
      <TestMethod codeBase="C:\Projekty\xUnitTestProject\bin\Debug\netcoreapp3.1\xUnitTestProject.dll" adapterTypeName="executor://xunit/VsTestRunner2/netcoreapp" className="xUnitTestProject.CurrencyHelperTests" name="FormatToStringTest1000" />
    </UnitTest>
    <UnitTest name="xUnitTestProject.CurrencyHelperTests.FormatToStringTest1000(price: 8211.920994553679, expected: &quot;8211.92 zł&quot;)" storage="c:\projekty\xunittestproject\bin\debug\netcoreapp3.1\xunittestproject.dll" id="055fec57-4e1c-11c8-a858-911643af23bd">
      <Execution id="91d79d8f-a080-4f55-bf7a-b10838f832f8" />
      <TestMethod codeBase="C:\Projekty\xUnitTestProject\bin\Debug\netcoreapp3.1\xUnitTestProject.dll" adapterTypeName="executor://xunit/VsTestRunner2/netcoreapp" className="xUnitTestProject.CurrencyHelperTests" name="FormatToStringTest1000" />
    </UnitTest>
    <UnitTest name="xUnitTestProject.CurrencyHelperTests.FormatToStringTest1000(price: 55303.17220895699, expected: &quot;55303.17 zł&quot;)" storage="c:\projekty\xunittestproject\bin\debug\netcoreapp3.1\xunittestproject.dll" id="650f8125-7e62-0be3-dcfc-dc1202eb9625">
      <Execution id="095b86a5-5c2e-4659-bf1b-c657071ad0a6" />
      <TestMethod codeBase="C:\Projekty\xUnitTestProject\bin\Debug\netcoreapp3.1\xUnitTestProject.dll" adapterTypeName="executor://xunit/VsTestRunner2/netcoreapp" className="xUnitTestProject.CurrencyHelperTests" name="FormatToStringTest1000" />
    </UnitTest>
    <UnitTest name="xUnitTestProject.CurrencyHelperTests.FormatToStringTest1000(price: 4636.500544966897, expected: &quot;4636.50 zł&quot;)" storage="c:\projekty\xunittestproject\bin\debug\netcoreapp3.1\xunittestproject.dll" id="af73f199-441a-68ae-4898-efc1663c19b9">
      <Execution id="c1bf549d-6300-4d1e-90ff-6433dbe30099" />
      <TestMethod codeBase="C:\Projekty\xUnitTestProject\bin\Debug\netcoreapp3.1\xUnitTestProject.dll" adapterTypeName="executor://xunit/VsTestRunner2/netcoreapp" className="xUnitTestProject.CurrencyHelperTests" name="FormatToStringTest1000" />
    </UnitTest>
    <UnitTest name="xUnitTestProject.CurrencyHelperTests.FormatToStringTest1000(price: 51300.77891898145, expected: &quot;51300.78 zł&quot;)" storage="c:\projekty\xunittestproject\bin\debug\netcoreapp3.1\xunittestproject.dll" id="1dd0f7bb-be41-1080-f53b-d32cb9d53ae0">
      <Execution id="127234d1-0557-4808-a1b9-1afaaff5320f" />
      <TestMethod codeBase="C:\Projekty\xUnitTestProject\bin\Debug\netcoreapp3.1\xUnitTestProject.dll" adapterTypeName="executor://xunit/VsTestRunner2/netcoreapp" className="xUnitTestProject.CurrencyHelperTests" name="FormatToStringTest1000" />
    </UnitTest>
    <UnitTest name="xUnitTestProject.CurrencyHelperTests.FormatToStringTest1000(price: 18627.604896394354, expected: &quot;18627.60 zł&quot;)" storage="c:\projekty\xunittestproject\bin\debug\netcoreapp3.1\xunittestproject.dll" id="9c810ece-be18-f9ed-3cc8-f43cbbe8d789">
      <Execution id="a54f5b23-c956-4d45-b95b-bb59951ae087" />
      <TestMethod codeBase="C:\Projekty\xUnitTestProject\bin\Debug\netcoreapp3.1\xUnitTestProject.dll" adapterTypeName="executor://xunit/VsTestRunner2/netcoreapp" className="xUnitTestProject.CurrencyHelperTests" name="FormatToStringTest1000" />
    </UnitTest>
    <UnitTest name="xUnitTestProject.CurrencyHelperTests.FormatToStringTest1000(price: 6352.983758103561, expected: &quot;6352.98 zł&quot;)" storage="c:\projekty\xunittestproject\bin\debug\netcoreapp3.1\xunittestproject.dll" id="a815ca81-3cc8-5bb5-3df9-88bef0e0f650">
      <Execution id="fbb48d3e-fb6a-494f-8a13-665ec0a7cbf9" />
      <TestMethod codeBase="C:\Projekty\xUnitTestProject\bin\Debug\netcoreapp3.1\xUnitTestProject.dll" adapterTypeName="executor://xunit/VsTestRunner2/netcoreapp" className="xUnitTestProject.CurrencyHelperTests" name="FormatToStringTest1000" />
    </UnitTest>
    <UnitTest name="xUnitTestProject.CurrencyHelperTests.FormatToStringTest1000(price: 11871.427211910219, expected: &quot;11871.43 zł&quot;)" storage="c:\projekty\xunittestproject\bin\debug\netcoreapp3.1\xunittestproject.dll" id="cb98657e-ea81-1d6a-4868-0d493c1098f6">
      <Execution id="4a184130-5280-479d-9359-66d324f97c9b" />
      <TestMethod codeBase="C:\Projekty\xUnitTestProject\bin\Debug\netcoreapp3.1\xUnitTestProject.dll" adapterTypeName="executor://xunit/VsTestRunner2/netcoreapp" className="xUnitTestProject.CurrencyHelperTests" name="FormatToStringTest1000" />
    </UnitTest>
    <UnitTest name="xUnitTestProject.CurrencyHelperTests.FormatToStringTest1000(price: 10914.360814625099, expected: &quot;10914.36 zł&quot;)" storage="c:\projekty\xunittestproject\bin\debug\netcoreapp3.1\xunittestproject.dll" id="fbdffebc-5b1f-3fc0-8f3a-0ed85a2faf6a">
      <Execution id="cf0e2c3f-edae-47ed-9b8d-d56676e94a31" />
      <TestMethod codeBase="C:\Projekty\xUnitTestProject\bin\Debug\netcoreapp3.1\xUnitTestProject.dll" adapterTypeName="executor://xunit/VsTestRunner2/netcoreapp" className="xUnitTestProject.CurrencyHelperTests" name="FormatToStringTest1000" />
    </UnitTest>
    <UnitTest name="xUnitTestProject.CurrencyHelperTests.FormatToStringTest1000(price: 743.047944508981, expected: &quot;743.05 zł&quot;)" storage="c:\projekty\xunittestproject\bin\debug\netcoreapp3.1\xunittestproject.dll" id="5c64f629-e66f-8e20-9c2d-0a7cb867d56d">
      <Execution id="6c08fadd-6262-4587-956b-152c8304cc9e" />
      <TestMethod codeBase="C:\Projekty\xUnitTestProject\bin\Debug\netcoreapp3.1\xUnitTestProject.dll" adapterTypeName="executor://xunit/VsTestRunner2/netcoreapp" className="xUnitTestProject.CurrencyHelperTests" name="FormatToStringTest1000" />
    </UnitTest>
    <UnitTest name="xUnitTestProject.CurrencyHelperTests.FormatToStringTest1000(price: 7975.276658828965, expected: &quot;7975.28 zł&quot;)" storage="c:\projekty\xunittestproject\bin\debug\netcoreapp3.1\xunittestproject.dll" id="1f1eef69-3a21-cd3d-3a5f-46efeda6ab38">
      <Execution id="645f3fe3-38f6-44ec-8317-98051753030c" />
      <TestMethod codeBase="C:\Projekty\xUnitTestProject\bin\Debug\netcoreapp3.1\xUnitTestProject.dll" adapterTypeName="executor://xunit/VsTestRunner2/netcoreapp" className="xUnitTestProject.CurrencyHelperTests" name="FormatToStringTest1000" />
    </UnitTest>
    <UnitTest name="xUnitTestProject.CurrencyHelperTests.FormatToStringTest1000(price: 3131.5022711732904, expected: &quot;3131.50 zł&quot;)" storage="c:\projekty\xunittestproject\bin\debug\netcoreapp3.1\xunittestproject.dll" id="0875efbb-c25e-506a-0639-785cadf1bec9">
      <Execution id="47144d0f-fadc-4e3d-bd91-7f1da76a5925" />
      <TestMethod codeBase="C:\Projekty\xUnitTestProject\bin\Debug\netcoreapp3.1\xUnitTestProject.dll" adapterTypeName="executor://xunit/VsTestRunner2/netcoreapp" className="xUnitTestProject.CurrencyHelperTests" name="FormatToStringTest1000" />
    </UnitTest>
    <UnitTest name="xUnitTestProject.CurrencyHelperTests.FormatToStringTest1000(price: 36969.98585167247, expected: &quot;36969.99 zł&quot;)" storage="c:\projekty\xunittestproject\bin\debug\netcoreapp3.1\xunittestproject.dll" id="b093b261-89e9-1453-0b15-6960031e6c14">
      <Execution id="f00ca124-196f-4b02-80a9-38325965c8b1" />
      <TestMethod codeBase="C:\Projekty\xUnitTestProject\bin\Debug\netcoreapp3.1\xUnitTestProject.dll" adapterTypeName="executor://xunit/VsTestRunner2/netcoreapp" className="xUnitTestProject.CurrencyHelperTests" name="FormatToStringTest1000" />
    </UnitTest>
    <UnitTest name="xUnitTestProject.CurrencyHelperTests.FormatToStringTest1000(price: 54304.07738935393, expected: &quot;54304.08 zł&quot;)" storage="c:\projekty\xunittestproject\bin\debug\netcoreapp3.1\xunittestproject.dll" id="6df0d294-6a13-f132-5a30-674e429b0930">
      <Execution id="dfa403d5-b7f1-451f-9cae-11e415b85243" />
      <TestMethod codeBase="C:\Projekty\xUnitTestProject\bin\Debug\netcoreapp3.1\xUnitTestProject.dll" adapterTypeName="executor://xunit/VsTestRunner2/netcoreapp" className="xUnitTestProject.CurrencyHelperTests" name="FormatToStringTest1000" />
    </UnitTest>
    <UnitTest name="xUnitTestProject.CurrencyHelperTests.FormatToStringTest1000(price: 46166.38051381259, expected: &quot;46166.38 zł&quot;)" storage="c:\projekty\xunittestproject\bin\debug\netcoreapp3.1\xunittestproject.dll" id="14379ebb-9dd5-379e-3072-3bfd6770d049">
      <Execution id="12670368-7948-4c51-b1e4-f8c61132d637" />
      <TestMethod codeBase="C:\Projekty\xUnitTestProject\bin\Debug\netcoreapp3.1\xUnitTestProject.dll" adapterTypeName="executor://xunit/VsTestRunner2/netcoreapp" className="xUnitTestProject.CurrencyHelperTests" name="FormatToStringTest1000" />
    </UnitTest>
    <UnitTest name="xUnitTestProject.CurrencyHelperTests.FormatToStringTest1000(price: 39178.05988345298, expected: &quot;39178.06 zł&quot;)" storage="c:\projekty\xunittestproject\bin\debug\netcoreapp3.1\xunittestproject.dll" id="9e735874-97ea-8ca0-11c8-94ac42e81acc">
      <Execution id="7d4a806e-f956-445a-8a67-07628b8eabe8" />
      <TestMethod codeBase="C:\Projekty\xUnitTestProject\bin\Debug\netcoreapp3.1\xUnitTestProject.dll" adapterTypeName="executor://xunit/VsTestRunner2/netcoreapp" className="xUnitTestProject.CurrencyHelperTests" name="FormatToStringTest1000" />
    </UnitTest>
    <UnitTest name="xUnitTestProject.CurrencyHelperTests.FormatToStringTest1000(price: 96.75594581512546, expected: &quot;96.76 zł&quot;)" storage="c:\projekty\xunittestproject\bin\debug\netcoreapp3.1\xunittestproject.dll" id="241187d4-ddc3-99e8-1041-3b3411c6c907">
      <Execution id="0a9c880e-aa42-4dd4-9052-a0117bda8586" />
      <TestMethod codeBase="C:\Projekty\xUnitTestProject\bin\Debug\netcoreapp3.1\xUnitTestProject.dll" adapterTypeName="executor://xunit/VsTestRunner2/netcoreapp" className="xUnitTestProject.CurrencyHelperTests" name="FormatToStringTest1000" />
    </UnitTest>
    <UnitTest name="xUnitTestProject.CurrencyHelperTests.FormatToStringTest1000(price: 72905.64834432845, expected: &quot;72905.65 zł&quot;)" storage="c:\projekty\xunittestproject\bin\debug\netcoreapp3.1\xunittestproject.dll" id="d99ced1b-9ef8-b735-4a70-4562dc79a9d0">
      <Execution id="a6bfaf07-b53d-42ba-9f74-2878784d4aee" />
      <TestMethod codeBase="C:\Projekty\xUnitTestProject\bin\Debug\netcoreapp3.1\xUnitTestProject.dll" adapterTypeName="executor://xunit/VsTestRunner2/netcoreapp" className="xUnitTestProject.CurrencyHelperTests" name="FormatToStringTest1000" />
    </UnitTest>
    <UnitTest name="xUnitTestProject.CurrencyHelperTests.FormatToStringTest1000(price: 22248.263319677797, expected: &quot;22248.26 zł&quot;)" storage="c:\projekty\xunittestproject\bin\debug\netcoreapp3.1\xunittestproject.dll" id="33ba7c37-d825-e74e-e294-1a6f561fb224">
      <Execution id="dcb5c029-1462-4f8f-ac23-9a90b6e50e3c" />
      <TestMethod codeBase="C:\Projekty\xUnitTestProject\bin\Debug\netcoreapp3.1\xUnitTestProject.dll" adapterTypeName="executor://xunit/VsTestRunner2/netcoreapp" className="xUnitTestProject.CurrencyHelperTests" name="FormatToStringTest1000" />
    </UnitTest>
    <UnitTest name="xUnitTestProject.CurrencyHelperTests.FormatToStringTest1000(price: 26215.613055301183, expected: &quot;26215.61 zł&quot;)" storage="c:\projekty\xunittestproject\bin\debug\netcoreapp3.1\xunittestproject.dll" id="4753ba69-a929-b55c-7853-51519ca51301">
      <Execution id="1fe984b9-0c07-4d29-ba6b-8992b5c0575a" />
      <TestMethod codeBase="C:\Projekty\xUnitTestProject\bin\Debug\netcoreapp3.1\xUnitTestProject.dll" adapterTypeName="executor://xunit/VsTestRunner2/netcoreapp" className="xUnitTestProject.CurrencyHelperTests" name="FormatToStringTest1000" />
    </UnitTest>
    <UnitTest name="xUnitTestProject.CurrencyHelperTests.FormatToStringTest1000(price: 96022.24851977557, expected: &quot;96022.25 zł&quot;)" storage="c:\projekty\xunittestproject\bin\debug\netcoreapp3.1\xunittestproject.dll" id="c5e43cdb-d4c3-3c40-9593-aad9b5ca8f95">
      <Execution id="ce606794-5e6d-4a52-b6e1-3deb663cd106" />
      <TestMethod codeBase="C:\Projekty\xUnitTestProject\bin\Debug\netcoreapp3.1\xUnitTestProject.dll" adapterTypeName="executor://xunit/VsTestRunner2/netcoreapp" className="xUnitTestProject.CurrencyHelperTests" name="FormatToStringTest1000" />
    </UnitTest>
    <UnitTest name="xUnitTestProject.CurrencyHelperTests.FormatToStringTest1000(price: 9754.291367935619, expected: &quot;9754.29 zł&quot;)" storage="c:\projekty\xunittestproject\bin\debug\netcoreapp3.1\xunittestproject.dll" id="bc7abd1f-cc07-f32a-8331-b644dd93f120">
      <Execution id="e8f33705-d6db-4546-a5e7-c19747e63c9b" />
      <TestMethod codeBase="C:\Projekty\xUnitTestProject\bin\Debug\netcoreapp3.1\xUnitTestProject.dll" adapterTypeName="executor://xunit/VsTestRunner2/netcoreapp" className="xUnitTestProject.CurrencyHelperTests" name="FormatToStringTest1000" />
    </UnitTest>
    <UnitTest name="xUnitTestProject.CurrencyHelperTests.FormatToStringTest1000(price: 18424.864078561244, expected: &quot;18424.86 zł&quot;)" storage="c:\projekty\xunittestproject\bin\debug\netcoreapp3.1\xunittestproject.dll" id="0eb2cf4b-202a-2f21-374f-50b4b3adc607">
      <Execution id="3ce95ccb-6baa-4edb-8c83-242d81f9e974" />
      <TestMethod codeBase="C:\Projekty\xUnitTestProject\bin\Debug\netcoreapp3.1\xUnitTestProject.dll" adapterTypeName="executor://xunit/VsTestRunner2/netcoreapp" className="xUnitTestProject.CurrencyHelperTests" name="FormatToStringTest1000" />
    </UnitTest>
    <UnitTest name="xUnitTestProject.CurrencyHelperTests.FormatToStringTest1000(price: 10661.19584154207, expected: &quot;10661.20 zł&quot;)" storage="c:\projekty\xunittestproject\bin\debug\netcoreapp3.1\xunittestproject.dll" id="bc63b05b-4f30-8c10-7b75-77e26fb38256">
      <Execution id="3d75d6a9-98c1-4ec8-aa75-cba72ef024a6" />
      <TestMethod codeBase="C:\Projekty\xUnitTestProject\bin\Debug\netcoreapp3.1\xUnitTestProject.dll" adapterTypeName="executor://xunit/VsTestRunner2/netcoreapp" className="xUnitTestProject.CurrencyHelperTests" name="FormatToStringTest1000" />
    </UnitTest>
    <UnitTest name="xUnitTestProject.CurrencyHelperTests.FormatToStringTest1000(price: 3477.860963622509, expected: &quot;3477.86 zł&quot;)" storage="c:\projekty\xunittestproject\bin\debug\netcoreapp3.1\xunittestproject.dll" id="3b31ccce-844d-e8f4-84db-04ab2e64b9a7">
      <Execution id="73b35952-442e-4eec-bdf6-b3513d0e0512" />
      <TestMethod codeBase="C:\Projekty\xUnitTestProject\bin\Debug\netcoreapp3.1\xUnitTestProject.dll" adapterTypeName="executor://xunit/VsTestRunner2/netcoreapp" className="xUnitTestProject.CurrencyHelperTests" name="FormatToStringTest1000" />
    </UnitTest>
    <UnitTest name="xUnitTestProject.CurrencyHelperTests.FormatToStringTest1000(price: 12831.146874380833, expected: &quot;12831.15 zł&quot;)" storage="c:\projekty\xunittestproject\bin\debug\netcoreapp3.1\xunittestproject.dll" id="1ff2656a-0300-1f06-36b0-2fc677b4ea69">
      <Execution id="bde272df-b03a-428d-856b-e2cb803e84bb" />
      <TestMethod codeBase="C:\Projekty\xUnitTestProject\bin\Debug\netcoreapp3.1\xUnitTestProject.dll" adapterTypeName="executor://xunit/VsTestRunner2/netcoreapp" className="xUnitTestProject.CurrencyHelperTests" name="FormatToStringTest1000" />
    </UnitTest>
    <UnitTest name="xUnitTestProject.CurrencyHelperTests.FormatToStringTest1000(price: 7951.322730072458, expected: &quot;7951.32 zł&quot;)" storage="c:\projekty\xunittestproject\bin\debug\netcoreapp3.1\xunittestproject.dll" id="5c121ce3-0aab-ab5b-cce0-b7a13bf9bb3a">
      <Execution id="17e0d03e-2bbf-4caf-bc80-6d6719af5c34" />
      <TestMethod codeBase="C:\Projekty\xUnitTestProject\bin\Debug\netcoreapp3.1\xUnitTestProject.dll" adapterTypeName="executor://xunit/VsTestRunner2/netcoreapp" className="xUnitTestProject.CurrencyHelperTests" name="FormatToStringTest1000" />
    </UnitTest>
    <UnitTest name="xUnitTestProject.CurrencyHelperTests.FormatToStringTest1000(price: 17845.255864087147, expected: &quot;17845.26 zł&quot;)" storage="c:\projekty\xunittestproject\bin\debug\netcoreapp3.1\xunittestproject.dll" id="9e92a3ef-f628-77f3-597e-ab6211795c33">
      <Execution id="efaac68d-9fab-486a-af81-7244d6a4a3b4" />
      <TestMethod codeBase="C:\Projekty\xUnitTestProject\bin\Debug\netcoreapp3.1\xUnitTestProject.dll" adapterTypeName="executor://xunit/VsTestRunner2/netcoreapp" className="xUnitTestProject.CurrencyHelperTests" name="FormatToStringTest1000" />
    </UnitTest>
    <UnitTest name="xUnitTestProject.CurrencyHelperTests.FormatToStringTest1000(price: 15669.698889610218, expected: &quot;15669.70 zł&quot;)" storage="c:\projekty\xunittestproject\bin\debug\netcoreapp3.1\xunittestproject.dll" id="5ecde283-9d6a-9ecb-81fe-93b9560f7b73">
      <Execution id="bc0b7d42-b1f3-4aea-942f-5a7bb18eb568" />
      <TestMethod codeBase="C:\Projekty\xUnitTestProject\bin\Debug\netcoreapp3.1\xUnitTestProject.dll" adapterTypeName="executor://xunit/VsTestRunner2/netcoreapp" className="xUnitTestProject.CurrencyHelperTests" name="FormatToStringTest1000" />
    </UnitTest>
    <UnitTest name="xUnitTestProject.CurrencyHelperTests.FormatToStringTest1000(price: 5628.028273674672, expected: &quot;5628.03 zł&quot;)" storage="c:\projekty\xunittestproject\bin\debug\netcoreapp3.1\xunittestproject.dll" id="ff088bf9-c4c9-daf8-12f7-40d9669dd362">
      <Execution id="ac25135f-943f-4dad-be5a-de8a36dcff68" />
      <TestMethod codeBase="C:\Projekty\xUnitTestProject\bin\Debug\netcoreapp3.1\xUnitTestProject.dll" adapterTypeName="executor://xunit/VsTestRunner2/netcoreapp" className="xUnitTestProject.CurrencyHelperTests" name="FormatToStringTest1000" />
    </UnitTest>
    <UnitTest name="xUnitTestProject.CurrencyHelperTests.FormatToStringTest1000(price: 238.1379397484185, expected: &quot;238.14 zł&quot;)" storage="c:\projekty\xunittestproject\bin\debug\netcoreapp3.1\xunittestproject.dll" id="c7c04760-2233-4819-4eb3-2daf180edff4">
      <Execution id="01762101-9bdd-48ec-8638-c5027001665d" />
      <TestMethod codeBase="C:\Projekty\xUnitTestProject\bin\Debug\netcoreapp3.1\xUnitTestProject.dll" adapterTypeName="executor://xunit/VsTestRunner2/netcoreapp" className="xUnitTestProject.CurrencyHelperTests" name="FormatToStringTest1000" />
    </UnitTest>
    <UnitTest name="xUnitTestProject.CurrencyHelperTests.FormatToStringTest1000(price: 1208.1827589441941, expected: &quot;1208.18 zł&quot;)" storage="c:\projekty\xunittestproject\bin\debug\netcoreapp3.1\xunittestproject.dll" id="814e8347-0675-e46f-9f33-cc6368c1ff3d">
      <Execution id="49e4061b-cd35-4a16-95c8-8d1b0a368235" />
      <TestMethod codeBase="C:\Projekty\xUnitTestProject\bin\Debug\netcoreapp3.1\xUnitTestProject.dll" adapterTypeName="executor://xunit/VsTestRunner2/netcoreapp" className="xUnitTestProject.CurrencyHelperTests" name="FormatToStringTest1000" />
    </UnitTest>
    <UnitTest name="xUnitTestProject.CurrencyHelperTests.FormatToStringTest1000(price: 1741.3334432818617, expected: &quot;1741.33 zł&quot;)" storage="c:\projekty\xunittestproject\bin\debug\netcoreapp3.1\xunittestproject.dll" id="8027e5d6-d435-5a0d-d99c-2d9218dccb7e">
      <Execution id="a82e68d7-3fb6-441f-aaed-e3ac0baa6bc4" />
      <TestMethod codeBase="C:\Projekty\xUnitTestProject\bin\Debug\netcoreapp3.1\xUnitTestProject.dll" adapterTypeName="executor://xunit/VsTestRunner2/netcoreapp" className="xUnitTestProject.CurrencyHelperTests" name="FormatToStringTest1000" />
    </UnitTest>
    <UnitTest name="xUnitTestProject.CurrencyHelperTests.FormatToStringTest1000(price: 1482.3501845832682, expected: &quot;1482.35 zł&quot;)" storage="c:\projekty\xunittestproject\bin\debug\netcoreapp3.1\xunittestproject.dll" id="4e988653-eb1d-5757-a9c9-94e533451c54">
      <Execution id="974523c3-6b7d-4059-acb9-2764daed531b" />
      <TestMethod codeBase="C:\Projekty\xUnitTestProject\bin\Debug\netcoreapp3.1\xUnitTestProject.dll" adapterTypeName="executor://xunit/VsTestRunner2/netcoreapp" className="xUnitTestProject.CurrencyHelperTests" name="FormatToStringTest1000" />
    </UnitTest>
    <UnitTest name="xUnitTestProject.CurrencyHelperTests.FormatToStringTest1000(price: 28992.38363400166, expected: &quot;28992.38 zł&quot;)" storage="c:\projekty\xunittestproject\bin\debug\netcoreapp3.1\xunittestproject.dll" id="a735bc53-5ccf-d2d2-51e4-40be87eec2ab">
      <Execution id="9efa4d6b-77b8-4ca5-ba49-fc4b0ad80910" />
      <TestMethod codeBase="C:\Projekty\xUnitTestProject\bin\Debug\netcoreapp3.1\xUnitTestProject.dll" adapterTypeName="executor://xunit/VsTestRunner2/netcoreapp" className="xUnitTestProject.CurrencyHelperTests" name="FormatToStringTest1000" />
    </UnitTest>
    <UnitTest name="xUnitTestProject.CurrencyHelperTests.FormatToStringTest1000(price: 13092.45389243609, expected: &quot;13092.45 zł&quot;)" storage="c:\projekty\xunittestproject\bin\debug\netcoreapp3.1\xunittestproject.dll" id="0f785118-4101-2fda-f887-c7a86673e736">
      <Execution id="eb7004c9-28b2-46e4-a4ac-fe56d845a2be" />
      <TestMethod codeBase="C:\Projekty\xUnitTestProject\bin\Debug\netcoreapp3.1\xUnitTestProject.dll" adapterTypeName="executor://xunit/VsTestRunner2/netcoreapp" className="xUnitTestProject.CurrencyHelperTests" name="FormatToStringTest1000" />
    </UnitTest>
    <UnitTest name="xUnitTestProject.CurrencyHelperTests.FormatToStringTest1000(price: 40035.54711080787, expected: &quot;40035.55 zł&quot;)" storage="c:\projekty\xunittestproject\bin\debug\netcoreapp3.1\xunittestproject.dll" id="45e7282a-ab42-966d-c9cc-b039211e5621">
      <Execution id="24f49bc2-3d74-440a-860d-932f1f007e53" />
      <TestMethod codeBase="C:\Projekty\xUnitTestProject\bin\Debug\netcoreapp3.1\xUnitTestProject.dll" adapterTypeName="executor://xunit/VsTestRunner2/netcoreapp" className="xUnitTestProject.CurrencyHelperTests" name="FormatToStringTest1000" />
    </UnitTest>
    <UnitTest name="xUnitTestProject.CurrencyHelperTests.FormatToStringTest1000(price: 25135.10315489727, expected: &quot;25135.10 zł&quot;)" storage="c:\projekty\xunittestproject\bin\debug\netcoreapp3.1\xunittestproject.dll" id="8ba27476-b54b-3c26-c478-bb1e87cb663c">
      <Execution id="ee7e8bf6-e926-49b4-86ee-b9c24eee2a55" />
      <TestMethod codeBase="C:\Projekty\xUnitTestProject\bin\Debug\netcoreapp3.1\xUnitTestProject.dll" adapterTypeName="executor://xunit/VsTestRunner2/netcoreapp" className="xUnitTestProject.CurrencyHelperTests" name="FormatToStringTest1000" />
    </UnitTest>
    <UnitTest name="xUnitTestProject.CurrencyHelperTests.FormatToStringTest1000(price: 15861.139287455073, expected: &quot;15861.14 zł&quot;)" storage="c:\projekty\xunittestproject\bin\debug\netcoreapp3.1\xunittestproject.dll" id="9be732dd-ee22-c2df-2aa3-eb082a5b0373">
      <Execution id="ddbb130a-136b-456e-b828-91938d3546a6" />
      <TestMethod codeBase="C:\Projekty\xUnitTestProject\bin\Debug\netcoreapp3.1\xUnitTestProject.dll" adapterTypeName="executor://xunit/VsTestRunner2/netcoreapp" className="xUnitTestProject.CurrencyHelperTests" name="FormatToStringTest1000" />
    </UnitTest>
    <UnitTest name="xUnitTestProject.CurrencyHelperTests.FormatToStringTest1000(price: 1073.195098933389, expected: &quot;1073.20 zł&quot;)" storage="c:\projekty\xunittestproject\bin\debug\netcoreapp3.1\xunittestproject.dll" id="45c93144-7308-3312-8730-30e05720d551">
      <Execution id="cd25b753-ebb7-4c31-a7df-48de396c46c8" />
      <TestMethod codeBase="C:\Projekty\xUnitTestProject\bin\Debug\netcoreapp3.1\xUnitTestProject.dll" adapterTypeName="executor://xunit/VsTestRunner2/netcoreapp" className="xUnitTestProject.CurrencyHelperTests" name="FormatToStringTest1000" />
    </UnitTest>
    <UnitTest name="xUnitTestProject.CurrencyHelperTests.FormatToStringTest1000(price: 28583.827618148098, expected: &quot;28583.83 zł&quot;)" storage="c:\projekty\xunittestproject\bin\debug\netcoreapp3.1\xunittestproject.dll" id="020066de-5c14-b477-efe9-293da5e965f0">
      <Execution id="153ce63e-6978-4fd3-bd12-8c3eb64c91ad" />
      <TestMethod codeBase="C:\Projekty\xUnitTestProject\bin\Debug\netcoreapp3.1\xUnitTestProject.dll" adapterTypeName="executor://xunit/VsTestRunner2/netcoreapp" className="xUnitTestProject.CurrencyHelperTests" name="FormatToStringTest1000" />
    </UnitTest>
    <UnitTest name="xUnitTestProject.CurrencyHelperTests.FormatToStringTest1000(price: 9765.54450809748, expected: &quot;9765.54 zł&quot;)" storage="c:\projekty\xunittestproject\bin\debug\netcoreapp3.1\xunittestproject.dll" id="3f3f2250-01f3-21dd-18d8-8a073a42cac3">
      <Execution id="51b23748-977b-4e9f-9d8a-f0c3d55224cb" />
      <TestMethod codeBase="C:\Projekty\xUnitTestProject\bin\Debug\netcoreapp3.1\xUnitTestProject.dll" adapterTypeName="executor://xunit/VsTestRunner2/netcoreapp" className="xUnitTestProject.CurrencyHelperTests" name="FormatToStringTest1000" />
    </UnitTest>
    <UnitTest name="xUnitTestProject.CurrencyHelperTests.FormatToStringTest1000(price: 626.135364110179, expected: &quot;626.14 zł&quot;)" storage="c:\projekty\xunittestproject\bin\debug\netcoreapp3.1\xunittestproject.dll" id="369e9363-5592-8231-38fe-e3c32cfca4c4">
      <Execution id="8d007c1c-b8b2-4d65-aa78-7303fa7717a7" />
      <TestMethod codeBase="C:\Projekty\xUnitTestProject\bin\Debug\netcoreapp3.1\xUnitTestProject.dll" adapterTypeName="executor://xunit/VsTestRunner2/netcoreapp" className="xUnitTestProject.CurrencyHelperTests" name="FormatToStringTest1000" />
    </UnitTest>
    <UnitTest name="xUnitTestProject.CurrencyHelperTests.FormatToStringTest1000(price: 10495.622655484185, expected: &quot;10495.62 zł&quot;)" storage="c:\projekty\xunittestproject\bin\debug\netcoreapp3.1\xunittestproject.dll" id="4608b597-f016-aaeb-6cec-43c6a698815f">
      <Execution id="e406aca0-2716-40b1-acb3-a27ed40c18d5" />
      <TestMethod codeBase="C:\Projekty\xUnitTestProject\bin\Debug\netcoreapp3.1\xUnitTestProject.dll" adapterTypeName="executor://xunit/VsTestRunner2/netcoreapp" className="xUnitTestProject.CurrencyHelperTests" name="FormatToStringTest1000" />
    </UnitTest>
    <UnitTest name="xUnitTestProject.CurrencyHelperTests.FormatToStringTest1000(price: 286.92120604539343, expected: &quot;286.92 zł&quot;)" storage="c:\projekty\xunittestproject\bin\debug\netcoreapp3.1\xunittestproject.dll" id="83514fd2-fce2-f5cf-b4b1-7b2bd8509222">
      <Execution id="9081275d-913c-4192-8b9e-e3960f1d4ef5" />
      <TestMethod codeBase="C:\Projekty\xUnitTestProject\bin\Debug\netcoreapp3.1\xUnitTestProject.dll" adapterTypeName="executor://xunit/VsTestRunner2/netcoreapp" className="xUnitTestProject.CurrencyHelperTests" name="FormatToStringTest1000" />
    </UnitTest>
    <UnitTest name="xUnitTestProject.CurrencyHelperTests.FormatToStringTest1000(price: 22666.13578912995, expected: &quot;22666.14 zł&quot;)" storage="c:\projekty\xunittestproject\bin\debug\netcoreapp3.1\xunittestproject.dll" id="cff23f42-1941-5ae0-6937-50ea8e98f70a">
      <Execution id="68e5e883-da33-4122-8886-715a630230aa" />
      <TestMethod codeBase="C:\Projekty\xUnitTestProject\bin\Debug\netcoreapp3.1\xUnitTestProject.dll" adapterTypeName="executor://xunit/VsTestRunner2/netcoreapp" className="xUnitTestProject.CurrencyHelperTests" name="FormatToStringTest1000" />
    </UnitTest>
    <UnitTest name="xUnitTestProject.CurrencyHelperTests.FormatToStringTest1000(price: 12429.698213906819, expected: &quot;12429.70 zł&quot;)" storage="c:\projekty\xunittestproject\bin\debug\netcoreapp3.1\xunittestproject.dll" id="fe704e3e-6170-ffae-ef99-e24643abf4f9">
      <Execution id="b2f66280-bd27-4c3b-bc39-70c500837670" />
      <TestMethod codeBase="C:\Projekty\xUnitTestProject\bin\Debug\netcoreapp3.1\xUnitTestProject.dll" adapterTypeName="executor://xunit/VsTestRunner2/netcoreapp" className="xUnitTestProject.CurrencyHelperTests" name="FormatToStringTest1000" />
    </UnitTest>
    <UnitTest name="xUnitTestProject.CurrencyHelperTests.FormatToStringTest1000(price: 21281.64584727662, expected: &quot;21281.65 zł&quot;)" storage="c:\projekty\xunittestproject\bin\debug\netcoreapp3.1\xunittestproject.dll" id="80f5a640-ad10-06cf-9198-39d7a4c7c709">
      <Execution id="a73deea9-b99c-408b-ac8c-6455dc8b3070" />
      <TestMethod codeBase="C:\Projekty\xUnitTestProject\bin\Debug\netcoreapp3.1\xUnitTestProject.dll" adapterTypeName="executor://xunit/VsTestRunner2/netcoreapp" className="xUnitTestProject.CurrencyHelperTests" name="FormatToStringTest1000" />
    </UnitTest>
    <UnitTest name="xUnitTestProject.CurrencyHelperTests.FormatToStringTest1000(price: 6665.405372488035, expected: &quot;6665.41 zł&quot;)" storage="c:\projekty\xunittestproject\bin\debug\netcoreapp3.1\xunittestproject.dll" id="1b17bc60-8954-8c6a-08e7-e6fe2f215cc6">
      <Execution id="d5951b8a-2def-4d1c-bfce-aec6f4209b28" />
      <TestMethod codeBase="C:\Projekty\xUnitTestProject\bin\Debug\netcoreapp3.1\xUnitTestProject.dll" adapterTypeName="executor://xunit/VsTestRunner2/netcoreapp" className="xUnitTestProject.CurrencyHelperTests" name="FormatToStringTest1000" />
    </UnitTest>
    <UnitTest name="xUnitTestProject.CurrencyHelperTests.FormatToStringTest1000(price: 26515.80237687929, expected: &quot;26515.80 zł&quot;)" storage="c:\projekty\xunittestproject\bin\debug\netcoreapp3.1\xunittestproject.dll" id="0a42a686-a011-6952-a95e-fae33dbe0b19">
      <Execution id="ecf49c9c-4345-4250-aaf6-1e53f15b10bf" />
      <TestMethod codeBase="C:\Projekty\xUnitTestProject\bin\Debug\netcoreapp3.1\xUnitTestProject.dll" adapterTypeName="executor://xunit/VsTestRunner2/netcoreapp" className="xUnitTestProject.CurrencyHelperTests" name="FormatToStringTest1000" />
    </UnitTest>
    <UnitTest name="xUnitTestProject.CurrencyHelperTests.FormatToStringTest1000(price: 964.9678631783313, expected: &quot;964.97 zł&quot;)" storage="c:\projekty\xunittestproject\bin\debug\netcoreapp3.1\xunittestproject.dll" id="6741f227-11b2-eae5-6fc9-c96d18a30eb3">
      <Execution id="bc522814-bdce-4556-ba0f-38ca65860c77" />
      <TestMethod codeBase="C:\Projekty\xUnitTestProject\bin\Debug\netcoreapp3.1\xUnitTestProject.dll" adapterTypeName="executor://xunit/VsTestRunner2/netcoreapp" className="xUnitTestProject.CurrencyHelperTests" name="FormatToStringTest1000" />
    </UnitTest>
    <UnitTest name="xUnitTestProject.CurrencyHelperTests.FormatToStringTest1000(price: 32863.31705269558, expected: &quot;32863.32 zł&quot;)" storage="c:\projekty\xunittestproject\bin\debug\netcoreapp3.1\xunittestproject.dll" id="fb80c2cc-1ba4-25ca-1501-33134270fed0">
      <Execution id="a1ccc76a-9461-434a-9db1-e8216985227b" />
      <TestMethod codeBase="C:\Projekty\xUnitTestProject\bin\Debug\netcoreapp3.1\xUnitTestProject.dll" adapterTypeName="executor://xunit/VsTestRunner2/netcoreapp" className="xUnitTestProject.CurrencyHelperTests" name="FormatToStringTest1000" />
    </UnitTest>
    <UnitTest name="xUnitTestProject.CurrencyHelperTests.FormatToStringTest1000(price: 13844.577623300524, expected: &quot;13844.58 zł&quot;)" storage="c:\projekty\xunittestproject\bin\debug\netcoreapp3.1\xunittestproject.dll" id="2b440940-2efe-cdba-d4a2-2746340ee3bc">
      <Execution id="fa60808a-c0cb-47b7-b19b-54dfca3d52fa" />
      <TestMethod codeBase="C:\Projekty\xUnitTestProject\bin\Debug\netcoreapp3.1\xUnitTestProject.dll" adapterTypeName="executor://xunit/VsTestRunner2/netcoreapp" className="xUnitTestProject.CurrencyHelperTests" name="FormatToStringTest1000" />
    </UnitTest>
    <UnitTest name="xUnitTestProject.CurrencyHelperTests.FormatToStringTest1000(price: 1181.5773122979222, expected: &quot;1181.58 zł&quot;)" storage="c:\projekty\xunittestproject\bin\debug\netcoreapp3.1\xunittestproject.dll" id="c212e24b-1c29-9890-50c8-57d6096284d3">
      <Execution id="8eca60cd-d4ff-4b47-9624-c987cbaac685" />
      <TestMethod codeBase="C:\Projekty\xUnitTestProject\bin\Debug\netcoreapp3.1\xUnitTestProject.dll" adapterTypeName="executor://xunit/VsTestRunner2/netcoreapp" className="xUnitTestProject.CurrencyHelperTests" name="FormatToStringTest1000" />
    </UnitTest>
    <UnitTest name="xUnitTestProject.CurrencyHelperTests.FormatToStringTest1000(price: 45739.569854490255, expected: &quot;45739.57 zł&quot;)" storage="c:\projekty\xunittestproject\bin\debug\netcoreapp3.1\xunittestproject.dll" id="9f62336d-d2a3-438a-9707-488b6a94c792">
      <Execution id="5ed9bb06-1779-4623-9194-4a371ec8d2b3" />
      <TestMethod codeBase="C:\Projekty\xUnitTestProject\bin\Debug\netcoreapp3.1\xUnitTestProject.dll" adapterTypeName="executor://xunit/VsTestRunner2/netcoreapp" className="xUnitTestProject.CurrencyHelperTests" name="FormatToStringTest1000" />
    </UnitTest>
    <UnitTest name="xUnitTestProject.CurrencyHelperTests.FormatToStringTest1000(price: 31290.71396233687, expected: &quot;31290.71 zł&quot;)" storage="c:\projekty\xunittestproject\bin\debug\netcoreapp3.1\xunittestproject.dll" id="52dd4d5a-f28a-3449-7987-33dfda351248">
      <Execution id="cb735e5b-34f9-485d-9542-715e1c793d58" />
      <TestMethod codeBase="C:\Projekty\xUnitTestProject\bin\Debug\netcoreapp3.1\xUnitTestProject.dll" adapterTypeName="executor://xunit/VsTestRunner2/netcoreapp" className="xUnitTestProject.CurrencyHelperTests" name="FormatToStringTest1000" />
    </UnitTest>
    <UnitTest name="xUnitTestProject.CurrencyHelperTests.FormatToStringTest1000(price: 57525.72988993569, expected: &quot;57525.73 zł&quot;)" storage="c:\projekty\xunittestproject\bin\debug\netcoreapp3.1\xunittestproject.dll" id="0abcfe7a-76aa-b17b-ee97-af3fbbea9a33">
      <Execution id="da448a3e-868b-4a3b-9aa2-f0397a6e4692" />
      <TestMethod codeBase="C:\Projekty\xUnitTestProject\bin\Debug\netcoreapp3.1\xUnitTestProject.dll" adapterTypeName="executor://xunit/VsTestRunner2/netcoreapp" className="xUnitTestProject.CurrencyHelperTests" name="FormatToStringTest1000" />
    </UnitTest>
    <UnitTest name="xUnitTestProject.CurrencyHelperTests.FormatToStringTest1000(price: 1963.0091662979728, expected: &quot;1963.01 zł&quot;)" storage="c:\projekty\xunittestproject\bin\debug\netcoreapp3.1\xunittestproject.dll" id="1230a279-f763-f5b9-8b74-e3286d54a1e7">
      <Execution id="9898ac02-af0e-4ef3-8a53-a2bf1928f479" />
      <TestMethod codeBase="C:\Projekty\xUnitTestProject\bin\Debug\netcoreapp3.1\xUnitTestProject.dll" adapterTypeName="executor://xunit/VsTestRunner2/netcoreapp" className="xUnitTestProject.CurrencyHelperTests" name="FormatToStringTest1000" />
    </UnitTest>
    <UnitTest name="xUnitTestProject.CurrencyHelperTests.FormatToStringTest1000(price: 70581.91150977784, expected: &quot;70581.91 zł&quot;)" storage="c:\projekty\xunittestproject\bin\debug\netcoreapp3.1\xunittestproject.dll" id="d810e333-5279-6858-6f15-bdf834685746">
      <Execution id="2408c1fd-1b22-44a4-90d3-1fb79177b1ac" />
      <TestMethod codeBase="C:\Projekty\xUnitTestProject\bin\Debug\netcoreapp3.1\xUnitTestProject.dll" adapterTypeName="executor://xunit/VsTestRunner2/netcoreapp" className="xUnitTestProject.CurrencyHelperTests" name="FormatToStringTest1000" />
    </UnitTest>
    <UnitTest name="xUnitTestProject.CurrencyHelperTests.FormatToStringTest1000(price: 28579.14698705503, expected: &quot;28579.15 zł&quot;)" storage="c:\projekty\xunittestproject\bin\debug\netcoreapp3.1\xunittestproject.dll" id="30971562-18c2-709e-97a4-74161badb09c">
      <Execution id="43d6c4e6-1cb3-409c-902e-28045ebe587f" />
      <TestMethod codeBase="C:\Projekty\xUnitTestProject\bin\Debug\netcoreapp3.1\xUnitTestProject.dll" adapterTypeName="executor://xunit/VsTestRunner2/netcoreapp" className="xUnitTestProject.CurrencyHelperTests" name="FormatToStringTest1000" />
    </UnitTest>
    <UnitTest name="xUnitTestProject.CurrencyHelperTests.FormatToStringTest1000(price: 19783.413847500186, expected: &quot;19783.41 zł&quot;)" storage="c:\projekty\xunittestproject\bin\debug\netcoreapp3.1\xunittestproject.dll" id="c5439243-290e-2a67-aa6b-588710f39fb3">
      <Execution id="4da08a5d-1366-4257-a3af-ebc3ff70a5cb" />
      <TestMethod codeBase="C:\Projekty\xUnitTestProject\bin\Debug\netcoreapp3.1\xUnitTestProject.dll" adapterTypeName="executor://xunit/VsTestRunner2/netcoreapp" className="xUnitTestProject.CurrencyHelperTests" name="FormatToStringTest1000" />
    </UnitTest>
    <UnitTest name="xUnitTestProject.CurrencyHelperTests.FormatToStringTest1000(price: 29926.595417457444, expected: &quot;29926.60 zł&quot;)" storage="c:\projekty\xunittestproject\bin\debug\netcoreapp3.1\xunittestproject.dll" id="11729d1c-6c6a-9fce-9d88-8ebfff125cf6">
      <Execution id="ab9d2f91-6694-464b-b2e7-fc4b13119603" />
      <TestMethod codeBase="C:\Projekty\xUnitTestProject\bin\Debug\netcoreapp3.1\xUnitTestProject.dll" adapterTypeName="executor://xunit/VsTestRunner2/netcoreapp" className="xUnitTestProject.CurrencyHelperTests" name="FormatToStringTest1000" />
    </UnitTest>
    <UnitTest name="xUnitTestProject.CurrencyHelperTests.FormatToStringTest1000(price: 48084.94422955389, expected: &quot;48084.94 zł&quot;)" storage="c:\projekty\xunittestproject\bin\debug\netcoreapp3.1\xunittestproject.dll" id="5aa929b3-dac1-52ec-e2ea-8e7fca692c42">
      <Execution id="409438f4-42ae-4da6-b15c-29b7f24cfa78" />
      <TestMethod codeBase="C:\Projekty\xUnitTestProject\bin\Debug\netcoreapp3.1\xUnitTestProject.dll" adapterTypeName="executor://xunit/VsTestRunner2/netcoreapp" className="xUnitTestProject.CurrencyHelperTests" name="FormatToStringTest1000" />
    </UnitTest>
    <UnitTest name="xUnitTestProject.CurrencyHelperTests.FormatToStringTest1000(price: 75350.77330865282, expected: &quot;75350.77 zł&quot;)" storage="c:\projekty\xunittestproject\bin\debug\netcoreapp3.1\xunittestproject.dll" id="b6db6a04-ac79-c80a-e7d6-d9ff2d42f5f4">
      <Execution id="da90048b-b0ad-44c0-a6aa-2ec916948d96" />
      <TestMethod codeBase="C:\Projekty\xUnitTestProject\bin\Debug\netcoreapp3.1\xUnitTestProject.dll" adapterTypeName="executor://xunit/VsTestRunner2/netcoreapp" className="xUnitTestProject.CurrencyHelperTests" name="FormatToStringTest1000" />
    </UnitTest>
    <UnitTest name="xUnitTestProject.CurrencyHelperTests.FormatToStringTest1000(price: 8013.1229931903645, expected: &quot;8013.12 zł&quot;)" storage="c:\projekty\xunittestproject\bin\debug\netcoreapp3.1\xunittestproject.dll" id="d995492a-671e-36ff-0d73-ec59a569933d">
      <Execution id="623fc0b5-fa37-46ee-8dc8-1ed1ede357fe" />
      <TestMethod codeBase="C:\Projekty\xUnitTestProject\bin\Debug\netcoreapp3.1\xUnitTestProject.dll" adapterTypeName="executor://xunit/VsTestRunner2/netcoreapp" className="xUnitTestProject.CurrencyHelperTests" name="FormatToStringTest1000" />
    </UnitTest>
    <UnitTest name="xUnitTestProject.CurrencyHelperTests.FormatToStringTest1000(price: 2423.6182769712145, expected: &quot;2423.62 zł&quot;)" storage="c:\projekty\xunittestproject\bin\debug\netcoreapp3.1\xunittestproject.dll" id="52ac0864-3141-85db-5ec0-9dd50f51b247">
      <Execution id="c134c599-cd15-46c2-b53d-ab6937047e2f" />
      <TestMethod codeBase="C:\Projekty\xUnitTestProject\bin\Debug\netcoreapp3.1\xUnitTestProject.dll" adapterTypeName="executor://xunit/VsTestRunner2/netcoreapp" className="xUnitTestProject.CurrencyHelperTests" name="FormatToStringTest1000" />
    </UnitTest>
    <UnitTest name="xUnitTestProject.CurrencyHelperTests.FormatToStringTest1000(price: 29474.095826699442, expected: &quot;29474.10 zł&quot;)" storage="c:\projekty\xunittestproject\bin\debug\netcoreapp3.1\xunittestproject.dll" id="8e549758-1d04-7bb3-a187-b61fc529196f">
      <Execution id="0665bf81-a644-4f04-b095-b1ff00425ba4" />
      <TestMethod codeBase="C:\Projekty\xUnitTestProject\bin\Debug\netcoreapp3.1\xUnitTestProject.dll" adapterTypeName="executor://xunit/VsTestRunner2/netcoreapp" className="xUnitTestProject.CurrencyHelperTests" name="FormatToStringTest1000" />
    </UnitTest>
    <UnitTest name="xUnitTestProject.CurrencyHelperTests.FormatToStringTest1000(price: 25116.590135570892, expected: &quot;25116.59 zł&quot;)" storage="c:\projekty\xunittestproject\bin\debug\netcoreapp3.1\xunittestproject.dll" id="56913f03-b8f6-5435-d407-8c8e9508f433">
      <Execution id="0ef8a1ce-29e6-4dd3-ae54-12d37942fc95" />
      <TestMethod codeBase="C:\Projekty\xUnitTestProject\bin\Debug\netcoreapp3.1\xUnitTestProject.dll" adapterTypeName="executor://xunit/VsTestRunner2/netcoreapp" className="xUnitTestProject.CurrencyHelperTests" name="FormatToStringTest1000" />
    </UnitTest>
    <UnitTest name="xUnitTestProject.CurrencyHelperTests.FormatToStringTest1000(price: 6752.510462437062, expected: &quot;6752.51 zł&quot;)" storage="c:\projekty\xunittestproject\bin\debug\netcoreapp3.1\xunittestproject.dll" id="3dca0048-5c2b-c7cd-4eca-6367cfc4f1ca">
      <Execution id="6100b7ee-c2ca-4d21-bee7-e3c9cff3b4ed" />
      <TestMethod codeBase="C:\Projekty\xUnitTestProject\bin\Debug\netcoreapp3.1\xUnitTestProject.dll" adapterTypeName="executor://xunit/VsTestRunner2/netcoreapp" className="xUnitTestProject.CurrencyHelperTests" name="FormatToStringTest1000" />
    </UnitTest>
    <UnitTest name="xUnitTestProject.CurrencyHelperTests.FormatToStringTest1000(price: 10511.7304983189, expected: &quot;10511.73 zł&quot;)" storage="c:\projekty\xunittestproject\bin\debug\netcoreapp3.1\xunittestproject.dll" id="c08a791c-2a2e-8ef9-53c2-680714283837">
      <Execution id="ffdfc587-cad3-4517-b9a0-143ce5d9a4c6" />
      <TestMethod codeBase="C:\Projekty\xUnitTestProject\bin\Debug\netcoreapp3.1\xUnitTestProject.dll" adapterTypeName="executor://xunit/VsTestRunner2/netcoreapp" className="xUnitTestProject.CurrencyHelperTests" name="FormatToStringTest1000" />
    </UnitTest>
    <UnitTest name="xUnitTestProject.CurrencyHelperTests.FormatToStringTest1000(price: 16161.963229990548, expected: &quot;16161.96 zł&quot;)" storage="c:\projekty\xunittestproject\bin\debug\netcoreapp3.1\xunittestproject.dll" id="5fa53206-edec-8295-28b6-5eb1541e56b6">
      <Execution id="196c2229-783b-49a1-acbe-562e30886b3e" />
      <TestMethod codeBase="C:\Projekty\xUnitTestProject\bin\Debug\netcoreapp3.1\xUnitTestProject.dll" adapterTypeName="executor://xunit/VsTestRunner2/netcoreapp" className="xUnitTestProject.CurrencyHelperTests" name="FormatToStringTest1000" />
    </UnitTest>
    <UnitTest name="xUnitTestProject.CurrencyHelperTests.FormatToStringTest1000(price: 13323.876109275909, expected: &quot;13323.88 zł&quot;)" storage="c:\projekty\xunittestproject\bin\debug\netcoreapp3.1\xunittestproject.dll" id="a8d731c5-67df-9575-20e2-4e702b3d5817">
      <Execution id="5012b3e2-d7b7-4e3d-b8e4-8db35c9f878f" />
      <TestMethod codeBase="C:\Projekty\xUnitTestProject\bin\Debug\netcoreapp3.1\xUnitTestProject.dll" adapterTypeName="executor://xunit/VsTestRunner2/netcoreapp" className="xUnitTestProject.CurrencyHelperTests" name="FormatToStringTest1000" />
    </UnitTest>
    <UnitTest name="xUnitTestProject.CurrencyHelperTests.FormatToStringTest1000(price: 50585.83664522778, expected: &quot;50585.84 zł&quot;)" storage="c:\projekty\xunittestproject\bin\debug\netcoreapp3.1\xunittestproject.dll" id="a89532f2-9366-df90-5e03-76517aae2ef6">
      <Execution id="5ad22c92-87f0-4d36-8664-21aa86e866c8" />
      <TestMethod codeBase="C:\Projekty\xUnitTestProject\bin\Debug\netcoreapp3.1\xUnitTestProject.dll" adapterTypeName="executor://xunit/VsTestRunner2/netcoreapp" className="xUnitTestProject.CurrencyHelperTests" name="FormatToStringTest1000" />
    </UnitTest>
    <UnitTest name="xUnitTestProject.CurrencyHelperTests.FormatToStringTest1000(price: 10994.251866986162, expected: &quot;10994.25 zł&quot;)" storage="c:\projekty\xunittestproject\bin\debug\netcoreapp3.1\xunittestproject.dll" id="b903f011-25d7-d156-43c9-1974a38b345d">
      <Execution id="98ed08b1-5265-474e-9cee-06b977e7a29b" />
      <TestMethod codeBase="C:\Projekty\xUnitTestProject\bin\Debug\netcoreapp3.1\xUnitTestProject.dll" adapterTypeName="executor://xunit/VsTestRunner2/netcoreapp" className="xUnitTestProject.CurrencyHelperTests" name="FormatToStringTest1000" />
    </UnitTest>
    <UnitTest name="xUnitTestProject.CurrencyHelperTests.FormatToStringTest1000(price: 545.7016866634142, expected: &quot;545.70 zł&quot;)" storage="c:\projekty\xunittestproject\bin\debug\netcoreapp3.1\xunittestproject.dll" id="63140182-f7a2-6346-fbd9-3f80901df2c9">
      <Execution id="69676b03-d024-4854-aabc-ac04b72c6106" />
      <TestMethod codeBase="C:\Projekty\xUnitTestProject\bin\Debug\netcoreapp3.1\xUnitTestProject.dll" adapterTypeName="executor://xunit/VsTestRunner2/netcoreapp" className="xUnitTestProject.CurrencyHelperTests" name="FormatToStringTest1000" />
    </UnitTest>
    <UnitTest name="xUnitTestProject.CurrencyHelperTests.FormatToStringTest1000(price: 26885.71162707904, expected: &quot;26885.71 zł&quot;)" storage="c:\projekty\xunittestproject\bin\debug\netcoreapp3.1\xunittestproject.dll" id="e6cc0868-2b09-9996-1473-6fd522e2da29">
      <Execution id="800a8cd5-0b0d-404e-bf8f-7687634bbc35" />
      <TestMethod codeBase="C:\Projekty\xUnitTestProject\bin\Debug\netcoreapp3.1\xUnitTestProject.dll" adapterTypeName="executor://xunit/VsTestRunner2/netcoreapp" className="xUnitTestProject.CurrencyHelperTests" name="FormatToStringTest1000" />
    </UnitTest>
    <UnitTest name="xUnitTestProject.CurrencyHelperTests.FormatToStringTest1000(price: 30031.89550569323, expected: &quot;30031.90 zł&quot;)" storage="c:\projekty\xunittestproject\bin\debug\netcoreapp3.1\xunittestproject.dll" id="c5aa0d75-50a2-309f-29ef-6a7a3d1053ab">
      <Execution id="f72b5d94-2085-4682-a020-8e33b3024a03" />
      <TestMethod codeBase="C:\Projekty\xUnitTestProject\bin\Debug\netcoreapp3.1\xUnitTestProject.dll" adapterTypeName="executor://xunit/VsTestRunner2/netcoreapp" className="xUnitTestProject.CurrencyHelperTests" name="FormatToStringTest1000" />
    </UnitTest>
    <UnitTest name="xUnitTestProject.CurrencyHelperTests.FormatToStringTest1000(price: 21893.78889296939, expected: &quot;21893.79 zł&quot;)" storage="c:\projekty\xunittestproject\bin\debug\netcoreapp3.1\xunittestproject.dll" id="a006362c-c876-0d68-dfa7-4b9381a2f95f">
      <Execution id="307a60b0-3856-4a39-87f8-2471365a029e" />
      <TestMethod codeBase="C:\Projekty\xUnitTestProject\bin\Debug\netcoreapp3.1\xUnitTestProject.dll" adapterTypeName="executor://xunit/VsTestRunner2/netcoreapp" className="xUnitTestProject.CurrencyHelperTests" name="FormatToStringTest1000" />
    </UnitTest>
    <UnitTest name="xUnitTestProject.CurrencyHelperTests.FormatToStringTest1000(price: 759.247198292635, expected: &quot;759.25 zł&quot;)" storage="c:\projekty\xunittestproject\bin\debug\netcoreapp3.1\xunittestproject.dll" id="5c957f35-8133-124f-9f1e-c78d4730fe22">
      <Execution id="8ed0aca8-65d3-4ff1-98f8-7fef40d2a556" />
      <TestMethod codeBase="C:\Projekty\xUnitTestProject\bin\Debug\netcoreapp3.1\xUnitTestProject.dll" adapterTypeName="executor://xunit/VsTestRunner2/netcoreapp" className="xUnitTestProject.CurrencyHelperTests" name="FormatToStringTest1000" />
    </UnitTest>
    <UnitTest name="xUnitTestProject.CurrencyHelperTests.FormatToStringTest1000(price: 14459.57059750686, expected: &quot;14459.57 zł&quot;)" storage="c:\projekty\xunittestproject\bin\debug\netcoreapp3.1\xunittestproject.dll" id="4125f8c2-231a-89ba-d149-611a4ab9d212">
      <Execution id="30b88dc7-fad5-45e4-a82b-80dd1210d40c" />
      <TestMethod codeBase="C:\Projekty\xUnitTestProject\bin\Debug\netcoreapp3.1\xUnitTestProject.dll" adapterTypeName="executor://xunit/VsTestRunner2/netcoreapp" className="xUnitTestProject.CurrencyHelperTests" name="FormatToStringTest1000" />
    </UnitTest>
    <UnitTest name="xUnitTestProject.CurrencyHelperTests.FormatToStringTest1000(price: 68507.83928906724, expected: &quot;68507.84 zł&quot;)" storage="c:\projekty\xunittestproject\bin\debug\netcoreapp3.1\xunittestproject.dll" id="ec5e31f8-0a43-1c03-8691-e70ecfdbfc69">
      <Execution id="712f2522-2f1f-49a4-8015-c498cfc708ac" />
      <TestMethod codeBase="C:\Projekty\xUnitTestProject\bin\Debug\netcoreapp3.1\xUnitTestProject.dll" adapterTypeName="executor://xunit/VsTestRunner2/netcoreapp" className="xUnitTestProject.CurrencyHelperTests" name="FormatToStringTest1000" />
    </UnitTest>
    <UnitTest name="xUnitTestProject.CurrencyHelperTests.FormatToStringTest1000(price: 11157.981051815665, expected: &quot;11157.98 zł&quot;)" storage="c:\projekty\xunittestproject\bin\debug\netcoreapp3.1\xunittestproject.dll" id="6e911663-e259-5040-7b6f-54c63fac8b3c">
      <Execution id="d1d57d43-8d3d-4cac-b5fb-cda0c52b7c20" />
      <TestMethod codeBase="C:\Projekty\xUnitTestProject\bin\Debug\netcoreapp3.1\xUnitTestProject.dll" adapterTypeName="executor://xunit/VsTestRunner2/netcoreapp" className="xUnitTestProject.CurrencyHelperTests" name="FormatToStringTest1000" />
    </UnitTest>
    <UnitTest name="xUnitTestProject.CurrencyHelperTests.FormatToStringTest1000(price: 2975.6892256134606, expected: &quot;2975.69 zł&quot;)" storage="c:\projekty\xunittestproject\bin\debug\netcoreapp3.1\xunittestproject.dll" id="186c8c1a-303f-5daa-ee87-7bdde9795321">
      <Execution id="ef026eb2-e278-4121-9c81-eaf1b8324980" />
      <TestMethod codeBase="C:\Projekty\xUnitTestProject\bin\Debug\netcoreapp3.1\xUnitTestProject.dll" adapterTypeName="executor://xunit/VsTestRunner2/netcoreapp" className="xUnitTestProject.CurrencyHelperTests" name="FormatToStringTest1000" />
    </UnitTest>
    <UnitTest name="xUnitTestProject.CurrencyHelperTests.FormatToStringTest1000(price: 1662.8482664818168, expected: &quot;1662.85 zł&quot;)" storage="c:\projekty\xunittestproject\bin\debug\netcoreapp3.1\xunittestproject.dll" id="afbbae00-ce73-0862-4d3c-578f15f46774">
      <Execution id="bc8b2131-ecf4-472e-9b3a-fe52269ff497" />
      <TestMethod codeBase="C:\Projekty\xUnitTestProject\bin\Debug\netcoreapp3.1\xUnitTestProject.dll" adapterTypeName="executor://xunit/VsTestRunner2/netcoreapp" className="xUnitTestProject.CurrencyHelperTests" name="FormatToStringTest1000" />
    </UnitTest>
    <UnitTest name="xUnitTestProject.CurrencyHelperTests.FormatToStringTest1000(price: 1664.7834932994022, expected: &quot;1664.78 zł&quot;)" storage="c:\projekty\xunittestproject\bin\debug\netcoreapp3.1\xunittestproject.dll" id="bcf772d6-bc03-8db6-964e-e43c8f396083">
      <Execution id="94892af6-d05a-4a2f-9465-842bcc4a6444" />
      <TestMethod codeBase="C:\Projekty\xUnitTestProject\bin\Debug\netcoreapp3.1\xUnitTestProject.dll" adapterTypeName="executor://xunit/VsTestRunner2/netcoreapp" className="xUnitTestProject.CurrencyHelperTests" name="FormatToStringTest1000" />
    </UnitTest>
    <UnitTest name="xUnitTestProject.CurrencyHelperTests.FormatToStringTest1000(price: 97129.75160633575, expected: &quot;97129.75 zł&quot;)" storage="c:\projekty\xunittestproject\bin\debug\netcoreapp3.1\xunittestproject.dll" id="2ebec913-cd49-9310-605b-052ec9777212">
      <Execution id="909f5168-5427-418a-beaf-596adeb21a64" />
      <TestMethod codeBase="C:\Projekty\xUnitTestProject\bin\Debug\netcoreapp3.1\xUnitTestProject.dll" adapterTypeName="executor://xunit/VsTestRunner2/netcoreapp" className="xUnitTestProject.CurrencyHelperTests" name="FormatToStringTest1000" />
    </UnitTest>
    <UnitTest name="xUnitTestProject.CurrencyHelperTests.FormatToStringTest1000(price: 36320.770035296104, expected: &quot;36320.77 zł&quot;)" storage="c:\projekty\xunittestproject\bin\debug\netcoreapp3.1\xunittestproject.dll" id="d380f6a1-83cc-0c12-360c-ba81b340bce2">
      <Execution id="c3e761ac-8c32-42d3-96b9-8d517e7c9b4d" />
      <TestMethod codeBase="C:\Projekty\xUnitTestProject\bin\Debug\netcoreapp3.1\xUnitTestProject.dll" adapterTypeName="executor://xunit/VsTestRunner2/netcoreapp" className="xUnitTestProject.CurrencyHelperTests" name="FormatToStringTest1000" />
    </UnitTest>
    <UnitTest name="xUnitTestProject.CurrencyHelperTests.FormatToStringTest1000(price: 19519.4298413505, expected: &quot;19519.43 zł&quot;)" storage="c:\projekty\xunittestproject\bin\debug\netcoreapp3.1\xunittestproject.dll" id="c2e7dabf-153e-40d2-4e35-e0a4cdae5b80">
      <Execution id="64256354-e8e8-424e-bf34-f2ad7a184775" />
      <TestMethod codeBase="C:\Projekty\xUnitTestProject\bin\Debug\netcoreapp3.1\xUnitTestProject.dll" adapterTypeName="executor://xunit/VsTestRunner2/netcoreapp" className="xUnitTestProject.CurrencyHelperTests" name="FormatToStringTest1000" />
    </UnitTest>
    <UnitTest name="xUnitTestProject.CurrencyHelperTests.FormatToStringTest1000(price: 35065.40267025652, expected: &quot;35065.40 zł&quot;)" storage="c:\projekty\xunittestproject\bin\debug\netcoreapp3.1\xunittestproject.dll" id="0d7a2cf9-13e2-7888-b21b-f6464a19d4c6">
      <Execution id="171332f9-e907-4c14-ba15-672bf57b1796" />
      <TestMethod codeBase="C:\Projekty\xUnitTestProject\bin\Debug\netcoreapp3.1\xUnitTestProject.dll" adapterTypeName="executor://xunit/VsTestRunner2/netcoreapp" className="xUnitTestProject.CurrencyHelperTests" name="FormatToStringTest1000" />
    </UnitTest>
    <UnitTest name="xUnitTestProject.CurrencyHelperTests.FormatToStringTest1000(price: 15624.452361264477, expected: &quot;15624.45 zł&quot;)" storage="c:\projekty\xunittestproject\bin\debug\netcoreapp3.1\xunittestproject.dll" id="7f9e1a03-9e41-8ac9-4d40-38aecad4670f">
      <Execution id="441ec8bd-9918-4c9b-9a0d-4fa30ae73891" />
      <TestMethod codeBase="C:\Projekty\xUnitTestProject\bin\Debug\netcoreapp3.1\xUnitTestProject.dll" adapterTypeName="executor://xunit/VsTestRunner2/netcoreapp" className="xUnitTestProject.CurrencyHelperTests" name="FormatToStringTest1000" />
    </UnitTest>
    <UnitTest name="xUnitTestProject.CurrencyHelperTests.FormatToStringTest1000(price: 50956.25028206606, expected: &quot;50956.25 zł&quot;)" storage="c:\projekty\xunittestproject\bin\debug\netcoreapp3.1\xunittestproject.dll" id="3323ac76-0104-2779-2a9d-3f5ae9693296">
      <Execution id="1c380cf2-7937-467e-9c27-c6b7f527134e" />
      <TestMethod codeBase="C:\Projekty\xUnitTestProject\bin\Debug\netcoreapp3.1\xUnitTestProject.dll" adapterTypeName="executor://xunit/VsTestRunner2/netcoreapp" className="xUnitTestProject.CurrencyHelperTests" name="FormatToStringTest1000" />
    </UnitTest>
    <UnitTest name="xUnitTestProject.CurrencyHelperTests.FormatToStringTest1000(price: 29975.4018974022, expected: &quot;29975.40 zł&quot;)" storage="c:\projekty\xunittestproject\bin\debug\netcoreapp3.1\xunittestproject.dll" id="df3e2c77-7f8f-57bd-4668-f3110adbfbc8">
      <Execution id="437b5d7f-2308-4876-9ba0-5e02c4c58427" />
      <TestMethod codeBase="C:\Projekty\xUnitTestProject\bin\Debug\netcoreapp3.1\xUnitTestProject.dll" adapterTypeName="executor://xunit/VsTestRunner2/netcoreapp" className="xUnitTestProject.CurrencyHelperTests" name="FormatToStringTest1000" />
    </UnitTest>
    <UnitTest name="xUnitTestProject.CurrencyHelperTests.FormatToStringTest1000(price: 72703.4365723503, expected: &quot;72703.44 zł&quot;)" storage="c:\projekty\xunittestproject\bin\debug\netcoreapp3.1\xunittestproject.dll" id="4a9f4574-9113-6c35-d2fa-751a30e86322">
      <Execution id="bbea2833-3893-47d1-837d-324c17fea4a2" />
      <TestMethod codeBase="C:\Projekty\xUnitTestProject\bin\Debug\netcoreapp3.1\xUnitTestProject.dll" adapterTypeName="executor://xunit/VsTestRunner2/netcoreapp" className="xUnitTestProject.CurrencyHelperTests" name="FormatToStringTest1000" />
    </UnitTest>
    <UnitTest name="xUnitTestProject.CurrencyHelperTests.FormatToStringTest1000(price: 31799.68317462815, expected: &quot;31799.68 zł&quot;)" storage="c:\projekty\xunittestproject\bin\debug\netcoreapp3.1\xunittestproject.dll" id="e641957d-86a3-9c73-8dcf-f9374b4233e0">
      <Execution id="8c41fb0c-98fb-428d-a9e0-fc078a8ac61e" />
      <TestMethod codeBase="C:\Projekty\xUnitTestProject\bin\Debug\netcoreapp3.1\xUnitTestProject.dll" adapterTypeName="executor://xunit/VsTestRunner2/netcoreapp" className="xUnitTestProject.CurrencyHelperTests" name="FormatToStringTest1000" />
    </UnitTest>
    <UnitTest name="xUnitTestProject.CurrencyHelperTests.FormatToStringTest1000(price: 13855.30239352505, expected: &quot;13855.30 zł&quot;)" storage="c:\projekty\xunittestproject\bin\debug\netcoreapp3.1\xunittestproject.dll" id="127fb78e-ed01-3534-55cd-9f963056d67f">
      <Execution id="9b882557-c7f9-4ef9-81e4-2fb299029072" />
      <TestMethod codeBase="C:\Projekty\xUnitTestProject\bin\Debug\netcoreapp3.1\xUnitTestProject.dll" adapterTypeName="executor://xunit/VsTestRunner2/netcoreapp" className="xUnitTestProject.CurrencyHelperTests" name="FormatToStringTest1000" />
    </UnitTest>
    <UnitTest name="xUnitTestProject.CurrencyHelperTests.FormatToStringTest1000(price: 7753.724411372898, expected: &quot;7753.72 zł&quot;)" storage="c:\projekty\xunittestproject\bin\debug\netcoreapp3.1\xunittestproject.dll" id="d702a2a7-0d80-6e33-b0a7-e0e379e29093">
      <Execution id="d9ed6625-6519-4ef3-b8f0-bd6b90b64770" />
      <TestMethod codeBase="C:\Projekty\xUnitTestProject\bin\Debug\netcoreapp3.1\xUnitTestProject.dll" adapterTypeName="executor://xunit/VsTestRunner2/netcoreapp" className="xUnitTestProject.CurrencyHelperTests" name="FormatToStringTest1000" />
    </UnitTest>
    <UnitTest name="xUnitTestProject.CurrencyHelperTests.FormatToStringTest1000(price: 464.74397441965715, expected: &quot;464.74 zł&quot;)" storage="c:\projekty\xunittestproject\bin\debug\netcoreapp3.1\xunittestproject.dll" id="9dfbdafb-7dbf-f0e8-6265-547cdd24d00d">
      <Execution id="cccb75a4-824a-4cf1-9650-b029ae76c242" />
      <TestMethod codeBase="C:\Projekty\xUnitTestProject\bin\Debug\netcoreapp3.1\xUnitTestProject.dll" adapterTypeName="executor://xunit/VsTestRunner2/netcoreapp" className="xUnitTestProject.CurrencyHelperTests" name="FormatToStringTest1000" />
    </UnitTest>
    <UnitTest name="xUnitTestProject.CurrencyHelperTests.FormatToStringTest1000(price: 7407.385606687696, expected: &quot;7407.39 zł&quot;)" storage="c:\projekty\xunittestproject\bin\debug\netcoreapp3.1\xunittestproject.dll" id="9cf8eb03-8fbc-6ccc-0fef-ebebfde3ba22">
      <Execution id="aa0469a2-5e63-43f7-b293-ae3cbce9ea36" />
      <TestMethod codeBase="C:\Projekty\xUnitTestProject\bin\Debug\netcoreapp3.1\xUnitTestProject.dll" adapterTypeName="executor://xunit/VsTestRunner2/netcoreapp" className="xUnitTestProject.CurrencyHelperTests" name="FormatToStringTest1000" />
    </UnitTest>
    <UnitTest name="xUnitTestProject.CurrencyHelperTests.FormatToStringTest1000(price: 30410.68214617003, expected: &quot;30410.68 zł&quot;)" storage="c:\projekty\xunittestproject\bin\debug\netcoreapp3.1\xunittestproject.dll" id="f376fc2f-2ee5-1277-a20e-665c6294e53a">
      <Execution id="1801d264-4c5c-47ce-9108-db44c7beab54" />
      <TestMethod codeBase="C:\Projekty\xUnitTestProject\bin\Debug\netcoreapp3.1\xUnitTestProject.dll" adapterTypeName="executor://xunit/VsTestRunner2/netcoreapp" className="xUnitTestProject.CurrencyHelperTests" name="FormatToStringTest1000" />
    </UnitTest>
    <UnitTest name="xUnitTestProject.CurrencyHelperTests.FormatToStringTest1000(price: 15080.274618567097, expected: &quot;15080.27 zł&quot;)" storage="c:\projekty\xunittestproject\bin\debug\netcoreapp3.1\xunittestproject.dll" id="217b46ae-53e4-8868-0968-60de7a74b62a">
      <Execution id="1218377f-18d9-4500-a95f-5c0942df99c1" />
      <TestMethod codeBase="C:\Projekty\xUnitTestProject\bin\Debug\netcoreapp3.1\xUnitTestProject.dll" adapterTypeName="executor://xunit/VsTestRunner2/netcoreapp" className="xUnitTestProject.CurrencyHelperTests" name="FormatToStringTest1000" />
    </UnitTest>
    <UnitTest name="xUnitTestProject.CurrencyHelperTests.FormatToStringTest1000(price: 43727.735558145556, expected: &quot;43727.74 zł&quot;)" storage="c:\projekty\xunittestproject\bin\debug\netcoreapp3.1\xunittestproject.dll" id="ff96b5de-94eb-fc99-362b-5102f1ace758">
      <Execution id="46d6fced-15f9-4749-b0ae-b995b378cef3" />
      <TestMethod codeBase="C:\Projekty\xUnitTestProject\bin\Debug\netcoreapp3.1\xUnitTestProject.dll" adapterTypeName="executor://xunit/VsTestRunner2/netcoreapp" className="xUnitTestProject.CurrencyHelperTests" name="FormatToStringTest1000" />
    </UnitTest>
    <UnitTest name="xUnitTestProject.CurrencyHelperTests.FormatToStringTest1000(price: 34242.181005260056, expected: &quot;34242.18 zł&quot;)" storage="c:\projekty\xunittestproject\bin\debug\netcoreapp3.1\xunittestproject.dll" id="264c060b-2c06-6e92-2e7b-9f27ddffeba4">
      <Execution id="02cdf181-8caa-43c1-849a-9fc5dbad9862" />
      <TestMethod codeBase="C:\Projekty\xUnitTestProject\bin\Debug\netcoreapp3.1\xUnitTestProject.dll" adapterTypeName="executor://xunit/VsTestRunner2/netcoreapp" className="xUnitTestProject.CurrencyHelperTests" name="FormatToStringTest1000" />
    </UnitTest>
    <UnitTest name="xUnitTestProject.CurrencyHelperTests.FormatToStringTest1000(price: 23662.291816162084, expected: &quot;23662.29 zł&quot;)" storage="c:\projekty\xunittestproject\bin\debug\netcoreapp3.1\xunittestproject.dll" id="09f7512b-fcad-449f-b8a9-c32911a23969">
      <Execution id="703de85f-f99d-4f4a-ba31-ab349771cee1" />
      <TestMethod codeBase="C:\Projekty\xUnitTestProject\bin\Debug\netcoreapp3.1\xUnitTestProject.dll" adapterTypeName="executor://xunit/VsTestRunner2/netcoreapp" className="xUnitTestProject.CurrencyHelperTests" name="FormatToStringTest1000" />
    </UnitTest>
    <UnitTest name="xUnitTestProject.CurrencyHelperTests.FormatToStringTest1000(price: 22291.653251342315, expected: &quot;22291.65 zł&quot;)" storage="c:\projekty\xunittestproject\bin\debug\netcoreapp3.1\xunittestproject.dll" id="4ffd7804-0b86-b3af-454f-c182dda91ce2">
      <Execution id="a4a98298-9f65-404c-ac83-7ce9556b7768" />
      <TestMethod codeBase="C:\Projekty\xUnitTestProject\bin\Debug\netcoreapp3.1\xUnitTestProject.dll" adapterTypeName="executor://xunit/VsTestRunner2/netcoreapp" className="xUnitTestProject.CurrencyHelperTests" name="FormatToStringTest1000" />
    </UnitTest>
    <UnitTest name="xUnitTestProject.CurrencyHelperTests.FormatToStringTest1000(price: 1952.6955147062872, expected: &quot;1952.70 zł&quot;)" storage="c:\projekty\xunittestproject\bin\debug\netcoreapp3.1\xunittestproject.dll" id="040e6cf8-8fc7-ca87-38f4-b0a1a8671b45">
      <Execution id="c064de7f-c1de-4254-880c-026e110ad741" />
      <TestMethod codeBase="C:\Projekty\xUnitTestProject\bin\Debug\netcoreapp3.1\xUnitTestProject.dll" adapterTypeName="executor://xunit/VsTestRunner2/netcoreapp" className="xUnitTestProject.CurrencyHelperTests" name="FormatToStringTest1000" />
    </UnitTest>
    <UnitTest name="xUnitTestProject.CurrencyHelperTests.FormatToStringTest1000(price: 49256.47455728635, expected: &quot;49256.47 zł&quot;)" storage="c:\projekty\xunittestproject\bin\debug\netcoreapp3.1\xunittestproject.dll" id="31ad7a80-5373-effd-b719-cfe8b75a74c8">
      <Execution id="10afe406-3020-4a52-b143-09660bddeff4" />
      <TestMethod codeBase="C:\Projekty\xUnitTestProject\bin\Debug\netcoreapp3.1\xUnitTestProject.dll" adapterTypeName="executor://xunit/VsTestRunner2/netcoreapp" className="xUnitTestProject.CurrencyHelperTests" name="FormatToStringTest1000" />
    </UnitTest>
    <UnitTest name="xUnitTestProject.CurrencyHelperTests.FormatToStringTest1000(price: 75915.01943546813, expected: &quot;75915.02 zł&quot;)" storage="c:\projekty\xunittestproject\bin\debug\netcoreapp3.1\xunittestproject.dll" id="27e54bf1-4aa0-4763-a98b-d50300d50e6c">
      <Execution id="180c9ae1-0309-4183-ac81-1c240530286c" />
      <TestMethod codeBase="C:\Projekty\xUnitTestProject\bin\Debug\netcoreapp3.1\xUnitTestProject.dll" adapterTypeName="executor://xunit/VsTestRunner2/netcoreapp" className="xUnitTestProject.CurrencyHelperTests" name="FormatToStringTest1000" />
    </UnitTest>
    <UnitTest name="xUnitTestProject.CurrencyHelperTests.FormatToStringTest1000(price: 75514.58914517732, expected: &quot;75514.59 zł&quot;)" storage="c:\projekty\xunittestproject\bin\debug\netcoreapp3.1\xunittestproject.dll" id="ca756e2d-d5c0-6e03-1ab7-b2045c06d17b">
      <Execution id="d8c511c2-2d38-478e-af46-007079f24ad1" />
      <TestMethod codeBase="C:\Projekty\xUnitTestProject\bin\Debug\netcoreapp3.1\xUnitTestProject.dll" adapterTypeName="executor://xunit/VsTestRunner2/netcoreapp" className="xUnitTestProject.CurrencyHelperTests" name="FormatToStringTest1000" />
    </UnitTest>
    <UnitTest name="xUnitTestProject.CurrencyHelperTests.FormatToStringTest1000(price: 19796.212103914568, expected: &quot;19796.21 zł&quot;)" storage="c:\projekty\xunittestproject\bin\debug\netcoreapp3.1\xunittestproject.dll" id="eaf0b15c-0fc1-b6e6-caad-e11eeb0c7fda">
      <Execution id="2411cab1-fc30-4f79-a3b0-e6d05bbb216c" />
      <TestMethod codeBase="C:\Projekty\xUnitTestProject\bin\Debug\netcoreapp3.1\xUnitTestProject.dll" adapterTypeName="executor://xunit/VsTestRunner2/netcoreapp" className="xUnitTestProject.CurrencyHelperTests" name="FormatToStringTest1000" />
    </UnitTest>
    <UnitTest name="xUnitTestProject.CurrencyHelperTests.FormatToStringTest1000(price: 49672.98901987402, expected: &quot;49672.99 zł&quot;)" storage="c:\projekty\xunittestproject\bin\debug\netcoreapp3.1\xunittestproject.dll" id="17e8adfe-3d5e-8417-3ca9-9ea065f0229b">
      <Execution id="4dc5ca64-cb4d-49fd-b570-6133cb752aaa" />
      <TestMethod codeBase="C:\Projekty\xUnitTestProject\bin\Debug\netcoreapp3.1\xUnitTestProject.dll" adapterTypeName="executor://xunit/VsTestRunner2/netcoreapp" className="xUnitTestProject.CurrencyHelperTests" name="FormatToStringTest1000" />
    </UnitTest>
    <UnitTest name="xUnitTestProject.CurrencyHelperTests.FormatToStringTest1000(price: 56286.70397975702, expected: &quot;56286.70 zł&quot;)" storage="c:\projekty\xunittestproject\bin\debug\netcoreapp3.1\xunittestproject.dll" id="546c163e-77dd-f570-5b52-f67af946e3b9">
      <Execution id="5a4e2c7d-5327-4000-97ef-3068257246ee" />
      <TestMethod codeBase="C:\Projekty\xUnitTestProject\bin\Debug\netcoreapp3.1\xUnitTestProject.dll" adapterTypeName="executor://xunit/VsTestRunner2/netcoreapp" className="xUnitTestProject.CurrencyHelperTests" name="FormatToStringTest1000" />
    </UnitTest>
    <UnitTest name="xUnitTestProject.CurrencyHelperTests.FormatToStringTest1000(price: 2835.0728237931958, expected: &quot;2835.07 zł&quot;)" storage="c:\projekty\xunittestproject\bin\debug\netcoreapp3.1\xunittestproject.dll" id="72b4af26-389d-d3a5-e933-0620092c06be">
      <Execution id="00c363a5-71e3-4049-b782-ba9f717d4dd9" />
      <TestMethod codeBase="C:\Projekty\xUnitTestProject\bin\Debug\netcoreapp3.1\xUnitTestProject.dll" adapterTypeName="executor://xunit/VsTestRunner2/netcoreapp" className="xUnitTestProject.CurrencyHelperTests" name="FormatToStringTest1000" />
    </UnitTest>
    <UnitTest name="xUnitTestProject.CurrencyHelperTests.FormatToStringTest1000(price: 941.429400278921, expected: &quot;941.43 zł&quot;)" storage="c:\projekty\xunittestproject\bin\debug\netcoreapp3.1\xunittestproject.dll" id="34d55980-db04-996b-37e3-5ad72dcd15ab">
      <Execution id="c327076b-6b48-4a10-98b7-8f3a48da645a" />
      <TestMethod codeBase="C:\Projekty\xUnitTestProject\bin\Debug\netcoreapp3.1\xUnitTestProject.dll" adapterTypeName="executor://xunit/VsTestRunner2/netcoreapp" className="xUnitTestProject.CurrencyHelperTests" name="FormatToStringTest1000" />
    </UnitTest>
    <UnitTest name="xUnitTestProject.CurrencyHelperTests.FormatToStringTest1000(price: 904.351189922705, expected: &quot;904.35 zł&quot;)" storage="c:\projekty\xunittestproject\bin\debug\netcoreapp3.1\xunittestproject.dll" id="d6b10638-19d7-868a-2152-f7946c6c6899">
      <Execution id="c922c092-9b22-49bc-b10e-6af4b232307b" />
      <TestMethod codeBase="C:\Projekty\xUnitTestProject\bin\Debug\netcoreapp3.1\xUnitTestProject.dll" adapterTypeName="executor://xunit/VsTestRunner2/netcoreapp" className="xUnitTestProject.CurrencyHelperTests" name="FormatToStringTest1000" />
    </UnitTest>
    <UnitTest name="xUnitTestProject.CurrencyHelperTests.FormatToStringTest1000(price: 22791.735381432685, expected: &quot;22791.74 zł&quot;)" storage="c:\projekty\xunittestproject\bin\debug\netcoreapp3.1\xunittestproject.dll" id="b07c6436-dbf7-0138-be42-b4b6d3d7e52c">
      <Execution id="0f08861d-23c0-486c-ae2b-4f3014365314" />
      <TestMethod codeBase="C:\Projekty\xUnitTestProject\bin\Debug\netcoreapp3.1\xUnitTestProject.dll" adapterTypeName="executor://xunit/VsTestRunner2/netcoreapp" className="xUnitTestProject.CurrencyHelperTests" name="FormatToStringTest1000" />
    </UnitTest>
    <UnitTest name="xUnitTestProject.CurrencyHelperTests.FormatToStringTest1000(price: 765.778932784581, expected: &quot;765.78 zł&quot;)" storage="c:\projekty\xunittestproject\bin\debug\netcoreapp3.1\xunittestproject.dll" id="e97847d9-9bdd-db77-8bd9-477fffb0c503">
      <Execution id="a5ecdc5c-d058-44b7-8f45-1bc4961188cf" />
      <TestMethod codeBase="C:\Projekty\xUnitTestProject\bin\Debug\netcoreapp3.1\xUnitTestProject.dll" adapterTypeName="executor://xunit/VsTestRunner2/netcoreapp" className="xUnitTestProject.CurrencyHelperTests" name="FormatToStringTest1000" />
    </UnitTest>
    <UnitTest name="xUnitTestProject.CurrencyHelperTests.FormatToStringTest1000(price: 80609.94377465078, expected: &quot;80609.94 zł&quot;)" storage="c:\projekty\xunittestproject\bin\debug\netcoreapp3.1\xunittestproject.dll" id="0514bc2b-5cc4-a04d-717a-fd9efa22f04a">
      <Execution id="b36c7e16-881f-49d1-8cea-7447c68b236d" />
      <TestMethod codeBase="C:\Projekty\xUnitTestProject\bin\Debug\netcoreapp3.1\xUnitTestProject.dll" adapterTypeName="executor://xunit/VsTestRunner2/netcoreapp" className="xUnitTestProject.CurrencyHelperTests" name="FormatToStringTest1000" />
    </UnitTest>
    <UnitTest name="xUnitTestProject.CurrencyHelperTests.FormatToStringTest1000(price: 30199.386730006612, expected: &quot;30199.39 zł&quot;)" storage="c:\projekty\xunittestproject\bin\debug\netcoreapp3.1\xunittestproject.dll" id="939e1c3f-3bc7-ec75-48fe-8501679b5ff4">
      <Execution id="06bdbc04-c827-44b1-9ed0-8d1f926c12f5" />
      <TestMethod codeBase="C:\Projekty\xUnitTestProject\bin\Debug\netcoreapp3.1\xUnitTestProject.dll" adapterTypeName="executor://xunit/VsTestRunner2/netcoreapp" className="xUnitTestProject.CurrencyHelperTests" name="FormatToStringTest1000" />
    </UnitTest>
    <UnitTest name="xUnitTestProject.CurrencyHelperTests.FormatToStringTest1000(price: 36760.171806480816, expected: &quot;36760.17 zł&quot;)" storage="c:\projekty\xunittestproject\bin\debug\netcoreapp3.1\xunittestproject.dll" id="758b94a4-3e83-213a-e897-268aa753a08f">
      <Execution id="c73f9ca9-28e6-49ea-899f-6c13440a4293" />
      <TestMethod codeBase="C:\Projekty\xUnitTestProject\bin\Debug\netcoreapp3.1\xUnitTestProject.dll" adapterTypeName="executor://xunit/VsTestRunner2/netcoreapp" className="xUnitTestProject.CurrencyHelperTests" name="FormatToStringTest1000" />
    </UnitTest>
    <UnitTest name="xUnitTestProject.CurrencyHelperTests.FormatToStringTest1000(price: 19085.023282992664, expected: &quot;19085.02 zł&quot;)" storage="c:\projekty\xunittestproject\bin\debug\netcoreapp3.1\xunittestproject.dll" id="48c41a45-a694-6e7a-7100-4b0ce75fbb19">
      <Execution id="509829c5-d2b5-4920-9930-d8e1f8593ab3" />
      <TestMethod codeBase="C:\Projekty\xUnitTestProject\bin\Debug\netcoreapp3.1\xUnitTestProject.dll" adapterTypeName="executor://xunit/VsTestRunner2/netcoreapp" className="xUnitTestProject.CurrencyHelperTests" name="FormatToStringTest1000" />
    </UnitTest>
    <UnitTest name="xUnitTestProject.CurrencyHelperTests.FormatToStringTest1000(price: 17315.72309779363, expected: &quot;17315.72 zł&quot;)" storage="c:\projekty\xunittestproject\bin\debug\netcoreapp3.1\xunittestproject.dll" id="6b6f1069-86c1-e08a-6926-d89a012b7b47">
      <Execution id="37a74e47-823f-4ce0-953d-a0ef47e2c931" />
      <TestMethod codeBase="C:\Projekty\xUnitTestProject\bin\Debug\netcoreapp3.1\xUnitTestProject.dll" adapterTypeName="executor://xunit/VsTestRunner2/netcoreapp" className="xUnitTestProject.CurrencyHelperTests" name="FormatToStringTest1000" />
    </UnitTest>
    <UnitTest name="xUnitTestProject.CurrencyHelperTests.FormatToStringTest1000(price: 32213.734885384205, expected: &quot;32213.73 zł&quot;)" storage="c:\projekty\xunittestproject\bin\debug\netcoreapp3.1\xunittestproject.dll" id="7c3ffa01-e97c-2ed2-ce73-5d584269f0e2">
      <Execution id="6b7cedb1-c7fa-4472-a4f0-9b0224e46b13" />
      <TestMethod codeBase="C:\Projekty\xUnitTestProject\bin\Debug\netcoreapp3.1\xUnitTestProject.dll" adapterTypeName="executor://xunit/VsTestRunner2/netcoreapp" className="xUnitTestProject.CurrencyHelperTests" name="FormatToStringTest1000" />
    </UnitTest>
    <UnitTest name="xUnitTestProject.CurrencyHelperTests.FormatToStringTest1000(price: 12903.541202012237, expected: &quot;12903.54 zł&quot;)" storage="c:\projekty\xunittestproject\bin\debug\netcoreapp3.1\xunittestproject.dll" id="a69afd9b-81e8-28e1-2371-18b74a947656">
      <Execution id="dc379f12-1d1d-4a4b-89d7-3bd785d64bdf" />
      <TestMethod codeBase="C:\Projekty\xUnitTestProject\bin\Debug\netcoreapp3.1\xUnitTestProject.dll" adapterTypeName="executor://xunit/VsTestRunner2/netcoreapp" className="xUnitTestProject.CurrencyHelperTests" name="FormatToStringTest1000" />
    </UnitTest>
    <UnitTest name="xUnitTestProject.CurrencyHelperTests.FormatToStringTest1000(price: 6266.232005888704, expected: &quot;6266.23 zł&quot;)" storage="c:\projekty\xunittestproject\bin\debug\netcoreapp3.1\xunittestproject.dll" id="d3cdcde5-df28-6c6c-d5ee-263c0a49023a">
      <Execution id="872b6726-1b72-4bae-9da4-584dc338d235" />
      <TestMethod codeBase="C:\Projekty\xUnitTestProject\bin\Debug\netcoreapp3.1\xUnitTestProject.dll" adapterTypeName="executor://xunit/VsTestRunner2/netcoreapp" className="xUnitTestProject.CurrencyHelperTests" name="FormatToStringTest1000" />
    </UnitTest>
    <UnitTest name="xUnitTestProject.CurrencyHelperTests.FormatToStringTest1000(price: 30071.004434484523, expected: &quot;30071.00 zł&quot;)" storage="c:\projekty\xunittestproject\bin\debug\netcoreapp3.1\xunittestproject.dll" id="ded3a712-fe17-74f4-ce2a-e02d4a5da442">
      <Execution id="92cdf8b1-723b-46d7-b785-e394700f186a" />
      <TestMethod codeBase="C:\Projekty\xUnitTestProject\bin\Debug\netcoreapp3.1\xUnitTestProject.dll" adapterTypeName="executor://xunit/VsTestRunner2/netcoreapp" className="xUnitTestProject.CurrencyHelperTests" name="FormatToStringTest1000" />
    </UnitTest>
    <UnitTest name="xUnitTestProject.CurrencyHelperTests.FormatToStringTest1000(price: 48428.38681602682, expected: &quot;48428.39 zł&quot;)" storage="c:\projekty\xunittestproject\bin\debug\netcoreapp3.1\xunittestproject.dll" id="c0952508-ec1e-97b9-fe02-0c1a5085abd7">
      <Execution id="a7ee3718-4d9c-4da6-abe2-512ebed904bc" />
      <TestMethod codeBase="C:\Projekty\xUnitTestProject\bin\Debug\netcoreapp3.1\xUnitTestProject.dll" adapterTypeName="executor://xunit/VsTestRunner2/netcoreapp" className="xUnitTestProject.CurrencyHelperTests" name="FormatToStringTest1000" />
    </UnitTest>
    <UnitTest name="xUnitTestProject.CurrencyHelperTests.FormatToStringTest1000(price: 748.6264857065987, expected: &quot;748.63 zł&quot;)" storage="c:\projekty\xunittestproject\bin\debug\netcoreapp3.1\xunittestproject.dll" id="927355f0-db19-7988-f19c-ec0494e2f5d9">
      <Execution id="869d1043-01c4-498f-83fe-0485c2a6be49" />
      <TestMethod codeBase="C:\Projekty\xUnitTestProject\bin\Debug\netcoreapp3.1\xUnitTestProject.dll" adapterTypeName="executor://xunit/VsTestRunner2/netcoreapp" className="xUnitTestProject.CurrencyHelperTests" name="FormatToStringTest1000" />
    </UnitTest>
    <UnitTest name="xUnitTestProject.CurrencyHelperTests.FormatToStringTest1000(price: 19603.69286519321, expected: &quot;19603.69 zł&quot;)" storage="c:\projekty\xunittestproject\bin\debug\netcoreapp3.1\xunittestproject.dll" id="e8631f54-2451-193b-aa4f-8be567b318eb">
      <Execution id="314efff7-3f27-4b98-9764-82bb432565f1" />
      <TestMethod codeBase="C:\Projekty\xUnitTestProject\bin\Debug\netcoreapp3.1\xUnitTestProject.dll" adapterTypeName="executor://xunit/VsTestRunner2/netcoreapp" className="xUnitTestProject.CurrencyHelperTests" name="FormatToStringTest1000" />
    </UnitTest>
    <UnitTest name="xUnitTestProject.CurrencyHelperTests.FormatToStringTest1000(price: 6838.422316571894, expected: &quot;6838.42 zł&quot;)" storage="c:\projekty\xunittestproject\bin\debug\netcoreapp3.1\xunittestproject.dll" id="b163eddc-fed2-8a3f-de92-54285bf94b6d">
      <Execution id="90d686ef-7bfa-4bc8-a8cb-89fa4df80107" />
      <TestMethod codeBase="C:\Projekty\xUnitTestProject\bin\Debug\netcoreapp3.1\xUnitTestProject.dll" adapterTypeName="executor://xunit/VsTestRunner2/netcoreapp" className="xUnitTestProject.CurrencyHelperTests" name="FormatToStringTest1000" />
    </UnitTest>
    <UnitTest name="xUnitTestProject.CurrencyHelperTests.FormatToStringTest1000(price: 14867.726341984107, expected: &quot;14867.73 zł&quot;)" storage="c:\projekty\xunittestproject\bin\debug\netcoreapp3.1\xunittestproject.dll" id="c15129d5-d936-d35a-141a-341775ad7af1">
      <Execution id="aba2331d-696c-4708-85f3-ddc71343e268" />
      <TestMethod codeBase="C:\Projekty\xUnitTestProject\bin\Debug\netcoreapp3.1\xUnitTestProject.dll" adapterTypeName="executor://xunit/VsTestRunner2/netcoreapp" className="xUnitTestProject.CurrencyHelperTests" name="FormatToStringTest1000" />
    </UnitTest>
    <UnitTest name="xUnitTestProject.CurrencyHelperTests.FormatToStringTest1000(price: 10268.547802396373, expected: &quot;10268.55 zł&quot;)" storage="c:\projekty\xunittestproject\bin\debug\netcoreapp3.1\xunittestproject.dll" id="972bb963-9a87-7070-029b-8643f34bbb6c">
      <Execution id="68a94bbe-3c16-43e8-b618-9fe984df1cf2" />
      <TestMethod codeBase="C:\Projekty\xUnitTestProject\bin\Debug\netcoreapp3.1\xUnitTestProject.dll" adapterTypeName="executor://xunit/VsTestRunner2/netcoreapp" className="xUnitTestProject.CurrencyHelperTests" name="FormatToStringTest1000" />
    </UnitTest>
    <UnitTest name="xUnitTestProject.CurrencyHelperTests.FormatToStringTest1000(price: 8095.485677032492, expected: &quot;8095.49 zł&quot;)" storage="c:\projekty\xunittestproject\bin\debug\netcoreapp3.1\xunittestproject.dll" id="2f6b6911-3bf0-1f4d-b85f-0561bbc969cd">
      <Execution id="2b78156d-5340-4acd-871a-da785775172f" />
      <TestMethod codeBase="C:\Projekty\xUnitTestProject\bin\Debug\netcoreapp3.1\xUnitTestProject.dll" adapterTypeName="executor://xunit/VsTestRunner2/netcoreapp" className="xUnitTestProject.CurrencyHelperTests" name="FormatToStringTest1000" />
    </UnitTest>
    <UnitTest name="xUnitTestProject.CurrencyHelperTests.FormatToStringTest1000(price: 9774.341362926803, expected: &quot;9774.34 zł&quot;)" storage="c:\projekty\xunittestproject\bin\debug\netcoreapp3.1\xunittestproject.dll" id="9a2bcce2-54c7-2ac9-248c-c072785d5cf2">
      <Execution id="02b220fe-7da6-4590-9e71-50464d032da5" />
      <TestMethod codeBase="C:\Projekty\xUnitTestProject\bin\Debug\netcoreapp3.1\xUnitTestProject.dll" adapterTypeName="executor://xunit/VsTestRunner2/netcoreapp" className="xUnitTestProject.CurrencyHelperTests" name="FormatToStringTest1000" />
    </UnitTest>
    <UnitTest name="xUnitTestProject.CurrencyHelperTests.FormatToStringTest1000(price: 28987.862854782896, expected: &quot;28987.86 zł&quot;)" storage="c:\projekty\xunittestproject\bin\debug\netcoreapp3.1\xunittestproject.dll" id="0d82bc84-08a9-ffda-b09d-d44b4e74eec6">
      <Execution id="e4fadef4-5a34-4005-8b9a-18e163357299" />
      <TestMethod codeBase="C:\Projekty\xUnitTestProject\bin\Debug\netcoreapp3.1\xUnitTestProject.dll" adapterTypeName="executor://xunit/VsTestRunner2/netcoreapp" className="xUnitTestProject.CurrencyHelperTests" name="FormatToStringTest1000" />
    </UnitTest>
    <UnitTest name="xUnitTestProject.CurrencyHelperTests.FormatToStringTest1000(price: 11175.438820935526, expected: &quot;11175.44 zł&quot;)" storage="c:\projekty\xunittestproject\bin\debug\netcoreapp3.1\xunittestproject.dll" id="d6ed6531-54c3-2edf-18c7-ddb0279f678b">
      <Execution id="e1d84133-338b-40ab-9a03-5865f6ed7ede" />
      <TestMethod codeBase="C:\Projekty\xUnitTestProject\bin\Debug\netcoreapp3.1\xUnitTestProject.dll" adapterTypeName="executor://xunit/VsTestRunner2/netcoreapp" className="xUnitTestProject.CurrencyHelperTests" name="FormatToStringTest1000" />
    </UnitTest>
    <UnitTest name="xUnitTestProject.CurrencyHelperTests.FormatToStringTest1000(price: 47672.66266041652, expected: &quot;47672.66 zł&quot;)" storage="c:\projekty\xunittestproject\bin\debug\netcoreapp3.1\xunittestproject.dll" id="e0c34032-6c79-2d9c-b6af-6955c63a9e30">
      <Execution id="04bc6e2e-afbf-433d-9306-f2efb5827ada" />
      <TestMethod codeBase="C:\Projekty\xUnitTestProject\bin\Debug\netcoreapp3.1\xUnitTestProject.dll" adapterTypeName="executor://xunit/VsTestRunner2/netcoreapp" className="xUnitTestProject.CurrencyHelperTests" name="FormatToStringTest1000" />
    </UnitTest>
    <UnitTest name="xUnitTestProject.CurrencyHelperTests.FormatToStringTest1000(price: 7458.609645228652, expected: &quot;7458.61 zł&quot;)" storage="c:\projekty\xunittestproject\bin\debug\netcoreapp3.1\xunittestproject.dll" id="8034b7ee-c5e3-314c-6310-8984871301b7">
      <Execution id="3677cbd5-50d6-4b2a-a569-8a57f8b7dd13" />
      <TestMethod codeBase="C:\Projekty\xUnitTestProject\bin\Debug\netcoreapp3.1\xUnitTestProject.dll" adapterTypeName="executor://xunit/VsTestRunner2/netcoreapp" className="xUnitTestProject.CurrencyHelperTests" name="FormatToStringTest1000" />
    </UnitTest>
    <UnitTest name="xUnitTestProject.CurrencyHelperTests.FormatToStringTest1000(price: 30126.012320622805, expected: &quot;30126.01 zł&quot;)" storage="c:\projekty\xunittestproject\bin\debug\netcoreapp3.1\xunittestproject.dll" id="4b28c4f2-243a-8c78-12a1-344fb80c29cf">
      <Execution id="e048a7fb-6507-4156-b25a-c079c4494f41" />
      <TestMethod codeBase="C:\Projekty\xUnitTestProject\bin\Debug\netcoreapp3.1\xUnitTestProject.dll" adapterTypeName="executor://xunit/VsTestRunner2/netcoreapp" className="xUnitTestProject.CurrencyHelperTests" name="FormatToStringTest1000" />
    </UnitTest>
    <UnitTest name="xUnitTestProject.CurrencyHelperTests.FormatToStringTest1000(price: 25376.6225052097, expected: &quot;25376.62 zł&quot;)" storage="c:\projekty\xunittestproject\bin\debug\netcoreapp3.1\xunittestproject.dll" id="8491f0a3-ed14-5fdd-d64c-af335660b6b8">
      <Execution id="75616ba3-c672-4bc2-96f3-0ad0a73ca587" />
      <TestMethod codeBase="C:\Projekty\xUnitTestProject\bin\Debug\netcoreapp3.1\xUnitTestProject.dll" adapterTypeName="executor://xunit/VsTestRunner2/netcoreapp" className="xUnitTestProject.CurrencyHelperTests" name="FormatToStringTest1000" />
    </UnitTest>
    <UnitTest name="xUnitTestProject.CurrencyHelperTests.FormatToStringTest1000(price: 26468.346804109562, expected: &quot;26468.35 zł&quot;)" storage="c:\projekty\xunittestproject\bin\debug\netcoreapp3.1\xunittestproject.dll" id="df465776-c4f6-f76e-1fec-b3cfe705b591">
      <Execution id="5f392e8f-3191-4af8-aeb9-f2cd02fd943e" />
      <TestMethod codeBase="C:\Projekty\xUnitTestProject\bin\Debug\netcoreapp3.1\xUnitTestProject.dll" adapterTypeName="executor://xunit/VsTestRunner2/netcoreapp" className="xUnitTestProject.CurrencyHelperTests" name="FormatToStringTest1000" />
    </UnitTest>
    <UnitTest name="xUnitTestProject.CurrencyHelperTests.FormatToStringTest1000(price: 7050.437505805137, expected: &quot;7050.44 zł&quot;)" storage="c:\projekty\xunittestproject\bin\debug\netcoreapp3.1\xunittestproject.dll" id="297d2ce6-e7ea-8d5e-9134-2d6e61b4337c">
      <Execution id="78ffb6f3-7a27-4816-872f-c3ff1abc0f72" />
      <TestMethod codeBase="C:\Projekty\xUnitTestProject\bin\Debug\netcoreapp3.1\xUnitTestProject.dll" adapterTypeName="executor://xunit/VsTestRunner2/netcoreapp" className="xUnitTestProject.CurrencyHelperTests" name="FormatToStringTest1000" />
    </UnitTest>
    <UnitTest name="xUnitTestProject.CurrencyHelperTests.FormatToStringTest1000(price: 82228.32322510486, expected: &quot;82228.32 zł&quot;)" storage="c:\projekty\xunittestproject\bin\debug\netcoreapp3.1\xunittestproject.dll" id="0014f817-c5c9-87d1-3e8c-ecffc3678e52">
      <Execution id="dc7d378f-0141-43a4-821b-8758dd7990f1" />
      <TestMethod codeBase="C:\Projekty\xUnitTestProject\bin\Debug\netcoreapp3.1\xUnitTestProject.dll" adapterTypeName="executor://xunit/VsTestRunner2/netcoreapp" className="xUnitTestProject.CurrencyHelperTests" name="FormatToStringTest1000" />
    </UnitTest>
    <UnitTest name="xUnitTestProject.CurrencyHelperTests.FormatToStringTest1000(price: 6466.872242818062, expected: &quot;6466.87 zł&quot;)" storage="c:\projekty\xunittestproject\bin\debug\netcoreapp3.1\xunittestproject.dll" id="07878353-6799-84f6-4a3b-1ffc56ae1d1d">
      <Execution id="1fec9f4f-5adc-4177-a71f-2fbd0a0415f2" />
      <TestMethod codeBase="C:\Projekty\xUnitTestProject\bin\Debug\netcoreapp3.1\xUnitTestProject.dll" adapterTypeName="executor://xunit/VsTestRunner2/netcoreapp" className="xUnitTestProject.CurrencyHelperTests" name="FormatToStringTest1000" />
    </UnitTest>
    <UnitTest name="xUnitTestProject.CurrencyHelperTests.FormatToStringTest1000(price: 44677.61946778074, expected: &quot;44677.62 zł&quot;)" storage="c:\projekty\xunittestproject\bin\debug\netcoreapp3.1\xunittestproject.dll" id="b4c4dec7-1c5b-811f-ea83-760608d514fd">
      <Execution id="d25d0455-90a7-4176-babb-cffa515c2933" />
      <TestMethod codeBase="C:\Projekty\xUnitTestProject\bin\Debug\netcoreapp3.1\xUnitTestProject.dll" adapterTypeName="executor://xunit/VsTestRunner2/netcoreapp" className="xUnitTestProject.CurrencyHelperTests" name="FormatToStringTest1000" />
    </UnitTest>
    <UnitTest name="xUnitTestProject.CurrencyHelperTests.FormatToStringTest1000(price: 41368.29672956015, expected: &quot;41368.30 zł&quot;)" storage="c:\projekty\xunittestproject\bin\debug\netcoreapp3.1\xunittestproject.dll" id="ff67ffea-ea63-9682-e246-a48f70d1fb56">
      <Execution id="c50b2158-bbcb-443c-81d7-21593d30b824" />
      <TestMethod codeBase="C:\Projekty\xUnitTestProject\bin\Debug\netcoreapp3.1\xUnitTestProject.dll" adapterTypeName="executor://xunit/VsTestRunner2/netcoreapp" className="xUnitTestProject.CurrencyHelperTests" name="FormatToStringTest1000" />
    </UnitTest>
    <UnitTest name="xUnitTestProject.CurrencyHelperTests.FormatToStringTest1000(price: 28306.369434126827, expected: &quot;28306.37 zł&quot;)" storage="c:\projekty\xunittestproject\bin\debug\netcoreapp3.1\xunittestproject.dll" id="2031700b-98b7-ff2b-f550-00f3842fd04f">
      <Execution id="f0f64dd9-c76a-4162-84cd-b16da221a9a7" />
      <TestMethod codeBase="C:\Projekty\xUnitTestProject\bin\Debug\netcoreapp3.1\xUnitTestProject.dll" adapterTypeName="executor://xunit/VsTestRunner2/netcoreapp" className="xUnitTestProject.CurrencyHelperTests" name="FormatToStringTest1000" />
    </UnitTest>
    <UnitTest name="xUnitTestProject.CurrencyHelperTests.FormatToStringTest1000(price: 33245.44763357819, expected: &quot;33245.45 zł&quot;)" storage="c:\projekty\xunittestproject\bin\debug\netcoreapp3.1\xunittestproject.dll" id="ead5e525-476c-e9b0-a913-d40736b344c3">
      <Execution id="461fbeee-854e-4828-a838-0d72bf43dce3" />
      <TestMethod codeBase="C:\Projekty\xUnitTestProject\bin\Debug\netcoreapp3.1\xUnitTestProject.dll" adapterTypeName="executor://xunit/VsTestRunner2/netcoreapp" className="xUnitTestProject.CurrencyHelperTests" name="FormatToStringTest1000" />
    </UnitTest>
    <UnitTest name="xUnitTestProject.CurrencyHelperTests.FormatToStringTest1000(price: 68770.73008707525, expected: &quot;68770.73 zł&quot;)" storage="c:\projekty\xunittestproject\bin\debug\netcoreapp3.1\xunittestproject.dll" id="123932a6-c3cf-7fb9-5ef5-34297fb3a837">
      <Execution id="5105e99f-78f9-4844-9fe7-7112f8e5246c" />
      <TestMethod codeBase="C:\Projekty\xUnitTestProject\bin\Debug\netcoreapp3.1\xUnitTestProject.dll" adapterTypeName="executor://xunit/VsTestRunner2/netcoreapp" className="xUnitTestProject.CurrencyHelperTests" name="FormatToStringTest1000" />
    </UnitTest>
    <UnitTest name="xUnitTestProject.CurrencyHelperTests.FormatToStringTest1000(price: 1898.24149096489, expected: &quot;1898.24 zł&quot;)" storage="c:\projekty\xunittestproject\bin\debug\netcoreapp3.1\xunittestproject.dll" id="237b1260-5bf2-21f1-fab1-5f4efe94ad6e">
      <Execution id="4d16e452-b13a-483b-b750-1d4fb171c217" />
      <TestMethod codeBase="C:\Projekty\xUnitTestProject\bin\Debug\netcoreapp3.1\xUnitTestProject.dll" adapterTypeName="executor://xunit/VsTestRunner2/netcoreapp" className="xUnitTestProject.CurrencyHelperTests" name="FormatToStringTest1000" />
    </UnitTest>
    <UnitTest name="xUnitTestProject.CurrencyHelperTests.FormatToStringTest1000(price: 10784.438152511344, expected: &quot;10784.44 zł&quot;)" storage="c:\projekty\xunittestproject\bin\debug\netcoreapp3.1\xunittestproject.dll" id="575b3040-83fc-2437-91d5-9ac3f2af85b4">
      <Execution id="873d75de-6705-49ef-bd38-940636f1b376" />
      <TestMethod codeBase="C:\Projekty\xUnitTestProject\bin\Debug\netcoreapp3.1\xUnitTestProject.dll" adapterTypeName="executor://xunit/VsTestRunner2/netcoreapp" className="xUnitTestProject.CurrencyHelperTests" name="FormatToStringTest1000" />
    </UnitTest>
    <UnitTest name="xUnitTestProject.CurrencyHelperTests.FormatToStringTest1000(price: 57564.498126061866, expected: &quot;57564.50 zł&quot;)" storage="c:\projekty\xunittestproject\bin\debug\netcoreapp3.1\xunittestproject.dll" id="102bb5fe-d832-e7b4-1cec-260995c71130">
      <Execution id="291211cb-83ce-4427-b294-ea10f08bd856" />
      <TestMethod codeBase="C:\Projekty\xUnitTestProject\bin\Debug\netcoreapp3.1\xUnitTestProject.dll" adapterTypeName="executor://xunit/VsTestRunner2/netcoreapp" className="xUnitTestProject.CurrencyHelperTests" name="FormatToStringTest1000" />
    </UnitTest>
    <UnitTest name="xUnitTestProject.CurrencyHelperTests.FormatToStringTest1000(price: 9897.705953436767, expected: &quot;9897.71 zł&quot;)" storage="c:\projekty\xunittestproject\bin\debug\netcoreapp3.1\xunittestproject.dll" id="281669ef-629b-f1d2-33b2-c7fad7ee0226">
      <Execution id="c0ca860b-bbe4-4c11-bea9-45275350d5a4" />
      <TestMethod codeBase="C:\Projekty\xUnitTestProject\bin\Debug\netcoreapp3.1\xUnitTestProject.dll" adapterTypeName="executor://xunit/VsTestRunner2/netcoreapp" className="xUnitTestProject.CurrencyHelperTests" name="FormatToStringTest1000" />
    </UnitTest>
    <UnitTest name="xUnitTestProject.CurrencyHelperTests.FormatToStringTest1000(price: 43424.45140075332, expected: &quot;43424.45 zł&quot;)" storage="c:\projekty\xunittestproject\bin\debug\netcoreapp3.1\xunittestproject.dll" id="e63012a7-c6dd-105c-5599-46a75e19ac35">
      <Execution id="5500ff9a-710a-44e3-8cca-462ae71f04a2" />
      <TestMethod codeBase="C:\Projekty\xUnitTestProject\bin\Debug\netcoreapp3.1\xUnitTestProject.dll" adapterTypeName="executor://xunit/VsTestRunner2/netcoreapp" className="xUnitTestProject.CurrencyHelperTests" name="FormatToStringTest1000" />
    </UnitTest>
    <UnitTest name="xUnitTestProject.CurrencyHelperTests.FormatToStringTest1000(price: 31163.834562352316, expected: &quot;31163.83 zł&quot;)" storage="c:\projekty\xunittestproject\bin\debug\netcoreapp3.1\xunittestproject.dll" id="2f5e415d-a063-a3ff-febb-2ffdc85ba98d">
      <Execution id="2673f82f-60a7-4e74-bf3f-2c28bcb013e6" />
      <TestMethod codeBase="C:\Projekty\xUnitTestProject\bin\Debug\netcoreapp3.1\xUnitTestProject.dll" adapterTypeName="executor://xunit/VsTestRunner2/netcoreapp" className="xUnitTestProject.CurrencyHelperTests" name="FormatToStringTest1000" />
    </UnitTest>
    <UnitTest name="xUnitTestProject.CurrencyHelperTests.FormatToStringTest1000(price: 9816.961298880615, expected: &quot;9816.96 zł&quot;)" storage="c:\projekty\xunittestproject\bin\debug\netcoreapp3.1\xunittestproject.dll" id="d2e288cb-5b2d-9b97-c7c0-aed9f363013c">
      <Execution id="75528677-3a1d-4eb1-a56d-f3998e23491d" />
      <TestMethod codeBase="C:\Projekty\xUnitTestProject\bin\Debug\netcoreapp3.1\xUnitTestProject.dll" adapterTypeName="executor://xunit/VsTestRunner2/netcoreapp" className="xUnitTestProject.CurrencyHelperTests" name="FormatToStringTest1000" />
    </UnitTest>
    <UnitTest name="xUnitTestProject.CurrencyHelperTests.FormatToStringTest1000(price: 14137.400697779563, expected: &quot;14137.40 zł&quot;)" storage="c:\projekty\xunittestproject\bin\debug\netcoreapp3.1\xunittestproject.dll" id="5b2fabb4-e059-962c-348f-3355cdc7486e">
      <Execution id="64c1ab97-7a3b-4898-b84a-bb1e9bab33fb" />
      <TestMethod codeBase="C:\Projekty\xUnitTestProject\bin\Debug\netcoreapp3.1\xUnitTestProject.dll" adapterTypeName="executor://xunit/VsTestRunner2/netcoreapp" className="xUnitTestProject.CurrencyHelperTests" name="FormatToStringTest1000" />
    </UnitTest>
    <UnitTest name="xUnitTestProject.CurrencyHelperTests.FormatToStringTest1000(price: 32218.080508120394, expected: &quot;32218.08 zł&quot;)" storage="c:\projekty\xunittestproject\bin\debug\netcoreapp3.1\xunittestproject.dll" id="abc33cd0-29a9-07f5-4aa9-4d70e8dec4a4">
      <Execution id="c627168d-39cd-420d-8eec-2724086611b8" />
      <TestMethod codeBase="C:\Projekty\xUnitTestProject\bin\Debug\netcoreapp3.1\xUnitTestProject.dll" adapterTypeName="executor://xunit/VsTestRunner2/netcoreapp" className="xUnitTestProject.CurrencyHelperTests" name="FormatToStringTest1000" />
    </UnitTest>
    <UnitTest name="xUnitTestProject.CurrencyHelperTests.FormatToStringTest1000(price: 6550.421588937948, expected: &quot;6550.42 zł&quot;)" storage="c:\projekty\xunittestproject\bin\debug\netcoreapp3.1\xunittestproject.dll" id="4e1f3ab2-e30f-84ab-8c3f-ffbda0a749a7">
      <Execution id="7e11c2d6-618a-4370-a3d8-a8699d3777d3" />
      <TestMethod codeBase="C:\Projekty\xUnitTestProject\bin\Debug\netcoreapp3.1\xUnitTestProject.dll" adapterTypeName="executor://xunit/VsTestRunner2/netcoreapp" className="xUnitTestProject.CurrencyHelperTests" name="FormatToStringTest1000" />
    </UnitTest>
    <UnitTest name="xUnitTestProject.CurrencyHelperTests.FormatToStringTest1000(price: 42555.01416107594, expected: &quot;42555.01 zł&quot;)" storage="c:\projekty\xunittestproject\bin\debug\netcoreapp3.1\xunittestproject.dll" id="97fa9539-2f5b-d008-d8ef-c0d60778ca89">
      <Execution id="12335083-3fc6-4f3e-8a8f-9fc324336767" />
      <TestMethod codeBase="C:\Projekty\xUnitTestProject\bin\Debug\netcoreapp3.1\xUnitTestProject.dll" adapterTypeName="executor://xunit/VsTestRunner2/netcoreapp" className="xUnitTestProject.CurrencyHelperTests" name="FormatToStringTest1000" />
    </UnitTest>
    <UnitTest name="xUnitTestProject.CurrencyHelperTests.FormatToStringTest1000(price: 32632.105531036905, expected: &quot;32632.11 zł&quot;)" storage="c:\projekty\xunittestproject\bin\debug\netcoreapp3.1\xunittestproject.dll" id="7514081f-0084-9527-726e-372a541e02c5">
      <Execution id="529c6aab-c55b-4a9a-b902-a9caacbcf785" />
      <TestMethod codeBase="C:\Projekty\xUnitTestProject\bin\Debug\netcoreapp3.1\xUnitTestProject.dll" adapterTypeName="executor://xunit/VsTestRunner2/netcoreapp" className="xUnitTestProject.CurrencyHelperTests" name="FormatToStringTest1000" />
    </UnitTest>
    <UnitTest name="xUnitTestProject.CurrencyHelperTests.FormatToStringTest1000(price: 270.1894008262033, expected: &quot;270.19 zł&quot;)" storage="c:\projekty\xunittestproject\bin\debug\netcoreapp3.1\xunittestproject.dll" id="c3c40199-4dcb-06d9-bd7e-201cb412e68f">
      <Execution id="bc523f8d-826b-4d42-a10a-c39d365e987f" />
      <TestMethod codeBase="C:\Projekty\xUnitTestProject\bin\Debug\netcoreapp3.1\xUnitTestProject.dll" adapterTypeName="executor://xunit/VsTestRunner2/netcoreapp" className="xUnitTestProject.CurrencyHelperTests" name="FormatToStringTest1000" />
    </UnitTest>
    <UnitTest name="xUnitTestProject.CurrencyHelperTests.FormatToStringTest1000(price: 15313.083673952653, expected: &quot;15313.08 zł&quot;)" storage="c:\projekty\xunittestproject\bin\debug\netcoreapp3.1\xunittestproject.dll" id="de2d22dc-e411-4a1b-48db-f6f07906b5fb">
      <Execution id="4eed1f8d-1853-479b-863c-6e8a321e6c41" />
      <TestMethod codeBase="C:\Projekty\xUnitTestProject\bin\Debug\netcoreapp3.1\xUnitTestProject.dll" adapterTypeName="executor://xunit/VsTestRunner2/netcoreapp" className="xUnitTestProject.CurrencyHelperTests" name="FormatToStringTest1000" />
    </UnitTest>
    <UnitTest name="xUnitTestProject.CurrencyHelperTests.FormatToStringTest1000(price: 15129.433864736666, expected: &quot;15129.43 zł&quot;)" storage="c:\projekty\xunittestproject\bin\debug\netcoreapp3.1\xunittestproject.dll" id="fb7bf331-bde6-9156-c7eb-687415ce01f4">
      <Execution id="5edbd109-59c7-4767-8ad1-ca2fce32da35" />
      <TestMethod codeBase="C:\Projekty\xUnitTestProject\bin\Debug\netcoreapp3.1\xUnitTestProject.dll" adapterTypeName="executor://xunit/VsTestRunner2/netcoreapp" className="xUnitTestProject.CurrencyHelperTests" name="FormatToStringTest1000" />
    </UnitTest>
    <UnitTest name="xUnitTestProject.CurrencyHelperTests.FormatToStringTest1000(price: 31315.40354898544, expected: &quot;31315.40 zł&quot;)" storage="c:\projekty\xunittestproject\bin\debug\netcoreapp3.1\xunittestproject.dll" id="2cd8497b-7c7c-c528-555b-f107e750a1a0">
      <Execution id="80d664be-ded9-4aac-b725-295ca687edaf" />
      <TestMethod codeBase="C:\Projekty\xUnitTestProject\bin\Debug\netcoreapp3.1\xUnitTestProject.dll" adapterTypeName="executor://xunit/VsTestRunner2/netcoreapp" className="xUnitTestProject.CurrencyHelperTests" name="FormatToStringTest1000" />
    </UnitTest>
    <UnitTest name="xUnitTestProject.CurrencyHelperTests.FormatToStringTest1000(price: 40889.35187774214, expected: &quot;40889.35 zł&quot;)" storage="c:\projekty\xunittestproject\bin\debug\netcoreapp3.1\xunittestproject.dll" id="72e011e2-bf27-7ea5-75f9-295f8504211f">
      <Execution id="c739dfa4-bec2-492f-ada4-a4813931bba7" />
      <TestMethod codeBase="C:\Projekty\xUnitTestProject\bin\Debug\netcoreapp3.1\xUnitTestProject.dll" adapterTypeName="executor://xunit/VsTestRunner2/netcoreapp" className="xUnitTestProject.CurrencyHelperTests" name="FormatToStringTest1000" />
    </UnitTest>
    <UnitTest name="xUnitTestProject.CurrencyHelperTests.FormatToStringTest1000(price: 9558.453124931293, expected: &quot;9558.45 zł&quot;)" storage="c:\projekty\xunittestproject\bin\debug\netcoreapp3.1\xunittestproject.dll" id="bcd181d1-3270-76f5-9678-f35a85b0fff1">
      <Execution id="251c7ce2-232a-40f6-a533-ab48988af104" />
      <TestMethod codeBase="C:\Projekty\xUnitTestProject\bin\Debug\netcoreapp3.1\xUnitTestProject.dll" adapterTypeName="executor://xunit/VsTestRunner2/netcoreapp" className="xUnitTestProject.CurrencyHelperTests" name="FormatToStringTest1000" />
    </UnitTest>
    <UnitTest name="xUnitTestProject.CurrencyHelperTests.FormatToStringTest1000(price: 972.1468308629221, expected: &quot;972.15 zł&quot;)" storage="c:\projekty\xunittestproject\bin\debug\netcoreapp3.1\xunittestproject.dll" id="3c1ea8ba-f2b4-a355-28eb-de4dee6b9be9">
      <Execution id="a3a8a80d-b7f3-474f-aef3-3ab9c5615d0e" />
      <TestMethod codeBase="C:\Projekty\xUnitTestProject\bin\Debug\netcoreapp3.1\xUnitTestProject.dll" adapterTypeName="executor://xunit/VsTestRunner2/netcoreapp" className="xUnitTestProject.CurrencyHelperTests" name="FormatToStringTest1000" />
    </UnitTest>
    <UnitTest name="xUnitTestProject.CurrencyHelperTests.FormatToStringTest1000(price: 24646.322657574587, expected: &quot;24646.32 zł&quot;)" storage="c:\projekty\xunittestproject\bin\debug\netcoreapp3.1\xunittestproject.dll" id="ba7d1414-f471-8c90-0af7-54df538160f7">
      <Execution id="28bdc8b6-749e-4717-9580-736b4296e428" />
      <TestMethod codeBase="C:\Projekty\xUnitTestProject\bin\Debug\netcoreapp3.1\xUnitTestProject.dll" adapterTypeName="executor://xunit/VsTestRunner2/netcoreapp" className="xUnitTestProject.CurrencyHelperTests" name="FormatToStringTest1000" />
    </UnitTest>
    <UnitTest name="xUnitTestProject.CurrencyHelperTests.FormatToStringTest1000(price: 12528.413830086782, expected: &quot;12528.41 zł&quot;)" storage="c:\projekty\xunittestproject\bin\debug\netcoreapp3.1\xunittestproject.dll" id="598d9a80-ba03-040c-39ba-536b5b6632f4">
      <Execution id="8518516e-e9cb-489d-864c-6092e35dd8dc" />
      <TestMethod codeBase="C:\Projekty\xUnitTestProject\bin\Debug\netcoreapp3.1\xUnitTestProject.dll" adapterTypeName="executor://xunit/VsTestRunner2/netcoreapp" className="xUnitTestProject.CurrencyHelperTests" name="FormatToStringTest1000" />
    </UnitTest>
    <UnitTest name="xUnitTestProject.CurrencyHelperTests.FormatToStringTest1000(price: 9097.395563790293, expected: &quot;9097.40 zł&quot;)" storage="c:\projekty\xunittestproject\bin\debug\netcoreapp3.1\xunittestproject.dll" id="2154354b-9164-5585-480c-7dedd5c54210">
      <Execution id="d35e76c6-2c2b-4843-819e-f95df49e5d74" />
      <TestMethod codeBase="C:\Projekty\xUnitTestProject\bin\Debug\netcoreapp3.1\xUnitTestProject.dll" adapterTypeName="executor://xunit/VsTestRunner2/netcoreapp" className="xUnitTestProject.CurrencyHelperTests" name="FormatToStringTest1000" />
    </UnitTest>
    <UnitTest name="xUnitTestProject.CurrencyHelperTests.FormatToStringTest1000(price: 32566.30279101259, expected: &quot;32566.30 zł&quot;)" storage="c:\projekty\xunittestproject\bin\debug\netcoreapp3.1\xunittestproject.dll" id="f7339f67-966a-9543-e542-56a7562f05ad">
      <Execution id="4bef526a-8dc6-4ff8-a584-c2e4409af96e" />
      <TestMethod codeBase="C:\Projekty\xUnitTestProject\bin\Debug\netcoreapp3.1\xUnitTestProject.dll" adapterTypeName="executor://xunit/VsTestRunner2/netcoreapp" className="xUnitTestProject.CurrencyHelperTests" name="FormatToStringTest1000" />
    </UnitTest>
    <UnitTest name="xUnitTestProject.CurrencyHelperTests.FormatToStringTest1000(price: 31340.79231238914, expected: &quot;31340.79 zł&quot;)" storage="c:\projekty\xunittestproject\bin\debug\netcoreapp3.1\xunittestproject.dll" id="560147e0-585f-3c73-5235-3ae492c399e0">
      <Execution id="b1349fe7-ad89-43ab-a416-c8f6bf16c111" />
      <TestMethod codeBase="C:\Projekty\xUnitTestProject\bin\Debug\netcoreapp3.1\xUnitTestProject.dll" adapterTypeName="executor://xunit/VsTestRunner2/netcoreapp" className="xUnitTestProject.CurrencyHelperTests" name="FormatToStringTest1000" />
    </UnitTest>
    <UnitTest name="xUnitTestProject.CurrencyHelperTests.FormatToStringTest1000(price: 5759.256266560991, expected: &quot;5759.26 zł&quot;)" storage="c:\projekty\xunittestproject\bin\debug\netcoreapp3.1\xunittestproject.dll" id="99085e4f-7a45-28dd-d73e-76b910959f1c">
      <Execution id="fae9425f-c71c-4494-be09-294529f5f58f" />
      <TestMethod codeBase="C:\Projekty\xUnitTestProject\bin\Debug\netcoreapp3.1\xUnitTestProject.dll" adapterTypeName="executor://xunit/VsTestRunner2/netcoreapp" className="xUnitTestProject.CurrencyHelperTests" name="FormatToStringTest1000" />
    </UnitTest>
    <UnitTest name="xUnitTestProject.CurrencyHelperTests.FormatToStringTest1000(price: 67380.07704875062, expected: &quot;67380.08 zł&quot;)" storage="c:\projekty\xunittestproject\bin\debug\netcoreapp3.1\xunittestproject.dll" id="c6cb5829-9900-78b4-ad40-ce24294fb2f7">
      <Execution id="6cf014ad-cf69-4aa7-a508-9a5030180b10" />
      <TestMethod codeBase="C:\Projekty\xUnitTestProject\bin\Debug\netcoreapp3.1\xUnitTestProject.dll" adapterTypeName="executor://xunit/VsTestRunner2/netcoreapp" className="xUnitTestProject.CurrencyHelperTests" name="FormatToStringTest1000" />
    </UnitTest>
    <UnitTest name="xUnitTestProject.CurrencyHelperTests.FormatToStringTest1000(price: 50550.645020282194, expected: &quot;50550.65 zł&quot;)" storage="c:\projekty\xunittestproject\bin\debug\netcoreapp3.1\xunittestproject.dll" id="5021544e-bd06-1c2d-b3df-c21b577ebfa2">
      <Execution id="0c2aa0cf-1265-4b21-a00f-0bd31fdf1a05" />
      <TestMethod codeBase="C:\Projekty\xUnitTestProject\bin\Debug\netcoreapp3.1\xUnitTestProject.dll" adapterTypeName="executor://xunit/VsTestRunner2/netcoreapp" className="xUnitTestProject.CurrencyHelperTests" name="FormatToStringTest1000" />
    </UnitTest>
    <UnitTest name="xUnitTestProject.CurrencyHelperTests.FormatToStringTest1000(price: 56373.35086238494, expected: &quot;56373.35 zł&quot;)" storage="c:\projekty\xunittestproject\bin\debug\netcoreapp3.1\xunittestproject.dll" id="daa9a8b5-17c1-3a27-8cd4-720e13369df8">
      <Execution id="6781034e-4990-42aa-b7da-09fc9d73d6c2" />
      <TestMethod codeBase="C:\Projekty\xUnitTestProject\bin\Debug\netcoreapp3.1\xUnitTestProject.dll" adapterTypeName="executor://xunit/VsTestRunner2/netcoreapp" className="xUnitTestProject.CurrencyHelperTests" name="FormatToStringTest1000" />
    </UnitTest>
    <UnitTest name="xUnitTestProject.CurrencyHelperTests.FormatToStringTest1000(price: 10457.593086045978, expected: &quot;10457.59 zł&quot;)" storage="c:\projekty\xunittestproject\bin\debug\netcoreapp3.1\xunittestproject.dll" id="d2ca44f4-b0fb-ea99-f88d-5612fe812eb3">
      <Execution id="2fffa156-183a-4865-b68c-6e153fe1a74c" />
      <TestMethod codeBase="C:\Projekty\xUnitTestProject\bin\Debug\netcoreapp3.1\xUnitTestProject.dll" adapterTypeName="executor://xunit/VsTestRunner2/netcoreapp" className="xUnitTestProject.CurrencyHelperTests" name="FormatToStringTest1000" />
    </UnitTest>
    <UnitTest name="xUnitTestProject.CurrencyHelperTests.FormatToStringTest1000(price: 23548.88067407016, expected: &quot;23548.88 zł&quot;)" storage="c:\projekty\xunittestproject\bin\debug\netcoreapp3.1\xunittestproject.dll" id="da6c3e32-e713-64a5-d755-377865e086d4">
      <Execution id="5218fd56-c0c4-4428-ae7a-678bf20a3079" />
      <TestMethod codeBase="C:\Projekty\xUnitTestProject\bin\Debug\netcoreapp3.1\xUnitTestProject.dll" adapterTypeName="executor://xunit/VsTestRunner2/netcoreapp" className="xUnitTestProject.CurrencyHelperTests" name="FormatToStringTest1000" />
    </UnitTest>
    <UnitTest name="xUnitTestProject.CurrencyHelperTests.FormatToStringTest1000(price: 6417.5922460628635, expected: &quot;6417.59 zł&quot;)" storage="c:\projekty\xunittestproject\bin\debug\netcoreapp3.1\xunittestproject.dll" id="95359d07-8287-2be5-3354-cb2f7f60a3bf">
      <Execution id="c72cf7d4-c71d-4387-976e-0d1cc8f430ac" />
      <TestMethod codeBase="C:\Projekty\xUnitTestProject\bin\Debug\netcoreapp3.1\xUnitTestProject.dll" adapterTypeName="executor://xunit/VsTestRunner2/netcoreapp" className="xUnitTestProject.CurrencyHelperTests" name="FormatToStringTest1000" />
    </UnitTest>
    <UnitTest name="xUnitTestProject.CurrencyHelperTests.FormatToStringTest1000(price: 5611.05334835176, expected: &quot;5611.05 zł&quot;)" storage="c:\projekty\xunittestproject\bin\debug\netcoreapp3.1\xunittestproject.dll" id="a5d2d781-ed08-2478-bb45-1d4f50c82554">
      <Execution id="212d13fd-d331-4884-ad7f-a270ac91daff" />
      <TestMethod codeBase="C:\Projekty\xUnitTestProject\bin\Debug\netcoreapp3.1\xUnitTestProject.dll" adapterTypeName="executor://xunit/VsTestRunner2/netcoreapp" className="xUnitTestProject.CurrencyHelperTests" name="FormatToStringTest1000" />
    </UnitTest>
    <UnitTest name="xUnitTestProject.CurrencyHelperTests.FormatToStringTest1000(price: 66019.32414194118, expected: &quot;66019.32 zł&quot;)" storage="c:\projekty\xunittestproject\bin\debug\netcoreapp3.1\xunittestproject.dll" id="502c40b3-55a9-ed63-c19a-b15f001d74e2">
      <Execution id="96721ebb-194e-43ed-a510-286bde9485f4" />
      <TestMethod codeBase="C:\Projekty\xUnitTestProject\bin\Debug\netcoreapp3.1\xUnitTestProject.dll" adapterTypeName="executor://xunit/VsTestRunner2/netcoreapp" className="xUnitTestProject.CurrencyHelperTests" name="FormatToStringTest1000" />
    </UnitTest>
    <UnitTest name="xUnitTestProject.CurrencyHelperTests.FormatToStringTest1000(price: 17579.823312525088, expected: &quot;17579.82 zł&quot;)" storage="c:\projekty\xunittestproject\bin\debug\netcoreapp3.1\xunittestproject.dll" id="9a9212ad-b798-7488-4494-e587449427c6">
      <Execution id="daeaabdb-5853-457d-ac41-b40b4ed0618b" />
      <TestMethod codeBase="C:\Projekty\xUnitTestProject\bin\Debug\netcoreapp3.1\xUnitTestProject.dll" adapterTypeName="executor://xunit/VsTestRunner2/netcoreapp" className="xUnitTestProject.CurrencyHelperTests" name="FormatToStringTest1000" />
    </UnitTest>
    <UnitTest name="xUnitTestProject.CurrencyHelperTests.FormatToStringTest1000(price: 74851.91547305691, expected: &quot;74851.92 zł&quot;)" storage="c:\projekty\xunittestproject\bin\debug\netcoreapp3.1\xunittestproject.dll" id="15a5c8eb-0c90-a7e4-0dc8-5ce2be1587d5">
      <Execution id="d9588cb9-c70a-4081-b179-9b6141151dea" />
      <TestMethod codeBase="C:\Projekty\xUnitTestProject\bin\Debug\netcoreapp3.1\xUnitTestProject.dll" adapterTypeName="executor://xunit/VsTestRunner2/netcoreapp" className="xUnitTestProject.CurrencyHelperTests" name="FormatToStringTest1000" />
    </UnitTest>
    <UnitTest name="xUnitTestProject.CurrencyHelperTests.FormatToStringTest1000(price: 3846.644792262765, expected: &quot;3846.64 zł&quot;)" storage="c:\projekty\xunittestproject\bin\debug\netcoreapp3.1\xunittestproject.dll" id="59fa5d82-f5a4-cb1c-ec41-0422b5d07418">
      <Execution id="cac8bfa3-fd0d-4aac-8892-fb16d0c4df51" />
      <TestMethod codeBase="C:\Projekty\xUnitTestProject\bin\Debug\netcoreapp3.1\xUnitTestProject.dll" adapterTypeName="executor://xunit/VsTestRunner2/netcoreapp" className="xUnitTestProject.CurrencyHelperTests" name="FormatToStringTest1000" />
    </UnitTest>
    <UnitTest name="xUnitTestProject.CurrencyHelperTests.FormatToStringTest1000(price: 26686.08488193065, expected: &quot;26686.08 zł&quot;)" storage="c:\projekty\xunittestproject\bin\debug\netcoreapp3.1\xunittestproject.dll" id="8ff84779-95f5-a8f9-809e-e568d86ada77">
      <Execution id="68f17432-28ac-45b3-b7e2-01b22c1b7c68" />
      <TestMethod codeBase="C:\Projekty\xUnitTestProject\bin\Debug\netcoreapp3.1\xUnitTestProject.dll" adapterTypeName="executor://xunit/VsTestRunner2/netcoreapp" className="xUnitTestProject.CurrencyHelperTests" name="FormatToStringTest1000" />
    </UnitTest>
    <UnitTest name="xUnitTestProject.CurrencyHelperTests.FormatToStringTest1000(price: 30533.30031120838, expected: &quot;30533.30 zł&quot;)" storage="c:\projekty\xunittestproject\bin\debug\netcoreapp3.1\xunittestproject.dll" id="dba976e4-619d-1846-93cf-501dc328971c">
      <Execution id="adc8534a-4728-44db-b9d8-3540a40f2498" />
      <TestMethod codeBase="C:\Projekty\xUnitTestProject\bin\Debug\netcoreapp3.1\xUnitTestProject.dll" adapterTypeName="executor://xunit/VsTestRunner2/netcoreapp" className="xUnitTestProject.CurrencyHelperTests" name="FormatToStringTest1000" />
    </UnitTest>
    <UnitTest name="xUnitTestProject.CurrencyHelperTests.FormatToStringTest1000(price: 34951.47290410077, expected: &quot;34951.47 zł&quot;)" storage="c:\projekty\xunittestproject\bin\debug\netcoreapp3.1\xunittestproject.dll" id="c3b1d717-2998-1634-887e-572d42236e5b">
      <Execution id="c15e9252-2333-4213-9fee-551f13f2e46e" />
      <TestMethod codeBase="C:\Projekty\xUnitTestProject\bin\Debug\netcoreapp3.1\xUnitTestProject.dll" adapterTypeName="executor://xunit/VsTestRunner2/netcoreapp" className="xUnitTestProject.CurrencyHelperTests" name="FormatToStringTest1000" />
    </UnitTest>
    <UnitTest name="xUnitTestProject.CurrencyHelperTests.FormatToStringTest1000(price: 44869.327020554025, expected: &quot;44869.33 zł&quot;)" storage="c:\projekty\xunittestproject\bin\debug\netcoreapp3.1\xunittestproject.dll" id="eb3e6893-2377-abc3-6bc4-b22d25b0ece8">
      <Execution id="0e162f56-abf8-4f08-bbae-75a3e6fe6d74" />
      <TestMethod codeBase="C:\Projekty\xUnitTestProject\bin\Debug\netcoreapp3.1\xUnitTestProject.dll" adapterTypeName="executor://xunit/VsTestRunner2/netcoreapp" className="xUnitTestProject.CurrencyHelperTests" name="FormatToStringTest1000" />
    </UnitTest>
    <UnitTest name="xUnitTestProject.CurrencyHelperTests.FormatToStringTest1000(price: 63291.50274994015, expected: &quot;63291.50 zł&quot;)" storage="c:\projekty\xunittestproject\bin\debug\netcoreapp3.1\xunittestproject.dll" id="4e2fa441-f609-cc78-7eb6-a2fea9348b3f">
      <Execution id="4f30b0a9-63be-45a7-aa95-f09266fb34d0" />
      <TestMethod codeBase="C:\Projekty\xUnitTestProject\bin\Debug\netcoreapp3.1\xUnitTestProject.dll" adapterTypeName="executor://xunit/VsTestRunner2/netcoreapp" className="xUnitTestProject.CurrencyHelperTests" name="FormatToStringTest1000" />
    </UnitTest>
    <UnitTest name="xUnitTestProject.CurrencyHelperTests.FormatToStringTest1000(price: 34060.48467268724, expected: &quot;34060.48 zł&quot;)" storage="c:\projekty\xunittestproject\bin\debug\netcoreapp3.1\xunittestproject.dll" id="7e545621-7d10-75d6-0eb9-82dda8912c2c">
      <Execution id="8487621c-0cb5-4089-ab07-83c9e85cc186" />
      <TestMethod codeBase="C:\Projekty\xUnitTestProject\bin\Debug\netcoreapp3.1\xUnitTestProject.dll" adapterTypeName="executor://xunit/VsTestRunner2/netcoreapp" className="xUnitTestProject.CurrencyHelperTests" name="FormatToStringTest1000" />
    </UnitTest>
    <UnitTest name="xUnitTestProject.CurrencyHelperTests.FormatToStringTest1000(price: 2409.393997763001, expected: &quot;2409.39 zł&quot;)" storage="c:\projekty\xunittestproject\bin\debug\netcoreapp3.1\xunittestproject.dll" id="cd5a26d8-2bfb-59a4-04b5-4f695fd431f8">
      <Execution id="e1adab2e-18cf-42ed-98ed-5d23d8e20c19" />
      <TestMethod codeBase="C:\Projekty\xUnitTestProject\bin\Debug\netcoreapp3.1\xUnitTestProject.dll" adapterTypeName="executor://xunit/VsTestRunner2/netcoreapp" className="xUnitTestProject.CurrencyHelperTests" name="FormatToStringTest1000" />
    </UnitTest>
    <UnitTest name="xUnitTestProject.CurrencyHelperTests.FormatToStringTest1000(price: 25882.451101077, expected: &quot;25882.45 zł&quot;)" storage="c:\projekty\xunittestproject\bin\debug\netcoreapp3.1\xunittestproject.dll" id="13946824-77dd-557e-ea95-b0f908b787b1">
      <Execution id="ab8b9882-884e-45ac-a4e5-b499c3ad00f5" />
      <TestMethod codeBase="C:\Projekty\xUnitTestProject\bin\Debug\netcoreapp3.1\xUnitTestProject.dll" adapterTypeName="executor://xunit/VsTestRunner2/netcoreapp" className="xUnitTestProject.CurrencyHelperTests" name="FormatToStringTest1000" />
    </UnitTest>
    <UnitTest name="xUnitTestProject.CurrencyHelperTests.FormatToStringTest1000(price: 62975.496334776515, expected: &quot;62975.50 zł&quot;)" storage="c:\projekty\xunittestproject\bin\debug\netcoreapp3.1\xunittestproject.dll" id="6590b071-f8b2-e4e3-3b40-027135dfc051">
      <Execution id="44def5f3-9575-4ae0-8f8c-3a06cc8be58d" />
      <TestMethod codeBase="C:\Projekty\xUnitTestProject\bin\Debug\netcoreapp3.1\xUnitTestProject.dll" adapterTypeName="executor://xunit/VsTestRunner2/netcoreapp" className="xUnitTestProject.CurrencyHelperTests" name="FormatToStringTest1000" />
    </UnitTest>
    <UnitTest name="xUnitTestProject.CurrencyHelperTests.FormatToStringTest1000(price: 37387.37521261972, expected: &quot;37387.38 zł&quot;)" storage="c:\projekty\xunittestproject\bin\debug\netcoreapp3.1\xunittestproject.dll" id="0ed4f192-4727-c437-89cc-2b16440ebef0">
      <Execution id="e667b1aa-12c7-48fd-99ec-a0ea90c5a1a9" />
      <TestMethod codeBase="C:\Projekty\xUnitTestProject\bin\Debug\netcoreapp3.1\xUnitTestProject.dll" adapterTypeName="executor://xunit/VsTestRunner2/netcoreapp" className="xUnitTestProject.CurrencyHelperTests" name="FormatToStringTest1000" />
    </UnitTest>
    <UnitTest name="xUnitTestProject.CurrencyHelperTests.FormatToStringTest1000(price: 18786.954468002055, expected: &quot;18786.95 zł&quot;)" storage="c:\projekty\xunittestproject\bin\debug\netcoreapp3.1\xunittestproject.dll" id="81074b63-819a-5707-3f0a-c12b1496d111">
      <Execution id="a5e33219-4be9-4b62-b457-d516382094f7" />
      <TestMethod codeBase="C:\Projekty\xUnitTestProject\bin\Debug\netcoreapp3.1\xUnitTestProject.dll" adapterTypeName="executor://xunit/VsTestRunner2/netcoreapp" className="xUnitTestProject.CurrencyHelperTests" name="FormatToStringTest1000" />
    </UnitTest>
    <UnitTest name="xUnitTestProject.CurrencyHelperTests.FormatToStringTest1000(price: 19840.47672110632, expected: &quot;19840.48 zł&quot;)" storage="c:\projekty\xunittestproject\bin\debug\netcoreapp3.1\xunittestproject.dll" id="a1a708d6-4e5d-1cbd-caa6-7047836e6788">
      <Execution id="1b7a6539-af03-4e48-a699-e68883c8e64c" />
      <TestMethod codeBase="C:\Projekty\xUnitTestProject\bin\Debug\netcoreapp3.1\xUnitTestProject.dll" adapterTypeName="executor://xunit/VsTestRunner2/netcoreapp" className="xUnitTestProject.CurrencyHelperTests" name="FormatToStringTest1000" />
    </UnitTest>
    <UnitTest name="xUnitTestProject.CurrencyHelperTests.FormatToStringTest1000(price: 11100.829211263372, expected: &quot;11100.83 zł&quot;)" storage="c:\projekty\xunittestproject\bin\debug\netcoreapp3.1\xunittestproject.dll" id="94f0cede-3e3b-c04d-89cc-8dfe2520972c">
      <Execution id="ec1cd0d4-790a-4834-a22b-043ed13de189" />
      <TestMethod codeBase="C:\Projekty\xUnitTestProject\bin\Debug\netcoreapp3.1\xUnitTestProject.dll" adapterTypeName="executor://xunit/VsTestRunner2/netcoreapp" className="xUnitTestProject.CurrencyHelperTests" name="FormatToStringTest1000" />
    </UnitTest>
    <UnitTest name="xUnitTestProject.CurrencyHelperTests.FormatToStringTest1000(price: 14635.510547500808, expected: &quot;14635.51 zł&quot;)" storage="c:\projekty\xunittestproject\bin\debug\netcoreapp3.1\xunittestproject.dll" id="d0cd8d38-2083-8dfe-21da-1692537b41cc">
      <Execution id="f42f7d41-9196-439c-bab3-070850cc9ed2" />
      <TestMethod codeBase="C:\Projekty\xUnitTestProject\bin\Debug\netcoreapp3.1\xUnitTestProject.dll" adapterTypeName="executor://xunit/VsTestRunner2/netcoreapp" className="xUnitTestProject.CurrencyHelperTests" name="FormatToStringTest1000" />
    </UnitTest>
    <UnitTest name="xUnitTestProject.CurrencyHelperTests.FormatToStringTest1000(price: 598.1279707877561, expected: &quot;598.13 zł&quot;)" storage="c:\projekty\xunittestproject\bin\debug\netcoreapp3.1\xunittestproject.dll" id="5ae458e4-bb73-ceec-2cfb-1eb05d691961">
      <Execution id="609b70f0-57a1-4d62-96e7-9d8f22bfef65" />
      <TestMethod codeBase="C:\Projekty\xUnitTestProject\bin\Debug\netcoreapp3.1\xUnitTestProject.dll" adapterTypeName="executor://xunit/VsTestRunner2/netcoreapp" className="xUnitTestProject.CurrencyHelperTests" name="FormatToStringTest1000" />
    </UnitTest>
    <UnitTest name="xUnitTestProject.CurrencyHelperTests.FormatToStringTest1000(price: 6958.393354767186, expected: &quot;6958.39 zł&quot;)" storage="c:\projekty\xunittestproject\bin\debug\netcoreapp3.1\xunittestproject.dll" id="83d0208c-cef3-bd49-264a-c0709c65e66e">
      <Execution id="7f039c3d-49c3-4605-95d3-1ced28200efb" />
      <TestMethod codeBase="C:\Projekty\xUnitTestProject\bin\Debug\netcoreapp3.1\xUnitTestProject.dll" adapterTypeName="executor://xunit/VsTestRunner2/netcoreapp" className="xUnitTestProject.CurrencyHelperTests" name="FormatToStringTest1000" />
    </UnitTest>
    <UnitTest name="xUnitTestProject.CurrencyHelperTests.FormatToStringTest1000(price: 73151.83675918348, expected: &quot;73151.84 zł&quot;)" storage="c:\projekty\xunittestproject\bin\debug\netcoreapp3.1\xunittestproject.dll" id="f8f9d6d7-bbea-21e2-5568-87ea7f6744b9">
      <Execution id="284b6c6f-0ed9-46ab-ba95-8219c13a39c5" />
      <TestMethod codeBase="C:\Projekty\xUnitTestProject\bin\Debug\netcoreapp3.1\xUnitTestProject.dll" adapterTypeName="executor://xunit/VsTestRunner2/netcoreapp" className="xUnitTestProject.CurrencyHelperTests" name="FormatToStringTest1000" />
    </UnitTest>
    <UnitTest name="xUnitTestProject.CurrencyHelperTests.FormatToStringTest1000(price: 1994.0983933439006, expected: &quot;1994.10 zł&quot;)" storage="c:\projekty\xunittestproject\bin\debug\netcoreapp3.1\xunittestproject.dll" id="19ecf0ec-9a79-ad70-9475-fee54b9d8614">
      <Execution id="09f1632e-60a0-4407-b740-63025791e3f0" />
      <TestMethod codeBase="C:\Projekty\xUnitTestProject\bin\Debug\netcoreapp3.1\xUnitTestProject.dll" adapterTypeName="executor://xunit/VsTestRunner2/netcoreapp" className="xUnitTestProject.CurrencyHelperTests" name="FormatToStringTest1000" />
    </UnitTest>
    <UnitTest name="xUnitTestProject.CurrencyHelperTests.FormatToStringTest1000(price: 24476.442216712254, expected: &quot;24476.44 zł&quot;)" storage="c:\projekty\xunittestproject\bin\debug\netcoreapp3.1\xunittestproject.dll" id="48480e6e-913f-e95b-4a6c-465d36475b6a">
      <Execution id="a721c525-6de1-495e-ad19-cdc5c8d9ae24" />
      <TestMethod codeBase="C:\Projekty\xUnitTestProject\bin\Debug\netcoreapp3.1\xUnitTestProject.dll" adapterTypeName="executor://xunit/VsTestRunner2/netcoreapp" className="xUnitTestProject.CurrencyHelperTests" name="FormatToStringTest1000" />
    </UnitTest>
    <UnitTest name="xUnitTestProject.CurrencyHelperTests.FormatToStringTest1000(price: 10227.532692039169, expected: &quot;10227.53 zł&quot;)" storage="c:\projekty\xunittestproject\bin\debug\netcoreapp3.1\xunittestproject.dll" id="f34d9844-3970-87ba-1a6d-f7c3b662af09">
      <Execution id="e6aecb30-2c50-48c6-a64c-3e216260cada" />
      <TestMethod codeBase="C:\Projekty\xUnitTestProject\bin\Debug\netcoreapp3.1\xUnitTestProject.dll" adapterTypeName="executor://xunit/VsTestRunner2/netcoreapp" className="xUnitTestProject.CurrencyHelperTests" name="FormatToStringTest1000" />
    </UnitTest>
    <UnitTest name="xUnitTestProject.CurrencyHelperTests.FormatToStringTest1000(price: 801.5720517614726, expected: &quot;801.57 zł&quot;)" storage="c:\projekty\xunittestproject\bin\debug\netcoreapp3.1\xunittestproject.dll" id="fb66f3c8-a00d-4cfa-eac4-abc207e2c602">
      <Execution id="fad01720-2a82-4289-b2e8-d28cc67405d0" />
      <TestMethod codeBase="C:\Projekty\xUnitTestProject\bin\Debug\netcoreapp3.1\xUnitTestProject.dll" adapterTypeName="executor://xunit/VsTestRunner2/netcoreapp" className="xUnitTestProject.CurrencyHelperTests" name="FormatToStringTest1000" />
    </UnitTest>
    <UnitTest name="xUnitTestProject.CurrencyHelperTests.FormatToStringTest1000(price: 20623.53139885493, expected: &quot;20623.53 zł&quot;)" storage="c:\projekty\xunittestproject\bin\debug\netcoreapp3.1\xunittestproject.dll" id="a38d6dd0-4abc-cd66-f98d-02667c7de044">
      <Execution id="68f8cbaa-a2fc-4215-b59d-1bc76bd7a46e" />
      <TestMethod codeBase="C:\Projekty\xUnitTestProject\bin\Debug\netcoreapp3.1\xUnitTestProject.dll" adapterTypeName="executor://xunit/VsTestRunner2/netcoreapp" className="xUnitTestProject.CurrencyHelperTests" name="FormatToStringTest1000" />
    </UnitTest>
    <UnitTest name="xUnitTestProject.CurrencyHelperTests.FormatToStringTest1000(price: 47393.54939526671, expected: &quot;47393.55 zł&quot;)" storage="c:\projekty\xunittestproject\bin\debug\netcoreapp3.1\xunittestproject.dll" id="ca7cf147-8883-8578-944a-0bb9c4bca4f5">
      <Execution id="cb1144dc-b5f6-4b4c-bdd6-afb2f962c5ae" />
      <TestMethod codeBase="C:\Projekty\xUnitTestProject\bin\Debug\netcoreapp3.1\xUnitTestProject.dll" adapterTypeName="executor://xunit/VsTestRunner2/netcoreapp" className="xUnitTestProject.CurrencyHelperTests" name="FormatToStringTest1000" />
    </UnitTest>
    <UnitTest name="xUnitTestProject.CurrencyHelperTests.FormatToStringTest1000(price: 7891.960478953067, expected: &quot;7891.96 zł&quot;)" storage="c:\projekty\xunittestproject\bin\debug\netcoreapp3.1\xunittestproject.dll" id="c31c3c04-c374-418e-36fc-0c705f1df093">
      <Execution id="bfb796cb-c205-4301-a392-0a3364307e2b" />
      <TestMethod codeBase="C:\Projekty\xUnitTestProject\bin\Debug\netcoreapp3.1\xUnitTestProject.dll" adapterTypeName="executor://xunit/VsTestRunner2/netcoreapp" className="xUnitTestProject.CurrencyHelperTests" name="FormatToStringTest1000" />
    </UnitTest>
    <UnitTest name="xUnitTestProject.CurrencyHelperTests.FormatToStringTest1000(price: 21573.45329517613, expected: &quot;21573.45 zł&quot;)" storage="c:\projekty\xunittestproject\bin\debug\netcoreapp3.1\xunittestproject.dll" id="3b56a798-367d-2897-b3e6-a32862419438">
      <Execution id="7cd4b3c5-0c9e-446b-97aa-3625ced79fea" />
      <TestMethod codeBase="C:\Projekty\xUnitTestProject\bin\Debug\netcoreapp3.1\xUnitTestProject.dll" adapterTypeName="executor://xunit/VsTestRunner2/netcoreapp" className="xUnitTestProject.CurrencyHelperTests" name="FormatToStringTest1000" />
    </UnitTest>
    <UnitTest name="xUnitTestProject.CurrencyHelperTests.FormatToStringTest1000(price: 15509.637406484986, expected: &quot;15509.64 zł&quot;)" storage="c:\projekty\xunittestproject\bin\debug\netcoreapp3.1\xunittestproject.dll" id="7848596b-c8d5-bd4c-d7fe-380e3b0f13fa">
      <Execution id="5f7898a2-fb23-435e-9f1b-bab9717f14a8" />
      <TestMethod codeBase="C:\Projekty\xUnitTestProject\bin\Debug\netcoreapp3.1\xUnitTestProject.dll" adapterTypeName="executor://xunit/VsTestRunner2/netcoreapp" className="xUnitTestProject.CurrencyHelperTests" name="FormatToStringTest1000" />
    </UnitTest>
    <UnitTest name="xUnitTestProject.CurrencyHelperTests.FormatToStringTest1000(price: 52481.07276821932, expected: &quot;52481.07 zł&quot;)" storage="c:\projekty\xunittestproject\bin\debug\netcoreapp3.1\xunittestproject.dll" id="71259de5-a991-d68a-74b6-6304befba6d8">
      <Execution id="2c7dfacd-e589-49fe-8ca2-7d62bf8f9a60" />
      <TestMethod codeBase="C:\Projekty\xUnitTestProject\bin\Debug\netcoreapp3.1\xUnitTestProject.dll" adapterTypeName="executor://xunit/VsTestRunner2/netcoreapp" className="xUnitTestProject.CurrencyHelperTests" name="FormatToStringTest1000" />
    </UnitTest>
    <UnitTest name="xUnitTestProject.CurrencyHelperTests.FormatToStringTest1000(price: 64568.131500027666, expected: &quot;64568.13 zł&quot;)" storage="c:\projekty\xunittestproject\bin\debug\netcoreapp3.1\xunittestproject.dll" id="0c81c8d2-5b34-01f9-4916-14e860679bfe">
      <Execution id="ab206707-22fd-4b92-8f51-0525b6dfda00" />
      <TestMethod codeBase="C:\Projekty\xUnitTestProject\bin\Debug\netcoreapp3.1\xUnitTestProject.dll" adapterTypeName="executor://xunit/VsTestRunner2/netcoreapp" className="xUnitTestProject.CurrencyHelperTests" name="FormatToStringTest1000" />
    </UnitTest>
    <UnitTest name="xUnitTestProject.CurrencyHelperTests.FormatToStringTest1000(price: 8802.811382028653, expected: &quot;8802.81 zł&quot;)" storage="c:\projekty\xunittestproject\bin\debug\netcoreapp3.1\xunittestproject.dll" id="ffe61818-02d5-371a-a7be-23a9f86c9cc7">
      <Execution id="cea35440-d650-4337-adc1-6cf4118cb360" />
      <TestMethod codeBase="C:\Projekty\xUnitTestProject\bin\Debug\netcoreapp3.1\xUnitTestProject.dll" adapterTypeName="executor://xunit/VsTestRunner2/netcoreapp" className="xUnitTestProject.CurrencyHelperTests" name="FormatToStringTest1000" />
    </UnitTest>
    <UnitTest name="xUnitTestProject.CurrencyHelperTests.FormatToStringTest1000(price: 12370.243090209198, expected: &quot;12370.24 zł&quot;)" storage="c:\projekty\xunittestproject\bin\debug\netcoreapp3.1\xunittestproject.dll" id="9538a911-f018-0a3e-26cb-52278d332f56">
      <Execution id="5525df72-3e09-46e2-89f1-f2d1cc1f23c4" />
      <TestMethod codeBase="C:\Projekty\xUnitTestProject\bin\Debug\netcoreapp3.1\xUnitTestProject.dll" adapterTypeName="executor://xunit/VsTestRunner2/netcoreapp" className="xUnitTestProject.CurrencyHelperTests" name="FormatToStringTest1000" />
    </UnitTest>
    <UnitTest name="xUnitTestProject.CurrencyHelperTests.FormatToStringTest1000(price: 7594.279030504766, expected: &quot;7594.28 zł&quot;)" storage="c:\projekty\xunittestproject\bin\debug\netcoreapp3.1\xunittestproject.dll" id="eaa6b024-a03d-d1dd-abf3-1b023d2d51e1">
      <Execution id="9efb5fbc-94c6-493d-84b4-8fd9ee0c1501" />
      <TestMethod codeBase="C:\Projekty\xUnitTestProject\bin\Debug\netcoreapp3.1\xUnitTestProject.dll" adapterTypeName="executor://xunit/VsTestRunner2/netcoreapp" className="xUnitTestProject.CurrencyHelperTests" name="FormatToStringTest1000" />
    </UnitTest>
    <UnitTest name="xUnitTestProject.CurrencyHelperTests.FormatToStringTest1000(price: 65963.39932440939, expected: &quot;65963.40 zł&quot;)" storage="c:\projekty\xunittestproject\bin\debug\netcoreapp3.1\xunittestproject.dll" id="f8894dae-c947-7fce-9d72-6693c21ad4f8">
      <Execution id="88b60360-1d96-45fd-ab32-3a5e7528fc16" />
      <TestMethod codeBase="C:\Projekty\xUnitTestProject\bin\Debug\netcoreapp3.1\xUnitTestProject.dll" adapterTypeName="executor://xunit/VsTestRunner2/netcoreapp" className="xUnitTestProject.CurrencyHelperTests" name="FormatToStringTest1000" />
    </UnitTest>
    <UnitTest name="xUnitTestProject.CurrencyHelperTests.FormatToStringTest1000(price: 18340.935049000167, expected: &quot;18340.94 zł&quot;)" storage="c:\projekty\xunittestproject\bin\debug\netcoreapp3.1\xunittestproject.dll" id="5dc082f5-af3b-2f6f-74c8-0805bee30a46">
      <Execution id="93102330-9322-4cd2-8159-2412b7cf3138" />
      <TestMethod codeBase="C:\Projekty\xUnitTestProject\bin\Debug\netcoreapp3.1\xUnitTestProject.dll" adapterTypeName="executor://xunit/VsTestRunner2/netcoreapp" className="xUnitTestProject.CurrencyHelperTests" name="FormatToStringTest1000" />
    </UnitTest>
    <UnitTest name="xUnitTestProject.CurrencyHelperTests.FormatToStringTest1000(price: 10461.455048841171, expected: &quot;10461.46 zł&quot;)" storage="c:\projekty\xunittestproject\bin\debug\netcoreapp3.1\xunittestproject.dll" id="1385f442-8d64-2443-1088-0b70bf667165">
      <Execution id="f55a26f9-70e8-4b99-b20a-65ebf203e125" />
      <TestMethod codeBase="C:\Projekty\xUnitTestProject\bin\Debug\netcoreapp3.1\xUnitTestProject.dll" adapterTypeName="executor://xunit/VsTestRunner2/netcoreapp" className="xUnitTestProject.CurrencyHelperTests" name="FormatToStringTest1000" />
    </UnitTest>
    <UnitTest name="xUnitTestProject.CurrencyHelperTests.FormatToStringTest1000(price: 9661.966055578536, expected: &quot;9661.97 zł&quot;)" storage="c:\projekty\xunittestproject\bin\debug\netcoreapp3.1\xunittestproject.dll" id="ddbbee19-86a9-bc74-0664-4f6fa63796df">
      <Execution id="f6bf1c8e-67ef-429b-b90e-3f62c97190da" />
      <TestMethod codeBase="C:\Projekty\xUnitTestProject\bin\Debug\netcoreapp3.1\xUnitTestProject.dll" adapterTypeName="executor://xunit/VsTestRunner2/netcoreapp" className="xUnitTestProject.CurrencyHelperTests" name="FormatToStringTest1000" />
    </UnitTest>
    <UnitTest name="xUnitTestProject.CurrencyHelperTests.FormatToStringTest1000(price: 7671.0039663785155, expected: &quot;7671.00 zł&quot;)" storage="c:\projekty\xunittestproject\bin\debug\netcoreapp3.1\xunittestproject.dll" id="5f3735b0-854d-d423-adfb-f959d02e73f7">
      <Execution id="6c6ce39f-f9b6-4bd1-8b44-74d867d142cb" />
      <TestMethod codeBase="C:\Projekty\xUnitTestProject\bin\Debug\netcoreapp3.1\xUnitTestProject.dll" adapterTypeName="executor://xunit/VsTestRunner2/netcoreapp" className="xUnitTestProject.CurrencyHelperTests" name="FormatToStringTest1000" />
    </UnitTest>
    <UnitTest name="xUnitTestProject.CurrencyHelperTests.FormatToStringTest1000(price: 57436.33241095409, expected: &quot;57436.33 zł&quot;)" storage="c:\projekty\xunittestproject\bin\debug\netcoreapp3.1\xunittestproject.dll" id="0d808795-ca9e-3ec0-5d7b-6c498dbb0495">
      <Execution id="6984d562-6e17-4034-9aae-4aa404f5af6f" />
      <TestMethod codeBase="C:\Projekty\xUnitTestProject\bin\Debug\netcoreapp3.1\xUnitTestProject.dll" adapterTypeName="executor://xunit/VsTestRunner2/netcoreapp" className="xUnitTestProject.CurrencyHelperTests" name="FormatToStringTest1000" />
    </UnitTest>
    <UnitTest name="xUnitTestProject.CurrencyHelperTests.FormatToStringTest1000(price: 591.2110872302256, expected: &quot;591.21 zł&quot;)" storage="c:\projekty\xunittestproject\bin\debug\netcoreapp3.1\xunittestproject.dll" id="836d8767-01df-4e15-8567-247721a23e4e">
      <Execution id="0dca30a2-9c9c-4468-ab0b-9093b5e79a5b" />
      <TestMethod codeBase="C:\Projekty\xUnitTestProject\bin\Debug\netcoreapp3.1\xUnitTestProject.dll" adapterTypeName="executor://xunit/VsTestRunner2/netcoreapp" className="xUnitTestProject.CurrencyHelperTests" name="FormatToStringTest1000" />
    </UnitTest>
    <UnitTest name="xUnitTestProject.CurrencyHelperTests.FormatToStringTest1000(price: 29417.800422138444, expected: &quot;29417.80 zł&quot;)" storage="c:\projekty\xunittestproject\bin\debug\netcoreapp3.1\xunittestproject.dll" id="4c9ec316-0614-0ed3-d3e3-ff9a3542b3e8">
      <Execution id="01186205-3bb8-4bc1-a976-692a6d420669" />
      <TestMethod codeBase="C:\Projekty\xUnitTestProject\bin\Debug\netcoreapp3.1\xUnitTestProject.dll" adapterTypeName="executor://xunit/VsTestRunner2/netcoreapp" className="xUnitTestProject.CurrencyHelperTests" name="FormatToStringTest1000" />
    </UnitTest>
    <UnitTest name="xUnitTestProject.CurrencyHelperTests.FormatToStringTest1000(price: 51529.79033960206, expected: &quot;51529.79 zł&quot;)" storage="c:\projekty\xunittestproject\bin\debug\netcoreapp3.1\xunittestproject.dll" id="ed2134d1-cccc-7594-ff4e-6670ac477e6f">
      <Execution id="091139ca-987c-46d8-b9d0-2de42137b556" />
      <TestMethod codeBase="C:\Projekty\xUnitTestProject\bin\Debug\netcoreapp3.1\xUnitTestProject.dll" adapterTypeName="executor://xunit/VsTestRunner2/netcoreapp" className="xUnitTestProject.CurrencyHelperTests" name="FormatToStringTest1000" />
    </UnitTest>
    <UnitTest name="xUnitTestProject.CurrencyHelperTests.FormatToStringTest1000(price: 14719.97001409762, expected: &quot;14719.97 zł&quot;)" storage="c:\projekty\xunittestproject\bin\debug\netcoreapp3.1\xunittestproject.dll" id="0d6a7c9f-244c-8d08-98f4-afd58838a2c2">
      <Execution id="73ec10f8-794d-4ef2-b81a-03ea4d6817fc" />
      <TestMethod codeBase="C:\Projekty\xUnitTestProject\bin\Debug\netcoreapp3.1\xUnitTestProject.dll" adapterTypeName="executor://xunit/VsTestRunner2/netcoreapp" className="xUnitTestProject.CurrencyHelperTests" name="FormatToStringTest1000" />
    </UnitTest>
    <UnitTest name="xUnitTestProject.CurrencyHelperTests.FormatToStringTest1000(price: 480.2082316857801, expected: &quot;480.21 zł&quot;)" storage="c:\projekty\xunittestproject\bin\debug\netcoreapp3.1\xunittestproject.dll" id="85835fd9-2c0e-82ff-767f-a5379021f4f3">
      <Execution id="bc9efd17-1f6a-4264-9bae-cafc0a23f2c7" />
      <TestMethod codeBase="C:\Projekty\xUnitTestProject\bin\Debug\netcoreapp3.1\xUnitTestProject.dll" adapterTypeName="executor://xunit/VsTestRunner2/netcoreapp" className="xUnitTestProject.CurrencyHelperTests" name="FormatToStringTest1000" />
    </UnitTest>
    <UnitTest name="xUnitTestProject.CurrencyHelperTests.FormatToStringTest1000(price: 42728.35751444258, expected: &quot;42728.36 zł&quot;)" storage="c:\projekty\xunittestproject\bin\debug\netcoreapp3.1\xunittestproject.dll" id="03e8826c-20fc-cadf-51a4-fe54882f4740">
      <Execution id="83337d7a-2d23-4ebe-83b1-f7578c662a06" />
      <TestMethod codeBase="C:\Projekty\xUnitTestProject\bin\Debug\netcoreapp3.1\xUnitTestProject.dll" adapterTypeName="executor://xunit/VsTestRunner2/netcoreapp" className="xUnitTestProject.CurrencyHelperTests" name="FormatToStringTest1000" />
    </UnitTest>
    <UnitTest name="xUnitTestProject.CurrencyHelperTests.FormatToStringTest1000(price: 27164.0272410419, expected: &quot;27164.03 zł&quot;)" storage="c:\projekty\xunittestproject\bin\debug\netcoreapp3.1\xunittestproject.dll" id="ff7ab5c9-17cd-23b9-cfc1-99026e4f14ac">
      <Execution id="eb34db80-fd8e-4baa-b86c-443e40ab55b8" />
      <TestMethod codeBase="C:\Projekty\xUnitTestProject\bin\Debug\netcoreapp3.1\xUnitTestProject.dll" adapterTypeName="executor://xunit/VsTestRunner2/netcoreapp" className="xUnitTestProject.CurrencyHelperTests" name="FormatToStringTest1000" />
    </UnitTest>
    <UnitTest name="xUnitTestProject.CurrencyHelperTests.FormatToStringTest1000(price: 9603.199987620208, expected: &quot;9603.20 zł&quot;)" storage="c:\projekty\xunittestproject\bin\debug\netcoreapp3.1\xunittestproject.dll" id="e21002e6-50a6-5886-0d27-79e4c9ba2f92">
      <Execution id="93a6a6ff-9427-4b17-a39a-560e4d4da9e1" />
      <TestMethod codeBase="C:\Projekty\xUnitTestProject\bin\Debug\netcoreapp3.1\xUnitTestProject.dll" adapterTypeName="executor://xunit/VsTestRunner2/netcoreapp" className="xUnitTestProject.CurrencyHelperTests" name="FormatToStringTest1000" />
    </UnitTest>
    <UnitTest name="xUnitTestProject.CurrencyHelperTests.FormatToStringTest1000(price: 6262.373413993219, expected: &quot;6262.37 zł&quot;)" storage="c:\projekty\xunittestproject\bin\debug\netcoreapp3.1\xunittestproject.dll" id="ff8ddb46-4b79-2ee0-2d36-ef22ba3dcd81">
      <Execution id="9fc76e94-0b9b-4aab-a236-a98f64b0d50a" />
      <TestMethod codeBase="C:\Projekty\xUnitTestProject\bin\Debug\netcoreapp3.1\xUnitTestProject.dll" adapterTypeName="executor://xunit/VsTestRunner2/netcoreapp" className="xUnitTestProject.CurrencyHelperTests" name="FormatToStringTest1000" />
    </UnitTest>
    <UnitTest name="xUnitTestProject.CurrencyHelperTests.FormatToStringTest1000(price: 19462.729986486367, expected: &quot;19462.73 zł&quot;)" storage="c:\projekty\xunittestproject\bin\debug\netcoreapp3.1\xunittestproject.dll" id="1462a569-77b7-fa7d-0148-09ce9f2428e8">
      <Execution id="e023001a-bc6f-4f7e-98e7-50008ee71ad6" />
      <TestMethod codeBase="C:\Projekty\xUnitTestProject\bin\Debug\netcoreapp3.1\xUnitTestProject.dll" adapterTypeName="executor://xunit/VsTestRunner2/netcoreapp" className="xUnitTestProject.CurrencyHelperTests" name="FormatToStringTest1000" />
    </UnitTest>
    <UnitTest name="xUnitTestProject.CurrencyHelperTests.FormatToStringTest1000(price: 54578.37303904275, expected: &quot;54578.37 zł&quot;)" storage="c:\projekty\xunittestproject\bin\debug\netcoreapp3.1\xunittestproject.dll" id="0df7d709-570d-9a2b-20b2-9824d27442ba">
      <Execution id="e493bccc-0797-4c9e-bd84-22a63c5edcb9" />
      <TestMethod codeBase="C:\Projekty\xUnitTestProject\bin\Debug\netcoreapp3.1\xUnitTestProject.dll" adapterTypeName="executor://xunit/VsTestRunner2/netcoreapp" className="xUnitTestProject.CurrencyHelperTests" name="FormatToStringTest1000" />
    </UnitTest>
    <UnitTest name="xUnitTestProject.CurrencyHelperTests.FormatToStringTest1000(price: 1108.7197928823157, expected: &quot;1108.72 zł&quot;)" storage="c:\projekty\xunittestproject\bin\debug\netcoreapp3.1\xunittestproject.dll" id="e06b8219-62b1-a0bc-a073-2837868b5c0e">
      <Execution id="85e46506-30b5-4e05-acbe-73df43bc904d" />
      <TestMethod codeBase="C:\Projekty\xUnitTestProject\bin\Debug\netcoreapp3.1\xUnitTestProject.dll" adapterTypeName="executor://xunit/VsTestRunner2/netcoreapp" className="xUnitTestProject.CurrencyHelperTests" name="FormatToStringTest1000" />
    </UnitTest>
    <UnitTest name="xUnitTestProject.CurrencyHelperTests.FormatToStringTest1000(price: 69864.17463991146, expected: &quot;69864.17 zł&quot;)" storage="c:\projekty\xunittestproject\bin\debug\netcoreapp3.1\xunittestproject.dll" id="a75df869-b8ee-c89b-7cd3-025e83911294">
      <Execution id="fe023ccb-f2b7-4c39-9300-0b42803b615f" />
      <TestMethod codeBase="C:\Projekty\xUnitTestProject\bin\Debug\netcoreapp3.1\xUnitTestProject.dll" adapterTypeName="executor://xunit/VsTestRunner2/netcoreapp" className="xUnitTestProject.CurrencyHelperTests" name="FormatToStringTest1000" />
    </UnitTest>
    <UnitTest name="xUnitTestProject.CurrencyHelperTests.FormatToStringTest1000(price: 26220.382477706476, expected: &quot;26220.38 zł&quot;)" storage="c:\projekty\xunittestproject\bin\debug\netcoreapp3.1\xunittestproject.dll" id="1079d268-49d6-f18c-d495-58b580aae9dc">
      <Execution id="1d8ba9ec-c733-4e35-8455-65bdd7d1a74e" />
      <TestMethod codeBase="C:\Projekty\xUnitTestProject\bin\Debug\netcoreapp3.1\xUnitTestProject.dll" adapterTypeName="executor://xunit/VsTestRunner2/netcoreapp" className="xUnitTestProject.CurrencyHelperTests" name="FormatToStringTest1000" />
    </UnitTest>
    <UnitTest name="xUnitTestProject.CurrencyHelperTests.FormatToStringTest1000(price: 39146.892120180135, expected: &quot;39146.89 zł&quot;)" storage="c:\projekty\xunittestproject\bin\debug\netcoreapp3.1\xunittestproject.dll" id="2059d141-cc28-3ec8-0e84-daba3f077644">
      <Execution id="c3f65928-b50b-4ac9-a16b-0841447b12d4" />
      <TestMethod codeBase="C:\Projekty\xUnitTestProject\bin\Debug\netcoreapp3.1\xUnitTestProject.dll" adapterTypeName="executor://xunit/VsTestRunner2/netcoreapp" className="xUnitTestProject.CurrencyHelperTests" name="FormatToStringTest1000" />
    </UnitTest>
    <UnitTest name="xUnitTestProject.CurrencyHelperTests.FormatToStringTest1000(price: 6276.389386365838, expected: &quot;6276.39 zł&quot;)" storage="c:\projekty\xunittestproject\bin\debug\netcoreapp3.1\xunittestproject.dll" id="7c18917f-7141-7732-3a7b-36439ce0baa1">
      <Execution id="42cd2242-5fbf-463b-8fa1-82527403b7fe" />
      <TestMethod codeBase="C:\Projekty\xUnitTestProject\bin\Debug\netcoreapp3.1\xUnitTestProject.dll" adapterTypeName="executor://xunit/VsTestRunner2/netcoreapp" className="xUnitTestProject.CurrencyHelperTests" name="FormatToStringTest1000" />
    </UnitTest>
    <UnitTest name="xUnitTestProject.CurrencyHelperTests.FormatToStringTest1000(price: 7716.571614765363, expected: &quot;7716.57 zł&quot;)" storage="c:\projekty\xunittestproject\bin\debug\netcoreapp3.1\xunittestproject.dll" id="135dd56d-570b-92a1-4144-854d04d96ef0">
      <Execution id="84e9f615-7cab-40c7-94c3-0a1c70f0fa3b" />
      <TestMethod codeBase="C:\Projekty\xUnitTestProject\bin\Debug\netcoreapp3.1\xUnitTestProject.dll" adapterTypeName="executor://xunit/VsTestRunner2/netcoreapp" className="xUnitTestProject.CurrencyHelperTests" name="FormatToStringTest1000" />
    </UnitTest>
    <UnitTest name="xUnitTestProject.CurrencyHelperTests.FormatToStringTest1000(price: 59919.71489415491, expected: &quot;59919.71 zł&quot;)" storage="c:\projekty\xunittestproject\bin\debug\netcoreapp3.1\xunittestproject.dll" id="c2db2421-6d50-c505-4572-abf46a5e86c5">
      <Execution id="f86f094e-b9b1-4f3d-8577-0f5468f878a8" />
      <TestMethod codeBase="C:\Projekty\xUnitTestProject\bin\Debug\netcoreapp3.1\xUnitTestProject.dll" adapterTypeName="executor://xunit/VsTestRunner2/netcoreapp" className="xUnitTestProject.CurrencyHelperTests" name="FormatToStringTest1000" />
    </UnitTest>
    <UnitTest name="xUnitTestProject.CurrencyHelperTests.FormatToStringTest1000(price: 72802.68569213277, expected: &quot;72802.69 zł&quot;)" storage="c:\projekty\xunittestproject\bin\debug\netcoreapp3.1\xunittestproject.dll" id="1aafdcdc-e39a-0bd1-4429-1c1f26634e52">
      <Execution id="9bd3ccc6-42d5-443a-9efa-31416877d9c7" />
      <TestMethod codeBase="C:\Projekty\xUnitTestProject\bin\Debug\netcoreapp3.1\xUnitTestProject.dll" adapterTypeName="executor://xunit/VsTestRunner2/netcoreapp" className="xUnitTestProject.CurrencyHelperTests" name="FormatToStringTest1000" />
    </UnitTest>
    <UnitTest name="xUnitTestProject.CurrencyHelperTests.FormatToStringTest1000(price: 272.5621069118204, expected: &quot;272.56 zł&quot;)" storage="c:\projekty\xunittestproject\bin\debug\netcoreapp3.1\xunittestproject.dll" id="8cdd5bbc-dcfa-1d65-90a0-7f353e299d1e">
      <Execution id="dbd51cf7-a9d6-4da4-9f76-0495e8558baa" />
      <TestMethod codeBase="C:\Projekty\xUnitTestProject\bin\Debug\netcoreapp3.1\xUnitTestProject.dll" adapterTypeName="executor://xunit/VsTestRunner2/netcoreapp" className="xUnitTestProject.CurrencyHelperTests" name="FormatToStringTest1000" />
    </UnitTest>
    <UnitTest name="xUnitTestProject.CurrencyHelperTests.FormatToStringTest1000(price: 21693.340115174808, expected: &quot;21693.34 zł&quot;)" storage="c:\projekty\xunittestproject\bin\debug\netcoreapp3.1\xunittestproject.dll" id="a8f82c34-f413-0466-fc76-669da2c23141">
      <Execution id="1908fddd-9073-42f1-a9b2-5917efbe9511" />
      <TestMethod codeBase="C:\Projekty\xUnitTestProject\bin\Debug\netcoreapp3.1\xUnitTestProject.dll" adapterTypeName="executor://xunit/VsTestRunner2/netcoreapp" className="xUnitTestProject.CurrencyHelperTests" name="FormatToStringTest1000" />
    </UnitTest>
    <UnitTest name="xUnitTestProject.CurrencyHelperTests.FormatToStringTest1000(price: 486.15309567942893, expected: &quot;486.15 zł&quot;)" storage="c:\projekty\xunittestproject\bin\debug\netcoreapp3.1\xunittestproject.dll" id="de1aa414-8fbd-dead-288e-d558b1305dac">
      <Execution id="67a1a518-2935-4924-87f9-e629a6117bdb" />
      <TestMethod codeBase="C:\Projekty\xUnitTestProject\bin\Debug\netcoreapp3.1\xUnitTestProject.dll" adapterTypeName="executor://xunit/VsTestRunner2/netcoreapp" className="xUnitTestProject.CurrencyHelperTests" name="FormatToStringTest1000" />
    </UnitTest>
    <UnitTest name="xUnitTestProject.CurrencyHelperTests.FormatToStringTest1000(price: 11430.666613002619, expected: &quot;11430.67 zł&quot;)" storage="c:\projekty\xunittestproject\bin\debug\netcoreapp3.1\xunittestproject.dll" id="f406acd8-9b69-9411-bf61-2d74f259f69e">
      <Execution id="f72a8913-f385-4c19-8519-20495f9c7631" />
      <TestMethod codeBase="C:\Projekty\xUnitTestProject\bin\Debug\netcoreapp3.1\xUnitTestProject.dll" adapterTypeName="executor://xunit/VsTestRunner2/netcoreapp" className="xUnitTestProject.CurrencyHelperTests" name="FormatToStringTest1000" />
    </UnitTest>
    <UnitTest name="xUnitTestProject.CurrencyHelperTests.FormatToStringTest1000(price: 34096.337879508894, expected: &quot;34096.34 zł&quot;)" storage="c:\projekty\xunittestproject\bin\debug\netcoreapp3.1\xunittestproject.dll" id="aae9a2f6-c5ae-d742-7ea5-60de6dc3d9cf">
      <Execution id="d561730b-070b-477b-8f26-db4bb0b67fdb" />
      <TestMethod codeBase="C:\Projekty\xUnitTestProject\bin\Debug\netcoreapp3.1\xUnitTestProject.dll" adapterTypeName="executor://xunit/VsTestRunner2/netcoreapp" className="xUnitTestProject.CurrencyHelperTests" name="FormatToStringTest1000" />
    </UnitTest>
    <UnitTest name="xUnitTestProject.CurrencyHelperTests.FormatToStringTest1000(price: 12091.219941106729, expected: &quot;12091.22 zł&quot;)" storage="c:\projekty\xunittestproject\bin\debug\netcoreapp3.1\xunittestproject.dll" id="230e1e23-a8f6-7ac5-0938-0ce23eabf420">
      <Execution id="21bc8010-1c2a-466e-89e6-e5bc8bf0bad8" />
      <TestMethod codeBase="C:\Projekty\xUnitTestProject\bin\Debug\netcoreapp3.1\xUnitTestProject.dll" adapterTypeName="executor://xunit/VsTestRunner2/netcoreapp" className="xUnitTestProject.CurrencyHelperTests" name="FormatToStringTest1000" />
    </UnitTest>
    <UnitTest name="xUnitTestProject.CurrencyHelperTests.FormatToStringTest1000(price: 1745.490603896552, expected: &quot;1745.49 zł&quot;)" storage="c:\projekty\xunittestproject\bin\debug\netcoreapp3.1\xunittestproject.dll" id="d74171b4-c8ee-1912-2996-ae0e2e26eb23">
      <Execution id="cb025a6e-5494-4a9d-8fa8-340bb3620b8a" />
      <TestMethod codeBase="C:\Projekty\xUnitTestProject\bin\Debug\netcoreapp3.1\xUnitTestProject.dll" adapterTypeName="executor://xunit/VsTestRunner2/netcoreapp" className="xUnitTestProject.CurrencyHelperTests" name="FormatToStringTest1000" />
    </UnitTest>
    <UnitTest name="xUnitTestProject.CurrencyHelperTests.FormatToStringTest1000(price: 27027.327683509946, expected: &quot;27027.33 zł&quot;)" storage="c:\projekty\xunittestproject\bin\debug\netcoreapp3.1\xunittestproject.dll" id="e3939992-ed7f-a290-3278-0cb23f85c16d">
      <Execution id="cfdee8d0-210a-4394-bc5d-e12da6d31a3f" />
      <TestMethod codeBase="C:\Projekty\xUnitTestProject\bin\Debug\netcoreapp3.1\xUnitTestProject.dll" adapterTypeName="executor://xunit/VsTestRunner2/netcoreapp" className="xUnitTestProject.CurrencyHelperTests" name="FormatToStringTest1000" />
    </UnitTest>
    <UnitTest name="xUnitTestProject.CurrencyHelperTests.FormatToStringTest1000(price: 8242.419043611, expected: &quot;8242.42 zł&quot;)" storage="c:\projekty\xunittestproject\bin\debug\netcoreapp3.1\xunittestproject.dll" id="f54965f2-1519-0721-6d19-cf1386c23793">
      <Execution id="34b3c1ea-1f97-4d3d-97e9-f6c14370372c" />
      <TestMethod codeBase="C:\Projekty\xUnitTestProject\bin\Debug\netcoreapp3.1\xUnitTestProject.dll" adapterTypeName="executor://xunit/VsTestRunner2/netcoreapp" className="xUnitTestProject.CurrencyHelperTests" name="FormatToStringTest1000" />
    </UnitTest>
    <UnitTest name="xUnitTestProject.CurrencyHelperTests.FormatToStringTest1000(price: 8492.904747505161, expected: &quot;8492.90 zł&quot;)" storage="c:\projekty\xunittestproject\bin\debug\netcoreapp3.1\xunittestproject.dll" id="8f3ac04b-f653-5459-90af-f61d3689f759">
      <Execution id="baf58823-5c04-41a0-94b2-85af46f2e63c" />
      <TestMethod codeBase="C:\Projekty\xUnitTestProject\bin\Debug\netcoreapp3.1\xUnitTestProject.dll" adapterTypeName="executor://xunit/VsTestRunner2/netcoreapp" className="xUnitTestProject.CurrencyHelperTests" name="FormatToStringTest1000" />
    </UnitTest>
    <UnitTest name="xUnitTestProject.CurrencyHelperTests.FormatToStringTest1000(price: 12308.022158465357, expected: &quot;12308.02 zł&quot;)" storage="c:\projekty\xunittestproject\bin\debug\netcoreapp3.1\xunittestproject.dll" id="62b1fe99-5a28-bc9f-0494-f16f9326c1bc">
      <Execution id="30190764-f35c-4dd3-8eed-96045928a989" />
      <TestMethod codeBase="C:\Projekty\xUnitTestProject\bin\Debug\netcoreapp3.1\xUnitTestProject.dll" adapterTypeName="executor://xunit/VsTestRunner2/netcoreapp" className="xUnitTestProject.CurrencyHelperTests" name="FormatToStringTest1000" />
    </UnitTest>
    <UnitTest name="xUnitTestProject.CurrencyHelperTests.FormatToStringTest1000(price: 1325.1625259114255, expected: &quot;1325.16 zł&quot;)" storage="c:\projekty\xunittestproject\bin\debug\netcoreapp3.1\xunittestproject.dll" id="8a119c68-dcc0-dba7-c987-45fbb976469b">
      <Execution id="aaa7a384-1611-4b8f-8587-0500db68e5ce" />
      <TestMethod codeBase="C:\Projekty\xUnitTestProject\bin\Debug\netcoreapp3.1\xUnitTestProject.dll" adapterTypeName="executor://xunit/VsTestRunner2/netcoreapp" className="xUnitTestProject.CurrencyHelperTests" name="FormatToStringTest1000" />
    </UnitTest>
    <UnitTest name="xUnitTestProject.CurrencyHelperTests.FormatToStringTest1000(price: 37528.70144368368, expected: &quot;37528.70 zł&quot;)" storage="c:\projekty\xunittestproject\bin\debug\netcoreapp3.1\xunittestproject.dll" id="444b6055-8e36-cf16-2594-6f26fe677cd1">
      <Execution id="fdfb8334-b037-4dde-8b80-127e434b163c" />
      <TestMethod codeBase="C:\Projekty\xUnitTestProject\bin\Debug\netcoreapp3.1\xUnitTestProject.dll" adapterTypeName="executor://xunit/VsTestRunner2/netcoreapp" className="xUnitTestProject.CurrencyHelperTests" name="FormatToStringTest1000" />
    </UnitTest>
    <UnitTest name="xUnitTestProject.CurrencyHelperTests.FormatToStringTest1000(price: 8908.080586221107, expected: &quot;8908.08 zł&quot;)" storage="c:\projekty\xunittestproject\bin\debug\netcoreapp3.1\xunittestproject.dll" id="a00a0db9-3140-48ef-5f63-6a059b1f6f40">
      <Execution id="d0e92df2-6087-487b-ac59-07b8842f65a9" />
      <TestMethod codeBase="C:\Projekty\xUnitTestProject\bin\Debug\netcoreapp3.1\xUnitTestProject.dll" adapterTypeName="executor://xunit/VsTestRunner2/netcoreapp" className="xUnitTestProject.CurrencyHelperTests" name="FormatToStringTest1000" />
    </UnitTest>
    <UnitTest name="xUnitTestProject.CurrencyHelperTests.FormatToStringTest1000(price: 28502.61128259758, expected: &quot;28502.61 zł&quot;)" storage="c:\projekty\xunittestproject\bin\debug\netcoreapp3.1\xunittestproject.dll" id="56dbe364-b862-68d4-f157-de01aca24e66">
      <Execution id="97a7788b-2a8f-4ff1-b0c2-0735db884962" />
      <TestMethod codeBase="C:\Projekty\xUnitTestProject\bin\Debug\netcoreapp3.1\xUnitTestProject.dll" adapterTypeName="executor://xunit/VsTestRunner2/netcoreapp" className="xUnitTestProject.CurrencyHelperTests" name="FormatToStringTest1000" />
    </UnitTest>
    <UnitTest name="xUnitTestProject.CurrencyHelperTests.FormatToStringTest1000(price: 9079.930405251649, expected: &quot;9079.93 zł&quot;)" storage="c:\projekty\xunittestproject\bin\debug\netcoreapp3.1\xunittestproject.dll" id="65e69234-8b4f-5c5d-4c39-26b683719c33">
      <Execution id="7bb60035-b495-4893-83ad-5421ed7e3d84" />
      <TestMethod codeBase="C:\Projekty\xUnitTestProject\bin\Debug\netcoreapp3.1\xUnitTestProject.dll" adapterTypeName="executor://xunit/VsTestRunner2/netcoreapp" className="xUnitTestProject.CurrencyHelperTests" name="FormatToStringTest1000" />
    </UnitTest>
    <UnitTest name="xUnitTestProject.CurrencyHelperTests.FormatToStringTest1000(price: 2951.2722077329045, expected: &quot;2951.27 zł&quot;)" storage="c:\projekty\xunittestproject\bin\debug\netcoreapp3.1\xunittestproject.dll" id="be4ac306-3050-79c7-e4db-2e676fbdab1b">
      <Execution id="05135407-168a-4966-92d6-433faa25cd8b" />
      <TestMethod codeBase="C:\Projekty\xUnitTestProject\bin\Debug\netcoreapp3.1\xUnitTestProject.dll" adapterTypeName="executor://xunit/VsTestRunner2/netcoreapp" className="xUnitTestProject.CurrencyHelperTests" name="FormatToStringTest1000" />
    </UnitTest>
    <UnitTest name="xUnitTestProject.CurrencyHelperTests.FormatToStringTest1000(price: 14480.387652530982, expected: &quot;14480.39 zł&quot;)" storage="c:\projekty\xunittestproject\bin\debug\netcoreapp3.1\xunittestproject.dll" id="18167db3-c21a-1968-f83d-cf6f5b58219d">
      <Execution id="c13c3a46-41e1-40c8-80ad-260dcab7539e" />
      <TestMethod codeBase="C:\Projekty\xUnitTestProject\bin\Debug\netcoreapp3.1\xUnitTestProject.dll" adapterTypeName="executor://xunit/VsTestRunner2/netcoreapp" className="xUnitTestProject.CurrencyHelperTests" name="FormatToStringTest1000" />
    </UnitTest>
    <UnitTest name="xUnitTestProject.CurrencyHelperTests.FormatToStringTest1000(price: 48544.390887578666, expected: &quot;48544.39 zł&quot;)" storage="c:\projekty\xunittestproject\bin\debug\netcoreapp3.1\xunittestproject.dll" id="248dc14a-7b24-2159-ea3a-30144e961aa7">
      <Execution id="ba03bce3-9be9-42ee-9b9b-f88fe139d5f5" />
      <TestMethod codeBase="C:\Projekty\xUnitTestProject\bin\Debug\netcoreapp3.1\xUnitTestProject.dll" adapterTypeName="executor://xunit/VsTestRunner2/netcoreapp" className="xUnitTestProject.CurrencyHelperTests" name="FormatToStringTest1000" />
    </UnitTest>
    <UnitTest name="xUnitTestProject.CurrencyHelperTests.FormatToStringTest1000(price: 52032.65082931176, expected: &quot;52032.65 zł&quot;)" storage="c:\projekty\xunittestproject\bin\debug\netcoreapp3.1\xunittestproject.dll" id="9f74ffc2-1a7b-4759-a337-57d1812dbf3f">
      <Execution id="685f7842-0e16-48fa-a6f7-d4d7f1cc955c" />
      <TestMethod codeBase="C:\Projekty\xUnitTestProject\bin\Debug\netcoreapp3.1\xUnitTestProject.dll" adapterTypeName="executor://xunit/VsTestRunner2/netcoreapp" className="xUnitTestProject.CurrencyHelperTests" name="FormatToStringTest1000" />
    </UnitTest>
    <UnitTest name="xUnitTestProject.CurrencyHelperTests.FormatToStringTest1000(price: 7370.518277515898, expected: &quot;7370.52 zł&quot;)" storage="c:\projekty\xunittestproject\bin\debug\netcoreapp3.1\xunittestproject.dll" id="170260b6-6610-99a8-adfb-d2dcbd80a40f">
      <Execution id="3a9a8abc-46ee-4301-91ff-2a39127f82ac" />
      <TestMethod codeBase="C:\Projekty\xUnitTestProject\bin\Debug\netcoreapp3.1\xUnitTestProject.dll" adapterTypeName="executor://xunit/VsTestRunner2/netcoreapp" className="xUnitTestProject.CurrencyHelperTests" name="FormatToStringTest1000" />
    </UnitTest>
    <UnitTest name="xUnitTestProject.CurrencyHelperTests.FormatToStringTest1000(price: 24570.65594858893, expected: &quot;24570.66 zł&quot;)" storage="c:\projekty\xunittestproject\bin\debug\netcoreapp3.1\xunittestproject.dll" id="75f79a5e-625f-18cb-34f2-c39806bd0036">
      <Execution id="efe26411-f24b-49d4-9914-614e9b0ca3e5" />
      <TestMethod codeBase="C:\Projekty\xUnitTestProject\bin\Debug\netcoreapp3.1\xUnitTestProject.dll" adapterTypeName="executor://xunit/VsTestRunner2/netcoreapp" className="xUnitTestProject.CurrencyHelperTests" name="FormatToStringTest1000" />
    </UnitTest>
    <UnitTest name="xUnitTestProject.CurrencyHelperTests.FormatToStringTest1000(price: 55782.67998761762, expected: &quot;55782.68 zł&quot;)" storage="c:\projekty\xunittestproject\bin\debug\netcoreapp3.1\xunittestproject.dll" id="1cdc361a-ffee-1052-df8d-ab7786ba69bf">
      <Execution id="ada00e69-dbbf-4977-ab74-f1ee0f8b9cbc" />
      <TestMethod codeBase="C:\Projekty\xUnitTestProject\bin\Debug\netcoreapp3.1\xUnitTestProject.dll" adapterTypeName="executor://xunit/VsTestRunner2/netcoreapp" className="xUnitTestProject.CurrencyHelperTests" name="FormatToStringTest1000" />
    </UnitTest>
    <UnitTest name="xUnitTestProject.CurrencyHelperTests.FormatToStringTest1000(price: 74152.7503934562, expected: &quot;74152.75 zł&quot;)" storage="c:\projekty\xunittestproject\bin\debug\netcoreapp3.1\xunittestproject.dll" id="3326d350-1af4-4add-085b-c52b861e91af">
      <Execution id="0a1f3897-de7c-4fa0-bdee-97b721d73235" />
      <TestMethod codeBase="C:\Projekty\xUnitTestProject\bin\Debug\netcoreapp3.1\xUnitTestProject.dll" adapterTypeName="executor://xunit/VsTestRunner2/netcoreapp" className="xUnitTestProject.CurrencyHelperTests" name="FormatToStringTest1000" />
    </UnitTest>
    <UnitTest name="xUnitTestProject.CurrencyHelperTests.FormatToStringTest1000(price: 100.45267071130345, expected: &quot;100.45 zł&quot;)" storage="c:\projekty\xunittestproject\bin\debug\netcoreapp3.1\xunittestproject.dll" id="d44a0649-8200-dc14-ee0f-9aa1a5e79e57">
      <Execution id="64bad0c6-b7fd-44c1-9868-10f2bd60fb6e" />
      <TestMethod codeBase="C:\Projekty\xUnitTestProject\bin\Debug\netcoreapp3.1\xUnitTestProject.dll" adapterTypeName="executor://xunit/VsTestRunner2/netcoreapp" className="xUnitTestProject.CurrencyHelperTests" name="FormatToStringTest1000" />
    </UnitTest>
    <UnitTest name="xUnitTestProject.CurrencyHelperTests.FormatToStringTest1000(price: 11022.594234092438, expected: &quot;11022.59 zł&quot;)" storage="c:\projekty\xunittestproject\bin\debug\netcoreapp3.1\xunittestproject.dll" id="0a8dd3d5-59e9-8093-402f-f8fc213265ce">
      <Execution id="ea4ba15c-5de8-4051-bdce-23f43b5701a4" />
      <TestMethod codeBase="C:\Projekty\xUnitTestProject\bin\Debug\netcoreapp3.1\xUnitTestProject.dll" adapterTypeName="executor://xunit/VsTestRunner2/netcoreapp" className="xUnitTestProject.CurrencyHelperTests" name="FormatToStringTest1000" />
    </UnitTest>
    <UnitTest name="xUnitTestProject.CurrencyHelperTests.FormatToStringTest1000(price: 4554.73912809777, expected: &quot;4554.74 zł&quot;)" storage="c:\projekty\xunittestproject\bin\debug\netcoreapp3.1\xunittestproject.dll" id="c0f25143-2b07-04f3-95cc-c9746948afb7">
      <Execution id="78505d7e-b323-4f1a-8ccf-6a2e517411a4" />
      <TestMethod codeBase="C:\Projekty\xUnitTestProject\bin\Debug\netcoreapp3.1\xUnitTestProject.dll" adapterTypeName="executor://xunit/VsTestRunner2/netcoreapp" className="xUnitTestProject.CurrencyHelperTests" name="FormatToStringTest1000" />
    </UnitTest>
    <UnitTest name="xUnitTestProject.CurrencyHelperTests.FormatToStringTest1000(price: 1687.6029180025694, expected: &quot;1687.60 zł&quot;)" storage="c:\projekty\xunittestproject\bin\debug\netcoreapp3.1\xunittestproject.dll" id="1cc15eeb-9d05-d094-9231-53ade30093a7">
      <Execution id="0fb0ecbc-cd30-4d6b-923a-4f33c1093f96" />
      <TestMethod codeBase="C:\Projekty\xUnitTestProject\bin\Debug\netcoreapp3.1\xUnitTestProject.dll" adapterTypeName="executor://xunit/VsTestRunner2/netcoreapp" className="xUnitTestProject.CurrencyHelperTests" name="FormatToStringTest1000" />
    </UnitTest>
    <UnitTest name="xUnitTestProject.CurrencyHelperTests.FormatToStringTest1000(price: 10965.74607995746, expected: &quot;10965.75 zł&quot;)" storage="c:\projekty\xunittestproject\bin\debug\netcoreapp3.1\xunittestproject.dll" id="c83faa4e-9cfa-b743-e7ea-a4956027273b">
      <Execution id="9e072928-67b5-470e-af5d-a0c44445e082" />
      <TestMethod codeBase="C:\Projekty\xUnitTestProject\bin\Debug\netcoreapp3.1\xUnitTestProject.dll" adapterTypeName="executor://xunit/VsTestRunner2/netcoreapp" className="xUnitTestProject.CurrencyHelperTests" name="FormatToStringTest1000" />
    </UnitTest>
    <UnitTest name="xUnitTestProject.CurrencyHelperTests.FormatToStringTest1000(price: 1568.615240217473, expected: &quot;1568.62 zł&quot;)" storage="c:\projekty\xunittestproject\bin\debug\netcoreapp3.1\xunittestproject.dll" id="5a540ea5-a914-2a7a-fb65-63091b7a1082">
      <Execution id="95da084c-194f-454b-95f1-d05228da6951" />
      <TestMethod codeBase="C:\Projekty\xUnitTestProject\bin\Debug\netcoreapp3.1\xUnitTestProject.dll" adapterTypeName="executor://xunit/VsTestRunner2/netcoreapp" className="xUnitTestProject.CurrencyHelperTests" name="FormatToStringTest1000" />
    </UnitTest>
    <UnitTest name="xUnitTestProject.CurrencyHelperTests.FormatToStringTest1000(price: 55010.474927814896, expected: &quot;55010.47 zł&quot;)" storage="c:\projekty\xunittestproject\bin\debug\netcoreapp3.1\xunittestproject.dll" id="4c68b106-0b95-e518-2e9e-d72489df9e7e">
      <Execution id="ebd79f0e-aad2-456b-9e00-3e1c6f321bb2" />
      <TestMethod codeBase="C:\Projekty\xUnitTestProject\bin\Debug\netcoreapp3.1\xUnitTestProject.dll" adapterTypeName="executor://xunit/VsTestRunner2/netcoreapp" className="xUnitTestProject.CurrencyHelperTests" name="FormatToStringTest1000" />
    </UnitTest>
    <UnitTest name="xUnitTestProject.CurrencyHelperTests.FormatToStringTest1000(price: 2298.0331723829886, expected: &quot;2298.03 zł&quot;)" storage="c:\projekty\xunittestproject\bin\debug\netcoreapp3.1\xunittestproject.dll" id="83af6274-cbc6-0821-9d1c-d71c57f5ac71">
      <Execution id="fb4a2dad-63f3-403e-9aec-fb0e05ea1a28" />
      <TestMethod codeBase="C:\Projekty\xUnitTestProject\bin\Debug\netcoreapp3.1\xUnitTestProject.dll" adapterTypeName="executor://xunit/VsTestRunner2/netcoreapp" className="xUnitTestProject.CurrencyHelperTests" name="FormatToStringTest1000" />
    </UnitTest>
    <UnitTest name="xUnitTestProject.CurrencyHelperTests.FormatToStringTest1000(price: 8885.065440211942, expected: &quot;8885.07 zł&quot;)" storage="c:\projekty\xunittestproject\bin\debug\netcoreapp3.1\xunittestproject.dll" id="9ecb75d8-2160-8266-876b-6361db8213dc">
      <Execution id="08bb6aac-eb98-4aa3-950c-a2a48836bbee" />
      <TestMethod codeBase="C:\Projekty\xUnitTestProject\bin\Debug\netcoreapp3.1\xUnitTestProject.dll" adapterTypeName="executor://xunit/VsTestRunner2/netcoreapp" className="xUnitTestProject.CurrencyHelperTests" name="FormatToStringTest1000" />
    </UnitTest>
    <UnitTest name="xUnitTestProject.CurrencyHelperTests.FormatToStringTest1000(price: 38640.62766693003, expected: &quot;38640.63 zł&quot;)" storage="c:\projekty\xunittestproject\bin\debug\netcoreapp3.1\xunittestproject.dll" id="ce6af9f0-4b11-7bc7-9919-f6caf3d5d5f3">
      <Execution id="7e389066-d9f4-417a-8d88-f0eecc3b0bef" />
      <TestMethod codeBase="C:\Projekty\xUnitTestProject\bin\Debug\netcoreapp3.1\xUnitTestProject.dll" adapterTypeName="executor://xunit/VsTestRunner2/netcoreapp" className="xUnitTestProject.CurrencyHelperTests" name="FormatToStringTest1000" />
    </UnitTest>
    <UnitTest name="xUnitTestProject.CurrencyHelperTests.FormatToStringTest1000(price: 803.2448148733214, expected: &quot;803.24 zł&quot;)" storage="c:\projekty\xunittestproject\bin\debug\netcoreapp3.1\xunittestproject.dll" id="034f9192-5731-ab77-854c-d5ad3844ecab">
      <Execution id="282156c0-b20b-48c8-831f-87e8f5aad11c" />
      <TestMethod codeBase="C:\Projekty\xUnitTestProject\bin\Debug\netcoreapp3.1\xUnitTestProject.dll" adapterTypeName="executor://xunit/VsTestRunner2/netcoreapp" className="xUnitTestProject.CurrencyHelperTests" name="FormatToStringTest1000" />
    </UnitTest>
    <UnitTest name="xUnitTestProject.CurrencyHelperTests.FormatToStringTest1000(price: 37826.846755123166, expected: &quot;37826.85 zł&quot;)" storage="c:\projekty\xunittestproject\bin\debug\netcoreapp3.1\xunittestproject.dll" id="a3944110-24ef-a5f3-993b-c0e54d094618">
      <Execution id="8f8b31bd-78a6-40f2-9555-4586954b03f0" />
      <TestMethod codeBase="C:\Projekty\xUnitTestProject\bin\Debug\netcoreapp3.1\xUnitTestProject.dll" adapterTypeName="executor://xunit/VsTestRunner2/netcoreapp" className="xUnitTestProject.CurrencyHelperTests" name="FormatToStringTest1000" />
    </UnitTest>
    <UnitTest name="xUnitTestProject.CurrencyHelperTests.FormatToStringTest1000(price: 8599.45217413616, expected: &quot;8599.45 zł&quot;)" storage="c:\projekty\xunittestproject\bin\debug\netcoreapp3.1\xunittestproject.dll" id="459b3c16-63b4-fc77-bb08-22086969eb93">
      <Execution id="49d06d61-7f21-4953-ad77-5e3086b00aea" />
      <TestMethod codeBase="C:\Projekty\xUnitTestProject\bin\Debug\netcoreapp3.1\xUnitTestProject.dll" adapterTypeName="executor://xunit/VsTestRunner2/netcoreapp" className="xUnitTestProject.CurrencyHelperTests" name="FormatToStringTest1000" />
    </UnitTest>
    <UnitTest name="xUnitTestProject.CurrencyHelperTests.FormatToStringTest1000(price: 6220.182014914314, expected: &quot;6220.18 zł&quot;)" storage="c:\projekty\xunittestproject\bin\debug\netcoreapp3.1\xunittestproject.dll" id="0d6018bc-c4c3-ac7c-618e-ae3024a5dbea">
      <Execution id="bb150f85-dca0-4aaf-8129-6a90d8730ee9" />
      <TestMethod codeBase="C:\Projekty\xUnitTestProject\bin\Debug\netcoreapp3.1\xUnitTestProject.dll" adapterTypeName="executor://xunit/VsTestRunner2/netcoreapp" className="xUnitTestProject.CurrencyHelperTests" name="FormatToStringTest1000" />
    </UnitTest>
    <UnitTest name="xUnitTestProject.CurrencyHelperTests.FormatToStringTest1000(price: 4652.407073443945, expected: &quot;4652.41 zł&quot;)" storage="c:\projekty\xunittestproject\bin\debug\netcoreapp3.1\xunittestproject.dll" id="80d0ff60-cfaf-35b0-6f6e-60db427c7f85">
      <Execution id="c5839de4-9d5d-4fcc-ae20-17fff2435bd8" />
      <TestMethod codeBase="C:\Projekty\xUnitTestProject\bin\Debug\netcoreapp3.1\xUnitTestProject.dll" adapterTypeName="executor://xunit/VsTestRunner2/netcoreapp" className="xUnitTestProject.CurrencyHelperTests" name="FormatToStringTest1000" />
    </UnitTest>
    <UnitTest name="xUnitTestProject.CurrencyHelperTests.FormatToStringTest1000(price: 2883.637133003975, expected: &quot;2883.64 zł&quot;)" storage="c:\projekty\xunittestproject\bin\debug\netcoreapp3.1\xunittestproject.dll" id="4d3fe7e4-2bde-cfc0-5403-0728b7dde62a">
      <Execution id="7645481d-5898-4e17-86e1-a3f16e391d92" />
      <TestMethod codeBase="C:\Projekty\xUnitTestProject\bin\Debug\netcoreapp3.1\xUnitTestProject.dll" adapterTypeName="executor://xunit/VsTestRunner2/netcoreapp" className="xUnitTestProject.CurrencyHelperTests" name="FormatToStringTest1000" />
    </UnitTest>
    <UnitTest name="xUnitTestProject.CurrencyHelperTests.FormatToStringTest1000(price: 57237.252356975456, expected: &quot;57237.25 zł&quot;)" storage="c:\projekty\xunittestproject\bin\debug\netcoreapp3.1\xunittestproject.dll" id="761b6e00-61f3-b300-b2f5-8d5765381437">
      <Execution id="aaa07138-00b7-49a2-90e5-a636b4e74b94" />
      <TestMethod codeBase="C:\Projekty\xUnitTestProject\bin\Debug\netcoreapp3.1\xUnitTestProject.dll" adapterTypeName="executor://xunit/VsTestRunner2/netcoreapp" className="xUnitTestProject.CurrencyHelperTests" name="FormatToStringTest1000" />
    </UnitTest>
    <UnitTest name="xUnitTestProject.CurrencyHelperTests.FormatToStringTest1000(price: 15566.957545477411, expected: &quot;15566.96 zł&quot;)" storage="c:\projekty\xunittestproject\bin\debug\netcoreapp3.1\xunittestproject.dll" id="4b06698d-5339-0a98-2e05-9ce80b4b1ec4">
      <Execution id="dbb6c100-3cf6-4f71-8fad-6f99a567cf10" />
      <TestMethod codeBase="C:\Projekty\xUnitTestProject\bin\Debug\netcoreapp3.1\xUnitTestProject.dll" adapterTypeName="executor://xunit/VsTestRunner2/netcoreapp" className="xUnitTestProject.CurrencyHelperTests" name="FormatToStringTest1000" />
    </UnitTest>
    <UnitTest name="xUnitTestProject.CurrencyHelperTests.FormatToStringTest1000(price: 35784.54232617307, expected: &quot;35784.54 zł&quot;)" storage="c:\projekty\xunittestproject\bin\debug\netcoreapp3.1\xunittestproject.dll" id="99f07415-68e4-3476-dd07-6ad55eba383b">
      <Execution id="572d8ac0-c608-44a5-9e4c-a4dde28c2b13" />
      <TestMethod codeBase="C:\Projekty\xUnitTestProject\bin\Debug\netcoreapp3.1\xUnitTestProject.dll" adapterTypeName="executor://xunit/VsTestRunner2/netcoreapp" className="xUnitTestProject.CurrencyHelperTests" name="FormatToStringTest1000" />
    </UnitTest>
    <UnitTest name="xUnitTestProject.CurrencyHelperTests.FormatToStringTest1000(price: 2039.440966411699, expected: &quot;2039.44 zł&quot;)" storage="c:\projekty\xunittestproject\bin\debug\netcoreapp3.1\xunittestproject.dll" id="0a0bc23b-0e81-f4f7-edb6-cfc0213b6904">
      <Execution id="3eb07423-4ff2-47ed-8977-c4f52b302500" />
      <TestMethod codeBase="C:\Projekty\xUnitTestProject\bin\Debug\netcoreapp3.1\xUnitTestProject.dll" adapterTypeName="executor://xunit/VsTestRunner2/netcoreapp" className="xUnitTestProject.CurrencyHelperTests" name="FormatToStringTest1000" />
    </UnitTest>
    <UnitTest name="xUnitTestProject.CurrencyHelperTests.FormatToStringTest1000(price: 5396.620088554277, expected: &quot;5396.62 zł&quot;)" storage="c:\projekty\xunittestproject\bin\debug\netcoreapp3.1\xunittestproject.dll" id="2cd343bd-badc-869e-d32e-7b446b74dbcf">
      <Execution id="6d5a4664-3b58-4c52-9d60-7295695ab01d" />
      <TestMethod codeBase="C:\Projekty\xUnitTestProject\bin\Debug\netcoreapp3.1\xUnitTestProject.dll" adapterTypeName="executor://xunit/VsTestRunner2/netcoreapp" className="xUnitTestProject.CurrencyHelperTests" name="FormatToStringTest1000" />
    </UnitTest>
    <UnitTest name="xUnitTestProject.CurrencyHelperTests.FormatToStringTest1000(price: 12187.551827252633, expected: &quot;12187.55 zł&quot;)" storage="c:\projekty\xunittestproject\bin\debug\netcoreapp3.1\xunittestproject.dll" id="73284804-3614-1086-c9d3-907dba871693">
      <Execution id="63bd6b89-b936-469c-bab2-a1a787e5bdc8" />
      <TestMethod codeBase="C:\Projekty\xUnitTestProject\bin\Debug\netcoreapp3.1\xUnitTestProject.dll" adapterTypeName="executor://xunit/VsTestRunner2/netcoreapp" className="xUnitTestProject.CurrencyHelperTests" name="FormatToStringTest1000" />
    </UnitTest>
    <UnitTest name="xUnitTestProject.CurrencyHelperTests.FormatToStringTest1000(price: 8347.417790138823, expected: &quot;8347.42 zł&quot;)" storage="c:\projekty\xunittestproject\bin\debug\netcoreapp3.1\xunittestproject.dll" id="38bf740f-4d67-502e-2cfd-d66470e846d5">
      <Execution id="e6a65851-222c-4dd6-b310-1fbe27459809" />
      <TestMethod codeBase="C:\Projekty\xUnitTestProject\bin\Debug\netcoreapp3.1\xUnitTestProject.dll" adapterTypeName="executor://xunit/VsTestRunner2/netcoreapp" className="xUnitTestProject.CurrencyHelperTests" name="FormatToStringTest1000" />
    </UnitTest>
    <UnitTest name="xUnitTestProject.CurrencyHelperTests.FormatToStringTest1000(price: 19216.446905020366, expected: &quot;19216.45 zł&quot;)" storage="c:\projekty\xunittestproject\bin\debug\netcoreapp3.1\xunittestproject.dll" id="0dda947f-a97a-e494-3314-a0e77995fdce">
      <Execution id="ef451eb7-2977-455a-9756-6ff8e6b56613" />
      <TestMethod codeBase="C:\Projekty\xUnitTestProject\bin\Debug\netcoreapp3.1\xUnitTestProject.dll" adapterTypeName="executor://xunit/VsTestRunner2/netcoreapp" className="xUnitTestProject.CurrencyHelperTests" name="FormatToStringTest1000" />
    </UnitTest>
    <UnitTest name="xUnitTestProject.CurrencyHelperTests.FormatToStringTest1000(price: 6057.842750804426, expected: &quot;6057.84 zł&quot;)" storage="c:\projekty\xunittestproject\bin\debug\netcoreapp3.1\xunittestproject.dll" id="6c34d91a-3ccc-a88d-a525-6f3132726a55">
      <Execution id="4c5b2a37-8668-4005-befa-622d870589c0" />
      <TestMethod codeBase="C:\Projekty\xUnitTestProject\bin\Debug\netcoreapp3.1\xUnitTestProject.dll" adapterTypeName="executor://xunit/VsTestRunner2/netcoreapp" className="xUnitTestProject.CurrencyHelperTests" name="FormatToStringTest1000" />
    </UnitTest>
    <UnitTest name="xUnitTestProject.CurrencyHelperTests.FormatToStringTest1000(price: 6323.24079469882, expected: &quot;6323.24 zł&quot;)" storage="c:\projekty\xunittestproject\bin\debug\netcoreapp3.1\xunittestproject.dll" id="3a74380b-5761-efcc-d80f-84990cb62b27">
      <Execution id="80199b70-57ce-410e-9d31-ad07b5e350f0" />
      <TestMethod codeBase="C:\Projekty\xUnitTestProject\bin\Debug\netcoreapp3.1\xUnitTestProject.dll" adapterTypeName="executor://xunit/VsTestRunner2/netcoreapp" className="xUnitTestProject.CurrencyHelperTests" name="FormatToStringTest1000" />
    </UnitTest>
    <UnitTest name="xUnitTestProject.CurrencyHelperTests.FormatToStringTest1000(price: 7813.027778348433, expected: &quot;7813.03 zł&quot;)" storage="c:\projekty\xunittestproject\bin\debug\netcoreapp3.1\xunittestproject.dll" id="5f1f475f-1270-641d-7d41-d4acd777aabd">
      <Execution id="162aaf5d-e1b3-45e2-ab90-36c4de23e216" />
      <TestMethod codeBase="C:\Projekty\xUnitTestProject\bin\Debug\netcoreapp3.1\xUnitTestProject.dll" adapterTypeName="executor://xunit/VsTestRunner2/netcoreapp" className="xUnitTestProject.CurrencyHelperTests" name="FormatToStringTest1000" />
    </UnitTest>
    <UnitTest name="xUnitTestProject.CurrencyHelperTests.FormatToStringTest1000(price: 35145.379208063416, expected: &quot;35145.38 zł&quot;)" storage="c:\projekty\xunittestproject\bin\debug\netcoreapp3.1\xunittestproject.dll" id="434a8caa-9318-d21d-4a14-8dc7214b55eb">
      <Execution id="c83652cb-a32e-451d-b75c-0a080e0e1743" />
      <TestMethod codeBase="C:\Projekty\xUnitTestProject\bin\Debug\netcoreapp3.1\xUnitTestProject.dll" adapterTypeName="executor://xunit/VsTestRunner2/netcoreapp" className="xUnitTestProject.CurrencyHelperTests" name="FormatToStringTest1000" />
    </UnitTest>
    <UnitTest name="xUnitTestProject.CurrencyHelperTests.FormatToStringTest1000(price: 6809.40195803037, expected: &quot;6809.40 zł&quot;)" storage="c:\projekty\xunittestproject\bin\debug\netcoreapp3.1\xunittestproject.dll" id="e1c5523d-f177-82aa-b8ad-0ce279495eeb">
      <Execution id="44f1a177-2870-4ebb-8670-41b48bf48e08" />
      <TestMethod codeBase="C:\Projekty\xUnitTestProject\bin\Debug\netcoreapp3.1\xUnitTestProject.dll" adapterTypeName="executor://xunit/VsTestRunner2/netcoreapp" className="xUnitTestProject.CurrencyHelperTests" name="FormatToStringTest1000" />
    </UnitTest>
    <UnitTest name="xUnitTestProject.CurrencyHelperTests.FormatToStringTest1000(price: 2166.4103293970275, expected: &quot;2166.41 zł&quot;)" storage="c:\projekty\xunittestproject\bin\debug\netcoreapp3.1\xunittestproject.dll" id="ccb01d77-9abe-d52e-f6b1-1f27fb49d5d4">
      <Execution id="50b589a4-e05e-4846-874f-85b50fa86cad" />
      <TestMethod codeBase="C:\Projekty\xUnitTestProject\bin\Debug\netcoreapp3.1\xUnitTestProject.dll" adapterTypeName="executor://xunit/VsTestRunner2/netcoreapp" className="xUnitTestProject.CurrencyHelperTests" name="FormatToStringTest1000" />
    </UnitTest>
    <UnitTest name="xUnitTestProject.CurrencyHelperTests.FormatToStringTest1000(price: 61422.228144277455, expected: &quot;61422.23 zł&quot;)" storage="c:\projekty\xunittestproject\bin\debug\netcoreapp3.1\xunittestproject.dll" id="7994a7d4-0fa0-5377-671c-ab94321aaf57">
      <Execution id="29cd3fce-a541-40eb-99fe-df4aee254034" />
      <TestMethod codeBase="C:\Projekty\xUnitTestProject\bin\Debug\netcoreapp3.1\xUnitTestProject.dll" adapterTypeName="executor://xunit/VsTestRunner2/netcoreapp" className="xUnitTestProject.CurrencyHelperTests" name="FormatToStringTest1000" />
    </UnitTest>
    <UnitTest name="xUnitTestProject.CurrencyHelperTests.FormatToStringTest1000(price: 3030.9461949132133, expected: &quot;3030.95 zł&quot;)" storage="c:\projekty\xunittestproject\bin\debug\netcoreapp3.1\xunittestproject.dll" id="c21a2737-6b36-8691-5404-6629a58d4529">
      <Execution id="bf4018f2-8e6f-47a1-b97d-e50f7e276dcb" />
      <TestMethod codeBase="C:\Projekty\xUnitTestProject\bin\Debug\netcoreapp3.1\xUnitTestProject.dll" adapterTypeName="executor://xunit/VsTestRunner2/netcoreapp" className="xUnitTestProject.CurrencyHelperTests" name="FormatToStringTest1000" />
    </UnitTest>
    <UnitTest name="xUnitTestProject.CurrencyHelperTests.FormatToStringTest1000(price: 7890.044272348771, expected: &quot;7890.04 zł&quot;)" storage="c:\projekty\xunittestproject\bin\debug\netcoreapp3.1\xunittestproject.dll" id="5a93f8c6-dddb-38ff-5f2b-b7e5cc3ddb6a">
      <Execution id="f62acbae-de25-43d9-9ed5-253ea359cbcf" />
      <TestMethod codeBase="C:\Projekty\xUnitTestProject\bin\Debug\netcoreapp3.1\xUnitTestProject.dll" adapterTypeName="executor://xunit/VsTestRunner2/netcoreapp" className="xUnitTestProject.CurrencyHelperTests" name="FormatToStringTest1000" />
    </UnitTest>
    <UnitTest name="xUnitTestProject.CurrencyHelperTests.FormatToStringTest1000(price: 2929.267390865026, expected: &quot;2929.27 zł&quot;)" storage="c:\projekty\xunittestproject\bin\debug\netcoreapp3.1\xunittestproject.dll" id="13bfc4cd-00bc-fb12-3861-f69dc4145d67">
      <Execution id="302ffadc-c02e-436d-8052-a9e45d63f04c" />
      <TestMethod codeBase="C:\Projekty\xUnitTestProject\bin\Debug\netcoreapp3.1\xUnitTestProject.dll" adapterTypeName="executor://xunit/VsTestRunner2/netcoreapp" className="xUnitTestProject.CurrencyHelperTests" name="FormatToStringTest1000" />
    </UnitTest>
    <UnitTest name="xUnitTestProject.CurrencyHelperTests.FormatToStringTest1000(price: 19071.681252896637, expected: &quot;19071.68 zł&quot;)" storage="c:\projekty\xunittestproject\bin\debug\netcoreapp3.1\xunittestproject.dll" id="cb40e0a5-2f70-a60d-407b-51d7d2d25955">
      <Execution id="18ab11b8-5acb-457a-b34c-1c8065db3121" />
      <TestMethod codeBase="C:\Projekty\xUnitTestProject\bin\Debug\netcoreapp3.1\xUnitTestProject.dll" adapterTypeName="executor://xunit/VsTestRunner2/netcoreapp" className="xUnitTestProject.CurrencyHelperTests" name="FormatToStringTest1000" />
    </UnitTest>
    <UnitTest name="xUnitTestProject.CurrencyHelperTests.FormatToStringTest1000(price: 20068.867046961965, expected: &quot;20068.87 zł&quot;)" storage="c:\projekty\xunittestproject\bin\debug\netcoreapp3.1\xunittestproject.dll" id="cbab0896-310f-9613-16bf-ed68cf4f09cd">
      <Execution id="c4c57eb2-46d7-4260-9023-18e911ee7273" />
      <TestMethod codeBase="C:\Projekty\xUnitTestProject\bin\Debug\netcoreapp3.1\xUnitTestProject.dll" adapterTypeName="executor://xunit/VsTestRunner2/netcoreapp" className="xUnitTestProject.CurrencyHelperTests" name="FormatToStringTest1000" />
    </UnitTest>
    <UnitTest name="xUnitTestProject.CurrencyHelperTests.FormatToStringTest1000(price: 70432.00656616595, expected: &quot;70432.01 zł&quot;)" storage="c:\projekty\xunittestproject\bin\debug\netcoreapp3.1\xunittestproject.dll" id="578b5b4c-08d1-6f2c-3cf8-070bb75c9b96">
      <Execution id="f4fb9ea6-ca16-4639-9b92-9c6652f6f49f" />
      <TestMethod codeBase="C:\Projekty\xUnitTestProject\bin\Debug\netcoreapp3.1\xUnitTestProject.dll" adapterTypeName="executor://xunit/VsTestRunner2/netcoreapp" className="xUnitTestProject.CurrencyHelperTests" name="FormatToStringTest1000" />
    </UnitTest>
    <UnitTest name="xUnitTestProject.CurrencyHelperTests.FormatToStringTest1000(price: 5507.360659962688, expected: &quot;5507.36 zł&quot;)" storage="c:\projekty\xunittestproject\bin\debug\netcoreapp3.1\xunittestproject.dll" id="53367b44-34c3-c14f-ebad-d28df1741450">
      <Execution id="72203a44-a8c7-4bd3-8312-e59098318926" />
      <TestMethod codeBase="C:\Projekty\xUnitTestProject\bin\Debug\netcoreapp3.1\xUnitTestProject.dll" adapterTypeName="executor://xunit/VsTestRunner2/netcoreapp" className="xUnitTestProject.CurrencyHelperTests" name="FormatToStringTest1000" />
    </UnitTest>
    <UnitTest name="xUnitTestProject.CurrencyHelperTests.FormatToStringTest1000(price: 10527.083945901639, expected: &quot;10527.08 zł&quot;)" storage="c:\projekty\xunittestproject\bin\debug\netcoreapp3.1\xunittestproject.dll" id="d493c8e9-cfea-2fc7-4acb-79ca91dde5f0">
      <Execution id="b9337fbf-0491-4f19-bfdf-e2597b10141d" />
      <TestMethod codeBase="C:\Projekty\xUnitTestProject\bin\Debug\netcoreapp3.1\xUnitTestProject.dll" adapterTypeName="executor://xunit/VsTestRunner2/netcoreapp" className="xUnitTestProject.CurrencyHelperTests" name="FormatToStringTest1000" />
    </UnitTest>
    <UnitTest name="xUnitTestProject.CurrencyHelperTests.FormatToStringTest1000(price: 59283.48311990662, expected: &quot;59283.48 zł&quot;)" storage="c:\projekty\xunittestproject\bin\debug\netcoreapp3.1\xunittestproject.dll" id="30db28b2-ac34-8d8e-c566-68b2f6bb1d51">
      <Execution id="a8dae664-5e39-4bd7-82a8-888e27548c13" />
      <TestMethod codeBase="C:\Projekty\xUnitTestProject\bin\Debug\netcoreapp3.1\xUnitTestProject.dll" adapterTypeName="executor://xunit/VsTestRunner2/netcoreapp" className="xUnitTestProject.CurrencyHelperTests" name="FormatToStringTest1000" />
    </UnitTest>
    <UnitTest name="xUnitTestProject.CurrencyHelperTests.FormatToStringTest1000(price: 27187.549022783314, expected: &quot;27187.55 zł&quot;)" storage="c:\projekty\xunittestproject\bin\debug\netcoreapp3.1\xunittestproject.dll" id="9af46142-b025-7ff1-cd86-b161fef30f97">
      <Execution id="a6caa14e-d8c2-4cc8-9cfa-092484fba250" />
      <TestMethod codeBase="C:\Projekty\xUnitTestProject\bin\Debug\netcoreapp3.1\xUnitTestProject.dll" adapterTypeName="executor://xunit/VsTestRunner2/netcoreapp" className="xUnitTestProject.CurrencyHelperTests" name="FormatToStringTest1000" />
    </UnitTest>
    <UnitTest name="xUnitTestProject.CurrencyHelperTests.FormatToStringTest1000(price: 38253.101637909705, expected: &quot;38253.10 zł&quot;)" storage="c:\projekty\xunittestproject\bin\debug\netcoreapp3.1\xunittestproject.dll" id="386de361-29e9-e772-105e-fd42e87ecfec">
      <Execution id="9b7b95ea-e7eb-4255-9d90-dfb0643de7e1" />
      <TestMethod codeBase="C:\Projekty\xUnitTestProject\bin\Debug\netcoreapp3.1\xUnitTestProject.dll" adapterTypeName="executor://xunit/VsTestRunner2/netcoreapp" className="xUnitTestProject.CurrencyHelperTests" name="FormatToStringTest1000" />
    </UnitTest>
    <UnitTest name="xUnitTestProject.CurrencyHelperTests.FormatToStringTest1000(price: 1474.699818629166, expected: &quot;1474.70 zł&quot;)" storage="c:\projekty\xunittestproject\bin\debug\netcoreapp3.1\xunittestproject.dll" id="f9dc9c7a-bf0e-4c02-1f2d-1fd4e69c7538">
      <Execution id="8154684c-c4a7-4ff6-815e-ecef38d5f472" />
      <TestMethod codeBase="C:\Projekty\xUnitTestProject\bin\Debug\netcoreapp3.1\xUnitTestProject.dll" adapterTypeName="executor://xunit/VsTestRunner2/netcoreapp" className="xUnitTestProject.CurrencyHelperTests" name="FormatToStringTest1000" />
    </UnitTest>
    <UnitTest name="xUnitTestProject.CurrencyHelperTests.FormatToStringTest1000(price: 4669.392596858271, expected: &quot;4669.39 zł&quot;)" storage="c:\projekty\xunittestproject\bin\debug\netcoreapp3.1\xunittestproject.dll" id="d4f3c378-b93a-d1d1-d97b-d57a65cd57e1">
      <Execution id="f53d683e-567d-480f-a87f-f31589474665" />
      <TestMethod codeBase="C:\Projekty\xUnitTestProject\bin\Debug\netcoreapp3.1\xUnitTestProject.dll" adapterTypeName="executor://xunit/VsTestRunner2/netcoreapp" className="xUnitTestProject.CurrencyHelperTests" name="FormatToStringTest1000" />
    </UnitTest>
    <UnitTest name="xUnitTestProject.CurrencyHelperTests.FormatToStringTest1000(price: 5022.470719070859, expected: &quot;5022.47 zł&quot;)" storage="c:\projekty\xunittestproject\bin\debug\netcoreapp3.1\xunittestproject.dll" id="c7272717-4c66-ee9c-96d1-b74d86b61eb8">
      <Execution id="7c6495ae-33a5-4754-87b3-57c5f3d897f9" />
      <TestMethod codeBase="C:\Projekty\xUnitTestProject\bin\Debug\netcoreapp3.1\xUnitTestProject.dll" adapterTypeName="executor://xunit/VsTestRunner2/netcoreapp" className="xUnitTestProject.CurrencyHelperTests" name="FormatToStringTest1000" />
    </UnitTest>
    <UnitTest name="xUnitTestProject.CurrencyHelperTests.FormatToStringTest1000(price: 3700.029953029021, expected: &quot;3700.03 zł&quot;)" storage="c:\projekty\xunittestproject\bin\debug\netcoreapp3.1\xunittestproject.dll" id="3172308c-0e5e-05a2-a398-90977e0ab705">
      <Execution id="149f9176-1e9e-460b-a55b-6cf22c992407" />
      <TestMethod codeBase="C:\Projekty\xUnitTestProject\bin\Debug\netcoreapp3.1\xUnitTestProject.dll" adapterTypeName="executor://xunit/VsTestRunner2/netcoreapp" className="xUnitTestProject.CurrencyHelperTests" name="FormatToStringTest1000" />
    </UnitTest>
    <UnitTest name="xUnitTestProject.CurrencyHelperTests.FormatToStringTest1000(price: 41876.979471482795, expected: &quot;41876.98 zł&quot;)" storage="c:\projekty\xunittestproject\bin\debug\netcoreapp3.1\xunittestproject.dll" id="e9257337-b714-27d4-32a8-94e3008408f8">
      <Execution id="71e1a3e8-c7b1-41dc-a774-759f04dcde38" />
      <TestMethod codeBase="C:\Projekty\xUnitTestProject\bin\Debug\netcoreapp3.1\xUnitTestProject.dll" adapterTypeName="executor://xunit/VsTestRunner2/netcoreapp" className="xUnitTestProject.CurrencyHelperTests" name="FormatToStringTest1000" />
    </UnitTest>
    <UnitTest name="xUnitTestProject.CurrencyHelperTests.FormatToStringTest1000(price: 66764.31690498316, expected: &quot;66764.32 zł&quot;)" storage="c:\projekty\xunittestproject\bin\debug\netcoreapp3.1\xunittestproject.dll" id="d1db99c9-780d-a1a8-cf4e-cc5ed7bbc5dc">
      <Execution id="5d9f31f4-81df-4571-8a53-cfb6d9039d5b" />
      <TestMethod codeBase="C:\Projekty\xUnitTestProject\bin\Debug\netcoreapp3.1\xUnitTestProject.dll" adapterTypeName="executor://xunit/VsTestRunner2/netcoreapp" className="xUnitTestProject.CurrencyHelperTests" name="FormatToStringTest1000" />
    </UnitTest>
    <UnitTest name="xUnitTestProject.CurrencyHelperTests.FormatToStringTest1000(price: 5504.094303639184, expected: &quot;5504.09 zł&quot;)" storage="c:\projekty\xunittestproject\bin\debug\netcoreapp3.1\xunittestproject.dll" id="a1fbb77d-adf8-8ccd-4022-16be128e7ade">
      <Execution id="ba9a9a34-fb48-43f4-9a29-6d577b03886e" />
      <TestMethod codeBase="C:\Projekty\xUnitTestProject\bin\Debug\netcoreapp3.1\xUnitTestProject.dll" adapterTypeName="executor://xunit/VsTestRunner2/netcoreapp" className="xUnitTestProject.CurrencyHelperTests" name="FormatToStringTest1000" />
    </UnitTest>
    <UnitTest name="xUnitTestProject.CurrencyHelperTests.FormatToStringTest1000(price: 32821.05661472215, expected: &quot;32821.06 zł&quot;)" storage="c:\projekty\xunittestproject\bin\debug\netcoreapp3.1\xunittestproject.dll" id="a23aab13-e7cd-0855-c1ee-3a27796bc390">
      <Execution id="33b78f67-d0ea-46c1-9cd4-a317171a6295" />
      <TestMethod codeBase="C:\Projekty\xUnitTestProject\bin\Debug\netcoreapp3.1\xUnitTestProject.dll" adapterTypeName="executor://xunit/VsTestRunner2/netcoreapp" className="xUnitTestProject.CurrencyHelperTests" name="FormatToStringTest1000" />
    </UnitTest>
    <UnitTest name="xUnitTestProject.CurrencyHelperTests.FormatToStringTest1000(price: 30807.823896702295, expected: &quot;30807.82 zł&quot;)" storage="c:\projekty\xunittestproject\bin\debug\netcoreapp3.1\xunittestproject.dll" id="f308d529-c66b-0a68-1a35-9384b1697bbf">
      <Execution id="83e854a1-54d1-4434-8ef2-57c87843fc41" />
      <TestMethod codeBase="C:\Projekty\xUnitTestProject\bin\Debug\netcoreapp3.1\xUnitTestProject.dll" adapterTypeName="executor://xunit/VsTestRunner2/netcoreapp" className="xUnitTestProject.CurrencyHelperTests" name="FormatToStringTest1000" />
    </UnitTest>
    <UnitTest name="xUnitTestProject.CurrencyHelperTests.FormatToStringTest1000(price: 36211.11038300866, expected: &quot;36211.11 zł&quot;)" storage="c:\projekty\xunittestproject\bin\debug\netcoreapp3.1\xunittestproject.dll" id="69ed80be-ebbe-cd3a-42e2-f7807046c259">
      <Execution id="4c2bd9e9-4f63-43f9-a6c6-8decbf464943" />
      <TestMethod codeBase="C:\Projekty\xUnitTestProject\bin\Debug\netcoreapp3.1\xUnitTestProject.dll" adapterTypeName="executor://xunit/VsTestRunner2/netcoreapp" className="xUnitTestProject.CurrencyHelperTests" name="FormatToStringTest1000" />
    </UnitTest>
    <UnitTest name="xUnitTestProject.CurrencyHelperTests.FormatToStringTest1000(price: 24024.14691439557, expected: &quot;24024.15 zł&quot;)" storage="c:\projekty\xunittestproject\bin\debug\netcoreapp3.1\xunittestproject.dll" id="9764b852-f92a-9e33-a48d-5ba73babe5d1">
      <Execution id="00158507-846e-4454-9b4d-2f28fee50c48" />
      <TestMethod codeBase="C:\Projekty\xUnitTestProject\bin\Debug\netcoreapp3.1\xUnitTestProject.dll" adapterTypeName="executor://xunit/VsTestRunner2/netcoreapp" className="xUnitTestProject.CurrencyHelperTests" name="FormatToStringTest1000" />
    </UnitTest>
    <UnitTest name="xUnitTestProject.CurrencyHelperTests.FormatToStringTest1000(price: 5398.2412667191775, expected: &quot;5398.24 zł&quot;)" storage="c:\projekty\xunittestproject\bin\debug\netcoreapp3.1\xunittestproject.dll" id="364fda16-bd4c-3aa8-1597-b73653a15603">
      <Execution id="282bd23b-c8f9-48b9-8e09-2c3c8eea98c3" />
      <TestMethod codeBase="C:\Projekty\xUnitTestProject\bin\Debug\netcoreapp3.1\xUnitTestProject.dll" adapterTypeName="executor://xunit/VsTestRunner2/netcoreapp" className="xUnitTestProject.CurrencyHelperTests" name="FormatToStringTest1000" />
    </UnitTest>
    <UnitTest name="xUnitTestProject.CurrencyHelperTests.FormatToStringTest1000(price: 11904.111251175456, expected: &quot;11904.11 zł&quot;)" storage="c:\projekty\xunittestproject\bin\debug\netcoreapp3.1\xunittestproject.dll" id="688da5e9-d12f-3e2c-c7dd-72c1a87d6a78">
      <Execution id="166a293d-5a40-4f16-b4d4-533e746af377" />
      <TestMethod codeBase="C:\Projekty\xUnitTestProject\bin\Debug\netcoreapp3.1\xUnitTestProject.dll" adapterTypeName="executor://xunit/VsTestRunner2/netcoreapp" className="xUnitTestProject.CurrencyHelperTests" name="FormatToStringTest1000" />
    </UnitTest>
    <UnitTest name="xUnitTestProject.CurrencyHelperTests.FormatToStringTest1000(price: 14198.39903067723, expected: &quot;14198.40 zł&quot;)" storage="c:\projekty\xunittestproject\bin\debug\netcoreapp3.1\xunittestproject.dll" id="814b2061-14f5-c810-0eca-e8431104105a">
      <Execution id="49b69fc2-a28e-4143-9c8a-1b696a6c5b0a" />
      <TestMethod codeBase="C:\Projekty\xUnitTestProject\bin\Debug\netcoreapp3.1\xUnitTestProject.dll" adapterTypeName="executor://xunit/VsTestRunner2/netcoreapp" className="xUnitTestProject.CurrencyHelperTests" name="FormatToStringTest1000" />
    </UnitTest>
    <UnitTest name="xUnitTestProject.CurrencyHelperTests.FormatToStringTest1000(price: 27942.393876474067, expected: &quot;27942.39 zł&quot;)" storage="c:\projekty\xunittestproject\bin\debug\netcoreapp3.1\xunittestproject.dll" id="92bde5bc-af9c-6dbe-10ea-7012e494fcd9">
      <Execution id="73223655-09f5-43e9-aa92-df2cb7dd4f63" />
      <TestMethod codeBase="C:\Projekty\xUnitTestProject\bin\Debug\netcoreapp3.1\xUnitTestProject.dll" adapterTypeName="executor://xunit/VsTestRunner2/netcoreapp" className="xUnitTestProject.CurrencyHelperTests" name="FormatToStringTest1000" />
    </UnitTest>
    <UnitTest name="xUnitTestProject.CurrencyHelperTests.FormatToStringTest1000(price: 45887.58415794167, expected: &quot;45887.58 zł&quot;)" storage="c:\projekty\xunittestproject\bin\debug\netcoreapp3.1\xunittestproject.dll" id="8e844c73-d78c-9c16-d82a-bbf068ddf1ce">
      <Execution id="18687579-25f4-4d1a-bf9a-efbae6d73eed" />
      <TestMethod codeBase="C:\Projekty\xUnitTestProject\bin\Debug\netcoreapp3.1\xUnitTestProject.dll" adapterTypeName="executor://xunit/VsTestRunner2/netcoreapp" className="xUnitTestProject.CurrencyHelperTests" name="FormatToStringTest1000" />
    </UnitTest>
    <UnitTest name="xUnitTestProject.CurrencyHelperTests.FormatToStringTest1000(price: 15639.704937780603, expected: &quot;15639.70 zł&quot;)" storage="c:\projekty\xunittestproject\bin\debug\netcoreapp3.1\xunittestproject.dll" id="a188d29e-24f4-14f6-3109-f28ee9929456">
      <Execution id="50e95f26-a573-4e93-a0bb-a89facc83adb" />
      <TestMethod codeBase="C:\Projekty\xUnitTestProject\bin\Debug\netcoreapp3.1\xUnitTestProject.dll" adapterTypeName="executor://xunit/VsTestRunner2/netcoreapp" className="xUnitTestProject.CurrencyHelperTests" name="FormatToStringTest1000" />
    </UnitTest>
    <UnitTest name="xUnitTestProject.CurrencyHelperTests.FormatToStringTest1000(price: 24729.333280806586, expected: &quot;24729.33 zł&quot;)" storage="c:\projekty\xunittestproject\bin\debug\netcoreapp3.1\xunittestproject.dll" id="1536b0a9-7189-743d-a273-29feae6f0843">
      <Execution id="efeb7548-7741-4f77-a723-b7db2f197b0b" />
      <TestMethod codeBase="C:\Projekty\xUnitTestProject\bin\Debug\netcoreapp3.1\xUnitTestProject.dll" adapterTypeName="executor://xunit/VsTestRunner2/netcoreapp" className="xUnitTestProject.CurrencyHelperTests" name="FormatToStringTest1000" />
    </UnitTest>
    <UnitTest name="xUnitTestProject.CurrencyHelperTests.FormatToStringTest1000(price: 58459.03113649601, expected: &quot;58459.03 zł&quot;)" storage="c:\projekty\xunittestproject\bin\debug\netcoreapp3.1\xunittestproject.dll" id="f62ec529-2064-feb0-d217-30e62f8296ba">
      <Execution id="901206fd-12bb-492d-a40c-e756ecc0ed58" />
      <TestMethod codeBase="C:\Projekty\xUnitTestProject\bin\Debug\netcoreapp3.1\xUnitTestProject.dll" adapterTypeName="executor://xunit/VsTestRunner2/netcoreapp" className="xUnitTestProject.CurrencyHelperTests" name="FormatToStringTest1000" />
    </UnitTest>
    <UnitTest name="xUnitTestProject.CurrencyHelperTests.FormatToStringTest1000(price: 32216.686763396807, expected: &quot;32216.69 zł&quot;)" storage="c:\projekty\xunittestproject\bin\debug\netcoreapp3.1\xunittestproject.dll" id="c09fd9f3-56b2-979f-b5dc-a5cbb3bb898a">
      <Execution id="b3843831-11a3-430c-a385-018e679603b2" />
      <TestMethod codeBase="C:\Projekty\xUnitTestProject\bin\Debug\netcoreapp3.1\xUnitTestProject.dll" adapterTypeName="executor://xunit/VsTestRunner2/netcoreapp" className="xUnitTestProject.CurrencyHelperTests" name="FormatToStringTest1000" />
    </UnitTest>
    <UnitTest name="xUnitTestProject.CurrencyHelperTests.FormatToStringTest1000(price: 22678.795878462864, expected: &quot;22678.80 zł&quot;)" storage="c:\projekty\xunittestproject\bin\debug\netcoreapp3.1\xunittestproject.dll" id="1986b1a1-c98c-3d3a-7942-85a1e1c43315">
      <Execution id="e740eef8-334c-4af4-9d6f-0c46fc294fce" />
      <TestMethod codeBase="C:\Projekty\xUnitTestProject\bin\Debug\netcoreapp3.1\xUnitTestProject.dll" adapterTypeName="executor://xunit/VsTestRunner2/netcoreapp" className="xUnitTestProject.CurrencyHelperTests" name="FormatToStringTest1000" />
    </UnitTest>
    <UnitTest name="xUnitTestProject.CurrencyHelperTests.FormatToStringTest1000(price: 14237.13226245955, expected: &quot;14237.13 zł&quot;)" storage="c:\projekty\xunittestproject\bin\debug\netcoreapp3.1\xunittestproject.dll" id="5e9f654f-dd64-8138-30a6-1dc5f11cf83a">
      <Execution id="7e72e1d5-6514-44b4-98da-2cc672ed9d14" />
      <TestMethod codeBase="C:\Projekty\xUnitTestProject\bin\Debug\netcoreapp3.1\xUnitTestProject.dll" adapterTypeName="executor://xunit/VsTestRunner2/netcoreapp" className="xUnitTestProject.CurrencyHelperTests" name="FormatToStringTest1000" />
    </UnitTest>
    <UnitTest name="xUnitTestProject.CurrencyHelperTests.FormatToStringTest1000(price: 9628.688698104437, expected: &quot;9628.69 zł&quot;)" storage="c:\projekty\xunittestproject\bin\debug\netcoreapp3.1\xunittestproject.dll" id="3fa92d95-7719-c247-fd7d-28cef4c98170">
      <Execution id="47a9d732-46d8-4dee-964b-4ab01a5ade3c" />
      <TestMethod codeBase="C:\Projekty\xUnitTestProject\bin\Debug\netcoreapp3.1\xUnitTestProject.dll" adapterTypeName="executor://xunit/VsTestRunner2/netcoreapp" className="xUnitTestProject.CurrencyHelperTests" name="FormatToStringTest1000" />
    </UnitTest>
    <UnitTest name="xUnitTestProject.CurrencyHelperTests.FormatToStringTest1000(price: 11922.837782177532, expected: &quot;11922.84 zł&quot;)" storage="c:\projekty\xunittestproject\bin\debug\netcoreapp3.1\xunittestproject.dll" id="9e60da1f-2da8-eacc-63f9-9c91b8a7e042">
      <Execution id="1d4c2081-eb05-4c45-be16-5742c02f2bff" />
      <TestMethod codeBase="C:\Projekty\xUnitTestProject\bin\Debug\netcoreapp3.1\xUnitTestProject.dll" adapterTypeName="executor://xunit/VsTestRunner2/netcoreapp" className="xUnitTestProject.CurrencyHelperTests" name="FormatToStringTest1000" />
    </UnitTest>
    <UnitTest name="xUnitTestProject.CurrencyHelperTests.FormatToStringTest1000(price: 10324.538670147089, expected: &quot;10324.54 zł&quot;)" storage="c:\projekty\xunittestproject\bin\debug\netcoreapp3.1\xunittestproject.dll" id="4f6b94b9-8c0a-f905-af50-086f7c071ad9">
      <Execution id="16561e7f-1e82-464e-904c-0e95469f4fe2" />
      <TestMethod codeBase="C:\Projekty\xUnitTestProject\bin\Debug\netcoreapp3.1\xUnitTestProject.dll" adapterTypeName="executor://xunit/VsTestRunner2/netcoreapp" className="xUnitTestProject.CurrencyHelperTests" name="FormatToStringTest1000" />
    </UnitTest>
    <UnitTest name="xUnitTestProject.CurrencyHelperTests.FormatToStringTest1000(price: 1860.3356292016504, expected: &quot;1860.34 zł&quot;)" storage="c:\projekty\xunittestproject\bin\debug\netcoreapp3.1\xunittestproject.dll" id="084c3ea0-3fae-0089-ccac-97b8aadd0b60">
      <Execution id="2edd6225-ae12-4a57-9ff7-f578717f113b" />
      <TestMethod codeBase="C:\Projekty\xUnitTestProject\bin\Debug\netcoreapp3.1\xUnitTestProject.dll" adapterTypeName="executor://xunit/VsTestRunner2/netcoreapp" className="xUnitTestProject.CurrencyHelperTests" name="FormatToStringTest1000" />
    </UnitTest>
    <UnitTest name="xUnitTestProject.CurrencyHelperTests.FormatToStringTest1000(price: 33699.13042082038, expected: &quot;33699.13 zł&quot;)" storage="c:\projekty\xunittestproject\bin\debug\netcoreapp3.1\xunittestproject.dll" id="ef111b7b-895d-e083-171f-1b45ef31d01a">
      <Execution id="af5767b3-403f-434f-97bf-1d9379ff5dcf" />
      <TestMethod codeBase="C:\Projekty\xUnitTestProject\bin\Debug\netcoreapp3.1\xUnitTestProject.dll" adapterTypeName="executor://xunit/VsTestRunner2/netcoreapp" className="xUnitTestProject.CurrencyHelperTests" name="FormatToStringTest1000" />
    </UnitTest>
    <UnitTest name="xUnitTestProject.CurrencyHelperTests.FormatToStringTest1000(price: 41873.517751020154, expected: &quot;41873.52 zł&quot;)" storage="c:\projekty\xunittestproject\bin\debug\netcoreapp3.1\xunittestproject.dll" id="a32f3872-61d2-3bb4-5952-f9f7fd09a236">
      <Execution id="c4de848e-22b4-486e-bf41-c57bd0ac224b" />
      <TestMethod codeBase="C:\Projekty\xUnitTestProject\bin\Debug\netcoreapp3.1\xUnitTestProject.dll" adapterTypeName="executor://xunit/VsTestRunner2/netcoreapp" className="xUnitTestProject.CurrencyHelperTests" name="FormatToStringTest1000" />
    </UnitTest>
    <UnitTest name="xUnitTestProject.CurrencyHelperTests.FormatToStringTest1000(price: 6145.531235831571, expected: &quot;6145.53 zł&quot;)" storage="c:\projekty\xunittestproject\bin\debug\netcoreapp3.1\xunittestproject.dll" id="235eb381-d2e3-8caa-5888-040fb729169a">
      <Execution id="b44ea9df-0869-4613-a716-af2686388e88" />
      <TestMethod codeBase="C:\Projekty\xUnitTestProject\bin\Debug\netcoreapp3.1\xUnitTestProject.dll" adapterTypeName="executor://xunit/VsTestRunner2/netcoreapp" className="xUnitTestProject.CurrencyHelperTests" name="FormatToStringTest1000" />
    </UnitTest>
    <UnitTest name="xUnitTestProject.CurrencyHelperTests.FormatToStringTest1000(price: 88584.97010041306, expected: &quot;88584.97 zł&quot;)" storage="c:\projekty\xunittestproject\bin\debug\netcoreapp3.1\xunittestproject.dll" id="bf0f3eb7-c08a-24a8-fd8d-3d7e3051107b">
      <Execution id="c469fd66-d28e-4939-83be-2e7200158af9" />
      <TestMethod codeBase="C:\Projekty\xUnitTestProject\bin\Debug\netcoreapp3.1\xUnitTestProject.dll" adapterTypeName="executor://xunit/VsTestRunner2/netcoreapp" className="xUnitTestProject.CurrencyHelperTests" name="FormatToStringTest1000" />
    </UnitTest>
    <UnitTest name="xUnitTestProject.CurrencyHelperTests.FormatToStringTest1000(price: 2346.9964869427477, expected: &quot;2347.00 zł&quot;)" storage="c:\projekty\xunittestproject\bin\debug\netcoreapp3.1\xunittestproject.dll" id="d9756703-fed3-1fb8-7195-5dae810af3cf">
      <Execution id="e6ecf4d3-c0d5-4c52-8507-99477c5c4d5b" />
      <TestMethod codeBase="C:\Projekty\xUnitTestProject\bin\Debug\netcoreapp3.1\xUnitTestProject.dll" adapterTypeName="executor://xunit/VsTestRunner2/netcoreapp" className="xUnitTestProject.CurrencyHelperTests" name="FormatToStringTest1000" />
    </UnitTest>
    <UnitTest name="xUnitTestProject.CurrencyHelperTests.FormatToStringTest1000(price: 41915.7945284563, expected: &quot;41915.79 zł&quot;)" storage="c:\projekty\xunittestproject\bin\debug\netcoreapp3.1\xunittestproject.dll" id="fa34dc68-0a28-d88d-9f8e-755de73cf02d">
      <Execution id="e691a8d5-297d-437e-bc54-7ae54f8061f2" />
      <TestMethod codeBase="C:\Projekty\xUnitTestProject\bin\Debug\netcoreapp3.1\xUnitTestProject.dll" adapterTypeName="executor://xunit/VsTestRunner2/netcoreapp" className="xUnitTestProject.CurrencyHelperTests" name="FormatToStringTest1000" />
    </UnitTest>
    <UnitTest name="xUnitTestProject.CurrencyHelperTests.FormatToStringTest1000(price: 56378.261944644735, expected: &quot;56378.26 zł&quot;)" storage="c:\projekty\xunittestproject\bin\debug\netcoreapp3.1\xunittestproject.dll" id="e3f04803-c378-ce39-94cd-bd430620d6cb">
      <Execution id="4db0ad53-9ea2-4120-8d91-061bf07e525b" />
      <TestMethod codeBase="C:\Projekty\xUnitTestProject\bin\Debug\netcoreapp3.1\xUnitTestProject.dll" adapterTypeName="executor://xunit/VsTestRunner2/netcoreapp" className="xUnitTestProject.CurrencyHelperTests" name="FormatToStringTest1000" />
    </UnitTest>
    <UnitTest name="xUnitTestProject.CurrencyHelperTests.FormatToStringTest1000(price: 10857.521742201186, expected: &quot;10857.52 zł&quot;)" storage="c:\projekty\xunittestproject\bin\debug\netcoreapp3.1\xunittestproject.dll" id="bafee3ee-9889-56d2-8e3d-2c651a7649c3">
      <Execution id="f8138380-2e55-4ebf-895d-e2d8da04fc4b" />
      <TestMethod codeBase="C:\Projekty\xUnitTestProject\bin\Debug\netcoreapp3.1\xUnitTestProject.dll" adapterTypeName="executor://xunit/VsTestRunner2/netcoreapp" className="xUnitTestProject.CurrencyHelperTests" name="FormatToStringTest1000" />
    </UnitTest>
    <UnitTest name="xUnitTestProject.CurrencyHelperTests.FormatToStringTest1000(price: 158.49784791027093, expected: &quot;158.50 zł&quot;)" storage="c:\projekty\xunittestproject\bin\debug\netcoreapp3.1\xunittestproject.dll" id="b82e8809-4def-9359-7a57-795e7616c335">
      <Execution id="9cb79d93-17d7-4ecb-a129-ab748f16d8ab" />
      <TestMethod codeBase="C:\Projekty\xUnitTestProject\bin\Debug\netcoreapp3.1\xUnitTestProject.dll" adapterTypeName="executor://xunit/VsTestRunner2/netcoreapp" className="xUnitTestProject.CurrencyHelperTests" name="FormatToStringTest1000" />
    </UnitTest>
    <UnitTest name="xUnitTestProject.CurrencyHelperTests.FormatToStringTest1000(price: 76751.79413498091, expected: &quot;76751.79 zł&quot;)" storage="c:\projekty\xunittestproject\bin\debug\netcoreapp3.1\xunittestproject.dll" id="c7ef87e2-e6d0-89f1-fa1a-3a161b3248e2">
      <Execution id="3bf6957e-4409-4170-b473-83c63e773901" />
      <TestMethod codeBase="C:\Projekty\xUnitTestProject\bin\Debug\netcoreapp3.1\xUnitTestProject.dll" adapterTypeName="executor://xunit/VsTestRunner2/netcoreapp" className="xUnitTestProject.CurrencyHelperTests" name="FormatToStringTest1000" />
    </UnitTest>
    <UnitTest name="xUnitTestProject.CurrencyHelperTests.FormatToStringTest1000(price: 5247.779940802501, expected: &quot;5247.78 zł&quot;)" storage="c:\projekty\xunittestproject\bin\debug\netcoreapp3.1\xunittestproject.dll" id="3298d961-bdaa-633a-0d61-33079be298ce">
      <Execution id="e28e10ed-503c-4405-a0f4-2a54e48318ea" />
      <TestMethod codeBase="C:\Projekty\xUnitTestProject\bin\Debug\netcoreapp3.1\xUnitTestProject.dll" adapterTypeName="executor://xunit/VsTestRunner2/netcoreapp" className="xUnitTestProject.CurrencyHelperTests" name="FormatToStringTest1000" />
    </UnitTest>
    <UnitTest name="xUnitTestProject.CurrencyHelperTests.FormatToStringTest1000(price: 25272.05048361283, expected: &quot;25272.05 zł&quot;)" storage="c:\projekty\xunittestproject\bin\debug\netcoreapp3.1\xunittestproject.dll" id="40134df2-77e4-6143-ea6f-23ae0fbd39f3">
      <Execution id="cc65aac1-ac73-48ed-aab6-74daaae6fe83" />
      <TestMethod codeBase="C:\Projekty\xUnitTestProject\bin\Debug\netcoreapp3.1\xUnitTestProject.dll" adapterTypeName="executor://xunit/VsTestRunner2/netcoreapp" className="xUnitTestProject.CurrencyHelperTests" name="FormatToStringTest1000" />
    </UnitTest>
    <UnitTest name="xUnitTestProject.CurrencyHelperTests.FormatToStringTest1000(price: 3274.481392617096, expected: &quot;3274.48 zł&quot;)" storage="c:\projekty\xunittestproject\bin\debug\netcoreapp3.1\xunittestproject.dll" id="dd2dd033-1470-57eb-5d97-02eb255fcb1f">
      <Execution id="0210922b-0c51-417b-a233-ce0271ed5907" />
      <TestMethod codeBase="C:\Projekty\xUnitTestProject\bin\Debug\netcoreapp3.1\xUnitTestProject.dll" adapterTypeName="executor://xunit/VsTestRunner2/netcoreapp" className="xUnitTestProject.CurrencyHelperTests" name="FormatToStringTest1000" />
    </UnitTest>
    <UnitTest name="xUnitTestProject.CurrencyHelperTests.FormatToStringTest1000(price: 2901.9683054191846, expected: &quot;2901.97 zł&quot;)" storage="c:\projekty\xunittestproject\bin\debug\netcoreapp3.1\xunittestproject.dll" id="b38d539d-6069-d89f-5c5e-102a8255e594">
      <Execution id="ef7a3998-48a7-493e-a4d3-0e0d09371e0a" />
      <TestMethod codeBase="C:\Projekty\xUnitTestProject\bin\Debug\netcoreapp3.1\xUnitTestProject.dll" adapterTypeName="executor://xunit/VsTestRunner2/netcoreapp" className="xUnitTestProject.CurrencyHelperTests" name="FormatToStringTest1000" />
    </UnitTest>
    <UnitTest name="xUnitTestProject.CurrencyHelperTests.FormatToStringTest1000(price: 13681.607566007231, expected: &quot;13681.61 zł&quot;)" storage="c:\projekty\xunittestproject\bin\debug\netcoreapp3.1\xunittestproject.dll" id="f72783d9-64aa-50e2-fcd1-46f621632d5d">
      <Execution id="18fa33ca-818f-4e36-8f02-c338ebaa4245" />
      <TestMethod codeBase="C:\Projekty\xUnitTestProject\bin\Debug\netcoreapp3.1\xUnitTestProject.dll" adapterTypeName="executor://xunit/VsTestRunner2/netcoreapp" className="xUnitTestProject.CurrencyHelperTests" name="FormatToStringTest1000" />
    </UnitTest>
    <UnitTest name="xUnitTestProject.CurrencyHelperTests.FormatToStringTest1000(price: 823.2747994560166, expected: &quot;823.27 zł&quot;)" storage="c:\projekty\xunittestproject\bin\debug\netcoreapp3.1\xunittestproject.dll" id="31d901d5-0ee4-8f4e-13ca-73133c8afccc">
      <Execution id="cfa6e26d-edd4-4dc3-9504-79963cdf76d7" />
      <TestMethod codeBase="C:\Projekty\xUnitTestProject\bin\Debug\netcoreapp3.1\xUnitTestProject.dll" adapterTypeName="executor://xunit/VsTestRunner2/netcoreapp" className="xUnitTestProject.CurrencyHelperTests" name="FormatToStringTest1000" />
    </UnitTest>
    <UnitTest name="xUnitTestProject.CurrencyHelperTests.FormatToStringTest1000(price: 13197.65136269417, expected: &quot;13197.65 zł&quot;)" storage="c:\projekty\xunittestproject\bin\debug\netcoreapp3.1\xunittestproject.dll" id="c558e0d2-3c06-e002-2aa3-e6624e30de98">
      <Execution id="d936fb24-958b-4fab-811c-01a3679b35f3" />
      <TestMethod codeBase="C:\Projekty\xUnitTestProject\bin\Debug\netcoreapp3.1\xUnitTestProject.dll" adapterTypeName="executor://xunit/VsTestRunner2/netcoreapp" className="xUnitTestProject.CurrencyHelperTests" name="FormatToStringTest1000" />
    </UnitTest>
    <UnitTest name="xUnitTestProject.CurrencyHelperTests.FormatToStringTest1000(price: 22743.19734205827, expected: &quot;22743.20 zł&quot;)" storage="c:\projekty\xunittestproject\bin\debug\netcoreapp3.1\xunittestproject.dll" id="9c12637d-98e9-60e9-4c3e-198e27a61c0f">
      <Execution id="9ec9e6e1-31bb-43a7-b22e-5a1faf2834a2" />
      <TestMethod codeBase="C:\Projekty\xUnitTestProject\bin\Debug\netcoreapp3.1\xUnitTestProject.dll" adapterTypeName="executor://xunit/VsTestRunner2/netcoreapp" className="xUnitTestProject.CurrencyHelperTests" name="FormatToStringTest1000" />
    </UnitTest>
    <UnitTest name="xUnitTestProject.CurrencyHelperTests.FormatToStringTest1000(price: 29917.15005391145, expected: &quot;29917.15 zł&quot;)" storage="c:\projekty\xunittestproject\bin\debug\netcoreapp3.1\xunittestproject.dll" id="1400f8ec-69fd-4b7f-6a20-9938aff67002">
      <Execution id="3ebbeb75-113f-47c1-bc76-18cfca58c367" />
      <TestMethod codeBase="C:\Projekty\xUnitTestProject\bin\Debug\netcoreapp3.1\xUnitTestProject.dll" adapterTypeName="executor://xunit/VsTestRunner2/netcoreapp" className="xUnitTestProject.CurrencyHelperTests" name="FormatToStringTest1000" />
    </UnitTest>
    <UnitTest name="xUnitTestProject.CurrencyHelperTests.FormatToStringTest1000(price: 28155.26504817664, expected: &quot;28155.27 zł&quot;)" storage="c:\projekty\xunittestproject\bin\debug\netcoreapp3.1\xunittestproject.dll" id="e59747a8-433f-61a0-e952-9d5b29617a9f">
      <Execution id="f17388a5-f4d3-4b25-8d62-696098858160" />
      <TestMethod codeBase="C:\Projekty\xUnitTestProject\bin\Debug\netcoreapp3.1\xUnitTestProject.dll" adapterTypeName="executor://xunit/VsTestRunner2/netcoreapp" className="xUnitTestProject.CurrencyHelperTests" name="FormatToStringTest1000" />
    </UnitTest>
    <UnitTest name="xUnitTestProject.CurrencyHelperTests.FormatToStringTest1000(price: 8901.937138443784, expected: &quot;8901.94 zł&quot;)" storage="c:\projekty\xunittestproject\bin\debug\netcoreapp3.1\xunittestproject.dll" id="38efd0dd-942e-1575-95b3-c2474aa164b9">
      <Execution id="82b01012-cf98-4cba-b59b-5a112bda4883" />
      <TestMethod codeBase="C:\Projekty\xUnitTestProject\bin\Debug\netcoreapp3.1\xUnitTestProject.dll" adapterTypeName="executor://xunit/VsTestRunner2/netcoreapp" className="xUnitTestProject.CurrencyHelperTests" name="FormatToStringTest1000" />
    </UnitTest>
    <UnitTest name="xUnitTestProject.CurrencyHelperTests.FormatToStringTest1000(price: 397.6461894566408, expected: &quot;397.65 zł&quot;)" storage="c:\projekty\xunittestproject\bin\debug\netcoreapp3.1\xunittestproject.dll" id="db653531-1a7a-b4d6-7b77-97b13719461c">
      <Execution id="8fd66fc8-0c21-4949-b5b6-f4635cedcacf" />
      <TestMethod codeBase="C:\Projekty\xUnitTestProject\bin\Debug\netcoreapp3.1\xUnitTestProject.dll" adapterTypeName="executor://xunit/VsTestRunner2/netcoreapp" className="xUnitTestProject.CurrencyHelperTests" name="FormatToStringTest1000" />
    </UnitTest>
    <UnitTest name="xUnitTestProject.CurrencyHelperTests.FormatToStringTest1000(price: 6205.946199725357, expected: &quot;6205.95 zł&quot;)" storage="c:\projekty\xunittestproject\bin\debug\netcoreapp3.1\xunittestproject.dll" id="73278ab4-3d1d-b883-d827-3ea861390441">
      <Execution id="b0e860d0-915c-4915-87ad-ab1c2604d9ef" />
      <TestMethod codeBase="C:\Projekty\xUnitTestProject\bin\Debug\netcoreapp3.1\xUnitTestProject.dll" adapterTypeName="executor://xunit/VsTestRunner2/netcoreapp" className="xUnitTestProject.CurrencyHelperTests" name="FormatToStringTest1000" />
    </UnitTest>
    <UnitTest name="xUnitTestProject.CurrencyHelperTests.FormatToStringTest1000(price: 16637.074429372828, expected: &quot;16637.07 zł&quot;)" storage="c:\projekty\xunittestproject\bin\debug\netcoreapp3.1\xunittestproject.dll" id="13335374-86bb-3ff8-d28a-bd89dc7f02ec">
      <Execution id="7a2adb20-08a4-4d92-814b-599e9b57e575" />
      <TestMethod codeBase="C:\Projekty\xUnitTestProject\bin\Debug\netcoreapp3.1\xUnitTestProject.dll" adapterTypeName="executor://xunit/VsTestRunner2/netcoreapp" className="xUnitTestProject.CurrencyHelperTests" name="FormatToStringTest1000" />
    </UnitTest>
    <UnitTest name="xUnitTestProject.CurrencyHelperTests.FormatToStringTest1000(price: 66284.43763489948, expected: &quot;66284.44 zł&quot;)" storage="c:\projekty\xunittestproject\bin\debug\netcoreapp3.1\xunittestproject.dll" id="0ced2539-ec58-b3a8-188d-e014bf456555">
      <Execution id="87fcc799-15e3-481f-b907-32dfe31e3edf" />
      <TestMethod codeBase="C:\Projekty\xUnitTestProject\bin\Debug\netcoreapp3.1\xUnitTestProject.dll" adapterTypeName="executor://xunit/VsTestRunner2/netcoreapp" className="xUnitTestProject.CurrencyHelperTests" name="FormatToStringTest1000" />
    </UnitTest>
    <UnitTest name="xUnitTestProject.CurrencyHelperTests.FormatToStringTest1000(price: 67338.80028760935, expected: &quot;67338.80 zł&quot;)" storage="c:\projekty\xunittestproject\bin\debug\netcoreapp3.1\xunittestproject.dll" id="9f966096-1641-bf42-1320-e9f57c98ec2f">
      <Execution id="739acc40-ed2a-42de-a400-0329451ce3d1" />
      <TestMethod codeBase="C:\Projekty\xUnitTestProject\bin\Debug\netcoreapp3.1\xUnitTestProject.dll" adapterTypeName="executor://xunit/VsTestRunner2/netcoreapp" className="xUnitTestProject.CurrencyHelperTests" name="FormatToStringTest1000" />
    </UnitTest>
    <UnitTest name="xUnitTestProject.CurrencyHelperTests.FormatToStringTest1000(price: 2937.138486199611, expected: &quot;2937.14 zł&quot;)" storage="c:\projekty\xunittestproject\bin\debug\netcoreapp3.1\xunittestproject.dll" id="5105cd39-08d3-5cdf-e5e5-5aae2f2d51c8">
      <Execution id="0d731ace-83ff-4af4-b790-e17bdfb464e8" />
      <TestMethod codeBase="C:\Projekty\xUnitTestProject\bin\Debug\netcoreapp3.1\xUnitTestProject.dll" adapterTypeName="executor://xunit/VsTestRunner2/netcoreapp" className="xUnitTestProject.CurrencyHelperTests" name="FormatToStringTest1000" />
    </UnitTest>
    <UnitTest name="xUnitTestProject.CurrencyHelperTests.FormatToStringTest1000(price: 40241.790964380736, expected: &quot;40241.79 zł&quot;)" storage="c:\projekty\xunittestproject\bin\debug\netcoreapp3.1\xunittestproject.dll" id="66840d6a-95a8-9e96-1d7b-1ecad55a0c92">
      <Execution id="2cb62d2e-98cd-40d5-8cb7-3853a9eb50e2" />
      <TestMethod codeBase="C:\Projekty\xUnitTestProject\bin\Debug\netcoreapp3.1\xUnitTestProject.dll" adapterTypeName="executor://xunit/VsTestRunner2/netcoreapp" className="xUnitTestProject.CurrencyHelperTests" name="FormatToStringTest1000" />
    </UnitTest>
    <UnitTest name="xUnitTestProject.CurrencyHelperTests.FormatToStringTest1000(price: 30385.72086375613, expected: &quot;30385.72 zł&quot;)" storage="c:\projekty\xunittestproject\bin\debug\netcoreapp3.1\xunittestproject.dll" id="fd35a08c-5b95-7a8f-b139-85a90dbcf98e">
      <Execution id="c8356495-0fce-4527-88ae-dfa4bc1e6a16" />
      <TestMethod codeBase="C:\Projekty\xUnitTestProject\bin\Debug\netcoreapp3.1\xUnitTestProject.dll" adapterTypeName="executor://xunit/VsTestRunner2/netcoreapp" className="xUnitTestProject.CurrencyHelperTests" name="FormatToStringTest1000" />
    </UnitTest>
    <UnitTest name="xUnitTestProject.CurrencyHelperTests.FormatToStringTest1000(price: 32051.900532446758, expected: &quot;32051.90 zł&quot;)" storage="c:\projekty\xunittestproject\bin\debug\netcoreapp3.1\xunittestproject.dll" id="6eb5b91d-aafa-339f-fbef-69ff28a5c36d">
      <Execution id="c514866d-4c15-4d9d-880a-e61f4f9fae98" />
      <TestMethod codeBase="C:\Projekty\xUnitTestProject\bin\Debug\netcoreapp3.1\xUnitTestProject.dll" adapterTypeName="executor://xunit/VsTestRunner2/netcoreapp" className="xUnitTestProject.CurrencyHelperTests" name="FormatToStringTest1000" />
    </UnitTest>
    <UnitTest name="xUnitTestProject.CurrencyHelperTests.FormatToStringTest1000(price: 38904.87092920806, expected: &quot;38904.87 zł&quot;)" storage="c:\projekty\xunittestproject\bin\debug\netcoreapp3.1\xunittestproject.dll" id="366e3c61-7635-9c9b-a996-33c58fa8fc62">
      <Execution id="de223b44-105a-4575-b756-cfba687c8f9c" />
      <TestMethod codeBase="C:\Projekty\xUnitTestProject\bin\Debug\netcoreapp3.1\xUnitTestProject.dll" adapterTypeName="executor://xunit/VsTestRunner2/netcoreapp" className="xUnitTestProject.CurrencyHelperTests" name="FormatToStringTest1000" />
    </UnitTest>
    <UnitTest name="xUnitTestProject.CurrencyHelperTests.FormatToStringTest1000(price: 33206.73122987837, expected: &quot;33206.73 zł&quot;)" storage="c:\projekty\xunittestproject\bin\debug\netcoreapp3.1\xunittestproject.dll" id="691fc6f3-8d98-645e-59dc-63e6708e6080">
      <Execution id="c1f584d1-6ae6-4cde-9433-92487e97838b" />
      <TestMethod codeBase="C:\Projekty\xUnitTestProject\bin\Debug\netcoreapp3.1\xUnitTestProject.dll" adapterTypeName="executor://xunit/VsTestRunner2/netcoreapp" className="xUnitTestProject.CurrencyHelperTests" name="FormatToStringTest1000" />
    </UnitTest>
    <UnitTest name="xUnitTestProject.CurrencyHelperTests.FormatToStringTest1000(price: 18340.8953197882, expected: &quot;18340.90 zł&quot;)" storage="c:\projekty\xunittestproject\bin\debug\netcoreapp3.1\xunittestproject.dll" id="a116b226-3d55-2529-864d-5e970bf42be4">
      <Execution id="b705538b-c251-4231-9b9e-d65e873ff493" />
      <TestMethod codeBase="C:\Projekty\xUnitTestProject\bin\Debug\netcoreapp3.1\xUnitTestProject.dll" adapterTypeName="executor://xunit/VsTestRunner2/netcoreapp" className="xUnitTestProject.CurrencyHelperTests" name="FormatToStringTest1000" />
    </UnitTest>
    <UnitTest name="xUnitTestProject.CurrencyHelperTests.FormatToStringTest1000(price: 64887.45559046951, expected: &quot;64887.46 zł&quot;)" storage="c:\projekty\xunittestproject\bin\debug\netcoreapp3.1\xunittestproject.dll" id="90cfec42-4910-af10-cff4-5af0ef6c23f5">
      <Execution id="00800769-4878-4cb5-a24d-8c85854e7a4a" />
      <TestMethod codeBase="C:\Projekty\xUnitTestProject\bin\Debug\netcoreapp3.1\xUnitTestProject.dll" adapterTypeName="executor://xunit/VsTestRunner2/netcoreapp" className="xUnitTestProject.CurrencyHelperTests" name="FormatToStringTest1000" />
    </UnitTest>
    <UnitTest name="xUnitTestProject.CurrencyHelperTests.FormatToStringTest1000(price: 26162.532683261918, expected: &quot;26162.53 zł&quot;)" storage="c:\projekty\xunittestproject\bin\debug\netcoreapp3.1\xunittestproject.dll" id="f5005d81-5a9b-ef44-7fc2-52377fae83f4">
      <Execution id="ed883a1b-9790-4e84-960e-cc4ed04d05e6" />
      <TestMethod codeBase="C:\Projekty\xUnitTestProject\bin\Debug\netcoreapp3.1\xUnitTestProject.dll" adapterTypeName="executor://xunit/VsTestRunner2/netcoreapp" className="xUnitTestProject.CurrencyHelperTests" name="FormatToStringTest1000" />
    </UnitTest>
    <UnitTest name="xUnitTestProject.CurrencyHelperTests.FormatToStringTest1000(price: 9928.477822322622, expected: &quot;9928.48 zł&quot;)" storage="c:\projekty\xunittestproject\bin\debug\netcoreapp3.1\xunittestproject.dll" id="28d8e856-ac6b-165d-f269-4ec7d560f09b">
      <Execution id="0f28bd36-c369-472a-905e-2d7fa62cdfb6" />
      <TestMethod codeBase="C:\Projekty\xUnitTestProject\bin\Debug\netcoreapp3.1\xUnitTestProject.dll" adapterTypeName="executor://xunit/VsTestRunner2/netcoreapp" className="xUnitTestProject.CurrencyHelperTests" name="FormatToStringTest1000" />
    </UnitTest>
    <UnitTest name="xUnitTestProject.CurrencyHelperTests.FormatToStringTest1000(price: 24251.68593564848, expected: &quot;24251.69 zł&quot;)" storage="c:\projekty\xunittestproject\bin\debug\netcoreapp3.1\xunittestproject.dll" id="ddfa2a9a-e29a-9dfc-0603-2fa2e9e89c67">
      <Execution id="c6924054-4add-4019-a514-375afc3ee48e" />
      <TestMethod codeBase="C:\Projekty\xUnitTestProject\bin\Debug\netcoreapp3.1\xUnitTestProject.dll" adapterTypeName="executor://xunit/VsTestRunner2/netcoreapp" className="xUnitTestProject.CurrencyHelperTests" name="FormatToStringTest1000" />
    </UnitTest>
    <UnitTest name="xUnitTestProject.CurrencyHelperTests.FormatToStringTest1000(price: 63946.51014057478, expected: &quot;63946.51 zł&quot;)" storage="c:\projekty\xunittestproject\bin\debug\netcoreapp3.1\xunittestproject.dll" id="3a14b4a3-bbfa-4f36-3b26-b18f61900c63">
      <Execution id="528458e4-68bf-42a8-9826-5e90dc45fa07" />
      <TestMethod codeBase="C:\Projekty\xUnitTestProject\bin\Debug\netcoreapp3.1\xUnitTestProject.dll" adapterTypeName="executor://xunit/VsTestRunner2/netcoreapp" className="xUnitTestProject.CurrencyHelperTests" name="FormatToStringTest1000" />
    </UnitTest>
    <UnitTest name="xUnitTestProject.CurrencyHelperTests.FormatToStringTest1000(price: 72659.37876478041, expected: &quot;72659.38 zł&quot;)" storage="c:\projekty\xunittestproject\bin\debug\netcoreapp3.1\xunittestproject.dll" id="b4f18443-22cf-826b-3478-6d5f920e371c">
      <Execution id="4ddd169c-9b8a-4377-9c6e-365411f7b631" />
      <TestMethod codeBase="C:\Projekty\xUnitTestProject\bin\Debug\netcoreapp3.1\xUnitTestProject.dll" adapterTypeName="executor://xunit/VsTestRunner2/netcoreapp" className="xUnitTestProject.CurrencyHelperTests" name="FormatToStringTest1000" />
    </UnitTest>
    <UnitTest name="xUnitTestProject.CurrencyHelperTests.FormatToStringTest1000(price: 675.4589376107133, expected: &quot;675.46 zł&quot;)" storage="c:\projekty\xunittestproject\bin\debug\netcoreapp3.1\xunittestproject.dll" id="5058bebd-02f5-fdd0-776c-ccea1412870f">
      <Execution id="b3c514df-4c47-4c7f-85cd-16a2a76732a2" />
      <TestMethod codeBase="C:\Projekty\xUnitTestProject\bin\Debug\netcoreapp3.1\xUnitTestProject.dll" adapterTypeName="executor://xunit/VsTestRunner2/netcoreapp" className="xUnitTestProject.CurrencyHelperTests" name="FormatToStringTest1000" />
    </UnitTest>
    <UnitTest name="xUnitTestProject.CurrencyHelperTests.FormatToStringTest1000(price: 10370.0107542784, expected: &quot;10370.01 zł&quot;)" storage="c:\projekty\xunittestproject\bin\debug\netcoreapp3.1\xunittestproject.dll" id="d4cfd815-487d-e378-1f28-dc4676158012">
      <Execution id="bda35634-6551-4211-81b1-d21ad4d1ed74" />
      <TestMethod codeBase="C:\Projekty\xUnitTestProject\bin\Debug\netcoreapp3.1\xUnitTestProject.dll" adapterTypeName="executor://xunit/VsTestRunner2/netcoreapp" className="xUnitTestProject.CurrencyHelperTests" name="FormatToStringTest1000" />
    </UnitTest>
    <UnitTest name="xUnitTestProject.CurrencyHelperTests.FormatToStringTest1000(price: 19006.315459580772, expected: &quot;19006.32 zł&quot;)" storage="c:\projekty\xunittestproject\bin\debug\netcoreapp3.1\xunittestproject.dll" id="8f731e1d-d266-da92-7f8a-593d1a2e36d6">
      <Execution id="0ee1d0f3-da14-4532-829e-f48f145f522e" />
      <TestMethod codeBase="C:\Projekty\xUnitTestProject\bin\Debug\netcoreapp3.1\xUnitTestProject.dll" adapterTypeName="executor://xunit/VsTestRunner2/netcoreapp" className="xUnitTestProject.CurrencyHelperTests" name="FormatToStringTest1000" />
    </UnitTest>
    <UnitTest name="xUnitTestProject.CurrencyHelperTests.FormatToStringTest1000(price: 4094.6752323977066, expected: &quot;4094.68 zł&quot;)" storage="c:\projekty\xunittestproject\bin\debug\netcoreapp3.1\xunittestproject.dll" id="6fd88d41-992e-23c0-e35a-a1d1b838cd50">
      <Execution id="c15a2cce-f9a9-473c-8b89-7c948ce0d4a1" />
      <TestMethod codeBase="C:\Projekty\xUnitTestProject\bin\Debug\netcoreapp3.1\xUnitTestProject.dll" adapterTypeName="executor://xunit/VsTestRunner2/netcoreapp" className="xUnitTestProject.CurrencyHelperTests" name="FormatToStringTest1000" />
    </UnitTest>
    <UnitTest name="xUnitTestProject.CurrencyHelperTests.FormatToStringTest1000(price: 79388.929555234, expected: &quot;79388.93 zł&quot;)" storage="c:\projekty\xunittestproject\bin\debug\netcoreapp3.1\xunittestproject.dll" id="a73e7657-df2c-963a-69ef-cc5459fb4c2b">
      <Execution id="629bf365-0d7b-4fb3-a48d-d4f4f46764ee" />
      <TestMethod codeBase="C:\Projekty\xUnitTestProject\bin\Debug\netcoreapp3.1\xUnitTestProject.dll" adapterTypeName="executor://xunit/VsTestRunner2/netcoreapp" className="xUnitTestProject.CurrencyHelperTests" name="FormatToStringTest1000" />
    </UnitTest>
    <UnitTest name="xUnitTestProject.CurrencyHelperTests.FormatToStringTest1000(price: 61324.33752458279, expected: &quot;61324.34 zł&quot;)" storage="c:\projekty\xunittestproject\bin\debug\netcoreapp3.1\xunittestproject.dll" id="a2cb1a23-585c-77f0-4371-0762318d91ff">
      <Execution id="7cee982f-f4bb-4009-a7ad-4c0c1e0e472a" />
      <TestMethod codeBase="C:\Projekty\xUnitTestProject\bin\Debug\netcoreapp3.1\xUnitTestProject.dll" adapterTypeName="executor://xunit/VsTestRunner2/netcoreapp" className="xUnitTestProject.CurrencyHelperTests" name="FormatToStringTest1000" />
    </UnitTest>
    <UnitTest name="xUnitTestProject.CurrencyHelperTests.FormatToStringTest1000(price: 5876.112133716285, expected: &quot;5876.11 zł&quot;)" storage="c:\projekty\xunittestproject\bin\debug\netcoreapp3.1\xunittestproject.dll" id="d04a2ff8-d519-5ad7-fd64-a85e9b9ae68c">
      <Execution id="641b6558-9ba8-4ab0-a0f0-65a9af4472ac" />
      <TestMethod codeBase="C:\Projekty\xUnitTestProject\bin\Debug\netcoreapp3.1\xUnitTestProject.dll" adapterTypeName="executor://xunit/VsTestRunner2/netcoreapp" className="xUnitTestProject.CurrencyHelperTests" name="FormatToStringTest1000" />
    </UnitTest>
    <UnitTest name="xUnitTestProject.CurrencyHelperTests.FormatToStringTest1000(price: 30626.373939456127, expected: &quot;30626.37 zł&quot;)" storage="c:\projekty\xunittestproject\bin\debug\netcoreapp3.1\xunittestproject.dll" id="b3d46dfa-7a62-d522-3960-5646d987d2b9">
      <Execution id="27e96dd8-ce8e-4b41-b3a2-bce9249d63ec" />
      <TestMethod codeBase="C:\Projekty\xUnitTestProject\bin\Debug\netcoreapp3.1\xUnitTestProject.dll" adapterTypeName="executor://xunit/VsTestRunner2/netcoreapp" className="xUnitTestProject.CurrencyHelperTests" name="FormatToStringTest1000" />
    </UnitTest>
    <UnitTest name="xUnitTestProject.CurrencyHelperTests.FormatToStringTest1000(price: 3341.8351759444154, expected: &quot;3341.84 zł&quot;)" storage="c:\projekty\xunittestproject\bin\debug\netcoreapp3.1\xunittestproject.dll" id="273a20e0-541a-4005-532d-de3663197643">
      <Execution id="38ebc249-cdb6-4f4f-8fc3-5137020068a2" />
      <TestMethod codeBase="C:\Projekty\xUnitTestProject\bin\Debug\netcoreapp3.1\xUnitTestProject.dll" adapterTypeName="executor://xunit/VsTestRunner2/netcoreapp" className="xUnitTestProject.CurrencyHelperTests" name="FormatToStringTest1000" />
    </UnitTest>
    <UnitTest name="xUnitTestProject.CurrencyHelperTests.FormatToStringTest1000(price: 28298.945361683585, expected: &quot;28298.95 zł&quot;)" storage="c:\projekty\xunittestproject\bin\debug\netcoreapp3.1\xunittestproject.dll" id="5f750d11-c899-aa88-cff9-6806fe46c3fe">
      <Execution id="c36edd68-bbaa-49fa-ba65-75b0260c64f9" />
      <TestMethod codeBase="C:\Projekty\xUnitTestProject\bin\Debug\netcoreapp3.1\xUnitTestProject.dll" adapterTypeName="executor://xunit/VsTestRunner2/netcoreapp" className="xUnitTestProject.CurrencyHelperTests" name="FormatToStringTest1000" />
    </UnitTest>
    <UnitTest name="xUnitTestProject.CurrencyHelperTests.FormatToStringTest1000(price: 16597.22844427788, expected: &quot;16597.23 zł&quot;)" storage="c:\projekty\xunittestproject\bin\debug\netcoreapp3.1\xunittestproject.dll" id="b58c1648-01cd-8d33-8125-f2d9795f377d">
      <Execution id="1add65ee-9127-4d2a-875d-1a34e183619c" />
      <TestMethod codeBase="C:\Projekty\xUnitTestProject\bin\Debug\netcoreapp3.1\xUnitTestProject.dll" adapterTypeName="executor://xunit/VsTestRunner2/netcoreapp" className="xUnitTestProject.CurrencyHelperTests" name="FormatToStringTest1000" />
    </UnitTest>
    <UnitTest name="xUnitTestProject.CurrencyHelperTests.FormatToStringTest1000(price: 44361.82678515177, expected: &quot;44361.83 zł&quot;)" storage="c:\projekty\xunittestproject\bin\debug\netcoreapp3.1\xunittestproject.dll" id="4487648c-7b44-bfaa-d7fb-20dd19782f71">
      <Execution id="df7b6b27-a196-49bf-9872-9b77834436fd" />
      <TestMethod codeBase="C:\Projekty\xUnitTestProject\bin\Debug\netcoreapp3.1\xUnitTestProject.dll" adapterTypeName="executor://xunit/VsTestRunner2/netcoreapp" className="xUnitTestProject.CurrencyHelperTests" name="FormatToStringTest1000" />
    </UnitTest>
    <UnitTest name="xUnitTestProject.CurrencyHelperTests.FormatToStringTest1000(price: 89093.57120939044, expected: &quot;89093.57 zł&quot;)" storage="c:\projekty\xunittestproject\bin\debug\netcoreapp3.1\xunittestproject.dll" id="9dc9660c-2773-e5a1-118f-73373343d0e6">
      <Execution id="3c45d5e9-99c2-40db-bbdd-0fab98ae2434" />
      <TestMethod codeBase="C:\Projekty\xUnitTestProject\bin\Debug\netcoreapp3.1\xUnitTestProject.dll" adapterTypeName="executor://xunit/VsTestRunner2/netcoreapp" className="xUnitTestProject.CurrencyHelperTests" name="FormatToStringTest1000" />
    </UnitTest>
    <UnitTest name="xUnitTestProject.CurrencyHelperTests.FormatToStringTest1000(price: 24137.016609529506, expected: &quot;24137.02 zł&quot;)" storage="c:\projekty\xunittestproject\bin\debug\netcoreapp3.1\xunittestproject.dll" id="38b0259f-0bcb-8aec-4c3f-6a948a320426">
      <Execution id="4c310149-58fb-4f39-9435-2951a1fecea9" />
      <TestMethod codeBase="C:\Projekty\xUnitTestProject\bin\Debug\netcoreapp3.1\xUnitTestProject.dll" adapterTypeName="executor://xunit/VsTestRunner2/netcoreapp" className="xUnitTestProject.CurrencyHelperTests" name="FormatToStringTest1000" />
    </UnitTest>
    <UnitTest name="xUnitTestProject.CurrencyHelperTests.FormatToStringTest1000(price: 20249.56614074277, expected: &quot;20249.57 zł&quot;)" storage="c:\projekty\xunittestproject\bin\debug\netcoreapp3.1\xunittestproject.dll" id="3462b2eb-e30f-6a87-cb93-c3563606a080">
      <Execution id="f1d21bc6-af64-427b-9b1a-f66485f2bc43" />
      <TestMethod codeBase="C:\Projekty\xUnitTestProject\bin\Debug\netcoreapp3.1\xUnitTestProject.dll" adapterTypeName="executor://xunit/VsTestRunner2/netcoreapp" className="xUnitTestProject.CurrencyHelperTests" name="FormatToStringTest1000" />
    </UnitTest>
    <UnitTest name="xUnitTestProject.CurrencyHelperTests.FormatToStringTest1000(price: 9431.144757136304, expected: &quot;9431.14 zł&quot;)" storage="c:\projekty\xunittestproject\bin\debug\netcoreapp3.1\xunittestproject.dll" id="696d2b08-2b8a-7456-8791-bc3514cd955e">
      <Execution id="ef847539-e2eb-4744-a470-3ae3fcf7b04e" />
      <TestMethod codeBase="C:\Projekty\xUnitTestProject\bin\Debug\netcoreapp3.1\xUnitTestProject.dll" adapterTypeName="executor://xunit/VsTestRunner2/netcoreapp" className="xUnitTestProject.CurrencyHelperTests" name="FormatToStringTest1000" />
    </UnitTest>
    <UnitTest name="xUnitTestProject.CurrencyHelperTests.FormatToStringTest1000(price: 19609.759296997803, expected: &quot;19609.76 zł&quot;)" storage="c:\projekty\xunittestproject\bin\debug\netcoreapp3.1\xunittestproject.dll" id="77e25ad7-ee15-446a-9252-d1385f25c4e7">
      <Execution id="05ef0107-df3e-4dd0-b459-a1af138a9427" />
      <TestMethod codeBase="C:\Projekty\xUnitTestProject\bin\Debug\netcoreapp3.1\xUnitTestProject.dll" adapterTypeName="executor://xunit/VsTestRunner2/netcoreapp" className="xUnitTestProject.CurrencyHelperTests" name="FormatToStringTest1000" />
    </UnitTest>
    <UnitTest name="xUnitTestProject.CurrencyHelperTests.FormatToStringTest1000(price: 96261.84883437205, expected: &quot;96261.85 zł&quot;)" storage="c:\projekty\xunittestproject\bin\debug\netcoreapp3.1\xunittestproject.dll" id="bc76307e-662f-d191-64cf-4352a391fa59">
      <Execution id="3eeb4322-d4ae-4dc2-bc3c-7bf81f0b9cc2" />
      <TestMethod codeBase="C:\Projekty\xUnitTestProject\bin\Debug\netcoreapp3.1\xUnitTestProject.dll" adapterTypeName="executor://xunit/VsTestRunner2/netcoreapp" className="xUnitTestProject.CurrencyHelperTests" name="FormatToStringTest1000" />
    </UnitTest>
    <UnitTest name="xUnitTestProject.CurrencyHelperTests.FormatToStringTest1000(price: 17990.38119827089, expected: &quot;17990.38 zł&quot;)" storage="c:\projekty\xunittestproject\bin\debug\netcoreapp3.1\xunittestproject.dll" id="f227f8da-1aef-bb37-695f-f1b64dec59a9">
      <Execution id="b30bd3d2-fa63-4b68-83e7-50bf107223b4" />
      <TestMethod codeBase="C:\Projekty\xUnitTestProject\bin\Debug\netcoreapp3.1\xUnitTestProject.dll" adapterTypeName="executor://xunit/VsTestRunner2/netcoreapp" className="xUnitTestProject.CurrencyHelperTests" name="FormatToStringTest1000" />
    </UnitTest>
    <UnitTest name="xUnitTestProject.CurrencyHelperTests.FormatToStringTest1000(price: 15600.245951180927, expected: &quot;15600.25 zł&quot;)" storage="c:\projekty\xunittestproject\bin\debug\netcoreapp3.1\xunittestproject.dll" id="ad89a04b-1d6c-269b-831e-2a5afc742278">
      <Execution id="da8b5269-d7c4-49a5-93f5-ead18966cd78" />
      <TestMethod codeBase="C:\Projekty\xUnitTestProject\bin\Debug\netcoreapp3.1\xUnitTestProject.dll" adapterTypeName="executor://xunit/VsTestRunner2/netcoreapp" className="xUnitTestProject.CurrencyHelperTests" name="FormatToStringTest1000" />
    </UnitTest>
    <UnitTest name="xUnitTestProject.CurrencyHelperTests.FormatToStringTest1000(price: 14712.754747761765, expected: &quot;14712.75 zł&quot;)" storage="c:\projekty\xunittestproject\bin\debug\netcoreapp3.1\xunittestproject.dll" id="0fb54a08-345f-ee29-01d6-61a60fb47ced">
      <Execution id="55964f22-9a94-4262-8dde-0227bd192bdc" />
      <TestMethod codeBase="C:\Projekty\xUnitTestProject\bin\Debug\netcoreapp3.1\xUnitTestProject.dll" adapterTypeName="executor://xunit/VsTestRunner2/netcoreapp" className="xUnitTestProject.CurrencyHelperTests" name="FormatToStringTest1000" />
    </UnitTest>
    <UnitTest name="xUnitTestProject.CurrencyHelperTests.FormatToStringTest1000(price: 13574.683315038068, expected: &quot;13574.68 zł&quot;)" storage="c:\projekty\xunittestproject\bin\debug\netcoreapp3.1\xunittestproject.dll" id="185ede31-fab0-85ad-ad6a-a8eab36c8466">
      <Execution id="f237163b-8cd0-496c-a845-36d562cba7c1" />
      <TestMethod codeBase="C:\Projekty\xUnitTestProject\bin\Debug\netcoreapp3.1\xUnitTestProject.dll" adapterTypeName="executor://xunit/VsTestRunner2/netcoreapp" className="xUnitTestProject.CurrencyHelperTests" name="FormatToStringTest1000" />
    </UnitTest>
    <UnitTest name="xUnitTestProject.CurrencyHelperTests.FormatToStringTest1000(price: 1669.555150571072, expected: &quot;1669.56 zł&quot;)" storage="c:\projekty\xunittestproject\bin\debug\netcoreapp3.1\xunittestproject.dll" id="68224de9-ccec-a0b7-c8a8-a3c8c0c30259">
      <Execution id="e92ceab6-c0ac-4836-aa2d-fe5b61cd4c7a" />
      <TestMethod codeBase="C:\Projekty\xUnitTestProject\bin\Debug\netcoreapp3.1\xUnitTestProject.dll" adapterTypeName="executor://xunit/VsTestRunner2/netcoreapp" className="xUnitTestProject.CurrencyHelperTests" name="FormatToStringTest1000" />
    </UnitTest>
    <UnitTest name="xUnitTestProject.CurrencyHelperTests.FormatToStringTest1000(price: 25084.19182667238, expected: &quot;25084.19 zł&quot;)" storage="c:\projekty\xunittestproject\bin\debug\netcoreapp3.1\xunittestproject.dll" id="03249ab3-78a8-f0c2-3edd-fa3544db15c9">
      <Execution id="ddae48fa-88fc-4554-9571-4efbf320a691" />
      <TestMethod codeBase="C:\Projekty\xUnitTestProject\bin\Debug\netcoreapp3.1\xUnitTestProject.dll" adapterTypeName="executor://xunit/VsTestRunner2/netcoreapp" className="xUnitTestProject.CurrencyHelperTests" name="FormatToStringTest1000" />
    </UnitTest>
    <UnitTest name="xUnitTestProject.CurrencyHelperTests.FormatToStringTest1000(price: 37889.10086727193, expected: &quot;37889.10 zł&quot;)" storage="c:\projekty\xunittestproject\bin\debug\netcoreapp3.1\xunittestproject.dll" id="cbfda56e-8c0a-ba07-a0f8-119519aa985c">
      <Execution id="d4e88ed9-c0b7-4c93-a132-df01702a3b4b" />
      <TestMethod codeBase="C:\Projekty\xUnitTestProject\bin\Debug\netcoreapp3.1\xUnitTestProject.dll" adapterTypeName="executor://xunit/VsTestRunner2/netcoreapp" className="xUnitTestProject.CurrencyHelperTests" name="FormatToStringTest1000" />
    </UnitTest>
    <UnitTest name="xUnitTestProject.CurrencyHelperTests.FormatToStringTest1000(price: 37160.85331540269, expected: &quot;37160.85 zł&quot;)" storage="c:\projekty\xunittestproject\bin\debug\netcoreapp3.1\xunittestproject.dll" id="5322a6b6-b1d1-4276-7a98-26cc05377b71">
      <Execution id="08d4c7fb-c0bb-4fbe-9db4-ccae983c4bdd" />
      <TestMethod codeBase="C:\Projekty\xUnitTestProject\bin\Debug\netcoreapp3.1\xUnitTestProject.dll" adapterTypeName="executor://xunit/VsTestRunner2/netcoreapp" className="xUnitTestProject.CurrencyHelperTests" name="FormatToStringTest1000" />
    </UnitTest>
    <UnitTest name="xUnitTestProject.CurrencyHelperTests.FormatToStringTest1000(price: 28068.20530246394, expected: &quot;28068.21 zł&quot;)" storage="c:\projekty\xunittestproject\bin\debug\netcoreapp3.1\xunittestproject.dll" id="ee9462eb-6912-5171-764c-f29a600e2526">
      <Execution id="ba0d3366-401e-44c4-926f-d06a0ed05ad5" />
      <TestMethod codeBase="C:\Projekty\xUnitTestProject\bin\Debug\netcoreapp3.1\xUnitTestProject.dll" adapterTypeName="executor://xunit/VsTestRunner2/netcoreapp" className="xUnitTestProject.CurrencyHelperTests" name="FormatToStringTest1000" />
    </UnitTest>
    <UnitTest name="xUnitTestProject.CurrencyHelperTests.FormatToStringTest1000(price: 13375.96341587415, expected: &quot;13375.96 zł&quot;)" storage="c:\projekty\xunittestproject\bin\debug\netcoreapp3.1\xunittestproject.dll" id="595bfab0-5cd9-2edb-fcf1-e6874dc93e48">
      <Execution id="c67afd85-01f1-4321-9d27-a21bda2e108c" />
      <TestMethod codeBase="C:\Projekty\xUnitTestProject\bin\Debug\netcoreapp3.1\xUnitTestProject.dll" adapterTypeName="executor://xunit/VsTestRunner2/netcoreapp" className="xUnitTestProject.CurrencyHelperTests" name="FormatToStringTest1000" />
    </UnitTest>
    <UnitTest name="xUnitTestProject.CurrencyHelperTests.FormatToStringTest1000(price: 3303.1902076747224, expected: &quot;3303.19 zł&quot;)" storage="c:\projekty\xunittestproject\bin\debug\netcoreapp3.1\xunittestproject.dll" id="92c24577-a226-a6b7-7d5e-021b44057899">
      <Execution id="56f1fdce-b95b-4051-80fa-1d3e409daf55" />
      <TestMethod codeBase="C:\Projekty\xUnitTestProject\bin\Debug\netcoreapp3.1\xUnitTestProject.dll" adapterTypeName="executor://xunit/VsTestRunner2/netcoreapp" className="xUnitTestProject.CurrencyHelperTests" name="FormatToStringTest1000" />
    </UnitTest>
    <UnitTest name="xUnitTestProject.CurrencyHelperTests.FormatToStringTest1000(price: 17798.633951516185, expected: &quot;17798.63 zł&quot;)" storage="c:\projekty\xunittestproject\bin\debug\netcoreapp3.1\xunittestproject.dll" id="ba870e88-e985-a063-3050-00fcfcbc95b8">
      <Execution id="24b0874d-e1c9-4b87-8189-972bb1e959f9" />
      <TestMethod codeBase="C:\Projekty\xUnitTestProject\bin\Debug\netcoreapp3.1\xUnitTestProject.dll" adapterTypeName="executor://xunit/VsTestRunner2/netcoreapp" className="xUnitTestProject.CurrencyHelperTests" name="FormatToStringTest1000" />
    </UnitTest>
    <UnitTest name="xUnitTestProject.CurrencyHelperTests.FormatToStringTest1000(price: 68698.01923441609, expected: &quot;68698.02 zł&quot;)" storage="c:\projekty\xunittestproject\bin\debug\netcoreapp3.1\xunittestproject.dll" id="9ee4d82e-bba5-9c6c-1803-31366568eb6e">
      <Execution id="88c30905-06b8-4ab5-b569-b15abc74c64a" />
      <TestMethod codeBase="C:\Projekty\xUnitTestProject\bin\Debug\netcoreapp3.1\xUnitTestProject.dll" adapterTypeName="executor://xunit/VsTestRunner2/netcoreapp" className="xUnitTestProject.CurrencyHelperTests" name="FormatToStringTest1000" />
    </UnitTest>
    <UnitTest name="xUnitTestProject.CurrencyHelperTests.FormatToStringTest1000(price: 20643.69044446465, expected: &quot;20643.69 zł&quot;)" storage="c:\projekty\xunittestproject\bin\debug\netcoreapp3.1\xunittestproject.dll" id="081d3b2d-f16b-400c-9941-d599ff407e21">
      <Execution id="40c85345-692a-4af0-a697-961ca3d82a84" />
      <TestMethod codeBase="C:\Projekty\xUnitTestProject\bin\Debug\netcoreapp3.1\xUnitTestProject.dll" adapterTypeName="executor://xunit/VsTestRunner2/netcoreapp" className="xUnitTestProject.CurrencyHelperTests" name="FormatToStringTest1000" />
    </UnitTest>
    <UnitTest name="xUnitTestProject.CurrencyHelperTests.FormatToStringTest1000(price: 16402.16316587206, expected: &quot;16402.16 zł&quot;)" storage="c:\projekty\xunittestproject\bin\debug\netcoreapp3.1\xunittestproject.dll" id="bb53c479-4fb7-b049-d0b3-60c53109c03d">
      <Execution id="4989f3cb-679e-430e-8195-f7263b45b328" />
      <TestMethod codeBase="C:\Projekty\xUnitTestProject\bin\Debug\netcoreapp3.1\xUnitTestProject.dll" adapterTypeName="executor://xunit/VsTestRunner2/netcoreapp" className="xUnitTestProject.CurrencyHelperTests" name="FormatToStringTest1000" />
    </UnitTest>
    <UnitTest name="xUnitTestProject.CurrencyHelperTests.FormatToStringTest1000(price: 1751.7703038522834, expected: &quot;1751.77 zł&quot;)" storage="c:\projekty\xunittestproject\bin\debug\netcoreapp3.1\xunittestproject.dll" id="d28e2add-d838-2ebe-df2d-b5dd0d3b773e">
      <Execution id="433c544d-e057-48f5-b136-88276b136f35" />
      <TestMethod codeBase="C:\Projekty\xUnitTestProject\bin\Debug\netcoreapp3.1\xUnitTestProject.dll" adapterTypeName="executor://xunit/VsTestRunner2/netcoreapp" className="xUnitTestProject.CurrencyHelperTests" name="FormatToStringTest1000" />
    </UnitTest>
    <UnitTest name="xUnitTestProject.CurrencyHelperTests.FormatToStringTest1000(price: 37954.34384365396, expected: &quot;37954.34 zł&quot;)" storage="c:\projekty\xunittestproject\bin\debug\netcoreapp3.1\xunittestproject.dll" id="b8055217-5a74-6a87-a561-a760192c2a20">
      <Execution id="0362b560-817a-4624-8b74-941699f4c21d" />
      <TestMethod codeBase="C:\Projekty\xUnitTestProject\bin\Debug\netcoreapp3.1\xUnitTestProject.dll" adapterTypeName="executor://xunit/VsTestRunner2/netcoreapp" className="xUnitTestProject.CurrencyHelperTests" name="FormatToStringTest1000" />
    </UnitTest>
    <UnitTest name="xUnitTestProject.CurrencyHelperTests.FormatToStringTest1000(price: 4715.320654313695, expected: &quot;4715.32 zł&quot;)" storage="c:\projekty\xunittestproject\bin\debug\netcoreapp3.1\xunittestproject.dll" id="33b74559-764f-421e-252d-cd475c561f9a">
      <Execution id="797a0819-8bca-465c-a74a-ee1fb4a7b058" />
      <TestMethod codeBase="C:\Projekty\xUnitTestProject\bin\Debug\netcoreapp3.1\xUnitTestProject.dll" adapterTypeName="executor://xunit/VsTestRunner2/netcoreapp" className="xUnitTestProject.CurrencyHelperTests" name="FormatToStringTest1000" />
    </UnitTest>
    <UnitTest name="xUnitTestProject.CurrencyHelperTests.FormatToStringTest1000(price: 17000.070169619317, expected: &quot;17000.07 zł&quot;)" storage="c:\projekty\xunittestproject\bin\debug\netcoreapp3.1\xunittestproject.dll" id="4ef75591-ffb4-d566-94c9-bda5f50552b9">
      <Execution id="bc397797-a960-4f8e-bd92-270cfdd91b77" />
      <TestMethod codeBase="C:\Projekty\xUnitTestProject\bin\Debug\netcoreapp3.1\xUnitTestProject.dll" adapterTypeName="executor://xunit/VsTestRunner2/netcoreapp" className="xUnitTestProject.CurrencyHelperTests" name="FormatToStringTest1000" />
    </UnitTest>
    <UnitTest name="xUnitTestProject.CurrencyHelperTests.FormatToStringTest1000(price: 9624.06628225188, expected: &quot;9624.07 zł&quot;)" storage="c:\projekty\xunittestproject\bin\debug\netcoreapp3.1\xunittestproject.dll" id="0af3eea6-5817-a867-a6c4-92fe1e3e316c">
      <Execution id="8eb10341-b002-461d-ae03-1194e854ce3b" />
      <TestMethod codeBase="C:\Projekty\xUnitTestProject\bin\Debug\netcoreapp3.1\xUnitTestProject.dll" adapterTypeName="executor://xunit/VsTestRunner2/netcoreapp" className="xUnitTestProject.CurrencyHelperTests" name="FormatToStringTest1000" />
    </UnitTest>
    <UnitTest name="xUnitTestProject.CurrencyHelperTests.FormatToStringTest1000(price: 782.6578288817116, expected: &quot;782.66 zł&quot;)" storage="c:\projekty\xunittestproject\bin\debug\netcoreapp3.1\xunittestproject.dll" id="b5a6747d-aa6b-3b3a-779c-c378aea09cd8">
      <Execution id="b1ce5632-c7e1-481a-b061-54d4d1431227" />
      <TestMethod codeBase="C:\Projekty\xUnitTestProject\bin\Debug\netcoreapp3.1\xUnitTestProject.dll" adapterTypeName="executor://xunit/VsTestRunner2/netcoreapp" className="xUnitTestProject.CurrencyHelperTests" name="FormatToStringTest1000" />
    </UnitTest>
    <UnitTest name="xUnitTestProject.CurrencyHelperTests.FormatToStringTest1000(price: 30020.248557890412, expected: &quot;30020.25 zł&quot;)" storage="c:\projekty\xunittestproject\bin\debug\netcoreapp3.1\xunittestproject.dll" id="26c85a86-1383-9737-58c9-22fa784f7da5">
      <Execution id="34fa7cf6-6a70-44f4-ada9-88cc16339d17" />
      <TestMethod codeBase="C:\Projekty\xUnitTestProject\bin\Debug\netcoreapp3.1\xUnitTestProject.dll" adapterTypeName="executor://xunit/VsTestRunner2/netcoreapp" className="xUnitTestProject.CurrencyHelperTests" name="FormatToStringTest1000" />
    </UnitTest>
    <UnitTest name="xUnitTestProject.CurrencyHelperTests.FormatToStringTest1000(price: 45035.160883881224, expected: &quot;45035.16 zł&quot;)" storage="c:\projekty\xunittestproject\bin\debug\netcoreapp3.1\xunittestproject.dll" id="685331f6-0a25-8111-bb2a-37dce3d8d170">
      <Execution id="d58a37ec-1609-409d-ba9c-c77c2e2bbe0b" />
      <TestMethod codeBase="C:\Projekty\xUnitTestProject\bin\Debug\netcoreapp3.1\xUnitTestProject.dll" adapterTypeName="executor://xunit/VsTestRunner2/netcoreapp" className="xUnitTestProject.CurrencyHelperTests" name="FormatToStringTest1000" />
    </UnitTest>
    <UnitTest name="xUnitTestProject.CurrencyHelperTests.FormatToStringTest1000(price: 577.6071367564645, expected: &quot;577.61 zł&quot;)" storage="c:\projekty\xunittestproject\bin\debug\netcoreapp3.1\xunittestproject.dll" id="92748693-9b58-d8e3-eb5b-22d11e2e9e9d">
      <Execution id="b6e19b94-0df9-4fa3-9f3e-dda21bf67bf0" />
      <TestMethod codeBase="C:\Projekty\xUnitTestProject\bin\Debug\netcoreapp3.1\xUnitTestProject.dll" adapterTypeName="executor://xunit/VsTestRunner2/netcoreapp" className="xUnitTestProject.CurrencyHelperTests" name="FormatToStringTest1000" />
    </UnitTest>
    <UnitTest name="xUnitTestProject.CurrencyHelperTests.FormatToStringTest1000(price: 46898.00219497783, expected: &quot;46898.00 zł&quot;)" storage="c:\projekty\xunittestproject\bin\debug\netcoreapp3.1\xunittestproject.dll" id="25b36055-f21f-fb6a-b7ef-81ccf96dd2b6">
      <Execution id="946ed0d1-c6ee-4539-9957-ee6b840383c5" />
      <TestMethod codeBase="C:\Projekty\xUnitTestProject\bin\Debug\netcoreapp3.1\xUnitTestProject.dll" adapterTypeName="executor://xunit/VsTestRunner2/netcoreapp" className="xUnitTestProject.CurrencyHelperTests" name="FormatToStringTest1000" />
    </UnitTest>
    <UnitTest name="xUnitTestProject.CurrencyHelperTests.FormatToStringTest1000(price: 20237.28532723723, expected: &quot;20237.29 zł&quot;)" storage="c:\projekty\xunittestproject\bin\debug\netcoreapp3.1\xunittestproject.dll" id="5c2754e4-1c80-78fc-5cc7-dfd05e800cc5">
      <Execution id="f6b5fa59-1192-4366-8236-43ab0caabfd0" />
      <TestMethod codeBase="C:\Projekty\xUnitTestProject\bin\Debug\netcoreapp3.1\xUnitTestProject.dll" adapterTypeName="executor://xunit/VsTestRunner2/netcoreapp" className="xUnitTestProject.CurrencyHelperTests" name="FormatToStringTest1000" />
    </UnitTest>
    <UnitTest name="xUnitTestProject.CurrencyHelperTests.FormatToStringTest1000(price: 6946.333318357977, expected: &quot;6946.33 zł&quot;)" storage="c:\projekty\xunittestproject\bin\debug\netcoreapp3.1\xunittestproject.dll" id="73bcea4a-0bf6-aaca-b16b-8e4d59f9059e">
      <Execution id="820a064f-0f2d-43b7-8c6b-2dee47077514" />
      <TestMethod codeBase="C:\Projekty\xUnitTestProject\bin\Debug\netcoreapp3.1\xUnitTestProject.dll" adapterTypeName="executor://xunit/VsTestRunner2/netcoreapp" className="xUnitTestProject.CurrencyHelperTests" name="FormatToStringTest1000" />
    </UnitTest>
    <UnitTest name="xUnitTestProject.CurrencyHelperTests.FormatToStringTest1000(price: 25794.833624416417, expected: &quot;25794.83 zł&quot;)" storage="c:\projekty\xunittestproject\bin\debug\netcoreapp3.1\xunittestproject.dll" id="0739d753-ed0a-2224-af37-24f0fcbbbd00">
      <Execution id="98a91228-a154-46ab-82cc-4c56d17b76bf" />
      <TestMethod codeBase="C:\Projekty\xUnitTestProject\bin\Debug\netcoreapp3.1\xUnitTestProject.dll" adapterTypeName="executor://xunit/VsTestRunner2/netcoreapp" className="xUnitTestProject.CurrencyHelperTests" name="FormatToStringTest1000" />
    </UnitTest>
    <UnitTest name="xUnitTestProject.CurrencyHelperTests.FormatToStringTest1000(price: 37114.901517336206, expected: &quot;37114.90 zł&quot;)" storage="c:\projekty\xunittestproject\bin\debug\netcoreapp3.1\xunittestproject.dll" id="d9592df4-0966-3c3a-722c-1595fa840f06">
      <Execution id="cc3c554d-c658-4cf1-8e61-051f5da496d4" />
      <TestMethod codeBase="C:\Projekty\xUnitTestProject\bin\Debug\netcoreapp3.1\xUnitTestProject.dll" adapterTypeName="executor://xunit/VsTestRunner2/netcoreapp" className="xUnitTestProject.CurrencyHelperTests" name="FormatToStringTest1000" />
    </UnitTest>
    <UnitTest name="xUnitTestProject.CurrencyHelperTests.FormatToStringTest1000(price: 69373.32129976773, expected: &quot;69373.32 zł&quot;)" storage="c:\projekty\xunittestproject\bin\debug\netcoreapp3.1\xunittestproject.dll" id="3fad871b-7e9b-a4ff-8f1b-45e15f0c2efa">
      <Execution id="5212df25-4dc0-470b-8d52-da5ac9e5137e" />
      <TestMethod codeBase="C:\Projekty\xUnitTestProject\bin\Debug\netcoreapp3.1\xUnitTestProject.dll" adapterTypeName="executor://xunit/VsTestRunner2/netcoreapp" className="xUnitTestProject.CurrencyHelperTests" name="FormatToStringTest1000" />
    </UnitTest>
    <UnitTest name="xUnitTestProject.CurrencyHelperTests.FormatToStringTest1000(price: 1896.1704506483723, expected: &quot;1896.17 zł&quot;)" storage="c:\projekty\xunittestproject\bin\debug\netcoreapp3.1\xunittestproject.dll" id="e238bfca-4b11-493d-42eb-8f12a1ef721f">
      <Execution id="bc5f9d4a-8a65-4c7d-9170-cbd1ec42c879" />
      <TestMethod codeBase="C:\Projekty\xUnitTestProject\bin\Debug\netcoreapp3.1\xUnitTestProject.dll" adapterTypeName="executor://xunit/VsTestRunner2/netcoreapp" className="xUnitTestProject.CurrencyHelperTests" name="FormatToStringTest1000" />
    </UnitTest>
    <UnitTest name="xUnitTestProject.CurrencyHelperTests.FormatToStringTest1000(price: 13453.429998117233, expected: &quot;13453.43 zł&quot;)" storage="c:\projekty\xunittestproject\bin\debug\netcoreapp3.1\xunittestproject.dll" id="a8ba7efd-581f-551d-dd26-e7f6709e3995">
      <Execution id="6398c45c-d7b5-454b-a6e3-531643bad74b" />
      <TestMethod codeBase="C:\Projekty\xUnitTestProject\bin\Debug\netcoreapp3.1\xUnitTestProject.dll" adapterTypeName="executor://xunit/VsTestRunner2/netcoreapp" className="xUnitTestProject.CurrencyHelperTests" name="FormatToStringTest1000" />
    </UnitTest>
    <UnitTest name="xUnitTestProject.CurrencyHelperTests.FormatToStringTest1000(price: 3588.260979617136, expected: &quot;3588.26 zł&quot;)" storage="c:\projekty\xunittestproject\bin\debug\netcoreapp3.1\xunittestproject.dll" id="1d271909-1898-128b-21ec-f802c1979d9e">
      <Execution id="0fc8d011-470f-46a5-bc9d-ab9fa3b75535" />
      <TestMethod codeBase="C:\Projekty\xUnitTestProject\bin\Debug\netcoreapp3.1\xUnitTestProject.dll" adapterTypeName="executor://xunit/VsTestRunner2/netcoreapp" className="xUnitTestProject.CurrencyHelperTests" name="FormatToStringTest1000" />
    </UnitTest>
    <UnitTest name="xUnitTestProject.CurrencyHelperTests.FormatToStringTest1000(price: 5279.315995182524, expected: &quot;5279.32 zł&quot;)" storage="c:\projekty\xunittestproject\bin\debug\netcoreapp3.1\xunittestproject.dll" id="0ee739fa-dfa4-5ef5-1b22-8fe2862978a3">
      <Execution id="4f2337a1-7234-4a02-84d8-ac841dca049d" />
      <TestMethod codeBase="C:\Projekty\xUnitTestProject\bin\Debug\netcoreapp3.1\xUnitTestProject.dll" adapterTypeName="executor://xunit/VsTestRunner2/netcoreapp" className="xUnitTestProject.CurrencyHelperTests" name="FormatToStringTest1000" />
    </UnitTest>
    <UnitTest name="xUnitTestProject.CurrencyHelperTests.FormatToStringTest1000(price: 806.960597043373, expected: &quot;806.96 zł&quot;)" storage="c:\projekty\xunittestproject\bin\debug\netcoreapp3.1\xunittestproject.dll" id="171141a5-7e7d-d227-6619-8929fed50e13">
      <Execution id="6cc703cd-1a94-4023-bb09-bacd46d637d9" />
      <TestMethod codeBase="C:\Projekty\xUnitTestProject\bin\Debug\netcoreapp3.1\xUnitTestProject.dll" adapterTypeName="executor://xunit/VsTestRunner2/netcoreapp" className="xUnitTestProject.CurrencyHelperTests" name="FormatToStringTest1000" />
    </UnitTest>
    <UnitTest name="xUnitTestProject.CurrencyHelperTests.FormatToStringTest1000(price: 36978.61073549213, expected: &quot;36978.61 zł&quot;)" storage="c:\projekty\xunittestproject\bin\debug\netcoreapp3.1\xunittestproject.dll" id="f284fcd5-95ba-5e4a-ef58-143a466ff941">
      <Execution id="4f586421-4386-4079-9330-3788acb4673a" />
      <TestMethod codeBase="C:\Projekty\xUnitTestProject\bin\Debug\netcoreapp3.1\xUnitTestProject.dll" adapterTypeName="executor://xunit/VsTestRunner2/netcoreapp" className="xUnitTestProject.CurrencyHelperTests" name="FormatToStringTest1000" />
    </UnitTest>
    <UnitTest name="xUnitTestProject.CurrencyHelperTests.FormatToStringTest1000(price: 10174.652801423637, expected: &quot;10174.65 zł&quot;)" storage="c:\projekty\xunittestproject\bin\debug\netcoreapp3.1\xunittestproject.dll" id="20607095-992d-3bf7-849c-32032c3b5657">
      <Execution id="57e772d8-1566-40a2-967a-c956774569c1" />
      <TestMethod codeBase="C:\Projekty\xUnitTestProject\bin\Debug\netcoreapp3.1\xUnitTestProject.dll" adapterTypeName="executor://xunit/VsTestRunner2/netcoreapp" className="xUnitTestProject.CurrencyHelperTests" name="FormatToStringTest1000" />
    </UnitTest>
    <UnitTest name="xUnitTestProject.CurrencyHelperTests.FormatToStringTest1000(price: 5870.791169434223, expected: &quot;5870.79 zł&quot;)" storage="c:\projekty\xunittestproject\bin\debug\netcoreapp3.1\xunittestproject.dll" id="b6713598-e21c-6f29-08f1-f4f46e42ba65">
      <Execution id="4a8246f7-13e3-46f0-8bfd-0d7461db6ae1" />
      <TestMethod codeBase="C:\Projekty\xUnitTestProject\bin\Debug\netcoreapp3.1\xUnitTestProject.dll" adapterTypeName="executor://xunit/VsTestRunner2/netcoreapp" className="xUnitTestProject.CurrencyHelperTests" name="FormatToStringTest1000" />
    </UnitTest>
    <UnitTest name="xUnitTestProject.CurrencyHelperTests.FormatToStringTest1000(price: 31805.23430354532, expected: &quot;31805.23 zł&quot;)" storage="c:\projekty\xunittestproject\bin\debug\netcoreapp3.1\xunittestproject.dll" id="79d9531c-e009-9169-2cbc-ceab51e47aa5">
      <Execution id="a770cff1-5709-462d-b7f4-b4ea6761269b" />
      <TestMethod codeBase="C:\Projekty\xUnitTestProject\bin\Debug\netcoreapp3.1\xUnitTestProject.dll" adapterTypeName="executor://xunit/VsTestRunner2/netcoreapp" className="xUnitTestProject.CurrencyHelperTests" name="FormatToStringTest1000" />
    </UnitTest>
    <UnitTest name="xUnitTestProject.CurrencyHelperTests.FormatToStringTest1000(price: 16825.83099003268, expected: &quot;16825.83 zł&quot;)" storage="c:\projekty\xunittestproject\bin\debug\netcoreapp3.1\xunittestproject.dll" id="7e29f92d-fa8b-6742-a856-fa32047034c5">
      <Execution id="608cb7db-6753-413a-9848-398b171cddad" />
      <TestMethod codeBase="C:\Projekty\xUnitTestProject\bin\Debug\netcoreapp3.1\xUnitTestProject.dll" adapterTypeName="executor://xunit/VsTestRunner2/netcoreapp" className="xUnitTestProject.CurrencyHelperTests" name="FormatToStringTest1000" />
    </UnitTest>
    <UnitTest name="xUnitTestProject.CurrencyHelperTests.FormatToStringTest1000(price: 41008.28505327194, expected: &quot;41008.29 zł&quot;)" storage="c:\projekty\xunittestproject\bin\debug\netcoreapp3.1\xunittestproject.dll" id="2ed2cd1c-632f-e0d9-b2af-c3d4c17fd7b1">
      <Execution id="57b060b8-1360-4a74-84fa-eeba60623933" />
      <TestMethod codeBase="C:\Projekty\xUnitTestProject\bin\Debug\netcoreapp3.1\xUnitTestProject.dll" adapterTypeName="executor://xunit/VsTestRunner2/netcoreapp" className="xUnitTestProject.CurrencyHelperTests" name="FormatToStringTest1000" />
    </UnitTest>
    <UnitTest name="xUnitTestProject.CurrencyHelperTests.FormatToStringTest1000(price: 22153.282278674324, expected: &quot;22153.28 zł&quot;)" storage="c:\projekty\xunittestproject\bin\debug\netcoreapp3.1\xunittestproject.dll" id="d9021346-4b7d-e467-848a-6a660c41636c">
      <Execution id="3ecec7b5-0ea2-461a-9b0c-d5f053418d33" />
      <TestMethod codeBase="C:\Projekty\xUnitTestProject\bin\Debug\netcoreapp3.1\xUnitTestProject.dll" adapterTypeName="executor://xunit/VsTestRunner2/netcoreapp" className="xUnitTestProject.CurrencyHelperTests" name="FormatToStringTest1000" />
    </UnitTest>
    <UnitTest name="xUnitTestProject.CurrencyHelperTests.FormatToStringTest1000(price: 20116.958341299072, expected: &quot;20116.96 zł&quot;)" storage="c:\projekty\xunittestproject\bin\debug\netcoreapp3.1\xunittestproject.dll" id="e12861db-8cd0-3c0d-af0a-eb43dfba13d7">
      <Execution id="2500a4d5-2bff-4805-9cd5-167953a5fa85" />
      <TestMethod codeBase="C:\Projekty\xUnitTestProject\bin\Debug\netcoreapp3.1\xUnitTestProject.dll" adapterTypeName="executor://xunit/VsTestRunner2/netcoreapp" className="xUnitTestProject.CurrencyHelperTests" name="FormatToStringTest1000" />
    </UnitTest>
    <UnitTest name="xUnitTestProject.CurrencyHelperTests.FormatToStringTest1000(price: 653.4647999170537, expected: &quot;653.46 zł&quot;)" storage="c:\projekty\xunittestproject\bin\debug\netcoreapp3.1\xunittestproject.dll" id="49539e03-80f3-85f0-9c28-9ba645507120">
      <Execution id="c864d5d9-ee60-44f5-b9b4-b62b4ff0f150" />
      <TestMethod codeBase="C:\Projekty\xUnitTestProject\bin\Debug\netcoreapp3.1\xUnitTestProject.dll" adapterTypeName="executor://xunit/VsTestRunner2/netcoreapp" className="xUnitTestProject.CurrencyHelperTests" name="FormatToStringTest1000" />
    </UnitTest>
    <UnitTest name="xUnitTestProject.CurrencyHelperTests.FormatToStringTest1000(price: 13402.882692040355, expected: &quot;13402.88 zł&quot;)" storage="c:\projekty\xunittestproject\bin\debug\netcoreapp3.1\xunittestproject.dll" id="12d96651-40d0-5499-9770-bf08435d63fc">
      <Execution id="182e05ae-291a-4574-bda3-9a56005000f6" />
      <TestMethod codeBase="C:\Projekty\xUnitTestProject\bin\Debug\netcoreapp3.1\xUnitTestProject.dll" adapterTypeName="executor://xunit/VsTestRunner2/netcoreapp" className="xUnitTestProject.CurrencyHelperTests" name="FormatToStringTest1000" />
    </UnitTest>
    <UnitTest name="xUnitTestProject.CurrencyHelperTests.FormatToStringTest1000(price: 22831.975917587977, expected: &quot;22831.98 zł&quot;)" storage="c:\projekty\xunittestproject\bin\debug\netcoreapp3.1\xunittestproject.dll" id="e46091cf-1e82-9cd3-4478-8e74502a12eb">
      <Execution id="876b9e13-0290-4f62-9dc3-0e685d09842f" />
      <TestMethod codeBase="C:\Projekty\xUnitTestProject\bin\Debug\netcoreapp3.1\xUnitTestProject.dll" adapterTypeName="executor://xunit/VsTestRunner2/netcoreapp" className="xUnitTestProject.CurrencyHelperTests" name="FormatToStringTest1000" />
    </UnitTest>
    <UnitTest name="xUnitTestProject.CurrencyHelperTests.FormatToStringTest1000(price: 21996.80326662576, expected: &quot;21996.80 zł&quot;)" storage="c:\projekty\xunittestproject\bin\debug\netcoreapp3.1\xunittestproject.dll" id="11ed9e7e-df07-2b0d-0eec-e5030427083f">
      <Execution id="d6ea23c8-5f72-43ed-b526-9439b8d211f8" />
      <TestMethod codeBase="C:\Projekty\xUnitTestProject\bin\Debug\netcoreapp3.1\xUnitTestProject.dll" adapterTypeName="executor://xunit/VsTestRunner2/netcoreapp" className="xUnitTestProject.CurrencyHelperTests" name="FormatToStringTest1000" />
    </UnitTest>
    <UnitTest name="xUnitTestProject.CurrencyHelperTests.FormatToStringTest1000(price: 1814.7218118955948, expected: &quot;1814.72 zł&quot;)" storage="c:\projekty\xunittestproject\bin\debug\netcoreapp3.1\xunittestproject.dll" id="56e327fe-8407-ea11-addf-90ce93ff7d58">
      <Execution id="bf88d28d-83b6-4921-af4f-d99dee0f9cc6" />
      <TestMethod codeBase="C:\Projekty\xUnitTestProject\bin\Debug\netcoreapp3.1\xUnitTestProject.dll" adapterTypeName="executor://xunit/VsTestRunner2/netcoreapp" className="xUnitTestProject.CurrencyHelperTests" name="FormatToStringTest1000" />
    </UnitTest>
    <UnitTest name="xUnitTestProject.CurrencyHelperTests.FormatToStringTest1000(price: 29845.02749849345, expected: &quot;29845.03 zł&quot;)" storage="c:\projekty\xunittestproject\bin\debug\netcoreapp3.1\xunittestproject.dll" id="c8c9567a-0791-4ff6-39a0-7fa2a22ff301">
      <Execution id="03091947-684b-4d5c-8332-41e9b3dc0360" />
      <TestMethod codeBase="C:\Projekty\xUnitTestProject\bin\Debug\netcoreapp3.1\xUnitTestProject.dll" adapterTypeName="executor://xunit/VsTestRunner2/netcoreapp" className="xUnitTestProject.CurrencyHelperTests" name="FormatToStringTest1000" />
    </UnitTest>
    <UnitTest name="xUnitTestProject.CurrencyHelperTests.FormatToStringTest1000(price: 24825.207513729205, expected: &quot;24825.21 zł&quot;)" storage="c:\projekty\xunittestproject\bin\debug\netcoreapp3.1\xunittestproject.dll" id="6a1a0675-fdd2-69ea-ed07-cd8b45ca5094">
      <Execution id="d5b0151b-7435-4e3d-959e-57b12f51b3e9" />
      <TestMethod codeBase="C:\Projekty\xUnitTestProject\bin\Debug\netcoreapp3.1\xUnitTestProject.dll" adapterTypeName="executor://xunit/VsTestRunner2/netcoreapp" className="xUnitTestProject.CurrencyHelperTests" name="FormatToStringTest1000" />
    </UnitTest>
    <UnitTest name="xUnitTestProject.CurrencyHelperTests.FormatToStringTest1000(price: 11796.576829059317, expected: &quot;11796.58 zł&quot;)" storage="c:\projekty\xunittestproject\bin\debug\netcoreapp3.1\xunittestproject.dll" id="17903115-6688-8f7d-0f17-6bed61c91258">
      <Execution id="64e60b49-71b0-4239-bdfd-15f5d4dc2a6a" />
      <TestMethod codeBase="C:\Projekty\xUnitTestProject\bin\Debug\netcoreapp3.1\xUnitTestProject.dll" adapterTypeName="executor://xunit/VsTestRunner2/netcoreapp" className="xUnitTestProject.CurrencyHelperTests" name="FormatToStringTest1000" />
    </UnitTest>
    <UnitTest name="xUnitTestProject.CurrencyHelperTests.FormatToStringTest1000(price: 5317.9582678023535, expected: &quot;5317.96 zł&quot;)" storage="c:\projekty\xunittestproject\bin\debug\netcoreapp3.1\xunittestproject.dll" id="7f38c64c-30e5-6f29-b1b2-933630e715de">
      <Execution id="b236ba83-17e1-4447-813a-32ac0e09d459" />
      <TestMethod codeBase="C:\Projekty\xUnitTestProject\bin\Debug\netcoreapp3.1\xUnitTestProject.dll" adapterTypeName="executor://xunit/VsTestRunner2/netcoreapp" className="xUnitTestProject.CurrencyHelperTests" name="FormatToStringTest1000" />
    </UnitTest>
    <UnitTest name="xUnitTestProject.CurrencyHelperTests.FormatToStringTest1000(price: 15591.4117417221, expected: &quot;15591.41 zł&quot;)" storage="c:\projekty\xunittestproject\bin\debug\netcoreapp3.1\xunittestproject.dll" id="a309af81-dde2-6e24-4ef5-234d753b7352">
      <Execution id="1fccc74d-3ed9-40df-9a8f-14dd0022ef70" />
      <TestMethod codeBase="C:\Projekty\xUnitTestProject\bin\Debug\netcoreapp3.1\xUnitTestProject.dll" adapterTypeName="executor://xunit/VsTestRunner2/netcoreapp" className="xUnitTestProject.CurrencyHelperTests" name="FormatToStringTest1000" />
    </UnitTest>
    <UnitTest name="xUnitTestProject.CurrencyHelperTests.FormatToStringTest1000(price: 76106.57198894516, expected: &quot;76106.57 zł&quot;)" storage="c:\projekty\xunittestproject\bin\debug\netcoreapp3.1\xunittestproject.dll" id="ed2c7eae-4b8e-1a77-ee79-03d5fbd59f41">
      <Execution id="cd6404fa-d840-4c9a-a51d-9afd908eb023" />
      <TestMethod codeBase="C:\Projekty\xUnitTestProject\bin\Debug\netcoreapp3.1\xUnitTestProject.dll" adapterTypeName="executor://xunit/VsTestRunner2/netcoreapp" className="xUnitTestProject.CurrencyHelperTests" name="FormatToStringTest1000" />
    </UnitTest>
    <UnitTest name="xUnitTestProject.CurrencyHelperTests.FormatToStringTest1000(price: 7726.0074454499445, expected: &quot;7726.01 zł&quot;)" storage="c:\projekty\xunittestproject\bin\debug\netcoreapp3.1\xunittestproject.dll" id="b7a54b06-1426-b0d1-c148-d7f5ca4a408c">
      <Execution id="b2ba1c4d-289e-4660-989f-6b1c5c43ff61" />
      <TestMethod codeBase="C:\Projekty\xUnitTestProject\bin\Debug\netcoreapp3.1\xUnitTestProject.dll" adapterTypeName="executor://xunit/VsTestRunner2/netcoreapp" className="xUnitTestProject.CurrencyHelperTests" name="FormatToStringTest1000" />
    </UnitTest>
    <UnitTest name="xUnitTestProject.CurrencyHelperTests.FormatToStringTest1000(price: 7013.601812260971, expected: &quot;7013.60 zł&quot;)" storage="c:\projekty\xunittestproject\bin\debug\netcoreapp3.1\xunittestproject.dll" id="6f6f8b3a-15e7-3194-8c20-0c46fab5e263">
      <Execution id="6ebdffdc-7902-4db5-b39c-6fe4b9a6ade6" />
      <TestMethod codeBase="C:\Projekty\xUnitTestProject\bin\Debug\netcoreapp3.1\xUnitTestProject.dll" adapterTypeName="executor://xunit/VsTestRunner2/netcoreapp" className="xUnitTestProject.CurrencyHelperTests" name="FormatToStringTest1000" />
    </UnitTest>
    <UnitTest name="xUnitTestProject.CurrencyHelperTests.FormatToStringTest1000(price: 11944.74385168531, expected: &quot;11944.74 zł&quot;)" storage="c:\projekty\xunittestproject\bin\debug\netcoreapp3.1\xunittestproject.dll" id="dc54e0bb-502b-6570-9584-a9f765f8122d">
      <Execution id="78f9da67-f5dc-4296-93c4-3bae1367359a" />
      <TestMethod codeBase="C:\Projekty\xUnitTestProject\bin\Debug\netcoreapp3.1\xUnitTestProject.dll" adapterTypeName="executor://xunit/VsTestRunner2/netcoreapp" className="xUnitTestProject.CurrencyHelperTests" name="FormatToStringTest1000" />
    </UnitTest>
    <UnitTest name="xUnitTestProject.CurrencyHelperTests.FormatToStringTest1000(price: 4823.904478896365, expected: &quot;4823.90 zł&quot;)" storage="c:\projekty\xunittestproject\bin\debug\netcoreapp3.1\xunittestproject.dll" id="caaa55d0-af40-7108-2d48-eb01bc500599">
      <Execution id="f272d7d2-bcf0-420a-b19b-ee7962bf51ce" />
      <TestMethod codeBase="C:\Projekty\xUnitTestProject\bin\Debug\netcoreapp3.1\xUnitTestProject.dll" adapterTypeName="executor://xunit/VsTestRunner2/netcoreapp" className="xUnitTestProject.CurrencyHelperTests" name="FormatToStringTest1000" />
    </UnitTest>
    <UnitTest name="xUnitTestProject.CurrencyHelperTests.FormatToStringTest1000(price: 43858.624379632354, expected: &quot;43858.62 zł&quot;)" storage="c:\projekty\xunittestproject\bin\debug\netcoreapp3.1\xunittestproject.dll" id="68aeee53-b239-e7d6-6e18-da94fac3a451">
      <Execution id="50938e4f-9ed4-4064-9b61-92733bf97415" />
      <TestMethod codeBase="C:\Projekty\xUnitTestProject\bin\Debug\netcoreapp3.1\xUnitTestProject.dll" adapterTypeName="executor://xunit/VsTestRunner2/netcoreapp" className="xUnitTestProject.CurrencyHelperTests" name="FormatToStringTest1000" />
    </UnitTest>
    <UnitTest name="xUnitTestProject.CurrencyHelperTests.FormatToStringTest1000(price: 19397.344749736294, expected: &quot;19397.34 zł&quot;)" storage="c:\projekty\xunittestproject\bin\debug\netcoreapp3.1\xunittestproject.dll" id="100cc4f6-ca16-2d93-296d-fb39d2a6b55f">
      <Execution id="96e291d9-f126-4f44-b57a-4c260431fee4" />
      <TestMethod codeBase="C:\Projekty\xUnitTestProject\bin\Debug\netcoreapp3.1\xUnitTestProject.dll" adapterTypeName="executor://xunit/VsTestRunner2/netcoreapp" className="xUnitTestProject.CurrencyHelperTests" name="FormatToStringTest1000" />
    </UnitTest>
    <UnitTest name="xUnitTestProject.CurrencyHelperTests.FormatToStringTest1000(price: 2115.5076919884923, expected: &quot;2115.51 zł&quot;)" storage="c:\projekty\xunittestproject\bin\debug\netcoreapp3.1\xunittestproject.dll" id="466d7722-0345-718d-529e-85f31a949492">
      <Execution id="009894d8-7723-4c1c-9993-e3865bd9e8fd" />
      <TestMethod codeBase="C:\Projekty\xUnitTestProject\bin\Debug\netcoreapp3.1\xUnitTestProject.dll" adapterTypeName="executor://xunit/VsTestRunner2/netcoreapp" className="xUnitTestProject.CurrencyHelperTests" name="FormatToStringTest1000" />
    </UnitTest>
    <UnitTest name="xUnitTestProject.CurrencyHelperTests.FormatToStringTest1000(price: 38076.55319665165, expected: &quot;38076.55 zł&quot;)" storage="c:\projekty\xunittestproject\bin\debug\netcoreapp3.1\xunittestproject.dll" id="d87ccf8e-ab46-94a5-7597-e2ef80212732">
      <Execution id="eba7fcd3-6bfc-4107-962e-68583a44f967" />
      <TestMethod codeBase="C:\Projekty\xUnitTestProject\bin\Debug\netcoreapp3.1\xUnitTestProject.dll" adapterTypeName="executor://xunit/VsTestRunner2/netcoreapp" className="xUnitTestProject.CurrencyHelperTests" name="FormatToStringTest1000" />
    </UnitTest>
    <UnitTest name="xUnitTestProject.CurrencyHelperTests.FormatToStringTest1000(price: 11584.045280779732, expected: &quot;11584.05 zł&quot;)" storage="c:\projekty\xunittestproject\bin\debug\netcoreapp3.1\xunittestproject.dll" id="984ccf4b-e758-da57-870c-fdaae5c09395">
      <Execution id="a5198acb-91eb-4ef4-bd63-e27113d4f1d1" />
      <TestMethod codeBase="C:\Projekty\xUnitTestProject\bin\Debug\netcoreapp3.1\xUnitTestProject.dll" adapterTypeName="executor://xunit/VsTestRunner2/netcoreapp" className="xUnitTestProject.CurrencyHelperTests" name="FormatToStringTest1000" />
    </UnitTest>
    <UnitTest name="xUnitTestProject.CurrencyHelperTests.FormatToStringTest1000(price: 60701.5177499319, expected: &quot;60701.52 zł&quot;)" storage="c:\projekty\xunittestproject\bin\debug\netcoreapp3.1\xunittestproject.dll" id="80a4940d-875d-f4f0-bd6e-0d3aab9861cb">
      <Execution id="e644e1a8-ca5f-4823-89f7-648320f6c830" />
      <TestMethod codeBase="C:\Projekty\xUnitTestProject\bin\Debug\netcoreapp3.1\xUnitTestProject.dll" adapterTypeName="executor://xunit/VsTestRunner2/netcoreapp" className="xUnitTestProject.CurrencyHelperTests" name="FormatToStringTest1000" />
    </UnitTest>
    <UnitTest name="xUnitTestProject.CurrencyHelperTests.FormatToStringTest1000(price: 73504.44700518598, expected: &quot;73504.45 zł&quot;)" storage="c:\projekty\xunittestproject\bin\debug\netcoreapp3.1\xunittestproject.dll" id="eca8de8b-49e2-07c6-8662-27843e169d09">
      <Execution id="7cbc8601-0761-4464-8ba9-0941c19fd6fa" />
      <TestMethod codeBase="C:\Projekty\xUnitTestProject\bin\Debug\netcoreapp3.1\xUnitTestProject.dll" adapterTypeName="executor://xunit/VsTestRunner2/netcoreapp" className="xUnitTestProject.CurrencyHelperTests" name="FormatToStringTest1000" />
    </UnitTest>
    <UnitTest name="xUnitTestProject.CurrencyHelperTests.FormatToStringTest1000(price: 9196.579612724754, expected: &quot;9196.58 zł&quot;)" storage="c:\projekty\xunittestproject\bin\debug\netcoreapp3.1\xunittestproject.dll" id="75fb03cc-a2de-116e-3a3c-32d118eb526b">
      <Execution id="2005d6ec-f22b-4920-a17a-100d75cef567" />
      <TestMethod codeBase="C:\Projekty\xUnitTestProject\bin\Debug\netcoreapp3.1\xUnitTestProject.dll" adapterTypeName="executor://xunit/VsTestRunner2/netcoreapp" className="xUnitTestProject.CurrencyHelperTests" name="FormatToStringTest1000" />
    </UnitTest>
    <UnitTest name="xUnitTestProject.CurrencyHelperTests.FormatToStringTest1000(price: 48684.26840475959, expected: &quot;48684.27 zł&quot;)" storage="c:\projekty\xunittestproject\bin\debug\netcoreapp3.1\xunittestproject.dll" id="2816ac64-5eac-8f30-91ba-bdceffb7dd71">
      <Execution id="2cfa1416-24e0-4fff-bdc7-d5c9557a0a8f" />
      <TestMethod codeBase="C:\Projekty\xUnitTestProject\bin\Debug\netcoreapp3.1\xUnitTestProject.dll" adapterTypeName="executor://xunit/VsTestRunner2/netcoreapp" className="xUnitTestProject.CurrencyHelperTests" name="FormatToStringTest1000" />
    </UnitTest>
    <UnitTest name="xUnitTestProject.CurrencyHelperTests.FormatToStringTest1000(price: 236.20263638589657, expected: &quot;236.20 zł&quot;)" storage="c:\projekty\xunittestproject\bin\debug\netcoreapp3.1\xunittestproject.dll" id="ba737e18-d009-4d7c-6e13-52f4c654ec83">
      <Execution id="b6ec3e77-bf58-40ae-9e3d-3e0a88d5f888" />
      <TestMethod codeBase="C:\Projekty\xUnitTestProject\bin\Debug\netcoreapp3.1\xUnitTestProject.dll" adapterTypeName="executor://xunit/VsTestRunner2/netcoreapp" className="xUnitTestProject.CurrencyHelperTests" name="FormatToStringTest1000" />
    </UnitTest>
    <UnitTest name="xUnitTestProject.CurrencyHelperTests.FormatToStringTest1000(price: 1011.9989482094529, expected: &quot;1012.00 zł&quot;)" storage="c:\projekty\xunittestproject\bin\debug\netcoreapp3.1\xunittestproject.dll" id="558fcad2-7807-3075-bb81-ec539c4697ba">
      <Execution id="0ca77eb1-b201-41e8-9874-f7aa2e6abb34" />
      <TestMethod codeBase="C:\Projekty\xUnitTestProject\bin\Debug\netcoreapp3.1\xUnitTestProject.dll" adapterTypeName="executor://xunit/VsTestRunner2/netcoreapp" className="xUnitTestProject.CurrencyHelperTests" name="FormatToStringTest1000" />
    </UnitTest>
    <UnitTest name="xUnitTestProject.CurrencyHelperTests.FormatToStringTest1000(price: 64210.358316209335, expected: &quot;64210.36 zł&quot;)" storage="c:\projekty\xunittestproject\bin\debug\netcoreapp3.1\xunittestproject.dll" id="a5736665-a659-170c-f088-df8850eec8a7">
      <Execution id="a0372525-991f-48e1-b38b-99fdcb049cdc" />
      <TestMethod codeBase="C:\Projekty\xUnitTestProject\bin\Debug\netcoreapp3.1\xUnitTestProject.dll" adapterTypeName="executor://xunit/VsTestRunner2/netcoreapp" className="xUnitTestProject.CurrencyHelperTests" name="FormatToStringTest1000" />
    </UnitTest>
    <UnitTest name="xUnitTestProject.CurrencyHelperTests.FormatToStringTest1000(price: 17953.338243749615, expected: &quot;17953.34 zł&quot;)" storage="c:\projekty\xunittestproject\bin\debug\netcoreapp3.1\xunittestproject.dll" id="9feffc56-b6c3-64a3-e834-86f62ce8266d">
      <Execution id="bd30af56-cb3e-436c-87c1-11d21552bba3" />
      <TestMethod codeBase="C:\Projekty\xUnitTestProject\bin\Debug\netcoreapp3.1\xUnitTestProject.dll" adapterTypeName="executor://xunit/VsTestRunner2/netcoreapp" className="xUnitTestProject.CurrencyHelperTests" name="FormatToStringTest1000" />
    </UnitTest>
    <UnitTest name="xUnitTestProject.CurrencyHelperTests.FormatToStringTest1000(price: 77904.0088552246, expected: &quot;77904.01 zł&quot;)" storage="c:\projekty\xunittestproject\bin\debug\netcoreapp3.1\xunittestproject.dll" id="e18b4dbd-2ff6-3acf-dfb2-f12cbfa820d0">
      <Execution id="3e65423b-3944-4264-a360-1e0730193b1f" />
      <TestMethod codeBase="C:\Projekty\xUnitTestProject\bin\Debug\netcoreapp3.1\xUnitTestProject.dll" adapterTypeName="executor://xunit/VsTestRunner2/netcoreapp" className="xUnitTestProject.CurrencyHelperTests" name="FormatToStringTest1000" />
    </UnitTest>
    <UnitTest name="xUnitTestProject.CurrencyHelperTests.FormatToStringTest1000(price: 3506.8456124108498, expected: &quot;3506.85 zł&quot;)" storage="c:\projekty\xunittestproject\bin\debug\netcoreapp3.1\xunittestproject.dll" id="1fce28e8-5dee-1344-5678-0f5715c803f3">
      <Execution id="6d511c67-52f7-406c-b4a8-1c21688d3d9e" />
      <TestMethod codeBase="C:\Projekty\xUnitTestProject\bin\Debug\netcoreapp3.1\xUnitTestProject.dll" adapterTypeName="executor://xunit/VsTestRunner2/netcoreapp" className="xUnitTestProject.CurrencyHelperTests" name="FormatToStringTest1000" />
    </UnitTest>
    <UnitTest name="xUnitTestProject.CurrencyHelperTests.FormatToStringTest1000(price: 40545.70748620001, expected: &quot;40545.71 zł&quot;)" storage="c:\projekty\xunittestproject\bin\debug\netcoreapp3.1\xunittestproject.dll" id="61bdea90-2716-ebd5-11fe-1f07a5d80915">
      <Execution id="e2c160a1-c074-4cb0-8faf-c63a1e3f73ab" />
      <TestMethod codeBase="C:\Projekty\xUnitTestProject\bin\Debug\netcoreapp3.1\xUnitTestProject.dll" adapterTypeName="executor://xunit/VsTestRunner2/netcoreapp" className="xUnitTestProject.CurrencyHelperTests" name="FormatToStringTest1000" />
    </UnitTest>
    <UnitTest name="xUnitTestProject.CurrencyHelperTests.FormatToStringTest1000(price: 15822.278766386342, expected: &quot;15822.28 zł&quot;)" storage="c:\projekty\xunittestproject\bin\debug\netcoreapp3.1\xunittestproject.dll" id="dbbec110-d393-0535-7065-c16e31474059">
      <Execution id="cc3baf18-5f26-4b21-b631-fbefb05de5f6" />
      <TestMethod codeBase="C:\Projekty\xUnitTestProject\bin\Debug\netcoreapp3.1\xUnitTestProject.dll" adapterTypeName="executor://xunit/VsTestRunner2/netcoreapp" className="xUnitTestProject.CurrencyHelperTests" name="FormatToStringTest1000" />
    </UnitTest>
    <UnitTest name="xUnitTestProject.CurrencyHelperTests.FormatToStringTest1000(price: 73301.91270130403, expected: &quot;73301.91 zł&quot;)" storage="c:\projekty\xunittestproject\bin\debug\netcoreapp3.1\xunittestproject.dll" id="41c4ce1a-ef09-24d7-c3f0-f5bd5a81a0d8">
      <Execution id="484e9171-8405-47bc-b86c-27cacbaf5d49" />
      <TestMethod codeBase="C:\Projekty\xUnitTestProject\bin\Debug\netcoreapp3.1\xUnitTestProject.dll" adapterTypeName="executor://xunit/VsTestRunner2/netcoreapp" className="xUnitTestProject.CurrencyHelperTests" name="FormatToStringTest1000" />
    </UnitTest>
    <UnitTest name="xUnitTestProject.CurrencyHelperTests.FormatToStringTest1000(price: 85407.13428016152, expected: &quot;85407.13 zł&quot;)" storage="c:\projekty\xunittestproject\bin\debug\netcoreapp3.1\xunittestproject.dll" id="6ca05e92-6a05-ce15-f59b-9b9ed10b85dd">
      <Execution id="bf4fcf4b-ae25-4bc9-93f3-e884fa4375de" />
      <TestMethod codeBase="C:\Projekty\xUnitTestProject\bin\Debug\netcoreapp3.1\xUnitTestProject.dll" adapterTypeName="executor://xunit/VsTestRunner2/netcoreapp" className="xUnitTestProject.CurrencyHelperTests" name="FormatToStringTest1000" />
    </UnitTest>
    <UnitTest name="xUnitTestProject.CurrencyHelperTests.FormatToStringTest1000(price: 36047.83545033672, expected: &quot;36047.84 zł&quot;)" storage="c:\projekty\xunittestproject\bin\debug\netcoreapp3.1\xunittestproject.dll" id="bea51f53-59a0-d933-da38-7b5730c49072">
      <Execution id="8950f1a6-993b-4df7-9048-9163dd2b5a85" />
      <TestMethod codeBase="C:\Projekty\xUnitTestProject\bin\Debug\netcoreapp3.1\xUnitTestProject.dll" adapterTypeName="executor://xunit/VsTestRunner2/netcoreapp" className="xUnitTestProject.CurrencyHelperTests" name="FormatToStringTest1000" />
    </UnitTest>
    <UnitTest name="xUnitTestProject.CurrencyHelperTests.FormatToStringTest1000(price: 27050.586848031067, expected: &quot;27050.59 zł&quot;)" storage="c:\projekty\xunittestproject\bin\debug\netcoreapp3.1\xunittestproject.dll" id="4d4e339b-9d29-e85f-f9ef-3112de40381f">
      <Execution id="920bb630-862a-41b9-b437-a137a0c0f02f" />
      <TestMethod codeBase="C:\Projekty\xUnitTestProject\bin\Debug\netcoreapp3.1\xUnitTestProject.dll" adapterTypeName="executor://xunit/VsTestRunner2/netcoreapp" className="xUnitTestProject.CurrencyHelperTests" name="FormatToStringTest1000" />
    </UnitTest>
    <UnitTest name="xUnitTestProject.CurrencyHelperTests.FormatToStringTest1000(price: 9750.134289915735, expected: &quot;9750.13 zł&quot;)" storage="c:\projekty\xunittestproject\bin\debug\netcoreapp3.1\xunittestproject.dll" id="01a9775b-5693-bd58-011d-1e4a65370397">
      <Execution id="0201b469-5ae9-45f1-9515-0960bd565b87" />
      <TestMethod codeBase="C:\Projekty\xUnitTestProject\bin\Debug\netcoreapp3.1\xUnitTestProject.dll" adapterTypeName="executor://xunit/VsTestRunner2/netcoreapp" className="xUnitTestProject.CurrencyHelperTests" name="FormatToStringTest1000" />
    </UnitTest>
    <UnitTest name="xUnitTestProject.CurrencyHelperTests.FormatToStringTest1000(price: 13503.943645929892, expected: &quot;13503.94 zł&quot;)" storage="c:\projekty\xunittestproject\bin\debug\netcoreapp3.1\xunittestproject.dll" id="5a63d239-8af4-ff24-ef04-165e809fc0f0">
      <Execution id="04304b12-08e7-4c75-b0a6-2ca29b54440f" />
      <TestMethod codeBase="C:\Projekty\xUnitTestProject\bin\Debug\netcoreapp3.1\xUnitTestProject.dll" adapterTypeName="executor://xunit/VsTestRunner2/netcoreapp" className="xUnitTestProject.CurrencyHelperTests" name="FormatToStringTest1000" />
    </UnitTest>
    <UnitTest name="xUnitTestProject.CurrencyHelperTests.FormatToStringTest1000(price: 27629.79121039193, expected: &quot;27629.79 zł&quot;)" storage="c:\projekty\xunittestproject\bin\debug\netcoreapp3.1\xunittestproject.dll" id="fe096e9a-696b-0373-a92c-3a2e57b850e7">
      <Execution id="22b16150-a4e8-4b8a-8665-a31928aa0ae5" />
      <TestMethod codeBase="C:\Projekty\xUnitTestProject\bin\Debug\netcoreapp3.1\xUnitTestProject.dll" adapterTypeName="executor://xunit/VsTestRunner2/netcoreapp" className="xUnitTestProject.CurrencyHelperTests" name="FormatToStringTest1000" />
    </UnitTest>
    <UnitTest name="xUnitTestProject.CurrencyHelperTests.FormatToStringTest1000(price: 79339.95632144621, expected: &quot;79339.96 zł&quot;)" storage="c:\projekty\xunittestproject\bin\debug\netcoreapp3.1\xunittestproject.dll" id="abb4aad3-77db-7359-08fe-5197066f13be">
      <Execution id="230d6969-f2c2-49d9-a4b6-5e1b4580cb07" />
      <TestMethod codeBase="C:\Projekty\xUnitTestProject\bin\Debug\netcoreapp3.1\xUnitTestProject.dll" adapterTypeName="executor://xunit/VsTestRunner2/netcoreapp" className="xUnitTestProject.CurrencyHelperTests" name="FormatToStringTest1000" />
    </UnitTest>
    <UnitTest name="xUnitTestProject.CurrencyHelperTests.FormatToStringTest1000(price: 35967.54466809684, expected: &quot;35967.54 zł&quot;)" storage="c:\projekty\xunittestproject\bin\debug\netcoreapp3.1\xunittestproject.dll" id="ff400e5b-d8ea-836f-c081-66cfe2473c87">
      <Execution id="fb0015bc-5a94-44c3-b970-e4ec17a0889c" />
      <TestMethod codeBase="C:\Projekty\xUnitTestProject\bin\Debug\netcoreapp3.1\xUnitTestProject.dll" adapterTypeName="executor://xunit/VsTestRunner2/netcoreapp" className="xUnitTestProject.CurrencyHelperTests" name="FormatToStringTest1000" />
    </UnitTest>
    <UnitTest name="xUnitTestProject.CurrencyHelperTests.FormatToStringTest1000(price: 4857.211933034105, expected: &quot;4857.21 zł&quot;)" storage="c:\projekty\xunittestproject\bin\debug\netcoreapp3.1\xunittestproject.dll" id="f7a3c37c-dec7-4f70-5b8f-168bb8621231">
      <Execution id="5569f0c0-2e4d-4079-8ce4-dd9a92b55c6f" />
      <TestMethod codeBase="C:\Projekty\xUnitTestProject\bin\Debug\netcoreapp3.1\xUnitTestProject.dll" adapterTypeName="executor://xunit/VsTestRunner2/netcoreapp" className="xUnitTestProject.CurrencyHelperTests" name="FormatToStringTest1000" />
    </UnitTest>
    <UnitTest name="xUnitTestProject.CurrencyHelperTests.FormatToStringTest1000(price: 1562.3173604776698, expected: &quot;1562.32 zł&quot;)" storage="c:\projekty\xunittestproject\bin\debug\netcoreapp3.1\xunittestproject.dll" id="f7288d33-e820-d388-23d4-39d2a5548f52">
      <Execution id="6b2c92b2-d3a0-43d0-9f27-3db3bc4b6c78" />
      <TestMethod codeBase="C:\Projekty\xUnitTestProject\bin\Debug\netcoreapp3.1\xUnitTestProject.dll" adapterTypeName="executor://xunit/VsTestRunner2/netcoreapp" className="xUnitTestProject.CurrencyHelperTests" name="FormatToStringTest1000" />
    </UnitTest>
    <UnitTest name="xUnitTestProject.CurrencyHelperTests.FormatToStringTest1000(price: 13745.115971449817, expected: &quot;13745.12 zł&quot;)" storage="c:\projekty\xunittestproject\bin\debug\netcoreapp3.1\xunittestproject.dll" id="fa17089e-753f-5fa3-f3ed-36d704a8d2ac">
      <Execution id="81ac8bad-b450-42fe-948a-76a74111425a" />
      <TestMethod codeBase="C:\Projekty\xUnitTestProject\bin\Debug\netcoreapp3.1\xUnitTestProject.dll" adapterTypeName="executor://xunit/VsTestRunner2/netcoreapp" className="xUnitTestProject.CurrencyHelperTests" name="FormatToStringTest1000" />
    </UnitTest>
    <UnitTest name="xUnitTestProject.CurrencyHelperTests.FormatToStringTest1000(price: 1614.2516601789982, expected: &quot;1614.25 zł&quot;)" storage="c:\projekty\xunittestproject\bin\debug\netcoreapp3.1\xunittestproject.dll" id="72858ddf-be22-dd7b-74db-ce66ecacd1dd">
      <Execution id="721927e8-2246-4bbe-a34c-13c5c38e7a73" />
      <TestMethod codeBase="C:\Projekty\xUnitTestProject\bin\Debug\netcoreapp3.1\xUnitTestProject.dll" adapterTypeName="executor://xunit/VsTestRunner2/netcoreapp" className="xUnitTestProject.CurrencyHelperTests" name="FormatToStringTest1000" />
    </UnitTest>
    <UnitTest name="xUnitTestProject.CurrencyHelperTests.FormatToStringTest1000(price: 8542.520616738833, expected: &quot;8542.52 zł&quot;)" storage="c:\projekty\xunittestproject\bin\debug\netcoreapp3.1\xunittestproject.dll" id="3ca4075a-a7fb-92a5-3a91-aefa25efbece">
      <Execution id="11e6077a-8523-4d0f-a634-b08c0bef98f5" />
      <TestMethod codeBase="C:\Projekty\xUnitTestProject\bin\Debug\netcoreapp3.1\xUnitTestProject.dll" adapterTypeName="executor://xunit/VsTestRunner2/netcoreapp" className="xUnitTestProject.CurrencyHelperTests" name="FormatToStringTest1000" />
    </UnitTest>
    <UnitTest name="xUnitTestProject.CurrencyHelperTests.FormatToStringTest1000(price: 3649.9254912836127, expected: &quot;3649.93 zł&quot;)" storage="c:\projekty\xunittestproject\bin\debug\netcoreapp3.1\xunittestproject.dll" id="6079b9dd-99aa-436d-ae95-d982e753c815">
      <Execution id="a1ffdbd0-18c3-4295-a0a2-a3b9c9648181" />
      <TestMethod codeBase="C:\Projekty\xUnitTestProject\bin\Debug\netcoreapp3.1\xUnitTestProject.dll" adapterTypeName="executor://xunit/VsTestRunner2/netcoreapp" className="xUnitTestProject.CurrencyHelperTests" name="FormatToStringTest1000" />
    </UnitTest>
    <UnitTest name="xUnitTestProject.CurrencyHelperTests.FormatToStringTest1000(price: 2963.24443391815, expected: &quot;2963.24 zł&quot;)" storage="c:\projekty\xunittestproject\bin\debug\netcoreapp3.1\xunittestproject.dll" id="78d10de8-2dc4-0b77-ab9e-9a161423da54">
      <Execution id="f9109da0-952a-4fb9-b06b-9d489247806b" />
      <TestMethod codeBase="C:\Projekty\xUnitTestProject\bin\Debug\netcoreapp3.1\xUnitTestProject.dll" adapterTypeName="executor://xunit/VsTestRunner2/netcoreapp" className="xUnitTestProject.CurrencyHelperTests" name="FormatToStringTest1000" />
    </UnitTest>
    <UnitTest name="xUnitTestProject.CurrencyHelperTests.FormatToStringTest1000(price: 21753.84773194969, expected: &quot;21753.85 zł&quot;)" storage="c:\projekty\xunittestproject\bin\debug\netcoreapp3.1\xunittestproject.dll" id="f51f29d9-e43f-bc49-2068-6f7ccdbadb29">
      <Execution id="e7126c58-2776-4d8b-af9e-79e87744be10" />
      <TestMethod codeBase="C:\Projekty\xUnitTestProject\bin\Debug\netcoreapp3.1\xUnitTestProject.dll" adapterTypeName="executor://xunit/VsTestRunner2/netcoreapp" className="xUnitTestProject.CurrencyHelperTests" name="FormatToStringTest1000" />
    </UnitTest>
    <UnitTest name="xUnitTestProject.CurrencyHelperTests.FormatToStringTest1000(price: 28972.23604401212, expected: &quot;28972.24 zł&quot;)" storage="c:\projekty\xunittestproject\bin\debug\netcoreapp3.1\xunittestproject.dll" id="da9e50fc-db80-afa7-5f4f-4cb6b2da8231">
      <Execution id="a2d6745f-7003-409f-99d9-7ea6a740110a" />
      <TestMethod codeBase="C:\Projekty\xUnitTestProject\bin\Debug\netcoreapp3.1\xUnitTestProject.dll" adapterTypeName="executor://xunit/VsTestRunner2/netcoreapp" className="xUnitTestProject.CurrencyHelperTests" name="FormatToStringTest1000" />
    </UnitTest>
    <UnitTest name="xUnitTestProject.CurrencyHelperTests.FormatToStringTest1000(price: 16129.507288814293, expected: &quot;16129.51 zł&quot;)" storage="c:\projekty\xunittestproject\bin\debug\netcoreapp3.1\xunittestproject.dll" id="28d201d7-5353-764b-c109-520fc030be51">
      <Execution id="1ea747d3-cac1-4d1b-9fb5-bf917bf4ebb3" />
      <TestMethod codeBase="C:\Projekty\xUnitTestProject\bin\Debug\netcoreapp3.1\xUnitTestProject.dll" adapterTypeName="executor://xunit/VsTestRunner2/netcoreapp" className="xUnitTestProject.CurrencyHelperTests" name="FormatToStringTest1000" />
    </UnitTest>
    <UnitTest name="xUnitTestProject.CurrencyHelperTests.FormatToStringTest1000(price: 33601.357302459124, expected: &quot;33601.36 zł&quot;)" storage="c:\projekty\xunittestproject\bin\debug\netcoreapp3.1\xunittestproject.dll" id="156f5ebd-8a60-46f3-8ac8-18455127849a">
      <Execution id="1afed0f9-fd91-42fa-9cb2-8d1932764fa5" />
      <TestMethod codeBase="C:\Projekty\xUnitTestProject\bin\Debug\netcoreapp3.1\xUnitTestProject.dll" adapterTypeName="executor://xunit/VsTestRunner2/netcoreapp" className="xUnitTestProject.CurrencyHelperTests" name="FormatToStringTest1000" />
    </UnitTest>
    <UnitTest name="xUnitTestProject.CurrencyHelperTests.FormatToStringTest1000(price: 66053.95451852398, expected: &quot;66053.95 zł&quot;)" storage="c:\projekty\xunittestproject\bin\debug\netcoreapp3.1\xunittestproject.dll" id="9087d096-82b4-2271-94ec-73730ed51c23">
      <Execution id="f1dc3469-868f-4a4b-9a8b-6ac9902cee47" />
      <TestMethod codeBase="C:\Projekty\xUnitTestProject\bin\Debug\netcoreapp3.1\xUnitTestProject.dll" adapterTypeName="executor://xunit/VsTestRunner2/netcoreapp" className="xUnitTestProject.CurrencyHelperTests" name="FormatToStringTest1000" />
    </UnitTest>
    <UnitTest name="xUnitTestProject.CurrencyHelperTests.FormatToStringTest1000(price: 52020.805412759444, expected: &quot;52020.81 zł&quot;)" storage="c:\projekty\xunittestproject\bin\debug\netcoreapp3.1\xunittestproject.dll" id="0c859aba-4f30-51d2-a318-7300b0569a9b">
      <Execution id="142673fe-838a-46b6-94bd-aede49a38ecc" />
      <TestMethod codeBase="C:\Projekty\xUnitTestProject\bin\Debug\netcoreapp3.1\xUnitTestProject.dll" adapterTypeName="executor://xunit/VsTestRunner2/netcoreapp" className="xUnitTestProject.CurrencyHelperTests" name="FormatToStringTest1000" />
    </UnitTest>
    <UnitTest name="xUnitTestProject.CurrencyHelperTests.FormatToStringTest1000(price: 58111.21259843521, expected: &quot;58111.21 zł&quot;)" storage="c:\projekty\xunittestproject\bin\debug\netcoreapp3.1\xunittestproject.dll" id="0c407008-912c-f5cf-415d-950e444e81e2">
      <Execution id="e0292409-8546-450b-bba0-a5352d8de5b5" />
      <TestMethod codeBase="C:\Projekty\xUnitTestProject\bin\Debug\netcoreapp3.1\xUnitTestProject.dll" adapterTypeName="executor://xunit/VsTestRunner2/netcoreapp" className="xUnitTestProject.CurrencyHelperTests" name="FormatToStringTest1000" />
    </UnitTest>
    <UnitTest name="xUnitTestProject.CurrencyHelperTests.FormatToStringTest1000(price: 14910.573044539697, expected: &quot;14910.57 zł&quot;)" storage="c:\projekty\xunittestproject\bin\debug\netcoreapp3.1\xunittestproject.dll" id="4b9288d3-23bb-6d5e-ced0-2389f5e0b638">
      <Execution id="0d037271-1e28-499b-8d7a-c005ba38f503" />
      <TestMethod codeBase="C:\Projekty\xUnitTestProject\bin\Debug\netcoreapp3.1\xUnitTestProject.dll" adapterTypeName="executor://xunit/VsTestRunner2/netcoreapp" className="xUnitTestProject.CurrencyHelperTests" name="FormatToStringTest1000" />
    </UnitTest>
    <UnitTest name="xUnitTestProject.CurrencyHelperTests.FormatToStringTest1000(price: 3270.286035661719, expected: &quot;3270.29 zł&quot;)" storage="c:\projekty\xunittestproject\bin\debug\netcoreapp3.1\xunittestproject.dll" id="cae25fb7-b977-eb51-0588-bf026d38b145">
      <Execution id="45cad504-711c-4bc0-8f9d-5d7af5c85711" />
      <TestMethod codeBase="C:\Projekty\xUnitTestProject\bin\Debug\netcoreapp3.1\xUnitTestProject.dll" adapterTypeName="executor://xunit/VsTestRunner2/netcoreapp" className="xUnitTestProject.CurrencyHelperTests" name="FormatToStringTest1000" />
    </UnitTest>
    <UnitTest name="xUnitTestProject.CurrencyHelperTests.FormatToStringTest1000(price: 5749.124990274722, expected: &quot;5749.12 zł&quot;)" storage="c:\projekty\xunittestproject\bin\debug\netcoreapp3.1\xunittestproject.dll" id="c28dd236-1525-1514-778a-3b6a96d19df1">
      <Execution id="364d04f0-4e48-4f52-aef1-3c0b13b8a654" />
      <TestMethod codeBase="C:\Projekty\xUnitTestProject\bin\Debug\netcoreapp3.1\xUnitTestProject.dll" adapterTypeName="executor://xunit/VsTestRunner2/netcoreapp" className="xUnitTestProject.CurrencyHelperTests" name="FormatToStringTest1000" />
    </UnitTest>
    <UnitTest name="xUnitTestProject.CurrencyHelperTests.FormatToStringTest1000(price: 13027.93935961739, expected: &quot;13027.94 zł&quot;)" storage="c:\projekty\xunittestproject\bin\debug\netcoreapp3.1\xunittestproject.dll" id="2253269e-957f-9bba-378c-fb3e844bd0a1">
      <Execution id="451efc82-5347-45b1-81ed-d9379abcc83a" />
      <TestMethod codeBase="C:\Projekty\xUnitTestProject\bin\Debug\netcoreapp3.1\xUnitTestProject.dll" adapterTypeName="executor://xunit/VsTestRunner2/netcoreapp" className="xUnitTestProject.CurrencyHelperTests" name="FormatToStringTest1000" />
    </UnitTest>
    <UnitTest name="xUnitTestProject.CurrencyHelperTests.FormatToStringTest1000(price: 47163.337736466594, expected: &quot;47163.34 zł&quot;)" storage="c:\projekty\xunittestproject\bin\debug\netcoreapp3.1\xunittestproject.dll" id="179615f5-c9e6-0457-24a4-7182fdaf1108">
      <Execution id="9e9511bc-f208-4dcb-9033-dc348e6cf4ef" />
      <TestMethod codeBase="C:\Projekty\xUnitTestProject\bin\Debug\netcoreapp3.1\xUnitTestProject.dll" adapterTypeName="executor://xunit/VsTestRunner2/netcoreapp" className="xUnitTestProject.CurrencyHelperTests" name="FormatToStringTest1000" />
    </UnitTest>
    <UnitTest name="xUnitTestProject.CurrencyHelperTests.FormatToStringTest1000(price: 31347.468987404587, expected: &quot;31347.47 zł&quot;)" storage="c:\projekty\xunittestproject\bin\debug\netcoreapp3.1\xunittestproject.dll" id="183dfbce-4b57-7750-e87b-9eb6c830ba31">
      <Execution id="4800a992-3760-455c-b0c9-f25596efbf69" />
      <TestMethod codeBase="C:\Projekty\xUnitTestProject\bin\Debug\netcoreapp3.1\xUnitTestProject.dll" adapterTypeName="executor://xunit/VsTestRunner2/netcoreapp" className="xUnitTestProject.CurrencyHelperTests" name="FormatToStringTest1000" />
    </UnitTest>
    <UnitTest name="xUnitTestProject.CurrencyHelperTests.FormatToStringTest1000(price: 4252.4012513842445, expected: &quot;4252.40 zł&quot;)" storage="c:\projekty\xunittestproject\bin\debug\netcoreapp3.1\xunittestproject.dll" id="9e381b2f-7758-75e7-1187-5359a7cc2fcf">
      <Execution id="602a97d1-294a-4aa1-9368-fcd1bf39d9e6" />
      <TestMethod codeBase="C:\Projekty\xUnitTestProject\bin\Debug\netcoreapp3.1\xUnitTestProject.dll" adapterTypeName="executor://xunit/VsTestRunner2/netcoreapp" className="xUnitTestProject.CurrencyHelperTests" name="FormatToStringTest1000" />
    </UnitTest>
    <UnitTest name="xUnitTestProject.CurrencyHelperTests.FormatToStringTest1000(price: 47431.868885526375, expected: &quot;47431.87 zł&quot;)" storage="c:\projekty\xunittestproject\bin\debug\netcoreapp3.1\xunittestproject.dll" id="783752e7-0a8e-7713-0dfb-eb72f3fc27d6">
      <Execution id="0257246a-ba94-4d63-9822-50ae6139408a" />
      <TestMethod codeBase="C:\Projekty\xUnitTestProject\bin\Debug\netcoreapp3.1\xUnitTestProject.dll" adapterTypeName="executor://xunit/VsTestRunner2/netcoreapp" className="xUnitTestProject.CurrencyHelperTests" name="FormatToStringTest1000" />
    </UnitTest>
    <UnitTest name="xUnitTestProject.CurrencyHelperTests.FormatToStringTest1000(price: 10775.728533390784, expected: &quot;10775.73 zł&quot;)" storage="c:\projekty\xunittestproject\bin\debug\netcoreapp3.1\xunittestproject.dll" id="0a7a5bc8-9d15-4c47-d83e-93a1a167a703">
      <Execution id="7c2c1ca6-a333-4b3f-97b9-80cf4dd5efc6" />
      <TestMethod codeBase="C:\Projekty\xUnitTestProject\bin\Debug\netcoreapp3.1\xUnitTestProject.dll" adapterTypeName="executor://xunit/VsTestRunner2/netcoreapp" className="xUnitTestProject.CurrencyHelperTests" name="FormatToStringTest1000" />
    </UnitTest>
    <UnitTest name="xUnitTestProject.CurrencyHelperTests.FormatToStringTest1000(price: 24695.917440203913, expected: &quot;24695.92 zł&quot;)" storage="c:\projekty\xunittestproject\bin\debug\netcoreapp3.1\xunittestproject.dll" id="ab2272df-129a-10d0-4d80-4c6fcfe702e8">
      <Execution id="788e7a65-d620-4e21-bf46-aec2ef4906bd" />
      <TestMethod codeBase="C:\Projekty\xUnitTestProject\bin\Debug\netcoreapp3.1\xUnitTestProject.dll" adapterTypeName="executor://xunit/VsTestRunner2/netcoreapp" className="xUnitTestProject.CurrencyHelperTests" name="FormatToStringTest1000" />
    </UnitTest>
    <UnitTest name="xUnitTestProject.CurrencyHelperTests.FormatToStringTest1000(price: 6710.131197082871, expected: &quot;6710.13 zł&quot;)" storage="c:\projekty\xunittestproject\bin\debug\netcoreapp3.1\xunittestproject.dll" id="6a7d9b76-8e51-2dd0-7599-1dd99ccb1f30">
      <Execution id="0aa4230d-d030-4393-aacc-a3e2ebc3aa5e" />
      <TestMethod codeBase="C:\Projekty\xUnitTestProject\bin\Debug\netcoreapp3.1\xUnitTestProject.dll" adapterTypeName="executor://xunit/VsTestRunner2/netcoreapp" className="xUnitTestProject.CurrencyHelperTests" name="FormatToStringTest1000" />
    </UnitTest>
    <UnitTest name="xUnitTestProject.CurrencyHelperTests.FormatToStringTest1000(price: 2505.286326204094, expected: &quot;2505.29 zł&quot;)" storage="c:\projekty\xunittestproject\bin\debug\netcoreapp3.1\xunittestproject.dll" id="1fe96cd6-e80d-4fd9-dedb-226c16d9375d">
      <Execution id="84706b9c-9472-4eae-8b7d-07bb2c6db3a9" />
      <TestMethod codeBase="C:\Projekty\xUnitTestProject\bin\Debug\netcoreapp3.1\xUnitTestProject.dll" adapterTypeName="executor://xunit/VsTestRunner2/netcoreapp" className="xUnitTestProject.CurrencyHelperTests" name="FormatToStringTest1000" />
    </UnitTest>
    <UnitTest name="xUnitTestProject.CurrencyHelperTests.FormatToStringTest1000(price: 3092.9215945624383, expected: &quot;3092.92 zł&quot;)" storage="c:\projekty\xunittestproject\bin\debug\netcoreapp3.1\xunittestproject.dll" id="da125bcd-1715-deae-cc3d-6c75d593b271">
      <Execution id="0347d707-424f-44c6-a42f-fd61a2974892" />
      <TestMethod codeBase="C:\Projekty\xUnitTestProject\bin\Debug\netcoreapp3.1\xUnitTestProject.dll" adapterTypeName="executor://xunit/VsTestRunner2/netcoreapp" className="xUnitTestProject.CurrencyHelperTests" name="FormatToStringTest1000" />
    </UnitTest>
    <UnitTest name="xUnitTestProject.CurrencyHelperTests.FormatToStringTest1000(price: 40913.016669489916, expected: &quot;40913.02 zł&quot;)" storage="c:\projekty\xunittestproject\bin\debug\netcoreapp3.1\xunittestproject.dll" id="d14fe452-c75b-8f8a-1e11-a88113e31ccc">
      <Execution id="edb9b594-8622-4179-b46f-8307bac7e3c5" />
      <TestMethod codeBase="C:\Projekty\xUnitTestProject\bin\Debug\netcoreapp3.1\xUnitTestProject.dll" adapterTypeName="executor://xunit/VsTestRunner2/netcoreapp" className="xUnitTestProject.CurrencyHelperTests" name="FormatToStringTest1000" />
    </UnitTest>
    <UnitTest name="xUnitTestProject.CurrencyHelperTests.FormatToStringTest1000(price: 1676.7913981754293, expected: &quot;1676.79 zł&quot;)" storage="c:\projekty\xunittestproject\bin\debug\netcoreapp3.1\xunittestproject.dll" id="8e40a9d7-b14a-a165-b4bc-258c3936dfbd">
      <Execution id="bb6b93be-95f9-46c2-88fa-8b9563593b16" />
      <TestMethod codeBase="C:\Projekty\xUnitTestProject\bin\Debug\netcoreapp3.1\xUnitTestProject.dll" adapterTypeName="executor://xunit/VsTestRunner2/netcoreapp" className="xUnitTestProject.CurrencyHelperTests" name="FormatToStringTest1000" />
    </UnitTest>
  </TestDefinitions>
  <TestEntries>
    <TestEntry testId="25b36055-f21f-fb6a-b7ef-81ccf96dd2b6" executionId="946ed0d1-c6ee-4539-9957-ee6b840383c5" testListId="8c84fa94-04c1-424b-9868-57a2d4851a1d" />
    <TestEntry testId="386de361-29e9-e772-105e-fd42e87ecfec" executionId="9b7b95ea-e7eb-4255-9d90-dfb0643de7e1" testListId="8c84fa94-04c1-424b-9868-57a2d4851a1d" />
    <TestEntry testId="83240b81-a0ee-d801-c63e-6e722955f2f1" executionId="6133a2d8-5a2d-4dc7-b6b9-c29805e2d997" testListId="8c84fa94-04c1-424b-9868-57a2d4851a1d" />
    <TestEntry testId="0d7a2cf9-13e2-7888-b21b-f6464a19d4c6" executionId="171332f9-e907-4c14-ba15-672bf57b1796" testListId="8c84fa94-04c1-424b-9868-57a2d4851a1d" />
    <TestEntry testId="814b2061-14f5-c810-0eca-e8431104105a" executionId="49b69fc2-a28e-4143-9c8a-1b696a6c5b0a" testListId="8c84fa94-04c1-424b-9868-57a2d4851a1d" />
    <TestEntry testId="75f79a5e-625f-18cb-34f2-c39806bd0036" executionId="efe26411-f24b-49d4-9914-614e9b0ca3e5" testListId="8c84fa94-04c1-424b-9868-57a2d4851a1d" />
    <TestEntry testId="1eaafc3c-6374-0d37-e565-15fb470a9a01" executionId="c06b9ded-7c9c-43a4-8835-8401515e0dfe" testListId="8c84fa94-04c1-424b-9868-57a2d4851a1d" />
    <TestEntry testId="b96da561-72c0-f108-100e-28aea4f8d524" executionId="448c26bd-f65e-4faf-8a3c-6d695237718d" testListId="8c84fa94-04c1-424b-9868-57a2d4851a1d" />
    <TestEntry testId="6127c2a7-0d58-b2ca-c80b-3d883558c1c7" executionId="888e0bbd-3b93-4248-9406-61174c67d63a" testListId="8c84fa94-04c1-424b-9868-57a2d4851a1d" />
    <TestEntry testId="ee3ad499-d226-2821-3efe-49a57729a899" executionId="d18e8377-2d81-4281-888d-456363e0bdb4" testListId="8c84fa94-04c1-424b-9868-57a2d4851a1d" />
    <TestEntry testId="ab648c32-5363-622c-e305-880f5c60d7ae" executionId="071c71d1-f6f7-4cd4-8a09-5004bb847772" testListId="8c84fa94-04c1-424b-9868-57a2d4851a1d" />
    <TestEntry testId="d4b7a26e-ed5a-1e37-a00a-e21284ce265b" executionId="39c7c45c-acdb-4743-9a37-8f36f8662d3b" testListId="8c84fa94-04c1-424b-9868-57a2d4851a1d" />
    <TestEntry testId="0c81c8d2-5b34-01f9-4916-14e860679bfe" executionId="ab206707-22fd-4b92-8f51-0525b6dfda00" testListId="8c84fa94-04c1-424b-9868-57a2d4851a1d" />
    <TestEntry testId="230e1e23-a8f6-7ac5-0938-0ce23eabf420" executionId="21bc8010-1c2a-466e-89e6-e5bc8bf0bad8" testListId="8c84fa94-04c1-424b-9868-57a2d4851a1d" />
    <TestEntry testId="79d9531c-e009-9169-2cbc-ceab51e47aa5" executionId="a770cff1-5709-462d-b7f4-b4ea6761269b" testListId="8c84fa94-04c1-424b-9868-57a2d4851a1d" />
    <TestEntry testId="b260e8fd-b664-9d96-9944-4c7dd9ae1851" executionId="74cb2729-26df-439e-aea6-d7a6bcaf4fa2" testListId="8c84fa94-04c1-424b-9868-57a2d4851a1d" />
    <TestEntry testId="5d5f3f94-f47b-3420-095f-ee592218e6de" executionId="70aab9b8-3e23-4a3c-8bb3-11ead982cfb5" testListId="8c84fa94-04c1-424b-9868-57a2d4851a1d" />
    <TestEntry testId="5c2754e4-1c80-78fc-5cc7-dfd05e800cc5" executionId="f6b5fa59-1192-4366-8236-43ab0caabfd0" testListId="8c84fa94-04c1-424b-9868-57a2d4851a1d" />
    <TestEntry testId="ba6a31a5-f6b4-cabf-4787-f1e219c63249" executionId="3190acb3-f498-4193-bcae-42579130b7fa" testListId="8c84fa94-04c1-424b-9868-57a2d4851a1d" />
    <TestEntry testId="31ad7a80-5373-effd-b719-cfe8b75a74c8" executionId="10afe406-3020-4a52-b143-09660bddeff4" testListId="8c84fa94-04c1-424b-9868-57a2d4851a1d" />
    <TestEntry testId="a1a708d6-4e5d-1cbd-caa6-7047836e6788" executionId="1b7a6539-af03-4e48-a699-e68883c8e64c" testListId="8c84fa94-04c1-424b-9868-57a2d4851a1d" />
    <TestEntry testId="72e1721e-ca6c-63c9-59ef-8aef6ff15353" executionId="77bfcd6a-f754-4dc2-8f76-01cacbd542f7" testListId="8c84fa94-04c1-424b-9868-57a2d4851a1d" />
    <TestEntry testId="8dcae478-7176-db28-16c0-e91e0d918df3" executionId="02612e45-4a2f-4e7a-82c3-1a6dbe899859" testListId="8c84fa94-04c1-424b-9868-57a2d4851a1d" />
    <TestEntry testId="6df0d294-6a13-f132-5a30-674e429b0930" executionId="dfa403d5-b7f1-451f-9cae-11e415b85243" testListId="8c84fa94-04c1-424b-9868-57a2d4851a1d" />
    <TestEntry testId="2903f8f9-605c-f4a1-c251-e272e8faf58d" executionId="716eadb7-ca63-46fc-973a-715c278ea86c" testListId="8c84fa94-04c1-424b-9868-57a2d4851a1d" />
    <TestEntry testId="1e915730-ab57-9b1e-994b-24cc1c98dc55" executionId="ef6ded26-f8b6-4adc-ad0e-fb3b722b6efb" testListId="8c84fa94-04c1-424b-9868-57a2d4851a1d" />
    <TestEntry testId="c24ecee8-9b5d-eb63-8afc-f2b0a38b7a72" executionId="33cf91d0-67e8-450f-878e-9b08a7d5e7bb" testListId="8c84fa94-04c1-424b-9868-57a2d4851a1d" />
    <TestEntry testId="681b18e6-8ac3-1647-8149-58844d19cdf1" executionId="68132aa4-f7a7-4e23-8cd1-eba410e5bd99" testListId="8c84fa94-04c1-424b-9868-57a2d4851a1d" />
    <TestEntry testId="04127ca2-1b44-60f0-2ddc-d2453cd48c79" executionId="ae510998-19a1-4658-83d4-b0d226a04e90" testListId="8c84fa94-04c1-424b-9868-57a2d4851a1d" />
    <TestEntry testId="ed2c7eae-4b8e-1a77-ee79-03d5fbd59f41" executionId="cd6404fa-d840-4c9a-a51d-9afd908eb023" testListId="8c84fa94-04c1-424b-9868-57a2d4851a1d" />
    <TestEntry testId="b4c4dec7-1c5b-811f-ea83-760608d514fd" executionId="d25d0455-90a7-4176-babb-cffa515c2933" testListId="8c84fa94-04c1-424b-9868-57a2d4851a1d" />
    <TestEntry testId="ab963705-3e28-cc1d-5bf1-a88ea216bc34" executionId="a67b1fe7-a902-429c-8cc9-51bbdf7e912e" testListId="8c84fa94-04c1-424b-9868-57a2d4851a1d" />
    <TestEntry testId="1fe96cd6-e80d-4fd9-dedb-226c16d9375d" executionId="84706b9c-9472-4eae-8b7d-07bb2c6db3a9" testListId="8c84fa94-04c1-424b-9868-57a2d4851a1d" />
    <TestEntry testId="33ba7c37-d825-e74e-e294-1a6f561fb224" executionId="dcb5c029-1462-4f8f-ac23-9a90b6e50e3c" testListId="8c84fa94-04c1-424b-9868-57a2d4851a1d" />
    <TestEntry testId="b28ab50d-11be-d323-527c-bc8feda9af8a" executionId="05805fbc-de00-43d8-960e-24fc64e82315" testListId="8c84fa94-04c1-424b-9868-57a2d4851a1d" />
    <TestEntry testId="028a745a-d396-f185-341f-56b2c46b3ca2" executionId="e794eed8-8078-49b5-92b3-4b1daa8b9e4a" testListId="8c84fa94-04c1-424b-9868-57a2d4851a1d" />
    <TestEntry testId="f54965f2-1519-0721-6d19-cf1386c23793" executionId="34b3c1ea-1f97-4d3d-97e9-f6c14370372c" testListId="8c84fa94-04c1-424b-9868-57a2d4851a1d" />
    <TestEntry testId="6dcc8842-a927-f371-cf06-32198da79abc" executionId="2e42f444-e900-49e2-afcc-f8729275e26f" testListId="8c84fa94-04c1-424b-9868-57a2d4851a1d" />
    <TestEntry testId="95359d07-8287-2be5-3354-cb2f7f60a3bf" executionId="c72cf7d4-c71d-4387-976e-0d1cc8f430ac" testListId="8c84fa94-04c1-424b-9868-57a2d4851a1d" />
    <TestEntry testId="0af3eea6-5817-a867-a6c4-92fe1e3e316c" executionId="8eb10341-b002-461d-ae03-1194e854ce3b" testListId="8c84fa94-04c1-424b-9868-57a2d4851a1d" />
    <TestEntry testId="0a8dd3d5-59e9-8093-402f-f8fc213265ce" executionId="ea4ba15c-5de8-4051-bdce-23f43b5701a4" testListId="8c84fa94-04c1-424b-9868-57a2d4851a1d" />
    <TestEntry testId="85835fd9-2c0e-82ff-767f-a5379021f4f3" executionId="bc9efd17-1f6a-4264-9bae-cafc0a23f2c7" testListId="8c84fa94-04c1-424b-9868-57a2d4851a1d" />
    <TestEntry testId="c9010c04-7ef0-ce4b-7d42-778e915f5883" executionId="b6d693ae-489d-4dd1-aabd-b91a7349d680" testListId="8c84fa94-04c1-424b-9868-57a2d4851a1d" />
    <TestEntry testId="b4f18443-22cf-826b-3478-6d5f920e371c" executionId="4ddd169c-9b8a-4377-9c6e-365411f7b631" testListId="8c84fa94-04c1-424b-9868-57a2d4851a1d" />
    <TestEntry testId="b093b261-89e9-1453-0b15-6960031e6c14" executionId="f00ca124-196f-4b02-80a9-38325965c8b1" testListId="8c84fa94-04c1-424b-9868-57a2d4851a1d" />
    <TestEntry testId="8783f986-8eac-ac9c-2b17-d1518f607836" executionId="62defcfe-4c44-4643-be8c-032361b1b628" testListId="8c84fa94-04c1-424b-9868-57a2d4851a1d" />
    <TestEntry testId="9e60da1f-2da8-eacc-63f9-9c91b8a7e042" executionId="1d4c2081-eb05-4c45-be16-5742c02f2bff" testListId="8c84fa94-04c1-424b-9868-57a2d4851a1d" />
    <TestEntry testId="0ced2539-ec58-b3a8-188d-e014bf456555" executionId="87fcc799-15e3-481f-b907-32dfe31e3edf" testListId="8c84fa94-04c1-424b-9868-57a2d4851a1d" />
    <TestEntry testId="e6cc0868-2b09-9996-1473-6fd522e2da29" executionId="800a8cd5-0b0d-404e-bf8f-7687634bbc35" testListId="8c84fa94-04c1-424b-9868-57a2d4851a1d" />
    <TestEntry testId="c1457a00-5932-b692-d468-5af96619c895" executionId="44df7b0c-50d4-4838-b2b0-6b6d3957077d" testListId="8c84fa94-04c1-424b-9868-57a2d4851a1d" />
    <TestEntry testId="f2b68a15-ef7c-c26b-ffdd-eb9ae7067bca" executionId="cb1fe297-cf99-4f78-ac0e-38508fe5f121" testListId="8c84fa94-04c1-424b-9868-57a2d4851a1d" />
    <TestEntry testId="7c3ffa01-e97c-2ed2-ce73-5d584269f0e2" executionId="6b7cedb1-c7fa-4472-a4f0-9b0224e46b13" testListId="8c84fa94-04c1-424b-9868-57a2d4851a1d" />
    <TestEntry testId="a2cb1a23-585c-77f0-4371-0762318d91ff" executionId="7cee982f-f4bb-4009-a7ad-4c0c1e0e472a" testListId="8c84fa94-04c1-424b-9868-57a2d4851a1d" />
    <TestEntry testId="b7f26b3d-6733-f07e-6f15-9b6ddb83ad50" executionId="48e61c05-e958-48b3-9cc5-1b433eb1e72d" testListId="8c84fa94-04c1-424b-9868-57a2d4851a1d" />
    <TestEntry testId="0b4d877e-fce2-536e-a6f4-e4fbe4e6e47c" executionId="8788ca15-f609-4ba7-8e1c-c5b8308c32c4" testListId="8c84fa94-04c1-424b-9868-57a2d4851a1d" />
    <TestEntry testId="8e844c73-d78c-9c16-d82a-bbf068ddf1ce" executionId="18687579-25f4-4d1a-bf9a-efbae6d73eed" testListId="8c84fa94-04c1-424b-9868-57a2d4851a1d" />
    <TestEntry testId="f15540c1-ce27-2f60-c3f9-161af09be8cd" executionId="f1ea9141-b354-4397-bd0c-84d09499793b" testListId="8c84fa94-04c1-424b-9868-57a2d4851a1d" />
    <TestEntry testId="3fa3f1d2-90bc-c93b-b647-8aef449b689a" executionId="a0439568-e8ad-49f7-bcc7-ab92c850f0b3" testListId="8c84fa94-04c1-424b-9868-57a2d4851a1d" />
    <TestEntry testId="3d5d455f-8b5b-9efe-5bfb-ffa440cd9adb" executionId="0e0e0f9b-9290-4741-8428-f3f19dc63748" testListId="8c84fa94-04c1-424b-9868-57a2d4851a1d" />
    <TestEntry testId="b2d498a1-af9b-33b8-aa18-e8644e9da7f1" executionId="6f0b7ade-65a3-480c-b3b1-2036d4b97d30" testListId="8c84fa94-04c1-424b-9868-57a2d4851a1d" />
    <TestEntry testId="ae81390e-96a7-cf30-3a99-7ea7ca8436a2" executionId="6d40235b-a5ad-4509-af56-faa1a386b328" testListId="8c84fa94-04c1-424b-9868-57a2d4851a1d" />
    <TestEntry testId="18167db3-c21a-1968-f83d-cf6f5b58219d" executionId="c13c3a46-41e1-40c8-80ad-260dcab7539e" testListId="8c84fa94-04c1-424b-9868-57a2d4851a1d" />
    <TestEntry testId="0a42a686-a011-6952-a95e-fae33dbe0b19" executionId="ecf49c9c-4345-4250-aaf6-1e53f15b10bf" testListId="8c84fa94-04c1-424b-9868-57a2d4851a1d" />
    <TestEntry testId="6bf29abc-b7d1-2681-6ab5-01a37d1208f2" executionId="734bf28a-a9ba-4120-b8a9-8e08283d40de" testListId="8c84fa94-04c1-424b-9868-57a2d4851a1d" />
    <TestEntry testId="8491f0a3-ed14-5fdd-d64c-af335660b6b8" executionId="75616ba3-c672-4bc2-96f3-0ad0a73ca587" testListId="8c84fa94-04c1-424b-9868-57a2d4851a1d" />
    <TestEntry testId="31031da7-a7ef-21d8-df85-bc08b8725f11" executionId="2bbcb56e-d970-4a82-a867-cb09d919335f" testListId="8c84fa94-04c1-424b-9868-57a2d4851a1d" />
    <TestEntry testId="127fb78e-ed01-3534-55cd-9f963056d67f" executionId="9b882557-c7f9-4ef9-81e4-2fb299029072" testListId="8c84fa94-04c1-424b-9868-57a2d4851a1d" />
    <TestEntry testId="4efa35ac-3125-a521-7208-253d92298a56" executionId="dfbdf748-2b5e-46b2-a1e6-587d6911b023" testListId="8c84fa94-04c1-424b-9868-57a2d4851a1d" />
    <TestEntry testId="5e1c3933-e4f7-a4af-71e7-871c86d36adf" executionId="06baae19-d133-4a53-b870-d591747e9213" testListId="8c84fa94-04c1-424b-9868-57a2d4851a1d" />
    <TestEntry testId="248dc14a-7b24-2159-ea3a-30144e961aa7" executionId="ba03bce3-9be9-42ee-9b9b-f88fe139d5f5" testListId="8c84fa94-04c1-424b-9868-57a2d4851a1d" />
    <TestEntry testId="ff8ddb46-4b79-2ee0-2d36-ef22ba3dcd81" executionId="9fc76e94-0b9b-4aab-a236-a98f64b0d50a" testListId="8c84fa94-04c1-424b-9868-57a2d4851a1d" />
    <TestEntry testId="c6463145-e835-b32e-9815-611f61fa5540" executionId="2283ab71-8234-47c0-a917-94885ead75e8" testListId="8c84fa94-04c1-424b-9868-57a2d4851a1d" />
    <TestEntry testId="ecb76390-c6f7-bfa0-1a99-45634c606ddc" executionId="61b2d092-3541-45fd-ac6f-c28062bc385f" testListId="8c84fa94-04c1-424b-9868-57a2d4851a1d" />
    <TestEntry testId="f4a097ad-04f4-9e9c-b96f-49eb0101bd6d" executionId="dd1fb96a-1818-422c-a531-43cb53eeaed3" testListId="8c84fa94-04c1-424b-9868-57a2d4851a1d" />
    <TestEntry testId="65d35c13-0e19-06e3-2b90-fbf07f6234bd" executionId="2d933f11-24c3-418a-ab68-4781cebc29ae" testListId="8c84fa94-04c1-424b-9868-57a2d4851a1d" />
    <TestEntry testId="537f8fc0-34c4-479b-bc61-34b31d069aae" executionId="ee706248-53ed-4bfe-8a17-204dd7f6fdc8" testListId="8c84fa94-04c1-424b-9868-57a2d4851a1d" />
    <TestEntry testId="5a63deb4-703f-d2ca-862c-112038163809" executionId="98e190d5-5200-48b5-bfd7-8465d4cc238a" testListId="8c84fa94-04c1-424b-9868-57a2d4851a1d" />
    <TestEntry testId="45dd66f1-81ef-9e8c-d39f-69c657dd300a" executionId="47c4f126-c104-4de5-9d27-95e39996eb5e" testListId="8c84fa94-04c1-424b-9868-57a2d4851a1d" />
    <TestEntry testId="459b3c16-63b4-fc77-bb08-22086969eb93" executionId="49d06d61-7f21-4953-ad77-5e3086b00aea" testListId="8c84fa94-04c1-424b-9868-57a2d4851a1d" />
    <TestEntry testId="7704532e-ccf9-d396-cd75-b7b2cb63c0e8" executionId="c672678d-c640-413a-9b87-13fa459c35ff" testListId="8c84fa94-04c1-424b-9868-57a2d4851a1d" />
    <TestEntry testId="68224de9-ccec-a0b7-c8a8-a3c8c0c30259" executionId="e92ceab6-c0ac-4836-aa2d-fe5b61cd4c7a" testListId="8c84fa94-04c1-424b-9868-57a2d4851a1d" />
    <TestEntry testId="0eee54e7-397f-944e-60ad-576b256307cf" executionId="0aafaab2-be91-4220-8bc9-7f02a31e282a" testListId="8c84fa94-04c1-424b-9868-57a2d4851a1d" />
    <TestEntry testId="d2e288cb-5b2d-9b97-c7c0-aed9f363013c" executionId="75528677-3a1d-4eb1-a56d-f3998e23491d" testListId="8c84fa94-04c1-424b-9868-57a2d4851a1d" />
    <TestEntry testId="6517f205-88c6-f2fb-89fe-a931711e4343" executionId="f788528b-02ad-4605-93c9-422891ccda20" testListId="8c84fa94-04c1-424b-9868-57a2d4851a1d" />
    <TestEntry testId="6b6f1069-86c1-e08a-6926-d89a012b7b47" executionId="37a74e47-823f-4ce0-953d-a0ef47e2c931" testListId="8c84fa94-04c1-424b-9868-57a2d4851a1d" />
    <TestEntry testId="f7339f67-966a-9543-e542-56a7562f05ad" executionId="4bef526a-8dc6-4ff8-a584-c2e4409af96e" testListId="8c84fa94-04c1-424b-9868-57a2d4851a1d" />
    <TestEntry testId="daa9a8b5-17c1-3a27-8cd4-720e13369df8" executionId="6781034e-4990-42aa-b7da-09fc9d73d6c2" testListId="8c84fa94-04c1-424b-9868-57a2d4851a1d" />
    <TestEntry testId="0095ae63-2136-ec44-562f-f92a8a9ed8f7" executionId="a84075d8-c099-4b0f-addb-ddace22fc055" testListId="8c84fa94-04c1-424b-9868-57a2d4851a1d" />
    <TestEntry testId="ff400e5b-d8ea-836f-c081-66cfe2473c87" executionId="fb0015bc-5a94-44c3-b970-e4ec17a0889c" testListId="8c84fa94-04c1-424b-9868-57a2d4851a1d" />
    <TestEntry testId="df98a0bb-288a-f0a3-8af8-186ed72a3b48" executionId="75058b72-d7a4-4048-afc5-a2ebdfb0b6ca" testListId="8c84fa94-04c1-424b-9868-57a2d4851a1d" />
    <TestEntry testId="1385f442-8d64-2443-1088-0b70bf667165" executionId="f55a26f9-70e8-4b99-b20a-65ebf203e125" testListId="8c84fa94-04c1-424b-9868-57a2d4851a1d" />
    <TestEntry testId="97d8215e-c1fc-21f7-065d-165363a0a007" executionId="d512d236-66b0-465d-a3a3-5a825103e4e6" testListId="8c84fa94-04c1-424b-9868-57a2d4851a1d" />
    <TestEntry testId="e1c5523d-f177-82aa-b8ad-0ce279495eeb" executionId="44f1a177-2870-4ebb-8670-41b48bf48e08" testListId="8c84fa94-04c1-424b-9868-57a2d4851a1d" />
    <TestEntry testId="dfaf8cc8-6c50-9b2f-464a-6475c413ade9" executionId="2a0821c6-3fe2-4975-9e93-3c07b53389bb" testListId="8c84fa94-04c1-424b-9868-57a2d4851a1d" />
    <TestEntry testId="b16fb8e5-3fa9-845c-9c70-ee0c0d261e2c" executionId="eb093800-377f-4c6d-8bc1-c12cc427fdc8" testListId="8c84fa94-04c1-424b-9868-57a2d4851a1d" />
    <TestEntry testId="6590b071-f8b2-e4e3-3b40-027135dfc051" executionId="44def5f3-9575-4ae0-8f8c-3a06cc8be58d" testListId="8c84fa94-04c1-424b-9868-57a2d4851a1d" />
    <TestEntry testId="5ecde283-9d6a-9ecb-81fe-93b9560f7b73" executionId="bc0b7d42-b1f3-4aea-942f-5a7bb18eb568" testListId="8c84fa94-04c1-424b-9868-57a2d4851a1d" />
    <TestEntry testId="4e1f3ab2-e30f-84ab-8c3f-ffbda0a749a7" executionId="7e11c2d6-618a-4370-a3d8-a8699d3777d3" testListId="8c84fa94-04c1-424b-9868-57a2d4851a1d" />
    <TestEntry testId="688da5e9-d12f-3e2c-c7dd-72c1a87d6a78" executionId="166a293d-5a40-4f16-b4d4-533e746af377" testListId="8c84fa94-04c1-424b-9868-57a2d4851a1d" />
    <TestEntry testId="71aa02e1-e075-142b-97e5-961b91ee4f3d" executionId="974aa90d-e810-444e-81c0-523a0bd35df4" testListId="8c84fa94-04c1-424b-9868-57a2d4851a1d" />
    <TestEntry testId="f1ddd1cb-937b-c6a5-5626-287e7f18daa2" executionId="27843b81-9fa7-4380-83fd-64e3f9a4c613" testListId="8c84fa94-04c1-424b-9868-57a2d4851a1d" />
    <TestEntry testId="3ca4075a-a7fb-92a5-3a91-aefa25efbece" executionId="11e6077a-8523-4d0f-a634-b08c0bef98f5" testListId="8c84fa94-04c1-424b-9868-57a2d4851a1d" />
    <TestEntry testId="1006d1f0-5b29-3f16-0e5d-80a2a40c26e6" executionId="5b8e2bbe-6b06-4ea7-945f-b65471d33896" testListId="8c84fa94-04c1-424b-9868-57a2d4851a1d" />
    <TestEntry testId="908bbb79-500c-f673-c8f4-2e8bf73bce40" executionId="acbf04d0-703e-453e-9e73-1abe38a47044" testListId="8c84fa94-04c1-424b-9868-57a2d4851a1d" />
    <TestEntry testId="0010af2c-264b-9fa0-ca85-4bef95661f34" executionId="1ec67080-15ad-4430-bd48-9a6840fcd5e3" testListId="8c84fa94-04c1-424b-9868-57a2d4851a1d" />
    <TestEntry testId="af73f199-441a-68ae-4898-efc1663c19b9" executionId="c1bf549d-6300-4d1e-90ff-6433dbe30099" testListId="8c84fa94-04c1-424b-9868-57a2d4851a1d" />
    <TestEntry testId="6741f227-11b2-eae5-6fc9-c96d18a30eb3" executionId="bc522814-bdce-4556-ba0f-38ca65860c77" testListId="8c84fa94-04c1-424b-9868-57a2d4851a1d" />
    <TestEntry testId="b5a6747d-aa6b-3b3a-779c-c378aea09cd8" executionId="b1ce5632-c7e1-481a-b061-54d4d1431227" testListId="8c84fa94-04c1-424b-9868-57a2d4851a1d" />
    <TestEntry testId="ccb01d77-9abe-d52e-f6b1-1f27fb49d5d4" executionId="50b589a4-e05e-4846-874f-85b50fa86cad" testListId="8c84fa94-04c1-424b-9868-57a2d4851a1d" />
    <TestEntry testId="8b7f95f5-c5ec-10c0-26ff-eb4390bba1ee" executionId="029eecc7-5a3b-4725-93d8-a1d423f37e48" testListId="8c84fa94-04c1-424b-9868-57a2d4851a1d" />
    <TestEntry testId="364fda16-bd4c-3aa8-1597-b73653a15603" executionId="282bd23b-c8f9-48b9-8e09-2c3c8eea98c3" testListId="8c84fa94-04c1-424b-9868-57a2d4851a1d" />
    <TestEntry testId="f1679d4a-b856-7d51-628e-8f29c288c7ca" executionId="01991545-178f-4537-9695-8a06679cde72" testListId="8c84fa94-04c1-424b-9868-57a2d4851a1d" />
    <TestEntry testId="1c506770-d4ff-94e1-aa2e-f8d5ecc5a897" executionId="680c5867-6453-4775-af98-45597c869d5b" testListId="8c84fa94-04c1-424b-9868-57a2d4851a1d" />
    <TestEntry testId="c0cf2cb3-44c7-373b-4b04-bf5ce7678b68" executionId="f60d27d5-ad1e-49a1-ac32-5416329378f1" testListId="8c84fa94-04c1-424b-9868-57a2d4851a1d" />
    <TestEntry testId="a5736665-a659-170c-f088-df8850eec8a7" executionId="a0372525-991f-48e1-b38b-99fdcb049cdc" testListId="8c84fa94-04c1-424b-9868-57a2d4851a1d" />
    <TestEntry testId="cae25fb7-b977-eb51-0588-bf026d38b145" executionId="45cad504-711c-4bc0-8f9d-5d7af5c85711" testListId="8c84fa94-04c1-424b-9868-57a2d4851a1d" />
    <TestEntry testId="b805cea1-9061-e180-4bd1-a6b18b6307ab" executionId="cea1ea1b-dd0a-4de8-8f13-e4d20f4cab01" testListId="8c84fa94-04c1-424b-9868-57a2d4851a1d" />
    <TestEntry testId="48480e6e-913f-e95b-4a6c-465d36475b6a" executionId="a721c525-6de1-495e-ad19-cdc5c8d9ae24" testListId="8c84fa94-04c1-424b-9868-57a2d4851a1d" />
    <TestEntry testId="73278ab4-3d1d-b883-d827-3ea861390441" executionId="b0e860d0-915c-4915-87ad-ab1c2604d9ef" testListId="8c84fa94-04c1-424b-9868-57a2d4851a1d" />
    <TestEntry testId="d6af606e-af1d-b77f-4ce0-c1f6556a4ce0" executionId="0df6f4f1-6bdf-46f0-b085-df710ee390d8" testListId="8c84fa94-04c1-424b-9868-57a2d4851a1d" />
    <TestEntry testId="fb66f3c8-a00d-4cfa-eac4-abc207e2c602" executionId="fad01720-2a82-4289-b2e8-d28cc67405d0" testListId="8c84fa94-04c1-424b-9868-57a2d4851a1d" />
    <TestEntry testId="31d901d5-0ee4-8f4e-13ca-73133c8afccc" executionId="cfa6e26d-edd4-4dc3-9504-79963cdf76d7" testListId="8c84fa94-04c1-424b-9868-57a2d4851a1d" />
    <TestEntry testId="11e8e2ed-c8a3-dabc-7293-c381795c9796" executionId="c1ac7b9a-0990-46a3-af26-ea9df62c4421" testListId="8c84fa94-04c1-424b-9868-57a2d4851a1d" />
    <TestEntry testId="abc33cd0-29a9-07f5-4aa9-4d70e8dec4a4" executionId="c627168d-39cd-420d-8eec-2724086611b8" testListId="8c84fa94-04c1-424b-9868-57a2d4851a1d" />
    <TestEntry testId="d6ed6531-54c3-2edf-18c7-ddb0279f678b" executionId="e1d84133-338b-40ab-9a03-5865f6ed7ede" testListId="8c84fa94-04c1-424b-9868-57a2d4851a1d" />
    <TestEntry testId="1f9cd9ca-f1cd-430d-8d80-74a061c9ac45" executionId="5c3b6394-1295-410f-8d39-2dd0951d4dd4" testListId="8c84fa94-04c1-424b-9868-57a2d4851a1d" />
    <TestEntry testId="cb98657e-ea81-1d6a-4868-0d493c1098f6" executionId="4a184130-5280-479d-9359-66d324f97c9b" testListId="8c84fa94-04c1-424b-9868-57a2d4851a1d" />
    <TestEntry testId="38efd0dd-942e-1575-95b3-c2474aa164b9" executionId="82b01012-cf98-4cba-b59b-5a112bda4883" testListId="8c84fa94-04c1-424b-9868-57a2d4851a1d" />
    <TestEntry testId="4dd76fcc-f663-2688-f7a4-a439b3a5cf01" executionId="6b0a0932-4ab4-421b-876f-01247b1433c4" testListId="8c84fa94-04c1-424b-9868-57a2d4851a1d" />
    <TestEntry testId="9feffc56-b6c3-64a3-e834-86f62ce8266d" executionId="bd30af56-cb3e-436c-87c1-11d21552bba3" testListId="8c84fa94-04c1-424b-9868-57a2d4851a1d" />
    <TestEntry testId="3a74380b-5761-efcc-d80f-84990cb62b27" executionId="80199b70-57ce-410e-9d31-ad07b5e350f0" testListId="8c84fa94-04c1-424b-9868-57a2d4851a1d" />
    <TestEntry testId="eca8de8b-49e2-07c6-8662-27843e169d09" executionId="7cbc8601-0761-4464-8ba9-0941c19fd6fa" testListId="8c84fa94-04c1-424b-9868-57a2d4851a1d" />
    <TestEntry testId="c74f6017-9eb9-5854-4b62-c26b4cabe787" executionId="5d8ab517-a221-423f-946c-ef1941bbcac2" testListId="8c84fa94-04c1-424b-9868-57a2d4851a1d" />
    <TestEntry testId="2732f008-e7e8-d754-7384-c116f008d613" executionId="f178f08d-8543-4f04-a735-0fd7fce8d8c7" testListId="8c84fa94-04c1-424b-9868-57a2d4851a1d" />
    <TestEntry testId="bc63b05b-4f30-8c10-7b75-77e26fb38256" executionId="3d75d6a9-98c1-4ec8-aa75-cba72ef024a6" testListId="8c84fa94-04c1-424b-9868-57a2d4851a1d" />
    <TestEntry testId="744b047e-9ee3-164d-c478-0183e3fd850c" executionId="136ed2de-ca7a-4e4a-ba1a-66a472b45008" testListId="8c84fa94-04c1-424b-9868-57a2d4851a1d" />
    <TestEntry testId="e8631f54-2451-193b-aa4f-8be567b318eb" executionId="314efff7-3f27-4b98-9764-82bb432565f1" testListId="8c84fa94-04c1-424b-9868-57a2d4851a1d" />
    <TestEntry testId="c34ab70e-c13b-c0d3-f6b8-6dc84da0bd17" executionId="ba6bcb85-5822-412d-b60a-82eabeeaacf2" testListId="8c84fa94-04c1-424b-9868-57a2d4851a1d" />
    <TestEntry testId="020066de-5c14-b477-efe9-293da5e965f0" executionId="153ce63e-6978-4fd3-bd12-8c3eb64c91ad" testListId="8c84fa94-04c1-424b-9868-57a2d4851a1d" />
    <TestEntry testId="31b9c4ce-6a9b-3b29-d842-ab748e7d275b" executionId="1e7c9d4e-7de8-49b9-8749-59f5e6228a91" testListId="8c84fa94-04c1-424b-9868-57a2d4851a1d" />
    <TestEntry testId="99085e4f-7a45-28dd-d73e-76b910959f1c" executionId="fae9425f-c71c-4494-be09-294529f5f58f" testListId="8c84fa94-04c1-424b-9868-57a2d4851a1d" />
    <TestEntry testId="5b2fabb4-e059-962c-348f-3355cdc7486e" executionId="64c1ab97-7a3b-4898-b84a-bb1e9bab33fb" testListId="8c84fa94-04c1-424b-9868-57a2d4851a1d" />
    <TestEntry testId="fe704e3e-6170-ffae-ef99-e24643abf4f9" executionId="b2f66280-bd27-4c3b-bc39-70c500837670" testListId="8c84fa94-04c1-424b-9868-57a2d4851a1d" />
    <TestEntry testId="07878353-6799-84f6-4a3b-1ffc56ae1d1d" executionId="1fec9f4f-5adc-4177-a71f-2fbd0a0415f2" testListId="8c84fa94-04c1-424b-9868-57a2d4851a1d" />
    <TestEntry testId="91ef764f-6920-57e2-1ea1-d9fdc62e8142" executionId="a7cb7f7e-ad05-4ec0-9c8d-357964c6e057" testListId="8c84fa94-04c1-424b-9868-57a2d4851a1d" />
    <TestEntry testId="75e6c444-bc3b-aad1-8b9e-9567096a44b9" executionId="883b0444-8e56-4a50-b5e3-776ec1a16d04" testListId="8c84fa94-04c1-424b-9868-57a2d4851a1d" />
    <TestEntry testId="40be92cf-d13e-6e4d-cafb-3ad22a6b9f7e" executionId="66b456d4-38b6-4354-afaa-a2251dc77806" testListId="8c84fa94-04c1-424b-9868-57a2d4851a1d" />
    <TestEntry testId="5a93f8c6-dddb-38ff-5f2b-b7e5cc3ddb6a" executionId="f62acbae-de25-43d9-9ed5-253ea359cbcf" testListId="8c84fa94-04c1-424b-9868-57a2d4851a1d" />
    <TestEntry testId="d2be2dc8-81b6-46cb-cbba-3709ad4b1996" executionId="46184f91-c37c-4ad3-9ff0-1227ecc7bd71" testListId="8c84fa94-04c1-424b-9868-57a2d4851a1d" />
    <TestEntry testId="5d6a5449-fc3a-dea9-163b-dec74b3dd1b9" executionId="be4bac5e-5448-4651-9ae9-141d2f41de75" testListId="8c84fa94-04c1-424b-9868-57a2d4851a1d" />
    <TestEntry testId="54bc6f9e-1b35-cac3-f6ab-e594cab0fa7a" executionId="e88c5b50-3fa8-47c7-8d31-c600acec34d4" testListId="8c84fa94-04c1-424b-9868-57a2d4851a1d" />
    <TestEntry testId="491a28af-9dc3-1b63-07e3-54fe5ff8a2ad" executionId="f80d97c3-a451-410d-9e5d-1e904d26654a" testListId="8c84fa94-04c1-424b-9868-57a2d4851a1d" />
    <TestEntry testId="61cb44e8-f4b9-17e3-5cff-1fc9b36625bf" executionId="2c5dbef8-0b04-4889-aa98-d36b201cafc9" testListId="8c84fa94-04c1-424b-9868-57a2d4851a1d" />
    <TestEntry testId="56913f03-b8f6-5435-d407-8c8e9508f433" executionId="0ef8a1ce-29e6-4dd3-ae54-12d37942fc95" testListId="8c84fa94-04c1-424b-9868-57a2d4851a1d" />
    <TestEntry testId="90529360-95e5-c60b-5727-b5fa7d491b19" executionId="042b6d00-5c57-4b57-92e3-2b07cec8a03a" testListId="8c84fa94-04c1-424b-9868-57a2d4851a1d" />
    <TestEntry testId="baa856d2-0f24-fb78-786f-66276d918a1d" executionId="1a1bd9a0-2736-4db4-9b3f-4c921482a693" testListId="8c84fa94-04c1-424b-9868-57a2d4851a1d" />
    <TestEntry testId="10e970c4-cd41-e630-0953-62de694a4cfc" executionId="4d46d5c9-d2f4-41f6-993b-1725df461366" testListId="8c84fa94-04c1-424b-9868-57a2d4851a1d" />
    <TestEntry testId="d5c3657d-a220-d2b1-57c9-e4353f6b9eb6" executionId="b39d58f3-b313-4c24-88fd-7bf640c811af" testListId="8c84fa94-04c1-424b-9868-57a2d4851a1d" />
    <TestEntry testId="caaa55d0-af40-7108-2d48-eb01bc500599" executionId="f272d7d2-bcf0-420a-b19b-ee7962bf51ce" testListId="8c84fa94-04c1-424b-9868-57a2d4851a1d" />
    <TestEntry testId="bfe24180-c0ac-b24a-c731-fe26d6138983" executionId="bdaf7c7c-1cdb-4aab-93c5-faa111ec6b9a" testListId="8c84fa94-04c1-424b-9868-57a2d4851a1d" />
    <TestEntry testId="847ca950-a5c5-d084-8e4e-ab9e67678604" executionId="5147b9af-2a03-4dfe-8608-97b493058ab6" testListId="8c84fa94-04c1-424b-9868-57a2d4851a1d" />
    <TestEntry testId="67b93cbf-4a61-71bd-d4ce-d603f3c3b311" executionId="be3d955d-bc74-46a8-9f82-a1a622d8e52c" testListId="8c84fa94-04c1-424b-9868-57a2d4851a1d" />
    <TestEntry testId="83514fd2-fce2-f5cf-b4b1-7b2bd8509222" executionId="9081275d-913c-4192-8b9e-e3960f1d4ef5" testListId="8c84fa94-04c1-424b-9868-57a2d4851a1d" />
    <TestEntry testId="4608b597-f016-aaeb-6cec-43c6a698815f" executionId="e406aca0-2716-40b1-acb3-a27ed40c18d5" testListId="8c84fa94-04c1-424b-9868-57a2d4851a1d" />
    <TestEntry testId="3b31ccce-844d-e8f4-84db-04ab2e64b9a7" executionId="73b35952-442e-4eec-bdf6-b3513d0e0512" testListId="8c84fa94-04c1-424b-9868-57a2d4851a1d" />
    <TestEntry testId="65e69234-8b4f-5c5d-4c39-26b683719c33" executionId="7bb60035-b495-4893-83ad-5421ed7e3d84" testListId="8c84fa94-04c1-424b-9868-57a2d4851a1d" />
    <TestEntry testId="db653531-1a7a-b4d6-7b77-97b13719461c" executionId="8fd66fc8-0c21-4949-b5b6-f4635cedcacf" testListId="8c84fa94-04c1-424b-9868-57a2d4851a1d" />
    <TestEntry testId="edd98930-a456-c16e-31c0-f98ab53f4169" executionId="24f9858a-4321-4580-ba9b-f17d70b51805" testListId="8c84fa94-04c1-424b-9868-57a2d4851a1d" />
    <TestEntry testId="9391af43-2aec-63c3-c456-eaf3d57ab573" executionId="07e75677-2ad9-4413-aa22-f13dda91c283" testListId="8c84fa94-04c1-424b-9868-57a2d4851a1d" />
    <TestEntry testId="b3d46dfa-7a62-d522-3960-5646d987d2b9" executionId="27e96dd8-ce8e-4b41-b3a2-bce9249d63ec" testListId="8c84fa94-04c1-424b-9868-57a2d4851a1d" />
    <TestEntry testId="042cc95e-2b44-fa19-b576-f75093af4b96" executionId="e9a25070-64f9-407b-9a3a-7108ad18fad7" testListId="8c84fa94-04c1-424b-9868-57a2d4851a1d" />
    <TestEntry testId="a309af81-dde2-6e24-4ef5-234d753b7352" executionId="1fccc74d-3ed9-40df-9a8f-14dd0022ef70" testListId="8c84fa94-04c1-424b-9868-57a2d4851a1d" />
    <TestEntry testId="4637cc44-56b0-2010-e4d2-4d7d6320ef09" executionId="de6291fc-cf93-4aac-ac86-966d5c7e74f7" testListId="8c84fa94-04c1-424b-9868-57a2d4851a1d" />
    <TestEntry testId="5f750d11-c899-aa88-cff9-6806fe46c3fe" executionId="c36edd68-bbaa-49fa-ba65-75b0260c64f9" testListId="8c84fa94-04c1-424b-9868-57a2d4851a1d" />
    <TestEntry testId="c0952508-ec1e-97b9-fe02-0c1a5085abd7" executionId="a7ee3718-4d9c-4da6-abe2-512ebed904bc" testListId="8c84fa94-04c1-424b-9868-57a2d4851a1d" />
    <TestEntry testId="ffe61818-02d5-371a-a7be-23a9f86c9cc7" executionId="cea35440-d650-4337-adc1-6cf4118cb360" testListId="8c84fa94-04c1-424b-9868-57a2d4851a1d" />
    <TestEntry testId="a50452b0-19e4-73e9-85e6-be9ac505f00e" executionId="685da20f-051f-4032-b2a0-44d3f64dff33" testListId="8c84fa94-04c1-424b-9868-57a2d4851a1d" />
    <TestEntry testId="836d8767-01df-4e15-8567-247721a23e4e" executionId="0dca30a2-9c9c-4468-ab0b-9093b5e79a5b" testListId="8c84fa94-04c1-424b-9868-57a2d4851a1d" />
    <TestEntry testId="3c1ea8ba-f2b4-a355-28eb-de4dee6b9be9" executionId="a3a8a80d-b7f3-474f-aef3-3ab9c5615d0e" testListId="8c84fa94-04c1-424b-9868-57a2d4851a1d" />
    <TestEntry testId="632872cf-9e7c-9970-9f88-5a4077b29ff5" executionId="3571f6b2-6e58-4ebf-8269-471bb79b5bc5" testListId="8c84fa94-04c1-424b-9868-57a2d4851a1d" />
    <TestEntry testId="c83faa4e-9cfa-b743-e7ea-a4956027273b" executionId="9e072928-67b5-470e-af5d-a0c44445e082" testListId="8c84fa94-04c1-424b-9868-57a2d4851a1d" />
    <TestEntry testId="4d5be905-ae12-4fb4-1d65-7b8d91a9be3a" executionId="c3f9c8cc-de24-44f6-a536-362bdbbf5d0b" testListId="8c84fa94-04c1-424b-9868-57a2d4851a1d" />
    <TestEntry testId="cb9f49fb-58b9-06a6-2d40-6492ed02487d" executionId="ab2a4fb3-a68e-4806-8360-ea18dade1fc9" testListId="8c84fa94-04c1-424b-9868-57a2d4851a1d" />
    <TestEntry testId="eb3e6893-2377-abc3-6bc4-b22d25b0ece8" executionId="0e162f56-abf8-4f08-bbae-75a3e6fe6d74" testListId="8c84fa94-04c1-424b-9868-57a2d4851a1d" />
    <TestEntry testId="f0b310a7-9bf9-fe2b-4bd1-bf05e954c540" executionId="60f195d3-386a-4e20-92d8-d88ce878b51d" testListId="8c84fa94-04c1-424b-9868-57a2d4851a1d" />
    <TestEntry testId="aef73524-5efd-2ad9-76a4-22b643281e1e" executionId="66a16561-a96a-4cb9-8a59-02882c803692" testListId="8c84fa94-04c1-424b-9868-57a2d4851a1d" />
    <TestEntry testId="273a20e0-541a-4005-532d-de3663197643" executionId="38ebc249-cdb6-4f4f-8fc3-5137020068a2" testListId="8c84fa94-04c1-424b-9868-57a2d4851a1d" />
    <TestEntry testId="69ed80be-ebbe-cd3a-42e2-f7807046c259" executionId="4c2bd9e9-4f63-43f9-a6c6-8decbf464943" testListId="8c84fa94-04c1-424b-9868-57a2d4851a1d" />
    <TestEntry testId="4fa0fe8a-60b4-1b4b-175d-a18573723ba2" executionId="0c18ea8c-78df-43f9-804b-63493579d523" testListId="8c84fa94-04c1-424b-9868-57a2d4851a1d" />
    <TestEntry testId="1fce28e8-5dee-1344-5678-0f5715c803f3" executionId="6d511c67-52f7-406c-b4a8-1c21688d3d9e" testListId="8c84fa94-04c1-424b-9868-57a2d4851a1d" />
    <TestEntry testId="814e8347-0675-e46f-9f33-cc6368c1ff3d" executionId="49e4061b-cd35-4a16-95c8-8d1b0a368235" testListId="8c84fa94-04c1-424b-9868-57a2d4851a1d" />
    <TestEntry testId="38b02068-987c-3dd3-28cd-9a07df85e95b" executionId="ccdb7651-57d5-42b6-9be7-dba2516bae96" testListId="8c84fa94-04c1-424b-9868-57a2d4851a1d" />
    <TestEntry testId="1462a569-77b7-fa7d-0148-09ce9f2428e8" executionId="e023001a-bc6f-4f7e-98e7-50008ee71ad6" testListId="8c84fa94-04c1-424b-9868-57a2d4851a1d" />
    <TestEntry testId="91970791-479f-53e8-256c-76fb4b85cf1d" executionId="0e35b682-fa10-4506-bd91-034a9815a969" testListId="8c84fa94-04c1-424b-9868-57a2d4851a1d" />
    <TestEntry testId="0d6a7c9f-244c-8d08-98f4-afd58838a2c2" executionId="73ec10f8-794d-4ef2-b81a-03ea4d6817fc" testListId="8c84fa94-04c1-424b-9868-57a2d4851a1d" />
    <TestEntry testId="5200e545-dbbb-62af-891d-31499a618a0e" executionId="bf18c8cc-2c18-4e2a-9b80-a1f0a4b8ce09" testListId="8c84fa94-04c1-424b-9868-57a2d4851a1d" />
    <TestEntry testId="0eb2cf4b-202a-2f21-374f-50b4b3adc607" executionId="3ce95ccb-6baa-4edb-8c83-242d81f9e974" testListId="8c84fa94-04c1-424b-9868-57a2d4851a1d" />
    <TestEntry testId="be135b72-4539-0e97-74d0-b204a763297e" executionId="d491f3c9-36e6-493b-afa1-11ce4134cffe" testListId="8c84fa94-04c1-424b-9868-57a2d4851a1d" />
    <TestEntry testId="b6d907a4-489e-cb15-8555-a5c35fcc0ce1" executionId="9ece73e5-59ab-41f3-9a2e-2b0ee2ea747c" testListId="8c84fa94-04c1-424b-9868-57a2d4851a1d" />
    <TestEntry testId="38b0259f-0bcb-8aec-4c3f-6a948a320426" executionId="4c310149-58fb-4f39-9435-2951a1fecea9" testListId="8c84fa94-04c1-424b-9868-57a2d4851a1d" />
    <TestEntry testId="875433a7-4993-f6c8-ae9e-010101b8ccc7" executionId="4b4b4716-fb04-4017-98be-e5b37e26c565" testListId="8c84fa94-04c1-424b-9868-57a2d4851a1d" />
    <TestEntry testId="5322a6b6-b1d1-4276-7a98-26cc05377b71" executionId="08d4c7fb-c0bb-4fbe-9db4-ccae983c4bdd" testListId="8c84fa94-04c1-424b-9868-57a2d4851a1d" />
    <TestEntry testId="aa0b789a-9fae-e4e5-e891-6c71af0ebd35" executionId="35d06ce6-80c7-4640-8ed2-2d4b330f8a63" testListId="8c84fa94-04c1-424b-9868-57a2d4851a1d" />
    <TestEntry testId="e63012a7-c6dd-105c-5599-46a75e19ac35" executionId="5500ff9a-710a-44e3-8cca-462ae71f04a2" testListId="8c84fa94-04c1-424b-9868-57a2d4851a1d" />
    <TestEntry testId="c3b1d717-2998-1634-887e-572d42236e5b" executionId="c15e9252-2333-4213-9fee-551f13f2e46e" testListId="8c84fa94-04c1-424b-9868-57a2d4851a1d" />
    <TestEntry testId="302cac3a-acd8-63e7-21fb-e5689524a492" executionId="af820450-99d2-4253-b8d2-4423bdc41d7b" testListId="8c84fa94-04c1-424b-9868-57a2d4851a1d" />
    <TestEntry testId="7a86c51e-006c-a65e-34c9-ff3a6b2ed4b5" executionId="ba67158e-af99-4a00-8122-907959cbe2a7" testListId="8c84fa94-04c1-424b-9868-57a2d4851a1d" />
    <TestEntry testId="2f6b6911-3bf0-1f4d-b85f-0561bbc969cd" executionId="2b78156d-5340-4acd-871a-da785775172f" testListId="8c84fa94-04c1-424b-9868-57a2d4851a1d" />
    <TestEntry testId="990c6bd9-75e3-e712-66e8-1d0bc8aed91c" executionId="8b9e36d5-4fd9-4b6a-a58b-ec84a52ed4fb" testListId="8c84fa94-04c1-424b-9868-57a2d4851a1d" />
    <TestEntry testId="75567229-1858-de57-219b-cfd8f4a7e8de" executionId="c1054a40-5a5e-42ae-a523-889b6b292a88" testListId="8c84fa94-04c1-424b-9868-57a2d4851a1d" />
    <TestEntry testId="28d201d7-5353-764b-c109-520fc030be51" executionId="1ea747d3-cac1-4d1b-9fb5-bf917bf4ebb3" testListId="8c84fa94-04c1-424b-9868-57a2d4851a1d" />
    <TestEntry testId="5105cd39-08d3-5cdf-e5e5-5aae2f2d51c8" executionId="0d731ace-83ff-4af4-b790-e17bdfb464e8" testListId="8c84fa94-04c1-424b-9868-57a2d4851a1d" />
    <TestEntry testId="b82e8809-4def-9359-7a57-795e7616c335" executionId="9cb79d93-17d7-4ecb-a129-ab748f16d8ab" testListId="8c84fa94-04c1-424b-9868-57a2d4851a1d" />
    <TestEntry testId="bfbcecbb-ebb0-4cc4-ba14-4fec10bfe400" executionId="54e7585d-4a7c-476f-8c76-dbdf0fc0b935" testListId="8c84fa94-04c1-424b-9868-57a2d4851a1d" />
    <TestEntry testId="241187d4-ddc3-99e8-1041-3b3411c6c907" executionId="0a9c880e-aa42-4dd4-9052-a0117bda8586" testListId="8c84fa94-04c1-424b-9868-57a2d4851a1d" />
    <TestEntry testId="8f731e1d-d266-da92-7f8a-593d1a2e36d6" executionId="0ee1d0f3-da14-4532-829e-f48f145f522e" testListId="8c84fa94-04c1-424b-9868-57a2d4851a1d" />
    <TestEntry testId="7c86c7d1-a9a4-3305-ae10-fdb7acd65489" executionId="6e5c569f-714c-4c70-8d2f-8801c0d159b6" testListId="8c84fa94-04c1-424b-9868-57a2d4851a1d" />
    <TestEntry testId="5e9f654f-dd64-8138-30a6-1dc5f11cf83a" executionId="7e72e1d5-6514-44b4-98da-2cc672ed9d14" testListId="8c84fa94-04c1-424b-9868-57a2d4851a1d" />
    <TestEntry testId="a75df869-b8ee-c89b-7cd3-025e83911294" executionId="fe023ccb-f2b7-4c39-9300-0b42803b615f" testListId="8c84fa94-04c1-424b-9868-57a2d4851a1d" />
    <TestEntry testId="0a0bc23b-0e81-f4f7-edb6-cfc0213b6904" executionId="3eb07423-4ff2-47ed-8977-c4f52b302500" testListId="8c84fa94-04c1-424b-9868-57a2d4851a1d" />
    <TestEntry testId="caf33f47-4d9c-c378-9883-273199a79b1e" executionId="6cc61af5-335b-4583-9762-5ba8a094d6f9" testListId="8c84fa94-04c1-424b-9868-57a2d4851a1d" />
    <TestEntry testId="4d07a1bc-a8d9-c223-fb28-a20fa9ce459f" executionId="68775559-4012-47fe-a2cd-e11487a62ebe" testListId="8c84fa94-04c1-424b-9868-57a2d4851a1d" />
    <TestEntry testId="156f5ebd-8a60-46f3-8ac8-18455127849a" executionId="1afed0f9-fd91-42fa-9cb2-8d1932764fa5" testListId="8c84fa94-04c1-424b-9868-57a2d4851a1d" />
    <TestEntry testId="2ff98558-45c2-21dd-60d2-e1efdde7c0a8" executionId="b54eaf86-5edb-4b89-b669-c0a6aa5f38b0" testListId="8c84fa94-04c1-424b-9868-57a2d4851a1d" />
    <TestEntry testId="e905c24a-e819-fe18-0852-b70c2080c17c" executionId="d8511c56-a587-4282-9302-0ce8326cfee1" testListId="8c84fa94-04c1-424b-9868-57a2d4851a1d" />
    <TestEntry testId="a735bc53-5ccf-d2d2-51e4-40be87eec2ab" executionId="9efa4d6b-77b8-4ca5-ba49-fc4b0ad80910" testListId="8c84fa94-04c1-424b-9868-57a2d4851a1d" />
    <TestEntry testId="3b87d198-4b64-d5ab-66c4-ae53f55f5bdf" executionId="19350487-b31c-4a57-b23d-dd97f6cceabb" testListId="8c84fa94-04c1-424b-9868-57a2d4851a1d" />
    <TestEntry testId="534fc948-8601-de40-7f94-04ae4333536f" executionId="77c1d17a-ea1a-47eb-9b2d-dd28ba74665d" testListId="8c84fa94-04c1-424b-9868-57a2d4851a1d" />
    <TestEntry testId="8fb0d924-6ca3-e44c-f26a-1c29eb5d30bd" executionId="73e0fb00-b94a-406b-b3b8-b581bea0c4be" testListId="8c84fa94-04c1-424b-9868-57a2d4851a1d" />
    <TestEntry testId="2154354b-9164-5585-480c-7dedd5c54210" executionId="d35e76c6-2c2b-4843-819e-f95df49e5d74" testListId="8c84fa94-04c1-424b-9868-57a2d4851a1d" />
    <TestEntry testId="d5ee81d6-78bc-115b-efec-5de38db0e38b" executionId="7f3b91a6-2486-4c7d-89d7-c7beb6cb278d" testListId="8c84fa94-04c1-424b-9868-57a2d4851a1d" />
    <TestEntry testId="c6cb5829-9900-78b4-ad40-ce24294fb2f7" executionId="6cf014ad-cf69-4aa7-a508-9a5030180b10" testListId="8c84fa94-04c1-424b-9868-57a2d4851a1d" />
    <TestEntry testId="14379ebb-9dd5-379e-3072-3bfd6770d049" executionId="12670368-7948-4c51-b1e4-f8c61132d637" testListId="8c84fa94-04c1-424b-9868-57a2d4851a1d" />
    <TestEntry testId="2b440940-2efe-cdba-d4a2-2746340ee3bc" executionId="fa60808a-c0cb-47b7-b19b-54dfca3d52fa" testListId="8c84fa94-04c1-424b-9868-57a2d4851a1d" />
    <TestEntry testId="3fa92d95-7719-c247-fd7d-28cef4c98170" executionId="47a9d732-46d8-4dee-964b-4ab01a5ade3c" testListId="8c84fa94-04c1-424b-9868-57a2d4851a1d" />
    <TestEntry testId="fa17089e-753f-5fa3-f3ed-36d704a8d2ac" executionId="81ac8bad-b450-42fe-948a-76a74111425a" testListId="8c84fa94-04c1-424b-9868-57a2d4851a1d" />
    <TestEntry testId="4753ba69-a929-b55c-7853-51519ca51301" executionId="1fe984b9-0c07-4d29-ba6b-8992b5c0575a" testListId="8c84fa94-04c1-424b-9868-57a2d4851a1d" />
    <TestEntry testId="5de12653-1f5a-24cb-5ff2-99601694fb1f" executionId="a97a8612-cebe-4d46-b366-2a0dc804975f" testListId="8c84fa94-04c1-424b-9868-57a2d4851a1d" />
    <TestEntry testId="0875efbb-c25e-506a-0639-785cadf1bec9" executionId="47144d0f-fadc-4e3d-bd91-7f1da76a5925" testListId="8c84fa94-04c1-424b-9868-57a2d4851a1d" />
    <TestEntry testId="35d446c0-f87b-db26-2eb6-ac470ed5efed" executionId="f08eef04-61d5-4544-ae30-1e93e04606dc" testListId="8c84fa94-04c1-424b-9868-57a2d4851a1d" />
    <TestEntry testId="1536b0a9-7189-743d-a273-29feae6f0843" executionId="efeb7548-7741-4f77-a723-b7db2f197b0b" testListId="8c84fa94-04c1-424b-9868-57a2d4851a1d" />
    <TestEntry testId="ad51f424-6928-1bb2-fff3-55ef9dbab945" executionId="e87088c7-8120-40ee-afbb-13bd182003cb" testListId="8c84fa94-04c1-424b-9868-57a2d4851a1d" />
    <TestEntry testId="cbab0896-310f-9613-16bf-ed68cf4f09cd" executionId="c4c57eb2-46d7-4260-9023-18e911ee7273" testListId="8c84fa94-04c1-424b-9868-57a2d4851a1d" />
    <TestEntry testId="72858ddf-be22-dd7b-74db-ce66ecacd1dd" executionId="721927e8-2246-4bbe-a34c-13c5c38e7a73" testListId="8c84fa94-04c1-424b-9868-57a2d4851a1d" />
    <TestEntry testId="4fc181f0-ada2-9ab6-d52d-1988c5ebde7a" executionId="7e7bfc1f-7bef-4847-a2af-6740d2a88bf9" testListId="8c84fa94-04c1-424b-9868-57a2d4851a1d" />
    <TestEntry testId="c303e402-0edb-f6ba-e4af-33ac122437de" executionId="535c20f7-6006-46a8-8ab4-9474f4962035" testListId="8c84fa94-04c1-424b-9868-57a2d4851a1d" />
    <TestEntry testId="996b214e-32e4-5376-d989-b4bc865084fe" executionId="5e7c8569-77ca-433c-b547-cd73da1d40f4" testListId="8c84fa94-04c1-424b-9868-57a2d4851a1d" />
    <TestEntry testId="f62ec529-2064-feb0-d217-30e62f8296ba" executionId="901206fd-12bb-492d-a40c-e756ecc0ed58" testListId="8c84fa94-04c1-424b-9868-57a2d4851a1d" />
    <TestEntry testId="b8c9a81a-11ec-9afa-2e32-5c4408d66f0a" executionId="3b9f95c6-23a4-4142-9aa9-9ae3cadededf" testListId="8c84fa94-04c1-424b-9868-57a2d4851a1d" />
    <TestEntry testId="8cdd5bbc-dcfa-1d65-90a0-7f353e299d1e" executionId="dbd51cf7-a9d6-4da4-9f76-0495e8558baa" testListId="8c84fa94-04c1-424b-9868-57a2d4851a1d" />
    <TestEntry testId="2ed2cd1c-632f-e0d9-b2af-c3d4c17fd7b1" executionId="57b060b8-1360-4a74-84fa-eeba60623933" testListId="8c84fa94-04c1-424b-9868-57a2d4851a1d" />
    <TestEntry testId="3462b2eb-e30f-6a87-cb93-c3563606a080" executionId="f1d21bc6-af64-427b-9b1a-f66485f2bc43" testListId="8c84fa94-04c1-424b-9868-57a2d4851a1d" />
    <TestEntry testId="ef111b7b-895d-e083-171f-1b45ef31d01a" executionId="af5767b3-403f-434f-97bf-1d9379ff5dcf" testListId="8c84fa94-04c1-424b-9868-57a2d4851a1d" />
    <TestEntry testId="bfee474b-216b-2c15-15a7-0adadfd388fb" executionId="e1d540e5-c6a2-4e17-b491-115dae302f46" testListId="8c84fa94-04c1-424b-9868-57a2d4851a1d" />
    <TestEntry testId="6f6f8b3a-15e7-3194-8c20-0c46fab5e263" executionId="6ebdffdc-7902-4db5-b39c-6fe4b9a6ade6" testListId="8c84fa94-04c1-424b-9868-57a2d4851a1d" />
    <TestEntry testId="c2e7dabf-153e-40d2-4e35-e0a4cdae5b80" executionId="64256354-e8e8-424e-bf34-f2ad7a184775" testListId="8c84fa94-04c1-424b-9868-57a2d4851a1d" />
    <TestEntry testId="bfdd6bca-a34f-47f5-eae8-5d12e496bd00" executionId="440592e3-57a4-401e-9f59-bd5a978ad0cf" testListId="8c84fa94-04c1-424b-9868-57a2d4851a1d" />
    <TestEntry testId="8b7ce013-8629-5a29-320f-b962e95e1d02" executionId="1ee0b296-1abe-4c6e-87fc-5c57e74e4cf7" testListId="8c84fa94-04c1-424b-9868-57a2d4851a1d" />
    <TestEntry testId="2155bccb-482b-2346-834b-1eb7ea617ead" executionId="c6e88de2-3ef7-4f85-b242-911d94092bb0" testListId="8c84fa94-04c1-424b-9868-57a2d4851a1d" />
    <TestEntry testId="3f3f2250-01f3-21dd-18d8-8a073a42cac3" executionId="51b23748-977b-4e9f-9d8a-f0c3d55224cb" testListId="8c84fa94-04c1-424b-9868-57a2d4851a1d" />
    <TestEntry testId="4e2fa441-f609-cc78-7eb6-a2fea9348b3f" executionId="4f30b0a9-63be-45a7-aa95-f09266fb34d0" testListId="8c84fa94-04c1-424b-9868-57a2d4851a1d" />
    <TestEntry testId="685331f6-0a25-8111-bb2a-37dce3d8d170" executionId="d58a37ec-1609-409d-ba9c-c77c2e2bbe0b" testListId="8c84fa94-04c1-424b-9868-57a2d4851a1d" />
    <TestEntry testId="5df2cee8-1205-20ca-1995-6e5120b53d1e" executionId="e5fcb78d-a8ce-4ffa-adc9-cb10a6493801" testListId="8c84fa94-04c1-424b-9868-57a2d4851a1d" />
    <TestEntry testId="313d194a-30d0-d3d5-cf7b-c5a66b6b3935" executionId="3aa6405c-eaee-4934-b6c5-acb5e854575f" testListId="8c84fa94-04c1-424b-9868-57a2d4851a1d" />
    <TestEntry testId="1079d268-49d6-f18c-d495-58b580aae9dc" executionId="1d8ba9ec-c733-4e35-8455-65bdd7d1a74e" testListId="8c84fa94-04c1-424b-9868-57a2d4851a1d" />
    <TestEntry testId="dd2dd033-1470-57eb-5d97-02eb255fcb1f" executionId="0210922b-0c51-417b-a233-ce0271ed5907" testListId="8c84fa94-04c1-424b-9868-57a2d4851a1d" />
    <TestEntry testId="b9639a73-b99d-241a-c8a5-6c3a19c63133" executionId="2405e650-104e-40c2-9896-b408536c4dc9" testListId="8c84fa94-04c1-424b-9868-57a2d4851a1d" />
    <TestEntry testId="e457ba43-5ec8-2ef9-9f16-d8e65791d46d" executionId="e4b44ffd-2b3d-4bb0-bf75-3581aad54695" testListId="8c84fa94-04c1-424b-9868-57a2d4851a1d" />
    <TestEntry testId="19ecf0ec-9a79-ad70-9475-fee54b9d8614" executionId="09f1632e-60a0-4407-b740-63025791e3f0" testListId="8c84fa94-04c1-424b-9868-57a2d4851a1d" />
    <TestEntry testId="46947d50-5e18-dad2-e4a8-b6d0819ae97c" executionId="375cbe35-152a-48f4-b633-1429baab5f81" testListId="8c84fa94-04c1-424b-9868-57a2d4851a1d" />
    <TestEntry testId="039e02b8-589d-bf11-ab34-101144716c75" executionId="fb960fc5-4d82-4de5-a02f-00000df6638e" testListId="8c84fa94-04c1-424b-9868-57a2d4851a1d" />
    <TestEntry testId="abb4aad3-77db-7359-08fe-5197066f13be" executionId="230d6969-f2c2-49d9-a4b6-5e1b4580cb07" testListId="8c84fa94-04c1-424b-9868-57a2d4851a1d" />
    <TestEntry testId="56e327fe-8407-ea11-addf-90ce93ff7d58" executionId="bf88d28d-83b6-4921-af4f-d99dee0f9cc6" testListId="8c84fa94-04c1-424b-9868-57a2d4851a1d" />
    <TestEntry testId="9e92a3ef-f628-77f3-597e-ab6211795c33" executionId="efaac68d-9fab-486a-af81-7244d6a4a3b4" testListId="8c84fa94-04c1-424b-9868-57a2d4851a1d" />
    <TestEntry testId="a188d29e-24f4-14f6-3109-f28ee9929456" executionId="50e95f26-a573-4e93-a0bb-a89facc83adb" testListId="8c84fa94-04c1-424b-9868-57a2d4851a1d" />
    <TestEntry testId="30971562-18c2-709e-97a4-74161badb09c" executionId="43d6c4e6-1cb3-409c-902e-28045ebe587f" testListId="8c84fa94-04c1-424b-9868-57a2d4851a1d" />
    <TestEntry testId="b93fddec-5e00-a1c1-fc16-4882d018fd04" executionId="48ccb333-9857-417d-9389-c77eeae78ed4" testListId="8c84fa94-04c1-424b-9868-57a2d4851a1d" />
    <TestEntry testId="ba7d1414-f471-8c90-0af7-54df538160f7" executionId="28bdc8b6-749e-4717-9580-736b4296e428" testListId="8c84fa94-04c1-424b-9868-57a2d4851a1d" />
    <TestEntry testId="34bdc501-b6be-65bd-2c54-6d143c30390e" executionId="1435db8b-2c27-4644-a7c1-4fa5b143e0d5" testListId="8c84fa94-04c1-424b-9868-57a2d4851a1d" />
    <TestEntry testId="163fd586-92aa-6f23-9cea-f9c152d7d771" executionId="19ba71c5-259e-45b7-a9df-489028af0e75" testListId="8c84fa94-04c1-424b-9868-57a2d4851a1d" />
    <TestEntry testId="613b2ffe-17c7-a1b7-9417-e8c0c951aa41" executionId="c54c8ded-b997-437a-956d-5da0ad230a61" testListId="8c84fa94-04c1-424b-9868-57a2d4851a1d" />
    <TestEntry testId="9100d9e1-967e-296d-c07b-a43969fad121" executionId="92555416-5cff-4c71-ba29-2151a9eb9c3b" testListId="8c84fa94-04c1-424b-9868-57a2d4851a1d" />
    <TestEntry testId="647d0f12-f39c-4459-8e85-bad3059c7bbf" executionId="9abba2d3-4176-496b-82c6-1d1e42a1ff0e" testListId="8c84fa94-04c1-424b-9868-57a2d4851a1d" />
    <TestEntry testId="0df7d709-570d-9a2b-20b2-9824d27442ba" executionId="e493bccc-0797-4c9e-bd84-22a63c5edcb9" testListId="8c84fa94-04c1-424b-9868-57a2d4851a1d" />
    <TestEntry testId="1a5071af-adad-5910-41be-cb866364cc7d" executionId="d742fd4a-fe26-4a91-af15-9d9beabf4463" testListId="8c84fa94-04c1-424b-9868-57a2d4851a1d" />
    <TestEntry testId="4b152625-d247-2206-1bc2-f59ef3dda4ef" executionId="32f802e0-8885-45f7-9293-23125df65a7f" testListId="8c84fa94-04c1-424b-9868-57a2d4851a1d" />
    <TestEntry testId="2a1ae3da-2a49-9688-92eb-6a1bc6d0cf01" executionId="a2a25b5a-0fb9-41fb-9dd3-89970a21a29a" testListId="8c84fa94-04c1-424b-9868-57a2d4851a1d" />
    <TestEntry testId="e01a9a2a-2030-6ab9-7db6-efea263590e2" executionId="9fa1bc1b-ae94-4994-b7c9-90beb8e592a7" testListId="8c84fa94-04c1-424b-9868-57a2d4851a1d" />
    <TestEntry testId="71259de5-a991-d68a-74b6-6304befba6d8" executionId="2c7dfacd-e589-49fe-8ca2-7d62bf8f9a60" testListId="8c84fa94-04c1-424b-9868-57a2d4851a1d" />
    <TestEntry testId="24bb58fc-f26e-f596-3b94-0fe50e90026c" executionId="da072c8c-854e-4778-bd93-35a74c8a0c7a" testListId="8c84fa94-04c1-424b-9868-57a2d4851a1d" />
    <TestEntry testId="e31c0c60-96f3-c3fc-f48c-6d389a7185de" executionId="5008e5de-a3dd-447a-903e-eb8f9278f1bb" testListId="8c84fa94-04c1-424b-9868-57a2d4851a1d" />
    <TestEntry testId="6cc408c2-2cb5-45f5-22cc-d2054659459b" executionId="c77910d8-62d5-4cd3-bf19-35e4fea9cd99" testListId="8c84fa94-04c1-424b-9868-57a2d4851a1d" />
    <TestEntry testId="d44a0649-8200-dc14-ee0f-9aa1a5e79e57" executionId="64bad0c6-b7fd-44c1-9868-10f2bd60fb6e" testListId="8c84fa94-04c1-424b-9868-57a2d4851a1d" />
    <TestEntry testId="567ca57c-5cc0-0e6c-fd41-e20b10f40469" executionId="1763f4b4-f211-4343-8052-c5c2d4d57d93" testListId="8c84fa94-04c1-424b-9868-57a2d4851a1d" />
    <TestEntry testId="8034b7ee-c5e3-314c-6310-8984871301b7" executionId="3677cbd5-50d6-4b2a-a569-8a57f8b7dd13" testListId="8c84fa94-04c1-424b-9868-57a2d4851a1d" />
    <TestEntry testId="bb53c479-4fb7-b049-d0b3-60c53109c03d" executionId="4989f3cb-679e-430e-8195-f7263b45b328" testListId="8c84fa94-04c1-424b-9868-57a2d4851a1d" />
    <TestEntry testId="546c163e-77dd-f570-5b52-f67af946e3b9" executionId="5a4e2c7d-5327-4000-97ef-3068257246ee" testListId="8c84fa94-04c1-424b-9868-57a2d4851a1d" />
    <TestEntry testId="26c85a86-1383-9737-58c9-22fa784f7da5" executionId="34fa7cf6-6a70-44f4-ada9-88cc16339d17" testListId="8c84fa94-04c1-424b-9868-57a2d4851a1d" />
    <TestEntry testId="d543b1fe-0034-e565-eca0-f9a5d2d12bdc" executionId="d28eb157-345d-40dd-8534-19eae2d44d36" testListId="8c84fa94-04c1-424b-9868-57a2d4851a1d" />
    <TestEntry testId="6079b9dd-99aa-436d-ae95-d982e753c815" executionId="a1ffdbd0-18c3-4295-a0a2-a3b9c9648181" testListId="8c84fa94-04c1-424b-9868-57a2d4851a1d" />
    <TestEntry testId="4f50c537-4ed4-21bc-0ecd-39e74b29d0e7" executionId="bf36f049-5d1b-4a40-9acb-5535d1bb71cd" testListId="8c84fa94-04c1-424b-9868-57a2d4851a1d" />
    <TestEntry testId="4cc08620-7636-5b0e-e6ce-7fa1f27effef" executionId="0a7e5958-d8d6-469f-b463-3c9e8697fb40" testListId="8c84fa94-04c1-424b-9868-57a2d4851a1d" />
    <TestEntry testId="83af6274-cbc6-0821-9d1c-d71c57f5ac71" executionId="fb4a2dad-63f3-403e-9aec-fb0e05ea1a28" testListId="8c84fa94-04c1-424b-9868-57a2d4851a1d" />
    <TestEntry testId="652fbfaf-623d-2a4f-25d1-cf07d8f0c0da" executionId="0c7f423c-d43b-428b-831b-1aca5149d73a" testListId="8c84fa94-04c1-424b-9868-57a2d4851a1d" />
    <TestEntry testId="4e40923a-3f2f-ab14-66db-33f21753e6c1" executionId="d7438592-41f9-49a5-be28-e37b13fb7a6e" testListId="8c84fa94-04c1-424b-9868-57a2d4851a1d" />
    <TestEntry testId="3298d961-bdaa-633a-0d61-33079be298ce" executionId="e28e10ed-503c-4405-a0f4-2a54e48318ea" testListId="8c84fa94-04c1-424b-9868-57a2d4851a1d" />
    <TestEntry testId="d328e580-fcf1-b0bb-73e2-fe6651dece0e" executionId="dec9de66-ada0-4212-8eee-6b96480cfed8" testListId="8c84fa94-04c1-424b-9868-57a2d4851a1d" />
    <TestEntry testId="4c9ec316-0614-0ed3-d3e3-ff9a3542b3e8" executionId="01186205-3bb8-4bc1-a976-692a6d420669" testListId="8c84fa94-04c1-424b-9868-57a2d4851a1d" />
    <TestEntry testId="4d3fe7e4-2bde-cfc0-5403-0728b7dde62a" executionId="7645481d-5898-4e17-86e1-a3f16e391d92" testListId="8c84fa94-04c1-424b-9868-57a2d4851a1d" />
    <TestEntry testId="93fd2413-8c9b-cb53-924a-b9c4b432d82a" executionId="823b4948-08f9-42e6-81c5-a0b85f15e420" testListId="8c84fa94-04c1-424b-9868-57a2d4851a1d" />
    <TestEntry testId="11ed9e7e-df07-2b0d-0eec-e5030427083f" executionId="d6ea23c8-5f72-43ed-b526-9439b8d211f8" testListId="8c84fa94-04c1-424b-9868-57a2d4851a1d" />
    <TestEntry testId="5c64f629-e66f-8e20-9c2d-0a7cb867d56d" executionId="6c08fadd-6262-4587-956b-152c8304cc9e" testListId="8c84fa94-04c1-424b-9868-57a2d4851a1d" />
    <TestEntry testId="6a7d9b76-8e51-2dd0-7599-1dd99ccb1f30" executionId="0aa4230d-d030-4393-aacc-a3e2ebc3aa5e" testListId="8c84fa94-04c1-424b-9868-57a2d4851a1d" />
    <TestEntry testId="34d55980-db04-996b-37e3-5ad72dcd15ab" executionId="c327076b-6b48-4a10-98b7-8f3a48da645a" testListId="8c84fa94-04c1-424b-9868-57a2d4851a1d" />
    <TestEntry testId="4487648c-7b44-bfaa-d7fb-20dd19782f71" executionId="df7b6b27-a196-49bf-9872-9b77834436fd" testListId="8c84fa94-04c1-424b-9868-57a2d4851a1d" />
    <TestEntry testId="0dda947f-a97a-e494-3314-a0e77995fdce" executionId="ef451eb7-2977-455a-9756-6ff8e6b56613" testListId="8c84fa94-04c1-424b-9868-57a2d4851a1d" />
    <TestEntry testId="0fe69b56-67e1-3f07-b6ce-8076afaa9bd7" executionId="7fe20e3b-e4b1-4575-b914-4104c2d81749" testListId="8c84fa94-04c1-424b-9868-57a2d4851a1d" />
    <TestEntry testId="324dfaf0-1df1-16d9-feec-f79f54001411" executionId="64ed16bb-719e-492f-af09-1a3e355a1731" testListId="8c84fa94-04c1-424b-9868-57a2d4851a1d" />
    <TestEntry testId="62b1fe99-5a28-bc9f-0494-f16f9326c1bc" executionId="30190764-f35c-4dd3-8eed-96045928a989" testListId="8c84fa94-04c1-424b-9868-57a2d4851a1d" />
    <TestEntry testId="102bb5fe-d832-e7b4-1cec-260995c71130" executionId="291211cb-83ce-4427-b294-ea10f08bd856" testListId="8c84fa94-04c1-424b-9868-57a2d4851a1d" />
    <TestEntry testId="9c12637d-98e9-60e9-4c3e-198e27a61c0f" executionId="9ec9e6e1-31bb-43a7-b22e-5a1faf2834a2" testListId="8c84fa94-04c1-424b-9868-57a2d4851a1d" />
    <TestEntry testId="92c24577-a226-a6b7-7d5e-021b44057899" executionId="56f1fdce-b95b-4051-80fa-1d3e409daf55" testListId="8c84fa94-04c1-424b-9868-57a2d4851a1d" />
    <TestEntry testId="084c3ea0-3fae-0089-ccac-97b8aadd0b60" executionId="2edd6225-ae12-4a57-9ff7-f578717f113b" testListId="8c84fa94-04c1-424b-9868-57a2d4851a1d" />
    <TestEntry testId="dbe8f5eb-581b-1146-9a97-1f79fbc0650a" executionId="7af07732-6034-452e-a3a3-d75ed4740688" testListId="8c84fa94-04c1-424b-9868-57a2d4851a1d" />
    <TestEntry testId="444b6055-8e36-cf16-2594-6f26fe677cd1" executionId="fdfb8334-b037-4dde-8b80-127e434b163c" testListId="8c84fa94-04c1-424b-9868-57a2d4851a1d" />
    <TestEntry testId="b70675b1-ffbc-1a3f-030b-53fbcade7f2b" executionId="ac35f121-0062-43ac-9ddd-457e5013b650" testListId="8c84fa94-04c1-424b-9868-57a2d4851a1d" />
    <TestEntry testId="31700bf4-6510-c80b-a8c1-214e5c472432" executionId="f57bc78d-c1ad-4a25-91bd-8a22ae45beeb" testListId="8c84fa94-04c1-424b-9868-57a2d4851a1d" />
    <TestEntry testId="da125bcd-1715-deae-cc3d-6c75d593b271" executionId="0347d707-424f-44c6-a42f-fd61a2974892" testListId="8c84fa94-04c1-424b-9868-57a2d4851a1d" />
    <TestEntry testId="f7288d33-e820-d388-23d4-39d2a5548f52" executionId="6b2c92b2-d3a0-43d0-9f27-3db3bc4b6c78" testListId="8c84fa94-04c1-424b-9868-57a2d4851a1d" />
    <TestEntry testId="52ac0864-3141-85db-5ec0-9dd50f51b247" executionId="c134c599-cd15-46c2-b53d-ab6937047e2f" testListId="8c84fa94-04c1-424b-9868-57a2d4851a1d" />
    <TestEntry testId="c1399a21-a8d4-fd2f-1879-d9e50a5fe1b4" executionId="316001fe-4c12-409e-b5ef-a09d2c04cd0a" testListId="8c84fa94-04c1-424b-9868-57a2d4851a1d" />
    <TestEntry testId="598d9a80-ba03-040c-39ba-536b5b6632f4" executionId="8518516e-e9cb-489d-864c-6092e35dd8dc" testListId="8c84fa94-04c1-424b-9868-57a2d4851a1d" />
    <TestEntry testId="05d28227-9bee-a7ac-5d44-a19da1f5106c" executionId="eadc46f3-da5d-464d-880f-a901f42f5eb2" testListId="8c84fa94-04c1-424b-9868-57a2d4851a1d" />
    <TestEntry testId="80972e1e-3ff9-bf5c-296f-71aecb5aa2ee" executionId="1011bc43-16c3-415c-a4f4-b25d5629525f" testListId="8c84fa94-04c1-424b-9868-57a2d4851a1d" />
    <TestEntry testId="2cd343bd-badc-869e-d32e-7b446b74dbcf" executionId="6d5a4664-3b58-4c52-9d60-7295695ab01d" testListId="8c84fa94-04c1-424b-9868-57a2d4851a1d" />
    <TestEntry testId="369e9363-5592-8231-38fe-e3c32cfca4c4" executionId="8d007c1c-b8b2-4d65-aa78-7303fa7717a7" testListId="8c84fa94-04c1-424b-9868-57a2d4851a1d" />
    <TestEntry testId="be9ca199-100c-7487-211b-359c6f85feb5" executionId="fab26080-a65e-4fea-aaaa-e794422112c7" testListId="8c84fa94-04c1-424b-9868-57a2d4851a1d" />
    <TestEntry testId="1a44af6f-888e-1f8e-a00f-e2d743b26f12" executionId="2964afc7-45da-4abb-adb9-bba0997b2151" testListId="8c84fa94-04c1-424b-9868-57a2d4851a1d" />
    <TestEntry testId="53a23bf0-6e98-cb61-d489-afed97d56bcf" executionId="1ca404d4-f684-4383-acac-cc819779e75b" testListId="8c84fa94-04c1-424b-9868-57a2d4851a1d" />
    <TestEntry testId="cbfda56e-8c0a-ba07-a0f8-119519aa985c" executionId="d4e88ed9-c0b7-4c93-a132-df01702a3b4b" testListId="8c84fa94-04c1-424b-9868-57a2d4851a1d" />
    <TestEntry testId="d6ef55e8-c5e6-5de1-49ad-15c2ce305191" executionId="4632f900-86b1-42f7-8da0-dd73bd994a6d" testListId="8c84fa94-04c1-424b-9868-57a2d4851a1d" />
    <TestEntry testId="24614531-2aef-39c0-ae03-729fa029c955" executionId="458f6dd6-f995-4fc9-8e44-bc44e763cc3b" testListId="8c84fa94-04c1-424b-9868-57a2d4851a1d" />
    <TestEntry testId="0e441c44-ccc7-5318-d743-a0646c26f920" executionId="ee0e4bd3-743e-4d25-aef9-7e4d2ef50302" testListId="8c84fa94-04c1-424b-9868-57a2d4851a1d" />
    <TestEntry testId="fc18dbb3-2c7f-eef4-d751-3ff8a18e5fdc" executionId="8714ac1b-bbcc-49f1-8f09-c854a08748a7" testListId="8c84fa94-04c1-424b-9868-57a2d4851a1d" />
    <TestEntry testId="a8d731c5-67df-9575-20e2-4e702b3d5817" executionId="5012b3e2-d7b7-4e3d-b8e4-8db35c9f878f" testListId="8c84fa94-04c1-424b-9868-57a2d4851a1d" />
    <TestEntry testId="081d3b2d-f16b-400c-9941-d599ff407e21" executionId="40c85345-692a-4af0-a697-961ca3d82a84" testListId="8c84fa94-04c1-424b-9868-57a2d4851a1d" />
    <TestEntry testId="5c121ce3-0aab-ab5b-cce0-b7a13bf9bb3a" executionId="17e0d03e-2bbf-4caf-bc80-6d6719af5c34" testListId="8c84fa94-04c1-424b-9868-57a2d4851a1d" />
    <TestEntry testId="dcb09ac3-545f-7b73-7b06-f7917ef6e79e" executionId="158c408f-71b7-4242-920e-49f56104709a" testListId="8c84fa94-04c1-424b-9868-57a2d4851a1d" />
    <TestEntry testId="631aa61c-5891-97bd-8c16-092dfa85bf9b" executionId="78e803ff-2068-4caf-8690-e847907bc944" testListId="8c84fa94-04c1-424b-9868-57a2d4851a1d" />
    <TestEntry testId="183dfbce-4b57-7750-e87b-9eb6c830ba31" executionId="4800a992-3760-455c-b0c9-f25596efbf69" testListId="8c84fa94-04c1-424b-9868-57a2d4851a1d" />
    <TestEntry testId="040e6cf8-8fc7-ca87-38f4-b0a1a8671b45" executionId="c064de7f-c1de-4254-880c-026e110ad741" testListId="8c84fa94-04c1-424b-9868-57a2d4851a1d" />
    <TestEntry testId="c31c3c04-c374-418e-36fc-0c705f1df093" executionId="bfb796cb-c205-4301-a392-0a3364307e2b" testListId="8c84fa94-04c1-424b-9868-57a2d4851a1d" />
    <TestEntry testId="b8787739-4c07-b11a-eff9-c330a8615328" executionId="49002b2c-e98c-4d8c-9805-a42d33d871fd" testListId="8c84fa94-04c1-424b-9868-57a2d4851a1d" />
    <TestEntry testId="135dd56d-570b-92a1-4144-854d04d96ef0" executionId="84e9f615-7cab-40c7-94c3-0a1c70f0fa3b" testListId="8c84fa94-04c1-424b-9868-57a2d4851a1d" />
    <TestEntry testId="4df9b13a-de84-7056-3c88-543d3fa32c62" executionId="b553bba5-2df2-4ef4-89e1-744317a5b300" testListId="8c84fa94-04c1-424b-9868-57a2d4851a1d" />
    <TestEntry testId="73284804-3614-1086-c9d3-907dba871693" executionId="63bd6b89-b936-469c-bab2-a1a787e5bdc8" testListId="8c84fa94-04c1-424b-9868-57a2d4851a1d" />
    <TestEntry testId="f527f4e7-733e-c529-a6f2-d33ed3ff23a3" executionId="82c2a63d-cbaa-4962-88df-3c348bca8168" testListId="8c84fa94-04c1-424b-9868-57a2d4851a1d" />
    <TestEntry testId="fdb8f5e8-aebb-9f4d-e956-1151e0f88117" executionId="a41560ef-f67c-49f9-a98e-577433a3a7f6" testListId="8c84fa94-04c1-424b-9868-57a2d4851a1d" />
    <TestEntry testId="b8055217-5a74-6a87-a561-a760192c2a20" executionId="0362b560-817a-4624-8b74-941699f4c21d" testListId="8c84fa94-04c1-424b-9868-57a2d4851a1d" />
    <TestEntry testId="a1fbb77d-adf8-8ccd-4022-16be128e7ade" executionId="ba9a9a34-fb48-43f4-9a29-6d577b03886e" testListId="8c84fa94-04c1-424b-9868-57a2d4851a1d" />
    <TestEntry testId="fe35c71e-d9ed-258c-2105-0adfcd0d495e" executionId="6a5a4da9-75bb-4459-9d87-48aaba3d198a" testListId="8c84fa94-04c1-424b-9868-57a2d4851a1d" />
    <TestEntry testId="9dfbdafb-7dbf-f0e8-6265-547cdd24d00d" executionId="cccb75a4-824a-4cf1-9650-b029ae76c242" testListId="8c84fa94-04c1-424b-9868-57a2d4851a1d" />
    <TestEntry testId="c7ef87e2-e6d0-89f1-fa1a-3a161b3248e2" executionId="3bf6957e-4409-4170-b473-83c63e773901" testListId="8c84fa94-04c1-424b-9868-57a2d4851a1d" />
    <TestEntry testId="e1d79475-a361-3073-e286-53d8423f4048" executionId="588e80fd-e505-44f3-b39d-c865cee3a8e4" testListId="8c84fa94-04c1-424b-9868-57a2d4851a1d" />
    <TestEntry testId="d4f3c378-b93a-d1d1-d97b-d57a65cd57e1" executionId="f53d683e-567d-480f-a87f-f31589474665" testListId="8c84fa94-04c1-424b-9868-57a2d4851a1d" />
    <TestEntry testId="12ac148d-b770-8a76-3e48-40788f60fbd2" executionId="87fdda99-ce34-4aae-9056-d50ba3a7a4ab" testListId="8c84fa94-04c1-424b-9868-57a2d4851a1d" />
    <TestEntry testId="b7a54b06-1426-b0d1-c148-d7f5ca4a408c" executionId="b2ba1c4d-289e-4660-989f-6b1c5c43ff61" testListId="8c84fa94-04c1-424b-9868-57a2d4851a1d" />
    <TestEntry testId="100cc4f6-ca16-2d93-296d-fb39d2a6b55f" executionId="96e291d9-f126-4f44-b57a-4c260431fee4" testListId="8c84fa94-04c1-424b-9868-57a2d4851a1d" />
    <TestEntry testId="2c083ad7-fea5-5b33-ddd6-bb2be00bd90c" executionId="3e2c46be-dcdf-4d2b-8fb4-96a2c76e7254" testListId="8c84fa94-04c1-424b-9868-57a2d4851a1d" />
    <TestEntry testId="40049265-1e97-9ed6-58fa-5d084054c7cc" executionId="411cd1bf-d86e-46d7-aadf-3216c827f744" testListId="8c84fa94-04c1-424b-9868-57a2d4851a1d" />
    <TestEntry testId="3d1af355-28e7-625e-59fd-fe5da700f0dc" executionId="a6c0f0c7-428c-4520-8a23-45b45d4487ef" testListId="8c84fa94-04c1-424b-9868-57a2d4851a1d" />
    <TestEntry testId="38ee170e-2136-8164-8076-d7d266da6388" executionId="faaf1c05-311e-4510-a49b-6948e3ac2ad4" testListId="8c84fa94-04c1-424b-9868-57a2d4851a1d" />
    <TestEntry testId="e6f6cc53-8c3a-da20-bc77-8b2d112d8374" executionId="795bbe09-e90b-4084-a407-33ccbf23144c" testListId="8c84fa94-04c1-424b-9868-57a2d4851a1d" />
    <TestEntry testId="b818a661-8c39-b04d-aea0-c8bf6f965ed2" executionId="0dcd4805-ce17-452c-bd40-26dc9a1bd2d7" testListId="8c84fa94-04c1-424b-9868-57a2d4851a1d" />
    <TestEntry testId="e0c34032-6c79-2d9c-b6af-6955c63a9e30" executionId="04bc6e2e-afbf-433d-9306-f2efb5827ada" testListId="8c84fa94-04c1-424b-9868-57a2d4851a1d" />
    <TestEntry testId="89c1bc9c-fd1f-546d-3081-e1943d5ea5fd" executionId="43c4685b-5ae5-43f6-a82a-29c085f5a712" testListId="8c84fa94-04c1-424b-9868-57a2d4851a1d" />
    <TestEntry testId="6c083eac-7cf7-3a47-1845-0ff85783e0c1" executionId="894ec366-affc-4947-b364-453e963d2abd" testListId="8c84fa94-04c1-424b-9868-57a2d4851a1d" />
    <TestEntry testId="69eeb057-df94-2674-fba1-959c41ef1419" executionId="f6b07a64-3afa-4ccf-a869-0f8414300ac1" testListId="8c84fa94-04c1-424b-9868-57a2d4851a1d" />
    <TestEntry testId="749e89fd-9c9b-5d83-545c-b459ff44beff" executionId="e602358f-9266-434c-9e3c-88e47a068de3" testListId="8c84fa94-04c1-424b-9868-57a2d4851a1d" />
    <TestEntry testId="8b9bc8ba-9742-8b44-9f33-0b46de660b7e" executionId="a45dfb5b-63d2-494a-8f1f-b3e3ae3747c5" testListId="8c84fa94-04c1-424b-9868-57a2d4851a1d" />
    <TestEntry testId="2a9faf6f-4d21-d971-4115-0a2cf31c75ab" executionId="8fc7b693-2bfb-42e5-892c-fad9ead46f51" testListId="8c84fa94-04c1-424b-9868-57a2d4851a1d" />
    <TestEntry testId="e6d7e4bb-8f4e-56e2-712f-a2453f4d8f71" executionId="0f692fd0-eaa9-4032-8b0f-e841fbdd7e2e" testListId="8c84fa94-04c1-424b-9868-57a2d4851a1d" />
    <TestEntry testId="599b5bdf-c3a2-ab45-0452-3da415351122" executionId="302e8c32-2da3-4a82-b2ca-7a8432cec2e4" testListId="8c84fa94-04c1-424b-9868-57a2d4851a1d" />
    <TestEntry testId="2472258e-8be8-7772-0b75-b4a3d535f097" executionId="8a3a6599-95b4-4cdd-a26e-878d0586fb2d" testListId="8c84fa94-04c1-424b-9868-57a2d4851a1d" />
    <TestEntry testId="4c68b106-0b95-e518-2e9e-d72489df9e7e" executionId="ebd79f0e-aad2-456b-9e00-3e1c6f321bb2" testListId="8c84fa94-04c1-424b-9868-57a2d4851a1d" />
    <TestEntry testId="900eea81-caf7-4e0f-b129-22c2df2135b0" executionId="a991afc7-2597-4f45-b2df-ae03212b6845" testListId="8c84fa94-04c1-424b-9868-57a2d4851a1d" />
    <TestEntry testId="927355f0-db19-7988-f19c-ec0494e2f5d9" executionId="869d1043-01c4-498f-83fe-0485c2a6be49" testListId="8c84fa94-04c1-424b-9868-57a2d4851a1d" />
    <TestEntry testId="c9fc2c85-cd6b-22aa-0e63-9afbfb8c152b" executionId="6209c478-e53f-4167-ae3f-22fcbc518681" testListId="8c84fa94-04c1-424b-9868-57a2d4851a1d" />
    <TestEntry testId="d702a2a7-0d80-6e33-b0a7-e0e379e29093" executionId="d9ed6625-6519-4ef3-b8f0-bd6b90b64770" testListId="8c84fa94-04c1-424b-9868-57a2d4851a1d" />
    <TestEntry testId="124aa2c1-a584-951a-b578-c58272b94396" executionId="6f9e2400-9c69-4c1e-82f5-06e72142dfd6" testListId="8c84fa94-04c1-424b-9868-57a2d4851a1d" />
    <TestEntry testId="a3a08850-4a93-c030-f4e2-fdffe7d8b320" executionId="019db3e2-c8a6-44c9-a04f-f469b8052238" testListId="8c84fa94-04c1-424b-9868-57a2d4851a1d" />
    <TestEntry testId="3a14b4a3-bbfa-4f36-3b26-b18f61900c63" executionId="528458e4-68bf-42a8-9826-5e90dc45fa07" testListId="8c84fa94-04c1-424b-9868-57a2d4851a1d" />
    <TestEntry testId="13bfc4cd-00bc-fb12-3861-f69dc4145d67" executionId="302ffadc-c02e-436d-8052-a9e45d63f04c" testListId="8c84fa94-04c1-424b-9868-57a2d4851a1d" />
    <TestEntry testId="5c957f35-8133-124f-9f1e-c78d4730fe22" executionId="8ed0aca8-65d3-4ff1-98f8-7fef40d2a556" testListId="8c84fa94-04c1-424b-9868-57a2d4851a1d" />
    <TestEntry testId="c09fd9f3-56b2-979f-b5dc-a5cbb3bb898a" executionId="b3843831-11a3-430c-a385-018e679603b2" testListId="8c84fa94-04c1-424b-9868-57a2d4851a1d" />
    <TestEntry testId="f284fcd5-95ba-5e4a-ef58-143a466ff941" executionId="4f586421-4386-4079-9330-3788acb4673a" testListId="8c84fa94-04c1-424b-9868-57a2d4851a1d" />
    <TestEntry testId="ed2134d1-cccc-7594-ff4e-6670ac477e6f" executionId="091139ca-987c-46d8-b9d0-2de42137b556" testListId="8c84fa94-04c1-424b-9868-57a2d4851a1d" />
    <TestEntry testId="bcf772d6-bc03-8db6-964e-e43c8f396083" executionId="94892af6-d05a-4a2f-9465-842bcc4a6444" testListId="8c84fa94-04c1-424b-9868-57a2d4851a1d" />
    <TestEntry testId="d30d3b94-edb3-8c77-afa5-d7e300714162" executionId="c4d4e795-2961-4f45-a8f5-5415d317af85" testListId="8c84fa94-04c1-424b-9868-57a2d4851a1d" />
    <TestEntry testId="a97810bc-ccf4-4f77-152b-d7c40d37cd64" executionId="e1e008df-d4ce-47b5-bffb-aac9e0ab2d20" testListId="8c84fa94-04c1-424b-9868-57a2d4851a1d" />
    <TestEntry testId="41fb6436-3dfd-f2cc-b2c2-3eb1f8450637" executionId="e80ac59c-ab98-4429-b4fa-65a43f5a3a88" testListId="8c84fa94-04c1-424b-9868-57a2d4851a1d" />
    <TestEntry testId="7c18917f-7141-7732-3a7b-36439ce0baa1" executionId="42cd2242-5fbf-463b-8fa1-82527403b7fe" testListId="8c84fa94-04c1-424b-9868-57a2d4851a1d" />
    <TestEntry testId="0ce41b19-5488-6227-82d4-578fa8558f1f" executionId="364860ee-ea36-4164-8a35-b6f89db5fbf8" testListId="8c84fa94-04c1-424b-9868-57a2d4851a1d" />
    <TestEntry testId="4b28c4f2-243a-8c78-12a1-344fb80c29cf" executionId="e048a7fb-6507-4156-b25a-c079c4494f41" testListId="8c84fa94-04c1-424b-9868-57a2d4851a1d" />
    <TestEntry testId="f7a3c37c-dec7-4f70-5b8f-168bb8621231" executionId="5569f0c0-2e4d-4079-8ce4-dd9a92b55c6f" testListId="8c84fa94-04c1-424b-9868-57a2d4851a1d" />
    <TestEntry testId="1dd0f7bb-be41-1080-f53b-d32cb9d53ae0" executionId="127234d1-0557-4808-a1b9-1afaaff5320f" testListId="8c84fa94-04c1-424b-9868-57a2d4851a1d" />
    <TestEntry testId="3bcce3ce-1e1f-b2cb-aecb-f9baaad49b40" executionId="3ca7fb8b-bdb7-46e4-ac06-f685c5b002e8" testListId="8c84fa94-04c1-424b-9868-57a2d4851a1d" />
    <TestEntry testId="8027e5d6-d435-5a0d-d99c-2d9218dccb7e" executionId="a82e68d7-3fb6-441f-aaed-e3ac0baa6bc4" testListId="8c84fa94-04c1-424b-9868-57a2d4851a1d" />
    <TestEntry testId="dd6f82bf-ec98-4f3e-74b1-00844a5994bf" executionId="8fc175f9-55be-4f09-89bf-4230deedc30a" testListId="8c84fa94-04c1-424b-9868-57a2d4851a1d" />
    <TestEntry testId="972bb963-9a87-7070-029b-8643f34bbb6c" executionId="68a94bbe-3c16-43e8-b618-9fe984df1cf2" testListId="8c84fa94-04c1-424b-9868-57a2d4851a1d" />
    <TestEntry testId="e6ee2e42-d693-5a92-34f3-83564b601337" executionId="76c85963-22a2-4f5e-9d40-5326fd78c753" testListId="8c84fa94-04c1-424b-9868-57a2d4851a1d" />
    <TestEntry testId="45b26f0b-a8bb-4b3f-d7c4-794f4ece7d3c" executionId="62fefa47-1eef-46d7-8a21-10c893eee268" testListId="8c84fa94-04c1-424b-9868-57a2d4851a1d" />
    <TestEntry testId="babff9b9-4ec4-5d0f-1835-e465e17600e6" executionId="7bf0d1ff-fd7d-42b5-b65e-9c7f86407886" testListId="8c84fa94-04c1-424b-9868-57a2d4851a1d" />
    <TestEntry testId="f2358686-aae0-414b-7a27-d43a959b03da" executionId="d333ba5e-195d-4d4a-bfd1-64f8e01fbe0b" testListId="8c84fa94-04c1-424b-9868-57a2d4851a1d" />
    <TestEntry testId="c4f09638-23b4-3d40-c0a4-ef63a006dba0" executionId="7e501c66-9214-4f9a-adae-df110255c868" testListId="8c84fa94-04c1-424b-9868-57a2d4851a1d" />
    <TestEntry testId="5058bebd-02f5-fdd0-776c-ccea1412870f" executionId="b3c514df-4c47-4c7f-85cd-16a2a76732a2" testListId="8c84fa94-04c1-424b-9868-57a2d4851a1d" />
    <TestEntry testId="3e5b1b26-ce6a-72cd-5d99-1c229fd90703" executionId="96d1ed80-b850-4d22-b1c6-264da65052d6" testListId="8c84fa94-04c1-424b-9868-57a2d4851a1d" />
    <TestEntry testId="1cdc361a-ffee-1052-df8d-ab7786ba69bf" executionId="ada00e69-dbbf-4977-ab74-f1ee0f8b9cbc" testListId="8c84fa94-04c1-424b-9868-57a2d4851a1d" />
    <TestEntry testId="99f07415-68e4-3476-dd07-6ad55eba383b" executionId="572d8ac0-c608-44a5-9e4c-a4dde28c2b13" testListId="8c84fa94-04c1-424b-9868-57a2d4851a1d" />
    <TestEntry testId="9e735874-97ea-8ca0-11c8-94ac42e81acc" executionId="7d4a806e-f956-445a-8a67-07628b8eabe8" testListId="8c84fa94-04c1-424b-9868-57a2d4851a1d" />
    <TestEntry testId="23aaa466-cf05-d364-17da-f1d2a5004cf2" executionId="403996ce-ab42-411b-958c-7690bc78b099" testListId="8c84fa94-04c1-424b-9868-57a2d4851a1d" />
    <TestEntry testId="03e8826c-20fc-cadf-51a4-fe54882f4740" executionId="83337d7a-2d23-4ebe-83b1-f7578c662a06" testListId="8c84fa94-04c1-424b-9868-57a2d4851a1d" />
    <TestEntry testId="6e911663-e259-5040-7b6f-54c63fac8b3c" executionId="d1d57d43-8d3d-4cac-b5fb-cda0c52b7c20" testListId="8c84fa94-04c1-424b-9868-57a2d4851a1d" />
    <TestEntry testId="d493c8e9-cfea-2fc7-4acb-79ca91dde5f0" executionId="b9337fbf-0491-4f19-bfdf-e2597b10141d" testListId="8c84fa94-04c1-424b-9868-57a2d4851a1d" />
    <TestEntry testId="38f897eb-957e-6945-e8b5-f2e873b7ac17" executionId="2709ecec-86c5-4eaa-910e-06193ffcf99d" testListId="8c84fa94-04c1-424b-9868-57a2d4851a1d" />
    <TestEntry testId="7200fbe8-0633-195a-0e4f-25258446a0dd" executionId="043a209d-735c-4107-a915-95897eccf4c5" testListId="8c84fa94-04c1-424b-9868-57a2d4851a1d" />
    <TestEntry testId="e6ca1d81-dcf2-fd0d-938d-c5551a71b09d" executionId="23e5ea79-5985-429f-9cdf-30391bc499b8" testListId="8c84fa94-04c1-424b-9868-57a2d4851a1d" />
    <TestEntry testId="f015f451-5073-33ab-39c2-17ab900bf337" executionId="746dec2e-8284-4ea7-9af6-c2b5ec3f04cf" testListId="8c84fa94-04c1-424b-9868-57a2d4851a1d" />
    <TestEntry testId="ae0a2a8f-7404-db1c-88e4-d4970f3642af" executionId="ab5d9bb9-091c-45a2-b448-8d0637ff3a98" testListId="8c84fa94-04c1-424b-9868-57a2d4851a1d" />
    <TestEntry testId="fd35a08c-5b95-7a8f-b139-85a90dbcf98e" executionId="c8356495-0fce-4527-88ae-dfa4bc1e6a16" testListId="8c84fa94-04c1-424b-9868-57a2d4851a1d" />
    <TestEntry testId="9a9212ad-b798-7488-4494-e587449427c6" executionId="daeaabdb-5853-457d-ac41-b40b4ed0618b" testListId="8c84fa94-04c1-424b-9868-57a2d4851a1d" />
    <TestEntry testId="66840d6a-95a8-9e96-1d7b-1ecad55a0c92" executionId="2cb62d2e-98cd-40d5-8cb7-3853a9eb50e2" testListId="8c84fa94-04c1-424b-9868-57a2d4851a1d" />
    <TestEntry testId="fbdffebc-5b1f-3fc0-8f3a-0ed85a2faf6a" executionId="cf0e2c3f-edae-47ed-9b8d-d56676e94a31" testListId="8c84fa94-04c1-424b-9868-57a2d4851a1d" />
    <TestEntry testId="61f864ac-97c4-6c85-0643-065c2cc97960" executionId="d366e0f7-4de0-4114-95ee-7124199c6b75" testListId="8c84fa94-04c1-424b-9868-57a2d4851a1d" />
    <TestEntry testId="97fa9539-2f5b-d008-d8ef-c0d60778ca89" executionId="12335083-3fc6-4f3e-8a8f-9fc324336767" testListId="8c84fa94-04c1-424b-9868-57a2d4851a1d" />
    <TestEntry testId="58fbd806-2ce4-1de9-b5f6-010d0ee1cbfa" executionId="bbf31dc9-24d9-4fc6-bb9c-1ff1ec0eab49" testListId="8c84fa94-04c1-424b-9868-57a2d4851a1d" />
    <TestEntry testId="0fb54a08-345f-ee29-01d6-61a60fb47ced" executionId="55964f22-9a94-4262-8dde-0227bd192bdc" testListId="8c84fa94-04c1-424b-9868-57a2d4851a1d" />
    <TestEntry testId="ad936791-3884-bcd2-a8bf-cc0980504588" executionId="2e367714-8031-4ad7-80c0-ebb671ad036c" testListId="8c84fa94-04c1-424b-9868-57a2d4851a1d" />
    <TestEntry testId="d3cdcde5-df28-6c6c-d5ee-263c0a49023a" executionId="872b6726-1b72-4bae-9da4-584dc338d235" testListId="8c84fa94-04c1-424b-9868-57a2d4851a1d" />
    <TestEntry testId="fb80c2cc-1ba4-25ca-1501-33134270fed0" executionId="a1ccc76a-9461-434a-9db1-e8216985227b" testListId="8c84fa94-04c1-424b-9868-57a2d4851a1d" />
    <TestEntry testId="dffdcee4-e2c7-a486-318f-edaed8877c4d" executionId="6c719bb5-eea1-45da-8d92-546b043ed13a" testListId="8c84fa94-04c1-424b-9868-57a2d4851a1d" />
    <TestEntry testId="691fc6f3-8d98-645e-59dc-63e6708e6080" executionId="c1f584d1-6ae6-4cde-9433-92487e97838b" testListId="8c84fa94-04c1-424b-9868-57a2d4851a1d" />
    <TestEntry testId="7b2e748c-5793-e1c6-45bc-d5f863686469" executionId="53d9c83a-d533-415a-a4c4-91ebe7817f36" testListId="8c84fa94-04c1-424b-9868-57a2d4851a1d" />
    <TestEntry testId="79a853ed-d140-e6d5-86c3-6423b904d524" executionId="710f7456-52fe-4e13-82f1-6ce118d9b991" testListId="8c84fa94-04c1-424b-9868-57a2d4851a1d" />
    <TestEntry testId="c15129d5-d936-d35a-141a-341775ad7af1" executionId="aba2331d-696c-4708-85f3-ddc71343e268" testListId="8c84fa94-04c1-424b-9868-57a2d4851a1d" />
    <TestEntry testId="2a896644-50d0-a8ac-de47-7ac4676c290e" executionId="c4af99bd-d495-422f-98e1-e3fd816db9df" testListId="8c84fa94-04c1-424b-9868-57a2d4851a1d" />
    <TestEntry testId="49539e03-80f3-85f0-9c28-9ba645507120" executionId="c864d5d9-ee60-44f5-b9b4-b62b4ff0f150" testListId="8c84fa94-04c1-424b-9868-57a2d4851a1d" />
    <TestEntry testId="e5b31225-6687-353e-986c-a81c10574659" executionId="7ca92699-692a-4cd2-a4e6-dcdfd2e1ff7c" testListId="8c84fa94-04c1-424b-9868-57a2d4851a1d" />
    <TestEntry testId="33fd1dda-62a8-0bed-a4ce-731800ce94c0" executionId="d2ddac89-cc70-4b2d-8167-cdb97d69ee36" testListId="8c84fa94-04c1-424b-9868-57a2d4851a1d" />
    <TestEntry testId="181c235a-8f4f-6777-859c-d2eff1a2ae91" executionId="82443457-89fb-450a-9778-7517883cddbe" testListId="8c84fa94-04c1-424b-9868-57a2d4851a1d" />
    <TestEntry testId="bea51f53-59a0-d933-da38-7b5730c49072" executionId="8950f1a6-993b-4df7-9048-9163dd2b5a85" testListId="8c84fa94-04c1-424b-9868-57a2d4851a1d" />
    <TestEntry testId="bafee3ee-9889-56d2-8e3d-2c651a7649c3" executionId="f8138380-2e55-4ebf-895d-e2d8da04fc4b" testListId="8c84fa94-04c1-424b-9868-57a2d4851a1d" />
    <TestEntry testId="cc7d6c48-2140-f681-276a-ee6d54b1f129" executionId="2f225686-1373-4440-93fd-175a8ab2255b" testListId="8c84fa94-04c1-424b-9868-57a2d4851a1d" />
    <TestEntry testId="1986b1a1-c98c-3d3a-7942-85a1e1c43315" executionId="e740eef8-334c-4af4-9d6f-0c46fc294fce" testListId="8c84fa94-04c1-424b-9868-57a2d4851a1d" />
    <TestEntry testId="0739d753-ed0a-2224-af37-24f0fcbbbd00" executionId="98a91228-a154-46ab-82cc-4c56d17b76bf" testListId="8c84fa94-04c1-424b-9868-57a2d4851a1d" />
    <TestEntry testId="32346c07-b161-6e9f-65c2-990bcbe58b07" executionId="b5083e32-23cb-421e-a25a-9190c938607d" testListId="8c84fa94-04c1-424b-9868-57a2d4851a1d" />
    <TestEntry testId="3aa6da58-73c8-f8a3-c690-8bbd80282877" executionId="46b923e0-d054-49f5-979d-4a65b811e201" testListId="8c84fa94-04c1-424b-9868-57a2d4851a1d" />
    <TestEntry testId="d87ccf8e-ab46-94a5-7597-e2ef80212732" executionId="eba7fcd3-6bfc-4107-962e-68583a44f967" testListId="8c84fa94-04c1-424b-9868-57a2d4851a1d" />
    <TestEntry testId="055fec57-4e1c-11c8-a858-911643af23bd" executionId="91d79d8f-a080-4f55-bf7a-b10838f832f8" testListId="8c84fa94-04c1-424b-9868-57a2d4851a1d" />
    <TestEntry testId="f51f29d9-e43f-bc49-2068-6f7ccdbadb29" executionId="e7126c58-2776-4d8b-af9e-79e87744be10" testListId="8c84fa94-04c1-424b-9868-57a2d4851a1d" />
    <TestEntry testId="2194158b-3f8a-54e0-368a-945d72c0c309" executionId="efde6d98-253a-4962-82be-1791256b145d" testListId="8c84fa94-04c1-424b-9868-57a2d4851a1d" />
    <TestEntry testId="45a5b31d-d8ee-81e0-0e1d-a198d7cba5b5" executionId="f004c752-ade1-42f6-affe-823fe66eaa19" testListId="8c84fa94-04c1-424b-9868-57a2d4851a1d" />
    <TestEntry testId="c7272717-4c66-ee9c-96d1-b74d86b61eb8" executionId="7c6495ae-33a5-4754-87b3-57c5f3d897f9" testListId="8c84fa94-04c1-424b-9868-57a2d4851a1d" />
    <TestEntry testId="94f0cede-3e3b-c04d-89cc-8dfe2520972c" executionId="ec1cd0d4-790a-4834-a22b-043ed13de189" testListId="8c84fa94-04c1-424b-9868-57a2d4851a1d" />
    <TestEntry testId="0d6018bc-c4c3-ac7c-618e-ae3024a5dbea" executionId="bb150f85-dca0-4aaf-8129-6a90d8730ee9" testListId="8c84fa94-04c1-424b-9868-57a2d4851a1d" />
    <TestEntry testId="979704d6-636b-33ea-e33f-cc67613aefb0" executionId="bd6611c4-47ca-4966-94e2-b175f1f6d0d8" testListId="8c84fa94-04c1-424b-9868-57a2d4851a1d" />
    <TestEntry testId="9a37fdb2-9bc9-44c3-d032-3d58a5dce31d" executionId="48f2ee8b-4079-4f15-9afe-71df3dfe1750" testListId="8c84fa94-04c1-424b-9868-57a2d4851a1d" />
    <TestEntry testId="076b3f7c-bfd3-700c-3093-f885fe165b03" executionId="c9bc20f4-ebb3-4f15-8386-ebf43eb64e71" testListId="8c84fa94-04c1-424b-9868-57a2d4851a1d" />
    <TestEntry testId="4b9288d3-23bb-6d5e-ced0-2389f5e0b638" executionId="0d037271-1e28-499b-8d7a-c005ba38f503" testListId="8c84fa94-04c1-424b-9868-57a2d4851a1d" />
    <TestEntry testId="bb2394ba-110a-90c0-2182-1e3775f73d05" executionId="e021ea38-0af1-4683-bbdd-ae8b79b5ffd6" testListId="8c84fa94-04c1-424b-9868-57a2d4851a1d" />
    <TestEntry testId="b58c1648-01cd-8d33-8125-f2d9795f377d" executionId="1add65ee-9127-4d2a-875d-1a34e183619c" testListId="8c84fa94-04c1-424b-9868-57a2d4851a1d" />
    <TestEntry testId="9a2bcce2-54c7-2ac9-248c-c072785d5cf2" executionId="02b220fe-7da6-4590-9e71-50464d032da5" testListId="8c84fa94-04c1-424b-9868-57a2d4851a1d" />
    <TestEntry testId="df3e2c77-7f8f-57bd-4668-f3110adbfbc8" executionId="437b5d7f-2308-4876-9ba0-5e02c4c58427" testListId="8c84fa94-04c1-424b-9868-57a2d4851a1d" />
    <TestEntry testId="e62a06d7-081f-b513-c2d5-80ddeebcb813" executionId="18220222-5e3b-46d9-8492-8855b59de9a0" testListId="8c84fa94-04c1-424b-9868-57a2d4851a1d" />
    <TestEntry testId="7f38c64c-30e5-6f29-b1b2-933630e715de" executionId="b236ba83-17e1-4447-813a-32ac0e09d459" testListId="8c84fa94-04c1-424b-9868-57a2d4851a1d" />
    <TestEntry testId="d1db99c9-780d-a1a8-cf4e-cc5ed7bbc5dc" executionId="5d9f31f4-81df-4571-8a53-cfb6d9039d5b" testListId="8c84fa94-04c1-424b-9868-57a2d4851a1d" />
    <TestEntry testId="eaa6b024-a03d-d1dd-abf3-1b023d2d51e1" executionId="9efb5fbc-94c6-493d-84b4-8fd9ee0c1501" testListId="8c84fa94-04c1-424b-9868-57a2d4851a1d" />
    <TestEntry testId="f6a49bae-16a9-096b-f816-1c54e1a6b8b7" executionId="b1d91ff2-11f8-4348-be0e-fd09c6d8e966" testListId="8c84fa94-04c1-424b-9868-57a2d4851a1d" />
    <TestEntry testId="ded3a712-fe17-74f4-ce2a-e02d4a5da442" executionId="92cdf8b1-723b-46d7-b785-e394700f186a" testListId="8c84fa94-04c1-424b-9868-57a2d4851a1d" />
    <TestEntry testId="0ed4f192-4727-c437-89cc-2b16440ebef0" executionId="e667b1aa-12c7-48fd-99ec-a0ea90c5a1a9" testListId="8c84fa94-04c1-424b-9868-57a2d4851a1d" />
    <TestEntry testId="2151d041-2bc8-f3a7-2b84-0e6fe76ff3f0" executionId="b22129e2-ed6e-4965-9fe1-abe9580923e2" testListId="8c84fa94-04c1-424b-9868-57a2d4851a1d" />
    <TestEntry testId="a89532f2-9366-df90-5e03-76517aae2ef6" executionId="5ad22c92-87f0-4d36-8664-21aa86e866c8" testListId="8c84fa94-04c1-424b-9868-57a2d4851a1d" />
    <TestEntry testId="d633a901-6eef-f5d7-952c-569ae3ddce8f" executionId="75630d23-9819-4776-bbb8-ee204855175c" testListId="8c84fa94-04c1-424b-9868-57a2d4851a1d" />
    <TestEntry testId="e06b8219-62b1-a0bc-a073-2837868b5c0e" executionId="85e46506-30b5-4e05-acbe-73df43bc904d" testListId="8c84fa94-04c1-424b-9868-57a2d4851a1d" />
    <TestEntry testId="251bbc15-9ad4-e7e2-3a95-fab7be0e3e27" executionId="3e71adf5-5a69-4c48-9c66-9e3611d6b555" testListId="8c84fa94-04c1-424b-9868-57a2d4851a1d" />
    <TestEntry testId="0abcfe7a-76aa-b17b-ee97-af3fbbea9a33" executionId="da448a3e-868b-4a3b-9aa2-f0397a6e4692" testListId="8c84fa94-04c1-424b-9868-57a2d4851a1d" />
    <TestEntry testId="adafe729-87a5-6f47-8e2f-84195056d442" executionId="eb601577-b630-4903-8b58-bbd57e4e2e23" testListId="8c84fa94-04c1-424b-9868-57a2d4851a1d" />
    <TestEntry testId="5fe9c184-b316-2ed8-da8c-d7dc0b588adb" executionId="70aa9e9d-86c4-4e4d-8b6a-b7f0a77e3ed3" testListId="8c84fa94-04c1-424b-9868-57a2d4851a1d" />
    <TestEntry testId="37d09489-36bf-8c23-e75f-f494d92ed465" executionId="4c214c97-4908-4e10-be9c-88d7faeef3e9" testListId="8c84fa94-04c1-424b-9868-57a2d4851a1d" />
    <TestEntry testId="b6db6a04-ac79-c80a-e7d6-d9ff2d42f5f4" executionId="da90048b-b0ad-44c0-a6aa-2ec916948d96" testListId="8c84fa94-04c1-424b-9868-57a2d4851a1d" />
    <TestEntry testId="1cc15eeb-9d05-d094-9231-53ade30093a7" executionId="0fb0ecbc-cd30-4d6b-923a-4f33c1093f96" testListId="8c84fa94-04c1-424b-9868-57a2d4851a1d" />
    <TestEntry testId="e8e3664d-13e4-e628-073d-8b88b9f9785c" executionId="c9f9227b-2dc0-4290-b82f-b28c6cd7857f" testListId="8c84fa94-04c1-424b-9868-57a2d4851a1d" />
    <TestEntry testId="419d247e-1033-df66-fcc5-471a4ec8f5e3" executionId="9295b32f-4fbb-4ee1-8551-de3b0b045f31" testListId="8c84fa94-04c1-424b-9868-57a2d4851a1d" />
    <TestEntry testId="4d4e339b-9d29-e85f-f9ef-3112de40381f" executionId="920bb630-862a-41b9-b437-a137a0c0f02f" testListId="8c84fa94-04c1-424b-9868-57a2d4851a1d" />
    <TestEntry testId="ef8075a8-e8bb-22f0-871e-f2b168e2c55c" executionId="d66d7f23-b504-4eb8-9c47-5cfc0fbbb385" testListId="8c84fa94-04c1-424b-9868-57a2d4851a1d" />
    <TestEntry testId="a9fb7030-78aa-b78d-bae0-0e3e80a09140" executionId="acef0760-232c-486f-a0b5-7ad1783719e5" testListId="8c84fa94-04c1-424b-9868-57a2d4851a1d" />
    <TestEntry testId="ddfa2a9a-e29a-9dfc-0603-2fa2e9e89c67" executionId="c6924054-4add-4019-a514-375afc3ee48e" testListId="8c84fa94-04c1-424b-9868-57a2d4851a1d" />
    <TestEntry testId="2af17ceb-e4a7-e57a-8e57-17ad33ae72e3" executionId="71419bb7-b30e-4f2a-8783-a4bb3e40488c" testListId="8c84fa94-04c1-424b-9868-57a2d4851a1d" />
    <TestEntry testId="e97847d9-9bdd-db77-8bd9-477fffb0c503" executionId="a5ecdc5c-d058-44b7-8f45-1bc4961188cf" testListId="8c84fa94-04c1-424b-9868-57a2d4851a1d" />
    <TestEntry testId="9cf8eb03-8fbc-6ccc-0fef-ebebfde3ba22" executionId="aa0469a2-5e63-43f7-b293-ae3cbce9ea36" testListId="8c84fa94-04c1-424b-9868-57a2d4851a1d" />
    <TestEntry testId="eb81fa5f-83e5-54db-0bb8-c928bd6f40f1" executionId="a8edcfa9-d00f-45f9-a9fc-f7932594b603" testListId="8c84fa94-04c1-424b-9868-57a2d4851a1d" />
    <TestEntry testId="502c40b3-55a9-ed63-c19a-b15f001d74e2" executionId="96721ebb-194e-43ed-a510-286bde9485f4" testListId="8c84fa94-04c1-424b-9868-57a2d4851a1d" />
    <TestEntry testId="5f3735b0-854d-d423-adfb-f959d02e73f7" executionId="6c6ce39f-f9b6-4bd1-8b44-74d867d142cb" testListId="8c84fa94-04c1-424b-9868-57a2d4851a1d" />
    <TestEntry testId="f8f9d6d7-bbea-21e2-5568-87ea7f6744b9" executionId="284b6c6f-0ed9-46ab-ba95-8219c13a39c5" testListId="8c84fa94-04c1-424b-9868-57a2d4851a1d" />
    <TestEntry testId="73bcea4a-0bf6-aaca-b16b-8e4d59f9059e" executionId="820a064f-0f2d-43b7-8c6b-2dee47077514" testListId="8c84fa94-04c1-424b-9868-57a2d4851a1d" />
    <TestEntry testId="112056a7-90b6-3caa-8868-b79786565857" executionId="dc10b745-d860-4618-a68d-b73081ffea23" testListId="8c84fa94-04c1-424b-9868-57a2d4851a1d" />
    <TestEntry testId="0d82bc84-08a9-ffda-b09d-d44b4e74eec6" executionId="e4fadef4-5a34-4005-8b9a-18e163357299" testListId="8c84fa94-04c1-424b-9868-57a2d4851a1d" />
    <TestEntry testId="bf0f3eb7-c08a-24a8-fd8d-3d7e3051107b" executionId="c469fd66-d28e-4939-83be-2e7200158af9" testListId="8c84fa94-04c1-424b-9868-57a2d4851a1d" />
    <TestEntry testId="cd41d103-9666-3d37-803b-9b59446c01c4" executionId="0d4a60cd-6f79-4066-a508-465159cda91b" testListId="8c84fa94-04c1-424b-9868-57a2d4851a1d" />
    <TestEntry testId="c0f25143-2b07-04f3-95cc-c9746948afb7" executionId="78505d7e-b323-4f1a-8ccf-6a2e517411a4" testListId="8c84fa94-04c1-424b-9868-57a2d4851a1d" />
    <TestEntry testId="d28e2add-d838-2ebe-df2d-b5dd0d3b773e" executionId="433c544d-e057-48f5-b136-88276b136f35" testListId="8c84fa94-04c1-424b-9868-57a2d4851a1d" />
    <TestEntry testId="b828fc0d-bf07-676e-b8c0-6e0aa44c3171" executionId="1c433f4e-dd90-4dbc-866c-6f7786f0ca4a" testListId="8c84fa94-04c1-424b-9868-57a2d4851a1d" />
    <TestEntry testId="b59817a2-024b-f794-3f46-68714948a01a" executionId="461fe18f-b3a6-4910-8042-5eb5337e2c08" testListId="8c84fa94-04c1-424b-9868-57a2d4851a1d" />
    <TestEntry testId="a7d85aa3-fa07-4a18-0790-c9a84b87bfbf" executionId="d8222ed0-d2e6-4ea7-9719-e7eea308abc3" testListId="8c84fa94-04c1-424b-9868-57a2d4851a1d" />
    <TestEntry testId="c08a791c-2a2e-8ef9-53c2-680714283837" executionId="ffdfc587-cad3-4517-b9a0-143ce5d9a4c6" testListId="8c84fa94-04c1-424b-9868-57a2d4851a1d" />
    <TestEntry testId="77e25ad7-ee15-446a-9252-d1385f25c4e7" executionId="05ef0107-df3e-4dd0-b459-a1af138a9427" testListId="8c84fa94-04c1-424b-9868-57a2d4851a1d" />
    <TestEntry testId="77cb819c-64b0-1e13-63d3-0049263e7e77" executionId="53428213-3226-4cea-bb24-55072c7032f8" testListId="8c84fa94-04c1-424b-9868-57a2d4851a1d" />
    <TestEntry testId="ca7cf147-8883-8578-944a-0bb9c4bca4f5" executionId="cb1144dc-b5f6-4b4c-bdd6-afb2f962c5ae" testListId="8c84fa94-04c1-424b-9868-57a2d4851a1d" />
    <TestEntry testId="a5d2d781-ed08-2478-bb45-1d4f50c82554" executionId="212d13fd-d331-4884-ad7f-a270ac91daff" testListId="8c84fa94-04c1-424b-9868-57a2d4851a1d" />
    <TestEntry testId="d74171b4-c8ee-1912-2996-ae0e2e26eb23" executionId="cb025a6e-5494-4a9d-8fa8-340bb3620b8a" testListId="8c84fa94-04c1-424b-9868-57a2d4851a1d" />
    <TestEntry testId="96c01fa6-5d4d-3d03-7186-21835a01bdc8" executionId="04f6b26a-9c81-4530-baa6-0f40a1894bbe" testListId="8c84fa94-04c1-424b-9868-57a2d4851a1d" />
    <TestEntry testId="8a9d7602-dc5d-c902-e8f4-8ad4401141f1" executionId="02abefbd-be90-48b4-be28-86b02e335d45" testListId="8c84fa94-04c1-424b-9868-57a2d4851a1d" />
    <TestEntry testId="384612ec-11e1-c891-3d7e-9db254e6a2b4" executionId="22dc868e-aa9f-4fe2-9bca-5541774021b1" testListId="8c84fa94-04c1-424b-9868-57a2d4851a1d" />
    <TestEntry testId="7514081f-0084-9527-726e-372a541e02c5" executionId="529c6aab-c55b-4a9a-b902-a9caacbcf785" testListId="8c84fa94-04c1-424b-9868-57a2d4851a1d" />
    <TestEntry testId="2ebec913-cd49-9310-605b-052ec9777212" executionId="909f5168-5427-418a-beaf-596adeb21a64" testListId="8c84fa94-04c1-424b-9868-57a2d4851a1d" />
    <TestEntry testId="72e011e2-bf27-7ea5-75f9-295f8504211f" executionId="c739dfa4-bec2-492f-ada4-a4813931bba7" testListId="8c84fa94-04c1-424b-9868-57a2d4851a1d" />
    <TestEntry testId="0751b11b-a6a8-a4ef-30e1-f910838570cb" executionId="15090687-0fb3-4c80-8421-7095d0c3997f" testListId="8c84fa94-04c1-424b-9868-57a2d4851a1d" />
    <TestEntry testId="dbb67156-6168-60a5-400a-6afe6eb000f2" executionId="71b150da-b80f-4040-b876-e43fd0effde3" testListId="8c84fa94-04c1-424b-9868-57a2d4851a1d" />
    <TestEntry testId="0d808795-ca9e-3ec0-5d7b-6c498dbb0495" executionId="6984d562-6e17-4034-9aae-4aa404f5af6f" testListId="8c84fa94-04c1-424b-9868-57a2d4851a1d" />
    <TestEntry testId="787cef43-2dc9-190c-2e64-d5af6533289b" executionId="2568f5d2-3d0b-434f-9049-fd585f12fa0d" testListId="8c84fa94-04c1-424b-9868-57a2d4851a1d" />
    <TestEntry testId="017ca1fc-bbca-8181-b3ea-3373763e884b" executionId="1495954d-36a1-46e8-a909-63b46238de8d" testListId="8c84fa94-04c1-424b-9868-57a2d4851a1d" />
    <TestEntry testId="68aeee53-b239-e7d6-6e18-da94fac3a451" executionId="50938e4f-9ed4-4064-9b61-92733bf97415" testListId="8c84fa94-04c1-424b-9868-57a2d4851a1d" />
    <TestEntry testId="e59747a8-433f-61a0-e952-9d5b29617a9f" executionId="f17388a5-f4d3-4b25-8d62-696098858160" testListId="8c84fa94-04c1-424b-9868-57a2d4851a1d" />
    <TestEntry testId="03249ab3-78a8-f0c2-3edd-fa3544db15c9" executionId="ddae48fa-88fc-4554-9571-4efbf320a691" testListId="8c84fa94-04c1-424b-9868-57a2d4851a1d" />
    <TestEntry testId="7e29f92d-fa8b-6742-a856-fa32047034c5" executionId="608cb7db-6753-413a-9848-398b171cddad" testListId="8c84fa94-04c1-424b-9868-57a2d4851a1d" />
    <TestEntry testId="1400f8ec-69fd-4b7f-6a20-9938aff67002" executionId="3ebbeb75-113f-47c1-bc76-18cfca58c367" testListId="8c84fa94-04c1-424b-9868-57a2d4851a1d" />
    <TestEntry testId="a00a0db9-3140-48ef-5f63-6a059b1f6f40" executionId="d0e92df2-6087-487b-ac59-07b8842f65a9" testListId="8c84fa94-04c1-424b-9868-57a2d4851a1d" />
    <TestEntry testId="2253269e-957f-9bba-378c-fb3e844bd0a1" executionId="451efc82-5347-45b1-81ed-d9379abcc83a" testListId="8c84fa94-04c1-424b-9868-57a2d4851a1d" />
    <TestEntry testId="a69afd9b-81e8-28e1-2371-18b74a947656" executionId="dc379f12-1d1d-4a4b-89d7-3bd785d64bdf" testListId="8c84fa94-04c1-424b-9868-57a2d4851a1d" />
    <TestEntry testId="331cc2f7-a1fa-edcf-e9a4-854a4876fe8a" executionId="adfce95e-1f41-4b48-a91d-818f58541917" testListId="8c84fa94-04c1-424b-9868-57a2d4851a1d" />
    <TestEntry testId="4ef75591-ffb4-d566-94c9-bda5f50552b9" executionId="bc397797-a960-4f8e-bd92-270cfdd91b77" testListId="8c84fa94-04c1-424b-9868-57a2d4851a1d" />
    <TestEntry testId="ff67ffea-ea63-9682-e246-a48f70d1fb56" executionId="c50b2158-bbcb-443c-81d7-21593d30b824" testListId="8c84fa94-04c1-424b-9868-57a2d4851a1d" />
    <TestEntry testId="a1056dc3-d634-deb8-6537-d1daee422b62" executionId="9e7280a1-2a6e-4179-a03c-aa7733d909be" testListId="8c84fa94-04c1-424b-9868-57a2d4851a1d" />
    <TestEntry testId="9764b852-f92a-9e33-a48d-5ba73babe5d1" executionId="00158507-846e-4454-9b4d-2f28fee50c48" testListId="8c84fa94-04c1-424b-9868-57a2d4851a1d" />
    <TestEntry testId="034f9192-5731-ab77-854c-d5ad3844ecab" executionId="282156c0-b20b-48c8-831f-87e8f5aad11c" testListId="8c84fa94-04c1-424b-9868-57a2d4851a1d" />
    <TestEntry testId="9bed9c4d-df2b-32b1-c6ce-ea879f4b2fcd" executionId="1584ba0f-b692-4238-8249-3907bd07b2c6" testListId="8c84fa94-04c1-424b-9868-57a2d4851a1d" />
    <TestEntry testId="9e381b2f-7758-75e7-1187-5359a7cc2fcf" executionId="602a97d1-294a-4aa1-9368-fcd1bf39d9e6" testListId="8c84fa94-04c1-424b-9868-57a2d4851a1d" />
    <TestEntry testId="5ae458e4-bb73-ceec-2cfb-1eb05d691961" executionId="609b70f0-57a1-4d62-96e7-9d8f22bfef65" testListId="8c84fa94-04c1-424b-9868-57a2d4851a1d" />
    <TestEntry testId="a9c621d8-eb9e-3cd1-2b29-ed69514bad1f" executionId="0a2bfe0c-f53a-48d3-a34b-9c04e124a3bb" testListId="8c84fa94-04c1-424b-9868-57a2d4851a1d" />
    <TestEntry testId="bcd181d1-3270-76f5-9678-f35a85b0fff1" executionId="251c7ce2-232a-40f6-a533-ab48988af104" testListId="8c84fa94-04c1-424b-9868-57a2d4851a1d" />
    <TestEntry testId="82cc450a-0e9d-45d3-9478-f947af9d278f" executionId="e310cd43-cb46-46bc-ba58-9c40101a36b9" testListId="8c84fa94-04c1-424b-9868-57a2d4851a1d" />
    <TestEntry testId="5a63d239-8af4-ff24-ef04-165e809fc0f0" executionId="04304b12-08e7-4c75-b0a6-2ca29b54440f" testListId="8c84fa94-04c1-424b-9868-57a2d4851a1d" />
    <TestEntry testId="9bb60857-0889-c636-aa09-df7f3ffa4f70" executionId="f9e5b032-ac3e-4cf8-8e75-0c3f78f607e1" testListId="8c84fa94-04c1-424b-9868-57a2d4851a1d" />
    <TestEntry testId="1847f09f-3a3a-e54a-437b-e06a692092b8" executionId="82fccff8-53b0-4b64-9318-51b104c64090" testListId="8c84fa94-04c1-424b-9868-57a2d4851a1d" />
    <TestEntry testId="e641957d-86a3-9c73-8dcf-f9374b4233e0" executionId="8c41fb0c-98fb-428d-a9e0-fc078a8ac61e" testListId="8c84fa94-04c1-424b-9868-57a2d4851a1d" />
    <TestEntry testId="64486b5c-a699-4a15-d908-73d103db26bc" executionId="794ba924-e47d-439c-a9bc-ceccecbe750b" testListId="8c84fa94-04c1-424b-9868-57a2d4851a1d" />
    <TestEntry testId="e099abd9-c51a-27c3-fe30-7b74e00a337f" executionId="99907257-01a3-4faf-b4b3-b14be77a4049" testListId="8c84fa94-04c1-424b-9868-57a2d4851a1d" />
    <TestEntry testId="37e53818-7fa5-17d7-012c-004f89325673" executionId="2da8e8c4-7201-49fd-9b1b-0bd562fbba24" testListId="8c84fa94-04c1-424b-9868-57a2d4851a1d" />
    <TestEntry testId="afbbae00-ce73-0862-4d3c-578f15f46774" executionId="bc8b2131-ecf4-472e-9b3a-fe52269ff497" testListId="8c84fa94-04c1-424b-9868-57a2d4851a1d" />
    <TestEntry testId="80d3734c-ba9f-0770-a478-3dd6f9b70cb0" executionId="93244b0a-f3a2-41d9-8887-69dc5ca4d948" testListId="8c84fa94-04c1-424b-9868-57a2d4851a1d" />
    <TestEntry testId="ed116d32-6ba7-9bd1-6680-6c13ee07292b" executionId="ea6fd43a-d51b-4805-a57a-16f2f50635bc" testListId="8c84fa94-04c1-424b-9868-57a2d4851a1d" />
    <TestEntry testId="bfa1b3ee-d7a8-b11e-2134-8a3b879aa609" executionId="f2252b37-ff76-45ad-bb3d-c46b738550f9" testListId="8c84fa94-04c1-424b-9868-57a2d4851a1d" />
    <TestEntry testId="63140182-f7a2-6346-fbd9-3f80901df2c9" executionId="69676b03-d024-4854-aabc-ac04b72c6106" testListId="8c84fa94-04c1-424b-9868-57a2d4851a1d" />
    <TestEntry testId="9af46142-b025-7ff1-cd86-b161fef30f97" executionId="a6caa14e-d8c2-4cc8-9cfa-092484fba250" testListId="8c84fa94-04c1-424b-9868-57a2d4851a1d" />
    <TestEntry testId="2f5e415d-a063-a3ff-febb-2ffdc85ba98d" executionId="2673f82f-60a7-4e74-bf3f-2c28bcb013e6" testListId="8c84fa94-04c1-424b-9868-57a2d4851a1d" />
    <TestEntry testId="c9dc0f3f-e108-0c1a-7cef-09dcecce5469" executionId="99048fca-6867-4c54-8a97-95b71214a1f7" testListId="8c84fa94-04c1-424b-9868-57a2d4851a1d" />
    <TestEntry testId="81074b63-819a-5707-3f0a-c12b1496d111" executionId="a5e33219-4be9-4b62-b457-d516382094f7" testListId="8c84fa94-04c1-424b-9868-57a2d4851a1d" />
    <TestEntry testId="c61ee3ae-8895-24a4-03be-5c9acbad429f" executionId="b1be305a-b7c2-41ff-a1bc-bc4819a9c29e" testListId="8c84fa94-04c1-424b-9868-57a2d4851a1d" />
    <TestEntry testId="f03f6860-12a5-6960-814c-3c29d5bd5d06" executionId="74ab4143-4b21-4d47-abc9-9b40881f2001" testListId="8c84fa94-04c1-424b-9868-57a2d4851a1d" />
    <TestEntry testId="650f8125-7e62-0be3-dcfc-dc1202eb9625" executionId="095b86a5-5c2e-4659-bf1b-c657071ad0a6" testListId="8c84fa94-04c1-424b-9868-57a2d4851a1d" />
    <TestEntry testId="5481b8f6-7923-7c75-9ba8-6b8dff0a8582" executionId="24d9b1fa-c758-4f32-97f6-9368680b5e5a" testListId="8c84fa94-04c1-424b-9868-57a2d4851a1d" />
    <TestEntry testId="c5439243-290e-2a67-aa6b-588710f39fb3" executionId="4da08a5d-1366-4257-a3af-ebc3ff70a5cb" testListId="8c84fa94-04c1-424b-9868-57a2d4851a1d" />
    <TestEntry testId="3323ac76-0104-2779-2a9d-3f5ae9693296" executionId="1c380cf2-7937-467e-9c27-c6b7f527134e" testListId="8c84fa94-04c1-424b-9868-57a2d4851a1d" />
    <TestEntry testId="7848596b-c8d5-bd4c-d7fe-380e3b0f13fa" executionId="5f7898a2-fb23-435e-9f1b-bab9717f14a8" testListId="8c84fa94-04c1-424b-9868-57a2d4851a1d" />
    <TestEntry testId="ff088bf9-c4c9-daf8-12f7-40d9669dd362" executionId="ac25135f-943f-4dad-be5a-de8a36dcff68" testListId="8c84fa94-04c1-424b-9868-57a2d4851a1d" />
    <TestEntry testId="256b0aa4-ca9e-f9c0-c01a-e5ce082d7933" executionId="59b53f89-30a9-4829-a1f3-82584ef1485c" testListId="8c84fa94-04c1-424b-9868-57a2d4851a1d" />
    <TestEntry testId="45c93144-7308-3312-8730-30e05720d551" executionId="cd25b753-ebb7-4c31-a7df-48de396c46c8" testListId="8c84fa94-04c1-424b-9868-57a2d4851a1d" />
    <TestEntry testId="48c41a45-a694-6e7a-7100-4b0ce75fbb19" executionId="509829c5-d2b5-4920-9930-d8e1f8593ab3" testListId="8c84fa94-04c1-424b-9868-57a2d4851a1d" />
    <TestEntry testId="9c8eee20-620b-e0aa-1580-d34a7e65e392" executionId="c1373a31-e80e-4949-a99a-88946b21d572" testListId="8c84fa94-04c1-424b-9868-57a2d4851a1d" />
    <TestEntry testId="0a2dd6c8-dd3b-c34c-d236-39c95cee3b33" executionId="28d0258d-0588-41cf-95bf-ea9d139bb6dc" testListId="8c84fa94-04c1-424b-9868-57a2d4851a1d" />
    <TestEntry testId="8c128bb7-55c2-1507-f225-4df0c4a48630" executionId="3aa0b400-3705-4338-9c31-bbdfedbe8876" testListId="8c84fa94-04c1-424b-9868-57a2d4851a1d" />
    <TestEntry testId="3326d350-1af4-4add-085b-c52b861e91af" executionId="0a1f3897-de7c-4fa0-bdee-97b721d73235" testListId="8c84fa94-04c1-424b-9868-57a2d4851a1d" />
    <TestEntry testId="179615f5-c9e6-0457-24a4-7182fdaf1108" executionId="9e9511bc-f208-4dcb-9033-dc348e6cf4ef" testListId="8c84fa94-04c1-424b-9868-57a2d4851a1d" />
    <TestEntry testId="6997fb4f-bee2-69ca-461b-7845f1fa191c" executionId="1fd5e3c6-eb05-4c60-b099-f0a646769026" testListId="8c84fa94-04c1-424b-9868-57a2d4851a1d" />
    <TestEntry testId="ff7ab5c9-17cd-23b9-cfc1-99026e4f14ac" executionId="eb34db80-fd8e-4baa-b86c-443e40ab55b8" testListId="8c84fa94-04c1-424b-9868-57a2d4851a1d" />
    <TestEntry testId="05d3ca05-7d6a-4ccb-9500-bddd30f80ece" executionId="5097370d-a492-42c6-b974-b31a716e01fe" testListId="8c84fa94-04c1-424b-9868-57a2d4851a1d" />
    <TestEntry testId="30e1c064-5a9f-94cf-3bb0-81267bf9f82e" executionId="bdcdcddb-6d70-4bb4-b4b6-f0304e136578" testListId="8c84fa94-04c1-424b-9868-57a2d4851a1d" />
    <TestEntry testId="53367b44-34c3-c14f-ebad-d28df1741450" executionId="72203a44-a8c7-4bd3-8312-e59098318926" testListId="8c84fa94-04c1-424b-9868-57a2d4851a1d" />
    <TestEntry testId="8f93d79c-66e7-77f7-7d43-554a5055be47" executionId="dd37d1e0-66c7-4fbd-8992-aa86f507b1c1" testListId="8c84fa94-04c1-424b-9868-57a2d4851a1d" />
    <TestEntry testId="c212e24b-1c29-9890-50c8-57d6096284d3" executionId="8eca60cd-d4ff-4b47-9624-c987cbaac685" testListId="8c84fa94-04c1-424b-9868-57a2d4851a1d" />
    <TestEntry testId="9af1084a-697b-14e3-b169-a799a0af5e73" executionId="61344965-ad71-496e-8954-1d9693b8128e" testListId="8c84fa94-04c1-424b-9868-57a2d4851a1d" />
    <TestEntry testId="e605935b-b7df-1383-2d29-96bb8b33e684" executionId="ab1c99aa-a8e4-4777-ac89-7a32c19cddd8" testListId="8c84fa94-04c1-424b-9868-57a2d4851a1d" />
    <TestEntry testId="731a3faa-831a-30a7-eac4-75c26e15a8d7" executionId="730191d9-71a3-4682-80dc-d98edb597f30" testListId="8c84fa94-04c1-424b-9868-57a2d4851a1d" />
    <TestEntry testId="13946824-77dd-557e-ea95-b0f908b787b1" executionId="ab8b9882-884e-45ac-a4e5-b499c3ad00f5" testListId="8c84fa94-04c1-424b-9868-57a2d4851a1d" />
    <TestEntry testId="1f661c1f-d0bf-b374-44cc-db7131efefe7" executionId="3df91a05-c938-4b89-b6cc-a3cb16a305db" testListId="8c84fa94-04c1-424b-9868-57a2d4851a1d" />
    <TestEntry testId="d674a2b2-91f4-595f-2a5d-e8f6a4053ca1" executionId="24e4d6eb-0058-4fad-8f3e-3e2238cafae8" testListId="8c84fa94-04c1-424b-9868-57a2d4851a1d" />
    <TestEntry testId="1c4368b6-2172-3b52-0d12-0d33b2fcef8b" executionId="2a01d7e6-d960-482a-a874-3917ca3bd642" testListId="8c84fa94-04c1-424b-9868-57a2d4851a1d" />
    <TestEntry testId="58e741bd-777c-df5d-d9c1-457b2c873d32" executionId="1497482c-478c-4906-ad2f-2d8bb6fd0453" testListId="8c84fa94-04c1-424b-9868-57a2d4851a1d" />
    <TestEntry testId="9538a911-f018-0a3e-26cb-52278d332f56" executionId="5525df72-3e09-46e2-89f1-f2d1cc1f23c4" testListId="8c84fa94-04c1-424b-9868-57a2d4851a1d" />
    <TestEntry testId="5f1f475f-1270-641d-7d41-d4acd777aabd" executionId="162aaf5d-e1b3-45e2-ab90-36c4de23e216" testListId="8c84fa94-04c1-424b-9868-57a2d4851a1d" />
    <TestEntry testId="75fb03cc-a2de-116e-3a3c-32d118eb526b" executionId="2005d6ec-f22b-4920-a17a-100d75cef567" testListId="8c84fa94-04c1-424b-9868-57a2d4851a1d" />
    <TestEntry testId="a9271829-fbf1-47a3-aed7-368db58e22e7" executionId="44c7342c-1783-4128-a3c1-759aa9d37c32" testListId="8c84fa94-04c1-424b-9868-57a2d4851a1d" />
    <TestEntry testId="13dfd982-ae8a-b137-0e11-07b0f29632c1" executionId="a7e6b231-ca3d-48a5-8779-ed4747599c34" testListId="8c84fa94-04c1-424b-9868-57a2d4851a1d" />
    <TestEntry testId="80f5a640-ad10-06cf-9198-39d7a4c7c709" executionId="a73deea9-b99c-408b-ac8c-6455dc8b3070" testListId="8c84fa94-04c1-424b-9868-57a2d4851a1d" />
    <TestEntry testId="a73e7657-df2c-963a-69ef-cc5459fb4c2b" executionId="629bf365-0d7b-4fb3-a48d-d4f4f46764ee" testListId="8c84fa94-04c1-424b-9868-57a2d4851a1d" />
    <TestEntry testId="5d30b17d-1a70-2e78-f289-4e82f0d205e6" executionId="fedd24d0-8175-4ced-812d-a70b55d6b559" testListId="8c84fa94-04c1-424b-9868-57a2d4851a1d" />
    <TestEntry testId="2816ac64-5eac-8f30-91ba-bdceffb7dd71" executionId="2cfa1416-24e0-4fff-bdc7-d5c9557a0a8f" testListId="8c84fa94-04c1-424b-9868-57a2d4851a1d" />
    <TestEntry testId="f6807856-920c-b4f6-bd05-450a0bb2d3bd" executionId="1a01992d-a1e7-43c9-b893-b81a36d43409" testListId="8c84fa94-04c1-424b-9868-57a2d4851a1d" />
    <TestEntry testId="ead5e525-476c-e9b0-a913-d40736b344c3" executionId="461fbeee-854e-4828-a838-0d72bf43dce3" testListId="8c84fa94-04c1-424b-9868-57a2d4851a1d" />
    <TestEntry testId="df465776-c4f6-f76e-1fec-b3cfe705b591" executionId="5f392e8f-3191-4af8-aeb9-f2cd02fd943e" testListId="8c84fa94-04c1-424b-9868-57a2d4851a1d" />
    <TestEntry testId="2b8726cc-d2f8-9e6e-5458-ee24b8425f17" executionId="c0b753f9-6851-4bfc-83a7-196b26e60624" testListId="8c84fa94-04c1-424b-9868-57a2d4851a1d" />
    <TestEntry testId="281669ef-629b-f1d2-33b2-c7fad7ee0226" executionId="c0ca860b-bbe4-4c11-bea9-45275350d5a4" testListId="8c84fa94-04c1-424b-9868-57a2d4851a1d" />
    <TestEntry testId="6fd88d41-992e-23c0-e35a-a1d1b838cd50" executionId="c15a2cce-f9a9-473c-8b89-7c948ce0d4a1" testListId="8c84fa94-04c1-424b-9868-57a2d4851a1d" />
    <TestEntry testId="de1aa414-8fbd-dead-288e-d558b1305dac" executionId="67a1a518-2935-4924-87f9-e629a6117bdb" testListId="8c84fa94-04c1-424b-9868-57a2d4851a1d" />
    <TestEntry testId="50bd341a-c773-af8f-d72d-637dadce7bec" executionId="25f7c1f4-703b-42a4-abaf-60c4245b0e31" testListId="8c84fa94-04c1-424b-9868-57a2d4851a1d" />
    <TestEntry testId="cbad7040-1370-8b80-f9ed-c7be376f327f" executionId="c536c1f1-ca5d-4a8e-8071-3b671fd953c0" testListId="8c84fa94-04c1-424b-9868-57a2d4851a1d" />
    <TestEntry testId="bcd74692-fcc7-2c4c-b52b-85aae8ab43ad" executionId="d76b090f-5e41-4c91-9f1a-696123710d8a" testListId="8c84fa94-04c1-424b-9868-57a2d4851a1d" />
    <TestEntry testId="a1a0e8aa-488b-d813-0baf-a61aa194c928" executionId="81461495-6e25-45ca-93fc-168bb5d4c5ad" testListId="8c84fa94-04c1-424b-9868-57a2d4851a1d" />
    <TestEntry testId="e8ec7e81-c75e-50ea-5d4f-c58eeb7d8270" executionId="5de94cae-7d1a-44ab-8ad1-f5449a34f04d" testListId="8c84fa94-04c1-424b-9868-57a2d4851a1d" />
    <TestEntry testId="178d037f-daf8-5717-a393-b090c90da1cf" executionId="5a842319-3f08-4a75-96b9-4f65b2fdd333" testListId="8c84fa94-04c1-424b-9868-57a2d4851a1d" />
    <TestEntry testId="fa34dc68-0a28-d88d-9f8e-755de73cf02d" executionId="e691a8d5-297d-437e-bc54-7ae54f8061f2" testListId="8c84fa94-04c1-424b-9868-57a2d4851a1d" />
    <TestEntry testId="33b74559-764f-421e-252d-cd475c561f9a" executionId="797a0819-8bca-465c-a74a-ee1fb4a7b058" testListId="8c84fa94-04c1-424b-9868-57a2d4851a1d" />
    <TestEntry testId="6aa06741-b93f-b24b-6ccf-f7d51617fc30" executionId="59aff417-2574-408d-af29-b4faa8113e83" testListId="8c84fa94-04c1-424b-9868-57a2d4851a1d" />
    <TestEntry testId="d9756703-fed3-1fb8-7195-5dae810af3cf" executionId="e6ecf4d3-c0d5-4c52-8507-99477c5c4d5b" testListId="8c84fa94-04c1-424b-9868-57a2d4851a1d" />
    <TestEntry testId="d0528706-3be3-396a-77f7-4d1c86caa17a" executionId="609e3f6a-3c2e-49cb-9a09-497bbca2b04d" testListId="8c84fa94-04c1-424b-9868-57a2d4851a1d" />
    <TestEntry testId="19a6af43-eb02-cc32-570b-ae7c8852f08e" executionId="3fb6cc0b-35c3-4e7b-9d97-a174141be437" testListId="8c84fa94-04c1-424b-9868-57a2d4851a1d" />
    <TestEntry testId="d2ca44f4-b0fb-ea99-f88d-5612fe812eb3" executionId="2fffa156-183a-4865-b68c-6e153fe1a74c" testListId="8c84fa94-04c1-424b-9868-57a2d4851a1d" />
    <TestEntry testId="3fe65711-0b55-7192-8237-90b45a462066" executionId="b0cf8265-075b-45b9-8ae1-855cd094e6ac" testListId="8c84fa94-04c1-424b-9868-57a2d4851a1d" />
    <TestEntry testId="52dd4d5a-f28a-3449-7987-33dfda351248" executionId="cb735e5b-34f9-485d-9542-715e1c793d58" testListId="8c84fa94-04c1-424b-9868-57a2d4851a1d" />
    <TestEntry testId="9c7fd1db-1277-0ff0-b26a-428fd3366acd" executionId="cfbe51d2-db04-46d7-a6eb-22ce241b735c" testListId="8c84fa94-04c1-424b-9868-57a2d4851a1d" />
    <TestEntry testId="c5aa0d75-50a2-309f-29ef-6a7a3d1053ab" executionId="f72b5d94-2085-4682-a020-8e33b3024a03" testListId="8c84fa94-04c1-424b-9868-57a2d4851a1d" />
    <TestEntry testId="d4cfd815-487d-e378-1f28-dc4676158012" executionId="bda35634-6551-4211-81b1-d21ad4d1ed74" testListId="8c84fa94-04c1-424b-9868-57a2d4851a1d" />
    <TestEntry testId="cf6ce7eb-96c1-8a55-15f9-4fb2522dc822" executionId="d2593cfd-bf83-44dd-bd15-cfbfce037889" testListId="8c84fa94-04c1-424b-9868-57a2d4851a1d" />
    <TestEntry testId="48499d12-acd9-8513-1f00-a2b49278b2fc" executionId="e965e35c-f158-43ef-9ac8-0dfdd08150a7" testListId="8c84fa94-04c1-424b-9868-57a2d4851a1d" />
    <TestEntry testId="595bfab0-5cd9-2edb-fcf1-e6874dc93e48" executionId="c67afd85-01f1-4321-9d27-a21bda2e108c" testListId="8c84fa94-04c1-424b-9868-57a2d4851a1d" />
    <TestEntry testId="9ee4d82e-bba5-9c6c-1803-31366568eb6e" executionId="88c30905-06b8-4ab5-b569-b15abc74c64a" testListId="8c84fa94-04c1-424b-9868-57a2d4851a1d" />
    <TestEntry testId="d04a2ff8-d519-5ad7-fd64-a85e9b9ae68c" executionId="641b6558-9ba8-4ab0-a0f0-65a9af4472ac" testListId="8c84fa94-04c1-424b-9868-57a2d4851a1d" />
    <TestEntry testId="8a663fa2-76ee-caf2-967f-999f9c7a5bb3" executionId="fe508ad4-06a1-45ac-a0b1-986264be3bb6" testListId="8c84fa94-04c1-424b-9868-57a2d4851a1d" />
    <TestEntry testId="3dca0048-5c2b-c7cd-4eca-6367cfc4f1ca" executionId="6100b7ee-c2ca-4d21-bee7-e3c9cff3b4ed" testListId="8c84fa94-04c1-424b-9868-57a2d4851a1d" />
    <TestEntry testId="a006362c-c876-0d68-dfa7-4b9381a2f95f" executionId="307a60b0-3856-4a39-87f8-2471365a029e" testListId="8c84fa94-04c1-424b-9868-57a2d4851a1d" />
    <TestEntry testId="8e549758-1d04-7bb3-a187-b61fc529196f" executionId="0665bf81-a644-4f04-b095-b1ff00425ba4" testListId="8c84fa94-04c1-424b-9868-57a2d4851a1d" />
    <TestEntry testId="170260b6-6610-99a8-adfb-d2dcbd80a40f" executionId="3a9a8abc-46ee-4301-91ff-2a39127f82ac" testListId="8c84fa94-04c1-424b-9868-57a2d4851a1d" />
    <TestEntry testId="95df1eac-f3bd-b207-f98c-5233af246763" executionId="83f35140-cb57-418a-a46f-6d4b970c4c66" testListId="8c84fa94-04c1-424b-9868-57a2d4851a1d" />
    <TestEntry testId="4858eca7-ac2a-e51a-34d1-70891bbff583" executionId="ef324dbe-1d9e-4676-935a-202898600a4a" testListId="8c84fa94-04c1-424b-9868-57a2d4851a1d" />
    <TestEntry testId="3b212d04-f6e8-ace9-1475-1632b0249f80" executionId="e1ccedbd-20ea-4c66-bb2c-adbf56765fa4" testListId="8c84fa94-04c1-424b-9868-57a2d4851a1d" />
    <TestEntry testId="758b94a4-3e83-213a-e897-268aa753a08f" executionId="c73f9ca9-28e6-49ea-899f-6c13440a4293" testListId="8c84fa94-04c1-424b-9868-57a2d4851a1d" />
    <TestEntry testId="015022db-d96e-2b60-5477-1c6f1fa9a487" executionId="2ee7f574-7c57-4c0a-8516-011ce5807d97" testListId="8c84fa94-04c1-424b-9868-57a2d4851a1d" />
    <TestEntry testId="a38d6dd0-4abc-cd66-f98d-02667c7de044" executionId="68f8cbaa-a2fc-4215-b59d-1bc76bd7a46e" testListId="8c84fa94-04c1-424b-9868-57a2d4851a1d" />
    <TestEntry testId="cd5a26d8-2bfb-59a4-04b5-4f695fd431f8" executionId="e1adab2e-18cf-42ed-98ed-5d23d8e20c19" testListId="8c84fa94-04c1-424b-9868-57a2d4851a1d" />
    <TestEntry testId="612eaa65-a60d-5727-69a2-576580c27858" executionId="e41bde3d-9399-41c3-8593-85a7d4c0bac0" testListId="8c84fa94-04c1-424b-9868-57a2d4851a1d" />
    <TestEntry testId="aae9a2f6-c5ae-d742-7ea5-60de6dc3d9cf" executionId="d561730b-070b-477b-8f26-db4bb0b67fdb" testListId="8c84fa94-04c1-424b-9868-57a2d4851a1d" />
    <TestEntry testId="bc83fa3c-576f-30a6-fe1b-a25c896763ba" executionId="edc02075-12fc-4d1b-b96a-148ecb8eee52" testListId="8c84fa94-04c1-424b-9868-57a2d4851a1d" />
    <TestEntry testId="a33a7227-7248-ce4e-bb18-77c33faa0f1a" executionId="ff2265ac-2ab7-4b7e-afb5-15acb4624169" testListId="8c84fa94-04c1-424b-9868-57a2d4851a1d" />
    <TestEntry testId="5b7cf016-7948-5d44-c172-ab04f16e1bd2" executionId="cad164d9-c7b0-49b6-ab4f-d9e50d12b651" testListId="8c84fa94-04c1-424b-9868-57a2d4851a1d" />
    <TestEntry testId="2059d141-cc28-3ec8-0e84-daba3f077644" executionId="c3f65928-b50b-4ac9-a16b-0841447b12d4" testListId="8c84fa94-04c1-424b-9868-57a2d4851a1d" />
    <TestEntry testId="aaa9e076-e199-e522-2c08-1bd206c5f6e7" executionId="d1562c1c-e712-40d4-b3fc-f849632fd50c" testListId="8c84fa94-04c1-424b-9868-57a2d4851a1d" />
    <TestEntry testId="6c34d91a-3ccc-a88d-a525-6f3132726a55" executionId="4c5b2a37-8668-4005-befa-622d870589c0" testListId="8c84fa94-04c1-424b-9868-57a2d4851a1d" />
    <TestEntry testId="5bb9d818-e2ff-58b7-df0a-941461adb800" executionId="31b7bf5e-1012-491a-88c4-48e87bb63ab3" testListId="8c84fa94-04c1-424b-9868-57a2d4851a1d" />
    <TestEntry testId="6dd99dbe-4c8b-34b5-1e2c-dac97050c643" executionId="9d3a3dd0-10e1-467a-a82d-6ffc2c943122" testListId="8c84fa94-04c1-424b-9868-57a2d4851a1d" />
    <TestEntry testId="28d8e856-ac6b-165d-f269-4ec7d560f09b" executionId="0f28bd36-c369-472a-905e-2d7fa62cdfb6" testListId="8c84fa94-04c1-424b-9868-57a2d4851a1d" />
    <TestEntry testId="cd325bca-14d8-e62d-3ed3-b6cff2a5be8c" executionId="036688d0-5935-4763-89bd-2a903732f744" testListId="8c84fa94-04c1-424b-9868-57a2d4851a1d" />
    <TestEntry testId="61bdea90-2716-ebd5-11fe-1f07a5d80915" executionId="e2c160a1-c074-4cb0-8faf-c63a1e3f73ab" testListId="8c84fa94-04c1-424b-9868-57a2d4851a1d" />
    <TestEntry testId="9f1933d5-ba32-f60d-5aa4-3e77602dd567" executionId="22f38c48-2b09-4904-9fce-f1752cd9a205" testListId="8c84fa94-04c1-424b-9868-57a2d4851a1d" />
    <TestEntry testId="d380f6a1-83cc-0c12-360c-ba81b340bce2" executionId="c3e761ac-8c32-42d3-96b9-8d517e7c9b4d" testListId="8c84fa94-04c1-424b-9868-57a2d4851a1d" />
    <TestEntry testId="575b3040-83fc-2437-91d5-9ac3f2af85b4" executionId="873d75de-6705-49ef-bd38-940636f1b376" testListId="8c84fa94-04c1-424b-9868-57a2d4851a1d" />
    <TestEntry testId="c21a2737-6b36-8691-5404-6629a58d4529" executionId="bf4018f2-8e6f-47a1-b97d-e50f7e276dcb" testListId="8c84fa94-04c1-424b-9868-57a2d4851a1d" />
    <TestEntry testId="843293b0-7cce-f386-da63-2fb428fb7828" executionId="c27749c9-66c1-41d7-b9ff-f446ba92d165" testListId="8c84fa94-04c1-424b-9868-57a2d4851a1d" />
    <TestEntry testId="d9592df4-0966-3c3a-722c-1595fa840f06" executionId="cc3c554d-c658-4cf1-8e61-051f5da496d4" testListId="8c84fa94-04c1-424b-9868-57a2d4851a1d" />
    <TestEntry testId="cff23f42-1941-5ae0-6937-50ea8e98f70a" executionId="68e5e883-da33-4122-8886-715a630230aa" testListId="8c84fa94-04c1-424b-9868-57a2d4851a1d" />
    <TestEntry testId="1b17bc60-8954-8c6a-08e7-e6fe2f215cc6" executionId="d5951b8a-2def-4d1c-bfce-aec6f4209b28" testListId="8c84fa94-04c1-424b-9868-57a2d4851a1d" />
    <TestEntry testId="3f543d31-d892-849e-9693-7ae2624b2c94" executionId="a563bca7-82df-4868-abea-3dd5b7ddd433" testListId="8c84fa94-04c1-424b-9868-57a2d4851a1d" />
    <TestEntry testId="9ecb75d8-2160-8266-876b-6361db8213dc" executionId="08bb6aac-eb98-4aa3-950c-a2a48836bbee" testListId="8c84fa94-04c1-424b-9868-57a2d4851a1d" />
    <TestEntry testId="40134df2-77e4-6143-ea6f-23ae0fbd39f3" executionId="cc65aac1-ac73-48ed-aab6-74daaae6fe83" testListId="8c84fa94-04c1-424b-9868-57a2d4851a1d" />
    <TestEntry testId="f406acd8-9b69-9411-bf61-2d74f259f69e" executionId="f72a8913-f385-4c19-8519-20495f9c7631" testListId="8c84fa94-04c1-424b-9868-57a2d4851a1d" />
    <TestEntry testId="594ca00d-02cf-07de-ca25-0d701d72a0a6" executionId="933f09bc-cf6b-4614-b1f2-b69c8217eb59" testListId="8c84fa94-04c1-424b-9868-57a2d4851a1d" />
    <TestEntry testId="da6c3e32-e713-64a5-d755-377865e086d4" executionId="5218fd56-c0c4-4428-ae7a-678bf20a3079" testListId="8c84fa94-04c1-424b-9868-57a2d4851a1d" />
    <TestEntry testId="1fffb893-3987-58da-ed03-e4f32e271dc9" executionId="72b7a317-6486-419e-b6c8-364297c3fa12" testListId="8c84fa94-04c1-424b-9868-57a2d4851a1d" />
    <TestEntry testId="a9730862-4522-ad92-1efa-cb822a9c946d" executionId="716e5976-ead1-47f4-8ff1-1c7adea4d594" testListId="8c84fa94-04c1-424b-9868-57a2d4851a1d" />
    <TestEntry testId="1aafdcdc-e39a-0bd1-4429-1c1f26634e52" executionId="9bd3ccc6-42d5-443a-9efa-31416877d9c7" testListId="8c84fa94-04c1-424b-9868-57a2d4851a1d" />
    <TestEntry testId="59fa5d82-f5a4-cb1c-ec41-0422b5d07418" executionId="cac8bfa3-fd0d-4aac-8892-fb16d0c4df51" testListId="8c84fa94-04c1-424b-9868-57a2d4851a1d" />
    <TestEntry testId="123932a6-c3cf-7fb9-5ef5-34297fb3a837" executionId="5105e99f-78f9-4844-9fe7-7112f8e5246c" testListId="8c84fa94-04c1-424b-9868-57a2d4851a1d" />
    <TestEntry testId="f9dc9c7a-bf0e-4c02-1f2d-1fd4e69c7538" executionId="8154684c-c4a7-4ff6-815e-ecef38d5f472" testListId="8c84fa94-04c1-424b-9868-57a2d4851a1d" />
    <TestEntry testId="20029a95-caa6-71d7-8434-4467fe9b8732" executionId="114d61d9-4f5f-492b-a4af-e16c5c6f5258" testListId="8c84fa94-04c1-424b-9868-57a2d4851a1d" />
    <TestEntry testId="f45cbb0f-431c-8958-4b27-e85aa47cbe41" executionId="aa2feb8c-8b4e-4f4d-a546-3ec2d71b4f8a" testListId="8c84fa94-04c1-424b-9868-57a2d4851a1d" />
    <TestEntry testId="fd8ab50a-6120-2a06-7ebd-aae621104cec" executionId="78827c36-d9de-4963-b118-f2e6656f2b62" testListId="8c84fa94-04c1-424b-9868-57a2d4851a1d" />
    <TestEntry testId="a23aab13-e7cd-0855-c1ee-3a27796bc390" executionId="33b78f67-d0ea-46c1-9cd4-a317171a6295" testListId="8c84fa94-04c1-424b-9868-57a2d4851a1d" />
    <TestEntry testId="294352cc-8efa-db1c-1bd5-bae00c9cde08" executionId="af59aef0-3785-4722-8f07-ca5123ef73fc" testListId="8c84fa94-04c1-424b-9868-57a2d4851a1d" />
    <TestEntry testId="b903f011-25d7-d156-43c9-1974a38b345d" executionId="98ed08b1-5265-474e-9cee-06b977e7a29b" testListId="8c84fa94-04c1-424b-9868-57a2d4851a1d" />
    <TestEntry testId="466d7722-0345-718d-529e-85f31a949492" executionId="009894d8-7723-4c1c-9993-e3865bd9e8fd" testListId="8c84fa94-04c1-424b-9868-57a2d4851a1d" />
    <TestEntry testId="0514bc2b-5cc4-a04d-717a-fd9efa22f04a" executionId="b36c7e16-881f-49d1-8cea-7447c68b236d" testListId="8c84fa94-04c1-424b-9868-57a2d4851a1d" />
    <TestEntry testId="a61390b2-0ec7-4d98-e7ed-b8eba6ac247d" executionId="02e780dc-3366-4c84-a169-56d0f8170d20" testListId="8c84fa94-04c1-424b-9868-57a2d4851a1d" />
    <TestEntry testId="c5e43cdb-d4c3-3c40-9593-aad9b5ca8f95" executionId="ce606794-5e6d-4a52-b6e1-3deb663cd106" testListId="8c84fa94-04c1-424b-9868-57a2d4851a1d" />
    <TestEntry testId="d9021346-4b7d-e467-848a-6a660c41636c" executionId="3ecec7b5-0ea2-461a-9b0c-d5f053418d33" testListId="8c84fa94-04c1-424b-9868-57a2d4851a1d" />
    <TestEntry testId="86b56171-19f4-76a4-c109-8879ac5bbbd7" executionId="29e26c27-78f5-42ff-b10d-efee49bebf20" testListId="8c84fa94-04c1-424b-9868-57a2d4851a1d" />
    <TestEntry testId="72b4af26-389d-d3a5-e933-0620092c06be" executionId="00c363a5-71e3-4049-b782-ba9f717d4dd9" testListId="8c84fa94-04c1-424b-9868-57a2d4851a1d" />
    <TestEntry testId="b6713598-e21c-6f29-08f1-f4f46e42ba65" executionId="4a8246f7-13e3-46f0-8bfd-0d7461db6ae1" testListId="8c84fa94-04c1-424b-9868-57a2d4851a1d" />
    <TestEntry testId="297d2ce6-e7ea-8d5e-9134-2d6e61b4337c" executionId="78ffb6f3-7a27-4816-872f-c3ff1abc0f72" testListId="8c84fa94-04c1-424b-9868-57a2d4851a1d" />
    <TestEntry testId="8ff84779-95f5-a8f9-809e-e568d86ada77" executionId="68f17432-28ac-45b3-b7e2-01b22c1b7c68" testListId="8c84fa94-04c1-424b-9868-57a2d4851a1d" />
    <TestEntry testId="a8f82c34-f413-0466-fc76-669da2c23141" executionId="1908fddd-9073-42f1-a9b2-5917efbe9511" testListId="8c84fa94-04c1-424b-9868-57a2d4851a1d" />
    <TestEntry testId="f0e62743-f005-ab34-4606-22275729a052" executionId="ceba94d8-9d36-4f11-8e80-4d862008c129" testListId="8c84fa94-04c1-424b-9868-57a2d4851a1d" />
    <TestEntry testId="9f62336d-d2a3-438a-9707-488b6a94c792" executionId="5ed9bb06-1779-4623-9194-4a371ec8d2b3" testListId="8c84fa94-04c1-424b-9868-57a2d4851a1d" />
    <TestEntry testId="8d5bed77-8b58-0b0c-25f0-22107332d09a" executionId="237f8843-0c6e-4d26-862a-f479ed21bc5a" testListId="8c84fa94-04c1-424b-9868-57a2d4851a1d" />
    <TestEntry testId="c6af2688-b6d7-1499-ef57-908aefcce6dc" executionId="05227f5c-0ec5-4337-8775-93b202ec07e7" testListId="8c84fa94-04c1-424b-9868-57a2d4851a1d" />
    <TestEntry testId="8181cd4b-8454-73ed-8ced-01a1dc2b25c3" executionId="8982f689-f250-4fd3-b80a-4ab21b61f5ce" testListId="8c84fa94-04c1-424b-9868-57a2d4851a1d" />
    <TestEntry testId="0014f817-c5c9-87d1-3e8c-ecffc3678e52" executionId="dc7d378f-0141-43a4-821b-8758dd7990f1" testListId="8c84fa94-04c1-424b-9868-57a2d4851a1d" />
    <TestEntry testId="d6b10638-19d7-868a-2152-f7946c6c6899" executionId="c922c092-9b22-49bc-b10e-6af4b232307b" testListId="8c84fa94-04c1-424b-9868-57a2d4851a1d" />
    <TestEntry testId="80d0ff60-cfaf-35b0-6f6e-60db427c7f85" executionId="c5839de4-9d5d-4fcc-ae20-17fff2435bd8" testListId="8c84fa94-04c1-424b-9868-57a2d4851a1d" />
    <TestEntry testId="6205fc96-eb71-1460-755c-461fb37bb024" executionId="0f5c983f-cae2-4d74-b263-101d3e1fc1d7" testListId="8c84fa94-04c1-424b-9868-57a2d4851a1d" />
    <TestEntry testId="99e7c5dd-ce54-9083-5f21-8bd4ff4149bd" executionId="1a5f81bf-26cf-4d5c-bd59-cffb361c8b35" testListId="8c84fa94-04c1-424b-9868-57a2d4851a1d" />
    <TestEntry testId="b873b04a-7c62-5dd2-8547-3f31b075c272" executionId="e84f0029-4930-4b31-a7bd-9cb69d272f57" testListId="8c84fa94-04c1-424b-9868-57a2d4851a1d" />
    <TestEntry testId="dba976e4-619d-1846-93cf-501dc328971c" executionId="adc8534a-4728-44db-b9d8-3540a40f2498" testListId="8c84fa94-04c1-424b-9868-57a2d4851a1d" />
    <TestEntry testId="d1d304ec-d1a8-54dd-0ee3-d84b0c72b00c" executionId="4bc3d241-ab2a-42e4-93ea-28c0841cd6ab" testListId="8c84fa94-04c1-424b-9868-57a2d4851a1d" />
    <TestEntry testId="f7ba8e86-cb66-6ef4-d1cf-87def896d05b" executionId="14f0dad8-2d3a-4597-9948-2d492c6bdae1" testListId="8c84fa94-04c1-424b-9868-57a2d4851a1d" />
    <TestEntry testId="e3f04803-c378-ce39-94cd-bd430620d6cb" executionId="4db0ad53-9ea2-4120-8d91-061bf07e525b" testListId="8c84fa94-04c1-424b-9868-57a2d4851a1d" />
    <TestEntry testId="2bdae34b-74e4-b57e-0c4e-9f8a61c91aa5" executionId="3498abcb-5ed9-4219-b9f0-a563f685961e" testListId="8c84fa94-04c1-424b-9868-57a2d4851a1d" />
    <TestEntry testId="dc54e0bb-502b-6570-9584-a9f765f8122d" executionId="78f9da67-f5dc-4296-93c4-3bae1367359a" testListId="8c84fa94-04c1-424b-9868-57a2d4851a1d" />
    <TestEntry testId="1dbbe335-bc13-7d9d-496f-d39e25173610" executionId="49204e31-ae4f-4439-a118-24d9df04f4dd" testListId="8c84fa94-04c1-424b-9868-57a2d4851a1d" />
    <TestEntry testId="e9fa372e-14d7-79bd-7239-c4f5919adecb" executionId="ee7651fb-93f1-4bb2-873c-4cd79d3e5f58" testListId="8c84fa94-04c1-424b-9868-57a2d4851a1d" />
    <TestEntry testId="f5820c79-9491-c601-5f6f-2c9537d33353" executionId="a656fb01-5a5e-41f1-92ff-772da11db6c8" testListId="8c84fa94-04c1-424b-9868-57a2d4851a1d" />
    <TestEntry testId="434a8caa-9318-d21d-4a14-8dc7214b55eb" executionId="c83652cb-a32e-451d-b75c-0a080e0e1743" testListId="8c84fa94-04c1-424b-9868-57a2d4851a1d" />
    <TestEntry testId="21c8abf8-9b6f-d71c-0d26-379759e20f24" executionId="ba9155a1-3b45-48c5-9c4c-1ca389dc37c8" testListId="8c84fa94-04c1-424b-9868-57a2d4851a1d" />
    <TestEntry testId="38bf740f-4d67-502e-2cfd-d66470e846d5" executionId="e6a65851-222c-4dd6-b310-1fbe27459809" testListId="8c84fa94-04c1-424b-9868-57a2d4851a1d" />
    <TestEntry testId="6ca05e92-6a05-ce15-f59b-9b9ed10b85dd" executionId="bf4fcf4b-ae25-4bc9-93f3-e884fa4375de" testListId="8c84fa94-04c1-424b-9868-57a2d4851a1d" />
    <TestEntry testId="78d10de8-2dc4-0b77-ab9e-9a161423da54" executionId="f9109da0-952a-4fb9-b06b-9d489247806b" testListId="8c84fa94-04c1-424b-9868-57a2d4851a1d" />
    <TestEntry testId="a79fd14a-da4c-bcf0-0f87-a480851cd28d" executionId="b700ba63-f351-4a07-9075-b82982c3a546" testListId="8c84fa94-04c1-424b-9868-57a2d4851a1d" />
    <TestEntry testId="7c480fcf-dcac-50a2-3106-264841c6a300" executionId="03b615f9-0112-4df8-96a0-6f91c3501b13" testListId="8c84fa94-04c1-424b-9868-57a2d4851a1d" />
    <TestEntry testId="d99ced1b-9ef8-b735-4a70-4562dc79a9d0" executionId="a6bfaf07-b53d-42ba-9f74-2878784d4aee" testListId="8c84fa94-04c1-424b-9868-57a2d4851a1d" />
    <TestEntry testId="4adfbd6f-49a9-0885-850f-1a4998e7f85f" executionId="8c24ad20-7140-4442-8b30-53e2662f1bec" testListId="8c84fa94-04c1-424b-9868-57a2d4851a1d" />
    <TestEntry testId="eaf0b15c-0fc1-b6e6-caad-e11eeb0c7fda" executionId="2411cab1-fc30-4f79-a3b0-e6d05bbb216c" testListId="8c84fa94-04c1-424b-9868-57a2d4851a1d" />
    <TestEntry testId="87f6b537-303b-ee32-7ebc-e34863879e5b" executionId="3b67552f-2542-4b80-a94c-f24cc01d1246" testListId="8c84fa94-04c1-424b-9868-57a2d4851a1d" />
    <TestEntry testId="294f15b0-a486-8084-b9ae-585b30f21a60" executionId="bed2135e-d96a-4b8a-9035-631f6e4919ce" testListId="8c84fa94-04c1-424b-9868-57a2d4851a1d" />
    <TestEntry testId="558fcad2-7807-3075-bb81-ec539c4697ba" executionId="0ca77eb1-b201-41e8-9874-f7aa2e6abb34" testListId="8c84fa94-04c1-424b-9868-57a2d4851a1d" />
    <TestEntry testId="04661d81-bbef-c82f-71cf-dda291897ead" executionId="a7b12652-aeb5-4784-8ac1-7a71c1039641" testListId="8c84fa94-04c1-424b-9868-57a2d4851a1d" />
    <TestEntry testId="5605ffe3-47bf-edde-5207-79dd7a259fef" executionId="2e890252-fd94-4b73-9176-234fab3cf7e4" testListId="8c84fa94-04c1-424b-9868-57a2d4851a1d" />
    <TestEntry testId="a3944110-24ef-a5f3-993b-c0e54d094618" executionId="8f8b31bd-78a6-40f2-9555-4586954b03f0" testListId="8c84fa94-04c1-424b-9868-57a2d4851a1d" />
    <TestEntry testId="4e78f25c-d355-e112-010c-d75e1dbe484f" executionId="119014c0-1218-4f16-9eb9-6e3f1987f579" testListId="8c84fa94-04c1-424b-9868-57a2d4851a1d" />
    <TestEntry testId="9fa4910a-439f-a7b3-42d7-59f8d60a9e4f" executionId="c973ebc8-74cd-4607-9b7c-cd18d9c0715b" testListId="8c84fa94-04c1-424b-9868-57a2d4851a1d" />
    <TestEntry testId="31d7ba44-de75-ed55-66c6-b51937c13355" executionId="ff953062-23bd-4756-aae9-602504c7cf58" testListId="8c84fa94-04c1-424b-9868-57a2d4851a1d" />
    <TestEntry testId="ee9462eb-6912-5171-764c-f29a600e2526" executionId="ba0d3366-401e-44c4-926f-d06a0ed05ad5" testListId="8c84fa94-04c1-424b-9868-57a2d4851a1d" />
    <TestEntry testId="be4ac306-3050-79c7-e4db-2e676fbdab1b" executionId="05135407-168a-4966-92d6-433faa25cd8b" testListId="8c84fa94-04c1-424b-9868-57a2d4851a1d" />
    <TestEntry testId="8de67803-7acb-6ed7-12bc-5420c17b40c0" executionId="7473035f-6791-4a3d-b0fe-f37f29df2b2a" testListId="8c84fa94-04c1-424b-9868-57a2d4851a1d" />
    <TestEntry testId="a8ba7efd-581f-551d-dd26-e7f6709e3995" executionId="6398c45c-d7b5-454b-a6e3-531643bad74b" testListId="8c84fa94-04c1-424b-9868-57a2d4851a1d" />
    <TestEntry testId="f3b15f6b-f00d-4e6c-f3c3-26bd7741dc5d" executionId="46de97dd-f9df-42e2-a694-eb535ff81799" testListId="8c84fa94-04c1-424b-9868-57a2d4851a1d" />
    <TestEntry testId="0ceb7858-003d-ab99-34b5-3e79f1abe40b" executionId="21f7b879-22f5-4494-a2fa-5d16b68af60b" testListId="8c84fa94-04c1-424b-9868-57a2d4851a1d" />
    <TestEntry testId="b9b36c19-155c-ac46-851c-623393903657" executionId="a456bd61-5a80-433b-9bd1-097aa1633583" testListId="8c84fa94-04c1-424b-9868-57a2d4851a1d" />
    <TestEntry testId="a116b226-3d55-2529-864d-5e970bf42be4" executionId="b705538b-c251-4231-9b9e-d65e873ff493" testListId="8c84fa94-04c1-424b-9868-57a2d4851a1d" />
    <TestEntry testId="4125f8c2-231a-89ba-d149-611a4ab9d212" executionId="30b88dc7-fad5-45e4-a82b-80dd1210d40c" testListId="8c84fa94-04c1-424b-9868-57a2d4851a1d" />
    <TestEntry testId="1ede13b3-cc3c-b767-91a3-9e4f793d1dd5" executionId="46876c71-bc63-4967-8388-cd710a69ed4c" testListId="8c84fa94-04c1-424b-9868-57a2d4851a1d" />
    <TestEntry testId="dbf6f9ae-d4e2-c907-2228-ff1a571678a6" executionId="989cdebb-8f33-413b-97e2-2e459c0b77e3" testListId="8c84fa94-04c1-424b-9868-57a2d4851a1d" />
    <TestEntry testId="4d20e584-0f2f-1ed1-3ddf-7516456e8aa4" executionId="e0f25811-be07-4474-9070-d7a51ce178b7" testListId="8c84fa94-04c1-424b-9868-57a2d4851a1d" />
    <TestEntry testId="56f22bda-cb9f-dbaa-365a-cb6ba2104fe2" executionId="fa393d00-7c2c-4070-af72-416ec77eb7fb" testListId="8c84fa94-04c1-424b-9868-57a2d4851a1d" />
    <TestEntry testId="b9aabaf1-a1cb-6124-f2ee-69eb1bbe949b" executionId="80d5b190-dce3-4151-8a72-154aa1b748c6" testListId="8c84fa94-04c1-424b-9868-57a2d4851a1d" />
    <TestEntry testId="c09462bb-4f86-b8e1-b39e-c6c94b35ddbc" executionId="9f1d33c0-1b12-43ef-be59-a7ebee69a8c6" testListId="8c84fa94-04c1-424b-9868-57a2d4851a1d" />
    <TestEntry testId="9e564273-69a8-eaf4-221d-8cb7dd068c7d" executionId="3bfc1e04-cd86-4fc4-8ebe-0d16b0fb6000" testListId="8c84fa94-04c1-424b-9868-57a2d4851a1d" />
    <TestEntry testId="e18b4dbd-2ff6-3acf-dfb2-f12cbfa820d0" executionId="3e65423b-3944-4264-a360-1e0730193b1f" testListId="8c84fa94-04c1-424b-9868-57a2d4851a1d" />
    <TestEntry testId="f376fc2f-2ee5-1277-a20e-665c6294e53a" executionId="1801d264-4c5c-47ce-9108-db44c7beab54" testListId="8c84fa94-04c1-424b-9868-57a2d4851a1d" />
    <TestEntry testId="4b06698d-5339-0a98-2e05-9ce80b4b1ec4" executionId="dbb6c100-3cf6-4f71-8fad-6f99a567cf10" testListId="8c84fa94-04c1-424b-9868-57a2d4851a1d" />
    <TestEntry testId="bafd99e7-ca41-5985-0fa2-b8c4e8f1fc8c" executionId="bf35b5e1-4c3a-4967-928e-255dbdda2fdc" testListId="8c84fa94-04c1-424b-9868-57a2d4851a1d" />
    <TestEntry testId="9f159054-0ade-aabd-0878-ac1771f3fda6" executionId="e94d1d1c-77d9-4c20-8980-85e0c064d570" testListId="8c84fa94-04c1-424b-9868-57a2d4851a1d" />
    <TestEntry testId="ba870e88-e985-a063-3050-00fcfcbc95b8" executionId="24b0874d-e1c9-4b87-8189-972bb1e959f9" testListId="8c84fa94-04c1-424b-9868-57a2d4851a1d" />
    <TestEntry testId="4ffd7804-0b86-b3af-454f-c182dda91ce2" executionId="a4a98298-9f65-404c-ac83-7ce9556b7768" testListId="8c84fa94-04c1-424b-9868-57a2d4851a1d" />
    <TestEntry testId="a5e0b38b-1cb1-a5af-a5f1-f247fd82227e" executionId="0cd22480-cab9-403a-bdc6-236f948551a2" testListId="8c84fa94-04c1-424b-9868-57a2d4851a1d" />
    <TestEntry testId="2fe7dd20-7d34-4621-c4bd-6f2ec94c5407" executionId="535670da-cd15-4494-a8ea-e66e9b8ba303" testListId="8c84fa94-04c1-424b-9868-57a2d4851a1d" />
    <TestEntry testId="1dbf06ec-4cde-4ef3-de39-b5efb671422f" executionId="4388dd5d-7941-4945-8b01-34571d1dee31" testListId="8c84fa94-04c1-424b-9868-57a2d4851a1d" />
    <TestEntry testId="3592b35e-5647-34de-406e-9d7d0b031ac6" executionId="a23bd169-5c1d-4bf9-88a6-b063f935856b" testListId="8c84fa94-04c1-424b-9868-57a2d4851a1d" />
    <TestEntry testId="0740431b-2d5c-94f4-7631-d3fb545f47f1" executionId="0323897b-93c9-4d8c-8de3-c508105a1d6f" testListId="8c84fa94-04c1-424b-9868-57a2d4851a1d" />
    <TestEntry testId="e3939992-ed7f-a290-3278-0cb23f85c16d" executionId="cfdee8d0-210a-4394-bc5d-e12da6d31a3f" testListId="8c84fa94-04c1-424b-9868-57a2d4851a1d" />
    <TestEntry testId="c3c40199-4dcb-06d9-bd7e-201cb412e68f" executionId="bc523f8d-826b-4d42-a10a-c39d365e987f" testListId="8c84fa94-04c1-424b-9868-57a2d4851a1d" />
    <TestEntry testId="2f04d734-6778-0b79-9d14-d79b1e3bb130" executionId="b139f42b-800d-453a-af42-9eae6c183df5" testListId="8c84fa94-04c1-424b-9868-57a2d4851a1d" />
    <TestEntry testId="ae407fd6-e927-5656-0ce5-4192f5da53cb" executionId="f03bf0e0-d995-4d09-adf3-05baf64750a8" testListId="8c84fa94-04c1-424b-9868-57a2d4851a1d" />
    <TestEntry testId="9f74ffc2-1a7b-4759-a337-57d1812dbf3f" executionId="685f7842-0e16-48fa-a6f7-d4d7f1cc955c" testListId="8c84fa94-04c1-424b-9868-57a2d4851a1d" />
    <TestEntry testId="76d85170-85b2-a48f-102e-aa9420de3580" executionId="0eb7eb96-d0e1-40a8-8165-04e1204b8107" testListId="8c84fa94-04c1-424b-9868-57a2d4851a1d" />
    <TestEntry testId="3a671f08-52e1-32fe-f25e-6e157db962d2" executionId="c3c4797c-a6dc-4b44-820c-4b0d817f1435" testListId="8c84fa94-04c1-424b-9868-57a2d4851a1d" />
    <TestEntry testId="459add99-cbf9-4f7c-b3d1-c619873acede" executionId="f2d39c75-aa9c-4993-ae5e-10dba68547b1" testListId="8c84fa94-04c1-424b-9868-57a2d4851a1d" />
    <TestEntry testId="1ad63577-6f41-15d0-2387-0963e1b2bf95" executionId="fee58515-4656-481f-a9e6-fc2768120562" testListId="8c84fa94-04c1-424b-9868-57a2d4851a1d" />
    <TestEntry testId="f7bc8584-126a-bce9-5286-d35d3ce59a28" executionId="0e327b09-24ee-4e84-a9aa-03bd51c78ce6" testListId="8c84fa94-04c1-424b-9868-57a2d4851a1d" />
    <TestEntry testId="6f661c9f-cb4c-fdf6-5a9a-217f69ebc5d5" executionId="ffd9eb36-4770-4158-9da4-0395869996ed" testListId="8c84fa94-04c1-424b-9868-57a2d4851a1d" />
    <TestEntry testId="4f602daf-bb8d-fd94-ef0a-fd5eecda2ee6" executionId="e3ba8672-730b-4945-a325-67a3234c9937" testListId="8c84fa94-04c1-424b-9868-57a2d4851a1d" />
    <TestEntry testId="d810e333-5279-6858-6f15-bdf834685746" executionId="2408c1fd-1b22-44a4-90d3-1fb79177b1ac" testListId="8c84fa94-04c1-424b-9868-57a2d4851a1d" />
    <TestEntry testId="4167d107-473f-7d0a-c3aa-2c271677cfd1" executionId="48b371bf-bb8f-43df-a2a7-3b43abf5c818" testListId="8c84fa94-04c1-424b-9868-57a2d4851a1d" />
    <TestEntry testId="0c859aba-4f30-51d2-a318-7300b0569a9b" executionId="142673fe-838a-46b6-94bd-aede49a38ecc" testListId="8c84fa94-04c1-424b-9868-57a2d4851a1d" />
    <TestEntry testId="761c5474-ba0b-efdd-0d5f-bfbe630a98c2" executionId="b98dbc77-42f6-491e-b26e-4c4de4a9e614" testListId="8c84fa94-04c1-424b-9868-57a2d4851a1d" />
    <TestEntry testId="55a64d0e-8de2-b5b6-7b28-338aaabcb504" executionId="38b3dfb0-cc1d-48ff-b7c3-680238082418" testListId="8c84fa94-04c1-424b-9868-57a2d4851a1d" />
    <TestEntry testId="d02dc591-3a84-d3ac-10be-a85efb2cb27c" executionId="7b162566-997f-47d4-a0c9-249ac3a844da" testListId="8c84fa94-04c1-424b-9868-57a2d4851a1d" />
    <TestEntry testId="984ccf4b-e758-da57-870c-fdaae5c09395" executionId="a5198acb-91eb-4ef4-bd63-e27113d4f1d1" testListId="8c84fa94-04c1-424b-9868-57a2d4851a1d" />
    <TestEntry testId="8e40a9d7-b14a-a165-b4bc-258c3936dfbd" executionId="bb6b93be-95f9-46c2-88fa-8b9563593b16" testListId="8c84fa94-04c1-424b-9868-57a2d4851a1d" />
    <TestEntry testId="761b6e00-61f3-b300-b2f5-8d5765381437" executionId="aaa07138-00b7-49a2-90e5-a636b4e74b94" testListId="8c84fa94-04c1-424b-9868-57a2d4851a1d" />
    <TestEntry testId="5987d0c7-7679-adcc-a7d5-76af40a4f7f5" executionId="af775a56-0e43-4efb-aee8-19f8639c7e4f" testListId="8c84fa94-04c1-424b-9868-57a2d4851a1d" />
    <TestEntry testId="1d4cd445-caf0-beba-56bf-67413439f9ab" executionId="d8ab2840-5208-489a-89cb-eb5896dc2b9a" testListId="8c84fa94-04c1-424b-9868-57a2d4851a1d" />
    <TestEntry testId="56eb6a9f-6cb4-2abe-d7ee-7e044f42c842" executionId="dc260d1c-678e-47e0-a442-3d33cb4873e7" testListId="8c84fa94-04c1-424b-9868-57a2d4851a1d" />
    <TestEntry testId="da0fbf47-7a8c-b3ea-d30a-c0e3a737ca5d" executionId="00771bd1-6d8c-4a1c-9f26-f5437d9b1d50" testListId="8c84fa94-04c1-424b-9868-57a2d4851a1d" />
    <TestEntry testId="c28dd236-1525-1514-778a-3b6a96d19df1" executionId="364d04f0-4e48-4f52-aef1-3c0b13b8a654" testListId="8c84fa94-04c1-424b-9868-57a2d4851a1d" />
    <TestEntry testId="83d8e74c-5bbb-efb0-37a0-7aa4cf469b8b" executionId="824be5ac-649d-4ef7-a3a7-0bf490765020" testListId="8c84fa94-04c1-424b-9868-57a2d4851a1d" />
    <TestEntry testId="34bcb15f-3abe-d5c6-acbc-f3d258cf59b6" executionId="1c6ca9e1-2292-4e5e-946d-9c9a7286a323" testListId="8c84fa94-04c1-424b-9868-57a2d4851a1d" />
    <TestEntry testId="4e988653-eb1d-5757-a9c9-94e533451c54" executionId="974523c3-6b7d-4059-acb9-2764daed531b" testListId="8c84fa94-04c1-424b-9868-57a2d4851a1d" />
    <TestEntry testId="1f1eef69-3a21-cd3d-3a5f-46efeda6ab38" executionId="645f3fe3-38f6-44ec-8317-98051753030c" testListId="8c84fa94-04c1-424b-9868-57a2d4851a1d" />
    <TestEntry testId="9dc9660c-2773-e5a1-118f-73373343d0e6" executionId="3c45d5e9-99c2-40db-bbdd-0fab98ae2434" testListId="8c84fa94-04c1-424b-9868-57a2d4851a1d" />
    <TestEntry testId="05428edc-24e9-331d-ccde-497be2e009d1" executionId="24b091a9-3332-4c70-b9c7-4a3117b0d5f3" testListId="8c84fa94-04c1-424b-9868-57a2d4851a1d" />
    <TestEntry testId="17e8adfe-3d5e-8417-3ca9-9ea065f0229b" executionId="4dc5ca64-cb4d-49fd-b570-6133cb752aaa" testListId="8c84fa94-04c1-424b-9868-57a2d4851a1d" />
    <TestEntry testId="783752e7-0a8e-7713-0dfb-eb72f3fc27d6" executionId="0257246a-ba94-4d63-9822-50ae6139408a" testListId="8c84fa94-04c1-424b-9868-57a2d4851a1d" />
    <TestEntry testId="7994a7d4-0fa0-5377-671c-ab94321aaf57" executionId="29cd3fce-a541-40eb-99fe-df4aee254034" testListId="8c84fa94-04c1-424b-9868-57a2d4851a1d" />
    <TestEntry testId="f5005d81-5a9b-ef44-7fc2-52377fae83f4" executionId="ed883a1b-9790-4e84-960e-cc4ed04d05e6" testListId="8c84fa94-04c1-424b-9868-57a2d4851a1d" />
    <TestEntry testId="0f785118-4101-2fda-f887-c7a86673e736" executionId="eb7004c9-28b2-46e4-a4ac-fe56d845a2be" testListId="8c84fa94-04c1-424b-9868-57a2d4851a1d" />
    <TestEntry testId="15a5c8eb-0c90-a7e4-0dc8-5ce2be1587d5" executionId="d9588cb9-c70a-4081-b179-9b6141151dea" testListId="8c84fa94-04c1-424b-9868-57a2d4851a1d" />
    <TestEntry testId="80a4940d-875d-f4f0-bd6e-0d3aab9861cb" executionId="e644e1a8-ca5f-4823-89f7-648320f6c830" testListId="8c84fa94-04c1-424b-9868-57a2d4851a1d" />
    <TestEntry testId="cb40e0a5-2f70-a60d-407b-51d7d2d25955" executionId="18ab11b8-5acb-457a-b34c-1c8065db3121" testListId="8c84fa94-04c1-424b-9868-57a2d4851a1d" />
    <TestEntry testId="e21002e6-50a6-5886-0d27-79e4c9ba2f92" executionId="93a6a6ff-9427-4b17-a39a-560e4d4da9e1" testListId="8c84fa94-04c1-424b-9868-57a2d4851a1d" />
    <TestEntry testId="ff96b5de-94eb-fc99-362b-5102f1ace758" executionId="46d6fced-15f9-4749-b0ae-b995b378cef3" testListId="8c84fa94-04c1-424b-9868-57a2d4851a1d" />
    <TestEntry testId="e6b4d3a2-a83c-419f-8b42-b631077ac8fc" executionId="0e48f40a-9f4e-4a48-a08b-28f65562b0dc" testListId="8c84fa94-04c1-424b-9868-57a2d4851a1d" />
    <TestEntry testId="0fb536e2-af1a-ef21-5b53-d89a189dda8d" executionId="d81e49dc-9e1b-4b56-9721-309d3c9995ee" testListId="8c84fa94-04c1-424b-9868-57a2d4851a1d" />
    <TestEntry testId="5313f3e0-d68f-8127-ba85-18b29352fdf0" executionId="14e19fd1-7feb-4b69-9732-822aeb3228d3" testListId="8c84fa94-04c1-424b-9868-57a2d4851a1d" />
    <TestEntry testId="fb7bf331-bde6-9156-c7eb-687415ce01f4" executionId="5edbd109-59c7-4767-8ad1-ca2fce32da35" testListId="8c84fa94-04c1-424b-9868-57a2d4851a1d" />
    <TestEntry testId="fe096e9a-696b-0373-a92c-3a2e57b850e7" executionId="22b16150-a4e8-4b8a-8665-a31928aa0ae5" testListId="8c84fa94-04c1-424b-9868-57a2d4851a1d" />
    <TestEntry testId="2ff6532c-932c-742b-a63d-f74c12776c60" executionId="43c3af96-6af7-47d0-83e9-7df695528332" testListId="8c84fa94-04c1-424b-9868-57a2d4851a1d" />
    <TestEntry testId="20607095-992d-3bf7-849c-32032c3b5657" executionId="57e772d8-1566-40a2-967a-c956774569c1" testListId="8c84fa94-04c1-424b-9868-57a2d4851a1d" />
    <TestEntry testId="c85737d8-c8f4-a23c-9c62-4ed60400843c" executionId="518ffbbc-751c-4fc6-9390-bc61827040e5" testListId="8c84fa94-04c1-424b-9868-57a2d4851a1d" />
    <TestEntry testId="0a7a5bc8-9d15-4c47-d83e-93a1a167a703" executionId="7c2c1ca6-a333-4b3f-97b9-80cf4dd5efc6" testListId="8c84fa94-04c1-424b-9868-57a2d4851a1d" />
    <TestEntry testId="f962f016-220b-dd5b-3c75-15629456e786" executionId="dbf5a8e0-f6d9-4833-b248-c8b72d6795ed" testListId="8c84fa94-04c1-424b-9868-57a2d4851a1d" />
    <TestEntry testId="b38d539d-6069-d89f-5c5e-102a8255e594" executionId="ef7a3998-48a7-493e-a4d3-0e0d09371e0a" testListId="8c84fa94-04c1-424b-9868-57a2d4851a1d" />
    <TestEntry testId="171141a5-7e7d-d227-6619-8929fed50e13" executionId="6cc703cd-1a94-4023-bb09-bacd46d637d9" testListId="8c84fa94-04c1-424b-9868-57a2d4851a1d" />
    <TestEntry testId="ad89a04b-1d6c-269b-831e-2a5afc742278" executionId="da8b5269-d7c4-49a5-93f5-ead18966cd78" testListId="8c84fa94-04c1-424b-9868-57a2d4851a1d" />
    <TestEntry testId="a32f3872-61d2-3bb4-5952-f9f7fd09a236" executionId="c4de848e-22b4-486e-bf41-c57bd0ac224b" testListId="8c84fa94-04c1-424b-9868-57a2d4851a1d" />
    <TestEntry testId="01a9775b-5693-bd58-011d-1e4a65370397" executionId="0201b469-5ae9-45f1-9515-0960bd565b87" testListId="8c84fa94-04c1-424b-9868-57a2d4851a1d" />
    <TestEntry testId="ebd1aa40-63da-115b-f2a9-d23a543d03a1" executionId="71e4d021-1b75-4fde-8ec0-edd0edd3d431" testListId="8c84fa94-04c1-424b-9868-57a2d4851a1d" />
    <TestEntry testId="4168f0ac-b835-769a-f744-274b70d89027" executionId="96f00b6a-ca22-4b79-97d5-46181e55c1ac" testListId="8c84fa94-04c1-424b-9868-57a2d4851a1d" />
    <TestEntry testId="d39c6f9f-bd62-16f2-5a23-b15da9df82dd" executionId="180e7ee4-d1ab-427e-902f-54418fca30d7" testListId="8c84fa94-04c1-424b-9868-57a2d4851a1d" />
    <TestEntry testId="d907dab2-a0b3-0153-e7e4-4d342798a47e" executionId="b03a88a7-b5e0-45c8-898e-01c2cd7ef484" testListId="8c84fa94-04c1-424b-9868-57a2d4851a1d" />
    <TestEntry testId="3b56a798-367d-2897-b3e6-a32862419438" executionId="7cd4b3c5-0c9e-446b-97aa-3625ced79fea" testListId="8c84fa94-04c1-424b-9868-57a2d4851a1d" />
    <TestEntry testId="a90d1942-15f1-e50c-e63d-254e34e99bf5" executionId="288f7947-507c-41a5-b7c9-bc560bace86b" testListId="8c84fa94-04c1-424b-9868-57a2d4851a1d" />
    <TestEntry testId="e3eba5d2-93a0-e22e-731e-ed52218ff16c" executionId="c0971c03-7327-4a81-b1c4-ea5c1b7a8afe" testListId="8c84fa94-04c1-424b-9868-57a2d4851a1d" />
    <TestEntry testId="185ede31-fab0-85ad-ad6a-a8eab36c8466" executionId="f237163b-8cd0-496c-a845-36d562cba7c1" testListId="8c84fa94-04c1-424b-9868-57a2d4851a1d" />
    <TestEntry testId="1d271909-1898-128b-21ec-f802c1979d9e" executionId="0fc8d011-470f-46a5-bc9d-ab9fa3b75535" testListId="8c84fa94-04c1-424b-9868-57a2d4851a1d" />
    <TestEntry testId="ce6af9f0-4b11-7bc7-9919-f6caf3d5d5f3" executionId="7e389066-d9f4-417a-8d88-f0eecc3b0bef" testListId="8c84fa94-04c1-424b-9868-57a2d4851a1d" />
    <TestEntry testId="acda3d15-0e29-fc40-b0fc-fcddae081200" executionId="33cbbb5e-3694-4b05-a0a3-09111e09d138" testListId="8c84fa94-04c1-424b-9868-57a2d4851a1d" />
    <TestEntry testId="4c71192e-43b4-c49c-e53a-9e4a0adf6b7e" executionId="54d4d26d-0a0e-492b-9f4d-35310e4e5052" testListId="8c84fa94-04c1-424b-9868-57a2d4851a1d" />
    <TestEntry testId="61863f63-9d64-1d88-3d10-ad0f63ed338b" executionId="72c70ae3-58b0-495b-ba96-5e6509458c9e" testListId="8c84fa94-04c1-424b-9868-57a2d4851a1d" />
    <TestEntry testId="4f6b94b9-8c0a-f905-af50-086f7c071ad9" executionId="16561e7f-1e82-464e-904c-0e95469f4fe2" testListId="8c84fa94-04c1-424b-9868-57a2d4851a1d" />
    <TestEntry testId="41c4ce1a-ef09-24d7-c3f0-f5bd5a81a0d8" executionId="484e9171-8405-47bc-b86c-27cacbaf5d49" testListId="8c84fa94-04c1-424b-9868-57a2d4851a1d" />
    <TestEntry testId="1230a279-f763-f5b9-8b74-e3286d54a1e7" executionId="9898ac02-af0e-4ef3-8a53-a2bf1928f479" testListId="8c84fa94-04c1-424b-9868-57a2d4851a1d" />
    <TestEntry testId="0ee739fa-dfa4-5ef5-1b22-8fe2862978a3" executionId="4f2337a1-7234-4a02-84d8-ac841dca049d" testListId="8c84fa94-04c1-424b-9868-57a2d4851a1d" />
    <TestEntry testId="4308f885-151f-014b-166d-40692645a73a" executionId="ea838def-5f36-4949-abf5-569058548ccc" testListId="8c84fa94-04c1-424b-9868-57a2d4851a1d" />
    <TestEntry testId="9c810ece-be18-f9ed-3cc8-f43cbbe8d789" executionId="a54f5b23-c956-4d45-b95b-bb59951ae087" testListId="8c84fa94-04c1-424b-9868-57a2d4851a1d" />
    <TestEntry testId="11729d1c-6c6a-9fce-9d88-8ebfff125cf6" executionId="ab9d2f91-6694-464b-b2e7-fc4b13119603" testListId="8c84fa94-04c1-424b-9868-57a2d4851a1d" />
    <TestEntry testId="71b5be91-6e3e-5890-08ca-57e68e3990bc" executionId="31590478-b979-4fec-af7c-859c2be78820" testListId="8c84fa94-04c1-424b-9868-57a2d4851a1d" />
    <TestEntry testId="7b9b1040-51d8-c2e6-1ac0-cb113e76a56a" executionId="654a32e3-94ec-4d4a-93ac-4137db6555b3" testListId="8c84fa94-04c1-424b-9868-57a2d4851a1d" />
    <TestEntry testId="56dbe364-b862-68d4-f157-de01aca24e66" executionId="97a7788b-2a8f-4ff1-b0c2-0735db884962" testListId="8c84fa94-04c1-424b-9868-57a2d4851a1d" />
    <TestEntry testId="5021544e-bd06-1c2d-b3df-c21b577ebfa2" executionId="0c2aa0cf-1265-4b21-a00f-0bd31fdf1a05" testListId="8c84fa94-04c1-424b-9868-57a2d4851a1d" />
    <TestEntry testId="888f3232-385d-d83f-1eb6-9a6c46cfe5c3" executionId="e204412c-2996-4589-b17b-b141d987e07f" testListId="8c84fa94-04c1-424b-9868-57a2d4851a1d" />
    <TestEntry testId="92bde5bc-af9c-6dbe-10ea-7012e494fcd9" executionId="73223655-09f5-43e9-aa92-df2cb7dd4f63" testListId="8c84fa94-04c1-424b-9868-57a2d4851a1d" />
    <TestEntry testId="eccf41da-6b65-aa5d-c784-b8badc726d9b" executionId="3ca7d039-0bb5-44d6-b0e0-a04e22f9d21c" testListId="8c84fa94-04c1-424b-9868-57a2d4851a1d" />
    <TestEntry testId="186c8c1a-303f-5daa-ee87-7bdde9795321" executionId="ef026eb2-e278-4121-9c81-eaf1b8324980" testListId="8c84fa94-04c1-424b-9868-57a2d4851a1d" />
    <TestEntry testId="3fad871b-7e9b-a4ff-8f1b-45e15f0c2efa" executionId="5212df25-4dc0-470b-8d52-da5ac9e5137e" testListId="8c84fa94-04c1-424b-9868-57a2d4851a1d" />
    <TestEntry testId="b07c6436-dbf7-0138-be42-b4b6d3d7e52c" executionId="0f08861d-23c0-486c-ae2b-4f3014365314" testListId="8c84fa94-04c1-424b-9868-57a2d4851a1d" />
    <TestEntry testId="d0cd8d38-2083-8dfe-21da-1692537b41cc" executionId="f42f7d41-9196-439c-bab3-070850cc9ed2" testListId="8c84fa94-04c1-424b-9868-57a2d4851a1d" />
    <TestEntry testId="c8c9567a-0791-4ff6-39a0-7fa2a22ff301" executionId="03091947-684b-4d5c-8332-41e9b3dc0360" testListId="8c84fa94-04c1-424b-9868-57a2d4851a1d" />
    <TestEntry testId="13335374-86bb-3ff8-d28a-bd89dc7f02ec" executionId="7a2adb20-08a4-4d92-814b-599e9b57e575" testListId="8c84fa94-04c1-424b-9868-57a2d4851a1d" />
    <TestEntry testId="9612d6d4-5d3c-f9a6-943c-f09f8d38bf59" executionId="cc7a9200-c246-442f-a2cd-950446b06971" testListId="8c84fa94-04c1-424b-9868-57a2d4851a1d" />
    <TestEntry testId="0d1bc5db-e6c6-10df-8cf0-a0dfa7497484" executionId="8b61a8df-f550-40f5-8206-a8e586f26bef" testListId="8c84fa94-04c1-424b-9868-57a2d4851a1d" />
    <TestEntry testId="89b95097-2fa4-1afe-c164-3b548bd44274" executionId="9c0afce2-4cb3-4cd3-ab99-eaf80ebca24a" testListId="8c84fa94-04c1-424b-9868-57a2d4851a1d" />
    <TestEntry testId="c0741e8d-b0f9-ca5e-e02e-02960c9e164f" executionId="1c9b021b-fda5-4bf4-a075-3593a4ccb8d8" testListId="8c84fa94-04c1-424b-9868-57a2d4851a1d" />
    <TestEntry testId="128fe360-ca56-c4c9-0f07-7350435e34a3" executionId="4820bbe0-0f17-461d-8a36-ae343e7aedac" testListId="8c84fa94-04c1-424b-9868-57a2d4851a1d" />
    <TestEntry testId="237b1260-5bf2-21f1-fab1-5f4efe94ad6e" executionId="4d16e452-b13a-483b-b750-1d4fb171c217" testListId="8c84fa94-04c1-424b-9868-57a2d4851a1d" />
    <TestEntry testId="17903115-6688-8f7d-0f17-6bed61c91258" executionId="64e60b49-71b0-4239-bdfd-15f5d4dc2a6a" testListId="8c84fa94-04c1-424b-9868-57a2d4851a1d" />
    <TestEntry testId="8f3ac04b-f653-5459-90af-f61d3689f759" executionId="baf58823-5c04-41a0-94b2-85af46f2e63c" testListId="8c84fa94-04c1-424b-9868-57a2d4851a1d" />
    <TestEntry testId="2cd8497b-7c7c-c528-555b-f107e750a1a0" executionId="80d664be-ded9-4aac-b725-295ca687edaf" testListId="8c84fa94-04c1-424b-9868-57a2d4851a1d" />
    <TestEntry testId="6a68b288-e760-a42c-8c5a-4aafd65f28b7" executionId="7610699b-dd9c-465f-87a6-b2926131215f" testListId="8c84fa94-04c1-424b-9868-57a2d4851a1d" />
    <TestEntry testId="5aa929b3-dac1-52ec-e2ea-8e7fca692c42" executionId="409438f4-42ae-4da6-b15c-29b7f24cfa78" testListId="8c84fa94-04c1-424b-9868-57a2d4851a1d" />
    <TestEntry testId="e46091cf-1e82-9cd3-4478-8e74502a12eb" executionId="876b9e13-0290-4f62-9dc3-0e685d09842f" testListId="8c84fa94-04c1-424b-9868-57a2d4851a1d" />
    <TestEntry testId="87ce6106-4ac0-9f5c-9d1b-30007974d2cb" executionId="685870a3-f21a-43ef-8618-0f873c644f37" testListId="8c84fa94-04c1-424b-9868-57a2d4851a1d" />
    <TestEntry testId="90cfec42-4910-af10-cff4-5af0ef6c23f5" executionId="00800769-4878-4cb5-a24d-8c85854e7a4a" testListId="8c84fa94-04c1-424b-9868-57a2d4851a1d" />
    <TestEntry testId="f80009c9-805e-194a-5298-bf93d54f39d7" executionId="1b803131-0ef3-43f4-9a00-d1d95f2bc395" testListId="8c84fa94-04c1-424b-9868-57a2d4851a1d" />
    <TestEntry testId="51b21bbe-86e0-7c92-977a-b85ebd62b755" executionId="d870eaeb-b158-48f3-883b-04049fb6f4a6" testListId="8c84fa94-04c1-424b-9868-57a2d4851a1d" />
    <TestEntry testId="2031700b-98b7-ff2b-f550-00f3842fd04f" executionId="f0f64dd9-c76a-4162-84cd-b16da221a9a7" testListId="8c84fa94-04c1-424b-9868-57a2d4851a1d" />
    <TestEntry testId="92748693-9b58-d8e3-eb5b-22d11e2e9e9d" executionId="b6e19b94-0df9-4fa3-9f3e-dda21bf67bf0" testListId="8c84fa94-04c1-424b-9868-57a2d4851a1d" />
    <TestEntry testId="9be732dd-ee22-c2df-2aa3-eb082a5b0373" executionId="ddbb130a-136b-456e-b828-91938d3546a6" testListId="8c84fa94-04c1-424b-9868-57a2d4851a1d" />
    <TestEntry testId="9b9cb762-c5b9-fbcf-33f7-2ca2d3e98b42" executionId="8e9a1167-41fa-421b-9d04-38f68ced74d7" testListId="8c84fa94-04c1-424b-9868-57a2d4851a1d" />
    <TestEntry testId="f8894dae-c947-7fce-9d72-6693c21ad4f8" executionId="88b60360-1d96-45fd-ab32-3a5e7528fc16" testListId="8c84fa94-04c1-424b-9868-57a2d4851a1d" />
    <TestEntry testId="30db28b2-ac34-8d8e-c566-68b2f6bb1d51" executionId="a8dae664-5e39-4bd7-82a8-888e27548c13" testListId="8c84fa94-04c1-424b-9868-57a2d4851a1d" />
    <TestEntry testId="bc7abd1f-cc07-f32a-8331-b644dd93f120" executionId="e8f33705-d6db-4546-a5e7-c19747e63c9b" testListId="8c84fa94-04c1-424b-9868-57a2d4851a1d" />
    <TestEntry testId="ef2c65b8-081e-e356-813a-949f0831c7f0" executionId="51be096b-4b61-4f9e-ae10-a930a7f5eb64" testListId="8c84fa94-04c1-424b-9868-57a2d4851a1d" />
    <TestEntry testId="366e3c61-7635-9c9b-a996-33c58fa8fc62" executionId="de223b44-105a-4575-b756-cfba687c8f9c" testListId="8c84fa94-04c1-424b-9868-57a2d4851a1d" />
    <TestEntry testId="80a788de-88e0-32bd-4244-9850aa1ba44f" executionId="52d01907-bcf1-489e-8ac2-394429e3be8d" testListId="8c84fa94-04c1-424b-9868-57a2d4851a1d" />
    <TestEntry testId="6a1a0675-fdd2-69ea-ed07-cd8b45ca5094" executionId="d5b0151b-7435-4e3d-959e-57b12f51b3e9" testListId="8c84fa94-04c1-424b-9868-57a2d4851a1d" />
    <TestEntry testId="6cb3c27b-61db-68ea-03a1-16fad20636e6" executionId="bad344e2-a754-455b-b853-4b9fefaeb548" testListId="8c84fa94-04c1-424b-9868-57a2d4851a1d" />
    <TestEntry testId="6eb5b91d-aafa-339f-fbef-69ff28a5c36d" executionId="c514866d-4c15-4d9d-880a-e61f4f9fae98" testListId="8c84fa94-04c1-424b-9868-57a2d4851a1d" />
    <TestEntry testId="1d527cfe-7183-7ac1-a7ed-260bd5e5ccfa" executionId="3c12aa0c-37e9-4262-ace8-cce5608243ad" testListId="8c84fa94-04c1-424b-9868-57a2d4851a1d" />
    <TestEntry testId="ba737e18-d009-4d7c-6e13-52f4c654ec83" executionId="b6ec3e77-bf58-40ae-9e3d-3e0a88d5f888" testListId="8c84fa94-04c1-424b-9868-57a2d4851a1d" />
    <TestEntry testId="23282872-5c32-1fb9-e0a2-cb7aa878c838" executionId="4217f28c-e81e-4c2b-a7a7-17b859b3076e" testListId="8c84fa94-04c1-424b-9868-57a2d4851a1d" />
    <TestEntry testId="422cd58a-1607-1b98-484d-a3568b92bd13" executionId="ab671a40-db3f-4b08-9400-e95fe04d0fc8" testListId="8c84fa94-04c1-424b-9868-57a2d4851a1d" />
    <TestEntry testId="86ad28ff-91bc-6dfc-4b29-d680c9d331eb" executionId="983c9e99-0ad0-40fa-a928-080741bb934c" testListId="8c84fa94-04c1-424b-9868-57a2d4851a1d" />
    <TestEntry testId="0e945364-42c0-3773-924e-a8c9f3ec6d3e" executionId="55580775-abae-4c33-9c4c-490e4adaddc2" testListId="8c84fa94-04c1-424b-9868-57a2d4851a1d" />
    <TestEntry testId="e54868c5-e23a-96f9-bd57-052b8e9f25f9" executionId="3e6e5523-aaa2-4f45-ac36-e6958d5babb8" testListId="8c84fa94-04c1-424b-9868-57a2d4851a1d" />
    <TestEntry testId="c7c013ea-be14-a4b5-1c6f-2b6dde46abbc" executionId="3d37c3e2-229c-4767-8e15-a787c2b6bb92" testListId="8c84fa94-04c1-424b-9868-57a2d4851a1d" />
    <TestEntry testId="8a119c68-dcc0-dba7-c987-45fbb976469b" executionId="aaa7a384-1611-4b8f-8587-0500db68e5ce" testListId="8c84fa94-04c1-424b-9868-57a2d4851a1d" />
    <TestEntry testId="45e7282a-ab42-966d-c9cc-b039211e5621" executionId="24f49bc2-3d74-440a-860d-932f1f007e53" testListId="8c84fa94-04c1-424b-9868-57a2d4851a1d" />
    <TestEntry testId="f227f8da-1aef-bb37-695f-f1b64dec59a9" executionId="b30bd3d2-fa63-4b68-83e7-50bf107223b4" testListId="8c84fa94-04c1-424b-9868-57a2d4851a1d" />
    <TestEntry testId="df661f1a-369e-296a-5042-ab9651f93dce" executionId="5e76f4ad-789a-4a4a-bca2-1237c9f031ca" testListId="8c84fa94-04c1-424b-9868-57a2d4851a1d" />
    <TestEntry testId="09f7512b-fcad-449f-b8a9-c32911a23969" executionId="703de85f-f99d-4f4a-ba31-ab349771cee1" testListId="8c84fa94-04c1-424b-9868-57a2d4851a1d" />
    <TestEntry testId="d13187c3-6513-b7ca-7370-507380fe2c88" executionId="70c2d7ef-c7b9-4faa-b915-165fd48a2c4d" testListId="8c84fa94-04c1-424b-9868-57a2d4851a1d" />
    <TestEntry testId="33f34022-0429-d841-2008-e35fc72eef53" executionId="341ba1f3-8999-4de0-a943-2e4568a7c76e" testListId="8c84fa94-04c1-424b-9868-57a2d4851a1d" />
    <TestEntry testId="c7c04760-2233-4819-4eb3-2daf180edff4" executionId="01762101-9bdd-48ec-8638-c5027001665d" testListId="8c84fa94-04c1-424b-9868-57a2d4851a1d" />
    <TestEntry testId="76ad8ec9-5ccc-b3a3-7c1b-d549d0dbd095" executionId="bc8ef602-9c10-47c6-94e0-bc9ded665e2a" testListId="8c84fa94-04c1-424b-9868-57a2d4851a1d" />
    <TestEntry testId="3af61c48-eead-454e-59a5-a117f0360878" executionId="1f90c6c5-55e4-44b7-be17-8fa17ee24dfe" testListId="8c84fa94-04c1-424b-9868-57a2d4851a1d" />
    <TestEntry testId="5a540ea5-a914-2a7a-fb65-63091b7a1082" executionId="95da084c-194f-454b-95f1-d05228da6951" testListId="8c84fa94-04c1-424b-9868-57a2d4851a1d" />
    <TestEntry testId="7729c68a-38c8-f8ce-da09-5022e186685c" executionId="07ca593f-f094-42b8-8d8a-c3584d32edca" testListId="8c84fa94-04c1-424b-9868-57a2d4851a1d" />
    <TestEntry testId="9087d096-82b4-2271-94ec-73730ed51c23" executionId="f1dc3469-868f-4a4b-9a8b-6ac9902cee47" testListId="8c84fa94-04c1-424b-9868-57a2d4851a1d" />
    <TestEntry testId="4a9f4574-9113-6c35-d2fa-751a30e86322" executionId="bbea2833-3893-47d1-837d-324c17fea4a2" testListId="8c84fa94-04c1-424b-9868-57a2d4851a1d" />
    <TestEntry testId="27e54bf1-4aa0-4763-a98b-d50300d50e6c" executionId="180c9ae1-0309-4183-ac81-1c240530286c" testListId="8c84fa94-04c1-424b-9868-57a2d4851a1d" />
    <TestEntry testId="37c7194c-1f0b-dee3-2e3b-dc795a15cffb" executionId="a3e2ebe6-5d8e-4895-a41b-d160a1a07e10" testListId="8c84fa94-04c1-424b-9868-57a2d4851a1d" />
    <TestEntry testId="a815ca81-3cc8-5bb5-3df9-88bef0e0f650" executionId="fbb48d3e-fb6a-494f-8a13-665ec0a7cbf9" testListId="8c84fa94-04c1-424b-9868-57a2d4851a1d" />
    <TestEntry testId="6837dba7-40c4-9f70-ea2b-82f5a35b378d" executionId="e248a347-da32-49bd-8658-0886baba4972" testListId="8c84fa94-04c1-424b-9868-57a2d4851a1d" />
    <TestEntry testId="244b13a7-ff72-5a50-f054-4ff8ceb0d499" executionId="c9f06651-ace8-4f70-b7b5-191bcc0304b3" testListId="8c84fa94-04c1-424b-9868-57a2d4851a1d" />
    <TestEntry testId="5dc082f5-af3b-2f6f-74c8-0805bee30a46" executionId="93102330-9322-4cd2-8159-2412b7cf3138" testListId="8c84fa94-04c1-424b-9868-57a2d4851a1d" />
    <TestEntry testId="0e8e9a77-632c-db52-e40d-d7b033807f15" executionId="431e8b96-f854-463e-8357-0c15fb024f1d" testListId="8c84fa94-04c1-424b-9868-57a2d4851a1d" />
    <TestEntry testId="d14fe452-c75b-8f8a-1e11-a88113e31ccc" executionId="edb9b594-8622-4179-b46f-8307bac7e3c5" testListId="8c84fa94-04c1-424b-9868-57a2d4851a1d" />
    <TestEntry testId="717afcc9-fdbd-942f-44d5-9f5deeef640f" executionId="12d04e1c-71a7-43da-8d31-8e12bfbe1ba7" testListId="8c84fa94-04c1-424b-9868-57a2d4851a1d" />
    <TestEntry testId="9f966096-1641-bf42-1320-e9f57c98ec2f" executionId="739acc40-ed2a-42de-a400-0329451ce3d1" testListId="8c84fa94-04c1-424b-9868-57a2d4851a1d" />
    <TestEntry testId="a1b1cd1d-1429-3ac2-3b82-a26d05133f17" executionId="06a531de-6132-4e1a-a004-b98ad6f360ae" testListId="8c84fa94-04c1-424b-9868-57a2d4851a1d" />
    <TestEntry testId="7d53e462-1288-fbb2-1f6d-75cbd2a2eb44" executionId="925be7f7-8796-4c99-8e9b-52fa9e55606e" testListId="8c84fa94-04c1-424b-9868-57a2d4851a1d" />
    <TestEntry testId="8ba27476-b54b-3c26-c478-bb1e87cb663c" executionId="ee7e8bf6-e926-49b4-86ee-b9c24eee2a55" testListId="8c84fa94-04c1-424b-9868-57a2d4851a1d" />
    <TestEntry testId="f96cba70-db37-0f83-9cd0-465945a7184e" executionId="6f743e93-4aab-4a9e-92e5-1a0f74255443" testListId="8c84fa94-04c1-424b-9868-57a2d4851a1d" />
    <TestEntry testId="3172308c-0e5e-05a2-a398-90977e0ab705" executionId="149f9176-1e9e-460b-a55b-6cf22c992407" testListId="8c84fa94-04c1-424b-9868-57a2d4851a1d" />
    <TestEntry testId="217b46ae-53e4-8868-0968-60de7a74b62a" executionId="1218377f-18d9-4500-a95f-5c0942df99c1" testListId="8c84fa94-04c1-424b-9868-57a2d4851a1d" />
    <TestEntry testId="f72783d9-64aa-50e2-fcd1-46f621632d5d" executionId="18fa33ca-818f-4e36-8f02-c338ebaa4245" testListId="8c84fa94-04c1-424b-9868-57a2d4851a1d" />
    <TestEntry testId="9634b23e-736b-8d03-4e65-5819fb03baa5" executionId="a2529248-b1eb-4ff0-b17b-ecdd1d8f4354" testListId="8c84fa94-04c1-424b-9868-57a2d4851a1d" />
    <TestEntry testId="33b7f528-129d-12a3-ccd2-fd1f055d858f" executionId="96189d64-1d8d-493e-b0d3-6951bc9c0465" testListId="8c84fa94-04c1-424b-9868-57a2d4851a1d" />
    <TestEntry testId="9b79670a-4357-fb82-855b-9e335ddd3a09" executionId="e778c5ab-12c9-42d4-ab07-bd62361c2231" testListId="8c84fa94-04c1-424b-9868-57a2d4851a1d" />
    <TestEntry testId="264c060b-2c06-6e92-2e7b-9f27ddffeba4" executionId="02cdf181-8caa-43c1-849a-9fc5dbad9862" testListId="8c84fa94-04c1-424b-9868-57a2d4851a1d" />
    <TestEntry testId="eb1e2ccd-822e-57b0-f5e5-7fc8ed277803" executionId="9f43e516-1a8c-4d0f-bceb-42323409a828" testListId="8c84fa94-04c1-424b-9868-57a2d4851a1d" />
    <TestEntry testId="5fa53206-edec-8295-28b6-5eb1541e56b6" executionId="196c2229-783b-49a1-acbe-562e30886b3e" testListId="8c84fa94-04c1-424b-9868-57a2d4851a1d" />
    <TestEntry testId="696d2b08-2b8a-7456-8791-bc3514cd955e" executionId="ef847539-e2eb-4744-a470-3ae3fcf7b04e" testListId="8c84fa94-04c1-424b-9868-57a2d4851a1d" />
    <TestEntry testId="a5c380fd-7aff-7b69-c8d6-5989b9e204c5" executionId="267129b7-be9a-49f7-8ad2-3f65c86880a3" testListId="8c84fa94-04c1-424b-9868-57a2d4851a1d" />
    <TestEntry testId="bc76307e-662f-d191-64cf-4352a391fa59" executionId="3eeb4322-d4ae-4dc2-bc3c-7bf81f0b9cc2" testListId="8c84fa94-04c1-424b-9868-57a2d4851a1d" />
    <TestEntry testId="b163eddc-fed2-8a3f-de92-54285bf94b6d" executionId="90d686ef-7bfa-4bc8-a8cb-89fa4df80107" testListId="8c84fa94-04c1-424b-9868-57a2d4851a1d" />
    <TestEntry testId="21bbacc0-ff4d-ad67-a90f-e4f994353077" executionId="75513c43-0302-4579-8db2-af7a7e7fd335" testListId="8c84fa94-04c1-424b-9868-57a2d4851a1d" />
    <TestEntry testId="de2d22dc-e411-4a1b-48db-f6f07906b5fb" executionId="4eed1f8d-1853-479b-863c-6e8a321e6c41" testListId="8c84fa94-04c1-424b-9868-57a2d4851a1d" />
    <TestEntry testId="da9e50fc-db80-afa7-5f4f-4cb6b2da8231" executionId="a2d6745f-7003-409f-99d9-7ea6a740110a" testListId="8c84fa94-04c1-424b-9868-57a2d4851a1d" />
    <TestEntry testId="f308d529-c66b-0a68-1a35-9384b1697bbf" executionId="83e854a1-54d1-4434-8ef2-57c87843fc41" testListId="8c84fa94-04c1-424b-9868-57a2d4851a1d" />
    <TestEntry testId="578b5b4c-08d1-6f2c-3cf8-070bb75c9b96" executionId="f4fb9ea6-ca16-4639-9b92-9c6652f6f49f" testListId="8c84fa94-04c1-424b-9868-57a2d4851a1d" />
    <TestEntry testId="ada84f96-628a-be69-4c85-60683def0842" executionId="b19b1e5c-7880-48e8-b7cd-f465a13df073" testListId="8c84fa94-04c1-424b-9868-57a2d4851a1d" />
    <TestEntry testId="ddbbee19-86a9-bc74-0664-4f6fa63796df" executionId="f6bf1c8e-67ef-429b-b90e-3f62c97190da" testListId="8c84fa94-04c1-424b-9868-57a2d4851a1d" />
    <TestEntry testId="939e1c3f-3bc7-ec75-48fe-8501679b5ff4" executionId="06bdbc04-c827-44b1-9ed0-8d1f926c12f5" testListId="8c84fa94-04c1-424b-9868-57a2d4851a1d" />
    <TestEntry testId="e1f98d4b-b934-3301-b07c-a8722a8e1bf4" executionId="6db0cbdb-2977-4efe-aa56-a8d617792657" testListId="8c84fa94-04c1-424b-9868-57a2d4851a1d" />
    <TestEntry testId="e9257337-b714-27d4-32a8-94e3008408f8" executionId="71e1a3e8-c7b1-41dc-a774-759f04dcde38" testListId="8c84fa94-04c1-424b-9868-57a2d4851a1d" />
    <TestEntry testId="06022d11-491a-4f0d-4482-3457e9003d33" executionId="909f9f66-883c-4ba0-b242-271eaecb68bf" testListId="8c84fa94-04c1-424b-9868-57a2d4851a1d" />
    <TestEntry testId="3436f427-af0a-5bde-6f98-b38b99a7cf5b" executionId="9b347117-6c62-4916-8e2b-4b131582b833" testListId="8c84fa94-04c1-424b-9868-57a2d4851a1d" />
    <TestEntry testId="83c96126-428f-5139-26c1-00806d946a42" executionId="09df427e-b278-410a-8421-e1ebe86fb40b" testListId="8c84fa94-04c1-424b-9868-57a2d4851a1d" />
    <TestEntry testId="5b94edbf-3c78-7105-4ec5-f34d39e55c58" executionId="0e0eadb2-411f-47ef-ae23-196be67d5185" testListId="8c84fa94-04c1-424b-9868-57a2d4851a1d" />
    <TestEntry testId="d995492a-671e-36ff-0d73-ec59a569933d" executionId="623fc0b5-fa37-46ee-8dc8-1ed1ede357fe" testListId="8c84fa94-04c1-424b-9868-57a2d4851a1d" />
    <TestEntry testId="faee1a73-2321-167e-168b-f89892fb598c" executionId="584716bf-c3e0-42e2-bd66-a4e0ba440356" testListId="8c84fa94-04c1-424b-9868-57a2d4851a1d" />
    <TestEntry testId="fdef4ad6-20d8-042a-63d8-5826de557b18" executionId="b073685c-7c63-4352-bb7a-783598297f49" testListId="8c84fa94-04c1-424b-9868-57a2d4851a1d" />
    <TestEntry testId="e238bfca-4b11-493d-42eb-8f12a1ef721f" executionId="bc5f9d4a-8a65-4c7d-9170-cbd1ec42c879" testListId="8c84fa94-04c1-424b-9868-57a2d4851a1d" />
    <TestEntry testId="fe5f39e6-4cd0-a90c-3fd0-4ec94c3771bb" executionId="b874d2e0-9a91-4ae5-814e-2ddc2fc467ab" testListId="8c84fa94-04c1-424b-9868-57a2d4851a1d" />
    <TestEntry testId="a16b516f-2dd7-f0de-4b9f-39b505e3fb31" executionId="92846b8e-423d-4f86-9762-796386896de0" testListId="8c84fa94-04c1-424b-9868-57a2d4851a1d" />
    <TestEntry testId="ec5e31f8-0a43-1c03-8691-e70ecfdbfc69" executionId="712f2522-2f1f-49a4-8015-c498cfc708ac" testListId="8c84fa94-04c1-424b-9868-57a2d4851a1d" />
    <TestEntry testId="12d96651-40d0-5499-9770-bf08435d63fc" executionId="182e05ae-291a-4574-bda3-9a56005000f6" testListId="8c84fa94-04c1-424b-9868-57a2d4851a1d" />
    <TestEntry testId="dbbec110-d393-0535-7065-c16e31474059" executionId="cc3baf18-5f26-4b21-b631-fbefb05de5f6" testListId="8c84fa94-04c1-424b-9868-57a2d4851a1d" />
    <TestEntry testId="560147e0-585f-3c73-5235-3ae492c399e0" executionId="b1349fe7-ad89-43ab-a416-c8f6bf16c111" testListId="8c84fa94-04c1-424b-9868-57a2d4851a1d" />
    <TestEntry testId="235eb381-d2e3-8caa-5888-040fb729169a" executionId="b44ea9df-0869-4613-a716-af2686388e88" testListId="8c84fa94-04c1-424b-9868-57a2d4851a1d" />
    <TestEntry testId="7f9e1a03-9e41-8ac9-4d40-38aecad4670f" executionId="441ec8bd-9918-4c9b-9a0d-4fa30ae73891" testListId="8c84fa94-04c1-424b-9868-57a2d4851a1d" />
    <TestEntry testId="90e736db-bebc-59eb-dcfd-94a08c26727f" executionId="5ee6ad9d-06d5-463b-82f8-805546f80b0d" testListId="8c84fa94-04c1-424b-9868-57a2d4851a1d" />
    <TestEntry testId="7e545621-7d10-75d6-0eb9-82dda8912c2c" executionId="8487621c-0cb5-4089-ab07-83c9e85cc186" testListId="8c84fa94-04c1-424b-9868-57a2d4851a1d" />
    <TestEntry testId="82e67c06-9849-1902-4582-6ac1133c7960" executionId="d3825aef-4a3e-461d-a621-44b0dc3cd373" testListId="8c84fa94-04c1-424b-9868-57a2d4851a1d" />
    <TestEntry testId="bac2e760-c57c-379d-cca8-5272b1f0e7e5" executionId="2a0c5973-a940-4a30-b375-2a5181729b7a" testListId="8c84fa94-04c1-424b-9868-57a2d4851a1d" />
    <TestEntry testId="8e957c61-833e-a0b8-17c9-5e56071d3f70" executionId="06525856-b5e9-4814-aeb0-1d9e16410c97" testListId="8c84fa94-04c1-424b-9868-57a2d4851a1d" />
    <TestEntry testId="c558e0d2-3c06-e002-2aa3-e6624e30de98" executionId="d936fb24-958b-4fab-811c-01a3679b35f3" testListId="8c84fa94-04c1-424b-9868-57a2d4851a1d" />
    <TestEntry testId="d256d95f-79c2-283f-fe67-61aaa54d0e1b" executionId="10675196-dd11-4302-920f-2bdae6e1898a" testListId="8c84fa94-04c1-424b-9868-57a2d4851a1d" />
    <TestEntry testId="ca982acc-6d3c-04e3-1b49-3eea6c1f73fe" executionId="9ae7d794-3af0-4d12-96fc-71f8f6aaf560" testListId="8c84fa94-04c1-424b-9868-57a2d4851a1d" />
    <TestEntry testId="46d3bb4f-6f59-f6c2-b532-ed497dfae82c" executionId="e171ddd1-840b-4186-884b-37431e4c7ef7" testListId="8c84fa94-04c1-424b-9868-57a2d4851a1d" />
    <TestEntry testId="1d8f4068-0f19-f951-5966-43f32b70fb4f" executionId="b3d21532-65c5-42b2-998e-3df00fc7b261" testListId="8c84fa94-04c1-424b-9868-57a2d4851a1d" />
    <TestEntry testId="5b76fee7-881d-69f4-bb6e-50523ab527c9" executionId="8d92c991-a7e9-47ea-8285-4722fcf45443" testListId="8c84fa94-04c1-424b-9868-57a2d4851a1d" />
    <TestEntry testId="4a32286d-4292-da18-0868-eb2a25ef068a" executionId="49bb8f24-f43f-4bfd-9ba3-0bd1d52958e9" testListId="8c84fa94-04c1-424b-9868-57a2d4851a1d" />
    <TestEntry testId="c2db2421-6d50-c505-4572-abf46a5e86c5" executionId="f86f094e-b9b1-4f3d-8577-0f5468f878a8" testListId="8c84fa94-04c1-424b-9868-57a2d4851a1d" />
    <TestEntry testId="954162af-ab17-e8a9-4ff5-8c9d29069f15" executionId="3bdf19c7-3d09-439c-a463-081e07a62464" testListId="8c84fa94-04c1-424b-9868-57a2d4851a1d" />
    <TestEntry testId="ab2272df-129a-10d0-4d80-4c6fcfe702e8" executionId="788e7a65-d620-4e21-bf46-aec2ef4906bd" testListId="8c84fa94-04c1-424b-9868-57a2d4851a1d" />
    <TestEntry testId="0c407008-912c-f5cf-415d-950e444e81e2" executionId="e0292409-8546-450b-bba0-a5352d8de5b5" testListId="8c84fa94-04c1-424b-9868-57a2d4851a1d" />
    <TestEntry testId="3a8cda37-b7cc-323f-afa4-03303dd2ce88" executionId="1948a289-4829-4af7-a142-3886b1dad84f" testListId="8c84fa94-04c1-424b-9868-57a2d4851a1d" />
    <TestEntry testId="c0622c05-a365-df5b-d83a-27dce2d844ee" executionId="4baf5146-2451-49a8-961c-f6887b7ff6e9" testListId="8c84fa94-04c1-424b-9868-57a2d4851a1d" />
    <TestEntry testId="1ff2656a-0300-1f06-36b0-2fc677b4ea69" executionId="bde272df-b03a-428d-856b-e2cb803e84bb" testListId="8c84fa94-04c1-424b-9868-57a2d4851a1d" />
    <TestEntry testId="799374f9-c088-e602-bce1-d22bf769b783" executionId="f68c92b7-0d34-461b-9e49-2a1239efea76" testListId="8c84fa94-04c1-424b-9868-57a2d4851a1d" />
    <TestEntry testId="584d2955-8662-50b8-9c7a-cb8a910d527d" executionId="043e5c8c-18b1-43b0-b737-b95b200d9a6b" testListId="8c84fa94-04c1-424b-9868-57a2d4851a1d" />
    <TestEntry testId="83d0208c-cef3-bd49-264a-c0709c65e66e" executionId="7f039c3d-49c3-4605-95d3-1ced28200efb" testListId="8c84fa94-04c1-424b-9868-57a2d4851a1d" />
    <TestEntry testId="ec976d73-69f5-3cb8-c94a-fac6ea1343ca" executionId="aadd6eba-81d5-4fcd-a24e-428429b03cb9" testListId="8c84fa94-04c1-424b-9868-57a2d4851a1d" />
    <TestEntry testId="f34d9844-3970-87ba-1a6d-f7c3b662af09" executionId="e6aecb30-2c50-48c6-a64c-3e216260cada" testListId="8c84fa94-04c1-424b-9868-57a2d4851a1d" />
    <TestEntry testId="a711a8fd-55fb-fc36-f795-72cedac95d24" executionId="bdb4ba07-b4a7-40c3-a159-4833599f05a5" testListId="8c84fa94-04c1-424b-9868-57a2d4851a1d" />
    <TestEntry testId="0fab285a-bfbc-a49a-b095-2b979efe33e8" executionId="e2af023b-209b-4e24-980d-a048135858bb" testListId="8c84fa94-04c1-424b-9868-57a2d4851a1d" />
    <TestEntry testId="c25f3e77-3d72-0513-001e-286d17e294f3" executionId="be36a704-7d01-47cf-9859-4763b72bfb8b" testListId="8c84fa94-04c1-424b-9868-57a2d4851a1d" />
    <TestEntry testId="a80246d5-ddf8-7929-99a4-5139184114ef" executionId="3add2e0d-00b7-44e1-ae28-0fb791f461a9" testListId="8c84fa94-04c1-424b-9868-57a2d4851a1d" />
    <TestEntry testId="c6561a8d-8639-fb30-9500-15f8be316902" executionId="6373467f-565f-4693-8456-34e6021cfd50" testListId="8c84fa94-04c1-424b-9868-57a2d4851a1d" />
    <TestEntry testId="f58711de-d6a1-25df-941a-d7a477d8bf41" executionId="bee86665-1096-4756-ab74-37bad05fa3eb" testListId="8c84fa94-04c1-424b-9868-57a2d4851a1d" />
    <TestEntry testId="6c2df068-e073-781f-ed58-d73445937e1f" executionId="59355fb9-f8c5-4ffe-b58e-52403bc1269a" testListId="8c84fa94-04c1-424b-9868-57a2d4851a1d" />
    <TestEntry testId="73d2aaa8-ac83-ede5-fed4-5dcf1194783f" executionId="70c208cc-8892-4b7d-b7de-fe657dd41c1f" testListId="8c84fa94-04c1-424b-9868-57a2d4851a1d" />
    <TestEntry testId="c5891e20-1607-2f4b-ec62-b83eb87653c6" executionId="b4645a67-87ba-451f-b14f-9d0cbb06a797" testListId="8c84fa94-04c1-424b-9868-57a2d4851a1d" />
    <TestEntry testId="5554cc9d-410c-0a03-5c37-393e64fd2d26" executionId="62995c3b-454c-41d7-9d01-0e4963687dd8" testListId="8c84fa94-04c1-424b-9868-57a2d4851a1d" />
    <TestEntry testId="5ba87170-b4be-88ce-9658-2993ce18ab0a" executionId="4e3ec303-6af2-48d3-91e8-d11884f6fa96" testListId="8c84fa94-04c1-424b-9868-57a2d4851a1d" />
    <TestEntry testId="27c9de3f-c624-ee93-069f-2072d9c30f0a" executionId="b4aed5e3-e5a8-410e-9e65-c87d9df669f7" testListId="8c84fa94-04c1-424b-9868-57a2d4851a1d" />
    <TestEntry testId="e12861db-8cd0-3c0d-af0a-eb43dfba13d7" executionId="2500a4d5-2bff-4805-9cd5-167953a5fa85" testListId="8c84fa94-04c1-424b-9868-57a2d4851a1d" />
    <TestEntry testId="ca756e2d-d5c0-6e03-1ab7-b2045c06d17b" executionId="d8c511c2-2d38-478e-af46-007079f24ad1" testListId="8c84fa94-04c1-424b-9868-57a2d4851a1d" />
    <TestEntry testId="fe39f516-26c8-b34c-d7c3-8fcbe7da1ba2" executionId="1949ba92-d421-4c34-988a-b07ed60c1bc0" testListId="8c84fa94-04c1-424b-9868-57a2d4851a1d" />
    <TestEntry testId="7fe2a8ad-3600-98d5-7117-12a9f9025c62" executionId="17cc9c79-b79f-4616-af61-ed4e7fedd0a7" testListId="8c84fa94-04c1-424b-9868-57a2d4851a1d" />
  </TestEntries>
  <TestLists>
    <TestList name="Results Not in a List" id="8c84fa94-04c1-424b-9868-57a2d4851a1d" />
    <TestList name="All Loaded Results" id="19431567-8539-422a-85d7-44ee4e166bda" />
  </TestLists>
  <ResultSummary outcome="Completed">
    <Counters total="1000" executed="1000" passed="1000" failed="0" error="0" timeout="0" aborted="0" inconclusive="0" passedButRunAborted="0" notRunnable="0" notExecuted="0" disconnected="0" warning="0" completed="0" inProgress="0" pending="0" />
    <Output>
      <StdOut>[xUnit.net 00:00:00.00] xUnit.net VSTest Adapter v2.4.5+1caef2f33e (64-bit .NET Core 3.1.25)&#xD;
[xUnit.net 00:00:03.56]   Discovering: xUnitTestProject&#xD;
[xUnit.net 00:00:05.33]   Discovered:  xUnitTestProject&#xD;
[xUnit.net 00:00:05.37]   Starting:    xUnitTestProject&#xD;
[xUnit.net 00:00:05.61]   Finished:    xUnitTestProject&#xD;
</StdOut>
    </Output>
  </ResultSummary>
</TestRun>