<?xml version="1.0" encoding="utf-8"?>
<TestRun id="1d07ce03-34a4-43f0-805d-90aef707070d" name="Dominik@DESKTOP-5URQ9PB 2022-06-13 21:15:49" runUser="DESKTOP-5URQ9PB\Dominik" xmlns="http://microsoft.com/schemas/VisualStudio/TeamTest/2010">
  <Times creation="2022-06-13T21:15:49.4359362+02:00" queuing="2022-06-13T21:15:49.4359363+02:00" start="2022-06-13T21:15:42.6327306+02:00" finish="2022-06-13T21:15:49.7943250+02:00" />
  <TestSettings name="default" id="a9010382-c32b-444f-a96e-42d53a50b976">
    <Deployment runDeploymentRoot="Dominik_DESKTOP-5URQ9PB_2022-06-13_21_15_49" />
  </TestSettings>
  <Results>
    <UnitTestResult executionId="8bf8a081-fb33-4ce3-a4f0-c1d19add76fb" testId="78d10de8-2dc4-0b77-ab9e-9a161423da54" testName="xUnitTestProject.CurrencyHelperTests.FormatToStringTest1000(price: 2963.24443391815, expected: &quot;2963.24 zł&quot;)" computerName="DESKTOP-5URQ9PB" duration="00:00:00.0000041" startTime="2022-06-13T21:15:49.4250281+02:00" endTime="2022-06-13T21:15:49.4250285+02:00" testType="13cdc9d9-ddb5-4fa4-a97d-d965ccfc6d4b" outcome="Passed" testListId="8c84fa94-04c1-424b-9868-57a2d4851a1d" relativeResultsDirectory="8bf8a081-fb33-4ce3-a4f0-c1d19add76fb" />
    <UnitTestResult executionId="b56adfb4-6a1f-419e-93c0-19229624c394" testId="c5439243-290e-2a67-aa6b-588710f39fb3" testName="xUnitTestProject.CurrencyHelperTests.FormatToStringTest1000(price: 19783.413847500186, expected: &quot;19783.41 zł&quot;)" computerName="DESKTOP-5URQ9PB" duration="00:00:00.0000039" startTime="2022-06-13T21:15:49.4241803+02:00" endTime="2022-06-13T21:15:49.4241805+02:00" testType="13cdc9d9-ddb5-4fa4-a97d-d965ccfc6d4b" outcome="Passed" testListId="8c84fa94-04c1-424b-9868-57a2d4851a1d" relativeResultsDirectory="b56adfb4-6a1f-419e-93c0-19229624c394" />
    <UnitTestResult executionId="7395fdfb-444e-40a4-a801-afee04768b28" testId="3e5b1b26-ce6a-72cd-5d99-1c229fd90703" testName="xUnitTestProject.CurrencyHelperTests.FormatToStringTest1000(price: 15520.346099893259, expected: &quot;15520.35 zł&quot;)" computerName="DESKTOP-5URQ9PB" duration="00:00:00.0000039" startTime="2022-06-13T21:15:49.4204091+02:00" endTime="2022-06-13T21:15:49.4204092+02:00" testType="13cdc9d9-ddb5-4fa4-a97d-d965ccfc6d4b" outcome="Passed" testListId="8c84fa94-04c1-424b-9868-57a2d4851a1d" relativeResultsDirectory="7395fdfb-444e-40a4-a801-afee04768b28" />
    <UnitTestResult executionId="38b1e353-dad1-4a38-a119-e99b7eae5e27" testId="e641957d-86a3-9c73-8dcf-f9374b4233e0" testName="xUnitTestProject.CurrencyHelperTests.FormatToStringTest1000(price: 31799.68317462815, expected: &quot;31799.68 zł&quot;)" computerName="DESKTOP-5URQ9PB" duration="00:00:00.0000039" startTime="2022-06-13T21:15:49.4562633+02:00" endTime="2022-06-13T21:15:49.4562635+02:00" testType="13cdc9d9-ddb5-4fa4-a97d-d965ccfc6d4b" outcome="Passed" testListId="8c84fa94-04c1-424b-9868-57a2d4851a1d" relativeResultsDirectory="38b1e353-dad1-4a38-a119-e99b7eae5e27" />
    <UnitTestResult executionId="8b28f776-3b0a-4faf-b2b6-1cb374bce1d0" testId="1dbbe335-bc13-7d9d-496f-d39e25173610" testName="xUnitTestProject.CurrencyHelperTests.FormatToStringTest1000(price: 57809.74722876295, expected: &quot;57809.75 zł&quot;)" computerName="DESKTOP-5URQ9PB" duration="00:00:00.0000039" startTime="2022-06-13T21:15:49.4717458+02:00" endTime="2022-06-13T21:15:49.4717462+02:00" testType="13cdc9d9-ddb5-4fa4-a97d-d965ccfc6d4b" outcome="Passed" testListId="8c84fa94-04c1-424b-9868-57a2d4851a1d" relativeResultsDirectory="8b28f776-3b0a-4faf-b2b6-1cb374bce1d0" />
    <UnitTestResult executionId="2d804af2-2d1b-4f5f-a3d9-452532e144de" testId="6c2df068-e073-781f-ed58-d73445937e1f" testName="xUnitTestProject.CurrencyHelperTests.FormatToStringTest1000(price: 26843.15785584932, expected: &quot;26843.16 zł&quot;)" computerName="DESKTOP-5URQ9PB" duration="00:00:00.0000039" startTime="2022-06-13T21:15:49.4651063+02:00" endTime="2022-06-13T21:15:49.4651064+02:00" testType="13cdc9d9-ddb5-4fa4-a97d-d965ccfc6d4b" outcome="Passed" testListId="8c84fa94-04c1-424b-9868-57a2d4851a1d" relativeResultsDirectory="2d804af2-2d1b-4f5f-a3d9-452532e144de" />
    <UnitTestResult executionId="f041e457-5617-497c-a22f-b524e9909758" testId="9e381b2f-7758-75e7-1187-5359a7cc2fcf" testName="xUnitTestProject.CurrencyHelperTests.FormatToStringTest1000(price: 4252.4012513842445, expected: &quot;4252.40 zł&quot;)" computerName="DESKTOP-5URQ9PB" duration="00:00:00.0000040" startTime="2022-06-13T21:15:49.4533628+02:00" endTime="2022-06-13T21:15:49.4533629+02:00" testType="13cdc9d9-ddb5-4fa4-a97d-d965ccfc6d4b" outcome="Passed" testListId="8c84fa94-04c1-424b-9868-57a2d4851a1d" relativeResultsDirectory="f041e457-5617-497c-a22f-b524e9909758" />
    <UnitTestResult executionId="8f753010-35e6-4f28-ad7e-2fa5def8557c" testId="f2b68a15-ef7c-c26b-ffdd-eb9ae7067bca" testName="xUnitTestProject.CurrencyHelperTests.FormatToStringTest1000(price: 58191.92113629585, expected: &quot;58191.92 zł&quot;)" computerName="DESKTOP-5URQ9PB" duration="00:00:00.0000040" startTime="2022-06-13T21:15:49.4260451+02:00" endTime="2022-06-13T21:15:49.4260453+02:00" testType="13cdc9d9-ddb5-4fa4-a97d-d965ccfc6d4b" outcome="Passed" testListId="8c84fa94-04c1-424b-9868-57a2d4851a1d" relativeResultsDirectory="8f753010-35e6-4f28-ad7e-2fa5def8557c" />
    <UnitTestResult executionId="851c6092-6018-4252-b5e3-66a5ae933046" testId="0751b11b-a6a8-a4ef-30e1-f910838570cb" testName="xUnitTestProject.CurrencyHelperTests.FormatToStringTest1000(price: 20752.33758466334, expected: &quot;20752.34 zł&quot;)" computerName="DESKTOP-5URQ9PB" duration="00:00:00.0000051" startTime="2022-06-13T21:15:49.4903036+02:00" endTime="2022-06-13T21:15:49.4903037+02:00" testType="13cdc9d9-ddb5-4fa4-a97d-d965ccfc6d4b" outcome="Passed" testListId="8c84fa94-04c1-424b-9868-57a2d4851a1d" relativeResultsDirectory="851c6092-6018-4252-b5e3-66a5ae933046" />
    <UnitTestResult executionId="a461fd53-a808-4c8d-aa89-2ee4f6b7f4e1" testId="f3b15f6b-f00d-4e6c-f3c3-26bd7741dc5d" testName="xUnitTestProject.CurrencyHelperTests.FormatToStringTest1000(price: 35905.47425787219, expected: &quot;35905.47 zł&quot;)" computerName="DESKTOP-5URQ9PB" duration="00:00:00.0000041" startTime="2022-06-13T21:15:49.4250629+02:00" endTime="2022-06-13T21:15:49.4250630+02:00" testType="13cdc9d9-ddb5-4fa4-a97d-d965ccfc6d4b" outcome="Passed" testListId="8c84fa94-04c1-424b-9868-57a2d4851a1d" relativeResultsDirectory="a461fd53-a808-4c8d-aa89-2ee4f6b7f4e1" />
    <UnitTestResult executionId="13e0214f-a2c5-4390-a345-f1f3c69ccce5" testId="015022db-d96e-2b60-5477-1c6f1fa9a487" testName="xUnitTestProject.CurrencyHelperTests.FormatToStringTest1000(price: 1328.353302088265, expected: &quot;1328.35 zł&quot;)" computerName="DESKTOP-5URQ9PB" duration="00:00:00.0000040" startTime="2022-06-13T21:15:49.4766508+02:00" endTime="2022-06-13T21:15:49.4766510+02:00" testType="13cdc9d9-ddb5-4fa4-a97d-d965ccfc6d4b" outcome="Passed" testListId="8c84fa94-04c1-424b-9868-57a2d4851a1d" relativeResultsDirectory="13e0214f-a2c5-4390-a345-f1f3c69ccce5" />
    <UnitTestResult executionId="f20abad5-0f4d-4c10-9785-46e969881e3c" testId="dba976e4-619d-1846-93cf-501dc328971c" testName="xUnitTestProject.CurrencyHelperTests.FormatToStringTest1000(price: 30533.30031120838, expected: &quot;30533.30 zł&quot;)" computerName="DESKTOP-5URQ9PB" duration="00:00:00.0000041" startTime="2022-06-13T21:15:49.3979528+02:00" endTime="2022-06-13T21:15:49.3979530+02:00" testType="13cdc9d9-ddb5-4fa4-a97d-d965ccfc6d4b" outcome="Passed" testListId="8c84fa94-04c1-424b-9868-57a2d4851a1d" relativeResultsDirectory="f20abad5-0f4d-4c10-9785-46e969881e3c" />
    <UnitTestResult executionId="ef197052-0886-4e4a-a563-e8d988fbcf5e" testId="cd325bca-14d8-e62d-3ed3-b6cff2a5be8c" testName="xUnitTestProject.CurrencyHelperTests.FormatToStringTest1000(price: 4539.210371735137, expected: &quot;4539.21 zł&quot;)" computerName="DESKTOP-5URQ9PB" duration="00:00:00.0000041" startTime="2022-06-13T21:15:49.3957323+02:00" endTime="2022-06-13T21:15:49.3957324+02:00" testType="13cdc9d9-ddb5-4fa4-a97d-d965ccfc6d4b" outcome="Passed" testListId="8c84fa94-04c1-424b-9868-57a2d4851a1d" relativeResultsDirectory="ef197052-0886-4e4a-a563-e8d988fbcf5e" />
    <UnitTestResult executionId="e1fc49dc-0ab3-4e60-a1c6-213bc1f5fcef" testId="123932a6-c3cf-7fb9-5ef5-34297fb3a837" testName="xUnitTestProject.CurrencyHelperTests.FormatToStringTest1000(price: 68770.73008707525, expected: &quot;68770.73 zł&quot;)" computerName="DESKTOP-5URQ9PB" duration="00:00:00.0000045" startTime="2022-06-13T21:15:49.4622253+02:00" endTime="2022-06-13T21:15:49.4622254+02:00" testType="13cdc9d9-ddb5-4fa4-a97d-d965ccfc6d4b" outcome="Passed" testListId="8c84fa94-04c1-424b-9868-57a2d4851a1d" relativeResultsDirectory="e1fc49dc-0ab3-4e60-a1c6-213bc1f5fcef" />
    <UnitTestResult executionId="b5f6bb6d-13e4-4602-b09b-d1880ec72b7e" testId="dffdcee4-e2c7-a486-318f-edaed8877c4d" testName="xUnitTestProject.CurrencyHelperTests.FormatToStringTest1000(price: 8697.074631143862, expected: &quot;8697.07 zł&quot;)" computerName="DESKTOP-5URQ9PB" duration="00:00:00.0000041" startTime="2022-06-13T21:15:49.4414404+02:00" endTime="2022-06-13T21:15:49.4414405+02:00" testType="13cdc9d9-ddb5-4fa4-a97d-d965ccfc6d4b" outcome="Passed" testListId="8c84fa94-04c1-424b-9868-57a2d4851a1d" relativeResultsDirectory="b5f6bb6d-13e4-4602-b09b-d1880ec72b7e" />
    <UnitTestResult executionId="60beecee-c355-4d57-b746-0ed6ec35f9a0" testId="0eee54e7-397f-944e-60ad-576b256307cf" testName="xUnitTestProject.CurrencyHelperTests.FormatToStringTest1000(price: 44499.288016808816, expected: &quot;44499.29 zł&quot;)" computerName="DESKTOP-5URQ9PB" duration="00:00:00.0000040" startTime="2022-06-13T21:15:49.3939025+02:00" endTime="2022-06-13T21:15:49.3939027+02:00" testType="13cdc9d9-ddb5-4fa4-a97d-d965ccfc6d4b" outcome="Passed" testListId="8c84fa94-04c1-424b-9868-57a2d4851a1d" relativeResultsDirectory="60beecee-c355-4d57-b746-0ed6ec35f9a0" />
    <UnitTestResult executionId="4e3372d7-dad3-4b35-8d69-d42ec6a9a957" testId="652fbfaf-623d-2a4f-25d1-cf07d8f0c0da" testName="xUnitTestProject.CurrencyHelperTests.FormatToStringTest1000(price: 5835.26176155557, expected: &quot;5835.26 zł&quot;)" computerName="DESKTOP-5URQ9PB" duration="00:00:00.0000039" startTime="2022-06-13T21:15:49.5018080+02:00" endTime="2022-06-13T21:15:49.5018082+02:00" testType="13cdc9d9-ddb5-4fa4-a97d-d965ccfc6d4b" outcome="Passed" testListId="8c84fa94-04c1-424b-9868-57a2d4851a1d" relativeResultsDirectory="4e3372d7-dad3-4b35-8d69-d42ec6a9a957" />
    <UnitTestResult executionId="dd2b78f3-1cdb-4dd5-aa87-fb867b50bf16" testId="ddfa2a9a-e29a-9dfc-0603-2fa2e9e89c67" testName="xUnitTestProject.CurrencyHelperTests.FormatToStringTest1000(price: 24251.68593564848, expected: &quot;24251.69 zł&quot;)" computerName="DESKTOP-5URQ9PB" duration="00:00:00.0000039" startTime="2022-06-13T21:15:49.3977046+02:00" endTime="2022-06-13T21:15:49.3977050+02:00" testType="13cdc9d9-ddb5-4fa4-a97d-d965ccfc6d4b" outcome="Passed" testListId="8c84fa94-04c1-424b-9868-57a2d4851a1d" relativeResultsDirectory="dd2b78f3-1cdb-4dd5-aa87-fb867b50bf16" />
    <UnitTestResult executionId="4d2da675-a2e7-49b5-998d-d74e4113d298" testId="984ccf4b-e758-da57-870c-fdaae5c09395" testName="xUnitTestProject.CurrencyHelperTests.FormatToStringTest1000(price: 11584.045280779732, expected: &quot;11584.05 zł&quot;)" computerName="DESKTOP-5URQ9PB" duration="00:00:00.0000040" startTime="2022-06-13T21:15:49.4040785+02:00" endTime="2022-06-13T21:15:49.4040786+02:00" testType="13cdc9d9-ddb5-4fa4-a97d-d965ccfc6d4b" outcome="Passed" testListId="8c84fa94-04c1-424b-9868-57a2d4851a1d" relativeResultsDirectory="4d2da675-a2e7-49b5-998d-d74e4113d298" />
    <UnitTestResult executionId="d76f55c7-62ec-4220-9f11-72f449ee5db4" testId="b07c6436-dbf7-0138-be42-b4b6d3d7e52c" testName="xUnitTestProject.CurrencyHelperTests.FormatToStringTest1000(price: 22791.735381432685, expected: &quot;22791.74 zł&quot;)" computerName="DESKTOP-5URQ9PB" duration="00:00:00.0000038" startTime="2022-06-13T21:15:49.4807338+02:00" endTime="2022-06-13T21:15:49.4807339+02:00" testType="13cdc9d9-ddb5-4fa4-a97d-d965ccfc6d4b" outcome="Passed" testListId="8c84fa94-04c1-424b-9868-57a2d4851a1d" relativeResultsDirectory="d76f55c7-62ec-4220-9f11-72f449ee5db4" />
    <UnitTestResult executionId="78814ffa-e2ab-452d-a0da-c1d546469cd8" testId="ada84f96-628a-be69-4c85-60683def0842" testName="xUnitTestProject.CurrencyHelperTests.FormatToStringTest1000(price: 45299.778512198376, expected: &quot;45299.78 zł&quot;)" computerName="DESKTOP-5URQ9PB" duration="00:00:00.0000040" startTime="2022-06-13T21:15:49.4223217+02:00" endTime="2022-06-13T21:15:49.4223218+02:00" testType="13cdc9d9-ddb5-4fa4-a97d-d965ccfc6d4b" outcome="Passed" testListId="8c84fa94-04c1-424b-9868-57a2d4851a1d" relativeResultsDirectory="78814ffa-e2ab-452d-a0da-c1d546469cd8" />
    <UnitTestResult executionId="662e8919-1d44-4f9a-8c91-831a1ef19d7b" testId="73284804-3614-1086-c9d3-907dba871693" testName="xUnitTestProject.CurrencyHelperTests.FormatToStringTest1000(price: 12187.551827252633, expected: &quot;12187.55 zł&quot;)" computerName="DESKTOP-5URQ9PB" duration="00:00:00.0000040" startTime="2022-06-13T21:15:49.4612638+02:00" endTime="2022-06-13T21:15:49.4612639+02:00" testType="13cdc9d9-ddb5-4fa4-a97d-d965ccfc6d4b" outcome="Passed" testListId="8c84fa94-04c1-424b-9868-57a2d4851a1d" relativeResultsDirectory="662e8919-1d44-4f9a-8c91-831a1ef19d7b" />
    <UnitTestResult executionId="5477e087-fe04-4335-a3a9-cf305a592e17" testId="9a2bcce2-54c7-2ac9-248c-c072785d5cf2" testName="xUnitTestProject.CurrencyHelperTests.FormatToStringTest1000(price: 9774.341362926803, expected: &quot;9774.34 zł&quot;)" computerName="DESKTOP-5URQ9PB" duration="00:00:00.0000039" startTime="2022-06-13T21:15:49.4404370+02:00" endTime="2022-06-13T21:15:49.4404371+02:00" testType="13cdc9d9-ddb5-4fa4-a97d-d965ccfc6d4b" outcome="Passed" testListId="8c84fa94-04c1-424b-9868-57a2d4851a1d" relativeResultsDirectory="5477e087-fe04-4335-a3a9-cf305a592e17" />
    <UnitTestResult executionId="2e4c5881-910d-4e97-a513-2bf397f07da9" testId="256b0aa4-ca9e-f9c0-c01a-e5ce082d7933" testName="xUnitTestProject.CurrencyHelperTests.FormatToStringTest1000(price: 4592.278577496428, expected: &quot;4592.28 zł&quot;)" computerName="DESKTOP-5URQ9PB" duration="00:00:00.0000040" startTime="2022-06-13T21:15:49.4424131+02:00" endTime="2022-06-13T21:15:49.4424132+02:00" testType="13cdc9d9-ddb5-4fa4-a97d-d965ccfc6d4b" outcome="Passed" testListId="8c84fa94-04c1-424b-9868-57a2d4851a1d" relativeResultsDirectory="2e4c5881-910d-4e97-a513-2bf397f07da9" />
    <UnitTestResult executionId="20b50cc9-2080-4d04-97bf-8a80b20d5a64" testId="d28e2add-d838-2ebe-df2d-b5dd0d3b773e" testName="xUnitTestProject.CurrencyHelperTests.FormatToStringTest1000(price: 1751.7703038522834, expected: &quot;1751.77 zł&quot;)" computerName="DESKTOP-5URQ9PB" duration="00:00:00.0000039" startTime="2022-06-13T21:15:49.4475568+02:00" endTime="2022-06-13T21:15:49.4475570+02:00" testType="13cdc9d9-ddb5-4fa4-a97d-d965ccfc6d4b" outcome="Passed" testListId="8c84fa94-04c1-424b-9868-57a2d4851a1d" relativeResultsDirectory="20b50cc9-2080-4d04-97bf-8a80b20d5a64" />
    <UnitTestResult executionId="624fb7f9-b154-4653-9e2b-922d9d6a5d03" testId="ca982acc-6d3c-04e3-1b49-3eea6c1f73fe" testName="xUnitTestProject.CurrencyHelperTests.FormatToStringTest1000(price: 33851.35523524618, expected: &quot;33851.36 zł&quot;)" computerName="DESKTOP-5URQ9PB" duration="00:00:00.0000039" startTime="2022-06-13T21:15:49.4242104+02:00" endTime="2022-06-13T21:15:49.4242105+02:00" testType="13cdc9d9-ddb5-4fa4-a97d-d965ccfc6d4b" outcome="Passed" testListId="8c84fa94-04c1-424b-9868-57a2d4851a1d" relativeResultsDirectory="624fb7f9-b154-4653-9e2b-922d9d6a5d03" />
    <UnitTestResult executionId="77a57fc4-f9de-4602-807c-b45a7e83db15" testId="a3a08850-4a93-c030-f4e2-fdffe7d8b320" testName="xUnitTestProject.CurrencyHelperTests.FormatToStringTest1000(price: 19873.59831658453, expected: &quot;19873.60 zł&quot;)" computerName="DESKTOP-5URQ9PB" duration="00:00:00.0000045" startTime="2022-06-13T21:15:49.4988897+02:00" endTime="2022-06-13T21:15:49.4988898+02:00" testType="13cdc9d9-ddb5-4fa4-a97d-d965ccfc6d4b" outcome="Passed" testListId="8c84fa94-04c1-424b-9868-57a2d4851a1d" relativeResultsDirectory="77a57fc4-f9de-4602-807c-b45a7e83db15" />
    <UnitTestResult executionId="45bacc4d-5999-4a0e-99ea-34971c8d1675" testId="3d5d455f-8b5b-9efe-5bfb-ffa440cd9adb" testName="xUnitTestProject.CurrencyHelperTests.FormatToStringTest1000(price: 34145.534199603615, expected: &quot;34145.53 zł&quot;)" computerName="DESKTOP-5URQ9PB" duration="00:00:00.0000038" startTime="2022-06-13T21:15:49.4525561+02:00" endTime="2022-06-13T21:15:49.4525563+02:00" testType="13cdc9d9-ddb5-4fa4-a97d-d965ccfc6d4b" outcome="Passed" testListId="8c84fa94-04c1-424b-9868-57a2d4851a1d" relativeResultsDirectory="45bacc4d-5999-4a0e-99ea-34971c8d1675" />
    <UnitTestResult executionId="5a079528-0849-4bd3-952b-131350b15342" testId="688da5e9-d12f-3e2c-c7dd-72c1a87d6a78" testName="xUnitTestProject.CurrencyHelperTests.FormatToStringTest1000(price: 11904.111251175456, expected: &quot;11904.11 zł&quot;)" computerName="DESKTOP-5URQ9PB" duration="00:00:00.0000040" startTime="2022-06-13T21:15:49.4777156+02:00" endTime="2022-06-13T21:15:49.4777157+02:00" testType="13cdc9d9-ddb5-4fa4-a97d-d965ccfc6d4b" outcome="Passed" testListId="8c84fa94-04c1-424b-9868-57a2d4851a1d" relativeResultsDirectory="5a079528-0849-4bd3-952b-131350b15342" />
    <UnitTestResult executionId="92892090-fa26-4d7d-bae8-7afe7bfce7e3" testId="68aeee53-b239-e7d6-6e18-da94fac3a451" testName="xUnitTestProject.CurrencyHelperTests.FormatToStringTest1000(price: 43858.624379632354, expected: &quot;43858.62 zł&quot;)" computerName="DESKTOP-5URQ9PB" duration="00:00:00.0000040" startTime="2022-06-13T21:15:49.4940861+02:00" endTime="2022-06-13T21:15:49.4940863+02:00" testType="13cdc9d9-ddb5-4fa4-a97d-d965ccfc6d4b" outcome="Passed" testListId="8c84fa94-04c1-424b-9868-57a2d4851a1d" relativeResultsDirectory="92892090-fa26-4d7d-bae8-7afe7bfce7e3" />
    <UnitTestResult executionId="7c312b5f-9804-419b-bd07-16145beb1a7d" testId="1f1eef69-3a21-cd3d-3a5f-46efeda6ab38" testName="xUnitTestProject.CurrencyHelperTests.FormatToStringTest1000(price: 7975.276658828965, expected: &quot;7975.28 zł&quot;)" computerName="DESKTOP-5URQ9PB" duration="00:00:00.0000038" startTime="2022-06-13T21:15:49.4883472+02:00" endTime="2022-06-13T21:15:49.4883474+02:00" testType="13cdc9d9-ddb5-4fa4-a97d-d965ccfc6d4b" outcome="Passed" testListId="8c84fa94-04c1-424b-9868-57a2d4851a1d" relativeResultsDirectory="7c312b5f-9804-419b-bd07-16145beb1a7d" />
    <UnitTestResult executionId="d4ed7ac3-0848-4445-a701-d5c5924338d2" testId="bc83fa3c-576f-30a6-fe1b-a25c896763ba" testName="xUnitTestProject.CurrencyHelperTests.FormatToStringTest1000(price: 23612.114499758984, expected: &quot;23612.11 zł&quot;)" computerName="DESKTOP-5URQ9PB" duration="00:00:00.0000040" startTime="2022-06-13T21:15:49.4542966+02:00" endTime="2022-06-13T21:15:49.4542970+02:00" testType="13cdc9d9-ddb5-4fa4-a97d-d965ccfc6d4b" outcome="Passed" testListId="8c84fa94-04c1-424b-9868-57a2d4851a1d" relativeResultsDirectory="d4ed7ac3-0848-4445-a701-d5c5924338d2" />
    <UnitTestResult executionId="e335f154-105a-4c61-a8d0-b42d3f5a1f55" testId="e6f6cc53-8c3a-da20-bc77-8b2d112d8374" testName="xUnitTestProject.CurrencyHelperTests.FormatToStringTest1000(price: 6170.939441211959, expected: &quot;6170.94 zł&quot;)" computerName="DESKTOP-5URQ9PB" duration="00:00:00.0000039" startTime="2022-06-13T21:15:49.4313520+02:00" endTime="2022-06-13T21:15:49.4313522+02:00" testType="13cdc9d9-ddb5-4fa4-a97d-d965ccfc6d4b" outcome="Passed" testListId="8c84fa94-04c1-424b-9868-57a2d4851a1d" relativeResultsDirectory="e335f154-105a-4c61-a8d0-b42d3f5a1f55" />
    <UnitTestResult executionId="0e28dbe2-214b-43a3-90d9-43bf38e78f0b" testId="1230a279-f763-f5b9-8b74-e3286d54a1e7" testName="xUnitTestProject.CurrencyHelperTests.FormatToStringTest1000(price: 1963.0091662979728, expected: &quot;1963.01 zł&quot;)" computerName="DESKTOP-5URQ9PB" duration="00:00:00.0000039" startTime="2022-06-13T21:15:49.4060585+02:00" endTime="2022-06-13T21:15:49.4060586+02:00" testType="13cdc9d9-ddb5-4fa4-a97d-d965ccfc6d4b" outcome="Passed" testListId="8c84fa94-04c1-424b-9868-57a2d4851a1d" relativeResultsDirectory="0e28dbe2-214b-43a3-90d9-43bf38e78f0b" />
    <UnitTestResult executionId="6a237c17-4e10-481e-82f1-2401e4886e12" testId="c7272717-4c66-ee9c-96d1-b74d86b61eb8" testName="xUnitTestProject.CurrencyHelperTests.FormatToStringTest1000(price: 5022.470719070859, expected: &quot;5022.47 zł&quot;)" computerName="DESKTOP-5URQ9PB" duration="00:00:00.0000040" startTime="2022-06-13T21:15:49.4882276+02:00" endTime="2022-06-13T21:15:49.4882278+02:00" testType="13cdc9d9-ddb5-4fa4-a97d-d965ccfc6d4b" outcome="Passed" testListId="8c84fa94-04c1-424b-9868-57a2d4851a1d" relativeResultsDirectory="6a237c17-4e10-481e-82f1-2401e4886e12" />
    <UnitTestResult executionId="77173d69-ec45-44cb-bc57-e7c7960b288c" testId="1847f09f-3a3a-e54a-437b-e06a692092b8" testName="xUnitTestProject.CurrencyHelperTests.FormatToStringTest1000(price: 4612.32080757633, expected: &quot;4612.32 zł&quot;)" computerName="DESKTOP-5URQ9PB" duration="00:00:00.0000038" startTime="2022-06-13T21:15:49.4202847+02:00" endTime="2022-06-13T21:15:49.4202851+02:00" testType="13cdc9d9-ddb5-4fa4-a97d-d965ccfc6d4b" outcome="Passed" testListId="8c84fa94-04c1-424b-9868-57a2d4851a1d" relativeResultsDirectory="77173d69-ec45-44cb-bc57-e7c7960b288c" />
    <UnitTestResult executionId="e2373b03-1c0e-484d-8532-56d3234b7325" testId="d5c3657d-a220-d2b1-57c9-e4353f6b9eb6" testName="xUnitTestProject.CurrencyHelperTests.FormatToStringTest1000(price: 12125.090155628086, expected: &quot;12125.09 zł&quot;)" computerName="DESKTOP-5URQ9PB" duration="00:00:00.0000039" startTime="2022-06-13T21:15:49.4997091+02:00" endTime="2022-06-13T21:15:49.4997093+02:00" testType="13cdc9d9-ddb5-4fa4-a97d-d965ccfc6d4b" outcome="Passed" testListId="8c84fa94-04c1-424b-9868-57a2d4851a1d" relativeResultsDirectory="e2373b03-1c0e-484d-8532-56d3234b7325" />
    <UnitTestResult executionId="14c6a78b-2645-4610-b55e-755a36f0845e" testId="1d271909-1898-128b-21ec-f802c1979d9e" testName="xUnitTestProject.CurrencyHelperTests.FormatToStringTest1000(price: 3588.260979617136, expected: &quot;3588.26 zł&quot;)" computerName="DESKTOP-5URQ9PB" duration="00:00:00.0000038" startTime="2022-06-13T21:15:49.4996468+02:00" endTime="2022-06-13T21:15:49.4996470+02:00" testType="13cdc9d9-ddb5-4fa4-a97d-d965ccfc6d4b" outcome="Passed" testListId="8c84fa94-04c1-424b-9868-57a2d4851a1d" relativeResultsDirectory="14c6a78b-2645-4610-b55e-755a36f0845e" />
    <UnitTestResult executionId="2ae4de2c-e097-417a-a74d-f0157b3af68b" testId="d9592df4-0966-3c3a-722c-1595fa840f06" testName="xUnitTestProject.CurrencyHelperTests.FormatToStringTest1000(price: 37114.901517336206, expected: &quot;37114.90 zł&quot;)" computerName="DESKTOP-5URQ9PB" duration="00:00:00.0000039" startTime="2022-06-13T21:15:49.4853829+02:00" endTime="2022-06-13T21:15:49.4853831+02:00" testType="13cdc9d9-ddb5-4fa4-a97d-d965ccfc6d4b" outcome="Passed" testListId="8c84fa94-04c1-424b-9868-57a2d4851a1d" relativeResultsDirectory="2ae4de2c-e097-417a-a74d-f0157b3af68b" />
    <UnitTestResult executionId="84adbcf8-b4a3-4023-a929-95f52ef09ac1" testId="5f3735b0-854d-d423-adfb-f959d02e73f7" testName="xUnitTestProject.CurrencyHelperTests.FormatToStringTest1000(price: 7671.0039663785155, expected: &quot;7671.00 zł&quot;)" computerName="DESKTOP-5URQ9PB" duration="00:00:00.0000041" startTime="2022-06-13T21:15:49.3966946+02:00" endTime="2022-06-13T21:15:49.3966948+02:00" testType="13cdc9d9-ddb5-4fa4-a97d-d965ccfc6d4b" outcome="Passed" testListId="8c84fa94-04c1-424b-9868-57a2d4851a1d" relativeResultsDirectory="84adbcf8-b4a3-4023-a929-95f52ef09ac1" />
    <UnitTestResult executionId="53b98415-1d6b-45eb-a685-2a39c4c47551" testId="1cc15eeb-9d05-d094-9231-53ade30093a7" testName="xUnitTestProject.CurrencyHelperTests.FormatToStringTest1000(price: 1687.6029180025694, expected: &quot;1687.60 zł&quot;)" computerName="DESKTOP-5URQ9PB" duration="00:00:00.0000040" startTime="2022-06-13T21:15:49.4231455+02:00" endTime="2022-06-13T21:15:49.4231457+02:00" testType="13cdc9d9-ddb5-4fa4-a97d-d965ccfc6d4b" outcome="Passed" testListId="8c84fa94-04c1-424b-9868-57a2d4851a1d" relativeResultsDirectory="53b98415-1d6b-45eb-a685-2a39c4c47551" />
    <UnitTestResult executionId="32f48182-0fb7-48fe-b4e7-87bf1a1bc024" testId="2a896644-50d0-a8ac-de47-7ac4676c290e" testName="xUnitTestProject.CurrencyHelperTests.FormatToStringTest1000(price: 6027.66019266828, expected: &quot;6027.66 zł&quot;)" computerName="DESKTOP-5URQ9PB" duration="00:00:00.0000037" startTime="2022-06-13T21:15:49.4374052+02:00" endTime="2022-06-13T21:15:49.4374054+02:00" testType="13cdc9d9-ddb5-4fa4-a97d-d965ccfc6d4b" outcome="Passed" testListId="8c84fa94-04c1-424b-9868-57a2d4851a1d" relativeResultsDirectory="32f48182-0fb7-48fe-b4e7-87bf1a1bc024" />
    <UnitTestResult executionId="5bbd6311-8e75-4bac-8bf4-dce8a9c3f006" testId="6517f205-88c6-f2fb-89fe-a931711e4343" testName="xUnitTestProject.CurrencyHelperTests.FormatToStringTest1000(price: 4116.417580192638, expected: &quot;4116.42 zł&quot;)" computerName="DESKTOP-5URQ9PB" duration="00:00:00.0000040" startTime="2022-06-13T21:15:49.4661613+02:00" endTime="2022-06-13T21:15:49.4661614+02:00" testType="13cdc9d9-ddb5-4fa4-a97d-d965ccfc6d4b" outcome="Passed" testListId="8c84fa94-04c1-424b-9868-57a2d4851a1d" relativeResultsDirectory="5bbd6311-8e75-4bac-8bf4-dce8a9c3f006" />
    <UnitTestResult executionId="9d856699-0973-426a-99b6-6c81230edb05" testId="9087d096-82b4-2271-94ec-73730ed51c23" testName="xUnitTestProject.CurrencyHelperTests.FormatToStringTest1000(price: 66053.95451852398, expected: &quot;66053.95 zł&quot;)" computerName="DESKTOP-5URQ9PB" duration="00:00:00.0000039" startTime="2022-06-13T21:15:49.5045920+02:00" endTime="2022-06-13T21:15:49.5045922+02:00" testType="13cdc9d9-ddb5-4fa4-a97d-d965ccfc6d4b" outcome="Passed" testListId="8c84fa94-04c1-424b-9868-57a2d4851a1d" relativeResultsDirectory="9d856699-0973-426a-99b6-6c81230edb05" />
    <UnitTestResult executionId="39bbbe11-d408-455f-be89-8054669ddf29" testId="843293b0-7cce-f386-da63-2fb428fb7828" testName="xUnitTestProject.CurrencyHelperTests.FormatToStringTest1000(price: 7124.979180760672, expected: &quot;7124.98 zł&quot;)" computerName="DESKTOP-5URQ9PB" duration="00:00:00.0000039" startTime="2022-06-13T21:15:49.3978335+02:00" endTime="2022-06-13T21:15:49.3978336+02:00" testType="13cdc9d9-ddb5-4fa4-a97d-d965ccfc6d4b" outcome="Passed" testListId="8c84fa94-04c1-424b-9868-57a2d4851a1d" relativeResultsDirectory="39bbbe11-d408-455f-be89-8054669ddf29" />
    <UnitTestResult executionId="a5c4711d-6456-424b-b348-826effa6fa19" testId="5c64f629-e66f-8e20-9c2d-0a7cb867d56d" testName="xUnitTestProject.CurrencyHelperTests.FormatToStringTest1000(price: 743.047944508981, expected: &quot;743.05 zł&quot;)" computerName="DESKTOP-5URQ9PB" duration="00:00:00.0000039" startTime="2022-06-13T21:15:49.5054849+02:00" endTime="2022-06-13T21:15:49.5054851+02:00" testType="13cdc9d9-ddb5-4fa4-a97d-d965ccfc6d4b" outcome="Passed" testListId="8c84fa94-04c1-424b-9868-57a2d4851a1d" relativeResultsDirectory="a5c4711d-6456-424b-b348-826effa6fa19" />
    <UnitTestResult executionId="154160ea-c506-433d-8bc0-a349a6fe6587" testId="081d3b2d-f16b-400c-9941-d599ff407e21" testName="xUnitTestProject.CurrencyHelperTests.FormatToStringTest1000(price: 20643.69044446465, expected: &quot;20643.69 zł&quot;)" computerName="DESKTOP-5URQ9PB" duration="00:00:00.0000038" startTime="2022-06-13T21:15:49.4515663+02:00" endTime="2022-06-13T21:15:49.4515665+02:00" testType="13cdc9d9-ddb5-4fa4-a97d-d965ccfc6d4b" outcome="Passed" testListId="8c84fa94-04c1-424b-9868-57a2d4851a1d" relativeResultsDirectory="154160ea-c506-433d-8bc0-a349a6fe6587" />
    <UnitTestResult executionId="bc90edef-0263-4f59-a64b-98099a406bd2" testId="53a23bf0-6e98-cb61-d489-afed97d56bcf" testName="xUnitTestProject.CurrencyHelperTests.FormatToStringTest1000(price: 49256.65708813195, expected: &quot;49256.66 zł&quot;)" computerName="DESKTOP-5URQ9PB" duration="00:00:00.0000041" startTime="2022-06-13T21:15:49.3907561+02:00" endTime="2022-06-13T21:15:49.3907562+02:00" testType="13cdc9d9-ddb5-4fa4-a97d-d965ccfc6d4b" outcome="Passed" testListId="8c84fa94-04c1-424b-9868-57a2d4851a1d" relativeResultsDirectory="bc90edef-0263-4f59-a64b-98099a406bd2" />
    <UnitTestResult executionId="8efe8922-ed76-4430-9b0b-dccd7cf0904e" testId="56913f03-b8f6-5435-d407-8c8e9508f433" testName="xUnitTestProject.CurrencyHelperTests.FormatToStringTest1000(price: 25116.590135570892, expected: &quot;25116.59 zł&quot;)" computerName="DESKTOP-5URQ9PB" duration="00:00:00.0000039" startTime="2022-06-13T21:15:49.4311693+02:00" endTime="2022-06-13T21:15:49.4311694+02:00" testType="13cdc9d9-ddb5-4fa4-a97d-d965ccfc6d4b" outcome="Passed" testListId="8c84fa94-04c1-424b-9868-57a2d4851a1d" relativeResultsDirectory="8efe8922-ed76-4430-9b0b-dccd7cf0904e" />
    <UnitTestResult executionId="13be9bf2-db17-4255-9eff-991fa816efbf" testId="814e8347-0675-e46f-9f33-cc6368c1ff3d" testName="xUnitTestProject.CurrencyHelperTests.FormatToStringTest1000(price: 1208.1827589441941, expected: &quot;1208.18 zł&quot;)" computerName="DESKTOP-5URQ9PB" duration="00:00:00.0000039" startTime="2022-06-13T21:15:49.4383272+02:00" endTime="2022-06-13T21:15:49.4383273+02:00" testType="13cdc9d9-ddb5-4fa4-a97d-d965ccfc6d4b" outcome="Passed" testListId="8c84fa94-04c1-424b-9868-57a2d4851a1d" relativeResultsDirectory="13be9bf2-db17-4255-9eff-991fa816efbf" />
    <UnitTestResult executionId="5d059c86-d01e-4b28-96cf-f7684e623db1" testId="6cc408c2-2cb5-45f5-22cc-d2054659459b" testName="xUnitTestProject.CurrencyHelperTests.FormatToStringTest1000(price: 52810.91713865516, expected: &quot;52810.92 zł&quot;)" computerName="DESKTOP-5URQ9PB" duration="00:00:00.0000041" startTime="2022-06-13T21:15:49.5064823+02:00" endTime="2022-06-13T21:15:49.5064905+02:00" testType="13cdc9d9-ddb5-4fa4-a97d-d965ccfc6d4b" outcome="Passed" testListId="8c84fa94-04c1-424b-9868-57a2d4851a1d" relativeResultsDirectory="5d059c86-d01e-4b28-96cf-f7684e623db1" />
    <UnitTestResult executionId="caf56f66-1026-442b-81e3-2c3cb25e6feb" testId="90529360-95e5-c60b-5727-b5fa7d491b19" testName="xUnitTestProject.CurrencyHelperTests.FormatToStringTest1000(price: 34136.0993783046, expected: &quot;34136.10 zł&quot;)" computerName="DESKTOP-5URQ9PB" duration="00:00:00.0000040" startTime="2022-06-13T21:15:49.4671584+02:00" endTime="2022-06-13T21:15:49.4671585+02:00" testType="13cdc9d9-ddb5-4fa4-a97d-d965ccfc6d4b" outcome="Passed" testListId="8c84fa94-04c1-424b-9868-57a2d4851a1d" relativeResultsDirectory="caf56f66-1026-442b-81e3-2c3cb25e6feb" />
    <UnitTestResult executionId="0b402107-aac6-4d1d-8b71-b469f53e75f3" testId="d3cdcde5-df28-6c6c-d5ee-263c0a49023a" testName="xUnitTestProject.CurrencyHelperTests.FormatToStringTest1000(price: 6266.232005888704, expected: &quot;6266.23 zł&quot;)" computerName="DESKTOP-5URQ9PB" duration="00:00:00.0000041" startTime="2022-06-13T21:15:49.4806116+02:00" endTime="2022-06-13T21:15:49.4806117+02:00" testType="13cdc9d9-ddb5-4fa4-a97d-d965ccfc6d4b" outcome="Passed" testListId="8c84fa94-04c1-424b-9868-57a2d4851a1d" relativeResultsDirectory="0b402107-aac6-4d1d-8b71-b469f53e75f3" />
    <UnitTestResult executionId="3c30f047-ec3b-46cd-8f82-c3b0c4b42b3c" testId="34bdc501-b6be-65bd-2c54-6d143c30390e" testName="xUnitTestProject.CurrencyHelperTests.FormatToStringTest1000(price: 3694.480496819355, expected: &quot;3694.48 zł&quot;)" computerName="DESKTOP-5URQ9PB" duration="00:00:00.0000040" startTime="2022-06-13T21:15:49.4544823+02:00" endTime="2022-06-13T21:15:49.4544824+02:00" testType="13cdc9d9-ddb5-4fa4-a97d-d965ccfc6d4b" outcome="Passed" testListId="8c84fa94-04c1-424b-9868-57a2d4851a1d" relativeResultsDirectory="3c30f047-ec3b-46cd-8f82-c3b0c4b42b3c" />
    <UnitTestResult executionId="9b305cdf-e462-4beb-aee4-9391e7151c50" testId="324dfaf0-1df1-16d9-feec-f79f54001411" testName="xUnitTestProject.CurrencyHelperTests.FormatToStringTest1000(price: 30383.303633991305, expected: &quot;30383.30 zł&quot;)" computerName="DESKTOP-5URQ9PB" duration="00:00:00.0000039" startTime="2022-06-13T21:15:49.4472993+02:00" endTime="2022-06-13T21:15:49.4472997+02:00" testType="13cdc9d9-ddb5-4fa4-a97d-d965ccfc6d4b" outcome="Passed" testListId="8c84fa94-04c1-424b-9868-57a2d4851a1d" relativeResultsDirectory="9b305cdf-e462-4beb-aee4-9391e7151c50" />
    <UnitTestResult executionId="9cb7d310-da99-4027-a1c1-28f64296adff" testId="89c1bc9c-fd1f-546d-3081-e1943d5ea5fd" testName="xUnitTestProject.CurrencyHelperTests.FormatToStringTest1000(price: 30499.08272379734, expected: &quot;30499.08 zł&quot;)" computerName="DESKTOP-5URQ9PB" duration="00:00:00.0000039" startTime="2022-06-13T21:15:49.4698415+02:00" endTime="2022-06-13T21:15:49.4698419+02:00" testType="13cdc9d9-ddb5-4fa4-a97d-d965ccfc6d4b" outcome="Passed" testListId="8c84fa94-04c1-424b-9868-57a2d4851a1d" relativeResultsDirectory="9cb7d310-da99-4027-a1c1-28f64296adff" />
    <UnitTestResult executionId="923497a6-a5fb-4907-8671-941783e33e10" testId="e59747a8-433f-61a0-e952-9d5b29617a9f" testName="xUnitTestProject.CurrencyHelperTests.FormatToStringTest1000(price: 28155.26504817664, expected: &quot;28155.27 zł&quot;)" computerName="DESKTOP-5URQ9PB" duration="00:00:00.0000040" startTime="2022-06-13T21:15:49.4082298+02:00" endTime="2022-06-13T21:15:49.4082300+02:00" testType="13cdc9d9-ddb5-4fa4-a97d-d965ccfc6d4b" outcome="Passed" testListId="8c84fa94-04c1-424b-9868-57a2d4851a1d" relativeResultsDirectory="923497a6-a5fb-4907-8671-941783e33e10" />
    <UnitTestResult executionId="c3af3439-a940-4e12-8c89-f7fb9d115e2a" testId="034f9192-5731-ab77-854c-d5ad3844ecab" testName="xUnitTestProject.CurrencyHelperTests.FormatToStringTest1000(price: 803.2448148733214, expected: &quot;803.24 zł&quot;)" computerName="DESKTOP-5URQ9PB" duration="00:00:00.0000039" startTime="2022-06-13T21:15:49.4941472+02:00" endTime="2022-06-13T21:15:49.4941473+02:00" testType="13cdc9d9-ddb5-4fa4-a97d-d965ccfc6d4b" outcome="Passed" testListId="8c84fa94-04c1-424b-9868-57a2d4851a1d" relativeResultsDirectory="c3af3439-a940-4e12-8c89-f7fb9d115e2a" />
    <UnitTestResult executionId="84a16601-3711-460f-85a3-a8e2325c881c" testId="124aa2c1-a584-951a-b578-c58272b94396" testName="xUnitTestProject.CurrencyHelperTests.FormatToStringTest1000(price: 5978.1197194131655, expected: &quot;5978.12 zł&quot;)" computerName="DESKTOP-5URQ9PB" duration="00:00:00.0000038" startTime="2022-06-13T21:15:49.4071563+02:00" endTime="2022-06-13T21:15:49.4071564+02:00" testType="13cdc9d9-ddb5-4fa4-a97d-d965ccfc6d4b" outcome="Passed" testListId="8c84fa94-04c1-424b-9868-57a2d4851a1d" relativeResultsDirectory="84a16601-3711-460f-85a3-a8e2325c881c" />
    <UnitTestResult executionId="ff1e2719-ac1c-4cbf-92b3-87265be78db3" testId="8e957c61-833e-a0b8-17c9-5e56071d3f70" testName="xUnitTestProject.CurrencyHelperTests.FormatToStringTest1000(price: 21961.272673999552, expected: &quot;21961.27 zł&quot;)" computerName="DESKTOP-5URQ9PB" duration="00:00:00.0000038" startTime="2022-06-13T21:15:49.4166935+02:00" endTime="2022-06-13T21:15:49.4166936+02:00" testType="13cdc9d9-ddb5-4fa4-a97d-d965ccfc6d4b" outcome="Passed" testListId="8c84fa94-04c1-424b-9868-57a2d4851a1d" relativeResultsDirectory="ff1e2719-ac1c-4cbf-92b3-87265be78db3" />
    <UnitTestResult executionId="21da75e5-e7ce-4345-ac06-4b1ea24858ab" testId="7e545621-7d10-75d6-0eb9-82dda8912c2c" testName="xUnitTestProject.CurrencyHelperTests.FormatToStringTest1000(price: 34060.48467268724, expected: &quot;34060.48 zł&quot;)" computerName="DESKTOP-5URQ9PB" duration="00:00:00.0000044" startTime="2022-06-13T21:15:49.4504168+02:00" endTime="2022-06-13T21:15:49.4504172+02:00" testType="13cdc9d9-ddb5-4fa4-a97d-d965ccfc6d4b" outcome="Passed" testListId="8c84fa94-04c1-424b-9868-57a2d4851a1d" relativeResultsDirectory="21da75e5-e7ce-4345-ac06-4b1ea24858ab" />
    <UnitTestResult executionId="082fb17b-9562-4c67-8fdf-40cdfbfde0dd" testId="1fce28e8-5dee-1344-5678-0f5715c803f3" testName="xUnitTestProject.CurrencyHelperTests.FormatToStringTest1000(price: 3506.8456124108498, expected: &quot;3506.85 zł&quot;)" computerName="DESKTOP-5URQ9PB" duration="00:00:00.0000038" startTime="2022-06-13T21:15:49.4205297+02:00" endTime="2022-06-13T21:15:49.4205298+02:00" testType="13cdc9d9-ddb5-4fa4-a97d-d965ccfc6d4b" outcome="Passed" testListId="8c84fa94-04c1-424b-9868-57a2d4851a1d" relativeResultsDirectory="082fb17b-9562-4c67-8fdf-40cdfbfde0dd" />
    <UnitTestResult executionId="b8238893-1421-4cbe-820d-b791a8c11970" testId="a1a708d6-4e5d-1cbd-caa6-7047836e6788" testName="xUnitTestProject.CurrencyHelperTests.FormatToStringTest1000(price: 19840.47672110632, expected: &quot;19840.48 zł&quot;)" computerName="DESKTOP-5URQ9PB" duration="00:00:00.0000038" startTime="2022-06-13T21:15:49.4776849+02:00" endTime="2022-06-13T21:15:49.4776851+02:00" testType="13cdc9d9-ddb5-4fa4-a97d-d965ccfc6d4b" outcome="Passed" testListId="8c84fa94-04c1-424b-9868-57a2d4851a1d" relativeResultsDirectory="b8238893-1421-4cbe-820d-b791a8c11970" />
    <UnitTestResult executionId="dde10071-b52c-41cf-a099-97b8aa638134" testId="fa34dc68-0a28-d88d-9f8e-755de73cf02d" testName="xUnitTestProject.CurrencyHelperTests.FormatToStringTest1000(price: 41915.7945284563, expected: &quot;41915.79 zł&quot;)" computerName="DESKTOP-5URQ9PB" duration="00:00:00.0000040" startTime="2022-06-13T21:15:49.5017468+02:00" endTime="2022-06-13T21:15:49.5017470+02:00" testType="13cdc9d9-ddb5-4fa4-a97d-d965ccfc6d4b" outcome="Passed" testListId="8c84fa94-04c1-424b-9868-57a2d4851a1d" relativeResultsDirectory="dde10071-b52c-41cf-a099-97b8aa638134" />
    <UnitTestResult executionId="2d65bfa6-c209-4e1d-9a9a-8b7d4510d515" testId="fe096e9a-696b-0373-a92c-3a2e57b850e7" testName="xUnitTestProject.CurrencyHelperTests.FormatToStringTest1000(price: 27629.79121039193, expected: &quot;27629.79 zł&quot;)" computerName="DESKTOP-5URQ9PB" duration="00:00:00.0000041" startTime="2022-06-13T21:15:49.4240555+02:00" endTime="2022-06-13T21:15:49.4240559+02:00" testType="13cdc9d9-ddb5-4fa4-a97d-d965ccfc6d4b" outcome="Passed" testListId="8c84fa94-04c1-424b-9868-57a2d4851a1d" relativeResultsDirectory="2d65bfa6-c209-4e1d-9a9a-8b7d4510d515" />
    <UnitTestResult executionId="59429871-fdd0-4803-88b9-fe68831e2e50" testId="a006362c-c876-0d68-dfa7-4b9381a2f95f" testName="xUnitTestProject.CurrencyHelperTests.FormatToStringTest1000(price: 21893.78889296939, expected: &quot;21893.79 zł&quot;)" computerName="DESKTOP-5URQ9PB" duration="00:00:00.0000038" startTime="2022-06-13T21:15:49.4554184+02:00" endTime="2022-06-13T21:15:49.4554185+02:00" testType="13cdc9d9-ddb5-4fa4-a97d-d965ccfc6d4b" outcome="Passed" testListId="8c84fa94-04c1-424b-9868-57a2d4851a1d" relativeResultsDirectory="59429871-fdd0-4803-88b9-fe68831e2e50" />
    <UnitTestResult executionId="eb0d21de-7962-47b6-8640-62849753b036" testId="6dcc8842-a927-f371-cf06-32198da79abc" testName="xUnitTestProject.CurrencyHelperTests.FormatToStringTest1000(price: 17455.15807988595, expected: &quot;17455.16 zł&quot;)" computerName="DESKTOP-5URQ9PB" duration="00:00:00.0000039" startTime="2022-06-13T21:15:49.4968711+02:00" endTime="2022-06-13T21:15:49.4968713+02:00" testType="13cdc9d9-ddb5-4fa4-a97d-d965ccfc6d4b" outcome="Passed" testListId="8c84fa94-04c1-424b-9868-57a2d4851a1d" relativeResultsDirectory="eb0d21de-7962-47b6-8640-62849753b036" />
    <UnitTestResult executionId="f7561c2f-4925-4184-855d-7fed571c35e8" testId="e6ee2e42-d693-5a92-34f3-83564b601337" testName="xUnitTestProject.CurrencyHelperTests.FormatToStringTest1000(price: 51408.294679657694, expected: &quot;51408.29 zł&quot;)" computerName="DESKTOP-5URQ9PB" duration="00:00:00.0000038" startTime="2022-06-13T21:15:49.4185182+02:00" endTime="2022-06-13T21:15:49.4185184+02:00" testType="13cdc9d9-ddb5-4fa4-a97d-d965ccfc6d4b" outcome="Passed" testListId="8c84fa94-04c1-424b-9868-57a2d4851a1d" relativeResultsDirectory="f7561c2f-4925-4184-855d-7fed571c35e8" />
    <UnitTestResult executionId="99805b0a-4eaa-402f-b5fe-142ec5e0cba7" testId="534fc948-8601-de40-7f94-04ae4333536f" testName="xUnitTestProject.CurrencyHelperTests.FormatToStringTest1000(price: 19541.10539777116, expected: &quot;19541.11 zł&quot;)" computerName="DESKTOP-5URQ9PB" duration="00:00:00.0000040" startTime="2022-06-13T21:15:49.4552959+02:00" endTime="2022-06-13T21:15:49.4552960+02:00" testType="13cdc9d9-ddb5-4fa4-a97d-d965ccfc6d4b" outcome="Passed" testListId="8c84fa94-04c1-424b-9868-57a2d4851a1d" relativeResultsDirectory="99805b0a-4eaa-402f-b5fe-142ec5e0cba7" />
    <UnitTestResult executionId="997d20aa-2141-45bb-b898-b6ec63365941" testId="a815ca81-3cc8-5bb5-3df9-88bef0e0f650" testName="xUnitTestProject.CurrencyHelperTests.FormatToStringTest1000(price: 6352.983758103561, expected: &quot;6352.98 zł&quot;)" computerName="DESKTOP-5URQ9PB" duration="00:00:00.0000039" startTime="2022-06-13T21:15:49.4051145+02:00" endTime="2022-06-13T21:15:49.4051147+02:00" testType="13cdc9d9-ddb5-4fa4-a97d-d965ccfc6d4b" outcome="Passed" testListId="8c84fa94-04c1-424b-9868-57a2d4851a1d" relativeResultsDirectory="997d20aa-2141-45bb-b898-b6ec63365941" />
    <UnitTestResult executionId="15279e2a-6128-4b89-91b7-e64fc26ad4c9" testId="77e25ad7-ee15-446a-9252-d1385f25c4e7" testName="xUnitTestProject.CurrencyHelperTests.FormatToStringTest1000(price: 19609.759296997803, expected: &quot;19609.76 zł&quot;)" computerName="DESKTOP-5URQ9PB" duration="00:00:00.0000038" startTime="2022-06-13T21:15:49.4473950+02:00" endTime="2022-06-13T21:15:49.4473951+02:00" testType="13cdc9d9-ddb5-4fa4-a97d-d965ccfc6d4b" outcome="Passed" testListId="8c84fa94-04c1-424b-9868-57a2d4851a1d" relativeResultsDirectory="15279e2a-6128-4b89-91b7-e64fc26ad4c9" />
    <UnitTestResult executionId="2d21db16-f4fa-429e-bf76-5b20e3c9e1ab" testId="75f79a5e-625f-18cb-34f2-c39806bd0036" testName="xUnitTestProject.CurrencyHelperTests.FormatToStringTest1000(price: 24570.65594858893, expected: &quot;24570.66 zł&quot;)" computerName="DESKTOP-5URQ9PB" duration="00:00:00.0000038" startTime="2022-06-13T21:15:49.4184881+02:00" endTime="2022-06-13T21:15:49.4184882+02:00" testType="13cdc9d9-ddb5-4fa4-a97d-d965ccfc6d4b" outcome="Passed" testListId="8c84fa94-04c1-424b-9868-57a2d4851a1d" relativeResultsDirectory="2d21db16-f4fa-429e-bf76-5b20e3c9e1ab" />
    <UnitTestResult executionId="eb75b78c-b107-46e2-8954-c4a9b8b16d4b" testId="384612ec-11e1-c891-3d7e-9db254e6a2b4" testName="xUnitTestProject.CurrencyHelperTests.FormatToStringTest1000(price: 25990.318498101697, expected: &quot;25990.32 zł&quot;)" computerName="DESKTOP-5URQ9PB" duration="00:00:00.0000040" startTime="2022-06-13T21:15:49.4312300+02:00" endTime="2022-06-13T21:15:49.4312302+02:00" testType="13cdc9d9-ddb5-4fa4-a97d-d965ccfc6d4b" outcome="Passed" testListId="8c84fa94-04c1-424b-9868-57a2d4851a1d" relativeResultsDirectory="eb75b78c-b107-46e2-8954-c4a9b8b16d4b" />
    <UnitTestResult executionId="2c7717d8-1d87-42bc-ad4c-776cd0f510e7" testId="68224de9-ccec-a0b7-c8a8-a3c8c0c30259" testName="xUnitTestProject.CurrencyHelperTests.FormatToStringTest1000(price: 1669.555150571072, expected: &quot;1669.56 zł&quot;)" computerName="DESKTOP-5URQ9PB" duration="00:00:00.0000037" startTime="2022-06-13T21:15:49.4881965+02:00" endTime="2022-06-13T21:15:49.4881967+02:00" testType="13cdc9d9-ddb5-4fa4-a97d-d965ccfc6d4b" outcome="Passed" testListId="8c84fa94-04c1-424b-9868-57a2d4851a1d" relativeResultsDirectory="2c7717d8-1d87-42bc-ad4c-776cd0f510e7" />
    <UnitTestResult executionId="7123f190-eab5-4a78-a5f8-4b3f00f745a6" testId="54bc6f9e-1b35-cac3-f6ab-e594cab0fa7a" testName="xUnitTestProject.CurrencyHelperTests.FormatToStringTest1000(price: 17031.365705376662, expected: &quot;17031.37 zł&quot;)" computerName="DESKTOP-5URQ9PB" duration="00:00:00.0000047" startTime="2022-06-13T21:15:49.4852880+02:00" endTime="2022-06-13T21:15:49.4852883+02:00" testType="13cdc9d9-ddb5-4fa4-a97d-d965ccfc6d4b" outcome="Passed" testListId="8c84fa94-04c1-424b-9868-57a2d4851a1d" relativeResultsDirectory="7123f190-eab5-4a78-a5f8-4b3f00f745a6" />
    <UnitTestResult executionId="b87e8fea-399d-4fa2-9dee-5569d85cd1d8" testId="cf6ce7eb-96c1-8a55-15f9-4fb2522dc822" testName="xUnitTestProject.CurrencyHelperTests.FormatToStringTest1000(price: 76536.95853396178, expected: &quot;76536.96 zł&quot;)" computerName="DESKTOP-5URQ9PB" duration="00:00:00.0000038" startTime="2022-06-13T21:15:49.3989780+02:00" endTime="2022-06-13T21:15:49.3989781+02:00" testType="13cdc9d9-ddb5-4fa4-a97d-d965ccfc6d4b" outcome="Passed" testListId="8c84fa94-04c1-424b-9868-57a2d4851a1d" relativeResultsDirectory="b87e8fea-399d-4fa2-9dee-5569d85cd1d8" />
    <UnitTestResult executionId="8c8679ec-bff9-4789-8ae8-82d1e8244ef6" testId="46947d50-5e18-dad2-e4a8-b6d0819ae97c" testName="xUnitTestProject.CurrencyHelperTests.FormatToStringTest1000(price: 7377.5644264340235, expected: &quot;7377.56 zł&quot;)" computerName="DESKTOP-5URQ9PB" duration="00:00:00.0000040" startTime="2022-06-13T21:15:49.4484454+02:00" endTime="2022-06-13T21:15:49.4484455+02:00" testType="13cdc9d9-ddb5-4fa4-a97d-d965ccfc6d4b" outcome="Passed" testListId="8c84fa94-04c1-424b-9868-57a2d4851a1d" relativeResultsDirectory="8c8679ec-bff9-4789-8ae8-82d1e8244ef6" />
    <UnitTestResult executionId="ec272233-37e7-4cc3-b140-95bc2ad58cea" testId="c3c40199-4dcb-06d9-bd7e-201cb412e68f" testName="xUnitTestProject.CurrencyHelperTests.FormatToStringTest1000(price: 270.1894008262033, expected: &quot;270.19 zł&quot;)" computerName="DESKTOP-5URQ9PB" duration="00:00:00.0000049" startTime="2022-06-13T21:15:49.4931016+02:00" endTime="2022-06-13T21:15:49.4931017+02:00" testType="13cdc9d9-ddb5-4fa4-a97d-d965ccfc6d4b" outcome="Passed" testListId="8c84fa94-04c1-424b-9868-57a2d4851a1d" relativeResultsDirectory="ec272233-37e7-4cc3-b140-95bc2ad58cea" />
    <UnitTestResult executionId="e8a5389e-bbf1-417a-8445-1812550bf108" testId="0a2dd6c8-dd3b-c34c-d236-39c95cee3b33" testName="xUnitTestProject.CurrencyHelperTests.FormatToStringTest1000(price: 30138.55109863102, expected: &quot;30138.55 zł&quot;)" computerName="DESKTOP-5URQ9PB" duration="00:00:00.0000038" startTime="2022-06-13T21:15:49.4545538+02:00" endTime="2022-06-13T21:15:49.4545540+02:00" testType="13cdc9d9-ddb5-4fa4-a97d-d965ccfc6d4b" outcome="Passed" testListId="8c84fa94-04c1-424b-9868-57a2d4851a1d" relativeResultsDirectory="e8a5389e-bbf1-417a-8445-1812550bf108" />
    <UnitTestResult executionId="5d917cc5-1357-4b09-a76d-605778b4d54f" testId="a89532f2-9366-df90-5e03-76517aae2ef6" testName="xUnitTestProject.CurrencyHelperTests.FormatToStringTest1000(price: 50585.83664522778, expected: &quot;50585.84 zł&quot;)" computerName="DESKTOP-5URQ9PB" duration="00:00:00.0000039" startTime="2022-06-13T21:15:49.4372521+02:00" endTime="2022-06-13T21:15:49.4372523+02:00" testType="13cdc9d9-ddb5-4fa4-a97d-d965ccfc6d4b" outcome="Passed" testListId="8c84fa94-04c1-424b-9868-57a2d4851a1d" relativeResultsDirectory="5d917cc5-1357-4b09-a76d-605778b4d54f" />
    <UnitTestResult executionId="e9e9d267-5dc9-4eb0-8662-f4905277118c" testId="8fb0d924-6ca3-e44c-f26a-1c29eb5d30bd" testName="xUnitTestProject.CurrencyHelperTests.FormatToStringTest1000(price: 47256.065730817645, expected: &quot;47256.07 zł&quot;)" computerName="DESKTOP-5URQ9PB" duration="00:00:00.0000039" startTime="2022-06-13T21:15:49.5025199+02:00" endTime="2022-06-13T21:15:49.5025203+02:00" testType="13cdc9d9-ddb5-4fa4-a97d-d965ccfc6d4b" outcome="Passed" testListId="8c84fa94-04c1-424b-9868-57a2d4851a1d" relativeResultsDirectory="e9e9d267-5dc9-4eb0-8662-f4905277118c" />
    <UnitTestResult executionId="007e785b-bee3-414f-9774-89b0db18a594" testId="b093b261-89e9-1453-0b15-6960031e6c14" testName="xUnitTestProject.CurrencyHelperTests.FormatToStringTest1000(price: 36969.98585167247, expected: &quot;36969.99 zł&quot;)" computerName="DESKTOP-5URQ9PB" duration="00:00:00.0000038" startTime="2022-06-13T21:15:49.4564465+02:00" endTime="2022-06-13T21:15:49.4564467+02:00" testType="13cdc9d9-ddb5-4fa4-a97d-d965ccfc6d4b" outcome="Passed" testListId="8c84fa94-04c1-424b-9868-57a2d4851a1d" relativeResultsDirectory="007e785b-bee3-414f-9774-89b0db18a594" />
    <UnitTestResult executionId="2f16389b-189e-4393-9fb7-560bf5b0aecd" testId="91ef764f-6920-57e2-1ea1-d9fdc62e8142" testName="xUnitTestProject.CurrencyHelperTests.FormatToStringTest1000(price: 23174.85693288448, expected: &quot;23174.86 zł&quot;)" computerName="DESKTOP-5URQ9PB" duration="00:00:00.0000039" startTime="2022-06-13T21:15:49.4920840+02:00" endTime="2022-06-13T21:15:49.4920842+02:00" testType="13cdc9d9-ddb5-4fa4-a97d-d965ccfc6d4b" outcome="Passed" testListId="8c84fa94-04c1-424b-9868-57a2d4851a1d" relativeResultsDirectory="2f16389b-189e-4393-9fb7-560bf5b0aecd" />
    <UnitTestResult executionId="c44a3e5e-a8d3-4592-9cca-21d2ae482089" testId="15a5c8eb-0c90-a7e4-0dc8-5ce2be1587d5" testName="xUnitTestProject.CurrencyHelperTests.FormatToStringTest1000(price: 74851.91547305691, expected: &quot;74851.92 zł&quot;)" computerName="DESKTOP-5URQ9PB" duration="00:00:00.0000040" startTime="2022-06-13T21:15:49.3957626+02:00" endTime="2022-06-13T21:15:49.3957628+02:00" testType="13cdc9d9-ddb5-4fa4-a97d-d965ccfc6d4b" outcome="Passed" testListId="8c84fa94-04c1-424b-9868-57a2d4851a1d" relativeResultsDirectory="c44a3e5e-a8d3-4592-9cca-21d2ae482089" />
    <UnitTestResult executionId="9fab8bc4-f2bd-47d4-a920-e33a20abd3d3" testId="83d8e74c-5bbb-efb0-37a0-7aa4cf469b8b" testName="xUnitTestProject.CurrencyHelperTests.FormatToStringTest1000(price: 6820.105136090938, expected: &quot;6820.11 zł&quot;)" computerName="DESKTOP-5URQ9PB" duration="00:00:00.0000038" startTime="2022-06-13T21:15:49.4679090+02:00" endTime="2022-06-13T21:15:49.4679094+02:00" testType="13cdc9d9-ddb5-4fa4-a97d-d965ccfc6d4b" outcome="Passed" testListId="8c84fa94-04c1-424b-9868-57a2d4851a1d" relativeResultsDirectory="9fab8bc4-f2bd-47d4-a920-e33a20abd3d3" />
    <UnitTestResult executionId="e046ae47-9a49-4687-86ae-ddcaf03462ba" testId="acda3d15-0e29-fc40-b0fc-fcddae081200" testName="xUnitTestProject.CurrencyHelperTests.FormatToStringTest1000(price: 39641.61351217451, expected: &quot;39641.61 zł&quot;)" computerName="DESKTOP-5URQ9PB" duration="00:00:00.0000049" startTime="2022-06-13T21:15:49.3822501+02:00" endTime="2022-06-13T21:15:49.3822502+02:00" testType="13cdc9d9-ddb5-4fa4-a97d-d965ccfc6d4b" outcome="Passed" testListId="8c84fa94-04c1-424b-9868-57a2d4851a1d" relativeResultsDirectory="e046ae47-9a49-4687-86ae-ddcaf03462ba" />
    <UnitTestResult executionId="e10c83b9-dfe4-409f-99cf-e43f3ebc6e27" testId="e21002e6-50a6-5886-0d27-79e4c9ba2f92" testName="xUnitTestProject.CurrencyHelperTests.FormatToStringTest1000(price: 9603.199987620208, expected: &quot;9603.20 zł&quot;)" computerName="DESKTOP-5URQ9PB" duration="00:00:00.0000041" startTime="2022-06-13T21:15:49.4475178+02:00" endTime="2022-06-13T21:15:49.4475179+02:00" testType="13cdc9d9-ddb5-4fa4-a97d-d965ccfc6d4b" outcome="Passed" testListId="8c84fa94-04c1-424b-9868-57a2d4851a1d" relativeResultsDirectory="e10c83b9-dfe4-409f-99cf-e43f3ebc6e27" />
    <UnitTestResult executionId="6b9b9619-91dc-4227-b500-3b74dfff79f3" testId="2ebec913-cd49-9310-605b-052ec9777212" testName="xUnitTestProject.CurrencyHelperTests.FormatToStringTest1000(price: 97129.75160633575, expected: &quot;97129.75 zł&quot;)" computerName="DESKTOP-5URQ9PB" duration="00:00:00.0000040" startTime="2022-06-13T21:15:49.4872403+02:00" endTime="2022-06-13T21:15:49.4872404+02:00" testType="13cdc9d9-ddb5-4fa4-a97d-d965ccfc6d4b" outcome="Passed" testListId="8c84fa94-04c1-424b-9868-57a2d4851a1d" relativeResultsDirectory="6b9b9619-91dc-4227-b500-3b74dfff79f3" />
    <UnitTestResult executionId="6555c77a-d636-4568-a003-f084ef7466c5" testId="c0cf2cb3-44c7-373b-4b04-bf5ce7678b68" testName="xUnitTestProject.CurrencyHelperTests.FormatToStringTest1000(price: 50507.0104155615, expected: &quot;50507.01 zł&quot;)" computerName="DESKTOP-5URQ9PB" duration="00:00:00.0000039" startTime="2022-06-13T21:15:49.4214411+02:00" endTime="2022-06-13T21:15:49.4214412+02:00" testType="13cdc9d9-ddb5-4fa4-a97d-d965ccfc6d4b" outcome="Passed" testListId="8c84fa94-04c1-424b-9868-57a2d4851a1d" relativeResultsDirectory="6555c77a-d636-4568-a003-f084ef7466c5" />
    <UnitTestResult executionId="461dd450-639c-44ca-acca-8efb48b69030" testId="9ecb75d8-2160-8266-876b-6361db8213dc" testName="xUnitTestProject.CurrencyHelperTests.FormatToStringTest1000(price: 8885.065440211942, expected: &quot;8885.07 zł&quot;)" computerName="DESKTOP-5URQ9PB" duration="00:00:00.0000039" startTime="2022-06-13T21:15:49.4061870+02:00" endTime="2022-06-13T21:15:49.4061871+02:00" testType="13cdc9d9-ddb5-4fa4-a97d-d965ccfc6d4b" outcome="Passed" testListId="8c84fa94-04c1-424b-9868-57a2d4851a1d" relativeResultsDirectory="461dd450-639c-44ca-acca-8efb48b69030" />
    <UnitTestResult executionId="96e39cd2-b701-474b-8577-b1f8e2633857" testId="82cc450a-0e9d-45d3-9478-f947af9d278f" testName="xUnitTestProject.CurrencyHelperTests.FormatToStringTest1000(price: 7715.904444139406, expected: &quot;7715.90 zł&quot;)" computerName="DESKTOP-5URQ9PB" duration="00:00:00.0000039" startTime="2022-06-13T21:15:49.4425036+02:00" endTime="2022-06-13T21:15:49.4425037+02:00" testType="13cdc9d9-ddb5-4fa4-a97d-d965ccfc6d4b" outcome="Passed" testListId="8c84fa94-04c1-424b-9868-57a2d4851a1d" relativeResultsDirectory="96e39cd2-b701-474b-8577-b1f8e2633857" />
    <UnitTestResult executionId="93c7feaa-89df-4498-b5fb-61f0fd80a29d" testId="3a74380b-5761-efcc-d80f-84990cb62b27" testName="xUnitTestProject.CurrencyHelperTests.FormatToStringTest1000(price: 6323.24079469882, expected: &quot;6323.24 zł&quot;)" computerName="DESKTOP-5URQ9PB" duration="00:00:00.0000038" startTime="2022-06-13T21:15:49.4175125+02:00" endTime="2022-06-13T21:15:49.4175126+02:00" testType="13cdc9d9-ddb5-4fa4-a97d-d965ccfc6d4b" outcome="Passed" testListId="8c84fa94-04c1-424b-9868-57a2d4851a1d" relativeResultsDirectory="93c7feaa-89df-4498-b5fb-61f0fd80a29d" />
    <UnitTestResult executionId="69b6b625-a5bf-4797-aecf-88982b99ade2" testId="5b7cf016-7948-5d44-c172-ab04f16e1bd2" testName="xUnitTestProject.CurrencyHelperTests.FormatToStringTest1000(price: 73372.53853826903, expected: &quot;73372.54 zł&quot;)" computerName="DESKTOP-5URQ9PB" duration="00:00:00.0000040" startTime="2022-06-13T21:15:49.3968157+02:00" endTime="2022-06-13T21:15:49.3968158+02:00" testType="13cdc9d9-ddb5-4fa4-a97d-d965ccfc6d4b" outcome="Passed" testListId="8c84fa94-04c1-424b-9868-57a2d4851a1d" relativeResultsDirectory="69b6b625-a5bf-4797-aecf-88982b99ade2" />
    <UnitTestResult executionId="0f7a6898-7a9f-4e26-9013-e06c8881479a" testId="30db28b2-ac34-8d8e-c566-68b2f6bb1d51" testName="xUnitTestProject.CurrencyHelperTests.FormatToStringTest1000(price: 59283.48311990662, expected: &quot;59283.48 zł&quot;)" computerName="DESKTOP-5URQ9PB" duration="00:00:00.0000043" startTime="2022-06-13T21:15:49.4969322+02:00" endTime="2022-06-13T21:15:49.4969323+02:00" testType="13cdc9d9-ddb5-4fa4-a97d-d965ccfc6d4b" outcome="Passed" testListId="8c84fa94-04c1-424b-9868-57a2d4851a1d" relativeResultsDirectory="0f7a6898-7a9f-4e26-9013-e06c8881479a" />
    <UnitTestResult executionId="3480c19b-a3d8-4c5d-8250-37d6dcfc298d" testId="7200fbe8-0633-195a-0e4f-25258446a0dd" testName="xUnitTestProject.CurrencyHelperTests.FormatToStringTest1000(price: 18490.912787030877, expected: &quot;18490.91 zł&quot;)" computerName="DESKTOP-5URQ9PB" duration="00:00:00.0000039" startTime="2022-06-13T21:15:49.4951379+02:00" endTime="2022-06-13T21:15:49.4951380+02:00" testType="13cdc9d9-ddb5-4fa4-a97d-d965ccfc6d4b" outcome="Passed" testListId="8c84fa94-04c1-424b-9868-57a2d4851a1d" relativeResultsDirectory="3480c19b-a3d8-4c5d-8250-37d6dcfc298d" />
    <UnitTestResult executionId="bdd81a06-bd04-49c3-acf2-3a6e8fd0c791" testId="b96da561-72c0-f108-100e-28aea4f8d524" testName="xUnitTestProject.CurrencyHelperTests.FormatToStringTest1000(price: 9818.257405763146, expected: &quot;9818.26 zł&quot;)" computerName="DESKTOP-5URQ9PB" duration="00:00:00.0000038" startTime="2022-06-13T21:15:49.4384208+02:00" endTime="2022-06-13T21:15:49.4384209+02:00" testType="13cdc9d9-ddb5-4fa4-a97d-d965ccfc6d4b" outcome="Passed" testListId="8c84fa94-04c1-424b-9868-57a2d4851a1d" relativeResultsDirectory="bdd81a06-bd04-49c3-acf2-3a6e8fd0c791" />
    <UnitTestResult executionId="00a6f71e-1b1f-46a6-91ed-243a6a005d2e" testId="e099abd9-c51a-27c3-fe30-7b74e00a337f" testName="xUnitTestProject.CurrencyHelperTests.FormatToStringTest1000(price: 16957.4523676757, expected: &quot;16957.45 zł&quot;)" computerName="DESKTOP-5URQ9PB" duration="00:00:00.0000040" startTime="2022-06-13T21:15:49.4535525+02:00" endTime="2022-06-13T21:15:49.4535527+02:00" testType="13cdc9d9-ddb5-4fa4-a97d-d965ccfc6d4b" outcome="Passed" testListId="8c84fa94-04c1-424b-9868-57a2d4851a1d" relativeResultsDirectory="00a6f71e-1b1f-46a6-91ed-243a6a005d2e" />
    <UnitTestResult executionId="01bad0d7-cb6e-421d-9f00-9f196f5ecb40" testId="52dd4d5a-f28a-3449-7987-33dfda351248" testName="xUnitTestProject.CurrencyHelperTests.FormatToStringTest1000(price: 31290.71396233687, expected: &quot;31290.71 zł&quot;)" computerName="DESKTOP-5URQ9PB" duration="00:00:00.0000039" startTime="2022-06-13T21:15:49.4514361+02:00" endTime="2022-06-13T21:15:49.4514363+02:00" testType="13cdc9d9-ddb5-4fa4-a97d-d965ccfc6d4b" outcome="Passed" testListId="8c84fa94-04c1-424b-9868-57a2d4851a1d" relativeResultsDirectory="01bad0d7-cb6e-421d-9f00-9f196f5ecb40" />
    <UnitTestResult executionId="4e99d78f-bd67-4c7d-a823-b14e74ca9649" testId="1fe96cd6-e80d-4fd9-dedb-226c16d9375d" testName="xUnitTestProject.CurrencyHelperTests.FormatToStringTest1000(price: 2505.286326204094, expected: &quot;2505.29 zł&quot;)" computerName="DESKTOP-5URQ9PB" duration="00:00:00.0000041" startTime="2022-06-13T21:15:49.4642327+02:00" endTime="2022-06-13T21:15:49.4642329+02:00" testType="13cdc9d9-ddb5-4fa4-a97d-d965ccfc6d4b" outcome="Passed" testListId="8c84fa94-04c1-424b-9868-57a2d4851a1d" relativeResultsDirectory="4e99d78f-bd67-4c7d-a823-b14e74ca9649" />
    <UnitTestResult executionId="71642ea0-4fc8-43fd-8872-b67af79afe75" testId="e457ba43-5ec8-2ef9-9f16-d8e65791d46d" testName="xUnitTestProject.CurrencyHelperTests.FormatToStringTest1000(price: 58902.704109088845, expected: &quot;58902.70 zł&quot;)" computerName="DESKTOP-5URQ9PB" duration="00:00:00.0000046" startTime="2022-06-13T21:15:49.4194949+02:00" endTime="2022-06-13T21:15:49.4194951+02:00" testType="13cdc9d9-ddb5-4fa4-a97d-d965ccfc6d4b" outcome="Passed" testListId="8c84fa94-04c1-424b-9868-57a2d4851a1d" relativeResultsDirectory="71642ea0-4fc8-43fd-8872-b67af79afe75" />
    <UnitTestResult executionId="d652fde2-3c78-43be-b1f7-3e5897af3bf7" testId="459b3c16-63b4-fc77-bb08-22086969eb93" testName="xUnitTestProject.CurrencyHelperTests.FormatToStringTest1000(price: 8599.45217413616, expected: &quot;8599.45 zł&quot;)" computerName="DESKTOP-5URQ9PB" duration="00:00:00.0000049" startTime="2022-06-13T21:15:49.4523620+02:00" endTime="2022-06-13T21:15:49.4523624+02:00" testType="13cdc9d9-ddb5-4fa4-a97d-d965ccfc6d4b" outcome="Passed" testListId="8c84fa94-04c1-424b-9868-57a2d4851a1d" relativeResultsDirectory="d652fde2-3c78-43be-b1f7-3e5897af3bf7" />
    <UnitTestResult executionId="044d929e-a452-41d5-8d45-7c5597fe453b" testId="ff8ddb46-4b79-2ee0-2d36-ef22ba3dcd81" testName="xUnitTestProject.CurrencyHelperTests.FormatToStringTest1000(price: 6262.373413993219, expected: &quot;6262.37 zł&quot;)" computerName="DESKTOP-5URQ9PB" duration="00:00:00.0000040" startTime="2022-06-13T21:15:49.3987923+02:00" endTime="2022-06-13T21:15:49.3987925+02:00" testType="13cdc9d9-ddb5-4fa4-a97d-d965ccfc6d4b" outcome="Passed" testListId="8c84fa94-04c1-424b-9868-57a2d4851a1d" relativeResultsDirectory="044d929e-a452-41d5-8d45-7c5597fe453b" />
    <UnitTestResult executionId="8a6a9b08-6327-47d4-bc39-56a6bb9e2e84" testId="a9c621d8-eb9e-3cd1-2b29-ed69514bad1f" testName="xUnitTestProject.CurrencyHelperTests.FormatToStringTest1000(price: 28080.92507087669, expected: &quot;28080.93 zł&quot;)" computerName="DESKTOP-5URQ9PB" duration="00:00:00.0000040" startTime="2022-06-13T21:15:49.3979230+02:00" endTime="2022-06-13T21:15:49.3979232+02:00" testType="13cdc9d9-ddb5-4fa4-a97d-d965ccfc6d4b" outcome="Passed" testListId="8c84fa94-04c1-424b-9868-57a2d4851a1d" relativeResultsDirectory="8a6a9b08-6327-47d4-bc39-56a6bb9e2e84" />
    <UnitTestResult executionId="c225accf-bc17-40c1-928c-80acabef55a9" testId="6e911663-e259-5040-7b6f-54c63fac8b3c" testName="xUnitTestProject.CurrencyHelperTests.FormatToStringTest1000(price: 11157.981051815665, expected: &quot;11157.98 zł&quot;)" computerName="DESKTOP-5URQ9PB" duration="00:00:00.0000040" startTime="2022-06-13T21:15:49.4669773+02:00" endTime="2022-06-13T21:15:49.4669775+02:00" testType="13cdc9d9-ddb5-4fa4-a97d-d965ccfc6d4b" outcome="Passed" testListId="8c84fa94-04c1-424b-9868-57a2d4851a1d" relativeResultsDirectory="c225accf-bc17-40c1-928c-80acabef55a9" />
    <UnitTestResult executionId="48b2925c-c260-4675-a7e4-eb6cb41e74a0" testId="dd6f82bf-ec98-4f3e-74b1-00844a5994bf" testName="xUnitTestProject.CurrencyHelperTests.FormatToStringTest1000(price: 3431.864349926759, expected: &quot;3431.86 zł&quot;)" computerName="DESKTOP-5URQ9PB" duration="00:00:00.0000040" startTime="2022-06-13T21:15:49.4632437+02:00" endTime="2022-06-13T21:15:49.4632438+02:00" testType="13cdc9d9-ddb5-4fa4-a97d-d965ccfc6d4b" outcome="Passed" testListId="8c84fa94-04c1-424b-9868-57a2d4851a1d" relativeResultsDirectory="48b2925c-c260-4675-a7e4-eb6cb41e74a0" />
    <UnitTestResult executionId="911e419e-a46e-4c28-9126-64d1ca8d1377" testId="aa0b789a-9fae-e4e5-e891-6c71af0ebd35" testName="xUnitTestProject.CurrencyHelperTests.FormatToStringTest1000(price: 5287.3103648714305, expected: &quot;5287.31 zł&quot;)" computerName="DESKTOP-5URQ9PB" duration="00:00:00.0000038" startTime="2022-06-13T21:15:49.4671884+02:00" endTime="2022-06-13T21:15:49.4671885+02:00" testType="13cdc9d9-ddb5-4fa4-a97d-d965ccfc6d4b" outcome="Passed" testListId="8c84fa94-04c1-424b-9868-57a2d4851a1d" relativeResultsDirectory="911e419e-a46e-4c28-9126-64d1ca8d1377" />
    <UnitTestResult executionId="7e02e75d-abf3-47bf-b105-6214c3e87457" testId="45b26f0b-a8bb-4b3f-d7c4-794f4ece7d3c" testName="xUnitTestProject.CurrencyHelperTests.FormatToStringTest1000(price: 23649.104642116046, expected: &quot;23649.10 zł&quot;)" computerName="DESKTOP-5URQ9PB" duration="00:00:00.0000039" startTime="2022-06-13T21:15:49.4091716+02:00" endTime="2022-06-13T21:15:49.4091718+02:00" testType="13cdc9d9-ddb5-4fa4-a97d-d965ccfc6d4b" outcome="Passed" testListId="8c84fa94-04c1-424b-9868-57a2d4851a1d" relativeResultsDirectory="7e02e75d-abf3-47bf-b105-6214c3e87457" />
    <UnitTestResult executionId="25573889-ac23-41c9-9ecb-e344051be1e3" testId="a80246d5-ddf8-7929-99a4-5139184114ef" testName="xUnitTestProject.CurrencyHelperTests.FormatToStringTest1000(price: 68174.53068551492, expected: &quot;68174.53 zł&quot;)" computerName="DESKTOP-5URQ9PB" duration="00:00:00.0000040" startTime="2022-06-13T21:15:49.3967253+02:00" endTime="2022-06-13T21:15:49.3967255+02:00" testType="13cdc9d9-ddb5-4fa4-a97d-d965ccfc6d4b" outcome="Passed" testListId="8c84fa94-04c1-424b-9868-57a2d4851a1d" relativeResultsDirectory="25573889-ac23-41c9-9ecb-e344051be1e3" />
    <UnitTestResult executionId="888a26c4-2e58-4ef0-8fe1-454e33e2109c" testId="a7d85aa3-fa07-4a18-0790-c9a84b87bfbf" testName="xUnitTestProject.CurrencyHelperTests.FormatToStringTest1000(price: 38614.292320713066, expected: &quot;38614.29 zł&quot;)" computerName="DESKTOP-5URQ9PB" duration="00:00:00.0000038" startTime="2022-06-13T21:15:49.4950467+02:00" endTime="2022-06-13T21:15:49.4950468+02:00" testType="13cdc9d9-ddb5-4fa4-a97d-d965ccfc6d4b" outcome="Passed" testListId="8c84fa94-04c1-424b-9868-57a2d4851a1d" relativeResultsDirectory="888a26c4-2e58-4ef0-8fe1-454e33e2109c" />
    <UnitTestResult executionId="b7bcff30-e6e1-4d37-acff-2beb7bae199a" testId="f1679d4a-b856-7d51-628e-8f29c288c7ca" testName="xUnitTestProject.CurrencyHelperTests.FormatToStringTest1000(price: 51503.82905738234, expected: &quot;51503.83 zł&quot;)" computerName="DESKTOP-5URQ9PB" duration="00:00:00.0000039" startTime="2022-06-13T21:15:49.4485357+02:00" endTime="2022-06-13T21:15:49.4485359+02:00" testType="13cdc9d9-ddb5-4fa4-a97d-d965ccfc6d4b" outcome="Passed" testListId="8c84fa94-04c1-424b-9868-57a2d4851a1d" relativeResultsDirectory="b7bcff30-e6e1-4d37-acff-2beb7bae199a" />
    <UnitTestResult executionId="f44f8e4b-4971-436a-b0ff-6f135dde8b6b" testId="edd98930-a456-c16e-31c0-f98ab53f4169" testName="xUnitTestProject.CurrencyHelperTests.FormatToStringTest1000(price: 2897.9775426620513, expected: &quot;2897.98 zł&quot;)" computerName="DESKTOP-5URQ9PB" duration="00:00:00.0000040" startTime="2022-06-13T21:15:49.5054197+02:00" endTime="2022-06-13T21:15:49.5054201+02:00" testType="13cdc9d9-ddb5-4fa4-a97d-d965ccfc6d4b" outcome="Passed" testListId="8c84fa94-04c1-424b-9868-57a2d4851a1d" relativeResultsDirectory="f44f8e4b-4971-436a-b0ff-6f135dde8b6b" />
    <UnitTestResult executionId="64246f34-4168-41e2-a2d3-4a74b084564b" testId="055fec57-4e1c-11c8-a858-911643af23bd" testName="xUnitTestProject.CurrencyHelperTests.FormatToStringTest1000(price: 8211.920994553679, expected: &quot;8211.92 zł&quot;)" computerName="DESKTOP-5URQ9PB" duration="00:00:00.0000045" startTime="2022-06-13T21:15:49.4381972+02:00" endTime="2022-06-13T21:15:49.4381977+02:00" testType="13cdc9d9-ddb5-4fa4-a97d-d965ccfc6d4b" outcome="Passed" testListId="8c84fa94-04c1-424b-9868-57a2d4851a1d" relativeResultsDirectory="64246f34-4168-41e2-a2d3-4a74b084564b" />
    <UnitTestResult executionId="7214d149-085e-49b3-a112-9c13e1eff43d" testId="f227f8da-1aef-bb37-695f-f1b64dec59a9" testName="xUnitTestProject.CurrencyHelperTests.FormatToStringTest1000(price: 17990.38119827089, expected: &quot;17990.38 zł&quot;)" computerName="DESKTOP-5URQ9PB" duration="00:00:00.0000038" startTime="2022-06-13T21:15:49.4333005+02:00" endTime="2022-06-13T21:15:49.4333007+02:00" testType="13cdc9d9-ddb5-4fa4-a97d-d965ccfc6d4b" outcome="Passed" testListId="8c84fa94-04c1-424b-9868-57a2d4851a1d" relativeResultsDirectory="7214d149-085e-49b3-a112-9c13e1eff43d" />
    <UnitTestResult executionId="f4757fd4-8fad-4bed-9743-50f3e29742bf" testId="0dda947f-a97a-e494-3314-a0e77995fdce" testName="xUnitTestProject.CurrencyHelperTests.FormatToStringTest1000(price: 19216.446905020366, expected: &quot;19216.45 zł&quot;)" computerName="DESKTOP-5URQ9PB" duration="00:00:00.0000041" startTime="2022-06-13T21:15:49.4029813+02:00" endTime="2022-06-13T21:15:49.4029815+02:00" testType="13cdc9d9-ddb5-4fa4-a97d-d965ccfc6d4b" outcome="Passed" testListId="8c84fa94-04c1-424b-9868-57a2d4851a1d" relativeResultsDirectory="f4757fd4-8fad-4bed-9743-50f3e29742bf" />
    <UnitTestResult executionId="aaa8689a-d662-4a22-9ddb-79fccbc1f459" testId="40049265-1e97-9ed6-58fa-5d084054c7cc" testName="xUnitTestProject.CurrencyHelperTests.FormatToStringTest1000(price: 17835.54606576988, expected: &quot;17835.55 zł&quot;)" computerName="DESKTOP-5URQ9PB" duration="00:00:00.0000039" startTime="2022-06-13T21:15:49.5044519+02:00" endTime="2022-06-13T21:15:49.5044523+02:00" testType="13cdc9d9-ddb5-4fa4-a97d-d965ccfc6d4b" outcome="Passed" testListId="8c84fa94-04c1-424b-9868-57a2d4851a1d" relativeResultsDirectory="aaa8689a-d662-4a22-9ddb-79fccbc1f459" />
    <UnitTestResult executionId="1a0cc722-34ac-4ba6-a7c4-e45572379285" testId="c5e43cdb-d4c3-3c40-9593-aad9b5ca8f95" testName="xUnitTestProject.CurrencyHelperTests.FormatToStringTest1000(price: 96022.24851977557, expected: &quot;96022.25 zł&quot;)" computerName="DESKTOP-5URQ9PB" duration="00:00:00.0000040" startTime="2022-06-13T21:15:49.4270037+02:00" endTime="2022-06-13T21:15:49.4270038+02:00" testType="13cdc9d9-ddb5-4fa4-a97d-d965ccfc6d4b" outcome="Passed" testListId="8c84fa94-04c1-424b-9868-57a2d4851a1d" relativeResultsDirectory="1a0cc722-34ac-4ba6-a7c4-e45572379285" />
    <UnitTestResult executionId="297cec49-42f4-4692-9fba-4a9171e3b022" testId="297d2ce6-e7ea-8d5e-9134-2d6e61b4337c" testName="xUnitTestProject.CurrencyHelperTests.FormatToStringTest1000(price: 7050.437505805137, expected: &quot;7050.44 zł&quot;)" computerName="DESKTOP-5URQ9PB" duration="00:00:00.0000038" startTime="2022-06-13T21:15:49.5045175+02:00" endTime="2022-06-13T21:15:49.5045177+02:00" testType="13cdc9d9-ddb5-4fa4-a97d-d965ccfc6d4b" outcome="Passed" testListId="8c84fa94-04c1-424b-9868-57a2d4851a1d" relativeResultsDirectory="297cec49-42f4-4692-9fba-4a9171e3b022" />
    <UnitTestResult executionId="1b149097-0151-4379-9d1b-5d732b00a3b4" testId="7848596b-c8d5-bd4c-d7fe-380e3b0f13fa" testName="xUnitTestProject.CurrencyHelperTests.FormatToStringTest1000(price: 15509.637406484986, expected: &quot;15509.64 zł&quot;)" computerName="DESKTOP-5URQ9PB" duration="00:00:00.0000038" startTime="2022-06-13T21:15:49.4932223+02:00" endTime="2022-06-13T21:15:49.4932225+02:00" testType="13cdc9d9-ddb5-4fa4-a97d-d965ccfc6d4b" outcome="Passed" testListId="8c84fa94-04c1-424b-9868-57a2d4851a1d" relativeResultsDirectory="1b149097-0151-4379-9d1b-5d732b00a3b4" />
    <UnitTestResult executionId="ba922a11-3bbe-4e47-93c9-2142e9c59cd9" testId="9e735874-97ea-8ca0-11c8-94ac42e81acc" testName="xUnitTestProject.CurrencyHelperTests.FormatToStringTest1000(price: 39178.05988345298, expected: &quot;39178.06 zł&quot;)" computerName="DESKTOP-5URQ9PB" duration="00:00:00.0000041" startTime="2022-06-13T21:15:49.4709474+02:00" endTime="2022-06-13T21:15:49.4709476+02:00" testType="13cdc9d9-ddb5-4fa4-a97d-d965ccfc6d4b" outcome="Passed" testListId="8c84fa94-04c1-424b-9868-57a2d4851a1d" relativeResultsDirectory="ba922a11-3bbe-4e47-93c9-2142e9c59cd9" />
    <UnitTestResult executionId="e5d0a4f3-c447-4fdf-a9fc-bb6b045700af" testId="230e1e23-a8f6-7ac5-0938-0ce23eabf420" testName="xUnitTestProject.CurrencyHelperTests.FormatToStringTest1000(price: 12091.219941106729, expected: &quot;12091.22 zł&quot;)" computerName="DESKTOP-5URQ9PB" duration="00:00:00.0000039" startTime="2022-06-13T21:15:49.4415015+02:00" endTime="2022-06-13T21:15:49.4415017+02:00" testType="13cdc9d9-ddb5-4fa4-a97d-d965ccfc6d4b" outcome="Passed" testListId="8c84fa94-04c1-424b-9868-57a2d4851a1d" relativeResultsDirectory="e5d0a4f3-c447-4fdf-a9fc-bb6b045700af" />
    <UnitTestResult executionId="be04ed13-ed10-434d-a391-fd0fa3778740" testId="bcf772d6-bc03-8db6-964e-e43c8f396083" testName="xUnitTestProject.CurrencyHelperTests.FormatToStringTest1000(price: 1664.7834932994022, expected: &quot;1664.78 zł&quot;)" computerName="DESKTOP-5URQ9PB" duration="00:00:00.0000041" startTime="2022-06-13T21:15:49.4112705+02:00" endTime="2022-06-13T21:15:49.4112706+02:00" testType="13cdc9d9-ddb5-4fa4-a97d-d965ccfc6d4b" outcome="Passed" testListId="8c84fa94-04c1-424b-9868-57a2d4851a1d" relativeResultsDirectory="be04ed13-ed10-434d-a391-fd0fa3778740" />
    <UnitTestResult executionId="851eefbe-fe72-4a46-b771-f74a57358a27" testId="faee1a73-2321-167e-168b-f89892fb598c" testName="xUnitTestProject.CurrencyHelperTests.FormatToStringTest1000(price: 70771.4436677524, expected: &quot;70771.44 zł&quot;)" computerName="DESKTOP-5URQ9PB" duration="00:00:00.0000039" startTime="2022-06-13T21:15:49.3929023+02:00" endTime="2022-06-13T21:15:49.3929024+02:00" testType="13cdc9d9-ddb5-4fa4-a97d-d965ccfc6d4b" outcome="Passed" testListId="8c84fa94-04c1-424b-9868-57a2d4851a1d" relativeResultsDirectory="851eefbe-fe72-4a46-b771-f74a57358a27" />
    <UnitTestResult executionId="190a25c8-9a65-4639-ad40-67c0a22f363d" testId="80d0ff60-cfaf-35b0-6f6e-60db427c7f85" testName="xUnitTestProject.CurrencyHelperTests.FormatToStringTest1000(price: 4652.407073443945, expected: &quot;4652.41 zł&quot;)" computerName="DESKTOP-5URQ9PB" duration="00:00:00.0000038" startTime="2022-06-13T21:15:49.4708566+02:00" endTime="2022-06-13T21:15:49.4708568+02:00" testType="13cdc9d9-ddb5-4fa4-a97d-d965ccfc6d4b" outcome="Passed" testListId="8c84fa94-04c1-424b-9868-57a2d4851a1d" relativeResultsDirectory="190a25c8-9a65-4639-ad40-67c0a22f363d" />
    <UnitTestResult executionId="9cc46cfa-916d-4dbf-93a7-8495678b51f9" testId="040e6cf8-8fc7-ca87-38f4-b0a1a8671b45" testName="xUnitTestProject.CurrencyHelperTests.FormatToStringTest1000(price: 1952.6955147062872, expected: &quot;1952.70 zł&quot;)" computerName="DESKTOP-5URQ9PB" duration="00:00:00.0000039" startTime="2022-06-13T21:15:49.4082902+02:00" endTime="2022-06-13T21:15:49.4082903+02:00" testType="13cdc9d9-ddb5-4fa4-a97d-d965ccfc6d4b" outcome="Passed" testListId="8c84fa94-04c1-424b-9868-57a2d4851a1d" relativeResultsDirectory="9cc46cfa-916d-4dbf-93a7-8495678b51f9" />
    <UnitTestResult executionId="4381c1f4-ddeb-46fa-972c-7df3b4456cc7" testId="e6d7e4bb-8f4e-56e2-712f-a2453f4d8f71" testName="xUnitTestProject.CurrencyHelperTests.FormatToStringTest1000(price: 16688.70569393677, expected: &quot;16688.71 zł&quot;)" computerName="DESKTOP-5URQ9PB" duration="00:00:00.0000039" startTime="2022-06-13T21:15:49.4093866+02:00" endTime="2022-06-13T21:15:49.4093868+02:00" testType="13cdc9d9-ddb5-4fa4-a97d-d965ccfc6d4b" outcome="Passed" testListId="8c84fa94-04c1-424b-9868-57a2d4851a1d" relativeResultsDirectory="4381c1f4-ddeb-46fa-972c-7df3b4456cc7" />
    <UnitTestResult executionId="53f110d1-fea2-4979-91f5-c01baf2d9562" testId="c7c013ea-be14-a4b5-1c6f-2b6dde46abbc" testName="xUnitTestProject.CurrencyHelperTests.FormatToStringTest1000(price: 6102.4120417453405, expected: &quot;6102.41 zł&quot;)" computerName="DESKTOP-5URQ9PB" duration="00:00:00.0000046" startTime="2022-06-13T21:15:49.4353975+02:00" endTime="2022-06-13T21:15:49.4353976+02:00" testType="13cdc9d9-ddb5-4fa4-a97d-d965ccfc6d4b" outcome="Passed" testListId="8c84fa94-04c1-424b-9868-57a2d4851a1d" relativeResultsDirectory="53f110d1-fea2-4979-91f5-c01baf2d9562" />
    <UnitTestResult executionId="1cd7843f-d489-47ed-b0c8-8604eb243881" testId="45a5b31d-d8ee-81e0-0e1d-a198d7cba5b5" testName="xUnitTestProject.CurrencyHelperTests.FormatToStringTest1000(price: 39314.52353688401, expected: &quot;39314.52 zł&quot;)" computerName="DESKTOP-5URQ9PB" duration="00:00:00.0000039" startTime="2022-06-13T21:15:49.4688797+02:00" endTime="2022-06-13T21:15:49.4688801+02:00" testType="13cdc9d9-ddb5-4fa4-a97d-d965ccfc6d4b" outcome="Passed" testListId="8c84fa94-04c1-424b-9868-57a2d4851a1d" relativeResultsDirectory="1cd7843f-d489-47ed-b0c8-8604eb243881" />
    <UnitTestResult executionId="3880c5d6-7689-46df-8e5c-d1e89874223d" testId="647d0f12-f39c-4459-8e85-bad3059c7bbf" testName="xUnitTestProject.CurrencyHelperTests.FormatToStringTest1000(price: 37.631227987646696, expected: &quot;37.63 zł&quot;)" computerName="DESKTOP-5URQ9PB" duration="00:00:00.0000040" startTime="2022-06-13T21:15:49.3988831+02:00" endTime="2022-06-13T21:15:49.3988833+02:00" testType="13cdc9d9-ddb5-4fa4-a97d-d965ccfc6d4b" outcome="Passed" testListId="8c84fa94-04c1-424b-9868-57a2d4851a1d" relativeResultsDirectory="3880c5d6-7689-46df-8e5c-d1e89874223d" />
    <UnitTestResult executionId="52d6e3b7-af1d-4425-8b48-102f266064b9" testId="dd2dd033-1470-57eb-5d97-02eb255fcb1f" testName="xUnitTestProject.CurrencyHelperTests.FormatToStringTest1000(price: 3274.481392617096, expected: &quot;3274.48 zł&quot;)" computerName="DESKTOP-5URQ9PB" duration="00:00:00.0000039" startTime="2022-06-13T21:15:49.4342652+02:00" endTime="2022-06-13T21:15:49.4342653+02:00" testType="13cdc9d9-ddb5-4fa4-a97d-d965ccfc6d4b" outcome="Passed" testListId="8c84fa94-04c1-424b-9868-57a2d4851a1d" relativeResultsDirectory="52d6e3b7-af1d-4425-8b48-102f266064b9" />
    <UnitTestResult executionId="f93b9675-7bcf-4442-9a36-223f933f6f9e" testId="9fa4910a-439f-a7b3-42d7-59f8d60a9e4f" testName="xUnitTestProject.CurrencyHelperTests.FormatToStringTest1000(price: 12577.642620996872, expected: &quot;12577.64 zł&quot;)" computerName="DESKTOP-5URQ9PB" duration="00:00:00.0000039" startTime="2022-06-13T21:15:49.4041388+02:00" endTime="2022-06-13T21:15:49.4041389+02:00" testType="13cdc9d9-ddb5-4fa4-a97d-d965ccfc6d4b" outcome="Passed" testListId="8c84fa94-04c1-424b-9868-57a2d4851a1d" relativeResultsDirectory="f93b9675-7bcf-4442-9a36-223f933f6f9e" />
    <UnitTestResult executionId="838fff71-8c98-42e2-a09f-b2d81b98e0f6" testId="9c12637d-98e9-60e9-4c3e-198e27a61c0f" testName="xUnitTestProject.CurrencyHelperTests.FormatToStringTest1000(price: 22743.19734205827, expected: &quot;22743.20 zł&quot;)" computerName="DESKTOP-5URQ9PB" duration="00:00:00.0000040" startTime="2022-06-13T21:15:49.4552618+02:00" endTime="2022-06-13T21:15:49.4552622+02:00" testType="13cdc9d9-ddb5-4fa4-a97d-d965ccfc6d4b" outcome="Passed" testListId="8c84fa94-04c1-424b-9868-57a2d4851a1d" relativeResultsDirectory="838fff71-8c98-42e2-a09f-b2d81b98e0f6" />
    <UnitTestResult executionId="1455cd57-ec05-482d-9975-523f5881df44" testId="2f04d734-6778-0b79-9d14-d79b1e3bb130" testName="xUnitTestProject.CurrencyHelperTests.FormatToStringTest1000(price: 12871.381729632794, expected: &quot;12871.38 zł&quot;)" computerName="DESKTOP-5URQ9PB" duration="00:00:00.0000040" startTime="2022-06-13T21:15:49.4882576+02:00" endTime="2022-06-13T21:15:49.4882577+02:00" testType="13cdc9d9-ddb5-4fa4-a97d-d965ccfc6d4b" outcome="Passed" testListId="8c84fa94-04c1-424b-9868-57a2d4851a1d" relativeResultsDirectory="1455cd57-ec05-482d-9975-523f5881df44" />
    <UnitTestResult executionId="c7ec4d9d-2d06-4495-bcd1-6809a67519a0" testId="50bd341a-c773-af8f-d72d-637dadce7bec" testName="xUnitTestProject.CurrencyHelperTests.FormatToStringTest1000(price: 42383.08993972982, expected: &quot;42383.09 zł&quot;)" computerName="DESKTOP-5URQ9PB" duration="00:00:00.0000040" startTime="2022-06-13T21:15:49.4797072+02:00" endTime="2022-06-13T21:15:49.4797074+02:00" testType="13cdc9d9-ddb5-4fa4-a97d-d965ccfc6d4b" outcome="Passed" testListId="8c84fa94-04c1-424b-9868-57a2d4851a1d" relativeResultsDirectory="c7ec4d9d-2d06-4495-bcd1-6809a67519a0" />
    <UnitTestResult executionId="a5279f47-e596-46fc-927c-d03ce11c2016" testId="2f5e415d-a063-a3ff-febb-2ffdc85ba98d" testName="xUnitTestProject.CurrencyHelperTests.FormatToStringTest1000(price: 31163.834562352316, expected: &quot;31163.83 zł&quot;)" computerName="DESKTOP-5URQ9PB" duration="00:00:00.0000038" startTime="2022-06-13T21:15:49.4564765+02:00" endTime="2022-06-13T21:15:49.4564766+02:00" testType="13cdc9d9-ddb5-4fa4-a97d-d965ccfc6d4b" outcome="Passed" testListId="8c84fa94-04c1-424b-9868-57a2d4851a1d" relativeResultsDirectory="a5279f47-e596-46fc-927c-d03ce11c2016" />
    <UnitTestResult executionId="d62f1fc9-861d-4981-9945-b282755526f2" testId="23aaa466-cf05-d364-17da-f1d2a5004cf2" testName="xUnitTestProject.CurrencyHelperTests.FormatToStringTest1000(price: 23684.695462791573, expected: &quot;23684.70 zł&quot;)" computerName="DESKTOP-5URQ9PB" duration="00:00:00.0000040" startTime="2022-06-13T21:15:49.4505145+02:00" endTime="2022-06-13T21:15:49.4505147+02:00" testType="13cdc9d9-ddb5-4fa4-a97d-d965ccfc6d4b" outcome="Passed" testListId="8c84fa94-04c1-424b-9868-57a2d4851a1d" relativeResultsDirectory="d62f1fc9-861d-4981-9945-b282755526f2" />
    <UnitTestResult executionId="a85a1350-3680-4e2f-99a3-6308b121cb9e" testId="ff7ab5c9-17cd-23b9-cfc1-99026e4f14ac" testName="xUnitTestProject.CurrencyHelperTests.FormatToStringTest1000(price: 27164.0272410419, expected: &quot;27164.03 zł&quot;)" computerName="DESKTOP-5URQ9PB" duration="00:00:00.0000040" startTime="2022-06-13T21:15:49.5036199+02:00" endTime="2022-06-13T21:15:49.5036200+02:00" testType="13cdc9d9-ddb5-4fa4-a97d-d965ccfc6d4b" outcome="Passed" testListId="8c84fa94-04c1-424b-9868-57a2d4851a1d" relativeResultsDirectory="a85a1350-3680-4e2f-99a3-6308b121cb9e" />
    <UnitTestResult executionId="e299a275-640a-4b60-94ac-1ce813d324ec" testId="3298d961-bdaa-633a-0d61-33079be298ce" testName="xUnitTestProject.CurrencyHelperTests.FormatToStringTest1000(price: 5247.779940802501, expected: &quot;5247.78 zł&quot;)" computerName="DESKTOP-5URQ9PB" duration="00:00:00.0000041" startTime="2022-06-13T21:15:49.4271248+02:00" endTime="2022-06-13T21:15:49.4271249+02:00" testType="13cdc9d9-ddb5-4fa4-a97d-d965ccfc6d4b" outcome="Passed" testListId="8c84fa94-04c1-424b-9868-57a2d4851a1d" relativeResultsDirectory="e299a275-640a-4b60-94ac-1ce813d324ec" />
    <UnitTestResult executionId="85f183f4-f518-402d-880a-dbbec5a79e11" testId="ab963705-3e28-cc1d-5bf1-a88ea216bc34" testName="xUnitTestProject.CurrencyHelperTests.FormatToStringTest1000(price: 43222.47958431695, expected: &quot;43222.48 zł&quot;)" computerName="DESKTOP-5URQ9PB" duration="00:00:00.0000037" startTime="2022-06-13T21:15:49.4970534+02:00" endTime="2022-06-13T21:15:49.4970536+02:00" testType="13cdc9d9-ddb5-4fa4-a97d-d965ccfc6d4b" outcome="Passed" testListId="8c84fa94-04c1-424b-9868-57a2d4851a1d" relativeResultsDirectory="85f183f4-f518-402d-880a-dbbec5a79e11" />
    <UnitTestResult executionId="0521286a-0286-47fe-9901-a98e3a33d8ac" testId="6a7d9b76-8e51-2dd0-7599-1dd99ccb1f30" testName="xUnitTestProject.CurrencyHelperTests.FormatToStringTest1000(price: 6710.131197082871, expected: &quot;6710.13 zł&quot;)" computerName="DESKTOP-5URQ9PB" duration="00:00:00.0000039" startTime="2022-06-13T21:15:49.4442649+02:00" endTime="2022-06-13T21:15:49.4442653+02:00" testType="13cdc9d9-ddb5-4fa4-a97d-d965ccfc6d4b" outcome="Passed" testListId="8c84fa94-04c1-424b-9868-57a2d4851a1d" relativeResultsDirectory="0521286a-0286-47fe-9901-a98e3a33d8ac" />
    <UnitTestResult executionId="358c4ec1-a877-42ce-acbe-d4e052117133" testId="75567229-1858-de57-219b-cfd8f4a7e8de" testName="xUnitTestProject.CurrencyHelperTests.FormatToStringTest1000(price: 750.5106571719566, expected: &quot;750.51 zł&quot;)" computerName="DESKTOP-5URQ9PB" duration="00:00:00.0000056" startTime="2022-06-13T21:15:49.4020065+02:00" endTime="2022-06-13T21:15:49.4020066+02:00" testType="13cdc9d9-ddb5-4fa4-a97d-d965ccfc6d4b" outcome="Passed" testListId="8c84fa94-04c1-424b-9868-57a2d4851a1d" relativeResultsDirectory="358c4ec1-a877-42ce-acbe-d4e052117133" />
    <UnitTestResult executionId="9b1283d6-689c-44d5-a518-8c6e804d2ada" testId="ab648c32-5363-622c-e305-880f5c60d7ae" testName="xUnitTestProject.CurrencyHelperTests.FormatToStringTest1000(price: 78519.41691976106, expected: &quot;78519.42 zł&quot;)" computerName="DESKTOP-5URQ9PB" duration="00:00:00.0030104" startTime="2022-06-13T21:15:49.3778533+02:00" endTime="2022-06-13T21:15:49.3779202+02:00" testType="13cdc9d9-ddb5-4fa4-a97d-d965ccfc6d4b" outcome="Passed" testListId="8c84fa94-04c1-424b-9868-57a2d4851a1d" relativeResultsDirectory="9b1283d6-689c-44d5-a518-8c6e804d2ada" />
    <UnitTestResult executionId="e951019d-32b7-4fc2-ac82-5aa4d34dced7" testId="e6ca1d81-dcf2-fd0d-938d-c5551a71b09d" testName="xUnitTestProject.CurrencyHelperTests.FormatToStringTest1000(price: 36893.66238331593, expected: &quot;36893.66 zł&quot;)" computerName="DESKTOP-5URQ9PB" duration="00:00:00.0000039" startTime="2022-06-13T21:15:49.4123570+02:00" endTime="2022-06-13T21:15:49.4123571+02:00" testType="13cdc9d9-ddb5-4fa4-a97d-d965ccfc6d4b" outcome="Passed" testListId="8c84fa94-04c1-424b-9868-57a2d4851a1d" relativeResultsDirectory="e951019d-32b7-4fc2-ac82-5aa4d34dced7" />
    <UnitTestResult executionId="10633f26-d728-450a-a499-cf3c75eeb518" testId="3462b2eb-e30f-6a87-cb93-c3563606a080" testName="xUnitTestProject.CurrencyHelperTests.FormatToStringTest1000(price: 20249.56614074277, expected: &quot;20249.57 zł&quot;)" computerName="DESKTOP-5URQ9PB" duration="00:00:00.0000041" startTime="2022-06-13T21:15:49.4872064+02:00" endTime="2022-06-13T21:15:49.4872068+02:00" testType="13cdc9d9-ddb5-4fa4-a97d-d965ccfc6d4b" outcome="Passed" testListId="8c84fa94-04c1-424b-9868-57a2d4851a1d" relativeResultsDirectory="10633f26-d728-450a-a499-cf3c75eeb518" />
    <UnitTestResult executionId="78bbc5fc-7abd-48be-b19e-9455df16d406" testId="444b6055-8e36-cf16-2594-6f26fe677cd1" testName="xUnitTestProject.CurrencyHelperTests.FormatToStringTest1000(price: 37528.70144368368, expected: &quot;37528.70 zł&quot;)" computerName="DESKTOP-5URQ9PB" duration="00:00:00.0000039" startTime="2022-06-13T21:15:49.4251556+02:00" endTime="2022-06-13T21:15:49.4251558+02:00" testType="13cdc9d9-ddb5-4fa4-a97d-d965ccfc6d4b" outcome="Passed" testListId="8c84fa94-04c1-424b-9868-57a2d4851a1d" relativeResultsDirectory="78bbc5fc-7abd-48be-b19e-9455df16d406" />
    <UnitTestResult executionId="cf88f83d-d504-4cef-b758-6104338b8771" testId="09f7512b-fcad-449f-b8a9-c32911a23969" testName="xUnitTestProject.CurrencyHelperTests.FormatToStringTest1000(price: 23662.291816162084, expected: &quot;23662.29 zł&quot;)" computerName="DESKTOP-5URQ9PB" duration="00:00:00.0000038" startTime="2022-06-13T21:15:49.4352116+02:00" endTime="2022-06-13T21:15:49.4352117+02:00" testType="13cdc9d9-ddb5-4fa4-a97d-d965ccfc6d4b" outcome="Passed" testListId="8c84fa94-04c1-424b-9868-57a2d4851a1d" relativeResultsDirectory="cf88f83d-d504-4cef-b758-6104338b8771" />
    <UnitTestResult executionId="84436c7b-f90e-43bf-8dd4-29ebc57d979c" testId="c28dd236-1525-1514-778a-3b6a96d19df1" testName="xUnitTestProject.CurrencyHelperTests.FormatToStringTest1000(price: 5749.124990274722, expected: &quot;5749.12 zł&quot;)" computerName="DESKTOP-5URQ9PB" duration="00:00:00.0000039" startTime="2022-06-13T21:15:49.4950773+02:00" endTime="2022-06-13T21:15:49.4950774+02:00" testType="13cdc9d9-ddb5-4fa4-a97d-d965ccfc6d4b" outcome="Passed" testListId="8c84fa94-04c1-424b-9868-57a2d4851a1d" relativeResultsDirectory="84436c7b-f90e-43bf-8dd4-29ebc57d979c" />
    <UnitTestResult executionId="a6e3a675-003f-4add-9b80-3981cfc08641" testId="20607095-992d-3bf7-849c-32032c3b5657" testName="xUnitTestProject.CurrencyHelperTests.FormatToStringTest1000(price: 10174.652801423637, expected: &quot;10174.65 zł&quot;)" computerName="DESKTOP-5URQ9PB" duration="00:00:00.0000039" startTime="2022-06-13T21:15:49.4845562+02:00" endTime="2022-06-13T21:15:49.4845564+02:00" testType="13cdc9d9-ddb5-4fa4-a97d-d965ccfc6d4b" outcome="Passed" testListId="8c84fa94-04c1-424b-9868-57a2d4851a1d" relativeResultsDirectory="a6e3a675-003f-4add-9b80-3981cfc08641" />
    <UnitTestResult executionId="24e7afec-590b-4e2a-bd11-cd93caea5ba1" testId="5987d0c7-7679-adcc-a7d5-76af40a4f7f5" testName="xUnitTestProject.CurrencyHelperTests.FormatToStringTest1000(price: 24566.50251371856, expected: &quot;24566.50 zł&quot;)" computerName="DESKTOP-5URQ9PB" duration="00:00:00.0000039" startTime="2022-06-13T21:15:49.4997706+02:00" endTime="2022-06-13T21:15:49.4997707+02:00" testType="13cdc9d9-ddb5-4fa4-a97d-d965ccfc6d4b" outcome="Passed" testListId="8c84fa94-04c1-424b-9868-57a2d4851a1d" relativeResultsDirectory="24e7afec-590b-4e2a-bd11-cd93caea5ba1" />
    <UnitTestResult executionId="6ee4e620-eb46-4084-94aa-95d6b224332d" testId="502c40b3-55a9-ed63-c19a-b15f001d74e2" testName="xUnitTestProject.CurrencyHelperTests.FormatToStringTest1000(price: 66019.32414194118, expected: &quot;66019.32 zł&quot;)" computerName="DESKTOP-5URQ9PB" duration="00:00:00.0000039" startTime="2022-06-13T21:15:49.4341369+02:00" endTime="2022-06-13T21:15:49.4341374+02:00" testType="13cdc9d9-ddb5-4fa4-a97d-d965ccfc6d4b" outcome="Passed" testListId="8c84fa94-04c1-424b-9868-57a2d4851a1d" relativeResultsDirectory="6ee4e620-eb46-4084-94aa-95d6b224332d" />
    <UnitTestResult executionId="4a76d132-a170-4bf9-8eb7-62137f5580ba" testId="b58c1648-01cd-8d33-8125-f2d9795f377d" testName="xUnitTestProject.CurrencyHelperTests.FormatToStringTest1000(price: 16597.22844427788, expected: &quot;16597.23 zł&quot;)" computerName="DESKTOP-5URQ9PB" duration="00:00:00.0000039" startTime="2022-06-13T21:15:49.4223812+02:00" endTime="2022-06-13T21:15:49.4223814+02:00" testType="13cdc9d9-ddb5-4fa4-a97d-d965ccfc6d4b" outcome="Passed" testListId="8c84fa94-04c1-424b-9868-57a2d4851a1d" relativeResultsDirectory="4a76d132-a170-4bf9-8eb7-62137f5580ba" />
    <UnitTestResult executionId="9c26d4bb-d14b-4fa2-b2f7-99392af7eaf2" testId="4e1f3ab2-e30f-84ab-8c3f-ffbda0a749a7" testName="xUnitTestProject.CurrencyHelperTests.FormatToStringTest1000(price: 6550.421588937948, expected: &quot;6550.42 zł&quot;)" computerName="DESKTOP-5URQ9PB" duration="00:00:00.0000039" startTime="2022-06-13T21:15:49.4873313+02:00" endTime="2022-06-13T21:15:49.4873314+02:00" testType="13cdc9d9-ddb5-4fa4-a97d-d965ccfc6d4b" outcome="Passed" testListId="8c84fa94-04c1-424b-9868-57a2d4851a1d" relativeResultsDirectory="9c26d4bb-d14b-4fa2-b2f7-99392af7eaf2" />
    <UnitTestResult executionId="e09f2b22-2751-4ea6-8877-ac35be235cb1" testId="c4f09638-23b4-3d40-c0a4-ef63a006dba0" testName="xUnitTestProject.CurrencyHelperTests.FormatToStringTest1000(price: 18990.72499258012, expected: &quot;18990.72 zł&quot;)" computerName="DESKTOP-5URQ9PB" duration="00:00:00.0000040" startTime="2022-06-13T21:15:49.3967554+02:00" endTime="2022-06-13T21:15:49.3967556+02:00" testType="13cdc9d9-ddb5-4fa4-a97d-d965ccfc6d4b" outcome="Passed" testListId="8c84fa94-04c1-424b-9868-57a2d4851a1d" relativeResultsDirectory="e09f2b22-2751-4ea6-8877-ac35be235cb1" />
    <UnitTestResult executionId="760bc810-c1c9-4110-ab4c-03729d1a4cba" testId="cd41d103-9666-3d37-803b-9b59446c01c4" testName="xUnitTestProject.CurrencyHelperTests.FormatToStringTest1000(price: 28455.229970996843, expected: &quot;28455.23 zł&quot;)" computerName="DESKTOP-5URQ9PB" duration="00:00:00.0000040" startTime="2022-06-13T21:15:49.4165357+02:00" endTime="2022-06-13T21:15:49.4165359+02:00" testType="13cdc9d9-ddb5-4fa4-a97d-d965ccfc6d4b" outcome="Passed" testListId="8c84fa94-04c1-424b-9868-57a2d4851a1d" relativeResultsDirectory="760bc810-c1c9-4110-ab4c-03729d1a4cba" />
    <UnitTestResult executionId="923c8f7e-db2e-449f-931c-830e95844b56" testId="cbab0896-310f-9613-16bf-ed68cf4f09cd" testName="xUnitTestProject.CurrencyHelperTests.FormatToStringTest1000(price: 20068.867046961965, expected: &quot;20068.87 zł&quot;)" computerName="DESKTOP-5URQ9PB" duration="00:00:00.0000038" startTime="2022-06-13T21:15:49.4767735+02:00" endTime="2022-06-13T21:15:49.4767737+02:00" testType="13cdc9d9-ddb5-4fa4-a97d-d965ccfc6d4b" outcome="Passed" testListId="8c84fa94-04c1-424b-9868-57a2d4851a1d" relativeResultsDirectory="923c8f7e-db2e-449f-931c-830e95844b56" />
    <UnitTestResult executionId="a2cfd743-4c80-49af-a132-d998a8b77950" testId="95df1eac-f3bd-b207-f98c-5233af246763" testName="xUnitTestProject.CurrencyHelperTests.FormatToStringTest1000(price: 7569.605888796322, expected: &quot;7569.61 zł&quot;)" computerName="DESKTOP-5URQ9PB" duration="00:00:00.0000039" startTime="2022-06-13T21:15:49.4453604+02:00" endTime="2022-06-13T21:15:49.4453606+02:00" testType="13cdc9d9-ddb5-4fa4-a97d-d965ccfc6d4b" outcome="Passed" testListId="8c84fa94-04c1-424b-9868-57a2d4851a1d" relativeResultsDirectory="a2cfd743-4c80-49af-a132-d998a8b77950" />
    <UnitTestResult executionId="0dd4cefc-b902-400f-8ae0-043dde5b8303" testId="8b7ce013-8629-5a29-320f-b962e95e1d02" testName="xUnitTestProject.CurrencyHelperTests.FormatToStringTest1000(price: 47437.74370917619, expected: &quot;47437.74 zł&quot;)" computerName="DESKTOP-5URQ9PB" duration="00:00:00.0000047" startTime="2022-06-13T21:15:49.4186135+02:00" endTime="2022-06-13T21:15:49.4186137+02:00" testType="13cdc9d9-ddb5-4fa4-a97d-d965ccfc6d4b" outcome="Passed" testListId="8c84fa94-04c1-424b-9868-57a2d4851a1d" relativeResultsDirectory="0dd4cefc-b902-400f-8ae0-043dde5b8303" />
    <UnitTestResult executionId="8dc082b3-8e64-461f-a4d8-73f86555e121" testId="83d0208c-cef3-bd49-264a-c0709c65e66e" testName="xUnitTestProject.CurrencyHelperTests.FormatToStringTest1000(price: 6958.393354767186, expected: &quot;6958.39 zł&quot;)" computerName="DESKTOP-5URQ9PB" duration="00:00:00.0000087" startTime="2022-06-13T21:15:49.4805498+02:00" endTime="2022-06-13T21:15:49.4805500+02:00" testType="13cdc9d9-ddb5-4fa4-a97d-d965ccfc6d4b" outcome="Passed" testListId="8c84fa94-04c1-424b-9868-57a2d4851a1d" relativeResultsDirectory="8dc082b3-8e64-461f-a4d8-73f86555e121" />
    <UnitTestResult executionId="59e8e32b-95f7-44b4-aac7-b94a979ecae5" testId="a3944110-24ef-a5f3-993b-c0e54d094618" testName="xUnitTestProject.CurrencyHelperTests.FormatToStringTest1000(price: 37826.846755123166, expected: &quot;37826.85 zł&quot;)" computerName="DESKTOP-5URQ9PB" duration="00:00:00.0000041" startTime="2022-06-13T21:15:49.4660411+02:00" endTime="2022-06-13T21:15:49.4660413+02:00" testType="13cdc9d9-ddb5-4fa4-a97d-d965ccfc6d4b" outcome="Passed" testListId="8c84fa94-04c1-424b-9868-57a2d4851a1d" relativeResultsDirectory="59e8e32b-95f7-44b4-aac7-b94a979ecae5" />
    <UnitTestResult executionId="3ee4f351-044c-4925-95a4-722037e0d7a8" testId="9c810ece-be18-f9ed-3cc8-f43cbbe8d789" testName="xUnitTestProject.CurrencyHelperTests.FormatToStringTest1000(price: 18627.604896394354, expected: &quot;18627.60 zł&quot;)" computerName="DESKTOP-5URQ9PB" duration="00:00:00.0000187" startTime="2022-06-13T21:15:49.3820631+02:00" endTime="2022-06-13T21:15:49.3820638+02:00" testType="13cdc9d9-ddb5-4fa4-a97d-d965ccfc6d4b" outcome="Passed" testListId="8c84fa94-04c1-424b-9868-57a2d4851a1d" relativeResultsDirectory="3ee4f351-044c-4925-95a4-722037e0d7a8" />
    <UnitTestResult executionId="b4e97ec9-3165-4372-8d3c-d6262d4ac5dd" testId="3bcce3ce-1e1f-b2cb-aecb-f9baaad49b40" testName="xUnitTestProject.CurrencyHelperTests.FormatToStringTest1000(price: 16427.591943671738, expected: &quot;16427.59 zł&quot;)" computerName="DESKTOP-5URQ9PB" duration="00:00:00.0000039" startTime="2022-06-13T21:15:49.4323755+02:00" endTime="2022-06-13T21:15:49.4323757+02:00" testType="13cdc9d9-ddb5-4fa4-a97d-d965ccfc6d4b" outcome="Passed" testListId="8c84fa94-04c1-424b-9868-57a2d4851a1d" relativeResultsDirectory="b4e97ec9-3165-4372-8d3c-d6262d4ac5dd" />
    <UnitTestResult executionId="ba4cccf8-7dec-49a0-83a9-40e532d4461a" testId="99f07415-68e4-3476-dd07-6ad55eba383b" testName="xUnitTestProject.CurrencyHelperTests.FormatToStringTest1000(price: 35784.54232617307, expected: &quot;35784.54 zł&quot;)" computerName="DESKTOP-5URQ9PB" duration="00:00:00.0000040" startTime="2022-06-13T21:15:49.4902737+02:00" endTime="2022-06-13T21:15:49.4902738+02:00" testType="13cdc9d9-ddb5-4fa4-a97d-d965ccfc6d4b" outcome="Passed" testListId="8c84fa94-04c1-424b-9868-57a2d4851a1d" relativeResultsDirectory="ba4cccf8-7dec-49a0-83a9-40e532d4461a" />
    <UnitTestResult executionId="ec237bf4-a71b-46d7-9c10-2b9d1ec1ee77" testId="2f6b6911-3bf0-1f4d-b85f-0561bbc969cd" testName="xUnitTestProject.CurrencyHelperTests.FormatToStringTest1000(price: 8095.485677032492, expected: &quot;8095.49 zł&quot;)" computerName="DESKTOP-5URQ9PB" duration="00:00:00.0000048" startTime="2022-06-13T21:15:49.4030113+02:00" endTime="2022-06-13T21:15:49.4030114+02:00" testType="13cdc9d9-ddb5-4fa4-a97d-d965ccfc6d4b" outcome="Passed" testListId="8c84fa94-04c1-424b-9868-57a2d4851a1d" relativeResultsDirectory="ec237bf4-a71b-46d7-9c10-2b9d1ec1ee77" />
    <UnitTestResult executionId="eb32d4b9-09dc-428a-890a-83201f263a79" testId="b163eddc-fed2-8a3f-de92-54285bf94b6d" testName="xUnitTestProject.CurrencyHelperTests.FormatToStringTest1000(price: 6838.422316571894, expected: &quot;6838.42 zł&quot;)" computerName="DESKTOP-5URQ9PB" duration="00:00:00.0000039" startTime="2022-06-13T21:15:49.4960345+02:00" endTime="2022-06-13T21:15:49.4960347+02:00" testType="13cdc9d9-ddb5-4fa4-a97d-d965ccfc6d4b" outcome="Passed" testListId="8c84fa94-04c1-424b-9868-57a2d4851a1d" relativeResultsDirectory="eb32d4b9-09dc-428a-890a-83201f263a79" />
    <UnitTestResult executionId="35bcce18-aa74-4431-8064-f0162fa69086" testId="b9aabaf1-a1cb-6124-f2ee-69eb1bbe949b" testName="xUnitTestProject.CurrencyHelperTests.FormatToStringTest1000(price: 19392.945535027862, expected: &quot;19392.95 zł&quot;)" computerName="DESKTOP-5URQ9PB" duration="00:00:00.0000039" startTime="2022-06-13T21:15:49.4352452+02:00" endTime="2022-06-13T21:15:49.4352454+02:00" testType="13cdc9d9-ddb5-4fa4-a97d-d965ccfc6d4b" outcome="Passed" testListId="8c84fa94-04c1-424b-9868-57a2d4851a1d" relativeResultsDirectory="35bcce18-aa74-4431-8064-f0162fa69086" />
    <UnitTestResult executionId="1bfecc96-a0ad-4414-9fda-a6d06834af73" testId="5021544e-bd06-1c2d-b3df-c21b577ebfa2" testName="xUnitTestProject.CurrencyHelperTests.FormatToStringTest1000(price: 50550.645020282194, expected: &quot;50550.65 zł&quot;)" computerName="DESKTOP-5URQ9PB" duration="00:00:00.0000039" startTime="2022-06-13T21:15:49.4604050+02:00" endTime="2022-06-13T21:15:49.4604052+02:00" testType="13cdc9d9-ddb5-4fa4-a97d-d965ccfc6d4b" outcome="Passed" testListId="8c84fa94-04c1-424b-9868-57a2d4851a1d" relativeResultsDirectory="1bfecc96-a0ad-4414-9fda-a6d06834af73" />
    <UnitTestResult executionId="2f4871a8-ba36-47b1-913d-045d6a8152cb" testId="8f93d79c-66e7-77f7-7d43-554a5055be47" testName="xUnitTestProject.CurrencyHelperTests.FormatToStringTest1000(price: 2751.3751475258614, expected: &quot;2751.38 zł&quot;)" computerName="DESKTOP-5URQ9PB" duration="00:00:00.0000038" startTime="2022-06-13T21:15:49.4473648+02:00" endTime="2022-06-13T21:15:49.4473650+02:00" testType="13cdc9d9-ddb5-4fa4-a97d-d965ccfc6d4b" outcome="Passed" testListId="8c84fa94-04c1-424b-9868-57a2d4851a1d" relativeResultsDirectory="2f4871a8-ba36-47b1-913d-045d6a8152cb" />
    <UnitTestResult executionId="96f18067-4ccb-4951-b20b-3896cccb6a2a" testId="f406acd8-9b69-9411-bf61-2d74f259f69e" testName="xUnitTestProject.CurrencyHelperTests.FormatToStringTest1000(price: 11430.666613002619, expected: &quot;11430.67 zł&quot;)" computerName="DESKTOP-5URQ9PB" duration="00:00:00.0000039" startTime="2022-06-13T21:15:49.4166021+02:00" endTime="2022-06-13T21:15:49.4166022+02:00" testType="13cdc9d9-ddb5-4fa4-a97d-d965ccfc6d4b" outcome="Passed" testListId="8c84fa94-04c1-424b-9868-57a2d4851a1d" relativeResultsDirectory="96f18067-4ccb-4951-b20b-3896cccb6a2a" />
    <UnitTestResult executionId="9cf81196-9964-49b9-b79d-a8e02f04406d" testId="100cc4f6-ca16-2d93-296d-fb39d2a6b55f" testName="xUnitTestProject.CurrencyHelperTests.FormatToStringTest1000(price: 19397.344749736294, expected: &quot;19397.34 zł&quot;)" computerName="DESKTOP-5URQ9PB" duration="00:00:00.0000041" startTime="2022-06-13T21:15:49.4959130+02:00" endTime="2022-06-13T21:15:49.4959132+02:00" testType="13cdc9d9-ddb5-4fa4-a97d-d965ccfc6d4b" outcome="Passed" testListId="8c84fa94-04c1-424b-9868-57a2d4851a1d" relativeResultsDirectory="9cf81196-9964-49b9-b79d-a8e02f04406d" />
    <UnitTestResult executionId="de1ecf65-967f-4e25-8428-a1d70b64bcdc" testId="2903f8f9-605c-f4a1-c251-e272e8faf58d" testName="xUnitTestProject.CurrencyHelperTests.FormatToStringTest1000(price: 40857.08543233996, expected: &quot;40857.09 zł&quot;)" computerName="DESKTOP-5URQ9PB" duration="00:00:00.0000040" startTime="2022-06-13T21:15:49.4506776+02:00" endTime="2022-06-13T21:15:49.4506778+02:00" testType="13cdc9d9-ddb5-4fa4-a97d-d965ccfc6d4b" outcome="Passed" testListId="8c84fa94-04c1-424b-9868-57a2d4851a1d" relativeResultsDirectory="de1ecf65-967f-4e25-8428-a1d70b64bcdc" />
    <UnitTestResult executionId="0b2795b4-0372-4dcb-a020-872ce3ff9a11" testId="80d3734c-ba9f-0770-a478-3dd6f9b70cb0" testName="xUnitTestProject.CurrencyHelperTests.FormatToStringTest1000(price: 50339.31259969497, expected: &quot;50339.31 zł&quot;)" computerName="DESKTOP-5URQ9PB" duration="00:00:00.0000041" startTime="2022-06-13T21:15:49.4301406+02:00" endTime="2022-06-13T21:15:49.4301408+02:00" testType="13cdc9d9-ddb5-4fa4-a97d-d965ccfc6d4b" outcome="Passed" testListId="8c84fa94-04c1-424b-9868-57a2d4851a1d" relativeResultsDirectory="0b2795b4-0372-4dcb-a020-872ce3ff9a11" />
    <UnitTestResult executionId="6e457863-2594-44ec-938c-85266f5fee1d" testId="5fe9c184-b316-2ed8-da8c-d7dc0b588adb" testName="xUnitTestProject.CurrencyHelperTests.FormatToStringTest1000(price: 34458.5406463512, expected: &quot;34458.54 zł&quot;)" computerName="DESKTOP-5URQ9PB" duration="00:00:00.0000040" startTime="2022-06-13T21:15:49.4776537+02:00" endTime="2022-06-13T21:15:49.4776539+02:00" testType="13cdc9d9-ddb5-4fa4-a97d-d965ccfc6d4b" outcome="Passed" testListId="8c84fa94-04c1-424b-9868-57a2d4851a1d" relativeResultsDirectory="6e457863-2594-44ec-938c-85266f5fee1d" />
    <UnitTestResult executionId="e485ece4-7f8b-45cd-b266-f2ec34640632" testId="908bbb79-500c-f673-c8f4-2e8bf73bce40" testName="xUnitTestProject.CurrencyHelperTests.FormatToStringTest1000(price: 88616.03808168416, expected: &quot;88616.04 zł&quot;)" computerName="DESKTOP-5URQ9PB" duration="00:00:00.0000040" startTime="2022-06-13T21:15:49.4969928+02:00" endTime="2022-06-13T21:15:49.4969929+02:00" testType="13cdc9d9-ddb5-4fa4-a97d-d965ccfc6d4b" outcome="Passed" testListId="8c84fa94-04c1-424b-9868-57a2d4851a1d" relativeResultsDirectory="e485ece4-7f8b-45cd-b266-f2ec34640632" />
    <UnitTestResult executionId="4858facc-6281-44b1-aefb-3a2fa8086d71" testId="38efd0dd-942e-1575-95b3-c2474aa164b9" testName="xUnitTestProject.CurrencyHelperTests.FormatToStringTest1000(price: 8901.937138443784, expected: &quot;8901.94 zł&quot;)" computerName="DESKTOP-5URQ9PB" duration="00:00:00.0000038" startTime="2022-06-13T21:15:49.4891208+02:00" endTime="2022-06-13T21:15:49.4891212+02:00" testType="13cdc9d9-ddb5-4fa4-a97d-d965ccfc6d4b" outcome="Passed" testListId="8c84fa94-04c1-424b-9868-57a2d4851a1d" relativeResultsDirectory="4858facc-6281-44b1-aefb-3a2fa8086d71" />
    <UnitTestResult executionId="83734490-3ce8-4c37-8a40-03d634e90481" testId="cb98657e-ea81-1d6a-4868-0d493c1098f6" testName="xUnitTestProject.CurrencyHelperTests.FormatToStringTest1000(price: 11871.427211910219, expected: &quot;11871.43 zł&quot;)" computerName="DESKTOP-5URQ9PB" duration="00:00:00.0000040" startTime="2022-06-13T21:15:49.4699055+02:00" endTime="2022-06-13T21:15:49.4699057+02:00" testType="13cdc9d9-ddb5-4fa4-a97d-d965ccfc6d4b" outcome="Passed" testListId="8c84fa94-04c1-424b-9868-57a2d4851a1d" relativeResultsDirectory="83734490-3ce8-4c37-8a40-03d634e90481" />
    <UnitTestResult executionId="81a3041a-67b4-4954-8067-90e5491e48da" testId="8e844c73-d78c-9c16-d82a-bbf068ddf1ce" testName="xUnitTestProject.CurrencyHelperTests.FormatToStringTest1000(price: 45887.58415794167, expected: &quot;45887.58 zł&quot;)" computerName="DESKTOP-5URQ9PB" duration="00:00:00.0000038" startTime="2022-06-13T21:15:49.4959441+02:00" endTime="2022-06-13T21:15:49.4959443+02:00" testType="13cdc9d9-ddb5-4fa4-a97d-d965ccfc6d4b" outcome="Passed" testListId="8c84fa94-04c1-424b-9868-57a2d4851a1d" relativeResultsDirectory="81a3041a-67b4-4954-8067-90e5491e48da" />
    <UnitTestResult executionId="e2ebcb95-06c8-4a78-a760-38d690abb206" testId="e905c24a-e819-fe18-0852-b70c2080c17c" testName="xUnitTestProject.CurrencyHelperTests.FormatToStringTest1000(price: 23282.56178903047, expected: &quot;23282.56 zł&quot;)" computerName="DESKTOP-5URQ9PB" duration="00:00:00.0000038" startTime="2022-06-13T21:15:49.4232069+02:00" endTime="2022-06-13T21:15:49.4232071+02:00" testType="13cdc9d9-ddb5-4fa4-a97d-d965ccfc6d4b" outcome="Passed" testListId="8c84fa94-04c1-424b-9868-57a2d4851a1d" relativeResultsDirectory="e2ebcb95-06c8-4a78-a760-38d690abb206" />
    <UnitTestResult executionId="64bd4a3f-4ed9-447c-9de1-e9d0990bdb49" testId="a309af81-dde2-6e24-4ef5-234d753b7352" testName="xUnitTestProject.CurrencyHelperTests.FormatToStringTest1000(price: 15591.4117417221, expected: &quot;15591.41 zł&quot;)" computerName="DESKTOP-5URQ9PB" duration="00:00:00.0000038" startTime="2022-06-13T21:15:49.4719609+02:00" endTime="2022-06-13T21:15:49.4719610+02:00" testType="13cdc9d9-ddb5-4fa4-a97d-d965ccfc6d4b" outcome="Passed" testListId="8c84fa94-04c1-424b-9868-57a2d4851a1d" relativeResultsDirectory="64bd4a3f-4ed9-447c-9de1-e9d0990bdb49" />
    <UnitTestResult executionId="b5d282e9-ae7e-4fe8-9872-2186e88c24ba" testId="972bb963-9a87-7070-029b-8643f34bbb6c" testName="xUnitTestProject.CurrencyHelperTests.FormatToStringTest1000(price: 10268.547802396373, expected: &quot;10268.55 zł&quot;)" computerName="DESKTOP-5URQ9PB" duration="00:00:00.0000078" startTime="2022-06-13T21:15:49.4212605+02:00" endTime="2022-06-13T21:15:49.4212607+02:00" testType="13cdc9d9-ddb5-4fa4-a97d-d965ccfc6d4b" outcome="Passed" testListId="8c84fa94-04c1-424b-9868-57a2d4851a1d" relativeResultsDirectory="b5d282e9-ae7e-4fe8-9872-2186e88c24ba" />
    <UnitTestResult executionId="18ab82e8-bfe3-4b05-b419-084467f92990" testId="761b6e00-61f3-b300-b2f5-8d5765381437" testName="xUnitTestProject.CurrencyHelperTests.FormatToStringTest1000(price: 57237.252356975456, expected: &quot;57237.25 zł&quot;)" computerName="DESKTOP-5URQ9PB" duration="00:00:00.0000039" startTime="2022-06-13T21:15:49.4184581+02:00" endTime="2022-06-13T21:15:49.4184583+02:00" testType="13cdc9d9-ddb5-4fa4-a97d-d965ccfc6d4b" outcome="Passed" testListId="8c84fa94-04c1-424b-9868-57a2d4851a1d" relativeResultsDirectory="18ab82e8-bfe3-4b05-b419-084467f92990" />
    <UnitTestResult executionId="058c4813-241e-4e86-8ad9-610491d08ffc" testId="028a745a-d396-f185-341f-56b2c46b3ca2" testName="xUnitTestProject.CurrencyHelperTests.FormatToStringTest1000(price: 66945.02904917022, expected: &quot;66945.03 zł&quot;)" computerName="DESKTOP-5URQ9PB" duration="00:00:00.0000041" startTime="2022-06-13T21:15:49.3998644+02:00" endTime="2022-06-13T21:15:49.3998646+02:00" testType="13cdc9d9-ddb5-4fa4-a97d-d965ccfc6d4b" outcome="Passed" testListId="8c84fa94-04c1-424b-9868-57a2d4851a1d" relativeResultsDirectory="058c4813-241e-4e86-8ad9-610491d08ffc" />
    <UnitTestResult executionId="aabe1e9d-6b84-4de7-935f-d2f42687b661" testId="73278ab4-3d1d-b883-d827-3ea861390441" testName="xUnitTestProject.CurrencyHelperTests.FormatToStringTest1000(price: 6205.946199725357, expected: &quot;6205.95 zł&quot;)" computerName="DESKTOP-5URQ9PB" duration="00:00:00.0000041" startTime="2022-06-13T21:15:49.3908208+02:00" endTime="2022-06-13T21:15:49.3908209+02:00" testType="13cdc9d9-ddb5-4fa4-a97d-d965ccfc6d4b" outcome="Passed" testListId="8c84fa94-04c1-424b-9868-57a2d4851a1d" relativeResultsDirectory="aabe1e9d-6b84-4de7-935f-d2f42687b661" />
    <UnitTestResult executionId="d6ac71a1-1f23-4dff-ae60-647e289797f8" testId="685331f6-0a25-8111-bb2a-37dce3d8d170" testName="xUnitTestProject.CurrencyHelperTests.FormatToStringTest1000(price: 45035.160883881224, expected: &quot;45035.16 zł&quot;)" computerName="DESKTOP-5URQ9PB" duration="00:00:00.0000055" startTime="2022-06-13T21:15:49.4424735+02:00" endTime="2022-06-13T21:15:49.4424736+02:00" testType="13cdc9d9-ddb5-4fa4-a97d-d965ccfc6d4b" outcome="Passed" testListId="8c84fa94-04c1-424b-9868-57a2d4851a1d" relativeResultsDirectory="d6ac71a1-1f23-4dff-ae60-647e289797f8" />
    <UnitTestResult executionId="c2c77ab3-76f0-4828-82eb-be57ed458fb0" testId="8027e5d6-d435-5a0d-d99c-2d9218dccb7e" testName="xUnitTestProject.CurrencyHelperTests.FormatToStringTest1000(price: 1741.3334432818617, expected: &quot;1741.33 zł&quot;)" computerName="DESKTOP-5URQ9PB" duration="00:00:00.0000038" startTime="2022-06-13T21:15:49.4901174+02:00" endTime="2022-06-13T21:15:49.4901178+02:00" testType="13cdc9d9-ddb5-4fa4-a97d-d965ccfc6d4b" outcome="Passed" testListId="8c84fa94-04c1-424b-9868-57a2d4851a1d" relativeResultsDirectory="c2c77ab3-76f0-4828-82eb-be57ed458fb0" />
    <UnitTestResult executionId="1aaf7a95-abee-43f5-962f-41d2c523dd5b" testId="e8e3664d-13e4-e628-073d-8b88b9f9785c" testName="xUnitTestProject.CurrencyHelperTests.FormatToStringTest1000(price: 32262.93788198984, expected: &quot;32262.94 zł&quot;)" computerName="DESKTOP-5URQ9PB" duration="00:00:00.0000040" startTime="2022-06-13T21:15:49.5015938+02:00" endTime="2022-06-13T21:15:49.5015939+02:00" testType="13cdc9d9-ddb5-4fa4-a97d-d965ccfc6d4b" outcome="Passed" testListId="8c84fa94-04c1-424b-9868-57a2d4851a1d" relativeResultsDirectory="1aaf7a95-abee-43f5-962f-41d2c523dd5b" />
    <UnitTestResult executionId="fd0b3c95-1e0a-410e-821d-7cc787b79f3a" testId="3ca4075a-a7fb-92a5-3a91-aefa25efbece" testName="xUnitTestProject.CurrencyHelperTests.FormatToStringTest1000(price: 8542.520616738833, expected: &quot;8542.52 zł&quot;)" computerName="DESKTOP-5URQ9PB" duration="00:00:00.0000041" startTime="2022-06-13T21:15:49.4031351+02:00" endTime="2022-06-13T21:15:49.4031352+02:00" testType="13cdc9d9-ddb5-4fa4-a97d-d965ccfc6d4b" outcome="Passed" testListId="8c84fa94-04c1-424b-9868-57a2d4851a1d" relativeResultsDirectory="fd0b3c95-1e0a-410e-821d-7cc787b79f3a" />
    <UnitTestResult executionId="bdcd2c39-26e4-407d-b321-2fbf7b7976cf" testId="90e736db-bebc-59eb-dcfd-94a08c26727f" testName="xUnitTestProject.CurrencyHelperTests.FormatToStringTest1000(price: 29539.32303995328, expected: &quot;29539.32 zł&quot;)" computerName="DESKTOP-5URQ9PB" duration="00:00:00.0000039" startTime="2022-06-13T21:15:49.4758927+02:00" endTime="2022-06-13T21:15:49.4758928+02:00" testType="13cdc9d9-ddb5-4fa4-a97d-d965ccfc6d4b" outcome="Passed" testListId="8c84fa94-04c1-424b-9868-57a2d4851a1d" relativeResultsDirectory="bdcd2c39-26e4-407d-b321-2fbf7b7976cf" />
    <UnitTestResult executionId="f8c0492d-37b6-4aff-92db-e7831ceac68f" testId="4e988653-eb1d-5757-a9c9-94e533451c54" testName="xUnitTestProject.CurrencyHelperTests.FormatToStringTest1000(price: 1482.3501845832682, expected: &quot;1482.35 zł&quot;)" computerName="DESKTOP-5URQ9PB" duration="00:00:00.0000039" startTime="2022-06-13T21:15:49.4484151+02:00" endTime="2022-06-13T21:15:49.4484153+02:00" testType="13cdc9d9-ddb5-4fa4-a97d-d965ccfc6d4b" outcome="Passed" testListId="8c84fa94-04c1-424b-9868-57a2d4851a1d" relativeResultsDirectory="f8c0492d-37b6-4aff-92db-e7831ceac68f" />
    <UnitTestResult executionId="e0570a22-0972-4702-9495-ee599ecc0bf5" testId="babff9b9-4ec4-5d0f-1835-e465e17600e6" testName="xUnitTestProject.CurrencyHelperTests.FormatToStringTest1000(price: 14100.01255469211, expected: &quot;14100.01 zł&quot;)" computerName="DESKTOP-5URQ9PB" duration="00:00:00.0000041" startTime="2022-06-13T21:15:49.4363187+02:00" endTime="2022-06-13T21:15:49.4363188+02:00" testType="13cdc9d9-ddb5-4fa4-a97d-d965ccfc6d4b" outcome="Passed" testListId="8c84fa94-04c1-424b-9868-57a2d4851a1d" relativeResultsDirectory="e0570a22-0972-4702-9495-ee599ecc0bf5" />
    <UnitTestResult executionId="1faec1a3-4989-4145-9c03-2164a16c8e61" testId="4b152625-d247-2206-1bc2-f59ef3dda4ef" testName="xUnitTestProject.CurrencyHelperTests.FormatToStringTest1000(price: 26174.290999793586, expected: &quot;26174.29 zł&quot;)" computerName="DESKTOP-5URQ9PB" duration="00:00:00.0000040" startTime="2022-06-13T21:15:49.4613843+02:00" endTime="2022-06-13T21:15:49.4613844+02:00" testType="13cdc9d9-ddb5-4fa4-a97d-d965ccfc6d4b" outcome="Passed" testListId="8c84fa94-04c1-424b-9868-57a2d4851a1d" relativeResultsDirectory="1faec1a3-4989-4145-9c03-2164a16c8e61" />
    <UnitTestResult executionId="a9de9f9f-4106-4b7c-b768-e6963a8442d0" testId="2b8726cc-d2f8-9e6e-5458-ee24b8425f17" testName="xUnitTestProject.CurrencyHelperTests.FormatToStringTest1000(price: 7592.950837113406, expected: &quot;7592.95 zł&quot;)" computerName="DESKTOP-5URQ9PB" duration="00:00:00.0000039" startTime="2022-06-13T21:15:49.4940250+02:00" endTime="2022-06-13T21:15:49.4940252+02:00" testType="13cdc9d9-ddb5-4fa4-a97d-d965ccfc6d4b" outcome="Passed" testListId="8c84fa94-04c1-424b-9868-57a2d4851a1d" relativeResultsDirectory="a9de9f9f-4106-4b7c-b768-e6963a8442d0" />
    <UnitTestResult executionId="91ed8594-305f-4c4f-a786-b44ecd16e153" testId="12ac148d-b770-8a76-3e48-40788f60fbd2" testName="xUnitTestProject.CurrencyHelperTests.FormatToStringTest1000(price: 16673.5121774904, expected: &quot;16673.51 zł&quot;)" computerName="DESKTOP-5URQ9PB" duration="00:00:00.0000039" startTime="2022-06-13T21:15:49.4592534+02:00" endTime="2022-06-13T21:15:49.4592536+02:00" testType="13cdc9d9-ddb5-4fa4-a97d-d965ccfc6d4b" outcome="Passed" testListId="8c84fa94-04c1-424b-9868-57a2d4851a1d" relativeResultsDirectory="91ed8594-305f-4c4f-a786-b44ecd16e153" />
    <UnitTestResult executionId="4923dda5-83d4-402f-9abd-bf46a80e735c" testId="6ca05e92-6a05-ce15-f59b-9b9ed10b85dd" testName="xUnitTestProject.CurrencyHelperTests.FormatToStringTest1000(price: 85407.13428016152, expected: &quot;85407.13 zł&quot;)" computerName="DESKTOP-5URQ9PB" duration="00:00:00.0000039" startTime="2022-06-13T21:15:49.4661311+02:00" endTime="2022-06-13T21:15:49.4661312+02:00" testType="13cdc9d9-ddb5-4fa4-a97d-d965ccfc6d4b" outcome="Passed" testListId="8c84fa94-04c1-424b-9868-57a2d4851a1d" relativeResultsDirectory="4923dda5-83d4-402f-9abd-bf46a80e735c" />
    <UnitTestResult executionId="f2c840c3-37c9-41b5-b5ab-d01916ee1346" testId="2b440940-2efe-cdba-d4a2-2746340ee3bc" testName="xUnitTestProject.CurrencyHelperTests.FormatToStringTest1000(price: 13844.577623300524, expected: &quot;13844.58 zł&quot;)" computerName="DESKTOP-5URQ9PB" duration="00:00:00.0000038" startTime="2022-06-13T21:15:49.4474877+02:00" endTime="2022-06-13T21:15:49.4474879+02:00" testType="13cdc9d9-ddb5-4fa4-a97d-d965ccfc6d4b" outcome="Passed" testListId="8c84fa94-04c1-424b-9868-57a2d4851a1d" relativeResultsDirectory="f2c840c3-37c9-41b5-b5ab-d01916ee1346" />
    <UnitTestResult executionId="abacc7ee-7ffd-4e40-a65e-553ecf5e6d33" testId="8491f0a3-ed14-5fdd-d64c-af335660b6b8" testName="xUnitTestProject.CurrencyHelperTests.FormatToStringTest1000(price: 25376.6225052097, expected: &quot;25376.62 zł&quot;)" computerName="DESKTOP-5URQ9PB" duration="00:00:00.0000039" startTime="2022-06-13T21:15:49.4679427+02:00" endTime="2022-06-13T21:15:49.4679429+02:00" testType="13cdc9d9-ddb5-4fa4-a97d-d965ccfc6d4b" outcome="Passed" testListId="8c84fa94-04c1-424b-9868-57a2d4851a1d" relativeResultsDirectory="abacc7ee-7ffd-4e40-a65e-553ecf5e6d33" />
    <UnitTestResult executionId="28b8c920-e345-4947-9abd-a18958422701" testId="a97810bc-ccf4-4f77-152b-d7c40d37cd64" testName="xUnitTestProject.CurrencyHelperTests.FormatToStringTest1000(price: 37866.43836050967, expected: &quot;37866.44 zł&quot;)" computerName="DESKTOP-5URQ9PB" duration="00:00:00.0000041" startTime="2022-06-13T21:15:49.4000136+02:00" endTime="2022-06-13T21:15:49.4000137+02:00" testType="13cdc9d9-ddb5-4fa4-a97d-d965ccfc6d4b" outcome="Passed" testListId="8c84fa94-04c1-424b-9868-57a2d4851a1d" relativeResultsDirectory="28b8c920-e345-4947-9abd-a18958422701" />
    <UnitTestResult executionId="a88d7107-24f3-4118-a6c8-dcb7b4d7e296" testId="c34ab70e-c13b-c0d3-f6b8-6dc84da0bd17" testName="xUnitTestProject.CurrencyHelperTests.FormatToStringTest1000(price: 50991.22189691114, expected: &quot;50991.22 zł&quot;)" computerName="DESKTOP-5URQ9PB" duration="00:00:00.0000040" startTime="2022-06-13T21:15:49.4960945+02:00" endTime="2022-06-13T21:15:49.4960946+02:00" testType="13cdc9d9-ddb5-4fa4-a97d-d965ccfc6d4b" outcome="Passed" testListId="8c84fa94-04c1-424b-9868-57a2d4851a1d" relativeResultsDirectory="a88d7107-24f3-4118-a6c8-dcb7b4d7e296" />
    <UnitTestResult executionId="0f31730e-e8fc-49a7-ac34-bd7e87440e85" testId="daa9a8b5-17c1-3a27-8cd4-720e13369df8" testName="xUnitTestProject.CurrencyHelperTests.FormatToStringTest1000(price: 56373.35086238494, expected: &quot;56373.35 zł&quot;)" computerName="DESKTOP-5URQ9PB" duration="00:00:00.0000049" startTime="2022-06-13T21:15:49.4573267+02:00" endTime="2022-06-13T21:15:49.4573268+02:00" testType="13cdc9d9-ddb5-4fa4-a97d-d965ccfc6d4b" outcome="Passed" testListId="8c84fa94-04c1-424b-9868-57a2d4851a1d" relativeResultsDirectory="0f31730e-e8fc-49a7-ac34-bd7e87440e85" />
    <UnitTestResult executionId="6a7bd817-505c-4c3f-bf09-e50b05660cf2" testId="237b1260-5bf2-21f1-fab1-5f4efe94ad6e" testName="xUnitTestProject.CurrencyHelperTests.FormatToStringTest1000(price: 1898.24149096489, expected: &quot;1898.24 zł&quot;)" computerName="DESKTOP-5URQ9PB" duration="00:00:00.0000040" startTime="2022-06-13T21:15:49.3978636+02:00" endTime="2022-06-13T21:15:49.3978637+02:00" testType="13cdc9d9-ddb5-4fa4-a97d-d965ccfc6d4b" outcome="Passed" testListId="8c84fa94-04c1-424b-9868-57a2d4851a1d" relativeResultsDirectory="6a7bd817-505c-4c3f-bf09-e50b05660cf2" />
    <UnitTestResult executionId="415995ee-ff55-4118-9c71-2db3454804dc" testId="72858ddf-be22-dd7b-74db-ce66ecacd1dd" testName="xUnitTestProject.CurrencyHelperTests.FormatToStringTest1000(price: 1614.2516601789982, expected: &quot;1614.25 zł&quot;)" computerName="DESKTOP-5URQ9PB" duration="00:00:00.0000038" startTime="2022-06-13T21:15:49.4525173+02:00" endTime="2022-06-13T21:15:49.4525174+02:00" testType="13cdc9d9-ddb5-4fa4-a97d-d965ccfc6d4b" outcome="Passed" testListId="8c84fa94-04c1-424b-9868-57a2d4851a1d" relativeResultsDirectory="415995ee-ff55-4118-9c71-2db3454804dc" />
    <UnitTestResult executionId="62479506-2710-4b90-939f-8610409735ef" testId="11ed9e7e-df07-2b0d-0eec-e5030427083f" testName="xUnitTestProject.CurrencyHelperTests.FormatToStringTest1000(price: 21996.80326662576, expected: &quot;21996.80 zł&quot;)" computerName="DESKTOP-5URQ9PB" duration="00:00:00.0000039" startTime="2022-06-13T21:15:49.4404974+02:00" endTime="2022-06-13T21:15:49.4404976+02:00" testType="13cdc9d9-ddb5-4fa4-a97d-d965ccfc6d4b" outcome="Passed" testListId="8c84fa94-04c1-424b-9868-57a2d4851a1d" relativeResultsDirectory="62479506-2710-4b90-939f-8610409735ef" />
    <UnitTestResult executionId="c07ad6ec-e34d-4888-9a77-b72454532c65" testId="d380f6a1-83cc-0c12-360c-ba81b340bce2" testName="xUnitTestProject.CurrencyHelperTests.FormatToStringTest1000(price: 36320.770035296104, expected: &quot;36320.77 zł&quot;)" computerName="DESKTOP-5URQ9PB" duration="00:00:00.0000038" startTime="2022-06-13T21:15:49.4650117+02:00" endTime="2022-06-13T21:15:49.4650121+02:00" testType="13cdc9d9-ddb5-4fa4-a97d-d965ccfc6d4b" outcome="Passed" testListId="8c84fa94-04c1-424b-9868-57a2d4851a1d" relativeResultsDirectory="c07ad6ec-e34d-4888-9a77-b72454532c65" />
    <UnitTestResult executionId="f06c53ae-4141-4fed-8034-fd5d15b21534" testId="97fa9539-2f5b-d008-d8ef-c0d60778ca89" testName="xUnitTestProject.CurrencyHelperTests.FormatToStringTest1000(price: 42555.01416107594, expected: &quot;42555.01 zł&quot;)" computerName="DESKTOP-5URQ9PB" duration="00:00:00.0000039" startTime="2022-06-13T21:15:49.3998943+02:00" endTime="2022-06-13T21:15:49.3998944+02:00" testType="13cdc9d9-ddb5-4fa4-a97d-d965ccfc6d4b" outcome="Passed" testListId="8c84fa94-04c1-424b-9868-57a2d4851a1d" relativeResultsDirectory="f06c53ae-4141-4fed-8034-fd5d15b21534" />
    <UnitTestResult executionId="b2223eb9-944f-4638-8539-9082a7e87ef3" testId="61cb44e8-f4b9-17e3-5cff-1fc9b36625bf" testName="xUnitTestProject.CurrencyHelperTests.FormatToStringTest1000(price: 30111.54342534372, expected: &quot;30111.54 zł&quot;)" computerName="DESKTOP-5URQ9PB" duration="00:00:00.0000038" startTime="2022-06-13T21:15:49.4758009+02:00" endTime="2022-06-13T21:15:49.4758011+02:00" testType="13cdc9d9-ddb5-4fa4-a97d-d965ccfc6d4b" outcome="Passed" testListId="8c84fa94-04c1-424b-9868-57a2d4851a1d" relativeResultsDirectory="b2223eb9-944f-4638-8539-9082a7e87ef3" />
    <UnitTestResult executionId="00fd462d-64dd-4325-926c-6885126e38e1" testId="9b9cb762-c5b9-fbcf-33f7-2ca2d3e98b42" testName="xUnitTestProject.CurrencyHelperTests.FormatToStringTest1000(price: 75162.39407669863, expected: &quot;75162.39 zł&quot;)" computerName="DESKTOP-5URQ9PB" duration="00:00:00.0000040" startTime="2022-06-13T21:15:49.4382658+02:00" endTime="2022-06-13T21:15:49.4382659+02:00" testType="13cdc9d9-ddb5-4fa4-a97d-d965ccfc6d4b" outcome="Passed" testListId="8c84fa94-04c1-424b-9868-57a2d4851a1d" relativeResultsDirectory="00fd462d-64dd-4325-926c-6885126e38e1" />
    <UnitTestResult executionId="3d4ea4ed-1404-463e-80bf-fd6159e12460" testId="38f897eb-957e-6945-e8b5-f2e873b7ac17" testName="xUnitTestProject.CurrencyHelperTests.FormatToStringTest1000(price: 26945.125386551546, expected: &quot;26945.13 zł&quot;)" computerName="DESKTOP-5URQ9PB" duration="00:00:00.0000040" startTime="2022-06-13T21:15:49.4231768+02:00" endTime="2022-06-13T21:15:49.4231770+02:00" testType="13cdc9d9-ddb5-4fa4-a97d-d965ccfc6d4b" outcome="Passed" testListId="8c84fa94-04c1-424b-9868-57a2d4851a1d" relativeResultsDirectory="3d4ea4ed-1404-463e-80bf-fd6159e12460" />
    <UnitTestResult executionId="dd16fde8-2b69-4d35-88de-672ee21ef535" testId="3b212d04-f6e8-ace9-1475-1632b0249f80" testName="xUnitTestProject.CurrencyHelperTests.FormatToStringTest1000(price: 70149.17842025738, expected: &quot;70149.18 zł&quot;)" computerName="DESKTOP-5URQ9PB" duration="00:00:00.0000041" startTime="2022-06-13T21:15:49.4413490+02:00" endTime="2022-06-13T21:15:49.4413492+02:00" testType="13cdc9d9-ddb5-4fa4-a97d-d965ccfc6d4b" outcome="Passed" testListId="8c84fa94-04c1-424b-9868-57a2d4851a1d" relativeResultsDirectory="dd16fde8-2b69-4d35-88de-672ee21ef535" />
    <UnitTestResult executionId="fde1bc7a-8f56-4cfd-b73b-51d95ed6b208" testId="a5736665-a659-170c-f088-df8850eec8a7" testName="xUnitTestProject.CurrencyHelperTests.FormatToStringTest1000(price: 64210.358316209335, expected: &quot;64210.36 zł&quot;)" computerName="DESKTOP-5URQ9PB" duration="00:00:00.0000039" startTime="2022-06-13T21:15:49.3969099+02:00" endTime="2022-06-13T21:15:49.3969101+02:00" testType="13cdc9d9-ddb5-4fa4-a97d-d965ccfc6d4b" outcome="Passed" testListId="8c84fa94-04c1-424b-9868-57a2d4851a1d" relativeResultsDirectory="fde1bc7a-8f56-4cfd-b73b-51d95ed6b208" />
    <UnitTestResult executionId="fcaf51fa-7d1c-4d25-a975-465f63fd8b31" testId="294f15b0-a486-8084-b9ae-585b30f21a60" testName="xUnitTestProject.CurrencyHelperTests.FormatToStringTest1000(price: 86.89546322771136, expected: &quot;86.90 zł&quot;)" computerName="DESKTOP-5URQ9PB" duration="00:00:00.0000047" startTime="2022-06-13T21:15:49.4997399+02:00" endTime="2022-06-13T21:15:49.4997401+02:00" testType="13cdc9d9-ddb5-4fa4-a97d-d965ccfc6d4b" outcome="Passed" testListId="8c84fa94-04c1-424b-9868-57a2d4851a1d" relativeResultsDirectory="fcaf51fa-7d1c-4d25-a975-465f63fd8b31" />
    <UnitTestResult executionId="d4ac21e1-8e85-4e6d-bd49-6adc889f76ee" testId="48480e6e-913f-e95b-4a6c-465d36475b6a" testName="xUnitTestProject.CurrencyHelperTests.FormatToStringTest1000(price: 24476.442216712254, expected: &quot;24476.44 zł&quot;)" computerName="DESKTOP-5URQ9PB" duration="00:00:00.0000040" startTime="2022-06-13T21:15:49.4544523+02:00" endTime="2022-06-13T21:15:49.4544525+02:00" testType="13cdc9d9-ddb5-4fa4-a97d-d965ccfc6d4b" outcome="Passed" testListId="8c84fa94-04c1-424b-9868-57a2d4851a1d" relativeResultsDirectory="d4ac21e1-8e85-4e6d-bd49-6adc889f76ee" />
    <UnitTestResult executionId="a23c197a-d629-48fe-b513-6610c05118ff" testId="1dbf06ec-4cde-4ef3-de39-b5efb671422f" testName="xUnitTestProject.CurrencyHelperTests.FormatToStringTest1000(price: 22330.217605518745, expected: &quot;22330.22 zł&quot;)" computerName="DESKTOP-5URQ9PB" duration="00:00:00.0000040" startTime="2022-06-13T21:15:49.4019461+02:00" endTime="2022-06-13T21:15:49.4019462+02:00" testType="13cdc9d9-ddb5-4fa4-a97d-d965ccfc6d4b" outcome="Passed" testListId="8c84fa94-04c1-424b-9868-57a2d4851a1d" relativeResultsDirectory="a23c197a-d629-48fe-b513-6610c05118ff" />
    <UnitTestResult executionId="aba4574f-d02d-4e90-933e-441665179dfd" testId="9e60da1f-2da8-eacc-63f9-9c91b8a7e042" testName="xUnitTestProject.CurrencyHelperTests.FormatToStringTest1000(price: 11922.837782177532, expected: &quot;11922.84 zł&quot;)" computerName="DESKTOP-5URQ9PB" duration="00:00:00.0000040" startTime="2022-06-13T21:15:49.4719003+02:00" endTime="2022-06-13T21:15:49.4719005+02:00" testType="13cdc9d9-ddb5-4fa4-a97d-d965ccfc6d4b" outcome="Passed" testListId="8c84fa94-04c1-424b-9868-57a2d4851a1d" relativeResultsDirectory="aba4574f-d02d-4e90-933e-441665179dfd" />
    <UnitTestResult executionId="d5b07db4-ccb0-4de6-bc50-8acf86818682" testId="6f661c9f-cb4c-fdf6-5a9a-217f69ebc5d5" testName="xUnitTestProject.CurrencyHelperTests.FormatToStringTest1000(price: 1613.6903705837626, expected: &quot;1613.69 zł&quot;)" computerName="DESKTOP-5URQ9PB" duration="00:00:00.0000038" startTime="2022-06-13T21:15:49.4176679+02:00" endTime="2022-06-13T21:15:49.4176680+02:00" testType="13cdc9d9-ddb5-4fa4-a97d-d965ccfc6d4b" outcome="Passed" testListId="8c84fa94-04c1-424b-9868-57a2d4851a1d" relativeResultsDirectory="d5b07db4-ccb0-4de6-bc50-8acf86818682" />
    <UnitTestResult executionId="08f45c14-a2fb-4b99-aa36-82518779278d" testId="e8ec7e81-c75e-50ea-5d4f-c58eeb7d8270" testName="xUnitTestProject.CurrencyHelperTests.FormatToStringTest1000(price: 17098.491445727876, expected: &quot;17098.49 zł&quot;)" computerName="DESKTOP-5URQ9PB" duration="00:00:00.0000038" startTime="2022-06-13T21:15:49.4572020+02:00" endTime="2022-06-13T21:15:49.4572024+02:00" testType="13cdc9d9-ddb5-4fa4-a97d-d965ccfc6d4b" outcome="Passed" testListId="8c84fa94-04c1-424b-9868-57a2d4851a1d" relativeResultsDirectory="08f45c14-a2fb-4b99-aa36-82518779278d" />
    <UnitTestResult executionId="dc62551e-bcc9-47a1-9096-756d83686311" testId="5c2754e4-1c80-78fc-5cc7-dfd05e800cc5" testName="xUnitTestProject.CurrencyHelperTests.FormatToStringTest1000(price: 20237.28532723723, expected: &quot;20237.29 zł&quot;)" computerName="DESKTOP-5URQ9PB" duration="00:00:00.0000045" startTime="2022-06-13T21:15:49.4290691+02:00" endTime="2022-06-13T21:15:49.4290696+02:00" testType="13cdc9d9-ddb5-4fa4-a97d-d965ccfc6d4b" outcome="Passed" testListId="8c84fa94-04c1-424b-9868-57a2d4851a1d" relativeResultsDirectory="dc62551e-bcc9-47a1-9096-756d83686311" />
    <UnitTestResult executionId="65492f25-e2cc-4fe1-9294-2ef4140db03e" testId="761c5474-ba0b-efdd-0d5f-bfbe630a98c2" testName="xUnitTestProject.CurrencyHelperTests.FormatToStringTest1000(price: 726.8087564975995, expected: &quot;726.81 zł&quot;)" computerName="DESKTOP-5URQ9PB" duration="00:00:00.0000038" startTime="2022-06-13T21:15:49.4902136+02:00" endTime="2022-06-13T21:15:49.4902138+02:00" testType="13cdc9d9-ddb5-4fa4-a97d-d965ccfc6d4b" outcome="Passed" testListId="8c84fa94-04c1-424b-9868-57a2d4851a1d" relativeResultsDirectory="65492f25-e2cc-4fe1-9294-2ef4140db03e" />
    <UnitTestResult executionId="280af16c-b74a-4719-9aa8-3edd4d1af62a" testId="7c3ffa01-e97c-2ed2-ce73-5d584269f0e2" testName="xUnitTestProject.CurrencyHelperTests.FormatToStringTest1000(price: 32213.734885384205, expected: &quot;32213.73 zł&quot;)" computerName="DESKTOP-5URQ9PB" duration="00:00:00.0000040" startTime="2022-06-13T21:15:49.4414712+02:00" endTime="2022-06-13T21:15:49.4414714+02:00" testType="13cdc9d9-ddb5-4fa4-a97d-d965ccfc6d4b" outcome="Passed" testListId="8c84fa94-04c1-424b-9868-57a2d4851a1d" relativeResultsDirectory="280af16c-b74a-4719-9aa8-3edd4d1af62a" />
    <UnitTestResult executionId="36a2de58-a7e9-4d4e-8e40-6395276707f4" testId="d9756703-fed3-1fb8-7195-5dae810af3cf" testName="xUnitTestProject.CurrencyHelperTests.FormatToStringTest1000(price: 2346.9964869427477, expected: &quot;2347.00 zł&quot;)" computerName="DESKTOP-5URQ9PB" duration="00:00:00.0000038" startTime="2022-06-13T21:15:49.4371860+02:00" endTime="2022-06-13T21:15:49.4371864+02:00" testType="13cdc9d9-ddb5-4fa4-a97d-d965ccfc6d4b" outcome="Passed" testListId="8c84fa94-04c1-424b-9868-57a2d4851a1d" relativeResultsDirectory="36a2de58-a7e9-4d4e-8e40-6395276707f4" />
    <UnitTestResult executionId="ab8c7617-0661-4715-9970-16aa0c93a811" testId="69eeb057-df94-2674-fba1-959c41ef1419" testName="xUnitTestProject.CurrencyHelperTests.FormatToStringTest1000(price: 87505.85936583664, expected: &quot;87505.86 zł&quot;)" computerName="DESKTOP-5URQ9PB" duration="00:00:00.0000040" startTime="2022-06-13T21:15:49.4383895+02:00" endTime="2022-06-13T21:15:49.4383897+02:00" testType="13cdc9d9-ddb5-4fa4-a97d-d965ccfc6d4b" outcome="Passed" testListId="8c84fa94-04c1-424b-9868-57a2d4851a1d" relativeResultsDirectory="ab8c7617-0661-4715-9970-16aa0c93a811" />
    <UnitTestResult executionId="e7f1ab42-2594-4e7d-a3e5-5620f121d735" testId="3a8cda37-b7cc-323f-afa4-03303dd2ce88" testName="xUnitTestProject.CurrencyHelperTests.FormatToStringTest1000(price: 134.1514758393874, expected: &quot;134.15 zł&quot;)" computerName="DESKTOP-5URQ9PB" duration="00:00:00.0000038" startTime="2022-06-13T21:15:49.4553878+02:00" endTime="2022-06-13T21:15:49.4553879+02:00" testType="13cdc9d9-ddb5-4fa4-a97d-d965ccfc6d4b" outcome="Passed" testListId="8c84fa94-04c1-424b-9868-57a2d4851a1d" relativeResultsDirectory="e7f1ab42-2594-4e7d-a3e5-5620f121d735" />
    <UnitTestResult executionId="ebd84330-2fa6-402c-982a-ee96a02b919c" testId="ae407fd6-e927-5656-0ce5-4192f5da53cb" testName="xUnitTestProject.CurrencyHelperTests.FormatToStringTest1000(price: 22592.465903659566, expected: &quot;22592.47 zł&quot;)" computerName="DESKTOP-5URQ9PB" duration="00:00:00.0000040" startTime="2022-06-13T21:15:49.4767127+02:00" endTime="2022-06-13T21:15:49.4767129+02:00" testType="13cdc9d9-ddb5-4fa4-a97d-d965ccfc6d4b" outcome="Passed" testListId="8c84fa94-04c1-424b-9868-57a2d4851a1d" relativeResultsDirectory="ebd84330-2fa6-402c-982a-ee96a02b919c" />
    <UnitTestResult executionId="5bb06bc1-87fd-4f6b-bc94-d05d81fa3796" testId="f45cbb0f-431c-8958-4b27-e85aa47cbe41" testName="xUnitTestProject.CurrencyHelperTests.FormatToStringTest1000(price: 9843.625240445894, expected: &quot;9843.63 zł&quot;)" computerName="DESKTOP-5URQ9PB" duration="00:00:00.0000076" startTime="2022-06-13T21:15:49.4322251+02:00" endTime="2022-06-13T21:15:49.4322253+02:00" testType="13cdc9d9-ddb5-4fa4-a97d-d965ccfc6d4b" outcome="Passed" testListId="8c84fa94-04c1-424b-9868-57a2d4851a1d" relativeResultsDirectory="5bb06bc1-87fd-4f6b-bc94-d05d81fa3796" />
    <UnitTestResult executionId="c6cf24f9-b536-4f61-b432-5c8a841dad45" testId="ff400e5b-d8ea-836f-c081-66cfe2473c87" testName="xUnitTestProject.CurrencyHelperTests.FormatToStringTest1000(price: 35967.54466809684, expected: &quot;35967.54 zł&quot;)" computerName="DESKTOP-5URQ9PB" duration="00:00:00.0000040" startTime="2022-06-13T21:15:49.4758318+02:00" endTime="2022-06-13T21:15:49.4758319+02:00" testType="13cdc9d9-ddb5-4fa4-a97d-d965ccfc6d4b" outcome="Passed" testListId="8c84fa94-04c1-424b-9868-57a2d4851a1d" relativeResultsDirectory="c6cf24f9-b536-4f61-b432-5c8a841dad45" />
    <UnitTestResult executionId="0de4eb53-c119-4465-8ff0-1e5e3216a1a8" testId="5aa929b3-dac1-52ec-e2ea-8e7fca692c42" testName="xUnitTestProject.CurrencyHelperTests.FormatToStringTest1000(price: 48084.94422955389, expected: &quot;48084.94 zł&quot;)" computerName="DESKTOP-5URQ9PB" duration="00:00:00.0000040" startTime="2022-06-13T21:15:49.4321635+02:00" endTime="2022-06-13T21:15:49.4321637+02:00" testType="13cdc9d9-ddb5-4fa4-a97d-d965ccfc6d4b" outcome="Passed" testListId="8c84fa94-04c1-424b-9868-57a2d4851a1d" relativeResultsDirectory="0de4eb53-c119-4465-8ff0-1e5e3216a1a8" />
    <UnitTestResult executionId="0cbb82fb-b605-4903-8030-f006b058b682" testId="f5005d81-5a9b-ef44-7fc2-52377fae83f4" testName="xUnitTestProject.CurrencyHelperTests.FormatToStringTest1000(price: 26162.532683261918, expected: &quot;26162.53 zł&quot;)" computerName="DESKTOP-5URQ9PB" duration="00:00:00.0000039" startTime="2022-06-13T21:15:49.3977425+02:00" endTime="2022-06-13T21:15:49.3977427+02:00" testType="13cdc9d9-ddb5-4fa4-a97d-d965ccfc6d4b" outcome="Passed" testListId="8c84fa94-04c1-424b-9868-57a2d4851a1d" relativeResultsDirectory="0cbb82fb-b605-4903-8030-f006b058b682" />
    <UnitTestResult executionId="48b1784a-5588-487e-a79c-fcc535fca670" testId="4fa0fe8a-60b4-1b4b-175d-a18573723ba2" testName="xUnitTestProject.CurrencyHelperTests.FormatToStringTest1000(price: 16190.113943164757, expected: &quot;16190.11 zł&quot;)" computerName="DESKTOP-5URQ9PB" duration="00:00:00.0000038" startTime="2022-06-13T21:15:49.4581671+02:00" endTime="2022-06-13T21:15:49.4581674+02:00" testType="13cdc9d9-ddb5-4fa4-a97d-d965ccfc6d4b" outcome="Passed" testListId="8c84fa94-04c1-424b-9868-57a2d4851a1d" relativeResultsDirectory="48b1784a-5588-487e-a79c-fcc535fca670" />
    <UnitTestResult executionId="ac1d8bdb-80ba-4838-a312-cb87e4d38d77" testId="56dbe364-b862-68d4-f157-de01aca24e66" testName="xUnitTestProject.CurrencyHelperTests.FormatToStringTest1000(price: 28502.61128259758, expected: &quot;28502.61 zł&quot;)" computerName="DESKTOP-5URQ9PB" duration="00:00:00.0000040" startTime="2022-06-13T21:15:49.4960038+02:00" endTime="2022-06-13T21:15:49.4960039+02:00" testType="13cdc9d9-ddb5-4fa4-a97d-d965ccfc6d4b" outcome="Passed" testListId="8c84fa94-04c1-424b-9868-57a2d4851a1d" relativeResultsDirectory="ac1d8bdb-80ba-4838-a312-cb87e4d38d77" />
    <UnitTestResult executionId="41a78206-35b4-4d01-a448-e58dae851ef9" testId="ad89a04b-1d6c-269b-831e-2a5afc742278" testName="xUnitTestProject.CurrencyHelperTests.FormatToStringTest1000(price: 15600.245951180927, expected: &quot;15600.25 zł&quot;)" computerName="DESKTOP-5URQ9PB" duration="00:00:00.0000038" startTime="2022-06-13T21:15:49.4212264+02:00" endTime="2022-06-13T21:15:49.4212267+02:00" testType="13cdc9d9-ddb5-4fa4-a97d-d965ccfc6d4b" outcome="Passed" testListId="8c84fa94-04c1-424b-9868-57a2d4851a1d" relativeResultsDirectory="41a78206-35b4-4d01-a448-e58dae851ef9" />
    <UnitTestResult executionId="f0c38059-3a1d-4871-86b8-f81a68d309b6" testId="40be92cf-d13e-6e4d-cafb-3ad22a6b9f7e" testName="xUnitTestProject.CurrencyHelperTests.FormatToStringTest1000(price: 3503.9809179231434, expected: &quot;3503.98 zł&quot;)" computerName="DESKTOP-5URQ9PB" duration="00:00:00.0000040" startTime="2022-06-13T21:15:49.4454208+02:00" endTime="2022-06-13T21:15:49.4454209+02:00" testType="13cdc9d9-ddb5-4fa4-a97d-d965ccfc6d4b" outcome="Passed" testListId="8c84fa94-04c1-424b-9868-57a2d4851a1d" relativeResultsDirectory="f0c38059-3a1d-4871-86b8-f81a68d309b6" />
    <UnitTestResult executionId="1d430b58-535d-459e-bff4-9e9227e3b5e6" testId="05d28227-9bee-a7ac-5d44-a19da1f5106c" testName="xUnitTestProject.CurrencyHelperTests.FormatToStringTest1000(price: 28033.439084134738, expected: &quot;28033.44 zł&quot;)" computerName="DESKTOP-5URQ9PB" duration="00:00:00.0000039" startTime="2022-06-13T21:15:49.4574460+02:00" endTime="2022-06-13T21:15:49.4574461+02:00" testType="13cdc9d9-ddb5-4fa4-a97d-d965ccfc6d4b" outcome="Passed" testListId="8c84fa94-04c1-424b-9868-57a2d4851a1d" relativeResultsDirectory="1d430b58-535d-459e-bff4-9e9227e3b5e6" />
    <UnitTestResult executionId="9dde6711-6401-4bc9-abf5-c75add4b062c" testId="ccb01d77-9abe-d52e-f6b1-1f27fb49d5d4" testName="xUnitTestProject.CurrencyHelperTests.FormatToStringTest1000(price: 2166.4103293970275, expected: &quot;2166.41 zł&quot;)" computerName="DESKTOP-5URQ9PB" duration="00:00:00.0000038" startTime="2022-06-13T21:15:49.4756327+02:00" endTime="2022-06-13T21:15:49.4756336+02:00" testType="13cdc9d9-ddb5-4fa4-a97d-d965ccfc6d4b" outcome="Passed" testListId="8c84fa94-04c1-424b-9868-57a2d4851a1d" relativeResultsDirectory="9dde6711-6401-4bc9-abf5-c75add4b062c" />
    <UnitTestResult executionId="f3af73ef-9007-48db-8e6e-1069a4a74314" testId="61863f63-9d64-1d88-3d10-ad0f63ed338b" testName="xUnitTestProject.CurrencyHelperTests.FormatToStringTest1000(price: 1130.8119115372242, expected: &quot;1130.81 zł&quot;)" computerName="DESKTOP-5URQ9PB" duration="00:00:00.0000039" startTime="2022-06-13T21:15:49.4505540+02:00" endTime="2022-06-13T21:15:49.4505542+02:00" testType="13cdc9d9-ddb5-4fa4-a97d-d965ccfc6d4b" outcome="Passed" testListId="8c84fa94-04c1-424b-9868-57a2d4851a1d" relativeResultsDirectory="f3af73ef-9007-48db-8e6e-1069a4a74314" />
    <UnitTestResult executionId="063528dd-eadd-4a47-963d-ed193642f526" testId="fe5f39e6-4cd0-a90c-3fd0-4ec94c3771bb" testName="xUnitTestProject.CurrencyHelperTests.FormatToStringTest1000(price: 57671.67669738675, expected: &quot;57671.68 zł&quot;)" computerName="DESKTOP-5URQ9PB" duration="00:00:00.0000038" startTime="2022-06-13T21:15:49.4796466+02:00" endTime="2022-06-13T21:15:49.4796467+02:00" testType="13cdc9d9-ddb5-4fa4-a97d-d965ccfc6d4b" outcome="Passed" testListId="8c84fa94-04c1-424b-9868-57a2d4851a1d" relativeResultsDirectory="063528dd-eadd-4a47-963d-ed193642f526" />
    <UnitTestResult executionId="9c25fab3-2fa2-404b-8cf5-f382eebbca21" testId="b28ab50d-11be-d323-527c-bc8feda9af8a" testName="xUnitTestProject.CurrencyHelperTests.FormatToStringTest1000(price: 4555.538255205163, expected: &quot;4555.54 zł&quot;)" computerName="DESKTOP-5URQ9PB" duration="00:00:00.0000039" startTime="2022-06-13T21:15:49.4534539+02:00" endTime="2022-06-13T21:15:49.4534540+02:00" testType="13cdc9d9-ddb5-4fa4-a97d-d965ccfc6d4b" outcome="Passed" testListId="8c84fa94-04c1-424b-9868-57a2d4851a1d" relativeResultsDirectory="9c25fab3-2fa2-404b-8cf5-f382eebbca21" />
    <UnitTestResult executionId="2b0e45c2-f788-4a18-b202-1864cda09dc0" testId="04127ca2-1b44-60f0-2ddc-d2453cd48c79" testName="xUnitTestProject.CurrencyHelperTests.FormatToStringTest1000(price: 25440.18371476614, expected: &quot;25440.18 zł&quot;)" computerName="DESKTOP-5URQ9PB" duration="00:00:00.0000039" startTime="2022-06-13T21:15:49.4242406+02:00" endTime="2022-06-13T21:15:49.4242407+02:00" testType="13cdc9d9-ddb5-4fa4-a97d-d965ccfc6d4b" outcome="Passed" testListId="8c84fa94-04c1-424b-9868-57a2d4851a1d" relativeResultsDirectory="2b0e45c2-f788-4a18-b202-1864cda09dc0" />
    <UnitTestResult executionId="8ad9cca9-e6c2-431f-9529-59f3f78ed600" testId="f4a097ad-04f4-9e9c-b96f-49eb0101bd6d" testName="xUnitTestProject.CurrencyHelperTests.FormatToStringTest1000(price: 67898.54481444067, expected: &quot;67898.54 zł&quot;)" computerName="DESKTOP-5URQ9PB" duration="00:00:00.0000040" startTime="2022-06-13T21:15:49.3823748+02:00" endTime="2022-06-13T21:15:49.3823749+02:00" testType="13cdc9d9-ddb5-4fa4-a97d-d965ccfc6d4b" outcome="Passed" testListId="8c84fa94-04c1-424b-9868-57a2d4851a1d" relativeResultsDirectory="8ad9cca9-e6c2-431f-9529-59f3f78ed600" />
    <UnitTestResult executionId="b5be3632-1150-49b0-a6f8-357870c9e102" testId="c303e402-0edb-f6ba-e4af-33ac122437de" testName="xUnitTestProject.CurrencyHelperTests.FormatToStringTest1000(price: 6105.007054037418, expected: &quot;6105.01 zł&quot;)" computerName="DESKTOP-5URQ9PB" duration="00:00:00.0000039" startTime="2022-06-13T21:15:49.4911277+02:00" endTime="2022-06-13T21:15:49.4911278+02:00" testType="13cdc9d9-ddb5-4fa4-a97d-d965ccfc6d4b" outcome="Passed" testListId="8c84fa94-04c1-424b-9868-57a2d4851a1d" relativeResultsDirectory="b5be3632-1150-49b0-a6f8-357870c9e102" />
    <UnitTestResult executionId="c19b8df1-5d12-4195-a3a3-a4f0014180a1" testId="21bbacc0-ff4d-ad67-a90f-e4f994353077" testName="xUnitTestProject.CurrencyHelperTests.FormatToStringTest1000(price: 3521.3657738167635, expected: &quot;3521.37 zł&quot;)" computerName="DESKTOP-5URQ9PB" duration="00:00:00.0000037" startTime="2022-06-13T21:15:49.4442995+02:00" endTime="2022-06-13T21:15:49.4442997+02:00" testType="13cdc9d9-ddb5-4fa4-a97d-d965ccfc6d4b" outcome="Passed" testListId="8c84fa94-04c1-424b-9868-57a2d4851a1d" relativeResultsDirectory="c19b8df1-5d12-4195-a3a3-a4f0014180a1" />
    <UnitTestResult executionId="d5a28a8f-fd49-4b39-8c44-72d92912a7f0" testId="b805cea1-9061-e180-4bd1-a6b18b6307ab" testName="xUnitTestProject.CurrencyHelperTests.FormatToStringTest1000(price: 7348.947429818543, expected: &quot;7348.95 zł&quot;)" computerName="DESKTOP-5URQ9PB" duration="00:00:00.0000040" startTime="2022-06-13T21:15:49.3905628+02:00" endTime="2022-06-13T21:15:49.3905635+02:00" testType="13cdc9d9-ddb5-4fa4-a97d-d965ccfc6d4b" outcome="Passed" testListId="8c84fa94-04c1-424b-9868-57a2d4851a1d" relativeResultsDirectory="d5a28a8f-fd49-4b39-8c44-72d92912a7f0" />
    <UnitTestResult executionId="0642cbdd-1176-4e7f-b331-4962e6f3beb8" testId="e238bfca-4b11-493d-42eb-8f12a1ef721f" testName="xUnitTestProject.CurrencyHelperTests.FormatToStringTest1000(price: 1896.1704506483723, expected: &quot;1896.17 zł&quot;)" computerName="DESKTOP-5URQ9PB" duration="00:00:00.0000038" startTime="2022-06-13T21:15:49.4883174+02:00" endTime="2022-06-13T21:15:49.4883175+02:00" testType="13cdc9d9-ddb5-4fa4-a97d-d965ccfc6d4b" outcome="Passed" testListId="8c84fa94-04c1-424b-9868-57a2d4851a1d" relativeResultsDirectory="0642cbdd-1176-4e7f-b331-4962e6f3beb8" />
    <UnitTestResult executionId="9e1607f3-94f6-4b72-8402-75054666abbb" testId="45e7282a-ab42-966d-c9cc-b039211e5621" testName="xUnitTestProject.CurrencyHelperTests.FormatToStringTest1000(price: 40035.54711080787, expected: &quot;40035.55 zł&quot;)" computerName="DESKTOP-5URQ9PB" duration="00:00:00.0000039" startTime="2022-06-13T21:15:49.4060249+02:00" endTime="2022-06-13T21:15:49.4060253+02:00" testType="13cdc9d9-ddb5-4fa4-a97d-d965ccfc6d4b" outcome="Passed" testListId="8c84fa94-04c1-424b-9868-57a2d4851a1d" relativeResultsDirectory="9e1607f3-94f6-4b72-8402-75054666abbb" />
    <UnitTestResult executionId="876f3a00-fd7f-494c-b913-fc440385d85d" testId="302cac3a-acd8-63e7-21fb-e5689524a492" testName="xUnitTestProject.CurrencyHelperTests.FormatToStringTest1000(price: 22678.643495744862, expected: &quot;22678.64 zł&quot;)" computerName="DESKTOP-5URQ9PB" duration="00:00:00.0000039" startTime="2022-06-13T21:15:49.5056331+02:00" endTime="2022-06-13T21:15:49.5056340+02:00" testType="13cdc9d9-ddb5-4fa4-a97d-d965ccfc6d4b" outcome="Passed" testListId="8c84fa94-04c1-424b-9868-57a2d4851a1d" relativeResultsDirectory="876f3a00-fd7f-494c-b913-fc440385d85d" />
    <UnitTestResult executionId="ca5b0d9f-598a-43e1-8537-d3893a973a3e" testId="92748693-9b58-d8e3-eb5b-22d11e2e9e9d" testName="xUnitTestProject.CurrencyHelperTests.FormatToStringTest1000(price: 577.6071367564645, expected: &quot;577.61 zł&quot;)" computerName="DESKTOP-5URQ9PB" duration="00:00:00.0000038" startTime="2022-06-13T21:15:49.4302327+02:00" endTime="2022-06-13T21:15:49.4302328+02:00" testType="13cdc9d9-ddb5-4fa4-a97d-d965ccfc6d4b" outcome="Passed" testListId="8c84fa94-04c1-424b-9868-57a2d4851a1d" relativeResultsDirectory="ca5b0d9f-598a-43e1-8537-d3893a973a3e" />
    <UnitTestResult executionId="c6177288-bd72-40bf-a661-b3695de867e3" testId="0fab285a-bfbc-a49a-b095-2b979efe33e8" testName="xUnitTestProject.CurrencyHelperTests.FormatToStringTest1000(price: 8582.709131852587, expected: &quot;8582.71 zł&quot;)" computerName="DESKTOP-5URQ9PB" duration="00:00:00.0000040" startTime="2022-06-13T21:15:49.3957927+02:00" endTime="2022-06-13T21:15:49.3957929+02:00" testType="13cdc9d9-ddb5-4fa4-a97d-d965ccfc6d4b" outcome="Passed" testListId="8c84fa94-04c1-424b-9868-57a2d4851a1d" relativeResultsDirectory="c6177288-bd72-40bf-a661-b3695de867e3" />
    <UnitTestResult executionId="d0b7e205-2c31-4dcf-9bc9-31a084f33eb1" testId="adafe729-87a5-6f47-8e2f-84195056d442" testName="xUnitTestProject.CurrencyHelperTests.FormatToStringTest1000(price: 55457.96873490278, expected: &quot;55457.97 zł&quot;)" computerName="DESKTOP-5URQ9PB" duration="00:00:00.0000038" startTime="2022-06-13T21:15:49.4364100+02:00" endTime="2022-06-13T21:15:49.4364102+02:00" testType="13cdc9d9-ddb5-4fa4-a97d-d965ccfc6d4b" outcome="Passed" testListId="8c84fa94-04c1-424b-9868-57a2d4851a1d" relativeResultsDirectory="d0b7e205-2c31-4dcf-9bc9-31a084f33eb1" />
    <UnitTestResult executionId="58104c0b-0d97-4c8d-b3a8-c5dca8c22570" testId="4f6b94b9-8c0a-f905-af50-086f7c071ad9" testName="xUnitTestProject.CurrencyHelperTests.FormatToStringTest1000(price: 10324.538670147089, expected: &quot;10324.54 zł&quot;)" computerName="DESKTOP-5URQ9PB" duration="00:00:00.0000040" startTime="2022-06-13T21:15:49.4719909+02:00" endTime="2022-06-13T21:15:49.4719910+02:00" testType="13cdc9d9-ddb5-4fa4-a97d-d965ccfc6d4b" outcome="Passed" testListId="8c84fa94-04c1-424b-9868-57a2d4851a1d" relativeResultsDirectory="58104c0b-0d97-4c8d-b3a8-c5dca8c22570" />
    <UnitTestResult executionId="8d2e4831-164b-4c13-b4d4-33efb0307ba5" testId="3c1ea8ba-f2b4-a355-28eb-de4dee6b9be9" testName="xUnitTestProject.CurrencyHelperTests.FormatToStringTest1000(price: 972.1468308629221, expected: &quot;972.15 zł&quot;)" computerName="DESKTOP-5URQ9PB" duration="00:00:00.0000039" startTime="2022-06-13T21:15:49.4874521+02:00" endTime="2022-06-13T21:15:49.4874522+02:00" testType="13cdc9d9-ddb5-4fa4-a97d-d965ccfc6d4b" outcome="Passed" testListId="8c84fa94-04c1-424b-9868-57a2d4851a1d" relativeResultsDirectory="8d2e4831-164b-4c13-b4d4-33efb0307ba5" />
    <UnitTestResult executionId="a9eaf457-131c-4680-ae7b-86ea26d59824" testId="2bdae34b-74e4-b57e-0c4e-9f8a61c91aa5" testName="xUnitTestProject.CurrencyHelperTests.FormatToStringTest1000(price: 5961.755129208674, expected: &quot;5961.76 zł&quot;)" computerName="DESKTOP-5URQ9PB" duration="00:00:00.0000037" startTime="2022-06-13T21:15:49.4251243+02:00" endTime="2022-06-13T21:15:49.4251244+02:00" testType="13cdc9d9-ddb5-4fa4-a97d-d965ccfc6d4b" outcome="Passed" testListId="8c84fa94-04c1-424b-9868-57a2d4851a1d" relativeResultsDirectory="a9eaf457-131c-4680-ae7b-86ea26d59824" />
    <UnitTestResult executionId="6c95d974-7520-4a6d-87d6-a100d104d03f" testId="d702a2a7-0d80-6e33-b0a7-e0e379e29093" testName="xUnitTestProject.CurrencyHelperTests.FormatToStringTest1000(price: 7753.724411372898, expected: &quot;7753.72 zł&quot;)" computerName="DESKTOP-5URQ9PB" duration="00:00:00.0000038" startTime="2022-06-13T21:15:49.4432932+02:00" endTime="2022-06-13T21:15:49.4432934+02:00" testType="13cdc9d9-ddb5-4fa4-a97d-d965ccfc6d4b" outcome="Passed" testListId="8c84fa94-04c1-424b-9868-57a2d4851a1d" relativeResultsDirectory="6c95d974-7520-4a6d-87d6-a100d104d03f" />
    <UnitTestResult executionId="2d973396-af79-48f5-bef7-bb28e01f0c7e" testId="0c859aba-4f30-51d2-a318-7300b0569a9b" testName="xUnitTestProject.CurrencyHelperTests.FormatToStringTest1000(price: 52020.805412759444, expected: &quot;52020.81 zł&quot;)" computerName="DESKTOP-5URQ9PB" duration="00:00:00.0000041" startTime="2022-06-13T21:15:49.4553583+02:00" endTime="2022-06-13T21:15:49.4553584+02:00" testType="13cdc9d9-ddb5-4fa4-a97d-d965ccfc6d4b" outcome="Passed" testListId="8c84fa94-04c1-424b-9868-57a2d4851a1d" relativeResultsDirectory="2d973396-af79-48f5-bef7-bb28e01f0c7e" />
    <UnitTestResult executionId="ba99d21a-b6ea-4bf5-aba2-c303ada5ba67" testId="8b9bc8ba-9742-8b44-9f33-0b46de660b7e" testName="xUnitTestProject.CurrencyHelperTests.FormatToStringTest1000(price: 21602.417596116393, expected: &quot;21602.42 zł&quot;)" computerName="DESKTOP-5URQ9PB" duration="00:00:00.0000041" startTime="2022-06-13T21:15:49.5026553+02:00" endTime="2022-06-13T21:15:49.5026554+02:00" testType="13cdc9d9-ddb5-4fa4-a97d-d965ccfc6d4b" outcome="Passed" testListId="8c84fa94-04c1-424b-9868-57a2d4851a1d" relativeResultsDirectory="ba99d21a-b6ea-4bf5-aba2-c303ada5ba67" />
    <UnitTestResult executionId="c07c9ee1-c505-469e-852c-ea4552a57ffd" testId="cd5a26d8-2bfb-59a4-04b5-4f695fd431f8" testName="xUnitTestProject.CurrencyHelperTests.FormatToStringTest1000(price: 2409.393997763001, expected: &quot;2409.39 zł&quot;)" computerName="DESKTOP-5URQ9PB" duration="00:00:00.0000039" startTime="2022-06-13T21:15:49.4806424+02:00" endTime="2022-06-13T21:15:49.4806425+02:00" testType="13cdc9d9-ddb5-4fa4-a97d-d965ccfc6d4b" outcome="Passed" testListId="8c84fa94-04c1-424b-9868-57a2d4851a1d" relativeResultsDirectory="c07c9ee1-c505-469e-852c-ea4552a57ffd" />
    <UnitTestResult executionId="d2b1137e-2752-478b-ab70-b31f67f2ac22" testId="5e1c3933-e4f7-a4af-71e7-871c86d36adf" testName="xUnitTestProject.CurrencyHelperTests.FormatToStringTest1000(price: 18596.12661189033, expected: &quot;18596.13 zł&quot;)" computerName="DESKTOP-5URQ9PB" duration="00:00:00.0000039" startTime="2022-06-13T21:15:49.4384522+02:00" endTime="2022-06-13T21:15:49.4384524+02:00" testType="13cdc9d9-ddb5-4fa4-a97d-d965ccfc6d4b" outcome="Passed" testListId="8c84fa94-04c1-424b-9868-57a2d4851a1d" relativeResultsDirectory="d2b1137e-2752-478b-ab70-b31f67f2ac22" />
    <UnitTestResult executionId="6b6d80cb-aac4-493c-a2ba-fb59daec45cb" testId="e31c0c60-96f3-c3fc-f48c-6d389a7185de" testName="xUnitTestProject.CurrencyHelperTests.FormatToStringTest1000(price: 19352.183340702755, expected: &quot;19352.18 zł&quot;)" computerName="DESKTOP-5URQ9PB" duration="00:00:00.0000039" startTime="2022-06-13T21:15:49.4041087+02:00" endTime="2022-06-13T21:15:49.4041089+02:00" testType="13cdc9d9-ddb5-4fa4-a97d-d965ccfc6d4b" outcome="Passed" testListId="8c84fa94-04c1-424b-9868-57a2d4851a1d" relativeResultsDirectory="6b6d80cb-aac4-493c-a2ba-fb59daec45cb" />
    <UnitTestResult executionId="614a1403-6c16-4680-9936-ac7fca12903b" testId="d2be2dc8-81b6-46cb-cbba-3709ad4b1996" testName="xUnitTestProject.CurrencyHelperTests.FormatToStringTest1000(price: 6654.099431086378, expected: &quot;6654.10 zł&quot;)" computerName="DESKTOP-5URQ9PB" duration="00:00:00.0000038" startTime="2022-06-13T21:15:49.4183942+02:00" endTime="2022-06-13T21:15:49.4183945+02:00" testType="13cdc9d9-ddb5-4fa4-a97d-d965ccfc6d4b" outcome="Passed" testListId="8c84fa94-04c1-424b-9868-57a2d4851a1d" relativeResultsDirectory="614a1403-6c16-4680-9936-ac7fca12903b" />
    <UnitTestResult executionId="2edcc1d9-b7cc-4bfc-8ba7-3ee32dad9d05" testId="c85737d8-c8f4-a23c-9c62-4ed60400843c" testName="xUnitTestProject.CurrencyHelperTests.FormatToStringTest1000(price: 28192.949128067565, expected: &quot;28192.95 zł&quot;)" computerName="DESKTOP-5URQ9PB" duration="00:00:00.0000039" startTime="2022-06-13T21:15:49.4203791+02:00" endTime="2022-06-13T21:15:49.4203792+02:00" testType="13cdc9d9-ddb5-4fa4-a97d-d965ccfc6d4b" outcome="Passed" testListId="8c84fa94-04c1-424b-9868-57a2d4851a1d" relativeResultsDirectory="2edcc1d9-b7cc-4bfc-8ba7-3ee32dad9d05" />
    <UnitTestResult executionId="997458b4-6767-4a60-93b3-34003b65bda9" testId="0b4d877e-fce2-536e-a6f4-e4fbe4e6e47c" testName="xUnitTestProject.CurrencyHelperTests.FormatToStringTest1000(price: 4919.073526169674, expected: &quot;4919.07 zł&quot;)" computerName="DESKTOP-5URQ9PB" duration="00:00:00.0000039" startTime="2022-06-13T21:15:49.4650762+02:00" endTime="2022-06-13T21:15:49.4650763+02:00" testType="13cdc9d9-ddb5-4fa4-a97d-d965ccfc6d4b" outcome="Passed" testListId="8c84fa94-04c1-424b-9868-57a2d4851a1d" relativeResultsDirectory="997458b4-6767-4a60-93b3-34003b65bda9" />
    <UnitTestResult executionId="d583d876-78a4-4745-8a81-db1e30548fc6" testId="bf0f3eb7-c08a-24a8-fd8d-3d7e3051107b" testName="xUnitTestProject.CurrencyHelperTests.FormatToStringTest1000(price: 88584.97010041306, expected: &quot;88584.97 zł&quot;)" computerName="DESKTOP-5URQ9PB" duration="00:00:00.0000040" startTime="2022-06-13T21:15:49.4670695+02:00" endTime="2022-06-13T21:15:49.4670697+02:00" testType="13cdc9d9-ddb5-4fa4-a97d-d965ccfc6d4b" outcome="Passed" testListId="8c84fa94-04c1-424b-9868-57a2d4851a1d" relativeResultsDirectory="d583d876-78a4-4745-8a81-db1e30548fc6" />
    <UnitTestResult executionId="4ccd3797-9e10-4c26-af78-b381da87b1da" testId="a75df869-b8ee-c89b-7cd3-025e83911294" testName="xUnitTestProject.CurrencyHelperTests.FormatToStringTest1000(price: 69864.17463991146, expected: &quot;69864.17 zł&quot;)" computerName="DESKTOP-5URQ9PB" duration="00:00:00.0000044" startTime="2022-06-13T21:15:49.3978935+02:00" endTime="2022-06-13T21:15:49.3978936+02:00" testType="13cdc9d9-ddb5-4fa4-a97d-d965ccfc6d4b" outcome="Passed" testListId="8c84fa94-04c1-424b-9868-57a2d4851a1d" relativeResultsDirectory="4ccd3797-9e10-4c26-af78-b381da87b1da" />
    <UnitTestResult executionId="2241ec61-3c43-411a-94ee-821c4ebfddec" testId="5a93f8c6-dddb-38ff-5f2b-b7e5cc3ddb6a" testName="xUnitTestProject.CurrencyHelperTests.FormatToStringTest1000(price: 7890.044272348771, expected: &quot;7890.04 zł&quot;)" computerName="DESKTOP-5URQ9PB" duration="00:00:00.0000040" startTime="2022-06-13T21:15:49.4353064+02:00" endTime="2022-06-13T21:15:49.4353066+02:00" testType="13cdc9d9-ddb5-4fa4-a97d-d965ccfc6d4b" outcome="Passed" testListId="8c84fa94-04c1-424b-9868-57a2d4851a1d" relativeResultsDirectory="2241ec61-3c43-411a-94ee-821c4ebfddec" />
    <UnitTestResult executionId="eb42b66a-a5fe-454e-ab19-ac805c87313c" testId="baa856d2-0f24-fb78-786f-66276d918a1d" testName="xUnitTestProject.CurrencyHelperTests.FormatToStringTest1000(price: 6864.093052674129, expected: &quot;6864.09 zł&quot;)" computerName="DESKTOP-5URQ9PB" duration="00:00:00.0000045" startTime="2022-06-13T21:15:49.4843920+02:00" endTime="2022-06-13T21:15:49.4843922+02:00" testType="13cdc9d9-ddb5-4fa4-a97d-d965ccfc6d4b" outcome="Passed" testListId="8c84fa94-04c1-424b-9868-57a2d4851a1d" relativeResultsDirectory="eb42b66a-a5fe-454e-ab19-ac805c87313c" />
    <UnitTestResult executionId="3f4f6dc9-505c-4968-b93f-841292038d91" testId="91970791-479f-53e8-256c-76fb4b85cf1d" testName="xUnitTestProject.CurrencyHelperTests.FormatToStringTest1000(price: 36651.05802063414, expected: &quot;36651.06 zł&quot;)" computerName="DESKTOP-5URQ9PB" duration="00:00:00.0000039" startTime="2022-06-13T21:15:49.4864660+02:00" endTime="2022-06-13T21:15:49.4864662+02:00" testType="13cdc9d9-ddb5-4fa4-a97d-d965ccfc6d4b" outcome="Passed" testListId="8c84fa94-04c1-424b-9868-57a2d4851a1d" relativeResultsDirectory="3f4f6dc9-505c-4968-b93f-841292038d91" />
    <UnitTestResult executionId="23a29458-c625-4e4e-b304-539333b37c5c" testId="4d07a1bc-a8d9-c223-fb28-a20fa9ce459f" testName="xUnitTestProject.CurrencyHelperTests.FormatToStringTest1000(price: 24308.26523149212, expected: &quot;24308.27 zł&quot;)" computerName="DESKTOP-5URQ9PB" duration="00:00:00.0000040" startTime="2022-06-13T21:15:49.4796158+02:00" endTime="2022-06-13T21:15:49.4796160+02:00" testType="13cdc9d9-ddb5-4fa4-a97d-d965ccfc6d4b" outcome="Passed" testListId="8c84fa94-04c1-424b-9868-57a2d4851a1d" relativeResultsDirectory="23a29458-c625-4e4e-b304-539333b37c5c" />
    <UnitTestResult executionId="0fb1beda-e83f-4b0d-8e7f-71262f43dfad" testId="2154354b-9164-5585-480c-7dedd5c54210" testName="xUnitTestProject.CurrencyHelperTests.FormatToStringTest1000(price: 9097.395563790293, expected: &quot;9097.40 zł&quot;)" computerName="DESKTOP-5URQ9PB" duration="00:00:00.0000039" startTime="2022-06-13T21:15:49.4777769+02:00" endTime="2022-06-13T21:15:49.4777770+02:00" testType="13cdc9d9-ddb5-4fa4-a97d-d965ccfc6d4b" outcome="Passed" testListId="8c84fa94-04c1-424b-9868-57a2d4851a1d" relativeResultsDirectory="0fb1beda-e83f-4b0d-8e7f-71262f43dfad" />
    <UnitTestResult executionId="48190808-6147-4b8e-8670-c29c6e9a5e31" testId="ce6af9f0-4b11-7bc7-9919-f6caf3d5d5f3" testName="xUnitTestProject.CurrencyHelperTests.FormatToStringTest1000(price: 38640.62766693003, expected: &quot;38640.63 zł&quot;)" computerName="DESKTOP-5URQ9PB" duration="00:00:00.0000039" startTime="2022-06-13T21:15:49.4113640+02:00" endTime="2022-06-13T21:15:49.4113641+02:00" testType="13cdc9d9-ddb5-4fa4-a97d-d965ccfc6d4b" outcome="Passed" testListId="8c84fa94-04c1-424b-9868-57a2d4851a1d" relativeResultsDirectory="48190808-6147-4b8e-8670-c29c6e9a5e31" />
    <UnitTestResult executionId="bd374dae-5ce2-4bbd-b5ec-e3bbf748edf1" testId="e9257337-b714-27d4-32a8-94e3008408f8" testName="xUnitTestProject.CurrencyHelperTests.FormatToStringTest1000(price: 41876.979471482795, expected: &quot;41876.98 zł&quot;)" computerName="DESKTOP-5URQ9PB" duration="00:00:00.0000040" startTime="2022-06-13T21:15:49.4103584+02:00" endTime="2022-06-13T21:15:49.4103585+02:00" testType="13cdc9d9-ddb5-4fa4-a97d-d965ccfc6d4b" outcome="Passed" testListId="8c84fa94-04c1-424b-9868-57a2d4851a1d" relativeResultsDirectory="bd374dae-5ce2-4bbd-b5ec-e3bbf748edf1" />
    <UnitTestResult executionId="27ee452b-6869-4c31-841f-7477c8c33f49" testId="fa17089e-753f-5fa3-f3ed-36d704a8d2ac" testName="xUnitTestProject.CurrencyHelperTests.FormatToStringTest1000(price: 13745.115971449817, expected: &quot;13745.12 zł&quot;)" computerName="DESKTOP-5URQ9PB" duration="00:00:00.0000039" startTime="2022-06-13T21:15:49.4932522+02:00" endTime="2022-06-13T21:15:49.4932523+02:00" testType="13cdc9d9-ddb5-4fa4-a97d-d965ccfc6d4b" outcome="Passed" testListId="8c84fa94-04c1-424b-9868-57a2d4851a1d" relativeResultsDirectory="27ee452b-6869-4c31-841f-7477c8c33f49" />
    <UnitTestResult executionId="16325482-7e84-40da-ba52-de8f5dd2ef0b" testId="87ce6106-4ac0-9f5c-9d1b-30007974d2cb" testName="xUnitTestProject.CurrencyHelperTests.FormatToStringTest1000(price: 50413.517583300134, expected: &quot;50413.52 zł&quot;)" computerName="DESKTOP-5URQ9PB" duration="00:00:00.0000040" startTime="2022-06-13T21:15:49.4930402+02:00" endTime="2022-06-13T21:15:49.4930403+02:00" testType="13cdc9d9-ddb5-4fa4-a97d-d965ccfc6d4b" outcome="Passed" testListId="8c84fa94-04c1-424b-9868-57a2d4851a1d" relativeResultsDirectory="16325482-7e84-40da-ba52-de8f5dd2ef0b" />
    <UnitTestResult executionId="fbd3e819-eb91-4380-90c2-75fb711b6de6" testId="a8d731c5-67df-9575-20e2-4e702b3d5817" testName="xUnitTestProject.CurrencyHelperTests.FormatToStringTest1000(price: 13323.876109275909, expected: &quot;13323.88 zł&quot;)" computerName="DESKTOP-5URQ9PB" duration="00:00:00.0000045" startTime="2022-06-13T21:15:49.4612333+02:00" endTime="2022-06-13T21:15:49.4612334+02:00" testType="13cdc9d9-ddb5-4fa4-a97d-d965ccfc6d4b" outcome="Passed" testListId="8c84fa94-04c1-424b-9868-57a2d4851a1d" relativeResultsDirectory="fbd3e819-eb91-4380-90c2-75fb711b6de6" />
    <UnitTestResult executionId="d37ea7e8-82e4-4c17-b6cf-74d817ebf5c5" testId="67b93cbf-4a61-71bd-d4ce-d603f3c3b311" testName="xUnitTestProject.CurrencyHelperTests.FormatToStringTest1000(price: 3195.202943510936, expected: &quot;3195.20 zł&quot;)" computerName="DESKTOP-5URQ9PB" duration="00:00:00.0000039" startTime="2022-06-13T21:15:49.4825004+02:00" endTime="2022-06-13T21:15:49.4825006+02:00" testType="13cdc9d9-ddb5-4fa4-a97d-d965ccfc6d4b" outcome="Passed" testListId="8c84fa94-04c1-424b-9868-57a2d4851a1d" relativeResultsDirectory="d37ea7e8-82e4-4c17-b6cf-74d817ebf5c5" />
    <UnitTestResult executionId="5ce884f5-c1a2-4565-9754-678437185470" testId="d9021346-4b7d-e467-848a-6a660c41636c" testName="xUnitTestProject.CurrencyHelperTests.FormatToStringTest1000(price: 22153.282278674324, expected: &quot;22153.28 zł&quot;)" computerName="DESKTOP-5URQ9PB" duration="00:00:00.0000039" startTime="2022-06-13T21:15:49.4231119+02:00" endTime="2022-06-13T21:15:49.4231122+02:00" testType="13cdc9d9-ddb5-4fa4-a97d-d965ccfc6d4b" outcome="Passed" testListId="8c84fa94-04c1-424b-9868-57a2d4851a1d" relativeResultsDirectory="5ce884f5-c1a2-4565-9754-678437185470" />
    <UnitTestResult executionId="bc24e557-46a2-48cd-ac88-1846f1f92154" testId="f96cba70-db37-0f83-9cd0-465945a7184e" testName="xUnitTestProject.CurrencyHelperTests.FormatToStringTest1000(price: 81326.3340147521, expected: &quot;81326.33 zł&quot;)" computerName="DESKTOP-5URQ9PB" duration="00:00:00.0000038" startTime="2022-06-13T21:15:49.4514671+02:00" endTime="2022-06-13T21:15:49.4514673+02:00" testType="13cdc9d9-ddb5-4fa4-a97d-d965ccfc6d4b" outcome="Passed" testListId="8c84fa94-04c1-424b-9868-57a2d4851a1d" relativeResultsDirectory="bc24e557-46a2-48cd-ac88-1846f1f92154" />
    <UnitTestResult executionId="269de97a-e5c2-4592-9459-f34245f1bbb7" testId="b3d46dfa-7a62-d522-3960-5646d987d2b9" testName="xUnitTestProject.CurrencyHelperTests.FormatToStringTest1000(price: 30626.373939456127, expected: &quot;30626.37 zł&quot;)" computerName="DESKTOP-5URQ9PB" duration="00:00:00.0000039" startTime="2022-06-13T21:15:49.4331759+02:00" endTime="2022-06-13T21:15:49.4331760+02:00" testType="13cdc9d9-ddb5-4fa4-a97d-d965ccfc6d4b" outcome="Passed" testListId="8c84fa94-04c1-424b-9868-57a2d4851a1d" relativeResultsDirectory="269de97a-e5c2-4592-9459-f34245f1bbb7" />
    <UnitTestResult executionId="c919e299-07a4-4ca2-b6df-dbe4692a1d03" testId="b82e8809-4def-9359-7a57-795e7616c335" testName="xUnitTestProject.CurrencyHelperTests.FormatToStringTest1000(price: 158.49784791027093, expected: &quot;158.50 zł&quot;)" computerName="DESKTOP-5URQ9PB" duration="00:00:00.0000040" startTime="2022-06-13T21:15:49.4582008+02:00" endTime="2022-06-13T21:15:49.4582009+02:00" testType="13cdc9d9-ddb5-4fa4-a97d-d965ccfc6d4b" outcome="Passed" testListId="8c84fa94-04c1-424b-9868-57a2d4851a1d" relativeResultsDirectory="c919e299-07a4-4ca2-b6df-dbe4692a1d03" />
    <UnitTestResult executionId="9ce75b0e-d273-4171-a163-ef05375310ca" testId="b903f011-25d7-d156-43c9-1974a38b345d" testName="xUnitTestProject.CurrencyHelperTests.FormatToStringTest1000(price: 10994.251866986162, expected: &quot;10994.25 zł&quot;)" computerName="DESKTOP-5URQ9PB" duration="00:00:00.0000040" startTime="2022-06-13T21:15:49.4434749+02:00" endTime="2022-06-13T21:15:49.4434751+02:00" testType="13cdc9d9-ddb5-4fa4-a97d-d965ccfc6d4b" outcome="Passed" testListId="8c84fa94-04c1-424b-9868-57a2d4851a1d" relativeResultsDirectory="9ce75b0e-d273-4171-a163-ef05375310ca" />
    <UnitTestResult executionId="9abb46c8-4643-486d-93c9-7c04451a34e6" testId="5058bebd-02f5-fdd0-776c-ccea1412870f" testName="xUnitTestProject.CurrencyHelperTests.FormatToStringTest1000(price: 675.4589376107133, expected: &quot;675.46 zł&quot;)" computerName="DESKTOP-5URQ9PB" duration="00:00:00.0000040" startTime="2022-06-13T21:15:49.4651955+02:00" endTime="2022-06-13T21:15:49.4651956+02:00" testType="13cdc9d9-ddb5-4fa4-a97d-d965ccfc6d4b" outcome="Passed" testListId="8c84fa94-04c1-424b-9868-57a2d4851a1d" relativeResultsDirectory="9abb46c8-4643-486d-93c9-7c04451a34e6" />
    <UnitTestResult executionId="195da6ee-098d-4467-87da-a82205877dab" testId="10e970c4-cd41-e630-0953-62de694a4cfc" testName="xUnitTestProject.CurrencyHelperTests.FormatToStringTest1000(price: 38845.74924104323, expected: &quot;38845.75 zł&quot;)" computerName="DESKTOP-5URQ9PB" duration="00:00:00.0000038" startTime="2022-06-13T21:15:49.4186435+02:00" endTime="2022-06-13T21:15:49.4186437+02:00" testType="13cdc9d9-ddb5-4fa4-a97d-d965ccfc6d4b" outcome="Passed" testListId="8c84fa94-04c1-424b-9868-57a2d4851a1d" relativeResultsDirectory="195da6ee-098d-4467-87da-a82205877dab" />
    <UnitTestResult executionId="43fd1918-8873-4335-91bf-489f0fbf7eb5" testId="4858eca7-ac2a-e51a-34d1-70891bbff583" testName="xUnitTestProject.CurrencyHelperTests.FormatToStringTest1000(price: 2390.7596313784643, expected: &quot;2390.76 zł&quot;)" computerName="DESKTOP-5URQ9PB" duration="00:00:00.0000038" startTime="2022-06-13T21:15:49.4986759+02:00" endTime="2022-06-13T21:15:49.4986761+02:00" testType="13cdc9d9-ddb5-4fa4-a97d-d965ccfc6d4b" outcome="Passed" testListId="8c84fa94-04c1-424b-9868-57a2d4851a1d" relativeResultsDirectory="43fd1918-8873-4335-91bf-489f0fbf7eb5" />
    <UnitTestResult executionId="04fe8118-e324-4b20-88ee-d5cb32349bfb" testId="4308f885-151f-014b-166d-40692645a73a" testName="xUnitTestProject.CurrencyHelperTests.FormatToStringTest1000(price: 15907.394871033446, expected: &quot;15907.39 zł&quot;)" computerName="DESKTOP-5URQ9PB" duration="00:00:00.0000039" startTime="2022-06-13T21:15:49.4474258+02:00" endTime="2022-06-13T21:15:49.4474260+02:00" testType="13cdc9d9-ddb5-4fa4-a97d-d965ccfc6d4b" outcome="Passed" testListId="8c84fa94-04c1-424b-9868-57a2d4851a1d" relativeResultsDirectory="04fe8118-e324-4b20-88ee-d5cb32349bfb" />
    <UnitTestResult executionId="fec9e14b-6892-4155-ad0b-56fc8edbe858" testId="0eb2cf4b-202a-2f21-374f-50b4b3adc607" testName="xUnitTestProject.CurrencyHelperTests.FormatToStringTest1000(price: 18424.864078561244, expected: &quot;18424.86 zł&quot;)" computerName="DESKTOP-5URQ9PB" duration="00:00:00.0000038" startTime="2022-06-13T21:15:49.4836232+02:00" endTime="2022-06-13T21:15:49.4836233+02:00" testType="13cdc9d9-ddb5-4fa4-a97d-d965ccfc6d4b" outcome="Passed" testListId="8c84fa94-04c1-424b-9868-57a2d4851a1d" relativeResultsDirectory="fec9e14b-6892-4155-ad0b-56fc8edbe858" />
    <UnitTestResult executionId="1ecf0c21-cfe6-4aa0-bdec-43a5d904d60c" testId="86ad28ff-91bc-6dfc-4b29-d680c9d331eb" testName="xUnitTestProject.CurrencyHelperTests.FormatToStringTest1000(price: 1799.2562459103092, expected: &quot;1799.26 zł&quot;)" computerName="DESKTOP-5URQ9PB" duration="00:00:00.0000046" startTime="2022-06-13T21:15:49.4582313+02:00" endTime="2022-06-13T21:15:49.4582315+02:00" testType="13cdc9d9-ddb5-4fa4-a97d-d965ccfc6d4b" outcome="Passed" testListId="8c84fa94-04c1-424b-9868-57a2d4851a1d" relativeResultsDirectory="1ecf0c21-cfe6-4aa0-bdec-43a5d904d60c" />
    <UnitTestResult executionId="af93ffdb-3c80-4de5-acc7-bb7c7e026bb6" testId="c83faa4e-9cfa-b743-e7ea-a4956027273b" testName="xUnitTestProject.CurrencyHelperTests.FormatToStringTest1000(price: 10965.74607995746, expected: &quot;10965.75 zł&quot;)" computerName="DESKTOP-5URQ9PB" duration="00:00:00.0000037" startTime="2022-06-13T21:15:49.4641130+02:00" endTime="2022-06-13T21:15:49.4641131+02:00" testType="13cdc9d9-ddb5-4fa4-a97d-d965ccfc6d4b" outcome="Passed" testListId="8c84fa94-04c1-424b-9868-57a2d4851a1d" relativeResultsDirectory="af93ffdb-3c80-4de5-acc7-bb7c7e026bb6" />
    <UnitTestResult executionId="15a571eb-9241-48b3-bc37-519154a90fd4" testId="a69afd9b-81e8-28e1-2371-18b74a947656" testName="xUnitTestProject.CurrencyHelperTests.FormatToStringTest1000(price: 12903.541202012237, expected: &quot;12903.54 zł&quot;)" computerName="DESKTOP-5URQ9PB" duration="00:00:00.0000039" startTime="2022-06-13T21:15:49.4280228+02:00" endTime="2022-06-13T21:15:49.4280232+02:00" testType="13cdc9d9-ddb5-4fa4-a97d-d965ccfc6d4b" outcome="Passed" testListId="8c84fa94-04c1-424b-9868-57a2d4851a1d" relativeResultsDirectory="15a571eb-9241-48b3-bc37-519154a90fd4" />
    <UnitTestResult executionId="e2f9981f-c3da-430b-b915-4469d39551cb" testId="4efa35ac-3125-a521-7208-253d92298a56" testName="xUnitTestProject.CurrencyHelperTests.FormatToStringTest1000(price: 25908.345463821825, expected: &quot;25908.35 zł&quot;)" computerName="DESKTOP-5URQ9PB" duration="00:00:00.0000038" startTime="2022-06-13T21:15:49.4815054+02:00" endTime="2022-06-13T21:15:49.4815056+02:00" testType="13cdc9d9-ddb5-4fa4-a97d-d965ccfc6d4b" outcome="Passed" testListId="8c84fa94-04c1-424b-9868-57a2d4851a1d" relativeResultsDirectory="e2f9981f-c3da-430b-b915-4469d39551cb" />
    <UnitTestResult executionId="3b0abdf9-791f-402c-979c-e0d58ab74fd5" testId="65d35c13-0e19-06e3-2b90-fbf07f6234bd" testName="xUnitTestProject.CurrencyHelperTests.FormatToStringTest1000(price: 63427.55325689332, expected: &quot;63427.55 zł&quot;)" computerName="DESKTOP-5URQ9PB" duration="00:00:00.0000039" startTime="2022-06-13T21:15:49.4018775+02:00" endTime="2022-06-13T21:15:49.4018779+02:00" testType="13cdc9d9-ddb5-4fa4-a97d-d965ccfc6d4b" outcome="Passed" testListId="8c84fa94-04c1-424b-9868-57a2d4851a1d" relativeResultsDirectory="3b0abdf9-791f-402c-979c-e0d58ab74fd5" />
    <UnitTestResult executionId="8dfe9cee-c0c6-4b65-8e3c-181d4b1fedb7" testId="2c083ad7-fea5-5b33-ddd6-bb2be00bd90c" testName="xUnitTestProject.CurrencyHelperTests.FormatToStringTest1000(price: 57181.240528605056, expected: &quot;57181.24 zł&quot;)" computerName="DESKTOP-5URQ9PB" duration="00:00:00.0000040" startTime="2022-06-13T21:15:49.3978033+02:00" endTime="2022-06-13T21:15:49.3978034+02:00" testType="13cdc9d9-ddb5-4fa4-a97d-d965ccfc6d4b" outcome="Passed" testListId="8c84fa94-04c1-424b-9868-57a2d4851a1d" relativeResultsDirectory="8dfe9cee-c0c6-4b65-8e3c-181d4b1fedb7" />
    <UnitTestResult executionId="b7e68e5c-eb2d-48f2-9ae2-46ee3ff91ae9" testId="7c18917f-7141-7732-3a7b-36439ce0baa1" testName="xUnitTestProject.CurrencyHelperTests.FormatToStringTest1000(price: 6276.389386365838, expected: &quot;6276.39 zł&quot;)" computerName="DESKTOP-5URQ9PB" duration="00:00:00.0000040" startTime="2022-06-13T21:15:49.4041991+02:00" endTime="2022-06-13T21:15:49.4041993+02:00" testType="13cdc9d9-ddb5-4fa4-a97d-d965ccfc6d4b" outcome="Passed" testListId="8c84fa94-04c1-424b-9868-57a2d4851a1d" relativeResultsDirectory="b7e68e5c-eb2d-48f2-9ae2-46ee3ff91ae9" />
    <UnitTestResult executionId="6558f26f-afa0-409e-8f18-6c18ece53a0f" testId="4cc08620-7636-5b0e-e6ce-7fa1f27effef" testName="xUnitTestProject.CurrencyHelperTests.FormatToStringTest1000(price: 22189.78731674132, expected: &quot;22189.79 zł&quot;)" computerName="DESKTOP-5URQ9PB" duration="00:00:00.0000040" startTime="2022-06-13T21:15:49.4970840+02:00" endTime="2022-06-13T21:15:49.4970841+02:00" testType="13cdc9d9-ddb5-4fa4-a97d-d965ccfc6d4b" outcome="Passed" testListId="8c84fa94-04c1-424b-9868-57a2d4851a1d" relativeResultsDirectory="6558f26f-afa0-409e-8f18-6c18ece53a0f" />
    <UnitTestResult executionId="0e53256d-9aa4-4bf9-a1b4-018735f17d18" testId="71aa02e1-e075-142b-97e5-961b91ee4f3d" testName="xUnitTestProject.CurrencyHelperTests.FormatToStringTest1000(price: 1313.0279238368514, expected: &quot;1313.03 zł&quot;)" computerName="DESKTOP-5URQ9PB" duration="00:00:00.0000040" startTime="2022-06-13T21:15:49.4422912+02:00" endTime="2022-06-13T21:15:49.4422914+02:00" testType="13cdc9d9-ddb5-4fa4-a97d-d965ccfc6d4b" outcome="Passed" testListId="8c84fa94-04c1-424b-9868-57a2d4851a1d" relativeResultsDirectory="0e53256d-9aa4-4bf9-a1b4-018735f17d18" />
    <UnitTestResult executionId="ebcd964d-cd44-45f4-9e16-26db7f965477" testId="30971562-18c2-709e-97a4-74161badb09c" testName="xUnitTestProject.CurrencyHelperTests.FormatToStringTest1000(price: 28579.14698705503, expected: &quot;28579.15 zł&quot;)" computerName="DESKTOP-5URQ9PB" duration="00:00:00.0000041" startTime="2022-06-13T21:15:49.4680034+02:00" endTime="2022-06-13T21:15:49.4680036+02:00" testType="13cdc9d9-ddb5-4fa4-a97d-d965ccfc6d4b" outcome="Passed" testListId="8c84fa94-04c1-424b-9868-57a2d4851a1d" relativeResultsDirectory="ebcd964d-cd44-45f4-9e16-26db7f965477" />
    <UnitTestResult executionId="3ed79380-54dc-45d3-8628-909c254ee800" testId="a735bc53-5ccf-d2d2-51e4-40be87eec2ab" testName="xUnitTestProject.CurrencyHelperTests.FormatToStringTest1000(price: 28992.38363400166, expected: &quot;28992.38 zł&quot;)" computerName="DESKTOP-5URQ9PB" duration="00:00:00.0000041" startTime="2022-06-13T21:15:49.4262280+02:00" endTime="2022-06-13T21:15:49.4262281+02:00" testType="13cdc9d9-ddb5-4fa4-a97d-d965ccfc6d4b" outcome="Passed" testListId="8c84fa94-04c1-424b-9868-57a2d4851a1d" relativeResultsDirectory="3ed79380-54dc-45d3-8628-909c254ee800" />
    <UnitTestResult executionId="0db1a943-61d4-4585-9722-0595a352247b" testId="0fb54a08-345f-ee29-01d6-61a60fb47ced" testName="xUnitTestProject.CurrencyHelperTests.FormatToStringTest1000(price: 14712.754747761765, expected: &quot;14712.75 zł&quot;)" computerName="DESKTOP-5URQ9PB" duration="00:00:00.0000039" startTime="2022-06-13T21:15:49.4321268+02:00" endTime="2022-06-13T21:15:49.4321272+02:00" testType="13cdc9d9-ddb5-4fa4-a97d-d965ccfc6d4b" outcome="Passed" testListId="8c84fa94-04c1-424b-9868-57a2d4851a1d" relativeResultsDirectory="0db1a943-61d4-4585-9722-0595a352247b" />
    <UnitTestResult executionId="b9f58f9b-f944-4b1b-b2ec-e4a5fa7db775" testId="14379ebb-9dd5-379e-3072-3bfd6770d049" testName="xUnitTestProject.CurrencyHelperTests.FormatToStringTest1000(price: 46166.38051381259, expected: &quot;46166.38 zł&quot;)" computerName="DESKTOP-5URQ9PB" duration="00:00:00.0000040" startTime="2022-06-13T21:15:49.4573567+02:00" endTime="2022-06-13T21:15:49.4573569+02:00" testType="13cdc9d9-ddb5-4fa4-a97d-d965ccfc6d4b" outcome="Passed" testListId="8c84fa94-04c1-424b-9868-57a2d4851a1d" relativeResultsDirectory="b9f58f9b-f944-4b1b-b2ec-e4a5fa7db775" />
    <UnitTestResult executionId="ee92b421-1b26-4bc6-a8ed-cfecf938487a" testId="1d8f4068-0f19-f951-5966-43f32b70fb4f" testName="xUnitTestProject.CurrencyHelperTests.FormatToStringTest1000(price: 63115.864864394935, expected: &quot;63115.86 zł&quot;)" computerName="DESKTOP-5URQ9PB" duration="00:00:00.0000040" startTime="2022-06-13T21:15:49.4395107+02:00" endTime="2022-06-13T21:15:49.4395109+02:00" testType="13cdc9d9-ddb5-4fa4-a97d-d965ccfc6d4b" outcome="Passed" testListId="8c84fa94-04c1-424b-9868-57a2d4851a1d" relativeResultsDirectory="ee92b421-1b26-4bc6-a8ed-cfecf938487a" />
    <UnitTestResult executionId="095870a4-f8e4-403e-877d-dddeb1d9c664" testId="7b2e748c-5793-e1c6-45bc-d5f863686469" testName="xUnitTestProject.CurrencyHelperTests.FormatToStringTest1000(price: 84686.32148464039, expected: &quot;84686.32 zł&quot;)" computerName="DESKTOP-5URQ9PB" duration="00:00:00.0000039" startTime="2022-06-13T21:15:49.4157970+02:00" endTime="2022-06-13T21:15:49.4157971+02:00" testType="13cdc9d9-ddb5-4fa4-a97d-d965ccfc6d4b" outcome="Passed" testListId="8c84fa94-04c1-424b-9868-57a2d4851a1d" relativeResultsDirectory="095870a4-f8e4-403e-877d-dddeb1d9c664" />
    <UnitTestResult executionId="9eba8143-1223-484f-a916-0d8d40fa8d4d" testId="cc7d6c48-2140-f681-276a-ee6d54b1f129" testName="xUnitTestProject.CurrencyHelperTests.FormatToStringTest1000(price: 7076.829971250534, expected: &quot;7076.83 zł&quot;)" computerName="DESKTOP-5URQ9PB" duration="00:00:00.0000039" startTime="2022-06-13T21:15:49.4670991+02:00" endTime="2022-06-13T21:15:49.4670992+02:00" testType="13cdc9d9-ddb5-4fa4-a97d-d965ccfc6d4b" outcome="Passed" testListId="8c84fa94-04c1-424b-9868-57a2d4851a1d" relativeResultsDirectory="9eba8143-1223-484f-a916-0d8d40fa8d4d" />
    <UnitTestResult executionId="78b74e54-53bc-4a93-85c8-0598a4929dc7" testId="d810e333-5279-6858-6f15-bdf834685746" testName="xUnitTestProject.CurrencyHelperTests.FormatToStringTest1000(price: 70581.91150977784, expected: &quot;70581.91 zł&quot;)" computerName="DESKTOP-5URQ9PB" duration="00:00:00.0000039" startTime="2022-06-13T21:15:49.4113945+02:00" endTime="2022-06-13T21:15:49.4113947+02:00" testType="13cdc9d9-ddb5-4fa4-a97d-d965ccfc6d4b" outcome="Passed" testListId="8c84fa94-04c1-424b-9868-57a2d4851a1d" relativeResultsDirectory="78b74e54-53bc-4a93-85c8-0598a4929dc7" />
    <UnitTestResult executionId="18369e68-3e9f-43c0-ae86-4af037b88bf1" testId="a8f82c34-f413-0466-fc76-669da2c23141" testName="xUnitTestProject.CurrencyHelperTests.FormatToStringTest1000(price: 21693.340115174808, expected: &quot;21693.34 zł&quot;)" computerName="DESKTOP-5URQ9PB" duration="00:00:00.0000039" startTime="2022-06-13T21:15:49.4393561+02:00" endTime="2022-06-13T21:15:49.4393563+02:00" testType="13cdc9d9-ddb5-4fa4-a97d-d965ccfc6d4b" outcome="Passed" testListId="8c84fa94-04c1-424b-9868-57a2d4851a1d" relativeResultsDirectory="18369e68-3e9f-43c0-ae86-4af037b88bf1" />
    <UnitTestResult executionId="7e95cb20-0dec-4a51-a3c7-00ff89b85f65" testId="c09fd9f3-56b2-979f-b5dc-a5cbb3bb898a" testName="xUnitTestProject.CurrencyHelperTests.FormatToStringTest1000(price: 32216.686763396807, expected: &quot;32216.69 zł&quot;)" computerName="DESKTOP-5URQ9PB" duration="00:00:00.0000040" startTime="2022-06-13T21:15:49.4070619+02:00" endTime="2022-06-13T21:15:49.4070623+02:00" testType="13cdc9d9-ddb5-4fa4-a97d-d965ccfc6d4b" outcome="Passed" testListId="8c84fa94-04c1-424b-9868-57a2d4851a1d" relativeResultsDirectory="7e95cb20-0dec-4a51-a3c7-00ff89b85f65" />
    <UnitTestResult executionId="48532ecf-adbb-4bf6-b9d1-ee115b3793bb" testId="575b3040-83fc-2437-91d5-9ac3f2af85b4" testName="xUnitTestProject.CurrencyHelperTests.FormatToStringTest1000(price: 10784.438152511344, expected: &quot;10784.44 zł&quot;)" computerName="DESKTOP-5URQ9PB" duration="00:00:00.0000038" startTime="2022-06-13T21:15:49.4393189+02:00" endTime="2022-06-13T21:15:49.4393196+02:00" testType="13cdc9d9-ddb5-4fa4-a97d-d965ccfc6d4b" outcome="Passed" testListId="8c84fa94-04c1-424b-9868-57a2d4851a1d" relativeResultsDirectory="48532ecf-adbb-4bf6-b9d1-ee115b3793bb" />
    <UnitTestResult executionId="f1e1854a-e7e7-486f-b5e8-b3e2deb31174" testId="8e549758-1d04-7bb3-a187-b61fc529196f" testName="xUnitTestProject.CurrencyHelperTests.FormatToStringTest1000(price: 29474.095826699442, expected: &quot;29474.10 zł&quot;)" computerName="DESKTOP-5URQ9PB" duration="00:00:00.0000040" startTime="2022-06-13T21:15:49.4302022+02:00" endTime="2022-06-13T21:15:49.4302024+02:00" testType="13cdc9d9-ddb5-4fa4-a97d-d965ccfc6d4b" outcome="Passed" testListId="8c84fa94-04c1-424b-9868-57a2d4851a1d" relativeResultsDirectory="f1e1854a-e7e7-486f-b5e8-b3e2deb31174" />
    <UnitTestResult executionId="99ce207f-f45e-4648-9a52-ce1b1412fc94" testId="3172308c-0e5e-05a2-a398-90977e0ab705" testName="xUnitTestProject.CurrencyHelperTests.FormatToStringTest1000(price: 3700.029953029021, expected: &quot;3700.03 zł&quot;)" computerName="DESKTOP-5URQ9PB" duration="00:00:00.0000039" startTime="2022-06-13T21:15:49.4052090+02:00" endTime="2022-06-13T21:15:49.4052092+02:00" testType="13cdc9d9-ddb5-4fa4-a97d-d965ccfc6d4b" outcome="Passed" testListId="8c84fa94-04c1-424b-9868-57a2d4851a1d" relativeResultsDirectory="99ce207f-f45e-4648-9a52-ce1b1412fc94" />
    <UnitTestResult executionId="1c1035fe-fa59-4153-a4e0-62c4902172f0" testId="fb7bf331-bde6-9156-c7eb-687415ce01f4" testName="xUnitTestProject.CurrencyHelperTests.FormatToStringTest1000(price: 15129.433864736666, expected: &quot;15129.43 zł&quot;)" computerName="DESKTOP-5URQ9PB" duration="00:00:00.0000041" startTime="2022-06-13T21:15:49.4332090+02:00" endTime="2022-06-13T21:15:49.4332092+02:00" testType="13cdc9d9-ddb5-4fa4-a97d-d965ccfc6d4b" outcome="Passed" testListId="8c84fa94-04c1-424b-9868-57a2d4851a1d" relativeResultsDirectory="1c1035fe-fa59-4153-a4e0-62c4902172f0" />
    <UnitTestResult executionId="0e8e749b-b61e-45a4-ba6c-5494a7bf71ac" testId="fdb8f5e8-aebb-9f4d-e956-1151e0f88117" testName="xUnitTestProject.CurrencyHelperTests.FormatToStringTest1000(price: 14172.682747822573, expected: &quot;14172.68 zł&quot;)" computerName="DESKTOP-5URQ9PB" duration="00:00:00.0000040" startTime="2022-06-13T21:15:49.4444527+02:00" endTime="2022-06-13T21:15:49.4444529+02:00" testType="13cdc9d9-ddb5-4fa4-a97d-d965ccfc6d4b" outcome="Passed" testListId="8c84fa94-04c1-424b-9868-57a2d4851a1d" relativeResultsDirectory="0e8e749b-b61e-45a4-ba6c-5494a7bf71ac" />
    <UnitTestResult executionId="5bfc50ba-8a63-48a0-a2ca-59085cd9ecb8" testId="f34d9844-3970-87ba-1a6d-f7c3b662af09" testName="xUnitTestProject.CurrencyHelperTests.FormatToStringTest1000(price: 10227.532692039169, expected: &quot;10227.53 zł&quot;)" computerName="DESKTOP-5URQ9PB" duration="00:00:00.0000039" startTime="2022-06-13T21:15:49.4083199+02:00" endTime="2022-06-13T21:15:49.4083201+02:00" testType="13cdc9d9-ddb5-4fa4-a97d-d965ccfc6d4b" outcome="Passed" testListId="8c84fa94-04c1-424b-9868-57a2d4851a1d" relativeResultsDirectory="5bfc50ba-8a63-48a0-a2ca-59085cd9ecb8" />
    <UnitTestResult executionId="7de0cb5b-3368-464b-8451-e3625bc553b7" testId="71b5be91-6e3e-5890-08ca-57e68e3990bc" testName="xUnitTestProject.CurrencyHelperTests.FormatToStringTest1000(price: 46607.970025941715, expected: &quot;46607.97 zł&quot;)" computerName="DESKTOP-5URQ9PB" duration="00:00:00.0000040" startTime="2022-06-13T21:15:49.4562294+02:00" endTime="2022-06-13T21:15:49.4562297+02:00" testType="13cdc9d9-ddb5-4fa4-a97d-d965ccfc6d4b" outcome="Passed" testListId="8c84fa94-04c1-424b-9868-57a2d4851a1d" relativeResultsDirectory="7de0cb5b-3368-464b-8451-e3625bc553b7" />
    <UnitTestResult executionId="aa7d8ca0-15f9-4bc3-8805-ad7b395a82b3" testId="41fb6436-3dfd-f2cc-b2c2-3eb1f8450637" testName="xUnitTestProject.CurrencyHelperTests.FormatToStringTest1000(price: 181.3640542483721, expected: &quot;181.36 zł&quot;)" computerName="DESKTOP-5URQ9PB" duration="00:00:00.0000038" startTime="2022-06-13T21:15:49.4845132+02:00" endTime="2022-06-13T21:15:49.4845133+02:00" testType="13cdc9d9-ddb5-4fa4-a97d-d965ccfc6d4b" outcome="Passed" testListId="8c84fa94-04c1-424b-9868-57a2d4851a1d" relativeResultsDirectory="aa7d8ca0-15f9-4bc3-8805-ad7b395a82b3" />
    <UnitTestResult executionId="b6a3a625-6f99-4481-ae80-30eecb5d7963" testId="0af3eea6-5817-a867-a6c4-92fe1e3e316c" testName="xUnitTestProject.CurrencyHelperTests.FormatToStringTest1000(price: 9624.06628225188, expected: &quot;9624.07 zł&quot;)" computerName="DESKTOP-5URQ9PB" duration="00:00:00.0000047" startTime="2022-06-13T21:15:49.4834926+02:00" endTime="2022-06-13T21:15:49.4834927+02:00" testType="13cdc9d9-ddb5-4fa4-a97d-d965ccfc6d4b" outcome="Passed" testListId="8c84fa94-04c1-424b-9868-57a2d4851a1d" relativeResultsDirectory="b6a3a625-6f99-4481-ae80-30eecb5d7963" />
    <UnitTestResult executionId="e913fdaa-d66b-4e96-8c49-d31ad251416b" testId="03249ab3-78a8-f0c2-3edd-fa3544db15c9" testName="xUnitTestProject.CurrencyHelperTests.FormatToStringTest1000(price: 25084.19182667238, expected: &quot;25084.19 zł&quot;)" computerName="DESKTOP-5URQ9PB" duration="00:00:00.0000039" startTime="2022-06-13T21:15:49.4124174+02:00" endTime="2022-06-13T21:15:49.4124176+02:00" testType="13cdc9d9-ddb5-4fa4-a97d-d965ccfc6d4b" outcome="Passed" testListId="8c84fa94-04c1-424b-9868-57a2d4851a1d" relativeResultsDirectory="e913fdaa-d66b-4e96-8c49-d31ad251416b" />
    <UnitTestResult executionId="adc52c6a-fcbc-4e5c-8141-d9842c9e8a73" testId="d633a901-6eef-f5d7-952c-569ae3ddce8f" testName="xUnitTestProject.CurrencyHelperTests.FormatToStringTest1000(price: 18023.78504577455, expected: &quot;18023.79 zł&quot;)" computerName="DESKTOP-5URQ9PB" duration="00:00:00.0000040" startTime="2022-06-13T21:15:49.4679734+02:00" endTime="2022-06-13T21:15:49.4679736+02:00" testType="13cdc9d9-ddb5-4fa4-a97d-d965ccfc6d4b" outcome="Passed" testListId="8c84fa94-04c1-424b-9868-57a2d4851a1d" relativeResultsDirectory="adc52c6a-fcbc-4e5c-8141-d9842c9e8a73" />
    <UnitTestResult executionId="baadd12d-cb0f-4b31-8582-1997b42d0805" testId="caaa55d0-af40-7108-2d48-eb01bc500599" testName="xUnitTestProject.CurrencyHelperTests.FormatToStringTest1000(price: 4823.904478896365, expected: &quot;4823.90 zł&quot;)" computerName="DESKTOP-5URQ9PB" duration="00:00:00.0000038" startTime="2022-06-13T21:15:49.4223515+02:00" endTime="2022-06-13T21:15:49.4223516+02:00" testType="13cdc9d9-ddb5-4fa4-a97d-d965ccfc6d4b" outcome="Passed" testListId="8c84fa94-04c1-424b-9868-57a2d4851a1d" relativeResultsDirectory="baadd12d-cb0f-4b31-8582-1997b42d0805" />
    <UnitTestResult executionId="1dc65567-d30e-419c-8e3c-8fe4e85c9965" testId="5b76fee7-881d-69f4-bb6e-50523ab527c9" testName="xUnitTestProject.CurrencyHelperTests.FormatToStringTest1000(price: 37614.50159416278, expected: &quot;37614.50 zł&quot;)" computerName="DESKTOP-5URQ9PB" duration="00:00:00.0000040" startTime="2022-06-13T21:15:49.4824384+02:00" endTime="2022-06-13T21:15:49.4824385+02:00" testType="13cdc9d9-ddb5-4fa4-a97d-d965ccfc6d4b" outcome="Passed" testListId="8c84fa94-04c1-424b-9868-57a2d4851a1d" relativeResultsDirectory="1dc65567-d30e-419c-8e3c-8fe4e85c9965" />
    <UnitTestResult executionId="d953e38c-e4e5-4be6-9ed5-2014f9de0734" testId="3dca0048-5c2b-c7cd-4eca-6367cfc4f1ca" testName="xUnitTestProject.CurrencyHelperTests.FormatToStringTest1000(price: 6752.510462437062, expected: &quot;6752.51 zł&quot;)" computerName="DESKTOP-5URQ9PB" duration="00:00:00.0000039" startTime="2022-06-13T21:15:49.4670391+02:00" endTime="2022-06-13T21:15:49.4670393+02:00" testType="13cdc9d9-ddb5-4fa4-a97d-d965ccfc6d4b" outcome="Passed" testListId="8c84fa94-04c1-424b-9868-57a2d4851a1d" relativeResultsDirectory="d953e38c-e4e5-4be6-9ed5-2014f9de0734" />
    <UnitTestResult executionId="336ed93d-aa6d-463d-a96d-0eedecaceb06" testId="59fa5d82-f5a4-cb1c-ec41-0422b5d07418" testName="xUnitTestProject.CurrencyHelperTests.FormatToStringTest1000(price: 3846.644792262765, expected: &quot;3846.64 zł&quot;)" computerName="DESKTOP-5URQ9PB" duration="00:00:00.0000039" startTime="2022-06-13T21:15:49.3968800+02:00" endTime="2022-06-13T21:15:49.3968802+02:00" testType="13cdc9d9-ddb5-4fa4-a97d-d965ccfc6d4b" outcome="Passed" testListId="8c84fa94-04c1-424b-9868-57a2d4851a1d" relativeResultsDirectory="336ed93d-aa6d-463d-a96d-0eedecaceb06" />
    <UnitTestResult executionId="d1b93675-8554-453e-a40e-6acc51d77960" testId="2cd343bd-badc-869e-d32e-7b446b74dbcf" testName="xUnitTestProject.CurrencyHelperTests.FormatToStringTest1000(price: 5396.620088554277, expected: &quot;5396.62 zł&quot;)" computerName="DESKTOP-5URQ9PB" duration="00:00:00.0000040" startTime="2022-06-13T21:15:49.4062473+02:00" endTime="2022-06-13T21:15:49.4062474+02:00" testType="13cdc9d9-ddb5-4fa4-a97d-d965ccfc6d4b" outcome="Passed" testListId="8c84fa94-04c1-424b-9868-57a2d4851a1d" relativeResultsDirectory="d1b93675-8554-453e-a40e-6acc51d77960" />
    <UnitTestResult executionId="6e63c688-0df2-4b86-bd62-27014ba067b5" testId="cbfda56e-8c0a-ba07-a0f8-119519aa985c" testName="xUnitTestProject.CurrencyHelperTests.FormatToStringTest1000(price: 37889.10086727193, expected: &quot;37889.10 zł&quot;)" computerName="DESKTOP-5URQ9PB" duration="00:00:00.0000039" startTime="2022-06-13T21:15:49.4029507+02:00" endTime="2022-06-13T21:15:49.4029508+02:00" testType="13cdc9d9-ddb5-4fa4-a97d-d965ccfc6d4b" outcome="Passed" testListId="8c84fa94-04c1-424b-9868-57a2d4851a1d" relativeResultsDirectory="6e63c688-0df2-4b86-bd62-27014ba067b5" />
    <UnitTestResult executionId="0c0ad681-d74a-47f7-b67e-72f784c7c77d" testId="9feffc56-b6c3-64a3-e834-86f62ce8266d" testName="xUnitTestProject.CurrencyHelperTests.FormatToStringTest1000(price: 17953.338243749615, expected: &quot;17953.34 zł&quot;)" computerName="DESKTOP-5URQ9PB" duration="00:00:00.0000039" startTime="2022-06-13T21:15:49.4562942+02:00" endTime="2022-06-13T21:15:49.4562943+02:00" testType="13cdc9d9-ddb5-4fa4-a97d-d965ccfc6d4b" outcome="Passed" testListId="8c84fa94-04c1-424b-9868-57a2d4851a1d" relativeResultsDirectory="0c0ad681-d74a-47f7-b67e-72f784c7c77d" />
    <UnitTestResult executionId="e41978dc-550b-4bc8-9847-9a9b55a47aae" testId="6eb5b91d-aafa-339f-fbef-69ff28a5c36d" testName="xUnitTestProject.CurrencyHelperTests.FormatToStringTest1000(price: 32051.900532446758, expected: &quot;32051.90 zł&quot;)" computerName="DESKTOP-5URQ9PB" duration="00:00:00.0000040" startTime="2022-06-13T21:15:49.4281331+02:00" endTime="2022-06-13T21:15:49.4281333+02:00" testType="13cdc9d9-ddb5-4fa4-a97d-d965ccfc6d4b" outcome="Passed" testListId="8c84fa94-04c1-424b-9868-57a2d4851a1d" relativeResultsDirectory="e41978dc-550b-4bc8-9847-9a9b55a47aae" />
    <UnitTestResult executionId="c8840b77-b8a9-49d7-8dd9-7a4a1053739f" testId="6127c2a7-0d58-b2ca-c80b-3d883558c1c7" testName="xUnitTestProject.CurrencyHelperTests.FormatToStringTest1000(price: 63507.32603545455, expected: &quot;63507.33 zł&quot;)" computerName="DESKTOP-5URQ9PB" duration="00:00:00.0000087" startTime="2022-06-13T21:15:49.4019759+02:00" endTime="2022-06-13T21:15:49.4019761+02:00" testType="13cdc9d9-ddb5-4fa4-a97d-d965ccfc6d4b" outcome="Passed" testListId="8c84fa94-04c1-424b-9868-57a2d4851a1d" relativeResultsDirectory="c8840b77-b8a9-49d7-8dd9-7a4a1053739f" />
    <UnitTestResult executionId="02f3a710-bc50-42e0-8689-095a42c11f50" testId="4b28c4f2-243a-8c78-12a1-344fb80c29cf" testName="xUnitTestProject.CurrencyHelperTests.FormatToStringTest1000(price: 30126.012320622805, expected: &quot;30126.01 zł&quot;)" computerName="DESKTOP-5URQ9PB" duration="00:00:00.0000041" startTime="2022-06-13T21:15:49.4259800+02:00" endTime="2022-06-13T21:15:49.4259804+02:00" testType="13cdc9d9-ddb5-4fa4-a97d-d965ccfc6d4b" outcome="Passed" testListId="8c84fa94-04c1-424b-9868-57a2d4851a1d" relativeResultsDirectory="02f3a710-bc50-42e0-8689-095a42c11f50" />
    <UnitTestResult executionId="eaaedfef-a2ba-4dc6-87e6-b53d7a0fd975" testId="b8787739-4c07-b11a-eff9-c330a8615328" testName="xUnitTestProject.CurrencyHelperTests.FormatToStringTest1000(price: 5855.75080885354, expected: &quot;5855.75 zł&quot;)" computerName="DESKTOP-5URQ9PB" duration="00:00:00.0000040" startTime="2022-06-13T21:15:49.5016857+02:00" endTime="2022-06-13T21:15:49.5016859+02:00" testType="13cdc9d9-ddb5-4fa4-a97d-d965ccfc6d4b" outcome="Passed" testListId="8c84fa94-04c1-424b-9868-57a2d4851a1d" relativeResultsDirectory="eaaedfef-a2ba-4dc6-87e6-b53d7a0fd975" />
    <UnitTestResult executionId="3a827b3e-c2d0-4563-9698-6f1aee6ba01f" testId="584d2955-8662-50b8-9c7a-cb8a910d527d" testName="xUnitTestProject.CurrencyHelperTests.FormatToStringTest1000(price: 12202.860111308684, expected: &quot;12202.86 zł&quot;)" computerName="DESKTOP-5URQ9PB" duration="00:00:00.0000038" startTime="2022-06-13T21:15:49.4901832+02:00" endTime="2022-06-13T21:15:49.4901833+02:00" testType="13cdc9d9-ddb5-4fa4-a97d-d965ccfc6d4b" outcome="Passed" testListId="8c84fa94-04c1-424b-9868-57a2d4851a1d" relativeResultsDirectory="3a827b3e-c2d0-4563-9698-6f1aee6ba01f" />
    <UnitTestResult executionId="b93a4193-135b-4090-bc78-8b40a5cc1506" testId="f308d529-c66b-0a68-1a35-9384b1697bbf" testName="xUnitTestProject.CurrencyHelperTests.FormatToStringTest1000(price: 30807.823896702295, expected: &quot;30807.82 zł&quot;)" computerName="DESKTOP-5URQ9PB" duration="00:00:00.0000041" startTime="2022-06-13T21:15:49.4795099+02:00" endTime="2022-06-13T21:15:49.4795103+02:00" testType="13cdc9d9-ddb5-4fa4-a97d-d965ccfc6d4b" outcome="Passed" testListId="8c84fa94-04c1-424b-9868-57a2d4851a1d" relativeResultsDirectory="b93a4193-135b-4090-bc78-8b40a5cc1506" />
    <UnitTestResult executionId="3c194113-3f4b-4260-9ce3-53509f2fb6dc" testId="31700bf4-6510-c80b-a8c1-214e5c472432" testName="xUnitTestProject.CurrencyHelperTests.FormatToStringTest1000(price: 6676.5680544784145, expected: &quot;6676.57 zł&quot;)" computerName="DESKTOP-5URQ9PB" duration="00:00:00.0000038" startTime="2022-06-13T21:15:49.4102077+02:00" endTime="2022-06-13T21:15:49.4102078+02:00" testType="13cdc9d9-ddb5-4fa4-a97d-d965ccfc6d4b" outcome="Passed" testListId="8c84fa94-04c1-424b-9868-57a2d4851a1d" relativeResultsDirectory="3c194113-3f4b-4260-9ce3-53509f2fb6dc" />
    <UnitTestResult executionId="69f8d2f9-09c9-45ad-b8b9-94f8ca6770bb" testId="f1ddd1cb-937b-c6a5-5626-287e7f18daa2" testName="xUnitTestProject.CurrencyHelperTests.FormatToStringTest1000(price: 1751.1734380625066, expected: &quot;1751.17 zł&quot;)" computerName="DESKTOP-5URQ9PB" duration="00:00:00.0000054" startTime="2022-06-13T21:15:49.3821779+02:00" endTime="2022-06-13T21:15:49.3821781+02:00" testType="13cdc9d9-ddb5-4fa4-a97d-d965ccfc6d4b" outcome="Passed" testListId="8c84fa94-04c1-424b-9868-57a2d4851a1d" relativeResultsDirectory="69f8d2f9-09c9-45ad-b8b9-94f8ca6770bb" />
    <UnitTestResult executionId="32ca29eb-bc15-4920-9674-bdbd07d59b5a" testId="04661d81-bbef-c82f-71cf-dda291897ead" testName="xUnitTestProject.CurrencyHelperTests.FormatToStringTest1000(price: 30578.687538491416, expected: &quot;30578.69 zł&quot;)" computerName="DESKTOP-5URQ9PB" duration="00:00:00.0000040" startTime="2022-06-13T21:15:49.4893355+02:00" endTime="2022-06-13T21:15:49.4893357+02:00" testType="13cdc9d9-ddb5-4fa4-a97d-d965ccfc6d4b" outcome="Passed" testListId="8c84fa94-04c1-424b-9868-57a2d4851a1d" relativeResultsDirectory="32ca29eb-bc15-4920-9674-bdbd07d59b5a" />
    <UnitTestResult executionId="cf31ec7b-d3d7-4b07-a71a-b614b7513dab" testId="c9010c04-7ef0-ce4b-7d42-778e915f5883" testName="xUnitTestProject.CurrencyHelperTests.FormatToStringTest1000(price: 31300.40752580967, expected: &quot;31300.41 zł&quot;)" computerName="DESKTOP-5URQ9PB" duration="00:00:00.0000038" startTime="2022-06-13T21:15:49.4463421+02:00" endTime="2022-06-13T21:15:49.4463422+02:00" testType="13cdc9d9-ddb5-4fa4-a97d-d965ccfc6d4b" outcome="Passed" testListId="8c84fa94-04c1-424b-9868-57a2d4851a1d" relativeResultsDirectory="cf31ec7b-d3d7-4b07-a71a-b614b7513dab" />
    <UnitTestResult executionId="ef0598c2-0a4f-4f0d-bc0a-e1e45e698bb7" testId="185ede31-fab0-85ad-ad6a-a8eab36c8466" testName="xUnitTestProject.CurrencyHelperTests.FormatToStringTest1000(price: 13574.683315038068, expected: &quot;13574.68 zł&quot;)" computerName="DESKTOP-5URQ9PB" duration="00:00:00.0000041" startTime="2022-06-13T21:15:49.4660098+02:00" endTime="2022-06-13T21:15:49.4660099+02:00" testType="13cdc9d9-ddb5-4fa4-a97d-d965ccfc6d4b" outcome="Passed" testListId="8c84fa94-04c1-424b-9868-57a2d4851a1d" relativeResultsDirectory="ef0598c2-0a4f-4f0d-bc0a-e1e45e698bb7" />
    <UnitTestResult executionId="7c694de7-0986-4280-b6b1-a4c673609c7d" testId="9634b23e-736b-8d03-4e65-5819fb03baa5" testName="xUnitTestProject.CurrencyHelperTests.FormatToStringTest1000(price: 11118.620997698335, expected: &quot;11118.62 zł&quot;)" computerName="DESKTOP-5URQ9PB" duration="00:00:00.0000038" startTime="2022-06-13T21:15:49.4174470+02:00" endTime="2022-06-13T21:15:49.4174473+02:00" testType="13cdc9d9-ddb5-4fa4-a97d-d965ccfc6d4b" outcome="Passed" testListId="8c84fa94-04c1-424b-9868-57a2d4851a1d" relativeResultsDirectory="7c694de7-0986-4280-b6b1-a4c673609c7d" />
    <UnitTestResult executionId="9b61f2ff-1914-4ba2-a9c6-346e8b72552f" testId="4b9288d3-23bb-6d5e-ced0-2389f5e0b638" testName="xUnitTestProject.CurrencyHelperTests.FormatToStringTest1000(price: 14910.573044539697, expected: &quot;14910.57 zł&quot;)" computerName="DESKTOP-5URQ9PB" duration="00:00:00.0000039" startTime="2022-06-13T21:15:49.4222919+02:00" endTime="2022-06-13T21:15:49.4222920+02:00" testType="13cdc9d9-ddb5-4fa4-a97d-d965ccfc6d4b" outcome="Passed" testListId="8c84fa94-04c1-424b-9868-57a2d4851a1d" relativeResultsDirectory="9b61f2ff-1914-4ba2-a9c6-346e8b72552f" />
    <UnitTestResult executionId="ba4f3d9f-f340-46e8-ac5f-ce33ce3c7fc0" testId="631aa61c-5891-97bd-8c16-092dfa85bf9b" testName="xUnitTestProject.CurrencyHelperTests.FormatToStringTest1000(price: 35384.637112688106, expected: &quot;35384.64 zł&quot;)" computerName="DESKTOP-5URQ9PB" duration="00:00:00.0000046" startTime="2022-06-13T21:15:49.4787113+02:00" endTime="2022-06-13T21:15:49.4787114+02:00" testType="13cdc9d9-ddb5-4fa4-a97d-d965ccfc6d4b" outcome="Passed" testListId="8c84fa94-04c1-424b-9868-57a2d4851a1d" relativeResultsDirectory="ba4f3d9f-f340-46e8-ac5f-ce33ce3c7fc0" />
    <UnitTestResult executionId="5e69be3e-52f5-44f0-b5d1-c176fc56e63c" testId="0a42a686-a011-6952-a95e-fae33dbe0b19" testName="xUnitTestProject.CurrencyHelperTests.FormatToStringTest1000(price: 26515.80237687929, expected: &quot;26515.80 zł&quot;)" computerName="DESKTOP-5URQ9PB" duration="00:00:00.0000040" startTime="2022-06-13T21:15:49.4893660+02:00" endTime="2022-06-13T21:15:49.4893661+02:00" testType="13cdc9d9-ddb5-4fa4-a97d-d965ccfc6d4b" outcome="Passed" testListId="8c84fa94-04c1-424b-9868-57a2d4851a1d" relativeResultsDirectory="5e69be3e-52f5-44f0-b5d1-c176fc56e63c" />
    <UnitTestResult executionId="43181e90-9e0e-4f38-a794-62b8e795e3ee" testId="248dc14a-7b24-2159-ea3a-30144e961aa7" testName="xUnitTestProject.CurrencyHelperTests.FormatToStringTest1000(price: 48544.390887578666, expected: &quot;48544.39 zł&quot;)" computerName="DESKTOP-5URQ9PB" duration="00:00:00.0000038" startTime="2022-06-13T21:15:49.5135120+02:00" endTime="2022-06-13T21:15:49.5135147+02:00" testType="13cdc9d9-ddb5-4fa4-a97d-d965ccfc6d4b" outcome="Passed" testListId="8c84fa94-04c1-424b-9868-57a2d4851a1d" relativeResultsDirectory="43181e90-9e0e-4f38-a794-62b8e795e3ee" />
    <UnitTestResult executionId="0154f5eb-5b11-4d0b-adc0-79ca891e31ca" testId="b4f18443-22cf-826b-3478-6d5f920e371c" testName="xUnitTestProject.CurrencyHelperTests.FormatToStringTest1000(price: 72659.37876478041, expected: &quot;72659.38 zł&quot;)" computerName="DESKTOP-5URQ9PB" duration="00:00:00.0000036" startTime="2022-06-13T21:15:49.5047130+02:00" endTime="2022-06-13T21:15:49.5047131+02:00" testType="13cdc9d9-ddb5-4fa4-a97d-d965ccfc6d4b" outcome="Passed" testListId="8c84fa94-04c1-424b-9868-57a2d4851a1d" relativeResultsDirectory="0154f5eb-5b11-4d0b-adc0-79ca891e31ca" />
    <UnitTestResult executionId="4cf75ffe-e6cc-4b13-aebe-cc67cf94962d" testId="c6cb5829-9900-78b4-ad40-ce24294fb2f7" testName="xUnitTestProject.CurrencyHelperTests.FormatToStringTest1000(price: 67380.07704875062, expected: &quot;67380.08 zł&quot;)" computerName="DESKTOP-5URQ9PB" duration="00:00:00.0000051" startTime="2022-06-13T21:15:49.4010547+02:00" endTime="2022-06-13T21:15:49.4010548+02:00" testType="13cdc9d9-ddb5-4fa4-a97d-d965ccfc6d4b" outcome="Passed" testListId="8c84fa94-04c1-424b-9868-57a2d4851a1d" relativeResultsDirectory="4cf75ffe-e6cc-4b13-aebe-cc67cf94962d" />
    <UnitTestResult executionId="1148e1d9-5666-4e2c-b405-ed9d4c0ef3fd" testId="37e53818-7fa5-17d7-012c-004f89325673" testName="xUnitTestProject.CurrencyHelperTests.FormatToStringTest1000(price: 6213.265206352466, expected: &quot;6213.27 zł&quot;)" computerName="DESKTOP-5URQ9PB" duration="00:00:00.0000046" startTime="2022-06-13T21:15:49.4778081+02:00" endTime="2022-06-13T21:15:49.4778082+02:00" testType="13cdc9d9-ddb5-4fa4-a97d-d965ccfc6d4b" outcome="Passed" testListId="8c84fa94-04c1-424b-9868-57a2d4851a1d" relativeResultsDirectory="1148e1d9-5666-4e2c-b405-ed9d4c0ef3fd" />
    <UnitTestResult executionId="5d999b11-4f49-48f9-82ae-5893ae42d883" testId="156f5ebd-8a60-46f3-8ac8-18455127849a" testName="xUnitTestProject.CurrencyHelperTests.FormatToStringTest1000(price: 33601.357302459124, expected: &quot;33601.36 zł&quot;)" computerName="DESKTOP-5URQ9PB" duration="00:00:00.0000040" startTime="2022-06-13T21:15:49.4650458+02:00" endTime="2022-06-13T21:15:49.4650459+02:00" testType="13cdc9d9-ddb5-4fa4-a97d-d965ccfc6d4b" outcome="Passed" testListId="8c84fa94-04c1-424b-9868-57a2d4851a1d" relativeResultsDirectory="5d999b11-4f49-48f9-82ae-5893ae42d883" />
    <UnitTestResult executionId="dae165b0-4187-4bca-a2f9-56c40c60acad" testId="783752e7-0a8e-7713-0dfb-eb72f3fc27d6" testName="xUnitTestProject.CurrencyHelperTests.FormatToStringTest1000(price: 47431.868885526375, expected: &quot;47431.87 zł&quot;)" computerName="DESKTOP-5URQ9PB" duration="00:00:00.0000039" startTime="2022-06-13T21:15:49.4184275+02:00" endTime="2022-06-13T21:15:49.4184276+02:00" testType="13cdc9d9-ddb5-4fa4-a97d-d965ccfc6d4b" outcome="Passed" testListId="8c84fa94-04c1-424b-9868-57a2d4851a1d" relativeResultsDirectory="dae165b0-4187-4bca-a2f9-56c40c60acad" />
    <UnitTestResult executionId="a875ec21-eec7-4c93-b36b-3f8b74f1d19d" testId="83c96126-428f-5139-26c1-00806d946a42" testName="xUnitTestProject.CurrencyHelperTests.FormatToStringTest1000(price: 22533.17694295811, expected: &quot;22533.18 zł&quot;)" computerName="DESKTOP-5URQ9PB" duration="00:00:00.0000039" startTime="2022-06-13T21:15:49.4614139+02:00" endTime="2022-06-13T21:15:49.4614140+02:00" testType="13cdc9d9-ddb5-4fa4-a97d-d965ccfc6d4b" outcome="Passed" testListId="8c84fa94-04c1-424b-9868-57a2d4851a1d" relativeResultsDirectory="a875ec21-eec7-4c93-b36b-3f8b74f1d19d" />
    <UnitTestResult executionId="ac2e42b9-d79d-4a49-bda5-4bc08981227e" testId="9e564273-69a8-eaf4-221d-8cb7dd068c7d" testName="xUnitTestProject.CurrencyHelperTests.FormatToStringTest1000(price: 30360.993128030557, expected: &quot;30360.99 zł&quot;)" computerName="DESKTOP-5URQ9PB" duration="00:00:00.0000039" startTime="2022-06-13T21:15:49.4051487+02:00" endTime="2022-06-13T21:15:49.4051488+02:00" testType="13cdc9d9-ddb5-4fa4-a97d-d965ccfc6d4b" outcome="Passed" testListId="8c84fa94-04c1-424b-9868-57a2d4851a1d" relativeResultsDirectory="ac2e42b9-d79d-4a49-bda5-4bc08981227e" />
    <UnitTestResult executionId="383f1ad8-2d77-40c7-be3a-db436becd42b" testId="99085e4f-7a45-28dd-d73e-76b910959f1c" testName="xUnitTestProject.CurrencyHelperTests.FormatToStringTest1000(price: 5759.256266560991, expected: &quot;5759.26 zł&quot;)" computerName="DESKTOP-5URQ9PB" duration="00:00:00.0000040" startTime="2022-06-13T21:15:49.4433237+02:00" endTime="2022-06-13T21:15:49.4433239+02:00" testType="13cdc9d9-ddb5-4fa4-a97d-d965ccfc6d4b" outcome="Passed" testListId="8c84fa94-04c1-424b-9868-57a2d4851a1d" relativeResultsDirectory="383f1ad8-2d77-40c7-be3a-db436becd42b" />
    <UnitTestResult executionId="00257cc6-acd1-459a-a275-9fdbd8bc2015" testId="696d2b08-2b8a-7456-8791-bc3514cd955e" testName="xUnitTestProject.CurrencyHelperTests.FormatToStringTest1000(price: 9431.144757136304, expected: &quot;9431.14 zł&quot;)" computerName="DESKTOP-5URQ9PB" duration="00:00:00.0000037" startTime="2022-06-13T21:15:49.4709788+02:00" endTime="2022-06-13T21:15:49.4709789+02:00" testType="13cdc9d9-ddb5-4fa4-a97d-d965ccfc6d4b" outcome="Passed" testListId="8c84fa94-04c1-424b-9868-57a2d4851a1d" relativeResultsDirectory="00257cc6-acd1-459a-a275-9fdbd8bc2015" />
    <UnitTestResult executionId="296e402d-9d46-4909-9e59-208b8e4ec0f2" testId="020066de-5c14-b477-efe9-293da5e965f0" testName="xUnitTestProject.CurrencyHelperTests.FormatToStringTest1000(price: 28583.827618148098, expected: &quot;28583.83 zł&quot;)" computerName="DESKTOP-5URQ9PB" duration="00:00:00.0000039" startTime="2022-06-13T21:15:49.4364401+02:00" endTime="2022-06-13T21:15:49.4364403+02:00" testType="13cdc9d9-ddb5-4fa4-a97d-d965ccfc6d4b" outcome="Passed" testListId="8c84fa94-04c1-424b-9868-57a2d4851a1d" relativeResultsDirectory="296e402d-9d46-4909-9e59-208b8e4ec0f2" />
    <UnitTestResult executionId="ec4a90f3-d6fd-44d0-b5a2-48e6be2a613c" testId="27c9de3f-c624-ee93-069f-2072d9c30f0a" testName="xUnitTestProject.CurrencyHelperTests.FormatToStringTest1000(price: 1228.101744225296, expected: &quot;1228.10 zł&quot;)" computerName="DESKTOP-5URQ9PB" duration="00:00:00.0000040" startTime="2022-06-13T21:15:49.4968373+02:00" endTime="2022-06-13T21:15:49.4968377+02:00" testType="13cdc9d9-ddb5-4fa4-a97d-d965ccfc6d4b" outcome="Passed" testListId="8c84fa94-04c1-424b-9868-57a2d4851a1d" relativeResultsDirectory="ec4a90f3-d6fd-44d0-b5a2-48e6be2a613c" />
    <UnitTestResult executionId="87d46a9f-fbe3-431d-b221-da44f7391cc9" testId="f03f6860-12a5-6960-814c-3c29d5bd5d06" testName="xUnitTestProject.CurrencyHelperTests.FormatToStringTest1000(price: 17875.613377604455, expected: &quot;17875.61 zł&quot;)" computerName="DESKTOP-5URQ9PB" duration="00:00:00.0000044" startTime="2022-06-13T21:15:49.3907256+02:00" endTime="2022-06-13T21:15:49.3907257+02:00" testType="13cdc9d9-ddb5-4fa4-a97d-d965ccfc6d4b" outcome="Passed" testListId="8c84fa94-04c1-424b-9868-57a2d4851a1d" relativeResultsDirectory="87d46a9f-fbe3-431d-b221-da44f7391cc9" />
    <UnitTestResult executionId="af27e794-3d09-4469-bfef-fcef0438e5da" testId="ec976d73-69f5-3cb8-c94a-fac6ea1343ca" testName="xUnitTestProject.CurrencyHelperTests.FormatToStringTest1000(price: 1649.0127968480872, expected: &quot;1649.01 zł&quot;)" computerName="DESKTOP-5URQ9PB" duration="00:00:00.0000038" startTime="2022-06-13T21:15:49.4524267+02:00" endTime="2022-06-13T21:15:49.4524269+02:00" testType="13cdc9d9-ddb5-4fa4-a97d-d965ccfc6d4b" outcome="Passed" testListId="8c84fa94-04c1-424b-9868-57a2d4851a1d" relativeResultsDirectory="af27e794-3d09-4469-bfef-fcef0438e5da" />
    <UnitTestResult executionId="6a4ba908-16d0-47c0-8dcf-06bff58b970d" testId="ff088bf9-c4c9-daf8-12f7-40d9669dd362" testName="xUnitTestProject.CurrencyHelperTests.FormatToStringTest1000(price: 5628.028273674672, expected: &quot;5628.03 zł&quot;)" computerName="DESKTOP-5URQ9PB" duration="00:00:00.0000039" startTime="2022-06-13T21:15:49.4690962+02:00" endTime="2022-06-13T21:15:49.4690964+02:00" testType="13cdc9d9-ddb5-4fa4-a97d-d965ccfc6d4b" outcome="Passed" testListId="8c84fa94-04c1-424b-9868-57a2d4851a1d" relativeResultsDirectory="6a4ba908-16d0-47c0-8dcf-06bff58b970d" />
    <UnitTestResult executionId="5f72b73b-0753-4c64-b7a3-172ba2c2ec34" testId="c558e0d2-3c06-e002-2aa3-e6624e30de98" testName="xUnitTestProject.CurrencyHelperTests.FormatToStringTest1000(price: 13197.65136269417, expected: &quot;13197.65 zł&quot;)" computerName="DESKTOP-5URQ9PB" duration="00:00:00.0000043" startTime="2022-06-13T21:15:49.4805810+02:00" endTime="2022-06-13T21:15:49.4805811+02:00" testType="13cdc9d9-ddb5-4fa4-a97d-d965ccfc6d4b" outcome="Passed" testListId="8c84fa94-04c1-424b-9868-57a2d4851a1d" relativeResultsDirectory="5f72b73b-0753-4c64-b7a3-172ba2c2ec34" />
    <UnitTestResult executionId="9f3384fd-3ab6-44c6-9798-72a9acebef59" testId="e01a9a2a-2030-6ab9-7db6-efea263590e2" testName="xUnitTestProject.CurrencyHelperTests.FormatToStringTest1000(price: 29796.909338079815, expected: &quot;29796.91 zł&quot;)" computerName="DESKTOP-5URQ9PB" duration="00:00:00.0000082" startTime="2022-06-13T21:15:49.4718396+02:00" endTime="2022-06-13T21:15:49.4718397+02:00" testType="13cdc9d9-ddb5-4fa4-a97d-d965ccfc6d4b" outcome="Passed" testListId="8c84fa94-04c1-424b-9868-57a2d4851a1d" relativeResultsDirectory="9f3384fd-3ab6-44c6-9798-72a9acebef59" />
    <UnitTestResult executionId="98ce3011-31c6-4956-81d7-5333200221bc" testId="4487648c-7b44-bfaa-d7fb-20dd19782f71" testName="xUnitTestProject.CurrencyHelperTests.FormatToStringTest1000(price: 44361.82678515177, expected: &quot;44361.83 zł&quot;)" computerName="DESKTOP-5URQ9PB" duration="00:00:00.0000039" startTime="2022-06-13T21:15:49.4533281+02:00" endTime="2022-06-13T21:15:49.4533285+02:00" testType="13cdc9d9-ddb5-4fa4-a97d-d965ccfc6d4b" outcome="Passed" testListId="8c84fa94-04c1-424b-9868-57a2d4851a1d" relativeResultsDirectory="98ce3011-31c6-4956-81d7-5333200221bc" />
    <UnitTestResult executionId="04b038b3-93f0-4912-9dbf-ab6cf973828f" testId="8b7f95f5-c5ec-10c0-26ff-eb4390bba1ee" testName="xUnitTestProject.CurrencyHelperTests.FormatToStringTest1000(price: 20344.185360967265, expected: &quot;20344.19 zł&quot;)" computerName="DESKTOP-5URQ9PB" duration="00:00:00.0000037" startTime="2022-06-13T21:15:49.5054534+02:00" endTime="2022-06-13T21:15:49.5054535+02:00" testType="13cdc9d9-ddb5-4fa4-a97d-d965ccfc6d4b" outcome="Passed" testListId="8c84fa94-04c1-424b-9868-57a2d4851a1d" relativeResultsDirectory="04b038b3-93f0-4912-9dbf-ab6cf973828f" />
    <UnitTestResult executionId="8c0dfa59-99e2-48b1-9742-a2fba555a6bf" testId="5c957f35-8133-124f-9f1e-c78d4730fe22" testName="xUnitTestProject.CurrencyHelperTests.FormatToStringTest1000(price: 759.247198292635, expected: &quot;759.25 zł&quot;)" computerName="DESKTOP-5URQ9PB" duration="00:00:00.0000038" startTime="2022-06-13T21:15:49.4394495+02:00" endTime="2022-06-13T21:15:49.4394496+02:00" testType="13cdc9d9-ddb5-4fa4-a97d-d965ccfc6d4b" outcome="Passed" testListId="8c84fa94-04c1-424b-9868-57a2d4851a1d" relativeResultsDirectory="8c0dfa59-99e2-48b1-9742-a2fba555a6bf" />
    <UnitTestResult executionId="4ec3572d-d50f-422b-a983-534fc1b22721" testId="186c8c1a-303f-5daa-ee87-7bdde9795321" testName="xUnitTestProject.CurrencyHelperTests.FormatToStringTest1000(price: 2975.6892256134606, expected: &quot;2975.69 zł&quot;)" computerName="DESKTOP-5URQ9PB" duration="00:00:00.0000039" startTime="2022-06-13T21:15:49.4260140+02:00" endTime="2022-06-13T21:15:49.4260141+02:00" testType="13cdc9d9-ddb5-4fa4-a97d-d965ccfc6d4b" outcome="Passed" testListId="8c84fa94-04c1-424b-9868-57a2d4851a1d" relativeResultsDirectory="4ec3572d-d50f-422b-a983-534fc1b22721" />
    <UnitTestResult executionId="c5ea6c88-0dab-400a-96f6-99709771b3d1" testId="7a86c51e-006c-a65e-34c9-ff3a6b2ed4b5" testName="xUnitTestProject.CurrencyHelperTests.FormatToStringTest1000(price: 50644.690874327294, expected: &quot;50644.69 zł&quot;)" computerName="DESKTOP-5URQ9PB" duration="00:00:00.0000040" startTime="2022-06-13T21:15:49.4591936+02:00" endTime="2022-06-13T21:15:49.4591938+02:00" testType="13cdc9d9-ddb5-4fa4-a97d-d965ccfc6d4b" outcome="Passed" testListId="8c84fa94-04c1-424b-9868-57a2d4851a1d" relativeResultsDirectory="c5ea6c88-0dab-400a-96f6-99709771b3d1" />
    <UnitTestResult executionId="8320906b-0599-470a-846c-a8eb27b67f39" testId="80a4940d-875d-f4f0-bd6e-0d3aab9861cb" testName="xUnitTestProject.CurrencyHelperTests.FormatToStringTest1000(price: 60701.5177499319, expected: &quot;60701.52 zł&quot;)" computerName="DESKTOP-5URQ9PB" duration="00:00:00.0000040" startTime="2022-06-13T21:15:49.4009340+02:00" endTime="2022-06-13T21:15:49.4009342+02:00" testType="13cdc9d9-ddb5-4fa4-a97d-d965ccfc6d4b" outcome="Passed" testListId="8c84fa94-04c1-424b-9868-57a2d4851a1d" relativeResultsDirectory="8320906b-0599-470a-846c-a8eb27b67f39" />
    <UnitTestResult executionId="f888c13c-152b-42db-b8ce-924e22c675f6" testId="c8c9567a-0791-4ff6-39a0-7fa2a22ff301" testName="xUnitTestProject.CurrencyHelperTests.FormatToStringTest1000(price: 29845.02749849345, expected: &quot;29845.03 zł&quot;)" computerName="DESKTOP-5URQ9PB" duration="00:00:00.0000040" startTime="2022-06-13T21:15:49.5027156+02:00" endTime="2022-06-13T21:15:49.5027158+02:00" testType="13cdc9d9-ddb5-4fa4-a97d-d965ccfc6d4b" outcome="Passed" testListId="8c84fa94-04c1-424b-9868-57a2d4851a1d" relativeResultsDirectory="f888c13c-152b-42db-b8ce-924e22c675f6" />
    <UnitTestResult executionId="3ba4e990-402b-4969-a823-a6a87ee772ae" testId="72e1721e-ca6c-63c9-59ef-8aef6ff15353" testName="xUnitTestProject.CurrencyHelperTests.FormatToStringTest1000(price: 13541.45472935096, expected: &quot;13541.45 zł&quot;)" computerName="DESKTOP-5URQ9PB" duration="00:00:00.0000038" startTime="2022-06-13T21:15:49.4331395+02:00" endTime="2022-06-13T21:15:49.4331399+02:00" testType="13cdc9d9-ddb5-4fa4-a97d-d965ccfc6d4b" outcome="Passed" testListId="8c84fa94-04c1-424b-9868-57a2d4851a1d" relativeResultsDirectory="3ba4e990-402b-4969-a823-a6a87ee772ae" />
    <UnitTestResult executionId="1795cd99-8bc4-4aec-b88b-8f42a4a687c8" testId="83af6274-cbc6-0821-9d1c-d71c57f5ac71" testName="xUnitTestProject.CurrencyHelperTests.FormatToStringTest1000(price: 2298.0331723829886, expected: &quot;2298.03 zł&quot;)" computerName="DESKTOP-5URQ9PB" duration="00:00:00.0000039" startTime="2022-06-13T21:15:49.3977733+02:00" endTime="2022-06-13T21:15:49.3977735+02:00" testType="13cdc9d9-ddb5-4fa4-a97d-d965ccfc6d4b" outcome="Passed" testListId="8c84fa94-04c1-424b-9868-57a2d4851a1d" relativeResultsDirectory="1795cd99-8bc4-4aec-b88b-8f42a4a687c8" />
    <UnitTestResult executionId="0ecd231b-f95c-4528-88fb-e008c2f71e85" testId="4608b597-f016-aaeb-6cec-43c6a698815f" testName="xUnitTestProject.CurrencyHelperTests.FormatToStringTest1000(price: 10495.622655484185, expected: &quot;10495.62 zł&quot;)" computerName="DESKTOP-5URQ9PB" duration="00:00:00.0000038" startTime="2022-06-13T21:15:49.4124475+02:00" endTime="2022-06-13T21:15:49.4124476+02:00" testType="13cdc9d9-ddb5-4fa4-a97d-d965ccfc6d4b" outcome="Passed" testListId="8c84fa94-04c1-424b-9868-57a2d4851a1d" relativeResultsDirectory="0ecd231b-f95c-4528-88fb-e008c2f71e85" />
    <UnitTestResult executionId="a2e785d8-a8b0-49e4-bf68-8631b0903221" testId="5f1f475f-1270-641d-7d41-d4acd777aabd" testName="xUnitTestProject.CurrencyHelperTests.FormatToStringTest1000(price: 7813.027778348433, expected: &quot;7813.03 zł&quot;)" computerName="DESKTOP-5URQ9PB" duration="00:00:00.0000045" startTime="2022-06-13T21:15:49.3823128+02:00" endTime="2022-06-13T21:15:49.3823130+02:00" testType="13cdc9d9-ddb5-4fa4-a97d-d965ccfc6d4b" outcome="Passed" testListId="8c84fa94-04c1-424b-9868-57a2d4851a1d" relativeResultsDirectory="a2e785d8-a8b0-49e4-bf68-8631b0903221" />
    <UnitTestResult executionId="0c894d70-dfdd-4896-8ce4-adef4975dc58" testId="d2ca44f4-b0fb-ea99-f88d-5612fe812eb3" testName="xUnitTestProject.CurrencyHelperTests.FormatToStringTest1000(price: 10457.593086045978, expected: &quot;10457.59 zł&quot;)" computerName="DESKTOP-5URQ9PB" duration="00:00:00.0000039" startTime="2022-06-13T21:15:49.4949227+02:00" endTime="2022-06-13T21:15:49.4949231+02:00" testType="13cdc9d9-ddb5-4fa4-a97d-d965ccfc6d4b" outcome="Passed" testListId="8c84fa94-04c1-424b-9868-57a2d4851a1d" relativeResultsDirectory="0c894d70-dfdd-4896-8ce4-adef4975dc58" />
    <UnitTestResult executionId="f69b4ffb-d529-4845-81e6-8cc8fb0b6b9c" testId="ca7cf147-8883-8578-944a-0bb9c4bca4f5" testName="xUnitTestProject.CurrencyHelperTests.FormatToStringTest1000(price: 47393.54939526671, expected: &quot;47393.55 zł&quot;)" computerName="DESKTOP-5URQ9PB" duration="00:00:00.0000040" startTime="2022-06-13T21:15:49.3928406+02:00" endTime="2022-06-13T21:15:49.3928407+02:00" testType="13cdc9d9-ddb5-4fa4-a97d-d965ccfc6d4b" outcome="Passed" testListId="8c84fa94-04c1-424b-9868-57a2d4851a1d" relativeResultsDirectory="f69b4ffb-d529-4845-81e6-8cc8fb0b6b9c" />
    <UnitTestResult executionId="1a9a1fc7-a5ac-4a37-acc4-6f2ba4256261" testId="e3eba5d2-93a0-e22e-731e-ed52218ff16c" testName="xUnitTestProject.CurrencyHelperTests.FormatToStringTest1000(price: 918.1842976688334, expected: &quot;918.18 zł&quot;)" computerName="DESKTOP-5URQ9PB" duration="00:00:00.0000039" startTime="2022-06-13T21:15:49.4051794+02:00" endTime="2022-06-13T21:15:49.4051795+02:00" testType="13cdc9d9-ddb5-4fa4-a97d-d965ccfc6d4b" outcome="Passed" testListId="8c84fa94-04c1-424b-9868-57a2d4851a1d" relativeResultsDirectory="1a9a1fc7-a5ac-4a37-acc4-6f2ba4256261" />
    <UnitTestResult executionId="25f18cec-b60a-4d4c-bee7-d2498381dbaf" testId="58fbd806-2ce4-1de9-b5f6-010d0ee1cbfa" testName="xUnitTestProject.CurrencyHelperTests.FormatToStringTest1000(price: 23023.74724929768, expected: &quot;23023.75 zł&quot;)" computerName="DESKTOP-5URQ9PB" duration="00:00:00.0000041" startTime="2022-06-13T21:15:49.3968500+02:00" endTime="2022-06-13T21:15:49.3968501+02:00" testType="13cdc9d9-ddb5-4fa4-a97d-d965ccfc6d4b" outcome="Passed" testListId="8c84fa94-04c1-424b-9868-57a2d4851a1d" relativeResultsDirectory="25f18cec-b60a-4d4c-bee7-d2498381dbaf" />
    <UnitTestResult executionId="a7bf1c2e-b48a-40f2-91d1-b6f44bdad770" testId="1a5071af-adad-5910-41be-cb866364cc7d" testName="xUnitTestProject.CurrencyHelperTests.FormatToStringTest1000(price: 46790.41011887715, expected: &quot;46790.41 zł&quot;)" computerName="DESKTOP-5URQ9PB" duration="00:00:00.0000039" startTime="2022-06-13T21:15:49.4651361+02:00" endTime="2022-06-13T21:15:49.4651362+02:00" testType="13cdc9d9-ddb5-4fa4-a97d-d965ccfc6d4b" outcome="Passed" testListId="8c84fa94-04c1-424b-9868-57a2d4851a1d" relativeResultsDirectory="a7bf1c2e-b48a-40f2-91d1-b6f44bdad770" />
    <UnitTestResult executionId="7523e973-51d1-4748-95da-37f2050d3038" testId="a1a0e8aa-488b-d813-0baf-a61aa194c928" testName="xUnitTestProject.CurrencyHelperTests.FormatToStringTest1000(price: 32359.431438434138, expected: &quot;32359.43 zł&quot;)" computerName="DESKTOP-5URQ9PB" duration="00:00:00.0000039" startTime="2022-06-13T21:15:49.3926841+02:00" endTime="2022-06-13T21:15:49.3926846+02:00" testType="13cdc9d9-ddb5-4fa4-a97d-d965ccfc6d4b" outcome="Passed" testListId="8c84fa94-04c1-424b-9868-57a2d4851a1d" relativeResultsDirectory="7523e973-51d1-4748-95da-37f2050d3038" />
    <UnitTestResult executionId="6d5430c9-2380-441c-8803-51afe8d359e2" testId="5a63d239-8af4-ff24-ef04-165e809fc0f0" testName="xUnitTestProject.CurrencyHelperTests.FormatToStringTest1000(price: 13503.943645929892, expected: &quot;13503.94 zł&quot;)" computerName="DESKTOP-5URQ9PB" duration="00:00:00.0000039" startTime="2022-06-13T21:15:49.4863415+02:00" endTime="2022-06-13T21:15:49.4863417+02:00" testType="13cdc9d9-ddb5-4fa4-a97d-d965ccfc6d4b" outcome="Passed" testListId="8c84fa94-04c1-424b-9868-57a2d4851a1d" relativeResultsDirectory="6d5430c9-2380-441c-8803-51afe8d359e2" />
    <UnitTestResult executionId="fa1ebe44-f4e5-4082-85a6-c2d536956474" testId="0ce41b19-5488-6227-82d4-578fa8558f1f" testName="xUnitTestProject.CurrencyHelperTests.FormatToStringTest1000(price: 14063.90676654871, expected: &quot;14063.91 zł&quot;)" computerName="DESKTOP-5URQ9PB" duration="00:00:00.0000040" startTime="2022-06-13T21:15:49.4718098+02:00" endTime="2022-06-13T21:15:49.4718100+02:00" testType="13cdc9d9-ddb5-4fa4-a97d-d965ccfc6d4b" outcome="Passed" testListId="8c84fa94-04c1-424b-9868-57a2d4851a1d" relativeResultsDirectory="fa1ebe44-f4e5-4082-85a6-c2d536956474" />
    <UnitTestResult executionId="a9fdf1a5-ef2c-4a0b-b797-178466841c62" testId="c61ee3ae-8895-24a4-03be-5c9acbad429f" testName="xUnitTestProject.CurrencyHelperTests.FormatToStringTest1000(price: 20146.183073329827, expected: &quot;20146.18 zł&quot;)" computerName="DESKTOP-5URQ9PB" duration="00:00:00.0000038" startTime="2022-06-13T21:15:49.4969627+02:00" endTime="2022-06-13T21:15:49.4969628+02:00" testType="13cdc9d9-ddb5-4fa4-a97d-d965ccfc6d4b" outcome="Passed" testListId="8c84fa94-04c1-424b-9868-57a2d4851a1d" relativeResultsDirectory="a9fdf1a5-ef2c-4a0b-b797-178466841c62" />
    <UnitTestResult executionId="934871bd-6b47-4837-8895-23b674c09536" testId="163fd586-92aa-6f23-9cea-f9c152d7d771" testName="xUnitTestProject.CurrencyHelperTests.FormatToStringTest1000(price: 75214.75000876503, expected: &quot;75214.75 zł&quot;)" computerName="DESKTOP-5URQ9PB" duration="00:00:00.0000041" startTime="2022-06-13T21:15:49.3938421+02:00" endTime="2022-06-13T21:15:49.3938422+02:00" testType="13cdc9d9-ddb5-4fa4-a97d-d965ccfc6d4b" outcome="Passed" testListId="8c84fa94-04c1-424b-9868-57a2d4851a1d" relativeResultsDirectory="934871bd-6b47-4837-8895-23b674c09536" />
    <UnitTestResult executionId="de2e4907-8fed-46a3-ada8-9be2d4794bac" testId="6590b071-f8b2-e4e3-3b40-027135dfc051" testName="xUnitTestProject.CurrencyHelperTests.FormatToStringTest1000(price: 62975.496334776515, expected: &quot;62975.50 zł&quot;)" computerName="DESKTOP-5URQ9PB" duration="00:00:00.0000041" startTime="2022-06-13T21:15:49.4175766+02:00" endTime="2022-06-13T21:15:49.4175767+02:00" testType="13cdc9d9-ddb5-4fa4-a97d-d965ccfc6d4b" outcome="Passed" testListId="8c84fa94-04c1-424b-9868-57a2d4851a1d" relativeResultsDirectory="de2e4907-8fed-46a3-ada8-9be2d4794bac" />
    <UnitTestResult executionId="43b79df8-418e-41a0-ac7c-43313a94ca8d" testId="a9730862-4522-ad92-1efa-cb822a9c946d" testName="xUnitTestProject.CurrencyHelperTests.FormatToStringTest1000(price: 64490.52771614982, expected: &quot;64490.53 zł&quot;)" computerName="DESKTOP-5URQ9PB" duration="00:00:00.0000045" startTime="2022-06-13T21:15:49.4911591+02:00" endTime="2022-06-13T21:15:49.4911592+02:00" testType="13cdc9d9-ddb5-4fa4-a97d-d965ccfc6d4b" outcome="Passed" testListId="8c84fa94-04c1-424b-9868-57a2d4851a1d" relativeResultsDirectory="43b79df8-418e-41a0-ac7c-43313a94ca8d" />
    <UnitTestResult executionId="e9e6ee9e-792d-4df9-a5f3-1975af5ac87c" testId="bfdd6bca-a34f-47f5-eae8-5d12e496bd00" testName="xUnitTestProject.CurrencyHelperTests.FormatToStringTest1000(price: 22197.731451777618, expected: &quot;22197.73 zł&quot;)" computerName="DESKTOP-5URQ9PB" duration="00:00:00.0000040" startTime="2022-06-13T21:15:49.4432616+02:00" endTime="2022-06-13T21:15:49.4432617+02:00" testType="13cdc9d9-ddb5-4fa4-a97d-d965ccfc6d4b" outcome="Passed" testListId="8c84fa94-04c1-424b-9868-57a2d4851a1d" relativeResultsDirectory="e9e6ee9e-792d-4df9-a5f3-1975af5ac87c" />
    <UnitTestResult executionId="26f881c0-fadd-4a8c-9b0c-5e2d7c6a0a1e" testId="3fa92d95-7719-c247-fd7d-28cef4c98170" testName="xUnitTestProject.CurrencyHelperTests.FormatToStringTest1000(price: 9628.688698104437, expected: &quot;9628.69 zł&quot;)" computerName="DESKTOP-5URQ9PB" duration="00:00:00.0000041" startTime="2022-06-13T21:15:49.4631544+02:00" endTime="2022-06-13T21:15:49.4631545+02:00" testType="13cdc9d9-ddb5-4fa4-a97d-d965ccfc6d4b" outcome="Passed" testListId="8c84fa94-04c1-424b-9868-57a2d4851a1d" relativeResultsDirectory="26f881c0-fadd-4a8c-9b0c-5e2d7c6a0a1e" />
    <UnitTestResult executionId="86c11cc9-9965-4b42-8e4a-3516a45b455d" testId="b7a54b06-1426-b0d1-c148-d7f5ca4a408c" testName="xUnitTestProject.CurrencyHelperTests.FormatToStringTest1000(price: 7726.0074454499445, expected: &quot;7726.01 zł&quot;)" computerName="DESKTOP-5URQ9PB" duration="00:00:00.0000039" startTime="2022-06-13T21:15:49.4155375+02:00" endTime="2022-06-13T21:15:49.4155380+02:00" testType="13cdc9d9-ddb5-4fa4-a97d-d965ccfc6d4b" outcome="Passed" testListId="8c84fa94-04c1-424b-9868-57a2d4851a1d" relativeResultsDirectory="86c11cc9-9965-4b42-8e4a-3516a45b455d" />
    <UnitTestResult executionId="8fe9b705-e36f-4718-b446-556f5801206c" testId="06022d11-491a-4f0d-4482-3457e9003d33" testName="xUnitTestProject.CurrencyHelperTests.FormatToStringTest1000(price: 31424.298858482067, expected: &quot;31424.30 zł&quot;)" computerName="DESKTOP-5URQ9PB" duration="00:00:00.0000051" startTime="2022-06-13T21:15:49.4261981+02:00" endTime="2022-06-13T21:15:49.4261982+02:00" testType="13cdc9d9-ddb5-4fa4-a97d-d965ccfc6d4b" outcome="Passed" testListId="8c84fa94-04c1-424b-9868-57a2d4851a1d" relativeResultsDirectory="8fe9b705-e36f-4718-b446-556f5801206c" />
    <UnitTestResult executionId="26b6c75f-945c-4153-a670-30a6256cdd4c" testId="ed2134d1-cccc-7594-ff4e-6670ac477e6f" testName="xUnitTestProject.CurrencyHelperTests.FormatToStringTest1000(price: 51529.79033960206, expected: &quot;51529.79 zł&quot;)" computerName="DESKTOP-5URQ9PB" duration="00:00:00.0000039" startTime="2022-06-13T21:15:49.4222316+02:00" endTime="2022-06-13T21:15:49.4222317+02:00" testType="13cdc9d9-ddb5-4fa4-a97d-d965ccfc6d4b" outcome="Passed" testListId="8c84fa94-04c1-424b-9868-57a2d4851a1d" relativeResultsDirectory="26b6c75f-945c-4153-a670-30a6256cdd4c" />
    <UnitTestResult executionId="ea585c2f-138a-4fb8-a4d3-13f533077cd0" testId="847ca950-a5c5-d084-8e4e-ab9e67678604" testName="xUnitTestProject.CurrencyHelperTests.FormatToStringTest1000(price: 1300.9430775404642, expected: &quot;1300.94 zł&quot;)" computerName="DESKTOP-5URQ9PB" duration="00:00:00.0000041" startTime="2022-06-13T21:15:49.3906944+02:00" endTime="2022-06-13T21:15:49.3906946+02:00" testType="13cdc9d9-ddb5-4fa4-a97d-d965ccfc6d4b" outcome="Passed" testListId="8c84fa94-04c1-424b-9868-57a2d4851a1d" relativeResultsDirectory="ea585c2f-138a-4fb8-a4d3-13f533077cd0" />
    <UnitTestResult executionId="950daa9c-a21b-40a5-846a-c9af928d8ca9" testId="abb4aad3-77db-7359-08fe-5197066f13be" testName="xUnitTestProject.CurrencyHelperTests.FormatToStringTest1000(price: 79339.95632144621, expected: &quot;79339.96 zł&quot;)" computerName="DESKTOP-5URQ9PB" duration="00:00:00.0000038" startTime="2022-06-13T21:15:49.5025941+02:00" endTime="2022-06-13T21:15:49.5025943+02:00" testType="13cdc9d9-ddb5-4fa4-a97d-d965ccfc6d4b" outcome="Passed" testListId="8c84fa94-04c1-424b-9868-57a2d4851a1d" relativeResultsDirectory="950daa9c-a21b-40a5-846a-c9af928d8ca9" />
    <UnitTestResult executionId="df2f8f95-42d6-4dc7-a3f3-00549a84abbb" testId="bea51f53-59a0-d933-da38-7b5730c49072" testName="xUnitTestProject.CurrencyHelperTests.FormatToStringTest1000(price: 36047.83545033672, expected: &quot;36047.84 zł&quot;)" computerName="DESKTOP-5URQ9PB" duration="00:00:00.0000041" startTime="2022-06-13T21:15:49.4240890+02:00" endTime="2022-06-13T21:15:49.4240891+02:00" testType="13cdc9d9-ddb5-4fa4-a97d-d965ccfc6d4b" outcome="Passed" testListId="8c84fa94-04c1-424b-9868-57a2d4851a1d" relativeResultsDirectory="df2f8f95-42d6-4dc7-a3f3-00549a84abbb" />
    <UnitTestResult executionId="149c6745-1a91-45fc-9cdf-62782c3d45da" testId="03e8826c-20fc-cadf-51a4-fe54882f4740" testName="xUnitTestProject.CurrencyHelperTests.FormatToStringTest1000(price: 42728.35751444258, expected: &quot;42728.36 zł&quot;)" computerName="DESKTOP-5URQ9PB" duration="00:00:00.0000037" startTime="2022-06-13T21:15:49.4372205+02:00" endTime="2022-06-13T21:15:49.4372206+02:00" testType="13cdc9d9-ddb5-4fa4-a97d-d965ccfc6d4b" outcome="Passed" testListId="8c84fa94-04c1-424b-9868-57a2d4851a1d" relativeResultsDirectory="149c6745-1a91-45fc-9cdf-62782c3d45da" />
    <UnitTestResult executionId="91fd2328-a379-4666-88bd-0e3420d48a15" testId="53367b44-34c3-c14f-ebad-d28df1741450" testName="xUnitTestProject.CurrencyHelperTests.FormatToStringTest1000(price: 5507.360659962688, expected: &quot;5507.36 zł&quot;)" computerName="DESKTOP-5URQ9PB" duration="00:00:00.0000040" startTime="2022-06-13T21:15:49.4071264+02:00" endTime="2022-06-13T21:15:49.4071266+02:00" testType="13cdc9d9-ddb5-4fa4-a97d-d965ccfc6d4b" outcome="Passed" testListId="8c84fa94-04c1-424b-9868-57a2d4851a1d" relativeResultsDirectory="91fd2328-a379-4666-88bd-0e3420d48a15" />
    <UnitTestResult executionId="c27f0424-af2f-4ad8-a345-5051e122984b" testId="26c85a86-1383-9737-58c9-22fa784f7da5" testName="xUnitTestProject.CurrencyHelperTests.FormatToStringTest1000(price: 30020.248557890412, expected: &quot;30020.25 zł&quot;)" computerName="DESKTOP-5URQ9PB" duration="00:00:00.0000048" startTime="2022-06-13T21:15:49.4516272+02:00" endTime="2022-06-13T21:15:49.4516273+02:00" testType="13cdc9d9-ddb5-4fa4-a97d-d965ccfc6d4b" outcome="Passed" testListId="8c84fa94-04c1-424b-9868-57a2d4851a1d" relativeResultsDirectory="c27f0424-af2f-4ad8-a345-5051e122984b" />
    <UnitTestResult executionId="b2f496ff-91a4-4f37-b1bb-8032915ef067" testId="4637cc44-56b0-2010-e4d2-4d7d6320ef09" testName="xUnitTestProject.CurrencyHelperTests.FormatToStringTest1000(price: 46391.661094229516, expected: &quot;46391.66 zł&quot;)" computerName="DESKTOP-5URQ9PB" duration="00:00:00.0000041" startTime="2022-06-13T21:15:49.5117551+02:00" endTime="2022-06-13T21:15:49.5117582+02:00" testType="13cdc9d9-ddb5-4fa4-a97d-d965ccfc6d4b" outcome="Passed" testListId="8c84fa94-04c1-424b-9868-57a2d4851a1d" relativeResultsDirectory="b2f496ff-91a4-4f37-b1bb-8032915ef067" />
    <UnitTestResult executionId="e0740577-9068-4286-b112-9831426e8996" testId="b93fddec-5e00-a1c1-fc16-4882d018fd04" testName="xUnitTestProject.CurrencyHelperTests.FormatToStringTest1000(price: 54678.59301593089, expected: &quot;54678.59 zł&quot;)" computerName="DESKTOP-5URQ9PB" duration="00:00:00.0000037" startTime="2022-06-13T21:15:49.4323156+02:00" endTime="2022-06-13T21:15:49.4323157+02:00" testType="13cdc9d9-ddb5-4fa4-a97d-d965ccfc6d4b" outcome="Passed" testListId="8c84fa94-04c1-424b-9868-57a2d4851a1d" relativeResultsDirectory="e0740577-9068-4286-b112-9831426e8996" />
    <UnitTestResult executionId="8e95c09e-8115-454d-b59b-06f3e1e56a8b" testId="bfbcecbb-ebb0-4cc4-ba14-4fec10bfe400" testName="xUnitTestProject.CurrencyHelperTests.FormatToStringTest1000(price: 6544.213759255695, expected: &quot;6544.21 zł&quot;)" computerName="DESKTOP-5URQ9PB" duration="00:00:00.0000040" startTime="2022-06-13T21:15:49.3988533+02:00" endTime="2022-06-13T21:15:49.3988535+02:00" testType="13cdc9d9-ddb5-4fa4-a97d-d965ccfc6d4b" outcome="Passed" testListId="8c84fa94-04c1-424b-9868-57a2d4851a1d" relativeResultsDirectory="8e95c09e-8115-454d-b59b-06f3e1e56a8b" />
    <UnitTestResult executionId="0db928dc-98dc-4ceb-bf53-3d47e4ed2492" testId="fe35c71e-d9ed-258c-2105-0adfcd0d495e" testName="xUnitTestProject.CurrencyHelperTests.FormatToStringTest1000(price: 2992.6161168593057, expected: &quot;2992.62 zł&quot;)" computerName="DESKTOP-5URQ9PB" duration="00:00:00.0000039" startTime="2022-06-13T21:15:49.4855354+02:00" endTime="2022-06-13T21:15:49.4855355+02:00" testType="13cdc9d9-ddb5-4fa4-a97d-d965ccfc6d4b" outcome="Passed" testListId="8c84fa94-04c1-424b-9868-57a2d4851a1d" relativeResultsDirectory="0db928dc-98dc-4ceb-bf53-3d47e4ed2492" />
    <UnitTestResult executionId="74acab8d-01e6-4c66-9446-9d851a52771e" testId="aaa9e076-e199-e522-2c08-1bd206c5f6e7" testName="xUnitTestProject.CurrencyHelperTests.FormatToStringTest1000(price: 23120.169499649743, expected: &quot;23120.17 zł&quot;)" computerName="DESKTOP-5URQ9PB" duration="00:00:00.0000041" startTime="2022-06-13T21:15:49.4534240+02:00" endTime="2022-06-13T21:15:49.4534241+02:00" testType="13cdc9d9-ddb5-4fa4-a97d-d965ccfc6d4b" outcome="Passed" testListId="8c84fa94-04c1-424b-9868-57a2d4851a1d" relativeResultsDirectory="74acab8d-01e6-4c66-9446-9d851a52771e" />
    <UnitTestResult executionId="4fbe13fb-bf95-4423-a9c7-8f1d1d663998" testId="eaf0b15c-0fc1-b6e6-caad-e11eeb0c7fda" testName="xUnitTestProject.CurrencyHelperTests.FormatToStringTest1000(price: 19796.212103914568, expected: &quot;19796.21 zł&quot;)" computerName="DESKTOP-5URQ9PB" duration="00:00:00.0000048" startTime="2022-06-13T21:15:49.4623751+02:00" endTime="2022-06-13T21:15:49.4623753+02:00" testType="13cdc9d9-ddb5-4fa4-a97d-d965ccfc6d4b" outcome="Passed" testListId="8c84fa94-04c1-424b-9868-57a2d4851a1d" relativeResultsDirectory="4fbe13fb-bf95-4423-a9c7-8f1d1d663998" />
    <UnitTestResult executionId="9b78ca03-36e0-426b-abe2-2f8500d49d71" testId="567ca57c-5cc0-0e6c-fd41-e20b10f40469" testName="xUnitTestProject.CurrencyHelperTests.FormatToStringTest1000(price: 6890.028458985514, expected: &quot;6890.03 zł&quot;)" computerName="DESKTOP-5URQ9PB" duration="00:00:00.0000039" startTime="2022-06-13T21:15:49.5119454+02:00" endTime="2022-06-13T21:15:49.5119477+02:00" testType="13cdc9d9-ddb5-4fa4-a97d-d965ccfc6d4b" outcome="Passed" testListId="8c84fa94-04c1-424b-9868-57a2d4851a1d" relativeResultsDirectory="9b78ca03-36e0-426b-abe2-2f8500d49d71" />
    <UnitTestResult executionId="ebebc0c3-fbbe-47c8-ab28-c9ec4c4b2645" testId="598d9a80-ba03-040c-39ba-536b5b6632f4" testName="xUnitTestProject.CurrencyHelperTests.FormatToStringTest1000(price: 12528.413830086782, expected: &quot;12528.41 zł&quot;)" computerName="DESKTOP-5URQ9PB" duration="00:00:00.0000038" startTime="2022-06-13T21:15:49.4941164+02:00" endTime="2022-06-13T21:15:49.4941166+02:00" testType="13cdc9d9-ddb5-4fa4-a97d-d965ccfc6d4b" outcome="Passed" testListId="8c84fa94-04c1-424b-9868-57a2d4851a1d" relativeResultsDirectory="ebebc0c3-fbbe-47c8-ab28-c9ec4c4b2645" />
    <UnitTestResult executionId="0fb4a244-74c7-4476-b859-114055952a95" testId="4d3fe7e4-2bde-cfc0-5403-0728b7dde62a" testName="xUnitTestProject.CurrencyHelperTests.FormatToStringTest1000(price: 2883.637133003975, expected: &quot;2883.64 zł&quot;)" computerName="DESKTOP-5URQ9PB" duration="00:00:00.0000039" startTime="2022-06-13T21:15:49.4462813+02:00" endTime="2022-06-13T21:15:49.4462814+02:00" testType="13cdc9d9-ddb5-4fa4-a97d-d965ccfc6d4b" outcome="Passed" testListId="8c84fa94-04c1-424b-9868-57a2d4851a1d" relativeResultsDirectory="0fb4a244-74c7-4476-b859-114055952a95" />
    <UnitTestResult executionId="56a649aa-6843-46e9-abe7-9c06e4a0d6ed" testId="f284fcd5-95ba-5e4a-ef58-143a466ff941" testName="xUnitTestProject.CurrencyHelperTests.FormatToStringTest1000(price: 36978.61073549213, expected: &quot;36978.61 zł&quot;)" computerName="DESKTOP-5URQ9PB" duration="00:00:00.0000038" startTime="2022-06-13T21:15:49.4342043+02:00" endTime="2022-06-13T21:15:49.4342044+02:00" testType="13cdc9d9-ddb5-4fa4-a97d-d965ccfc6d4b" outcome="Passed" testListId="8c84fa94-04c1-424b-9868-57a2d4851a1d" relativeResultsDirectory="56a649aa-6843-46e9-abe7-9c06e4a0d6ed" />
    <UnitTestResult executionId="05cee5fa-1105-4b77-b338-056288cb81c9" testId="f0e62743-f005-ab34-4606-22275729a052" testName="xUnitTestProject.CurrencyHelperTests.FormatToStringTest1000(price: 40556.73452524362, expected: &quot;40556.73 zł&quot;)" computerName="DESKTOP-5URQ9PB" duration="00:00:00.0000040" startTime="2022-06-13T21:15:49.4796769+02:00" endTime="2022-06-13T21:15:49.4796771+02:00" testType="13cdc9d9-ddb5-4fa4-a97d-d965ccfc6d4b" outcome="Passed" testListId="8c84fa94-04c1-424b-9868-57a2d4851a1d" relativeResultsDirectory="05cee5fa-1105-4b77-b338-056288cb81c9" />
    <UnitTestResult executionId="dc3fa155-3c8e-4323-935b-127c57cd4fbb" testId="888f3232-385d-d83f-1eb6-9a6c46cfe5c3" testName="xUnitTestProject.CurrencyHelperTests.FormatToStringTest1000(price: 50664.01951024869, expected: &quot;50664.02 zł&quot;)" computerName="DESKTOP-5URQ9PB" duration="00:00:00.0000040" startTime="2022-06-13T21:15:49.4125072+02:00" endTime="2022-06-13T21:15:49.4125073+02:00" testType="13cdc9d9-ddb5-4fa4-a97d-d965ccfc6d4b" outcome="Passed" testListId="8c84fa94-04c1-424b-9868-57a2d4851a1d" relativeResultsDirectory="dc3fa155-3c8e-4323-935b-127c57cd4fbb" />
    <UnitTestResult executionId="c96641e9-b1ab-4385-8237-efa153de6102" testId="f7a3c37c-dec7-4f70-5b8f-168bb8621231" testName="xUnitTestProject.CurrencyHelperTests.FormatToStringTest1000(price: 4857.211933034105, expected: &quot;4857.21 zł&quot;)" computerName="DESKTOP-5URQ9PB" duration="00:00:00.0000040" startTime="2022-06-13T21:15:49.3946512+02:00" endTime="2022-06-13T21:15:49.3946513+02:00" testType="13cdc9d9-ddb5-4fa4-a97d-d965ccfc6d4b" outcome="Passed" testListId="8c84fa94-04c1-424b-9868-57a2d4851a1d" relativeResultsDirectory="c96641e9-b1ab-4385-8237-efa153de6102" />
    <UnitTestResult executionId="53ede820-5ff6-4093-acde-a409b30c5f60" testId="3436f427-af0a-5bde-6f98-b38b99a7cf5b" testName="xUnitTestProject.CurrencyHelperTests.FormatToStringTest1000(price: 54724.71040318008, expected: &quot;54724.71 zł&quot;)" computerName="DESKTOP-5URQ9PB" duration="00:00:00.0000044" startTime="2022-06-13T21:15:49.4661916+02:00" endTime="2022-06-13T21:15:49.4661918+02:00" testType="13cdc9d9-ddb5-4fa4-a97d-d965ccfc6d4b" outcome="Passed" testListId="8c84fa94-04c1-424b-9868-57a2d4851a1d" relativeResultsDirectory="53ede820-5ff6-4093-acde-a409b30c5f60" />
    <UnitTestResult executionId="0afde939-97fc-4100-895e-5288da5be406" testId="1ad63577-6f41-15d0-2387-0963e1b2bf95" testName="xUnitTestProject.CurrencyHelperTests.FormatToStringTest1000(price: 45070.5442499493, expected: &quot;45070.54 zł&quot;)" computerName="DESKTOP-5URQ9PB" duration="00:00:00.0000038" startTime="2022-06-13T21:15:49.4081692+02:00" endTime="2022-06-13T21:15:49.4081694+02:00" testType="13cdc9d9-ddb5-4fa4-a97d-d965ccfc6d4b" outcome="Passed" testListId="8c84fa94-04c1-424b-9868-57a2d4851a1d" relativeResultsDirectory="0afde939-97fc-4100-895e-5288da5be406" />
    <UnitTestResult executionId="2d9bec77-4766-48ac-9681-b03d71c90049" testId="128fe360-ca56-c4c9-0f07-7350435e34a3" testName="xUnitTestProject.CurrencyHelperTests.FormatToStringTest1000(price: 16208.076866391615, expected: &quot;16208.08 zł&quot;)" computerName="DESKTOP-5URQ9PB" duration="00:00:00.0000040" startTime="2022-06-13T21:15:49.4031052+02:00" endTime="2022-06-13T21:15:49.4031053+02:00" testType="13cdc9d9-ddb5-4fa4-a97d-d965ccfc6d4b" outcome="Passed" testListId="8c84fa94-04c1-424b-9868-57a2d4851a1d" relativeResultsDirectory="2d9bec77-4766-48ac-9681-b03d71c90049" />
    <UnitTestResult executionId="45d7197e-abc6-48a7-8de3-bf642d8cc90a" testId="19ecf0ec-9a79-ad70-9475-fee54b9d8614" testName="xUnitTestProject.CurrencyHelperTests.FormatToStringTest1000(price: 1994.0983933439006, expected: &quot;1994.10 zł&quot;)" computerName="DESKTOP-5URQ9PB" duration="00:00:00.0000039" startTime="2022-06-13T21:15:49.4292283+02:00" endTime="2022-06-13T21:15:49.4292284+02:00" testType="13cdc9d9-ddb5-4fa4-a97d-d965ccfc6d4b" outcome="Passed" testListId="8c84fa94-04c1-424b-9868-57a2d4851a1d" relativeResultsDirectory="45d7197e-abc6-48a7-8de3-bf642d8cc90a" />
    <UnitTestResult executionId="348e4869-4d44-423c-8c3c-444ee731fa25" testId="3f3f2250-01f3-21dd-18d8-8a073a42cac3" testName="xUnitTestProject.CurrencyHelperTests.FormatToStringTest1000(price: 9765.54450809748, expected: &quot;9765.54 zł&quot;)" computerName="DESKTOP-5URQ9PB" duration="00:00:00.0000046" startTime="2022-06-13T21:15:49.4582924+02:00" endTime="2022-06-13T21:15:49.4582925+02:00" testType="13cdc9d9-ddb5-4fa4-a97d-d965ccfc6d4b" outcome="Passed" testListId="8c84fa94-04c1-424b-9868-57a2d4851a1d" relativeResultsDirectory="348e4869-4d44-423c-8c3c-444ee731fa25" />
    <UnitTestResult executionId="635b9147-2d36-483a-8ce0-ea9a8fc1af7d" testId="0ed4f192-4727-c437-89cc-2b16440ebef0" testName="xUnitTestProject.CurrencyHelperTests.FormatToStringTest1000(price: 37387.37521261972, expected: &quot;37387.38 zł&quot;)" computerName="DESKTOP-5URQ9PB" duration="00:00:00.0000041" startTime="2022-06-13T21:15:49.3989478+02:00" endTime="2022-06-13T21:15:49.3989479+02:00" testType="13cdc9d9-ddb5-4fa4-a97d-d965ccfc6d4b" outcome="Passed" testListId="8c84fa94-04c1-424b-9868-57a2d4851a1d" relativeResultsDirectory="635b9147-2d36-483a-8ce0-ea9a8fc1af7d" />
    <UnitTestResult executionId="ab2efe39-8c74-47e5-a14f-5f0470ea563d" testId="bfa1b3ee-d7a8-b11e-2134-8a3b879aa609" testName="xUnitTestProject.CurrencyHelperTests.FormatToStringTest1000(price: 13582.47117894258, expected: &quot;13582.47 zł&quot;)" computerName="DESKTOP-5URQ9PB" duration="00:00:00.0000039" startTime="2022-06-13T21:15:49.4252168+02:00" endTime="2022-06-13T21:15:49.4252170+02:00" testType="13cdc9d9-ddb5-4fa4-a97d-d965ccfc6d4b" outcome="Passed" testListId="8c84fa94-04c1-424b-9868-57a2d4851a1d" relativeResultsDirectory="ab2efe39-8c74-47e5-a14f-5f0470ea563d" />
    <UnitTestResult executionId="c24e2707-bb5b-43f1-8294-b625236d7a96" testId="d328e580-fcf1-b0bb-73e2-fe6651dece0e" testName="xUnitTestProject.CurrencyHelperTests.FormatToStringTest1000(price: 21328.29026726507, expected: &quot;21328.29 zł&quot;)" computerName="DESKTOP-5URQ9PB" duration="00:00:00.0000038" startTime="2022-06-13T21:15:49.4354276+02:00" endTime="2022-06-13T21:15:49.4354277+02:00" testType="13cdc9d9-ddb5-4fa4-a97d-d965ccfc6d4b" outcome="Passed" testListId="8c84fa94-04c1-424b-9868-57a2d4851a1d" relativeResultsDirectory="c24e2707-bb5b-43f1-8294-b625236d7a96" />
    <UnitTestResult executionId="dbe77b4e-28e0-42f8-bdd6-3e5eb05d26fd" testId="179615f5-c9e6-0457-24a4-7182fdaf1108" testName="xUnitTestProject.CurrencyHelperTests.FormatToStringTest1000(price: 47163.337736466594, expected: &quot;47163.34 zł&quot;)" computerName="DESKTOP-5URQ9PB" duration="00:00:00.0000040" startTime="2022-06-13T21:15:49.4873613+02:00" endTime="2022-06-13T21:15:49.4873614+02:00" testType="13cdc9d9-ddb5-4fa4-a97d-d965ccfc6d4b" outcome="Passed" testListId="8c84fa94-04c1-424b-9868-57a2d4851a1d" relativeResultsDirectory="dbe77b4e-28e0-42f8-bdd6-3e5eb05d26fd" />
    <UnitTestResult executionId="7397bc01-b55f-4e5a-b42e-c78d0690b44e" testId="c24ecee8-9b5d-eb63-8afc-f2b0a38b7a72" testName="xUnitTestProject.CurrencyHelperTests.FormatToStringTest1000(price: 30722.846572104303, expected: &quot;30722.85 zł&quot;)" computerName="DESKTOP-5URQ9PB" duration="00:00:00.0000040" startTime="2022-06-13T21:15:49.4280595+02:00" endTime="2022-06-13T21:15:49.4280596+02:00" testType="13cdc9d9-ddb5-4fa4-a97d-d965ccfc6d4b" outcome="Passed" testListId="8c84fa94-04c1-424b-9868-57a2d4851a1d" relativeResultsDirectory="7397bc01-b55f-4e5a-b42e-c78d0690b44e" />
    <UnitTestResult executionId="dbe71ddd-5207-417f-8f66-f0c8b3bb6866" testId="f7bc8584-126a-bce9-5286-d35d3ce59a28" testName="xUnitTestProject.CurrencyHelperTests.FormatToStringTest1000(price: 10066.059180456241, expected: &quot;10066.06 zł&quot;)" computerName="DESKTOP-5URQ9PB" duration="00:00:00.0000049" startTime="2022-06-13T21:15:49.4444228+02:00" endTime="2022-06-13T21:15:49.4444230+02:00" testType="13cdc9d9-ddb5-4fa4-a97d-d965ccfc6d4b" outcome="Passed" testListId="8c84fa94-04c1-424b-9868-57a2d4851a1d" relativeResultsDirectory="dbe71ddd-5207-417f-8f66-f0c8b3bb6866" />
    <UnitTestResult executionId="09483a40-fd0e-4a7a-8848-1f04781a99b4" testId="717afcc9-fdbd-942f-44d5-9f5deeef640f" testName="xUnitTestProject.CurrencyHelperTests.FormatToStringTest1000(price: 19363.881840787773, expected: &quot;19363.88 zł&quot;)" computerName="DESKTOP-5URQ9PB" duration="00:00:00.0000039" startTime="2022-06-13T21:15:49.4193405+02:00" endTime="2022-06-13T21:15:49.4193408+02:00" testType="13cdc9d9-ddb5-4fa4-a97d-d965ccfc6d4b" outcome="Passed" testListId="8c84fa94-04c1-424b-9868-57a2d4851a1d" relativeResultsDirectory="09483a40-fd0e-4a7a-8848-1f04781a99b4" />
    <UnitTestResult executionId="8f76fe8e-6aa1-49e2-b337-358679ca388f" testId="95359d07-8287-2be5-3354-cb2f7f60a3bf" testName="xUnitTestProject.CurrencyHelperTests.FormatToStringTest1000(price: 6417.5922460628635, expected: &quot;6417.59 zł&quot;)" computerName="DESKTOP-5URQ9PB" duration="00:00:00.0000045" startTime="2022-06-13T21:15:49.4073122+02:00" endTime="2022-06-13T21:15:49.4073123+02:00" testType="13cdc9d9-ddb5-4fa4-a97d-d965ccfc6d4b" outcome="Passed" testListId="8c84fa94-04c1-424b-9868-57a2d4851a1d" relativeResultsDirectory="8f76fe8e-6aa1-49e2-b337-358679ca388f" />
    <UnitTestResult executionId="3868f57b-8b9d-40dd-8472-66465af374c8" testId="eccf41da-6b65-aa5d-c784-b8badc726d9b" testName="xUnitTestProject.CurrencyHelperTests.FormatToStringTest1000(price: 4419.750844657306, expected: &quot;4419.75 zł&quot;)" computerName="DESKTOP-5URQ9PB" duration="00:00:00.0000039" startTime="2022-06-13T21:15:49.4592833+02:00" endTime="2022-06-13T21:15:49.4592835+02:00" testType="13cdc9d9-ddb5-4fa4-a97d-d965ccfc6d4b" outcome="Passed" testListId="8c84fa94-04c1-424b-9868-57a2d4851a1d" relativeResultsDirectory="3868f57b-8b9d-40dd-8472-66465af374c8" />
    <UnitTestResult executionId="984a6218-f90d-4a83-b7c4-62da255f7da8" testId="8a663fa2-76ee-caf2-967f-999f9c7a5bb3" testName="xUnitTestProject.CurrencyHelperTests.FormatToStringTest1000(price: 55030.929183896136, expected: &quot;55030.93 zł&quot;)" computerName="DESKTOP-5URQ9PB" duration="00:00:00.0000039" startTime="2022-06-13T21:15:49.4281659+02:00" endTime="2022-06-13T21:15:49.4281660+02:00" testType="13cdc9d9-ddb5-4fa4-a97d-d965ccfc6d4b" outcome="Passed" testListId="8c84fa94-04c1-424b-9868-57a2d4851a1d" relativeResultsDirectory="984a6218-f90d-4a83-b7c4-62da255f7da8" />
    <UnitTestResult executionId="1475de76-5345-4b63-926c-0771d68481ba" testId="d5ee81d6-78bc-115b-efec-5de38db0e38b" testName="xUnitTestProject.CurrencyHelperTests.FormatToStringTest1000(price: 1514.6266382441981, expected: &quot;1514.63 zł&quot;)" computerName="DESKTOP-5URQ9PB" duration="00:00:00.0000040" startTime="2022-06-13T21:15:49.4194047+02:00" endTime="2022-06-13T21:15:49.4194049+02:00" testType="13cdc9d9-ddb5-4fa4-a97d-d965ccfc6d4b" outcome="Passed" testListId="8c84fa94-04c1-424b-9868-57a2d4851a1d" relativeResultsDirectory="1475de76-5345-4b63-926c-0771d68481ba" />
    <UnitTestResult executionId="0037de1e-2794-46c6-a67b-6c9638c34549" testId="836d8767-01df-4e15-8567-247721a23e4e" testName="xUnitTestProject.CurrencyHelperTests.FormatToStringTest1000(price: 591.2110872302256, expected: &quot;591.21 zł&quot;)" computerName="DESKTOP-5URQ9PB" duration="00:00:00.0000039" startTime="2022-06-13T21:15:49.4093563+02:00" endTime="2022-06-13T21:15:49.4093564+02:00" testType="13cdc9d9-ddb5-4fa4-a97d-d965ccfc6d4b" outcome="Passed" testListId="8c84fa94-04c1-424b-9868-57a2d4851a1d" relativeResultsDirectory="0037de1e-2794-46c6-a67b-6c9638c34549" />
    <UnitTestResult executionId="0947fcfb-20c7-405a-b558-28fd158bb0d3" testId="cb9f49fb-58b9-06a6-2d40-6492ed02487d" testName="xUnitTestProject.CurrencyHelperTests.FormatToStringTest1000(price: 386.358918903097, expected: &quot;386.36 zł&quot;)" computerName="DESKTOP-5URQ9PB" duration="00:00:00.0000040" startTime="2022-06-13T21:15:49.4291976+02:00" endTime="2022-06-13T21:15:49.4291978+02:00" testType="13cdc9d9-ddb5-4fa4-a97d-d965ccfc6d4b" outcome="Passed" testListId="8c84fa94-04c1-424b-9868-57a2d4851a1d" relativeResultsDirectory="0947fcfb-20c7-405a-b558-28fd158bb0d3" />
    <UnitTestResult executionId="6e5c38d2-a926-4db8-a735-5fb71e5ccd31" testId="076b3f7c-bfd3-700c-3093-f885fe165b03" testName="xUnitTestProject.CurrencyHelperTests.FormatToStringTest1000(price: 10534.184353995222, expected: &quot;10534.18 zł&quot;)" computerName="DESKTOP-5URQ9PB" duration="00:00:00.0000040" startTime="2022-06-13T21:15:49.4593147+02:00" endTime="2022-06-13T21:15:49.4593148+02:00" testType="13cdc9d9-ddb5-4fa4-a97d-d965ccfc6d4b" outcome="Passed" testListId="8c84fa94-04c1-424b-9868-57a2d4851a1d" relativeResultsDirectory="6e5c38d2-a926-4db8-a735-5fb71e5ccd31" />
    <UnitTestResult executionId="10c14bc7-72f2-440a-92e3-d95157992e21" testId="0fb536e2-af1a-ef21-5b53-d89a189dda8d" testName="xUnitTestProject.CurrencyHelperTests.FormatToStringTest1000(price: 26858.35647848731, expected: &quot;26858.36 zł&quot;)" computerName="DESKTOP-5URQ9PB" duration="00:00:00.0000044" startTime="2022-06-13T21:15:49.4998019+02:00" endTime="2022-06-13T21:15:49.4998021+02:00" testType="13cdc9d9-ddb5-4fa4-a97d-d965ccfc6d4b" outcome="Passed" testListId="8c84fa94-04c1-424b-9868-57a2d4851a1d" relativeResultsDirectory="10c14bc7-72f2-440a-92e3-d95157992e21" />
    <UnitTestResult executionId="d8f3c73c-75e2-4459-8d0c-e7541bc3fafd" testId="d99ced1b-9ef8-b735-4a70-4562dc79a9d0" testName="xUnitTestProject.CurrencyHelperTests.FormatToStringTest1000(price: 72905.64834432845, expected: &quot;72905.65 zł&quot;)" computerName="DESKTOP-5URQ9PB" duration="00:00:00.0000039" startTime="2022-06-13T21:15:49.5055152+02:00" endTime="2022-06-13T21:15:49.5055154+02:00" testType="13cdc9d9-ddb5-4fa4-a97d-d965ccfc6d4b" outcome="Passed" testListId="8c84fa94-04c1-424b-9868-57a2d4851a1d" relativeResultsDirectory="d8f3c73c-75e2-4459-8d0c-e7541bc3fafd" />
    <UnitTestResult executionId="d0a78209-93e9-4207-9438-2903834c02e0" testId="b828fc0d-bf07-676e-b8c0-6e0aa44c3171" testName="xUnitTestProject.CurrencyHelperTests.FormatToStringTest1000(price: 20527.270339210645, expected: &quot;20527.27 zł&quot;)" computerName="DESKTOP-5URQ9PB" duration="00:00:00.0000040" startTime="2022-06-13T21:15:49.4632138+02:00" endTime="2022-06-13T21:15:49.4632139+02:00" testType="13cdc9d9-ddb5-4fa4-a97d-d965ccfc6d4b" outcome="Passed" testListId="8c84fa94-04c1-424b-9868-57a2d4851a1d" relativeResultsDirectory="d0a78209-93e9-4207-9438-2903834c02e0" />
    <UnitTestResult executionId="be01482c-cce3-4341-83df-f2ae306616d3" testId="62b1fe99-5a28-bc9f-0494-f16f9326c1bc" testName="xUnitTestProject.CurrencyHelperTests.FormatToStringTest1000(price: 12308.022158465357, expected: &quot;12308.02 zł&quot;)" computerName="DESKTOP-5URQ9PB" duration="00:00:00.0000038" startTime="2022-06-13T21:15:49.4342346+02:00" endTime="2022-06-13T21:15:49.4342347+02:00" testType="13cdc9d9-ddb5-4fa4-a97d-d965ccfc6d4b" outcome="Passed" testListId="8c84fa94-04c1-424b-9868-57a2d4851a1d" relativeResultsDirectory="be01482c-cce3-4341-83df-f2ae306616d3" />
    <UnitTestResult executionId="7798844e-1438-43f1-8dbd-7cdf19b530e7" testId="bc7abd1f-cc07-f32a-8331-b644dd93f120" testName="xUnitTestProject.CurrencyHelperTests.FormatToStringTest1000(price: 9754.291367935619, expected: &quot;9754.29 zł&quot;)" computerName="DESKTOP-5URQ9PB" duration="00:00:00.0000040" startTime="2022-06-13T21:15:49.3948324+02:00" endTime="2022-06-13T21:15:49.3948325+02:00" testType="13cdc9d9-ddb5-4fa4-a97d-d965ccfc6d4b" outcome="Passed" testListId="8c84fa94-04c1-424b-9868-57a2d4851a1d" relativeResultsDirectory="7798844e-1438-43f1-8dbd-7cdf19b530e7" />
    <UnitTestResult executionId="213c9a28-3931-4d54-b8b4-1c298d635ad4" testId="a116b226-3d55-2529-864d-5e970bf42be4" testName="xUnitTestProject.CurrencyHelperTests.FormatToStringTest1000(price: 18340.8953197882, expected: &quot;18340.90 zł&quot;)" computerName="DESKTOP-5URQ9PB" duration="00:00:00.0000040" startTime="2022-06-13T21:15:49.4083498+02:00" endTime="2022-06-13T21:15:49.4083500+02:00" testType="13cdc9d9-ddb5-4fa4-a97d-d965ccfc6d4b" outcome="Passed" testListId="8c84fa94-04c1-424b-9868-57a2d4851a1d" relativeResultsDirectory="213c9a28-3931-4d54-b8b4-1c298d635ad4" />
    <UnitTestResult executionId="4123b62a-f76a-4680-ae21-2ed50d7ea4df" testId="97d8215e-c1fc-21f7-065d-165363a0a007" testName="xUnitTestProject.CurrencyHelperTests.FormatToStringTest1000(price: 2339.5873176472205, expected: &quot;2339.59 zł&quot;)" computerName="DESKTOP-5URQ9PB" duration="00:00:00.0000045" startTime="2022-06-13T21:15:49.4433538+02:00" endTime="2022-06-13T21:15:49.4433540+02:00" testType="13cdc9d9-ddb5-4fa4-a97d-d965ccfc6d4b" outcome="Passed" testListId="8c84fa94-04c1-424b-9868-57a2d4851a1d" relativeResultsDirectory="4123b62a-f76a-4680-ae21-2ed50d7ea4df" />
    <UnitTestResult executionId="97536c74-555c-426f-9023-af774b748743" testId="546c163e-77dd-f570-5b52-f67af946e3b9" testName="xUnitTestProject.CurrencyHelperTests.FormatToStringTest1000(price: 56286.70397975702, expected: &quot;56286.70 zł&quot;)" computerName="DESKTOP-5URQ9PB" duration="00:00:00.0000039" startTime="2022-06-13T21:15:49.4959741+02:00" endTime="2022-06-13T21:15:49.4959743+02:00" testType="13cdc9d9-ddb5-4fa4-a97d-d965ccfc6d4b" outcome="Passed" testListId="8c84fa94-04c1-424b-9868-57a2d4851a1d" relativeResultsDirectory="97536c74-555c-426f-9023-af774b748743" />
    <UnitTestResult executionId="0f2bcec7-d1f9-492b-9ce7-a339e526245f" testId="366e3c61-7635-9c9b-a996-33c58fa8fc62" testName="xUnitTestProject.CurrencyHelperTests.FormatToStringTest1000(price: 38904.87092920806, expected: &quot;38904.87 zł&quot;)" computerName="DESKTOP-5URQ9PB" duration="00:00:00.0000045" startTime="2022-06-13T21:15:49.4103286+02:00" endTime="2022-06-13T21:15:49.4103288+02:00" testType="13cdc9d9-ddb5-4fa4-a97d-d965ccfc6d4b" outcome="Passed" testListId="8c84fa94-04c1-424b-9868-57a2d4851a1d" relativeResultsDirectory="0f2bcec7-d1f9-492b-9ce7-a339e526245f" />
    <UnitTestResult executionId="27388049-3f16-4399-bbf2-075b3d32a4ad" testId="fc18dbb3-2c7f-eef4-d751-3ff8a18e5fdc" testName="xUnitTestProject.CurrencyHelperTests.FormatToStringTest1000(price: 2718.1767171650085, expected: &quot;2718.18 zł&quot;)" computerName="DESKTOP-5URQ9PB" duration="00:00:00.0000040" startTime="2022-06-13T21:15:49.3957022+02:00" endTime="2022-06-13T21:15:49.3957024+02:00" testType="13cdc9d9-ddb5-4fa4-a97d-d965ccfc6d4b" outcome="Passed" testListId="8c84fa94-04c1-424b-9868-57a2d4851a1d" relativeResultsDirectory="27388049-3f16-4399-bbf2-075b3d32a4ad" />
    <UnitTestResult executionId="c704bf96-d5d8-449e-9aa2-6ef7fc1d6814" testId="25b36055-f21f-fb6a-b7ef-81ccf96dd2b6" testName="xUnitTestProject.CurrencyHelperTests.FormatToStringTest1000(price: 46898.00219497783, expected: &quot;46898.00 zł&quot;)" computerName="DESKTOP-5URQ9PB" duration="00:00:00.0000040" startTime="2022-06-13T21:15:49.5035587+02:00" endTime="2022-06-13T21:15:49.5035588+02:00" testType="13cdc9d9-ddb5-4fa4-a97d-d965ccfc6d4b" outcome="Passed" testListId="8c84fa94-04c1-424b-9868-57a2d4851a1d" relativeResultsDirectory="c704bf96-d5d8-449e-9aa2-6ef7fc1d6814" />
    <UnitTestResult executionId="7b6af6d6-7b71-4785-91a9-bb250accc5fd" testId="a5e0b38b-1cb1-a5af-a5f1-f247fd82227e" testName="xUnitTestProject.CurrencyHelperTests.FormatToStringTest1000(price: 45445.182098106096, expected: &quot;45445.18 zł&quot;)" computerName="DESKTOP-5URQ9PB" duration="00:00:00.0000040" startTime="2022-06-13T21:15:49.4612028+02:00" endTime="2022-06-13T21:15:49.4612030+02:00" testType="13cdc9d9-ddb5-4fa4-a97d-d965ccfc6d4b" outcome="Passed" testListId="8c84fa94-04c1-424b-9868-57a2d4851a1d" relativeResultsDirectory="7b6af6d6-7b71-4785-91a9-bb250accc5fd" />
    <UnitTestResult executionId="663f588e-a586-4a88-92ac-994b7ab17d83" testId="83514fd2-fce2-f5cf-b4b1-7b2bd8509222" testName="xUnitTestProject.CurrencyHelperTests.FormatToStringTest1000(price: 286.92120604539343, expected: &quot;286.92 zł&quot;)" computerName="DESKTOP-5URQ9PB" duration="00:00:00.0000039" startTime="2022-06-13T21:15:49.4452986+02:00" endTime="2022-06-13T21:15:49.4452988+02:00" testType="13cdc9d9-ddb5-4fa4-a97d-d965ccfc6d4b" outcome="Passed" testListId="8c84fa94-04c1-424b-9868-57a2d4851a1d" relativeResultsDirectory="663f588e-a586-4a88-92ac-994b7ab17d83" />
    <UnitTestResult executionId="76577590-4def-42ef-a79e-bb52a75badca" testId="38b02068-987c-3dd3-28cd-9a07df85e95b" testName="xUnitTestProject.CurrencyHelperTests.FormatToStringTest1000(price: 5957.42161879941, expected: &quot;5957.42 zł&quot;)" computerName="DESKTOP-5URQ9PB" duration="00:00:00.0000039" startTime="2022-06-13T21:15:49.5046225+02:00" endTime="2022-06-13T21:15:49.5046227+02:00" testType="13cdc9d9-ddb5-4fa4-a97d-d965ccfc6d4b" outcome="Passed" testListId="8c84fa94-04c1-424b-9868-57a2d4851a1d" relativeResultsDirectory="76577590-4def-42ef-a79e-bb52a75badca" />
    <UnitTestResult executionId="cac22c10-8c87-4139-ae00-efd5643aee6a" testId="e3f04803-c378-ce39-94cd-bd430620d6cb" testName="xUnitTestProject.CurrencyHelperTests.FormatToStringTest1000(price: 56378.261944644735, expected: &quot;56378.26 zł&quot;)" computerName="DESKTOP-5URQ9PB" duration="00:00:00.0000040" startTime="2022-06-13T21:15:49.3988233+02:00" endTime="2022-06-13T21:15:49.3988234+02:00" testType="13cdc9d9-ddb5-4fa4-a97d-d965ccfc6d4b" outcome="Passed" testListId="8c84fa94-04c1-424b-9868-57a2d4851a1d" relativeResultsDirectory="cac22c10-8c87-4139-ae00-efd5643aee6a" />
    <UnitTestResult executionId="93cb8c24-856e-462d-91cf-b98e73331bb7" testId="a8ba7efd-581f-551d-dd26-e7f6709e3995" testName="xUnitTestProject.CurrencyHelperTests.FormatToStringTest1000(price: 13453.429998117233, expected: &quot;13453.43 zł&quot;)" computerName="DESKTOP-5URQ9PB" duration="00:00:00.0000045" startTime="2022-06-13T21:15:49.4525868+02:00" endTime="2022-06-13T21:15:49.4525869+02:00" testType="13cdc9d9-ddb5-4fa4-a97d-d965ccfc6d4b" outcome="Passed" testListId="8c84fa94-04c1-424b-9868-57a2d4851a1d" relativeResultsDirectory="93cb8c24-856e-462d-91cf-b98e73331bb7" />
    <UnitTestResult executionId="7625b0fc-2ab5-4961-b700-d926fe8dedc4" testId="9cf8eb03-8fbc-6ccc-0fef-ebebfde3ba22" testName="xUnitTestProject.CurrencyHelperTests.FormatToStringTest1000(price: 7407.385606687696, expected: &quot;7407.39 zł&quot;)" computerName="DESKTOP-5URQ9PB" duration="00:00:00.0000039" startTime="2022-06-13T21:15:49.4473332+02:00" endTime="2022-06-13T21:15:49.4473334+02:00" testType="13cdc9d9-ddb5-4fa4-a97d-d965ccfc6d4b" outcome="Passed" testListId="8c84fa94-04c1-424b-9868-57a2d4851a1d" relativeResultsDirectory="7625b0fc-2ab5-4961-b700-d926fe8dedc4" />
    <UnitTestResult executionId="8341e30a-a108-4bd9-bf16-36c2d4d936eb" testId="b6d907a4-489e-cb15-8555-a5c35fcc0ce1" testName="xUnitTestProject.CurrencyHelperTests.FormatToStringTest1000(price: 32732.81915128502, expected: &quot;32732.82 zł&quot;)" computerName="DESKTOP-5URQ9PB" duration="00:00:00.0000045" startTime="2022-06-13T21:15:49.4853526+02:00" endTime="2022-06-13T21:15:49.4853527+02:00" testType="13cdc9d9-ddb5-4fa4-a97d-d965ccfc6d4b" outcome="Passed" testListId="8c84fa94-04c1-424b-9868-57a2d4851a1d" relativeResultsDirectory="8341e30a-a108-4bd9-bf16-36c2d4d936eb" />
    <UnitTestResult executionId="45e9c837-d01e-4a0f-a4fa-c7e78d87bb77" testId="8f731e1d-d266-da92-7f8a-593d1a2e36d6" testName="xUnitTestProject.CurrencyHelperTests.FormatToStringTest1000(price: 19006.315459580772, expected: &quot;19006.32 zł&quot;)" computerName="DESKTOP-5URQ9PB" duration="00:00:00.0000046" startTime="2022-06-13T21:15:49.4680643+02:00" endTime="2022-06-13T21:15:49.4680644+02:00" testType="13cdc9d9-ddb5-4fa4-a97d-d965ccfc6d4b" outcome="Passed" testListId="8c84fa94-04c1-424b-9868-57a2d4851a1d" relativeResultsDirectory="45e9c837-d01e-4a0f-a4fa-c7e78d87bb77" />
    <UnitTestResult executionId="c0806e6f-3dac-4db1-9319-8d996f9af577" testId="61bdea90-2716-ebd5-11fe-1f07a5d80915" testName="xUnitTestProject.CurrencyHelperTests.FormatToStringTest1000(price: 40545.70748620001, expected: &quot;40545.71 zł&quot;)" computerName="DESKTOP-5URQ9PB" duration="00:00:00.0000041" startTime="2022-06-13T21:15:49.3907869+02:00" endTime="2022-06-13T21:15:49.3907871+02:00" testType="13cdc9d9-ddb5-4fa4-a97d-d965ccfc6d4b" outcome="Passed" testListId="8c84fa94-04c1-424b-9868-57a2d4851a1d" relativeResultsDirectory="c0806e6f-3dac-4db1-9319-8d996f9af577" />
    <UnitTestResult executionId="8c08fe50-50e3-4cd5-a834-ee2038d2b7cd" testId="6b6f1069-86c1-e08a-6926-d89a012b7b47" testName="xUnitTestProject.CurrencyHelperTests.FormatToStringTest1000(price: 17315.72309779363, expected: &quot;17315.72 zł&quot;)" computerName="DESKTOP-5URQ9PB" duration="00:00:00.0000041" startTime="2022-06-13T21:15:49.4504523+02:00" endTime="2022-06-13T21:15:49.4504525+02:00" testType="13cdc9d9-ddb5-4fa4-a97d-d965ccfc6d4b" outcome="Passed" testListId="8c84fa94-04c1-424b-9868-57a2d4851a1d" relativeResultsDirectory="8c08fe50-50e3-4cd5-a834-ee2038d2b7cd" />
    <UnitTestResult executionId="a8c4ac61-dd2e-436e-ab1c-b49e8bc3870a" testId="0ceb7858-003d-ab99-34b5-3e79f1abe40b" testName="xUnitTestProject.CurrencyHelperTests.FormatToStringTest1000(price: 5566.818038455592, expected: &quot;5566.82 zł&quot;)" computerName="DESKTOP-5URQ9PB" duration="00:00:00.0000039" startTime="2022-06-13T21:15:49.4853215+02:00" endTime="2022-06-13T21:15:49.4853217+02:00" testType="13cdc9d9-ddb5-4fa4-a97d-d965ccfc6d4b" outcome="Passed" testListId="8c84fa94-04c1-424b-9868-57a2d4851a1d" relativeResultsDirectory="a8c4ac61-dd2e-436e-ab1c-b49e8bc3870a" />
    <UnitTestResult executionId="da9079d9-4d2f-4201-9fe5-5073b207e2b5" testId="8e40a9d7-b14a-a165-b4bc-258c3936dfbd" testName="xUnitTestProject.CurrencyHelperTests.FormatToStringTest1000(price: 1676.7913981754293, expected: &quot;1676.79 zł&quot;)" computerName="DESKTOP-5URQ9PB" duration="00:00:00.0000040" startTime="2022-06-13T21:15:49.4778385+02:00" endTime="2022-06-13T21:15:49.4778386+02:00" testType="13cdc9d9-ddb5-4fa4-a97d-d965ccfc6d4b" outcome="Passed" testListId="8c84fa94-04c1-424b-9868-57a2d4851a1d" relativeResultsDirectory="da9079d9-4d2f-4201-9fe5-5073b207e2b5" />
    <UnitTestResult executionId="42c05445-20fc-405b-8d7f-55bc3cdb1050" testId="28d201d7-5353-764b-c109-520fc030be51" testName="xUnitTestProject.CurrencyHelperTests.FormatToStringTest1000(price: 16129.507288814293, expected: &quot;16129.51 zł&quot;)" computerName="DESKTOP-5URQ9PB" duration="00:00:00.0000039" startTime="2022-06-13T21:15:49.4862463+02:00" endTime="2022-06-13T21:15:49.4862467+02:00" testType="13cdc9d9-ddb5-4fa4-a97d-d965ccfc6d4b" outcome="Passed" testListId="8c84fa94-04c1-424b-9868-57a2d4851a1d" relativeResultsDirectory="42c05445-20fc-405b-8d7f-55bc3cdb1050" />
    <UnitTestResult executionId="fcf4423d-5236-4e49-893a-de2404abca8e" testId="75e6c444-bc3b-aad1-8b9e-9567096a44b9" testName="xUnitTestProject.CurrencyHelperTests.FormatToStringTest1000(price: 49037.8109120586, expected: &quot;49037.81 zł&quot;)" computerName="DESKTOP-5URQ9PB" duration="00:00:00.0000039" startTime="2022-06-13T21:15:49.4768666+02:00" endTime="2022-06-13T21:15:49.4768667+02:00" testType="13cdc9d9-ddb5-4fa4-a97d-d965ccfc6d4b" outcome="Passed" testListId="8c84fa94-04c1-424b-9868-57a2d4851a1d" relativeResultsDirectory="fcf4423d-5236-4e49-893a-de2404abca8e" />
    <UnitTestResult executionId="36327dbe-38c5-420e-9a54-0491440dec8c" testId="4ef75591-ffb4-d566-94c9-bda5f50552b9" testName="xUnitTestProject.CurrencyHelperTests.FormatToStringTest1000(price: 17000.070169619317, expected: &quot;17000.07 zł&quot;)" computerName="DESKTOP-5URQ9PB" duration="00:00:00.0000043" startTime="2022-06-13T21:15:49.4584126+02:00" endTime="2022-06-13T21:15:49.4584127+02:00" testType="13cdc9d9-ddb5-4fa4-a97d-d965ccfc6d4b" outcome="Passed" testListId="8c84fa94-04c1-424b-9868-57a2d4851a1d" relativeResultsDirectory="36327dbe-38c5-420e-9a54-0491440dec8c" />
    <UnitTestResult executionId="9d403a34-83f3-4d28-ab9c-33705f8c3424" testId="ad936791-3884-bcd2-a8bf-cc0980504588" testName="xUnitTestProject.CurrencyHelperTests.FormatToStringTest1000(price: 17232.486162219426, expected: &quot;17232.49 zł&quot;)" computerName="DESKTOP-5URQ9PB" duration="00:00:00.0000039" startTime="2022-06-13T21:15:49.4213216+02:00" endTime="2022-06-13T21:15:49.4213218+02:00" testType="13cdc9d9-ddb5-4fa4-a97d-d965ccfc6d4b" outcome="Passed" testListId="8c84fa94-04c1-424b-9868-57a2d4851a1d" relativeResultsDirectory="9d403a34-83f3-4d28-ab9c-33705f8c3424" />
    <UnitTestResult executionId="9ce2254c-12a5-463c-9d15-75ec65bfd9f9" testId="1462a569-77b7-fa7d-0148-09ce9f2428e8" testName="xUnitTestProject.CurrencyHelperTests.FormatToStringTest1000(price: 19462.729986486367, expected: &quot;19462.73 zł&quot;)" computerName="DESKTOP-5URQ9PB" duration="00:00:00.0000041" startTime="2022-06-13T21:15:49.4912493+02:00" endTime="2022-06-13T21:15:49.4912494+02:00" testType="13cdc9d9-ddb5-4fa4-a97d-d965ccfc6d4b" outcome="Passed" testListId="8c84fa94-04c1-424b-9868-57a2d4851a1d" relativeResultsDirectory="9ce2254c-12a5-463c-9d15-75ec65bfd9f9" />
    <UnitTestResult executionId="459f66b2-3feb-40f2-b4bf-e42b3e0284d6" testId="6a68b288-e760-a42c-8c5a-4aafd65f28b7" testName="xUnitTestProject.CurrencyHelperTests.FormatToStringTest1000(price: 74514.06270644537, expected: &quot;74514.06 zł&quot;)" computerName="DESKTOP-5URQ9PB" duration="00:00:00.0000040" startTime="2022-06-13T21:15:49.4873011+02:00" endTime="2022-06-13T21:15:49.4873012+02:00" testType="13cdc9d9-ddb5-4fa4-a97d-d965ccfc6d4b" outcome="Passed" testListId="8c84fa94-04c1-424b-9868-57a2d4851a1d" relativeResultsDirectory="459f66b2-3feb-40f2-b4bf-e42b3e0284d6" />
    <UnitTestResult executionId="355e8a08-8d80-43e1-82ba-a84a3dcfe8d6" testId="8d5bed77-8b58-0b0c-25f0-22107332d09a" testName="xUnitTestProject.CurrencyHelperTests.FormatToStringTest1000(price: 736.7398243680316, expected: &quot;736.74 zł&quot;)" computerName="DESKTOP-5URQ9PB" duration="00:00:00.0000039" startTime="2022-06-13T21:15:49.4194346+02:00" endTime="2022-06-13T21:15:49.4194348+02:00" testType="13cdc9d9-ddb5-4fa4-a97d-d965ccfc6d4b" outcome="Passed" testListId="8c84fa94-04c1-424b-9868-57a2d4851a1d" relativeResultsDirectory="355e8a08-8d80-43e1-82ba-a84a3dcfe8d6" />
    <UnitTestResult executionId="593a2306-495a-4809-86d3-32023737e630" testId="3b31ccce-844d-e8f4-84db-04ab2e64b9a7" testName="xUnitTestProject.CurrencyHelperTests.FormatToStringTest1000(price: 3477.860963622509, expected: &quot;3477.86 zł&quot;)" computerName="DESKTOP-5URQ9PB" duration="00:00:00.0000039" startTime="2022-06-13T21:15:49.5035899+02:00" endTime="2022-06-13T21:15:49.5035900+02:00" testType="13cdc9d9-ddb5-4fa4-a97d-d965ccfc6d4b" outcome="Passed" testListId="8c84fa94-04c1-424b-9868-57a2d4851a1d" relativeResultsDirectory="593a2306-495a-4809-86d3-32023737e630" />
    <UnitTestResult executionId="31c05c90-5264-4557-8895-1564c8458a98" testId="996b214e-32e4-5376-d989-b4bc865084fe" testName="xUnitTestProject.CurrencyHelperTests.FormatToStringTest1000(price: 317.9090540706688, expected: &quot;317.91 zł&quot;)" computerName="DESKTOP-5URQ9PB" duration="00:00:00.0000040" startTime="2022-06-13T21:15:49.4669436+02:00" endTime="2022-06-13T21:15:49.4669440+02:00" testType="13cdc9d9-ddb5-4fa4-a97d-d965ccfc6d4b" outcome="Passed" testListId="8c84fa94-04c1-424b-9868-57a2d4851a1d" relativeResultsDirectory="31c05c90-5264-4557-8895-1564c8458a98" />
    <UnitTestResult executionId="e36ed1bb-4a92-4069-b86f-33957513ba16" testId="d4cfd815-487d-e378-1f28-dc4676158012" testName="xUnitTestProject.CurrencyHelperTests.FormatToStringTest1000(price: 10370.0107542784, expected: &quot;10370.01 zł&quot;)" computerName="DESKTOP-5URQ9PB" duration="00:00:00.0000039" startTime="2022-06-13T21:15:49.4642030+02:00" endTime="2022-06-13T21:15:49.4642031+02:00" testType="13cdc9d9-ddb5-4fa4-a97d-d965ccfc6d4b" outcome="Passed" testListId="8c84fa94-04c1-424b-9868-57a2d4851a1d" relativeResultsDirectory="e36ed1bb-4a92-4069-b86f-33957513ba16" />
    <UnitTestResult executionId="869f7c3f-2cef-4ad4-966a-a5fe3bc4a4a9" testId="3a671f08-52e1-32fe-f25e-6e157db962d2" testName="xUnitTestProject.CurrencyHelperTests.FormatToStringTest1000(price: 4812.162927013898, expected: &quot;4812.16 zł&quot;)" computerName="DESKTOP-5URQ9PB" duration="00:00:00.0000038" startTime="2022-06-13T21:15:49.4414100+02:00" endTime="2022-06-13T21:15:49.4414101+02:00" testType="13cdc9d9-ddb5-4fa4-a97d-d965ccfc6d4b" outcome="Passed" testListId="8c84fa94-04c1-424b-9868-57a2d4851a1d" relativeResultsDirectory="869f7c3f-2cef-4ad4-966a-a5fe3bc4a4a9" />
    <UnitTestResult executionId="b389c035-e4f4-448c-90c0-b9d1616b5fb9" testId="58e741bd-777c-df5d-d9c1-457b2c873d32" testName="xUnitTestProject.CurrencyHelperTests.FormatToStringTest1000(price: 20978.860218282258, expected: &quot;20978.86 zł&quot;)" computerName="DESKTOP-5URQ9PB" duration="00:00:00.0000039" startTime="2022-06-13T21:15:49.4194651+02:00" endTime="2022-06-13T21:15:49.4194653+02:00" testType="13cdc9d9-ddb5-4fa4-a97d-d965ccfc6d4b" outcome="Passed" testListId="8c84fa94-04c1-424b-9868-57a2d4851a1d" relativeResultsDirectory="b389c035-e4f4-448c-90c0-b9d1616b5fb9" />
    <UnitTestResult executionId="c8287bd5-3951-4777-a179-b431b1324e31" testId="f72783d9-64aa-50e2-fcd1-46f621632d5d" testName="xUnitTestProject.CurrencyHelperTests.FormatToStringTest1000(price: 13681.607566007231, expected: &quot;13681.61 zł&quot;)" computerName="DESKTOP-5URQ9PB" duration="00:00:00.0000039" startTime="2022-06-13T21:15:49.4797375+02:00" endTime="2022-06-13T21:15:49.4797376+02:00" testType="13cdc9d9-ddb5-4fa4-a97d-d965ccfc6d4b" outcome="Passed" testListId="8c84fa94-04c1-424b-9868-57a2d4851a1d" relativeResultsDirectory="c8287bd5-3951-4777-a179-b431b1324e31" />
    <UnitTestResult executionId="5348a4fc-a009-4391-aa9a-e26b642fcc8c" testId="a23aab13-e7cd-0855-c1ee-3a27796bc390" testName="xUnitTestProject.CurrencyHelperTests.FormatToStringTest1000(price: 32821.05661472215, expected: &quot;32821.06 zł&quot;)" computerName="DESKTOP-5URQ9PB" duration="00:00:00.0000039" startTime="2022-06-13T21:15:49.4913393+02:00" endTime="2022-06-13T21:15:49.4913395+02:00" testType="13cdc9d9-ddb5-4fa4-a97d-d965ccfc6d4b" outcome="Passed" testListId="8c84fa94-04c1-424b-9868-57a2d4851a1d" relativeResultsDirectory="5348a4fc-a009-4391-aa9a-e26b642fcc8c" />
    <UnitTestResult executionId="36e4394a-4a59-4f16-af67-1d6e42b59f4e" testId="1fffb893-3987-58da-ed03-e4f32e271dc9" testName="xUnitTestProject.CurrencyHelperTests.FormatToStringTest1000(price: 19435.417227184127, expected: &quot;19435.42 zł&quot;)" computerName="DESKTOP-5URQ9PB" duration="00:00:00.0000038" startTime="2022-06-13T21:15:49.5046528+02:00" endTime="2022-06-13T21:15:49.5046529+02:00" testType="13cdc9d9-ddb5-4fa4-a97d-d965ccfc6d4b" outcome="Passed" testListId="8c84fa94-04c1-424b-9868-57a2d4851a1d" relativeResultsDirectory="36e4394a-4a59-4f16-af67-1d6e42b59f4e" />
    <UnitTestResult executionId="e9500353-caa2-4e1b-9a29-9752f786b580" testId="85835fd9-2c0e-82ff-767f-a5379021f4f3" testName="xUnitTestProject.CurrencyHelperTests.FormatToStringTest1000(price: 480.2082316857801, expected: &quot;480.21 zł&quot;)" computerName="DESKTOP-5URQ9PB" duration="00:00:00.0000040" startTime="2022-06-13T21:15:49.4864353+02:00" endTime="2022-06-13T21:15:49.4864354+02:00" testType="13cdc9d9-ddb5-4fa4-a97d-d965ccfc6d4b" outcome="Passed" testListId="8c84fa94-04c1-424b-9868-57a2d4851a1d" relativeResultsDirectory="e9500353-caa2-4e1b-9a29-9752f786b580" />
    <UnitTestResult executionId="4942b0d3-9d22-4aa7-b383-25b997eda2d5" testId="2a1ae3da-2a49-9688-92eb-6a1bc6d0cf01" testName="xUnitTestProject.CurrencyHelperTests.FormatToStringTest1000(price: 4525.609305084501, expected: &quot;4525.61 zł&quot;)" computerName="DESKTOP-5URQ9PB" duration="00:00:00.0000039" startTime="2022-06-13T21:15:49.4333912+02:00" endTime="2022-06-13T21:15:49.4333913+02:00" testType="13cdc9d9-ddb5-4fa4-a97d-d965ccfc6d4b" outcome="Passed" testListId="8c84fa94-04c1-424b-9868-57a2d4851a1d" relativeResultsDirectory="4942b0d3-9d22-4aa7-b383-25b997eda2d5" />
    <UnitTestResult executionId="a86bd8f2-5097-4e15-a52c-f9373e628323" testId="8ff84779-95f5-a8f9-809e-e568d86ada77" testName="xUnitTestProject.CurrencyHelperTests.FormatToStringTest1000(price: 26686.08488193065, expected: &quot;26686.08 zł&quot;)" computerName="DESKTOP-5URQ9PB" duration="00:00:00.0000039" startTime="2022-06-13T21:15:49.4767432+02:00" endTime="2022-06-13T21:15:49.4767433+02:00" testType="13cdc9d9-ddb5-4fa4-a97d-d965ccfc6d4b" outcome="Passed" testListId="8c84fa94-04c1-424b-9868-57a2d4851a1d" relativeResultsDirectory="a86bd8f2-5097-4e15-a52c-f9373e628323" />
    <UnitTestResult executionId="9fa91f25-d957-4283-a544-bede067ad223" testId="e97847d9-9bdd-db77-8bd9-477fffb0c503" testName="xUnitTestProject.CurrencyHelperTests.FormatToStringTest1000(price: 765.778932784581, expected: &quot;765.78 zł&quot;)" computerName="DESKTOP-5URQ9PB" duration="00:00:00.0000040" startTime="2022-06-13T21:15:49.4795528+02:00" endTime="2022-06-13T21:15:49.4795530+02:00" testType="13cdc9d9-ddb5-4fa4-a97d-d965ccfc6d4b" outcome="Passed" testListId="8c84fa94-04c1-424b-9868-57a2d4851a1d" relativeResultsDirectory="9fa91f25-d957-4283-a544-bede067ad223" />
    <UnitTestResult executionId="9f6c74c4-66b0-4a8d-94f6-486c27b38364" testId="ffe61818-02d5-371a-a7be-23a9f86c9cc7" testName="xUnitTestProject.CurrencyHelperTests.FormatToStringTest1000(price: 8802.811382028653, expected: &quot;8802.81 zł&quot;)" computerName="DESKTOP-5URQ9PB" duration="00:00:00.0000040" startTime="2022-06-13T21:15:49.4717794+02:00" endTime="2022-06-13T21:15:49.4717795+02:00" testType="13cdc9d9-ddb5-4fa4-a97d-d965ccfc6d4b" outcome="Passed" testListId="8c84fa94-04c1-424b-9868-57a2d4851a1d" relativeResultsDirectory="9f6c74c4-66b0-4a8d-94f6-486c27b38364" />
    <UnitTestResult executionId="450b2b81-2b64-4396-90d4-1f1a846edcdd" testId="b873b04a-7c62-5dd2-8547-3f31b075c272" testName="xUnitTestProject.CurrencyHelperTests.FormatToStringTest1000(price: 15396.537902579894, expected: &quot;15396.54 zł&quot;)" computerName="DESKTOP-5URQ9PB" duration="00:00:00.0000039" startTime="2022-06-13T21:15:49.4332702+02:00" endTime="2022-06-13T21:15:49.4332704+02:00" testType="13cdc9d9-ddb5-4fa4-a97d-d965ccfc6d4b" outcome="Passed" testListId="8c84fa94-04c1-424b-9868-57a2d4851a1d" relativeResultsDirectory="450b2b81-2b64-4396-90d4-1f1a846edcdd" />
    <UnitTestResult executionId="6de7752e-e72c-4af2-85dc-67adad2a4908" testId="1f9cd9ca-f1cd-430d-8d80-74a061c9ac45" testName="xUnitTestProject.CurrencyHelperTests.FormatToStringTest1000(price: 33251.41907856028, expected: &quot;33251.42 zł&quot;)" computerName="DESKTOP-5URQ9PB" duration="00:00:00.0000040" startTime="2022-06-13T21:15:49.4081038+02:00" endTime="2022-06-13T21:15:49.4081043+02:00" testType="13cdc9d9-ddb5-4fa4-a97d-d965ccfc6d4b" outcome="Passed" testListId="8c84fa94-04c1-424b-9868-57a2d4851a1d" relativeResultsDirectory="6de7752e-e72c-4af2-85dc-67adad2a4908" />
    <UnitTestResult executionId="addcedff-f2b0-423e-958e-3526cf0990b9" testId="386de361-29e9-e772-105e-fd42e87ecfec" testName="xUnitTestProject.CurrencyHelperTests.FormatToStringTest1000(price: 38253.101637909705, expected: &quot;38253.10 zł&quot;)" computerName="DESKTOP-5URQ9PB" duration="00:00:00.0000040" startTime="2022-06-13T21:15:49.4671287+02:00" endTime="2022-06-13T21:15:49.4671289+02:00" testType="13cdc9d9-ddb5-4fa4-a97d-d965ccfc6d4b" outcome="Passed" testListId="8c84fa94-04c1-424b-9868-57a2d4851a1d" relativeResultsDirectory="addcedff-f2b0-423e-958e-3526cf0990b9" />
    <UnitTestResult executionId="25f9d1d0-e3f5-4314-b19e-e85032e54e48" testId="56eb6a9f-6cb4-2abe-d7ee-7e044f42c842" testName="xUnitTestProject.CurrencyHelperTests.FormatToStringTest1000(price: 47964.941885361884, expected: &quot;47964.94 zł&quot;)" computerName="DESKTOP-5URQ9PB" duration="00:00:00.0000039" startTime="2022-06-13T21:15:49.4506160+02:00" endTime="2022-06-13T21:15:49.4506162+02:00" testType="13cdc9d9-ddb5-4fa4-a97d-d965ccfc6d4b" outcome="Passed" testListId="8c84fa94-04c1-424b-9868-57a2d4851a1d" relativeResultsDirectory="25f9d1d0-e3f5-4314-b19e-e85032e54e48" />
    <UnitTestResult executionId="45b0932a-19cd-4625-a5ac-ead32748e700" testId="5605ffe3-47bf-edde-5207-79dd7a259fef" testName="xUnitTestProject.CurrencyHelperTests.FormatToStringTest1000(price: 45955.903045959254, expected: &quot;45955.90 zł&quot;)" computerName="DESKTOP-5URQ9PB" duration="00:00:00.0000047" startTime="2022-06-13T21:15:49.4689747+02:00" endTime="2022-06-13T21:15:49.4689748+02:00" testType="13cdc9d9-ddb5-4fa4-a97d-d965ccfc6d4b" outcome="Passed" testListId="8c84fa94-04c1-424b-9868-57a2d4851a1d" relativeResultsDirectory="45b0932a-19cd-4625-a5ac-ead32748e700" />
    <UnitTestResult executionId="488b1872-bc00-4293-8713-5f1e3cdba6ea" testId="cb40e0a5-2f70-a60d-407b-51d7d2d25955" testName="xUnitTestProject.CurrencyHelperTests.FormatToStringTest1000(price: 19071.681252896637, expected: &quot;19071.68 zł&quot;)" computerName="DESKTOP-5URQ9PB" duration="00:00:00.0000040" startTime="2022-06-13T21:15:49.4623445+02:00" endTime="2022-06-13T21:15:49.4623446+02:00" testType="13cdc9d9-ddb5-4fa4-a97d-d965ccfc6d4b" outcome="Passed" testListId="8c84fa94-04c1-424b-9868-57a2d4851a1d" relativeResultsDirectory="488b1872-bc00-4293-8713-5f1e3cdba6ea" />
    <UnitTestResult executionId="b330a9c1-b10f-4f5a-a555-8c19db6f63fc" testId="650f8125-7e62-0be3-dcfc-dc1202eb9625" testName="xUnitTestProject.CurrencyHelperTests.FormatToStringTest1000(price: 55303.17220895699, expected: &quot;55303.17 zł&quot;)" computerName="DESKTOP-5URQ9PB" duration="00:00:00.0000041" startTime="2022-06-13T21:15:49.4020962+02:00" endTime="2022-06-13T21:15:49.4020963+02:00" testType="13cdc9d9-ddb5-4fa4-a97d-d965ccfc6d4b" outcome="Passed" testListId="8c84fa94-04c1-424b-9868-57a2d4851a1d" relativeResultsDirectory="b330a9c1-b10f-4f5a-a555-8c19db6f63fc" />
    <UnitTestResult executionId="b9627f27-3556-474c-a21f-52069a1f377d" testId="8c128bb7-55c2-1507-f225-4df0c4a48630" testName="xUnitTestProject.CurrencyHelperTests.FormatToStringTest1000(price: 5108.217389855635, expected: &quot;5108.22 zł&quot;)" computerName="DESKTOP-5URQ9PB" duration="00:00:00.0000044" startTime="2022-06-13T21:15:49.3822183+02:00" endTime="2022-06-13T21:15:49.3822184+02:00" testType="13cdc9d9-ddb5-4fa4-a97d-d965ccfc6d4b" outcome="Passed" testListId="8c84fa94-04c1-424b-9868-57a2d4851a1d" relativeResultsDirectory="b9627f27-3556-474c-a21f-52069a1f377d" />
    <UnitTestResult executionId="bbee4815-fb6d-426f-9669-f41dbfa403ad" testId="c6463145-e835-b32e-9815-611f61fa5540" testName="xUnitTestProject.CurrencyHelperTests.FormatToStringTest1000(price: 9190.067404299076, expected: &quot;9190.07 zł&quot;)" computerName="DESKTOP-5URQ9PB" duration="00:00:00.0000040" startTime="2022-06-13T21:15:49.5008076+02:00" endTime="2022-06-13T21:15:49.5008077+02:00" testType="13cdc9d9-ddb5-4fa4-a97d-d965ccfc6d4b" outcome="Passed" testListId="8c84fa94-04c1-424b-9868-57a2d4851a1d" relativeResultsDirectory="bbee4815-fb6d-426f-9669-f41dbfa403ad" />
    <UnitTestResult executionId="aadafd35-277b-4dd5-8b25-61bac11f20f1" testId="6741f227-11b2-eae5-6fc9-c96d18a30eb3" testName="xUnitTestProject.CurrencyHelperTests.FormatToStringTest1000(price: 964.9678631783313, expected: &quot;964.97 zł&quot;)" computerName="DESKTOP-5URQ9PB" duration="00:00:00.0000040" startTime="2022-06-13T21:15:49.4604349+02:00" endTime="2022-06-13T21:15:49.4604351+02:00" testType="13cdc9d9-ddb5-4fa4-a97d-d965ccfc6d4b" outcome="Passed" testListId="8c84fa94-04c1-424b-9868-57a2d4851a1d" relativeResultsDirectory="aadafd35-277b-4dd5-8b25-61bac11f20f1" />
    <UnitTestResult executionId="9078e197-034b-4574-b64d-a88a1b0c07e2" testId="9391af43-2aec-63c3-c456-eaf3d57ab573" testName="xUnitTestProject.CurrencyHelperTests.FormatToStringTest1000(price: 24768.25771770359, expected: &quot;24768.26 zł&quot;)" computerName="DESKTOP-5URQ9PB" duration="00:00:00.0000040" startTime="2022-06-13T21:15:49.4622549+02:00" endTime="2022-06-13T21:15:49.4622550+02:00" testType="13cdc9d9-ddb5-4fa4-a97d-d965ccfc6d4b" outcome="Passed" testListId="8c84fa94-04c1-424b-9868-57a2d4851a1d" relativeResultsDirectory="9078e197-034b-4574-b64d-a88a1b0c07e2" />
    <UnitTestResult executionId="2fa7dc45-13cb-431f-a809-77b8e08eaae9" testId="ca756e2d-d5c0-6e03-1ab7-b2045c06d17b" testName="xUnitTestProject.CurrencyHelperTests.FormatToStringTest1000(price: 75514.58914517732, expected: &quot;75514.59 zł&quot;)" computerName="DESKTOP-5URQ9PB" duration="00:00:00.0000040" startTime="2022-06-13T21:15:49.4432266+02:00" endTime="2022-06-13T21:15:49.4432269+02:00" testType="13cdc9d9-ddb5-4fa4-a97d-d965ccfc6d4b" outcome="Passed" testListId="8c84fa94-04c1-424b-9868-57a2d4851a1d" relativeResultsDirectory="2fa7dc45-13cb-431f-a809-77b8e08eaae9" />
    <UnitTestResult executionId="ed7df28b-483b-458b-acbe-79c568941833" testId="369e9363-5592-8231-38fe-e3c32cfca4c4" testName="xUnitTestProject.CurrencyHelperTests.FormatToStringTest1000(price: 626.135364110179, expected: &quot;626.14 zł&quot;)" computerName="DESKTOP-5URQ9PB" duration="00:00:00.0000039" startTime="2022-06-13T21:15:49.5027768+02:00" endTime="2022-06-13T21:15:49.5027769+02:00" testType="13cdc9d9-ddb5-4fa4-a97d-d965ccfc6d4b" outcome="Passed" testListId="8c84fa94-04c1-424b-9868-57a2d4851a1d" relativeResultsDirectory="ed7df28b-483b-458b-acbe-79c568941833" />
    <UnitTestResult executionId="ff682ca4-5ca8-47ab-a787-0968a2c843ec" testId="d74171b4-c8ee-1912-2996-ae0e2e26eb23" testName="xUnitTestProject.CurrencyHelperTests.FormatToStringTest1000(price: 1745.490603896552, expected: &quot;1745.49 zł&quot;)" computerName="DESKTOP-5URQ9PB" duration="00:00:00.0000038" startTime="2022-06-13T21:15:49.4404067+02:00" endTime="2022-06-13T21:15:49.4404069+02:00" testType="13cdc9d9-ddb5-4fa4-a97d-d965ccfc6d4b" outcome="Passed" testListId="8c84fa94-04c1-424b-9868-57a2d4851a1d" relativeResultsDirectory="ff682ca4-5ca8-47ab-a787-0968a2c843ec" />
    <UnitTestResult executionId="b76ce120-5720-4909-a2e0-3b082f6640d6" testId="76d85170-85b2-a48f-102e-aa9420de3580" testName="xUnitTestProject.CurrencyHelperTests.FormatToStringTest1000(price: 643.3550376181281, expected: &quot;643.36 zł&quot;)" computerName="DESKTOP-5URQ9PB" duration="00:00:00.0000045" startTime="2022-06-13T21:15:49.4281968+02:00" endTime="2022-06-13T21:15:49.4281970+02:00" testType="13cdc9d9-ddb5-4fa4-a97d-d965ccfc6d4b" outcome="Passed" testListId="8c84fa94-04c1-424b-9868-57a2d4851a1d" relativeResultsDirectory="b76ce120-5720-4909-a2e0-3b082f6640d6" />
    <UnitTestResult executionId="cbab771a-0eda-4f76-8d58-9f4b12c752ae" testId="787cef43-2dc9-190c-2e64-d5af6533289b" testName="xUnitTestProject.CurrencyHelperTests.FormatToStringTest1000(price: 32908.76696502639, expected: &quot;32908.77 zł&quot;)" computerName="DESKTOP-5URQ9PB" duration="00:00:00.0000046" startTime="2022-06-13T21:15:49.4204390+02:00" endTime="2022-06-13T21:15:49.4204392+02:00" testType="13cdc9d9-ddb5-4fa4-a97d-d965ccfc6d4b" outcome="Passed" testListId="8c84fa94-04c1-424b-9868-57a2d4851a1d" relativeResultsDirectory="cbab771a-0eda-4f76-8d58-9f4b12c752ae" />
    <UnitTestResult executionId="3b075122-9e72-48ee-a823-7b04debdcbdd" testId="79a853ed-d140-e6d5-86c3-6423b904d524" testName="xUnitTestProject.CurrencyHelperTests.FormatToStringTest1000(price: 22604.838218828587, expected: &quot;22604.84 zł&quot;)" computerName="DESKTOP-5URQ9PB" duration="00:00:00.0000039" startTime="2022-06-13T21:15:49.5116484+02:00" endTime="2022-06-13T21:15:49.5116523+02:00" testType="13cdc9d9-ddb5-4fa4-a97d-d965ccfc6d4b" outcome="Passed" testListId="8c84fa94-04c1-424b-9868-57a2d4851a1d" relativeResultsDirectory="3b075122-9e72-48ee-a823-7b04debdcbdd" />
    <UnitTestResult executionId="77111dcb-7ba3-4f2b-831a-a7acfba9e7a8" testId="9c7fd1db-1277-0ff0-b26a-428fd3366acd" testName="xUnitTestProject.CurrencyHelperTests.FormatToStringTest1000(price: 59768.02667973611, expected: &quot;59768.03 zł&quot;)" computerName="DESKTOP-5URQ9PB" duration="00:00:00.0000041" startTime="2022-06-13T21:15:49.4464074+02:00" endTime="2022-06-13T21:15:49.4464076+02:00" testType="13cdc9d9-ddb5-4fa4-a97d-d965ccfc6d4b" outcome="Passed" testListId="8c84fa94-04c1-424b-9868-57a2d4851a1d" relativeResultsDirectory="77111dcb-7ba3-4f2b-831a-a7acfba9e7a8" />
    <UnitTestResult executionId="439f6094-8c86-4ab3-8f0f-c967bf2f4cd1" testId="e605935b-b7df-1383-2d29-96bb8b33e684" testName="xUnitTestProject.CurrencyHelperTests.FormatToStringTest1000(price: 15841.26419853478, expected: &quot;15841.26 zł&quot;)" computerName="DESKTOP-5URQ9PB" duration="00:00:00.0000038" startTime="2022-06-13T21:15:49.4719301+02:00" endTime="2022-06-13T21:15:49.4719302+02:00" testType="13cdc9d9-ddb5-4fa4-a97d-d965ccfc6d4b" outcome="Passed" testListId="8c84fa94-04c1-424b-9868-57a2d4851a1d" relativeResultsDirectory="439f6094-8c86-4ab3-8f0f-c967bf2f4cd1" />
    <UnitTestResult executionId="e8074c7b-036e-41d6-8ff5-d397063ae988" testId="cbad7040-1370-8b80-f9ed-c7be376f327f" testName="xUnitTestProject.CurrencyHelperTests.FormatToStringTest1000(price: 65809.35218338219, expected: &quot;65809.35 zł&quot;)" computerName="DESKTOP-5URQ9PB" duration="00:00:00.0000037" startTime="2022-06-13T21:15:49.5017777+02:00" endTime="2022-06-13T21:15:49.5017778+02:00" testType="13cdc9d9-ddb5-4fa4-a97d-d965ccfc6d4b" outcome="Passed" testListId="8c84fa94-04c1-424b-9868-57a2d4851a1d" relativeResultsDirectory="e8074c7b-036e-41d6-8ff5-d397063ae988" />
    <UnitTestResult executionId="a3838e11-c0cf-4f25-8ccb-6b18f07410a0" testId="c5aa0d75-50a2-309f-29ef-6a7a3d1053ab" testName="xUnitTestProject.CurrencyHelperTests.FormatToStringTest1000(price: 30031.89550569323, expected: &quot;30031.90 zł&quot;)" computerName="DESKTOP-5URQ9PB" duration="00:00:00.0000040" startTime="2022-06-13T21:15:49.4302633+02:00" endTime="2022-06-13T21:15:49.4302635+02:00" testType="13cdc9d9-ddb5-4fa4-a97d-d965ccfc6d4b" outcome="Passed" testListId="8c84fa94-04c1-424b-9868-57a2d4851a1d" relativeResultsDirectory="a3838e11-c0cf-4f25-8ccb-6b18f07410a0" />
    <UnitTestResult executionId="bc9dc9a6-82a4-466e-8479-1b1067cdb272" testId="65e69234-8b4f-5c5d-4c39-26b683719c33" testName="xUnitTestProject.CurrencyHelperTests.FormatToStringTest1000(price: 9079.930405251649, expected: &quot;9079.93 zł&quot;)" computerName="DESKTOP-5URQ9PB" duration="00:00:00.0000039" startTime="2022-06-13T21:15:49.4776220+02:00" endTime="2022-06-13T21:15:49.4776222+02:00" testType="13cdc9d9-ddb5-4fa4-a97d-d965ccfc6d4b" outcome="Passed" testListId="8c84fa94-04c1-424b-9868-57a2d4851a1d" relativeResultsDirectory="bc9dc9a6-82a4-466e-8479-1b1067cdb272" />
    <UnitTestResult executionId="cf3d5a85-c66b-4e46-af15-0b97d99e1755" testId="9f159054-0ade-aabd-0878-ac1771f3fda6" testName="xUnitTestProject.CurrencyHelperTests.FormatToStringTest1000(price: 395.45790295882983, expected: &quot;395.46 zł&quot;)" computerName="DESKTOP-5URQ9PB" duration="00:00:00.0000038" startTime="2022-06-13T21:15:49.4603754+02:00" endTime="2022-06-13T21:15:49.4603756+02:00" testType="13cdc9d9-ddb5-4fa4-a97d-d965ccfc6d4b" outcome="Passed" testListId="8c84fa94-04c1-424b-9868-57a2d4851a1d" relativeResultsDirectory="cf3d5a85-c66b-4e46-af15-0b97d99e1755" />
    <UnitTestResult executionId="99233cef-4cfd-4b64-a786-d6b17454e539" testId="9e92a3ef-f628-77f3-597e-ab6211795c33" testName="xUnitTestProject.CurrencyHelperTests.FormatToStringTest1000(price: 17845.255864087147, expected: &quot;17845.26 zł&quot;)" computerName="DESKTOP-5URQ9PB" duration="00:00:00.0000040" startTime="2022-06-13T21:15:49.4535138+02:00" endTime="2022-06-13T21:15:49.4535140+02:00" testType="13cdc9d9-ddb5-4fa4-a97d-d965ccfc6d4b" outcome="Passed" testListId="8c84fa94-04c1-424b-9868-57a2d4851a1d" relativeResultsDirectory="99233cef-4cfd-4b64-a786-d6b17454e539" />
    <UnitTestResult executionId="34c83539-0800-421b-89cd-4013ab143151" testId="1e915730-ab57-9b1e-994b-24cc1c98dc55" testName="xUnitTestProject.CurrencyHelperTests.FormatToStringTest1000(price: 65204.90483536055, expected: &quot;65204.90 zł&quot;)" computerName="DESKTOP-5URQ9PB" duration="00:00:00.0000038" startTime="2022-06-13T21:15:49.4698751+02:00" endTime="2022-06-13T21:15:49.4698752+02:00" testType="13cdc9d9-ddb5-4fa4-a97d-d965ccfc6d4b" outcome="Passed" testListId="8c84fa94-04c1-424b-9868-57a2d4851a1d" relativeResultsDirectory="34c83539-0800-421b-89cd-4013ab143151" />
    <UnitTestResult executionId="2603c402-dcdb-4769-bcd3-f4c94b43212e" testId="ebd1aa40-63da-115b-f2a9-d23a543d03a1" testName="xUnitTestProject.CurrencyHelperTests.FormatToStringTest1000(price: 20441.330495004695, expected: &quot;20441.33 zł&quot;)" computerName="DESKTOP-5URQ9PB" duration="00:00:00.0000039" startTime="2022-06-13T21:15:49.4603449+02:00" endTime="2022-06-13T21:15:49.4603450+02:00" testType="13cdc9d9-ddb5-4fa4-a97d-d965ccfc6d4b" outcome="Passed" testListId="8c84fa94-04c1-424b-9868-57a2d4851a1d" relativeResultsDirectory="2603c402-dcdb-4769-bcd3-f4c94b43212e" />
    <UnitTestResult executionId="b9bc6738-2129-4c03-81fc-8c7375ffffb8" testId="e1d79475-a361-3073-e286-53d8423f4048" testName="xUnitTestProject.CurrencyHelperTests.FormatToStringTest1000(price: 95353.10327693219, expected: &quot;95353.10 zł&quot;)" computerName="DESKTOP-5URQ9PB" duration="00:00:00.0000039" startTime="2022-06-13T21:15:49.4030753+02:00" endTime="2022-06-13T21:15:49.4030754+02:00" testType="13cdc9d9-ddb5-4fa4-a97d-d965ccfc6d4b" outcome="Passed" testListId="8c84fa94-04c1-424b-9868-57a2d4851a1d" relativeResultsDirectory="b9bc6738-2129-4c03-81fc-8c7375ffffb8" />
    <UnitTestResult executionId="19c64210-834e-4d82-835f-bcde9729edb9" testId="f7339f67-966a-9543-e542-56a7562f05ad" testName="xUnitTestProject.CurrencyHelperTests.FormatToStringTest1000(price: 32566.30279101259, expected: &quot;32566.30 zł&quot;)" computerName="DESKTOP-5URQ9PB" duration="00:00:00.0000038" startTime="2022-06-13T21:15:49.4708874+02:00" endTime="2022-06-13T21:15:49.4708875+02:00" testType="13cdc9d9-ddb5-4fa4-a97d-d965ccfc6d4b" outcome="Passed" testListId="8c84fa94-04c1-424b-9868-57a2d4851a1d" relativeResultsDirectory="19c64210-834e-4d82-835f-bcde9729edb9" />
    <UnitTestResult executionId="6049f98a-3326-4e12-812c-cdd417bab042" testId="244b13a7-ff72-5a50-f054-4ff8ceb0d499" testName="xUnitTestProject.CurrencyHelperTests.FormatToStringTest1000(price: 20640.678251201603, expected: &quot;20640.68 zł&quot;)" computerName="DESKTOP-5URQ9PB" duration="00:00:00.0000040" startTime="2022-06-13T21:15:49.4680338+02:00" endTime="2022-06-13T21:15:49.4680340+02:00" testType="13cdc9d9-ddb5-4fa4-a97d-d965ccfc6d4b" outcome="Passed" testListId="8c84fa94-04c1-424b-9868-57a2d4851a1d" relativeResultsDirectory="6049f98a-3326-4e12-812c-cdd417bab042" />
    <UnitTestResult executionId="a3409192-a413-44a5-ad41-cc810de8b073" testId="da9e50fc-db80-afa7-5f4f-4cb6b2da8231" testName="xUnitTestProject.CurrencyHelperTests.FormatToStringTest1000(price: 28972.23604401212, expected: &quot;28972.24 zł&quot;)" computerName="DESKTOP-5URQ9PB" duration="00:00:00.0000039" startTime="2022-06-13T21:15:49.4155842+02:00" endTime="2022-06-13T21:15:49.4155843+02:00" testType="13cdc9d9-ddb5-4fa4-a97d-d965ccfc6d4b" outcome="Passed" testListId="8c84fa94-04c1-424b-9868-57a2d4851a1d" relativeResultsDirectory="a3409192-a413-44a5-ad41-cc810de8b073" />
    <UnitTestResult executionId="8402ddd8-7872-4d2b-ac95-cc9313496a94" testId="12d96651-40d0-5499-9770-bf08435d63fc" testName="xUnitTestProject.CurrencyHelperTests.FormatToStringTest1000(price: 13402.882692040355, expected: &quot;13402.88 zł&quot;)" computerName="DESKTOP-5URQ9PB" duration="00:00:00.0000038" startTime="2022-06-13T21:15:49.4922363+02:00" endTime="2022-06-13T21:15:49.4922365+02:00" testType="13cdc9d9-ddb5-4fa4-a97d-d965ccfc6d4b" outcome="Passed" testListId="8c84fa94-04c1-424b-9868-57a2d4851a1d" relativeResultsDirectory="8402ddd8-7872-4d2b-ac95-cc9313496a94" />
    <UnitTestResult executionId="1eab2e35-7912-45f6-a19b-f677d16dfd48" testId="1dd0f7bb-be41-1080-f53b-d32cb9d53ae0" testName="xUnitTestProject.CurrencyHelperTests.FormatToStringTest1000(price: 51300.77891898145, expected: &quot;51300.78 zł&quot;)" computerName="DESKTOP-5URQ9PB" duration="00:00:00.0000040" startTime="2022-06-13T21:15:49.4681248+02:00" endTime="2022-06-13T21:15:49.4681250+02:00" testType="13cdc9d9-ddb5-4fa4-a97d-d965ccfc6d4b" outcome="Passed" testListId="8c84fa94-04c1-424b-9868-57a2d4851a1d" relativeResultsDirectory="1eab2e35-7912-45f6-a19b-f677d16dfd48" />
    <UnitTestResult executionId="08c3c90d-c04c-4fc5-a6b5-6130cc041110" testId="b38d539d-6069-d89f-5c5e-102a8255e594" testName="xUnitTestProject.CurrencyHelperTests.FormatToStringTest1000(price: 2901.9683054191846, expected: &quot;2901.97 zł&quot;)" computerName="DESKTOP-5URQ9PB" duration="00:00:00.0000038" startTime="2022-06-13T21:15:49.4893050+02:00" endTime="2022-06-13T21:15:49.4893051+02:00" testType="13cdc9d9-ddb5-4fa4-a97d-d965ccfc6d4b" outcome="Passed" testListId="8c84fa94-04c1-424b-9868-57a2d4851a1d" relativeResultsDirectory="08c3c90d-c04c-4fc5-a6b5-6130cc041110" />
    <UnitTestResult executionId="c7aa90eb-8013-4184-9038-d49bbe6029bf" testId="5a540ea5-a914-2a7a-fb65-63091b7a1082" testName="xUnitTestProject.CurrencyHelperTests.FormatToStringTest1000(price: 1568.615240217473, expected: &quot;1568.62 zł&quot;)" computerName="DESKTOP-5URQ9PB" duration="00:00:00.0000047" startTime="2022-06-13T21:15:49.4921749+02:00" endTime="2022-06-13T21:15:49.4921750+02:00" testType="13cdc9d9-ddb5-4fa4-a97d-d965ccfc6d4b" outcome="Passed" testListId="8c84fa94-04c1-424b-9868-57a2d4851a1d" relativeResultsDirectory="c7aa90eb-8013-4184-9038-d49bbe6029bf" />
    <UnitTestResult executionId="b0bdf6ae-982f-4fbb-8f74-3517750dcbea" testId="466d7722-0345-718d-529e-85f31a949492" testName="xUnitTestProject.CurrencyHelperTests.FormatToStringTest1000(price: 2115.5076919884923, expected: &quot;2115.51 zł&quot;)" computerName="DESKTOP-5URQ9PB" duration="00:00:00.0000038" startTime="2022-06-13T21:15:49.4902436+02:00" endTime="2022-06-13T21:15:49.4902437+02:00" testType="13cdc9d9-ddb5-4fa4-a97d-d965ccfc6d4b" outcome="Passed" testListId="8c84fa94-04c1-424b-9868-57a2d4851a1d" relativeResultsDirectory="b0bdf6ae-982f-4fbb-8f74-3517750dcbea" />
    <UnitTestResult executionId="c97aa5ea-ddde-4c88-a0dc-6c96b6862eee" testId="7994a7d4-0fa0-5377-671c-ab94321aaf57" testName="xUnitTestProject.CurrencyHelperTests.FormatToStringTest1000(price: 61422.228144277455, expected: &quot;61422.23 zł&quot;)" computerName="DESKTOP-5URQ9PB" duration="00:00:00.0000038" startTime="2022-06-13T21:15:49.5113518+02:00" endTime="2022-06-13T21:15:49.5113565+02:00" testType="13cdc9d9-ddb5-4fa4-a97d-d965ccfc6d4b" outcome="Passed" testListId="8c84fa94-04c1-424b-9868-57a2d4851a1d" relativeResultsDirectory="c97aa5ea-ddde-4c88-a0dc-6c96b6862eee" />
    <UnitTestResult executionId="71b45bf3-31d7-49c6-8bf6-43c3e1305e9e" testId="d02dc591-3a84-d3ac-10be-a85efb2cb27c" testName="xUnitTestProject.CurrencyHelperTests.FormatToStringTest1000(price: 23789.556920184546, expected: &quot;23789.56 zł&quot;)" computerName="DESKTOP-5URQ9PB" duration="00:00:00.0000038" startTime="2022-06-13T21:15:49.4403453+02:00" endTime="2022-06-13T21:15:49.4403454+02:00" testType="13cdc9d9-ddb5-4fa4-a97d-d965ccfc6d4b" outcome="Passed" testListId="8c84fa94-04c1-424b-9868-57a2d4851a1d" relativeResultsDirectory="71b45bf3-31d7-49c6-8bf6-43c3e1305e9e" />
    <UnitTestResult executionId="cd3ccd53-60e9-4020-87df-94db58a468cc" testId="64486b5c-a699-4a15-d908-73d103db26bc" testName="xUnitTestProject.CurrencyHelperTests.FormatToStringTest1000(price: 31391.358864880804, expected: &quot;31391.36 zł&quot;)" computerName="DESKTOP-5URQ9PB" duration="00:00:00.0000040" startTime="2022-06-13T21:15:49.4864960+02:00" endTime="2022-06-13T21:15:49.4864962+02:00" testType="13cdc9d9-ddb5-4fa4-a97d-d965ccfc6d4b" outcome="Passed" testListId="8c84fa94-04c1-424b-9868-57a2d4851a1d" relativeResultsDirectory="cd3ccd53-60e9-4020-87df-94db58a468cc" />
    <UnitTestResult executionId="fd0d6937-1682-426e-aa60-0904a2c6a6e5" testId="37d09489-36bf-8c23-e75f-f494d92ed465" testName="xUnitTestProject.CurrencyHelperTests.FormatToStringTest1000(price: 14218.204344010543, expected: &quot;14218.20 zł&quot;)" computerName="DESKTOP-5URQ9PB" duration="00:00:00.0000040" startTime="2022-06-13T21:15:49.5027458+02:00" endTime="2022-06-13T21:15:49.5027459+02:00" testType="13cdc9d9-ddb5-4fa4-a97d-d965ccfc6d4b" outcome="Passed" testListId="8c84fa94-04c1-424b-9868-57a2d4851a1d" relativeResultsDirectory="fd0d6937-1682-426e-aa60-0904a2c6a6e5" />
    <UnitTestResult executionId="5d13fdd0-0327-487d-9ea1-7ec6d1b5a89e" testId="0e441c44-ccc7-5318-d743-a0646c26f920" testName="xUnitTestProject.CurrencyHelperTests.FormatToStringTest1000(price: 9068.70019550468, expected: &quot;9068.70 zł&quot;)" computerName="DESKTOP-5URQ9PB" duration="00:00:00.0000039" startTime="2022-06-13T21:15:49.4342960+02:00" endTime="2022-06-13T21:15:49.4342962+02:00" testType="13cdc9d9-ddb5-4fa4-a97d-d965ccfc6d4b" outcome="Passed" testListId="8c84fa94-04c1-424b-9868-57a2d4851a1d" relativeResultsDirectory="5d13fdd0-0327-487d-9ea1-7ec6d1b5a89e" />
    <UnitTestResult executionId="12acb6be-245f-40bd-8f0b-98b9109477bf" testId="f54965f2-1519-0721-6d19-cf1386c23793" testName="xUnitTestProject.CurrencyHelperTests.FormatToStringTest1000(price: 8242.419043611, expected: &quot;8242.42 zł&quot;)" computerName="DESKTOP-5URQ9PB" duration="00:00:00.0000039" startTime="2022-06-13T21:15:49.4815761+02:00" endTime="2022-06-13T21:15:49.4815762+02:00" testType="13cdc9d9-ddb5-4fa4-a97d-d965ccfc6d4b" outcome="Passed" testListId="8c84fa94-04c1-424b-9868-57a2d4851a1d" relativeResultsDirectory="12acb6be-245f-40bd-8f0b-98b9109477bf" />
    <UnitTestResult executionId="ac722f2e-6c9b-44e3-897a-5b2f47b2f54b" testId="d995492a-671e-36ff-0d73-ec59a569933d" testName="xUnitTestProject.CurrencyHelperTests.FormatToStringTest1000(price: 8013.1229931903645, expected: &quot;8013.12 zł&quot;)" computerName="DESKTOP-5URQ9PB" duration="00:00:00.0000040" startTime="2022-06-13T21:15:49.4311019+02:00" endTime="2022-06-13T21:15:49.4311023+02:00" testType="13cdc9d9-ddb5-4fa4-a97d-d965ccfc6d4b" outcome="Passed" testListId="8c84fa94-04c1-424b-9868-57a2d4851a1d" relativeResultsDirectory="ac722f2e-6c9b-44e3-897a-5b2f47b2f54b" />
    <UnitTestResult executionId="16268b66-e943-4c13-9d23-6302d5b8cef9" testId="560147e0-585f-3c73-5235-3ae492c399e0" testName="xUnitTestProject.CurrencyHelperTests.FormatToStringTest1000(price: 31340.79231238914, expected: &quot;31340.79 zł&quot;)" computerName="DESKTOP-5URQ9PB" duration="00:00:00.0000040" startTime="2022-06-13T21:15:49.4104187+02:00" endTime="2022-06-13T21:15:49.4104189+02:00" testType="13cdc9d9-ddb5-4fa4-a97d-d965ccfc6d4b" outcome="Passed" testListId="8c84fa94-04c1-424b-9868-57a2d4851a1d" relativeResultsDirectory="16268b66-e943-4c13-9d23-6302d5b8cef9" />
    <UnitTestResult executionId="265ad9f4-4d35-4fa4-8302-d24325be29e1" testId="4d20e584-0f2f-1ed1-3ddf-7516456e8aa4" testName="xUnitTestProject.CurrencyHelperTests.FormatToStringTest1000(price: 5840.747097845071, expected: &quot;5840.75 zł&quot;)" computerName="DESKTOP-5URQ9PB" duration="00:00:00.0000039" startTime="2022-06-13T21:15:49.5015592+02:00" endTime="2022-06-13T21:15:49.5015596+02:00" testType="13cdc9d9-ddb5-4fa4-a97d-d965ccfc6d4b" outcome="Passed" testListId="8c84fa94-04c1-424b-9868-57a2d4851a1d" relativeResultsDirectory="265ad9f4-4d35-4fa4-8302-d24325be29e1" />
    <UnitTestResult executionId="2fd11606-de8a-42c7-a95c-1125a80511e7" testId="be135b72-4539-0e97-74d0-b204a763297e" testName="xUnitTestProject.CurrencyHelperTests.FormatToStringTest1000(price: 15337.485230751097, expected: &quot;15337.49 zł&quot;)" computerName="DESKTOP-5URQ9PB" duration="00:00:00.0000044" startTime="2022-06-13T21:15:49.5007146+02:00" endTime="2022-06-13T21:15:49.5007147+02:00" testType="13cdc9d9-ddb5-4fa4-a97d-d965ccfc6d4b" outcome="Passed" testListId="8c84fa94-04c1-424b-9868-57a2d4851a1d" relativeResultsDirectory="2fd11606-de8a-42c7-a95c-1125a80511e7" />
    <UnitTestResult executionId="6564f20f-edd5-48ed-9892-253d30aa9fdf" testId="2ff98558-45c2-21dd-60d2-e1efdde7c0a8" testName="xUnitTestProject.CurrencyHelperTests.FormatToStringTest1000(price: 35.34471716840971, expected: &quot;35.34 zł&quot;)" computerName="DESKTOP-5URQ9PB" duration="00:00:00.0000038" startTime="2022-06-13T21:15:49.4204993+02:00" endTime="2022-06-13T21:15:49.4204995+02:00" testType="13cdc9d9-ddb5-4fa4-a97d-d965ccfc6d4b" outcome="Passed" testListId="8c84fa94-04c1-424b-9868-57a2d4851a1d" relativeResultsDirectory="6564f20f-edd5-48ed-9892-253d30aa9fdf" />
    <UnitTestResult executionId="fafc403c-fa11-4217-b880-d96a29608d4a" testId="7729c68a-38c8-f8ce-da09-5022e186685c" testName="xUnitTestProject.CurrencyHelperTests.FormatToStringTest1000(price: 79.6815319544084, expected: &quot;79.68 zł&quot;)" computerName="DESKTOP-5URQ9PB" duration="00:00:00.0000039" startTime="2022-06-13T21:15:49.4301712+02:00" endTime="2022-06-13T21:15:49.4301714+02:00" testType="13cdc9d9-ddb5-4fa4-a97d-d965ccfc6d4b" outcome="Passed" testListId="8c84fa94-04c1-424b-9868-57a2d4851a1d" relativeResultsDirectory="fafc403c-fa11-4217-b880-d96a29608d4a" />
    <UnitTestResult executionId="a0fac4cf-597f-4cf3-88f1-824ef67c1c6b" testId="6a1a0675-fdd2-69ea-ed07-cd8b45ca5094" testName="xUnitTestProject.CurrencyHelperTests.FormatToStringTest1000(price: 24825.207513729205, expected: &quot;24825.21 zł&quot;)" computerName="DESKTOP-5URQ9PB" duration="00:00:00.0000040" startTime="2022-06-13T21:15:49.4515971+02:00" endTime="2022-06-13T21:15:49.4515973+02:00" testType="13cdc9d9-ddb5-4fa4-a97d-d965ccfc6d4b" outcome="Passed" testListId="8c84fa94-04c1-424b-9868-57a2d4851a1d" relativeResultsDirectory="a0fac4cf-597f-4cf3-88f1-824ef67c1c6b" />
    <UnitTestResult executionId="f0cd0389-e15f-4a02-a9a5-de2c84a15f4e" testId="45c93144-7308-3312-8730-30e05720d551" testName="xUnitTestProject.CurrencyHelperTests.FormatToStringTest1000(price: 1073.195098933389, expected: &quot;1073.20 zł&quot;)" computerName="DESKTOP-5URQ9PB" duration="00:00:00.0000039" startTime="2022-06-13T21:15:49.4454507+02:00" endTime="2022-06-13T21:15:49.4454508+02:00" testType="13cdc9d9-ddb5-4fa4-a97d-d965ccfc6d4b" outcome="Passed" testListId="8c84fa94-04c1-424b-9868-57a2d4851a1d" relativeResultsDirectory="f0cd0389-e15f-4a02-a9a5-de2c84a15f4e" />
    <UnitTestResult executionId="b70da510-447c-4109-8ae8-960c2c7f31df" testId="d04a2ff8-d519-5ad7-fd64-a85e9b9ae68c" testName="xUnitTestProject.CurrencyHelperTests.FormatToStringTest1000(price: 5876.112133716285, expected: &quot;5876.11 zł&quot;)" computerName="DESKTOP-5URQ9PB" duration="00:00:00.0000040" startTime="2022-06-13T21:15:49.4640821+02:00" endTime="2022-06-13T21:15:49.4640822+02:00" testType="13cdc9d9-ddb5-4fa4-a97d-d965ccfc6d4b" outcome="Passed" testListId="8c84fa94-04c1-424b-9868-57a2d4851a1d" relativeResultsDirectory="b70da510-447c-4109-8ae8-960c2c7f31df" />
    <UnitTestResult executionId="bcc7eeec-a5f2-48b6-850f-60c7543963e2" testId="b2d498a1-af9b-33b8-aa18-e8644e9da7f1" testName="xUnitTestProject.CurrencyHelperTests.FormatToStringTest1000(price: 12379.347974640013, expected: &quot;12379.35 zł&quot;)" computerName="DESKTOP-5URQ9PB" duration="00:00:00.0000037" startTime="2022-06-13T21:15:49.4835621+02:00" endTime="2022-06-13T21:15:49.4835623+02:00" testType="13cdc9d9-ddb5-4fa4-a97d-d965ccfc6d4b" outcome="Passed" testListId="8c84fa94-04c1-424b-9868-57a2d4851a1d" relativeResultsDirectory="bcc7eeec-a5f2-48b6-850f-60c7543963e2" />
    <UnitTestResult executionId="17e5acd4-f789-48dc-a3d0-cf8c417c9c66" testId="6f6f8b3a-15e7-3194-8c20-0c46fab5e263" testName="xUnitTestProject.CurrencyHelperTests.FormatToStringTest1000(price: 7013.601812260971, expected: &quot;7013.60 zł&quot;)" computerName="DESKTOP-5URQ9PB" duration="00:00:00.0000040" startTime="2022-06-13T21:15:49.3987584+02:00" endTime="2022-06-13T21:15:49.3987588+02:00" testType="13cdc9d9-ddb5-4fa4-a97d-d965ccfc6d4b" outcome="Passed" testListId="8c84fa94-04c1-424b-9868-57a2d4851a1d" relativeResultsDirectory="17e5acd4-f789-48dc-a3d0-cf8c417c9c66" />
    <UnitTestResult executionId="de27ecb8-3211-46fd-a61e-437861c48e2a" testId="4e78f25c-d355-e112-010c-d75e1dbe484f" testName="xUnitTestProject.CurrencyHelperTests.FormatToStringTest1000(price: 40268.121943438484, expected: &quot;40268.12 zł&quot;)" computerName="DESKTOP-5URQ9PB" duration="00:00:00.0000038" startTime="2022-06-13T21:15:49.4515272+02:00" endTime="2022-06-13T21:15:49.4515274+02:00" testType="13cdc9d9-ddb5-4fa4-a97d-d965ccfc6d4b" outcome="Passed" testListId="8c84fa94-04c1-424b-9868-57a2d4851a1d" relativeResultsDirectory="de27ecb8-3211-46fd-a61e-437861c48e2a" />
    <UnitTestResult executionId="ae326a72-6662-4f45-8404-948de4693179" testId="d493c8e9-cfea-2fc7-4acb-79ca91dde5f0" testName="xUnitTestProject.CurrencyHelperTests.FormatToStringTest1000(price: 10527.083945901639, expected: &quot;10527.08 zł&quot;)" computerName="DESKTOP-5URQ9PB" duration="00:00:00.0000039" startTime="2022-06-13T21:15:49.4708260+02:00" endTime="2022-06-13T21:15:49.4708261+02:00" testType="13cdc9d9-ddb5-4fa4-a97d-d965ccfc6d4b" outcome="Passed" testListId="8c84fa94-04c1-424b-9868-57a2d4851a1d" relativeResultsDirectory="ae326a72-6662-4f45-8404-948de4693179" />
    <UnitTestResult executionId="788512e8-22c2-4fd9-a8f8-0ab309dfd641" testId="039e02b8-589d-bf11-ab34-101144716c75" testName="xUnitTestProject.CurrencyHelperTests.FormatToStringTest1000(price: 68479.93492677805, expected: &quot;68479.93 zł&quot;)" computerName="DESKTOP-5URQ9PB" duration="00:00:00.0000040" startTime="2022-06-13T21:15:49.5121082+02:00" endTime="2022-06-13T21:15:49.5121106+02:00" testType="13cdc9d9-ddb5-4fa4-a97d-d965ccfc6d4b" outcome="Passed" testListId="8c84fa94-04c1-424b-9868-57a2d4851a1d" relativeResultsDirectory="788512e8-22c2-4fd9-a8f8-0ab309dfd641" />
    <UnitTestResult executionId="68a16dfd-5055-415e-88dc-30f1454b4b00" testId="24614531-2aef-39c0-ae03-729fa029c955" testName="xUnitTestProject.CurrencyHelperTests.FormatToStringTest1000(price: 78796.90433980194, expected: &quot;78796.90 zł&quot;)" computerName="DESKTOP-5URQ9PB" duration="00:00:00.0000041" startTime="2022-06-13T21:15:49.4452670+02:00" endTime="2022-06-13T21:15:49.4452672+02:00" testType="13cdc9d9-ddb5-4fa4-a97d-d965ccfc6d4b" outcome="Passed" testListId="8c84fa94-04c1-424b-9868-57a2d4851a1d" relativeResultsDirectory="68a16dfd-5055-415e-88dc-30f1454b4b00" />
    <UnitTestResult executionId="018eb2c8-19e2-46c3-b5b2-1dca6b044f27" testId="f15540c1-ce27-2f60-c3f9-161af09be8cd" testName="xUnitTestProject.CurrencyHelperTests.FormatToStringTest1000(price: 57713.01647853712, expected: &quot;57713.02 zł&quot;)" computerName="DESKTOP-5URQ9PB" duration="00:00:00.0000040" startTime="2022-06-13T21:15:49.4892452+02:00" endTime="2022-06-13T21:15:49.4892453+02:00" testType="13cdc9d9-ddb5-4fa4-a97d-d965ccfc6d4b" outcome="Passed" testListId="8c84fa94-04c1-424b-9868-57a2d4851a1d" relativeResultsDirectory="018eb2c8-19e2-46c3-b5b2-1dca6b044f27" />
    <UnitTestResult executionId="aa3e1caa-97a9-4631-a27e-f2f2ee3ca82f" testId="be9ca199-100c-7487-211b-359c6f85feb5" testName="xUnitTestProject.CurrencyHelperTests.FormatToStringTest1000(price: 14475.498583194567, expected: &quot;14475.50 zł&quot;)" computerName="DESKTOP-5URQ9PB" duration="00:00:00.0000040" startTime="2022-06-13T21:15:49.5026247+02:00" endTime="2022-06-13T21:15:49.5026248+02:00" testType="13cdc9d9-ddb5-4fa4-a97d-d965ccfc6d4b" outcome="Passed" testListId="8c84fa94-04c1-424b-9868-57a2d4851a1d" relativeResultsDirectory="aa3e1caa-97a9-4631-a27e-f2f2ee3ca82f" />
    <UnitTestResult executionId="bb502d1c-dd7b-4fef-9259-2be3c12f2743" testId="34d55980-db04-996b-37e3-5ad72dcd15ab" testName="xUnitTestProject.CurrencyHelperTests.FormatToStringTest1000(price: 941.429400278921, expected: &quot;941.43 zł&quot;)" computerName="DESKTOP-5URQ9PB" duration="00:00:00.0000038" startTime="2022-06-13T21:15:49.4221671+02:00" endTime="2022-06-13T21:15:49.4221674+02:00" testType="13cdc9d9-ddb5-4fa4-a97d-d965ccfc6d4b" outcome="Passed" testListId="8c84fa94-04c1-424b-9868-57a2d4851a1d" relativeResultsDirectory="bb502d1c-dd7b-4fef-9259-2be3c12f2743" />
    <UnitTestResult executionId="99dadd8d-41df-4616-bab6-e99b042dbb6f" testId="e54868c5-e23a-96f9-bd57-052b8e9f25f9" testName="xUnitTestProject.CurrencyHelperTests.FormatToStringTest1000(price: 8768.816937361293, expected: &quot;8768.82 zł&quot;)" computerName="DESKTOP-5URQ9PB" duration="00:00:00.0000038" startTime="2022-06-13T21:15:49.4996784+02:00" endTime="2022-06-13T21:15:49.4996785+02:00" testType="13cdc9d9-ddb5-4fa4-a97d-d965ccfc6d4b" outcome="Passed" testListId="8c84fa94-04c1-424b-9868-57a2d4851a1d" relativeResultsDirectory="99dadd8d-41df-4616-bab6-e99b042dbb6f" />
    <UnitTestResult executionId="a7dfaa21-d0a0-44e1-a340-6bec29caffc1" testId="9bed9c4d-df2b-32b1-c6ce-ea879f4b2fcd" testName="xUnitTestProject.CurrencyHelperTests.FormatToStringTest1000(price: 6429.44273095552, expected: &quot;6429.44 zł&quot;)" computerName="DESKTOP-5URQ9PB" duration="00:00:00.0000039" startTime="2022-06-13T21:15:49.4514973+02:00" endTime="2022-06-13T21:15:49.4514974+02:00" testType="13cdc9d9-ddb5-4fa4-a97d-d965ccfc6d4b" outcome="Passed" testListId="8c84fa94-04c1-424b-9868-57a2d4851a1d" relativeResultsDirectory="a7dfaa21-d0a0-44e1-a340-6bec29caffc1" />
    <UnitTestResult executionId="15132561-a0c1-49a7-8c79-ee9da6b88fed" testId="ef8075a8-e8bb-22f0-871e-f2b168e2c55c" testName="xUnitTestProject.CurrencyHelperTests.FormatToStringTest1000(price: 54275.73209373408, expected: &quot;54275.73 zł&quot;)" computerName="DESKTOP-5URQ9PB" duration="00:00:00.0000040" startTime="2022-06-13T21:15:49.3998333+02:00" endTime="2022-06-13T21:15:49.3998335+02:00" testType="13cdc9d9-ddb5-4fa4-a97d-d965ccfc6d4b" outcome="Passed" testListId="8c84fa94-04c1-424b-9868-57a2d4851a1d" relativeResultsDirectory="15132561-a0c1-49a7-8c79-ee9da6b88fed" />
    <UnitTestResult executionId="be5d03e4-f541-4946-b533-1311d6821e5f" testId="8a9d7602-dc5d-c902-e8f4-8ad4401141f1" testName="xUnitTestProject.CurrencyHelperTests.FormatToStringTest1000(price: 15411.371650797022, expected: &quot;15411.37 zł&quot;)" computerName="DESKTOP-5URQ9PB" duration="00:00:00.0000043" startTime="2022-06-13T21:15:49.4113000+02:00" endTime="2022-06-13T21:15:49.4113002+02:00" testType="13cdc9d9-ddb5-4fa4-a97d-d965ccfc6d4b" outcome="Passed" testListId="8c84fa94-04c1-424b-9868-57a2d4851a1d" relativeResultsDirectory="be5d03e4-f541-4946-b533-1311d6821e5f" />
    <UnitTestResult executionId="ad943d9d-2c02-4700-961d-cfd3b05ae9e0" testId="4df9b13a-de84-7056-3c88-543d3fa32c62" testName="xUnitTestProject.CurrencyHelperTests.FormatToStringTest1000(price: 2121.0917325211185, expected: &quot;2121.09 zł&quot;)" computerName="DESKTOP-5URQ9PB" duration="00:00:00.0000040" startTime="2022-06-13T21:15:49.4873910+02:00" endTime="2022-06-13T21:15:49.4873911+02:00" testType="13cdc9d9-ddb5-4fa4-a97d-d965ccfc6d4b" outcome="Passed" testListId="8c84fa94-04c1-424b-9868-57a2d4851a1d" relativeResultsDirectory="ad943d9d-2c02-4700-961d-cfd3b05ae9e0" />
    <UnitTestResult executionId="65b70829-a6b7-4be2-8bbb-1eefd9a7e5cb" testId="0d7a2cf9-13e2-7888-b21b-f6464a19d4c6" testName="xUnitTestProject.CurrencyHelperTests.FormatToStringTest1000(price: 35065.40267025652, expected: &quot;35065.40 zł&quot;)" computerName="DESKTOP-5URQ9PB" duration="00:00:00.0000038" startTime="2022-06-13T21:15:49.4050544+02:00" endTime="2022-06-13T21:15:49.4050546+02:00" testType="13cdc9d9-ddb5-4fa4-a97d-d965ccfc6d4b" outcome="Passed" testListId="8c84fa94-04c1-424b-9868-57a2d4851a1d" relativeResultsDirectory="65b70829-a6b7-4be2-8bbb-1eefd9a7e5cb" />
    <UnitTestResult executionId="56262f6e-6551-4465-b0c5-6c03b1831204" testId="181c235a-8f4f-6777-859c-d2eff1a2ae91" testName="xUnitTestProject.CurrencyHelperTests.FormatToStringTest1000(price: 22017.250119325356, expected: &quot;22017.25 zł&quot;)" computerName="DESKTOP-5URQ9PB" duration="00:00:00.0000040" startTime="2022-06-13T21:15:49.4484756+02:00" endTime="2022-06-13T21:15:49.4484758+02:00" testType="13cdc9d9-ddb5-4fa4-a97d-d965ccfc6d4b" outcome="Passed" testListId="8c84fa94-04c1-424b-9868-57a2d4851a1d" relativeResultsDirectory="56262f6e-6551-4465-b0c5-6c03b1831204" />
    <UnitTestResult executionId="30ff539d-8ba5-43f6-a5e7-83105be8911e" testId="da6c3e32-e713-64a5-d755-377865e086d4" testName="xUnitTestProject.CurrencyHelperTests.FormatToStringTest1000(price: 23548.88067407016, expected: &quot;23548.88 zł&quot;)" computerName="DESKTOP-5URQ9PB" duration="00:00:00.0000037" startTime="2022-06-13T21:15:49.4412839+02:00" endTime="2022-06-13T21:15:49.4412843+02:00" testType="13cdc9d9-ddb5-4fa4-a97d-d965ccfc6d4b" outcome="Passed" testListId="8c84fa94-04c1-424b-9868-57a2d4851a1d" relativeResultsDirectory="30ff539d-8ba5-43f6-a5e7-83105be8911e" />
    <UnitTestResult executionId="d3c0f928-735d-4a31-a540-3152972889f0" testId="1a44af6f-888e-1f8e-a00f-e2d743b26f12" testName="xUnitTestProject.CurrencyHelperTests.FormatToStringTest1000(price: 7669.3855620214645, expected: &quot;7669.39 zł&quot;)" computerName="DESKTOP-5URQ9PB" duration="00:00:00.0000039" startTime="2022-06-13T21:15:49.4591629+02:00" endTime="2022-06-13T21:15:49.4591631+02:00" testType="13cdc9d9-ddb5-4fa4-a97d-d965ccfc6d4b" outcome="Passed" testListId="8c84fa94-04c1-424b-9868-57a2d4851a1d" relativeResultsDirectory="d3c0f928-735d-4a31-a540-3152972889f0" />
    <UnitTestResult executionId="21ea74af-c5b3-428e-97fe-3e6a90ad8305" testId="f80009c9-805e-194a-5298-bf93d54f39d7" testName="xUnitTestProject.CurrencyHelperTests.FormatToStringTest1000(price: 11912.404131636213, expected: &quot;11912.40 zł&quot;)" computerName="DESKTOP-5URQ9PB" duration="00:00:00.0000048" startTime="2022-06-13T21:15:49.4433842+02:00" endTime="2022-06-13T21:15:49.4433844+02:00" testType="13cdc9d9-ddb5-4fa4-a97d-d965ccfc6d4b" outcome="Passed" testListId="8c84fa94-04c1-424b-9868-57a2d4851a1d" relativeResultsDirectory="21ea74af-c5b3-428e-97fe-3e6a90ad8305" />
    <UnitTestResult executionId="61f425d3-a992-4448-9017-d9a08178b6b8" testId="fe704e3e-6170-ffae-ef99-e24643abf4f9" testName="xUnitTestProject.CurrencyHelperTests.FormatToStringTest1000(price: 12429.698213906819, expected: &quot;12429.70 zł&quot;)" computerName="DESKTOP-5URQ9PB" duration="00:00:00.0000052" startTime="2022-06-13T21:15:49.4353369+02:00" endTime="2022-06-13T21:15:49.4353370+02:00" testType="13cdc9d9-ddb5-4fa4-a97d-d965ccfc6d4b" outcome="Passed" testListId="8c84fa94-04c1-424b-9868-57a2d4851a1d" relativeResultsDirectory="61f425d3-a992-4448-9017-d9a08178b6b8" />
    <UnitTestResult executionId="668f6f15-4cbd-4cde-9701-8f2ebbe4c909" testId="a38d6dd0-4abc-cd66-f98d-02667c7de044" testName="xUnitTestProject.CurrencyHelperTests.FormatToStringTest1000(price: 20623.53139885493, expected: &quot;20623.53 zł&quot;)" computerName="DESKTOP-5URQ9PB" duration="00:00:00.0000044" startTime="2022-06-13T21:15:49.4961240+02:00" endTime="2022-06-13T21:15:49.4961242+02:00" testType="13cdc9d9-ddb5-4fa4-a97d-d965ccfc6d4b" outcome="Passed" testListId="8c84fa94-04c1-424b-9868-57a2d4851a1d" relativeResultsDirectory="668f6f15-4cbd-4cde-9701-8f2ebbe4c909" />
    <UnitTestResult executionId="7cff48c8-5ac1-46f1-8615-d9a84cc24fde" testId="b70675b1-ffbc-1a3f-030b-53fbcade7f2b" testName="xUnitTestProject.CurrencyHelperTests.FormatToStringTest1000(price: 3907.8681317963024, expected: &quot;3907.87 zł&quot;)" computerName="DESKTOP-5URQ9PB" duration="00:00:00.0000040" startTime="2022-06-13T21:15:49.4835930+02:00" endTime="2022-06-13T21:15:49.4835932+02:00" testType="13cdc9d9-ddb5-4fa4-a97d-d965ccfc6d4b" outcome="Passed" testListId="8c84fa94-04c1-424b-9868-57a2d4851a1d" relativeResultsDirectory="7cff48c8-5ac1-46f1-8615-d9a84cc24fde" />
    <UnitTestResult executionId="31031b49-3fc1-43b8-bf35-71430656a162" testId="7c480fcf-dcac-50a2-3106-264841c6a300" testName="xUnitTestProject.CurrencyHelperTests.FormatToStringTest1000(price: 20737.251994218328, expected: &quot;20737.25 zł&quot;)" computerName="DESKTOP-5URQ9PB" duration="00:00:00.0000041" startTime="2022-06-13T21:15:49.5034841+02:00" endTime="2022-06-13T21:15:49.5034844+02:00" testType="13cdc9d9-ddb5-4fa4-a97d-d965ccfc6d4b" outcome="Passed" testListId="8c84fa94-04c1-424b-9868-57a2d4851a1d" relativeResultsDirectory="31031b49-3fc1-43b8-bf35-71430656a162" />
    <UnitTestResult executionId="60c0aa82-b552-4273-8fdb-bba4632c5caa" testId="46d3bb4f-6f59-f6c2-b532-ed497dfae82c" testName="xUnitTestProject.CurrencyHelperTests.FormatToStringTest1000(price: 18208.8422650126, expected: &quot;18208.84 zł&quot;)" computerName="DESKTOP-5URQ9PB" duration="00:00:00.0000041" startTime="2022-06-13T21:15:49.3823439+02:00" endTime="2022-06-13T21:15:49.3823440+02:00" testType="13cdc9d9-ddb5-4fa4-a97d-d965ccfc6d4b" outcome="Passed" testListId="8c84fa94-04c1-424b-9868-57a2d4851a1d" relativeResultsDirectory="60c0aa82-b552-4273-8fdb-bba4632c5caa" />
    <UnitTestResult executionId="74db5ed9-ef5b-4780-9f90-9f0e1b8bf8e5" testId="ba870e88-e985-a063-3050-00fcfcbc95b8" testName="xUnitTestProject.CurrencyHelperTests.FormatToStringTest1000(price: 17798.633951516185, expected: &quot;17798.63 zł&quot;)" computerName="DESKTOP-5URQ9PB" duration="00:00:00.0000038" startTime="2022-06-13T21:15:49.4072516+02:00" endTime="2022-06-13T21:15:49.4072517+02:00" testType="13cdc9d9-ddb5-4fa4-a97d-d965ccfc6d4b" outcome="Passed" testListId="8c84fa94-04c1-424b-9868-57a2d4851a1d" relativeResultsDirectory="74db5ed9-ef5b-4780-9f90-9f0e1b8bf8e5" />
    <UnitTestResult executionId="8c154f92-182e-41ba-a607-38c97d53e376" testId="d6ef55e8-c5e6-5de1-49ad-15c2ce305191" testName="xUnitTestProject.CurrencyHelperTests.FormatToStringTest1000(price: 5810.695934967462, expected: &quot;5810.70 zł&quot;)" computerName="DESKTOP-5URQ9PB" duration="00:00:00.0000041" startTime="2022-06-13T21:15:49.4652548+02:00" endTime="2022-06-13T21:15:49.4652549+02:00" testType="13cdc9d9-ddb5-4fa4-a97d-d965ccfc6d4b" outcome="Passed" testListId="8c84fa94-04c1-424b-9868-57a2d4851a1d" relativeResultsDirectory="8c154f92-182e-41ba-a607-38c97d53e376" />
    <UnitTestResult executionId="db58d048-2531-44f6-addb-a16705867b4b" testId="e46091cf-1e82-9cd3-4478-8e74502a12eb" testName="xUnitTestProject.CurrencyHelperTests.FormatToStringTest1000(price: 22831.975917587977, expected: &quot;22831.98 zł&quot;)" computerName="DESKTOP-5URQ9PB" duration="00:00:00.0000039" startTime="2022-06-13T21:15:49.4214114+02:00" endTime="2022-06-13T21:15:49.4214115+02:00" testType="13cdc9d9-ddb5-4fa4-a97d-d965ccfc6d4b" outcome="Passed" testListId="8c84fa94-04c1-424b-9868-57a2d4851a1d" relativeResultsDirectory="db58d048-2531-44f6-addb-a16705867b4b" />
    <UnitTestResult executionId="21682838-a315-468d-a5ef-c680dde5ad1e" testId="f2358686-aae0-414b-7a27-d43a959b03da" testName="xUnitTestProject.CurrencyHelperTests.FormatToStringTest1000(price: 26529.10838037036, expected: &quot;26529.11 zł&quot;)" computerName="DESKTOP-5URQ9PB" duration="00:00:00.0000041" startTime="2022-06-13T21:15:49.4524872+02:00" endTime="2022-06-13T21:15:49.4524873+02:00" testType="13cdc9d9-ddb5-4fa4-a97d-d965ccfc6d4b" outcome="Passed" testListId="8c84fa94-04c1-424b-9868-57a2d4851a1d" relativeResultsDirectory="21682838-a315-468d-a5ef-c680dde5ad1e" />
    <UnitTestResult executionId="0cd8c436-b32c-46c5-b1c5-5565c0b44ed4" testId="a00a0db9-3140-48ef-5f63-6a059b1f6f40" testName="xUnitTestProject.CurrencyHelperTests.FormatToStringTest1000(price: 8908.080586221107, expected: &quot;8908.08 zł&quot;)" computerName="DESKTOP-5URQ9PB" duration="00:00:00.0000038" startTime="2022-06-13T21:15:49.4834613+02:00" endTime="2022-06-13T21:15:49.4834615+02:00" testType="13cdc9d9-ddb5-4fa4-a97d-d965ccfc6d4b" outcome="Passed" testListId="8c84fa94-04c1-424b-9868-57a2d4851a1d" relativeResultsDirectory="0cd8c436-b32c-46c5-b1c5-5565c0b44ed4" />
    <UnitTestResult executionId="5a6df79c-96c5-44e1-afc3-36de9f2c9963" testId="1006d1f0-5b29-3f16-0e5d-80a2a40c26e6" testName="xUnitTestProject.CurrencyHelperTests.FormatToStringTest1000(price: 4002.4180488374172, expected: &quot;4002.42 zł&quot;)" computerName="DESKTOP-5URQ9PB" duration="00:00:00.0000081" startTime="2022-06-13T21:15:49.4020364+02:00" endTime="2022-06-13T21:15:49.4020365+02:00" testType="13cdc9d9-ddb5-4fa4-a97d-d965ccfc6d4b" outcome="Passed" testListId="8c84fa94-04c1-424b-9868-57a2d4851a1d" relativeResultsDirectory="5a6df79c-96c5-44e1-afc3-36de9f2c9963" />
    <UnitTestResult executionId="cfc7109f-0874-4cea-bad3-e30478fd9e73" testId="dc54e0bb-502b-6570-9584-a9f765f8122d" testName="xUnitTestProject.CurrencyHelperTests.FormatToStringTest1000(price: 11944.74385168531, expected: &quot;11944.74 zł&quot;)" computerName="DESKTOP-5URQ9PB" duration="00:00:00.0000039" startTime="2022-06-13T21:15:49.3999539+02:00" endTime="2022-06-13T21:15:49.3999541+02:00" testType="13cdc9d9-ddb5-4fa4-a97d-d965ccfc6d4b" outcome="Passed" testListId="8c84fa94-04c1-424b-9868-57a2d4851a1d" relativeResultsDirectory="cfc7109f-0874-4cea-bad3-e30478fd9e73" />
    <UnitTestResult executionId="7c16f856-8d50-45ec-ae49-7ca51d176c4a" testId="0095ae63-2136-ec44-562f-f92a8a9ed8f7" testName="xUnitTestProject.CurrencyHelperTests.FormatToStringTest1000(price: 4139.032615562451, expected: &quot;4139.03 zł&quot;)" computerName="DESKTOP-5URQ9PB" duration="00:00:00.0000038" startTime="2022-06-13T21:15:49.4563561+02:00" endTime="2022-06-13T21:15:49.4563562+02:00" testType="13cdc9d9-ddb5-4fa4-a97d-d965ccfc6d4b" outcome="Passed" testListId="8c84fa94-04c1-424b-9868-57a2d4851a1d" relativeResultsDirectory="7c16f856-8d50-45ec-ae49-7ca51d176c4a" />
    <UnitTestResult executionId="191ff089-e43b-4253-811d-952d7ed92e71" testId="183dfbce-4b57-7750-e87b-9eb6c830ba31" testName="xUnitTestProject.CurrencyHelperTests.FormatToStringTest1000(price: 31347.468987404587, expected: &quot;31347.47 zł&quot;)" computerName="DESKTOP-5URQ9PB" duration="00:00:00.0000039" startTime="2022-06-13T21:15:49.4592237+02:00" endTime="2022-06-13T21:15:49.4592239+02:00" testType="13cdc9d9-ddb5-4fa4-a97d-d965ccfc6d4b" outcome="Passed" testListId="8c84fa94-04c1-424b-9868-57a2d4851a1d" relativeResultsDirectory="191ff089-e43b-4253-811d-952d7ed92e71" />
    <UnitTestResult executionId="fcc32b62-1b63-4f98-be95-bb82dd2d2bbf" testId="7514081f-0084-9527-726e-372a541e02c5" testName="xUnitTestProject.CurrencyHelperTests.FormatToStringTest1000(price: 32632.105531036905, expected: &quot;32632.11 zł&quot;)" computerName="DESKTOP-5URQ9PB" duration="00:00:00.0000038" startTime="2022-06-13T21:15:49.4165019+02:00" endTime="2022-06-13T21:15:49.4165023+02:00" testType="13cdc9d9-ddb5-4fa4-a97d-d965ccfc6d4b" outcome="Passed" testListId="8c84fa94-04c1-424b-9868-57a2d4851a1d" relativeResultsDirectory="fcc32b62-1b63-4f98-be95-bb82dd2d2bbf" />
    <UnitTestResult executionId="6f854778-4439-489a-b8ca-1ad615c92f8b" testId="2472258e-8be8-7772-0b75-b4a3d535f097" testName="xUnitTestProject.CurrencyHelperTests.FormatToStringTest1000(price: 10641.263377953444, expected: &quot;10641.26 zł&quot;)" computerName="DESKTOP-5URQ9PB" duration="00:00:00.0000045" startTime="2022-06-13T21:15:49.4403106+02:00" endTime="2022-06-13T21:15:49.4403110+02:00" testType="13cdc9d9-ddb5-4fa4-a97d-d965ccfc6d4b" outcome="Passed" testListId="8c84fa94-04c1-424b-9868-57a2d4851a1d" relativeResultsDirectory="6f854778-4439-489a-b8ca-1ad615c92f8b" />
    <UnitTestResult executionId="13370b7e-e89d-443c-a53f-acfc25efce61" testId="5105cd39-08d3-5cdf-e5e5-5aae2f2d51c8" testName="xUnitTestProject.CurrencyHelperTests.FormatToStringTest1000(price: 2937.138486199611, expected: &quot;2937.14 zł&quot;)" computerName="DESKTOP-5URQ9PB" duration="00:00:00.0000039" startTime="2022-06-13T21:15:49.3937518+02:00" endTime="2022-06-13T21:15:49.3937519+02:00" testType="13cdc9d9-ddb5-4fa4-a97d-d965ccfc6d4b" outcome="Passed" testListId="8c84fa94-04c1-424b-9868-57a2d4851a1d" relativeResultsDirectory="13370b7e-e89d-443c-a53f-acfc25efce61" />
    <UnitTestResult executionId="b2084157-20c3-4b9a-884f-88a7ee6790de" testId="83240b81-a0ee-d801-c63e-6e722955f2f1" testName="xUnitTestProject.CurrencyHelperTests.FormatToStringTest1000(price: 8644.187977380207, expected: &quot;8644.19 zł&quot;)" computerName="DESKTOP-5URQ9PB" duration="00:00:00.0000038" startTime="2022-06-13T21:15:49.4526170+02:00" endTime="2022-06-13T21:15:49.4526171+02:00" testType="13cdc9d9-ddb5-4fa4-a97d-d965ccfc6d4b" outcome="Passed" testListId="8c84fa94-04c1-424b-9868-57a2d4851a1d" relativeResultsDirectory="b2084157-20c3-4b9a-884f-88a7ee6790de" />
    <UnitTestResult executionId="b1237171-af81-4723-abf7-f570ff7f73ee" testId="caf33f47-4d9c-c378-9883-273199a79b1e" testName="xUnitTestProject.CurrencyHelperTests.FormatToStringTest1000(price: 11181.228339251702, expected: &quot;11181.23 zł&quot;)" computerName="DESKTOP-5URQ9PB" duration="00:00:00.0000039" startTime="2022-06-13T21:15:49.4881631+02:00" endTime="2022-06-13T21:15:49.4881635+02:00" testType="13cdc9d9-ddb5-4fa4-a97d-d965ccfc6d4b" outcome="Passed" testListId="8c84fa94-04c1-424b-9868-57a2d4851a1d" relativeResultsDirectory="b1237171-af81-4723-abf7-f570ff7f73ee" />
    <UnitTestResult executionId="9f5898de-8884-4953-8ee5-67661a568c72" testId="6bf29abc-b7d1-2681-6ab5-01a37d1208f2" testName="xUnitTestProject.CurrencyHelperTests.FormatToStringTest1000(price: 15414.175096961751, expected: &quot;15414.18 zł&quot;)" computerName="DESKTOP-5URQ9PB" duration="00:00:00.0000039" startTime="2022-06-13T21:15:49.4690662+02:00" endTime="2022-06-13T21:15:49.4690663+02:00" testType="13cdc9d9-ddb5-4fa4-a97d-d965ccfc6d4b" outcome="Passed" testListId="8c84fa94-04c1-424b-9868-57a2d4851a1d" relativeResultsDirectory="9f5898de-8884-4953-8ee5-67661a568c72" />
    <UnitTestResult executionId="5148765d-e1d9-4b50-bcf1-6798203362b0" testId="d543b1fe-0034-e565-eca0-f9a5d2d12bdc" testName="xUnitTestProject.CurrencyHelperTests.FormatToStringTest1000(price: 26223.99769144412, expected: &quot;26224.00 zł&quot;)" computerName="DESKTOP-5URQ9PB" duration="00:00:00.0000040" startTime="2022-06-13T21:15:49.4291367+02:00" endTime="2022-06-13T21:15:49.4291369+02:00" testType="13cdc9d9-ddb5-4fa4-a97d-d965ccfc6d4b" outcome="Passed" testListId="8c84fa94-04c1-424b-9868-57a2d4851a1d" relativeResultsDirectory="5148765d-e1d9-4b50-bcf1-6798203362b0" />
    <UnitTestResult executionId="6485707a-557c-47ff-a160-9cd35e9c668e" testId="a9fb7030-78aa-b78d-bae0-0e3e80a09140" testName="xUnitTestProject.CurrencyHelperTests.FormatToStringTest1000(price: 485.6735566554933, expected: &quot;485.67 zł&quot;)" computerName="DESKTOP-5URQ9PB" duration="00:00:00.0000039" startTime="2022-06-13T21:15:49.4060894+02:00" endTime="2022-06-13T21:15:49.4060895+02:00" testType="13cdc9d9-ddb5-4fa4-a97d-d965ccfc6d4b" outcome="Passed" testListId="8c84fa94-04c1-424b-9868-57a2d4851a1d" relativeResultsDirectory="6485707a-557c-47ff-a160-9cd35e9c668e" />
    <UnitTestResult executionId="365e0c09-54b4-4877-924a-3d41f5ff14cc" testId="5a63deb4-703f-d2ca-862c-112038163809" testName="xUnitTestProject.CurrencyHelperTests.FormatToStringTest1000(price: 25036.98767214035, expected: &quot;25036.99 zł&quot;)" computerName="DESKTOP-5URQ9PB" duration="00:00:00.0000039" startTime="2022-06-13T21:15:49.4113337+02:00" endTime="2022-06-13T21:15:49.4113339+02:00" testType="13cdc9d9-ddb5-4fa4-a97d-d965ccfc6d4b" outcome="Passed" testListId="8c84fa94-04c1-424b-9868-57a2d4851a1d" relativeResultsDirectory="365e0c09-54b4-4877-924a-3d41f5ff14cc" />
    <UnitTestResult executionId="a0ee1064-29c4-4f4c-a6af-2fa80deecebd" testId="691fc6f3-8d98-645e-59dc-63e6708e6080" testName="xUnitTestProject.CurrencyHelperTests.FormatToStringTest1000(price: 33206.73122987837, expected: &quot;33206.73 zł&quot;)" computerName="DESKTOP-5URQ9PB" duration="00:00:00.0000040" startTime="2022-06-13T21:15:49.5008380+02:00" endTime="2022-06-13T21:15:49.5008382+02:00" testType="13cdc9d9-ddb5-4fa4-a97d-d965ccfc6d4b" outcome="Passed" testListId="8c84fa94-04c1-424b-9868-57a2d4851a1d" relativeResultsDirectory="a0ee1064-29c4-4f4c-a6af-2fa80deecebd" />
    <UnitTestResult executionId="dc781190-c1cc-4749-b81e-752f1c8cf060" testId="33b7f528-129d-12a3-ccd2-fd1f055d858f" testName="xUnitTestProject.CurrencyHelperTests.FormatToStringTest1000(price: 44930.92203801075, expected: &quot;44930.92 zł&quot;)" computerName="DESKTOP-5URQ9PB" duration="00:00:00.0000039" startTime="2022-06-13T21:15:49.4700557+02:00" endTime="2022-06-13T21:15:49.4700558+02:00" testType="13cdc9d9-ddb5-4fa4-a97d-d965ccfc6d4b" outcome="Passed" testListId="8c84fa94-04c1-424b-9868-57a2d4851a1d" relativeResultsDirectory="dc781190-c1cc-4749-b81e-752f1c8cf060" />
    <UnitTestResult executionId="41f9cf11-4c4c-44ce-8617-2be7b0529ffb" testId="241187d4-ddc3-99e8-1041-3b3411c6c907" testName="xUnitTestProject.CurrencyHelperTests.FormatToStringTest1000(price: 96.75594581512546, expected: &quot;96.76 zł&quot;)" computerName="DESKTOP-5URQ9PB" duration="00:00:00.0000038" startTime="2022-06-13T21:15:49.4930712+02:00" endTime="2022-06-13T21:15:49.4930714+02:00" testType="13cdc9d9-ddb5-4fa4-a97d-d965ccfc6d4b" outcome="Passed" testListId="8c84fa94-04c1-424b-9868-57a2d4851a1d" relativeResultsDirectory="41f9cf11-4c4c-44ce-8617-2be7b0529ffb" />
    <UnitTestResult executionId="a6082902-135c-4098-873b-669c05b9d7c5" testId="3af61c48-eead-454e-59a5-a117f0360878" testName="xUnitTestProject.CurrencyHelperTests.FormatToStringTest1000(price: 3646.857719214101, expected: &quot;3646.86 zł&quot;)" computerName="DESKTOP-5URQ9PB" duration="00:00:00.0000040" startTime="2022-06-13T21:15:49.3956721+02:00" endTime="2022-06-13T21:15:49.3956723+02:00" testType="13cdc9d9-ddb5-4fa4-a97d-d965ccfc6d4b" outcome="Passed" testListId="8c84fa94-04c1-424b-9868-57a2d4851a1d" relativeResultsDirectory="a6082902-135c-4098-873b-669c05b9d7c5" />
    <UnitTestResult executionId="1705e8b9-b6c0-4e2e-9ff0-8d0ae52c7aa3" testId="fe39f516-26c8-b34c-d7c3-8fcbe7da1ba2" testName="xUnitTestProject.CurrencyHelperTests.FormatToStringTest1000(price: 27893.312729890138, expected: &quot;27893.31 zł&quot;)" computerName="DESKTOP-5URQ9PB" duration="00:00:00.0000038" startTime="2022-06-13T21:15:49.4092032+02:00" endTime="2022-06-13T21:15:49.4092033+02:00" testType="13cdc9d9-ddb5-4fa4-a97d-d965ccfc6d4b" outcome="Passed" testListId="8c84fa94-04c1-424b-9868-57a2d4851a1d" relativeResultsDirectory="1705e8b9-b6c0-4e2e-9ff0-8d0ae52c7aa3" />
    <UnitTestResult executionId="3ad5ed17-4d5c-4642-acd8-680dc8a4de1b" testId="a1b1cd1d-1429-3ac2-3b82-a26d05133f17" testName="xUnitTestProject.CurrencyHelperTests.FormatToStringTest1000(price: 4614.673205890541, expected: &quot;4614.67 zł&quot;)" computerName="DESKTOP-5URQ9PB" duration="00:00:00.0000039" startTime="2022-06-13T21:15:49.4691269+02:00" endTime="2022-06-13T21:15:49.4691270+02:00" testType="13cdc9d9-ddb5-4fa4-a97d-d965ccfc6d4b" outcome="Passed" testListId="8c84fa94-04c1-424b-9868-57a2d4851a1d" relativeResultsDirectory="3ad5ed17-4d5c-4642-acd8-680dc8a4de1b" />
    <UnitTestResult executionId="8543cc3a-b7d2-4b48-8114-3d40a2bda6da" testId="1385f442-8d64-2443-1088-0b70bf667165" testName="xUnitTestProject.CurrencyHelperTests.FormatToStringTest1000(price: 10461.455048841171, expected: &quot;10461.46 zł&quot;)" computerName="DESKTOP-5URQ9PB" duration="00:00:00.0000039" startTime="2022-06-13T21:15:49.4072815+02:00" endTime="2022-06-13T21:15:49.4072816+02:00" testType="13cdc9d9-ddb5-4fa4-a97d-d965ccfc6d4b" outcome="Passed" testListId="8c84fa94-04c1-424b-9868-57a2d4851a1d" relativeResultsDirectory="8543cc3a-b7d2-4b48-8114-3d40a2bda6da" />
    <UnitTestResult executionId="f0b6e17c-0864-43e3-a6cd-91116e679b66" testId="875433a7-4993-f6c8-ae9e-010101b8ccc7" testName="xUnitTestProject.CurrencyHelperTests.FormatToStringTest1000(price: 31971.185406704986, expected: &quot;31971.19 zł&quot;)" computerName="DESKTOP-5URQ9PB" duration="00:00:00.0000039" startTime="2022-06-13T21:15:49.4123870+02:00" endTime="2022-06-13T21:15:49.4123871+02:00" testType="13cdc9d9-ddb5-4fa4-a97d-d965ccfc6d4b" outcome="Passed" testListId="8c84fa94-04c1-424b-9868-57a2d4851a1d" relativeResultsDirectory="f0b6e17c-0864-43e3-a6cd-91116e679b66" />
    <UnitTestResult executionId="2e722c77-6b93-4d74-9293-8fd195487c4f" testId="93fd2413-8c9b-cb53-924a-b9c4b432d82a" testName="xUnitTestProject.CurrencyHelperTests.FormatToStringTest1000(price: 95071.15957335343, expected: &quot;95071.16 zł&quot;)" computerName="DESKTOP-5URQ9PB" duration="00:00:00.0000039" startTime="2022-06-13T21:15:49.4373132+02:00" endTime="2022-06-13T21:15:49.4373134+02:00" testType="13cdc9d9-ddb5-4fa4-a97d-d965ccfc6d4b" outcome="Passed" testListId="8c84fa94-04c1-424b-9868-57a2d4851a1d" relativeResultsDirectory="2e722c77-6b93-4d74-9293-8fd195487c4f" />
    <UnitTestResult executionId="a18904f1-4d34-4885-af7e-c111d9339ea9" testId="bb2394ba-110a-90c0-2182-1e3775f73d05" testName="xUnitTestProject.CurrencyHelperTests.FormatToStringTest1000(price: 28072.424637532058, expected: &quot;28072.42 zł&quot;)" computerName="DESKTOP-5URQ9PB" duration="00:00:00.0000040" startTime="2022-06-13T21:15:49.4102383+02:00" endTime="2022-06-13T21:15:49.4102385+02:00" testType="13cdc9d9-ddb5-4fa4-a97d-d965ccfc6d4b" outcome="Passed" testListId="8c84fa94-04c1-424b-9868-57a2d4851a1d" relativeResultsDirectory="a18904f1-4d34-4885-af7e-c111d9339ea9" />
    <UnitTestResult executionId="20742062-6eb5-4ee5-93d4-40907aed38ab" testId="0e8e9a77-632c-db52-e40d-d7b033807f15" testName="xUnitTestProject.CurrencyHelperTests.FormatToStringTest1000(price: 7191.024921368353, expected: &quot;7191.02 zł&quot;)" computerName="DESKTOP-5URQ9PB" duration="00:00:00.0000040" startTime="2022-06-13T21:15:49.4611692+02:00" endTime="2022-06-13T21:15:49.4611696+02:00" testType="13cdc9d9-ddb5-4fa4-a97d-d965ccfc6d4b" outcome="Passed" testListId="8c84fa94-04c1-424b-9868-57a2d4851a1d" relativeResultsDirectory="20742062-6eb5-4ee5-93d4-40907aed38ab" />
    <UnitTestResult executionId="e6c64f85-0f8f-4bdc-bc82-52869be0271a" testId="c5891e20-1607-2f4b-ec62-b83eb87653c6" testName="xUnitTestProject.CurrencyHelperTests.FormatToStringTest1000(price: 32812.53695512634, expected: &quot;32812.54 zł&quot;)" computerName="DESKTOP-5URQ9PB" duration="00:00:00.0000040" startTime="2022-06-13T21:15:49.3999242+02:00" endTime="2022-06-13T21:15:49.3999243+02:00" testType="13cdc9d9-ddb5-4fa4-a97d-d965ccfc6d4b" outcome="Passed" testListId="8c84fa94-04c1-424b-9868-57a2d4851a1d" relativeResultsDirectory="e6c64f85-0f8f-4bdc-bc82-52869be0271a" />
    <UnitTestResult executionId="a54798ea-a72e-49da-a3b6-be8821578091" testId="b4c4dec7-1c5b-811f-ea83-760608d514fd" testName="xUnitTestProject.CurrencyHelperTests.FormatToStringTest1000(price: 44677.61946778074, expected: &quot;44677.62 zł&quot;)" computerName="DESKTOP-5URQ9PB" duration="00:00:00.0000041" startTime="2022-06-13T21:15:49.4543912+02:00" endTime="2022-06-13T21:15:49.4543914+02:00" testType="13cdc9d9-ddb5-4fa4-a97d-d965ccfc6d4b" outcome="Passed" testListId="8c84fa94-04c1-424b-9868-57a2d4851a1d" relativeResultsDirectory="a54798ea-a72e-49da-a3b6-be8821578091" />
    <UnitTestResult executionId="0141c9dc-c23d-4e72-8557-0b8c7973e4d8" testId="758b94a4-3e83-213a-e897-268aa753a08f" testName="xUnitTestProject.CurrencyHelperTests.FormatToStringTest1000(price: 36760.171806480816, expected: &quot;36760.17 zł&quot;)" computerName="DESKTOP-5URQ9PB" duration="00:00:00.0000040" startTime="2022-06-13T21:15:49.4996124+02:00" endTime="2022-06-13T21:15:49.4996128+02:00" testType="13cdc9d9-ddb5-4fa4-a97d-d965ccfc6d4b" outcome="Passed" testListId="8c84fa94-04c1-424b-9868-57a2d4851a1d" relativeResultsDirectory="0141c9dc-c23d-4e72-8557-0b8c7973e4d8" />
    <UnitTestResult executionId="eb628f3a-01d8-4e24-933d-2690a6f05529" testId="1c506770-d4ff-94e1-aa2e-f8d5ecc5a897" testName="xUnitTestProject.CurrencyHelperTests.FormatToStringTest1000(price: 45455.14554704127, expected: &quot;45455.15 zł&quot;)" computerName="DESKTOP-5URQ9PB" duration="00:00:00.0000041" startTime="2022-06-13T21:15:49.4125381+02:00" endTime="2022-06-13T21:15:49.4125383+02:00" testType="13cdc9d9-ddb5-4fa4-a97d-d965ccfc6d4b" outcome="Passed" testListId="8c84fa94-04c1-424b-9868-57a2d4851a1d" relativeResultsDirectory="eb628f3a-01d8-4e24-933d-2690a6f05529" />
    <UnitTestResult executionId="7e162061-6cab-418a-94b6-726386d6dd69" testId="fdef4ad6-20d8-042a-63d8-5826de557b18" testName="xUnitTestProject.CurrencyHelperTests.FormatToStringTest1000(price: 28861.97337596769, expected: &quot;28861.97 zł&quot;)" computerName="DESKTOP-5URQ9PB" duration="00:00:00.0000039" startTime="2022-06-13T21:15:49.4293227+02:00" endTime="2022-06-13T21:15:49.4293229+02:00" testType="13cdc9d9-ddb5-4fa4-a97d-d965ccfc6d4b" outcome="Passed" testListId="8c84fa94-04c1-424b-9868-57a2d4851a1d" relativeResultsDirectory="7e162061-6cab-418a-94b6-726386d6dd69" />
    <UnitTestResult executionId="cc88aca6-6ba6-4dd6-9836-1af0896fdc7c" testId="20029a95-caa6-71d7-8434-4467fe9b8732" testName="xUnitTestProject.CurrencyHelperTests.FormatToStringTest1000(price: 43799.04472166535, expected: &quot;43799.04 zł&quot;)" computerName="DESKTOP-5URQ9PB" duration="00:00:00.0000047" startTime="2022-06-13T21:15:49.3958522+02:00" endTime="2022-06-13T21:15:49.3958524+02:00" testType="13cdc9d9-ddb5-4fa4-a97d-d965ccfc6d4b" outcome="Passed" testListId="8c84fa94-04c1-424b-9868-57a2d4851a1d" relativeResultsDirectory="cc88aca6-6ba6-4dd6-9836-1af0896fdc7c" />
    <UnitTestResult executionId="323bd8ec-dd7f-4078-bcbc-a3e45c85eea4" testId="bfee474b-216b-2c15-15a7-0adadfd388fb" testName="xUnitTestProject.CurrencyHelperTests.FormatToStringTest1000(price: 26133.133789601336, expected: &quot;26133.13 zł&quot;)" computerName="DESKTOP-5URQ9PB" duration="00:00:00.0000039" startTime="2022-06-13T21:15:49.4423827+02:00" endTime="2022-06-13T21:15:49.4423829+02:00" testType="13cdc9d9-ddb5-4fa4-a97d-d965ccfc6d4b" outcome="Passed" testListId="8c84fa94-04c1-424b-9868-57a2d4851a1d" relativeResultsDirectory="323bd8ec-dd7f-4078-bcbc-a3e45c85eea4" />
    <UnitTestResult executionId="314ca8e9-52ac-4d58-a43c-fdb74398078e" testId="56f22bda-cb9f-dbaa-365a-cb6ba2104fe2" testName="xUnitTestProject.CurrencyHelperTests.FormatToStringTest1000(price: 9634.398811461124, expected: &quot;9634.40 zł&quot;)" computerName="DESKTOP-5URQ9PB" duration="00:00:00.0000039" startTime="2022-06-13T21:15:49.4642624+02:00" endTime="2022-06-13T21:15:49.4642625+02:00" testType="13cdc9d9-ddb5-4fa4-a97d-d965ccfc6d4b" outcome="Passed" testListId="8c84fa94-04c1-424b-9868-57a2d4851a1d" relativeResultsDirectory="314ca8e9-52ac-4d58-a43c-fdb74398078e" />
    <UnitTestResult executionId="3a2c6026-1b40-4d30-86ed-f40bc7aeac8f" testId="f51f29d9-e43f-bc49-2068-6f7ccdbadb29" testName="xUnitTestProject.CurrencyHelperTests.FormatToStringTest1000(price: 21753.84773194969, expected: &quot;21753.85 zł&quot;)" computerName="DESKTOP-5URQ9PB" duration="00:00:00.0000040" startTime="2022-06-13T21:15:49.5036502+02:00" endTime="2022-06-13T21:15:49.5036503+02:00" testType="13cdc9d9-ddb5-4fa4-a97d-d965ccfc6d4b" outcome="Passed" testListId="8c84fa94-04c1-424b-9868-57a2d4851a1d" relativeResultsDirectory="3a2c6026-1b40-4d30-86ed-f40bc7aeac8f" />
    <UnitTestResult executionId="e0662c12-e5c6-4da9-b5ab-03dc092a515a" testId="e9fa372e-14d7-79bd-7239-c4f5919adecb" testName="xUnitTestProject.CurrencyHelperTests.FormatToStringTest1000(price: 16037.01783290087, expected: &quot;16037.02 zł&quot;)" computerName="DESKTOP-5URQ9PB" duration="00:00:00.0000047" startTime="2022-06-13T21:15:49.4583233+02:00" endTime="2022-06-13T21:15:49.4583234+02:00" testType="13cdc9d9-ddb5-4fa4-a97d-d965ccfc6d4b" outcome="Passed" testListId="8c84fa94-04c1-424b-9868-57a2d4851a1d" relativeResultsDirectory="e0662c12-e5c6-4da9-b5ab-03dc092a515a" />
    <UnitTestResult executionId="1ef9bd97-6091-458c-bfcf-a61778c61d26" testId="c25f3e77-3d72-0513-001e-286d17e294f3" testName="xUnitTestProject.CurrencyHelperTests.FormatToStringTest1000(price: 3270.482477338743, expected: &quot;3270.48 zł&quot;)" computerName="DESKTOP-5URQ9PB" duration="00:00:00.0000039" startTime="2022-06-13T21:15:49.4544222+02:00" endTime="2022-06-13T21:15:49.4544224+02:00" testType="13cdc9d9-ddb5-4fa4-a97d-d965ccfc6d4b" outcome="Passed" testListId="8c84fa94-04c1-424b-9868-57a2d4851a1d" relativeResultsDirectory="1ef9bd97-6091-458c-bfcf-a61778c61d26" />
    <UnitTestResult executionId="afd2117d-b166-4d68-9869-4f7fe409c8fa" testId="2059d141-cc28-3ec8-0e84-daba3f077644" testName="xUnitTestProject.CurrencyHelperTests.FormatToStringTest1000(price: 39146.892120180135, expected: &quot;39146.89 zł&quot;)" computerName="DESKTOP-5URQ9PB" duration="00:00:00.0000038" startTime="2022-06-13T21:15:49.4757078+02:00" endTime="2022-06-13T21:15:49.4757079+02:00" testType="13cdc9d9-ddb5-4fa4-a97d-d965ccfc6d4b" outcome="Passed" testListId="8c84fa94-04c1-424b-9868-57a2d4851a1d" relativeResultsDirectory="afd2117d-b166-4d68-9869-4f7fe409c8fa" />
    <UnitTestResult executionId="e920dcce-16d6-415f-88ea-356f9438cd6d" testId="7d53e462-1288-fbb2-1f6d-75cbd2a2eb44" testName="xUnitTestProject.CurrencyHelperTests.FormatToStringTest1000(price: 7004.710832051798, expected: &quot;7004.71 zł&quot;)" computerName="DESKTOP-5URQ9PB" duration="00:00:00.0000040" startTime="2022-06-13T21:15:49.4757694+02:00" endTime="2022-06-13T21:15:49.4757695+02:00" testType="13cdc9d9-ddb5-4fa4-a97d-d965ccfc6d4b" outcome="Passed" testListId="8c84fa94-04c1-424b-9868-57a2d4851a1d" relativeResultsDirectory="e920dcce-16d6-415f-88ea-356f9438cd6d" />
    <UnitTestResult executionId="d04721e8-2e86-4fec-af3a-6192667a5853" testId="0014f817-c5c9-87d1-3e8c-ecffc3678e52" testName="xUnitTestProject.CurrencyHelperTests.FormatToStringTest1000(price: 82228.32322510486, expected: &quot;82228.32 zł&quot;)" computerName="DESKTOP-5URQ9PB" duration="00:00:00.0000039" startTime="2022-06-13T21:15:49.5006843+02:00" endTime="2022-06-13T21:15:49.5006844+02:00" testType="13cdc9d9-ddb5-4fa4-a97d-d965ccfc6d4b" outcome="Passed" testListId="8c84fa94-04c1-424b-9868-57a2d4851a1d" relativeResultsDirectory="d04721e8-2e86-4fec-af3a-6192667a5853" />
    <UnitTestResult executionId="09689527-f4c0-46e4-8e46-77865f79d60c" testId="73bcea4a-0bf6-aaca-b16b-8e4d59f9059e" testName="xUnitTestProject.CurrencyHelperTests.FormatToStringTest1000(price: 6946.333318357977, expected: &quot;6946.33 zł&quot;)" computerName="DESKTOP-5URQ9PB" duration="00:00:00.0000038" startTime="2022-06-13T21:15:49.4291673+02:00" endTime="2022-06-13T21:15:49.4291674+02:00" testType="13cdc9d9-ddb5-4fa4-a97d-d965ccfc6d4b" outcome="Passed" testListId="8c84fa94-04c1-424b-9868-57a2d4851a1d" relativeResultsDirectory="09689527-f4c0-46e4-8e46-77865f79d60c" />
    <UnitTestResult executionId="3e897723-5cf8-47ae-a39b-4cd83203a3aa" testId="f7288d33-e820-d388-23d4-39d2a5548f52" testName="xUnitTestProject.CurrencyHelperTests.FormatToStringTest1000(price: 1562.3173604776698, expected: &quot;1562.32 zł&quot;)" computerName="DESKTOP-5URQ9PB" duration="00:00:00.0000039" startTime="2022-06-13T21:15:49.4252470+02:00" endTime="2022-06-13T21:15:49.4252472+02:00" testType="13cdc9d9-ddb5-4fa4-a97d-d965ccfc6d4b" outcome="Passed" testListId="8c84fa94-04c1-424b-9868-57a2d4851a1d" relativeResultsDirectory="3e897723-5cf8-47ae-a39b-4cd83203a3aa" />
    <UnitTestResult executionId="c93de51c-9e53-4694-b2f6-a0aa05104ca6" testId="f527f4e7-733e-c529-a6f2-d33ed3ff23a3" testName="xUnitTestProject.CurrencyHelperTests.FormatToStringTest1000(price: 47025.6224095177, expected: &quot;47025.62 zł&quot;)" computerName="DESKTOP-5URQ9PB" duration="00:00:00.0000040" startTime="2022-06-13T21:15:49.4574161+02:00" endTime="2022-06-13T21:15:49.4574163+02:00" testType="13cdc9d9-ddb5-4fa4-a97d-d965ccfc6d4b" outcome="Passed" testListId="8c84fa94-04c1-424b-9868-57a2d4851a1d" relativeResultsDirectory="c93de51c-9e53-4694-b2f6-a0aa05104ca6" />
    <UnitTestResult executionId="a8e46e82-7be9-4e4c-ae1b-f2c7b7308c7c" testId="38bf740f-4d67-502e-2cfd-d66470e846d5" testName="xUnitTestProject.CurrencyHelperTests.FormatToStringTest1000(price: 8347.417790138823, expected: &quot;8347.42 zł&quot;)" computerName="DESKTOP-5URQ9PB" duration="00:00:00.0000039" startTime="2022-06-13T21:15:49.4403765+02:00" endTime="2022-06-13T21:15:49.4403766+02:00" testType="13cdc9d9-ddb5-4fa4-a97d-d965ccfc6d4b" outcome="Passed" testListId="8c84fa94-04c1-424b-9868-57a2d4851a1d" relativeResultsDirectory="a8e46e82-7be9-4e4c-ae1b-f2c7b7308c7c" />
    <UnitTestResult executionId="c2960d24-98d9-45ff-addc-02f6a91c29c6" testId="939e1c3f-3bc7-ec75-48fe-8501679b5ff4" testName="xUnitTestProject.CurrencyHelperTests.FormatToStringTest1000(price: 30199.386730006612, expected: &quot;30199.39 zł&quot;)" computerName="DESKTOP-5URQ9PB" duration="00:00:00.0000038" startTime="2022-06-13T21:15:49.5044863+02:00" endTime="2022-06-13T21:15:49.5044865+02:00" testType="13cdc9d9-ddb5-4fa4-a97d-d965ccfc6d4b" outcome="Passed" testListId="8c84fa94-04c1-424b-9868-57a2d4851a1d" relativeResultsDirectory="c2960d24-98d9-45ff-addc-02f6a91c29c6" />
    <UnitTestResult executionId="49a14a80-bf9a-45f9-bc91-07d9b0fae8ed" testId="1ff2656a-0300-1f06-36b0-2fc677b4ea69" testName="xUnitTestProject.CurrencyHelperTests.FormatToStringTest1000(price: 12831.146874380833, expected: &quot;12831.15 zł&quot;)" computerName="DESKTOP-5URQ9PB" duration="00:00:00.0000040" startTime="2022-06-13T21:15:49.4232978+02:00" endTime="2022-06-13T21:15:49.4232980+02:00" testType="13cdc9d9-ddb5-4fa4-a97d-d965ccfc6d4b" outcome="Passed" testListId="8c84fa94-04c1-424b-9868-57a2d4851a1d" relativeResultsDirectory="49a14a80-bf9a-45f9-bc91-07d9b0fae8ed" />
    <UnitTestResult executionId="a4414f43-b7b6-4d02-94ef-55135f76e2c4" testId="ef2c65b8-081e-e356-813a-949f0831c7f0" testName="xUnitTestProject.CurrencyHelperTests.FormatToStringTest1000(price: 13568.230982493717, expected: &quot;13568.23 zł&quot;)" computerName="DESKTOP-5URQ9PB" duration="00:00:00.0000038" startTime="2022-06-13T21:15:49.4814405+02:00" endTime="2022-06-13T21:15:49.4814408+02:00" testType="13cdc9d9-ddb5-4fa4-a97d-d965ccfc6d4b" outcome="Passed" testListId="8c84fa94-04c1-424b-9868-57a2d4851a1d" relativeResultsDirectory="a4414f43-b7b6-4d02-94ef-55135f76e2c4" />
    <UnitTestResult executionId="ae6d04a4-4f27-4b0f-a487-8fbc6dc4551f" testId="749e89fd-9c9b-5d83-545c-b459ff44beff" testName="xUnitTestProject.CurrencyHelperTests.FormatToStringTest1000(price: 17418.31302247863, expected: &quot;17418.31 zł&quot;)" computerName="DESKTOP-5URQ9PB" duration="00:00:00.0000040" startTime="2022-06-13T21:15:49.4224113+02:00" endTime="2022-06-13T21:15:49.4224114+02:00" testType="13cdc9d9-ddb5-4fa4-a97d-d965ccfc6d4b" outcome="Passed" testListId="8c84fa94-04c1-424b-9868-57a2d4851a1d" relativeResultsDirectory="ae6d04a4-4f27-4b0f-a487-8fbc6dc4551f" />
    <UnitTestResult executionId="688ed029-66ee-41ae-b0a5-97e76b3eb1a3" testId="28d8e856-ac6b-165d-f269-4ec7d560f09b" testName="xUnitTestProject.CurrencyHelperTests.FormatToStringTest1000(price: 9928.477822322622, expected: &quot;9928.48 zł&quot;)" computerName="DESKTOP-5URQ9PB" duration="00:00:00.0000038" startTime="2022-06-13T21:15:49.4176067+02:00" endTime="2022-06-13T21:15:49.4176068+02:00" testType="13cdc9d9-ddb5-4fa4-a97d-d965ccfc6d4b" outcome="Passed" testListId="8c84fa94-04c1-424b-9868-57a2d4851a1d" relativeResultsDirectory="688ed029-66ee-41ae-b0a5-97e76b3eb1a3" />
    <UnitTestResult executionId="cf3391a5-30b2-4dfd-9a7a-54a02b02080a" testId="07878353-6799-84f6-4a3b-1ffc56ae1d1d" testName="xUnitTestProject.CurrencyHelperTests.FormatToStringTest1000(price: 6466.872242818062, expected: &quot;6466.87 zł&quot;)" computerName="DESKTOP-5URQ9PB" duration="00:00:00.0000038" startTime="2022-06-13T21:15:49.5005882+02:00" endTime="2022-06-13T21:15:49.5005886+02:00" testType="13cdc9d9-ddb5-4fa4-a97d-d965ccfc6d4b" outcome="Passed" testListId="8c84fa94-04c1-424b-9868-57a2d4851a1d" relativeResultsDirectory="cf3391a5-30b2-4dfd-9a7a-54a02b02080a" />
    <UnitTestResult executionId="178769ec-b609-4da7-9080-a0c1b484771e" testId="9bb60857-0889-c636-aa09-df7f3ffa4f70" testName="xUnitTestProject.CurrencyHelperTests.FormatToStringTest1000(price: 16986.338876065027, expected: &quot;16986.34 zł&quot;)" computerName="DESKTOP-5URQ9PB" duration="00:00:00.0000040" startTime="2022-06-13T21:15:49.4322856+02:00" endTime="2022-06-13T21:15:49.4322858+02:00" testType="13cdc9d9-ddb5-4fa4-a97d-d965ccfc6d4b" outcome="Passed" testListId="8c84fa94-04c1-424b-9868-57a2d4851a1d" relativeResultsDirectory="178769ec-b609-4da7-9080-a0c1b484771e" />
    <UnitTestResult executionId="69157009-0c5d-46fc-897e-d8f628fc17e8" testId="1d527cfe-7183-7ac1-a7ed-260bd5e5ccfa" testName="xUnitTestProject.CurrencyHelperTests.FormatToStringTest1000(price: 38402.8293406753, expected: &quot;38402.83 zł&quot;)" computerName="DESKTOP-5URQ9PB" duration="00:00:00.0000038" startTime="2022-06-13T21:15:49.4222006+02:00" endTime="2022-06-13T21:15:49.4222007+02:00" testType="13cdc9d9-ddb5-4fa4-a97d-d965ccfc6d4b" outcome="Passed" testListId="8c84fa94-04c1-424b-9868-57a2d4851a1d" relativeResultsDirectory="69157009-0c5d-46fc-897e-d8f628fc17e8" />
    <UnitTestResult executionId="d922a1fd-1b0b-4805-be48-628c311a9322" testId="afbbae00-ce73-0862-4d3c-578f15f46774" testName="xUnitTestProject.CurrencyHelperTests.FormatToStringTest1000(price: 1662.8482664818168, expected: &quot;1662.85 zł&quot;)" computerName="DESKTOP-5URQ9PB" duration="00:00:00.0000039" startTime="2022-06-13T21:15:49.4312605+02:00" endTime="2022-06-13T21:15:49.4312607+02:00" testType="13cdc9d9-ddb5-4fa4-a97d-d965ccfc6d4b" outcome="Passed" testListId="8c84fa94-04c1-424b-9868-57a2d4851a1d" relativeResultsDirectory="d922a1fd-1b0b-4805-be48-628c311a9322" />
    <UnitTestResult executionId="fe0a073c-d036-4f6d-82d2-6750611ff560" testId="2af17ceb-e4a7-e57a-8e57-17ad33ae72e3" testName="xUnitTestProject.CurrencyHelperTests.FormatToStringTest1000(price: 22281.48592587257, expected: &quot;22281.49 zł&quot;)" computerName="DESKTOP-5URQ9PB" duration="00:00:00.0000038" startTime="2022-06-13T21:15:49.4000437+02:00" endTime="2022-06-13T21:15:49.4000439+02:00" testType="13cdc9d9-ddb5-4fa4-a97d-d965ccfc6d4b" outcome="Passed" testListId="8c84fa94-04c1-424b-9868-57a2d4851a1d" relativeResultsDirectory="fe0a073c-d036-4f6d-82d2-6750611ff560" />
    <UnitTestResult executionId="6d5f3aaf-0553-4ef0-819b-6e722a0b5957" testId="ead5e525-476c-e9b0-a913-d40736b344c3" testName="xUnitTestProject.CurrencyHelperTests.FormatToStringTest1000(price: 33245.44763357819, expected: &quot;33245.45 zł&quot;)" computerName="DESKTOP-5URQ9PB" duration="00:00:00.0000038" startTime="2022-06-13T21:15:49.4863726+02:00" endTime="2022-06-13T21:15:49.4863727+02:00" testType="13cdc9d9-ddb5-4fa4-a97d-d965ccfc6d4b" outcome="Passed" testListId="8c84fa94-04c1-424b-9868-57a2d4851a1d" relativeResultsDirectory="6d5f3aaf-0553-4ef0-819b-6e722a0b5957" />
    <UnitTestResult executionId="54708d5b-b681-4048-80ea-6624d7db23f2" testId="4167d107-473f-7d0a-c3aa-2c271677cfd1" testName="xUnitTestProject.CurrencyHelperTests.FormatToStringTest1000(price: 9657.360676611475, expected: &quot;9657.36 zł&quot;)" computerName="DESKTOP-5URQ9PB" duration="00:00:00.0000040" startTime="2022-06-13T21:15:49.3956404+02:00" endTime="2022-06-13T21:15:49.3956406+02:00" testType="13cdc9d9-ddb5-4fa4-a97d-d965ccfc6d4b" outcome="Passed" testListId="8c84fa94-04c1-424b-9868-57a2d4851a1d" relativeResultsDirectory="54708d5b-b681-4048-80ea-6624d7db23f2" />
    <UnitTestResult executionId="609fac86-4779-400e-bb9a-73b608f9aa78" testId="d0528706-3be3-396a-77f7-4d1c86caa17a" testName="xUnitTestProject.CurrencyHelperTests.FormatToStringTest1000(price: 21221.884746198488, expected: &quot;21221.88 zł&quot;)" computerName="DESKTOP-5URQ9PB" duration="00:00:00.0000046" startTime="2022-06-13T21:15:49.4785538+02:00" endTime="2022-06-13T21:15:49.4785542+02:00" testType="13cdc9d9-ddb5-4fa4-a97d-d965ccfc6d4b" outcome="Passed" testListId="8c84fa94-04c1-424b-9868-57a2d4851a1d" relativeResultsDirectory="609fac86-4779-400e-bb9a-73b608f9aa78" />
    <UnitTestResult executionId="3885fc41-76b3-427c-b871-23238aec57d9" testId="f8f9d6d7-bbea-21e2-5568-87ea7f6744b9" testName="xUnitTestProject.CurrencyHelperTests.FormatToStringTest1000(price: 73151.83675918348, expected: &quot;73151.84 zł&quot;)" computerName="DESKTOP-5URQ9PB" duration="00:00:00.0000041" startTime="2022-06-13T21:15:49.3938125+02:00" endTime="2022-06-13T21:15:49.3938126+02:00" testType="13cdc9d9-ddb5-4fa4-a97d-d965ccfc6d4b" outcome="Passed" testListId="8c84fa94-04c1-424b-9868-57a2d4851a1d" relativeResultsDirectory="3885fc41-76b3-427c-b871-23238aec57d9" />
    <UnitTestResult executionId="d14792ab-18df-42a7-9061-c5111a09a633" testId="9f966096-1641-bf42-1320-e9f57c98ec2f" testName="xUnitTestProject.CurrencyHelperTests.FormatToStringTest1000(price: 67338.80028760935, expected: &quot;67338.80 zł&quot;)" computerName="DESKTOP-5URQ9PB" duration="00:00:00.0000039" startTime="2022-06-13T21:15:49.4165717+02:00" endTime="2022-06-13T21:15:49.4165719+02:00" testType="13cdc9d9-ddb5-4fa4-a97d-d965ccfc6d4b" outcome="Passed" testListId="8c84fa94-04c1-424b-9868-57a2d4851a1d" relativeResultsDirectory="d14792ab-18df-42a7-9061-c5111a09a633" />
    <UnitTestResult executionId="689aae72-52a3-472c-a004-c382b386da70" testId="1ede13b3-cc3c-b767-91a3-9e4f793d1dd5" testName="xUnitTestProject.CurrencyHelperTests.FormatToStringTest1000(price: 52858.048916166204, expected: &quot;52858.05 zł&quot;)" computerName="DESKTOP-5URQ9PB" duration="00:00:00.0000038" startTime="2022-06-13T21:15:49.4689135+02:00" endTime="2022-06-13T21:15:49.4689137+02:00" testType="13cdc9d9-ddb5-4fa4-a97d-d965ccfc6d4b" outcome="Passed" testListId="8c84fa94-04c1-424b-9868-57a2d4851a1d" relativeResultsDirectory="689aae72-52a3-472c-a004-c382b386da70" />
    <UnitTestResult executionId="10611882-fea5-4fab-9e23-f445c5f70929" testId="45dd66f1-81ef-9e8c-d39f-69c657dd300a" testName="xUnitTestProject.CurrencyHelperTests.FormatToStringTest1000(price: 2444.4726240530017, expected: &quot;2444.47 zł&quot;)" computerName="DESKTOP-5URQ9PB" duration="00:00:00.0000040" startTime="2022-06-13T21:15:49.4998630+02:00" endTime="2022-06-13T21:15:49.4998631+02:00" testType="13cdc9d9-ddb5-4fa4-a97d-d965ccfc6d4b" outcome="Passed" testListId="8c84fa94-04c1-424b-9868-57a2d4851a1d" relativeResultsDirectory="10611882-fea5-4fab-9e23-f445c5f70929" />
    <UnitTestResult executionId="374d730b-8466-42e3-aa07-b9e0f2eb56ce" testId="a2cb1a23-585c-77f0-4371-0762318d91ff" testName="xUnitTestProject.CurrencyHelperTests.FormatToStringTest1000(price: 61324.33752458279, expected: &quot;61324.34 zł&quot;)" computerName="DESKTOP-5URQ9PB" duration="00:00:00.0000039" startTime="2022-06-13T21:15:49.4690051+02:00" endTime="2022-06-13T21:15:49.4690052+02:00" testType="13cdc9d9-ddb5-4fa4-a97d-d965ccfc6d4b" outcome="Passed" testListId="8c84fa94-04c1-424b-9868-57a2d4851a1d" relativeResultsDirectory="374d730b-8466-42e3-aa07-b9e0f2eb56ce" />
    <UnitTestResult executionId="f8641b34-86c2-42fc-9cbb-ea5bc6e40dc3" testId="ff67ffea-ea63-9682-e246-a48f70d1fb56" testName="xUnitTestProject.CurrencyHelperTests.FormatToStringTest1000(price: 41368.29672956015, expected: &quot;41368.30 zł&quot;)" computerName="DESKTOP-5URQ9PB" duration="00:00:00.0000039" startTime="2022-06-13T21:15:49.4405284+02:00" endTime="2022-06-13T21:15:49.4405285+02:00" testType="13cdc9d9-ddb5-4fa4-a97d-d965ccfc6d4b" outcome="Passed" testListId="8c84fa94-04c1-424b-9868-57a2d4851a1d" relativeResultsDirectory="f8641b34-86c2-42fc-9cbb-ea5bc6e40dc3" />
    <UnitTestResult executionId="3505b251-a583-413d-a46e-50e468128187" testId="c31c3c04-c374-418e-36fc-0c705f1df093" testName="xUnitTestProject.CurrencyHelperTests.FormatToStringTest1000(price: 7891.960478953067, expected: &quot;7891.96 zł&quot;)" computerName="DESKTOP-5URQ9PB" duration="00:00:00.0000039" startTime="2022-06-13T21:15:49.4785885+02:00" endTime="2022-06-13T21:15:49.4785887+02:00" testType="13cdc9d9-ddb5-4fa4-a97d-d965ccfc6d4b" outcome="Passed" testListId="8c84fa94-04c1-424b-9868-57a2d4851a1d" relativeResultsDirectory="3505b251-a583-413d-a46e-50e468128187" />
    <UnitTestResult executionId="ad296080-954b-49c1-bc3d-fcfe37807036" testId="e8631f54-2451-193b-aa4f-8be567b318eb" testName="xUnitTestProject.CurrencyHelperTests.FormatToStringTest1000(price: 19603.69286519321, expected: &quot;19603.69 zł&quot;)" computerName="DESKTOP-5URQ9PB" duration="00:00:00.0000041" startTime="2022-06-13T21:15:49.3937219+02:00" endTime="2022-06-13T21:15:49.3937220+02:00" testType="13cdc9d9-ddb5-4fa4-a97d-d965ccfc6d4b" outcome="Passed" testListId="8c84fa94-04c1-424b-9868-57a2d4851a1d" relativeResultsDirectory="ad296080-954b-49c1-bc3d-fcfe37807036" />
    <UnitTestResult executionId="95f1916b-7868-4f3f-bba5-1df4ad3c3120" testId="6079b9dd-99aa-436d-ae95-d982e753c815" testName="xUnitTestProject.CurrencyHelperTests.FormatToStringTest1000(price: 3649.9254912836127, expected: &quot;3649.93 zł&quot;)" computerName="DESKTOP-5URQ9PB" duration="00:00:00.0000039" startTime="2022-06-13T21:15:49.4031649+02:00" endTime="2022-06-13T21:15:49.4031651+02:00" testType="13cdc9d9-ddb5-4fa4-a97d-d965ccfc6d4b" outcome="Passed" testListId="8c84fa94-04c1-424b-9868-57a2d4851a1d" relativeResultsDirectory="95f1916b-7868-4f3f-bba5-1df4ad3c3120" />
    <UnitTestResult executionId="91e6b151-f8dc-4676-8bf1-48c44028c867" testId="d6b10638-19d7-868a-2152-f7946c6c6899" testName="xUnitTestProject.CurrencyHelperTests.FormatToStringTest1000(price: 904.351189922705, expected: &quot;904.35 zł&quot;)" computerName="DESKTOP-5URQ9PB" duration="00:00:00.0000038" startTime="2022-06-13T21:15:49.4826325+02:00" endTime="2022-06-13T21:15:49.4826326+02:00" testType="13cdc9d9-ddb5-4fa4-a97d-d965ccfc6d4b" outcome="Passed" testListId="8c84fa94-04c1-424b-9868-57a2d4851a1d" relativeResultsDirectory="91e6b151-f8dc-4676-8bf1-48c44028c867" />
    <UnitTestResult executionId="b83c74a3-dc0a-4d1a-82a1-ad32b2a96d23" testId="2ff6532c-932c-742b-a63d-f74c12776c60" testName="xUnitTestProject.CurrencyHelperTests.FormatToStringTest1000(price: 22459.530444447664, expected: &quot;22459.53 zł&quot;)" computerName="DESKTOP-5URQ9PB" duration="00:00:00.0000040" startTime="2022-06-13T21:15:49.4071904+02:00" endTime="2022-06-13T21:15:49.4071906+02:00" testType="13cdc9d9-ddb5-4fa4-a97d-d965ccfc6d4b" outcome="Passed" testListId="8c84fa94-04c1-424b-9868-57a2d4851a1d" relativeResultsDirectory="b83c74a3-dc0a-4d1a-82a1-ad32b2a96d23" />
    <UnitTestResult executionId="1ba0f053-a95d-4638-a9d0-a3dd37160ec6" testId="92c24577-a226-a6b7-7d5e-021b44057899" testName="xUnitTestProject.CurrencyHelperTests.FormatToStringTest1000(price: 3303.1902076747224, expected: &quot;3303.19 zł&quot;)" computerName="DESKTOP-5URQ9PB" duration="00:00:00.0000038" startTime="2022-06-13T21:15:49.4445128+02:00" endTime="2022-06-13T21:15:49.4445129+02:00" testType="13cdc9d9-ddb5-4fa4-a97d-d965ccfc6d4b" outcome="Passed" testListId="8c84fa94-04c1-424b-9868-57a2d4851a1d" relativeResultsDirectory="1ba0f053-a95d-4638-a9d0-a3dd37160ec6" />
    <UnitTestResult executionId="45b3b1dd-a1f1-41d1-812b-e6df5d1455ee" testId="db653531-1a7a-b4d6-7b77-97b13719461c" testName="xUnitTestProject.CurrencyHelperTests.FormatToStringTest1000(price: 397.6461894566408, expected: &quot;397.65 zł&quot;)" computerName="DESKTOP-5URQ9PB" duration="00:00:00.0000039" startTime="2022-06-13T21:15:49.4768356+02:00" endTime="2022-06-13T21:15:49.4768357+02:00" testType="13cdc9d9-ddb5-4fa4-a97d-d965ccfc6d4b" outcome="Passed" testListId="8c84fa94-04c1-424b-9868-57a2d4851a1d" relativeResultsDirectory="45b3b1dd-a1f1-41d1-812b-e6df5d1455ee" />
    <UnitTestResult executionId="fea31e56-903c-4e89-a525-635c69cdba2f" testId="cae25fb7-b977-eb51-0588-bf026d38b145" testName="xUnitTestProject.CurrencyHelperTests.FormatToStringTest1000(price: 3270.286035661719, expected: &quot;3270.29 zł&quot;)" computerName="DESKTOP-5URQ9PB" duration="00:00:00.0000045" startTime="2022-06-13T21:15:49.4903637+02:00" endTime="2022-06-13T21:15:49.4903638+02:00" testType="13cdc9d9-ddb5-4fa4-a97d-d965ccfc6d4b" outcome="Passed" testListId="8c84fa94-04c1-424b-9868-57a2d4851a1d" relativeResultsDirectory="fea31e56-903c-4e89-a525-635c69cdba2f" />
    <UnitTestResult executionId="413708ff-c47d-4b76-b27b-98998e0dd4bf" testId="ddbbee19-86a9-bc74-0664-4f6fa63796df" testName="xUnitTestProject.CurrencyHelperTests.FormatToStringTest1000(price: 9661.966055578536, expected: &quot;9661.97 zł&quot;)" computerName="DESKTOP-5URQ9PB" duration="00:00:00.0000039" startTime="2022-06-13T21:15:49.4826628+02:00" endTime="2022-06-13T21:15:49.4826630+02:00" testType="13cdc9d9-ddb5-4fa4-a97d-d965ccfc6d4b" outcome="Passed" testListId="8c84fa94-04c1-424b-9868-57a2d4851a1d" relativeResultsDirectory="413708ff-c47d-4b76-b27b-98998e0dd4bf" />
    <UnitTestResult executionId="beea148a-bc50-4c48-8811-de1646877948" testId="6df0d294-6a13-f132-5a30-674e429b0930" testName="xUnitTestProject.CurrencyHelperTests.FormatToStringTest1000(price: 54304.07738935393, expected: &quot;54304.08 zł&quot;)" computerName="DESKTOP-5URQ9PB" duration="00:00:00.0000039" startTime="2022-06-13T21:15:49.4930061+02:00" endTime="2022-06-13T21:15:49.4930064+02:00" testType="13cdc9d9-ddb5-4fa4-a97d-d965ccfc6d4b" outcome="Passed" testListId="8c84fa94-04c1-424b-9868-57a2d4851a1d" relativeResultsDirectory="beea148a-bc50-4c48-8811-de1646877948" />
    <UnitTestResult executionId="a9374253-68d6-4188-b5a7-c43f58750eef" testId="df3e2c77-7f8f-57bd-4668-f3110adbfbc8" testName="xUnitTestProject.CurrencyHelperTests.FormatToStringTest1000(price: 29975.4018974022, expected: &quot;29975.40 zł&quot;)" computerName="DESKTOP-5URQ9PB" duration="00:00:00.0000038" startTime="2022-06-13T21:15:49.4333306+02:00" endTime="2022-06-13T21:15:49.4333307+02:00" testType="13cdc9d9-ddb5-4fa4-a97d-d965ccfc6d4b" outcome="Passed" testListId="8c84fa94-04c1-424b-9868-57a2d4851a1d" relativeResultsDirectory="a9374253-68d6-4188-b5a7-c43f58750eef" />
    <UnitTestResult executionId="7a1ce801-da1a-4b04-a237-253bc76fa194" testId="5b2fabb4-e059-962c-348f-3355cdc7486e" testName="xUnitTestProject.CurrencyHelperTests.FormatToStringTest1000(price: 14137.400697779563, expected: &quot;14137.40 zł&quot;)" computerName="DESKTOP-5URQ9PB" duration="00:00:00.0000040" startTime="2022-06-13T21:15:49.4070955+02:00" endTime="2022-06-13T21:15:49.4070957+02:00" testType="13cdc9d9-ddb5-4fa4-a97d-d965ccfc6d4b" outcome="Passed" testListId="8c84fa94-04c1-424b-9868-57a2d4851a1d" relativeResultsDirectory="7a1ce801-da1a-4b04-a237-253bc76fa194" />
    <UnitTestResult executionId="7e3f898e-4bdd-4c26-ab10-eba31b52b8c4" testId="c2db2421-6d50-c505-4572-abf46a5e86c5" testName="xUnitTestProject.CurrencyHelperTests.FormatToStringTest1000(price: 59919.71489415491, expected: &quot;59919.71 zł&quot;)" computerName="DESKTOP-5URQ9PB" duration="00:00:00.0000040" startTime="2022-06-13T21:15:49.4710385+02:00" endTime="2022-06-13T21:15:49.4710386+02:00" testType="13cdc9d9-ddb5-4fa4-a97d-d965ccfc6d4b" outcome="Passed" testListId="8c84fa94-04c1-424b-9868-57a2d4851a1d" relativeResultsDirectory="7e3f898e-4bdd-4c26-ab10-eba31b52b8c4" />
    <UnitTestResult executionId="9681275d-7627-4e57-99a6-1f737df1a543" testId="2031700b-98b7-ff2b-f550-00f3842fd04f" testName="xUnitTestProject.CurrencyHelperTests.FormatToStringTest1000(price: 28306.369434126827, expected: &quot;28306.37 zł&quot;)" computerName="DESKTOP-5URQ9PB" duration="00:00:00.0000040" startTime="2022-06-13T21:15:49.4633031+02:00" endTime="2022-06-13T21:15:49.4633033+02:00" testType="13cdc9d9-ddb5-4fa4-a97d-d965ccfc6d4b" outcome="Passed" testListId="8c84fa94-04c1-424b-9868-57a2d4851a1d" relativeResultsDirectory="9681275d-7627-4e57-99a6-1f737df1a543" />
    <UnitTestResult executionId="69793d50-3cb9-4b61-84b5-4243137d7547" testId="990c6bd9-75e3-e712-66e8-1d0bc8aed91c" testName="xUnitTestProject.CurrencyHelperTests.FormatToStringTest1000(price: 19882.647973500494, expected: &quot;19882.65 zł&quot;)" computerName="DESKTOP-5URQ9PB" duration="00:00:00.0000039" startTime="2022-06-13T21:15:49.4766162+02:00" endTime="2022-06-13T21:15:49.4766166+02:00" testType="13cdc9d9-ddb5-4fa4-a97d-d965ccfc6d4b" outcome="Passed" testListId="8c84fa94-04c1-424b-9868-57a2d4851a1d" relativeResultsDirectory="69793d50-3cb9-4b61-84b5-4243137d7547" />
    <UnitTestResult executionId="c81bea86-838f-4068-9f46-37fe3a04f76a" testId="1536b0a9-7189-743d-a273-29feae6f0843" testName="xUnitTestProject.CurrencyHelperTests.FormatToStringTest1000(price: 24729.333280806586, expected: &quot;24729.33 zł&quot;)" computerName="DESKTOP-5URQ9PB" duration="00:00:00.0000039" startTime="2022-06-13T21:15:49.4892148+02:00" endTime="2022-06-13T21:15:49.4892150+02:00" testType="13cdc9d9-ddb5-4fa4-a97d-d965ccfc6d4b" outcome="Passed" testListId="8c84fa94-04c1-424b-9868-57a2d4851a1d" relativeResultsDirectory="c81bea86-838f-4068-9f46-37fe3a04f76a" />
    <UnitTestResult executionId="3aab5c94-2535-479d-a018-230c49326ad1" testId="0ee739fa-dfa4-5ef5-1b22-8fe2862978a3" testName="xUnitTestProject.CurrencyHelperTests.FormatToStringTest1000(price: 5279.315995182524, expected: &quot;5279.32 zł&quot;)" computerName="DESKTOP-5URQ9PB" duration="00:00:00.0000038" startTime="2022-06-13T21:15:49.4554483+02:00" endTime="2022-06-13T21:15:49.4554485+02:00" testType="13cdc9d9-ddb5-4fa4-a97d-d965ccfc6d4b" outcome="Passed" testListId="8c84fa94-04c1-424b-9868-57a2d4851a1d" relativeResultsDirectory="3aab5c94-2535-479d-a018-230c49326ad1" />
    <UnitTestResult executionId="0dbebd37-8e0a-47ba-80e5-b3eb209c83b9" testId="4125f8c2-231a-89ba-d149-611a4ab9d212" testName="xUnitTestProject.CurrencyHelperTests.FormatToStringTest1000(price: 14459.57059750686, expected: &quot;14459.57 zł&quot;)" computerName="DESKTOP-5URQ9PB" duration="00:00:00.0000040" startTime="2022-06-13T21:15:49.4786197+02:00" endTime="2022-06-13T21:15:49.4786198+02:00" testType="13cdc9d9-ddb5-4fa4-a97d-d965ccfc6d4b" outcome="Passed" testListId="8c84fa94-04c1-424b-9868-57a2d4851a1d" relativeResultsDirectory="0dbebd37-8e0a-47ba-80e5-b3eb209c83b9" />
    <UnitTestResult executionId="aef6dffd-ff2b-4f5d-a997-995b438e3734" testId="da125bcd-1715-deae-cc3d-6c75d593b271" testName="xUnitTestProject.CurrencyHelperTests.FormatToStringTest1000(price: 3092.9215945624383, expected: &quot;3092.92 zł&quot;)" computerName="DESKTOP-5URQ9PB" duration="00:00:00.0000039" startTime="2022-06-13T21:15:49.4102988+02:00" endTime="2022-06-13T21:15:49.4102989+02:00" testType="13cdc9d9-ddb5-4fa4-a97d-d965ccfc6d4b" outcome="Passed" testListId="8c84fa94-04c1-424b-9868-57a2d4851a1d" relativeResultsDirectory="aef6dffd-ff2b-4f5d-a997-995b438e3734" />
    <UnitTestResult executionId="127de324-6d4a-4094-9b19-2808387bd2a9" testId="9c8eee20-620b-e0aa-1580-d34a7e65e392" testName="xUnitTestProject.CurrencyHelperTests.FormatToStringTest1000(price: 9151.103070427245, expected: &quot;9151.10 zł&quot;)" computerName="DESKTOP-5URQ9PB" duration="00:00:00.0000039" startTime="2022-06-13T21:15:49.4854134+02:00" endTime="2022-06-13T21:15:49.4854136+02:00" testType="13cdc9d9-ddb5-4fa4-a97d-d965ccfc6d4b" outcome="Passed" testListId="8c84fa94-04c1-424b-9868-57a2d4851a1d" relativeResultsDirectory="127de324-6d4a-4094-9b19-2808387bd2a9" />
    <UnitTestResult executionId="8f15e23e-cbfa-4dfd-bc37-9f78f3c9758e" testId="ba737e18-d009-4d7c-6e13-52f4c654ec83" testName="xUnitTestProject.CurrencyHelperTests.FormatToStringTest1000(price: 236.20263638589657, expected: &quot;236.20 zł&quot;)" computerName="DESKTOP-5URQ9PB" duration="00:00:00.0000039" startTime="2022-06-13T21:15:49.4081380+02:00" endTime="2022-06-13T21:15:49.4081381+02:00" testType="13cdc9d9-ddb5-4fa4-a97d-d965ccfc6d4b" outcome="Passed" testListId="8c84fa94-04c1-424b-9868-57a2d4851a1d" relativeResultsDirectory="8f15e23e-cbfa-4dfd-bc37-9f78f3c9758e" />
    <UnitTestResult executionId="a2404645-d266-47bc-9b0f-d83c18e8e7df" testId="251bbc15-9ad4-e7e2-3a95-fab7be0e3e27" testName="xUnitTestProject.CurrencyHelperTests.FormatToStringTest1000(price: 21728.91641959963, expected: &quot;21728.92 zł&quot;)" computerName="DESKTOP-5URQ9PB" duration="00:00:00.0000040" startTime="2022-06-13T21:15:49.4443926+02:00" endTime="2022-06-13T21:15:49.4443928+02:00" testType="13cdc9d9-ddb5-4fa4-a97d-d965ccfc6d4b" outcome="Passed" testListId="8c84fa94-04c1-424b-9868-57a2d4851a1d" relativeResultsDirectory="a2404645-d266-47bc-9b0f-d83c18e8e7df" />
    <UnitTestResult executionId="b268f8fa-37f5-4d90-8c16-3e4f1e3cb107" testId="b6713598-e21c-6f29-08f1-f4f46e42ba65" testName="xUnitTestProject.CurrencyHelperTests.FormatToStringTest1000(price: 5870.791169434223, expected: &quot;5870.79 zł&quot;)" computerName="DESKTOP-5URQ9PB" duration="00:00:00.0000039" startTime="2022-06-13T21:15:49.4661011+02:00" endTime="2022-06-13T21:15:49.4661012+02:00" testType="13cdc9d9-ddb5-4fa4-a97d-d965ccfc6d4b" outcome="Passed" testListId="8c84fa94-04c1-424b-9868-57a2d4851a1d" relativeResultsDirectory="b268f8fa-37f5-4d90-8c16-3e4f1e3cb107" />
    <UnitTestResult executionId="3c6db95d-51f4-4242-8ded-14e27a78c9bd" testId="dbb67156-6168-60a5-400a-6afe6eb000f2" testName="xUnitTestProject.CurrencyHelperTests.FormatToStringTest1000(price: 40400.9734049295, expected: &quot;40400.97 zł&quot;)" computerName="DESKTOP-5URQ9PB" duration="00:00:00.0000040" startTime="2022-06-13T21:15:49.4404672+02:00" endTime="2022-06-13T21:15:49.4404674+02:00" testType="13cdc9d9-ddb5-4fa4-a97d-d965ccfc6d4b" outcome="Passed" testListId="8c84fa94-04c1-424b-9868-57a2d4851a1d" relativeResultsDirectory="3c6db95d-51f4-4242-8ded-14e27a78c9bd" />
    <UnitTestResult executionId="ed156db9-a75d-4565-af8c-8c680acfb720" testId="5ecde283-9d6a-9ecb-81fe-93b9560f7b73" testName="xUnitTestProject.CurrencyHelperTests.FormatToStringTest1000(price: 15669.698889610218, expected: &quot;15669.70 zł&quot;)" computerName="DESKTOP-5URQ9PB" duration="00:00:00.0000041" startTime="2022-06-13T21:15:49.4030411+02:00" endTime="2022-06-13T21:15:49.4030413+02:00" testType="13cdc9d9-ddb5-4fa4-a97d-d965ccfc6d4b" outcome="Passed" testListId="8c84fa94-04c1-424b-9868-57a2d4851a1d" relativeResultsDirectory="ed156db9-a75d-4565-af8c-8c680acfb720" />
    <UnitTestResult executionId="b13f157c-bb4a-489e-91cc-9a6bba2b809e" testId="1c4368b6-2172-3b52-0d12-0d33b2fcef8b" testName="xUnitTestProject.CurrencyHelperTests.FormatToStringTest1000(price: 33970.38965150639, expected: &quot;33970.39 zł&quot;)" computerName="DESKTOP-5URQ9PB" duration="00:00:00.0000039" startTime="2022-06-13T21:15:49.4483805+02:00" endTime="2022-06-13T21:15:49.4483807+02:00" testType="13cdc9d9-ddb5-4fa4-a97d-d965ccfc6d4b" outcome="Passed" testListId="8c84fa94-04c1-424b-9868-57a2d4851a1d" relativeResultsDirectory="b13f157c-bb4a-489e-91cc-9a6bba2b809e" />
    <UnitTestResult executionId="606c0bee-7598-4e35-a34d-aec1b7b4a7cc" testId="92bde5bc-af9c-6dbe-10ea-7012e494fcd9" testName="xUnitTestProject.CurrencyHelperTests.FormatToStringTest1000(price: 27942.393876474067, expected: &quot;27942.39 zł&quot;)" computerName="DESKTOP-5URQ9PB" duration="00:00:00.0000039" startTime="2022-06-13T21:15:49.4941767+02:00" endTime="2022-06-13T21:15:49.4941768+02:00" testType="13cdc9d9-ddb5-4fa4-a97d-d965ccfc6d4b" outcome="Passed" testListId="8c84fa94-04c1-424b-9868-57a2d4851a1d" relativeResultsDirectory="606c0bee-7598-4e35-a34d-aec1b7b4a7cc" />
    <UnitTestResult executionId="40f70723-2c3a-46be-91e7-0bfe59999a16" testId="f0b310a7-9bf9-fe2b-4bd1-bf05e954c540" testName="xUnitTestProject.CurrencyHelperTests.FormatToStringTest1000(price: 61633.2671179945, expected: &quot;61633.27 zł&quot;)" computerName="DESKTOP-5URQ9PB" duration="00:00:00.0000039" startTime="2022-06-13T21:15:49.4766822+02:00" endTime="2022-06-13T21:15:49.4766823+02:00" testType="13cdc9d9-ddb5-4fa4-a97d-d965ccfc6d4b" outcome="Passed" testListId="8c84fa94-04c1-424b-9868-57a2d4851a1d" relativeResultsDirectory="40f70723-2c3a-46be-91e7-0bfe59999a16" />
    <UnitTestResult executionId="bbc99199-c41f-4b0e-88a8-a3c50b6effa6" testId="364fda16-bd4c-3aa8-1597-b73653a15603" testName="xUnitTestProject.CurrencyHelperTests.FormatToStringTest1000(price: 5398.2412667191775, expected: &quot;5398.24 zł&quot;)" computerName="DESKTOP-5URQ9PB" duration="00:00:00.0000040" startTime="2022-06-13T21:15:49.4271847+02:00" endTime="2022-06-13T21:15:49.4271849+02:00" testType="13cdc9d9-ddb5-4fa4-a97d-d965ccfc6d4b" outcome="Passed" testListId="8c84fa94-04c1-424b-9868-57a2d4851a1d" relativeResultsDirectory="bbc99199-c41f-4b0e-88a8-a3c50b6effa6" />
    <UnitTestResult executionId="4b222c59-051a-4ffb-95c5-5e38a7ae3eb1" testId="4a9f4574-9113-6c35-d2fa-751a30e86322" testName="xUnitTestProject.CurrencyHelperTests.FormatToStringTest1000(price: 72703.4365723503, expected: &quot;72703.44 zł&quot;)" computerName="DESKTOP-5URQ9PB" duration="00:00:00.0000040" startTime="2022-06-13T21:15:49.4757386+02:00" endTime="2022-06-13T21:15:49.4757388+02:00" testType="13cdc9d9-ddb5-4fa4-a97d-d965ccfc6d4b" outcome="Passed" testListId="8c84fa94-04c1-424b-9868-57a2d4851a1d" relativeResultsDirectory="4b222c59-051a-4ffb-95c5-5e38a7ae3eb1" />
    <UnitTestResult executionId="d6ef5c03-5fee-4431-9c3f-1439475d9937" testId="4a32286d-4292-da18-0868-eb2a25ef068a" testName="xUnitTestProject.CurrencyHelperTests.FormatToStringTest1000(price: 24030.724859085738, expected: &quot;24030.72 zł&quot;)" computerName="DESKTOP-5URQ9PB" duration="00:00:00.0000040" startTime="2022-06-13T21:15:49.4641730+02:00" endTime="2022-06-13T21:15:49.4641731+02:00" testType="13cdc9d9-ddb5-4fa4-a97d-d965ccfc6d4b" outcome="Passed" testListId="8c84fa94-04c1-424b-9868-57a2d4851a1d" relativeResultsDirectory="d6ef5c03-5fee-4431-9c3f-1439475d9937" />
    <UnitTestResult executionId="b4c4cdde-02db-4984-9519-0fb207fdd8ad" testId="2cd8497b-7c7c-c528-555b-f107e750a1a0" testName="xUnitTestProject.CurrencyHelperTests.FormatToStringTest1000(price: 31315.40354898544, expected: &quot;31315.40 zł&quot;)" computerName="DESKTOP-5URQ9PB" duration="00:00:00.0000037" startTime="2022-06-13T21:15:49.4464979+02:00" endTime="2022-06-13T21:15:49.4464981+02:00" testType="13cdc9d9-ddb5-4fa4-a97d-d965ccfc6d4b" outcome="Passed" testListId="8c84fa94-04c1-424b-9868-57a2d4851a1d" relativeResultsDirectory="b4c4cdde-02db-4984-9519-0fb207fdd8ad" />
    <UnitTestResult executionId="0a39bc9a-ad58-4916-a6ed-a5a304ff3ac6" testId="de2d22dc-e411-4a1b-48db-f6f07906b5fb" testName="xUnitTestProject.CurrencyHelperTests.FormatToStringTest1000(price: 15313.083673952653, expected: &quot;15313.08 zł&quot;)" computerName="DESKTOP-5URQ9PB" duration="00:00:00.0000040" startTime="2022-06-13T21:15:49.4913094+02:00" endTime="2022-06-13T21:15:49.4913096+02:00" testType="13cdc9d9-ddb5-4fa4-a97d-d965ccfc6d4b" outcome="Passed" testListId="8c84fa94-04c1-424b-9868-57a2d4851a1d" relativeResultsDirectory="0a39bc9a-ad58-4916-a6ed-a5a304ff3ac6" />
    <UnitTestResult executionId="ff96bafb-e32b-4d20-a613-c42bcfc95310" testId="1aafdcdc-e39a-0bd1-4429-1c1f26634e52" testName="xUnitTestProject.CurrencyHelperTests.FormatToStringTest1000(price: 72802.68569213277, expected: &quot;72802.69 zł&quot;)" computerName="DESKTOP-5URQ9PB" duration="00:00:00.0000040" startTime="2022-06-13T21:15:49.4543613+02:00" endTime="2022-06-13T21:15:49.4543615+02:00" testType="13cdc9d9-ddb5-4fa4-a97d-d965ccfc6d4b" outcome="Passed" testListId="8c84fa94-04c1-424b-9868-57a2d4851a1d" relativeResultsDirectory="ff96bafb-e32b-4d20-a613-c42bcfc95310" />
    <UnitTestResult executionId="b5479176-4669-45da-9214-146fe4a81c97" testId="632872cf-9e7c-9970-9f88-5a4077b29ff5" testName="xUnitTestProject.CurrencyHelperTests.FormatToStringTest1000(price: 10762.501695533518, expected: &quot;10762.50 zł&quot;)" computerName="DESKTOP-5URQ9PB" duration="00:00:00.0000041" startTime="2022-06-13T21:15:49.4621956+02:00" endTime="2022-06-13T21:15:49.4621957+02:00" testType="13cdc9d9-ddb5-4fa4-a97d-d965ccfc6d4b" outcome="Passed" testListId="8c84fa94-04c1-424b-9868-57a2d4851a1d" relativeResultsDirectory="b5479176-4669-45da-9214-146fe4a81c97" />
    <UnitTestResult executionId="6cb6bd70-65c1-428d-85f7-398f25b13978" testId="599b5bdf-c3a2-ab45-0452-3da415351122" testName="xUnitTestProject.CurrencyHelperTests.FormatToStringTest1000(price: 16210.791556035536, expected: &quot;16210.79 zł&quot;)" computerName="DESKTOP-5URQ9PB" duration="00:00:00.0000040" startTime="2022-06-13T21:15:49.4175426+02:00" endTime="2022-06-13T21:15:49.4175427+02:00" testType="13cdc9d9-ddb5-4fa4-a97d-d965ccfc6d4b" outcome="Passed" testListId="8c84fa94-04c1-424b-9868-57a2d4851a1d" relativeResultsDirectory="6cb6bd70-65c1-428d-85f7-398f25b13978" />
    <UnitTestResult executionId="b4d90dc9-b96e-4e69-a098-893773563794" testId="7f38c64c-30e5-6f29-b1b2-933630e715de" testName="xUnitTestProject.CurrencyHelperTests.FormatToStringTest1000(price: 5317.9582678023535, expected: &quot;5317.96 zł&quot;)" computerName="DESKTOP-5URQ9PB" duration="00:00:00.0000038" startTime="2022-06-13T21:15:49.4891542+02:00" endTime="2022-06-13T21:15:49.4891544+02:00" testType="13cdc9d9-ddb5-4fa4-a97d-d965ccfc6d4b" outcome="Passed" testListId="8c84fa94-04c1-424b-9868-57a2d4851a1d" relativeResultsDirectory="b4d90dc9-b96e-4e69-a098-893773563794" />
    <UnitTestResult executionId="d28676d9-c6fa-4380-b475-9dbc3bbd765d" testId="bac2e760-c57c-379d-cca8-5272b1f0e7e5" testName="xUnitTestProject.CurrencyHelperTests.FormatToStringTest1000(price: 6035.818653228608, expected: &quot;6035.82 zł&quot;)" computerName="DESKTOP-5URQ9PB" duration="00:00:00.0000047" startTime="2022-06-13T21:15:49.4271548+02:00" endTime="2022-06-13T21:15:49.4271549+02:00" testType="13cdc9d9-ddb5-4fa4-a97d-d965ccfc6d4b" outcome="Passed" testListId="8c84fa94-04c1-424b-9868-57a2d4851a1d" relativeResultsDirectory="d28676d9-c6fa-4380-b475-9dbc3bbd765d" />
    <UnitTestResult executionId="589d0332-2f78-4a52-8e46-d504ce3cf7da" testId="d256d95f-79c2-283f-fe67-61aaa54d0e1b" testName="xUnitTestProject.CurrencyHelperTests.FormatToStringTest1000(price: 4648.492795337221, expected: &quot;4648.49 zł&quot;)" computerName="DESKTOP-5URQ9PB" duration="00:00:00.0000039" startTime="2022-06-13T21:15:49.4485760+02:00" endTime="2022-06-13T21:15:49.4485761+02:00" testType="13cdc9d9-ddb5-4fa4-a97d-d965ccfc6d4b" outcome="Passed" testListId="8c84fa94-04c1-424b-9868-57a2d4851a1d" relativeResultsDirectory="589d0332-2f78-4a52-8e46-d504ce3cf7da" />
    <UnitTestResult executionId="1e48173c-6d92-44c2-945a-53b426aeec94" testId="1eaafc3c-6374-0d37-e565-15fb470a9a01" testName="xUnitTestProject.CurrencyHelperTests.FormatToStringTest1000(price: 12641.700665183225, expected: &quot;12641.70 zł&quot;)" computerName="DESKTOP-5URQ9PB" duration="00:00:00.0000039" startTime="2022-06-13T21:15:49.4826020+02:00" endTime="2022-06-13T21:15:49.4826022+02:00" testType="13cdc9d9-ddb5-4fa4-a97d-d965ccfc6d4b" outcome="Passed" testListId="8c84fa94-04c1-424b-9868-57a2d4851a1d" relativeResultsDirectory="1e48173c-6d92-44c2-945a-53b426aeec94" />
    <UnitTestResult executionId="48ae5f37-4c89-48b8-8c93-884d8d079a7d" testId="dbbec110-d393-0535-7065-c16e31474059" testName="xUnitTestProject.CurrencyHelperTests.FormatToStringTest1000(price: 15822.278766386342, expected: &quot;15822.28 zł&quot;)" computerName="DESKTOP-5URQ9PB" duration="00:00:00.0000038" startTime="2022-06-13T21:15:49.4374353+02:00" endTime="2022-06-13T21:15:49.4374354+02:00" testType="13cdc9d9-ddb5-4fa4-a97d-d965ccfc6d4b" outcome="Passed" testListId="8c84fa94-04c1-424b-9868-57a2d4851a1d" relativeResultsDirectory="48ae5f37-4c89-48b8-8c93-884d8d079a7d" />
    <UnitTestResult executionId="a1eca087-9ac4-488b-95ef-cf74346499d1" testId="55a64d0e-8de2-b5b6-7b28-338aaabcb504" testName="xUnitTestProject.CurrencyHelperTests.FormatToStringTest1000(price: 31622.81414407809, expected: &quot;31622.81 zł&quot;)" computerName="DESKTOP-5URQ9PB" duration="00:00:00.0000039" startTime="2022-06-13T21:15:49.4843278+02:00" endTime="2022-06-13T21:15:49.4843282+02:00" testType="13cdc9d9-ddb5-4fa4-a97d-d965ccfc6d4b" outcome="Passed" testListId="8c84fa94-04c1-424b-9868-57a2d4851a1d" relativeResultsDirectory="a1eca087-9ac4-488b-95ef-cf74346499d1" />
    <UnitTestResult executionId="c1b75b92-63d8-4f96-a128-dc2ea6e800c3" testId="9af46142-b025-7ff1-cd86-b161fef30f97" testName="xUnitTestProject.CurrencyHelperTests.FormatToStringTest1000(price: 27187.549022783314, expected: &quot;27187.55 zł&quot;)" computerName="DESKTOP-5URQ9PB" duration="00:00:00.0000040" startTime="2022-06-13T21:15:49.4681549+02:00" endTime="2022-06-13T21:15:49.4681551+02:00" testType="13cdc9d9-ddb5-4fa4-a97d-d965ccfc6d4b" outcome="Passed" testListId="8c84fa94-04c1-424b-9868-57a2d4851a1d" relativeResultsDirectory="c1b75b92-63d8-4f96-a128-dc2ea6e800c3" />
    <UnitTestResult executionId="721457fa-f713-4c94-8cc5-8a2e0331d3f8" testId="13dfd982-ae8a-b137-0e11-07b0f29632c1" testName="xUnitTestProject.CurrencyHelperTests.FormatToStringTest1000(price: 13046.352146307172, expected: &quot;13046.35 zł&quot;)" computerName="DESKTOP-5URQ9PB" duration="00:00:00.0000040" startTime="2022-06-13T21:15:49.3958224+02:00" endTime="2022-06-13T21:15:49.3958226+02:00" testType="13cdc9d9-ddb5-4fa4-a97d-d965ccfc6d4b" outcome="Passed" testListId="8c84fa94-04c1-424b-9868-57a2d4851a1d" relativeResultsDirectory="721457fa-f713-4c94-8cc5-8a2e0331d3f8" />
    <UnitTestResult executionId="ec54032c-9697-4317-b3a8-611d1cdf7245" testId="6c34d91a-3ccc-a88d-a525-6f3132726a55" testName="xUnitTestProject.CurrencyHelperTests.FormatToStringTest1000(price: 6057.842750804426, expected: &quot;6057.84 zł&quot;)" computerName="DESKTOP-5URQ9PB" duration="00:00:00.0000039" startTime="2022-06-13T21:15:49.4241199+02:00" endTime="2022-06-13T21:15:49.4241201+02:00" testType="13cdc9d9-ddb5-4fa4-a97d-d965ccfc6d4b" outcome="Passed" testListId="8c84fa94-04c1-424b-9868-57a2d4851a1d" relativeResultsDirectory="ec54032c-9697-4317-b3a8-611d1cdf7245" />
    <UnitTestResult executionId="a8ee0c09-91ef-46dd-bd92-8ef0daa1534c" testId="1400f8ec-69fd-4b7f-6a20-9938aff67002" testName="xUnitTestProject.CurrencyHelperTests.FormatToStringTest1000(price: 29917.15005391145, expected: &quot;29917.15 zł&quot;)" computerName="DESKTOP-5URQ9PB" duration="00:00:00.0000039" startTime="2022-06-13T21:15:49.4114243+02:00" endTime="2022-06-13T21:15:49.4114245+02:00" testType="13cdc9d9-ddb5-4fa4-a97d-d965ccfc6d4b" outcome="Passed" testListId="8c84fa94-04c1-424b-9868-57a2d4851a1d" relativeResultsDirectory="a8ee0c09-91ef-46dd-bd92-8ef0daa1534c" />
    <UnitTestResult executionId="5954f8e2-5b3d-4426-9e65-016d7f5bf110" testId="9dfbdafb-7dbf-f0e8-6265-547cdd24d00d" testName="xUnitTestProject.CurrencyHelperTests.FormatToStringTest1000(price: 464.74397441965715, expected: &quot;464.74 zł&quot;)" computerName="DESKTOP-5URQ9PB" duration="00:00:00.0000038" startTime="2022-06-13T21:15:49.4213814+02:00" endTime="2022-06-13T21:15:49.4213815+02:00" testType="13cdc9d9-ddb5-4fa4-a97d-d965ccfc6d4b" outcome="Passed" testListId="8c84fa94-04c1-424b-9868-57a2d4851a1d" relativeResultsDirectory="5954f8e2-5b3d-4426-9e65-016d7f5bf110" />
    <UnitTestResult executionId="16aaaae4-c69a-4656-b666-d9b4ffe64b5b" testId="dbf6f9ae-d4e2-c907-2228-ff1a571678a6" testName="xUnitTestProject.CurrencyHelperTests.FormatToStringTest1000(price: 20497.107923553376, expected: &quot;20497.11 zł&quot;)" computerName="DESKTOP-5URQ9PB" duration="00:00:00.0000038" startTime="2022-06-13T21:15:49.4486064+02:00" endTime="2022-06-13T21:15:49.4486066+02:00" testType="13cdc9d9-ddb5-4fa4-a97d-d965ccfc6d4b" outcome="Passed" testListId="8c84fa94-04c1-424b-9868-57a2d4851a1d" relativeResultsDirectory="16aaaae4-c69a-4656-b666-d9b4ffe64b5b" />
    <UnitTestResult executionId="e147ecc6-779a-4783-9d68-2ef333b46493" testId="dbe8f5eb-581b-1146-9a97-1f79fbc0650a" testName="xUnitTestProject.CurrencyHelperTests.FormatToStringTest1000(price: 16388.556189478633, expected: &quot;16388.56 zł&quot;)" computerName="DESKTOP-5URQ9PB" duration="00:00:00.0000039" startTime="2022-06-13T21:15:49.4292597+02:00" endTime="2022-06-13T21:15:49.4292599+02:00" testType="13cdc9d9-ddb5-4fa4-a97d-d965ccfc6d4b" outcome="Passed" testListId="8c84fa94-04c1-424b-9868-57a2d4851a1d" relativeResultsDirectory="e147ecc6-779a-4783-9d68-2ef333b46493" />
    <UnitTestResult executionId="4dff1d04-35b7-4446-bdb8-c44791d61d25" testId="17903115-6688-8f7d-0f17-6bed61c91258" testName="xUnitTestProject.CurrencyHelperTests.FormatToStringTest1000(price: 11796.576829059317, expected: &quot;11796.58 zł&quot;)" computerName="DESKTOP-5URQ9PB" duration="00:00:00.0000040" startTime="2022-06-13T21:15:49.4825709+02:00" endTime="2022-06-13T21:15:49.4825710+02:00" testType="13cdc9d9-ddb5-4fa4-a97d-d965ccfc6d4b" outcome="Passed" testListId="8c84fa94-04c1-424b-9868-57a2d4851a1d" relativeResultsDirectory="4dff1d04-35b7-4446-bdb8-c44791d61d25" />
    <UnitTestResult executionId="635f8f27-8fc9-438d-a96c-ce1112446625" testId="b8c9a81a-11ec-9afa-2e32-5c4408d66f0a" testName="xUnitTestProject.CurrencyHelperTests.FormatToStringTest1000(price: 19933.78650940945, expected: &quot;19933.79 zł&quot;)" computerName="DESKTOP-5URQ9PB" duration="00:00:00.0000039" startTime="2022-06-13T21:15:49.4834003+02:00" endTime="2022-06-13T21:15:49.4834005+02:00" testType="13cdc9d9-ddb5-4fa4-a97d-d965ccfc6d4b" outcome="Passed" testListId="8c84fa94-04c1-424b-9868-57a2d4851a1d" relativeResultsDirectory="635f8f27-8fc9-438d-a96c-ce1112446625" />
    <UnitTestResult executionId="76d3fe47-1bc7-43fc-9b49-fd3f146aa8ec" testId="e63012a7-c6dd-105c-5599-46a75e19ac35" testName="xUnitTestProject.CurrencyHelperTests.FormatToStringTest1000(price: 43424.45140075332, expected: &quot;43424.45 zł&quot;)" computerName="DESKTOP-5URQ9PB" duration="00:00:00.0000038" startTime="2022-06-13T21:15:49.4312908+02:00" endTime="2022-06-13T21:15:49.4312910+02:00" testType="13cdc9d9-ddb5-4fa4-a97d-d965ccfc6d4b" outcome="Passed" testListId="8c84fa94-04c1-424b-9868-57a2d4851a1d" relativeResultsDirectory="76d3fe47-1bc7-43fc-9b49-fd3f146aa8ec" />
    <UnitTestResult executionId="d238bde3-5b26-4d0a-b3db-7e4270f3a4cd" testId="c09462bb-4f86-b8e1-b39e-c6c94b35ddbc" testName="xUnitTestProject.CurrencyHelperTests.FormatToStringTest1000(price: 6915.421130504656, expected: &quot;6915.42 zł&quot;)" computerName="DESKTOP-5URQ9PB" duration="00:00:00.0000047" startTime="2022-06-13T21:15:49.4690362+02:00" endTime="2022-06-13T21:15:49.4690364+02:00" testType="13cdc9d9-ddb5-4fa4-a97d-d965ccfc6d4b" outcome="Passed" testListId="8c84fa94-04c1-424b-9868-57a2d4851a1d" relativeResultsDirectory="d238bde3-5b26-4d0a-b3db-7e4270f3a4cd" />
    <UnitTestResult executionId="b1828fc7-d131-4bf9-ab77-e3ab304c70f6" testId="ec5e31f8-0a43-1c03-8691-e70ecfdbfc69" testName="xUnitTestProject.CurrencyHelperTests.FormatToStringTest1000(price: 68507.83928906724, expected: &quot;68507.84 zł&quot;)" computerName="DESKTOP-5URQ9PB" duration="00:00:00.0000040" startTime="2022-06-13T21:15:49.4555086+02:00" endTime="2022-06-13T21:15:49.4555087+02:00" testType="13cdc9d9-ddb5-4fa4-a97d-d965ccfc6d4b" outcome="Passed" testListId="8c84fa94-04c1-424b-9868-57a2d4851a1d" relativeResultsDirectory="b1828fc7-d131-4bf9-ab77-e3ab304c70f6" />
    <UnitTestResult executionId="d3933002-e251-47fa-8a5a-40026c5699ac" testId="491a28af-9dc3-1b63-07e3-54fe5ff8a2ad" testName="xUnitTestProject.CurrencyHelperTests.FormatToStringTest1000(price: 17252.06220983903, expected: &quot;17252.06 zł&quot;)" computerName="DESKTOP-5URQ9PB" duration="00:00:00.0000039" startTime="2022-06-13T21:15:49.4998326+02:00" endTime="2022-06-13T21:15:49.4998328+02:00" testType="13cdc9d9-ddb5-4fa4-a97d-d965ccfc6d4b" outcome="Passed" testListId="8c84fa94-04c1-424b-9868-57a2d4851a1d" relativeResultsDirectory="d3933002-e251-47fa-8a5a-40026c5699ac" />
    <UnitTestResult executionId="7bf38e37-857f-42b4-91a5-a3fde98b82c5" testId="8dcae478-7176-db28-16c0-e91e0d918df3" testName="xUnitTestProject.CurrencyHelperTests.FormatToStringTest1000(price: 58848.60825001477, expected: &quot;58848.61 zł&quot;)" computerName="DESKTOP-5URQ9PB" duration="00:00:00.0000040" startTime="2022-06-13T21:15:49.4939943+02:00" endTime="2022-06-13T21:15:49.4939944+02:00" testType="13cdc9d9-ddb5-4fa4-a97d-d965ccfc6d4b" outcome="Passed" testListId="8c84fa94-04c1-424b-9868-57a2d4851a1d" relativeResultsDirectory="7bf38e37-857f-42b4-91a5-a3fde98b82c5" />
    <UnitTestResult executionId="c788ad3e-b145-4b4f-931d-0b207b3b4b39" testId="9538a911-f018-0a3e-26cb-52278d332f56" testName="xUnitTestProject.CurrencyHelperTests.FormatToStringTest1000(price: 12370.243090209198, expected: &quot;12370.24 zł&quot;)" computerName="DESKTOP-5URQ9PB" duration="00:00:00.0000041" startTime="2022-06-13T21:15:49.4009032+02:00" endTime="2022-06-13T21:15:49.4009034+02:00" testType="13cdc9d9-ddb5-4fa4-a97d-d965ccfc6d4b" outcome="Passed" testListId="8c84fa94-04c1-424b-9868-57a2d4851a1d" relativeResultsDirectory="c788ad3e-b145-4b4f-931d-0b207b3b4b39" />
    <UnitTestResult executionId="4e0344d7-f858-4fdb-8623-5739a6be055f" testId="c0f25143-2b07-04f3-95cc-c9746948afb7" testName="xUnitTestProject.CurrencyHelperTests.FormatToStringTest1000(price: 4554.73912809777, expected: &quot;4554.74 zł&quot;)" computerName="DESKTOP-5URQ9PB" duration="00:00:00.0000038" startTime="2022-06-13T21:15:49.4524572+02:00" endTime="2022-06-13T21:15:49.4524574+02:00" testType="13cdc9d9-ddb5-4fa4-a97d-d965ccfc6d4b" outcome="Passed" testListId="8c84fa94-04c1-424b-9868-57a2d4851a1d" relativeResultsDirectory="4e0344d7-f858-4fdb-8623-5739a6be055f" />
    <UnitTestResult executionId="df575128-cbe1-4d82-89ea-c465fb2047ce" testId="a1fbb77d-adf8-8ccd-4022-16be128e7ade" testName="xUnitTestProject.CurrencyHelperTests.FormatToStringTest1000(price: 5504.094303639184, expected: &quot;5504.09 zł&quot;)" computerName="DESKTOP-5URQ9PB" duration="00:00:00.0000040" startTime="2022-06-13T21:15:49.4892751+02:00" endTime="2022-06-13T21:15:49.4892752+02:00" testType="13cdc9d9-ddb5-4fa4-a97d-d965ccfc6d4b" outcome="Passed" testListId="8c84fa94-04c1-424b-9868-57a2d4851a1d" relativeResultsDirectory="df575128-cbe1-4d82-89ea-c465fb2047ce" />
    <UnitTestResult executionId="7a327814-afa8-4e35-b7f2-81df333c4072" testId="ee3ad499-d226-2821-3efe-49a57729a899" testName="xUnitTestProject.CurrencyHelperTests.FormatToStringTest1000(price: 7202.052143613367, expected: &quot;7202.05 zł&quot;)" computerName="DESKTOP-5URQ9PB" duration="00:00:00.0000039" startTime="2022-06-13T21:15:49.4332395+02:00" endTime="2022-06-13T21:15:49.4332397+02:00" testType="13cdc9d9-ddb5-4fa4-a97d-d965ccfc6d4b" outcome="Passed" testListId="8c84fa94-04c1-424b-9868-57a2d4851a1d" relativeResultsDirectory="7a327814-afa8-4e35-b7f2-81df333c4072" />
    <UnitTestResult executionId="0dde57bf-99b0-4db5-aed9-779198cd92d7" testId="b818a661-8c39-b04d-aea0-c8bf6f965ed2" testName="xUnitTestProject.CurrencyHelperTests.FormatToStringTest1000(price: 4030.673117592313, expected: &quot;4030.67 zł&quot;)" computerName="DESKTOP-5URQ9PB" duration="00:00:00.0000041" startTime="2022-06-13T21:15:49.4261381+02:00" endTime="2022-06-13T21:15:49.4261382+02:00" testType="13cdc9d9-ddb5-4fa4-a97d-d965ccfc6d4b" outcome="Passed" testListId="8c84fa94-04c1-424b-9868-57a2d4851a1d" relativeResultsDirectory="0dde57bf-99b0-4db5-aed9-779198cd92d7" />
    <UnitTestResult executionId="35e7d014-117f-4674-90e8-ed2186773cc7" testId="6c083eac-7cf7-3a47-1845-0ff85783e0c1" testName="xUnitTestProject.CurrencyHelperTests.FormatToStringTest1000(price: 34021.1384072961, expected: &quot;34021.14 zł&quot;)" computerName="DESKTOP-5URQ9PB" duration="00:00:00.0000037" startTime="2022-06-13T21:15:49.4362252+02:00" endTime="2022-06-13T21:15:49.4362253+02:00" testType="13cdc9d9-ddb5-4fa4-a97d-d965ccfc6d4b" outcome="Passed" testListId="8c84fa94-04c1-424b-9868-57a2d4851a1d" relativeResultsDirectory="35e7d014-117f-4674-90e8-ed2186773cc7" />
    <UnitTestResult executionId="350d4f2e-8d1f-4c4d-bb92-68588f480d41" testId="b260e8fd-b664-9d96-9944-4c7dd9ae1851" testName="xUnitTestProject.CurrencyHelperTests.FormatToStringTest1000(price: 47630.39193684067, expected: &quot;47630.39 zł&quot;)" computerName="DESKTOP-5URQ9PB" duration="00:00:00.0000038" startTime="2022-06-13T21:15:49.4372825+02:00" endTime="2022-06-13T21:15:49.4372827+02:00" testType="13cdc9d9-ddb5-4fa4-a97d-d965ccfc6d4b" outcome="Passed" testListId="8c84fa94-04c1-424b-9868-57a2d4851a1d" relativeResultsDirectory="350d4f2e-8d1f-4c4d-bb92-68588f480d41" />
    <UnitTestResult executionId="6466b64f-b9bc-4911-822d-04138446096b" testId="51b21bbe-86e0-7c92-977a-b85ebd62b755" testName="xUnitTestProject.CurrencyHelperTests.FormatToStringTest1000(price: 19189.813662191766, expected: &quot;19189.81 zł&quot;)" computerName="DESKTOP-5URQ9PB" duration="00:00:00.0000040" startTime="2022-06-13T21:15:49.4756750+02:00" endTime="2022-06-13T21:15:49.4756752+02:00" testType="13cdc9d9-ddb5-4fa4-a97d-d965ccfc6d4b" outcome="Passed" testListId="8c84fa94-04c1-424b-9868-57a2d4851a1d" relativeResultsDirectory="6466b64f-b9bc-4911-822d-04138446096b" />
    <UnitTestResult executionId="fe1b0513-d048-49a5-afeb-1741e18bca8d" testId="a16b516f-2dd7-f0de-4b9f-39b505e3fb31" testName="xUnitTestProject.CurrencyHelperTests.FormatToStringTest1000(price: 4025.728369236797, expected: &quot;4025.73 zł&quot;)" computerName="DESKTOP-5URQ9PB" duration="00:00:00.0000038" startTime="2022-06-13T21:15:49.4988594+02:00" endTime="2022-06-13T21:15:49.4988595+02:00" testType="13cdc9d9-ddb5-4fa4-a97d-d965ccfc6d4b" outcome="Passed" testListId="8c84fa94-04c1-424b-9868-57a2d4851a1d" relativeResultsDirectory="fe1b0513-d048-49a5-afeb-1741e18bca8d" />
    <UnitTestResult executionId="9c9ac808-80ed-496a-ae04-0574171f14a2" testId="75fb03cc-a2de-116e-3a3c-32d118eb526b" testName="xUnitTestProject.CurrencyHelperTests.FormatToStringTest1000(price: 9196.579612724754, expected: &quot;9196.58 zł&quot;)" computerName="DESKTOP-5URQ9PB" duration="00:00:00.0000039" startTime="2022-06-13T21:15:49.3929322+02:00" endTime="2022-06-13T21:15:49.3929324+02:00" testType="13cdc9d9-ddb5-4fa4-a97d-d965ccfc6d4b" outcome="Passed" testListId="8c84fa94-04c1-424b-9868-57a2d4851a1d" relativeResultsDirectory="9c9ac808-80ed-496a-ae04-0574171f14a2" />
    <UnitTestResult executionId="8d11a03a-2948-42f5-a17a-ac745fc7acfb" testId="235eb381-d2e3-8caa-5888-040fb729169a" testName="xUnitTestProject.CurrencyHelperTests.FormatToStringTest1000(price: 6145.531235831571, expected: &quot;6145.53 zł&quot;)" computerName="DESKTOP-5URQ9PB" duration="00:00:00.0000038" startTime="2022-06-13T21:15:49.4114548+02:00" endTime="2022-06-13T21:15:49.4114549+02:00" testType="13cdc9d9-ddb5-4fa4-a97d-d965ccfc6d4b" outcome="Passed" testListId="8c84fa94-04c1-424b-9868-57a2d4851a1d" relativeResultsDirectory="8d11a03a-2948-42f5-a17a-ac745fc7acfb" />
    <UnitTestResult executionId="9dad8a60-e377-4525-a373-0416aa0afc54" testId="5d6a5449-fc3a-dea9-163b-dec74b3dd1b9" testName="xUnitTestProject.CurrencyHelperTests.FormatToStringTest1000(price: 42767.96883676898, expected: &quot;42767.97 zł&quot;)" computerName="DESKTOP-5URQ9PB" duration="00:00:00.0000037" startTime="2022-06-13T21:15:49.4862799+02:00" endTime="2022-06-13T21:15:49.4862800+02:00" testType="13cdc9d9-ddb5-4fa4-a97d-d965ccfc6d4b" outcome="Passed" testListId="8c84fa94-04c1-424b-9868-57a2d4851a1d" relativeResultsDirectory="9dad8a60-e377-4525-a373-0416aa0afc54" />
    <UnitTestResult executionId="fb54daa9-9b64-4c38-a776-5d8470fa74b8" testId="fb66f3c8-a00d-4cfa-eac4-abc207e2c602" testName="xUnitTestProject.CurrencyHelperTests.FormatToStringTest1000(price: 801.5720517614726, expected: &quot;801.57 zł&quot;)" computerName="DESKTOP-5URQ9PB" duration="00:00:00.0000040" startTime="2022-06-13T21:15:49.4931323+02:00" endTime="2022-06-13T21:15:49.4931324+02:00" testType="13cdc9d9-ddb5-4fa4-a97d-d965ccfc6d4b" outcome="Passed" testListId="8c84fa94-04c1-424b-9868-57a2d4851a1d" relativeResultsDirectory="fb54daa9-9b64-4c38-a776-5d8470fa74b8" />
    <UnitTestResult executionId="4753a802-9d0e-47e0-9fa8-46b207022002" testId="05428edc-24e9-331d-ccde-497be2e009d1" testName="xUnitTestProject.CurrencyHelperTests.FormatToStringTest1000(price: 5254.6338787505565, expected: &quot;5254.63 zł&quot;)" computerName="DESKTOP-5URQ9PB" duration="00:00:00.0000048" startTime="2022-06-13T21:15:49.4269383+02:00" endTime="2022-06-13T21:15:49.4269387+02:00" testType="13cdc9d9-ddb5-4fa4-a97d-d965ccfc6d4b" outcome="Passed" testListId="8c84fa94-04c1-424b-9868-57a2d4851a1d" relativeResultsDirectory="4753a802-9d0e-47e0-9fa8-46b207022002" />
    <UnitTestResult executionId="78009fc0-b239-4d91-a465-3461c3b9b35d" testId="c08a791c-2a2e-8ef9-53c2-680714283837" testName="xUnitTestProject.CurrencyHelperTests.FormatToStringTest1000(price: 10511.7304983189, expected: &quot;10511.73 zł&quot;)" computerName="DESKTOP-5URQ9PB" duration="00:00:00.0000037" startTime="2022-06-13T21:15:49.4082601+02:00" endTime="2022-06-13T21:15:49.4082602+02:00" testType="13cdc9d9-ddb5-4fa4-a97d-d965ccfc6d4b" outcome="Passed" testListId="8c84fa94-04c1-424b-9868-57a2d4851a1d" relativeResultsDirectory="78009fc0-b239-4d91-a465-3461c3b9b35d" />
    <UnitTestResult executionId="7e46732d-d886-43f8-8f67-a5698a6e0e53" testId="e18b4dbd-2ff6-3acf-dfb2-f12cbfa820d0" testName="xUnitTestProject.CurrencyHelperTests.FormatToStringTest1000(price: 77904.0088552246, expected: &quot;77904.01 zł&quot;)" computerName="DESKTOP-5URQ9PB" duration="00:00:00.0000038" startTime="2022-06-13T21:15:49.4269726+02:00" endTime="2022-06-13T21:15:49.4269728+02:00" testType="13cdc9d9-ddb5-4fa4-a97d-d965ccfc6d4b" outcome="Passed" testListId="8c84fa94-04c1-424b-9868-57a2d4851a1d" relativeResultsDirectory="7e46732d-d886-43f8-8f67-a5698a6e0e53" />
    <UnitTestResult executionId="48569dcc-a8ce-4919-9c0e-459970c54248" testId="9a37fdb2-9bc9-44c3-d032-3d58a5dce31d" testName="xUnitTestProject.CurrencyHelperTests.FormatToStringTest1000(price: 3799.9216302064815, expected: &quot;3799.92 zł&quot;)" computerName="DESKTOP-5URQ9PB" duration="00:00:00.0000039" startTime="2022-06-13T21:15:49.4039878+02:00" endTime="2022-06-13T21:15:49.4039880+02:00" testType="13cdc9d9-ddb5-4fa4-a97d-d965ccfc6d4b" outcome="Passed" testListId="8c84fa94-04c1-424b-9868-57a2d4851a1d" relativeResultsDirectory="48569dcc-a8ce-4919-9c0e-459970c54248" />
    <UnitTestResult executionId="85e925b2-06ec-40aa-b3cf-ddbb5639a716" testId="38ee170e-2136-8164-8076-d7d266da6388" testName="xUnitTestProject.CurrencyHelperTests.FormatToStringTest1000(price: 19463.08761954917, expected: &quot;19463.09 zł&quot;)" computerName="DESKTOP-5URQ9PB" duration="00:00:00.0000039" startTime="2022-06-13T21:15:49.4572664+02:00" endTime="2022-06-13T21:15:49.4572665+02:00" testType="13cdc9d9-ddb5-4fa4-a97d-d965ccfc6d4b" outcome="Passed" testListId="8c84fa94-04c1-424b-9868-57a2d4851a1d" relativeResultsDirectory="85e925b2-06ec-40aa-b3cf-ddbb5639a716" />
    <UnitTestResult executionId="cdc549e1-4b26-4268-952b-34b5e2c1aa33" testId="33ba7c37-d825-e74e-e294-1a6f561fb224" testName="xUnitTestProject.CurrencyHelperTests.FormatToStringTest1000(price: 22248.263319677797, expected: &quot;22248.26 zł&quot;)" computerName="DESKTOP-5URQ9PB" duration="00:00:00.0000039" startTime="2022-06-13T21:15:49.4352761+02:00" endTime="2022-06-13T21:15:49.4352763+02:00" testType="13cdc9d9-ddb5-4fa4-a97d-d965ccfc6d4b" outcome="Passed" testListId="8c84fa94-04c1-424b-9868-57a2d4851a1d" relativeResultsDirectory="cdc549e1-4b26-4268-952b-34b5e2c1aa33" />
    <UnitTestResult executionId="cf14dcd5-39e9-4cbf-b4ea-4b7a381ab7ec" testId="d4b7a26e-ed5a-1e37-a00a-e21284ce265b" testName="xUnitTestProject.CurrencyHelperTests.FormatToStringTest1000(price: 14035.12972514477, expected: &quot;14035.13 zł&quot;)" computerName="DESKTOP-5URQ9PB" duration="00:00:00.0000039" startTime="2022-06-13T21:15:49.4622847+02:00" endTime="2022-06-13T21:15:49.4622848+02:00" testType="13cdc9d9-ddb5-4fa4-a97d-d965ccfc6d4b" outcome="Passed" testListId="8c84fa94-04c1-424b-9868-57a2d4851a1d" relativeResultsDirectory="cf14dcd5-39e9-4cbf-b4ea-4b7a381ab7ec" />
    <UnitTestResult executionId="4e14bd8d-d3b3-49cd-98f0-565490bdac94" testId="3b87d198-4b64-d5ab-66c4-ae53f55f5bdf" testName="xUnitTestProject.CurrencyHelperTests.FormatToStringTest1000(price: 22494.46807976834, expected: &quot;22494.47 zł&quot;)" computerName="DESKTOP-5URQ9PB" duration="00:00:00.0000047" startTime="2022-06-13T21:15:49.4854446+02:00" endTime="2022-06-13T21:15:49.4854448+02:00" testType="13cdc9d9-ddb5-4fa4-a97d-d965ccfc6d4b" outcome="Passed" testListId="8c84fa94-04c1-424b-9868-57a2d4851a1d" relativeResultsDirectory="4e14bd8d-d3b3-49cd-98f0-565490bdac94" />
    <UnitTestResult executionId="a3ecbca6-158d-44d6-8937-61bb3f59732f" testId="e62a06d7-081f-b513-c2d5-80ddeebcb813" testName="xUnitTestProject.CurrencyHelperTests.FormatToStringTest1000(price: 39531.95190033268, expected: &quot;39531.95 zł&quot;)" computerName="DESKTOP-5URQ9PB" duration="00:00:00.0000049" startTime="2022-06-13T21:15:49.4270948+02:00" endTime="2022-06-13T21:15:49.4270949+02:00" testType="13cdc9d9-ddb5-4fa4-a97d-d965ccfc6d4b" outcome="Passed" testListId="8c84fa94-04c1-424b-9868-57a2d4851a1d" relativeResultsDirectory="a3ecbca6-158d-44d6-8937-61bb3f59732f" />
    <UnitTestResult executionId="c126dafa-fea0-465d-9fa9-c197064389f8" testId="9612d6d4-5d3c-f9a6-943c-f09f8d38bf59" testName="xUnitTestProject.CurrencyHelperTests.FormatToStringTest1000(price: 20482.32969107308, expected: &quot;20482.33 zł&quot;)" computerName="DESKTOP-5URQ9PB" duration="00:00:00.0000039" startTime="2022-06-13T21:15:49.4019154+02:00" endTime="2022-06-13T21:15:49.4019155+02:00" testType="13cdc9d9-ddb5-4fa4-a97d-d965ccfc6d4b" outcome="Passed" testListId="8c84fa94-04c1-424b-9868-57a2d4851a1d" relativeResultsDirectory="c126dafa-fea0-465d-9fa9-c197064389f8" />
    <UnitTestResult executionId="f8fc96e1-a6f6-45de-862a-32b600d80532" testId="f5820c79-9491-c601-5f6f-2c9537d33353" testName="xUnitTestProject.CurrencyHelperTests.FormatToStringTest1000(price: 18794.859523484418, expected: &quot;18794.86 zł&quot;)" computerName="DESKTOP-5URQ9PB" duration="00:00:00.0000040" startTime="2022-06-13T21:15:49.4958794+02:00" endTime="2022-06-13T21:15:49.4958798+02:00" testType="13cdc9d9-ddb5-4fa4-a97d-d965ccfc6d4b" outcome="Passed" testListId="8c84fa94-04c1-424b-9868-57a2d4851a1d" relativeResultsDirectory="f8fc96e1-a6f6-45de-862a-32b600d80532" />
    <UnitTestResult executionId="8a3aa719-7f04-4235-97a5-dbedd32e100f" testId="0c81c8d2-5b34-01f9-4916-14e860679bfe" testName="xUnitTestProject.CurrencyHelperTests.FormatToStringTest1000(price: 64568.131500027666, expected: &quot;64568.13 zł&quot;)" computerName="DESKTOP-5URQ9PB" duration="00:00:00.0000039" startTime="2022-06-13T21:15:49.4195250+02:00" endTime="2022-06-13T21:15:49.4195251+02:00" testType="13cdc9d9-ddb5-4fa4-a97d-d965ccfc6d4b" outcome="Passed" testListId="8c84fa94-04c1-424b-9868-57a2d4851a1d" relativeResultsDirectory="8a3aa719-7f04-4235-97a5-dbedd32e100f" />
    <UnitTestResult executionId="a7a530c8-4dbf-4457-b1d4-1930ec59d5b7" testId="01a9775b-5693-bd58-011d-1e4a65370397" testName="xUnitTestProject.CurrencyHelperTests.FormatToStringTest1000(price: 9750.134289915735, expected: &quot;9750.13 zł&quot;)" computerName="DESKTOP-5URQ9PB" duration="00:00:00.0000037" startTime="2022-06-13T21:15:49.4921152+02:00" endTime="2022-06-13T21:15:49.4921153+02:00" testType="13cdc9d9-ddb5-4fa4-a97d-d965ccfc6d4b" outcome="Passed" testListId="8c84fa94-04c1-424b-9868-57a2d4851a1d" relativeResultsDirectory="a7a530c8-4dbf-4457-b1d4-1930ec59d5b7" />
    <UnitTestResult executionId="589af3a5-387e-4341-a531-e63929a48393" testId="bafd99e7-ca41-5985-0fa2-b8c4e8f1fc8c" testName="xUnitTestProject.CurrencyHelperTests.FormatToStringTest1000(price: 5591.2222540617095, expected: &quot;5591.22 zł&quot;)" computerName="DESKTOP-5URQ9PB" duration="00:00:00.0000040" startTime="2022-06-13T21:15:49.4659764+02:00" endTime="2022-06-13T21:15:49.4659768+02:00" testType="13cdc9d9-ddb5-4fa4-a97d-d965ccfc6d4b" outcome="Passed" testListId="8c84fa94-04c1-424b-9868-57a2d4851a1d" relativeResultsDirectory="589af3a5-387e-4341-a531-e63929a48393" />
    <UnitTestResult executionId="d003b363-ee53-4cf2-aebd-f27fd7fe14e0" testId="0d808795-ca9e-3ec0-5d7b-6c498dbb0495" testName="xUnitTestProject.CurrencyHelperTests.FormatToStringTest1000(price: 57436.33241095409, expected: &quot;57436.33 zł&quot;)" computerName="DESKTOP-5URQ9PB" duration="00:00:00.0000041" startTime="2022-06-13T21:15:49.4261078+02:00" endTime="2022-06-13T21:15:49.4261079+02:00" testType="13cdc9d9-ddb5-4fa4-a97d-d965ccfc6d4b" outcome="Passed" testListId="8c84fa94-04c1-424b-9868-57a2d4851a1d" relativeResultsDirectory="d003b363-ee53-4cf2-aebd-f27fd7fe14e0" />
    <UnitTestResult executionId="59648823-e73c-447f-88aa-222aa415786f" testId="127fb78e-ed01-3534-55cd-9f963056d67f" testName="xUnitTestProject.CurrencyHelperTests.FormatToStringTest1000(price: 13855.30239352505, expected: &quot;13855.30 zł&quot;)" computerName="DESKTOP-5URQ9PB" duration="00:00:00.0000040" startTime="2022-06-13T21:15:49.4951080+02:00" endTime="2022-06-13T21:15:49.4951082+02:00" testType="13cdc9d9-ddb5-4fa4-a97d-d965ccfc6d4b" outcome="Passed" testListId="8c84fa94-04c1-424b-9868-57a2d4851a1d" relativeResultsDirectory="59648823-e73c-447f-88aa-222aa415786f" />
    <UnitTestResult executionId="8d8a17fb-af8e-49ab-b3f0-db95330e06f6" testId="31ad7a80-5373-effd-b719-cfe8b75a74c8" testName="xUnitTestProject.CurrencyHelperTests.FormatToStringTest1000(price: 49256.47455728635, expected: &quot;49256.47 zł&quot;)" computerName="DESKTOP-5URQ9PB" duration="00:00:00.0000039" startTime="2022-06-13T21:15:49.5025628+02:00" endTime="2022-06-13T21:15:49.5025629+02:00" testType="13cdc9d9-ddb5-4fa4-a97d-d965ccfc6d4b" outcome="Passed" testListId="8c84fa94-04c1-424b-9868-57a2d4851a1d" relativeResultsDirectory="8d8a17fb-af8e-49ab-b3f0-db95330e06f6" />
    <UnitTestResult executionId="d713a3ab-681d-488a-a77b-02088678e6e0" testId="72b4af26-389d-d3a5-e933-0620092c06be" testName="xUnitTestProject.CurrencyHelperTests.FormatToStringTest1000(price: 2835.0728237931958, expected: &quot;2835.07 zł&quot;)" computerName="DESKTOP-5URQ9PB" duration="00:00:00.0000040" startTime="2022-06-13T21:15:49.4270340+02:00" endTime="2022-06-13T21:15:49.4270341+02:00" testType="13cdc9d9-ddb5-4fa4-a97d-d965ccfc6d4b" outcome="Passed" testListId="8c84fa94-04c1-424b-9868-57a2d4851a1d" relativeResultsDirectory="d713a3ab-681d-488a-a77b-02088678e6e0" />
    <UnitTestResult executionId="e30f1079-f566-4788-b192-659930eb3ad3" testId="c6af2688-b6d7-1499-ef57-908aefcce6dc" testName="xUnitTestProject.CurrencyHelperTests.FormatToStringTest1000(price: 37561.969571757116, expected: &quot;37561.97 zł&quot;)" computerName="DESKTOP-5URQ9PB" duration="00:00:00.0000040" startTime="2022-06-13T21:15:49.4010246+02:00" endTime="2022-06-13T21:15:49.4010248+02:00" testType="13cdc9d9-ddb5-4fa4-a97d-d965ccfc6d4b" outcome="Passed" testListId="8c84fa94-04c1-424b-9868-57a2d4851a1d" relativeResultsDirectory="e30f1079-f566-4788-b192-659930eb3ad3" />
    <UnitTestResult executionId="43ff409a-0802-4f18-a7c3-9bbbbd016320" testId="6205fc96-eb71-1460-755c-461fb37bb024" testName="xUnitTestProject.CurrencyHelperTests.FormatToStringTest1000(price: 21785.42157155528, expected: &quot;21785.42 zł&quot;)" computerName="DESKTOP-5URQ9PB" duration="00:00:00.0000040" startTime="2022-06-13T21:15:49.4545124+02:00" endTime="2022-06-13T21:15:49.4545125+02:00" testType="13cdc9d9-ddb5-4fa4-a97d-d965ccfc6d4b" outcome="Passed" testListId="8c84fa94-04c1-424b-9868-57a2d4851a1d" relativeResultsDirectory="43ff409a-0802-4f18-a7c3-9bbbbd016320" />
    <UnitTestResult executionId="136572a0-6617-4812-be69-5d779df1dfb6" testId="5554cc9d-410c-0a03-5c37-393e64fd2d26" testName="xUnitTestProject.CurrencyHelperTests.FormatToStringTest1000(price: 54088.326214851964, expected: &quot;54088.33 zł&quot;)" computerName="DESKTOP-5URQ9PB" duration="00:00:00.0000038" startTime="2022-06-13T21:15:49.4092970+02:00" endTime="2022-06-13T21:15:49.4092971+02:00" testType="13cdc9d9-ddb5-4fa4-a97d-d965ccfc6d4b" outcome="Passed" testListId="8c84fa94-04c1-424b-9868-57a2d4851a1d" relativeResultsDirectory="136572a0-6617-4812-be69-5d779df1dfb6" />
    <UnitTestResult executionId="4eed2ea8-bd07-46b5-bb51-a8910134cf01" testId="434a8caa-9318-d21d-4a14-8dc7214b55eb" testName="xUnitTestProject.CurrencyHelperTests.FormatToStringTest1000(price: 35145.379208063416, expected: &quot;35145.38 zł&quot;)" computerName="DESKTOP-5URQ9PB" duration="00:00:00.0000040" startTime="2022-06-13T21:15:49.4931926+02:00" endTime="2022-06-13T21:15:49.4931927+02:00" testType="13cdc9d9-ddb5-4fa4-a97d-d965ccfc6d4b" outcome="Passed" testListId="8c84fa94-04c1-424b-9868-57a2d4851a1d" relativeResultsDirectory="4eed2ea8-bd07-46b5-bb51-a8910134cf01" />
    <UnitTestResult executionId="fd287539-01a5-4290-9e2d-bd0a0b2224ac" testId="3aa6da58-73c8-f8a3-c690-8bbd80282877" testName="xUnitTestProject.CurrencyHelperTests.FormatToStringTest1000(price: 20321.03715103913, expected: &quot;20321.04 zł&quot;)" computerName="DESKTOP-5URQ9PB" duration="00:00:00.0000039" startTime="2022-06-13T21:15:49.4157667+02:00" endTime="2022-06-13T21:15:49.4157669+02:00" testType="13cdc9d9-ddb5-4fa4-a97d-d965ccfc6d4b" outcome="Passed" testListId="8c84fa94-04c1-424b-9868-57a2d4851a1d" relativeResultsDirectory="fd287539-01a5-4290-9e2d-bd0a0b2224ac" />
    <UnitTestResult executionId="2dc3929c-49cb-4015-a437-5274ac4d05af" testId="e0c34032-6c79-2d9c-b6af-6955c63a9e30" testName="xUnitTestProject.CurrencyHelperTests.FormatToStringTest1000(price: 47672.66266041652, expected: &quot;47672.66 zł&quot;)" computerName="DESKTOP-5URQ9PB" duration="00:00:00.0000038" startTime="2022-06-13T21:15:49.5016552+02:00" endTime="2022-06-13T21:15:49.5016554+02:00" testType="13cdc9d9-ddb5-4fa4-a97d-d965ccfc6d4b" outcome="Passed" testListId="8c84fa94-04c1-424b-9868-57a2d4851a1d" relativeResultsDirectory="2dc3929c-49cb-4015-a437-5274ac4d05af" />
    <UnitTestResult executionId="9a30c59b-a8fa-4696-b994-952adce4018d" testId="e1f98d4b-b934-3301-b07c-a8722a8e1bf4" testName="xUnitTestProject.CurrencyHelperTests.FormatToStringTest1000(price: 468.83385119346616, expected: &quot;468.83 zł&quot;)" computerName="DESKTOP-5URQ9PB" duration="00:00:00.0000039" startTime="2022-06-13T21:15:49.4252770+02:00" endTime="2022-06-13T21:15:49.4252771+02:00" testType="13cdc9d9-ddb5-4fa4-a97d-d965ccfc6d4b" outcome="Passed" testListId="8c84fa94-04c1-424b-9868-57a2d4851a1d" relativeResultsDirectory="9a30c59b-a8fa-4696-b994-952adce4018d" />
    <UnitTestResult executionId="0b9d5ac0-a558-4f1a-aad5-f63ea752e52b" testId="33fd1dda-62a8-0bed-a4ce-731800ce94c0" testName="xUnitTestProject.CurrencyHelperTests.FormatToStringTest1000(price: 19210.519530370144, expected: &quot;19210.52 zł&quot;)" computerName="DESKTOP-5URQ9PB" duration="00:00:00.0000038" startTime="2022-06-13T21:15:49.5121914+02:00" endTime="2022-06-13T21:15:49.5121938+02:00" testType="13cdc9d9-ddb5-4fa4-a97d-d965ccfc6d4b" outcome="Passed" testListId="8c84fa94-04c1-424b-9868-57a2d4851a1d" relativeResultsDirectory="0b9d5ac0-a558-4f1a-aad5-f63ea752e52b" />
    <UnitTestResult executionId="d81142f5-1a18-467f-aba2-76f28435be51" testId="aef73524-5efd-2ad9-76a4-22b643281e1e" testName="xUnitTestProject.CurrencyHelperTests.FormatToStringTest1000(price: 13337.80490493486, expected: &quot;13337.80 zł&quot;)" computerName="DESKTOP-5URQ9PB" duration="00:00:00.0000039" startTime="2022-06-13T21:15:49.4112052+02:00" endTime="2022-06-13T21:15:49.4112056+02:00" testType="13cdc9d9-ddb5-4fa4-a97d-d965ccfc6d4b" outcome="Passed" testListId="8c84fa94-04c1-424b-9868-57a2d4851a1d" relativeResultsDirectory="d81142f5-1a18-467f-aba2-76f28435be51" />
    <UnitTestResult executionId="35a60bd1-23ac-4d39-8df4-2fb0652fe847" testId="1986b1a1-c98c-3d3a-7942-85a1e1c43315" testName="xUnitTestProject.CurrencyHelperTests.FormatToStringTest1000(price: 22678.795878462864, expected: &quot;22678.80 zł&quot;)" computerName="DESKTOP-5URQ9PB" duration="00:00:00.0000045" startTime="2022-06-13T21:15:49.4633333+02:00" endTime="2022-06-13T21:15:49.4633334+02:00" testType="13cdc9d9-ddb5-4fa4-a97d-d965ccfc6d4b" outcome="Passed" testListId="8c84fa94-04c1-424b-9868-57a2d4851a1d" relativeResultsDirectory="35a60bd1-23ac-4d39-8df4-2fb0652fe847" />
    <UnitTestResult executionId="14b72af1-0be6-48b9-bf12-fcadbe741673" testId="537f8fc0-34c4-479b-bc61-34b31d069aae" testName="xUnitTestProject.CurrencyHelperTests.FormatToStringTest1000(price: 88489.14069749469, expected: &quot;88489.14 zł&quot;)" computerName="DESKTOP-5URQ9PB" duration="00:00:00.0000041" startTime="2022-06-13T21:15:49.4516587+02:00" endTime="2022-06-13T21:15:49.4516589+02:00" testType="13cdc9d9-ddb5-4fa4-a97d-d965ccfc6d4b" outcome="Passed" testListId="8c84fa94-04c1-424b-9868-57a2d4851a1d" relativeResultsDirectory="14b72af1-0be6-48b9-bf12-fcadbe741673" />
    <UnitTestResult executionId="7259601e-63b9-465a-a449-c781c48a0696" testId="48c41a45-a694-6e7a-7100-4b0ce75fbb19" testName="xUnitTestProject.CurrencyHelperTests.FormatToStringTest1000(price: 19085.023282992664, expected: &quot;19085.02 zł&quot;)" computerName="DESKTOP-5URQ9PB" duration="00:00:00.0000038" startTime="2022-06-13T21:15:49.4951674+02:00" endTime="2022-06-13T21:15:49.4951675+02:00" testType="13cdc9d9-ddb5-4fa4-a97d-d965ccfc6d4b" outcome="Passed" testListId="8c84fa94-04c1-424b-9868-57a2d4851a1d" relativeResultsDirectory="7259601e-63b9-465a-a449-c781c48a0696" />
    <UnitTestResult executionId="627d2895-89ee-42b5-9723-83fd2d61ec7e" testId="264c060b-2c06-6e92-2e7b-9f27ddffeba4" testName="xUnitTestProject.CurrencyHelperTests.FormatToStringTest1000(price: 34242.181005260056, expected: &quot;34242.18 zł&quot;)" computerName="DESKTOP-5URQ9PB" duration="00:00:00.0000041" startTime="2022-06-13T21:15:49.3948625+02:00" endTime="2022-06-13T21:15:49.3948627+02:00" testType="13cdc9d9-ddb5-4fa4-a97d-d965ccfc6d4b" outcome="Passed" testListId="8c84fa94-04c1-424b-9868-57a2d4851a1d" relativeResultsDirectory="627d2895-89ee-42b5-9723-83fd2d61ec7e" />
    <UnitTestResult executionId="08a71ee1-b511-486e-9e6d-40fffccb99a1" testId="0d6a7c9f-244c-8d08-98f4-afd58838a2c2" testName="xUnitTestProject.CurrencyHelperTests.FormatToStringTest1000(price: 14719.97001409762, expected: &quot;14719.97 zł&quot;)" computerName="DESKTOP-5URQ9PB" duration="00:00:00.0000039" startTime="2022-06-13T21:15:49.4040487+02:00" endTime="2022-06-13T21:15:49.4040489+02:00" testType="13cdc9d9-ddb5-4fa4-a97d-d965ccfc6d4b" outcome="Passed" testListId="8c84fa94-04c1-424b-9868-57a2d4851a1d" relativeResultsDirectory="08a71ee1-b511-486e-9e6d-40fffccb99a1" />
    <UnitTestResult executionId="a5593ae6-dc69-4a52-8ab8-631fe2ef9407" testId="5313f3e0-d68f-8127-ba85-18b29352fdf0" testName="xUnitTestProject.CurrencyHelperTests.FormatToStringTest1000(price: 78822.37212685234, expected: &quot;78822.37 zł&quot;)" computerName="DESKTOP-5URQ9PB" duration="00:00:00.0000039" startTime="2022-06-13T21:15:49.4987072+02:00" endTime="2022-06-13T21:15:49.4987073+02:00" testType="13cdc9d9-ddb5-4fa4-a97d-d965ccfc6d4b" outcome="Passed" testListId="8c84fa94-04c1-424b-9868-57a2d4851a1d" relativeResultsDirectory="a5593ae6-dc69-4a52-8ab8-631fe2ef9407" />
    <UnitTestResult executionId="b1c8226a-c67e-4355-9854-87773c186aa5" testId="f62ec529-2064-feb0-d217-30e62f8296ba" testName="xUnitTestProject.CurrencyHelperTests.FormatToStringTest1000(price: 58459.03113649601, expected: &quot;58459.03 zł&quot;)" computerName="DESKTOP-5URQ9PB" duration="00:00:00.0000039" startTime="2022-06-13T21:15:49.4214713+02:00" endTime="2022-06-13T21:15:49.4214714+02:00" testType="13cdc9d9-ddb5-4fa4-a97d-d965ccfc6d4b" outcome="Passed" testListId="8c84fa94-04c1-424b-9868-57a2d4851a1d" relativeResultsDirectory="b1c8226a-c67e-4355-9854-87773c186aa5" />
    <UnitTestResult executionId="efc9de8f-2839-4123-a39b-226559592ad0" testId="c9fc2c85-cd6b-22aa-0e63-9afbfb8c152b" testName="xUnitTestProject.CurrencyHelperTests.FormatToStringTest1000(price: 835.1578487740633, expected: &quot;835.16 zł&quot;)" computerName="DESKTOP-5URQ9PB" duration="00:00:00.0000039" startTime="2022-06-13T21:15:49.4534841+02:00" endTime="2022-06-13T21:15:49.4534842+02:00" testType="13cdc9d9-ddb5-4fa4-a97d-d965ccfc6d4b" outcome="Passed" testListId="8c84fa94-04c1-424b-9868-57a2d4851a1d" relativeResultsDirectory="efc9de8f-2839-4123-a39b-226559592ad0" />
    <UnitTestResult executionId="3ca1784f-17f7-46b9-864b-98bce875a862" testId="ff96b5de-94eb-fc99-362b-5102f1ace758" testName="xUnitTestProject.CurrencyHelperTests.FormatToStringTest1000(price: 43727.735558145556, expected: &quot;43727.74 zł&quot;)" computerName="DESKTOP-5URQ9PB" duration="00:00:00.0000038" startTime="2022-06-13T21:15:49.4167245+02:00" endTime="2022-06-13T21:15:49.4167246+02:00" testType="13cdc9d9-ddb5-4fa4-a97d-d965ccfc6d4b" outcome="Passed" testListId="8c84fa94-04c1-424b-9868-57a2d4851a1d" relativeResultsDirectory="3ca1784f-17f7-46b9-864b-98bce875a862" />
    <UnitTestResult executionId="c74b204a-2fd6-4a5e-af60-8fc4c9b8f8e9" testId="e3939992-ed7f-a290-3278-0cb23f85c16d" testName="xUnitTestProject.CurrencyHelperTests.FormatToStringTest1000(price: 27027.327683509946, expected: &quot;27027.33 zł&quot;)" computerName="DESKTOP-5URQ9PB" duration="00:00:00.0000039" startTime="2022-06-13T21:15:49.4166632+02:00" endTime="2022-06-13T21:15:49.4166633+02:00" testType="13cdc9d9-ddb5-4fa4-a97d-d965ccfc6d4b" outcome="Passed" testListId="8c84fa94-04c1-424b-9868-57a2d4851a1d" relativeResultsDirectory="c74b204a-2fd6-4a5e-af60-8fc4c9b8f8e9" />
    <UnitTestResult executionId="bbaf1d17-a97e-4e39-bc5b-1990829a28dc" testId="80972e1e-3ff9-bf5c-296f-71aecb5aa2ee" testName="xUnitTestProject.CurrencyHelperTests.FormatToStringTest1000(price: 60323.066780431225, expected: &quot;60323.07 zł&quot;)" computerName="DESKTOP-5URQ9PB" duration="00:00:00.0000039" startTime="2022-06-13T21:15:49.4563253+02:00" endTime="2022-06-13T21:15:49.4563254+02:00" testType="13cdc9d9-ddb5-4fa4-a97d-d965ccfc6d4b" outcome="Passed" testListId="8c84fa94-04c1-424b-9868-57a2d4851a1d" relativeResultsDirectory="bbaf1d17-a97e-4e39-bc5b-1990829a28dc" />
    <UnitTestResult executionId="2c4b6730-dac0-467b-94db-6a3ab8533f24" testId="f376fc2f-2ee5-1277-a20e-665c6294e53a" testName="xUnitTestProject.CurrencyHelperTests.FormatToStringTest1000(price: 30410.68214617003, expected: &quot;30410.68 zł&quot;)" computerName="DESKTOP-5URQ9PB" duration="00:00:00.0000039" startTime="2022-06-13T21:15:49.4758622+02:00" endTime="2022-06-13T21:15:49.4758624+02:00" testType="13cdc9d9-ddb5-4fa4-a97d-d965ccfc6d4b" outcome="Passed" testListId="8c84fa94-04c1-424b-9868-57a2d4851a1d" relativeResultsDirectory="2c4b6730-dac0-467b-94db-6a3ab8533f24" />
    <UnitTestResult executionId="be00dbd6-81e4-480c-b18e-7a6471fe018f" testId="0875efbb-c25e-506a-0639-785cadf1bec9" testName="xUnitTestProject.CurrencyHelperTests.FormatToStringTest1000(price: 3131.5022711732904, expected: &quot;3131.50 zł&quot;)" computerName="DESKTOP-5URQ9PB" duration="00:00:00.0000041" startTime="2022-06-13T21:15:49.4167542+02:00" endTime="2022-06-13T21:15:49.4167544+02:00" testType="13cdc9d9-ddb5-4fa4-a97d-d965ccfc6d4b" outcome="Passed" testListId="8c84fa94-04c1-424b-9868-57a2d4851a1d" relativeResultsDirectory="be00dbd6-81e4-480c-b18e-7a6471fe018f" />
    <UnitTestResult executionId="0bb5fe08-c21f-4985-b888-4398d1e8ff94" testId="c2e7dabf-153e-40d2-4e35-e0a4cdae5b80" testName="xUnitTestProject.CurrencyHelperTests.FormatToStringTest1000(price: 19519.4298413505, expected: &quot;19519.43 zł&quot;)" computerName="DESKTOP-5URQ9PB" duration="00:00:00.0000038" startTime="2022-06-13T21:15:49.4593744+02:00" endTime="2022-06-13T21:15:49.4593746+02:00" testType="13cdc9d9-ddb5-4fa4-a97d-d965ccfc6d4b" outcome="Passed" testListId="8c84fa94-04c1-424b-9868-57a2d4851a1d" relativeResultsDirectory="0bb5fe08-c21f-4985-b888-4398d1e8ff94" />
    <UnitTestResult executionId="bdc3552b-8919-4dde-b9ff-84a7c198270e" testId="90cfec42-4910-af10-cff4-5af0ef6c23f5" testName="xUnitTestProject.CurrencyHelperTests.FormatToStringTest1000(price: 64887.45559046951, expected: &quot;64887.46 zł&quot;)" computerName="DESKTOP-5URQ9PB" duration="00:00:00.0000040" startTime="2022-06-13T21:15:49.4092667+02:00" endTime="2022-06-13T21:15:49.4092669+02:00" testType="13cdc9d9-ddb5-4fa4-a97d-d965ccfc6d4b" outcome="Passed" testListId="8c84fa94-04c1-424b-9868-57a2d4851a1d" relativeResultsDirectory="bdc3552b-8919-4dde-b9ff-84a7c198270e" />
    <UnitTestResult executionId="70e7c874-1e8c-466f-bcbb-25559759e376" testId="dfaf8cc8-6c50-9b2f-464a-6475c413ade9" testName="xUnitTestProject.CurrencyHelperTests.FormatToStringTest1000(price: 67230.86250807665, expected: &quot;67230.86 zł&quot;)" computerName="DESKTOP-5URQ9PB" duration="00:00:00.0000040" startTime="2022-06-13T21:15:49.4969020+02:00" endTime="2022-06-13T21:15:49.4969021+02:00" testType="13cdc9d9-ddb5-4fa4-a97d-d965ccfc6d4b" outcome="Passed" testListId="8c84fa94-04c1-424b-9868-57a2d4851a1d" relativeResultsDirectory="70e7c874-1e8c-466f-bcbb-25559759e376" />
    <UnitTestResult executionId="1f29cc35-c132-44f3-a01c-551cf593eb46" testId="b6db6a04-ac79-c80a-e7d6-d9ff2d42f5f4" testName="xUnitTestProject.CurrencyHelperTests.FormatToStringTest1000(price: 75350.77330865282, expected: &quot;75350.77 zł&quot;)" computerName="DESKTOP-5URQ9PB" duration="00:00:00.0000039" startTime="2022-06-13T21:15:49.4395545+02:00" endTime="2022-06-13T21:15:49.4395546+02:00" testType="13cdc9d9-ddb5-4fa4-a97d-d965ccfc6d4b" outcome="Passed" testListId="8c84fa94-04c1-424b-9868-57a2d4851a1d" relativeResultsDirectory="1f29cc35-c132-44f3-a01c-551cf593eb46" />
    <UnitTestResult executionId="df2dd97e-332f-4969-b75a-2140e524fe7b" testId="56e327fe-8407-ea11-addf-90ce93ff7d58" testName="xUnitTestProject.CurrencyHelperTests.FormatToStringTest1000(price: 1814.7218118955948, expected: &quot;1814.72 zł&quot;)" computerName="DESKTOP-5URQ9PB" duration="00:00:00.0000038" startTime="2022-06-13T21:15:49.5007759+02:00" endTime="2022-06-13T21:15:49.5007761+02:00" testType="13cdc9d9-ddb5-4fa4-a97d-d965ccfc6d4b" outcome="Passed" testListId="8c84fa94-04c1-424b-9868-57a2d4851a1d" relativeResultsDirectory="df2dd97e-332f-4969-b75a-2140e524fe7b" />
    <UnitTestResult executionId="48b8b056-9da3-45b3-b03f-88ca43654b31" testId="a5c380fd-7aff-7b69-c8d6-5989b9e204c5" testName="xUnitTestProject.CurrencyHelperTests.FormatToStringTest1000(price: 1821.7083499085663, expected: &quot;1821.71 zł&quot;)" computerName="DESKTOP-5URQ9PB" duration="00:00:00.0000040" startTime="2022-06-13T21:15:49.4670084+02:00" endTime="2022-06-13T21:15:49.4670085+02:00" testType="13cdc9d9-ddb5-4fa4-a97d-d965ccfc6d4b" outcome="Passed" testListId="8c84fa94-04c1-424b-9868-57a2d4851a1d" relativeResultsDirectory="48b8b056-9da3-45b3-b03f-88ca43654b31" />
    <UnitTestResult executionId="44018a43-105c-4394-92e9-a3da0b99658c" testId="3592b35e-5647-34de-406e-9d7d0b031ac6" testName="xUnitTestProject.CurrencyHelperTests.FormatToStringTest1000(price: 6173.0243155793405, expected: &quot;6173.02 zł&quot;)" computerName="DESKTOP-5URQ9PB" duration="00:00:00.0000040" startTime="2022-06-13T21:15:49.4343873+02:00" endTime="2022-06-13T21:15:49.4343875+02:00" testType="13cdc9d9-ddb5-4fa4-a97d-d965ccfc6d4b" outcome="Passed" testListId="8c84fa94-04c1-424b-9868-57a2d4851a1d" relativeResultsDirectory="44018a43-105c-4394-92e9-a3da0b99658c" />
    <UnitTestResult executionId="a0fbda87-29d7-49ca-8b91-ee9d828ad836" testId="459add99-cbf9-4f7c-b3d1-c619873acede" testName="xUnitTestProject.CurrencyHelperTests.FormatToStringTest1000(price: 66541.05112730109, expected: &quot;66541.05 zł&quot;)" computerName="DESKTOP-5URQ9PB" duration="00:00:00.0000040" startTime="2022-06-13T21:15:49.4699650+02:00" endTime="2022-06-13T21:15:49.4699652+02:00" testType="13cdc9d9-ddb5-4fa4-a97d-d965ccfc6d4b" outcome="Passed" testListId="8c84fa94-04c1-424b-9868-57a2d4851a1d" relativeResultsDirectory="a0fbda87-29d7-49ca-8b91-ee9d828ad836" />
    <UnitTestResult executionId="181d13db-8cac-4616-9224-0a44460982fd" testId="5de12653-1f5a-24cb-5ff2-99601694fb1f" testName="xUnitTestProject.CurrencyHelperTests.FormatToStringTest1000(price: 77919.64716867341, expected: &quot;77919.65 zł&quot;)" computerName="DESKTOP-5URQ9PB" duration="00:00:00.0000039" startTime="2022-06-13T21:15:49.4700854+02:00" endTime="2022-06-13T21:15:49.4700856+02:00" testType="13cdc9d9-ddb5-4fa4-a97d-d965ccfc6d4b" outcome="Passed" testListId="8c84fa94-04c1-424b-9868-57a2d4851a1d" relativeResultsDirectory="181d13db-8cac-4616-9224-0a44460982fd" />
    <UnitTestResult executionId="64f61ebf-6e32-433b-8a92-db4781cd0131" testId="8783f986-8eac-ac9c-2b17-d1518f607836" testName="xUnitTestProject.CurrencyHelperTests.FormatToStringTest1000(price: 7789.7136237517525, expected: &quot;7789.71 zł&quot;)" computerName="DESKTOP-5URQ9PB" duration="00:00:00.0000039" startTime="2022-06-13T21:15:49.4185531+02:00" endTime="2022-06-13T21:15:49.4185532+02:00" testType="13cdc9d9-ddb5-4fa4-a97d-d965ccfc6d4b" outcome="Passed" testListId="8c84fa94-04c1-424b-9868-57a2d4851a1d" relativeResultsDirectory="64f61ebf-6e32-433b-8a92-db4781cd0131" />
    <UnitTestResult executionId="948a529a-0313-447f-a384-82264bc6e632" testId="084c3ea0-3fae-0089-ccac-97b8aadd0b60" testName="xUnitTestProject.CurrencyHelperTests.FormatToStringTest1000(price: 1860.3356292016504, expected: &quot;1860.34 zł&quot;)" computerName="DESKTOP-5URQ9PB" duration="00:00:00.0000038" startTime="2022-06-13T21:15:49.4193739+02:00" endTime="2022-06-13T21:15:49.4193740+02:00" testType="13cdc9d9-ddb5-4fa4-a97d-d965ccfc6d4b" outcome="Passed" testListId="8c84fa94-04c1-424b-9868-57a2d4851a1d" relativeResultsDirectory="948a529a-0313-447f-a384-82264bc6e632" />
    <UnitTestResult executionId="f7139cde-6c4a-49a6-a1ee-67046ad27231" testId="e1c5523d-f177-82aa-b8ad-0ce279495eeb" testName="xUnitTestProject.CurrencyHelperTests.FormatToStringTest1000(price: 6809.40195803037, expected: &quot;6809.40 zł&quot;)" computerName="DESKTOP-5URQ9PB" duration="00:00:00.0000038" startTime="2022-06-13T21:15:49.4845875+02:00" endTime="2022-06-13T21:15:49.4845876+02:00" testType="13cdc9d9-ddb5-4fa4-a97d-d965ccfc6d4b" outcome="Passed" testListId="8c84fa94-04c1-424b-9868-57a2d4851a1d" relativeResultsDirectory="f7139cde-6c4a-49a6-a1ee-67046ad27231" />
    <UnitTestResult executionId="924a0f1e-dee1-4a36-9c39-b1eee817338e" testId="3b56a798-367d-2897-b3e6-a32862419438" testName="xUnitTestProject.CurrencyHelperTests.FormatToStringTest1000(price: 21573.45329517613, expected: &quot;21573.45 zł&quot;)" computerName="DESKTOP-5URQ9PB" duration="00:00:00.0000041" startTime="2022-06-13T21:15:49.4444828+02:00" endTime="2022-06-13T21:15:49.4444829+02:00" testType="13cdc9d9-ddb5-4fa4-a97d-d965ccfc6d4b" outcome="Passed" testListId="8c84fa94-04c1-424b-9868-57a2d4851a1d" relativeResultsDirectory="924a0f1e-dee1-4a36-9c39-b1eee817338e" />
    <UnitTestResult executionId="40423e90-5ca6-4d66-9d46-5a4f57d87c1e" testId="eaa6b024-a03d-d1dd-abf3-1b023d2d51e1" testName="xUnitTestProject.CurrencyHelperTests.FormatToStringTest1000(price: 7594.279030504766, expected: &quot;7594.28 zł&quot;)" computerName="DESKTOP-5URQ9PB" duration="00:00:00.0000053" startTime="2022-06-13T21:15:49.4583828+02:00" endTime="2022-06-13T21:15:49.4583830+02:00" testType="13cdc9d9-ddb5-4fa4-a97d-d965ccfc6d4b" outcome="Passed" testListId="8c84fa94-04c1-424b-9868-57a2d4851a1d" relativeResultsDirectory="40423e90-5ca6-4d66-9d46-5a4f57d87c1e" />
    <UnitTestResult executionId="b88b7c6e-3c7c-4f7f-8904-b361b9a2fafc" testId="595bfab0-5cd9-2edb-fcf1-e6874dc93e48" testName="xUnitTestProject.CurrencyHelperTests.FormatToStringTest1000(price: 13375.96341587415, expected: &quot;13375.96 zł&quot;)" computerName="DESKTOP-5URQ9PB" duration="00:00:00.0000040" startTime="2022-06-13T21:15:49.4041691+02:00" endTime="2022-06-13T21:15:49.4041693+02:00" testType="13cdc9d9-ddb5-4fa4-a97d-d965ccfc6d4b" outcome="Passed" testListId="8c84fa94-04c1-424b-9868-57a2d4851a1d" relativeResultsDirectory="b88b7c6e-3c7c-4f7f-8904-b361b9a2fafc" />
    <UnitTestResult executionId="5c363a57-5a4e-4cf4-a304-805235db95df" testId="ab2272df-129a-10d0-4d80-4c6fcfe702e8" testName="xUnitTestProject.CurrencyHelperTests.FormatToStringTest1000(price: 24695.917440203913, expected: &quot;24695.92 zł&quot;)" computerName="DESKTOP-5URQ9PB" duration="00:00:00.0000039" startTime="2022-06-13T21:15:49.3946821+02:00" endTime="2022-06-13T21:15:49.3946822+02:00" testType="13cdc9d9-ddb5-4fa4-a97d-d965ccfc6d4b" outcome="Passed" testListId="8c84fa94-04c1-424b-9868-57a2d4851a1d" relativeResultsDirectory="5c363a57-5a4e-4cf4-a304-805235db95df" />
    <UnitTestResult executionId="a7008262-e818-4be7-8fc7-6423e8d6600e" testId="2253269e-957f-9bba-378c-fb3e844bd0a1" testName="xUnitTestProject.CurrencyHelperTests.FormatToStringTest1000(price: 13027.93935961739, expected: &quot;13027.94 zł&quot;)" computerName="DESKTOP-5URQ9PB" duration="00:00:00.0000039" startTime="2022-06-13T21:15:49.4582623+02:00" endTime="2022-06-13T21:15:49.4582624+02:00" testType="13cdc9d9-ddb5-4fa4-a97d-d965ccfc6d4b" outcome="Passed" testListId="8c84fa94-04c1-424b-9868-57a2d4851a1d" relativeResultsDirectory="a7008262-e818-4be7-8fc7-6423e8d6600e" />
    <UnitTestResult executionId="7c3fedec-0783-495d-aecf-aab3ef91cd70" testId="b9639a73-b99d-241a-c8a5-6c3a19c63133" testName="xUnitTestProject.CurrencyHelperTests.FormatToStringTest1000(price: 19500.031951036784, expected: &quot;19500.03 zł&quot;)" computerName="DESKTOP-5URQ9PB" duration="00:00:00.0000039" startTime="2022-06-13T21:15:49.4602244+02:00" endTime="2022-06-13T21:15:49.4602246+02:00" testType="13cdc9d9-ddb5-4fa4-a97d-d965ccfc6d4b" outcome="Passed" testListId="8c84fa94-04c1-424b-9868-57a2d4851a1d" relativeResultsDirectory="7c3fedec-0783-495d-aecf-aab3ef91cd70" />
    <UnitTestResult executionId="ad6332c1-ba5d-47da-ba65-d4928f43f309" testId="ad51f424-6928-1bb2-fff3-55ef9dbab945" testName="xUnitTestProject.CurrencyHelperTests.FormatToStringTest1000(price: 5140.16338917155, expected: &quot;5140.16 zł&quot;)" computerName="DESKTOP-5URQ9PB" duration="00:00:00.0000041" startTime="2022-06-13T21:15:49.4174812+02:00" endTime="2022-06-13T21:15:49.4174813+02:00" testType="13cdc9d9-ddb5-4fa4-a97d-d965ccfc6d4b" outcome="Passed" testListId="8c84fa94-04c1-424b-9868-57a2d4851a1d" relativeResultsDirectory="ad6332c1-ba5d-47da-ba65-d4928f43f309" />
    <UnitTestResult executionId="ac6cdd57-f6ee-4a57-b7fc-6b1d2bef243e" testId="6dd99dbe-4c8b-34b5-1e2c-dac97050c643" testName="xUnitTestProject.CurrencyHelperTests.FormatToStringTest1000(price: 66723.3293191657, expected: &quot;66723.33 zł&quot;)" computerName="DESKTOP-5URQ9PB" duration="00:00:00.0000041" startTime="2022-06-13T21:15:49.4901521+02:00" endTime="2022-06-13T21:15:49.4901523+02:00" testType="13cdc9d9-ddb5-4fa4-a97d-d965ccfc6d4b" outcome="Passed" testListId="8c84fa94-04c1-424b-9868-57a2d4851a1d" relativeResultsDirectory="ac6cdd57-f6ee-4a57-b7fc-6b1d2bef243e" />
    <UnitTestResult executionId="04944d3f-69ee-4c4a-8b8d-a3257e3bff65" testId="135dd56d-570b-92a1-4144-854d04d96ef0" testName="xUnitTestProject.CurrencyHelperTests.FormatToStringTest1000(price: 7716.571614765363, expected: &quot;7716.57 zł&quot;)" computerName="DESKTOP-5URQ9PB" duration="00:00:00.0000040" startTime="2022-06-13T21:15:49.4008384+02:00" endTime="2022-06-13T21:15:49.4008388+02:00" testType="13cdc9d9-ddb5-4fa4-a97d-d965ccfc6d4b" outcome="Passed" testListId="8c84fa94-04c1-424b-9868-57a2d4851a1d" relativeResultsDirectory="04944d3f-69ee-4c4a-8b8d-a3257e3bff65" />
    <UnitTestResult executionId="a2667414-a23f-44c4-bb98-28e4d53a401d" testId="578b5b4c-08d1-6f2c-3cf8-070bb75c9b96" testName="xUnitTestProject.CurrencyHelperTests.FormatToStringTest1000(price: 70432.00656616595, expected: &quot;70432.01 zł&quot;)" computerName="DESKTOP-5URQ9PB" duration="00:00:00.0000039" startTime="2022-06-13T21:15:49.4506470+02:00" endTime="2022-06-13T21:15:49.4506472+02:00" testType="13cdc9d9-ddb5-4fa4-a97d-d965ccfc6d4b" outcome="Passed" testListId="8c84fa94-04c1-424b-9868-57a2d4851a1d" relativeResultsDirectory="a2667414-a23f-44c4-bb98-28e4d53a401d" />
    <UnitTestResult executionId="60271dac-e2cb-4253-91a4-3635319997d4" testId="5ae458e4-bb73-ceec-2cfb-1eb05d691961" testName="xUnitTestProject.CurrencyHelperTests.FormatToStringTest1000(price: 598.1279707877561, expected: &quot;598.13 zł&quot;)" computerName="DESKTOP-5URQ9PB" duration="00:00:00.0000048" startTime="2022-06-13T21:15:49.3937819+02:00" endTime="2022-06-13T21:15:49.3937820+02:00" testType="13cdc9d9-ddb5-4fa4-a97d-d965ccfc6d4b" outcome="Passed" testListId="8c84fa94-04c1-424b-9868-57a2d4851a1d" relativeResultsDirectory="60271dac-e2cb-4253-91a4-3635319997d4" />
    <UnitTestResult executionId="3dde1b87-dc30-4e47-aa09-45431210b619" testId="a90d1942-15f1-e50c-e63d-254e34e99bf5" testName="xUnitTestProject.CurrencyHelperTests.FormatToStringTest1000(price: 2292.8331871111104, expected: &quot;2292.83 zł&quot;)" computerName="DESKTOP-5URQ9PB" duration="00:00:00.0000040" startTime="2022-06-13T21:15:49.4362873+02:00" endTime="2022-06-13T21:15:49.4362874+02:00" testType="13cdc9d9-ddb5-4fa4-a97d-d965ccfc6d4b" outcome="Passed" testListId="8c84fa94-04c1-424b-9868-57a2d4851a1d" relativeResultsDirectory="3dde1b87-dc30-4e47-aa09-45431210b619" />
    <UnitTestResult executionId="ee6d7a36-487d-42fd-a0c5-b67a1dedc915" testId="0a0bc23b-0e81-f4f7-edb6-cfc0213b6904" testName="xUnitTestProject.CurrencyHelperTests.FormatToStringTest1000(price: 2039.440966411699, expected: &quot;2039.44 zł&quot;)" computerName="DESKTOP-5URQ9PB" duration="00:00:00.0000049" startTime="2022-06-13T21:15:49.4382342+02:00" endTime="2022-06-13T21:15:49.4382343+02:00" testType="13cdc9d9-ddb5-4fa4-a97d-d965ccfc6d4b" outcome="Passed" testListId="8c84fa94-04c1-424b-9868-57a2d4851a1d" relativeResultsDirectory="ee6d7a36-487d-42fd-a0c5-b67a1dedc915" />
    <UnitTestResult executionId="33004816-f3b1-490e-82ef-f20130cdd02b" testId="8a119c68-dcc0-dba7-c987-45fbb976469b" testName="xUnitTestProject.CurrencyHelperTests.FormatToStringTest1000(price: 1325.1625259114255, expected: &quot;1325.16 zł&quot;)" computerName="DESKTOP-5URQ9PB" duration="00:00:00.0000039" startTime="2022-06-13T21:15:49.5118635+02:00" endTime="2022-06-13T21:15:49.5118669+02:00" testType="13cdc9d9-ddb5-4fa4-a97d-d965ccfc6d4b" outcome="Passed" testListId="8c84fa94-04c1-424b-9868-57a2d4851a1d" relativeResultsDirectory="33004816-f3b1-490e-82ef-f20130cdd02b" />
    <UnitTestResult executionId="b1bfdb00-90bb-4861-9243-ff66caee4d86" testId="9b79670a-4357-fb82-855b-9e335ddd3a09" testName="xUnitTestProject.CurrencyHelperTests.FormatToStringTest1000(price: 7193.552206002898, expected: &quot;7193.55 zł&quot;)" computerName="DESKTOP-5URQ9PB" duration="00:00:00.0000040" startTime="2022-06-13T21:15:49.4423224+02:00" endTime="2022-06-13T21:15:49.4423225+02:00" testType="13cdc9d9-ddb5-4fa4-a97d-d965ccfc6d4b" outcome="Passed" testListId="8c84fa94-04c1-424b-9868-57a2d4851a1d" relativeResultsDirectory="b1bfdb00-90bb-4861-9243-ff66caee4d86" />
    <UnitTestResult executionId="e43bbeb2-e1ca-4989-93ad-ab3b996fb717" testId="612eaa65-a60d-5727-69a2-576580c27858" testName="xUnitTestProject.CurrencyHelperTests.FormatToStringTest1000(price: 7621.507806692509, expected: &quot;7621.51 zł&quot;)" computerName="DESKTOP-5URQ9PB" duration="00:00:00.0000041" startTime="2022-06-13T21:15:49.4233278+02:00" endTime="2022-06-13T21:15:49.4233279+02:00" testType="13cdc9d9-ddb5-4fa4-a97d-d965ccfc6d4b" outcome="Passed" testListId="8c84fa94-04c1-424b-9868-57a2d4851a1d" relativeResultsDirectory="e43bbeb2-e1ca-4989-93ad-ab3b996fb717" />
    <UnitTestResult executionId="93f90636-908b-43b7-91e9-b96b47c76884" testId="102bb5fe-d832-e7b4-1cec-260995c71130" testName="xUnitTestProject.CurrencyHelperTests.FormatToStringTest1000(price: 57564.498126061866, expected: &quot;57564.50 zł&quot;)" computerName="DESKTOP-5URQ9PB" duration="00:00:00.0000038" startTime="2022-06-13T21:15:49.4039503+02:00" endTime="2022-06-13T21:15:49.4039507+02:00" testType="13cdc9d9-ddb5-4fa4-a97d-d965ccfc6d4b" outcome="Passed" testListId="8c84fa94-04c1-424b-9868-57a2d4851a1d" relativeResultsDirectory="93f90636-908b-43b7-91e9-b96b47c76884" />
    <UnitTestResult executionId="01bb544a-21db-432d-9396-3007ddf77dc8" testId="c0952508-ec1e-97b9-fe02-0c1a5085abd7" testName="xUnitTestProject.CurrencyHelperTests.FormatToStringTest1000(price: 48428.38681602682, expected: &quot;48428.39 zł&quot;)" computerName="DESKTOP-5URQ9PB" duration="00:00:00.0000046" startTime="2022-06-13T21:15:49.4988293+02:00" endTime="2022-06-13T21:15:49.4988295+02:00" testType="13cdc9d9-ddb5-4fa4-a97d-d965ccfc6d4b" outcome="Passed" testListId="8c84fa94-04c1-424b-9868-57a2d4851a1d" relativeResultsDirectory="01bb544a-21db-432d-9396-3007ddf77dc8" />
    <UnitTestResult executionId="47f8dc6b-050a-46a2-8b1a-4be57ac4e207" testId="ded3a712-fe17-74f4-ce2a-e02d4a5da442" testName="xUnitTestProject.CurrencyHelperTests.FormatToStringTest1000(price: 30071.004434484523, expected: &quot;30071.00 zł&quot;)" computerName="DESKTOP-5URQ9PB" duration="00:00:00.0000040" startTime="2022-06-13T21:15:49.4707924+02:00" endTime="2022-06-13T21:15:49.4707928+02:00" testType="13cdc9d9-ddb5-4fa4-a97d-d965ccfc6d4b" outcome="Passed" testListId="8c84fa94-04c1-424b-9868-57a2d4851a1d" relativeResultsDirectory="47f8dc6b-050a-46a2-8b1a-4be57ac4e207" />
    <UnitTestResult executionId="bbdbfcf8-40fc-46f0-9552-7f7236ee2c13" testId="fd8ab50a-6120-2a06-7ebd-aae621104cec" testName="xUnitTestProject.CurrencyHelperTests.FormatToStringTest1000(price: 75987.03378503352, expected: &quot;75987.03 zł&quot;)" computerName="DESKTOP-5URQ9PB" duration="00:00:00.0000041" startTime="2022-06-13T21:15:49.4156461+02:00" endTime="2022-06-13T21:15:49.4156463+02:00" testType="13cdc9d9-ddb5-4fa4-a97d-d965ccfc6d4b" outcome="Passed" testListId="8c84fa94-04c1-424b-9868-57a2d4851a1d" relativeResultsDirectory="bbdbfcf8-40fc-46f0-9552-7f7236ee2c13" />
    <UnitTestResult executionId="715f20cc-a67e-4bfb-9aa7-8f5bb91b5d09" testId="19a6af43-eb02-cc32-570b-ae7c8852f08e" testName="xUnitTestProject.CurrencyHelperTests.FormatToStringTest1000(price: 6313.543884690639, expected: &quot;6313.54 zł&quot;)" computerName="DESKTOP-5URQ9PB" duration="00:00:00.0000038" startTime="2022-06-13T21:15:49.4987988+02:00" endTime="2022-06-13T21:15:49.4987989+02:00" testType="13cdc9d9-ddb5-4fa4-a97d-d965ccfc6d4b" outcome="Passed" testListId="8c84fa94-04c1-424b-9868-57a2d4851a1d" relativeResultsDirectory="715f20cc-a67e-4bfb-9aa7-8f5bb91b5d09" />
    <UnitTestResult executionId="57f08ca9-cbf6-4a5c-824a-8b024657de2c" testId="31d901d5-0ee4-8f4e-13ca-73133c8afccc" testName="xUnitTestProject.CurrencyHelperTests.FormatToStringTest1000(price: 823.2747994560166, expected: &quot;823.27 zł&quot;)" computerName="DESKTOP-5URQ9PB" duration="00:00:00.0000038" startTime="2022-06-13T21:15:49.4564165+02:00" endTime="2022-06-13T21:15:49.4564167+02:00" testType="13cdc9d9-ddb5-4fa4-a97d-d965ccfc6d4b" outcome="Passed" testListId="8c84fa94-04c1-424b-9868-57a2d4851a1d" relativeResultsDirectory="57f08ca9-cbf6-4a5c-824a-8b024657de2c" />
    <UnitTestResult executionId="d1727e94-6252-4d88-aa40-b65029546a5c" testId="f7ba8e86-cb66-6ef4-d1cf-87def896d05b" testName="xUnitTestProject.CurrencyHelperTests.FormatToStringTest1000(price: 13508.811787825922, expected: &quot;13508.81 zł&quot;)" computerName="DESKTOP-5URQ9PB" duration="00:00:00.0000039" startTime="2022-06-13T21:15:49.5007453+02:00" endTime="2022-06-13T21:15:49.5007454+02:00" testType="13cdc9d9-ddb5-4fa4-a97d-d965ccfc6d4b" outcome="Passed" testListId="8c84fa94-04c1-424b-9868-57a2d4851a1d" relativeResultsDirectory="d1727e94-6252-4d88-aa40-b65029546a5c" />
    <UnitTestResult executionId="f42e9f89-abce-4054-97f4-cc44bf155375" testId="3d1af355-28e7-625e-59fd-fe5da700f0dc" testName="xUnitTestProject.CurrencyHelperTests.FormatToStringTest1000(price: 20244.692955315437, expected: &quot;20244.69 zł&quot;)" computerName="DESKTOP-5URQ9PB" duration="00:00:00.0000039" startTime="2022-06-13T21:15:49.4903337+02:00" endTime="2022-06-13T21:15:49.4903339+02:00" testType="13cdc9d9-ddb5-4fa4-a97d-d965ccfc6d4b" outcome="Passed" testListId="8c84fa94-04c1-424b-9868-57a2d4851a1d" relativeResultsDirectory="f42e9f89-abce-4054-97f4-cc44bf155375" />
    <UnitTestResult executionId="c7c8d336-3b8e-49f2-9cfd-fe4e88667bd1" testId="178d037f-daf8-5717-a393-b090c90da1cf" testName="xUnitTestProject.CurrencyHelperTests.FormatToStringTest1000(price: 48654.65723134794, expected: &quot;48654.66 zł&quot;)" computerName="DESKTOP-5URQ9PB" duration="00:00:00.0000039" startTime="2022-06-13T21:15:49.4680949+02:00" endTime="2022-06-13T21:15:49.4680950+02:00" testType="13cdc9d9-ddb5-4fa4-a97d-d965ccfc6d4b" outcome="Passed" testListId="8c84fa94-04c1-424b-9868-57a2d4851a1d" relativeResultsDirectory="c7c8d336-3b8e-49f2-9cfd-fe4e88667bd1" />
    <UnitTestResult executionId="520dd007-ca71-46d3-90cd-794dfb352276" testId="0c407008-912c-f5cf-415d-950e444e81e2" testName="xUnitTestProject.CurrencyHelperTests.FormatToStringTest1000(price: 58111.21259843521, expected: &quot;58111.21 zł&quot;)" computerName="DESKTOP-5URQ9PB" duration="00:00:00.0000039" startTime="2022-06-13T21:15:49.4010844+02:00" endTime="2022-06-13T21:15:49.4010846+02:00" testType="13cdc9d9-ddb5-4fa4-a97d-d965ccfc6d4b" outcome="Passed" testListId="8c84fa94-04c1-424b-9868-57a2d4851a1d" relativeResultsDirectory="520dd007-ca71-46d3-90cd-794dfb352276" />
    <UnitTestResult executionId="634ea6e2-d6a7-44df-9f25-8e6ebb144512" testId="dcb09ac3-545f-7b73-7b06-f7917ef6e79e" testName="xUnitTestProject.CurrencyHelperTests.FormatToStringTest1000(price: 25039.088753207627, expected: &quot;25039.09 zł&quot;)" computerName="DESKTOP-5URQ9PB" duration="00:00:00.0000039" startTime="2022-06-13T21:15:49.4443623+02:00" endTime="2022-06-13T21:15:49.4443625+02:00" testType="13cdc9d9-ddb5-4fa4-a97d-d965ccfc6d4b" outcome="Passed" testListId="8c84fa94-04c1-424b-9868-57a2d4851a1d" relativeResultsDirectory="634ea6e2-d6a7-44df-9f25-8e6ebb144512" />
    <UnitTestResult executionId="5a6da757-8405-4cd1-9bc1-ce83c3fd1407" testId="a1056dc3-d634-deb8-6537-d1daee422b62" testName="xUnitTestProject.CurrencyHelperTests.FormatToStringTest1000(price: 9503.466049463705, expected: &quot;9503.47 zł&quot;)" computerName="DESKTOP-5URQ9PB" duration="00:00:00.0000040" startTime="2022-06-13T21:15:49.4243000+02:00" endTime="2022-06-13T21:15:49.4243001+02:00" testType="13cdc9d9-ddb5-4fa4-a97d-d965ccfc6d4b" outcome="Passed" testListId="8c84fa94-04c1-424b-9868-57a2d4851a1d" relativeResultsDirectory="5a6da757-8405-4cd1-9bc1-ce83c3fd1407" />
    <UnitTestResult executionId="b7eb4bce-92a4-439d-9391-f1421dee6a99" testId="017ca1fc-bbca-8181-b3ea-3373763e884b" testName="xUnitTestProject.CurrencyHelperTests.FormatToStringTest1000(price: 51632.87002968503, expected: &quot;51632.87 zł&quot;)" computerName="DESKTOP-5URQ9PB" duration="00:00:00.0000037" startTime="2022-06-13T21:15:49.4176979+02:00" endTime="2022-06-13T21:15:49.4176980+02:00" testType="13cdc9d9-ddb5-4fa4-a97d-d965ccfc6d4b" outcome="Passed" testListId="8c84fa94-04c1-424b-9868-57a2d4851a1d" relativeResultsDirectory="b7eb4bce-92a4-439d-9391-f1421dee6a99" />
    <UnitTestResult executionId="084b20f4-b318-4783-b424-702abaa33e7f" testId="0ced2539-ec58-b3a8-188d-e014bf456555" testName="xUnitTestProject.CurrencyHelperTests.FormatToStringTest1000(price: 66284.43763489948, expected: &quot;66284.44 zł&quot;)" computerName="DESKTOP-5URQ9PB" duration="00:00:00.0000205" startTime="2022-06-13T21:15:49.4583532+02:00" endTime="2022-06-13T21:15:49.4583533+02:00" testType="13cdc9d9-ddb5-4fa4-a97d-d965ccfc6d4b" outcome="Passed" testListId="8c84fa94-04c1-424b-9868-57a2d4851a1d" relativeResultsDirectory="084b20f4-b318-4783-b424-702abaa33e7f" />
    <UnitTestResult executionId="f1855493-7771-4329-a287-d4391524643c" testId="2816ac64-5eac-8f30-91ba-bdceffb7dd71" testName="xUnitTestProject.CurrencyHelperTests.FormatToStringTest1000(price: 48684.26840475959, expected: &quot;48684.27 zł&quot;)" computerName="DESKTOP-5URQ9PB" duration="00:00:00.0000050" startTime="2022-06-13T21:15:49.4514022+02:00" endTime="2022-06-13T21:15:49.4514026+02:00" testType="13cdc9d9-ddb5-4fa4-a97d-d965ccfc6d4b" outcome="Passed" testListId="8c84fa94-04c1-424b-9868-57a2d4851a1d" relativeResultsDirectory="f1855493-7771-4329-a287-d4391524643c" />
    <UnitTestResult executionId="53a12dae-e2b2-4423-9653-096d6bfc376b" testId="9af1084a-697b-14e3-b169-a799a0af5e73" testName="xUnitTestProject.CurrencyHelperTests.FormatToStringTest1000(price: 35714.78133482243, expected: &quot;35714.78 zł&quot;)" computerName="DESKTOP-5URQ9PB" duration="00:00:00.0000039" startTime="2022-06-13T21:15:49.5035182+02:00" endTime="2022-06-13T21:15:49.5035183+02:00" testType="13cdc9d9-ddb5-4fa4-a97d-d965ccfc6d4b" outcome="Passed" testListId="8c84fa94-04c1-424b-9868-57a2d4851a1d" relativeResultsDirectory="53a12dae-e2b2-4423-9653-096d6bfc376b" />
    <UnitTestResult executionId="273fc116-497f-4e59-ae7f-52d021d8f398" testId="4f602daf-bb8d-fd94-ef0a-fd5eecda2ee6" testName="xUnitTestProject.CurrencyHelperTests.FormatToStringTest1000(price: 17090.629587323234, expected: &quot;17090.63 zł&quot;)" computerName="DESKTOP-5URQ9PB" duration="00:00:00.0000039" startTime="2022-06-13T21:15:49.4843611+02:00" endTime="2022-06-13T21:15:49.4843612+02:00" testType="13cdc9d9-ddb5-4fa4-a97d-d965ccfc6d4b" outcome="Passed" testListId="8c84fa94-04c1-424b-9868-57a2d4851a1d" relativeResultsDirectory="273fc116-497f-4e59-ae7f-52d021d8f398" />
    <UnitTestResult executionId="86215b8a-8f3f-40fb-b49a-32f11b5d116e" testId="0fe69b56-67e1-3f07-b6ce-8076afaa9bd7" testName="xUnitTestProject.CurrencyHelperTests.FormatToStringTest1000(price: 11958.422287871792, expected: &quot;11958.42 zł&quot;)" computerName="DESKTOP-5URQ9PB" duration="00:00:00.0000040" startTime="2022-06-13T21:15:49.4612939+02:00" endTime="2022-06-13T21:15:49.4612940+02:00" testType="13cdc9d9-ddb5-4fa4-a97d-d965ccfc6d4b" outcome="Passed" testListId="8c84fa94-04c1-424b-9868-57a2d4851a1d" relativeResultsDirectory="86215b8a-8f3f-40fb-b49a-32f11b5d116e" />
    <UnitTestResult executionId="c66bc9e0-0b5a-464c-b210-5fe078d30556" testId="5dc082f5-af3b-2f6f-74c8-0805bee30a46" testName="xUnitTestProject.CurrencyHelperTests.FormatToStringTest1000(price: 18340.935049000167, expected: &quot;18340.94 zł&quot;)" computerName="DESKTOP-5URQ9PB" duration="00:00:00.0000038" startTime="2022-06-13T21:15:49.4543306+02:00" endTime="2022-06-13T21:15:49.4543308+02:00" testType="13cdc9d9-ddb5-4fa4-a97d-d965ccfc6d4b" outcome="Passed" testListId="8c84fa94-04c1-424b-9868-57a2d4851a1d" relativeResultsDirectory="c66bc9e0-0b5a-464c-b210-5fe078d30556" />
    <UnitTestResult executionId="2be7451c-f8f3-4593-b3da-1fcc9e131fcd" testId="7b9b1040-51d8-c2e6-1ac0-cb113e76a56a" testName="xUnitTestProject.CurrencyHelperTests.FormatToStringTest1000(price: 20445.11280083149, expected: &quot;20445.11 zł&quot;)" computerName="DESKTOP-5URQ9PB" duration="00:00:00.0000039" startTime="2022-06-13T21:15:49.4523957+02:00" endTime="2022-06-13T21:15:49.4523958+02:00" testType="13cdc9d9-ddb5-4fa4-a97d-d965ccfc6d4b" outcome="Passed" testListId="8c84fa94-04c1-424b-9868-57a2d4851a1d" relativeResultsDirectory="2be7451c-f8f3-4593-b3da-1fcc9e131fcd" />
    <UnitTestResult executionId="490617df-4ade-4afe-a980-d19acfd1337f" testId="52ac0864-3141-85db-5ec0-9dd50f51b247" testName="xUnitTestProject.CurrencyHelperTests.FormatToStringTest1000(price: 2423.6182769712145, expected: &quot;2423.62 zł&quot;)" computerName="DESKTOP-5URQ9PB" duration="00:00:00.0000040" startTime="2022-06-13T21:15:49.4641430+02:00" endTime="2022-06-13T21:15:49.4641432+02:00" testType="13cdc9d9-ddb5-4fa4-a97d-d965ccfc6d4b" outcome="Passed" testListId="8c84fa94-04c1-424b-9868-57a2d4851a1d" relativeResultsDirectory="490617df-4ade-4afe-a980-d19acfd1337f" />
    <UnitTestResult executionId="7d188e1f-5de8-427f-aad0-e264815a9e25" testId="bfe24180-c0ac-b24a-c731-fe26d6138983" testName="xUnitTestProject.CurrencyHelperTests.FormatToStringTest1000(price: 30034.922435005625, expected: &quot;30034.92 zł&quot;)" computerName="DESKTOP-5URQ9PB" duration="00:00:00.0000039" startTime="2022-06-13T21:15:49.4250939+02:00" endTime="2022-06-13T21:15:49.4250940+02:00" testType="13cdc9d9-ddb5-4fa4-a97d-d965ccfc6d4b" outcome="Passed" testListId="8c84fa94-04c1-424b-9868-57a2d4851a1d" relativeResultsDirectory="7d188e1f-5de8-427f-aad0-e264815a9e25" />
    <UnitTestResult executionId="4a3ac66b-358d-44cf-9728-99ffe8eefb83" testId="eca8de8b-49e2-07c6-8662-27843e169d09" testName="xUnitTestProject.CurrencyHelperTests.FormatToStringTest1000(price: 73504.44700518598, expected: &quot;73504.45 zł&quot;)" computerName="DESKTOP-5URQ9PB" duration="00:00:00.0000039" startTime="2022-06-13T21:15:49.4921450+02:00" endTime="2022-06-13T21:15:49.4921451+02:00" testType="13cdc9d9-ddb5-4fa4-a97d-d965ccfc6d4b" outcome="Passed" testListId="8c84fa94-04c1-424b-9868-57a2d4851a1d" relativeResultsDirectory="4a3ac66b-358d-44cf-9728-99ffe8eefb83" />
    <UnitTestResult executionId="6298b7c0-c1b5-4e8f-9835-168246ffa3f5" testId="c74f6017-9eb9-5854-4b62-c26b4cabe787" testName="xUnitTestProject.CurrencyHelperTests.FormatToStringTest1000(price: 49416.285282306504, expected: &quot;49416.29 zł&quot;)" computerName="DESKTOP-5URQ9PB" duration="00:00:00.0000039" startTime="2022-06-13T21:15:49.4061194+02:00" endTime="2022-06-13T21:15:49.4061195+02:00" testType="13cdc9d9-ddb5-4fa4-a97d-d965ccfc6d4b" outcome="Passed" testListId="8c84fa94-04c1-424b-9868-57a2d4851a1d" relativeResultsDirectory="6298b7c0-c1b5-4e8f-9835-168246ffa3f5" />
    <UnitTestResult executionId="1a61fc03-f92f-47f7-8d70-7c3144355400" testId="2ed2cd1c-632f-e0d9-b2af-c3d4c17fd7b1" testName="xUnitTestProject.CurrencyHelperTests.FormatToStringTest1000(price: 41008.28505327194, expected: &quot;41008.29 zł&quot;)" computerName="DESKTOP-5URQ9PB" duration="00:00:00.0000039" startTime="2022-06-13T21:15:49.4101740+02:00" endTime="2022-06-13T21:15:49.4101744+02:00" testType="13cdc9d9-ddb5-4fa4-a97d-d965ccfc6d4b" outcome="Passed" testListId="8c84fa94-04c1-424b-9868-57a2d4851a1d" relativeResultsDirectory="1a61fc03-f92f-47f7-8d70-7c3144355400" />
    <UnitTestResult executionId="a74e765c-f815-49a3-aac9-de7a3f4f1fc7" testId="d6ed6531-54c3-2edf-18c7-ddb0279f678b" testName="xUnitTestProject.CurrencyHelperTests.FormatToStringTest1000(price: 11175.438820935526, expected: &quot;11175.44 zł&quot;)" computerName="DESKTOP-5URQ9PB" duration="00:00:00.0000041" startTime="2022-06-13T21:15:49.3906639+02:00" endTime="2022-06-13T21:15:49.3906641+02:00" testType="13cdc9d9-ddb5-4fa4-a97d-d965ccfc6d4b" outcome="Passed" testListId="8c84fa94-04c1-424b-9868-57a2d4851a1d" relativeResultsDirectory="a74e765c-f815-49a3-aac9-de7a3f4f1fc7" />
    <UnitTestResult executionId="b080dc6e-0e4e-4df0-8b9f-c4e054c54efc" testId="40134df2-77e4-6143-ea6f-23ae0fbd39f3" testName="xUnitTestProject.CurrencyHelperTests.FormatToStringTest1000(price: 25272.05048361283, expected: &quot;25272.05 zł&quot;)" computerName="DESKTOP-5URQ9PB" duration="00:00:00.0000039" startTime="2022-06-13T21:15:49.4987678+02:00" endTime="2022-06-13T21:15:49.4987679+02:00" testType="13cdc9d9-ddb5-4fa4-a97d-d965ccfc6d4b" outcome="Passed" testListId="8c84fa94-04c1-424b-9868-57a2d4851a1d" relativeResultsDirectory="b080dc6e-0e4e-4df0-8b9f-c4e054c54efc" />
    <UnitTestResult executionId="42bebaf8-1a29-493a-93ea-5d2923ee7b41" testId="61f864ac-97c4-6c85-0643-065c2cc97960" testName="xUnitTestProject.CurrencyHelperTests.FormatToStringTest1000(price: 11494.27761332238, expected: &quot;11494.28 zł&quot;)" computerName="DESKTOP-5URQ9PB" duration="00:00:00.0000040" startTime="2022-06-13T21:15:49.3997952+02:00" endTime="2022-06-13T21:15:49.3997956+02:00" testType="13cdc9d9-ddb5-4fa4-a97d-d965ccfc6d4b" outcome="Passed" testListId="8c84fa94-04c1-424b-9868-57a2d4851a1d" relativeResultsDirectory="42bebaf8-1a29-493a-93ea-5d2923ee7b41" />
    <UnitTestResult executionId="fd9db8c5-2860-4e7b-ab76-0f98737f1550" testId="af73f199-441a-68ae-4898-efc1663c19b9" testName="xUnitTestProject.CurrencyHelperTests.FormatToStringTest1000(price: 4636.500544966897, expected: &quot;4636.50 zł&quot;)" computerName="DESKTOP-5URQ9PB" duration="00:00:00.0000040" startTime="2022-06-13T21:15:49.4882874+02:00" endTime="2022-06-13T21:15:49.4882876+02:00" testType="13cdc9d9-ddb5-4fa4-a97d-d965ccfc6d4b" outcome="Passed" testListId="8c84fa94-04c1-424b-9868-57a2d4851a1d" relativeResultsDirectory="fd9db8c5-2860-4e7b-ab76-0f98737f1550" />
    <UnitTestResult executionId="7f1b7bbe-c5af-49f2-9036-8bbe9a106482" testId="0010af2c-264b-9fa0-ca85-4bef95661f34" testName="xUnitTestProject.CurrencyHelperTests.FormatToStringTest1000(price: 27506.397047390416, expected: &quot;27506.40 zł&quot;)" computerName="DESKTOP-5URQ9PB" duration="00:00:00.0000039" startTime="2022-06-13T21:15:49.4940551+02:00" endTime="2022-06-13T21:15:49.4940552+02:00" testType="13cdc9d9-ddb5-4fa4-a97d-d965ccfc6d4b" outcome="Passed" testListId="8c84fa94-04c1-424b-9868-57a2d4851a1d" relativeResultsDirectory="7f1b7bbe-c5af-49f2-9036-8bbe9a106482" />
    <UnitTestResult executionId="25917b10-3fca-442a-b9c8-9d615bf14a46" testId="80a788de-88e0-32bd-4244-9850aa1ba44f" testName="xUnitTestProject.CurrencyHelperTests.FormatToStringTest1000(price: 27794.8671353957, expected: &quot;27794.87 zł&quot;)" computerName="DESKTOP-5URQ9PB" duration="00:00:00.0000044" startTime="2022-06-13T21:15:49.4912789+02:00" endTime="2022-06-13T21:15:49.4912790+02:00" testType="13cdc9d9-ddb5-4fa4-a97d-d965ccfc6d4b" outcome="Passed" testListId="8c84fa94-04c1-424b-9868-57a2d4851a1d" relativeResultsDirectory="25917b10-3fca-442a-b9c8-9d615bf14a46" />
    <UnitTestResult executionId="1eeb835b-c557-481f-b490-bc18896a2f9b" testId="bc76307e-662f-d191-64cf-4352a391fa59" testName="xUnitTestProject.CurrencyHelperTests.FormatToStringTest1000(price: 96261.84883437205, expected: &quot;96261.85 zł&quot;)" computerName="DESKTOP-5URQ9PB" duration="00:00:00.0000038" startTime="2022-06-13T21:15:49.4987376+02:00" endTime="2022-06-13T21:15:49.4987377+02:00" testType="13cdc9d9-ddb5-4fa4-a97d-d965ccfc6d4b" outcome="Passed" testListId="8c84fa94-04c1-424b-9868-57a2d4851a1d" relativeResultsDirectory="1eeb835b-c557-481f-b490-bc18896a2f9b" />
    <UnitTestResult executionId="f26e0836-260d-4476-bcf2-193edbd70ef4" testId="5d30b17d-1a70-2e78-f289-4e82f0d205e6" testName="xUnitTestProject.CurrencyHelperTests.FormatToStringTest1000(price: 115.26302841131717, expected: &quot;115.26 zł&quot;)" computerName="DESKTOP-5URQ9PB" duration="00:00:00.0000045" startTime="2022-06-13T21:15:49.4102690+02:00" endTime="2022-06-13T21:15:49.4102691+02:00" testType="13cdc9d9-ddb5-4fa4-a97d-d965ccfc6d4b" outcome="Passed" testListId="8c84fa94-04c1-424b-9868-57a2d4851a1d" relativeResultsDirectory="f26e0836-260d-4476-bcf2-193edbd70ef4" />
    <UnitTestResult executionId="2f1cee44-c582-42ad-81fb-3b90a1377058" testId="900eea81-caf7-4e0f-b129-22c2df2135b0" testName="xUnitTestProject.CurrencyHelperTests.FormatToStringTest1000(price: 44065.726815678056, expected: &quot;44065.73 zł&quot;)" computerName="DESKTOP-5URQ9PB" duration="00:00:00.0000039" startTime="2022-06-13T21:15:49.4700260+02:00" endTime="2022-06-13T21:15:49.4700261+02:00" testType="13cdc9d9-ddb5-4fa4-a97d-d965ccfc6d4b" outcome="Passed" testListId="8c84fa94-04c1-424b-9868-57a2d4851a1d" relativeResultsDirectory="2f1cee44-c582-42ad-81fb-3b90a1377058" />
    <UnitTestResult executionId="dc8461cd-bafd-4833-864b-97cef0df8a03" testId="ae81390e-96a7-cf30-3a99-7ea7ca8436a2" testName="xUnitTestProject.CurrencyHelperTests.FormatToStringTest1000(price: 16282.687804925576, expected: &quot;16282.69 zł&quot;)" computerName="DESKTOP-5URQ9PB" duration="00:00:00.0000045" startTime="2022-06-13T21:15:49.4434449+02:00" endTime="2022-06-13T21:15:49.4434451+02:00" testType="13cdc9d9-ddb5-4fa4-a97d-d965ccfc6d4b" outcome="Passed" testListId="8c84fa94-04c1-424b-9868-57a2d4851a1d" relativeResultsDirectory="dc8461cd-bafd-4833-864b-97cef0df8a03" />
    <UnitTestResult executionId="7ffdde43-80e1-4106-a78f-631020ac3494" testId="fbdffebc-5b1f-3fc0-8f3a-0ed85a2faf6a" testName="xUnitTestProject.CurrencyHelperTests.FormatToStringTest1000(price: 10914.360814625099, expected: &quot;10914.36 zł&quot;)" computerName="DESKTOP-5URQ9PB" duration="00:00:00.0000038" startTime="2022-06-13T21:15:49.4505856+02:00" endTime="2022-06-13T21:15:49.4505857+02:00" testType="13cdc9d9-ddb5-4fa4-a97d-d965ccfc6d4b" outcome="Passed" testListId="8c84fa94-04c1-424b-9868-57a2d4851a1d" relativeResultsDirectory="7ffdde43-80e1-4106-a78f-631020ac3494" />
    <UnitTestResult executionId="0d9166af-dbac-4974-9c56-106a35d94848" testId="41c4ce1a-ef09-24d7-c3f0-f5bd5a81a0d8" testName="xUnitTestProject.CurrencyHelperTests.FormatToStringTest1000(price: 73301.91270130403, expected: &quot;73301.91 zł&quot;)" computerName="DESKTOP-5URQ9PB" duration="00:00:00.0000041" startTime="2022-06-13T21:15:49.4613240+02:00" endTime="2022-06-13T21:15:49.4613241+02:00" testType="13cdc9d9-ddb5-4fa4-a97d-d965ccfc6d4b" outcome="Passed" testListId="8c84fa94-04c1-424b-9868-57a2d4851a1d" relativeResultsDirectory="0d9166af-dbac-4974-9c56-106a35d94848" />
    <UnitTestResult executionId="218e350e-00bc-43ef-b9ae-92964814b7a7" testId="0e945364-42c0-3773-924e-a8c9f3ec6d3e" testName="xUnitTestProject.CurrencyHelperTests.FormatToStringTest1000(price: 22367.991005544547, expected: &quot;22367.99 zł&quot;)" computerName="DESKTOP-5URQ9PB" duration="00:00:00.0000039" startTime="2022-06-13T21:15:49.4394797+02:00" endTime="2022-06-13T21:15:49.4394798+02:00" testType="13cdc9d9-ddb5-4fa4-a97d-d965ccfc6d4b" outcome="Passed" testListId="8c84fa94-04c1-424b-9868-57a2d4851a1d" relativeResultsDirectory="218e350e-00bc-43ef-b9ae-92964814b7a7" />
    <UnitTestResult executionId="ef58676b-c78d-4299-a58b-e002da042e25" testId="32346c07-b161-6e9f-65c2-990bcbe58b07" testName="xUnitTestProject.CurrencyHelperTests.FormatToStringTest1000(price: 67109.22110940759, expected: &quot;67109.22 zł&quot;)" computerName="DESKTOP-5URQ9PB" duration="00:00:00.0000041" startTime="2022-06-13T21:15:49.4233578+02:00" endTime="2022-06-13T21:15:49.4233579+02:00" testType="13cdc9d9-ddb5-4fa4-a97d-d965ccfc6d4b" outcome="Passed" testListId="8c84fa94-04c1-424b-9868-57a2d4851a1d" relativeResultsDirectory="ef58676b-c78d-4299-a58b-e002da042e25" />
    <UnitTestResult executionId="698d54b0-07ef-4003-b811-5c6e67271812" testId="4c9ec316-0614-0ed3-d3e3-ff9a3542b3e8" testName="xUnitTestProject.CurrencyHelperTests.FormatToStringTest1000(price: 29417.800422138444, expected: &quot;29417.80 zł&quot;)" computerName="DESKTOP-5URQ9PB" duration="00:00:00.0000040" startTime="2022-06-13T21:15:49.4844219+02:00" endTime="2022-06-13T21:15:49.4844221+02:00" testType="13cdc9d9-ddb5-4fa4-a97d-d965ccfc6d4b" outcome="Passed" testListId="8c84fa94-04c1-424b-9868-57a2d4851a1d" relativeResultsDirectory="698d54b0-07ef-4003-b811-5c6e67271812" />
    <UnitTestResult executionId="757f6d35-c885-4df2-8d32-21d391e9df5d" testId="1b17bc60-8954-8c6a-08e7-e6fe2f215cc6" testName="xUnitTestProject.CurrencyHelperTests.FormatToStringTest1000(price: 6665.405372488035, expected: &quot;6665.41 zł&quot;)" computerName="DESKTOP-5URQ9PB" duration="00:00:00.0000040" startTime="2022-06-13T21:15:49.4232675+02:00" endTime="2022-06-13T21:15:49.4232676+02:00" testType="13cdc9d9-ddb5-4fa4-a97d-d965ccfc6d4b" outcome="Passed" testListId="8c84fa94-04c1-424b-9868-57a2d4851a1d" relativeResultsDirectory="757f6d35-c885-4df2-8d32-21d391e9df5d" />
    <UnitTestResult executionId="94a4a0ee-6835-4226-8e9f-59c31a3f40d8" testId="96c01fa6-5d4d-3d03-7186-21835a01bdc8" testName="xUnitTestProject.CurrencyHelperTests.FormatToStringTest1000(price: 14920.620598662934, expected: &quot;14920.62 zł&quot;)" computerName="DESKTOP-5URQ9PB" duration="00:00:00.0000041" startTime="2022-06-13T21:15:49.3947728+02:00" endTime="2022-06-13T21:15:49.3947729+02:00" testType="13cdc9d9-ddb5-4fa4-a97d-d965ccfc6d4b" outcome="Passed" testListId="8c84fa94-04c1-424b-9868-57a2d4851a1d" relativeResultsDirectory="94a4a0ee-6835-4226-8e9f-59c31a3f40d8" />
    <UnitTestResult executionId="7bfcb623-ee0f-449f-abd4-de0580a402eb" testId="6aa06741-b93f-b24b-6ccf-f7d51617fc30" testName="xUnitTestProject.CurrencyHelperTests.FormatToStringTest1000(price: 10501.127379151585, expected: &quot;10501.13 zł&quot;)" computerName="DESKTOP-5URQ9PB" duration="00:00:00.0000039" startTime="2022-06-13T21:15:49.4454806+02:00" endTime="2022-06-13T21:15:49.4454808+02:00" testType="13cdc9d9-ddb5-4fa4-a97d-d965ccfc6d4b" outcome="Passed" testListId="8c84fa94-04c1-424b-9868-57a2d4851a1d" relativeResultsDirectory="7bfcb623-ee0f-449f-abd4-de0580a402eb" />
    <UnitTestResult executionId="57522f19-5e72-4d7e-aa3d-d0298eef67ec" testId="e5b31225-6687-353e-986c-a81c10574659" testName="xUnitTestProject.CurrencyHelperTests.FormatToStringTest1000(price: 52888.48934243642, expected: &quot;52888.49 zł&quot;)" computerName="DESKTOP-5URQ9PB" duration="00:00:00.0000039" startTime="2022-06-13T21:15:49.4093266+02:00" endTime="2022-06-13T21:15:49.4093268+02:00" testType="13cdc9d9-ddb5-4fa4-a97d-d965ccfc6d4b" outcome="Passed" testListId="8c84fa94-04c1-424b-9868-57a2d4851a1d" relativeResultsDirectory="57522f19-5e72-4d7e-aa3d-d0298eef67ec" />
    <UnitTestResult executionId="99fa8aee-809b-40b8-8c14-7c10ac426cf0" testId="35d446c0-f87b-db26-2eb6-ac470ed5efed" testName="xUnitTestProject.CurrencyHelperTests.FormatToStringTest1000(price: 16902.50568789314, expected: &quot;16902.51 zł&quot;)" computerName="DESKTOP-5URQ9PB" duration="00:00:00.0000039" startTime="2022-06-13T21:15:49.3947423+02:00" endTime="2022-06-13T21:15:49.3947425+02:00" testType="13cdc9d9-ddb5-4fa4-a97d-d965ccfc6d4b" outcome="Passed" testListId="8c84fa94-04c1-424b-9868-57a2d4851a1d" relativeResultsDirectory="99fa8aee-809b-40b8-8c14-7c10ac426cf0" />
    <UnitTestResult executionId="92da02f6-c389-471c-8e39-57d98ada020b" testId="5ba87170-b4be-88ce-9658-2993ce18ab0a" testName="xUnitTestProject.CurrencyHelperTests.FormatToStringTest1000(price: 47575.6421269959, expected: &quot;47575.64 zł&quot;)" computerName="DESKTOP-5URQ9PB" duration="00:00:00.0000040" startTime="2022-06-13T21:15:49.3989178+02:00" endTime="2022-06-13T21:15:49.3989179+02:00" testType="13cdc9d9-ddb5-4fa4-a97d-d965ccfc6d4b" outcome="Passed" testListId="8c84fa94-04c1-424b-9868-57a2d4851a1d" relativeResultsDirectory="92da02f6-c389-471c-8e39-57d98ada020b" />
    <UnitTestResult executionId="e43811e7-722f-439a-b43a-b4b87ea19e0f" testId="4dd76fcc-f663-2688-f7a4-a439b3a5cf01" testName="xUnitTestProject.CurrencyHelperTests.FormatToStringTest1000(price: 38961.459057294516, expected: &quot;38961.46 zł&quot;)" computerName="DESKTOP-5URQ9PB" duration="00:00:00.0000040" startTime="2022-06-13T21:15:49.4485056+02:00" endTime="2022-06-13T21:15:49.4485058+02:00" testType="13cdc9d9-ddb5-4fa4-a97d-d965ccfc6d4b" outcome="Passed" testListId="8c84fa94-04c1-424b-9868-57a2d4851a1d" relativeResultsDirectory="e43811e7-722f-439a-b43a-b4b87ea19e0f" />
    <UnitTestResult executionId="bcda04b6-aa6c-4353-b2af-74aeb776fc09" testId="49539e03-80f3-85f0-9c28-9ba645507120" testName="xUnitTestProject.CurrencyHelperTests.FormatToStringTest1000(price: 653.4647999170537, expected: &quot;653.46 zł&quot;)" computerName="DESKTOP-5URQ9PB" duration="00:00:00.0000038" startTime="2022-06-13T21:15:49.4423525+02:00" endTime="2022-06-13T21:15:49.4423527+02:00" testType="13cdc9d9-ddb5-4fa4-a97d-d965ccfc6d4b" outcome="Passed" testListId="8c84fa94-04c1-424b-9868-57a2d4851a1d" relativeResultsDirectory="bcda04b6-aa6c-4353-b2af-74aeb776fc09" />
    <UnitTestResult executionId="5ab39d00-ab14-4357-83ee-3a7324002974" testId="d2e288cb-5b2d-9b97-c7c0-aed9f363013c" testName="xUnitTestProject.CurrencyHelperTests.FormatToStringTest1000(price: 9816.961298880615, expected: &quot;9816.96 zł&quot;)" computerName="DESKTOP-5URQ9PB" duration="00:00:00.0000039" startTime="2022-06-13T21:15:49.4806726+02:00" endTime="2022-06-13T21:15:49.4806727+02:00" testType="13cdc9d9-ddb5-4fa4-a97d-d965ccfc6d4b" outcome="Passed" testListId="8c84fa94-04c1-424b-9868-57a2d4851a1d" relativeResultsDirectory="5ab39d00-ab14-4357-83ee-3a7324002974" />
    <UnitTestResult executionId="13b14b4d-2915-4744-85f5-d9e02ff6cc1c" testId="4ffd7804-0b86-b3af-454f-c182dda91ce2" testName="xUnitTestProject.CurrencyHelperTests.FormatToStringTest1000(price: 22291.653251342315, expected: &quot;22291.65 zł&quot;)" computerName="DESKTOP-5URQ9PB" duration="00:00:00.0000045" startTime="2022-06-13T21:15:49.4621651+02:00" endTime="2022-06-13T21:15:49.4621653+02:00" testType="13cdc9d9-ddb5-4fa4-a97d-d965ccfc6d4b" outcome="Passed" testListId="8c84fa94-04c1-424b-9868-57a2d4851a1d" relativeResultsDirectory="13b14b4d-2915-4744-85f5-d9e02ff6cc1c" />
    <UnitTestResult executionId="0cb5c373-0886-4d5d-8da5-8b5fc441a97f" testId="6997fb4f-bee2-69ca-461b-7845f1fa191c" testName="xUnitTestProject.CurrencyHelperTests.FormatToStringTest1000(price: 56802.303118930344, expected: &quot;56802.30 zł&quot;)" computerName="DESKTOP-5URQ9PB" duration="00:00:00.0000040" startTime="2022-06-13T21:15:49.4122921+02:00" endTime="2022-06-13T21:15:49.4122926+02:00" testType="13cdc9d9-ddb5-4fa4-a97d-d965ccfc6d4b" outcome="Passed" testListId="8c84fa94-04c1-424b-9868-57a2d4851a1d" relativeResultsDirectory="0cb5c373-0886-4d5d-8da5-8b5fc441a97f" />
    <UnitTestResult executionId="58f778e4-6f81-4284-93a3-11c09d4d029f" testId="0740431b-2d5c-94f4-7631-d3fb545f47f1" testName="xUnitTestProject.CurrencyHelperTests.FormatToStringTest1000(price: 2216.881526520886, expected: &quot;2216.88 zł&quot;)" computerName="DESKTOP-5URQ9PB" duration="00:00:00.0000039" startTime="2022-06-13T21:15:49.4922662+02:00" endTime="2022-06-13T21:15:49.4922664+02:00" testType="13cdc9d9-ddb5-4fa4-a97d-d965ccfc6d4b" outcome="Passed" testListId="8c84fa94-04c1-424b-9868-57a2d4851a1d" relativeResultsDirectory="58f778e4-6f81-4284-93a3-11c09d4d029f" />
    <UnitTestResult executionId="ecf9ce36-bff7-4815-a40f-6791693de019" testId="27e54bf1-4aa0-4763-a98b-d50300d50e6c" testName="xUnitTestProject.CurrencyHelperTests.FormatToStringTest1000(price: 75915.01943546813, expected: &quot;75915.02 zł&quot;)" computerName="DESKTOP-5URQ9PB" duration="00:00:00.0000040" startTime="2022-06-13T21:15:49.4373446+02:00" endTime="2022-06-13T21:15:49.4373448+02:00" testType="13cdc9d9-ddb5-4fa4-a97d-d965ccfc6d4b" outcome="Passed" testListId="8c84fa94-04c1-424b-9868-57a2d4851a1d" relativeResultsDirectory="ecf9ce36-bff7-4815-a40f-6791693de019" />
    <UnitTestResult executionId="fcbc7ffd-86b0-4877-8e28-516c6bc260b0" testId="112056a7-90b6-3caa-8868-b79786565857" testName="xUnitTestProject.CurrencyHelperTests.FormatToStringTest1000(price: 20552.966022956633, expected: &quot;20552.97 zł&quot;)" computerName="DESKTOP-5URQ9PB" duration="00:00:00.0000039" startTime="2022-06-13T21:15:49.4072210+02:00" endTime="2022-06-13T21:15:49.4072212+02:00" testType="13cdc9d9-ddb5-4fa4-a97d-d965ccfc6d4b" outcome="Passed" testListId="8c84fa94-04c1-424b-9868-57a2d4851a1d" relativeResultsDirectory="fcbc7ffd-86b0-4877-8e28-516c6bc260b0" />
    <UnitTestResult executionId="8d9a0d84-3f4a-485d-a1a3-bbcbbea3db30" testId="681b18e6-8ac3-1647-8149-58844d19cdf1" testName="xUnitTestProject.CurrencyHelperTests.FormatToStringTest1000(price: 22799.991836491965, expected: &quot;22799.99 zł&quot;)" computerName="DESKTOP-5URQ9PB" duration="00:00:00.0000038" startTime="2022-06-13T21:15:49.4270640+02:00" endTime="2022-06-13T21:15:49.4270641+02:00" testType="13cdc9d9-ddb5-4fa4-a97d-d965ccfc6d4b" outcome="Passed" testListId="8c84fa94-04c1-424b-9868-57a2d4851a1d" relativeResultsDirectory="8d9a0d84-3f4a-485d-a1a3-bbcbbea3db30" />
    <UnitTestResult executionId="61530688-59ce-4e3d-be42-3c03ae7bfefc" testId="c9dc0f3f-e108-0c1a-7cef-09dcecce5469" testName="xUnitTestProject.CurrencyHelperTests.FormatToStringTest1000(price: 4898.699005344277, expected: &quot;4898.70 zł&quot;)" computerName="DESKTOP-5URQ9PB" duration="00:00:00.0000040" startTime="2022-06-13T21:15:49.4631842+02:00" endTime="2022-06-13T21:15:49.4631844+02:00" testType="13cdc9d9-ddb5-4fa4-a97d-d965ccfc6d4b" outcome="Passed" testListId="8c84fa94-04c1-424b-9868-57a2d4851a1d" relativeResultsDirectory="61530688-59ce-4e3d-be42-3c03ae7bfefc" />
    <UnitTestResult executionId="43c0af4d-960b-4b0e-a23f-303fb83a48dd" testId="b8055217-5a74-6a87-a561-a760192c2a20" testName="xUnitTestProject.CurrencyHelperTests.FormatToStringTest1000(price: 37954.34384365396, expected: &quot;37954.34 zł&quot;)" computerName="DESKTOP-5URQ9PB" duration="00:00:00.0000039" startTime="2022-06-13T21:15:49.4061566+02:00" endTime="2022-06-13T21:15:49.4061568+02:00" testType="13cdc9d9-ddb5-4fa4-a97d-d965ccfc6d4b" outcome="Passed" testListId="8c84fa94-04c1-424b-9868-57a2d4851a1d" relativeResultsDirectory="43c0af4d-960b-4b0e-a23f-303fb83a48dd" />
    <UnitTestResult executionId="b8ac2c49-234b-4315-8f22-638c761c6ac7" testId="c21a2737-6b36-8691-5404-6629a58d4529" testName="xUnitTestProject.CurrencyHelperTests.FormatToStringTest1000(price: 3030.9461949132133, expected: &quot;3030.95 zł&quot;)" computerName="DESKTOP-5URQ9PB" duration="00:00:00.0000039" startTime="2022-06-13T21:15:49.4788027+02:00" endTime="2022-06-13T21:15:49.4788028+02:00" testType="13cdc9d9-ddb5-4fa4-a97d-d965ccfc6d4b" outcome="Passed" testListId="8c84fa94-04c1-424b-9868-57a2d4851a1d" relativeResultsDirectory="b8ac2c49-234b-4315-8f22-638c761c6ac7" />
    <UnitTestResult executionId="b452ec2b-56ce-45f2-85ad-6e8f2e42351e" testId="c3b1d717-2998-1634-887e-572d42236e5b" testName="xUnitTestProject.CurrencyHelperTests.FormatToStringTest1000(price: 34951.47290410077, expected: &quot;34951.47 zł&quot;)" computerName="DESKTOP-5URQ9PB" duration="00:00:00.0000041" startTime="2022-06-13T21:15:49.4212918+02:00" endTime="2022-06-13T21:15:49.4212920+02:00" testType="13cdc9d9-ddb5-4fa4-a97d-d965ccfc6d4b" outcome="Passed" testListId="8c84fa94-04c1-424b-9868-57a2d4851a1d" relativeResultsDirectory="b452ec2b-56ce-45f2-85ad-6e8f2e42351e" />
    <UnitTestResult executionId="0053d9df-9632-4afc-b674-f4c9dd2fa8ad" testId="7c86c7d1-a9a4-3305-ae10-fdb7acd65489" testName="xUnitTestProject.CurrencyHelperTests.FormatToStringTest1000(price: 75024.79122970243, expected: &quot;75024.79 zł&quot;)" computerName="DESKTOP-5URQ9PB" duration="00:00:00.0000038" startTime="2022-06-13T21:15:49.4301086+02:00" endTime="2022-06-13T21:15:49.4301087+02:00" testType="13cdc9d9-ddb5-4fa4-a97d-d965ccfc6d4b" outcome="Passed" testListId="8c84fa94-04c1-424b-9868-57a2d4851a1d" relativeResultsDirectory="0053d9df-9632-4afc-b674-f4c9dd2fa8ad" />
    <UnitTestResult executionId="71c75636-dcec-477f-8147-4bb80e93b541" testId="66840d6a-95a8-9e96-1d7b-1ecad55a0c92" testName="xUnitTestProject.CurrencyHelperTests.FormatToStringTest1000(price: 40241.790964380736, expected: &quot;40241.79 zł&quot;)" computerName="DESKTOP-5URQ9PB" duration="00:00:00.0000041" startTime="2022-06-13T21:15:49.4874218+02:00" endTime="2022-06-13T21:15:49.4874219+02:00" testType="13cdc9d9-ddb5-4fa4-a97d-d965ccfc6d4b" outcome="Passed" testListId="8c84fa94-04c1-424b-9868-57a2d4851a1d" relativeResultsDirectory="71c75636-dcec-477f-8147-4bb80e93b541" />
    <UnitTestResult executionId="02bb322c-97fb-4d5a-9167-3b49a357406c" testId="b59817a2-024b-f794-3f46-68714948a01a" testName="xUnitTestProject.CurrencyHelperTests.FormatToStringTest1000(price: 740.3213011405064, expected: &quot;740.32 zł&quot;)" computerName="DESKTOP-5URQ9PB" duration="00:00:00.0000040" startTime="2022-06-13T21:15:49.4462468+02:00" endTime="2022-06-13T21:15:49.4462472+02:00" testType="13cdc9d9-ddb5-4fa4-a97d-d965ccfc6d4b" outcome="Passed" testListId="8c84fa94-04c1-424b-9868-57a2d4851a1d" relativeResultsDirectory="02bb322c-97fb-4d5a-9167-3b49a357406c" />
    <UnitTestResult executionId="e54fd601-e80d-4b5f-b28d-a3bf22e09900" testId="c0741e8d-b0f9-ca5e-e02e-02960c9e164f" testName="xUnitTestProject.CurrencyHelperTests.FormatToStringTest1000(price: 4121.116360678857, expected: &quot;4121.12 zł&quot;)" computerName="DESKTOP-5URQ9PB" duration="00:00:00.0000043" startTime="2022-06-13T21:15:49.4020663+02:00" endTime="2022-06-13T21:15:49.4020665+02:00" testType="13cdc9d9-ddb5-4fa4-a97d-d965ccfc6d4b" outcome="Passed" testListId="8c84fa94-04c1-424b-9868-57a2d4851a1d" relativeResultsDirectory="e54fd601-e80d-4b5f-b28d-a3bf22e09900" />
    <UnitTestResult executionId="0346d13c-af69-4128-8fd3-d5c0d35653b2" testId="76ad8ec9-5ccc-b3a3-7c1b-d549d0dbd095" testName="xUnitTestProject.CurrencyHelperTests.FormatToStringTest1000(price: 4411.456718280659, expected: &quot;4411.46 zł&quot;)" computerName="DESKTOP-5URQ9PB" duration="00:00:00.0000039" startTime="2022-06-13T21:15:49.4353673+02:00" endTime="2022-06-13T21:15:49.4353675+02:00" testType="13cdc9d9-ddb5-4fa4-a97d-d965ccfc6d4b" outcome="Passed" testListId="8c84fa94-04c1-424b-9868-57a2d4851a1d" relativeResultsDirectory="0346d13c-af69-4128-8fd3-d5c0d35653b2" />
    <UnitTestResult executionId="a69c2d8d-b1fc-4446-947f-2fba2ba1f2db" testId="9be732dd-ee22-c2df-2aa3-eb082a5b0373" testName="xUnitTestProject.CurrencyHelperTests.FormatToStringTest1000(price: 15861.139287455073, expected: &quot;15861.14 zł&quot;)" computerName="DESKTOP-5URQ9PB" duration="00:00:00.0000045" startTime="2022-06-13T21:15:49.4195591+02:00" endTime="2022-06-13T21:15:49.4195593+02:00" testType="13cdc9d9-ddb5-4fa4-a97d-d965ccfc6d4b" outcome="Passed" testListId="8c84fa94-04c1-424b-9868-57a2d4851a1d" relativeResultsDirectory="a69c2d8d-b1fc-4446-947f-2fba2ba1f2db" />
    <UnitTestResult executionId="e7d595e5-53ef-4c94-a106-351f2d83ff49" testId="7e29f92d-fa8b-6742-a856-fa32047034c5" testName="xUnitTestProject.CurrencyHelperTests.FormatToStringTest1000(price: 16825.83099003268, expected: &quot;16825.83 zł&quot;)" computerName="DESKTOP-5URQ9PB" duration="00:00:00.0000039" startTime="2022-06-13T21:15:49.4942065+02:00" endTime="2022-06-13T21:15:49.4942066+02:00" testType="13cdc9d9-ddb5-4fa4-a97d-d965ccfc6d4b" outcome="Passed" testListId="8c84fa94-04c1-424b-9868-57a2d4851a1d" relativeResultsDirectory="e7d595e5-53ef-4c94-a106-351f2d83ff49" />
    <UnitTestResult executionId="de210774-ea99-42b3-8a9f-5385d7defccb" testId="18167db3-c21a-1968-f83d-cf6f5b58219d" testName="xUnitTestProject.CurrencyHelperTests.FormatToStringTest1000(price: 14480.387652530982, expected: &quot;14480.39 zł&quot;)" computerName="DESKTOP-5URQ9PB" duration="00:00:00.0000039" startTime="2022-06-13T21:15:49.4282281+02:00" endTime="2022-06-13T21:15:49.4282283+02:00" testType="13cdc9d9-ddb5-4fa4-a97d-d965ccfc6d4b" outcome="Passed" testListId="8c84fa94-04c1-424b-9868-57a2d4851a1d" relativeResultsDirectory="de210774-ea99-42b3-8a9f-5385d7defccb" />
    <UnitTestResult executionId="63474c7a-b794-4336-b537-711d122d4ddf" testId="0d1bc5db-e6c6-10df-8cf0-a0dfa7497484" testName="xUnitTestProject.CurrencyHelperTests.FormatToStringTest1000(price: 41972.39431566763, expected: &quot;41972.39 zł&quot;)" computerName="DESKTOP-5URQ9PB" duration="00:00:00.0000038" startTime="2022-06-13T21:15:49.4884081+02:00" endTime="2022-06-13T21:15:49.4884082+02:00" testType="13cdc9d9-ddb5-4fa4-a97d-d965ccfc6d4b" outcome="Passed" testListId="8c84fa94-04c1-424b-9868-57a2d4851a1d" relativeResultsDirectory="63474c7a-b794-4336-b537-711d122d4ddf" />
    <UnitTestResult executionId="4b26d979-6323-42dc-93d1-c39db086a1a6" testId="042cc95e-2b44-fa19-b576-f75093af4b96" testName="xUnitTestProject.CurrencyHelperTests.FormatToStringTest1000(price: 30320.450517486992, expected: &quot;30320.45 zł&quot;)" computerName="DESKTOP-5URQ9PB" duration="00:00:00.0000040" startTime="2022-06-13T21:15:49.3955896+02:00" endTime="2022-06-13T21:15:49.3955903+02:00" testType="13cdc9d9-ddb5-4fa4-a97d-d965ccfc6d4b" outcome="Passed" testListId="8c84fa94-04c1-424b-9868-57a2d4851a1d" relativeResultsDirectory="4b26d979-6323-42dc-93d1-c39db086a1a6" />
    <UnitTestResult executionId="888f8d93-1a9c-45e8-be2b-65b804b84de9" testId="bafee3ee-9889-56d2-8e3d-2c651a7649c3" testName="xUnitTestProject.CurrencyHelperTests.FormatToStringTest1000(price: 10857.521742201186, expected: &quot;10857.52 zł&quot;)" computerName="DESKTOP-5URQ9PB" duration="00:00:00.0000049" startTime="2022-06-13T21:15:49.3822820+02:00" endTime="2022-06-13T21:15:49.3822822+02:00" testType="13cdc9d9-ddb5-4fa4-a97d-d965ccfc6d4b" outcome="Passed" testListId="8c84fa94-04c1-424b-9868-57a2d4851a1d" relativeResultsDirectory="888f8d93-1a9c-45e8-be2b-65b804b84de9" />
    <UnitTestResult executionId="bcf12ecc-b9bd-4371-a23a-696fab49f9f2" testId="ee9462eb-6912-5171-764c-f29a600e2526" testName="xUnitTestProject.CurrencyHelperTests.FormatToStringTest1000(price: 28068.20530246394, expected: &quot;28068.21 zł&quot;)" computerName="DESKTOP-5URQ9PB" duration="00:00:00.0000047" startTime="2022-06-13T21:15:49.4343572+02:00" endTime="2022-06-13T21:15:49.4343574+02:00" testType="13cdc9d9-ddb5-4fa4-a97d-d965ccfc6d4b" outcome="Passed" testListId="8c84fa94-04c1-424b-9868-57a2d4851a1d" relativeResultsDirectory="bcf12ecc-b9bd-4371-a23a-696fab49f9f2" />
    <UnitTestResult executionId="3198305e-15d5-4f77-952e-67f38220785a" testId="df465776-c4f6-f76e-1fec-b3cfe705b591" testName="xUnitTestProject.CurrencyHelperTests.FormatToStringTest1000(price: 26468.346804109562, expected: &quot;26468.35 zł&quot;)" computerName="DESKTOP-5URQ9PB" duration="00:00:00.0000039" startTime="2022-06-13T21:15:49.4009642+02:00" endTime="2022-06-13T21:15:49.4009643+02:00" testType="13cdc9d9-ddb5-4fa4-a97d-d965ccfc6d4b" outcome="Passed" testListId="8c84fa94-04c1-424b-9868-57a2d4851a1d" relativeResultsDirectory="3198305e-15d5-4f77-952e-67f38220785a" />
    <UnitTestResult executionId="e2c95f70-3935-4636-8f7d-383cfb1f3758" testId="d1d304ec-d1a8-54dd-0ee3-d84b0c72b00c" testName="xUnitTestProject.CurrencyHelperTests.FormatToStringTest1000(price: 38803.03958246253, expected: &quot;38803.04 zł&quot;)" computerName="DESKTOP-5URQ9PB" duration="00:00:00.0000040" startTime="2022-06-13T21:15:49.4029166+02:00" endTime="2022-06-13T21:15:49.4029170+02:00" testType="13cdc9d9-ddb5-4fa4-a97d-d965ccfc6d4b" outcome="Passed" testListId="8c84fa94-04c1-424b-9868-57a2d4851a1d" relativeResultsDirectory="e2c95f70-3935-4636-8f7d-383cfb1f3758" />
    <UnitTestResult executionId="feea9f1f-5abc-4a7f-8d9c-475e4fcb5fd6" testId="e6b4d3a2-a83c-419f-8b42-b631077ac8fc" testName="xUnitTestProject.CurrencyHelperTests.FormatToStringTest1000(price: 19208.676036795914, expected: &quot;19208.68 zł&quot;)" computerName="DESKTOP-5URQ9PB" duration="00:00:00.0000039" startTime="2022-06-13T21:15:49.5046830+02:00" endTime="2022-06-13T21:15:49.5046831+02:00" testType="13cdc9d9-ddb5-4fa4-a97d-d965ccfc6d4b" outcome="Passed" testListId="8c84fa94-04c1-424b-9868-57a2d4851a1d" relativeResultsDirectory="feea9f1f-5abc-4a7f-8d9c-475e4fcb5fd6" />
    <UnitTestResult executionId="a9c8f4eb-edac-4c28-bcd8-914ba3324bf9" testId="9f62336d-d2a3-438a-9707-488b6a94c792" testName="xUnitTestProject.CurrencyHelperTests.FormatToStringTest1000(price: 45739.569854490255, expected: &quot;45739.57 zł&quot;)" computerName="DESKTOP-5URQ9PB" duration="00:00:00.0000046" startTime="2022-06-13T21:15:49.4631239+02:00" endTime="2022-06-13T21:15:49.4631240+02:00" testType="13cdc9d9-ddb5-4fa4-a97d-d965ccfc6d4b" outcome="Passed" testListId="8c84fa94-04c1-424b-9868-57a2d4851a1d" relativeResultsDirectory="a9c8f4eb-edac-4c28-bcd8-914ba3324bf9" />
    <UnitTestResult executionId="46f01f47-25d4-4067-b934-ba37ad25d362" testId="c7c04760-2233-4819-4eb3-2daf180edff4" testName="xUnitTestProject.CurrencyHelperTests.FormatToStringTest1000(price: 238.1379397484185, expected: &quot;238.14 zł&quot;)" computerName="DESKTOP-5URQ9PB" duration="00:00:00.0000038" startTime="2022-06-13T21:15:49.5016248+02:00" endTime="2022-06-13T21:15:49.5016250+02:00" testType="13cdc9d9-ddb5-4fa4-a97d-d965ccfc6d4b" outcome="Passed" testListId="8c84fa94-04c1-424b-9868-57a2d4851a1d" relativeResultsDirectory="46f01f47-25d4-4067-b934-ba37ad25d362" />
    <UnitTestResult executionId="ab87243f-83a8-4b4e-9e5e-b5d307292db4" testId="23282872-5c32-1fb9-e0a2-cb7aa878c838" testName="xUnitTestProject.CurrencyHelperTests.FormatToStringTest1000(price: 16819.974312979717, expected: &quot;16819.97 zł&quot;)" computerName="DESKTOP-5URQ9PB" duration="00:00:00.0000050" startTime="2022-06-13T21:15:49.4844526+02:00" endTime="2022-06-13T21:15:49.4844528+02:00" testType="13cdc9d9-ddb5-4fa4-a97d-d965ccfc6d4b" outcome="Passed" testListId="8c84fa94-04c1-424b-9868-57a2d4851a1d" relativeResultsDirectory="ab87243f-83a8-4b4e-9e5e-b5d307292db4" />
    <UnitTestResult executionId="90d854ba-ab59-4d9c-888f-20d3e894c040" testId="c212e24b-1c29-9890-50c8-57d6096284d3" testName="xUnitTestProject.CurrencyHelperTests.FormatToStringTest1000(price: 1181.5773122979222, expected: &quot;1181.58 zł&quot;)" computerName="DESKTOP-5URQ9PB" duration="00:00:00.0000040" startTime="2022-06-13T21:15:49.4166325+02:00" endTime="2022-06-13T21:15:49.4166326+02:00" testType="13cdc9d9-ddb5-4fa4-a97d-d965ccfc6d4b" outcome="Passed" testListId="8c84fa94-04c1-424b-9868-57a2d4851a1d" relativeResultsDirectory="90d854ba-ab59-4d9c-888f-20d3e894c040" />
    <UnitTestResult executionId="75d26fee-6fc9-46c0-82ec-971dcc7b59e1" testId="ba6a31a5-f6b4-cabf-4787-f1e219c63249" testName="xUnitTestProject.CurrencyHelperTests.FormatToStringTest1000(price: 60299.23738666309, expected: &quot;60299.24 zł&quot;)" computerName="DESKTOP-5URQ9PB" duration="00:00:00.0000039" startTime="2022-06-13T21:15:49.4824048+02:00" endTime="2022-06-13T21:15:49.4824051+02:00" testType="13cdc9d9-ddb5-4fa4-a97d-d965ccfc6d4b" outcome="Passed" testListId="8c84fa94-04c1-424b-9868-57a2d4851a1d" relativeResultsDirectory="75d26fee-6fc9-46c0-82ec-971dcc7b59e1" />
    <UnitTestResult executionId="52464a06-edc9-4dc2-8642-3acc7945609a" testId="eb81fa5f-83e5-54db-0bb8-c928bd6f40f1" testName="xUnitTestProject.CurrencyHelperTests.FormatToStringTest1000(price: 12221.10494323592, expected: &quot;12221.10 zł&quot;)" computerName="DESKTOP-5URQ9PB" duration="00:00:00.0000040" startTime="2022-06-13T21:15:49.4323455+02:00" endTime="2022-06-13T21:15:49.4323457+02:00" testType="13cdc9d9-ddb5-4fa4-a97d-d965ccfc6d4b" outcome="Passed" testListId="8c84fa94-04c1-424b-9868-57a2d4851a1d" relativeResultsDirectory="52464a06-edc9-4dc2-8642-3acc7945609a" />
    <UnitTestResult executionId="0ce8e736-5de7-47cb-a307-534470b9f216" testId="0d6018bc-c4c3-ac7c-618e-ae3024a5dbea" testName="xUnitTestProject.CurrencyHelperTests.FormatToStringTest1000(price: 6220.182014914314, expected: &quot;6220.18 zł&quot;)" computerName="DESKTOP-5URQ9PB" duration="00:00:00.0000038" startTime="2022-06-13T21:15:49.4816983+02:00" endTime="2022-06-13T21:15:49.4816985+02:00" testType="13cdc9d9-ddb5-4fa4-a97d-d965ccfc6d4b" outcome="Passed" testListId="8c84fa94-04c1-424b-9868-57a2d4851a1d" relativeResultsDirectory="0ce8e736-5de7-47cb-a307-534470b9f216" />
    <UnitTestResult executionId="ebee60aa-cf8a-48cb-b219-1e955ed96fed" testId="99e7c5dd-ce54-9083-5f21-8bd4ff4149bd" testName="xUnitTestProject.CurrencyHelperTests.FormatToStringTest1000(price: 9867.823212210007, expected: &quot;9867.82 zł&quot;)" computerName="DESKTOP-5URQ9PB" duration="00:00:00.0000039" startTime="2022-06-13T21:15:49.4863110+02:00" endTime="2022-06-13T21:15:49.4863111+02:00" testType="13cdc9d9-ddb5-4fa4-a97d-d965ccfc6d4b" outcome="Passed" testListId="8c84fa94-04c1-424b-9868-57a2d4851a1d" relativeResultsDirectory="ebee60aa-cf8a-48cb-b219-1e955ed96fed" />
    <UnitTestResult executionId="2e4218e3-fa55-4ea2-a65a-a543bb0f28ca" testId="df98a0bb-288a-f0a3-8af8-186ed72a3b48" testName="xUnitTestProject.CurrencyHelperTests.FormatToStringTest1000(price: 10397.404523554447, expected: &quot;10397.40 zł&quot;)" computerName="DESKTOP-5URQ9PB" duration="00:00:00.0000045" startTime="2022-06-13T21:15:49.4453300+02:00" endTime="2022-06-13T21:15:49.4453302+02:00" testType="13cdc9d9-ddb5-4fa4-a97d-d965ccfc6d4b" outcome="Passed" testListId="8c84fa94-04c1-424b-9868-57a2d4851a1d" relativeResultsDirectory="2e4218e3-fa55-4ea2-a65a-a543bb0f28ca" />
    <UnitTestResult executionId="7ee754b8-9085-4f1c-a99e-ac0067bffeb7" testId="4fc181f0-ada2-9ab6-d52d-1988c5ebde7a" testName="xUnitTestProject.CurrencyHelperTests.FormatToStringTest1000(price: 26015.8311952552, expected: &quot;26015.83 zł&quot;)" computerName="DESKTOP-5URQ9PB" duration="00:00:00.0000038" startTime="2022-06-13T21:15:49.5036806+02:00" endTime="2022-06-13T21:15:49.5036808+02:00" testType="13cdc9d9-ddb5-4fa4-a97d-d965ccfc6d4b" outcome="Passed" testListId="8c84fa94-04c1-424b-9868-57a2d4851a1d" relativeResultsDirectory="7ee754b8-9085-4f1c-a99e-ac0067bffeb7" />
    <UnitTestResult executionId="e8201f3a-7030-4cf7-819b-3a9a7fd807f3" testId="d4f3c378-b93a-d1d1-d97b-d57a65cd57e1" testName="xUnitTestProject.CurrencyHelperTests.FormatToStringTest1000(price: 4669.392596858271, expected: &quot;4669.39 zł&quot;)" computerName="DESKTOP-5URQ9PB" duration="00:00:00.0000038" startTime="2022-06-13T21:15:49.4092330+02:00" endTime="2022-06-13T21:15:49.4092331+02:00" testType="13cdc9d9-ddb5-4fa4-a97d-d965ccfc6d4b" outcome="Passed" testListId="8c84fa94-04c1-424b-9868-57a2d4851a1d" relativeResultsDirectory="e8201f3a-7030-4cf7-819b-3a9a7fd807f3" />
    <UnitTestResult executionId="d252e563-0daa-4285-a799-fcfbf18f7d21" testId="6fd88d41-992e-23c0-e35a-a1d1b838cd50" testName="xUnitTestProject.CurrencyHelperTests.FormatToStringTest1000(price: 4094.6752323977066, expected: &quot;4094.68 zł&quot;)" computerName="DESKTOP-5URQ9PB" duration="00:00:00.0000040" startTime="2022-06-13T21:15:49.4413798+02:00" endTime="2022-06-13T21:15:49.4413799+02:00" testType="13cdc9d9-ddb5-4fa4-a97d-d965ccfc6d4b" outcome="Passed" testListId="8c84fa94-04c1-424b-9868-57a2d4851a1d" relativeResultsDirectory="d252e563-0daa-4285-a799-fcfbf18f7d21" />
    <UnitTestResult executionId="407df3ea-dabd-446f-bcb7-0994117d566e" testId="0a8dd3d5-59e9-8093-402f-f8fc213265ce" testName="xUnitTestProject.CurrencyHelperTests.FormatToStringTest1000(price: 11022.594234092438, expected: &quot;11022.59 zł&quot;)" computerName="DESKTOP-5URQ9PB" duration="00:00:00.0000049" startTime="2022-06-13T21:15:49.3928705+02:00" endTime="2022-06-13T21:15:49.3928707+02:00" testType="13cdc9d9-ddb5-4fa4-a97d-d965ccfc6d4b" outcome="Passed" testListId="8c84fa94-04c1-424b-9868-57a2d4851a1d" relativeResultsDirectory="407df3ea-dabd-446f-bcb7-0994117d566e" />
    <UnitTestResult executionId="fab73f41-0421-4b41-8383-7c07f599873e" testId="81074b63-819a-5707-3f0a-c12b1496d111" testName="xUnitTestProject.CurrencyHelperTests.FormatToStringTest1000(price: 18786.954468002055, expected: &quot;18786.95 zł&quot;)" computerName="DESKTOP-5URQ9PB" duration="00:00:00.0000038" startTime="2022-06-13T21:15:49.4463122+02:00" endTime="2022-06-13T21:15:49.4463123+02:00" testType="13cdc9d9-ddb5-4fa4-a97d-d965ccfc6d4b" outcome="Passed" testListId="8c84fa94-04c1-424b-9868-57a2d4851a1d" relativeResultsDirectory="fab73f41-0421-4b41-8383-7c07f599873e" />
    <UnitTestResult executionId="aaf89c12-cbf3-47ef-bc00-e8ce27a20092" testId="4f50c537-4ed4-21bc-0ecd-39e74b29d0e7" testName="xUnitTestProject.CurrencyHelperTests.FormatToStringTest1000(price: 90187.4082624374, expected: &quot;90187.41 zł&quot;)" computerName="DESKTOP-5URQ9PB" duration="00:00:00.0000041" startTime="2022-06-13T21:15:49.3936912+02:00" endTime="2022-06-13T21:15:49.3936914+02:00" testType="13cdc9d9-ddb5-4fa4-a97d-d965ccfc6d4b" outcome="Passed" testListId="8c84fa94-04c1-424b-9868-57a2d4851a1d" relativeResultsDirectory="aaf89c12-cbf3-47ef-bc00-e8ce27a20092" />
    <UnitTestResult executionId="596f66c3-3c25-4926-8625-76340d827c7f" testId="31b9c4ce-6a9b-3b29-d842-ab748e7d275b" testName="xUnitTestProject.CurrencyHelperTests.FormatToStringTest1000(price: 53192.79032742269, expected: &quot;53192.79 zł&quot;)" computerName="DESKTOP-5URQ9PB" duration="00:00:00.0000040" startTime="2022-06-13T21:15:49.4970234+02:00" endTime="2022-06-13T21:15:49.4970235+02:00" testType="13cdc9d9-ddb5-4fa4-a97d-d965ccfc6d4b" outcome="Passed" testListId="8c84fa94-04c1-424b-9868-57a2d4851a1d" relativeResultsDirectory="596f66c3-3c25-4926-8625-76340d827c7f" />
    <UnitTestResult executionId="9036a2df-a68d-49dd-b63b-9b035c037aa7" testId="3a14b4a3-bbfa-4f36-3b26-b18f61900c63" testName="xUnitTestProject.CurrencyHelperTests.FormatToStringTest1000(price: 63946.51014057478, expected: &quot;63946.51 zł&quot;)" computerName="DESKTOP-5URQ9PB" duration="00:00:00.0000040" startTime="2022-06-13T21:15:49.4415328+02:00" endTime="2022-06-13T21:15:49.4415330+02:00" testType="13cdc9d9-ddb5-4fa4-a97d-d965ccfc6d4b" outcome="Passed" testListId="8c84fa94-04c1-424b-9868-57a2d4851a1d" relativeResultsDirectory="9036a2df-a68d-49dd-b63b-9b035c037aa7" />
    <UnitTestResult executionId="aba79a29-02fa-45d6-8a2c-aa5d997e92fe" testId="df661f1a-369e-296a-5042-ab9651f93dce" testName="xUnitTestProject.CurrencyHelperTests.FormatToStringTest1000(price: 16383.352881839199, expected: &quot;16383.35 zł&quot;)" computerName="DESKTOP-5URQ9PB" duration="00:00:00.0000039" startTime="2022-06-13T21:15:49.5115191+02:00" endTime="2022-06-13T21:15:49.5115223+02:00" testType="13cdc9d9-ddb5-4fa4-a97d-d965ccfc6d4b" outcome="Passed" testListId="8c84fa94-04c1-424b-9868-57a2d4851a1d" relativeResultsDirectory="aba79a29-02fa-45d6-8a2c-aa5d997e92fe" />
    <UnitTestResult executionId="d013438b-ba48-4ae1-9b7a-5f05a1c00d44" testId="ed2c7eae-4b8e-1a77-ee79-03d5fbd59f41" testName="xUnitTestProject.CurrencyHelperTests.FormatToStringTest1000(price: 76106.57198894516, expected: &quot;76106.57 zł&quot;)" computerName="DESKTOP-5URQ9PB" duration="00:00:00.0000040" startTime="2022-06-13T21:15:49.4563865+02:00" endTime="2022-06-13T21:15:49.4563867+02:00" testType="13cdc9d9-ddb5-4fa4-a97d-d965ccfc6d4b" outcome="Passed" testListId="8c84fa94-04c1-424b-9868-57a2d4851a1d" relativeResultsDirectory="d013438b-ba48-4ae1-9b7a-5f05a1c00d44" />
    <UnitTestResult executionId="64d70733-03b3-4876-a7e2-be0ae99e9c3b" testId="de1aa414-8fbd-dead-288e-d558b1305dac" testName="xUnitTestProject.CurrencyHelperTests.FormatToStringTest1000(price: 486.15309567942893, expected: &quot;486.15 zł&quot;)" computerName="DESKTOP-5URQ9PB" duration="00:00:00.0000040" startTime="2022-06-13T21:15:49.4931622+02:00" endTime="2022-06-13T21:15:49.4931624+02:00" testType="13cdc9d9-ddb5-4fa4-a97d-d965ccfc6d4b" outcome="Passed" testListId="8c84fa94-04c1-424b-9868-57a2d4851a1d" relativeResultsDirectory="64d70733-03b3-4876-a7e2-be0ae99e9c3b" />
    <UnitTestResult executionId="cd5851eb-54d0-4ce5-9695-ab4226dfd69a" testId="170260b6-6610-99a8-adfb-d2dcbd80a40f" testName="xUnitTestProject.CurrencyHelperTests.FormatToStringTest1000(price: 7370.518277515898, expected: &quot;7370.52 zł&quot;)" computerName="DESKTOP-5URQ9PB" duration="00:00:00.0000039" startTime="2022-06-13T21:15:49.4949563+02:00" endTime="2022-06-13T21:15:49.4949565+02:00" testType="13cdc9d9-ddb5-4fa4-a97d-d965ccfc6d4b" outcome="Passed" testListId="8c84fa94-04c1-424b-9868-57a2d4851a1d" relativeResultsDirectory="cd5851eb-54d0-4ce5-9695-ab4226dfd69a" />
    <UnitTestResult executionId="929092c6-1135-417c-b6ac-83bd51a95e58" testId="2fe7dd20-7d34-4621-c4bd-6f2ec94c5407" testName="xUnitTestProject.CurrencyHelperTests.FormatToStringTest1000(price: 4105.490993980081, expected: &quot;4105.49 zł&quot;)" computerName="DESKTOP-5URQ9PB" duration="00:00:00.0000040" startTime="2022-06-13T21:15:49.4786804+02:00" endTime="2022-06-13T21:15:49.4786805+02:00" testType="13cdc9d9-ddb5-4fa4-a97d-d965ccfc6d4b" outcome="Passed" testListId="8c84fa94-04c1-424b-9868-57a2d4851a1d" relativeResultsDirectory="929092c6-1135-417c-b6ac-83bd51a95e58" />
    <UnitTestResult executionId="ddd14b88-14d6-4873-a222-8996d5c7a23b" testId="13335374-86bb-3ff8-d28a-bd89dc7f02ec" testName="xUnitTestProject.CurrencyHelperTests.FormatToStringTest1000(price: 16637.074429372828, expected: &quot;16637.07 zł&quot;)" computerName="DESKTOP-5URQ9PB" duration="00:00:00.0000040" startTime="2022-06-13T21:15:49.4452330+02:00" endTime="2022-06-13T21:15:49.4452333+02:00" testType="13cdc9d9-ddb5-4fa4-a97d-d965ccfc6d4b" outcome="Passed" testListId="8c84fa94-04c1-424b-9868-57a2d4851a1d" relativeResultsDirectory="ddd14b88-14d6-4873-a222-8996d5c7a23b" />
    <UnitTestResult executionId="5de42d62-c23a-4c1a-b27b-b70610fd629b" testId="72e011e2-bf27-7ea5-75f9-295f8504211f" testName="xUnitTestProject.CurrencyHelperTests.FormatToStringTest1000(price: 40889.35187774214, expected: &quot;40889.35 zł&quot;)" computerName="DESKTOP-5URQ9PB" duration="00:00:00.0000038" startTime="2022-06-13T21:15:49.4777464+02:00" endTime="2022-06-13T21:15:49.4777466+02:00" testType="13cdc9d9-ddb5-4fa4-a97d-d965ccfc6d4b" outcome="Passed" testListId="8c84fa94-04c1-424b-9868-57a2d4851a1d" relativeResultsDirectory="5de42d62-c23a-4c1a-b27b-b70610fd629b" />
    <UnitTestResult executionId="86b1dc8b-5340-414c-b31e-951c9c457ac3" testId="33f34022-0429-d841-2008-e35fc72eef53" testName="xUnitTestProject.CurrencyHelperTests.FormatToStringTest1000(price: 14003.84591249742, expected: &quot;14003.85 zł&quot;)" computerName="DESKTOP-5URQ9PB" duration="00:00:00.0000039" startTime="2022-06-13T21:15:49.4124772+02:00" endTime="2022-06-13T21:15:49.4124773+02:00" testType="13cdc9d9-ddb5-4fa4-a97d-d965ccfc6d4b" outcome="Passed" testListId="8c84fa94-04c1-424b-9868-57a2d4851a1d" relativeResultsDirectory="86b1dc8b-5340-414c-b31e-951c9c457ac3" />
    <UnitTestResult executionId="0b9c0340-7599-476d-a526-4d478055d272" testId="87f6b537-303b-ee32-7ebc-e34863879e5b" testName="xUnitTestProject.CurrencyHelperTests.FormatToStringTest1000(price: 13455.521105358153, expected: &quot;13455.52 zł&quot;)" computerName="DESKTOP-5URQ9PB" duration="00:00:00.0000040" startTime="2022-06-13T21:15:49.4008723+02:00" endTime="2022-06-13T21:15:49.4008725+02:00" testType="13cdc9d9-ddb5-4fa4-a97d-d965ccfc6d4b" outcome="Passed" testListId="8c84fa94-04c1-424b-9868-57a2d4851a1d" relativeResultsDirectory="0b9c0340-7599-476d-a526-4d478055d272" />
    <UnitTestResult executionId="3a71fc93-2c7b-48d1-823d-2b8f6768535b" testId="bc63b05b-4f30-8c10-7b75-77e26fb38256" testName="xUnitTestProject.CurrencyHelperTests.FormatToStringTest1000(price: 10661.19584154207, expected: &quot;10661.20 zł&quot;)" computerName="DESKTOP-5URQ9PB" duration="00:00:00.0000040" startTime="2022-06-13T21:15:49.4280914+02:00" endTime="2022-06-13T21:15:49.4280915+02:00" testType="13cdc9d9-ddb5-4fa4-a97d-d965ccfc6d4b" outcome="Passed" testListId="8c84fa94-04c1-424b-9868-57a2d4851a1d" relativeResultsDirectory="3a71fc93-2c7b-48d1-823d-2b8f6768535b" />
    <UnitTestResult executionId="55cf1fca-c566-47fd-a4d6-eab7a018b1e8" testId="79d9531c-e009-9169-2cbc-ceab51e47aa5" testName="xUnitTestProject.CurrencyHelperTests.FormatToStringTest1000(price: 31805.23430354532, expected: &quot;31805.23 zł&quot;)" computerName="DESKTOP-5URQ9PB" duration="00:00:00.0000038" startTime="2022-06-13T21:15:49.4321950+02:00" endTime="2022-06-13T21:15:49.4321952+02:00" testType="13cdc9d9-ddb5-4fa4-a97d-d965ccfc6d4b" outcome="Passed" testListId="8c84fa94-04c1-424b-9868-57a2d4851a1d" relativeResultsDirectory="55cf1fca-c566-47fd-a4d6-eab7a018b1e8" />
    <UnitTestResult executionId="ab6016ee-a5cd-4555-b02e-dc58113e2c8e" testId="0df7d709-570d-9a2b-20b2-9824d27442ba" testName="xUnitTestProject.CurrencyHelperTests.FormatToStringTest1000(price: 54578.37303904275, expected: &quot;54578.37 zł&quot;)" computerName="DESKTOP-5URQ9PB" duration="00:00:00.0000040" startTime="2022-06-13T21:15:49.4787414+02:00" endTime="2022-06-13T21:15:49.4787416+02:00" testType="13cdc9d9-ddb5-4fa4-a97d-d965ccfc6d4b" outcome="Passed" testListId="8c84fa94-04c1-424b-9868-57a2d4851a1d" relativeResultsDirectory="ab6016ee-a5cd-4555-b02e-dc58113e2c8e" />
    <UnitTestResult executionId="b0026b21-1617-4211-8865-60526d668d6c" testId="a5d2d781-ed08-2478-bb45-1d4f50c82554" testName="xUnitTestProject.CurrencyHelperTests.FormatToStringTest1000(price: 5611.05334835176, expected: &quot;5611.05 zł&quot;)" computerName="DESKTOP-5URQ9PB" duration="00:00:00.0000038" startTime="2022-06-13T21:15:49.4816075+02:00" endTime="2022-06-13T21:15:49.4816076+02:00" testType="13cdc9d9-ddb5-4fa4-a97d-d965ccfc6d4b" outcome="Passed" testListId="8c84fa94-04c1-424b-9868-57a2d4851a1d" relativeResultsDirectory="b0026b21-1617-4211-8865-60526d668d6c" />
    <UnitTestResult executionId="a91aab5b-5c30-4819-902a-43e5e02b48f3" testId="d674a2b2-91f4-595f-2a5d-e8f6a4053ca1" testName="xUnitTestProject.CurrencyHelperTests.FormatToStringTest1000(price: 8851.904041135638, expected: &quot;8851.90 zł&quot;)" computerName="DESKTOP-5URQ9PB" duration="00:00:00.0000041" startTime="2022-06-13T21:15:49.4718702+02:00" endTime="2022-06-13T21:15:49.4718704+02:00" testType="13cdc9d9-ddb5-4fa4-a97d-d965ccfc6d4b" outcome="Passed" testListId="8c84fa94-04c1-424b-9868-57a2d4851a1d" relativeResultsDirectory="a91aab5b-5c30-4819-902a-43e5e02b48f3" />
    <UnitTestResult executionId="db15cd7e-de3b-4942-8a58-77caee9735eb" testId="171141a5-7e7d-d227-6619-8929fed50e13" testName="xUnitTestProject.CurrencyHelperTests.FormatToStringTest1000(price: 806.960597043373, expected: &quot;806.96 zł&quot;)" computerName="DESKTOP-5URQ9PB" duration="00:00:00.0000039" startTime="2022-06-13T21:15:49.4864040+02:00" endTime="2022-06-13T21:15:49.4864042+02:00" testType="13cdc9d9-ddb5-4fa4-a97d-d965ccfc6d4b" outcome="Passed" testListId="8c84fa94-04c1-424b-9868-57a2d4851a1d" relativeResultsDirectory="db15cd7e-de3b-4942-8a58-77caee9735eb" />
    <UnitTestResult executionId="c8727a49-1e9f-4e9b-96d1-8ecc9c977500" testId="31031da7-a7ef-21d8-df85-bc08b8725f11" testName="xUnitTestProject.CurrencyHelperTests.FormatToStringTest1000(price: 16571.355536101553, expected: &quot;16571.36 zł&quot;)" computerName="DESKTOP-5URQ9PB" duration="00:00:00.0000041" startTime="2022-06-13T21:15:49.4157071+02:00" endTime="2022-06-13T21:15:49.4157072+02:00" testType="13cdc9d9-ddb5-4fa4-a97d-d965ccfc6d4b" outcome="Passed" testListId="8c84fa94-04c1-424b-9868-57a2d4851a1d" relativeResultsDirectory="c8727a49-1e9f-4e9b-96d1-8ecc9c977500" />
    <UnitTestResult executionId="bf731f29-26af-439d-878f-83566d62e288" testId="86b56171-19f4-76a4-c109-8879ac5bbbd7" testName="xUnitTestProject.CurrencyHelperTests.FormatToStringTest1000(price: 59283.7670322637, expected: &quot;59283.77 zł&quot;)" computerName="DESKTOP-5URQ9PB" duration="00:00:00.0000040" startTime="2022-06-13T21:15:49.5057490+02:00" endTime="2022-06-13T21:15:49.5057493+02:00" testType="13cdc9d9-ddb5-4fa4-a97d-d965ccfc6d4b" outcome="Passed" testListId="8c84fa94-04c1-424b-9868-57a2d4851a1d" relativeResultsDirectory="bf731f29-26af-439d-878f-83566d62e288" />
    <UnitTestResult executionId="f395f502-6f9c-4f0b-ba6c-1322b6e1c0ae" testId="5f750d11-c899-aa88-cff9-6806fe46c3fe" testName="xUnitTestProject.CurrencyHelperTests.FormatToStringTest1000(price: 28298.945361683585, expected: &quot;28298.95 zł&quot;)" computerName="DESKTOP-5URQ9PB" duration="00:00:00.0000038" startTime="2022-06-13T21:15:49.4463772+02:00" endTime="2022-06-13T21:15:49.4463773+02:00" testType="13cdc9d9-ddb5-4fa4-a97d-d965ccfc6d4b" outcome="Passed" testListId="8c84fa94-04c1-424b-9868-57a2d4851a1d" relativeResultsDirectory="f395f502-6f9c-4f0b-ba6c-1322b6e1c0ae" />
    <UnitTestResult executionId="fe10f560-f27e-4e38-b81b-98621f6df13c" testId="4753ba69-a929-b55c-7853-51519ca51301" testName="xUnitTestProject.CurrencyHelperTests.FormatToStringTest1000(price: 26215.613055301183, expected: &quot;26215.61 zł&quot;)" computerName="DESKTOP-5URQ9PB" duration="00:00:00.0000039" startTime="2022-06-13T21:15:49.4949867+02:00" endTime="2022-06-13T21:15:49.4949869+02:00" testType="13cdc9d9-ddb5-4fa4-a97d-d965ccfc6d4b" outcome="Passed" testListId="8c84fa94-04c1-424b-9868-57a2d4851a1d" relativeResultsDirectory="fe10f560-f27e-4e38-b81b-98621f6df13c" />
    <UnitTestResult executionId="51639c53-cf2e-48a2-a0dc-1716f62c410a" testId="24bb58fc-f26e-f596-3b94-0fe50e90026c" testName="xUnitTestProject.CurrencyHelperTests.FormatToStringTest1000(price: 14017.699524653006, expected: &quot;14017.70 zł&quot;)" computerName="DESKTOP-5URQ9PB" duration="00:00:00.0000040" startTime="2022-06-13T21:15:49.4920504+02:00" endTime="2022-06-13T21:15:49.4920508+02:00" testType="13cdc9d9-ddb5-4fa4-a97d-d965ccfc6d4b" outcome="Passed" testListId="8c84fa94-04c1-424b-9868-57a2d4851a1d" relativeResultsDirectory="51639c53-cf2e-48a2-a0dc-1716f62c410a" />
    <UnitTestResult executionId="e6c11a94-bd5c-45e9-b41a-ff4d8118c92c" testId="eb1e2ccd-822e-57b0-f5e5-7fc8ed277803" testName="xUnitTestProject.CurrencyHelperTests.FormatToStringTest1000(price: 11624.834848273003, expected: &quot;11624.83 zł&quot;)" computerName="DESKTOP-5URQ9PB" duration="00:00:00.0000037" startTime="2022-06-13T21:15:49.4855053+02:00" endTime="2022-06-13T21:15:49.4855055+02:00" testType="13cdc9d9-ddb5-4fa4-a97d-d965ccfc6d4b" outcome="Passed" testListId="8c84fa94-04c1-424b-9868-57a2d4851a1d" relativeResultsDirectory="e6c11a94-bd5c-45e9-b41a-ff4d8118c92c" />
    <UnitTestResult executionId="36dfe17b-3310-419f-a2eb-8ca90259ad9d" testId="b16fb8e5-3fa9-845c-9c70-ee0c0d261e2c" testName="xUnitTestProject.CurrencyHelperTests.FormatToStringTest1000(price: 24957.469502810607, expected: &quot;24957.47 zł&quot;)" computerName="DESKTOP-5URQ9PB" duration="00:00:00.0000041" startTime="2022-06-13T21:15:49.4343270+02:00" endTime="2022-06-13T21:15:49.4343271+02:00" testType="13cdc9d9-ddb5-4fa4-a97d-d965ccfc6d4b" outcome="Passed" testListId="8c84fa94-04c1-424b-9868-57a2d4851a1d" relativeResultsDirectory="36dfe17b-3310-419f-a2eb-8ca90259ad9d" />
    <UnitTestResult executionId="aaacaac3-b905-4aca-a102-5ef1f5835147" testId="9f1933d5-ba32-f60d-5aa4-3e77602dd567" testName="xUnitTestProject.CurrencyHelperTests.FormatToStringTest1000(price: 26207.03715363659, expected: &quot;26207.04 zł&quot;)" computerName="DESKTOP-5URQ9PB" duration="00:00:00.0000039" startTime="2022-06-13T21:15:49.4573864+02:00" endTime="2022-06-13T21:15:49.4573866+02:00" testType="13cdc9d9-ddb5-4fa4-a97d-d965ccfc6d4b" outcome="Passed" testListId="8c84fa94-04c1-424b-9868-57a2d4851a1d" relativeResultsDirectory="aaacaac3-b905-4aca-a102-5ef1f5835147" />
    <UnitTestResult executionId="eabcf06c-e1fd-446c-b2cb-3fc2005b09ce" testId="d44a0649-8200-dc14-ee0f-9aa1a5e79e57" testName="xUnitTestProject.CurrencyHelperTests.FormatToStringTest1000(price: 100.45267071130345, expected: &quot;100.45 zł&quot;)" computerName="DESKTOP-5URQ9PB" duration="00:00:00.0000038" startTime="2022-06-13T21:15:49.4834312+02:00" endTime="2022-06-13T21:15:49.4834314+02:00" testType="13cdc9d9-ddb5-4fa4-a97d-d965ccfc6d4b" outcome="Passed" testListId="8c84fa94-04c1-424b-9868-57a2d4851a1d" relativeResultsDirectory="eabcf06c-e1fd-446c-b2cb-3fc2005b09ce" />
    <UnitTestResult executionId="09a70662-9431-4c30-ab94-d3182f3c3385" testId="294352cc-8efa-db1c-1bd5-bae00c9cde08" testName="xUnitTestProject.CurrencyHelperTests.FormatToStringTest1000(price: 29362.005930638876, expected: &quot;29362.01 zł&quot;)" computerName="DESKTOP-5URQ9PB" duration="00:00:00.0000041" startTime="2022-06-13T21:15:49.4422562+02:00" endTime="2022-06-13T21:15:49.4422566+02:00" testType="13cdc9d9-ddb5-4fa4-a97d-d965ccfc6d4b" outcome="Passed" testListId="8c84fa94-04c1-424b-9868-57a2d4851a1d" relativeResultsDirectory="09a70662-9431-4c30-ab94-d3182f3c3385" />
    <UnitTestResult executionId="6dfca735-477b-4401-973a-da5307cd2b24" testId="5e9f654f-dd64-8138-30a6-1dc5f11cf83a" testName="xUnitTestProject.CurrencyHelperTests.FormatToStringTest1000(price: 14237.13226245955, expected: &quot;14237.13 zł&quot;)" computerName="DESKTOP-5URQ9PB" duration="00:00:00.0000045" startTime="2022-06-13T21:15:49.4123260+02:00" endTime="2022-06-13T21:15:49.4123262+02:00" testType="13cdc9d9-ddb5-4fa4-a97d-d965ccfc6d4b" outcome="Passed" testListId="8c84fa94-04c1-424b-9868-57a2d4851a1d" relativeResultsDirectory="6dfca735-477b-4401-973a-da5307cd2b24" />
    <UnitTestResult executionId="78a8cd9e-2b83-4108-8159-edcf300074be" testId="0a7a5bc8-9d15-4c47-d83e-93a1a167a703" testName="xUnitTestProject.CurrencyHelperTests.FormatToStringTest1000(price: 10775.728533390784, expected: &quot;10775.73 zł&quot;)" computerName="DESKTOP-5URQ9PB" duration="00:00:00.0000041" startTime="2022-06-13T21:15:49.5059284+02:00" endTime="2022-06-13T21:15:49.5059289+02:00" testType="13cdc9d9-ddb5-4fa4-a97d-d965ccfc6d4b" outcome="Passed" testListId="8c84fa94-04c1-424b-9868-57a2d4851a1d" relativeResultsDirectory="78a8cd9e-2b83-4108-8159-edcf300074be" />
    <UnitTestResult executionId="0f668962-09e4-4e01-a9c7-6cba3aa7aea2" testId="e06b8219-62b1-a0bc-a073-2837868b5c0e" testName="xUnitTestProject.CurrencyHelperTests.FormatToStringTest1000(price: 1108.7197928823157, expected: &quot;1108.72 zł&quot;)" computerName="DESKTOP-5URQ9PB" duration="00:00:00.0000040" startTime="2022-06-13T21:15:49.4260754+02:00" endTime="2022-06-13T21:15:49.4260756+02:00" testType="13cdc9d9-ddb5-4fa4-a97d-d965ccfc6d4b" outcome="Passed" testListId="8c84fa94-04c1-424b-9868-57a2d4851a1d" relativeResultsDirectory="0f668962-09e4-4e01-a9c7-6cba3aa7aea2" />
    <UnitTestResult executionId="23290109-f562-41de-bd70-1978c2df18b3" testId="7fe2a8ad-3600-98d5-7117-12a9f9025c62" testName="xUnitTestProject.CurrencyHelperTests.FormatToStringTest1000(price: 46803.36433423374, expected: &quot;46803.36 zł&quot;)" computerName="DESKTOP-5URQ9PB" duration="00:00:00.0000039" startTime="2022-06-13T21:15:49.4203489+02:00" endTime="2022-06-13T21:15:49.4203491+02:00" testType="13cdc9d9-ddb5-4fa4-a97d-d965ccfc6d4b" outcome="Passed" testListId="8c84fa94-04c1-424b-9868-57a2d4851a1d" relativeResultsDirectory="23290109-f562-41de-bd70-1978c2df18b3" />
    <UnitTestResult executionId="1a43efcc-b0b2-4d6f-bd34-c2b58e7afff8" testId="594ca00d-02cf-07de-ca25-0d701d72a0a6" testName="xUnitTestProject.CurrencyHelperTests.FormatToStringTest1000(price: 1549.6599114973376, expected: &quot;1549.66 zł&quot;)" computerName="DESKTOP-5URQ9PB" duration="00:00:00.0000038" startTime="2022-06-13T21:15:49.5006223+02:00" endTime="2022-06-13T21:15:49.5006224+02:00" testType="13cdc9d9-ddb5-4fa4-a97d-d965ccfc6d4b" outcome="Passed" testListId="8c84fa94-04c1-424b-9868-57a2d4851a1d" relativeResultsDirectory="1a43efcc-b0b2-4d6f-bd34-c2b58e7afff8" />
    <UnitTestResult executionId="887bf14c-7fc1-4015-82f1-5f30b2b70c34" testId="5322a6b6-b1d1-4276-7a98-26cc05377b71" testName="xUnitTestProject.CurrencyHelperTests.FormatToStringTest1000(price: 37160.85331540269, expected: &quot;37160.85 zł&quot;)" computerName="DESKTOP-5URQ9PB" duration="00:00:00.0000039" startTime="2022-06-13T21:15:49.4062169+02:00" endTime="2022-06-13T21:15:49.4062171+02:00" testType="13cdc9d9-ddb5-4fa4-a97d-d965ccfc6d4b" outcome="Passed" testListId="8c84fa94-04c1-424b-9868-57a2d4851a1d" relativeResultsDirectory="887bf14c-7fc1-4015-82f1-5f30b2b70c34" />
    <UnitTestResult executionId="61f56f48-9edd-495c-bb7b-c9727cb0ec2e" testId="d14fe452-c75b-8f8a-1e11-a88113e31ccc" testName="xUnitTestProject.CurrencyHelperTests.FormatToStringTest1000(price: 40913.016669489916, expected: &quot;40913.02 zł&quot;)" computerName="DESKTOP-5URQ9PB" duration="00:00:00.0000038" startTime="2022-06-13T21:15:49.4282587+02:00" endTime="2022-06-13T21:15:49.4282588+02:00" testType="13cdc9d9-ddb5-4fa4-a97d-d965ccfc6d4b" outcome="Passed" testListId="8c84fa94-04c1-424b-9868-57a2d4851a1d" relativeResultsDirectory="61f56f48-9edd-495c-bb7b-c9727cb0ec2e" />
    <UnitTestResult executionId="8bb0ae41-8e58-4937-bed4-f3f360cb0153" testId="b7f26b3d-6733-f07e-6f15-9b6ddb83ad50" testName="xUnitTestProject.CurrencyHelperTests.FormatToStringTest1000(price: 9517.514896326473, expected: &quot;9517.51 zł&quot;)" computerName="DESKTOP-5URQ9PB" duration="00:00:00.0000038" startTime="2022-06-13T21:15:49.4363798+02:00" endTime="2022-06-13T21:15:49.4363799+02:00" testType="13cdc9d9-ddb5-4fa4-a97d-d965ccfc6d4b" outcome="Passed" testListId="8c84fa94-04c1-424b-9868-57a2d4851a1d" relativeResultsDirectory="8bb0ae41-8e58-4937-bed4-f3f360cb0153" />
    <UnitTestResult executionId="c363ca70-e8f6-437c-b856-9d8a3e9bb812" testId="8cdd5bbc-dcfa-1d65-90a0-7f353e299d1e" testName="xUnitTestProject.CurrencyHelperTests.FormatToStringTest1000(price: 272.5621069118204, expected: &quot;272.56 zł&quot;)" computerName="DESKTOP-5URQ9PB" duration="00:00:00.0000037" startTime="2022-06-13T21:15:49.4204697+02:00" endTime="2022-06-13T21:15:49.4204698+02:00" testType="13cdc9d9-ddb5-4fa4-a97d-d965ccfc6d4b" outcome="Passed" testListId="8c84fa94-04c1-424b-9868-57a2d4851a1d" relativeResultsDirectory="c363ca70-e8f6-437c-b856-9d8a3e9bb812" />
    <UnitTestResult executionId="6e4842a1-696d-45ea-a078-b7c4e4da878a" testId="69ed80be-ebbe-cd3a-42e2-f7807046c259" testName="xUnitTestProject.CurrencyHelperTests.FormatToStringTest1000(price: 36211.11038300866, expected: &quot;36211.11 zł&quot;)" computerName="DESKTOP-5URQ9PB" duration="00:00:00.0000038" startTime="2022-06-13T21:15:49.5006539+02:00" endTime="2022-06-13T21:15:49.5006541+02:00" testType="13cdc9d9-ddb5-4fa4-a97d-d965ccfc6d4b" outcome="Passed" testListId="8c84fa94-04c1-424b-9868-57a2d4851a1d" relativeResultsDirectory="6e4842a1-696d-45ea-a078-b7c4e4da878a" />
    <UnitTestResult executionId="dce77bd8-e879-41d7-9e76-a6f45a85291e" testId="a188d29e-24f4-14f6-3109-f28ee9929456" testName="xUnitTestProject.CurrencyHelperTests.FormatToStringTest1000(price: 15639.704937780603, expected: &quot;15639.70 zł&quot;)" computerName="DESKTOP-5URQ9PB" duration="00:00:00.0000038" startTime="2022-06-13T21:15:49.4922965+02:00" endTime="2022-06-13T21:15:49.4922967+02:00" testType="13cdc9d9-ddb5-4fa4-a97d-d965ccfc6d4b" outcome="Passed" testListId="8c84fa94-04c1-424b-9868-57a2d4851a1d" relativeResultsDirectory="dce77bd8-e879-41d7-9e76-a6f45a85291e" />
    <UnitTestResult executionId="6c5e7980-0972-420f-bcea-329ef755f733" testId="c7ef87e2-e6d0-89f1-fa1a-3a161b3248e2" testName="xUnitTestProject.CurrencyHelperTests.FormatToStringTest1000(price: 76751.79413498091, expected: &quot;76751.79 zł&quot;)" computerName="DESKTOP-5URQ9PB" duration="00:00:00.0000040" startTime="2022-06-13T21:15:49.4261680+02:00" endTime="2022-06-13T21:15:49.4261682+02:00" testType="13cdc9d9-ddb5-4fa4-a97d-d965ccfc6d4b" outcome="Passed" testListId="8c84fa94-04c1-424b-9868-57a2d4851a1d" relativeResultsDirectory="6c5e7980-0972-420f-bcea-329ef755f733" />
    <UnitTestResult executionId="f8adaad5-bd25-4f24-bc3d-9021ca0894e7" testId="d39c6f9f-bd62-16f2-5a23-b15da9df82dd" testName="xUnitTestProject.CurrencyHelperTests.FormatToStringTest1000(price: 68011.49219071423, expected: &quot;68011.49 zł&quot;)" computerName="DESKTOP-5URQ9PB" duration="00:00:00.0000041" startTime="2022-06-13T21:15:49.4602852+02:00" endTime="2022-06-13T21:15:49.4602853+02:00" testType="13cdc9d9-ddb5-4fa4-a97d-d965ccfc6d4b" outcome="Passed" testListId="8c84fa94-04c1-424b-9868-57a2d4851a1d" relativeResultsDirectory="f8adaad5-bd25-4f24-bc3d-9021ca0894e7" />
    <UnitTestResult executionId="98b5bcf7-f151-43ee-8b76-2b5ab51f2d52" testId="3fa3f1d2-90bc-c93b-b647-8aef449b689a" testName="xUnitTestProject.CurrencyHelperTests.FormatToStringTest1000(price: 27852.532163303127, expected: &quot;27852.53 zł&quot;)" computerName="DESKTOP-5URQ9PB" duration="00:00:00.0000039" startTime="2022-06-13T21:15:49.4797680+02:00" endTime="2022-06-13T21:15:49.4797681+02:00" testType="13cdc9d9-ddb5-4fa4-a97d-d965ccfc6d4b" outcome="Passed" testListId="8c84fa94-04c1-424b-9868-57a2d4851a1d" relativeResultsDirectory="98b5bcf7-f151-43ee-8b76-2b5ab51f2d52" />
    <UnitTestResult executionId="af178988-d1b4-4215-ab8d-59b93334d79e" testId="954162af-ab17-e8a9-4ff5-8c9d29069f15" testName="xUnitTestProject.CurrencyHelperTests.FormatToStringTest1000(price: 16416.109736457518, expected: &quot;16416.11 zł&quot;)" computerName="DESKTOP-5URQ9PB" duration="00:00:00.0000039" startTime="2022-06-13T21:15:49.4710086+02:00" endTime="2022-06-13T21:15:49.4710087+02:00" testType="13cdc9d9-ddb5-4fa4-a97d-d965ccfc6d4b" outcome="Passed" testListId="8c84fa94-04c1-424b-9868-57a2d4851a1d" relativeResultsDirectory="af178988-d1b4-4215-ab8d-59b93334d79e" />
    <UnitTestResult executionId="44840ba9-68c7-4127-a3db-e95fad12ba75" testId="3326d350-1af4-4add-085b-c52b861e91af" testName="xUnitTestProject.CurrencyHelperTests.FormatToStringTest1000(price: 74152.7503934562, expected: &quot;74152.75 zł&quot;)" computerName="DESKTOP-5URQ9PB" duration="00:00:00.0000041" startTime="2022-06-13T21:15:49.5026855+02:00" endTime="2022-06-13T21:15:49.5026857+02:00" testType="13cdc9d9-ddb5-4fa4-a97d-d965ccfc6d4b" outcome="Passed" testListId="8c84fa94-04c1-424b-9868-57a2d4851a1d" relativeResultsDirectory="44840ba9-68c7-4127-a3db-e95fad12ba75" />
    <UnitTestResult executionId="1a843298-5003-4fb7-a4c7-6fe08590a648" testId="cff23f42-1941-5ae0-6937-50ea8e98f70a" testName="xUnitTestProject.CurrencyHelperTests.FormatToStringTest1000(price: 22666.13578912995, expected: &quot;22666.14 zł&quot;)" computerName="DESKTOP-5URQ9PB" duration="00:00:00.0000039" startTime="2022-06-13T21:15:49.4322554+02:00" endTime="2022-06-13T21:15:49.4322555+02:00" testType="13cdc9d9-ddb5-4fa4-a97d-d965ccfc6d4b" outcome="Passed" testListId="8c84fa94-04c1-424b-9868-57a2d4851a1d" relativeResultsDirectory="1a843298-5003-4fb7-a4c7-6fe08590a648" />
    <UnitTestResult executionId="53996c5a-c81b-4b02-80f6-9e7c821a329a" testId="e12861db-8cd0-3c0d-af0a-eb43dfba13d7" testName="xUnitTestProject.CurrencyHelperTests.FormatToStringTest1000(price: 20116.958341299072, expected: &quot;20116.96 zł&quot;)" computerName="DESKTOP-5URQ9PB" duration="00:00:00.0000040" startTime="2022-06-13T21:15:49.4241506+02:00" endTime="2022-06-13T21:15:49.4241507+02:00" testType="13cdc9d9-ddb5-4fa4-a97d-d965ccfc6d4b" outcome="Passed" testListId="8c84fa94-04c1-424b-9868-57a2d4851a1d" relativeResultsDirectory="53996c5a-c81b-4b02-80f6-9e7c821a329a" />
    <UnitTestResult executionId="adea65b9-c033-435c-9a6a-44b45452f64c" testId="ed116d32-6ba7-9bd1-6680-6c13ee07292b" testName="xUnitTestProject.CurrencyHelperTests.FormatToStringTest1000(price: 867.5236648356187, expected: &quot;867.52 zł&quot;)" computerName="DESKTOP-5URQ9PB" duration="00:00:00.0000039" startTime="2022-06-13T21:15:49.3928104+02:00" endTime="2022-06-13T21:15:49.3928105+02:00" testType="13cdc9d9-ddb5-4fa4-a97d-d965ccfc6d4b" outcome="Passed" testListId="8c84fa94-04c1-424b-9868-57a2d4851a1d" relativeResultsDirectory="adea65b9-c033-435c-9a6a-44b45452f64c" />
    <UnitTestResult executionId="40af708c-eb46-4cf1-9770-53c6a5f86678" testId="4c71192e-43b4-c49c-e53a-9e4a0adf6b7e" testName="xUnitTestProject.CurrencyHelperTests.FormatToStringTest1000(price: 34062.88803158276, expected: &quot;34062.89 zł&quot;)" computerName="DESKTOP-5URQ9PB" duration="00:00:00.0000045" startTime="2022-06-13T21:15:49.4554781+02:00" endTime="2022-06-13T21:15:49.4554783+02:00" testType="13cdc9d9-ddb5-4fa4-a97d-d965ccfc6d4b" outcome="Passed" testListId="8c84fa94-04c1-424b-9868-57a2d4851a1d" relativeResultsDirectory="40af708c-eb46-4cf1-9770-53c6a5f86678" />
    <UnitTestResult executionId="422c4fb4-b8ea-480e-8037-a8911683c856" testId="d87ccf8e-ab46-94a5-7597-e2ef80212732" testName="xUnitTestProject.CurrencyHelperTests.FormatToStringTest1000(price: 38076.55319665165, expected: &quot;38076.55 zł&quot;)" computerName="DESKTOP-5URQ9PB" duration="00:00:00.0000039" startTime="2022-06-13T21:15:49.4613539+02:00" endTime="2022-06-13T21:15:49.4613540+02:00" testType="13cdc9d9-ddb5-4fa4-a97d-d965ccfc6d4b" outcome="Passed" testListId="8c84fa94-04c1-424b-9868-57a2d4851a1d" relativeResultsDirectory="422c4fb4-b8ea-480e-8037-a8911683c856" />
    <UnitTestResult executionId="b3e77d7e-72a3-493e-8a36-4c65034d7bc7" testId="281669ef-629b-f1d2-33b2-c7fad7ee0226" testName="xUnitTestProject.CurrencyHelperTests.FormatToStringTest1000(price: 9897.705953436767, expected: &quot;9897.71 zł&quot;)" computerName="DESKTOP-5URQ9PB" duration="00:00:00.0000038" startTime="2022-06-13T21:15:49.4795851+02:00" endTime="2022-06-13T21:15:49.4795852+02:00" testType="13cdc9d9-ddb5-4fa4-a97d-d965ccfc6d4b" outcome="Passed" testListId="8c84fa94-04c1-424b-9868-57a2d4851a1d" relativeResultsDirectory="b3e77d7e-72a3-493e-8a36-4c65034d7bc7" />
    <UnitTestResult executionId="257b635b-dce4-487b-b6a0-fb75977a9277" testId="34bcb15f-3abe-d5c6-acbc-f3d258cf59b6" testName="xUnitTestProject.CurrencyHelperTests.FormatToStringTest1000(price: 79973.08417819678, expected: &quot;79973.08 zł&quot;)" computerName="DESKTOP-5URQ9PB" duration="00:00:00.0000039" startTime="2022-06-13T21:15:49.5037112+02:00" endTime="2022-06-13T21:15:49.5037113+02:00" testType="13cdc9d9-ddb5-4fa4-a97d-d965ccfc6d4b" outcome="Passed" testListId="8c84fa94-04c1-424b-9868-57a2d4851a1d" relativeResultsDirectory="257b635b-dce4-487b-b6a0-fb75977a9277" />
    <UnitTestResult executionId="138da8d3-1336-43eb-8d91-04747af4a4a2" testId="3323ac76-0104-2779-2a9d-3f5ae9693296" testName="xUnitTestProject.CurrencyHelperTests.FormatToStringTest1000(price: 50956.25028206606, expected: &quot;50956.25 zł&quot;)" computerName="DESKTOP-5URQ9PB" duration="00:00:00.0000040" startTime="2022-06-13T21:15:49.4242703+02:00" endTime="2022-06-13T21:15:49.4242704+02:00" testType="13cdc9d9-ddb5-4fa4-a97d-d965ccfc6d4b" outcome="Passed" testListId="8c84fa94-04c1-424b-9868-57a2d4851a1d" relativeResultsDirectory="138da8d3-1336-43eb-8d91-04747af4a4a2" />
    <UnitTestResult executionId="eb8aedd5-8020-4591-962e-af035fc7b966" testId="4d4e339b-9d29-e85f-f9ef-3112de40381f" testName="xUnitTestProject.CurrencyHelperTests.FormatToStringTest1000(price: 27050.586848031067, expected: &quot;27050.59 zł&quot;)" computerName="DESKTOP-5URQ9PB" duration="00:00:00.0000039" startTime="2022-06-13T21:15:49.3927191+02:00" endTime="2022-06-13T21:15:49.3927192+02:00" testType="13cdc9d9-ddb5-4fa4-a97d-d965ccfc6d4b" outcome="Passed" testListId="8c84fa94-04c1-424b-9868-57a2d4851a1d" relativeResultsDirectory="eb8aedd5-8020-4591-962e-af035fc7b966" />
    <UnitTestResult executionId="15d116c6-8eec-4134-a051-95b31b8df14e" testId="731a3faa-831a-30a7-eac4-75c26e15a8d7" testName="xUnitTestProject.CurrencyHelperTests.FormatToStringTest1000(price: 59247.898931587064, expected: &quot;59247.90 zł&quot;)" computerName="DESKTOP-5URQ9PB" duration="00:00:00.0000041" startTime="2022-06-13T21:15:49.4361894+02:00" endTime="2022-06-13T21:15:49.4361898+02:00" testType="13cdc9d9-ddb5-4fa4-a97d-d965ccfc6d4b" outcome="Passed" testListId="8c84fa94-04c1-424b-9868-57a2d4851a1d" relativeResultsDirectory="15d116c6-8eec-4134-a051-95b31b8df14e" />
    <UnitTestResult executionId="1cec55e5-7b5a-4e92-8be3-02cd238a2387" testId="9100d9e1-967e-296d-c07b-a43969fad121" testName="xUnitTestProject.CurrencyHelperTests.FormatToStringTest1000(price: 16901.497392274203, expected: &quot;16901.50 zł&quot;)" computerName="DESKTOP-5URQ9PB" duration="00:00:00.0000040" startTime="2022-06-13T21:15:49.3967860+02:00" endTime="2022-06-13T21:15:49.3967861+02:00" testType="13cdc9d9-ddb5-4fa4-a97d-d965ccfc6d4b" outcome="Passed" testListId="8c84fa94-04c1-424b-9868-57a2d4851a1d" relativeResultsDirectory="1cec55e5-7b5a-4e92-8be3-02cd238a2387" />
    <UnitTestResult executionId="8a2d4297-1dbe-494a-b228-3a3a0d4883de" testId="2151d041-2bc8-f3a7-2b84-0e6fe76ff3f0" testName="xUnitTestProject.CurrencyHelperTests.FormatToStringTest1000(price: 93775.33090185716, expected: &quot;93775.33 zł&quot;)" computerName="DESKTOP-5URQ9PB" duration="00:00:00.0000041" startTime="2022-06-13T21:15:49.4591294+02:00" endTime="2022-06-13T21:15:49.4591298+02:00" testType="13cdc9d9-ddb5-4fa4-a97d-d965ccfc6d4b" outcome="Passed" testListId="8c84fa94-04c1-424b-9868-57a2d4851a1d" relativeResultsDirectory="8a2d4297-1dbe-494a-b228-3a3a0d4883de" />
    <UnitTestResult executionId="c99465ee-fa4c-4523-a441-86082de847b1" testId="5fa53206-edec-8295-28b6-5eb1541e56b6" testName="xUnitTestProject.CurrencyHelperTests.FormatToStringTest1000(price: 16161.963229990548, expected: &quot;16161.96 zł&quot;)" computerName="DESKTOP-5URQ9PB" duration="00:00:00.0000039" startTime="2022-06-13T21:15:49.4251866+02:00" endTime="2022-06-13T21:15:49.4251868+02:00" testType="13cdc9d9-ddb5-4fa4-a97d-d965ccfc6d4b" outcome="Passed" testListId="8c84fa94-04c1-424b-9868-57a2d4851a1d" relativeResultsDirectory="c99465ee-fa4c-4523-a441-86082de847b1" />
    <UnitTestResult executionId="0fc213fa-ae0a-49e3-b957-dfa60cf50b9a" testId="c6561a8d-8639-fb30-9500-15f8be316902" testName="xUnitTestProject.CurrencyHelperTests.FormatToStringTest1000(price: 50009.23881716898, expected: &quot;50009.24 zł&quot;)" computerName="DESKTOP-5URQ9PB" duration="00:00:00.0000076" startTime="2022-06-13T21:15:49.4156766+02:00" endTime="2022-06-13T21:15:49.4156767+02:00" testType="13cdc9d9-ddb5-4fa4-a97d-d965ccfc6d4b" outcome="Passed" testListId="8c84fa94-04c1-424b-9868-57a2d4851a1d" relativeResultsDirectory="0fc213fa-ae0a-49e3-b957-dfa60cf50b9a" />
    <UnitTestResult executionId="e27807a3-2951-402d-a436-64aa540eb8c1" testId="abc33cd0-29a9-07f5-4aa9-4d70e8dec4a4" testName="xUnitTestProject.CurrencyHelperTests.FormatToStringTest1000(price: 32218.080508120394, expected: &quot;32218.08 zł&quot;)" computerName="DESKTOP-5URQ9PB" duration="00:00:00.0000040" startTime="2022-06-13T21:15:49.4185832+02:00" endTime="2022-06-13T21:15:49.4185833+02:00" testType="13cdc9d9-ddb5-4fa4-a97d-d965ccfc6d4b" outcome="Passed" testListId="8c84fa94-04c1-424b-9868-57a2d4851a1d" relativeResultsDirectory="e27807a3-2951-402d-a436-64aa540eb8c1" />
    <UnitTestResult executionId="05c87a19-a341-4cef-ac04-9ff1227a42c2" testId="9f74ffc2-1a7b-4759-a337-57d1812dbf3f" testName="xUnitTestProject.CurrencyHelperTests.FormatToStringTest1000(price: 52032.65082931176, expected: &quot;52032.65 zł&quot;)" computerName="DESKTOP-5URQ9PB" duration="00:00:00.0000040" startTime="2022-06-13T21:15:49.4313212+02:00" endTime="2022-06-13T21:15:49.4313214+02:00" testType="13cdc9d9-ddb5-4fa4-a97d-d965ccfc6d4b" outcome="Passed" testListId="8c84fa94-04c1-424b-9868-57a2d4851a1d" relativeResultsDirectory="05c87a19-a341-4cef-ac04-9ff1227a42c2" />
    <UnitTestResult executionId="b13b39d6-d307-45eb-ac21-94b943de6a7a" testId="c0622c05-a365-df5b-d83a-27dce2d844ee" testName="xUnitTestProject.CurrencyHelperTests.FormatToStringTest1000(price: 23980.12943509646, expected: &quot;23980.13 zł&quot;)" computerName="DESKTOP-5URQ9PB" duration="00:00:00.0000041" startTime="2022-06-13T21:15:49.4413177+02:00" endTime="2022-06-13T21:15:49.4413179+02:00" testType="13cdc9d9-ddb5-4fa4-a97d-d965ccfc6d4b" outcome="Passed" testListId="8c84fa94-04c1-424b-9868-57a2d4851a1d" relativeResultsDirectory="b13b39d6-d307-45eb-ac21-94b943de6a7a" />
    <UnitTestResult executionId="8fc076e2-7b04-4b3e-a2e6-de6658482cb7" testId="c15129d5-d936-d35a-141a-341775ad7af1" testName="xUnitTestProject.CurrencyHelperTests.FormatToStringTest1000(price: 14867.726341984107, expected: &quot;14867.73 zł&quot;)" computerName="DESKTOP-5URQ9PB" duration="00:00:00.0000040" startTime="2022-06-13T21:15:49.4383575+02:00" endTime="2022-06-13T21:15:49.4383576+02:00" testType="13cdc9d9-ddb5-4fa4-a97d-d965ccfc6d4b" outcome="Passed" testListId="8c84fa94-04c1-424b-9868-57a2d4851a1d" relativeResultsDirectory="8fc076e2-7b04-4b3e-a2e6-de6658482cb7" />
    <UnitTestResult executionId="fb3e60a4-453a-4ea7-aa74-c7caa2ec5474" testId="13bfc4cd-00bc-fb12-3861-f69dc4145d67" testName="xUnitTestProject.CurrencyHelperTests.FormatToStringTest1000(price: 2929.267390865026, expected: &quot;2929.27 zł&quot;)" computerName="DESKTOP-5URQ9PB" duration="00:00:00.0000039" startTime="2022-06-13T21:15:49.4474566+02:00" endTime="2022-06-13T21:15:49.4474568+02:00" testType="13cdc9d9-ddb5-4fa4-a97d-d965ccfc6d4b" outcome="Passed" testListId="8c84fa94-04c1-424b-9868-57a2d4851a1d" relativeResultsDirectory="fb3e60a4-453a-4ea7-aa74-c7caa2ec5474" />
    <UnitTestResult executionId="4d7a58b2-0e48-4ed7-b964-4d6da37889de" testId="a9271829-fbf1-47a3-aed7-368db58e22e7" testName="xUnitTestProject.CurrencyHelperTests.FormatToStringTest1000(price: 635.3263313632116, expected: &quot;635.33 zł&quot;)" computerName="DESKTOP-5URQ9PB" duration="00:00:00.0000038" startTime="2022-06-13T21:15:49.4504839+02:00" endTime="2022-06-13T21:15:49.4504841+02:00" testType="13cdc9d9-ddb5-4fa4-a97d-d965ccfc6d4b" outcome="Passed" testListId="8c84fa94-04c1-424b-9868-57a2d4851a1d" relativeResultsDirectory="4d7a58b2-0e48-4ed7-b964-4d6da37889de" />
    <UnitTestResult executionId="69df79e2-a3e2-426a-9f49-44fadd305f5b" testId="a79fd14a-da4c-bcf0-0f87-a480851cd28d" testName="xUnitTestProject.CurrencyHelperTests.FormatToStringTest1000(price: 2435.1995505835857, expected: &quot;2435.20 zł&quot;)" computerName="DESKTOP-5URQ9PB" duration="00:00:00.0000040" startTime="2022-06-13T21:15:49.4768050+02:00" endTime="2022-06-13T21:15:49.4768051+02:00" testType="13cdc9d9-ddb5-4fa4-a97d-d965ccfc6d4b" outcome="Passed" testListId="8c84fa94-04c1-424b-9868-57a2d4851a1d" relativeResultsDirectory="69df79e2-a3e2-426a-9f49-44fadd305f5b" />
    <UnitTestResult executionId="ef387b10-d68b-47d5-93cf-b71e86a46008" testId="fb80c2cc-1ba4-25ca-1501-33134270fed0" testName="xUnitTestProject.CurrencyHelperTests.FormatToStringTest1000(price: 32863.31705269558, expected: &quot;32863.32 zł&quot;)" computerName="DESKTOP-5URQ9PB" duration="00:00:00.0000040" startTime="2022-06-13T21:15:49.3946167+02:00" endTime="2022-06-13T21:15:49.3946171+02:00" testType="13cdc9d9-ddb5-4fa4-a97d-d965ccfc6d4b" outcome="Passed" testListId="8c84fa94-04c1-424b-9868-57a2d4851a1d" relativeResultsDirectory="ef387b10-d68b-47d5-93cf-b71e86a46008" />
    <UnitTestResult executionId="4427834c-6076-45a9-a839-6010ea449c02" testId="73d2aaa8-ac83-ede5-fed4-5dcf1194783f" testName="xUnitTestProject.CurrencyHelperTests.FormatToStringTest1000(price: 12283.48626129026, expected: &quot;12283.49 zł&quot;)" computerName="DESKTOP-5URQ9PB" duration="00:00:00.0000039" startTime="2022-06-13T21:15:49.4572962+02:00" endTime="2022-06-13T21:15:49.4572963+02:00" testType="13cdc9d9-ddb5-4fa4-a97d-d965ccfc6d4b" outcome="Passed" testListId="8c84fa94-04c1-424b-9868-57a2d4851a1d" relativeResultsDirectory="4427834c-6076-45a9-a839-6010ea449c02" />
    <UnitTestResult executionId="b5f62911-2641-4ad2-8423-e6b1b55c3d98" testId="f9dc9c7a-bf0e-4c02-1f2d-1fd4e69c7538" testName="xUnitTestProject.CurrencyHelperTests.FormatToStringTest1000(price: 1474.699818629166, expected: &quot;1474.70 zł&quot;)" computerName="DESKTOP-5URQ9PB" duration="00:00:00.0000039" startTime="2022-06-13T21:15:49.4303252+02:00" endTime="2022-06-13T21:15:49.4303253+02:00" testType="13cdc9d9-ddb5-4fa4-a97d-d965ccfc6d4b" outcome="Passed" testListId="8c84fa94-04c1-424b-9868-57a2d4851a1d" relativeResultsDirectory="b5f62911-2641-4ad2-8423-e6b1b55c3d98" />
    <UnitTestResult executionId="cfeebed6-b3a7-452f-819c-78a06ac77f9d" testId="2732f008-e7e8-d754-7384-c116f008d613" testName="xUnitTestProject.CurrencyHelperTests.FormatToStringTest1000(price: 1687.5965557361937, expected: &quot;1687.60 zł&quot;)" computerName="DESKTOP-5URQ9PB" duration="00:00:00.0000040" startTime="2022-06-13T21:15:49.4689443+02:00" endTime="2022-06-13T21:15:49.4689444+02:00" testType="13cdc9d9-ddb5-4fa4-a97d-d965ccfc6d4b" outcome="Passed" testListId="8c84fa94-04c1-424b-9868-57a2d4851a1d" relativeResultsDirectory="cfeebed6-b3a7-452f-819c-78a06ac77f9d" />
    <UnitTestResult executionId="ecdde2ec-7829-442e-8c57-0030d8cca6e4" testId="4c68b106-0b95-e518-2e9e-d72489df9e7e" testName="xUnitTestProject.CurrencyHelperTests.FormatToStringTest1000(price: 55010.474927814896, expected: &quot;55010.47 zł&quot;)" computerName="DESKTOP-5URQ9PB" duration="00:00:00.0000039" startTime="2022-06-13T21:15:49.4910942+02:00" endTime="2022-06-13T21:15:49.4910945+02:00" testType="13cdc9d9-ddb5-4fa4-a97d-d965ccfc6d4b" outcome="Passed" testListId="8c84fa94-04c1-424b-9868-57a2d4851a1d" relativeResultsDirectory="ecdde2ec-7829-442e-8c57-0030d8cca6e4" />
    <UnitTestResult executionId="699d4306-335a-4922-9ef7-da30e8b1bc69" testId="a61390b2-0ec7-4d98-e7ed-b8eba6ac247d" testName="xUnitTestProject.CurrencyHelperTests.FormatToStringTest1000(price: 34084.19497795599, expected: &quot;34084.19 zł&quot;)" computerName="DESKTOP-5URQ9PB" duration="00:00:00.0000039" startTime="2022-06-13T21:15:49.5017163+02:00" endTime="2022-06-13T21:15:49.5017164+02:00" testType="13cdc9d9-ddb5-4fa4-a97d-d965ccfc6d4b" outcome="Passed" testListId="8c84fa94-04c1-424b-9868-57a2d4851a1d" relativeResultsDirectory="699d4306-335a-4922-9ef7-da30e8b1bc69" />
    <UnitTestResult executionId="5b3aa7d7-8edc-4241-8db1-84a07de5cf30" testId="7f9e1a03-9e41-8ac9-4d40-38aecad4670f" testName="xUnitTestProject.CurrencyHelperTests.FormatToStringTest1000(price: 15624.452361264477, expected: &quot;15624.45 zł&quot;)" computerName="DESKTOP-5URQ9PB" duration="00:00:00.0000047" startTime="2022-06-13T21:15:49.4912191+02:00" endTime="2022-06-13T21:15:49.4912193+02:00" testType="13cdc9d9-ddb5-4fa4-a97d-d965ccfc6d4b" outcome="Passed" testListId="8c84fa94-04c1-424b-9868-57a2d4851a1d" relativeResultsDirectory="5b3aa7d7-8edc-4241-8db1-84a07de5cf30" />
    <UnitTestResult executionId="0416dee4-6d19-4b4b-bd7a-33e994b34cbe" testId="273a20e0-541a-4005-532d-de3663197643" testName="xUnitTestProject.CurrencyHelperTests.FormatToStringTest1000(price: 3341.8351759444154, expected: &quot;3341.84 zł&quot;)" computerName="DESKTOP-5URQ9PB" duration="00:00:00.0000038" startTime="2022-06-13T21:15:49.5037416+02:00" endTime="2022-06-13T21:15:49.5037417+02:00" testType="13cdc9d9-ddb5-4fa4-a97d-d965ccfc6d4b" outcome="Passed" testListId="8c84fa94-04c1-424b-9868-57a2d4851a1d" relativeResultsDirectory="0416dee4-6d19-4b4b-bd7a-33e994b34cbe" />
    <UnitTestResult executionId="379b8ab1-4deb-49e8-8cd2-1a8f37c95932" testId="8181cd4b-8454-73ed-8ced-01a1dc2b25c3" testName="xUnitTestProject.CurrencyHelperTests.FormatToStringTest1000(price: 13286.856387228174, expected: &quot;13286.86 zł&quot;)" computerName="DESKTOP-5URQ9PB" duration="00:00:00.0000039" startTime="2022-06-13T21:15:49.5045601+02:00" endTime="2022-06-13T21:15:49.5045604+02:00" testType="13cdc9d9-ddb5-4fa4-a97d-d965ccfc6d4b" outcome="Passed" testListId="8c84fa94-04c1-424b-9868-57a2d4851a1d" relativeResultsDirectory="379b8ab1-4deb-49e8-8cd2-1a8f37c95932" />
    <UnitTestResult executionId="d186a849-e484-4200-8acc-1a2e9c360b79" testId="744b047e-9ee3-164d-c478-0183e3fd850c" testName="xUnitTestProject.CurrencyHelperTests.FormatToStringTest1000(price: 12610.563163818122, expected: &quot;12610.56 zł&quot;)" computerName="DESKTOP-5URQ9PB" duration="00:00:00.0000039" startTime="2022-06-13T21:15:49.4642919+02:00" endTime="2022-06-13T21:15:49.4642920+02:00" testType="13cdc9d9-ddb5-4fa4-a97d-d965ccfc6d4b" outcome="Passed" testListId="8c84fa94-04c1-424b-9868-57a2d4851a1d" relativeResultsDirectory="d186a849-e484-4200-8acc-1a2e9c360b79" />
    <UnitTestResult executionId="57836e45-71a0-4bc2-b405-4c4b8497436c" testId="a50452b0-19e4-73e9-85e6-be9ac505f00e" testName="xUnitTestProject.CurrencyHelperTests.FormatToStringTest1000(price: 15190.097283723344, expected: &quot;15190.10 zł&quot;)" computerName="DESKTOP-5URQ9PB" duration="00:00:00.0000041" startTime="2022-06-13T21:15:49.3948026+02:00" endTime="2022-06-13T21:15:49.3948027+02:00" testType="13cdc9d9-ddb5-4fa4-a97d-d965ccfc6d4b" outcome="Passed" testListId="8c84fa94-04c1-424b-9868-57a2d4851a1d" relativeResultsDirectory="57836e45-71a0-4bc2-b405-4c4b8497436c" />
    <UnitTestResult executionId="e0e813c6-0107-4286-9677-e67b36f85d23" testId="77cb819c-64b0-1e13-63d3-0049263e7e77" testName="xUnitTestProject.CurrencyHelperTests.FormatToStringTest1000(price: 39146.635743126564, expected: &quot;39146.64 zł&quot;)" computerName="DESKTOP-5URQ9PB" duration="00:00:00.0000041" startTime="2022-06-13T21:15:49.4213515+02:00" endTime="2022-06-13T21:15:49.4213516+02:00" testType="13cdc9d9-ddb5-4fa4-a97d-d965ccfc6d4b" outcome="Passed" testListId="8c84fa94-04c1-424b-9868-57a2d4851a1d" relativeResultsDirectory="e0e813c6-0107-4286-9677-e67b36f85d23" />
    <UnitTestResult executionId="8a789f1b-bc7e-4e6d-ae13-1ea68fce92d7" testId="71259de5-a991-d68a-74b6-6304befba6d8" testName="xUnitTestProject.CurrencyHelperTests.FormatToStringTest1000(price: 52481.07276821932, expected: &quot;52481.07 zł&quot;)" computerName="DESKTOP-5URQ9PB" duration="00:00:00.0000039" startTime="2022-06-13T21:15:49.4081990+02:00" endTime="2022-06-13T21:15:49.4081992+02:00" testType="13cdc9d9-ddb5-4fa4-a97d-d965ccfc6d4b" outcome="Passed" testListId="8c84fa94-04c1-424b-9868-57a2d4851a1d" relativeResultsDirectory="8a789f1b-bc7e-4e6d-ae13-1ea68fce92d7" />
    <UnitTestResult executionId="cfa43e16-d27a-496d-ad44-4a2b263a3f09" testId="6cb3c27b-61db-68ea-03a1-16fad20636e6" testName="xUnitTestProject.CurrencyHelperTests.FormatToStringTest1000(price: 12759.925747307914, expected: &quot;12759.93 zł&quot;)" computerName="DESKTOP-5URQ9PB" duration="00:00:00.0000039" startTime="2022-06-13T21:15:49.4844834+02:00" endTime="2022-06-13T21:15:49.4844835+02:00" testType="13cdc9d9-ddb5-4fa4-a97d-d965ccfc6d4b" outcome="Passed" testListId="8c84fa94-04c1-424b-9868-57a2d4851a1d" relativeResultsDirectory="cfa43e16-d27a-496d-ad44-4a2b263a3f09" />
    <UnitTestResult executionId="393174cc-79fc-4654-b22a-ca7ebcb70594" testId="c1399a21-a8d4-fd2f-1879-d9e50a5fe1b4" testName="xUnitTestProject.CurrencyHelperTests.FormatToStringTest1000(price: 73477.18206926118, expected: &quot;73477.18 zł&quot;)" computerName="DESKTOP-5URQ9PB" duration="00:00:00.0000040" startTime="2022-06-13T21:15:49.4872714+02:00" endTime="2022-06-13T21:15:49.4872715+02:00" testType="13cdc9d9-ddb5-4fa4-a97d-d965ccfc6d4b" outcome="Passed" testListId="8c84fa94-04c1-424b-9868-57a2d4851a1d" relativeResultsDirectory="393174cc-79fc-4654-b22a-ca7ebcb70594" />
    <UnitTestResult executionId="b84427a4-d642-4b4a-904f-bd96d9a9d09e" testId="5c121ce3-0aab-ab5b-cce0-b7a13bf9bb3a" testName="xUnitTestProject.CurrencyHelperTests.FormatToStringTest1000(price: 7951.322730072458, expected: &quot;7951.32 zł&quot;)" computerName="DESKTOP-5URQ9PB" duration="00:00:00.0000039" startTime="2022-06-13T21:15:49.4825312+02:00" endTime="2022-06-13T21:15:49.4825314+02:00" testType="13cdc9d9-ddb5-4fa4-a97d-d965ccfc6d4b" outcome="Passed" testListId="8c84fa94-04c1-424b-9868-57a2d4851a1d" relativeResultsDirectory="b84427a4-d642-4b4a-904f-bd96d9a9d09e" />
    <UnitTestResult executionId="b0ce3554-9c4d-487a-94ff-bdd5698d6f4b" testId="d907dab2-a0b3-0153-e7e4-4d342798a47e" testName="xUnitTestProject.CurrencyHelperTests.FormatToStringTest1000(price: 19189.32381924117, expected: &quot;19189.32 zł&quot;)" computerName="DESKTOP-5URQ9PB" duration="00:00:00.0000041" startTime="2022-06-13T21:15:49.4630907+02:00" endTime="2022-06-13T21:15:49.4630911+02:00" testType="13cdc9d9-ddb5-4fa4-a97d-d965ccfc6d4b" outcome="Passed" testListId="8c84fa94-04c1-424b-9868-57a2d4851a1d" relativeResultsDirectory="b0ce3554-9c4d-487a-94ff-bdd5698d6f4b" />
    <UnitTestResult executionId="0e6c6cc1-9937-4806-9c1d-4af27fe1323f" testId="613b2ffe-17c7-a1b7-9417-e8c0c951aa41" testName="xUnitTestProject.CurrencyHelperTests.FormatToStringTest1000(price: 1739.5853778997368, expected: &quot;1739.59 zł&quot;)" computerName="DESKTOP-5URQ9PB" duration="00:00:00.0000039" startTime="2022-06-13T21:15:49.4395856+02:00" endTime="2022-06-13T21:15:49.4395858+02:00" testType="13cdc9d9-ddb5-4fa4-a97d-d965ccfc6d4b" outcome="Passed" testListId="8c84fa94-04c1-424b-9868-57a2d4851a1d" relativeResultsDirectory="0e6c6cc1-9937-4806-9c1d-4af27fe1323f" />
    <UnitTestResult executionId="96e0fe9d-1efa-4746-9902-bc875f7f58f1" testId="33b74559-764f-421e-252d-cd475c561f9a" testName="xUnitTestProject.CurrencyHelperTests.FormatToStringTest1000(price: 4715.320654313695, expected: &quot;4715.32 zł&quot;)" computerName="DESKTOP-5URQ9PB" duration="00:00:00.0000041" startTime="2022-06-13T21:15:49.4157368+02:00" endTime="2022-06-13T21:15:49.4157369+02:00" testType="13cdc9d9-ddb5-4fa4-a97d-d965ccfc6d4b" outcome="Passed" testListId="8c84fa94-04c1-424b-9868-57a2d4851a1d" relativeResultsDirectory="96e0fe9d-1efa-4746-9902-bc875f7f58f1" />
    <UnitTestResult executionId="50fb6d1c-1913-4664-854b-1d779151d220" testId="05d3ca05-7d6a-4ccb-9500-bddd30f80ece" testName="xUnitTestProject.CurrencyHelperTests.FormatToStringTest1000(price: 8499.121443388574, expected: &quot;8499.12 zł&quot;)" computerName="DESKTOP-5URQ9PB" duration="00:00:00.0000038" startTime="2022-06-13T21:15:49.4203181+02:00" endTime="2022-06-13T21:15:49.4203182+02:00" testType="13cdc9d9-ddb5-4fa4-a97d-d965ccfc6d4b" outcome="Passed" testListId="8c84fa94-04c1-424b-9868-57a2d4851a1d" relativeResultsDirectory="50fb6d1c-1913-4664-854b-1d779151d220" />
    <UnitTestResult executionId="facca46e-a9f3-4a05-91f6-cb429c153eb0" testId="3f543d31-d892-849e-9693-7ae2624b2c94" testName="xUnitTestProject.CurrencyHelperTests.FormatToStringTest1000(price: 33413.381276228174, expected: &quot;33413.38 zł&quot;)" computerName="DESKTOP-5URQ9PB" duration="00:00:00.0000045" startTime="2022-06-13T21:15:49.4112389+02:00" endTime="2022-06-13T21:15:49.4112390+02:00" testType="13cdc9d9-ddb5-4fa4-a97d-d965ccfc6d4b" outcome="Passed" testListId="8c84fa94-04c1-424b-9868-57a2d4851a1d" relativeResultsDirectory="facca46e-a9f3-4a05-91f6-cb429c153eb0" />
    <UnitTestResult executionId="582ef8ad-9c30-45cb-872f-a8a805ed64bf" testId="8034b7ee-c5e3-314c-6310-8984871301b7" testName="xUnitTestProject.CurrencyHelperTests.FormatToStringTest1000(price: 7458.609645228652, expected: &quot;7458.61 zł&quot;)" computerName="DESKTOP-5URQ9PB" duration="00:00:00.0000039" startTime="2022-06-13T21:15:49.4652253+02:00" endTime="2022-06-13T21:15:49.4652254+02:00" testType="13cdc9d9-ddb5-4fa4-a97d-d965ccfc6d4b" outcome="Passed" testListId="8c84fa94-04c1-424b-9868-57a2d4851a1d" relativeResultsDirectory="582ef8ad-9c30-45cb-872f-a8a805ed64bf" />
    <UnitTestResult executionId="246ce3c7-422d-4cfd-aeae-e792836e8c54" testId="37c7194c-1f0b-dee3-2e3b-dc795a15cffb" testName="xUnitTestProject.CurrencyHelperTests.FormatToStringTest1000(price: 13206.129467931636, expected: &quot;13206.13 zł&quot;)" computerName="DESKTOP-5URQ9PB" duration="00:00:00.0000039" startTime="2022-06-13T21:15:49.4640472+02:00" endTime="2022-06-13T21:15:49.4640476+02:00" testType="13cdc9d9-ddb5-4fa4-a97d-d965ccfc6d4b" outcome="Passed" testListId="8c84fa94-04c1-424b-9868-57a2d4851a1d" relativeResultsDirectory="246ce3c7-422d-4cfd-aeae-e792836e8c54" />
    <UnitTestResult executionId="424f284f-2658-4e8e-a9f5-75c247b938d0" testId="17e8adfe-3d5e-8417-3ca9-9ea065f0229b" testName="xUnitTestProject.CurrencyHelperTests.FormatToStringTest1000(price: 49672.98901987402, expected: &quot;49672.99 zł&quot;)" computerName="DESKTOP-5URQ9PB" duration="00:00:00.0000050" startTime="2022-06-13T21:15:49.4453909+02:00" endTime="2022-06-13T21:15:49.4453911+02:00" testType="13cdc9d9-ddb5-4fa4-a97d-d965ccfc6d4b" outcome="Passed" testListId="8c84fa94-04c1-424b-9868-57a2d4851a1d" relativeResultsDirectory="424f284f-2658-4e8e-a9f5-75c247b938d0" />
    <UnitTestResult executionId="949af680-4a4a-4887-8338-7c8c09242da6" testId="0514bc2b-5cc4-a04d-717a-fd9efa22f04a" testName="xUnitTestProject.CurrencyHelperTests.FormatToStringTest1000(price: 80609.94377465078, expected: &quot;80609.94 zł&quot;)" computerName="DESKTOP-5URQ9PB" duration="00:00:00.0000041" startTime="2022-06-13T21:15:49.4533936+02:00" endTime="2022-06-13T21:15:49.4533937+02:00" testType="13cdc9d9-ddb5-4fa4-a97d-d965ccfc6d4b" outcome="Passed" testListId="8c84fa94-04c1-424b-9868-57a2d4851a1d" relativeResultsDirectory="949af680-4a4a-4887-8338-7c8c09242da6" />
    <UnitTestResult executionId="b585659a-1676-4b93-8481-2c08af51c200" testId="5bb9d818-e2ff-58b7-df0a-941461adb800" testName="xUnitTestProject.CurrencyHelperTests.FormatToStringTest1000(price: 5548.360986085777, expected: &quot;5548.36 zł&quot;)" computerName="DESKTOP-5URQ9PB" duration="00:00:00.0000041" startTime="2022-06-13T21:15:49.3906014+02:00" endTime="2022-06-13T21:15:49.3906015+02:00" testType="13cdc9d9-ddb5-4fa4-a97d-d965ccfc6d4b" outcome="Passed" testListId="8c84fa94-04c1-424b-9868-57a2d4851a1d" relativeResultsDirectory="b585659a-1676-4b93-8481-2c08af51c200" />
    <UnitTestResult executionId="c3fb5020-1c2f-4a92-89d5-193a3b4f0ea2" testId="9ee4d82e-bba5-9c6c-1803-31366568eb6e" testName="xUnitTestProject.CurrencyHelperTests.FormatToStringTest1000(price: 68698.01923441609, expected: &quot;68698.02 zł&quot;)" computerName="DESKTOP-5URQ9PB" duration="00:00:00.0000046" startTime="2022-06-13T21:15:49.4699354+02:00" endTime="2022-06-13T21:15:49.4699356+02:00" testType="13cdc9d9-ddb5-4fa4-a97d-d965ccfc6d4b" outcome="Passed" testListId="8c84fa94-04c1-424b-9868-57a2d4851a1d" relativeResultsDirectory="c3fb5020-1c2f-4a92-89d5-193a3b4f0ea2" />
    <UnitTestResult executionId="6b63a299-c631-449f-a3dd-667a6cfc6b34" testId="11e8e2ed-c8a3-dabc-7293-c381795c9796" testName="xUnitTestProject.CurrencyHelperTests.FormatToStringTest1000(price: 46590.9609819562, expected: &quot;46590.96 zł&quot;)" computerName="DESKTOP-5URQ9PB" duration="00:00:00.0000038" startTime="2022-06-13T21:15:49.4601899+02:00" endTime="2022-06-13T21:15:49.4601903+02:00" testType="13cdc9d9-ddb5-4fa4-a97d-d965ccfc6d4b" outcome="Passed" testListId="8c84fa94-04c1-424b-9868-57a2d4851a1d" relativeResultsDirectory="6b63a299-c631-449f-a3dd-667a6cfc6b34" />
    <UnitTestResult executionId="f6662a5e-19b6-4ce2-8d3a-41a62fe9d5b0" testId="2194158b-3f8a-54e0-368a-945d72c0c309" testName="xUnitTestProject.CurrencyHelperTests.FormatToStringTest1000(price: 7182.939759099362, expected: &quot;7182.94 zł&quot;)" computerName="DESKTOP-5URQ9PB" duration="00:00:00.0000045" startTime="2022-06-13T21:15:49.4775876+02:00" endTime="2022-06-13T21:15:49.4775880+02:00" testType="13cdc9d9-ddb5-4fa4-a97d-d965ccfc6d4b" outcome="Passed" testListId="8c84fa94-04c1-424b-9868-57a2d4851a1d" relativeResultsDirectory="f6662a5e-19b6-4ce2-8d3a-41a62fe9d5b0" />
    <UnitTestResult executionId="c7ec3141-c896-4a30-86fe-1a176bf13356" testId="21c8abf8-9b6f-d71c-0d26-379759e20f24" testName="xUnitTestProject.CurrencyHelperTests.FormatToStringTest1000(price: 64124.274503948756, expected: &quot;64124.27 zł&quot;)" computerName="DESKTOP-5URQ9PB" duration="00:00:00.0000039" startTime="2022-06-13T21:15:49.4394189+02:00" endTime="2022-06-13T21:15:49.4394191+02:00" testType="13cdc9d9-ddb5-4fa4-a97d-d965ccfc6d4b" outcome="Passed" testListId="8c84fa94-04c1-424b-9868-57a2d4851a1d" relativeResultsDirectory="c7ec3141-c896-4a30-86fe-1a176bf13356" />
    <UnitTestResult executionId="952aa4f6-c5f5-444f-914b-aba54bf40d70" testId="b5a6747d-aa6b-3b3a-779c-c378aea09cd8" testName="xUnitTestProject.CurrencyHelperTests.FormatToStringTest1000(price: 782.6578288817116, expected: &quot;782.66 zł&quot;)" computerName="DESKTOP-5URQ9PB" duration="00:00:00.0000039" startTime="2022-06-13T21:15:49.4891848+02:00" endTime="2022-06-13T21:15:49.4891850+02:00" testType="13cdc9d9-ddb5-4fa4-a97d-d965ccfc6d4b" outcome="Passed" testListId="8c84fa94-04c1-424b-9868-57a2d4851a1d" relativeResultsDirectory="952aa4f6-c5f5-444f-914b-aba54bf40d70" />
    <UnitTestResult executionId="bf93720d-215a-4610-8b50-cb2ecdea820a" testId="1d4cd445-caf0-beba-56bf-67413439f9ab" testName="xUnitTestProject.CurrencyHelperTests.FormatToStringTest1000(price: 3043.6828298227315, expected: &quot;3043.68 zł&quot;)" computerName="DESKTOP-5URQ9PB" duration="00:00:00.0000041" startTime="2022-06-13T21:15:49.4021265+02:00" endTime="2022-06-13T21:15:49.4021267+02:00" testType="13cdc9d9-ddb5-4fa4-a97d-d965ccfc6d4b" outcome="Passed" testListId="8c84fa94-04c1-424b-9868-57a2d4851a1d" relativeResultsDirectory="bf93720d-215a-4610-8b50-cb2ecdea820a" />
    <UnitTestResult executionId="995ccd1c-0f95-460f-a665-8f1dbfd6bba2" testId="313d194a-30d0-d3d5-cf7b-c5a66b6b3935" testName="xUnitTestProject.CurrencyHelperTests.FormatToStringTest1000(price: 9994.9471861026, expected: &quot;9994.95 zł&quot;)" computerName="DESKTOP-5URQ9PB" duration="00:00:00.0000038" startTime="2022-06-13T21:15:49.4623144+02:00" endTime="2022-06-13T21:15:49.4623146+02:00" testType="13cdc9d9-ddb5-4fa4-a97d-d965ccfc6d4b" outcome="Passed" testListId="8c84fa94-04c1-424b-9868-57a2d4851a1d" relativeResultsDirectory="995ccd1c-0f95-460f-a665-8f1dbfd6bba2" />
    <UnitTestResult executionId="060eed3f-3486-4652-aa87-f1472838d691" testId="5b94edbf-3c78-7105-4ec5-f34d39e55c58" testName="xUnitTestProject.CurrencyHelperTests.FormatToStringTest1000(price: 25288.32036814574, expected: &quot;25288.32 zł&quot;)" computerName="DESKTOP-5URQ9PB" duration="00:00:00.0000041" startTime="2022-06-13T21:15:49.3927805+02:00" endTime="2022-06-13T21:15:49.3927806+02:00" testType="13cdc9d9-ddb5-4fa4-a97d-d965ccfc6d4b" outcome="Passed" testListId="8c84fa94-04c1-424b-9868-57a2d4851a1d" relativeResultsDirectory="060eed3f-3486-4652-aa87-f1472838d691" />
    <UnitTestResult executionId="3b8463dc-9370-4e0c-8d89-04cc5fee4fa9" testId="63140182-f7a2-6346-fbd9-3f80901df2c9" testName="xUnitTestProject.CurrencyHelperTests.FormatToStringTest1000(price: 545.7016866634142, expected: &quot;545.70 zł&quot;)" computerName="DESKTOP-5URQ9PB" duration="00:00:00.0000039" startTime="2022-06-13T21:15:49.4050237+02:00" endTime="2022-06-13T21:15:49.4050239+02:00" testType="13cdc9d9-ddb5-4fa4-a97d-d965ccfc6d4b" outcome="Passed" testListId="8c84fa94-04c1-424b-9868-57a2d4851a1d" relativeResultsDirectory="3b8463dc-9370-4e0c-8d89-04cc5fee4fa9" />
    <UnitTestResult executionId="71d573fa-0480-4183-b5e7-ae95fd916197" testId="799374f9-c088-e602-bce1-d22bf769b783" testName="xUnitTestProject.CurrencyHelperTests.FormatToStringTest1000(price: 16511.26921423537, expected: &quot;16511.27 zł&quot;)" computerName="DESKTOP-5URQ9PB" duration="00:00:00.0000039" startTime="2022-06-13T21:15:49.4603149+02:00" endTime="2022-06-13T21:15:49.4603150+02:00" testType="13cdc9d9-ddb5-4fa4-a97d-d965ccfc6d4b" outcome="Passed" testListId="8c84fa94-04c1-424b-9868-57a2d4851a1d" relativeResultsDirectory="71d573fa-0480-4183-b5e7-ae95fd916197" />
    <UnitTestResult executionId="ff7fc291-75a6-4f96-acc4-24bbed865ecf" testId="1cdc361a-ffee-1052-df8d-ab7786ba69bf" testName="xUnitTestProject.CurrencyHelperTests.FormatToStringTest1000(price: 55782.67998761762, expected: &quot;55782.68 zł&quot;)" computerName="DESKTOP-5URQ9PB" duration="00:00:00.0000041" startTime="2022-06-13T21:15:49.4911893+02:00" endTime="2022-06-13T21:15:49.4911894+02:00" testType="13cdc9d9-ddb5-4fa4-a97d-d965ccfc6d4b" outcome="Passed" testListId="8c84fa94-04c1-424b-9868-57a2d4851a1d" relativeResultsDirectory="ff7fc291-75a6-4f96-acc4-24bbed865ecf" />
    <UnitTestResult executionId="7562d232-df0a-4a2d-a004-8b184a8c46b4" testId="bcd74692-fcc7-2c4c-b52b-85aae8ab43ad" testName="xUnitTestProject.CurrencyHelperTests.FormatToStringTest1000(price: 7119.076353227755, expected: &quot;7119.08 zł&quot;)" computerName="DESKTOP-5URQ9PB" duration="00:00:00.0000038" startTime="2022-06-13T21:15:49.4960644+02:00" endTime="2022-06-13T21:15:49.4960645+02:00" testType="13cdc9d9-ddb5-4fa4-a97d-d965ccfc6d4b" outcome="Passed" testListId="8c84fa94-04c1-424b-9868-57a2d4851a1d" relativeResultsDirectory="7562d232-df0a-4a2d-a004-8b184a8c46b4" />
    <UnitTestResult executionId="8acee51a-4d62-4631-af5e-1d5af294010e" testId="13946824-77dd-557e-ea95-b0f908b787b1" testName="xUnitTestProject.CurrencyHelperTests.FormatToStringTest1000(price: 25882.451101077, expected: &quot;25882.45 zł&quot;)" computerName="DESKTOP-5URQ9PB" duration="00:00:00.0000039" startTime="2022-06-13T21:15:49.4091379+02:00" endTime="2022-06-13T21:15:49.4091383+02:00" testType="13cdc9d9-ddb5-4fa4-a97d-d965ccfc6d4b" outcome="Passed" testListId="8c84fa94-04c1-424b-9868-57a2d4851a1d" relativeResultsDirectory="8acee51a-4d62-4631-af5e-1d5af294010e" />
    <UnitTestResult executionId="43a28e5a-5a2f-47b2-a015-0318a3402b9a" testId="9764b852-f92a-9e33-a48d-5ba73babe5d1" testName="xUnitTestProject.CurrencyHelperTests.FormatToStringTest1000(price: 24024.14691439557, expected: &quot;24024.15 zł&quot;)" computerName="DESKTOP-5URQ9PB" duration="00:00:00.0000040" startTime="2022-06-13T21:15:49.4103888+02:00" endTime="2022-06-13T21:15:49.4103889+02:00" testType="13cdc9d9-ddb5-4fa4-a97d-d965ccfc6d4b" outcome="Passed" testListId="8c84fa94-04c1-424b-9868-57a2d4851a1d" relativeResultsDirectory="43a28e5a-5a2f-47b2-a015-0318a3402b9a" />
    <UnitTestResult executionId="de9b8d08-c5f9-42ce-b3a9-7da894347985" testId="ecb76390-c6f7-bfa0-1a99-45634c606ddc" testName="xUnitTestProject.CurrencyHelperTests.FormatToStringTest1000(price: 35248.53555717996, expected: &quot;35248.54 zł&quot;)" computerName="DESKTOP-5URQ9PB" duration="00:00:00.0000040" startTime="2022-06-13T21:15:49.4049895+02:00" endTime="2022-06-13T21:15:49.4049902+02:00" testType="13cdc9d9-ddb5-4fa4-a97d-d965ccfc6d4b" outcome="Passed" testListId="8c84fa94-04c1-424b-9868-57a2d4851a1d" relativeResultsDirectory="de9b8d08-c5f9-42ce-b3a9-7da894347985" />
    <UnitTestResult executionId="dab7b3cf-986a-44d7-b888-f257aca1a938" testId="f8894dae-c947-7fce-9d72-6693c21ad4f8" testName="xUnitTestProject.CurrencyHelperTests.FormatToStringTest1000(price: 65963.39932440939, expected: &quot;65963.40 zł&quot;)" computerName="DESKTOP-5URQ9PB" duration="00:00:00.0000039" startTime="2022-06-13T21:15:49.4311381+02:00" endTime="2022-06-13T21:15:49.4311382+02:00" testType="13cdc9d9-ddb5-4fa4-a97d-d965ccfc6d4b" outcome="Passed" testListId="8c84fa94-04c1-424b-9868-57a2d4851a1d" relativeResultsDirectory="dab7b3cf-986a-44d7-b888-f257aca1a938" />
    <UnitTestResult executionId="482fdc2a-be1a-429b-8d27-4fbe382fe94f" testId="11729d1c-6c6a-9fce-9d88-8ebfff125cf6" testName="xUnitTestProject.CurrencyHelperTests.FormatToStringTest1000(price: 29926.595417457444, expected: &quot;29926.60 zł&quot;)" computerName="DESKTOP-5URQ9PB" duration="00:00:00.0000040" startTime="2022-06-13T21:15:49.4393884+02:00" endTime="2022-06-13T21:15:49.4393886+02:00" testType="13cdc9d9-ddb5-4fa4-a97d-d965ccfc6d4b" outcome="Passed" testListId="8c84fa94-04c1-424b-9868-57a2d4851a1d" relativeResultsDirectory="482fdc2a-be1a-429b-8d27-4fbe382fe94f" />
    <UnitTestResult executionId="7331c9a9-1e7e-4fc3-b773-982aac445312" testId="558fcad2-7807-3075-bb81-ec539c4697ba" testName="xUnitTestProject.CurrencyHelperTests.FormatToStringTest1000(price: 1011.9989482094529, expected: &quot;1012.00 zł&quot;)" computerName="DESKTOP-5URQ9PB" duration="00:00:00.0000038" startTime="2022-06-13T21:15:49.4373747+02:00" endTime="2022-06-13T21:15:49.4373748+02:00" testType="13cdc9d9-ddb5-4fa4-a97d-d965ccfc6d4b" outcome="Passed" testListId="8c84fa94-04c1-424b-9868-57a2d4851a1d" relativeResultsDirectory="7331c9a9-1e7e-4fc3-b773-982aac445312" />
    <UnitTestResult executionId="e303b243-edb0-4ae2-a20d-d67f4b73a8d0" testId="be4ac306-3050-79c7-e4db-2e676fbdab1b" testName="xUnitTestProject.CurrencyHelperTests.FormatToStringTest1000(price: 2951.2722077329045, expected: &quot;2951.27 zł&quot;)" computerName="DESKTOP-5URQ9PB" duration="00:00:00.0000039" startTime="2022-06-13T21:15:49.3936568+02:00" endTime="2022-06-13T21:15:49.3936572+02:00" testType="13cdc9d9-ddb5-4fa4-a97d-d965ccfc6d4b" outcome="Passed" testListId="8c84fa94-04c1-424b-9868-57a2d4851a1d" relativeResultsDirectory="e303b243-edb0-4ae2-a20d-d67f4b73a8d0" />
    <UnitTestResult executionId="d973dca8-cef6-4b6b-9640-9358ae33f9d3" testId="0abcfe7a-76aa-b17b-ee97-af3fbbea9a33" testName="xUnitTestProject.CurrencyHelperTests.FormatToStringTest1000(price: 57525.72988993569, expected: &quot;57525.73 zł&quot;)" computerName="DESKTOP-5URQ9PB" duration="00:00:00.0000040" startTime="2022-06-13T21:15:49.4815354+02:00" endTime="2022-06-13T21:15:49.4815355+02:00" testType="13cdc9d9-ddb5-4fa4-a97d-d965ccfc6d4b" outcome="Passed" testListId="8c84fa94-04c1-424b-9868-57a2d4851a1d" relativeResultsDirectory="d973dca8-cef6-4b6b-9640-9358ae33f9d3" />
    <UnitTestResult executionId="e5e23e8d-01ae-47d0-ae56-8f23029550cd" testId="a711a8fd-55fb-fc36-f795-72cedac95d24" testName="xUnitTestProject.CurrencyHelperTests.FormatToStringTest1000(price: 18032.4720825476, expected: &quot;18032.47 zł&quot;)" computerName="DESKTOP-5URQ9PB" duration="00:00:00.0000038" startTime="2022-06-13T21:15:49.4939607+02:00" endTime="2022-06-13T21:15:49.4939611+02:00" testType="13cdc9d9-ddb5-4fa4-a97d-d965ccfc6d4b" outcome="Passed" testListId="8c84fa94-04c1-424b-9868-57a2d4851a1d" relativeResultsDirectory="e5e23e8d-01ae-47d0-ae56-8f23029550cd" />
    <UnitTestResult executionId="b9893d0c-8801-4c0b-8bfc-1f7099344f2b" testId="a33a7227-7248-ce4e-bb18-77c33faa0f1a" testName="xUnitTestProject.CurrencyHelperTests.FormatToStringTest1000(price: 24528.124092612474, expected: &quot;24528.12 zł&quot;)" computerName="DESKTOP-5URQ9PB" duration="00:00:00.0000038" startTime="2022-06-13T21:15:49.4816683+02:00" endTime="2022-06-13T21:15:49.4816684+02:00" testType="13cdc9d9-ddb5-4fa4-a97d-d965ccfc6d4b" outcome="Passed" testListId="8c84fa94-04c1-424b-9868-57a2d4851a1d" relativeResultsDirectory="b9893d0c-8801-4c0b-8bfc-1f7099344f2b" />
    <UnitTestResult executionId="8f4fab40-2dc0-45c4-b604-91e62a0f89c9" testId="a32f3872-61d2-3bb4-5952-f9f7fd09a236" testName="xUnitTestProject.CurrencyHelperTests.FormatToStringTest1000(price: 41873.517751020154, expected: &quot;41873.52 zł&quot;)" computerName="DESKTOP-5URQ9PB" duration="00:00:00.0000039" startTime="2022-06-13T21:15:49.3938722+02:00" endTime="2022-06-13T21:15:49.3938723+02:00" testType="13cdc9d9-ddb5-4fa4-a97d-d965ccfc6d4b" outcome="Passed" testListId="8c84fa94-04c1-424b-9868-57a2d4851a1d" relativeResultsDirectory="8f4fab40-2dc0-45c4-b604-91e62a0f89c9" />
    <UnitTestResult executionId="a336adf5-4f4e-4f28-a196-c173f01c5291" testId="814b2061-14f5-c810-0eca-e8431104105a" testName="xUnitTestProject.CurrencyHelperTests.FormatToStringTest1000(price: 14198.39903067723, expected: &quot;14198.40 zł&quot;)" computerName="DESKTOP-5URQ9PB" duration="00:00:00.0000038" startTime="2022-06-13T21:15:49.4382964+02:00" endTime="2022-06-13T21:15:49.4382966+02:00" testType="13cdc9d9-ddb5-4fa4-a97d-d965ccfc6d4b" outcome="Passed" testListId="8c84fa94-04c1-424b-9868-57a2d4851a1d" relativeResultsDirectory="a336adf5-4f4e-4f28-a196-c173f01c5291" />
    <UnitTestResult executionId="f19fe494-be52-4261-9775-8bbb085881c8" testId="e6cc0868-2b09-9996-1473-6fd522e2da29" testName="xUnitTestProject.CurrencyHelperTests.FormatToStringTest1000(price: 26885.71162707904, expected: &quot;26885.71 zł&quot;)" computerName="DESKTOP-5URQ9PB" duration="00:00:00.0000039" startTime="2022-06-13T21:15:49.3947121+02:00" endTime="2022-06-13T21:15:49.3947122+02:00" testType="13cdc9d9-ddb5-4fa4-a97d-d965ccfc6d4b" outcome="Passed" testListId="8c84fa94-04c1-424b-9868-57a2d4851a1d" relativeResultsDirectory="f19fe494-be52-4261-9775-8bbb085881c8" />
    <UnitTestResult executionId="46fe9f6f-4324-4711-aac8-0a7d5c4cee41" testId="1079d268-49d6-f18c-d495-58b580aae9dc" testName="xUnitTestProject.CurrencyHelperTests.FormatToStringTest1000(price: 26220.382477706476, expected: &quot;26220.38 zł&quot;)" computerName="DESKTOP-5URQ9PB" duration="00:00:00.0000040" startTime="2022-06-13T21:15:49.4434147+02:00" endTime="2022-06-13T21:15:49.4434148+02:00" testType="13cdc9d9-ddb5-4fa4-a97d-d965ccfc6d4b" outcome="Passed" testListId="8c84fa94-04c1-424b-9868-57a2d4851a1d" relativeResultsDirectory="46fe9f6f-4324-4711-aac8-0a7d5c4cee41" />
    <UnitTestResult executionId="6e9f7dbd-f85f-4a1b-bc48-c047c899340d" testId="2a9faf6f-4d21-d971-4115-0a2cf31c75ab" testName="xUnitTestProject.CurrencyHelperTests.FormatToStringTest1000(price: 658.7555888573431, expected: &quot;658.76 zł&quot;)" computerName="DESKTOP-5URQ9PB" duration="00:00:00.0000038" startTime="2022-06-13T21:15:49.5120278+02:00" endTime="2022-06-13T21:15:49.5120301+02:00" testType="13cdc9d9-ddb5-4fa4-a97d-d965ccfc6d4b" outcome="Passed" testListId="8c84fa94-04c1-424b-9868-57a2d4851a1d" relativeResultsDirectory="6e9f7dbd-f85f-4a1b-bc48-c047c899340d" />
    <UnitTestResult executionId="d30aa1b7-b23e-4818-8023-4c47458a0012" testId="31d7ba44-de75-ed55-66c6-b51937c13355" testName="xUnitTestProject.CurrencyHelperTests.FormatToStringTest1000(price: 60017.857676936714, expected: &quot;60017.86 zł&quot;)" computerName="DESKTOP-5URQ9PB" duration="00:00:00.0000039" startTime="2022-06-13T21:15:49.4553282+02:00" endTime="2022-06-13T21:15:49.4553283+02:00" testType="13cdc9d9-ddb5-4fa4-a97d-d965ccfc6d4b" outcome="Passed" testListId="8c84fa94-04c1-424b-9868-57a2d4851a1d" relativeResultsDirectory="d30aa1b7-b23e-4818-8023-4c47458a0012" />
    <UnitTestResult executionId="0343c11b-49f3-4bfb-90c8-a24734bdc4c7" testId="422cd58a-1607-1b98-484d-a3568b92bd13" testName="xUnitTestProject.CurrencyHelperTests.FormatToStringTest1000(price: 71554.9786298829, expected: &quot;71554.98 zł&quot;)" computerName="DESKTOP-5URQ9PB" duration="00:00:00.0000039" startTime="2022-06-13T21:15:49.4062769+02:00" endTime="2022-06-13T21:15:49.4062771+02:00" testType="13cdc9d9-ddb5-4fa4-a97d-d965ccfc6d4b" outcome="Passed" testListId="8c84fa94-04c1-424b-9868-57a2d4851a1d" relativeResultsDirectory="0343c11b-49f3-4bfb-90c8-a24734bdc4c7" />
    <UnitTestResult executionId="87ea27d3-fb8b-4ecc-a69d-a2a62c689abc" testId="80f5a640-ad10-06cf-9198-39d7a4c7c709" testName="xUnitTestProject.CurrencyHelperTests.FormatToStringTest1000(price: 21281.64584727662, expected: &quot;21281.65 zł&quot;)" computerName="DESKTOP-5URQ9PB" duration="00:00:00.0000038" startTime="2022-06-13T21:15:49.4405700+02:00" endTime="2022-06-13T21:15:49.4405701+02:00" testType="13cdc9d9-ddb5-4fa4-a97d-d965ccfc6d4b" outcome="Passed" testListId="8c84fa94-04c1-424b-9868-57a2d4851a1d" relativeResultsDirectory="87ea27d3-fb8b-4ecc-a69d-a2a62c689abc" />
    <UnitTestResult executionId="0f5103b4-a1ae-451d-93fd-65aaf4111c68" testId="4168f0ac-b835-769a-f744-274b70d89027" testName="xUnitTestProject.CurrencyHelperTests.FormatToStringTest1000(price: 65947.64520381515, expected: &quot;65947.65 zł&quot;)" computerName="DESKTOP-5URQ9PB" duration="00:00:00.0000060" startTime="2022-06-13T21:15:49.4805090+02:00" endTime="2022-06-13T21:15:49.4805091+02:00" testType="13cdc9d9-ddb5-4fa4-a97d-d965ccfc6d4b" outcome="Passed" testListId="8c84fa94-04c1-424b-9868-57a2d4851a1d" relativeResultsDirectory="0f5103b4-a1ae-451d-93fd-65aaf4111c68" />
    <UnitTestResult executionId="9dc90cec-187e-435b-bab7-244cf8808eab" testId="8f3ac04b-f653-5459-90af-f61d3689f759" testName="xUnitTestProject.CurrencyHelperTests.FormatToStringTest1000(price: 8492.904747505161, expected: &quot;8492.90 zł&quot;)" computerName="DESKTOP-5URQ9PB" duration="00:00:00.0000039" startTime="2022-06-13T21:15:49.4292919+02:00" endTime="2022-06-13T21:15:49.4292920+02:00" testType="13cdc9d9-ddb5-4fa4-a97d-d965ccfc6d4b" outcome="Passed" testListId="8c84fa94-04c1-424b-9868-57a2d4851a1d" relativeResultsDirectory="9dc90cec-187e-435b-bab7-244cf8808eab" />
    <UnitTestResult executionId="4955c71d-5e41-4ed8-8e75-b4cb2edcf76e" testId="7704532e-ccf9-d396-cd75-b7b2cb63c0e8" testName="xUnitTestProject.CurrencyHelperTests.FormatToStringTest1000(price: 48449.85582609189, expected: &quot;48449.86 zł&quot;)" computerName="DESKTOP-5URQ9PB" duration="00:00:00.0000038" startTime="2022-06-13T21:15:49.4333613+02:00" endTime="2022-06-13T21:15:49.4333614+02:00" testType="13cdc9d9-ddb5-4fa4-a97d-d965ccfc6d4b" outcome="Passed" testListId="8c84fa94-04c1-424b-9868-57a2d4851a1d" relativeResultsDirectory="4955c71d-5e41-4ed8-8e75-b4cb2edcf76e" />
    <UnitTestResult executionId="15e1303b-6dd6-4136-bea7-84a634580af0" testId="6837dba7-40c4-9f70-ea2b-82f5a35b378d" testName="xUnitTestProject.CurrencyHelperTests.FormatToStringTest1000(price: 17988.455793307843, expected: &quot;17988.46 zł&quot;)" computerName="DESKTOP-5URQ9PB" duration="00:00:00.0000040" startTime="2022-06-13T21:15:49.4786501+02:00" endTime="2022-06-13T21:15:49.4786503+02:00" testType="13cdc9d9-ddb5-4fa4-a97d-d965ccfc6d4b" outcome="Passed" testListId="8c84fa94-04c1-424b-9868-57a2d4851a1d" relativeResultsDirectory="15e1303b-6dd6-4136-bea7-84a634580af0" />
    <UnitTestResult executionId="67554363-614d-4c92-b9f6-57025f7274bb" testId="b9b36c19-155c-ac46-851c-623393903657" testName="xUnitTestProject.CurrencyHelperTests.FormatToStringTest1000(price: 1187.8237780126854, expected: &quot;1187.82 zł&quot;)" computerName="DESKTOP-5URQ9PB" duration="00:00:00.0000039" startTime="2022-06-13T21:15:49.4632735+02:00" endTime="2022-06-13T21:15:49.4632736+02:00" testType="13cdc9d9-ddb5-4fa4-a97d-d965ccfc6d4b" outcome="Passed" testListId="8c84fa94-04c1-424b-9868-57a2d4851a1d" relativeResultsDirectory="67554363-614d-4c92-b9f6-57025f7274bb" />
    <UnitTestResult executionId="74fa2807-847a-4eed-b794-2298bf084771" testId="bb53c479-4fb7-b049-d0b3-60c53109c03d" testName="xUnitTestProject.CurrencyHelperTests.FormatToStringTest1000(price: 16402.16316587206, expected: &quot;16402.16 zł&quot;)" computerName="DESKTOP-5URQ9PB" duration="00:00:00.0000040" startTime="2022-06-13T21:15:49.4602555+02:00" endTime="2022-06-13T21:15:49.4602557+02:00" testType="13cdc9d9-ddb5-4fa4-a97d-d965ccfc6d4b" outcome="Passed" testListId="8c84fa94-04c1-424b-9868-57a2d4851a1d" relativeResultsDirectory="74fa2807-847a-4eed-b794-2298bf084771" />
    <UnitTestResult executionId="962db8f4-ca1e-44f6-b7a0-da5523c9bc29" testId="5481b8f6-7923-7c75-9ba8-6b8dff0a8582" testName="xUnitTestProject.CurrencyHelperTests.FormatToStringTest1000(price: 13414.3551766441, expected: &quot;13414.36 zł&quot;)" computerName="DESKTOP-5URQ9PB" duration="00:00:00.0000038" startTime="2022-06-13T21:15:49.4291050+02:00" endTime="2022-06-13T21:15:49.4291051+02:00" testType="13cdc9d9-ddb5-4fa4-a97d-d965ccfc6d4b" outcome="Passed" testListId="8c84fa94-04c1-424b-9868-57a2d4851a1d" relativeResultsDirectory="962db8f4-ca1e-44f6-b7a0-da5523c9bc29" />
    <UnitTestResult executionId="d2e7919d-0881-452f-abce-9c2572058256" testId="4e2fa441-f609-cc78-7eb6-a2fea9348b3f" testName="xUnitTestProject.CurrencyHelperTests.FormatToStringTest1000(price: 63291.50274994015, expected: &quot;63291.50 zł&quot;)" computerName="DESKTOP-5URQ9PB" duration="00:00:00.0000040" startTime="2022-06-13T21:15:49.4464679+02:00" endTime="2022-06-13T21:15:49.4464681+02:00" testType="13cdc9d9-ddb5-4fa4-a97d-d965ccfc6d4b" outcome="Passed" testListId="8c84fa94-04c1-424b-9868-57a2d4851a1d" relativeResultsDirectory="d2e7919d-0881-452f-abce-9c2572058256" />
    <UnitTestResult executionId="b2ce8c7d-f7de-4b1a-9b27-949e3c2f4ef6" testId="4adfbd6f-49a9-0885-850f-1a4998e7f85f" testName="xUnitTestProject.CurrencyHelperTests.FormatToStringTest1000(price: 19103.831635461574, expected: &quot;19103.83 zł&quot;)" computerName="DESKTOP-5URQ9PB" duration="00:00:00.0000081" startTime="2022-06-13T21:15:49.4804742+02:00" endTime="2022-06-13T21:15:49.4804745+02:00" testType="13cdc9d9-ddb5-4fa4-a97d-d965ccfc6d4b" outcome="Passed" testListId="8c84fa94-04c1-424b-9868-57a2d4851a1d" relativeResultsDirectory="b2ce8c7d-f7de-4b1a-9b27-949e3c2f4ef6" />
    <UnitTestResult executionId="8d1e6c26-7d5a-4723-b964-811790405de3" testId="ef111b7b-895d-e083-171f-1b45ef31d01a" testName="xUnitTestProject.CurrencyHelperTests.FormatToStringTest1000(price: 33699.13042082038, expected: &quot;33699.13 zł&quot;)" computerName="DESKTOP-5URQ9PB" duration="00:00:00.0000039" startTime="2022-06-13T21:15:49.5061787+02:00" endTime="2022-06-13T21:15:49.5061829+02:00" testType="13cdc9d9-ddb5-4fa4-a97d-d965ccfc6d4b" outcome="Passed" testListId="8c84fa94-04c1-424b-9868-57a2d4851a1d" relativeResultsDirectory="8d1e6c26-7d5a-4723-b964-811790405de3" />
    <UnitTestResult executionId="ba88df3b-27ca-4921-9d3a-7404f9c7cb3d" testId="aae9a2f6-c5ae-d742-7ea5-60de6dc3d9cf" testName="xUnitTestProject.CurrencyHelperTests.FormatToStringTest1000(price: 34096.337879508894, expected: &quot;34096.34 zł&quot;)" computerName="DESKTOP-5URQ9PB" duration="00:00:00.0000040" startTime="2022-06-13T21:15:49.4835227+02:00" endTime="2022-06-13T21:15:49.4835229+02:00" testType="13cdc9d9-ddb5-4fa4-a97d-d965ccfc6d4b" outcome="Passed" testListId="8c84fa94-04c1-424b-9868-57a2d4851a1d" relativeResultsDirectory="ba88df3b-27ca-4921-9d3a-7404f9c7cb3d" />
    <UnitTestResult executionId="3a44a3e0-6fa7-442c-903f-8801c5799b8d" testId="5df2cee8-1205-20ca-1995-6e5120b53d1e" testName="xUnitTestProject.CurrencyHelperTests.FormatToStringTest1000(price: 1884.4923513031063, expected: &quot;1884.49 zł&quot;)" computerName="DESKTOP-5URQ9PB" duration="00:00:00.0000038" startTime="2022-06-13T21:15:49.3927502+02:00" endTime="2022-06-13T21:15:49.3927504+02:00" testType="13cdc9d9-ddb5-4fa4-a97d-d965ccfc6d4b" outcome="Passed" testListId="8c84fa94-04c1-424b-9868-57a2d4851a1d" relativeResultsDirectory="3a44a3e0-6fa7-442c-903f-8801c5799b8d" />
    <UnitTestResult executionId="3b0c99bd-404d-4858-839d-f52ff5cbde3c" testId="8de67803-7acb-6ed7-12bc-5420c17b40c0" testName="xUnitTestProject.CurrencyHelperTests.FormatToStringTest1000(price: 45930.2386782068, expected: &quot;45930.24 zł&quot;)" computerName="DESKTOP-5URQ9PB" duration="00:00:00.0000038" startTime="2022-06-13T21:15:49.4950166+02:00" endTime="2022-06-13T21:15:49.4950168+02:00" testType="13cdc9d9-ddb5-4fa4-a97d-d965ccfc6d4b" outcome="Passed" testListId="8c84fa94-04c1-424b-9868-57a2d4851a1d" relativeResultsDirectory="3b0c99bd-404d-4858-839d-f52ff5cbde3c" />
    <UnitTestResult executionId="19b23378-60e2-488b-98de-367f09c17b0e" testId="d30d3b94-edb3-8c77-afa5-d7e300714162" testName="xUnitTestProject.CurrencyHelperTests.FormatToStringTest1000(price: 151.50737175275916, expected: &quot;151.51 zł&quot;)" computerName="DESKTOP-5URQ9PB" duration="00:00:00.0000048" startTime="2022-06-13T21:15:49.4009947+02:00" endTime="2022-06-13T21:15:49.4009948+02:00" testType="13cdc9d9-ddb5-4fa4-a97d-d965ccfc6d4b" outcome="Passed" testListId="8c84fa94-04c1-424b-9868-57a2d4851a1d" relativeResultsDirectory="19b23378-60e2-488b-98de-367f09c17b0e" />
    <UnitTestResult executionId="8699c8e4-6810-4d5b-8823-37a3986265de" testId="4b06698d-5339-0a98-2e05-9ce80b4b1ec4" testName="xUnitTestProject.CurrencyHelperTests.FormatToStringTest1000(price: 15566.957545477411, expected: &quot;15566.96 zł&quot;)" computerName="DESKTOP-5URQ9PB" duration="00:00:00.0000039" startTime="2022-06-13T21:15:49.4572356+02:00" endTime="2022-06-13T21:15:49.4572358+02:00" testType="13cdc9d9-ddb5-4fa4-a97d-d965ccfc6d4b" outcome="Passed" testListId="8c84fa94-04c1-424b-9868-57a2d4851a1d" relativeResultsDirectory="8699c8e4-6810-4d5b-8823-37a3986265de" />
    <UnitTestResult executionId="2c8b6d6f-0c4e-4355-9f48-8d16c55942af" testId="f015f451-5073-33ab-39c2-17ab900bf337" testName="xUnitTestProject.CurrencyHelperTests.FormatToStringTest1000(price: 25720.27551496321, expected: &quot;25720.28 zł&quot;)" computerName="DESKTOP-5URQ9PB" duration="00:00:00.0000040" startTime="2022-06-13T21:15:49.4302938+02:00" endTime="2022-06-13T21:15:49.4302940+02:00" testType="13cdc9d9-ddb5-4fa4-a97d-d965ccfc6d4b" outcome="Passed" testListId="8c84fa94-04c1-424b-9868-57a2d4851a1d" relativeResultsDirectory="2c8b6d6f-0c4e-4355-9f48-8d16c55942af" />
    <UnitTestResult executionId="678bbcec-bc4e-44ee-866f-67b1835d32e5" testId="30e1c064-5a9f-94cf-3bb0-81267bf9f82e" testName="xUnitTestProject.CurrencyHelperTests.FormatToStringTest1000(price: 11989.099505855282, expected: &quot;11989.10 zł&quot;)" computerName="DESKTOP-5URQ9PB" duration="00:00:00.0000041" startTime="2022-06-13T21:15:49.4662218+02:00" endTime="2022-06-13T21:15:49.4662219+02:00" testType="13cdc9d9-ddb5-4fa4-a97d-d965ccfc6d4b" outcome="Passed" testListId="8c84fa94-04c1-424b-9868-57a2d4851a1d" relativeResultsDirectory="678bbcec-bc4e-44ee-866f-67b1835d32e5" />
    <UnitTestResult executionId="97195050-52e8-4954-92ad-2211e916b675" testId="0d82bc84-08a9-ffda-b09d-d44b4e74eec6" testName="xUnitTestProject.CurrencyHelperTests.FormatToStringTest1000(price: 28987.862854782896, expected: &quot;28987.86 zł&quot;)" computerName="DESKTOP-5URQ9PB" duration="00:00:00.0000047" startTime="2022-06-13T21:15:49.4787716+02:00" endTime="2022-06-13T21:15:49.4787718+02:00" testType="13cdc9d9-ddb5-4fa4-a97d-d965ccfc6d4b" outcome="Passed" testListId="8c84fa94-04c1-424b-9868-57a2d4851a1d" relativeResultsDirectory="97195050-52e8-4954-92ad-2211e916b675" />
    <UnitTestResult executionId="c38de854-3bee-443e-87aa-025f6d7acf39" testId="5200e545-dbbb-62af-891d-31499a618a0e" testName="xUnitTestProject.CurrencyHelperTests.FormatToStringTest1000(price: 20012.898273490322, expected: &quot;20012.90 zł&quot;)" computerName="DESKTOP-5URQ9PB" duration="00:00:00.0000041" startTime="2022-06-13T21:15:49.3966606+02:00" endTime="2022-06-13T21:15:49.3966610+02:00" testType="13cdc9d9-ddb5-4fa4-a97d-d965ccfc6d4b" outcome="Passed" testListId="8c84fa94-04c1-424b-9868-57a2d4851a1d" relativeResultsDirectory="c38de854-3bee-443e-87aa-025f6d7acf39" />
    <UnitTestResult executionId="27cf07b3-7ecb-45f2-beea-a9a7a56a2eb8" testId="82e67c06-9849-1902-4582-6ac1133c7960" testName="xUnitTestProject.CurrencyHelperTests.FormatToStringTest1000(price: 657.5396922647672, expected: &quot;657.54 zł&quot;)" computerName="DESKTOP-5URQ9PB" duration="00:00:00.0000037" startTime="2022-06-13T21:15:49.4814739+02:00" endTime="2022-06-13T21:15:49.4814741+02:00" testType="13cdc9d9-ddb5-4fa4-a97d-d965ccfc6d4b" outcome="Passed" testListId="8c84fa94-04c1-424b-9868-57a2d4851a1d" relativeResultsDirectory="27cf07b3-7ecb-45f2-beea-a9a7a56a2eb8" />
    <UnitTestResult executionId="b1964574-cae5-4e30-9123-0da201c3e77b" testId="94f0cede-3e3b-c04d-89cc-8dfe2520972c" testName="xUnitTestProject.CurrencyHelperTests.FormatToStringTest1000(price: 11100.829211263372, expected: &quot;11100.83 zł&quot;)" computerName="DESKTOP-5URQ9PB" duration="00:00:00.0000038" startTime="2022-06-13T21:15:49.4824694+02:00" endTime="2022-06-13T21:15:49.4824696+02:00" testType="13cdc9d9-ddb5-4fa4-a97d-d965ccfc6d4b" outcome="Passed" testListId="8c84fa94-04c1-424b-9868-57a2d4851a1d" relativeResultsDirectory="b1964574-cae5-4e30-9123-0da201c3e77b" />
    <UnitTestResult executionId="ab41873d-4f01-4fa2-be8c-e89851346c4d" testId="217b46ae-53e4-8868-0968-60de7a74b62a" testName="xUnitTestProject.CurrencyHelperTests.FormatToStringTest1000(price: 15080.274618567097, expected: &quot;15080.27 zł&quot;)" computerName="DESKTOP-5URQ9PB" duration="00:00:00.0000039" startTime="2022-06-13T21:15:49.4464377+02:00" endTime="2022-06-13T21:15:49.4464378+02:00" testType="13cdc9d9-ddb5-4fa4-a97d-d965ccfc6d4b" outcome="Passed" testListId="8c84fa94-04c1-424b-9868-57a2d4851a1d" relativeResultsDirectory="ab41873d-4f01-4fa2-be8c-e89851346c4d" />
    <UnitTestResult executionId="a1d55590-242b-47c7-8fb6-056106dc64bc" testId="979704d6-636b-33ea-e33f-cc67613aefb0" testName="xUnitTestProject.CurrencyHelperTests.FormatToStringTest1000(price: 11829.625994884234, expected: &quot;11829.63 zł&quot;)" computerName="DESKTOP-5URQ9PB" duration="00:00:00.0000040" startTime="2022-06-13T21:15:49.4156157+02:00" endTime="2022-06-13T21:15:49.4156158+02:00" testType="13cdc9d9-ddb5-4fa4-a97d-d965ccfc6d4b" outcome="Passed" testListId="8c84fa94-04c1-424b-9868-57a2d4851a1d" relativeResultsDirectory="a1d55590-242b-47c7-8fb6-056106dc64bc" />
    <UnitTestResult executionId="bebfd265-a061-4b5c-9c48-fcc63e20852c" testId="2155bccb-482b-2346-834b-1eb7ea617ead" testName="xUnitTestProject.CurrencyHelperTests.FormatToStringTest1000(price: 6146.91236741278, expected: &quot;6146.91 zł&quot;)" computerName="DESKTOP-5URQ9PB" duration="00:00:00.0000039" startTime="2022-06-13T21:15:49.4176377+02:00" endTime="2022-06-13T21:15:49.4176379+02:00" testType="13cdc9d9-ddb5-4fa4-a97d-d965ccfc6d4b" outcome="Passed" testListId="8c84fa94-04c1-424b-9868-57a2d4851a1d" relativeResultsDirectory="bebfd265-a061-4b5c-9c48-fcc63e20852c" />
    <UnitTestResult executionId="0cb767d1-302e-4567-9239-d5a4dadd0ae8" testId="f58711de-d6a1-25df-941a-d7a477d8bf41" testName="xUnitTestProject.CurrencyHelperTests.FormatToStringTest1000(price: 45603.90324273142, expected: &quot;45603.90 zł&quot;)" computerName="DESKTOP-5URQ9PB" duration="00:00:00.0000038" startTime="2022-06-13T21:15:49.4833667+02:00" endTime="2022-06-13T21:15:49.4833670+02:00" testType="13cdc9d9-ddb5-4fa4-a97d-d965ccfc6d4b" outcome="Passed" testListId="8c84fa94-04c1-424b-9868-57a2d4851a1d" relativeResultsDirectory="0cb767d1-302e-4567-9239-d5a4dadd0ae8" />
    <UnitTestResult executionId="18f6bc2f-fb28-42ba-a6a9-a1830e1c9f88" testId="3fe65711-0b55-7192-8237-90b45a462066" testName="xUnitTestProject.CurrencyHelperTests.FormatToStringTest1000(price: 159.83786031922224, expected: &quot;159.84 zł&quot;)" computerName="DESKTOP-5URQ9PB" duration="00:00:00.0000039" startTime="2022-06-13T21:15:49.4922056+02:00" endTime="2022-06-13T21:15:49.4922058+02:00" testType="13cdc9d9-ddb5-4fa4-a97d-d965ccfc6d4b" outcome="Passed" testListId="8c84fa94-04c1-424b-9868-57a2d4851a1d" relativeResultsDirectory="18f6bc2f-fb28-42ba-a6a9-a1830e1c9f88" />
    <UnitTestResult executionId="7fab9095-7363-4e61-bdb1-ea2d86dc2438" testId="9a9212ad-b798-7488-4494-e587449427c6" testName="xUnitTestProject.CurrencyHelperTests.FormatToStringTest1000(price: 17579.823312525088, expected: &quot;17579.82 zł&quot;)" computerName="DESKTOP-5URQ9PB" duration="00:00:00.0000040" startTime="2022-06-13T21:15:49.3999839+02:00" endTime="2022-06-13T21:15:49.3999840+02:00" testType="13cdc9d9-ddb5-4fa4-a97d-d965ccfc6d4b" outcome="Passed" testListId="8c84fa94-04c1-424b-9868-57a2d4851a1d" relativeResultsDirectory="7fab9095-7363-4e61-bdb1-ea2d86dc2438" />
    <UnitTestResult executionId="b0fe5e44-56ad-4b47-a024-13c15f21cbd2" testId="5d5f3f94-f47b-3420-095f-ee592218e6de" testName="xUnitTestProject.CurrencyHelperTests.FormatToStringTest1000(price: 20454.142628653506, expected: &quot;20454.14 zł&quot;)" computerName="DESKTOP-5URQ9PB" duration="00:00:00.0000040" startTime="2022-06-13T21:15:49.4222620+02:00" endTime="2022-06-13T21:15:49.4222622+02:00" testType="13cdc9d9-ddb5-4fa4-a97d-d965ccfc6d4b" outcome="Passed" testListId="8c84fa94-04c1-424b-9868-57a2d4851a1d" relativeResultsDirectory="b0fe5e44-56ad-4b47-a024-13c15f21cbd2" />
    <UnitTestResult executionId="69e0eb1b-4fd4-4ef1-9f34-065ec05f836b" testId="38b0259f-0bcb-8aec-4c3f-6a948a320426" testName="xUnitTestProject.CurrencyHelperTests.FormatToStringTest1000(price: 24137.016609529506, expected: &quot;24137.02 zł&quot;)" computerName="DESKTOP-5URQ9PB" duration="00:00:00.0000039" startTime="2022-06-13T21:15:49.4807030+02:00" endTime="2022-06-13T21:15:49.4807032+02:00" testType="13cdc9d9-ddb5-4fa4-a97d-d965ccfc6d4b" outcome="Passed" testListId="8c84fa94-04c1-424b-9868-57a2d4851a1d" relativeResultsDirectory="69e0eb1b-4fd4-4ef1-9f34-065ec05f836b" />
    <UnitTestResult executionId="e85337ee-18aa-48d5-b122-723a6b8407bb" testId="d13187c3-6513-b7ca-7370-507380fe2c88" testName="xUnitTestProject.CurrencyHelperTests.FormatToStringTest1000(price: 7396.940188290057, expected: &quot;7396.94 zł&quot;)" computerName="DESKTOP-5URQ9PB" duration="00:00:00.0000039" startTime="2022-06-13T21:15:49.4443312+02:00" endTime="2022-06-13T21:15:49.4443314+02:00" testType="13cdc9d9-ddb5-4fa4-a97d-d965ccfc6d4b" outcome="Passed" testListId="8c84fa94-04c1-424b-9868-57a2d4851a1d" relativeResultsDirectory="e85337ee-18aa-48d5-b122-723a6b8407bb" />
    <UnitTestResult executionId="b2ee7600-c57d-40e6-979c-6849d3195668" testId="8ba27476-b54b-3c26-c478-bb1e87cb663c" testName="xUnitTestProject.CurrencyHelperTests.FormatToStringTest1000(price: 25135.10315489727, expected: &quot;25135.10 zł&quot;)" computerName="DESKTOP-5URQ9PB" duration="00:00:00.0000040" startTime="2022-06-13T21:15:49.4052391+02:00" endTime="2022-06-13T21:15:49.4052393+02:00" testType="13cdc9d9-ddb5-4fa4-a97d-d965ccfc6d4b" outcome="Passed" testListId="8c84fa94-04c1-424b-9868-57a2d4851a1d" relativeResultsDirectory="b2ee7600-c57d-40e6-979c-6849d3195668" />
    <UnitTestResult executionId="14de8b78-f238-427d-bebb-ffca7f46bae9" testId="1f661c1f-d0bf-b374-44cc-db7131efefe7" testName="xUnitTestProject.CurrencyHelperTests.FormatToStringTest1000(price: 27751.474436297303, expected: &quot;27751.47 zł&quot;)" computerName="DESKTOP-5URQ9PB" duration="00:00:00.0000039" startTime="2022-06-13T21:15:49.4699964+02:00" endTime="2022-06-13T21:15:49.4699966+02:00" testType="13cdc9d9-ddb5-4fa4-a97d-d965ccfc6d4b" outcome="Passed" testListId="8c84fa94-04c1-424b-9868-57a2d4851a1d" relativeResultsDirectory="14de8b78-f238-427d-bebb-ffca7f46bae9" />
    <UnitTestResult executionId="07600f97-35dc-4151-aaa4-97bfc8e5bb8e" testId="927355f0-db19-7988-f19c-ec0494e2f5d9" testName="xUnitTestProject.CurrencyHelperTests.FormatToStringTest1000(price: 748.6264857065987, expected: &quot;748.63 zł&quot;)" computerName="DESKTOP-5URQ9PB" duration="00:00:00.0000039" startTime="2022-06-13T21:15:49.4232371+02:00" endTime="2022-06-13T21:15:49.4232372+02:00" testType="13cdc9d9-ddb5-4fa4-a97d-d965ccfc6d4b" outcome="Passed" testListId="8c84fa94-04c1-424b-9868-57a2d4851a1d" relativeResultsDirectory="07600f97-35dc-4151-aaa4-97bfc8e5bb8e" />
    <UnitTestResult executionId="1a82ad43-f762-475e-8759-fcbd2e35134d" testId="d1db99c9-780d-a1a8-cf4e-cc5ed7bbc5dc" testName="xUnitTestProject.CurrencyHelperTests.FormatToStringTest1000(price: 66764.31690498316, expected: &quot;66764.32 zł&quot;)" computerName="DESKTOP-5URQ9PB" duration="00:00:00.0000039" startTime="2022-06-13T21:15:49.4593444+02:00" endTime="2022-06-13T21:15:49.4593445+02:00" testType="13cdc9d9-ddb5-4fa4-a97d-d965ccfc6d4b" outcome="Passed" testListId="8c84fa94-04c1-424b-9868-57a2d4851a1d" relativeResultsDirectory="1a82ad43-f762-475e-8759-fcbd2e35134d" />
    <UnitTestResult executionId="59c8cbb3-be6f-46d8-a719-533afe2c9500" testId="4d5be905-ae12-4fb4-1d65-7b8d91a9be3a" testName="xUnitTestProject.CurrencyHelperTests.FormatToStringTest1000(price: 15742.409864349947, expected: &quot;15742.41 zł&quot;)" computerName="DESKTOP-5URQ9PB" duration="00:00:00.0000040" startTime="2022-06-13T21:15:49.4311998+02:00" endTime="2022-06-13T21:15:49.4311999+02:00" testType="13cdc9d9-ddb5-4fa4-a97d-d965ccfc6d4b" outcome="Passed" testListId="8c84fa94-04c1-424b-9868-57a2d4851a1d" relativeResultsDirectory="59c8cbb3-be6f-46d8-a719-533afe2c9500" />
    <UnitTestResult executionId="067a00da-8c21-4923-97d4-0c504e3967e6" testId="c1457a00-5932-b692-d468-5af96619c895" testName="xUnitTestProject.CurrencyHelperTests.FormatToStringTest1000(price: 29508.077101491428, expected: &quot;29508.08 zł&quot;)" computerName="DESKTOP-5URQ9PB" duration="00:00:00.0000039" startTime="2022-06-13T21:15:49.4300733+02:00" endTime="2022-06-13T21:15:49.4300737+02:00" testType="13cdc9d9-ddb5-4fa4-a97d-d965ccfc6d4b" outcome="Passed" testListId="8c84fa94-04c1-424b-9868-57a2d4851a1d" relativeResultsDirectory="067a00da-8c21-4923-97d4-0c504e3967e6" />
    <UnitTestResult executionId="6685e1ec-212c-4eb0-b3c6-8325278f947a" testId="d6af606e-af1d-b77f-4ce0-c1f6556a4ce0" testName="xUnitTestProject.CurrencyHelperTests.FormatToStringTest1000(price: 11.555284778846096, expected: &quot;11.56 zł&quot;)" computerName="DESKTOP-5URQ9PB" duration="00:00:00.0000040" startTime="2022-06-13T21:15:49.4362567+02:00" endTime="2022-06-13T21:15:49.4362569+02:00" testType="13cdc9d9-ddb5-4fa4-a97d-d965ccfc6d4b" outcome="Passed" testListId="8c84fa94-04c1-424b-9868-57a2d4851a1d" relativeResultsDirectory="6685e1ec-212c-4eb0-b3c6-8325278f947a" />
    <UnitTestResult executionId="4c478a13-2c7e-46c0-a9ec-fe7b59320e80" testId="89b95097-2fa4-1afe-c164-3b548bd44274" testName="xUnitTestProject.CurrencyHelperTests.FormatToStringTest1000(price: 12118.31777677048, expected: &quot;12118.32 zł&quot;)" computerName="DESKTOP-5URQ9PB" duration="00:00:00.0000038" startTime="2022-06-13T21:15:49.4535840+02:00" endTime="2022-06-13T21:15:49.4535841+02:00" testType="13cdc9d9-ddb5-4fa4-a97d-d965ccfc6d4b" outcome="Passed" testListId="8c84fa94-04c1-424b-9868-57a2d4851a1d" relativeResultsDirectory="4c478a13-2c7e-46c0-a9ec-fe7b59320e80" />
    <UnitTestResult executionId="7363ad58-341d-4050-b7d6-a5157b018450" testId="d0cd8d38-2083-8dfe-21da-1692537b41cc" testName="xUnitTestProject.CurrencyHelperTests.FormatToStringTest1000(price: 14635.510547500808, expected: &quot;14635.51 zł&quot;)" computerName="DESKTOP-5URQ9PB" duration="00:00:00.0000044" startTime="2022-06-13T21:15:49.4363491+02:00" endTime="2022-06-13T21:15:49.4363493+02:00" testType="13cdc9d9-ddb5-4fa4-a97d-d965ccfc6d4b" outcome="Passed" testListId="8c84fa94-04c1-424b-9868-57a2d4851a1d" relativeResultsDirectory="7363ad58-341d-4050-b7d6-a5157b018450" />
    <UnitTestResult executionId="d5f2b66c-f72e-4b58-bac4-09eb93ccb996" testId="3fad871b-7e9b-a4ff-8f1b-45e15f0c2efa" testName="xUnitTestProject.CurrencyHelperTests.FormatToStringTest1000(price: 69373.32129976773, expected: &quot;69373.32 zł&quot;)" computerName="DESKTOP-5URQ9PB" duration="00:00:00.0000039" startTime="2022-06-13T21:15:49.4040186+02:00" endTime="2022-06-13T21:15:49.4040188+02:00" testType="13cdc9d9-ddb5-4fa4-a97d-d965ccfc6d4b" outcome="Passed" testListId="8c84fa94-04c1-424b-9868-57a2d4851a1d" relativeResultsDirectory="d5f2b66c-f72e-4b58-bac4-09eb93ccb996" />
    <UnitTestResult executionId="7d464c33-a4de-476c-83c4-0b41a10458e3" testId="f6a49bae-16a9-096b-f816-1c54e1a6b8b7" testName="xUnitTestProject.CurrencyHelperTests.FormatToStringTest1000(price: 37589.670531794276, expected: &quot;37589.67 zł&quot;)" computerName="DESKTOP-5URQ9PB" duration="00:00:00.0000037" startTime="2022-06-13T21:15:49.4195907+02:00" endTime="2022-06-13T21:15:49.4195908+02:00" testType="13cdc9d9-ddb5-4fa4-a97d-d965ccfc6d4b" outcome="Passed" testListId="8c84fa94-04c1-424b-9868-57a2d4851a1d" relativeResultsDirectory="7d464c33-a4de-476c-83c4-0b41a10458e3" />
    <UnitTestResult executionId="d335bfdb-0cfa-4419-bb61-ac5f9aa294b7" testId="419d247e-1033-df66-fcc5-471a4ec8f5e3" testName="xUnitTestProject.CurrencyHelperTests.FormatToStringTest1000(price: 22557.09603308099, expected: &quot;22557.10 zł&quot;)" computerName="DESKTOP-5URQ9PB" duration="00:00:00.0000039" startTime="2022-06-13T21:15:49.4816380+02:00" endTime="2022-06-13T21:15:49.4816381+02:00" testType="13cdc9d9-ddb5-4fa4-a97d-d965ccfc6d4b" outcome="Passed" testListId="8c84fa94-04c1-424b-9868-57a2d4851a1d" relativeResultsDirectory="d335bfdb-0cfa-4419-bb61-ac5f9aa294b7" />
    <UnitTestResult executionId="b7f15cd2-ac28-464d-b7ce-4b84df88e3f3" testId="fd35a08c-5b95-7a8f-b139-85a90dbcf98e" testName="xUnitTestProject.CurrencyHelperTests.FormatToStringTest1000(price: 30385.72086375613, expected: &quot;30385.72 zł&quot;)" computerName="DESKTOP-5URQ9PB" duration="00:00:00.0000040" startTime="2022-06-13T21:15:49.4621312+02:00" endTime="2022-06-13T21:15:49.4621315+02:00" testType="13cdc9d9-ddb5-4fa4-a97d-d965ccfc6d4b" outcome="Passed" testListId="8c84fa94-04c1-424b-9868-57a2d4851a1d" relativeResultsDirectory="b7f15cd2-ac28-464d-b7ce-4b84df88e3f3" />
    <UnitTestResult executionId="2efbe6e6-92b9-42ce-8bee-f77381dbef7d" testId="4e40923a-3f2f-ab14-66db-33f21753e6c1" testName="xUnitTestProject.CurrencyHelperTests.FormatToStringTest1000(price: 13478.157112043891, expected: &quot;13478.16 zł&quot;)" computerName="DESKTOP-5URQ9PB" duration="00:00:00.0000040" startTime="2022-06-13T21:15:49.4651658+02:00" endTime="2022-06-13T21:15:49.4651660+02:00" testType="13cdc9d9-ddb5-4fa4-a97d-d965ccfc6d4b" outcome="Passed" testListId="8c84fa94-04c1-424b-9868-57a2d4851a1d" relativeResultsDirectory="2efbe6e6-92b9-42ce-8bee-f77381dbef7d" />
    <UnitTestResult executionId="1ea683a9-4781-424f-93ca-b2dfab4bcfa3" testId="f962f016-220b-dd5b-3c75-15629456e786" testName="xUnitTestProject.CurrencyHelperTests.FormatToStringTest1000(price: 12949.590713378317, expected: &quot;12949.59 zł&quot;)" computerName="DESKTOP-5URQ9PB" duration="00:00:00.0000040" startTime="2022-06-13T21:15:49.4050847+02:00" endTime="2022-06-13T21:15:49.4050849+02:00" testType="13cdc9d9-ddb5-4fa4-a97d-d965ccfc6d4b" outcome="Passed" testListId="8c84fa94-04c1-424b-9868-57a2d4851a1d" relativeResultsDirectory="1ea683a9-4781-424f-93ca-b2dfab4bcfa3" />
    <UnitTestResult executionId="2e18e1a7-8d3b-47b1-abfe-2601e746f07f" testId="ba7d1414-f471-8c90-0af7-54df538160f7" testName="xUnitTestProject.CurrencyHelperTests.FormatToStringTest1000(price: 24646.322657574587, expected: &quot;24646.32 zł&quot;)" computerName="DESKTOP-5URQ9PB" duration="00:00:00.0000050" startTime="2022-06-13T21:15:49.4351757+02:00" endTime="2022-06-13T21:15:49.4351762+02:00" testType="13cdc9d9-ddb5-4fa4-a97d-d965ccfc6d4b" outcome="Passed" testListId="8c84fa94-04c1-424b-9868-57a2d4851a1d" relativeResultsDirectory="2e18e1a7-8d3b-47b1-abfe-2601e746f07f" />
    <UnitTestResult executionId="a71ba98d-8129-48c5-9d29-312dbea12463" testId="0739d753-ed0a-2224-af37-24f0fcbbbd00" testName="xUnitTestProject.CurrencyHelperTests.FormatToStringTest1000(price: 25794.833624416417, expected: &quot;25794.83 zł&quot;)" computerName="DESKTOP-5URQ9PB" duration="00:00:00.0000039" startTime="2022-06-13T21:15:49.4660712+02:00" endTime="2022-06-13T21:15:49.4660714+02:00" testType="13cdc9d9-ddb5-4fa4-a97d-d965ccfc6d4b" outcome="Passed" testListId="8c84fa94-04c1-424b-9868-57a2d4851a1d" relativeResultsDirectory="a71ba98d-8129-48c5-9d29-312dbea12463" />
    <UnitTestResult executionId="3cb03ca0-0a5d-4daa-adaf-6b12bd968a5e" testId="f6807856-920c-b4f6-bd05-450a0bb2d3bd" testName="xUnitTestProject.CurrencyHelperTests.FormatToStringTest1000(price: 29678.921519093645, expected: &quot;29678.92 zł&quot;)" computerName="DESKTOP-5URQ9PB" duration="00:00:00.0000040" startTime="2022-06-13T21:15:49.4854754+02:00" endTime="2022-06-13T21:15:49.4854755+02:00" testType="13cdc9d9-ddb5-4fa4-a97d-d965ccfc6d4b" outcome="Passed" testListId="8c84fa94-04c1-424b-9868-57a2d4851a1d" relativeResultsDirectory="3cb03ca0-0a5d-4daa-adaf-6b12bd968a5e" />
    <UnitTestResult executionId="4c84c382-a60d-4fb1-ba36-f73b3720f595" testId="9dc9660c-2773-e5a1-118f-73373343d0e6" testName="xUnitTestProject.CurrencyHelperTests.FormatToStringTest1000(price: 89093.57120939044, expected: &quot;89093.57 zł&quot;)" computerName="DESKTOP-5URQ9PB" duration="00:00:00.0000046" startTime="2022-06-13T21:15:49.3906335+02:00" endTime="2022-06-13T21:15:49.3906337+02:00" testType="13cdc9d9-ddb5-4fa4-a97d-d965ccfc6d4b" outcome="Passed" testListId="8c84fa94-04c1-424b-9868-57a2d4851a1d" relativeResultsDirectory="4c84c382-a60d-4fb1-ba36-f73b3720f595" />
    <UnitTestResult executionId="05a1cc09-1c5c-4f24-864d-b42f4332cde7" testId="48499d12-acd9-8513-1f00-a2b49278b2fc" testName="xUnitTestProject.CurrencyHelperTests.FormatToStringTest1000(price: 16030.852371789913, expected: &quot;16030.85 zł&quot;)" computerName="DESKTOP-5URQ9PB" duration="00:00:00.0000047" startTime="2022-06-13T21:15:49.4282890+02:00" endTime="2022-06-13T21:15:49.4282892+02:00" testType="13cdc9d9-ddb5-4fa4-a97d-d965ccfc6d4b" outcome="Passed" testListId="8c84fa94-04c1-424b-9868-57a2d4851a1d" relativeResultsDirectory="05a1cc09-1c5c-4f24-864d-b42f4332cde7" />
    <UnitTestResult executionId="13662088-b696-484d-8d4a-ba83fd59d41f" testId="331cc2f7-a1fa-edcf-e9a4-854a4876fe8a" testName="xUnitTestProject.CurrencyHelperTests.FormatToStringTest1000(price: 79764.77845563217, expected: &quot;79764.78 zł&quot;)" computerName="DESKTOP-5URQ9PB" duration="00:00:00.0000040" startTime="2022-06-13T21:15:49.3990080+02:00" endTime="2022-06-13T21:15:49.3990081+02:00" testType="13cdc9d9-ddb5-4fa4-a97d-d965ccfc6d4b" outcome="Passed" testListId="8c84fa94-04c1-424b-9868-57a2d4851a1d" relativeResultsDirectory="13662088-b696-484d-8d4a-ba83fd59d41f" />
    <UnitTestResult executionId="ff7de766-c45f-4cf1-be82-a206a82f34cc" testId="a73e7657-df2c-963a-69ef-cc5459fb4c2b" testName="xUnitTestProject.CurrencyHelperTests.FormatToStringTest1000(price: 79388.929555234, expected: &quot;79388.93 zł&quot;)" computerName="DESKTOP-5URQ9PB" duration="00:00:00.0000039" startTime="2022-06-13T21:15:49.4709175+02:00" endTime="2022-06-13T21:15:49.4709176+02:00" testType="13cdc9d9-ddb5-4fa4-a97d-d965ccfc6d4b" outcome="Passed" testListId="8c84fa94-04c1-424b-9868-57a2d4851a1d" relativeResultsDirectory="ff7de766-c45f-4cf1-be82-a206a82f34cc" />
    <UnitTestResult executionId="2c44a3d4-8cbc-4500-a32c-dc98510853a3" testId="eb3e6893-2377-abc3-6bc4-b22d25b0ece8" testName="xUnitTestProject.CurrencyHelperTests.FormatToStringTest1000(price: 44869.327020554025, expected: &quot;44869.33 zł&quot;)" computerName="DESKTOP-5URQ9PB" duration="00:00:00.0000040" startTime="2022-06-13T21:15:49.4986411+02:00" endTime="2022-06-13T21:15:49.4986415+02:00" testType="13cdc9d9-ddb5-4fa4-a97d-d965ccfc6d4b" outcome="Passed" testListId="8c84fa94-04c1-424b-9868-57a2d4851a1d" relativeResultsDirectory="2c44a3d4-8cbc-4500-a32c-dc98510853a3" />
    <UnitTestResult executionId="439a75d8-b2bf-4543-a6dc-ab47af8eced0" testId="bcd181d1-3270-76f5-9678-f35a85b0fff1" testName="xUnitTestProject.CurrencyHelperTests.FormatToStringTest1000(price: 9558.453124931293, expected: &quot;9558.45 zł&quot;)" computerName="DESKTOP-5URQ9PB" duration="00:00:00.0000038" startTime="2022-06-13T21:15:49.4883773+02:00" endTime="2022-06-13T21:15:49.4883774+02:00" testType="13cdc9d9-ddb5-4fa4-a97d-d965ccfc6d4b" outcome="Passed" testListId="8c84fa94-04c1-424b-9868-57a2d4851a1d" relativeResultsDirectory="439a75d8-b2bf-4543-a6dc-ab47af8eced0" />
    <UnitTestResult executionId="cc0f8310-93ce-47ee-b493-5e5e804a74c9" testId="da0fbf47-7a8c-b3ea-d30a-c0e3a737ca5d" testName="xUnitTestProject.CurrencyHelperTests.FormatToStringTest1000(price: 8514.837538072763, expected: &quot;8514.84 zł&quot;)" computerName="DESKTOP-5URQ9PB" duration="00:00:00.0000039" startTime="2022-06-13T21:15:49.4483466+02:00" endTime="2022-06-13T21:15:49.4483470+02:00" testType="13cdc9d9-ddb5-4fa4-a97d-d965ccfc6d4b" outcome="Passed" testListId="8c84fa94-04c1-424b-9868-57a2d4851a1d" relativeResultsDirectory="cc0f8310-93ce-47ee-b493-5e5e804a74c9" />
    <UnitTestResult executionId="5b92ca45-cd87-42c4-aba4-604278c5eba3" testId="ae0a2a8f-7404-db1c-88e4-d4970f3642af" testName="xUnitTestProject.CurrencyHelperTests.FormatToStringTest1000(price: 45340.017357165, expected: &quot;45340.02 zł&quot;)" computerName="DESKTOP-5URQ9PB" duration="00:00:00.0000041" startTime="2022-06-13T21:15:49.4424434+02:00" endTime="2022-06-13T21:15:49.4424436+02:00" testType="13cdc9d9-ddb5-4fa4-a97d-d965ccfc6d4b" outcome="Passed" testListId="8c84fa94-04c1-424b-9868-57a2d4851a1d" relativeResultsDirectory="5b92ca45-cd87-42c4-aba4-604278c5eba3" />
    <UnitTestResult executionId="6345bd29-b369-488e-94ce-bbe965088d09" testId="0f785118-4101-2fda-f887-c7a86673e736" testName="xUnitTestProject.CurrencyHelperTests.FormatToStringTest1000(price: 13092.45389243609, expected: &quot;13092.45 zł&quot;)" computerName="DESKTOP-5URQ9PB" duration="00:00:00.0000039" startTime="2022-06-13T21:15:49.4341724+02:00" endTime="2022-06-13T21:15:49.4341725+02:00" testType="13cdc9d9-ddb5-4fa4-a97d-d965ccfc6d4b" outcome="Passed" testListId="8c84fa94-04c1-424b-9868-57a2d4851a1d" relativeResultsDirectory="6345bd29-b369-488e-94ce-bbe965088d09" />
  </Results>
  <TestDefinitions>
    <UnitTest name="xUnitTestProject.CurrencyHelperTests.FormatToStringTest1000(price: 33970.38965150639, expected: &quot;33970.39 zł&quot;)" storage="c:\projekty\xunittestproject\bin\debug\netcoreapp3.1\xunittestproject.dll" id="1c4368b6-2172-3b52-0d12-0d33b2fcef8b">
      <Execution id="b13f157c-bb4a-489e-91cc-9a6bba2b809e" />
      <TestMethod codeBase="C:\Projekty\xUnitTestProject\bin\Debug\netcoreapp3.1\xUnitTestProject.dll" adapterTypeName="executor://xunit/VsTestRunner2/netcoreapp" className="xUnitTestProject.CurrencyHelperTests" name="FormatToStringTest1000" />
    </UnitTest>
    <UnitTest name="xUnitTestProject.CurrencyHelperTests.FormatToStringTest1000(price: 73372.53853826903, expected: &quot;73372.54 zł&quot;)" storage="c:\projekty\xunittestproject\bin\debug\netcoreapp3.1\xunittestproject.dll" id="5b7cf016-7948-5d44-c172-ab04f16e1bd2">
      <Execution id="69b6b625-a5bf-4797-aecf-88982b99ade2" />
      <TestMethod codeBase="C:\Projekty\xUnitTestProject\bin\Debug\netcoreapp3.1\xUnitTestProject.dll" adapterTypeName="executor://xunit/VsTestRunner2/netcoreapp" className="xUnitTestProject.CurrencyHelperTests" name="FormatToStringTest1000" />
    </UnitTest>
    <UnitTest name="xUnitTestProject.CurrencyHelperTests.FormatToStringTest1000(price: 35905.47425787219, expected: &quot;35905.47 zł&quot;)" storage="c:\projekty\xunittestproject\bin\debug\netcoreapp3.1\xunittestproject.dll" id="f3b15f6b-f00d-4e6c-f3c3-26bd7741dc5d">
      <Execution id="a461fd53-a808-4c8d-aa89-2ee4f6b7f4e1" />
      <TestMethod codeBase="C:\Projekty\xUnitTestProject\bin\Debug\netcoreapp3.1\xUnitTestProject.dll" adapterTypeName="executor://xunit/VsTestRunner2/netcoreapp" className="xUnitTestProject.CurrencyHelperTests" name="FormatToStringTest1000" />
    </UnitTest>
    <UnitTest name="xUnitTestProject.CurrencyHelperTests.FormatToStringTest1000(price: 22678.643495744862, expected: &quot;22678.64 zł&quot;)" storage="c:\projekty\xunittestproject\bin\debug\netcoreapp3.1\xunittestproject.dll" id="302cac3a-acd8-63e7-21fb-e5689524a492">
      <Execution id="876f3a00-fd7f-494c-b913-fc440385d85d" />
      <TestMethod codeBase="C:\Projekty\xUnitTestProject\bin\Debug\netcoreapp3.1\xUnitTestProject.dll" adapterTypeName="executor://xunit/VsTestRunner2/netcoreapp" className="xUnitTestProject.CurrencyHelperTests" name="FormatToStringTest1000" />
    </UnitTest>
    <UnitTest name="xUnitTestProject.CurrencyHelperTests.FormatToStringTest1000(price: 17031.365705376662, expected: &quot;17031.37 zł&quot;)" storage="c:\projekty\xunittestproject\bin\debug\netcoreapp3.1\xunittestproject.dll" id="54bc6f9e-1b35-cac3-f6ab-e594cab0fa7a">
      <Execution id="7123f190-eab5-4a78-a5f8-4b3f00f745a6" />
      <TestMethod codeBase="C:\Projekty\xUnitTestProject\bin\Debug\netcoreapp3.1\xUnitTestProject.dll" adapterTypeName="executor://xunit/VsTestRunner2/netcoreapp" className="xUnitTestProject.CurrencyHelperTests" name="FormatToStringTest1000" />
    </UnitTest>
    <UnitTest name="xUnitTestProject.CurrencyHelperTests.FormatToStringTest1000(price: 8514.837538072763, expected: &quot;8514.84 zł&quot;)" storage="c:\projekty\xunittestproject\bin\debug\netcoreapp3.1\xunittestproject.dll" id="da0fbf47-7a8c-b3ea-d30a-c0e3a737ca5d">
      <Execution id="cc0f8310-93ce-47ee-b493-5e5e804a74c9" />
      <TestMethod codeBase="C:\Projekty\xUnitTestProject\bin\Debug\netcoreapp3.1\xUnitTestProject.dll" adapterTypeName="executor://xunit/VsTestRunner2/netcoreapp" className="xUnitTestProject.CurrencyHelperTests" name="FormatToStringTest1000" />
    </UnitTest>
    <UnitTest name="xUnitTestProject.CurrencyHelperTests.FormatToStringTest1000(price: 78519.41691976106, expected: &quot;78519.42 zł&quot;)" storage="c:\projekty\xunittestproject\bin\debug\netcoreapp3.1\xunittestproject.dll" id="ab648c32-5363-622c-e305-880f5c60d7ae">
      <Execution id="9b1283d6-689c-44d5-a518-8c6e804d2ada" />
      <TestMethod codeBase="C:\Projekty\xUnitTestProject\bin\Debug\netcoreapp3.1\xUnitTestProject.dll" adapterTypeName="executor://xunit/VsTestRunner2/netcoreapp" className="xUnitTestProject.CurrencyHelperTests" name="FormatToStringTest1000" />
    </UnitTest>
    <UnitTest name="xUnitTestProject.CurrencyHelperTests.FormatToStringTest1000(price: 55457.96873490278, expected: &quot;55457.97 zł&quot;)" storage="c:\projekty\xunittestproject\bin\debug\netcoreapp3.1\xunittestproject.dll" id="adafe729-87a5-6f47-8e2f-84195056d442">
      <Execution id="d0b7e205-2c31-4dcf-9bc9-31a084f33eb1" />
      <TestMethod codeBase="C:\Projekty\xUnitTestProject\bin\Debug\netcoreapp3.1\xUnitTestProject.dll" adapterTypeName="executor://xunit/VsTestRunner2/netcoreapp" className="xUnitTestProject.CurrencyHelperTests" name="FormatToStringTest1000" />
    </UnitTest>
    <UnitTest name="xUnitTestProject.CurrencyHelperTests.FormatToStringTest1000(price: 4525.609305084501, expected: &quot;4525.61 zł&quot;)" storage="c:\projekty\xunittestproject\bin\debug\netcoreapp3.1\xunittestproject.dll" id="2a1ae3da-2a49-9688-92eb-6a1bc6d0cf01">
      <Execution id="4942b0d3-9d22-4aa7-b383-25b997eda2d5" />
      <TestMethod codeBase="C:\Projekty\xUnitTestProject\bin\Debug\netcoreapp3.1\xUnitTestProject.dll" adapterTypeName="executor://xunit/VsTestRunner2/netcoreapp" className="xUnitTestProject.CurrencyHelperTests" name="FormatToStringTest1000" />
    </UnitTest>
    <UnitTest name="xUnitTestProject.CurrencyHelperTests.FormatToStringTest1000(price: 5957.42161879941, expected: &quot;5957.42 zł&quot;)" storage="c:\projekty\xunittestproject\bin\debug\netcoreapp3.1\xunittestproject.dll" id="38b02068-987c-3dd3-28cd-9a07df85e95b">
      <Execution id="76577590-4def-42ef-a79e-bb52a75badca" />
      <TestMethod codeBase="C:\Projekty\xUnitTestProject\bin\Debug\netcoreapp3.1\xUnitTestProject.dll" adapterTypeName="executor://xunit/VsTestRunner2/netcoreapp" className="xUnitTestProject.CurrencyHelperTests" name="FormatToStringTest1000" />
    </UnitTest>
    <UnitTest name="xUnitTestProject.CurrencyHelperTests.FormatToStringTest1000(price: 37614.50159416278, expected: &quot;37614.50 zł&quot;)" storage="c:\projekty\xunittestproject\bin\debug\netcoreapp3.1\xunittestproject.dll" id="5b76fee7-881d-69f4-bb6e-50523ab527c9">
      <Execution id="1dc65567-d30e-419c-8e3c-8fe4e85c9965" />
      <TestMethod codeBase="C:\Projekty\xUnitTestProject\bin\Debug\netcoreapp3.1\xUnitTestProject.dll" adapterTypeName="executor://xunit/VsTestRunner2/netcoreapp" className="xUnitTestProject.CurrencyHelperTests" name="FormatToStringTest1000" />
    </UnitTest>
    <UnitTest name="xUnitTestProject.CurrencyHelperTests.FormatToStringTest1000(price: 28455.229970996843, expected: &quot;28455.23 zł&quot;)" storage="c:\projekty\xunittestproject\bin\debug\netcoreapp3.1\xunittestproject.dll" id="cd41d103-9666-3d37-803b-9b59446c01c4">
      <Execution id="760bc810-c1c9-4110-ab4c-03729d1a4cba" />
      <TestMethod codeBase="C:\Projekty\xUnitTestProject\bin\Debug\netcoreapp3.1\xUnitTestProject.dll" adapterTypeName="executor://xunit/VsTestRunner2/netcoreapp" className="xUnitTestProject.CurrencyHelperTests" name="FormatToStringTest1000" />
    </UnitTest>
    <UnitTest name="xUnitTestProject.CurrencyHelperTests.FormatToStringTest1000(price: 44499.288016808816, expected: &quot;44499.29 zł&quot;)" storage="c:\projekty\xunittestproject\bin\debug\netcoreapp3.1\xunittestproject.dll" id="0eee54e7-397f-944e-60ad-576b256307cf">
      <Execution id="60beecee-c355-4d57-b746-0ed6ec35f9a0" />
      <TestMethod codeBase="C:\Projekty\xUnitTestProject\bin\Debug\netcoreapp3.1\xUnitTestProject.dll" adapterTypeName="executor://xunit/VsTestRunner2/netcoreapp" className="xUnitTestProject.CurrencyHelperTests" name="FormatToStringTest1000" />
    </UnitTest>
    <UnitTest name="xUnitTestProject.CurrencyHelperTests.FormatToStringTest1000(price: 2292.8331871111104, expected: &quot;2292.83 zł&quot;)" storage="c:\projekty\xunittestproject\bin\debug\netcoreapp3.1\xunittestproject.dll" id="a90d1942-15f1-e50c-e63d-254e34e99bf5">
      <Execution id="3dde1b87-dc30-4e47-aa09-45431210b619" />
      <TestMethod codeBase="C:\Projekty\xUnitTestProject\bin\Debug\netcoreapp3.1\xUnitTestProject.dll" adapterTypeName="executor://xunit/VsTestRunner2/netcoreapp" className="xUnitTestProject.CurrencyHelperTests" name="FormatToStringTest1000" />
    </UnitTest>
    <UnitTest name="xUnitTestProject.CurrencyHelperTests.FormatToStringTest1000(price: 6676.5680544784145, expected: &quot;6676.57 zł&quot;)" storage="c:\projekty\xunittestproject\bin\debug\netcoreapp3.1\xunittestproject.dll" id="31700bf4-6510-c80b-a8c1-214e5c472432">
      <Execution id="3c194113-3f4b-4260-9ce3-53509f2fb6dc" />
      <TestMethod codeBase="C:\Projekty\xUnitTestProject\bin\Debug\netcoreapp3.1\xUnitTestProject.dll" adapterTypeName="executor://xunit/VsTestRunner2/netcoreapp" className="xUnitTestProject.CurrencyHelperTests" name="FormatToStringTest1000" />
    </UnitTest>
    <UnitTest name="xUnitTestProject.CurrencyHelperTests.FormatToStringTest1000(price: 26015.8311952552, expected: &quot;26015.83 zł&quot;)" storage="c:\projekty\xunittestproject\bin\debug\netcoreapp3.1\xunittestproject.dll" id="4fc181f0-ada2-9ab6-d52d-1988c5ebde7a">
      <Execution id="7ee754b8-9085-4f1c-a99e-ac0067bffeb7" />
      <TestMethod codeBase="C:\Projekty\xUnitTestProject\bin\Debug\netcoreapp3.1\xUnitTestProject.dll" adapterTypeName="executor://xunit/VsTestRunner2/netcoreapp" className="xUnitTestProject.CurrencyHelperTests" name="FormatToStringTest1000" />
    </UnitTest>
    <UnitTest name="xUnitTestProject.CurrencyHelperTests.FormatToStringTest1000(price: 16388.556189478633, expected: &quot;16388.56 zł&quot;)" storage="c:\projekty\xunittestproject\bin\debug\netcoreapp3.1\xunittestproject.dll" id="dbe8f5eb-581b-1146-9a97-1f79fbc0650a">
      <Execution id="e147ecc6-779a-4783-9d68-2ef333b46493" />
      <TestMethod codeBase="C:\Projekty\xUnitTestProject\bin\Debug\netcoreapp3.1\xUnitTestProject.dll" adapterTypeName="executor://xunit/VsTestRunner2/netcoreapp" className="xUnitTestProject.CurrencyHelperTests" name="FormatToStringTest1000" />
    </UnitTest>
    <UnitTest name="xUnitTestProject.CurrencyHelperTests.FormatToStringTest1000(price: 20640.678251201603, expected: &quot;20640.68 zł&quot;)" storage="c:\projekty\xunittestproject\bin\debug\netcoreapp3.1\xunittestproject.dll" id="244b13a7-ff72-5a50-f054-4ff8ceb0d499">
      <Execution id="6049f98a-3326-4e12-812c-cdd417bab042" />
      <TestMethod codeBase="C:\Projekty\xUnitTestProject\bin\Debug\netcoreapp3.1\xUnitTestProject.dll" adapterTypeName="executor://xunit/VsTestRunner2/netcoreapp" className="xUnitTestProject.CurrencyHelperTests" name="FormatToStringTest1000" />
    </UnitTest>
    <UnitTest name="xUnitTestProject.CurrencyHelperTests.FormatToStringTest1000(price: 3270.482477338743, expected: &quot;3270.48 zł&quot;)" storage="c:\projekty\xunittestproject\bin\debug\netcoreapp3.1\xunittestproject.dll" id="c25f3e77-3d72-0513-001e-286d17e294f3">
      <Execution id="1ef9bd97-6091-458c-bfcf-a61778c61d26" />
      <TestMethod codeBase="C:\Projekty\xUnitTestProject\bin\Debug\netcoreapp3.1\xUnitTestProject.dll" adapterTypeName="executor://xunit/VsTestRunner2/netcoreapp" className="xUnitTestProject.CurrencyHelperTests" name="FormatToStringTest1000" />
    </UnitTest>
    <UnitTest name="xUnitTestProject.CurrencyHelperTests.FormatToStringTest1000(price: 30383.303633991305, expected: &quot;30383.30 zł&quot;)" storage="c:\projekty\xunittestproject\bin\debug\netcoreapp3.1\xunittestproject.dll" id="324dfaf0-1df1-16d9-feec-f79f54001411">
      <Execution id="9b305cdf-e462-4beb-aee4-9391e7151c50" />
      <TestMethod codeBase="C:\Projekty\xUnitTestProject\bin\Debug\netcoreapp3.1\xUnitTestProject.dll" adapterTypeName="executor://xunit/VsTestRunner2/netcoreapp" className="xUnitTestProject.CurrencyHelperTests" name="FormatToStringTest1000" />
    </UnitTest>
    <UnitTest name="xUnitTestProject.CurrencyHelperTests.FormatToStringTest1000(price: 16416.109736457518, expected: &quot;16416.11 zł&quot;)" storage="c:\projekty\xunittestproject\bin\debug\netcoreapp3.1\xunittestproject.dll" id="954162af-ab17-e8a9-4ff5-8c9d29069f15">
      <Execution id="af178988-d1b4-4215-ab8d-59b93334d79e" />
      <TestMethod codeBase="C:\Projekty\xUnitTestProject\bin\Debug\netcoreapp3.1\xUnitTestProject.dll" adapterTypeName="executor://xunit/VsTestRunner2/netcoreapp" className="xUnitTestProject.CurrencyHelperTests" name="FormatToStringTest1000" />
    </UnitTest>
    <UnitTest name="xUnitTestProject.CurrencyHelperTests.FormatToStringTest1000(price: 19933.78650940945, expected: &quot;19933.79 zł&quot;)" storage="c:\projekty\xunittestproject\bin\debug\netcoreapp3.1\xunittestproject.dll" id="b8c9a81a-11ec-9afa-2e32-5c4408d66f0a">
      <Execution id="635f8f27-8fc9-438d-a96c-ce1112446625" />
      <TestMethod codeBase="C:\Projekty\xUnitTestProject\bin\Debug\netcoreapp3.1\xUnitTestProject.dll" adapterTypeName="executor://xunit/VsTestRunner2/netcoreapp" className="xUnitTestProject.CurrencyHelperTests" name="FormatToStringTest1000" />
    </UnitTest>
    <UnitTest name="xUnitTestProject.CurrencyHelperTests.FormatToStringTest1000(price: 45299.778512198376, expected: &quot;45299.78 zł&quot;)" storage="c:\projekty\xunittestproject\bin\debug\netcoreapp3.1\xunittestproject.dll" id="ada84f96-628a-be69-4c85-60683def0842">
      <Execution id="78814ffa-e2ab-452d-a0da-c1d546469cd8" />
      <TestMethod codeBase="C:\Projekty\xUnitTestProject\bin\Debug\netcoreapp3.1\xUnitTestProject.dll" adapterTypeName="executor://xunit/VsTestRunner2/netcoreapp" className="xUnitTestProject.CurrencyHelperTests" name="FormatToStringTest1000" />
    </UnitTest>
    <UnitTest name="xUnitTestProject.CurrencyHelperTests.FormatToStringTest1000(price: 1328.353302088265, expected: &quot;1328.35 zł&quot;)" storage="c:\projekty\xunittestproject\bin\debug\netcoreapp3.1\xunittestproject.dll" id="015022db-d96e-2b60-5477-1c6f1fa9a487">
      <Execution id="13e0214f-a2c5-4390-a345-f1f3c69ccce5" />
      <TestMethod codeBase="C:\Projekty\xUnitTestProject\bin\Debug\netcoreapp3.1\xUnitTestProject.dll" adapterTypeName="executor://xunit/VsTestRunner2/netcoreapp" className="xUnitTestProject.CurrencyHelperTests" name="FormatToStringTest1000" />
    </UnitTest>
    <UnitTest name="xUnitTestProject.CurrencyHelperTests.FormatToStringTest1000(price: 23684.695462791573, expected: &quot;23684.70 zł&quot;)" storage="c:\projekty\xunittestproject\bin\debug\netcoreapp3.1\xunittestproject.dll" id="23aaa466-cf05-d364-17da-f1d2a5004cf2">
      <Execution id="d62f1fc9-861d-4981-9945-b282755526f2" />
      <TestMethod codeBase="C:\Projekty\xUnitTestProject\bin\Debug\netcoreapp3.1\xUnitTestProject.dll" adapterTypeName="executor://xunit/VsTestRunner2/netcoreapp" className="xUnitTestProject.CurrencyHelperTests" name="FormatToStringTest1000" />
    </UnitTest>
    <UnitTest name="xUnitTestProject.CurrencyHelperTests.FormatToStringTest1000(price: 30722.846572104303, expected: &quot;30722.85 zł&quot;)" storage="c:\projekty\xunittestproject\bin\debug\netcoreapp3.1\xunittestproject.dll" id="c24ecee8-9b5d-eb63-8afc-f2b0a38b7a72">
      <Execution id="7397bc01-b55f-4e5a-b42e-c78d0690b44e" />
      <TestMethod codeBase="C:\Projekty\xUnitTestProject\bin\Debug\netcoreapp3.1\xUnitTestProject.dll" adapterTypeName="executor://xunit/VsTestRunner2/netcoreapp" className="xUnitTestProject.CurrencyHelperTests" name="FormatToStringTest1000" />
    </UnitTest>
    <UnitTest name="xUnitTestProject.CurrencyHelperTests.FormatToStringTest1000(price: 22330.217605518745, expected: &quot;22330.22 zł&quot;)" storage="c:\projekty\xunittestproject\bin\debug\netcoreapp3.1\xunittestproject.dll" id="1dbf06ec-4cde-4ef3-de39-b5efb671422f">
      <Execution id="a23c197a-d629-48fe-b513-6610c05118ff" />
      <TestMethod codeBase="C:\Projekty\xUnitTestProject\bin\Debug\netcoreapp3.1\xUnitTestProject.dll" adapterTypeName="executor://xunit/VsTestRunner2/netcoreapp" className="xUnitTestProject.CurrencyHelperTests" name="FormatToStringTest1000" />
    </UnitTest>
    <UnitTest name="xUnitTestProject.CurrencyHelperTests.FormatToStringTest1000(price: 59247.898931587064, expected: &quot;59247.90 zł&quot;)" storage="c:\projekty\xunittestproject\bin\debug\netcoreapp3.1\xunittestproject.dll" id="731a3faa-831a-30a7-eac4-75c26e15a8d7">
      <Execution id="15d116c6-8eec-4134-a051-95b31b8df14e" />
      <TestMethod codeBase="C:\Projekty\xUnitTestProject\bin\Debug\netcoreapp3.1\xUnitTestProject.dll" adapterTypeName="executor://xunit/VsTestRunner2/netcoreapp" className="xUnitTestProject.CurrencyHelperTests" name="FormatToStringTest1000" />
    </UnitTest>
    <UnitTest name="xUnitTestProject.CurrencyHelperTests.FormatToStringTest1000(price: 10762.501695533518, expected: &quot;10762.50 zł&quot;)" storage="c:\projekty\xunittestproject\bin\debug\netcoreapp3.1\xunittestproject.dll" id="632872cf-9e7c-9970-9f88-5a4077b29ff5">
      <Execution id="b5479176-4669-45da-9214-146fe4a81c97" />
      <TestMethod codeBase="C:\Projekty\xUnitTestProject\bin\Debug\netcoreapp3.1\xUnitTestProject.dll" adapterTypeName="executor://xunit/VsTestRunner2/netcoreapp" className="xUnitTestProject.CurrencyHelperTests" name="FormatToStringTest1000" />
    </UnitTest>
    <UnitTest name="xUnitTestProject.CurrencyHelperTests.FormatToStringTest1000(price: 29678.921519093645, expected: &quot;29678.92 zł&quot;)" storage="c:\projekty\xunittestproject\bin\debug\netcoreapp3.1\xunittestproject.dll" id="f6807856-920c-b4f6-bd05-450a0bb2d3bd">
      <Execution id="3cb03ca0-0a5d-4daa-adaf-6b12bd968a5e" />
      <TestMethod codeBase="C:\Projekty\xUnitTestProject\bin\Debug\netcoreapp3.1\xUnitTestProject.dll" adapterTypeName="executor://xunit/VsTestRunner2/netcoreapp" className="xUnitTestProject.CurrencyHelperTests" name="FormatToStringTest1000" />
    </UnitTest>
    <UnitTest name="xUnitTestProject.CurrencyHelperTests.FormatToStringTest1000(price: 17835.54606576988, expected: &quot;17835.55 zł&quot;)" storage="c:\projekty\xunittestproject\bin\debug\netcoreapp3.1\xunittestproject.dll" id="40049265-1e97-9ed6-58fa-5d084054c7cc">
      <Execution id="aaa8689a-d662-4a22-9ddb-79fccbc1f459" />
      <TestMethod codeBase="C:\Projekty\xUnitTestProject\bin\Debug\netcoreapp3.1\xUnitTestProject.dll" adapterTypeName="executor://xunit/VsTestRunner2/netcoreapp" className="xUnitTestProject.CurrencyHelperTests" name="FormatToStringTest1000" />
    </UnitTest>
    <UnitTest name="xUnitTestProject.CurrencyHelperTests.FormatToStringTest1000(price: 7119.076353227755, expected: &quot;7119.08 zł&quot;)" storage="c:\projekty\xunittestproject\bin\debug\netcoreapp3.1\xunittestproject.dll" id="bcd74692-fcc7-2c4c-b52b-85aae8ab43ad">
      <Execution id="7562d232-df0a-4a2d-a004-8b184a8c46b4" />
      <TestMethod codeBase="C:\Projekty\xUnitTestProject\bin\Debug\netcoreapp3.1\xUnitTestProject.dll" adapterTypeName="executor://xunit/VsTestRunner2/netcoreapp" className="xUnitTestProject.CurrencyHelperTests" name="FormatToStringTest1000" />
    </UnitTest>
    <UnitTest name="xUnitTestProject.CurrencyHelperTests.FormatToStringTest1000(price: 19541.10539777116, expected: &quot;19541.11 zł&quot;)" storage="c:\projekty\xunittestproject\bin\debug\netcoreapp3.1\xunittestproject.dll" id="534fc948-8601-de40-7f94-04ae4333536f">
      <Execution id="99805b0a-4eaa-402f-b5fe-142ec5e0cba7" />
      <TestMethod codeBase="C:\Projekty\xUnitTestProject\bin\Debug\netcoreapp3.1\xUnitTestProject.dll" adapterTypeName="executor://xunit/VsTestRunner2/netcoreapp" className="xUnitTestProject.CurrencyHelperTests" name="FormatToStringTest1000" />
    </UnitTest>
    <UnitTest name="xUnitTestProject.CurrencyHelperTests.FormatToStringTest1000(price: 25288.32036814574, expected: &quot;25288.32 zł&quot;)" storage="c:\projekty\xunittestproject\bin\debug\netcoreapp3.1\xunittestproject.dll" id="5b94edbf-3c78-7105-4ec5-f34d39e55c58">
      <Execution id="060eed3f-3486-4652-aa87-f1472838d691" />
      <TestMethod codeBase="C:\Projekty\xUnitTestProject\bin\Debug\netcoreapp3.1\xUnitTestProject.dll" adapterTypeName="executor://xunit/VsTestRunner2/netcoreapp" className="xUnitTestProject.CurrencyHelperTests" name="FormatToStringTest1000" />
    </UnitTest>
    <UnitTest name="xUnitTestProject.CurrencyHelperTests.FormatToStringTest1000(price: 22494.46807976834, expected: &quot;22494.47 zł&quot;)" storage="c:\projekty\xunittestproject\bin\debug\netcoreapp3.1\xunittestproject.dll" id="3b87d198-4b64-d5ab-66c4-ae53f55f5bdf">
      <Execution id="4e14bd8d-d3b3-49cd-98f0-565490bdac94" />
      <TestMethod codeBase="C:\Projekty\xUnitTestProject\bin\Debug\netcoreapp3.1\xUnitTestProject.dll" adapterTypeName="executor://xunit/VsTestRunner2/netcoreapp" className="xUnitTestProject.CurrencyHelperTests" name="FormatToStringTest1000" />
    </UnitTest>
    <UnitTest name="xUnitTestProject.CurrencyHelperTests.FormatToStringTest1000(price: 6170.939441211959, expected: &quot;6170.94 zł&quot;)" storage="c:\projekty\xunittestproject\bin\debug\netcoreapp3.1\xunittestproject.dll" id="e6f6cc53-8c3a-da20-bc77-8b2d112d8374">
      <Execution id="e335f154-105a-4c61-a8d0-b42d3f5a1f55" />
      <TestMethod codeBase="C:\Projekty\xUnitTestProject\bin\Debug\netcoreapp3.1\xUnitTestProject.dll" adapterTypeName="executor://xunit/VsTestRunner2/netcoreapp" className="xUnitTestProject.CurrencyHelperTests" name="FormatToStringTest1000" />
    </UnitTest>
    <UnitTest name="xUnitTestProject.CurrencyHelperTests.FormatToStringTest1000(price: 7004.710832051798, expected: &quot;7004.71 zł&quot;)" storage="c:\projekty\xunittestproject\bin\debug\netcoreapp3.1\xunittestproject.dll" id="7d53e462-1288-fbb2-1f6d-75cbd2a2eb44">
      <Execution id="e920dcce-16d6-415f-88ea-356f9438cd6d" />
      <TestMethod codeBase="C:\Projekty\xUnitTestProject\bin\Debug\netcoreapp3.1\xUnitTestProject.dll" adapterTypeName="executor://xunit/VsTestRunner2/netcoreapp" className="xUnitTestProject.CurrencyHelperTests" name="FormatToStringTest1000" />
    </UnitTest>
    <UnitTest name="xUnitTestProject.CurrencyHelperTests.FormatToStringTest1000(price: 88489.14069749469, expected: &quot;88489.14 zł&quot;)" storage="c:\projekty\xunittestproject\bin\debug\netcoreapp3.1\xunittestproject.dll" id="537f8fc0-34c4-479b-bc61-34b31d069aae">
      <Execution id="14b72af1-0be6-48b9-bf12-fcadbe741673" />
      <TestMethod codeBase="C:\Projekty\xUnitTestProject\bin\Debug\netcoreapp3.1\xUnitTestProject.dll" adapterTypeName="executor://xunit/VsTestRunner2/netcoreapp" className="xUnitTestProject.CurrencyHelperTests" name="FormatToStringTest1000" />
    </UnitTest>
    <UnitTest name="xUnitTestProject.CurrencyHelperTests.FormatToStringTest1000(price: 54088.326214851964, expected: &quot;54088.33 zł&quot;)" storage="c:\projekty\xunittestproject\bin\debug\netcoreapp3.1\xunittestproject.dll" id="5554cc9d-410c-0a03-5c37-393e64fd2d26">
      <Execution id="136572a0-6617-4812-be69-5d779df1dfb6" />
      <TestMethod codeBase="C:\Projekty\xUnitTestProject\bin\Debug\netcoreapp3.1\xUnitTestProject.dll" adapterTypeName="executor://xunit/VsTestRunner2/netcoreapp" className="xUnitTestProject.CurrencyHelperTests" name="FormatToStringTest1000" />
    </UnitTest>
    <UnitTest name="xUnitTestProject.CurrencyHelperTests.FormatToStringTest1000(price: 740.3213011405064, expected: &quot;740.32 zł&quot;)" storage="c:\projekty\xunittestproject\bin\debug\netcoreapp3.1\xunittestproject.dll" id="b59817a2-024b-f794-3f46-68714948a01a">
      <Execution id="02bb322c-97fb-4d5a-9167-3b49a357406c" />
      <TestMethod codeBase="C:\Projekty\xUnitTestProject\bin\Debug\netcoreapp3.1\xUnitTestProject.dll" adapterTypeName="executor://xunit/VsTestRunner2/netcoreapp" className="xUnitTestProject.CurrencyHelperTests" name="FormatToStringTest1000" />
    </UnitTest>
    <UnitTest name="xUnitTestProject.CurrencyHelperTests.FormatToStringTest1000(price: 3043.6828298227315, expected: &quot;3043.68 zł&quot;)" storage="c:\projekty\xunittestproject\bin\debug\netcoreapp3.1\xunittestproject.dll" id="1d4cd445-caf0-beba-56bf-67413439f9ab">
      <Execution id="bf93720d-215a-4610-8b50-cb2ecdea820a" />
      <TestMethod codeBase="C:\Projekty\xUnitTestProject\bin\Debug\netcoreapp3.1\xUnitTestProject.dll" adapterTypeName="executor://xunit/VsTestRunner2/netcoreapp" className="xUnitTestProject.CurrencyHelperTests" name="FormatToStringTest1000" />
    </UnitTest>
    <UnitTest name="xUnitTestProject.CurrencyHelperTests.FormatToStringTest1000(price: 9068.70019550468, expected: &quot;9068.70 zł&quot;)" storage="c:\projekty\xunittestproject\bin\debug\netcoreapp3.1\xunittestproject.dll" id="0e441c44-ccc7-5318-d743-a0646c26f920">
      <Execution id="5d13fdd0-0327-487d-9ea1-7ec6d1b5a89e" />
      <TestMethod codeBase="C:\Projekty\xUnitTestProject\bin\Debug\netcoreapp3.1\xUnitTestProject.dll" adapterTypeName="executor://xunit/VsTestRunner2/netcoreapp" className="xUnitTestProject.CurrencyHelperTests" name="FormatToStringTest1000" />
    </UnitTest>
    <UnitTest name="xUnitTestProject.CurrencyHelperTests.FormatToStringTest1000(price: 57671.67669738675, expected: &quot;57671.68 zł&quot;)" storage="c:\projekty\xunittestproject\bin\debug\netcoreapp3.1\xunittestproject.dll" id="fe5f39e6-4cd0-a90c-3fd0-4ec94c3771bb">
      <Execution id="063528dd-eadd-4a47-963d-ed193642f526" />
      <TestMethod codeBase="C:\Projekty\xUnitTestProject\bin\Debug\netcoreapp3.1\xUnitTestProject.dll" adapterTypeName="executor://xunit/VsTestRunner2/netcoreapp" className="xUnitTestProject.CurrencyHelperTests" name="FormatToStringTest1000" />
    </UnitTest>
    <UnitTest name="xUnitTestProject.CurrencyHelperTests.FormatToStringTest1000(price: 23612.114499758984, expected: &quot;23612.11 zł&quot;)" storage="c:\projekty\xunittestproject\bin\debug\netcoreapp3.1\xunittestproject.dll" id="bc83fa3c-576f-30a6-fe1b-a25c896763ba">
      <Execution id="d4ed7ac3-0848-4445-a701-d5c5924338d2" />
      <TestMethod codeBase="C:\Projekty\xUnitTestProject\bin\Debug\netcoreapp3.1\xUnitTestProject.dll" adapterTypeName="executor://xunit/VsTestRunner2/netcoreapp" className="xUnitTestProject.CurrencyHelperTests" name="FormatToStringTest1000" />
    </UnitTest>
    <UnitTest name="xUnitTestProject.CurrencyHelperTests.FormatToStringTest1000(price: 151.50737175275916, expected: &quot;151.51 zł&quot;)" storage="c:\projekty\xunittestproject\bin\debug\netcoreapp3.1\xunittestproject.dll" id="d30d3b94-edb3-8c77-afa5-d7e300714162">
      <Execution id="19b23378-60e2-488b-98de-367f09c17b0e" />
      <TestMethod codeBase="C:\Projekty\xUnitTestProject\bin\Debug\netcoreapp3.1\xUnitTestProject.dll" adapterTypeName="executor://xunit/VsTestRunner2/netcoreapp" className="xUnitTestProject.CurrencyHelperTests" name="FormatToStringTest1000" />
    </UnitTest>
    <UnitTest name="xUnitTestProject.CurrencyHelperTests.FormatToStringTest1000(price: 30499.08272379734, expected: &quot;30499.08 zł&quot;)" storage="c:\projekty\xunittestproject\bin\debug\netcoreapp3.1\xunittestproject.dll" id="89c1bc9c-fd1f-546d-3081-e1943d5ea5fd">
      <Execution id="9cb7d310-da99-4027-a1c1-28f64296adff" />
      <TestMethod codeBase="C:\Projekty\xUnitTestProject\bin\Debug\netcoreapp3.1\xUnitTestProject.dll" adapterTypeName="executor://xunit/VsTestRunner2/netcoreapp" className="xUnitTestProject.CurrencyHelperTests" name="FormatToStringTest1000" />
    </UnitTest>
    <UnitTest name="xUnitTestProject.CurrencyHelperTests.FormatToStringTest1000(price: 59283.7670322637, expected: &quot;59283.77 zł&quot;)" storage="c:\projekty\xunittestproject\bin\debug\netcoreapp3.1\xunittestproject.dll" id="86b56171-19f4-76a4-c109-8879ac5bbbd7">
      <Execution id="bf731f29-26af-439d-878f-83566d62e288" />
      <TestMethod codeBase="C:\Projekty\xUnitTestProject\bin\Debug\netcoreapp3.1\xUnitTestProject.dll" adapterTypeName="executor://xunit/VsTestRunner2/netcoreapp" className="xUnitTestProject.CurrencyHelperTests" name="FormatToStringTest1000" />
    </UnitTest>
    <UnitTest name="xUnitTestProject.CurrencyHelperTests.FormatToStringTest1000(price: 34458.5406463512, expected: &quot;34458.54 zł&quot;)" storage="c:\projekty\xunittestproject\bin\debug\netcoreapp3.1\xunittestproject.dll" id="5fe9c184-b316-2ed8-da8c-d7dc0b588adb">
      <Execution id="6e457863-2594-44ec-938c-85266f5fee1d" />
      <TestMethod codeBase="C:\Projekty\xUnitTestProject\bin\Debug\netcoreapp3.1\xUnitTestProject.dll" adapterTypeName="executor://xunit/VsTestRunner2/netcoreapp" className="xUnitTestProject.CurrencyHelperTests" name="FormatToStringTest1000" />
    </UnitTest>
    <UnitTest name="xUnitTestProject.CurrencyHelperTests.FormatToStringTest1000(price: 6035.818653228608, expected: &quot;6035.82 zł&quot;)" storage="c:\projekty\xunittestproject\bin\debug\netcoreapp3.1\xunittestproject.dll" id="bac2e760-c57c-379d-cca8-5272b1f0e7e5">
      <Execution id="d28676d9-c6fa-4380-b475-9dbc3bbd765d" />
      <TestMethod codeBase="C:\Projekty\xUnitTestProject\bin\Debug\netcoreapp3.1\xUnitTestProject.dll" adapterTypeName="executor://xunit/VsTestRunner2/netcoreapp" className="xUnitTestProject.CurrencyHelperTests" name="FormatToStringTest1000" />
    </UnitTest>
    <UnitTest name="xUnitTestProject.CurrencyHelperTests.FormatToStringTest1000(price: 5810.695934967462, expected: &quot;5810.70 zł&quot;)" storage="c:\projekty\xunittestproject\bin\debug\netcoreapp3.1\xunittestproject.dll" id="d6ef55e8-c5e6-5de1-49ad-15c2ce305191">
      <Execution id="8c154f92-182e-41ba-a607-38c97d53e376" />
      <TestMethod codeBase="C:\Projekty\xUnitTestProject\bin\Debug\netcoreapp3.1\xUnitTestProject.dll" adapterTypeName="executor://xunit/VsTestRunner2/netcoreapp" className="xUnitTestProject.CurrencyHelperTests" name="FormatToStringTest1000" />
    </UnitTest>
    <UnitTest name="xUnitTestProject.CurrencyHelperTests.FormatToStringTest1000(price: 24768.25771770359, expected: &quot;24768.26 zł&quot;)" storage="c:\projekty\xunittestproject\bin\debug\netcoreapp3.1\xunittestproject.dll" id="9391af43-2aec-63c3-c456-eaf3d57ab573">
      <Execution id="9078e197-034b-4574-b64d-a88a1b0c07e2" />
      <TestMethod codeBase="C:\Projekty\xUnitTestProject\bin\Debug\netcoreapp3.1\xUnitTestProject.dll" adapterTypeName="executor://xunit/VsTestRunner2/netcoreapp" className="xUnitTestProject.CurrencyHelperTests" name="FormatToStringTest1000" />
    </UnitTest>
    <UnitTest name="xUnitTestProject.CurrencyHelperTests.FormatToStringTest1000(price: 36893.66238331593, expected: &quot;36893.66 zł&quot;)" storage="c:\projekty\xunittestproject\bin\debug\netcoreapp3.1\xunittestproject.dll" id="e6ca1d81-dcf2-fd0d-938d-c5551a71b09d">
      <Execution id="e951019d-32b7-4fc2-ac82-5aa4d34dced7" />
      <TestMethod codeBase="C:\Projekty\xUnitTestProject\bin\Debug\netcoreapp3.1\xUnitTestProject.dll" adapterTypeName="executor://xunit/VsTestRunner2/netcoreapp" className="xUnitTestProject.CurrencyHelperTests" name="FormatToStringTest1000" />
    </UnitTest>
    <UnitTest name="xUnitTestProject.CurrencyHelperTests.FormatToStringTest1000(price: 2339.5873176472205, expected: &quot;2339.59 zł&quot;)" storage="c:\projekty\xunittestproject\bin\debug\netcoreapp3.1\xunittestproject.dll" id="97d8215e-c1fc-21f7-065d-165363a0a007">
      <Execution id="4123b62a-f76a-4680-ae21-2ed50d7ea4df" />
      <TestMethod codeBase="C:\Projekty\xUnitTestProject\bin\Debug\netcoreapp3.1\xUnitTestProject.dll" adapterTypeName="executor://xunit/VsTestRunner2/netcoreapp" className="xUnitTestProject.CurrencyHelperTests" name="FormatToStringTest1000" />
    </UnitTest>
    <UnitTest name="xUnitTestProject.CurrencyHelperTests.FormatToStringTest1000(price: 7569.605888796322, expected: &quot;7569.61 zł&quot;)" storage="c:\projekty\xunittestproject\bin\debug\netcoreapp3.1\xunittestproject.dll" id="95df1eac-f3bd-b207-f98c-5233af246763">
      <Execution id="a2cfd743-4c80-49af-a132-d998a8b77950" />
      <TestMethod codeBase="C:\Projekty\xUnitTestProject\bin\Debug\netcoreapp3.1\xUnitTestProject.dll" adapterTypeName="executor://xunit/VsTestRunner2/netcoreapp" className="xUnitTestProject.CurrencyHelperTests" name="FormatToStringTest1000" />
    </UnitTest>
    <UnitTest name="xUnitTestProject.CurrencyHelperTests.FormatToStringTest1000(price: 28033.439084134738, expected: &quot;28033.44 zł&quot;)" storage="c:\projekty\xunittestproject\bin\debug\netcoreapp3.1\xunittestproject.dll" id="05d28227-9bee-a7ac-5d44-a19da1f5106c">
      <Execution id="1d430b58-535d-459e-bff4-9e9227e3b5e6" />
      <TestMethod codeBase="C:\Projekty\xUnitTestProject\bin\Debug\netcoreapp3.1\xUnitTestProject.dll" adapterTypeName="executor://xunit/VsTestRunner2/netcoreapp" className="xUnitTestProject.CurrencyHelperTests" name="FormatToStringTest1000" />
    </UnitTest>
    <UnitTest name="xUnitTestProject.CurrencyHelperTests.FormatToStringTest1000(price: 15520.346099893259, expected: &quot;15520.35 zł&quot;)" storage="c:\projekty\xunittestproject\bin\debug\netcoreapp3.1\xunittestproject.dll" id="3e5b1b26-ce6a-72cd-5d99-1c229fd90703">
      <Execution id="7395fdfb-444e-40a4-a801-afee04768b28" />
      <TestMethod codeBase="C:\Projekty\xUnitTestProject\bin\Debug\netcoreapp3.1\xUnitTestProject.dll" adapterTypeName="executor://xunit/VsTestRunner2/netcoreapp" className="xUnitTestProject.CurrencyHelperTests" name="FormatToStringTest1000" />
    </UnitTest>
    <UnitTest name="xUnitTestProject.CurrencyHelperTests.FormatToStringTest1000(price: 4139.032615562451, expected: &quot;4139.03 zł&quot;)" storage="c:\projekty\xunittestproject\bin\debug\netcoreapp3.1\xunittestproject.dll" id="0095ae63-2136-ec44-562f-f92a8a9ed8f7">
      <Execution id="7c16f856-8d50-45ec-ae49-7ca51d176c4a" />
      <TestMethod codeBase="C:\Projekty\xUnitTestProject\bin\Debug\netcoreapp3.1\xUnitTestProject.dll" adapterTypeName="executor://xunit/VsTestRunner2/netcoreapp" className="xUnitTestProject.CurrencyHelperTests" name="FormatToStringTest1000" />
    </UnitTest>
    <UnitTest name="xUnitTestProject.CurrencyHelperTests.FormatToStringTest1000(price: 15907.394871033446, expected: &quot;15907.39 zł&quot;)" storage="c:\projekty\xunittestproject\bin\debug\netcoreapp3.1\xunittestproject.dll" id="4308f885-151f-014b-166d-40692645a73a">
      <Execution id="04fe8118-e324-4b20-88ee-d5cb32349bfb" />
      <TestMethod codeBase="C:\Projekty\xUnitTestProject\bin\Debug\netcoreapp3.1\xUnitTestProject.dll" adapterTypeName="executor://xunit/VsTestRunner2/netcoreapp" className="xUnitTestProject.CurrencyHelperTests" name="FormatToStringTest1000" />
    </UnitTest>
    <UnitTest name="xUnitTestProject.CurrencyHelperTests.FormatToStringTest1000(price: 71554.9786298829, expected: &quot;71554.98 zł&quot;)" storage="c:\projekty\xunittestproject\bin\debug\netcoreapp3.1\xunittestproject.dll" id="422cd58a-1607-1b98-484d-a3568b92bd13">
      <Execution id="0343c11b-49f3-4bfb-90c8-a24734bdc4c7" />
      <TestMethod codeBase="C:\Projekty\xUnitTestProject\bin\Debug\netcoreapp3.1\xUnitTestProject.dll" adapterTypeName="executor://xunit/VsTestRunner2/netcoreapp" className="xUnitTestProject.CurrencyHelperTests" name="FormatToStringTest1000" />
    </UnitTest>
    <UnitTest name="xUnitTestProject.CurrencyHelperTests.FormatToStringTest1000(price: 30138.55109863102, expected: &quot;30138.55 zł&quot;)" storage="c:\projekty\xunittestproject\bin\debug\netcoreapp3.1\xunittestproject.dll" id="0a2dd6c8-dd3b-c34c-d236-39c95cee3b33">
      <Execution id="e8a5389e-bbf1-417a-8445-1812550bf108" />
      <TestMethod codeBase="C:\Projekty\xUnitTestProject\bin\Debug\netcoreapp3.1\xUnitTestProject.dll" adapterTypeName="executor://xunit/VsTestRunner2/netcoreapp" className="xUnitTestProject.CurrencyHelperTests" name="FormatToStringTest1000" />
    </UnitTest>
    <UnitTest name="xUnitTestProject.CurrencyHelperTests.FormatToStringTest1000(price: 51632.87002968503, expected: &quot;51632.87 zł&quot;)" storage="c:\projekty\xunittestproject\bin\debug\netcoreapp3.1\xunittestproject.dll" id="017ca1fc-bbca-8181-b3ea-3373763e884b">
      <Execution id="b7eb4bce-92a4-439d-9391-f1421dee6a99" />
      <TestMethod codeBase="C:\Projekty\xUnitTestProject\bin\Debug\netcoreapp3.1\xUnitTestProject.dll" adapterTypeName="executor://xunit/VsTestRunner2/netcoreapp" className="xUnitTestProject.CurrencyHelperTests" name="FormatToStringTest1000" />
    </UnitTest>
    <UnitTest name="xUnitTestProject.CurrencyHelperTests.FormatToStringTest1000(price: 12610.563163818122, expected: &quot;12610.56 zł&quot;)" storage="c:\projekty\xunittestproject\bin\debug\netcoreapp3.1\xunittestproject.dll" id="744b047e-9ee3-164d-c478-0183e3fd850c">
      <Execution id="d186a849-e484-4200-8acc-1a2e9c360b79" />
      <TestMethod codeBase="C:\Projekty\xUnitTestProject\bin\Debug\netcoreapp3.1\xUnitTestProject.dll" adapterTypeName="executor://xunit/VsTestRunner2/netcoreapp" className="xUnitTestProject.CurrencyHelperTests" name="FormatToStringTest1000" />
    </UnitTest>
    <UnitTest name="xUnitTestProject.CurrencyHelperTests.FormatToStringTest1000(price: 23282.56178903047, expected: &quot;23282.56 zł&quot;)" storage="c:\projekty\xunittestproject\bin\debug\netcoreapp3.1\xunittestproject.dll" id="e905c24a-e819-fe18-0852-b70c2080c17c">
      <Execution id="e2ebcb95-06c8-4a78-a760-38d690abb206" />
      <TestMethod codeBase="C:\Projekty\xUnitTestProject\bin\Debug\netcoreapp3.1\xUnitTestProject.dll" adapterTypeName="executor://xunit/VsTestRunner2/netcoreapp" className="xUnitTestProject.CurrencyHelperTests" name="FormatToStringTest1000" />
    </UnitTest>
    <UnitTest name="xUnitTestProject.CurrencyHelperTests.FormatToStringTest1000(price: 68011.49219071423, expected: &quot;68011.49 zł&quot;)" storage="c:\projekty\xunittestproject\bin\debug\netcoreapp3.1\xunittestproject.dll" id="d39c6f9f-bd62-16f2-5a23-b15da9df82dd">
      <Execution id="f8adaad5-bd25-4f24-bc3d-9021ca0894e7" />
      <TestMethod codeBase="C:\Projekty\xUnitTestProject\bin\Debug\netcoreapp3.1\xUnitTestProject.dll" adapterTypeName="executor://xunit/VsTestRunner2/netcoreapp" className="xUnitTestProject.CurrencyHelperTests" name="FormatToStringTest1000" />
    </UnitTest>
    <UnitTest name="xUnitTestProject.CurrencyHelperTests.FormatToStringTest1000(price: 1228.101744225296, expected: &quot;1228.10 zł&quot;)" storage="c:\projekty\xunittestproject\bin\debug\netcoreapp3.1\xunittestproject.dll" id="27c9de3f-c624-ee93-069f-2072d9c30f0a">
      <Execution id="ec4a90f3-d6fd-44d0-b5a2-48e6be2a613c" />
      <TestMethod codeBase="C:\Projekty\xUnitTestProject\bin\Debug\netcoreapp3.1\xUnitTestProject.dll" adapterTypeName="executor://xunit/VsTestRunner2/netcoreapp" className="xUnitTestProject.CurrencyHelperTests" name="FormatToStringTest1000" />
    </UnitTest>
    <UnitTest name="xUnitTestProject.CurrencyHelperTests.FormatToStringTest1000(price: 57809.74722876295, expected: &quot;57809.75 zł&quot;)" storage="c:\projekty\xunittestproject\bin\debug\netcoreapp3.1\xunittestproject.dll" id="1dbbe335-bc13-7d9d-496f-d39e25173610">
      <Execution id="8b28f776-3b0a-4faf-b2b6-1cb374bce1d0" />
      <TestMethod codeBase="C:\Projekty\xUnitTestProject\bin\Debug\netcoreapp3.1\xUnitTestProject.dll" adapterTypeName="executor://xunit/VsTestRunner2/netcoreapp" className="xUnitTestProject.CurrencyHelperTests" name="FormatToStringTest1000" />
    </UnitTest>
    <UnitTest name="xUnitTestProject.CurrencyHelperTests.FormatToStringTest1000(price: 35714.78133482243, expected: &quot;35714.78 zł&quot;)" storage="c:\projekty\xunittestproject\bin\debug\netcoreapp3.1\xunittestproject.dll" id="9af1084a-697b-14e3-b169-a799a0af5e73">
      <Execution id="53a12dae-e2b2-4423-9653-096d6bfc376b" />
      <TestMethod codeBase="C:\Projekty\xUnitTestProject\bin\Debug\netcoreapp3.1\xUnitTestProject.dll" adapterTypeName="executor://xunit/VsTestRunner2/netcoreapp" className="xUnitTestProject.CurrencyHelperTests" name="FormatToStringTest1000" />
    </UnitTest>
    <UnitTest name="xUnitTestProject.CurrencyHelperTests.FormatToStringTest1000(price: 20497.107923553376, expected: &quot;20497.11 zł&quot;)" storage="c:\projekty\xunittestproject\bin\debug\netcoreapp3.1\xunittestproject.dll" id="dbf6f9ae-d4e2-c907-2228-ff1a571678a6">
      <Execution id="16aaaae4-c69a-4656-b666-d9b4ffe64b5b" />
      <TestMethod codeBase="C:\Projekty\xUnitTestProject\bin\Debug\netcoreapp3.1\xUnitTestProject.dll" adapterTypeName="executor://xunit/VsTestRunner2/netcoreapp" className="xUnitTestProject.CurrencyHelperTests" name="FormatToStringTest1000" />
    </UnitTest>
    <UnitTest name="xUnitTestProject.CurrencyHelperTests.FormatToStringTest1000(price: 29539.32303995328, expected: &quot;29539.32 zł&quot;)" storage="c:\projekty\xunittestproject\bin\debug\netcoreapp3.1\xunittestproject.dll" id="90e736db-bebc-59eb-dcfd-94a08c26727f">
      <Execution id="bdcd2c39-26e4-407d-b321-2fbf7b7976cf" />
      <TestMethod codeBase="C:\Projekty\xUnitTestProject\bin\Debug\netcoreapp3.1\xUnitTestProject.dll" adapterTypeName="executor://xunit/VsTestRunner2/netcoreapp" className="xUnitTestProject.CurrencyHelperTests" name="FormatToStringTest1000" />
    </UnitTest>
    <UnitTest name="xUnitTestProject.CurrencyHelperTests.FormatToStringTest1000(price: 26843.15785584932, expected: &quot;26843.16 zł&quot;)" storage="c:\projekty\xunittestproject\bin\debug\netcoreapp3.1\xunittestproject.dll" id="6c2df068-e073-781f-ed58-d73445937e1f">
      <Execution id="2d804af2-2d1b-4f5f-a3d9-452532e144de" />
      <TestMethod codeBase="C:\Projekty\xUnitTestProject\bin\Debug\netcoreapp3.1\xUnitTestProject.dll" adapterTypeName="executor://xunit/VsTestRunner2/netcoreapp" className="xUnitTestProject.CurrencyHelperTests" name="FormatToStringTest1000" />
    </UnitTest>
    <UnitTest name="xUnitTestProject.CurrencyHelperTests.FormatToStringTest1000(price: 3694.480496819355, expected: &quot;3694.48 zł&quot;)" storage="c:\projekty\xunittestproject\bin\debug\netcoreapp3.1\xunittestproject.dll" id="34bdc501-b6be-65bd-2c54-6d143c30390e">
      <Execution id="3c30f047-ec3b-46cd-8f82-c3b0c4b42b3c" />
      <TestMethod codeBase="C:\Projekty\xUnitTestProject\bin\Debug\netcoreapp3.1\xUnitTestProject.dll" adapterTypeName="executor://xunit/VsTestRunner2/netcoreapp" className="xUnitTestProject.CurrencyHelperTests" name="FormatToStringTest1000" />
    </UnitTest>
    <UnitTest name="xUnitTestProject.CurrencyHelperTests.FormatToStringTest1000(price: 46391.661094229516, expected: &quot;46391.66 zł&quot;)" storage="c:\projekty\xunittestproject\bin\debug\netcoreapp3.1\xunittestproject.dll" id="4637cc44-56b0-2010-e4d2-4d7d6320ef09">
      <Execution id="b2f496ff-91a4-4f37-b1bb-8032915ef067" />
      <TestMethod codeBase="C:\Projekty\xUnitTestProject\bin\Debug\netcoreapp3.1\xUnitTestProject.dll" adapterTypeName="executor://xunit/VsTestRunner2/netcoreapp" className="xUnitTestProject.CurrencyHelperTests" name="FormatToStringTest1000" />
    </UnitTest>
    <UnitTest name="xUnitTestProject.CurrencyHelperTests.FormatToStringTest1000(price: 63507.32603545455, expected: &quot;63507.33 zł&quot;)" storage="c:\projekty\xunittestproject\bin\debug\netcoreapp3.1\xunittestproject.dll" id="6127c2a7-0d58-b2ca-c80b-3d883558c1c7">
      <Execution id="c8840b77-b8a9-49d7-8dd9-7a4a1053739f" />
      <TestMethod codeBase="C:\Projekty\xUnitTestProject\bin\Debug\netcoreapp3.1\xUnitTestProject.dll" adapterTypeName="executor://xunit/VsTestRunner2/netcoreapp" className="xUnitTestProject.CurrencyHelperTests" name="FormatToStringTest1000" />
    </UnitTest>
    <UnitTest name="xUnitTestProject.CurrencyHelperTests.FormatToStringTest1000(price: 60299.23738666309, expected: &quot;60299.24 zł&quot;)" storage="c:\projekty\xunittestproject\bin\debug\netcoreapp3.1\xunittestproject.dll" id="ba6a31a5-f6b4-cabf-4787-f1e219c63249">
      <Execution id="75d26fee-6fc9-46c0-82ec-971dcc7b59e1" />
      <TestMethod codeBase="C:\Projekty\xUnitTestProject\bin\Debug\netcoreapp3.1\xUnitTestProject.dll" adapterTypeName="executor://xunit/VsTestRunner2/netcoreapp" className="xUnitTestProject.CurrencyHelperTests" name="FormatToStringTest1000" />
    </UnitTest>
    <UnitTest name="xUnitTestProject.CurrencyHelperTests.FormatToStringTest1000(price: 63427.55325689332, expected: &quot;63427.55 zł&quot;)" storage="c:\projekty\xunittestproject\bin\debug\netcoreapp3.1\xunittestproject.dll" id="65d35c13-0e19-06e3-2b90-fbf07f6234bd">
      <Execution id="3b0abdf9-791f-402c-979c-e0d58ab74fd5" />
      <TestMethod codeBase="C:\Projekty\xUnitTestProject\bin\Debug\netcoreapp3.1\xUnitTestProject.dll" adapterTypeName="executor://xunit/VsTestRunner2/netcoreapp" className="xUnitTestProject.CurrencyHelperTests" name="FormatToStringTest1000" />
    </UnitTest>
    <UnitTest name="xUnitTestProject.CurrencyHelperTests.FormatToStringTest1000(price: 4121.116360678857, expected: &quot;4121.12 zł&quot;)" storage="c:\projekty\xunittestproject\bin\debug\netcoreapp3.1\xunittestproject.dll" id="c0741e8d-b0f9-ca5e-e02e-02960c9e164f">
      <Execution id="e54fd601-e80d-4b5f-b28d-a3bf22e09900" />
      <TestMethod codeBase="C:\Projekty\xUnitTestProject\bin\Debug\netcoreapp3.1\xUnitTestProject.dll" adapterTypeName="executor://xunit/VsTestRunner2/netcoreapp" className="xUnitTestProject.CurrencyHelperTests" name="FormatToStringTest1000" />
    </UnitTest>
    <UnitTest name="xUnitTestProject.CurrencyHelperTests.FormatToStringTest1000(price: 22592.465903659566, expected: &quot;22592.47 zł&quot;)" storage="c:\projekty\xunittestproject\bin\debug\netcoreapp3.1\xunittestproject.dll" id="ae407fd6-e927-5656-0ce5-4192f5da53cb">
      <Execution id="ebd84330-2fa6-402c-982a-ee96a02b919c" />
      <TestMethod codeBase="C:\Projekty\xUnitTestProject\bin\Debug\netcoreapp3.1\xUnitTestProject.dll" adapterTypeName="executor://xunit/VsTestRunner2/netcoreapp" className="xUnitTestProject.CurrencyHelperTests" name="FormatToStringTest1000" />
    </UnitTest>
    <UnitTest name="xUnitTestProject.CurrencyHelperTests.FormatToStringTest1000(price: 40400.9734049295, expected: &quot;40400.97 zł&quot;)" storage="c:\projekty\xunittestproject\bin\debug\netcoreapp3.1\xunittestproject.dll" id="dbb67156-6168-60a5-400a-6afe6eb000f2">
      <Execution id="3c6db95d-51f4-4242-8ded-14e27a78c9bd" />
      <TestMethod codeBase="C:\Projekty\xUnitTestProject\bin\Debug\netcoreapp3.1\xUnitTestProject.dll" adapterTypeName="executor://xunit/VsTestRunner2/netcoreapp" className="xUnitTestProject.CurrencyHelperTests" name="FormatToStringTest1000" />
    </UnitTest>
    <UnitTest name="xUnitTestProject.CurrencyHelperTests.FormatToStringTest1000(price: 26529.10838037036, expected: &quot;26529.11 zł&quot;)" storage="c:\projekty\xunittestproject\bin\debug\netcoreapp3.1\xunittestproject.dll" id="f2358686-aae0-414b-7a27-d43a959b03da">
      <Execution id="21682838-a315-468d-a5ef-c680dde5ad1e" />
      <TestMethod codeBase="C:\Projekty\xUnitTestProject\bin\Debug\netcoreapp3.1\xUnitTestProject.dll" adapterTypeName="executor://xunit/VsTestRunner2/netcoreapp" className="xUnitTestProject.CurrencyHelperTests" name="FormatToStringTest1000" />
    </UnitTest>
    <UnitTest name="xUnitTestProject.CurrencyHelperTests.FormatToStringTest1000(price: 5840.747097845071, expected: &quot;5840.75 zł&quot;)" storage="c:\projekty\xunittestproject\bin\debug\netcoreapp3.1\xunittestproject.dll" id="4d20e584-0f2f-1ed1-3ddf-7516456e8aa4">
      <Execution id="265ad9f4-4d35-4fa4-8302-d24325be29e1" />
      <TestMethod codeBase="C:\Projekty\xUnitTestProject\bin\Debug\netcoreapp3.1\xUnitTestProject.dll" adapterTypeName="executor://xunit/VsTestRunner2/netcoreapp" className="xUnitTestProject.CurrencyHelperTests" name="FormatToStringTest1000" />
    </UnitTest>
    <UnitTest name="xUnitTestProject.CurrencyHelperTests.FormatToStringTest1000(price: 13455.521105358153, expected: &quot;13455.52 zł&quot;)" storage="c:\projekty\xunittestproject\bin\debug\netcoreapp3.1\xunittestproject.dll" id="87f6b537-303b-ee32-7ebc-e34863879e5b">
      <Execution id="0b9c0340-7599-476d-a526-4d478055d272" />
      <TestMethod codeBase="C:\Projekty\xUnitTestProject\bin\Debug\netcoreapp3.1\xUnitTestProject.dll" adapterTypeName="executor://xunit/VsTestRunner2/netcoreapp" className="xUnitTestProject.CurrencyHelperTests" name="FormatToStringTest1000" />
    </UnitTest>
    <UnitTest name="xUnitTestProject.CurrencyHelperTests.FormatToStringTest1000(price: 395.45790295882983, expected: &quot;395.46 zł&quot;)" storage="c:\projekty\xunittestproject\bin\debug\netcoreapp3.1\xunittestproject.dll" id="9f159054-0ade-aabd-0878-ac1771f3fda6">
      <Execution id="cf3d5a85-c66b-4e46-af15-0b97d99e1755" />
      <TestMethod codeBase="C:\Projekty\xUnitTestProject\bin\Debug\netcoreapp3.1\xUnitTestProject.dll" adapterTypeName="executor://xunit/VsTestRunner2/netcoreapp" className="xUnitTestProject.CurrencyHelperTests" name="FormatToStringTest1000" />
    </UnitTest>
    <UnitTest name="xUnitTestProject.CurrencyHelperTests.FormatToStringTest1000(price: 27506.397047390416, expected: &quot;27506.40 zł&quot;)" storage="c:\projekty\xunittestproject\bin\debug\netcoreapp3.1\xunittestproject.dll" id="0010af2c-264b-9fa0-ca85-4bef95661f34">
      <Execution id="7f1b7bbe-c5af-49f2-9036-8bbe9a106482" />
      <TestMethod codeBase="C:\Projekty\xUnitTestProject\bin\Debug\netcoreapp3.1\xUnitTestProject.dll" adapterTypeName="executor://xunit/VsTestRunner2/netcoreapp" className="xUnitTestProject.CurrencyHelperTests" name="FormatToStringTest1000" />
    </UnitTest>
    <UnitTest name="xUnitTestProject.CurrencyHelperTests.FormatToStringTest1000(price: 15411.371650797022, expected: &quot;15411.37 zł&quot;)" storage="c:\projekty\xunittestproject\bin\debug\netcoreapp3.1\xunittestproject.dll" id="8a9d7602-dc5d-c902-e8f4-8ad4401141f1">
      <Execution id="be5d03e4-f541-4946-b533-1311d6821e5f" />
      <TestMethod codeBase="C:\Projekty\xUnitTestProject\bin\Debug\netcoreapp3.1\xUnitTestProject.dll" adapterTypeName="executor://xunit/VsTestRunner2/netcoreapp" className="xUnitTestProject.CurrencyHelperTests" name="FormatToStringTest1000" />
    </UnitTest>
    <UnitTest name="xUnitTestProject.CurrencyHelperTests.FormatToStringTest1000(price: 24030.724859085738, expected: &quot;24030.72 zł&quot;)" storage="c:\projekty\xunittestproject\bin\debug\netcoreapp3.1\xunittestproject.dll" id="4a32286d-4292-da18-0868-eb2a25ef068a">
      <Execution id="d6ef5c03-5fee-4431-9c3f-1439475d9937" />
      <TestMethod codeBase="C:\Projekty\xUnitTestProject\bin\Debug\netcoreapp3.1\xUnitTestProject.dll" adapterTypeName="executor://xunit/VsTestRunner2/netcoreapp" className="xUnitTestProject.CurrencyHelperTests" name="FormatToStringTest1000" />
    </UnitTest>
    <UnitTest name="xUnitTestProject.CurrencyHelperTests.FormatToStringTest1000(price: 5591.2222540617095, expected: &quot;5591.22 zł&quot;)" storage="c:\projekty\xunittestproject\bin\debug\netcoreapp3.1\xunittestproject.dll" id="bafd99e7-ca41-5985-0fa2-b8c4e8f1fc8c">
      <Execution id="589af3a5-387e-4341-a531-e63929a48393" />
      <TestMethod codeBase="C:\Projekty\xUnitTestProject\bin\Debug\netcoreapp3.1\xUnitTestProject.dll" adapterTypeName="executor://xunit/VsTestRunner2/netcoreapp" className="xUnitTestProject.CurrencyHelperTests" name="FormatToStringTest1000" />
    </UnitTest>
    <UnitTest name="xUnitTestProject.CurrencyHelperTests.FormatToStringTest1000(price: 2216.881526520886, expected: &quot;2216.88 zł&quot;)" storage="c:\projekty\xunittestproject\bin\debug\netcoreapp3.1\xunittestproject.dll" id="0740431b-2d5c-94f4-7631-d3fb545f47f1">
      <Execution id="58f778e4-6f81-4284-93a3-11c09d4d029f" />
      <TestMethod codeBase="C:\Projekty\xUnitTestProject\bin\Debug\netcoreapp3.1\xUnitTestProject.dll" adapterTypeName="executor://xunit/VsTestRunner2/netcoreapp" className="xUnitTestProject.CurrencyHelperTests" name="FormatToStringTest1000" />
    </UnitTest>
    <UnitTest name="xUnitTestProject.CurrencyHelperTests.FormatToStringTest1000(price: 1130.8119115372242, expected: &quot;1130.81 zł&quot;)" storage="c:\projekty\xunittestproject\bin\debug\netcoreapp3.1\xunittestproject.dll" id="61863f63-9d64-1d88-3d10-ad0f63ed338b">
      <Execution id="f3af73ef-9007-48db-8e6e-1069a4a74314" />
      <TestMethod codeBase="C:\Projekty\xUnitTestProject\bin\Debug\netcoreapp3.1\xUnitTestProject.dll" adapterTypeName="executor://xunit/VsTestRunner2/netcoreapp" className="xUnitTestProject.CurrencyHelperTests" name="FormatToStringTest1000" />
    </UnitTest>
    <UnitTest name="xUnitTestProject.CurrencyHelperTests.FormatToStringTest1000(price: 45445.182098106096, expected: &quot;45445.18 zł&quot;)" storage="c:\projekty\xunittestproject\bin\debug\netcoreapp3.1\xunittestproject.dll" id="a5e0b38b-1cb1-a5af-a5f1-f247fd82227e">
      <Execution id="7b6af6d6-7b71-4785-91a9-bb250accc5fd" />
      <TestMethod codeBase="C:\Projekty\xUnitTestProject\bin\Debug\netcoreapp3.1\xUnitTestProject.dll" adapterTypeName="executor://xunit/VsTestRunner2/netcoreapp" className="xUnitTestProject.CurrencyHelperTests" name="FormatToStringTest1000" />
    </UnitTest>
    <UnitTest name="xUnitTestProject.CurrencyHelperTests.FormatToStringTest1000(price: 10534.184353995222, expected: &quot;10534.18 zł&quot;)" storage="c:\projekty\xunittestproject\bin\debug\netcoreapp3.1\xunittestproject.dll" id="076b3f7c-bfd3-700c-3093-f885fe165b03">
      <Execution id="6e5c38d2-a926-4db8-a735-5fb71e5ccd31" />
      <TestMethod codeBase="C:\Projekty\xUnitTestProject\bin\Debug\netcoreapp3.1\xUnitTestProject.dll" adapterTypeName="executor://xunit/VsTestRunner2/netcoreapp" className="xUnitTestProject.CurrencyHelperTests" name="FormatToStringTest1000" />
    </UnitTest>
    <UnitTest name="xUnitTestProject.CurrencyHelperTests.FormatToStringTest1000(price: 30111.54342534372, expected: &quot;30111.54 zł&quot;)" storage="c:\projekty\xunittestproject\bin\debug\netcoreapp3.1\xunittestproject.dll" id="61cb44e8-f4b9-17e3-5cff-1fc9b36625bf">
      <Execution id="b2223eb9-944f-4638-8539-9082a7e87ef3" />
      <TestMethod codeBase="C:\Projekty\xUnitTestProject\bin\Debug\netcoreapp3.1\xUnitTestProject.dll" adapterTypeName="executor://xunit/VsTestRunner2/netcoreapp" className="xUnitTestProject.CurrencyHelperTests" name="FormatToStringTest1000" />
    </UnitTest>
    <UnitTest name="xUnitTestProject.CurrencyHelperTests.FormatToStringTest1000(price: 60323.066780431225, expected: &quot;60323.07 zł&quot;)" storage="c:\projekty\xunittestproject\bin\debug\netcoreapp3.1\xunittestproject.dll" id="80972e1e-3ff9-bf5c-296f-71aecb5aa2ee">
      <Execution id="bbaf1d17-a97e-4e39-bc5b-1990829a28dc" />
      <TestMethod codeBase="C:\Projekty\xUnitTestProject\bin\Debug\netcoreapp3.1\xUnitTestProject.dll" adapterTypeName="executor://xunit/VsTestRunner2/netcoreapp" className="xUnitTestProject.CurrencyHelperTests" name="FormatToStringTest1000" />
    </UnitTest>
    <UnitTest name="xUnitTestProject.CurrencyHelperTests.FormatToStringTest1000(price: 2390.7596313784643, expected: &quot;2390.76 zł&quot;)" storage="c:\projekty\xunittestproject\bin\debug\netcoreapp3.1\xunittestproject.dll" id="4858eca7-ac2a-e51a-34d1-70891bbff583">
      <Execution id="43fd1918-8873-4335-91bf-489f0fbf7eb5" />
      <TestMethod codeBase="C:\Projekty\xUnitTestProject\bin\Debug\netcoreapp3.1\xUnitTestProject.dll" adapterTypeName="executor://xunit/VsTestRunner2/netcoreapp" className="xUnitTestProject.CurrencyHelperTests" name="FormatToStringTest1000" />
    </UnitTest>
    <UnitTest name="xUnitTestProject.CurrencyHelperTests.FormatToStringTest1000(price: 39146.635743126564, expected: &quot;39146.64 zł&quot;)" storage="c:\projekty\xunittestproject\bin\debug\netcoreapp3.1\xunittestproject.dll" id="77cb819c-64b0-1e13-63d3-0049263e7e77">
      <Execution id="e0e813c6-0107-4286-9677-e67b36f85d23" />
      <TestMethod codeBase="C:\Projekty\xUnitTestProject\bin\Debug\netcoreapp3.1\xUnitTestProject.dll" adapterTypeName="executor://xunit/VsTestRunner2/netcoreapp" className="xUnitTestProject.CurrencyHelperTests" name="FormatToStringTest1000" />
    </UnitTest>
    <UnitTest name="xUnitTestProject.CurrencyHelperTests.FormatToStringTest1000(price: 57181.240528605056, expected: &quot;57181.24 zł&quot;)" storage="c:\projekty\xunittestproject\bin\debug\netcoreapp3.1\xunittestproject.dll" id="2c083ad7-fea5-5b33-ddd6-bb2be00bd90c">
      <Execution id="8dfe9cee-c0c6-4b65-8e3c-181d4b1fedb7" />
      <TestMethod codeBase="C:\Projekty\xUnitTestProject\bin\Debug\netcoreapp3.1\xUnitTestProject.dll" adapterTypeName="executor://xunit/VsTestRunner2/netcoreapp" className="xUnitTestProject.CurrencyHelperTests" name="FormatToStringTest1000" />
    </UnitTest>
    <UnitTest name="xUnitTestProject.CurrencyHelperTests.FormatToStringTest1000(price: 9843.625240445894, expected: &quot;9843.63 zł&quot;)" storage="c:\projekty\xunittestproject\bin\debug\netcoreapp3.1\xunittestproject.dll" id="f45cbb0f-431c-8958-4b27-e85aa47cbe41">
      <Execution id="5bb06bc1-87fd-4f6b-bc94-d05d81fa3796" />
      <TestMethod codeBase="C:\Projekty\xUnitTestProject\bin\Debug\netcoreapp3.1\xUnitTestProject.dll" adapterTypeName="executor://xunit/VsTestRunner2/netcoreapp" className="xUnitTestProject.CurrencyHelperTests" name="FormatToStringTest1000" />
    </UnitTest>
    <UnitTest name="xUnitTestProject.CurrencyHelperTests.FormatToStringTest1000(price: 20146.183073329827, expected: &quot;20146.18 zł&quot;)" storage="c:\projekty\xunittestproject\bin\debug\netcoreapp3.1\xunittestproject.dll" id="c61ee3ae-8895-24a4-03be-5c9acbad429f">
      <Execution id="a9fdf1a5-ef2c-4a0b-b797-178466841c62" />
      <TestMethod codeBase="C:\Projekty\xUnitTestProject\bin\Debug\netcoreapp3.1\xUnitTestProject.dll" adapterTypeName="executor://xunit/VsTestRunner2/netcoreapp" className="xUnitTestProject.CurrencyHelperTests" name="FormatToStringTest1000" />
    </UnitTest>
    <UnitTest name="xUnitTestProject.CurrencyHelperTests.FormatToStringTest1000(price: 58902.704109088845, expected: &quot;58902.70 zł&quot;)" storage="c:\projekty\xunittestproject\bin\debug\netcoreapp3.1\xunittestproject.dll" id="e457ba43-5ec8-2ef9-9f16-d8e65791d46d">
      <Execution id="71642ea0-4fc8-43fd-8872-b67af79afe75" />
      <TestMethod codeBase="C:\Projekty\xUnitTestProject\bin\Debug\netcoreapp3.1\xUnitTestProject.dll" adapterTypeName="executor://xunit/VsTestRunner2/netcoreapp" className="xUnitTestProject.CurrencyHelperTests" name="FormatToStringTest1000" />
    </UnitTest>
    <UnitTest name="xUnitTestProject.CurrencyHelperTests.FormatToStringTest1000(price: 32812.53695512634, expected: &quot;32812.54 zł&quot;)" storage="c:\projekty\xunittestproject\bin\debug\netcoreapp3.1\xunittestproject.dll" id="c5891e20-1607-2f4b-ec62-b83eb87653c6">
      <Execution id="e6c64f85-0f8f-4bdc-bc82-52869be0271a" />
      <TestMethod codeBase="C:\Projekty\xUnitTestProject\bin\Debug\netcoreapp3.1\xUnitTestProject.dll" adapterTypeName="executor://xunit/VsTestRunner2/netcoreapp" className="xUnitTestProject.CurrencyHelperTests" name="FormatToStringTest1000" />
    </UnitTest>
    <UnitTest name="xUnitTestProject.CurrencyHelperTests.FormatToStringTest1000(price: 6105.007054037418, expected: &quot;6105.01 zł&quot;)" storage="c:\projekty\xunittestproject\bin\debug\netcoreapp3.1\xunittestproject.dll" id="c303e402-0edb-f6ba-e4af-33ac122437de">
      <Execution id="b5be3632-1150-49b0-a6f8-357870c9e102" />
      <TestMethod codeBase="C:\Projekty\xUnitTestProject\bin\Debug\netcoreapp3.1\xUnitTestProject.dll" adapterTypeName="executor://xunit/VsTestRunner2/netcoreapp" className="xUnitTestProject.CurrencyHelperTests" name="FormatToStringTest1000" />
    </UnitTest>
    <UnitTest name="xUnitTestProject.CurrencyHelperTests.FormatToStringTest1000(price: 20344.185360967265, expected: &quot;20344.19 zł&quot;)" storage="c:\projekty\xunittestproject\bin\debug\netcoreapp3.1\xunittestproject.dll" id="8b7f95f5-c5ec-10c0-26ff-eb4390bba1ee">
      <Execution id="04b038b3-93f0-4912-9dbf-ab6cf973828f" />
      <TestMethod codeBase="C:\Projekty\xUnitTestProject\bin\Debug\netcoreapp3.1\xUnitTestProject.dll" adapterTypeName="executor://xunit/VsTestRunner2/netcoreapp" className="xUnitTestProject.CurrencyHelperTests" name="FormatToStringTest1000" />
    </UnitTest>
    <UnitTest name="xUnitTestProject.CurrencyHelperTests.FormatToStringTest1000(price: 7124.979180760672, expected: &quot;7124.98 zł&quot;)" storage="c:\projekty\xunittestproject\bin\debug\netcoreapp3.1\xunittestproject.dll" id="843293b0-7cce-f386-da63-2fb428fb7828">
      <Execution id="39bbbe11-d408-455f-be89-8054669ddf29" />
      <TestMethod codeBase="C:\Projekty\xUnitTestProject\bin\Debug\netcoreapp3.1\xUnitTestProject.dll" adapterTypeName="executor://xunit/VsTestRunner2/netcoreapp" className="xUnitTestProject.CurrencyHelperTests" name="FormatToStringTest1000" />
    </UnitTest>
    <UnitTest name="xUnitTestProject.CurrencyHelperTests.FormatToStringTest1000(price: 57713.01647853712, expected: &quot;57713.02 zł&quot;)" storage="c:\projekty\xunittestproject\bin\debug\netcoreapp3.1\xunittestproject.dll" id="f15540c1-ce27-2f60-c3f9-161af09be8cd">
      <Execution id="018eb2c8-19e2-46c3-b5b2-1dca6b044f27" />
      <TestMethod codeBase="C:\Projekty\xUnitTestProject\bin\Debug\netcoreapp3.1\xUnitTestProject.dll" adapterTypeName="executor://xunit/VsTestRunner2/netcoreapp" className="xUnitTestProject.CurrencyHelperTests" name="FormatToStringTest1000" />
    </UnitTest>
    <UnitTest name="xUnitTestProject.CurrencyHelperTests.FormatToStringTest1000(price: 22604.838218828587, expected: &quot;22604.84 zł&quot;)" storage="c:\projekty\xunittestproject\bin\debug\netcoreapp3.1\xunittestproject.dll" id="79a853ed-d140-e6d5-86c3-6423b904d524">
      <Execution id="3b075122-9e72-48ee-a823-7b04debdcbdd" />
      <TestMethod codeBase="C:\Projekty\xUnitTestProject\bin\Debug\netcoreapp3.1\xUnitTestProject.dll" adapterTypeName="executor://xunit/VsTestRunner2/netcoreapp" className="xUnitTestProject.CurrencyHelperTests" name="FormatToStringTest1000" />
    </UnitTest>
    <UnitTest name="xUnitTestProject.CurrencyHelperTests.FormatToStringTest1000(price: 95071.15957335343, expected: &quot;95071.16 zł&quot;)" storage="c:\projekty\xunittestproject\bin\debug\netcoreapp3.1\xunittestproject.dll" id="93fd2413-8c9b-cb53-924a-b9c4b432d82a">
      <Execution id="2e722c77-6b93-4d74-9293-8fd195487c4f" />
      <TestMethod codeBase="C:\Projekty\xUnitTestProject\bin\Debug\netcoreapp3.1\xUnitTestProject.dll" adapterTypeName="executor://xunit/VsTestRunner2/netcoreapp" className="xUnitTestProject.CurrencyHelperTests" name="FormatToStringTest1000" />
    </UnitTest>
    <UnitTest name="xUnitTestProject.CurrencyHelperTests.FormatToStringTest1000(price: 9657.360676611475, expected: &quot;9657.36 zł&quot;)" storage="c:\projekty\xunittestproject\bin\debug\netcoreapp3.1\xunittestproject.dll" id="4167d107-473f-7d0a-c3aa-2c271677cfd1">
      <Execution id="54708d5b-b681-4048-80ea-6624d7db23f2" />
      <TestMethod codeBase="C:\Projekty\xUnitTestProject\bin\Debug\netcoreapp3.1\xUnitTestProject.dll" adapterTypeName="executor://xunit/VsTestRunner2/netcoreapp" className="xUnitTestProject.CurrencyHelperTests" name="FormatToStringTest1000" />
    </UnitTest>
    <UnitTest name="xUnitTestProject.CurrencyHelperTests.FormatToStringTest1000(price: 26223.99769144412, expected: &quot;26224.00 zł&quot;)" storage="c:\projekty\xunittestproject\bin\debug\netcoreapp3.1\xunittestproject.dll" id="d543b1fe-0034-e565-eca0-f9a5d2d12bdc">
      <Execution id="5148765d-e1d9-4b50-bcf1-6798203362b0" />
      <TestMethod codeBase="C:\Projekty\xUnitTestProject\bin\Debug\netcoreapp3.1\xUnitTestProject.dll" adapterTypeName="executor://xunit/VsTestRunner2/netcoreapp" className="xUnitTestProject.CurrencyHelperTests" name="FormatToStringTest1000" />
    </UnitTest>
    <UnitTest name="xUnitTestProject.CurrencyHelperTests.FormatToStringTest1000(price: 20244.692955315437, expected: &quot;20244.69 zł&quot;)" storage="c:\projekty\xunittestproject\bin\debug\netcoreapp3.1\xunittestproject.dll" id="3d1af355-28e7-625e-59fd-fe5da700f0dc">
      <Execution id="f42e9f89-abce-4054-97f4-cc44bf155375" />
      <TestMethod codeBase="C:\Projekty\xUnitTestProject\bin\Debug\netcoreapp3.1\xUnitTestProject.dll" adapterTypeName="executor://xunit/VsTestRunner2/netcoreapp" className="xUnitTestProject.CurrencyHelperTests" name="FormatToStringTest1000" />
    </UnitTest>
    <UnitTest name="xUnitTestProject.CurrencyHelperTests.FormatToStringTest1000(price: 31622.81414407809, expected: &quot;31622.81 zł&quot;)" storage="c:\projekty\xunittestproject\bin\debug\netcoreapp3.1\xunittestproject.dll" id="55a64d0e-8de2-b5b6-7b28-338aaabcb504">
      <Execution id="a1eca087-9ac4-488b-95ef-cf74346499d1" />
      <TestMethod codeBase="C:\Projekty\xUnitTestProject\bin\Debug\netcoreapp3.1\xUnitTestProject.dll" adapterTypeName="executor://xunit/VsTestRunner2/netcoreapp" className="xUnitTestProject.CurrencyHelperTests" name="FormatToStringTest1000" />
    </UnitTest>
    <UnitTest name="xUnitTestProject.CurrencyHelperTests.FormatToStringTest1000(price: 9994.9471861026, expected: &quot;9994.95 zł&quot;)" storage="c:\projekty\xunittestproject\bin\debug\netcoreapp3.1\xunittestproject.dll" id="313d194a-30d0-d3d5-cf7b-c5a66b6b3935">
      <Execution id="995ccd1c-0f95-460f-a665-8f1dbfd6bba2" />
      <TestMethod codeBase="C:\Projekty\xUnitTestProject\bin\Debug\netcoreapp3.1\xUnitTestProject.dll" adapterTypeName="executor://xunit/VsTestRunner2/netcoreapp" className="xUnitTestProject.CurrencyHelperTests" name="FormatToStringTest1000" />
    </UnitTest>
    <UnitTest name="xUnitTestProject.CurrencyHelperTests.FormatToStringTest1000(price: 16037.01783290087, expected: &quot;16037.02 zł&quot;)" storage="c:\projekty\xunittestproject\bin\debug\netcoreapp3.1\xunittestproject.dll" id="e9fa372e-14d7-79bd-7239-c4f5919adecb">
      <Execution id="e0662c12-e5c6-4da9-b5ab-03dc092a515a" />
      <TestMethod codeBase="C:\Projekty\xUnitTestProject\bin\Debug\netcoreapp3.1\xUnitTestProject.dll" adapterTypeName="executor://xunit/VsTestRunner2/netcoreapp" className="xUnitTestProject.CurrencyHelperTests" name="FormatToStringTest1000" />
    </UnitTest>
    <UnitTest name="xUnitTestProject.CurrencyHelperTests.FormatToStringTest1000(price: 19352.183340702755, expected: &quot;19352.18 zł&quot;)" storage="c:\projekty\xunittestproject\bin\debug\netcoreapp3.1\xunittestproject.dll" id="e31c0c60-96f3-c3fc-f48c-6d389a7185de">
      <Execution id="6b6d80cb-aac4-493c-a2ba-fb59daec45cb" />
      <TestMethod codeBase="C:\Projekty\xUnitTestProject\bin\Debug\netcoreapp3.1\xUnitTestProject.dll" adapterTypeName="executor://xunit/VsTestRunner2/netcoreapp" className="xUnitTestProject.CurrencyHelperTests" name="FormatToStringTest1000" />
    </UnitTest>
    <UnitTest name="xUnitTestProject.CurrencyHelperTests.FormatToStringTest1000(price: 12871.381729632794, expected: &quot;12871.38 zł&quot;)" storage="c:\projekty\xunittestproject\bin\debug\netcoreapp3.1\xunittestproject.dll" id="2f04d734-6778-0b79-9d14-d79b1e3bb130">
      <Execution id="1455cd57-ec05-482d-9975-523f5881df44" />
      <TestMethod codeBase="C:\Projekty\xUnitTestProject\bin\Debug\netcoreapp3.1\xUnitTestProject.dll" adapterTypeName="executor://xunit/VsTestRunner2/netcoreapp" className="xUnitTestProject.CurrencyHelperTests" name="FormatToStringTest1000" />
    </UnitTest>
    <UnitTest name="xUnitTestProject.CurrencyHelperTests.FormatToStringTest1000(price: 32908.76696502639, expected: &quot;32908.77 zł&quot;)" storage="c:\projekty\xunittestproject\bin\debug\netcoreapp3.1\xunittestproject.dll" id="787cef43-2dc9-190c-2e64-d5af6533289b">
      <Execution id="cbab771a-0eda-4f76-8d58-9f4b12c752ae" />
      <TestMethod codeBase="C:\Projekty\xUnitTestProject\bin\Debug\netcoreapp3.1\xUnitTestProject.dll" adapterTypeName="executor://xunit/VsTestRunner2/netcoreapp" className="xUnitTestProject.CurrencyHelperTests" name="FormatToStringTest1000" />
    </UnitTest>
    <UnitTest name="xUnitTestProject.CurrencyHelperTests.FormatToStringTest1000(price: 134.1514758393874, expected: &quot;134.15 zł&quot;)" storage="c:\projekty\xunittestproject\bin\debug\netcoreapp3.1\xunittestproject.dll" id="3a8cda37-b7cc-323f-afa4-03303dd2ce88">
      <Execution id="e7f1ab42-2594-4e7d-a3e5-5620f121d735" />
      <TestMethod codeBase="C:\Projekty\xUnitTestProject\bin\Debug\netcoreapp3.1\xUnitTestProject.dll" adapterTypeName="executor://xunit/VsTestRunner2/netcoreapp" className="xUnitTestProject.CurrencyHelperTests" name="FormatToStringTest1000" />
    </UnitTest>
    <UnitTest name="xUnitTestProject.CurrencyHelperTests.FormatToStringTest1000(price: 4648.492795337221, expected: &quot;4648.49 zł&quot;)" storage="c:\projekty\xunittestproject\bin\debug\netcoreapp3.1\xunittestproject.dll" id="d256d95f-79c2-283f-fe67-61aaa54d0e1b">
      <Execution id="589d0332-2f78-4a52-8e46-d504ce3cf7da" />
      <TestMethod codeBase="C:\Projekty\xUnitTestProject\bin\Debug\netcoreapp3.1\xUnitTestProject.dll" adapterTypeName="executor://xunit/VsTestRunner2/netcoreapp" className="xUnitTestProject.CurrencyHelperTests" name="FormatToStringTest1000" />
    </UnitTest>
    <UnitTest name="xUnitTestProject.CurrencyHelperTests.FormatToStringTest1000(price: 26858.35647848731, expected: &quot;26858.36 zł&quot;)" storage="c:\projekty\xunittestproject\bin\debug\netcoreapp3.1\xunittestproject.dll" id="0fb536e2-af1a-ef21-5b53-d89a189dda8d">
      <Execution id="10c14bc7-72f2-440a-92e3-d95157992e21" />
      <TestMethod codeBase="C:\Projekty\xUnitTestProject\bin\Debug\netcoreapp3.1\xUnitTestProject.dll" adapterTypeName="executor://xunit/VsTestRunner2/netcoreapp" className="xUnitTestProject.CurrencyHelperTests" name="FormatToStringTest1000" />
    </UnitTest>
    <UnitTest name="xUnitTestProject.CurrencyHelperTests.FormatToStringTest1000(price: 3503.9809179231434, expected: &quot;3503.98 zł&quot;)" storage="c:\projekty\xunittestproject\bin\debug\netcoreapp3.1\xunittestproject.dll" id="40be92cf-d13e-6e4d-cafb-3ad22a6b9f7e">
      <Execution id="f0c38059-3a1d-4871-86b8-f81a68d309b6" />
      <TestMethod codeBase="C:\Projekty\xUnitTestProject\bin\Debug\netcoreapp3.1\xUnitTestProject.dll" adapterTypeName="executor://xunit/VsTestRunner2/netcoreapp" className="xUnitTestProject.CurrencyHelperTests" name="FormatToStringTest1000" />
    </UnitTest>
    <UnitTest name="xUnitTestProject.CurrencyHelperTests.FormatToStringTest1000(price: 11118.620997698335, expected: &quot;11118.62 zł&quot;)" storage="c:\projekty\xunittestproject\bin\debug\netcoreapp3.1\xunittestproject.dll" id="9634b23e-736b-8d03-4e65-5819fb03baa5">
      <Execution id="7c694de7-0986-4280-b6b1-a4c673609c7d" />
      <TestMethod codeBase="C:\Projekty\xUnitTestProject\bin\Debug\netcoreapp3.1\xUnitTestProject.dll" adapterTypeName="executor://xunit/VsTestRunner2/netcoreapp" className="xUnitTestProject.CurrencyHelperTests" name="FormatToStringTest1000" />
    </UnitTest>
    <UnitTest name="xUnitTestProject.CurrencyHelperTests.FormatToStringTest1000(price: 45603.90324273142, expected: &quot;45603.90 zł&quot;)" storage="c:\projekty\xunittestproject\bin\debug\netcoreapp3.1\xunittestproject.dll" id="f58711de-d6a1-25df-941a-d7a477d8bf41">
      <Execution id="0cb767d1-302e-4567-9239-d5a4dadd0ae8" />
      <TestMethod codeBase="C:\Projekty\xUnitTestProject\bin\Debug\netcoreapp3.1\xUnitTestProject.dll" adapterTypeName="executor://xunit/VsTestRunner2/netcoreapp" className="xUnitTestProject.CurrencyHelperTests" name="FormatToStringTest1000" />
    </UnitTest>
    <UnitTest name="xUnitTestProject.CurrencyHelperTests.FormatToStringTest1000(price: 4105.490993980081, expected: &quot;4105.49 zł&quot;)" storage="c:\projekty\xunittestproject\bin\debug\netcoreapp3.1\xunittestproject.dll" id="2fe7dd20-7d34-4621-c4bd-6f2ec94c5407">
      <Execution id="929092c6-1135-417c-b6ac-83bd51a95e58" />
      <TestMethod codeBase="C:\Projekty\xUnitTestProject\bin\Debug\netcoreapp3.1\xUnitTestProject.dll" adapterTypeName="executor://xunit/VsTestRunner2/netcoreapp" className="xUnitTestProject.CurrencyHelperTests" name="FormatToStringTest1000" />
    </UnitTest>
    <UnitTest name="xUnitTestProject.CurrencyHelperTests.FormatToStringTest1000(price: 45930.2386782068, expected: &quot;45930.24 zł&quot;)" storage="c:\projekty\xunittestproject\bin\debug\netcoreapp3.1\xunittestproject.dll" id="8de67803-7acb-6ed7-12bc-5420c17b40c0">
      <Execution id="3b0c99bd-404d-4858-839d-f52ff5cbde3c" />
      <TestMethod codeBase="C:\Projekty\xUnitTestProject\bin\Debug\netcoreapp3.1\xUnitTestProject.dll" adapterTypeName="executor://xunit/VsTestRunner2/netcoreapp" className="xUnitTestProject.CurrencyHelperTests" name="FormatToStringTest1000" />
    </UnitTest>
    <UnitTest name="xUnitTestProject.CurrencyHelperTests.FormatToStringTest1000(price: 3646.857719214101, expected: &quot;3646.86 zł&quot;)" storage="c:\projekty\xunittestproject\bin\debug\netcoreapp3.1\xunittestproject.dll" id="3af61c48-eead-454e-59a5-a117f0360878">
      <Execution id="a6082902-135c-4098-873b-669c05b9d7c5" />
      <TestMethod codeBase="C:\Projekty\xUnitTestProject\bin\Debug\netcoreapp3.1\xUnitTestProject.dll" adapterTypeName="executor://xunit/VsTestRunner2/netcoreapp" className="xUnitTestProject.CurrencyHelperTests" name="FormatToStringTest1000" />
    </UnitTest>
    <UnitTest name="xUnitTestProject.CurrencyHelperTests.FormatToStringTest1000(price: 18023.78504577455, expected: &quot;18023.79 zł&quot;)" storage="c:\projekty\xunittestproject\bin\debug\netcoreapp3.1\xunittestproject.dll" id="d633a901-6eef-f5d7-952c-569ae3ddce8f">
      <Execution id="adc52c6a-fcbc-4e5c-8141-d9842c9e8a73" />
      <TestMethod codeBase="C:\Projekty\xUnitTestProject\bin\Debug\netcoreapp3.1\xUnitTestProject.dll" adapterTypeName="executor://xunit/VsTestRunner2/netcoreapp" className="xUnitTestProject.CurrencyHelperTests" name="FormatToStringTest1000" />
    </UnitTest>
    <UnitTest name="xUnitTestProject.CurrencyHelperTests.FormatToStringTest1000(price: 22189.78731674132, expected: &quot;22189.79 zł&quot;)" storage="c:\projekty\xunittestproject\bin\debug\netcoreapp3.1\xunittestproject.dll" id="4cc08620-7636-5b0e-e6ce-7fa1f27effef">
      <Execution id="6558f26f-afa0-409e-8f18-6c18ece53a0f" />
      <TestMethod codeBase="C:\Projekty\xUnitTestProject\bin\Debug\netcoreapp3.1\xUnitTestProject.dll" adapterTypeName="executor://xunit/VsTestRunner2/netcoreapp" className="xUnitTestProject.CurrencyHelperTests" name="FormatToStringTest1000" />
    </UnitTest>
    <UnitTest name="xUnitTestProject.CurrencyHelperTests.FormatToStringTest1000(price: 24957.469502810607, expected: &quot;24957.47 zł&quot;)" storage="c:\projekty\xunittestproject\bin\debug\netcoreapp3.1\xunittestproject.dll" id="b16fb8e5-3fa9-845c-9c70-ee0c0d261e2c">
      <Execution id="36dfe17b-3310-419f-a2eb-8ca90259ad9d" />
      <TestMethod codeBase="C:\Projekty\xUnitTestProject\bin\Debug\netcoreapp3.1\xUnitTestProject.dll" adapterTypeName="executor://xunit/VsTestRunner2/netcoreapp" className="xUnitTestProject.CurrencyHelperTests" name="FormatToStringTest1000" />
    </UnitTest>
    <UnitTest name="xUnitTestProject.CurrencyHelperTests.FormatToStringTest1000(price: 49416.285282306504, expected: &quot;49416.29 zł&quot;)" storage="c:\projekty\xunittestproject\bin\debug\netcoreapp3.1\xunittestproject.dll" id="c74f6017-9eb9-5854-4b62-c26b4cabe787">
      <Execution id="6298b7c0-c1b5-4e8f-9835-168246ffa3f5" />
      <TestMethod codeBase="C:\Projekty\xUnitTestProject\bin\Debug\netcoreapp3.1\xUnitTestProject.dll" adapterTypeName="executor://xunit/VsTestRunner2/netcoreapp" className="xUnitTestProject.CurrencyHelperTests" name="FormatToStringTest1000" />
    </UnitTest>
    <UnitTest name="xUnitTestProject.CurrencyHelperTests.FormatToStringTest1000(price: 2121.0917325211185, expected: &quot;2121.09 zł&quot;)" storage="c:\projekty\xunittestproject\bin\debug\netcoreapp3.1\xunittestproject.dll" id="4df9b13a-de84-7056-3c88-543d3fa32c62">
      <Execution id="ad943d9d-2c02-4700-961d-cfd3b05ae9e0" />
      <TestMethod codeBase="C:\Projekty\xUnitTestProject\bin\Debug\netcoreapp3.1\xUnitTestProject.dll" adapterTypeName="executor://xunit/VsTestRunner2/netcoreapp" className="xUnitTestProject.CurrencyHelperTests" name="FormatToStringTest1000" />
    </UnitTest>
    <UnitTest name="xUnitTestProject.CurrencyHelperTests.FormatToStringTest1000(price: 16957.4523676757, expected: &quot;16957.45 zł&quot;)" storage="c:\projekty\xunittestproject\bin\debug\netcoreapp3.1\xunittestproject.dll" id="e099abd9-c51a-27c3-fe30-7b74e00a337f">
      <Execution id="00a6f71e-1b1f-46a6-91ed-243a6a005d2e" />
      <TestMethod codeBase="C:\Projekty\xUnitTestProject\bin\Debug\netcoreapp3.1\xUnitTestProject.dll" adapterTypeName="executor://xunit/VsTestRunner2/netcoreapp" className="xUnitTestProject.CurrencyHelperTests" name="FormatToStringTest1000" />
    </UnitTest>
    <UnitTest name="xUnitTestProject.CurrencyHelperTests.FormatToStringTest1000(price: 34145.534199603615, expected: &quot;34145.53 zł&quot;)" storage="c:\projekty\xunittestproject\bin\debug\netcoreapp3.1\xunittestproject.dll" id="3d5d455f-8b5b-9efe-5bfb-ffa440cd9adb">
      <Execution id="45bacc4d-5999-4a0e-99ea-34971c8d1675" />
      <TestMethod codeBase="C:\Projekty\xUnitTestProject\bin\Debug\netcoreapp3.1\xUnitTestProject.dll" adapterTypeName="executor://xunit/VsTestRunner2/netcoreapp" className="xUnitTestProject.CurrencyHelperTests" name="FormatToStringTest1000" />
    </UnitTest>
    <UnitTest name="xUnitTestProject.CurrencyHelperTests.FormatToStringTest1000(price: 6102.4120417453405, expected: &quot;6102.41 zł&quot;)" storage="c:\projekty\xunittestproject\bin\debug\netcoreapp3.1\xunittestproject.dll" id="c7c013ea-be14-a4b5-1c6f-2b6dde46abbc">
      <Execution id="53f110d1-fea2-4979-91f5-c01baf2d9562" />
      <TestMethod codeBase="C:\Projekty\xUnitTestProject\bin\Debug\netcoreapp3.1\xUnitTestProject.dll" adapterTypeName="executor://xunit/VsTestRunner2/netcoreapp" className="xUnitTestProject.CurrencyHelperTests" name="FormatToStringTest1000" />
    </UnitTest>
    <UnitTest name="xUnitTestProject.CurrencyHelperTests.FormatToStringTest1000(price: 13508.811787825922, expected: &quot;13508.81 zł&quot;)" storage="c:\projekty\xunittestproject\bin\debug\netcoreapp3.1\xunittestproject.dll" id="f7ba8e86-cb66-6ef4-d1cf-87def896d05b">
      <Execution id="d1727e94-6252-4d88-aa40-b65029546a5c" />
      <TestMethod codeBase="C:\Projekty\xUnitTestProject\bin\Debug\netcoreapp3.1\xUnitTestProject.dll" adapterTypeName="executor://xunit/VsTestRunner2/netcoreapp" className="xUnitTestProject.CurrencyHelperTests" name="FormatToStringTest1000" />
    </UnitTest>
    <UnitTest name="xUnitTestProject.CurrencyHelperTests.FormatToStringTest1000(price: 25720.27551496321, expected: &quot;25720.28 zł&quot;)" storage="c:\projekty\xunittestproject\bin\debug\netcoreapp3.1\xunittestproject.dll" id="f015f451-5073-33ab-39c2-17ab900bf337">
      <Execution id="2c8b6d6f-0c4e-4355-9f48-8d16c55942af" />
      <TestMethod codeBase="C:\Projekty\xUnitTestProject\bin\Debug\netcoreapp3.1\xUnitTestProject.dll" adapterTypeName="executor://xunit/VsTestRunner2/netcoreapp" className="xUnitTestProject.CurrencyHelperTests" name="FormatToStringTest1000" />
    </UnitTest>
    <UnitTest name="xUnitTestProject.CurrencyHelperTests.FormatToStringTest1000(price: 9151.103070427245, expected: &quot;9151.10 zł&quot;)" storage="c:\projekty\xunittestproject\bin\debug\netcoreapp3.1\xunittestproject.dll" id="9c8eee20-620b-e0aa-1580-d34a7e65e392">
      <Execution id="127de324-6d4a-4094-9b19-2808387bd2a9" />
      <TestMethod codeBase="C:\Projekty\xUnitTestProject\bin\Debug\netcoreapp3.1\xUnitTestProject.dll" adapterTypeName="executor://xunit/VsTestRunner2/netcoreapp" className="xUnitTestProject.CurrencyHelperTests" name="FormatToStringTest1000" />
    </UnitTest>
    <UnitTest name="xUnitTestProject.CurrencyHelperTests.FormatToStringTest1000(price: 6173.0243155793405, expected: &quot;6173.02 zł&quot;)" storage="c:\projekty\xunittestproject\bin\debug\netcoreapp3.1\xunittestproject.dll" id="3592b35e-5647-34de-406e-9d7d0b031ac6">
      <Execution id="44018a43-105c-4394-92e9-a3da0b99658c" />
      <TestMethod codeBase="C:\Projekty\xUnitTestProject\bin\Debug\netcoreapp3.1\xUnitTestProject.dll" adapterTypeName="executor://xunit/VsTestRunner2/netcoreapp" className="xUnitTestProject.CurrencyHelperTests" name="FormatToStringTest1000" />
    </UnitTest>
    <UnitTest name="xUnitTestProject.CurrencyHelperTests.FormatToStringTest1000(price: 79973.08417819678, expected: &quot;79973.08 zł&quot;)" storage="c:\projekty\xunittestproject\bin\debug\netcoreapp3.1\xunittestproject.dll" id="34bcb15f-3abe-d5c6-acbc-f3d258cf59b6">
      <Execution id="257b635b-dce4-487b-b6a0-fb75977a9277" />
      <TestMethod codeBase="C:\Projekty\xUnitTestProject\bin\Debug\netcoreapp3.1\xUnitTestProject.dll" adapterTypeName="executor://xunit/VsTestRunner2/netcoreapp" className="xUnitTestProject.CurrencyHelperTests" name="FormatToStringTest1000" />
    </UnitTest>
    <UnitTest name="xUnitTestProject.CurrencyHelperTests.FormatToStringTest1000(price: 37589.670531794276, expected: &quot;37589.67 zł&quot;)" storage="c:\projekty\xunittestproject\bin\debug\netcoreapp3.1\xunittestproject.dll" id="f6a49bae-16a9-096b-f816-1c54e1a6b8b7">
      <Execution id="7d464c33-a4de-476c-83c4-0b41a10458e3" />
      <TestMethod codeBase="C:\Projekty\xUnitTestProject\bin\Debug\netcoreapp3.1\xUnitTestProject.dll" adapterTypeName="executor://xunit/VsTestRunner2/netcoreapp" className="xUnitTestProject.CurrencyHelperTests" name="FormatToStringTest1000" />
    </UnitTest>
    <UnitTest name="xUnitTestProject.CurrencyHelperTests.FormatToStringTest1000(price: 657.5396922647672, expected: &quot;657.54 zł&quot;)" storage="c:\projekty\xunittestproject\bin\debug\netcoreapp3.1\xunittestproject.dll" id="82e67c06-9849-1902-4582-6ac1133c7960">
      <Execution id="27cf07b3-7ecb-45f2-beea-a9a7a56a2eb8" />
      <TestMethod codeBase="C:\Projekty\xUnitTestProject\bin\Debug\netcoreapp3.1\xUnitTestProject.dll" adapterTypeName="executor://xunit/VsTestRunner2/netcoreapp" className="xUnitTestProject.CurrencyHelperTests" name="FormatToStringTest1000" />
    </UnitTest>
    <UnitTest name="xUnitTestProject.CurrencyHelperTests.FormatToStringTest1000(price: 34062.88803158276, expected: &quot;34062.89 zł&quot;)" storage="c:\projekty\xunittestproject\bin\debug\netcoreapp3.1\xunittestproject.dll" id="4c71192e-43b4-c49c-e53a-9e4a0adf6b7e">
      <Execution id="40af708c-eb46-4cf1-9770-53c6a5f86678" />
      <TestMethod codeBase="C:\Projekty\xUnitTestProject\bin\Debug\netcoreapp3.1\xUnitTestProject.dll" adapterTypeName="executor://xunit/VsTestRunner2/netcoreapp" className="xUnitTestProject.CurrencyHelperTests" name="FormatToStringTest1000" />
    </UnitTest>
    <UnitTest name="xUnitTestProject.CurrencyHelperTests.FormatToStringTest1000(price: 54724.71040318008, expected: &quot;54724.71 zł&quot;)" storage="c:\projekty\xunittestproject\bin\debug\netcoreapp3.1\xunittestproject.dll" id="3436f427-af0a-5bde-6f98-b38b99a7cf5b">
      <Execution id="53ede820-5ff6-4093-acde-a409b30c5f60" />
      <TestMethod codeBase="C:\Projekty\xUnitTestProject\bin\Debug\netcoreapp3.1\xUnitTestProject.dll" adapterTypeName="executor://xunit/VsTestRunner2/netcoreapp" className="xUnitTestProject.CurrencyHelperTests" name="FormatToStringTest1000" />
    </UnitTest>
    <UnitTest name="xUnitTestProject.CurrencyHelperTests.FormatToStringTest1000(price: 2435.1995505835857, expected: &quot;2435.20 zł&quot;)" storage="c:\projekty\xunittestproject\bin\debug\netcoreapp3.1\xunittestproject.dll" id="a79fd14a-da4c-bcf0-0f87-a480851cd28d">
      <Execution id="69df79e2-a3e2-426a-9f49-44fadd305f5b" />
      <TestMethod codeBase="C:\Projekty\xUnitTestProject\bin\Debug\netcoreapp3.1\xUnitTestProject.dll" adapterTypeName="executor://xunit/VsTestRunner2/netcoreapp" className="xUnitTestProject.CurrencyHelperTests" name="FormatToStringTest1000" />
    </UnitTest>
    <UnitTest name="xUnitTestProject.CurrencyHelperTests.FormatToStringTest1000(price: 11958.422287871792, expected: &quot;11958.42 zł&quot;)" storage="c:\projekty\xunittestproject\bin\debug\netcoreapp3.1\xunittestproject.dll" id="0fe69b56-67e1-3f07-b6ce-8076afaa9bd7">
      <Execution id="86215b8a-8f3f-40fb-b49a-32f11b5d116e" />
      <TestMethod codeBase="C:\Projekty\xUnitTestProject\bin\Debug\netcoreapp3.1\xUnitTestProject.dll" adapterTypeName="executor://xunit/VsTestRunner2/netcoreapp" className="xUnitTestProject.CurrencyHelperTests" name="FormatToStringTest1000" />
    </UnitTest>
    <UnitTest name="xUnitTestProject.CurrencyHelperTests.FormatToStringTest1000(price: 38845.74924104323, expected: &quot;38845.75 zł&quot;)" storage="c:\projekty\xunittestproject\bin\debug\netcoreapp3.1\xunittestproject.dll" id="10e970c4-cd41-e630-0953-62de694a4cfc">
      <Execution id="195da6ee-098d-4467-87da-a82205877dab" />
      <TestMethod codeBase="C:\Projekty\xUnitTestProject\bin\Debug\netcoreapp3.1\xUnitTestProject.dll" adapterTypeName="executor://xunit/VsTestRunner2/netcoreapp" className="xUnitTestProject.CurrencyHelperTests" name="FormatToStringTest1000" />
    </UnitTest>
    <UnitTest name="xUnitTestProject.CurrencyHelperTests.FormatToStringTest1000(price: 50664.01951024869, expected: &quot;50664.02 zł&quot;)" storage="c:\projekty\xunittestproject\bin\debug\netcoreapp3.1\xunittestproject.dll" id="888f3232-385d-d83f-1eb6-9a6c46cfe5c3">
      <Execution id="dc3fa155-3c8e-4323-935b-127c57cd4fbb" />
      <TestMethod codeBase="C:\Projekty\xUnitTestProject\bin\Debug\netcoreapp3.1\xUnitTestProject.dll" adapterTypeName="executor://xunit/VsTestRunner2/netcoreapp" className="xUnitTestProject.CurrencyHelperTests" name="FormatToStringTest1000" />
    </UnitTest>
    <UnitTest name="xUnitTestProject.CurrencyHelperTests.FormatToStringTest1000(price: 20454.142628653506, expected: &quot;20454.14 zł&quot;)" storage="c:\projekty\xunittestproject\bin\debug\netcoreapp3.1\xunittestproject.dll" id="5d5f3f94-f47b-3420-095f-ee592218e6de">
      <Execution id="b0fe5e44-56ad-4b47-a024-13c15f21cbd2" />
      <TestMethod codeBase="C:\Projekty\xUnitTestProject\bin\Debug\netcoreapp3.1\xUnitTestProject.dll" adapterTypeName="executor://xunit/VsTestRunner2/netcoreapp" className="xUnitTestProject.CurrencyHelperTests" name="FormatToStringTest1000" />
    </UnitTest>
    <UnitTest name="xUnitTestProject.CurrencyHelperTests.FormatToStringTest1000(price: 17232.486162219426, expected: &quot;17232.49 zł&quot;)" storage="c:\projekty\xunittestproject\bin\debug\netcoreapp3.1\xunittestproject.dll" id="ad936791-3884-bcd2-a8bf-cc0980504588">
      <Execution id="9d403a34-83f3-4d28-ab9c-33705f8c3424" />
      <TestMethod codeBase="C:\Projekty\xUnitTestProject\bin\Debug\netcoreapp3.1\xUnitTestProject.dll" adapterTypeName="executor://xunit/VsTestRunner2/netcoreapp" className="xUnitTestProject.CurrencyHelperTests" name="FormatToStringTest1000" />
    </UnitTest>
    <UnitTest name="xUnitTestProject.CurrencyHelperTests.FormatToStringTest1000(price: 13414.3551766441, expected: &quot;13414.36 zł&quot;)" storage="c:\projekty\xunittestproject\bin\debug\netcoreapp3.1\xunittestproject.dll" id="5481b8f6-7923-7c75-9ba8-6b8dff0a8582">
      <Execution id="962db8f4-ca1e-44f6-b7a0-da5523c9bc29" />
      <TestMethod codeBase="C:\Projekty\xUnitTestProject\bin\Debug\netcoreapp3.1\xUnitTestProject.dll" adapterTypeName="executor://xunit/VsTestRunner2/netcoreapp" className="xUnitTestProject.CurrencyHelperTests" name="FormatToStringTest1000" />
    </UnitTest>
    <UnitTest name="xUnitTestProject.CurrencyHelperTests.FormatToStringTest1000(price: 5548.360986085777, expected: &quot;5548.36 zł&quot;)" storage="c:\projekty\xunittestproject\bin\debug\netcoreapp3.1\xunittestproject.dll" id="5bb9d818-e2ff-58b7-df0a-941461adb800">
      <Execution id="b585659a-1676-4b93-8481-2c08af51c200" />
      <TestMethod codeBase="C:\Projekty\xUnitTestProject\bin\Debug\netcoreapp3.1\xUnitTestProject.dll" adapterTypeName="executor://xunit/VsTestRunner2/netcoreapp" className="xUnitTestProject.CurrencyHelperTests" name="FormatToStringTest1000" />
    </UnitTest>
    <UnitTest name="xUnitTestProject.CurrencyHelperTests.FormatToStringTest1000(price: 8582.709131852587, expected: &quot;8582.71 zł&quot;)" storage="c:\projekty\xunittestproject\bin\debug\netcoreapp3.1\xunittestproject.dll" id="0fab285a-bfbc-a49a-b095-2b979efe33e8">
      <Execution id="c6177288-bd72-40bf-a661-b3695de867e3" />
      <TestMethod codeBase="C:\Projekty\xUnitTestProject\bin\Debug\netcoreapp3.1\xUnitTestProject.dll" adapterTypeName="executor://xunit/VsTestRunner2/netcoreapp" className="xUnitTestProject.CurrencyHelperTests" name="FormatToStringTest1000" />
    </UnitTest>
    <UnitTest name="xUnitTestProject.CurrencyHelperTests.FormatToStringTest1000(price: 15190.097283723344, expected: &quot;15190.10 zł&quot;)" storage="c:\projekty\xunittestproject\bin\debug\netcoreapp3.1\xunittestproject.dll" id="a50452b0-19e4-73e9-85e6-be9ac505f00e">
      <Execution id="57836e45-71a0-4bc2-b405-4c4b8497436c" />
      <TestMethod codeBase="C:\Projekty\xUnitTestProject\bin\Debug\netcoreapp3.1\xUnitTestProject.dll" adapterTypeName="executor://xunit/VsTestRunner2/netcoreapp" className="xUnitTestProject.CurrencyHelperTests" name="FormatToStringTest1000" />
    </UnitTest>
    <UnitTest name="xUnitTestProject.CurrencyHelperTests.FormatToStringTest1000(price: 13582.47117894258, expected: &quot;13582.47 zł&quot;)" storage="c:\projekty\xunittestproject\bin\debug\netcoreapp3.1\xunittestproject.dll" id="bfa1b3ee-d7a8-b11e-2134-8a3b879aa609">
      <Execution id="ab2efe39-8c74-47e5-a14f-5f0470ea563d" />
      <TestMethod codeBase="C:\Projekty\xUnitTestProject\bin\Debug\netcoreapp3.1\xUnitTestProject.dll" adapterTypeName="executor://xunit/VsTestRunner2/netcoreapp" className="xUnitTestProject.CurrencyHelperTests" name="FormatToStringTest1000" />
    </UnitTest>
    <UnitTest name="xUnitTestProject.CurrencyHelperTests.FormatToStringTest1000(price: 1687.5965557361937, expected: &quot;1687.60 zł&quot;)" storage="c:\projekty\xunittestproject\bin\debug\netcoreapp3.1\xunittestproject.dll" id="2732f008-e7e8-d754-7384-c116f008d613">
      <Execution id="cfeebed6-b3a7-452f-819c-78a06ac77f9d" />
      <TestMethod codeBase="C:\Projekty\xUnitTestProject\bin\Debug\netcoreapp3.1\xUnitTestProject.dll" adapterTypeName="executor://xunit/VsTestRunner2/netcoreapp" className="xUnitTestProject.CurrencyHelperTests" name="FormatToStringTest1000" />
    </UnitTest>
    <UnitTest name="xUnitTestProject.CurrencyHelperTests.FormatToStringTest1000(price: 6027.66019266828, expected: &quot;6027.66 zł&quot;)" storage="c:\projekty\xunittestproject\bin\debug\netcoreapp3.1\xunittestproject.dll" id="2a896644-50d0-a8ac-de47-7ac4676c290e">
      <Execution id="32f48182-0fb7-48fe-b4e7-87bf1a1bc024" />
      <TestMethod codeBase="C:\Projekty\xUnitTestProject\bin\Debug\netcoreapp3.1\xUnitTestProject.dll" adapterTypeName="executor://xunit/VsTestRunner2/netcoreapp" className="xUnitTestProject.CurrencyHelperTests" name="FormatToStringTest1000" />
    </UnitTest>
    <UnitTest name="xUnitTestProject.CurrencyHelperTests.FormatToStringTest1000(price: 7348.947429818543, expected: &quot;7348.95 zł&quot;)" storage="c:\projekty\xunittestproject\bin\debug\netcoreapp3.1\xunittestproject.dll" id="b805cea1-9061-e180-4bd1-a6b18b6307ab">
      <Execution id="d5a28a8f-fd49-4b39-8c44-72d92912a7f0" />
      <TestMethod codeBase="C:\Projekty\xUnitTestProject\bin\Debug\netcoreapp3.1\xUnitTestProject.dll" adapterTypeName="executor://xunit/VsTestRunner2/netcoreapp" className="xUnitTestProject.CurrencyHelperTests" name="FormatToStringTest1000" />
    </UnitTest>
    <UnitTest name="xUnitTestProject.CurrencyHelperTests.FormatToStringTest1000(price: 65947.64520381515, expected: &quot;65947.65 zł&quot;)" storage="c:\projekty\xunittestproject\bin\debug\netcoreapp3.1\xunittestproject.dll" id="4168f0ac-b835-769a-f744-274b70d89027">
      <Execution id="0f5103b4-a1ae-451d-93fd-65aaf4111c68" />
      <TestMethod codeBase="C:\Projekty\xUnitTestProject\bin\Debug\netcoreapp3.1\xUnitTestProject.dll" adapterTypeName="executor://xunit/VsTestRunner2/netcoreapp" className="xUnitTestProject.CurrencyHelperTests" name="FormatToStringTest1000" />
    </UnitTest>
    <UnitTest name="xUnitTestProject.CurrencyHelperTests.FormatToStringTest1000(price: 19103.831635461574, expected: &quot;19103.83 zł&quot;)" storage="c:\projekty\xunittestproject\bin\debug\netcoreapp3.1\xunittestproject.dll" id="4adfbd6f-49a9-0885-850f-1a4998e7f85f">
      <Execution id="b2ce8c7d-f7de-4b1a-9b27-949e3c2f4ef6" />
      <TestMethod codeBase="C:\Projekty\xUnitTestProject\bin\Debug\netcoreapp3.1\xUnitTestProject.dll" adapterTypeName="executor://xunit/VsTestRunner2/netcoreapp" className="xUnitTestProject.CurrencyHelperTests" name="FormatToStringTest1000" />
    </UnitTest>
    <UnitTest name="xUnitTestProject.CurrencyHelperTests.FormatToStringTest1000(price: 16986.338876065027, expected: &quot;16986.34 zł&quot;)" storage="c:\projekty\xunittestproject\bin\debug\netcoreapp3.1\xunittestproject.dll" id="9bb60857-0889-c636-aa09-df7f3ffa4f70">
      <Execution id="178769ec-b609-4da7-9080-a0c1b484771e" />
      <TestMethod codeBase="C:\Projekty\xUnitTestProject\bin\Debug\netcoreapp3.1\xUnitTestProject.dll" adapterTypeName="executor://xunit/VsTestRunner2/netcoreapp" className="xUnitTestProject.CurrencyHelperTests" name="FormatToStringTest1000" />
    </UnitTest>
    <UnitTest name="xUnitTestProject.CurrencyHelperTests.FormatToStringTest1000(price: 49037.8109120586, expected: &quot;49037.81 zł&quot;)" storage="c:\projekty\xunittestproject\bin\debug\netcoreapp3.1\xunittestproject.dll" id="75e6c444-bc3b-aad1-8b9e-9567096a44b9">
      <Execution id="fcf4423d-5236-4e49-893a-de2404abca8e" />
      <TestMethod codeBase="C:\Projekty\xUnitTestProject\bin\Debug\netcoreapp3.1\xUnitTestProject.dll" adapterTypeName="executor://xunit/VsTestRunner2/netcoreapp" className="xUnitTestProject.CurrencyHelperTests" name="FormatToStringTest1000" />
    </UnitTest>
    <UnitTest name="xUnitTestProject.CurrencyHelperTests.FormatToStringTest1000(price: 61633.2671179945, expected: &quot;61633.27 zł&quot;)" storage="c:\projekty\xunittestproject\bin\debug\netcoreapp3.1\xunittestproject.dll" id="f0b310a7-9bf9-fe2b-4bd1-bf05e954c540">
      <Execution id="40f70723-2c3a-46be-91e7-0bfe59999a16" />
      <TestMethod codeBase="C:\Projekty\xUnitTestProject\bin\Debug\netcoreapp3.1\xUnitTestProject.dll" adapterTypeName="executor://xunit/VsTestRunner2/netcoreapp" className="xUnitTestProject.CurrencyHelperTests" name="FormatToStringTest1000" />
    </UnitTest>
    <UnitTest name="xUnitTestProject.CurrencyHelperTests.FormatToStringTest1000(price: 9190.067404299076, expected: &quot;9190.07 zł&quot;)" storage="c:\projekty\xunittestproject\bin\debug\netcoreapp3.1\xunittestproject.dll" id="c6463145-e835-b32e-9815-611f61fa5540">
      <Execution id="bbee4815-fb6d-426f-9669-f41dbfa403ad" />
      <TestMethod codeBase="C:\Projekty\xUnitTestProject\bin\Debug\netcoreapp3.1\xUnitTestProject.dll" adapterTypeName="executor://xunit/VsTestRunner2/netcoreapp" className="xUnitTestProject.CurrencyHelperTests" name="FormatToStringTest1000" />
    </UnitTest>
    <UnitTest name="xUnitTestProject.CurrencyHelperTests.FormatToStringTest1000(price: 23120.169499649743, expected: &quot;23120.17 zł&quot;)" storage="c:\projekty\xunittestproject\bin\debug\netcoreapp3.1\xunittestproject.dll" id="aaa9e076-e199-e522-2c08-1bd206c5f6e7">
      <Execution id="74acab8d-01e6-4c66-9446-9d851a52771e" />
      <TestMethod codeBase="C:\Projekty\xUnitTestProject\bin\Debug\netcoreapp3.1\xUnitTestProject.dll" adapterTypeName="executor://xunit/VsTestRunner2/netcoreapp" className="xUnitTestProject.CurrencyHelperTests" name="FormatToStringTest1000" />
    </UnitTest>
    <UnitTest name="xUnitTestProject.CurrencyHelperTests.FormatToStringTest1000(price: 4919.073526169674, expected: &quot;4919.07 zł&quot;)" storage="c:\projekty\xunittestproject\bin\debug\netcoreapp3.1\xunittestproject.dll" id="0b4d877e-fce2-536e-a6f4-e4fbe4e6e47c">
      <Execution id="997458b4-6767-4a60-93b3-34003b65bda9" />
      <TestMethod codeBase="C:\Projekty\xUnitTestProject\bin\Debug\netcoreapp3.1\xUnitTestProject.dll" adapterTypeName="executor://xunit/VsTestRunner2/netcoreapp" className="xUnitTestProject.CurrencyHelperTests" name="FormatToStringTest1000" />
    </UnitTest>
    <UnitTest name="xUnitTestProject.CurrencyHelperTests.FormatToStringTest1000(price: 11989.099505855282, expected: &quot;11989.10 zł&quot;)" storage="c:\projekty\xunittestproject\bin\debug\netcoreapp3.1\xunittestproject.dll" id="30e1c064-5a9f-94cf-3bb0-81267bf9f82e">
      <Execution id="678bbcec-bc4e-44ee-866f-67b1835d32e5" />
      <TestMethod codeBase="C:\Projekty\xUnitTestProject\bin\Debug\netcoreapp3.1\xUnitTestProject.dll" adapterTypeName="executor://xunit/VsTestRunner2/netcoreapp" className="xUnitTestProject.CurrencyHelperTests" name="FormatToStringTest1000" />
    </UnitTest>
    <UnitTest name="xUnitTestProject.CurrencyHelperTests.FormatToStringTest1000(price: 8768.816937361293, expected: &quot;8768.82 zł&quot;)" storage="c:\projekty\xunittestproject\bin\debug\netcoreapp3.1\xunittestproject.dll" id="e54868c5-e23a-96f9-bd57-052b8e9f25f9">
      <Execution id="99dadd8d-41df-4616-bab6-e99b042dbb6f" />
      <TestMethod codeBase="C:\Projekty\xUnitTestProject\bin\Debug\netcoreapp3.1\xUnitTestProject.dll" adapterTypeName="executor://xunit/VsTestRunner2/netcoreapp" className="xUnitTestProject.CurrencyHelperTests" name="FormatToStringTest1000" />
    </UnitTest>
    <UnitTest name="xUnitTestProject.CurrencyHelperTests.FormatToStringTest1000(price: 24528.124092612474, expected: &quot;24528.12 zł&quot;)" storage="c:\projekty\xunittestproject\bin\debug\netcoreapp3.1\xunittestproject.dll" id="a33a7227-7248-ce4e-bb18-77c33faa0f1a">
      <Execution id="b9893d0c-8801-4c0b-8bfc-1f7099344f2b" />
      <TestMethod codeBase="C:\Projekty\xUnitTestProject\bin\Debug\netcoreapp3.1\xUnitTestProject.dll" adapterTypeName="executor://xunit/VsTestRunner2/netcoreapp" className="xUnitTestProject.CurrencyHelperTests" name="FormatToStringTest1000" />
    </UnitTest>
    <UnitTest name="xUnitTestProject.CurrencyHelperTests.FormatToStringTest1000(price: 485.6735566554933, expected: &quot;485.67 zł&quot;)" storage="c:\projekty\xunittestproject\bin\debug\netcoreapp3.1\xunittestproject.dll" id="a9fb7030-78aa-b78d-bae0-0e3e80a09140">
      <Execution id="6485707a-557c-47ff-a160-9cd35e9c668e" />
      <TestMethod codeBase="C:\Projekty\xUnitTestProject\bin\Debug\netcoreapp3.1\xUnitTestProject.dll" adapterTypeName="executor://xunit/VsTestRunner2/netcoreapp" className="xUnitTestProject.CurrencyHelperTests" name="FormatToStringTest1000" />
    </UnitTest>
    <UnitTest name="xUnitTestProject.CurrencyHelperTests.FormatToStringTest1000(price: 181.3640542483721, expected: &quot;181.36 zł&quot;)" storage="c:\projekty\xunittestproject\bin\debug\netcoreapp3.1\xunittestproject.dll" id="41fb6436-3dfd-f2cc-b2c2-3eb1f8450637">
      <Execution id="aa7d8ca0-15f9-4bc3-8805-ad7b395a82b3" />
      <TestMethod codeBase="C:\Projekty\xUnitTestProject\bin\Debug\netcoreapp3.1\xUnitTestProject.dll" adapterTypeName="executor://xunit/VsTestRunner2/netcoreapp" className="xUnitTestProject.CurrencyHelperTests" name="FormatToStringTest1000" />
    </UnitTest>
    <UnitTest name="xUnitTestProject.CurrencyHelperTests.FormatToStringTest1000(price: 14100.01255469211, expected: &quot;14100.01 zł&quot;)" storage="c:\projekty\xunittestproject\bin\debug\netcoreapp3.1\xunittestproject.dll" id="babff9b9-4ec4-5d0f-1835-e465e17600e6">
      <Execution id="e0570a22-0972-4702-9495-ee599ecc0bf5" />
      <TestMethod codeBase="C:\Projekty\xUnitTestProject\bin\Debug\netcoreapp3.1\xUnitTestProject.dll" adapterTypeName="executor://xunit/VsTestRunner2/netcoreapp" className="xUnitTestProject.CurrencyHelperTests" name="FormatToStringTest1000" />
    </UnitTest>
    <UnitTest name="xUnitTestProject.CurrencyHelperTests.FormatToStringTest1000(price: 21328.29026726507, expected: &quot;21328.29 zł&quot;)" storage="c:\projekty\xunittestproject\bin\debug\netcoreapp3.1\xunittestproject.dll" id="d328e580-fcf1-b0bb-73e2-fe6651dece0e">
      <Execution id="c24e2707-bb5b-43f1-8294-b625236d7a96" />
      <TestMethod codeBase="C:\Projekty\xUnitTestProject\bin\Debug\netcoreapp3.1\xUnitTestProject.dll" adapterTypeName="executor://xunit/VsTestRunner2/netcoreapp" className="xUnitTestProject.CurrencyHelperTests" name="FormatToStringTest1000" />
    </UnitTest>
    <UnitTest name="xUnitTestProject.CurrencyHelperTests.FormatToStringTest1000(price: 20978.860218282258, expected: &quot;20978.86 zł&quot;)" storage="c:\projekty\xunittestproject\bin\debug\netcoreapp3.1\xunittestproject.dll" id="58e741bd-777c-df5d-d9c1-457b2c873d32">
      <Execution id="b389c035-e4f4-448c-90c0-b9d1616b5fb9" />
      <TestMethod codeBase="C:\Projekty\xUnitTestProject\bin\Debug\netcoreapp3.1\xUnitTestProject.dll" adapterTypeName="executor://xunit/VsTestRunner2/netcoreapp" className="xUnitTestProject.CurrencyHelperTests" name="FormatToStringTest1000" />
    </UnitTest>
    <UnitTest name="xUnitTestProject.CurrencyHelperTests.FormatToStringTest1000(price: 5287.3103648714305, expected: &quot;5287.31 zł&quot;)" storage="c:\projekty\xunittestproject\bin\debug\netcoreapp3.1\xunittestproject.dll" id="aa0b789a-9fae-e4e5-e891-6c71af0ebd35">
      <Execution id="911e419e-a46e-4c28-9126-64d1ca8d1377" />
      <TestMethod codeBase="C:\Projekty\xUnitTestProject\bin\Debug\netcoreapp3.1\xUnitTestProject.dll" adapterTypeName="executor://xunit/VsTestRunner2/netcoreapp" className="xUnitTestProject.CurrencyHelperTests" name="FormatToStringTest1000" />
    </UnitTest>
    <UnitTest name="xUnitTestProject.CurrencyHelperTests.FormatToStringTest1000(price: 47025.6224095177, expected: &quot;47025.62 zł&quot;)" storage="c:\projekty\xunittestproject\bin\debug\netcoreapp3.1\xunittestproject.dll" id="f527f4e7-733e-c529-a6f2-d33ed3ff23a3">
      <Execution id="c93de51c-9e53-4694-b2f6-a0aa05104ca6" />
      <TestMethod codeBase="C:\Projekty\xUnitTestProject\bin\Debug\netcoreapp3.1\xUnitTestProject.dll" adapterTypeName="executor://xunit/VsTestRunner2/netcoreapp" className="xUnitTestProject.CurrencyHelperTests" name="FormatToStringTest1000" />
    </UnitTest>
    <UnitTest name="xUnitTestProject.CurrencyHelperTests.FormatToStringTest1000(price: 16902.50568789314, expected: &quot;16902.51 zł&quot;)" storage="c:\projekty\xunittestproject\bin\debug\netcoreapp3.1\xunittestproject.dll" id="35d446c0-f87b-db26-2eb6-ac470ed5efed">
      <Execution id="99fa8aee-809b-40b8-8c14-7c10ac426cf0" />
      <TestMethod codeBase="C:\Projekty\xUnitTestProject\bin\Debug\netcoreapp3.1\xUnitTestProject.dll" adapterTypeName="executor://xunit/VsTestRunner2/netcoreapp" className="xUnitTestProject.CurrencyHelperTests" name="FormatToStringTest1000" />
    </UnitTest>
    <UnitTest name="xUnitTestProject.CurrencyHelperTests.FormatToStringTest1000(price: 32262.93788198984, expected: &quot;32262.94 zł&quot;)" storage="c:\projekty\xunittestproject\bin\debug\netcoreapp3.1\xunittestproject.dll" id="e8e3664d-13e4-e628-073d-8b88b9f9785c">
      <Execution id="1aaf7a95-abee-43f5-962f-41d2c523dd5b" />
      <TestMethod codeBase="C:\Projekty\xUnitTestProject\bin\Debug\netcoreapp3.1\xUnitTestProject.dll" adapterTypeName="executor://xunit/VsTestRunner2/netcoreapp" className="xUnitTestProject.CurrencyHelperTests" name="FormatToStringTest1000" />
    </UnitTest>
    <UnitTest name="xUnitTestProject.CurrencyHelperTests.FormatToStringTest1000(price: 16190.113943164757, expected: &quot;16190.11 zł&quot;)" storage="c:\projekty\xunittestproject\bin\debug\netcoreapp3.1\xunittestproject.dll" id="4fa0fe8a-60b4-1b4b-175d-a18573723ba2">
      <Execution id="48b1784a-5588-487e-a79c-fcc535fca670" />
      <TestMethod codeBase="C:\Projekty\xUnitTestProject\bin\Debug\netcoreapp3.1\xUnitTestProject.dll" adapterTypeName="executor://xunit/VsTestRunner2/netcoreapp" className="xUnitTestProject.CurrencyHelperTests" name="FormatToStringTest1000" />
    </UnitTest>
    <UnitTest name="xUnitTestProject.CurrencyHelperTests.FormatToStringTest1000(price: 73477.18206926118, expected: &quot;73477.18 zł&quot;)" storage="c:\projekty\xunittestproject\bin\debug\netcoreapp3.1\xunittestproject.dll" id="c1399a21-a8d4-fd2f-1879-d9e50a5fe1b4">
      <Execution id="393174cc-79fc-4654-b22a-ca7ebcb70594" />
      <TestMethod codeBase="C:\Projekty\xUnitTestProject\bin\Debug\netcoreapp3.1\xUnitTestProject.dll" adapterTypeName="executor://xunit/VsTestRunner2/netcoreapp" className="xUnitTestProject.CurrencyHelperTests" name="FormatToStringTest1000" />
    </UnitTest>
    <UnitTest name="xUnitTestProject.CurrencyHelperTests.FormatToStringTest1000(price: 45340.017357165, expected: &quot;45340.02 zł&quot;)" storage="c:\projekty\xunittestproject\bin\debug\netcoreapp3.1\xunittestproject.dll" id="ae0a2a8f-7404-db1c-88e4-d4970f3642af">
      <Execution id="5b92ca45-cd87-42c4-aba4-604278c5eba3" />
      <TestMethod codeBase="C:\Projekty\xUnitTestProject\bin\Debug\netcoreapp3.1\xUnitTestProject.dll" adapterTypeName="executor://xunit/VsTestRunner2/netcoreapp" className="xUnitTestProject.CurrencyHelperTests" name="FormatToStringTest1000" />
    </UnitTest>
    <UnitTest name="xUnitTestProject.CurrencyHelperTests.FormatToStringTest1000(price: 87505.85936583664, expected: &quot;87505.86 zł&quot;)" storage="c:\projekty\xunittestproject\bin\debug\netcoreapp3.1\xunittestproject.dll" id="69eeb057-df94-2674-fba1-959c41ef1419">
      <Execution id="ab8c7617-0661-4715-9970-16aa0c93a811" />
      <TestMethod codeBase="C:\Projekty\xUnitTestProject\bin\Debug\netcoreapp3.1\xUnitTestProject.dll" adapterTypeName="executor://xunit/VsTestRunner2/netcoreapp" className="xUnitTestProject.CurrencyHelperTests" name="FormatToStringTest1000" />
    </UnitTest>
    <UnitTest name="xUnitTestProject.CurrencyHelperTests.FormatToStringTest1000(price: 19363.881840787773, expected: &quot;19363.88 zł&quot;)" storage="c:\projekty\xunittestproject\bin\debug\netcoreapp3.1\xunittestproject.dll" id="717afcc9-fdbd-942f-44d5-9f5deeef640f">
      <Execution id="09483a40-fd0e-4a7a-8848-1f04781a99b4" />
      <TestMethod codeBase="C:\Projekty\xUnitTestProject\bin\Debug\netcoreapp3.1\xUnitTestProject.dll" adapterTypeName="executor://xunit/VsTestRunner2/netcoreapp" className="xUnitTestProject.CurrencyHelperTests" name="FormatToStringTest1000" />
    </UnitTest>
    <UnitTest name="xUnitTestProject.CurrencyHelperTests.FormatToStringTest1000(price: 18208.8422650126, expected: &quot;18208.84 zł&quot;)" storage="c:\projekty\xunittestproject\bin\debug\netcoreapp3.1\xunittestproject.dll" id="46d3bb4f-6f59-f6c2-b532-ed497dfae82c">
      <Execution id="60c0aa82-b552-4273-8fdb-bba4632c5caa" />
      <TestMethod codeBase="C:\Projekty\xUnitTestProject\bin\Debug\netcoreapp3.1\xUnitTestProject.dll" adapterTypeName="executor://xunit/VsTestRunner2/netcoreapp" className="xUnitTestProject.CurrencyHelperTests" name="FormatToStringTest1000" />
    </UnitTest>
    <UnitTest name="xUnitTestProject.CurrencyHelperTests.FormatToStringTest1000(price: 17252.06220983903, expected: &quot;17252.06 zł&quot;)" storage="c:\projekty\xunittestproject\bin\debug\netcoreapp3.1\xunittestproject.dll" id="491a28af-9dc3-1b63-07e3-54fe5ff8a2ad">
      <Execution id="d3933002-e251-47fa-8a5a-40026c5699ac" />
      <TestMethod codeBase="C:\Projekty\xUnitTestProject\bin\Debug\netcoreapp3.1\xUnitTestProject.dll" adapterTypeName="executor://xunit/VsTestRunner2/netcoreapp" className="xUnitTestProject.CurrencyHelperTests" name="FormatToStringTest1000" />
    </UnitTest>
    <UnitTest name="xUnitTestProject.CurrencyHelperTests.FormatToStringTest1000(price: 16819.974312979717, expected: &quot;16819.97 zł&quot;)" storage="c:\projekty\xunittestproject\bin\debug\netcoreapp3.1\xunittestproject.dll" id="23282872-5c32-1fb9-e0a2-cb7aa878c838">
      <Execution id="ab87243f-83a8-4b4e-9e5e-b5d307292db4" />
      <TestMethod codeBase="C:\Projekty\xUnitTestProject\bin\Debug\netcoreapp3.1\xUnitTestProject.dll" adapterTypeName="executor://xunit/VsTestRunner2/netcoreapp" className="xUnitTestProject.CurrencyHelperTests" name="FormatToStringTest1000" />
    </UnitTest>
    <UnitTest name="xUnitTestProject.CurrencyHelperTests.FormatToStringTest1000(price: 54275.73209373408, expected: &quot;54275.73 zł&quot;)" storage="c:\projekty\xunittestproject\bin\debug\netcoreapp3.1\xunittestproject.dll" id="ef8075a8-e8bb-22f0-871e-f2b168e2c55c">
      <Execution id="15132561-a0c1-49a7-8c79-ee9da6b88fed" />
      <TestMethod codeBase="C:\Projekty\xUnitTestProject\bin\Debug\netcoreapp3.1\xUnitTestProject.dll" adapterTypeName="executor://xunit/VsTestRunner2/netcoreapp" className="xUnitTestProject.CurrencyHelperTests" name="FormatToStringTest1000" />
    </UnitTest>
    <UnitTest name="xUnitTestProject.CurrencyHelperTests.FormatToStringTest1000(price: 65204.90483536055, expected: &quot;65204.90 zł&quot;)" storage="c:\projekty\xunittestproject\bin\debug\netcoreapp3.1\xunittestproject.dll" id="1e915730-ab57-9b1e-994b-24cc1c98dc55">
      <Execution id="34c83539-0800-421b-89cd-4013ab143151" />
      <TestMethod codeBase="C:\Projekty\xUnitTestProject\bin\Debug\netcoreapp3.1\xUnitTestProject.dll" adapterTypeName="executor://xunit/VsTestRunner2/netcoreapp" className="xUnitTestProject.CurrencyHelperTests" name="FormatToStringTest1000" />
    </UnitTest>
    <UnitTest name="xUnitTestProject.CurrencyHelperTests.FormatToStringTest1000(price: 26945.125386551546, expected: &quot;26945.13 zł&quot;)" storage="c:\projekty\xunittestproject\bin\debug\netcoreapp3.1\xunittestproject.dll" id="38f897eb-957e-6945-e8b5-f2e873b7ac17">
      <Execution id="3d4ea4ed-1404-463e-80bf-fd6159e12460" />
      <TestMethod codeBase="C:\Projekty\xUnitTestProject\bin\Debug\netcoreapp3.1\xUnitTestProject.dll" adapterTypeName="executor://xunit/VsTestRunner2/netcoreapp" className="xUnitTestProject.CurrencyHelperTests" name="FormatToStringTest1000" />
    </UnitTest>
    <UnitTest name="xUnitTestProject.CurrencyHelperTests.FormatToStringTest1000(price: 12125.090155628086, expected: &quot;12125.09 zł&quot;)" storage="c:\projekty\xunittestproject\bin\debug\netcoreapp3.1\xunittestproject.dll" id="d5c3657d-a220-d2b1-57c9-e4353f6b9eb6">
      <Execution id="e2373b03-1c0e-484d-8532-56d3234b7325" />
      <TestMethod codeBase="C:\Projekty\xUnitTestProject\bin\Debug\netcoreapp3.1\xUnitTestProject.dll" adapterTypeName="executor://xunit/VsTestRunner2/netcoreapp" className="xUnitTestProject.CurrencyHelperTests" name="FormatToStringTest1000" />
    </UnitTest>
    <UnitTest name="xUnitTestProject.CurrencyHelperTests.FormatToStringTest1000(price: 64124.274503948756, expected: &quot;64124.27 zł&quot;)" storage="c:\projekty\xunittestproject\bin\debug\netcoreapp3.1\xunittestproject.dll" id="21c8abf8-9b6f-d71c-0d26-379759e20f24">
      <Execution id="c7ec3141-c896-4a30-86fe-1a176bf13356" />
      <TestMethod codeBase="C:\Projekty\xUnitTestProject\bin\Debug\netcoreapp3.1\xUnitTestProject.dll" adapterTypeName="executor://xunit/VsTestRunner2/netcoreapp" className="xUnitTestProject.CurrencyHelperTests" name="FormatToStringTest1000" />
    </UnitTest>
    <UnitTest name="xUnitTestProject.CurrencyHelperTests.FormatToStringTest1000(price: 53192.79032742269, expected: &quot;53192.79 zł&quot;)" storage="c:\projekty\xunittestproject\bin\debug\netcoreapp3.1\xunittestproject.dll" id="31b9c4ce-6a9b-3b29-d842-ab748e7d275b">
      <Execution id="596f66c3-3c25-4926-8625-76340d827c7f" />
      <TestMethod codeBase="C:\Projekty\xUnitTestProject\bin\Debug\netcoreapp3.1\xUnitTestProject.dll" adapterTypeName="executor://xunit/VsTestRunner2/netcoreapp" className="xUnitTestProject.CurrencyHelperTests" name="FormatToStringTest1000" />
    </UnitTest>
    <UnitTest name="xUnitTestProject.CurrencyHelperTests.FormatToStringTest1000(price: 22557.09603308099, expected: &quot;22557.10 zł&quot;)" storage="c:\projekty\xunittestproject\bin\debug\netcoreapp3.1\xunittestproject.dll" id="419d247e-1033-df66-fcc5-471a4ec8f5e3">
      <Execution id="d335bfdb-0cfa-4419-bb61-ac5f9aa294b7" />
      <TestMethod codeBase="C:\Projekty\xUnitTestProject\bin\Debug\netcoreapp3.1\xUnitTestProject.dll" adapterTypeName="executor://xunit/VsTestRunner2/netcoreapp" className="xUnitTestProject.CurrencyHelperTests" name="FormatToStringTest1000" />
    </UnitTest>
    <UnitTest name="xUnitTestProject.CurrencyHelperTests.FormatToStringTest1000(price: 46803.36433423374, expected: &quot;46803.36 zł&quot;)" storage="c:\projekty\xunittestproject\bin\debug\netcoreapp3.1\xunittestproject.dll" id="7fe2a8ad-3600-98d5-7117-12a9f9025c62">
      <Execution id="23290109-f562-41de-bd70-1978c2df18b3" />
      <TestMethod codeBase="C:\Projekty\xUnitTestProject\bin\Debug\netcoreapp3.1\xUnitTestProject.dll" adapterTypeName="executor://xunit/VsTestRunner2/netcoreapp" className="xUnitTestProject.CurrencyHelperTests" name="FormatToStringTest1000" />
    </UnitTest>
    <UnitTest name="xUnitTestProject.CurrencyHelperTests.FormatToStringTest1000(price: 52858.048916166204, expected: &quot;52858.05 zł&quot;)" storage="c:\projekty\xunittestproject\bin\debug\netcoreapp3.1\xunittestproject.dll" id="1ede13b3-cc3c-b767-91a3-9e4f793d1dd5">
      <Execution id="689aae72-52a3-472c-a004-c382b386da70" />
      <TestMethod codeBase="C:\Projekty\xUnitTestProject\bin\Debug\netcoreapp3.1\xUnitTestProject.dll" adapterTypeName="executor://xunit/VsTestRunner2/netcoreapp" className="xUnitTestProject.CurrencyHelperTests" name="FormatToStringTest1000" />
    </UnitTest>
    <UnitTest name="xUnitTestProject.CurrencyHelperTests.FormatToStringTest1000(price: 2992.6161168593057, expected: &quot;2992.62 zł&quot;)" storage="c:\projekty\xunittestproject\bin\debug\netcoreapp3.1\xunittestproject.dll" id="fe35c71e-d9ed-258c-2105-0adfcd0d495e">
      <Execution id="0db928dc-98dc-4ceb-bf53-3d47e4ed2492" />
      <TestMethod codeBase="C:\Projekty\xUnitTestProject\bin\Debug\netcoreapp3.1\xUnitTestProject.dll" adapterTypeName="executor://xunit/VsTestRunner2/netcoreapp" className="xUnitTestProject.CurrencyHelperTests" name="FormatToStringTest1000" />
    </UnitTest>
    <UnitTest name="xUnitTestProject.CurrencyHelperTests.FormatToStringTest1000(price: 7182.939759099362, expected: &quot;7182.94 zł&quot;)" storage="c:\projekty\xunittestproject\bin\debug\netcoreapp3.1\xunittestproject.dll" id="2194158b-3f8a-54e0-368a-945d72c0c309">
      <Execution id="f6662a5e-19b6-4ce2-8d3a-41a62fe9d5b0" />
      <TestMethod codeBase="C:\Projekty\xUnitTestProject\bin\Debug\netcoreapp3.1\xUnitTestProject.dll" adapterTypeName="executor://xunit/VsTestRunner2/netcoreapp" className="xUnitTestProject.CurrencyHelperTests" name="FormatToStringTest1000" />
    </UnitTest>
    <UnitTest name="xUnitTestProject.CurrencyHelperTests.FormatToStringTest1000(price: 45455.14554704127, expected: &quot;45455.15 zł&quot;)" storage="c:\projekty\xunittestproject\bin\debug\netcoreapp3.1\xunittestproject.dll" id="1c506770-d4ff-94e1-aa2e-f8d5ecc5a897">
      <Execution id="eb628f3a-01d8-4e24-933d-2690a6f05529" />
      <TestMethod codeBase="C:\Projekty\xUnitTestProject\bin\Debug\netcoreapp3.1\xUnitTestProject.dll" adapterTypeName="executor://xunit/VsTestRunner2/netcoreapp" className="xUnitTestProject.CurrencyHelperTests" name="FormatToStringTest1000" />
    </UnitTest>
    <UnitTest name="xUnitTestProject.CurrencyHelperTests.FormatToStringTest1000(price: 5140.16338917155, expected: &quot;5140.16 zł&quot;)" storage="c:\projekty\xunittestproject\bin\debug\netcoreapp3.1\xunittestproject.dll" id="ad51f424-6928-1bb2-fff3-55ef9dbab945">
      <Execution id="ad6332c1-ba5d-47da-ba65-d4928f43f309" />
      <TestMethod codeBase="C:\Projekty\xUnitTestProject\bin\Debug\netcoreapp3.1\xUnitTestProject.dll" adapterTypeName="executor://xunit/VsTestRunner2/netcoreapp" className="xUnitTestProject.CurrencyHelperTests" name="FormatToStringTest1000" />
    </UnitTest>
    <UnitTest name="xUnitTestProject.CurrencyHelperTests.FormatToStringTest1000(price: 736.7398243680316, expected: &quot;736.74 zł&quot;)" storage="c:\projekty\xunittestproject\bin\debug\netcoreapp3.1\xunittestproject.dll" id="8d5bed77-8b58-0b0c-25f0-22107332d09a">
      <Execution id="355e8a08-8d80-43e1-82ba-a84a3dcfe8d6" />
      <TestMethod codeBase="C:\Projekty\xUnitTestProject\bin\Debug\netcoreapp3.1\xUnitTestProject.dll" adapterTypeName="executor://xunit/VsTestRunner2/netcoreapp" className="xUnitTestProject.CurrencyHelperTests" name="FormatToStringTest1000" />
    </UnitTest>
    <UnitTest name="xUnitTestProject.CurrencyHelperTests.FormatToStringTest1000(price: 76536.95853396178, expected: &quot;76536.96 zł&quot;)" storage="c:\projekty\xunittestproject\bin\debug\netcoreapp3.1\xunittestproject.dll" id="cf6ce7eb-96c1-8a55-15f9-4fb2522dc822">
      <Execution id="b87e8fea-399d-4fa2-9dee-5569d85cd1d8" />
      <TestMethod codeBase="C:\Projekty\xUnitTestProject\bin\Debug\netcoreapp3.1\xUnitTestProject.dll" adapterTypeName="executor://xunit/VsTestRunner2/netcoreapp" className="xUnitTestProject.CurrencyHelperTests" name="FormatToStringTest1000" />
    </UnitTest>
    <UnitTest name="xUnitTestProject.CurrencyHelperTests.FormatToStringTest1000(price: 50413.517583300134, expected: &quot;50413.52 zł&quot;)" storage="c:\projekty\xunittestproject\bin\debug\netcoreapp3.1\xunittestproject.dll" id="87ce6106-4ac0-9f5c-9d1b-30007974d2cb">
      <Execution id="16325482-7e84-40da-ba52-de8f5dd2ef0b" />
      <TestMethod codeBase="C:\Projekty\xUnitTestProject\bin\Debug\netcoreapp3.1\xUnitTestProject.dll" adapterTypeName="executor://xunit/VsTestRunner2/netcoreapp" className="xUnitTestProject.CurrencyHelperTests" name="FormatToStringTest1000" />
    </UnitTest>
    <UnitTest name="xUnitTestProject.CurrencyHelperTests.FormatToStringTest1000(price: 9818.257405763146, expected: &quot;9818.26 zł&quot;)" storage="c:\projekty\xunittestproject\bin\debug\netcoreapp3.1\xunittestproject.dll" id="b96da561-72c0-f108-100e-28aea4f8d524">
      <Execution id="bdd81a06-bd04-49c3-acf2-3a6e8fd0c791" />
      <TestMethod codeBase="C:\Projekty\xUnitTestProject\bin\Debug\netcoreapp3.1\xUnitTestProject.dll" adapterTypeName="executor://xunit/VsTestRunner2/netcoreapp" className="xUnitTestProject.CurrencyHelperTests" name="FormatToStringTest1000" />
    </UnitTest>
    <UnitTest name="xUnitTestProject.CurrencyHelperTests.FormatToStringTest1000(price: 34136.0993783046, expected: &quot;34136.10 zł&quot;)" storage="c:\projekty\xunittestproject\bin\debug\netcoreapp3.1\xunittestproject.dll" id="90529360-95e5-c60b-5727-b5fa7d491b19">
      <Execution id="caf56f66-1026-442b-81e3-2c3cb25e6feb" />
      <TestMethod codeBase="C:\Projekty\xUnitTestProject\bin\Debug\netcoreapp3.1\xUnitTestProject.dll" adapterTypeName="executor://xunit/VsTestRunner2/netcoreapp" className="xUnitTestProject.CurrencyHelperTests" name="FormatToStringTest1000" />
    </UnitTest>
    <UnitTest name="xUnitTestProject.CurrencyHelperTests.FormatToStringTest1000(price: 12577.642620996872, expected: &quot;12577.64 zł&quot;)" storage="c:\projekty\xunittestproject\bin\debug\netcoreapp3.1\xunittestproject.dll" id="9fa4910a-439f-a7b3-42d7-59f8d60a9e4f">
      <Execution id="f93b9675-7bcf-4442-9a36-223f933f6f9e" />
      <TestMethod codeBase="C:\Projekty\xUnitTestProject\bin\Debug\netcoreapp3.1\xUnitTestProject.dll" adapterTypeName="executor://xunit/VsTestRunner2/netcoreapp" className="xUnitTestProject.CurrencyHelperTests" name="FormatToStringTest1000" />
    </UnitTest>
    <UnitTest name="xUnitTestProject.CurrencyHelperTests.FormatToStringTest1000(price: 68174.53068551492, expected: &quot;68174.53 zł&quot;)" storage="c:\projekty\xunittestproject\bin\debug\netcoreapp3.1\xunittestproject.dll" id="a80246d5-ddf8-7929-99a4-5139184114ef">
      <Execution id="25573889-ac23-41c9-9ecb-e344051be1e3" />
      <TestMethod codeBase="C:\Projekty\xUnitTestProject\bin\Debug\netcoreapp3.1\xUnitTestProject.dll" adapterTypeName="executor://xunit/VsTestRunner2/netcoreapp" className="xUnitTestProject.CurrencyHelperTests" name="FormatToStringTest1000" />
    </UnitTest>
    <UnitTest name="xUnitTestProject.CurrencyHelperTests.FormatToStringTest1000(price: 21602.417596116393, expected: &quot;21602.42 zł&quot;)" storage="c:\projekty\xunittestproject\bin\debug\netcoreapp3.1\xunittestproject.dll" id="8b9bc8ba-9742-8b44-9f33-0b46de660b7e">
      <Execution id="ba99d21a-b6ea-4bf5-aba2-c303ada5ba67" />
      <TestMethod codeBase="C:\Projekty\xUnitTestProject\bin\Debug\netcoreapp3.1\xUnitTestProject.dll" adapterTypeName="executor://xunit/VsTestRunner2/netcoreapp" className="xUnitTestProject.CurrencyHelperTests" name="FormatToStringTest1000" />
    </UnitTest>
    <UnitTest name="xUnitTestProject.CurrencyHelperTests.FormatToStringTest1000(price: 51408.294679657694, expected: &quot;51408.29 zł&quot;)" storage="c:\projekty\xunittestproject\bin\debug\netcoreapp3.1\xunittestproject.dll" id="e6ee2e42-d693-5a92-34f3-83564b601337">
      <Execution id="f7561c2f-4925-4184-855d-7fed571c35e8" />
      <TestMethod codeBase="C:\Projekty\xUnitTestProject\bin\Debug\netcoreapp3.1\xUnitTestProject.dll" adapterTypeName="executor://xunit/VsTestRunner2/netcoreapp" className="xUnitTestProject.CurrencyHelperTests" name="FormatToStringTest1000" />
    </UnitTest>
    <UnitTest name="xUnitTestProject.CurrencyHelperTests.FormatToStringTest1000(price: 3521.3657738167635, expected: &quot;3521.37 zł&quot;)" storage="c:\projekty\xunittestproject\bin\debug\netcoreapp3.1\xunittestproject.dll" id="21bbacc0-ff4d-ad67-a90f-e4f994353077">
      <Execution id="c19b8df1-5d12-4195-a3a3-a4f0014180a1" />
      <TestMethod codeBase="C:\Projekty\xUnitTestProject\bin\Debug\netcoreapp3.1\xUnitTestProject.dll" adapterTypeName="executor://xunit/VsTestRunner2/netcoreapp" className="xUnitTestProject.CurrencyHelperTests" name="FormatToStringTest1000" />
    </UnitTest>
    <UnitTest name="xUnitTestProject.CurrencyHelperTests.FormatToStringTest1000(price: 23649.104642116046, expected: &quot;23649.10 zł&quot;)" storage="c:\projekty\xunittestproject\bin\debug\netcoreapp3.1\xunittestproject.dll" id="45b26f0b-a8bb-4b3f-d7c4-794f4ece7d3c">
      <Execution id="7e02e75d-abf3-47bf-b105-6214c3e87457" />
      <TestMethod codeBase="C:\Projekty\xUnitTestProject\bin\Debug\netcoreapp3.1\xUnitTestProject.dll" adapterTypeName="executor://xunit/VsTestRunner2/netcoreapp" className="xUnitTestProject.CurrencyHelperTests" name="FormatToStringTest1000" />
    </UnitTest>
    <UnitTest name="xUnitTestProject.CurrencyHelperTests.FormatToStringTest1000(price: 6429.44273095552, expected: &quot;6429.44 zł&quot;)" storage="c:\projekty\xunittestproject\bin\debug\netcoreapp3.1\xunittestproject.dll" id="9bed9c4d-df2b-32b1-c6ce-ea879f4b2fcd">
      <Execution id="a7dfaa21-d0a0-44e1-a340-6bec29caffc1" />
      <TestMethod codeBase="C:\Projekty\xUnitTestProject\bin\Debug\netcoreapp3.1\xUnitTestProject.dll" adapterTypeName="executor://xunit/VsTestRunner2/netcoreapp" className="xUnitTestProject.CurrencyHelperTests" name="FormatToStringTest1000" />
    </UnitTest>
    <UnitTest name="xUnitTestProject.CurrencyHelperTests.FormatToStringTest1000(price: 750.5106571719566, expected: &quot;750.51 zł&quot;)" storage="c:\projekty\xunittestproject\bin\debug\netcoreapp3.1\xunittestproject.dll" id="75567229-1858-de57-219b-cfd8f4a7e8de">
      <Execution id="358c4ec1-a877-42ce-acbe-d4e052117133" />
      <TestMethod codeBase="C:\Projekty\xUnitTestProject\bin\Debug\netcoreapp3.1\xUnitTestProject.dll" adapterTypeName="executor://xunit/VsTestRunner2/netcoreapp" className="xUnitTestProject.CurrencyHelperTests" name="FormatToStringTest1000" />
    </UnitTest>
    <UnitTest name="xUnitTestProject.CurrencyHelperTests.FormatToStringTest1000(price: 22533.17694295811, expected: &quot;22533.18 zł&quot;)" storage="c:\projekty\xunittestproject\bin\debug\netcoreapp3.1\xunittestproject.dll" id="83c96126-428f-5139-26c1-00806d946a42">
      <Execution id="a875ec21-eec7-4c93-b36b-3f8b74f1d19d" />
      <TestMethod codeBase="C:\Projekty\xUnitTestProject\bin\Debug\netcoreapp3.1\xUnitTestProject.dll" adapterTypeName="executor://xunit/VsTestRunner2/netcoreapp" className="xUnitTestProject.CurrencyHelperTests" name="FormatToStringTest1000" />
    </UnitTest>
    <UnitTest name="xUnitTestProject.CurrencyHelperTests.FormatToStringTest1000(price: 4419.750844657306, expected: &quot;4419.75 zł&quot;)" storage="c:\projekty\xunittestproject\bin\debug\netcoreapp3.1\xunittestproject.dll" id="eccf41da-6b65-aa5d-c784-b8badc726d9b">
      <Execution id="3868f57b-8b9d-40dd-8472-66465af374c8" />
      <TestMethod codeBase="C:\Projekty\xUnitTestProject\bin\Debug\netcoreapp3.1\xUnitTestProject.dll" adapterTypeName="executor://xunit/VsTestRunner2/netcoreapp" className="xUnitTestProject.CurrencyHelperTests" name="FormatToStringTest1000" />
    </UnitTest>
    <UnitTest name="xUnitTestProject.CurrencyHelperTests.FormatToStringTest1000(price: 4614.673205890541, expected: &quot;4614.67 zł&quot;)" storage="c:\projekty\xunittestproject\bin\debug\netcoreapp3.1\xunittestproject.dll" id="a1b1cd1d-1429-3ac2-3b82-a26d05133f17">
      <Execution id="3ad5ed17-4d5c-4642-acd8-680dc8a4de1b" />
      <TestMethod codeBase="C:\Projekty\xUnitTestProject\bin\Debug\netcoreapp3.1\xUnitTestProject.dll" adapterTypeName="executor://xunit/VsTestRunner2/netcoreapp" className="xUnitTestProject.CurrencyHelperTests" name="FormatToStringTest1000" />
    </UnitTest>
    <UnitTest name="xUnitTestProject.CurrencyHelperTests.FormatToStringTest1000(price: 28080.92507087669, expected: &quot;28080.93 zł&quot;)" storage="c:\projekty\xunittestproject\bin\debug\netcoreapp3.1\xunittestproject.dll" id="a9c621d8-eb9e-3cd1-2b29-ed69514bad1f">
      <Execution id="8a6a9b08-6327-47d4-bc39-56a6bb9e2e84" />
      <TestMethod codeBase="C:\Projekty\xUnitTestProject\bin\Debug\netcoreapp3.1\xUnitTestProject.dll" adapterTypeName="executor://xunit/VsTestRunner2/netcoreapp" className="xUnitTestProject.CurrencyHelperTests" name="FormatToStringTest1000" />
    </UnitTest>
    <UnitTest name="xUnitTestProject.CurrencyHelperTests.FormatToStringTest1000(price: 47256.065730817645, expected: &quot;47256.07 zł&quot;)" storage="c:\projekty\xunittestproject\bin\debug\netcoreapp3.1\xunittestproject.dll" id="8fb0d924-6ca3-e44c-f26a-1c29eb5d30bd">
      <Execution id="e9e9d267-5dc9-4eb0-8662-f4905277118c" />
      <TestMethod codeBase="C:\Projekty\xUnitTestProject\bin\Debug\netcoreapp3.1\xUnitTestProject.dll" adapterTypeName="executor://xunit/VsTestRunner2/netcoreapp" className="xUnitTestProject.CurrencyHelperTests" name="FormatToStringTest1000" />
    </UnitTest>
    <UnitTest name="xUnitTestProject.CurrencyHelperTests.FormatToStringTest1000(price: 4411.456718280659, expected: &quot;4411.46 zł&quot;)" storage="c:\projekty\xunittestproject\bin\debug\netcoreapp3.1\xunittestproject.dll" id="76ad8ec9-5ccc-b3a3-7c1b-d549d0dbd095">
      <Execution id="0346d13c-af69-4128-8fd3-d5c0d35653b2" />
      <TestMethod codeBase="C:\Projekty\xUnitTestProject\bin\Debug\netcoreapp3.1\xUnitTestProject.dll" adapterTypeName="executor://xunit/VsTestRunner2/netcoreapp" className="xUnitTestProject.CurrencyHelperTests" name="FormatToStringTest1000" />
    </UnitTest>
    <UnitTest name="xUnitTestProject.CurrencyHelperTests.FormatToStringTest1000(price: 20321.03715103913, expected: &quot;20321.04 zł&quot;)" storage="c:\projekty\xunittestproject\bin\debug\netcoreapp3.1\xunittestproject.dll" id="3aa6da58-73c8-f8a3-c690-8bbd80282877">
      <Execution id="fd287539-01a5-4290-9e2d-bd0a0b2224ac" />
      <TestMethod codeBase="C:\Projekty\xUnitTestProject\bin\Debug\netcoreapp3.1\xUnitTestProject.dll" adapterTypeName="executor://xunit/VsTestRunner2/netcoreapp" className="xUnitTestProject.CurrencyHelperTests" name="FormatToStringTest1000" />
    </UnitTest>
    <UnitTest name="xUnitTestProject.CurrencyHelperTests.FormatToStringTest1000(price: 27852.532163303127, expected: &quot;27852.53 zł&quot;)" storage="c:\projekty\xunittestproject\bin\debug\netcoreapp3.1\xunittestproject.dll" id="3fa3f1d2-90bc-c93b-b647-8aef449b689a">
      <Execution id="98b5bcf7-f151-43ee-8b76-2b5ab51f2d52" />
      <TestMethod codeBase="C:\Projekty\xUnitTestProject\bin\Debug\netcoreapp3.1\xUnitTestProject.dll" adapterTypeName="executor://xunit/VsTestRunner2/netcoreapp" className="xUnitTestProject.CurrencyHelperTests" name="FormatToStringTest1000" />
    </UnitTest>
    <UnitTest name="xUnitTestProject.CurrencyHelperTests.FormatToStringTest1000(price: 16511.26921423537, expected: &quot;16511.27 zł&quot;)" storage="c:\projekty\xunittestproject\bin\debug\netcoreapp3.1\xunittestproject.dll" id="799374f9-c088-e602-bce1-d22bf769b783">
      <Execution id="71d573fa-0480-4183-b5e7-ae95fd916197" />
      <TestMethod codeBase="C:\Projekty\xUnitTestProject\bin\Debug\netcoreapp3.1\xUnitTestProject.dll" adapterTypeName="executor://xunit/VsTestRunner2/netcoreapp" className="xUnitTestProject.CurrencyHelperTests" name="FormatToStringTest1000" />
    </UnitTest>
    <UnitTest name="xUnitTestProject.CurrencyHelperTests.FormatToStringTest1000(price: 20752.33758466334, expected: &quot;20752.34 zł&quot;)" storage="c:\projekty\xunittestproject\bin\debug\netcoreapp3.1\xunittestproject.dll" id="0751b11b-a6a8-a4ef-30e1-f910838570cb">
      <Execution id="851c6092-6018-4252-b5e3-66a5ae933046" />
      <TestMethod codeBase="C:\Projekty\xUnitTestProject\bin\Debug\netcoreapp3.1\xUnitTestProject.dll" adapterTypeName="executor://xunit/VsTestRunner2/netcoreapp" className="xUnitTestProject.CurrencyHelperTests" name="FormatToStringTest1000" />
    </UnitTest>
    <UnitTest name="xUnitTestProject.CurrencyHelperTests.FormatToStringTest1000(price: 43799.04472166535, expected: &quot;43799.04 zł&quot;)" storage="c:\projekty\xunittestproject\bin\debug\netcoreapp3.1\xunittestproject.dll" id="20029a95-caa6-71d7-8434-4467fe9b8732">
      <Execution id="cc88aca6-6ba6-4dd6-9836-1af0896fdc7c" />
      <TestMethod codeBase="C:\Projekty\xUnitTestProject\bin\Debug\netcoreapp3.1\xUnitTestProject.dll" adapterTypeName="executor://xunit/VsTestRunner2/netcoreapp" className="xUnitTestProject.CurrencyHelperTests" name="FormatToStringTest1000" />
    </UnitTest>
    <UnitTest name="xUnitTestProject.CurrencyHelperTests.FormatToStringTest1000(price: 5961.755129208674, expected: &quot;5961.76 zł&quot;)" storage="c:\projekty\xunittestproject\bin\debug\netcoreapp3.1\xunittestproject.dll" id="2bdae34b-74e4-b57e-0c4e-9f8a61c91aa5">
      <Execution id="a9eaf457-131c-4680-ae7b-86ea26d59824" />
      <TestMethod codeBase="C:\Projekty\xUnitTestProject\bin\Debug\netcoreapp3.1\xUnitTestProject.dll" adapterTypeName="executor://xunit/VsTestRunner2/netcoreapp" className="xUnitTestProject.CurrencyHelperTests" name="FormatToStringTest1000" />
    </UnitTest>
    <UnitTest name="xUnitTestProject.CurrencyHelperTests.FormatToStringTest1000(price: 16210.791556035536, expected: &quot;16210.79 zł&quot;)" storage="c:\projekty\xunittestproject\bin\debug\netcoreapp3.1\xunittestproject.dll" id="599b5bdf-c3a2-ab45-0452-3da415351122">
      <Execution id="6cb6bd70-65c1-428d-85f7-398f25b13978" />
      <TestMethod codeBase="C:\Projekty\xUnitTestProject\bin\Debug\netcoreapp3.1\xUnitTestProject.dll" adapterTypeName="executor://xunit/VsTestRunner2/netcoreapp" className="xUnitTestProject.CurrencyHelperTests" name="FormatToStringTest1000" />
    </UnitTest>
    <UnitTest name="xUnitTestProject.CurrencyHelperTests.FormatToStringTest1000(price: 6654.099431086378, expected: &quot;6654.10 zł&quot;)" storage="c:\projekty\xunittestproject\bin\debug\netcoreapp3.1\xunittestproject.dll" id="d2be2dc8-81b6-46cb-cbba-3709ad4b1996">
      <Execution id="614a1403-6c16-4680-9936-ac7fca12903b" />
      <TestMethod codeBase="C:\Projekty\xUnitTestProject\bin\Debug\netcoreapp3.1\xUnitTestProject.dll" adapterTypeName="executor://xunit/VsTestRunner2/netcoreapp" className="xUnitTestProject.CurrencyHelperTests" name="FormatToStringTest1000" />
    </UnitTest>
    <UnitTest name="xUnitTestProject.CurrencyHelperTests.FormatToStringTest1000(price: 40857.08543233996, expected: &quot;40857.09 zł&quot;)" storage="c:\projekty\xunittestproject\bin\debug\netcoreapp3.1\xunittestproject.dll" id="2903f8f9-605c-f4a1-c251-e272e8faf58d">
      <Execution id="de1ecf65-967f-4e25-8428-a1d70b64bcdc" />
      <TestMethod codeBase="C:\Projekty\xUnitTestProject\bin\Debug\netcoreapp3.1\xUnitTestProject.dll" adapterTypeName="executor://xunit/VsTestRunner2/netcoreapp" className="xUnitTestProject.CurrencyHelperTests" name="FormatToStringTest1000" />
    </UnitTest>
    <UnitTest name="xUnitTestProject.CurrencyHelperTests.FormatToStringTest1000(price: 33413.381276228174, expected: &quot;33413.38 zł&quot;)" storage="c:\projekty\xunittestproject\bin\debug\netcoreapp3.1\xunittestproject.dll" id="3f543d31-d892-849e-9693-7ae2624b2c94">
      <Execution id="facca46e-a9f3-4a05-91f6-cb429c153eb0" />
      <TestMethod codeBase="C:\Projekty\xUnitTestProject\bin\Debug\netcoreapp3.1\xUnitTestProject.dll" adapterTypeName="executor://xunit/VsTestRunner2/netcoreapp" className="xUnitTestProject.CurrencyHelperTests" name="FormatToStringTest1000" />
    </UnitTest>
    <UnitTest name="xUnitTestProject.CurrencyHelperTests.FormatToStringTest1000(price: 52810.91713865516, expected: &quot;52810.92 zł&quot;)" storage="c:\projekty\xunittestproject\bin\debug\netcoreapp3.1\xunittestproject.dll" id="6cc408c2-2cb5-45f5-22cc-d2054659459b">
      <Execution id="5d059c86-d01e-4b28-96cf-f7684e623db1" />
      <TestMethod codeBase="C:\Projekty\xUnitTestProject\bin\Debug\netcoreapp3.1\xUnitTestProject.dll" adapterTypeName="executor://xunit/VsTestRunner2/netcoreapp" className="xUnitTestProject.CurrencyHelperTests" name="FormatToStringTest1000" />
    </UnitTest>
    <UnitTest name="xUnitTestProject.CurrencyHelperTests.FormatToStringTest1000(price: 19500.031951036784, expected: &quot;19500.03 zł&quot;)" storage="c:\projekty\xunittestproject\bin\debug\netcoreapp3.1\xunittestproject.dll" id="b9639a73-b99d-241a-c8a5-6c3a19c63133">
      <Execution id="7c3fedec-0783-495d-aecf-aab3ef91cd70" />
      <TestMethod codeBase="C:\Projekty\xUnitTestProject\bin\Debug\netcoreapp3.1\xUnitTestProject.dll" adapterTypeName="executor://xunit/VsTestRunner2/netcoreapp" className="xUnitTestProject.CurrencyHelperTests" name="FormatToStringTest1000" />
    </UnitTest>
    <UnitTest name="xUnitTestProject.CurrencyHelperTests.FormatToStringTest1000(price: 24308.26523149212, expected: &quot;24308.27 zł&quot;)" storage="c:\projekty\xunittestproject\bin\debug\netcoreapp3.1\xunittestproject.dll" id="4d07a1bc-a8d9-c223-fb28-a20fa9ce459f">
      <Execution id="23a29458-c625-4e4e-b304-539333b37c5c" />
      <TestMethod codeBase="C:\Projekty\xUnitTestProject\bin\Debug\netcoreapp3.1\xUnitTestProject.dll" adapterTypeName="executor://xunit/VsTestRunner2/netcoreapp" className="xUnitTestProject.CurrencyHelperTests" name="FormatToStringTest1000" />
    </UnitTest>
    <UnitTest name="xUnitTestProject.CurrencyHelperTests.FormatToStringTest1000(price: 68479.93492677805, expected: &quot;68479.93 zł&quot;)" storage="c:\projekty\xunittestproject\bin\debug\netcoreapp3.1\xunittestproject.dll" id="039e02b8-589d-bf11-ab34-101144716c75">
      <Execution id="788512e8-22c2-4fd9-a8f8-0ab309dfd641" />
      <TestMethod codeBase="C:\Projekty\xUnitTestProject\bin\Debug\netcoreapp3.1\xUnitTestProject.dll" adapterTypeName="executor://xunit/VsTestRunner2/netcoreapp" className="xUnitTestProject.CurrencyHelperTests" name="FormatToStringTest1000" />
    </UnitTest>
    <UnitTest name="xUnitTestProject.CurrencyHelperTests.FormatToStringTest1000(price: 4539.210371735137, expected: &quot;4539.21 zł&quot;)" storage="c:\projekty\xunittestproject\bin\debug\netcoreapp3.1\xunittestproject.dll" id="cd325bca-14d8-e62d-3ed3-b6cff2a5be8c">
      <Execution id="ef197052-0886-4e4a-a563-e8d988fbcf5e" />
      <TestMethod codeBase="C:\Projekty\xUnitTestProject\bin\Debug\netcoreapp3.1\xUnitTestProject.dll" adapterTypeName="executor://xunit/VsTestRunner2/netcoreapp" className="xUnitTestProject.CurrencyHelperTests" name="FormatToStringTest1000" />
    </UnitTest>
    <UnitTest name="xUnitTestProject.CurrencyHelperTests.FormatToStringTest1000(price: 20552.966022956633, expected: &quot;20552.97 zł&quot;)" storage="c:\projekty\xunittestproject\bin\debug\netcoreapp3.1\xunittestproject.dll" id="112056a7-90b6-3caa-8868-b79786565857">
      <Execution id="fcbc7ffd-86b0-4877-8e28-516c6bc260b0" />
      <TestMethod codeBase="C:\Projekty\xUnitTestProject\bin\Debug\netcoreapp3.1\xUnitTestProject.dll" adapterTypeName="executor://xunit/VsTestRunner2/netcoreapp" className="xUnitTestProject.CurrencyHelperTests" name="FormatToStringTest1000" />
    </UnitTest>
    <UnitTest name="xUnitTestProject.CurrencyHelperTests.FormatToStringTest1000(price: 17418.31302247863, expected: &quot;17418.31 zł&quot;)" storage="c:\projekty\xunittestproject\bin\debug\netcoreapp3.1\xunittestproject.dll" id="749e89fd-9c9b-5d83-545c-b459ff44beff">
      <Execution id="ae6d04a4-4f27-4b0f-a487-8fbc6dc4551f" />
      <TestMethod codeBase="C:\Projekty\xUnitTestProject\bin\Debug\netcoreapp3.1\xUnitTestProject.dll" adapterTypeName="executor://xunit/VsTestRunner2/netcoreapp" className="xUnitTestProject.CurrencyHelperTests" name="FormatToStringTest1000" />
    </UnitTest>
    <UnitTest name="xUnitTestProject.CurrencyHelperTests.FormatToStringTest1000(price: 17875.613377604455, expected: &quot;17875.61 zł&quot;)" storage="c:\projekty\xunittestproject\bin\debug\netcoreapp3.1\xunittestproject.dll" id="f03f6860-12a5-6960-814c-3c29d5bd5d06">
      <Execution id="87d46a9f-fbe3-431d-b221-da44f7391cc9" />
      <TestMethod codeBase="C:\Projekty\xUnitTestProject\bin\Debug\netcoreapp3.1\xUnitTestProject.dll" adapterTypeName="executor://xunit/VsTestRunner2/netcoreapp" className="xUnitTestProject.CurrencyHelperTests" name="FormatToStringTest1000" />
    </UnitTest>
    <UnitTest name="xUnitTestProject.CurrencyHelperTests.FormatToStringTest1000(price: 1649.0127968480872, expected: &quot;1649.01 zł&quot;)" storage="c:\projekty\xunittestproject\bin\debug\netcoreapp3.1\xunittestproject.dll" id="ec976d73-69f5-3cb8-c94a-fac6ea1343ca">
      <Execution id="af27e794-3d09-4469-bfef-fcef0438e5da" />
      <TestMethod codeBase="C:\Projekty\xUnitTestProject\bin\Debug\netcoreapp3.1\xUnitTestProject.dll" adapterTypeName="executor://xunit/VsTestRunner2/netcoreapp" className="xUnitTestProject.CurrencyHelperTests" name="FormatToStringTest1000" />
    </UnitTest>
    <UnitTest name="xUnitTestProject.CurrencyHelperTests.FormatToStringTest1000(price: 9634.398811461124, expected: &quot;9634.40 zł&quot;)" storage="c:\projekty\xunittestproject\bin\debug\netcoreapp3.1\xunittestproject.dll" id="56f22bda-cb9f-dbaa-365a-cb6ba2104fe2">
      <Execution id="314ca8e9-52ac-4d58-a43c-fdb74398078e" />
      <TestMethod codeBase="C:\Projekty\xUnitTestProject\bin\Debug\netcoreapp3.1\xUnitTestProject.dll" adapterTypeName="executor://xunit/VsTestRunner2/netcoreapp" className="xUnitTestProject.CurrencyHelperTests" name="FormatToStringTest1000" />
    </UnitTest>
    <UnitTest name="xUnitTestProject.CurrencyHelperTests.FormatToStringTest1000(price: 4030.673117592313, expected: &quot;4030.67 zł&quot;)" storage="c:\projekty\xunittestproject\bin\debug\netcoreapp3.1\xunittestproject.dll" id="b818a661-8c39-b04d-aea0-c8bf6f965ed2">
      <Execution id="0dde57bf-99b0-4db5-aed9-779198cd92d7" />
      <TestMethod codeBase="C:\Projekty\xUnitTestProject\bin\Debug\netcoreapp3.1\xUnitTestProject.dll" adapterTypeName="executor://xunit/VsTestRunner2/netcoreapp" className="xUnitTestProject.CurrencyHelperTests" name="FormatToStringTest1000" />
    </UnitTest>
    <UnitTest name="xUnitTestProject.CurrencyHelperTests.FormatToStringTest1000(price: 63115.864864394935, expected: &quot;63115.86 zł&quot;)" storage="c:\projekty\xunittestproject\bin\debug\netcoreapp3.1\xunittestproject.dll" id="1d8f4068-0f19-f951-5966-43f32b70fb4f">
      <Execution id="ee92b421-1b26-4bc6-a8ed-cfecf938487a" />
      <TestMethod codeBase="C:\Projekty\xUnitTestProject\bin\Debug\netcoreapp3.1\xUnitTestProject.dll" adapterTypeName="executor://xunit/VsTestRunner2/netcoreapp" className="xUnitTestProject.CurrencyHelperTests" name="FormatToStringTest1000" />
    </UnitTest>
    <UnitTest name="xUnitTestProject.CurrencyHelperTests.FormatToStringTest1000(price: 66723.3293191657, expected: &quot;66723.33 zł&quot;)" storage="c:\projekty\xunittestproject\bin\debug\netcoreapp3.1\xunittestproject.dll" id="6dd99dbe-4c8b-34b5-1e2c-dac97050c643">
      <Execution id="ac6cdd57-f6ee-4a57-b7fc-6b1d2bef243e" />
      <TestMethod codeBase="C:\Projekty\xUnitTestProject\bin\Debug\netcoreapp3.1\xUnitTestProject.dll" adapterTypeName="executor://xunit/VsTestRunner2/netcoreapp" className="xUnitTestProject.CurrencyHelperTests" name="FormatToStringTest1000" />
    </UnitTest>
    <UnitTest name="xUnitTestProject.CurrencyHelperTests.FormatToStringTest1000(price: 35384.637112688106, expected: &quot;35384.64 zł&quot;)" storage="c:\projekty\xunittestproject\bin\debug\netcoreapp3.1\xunittestproject.dll" id="631aa61c-5891-97bd-8c16-092dfa85bf9b">
      <Execution id="ba4f3d9f-f340-46e8-ac5f-ce33ce3c7fc0" />
      <TestMethod codeBase="C:\Projekty\xUnitTestProject\bin\Debug\netcoreapp3.1\xUnitTestProject.dll" adapterTypeName="executor://xunit/VsTestRunner2/netcoreapp" className="xUnitTestProject.CurrencyHelperTests" name="FormatToStringTest1000" />
    </UnitTest>
    <UnitTest name="xUnitTestProject.CurrencyHelperTests.FormatToStringTest1000(price: 38614.292320713066, expected: &quot;38614.29 zł&quot;)" storage="c:\projekty\xunittestproject\bin\debug\netcoreapp3.1\xunittestproject.dll" id="a7d85aa3-fa07-4a18-0790-c9a84b87bfbf">
      <Execution id="888a26c4-2e58-4ef0-8fe1-454e33e2109c" />
      <TestMethod codeBase="C:\Projekty\xUnitTestProject\bin\Debug\netcoreapp3.1\xUnitTestProject.dll" adapterTypeName="executor://xunit/VsTestRunner2/netcoreapp" className="xUnitTestProject.CurrencyHelperTests" name="FormatToStringTest1000" />
    </UnitTest>
    <UnitTest name="xUnitTestProject.CurrencyHelperTests.FormatToStringTest1000(price: 11494.27761332238, expected: &quot;11494.28 zł&quot;)" storage="c:\projekty\xunittestproject\bin\debug\netcoreapp3.1\xunittestproject.dll" id="61f864ac-97c4-6c85-0643-065c2cc97960">
      <Execution id="42bebaf8-1a29-493a-93ea-5d2923ee7b41" />
      <TestMethod codeBase="C:\Projekty\xUnitTestProject\bin\Debug\netcoreapp3.1\xUnitTestProject.dll" adapterTypeName="executor://xunit/VsTestRunner2/netcoreapp" className="xUnitTestProject.CurrencyHelperTests" name="FormatToStringTest1000" />
    </UnitTest>
    <UnitTest name="xUnitTestProject.CurrencyHelperTests.FormatToStringTest1000(price: 59768.02667973611, expected: &quot;59768.03 zł&quot;)" storage="c:\projekty\xunittestproject\bin\debug\netcoreapp3.1\xunittestproject.dll" id="9c7fd1db-1277-0ff0-b26a-428fd3366acd">
      <Execution id="77111dcb-7ba3-4f2b-831a-a7acfba9e7a8" />
      <TestMethod codeBase="C:\Projekty\xUnitTestProject\bin\Debug\netcoreapp3.1\xUnitTestProject.dll" adapterTypeName="executor://xunit/VsTestRunner2/netcoreapp" className="xUnitTestProject.CurrencyHelperTests" name="FormatToStringTest1000" />
    </UnitTest>
    <UnitTest name="xUnitTestProject.CurrencyHelperTests.FormatToStringTest1000(price: 5835.26176155557, expected: &quot;5835.26 zł&quot;)" storage="c:\projekty\xunittestproject\bin\debug\netcoreapp3.1\xunittestproject.dll" id="652fbfaf-623d-2a4f-25d1-cf07d8f0c0da">
      <Execution id="4e3372d7-dad3-4b35-8d69-d42ec6a9a957" />
      <TestMethod codeBase="C:\Projekty\xUnitTestProject\bin\Debug\netcoreapp3.1\xUnitTestProject.dll" adapterTypeName="executor://xunit/VsTestRunner2/netcoreapp" className="xUnitTestProject.CurrencyHelperTests" name="FormatToStringTest1000" />
    </UnitTest>
    <UnitTest name="xUnitTestProject.CurrencyHelperTests.FormatToStringTest1000(price: 29796.909338079815, expected: &quot;29796.91 zł&quot;)" storage="c:\projekty\xunittestproject\bin\debug\netcoreapp3.1\xunittestproject.dll" id="e01a9a2a-2030-6ab9-7db6-efea263590e2">
      <Execution id="9f3384fd-3ab6-44c6-9798-72a9acebef59" />
      <TestMethod codeBase="C:\Projekty\xUnitTestProject\bin\Debug\netcoreapp3.1\xUnitTestProject.dll" adapterTypeName="executor://xunit/VsTestRunner2/netcoreapp" className="xUnitTestProject.CurrencyHelperTests" name="FormatToStringTest1000" />
    </UnitTest>
    <UnitTest name="xUnitTestProject.CurrencyHelperTests.FormatToStringTest1000(price: 29362.005930638876, expected: &quot;29362.01 zł&quot;)" storage="c:\projekty\xunittestproject\bin\debug\netcoreapp3.1\xunittestproject.dll" id="294352cc-8efa-db1c-1bd5-bae00c9cde08">
      <Execution id="09a70662-9431-4c30-ab94-d3182f3c3385" />
      <TestMethod codeBase="C:\Projekty\xUnitTestProject\bin\Debug\netcoreapp3.1\xUnitTestProject.dll" adapterTypeName="executor://xunit/VsTestRunner2/netcoreapp" className="xUnitTestProject.CurrencyHelperTests" name="FormatToStringTest1000" />
    </UnitTest>
    <UnitTest name="xUnitTestProject.CurrencyHelperTests.FormatToStringTest1000(price: 19189.32381924117, expected: &quot;19189.32 zł&quot;)" storage="c:\projekty\xunittestproject\bin\debug\netcoreapp3.1\xunittestproject.dll" id="d907dab2-a0b3-0153-e7e4-4d342798a47e">
      <Execution id="b0ce3554-9c4d-487a-94ff-bdd5698d6f4b" />
      <TestMethod codeBase="C:\Projekty\xUnitTestProject\bin\Debug\netcoreapp3.1\xUnitTestProject.dll" adapterTypeName="executor://xunit/VsTestRunner2/netcoreapp" className="xUnitTestProject.CurrencyHelperTests" name="FormatToStringTest1000" />
    </UnitTest>
    <UnitTest name="xUnitTestProject.CurrencyHelperTests.FormatToStringTest1000(price: 39531.95190033268, expected: &quot;39531.95 zł&quot;)" storage="c:\projekty\xunittestproject\bin\debug\netcoreapp3.1\xunittestproject.dll" id="e62a06d7-081f-b513-c2d5-80ddeebcb813">
      <Execution id="a3ecbca6-158d-44d6-8937-61bb3f59732f" />
      <TestMethod codeBase="C:\Projekty\xUnitTestProject\bin\Debug\netcoreapp3.1\xUnitTestProject.dll" adapterTypeName="executor://xunit/VsTestRunner2/netcoreapp" className="xUnitTestProject.CurrencyHelperTests" name="FormatToStringTest1000" />
    </UnitTest>
    <UnitTest name="xUnitTestProject.CurrencyHelperTests.FormatToStringTest1000(price: 658.7555888573431, expected: &quot;658.76 zł&quot;)" storage="c:\projekty\xunittestproject\bin\debug\netcoreapp3.1\xunittestproject.dll" id="2a9faf6f-4d21-d971-4115-0a2cf31c75ab">
      <Execution id="6e9f7dbd-f85f-4a1b-bc48-c047c899340d" />
      <TestMethod codeBase="C:\Projekty\xUnitTestProject\bin\Debug\netcoreapp3.1\xUnitTestProject.dll" adapterTypeName="executor://xunit/VsTestRunner2/netcoreapp" className="xUnitTestProject.CurrencyHelperTests" name="FormatToStringTest1000" />
    </UnitTest>
    <UnitTest name="xUnitTestProject.CurrencyHelperTests.FormatToStringTest1000(price: 75987.03378503352, expected: &quot;75987.03 zł&quot;)" storage="c:\projekty\xunittestproject\bin\debug\netcoreapp3.1\xunittestproject.dll" id="fd8ab50a-6120-2a06-7ebd-aae621104cec">
      <Execution id="bbdbfcf8-40fc-46f0-9552-7f7236ee2c13" />
      <TestMethod codeBase="C:\Projekty\xUnitTestProject\bin\Debug\netcoreapp3.1\xUnitTestProject.dll" adapterTypeName="executor://xunit/VsTestRunner2/netcoreapp" className="xUnitTestProject.CurrencyHelperTests" name="FormatToStringTest1000" />
    </UnitTest>
    <UnitTest name="xUnitTestProject.CurrencyHelperTests.FormatToStringTest1000(price: 35248.53555717996, expected: &quot;35248.54 zł&quot;)" storage="c:\projekty\xunittestproject\bin\debug\netcoreapp3.1\xunittestproject.dll" id="ecb76390-c6f7-bfa0-1a99-45634c606ddc">
      <Execution id="de9b8d08-c5f9-42ce-b3a9-7da894347985" />
      <TestMethod codeBase="C:\Projekty\xUnitTestProject\bin\Debug\netcoreapp3.1\xUnitTestProject.dll" adapterTypeName="executor://xunit/VsTestRunner2/netcoreapp" className="xUnitTestProject.CurrencyHelperTests" name="FormatToStringTest1000" />
    </UnitTest>
    <UnitTest name="xUnitTestProject.CurrencyHelperTests.FormatToStringTest1000(price: 56802.303118930344, expected: &quot;56802.30 zł&quot;)" storage="c:\projekty\xunittestproject\bin\debug\netcoreapp3.1\xunittestproject.dll" id="6997fb4f-bee2-69ca-461b-7845f1fa191c">
      <Execution id="0cb5c373-0886-4d5d-8da5-8b5fc441a97f" />
      <TestMethod codeBase="C:\Projekty\xUnitTestProject\bin\Debug\netcoreapp3.1\xUnitTestProject.dll" adapterTypeName="executor://xunit/VsTestRunner2/netcoreapp" className="xUnitTestProject.CurrencyHelperTests" name="FormatToStringTest1000" />
    </UnitTest>
    <UnitTest name="xUnitTestProject.CurrencyHelperTests.FormatToStringTest1000(price: 1300.9430775404642, expected: &quot;1300.94 zł&quot;)" storage="c:\projekty\xunittestproject\bin\debug\netcoreapp3.1\xunittestproject.dll" id="847ca950-a5c5-d084-8e4e-ab9e67678604">
      <Execution id="ea585c2f-138a-4fb8-a4d3-13f533077cd0" />
      <TestMethod codeBase="C:\Projekty\xUnitTestProject\bin\Debug\netcoreapp3.1\xUnitTestProject.dll" adapterTypeName="executor://xunit/VsTestRunner2/netcoreapp" className="xUnitTestProject.CurrencyHelperTests" name="FormatToStringTest1000" />
    </UnitTest>
    <UnitTest name="xUnitTestProject.CurrencyHelperTests.FormatToStringTest1000(price: 8697.074631143862, expected: &quot;8697.07 zł&quot;)" storage="c:\projekty\xunittestproject\bin\debug\netcoreapp3.1\xunittestproject.dll" id="dffdcee4-e2c7-a486-318f-edaed8877c4d">
      <Execution id="b5f6bb6d-13e4-4602-b09b-d1880ec72b7e" />
      <TestMethod codeBase="C:\Projekty\xUnitTestProject\bin\Debug\netcoreapp3.1\xUnitTestProject.dll" adapterTypeName="executor://xunit/VsTestRunner2/netcoreapp" className="xUnitTestProject.CurrencyHelperTests" name="FormatToStringTest1000" />
    </UnitTest>
    <UnitTest name="xUnitTestProject.CurrencyHelperTests.FormatToStringTest1000(price: 1739.5853778997368, expected: &quot;1739.59 zł&quot;)" storage="c:\projekty\xunittestproject\bin\debug\netcoreapp3.1\xunittestproject.dll" id="613b2ffe-17c7-a1b7-9417-e8c0c951aa41">
      <Execution id="0e6c6cc1-9937-4806-9c1d-4af27fe1323f" />
      <TestMethod codeBase="C:\Projekty\xUnitTestProject\bin\Debug\netcoreapp3.1\xUnitTestProject.dll" adapterTypeName="executor://xunit/VsTestRunner2/netcoreapp" className="xUnitTestProject.CurrencyHelperTests" name="FormatToStringTest1000" />
    </UnitTest>
    <UnitTest name="xUnitTestProject.CurrencyHelperTests.FormatToStringTest1000(price: 27794.8671353957, expected: &quot;27794.87 zł&quot;)" storage="c:\projekty\xunittestproject\bin\debug\netcoreapp3.1\xunittestproject.dll" id="80a788de-88e0-32bd-4244-9850aa1ba44f">
      <Execution id="25917b10-3fca-442a-b9c8-9d615bf14a46" />
      <TestMethod codeBase="C:\Projekty\xUnitTestProject\bin\Debug\netcoreapp3.1\xUnitTestProject.dll" adapterTypeName="executor://xunit/VsTestRunner2/netcoreapp" className="xUnitTestProject.CurrencyHelperTests" name="FormatToStringTest1000" />
    </UnitTest>
    <UnitTest name="xUnitTestProject.CurrencyHelperTests.FormatToStringTest1000(price: 39641.61351217451, expected: &quot;39641.61 zł&quot;)" storage="c:\projekty\xunittestproject\bin\debug\netcoreapp3.1\xunittestproject.dll" id="acda3d15-0e29-fc40-b0fc-fcddae081200">
      <Execution id="e046ae47-9a49-4687-86ae-ddcaf03462ba" />
      <TestMethod codeBase="C:\Projekty\xUnitTestProject\bin\Debug\netcoreapp3.1\xUnitTestProject.dll" adapterTypeName="executor://xunit/VsTestRunner2/netcoreapp" className="xUnitTestProject.CurrencyHelperTests" name="FormatToStringTest1000" />
    </UnitTest>
    <UnitTest name="xUnitTestProject.CurrencyHelperTests.FormatToStringTest1000(price: 35.34471716840971, expected: &quot;35.34 zł&quot;)" storage="c:\projekty\xunittestproject\bin\debug\netcoreapp3.1\xunittestproject.dll" id="2ff98558-45c2-21dd-60d2-e1efdde7c0a8">
      <Execution id="6564f20f-edd5-48ed-9892-253d30aa9fdf" />
      <TestMethod codeBase="C:\Projekty\xUnitTestProject\bin\Debug\netcoreapp3.1\xUnitTestProject.dll" adapterTypeName="executor://xunit/VsTestRunner2/netcoreapp" className="xUnitTestProject.CurrencyHelperTests" name="FormatToStringTest1000" />
    </UnitTest>
    <UnitTest name="xUnitTestProject.CurrencyHelperTests.FormatToStringTest1000(price: 44065.726815678056, expected: &quot;44065.73 zł&quot;)" storage="c:\projekty\xunittestproject\bin\debug\netcoreapp3.1\xunittestproject.dll" id="900eea81-caf7-4e0f-b129-22c2df2135b0">
      <Execution id="2f1cee44-c582-42ad-81fb-3b90a1377058" />
      <TestMethod codeBase="C:\Projekty\xUnitTestProject\bin\Debug\netcoreapp3.1\xUnitTestProject.dll" adapterTypeName="executor://xunit/VsTestRunner2/netcoreapp" className="xUnitTestProject.CurrencyHelperTests" name="FormatToStringTest1000" />
    </UnitTest>
    <UnitTest name="xUnitTestProject.CurrencyHelperTests.FormatToStringTest1000(price: 15396.537902579894, expected: &quot;15396.54 zł&quot;)" storage="c:\projekty\xunittestproject\bin\debug\netcoreapp3.1\xunittestproject.dll" id="b873b04a-7c62-5dd2-8547-3f31b075c272">
      <Execution id="450b2b81-2b64-4396-90d4-1f1a846edcdd" />
      <TestMethod codeBase="C:\Projekty\xUnitTestProject\bin\Debug\netcoreapp3.1\xUnitTestProject.dll" adapterTypeName="executor://xunit/VsTestRunner2/netcoreapp" className="xUnitTestProject.CurrencyHelperTests" name="FormatToStringTest1000" />
    </UnitTest>
    <UnitTest name="xUnitTestProject.CurrencyHelperTests.FormatToStringTest1000(price: 5855.75080885354, expected: &quot;5855.75 zł&quot;)" storage="c:\projekty\xunittestproject\bin\debug\netcoreapp3.1\xunittestproject.dll" id="b8787739-4c07-b11a-eff9-c330a8615328">
      <Execution id="eaaedfef-a2ba-4dc6-87e6-b53d7a0fd975" />
      <TestMethod codeBase="C:\Projekty\xUnitTestProject\bin\Debug\netcoreapp3.1\xUnitTestProject.dll" adapterTypeName="executor://xunit/VsTestRunner2/netcoreapp" className="xUnitTestProject.CurrencyHelperTests" name="FormatToStringTest1000" />
    </UnitTest>
    <UnitTest name="xUnitTestProject.CurrencyHelperTests.FormatToStringTest1000(price: 30320.450517486992, expected: &quot;30320.45 zł&quot;)" storage="c:\projekty\xunittestproject\bin\debug\netcoreapp3.1\xunittestproject.dll" id="042cc95e-2b44-fa19-b576-f75093af4b96">
      <Execution id="4b26d979-6323-42dc-93d1-c39db086a1a6" />
      <TestMethod codeBase="C:\Projekty\xUnitTestProject\bin\Debug\netcoreapp3.1\xUnitTestProject.dll" adapterTypeName="executor://xunit/VsTestRunner2/netcoreapp" className="xUnitTestProject.CurrencyHelperTests" name="FormatToStringTest1000" />
    </UnitTest>
    <UnitTest name="xUnitTestProject.CurrencyHelperTests.FormatToStringTest1000(price: 84686.32148464039, expected: &quot;84686.32 zł&quot;)" storage="c:\projekty\xunittestproject\bin\debug\netcoreapp3.1\xunittestproject.dll" id="7b2e748c-5793-e1c6-45bc-d5f863686469">
      <Execution id="095870a4-f8e4-403e-877d-dddeb1d9c664" />
      <TestMethod codeBase="C:\Projekty\xUnitTestProject\bin\Debug\netcoreapp3.1\xUnitTestProject.dll" adapterTypeName="executor://xunit/VsTestRunner2/netcoreapp" className="xUnitTestProject.CurrencyHelperTests" name="FormatToStringTest1000" />
    </UnitTest>
    <UnitTest name="xUnitTestProject.CurrencyHelperTests.FormatToStringTest1000(price: 9867.823212210007, expected: &quot;9867.82 zł&quot;)" storage="c:\projekty\xunittestproject\bin\debug\netcoreapp3.1\xunittestproject.dll" id="99e7c5dd-ce54-9083-5f21-8bd4ff4149bd">
      <Execution id="ebee60aa-cf8a-48cb-b219-1e955ed96fed" />
      <TestMethod codeBase="C:\Projekty\xUnitTestProject\bin\Debug\netcoreapp3.1\xUnitTestProject.dll" adapterTypeName="executor://xunit/VsTestRunner2/netcoreapp" className="xUnitTestProject.CurrencyHelperTests" name="FormatToStringTest1000" />
    </UnitTest>
    <UnitTest name="xUnitTestProject.CurrencyHelperTests.FormatToStringTest1000(price: 42767.96883676898, expected: &quot;42767.97 zł&quot;)" storage="c:\projekty\xunittestproject\bin\debug\netcoreapp3.1\xunittestproject.dll" id="5d6a5449-fc3a-dea9-163b-dec74b3dd1b9">
      <Execution id="9dad8a60-e377-4525-a373-0416aa0afc54" />
      <TestMethod codeBase="C:\Projekty\xUnitTestProject\bin\Debug\netcoreapp3.1\xUnitTestProject.dll" adapterTypeName="executor://xunit/VsTestRunner2/netcoreapp" className="xUnitTestProject.CurrencyHelperTests" name="FormatToStringTest1000" />
    </UnitTest>
    <UnitTest name="xUnitTestProject.CurrencyHelperTests.FormatToStringTest1000(price: 86.89546322771136, expected: &quot;86.90 zł&quot;)" storage="c:\projekty\xunittestproject\bin\debug\netcoreapp3.1\xunittestproject.dll" id="294f15b0-a486-8084-b9ae-585b30f21a60">
      <Execution id="fcaf51fa-7d1c-4d25-a975-465f63fd8b31" />
      <TestMethod codeBase="C:\Projekty\xUnitTestProject\bin\Debug\netcoreapp3.1\xUnitTestProject.dll" adapterTypeName="executor://xunit/VsTestRunner2/netcoreapp" className="xUnitTestProject.CurrencyHelperTests" name="FormatToStringTest1000" />
    </UnitTest>
    <UnitTest name="xUnitTestProject.CurrencyHelperTests.FormatToStringTest1000(price: 60017.857676936714, expected: &quot;60017.86 zł&quot;)" storage="c:\projekty\xunittestproject\bin\debug\netcoreapp3.1\xunittestproject.dll" id="31d7ba44-de75-ed55-66c6-b51937c13355">
      <Execution id="d30aa1b7-b23e-4818-8023-4c47458a0012" />
      <TestMethod codeBase="C:\Projekty\xUnitTestProject\bin\Debug\netcoreapp3.1\xUnitTestProject.dll" adapterTypeName="executor://xunit/VsTestRunner2/netcoreapp" className="xUnitTestProject.CurrencyHelperTests" name="FormatToStringTest1000" />
    </UnitTest>
    <UnitTest name="xUnitTestProject.CurrencyHelperTests.FormatToStringTest1000(price: 13568.230982493717, expected: &quot;13568.23 zł&quot;)" storage="c:\projekty\xunittestproject\bin\debug\netcoreapp3.1\xunittestproject.dll" id="ef2c65b8-081e-e356-813a-949f0831c7f0">
      <Execution id="a4414f43-b7b6-4d02-94ef-55135f76e2c4" />
      <TestMethod codeBase="C:\Projekty\xUnitTestProject\bin\Debug\netcoreapp3.1\xUnitTestProject.dll" adapterTypeName="executor://xunit/VsTestRunner2/netcoreapp" className="xUnitTestProject.CurrencyHelperTests" name="FormatToStringTest1000" />
    </UnitTest>
    <UnitTest name="xUnitTestProject.CurrencyHelperTests.FormatToStringTest1000(price: 3431.864349926759, expected: &quot;3431.86 zł&quot;)" storage="c:\projekty\xunittestproject\bin\debug\netcoreapp3.1\xunittestproject.dll" id="dd6f82bf-ec98-4f3e-74b1-00844a5994bf">
      <Execution id="48b2925c-c260-4675-a7e4-eb6cb41e74a0" />
      <TestMethod codeBase="C:\Projekty\xUnitTestProject\bin\Debug\netcoreapp3.1\xUnitTestProject.dll" adapterTypeName="executor://xunit/VsTestRunner2/netcoreapp" className="xUnitTestProject.CurrencyHelperTests" name="FormatToStringTest1000" />
    </UnitTest>
    <UnitTest name="xUnitTestProject.CurrencyHelperTests.FormatToStringTest1000(price: 11912.404131636213, expected: &quot;11912.40 zł&quot;)" storage="c:\projekty\xunittestproject\bin\debug\netcoreapp3.1\xunittestproject.dll" id="f80009c9-805e-194a-5298-bf93d54f39d7">
      <Execution id="21ea74af-c5b3-428e-97fe-3e6a90ad8305" />
      <TestMethod codeBase="C:\Projekty\xUnitTestProject\bin\Debug\netcoreapp3.1\xUnitTestProject.dll" adapterTypeName="executor://xunit/VsTestRunner2/netcoreapp" className="xUnitTestProject.CurrencyHelperTests" name="FormatToStringTest1000" />
    </UnitTest>
    <UnitTest name="xUnitTestProject.CurrencyHelperTests.FormatToStringTest1000(price: 6890.028458985514, expected: &quot;6890.03 zł&quot;)" storage="c:\projekty\xunittestproject\bin\debug\netcoreapp3.1\xunittestproject.dll" id="567ca57c-5cc0-0e6c-fd41-e20b10f40469">
      <Execution id="9b78ca03-36e0-426b-abe2-2f8500d49d71" />
      <TestMethod codeBase="C:\Projekty\xUnitTestProject\bin\Debug\netcoreapp3.1\xUnitTestProject.dll" adapterTypeName="executor://xunit/VsTestRunner2/netcoreapp" className="xUnitTestProject.CurrencyHelperTests" name="FormatToStringTest1000" />
    </UnitTest>
    <UnitTest name="xUnitTestProject.CurrencyHelperTests.FormatToStringTest1000(price: 19463.08761954917, expected: &quot;19463.09 zł&quot;)" storage="c:\projekty\xunittestproject\bin\debug\netcoreapp3.1\xunittestproject.dll" id="38ee170e-2136-8164-8076-d7d266da6388">
      <Execution id="85e925b2-06ec-40aa-b3cf-ddbb5639a716" />
      <TestMethod codeBase="C:\Projekty\xUnitTestProject\bin\Debug\netcoreapp3.1\xUnitTestProject.dll" adapterTypeName="executor://xunit/VsTestRunner2/netcoreapp" className="xUnitTestProject.CurrencyHelperTests" name="FormatToStringTest1000" />
    </UnitTest>
    <UnitTest name="xUnitTestProject.CurrencyHelperTests.FormatToStringTest1000(price: 7377.5644264340235, expected: &quot;7377.56 zł&quot;)" storage="c:\projekty\xunittestproject\bin\debug\netcoreapp3.1\xunittestproject.dll" id="46947d50-5e18-dad2-e4a8-b6d0819ae97c">
      <Execution id="8c8679ec-bff9-4789-8ae8-82d1e8244ef6" />
      <TestMethod codeBase="C:\Projekty\xUnitTestProject\bin\Debug\netcoreapp3.1\xUnitTestProject.dll" adapterTypeName="executor://xunit/VsTestRunner2/netcoreapp" className="xUnitTestProject.CurrencyHelperTests" name="FormatToStringTest1000" />
    </UnitTest>
    <UnitTest name="xUnitTestProject.CurrencyHelperTests.FormatToStringTest1000(price: 7621.507806692509, expected: &quot;7621.51 zł&quot;)" storage="c:\projekty\xunittestproject\bin\debug\netcoreapp3.1\xunittestproject.dll" id="612eaa65-a60d-5727-69a2-576580c27858">
      <Execution id="e43bbeb2-e1ca-4989-93ad-ab3b996fb717" />
      <TestMethod codeBase="C:\Projekty\xUnitTestProject\bin\Debug\netcoreapp3.1\xUnitTestProject.dll" adapterTypeName="executor://xunit/VsTestRunner2/netcoreapp" className="xUnitTestProject.CurrencyHelperTests" name="FormatToStringTest1000" />
    </UnitTest>
    <UnitTest name="xUnitTestProject.CurrencyHelperTests.FormatToStringTest1000(price: 7715.904444139406, expected: &quot;7715.90 zł&quot;)" storage="c:\projekty\xunittestproject\bin\debug\netcoreapp3.1\xunittestproject.dll" id="82cc450a-0e9d-45d3-9478-f947af9d278f">
      <Execution id="96e39cd2-b701-474b-8577-b1f8e2633857" />
      <TestMethod codeBase="C:\Projekty\xUnitTestProject\bin\Debug\netcoreapp3.1\xUnitTestProject.dll" adapterTypeName="executor://xunit/VsTestRunner2/netcoreapp" className="xUnitTestProject.CurrencyHelperTests" name="FormatToStringTest1000" />
    </UnitTest>
    <UnitTest name="xUnitTestProject.CurrencyHelperTests.FormatToStringTest1000(price: 13046.352146307172, expected: &quot;13046.35 zł&quot;)" storage="c:\projekty\xunittestproject\bin\debug\netcoreapp3.1\xunittestproject.dll" id="13dfd982-ae8a-b137-0e11-07b0f29632c1">
      <Execution id="721457fa-f713-4c94-8cc5-8a2e0331d3f8" />
      <TestMethod codeBase="C:\Projekty\xUnitTestProject\bin\Debug\netcoreapp3.1\xUnitTestProject.dll" adapterTypeName="executor://xunit/VsTestRunner2/netcoreapp" className="xUnitTestProject.CurrencyHelperTests" name="FormatToStringTest1000" />
    </UnitTest>
    <UnitTest name="xUnitTestProject.CurrencyHelperTests.FormatToStringTest1000(price: 20527.270339210645, expected: &quot;20527.27 zł&quot;)" storage="c:\projekty\xunittestproject\bin\debug\netcoreapp3.1\xunittestproject.dll" id="b828fc0d-bf07-676e-b8c0-6e0aa44c3171">
      <Execution id="d0a78209-93e9-4207-9438-2903834c02e0" />
      <TestMethod codeBase="C:\Projekty\xUnitTestProject\bin\Debug\netcoreapp3.1\xUnitTestProject.dll" adapterTypeName="executor://xunit/VsTestRunner2/netcoreapp" className="xUnitTestProject.CurrencyHelperTests" name="FormatToStringTest1000" />
    </UnitTest>
    <UnitTest name="xUnitTestProject.CurrencyHelperTests.FormatToStringTest1000(price: 16571.355536101553, expected: &quot;16571.36 zł&quot;)" storage="c:\projekty\xunittestproject\bin\debug\netcoreapp3.1\xunittestproject.dll" id="31031da7-a7ef-21d8-df85-bc08b8725f11">
      <Execution id="c8727a49-1e9f-4e9b-96d1-8ecc9c977500" />
      <TestMethod codeBase="C:\Projekty\xUnitTestProject\bin\Debug\netcoreapp3.1\xUnitTestProject.dll" adapterTypeName="executor://xunit/VsTestRunner2/netcoreapp" className="xUnitTestProject.CurrencyHelperTests" name="FormatToStringTest1000" />
    </UnitTest>
    <UnitTest name="xUnitTestProject.CurrencyHelperTests.FormatToStringTest1000(price: 66945.02904917022, expected: &quot;66945.03 zł&quot;)" storage="c:\projekty\xunittestproject\bin\debug\netcoreapp3.1\xunittestproject.dll" id="028a745a-d396-f185-341f-56b2c46b3ca2">
      <Execution id="058c4813-241e-4e86-8ad9-610491d08ffc" />
      <TestMethod codeBase="C:\Projekty\xUnitTestProject\bin\Debug\netcoreapp3.1\xUnitTestProject.dll" adapterTypeName="executor://xunit/VsTestRunner2/netcoreapp" className="xUnitTestProject.CurrencyHelperTests" name="FormatToStringTest1000" />
    </UnitTest>
    <UnitTest name="xUnitTestProject.CurrencyHelperTests.FormatToStringTest1000(price: 13337.80490493486, expected: &quot;13337.80 zł&quot;)" storage="c:\projekty\xunittestproject\bin\debug\netcoreapp3.1\xunittestproject.dll" id="aef73524-5efd-2ad9-76a4-22b643281e1e">
      <Execution id="d81142f5-1a18-467f-aba2-76f28435be51" />
      <TestMethod codeBase="C:\Projekty\xUnitTestProject\bin\Debug\netcoreapp3.1\xUnitTestProject.dll" adapterTypeName="executor://xunit/VsTestRunner2/netcoreapp" className="xUnitTestProject.CurrencyHelperTests" name="FormatToStringTest1000" />
    </UnitTest>
    <UnitTest name="xUnitTestProject.CurrencyHelperTests.FormatToStringTest1000(price: 40556.73452524362, expected: &quot;40556.73 zł&quot;)" storage="c:\projekty\xunittestproject\bin\debug\netcoreapp3.1\xunittestproject.dll" id="f0e62743-f005-ab34-4606-22275729a052">
      <Execution id="05cee5fa-1105-4b77-b338-056288cb81c9" />
      <TestMethod codeBase="C:\Projekty\xUnitTestProject\bin\Debug\netcoreapp3.1\xUnitTestProject.dll" adapterTypeName="executor://xunit/VsTestRunner2/netcoreapp" className="xUnitTestProject.CurrencyHelperTests" name="FormatToStringTest1000" />
    </UnitTest>
    <UnitTest name="xUnitTestProject.CurrencyHelperTests.FormatToStringTest1000(price: 14218.204344010543, expected: &quot;14218.20 zł&quot;)" storage="c:\projekty\xunittestproject\bin\debug\netcoreapp3.1\xunittestproject.dll" id="37d09489-36bf-8c23-e75f-f494d92ed465">
      <Execution id="fd0d6937-1682-426e-aa60-0904a2c6a6e5" />
      <TestMethod codeBase="C:\Projekty\xUnitTestProject\bin\Debug\netcoreapp3.1\xUnitTestProject.dll" adapterTypeName="executor://xunit/VsTestRunner2/netcoreapp" className="xUnitTestProject.CurrencyHelperTests" name="FormatToStringTest1000" />
    </UnitTest>
    <UnitTest name="xUnitTestProject.CurrencyHelperTests.FormatToStringTest1000(price: 867.5236648356187, expected: &quot;867.52 zł&quot;)" storage="c:\projekty\xunittestproject\bin\debug\netcoreapp3.1\xunittestproject.dll" id="ed116d32-6ba7-9bd1-6680-6c13ee07292b">
      <Execution id="adea65b9-c033-435c-9a6a-44b45452f64c" />
      <TestMethod codeBase="C:\Projekty\xUnitTestProject\bin\Debug\netcoreapp3.1\xUnitTestProject.dll" adapterTypeName="executor://xunit/VsTestRunner2/netcoreapp" className="xUnitTestProject.CurrencyHelperTests" name="FormatToStringTest1000" />
    </UnitTest>
    <UnitTest name="xUnitTestProject.CurrencyHelperTests.FormatToStringTest1000(price: 6213.265206352466, expected: &quot;6213.27 zł&quot;)" storage="c:\projekty\xunittestproject\bin\debug\netcoreapp3.1\xunittestproject.dll" id="37e53818-7fa5-17d7-012c-004f89325673">
      <Execution id="1148e1d9-5666-4e2c-b405-ed9d4c0ef3fd" />
      <TestMethod codeBase="C:\Projekty\xUnitTestProject\bin\Debug\netcoreapp3.1\xUnitTestProject.dll" adapterTypeName="executor://xunit/VsTestRunner2/netcoreapp" className="xUnitTestProject.CurrencyHelperTests" name="FormatToStringTest1000" />
    </UnitTest>
    <UnitTest name="xUnitTestProject.CurrencyHelperTests.FormatToStringTest1000(price: 7669.3855620214645, expected: &quot;7669.39 zł&quot;)" storage="c:\projekty\xunittestproject\bin\debug\netcoreapp3.1\xunittestproject.dll" id="1a44af6f-888e-1f8e-a00f-e2d743b26f12">
      <Execution id="d3c0f928-735d-4a31-a540-3152972889f0" />
      <TestMethod codeBase="C:\Projekty\xUnitTestProject\bin\Debug\netcoreapp3.1\xUnitTestProject.dll" adapterTypeName="executor://xunit/VsTestRunner2/netcoreapp" className="xUnitTestProject.CurrencyHelperTests" name="FormatToStringTest1000" />
    </UnitTest>
    <UnitTest name="xUnitTestProject.CurrencyHelperTests.FormatToStringTest1000(price: 16427.591943671738, expected: &quot;16427.59 zł&quot;)" storage="c:\projekty\xunittestproject\bin\debug\netcoreapp3.1\xunittestproject.dll" id="3bcce3ce-1e1f-b2cb-aecb-f9baaad49b40">
      <Execution id="b4e97ec9-3165-4372-8d3c-d6262d4ac5dd" />
      <TestMethod codeBase="C:\Projekty\xUnitTestProject\bin\Debug\netcoreapp3.1\xUnitTestProject.dll" adapterTypeName="executor://xunit/VsTestRunner2/netcoreapp" className="xUnitTestProject.CurrencyHelperTests" name="FormatToStringTest1000" />
    </UnitTest>
    <UnitTest name="xUnitTestProject.CurrencyHelperTests.FormatToStringTest1000(price: 635.3263313632116, expected: &quot;635.33 zł&quot;)" storage="c:\projekty\xunittestproject\bin\debug\netcoreapp3.1\xunittestproject.dll" id="a9271829-fbf1-47a3-aed7-368db58e22e7">
      <Execution id="4d7a58b2-0e48-4ed7-b964-4d6da37889de" />
      <TestMethod codeBase="C:\Projekty\xUnitTestProject\bin\Debug\netcoreapp3.1\xUnitTestProject.dll" adapterTypeName="executor://xunit/VsTestRunner2/netcoreapp" className="xUnitTestProject.CurrencyHelperTests" name="FormatToStringTest1000" />
    </UnitTest>
    <UnitTest name="xUnitTestProject.CurrencyHelperTests.FormatToStringTest1000(price: 90187.4082624374, expected: &quot;90187.41 zł&quot;)" storage="c:\projekty\xunittestproject\bin\debug\netcoreapp3.1\xunittestproject.dll" id="4f50c537-4ed4-21bc-0ecd-39e74b29d0e7">
      <Execution id="aaf89c12-cbf3-47ef-bc00-e8ce27a20092" />
      <TestMethod codeBase="C:\Projekty\xUnitTestProject\bin\Debug\netcoreapp3.1\xUnitTestProject.dll" adapterTypeName="executor://xunit/VsTestRunner2/netcoreapp" className="xUnitTestProject.CurrencyHelperTests" name="FormatToStringTest1000" />
    </UnitTest>
    <UnitTest name="xUnitTestProject.CurrencyHelperTests.FormatToStringTest1000(price: 30578.687538491416, expected: &quot;30578.69 zł&quot;)" storage="c:\projekty\xunittestproject\bin\debug\netcoreapp3.1\xunittestproject.dll" id="04661d81-bbef-c82f-71cf-dda291897ead">
      <Execution id="32ca29eb-bc15-4920-9674-bdbd07d59b5a" />
      <TestMethod codeBase="C:\Projekty\xUnitTestProject\bin\Debug\netcoreapp3.1\xUnitTestProject.dll" adapterTypeName="executor://xunit/VsTestRunner2/netcoreapp" className="xUnitTestProject.CurrencyHelperTests" name="FormatToStringTest1000" />
    </UnitTest>
    <UnitTest name="xUnitTestProject.CurrencyHelperTests.FormatToStringTest1000(price: 1821.7083499085663, expected: &quot;1821.71 zł&quot;)" storage="c:\projekty\xunittestproject\bin\debug\netcoreapp3.1\xunittestproject.dll" id="a5c380fd-7aff-7b69-c8d6-5989b9e204c5">
      <Execution id="48b8b056-9da3-45b3-b03f-88ca43654b31" />
      <TestMethod codeBase="C:\Projekty\xUnitTestProject\bin\Debug\netcoreapp3.1\xUnitTestProject.dll" adapterTypeName="executor://xunit/VsTestRunner2/netcoreapp" className="xUnitTestProject.CurrencyHelperTests" name="FormatToStringTest1000" />
    </UnitTest>
    <UnitTest name="xUnitTestProject.CurrencyHelperTests.FormatToStringTest1000(price: 317.9090540706688, expected: &quot;317.91 zł&quot;)" storage="c:\projekty\xunittestproject\bin\debug\netcoreapp3.1\xunittestproject.dll" id="996b214e-32e4-5376-d989-b4bc865084fe">
      <Execution id="31c05c90-5264-4557-8895-1564c8458a98" />
      <TestMethod codeBase="C:\Projekty\xUnitTestProject\bin\Debug\netcoreapp3.1\xUnitTestProject.dll" adapterTypeName="executor://xunit/VsTestRunner2/netcoreapp" className="xUnitTestProject.CurrencyHelperTests" name="FormatToStringTest1000" />
    </UnitTest>
    <UnitTest name="xUnitTestProject.CurrencyHelperTests.FormatToStringTest1000(price: 28072.424637532058, expected: &quot;28072.42 zł&quot;)" storage="c:\projekty\xunittestproject\bin\debug\netcoreapp3.1\xunittestproject.dll" id="bb2394ba-110a-90c0-2182-1e3775f73d05">
      <Execution id="a18904f1-4d34-4885-af7e-c111d9339ea9" />
      <TestMethod codeBase="C:\Projekty\xUnitTestProject\bin\Debug\netcoreapp3.1\xUnitTestProject.dll" adapterTypeName="executor://xunit/VsTestRunner2/netcoreapp" className="xUnitTestProject.CurrencyHelperTests" name="FormatToStringTest1000" />
    </UnitTest>
    <UnitTest name="xUnitTestProject.CurrencyHelperTests.FormatToStringTest1000(price: 2718.1767171650085, expected: &quot;2718.18 zł&quot;)" storage="c:\projekty\xunittestproject\bin\debug\netcoreapp3.1\xunittestproject.dll" id="fc18dbb3-2c7f-eef4-d751-3ff8a18e5fdc">
      <Execution id="27388049-3f16-4399-bbf2-075b3d32a4ad" />
      <TestMethod codeBase="C:\Projekty\xUnitTestProject\bin\Debug\netcoreapp3.1\xUnitTestProject.dll" adapterTypeName="executor://xunit/VsTestRunner2/netcoreapp" className="xUnitTestProject.CurrencyHelperTests" name="FormatToStringTest1000" />
    </UnitTest>
    <UnitTest name="xUnitTestProject.CurrencyHelperTests.FormatToStringTest1000(price: 1884.4923513031063, expected: &quot;1884.49 zł&quot;)" storage="c:\projekty\xunittestproject\bin\debug\netcoreapp3.1\xunittestproject.dll" id="5df2cee8-1205-20ca-1995-6e5120b53d1e">
      <Execution id="3a44a3e0-6fa7-442c-903f-8801c5799b8d" />
      <TestMethod codeBase="C:\Projekty\xUnitTestProject\bin\Debug\netcoreapp3.1\xUnitTestProject.dll" adapterTypeName="executor://xunit/VsTestRunner2/netcoreapp" className="xUnitTestProject.CurrencyHelperTests" name="FormatToStringTest1000" />
    </UnitTest>
    <UnitTest name="xUnitTestProject.CurrencyHelperTests.FormatToStringTest1000(price: 2897.9775426620513, expected: &quot;2897.98 zł&quot;)" storage="c:\projekty\xunittestproject\bin\debug\netcoreapp3.1\xunittestproject.dll" id="edd98930-a456-c16e-31c0-f98ab53f4169">
      <Execution id="f44f8e4b-4971-436a-b0ff-6f135dde8b6b" />
      <TestMethod codeBase="C:\Projekty\xUnitTestProject\bin\Debug\netcoreapp3.1\xUnitTestProject.dll" adapterTypeName="executor://xunit/VsTestRunner2/netcoreapp" className="xUnitTestProject.CurrencyHelperTests" name="FormatToStringTest1000" />
    </UnitTest>
    <UnitTest name="xUnitTestProject.CurrencyHelperTests.FormatToStringTest1000(price: 14017.699524653006, expected: &quot;14017.70 zł&quot;)" storage="c:\projekty\xunittestproject\bin\debug\netcoreapp3.1\xunittestproject.dll" id="24bb58fc-f26e-f596-3b94-0fe50e90026c">
      <Execution id="51639c53-cf2e-48a2-a0dc-1716f62c410a" />
      <TestMethod codeBase="C:\Projekty\xUnitTestProject\bin\Debug\netcoreapp3.1\xUnitTestProject.dll" adapterTypeName="executor://xunit/VsTestRunner2/netcoreapp" className="xUnitTestProject.CurrencyHelperTests" name="FormatToStringTest1000" />
    </UnitTest>
    <UnitTest name="xUnitTestProject.CurrencyHelperTests.FormatToStringTest1000(price: 21785.42157155528, expected: &quot;21785.42 zł&quot;)" storage="c:\projekty\xunittestproject\bin\debug\netcoreapp3.1\xunittestproject.dll" id="6205fc96-eb71-1460-755c-461fb37bb024">
      <Execution id="43ff409a-0802-4f18-a7c3-9bbbbd016320" />
      <TestMethod codeBase="C:\Projekty\xUnitTestProject\bin\Debug\netcoreapp3.1\xUnitTestProject.dll" adapterTypeName="executor://xunit/VsTestRunner2/netcoreapp" className="xUnitTestProject.CurrencyHelperTests" name="FormatToStringTest1000" />
    </UnitTest>
    <UnitTest name="xUnitTestProject.CurrencyHelperTests.FormatToStringTest1000(price: 88616.03808168416, expected: &quot;88616.04 zł&quot;)" storage="c:\projekty\xunittestproject\bin\debug\netcoreapp3.1\xunittestproject.dll" id="908bbb79-500c-f673-c8f4-2e8bf73bce40">
      <Execution id="e485ece4-7f8b-45cd-b266-f2ec34640632" />
      <TestMethod codeBase="C:\Projekty\xUnitTestProject\bin\Debug\netcoreapp3.1\xUnitTestProject.dll" adapterTypeName="executor://xunit/VsTestRunner2/netcoreapp" className="xUnitTestProject.CurrencyHelperTests" name="FormatToStringTest1000" />
    </UnitTest>
    <UnitTest name="xUnitTestProject.CurrencyHelperTests.FormatToStringTest1000(price: 12379.347974640013, expected: &quot;12379.35 zł&quot;)" storage="c:\projekty\xunittestproject\bin\debug\netcoreapp3.1\xunittestproject.dll" id="b2d498a1-af9b-33b8-aa18-e8644e9da7f1">
      <Execution id="bcc7eeec-a5f2-48b6-850f-60c7543963e2" />
      <TestMethod codeBase="C:\Projekty\xUnitTestProject\bin\Debug\netcoreapp3.1\xUnitTestProject.dll" adapterTypeName="executor://xunit/VsTestRunner2/netcoreapp" className="xUnitTestProject.CurrencyHelperTests" name="FormatToStringTest1000" />
    </UnitTest>
    <UnitTest name="xUnitTestProject.CurrencyHelperTests.FormatToStringTest1000(price: 14475.498583194567, expected: &quot;14475.50 zł&quot;)" storage="c:\projekty\xunittestproject\bin\debug\netcoreapp3.1\xunittestproject.dll" id="be9ca199-100c-7487-211b-359c6f85feb5">
      <Execution id="aa3e1caa-97a9-4631-a27e-f2f2ee3ca82f" />
      <TestMethod codeBase="C:\Projekty\xUnitTestProject\bin\Debug\netcoreapp3.1\xUnitTestProject.dll" adapterTypeName="executor://xunit/VsTestRunner2/netcoreapp" className="xUnitTestProject.CurrencyHelperTests" name="FormatToStringTest1000" />
    </UnitTest>
    <UnitTest name="xUnitTestProject.CurrencyHelperTests.FormatToStringTest1000(price: 1313.0279238368514, expected: &quot;1313.03 zł&quot;)" storage="c:\projekty\xunittestproject\bin\debug\netcoreapp3.1\xunittestproject.dll" id="71aa02e1-e075-142b-97e5-961b91ee4f3d">
      <Execution id="0e53256d-9aa4-4bf9-a1b4-018735f17d18" />
      <TestMethod codeBase="C:\Projekty\xUnitTestProject\bin\Debug\netcoreapp3.1\xUnitTestProject.dll" adapterTypeName="executor://xunit/VsTestRunner2/netcoreapp" className="xUnitTestProject.CurrencyHelperTests" name="FormatToStringTest1000" />
    </UnitTest>
    <UnitTest name="xUnitTestProject.CurrencyHelperTests.FormatToStringTest1000(price: 14003.84591249742, expected: &quot;14003.85 zł&quot;)" storage="c:\projekty\xunittestproject\bin\debug\netcoreapp3.1\xunittestproject.dll" id="33f34022-0429-d841-2008-e35fc72eef53">
      <Execution id="86b1dc8b-5340-414c-b31e-951c9c457ac3" />
      <TestMethod codeBase="C:\Projekty\xUnitTestProject\bin\Debug\netcoreapp3.1\xUnitTestProject.dll" adapterTypeName="executor://xunit/VsTestRunner2/netcoreapp" className="xUnitTestProject.CurrencyHelperTests" name="FormatToStringTest1000" />
    </UnitTest>
    <UnitTest name="xUnitTestProject.CurrencyHelperTests.FormatToStringTest1000(price: 6313.543884690639, expected: &quot;6313.54 zł&quot;)" storage="c:\projekty\xunittestproject\bin\debug\netcoreapp3.1\xunittestproject.dll" id="19a6af43-eb02-cc32-570b-ae7c8852f08e">
      <Execution id="715f20cc-a67e-4bfb-9aa7-8f5bb91b5d09" />
      <TestMethod codeBase="C:\Projekty\xUnitTestProject\bin\Debug\netcoreapp3.1\xUnitTestProject.dll" adapterTypeName="executor://xunit/VsTestRunner2/netcoreapp" className="xUnitTestProject.CurrencyHelperTests" name="FormatToStringTest1000" />
    </UnitTest>
    <UnitTest name="xUnitTestProject.CurrencyHelperTests.FormatToStringTest1000(price: 46590.9609819562, expected: &quot;46590.96 zł&quot;)" storage="c:\projekty\xunittestproject\bin\debug\netcoreapp3.1\xunittestproject.dll" id="11e8e2ed-c8a3-dabc-7293-c381795c9796">
      <Execution id="6b63a299-c631-449f-a3dd-667a6cfc6b34" />
      <TestMethod codeBase="C:\Projekty\xUnitTestProject\bin\Debug\netcoreapp3.1\xUnitTestProject.dll" adapterTypeName="executor://xunit/VsTestRunner2/netcoreapp" className="xUnitTestProject.CurrencyHelperTests" name="FormatToStringTest1000" />
    </UnitTest>
    <UnitTest name="xUnitTestProject.CurrencyHelperTests.FormatToStringTest1000(price: 18794.859523484418, expected: &quot;18794.86 zł&quot;)" storage="c:\projekty\xunittestproject\bin\debug\netcoreapp3.1\xunittestproject.dll" id="f5820c79-9491-c601-5f6f-2c9537d33353">
      <Execution id="f8fc96e1-a6f6-45de-862a-32b600d80532" />
      <TestMethod codeBase="C:\Projekty\xUnitTestProject\bin\Debug\netcoreapp3.1\xUnitTestProject.dll" adapterTypeName="executor://xunit/VsTestRunner2/netcoreapp" className="xUnitTestProject.CurrencyHelperTests" name="FormatToStringTest1000" />
    </UnitTest>
    <UnitTest name="xUnitTestProject.CurrencyHelperTests.FormatToStringTest1000(price: 1514.6266382441981, expected: &quot;1514.63 zł&quot;)" storage="c:\projekty\xunittestproject\bin\debug\netcoreapp3.1\xunittestproject.dll" id="d5ee81d6-78bc-115b-efec-5de38db0e38b">
      <Execution id="1475de76-5345-4b63-926c-0771d68481ba" />
      <TestMethod codeBase="C:\Projekty\xUnitTestProject\bin\Debug\netcoreapp3.1\xUnitTestProject.dll" adapterTypeName="executor://xunit/VsTestRunner2/netcoreapp" className="xUnitTestProject.CurrencyHelperTests" name="FormatToStringTest1000" />
    </UnitTest>
    <UnitTest name="xUnitTestProject.CurrencyHelperTests.FormatToStringTest1000(price: 18596.12661189033, expected: &quot;18596.13 zł&quot;)" storage="c:\projekty\xunittestproject\bin\debug\netcoreapp3.1\xunittestproject.dll" id="5e1c3933-e4f7-a4af-71e7-871c86d36adf">
      <Execution id="d2b1137e-2752-478b-ab70-b31f67f2ac22" />
      <TestMethod codeBase="C:\Projekty\xUnitTestProject\bin\Debug\netcoreapp3.1\xUnitTestProject.dll" adapterTypeName="executor://xunit/VsTestRunner2/netcoreapp" className="xUnitTestProject.CurrencyHelperTests" name="FormatToStringTest1000" />
    </UnitTest>
    <UnitTest name="xUnitTestProject.CurrencyHelperTests.FormatToStringTest1000(price: 50009.23881716898, expected: &quot;50009.24 zł&quot;)" storage="c:\projekty\xunittestproject\bin\debug\netcoreapp3.1\xunittestproject.dll" id="c6561a8d-8639-fb30-9500-15f8be316902">
      <Execution id="0fc213fa-ae0a-49e3-b957-dfa60cf50b9a" />
      <TestMethod codeBase="C:\Projekty\xUnitTestProject\bin\Debug\netcoreapp3.1\xUnitTestProject.dll" adapterTypeName="executor://xunit/VsTestRunner2/netcoreapp" className="xUnitTestProject.CurrencyHelperTests" name="FormatToStringTest1000" />
    </UnitTest>
    <UnitTest name="xUnitTestProject.CurrencyHelperTests.FormatToStringTest1000(price: 25990.318498101697, expected: &quot;25990.32 zł&quot;)" storage="c:\projekty\xunittestproject\bin\debug\netcoreapp3.1\xunittestproject.dll" id="384612ec-11e1-c891-3d7e-9db254e6a2b4">
      <Execution id="eb75b78c-b107-46e2-8954-c4a9b8b16d4b" />
      <TestMethod codeBase="C:\Projekty\xUnitTestProject\bin\Debug\netcoreapp3.1\xUnitTestProject.dll" adapterTypeName="executor://xunit/VsTestRunner2/netcoreapp" className="xUnitTestProject.CurrencyHelperTests" name="FormatToStringTest1000" />
    </UnitTest>
    <UnitTest name="xUnitTestProject.CurrencyHelperTests.FormatToStringTest1000(price: 31391.358864880804, expected: &quot;31391.36 zł&quot;)" storage="c:\projekty\xunittestproject\bin\debug\netcoreapp3.1\xunittestproject.dll" id="64486b5c-a699-4a15-d908-73d103db26bc">
      <Execution id="cd3ccd53-60e9-4020-87df-94db58a468cc" />
      <TestMethod codeBase="C:\Projekty\xUnitTestProject\bin\Debug\netcoreapp3.1\xUnitTestProject.dll" adapterTypeName="executor://xunit/VsTestRunner2/netcoreapp" className="xUnitTestProject.CurrencyHelperTests" name="FormatToStringTest1000" />
    </UnitTest>
    <UnitTest name="xUnitTestProject.CurrencyHelperTests.FormatToStringTest1000(price: 19435.417227184127, expected: &quot;19435.42 zł&quot;)" storage="c:\projekty\xunittestproject\bin\debug\netcoreapp3.1\xunittestproject.dll" id="1fffb893-3987-58da-ed03-e4f32e271dc9">
      <Execution id="36e4394a-4a59-4f16-af67-1d6e42b59f4e" />
      <TestMethod codeBase="C:\Projekty\xUnitTestProject\bin\Debug\netcoreapp3.1\xUnitTestProject.dll" adapterTypeName="executor://xunit/VsTestRunner2/netcoreapp" className="xUnitTestProject.CurrencyHelperTests" name="FormatToStringTest1000" />
    </UnitTest>
    <UnitTest name="xUnitTestProject.CurrencyHelperTests.FormatToStringTest1000(price: 3907.8681317963024, expected: &quot;3907.87 zł&quot;)" storage="c:\projekty\xunittestproject\bin\debug\netcoreapp3.1\xunittestproject.dll" id="b70675b1-ffbc-1a3f-030b-53fbcade7f2b">
      <Execution id="7cff48c8-5ac1-46f1-8615-d9a84cc24fde" />
      <TestMethod codeBase="C:\Projekty\xUnitTestProject\bin\Debug\netcoreapp3.1\xUnitTestProject.dll" adapterTypeName="executor://xunit/VsTestRunner2/netcoreapp" className="xUnitTestProject.CurrencyHelperTests" name="FormatToStringTest1000" />
    </UnitTest>
    <UnitTest name="xUnitTestProject.CurrencyHelperTests.FormatToStringTest1000(price: 26207.03715363659, expected: &quot;26207.04 zł&quot;)" storage="c:\projekty\xunittestproject\bin\debug\netcoreapp3.1\xunittestproject.dll" id="9f1933d5-ba32-f60d-5aa4-3e77602dd567">
      <Execution id="aaacaac3-b905-4aca-a102-5ef1f5835147" />
      <TestMethod codeBase="C:\Projekty\xUnitTestProject\bin\Debug\netcoreapp3.1\xUnitTestProject.dll" adapterTypeName="executor://xunit/VsTestRunner2/netcoreapp" className="xUnitTestProject.CurrencyHelperTests" name="FormatToStringTest1000" />
    </UnitTest>
    <UnitTest name="xUnitTestProject.CurrencyHelperTests.FormatToStringTest1000(price: 17090.629587323234, expected: &quot;17090.63 zł&quot;)" storage="c:\projekty\xunittestproject\bin\debug\netcoreapp3.1\xunittestproject.dll" id="4f602daf-bb8d-fd94-ef0a-fd5eecda2ee6">
      <Execution id="273fc116-497f-4e59-ae7f-52d021d8f398" />
      <TestMethod codeBase="C:\Projekty\xUnitTestProject\bin\Debug\netcoreapp3.1\xUnitTestProject.dll" adapterTypeName="executor://xunit/VsTestRunner2/netcoreapp" className="xUnitTestProject.CurrencyHelperTests" name="FormatToStringTest1000" />
    </UnitTest>
    <UnitTest name="xUnitTestProject.CurrencyHelperTests.FormatToStringTest1000(price: 79764.77845563217, expected: &quot;79764.78 zł&quot;)" storage="c:\projekty\xunittestproject\bin\debug\netcoreapp3.1\xunittestproject.dll" id="331cc2f7-a1fa-edcf-e9a4-854a4876fe8a">
      <Execution id="13662088-b696-484d-8d4a-ba83fd59d41f" />
      <TestMethod codeBase="C:\Projekty\xUnitTestProject\bin\Debug\netcoreapp3.1\xUnitTestProject.dll" adapterTypeName="executor://xunit/VsTestRunner2/netcoreapp" className="xUnitTestProject.CurrencyHelperTests" name="FormatToStringTest1000" />
    </UnitTest>
    <UnitTest name="xUnitTestProject.CurrencyHelperTests.FormatToStringTest1000(price: 95353.10327693219, expected: &quot;95353.10 zł&quot;)" storage="c:\projekty\xunittestproject\bin\debug\netcoreapp3.1\xunittestproject.dll" id="e1d79475-a361-3073-e286-53d8423f4048">
      <Execution id="b9bc6738-2129-4c03-81fc-8c7375ffffb8" />
      <TestMethod codeBase="C:\Projekty\xUnitTestProject\bin\Debug\netcoreapp3.1\xUnitTestProject.dll" adapterTypeName="executor://xunit/VsTestRunner2/netcoreapp" className="xUnitTestProject.CurrencyHelperTests" name="FormatToStringTest1000" />
    </UnitTest>
    <UnitTest name="xUnitTestProject.CurrencyHelperTests.FormatToStringTest1000(price: 13206.129467931636, expected: &quot;13206.13 zł&quot;)" storage="c:\projekty\xunittestproject\bin\debug\netcoreapp3.1\xunittestproject.dll" id="37c7194c-1f0b-dee3-2e3b-dc795a15cffb">
      <Execution id="246ce3c7-422d-4cfd-aeae-e792836e8c54" />
      <TestMethod codeBase="C:\Projekty\xUnitTestProject\bin\Debug\netcoreapp3.1\xUnitTestProject.dll" adapterTypeName="executor://xunit/VsTestRunner2/netcoreapp" className="xUnitTestProject.CurrencyHelperTests" name="FormatToStringTest1000" />
    </UnitTest>
    <UnitTest name="xUnitTestProject.CurrencyHelperTests.FormatToStringTest1000(price: 10397.404523554447, expected: &quot;10397.40 zł&quot;)" storage="c:\projekty\xunittestproject\bin\debug\netcoreapp3.1\xunittestproject.dll" id="df98a0bb-288a-f0a3-8af8-186ed72a3b48">
      <Execution id="2e4218e3-fa55-4ea2-a65a-a543bb0f28ca" />
      <TestMethod codeBase="C:\Projekty\xUnitTestProject\bin\Debug\netcoreapp3.1\xUnitTestProject.dll" adapterTypeName="executor://xunit/VsTestRunner2/netcoreapp" className="xUnitTestProject.CurrencyHelperTests" name="FormatToStringTest1000" />
    </UnitTest>
    <UnitTest name="xUnitTestProject.CurrencyHelperTests.FormatToStringTest1000(price: 16383.352881839199, expected: &quot;16383.35 zł&quot;)" storage="c:\projekty\xunittestproject\bin\debug\netcoreapp3.1\xunittestproject.dll" id="df661f1a-369e-296a-5042-ab9651f93dce">
      <Execution id="aba79a29-02fa-45d6-8a2c-aa5d997e92fe" />
      <TestMethod codeBase="C:\Projekty\xUnitTestProject\bin\Debug\netcoreapp3.1\xUnitTestProject.dll" adapterTypeName="executor://xunit/VsTestRunner2/netcoreapp" className="xUnitTestProject.CurrencyHelperTests" name="FormatToStringTest1000" />
    </UnitTest>
    <UnitTest name="xUnitTestProject.CurrencyHelperTests.FormatToStringTest1000(price: 42383.08993972982, expected: &quot;42383.09 zł&quot;)" storage="c:\projekty\xunittestproject\bin\debug\netcoreapp3.1\xunittestproject.dll" id="50bd341a-c773-af8f-d72d-637dadce7bec">
      <Execution id="c7ec4d9d-2d06-4495-bcd1-6809a67519a0" />
      <TestMethod codeBase="C:\Projekty\xUnitTestProject\bin\Debug\netcoreapp3.1\xUnitTestProject.dll" adapterTypeName="executor://xunit/VsTestRunner2/netcoreapp" className="xUnitTestProject.CurrencyHelperTests" name="FormatToStringTest1000" />
    </UnitTest>
    <UnitTest name="xUnitTestProject.CurrencyHelperTests.FormatToStringTest1000(price: 12759.925747307914, expected: &quot;12759.93 zł&quot;)" storage="c:\projekty\xunittestproject\bin\debug\netcoreapp3.1\xunittestproject.dll" id="6cb3c27b-61db-68ea-03a1-16fad20636e6">
      <Execution id="cfa43e16-d27a-496d-ad44-4a2b263a3f09" />
      <TestMethod codeBase="C:\Projekty\xUnitTestProject\bin\Debug\netcoreapp3.1\xUnitTestProject.dll" adapterTypeName="executor://xunit/VsTestRunner2/netcoreapp" className="xUnitTestProject.CurrencyHelperTests" name="FormatToStringTest1000" />
    </UnitTest>
    <UnitTest name="xUnitTestProject.CurrencyHelperTests.FormatToStringTest1000(price: 40268.121943438484, expected: &quot;40268.12 zł&quot;)" storage="c:\projekty\xunittestproject\bin\debug\netcoreapp3.1\xunittestproject.dll" id="4e78f25c-d355-e112-010c-d75e1dbe484f">
      <Execution id="de27ecb8-3211-46fd-a61e-437861c48e2a" />
      <TestMethod codeBase="C:\Projekty\xUnitTestProject\bin\Debug\netcoreapp3.1\xUnitTestProject.dll" adapterTypeName="executor://xunit/VsTestRunner2/netcoreapp" className="xUnitTestProject.CurrencyHelperTests" name="FormatToStringTest1000" />
    </UnitTest>
    <UnitTest name="xUnitTestProject.CurrencyHelperTests.FormatToStringTest1000(price: 12641.700665183225, expected: &quot;12641.70 zł&quot;)" storage="c:\projekty\xunittestproject\bin\debug\netcoreapp3.1\xunittestproject.dll" id="1eaafc3c-6374-0d37-e565-15fb470a9a01">
      <Execution id="1e48173c-6d92-44c2-945a-53b426aeec94" />
      <TestMethod codeBase="C:\Projekty\xUnitTestProject\bin\Debug\netcoreapp3.1\xUnitTestProject.dll" adapterTypeName="executor://xunit/VsTestRunner2/netcoreapp" className="xUnitTestProject.CurrencyHelperTests" name="FormatToStringTest1000" />
    </UnitTest>
    <UnitTest name="xUnitTestProject.CurrencyHelperTests.FormatToStringTest1000(price: 1751.1734380625066, expected: &quot;1751.17 zł&quot;)" storage="c:\projekty\xunittestproject\bin\debug\netcoreapp3.1\xunittestproject.dll" id="f1ddd1cb-937b-c6a5-5626-287e7f18daa2">
      <Execution id="69f8d2f9-09c9-45ad-b8b9-94f8ca6770bb" />
      <TestMethod codeBase="C:\Projekty\xUnitTestProject\bin\Debug\netcoreapp3.1\xUnitTestProject.dll" adapterTypeName="executor://xunit/VsTestRunner2/netcoreapp" className="xUnitTestProject.CurrencyHelperTests" name="FormatToStringTest1000" />
    </UnitTest>
    <UnitTest name="xUnitTestProject.CurrencyHelperTests.FormatToStringTest1000(price: 20441.330495004695, expected: &quot;20441.33 zł&quot;)" storage="c:\projekty\xunittestproject\bin\debug\netcoreapp3.1\xunittestproject.dll" id="ebd1aa40-63da-115b-f2a9-d23a543d03a1">
      <Execution id="2603c402-dcdb-4769-bcd3-f4c94b43212e" />
      <TestMethod codeBase="C:\Projekty\xUnitTestProject\bin\Debug\netcoreapp3.1\xUnitTestProject.dll" adapterTypeName="executor://xunit/VsTestRunner2/netcoreapp" className="xUnitTestProject.CurrencyHelperTests" name="FormatToStringTest1000" />
    </UnitTest>
    <UnitTest name="xUnitTestProject.CurrencyHelperTests.FormatToStringTest1000(price: 468.83385119346616, expected: &quot;468.83 zł&quot;)" storage="c:\projekty\xunittestproject\bin\debug\netcoreapp3.1\xunittestproject.dll" id="e1f98d4b-b934-3301-b07c-a8722a8e1bf4">
      <Execution id="9a30c59b-a8fa-4696-b994-952adce4018d" />
      <TestMethod codeBase="C:\Projekty\xUnitTestProject\bin\Debug\netcoreapp3.1\xUnitTestProject.dll" adapterTypeName="executor://xunit/VsTestRunner2/netcoreapp" className="xUnitTestProject.CurrencyHelperTests" name="FormatToStringTest1000" />
    </UnitTest>
    <UnitTest name="xUnitTestProject.CurrencyHelperTests.FormatToStringTest1000(price: 74514.06270644537, expected: &quot;74514.06 zł&quot;)" storage="c:\projekty\xunittestproject\bin\debug\netcoreapp3.1\xunittestproject.dll" id="6a68b288-e760-a42c-8c5a-4aafd65f28b7">
      <Execution id="459f66b2-3feb-40f2-b4bf-e42b3e0284d6" />
      <TestMethod codeBase="C:\Projekty\xUnitTestProject\bin\Debug\netcoreapp3.1\xUnitTestProject.dll" adapterTypeName="executor://xunit/VsTestRunner2/netcoreapp" className="xUnitTestProject.CurrencyHelperTests" name="FormatToStringTest1000" />
    </UnitTest>
    <UnitTest name="xUnitTestProject.CurrencyHelperTests.FormatToStringTest1000(price: 21728.91641959963, expected: &quot;21728.92 zł&quot;)" storage="c:\projekty\xunittestproject\bin\debug\netcoreapp3.1\xunittestproject.dll" id="251bbc15-9ad4-e7e2-3a95-fab7be0e3e27">
      <Execution id="a2404645-d266-47bc-9b0f-d83c18e8e7df" />
      <TestMethod codeBase="C:\Projekty\xUnitTestProject\bin\Debug\netcoreapp3.1\xUnitTestProject.dll" adapterTypeName="executor://xunit/VsTestRunner2/netcoreapp" className="xUnitTestProject.CurrencyHelperTests" name="FormatToStringTest1000" />
    </UnitTest>
    <UnitTest name="xUnitTestProject.CurrencyHelperTests.FormatToStringTest1000(price: 47630.39193684067, expected: &quot;47630.39 zł&quot;)" storage="c:\projekty\xunittestproject\bin\debug\netcoreapp3.1\xunittestproject.dll" id="b260e8fd-b664-9d96-9944-4c7dd9ae1851">
      <Execution id="350d4f2e-8d1f-4c4d-bb92-68588f480d41" />
      <TestMethod codeBase="C:\Projekty\xUnitTestProject\bin\Debug\netcoreapp3.1\xUnitTestProject.dll" adapterTypeName="executor://xunit/VsTestRunner2/netcoreapp" className="xUnitTestProject.CurrencyHelperTests" name="FormatToStringTest1000" />
    </UnitTest>
    <UnitTest name="xUnitTestProject.CurrencyHelperTests.FormatToStringTest1000(price: 7193.552206002898, expected: &quot;7193.55 zł&quot;)" storage="c:\projekty\xunittestproject\bin\debug\netcoreapp3.1\xunittestproject.dll" id="9b79670a-4357-fb82-855b-9e335ddd3a09">
      <Execution id="b1bfdb00-90bb-4861-9243-ff66caee4d86" />
      <TestMethod codeBase="C:\Projekty\xUnitTestProject\bin\Debug\netcoreapp3.1\xUnitTestProject.dll" adapterTypeName="executor://xunit/VsTestRunner2/netcoreapp" className="xUnitTestProject.CurrencyHelperTests" name="FormatToStringTest1000" />
    </UnitTest>
    <UnitTest name="xUnitTestProject.CurrencyHelperTests.FormatToStringTest1000(price: 4612.32080757633, expected: &quot;4612.32 zł&quot;)" storage="c:\projekty\xunittestproject\bin\debug\netcoreapp3.1\xunittestproject.dll" id="1847f09f-3a3a-e54a-437b-e06a692092b8">
      <Execution id="77173d69-ec45-44cb-bc57-e7c7960b288c" />
      <TestMethod codeBase="C:\Projekty\xUnitTestProject\bin\Debug\netcoreapp3.1\xUnitTestProject.dll" adapterTypeName="executor://xunit/VsTestRunner2/netcoreapp" className="xUnitTestProject.CurrencyHelperTests" name="FormatToStringTest1000" />
    </UnitTest>
    <UnitTest name="xUnitTestProject.CurrencyHelperTests.FormatToStringTest1000(price: 39314.52353688401, expected: &quot;39314.52 zł&quot;)" storage="c:\projekty\xunittestproject\bin\debug\netcoreapp3.1\xunittestproject.dll" id="45a5b31d-d8ee-81e0-0e1d-a198d7cba5b5">
      <Execution id="1cd7843f-d489-47ed-b0c8-8604eb243881" />
      <TestMethod codeBase="C:\Projekty\xUnitTestProject\bin\Debug\netcoreapp3.1\xUnitTestProject.dll" adapterTypeName="executor://xunit/VsTestRunner2/netcoreapp" className="xUnitTestProject.CurrencyHelperTests" name="FormatToStringTest1000" />
    </UnitTest>
    <UnitTest name="xUnitTestProject.CurrencyHelperTests.FormatToStringTest1000(price: 17098.491445727876, expected: &quot;17098.49 zł&quot;)" storage="c:\projekty\xunittestproject\bin\debug\netcoreapp3.1\xunittestproject.dll" id="e8ec7e81-c75e-50ea-5d4f-c58eeb7d8270">
      <Execution id="08f45c14-a2fb-4b99-aa36-82518779278d" />
      <TestMethod codeBase="C:\Projekty\xUnitTestProject\bin\Debug\netcoreapp3.1\xUnitTestProject.dll" adapterTypeName="executor://xunit/VsTestRunner2/netcoreapp" className="xUnitTestProject.CurrencyHelperTests" name="FormatToStringTest1000" />
    </UnitTest>
    <UnitTest name="xUnitTestProject.CurrencyHelperTests.FormatToStringTest1000(price: 5254.6338787505565, expected: &quot;5254.63 zł&quot;)" storage="c:\projekty\xunittestproject\bin\debug\netcoreapp3.1\xunittestproject.dll" id="05428edc-24e9-331d-ccde-497be2e009d1">
      <Execution id="4753a802-9d0e-47e0-9fa8-46b207022002" />
      <TestMethod codeBase="C:\Projekty\xUnitTestProject\bin\Debug\netcoreapp3.1\xUnitTestProject.dll" adapterTypeName="executor://xunit/VsTestRunner2/netcoreapp" className="xUnitTestProject.CurrencyHelperTests" name="FormatToStringTest1000" />
    </UnitTest>
    <UnitTest name="xUnitTestProject.CurrencyHelperTests.FormatToStringTest1000(price: 10501.127379151585, expected: &quot;10501.13 zł&quot;)" storage="c:\projekty\xunittestproject\bin\debug\netcoreapp3.1\xunittestproject.dll" id="6aa06741-b93f-b24b-6ccf-f7d51617fc30">
      <Execution id="7bfcb623-ee0f-449f-abd4-de0580a402eb" />
      <TestMethod codeBase="C:\Projekty\xUnitTestProject\bin\Debug\netcoreapp3.1\xUnitTestProject.dll" adapterTypeName="executor://xunit/VsTestRunner2/netcoreapp" className="xUnitTestProject.CurrencyHelperTests" name="FormatToStringTest1000" />
    </UnitTest>
    <UnitTest name="xUnitTestProject.CurrencyHelperTests.FormatToStringTest1000(price: 33851.35523524618, expected: &quot;33851.36 zł&quot;)" storage="c:\projekty\xunittestproject\bin\debug\netcoreapp3.1\xunittestproject.dll" id="ca982acc-6d3c-04e3-1b49-3eea6c1f73fe">
      <Execution id="624fb7f9-b154-4653-9e2b-922d9d6a5d03" />
      <TestMethod codeBase="C:\Projekty\xUnitTestProject\bin\Debug\netcoreapp3.1\xUnitTestProject.dll" adapterTypeName="executor://xunit/VsTestRunner2/netcoreapp" className="xUnitTestProject.CurrencyHelperTests" name="FormatToStringTest1000" />
    </UnitTest>
    <UnitTest name="xUnitTestProject.CurrencyHelperTests.FormatToStringTest1000(price: 23789.556920184546, expected: &quot;23789.56 zł&quot;)" storage="c:\projekty\xunittestproject\bin\debug\netcoreapp3.1\xunittestproject.dll" id="d02dc591-3a84-d3ac-10be-a85efb2cb27c">
      <Execution id="71b45bf3-31d7-49c6-8bf6-43c3e1305e9e" />
      <TestMethod codeBase="C:\Projekty\xUnitTestProject\bin\Debug\netcoreapp3.1\xUnitTestProject.dll" adapterTypeName="executor://xunit/VsTestRunner2/netcoreapp" className="xUnitTestProject.CurrencyHelperTests" name="FormatToStringTest1000" />
    </UnitTest>
    <UnitTest name="xUnitTestProject.CurrencyHelperTests.FormatToStringTest1000(price: 4025.728369236797, expected: &quot;4025.73 zł&quot;)" storage="c:\projekty\xunittestproject\bin\debug\netcoreapp3.1\xunittestproject.dll" id="a16b516f-2dd7-f0de-4b9f-39b505e3fb31">
      <Execution id="fe1b0513-d048-49a5-afeb-1741e18bca8d" />
      <TestMethod codeBase="C:\Projekty\xUnitTestProject\bin\Debug\netcoreapp3.1\xUnitTestProject.dll" adapterTypeName="executor://xunit/VsTestRunner2/netcoreapp" className="xUnitTestProject.CurrencyHelperTests" name="FormatToStringTest1000" />
    </UnitTest>
    <UnitTest name="xUnitTestProject.CurrencyHelperTests.FormatToStringTest1000(price: 27893.312729890138, expected: &quot;27893.31 zł&quot;)" storage="c:\projekty\xunittestproject\bin\debug\netcoreapp3.1\xunittestproject.dll" id="fe39f516-26c8-b34c-d7c3-8fcbe7da1ba2">
      <Execution id="1705e8b9-b6c0-4e2e-9ff0-8d0ae52c7aa3" />
      <TestMethod codeBase="C:\Projekty\xUnitTestProject\bin\Debug\netcoreapp3.1\xUnitTestProject.dll" adapterTypeName="executor://xunit/VsTestRunner2/netcoreapp" className="xUnitTestProject.CurrencyHelperTests" name="FormatToStringTest1000" />
    </UnitTest>
    <UnitTest name="xUnitTestProject.CurrencyHelperTests.FormatToStringTest1000(price: 3799.9216302064815, expected: &quot;3799.92 zł&quot;)" storage="c:\projekty\xunittestproject\bin\debug\netcoreapp3.1\xunittestproject.dll" id="9a37fdb2-9bc9-44c3-d032-3d58a5dce31d">
      <Execution id="48569dcc-a8ce-4919-9c0e-459970c54248" />
      <TestMethod codeBase="C:\Projekty\xUnitTestProject\bin\Debug\netcoreapp3.1\xUnitTestProject.dll" adapterTypeName="executor://xunit/VsTestRunner2/netcoreapp" className="xUnitTestProject.CurrencyHelperTests" name="FormatToStringTest1000" />
    </UnitTest>
    <UnitTest name="xUnitTestProject.CurrencyHelperTests.FormatToStringTest1000(price: 51503.82905738234, expected: &quot;51503.83 zł&quot;)" storage="c:\projekty\xunittestproject\bin\debug\netcoreapp3.1\xunittestproject.dll" id="f1679d4a-b856-7d51-628e-8f29c288c7ca">
      <Execution id="b7bcff30-e6e1-4d37-acff-2beb7bae199a" />
      <TestMethod codeBase="C:\Projekty\xUnitTestProject\bin\Debug\netcoreapp3.1\xUnitTestProject.dll" adapterTypeName="executor://xunit/VsTestRunner2/netcoreapp" className="xUnitTestProject.CurrencyHelperTests" name="FormatToStringTest1000" />
    </UnitTest>
    <UnitTest name="xUnitTestProject.CurrencyHelperTests.FormatToStringTest1000(price: 16673.5121774904, expected: &quot;16673.51 zł&quot;)" storage="c:\projekty\xunittestproject\bin\debug\netcoreapp3.1\xunittestproject.dll" id="12ac148d-b770-8a76-3e48-40788f60fbd2">
      <Execution id="91ed8594-305f-4c4f-a786-b44ecd16e153" />
      <TestMethod codeBase="C:\Projekty\xUnitTestProject\bin\Debug\netcoreapp3.1\xUnitTestProject.dll" adapterTypeName="executor://xunit/VsTestRunner2/netcoreapp" className="xUnitTestProject.CurrencyHelperTests" name="FormatToStringTest1000" />
    </UnitTest>
    <UnitTest name="xUnitTestProject.CurrencyHelperTests.FormatToStringTest1000(price: 13478.157112043891, expected: &quot;13478.16 zł&quot;)" storage="c:\projekty\xunittestproject\bin\debug\netcoreapp3.1\xunittestproject.dll" id="4e40923a-3f2f-ab14-66db-33f21753e6c1">
      <Execution id="2efbe6e6-92b9-42ce-8bee-f77381dbef7d" />
      <TestMethod codeBase="C:\Projekty\xUnitTestProject\bin\Debug\netcoreapp3.1\xUnitTestProject.dll" adapterTypeName="executor://xunit/VsTestRunner2/netcoreapp" className="xUnitTestProject.CurrencyHelperTests" name="FormatToStringTest1000" />
    </UnitTest>
    <UnitTest name="xUnitTestProject.CurrencyHelperTests.FormatToStringTest1000(price: 18032.4720825476, expected: &quot;18032.47 zł&quot;)" storage="c:\projekty\xunittestproject\bin\debug\netcoreapp3.1\xunittestproject.dll" id="a711a8fd-55fb-fc36-f795-72cedac95d24">
      <Execution id="e5e23e8d-01ae-47d0-ae56-8f23029550cd" />
      <TestMethod codeBase="C:\Projekty\xUnitTestProject\bin\Debug\netcoreapp3.1\xUnitTestProject.dll" adapterTypeName="executor://xunit/VsTestRunner2/netcoreapp" className="xUnitTestProject.CurrencyHelperTests" name="FormatToStringTest1000" />
    </UnitTest>
    <UnitTest name="xUnitTestProject.CurrencyHelperTests.FormatToStringTest1000(price: 9517.514896326473, expected: &quot;9517.51 zł&quot;)" storage="c:\projekty\xunittestproject\bin\debug\netcoreapp3.1\xunittestproject.dll" id="b7f26b3d-6733-f07e-6f15-9b6ddb83ad50">
      <Execution id="8bb0ae41-8e58-4937-bed4-f3f360cb0153" />
      <TestMethod codeBase="C:\Projekty\xUnitTestProject\bin\Debug\netcoreapp3.1\xUnitTestProject.dll" adapterTypeName="executor://xunit/VsTestRunner2/netcoreapp" className="xUnitTestProject.CurrencyHelperTests" name="FormatToStringTest1000" />
    </UnitTest>
    <UnitTest name="xUnitTestProject.CurrencyHelperTests.FormatToStringTest1000(price: 27751.474436297303, expected: &quot;27751.47 zł&quot;)" storage="c:\projekty\xunittestproject\bin\debug\netcoreapp3.1\xunittestproject.dll" id="1f661c1f-d0bf-b374-44cc-db7131efefe7">
      <Execution id="14de8b78-f238-427d-bebb-ffca7f46bae9" />
      <TestMethod codeBase="C:\Projekty\xUnitTestProject\bin\Debug\netcoreapp3.1\xUnitTestProject.dll" adapterTypeName="executor://xunit/VsTestRunner2/netcoreapp" className="xUnitTestProject.CurrencyHelperTests" name="FormatToStringTest1000" />
    </UnitTest>
    <UnitTest name="xUnitTestProject.CurrencyHelperTests.FormatToStringTest1000(price: 37866.43836050967, expected: &quot;37866.44 zł&quot;)" storage="c:\projekty\xunittestproject\bin\debug\netcoreapp3.1\xunittestproject.dll" id="a97810bc-ccf4-4f77-152b-d7c40d37cd64">
      <Execution id="28b8c920-e345-4947-9abd-a18958422701" />
      <TestMethod codeBase="C:\Projekty\xUnitTestProject\bin\Debug\netcoreapp3.1\xUnitTestProject.dll" adapterTypeName="executor://xunit/VsTestRunner2/netcoreapp" className="xUnitTestProject.CurrencyHelperTests" name="FormatToStringTest1000" />
    </UnitTest>
    <UnitTest name="xUnitTestProject.CurrencyHelperTests.FormatToStringTest1000(price: 93775.33090185716, expected: &quot;93775.33 zł&quot;)" storage="c:\projekty\xunittestproject\bin\debug\netcoreapp3.1\xunittestproject.dll" id="2151d041-2bc8-f3a7-2b84-0e6fe76ff3f0">
      <Execution id="8a2d4297-1dbe-494a-b228-3a3a0d4883de" />
      <TestMethod codeBase="C:\Projekty\xUnitTestProject\bin\Debug\netcoreapp3.1\xUnitTestProject.dll" adapterTypeName="executor://xunit/VsTestRunner2/netcoreapp" className="xUnitTestProject.CurrencyHelperTests" name="FormatToStringTest1000" />
    </UnitTest>
    <UnitTest name="xUnitTestProject.CurrencyHelperTests.FormatToStringTest1000(price: 14920.620598662934, expected: &quot;14920.62 zł&quot;)" storage="c:\projekty\xunittestproject\bin\debug\netcoreapp3.1\xunittestproject.dll" id="96c01fa6-5d4d-3d03-7186-21835a01bdc8">
      <Execution id="94a4a0ee-6835-4226-8e9f-59c31a3f40d8" />
      <TestMethod codeBase="C:\Projekty\xUnitTestProject\bin\Debug\netcoreapp3.1\xUnitTestProject.dll" adapterTypeName="executor://xunit/VsTestRunner2/netcoreapp" className="xUnitTestProject.CurrencyHelperTests" name="FormatToStringTest1000" />
    </UnitTest>
    <UnitTest name="xUnitTestProject.CurrencyHelperTests.FormatToStringTest1000(price: 47437.74370917619, expected: &quot;47437.74 zł&quot;)" storage="c:\projekty\xunittestproject\bin\debug\netcoreapp3.1\xunittestproject.dll" id="8b7ce013-8629-5a29-320f-b962e95e1d02">
      <Execution id="0dd4cefc-b902-400f-8ae0-043dde5b8303" />
      <TestMethod codeBase="C:\Projekty\xUnitTestProject\bin\Debug\netcoreapp3.1\xUnitTestProject.dll" adapterTypeName="executor://xunit/VsTestRunner2/netcoreapp" className="xUnitTestProject.CurrencyHelperTests" name="FormatToStringTest1000" />
    </UnitTest>
    <UnitTest name="xUnitTestProject.CurrencyHelperTests.FormatToStringTest1000(price: 20445.11280083149, expected: &quot;20445.11 zł&quot;)" storage="c:\projekty\xunittestproject\bin\debug\netcoreapp3.1\xunittestproject.dll" id="7b9b1040-51d8-c2e6-1ac0-cb113e76a56a">
      <Execution id="2be7451c-f8f3-4593-b3da-1fcc9e131fcd" />
      <TestMethod codeBase="C:\Projekty\xUnitTestProject\bin\Debug\netcoreapp3.1\xUnitTestProject.dll" adapterTypeName="executor://xunit/VsTestRunner2/netcoreapp" className="xUnitTestProject.CurrencyHelperTests" name="FormatToStringTest1000" />
    </UnitTest>
    <UnitTest name="xUnitTestProject.CurrencyHelperTests.FormatToStringTest1000(price: 33251.41907856028, expected: &quot;33251.42 zł&quot;)" storage="c:\projekty\xunittestproject\bin\debug\netcoreapp3.1\xunittestproject.dll" id="1f9cd9ca-f1cd-430d-8d80-74a061c9ac45">
      <Execution id="6de7752e-e72c-4af2-85dc-67adad2a4908" />
      <TestMethod codeBase="C:\Projekty\xUnitTestProject\bin\Debug\netcoreapp3.1\xUnitTestProject.dll" adapterTypeName="executor://xunit/VsTestRunner2/netcoreapp" className="xUnitTestProject.CurrencyHelperTests" name="FormatToStringTest1000" />
    </UnitTest>
    <UnitTest name="xUnitTestProject.CurrencyHelperTests.FormatToStringTest1000(price: 4116.417580192638, expected: &quot;4116.42 zł&quot;)" storage="c:\projekty\xunittestproject\bin\debug\netcoreapp3.1\xunittestproject.dll" id="6517f205-88c6-f2fb-89fe-a931711e4343">
      <Execution id="5bbd6311-8e75-4bac-8bf4-dce8a9c3f006" />
      <TestMethod codeBase="C:\Projekty\xUnitTestProject\bin\Debug\netcoreapp3.1\xUnitTestProject.dll" adapterTypeName="executor://xunit/VsTestRunner2/netcoreapp" className="xUnitTestProject.CurrencyHelperTests" name="FormatToStringTest1000" />
    </UnitTest>
    <UnitTest name="xUnitTestProject.CurrencyHelperTests.FormatToStringTest1000(price: 7789.7136237517525, expected: &quot;7789.71 zł&quot;)" storage="c:\projekty\xunittestproject\bin\debug\netcoreapp3.1\xunittestproject.dll" id="8783f986-8eac-ac9c-2b17-d1518f607836">
      <Execution id="64f61ebf-6e32-433b-8a92-db4781cd0131" />
      <TestMethod codeBase="C:\Projekty\xUnitTestProject\bin\Debug\netcoreapp3.1\xUnitTestProject.dll" adapterTypeName="executor://xunit/VsTestRunner2/netcoreapp" className="xUnitTestProject.CurrencyHelperTests" name="FormatToStringTest1000" />
    </UnitTest>
    <UnitTest name="xUnitTestProject.CurrencyHelperTests.FormatToStringTest1000(price: 6544.213759255695, expected: &quot;6544.21 zł&quot;)" storage="c:\projekty\xunittestproject\bin\debug\netcoreapp3.1\xunittestproject.dll" id="bfbcecbb-ebb0-4cc4-ba14-4fec10bfe400">
      <Execution id="8e95c09e-8115-454d-b59b-06f3e1e56a8b" />
      <TestMethod codeBase="C:\Projekty\xUnitTestProject\bin\Debug\netcoreapp3.1\xUnitTestProject.dll" adapterTypeName="executor://xunit/VsTestRunner2/netcoreapp" className="xUnitTestProject.CurrencyHelperTests" name="FormatToStringTest1000" />
    </UnitTest>
    <UnitTest name="xUnitTestProject.CurrencyHelperTests.FormatToStringTest1000(price: 50991.22189691114, expected: &quot;50991.22 zł&quot;)" storage="c:\projekty\xunittestproject\bin\debug\netcoreapp3.1\xunittestproject.dll" id="c34ab70e-c13b-c0d3-f6b8-6dc84da0bd17">
      <Execution id="a88d7107-24f3-4118-a6c8-dcb7b4d7e296" />
      <TestMethod codeBase="C:\Projekty\xUnitTestProject\bin\Debug\netcoreapp3.1\xUnitTestProject.dll" adapterTypeName="executor://xunit/VsTestRunner2/netcoreapp" className="xUnitTestProject.CurrencyHelperTests" name="FormatToStringTest1000" />
    </UnitTest>
    <UnitTest name="xUnitTestProject.CurrencyHelperTests.FormatToStringTest1000(price: 25440.18371476614, expected: &quot;25440.18 zł&quot;)" storage="c:\projekty\xunittestproject\bin\debug\netcoreapp3.1\xunittestproject.dll" id="04127ca2-1b44-60f0-2ddc-d2453cd48c79">
      <Execution id="2b0e45c2-f788-4a18-b202-1864cda09dc0" />
      <TestMethod codeBase="C:\Projekty\xUnitTestProject\bin\Debug\netcoreapp3.1\xUnitTestProject.dll" adapterTypeName="executor://xunit/VsTestRunner2/netcoreapp" className="xUnitTestProject.CurrencyHelperTests" name="FormatToStringTest1000" />
    </UnitTest>
    <UnitTest name="xUnitTestProject.CurrencyHelperTests.FormatToStringTest1000(price: 45955.903045959254, expected: &quot;45955.90 zł&quot;)" storage="c:\projekty\xunittestproject\bin\debug\netcoreapp3.1\xunittestproject.dll" id="5605ffe3-47bf-edde-5207-79dd7a259fef">
      <Execution id="45b0932a-19cd-4625-a5ac-ead32748e700" />
      <TestMethod codeBase="C:\Projekty\xUnitTestProject\bin\Debug\netcoreapp3.1\xUnitTestProject.dll" adapterTypeName="executor://xunit/VsTestRunner2/netcoreapp" className="xUnitTestProject.CurrencyHelperTests" name="FormatToStringTest1000" />
    </UnitTest>
    <UnitTest name="xUnitTestProject.CurrencyHelperTests.FormatToStringTest1000(price: 45070.5442499493, expected: &quot;45070.54 zł&quot;)" storage="c:\projekty\xunittestproject\bin\debug\netcoreapp3.1\xunittestproject.dll" id="1ad63577-6f41-15d0-2387-0963e1b2bf95">
      <Execution id="0afde939-97fc-4100-895e-5288da5be406" />
      <TestMethod codeBase="C:\Projekty\xUnitTestProject\bin\Debug\netcoreapp3.1\xUnitTestProject.dll" adapterTypeName="executor://xunit/VsTestRunner2/netcoreapp" className="xUnitTestProject.CurrencyHelperTests" name="FormatToStringTest1000" />
    </UnitTest>
    <UnitTest name="xUnitTestProject.CurrencyHelperTests.FormatToStringTest1000(price: 75214.75000876503, expected: &quot;75214.75 zł&quot;)" storage="c:\projekty\xunittestproject\bin\debug\netcoreapp3.1\xunittestproject.dll" id="163fd586-92aa-6f23-9cea-f9c152d7d771">
      <Execution id="934871bd-6b47-4837-8895-23b674c09536" />
      <TestMethod codeBase="C:\Projekty\xUnitTestProject\bin\Debug\netcoreapp3.1\xUnitTestProject.dll" adapterTypeName="executor://xunit/VsTestRunner2/netcoreapp" className="xUnitTestProject.CurrencyHelperTests" name="FormatToStringTest1000" />
    </UnitTest>
    <UnitTest name="xUnitTestProject.CurrencyHelperTests.FormatToStringTest1000(price: 643.3550376181281, expected: &quot;643.36 zł&quot;)" storage="c:\projekty\xunittestproject\bin\debug\netcoreapp3.1\xunittestproject.dll" id="76d85170-85b2-a48f-102e-aa9420de3580">
      <Execution id="b76ce120-5720-4909-a2e0-3b082f6640d6" />
      <TestMethod codeBase="C:\Projekty\xUnitTestProject\bin\Debug\netcoreapp3.1\xUnitTestProject.dll" adapterTypeName="executor://xunit/VsTestRunner2/netcoreapp" className="xUnitTestProject.CurrencyHelperTests" name="FormatToStringTest1000" />
    </UnitTest>
    <UnitTest name="xUnitTestProject.CurrencyHelperTests.FormatToStringTest1000(price: 1613.6903705837626, expected: &quot;1613.69 zł&quot;)" storage="c:\projekty\xunittestproject\bin\debug\netcoreapp3.1\xunittestproject.dll" id="6f661c9f-cb4c-fdf6-5a9a-217f69ebc5d5">
      <Execution id="d5b07db4-ccb0-4de6-bc50-8acf86818682" />
      <TestMethod codeBase="C:\Projekty\xUnitTestProject\bin\Debug\netcoreapp3.1\xUnitTestProject.dll" adapterTypeName="executor://xunit/VsTestRunner2/netcoreapp" className="xUnitTestProject.CurrencyHelperTests" name="FormatToStringTest1000" />
    </UnitTest>
    <UnitTest name="xUnitTestProject.CurrencyHelperTests.FormatToStringTest1000(price: 4555.538255205163, expected: &quot;4555.54 zł&quot;)" storage="c:\projekty\xunittestproject\bin\debug\netcoreapp3.1\xunittestproject.dll" id="b28ab50d-11be-d323-527c-bc8feda9af8a">
      <Execution id="9c25fab3-2fa2-404b-8cf5-f382eebbca21" />
      <TestMethod codeBase="C:\Projekty\xUnitTestProject\bin\Debug\netcoreapp3.1\xUnitTestProject.dll" adapterTypeName="executor://xunit/VsTestRunner2/netcoreapp" className="xUnitTestProject.CurrencyHelperTests" name="FormatToStringTest1000" />
    </UnitTest>
    <UnitTest name="xUnitTestProject.CurrencyHelperTests.FormatToStringTest1000(price: 67898.54481444067, expected: &quot;67898.54 zł&quot;)" storage="c:\projekty\xunittestproject\bin\debug\netcoreapp3.1\xunittestproject.dll" id="f4a097ad-04f4-9e9c-b96f-49eb0101bd6d">
      <Execution id="8ad9cca9-e6c2-431f-9529-59f3f78ed600" />
      <TestMethod codeBase="C:\Projekty\xUnitTestProject\bin\Debug\netcoreapp3.1\xUnitTestProject.dll" adapterTypeName="executor://xunit/VsTestRunner2/netcoreapp" className="xUnitTestProject.CurrencyHelperTests" name="FormatToStringTest1000" />
    </UnitTest>
    <UnitTest name="xUnitTestProject.CurrencyHelperTests.FormatToStringTest1000(price: 22281.48592587257, expected: &quot;22281.49 zł&quot;)" storage="c:\projekty\xunittestproject\bin\debug\netcoreapp3.1\xunittestproject.dll" id="2af17ceb-e4a7-e57a-8e57-17ad33ae72e3">
      <Execution id="fe0a073c-d036-4f6d-82d2-6750611ff560" />
      <TestMethod codeBase="C:\Projekty\xUnitTestProject\bin\Debug\netcoreapp3.1\xUnitTestProject.dll" adapterTypeName="executor://xunit/VsTestRunner2/netcoreapp" className="xUnitTestProject.CurrencyHelperTests" name="FormatToStringTest1000" />
    </UnitTest>
    <UnitTest name="xUnitTestProject.CurrencyHelperTests.FormatToStringTest1000(price: 25039.088753207627, expected: &quot;25039.09 zł&quot;)" storage="c:\projekty\xunittestproject\bin\debug\netcoreapp3.1\xunittestproject.dll" id="dcb09ac3-545f-7b73-7b06-f7917ef6e79e">
      <Execution id="634ea6e2-d6a7-44df-9f25-8e6ebb144512" />
      <TestMethod codeBase="C:\Projekty\xUnitTestProject\bin\Debug\netcoreapp3.1\xUnitTestProject.dll" adapterTypeName="executor://xunit/VsTestRunner2/netcoreapp" className="xUnitTestProject.CurrencyHelperTests" name="FormatToStringTest1000" />
    </UnitTest>
    <UnitTest name="xUnitTestProject.CurrencyHelperTests.FormatToStringTest1000(price: 31971.185406704986, expected: &quot;31971.19 zł&quot;)" storage="c:\projekty\xunittestproject\bin\debug\netcoreapp3.1\xunittestproject.dll" id="875433a7-4993-f6c8-ae9e-010101b8ccc7">
      <Execution id="f0b6e17c-0864-43e3-a6cd-91116e679b66" />
      <TestMethod codeBase="C:\Projekty\xUnitTestProject\bin\Debug\netcoreapp3.1\xUnitTestProject.dll" adapterTypeName="executor://xunit/VsTestRunner2/netcoreapp" className="xUnitTestProject.CurrencyHelperTests" name="FormatToStringTest1000" />
    </UnitTest>
    <UnitTest name="xUnitTestProject.CurrencyHelperTests.FormatToStringTest1000(price: 67109.22110940759, expected: &quot;67109.22 zł&quot;)" storage="c:\projekty\xunittestproject\bin\debug\netcoreapp3.1\xunittestproject.dll" id="32346c07-b161-6e9f-65c2-990bcbe58b07">
      <Execution id="ef58676b-c78d-4299-a58b-e002da042e25" />
      <TestMethod codeBase="C:\Projekty\xUnitTestProject\bin\Debug\netcoreapp3.1\xUnitTestProject.dll" adapterTypeName="executor://xunit/VsTestRunner2/netcoreapp" className="xUnitTestProject.CurrencyHelperTests" name="FormatToStringTest1000" />
    </UnitTest>
    <UnitTest name="xUnitTestProject.CurrencyHelperTests.FormatToStringTest1000(price: 6915.421130504656, expected: &quot;6915.42 zł&quot;)" storage="c:\projekty\xunittestproject\bin\debug\netcoreapp3.1\xunittestproject.dll" id="c09462bb-4f86-b8e1-b39e-c6c94b35ddbc">
      <Execution id="d238bde3-5b26-4d0a-b3db-7e4270f3a4cd" />
      <TestMethod codeBase="C:\Projekty\xUnitTestProject\bin\Debug\netcoreapp3.1\xUnitTestProject.dll" adapterTypeName="executor://xunit/VsTestRunner2/netcoreapp" className="xUnitTestProject.CurrencyHelperTests" name="FormatToStringTest1000" />
    </UnitTest>
    <UnitTest name="xUnitTestProject.CurrencyHelperTests.FormatToStringTest1000(price: 38961.459057294516, expected: &quot;38961.46 zł&quot;)" storage="c:\projekty\xunittestproject\bin\debug\netcoreapp3.1\xunittestproject.dll" id="4dd76fcc-f663-2688-f7a4-a439b3a5cf01">
      <Execution id="e43811e7-722f-439a-b43a-b4b87ea19e0f" />
      <TestMethod codeBase="C:\Projekty\xUnitTestProject\bin\Debug\netcoreapp3.1\xUnitTestProject.dll" adapterTypeName="executor://xunit/VsTestRunner2/netcoreapp" className="xUnitTestProject.CurrencyHelperTests" name="FormatToStringTest1000" />
    </UnitTest>
    <UnitTest name="xUnitTestProject.CurrencyHelperTests.FormatToStringTest1000(price: 15841.26419853478, expected: &quot;15841.26 zł&quot;)" storage="c:\projekty\xunittestproject\bin\debug\netcoreapp3.1\xunittestproject.dll" id="e605935b-b7df-1383-2d29-96bb8b33e684">
      <Execution id="439f6094-8c86-4ab3-8f0f-c967bf2f4cd1" />
      <TestMethod codeBase="C:\Projekty\xUnitTestProject\bin\Debug\netcoreapp3.1\xUnitTestProject.dll" adapterTypeName="executor://xunit/VsTestRunner2/netcoreapp" className="xUnitTestProject.CurrencyHelperTests" name="FormatToStringTest1000" />
    </UnitTest>
    <UnitTest name="xUnitTestProject.CurrencyHelperTests.FormatToStringTest1000(price: 19189.813662191766, expected: &quot;19189.81 zł&quot;)" storage="c:\projekty\xunittestproject\bin\debug\netcoreapp3.1\xunittestproject.dll" id="51b21bbe-86e0-7c92-977a-b85ebd62b755">
      <Execution id="6466b64f-b9bc-4911-822d-04138446096b" />
      <TestMethod codeBase="C:\Projekty\xUnitTestProject\bin\Debug\netcoreapp3.1\xUnitTestProject.dll" adapterTypeName="executor://xunit/VsTestRunner2/netcoreapp" className="xUnitTestProject.CurrencyHelperTests" name="FormatToStringTest1000" />
    </UnitTest>
    <UnitTest name="xUnitTestProject.CurrencyHelperTests.FormatToStringTest1000(price: 31300.40752580967, expected: &quot;31300.41 zł&quot;)" storage="c:\projekty\xunittestproject\bin\debug\netcoreapp3.1\xunittestproject.dll" id="c9010c04-7ef0-ce4b-7d42-778e915f5883">
      <Execution id="cf31ec7b-d3d7-4b07-a71a-b614b7513dab" />
      <TestMethod codeBase="C:\Projekty\xUnitTestProject\bin\Debug\netcoreapp3.1\xUnitTestProject.dll" adapterTypeName="executor://xunit/VsTestRunner2/netcoreapp" className="xUnitTestProject.CurrencyHelperTests" name="FormatToStringTest1000" />
    </UnitTest>
    <UnitTest name="xUnitTestProject.CurrencyHelperTests.FormatToStringTest1000(price: 12202.860111308684, expected: &quot;12202.86 zł&quot;)" storage="c:\projekty\xunittestproject\bin\debug\netcoreapp3.1\xunittestproject.dll" id="584d2955-8662-50b8-9c7a-cb8a910d527d">
      <Execution id="3a827b3e-c2d0-4563-9698-6f1aee6ba01f" />
      <TestMethod codeBase="C:\Projekty\xUnitTestProject\bin\Debug\netcoreapp3.1\xUnitTestProject.dll" adapterTypeName="executor://xunit/VsTestRunner2/netcoreapp" className="xUnitTestProject.CurrencyHelperTests" name="FormatToStringTest1000" />
    </UnitTest>
    <UnitTest name="xUnitTestProject.CurrencyHelperTests.FormatToStringTest1000(price: 6864.093052674129, expected: &quot;6864.09 zł&quot;)" storage="c:\projekty\xunittestproject\bin\debug\netcoreapp3.1\xunittestproject.dll" id="baa856d2-0f24-fb78-786f-66276d918a1d">
      <Execution id="eb42b66a-a5fe-454e-ab19-ac805c87313c" />
      <TestMethod codeBase="C:\Projekty\xUnitTestProject\bin\Debug\netcoreapp3.1\xUnitTestProject.dll" adapterTypeName="executor://xunit/VsTestRunner2/netcoreapp" className="xUnitTestProject.CurrencyHelperTests" name="FormatToStringTest1000" />
    </UnitTest>
    <UnitTest name="xUnitTestProject.CurrencyHelperTests.FormatToStringTest1000(price: 75024.79122970243, expected: &quot;75024.79 zł&quot;)" storage="c:\projekty\xunittestproject\bin\debug\netcoreapp3.1\xunittestproject.dll" id="7c86c7d1-a9a4-3305-ae10-fdb7acd65489">
      <Execution id="0053d9df-9632-4afc-b674-f4c9dd2fa8ad" />
      <TestMethod codeBase="C:\Projekty\xUnitTestProject\bin\Debug\netcoreapp3.1\xUnitTestProject.dll" adapterTypeName="executor://xunit/VsTestRunner2/netcoreapp" className="xUnitTestProject.CurrencyHelperTests" name="FormatToStringTest1000" />
    </UnitTest>
    <UnitTest name="xUnitTestProject.CurrencyHelperTests.FormatToStringTest1000(price: 4812.162927013898, expected: &quot;4812.16 zł&quot;)" storage="c:\projekty\xunittestproject\bin\debug\netcoreapp3.1\xunittestproject.dll" id="3a671f08-52e1-32fe-f25e-6e157db962d2">
      <Execution id="869f7c3f-2cef-4ad4-966a-a5fe3bc4a4a9" />
      <TestMethod codeBase="C:\Projekty\xUnitTestProject\bin\Debug\netcoreapp3.1\xUnitTestProject.dll" adapterTypeName="executor://xunit/VsTestRunner2/netcoreapp" className="xUnitTestProject.CurrencyHelperTests" name="FormatToStringTest1000" />
    </UnitTest>
    <UnitTest name="xUnitTestProject.CurrencyHelperTests.FormatToStringTest1000(price: 7202.052143613367, expected: &quot;7202.05 zł&quot;)" storage="c:\projekty\xunittestproject\bin\debug\netcoreapp3.1\xunittestproject.dll" id="ee3ad499-d226-2821-3efe-49a57729a899">
      <Execution id="7a327814-afa8-4e35-b7f2-81df333c4072" />
      <TestMethod codeBase="C:\Projekty\xUnitTestProject\bin\Debug\netcoreapp3.1\xUnitTestProject.dll" adapterTypeName="executor://xunit/VsTestRunner2/netcoreapp" className="xUnitTestProject.CurrencyHelperTests" name="FormatToStringTest1000" />
    </UnitTest>
    <UnitTest name="xUnitTestProject.CurrencyHelperTests.FormatToStringTest1000(price: 46790.41011887715, expected: &quot;46790.41 zł&quot;)" storage="c:\projekty\xunittestproject\bin\debug\netcoreapp3.1\xunittestproject.dll" id="1a5071af-adad-5910-41be-cb866364cc7d">
      <Execution id="a7bf1c2e-b48a-40f2-91d1-b6f44bdad770" />
      <TestMethod codeBase="C:\Projekty\xUnitTestProject\bin\Debug\netcoreapp3.1\xUnitTestProject.dll" adapterTypeName="executor://xunit/VsTestRunner2/netcoreapp" className="xUnitTestProject.CurrencyHelperTests" name="FormatToStringTest1000" />
    </UnitTest>
    <UnitTest name="xUnitTestProject.CurrencyHelperTests.FormatToStringTest1000(price: 20737.251994218328, expected: &quot;20737.25 zł&quot;)" storage="c:\projekty\xunittestproject\bin\debug\netcoreapp3.1\xunittestproject.dll" id="7c480fcf-dcac-50a2-3106-264841c6a300">
      <Execution id="31031b49-3fc1-43b8-bf35-71430656a162" />
      <TestMethod codeBase="C:\Projekty\xUnitTestProject\bin\Debug\netcoreapp3.1\xUnitTestProject.dll" adapterTypeName="executor://xunit/VsTestRunner2/netcoreapp" className="xUnitTestProject.CurrencyHelperTests" name="FormatToStringTest1000" />
    </UnitTest>
    <UnitTest name="xUnitTestProject.CurrencyHelperTests.FormatToStringTest1000(price: 8499.121443388574, expected: &quot;8499.12 zł&quot;)" storage="c:\projekty\xunittestproject\bin\debug\netcoreapp3.1\xunittestproject.dll" id="05d3ca05-7d6a-4ccb-9500-bddd30f80ece">
      <Execution id="50fb6d1c-1913-4664-854b-1d779151d220" />
      <TestMethod codeBase="C:\Projekty\xUnitTestProject\bin\Debug\netcoreapp3.1\xUnitTestProject.dll" adapterTypeName="executor://xunit/VsTestRunner2/netcoreapp" className="xUnitTestProject.CurrencyHelperTests" name="FormatToStringTest1000" />
    </UnitTest>
    <UnitTest name="xUnitTestProject.CurrencyHelperTests.FormatToStringTest1000(price: 78822.37212685234, expected: &quot;78822.37 zł&quot;)" storage="c:\projekty\xunittestproject\bin\debug\netcoreapp3.1\xunittestproject.dll" id="5313f3e0-d68f-8127-ba85-18b29352fdf0">
      <Execution id="a5593ae6-dc69-4a52-8ab8-631fe2ef9407" />
      <TestMethod codeBase="C:\Projekty\xUnitTestProject\bin\Debug\netcoreapp3.1\xUnitTestProject.dll" adapterTypeName="executor://xunit/VsTestRunner2/netcoreapp" className="xUnitTestProject.CurrencyHelperTests" name="FormatToStringTest1000" />
    </UnitTest>
    <UnitTest name="xUnitTestProject.CurrencyHelperTests.FormatToStringTest1000(price: 18490.912787030877, expected: &quot;18490.91 zł&quot;)" storage="c:\projekty\xunittestproject\bin\debug\netcoreapp3.1\xunittestproject.dll" id="7200fbe8-0633-195a-0e4f-25258446a0dd">
      <Execution id="3480c19b-a3d8-4c5d-8250-37d6dcfc298d" />
      <TestMethod codeBase="C:\Projekty\xUnitTestProject\bin\Debug\netcoreapp3.1\xUnitTestProject.dll" adapterTypeName="executor://xunit/VsTestRunner2/netcoreapp" className="xUnitTestProject.CurrencyHelperTests" name="FormatToStringTest1000" />
    </UnitTest>
    <UnitTest name="xUnitTestProject.CurrencyHelperTests.FormatToStringTest1000(price: 54678.59301593089, expected: &quot;54678.59 zł&quot;)" storage="c:\projekty\xunittestproject\bin\debug\netcoreapp3.1\xunittestproject.dll" id="b93fddec-5e00-a1c1-fc16-4882d018fd04">
      <Execution id="e0740577-9068-4286-b112-9831426e8996" />
      <TestMethod codeBase="C:\Projekty\xUnitTestProject\bin\Debug\netcoreapp3.1\xUnitTestProject.dll" adapterTypeName="executor://xunit/VsTestRunner2/netcoreapp" className="xUnitTestProject.CurrencyHelperTests" name="FormatToStringTest1000" />
    </UnitTest>
    <UnitTest name="xUnitTestProject.CurrencyHelperTests.FormatToStringTest1000(price: 23174.85693288448, expected: &quot;23174.86 zł&quot;)" storage="c:\projekty\xunittestproject\bin\debug\netcoreapp3.1\xunittestproject.dll" id="91ef764f-6920-57e2-1ea1-d9fdc62e8142">
      <Execution id="2f16389b-189e-4393-9fb7-560bf5b0aecd" />
      <TestMethod codeBase="C:\Projekty\xUnitTestProject\bin\Debug\netcoreapp3.1\xUnitTestProject.dll" adapterTypeName="executor://xunit/VsTestRunner2/netcoreapp" className="xUnitTestProject.CurrencyHelperTests" name="FormatToStringTest1000" />
    </UnitTest>
    <UnitTest name="xUnitTestProject.CurrencyHelperTests.FormatToStringTest1000(price: 70149.17842025738, expected: &quot;70149.18 zł&quot;)" storage="c:\projekty\xunittestproject\bin\debug\netcoreapp3.1\xunittestproject.dll" id="3b212d04-f6e8-ace9-1475-1632b0249f80">
      <Execution id="dd16fde8-2b69-4d35-88de-672ee21ef535" />
      <TestMethod codeBase="C:\Projekty\xUnitTestProject\bin\Debug\netcoreapp3.1\xUnitTestProject.dll" adapterTypeName="executor://xunit/VsTestRunner2/netcoreapp" className="xUnitTestProject.CurrencyHelperTests" name="FormatToStringTest1000" />
    </UnitTest>
    <UnitTest name="xUnitTestProject.CurrencyHelperTests.FormatToStringTest1000(price: 12118.31777677048, expected: &quot;12118.32 zł&quot;)" storage="c:\projekty\xunittestproject\bin\debug\netcoreapp3.1\xunittestproject.dll" id="89b95097-2fa4-1afe-c164-3b548bd44274">
      <Execution id="4c478a13-2c7e-46c0-a9ec-fe7b59320e80" />
      <TestMethod codeBase="C:\Projekty\xUnitTestProject\bin\Debug\netcoreapp3.1\xUnitTestProject.dll" adapterTypeName="executor://xunit/VsTestRunner2/netcoreapp" className="xUnitTestProject.CurrencyHelperTests" name="FormatToStringTest1000" />
    </UnitTest>
    <UnitTest name="xUnitTestProject.CurrencyHelperTests.FormatToStringTest1000(price: 50644.690874327294, expected: &quot;50644.69 zł&quot;)" storage="c:\projekty\xunittestproject\bin\debug\netcoreapp3.1\xunittestproject.dll" id="7a86c51e-006c-a65e-34c9-ff3a6b2ed4b5">
      <Execution id="c5ea6c88-0dab-400a-96f6-99709771b3d1" />
      <TestMethod codeBase="C:\Projekty\xUnitTestProject\bin\Debug\netcoreapp3.1\xUnitTestProject.dll" adapterTypeName="executor://xunit/VsTestRunner2/netcoreapp" className="xUnitTestProject.CurrencyHelperTests" name="FormatToStringTest1000" />
    </UnitTest>
    <UnitTest name="xUnitTestProject.CurrencyHelperTests.FormatToStringTest1000(price: 48449.85582609189, expected: &quot;48449.86 zł&quot;)" storage="c:\projekty\xunittestproject\bin\debug\netcoreapp3.1\xunittestproject.dll" id="7704532e-ccf9-d396-cd75-b7b2cb63c0e8">
      <Execution id="4955c71d-5e41-4ed8-8e75-b4cb2edcf76e" />
      <TestMethod codeBase="C:\Projekty\xUnitTestProject\bin\Debug\netcoreapp3.1\xUnitTestProject.dll" adapterTypeName="executor://xunit/VsTestRunner2/netcoreapp" className="xUnitTestProject.CurrencyHelperTests" name="FormatToStringTest1000" />
    </UnitTest>
    <UnitTest name="xUnitTestProject.CurrencyHelperTests.FormatToStringTest1000(price: 67230.86250807665, expected: &quot;67230.86 zł&quot;)" storage="c:\projekty\xunittestproject\bin\debug\netcoreapp3.1\xunittestproject.dll" id="dfaf8cc8-6c50-9b2f-464a-6475c413ade9">
      <Execution id="70e7c874-1e8c-466f-bcbb-25559759e376" />
      <TestMethod codeBase="C:\Projekty\xUnitTestProject\bin\Debug\netcoreapp3.1\xUnitTestProject.dll" adapterTypeName="executor://xunit/VsTestRunner2/netcoreapp" className="xUnitTestProject.CurrencyHelperTests" name="FormatToStringTest1000" />
    </UnitTest>
    <UnitTest name="xUnitTestProject.CurrencyHelperTests.FormatToStringTest1000(price: 10641.263377953444, expected: &quot;10641.26 zł&quot;)" storage="c:\projekty\xunittestproject\bin\debug\netcoreapp3.1\xunittestproject.dll" id="2472258e-8be8-7772-0b75-b4a3d535f097">
      <Execution id="6f854778-4439-489a-b8ca-1ad615c92f8b" />
      <TestMethod codeBase="C:\Projekty\xUnitTestProject\bin\Debug\netcoreapp3.1\xUnitTestProject.dll" adapterTypeName="executor://xunit/VsTestRunner2/netcoreapp" className="xUnitTestProject.CurrencyHelperTests" name="FormatToStringTest1000" />
    </UnitTest>
    <UnitTest name="xUnitTestProject.CurrencyHelperTests.FormatToStringTest1000(price: 19210.519530370144, expected: &quot;19210.52 zł&quot;)" storage="c:\projekty\xunittestproject\bin\debug\netcoreapp3.1\xunittestproject.dll" id="33fd1dda-62a8-0bed-a4ce-731800ce94c0">
      <Execution id="0b9d5ac0-a558-4f1a-aad5-f63ea752e52b" />
      <TestMethod codeBase="C:\Projekty\xUnitTestProject\bin\Debug\netcoreapp3.1\xUnitTestProject.dll" adapterTypeName="executor://xunit/VsTestRunner2/netcoreapp" className="xUnitTestProject.CurrencyHelperTests" name="FormatToStringTest1000" />
    </UnitTest>
    <UnitTest name="xUnitTestProject.CurrencyHelperTests.FormatToStringTest1000(price: 38402.8293406753, expected: &quot;38402.83 zł&quot;)" storage="c:\projekty\xunittestproject\bin\debug\netcoreapp3.1\xunittestproject.dll" id="1d527cfe-7183-7ac1-a7ed-260bd5e5ccfa">
      <Execution id="69157009-0c5d-46fc-897e-d8f628fc17e8" />
      <TestMethod codeBase="C:\Projekty\xUnitTestProject\bin\Debug\netcoreapp3.1\xUnitTestProject.dll" adapterTypeName="executor://xunit/VsTestRunner2/netcoreapp" className="xUnitTestProject.CurrencyHelperTests" name="FormatToStringTest1000" />
    </UnitTest>
    <UnitTest name="xUnitTestProject.CurrencyHelperTests.FormatToStringTest1000(price: 43222.47958431695, expected: &quot;43222.48 zł&quot;)" storage="c:\projekty\xunittestproject\bin\debug\netcoreapp3.1\xunittestproject.dll" id="ab963705-3e28-cc1d-5bf1-a88ea216bc34">
      <Execution id="85f183f4-f518-402d-880a-dbbec5a79e11" />
      <TestMethod codeBase="C:\Projekty\xUnitTestProject\bin\Debug\netcoreapp3.1\xUnitTestProject.dll" adapterTypeName="executor://xunit/VsTestRunner2/netcoreapp" className="xUnitTestProject.CurrencyHelperTests" name="FormatToStringTest1000" />
    </UnitTest>
    <UnitTest name="xUnitTestProject.CurrencyHelperTests.FormatToStringTest1000(price: 16901.497392274203, expected: &quot;16901.50 zł&quot;)" storage="c:\projekty\xunittestproject\bin\debug\netcoreapp3.1\xunittestproject.dll" id="9100d9e1-967e-296d-c07b-a43969fad121">
      <Execution id="1cec55e5-7b5a-4e92-8be3-02cd238a2387" />
      <TestMethod codeBase="C:\Projekty\xUnitTestProject\bin\Debug\netcoreapp3.1\xUnitTestProject.dll" adapterTypeName="executor://xunit/VsTestRunner2/netcoreapp" className="xUnitTestProject.CurrencyHelperTests" name="FormatToStringTest1000" />
    </UnitTest>
    <UnitTest name="xUnitTestProject.CurrencyHelperTests.FormatToStringTest1000(price: 5108.217389855635, expected: &quot;5108.22 zł&quot;)" storage="c:\projekty\xunittestproject\bin\debug\netcoreapp3.1\xunittestproject.dll" id="8c128bb7-55c2-1507-f225-4df0c4a48630">
      <Execution id="b9627f27-3556-474c-a21f-52069a1f377d" />
      <TestMethod codeBase="C:\Projekty\xUnitTestProject\bin\Debug\netcoreapp3.1\xUnitTestProject.dll" adapterTypeName="executor://xunit/VsTestRunner2/netcoreapp" className="xUnitTestProject.CurrencyHelperTests" name="FormatToStringTest1000" />
    </UnitTest>
    <UnitTest name="xUnitTestProject.CurrencyHelperTests.FormatToStringTest1000(price: 17455.15807988595, expected: &quot;17455.16 zł&quot;)" storage="c:\projekty\xunittestproject\bin\debug\netcoreapp3.1\xunittestproject.dll" id="6dcc8842-a927-f371-cf06-32198da79abc">
      <Execution id="eb0d21de-7962-47b6-8640-62849753b036" />
      <TestMethod codeBase="C:\Projekty\xUnitTestProject\bin\Debug\netcoreapp3.1\xUnitTestProject.dll" adapterTypeName="executor://xunit/VsTestRunner2/netcoreapp" className="xUnitTestProject.CurrencyHelperTests" name="FormatToStringTest1000" />
    </UnitTest>
    <UnitTest name="xUnitTestProject.CurrencyHelperTests.FormatToStringTest1000(price: 11.555284778846096, expected: &quot;11.56 zł&quot;)" storage="c:\projekty\xunittestproject\bin\debug\netcoreapp3.1\xunittestproject.dll" id="d6af606e-af1d-b77f-4ce0-c1f6556a4ce0">
      <Execution id="6685e1ec-212c-4eb0-b3c6-8325278f947a" />
      <TestMethod codeBase="C:\Projekty\xUnitTestProject\bin\Debug\netcoreapp3.1\xUnitTestProject.dll" adapterTypeName="executor://xunit/VsTestRunner2/netcoreapp" className="xUnitTestProject.CurrencyHelperTests" name="FormatToStringTest1000" />
    </UnitTest>
    <UnitTest name="xUnitTestProject.CurrencyHelperTests.FormatToStringTest1000(price: 78796.90433980194, expected: &quot;78796.90 zł&quot;)" storage="c:\projekty\xunittestproject\bin\debug\netcoreapp3.1\xunittestproject.dll" id="24614531-2aef-39c0-ae03-729fa029c955">
      <Execution id="68a16dfd-5055-415e-88dc-30f1454b4b00" />
      <TestMethod codeBase="C:\Projekty\xUnitTestProject\bin\Debug\netcoreapp3.1\xUnitTestProject.dll" adapterTypeName="executor://xunit/VsTestRunner2/netcoreapp" className="xUnitTestProject.CurrencyHelperTests" name="FormatToStringTest1000" />
    </UnitTest>
    <UnitTest name="xUnitTestProject.CurrencyHelperTests.FormatToStringTest1000(price: 30360.993128030557, expected: &quot;30360.99 zł&quot;)" storage="c:\projekty\xunittestproject\bin\debug\netcoreapp3.1\xunittestproject.dll" id="9e564273-69a8-eaf4-221d-8cb7dd068c7d">
      <Execution id="ac2e42b9-d79d-4a49-bda5-4bc08981227e" />
      <TestMethod codeBase="C:\Projekty\xUnitTestProject\bin\Debug\netcoreapp3.1\xUnitTestProject.dll" adapterTypeName="executor://xunit/VsTestRunner2/netcoreapp" className="xUnitTestProject.CurrencyHelperTests" name="FormatToStringTest1000" />
    </UnitTest>
    <UnitTest name="xUnitTestProject.CurrencyHelperTests.FormatToStringTest1000(price: 2444.4726240530017, expected: &quot;2444.47 zł&quot;)" storage="c:\projekty\xunittestproject\bin\debug\netcoreapp3.1\xunittestproject.dll" id="45dd66f1-81ef-9e8c-d39f-69c657dd300a">
      <Execution id="10611882-fea5-4fab-9e23-f445c5f70929" />
      <TestMethod codeBase="C:\Projekty\xUnitTestProject\bin\Debug\netcoreapp3.1\xUnitTestProject.dll" adapterTypeName="executor://xunit/VsTestRunner2/netcoreapp" className="xUnitTestProject.CurrencyHelperTests" name="FormatToStringTest1000" />
    </UnitTest>
    <UnitTest name="xUnitTestProject.CurrencyHelperTests.FormatToStringTest1000(price: 19873.59831658453, expected: &quot;19873.60 zł&quot;)" storage="c:\projekty\xunittestproject\bin\debug\netcoreapp3.1\xunittestproject.dll" id="a3a08850-4a93-c030-f4e2-fdffe7d8b320">
      <Execution id="77a57fc4-f9de-4602-807c-b45a7e83db15" />
      <TestMethod codeBase="C:\Projekty\xUnitTestProject\bin\Debug\netcoreapp3.1\xUnitTestProject.dll" adapterTypeName="executor://xunit/VsTestRunner2/netcoreapp" className="xUnitTestProject.CurrencyHelperTests" name="FormatToStringTest1000" />
    </UnitTest>
    <UnitTest name="xUnitTestProject.CurrencyHelperTests.FormatToStringTest1000(price: 7592.950837113406, expected: &quot;7592.95 zł&quot;)" storage="c:\projekty\xunittestproject\bin\debug\netcoreapp3.1\xunittestproject.dll" id="2b8726cc-d2f8-9e6e-5458-ee24b8425f17">
      <Execution id="a9de9f9f-4106-4b7c-b768-e6963a8442d0" />
      <TestMethod codeBase="C:\Projekty\xUnitTestProject\bin\Debug\netcoreapp3.1\xUnitTestProject.dll" adapterTypeName="executor://xunit/VsTestRunner2/netcoreapp" className="xUnitTestProject.CurrencyHelperTests" name="FormatToStringTest1000" />
    </UnitTest>
    <UnitTest name="xUnitTestProject.CurrencyHelperTests.FormatToStringTest1000(price: 6820.105136090938, expected: &quot;6820.11 zł&quot;)" storage="c:\projekty\xunittestproject\bin\debug\netcoreapp3.1\xunittestproject.dll" id="83d8e74c-5bbb-efb0-37a0-7aa4cf469b8b">
      <Execution id="9fab8bc4-f2bd-47d4-a920-e33a20abd3d3" />
      <TestMethod codeBase="C:\Projekty\xUnitTestProject\bin\Debug\netcoreapp3.1\xUnitTestProject.dll" adapterTypeName="executor://xunit/VsTestRunner2/netcoreapp" className="xUnitTestProject.CurrencyHelperTests" name="FormatToStringTest1000" />
    </UnitTest>
    <UnitTest name="xUnitTestProject.CurrencyHelperTests.FormatToStringTest1000(price: 46607.970025941715, expected: &quot;46607.97 zł&quot;)" storage="c:\projekty\xunittestproject\bin\debug\netcoreapp3.1\xunittestproject.dll" id="71b5be91-6e3e-5890-08ca-57e68e3990bc">
      <Execution id="7de0cb5b-3368-464b-8451-e3625bc553b7" />
      <TestMethod codeBase="C:\Projekty\xUnitTestProject\bin\Debug\netcoreapp3.1\xUnitTestProject.dll" adapterTypeName="executor://xunit/VsTestRunner2/netcoreapp" className="xUnitTestProject.CurrencyHelperTests" name="FormatToStringTest1000" />
    </UnitTest>
    <UnitTest name="xUnitTestProject.CurrencyHelperTests.FormatToStringTest1000(price: 10066.059180456241, expected: &quot;10066.06 zł&quot;)" storage="c:\projekty\xunittestproject\bin\debug\netcoreapp3.1\xunittestproject.dll" id="f7bc8584-126a-bce9-5286-d35d3ce59a28">
      <Execution id="dbe71ddd-5207-417f-8f66-f0c8b3bb6866" />
      <TestMethod codeBase="C:\Projekty\xUnitTestProject\bin\Debug\netcoreapp3.1\xUnitTestProject.dll" adapterTypeName="executor://xunit/VsTestRunner2/netcoreapp" className="xUnitTestProject.CurrencyHelperTests" name="FormatToStringTest1000" />
    </UnitTest>
    <UnitTest name="xUnitTestProject.CurrencyHelperTests.FormatToStringTest1000(price: 20482.32969107308, expected: &quot;20482.33 zł&quot;)" storage="c:\projekty\xunittestproject\bin\debug\netcoreapp3.1\xunittestproject.dll" id="9612d6d4-5d3c-f9a6-943c-f09f8d38bf59">
      <Execution id="c126dafa-fea0-465d-9fa9-c197064389f8" />
      <TestMethod codeBase="C:\Projekty\xUnitTestProject\bin\Debug\netcoreapp3.1\xUnitTestProject.dll" adapterTypeName="executor://xunit/VsTestRunner2/netcoreapp" className="xUnitTestProject.CurrencyHelperTests" name="FormatToStringTest1000" />
    </UnitTest>
    <UnitTest name="xUnitTestProject.CurrencyHelperTests.FormatToStringTest1000(price: 15337.485230751097, expected: &quot;15337.49 zł&quot;)" storage="c:\projekty\xunittestproject\bin\debug\netcoreapp3.1\xunittestproject.dll" id="be135b72-4539-0e97-74d0-b204a763297e">
      <Execution id="2fd11606-de8a-42c7-a95c-1125a80511e7" />
      <TestMethod codeBase="C:\Projekty\xUnitTestProject\bin\Debug\netcoreapp3.1\xUnitTestProject.dll" adapterTypeName="executor://xunit/VsTestRunner2/netcoreapp" className="xUnitTestProject.CurrencyHelperTests" name="FormatToStringTest1000" />
    </UnitTest>
    <UnitTest name="xUnitTestProject.CurrencyHelperTests.FormatToStringTest1000(price: 9503.466049463705, expected: &quot;9503.47 zł&quot;)" storage="c:\projekty\xunittestproject\bin\debug\netcoreapp3.1\xunittestproject.dll" id="a1056dc3-d634-deb8-6537-d1daee422b62">
      <Execution id="5a6da757-8405-4cd1-9bc1-ce83c3fd1407" />
      <TestMethod codeBase="C:\Projekty\xUnitTestProject\bin\Debug\netcoreapp3.1\xUnitTestProject.dll" adapterTypeName="executor://xunit/VsTestRunner2/netcoreapp" className="xUnitTestProject.CurrencyHelperTests" name="FormatToStringTest1000" />
    </UnitTest>
    <UnitTest name="xUnitTestProject.CurrencyHelperTests.FormatToStringTest1000(price: 19208.676036795914, expected: &quot;19208.68 zł&quot;)" storage="c:\projekty\xunittestproject\bin\debug\netcoreapp3.1\xunittestproject.dll" id="e6b4d3a2-a83c-419f-8b42-b631077ac8fc">
      <Execution id="feea9f1f-5abc-4a7f-8d9c-475e4fcb5fd6" />
      <TestMethod codeBase="C:\Projekty\xUnitTestProject\bin\Debug\netcoreapp3.1\xUnitTestProject.dll" adapterTypeName="executor://xunit/VsTestRunner2/netcoreapp" className="xUnitTestProject.CurrencyHelperTests" name="FormatToStringTest1000" />
    </UnitTest>
    <UnitTest name="xUnitTestProject.CurrencyHelperTests.FormatToStringTest1000(price: 25908.345463821825, expected: &quot;25908.35 zł&quot;)" storage="c:\projekty\xunittestproject\bin\debug\netcoreapp3.1\xunittestproject.dll" id="4efa35ac-3125-a521-7208-253d92298a56">
      <Execution id="e2f9981f-c3da-430b-b915-4469d39551cb" />
      <TestMethod codeBase="C:\Projekty\xUnitTestProject\bin\Debug\netcoreapp3.1\xUnitTestProject.dll" adapterTypeName="executor://xunit/VsTestRunner2/netcoreapp" className="xUnitTestProject.CurrencyHelperTests" name="FormatToStringTest1000" />
    </UnitTest>
    <UnitTest name="xUnitTestProject.CurrencyHelperTests.FormatToStringTest1000(price: 58848.60825001477, expected: &quot;58848.61 zł&quot;)" storage="c:\projekty\xunittestproject\bin\debug\netcoreapp3.1\xunittestproject.dll" id="8dcae478-7176-db28-16c0-e91e0d918df3">
      <Execution id="7bf38e37-857f-42b4-91a5-a3fde98b82c5" />
      <TestMethod codeBase="C:\Projekty\xUnitTestProject\bin\Debug\netcoreapp3.1\xUnitTestProject.dll" adapterTypeName="executor://xunit/VsTestRunner2/netcoreapp" className="xUnitTestProject.CurrencyHelperTests" name="FormatToStringTest1000" />
    </UnitTest>
    <UnitTest name="xUnitTestProject.CurrencyHelperTests.FormatToStringTest1000(price: 14063.90676654871, expected: &quot;14063.91 zł&quot;)" storage="c:\projekty\xunittestproject\bin\debug\netcoreapp3.1\xunittestproject.dll" id="0ce41b19-5488-6227-82d4-578fa8558f1f">
      <Execution id="fa1ebe44-f4e5-4082-85a6-c2d536956474" />
      <TestMethod codeBase="C:\Projekty\xUnitTestProject\bin\Debug\netcoreapp3.1\xUnitTestProject.dll" adapterTypeName="executor://xunit/VsTestRunner2/netcoreapp" className="xUnitTestProject.CurrencyHelperTests" name="FormatToStringTest1000" />
    </UnitTest>
    <UnitTest name="xUnitTestProject.CurrencyHelperTests.FormatToStringTest1000(price: 38803.03958246253, expected: &quot;38803.04 zł&quot;)" storage="c:\projekty\xunittestproject\bin\debug\netcoreapp3.1\xunittestproject.dll" id="d1d304ec-d1a8-54dd-0ee3-d84b0c72b00c">
      <Execution id="e2c95f70-3935-4636-8f7d-383cfb1f3758" />
      <TestMethod codeBase="C:\Projekty\xUnitTestProject\bin\Debug\netcoreapp3.1\xUnitTestProject.dll" adapterTypeName="executor://xunit/VsTestRunner2/netcoreapp" className="xUnitTestProject.CurrencyHelperTests" name="FormatToStringTest1000" />
    </UnitTest>
    <UnitTest name="xUnitTestProject.CurrencyHelperTests.FormatToStringTest1000(price: 11181.228339251702, expected: &quot;11181.23 zł&quot;)" storage="c:\projekty\xunittestproject\bin\debug\netcoreapp3.1\xunittestproject.dll" id="caf33f47-4d9c-c378-9883-273199a79b1e">
      <Execution id="b1237171-af81-4723-abf7-f570ff7f73ee" />
      <TestMethod codeBase="C:\Projekty\xUnitTestProject\bin\Debug\netcoreapp3.1\xUnitTestProject.dll" adapterTypeName="executor://xunit/VsTestRunner2/netcoreapp" className="xUnitTestProject.CurrencyHelperTests" name="FormatToStringTest1000" />
    </UnitTest>
    <UnitTest name="xUnitTestProject.CurrencyHelperTests.FormatToStringTest1000(price: 19882.647973500494, expected: &quot;19882.65 zł&quot;)" storage="c:\projekty\xunittestproject\bin\debug\netcoreapp3.1\xunittestproject.dll" id="990c6bd9-75e3-e712-66e8-1d0bc8aed91c">
      <Execution id="69793d50-3cb9-4b61-84b5-4243137d7547" />
      <TestMethod codeBase="C:\Projekty\xUnitTestProject\bin\Debug\netcoreapp3.1\xUnitTestProject.dll" adapterTypeName="executor://xunit/VsTestRunner2/netcoreapp" className="xUnitTestProject.CurrencyHelperTests" name="FormatToStringTest1000" />
    </UnitTest>
    <UnitTest name="xUnitTestProject.CurrencyHelperTests.FormatToStringTest1000(price: 28861.97337596769, expected: &quot;28861.97 zł&quot;)" storage="c:\projekty\xunittestproject\bin\debug\netcoreapp3.1\xunittestproject.dll" id="fdef4ad6-20d8-042a-63d8-5826de557b18">
      <Execution id="7e162061-6cab-418a-94b6-726386d6dd69" />
      <TestMethod codeBase="C:\Projekty\xUnitTestProject\bin\Debug\netcoreapp3.1\xUnitTestProject.dll" adapterTypeName="executor://xunit/VsTestRunner2/netcoreapp" className="xUnitTestProject.CurrencyHelperTests" name="FormatToStringTest1000" />
    </UnitTest>
    <UnitTest name="xUnitTestProject.CurrencyHelperTests.FormatToStringTest1000(price: 24566.50251371856, expected: &quot;24566.50 zł&quot;)" storage="c:\projekty\xunittestproject\bin\debug\netcoreapp3.1\xunittestproject.dll" id="5987d0c7-7679-adcc-a7d5-76af40a4f7f5">
      <Execution id="24e7afec-590b-4e2a-bd11-cd93caea5ba1" />
      <TestMethod codeBase="C:\Projekty\xUnitTestProject\bin\Debug\netcoreapp3.1\xUnitTestProject.dll" adapterTypeName="executor://xunit/VsTestRunner2/netcoreapp" className="xUnitTestProject.CurrencyHelperTests" name="FormatToStringTest1000" />
    </UnitTest>
    <UnitTest name="xUnitTestProject.CurrencyHelperTests.FormatToStringTest1000(price: 58191.92113629585, expected: &quot;58191.92 zł&quot;)" storage="c:\projekty\xunittestproject\bin\debug\netcoreapp3.1\xunittestproject.dll" id="f2b68a15-ef7c-c26b-ffdd-eb9ae7067bca">
      <Execution id="8f753010-35e6-4f28-ad7e-2fa5def8557c" />
      <TestMethod codeBase="C:\Projekty\xUnitTestProject\bin\Debug\netcoreapp3.1\xUnitTestProject.dll" adapterTypeName="executor://xunit/VsTestRunner2/netcoreapp" className="xUnitTestProject.CurrencyHelperTests" name="FormatToStringTest1000" />
    </UnitTest>
    <UnitTest name="xUnitTestProject.CurrencyHelperTests.FormatToStringTest1000(price: 2751.3751475258614, expected: &quot;2751.38 zł&quot;)" storage="c:\projekty\xunittestproject\bin\debug\netcoreapp3.1\xunittestproject.dll" id="8f93d79c-66e7-77f7-7d43-554a5055be47">
      <Execution id="2f4871a8-ba36-47b1-913d-045d6a8152cb" />
      <TestMethod codeBase="C:\Projekty\xUnitTestProject\bin\Debug\netcoreapp3.1\xUnitTestProject.dll" adapterTypeName="executor://xunit/VsTestRunner2/netcoreapp" className="xUnitTestProject.CurrencyHelperTests" name="FormatToStringTest1000" />
    </UnitTest>
    <UnitTest name="xUnitTestProject.CurrencyHelperTests.FormatToStringTest1000(price: 3195.202943510936, expected: &quot;3195.20 zł&quot;)" storage="c:\projekty\xunittestproject\bin\debug\netcoreapp3.1\xunittestproject.dll" id="67b93cbf-4a61-71bd-d4ce-d603f3c3b311">
      <Execution id="d37ea7e8-82e4-4c17-b6cf-74d817ebf5c5" />
      <TestMethod codeBase="C:\Projekty\xUnitTestProject\bin\Debug\netcoreapp3.1\xUnitTestProject.dll" adapterTypeName="executor://xunit/VsTestRunner2/netcoreapp" className="xUnitTestProject.CurrencyHelperTests" name="FormatToStringTest1000" />
    </UnitTest>
    <UnitTest name="xUnitTestProject.CurrencyHelperTests.FormatToStringTest1000(price: 26133.133789601336, expected: &quot;26133.13 zł&quot;)" storage="c:\projekty\xunittestproject\bin\debug\netcoreapp3.1\xunittestproject.dll" id="bfee474b-216b-2c15-15a7-0adadfd388fb">
      <Execution id="323bd8ec-dd7f-4078-bcbc-a3e45c85eea4" />
      <TestMethod codeBase="C:\Projekty\xUnitTestProject\bin\Debug\netcoreapp3.1\xUnitTestProject.dll" adapterTypeName="executor://xunit/VsTestRunner2/netcoreapp" className="xUnitTestProject.CurrencyHelperTests" name="FormatToStringTest1000" />
    </UnitTest>
    <UnitTest name="xUnitTestProject.CurrencyHelperTests.FormatToStringTest1000(price: 37.631227987646696, expected: &quot;37.63 zł&quot;)" storage="c:\projekty\xunittestproject\bin\debug\netcoreapp3.1\xunittestproject.dll" id="647d0f12-f39c-4459-8e85-bad3059c7bbf">
      <Execution id="3880c5d6-7689-46df-8e5c-d1e89874223d" />
      <TestMethod codeBase="C:\Projekty\xUnitTestProject\bin\Debug\netcoreapp3.1\xUnitTestProject.dll" adapterTypeName="executor://xunit/VsTestRunner2/netcoreapp" className="xUnitTestProject.CurrencyHelperTests" name="FormatToStringTest1000" />
    </UnitTest>
    <UnitTest name="xUnitTestProject.CurrencyHelperTests.FormatToStringTest1000(price: 19392.945535027862, expected: &quot;19392.95 zł&quot;)" storage="c:\projekty\xunittestproject\bin\debug\netcoreapp3.1\xunittestproject.dll" id="b9aabaf1-a1cb-6124-f2ee-69eb1bbe949b">
      <Execution id="35bcce18-aa74-4431-8064-f0162fa69086" />
      <TestMethod codeBase="C:\Projekty\xUnitTestProject\bin\Debug\netcoreapp3.1\xUnitTestProject.dll" adapterTypeName="executor://xunit/VsTestRunner2/netcoreapp" className="xUnitTestProject.CurrencyHelperTests" name="FormatToStringTest1000" />
    </UnitTest>
    <UnitTest name="xUnitTestProject.CurrencyHelperTests.FormatToStringTest1000(price: 16030.852371789913, expected: &quot;16030.85 zł&quot;)" storage="c:\projekty\xunittestproject\bin\debug\netcoreapp3.1\xunittestproject.dll" id="48499d12-acd9-8513-1f00-a2b49278b2fc">
      <Execution id="05a1cc09-1c5c-4f24-864d-b42f4332cde7" />
      <TestMethod codeBase="C:\Projekty\xUnitTestProject\bin\Debug\netcoreapp3.1\xUnitTestProject.dll" adapterTypeName="executor://xunit/VsTestRunner2/netcoreapp" className="xUnitTestProject.CurrencyHelperTests" name="FormatToStringTest1000" />
    </UnitTest>
    <UnitTest name="xUnitTestProject.CurrencyHelperTests.FormatToStringTest1000(price: 14035.12972514477, expected: &quot;14035.13 zł&quot;)" storage="c:\projekty\xunittestproject\bin\debug\netcoreapp3.1\xunittestproject.dll" id="d4b7a26e-ed5a-1e37-a00a-e21284ce265b">
      <Execution id="cf14dcd5-39e9-4cbf-b4ea-4b7a381ab7ec" />
      <TestMethod codeBase="C:\Projekty\xUnitTestProject\bin\Debug\netcoreapp3.1\xUnitTestProject.dll" adapterTypeName="executor://xunit/VsTestRunner2/netcoreapp" className="xUnitTestProject.CurrencyHelperTests" name="FormatToStringTest1000" />
    </UnitTest>
    <UnitTest name="xUnitTestProject.CurrencyHelperTests.FormatToStringTest1000(price: 8644.187977380207, expected: &quot;8644.19 zł&quot;)" storage="c:\projekty\xunittestproject\bin\debug\netcoreapp3.1\xunittestproject.dll" id="83240b81-a0ee-d801-c63e-6e722955f2f1">
      <Execution id="b2084157-20c3-4b9a-884f-88a7ee6790de" />
      <TestMethod codeBase="C:\Projekty\xUnitTestProject\bin\Debug\netcoreapp3.1\xUnitTestProject.dll" adapterTypeName="executor://xunit/VsTestRunner2/netcoreapp" className="xUnitTestProject.CurrencyHelperTests" name="FormatToStringTest1000" />
    </UnitTest>
    <UnitTest name="xUnitTestProject.CurrencyHelperTests.FormatToStringTest1000(price: 23023.74724929768, expected: &quot;23023.75 zł&quot;)" storage="c:\projekty\xunittestproject\bin\debug\netcoreapp3.1\xunittestproject.dll" id="58fbd806-2ce4-1de9-b5f6-010d0ee1cbfa">
      <Execution id="25f18cec-b60a-4d4c-bee7-d2498381dbaf" />
      <TestMethod codeBase="C:\Projekty\xUnitTestProject\bin\Debug\netcoreapp3.1\xUnitTestProject.dll" adapterTypeName="executor://xunit/VsTestRunner2/netcoreapp" className="xUnitTestProject.CurrencyHelperTests" name="FormatToStringTest1000" />
    </UnitTest>
    <UnitTest name="xUnitTestProject.CurrencyHelperTests.FormatToStringTest1000(price: 835.1578487740633, expected: &quot;835.16 zł&quot;)" storage="c:\projekty\xunittestproject\bin\debug\netcoreapp3.1\xunittestproject.dll" id="c9fc2c85-cd6b-22aa-0e63-9afbfb8c152b">
      <Execution id="efc9de8f-2839-4123-a39b-226559592ad0" />
      <TestMethod codeBase="C:\Projekty\xUnitTestProject\bin\Debug\netcoreapp3.1\xUnitTestProject.dll" adapterTypeName="executor://xunit/VsTestRunner2/netcoreapp" className="xUnitTestProject.CurrencyHelperTests" name="FormatToStringTest1000" />
    </UnitTest>
    <UnitTest name="xUnitTestProject.CurrencyHelperTests.FormatToStringTest1000(price: 22017.250119325356, expected: &quot;22017.25 zł&quot;)" storage="c:\projekty\xunittestproject\bin\debug\netcoreapp3.1\xunittestproject.dll" id="181c235a-8f4f-6777-859c-d2eff1a2ae91">
      <Execution id="56262f6e-6551-4465-b0c5-6c03b1831204" />
      <TestMethod codeBase="C:\Projekty\xUnitTestProject\bin\Debug\netcoreapp3.1\xUnitTestProject.dll" adapterTypeName="executor://xunit/VsTestRunner2/netcoreapp" className="xUnitTestProject.CurrencyHelperTests" name="FormatToStringTest1000" />
    </UnitTest>
    <UnitTest name="xUnitTestProject.CurrencyHelperTests.FormatToStringTest1000(price: 115.26302841131717, expected: &quot;115.26 zł&quot;)" storage="c:\projekty\xunittestproject\bin\debug\netcoreapp3.1\xunittestproject.dll" id="5d30b17d-1a70-2e78-f289-4e82f0d205e6">
      <Execution id="f26e0836-260d-4476-bcf2-193edbd70ef4" />
      <TestMethod codeBase="C:\Projekty\xUnitTestProject\bin\Debug\netcoreapp3.1\xUnitTestProject.dll" adapterTypeName="executor://xunit/VsTestRunner2/netcoreapp" className="xUnitTestProject.CurrencyHelperTests" name="FormatToStringTest1000" />
    </UnitTest>
    <UnitTest name="xUnitTestProject.CurrencyHelperTests.FormatToStringTest1000(price: 14172.682747822573, expected: &quot;14172.68 zł&quot;)" storage="c:\projekty\xunittestproject\bin\debug\netcoreapp3.1\xunittestproject.dll" id="fdb8f5e8-aebb-9f4d-e956-1151e0f88117">
      <Execution id="0e8e749b-b61e-45a4-ba6c-5494a7bf71ac" />
      <TestMethod codeBase="C:\Projekty\xUnitTestProject\bin\Debug\netcoreapp3.1\xUnitTestProject.dll" adapterTypeName="executor://xunit/VsTestRunner2/netcoreapp" className="xUnitTestProject.CurrencyHelperTests" name="FormatToStringTest1000" />
    </UnitTest>
    <UnitTest name="xUnitTestProject.CurrencyHelperTests.FormatToStringTest1000(price: 918.1842976688334, expected: &quot;918.18 zł&quot;)" storage="c:\projekty\xunittestproject\bin\debug\netcoreapp3.1\xunittestproject.dll" id="e3eba5d2-93a0-e22e-731e-ed52218ff16c">
      <Execution id="1a9a1fc7-a5ac-4a37-acc4-6f2ba4256261" />
      <TestMethod codeBase="C:\Projekty\xUnitTestProject\bin\Debug\netcoreapp3.1\xUnitTestProject.dll" adapterTypeName="executor://xunit/VsTestRunner2/netcoreapp" className="xUnitTestProject.CurrencyHelperTests" name="FormatToStringTest1000" />
    </UnitTest>
    <UnitTest name="xUnitTestProject.CurrencyHelperTests.FormatToStringTest1000(price: 34021.1384072961, expected: &quot;34021.14 zł&quot;)" storage="c:\projekty\xunittestproject\bin\debug\netcoreapp3.1\xunittestproject.dll" id="6c083eac-7cf7-3a47-1845-0ff85783e0c1">
      <Execution id="35e7d014-117f-4674-90e8-ed2186773cc7" />
      <TestMethod codeBase="C:\Projekty\xUnitTestProject\bin\Debug\netcoreapp3.1\xUnitTestProject.dll" adapterTypeName="executor://xunit/VsTestRunner2/netcoreapp" className="xUnitTestProject.CurrencyHelperTests" name="FormatToStringTest1000" />
    </UnitTest>
    <UnitTest name="xUnitTestProject.CurrencyHelperTests.FormatToStringTest1000(price: 1799.2562459103092, expected: &quot;1799.26 zł&quot;)" storage="c:\projekty\xunittestproject\bin\debug\netcoreapp3.1\xunittestproject.dll" id="86ad28ff-91bc-6dfc-4b29-d680c9d331eb">
      <Execution id="1ecf0c21-cfe6-4aa0-bdec-43a5d904d60c" />
      <TestMethod codeBase="C:\Projekty\xUnitTestProject\bin\Debug\netcoreapp3.1\xUnitTestProject.dll" adapterTypeName="executor://xunit/VsTestRunner2/netcoreapp" className="xUnitTestProject.CurrencyHelperTests" name="FormatToStringTest1000" />
    </UnitTest>
    <UnitTest name="xUnitTestProject.CurrencyHelperTests.FormatToStringTest1000(price: 30034.922435005625, expected: &quot;30034.92 zł&quot;)" storage="c:\projekty\xunittestproject\bin\debug\netcoreapp3.1\xunittestproject.dll" id="bfe24180-c0ac-b24a-c731-fe26d6138983">
      <Execution id="7d188e1f-5de8-427f-aad0-e264815a9e25" />
      <TestMethod codeBase="C:\Projekty\xUnitTestProject\bin\Debug\netcoreapp3.1\xUnitTestProject.dll" adapterTypeName="executor://xunit/VsTestRunner2/netcoreapp" className="xUnitTestProject.CurrencyHelperTests" name="FormatToStringTest1000" />
    </UnitTest>
    <UnitTest name="xUnitTestProject.CurrencyHelperTests.FormatToStringTest1000(price: 15742.409864349947, expected: &quot;15742.41 zł&quot;)" storage="c:\projekty\xunittestproject\bin\debug\netcoreapp3.1\xunittestproject.dll" id="4d5be905-ae12-4fb4-1d65-7b8d91a9be3a">
      <Execution id="59c8cbb3-be6f-46d8-a719-533afe2c9500" />
      <TestMethod codeBase="C:\Projekty\xUnitTestProject\bin\Debug\netcoreapp3.1\xUnitTestProject.dll" adapterTypeName="executor://xunit/VsTestRunner2/netcoreapp" className="xUnitTestProject.CurrencyHelperTests" name="FormatToStringTest1000" />
    </UnitTest>
    <UnitTest name="xUnitTestProject.CurrencyHelperTests.FormatToStringTest1000(price: 1187.8237780126854, expected: &quot;1187.82 zł&quot;)" storage="c:\projekty\xunittestproject\bin\debug\netcoreapp3.1\xunittestproject.dll" id="b9b36c19-155c-ac46-851c-623393903657">
      <Execution id="67554363-614d-4c92-b9f6-57025f7274bb" />
      <TestMethod codeBase="C:\Projekty\xUnitTestProject\bin\Debug\netcoreapp3.1\xUnitTestProject.dll" adapterTypeName="executor://xunit/VsTestRunner2/netcoreapp" className="xUnitTestProject.CurrencyHelperTests" name="FormatToStringTest1000" />
    </UnitTest>
    <UnitTest name="xUnitTestProject.CurrencyHelperTests.FormatToStringTest1000(price: 21221.884746198488, expected: &quot;21221.88 zł&quot;)" storage="c:\projekty\xunittestproject\bin\debug\netcoreapp3.1\xunittestproject.dll" id="d0528706-3be3-396a-77f7-4d1c86caa17a">
      <Execution id="609fac86-4779-400e-bb9a-73b608f9aa78" />
      <TestMethod codeBase="C:\Projekty\xUnitTestProject\bin\Debug\netcoreapp3.1\xUnitTestProject.dll" adapterTypeName="executor://xunit/VsTestRunner2/netcoreapp" className="xUnitTestProject.CurrencyHelperTests" name="FormatToStringTest1000" />
    </UnitTest>
    <UnitTest name="xUnitTestProject.CurrencyHelperTests.FormatToStringTest1000(price: 47964.941885361884, expected: &quot;47964.94 zł&quot;)" storage="c:\projekty\xunittestproject\bin\debug\netcoreapp3.1\xunittestproject.dll" id="56eb6a9f-6cb4-2abe-d7ee-7e044f42c842">
      <Execution id="25f9d1d0-e3f5-4314-b19e-e85032e54e48" />
      <TestMethod codeBase="C:\Projekty\xUnitTestProject\bin\Debug\netcoreapp3.1\xUnitTestProject.dll" adapterTypeName="executor://xunit/VsTestRunner2/netcoreapp" className="xUnitTestProject.CurrencyHelperTests" name="FormatToStringTest1000" />
    </UnitTest>
    <UnitTest name="xUnitTestProject.CurrencyHelperTests.FormatToStringTest1000(price: 64490.52771614982, expected: &quot;64490.53 zł&quot;)" storage="c:\projekty\xunittestproject\bin\debug\netcoreapp3.1\xunittestproject.dll" id="a9730862-4522-ad92-1efa-cb822a9c946d">
      <Execution id="43b79df8-418e-41a0-ac7c-43313a94ca8d" />
      <TestMethod codeBase="C:\Projekty\xUnitTestProject\bin\Debug\netcoreapp3.1\xUnitTestProject.dll" adapterTypeName="executor://xunit/VsTestRunner2/netcoreapp" className="xUnitTestProject.CurrencyHelperTests" name="FormatToStringTest1000" />
    </UnitTest>
    <UnitTest name="xUnitTestProject.CurrencyHelperTests.FormatToStringTest1000(price: 12949.590713378317, expected: &quot;12949.59 zł&quot;)" storage="c:\projekty\xunittestproject\bin\debug\netcoreapp3.1\xunittestproject.dll" id="f962f016-220b-dd5b-3c75-15629456e786">
      <Execution id="1ea683a9-4781-424f-93ca-b2dfab4bcfa3" />
      <TestMethod codeBase="C:\Projekty\xUnitTestProject\bin\Debug\netcoreapp3.1\xUnitTestProject.dll" adapterTypeName="executor://xunit/VsTestRunner2/netcoreapp" className="xUnitTestProject.CurrencyHelperTests" name="FormatToStringTest1000" />
    </UnitTest>
    <UnitTest name="xUnitTestProject.CurrencyHelperTests.FormatToStringTest1000(price: 15414.175096961751, expected: &quot;15414.18 zł&quot;)" storage="c:\projekty\xunittestproject\bin\debug\netcoreapp3.1\xunittestproject.dll" id="6bf29abc-b7d1-2681-6ab5-01a37d1208f2">
      <Execution id="9f5898de-8884-4953-8ee5-67661a568c72" />
      <TestMethod codeBase="C:\Projekty\xUnitTestProject\bin\Debug\netcoreapp3.1\xUnitTestProject.dll" adapterTypeName="executor://xunit/VsTestRunner2/netcoreapp" className="xUnitTestProject.CurrencyHelperTests" name="FormatToStringTest1000" />
    </UnitTest>
    <UnitTest name="xUnitTestProject.CurrencyHelperTests.FormatToStringTest1000(price: 11624.834848273003, expected: &quot;11624.83 zł&quot;)" storage="c:\projekty\xunittestproject\bin\debug\netcoreapp3.1\xunittestproject.dll" id="eb1e2ccd-822e-57b0-f5e5-7fc8ed277803">
      <Execution id="e6c11a94-bd5c-45e9-b41a-ff4d8118c92c" />
      <TestMethod codeBase="C:\Projekty\xUnitTestProject\bin\Debug\netcoreapp3.1\xUnitTestProject.dll" adapterTypeName="executor://xunit/VsTestRunner2/netcoreapp" className="xUnitTestProject.CurrencyHelperTests" name="FormatToStringTest1000" />
    </UnitTest>
    <UnitTest name="xUnitTestProject.CurrencyHelperTests.FormatToStringTest1000(price: 75162.39407669863, expected: &quot;75162.39 zł&quot;)" storage="c:\projekty\xunittestproject\bin\debug\netcoreapp3.1\xunittestproject.dll" id="9b9cb762-c5b9-fbcf-33f7-2ca2d3e98b42">
      <Execution id="00fd462d-64dd-4325-926c-6885126e38e1" />
      <TestMethod codeBase="C:\Projekty\xUnitTestProject\bin\Debug\netcoreapp3.1\xUnitTestProject.dll" adapterTypeName="executor://xunit/VsTestRunner2/netcoreapp" className="xUnitTestProject.CurrencyHelperTests" name="FormatToStringTest1000" />
    </UnitTest>
    <UnitTest name="xUnitTestProject.CurrencyHelperTests.FormatToStringTest1000(price: 1549.6599114973376, expected: &quot;1549.66 zł&quot;)" storage="c:\projekty\xunittestproject\bin\debug\netcoreapp3.1\xunittestproject.dll" id="594ca00d-02cf-07de-ca25-0d701d72a0a6">
      <Execution id="1a43efcc-b0b2-4d6f-bd34-c2b58e7afff8" />
      <TestMethod codeBase="C:\Projekty\xUnitTestProject\bin\Debug\netcoreapp3.1\xUnitTestProject.dll" adapterTypeName="executor://xunit/VsTestRunner2/netcoreapp" className="xUnitTestProject.CurrencyHelperTests" name="FormatToStringTest1000" />
    </UnitTest>
    <UnitTest name="xUnitTestProject.CurrencyHelperTests.FormatToStringTest1000(price: 7396.940188290057, expected: &quot;7396.94 zł&quot;)" storage="c:\projekty\xunittestproject\bin\debug\netcoreapp3.1\xunittestproject.dll" id="d13187c3-6513-b7ca-7370-507380fe2c88">
      <Execution id="e85337ee-18aa-48d5-b122-723a6b8407bb" />
      <TestMethod codeBase="C:\Projekty\xUnitTestProject\bin\Debug\netcoreapp3.1\xUnitTestProject.dll" adapterTypeName="executor://xunit/VsTestRunner2/netcoreapp" className="xUnitTestProject.CurrencyHelperTests" name="FormatToStringTest1000" />
    </UnitTest>
    <UnitTest name="xUnitTestProject.CurrencyHelperTests.FormatToStringTest1000(price: 50339.31259969497, expected: &quot;50339.31 zł&quot;)" storage="c:\projekty\xunittestproject\bin\debug\netcoreapp3.1\xunittestproject.dll" id="80d3734c-ba9f-0770-a478-3dd6f9b70cb0">
      <Execution id="0b2795b4-0372-4dcb-a020-872ce3ff9a11" />
      <TestMethod codeBase="C:\Projekty\xUnitTestProject\bin\Debug\netcoreapp3.1\xUnitTestProject.dll" adapterTypeName="executor://xunit/VsTestRunner2/netcoreapp" className="xUnitTestProject.CurrencyHelperTests" name="FormatToStringTest1000" />
    </UnitTest>
    <UnitTest name="xUnitTestProject.CurrencyHelperTests.FormatToStringTest1000(price: 25036.98767214035, expected: &quot;25036.99 zł&quot;)" storage="c:\projekty\xunittestproject\bin\debug\netcoreapp3.1\xunittestproject.dll" id="5a63deb4-703f-d2ca-862c-112038163809">
      <Execution id="365e0c09-54b4-4877-924a-3d41f5ff14cc" />
      <TestMethod codeBase="C:\Projekty\xUnitTestProject\bin\Debug\netcoreapp3.1\xUnitTestProject.dll" adapterTypeName="executor://xunit/VsTestRunner2/netcoreapp" className="xUnitTestProject.CurrencyHelperTests" name="FormatToStringTest1000" />
    </UnitTest>
    <UnitTest name="xUnitTestProject.CurrencyHelperTests.FormatToStringTest1000(price: 13286.856387228174, expected: &quot;13286.86 zł&quot;)" storage="c:\projekty\xunittestproject\bin\debug\netcoreapp3.1\xunittestproject.dll" id="8181cd4b-8454-73ed-8ced-01a1dc2b25c3">
      <Execution id="379b8ab1-4deb-49e8-8cd2-1a8f37c95932" />
      <TestMethod codeBase="C:\Projekty\xUnitTestProject\bin\Debug\netcoreapp3.1\xUnitTestProject.dll" adapterTypeName="executor://xunit/VsTestRunner2/netcoreapp" className="xUnitTestProject.CurrencyHelperTests" name="FormatToStringTest1000" />
    </UnitTest>
    <UnitTest name="xUnitTestProject.CurrencyHelperTests.FormatToStringTest1000(price: 22197.731451777618, expected: &quot;22197.73 zł&quot;)" storage="c:\projekty\xunittestproject\bin\debug\netcoreapp3.1\xunittestproject.dll" id="bfdd6bca-a34f-47f5-eae8-5d12e496bd00">
      <Execution id="e9e6ee9e-792d-4df9-a5f3-1975af5ac87c" />
      <TestMethod codeBase="C:\Projekty\xUnitTestProject\bin\Debug\netcoreapp3.1\xUnitTestProject.dll" adapterTypeName="executor://xunit/VsTestRunner2/netcoreapp" className="xUnitTestProject.CurrencyHelperTests" name="FormatToStringTest1000" />
    </UnitTest>
    <UnitTest name="xUnitTestProject.CurrencyHelperTests.FormatToStringTest1000(price: 31424.298858482067, expected: &quot;31424.30 zł&quot;)" storage="c:\projekty\xunittestproject\bin\debug\netcoreapp3.1\xunittestproject.dll" id="06022d11-491a-4f0d-4482-3457e9003d33">
      <Execution id="8fe9b705-e36f-4718-b446-556f5801206c" />
      <TestMethod codeBase="C:\Projekty\xUnitTestProject\bin\Debug\netcoreapp3.1\xUnitTestProject.dll" adapterTypeName="executor://xunit/VsTestRunner2/netcoreapp" className="xUnitTestProject.CurrencyHelperTests" name="FormatToStringTest1000" />
    </UnitTest>
    <UnitTest name="xUnitTestProject.CurrencyHelperTests.FormatToStringTest1000(price: 32732.81915128502, expected: &quot;32732.82 zł&quot;)" storage="c:\projekty\xunittestproject\bin\debug\netcoreapp3.1\xunittestproject.dll" id="b6d907a4-489e-cb15-8555-a5c35fcc0ce1">
      <Execution id="8341e30a-a108-4bd9-bf16-36c2d4d936eb" />
      <TestMethod codeBase="C:\Projekty\xUnitTestProject\bin\Debug\netcoreapp3.1\xUnitTestProject.dll" adapterTypeName="executor://xunit/VsTestRunner2/netcoreapp" className="xUnitTestProject.CurrencyHelperTests" name="FormatToStringTest1000" />
    </UnitTest>
    <UnitTest name="xUnitTestProject.CurrencyHelperTests.FormatToStringTest1000(price: 29508.077101491428, expected: &quot;29508.08 zł&quot;)" storage="c:\projekty\xunittestproject\bin\debug\netcoreapp3.1\xunittestproject.dll" id="c1457a00-5932-b692-d468-5af96619c895">
      <Execution id="067a00da-8c21-4923-97d4-0c504e3967e6" />
      <TestMethod codeBase="C:\Projekty\xUnitTestProject\bin\Debug\netcoreapp3.1\xUnitTestProject.dll" adapterTypeName="executor://xunit/VsTestRunner2/netcoreapp" className="xUnitTestProject.CurrencyHelperTests" name="FormatToStringTest1000" />
    </UnitTest>
    <UnitTest name="xUnitTestProject.CurrencyHelperTests.FormatToStringTest1000(price: 386.358918903097, expected: &quot;386.36 zł&quot;)" storage="c:\projekty\xunittestproject\bin\debug\netcoreapp3.1\xunittestproject.dll" id="cb9f49fb-58b9-06a6-2d40-6492ed02487d">
      <Execution id="0947fcfb-20c7-405a-b558-28fd158bb0d3" />
      <TestMethod codeBase="C:\Projekty\xUnitTestProject\bin\Debug\netcoreapp3.1\xUnitTestProject.dll" adapterTypeName="executor://xunit/VsTestRunner2/netcoreapp" className="xUnitTestProject.CurrencyHelperTests" name="FormatToStringTest1000" />
    </UnitTest>
    <UnitTest name="xUnitTestProject.CurrencyHelperTests.FormatToStringTest1000(price: 21961.272673999552, expected: &quot;21961.27 zł&quot;)" storage="c:\projekty\xunittestproject\bin\debug\netcoreapp3.1\xunittestproject.dll" id="8e957c61-833e-a0b8-17c9-5e56071d3f70">
      <Execution id="ff1e2719-ac1c-4cbf-92b3-87265be78db3" />
      <TestMethod codeBase="C:\Projekty\xUnitTestProject\bin\Debug\netcoreapp3.1\xUnitTestProject.dll" adapterTypeName="executor://xunit/VsTestRunner2/netcoreapp" className="xUnitTestProject.CurrencyHelperTests" name="FormatToStringTest1000" />
    </UnitTest>
    <UnitTest name="xUnitTestProject.CurrencyHelperTests.FormatToStringTest1000(price: 47575.6421269959, expected: &quot;47575.64 zł&quot;)" storage="c:\projekty\xunittestproject\bin\debug\netcoreapp3.1\xunittestproject.dll" id="5ba87170-b4be-88ce-9658-2993ce18ab0a">
      <Execution id="92da02f6-c389-471c-8e39-57d98ada020b" />
      <TestMethod codeBase="C:\Projekty\xUnitTestProject\bin\Debug\netcoreapp3.1\xUnitTestProject.dll" adapterTypeName="executor://xunit/VsTestRunner2/netcoreapp" className="xUnitTestProject.CurrencyHelperTests" name="FormatToStringTest1000" />
    </UnitTest>
    <UnitTest name="xUnitTestProject.CurrencyHelperTests.FormatToStringTest1000(price: 12283.48626129026, expected: &quot;12283.49 zł&quot;)" storage="c:\projekty\xunittestproject\bin\debug\netcoreapp3.1\xunittestproject.dll" id="73d2aaa8-ac83-ede5-fed4-5dcf1194783f">
      <Execution id="4427834c-6076-45a9-a839-6010ea449c02" />
      <TestMethod codeBase="C:\Projekty\xUnitTestProject\bin\Debug\netcoreapp3.1\xUnitTestProject.dll" adapterTypeName="executor://xunit/VsTestRunner2/netcoreapp" className="xUnitTestProject.CurrencyHelperTests" name="FormatToStringTest1000" />
    </UnitTest>
    <UnitTest name="xUnitTestProject.CurrencyHelperTests.FormatToStringTest1000(price: 16688.70569393677, expected: &quot;16688.71 zł&quot;)" storage="c:\projekty\xunittestproject\bin\debug\netcoreapp3.1\xunittestproject.dll" id="e6d7e4bb-8f4e-56e2-712f-a2453f4d8f71">
      <Execution id="4381c1f4-ddeb-46fa-972c-7df3b4456cc7" />
      <TestMethod codeBase="C:\Projekty\xUnitTestProject\bin\Debug\netcoreapp3.1\xUnitTestProject.dll" adapterTypeName="executor://xunit/VsTestRunner2/netcoreapp" className="xUnitTestProject.CurrencyHelperTests" name="FormatToStringTest1000" />
    </UnitTest>
    <UnitTest name="xUnitTestProject.CurrencyHelperTests.FormatToStringTest1000(price: 26174.290999793586, expected: &quot;26174.29 zł&quot;)" storage="c:\projekty\xunittestproject\bin\debug\netcoreapp3.1\xunittestproject.dll" id="4b152625-d247-2206-1bc2-f59ef3dda4ef">
      <Execution id="1faec1a3-4989-4145-9c03-2164a16c8e61" />
      <TestMethod codeBase="C:\Projekty\xUnitTestProject\bin\Debug\netcoreapp3.1\xUnitTestProject.dll" adapterTypeName="executor://xunit/VsTestRunner2/netcoreapp" className="xUnitTestProject.CurrencyHelperTests" name="FormatToStringTest1000" />
    </UnitTest>
    <UnitTest name="xUnitTestProject.CurrencyHelperTests.FormatToStringTest1000(price: 4002.4180488374172, expected: &quot;4002.42 zł&quot;)" storage="c:\projekty\xunittestproject\bin\debug\netcoreapp3.1\xunittestproject.dll" id="1006d1f0-5b29-3f16-0e5d-80a2a40c26e6">
      <Execution id="5a6df79c-96c5-44e1-afc3-36de9f2c9963" />
      <TestMethod codeBase="C:\Projekty\xUnitTestProject\bin\Debug\netcoreapp3.1\xUnitTestProject.dll" adapterTypeName="executor://xunit/VsTestRunner2/netcoreapp" className="xUnitTestProject.CurrencyHelperTests" name="FormatToStringTest1000" />
    </UnitTest>
    <UnitTest name="xUnitTestProject.CurrencyHelperTests.FormatToStringTest1000(price: 16208.076866391615, expected: &quot;16208.08 zł&quot;)" storage="c:\projekty\xunittestproject\bin\debug\netcoreapp3.1\xunittestproject.dll" id="128fe360-ca56-c4c9-0f07-7350435e34a3">
      <Execution id="2d9bec77-4766-48ac-9681-b03d71c90049" />
      <TestMethod codeBase="C:\Projekty\xUnitTestProject\bin\Debug\netcoreapp3.1\xUnitTestProject.dll" adapterTypeName="executor://xunit/VsTestRunner2/netcoreapp" className="xUnitTestProject.CurrencyHelperTests" name="FormatToStringTest1000" />
    </UnitTest>
    <UnitTest name="xUnitTestProject.CurrencyHelperTests.FormatToStringTest1000(price: 23980.12943509646, expected: &quot;23980.13 zł&quot;)" storage="c:\projekty\xunittestproject\bin\debug\netcoreapp3.1\xunittestproject.dll" id="c0622c05-a365-df5b-d83a-27dce2d844ee">
      <Execution id="b13b39d6-d307-45eb-ac21-94b943de6a7a" />
      <TestMethod codeBase="C:\Projekty\xUnitTestProject\bin\Debug\netcoreapp3.1\xUnitTestProject.dll" adapterTypeName="executor://xunit/VsTestRunner2/netcoreapp" className="xUnitTestProject.CurrencyHelperTests" name="FormatToStringTest1000" />
    </UnitTest>
    <UnitTest name="xUnitTestProject.CurrencyHelperTests.FormatToStringTest1000(price: 77919.64716867341, expected: &quot;77919.65 zł&quot;)" storage="c:\projekty\xunittestproject\bin\debug\netcoreapp3.1\xunittestproject.dll" id="5de12653-1f5a-24cb-5ff2-99601694fb1f">
      <Execution id="181d13db-8cac-4616-9224-0a44460982fd" />
      <TestMethod codeBase="C:\Projekty\xUnitTestProject\bin\Debug\netcoreapp3.1\xUnitTestProject.dll" adapterTypeName="executor://xunit/VsTestRunner2/netcoreapp" className="xUnitTestProject.CurrencyHelperTests" name="FormatToStringTest1000" />
    </UnitTest>
    <UnitTest name="xUnitTestProject.CurrencyHelperTests.FormatToStringTest1000(price: 20012.898273490322, expected: &quot;20012.90 zł&quot;)" storage="c:\projekty\xunittestproject\bin\debug\netcoreapp3.1\xunittestproject.dll" id="5200e545-dbbb-62af-891d-31499a618a0e">
      <Execution id="c38de854-3bee-443e-87aa-025f6d7acf39" />
      <TestMethod codeBase="C:\Projekty\xUnitTestProject\bin\Debug\netcoreapp3.1\xUnitTestProject.dll" adapterTypeName="executor://xunit/VsTestRunner2/netcoreapp" className="xUnitTestProject.CurrencyHelperTests" name="FormatToStringTest1000" />
    </UnitTest>
    <UnitTest name="xUnitTestProject.CurrencyHelperTests.FormatToStringTest1000(price: 5978.1197194131655, expected: &quot;5978.12 zł&quot;)" storage="c:\projekty\xunittestproject\bin\debug\netcoreapp3.1\xunittestproject.dll" id="124aa2c1-a584-951a-b578-c58272b94396">
      <Execution id="84a16601-3711-460f-85a3-a8e2325c881c" />
      <TestMethod codeBase="C:\Projekty\xUnitTestProject\bin\Debug\netcoreapp3.1\xUnitTestProject.dll" adapterTypeName="executor://xunit/VsTestRunner2/netcoreapp" className="xUnitTestProject.CurrencyHelperTests" name="FormatToStringTest1000" />
    </UnitTest>
    <UnitTest name="xUnitTestProject.CurrencyHelperTests.FormatToStringTest1000(price: 17988.455793307843, expected: &quot;17988.46 zł&quot;)" storage="c:\projekty\xunittestproject\bin\debug\netcoreapp3.1\xunittestproject.dll" id="6837dba7-40c4-9f70-ea2b-82f5a35b378d">
      <Execution id="15e1303b-6dd6-4136-bea7-84a634580af0" />
      <TestMethod codeBase="C:\Projekty\xUnitTestProject\bin\Debug\netcoreapp3.1\xUnitTestProject.dll" adapterTypeName="executor://xunit/VsTestRunner2/netcoreapp" className="xUnitTestProject.CurrencyHelperTests" name="FormatToStringTest1000" />
    </UnitTest>
    <UnitTest name="xUnitTestProject.CurrencyHelperTests.FormatToStringTest1000(price: 22799.991836491965, expected: &quot;22799.99 zł&quot;)" storage="c:\projekty\xunittestproject\bin\debug\netcoreapp3.1\xunittestproject.dll" id="681b18e6-8ac3-1647-8149-58844d19cdf1">
      <Execution id="8d9a0d84-3f4a-485d-a1a3-bbcbbea3db30" />
      <TestMethod codeBase="C:\Projekty\xUnitTestProject\bin\Debug\netcoreapp3.1\xUnitTestProject.dll" adapterTypeName="executor://xunit/VsTestRunner2/netcoreapp" className="xUnitTestProject.CurrencyHelperTests" name="FormatToStringTest1000" />
    </UnitTest>
    <UnitTest name="xUnitTestProject.CurrencyHelperTests.FormatToStringTest1000(price: 79.6815319544084, expected: &quot;79.68 zł&quot;)" storage="c:\projekty\xunittestproject\bin\debug\netcoreapp3.1\xunittestproject.dll" id="7729c68a-38c8-f8ce-da09-5022e186685c">
      <Execution id="fafc403c-fa11-4217-b880-d96a29608d4a" />
      <TestMethod codeBase="C:\Projekty\xUnitTestProject\bin\Debug\netcoreapp3.1\xUnitTestProject.dll" adapterTypeName="executor://xunit/VsTestRunner2/netcoreapp" className="xUnitTestProject.CurrencyHelperTests" name="FormatToStringTest1000" />
    </UnitTest>
    <UnitTest name="xUnitTestProject.CurrencyHelperTests.FormatToStringTest1000(price: 32359.431438434138, expected: &quot;32359.43 zł&quot;)" storage="c:\projekty\xunittestproject\bin\debug\netcoreapp3.1\xunittestproject.dll" id="a1a0e8aa-488b-d813-0baf-a61aa194c928">
      <Execution id="7523e973-51d1-4748-95da-37f2050d3038" />
      <TestMethod codeBase="C:\Projekty\xUnitTestProject\bin\Debug\netcoreapp3.1\xUnitTestProject.dll" adapterTypeName="executor://xunit/VsTestRunner2/netcoreapp" className="xUnitTestProject.CurrencyHelperTests" name="FormatToStringTest1000" />
    </UnitTest>
    <UnitTest name="xUnitTestProject.CurrencyHelperTests.FormatToStringTest1000(price: 81326.3340147521, expected: &quot;81326.33 zł&quot;)" storage="c:\projekty\xunittestproject\bin\debug\netcoreapp3.1\xunittestproject.dll" id="f96cba70-db37-0f83-9cd0-465945a7184e">
      <Execution id="bc24e557-46a2-48cd-ac88-1846f1f92154" />
      <TestMethod codeBase="C:\Projekty\xUnitTestProject\bin\Debug\netcoreapp3.1\xUnitTestProject.dll" adapterTypeName="executor://xunit/VsTestRunner2/netcoreapp" className="xUnitTestProject.CurrencyHelperTests" name="FormatToStringTest1000" />
    </UnitTest>
    <UnitTest name="xUnitTestProject.CurrencyHelperTests.FormatToStringTest1000(price: 4898.699005344277, expected: &quot;4898.70 zł&quot;)" storage="c:\projekty\xunittestproject\bin\debug\netcoreapp3.1\xunittestproject.dll" id="c9dc0f3f-e108-0c1a-7cef-09dcecce5469">
      <Execution id="61530688-59ce-4e3d-be42-3c03ae7bfefc" />
      <TestMethod codeBase="C:\Projekty\xUnitTestProject\bin\Debug\netcoreapp3.1\xUnitTestProject.dll" adapterTypeName="executor://xunit/VsTestRunner2/netcoreapp" className="xUnitTestProject.CurrencyHelperTests" name="FormatToStringTest1000" />
    </UnitTest>
    <UnitTest name="xUnitTestProject.CurrencyHelperTests.FormatToStringTest1000(price: 52888.48934243642, expected: &quot;52888.49 zł&quot;)" storage="c:\projekty\xunittestproject\bin\debug\netcoreapp3.1\xunittestproject.dll" id="e5b31225-6687-353e-986c-a81c10574659">
      <Execution id="57522f19-5e72-4d7e-aa3d-d0298eef67ec" />
      <TestMethod codeBase="C:\Projekty\xUnitTestProject\bin\Debug\netcoreapp3.1\xUnitTestProject.dll" adapterTypeName="executor://xunit/VsTestRunner2/netcoreapp" className="xUnitTestProject.CurrencyHelperTests" name="FormatToStringTest1000" />
    </UnitTest>
    <UnitTest name="xUnitTestProject.CurrencyHelperTests.FormatToStringTest1000(price: 4592.278577496428, expected: &quot;4592.28 zł&quot;)" storage="c:\projekty\xunittestproject\bin\debug\netcoreapp3.1\xunittestproject.dll" id="256b0aa4-ca9e-f9c0-c01a-e5ce082d7933">
      <Execution id="2e4c5881-910d-4e97-a513-2bf397f07da9" />
      <TestMethod codeBase="C:\Projekty\xUnitTestProject\bin\Debug\netcoreapp3.1\xUnitTestProject.dll" adapterTypeName="executor://xunit/VsTestRunner2/netcoreapp" className="xUnitTestProject.CurrencyHelperTests" name="FormatToStringTest1000" />
    </UnitTest>
    <UnitTest name="xUnitTestProject.CurrencyHelperTests.FormatToStringTest1000(price: 70771.4436677524, expected: &quot;70771.44 zł&quot;)" storage="c:\projekty\xunittestproject\bin\debug\netcoreapp3.1\xunittestproject.dll" id="faee1a73-2321-167e-168b-f89892fb598c">
      <Execution id="851eefbe-fe72-4a46-b771-f74a57358a27" />
      <TestMethod codeBase="C:\Projekty\xUnitTestProject\bin\Debug\netcoreapp3.1\xUnitTestProject.dll" adapterTypeName="executor://xunit/VsTestRunner2/netcoreapp" className="xUnitTestProject.CurrencyHelperTests" name="FormatToStringTest1000" />
    </UnitTest>
    <UnitTest name="xUnitTestProject.CurrencyHelperTests.FormatToStringTest1000(price: 8851.904041135638, expected: &quot;8851.90 zł&quot;)" storage="c:\projekty\xunittestproject\bin\debug\netcoreapp3.1\xunittestproject.dll" id="d674a2b2-91f4-595f-2a5d-e8f6a4053ca1">
      <Execution id="a91aab5b-5c30-4819-902a-43e5e02b48f3" />
      <TestMethod codeBase="C:\Projekty\xUnitTestProject\bin\Debug\netcoreapp3.1\xUnitTestProject.dll" adapterTypeName="executor://xunit/VsTestRunner2/netcoreapp" className="xUnitTestProject.CurrencyHelperTests" name="FormatToStringTest1000" />
    </UnitTest>
    <UnitTest name="xUnitTestProject.CurrencyHelperTests.FormatToStringTest1000(price: 34084.19497795599, expected: &quot;34084.19 zł&quot;)" storage="c:\projekty\xunittestproject\bin\debug\netcoreapp3.1\xunittestproject.dll" id="a61390b2-0ec7-4d98-e7ed-b8eba6ac247d">
      <Execution id="699d4306-335a-4922-9ef7-da30e8b1bc69" />
      <TestMethod codeBase="C:\Projekty\xUnitTestProject\bin\Debug\netcoreapp3.1\xUnitTestProject.dll" adapterTypeName="executor://xunit/VsTestRunner2/netcoreapp" className="xUnitTestProject.CurrencyHelperTests" name="FormatToStringTest1000" />
    </UnitTest>
    <UnitTest name="xUnitTestProject.CurrencyHelperTests.FormatToStringTest1000(price: 13541.45472935096, expected: &quot;13541.45 zł&quot;)" storage="c:\projekty\xunittestproject\bin\debug\netcoreapp3.1\xunittestproject.dll" id="72e1721e-ca6c-63c9-59ef-8aef6ff15353">
      <Execution id="3ba4e990-402b-4969-a823-a6a87ee772ae" />
      <TestMethod codeBase="C:\Projekty\xUnitTestProject\bin\Debug\netcoreapp3.1\xUnitTestProject.dll" adapterTypeName="executor://xunit/VsTestRunner2/netcoreapp" className="xUnitTestProject.CurrencyHelperTests" name="FormatToStringTest1000" />
    </UnitTest>
    <UnitTest name="xUnitTestProject.CurrencyHelperTests.FormatToStringTest1000(price: 48654.65723134794, expected: &quot;48654.66 zł&quot;)" storage="c:\projekty\xunittestproject\bin\debug\netcoreapp3.1\xunittestproject.dll" id="178d037f-daf8-5717-a393-b090c90da1cf">
      <Execution id="c7c8d336-3b8e-49f2-9cfd-fe4e88667bd1" />
      <TestMethod codeBase="C:\Projekty\xUnitTestProject\bin\Debug\netcoreapp3.1\xUnitTestProject.dll" adapterTypeName="executor://xunit/VsTestRunner2/netcoreapp" className="xUnitTestProject.CurrencyHelperTests" name="FormatToStringTest1000" />
    </UnitTest>
    <UnitTest name="xUnitTestProject.CurrencyHelperTests.FormatToStringTest1000(price: 5566.818038455592, expected: &quot;5566.82 zł&quot;)" storage="c:\projekty\xunittestproject\bin\debug\netcoreapp3.1\xunittestproject.dll" id="0ceb7858-003d-ab99-34b5-3e79f1abe40b">
      <Execution id="a8c4ac61-dd2e-436e-ab1c-b49e8bc3870a" />
      <TestMethod codeBase="C:\Projekty\xUnitTestProject\bin\Debug\netcoreapp3.1\xUnitTestProject.dll" adapterTypeName="executor://xunit/VsTestRunner2/netcoreapp" className="xUnitTestProject.CurrencyHelperTests" name="FormatToStringTest1000" />
    </UnitTest>
    <UnitTest name="xUnitTestProject.CurrencyHelperTests.FormatToStringTest1000(price: 44930.92203801075, expected: &quot;44930.92 zł&quot;)" storage="c:\projekty\xunittestproject\bin\debug\netcoreapp3.1\xunittestproject.dll" id="33b7f528-129d-12a3-ccd2-fd1f055d858f">
      <Execution id="dc781190-c1cc-4749-b81e-752f1c8cf060" />
      <TestMethod codeBase="C:\Projekty\xUnitTestProject\bin\Debug\netcoreapp3.1\xUnitTestProject.dll" adapterTypeName="executor://xunit/VsTestRunner2/netcoreapp" className="xUnitTestProject.CurrencyHelperTests" name="FormatToStringTest1000" />
    </UnitTest>
    <UnitTest name="xUnitTestProject.CurrencyHelperTests.FormatToStringTest1000(price: 36651.05802063414, expected: &quot;36651.06 zł&quot;)" storage="c:\projekty\xunittestproject\bin\debug\netcoreapp3.1\xunittestproject.dll" id="91970791-479f-53e8-256c-76fb4b85cf1d">
      <Execution id="3f4f6dc9-505c-4968-b93f-841292038d91" />
      <TestMethod codeBase="C:\Projekty\xUnitTestProject\bin\Debug\netcoreapp3.1\xUnitTestProject.dll" adapterTypeName="executor://xunit/VsTestRunner2/netcoreapp" className="xUnitTestProject.CurrencyHelperTests" name="FormatToStringTest1000" />
    </UnitTest>
    <UnitTest name="xUnitTestProject.CurrencyHelperTests.FormatToStringTest1000(price: 18990.72499258012, expected: &quot;18990.72 zł&quot;)" storage="c:\projekty\xunittestproject\bin\debug\netcoreapp3.1\xunittestproject.dll" id="c4f09638-23b4-3d40-c0a4-ef63a006dba0">
      <Execution id="e09f2b22-2751-4ea6-8877-ac35be235cb1" />
      <TestMethod codeBase="C:\Projekty\xUnitTestProject\bin\Debug\netcoreapp3.1\xUnitTestProject.dll" adapterTypeName="executor://xunit/VsTestRunner2/netcoreapp" className="xUnitTestProject.CurrencyHelperTests" name="FormatToStringTest1000" />
    </UnitTest>
    <UnitTest name="xUnitTestProject.CurrencyHelperTests.FormatToStringTest1000(price: 22367.991005544547, expected: &quot;22367.99 zł&quot;)" storage="c:\projekty\xunittestproject\bin\debug\netcoreapp3.1\xunittestproject.dll" id="0e945364-42c0-3773-924e-a8c9f3ec6d3e">
      <Execution id="218e350e-00bc-43ef-b9ae-92964814b7a7" />
      <TestMethod codeBase="C:\Projekty\xUnitTestProject\bin\Debug\netcoreapp3.1\xUnitTestProject.dll" adapterTypeName="executor://xunit/VsTestRunner2/netcoreapp" className="xUnitTestProject.CurrencyHelperTests" name="FormatToStringTest1000" />
    </UnitTest>
    <UnitTest name="xUnitTestProject.CurrencyHelperTests.FormatToStringTest1000(price: 7191.024921368353, expected: &quot;7191.02 zł&quot;)" storage="c:\projekty\xunittestproject\bin\debug\netcoreapp3.1\xunittestproject.dll" id="0e8e9a77-632c-db52-e40d-d7b033807f15">
      <Execution id="20742062-6eb5-4ee5-93d4-40907aed38ab" />
      <TestMethod codeBase="C:\Projekty\xUnitTestProject\bin\Debug\netcoreapp3.1\xUnitTestProject.dll" adapterTypeName="executor://xunit/VsTestRunner2/netcoreapp" className="xUnitTestProject.CurrencyHelperTests" name="FormatToStringTest1000" />
    </UnitTest>
    <UnitTest name="xUnitTestProject.CurrencyHelperTests.FormatToStringTest1000(price: 726.8087564975995, expected: &quot;726.81 zł&quot;)" storage="c:\projekty\xunittestproject\bin\debug\netcoreapp3.1\xunittestproject.dll" id="761c5474-ba0b-efdd-0d5f-bfbe630a98c2">
      <Execution id="65492f25-e2cc-4fe1-9294-2ef4140db03e" />
      <TestMethod codeBase="C:\Projekty\xUnitTestProject\bin\Debug\netcoreapp3.1\xUnitTestProject.dll" adapterTypeName="executor://xunit/VsTestRunner2/netcoreapp" className="xUnitTestProject.CurrencyHelperTests" name="FormatToStringTest1000" />
    </UnitTest>
    <UnitTest name="xUnitTestProject.CurrencyHelperTests.FormatToStringTest1000(price: 7076.829971250534, expected: &quot;7076.83 zł&quot;)" storage="c:\projekty\xunittestproject\bin\debug\netcoreapp3.1\xunittestproject.dll" id="cc7d6c48-2140-f681-276a-ee6d54b1f129">
      <Execution id="9eba8143-1223-484f-a916-0d8d40fa8d4d" />
      <TestMethod codeBase="C:\Projekty\xUnitTestProject\bin\Debug\netcoreapp3.1\xUnitTestProject.dll" adapterTypeName="executor://xunit/VsTestRunner2/netcoreapp" className="xUnitTestProject.CurrencyHelperTests" name="FormatToStringTest1000" />
    </UnitTest>
    <UnitTest name="xUnitTestProject.CurrencyHelperTests.FormatToStringTest1000(price: 65809.35218338219, expected: &quot;65809.35 zł&quot;)" storage="c:\projekty\xunittestproject\bin\debug\netcoreapp3.1\xunittestproject.dll" id="cbad7040-1370-8b80-f9ed-c7be376f327f">
      <Execution id="e8074c7b-036e-41d6-8ff5-d397063ae988" />
      <TestMethod codeBase="C:\Projekty\xUnitTestProject\bin\Debug\netcoreapp3.1\xUnitTestProject.dll" adapterTypeName="executor://xunit/VsTestRunner2/netcoreapp" className="xUnitTestProject.CurrencyHelperTests" name="FormatToStringTest1000" />
    </UnitTest>
    <UnitTest name="xUnitTestProject.CurrencyHelperTests.FormatToStringTest1000(price: 41972.39431566763, expected: &quot;41972.39 zł&quot;)" storage="c:\projekty\xunittestproject\bin\debug\netcoreapp3.1\xunittestproject.dll" id="0d1bc5db-e6c6-10df-8cf0-a0dfa7497484">
      <Execution id="63474c7a-b794-4336-b537-711d122d4ddf" />
      <TestMethod codeBase="C:\Projekty\xUnitTestProject\bin\Debug\netcoreapp3.1\xUnitTestProject.dll" adapterTypeName="executor://xunit/VsTestRunner2/netcoreapp" className="xUnitTestProject.CurrencyHelperTests" name="FormatToStringTest1000" />
    </UnitTest>
    <UnitTest name="xUnitTestProject.CurrencyHelperTests.FormatToStringTest1000(price: 66541.05112730109, expected: &quot;66541.05 zł&quot;)" storage="c:\projekty\xunittestproject\bin\debug\netcoreapp3.1\xunittestproject.dll" id="459add99-cbf9-4f7c-b3d1-c619873acede">
      <Execution id="a0fbda87-29d7-49ca-8b91-ee9d828ad836" />
      <TestMethod codeBase="C:\Projekty\xUnitTestProject\bin\Debug\netcoreapp3.1\xUnitTestProject.dll" adapterTypeName="executor://xunit/VsTestRunner2/netcoreapp" className="xUnitTestProject.CurrencyHelperTests" name="FormatToStringTest1000" />
    </UnitTest>
    <UnitTest name="xUnitTestProject.CurrencyHelperTests.FormatToStringTest1000(price: 11829.625994884234, expected: &quot;11829.63 zł&quot;)" storage="c:\projekty\xunittestproject\bin\debug\netcoreapp3.1\xunittestproject.dll" id="979704d6-636b-33ea-e33f-cc67613aefb0">
      <Execution id="a1d55590-242b-47c7-8fb6-056106dc64bc" />
      <TestMethod codeBase="C:\Projekty\xUnitTestProject\bin\Debug\netcoreapp3.1\xUnitTestProject.dll" adapterTypeName="executor://xunit/VsTestRunner2/netcoreapp" className="xUnitTestProject.CurrencyHelperTests" name="FormatToStringTest1000" />
    </UnitTest>
    <UnitTest name="xUnitTestProject.CurrencyHelperTests.FormatToStringTest1000(price: 6146.91236741278, expected: &quot;6146.91 zł&quot;)" storage="c:\projekty\xunittestproject\bin\debug\netcoreapp3.1\xunittestproject.dll" id="2155bccb-482b-2346-834b-1eb7ea617ead">
      <Execution id="bebfd265-a061-4b5c-9c48-fcc63e20852c" />
      <TestMethod codeBase="C:\Projekty\xUnitTestProject\bin\Debug\netcoreapp3.1\xUnitTestProject.dll" adapterTypeName="executor://xunit/VsTestRunner2/netcoreapp" className="xUnitTestProject.CurrencyHelperTests" name="FormatToStringTest1000" />
    </UnitTest>
    <UnitTest name="xUnitTestProject.CurrencyHelperTests.FormatToStringTest1000(price: 50507.0104155615, expected: &quot;50507.01 zł&quot;)" storage="c:\projekty\xunittestproject\bin\debug\netcoreapp3.1\xunittestproject.dll" id="c0cf2cb3-44c7-373b-4b04-bf5ce7678b68">
      <Execution id="6555c77a-d636-4568-a003-f084ef7466c5" />
      <TestMethod codeBase="C:\Projekty\xUnitTestProject\bin\Debug\netcoreapp3.1\xUnitTestProject.dll" adapterTypeName="executor://xunit/VsTestRunner2/netcoreapp" className="xUnitTestProject.CurrencyHelperTests" name="FormatToStringTest1000" />
    </UnitTest>
    <UnitTest name="xUnitTestProject.CurrencyHelperTests.FormatToStringTest1000(price: 12221.10494323592, expected: &quot;12221.10 zł&quot;)" storage="c:\projekty\xunittestproject\bin\debug\netcoreapp3.1\xunittestproject.dll" id="eb81fa5f-83e5-54db-0bb8-c928bd6f40f1">
      <Execution id="52464a06-edc9-4dc2-8642-3acc7945609a" />
      <TestMethod codeBase="C:\Projekty\xUnitTestProject\bin\Debug\netcoreapp3.1\xUnitTestProject.dll" adapterTypeName="executor://xunit/VsTestRunner2/netcoreapp" className="xUnitTestProject.CurrencyHelperTests" name="FormatToStringTest1000" />
    </UnitTest>
    <UnitTest name="xUnitTestProject.CurrencyHelperTests.FormatToStringTest1000(price: 159.83786031922224, expected: &quot;159.84 zł&quot;)" storage="c:\projekty\xunittestproject\bin\debug\netcoreapp3.1\xunittestproject.dll" id="3fe65711-0b55-7192-8237-90b45a462066">
      <Execution id="18f6bc2f-fb28-42ba-a6a9-a1830e1c9f88" />
      <TestMethod codeBase="C:\Projekty\xUnitTestProject\bin\Debug\netcoreapp3.1\xUnitTestProject.dll" adapterTypeName="executor://xunit/VsTestRunner2/netcoreapp" className="xUnitTestProject.CurrencyHelperTests" name="FormatToStringTest1000" />
    </UnitTest>
    <UnitTest name="xUnitTestProject.CurrencyHelperTests.FormatToStringTest1000(price: 55030.929183896136, expected: &quot;55030.93 zł&quot;)" storage="c:\projekty\xunittestproject\bin\debug\netcoreapp3.1\xunittestproject.dll" id="8a663fa2-76ee-caf2-967f-999f9c7a5bb3">
      <Execution id="984a6218-f90d-4a83-b7c4-62da255f7da8" />
      <TestMethod codeBase="C:\Projekty\xUnitTestProject\bin\Debug\netcoreapp3.1\xUnitTestProject.dll" adapterTypeName="executor://xunit/VsTestRunner2/netcoreapp" className="xUnitTestProject.CurrencyHelperTests" name="FormatToStringTest1000" />
    </UnitTest>
    <UnitTest name="xUnitTestProject.CurrencyHelperTests.FormatToStringTest1000(price: 49256.65708813195, expected: &quot;49256.66 zł&quot;)" storage="c:\projekty\xunittestproject\bin\debug\netcoreapp3.1\xunittestproject.dll" id="53a23bf0-6e98-cb61-d489-afed97d56bcf">
      <Execution id="bc90edef-0263-4f59-a64b-98099a406bd2" />
      <TestMethod codeBase="C:\Projekty\xUnitTestProject\bin\Debug\netcoreapp3.1\xUnitTestProject.dll" adapterTypeName="executor://xunit/VsTestRunner2/netcoreapp" className="xUnitTestProject.CurrencyHelperTests" name="FormatToStringTest1000" />
    </UnitTest>
    <UnitTest name="xUnitTestProject.CurrencyHelperTests.FormatToStringTest1000(price: 37561.969571757116, expected: &quot;37561.97 zł&quot;)" storage="c:\projekty\xunittestproject\bin\debug\netcoreapp3.1\xunittestproject.dll" id="c6af2688-b6d7-1499-ef57-908aefcce6dc">
      <Execution id="e30f1079-f566-4788-b192-659930eb3ad3" />
      <TestMethod codeBase="C:\Projekty\xUnitTestProject\bin\Debug\netcoreapp3.1\xUnitTestProject.dll" adapterTypeName="executor://xunit/VsTestRunner2/netcoreapp" className="xUnitTestProject.CurrencyHelperTests" name="FormatToStringTest1000" />
    </UnitTest>
    <UnitTest name="xUnitTestProject.CurrencyHelperTests.FormatToStringTest1000(price: 22459.530444447664, expected: &quot;22459.53 zł&quot;)" storage="c:\projekty\xunittestproject\bin\debug\netcoreapp3.1\xunittestproject.dll" id="2ff6532c-932c-742b-a63d-f74c12776c60">
      <Execution id="b83c74a3-dc0a-4d1a-82a1-ad32b2a96d23" />
      <TestMethod codeBase="C:\Projekty\xUnitTestProject\bin\Debug\netcoreapp3.1\xUnitTestProject.dll" adapterTypeName="executor://xunit/VsTestRunner2/netcoreapp" className="xUnitTestProject.CurrencyHelperTests" name="FormatToStringTest1000" />
    </UnitTest>
    <UnitTest name="xUnitTestProject.CurrencyHelperTests.FormatToStringTest1000(price: 16282.687804925576, expected: &quot;16282.69 zł&quot;)" storage="c:\projekty\xunittestproject\bin\debug\netcoreapp3.1\xunittestproject.dll" id="ae81390e-96a7-cf30-3a99-7ea7ca8436a2">
      <Execution id="dc8461cd-bafd-4833-864b-97cef0df8a03" />
      <TestMethod codeBase="C:\Projekty\xUnitTestProject\bin\Debug\netcoreapp3.1\xUnitTestProject.dll" adapterTypeName="executor://xunit/VsTestRunner2/netcoreapp" className="xUnitTestProject.CurrencyHelperTests" name="FormatToStringTest1000" />
    </UnitTest>
    <UnitTest name="xUnitTestProject.CurrencyHelperTests.FormatToStringTest1000(price: 28192.949128067565, expected: &quot;28192.95 zł&quot;)" storage="c:\projekty\xunittestproject\bin\debug\netcoreapp3.1\xunittestproject.dll" id="c85737d8-c8f4-a23c-9c62-4ed60400843c">
      <Execution id="2edcc1d9-b7cc-4bfc-8ba7-3ee32dad9d05" />
      <TestMethod codeBase="C:\Projekty\xUnitTestProject\bin\Debug\netcoreapp3.1\xUnitTestProject.dll" adapterTypeName="executor://xunit/VsTestRunner2/netcoreapp" className="xUnitTestProject.CurrencyHelperTests" name="FormatToStringTest1000" />
    </UnitTest>
    <UnitTest name="xUnitTestProject.CurrencyHelperTests.FormatToStringTest1000(price: 8211.920994553679, expected: &quot;8211.92 zł&quot;)" storage="c:\projekty\xunittestproject\bin\debug\netcoreapp3.1\xunittestproject.dll" id="055fec57-4e1c-11c8-a858-911643af23bd">
      <Execution id="64246f34-4168-41e2-a2d3-4a74b084564b" />
      <TestMethod codeBase="C:\Projekty\xUnitTestProject\bin\Debug\netcoreapp3.1\xUnitTestProject.dll" adapterTypeName="executor://xunit/VsTestRunner2/netcoreapp" className="xUnitTestProject.CurrencyHelperTests" name="FormatToStringTest1000" />
    </UnitTest>
    <UnitTest name="xUnitTestProject.CurrencyHelperTests.FormatToStringTest1000(price: 55303.17220895699, expected: &quot;55303.17 zł&quot;)" storage="c:\projekty\xunittestproject\bin\debug\netcoreapp3.1\xunittestproject.dll" id="650f8125-7e62-0be3-dcfc-dc1202eb9625">
      <Execution id="b330a9c1-b10f-4f5a-a555-8c19db6f63fc" />
      <TestMethod codeBase="C:\Projekty\xUnitTestProject\bin\Debug\netcoreapp3.1\xUnitTestProject.dll" adapterTypeName="executor://xunit/VsTestRunner2/netcoreapp" className="xUnitTestProject.CurrencyHelperTests" name="FormatToStringTest1000" />
    </UnitTest>
    <UnitTest name="xUnitTestProject.CurrencyHelperTests.FormatToStringTest1000(price: 4636.500544966897, expected: &quot;4636.50 zł&quot;)" storage="c:\projekty\xunittestproject\bin\debug\netcoreapp3.1\xunittestproject.dll" id="af73f199-441a-68ae-4898-efc1663c19b9">
      <Execution id="fd9db8c5-2860-4e7b-ab76-0f98737f1550" />
      <TestMethod codeBase="C:\Projekty\xUnitTestProject\bin\Debug\netcoreapp3.1\xUnitTestProject.dll" adapterTypeName="executor://xunit/VsTestRunner2/netcoreapp" className="xUnitTestProject.CurrencyHelperTests" name="FormatToStringTest1000" />
    </UnitTest>
    <UnitTest name="xUnitTestProject.CurrencyHelperTests.FormatToStringTest1000(price: 51300.77891898145, expected: &quot;51300.78 zł&quot;)" storage="c:\projekty\xunittestproject\bin\debug\netcoreapp3.1\xunittestproject.dll" id="1dd0f7bb-be41-1080-f53b-d32cb9d53ae0">
      <Execution id="1eab2e35-7912-45f6-a19b-f677d16dfd48" />
      <TestMethod codeBase="C:\Projekty\xUnitTestProject\bin\Debug\netcoreapp3.1\xUnitTestProject.dll" adapterTypeName="executor://xunit/VsTestRunner2/netcoreapp" className="xUnitTestProject.CurrencyHelperTests" name="FormatToStringTest1000" />
    </UnitTest>
    <UnitTest name="xUnitTestProject.CurrencyHelperTests.FormatToStringTest1000(price: 18627.604896394354, expected: &quot;18627.60 zł&quot;)" storage="c:\projekty\xunittestproject\bin\debug\netcoreapp3.1\xunittestproject.dll" id="9c810ece-be18-f9ed-3cc8-f43cbbe8d789">
      <Execution id="3ee4f351-044c-4925-95a4-722037e0d7a8" />
      <TestMethod codeBase="C:\Projekty\xUnitTestProject\bin\Debug\netcoreapp3.1\xUnitTestProject.dll" adapterTypeName="executor://xunit/VsTestRunner2/netcoreapp" className="xUnitTestProject.CurrencyHelperTests" name="FormatToStringTest1000" />
    </UnitTest>
    <UnitTest name="xUnitTestProject.CurrencyHelperTests.FormatToStringTest1000(price: 6352.983758103561, expected: &quot;6352.98 zł&quot;)" storage="c:\projekty\xunittestproject\bin\debug\netcoreapp3.1\xunittestproject.dll" id="a815ca81-3cc8-5bb5-3df9-88bef0e0f650">
      <Execution id="997d20aa-2141-45bb-b898-b6ec63365941" />
      <TestMethod codeBase="C:\Projekty\xUnitTestProject\bin\Debug\netcoreapp3.1\xUnitTestProject.dll" adapterTypeName="executor://xunit/VsTestRunner2/netcoreapp" className="xUnitTestProject.CurrencyHelperTests" name="FormatToStringTest1000" />
    </UnitTest>
    <UnitTest name="xUnitTestProject.CurrencyHelperTests.FormatToStringTest1000(price: 11871.427211910219, expected: &quot;11871.43 zł&quot;)" storage="c:\projekty\xunittestproject\bin\debug\netcoreapp3.1\xunittestproject.dll" id="cb98657e-ea81-1d6a-4868-0d493c1098f6">
      <Execution id="83734490-3ce8-4c37-8a40-03d634e90481" />
      <TestMethod codeBase="C:\Projekty\xUnitTestProject\bin\Debug\netcoreapp3.1\xUnitTestProject.dll" adapterTypeName="executor://xunit/VsTestRunner2/netcoreapp" className="xUnitTestProject.CurrencyHelperTests" name="FormatToStringTest1000" />
    </UnitTest>
    <UnitTest name="xUnitTestProject.CurrencyHelperTests.FormatToStringTest1000(price: 10914.360814625099, expected: &quot;10914.36 zł&quot;)" storage="c:\projekty\xunittestproject\bin\debug\netcoreapp3.1\xunittestproject.dll" id="fbdffebc-5b1f-3fc0-8f3a-0ed85a2faf6a">
      <Execution id="7ffdde43-80e1-4106-a78f-631020ac3494" />
      <TestMethod codeBase="C:\Projekty\xUnitTestProject\bin\Debug\netcoreapp3.1\xUnitTestProject.dll" adapterTypeName="executor://xunit/VsTestRunner2/netcoreapp" className="xUnitTestProject.CurrencyHelperTests" name="FormatToStringTest1000" />
    </UnitTest>
    <UnitTest name="xUnitTestProject.CurrencyHelperTests.FormatToStringTest1000(price: 743.047944508981, expected: &quot;743.05 zł&quot;)" storage="c:\projekty\xunittestproject\bin\debug\netcoreapp3.1\xunittestproject.dll" id="5c64f629-e66f-8e20-9c2d-0a7cb867d56d">
      <Execution id="a5c4711d-6456-424b-b348-826effa6fa19" />
      <TestMethod codeBase="C:\Projekty\xUnitTestProject\bin\Debug\netcoreapp3.1\xUnitTestProject.dll" adapterTypeName="executor://xunit/VsTestRunner2/netcoreapp" className="xUnitTestProject.CurrencyHelperTests" name="FormatToStringTest1000" />
    </UnitTest>
    <UnitTest name="xUnitTestProject.CurrencyHelperTests.FormatToStringTest1000(price: 7975.276658828965, expected: &quot;7975.28 zł&quot;)" storage="c:\projekty\xunittestproject\bin\debug\netcoreapp3.1\xunittestproject.dll" id="1f1eef69-3a21-cd3d-3a5f-46efeda6ab38">
      <Execution id="7c312b5f-9804-419b-bd07-16145beb1a7d" />
      <TestMethod codeBase="C:\Projekty\xUnitTestProject\bin\Debug\netcoreapp3.1\xUnitTestProject.dll" adapterTypeName="executor://xunit/VsTestRunner2/netcoreapp" className="xUnitTestProject.CurrencyHelperTests" name="FormatToStringTest1000" />
    </UnitTest>
    <UnitTest name="xUnitTestProject.CurrencyHelperTests.FormatToStringTest1000(price: 3131.5022711732904, expected: &quot;3131.50 zł&quot;)" storage="c:\projekty\xunittestproject\bin\debug\netcoreapp3.1\xunittestproject.dll" id="0875efbb-c25e-506a-0639-785cadf1bec9">
      <Execution id="be00dbd6-81e4-480c-b18e-7a6471fe018f" />
      <TestMethod codeBase="C:\Projekty\xUnitTestProject\bin\Debug\netcoreapp3.1\xUnitTestProject.dll" adapterTypeName="executor://xunit/VsTestRunner2/netcoreapp" className="xUnitTestProject.CurrencyHelperTests" name="FormatToStringTest1000" />
    </UnitTest>
    <UnitTest name="xUnitTestProject.CurrencyHelperTests.FormatToStringTest1000(price: 36969.98585167247, expected: &quot;36969.99 zł&quot;)" storage="c:\projekty\xunittestproject\bin\debug\netcoreapp3.1\xunittestproject.dll" id="b093b261-89e9-1453-0b15-6960031e6c14">
      <Execution id="007e785b-bee3-414f-9774-89b0db18a594" />
      <TestMethod codeBase="C:\Projekty\xUnitTestProject\bin\Debug\netcoreapp3.1\xUnitTestProject.dll" adapterTypeName="executor://xunit/VsTestRunner2/netcoreapp" className="xUnitTestProject.CurrencyHelperTests" name="FormatToStringTest1000" />
    </UnitTest>
    <UnitTest name="xUnitTestProject.CurrencyHelperTests.FormatToStringTest1000(price: 54304.07738935393, expected: &quot;54304.08 zł&quot;)" storage="c:\projekty\xunittestproject\bin\debug\netcoreapp3.1\xunittestproject.dll" id="6df0d294-6a13-f132-5a30-674e429b0930">
      <Execution id="beea148a-bc50-4c48-8811-de1646877948" />
      <TestMethod codeBase="C:\Projekty\xUnitTestProject\bin\Debug\netcoreapp3.1\xUnitTestProject.dll" adapterTypeName="executor://xunit/VsTestRunner2/netcoreapp" className="xUnitTestProject.CurrencyHelperTests" name="FormatToStringTest1000" />
    </UnitTest>
    <UnitTest name="xUnitTestProject.CurrencyHelperTests.FormatToStringTest1000(price: 46166.38051381259, expected: &quot;46166.38 zł&quot;)" storage="c:\projekty\xunittestproject\bin\debug\netcoreapp3.1\xunittestproject.dll" id="14379ebb-9dd5-379e-3072-3bfd6770d049">
      <Execution id="b9f58f9b-f944-4b1b-b2ec-e4a5fa7db775" />
      <TestMethod codeBase="C:\Projekty\xUnitTestProject\bin\Debug\netcoreapp3.1\xUnitTestProject.dll" adapterTypeName="executor://xunit/VsTestRunner2/netcoreapp" className="xUnitTestProject.CurrencyHelperTests" name="FormatToStringTest1000" />
    </UnitTest>
    <UnitTest name="xUnitTestProject.CurrencyHelperTests.FormatToStringTest1000(price: 39178.05988345298, expected: &quot;39178.06 zł&quot;)" storage="c:\projekty\xunittestproject\bin\debug\netcoreapp3.1\xunittestproject.dll" id="9e735874-97ea-8ca0-11c8-94ac42e81acc">
      <Execution id="ba922a11-3bbe-4e47-93c9-2142e9c59cd9" />
      <TestMethod codeBase="C:\Projekty\xUnitTestProject\bin\Debug\netcoreapp3.1\xUnitTestProject.dll" adapterTypeName="executor://xunit/VsTestRunner2/netcoreapp" className="xUnitTestProject.CurrencyHelperTests" name="FormatToStringTest1000" />
    </UnitTest>
    <UnitTest name="xUnitTestProject.CurrencyHelperTests.FormatToStringTest1000(price: 96.75594581512546, expected: &quot;96.76 zł&quot;)" storage="c:\projekty\xunittestproject\bin\debug\netcoreapp3.1\xunittestproject.dll" id="241187d4-ddc3-99e8-1041-3b3411c6c907">
      <Execution id="41f9cf11-4c4c-44ce-8617-2be7b0529ffb" />
      <TestMethod codeBase="C:\Projekty\xUnitTestProject\bin\Debug\netcoreapp3.1\xUnitTestProject.dll" adapterTypeName="executor://xunit/VsTestRunner2/netcoreapp" className="xUnitTestProject.CurrencyHelperTests" name="FormatToStringTest1000" />
    </UnitTest>
    <UnitTest name="xUnitTestProject.CurrencyHelperTests.FormatToStringTest1000(price: 72905.64834432845, expected: &quot;72905.65 zł&quot;)" storage="c:\projekty\xunittestproject\bin\debug\netcoreapp3.1\xunittestproject.dll" id="d99ced1b-9ef8-b735-4a70-4562dc79a9d0">
      <Execution id="d8f3c73c-75e2-4459-8d0c-e7541bc3fafd" />
      <TestMethod codeBase="C:\Projekty\xUnitTestProject\bin\Debug\netcoreapp3.1\xUnitTestProject.dll" adapterTypeName="executor://xunit/VsTestRunner2/netcoreapp" className="xUnitTestProject.CurrencyHelperTests" name="FormatToStringTest1000" />
    </UnitTest>
    <UnitTest name="xUnitTestProject.CurrencyHelperTests.FormatToStringTest1000(price: 22248.263319677797, expected: &quot;22248.26 zł&quot;)" storage="c:\projekty\xunittestproject\bin\debug\netcoreapp3.1\xunittestproject.dll" id="33ba7c37-d825-e74e-e294-1a6f561fb224">
      <Execution id="cdc549e1-4b26-4268-952b-34b5e2c1aa33" />
      <TestMethod codeBase="C:\Projekty\xUnitTestProject\bin\Debug\netcoreapp3.1\xUnitTestProject.dll" adapterTypeName="executor://xunit/VsTestRunner2/netcoreapp" className="xUnitTestProject.CurrencyHelperTests" name="FormatToStringTest1000" />
    </UnitTest>
    <UnitTest name="xUnitTestProject.CurrencyHelperTests.FormatToStringTest1000(price: 26215.613055301183, expected: &quot;26215.61 zł&quot;)" storage="c:\projekty\xunittestproject\bin\debug\netcoreapp3.1\xunittestproject.dll" id="4753ba69-a929-b55c-7853-51519ca51301">
      <Execution id="fe10f560-f27e-4e38-b81b-98621f6df13c" />
      <TestMethod codeBase="C:\Projekty\xUnitTestProject\bin\Debug\netcoreapp3.1\xUnitTestProject.dll" adapterTypeName="executor://xunit/VsTestRunner2/netcoreapp" className="xUnitTestProject.CurrencyHelperTests" name="FormatToStringTest1000" />
    </UnitTest>
    <UnitTest name="xUnitTestProject.CurrencyHelperTests.FormatToStringTest1000(price: 96022.24851977557, expected: &quot;96022.25 zł&quot;)" storage="c:\projekty\xunittestproject\bin\debug\netcoreapp3.1\xunittestproject.dll" id="c5e43cdb-d4c3-3c40-9593-aad9b5ca8f95">
      <Execution id="1a0cc722-34ac-4ba6-a7c4-e45572379285" />
      <TestMethod codeBase="C:\Projekty\xUnitTestProject\bin\Debug\netcoreapp3.1\xUnitTestProject.dll" adapterTypeName="executor://xunit/VsTestRunner2/netcoreapp" className="xUnitTestProject.CurrencyHelperTests" name="FormatToStringTest1000" />
    </UnitTest>
    <UnitTest name="xUnitTestProject.CurrencyHelperTests.FormatToStringTest1000(price: 9754.291367935619, expected: &quot;9754.29 zł&quot;)" storage="c:\projekty\xunittestproject\bin\debug\netcoreapp3.1\xunittestproject.dll" id="bc7abd1f-cc07-f32a-8331-b644dd93f120">
      <Execution id="7798844e-1438-43f1-8dbd-7cdf19b530e7" />
      <TestMethod codeBase="C:\Projekty\xUnitTestProject\bin\Debug\netcoreapp3.1\xUnitTestProject.dll" adapterTypeName="executor://xunit/VsTestRunner2/netcoreapp" className="xUnitTestProject.CurrencyHelperTests" name="FormatToStringTest1000" />
    </UnitTest>
    <UnitTest name="xUnitTestProject.CurrencyHelperTests.FormatToStringTest1000(price: 18424.864078561244, expected: &quot;18424.86 zł&quot;)" storage="c:\projekty\xunittestproject\bin\debug\netcoreapp3.1\xunittestproject.dll" id="0eb2cf4b-202a-2f21-374f-50b4b3adc607">
      <Execution id="fec9e14b-6892-4155-ad0b-56fc8edbe858" />
      <TestMethod codeBase="C:\Projekty\xUnitTestProject\bin\Debug\netcoreapp3.1\xUnitTestProject.dll" adapterTypeName="executor://xunit/VsTestRunner2/netcoreapp" className="xUnitTestProject.CurrencyHelperTests" name="FormatToStringTest1000" />
    </UnitTest>
    <UnitTest name="xUnitTestProject.CurrencyHelperTests.FormatToStringTest1000(price: 10661.19584154207, expected: &quot;10661.20 zł&quot;)" storage="c:\projekty\xunittestproject\bin\debug\netcoreapp3.1\xunittestproject.dll" id="bc63b05b-4f30-8c10-7b75-77e26fb38256">
      <Execution id="3a71fc93-2c7b-48d1-823d-2b8f6768535b" />
      <TestMethod codeBase="C:\Projekty\xUnitTestProject\bin\Debug\netcoreapp3.1\xUnitTestProject.dll" adapterTypeName="executor://xunit/VsTestRunner2/netcoreapp" className="xUnitTestProject.CurrencyHelperTests" name="FormatToStringTest1000" />
    </UnitTest>
    <UnitTest name="xUnitTestProject.CurrencyHelperTests.FormatToStringTest1000(price: 3477.860963622509, expected: &quot;3477.86 zł&quot;)" storage="c:\projekty\xunittestproject\bin\debug\netcoreapp3.1\xunittestproject.dll" id="3b31ccce-844d-e8f4-84db-04ab2e64b9a7">
      <Execution id="593a2306-495a-4809-86d3-32023737e630" />
      <TestMethod codeBase="C:\Projekty\xUnitTestProject\bin\Debug\netcoreapp3.1\xUnitTestProject.dll" adapterTypeName="executor://xunit/VsTestRunner2/netcoreapp" className="xUnitTestProject.CurrencyHelperTests" name="FormatToStringTest1000" />
    </UnitTest>
    <UnitTest name="xUnitTestProject.CurrencyHelperTests.FormatToStringTest1000(price: 12831.146874380833, expected: &quot;12831.15 zł&quot;)" storage="c:\projekty\xunittestproject\bin\debug\netcoreapp3.1\xunittestproject.dll" id="1ff2656a-0300-1f06-36b0-2fc677b4ea69">
      <Execution id="49a14a80-bf9a-45f9-bc91-07d9b0fae8ed" />
      <TestMethod codeBase="C:\Projekty\xUnitTestProject\bin\Debug\netcoreapp3.1\xUnitTestProject.dll" adapterTypeName="executor://xunit/VsTestRunner2/netcoreapp" className="xUnitTestProject.CurrencyHelperTests" name="FormatToStringTest1000" />
    </UnitTest>
    <UnitTest name="xUnitTestProject.CurrencyHelperTests.FormatToStringTest1000(price: 7951.322730072458, expected: &quot;7951.32 zł&quot;)" storage="c:\projekty\xunittestproject\bin\debug\netcoreapp3.1\xunittestproject.dll" id="5c121ce3-0aab-ab5b-cce0-b7a13bf9bb3a">
      <Execution id="b84427a4-d642-4b4a-904f-bd96d9a9d09e" />
      <TestMethod codeBase="C:\Projekty\xUnitTestProject\bin\Debug\netcoreapp3.1\xUnitTestProject.dll" adapterTypeName="executor://xunit/VsTestRunner2/netcoreapp" className="xUnitTestProject.CurrencyHelperTests" name="FormatToStringTest1000" />
    </UnitTest>
    <UnitTest name="xUnitTestProject.CurrencyHelperTests.FormatToStringTest1000(price: 17845.255864087147, expected: &quot;17845.26 zł&quot;)" storage="c:\projekty\xunittestproject\bin\debug\netcoreapp3.1\xunittestproject.dll" id="9e92a3ef-f628-77f3-597e-ab6211795c33">
      <Execution id="99233cef-4cfd-4b64-a786-d6b17454e539" />
      <TestMethod codeBase="C:\Projekty\xUnitTestProject\bin\Debug\netcoreapp3.1\xUnitTestProject.dll" adapterTypeName="executor://xunit/VsTestRunner2/netcoreapp" className="xUnitTestProject.CurrencyHelperTests" name="FormatToStringTest1000" />
    </UnitTest>
    <UnitTest name="xUnitTestProject.CurrencyHelperTests.FormatToStringTest1000(price: 15669.698889610218, expected: &quot;15669.70 zł&quot;)" storage="c:\projekty\xunittestproject\bin\debug\netcoreapp3.1\xunittestproject.dll" id="5ecde283-9d6a-9ecb-81fe-93b9560f7b73">
      <Execution id="ed156db9-a75d-4565-af8c-8c680acfb720" />
      <TestMethod codeBase="C:\Projekty\xUnitTestProject\bin\Debug\netcoreapp3.1\xUnitTestProject.dll" adapterTypeName="executor://xunit/VsTestRunner2/netcoreapp" className="xUnitTestProject.CurrencyHelperTests" name="FormatToStringTest1000" />
    </UnitTest>
    <UnitTest name="xUnitTestProject.CurrencyHelperTests.FormatToStringTest1000(price: 5628.028273674672, expected: &quot;5628.03 zł&quot;)" storage="c:\projekty\xunittestproject\bin\debug\netcoreapp3.1\xunittestproject.dll" id="ff088bf9-c4c9-daf8-12f7-40d9669dd362">
      <Execution id="6a4ba908-16d0-47c0-8dcf-06bff58b970d" />
      <TestMethod codeBase="C:\Projekty\xUnitTestProject\bin\Debug\netcoreapp3.1\xUnitTestProject.dll" adapterTypeName="executor://xunit/VsTestRunner2/netcoreapp" className="xUnitTestProject.CurrencyHelperTests" name="FormatToStringTest1000" />
    </UnitTest>
    <UnitTest name="xUnitTestProject.CurrencyHelperTests.FormatToStringTest1000(price: 238.1379397484185, expected: &quot;238.14 zł&quot;)" storage="c:\projekty\xunittestproject\bin\debug\netcoreapp3.1\xunittestproject.dll" id="c7c04760-2233-4819-4eb3-2daf180edff4">
      <Execution id="46f01f47-25d4-4067-b934-ba37ad25d362" />
      <TestMethod codeBase="C:\Projekty\xUnitTestProject\bin\Debug\netcoreapp3.1\xUnitTestProject.dll" adapterTypeName="executor://xunit/VsTestRunner2/netcoreapp" className="xUnitTestProject.CurrencyHelperTests" name="FormatToStringTest1000" />
    </UnitTest>
    <UnitTest name="xUnitTestProject.CurrencyHelperTests.FormatToStringTest1000(price: 1208.1827589441941, expected: &quot;1208.18 zł&quot;)" storage="c:\projekty\xunittestproject\bin\debug\netcoreapp3.1\xunittestproject.dll" id="814e8347-0675-e46f-9f33-cc6368c1ff3d">
      <Execution id="13be9bf2-db17-4255-9eff-991fa816efbf" />
      <TestMethod codeBase="C:\Projekty\xUnitTestProject\bin\Debug\netcoreapp3.1\xUnitTestProject.dll" adapterTypeName="executor://xunit/VsTestRunner2/netcoreapp" className="xUnitTestProject.CurrencyHelperTests" name="FormatToStringTest1000" />
    </UnitTest>
    <UnitTest name="xUnitTestProject.CurrencyHelperTests.FormatToStringTest1000(price: 1741.3334432818617, expected: &quot;1741.33 zł&quot;)" storage="c:\projekty\xunittestproject\bin\debug\netcoreapp3.1\xunittestproject.dll" id="8027e5d6-d435-5a0d-d99c-2d9218dccb7e">
      <Execution id="c2c77ab3-76f0-4828-82eb-be57ed458fb0" />
      <TestMethod codeBase="C:\Projekty\xUnitTestProject\bin\Debug\netcoreapp3.1\xUnitTestProject.dll" adapterTypeName="executor://xunit/VsTestRunner2/netcoreapp" className="xUnitTestProject.CurrencyHelperTests" name="FormatToStringTest1000" />
    </UnitTest>
    <UnitTest name="xUnitTestProject.CurrencyHelperTests.FormatToStringTest1000(price: 1482.3501845832682, expected: &quot;1482.35 zł&quot;)" storage="c:\projekty\xunittestproject\bin\debug\netcoreapp3.1\xunittestproject.dll" id="4e988653-eb1d-5757-a9c9-94e533451c54">
      <Execution id="f8c0492d-37b6-4aff-92db-e7831ceac68f" />
      <TestMethod codeBase="C:\Projekty\xUnitTestProject\bin\Debug\netcoreapp3.1\xUnitTestProject.dll" adapterTypeName="executor://xunit/VsTestRunner2/netcoreapp" className="xUnitTestProject.CurrencyHelperTests" name="FormatToStringTest1000" />
    </UnitTest>
    <UnitTest name="xUnitTestProject.CurrencyHelperTests.FormatToStringTest1000(price: 28992.38363400166, expected: &quot;28992.38 zł&quot;)" storage="c:\projekty\xunittestproject\bin\debug\netcoreapp3.1\xunittestproject.dll" id="a735bc53-5ccf-d2d2-51e4-40be87eec2ab">
      <Execution id="3ed79380-54dc-45d3-8628-909c254ee800" />
      <TestMethod codeBase="C:\Projekty\xUnitTestProject\bin\Debug\netcoreapp3.1\xUnitTestProject.dll" adapterTypeName="executor://xunit/VsTestRunner2/netcoreapp" className="xUnitTestProject.CurrencyHelperTests" name="FormatToStringTest1000" />
    </UnitTest>
    <UnitTest name="xUnitTestProject.CurrencyHelperTests.FormatToStringTest1000(price: 13092.45389243609, expected: &quot;13092.45 zł&quot;)" storage="c:\projekty\xunittestproject\bin\debug\netcoreapp3.1\xunittestproject.dll" id="0f785118-4101-2fda-f887-c7a86673e736">
      <Execution id="6345bd29-b369-488e-94ce-bbe965088d09" />
      <TestMethod codeBase="C:\Projekty\xUnitTestProject\bin\Debug\netcoreapp3.1\xUnitTestProject.dll" adapterTypeName="executor://xunit/VsTestRunner2/netcoreapp" className="xUnitTestProject.CurrencyHelperTests" name="FormatToStringTest1000" />
    </UnitTest>
    <UnitTest name="xUnitTestProject.CurrencyHelperTests.FormatToStringTest1000(price: 40035.54711080787, expected: &quot;40035.55 zł&quot;)" storage="c:\projekty\xunittestproject\bin\debug\netcoreapp3.1\xunittestproject.dll" id="45e7282a-ab42-966d-c9cc-b039211e5621">
      <Execution id="9e1607f3-94f6-4b72-8402-75054666abbb" />
      <TestMethod codeBase="C:\Projekty\xUnitTestProject\bin\Debug\netcoreapp3.1\xUnitTestProject.dll" adapterTypeName="executor://xunit/VsTestRunner2/netcoreapp" className="xUnitTestProject.CurrencyHelperTests" name="FormatToStringTest1000" />
    </UnitTest>
    <UnitTest name="xUnitTestProject.CurrencyHelperTests.FormatToStringTest1000(price: 25135.10315489727, expected: &quot;25135.10 zł&quot;)" storage="c:\projekty\xunittestproject\bin\debug\netcoreapp3.1\xunittestproject.dll" id="8ba27476-b54b-3c26-c478-bb1e87cb663c">
      <Execution id="b2ee7600-c57d-40e6-979c-6849d3195668" />
      <TestMethod codeBase="C:\Projekty\xUnitTestProject\bin\Debug\netcoreapp3.1\xUnitTestProject.dll" adapterTypeName="executor://xunit/VsTestRunner2/netcoreapp" className="xUnitTestProject.CurrencyHelperTests" name="FormatToStringTest1000" />
    </UnitTest>
    <UnitTest name="xUnitTestProject.CurrencyHelperTests.FormatToStringTest1000(price: 15861.139287455073, expected: &quot;15861.14 zł&quot;)" storage="c:\projekty\xunittestproject\bin\debug\netcoreapp3.1\xunittestproject.dll" id="9be732dd-ee22-c2df-2aa3-eb082a5b0373">
      <Execution id="a69c2d8d-b1fc-4446-947f-2fba2ba1f2db" />
      <TestMethod codeBase="C:\Projekty\xUnitTestProject\bin\Debug\netcoreapp3.1\xUnitTestProject.dll" adapterTypeName="executor://xunit/VsTestRunner2/netcoreapp" className="xUnitTestProject.CurrencyHelperTests" name="FormatToStringTest1000" />
    </UnitTest>
    <UnitTest name="xUnitTestProject.CurrencyHelperTests.FormatToStringTest1000(price: 1073.195098933389, expected: &quot;1073.20 zł&quot;)" storage="c:\projekty\xunittestproject\bin\debug\netcoreapp3.1\xunittestproject.dll" id="45c93144-7308-3312-8730-30e05720d551">
      <Execution id="f0cd0389-e15f-4a02-a9a5-de2c84a15f4e" />
      <TestMethod codeBase="C:\Projekty\xUnitTestProject\bin\Debug\netcoreapp3.1\xUnitTestProject.dll" adapterTypeName="executor://xunit/VsTestRunner2/netcoreapp" className="xUnitTestProject.CurrencyHelperTests" name="FormatToStringTest1000" />
    </UnitTest>
    <UnitTest name="xUnitTestProject.CurrencyHelperTests.FormatToStringTest1000(price: 28583.827618148098, expected: &quot;28583.83 zł&quot;)" storage="c:\projekty\xunittestproject\bin\debug\netcoreapp3.1\xunittestproject.dll" id="020066de-5c14-b477-efe9-293da5e965f0">
      <Execution id="296e402d-9d46-4909-9e59-208b8e4ec0f2" />
      <TestMethod codeBase="C:\Projekty\xUnitTestProject\bin\Debug\netcoreapp3.1\xUnitTestProject.dll" adapterTypeName="executor://xunit/VsTestRunner2/netcoreapp" className="xUnitTestProject.CurrencyHelperTests" name="FormatToStringTest1000" />
    </UnitTest>
    <UnitTest name="xUnitTestProject.CurrencyHelperTests.FormatToStringTest1000(price: 9765.54450809748, expected: &quot;9765.54 zł&quot;)" storage="c:\projekty\xunittestproject\bin\debug\netcoreapp3.1\xunittestproject.dll" id="3f3f2250-01f3-21dd-18d8-8a073a42cac3">
      <Execution id="348e4869-4d44-423c-8c3c-444ee731fa25" />
      <TestMethod codeBase="C:\Projekty\xUnitTestProject\bin\Debug\netcoreapp3.1\xUnitTestProject.dll" adapterTypeName="executor://xunit/VsTestRunner2/netcoreapp" className="xUnitTestProject.CurrencyHelperTests" name="FormatToStringTest1000" />
    </UnitTest>
    <UnitTest name="xUnitTestProject.CurrencyHelperTests.FormatToStringTest1000(price: 626.135364110179, expected: &quot;626.14 zł&quot;)" storage="c:\projekty\xunittestproject\bin\debug\netcoreapp3.1\xunittestproject.dll" id="369e9363-5592-8231-38fe-e3c32cfca4c4">
      <Execution id="ed7df28b-483b-458b-acbe-79c568941833" />
      <TestMethod codeBase="C:\Projekty\xUnitTestProject\bin\Debug\netcoreapp3.1\xUnitTestProject.dll" adapterTypeName="executor://xunit/VsTestRunner2/netcoreapp" className="xUnitTestProject.CurrencyHelperTests" name="FormatToStringTest1000" />
    </UnitTest>
    <UnitTest name="xUnitTestProject.CurrencyHelperTests.FormatToStringTest1000(price: 10495.622655484185, expected: &quot;10495.62 zł&quot;)" storage="c:\projekty\xunittestproject\bin\debug\netcoreapp3.1\xunittestproject.dll" id="4608b597-f016-aaeb-6cec-43c6a698815f">
      <Execution id="0ecd231b-f95c-4528-88fb-e008c2f71e85" />
      <TestMethod codeBase="C:\Projekty\xUnitTestProject\bin\Debug\netcoreapp3.1\xUnitTestProject.dll" adapterTypeName="executor://xunit/VsTestRunner2/netcoreapp" className="xUnitTestProject.CurrencyHelperTests" name="FormatToStringTest1000" />
    </UnitTest>
    <UnitTest name="xUnitTestProject.CurrencyHelperTests.FormatToStringTest1000(price: 286.92120604539343, expected: &quot;286.92 zł&quot;)" storage="c:\projekty\xunittestproject\bin\debug\netcoreapp3.1\xunittestproject.dll" id="83514fd2-fce2-f5cf-b4b1-7b2bd8509222">
      <Execution id="663f588e-a586-4a88-92ac-994b7ab17d83" />
      <TestMethod codeBase="C:\Projekty\xUnitTestProject\bin\Debug\netcoreapp3.1\xUnitTestProject.dll" adapterTypeName="executor://xunit/VsTestRunner2/netcoreapp" className="xUnitTestProject.CurrencyHelperTests" name="FormatToStringTest1000" />
    </UnitTest>
    <UnitTest name="xUnitTestProject.CurrencyHelperTests.FormatToStringTest1000(price: 22666.13578912995, expected: &quot;22666.14 zł&quot;)" storage="c:\projekty\xunittestproject\bin\debug\netcoreapp3.1\xunittestproject.dll" id="cff23f42-1941-5ae0-6937-50ea8e98f70a">
      <Execution id="1a843298-5003-4fb7-a4c7-6fe08590a648" />
      <TestMethod codeBase="C:\Projekty\xUnitTestProject\bin\Debug\netcoreapp3.1\xUnitTestProject.dll" adapterTypeName="executor://xunit/VsTestRunner2/netcoreapp" className="xUnitTestProject.CurrencyHelperTests" name="FormatToStringTest1000" />
    </UnitTest>
    <UnitTest name="xUnitTestProject.CurrencyHelperTests.FormatToStringTest1000(price: 12429.698213906819, expected: &quot;12429.70 zł&quot;)" storage="c:\projekty\xunittestproject\bin\debug\netcoreapp3.1\xunittestproject.dll" id="fe704e3e-6170-ffae-ef99-e24643abf4f9">
      <Execution id="61f425d3-a992-4448-9017-d9a08178b6b8" />
      <TestMethod codeBase="C:\Projekty\xUnitTestProject\bin\Debug\netcoreapp3.1\xUnitTestProject.dll" adapterTypeName="executor://xunit/VsTestRunner2/netcoreapp" className="xUnitTestProject.CurrencyHelperTests" name="FormatToStringTest1000" />
    </UnitTest>
    <UnitTest name="xUnitTestProject.CurrencyHelperTests.FormatToStringTest1000(price: 21281.64584727662, expected: &quot;21281.65 zł&quot;)" storage="c:\projekty\xunittestproject\bin\debug\netcoreapp3.1\xunittestproject.dll" id="80f5a640-ad10-06cf-9198-39d7a4c7c709">
      <Execution id="87ea27d3-fb8b-4ecc-a69d-a2a62c689abc" />
      <TestMethod codeBase="C:\Projekty\xUnitTestProject\bin\Debug\netcoreapp3.1\xUnitTestProject.dll" adapterTypeName="executor://xunit/VsTestRunner2/netcoreapp" className="xUnitTestProject.CurrencyHelperTests" name="FormatToStringTest1000" />
    </UnitTest>
    <UnitTest name="xUnitTestProject.CurrencyHelperTests.FormatToStringTest1000(price: 6665.405372488035, expected: &quot;6665.41 zł&quot;)" storage="c:\projekty\xunittestproject\bin\debug\netcoreapp3.1\xunittestproject.dll" id="1b17bc60-8954-8c6a-08e7-e6fe2f215cc6">
      <Execution id="757f6d35-c885-4df2-8d32-21d391e9df5d" />
      <TestMethod codeBase="C:\Projekty\xUnitTestProject\bin\Debug\netcoreapp3.1\xUnitTestProject.dll" adapterTypeName="executor://xunit/VsTestRunner2/netcoreapp" className="xUnitTestProject.CurrencyHelperTests" name="FormatToStringTest1000" />
    </UnitTest>
    <UnitTest name="xUnitTestProject.CurrencyHelperTests.FormatToStringTest1000(price: 26515.80237687929, expected: &quot;26515.80 zł&quot;)" storage="c:\projekty\xunittestproject\bin\debug\netcoreapp3.1\xunittestproject.dll" id="0a42a686-a011-6952-a95e-fae33dbe0b19">
      <Execution id="5e69be3e-52f5-44f0-b5d1-c176fc56e63c" />
      <TestMethod codeBase="C:\Projekty\xUnitTestProject\bin\Debug\netcoreapp3.1\xUnitTestProject.dll" adapterTypeName="executor://xunit/VsTestRunner2/netcoreapp" className="xUnitTestProject.CurrencyHelperTests" name="FormatToStringTest1000" />
    </UnitTest>
    <UnitTest name="xUnitTestProject.CurrencyHelperTests.FormatToStringTest1000(price: 964.9678631783313, expected: &quot;964.97 zł&quot;)" storage="c:\projekty\xunittestproject\bin\debug\netcoreapp3.1\xunittestproject.dll" id="6741f227-11b2-eae5-6fc9-c96d18a30eb3">
      <Execution id="aadafd35-277b-4dd5-8b25-61bac11f20f1" />
      <TestMethod codeBase="C:\Projekty\xUnitTestProject\bin\Debug\netcoreapp3.1\xUnitTestProject.dll" adapterTypeName="executor://xunit/VsTestRunner2/netcoreapp" className="xUnitTestProject.CurrencyHelperTests" name="FormatToStringTest1000" />
    </UnitTest>
    <UnitTest name="xUnitTestProject.CurrencyHelperTests.FormatToStringTest1000(price: 32863.31705269558, expected: &quot;32863.32 zł&quot;)" storage="c:\projekty\xunittestproject\bin\debug\netcoreapp3.1\xunittestproject.dll" id="fb80c2cc-1ba4-25ca-1501-33134270fed0">
      <Execution id="ef387b10-d68b-47d5-93cf-b71e86a46008" />
      <TestMethod codeBase="C:\Projekty\xUnitTestProject\bin\Debug\netcoreapp3.1\xUnitTestProject.dll" adapterTypeName="executor://xunit/VsTestRunner2/netcoreapp" className="xUnitTestProject.CurrencyHelperTests" name="FormatToStringTest1000" />
    </UnitTest>
    <UnitTest name="xUnitTestProject.CurrencyHelperTests.FormatToStringTest1000(price: 13844.577623300524, expected: &quot;13844.58 zł&quot;)" storage="c:\projekty\xunittestproject\bin\debug\netcoreapp3.1\xunittestproject.dll" id="2b440940-2efe-cdba-d4a2-2746340ee3bc">
      <Execution id="f2c840c3-37c9-41b5-b5ab-d01916ee1346" />
      <TestMethod codeBase="C:\Projekty\xUnitTestProject\bin\Debug\netcoreapp3.1\xUnitTestProject.dll" adapterTypeName="executor://xunit/VsTestRunner2/netcoreapp" className="xUnitTestProject.CurrencyHelperTests" name="FormatToStringTest1000" />
    </UnitTest>
    <UnitTest name="xUnitTestProject.CurrencyHelperTests.FormatToStringTest1000(price: 1181.5773122979222, expected: &quot;1181.58 zł&quot;)" storage="c:\projekty\xunittestproject\bin\debug\netcoreapp3.1\xunittestproject.dll" id="c212e24b-1c29-9890-50c8-57d6096284d3">
      <Execution id="90d854ba-ab59-4d9c-888f-20d3e894c040" />
      <TestMethod codeBase="C:\Projekty\xUnitTestProject\bin\Debug\netcoreapp3.1\xUnitTestProject.dll" adapterTypeName="executor://xunit/VsTestRunner2/netcoreapp" className="xUnitTestProject.CurrencyHelperTests" name="FormatToStringTest1000" />
    </UnitTest>
    <UnitTest name="xUnitTestProject.CurrencyHelperTests.FormatToStringTest1000(price: 45739.569854490255, expected: &quot;45739.57 zł&quot;)" storage="c:\projekty\xunittestproject\bin\debug\netcoreapp3.1\xunittestproject.dll" id="9f62336d-d2a3-438a-9707-488b6a94c792">
      <Execution id="a9c8f4eb-edac-4c28-bcd8-914ba3324bf9" />
      <TestMethod codeBase="C:\Projekty\xUnitTestProject\bin\Debug\netcoreapp3.1\xUnitTestProject.dll" adapterTypeName="executor://xunit/VsTestRunner2/netcoreapp" className="xUnitTestProject.CurrencyHelperTests" name="FormatToStringTest1000" />
    </UnitTest>
    <UnitTest name="xUnitTestProject.CurrencyHelperTests.FormatToStringTest1000(price: 31290.71396233687, expected: &quot;31290.71 zł&quot;)" storage="c:\projekty\xunittestproject\bin\debug\netcoreapp3.1\xunittestproject.dll" id="52dd4d5a-f28a-3449-7987-33dfda351248">
      <Execution id="01bad0d7-cb6e-421d-9f00-9f196f5ecb40" />
      <TestMethod codeBase="C:\Projekty\xUnitTestProject\bin\Debug\netcoreapp3.1\xUnitTestProject.dll" adapterTypeName="executor://xunit/VsTestRunner2/netcoreapp" className="xUnitTestProject.CurrencyHelperTests" name="FormatToStringTest1000" />
    </UnitTest>
    <UnitTest name="xUnitTestProject.CurrencyHelperTests.FormatToStringTest1000(price: 57525.72988993569, expected: &quot;57525.73 zł&quot;)" storage="c:\projekty\xunittestproject\bin\debug\netcoreapp3.1\xunittestproject.dll" id="0abcfe7a-76aa-b17b-ee97-af3fbbea9a33">
      <Execution id="d973dca8-cef6-4b6b-9640-9358ae33f9d3" />
      <TestMethod codeBase="C:\Projekty\xUnitTestProject\bin\Debug\netcoreapp3.1\xUnitTestProject.dll" adapterTypeName="executor://xunit/VsTestRunner2/netcoreapp" className="xUnitTestProject.CurrencyHelperTests" name="FormatToStringTest1000" />
    </UnitTest>
    <UnitTest name="xUnitTestProject.CurrencyHelperTests.FormatToStringTest1000(price: 1963.0091662979728, expected: &quot;1963.01 zł&quot;)" storage="c:\projekty\xunittestproject\bin\debug\netcoreapp3.1\xunittestproject.dll" id="1230a279-f763-f5b9-8b74-e3286d54a1e7">
      <Execution id="0e28dbe2-214b-43a3-90d9-43bf38e78f0b" />
      <TestMethod codeBase="C:\Projekty\xUnitTestProject\bin\Debug\netcoreapp3.1\xUnitTestProject.dll" adapterTypeName="executor://xunit/VsTestRunner2/netcoreapp" className="xUnitTestProject.CurrencyHelperTests" name="FormatToStringTest1000" />
    </UnitTest>
    <UnitTest name="xUnitTestProject.CurrencyHelperTests.FormatToStringTest1000(price: 70581.91150977784, expected: &quot;70581.91 zł&quot;)" storage="c:\projekty\xunittestproject\bin\debug\netcoreapp3.1\xunittestproject.dll" id="d810e333-5279-6858-6f15-bdf834685746">
      <Execution id="78b74e54-53bc-4a93-85c8-0598a4929dc7" />
      <TestMethod codeBase="C:\Projekty\xUnitTestProject\bin\Debug\netcoreapp3.1\xUnitTestProject.dll" adapterTypeName="executor://xunit/VsTestRunner2/netcoreapp" className="xUnitTestProject.CurrencyHelperTests" name="FormatToStringTest1000" />
    </UnitTest>
    <UnitTest name="xUnitTestProject.CurrencyHelperTests.FormatToStringTest1000(price: 28579.14698705503, expected: &quot;28579.15 zł&quot;)" storage="c:\projekty\xunittestproject\bin\debug\netcoreapp3.1\xunittestproject.dll" id="30971562-18c2-709e-97a4-74161badb09c">
      <Execution id="ebcd964d-cd44-45f4-9e16-26db7f965477" />
      <TestMethod codeBase="C:\Projekty\xUnitTestProject\bin\Debug\netcoreapp3.1\xUnitTestProject.dll" adapterTypeName="executor://xunit/VsTestRunner2/netcoreapp" className="xUnitTestProject.CurrencyHelperTests" name="FormatToStringTest1000" />
    </UnitTest>
    <UnitTest name="xUnitTestProject.CurrencyHelperTests.FormatToStringTest1000(price: 19783.413847500186, expected: &quot;19783.41 zł&quot;)" storage="c:\projekty\xunittestproject\bin\debug\netcoreapp3.1\xunittestproject.dll" id="c5439243-290e-2a67-aa6b-588710f39fb3">
      <Execution id="b56adfb4-6a1f-419e-93c0-19229624c394" />
      <TestMethod codeBase="C:\Projekty\xUnitTestProject\bin\Debug\netcoreapp3.1\xUnitTestProject.dll" adapterTypeName="executor://xunit/VsTestRunner2/netcoreapp" className="xUnitTestProject.CurrencyHelperTests" name="FormatToStringTest1000" />
    </UnitTest>
    <UnitTest name="xUnitTestProject.CurrencyHelperTests.FormatToStringTest1000(price: 29926.595417457444, expected: &quot;29926.60 zł&quot;)" storage="c:\projekty\xunittestproject\bin\debug\netcoreapp3.1\xunittestproject.dll" id="11729d1c-6c6a-9fce-9d88-8ebfff125cf6">
      <Execution id="482fdc2a-be1a-429b-8d27-4fbe382fe94f" />
      <TestMethod codeBase="C:\Projekty\xUnitTestProject\bin\Debug\netcoreapp3.1\xUnitTestProject.dll" adapterTypeName="executor://xunit/VsTestRunner2/netcoreapp" className="xUnitTestProject.CurrencyHelperTests" name="FormatToStringTest1000" />
    </UnitTest>
    <UnitTest name="xUnitTestProject.CurrencyHelperTests.FormatToStringTest1000(price: 48084.94422955389, expected: &quot;48084.94 zł&quot;)" storage="c:\projekty\xunittestproject\bin\debug\netcoreapp3.1\xunittestproject.dll" id="5aa929b3-dac1-52ec-e2ea-8e7fca692c42">
      <Execution id="0de4eb53-c119-4465-8ff0-1e5e3216a1a8" />
      <TestMethod codeBase="C:\Projekty\xUnitTestProject\bin\Debug\netcoreapp3.1\xUnitTestProject.dll" adapterTypeName="executor://xunit/VsTestRunner2/netcoreapp" className="xUnitTestProject.CurrencyHelperTests" name="FormatToStringTest1000" />
    </UnitTest>
    <UnitTest name="xUnitTestProject.CurrencyHelperTests.FormatToStringTest1000(price: 75350.77330865282, expected: &quot;75350.77 zł&quot;)" storage="c:\projekty\xunittestproject\bin\debug\netcoreapp3.1\xunittestproject.dll" id="b6db6a04-ac79-c80a-e7d6-d9ff2d42f5f4">
      <Execution id="1f29cc35-c132-44f3-a01c-551cf593eb46" />
      <TestMethod codeBase="C:\Projekty\xUnitTestProject\bin\Debug\netcoreapp3.1\xUnitTestProject.dll" adapterTypeName="executor://xunit/VsTestRunner2/netcoreapp" className="xUnitTestProject.CurrencyHelperTests" name="FormatToStringTest1000" />
    </UnitTest>
    <UnitTest name="xUnitTestProject.CurrencyHelperTests.FormatToStringTest1000(price: 8013.1229931903645, expected: &quot;8013.12 zł&quot;)" storage="c:\projekty\xunittestproject\bin\debug\netcoreapp3.1\xunittestproject.dll" id="d995492a-671e-36ff-0d73-ec59a569933d">
      <Execution id="ac722f2e-6c9b-44e3-897a-5b2f47b2f54b" />
      <TestMethod codeBase="C:\Projekty\xUnitTestProject\bin\Debug\netcoreapp3.1\xUnitTestProject.dll" adapterTypeName="executor://xunit/VsTestRunner2/netcoreapp" className="xUnitTestProject.CurrencyHelperTests" name="FormatToStringTest1000" />
    </UnitTest>
    <UnitTest name="xUnitTestProject.CurrencyHelperTests.FormatToStringTest1000(price: 2423.6182769712145, expected: &quot;2423.62 zł&quot;)" storage="c:\projekty\xunittestproject\bin\debug\netcoreapp3.1\xunittestproject.dll" id="52ac0864-3141-85db-5ec0-9dd50f51b247">
      <Execution id="490617df-4ade-4afe-a980-d19acfd1337f" />
      <TestMethod codeBase="C:\Projekty\xUnitTestProject\bin\Debug\netcoreapp3.1\xUnitTestProject.dll" adapterTypeName="executor://xunit/VsTestRunner2/netcoreapp" className="xUnitTestProject.CurrencyHelperTests" name="FormatToStringTest1000" />
    </UnitTest>
    <UnitTest name="xUnitTestProject.CurrencyHelperTests.FormatToStringTest1000(price: 29474.095826699442, expected: &quot;29474.10 zł&quot;)" storage="c:\projekty\xunittestproject\bin\debug\netcoreapp3.1\xunittestproject.dll" id="8e549758-1d04-7bb3-a187-b61fc529196f">
      <Execution id="f1e1854a-e7e7-486f-b5e8-b3e2deb31174" />
      <TestMethod codeBase="C:\Projekty\xUnitTestProject\bin\Debug\netcoreapp3.1\xUnitTestProject.dll" adapterTypeName="executor://xunit/VsTestRunner2/netcoreapp" className="xUnitTestProject.CurrencyHelperTests" name="FormatToStringTest1000" />
    </UnitTest>
    <UnitTest name="xUnitTestProject.CurrencyHelperTests.FormatToStringTest1000(price: 25116.590135570892, expected: &quot;25116.59 zł&quot;)" storage="c:\projekty\xunittestproject\bin\debug\netcoreapp3.1\xunittestproject.dll" id="56913f03-b8f6-5435-d407-8c8e9508f433">
      <Execution id="8efe8922-ed76-4430-9b0b-dccd7cf0904e" />
      <TestMethod codeBase="C:\Projekty\xUnitTestProject\bin\Debug\netcoreapp3.1\xUnitTestProject.dll" adapterTypeName="executor://xunit/VsTestRunner2/netcoreapp" className="xUnitTestProject.CurrencyHelperTests" name="FormatToStringTest1000" />
    </UnitTest>
    <UnitTest name="xUnitTestProject.CurrencyHelperTests.FormatToStringTest1000(price: 6752.510462437062, expected: &quot;6752.51 zł&quot;)" storage="c:\projekty\xunittestproject\bin\debug\netcoreapp3.1\xunittestproject.dll" id="3dca0048-5c2b-c7cd-4eca-6367cfc4f1ca">
      <Execution id="d953e38c-e4e5-4be6-9ed5-2014f9de0734" />
      <TestMethod codeBase="C:\Projekty\xUnitTestProject\bin\Debug\netcoreapp3.1\xUnitTestProject.dll" adapterTypeName="executor://xunit/VsTestRunner2/netcoreapp" className="xUnitTestProject.CurrencyHelperTests" name="FormatToStringTest1000" />
    </UnitTest>
    <UnitTest name="xUnitTestProject.CurrencyHelperTests.FormatToStringTest1000(price: 10511.7304983189, expected: &quot;10511.73 zł&quot;)" storage="c:\projekty\xunittestproject\bin\debug\netcoreapp3.1\xunittestproject.dll" id="c08a791c-2a2e-8ef9-53c2-680714283837">
      <Execution id="78009fc0-b239-4d91-a465-3461c3b9b35d" />
      <TestMethod codeBase="C:\Projekty\xUnitTestProject\bin\Debug\netcoreapp3.1\xUnitTestProject.dll" adapterTypeName="executor://xunit/VsTestRunner2/netcoreapp" className="xUnitTestProject.CurrencyHelperTests" name="FormatToStringTest1000" />
    </UnitTest>
    <UnitTest name="xUnitTestProject.CurrencyHelperTests.FormatToStringTest1000(price: 16161.963229990548, expected: &quot;16161.96 zł&quot;)" storage="c:\projekty\xunittestproject\bin\debug\netcoreapp3.1\xunittestproject.dll" id="5fa53206-edec-8295-28b6-5eb1541e56b6">
      <Execution id="c99465ee-fa4c-4523-a441-86082de847b1" />
      <TestMethod codeBase="C:\Projekty\xUnitTestProject\bin\Debug\netcoreapp3.1\xUnitTestProject.dll" adapterTypeName="executor://xunit/VsTestRunner2/netcoreapp" className="xUnitTestProject.CurrencyHelperTests" name="FormatToStringTest1000" />
    </UnitTest>
    <UnitTest name="xUnitTestProject.CurrencyHelperTests.FormatToStringTest1000(price: 13323.876109275909, expected: &quot;13323.88 zł&quot;)" storage="c:\projekty\xunittestproject\bin\debug\netcoreapp3.1\xunittestproject.dll" id="a8d731c5-67df-9575-20e2-4e702b3d5817">
      <Execution id="fbd3e819-eb91-4380-90c2-75fb711b6de6" />
      <TestMethod codeBase="C:\Projekty\xUnitTestProject\bin\Debug\netcoreapp3.1\xUnitTestProject.dll" adapterTypeName="executor://xunit/VsTestRunner2/netcoreapp" className="xUnitTestProject.CurrencyHelperTests" name="FormatToStringTest1000" />
    </UnitTest>
    <UnitTest name="xUnitTestProject.CurrencyHelperTests.FormatToStringTest1000(price: 50585.83664522778, expected: &quot;50585.84 zł&quot;)" storage="c:\projekty\xunittestproject\bin\debug\netcoreapp3.1\xunittestproject.dll" id="a89532f2-9366-df90-5e03-76517aae2ef6">
      <Execution id="5d917cc5-1357-4b09-a76d-605778b4d54f" />
      <TestMethod codeBase="C:\Projekty\xUnitTestProject\bin\Debug\netcoreapp3.1\xUnitTestProject.dll" adapterTypeName="executor://xunit/VsTestRunner2/netcoreapp" className="xUnitTestProject.CurrencyHelperTests" name="FormatToStringTest1000" />
    </UnitTest>
    <UnitTest name="xUnitTestProject.CurrencyHelperTests.FormatToStringTest1000(price: 10994.251866986162, expected: &quot;10994.25 zł&quot;)" storage="c:\projekty\xunittestproject\bin\debug\netcoreapp3.1\xunittestproject.dll" id="b903f011-25d7-d156-43c9-1974a38b345d">
      <Execution id="9ce75b0e-d273-4171-a163-ef05375310ca" />
      <TestMethod codeBase="C:\Projekty\xUnitTestProject\bin\Debug\netcoreapp3.1\xUnitTestProject.dll" adapterTypeName="executor://xunit/VsTestRunner2/netcoreapp" className="xUnitTestProject.CurrencyHelperTests" name="FormatToStringTest1000" />
    </UnitTest>
    <UnitTest name="xUnitTestProject.CurrencyHelperTests.FormatToStringTest1000(price: 545.7016866634142, expected: &quot;545.70 zł&quot;)" storage="c:\projekty\xunittestproject\bin\debug\netcoreapp3.1\xunittestproject.dll" id="63140182-f7a2-6346-fbd9-3f80901df2c9">
      <Execution id="3b8463dc-9370-4e0c-8d89-04cc5fee4fa9" />
      <TestMethod codeBase="C:\Projekty\xUnitTestProject\bin\Debug\netcoreapp3.1\xUnitTestProject.dll" adapterTypeName="executor://xunit/VsTestRunner2/netcoreapp" className="xUnitTestProject.CurrencyHelperTests" name="FormatToStringTest1000" />
    </UnitTest>
    <UnitTest name="xUnitTestProject.CurrencyHelperTests.FormatToStringTest1000(price: 26885.71162707904, expected: &quot;26885.71 zł&quot;)" storage="c:\projekty\xunittestproject\bin\debug\netcoreapp3.1\xunittestproject.dll" id="e6cc0868-2b09-9996-1473-6fd522e2da29">
      <Execution id="f19fe494-be52-4261-9775-8bbb085881c8" />
      <TestMethod codeBase="C:\Projekty\xUnitTestProject\bin\Debug\netcoreapp3.1\xUnitTestProject.dll" adapterTypeName="executor://xunit/VsTestRunner2/netcoreapp" className="xUnitTestProject.CurrencyHelperTests" name="FormatToStringTest1000" />
    </UnitTest>
    <UnitTest name="xUnitTestProject.CurrencyHelperTests.FormatToStringTest1000(price: 30031.89550569323, expected: &quot;30031.90 zł&quot;)" storage="c:\projekty\xunittestproject\bin\debug\netcoreapp3.1\xunittestproject.dll" id="c5aa0d75-50a2-309f-29ef-6a7a3d1053ab">
      <Execution id="a3838e11-c0cf-4f25-8ccb-6b18f07410a0" />
      <TestMethod codeBase="C:\Projekty\xUnitTestProject\bin\Debug\netcoreapp3.1\xUnitTestProject.dll" adapterTypeName="executor://xunit/VsTestRunner2/netcoreapp" className="xUnitTestProject.CurrencyHelperTests" name="FormatToStringTest1000" />
    </UnitTest>
    <UnitTest name="xUnitTestProject.CurrencyHelperTests.FormatToStringTest1000(price: 21893.78889296939, expected: &quot;21893.79 zł&quot;)" storage="c:\projekty\xunittestproject\bin\debug\netcoreapp3.1\xunittestproject.dll" id="a006362c-c876-0d68-dfa7-4b9381a2f95f">
      <Execution id="59429871-fdd0-4803-88b9-fe68831e2e50" />
      <TestMethod codeBase="C:\Projekty\xUnitTestProject\bin\Debug\netcoreapp3.1\xUnitTestProject.dll" adapterTypeName="executor://xunit/VsTestRunner2/netcoreapp" className="xUnitTestProject.CurrencyHelperTests" name="FormatToStringTest1000" />
    </UnitTest>
    <UnitTest name="xUnitTestProject.CurrencyHelperTests.FormatToStringTest1000(price: 759.247198292635, expected: &quot;759.25 zł&quot;)" storage="c:\projekty\xunittestproject\bin\debug\netcoreapp3.1\xunittestproject.dll" id="5c957f35-8133-124f-9f1e-c78d4730fe22">
      <Execution id="8c0dfa59-99e2-48b1-9742-a2fba555a6bf" />
      <TestMethod codeBase="C:\Projekty\xUnitTestProject\bin\Debug\netcoreapp3.1\xUnitTestProject.dll" adapterTypeName="executor://xunit/VsTestRunner2/netcoreapp" className="xUnitTestProject.CurrencyHelperTests" name="FormatToStringTest1000" />
    </UnitTest>
    <UnitTest name="xUnitTestProject.CurrencyHelperTests.FormatToStringTest1000(price: 14459.57059750686, expected: &quot;14459.57 zł&quot;)" storage="c:\projekty\xunittestproject\bin\debug\netcoreapp3.1\xunittestproject.dll" id="4125f8c2-231a-89ba-d149-611a4ab9d212">
      <Execution id="0dbebd37-8e0a-47ba-80e5-b3eb209c83b9" />
      <TestMethod codeBase="C:\Projekty\xUnitTestProject\bin\Debug\netcoreapp3.1\xUnitTestProject.dll" adapterTypeName="executor://xunit/VsTestRunner2/netcoreapp" className="xUnitTestProject.CurrencyHelperTests" name="FormatToStringTest1000" />
    </UnitTest>
    <UnitTest name="xUnitTestProject.CurrencyHelperTests.FormatToStringTest1000(price: 68507.83928906724, expected: &quot;68507.84 zł&quot;)" storage="c:\projekty\xunittestproject\bin\debug\netcoreapp3.1\xunittestproject.dll" id="ec5e31f8-0a43-1c03-8691-e70ecfdbfc69">
      <Execution id="b1828fc7-d131-4bf9-ab77-e3ab304c70f6" />
      <TestMethod codeBase="C:\Projekty\xUnitTestProject\bin\Debug\netcoreapp3.1\xUnitTestProject.dll" adapterTypeName="executor://xunit/VsTestRunner2/netcoreapp" className="xUnitTestProject.CurrencyHelperTests" name="FormatToStringTest1000" />
    </UnitTest>
    <UnitTest name="xUnitTestProject.CurrencyHelperTests.FormatToStringTest1000(price: 11157.981051815665, expected: &quot;11157.98 zł&quot;)" storage="c:\projekty\xunittestproject\bin\debug\netcoreapp3.1\xunittestproject.dll" id="6e911663-e259-5040-7b6f-54c63fac8b3c">
      <Execution id="c225accf-bc17-40c1-928c-80acabef55a9" />
      <TestMethod codeBase="C:\Projekty\xUnitTestProject\bin\Debug\netcoreapp3.1\xUnitTestProject.dll" adapterTypeName="executor://xunit/VsTestRunner2/netcoreapp" className="xUnitTestProject.CurrencyHelperTests" name="FormatToStringTest1000" />
    </UnitTest>
    <UnitTest name="xUnitTestProject.CurrencyHelperTests.FormatToStringTest1000(price: 2975.6892256134606, expected: &quot;2975.69 zł&quot;)" storage="c:\projekty\xunittestproject\bin\debug\netcoreapp3.1\xunittestproject.dll" id="186c8c1a-303f-5daa-ee87-7bdde9795321">
      <Execution id="4ec3572d-d50f-422b-a983-534fc1b22721" />
      <TestMethod codeBase="C:\Projekty\xUnitTestProject\bin\Debug\netcoreapp3.1\xUnitTestProject.dll" adapterTypeName="executor://xunit/VsTestRunner2/netcoreapp" className="xUnitTestProject.CurrencyHelperTests" name="FormatToStringTest1000" />
    </UnitTest>
    <UnitTest name="xUnitTestProject.CurrencyHelperTests.FormatToStringTest1000(price: 1662.8482664818168, expected: &quot;1662.85 zł&quot;)" storage="c:\projekty\xunittestproject\bin\debug\netcoreapp3.1\xunittestproject.dll" id="afbbae00-ce73-0862-4d3c-578f15f46774">
      <Execution id="d922a1fd-1b0b-4805-be48-628c311a9322" />
      <TestMethod codeBase="C:\Projekty\xUnitTestProject\bin\Debug\netcoreapp3.1\xUnitTestProject.dll" adapterTypeName="executor://xunit/VsTestRunner2/netcoreapp" className="xUnitTestProject.CurrencyHelperTests" name="FormatToStringTest1000" />
    </UnitTest>
    <UnitTest name="xUnitTestProject.CurrencyHelperTests.FormatToStringTest1000(price: 1664.7834932994022, expected: &quot;1664.78 zł&quot;)" storage="c:\projekty\xunittestproject\bin\debug\netcoreapp3.1\xunittestproject.dll" id="bcf772d6-bc03-8db6-964e-e43c8f396083">
      <Execution id="be04ed13-ed10-434d-a391-fd0fa3778740" />
      <TestMethod codeBase="C:\Projekty\xUnitTestProject\bin\Debug\netcoreapp3.1\xUnitTestProject.dll" adapterTypeName="executor://xunit/VsTestRunner2/netcoreapp" className="xUnitTestProject.CurrencyHelperTests" name="FormatToStringTest1000" />
    </UnitTest>
    <UnitTest name="xUnitTestProject.CurrencyHelperTests.FormatToStringTest1000(price: 97129.75160633575, expected: &quot;97129.75 zł&quot;)" storage="c:\projekty\xunittestproject\bin\debug\netcoreapp3.1\xunittestproject.dll" id="2ebec913-cd49-9310-605b-052ec9777212">
      <Execution id="6b9b9619-91dc-4227-b500-3b74dfff79f3" />
      <TestMethod codeBase="C:\Projekty\xUnitTestProject\bin\Debug\netcoreapp3.1\xUnitTestProject.dll" adapterTypeName="executor://xunit/VsTestRunner2/netcoreapp" className="xUnitTestProject.CurrencyHelperTests" name="FormatToStringTest1000" />
    </UnitTest>
    <UnitTest name="xUnitTestProject.CurrencyHelperTests.FormatToStringTest1000(price: 36320.770035296104, expected: &quot;36320.77 zł&quot;)" storage="c:\projekty\xunittestproject\bin\debug\netcoreapp3.1\xunittestproject.dll" id="d380f6a1-83cc-0c12-360c-ba81b340bce2">
      <Execution id="c07ad6ec-e34d-4888-9a77-b72454532c65" />
      <TestMethod codeBase="C:\Projekty\xUnitTestProject\bin\Debug\netcoreapp3.1\xUnitTestProject.dll" adapterTypeName="executor://xunit/VsTestRunner2/netcoreapp" className="xUnitTestProject.CurrencyHelperTests" name="FormatToStringTest1000" />
    </UnitTest>
    <UnitTest name="xUnitTestProject.CurrencyHelperTests.FormatToStringTest1000(price: 19519.4298413505, expected: &quot;19519.43 zł&quot;)" storage="c:\projekty\xunittestproject\bin\debug\netcoreapp3.1\xunittestproject.dll" id="c2e7dabf-153e-40d2-4e35-e0a4cdae5b80">
      <Execution id="0bb5fe08-c21f-4985-b888-4398d1e8ff94" />
      <TestMethod codeBase="C:\Projekty\xUnitTestProject\bin\Debug\netcoreapp3.1\xUnitTestProject.dll" adapterTypeName="executor://xunit/VsTestRunner2/netcoreapp" className="xUnitTestProject.CurrencyHelperTests" name="FormatToStringTest1000" />
    </UnitTest>
    <UnitTest name="xUnitTestProject.CurrencyHelperTests.FormatToStringTest1000(price: 35065.40267025652, expected: &quot;35065.40 zł&quot;)" storage="c:\projekty\xunittestproject\bin\debug\netcoreapp3.1\xunittestproject.dll" id="0d7a2cf9-13e2-7888-b21b-f6464a19d4c6">
      <Execution id="65b70829-a6b7-4be2-8bbb-1eefd9a7e5cb" />
      <TestMethod codeBase="C:\Projekty\xUnitTestProject\bin\Debug\netcoreapp3.1\xUnitTestProject.dll" adapterTypeName="executor://xunit/VsTestRunner2/netcoreapp" className="xUnitTestProject.CurrencyHelperTests" name="FormatToStringTest1000" />
    </UnitTest>
    <UnitTest name="xUnitTestProject.CurrencyHelperTests.FormatToStringTest1000(price: 15624.452361264477, expected: &quot;15624.45 zł&quot;)" storage="c:\projekty\xunittestproject\bin\debug\netcoreapp3.1\xunittestproject.dll" id="7f9e1a03-9e41-8ac9-4d40-38aecad4670f">
      <Execution id="5b3aa7d7-8edc-4241-8db1-84a07de5cf30" />
      <TestMethod codeBase="C:\Projekty\xUnitTestProject\bin\Debug\netcoreapp3.1\xUnitTestProject.dll" adapterTypeName="executor://xunit/VsTestRunner2/netcoreapp" className="xUnitTestProject.CurrencyHelperTests" name="FormatToStringTest1000" />
    </UnitTest>
    <UnitTest name="xUnitTestProject.CurrencyHelperTests.FormatToStringTest1000(price: 50956.25028206606, expected: &quot;50956.25 zł&quot;)" storage="c:\projekty\xunittestproject\bin\debug\netcoreapp3.1\xunittestproject.dll" id="3323ac76-0104-2779-2a9d-3f5ae9693296">
      <Execution id="138da8d3-1336-43eb-8d91-04747af4a4a2" />
      <TestMethod codeBase="C:\Projekty\xUnitTestProject\bin\Debug\netcoreapp3.1\xUnitTestProject.dll" adapterTypeName="executor://xunit/VsTestRunner2/netcoreapp" className="xUnitTestProject.CurrencyHelperTests" name="FormatToStringTest1000" />
    </UnitTest>
    <UnitTest name="xUnitTestProject.CurrencyHelperTests.FormatToStringTest1000(price: 29975.4018974022, expected: &quot;29975.40 zł&quot;)" storage="c:\projekty\xunittestproject\bin\debug\netcoreapp3.1\xunittestproject.dll" id="df3e2c77-7f8f-57bd-4668-f3110adbfbc8">
      <Execution id="a9374253-68d6-4188-b5a7-c43f58750eef" />
      <TestMethod codeBase="C:\Projekty\xUnitTestProject\bin\Debug\netcoreapp3.1\xUnitTestProject.dll" adapterTypeName="executor://xunit/VsTestRunner2/netcoreapp" className="xUnitTestProject.CurrencyHelperTests" name="FormatToStringTest1000" />
    </UnitTest>
    <UnitTest name="xUnitTestProject.CurrencyHelperTests.FormatToStringTest1000(price: 72703.4365723503, expected: &quot;72703.44 zł&quot;)" storage="c:\projekty\xunittestproject\bin\debug\netcoreapp3.1\xunittestproject.dll" id="4a9f4574-9113-6c35-d2fa-751a30e86322">
      <Execution id="4b222c59-051a-4ffb-95c5-5e38a7ae3eb1" />
      <TestMethod codeBase="C:\Projekty\xUnitTestProject\bin\Debug\netcoreapp3.1\xUnitTestProject.dll" adapterTypeName="executor://xunit/VsTestRunner2/netcoreapp" className="xUnitTestProject.CurrencyHelperTests" name="FormatToStringTest1000" />
    </UnitTest>
    <UnitTest name="xUnitTestProject.CurrencyHelperTests.FormatToStringTest1000(price: 31799.68317462815, expected: &quot;31799.68 zł&quot;)" storage="c:\projekty\xunittestproject\bin\debug\netcoreapp3.1\xunittestproject.dll" id="e641957d-86a3-9c73-8dcf-f9374b4233e0">
      <Execution id="38b1e353-dad1-4a38-a119-e99b7eae5e27" />
      <TestMethod codeBase="C:\Projekty\xUnitTestProject\bin\Debug\netcoreapp3.1\xUnitTestProject.dll" adapterTypeName="executor://xunit/VsTestRunner2/netcoreapp" className="xUnitTestProject.CurrencyHelperTests" name="FormatToStringTest1000" />
    </UnitTest>
    <UnitTest name="xUnitTestProject.CurrencyHelperTests.FormatToStringTest1000(price: 13855.30239352505, expected: &quot;13855.30 zł&quot;)" storage="c:\projekty\xunittestproject\bin\debug\netcoreapp3.1\xunittestproject.dll" id="127fb78e-ed01-3534-55cd-9f963056d67f">
      <Execution id="59648823-e73c-447f-88aa-222aa415786f" />
      <TestMethod codeBase="C:\Projekty\xUnitTestProject\bin\Debug\netcoreapp3.1\xUnitTestProject.dll" adapterTypeName="executor://xunit/VsTestRunner2/netcoreapp" className="xUnitTestProject.CurrencyHelperTests" name="FormatToStringTest1000" />
    </UnitTest>
    <UnitTest name="xUnitTestProject.CurrencyHelperTests.FormatToStringTest1000(price: 7753.724411372898, expected: &quot;7753.72 zł&quot;)" storage="c:\projekty\xunittestproject\bin\debug\netcoreapp3.1\xunittestproject.dll" id="d702a2a7-0d80-6e33-b0a7-e0e379e29093">
      <Execution id="6c95d974-7520-4a6d-87d6-a100d104d03f" />
      <TestMethod codeBase="C:\Projekty\xUnitTestProject\bin\Debug\netcoreapp3.1\xUnitTestProject.dll" adapterTypeName="executor://xunit/VsTestRunner2/netcoreapp" className="xUnitTestProject.CurrencyHelperTests" name="FormatToStringTest1000" />
    </UnitTest>
    <UnitTest name="xUnitTestProject.CurrencyHelperTests.FormatToStringTest1000(price: 464.74397441965715, expected: &quot;464.74 zł&quot;)" storage="c:\projekty\xunittestproject\bin\debug\netcoreapp3.1\xunittestproject.dll" id="9dfbdafb-7dbf-f0e8-6265-547cdd24d00d">
      <Execution id="5954f8e2-5b3d-4426-9e65-016d7f5bf110" />
      <TestMethod codeBase="C:\Projekty\xUnitTestProject\bin\Debug\netcoreapp3.1\xUnitTestProject.dll" adapterTypeName="executor://xunit/VsTestRunner2/netcoreapp" className="xUnitTestProject.CurrencyHelperTests" name="FormatToStringTest1000" />
    </UnitTest>
    <UnitTest name="xUnitTestProject.CurrencyHelperTests.FormatToStringTest1000(price: 7407.385606687696, expected: &quot;7407.39 zł&quot;)" storage="c:\projekty\xunittestproject\bin\debug\netcoreapp3.1\xunittestproject.dll" id="9cf8eb03-8fbc-6ccc-0fef-ebebfde3ba22">
      <Execution id="7625b0fc-2ab5-4961-b700-d926fe8dedc4" />
      <TestMethod codeBase="C:\Projekty\xUnitTestProject\bin\Debug\netcoreapp3.1\xUnitTestProject.dll" adapterTypeName="executor://xunit/VsTestRunner2/netcoreapp" className="xUnitTestProject.CurrencyHelperTests" name="FormatToStringTest1000" />
    </UnitTest>
    <UnitTest name="xUnitTestProject.CurrencyHelperTests.FormatToStringTest1000(price: 30410.68214617003, expected: &quot;30410.68 zł&quot;)" storage="c:\projekty\xunittestproject\bin\debug\netcoreapp3.1\xunittestproject.dll" id="f376fc2f-2ee5-1277-a20e-665c6294e53a">
      <Execution id="2c4b6730-dac0-467b-94db-6a3ab8533f24" />
      <TestMethod codeBase="C:\Projekty\xUnitTestProject\bin\Debug\netcoreapp3.1\xUnitTestProject.dll" adapterTypeName="executor://xunit/VsTestRunner2/netcoreapp" className="xUnitTestProject.CurrencyHelperTests" name="FormatToStringTest1000" />
    </UnitTest>
    <UnitTest name="xUnitTestProject.CurrencyHelperTests.FormatToStringTest1000(price: 15080.274618567097, expected: &quot;15080.27 zł&quot;)" storage="c:\projekty\xunittestproject\bin\debug\netcoreapp3.1\xunittestproject.dll" id="217b46ae-53e4-8868-0968-60de7a74b62a">
      <Execution id="ab41873d-4f01-4fa2-be8c-e89851346c4d" />
      <TestMethod codeBase="C:\Projekty\xUnitTestProject\bin\Debug\netcoreapp3.1\xUnitTestProject.dll" adapterTypeName="executor://xunit/VsTestRunner2/netcoreapp" className="xUnitTestProject.CurrencyHelperTests" name="FormatToStringTest1000" />
    </UnitTest>
    <UnitTest name="xUnitTestProject.CurrencyHelperTests.FormatToStringTest1000(price: 43727.735558145556, expected: &quot;43727.74 zł&quot;)" storage="c:\projekty\xunittestproject\bin\debug\netcoreapp3.1\xunittestproject.dll" id="ff96b5de-94eb-fc99-362b-5102f1ace758">
      <Execution id="3ca1784f-17f7-46b9-864b-98bce875a862" />
      <TestMethod codeBase="C:\Projekty\xUnitTestProject\bin\Debug\netcoreapp3.1\xUnitTestProject.dll" adapterTypeName="executor://xunit/VsTestRunner2/netcoreapp" className="xUnitTestProject.CurrencyHelperTests" name="FormatToStringTest1000" />
    </UnitTest>
    <UnitTest name="xUnitTestProject.CurrencyHelperTests.FormatToStringTest1000(price: 34242.181005260056, expected: &quot;34242.18 zł&quot;)" storage="c:\projekty\xunittestproject\bin\debug\netcoreapp3.1\xunittestproject.dll" id="264c060b-2c06-6e92-2e7b-9f27ddffeba4">
      <Execution id="627d2895-89ee-42b5-9723-83fd2d61ec7e" />
      <TestMethod codeBase="C:\Projekty\xUnitTestProject\bin\Debug\netcoreapp3.1\xUnitTestProject.dll" adapterTypeName="executor://xunit/VsTestRunner2/netcoreapp" className="xUnitTestProject.CurrencyHelperTests" name="FormatToStringTest1000" />
    </UnitTest>
    <UnitTest name="xUnitTestProject.CurrencyHelperTests.FormatToStringTest1000(price: 23662.291816162084, expected: &quot;23662.29 zł&quot;)" storage="c:\projekty\xunittestproject\bin\debug\netcoreapp3.1\xunittestproject.dll" id="09f7512b-fcad-449f-b8a9-c32911a23969">
      <Execution id="cf88f83d-d504-4cef-b758-6104338b8771" />
      <TestMethod codeBase="C:\Projekty\xUnitTestProject\bin\Debug\netcoreapp3.1\xUnitTestProject.dll" adapterTypeName="executor://xunit/VsTestRunner2/netcoreapp" className="xUnitTestProject.CurrencyHelperTests" name="FormatToStringTest1000" />
    </UnitTest>
    <UnitTest name="xUnitTestProject.CurrencyHelperTests.FormatToStringTest1000(price: 22291.653251342315, expected: &quot;22291.65 zł&quot;)" storage="c:\projekty\xunittestproject\bin\debug\netcoreapp3.1\xunittestproject.dll" id="4ffd7804-0b86-b3af-454f-c182dda91ce2">
      <Execution id="13b14b4d-2915-4744-85f5-d9e02ff6cc1c" />
      <TestMethod codeBase="C:\Projekty\xUnitTestProject\bin\Debug\netcoreapp3.1\xUnitTestProject.dll" adapterTypeName="executor://xunit/VsTestRunner2/netcoreapp" className="xUnitTestProject.CurrencyHelperTests" name="FormatToStringTest1000" />
    </UnitTest>
    <UnitTest name="xUnitTestProject.CurrencyHelperTests.FormatToStringTest1000(price: 1952.6955147062872, expected: &quot;1952.70 zł&quot;)" storage="c:\projekty\xunittestproject\bin\debug\netcoreapp3.1\xunittestproject.dll" id="040e6cf8-8fc7-ca87-38f4-b0a1a8671b45">
      <Execution id="9cc46cfa-916d-4dbf-93a7-8495678b51f9" />
      <TestMethod codeBase="C:\Projekty\xUnitTestProject\bin\Debug\netcoreapp3.1\xUnitTestProject.dll" adapterTypeName="executor://xunit/VsTestRunner2/netcoreapp" className="xUnitTestProject.CurrencyHelperTests" name="FormatToStringTest1000" />
    </UnitTest>
    <UnitTest name="xUnitTestProject.CurrencyHelperTests.FormatToStringTest1000(price: 49256.47455728635, expected: &quot;49256.47 zł&quot;)" storage="c:\projekty\xunittestproject\bin\debug\netcoreapp3.1\xunittestproject.dll" id="31ad7a80-5373-effd-b719-cfe8b75a74c8">
      <Execution id="8d8a17fb-af8e-49ab-b3f0-db95330e06f6" />
      <TestMethod codeBase="C:\Projekty\xUnitTestProject\bin\Debug\netcoreapp3.1\xUnitTestProject.dll" adapterTypeName="executor://xunit/VsTestRunner2/netcoreapp" className="xUnitTestProject.CurrencyHelperTests" name="FormatToStringTest1000" />
    </UnitTest>
    <UnitTest name="xUnitTestProject.CurrencyHelperTests.FormatToStringTest1000(price: 75915.01943546813, expected: &quot;75915.02 zł&quot;)" storage="c:\projekty\xunittestproject\bin\debug\netcoreapp3.1\xunittestproject.dll" id="27e54bf1-4aa0-4763-a98b-d50300d50e6c">
      <Execution id="ecf9ce36-bff7-4815-a40f-6791693de019" />
      <TestMethod codeBase="C:\Projekty\xUnitTestProject\bin\Debug\netcoreapp3.1\xUnitTestProject.dll" adapterTypeName="executor://xunit/VsTestRunner2/netcoreapp" className="xUnitTestProject.CurrencyHelperTests" name="FormatToStringTest1000" />
    </UnitTest>
    <UnitTest name="xUnitTestProject.CurrencyHelperTests.FormatToStringTest1000(price: 75514.58914517732, expected: &quot;75514.59 zł&quot;)" storage="c:\projekty\xunittestproject\bin\debug\netcoreapp3.1\xunittestproject.dll" id="ca756e2d-d5c0-6e03-1ab7-b2045c06d17b">
      <Execution id="2fa7dc45-13cb-431f-a809-77b8e08eaae9" />
      <TestMethod codeBase="C:\Projekty\xUnitTestProject\bin\Debug\netcoreapp3.1\xUnitTestProject.dll" adapterTypeName="executor://xunit/VsTestRunner2/netcoreapp" className="xUnitTestProject.CurrencyHelperTests" name="FormatToStringTest1000" />
    </UnitTest>
    <UnitTest name="xUnitTestProject.CurrencyHelperTests.FormatToStringTest1000(price: 19796.212103914568, expected: &quot;19796.21 zł&quot;)" storage="c:\projekty\xunittestproject\bin\debug\netcoreapp3.1\xunittestproject.dll" id="eaf0b15c-0fc1-b6e6-caad-e11eeb0c7fda">
      <Execution id="4fbe13fb-bf95-4423-a9c7-8f1d1d663998" />
      <TestMethod codeBase="C:\Projekty\xUnitTestProject\bin\Debug\netcoreapp3.1\xUnitTestProject.dll" adapterTypeName="executor://xunit/VsTestRunner2/netcoreapp" className="xUnitTestProject.CurrencyHelperTests" name="FormatToStringTest1000" />
    </UnitTest>
    <UnitTest name="xUnitTestProject.CurrencyHelperTests.FormatToStringTest1000(price: 49672.98901987402, expected: &quot;49672.99 zł&quot;)" storage="c:\projekty\xunittestproject\bin\debug\netcoreapp3.1\xunittestproject.dll" id="17e8adfe-3d5e-8417-3ca9-9ea065f0229b">
      <Execution id="424f284f-2658-4e8e-a9f5-75c247b938d0" />
      <TestMethod codeBase="C:\Projekty\xUnitTestProject\bin\Debug\netcoreapp3.1\xUnitTestProject.dll" adapterTypeName="executor://xunit/VsTestRunner2/netcoreapp" className="xUnitTestProject.CurrencyHelperTests" name="FormatToStringTest1000" />
    </UnitTest>
    <UnitTest name="xUnitTestProject.CurrencyHelperTests.FormatToStringTest1000(price: 56286.70397975702, expected: &quot;56286.70 zł&quot;)" storage="c:\projekty\xunittestproject\bin\debug\netcoreapp3.1\xunittestproject.dll" id="546c163e-77dd-f570-5b52-f67af946e3b9">
      <Execution id="97536c74-555c-426f-9023-af774b748743" />
      <TestMethod codeBase="C:\Projekty\xUnitTestProject\bin\Debug\netcoreapp3.1\xUnitTestProject.dll" adapterTypeName="executor://xunit/VsTestRunner2/netcoreapp" className="xUnitTestProject.CurrencyHelperTests" name="FormatToStringTest1000" />
    </UnitTest>
    <UnitTest name="xUnitTestProject.CurrencyHelperTests.FormatToStringTest1000(price: 2835.0728237931958, expected: &quot;2835.07 zł&quot;)" storage="c:\projekty\xunittestproject\bin\debug\netcoreapp3.1\xunittestproject.dll" id="72b4af26-389d-d3a5-e933-0620092c06be">
      <Execution id="d713a3ab-681d-488a-a77b-02088678e6e0" />
      <TestMethod codeBase="C:\Projekty\xUnitTestProject\bin\Debug\netcoreapp3.1\xUnitTestProject.dll" adapterTypeName="executor://xunit/VsTestRunner2/netcoreapp" className="xUnitTestProject.CurrencyHelperTests" name="FormatToStringTest1000" />
    </UnitTest>
    <UnitTest name="xUnitTestProject.CurrencyHelperTests.FormatToStringTest1000(price: 941.429400278921, expected: &quot;941.43 zł&quot;)" storage="c:\projekty\xunittestproject\bin\debug\netcoreapp3.1\xunittestproject.dll" id="34d55980-db04-996b-37e3-5ad72dcd15ab">
      <Execution id="bb502d1c-dd7b-4fef-9259-2be3c12f2743" />
      <TestMethod codeBase="C:\Projekty\xUnitTestProject\bin\Debug\netcoreapp3.1\xUnitTestProject.dll" adapterTypeName="executor://xunit/VsTestRunner2/netcoreapp" className="xUnitTestProject.CurrencyHelperTests" name="FormatToStringTest1000" />
    </UnitTest>
    <UnitTest name="xUnitTestProject.CurrencyHelperTests.FormatToStringTest1000(price: 904.351189922705, expected: &quot;904.35 zł&quot;)" storage="c:\projekty\xunittestproject\bin\debug\netcoreapp3.1\xunittestproject.dll" id="d6b10638-19d7-868a-2152-f7946c6c6899">
      <Execution id="91e6b151-f8dc-4676-8bf1-48c44028c867" />
      <TestMethod codeBase="C:\Projekty\xUnitTestProject\bin\Debug\netcoreapp3.1\xUnitTestProject.dll" adapterTypeName="executor://xunit/VsTestRunner2/netcoreapp" className="xUnitTestProject.CurrencyHelperTests" name="FormatToStringTest1000" />
    </UnitTest>
    <UnitTest name="xUnitTestProject.CurrencyHelperTests.FormatToStringTest1000(price: 22791.735381432685, expected: &quot;22791.74 zł&quot;)" storage="c:\projekty\xunittestproject\bin\debug\netcoreapp3.1\xunittestproject.dll" id="b07c6436-dbf7-0138-be42-b4b6d3d7e52c">
      <Execution id="d76f55c7-62ec-4220-9f11-72f449ee5db4" />
      <TestMethod codeBase="C:\Projekty\xUnitTestProject\bin\Debug\netcoreapp3.1\xUnitTestProject.dll" adapterTypeName="executor://xunit/VsTestRunner2/netcoreapp" className="xUnitTestProject.CurrencyHelperTests" name="FormatToStringTest1000" />
    </UnitTest>
    <UnitTest name="xUnitTestProject.CurrencyHelperTests.FormatToStringTest1000(price: 765.778932784581, expected: &quot;765.78 zł&quot;)" storage="c:\projekty\xunittestproject\bin\debug\netcoreapp3.1\xunittestproject.dll" id="e97847d9-9bdd-db77-8bd9-477fffb0c503">
      <Execution id="9fa91f25-d957-4283-a544-bede067ad223" />
      <TestMethod codeBase="C:\Projekty\xUnitTestProject\bin\Debug\netcoreapp3.1\xUnitTestProject.dll" adapterTypeName="executor://xunit/VsTestRunner2/netcoreapp" className="xUnitTestProject.CurrencyHelperTests" name="FormatToStringTest1000" />
    </UnitTest>
    <UnitTest name="xUnitTestProject.CurrencyHelperTests.FormatToStringTest1000(price: 80609.94377465078, expected: &quot;80609.94 zł&quot;)" storage="c:\projekty\xunittestproject\bin\debug\netcoreapp3.1\xunittestproject.dll" id="0514bc2b-5cc4-a04d-717a-fd9efa22f04a">
      <Execution id="949af680-4a4a-4887-8338-7c8c09242da6" />
      <TestMethod codeBase="C:\Projekty\xUnitTestProject\bin\Debug\netcoreapp3.1\xUnitTestProject.dll" adapterTypeName="executor://xunit/VsTestRunner2/netcoreapp" className="xUnitTestProject.CurrencyHelperTests" name="FormatToStringTest1000" />
    </UnitTest>
    <UnitTest name="xUnitTestProject.CurrencyHelperTests.FormatToStringTest1000(price: 30199.386730006612, expected: &quot;30199.39 zł&quot;)" storage="c:\projekty\xunittestproject\bin\debug\netcoreapp3.1\xunittestproject.dll" id="939e1c3f-3bc7-ec75-48fe-8501679b5ff4">
      <Execution id="c2960d24-98d9-45ff-addc-02f6a91c29c6" />
      <TestMethod codeBase="C:\Projekty\xUnitTestProject\bin\Debug\netcoreapp3.1\xUnitTestProject.dll" adapterTypeName="executor://xunit/VsTestRunner2/netcoreapp" className="xUnitTestProject.CurrencyHelperTests" name="FormatToStringTest1000" />
    </UnitTest>
    <UnitTest name="xUnitTestProject.CurrencyHelperTests.FormatToStringTest1000(price: 36760.171806480816, expected: &quot;36760.17 zł&quot;)" storage="c:\projekty\xunittestproject\bin\debug\netcoreapp3.1\xunittestproject.dll" id="758b94a4-3e83-213a-e897-268aa753a08f">
      <Execution id="0141c9dc-c23d-4e72-8557-0b8c7973e4d8" />
      <TestMethod codeBase="C:\Projekty\xUnitTestProject\bin\Debug\netcoreapp3.1\xUnitTestProject.dll" adapterTypeName="executor://xunit/VsTestRunner2/netcoreapp" className="xUnitTestProject.CurrencyHelperTests" name="FormatToStringTest1000" />
    </UnitTest>
    <UnitTest name="xUnitTestProject.CurrencyHelperTests.FormatToStringTest1000(price: 19085.023282992664, expected: &quot;19085.02 zł&quot;)" storage="c:\projekty\xunittestproject\bin\debug\netcoreapp3.1\xunittestproject.dll" id="48c41a45-a694-6e7a-7100-4b0ce75fbb19">
      <Execution id="7259601e-63b9-465a-a449-c781c48a0696" />
      <TestMethod codeBase="C:\Projekty\xUnitTestProject\bin\Debug\netcoreapp3.1\xUnitTestProject.dll" adapterTypeName="executor://xunit/VsTestRunner2/netcoreapp" className="xUnitTestProject.CurrencyHelperTests" name="FormatToStringTest1000" />
    </UnitTest>
    <UnitTest name="xUnitTestProject.CurrencyHelperTests.FormatToStringTest1000(price: 17315.72309779363, expected: &quot;17315.72 zł&quot;)" storage="c:\projekty\xunittestproject\bin\debug\netcoreapp3.1\xunittestproject.dll" id="6b6f1069-86c1-e08a-6926-d89a012b7b47">
      <Execution id="8c08fe50-50e3-4cd5-a834-ee2038d2b7cd" />
      <TestMethod codeBase="C:\Projekty\xUnitTestProject\bin\Debug\netcoreapp3.1\xUnitTestProject.dll" adapterTypeName="executor://xunit/VsTestRunner2/netcoreapp" className="xUnitTestProject.CurrencyHelperTests" name="FormatToStringTest1000" />
    </UnitTest>
    <UnitTest name="xUnitTestProject.CurrencyHelperTests.FormatToStringTest1000(price: 32213.734885384205, expected: &quot;32213.73 zł&quot;)" storage="c:\projekty\xunittestproject\bin\debug\netcoreapp3.1\xunittestproject.dll" id="7c3ffa01-e97c-2ed2-ce73-5d584269f0e2">
      <Execution id="280af16c-b74a-4719-9aa8-3edd4d1af62a" />
      <TestMethod codeBase="C:\Projekty\xUnitTestProject\bin\Debug\netcoreapp3.1\xUnitTestProject.dll" adapterTypeName="executor://xunit/VsTestRunner2/netcoreapp" className="xUnitTestProject.CurrencyHelperTests" name="FormatToStringTest1000" />
    </UnitTest>
    <UnitTest name="xUnitTestProject.CurrencyHelperTests.FormatToStringTest1000(price: 12903.541202012237, expected: &quot;12903.54 zł&quot;)" storage="c:\projekty\xunittestproject\bin\debug\netcoreapp3.1\xunittestproject.dll" id="a69afd9b-81e8-28e1-2371-18b74a947656">
      <Execution id="15a571eb-9241-48b3-bc37-519154a90fd4" />
      <TestMethod codeBase="C:\Projekty\xUnitTestProject\bin\Debug\netcoreapp3.1\xUnitTestProject.dll" adapterTypeName="executor://xunit/VsTestRunner2/netcoreapp" className="xUnitTestProject.CurrencyHelperTests" name="FormatToStringTest1000" />
    </UnitTest>
    <UnitTest name="xUnitTestProject.CurrencyHelperTests.FormatToStringTest1000(price: 6266.232005888704, expected: &quot;6266.23 zł&quot;)" storage="c:\projekty\xunittestproject\bin\debug\netcoreapp3.1\xunittestproject.dll" id="d3cdcde5-df28-6c6c-d5ee-263c0a49023a">
      <Execution id="0b402107-aac6-4d1d-8b71-b469f53e75f3" />
      <TestMethod codeBase="C:\Projekty\xUnitTestProject\bin\Debug\netcoreapp3.1\xUnitTestProject.dll" adapterTypeName="executor://xunit/VsTestRunner2/netcoreapp" className="xUnitTestProject.CurrencyHelperTests" name="FormatToStringTest1000" />
    </UnitTest>
    <UnitTest name="xUnitTestProject.CurrencyHelperTests.FormatToStringTest1000(price: 30071.004434484523, expected: &quot;30071.00 zł&quot;)" storage="c:\projekty\xunittestproject\bin\debug\netcoreapp3.1\xunittestproject.dll" id="ded3a712-fe17-74f4-ce2a-e02d4a5da442">
      <Execution id="47f8dc6b-050a-46a2-8b1a-4be57ac4e207" />
      <TestMethod codeBase="C:\Projekty\xUnitTestProject\bin\Debug\netcoreapp3.1\xUnitTestProject.dll" adapterTypeName="executor://xunit/VsTestRunner2/netcoreapp" className="xUnitTestProject.CurrencyHelperTests" name="FormatToStringTest1000" />
    </UnitTest>
    <UnitTest name="xUnitTestProject.CurrencyHelperTests.FormatToStringTest1000(price: 48428.38681602682, expected: &quot;48428.39 zł&quot;)" storage="c:\projekty\xunittestproject\bin\debug\netcoreapp3.1\xunittestproject.dll" id="c0952508-ec1e-97b9-fe02-0c1a5085abd7">
      <Execution id="01bb544a-21db-432d-9396-3007ddf77dc8" />
      <TestMethod codeBase="C:\Projekty\xUnitTestProject\bin\Debug\netcoreapp3.1\xUnitTestProject.dll" adapterTypeName="executor://xunit/VsTestRunner2/netcoreapp" className="xUnitTestProject.CurrencyHelperTests" name="FormatToStringTest1000" />
    </UnitTest>
    <UnitTest name="xUnitTestProject.CurrencyHelperTests.FormatToStringTest1000(price: 748.6264857065987, expected: &quot;748.63 zł&quot;)" storage="c:\projekty\xunittestproject\bin\debug\netcoreapp3.1\xunittestproject.dll" id="927355f0-db19-7988-f19c-ec0494e2f5d9">
      <Execution id="07600f97-35dc-4151-aaa4-97bfc8e5bb8e" />
      <TestMethod codeBase="C:\Projekty\xUnitTestProject\bin\Debug\netcoreapp3.1\xUnitTestProject.dll" adapterTypeName="executor://xunit/VsTestRunner2/netcoreapp" className="xUnitTestProject.CurrencyHelperTests" name="FormatToStringTest1000" />
    </UnitTest>
    <UnitTest name="xUnitTestProject.CurrencyHelperTests.FormatToStringTest1000(price: 19603.69286519321, expected: &quot;19603.69 zł&quot;)" storage="c:\projekty\xunittestproject\bin\debug\netcoreapp3.1\xunittestproject.dll" id="e8631f54-2451-193b-aa4f-8be567b318eb">
      <Execution id="ad296080-954b-49c1-bc3d-fcfe37807036" />
      <TestMethod codeBase="C:\Projekty\xUnitTestProject\bin\Debug\netcoreapp3.1\xUnitTestProject.dll" adapterTypeName="executor://xunit/VsTestRunner2/netcoreapp" className="xUnitTestProject.CurrencyHelperTests" name="FormatToStringTest1000" />
    </UnitTest>
    <UnitTest name="xUnitTestProject.CurrencyHelperTests.FormatToStringTest1000(price: 6838.422316571894, expected: &quot;6838.42 zł&quot;)" storage="c:\projekty\xunittestproject\bin\debug\netcoreapp3.1\xunittestproject.dll" id="b163eddc-fed2-8a3f-de92-54285bf94b6d">
      <Execution id="eb32d4b9-09dc-428a-890a-83201f263a79" />
      <TestMethod codeBase="C:\Projekty\xUnitTestProject\bin\Debug\netcoreapp3.1\xUnitTestProject.dll" adapterTypeName="executor://xunit/VsTestRunner2/netcoreapp" className="xUnitTestProject.CurrencyHelperTests" name="FormatToStringTest1000" />
    </UnitTest>
    <UnitTest name="xUnitTestProject.CurrencyHelperTests.FormatToStringTest1000(price: 14867.726341984107, expected: &quot;14867.73 zł&quot;)" storage="c:\projekty\xunittestproject\bin\debug\netcoreapp3.1\xunittestproject.dll" id="c15129d5-d936-d35a-141a-341775ad7af1">
      <Execution id="8fc076e2-7b04-4b3e-a2e6-de6658482cb7" />
      <TestMethod codeBase="C:\Projekty\xUnitTestProject\bin\Debug\netcoreapp3.1\xUnitTestProject.dll" adapterTypeName="executor://xunit/VsTestRunner2/netcoreapp" className="xUnitTestProject.CurrencyHelperTests" name="FormatToStringTest1000" />
    </UnitTest>
    <UnitTest name="xUnitTestProject.CurrencyHelperTests.FormatToStringTest1000(price: 10268.547802396373, expected: &quot;10268.55 zł&quot;)" storage="c:\projekty\xunittestproject\bin\debug\netcoreapp3.1\xunittestproject.dll" id="972bb963-9a87-7070-029b-8643f34bbb6c">
      <Execution id="b5d282e9-ae7e-4fe8-9872-2186e88c24ba" />
      <TestMethod codeBase="C:\Projekty\xUnitTestProject\bin\Debug\netcoreapp3.1\xUnitTestProject.dll" adapterTypeName="executor://xunit/VsTestRunner2/netcoreapp" className="xUnitTestProject.CurrencyHelperTests" name="FormatToStringTest1000" />
    </UnitTest>
    <UnitTest name="xUnitTestProject.CurrencyHelperTests.FormatToStringTest1000(price: 8095.485677032492, expected: &quot;8095.49 zł&quot;)" storage="c:\projekty\xunittestproject\bin\debug\netcoreapp3.1\xunittestproject.dll" id="2f6b6911-3bf0-1f4d-b85f-0561bbc969cd">
      <Execution id="ec237bf4-a71b-46d7-9c10-2b9d1ec1ee77" />
      <TestMethod codeBase="C:\Projekty\xUnitTestProject\bin\Debug\netcoreapp3.1\xUnitTestProject.dll" adapterTypeName="executor://xunit/VsTestRunner2/netcoreapp" className="xUnitTestProject.CurrencyHelperTests" name="FormatToStringTest1000" />
    </UnitTest>
    <UnitTest name="xUnitTestProject.CurrencyHelperTests.FormatToStringTest1000(price: 9774.341362926803, expected: &quot;9774.34 zł&quot;)" storage="c:\projekty\xunittestproject\bin\debug\netcoreapp3.1\xunittestproject.dll" id="9a2bcce2-54c7-2ac9-248c-c072785d5cf2">
      <Execution id="5477e087-fe04-4335-a3a9-cf305a592e17" />
      <TestMethod codeBase="C:\Projekty\xUnitTestProject\bin\Debug\netcoreapp3.1\xUnitTestProject.dll" adapterTypeName="executor://xunit/VsTestRunner2/netcoreapp" className="xUnitTestProject.CurrencyHelperTests" name="FormatToStringTest1000" />
    </UnitTest>
    <UnitTest name="xUnitTestProject.CurrencyHelperTests.FormatToStringTest1000(price: 28987.862854782896, expected: &quot;28987.86 zł&quot;)" storage="c:\projekty\xunittestproject\bin\debug\netcoreapp3.1\xunittestproject.dll" id="0d82bc84-08a9-ffda-b09d-d44b4e74eec6">
      <Execution id="97195050-52e8-4954-92ad-2211e916b675" />
      <TestMethod codeBase="C:\Projekty\xUnitTestProject\bin\Debug\netcoreapp3.1\xUnitTestProject.dll" adapterTypeName="executor://xunit/VsTestRunner2/netcoreapp" className="xUnitTestProject.CurrencyHelperTests" name="FormatToStringTest1000" />
    </UnitTest>
    <UnitTest name="xUnitTestProject.CurrencyHelperTests.FormatToStringTest1000(price: 11175.438820935526, expected: &quot;11175.44 zł&quot;)" storage="c:\projekty\xunittestproject\bin\debug\netcoreapp3.1\xunittestproject.dll" id="d6ed6531-54c3-2edf-18c7-ddb0279f678b">
      <Execution id="a74e765c-f815-49a3-aac9-de7a3f4f1fc7" />
      <TestMethod codeBase="C:\Projekty\xUnitTestProject\bin\Debug\netcoreapp3.1\xUnitTestProject.dll" adapterTypeName="executor://xunit/VsTestRunner2/netcoreapp" className="xUnitTestProject.CurrencyHelperTests" name="FormatToStringTest1000" />
    </UnitTest>
    <UnitTest name="xUnitTestProject.CurrencyHelperTests.FormatToStringTest1000(price: 47672.66266041652, expected: &quot;47672.66 zł&quot;)" storage="c:\projekty\xunittestproject\bin\debug\netcoreapp3.1\xunittestproject.dll" id="e0c34032-6c79-2d9c-b6af-6955c63a9e30">
      <Execution id="2dc3929c-49cb-4015-a437-5274ac4d05af" />
      <TestMethod codeBase="C:\Projekty\xUnitTestProject\bin\Debug\netcoreapp3.1\xUnitTestProject.dll" adapterTypeName="executor://xunit/VsTestRunner2/netcoreapp" className="xUnitTestProject.CurrencyHelperTests" name="FormatToStringTest1000" />
    </UnitTest>
    <UnitTest name="xUnitTestProject.CurrencyHelperTests.FormatToStringTest1000(price: 7458.609645228652, expected: &quot;7458.61 zł&quot;)" storage="c:\projekty\xunittestproject\bin\debug\netcoreapp3.1\xunittestproject.dll" id="8034b7ee-c5e3-314c-6310-8984871301b7">
      <Execution id="582ef8ad-9c30-45cb-872f-a8a805ed64bf" />
      <TestMethod codeBase="C:\Projekty\xUnitTestProject\bin\Debug\netcoreapp3.1\xUnitTestProject.dll" adapterTypeName="executor://xunit/VsTestRunner2/netcoreapp" className="xUnitTestProject.CurrencyHelperTests" name="FormatToStringTest1000" />
    </UnitTest>
    <UnitTest name="xUnitTestProject.CurrencyHelperTests.FormatToStringTest1000(price: 30126.012320622805, expected: &quot;30126.01 zł&quot;)" storage="c:\projekty\xunittestproject\bin\debug\netcoreapp3.1\xunittestproject.dll" id="4b28c4f2-243a-8c78-12a1-344fb80c29cf">
      <Execution id="02f3a710-bc50-42e0-8689-095a42c11f50" />
      <TestMethod codeBase="C:\Projekty\xUnitTestProject\bin\Debug\netcoreapp3.1\xUnitTestProject.dll" adapterTypeName="executor://xunit/VsTestRunner2/netcoreapp" className="xUnitTestProject.CurrencyHelperTests" name="FormatToStringTest1000" />
    </UnitTest>
    <UnitTest name="xUnitTestProject.CurrencyHelperTests.FormatToStringTest1000(price: 25376.6225052097, expected: &quot;25376.62 zł&quot;)" storage="c:\projekty\xunittestproject\bin\debug\netcoreapp3.1\xunittestproject.dll" id="8491f0a3-ed14-5fdd-d64c-af335660b6b8">
      <Execution id="abacc7ee-7ffd-4e40-a65e-553ecf5e6d33" />
      <TestMethod codeBase="C:\Projekty\xUnitTestProject\bin\Debug\netcoreapp3.1\xUnitTestProject.dll" adapterTypeName="executor://xunit/VsTestRunner2/netcoreapp" className="xUnitTestProject.CurrencyHelperTests" name="FormatToStringTest1000" />
    </UnitTest>
    <UnitTest name="xUnitTestProject.CurrencyHelperTests.FormatToStringTest1000(price: 26468.346804109562, expected: &quot;26468.35 zł&quot;)" storage="c:\projekty\xunittestproject\bin\debug\netcoreapp3.1\xunittestproject.dll" id="df465776-c4f6-f76e-1fec-b3cfe705b591">
      <Execution id="3198305e-15d5-4f77-952e-67f38220785a" />
      <TestMethod codeBase="C:\Projekty\xUnitTestProject\bin\Debug\netcoreapp3.1\xUnitTestProject.dll" adapterTypeName="executor://xunit/VsTestRunner2/netcoreapp" className="xUnitTestProject.CurrencyHelperTests" name="FormatToStringTest1000" />
    </UnitTest>
    <UnitTest name="xUnitTestProject.CurrencyHelperTests.FormatToStringTest1000(price: 7050.437505805137, expected: &quot;7050.44 zł&quot;)" storage="c:\projekty\xunittestproject\bin\debug\netcoreapp3.1\xunittestproject.dll" id="297d2ce6-e7ea-8d5e-9134-2d6e61b4337c">
      <Execution id="297cec49-42f4-4692-9fba-4a9171e3b022" />
      <TestMethod codeBase="C:\Projekty\xUnitTestProject\bin\Debug\netcoreapp3.1\xUnitTestProject.dll" adapterTypeName="executor://xunit/VsTestRunner2/netcoreapp" className="xUnitTestProject.CurrencyHelperTests" name="FormatToStringTest1000" />
    </UnitTest>
    <UnitTest name="xUnitTestProject.CurrencyHelperTests.FormatToStringTest1000(price: 82228.32322510486, expected: &quot;82228.32 zł&quot;)" storage="c:\projekty\xunittestproject\bin\debug\netcoreapp3.1\xunittestproject.dll" id="0014f817-c5c9-87d1-3e8c-ecffc3678e52">
      <Execution id="d04721e8-2e86-4fec-af3a-6192667a5853" />
      <TestMethod codeBase="C:\Projekty\xUnitTestProject\bin\Debug\netcoreapp3.1\xUnitTestProject.dll" adapterTypeName="executor://xunit/VsTestRunner2/netcoreapp" className="xUnitTestProject.CurrencyHelperTests" name="FormatToStringTest1000" />
    </UnitTest>
    <UnitTest name="xUnitTestProject.CurrencyHelperTests.FormatToStringTest1000(price: 6466.872242818062, expected: &quot;6466.87 zł&quot;)" storage="c:\projekty\xunittestproject\bin\debug\netcoreapp3.1\xunittestproject.dll" id="07878353-6799-84f6-4a3b-1ffc56ae1d1d">
      <Execution id="cf3391a5-30b2-4dfd-9a7a-54a02b02080a" />
      <TestMethod codeBase="C:\Projekty\xUnitTestProject\bin\Debug\netcoreapp3.1\xUnitTestProject.dll" adapterTypeName="executor://xunit/VsTestRunner2/netcoreapp" className="xUnitTestProject.CurrencyHelperTests" name="FormatToStringTest1000" />
    </UnitTest>
    <UnitTest name="xUnitTestProject.CurrencyHelperTests.FormatToStringTest1000(price: 44677.61946778074, expected: &quot;44677.62 zł&quot;)" storage="c:\projekty\xunittestproject\bin\debug\netcoreapp3.1\xunittestproject.dll" id="b4c4dec7-1c5b-811f-ea83-760608d514fd">
      <Execution id="a54798ea-a72e-49da-a3b6-be8821578091" />
      <TestMethod codeBase="C:\Projekty\xUnitTestProject\bin\Debug\netcoreapp3.1\xUnitTestProject.dll" adapterTypeName="executor://xunit/VsTestRunner2/netcoreapp" className="xUnitTestProject.CurrencyHelperTests" name="FormatToStringTest1000" />
    </UnitTest>
    <UnitTest name="xUnitTestProject.CurrencyHelperTests.FormatToStringTest1000(price: 41368.29672956015, expected: &quot;41368.30 zł&quot;)" storage="c:\projekty\xunittestproject\bin\debug\netcoreapp3.1\xunittestproject.dll" id="ff67ffea-ea63-9682-e246-a48f70d1fb56">
      <Execution id="f8641b34-86c2-42fc-9cbb-ea5bc6e40dc3" />
      <TestMethod codeBase="C:\Projekty\xUnitTestProject\bin\Debug\netcoreapp3.1\xUnitTestProject.dll" adapterTypeName="executor://xunit/VsTestRunner2/netcoreapp" className="xUnitTestProject.CurrencyHelperTests" name="FormatToStringTest1000" />
    </UnitTest>
    <UnitTest name="xUnitTestProject.CurrencyHelperTests.FormatToStringTest1000(price: 28306.369434126827, expected: &quot;28306.37 zł&quot;)" storage="c:\projekty\xunittestproject\bin\debug\netcoreapp3.1\xunittestproject.dll" id="2031700b-98b7-ff2b-f550-00f3842fd04f">
      <Execution id="9681275d-7627-4e57-99a6-1f737df1a543" />
      <TestMethod codeBase="C:\Projekty\xUnitTestProject\bin\Debug\netcoreapp3.1\xUnitTestProject.dll" adapterTypeName="executor://xunit/VsTestRunner2/netcoreapp" className="xUnitTestProject.CurrencyHelperTests" name="FormatToStringTest1000" />
    </UnitTest>
    <UnitTest name="xUnitTestProject.CurrencyHelperTests.FormatToStringTest1000(price: 33245.44763357819, expected: &quot;33245.45 zł&quot;)" storage="c:\projekty\xunittestproject\bin\debug\netcoreapp3.1\xunittestproject.dll" id="ead5e525-476c-e9b0-a913-d40736b344c3">
      <Execution id="6d5f3aaf-0553-4ef0-819b-6e722a0b5957" />
      <TestMethod codeBase="C:\Projekty\xUnitTestProject\bin\Debug\netcoreapp3.1\xUnitTestProject.dll" adapterTypeName="executor://xunit/VsTestRunner2/netcoreapp" className="xUnitTestProject.CurrencyHelperTests" name="FormatToStringTest1000" />
    </UnitTest>
    <UnitTest name="xUnitTestProject.CurrencyHelperTests.FormatToStringTest1000(price: 68770.73008707525, expected: &quot;68770.73 zł&quot;)" storage="c:\projekty\xunittestproject\bin\debug\netcoreapp3.1\xunittestproject.dll" id="123932a6-c3cf-7fb9-5ef5-34297fb3a837">
      <Execution id="e1fc49dc-0ab3-4e60-a1c6-213bc1f5fcef" />
      <TestMethod codeBase="C:\Projekty\xUnitTestProject\bin\Debug\netcoreapp3.1\xUnitTestProject.dll" adapterTypeName="executor://xunit/VsTestRunner2/netcoreapp" className="xUnitTestProject.CurrencyHelperTests" name="FormatToStringTest1000" />
    </UnitTest>
    <UnitTest name="xUnitTestProject.CurrencyHelperTests.FormatToStringTest1000(price: 1898.24149096489, expected: &quot;1898.24 zł&quot;)" storage="c:\projekty\xunittestproject\bin\debug\netcoreapp3.1\xunittestproject.dll" id="237b1260-5bf2-21f1-fab1-5f4efe94ad6e">
      <Execution id="6a7bd817-505c-4c3f-bf09-e50b05660cf2" />
      <TestMethod codeBase="C:\Projekty\xUnitTestProject\bin\Debug\netcoreapp3.1\xUnitTestProject.dll" adapterTypeName="executor://xunit/VsTestRunner2/netcoreapp" className="xUnitTestProject.CurrencyHelperTests" name="FormatToStringTest1000" />
    </UnitTest>
    <UnitTest name="xUnitTestProject.CurrencyHelperTests.FormatToStringTest1000(price: 10784.438152511344, expected: &quot;10784.44 zł&quot;)" storage="c:\projekty\xunittestproject\bin\debug\netcoreapp3.1\xunittestproject.dll" id="575b3040-83fc-2437-91d5-9ac3f2af85b4">
      <Execution id="48532ecf-adbb-4bf6-b9d1-ee115b3793bb" />
      <TestMethod codeBase="C:\Projekty\xUnitTestProject\bin\Debug\netcoreapp3.1\xUnitTestProject.dll" adapterTypeName="executor://xunit/VsTestRunner2/netcoreapp" className="xUnitTestProject.CurrencyHelperTests" name="FormatToStringTest1000" />
    </UnitTest>
    <UnitTest name="xUnitTestProject.CurrencyHelperTests.FormatToStringTest1000(price: 57564.498126061866, expected: &quot;57564.50 zł&quot;)" storage="c:\projekty\xunittestproject\bin\debug\netcoreapp3.1\xunittestproject.dll" id="102bb5fe-d832-e7b4-1cec-260995c71130">
      <Execution id="93f90636-908b-43b7-91e9-b96b47c76884" />
      <TestMethod codeBase="C:\Projekty\xUnitTestProject\bin\Debug\netcoreapp3.1\xUnitTestProject.dll" adapterTypeName="executor://xunit/VsTestRunner2/netcoreapp" className="xUnitTestProject.CurrencyHelperTests" name="FormatToStringTest1000" />
    </UnitTest>
    <UnitTest name="xUnitTestProject.CurrencyHelperTests.FormatToStringTest1000(price: 9897.705953436767, expected: &quot;9897.71 zł&quot;)" storage="c:\projekty\xunittestproject\bin\debug\netcoreapp3.1\xunittestproject.dll" id="281669ef-629b-f1d2-33b2-c7fad7ee0226">
      <Execution id="b3e77d7e-72a3-493e-8a36-4c65034d7bc7" />
      <TestMethod codeBase="C:\Projekty\xUnitTestProject\bin\Debug\netcoreapp3.1\xUnitTestProject.dll" adapterTypeName="executor://xunit/VsTestRunner2/netcoreapp" className="xUnitTestProject.CurrencyHelperTests" name="FormatToStringTest1000" />
    </UnitTest>
    <UnitTest name="xUnitTestProject.CurrencyHelperTests.FormatToStringTest1000(price: 43424.45140075332, expected: &quot;43424.45 zł&quot;)" storage="c:\projekty\xunittestproject\bin\debug\netcoreapp3.1\xunittestproject.dll" id="e63012a7-c6dd-105c-5599-46a75e19ac35">
      <Execution id="76d3fe47-1bc7-43fc-9b49-fd3f146aa8ec" />
      <TestMethod codeBase="C:\Projekty\xUnitTestProject\bin\Debug\netcoreapp3.1\xUnitTestProject.dll" adapterTypeName="executor://xunit/VsTestRunner2/netcoreapp" className="xUnitTestProject.CurrencyHelperTests" name="FormatToStringTest1000" />
    </UnitTest>
    <UnitTest name="xUnitTestProject.CurrencyHelperTests.FormatToStringTest1000(price: 31163.834562352316, expected: &quot;31163.83 zł&quot;)" storage="c:\projekty\xunittestproject\bin\debug\netcoreapp3.1\xunittestproject.dll" id="2f5e415d-a063-a3ff-febb-2ffdc85ba98d">
      <Execution id="a5279f47-e596-46fc-927c-d03ce11c2016" />
      <TestMethod codeBase="C:\Projekty\xUnitTestProject\bin\Debug\netcoreapp3.1\xUnitTestProject.dll" adapterTypeName="executor://xunit/VsTestRunner2/netcoreapp" className="xUnitTestProject.CurrencyHelperTests" name="FormatToStringTest1000" />
    </UnitTest>
    <UnitTest name="xUnitTestProject.CurrencyHelperTests.FormatToStringTest1000(price: 9816.961298880615, expected: &quot;9816.96 zł&quot;)" storage="c:\projekty\xunittestproject\bin\debug\netcoreapp3.1\xunittestproject.dll" id="d2e288cb-5b2d-9b97-c7c0-aed9f363013c">
      <Execution id="5ab39d00-ab14-4357-83ee-3a7324002974" />
      <TestMethod codeBase="C:\Projekty\xUnitTestProject\bin\Debug\netcoreapp3.1\xUnitTestProject.dll" adapterTypeName="executor://xunit/VsTestRunner2/netcoreapp" className="xUnitTestProject.CurrencyHelperTests" name="FormatToStringTest1000" />
    </UnitTest>
    <UnitTest name="xUnitTestProject.CurrencyHelperTests.FormatToStringTest1000(price: 14137.400697779563, expected: &quot;14137.40 zł&quot;)" storage="c:\projekty\xunittestproject\bin\debug\netcoreapp3.1\xunittestproject.dll" id="5b2fabb4-e059-962c-348f-3355cdc7486e">
      <Execution id="7a1ce801-da1a-4b04-a237-253bc76fa194" />
      <TestMethod codeBase="C:\Projekty\xUnitTestProject\bin\Debug\netcoreapp3.1\xUnitTestProject.dll" adapterTypeName="executor://xunit/VsTestRunner2/netcoreapp" className="xUnitTestProject.CurrencyHelperTests" name="FormatToStringTest1000" />
    </UnitTest>
    <UnitTest name="xUnitTestProject.CurrencyHelperTests.FormatToStringTest1000(price: 32218.080508120394, expected: &quot;32218.08 zł&quot;)" storage="c:\projekty\xunittestproject\bin\debug\netcoreapp3.1\xunittestproject.dll" id="abc33cd0-29a9-07f5-4aa9-4d70e8dec4a4">
      <Execution id="e27807a3-2951-402d-a436-64aa540eb8c1" />
      <TestMethod codeBase="C:\Projekty\xUnitTestProject\bin\Debug\netcoreapp3.1\xUnitTestProject.dll" adapterTypeName="executor://xunit/VsTestRunner2/netcoreapp" className="xUnitTestProject.CurrencyHelperTests" name="FormatToStringTest1000" />
    </UnitTest>
    <UnitTest name="xUnitTestProject.CurrencyHelperTests.FormatToStringTest1000(price: 6550.421588937948, expected: &quot;6550.42 zł&quot;)" storage="c:\projekty\xunittestproject\bin\debug\netcoreapp3.1\xunittestproject.dll" id="4e1f3ab2-e30f-84ab-8c3f-ffbda0a749a7">
      <Execution id="9c26d4bb-d14b-4fa2-b2f7-99392af7eaf2" />
      <TestMethod codeBase="C:\Projekty\xUnitTestProject\bin\Debug\netcoreapp3.1\xUnitTestProject.dll" adapterTypeName="executor://xunit/VsTestRunner2/netcoreapp" className="xUnitTestProject.CurrencyHelperTests" name="FormatToStringTest1000" />
    </UnitTest>
    <UnitTest name="xUnitTestProject.CurrencyHelperTests.FormatToStringTest1000(price: 42555.01416107594, expected: &quot;42555.01 zł&quot;)" storage="c:\projekty\xunittestproject\bin\debug\netcoreapp3.1\xunittestproject.dll" id="97fa9539-2f5b-d008-d8ef-c0d60778ca89">
      <Execution id="f06c53ae-4141-4fed-8034-fd5d15b21534" />
      <TestMethod codeBase="C:\Projekty\xUnitTestProject\bin\Debug\netcoreapp3.1\xUnitTestProject.dll" adapterTypeName="executor://xunit/VsTestRunner2/netcoreapp" className="xUnitTestProject.CurrencyHelperTests" name="FormatToStringTest1000" />
    </UnitTest>
    <UnitTest name="xUnitTestProject.CurrencyHelperTests.FormatToStringTest1000(price: 32632.105531036905, expected: &quot;32632.11 zł&quot;)" storage="c:\projekty\xunittestproject\bin\debug\netcoreapp3.1\xunittestproject.dll" id="7514081f-0084-9527-726e-372a541e02c5">
      <Execution id="fcc32b62-1b63-4f98-be95-bb82dd2d2bbf" />
      <TestMethod codeBase="C:\Projekty\xUnitTestProject\bin\Debug\netcoreapp3.1\xUnitTestProject.dll" adapterTypeName="executor://xunit/VsTestRunner2/netcoreapp" className="xUnitTestProject.CurrencyHelperTests" name="FormatToStringTest1000" />
    </UnitTest>
    <UnitTest name="xUnitTestProject.CurrencyHelperTests.FormatToStringTest1000(price: 270.1894008262033, expected: &quot;270.19 zł&quot;)" storage="c:\projekty\xunittestproject\bin\debug\netcoreapp3.1\xunittestproject.dll" id="c3c40199-4dcb-06d9-bd7e-201cb412e68f">
      <Execution id="ec272233-37e7-4cc3-b140-95bc2ad58cea" />
      <TestMethod codeBase="C:\Projekty\xUnitTestProject\bin\Debug\netcoreapp3.1\xUnitTestProject.dll" adapterTypeName="executor://xunit/VsTestRunner2/netcoreapp" className="xUnitTestProject.CurrencyHelperTests" name="FormatToStringTest1000" />
    </UnitTest>
    <UnitTest name="xUnitTestProject.CurrencyHelperTests.FormatToStringTest1000(price: 15313.083673952653, expected: &quot;15313.08 zł&quot;)" storage="c:\projekty\xunittestproject\bin\debug\netcoreapp3.1\xunittestproject.dll" id="de2d22dc-e411-4a1b-48db-f6f07906b5fb">
      <Execution id="0a39bc9a-ad58-4916-a6ed-a5a304ff3ac6" />
      <TestMethod codeBase="C:\Projekty\xUnitTestProject\bin\Debug\netcoreapp3.1\xUnitTestProject.dll" adapterTypeName="executor://xunit/VsTestRunner2/netcoreapp" className="xUnitTestProject.CurrencyHelperTests" name="FormatToStringTest1000" />
    </UnitTest>
    <UnitTest name="xUnitTestProject.CurrencyHelperTests.FormatToStringTest1000(price: 15129.433864736666, expected: &quot;15129.43 zł&quot;)" storage="c:\projekty\xunittestproject\bin\debug\netcoreapp3.1\xunittestproject.dll" id="fb7bf331-bde6-9156-c7eb-687415ce01f4">
      <Execution id="1c1035fe-fa59-4153-a4e0-62c4902172f0" />
      <TestMethod codeBase="C:\Projekty\xUnitTestProject\bin\Debug\netcoreapp3.1\xUnitTestProject.dll" adapterTypeName="executor://xunit/VsTestRunner2/netcoreapp" className="xUnitTestProject.CurrencyHelperTests" name="FormatToStringTest1000" />
    </UnitTest>
    <UnitTest name="xUnitTestProject.CurrencyHelperTests.FormatToStringTest1000(price: 31315.40354898544, expected: &quot;31315.40 zł&quot;)" storage="c:\projekty\xunittestproject\bin\debug\netcoreapp3.1\xunittestproject.dll" id="2cd8497b-7c7c-c528-555b-f107e750a1a0">
      <Execution id="b4c4cdde-02db-4984-9519-0fb207fdd8ad" />
      <TestMethod codeBase="C:\Projekty\xUnitTestProject\bin\Debug\netcoreapp3.1\xUnitTestProject.dll" adapterTypeName="executor://xunit/VsTestRunner2/netcoreapp" className="xUnitTestProject.CurrencyHelperTests" name="FormatToStringTest1000" />
    </UnitTest>
    <UnitTest name="xUnitTestProject.CurrencyHelperTests.FormatToStringTest1000(price: 40889.35187774214, expected: &quot;40889.35 zł&quot;)" storage="c:\projekty\xunittestproject\bin\debug\netcoreapp3.1\xunittestproject.dll" id="72e011e2-bf27-7ea5-75f9-295f8504211f">
      <Execution id="5de42d62-c23a-4c1a-b27b-b70610fd629b" />
      <TestMethod codeBase="C:\Projekty\xUnitTestProject\bin\Debug\netcoreapp3.1\xUnitTestProject.dll" adapterTypeName="executor://xunit/VsTestRunner2/netcoreapp" className="xUnitTestProject.CurrencyHelperTests" name="FormatToStringTest1000" />
    </UnitTest>
    <UnitTest name="xUnitTestProject.CurrencyHelperTests.FormatToStringTest1000(price: 9558.453124931293, expected: &quot;9558.45 zł&quot;)" storage="c:\projekty\xunittestproject\bin\debug\netcoreapp3.1\xunittestproject.dll" id="bcd181d1-3270-76f5-9678-f35a85b0fff1">
      <Execution id="439a75d8-b2bf-4543-a6dc-ab47af8eced0" />
      <TestMethod codeBase="C:\Projekty\xUnitTestProject\bin\Debug\netcoreapp3.1\xUnitTestProject.dll" adapterTypeName="executor://xunit/VsTestRunner2/netcoreapp" className="xUnitTestProject.CurrencyHelperTests" name="FormatToStringTest1000" />
    </UnitTest>
    <UnitTest name="xUnitTestProject.CurrencyHelperTests.FormatToStringTest1000(price: 972.1468308629221, expected: &quot;972.15 zł&quot;)" storage="c:\projekty\xunittestproject\bin\debug\netcoreapp3.1\xunittestproject.dll" id="3c1ea8ba-f2b4-a355-28eb-de4dee6b9be9">
      <Execution id="8d2e4831-164b-4c13-b4d4-33efb0307ba5" />
      <TestMethod codeBase="C:\Projekty\xUnitTestProject\bin\Debug\netcoreapp3.1\xUnitTestProject.dll" adapterTypeName="executor://xunit/VsTestRunner2/netcoreapp" className="xUnitTestProject.CurrencyHelperTests" name="FormatToStringTest1000" />
    </UnitTest>
    <UnitTest name="xUnitTestProject.CurrencyHelperTests.FormatToStringTest1000(price: 24646.322657574587, expected: &quot;24646.32 zł&quot;)" storage="c:\projekty\xunittestproject\bin\debug\netcoreapp3.1\xunittestproject.dll" id="ba7d1414-f471-8c90-0af7-54df538160f7">
      <Execution id="2e18e1a7-8d3b-47b1-abfe-2601e746f07f" />
      <TestMethod codeBase="C:\Projekty\xUnitTestProject\bin\Debug\netcoreapp3.1\xUnitTestProject.dll" adapterTypeName="executor://xunit/VsTestRunner2/netcoreapp" className="xUnitTestProject.CurrencyHelperTests" name="FormatToStringTest1000" />
    </UnitTest>
    <UnitTest name="xUnitTestProject.CurrencyHelperTests.FormatToStringTest1000(price: 12528.413830086782, expected: &quot;12528.41 zł&quot;)" storage="c:\projekty\xunittestproject\bin\debug\netcoreapp3.1\xunittestproject.dll" id="598d9a80-ba03-040c-39ba-536b5b6632f4">
      <Execution id="ebebc0c3-fbbe-47c8-ab28-c9ec4c4b2645" />
      <TestMethod codeBase="C:\Projekty\xUnitTestProject\bin\Debug\netcoreapp3.1\xUnitTestProject.dll" adapterTypeName="executor://xunit/VsTestRunner2/netcoreapp" className="xUnitTestProject.CurrencyHelperTests" name="FormatToStringTest1000" />
    </UnitTest>
    <UnitTest name="xUnitTestProject.CurrencyHelperTests.FormatToStringTest1000(price: 9097.395563790293, expected: &quot;9097.40 zł&quot;)" storage="c:\projekty\xunittestproject\bin\debug\netcoreapp3.1\xunittestproject.dll" id="2154354b-9164-5585-480c-7dedd5c54210">
      <Execution id="0fb1beda-e83f-4b0d-8e7f-71262f43dfad" />
      <TestMethod codeBase="C:\Projekty\xUnitTestProject\bin\Debug\netcoreapp3.1\xUnitTestProject.dll" adapterTypeName="executor://xunit/VsTestRunner2/netcoreapp" className="xUnitTestProject.CurrencyHelperTests" name="FormatToStringTest1000" />
    </UnitTest>
    <UnitTest name="xUnitTestProject.CurrencyHelperTests.FormatToStringTest1000(price: 32566.30279101259, expected: &quot;32566.30 zł&quot;)" storage="c:\projekty\xunittestproject\bin\debug\netcoreapp3.1\xunittestproject.dll" id="f7339f67-966a-9543-e542-56a7562f05ad">
      <Execution id="19c64210-834e-4d82-835f-bcde9729edb9" />
      <TestMethod codeBase="C:\Projekty\xUnitTestProject\bin\Debug\netcoreapp3.1\xUnitTestProject.dll" adapterTypeName="executor://xunit/VsTestRunner2/netcoreapp" className="xUnitTestProject.CurrencyHelperTests" name="FormatToStringTest1000" />
    </UnitTest>
    <UnitTest name="xUnitTestProject.CurrencyHelperTests.FormatToStringTest1000(price: 31340.79231238914, expected: &quot;31340.79 zł&quot;)" storage="c:\projekty\xunittestproject\bin\debug\netcoreapp3.1\xunittestproject.dll" id="560147e0-585f-3c73-5235-3ae492c399e0">
      <Execution id="16268b66-e943-4c13-9d23-6302d5b8cef9" />
      <TestMethod codeBase="C:\Projekty\xUnitTestProject\bin\Debug\netcoreapp3.1\xUnitTestProject.dll" adapterTypeName="executor://xunit/VsTestRunner2/netcoreapp" className="xUnitTestProject.CurrencyHelperTests" name="FormatToStringTest1000" />
    </UnitTest>
    <UnitTest name="xUnitTestProject.CurrencyHelperTests.FormatToStringTest1000(price: 5759.256266560991, expected: &quot;5759.26 zł&quot;)" storage="c:\projekty\xunittestproject\bin\debug\netcoreapp3.1\xunittestproject.dll" id="99085e4f-7a45-28dd-d73e-76b910959f1c">
      <Execution id="383f1ad8-2d77-40c7-be3a-db436becd42b" />
      <TestMethod codeBase="C:\Projekty\xUnitTestProject\bin\Debug\netcoreapp3.1\xUnitTestProject.dll" adapterTypeName="executor://xunit/VsTestRunner2/netcoreapp" className="xUnitTestProject.CurrencyHelperTests" name="FormatToStringTest1000" />
    </UnitTest>
    <UnitTest name="xUnitTestProject.CurrencyHelperTests.FormatToStringTest1000(price: 67380.07704875062, expected: &quot;67380.08 zł&quot;)" storage="c:\projekty\xunittestproject\bin\debug\netcoreapp3.1\xunittestproject.dll" id="c6cb5829-9900-78b4-ad40-ce24294fb2f7">
      <Execution id="4cf75ffe-e6cc-4b13-aebe-cc67cf94962d" />
      <TestMethod codeBase="C:\Projekty\xUnitTestProject\bin\Debug\netcoreapp3.1\xUnitTestProject.dll" adapterTypeName="executor://xunit/VsTestRunner2/netcoreapp" className="xUnitTestProject.CurrencyHelperTests" name="FormatToStringTest1000" />
    </UnitTest>
    <UnitTest name="xUnitTestProject.CurrencyHelperTests.FormatToStringTest1000(price: 50550.645020282194, expected: &quot;50550.65 zł&quot;)" storage="c:\projekty\xunittestproject\bin\debug\netcoreapp3.1\xunittestproject.dll" id="5021544e-bd06-1c2d-b3df-c21b577ebfa2">
      <Execution id="1bfecc96-a0ad-4414-9fda-a6d06834af73" />
      <TestMethod codeBase="C:\Projekty\xUnitTestProject\bin\Debug\netcoreapp3.1\xUnitTestProject.dll" adapterTypeName="executor://xunit/VsTestRunner2/netcoreapp" className="xUnitTestProject.CurrencyHelperTests" name="FormatToStringTest1000" />
    </UnitTest>
    <UnitTest name="xUnitTestProject.CurrencyHelperTests.FormatToStringTest1000(price: 56373.35086238494, expected: &quot;56373.35 zł&quot;)" storage="c:\projekty\xunittestproject\bin\debug\netcoreapp3.1\xunittestproject.dll" id="daa9a8b5-17c1-3a27-8cd4-720e13369df8">
      <Execution id="0f31730e-e8fc-49a7-ac34-bd7e87440e85" />
      <TestMethod codeBase="C:\Projekty\xUnitTestProject\bin\Debug\netcoreapp3.1\xUnitTestProject.dll" adapterTypeName="executor://xunit/VsTestRunner2/netcoreapp" className="xUnitTestProject.CurrencyHelperTests" name="FormatToStringTest1000" />
    </UnitTest>
    <UnitTest name="xUnitTestProject.CurrencyHelperTests.FormatToStringTest1000(price: 10457.593086045978, expected: &quot;10457.59 zł&quot;)" storage="c:\projekty\xunittestproject\bin\debug\netcoreapp3.1\xunittestproject.dll" id="d2ca44f4-b0fb-ea99-f88d-5612fe812eb3">
      <Execution id="0c894d70-dfdd-4896-8ce4-adef4975dc58" />
      <TestMethod codeBase="C:\Projekty\xUnitTestProject\bin\Debug\netcoreapp3.1\xUnitTestProject.dll" adapterTypeName="executor://xunit/VsTestRunner2/netcoreapp" className="xUnitTestProject.CurrencyHelperTests" name="FormatToStringTest1000" />
    </UnitTest>
    <UnitTest name="xUnitTestProject.CurrencyHelperTests.FormatToStringTest1000(price: 23548.88067407016, expected: &quot;23548.88 zł&quot;)" storage="c:\projekty\xunittestproject\bin\debug\netcoreapp3.1\xunittestproject.dll" id="da6c3e32-e713-64a5-d755-377865e086d4">
      <Execution id="30ff539d-8ba5-43f6-a5e7-83105be8911e" />
      <TestMethod codeBase="C:\Projekty\xUnitTestProject\bin\Debug\netcoreapp3.1\xUnitTestProject.dll" adapterTypeName="executor://xunit/VsTestRunner2/netcoreapp" className="xUnitTestProject.CurrencyHelperTests" name="FormatToStringTest1000" />
    </UnitTest>
    <UnitTest name="xUnitTestProject.CurrencyHelperTests.FormatToStringTest1000(price: 6417.5922460628635, expected: &quot;6417.59 zł&quot;)" storage="c:\projekty\xunittestproject\bin\debug\netcoreapp3.1\xunittestproject.dll" id="95359d07-8287-2be5-3354-cb2f7f60a3bf">
      <Execution id="8f76fe8e-6aa1-49e2-b337-358679ca388f" />
      <TestMethod codeBase="C:\Projekty\xUnitTestProject\bin\Debug\netcoreapp3.1\xUnitTestProject.dll" adapterTypeName="executor://xunit/VsTestRunner2/netcoreapp" className="xUnitTestProject.CurrencyHelperTests" name="FormatToStringTest1000" />
    </UnitTest>
    <UnitTest name="xUnitTestProject.CurrencyHelperTests.FormatToStringTest1000(price: 5611.05334835176, expected: &quot;5611.05 zł&quot;)" storage="c:\projekty\xunittestproject\bin\debug\netcoreapp3.1\xunittestproject.dll" id="a5d2d781-ed08-2478-bb45-1d4f50c82554">
      <Execution id="b0026b21-1617-4211-8865-60526d668d6c" />
      <TestMethod codeBase="C:\Projekty\xUnitTestProject\bin\Debug\netcoreapp3.1\xUnitTestProject.dll" adapterTypeName="executor://xunit/VsTestRunner2/netcoreapp" className="xUnitTestProject.CurrencyHelperTests" name="FormatToStringTest1000" />
    </UnitTest>
    <UnitTest name="xUnitTestProject.CurrencyHelperTests.FormatToStringTest1000(price: 66019.32414194118, expected: &quot;66019.32 zł&quot;)" storage="c:\projekty\xunittestproject\bin\debug\netcoreapp3.1\xunittestproject.dll" id="502c40b3-55a9-ed63-c19a-b15f001d74e2">
      <Execution id="6ee4e620-eb46-4084-94aa-95d6b224332d" />
      <TestMethod codeBase="C:\Projekty\xUnitTestProject\bin\Debug\netcoreapp3.1\xUnitTestProject.dll" adapterTypeName="executor://xunit/VsTestRunner2/netcoreapp" className="xUnitTestProject.CurrencyHelperTests" name="FormatToStringTest1000" />
    </UnitTest>
    <UnitTest name="xUnitTestProject.CurrencyHelperTests.FormatToStringTest1000(price: 17579.823312525088, expected: &quot;17579.82 zł&quot;)" storage="c:\projekty\xunittestproject\bin\debug\netcoreapp3.1\xunittestproject.dll" id="9a9212ad-b798-7488-4494-e587449427c6">
      <Execution id="7fab9095-7363-4e61-bdb1-ea2d86dc2438" />
      <TestMethod codeBase="C:\Projekty\xUnitTestProject\bin\Debug\netcoreapp3.1\xUnitTestProject.dll" adapterTypeName="executor://xunit/VsTestRunner2/netcoreapp" className="xUnitTestProject.CurrencyHelperTests" name="FormatToStringTest1000" />
    </UnitTest>
    <UnitTest name="xUnitTestProject.CurrencyHelperTests.FormatToStringTest1000(price: 74851.91547305691, expected: &quot;74851.92 zł&quot;)" storage="c:\projekty\xunittestproject\bin\debug\netcoreapp3.1\xunittestproject.dll" id="15a5c8eb-0c90-a7e4-0dc8-5ce2be1587d5">
      <Execution id="c44a3e5e-a8d3-4592-9cca-21d2ae482089" />
      <TestMethod codeBase="C:\Projekty\xUnitTestProject\bin\Debug\netcoreapp3.1\xUnitTestProject.dll" adapterTypeName="executor://xunit/VsTestRunner2/netcoreapp" className="xUnitTestProject.CurrencyHelperTests" name="FormatToStringTest1000" />
    </UnitTest>
    <UnitTest name="xUnitTestProject.CurrencyHelperTests.FormatToStringTest1000(price: 3846.644792262765, expected: &quot;3846.64 zł&quot;)" storage="c:\projekty\xunittestproject\bin\debug\netcoreapp3.1\xunittestproject.dll" id="59fa5d82-f5a4-cb1c-ec41-0422b5d07418">
      <Execution id="336ed93d-aa6d-463d-a96d-0eedecaceb06" />
      <TestMethod codeBase="C:\Projekty\xUnitTestProject\bin\Debug\netcoreapp3.1\xUnitTestProject.dll" adapterTypeName="executor://xunit/VsTestRunner2/netcoreapp" className="xUnitTestProject.CurrencyHelperTests" name="FormatToStringTest1000" />
    </UnitTest>
    <UnitTest name="xUnitTestProject.CurrencyHelperTests.FormatToStringTest1000(price: 26686.08488193065, expected: &quot;26686.08 zł&quot;)" storage="c:\projekty\xunittestproject\bin\debug\netcoreapp3.1\xunittestproject.dll" id="8ff84779-95f5-a8f9-809e-e568d86ada77">
      <Execution id="a86bd8f2-5097-4e15-a52c-f9373e628323" />
      <TestMethod codeBase="C:\Projekty\xUnitTestProject\bin\Debug\netcoreapp3.1\xUnitTestProject.dll" adapterTypeName="executor://xunit/VsTestRunner2/netcoreapp" className="xUnitTestProject.CurrencyHelperTests" name="FormatToStringTest1000" />
    </UnitTest>
    <UnitTest name="xUnitTestProject.CurrencyHelperTests.FormatToStringTest1000(price: 30533.30031120838, expected: &quot;30533.30 zł&quot;)" storage="c:\projekty\xunittestproject\bin\debug\netcoreapp3.1\xunittestproject.dll" id="dba976e4-619d-1846-93cf-501dc328971c">
      <Execution id="f20abad5-0f4d-4c10-9785-46e969881e3c" />
      <TestMethod codeBase="C:\Projekty\xUnitTestProject\bin\Debug\netcoreapp3.1\xUnitTestProject.dll" adapterTypeName="executor://xunit/VsTestRunner2/netcoreapp" className="xUnitTestProject.CurrencyHelperTests" name="FormatToStringTest1000" />
    </UnitTest>
    <UnitTest name="xUnitTestProject.CurrencyHelperTests.FormatToStringTest1000(price: 34951.47290410077, expected: &quot;34951.47 zł&quot;)" storage="c:\projekty\xunittestproject\bin\debug\netcoreapp3.1\xunittestproject.dll" id="c3b1d717-2998-1634-887e-572d42236e5b">
      <Execution id="b452ec2b-56ce-45f2-85ad-6e8f2e42351e" />
      <TestMethod codeBase="C:\Projekty\xUnitTestProject\bin\Debug\netcoreapp3.1\xUnitTestProject.dll" adapterTypeName="executor://xunit/VsTestRunner2/netcoreapp" className="xUnitTestProject.CurrencyHelperTests" name="FormatToStringTest1000" />
    </UnitTest>
    <UnitTest name="xUnitTestProject.CurrencyHelperTests.FormatToStringTest1000(price: 44869.327020554025, expected: &quot;44869.33 zł&quot;)" storage="c:\projekty\xunittestproject\bin\debug\netcoreapp3.1\xunittestproject.dll" id="eb3e6893-2377-abc3-6bc4-b22d25b0ece8">
      <Execution id="2c44a3d4-8cbc-4500-a32c-dc98510853a3" />
      <TestMethod codeBase="C:\Projekty\xUnitTestProject\bin\Debug\netcoreapp3.1\xUnitTestProject.dll" adapterTypeName="executor://xunit/VsTestRunner2/netcoreapp" className="xUnitTestProject.CurrencyHelperTests" name="FormatToStringTest1000" />
    </UnitTest>
    <UnitTest name="xUnitTestProject.CurrencyHelperTests.FormatToStringTest1000(price: 63291.50274994015, expected: &quot;63291.50 zł&quot;)" storage="c:\projekty\xunittestproject\bin\debug\netcoreapp3.1\xunittestproject.dll" id="4e2fa441-f609-cc78-7eb6-a2fea9348b3f">
      <Execution id="d2e7919d-0881-452f-abce-9c2572058256" />
      <TestMethod codeBase="C:\Projekty\xUnitTestProject\bin\Debug\netcoreapp3.1\xUnitTestProject.dll" adapterTypeName="executor://xunit/VsTestRunner2/netcoreapp" className="xUnitTestProject.CurrencyHelperTests" name="FormatToStringTest1000" />
    </UnitTest>
    <UnitTest name="xUnitTestProject.CurrencyHelperTests.FormatToStringTest1000(price: 34060.48467268724, expected: &quot;34060.48 zł&quot;)" storage="c:\projekty\xunittestproject\bin\debug\netcoreapp3.1\xunittestproject.dll" id="7e545621-7d10-75d6-0eb9-82dda8912c2c">
      <Execution id="21da75e5-e7ce-4345-ac06-4b1ea24858ab" />
      <TestMethod codeBase="C:\Projekty\xUnitTestProject\bin\Debug\netcoreapp3.1\xUnitTestProject.dll" adapterTypeName="executor://xunit/VsTestRunner2/netcoreapp" className="xUnitTestProject.CurrencyHelperTests" name="FormatToStringTest1000" />
    </UnitTest>
    <UnitTest name="xUnitTestProject.CurrencyHelperTests.FormatToStringTest1000(price: 2409.393997763001, expected: &quot;2409.39 zł&quot;)" storage="c:\projekty\xunittestproject\bin\debug\netcoreapp3.1\xunittestproject.dll" id="cd5a26d8-2bfb-59a4-04b5-4f695fd431f8">
      <Execution id="c07c9ee1-c505-469e-852c-ea4552a57ffd" />
      <TestMethod codeBase="C:\Projekty\xUnitTestProject\bin\Debug\netcoreapp3.1\xUnitTestProject.dll" adapterTypeName="executor://xunit/VsTestRunner2/netcoreapp" className="xUnitTestProject.CurrencyHelperTests" name="FormatToStringTest1000" />
    </UnitTest>
    <UnitTest name="xUnitTestProject.CurrencyHelperTests.FormatToStringTest1000(price: 25882.451101077, expected: &quot;25882.45 zł&quot;)" storage="c:\projekty\xunittestproject\bin\debug\netcoreapp3.1\xunittestproject.dll" id="13946824-77dd-557e-ea95-b0f908b787b1">
      <Execution id="8acee51a-4d62-4631-af5e-1d5af294010e" />
      <TestMethod codeBase="C:\Projekty\xUnitTestProject\bin\Debug\netcoreapp3.1\xUnitTestProject.dll" adapterTypeName="executor://xunit/VsTestRunner2/netcoreapp" className="xUnitTestProject.CurrencyHelperTests" name="FormatToStringTest1000" />
    </UnitTest>
    <UnitTest name="xUnitTestProject.CurrencyHelperTests.FormatToStringTest1000(price: 62975.496334776515, expected: &quot;62975.50 zł&quot;)" storage="c:\projekty\xunittestproject\bin\debug\netcoreapp3.1\xunittestproject.dll" id="6590b071-f8b2-e4e3-3b40-027135dfc051">
      <Execution id="de2e4907-8fed-46a3-ada8-9be2d4794bac" />
      <TestMethod codeBase="C:\Projekty\xUnitTestProject\bin\Debug\netcoreapp3.1\xUnitTestProject.dll" adapterTypeName="executor://xunit/VsTestRunner2/netcoreapp" className="xUnitTestProject.CurrencyHelperTests" name="FormatToStringTest1000" />
    </UnitTest>
    <UnitTest name="xUnitTestProject.CurrencyHelperTests.FormatToStringTest1000(price: 37387.37521261972, expected: &quot;37387.38 zł&quot;)" storage="c:\projekty\xunittestproject\bin\debug\netcoreapp3.1\xunittestproject.dll" id="0ed4f192-4727-c437-89cc-2b16440ebef0">
      <Execution id="635b9147-2d36-483a-8ce0-ea9a8fc1af7d" />
      <TestMethod codeBase="C:\Projekty\xUnitTestProject\bin\Debug\netcoreapp3.1\xUnitTestProject.dll" adapterTypeName="executor://xunit/VsTestRunner2/netcoreapp" className="xUnitTestProject.CurrencyHelperTests" name="FormatToStringTest1000" />
    </UnitTest>
    <UnitTest name="xUnitTestProject.CurrencyHelperTests.FormatToStringTest1000(price: 18786.954468002055, expected: &quot;18786.95 zł&quot;)" storage="c:\projekty\xunittestproject\bin\debug\netcoreapp3.1\xunittestproject.dll" id="81074b63-819a-5707-3f0a-c12b1496d111">
      <Execution id="fab73f41-0421-4b41-8383-7c07f599873e" />
      <TestMethod codeBase="C:\Projekty\xUnitTestProject\bin\Debug\netcoreapp3.1\xUnitTestProject.dll" adapterTypeName="executor://xunit/VsTestRunner2/netcoreapp" className="xUnitTestProject.CurrencyHelperTests" name="FormatToStringTest1000" />
    </UnitTest>
    <UnitTest name="xUnitTestProject.CurrencyHelperTests.FormatToStringTest1000(price: 19840.47672110632, expected: &quot;19840.48 zł&quot;)" storage="c:\projekty\xunittestproject\bin\debug\netcoreapp3.1\xunittestproject.dll" id="a1a708d6-4e5d-1cbd-caa6-7047836e6788">
      <Execution id="b8238893-1421-4cbe-820d-b791a8c11970" />
      <TestMethod codeBase="C:\Projekty\xUnitTestProject\bin\Debug\netcoreapp3.1\xUnitTestProject.dll" adapterTypeName="executor://xunit/VsTestRunner2/netcoreapp" className="xUnitTestProject.CurrencyHelperTests" name="FormatToStringTest1000" />
    </UnitTest>
    <UnitTest name="xUnitTestProject.CurrencyHelperTests.FormatToStringTest1000(price: 11100.829211263372, expected: &quot;11100.83 zł&quot;)" storage="c:\projekty\xunittestproject\bin\debug\netcoreapp3.1\xunittestproject.dll" id="94f0cede-3e3b-c04d-89cc-8dfe2520972c">
      <Execution id="b1964574-cae5-4e30-9123-0da201c3e77b" />
      <TestMethod codeBase="C:\Projekty\xUnitTestProject\bin\Debug\netcoreapp3.1\xUnitTestProject.dll" adapterTypeName="executor://xunit/VsTestRunner2/netcoreapp" className="xUnitTestProject.CurrencyHelperTests" name="FormatToStringTest1000" />
    </UnitTest>
    <UnitTest name="xUnitTestProject.CurrencyHelperTests.FormatToStringTest1000(price: 14635.510547500808, expected: &quot;14635.51 zł&quot;)" storage="c:\projekty\xunittestproject\bin\debug\netcoreapp3.1\xunittestproject.dll" id="d0cd8d38-2083-8dfe-21da-1692537b41cc">
      <Execution id="7363ad58-341d-4050-b7d6-a5157b018450" />
      <TestMethod codeBase="C:\Projekty\xUnitTestProject\bin\Debug\netcoreapp3.1\xUnitTestProject.dll" adapterTypeName="executor://xunit/VsTestRunner2/netcoreapp" className="xUnitTestProject.CurrencyHelperTests" name="FormatToStringTest1000" />
    </UnitTest>
    <UnitTest name="xUnitTestProject.CurrencyHelperTests.FormatToStringTest1000(price: 598.1279707877561, expected: &quot;598.13 zł&quot;)" storage="c:\projekty\xunittestproject\bin\debug\netcoreapp3.1\xunittestproject.dll" id="5ae458e4-bb73-ceec-2cfb-1eb05d691961">
      <Execution id="60271dac-e2cb-4253-91a4-3635319997d4" />
      <TestMethod codeBase="C:\Projekty\xUnitTestProject\bin\Debug\netcoreapp3.1\xUnitTestProject.dll" adapterTypeName="executor://xunit/VsTestRunner2/netcoreapp" className="xUnitTestProject.CurrencyHelperTests" name="FormatToStringTest1000" />
    </UnitTest>
    <UnitTest name="xUnitTestProject.CurrencyHelperTests.FormatToStringTest1000(price: 6958.393354767186, expected: &quot;6958.39 zł&quot;)" storage="c:\projekty\xunittestproject\bin\debug\netcoreapp3.1\xunittestproject.dll" id="83d0208c-cef3-bd49-264a-c0709c65e66e">
      <Execution id="8dc082b3-8e64-461f-a4d8-73f86555e121" />
      <TestMethod codeBase="C:\Projekty\xUnitTestProject\bin\Debug\netcoreapp3.1\xUnitTestProject.dll" adapterTypeName="executor://xunit/VsTestRunner2/netcoreapp" className="xUnitTestProject.CurrencyHelperTests" name="FormatToStringTest1000" />
    </UnitTest>
    <UnitTest name="xUnitTestProject.CurrencyHelperTests.FormatToStringTest1000(price: 73151.83675918348, expected: &quot;73151.84 zł&quot;)" storage="c:\projekty\xunittestproject\bin\debug\netcoreapp3.1\xunittestproject.dll" id="f8f9d6d7-bbea-21e2-5568-87ea7f6744b9">
      <Execution id="3885fc41-76b3-427c-b871-23238aec57d9" />
      <TestMethod codeBase="C:\Projekty\xUnitTestProject\bin\Debug\netcoreapp3.1\xUnitTestProject.dll" adapterTypeName="executor://xunit/VsTestRunner2/netcoreapp" className="xUnitTestProject.CurrencyHelperTests" name="FormatToStringTest1000" />
    </UnitTest>
    <UnitTest name="xUnitTestProject.CurrencyHelperTests.FormatToStringTest1000(price: 1994.0983933439006, expected: &quot;1994.10 zł&quot;)" storage="c:\projekty\xunittestproject\bin\debug\netcoreapp3.1\xunittestproject.dll" id="19ecf0ec-9a79-ad70-9475-fee54b9d8614">
      <Execution id="45d7197e-abc6-48a7-8de3-bf642d8cc90a" />
      <TestMethod codeBase="C:\Projekty\xUnitTestProject\bin\Debug\netcoreapp3.1\xUnitTestProject.dll" adapterTypeName="executor://xunit/VsTestRunner2/netcoreapp" className="xUnitTestProject.CurrencyHelperTests" name="FormatToStringTest1000" />
    </UnitTest>
    <UnitTest name="xUnitTestProject.CurrencyHelperTests.FormatToStringTest1000(price: 24476.442216712254, expected: &quot;24476.44 zł&quot;)" storage="c:\projekty\xunittestproject\bin\debug\netcoreapp3.1\xunittestproject.dll" id="48480e6e-913f-e95b-4a6c-465d36475b6a">
      <Execution id="d4ac21e1-8e85-4e6d-bd49-6adc889f76ee" />
      <TestMethod codeBase="C:\Projekty\xUnitTestProject\bin\Debug\netcoreapp3.1\xUnitTestProject.dll" adapterTypeName="executor://xunit/VsTestRunner2/netcoreapp" className="xUnitTestProject.CurrencyHelperTests" name="FormatToStringTest1000" />
    </UnitTest>
    <UnitTest name="xUnitTestProject.CurrencyHelperTests.FormatToStringTest1000(price: 10227.532692039169, expected: &quot;10227.53 zł&quot;)" storage="c:\projekty\xunittestproject\bin\debug\netcoreapp3.1\xunittestproject.dll" id="f34d9844-3970-87ba-1a6d-f7c3b662af09">
      <Execution id="5bfc50ba-8a63-48a0-a2ca-59085cd9ecb8" />
      <TestMethod codeBase="C:\Projekty\xUnitTestProject\bin\Debug\netcoreapp3.1\xUnitTestProject.dll" adapterTypeName="executor://xunit/VsTestRunner2/netcoreapp" className="xUnitTestProject.CurrencyHelperTests" name="FormatToStringTest1000" />
    </UnitTest>
    <UnitTest name="xUnitTestProject.CurrencyHelperTests.FormatToStringTest1000(price: 801.5720517614726, expected: &quot;801.57 zł&quot;)" storage="c:\projekty\xunittestproject\bin\debug\netcoreapp3.1\xunittestproject.dll" id="fb66f3c8-a00d-4cfa-eac4-abc207e2c602">
      <Execution id="fb54daa9-9b64-4c38-a776-5d8470fa74b8" />
      <TestMethod codeBase="C:\Projekty\xUnitTestProject\bin\Debug\netcoreapp3.1\xUnitTestProject.dll" adapterTypeName="executor://xunit/VsTestRunner2/netcoreapp" className="xUnitTestProject.CurrencyHelperTests" name="FormatToStringTest1000" />
    </UnitTest>
    <UnitTest name="xUnitTestProject.CurrencyHelperTests.FormatToStringTest1000(price: 20623.53139885493, expected: &quot;20623.53 zł&quot;)" storage="c:\projekty\xunittestproject\bin\debug\netcoreapp3.1\xunittestproject.dll" id="a38d6dd0-4abc-cd66-f98d-02667c7de044">
      <Execution id="668f6f15-4cbd-4cde-9701-8f2ebbe4c909" />
      <TestMethod codeBase="C:\Projekty\xUnitTestProject\bin\Debug\netcoreapp3.1\xUnitTestProject.dll" adapterTypeName="executor://xunit/VsTestRunner2/netcoreapp" className="xUnitTestProject.CurrencyHelperTests" name="FormatToStringTest1000" />
    </UnitTest>
    <UnitTest name="xUnitTestProject.CurrencyHelperTests.FormatToStringTest1000(price: 47393.54939526671, expected: &quot;47393.55 zł&quot;)" storage="c:\projekty\xunittestproject\bin\debug\netcoreapp3.1\xunittestproject.dll" id="ca7cf147-8883-8578-944a-0bb9c4bca4f5">
      <Execution id="f69b4ffb-d529-4845-81e6-8cc8fb0b6b9c" />
      <TestMethod codeBase="C:\Projekty\xUnitTestProject\bin\Debug\netcoreapp3.1\xUnitTestProject.dll" adapterTypeName="executor://xunit/VsTestRunner2/netcoreapp" className="xUnitTestProject.CurrencyHelperTests" name="FormatToStringTest1000" />
    </UnitTest>
    <UnitTest name="xUnitTestProject.CurrencyHelperTests.FormatToStringTest1000(price: 7891.960478953067, expected: &quot;7891.96 zł&quot;)" storage="c:\projekty\xunittestproject\bin\debug\netcoreapp3.1\xunittestproject.dll" id="c31c3c04-c374-418e-36fc-0c705f1df093">
      <Execution id="3505b251-a583-413d-a46e-50e468128187" />
      <TestMethod codeBase="C:\Projekty\xUnitTestProject\bin\Debug\netcoreapp3.1\xUnitTestProject.dll" adapterTypeName="executor://xunit/VsTestRunner2/netcoreapp" className="xUnitTestProject.CurrencyHelperTests" name="FormatToStringTest1000" />
    </UnitTest>
    <UnitTest name="xUnitTestProject.CurrencyHelperTests.FormatToStringTest1000(price: 21573.45329517613, expected: &quot;21573.45 zł&quot;)" storage="c:\projekty\xunittestproject\bin\debug\netcoreapp3.1\xunittestproject.dll" id="3b56a798-367d-2897-b3e6-a32862419438">
      <Execution id="924a0f1e-dee1-4a36-9c39-b1eee817338e" />
      <TestMethod codeBase="C:\Projekty\xUnitTestProject\bin\Debug\netcoreapp3.1\xUnitTestProject.dll" adapterTypeName="executor://xunit/VsTestRunner2/netcoreapp" className="xUnitTestProject.CurrencyHelperTests" name="FormatToStringTest1000" />
    </UnitTest>
    <UnitTest name="xUnitTestProject.CurrencyHelperTests.FormatToStringTest1000(price: 15509.637406484986, expected: &quot;15509.64 zł&quot;)" storage="c:\projekty\xunittestproject\bin\debug\netcoreapp3.1\xunittestproject.dll" id="7848596b-c8d5-bd4c-d7fe-380e3b0f13fa">
      <Execution id="1b149097-0151-4379-9d1b-5d732b00a3b4" />
      <TestMethod codeBase="C:\Projekty\xUnitTestProject\bin\Debug\netcoreapp3.1\xUnitTestProject.dll" adapterTypeName="executor://xunit/VsTestRunner2/netcoreapp" className="xUnitTestProject.CurrencyHelperTests" name="FormatToStringTest1000" />
    </UnitTest>
    <UnitTest name="xUnitTestProject.CurrencyHelperTests.FormatToStringTest1000(price: 52481.07276821932, expected: &quot;52481.07 zł&quot;)" storage="c:\projekty\xunittestproject\bin\debug\netcoreapp3.1\xunittestproject.dll" id="71259de5-a991-d68a-74b6-6304befba6d8">
      <Execution id="8a789f1b-bc7e-4e6d-ae13-1ea68fce92d7" />
      <TestMethod codeBase="C:\Projekty\xUnitTestProject\bin\Debug\netcoreapp3.1\xUnitTestProject.dll" adapterTypeName="executor://xunit/VsTestRunner2/netcoreapp" className="xUnitTestProject.CurrencyHelperTests" name="FormatToStringTest1000" />
    </UnitTest>
    <UnitTest name="xUnitTestProject.CurrencyHelperTests.FormatToStringTest1000(price: 64568.131500027666, expected: &quot;64568.13 zł&quot;)" storage="c:\projekty\xunittestproject\bin\debug\netcoreapp3.1\xunittestproject.dll" id="0c81c8d2-5b34-01f9-4916-14e860679bfe">
      <Execution id="8a3aa719-7f04-4235-97a5-dbedd32e100f" />
      <TestMethod codeBase="C:\Projekty\xUnitTestProject\bin\Debug\netcoreapp3.1\xUnitTestProject.dll" adapterTypeName="executor://xunit/VsTestRunner2/netcoreapp" className="xUnitTestProject.CurrencyHelperTests" name="FormatToStringTest1000" />
    </UnitTest>
    <UnitTest name="xUnitTestProject.CurrencyHelperTests.FormatToStringTest1000(price: 8802.811382028653, expected: &quot;8802.81 zł&quot;)" storage="c:\projekty\xunittestproject\bin\debug\netcoreapp3.1\xunittestproject.dll" id="ffe61818-02d5-371a-a7be-23a9f86c9cc7">
      <Execution id="9f6c74c4-66b0-4a8d-94f6-486c27b38364" />
      <TestMethod codeBase="C:\Projekty\xUnitTestProject\bin\Debug\netcoreapp3.1\xUnitTestProject.dll" adapterTypeName="executor://xunit/VsTestRunner2/netcoreapp" className="xUnitTestProject.CurrencyHelperTests" name="FormatToStringTest1000" />
    </UnitTest>
    <UnitTest name="xUnitTestProject.CurrencyHelperTests.FormatToStringTest1000(price: 12370.243090209198, expected: &quot;12370.24 zł&quot;)" storage="c:\projekty\xunittestproject\bin\debug\netcoreapp3.1\xunittestproject.dll" id="9538a911-f018-0a3e-26cb-52278d332f56">
      <Execution id="c788ad3e-b145-4b4f-931d-0b207b3b4b39" />
      <TestMethod codeBase="C:\Projekty\xUnitTestProject\bin\Debug\netcoreapp3.1\xUnitTestProject.dll" adapterTypeName="executor://xunit/VsTestRunner2/netcoreapp" className="xUnitTestProject.CurrencyHelperTests" name="FormatToStringTest1000" />
    </UnitTest>
    <UnitTest name="xUnitTestProject.CurrencyHelperTests.FormatToStringTest1000(price: 7594.279030504766, expected: &quot;7594.28 zł&quot;)" storage="c:\projekty\xunittestproject\bin\debug\netcoreapp3.1\xunittestproject.dll" id="eaa6b024-a03d-d1dd-abf3-1b023d2d51e1">
      <Execution id="40423e90-5ca6-4d66-9d46-5a4f57d87c1e" />
      <TestMethod codeBase="C:\Projekty\xUnitTestProject\bin\Debug\netcoreapp3.1\xUnitTestProject.dll" adapterTypeName="executor://xunit/VsTestRunner2/netcoreapp" className="xUnitTestProject.CurrencyHelperTests" name="FormatToStringTest1000" />
    </UnitTest>
    <UnitTest name="xUnitTestProject.CurrencyHelperTests.FormatToStringTest1000(price: 65963.39932440939, expected: &quot;65963.40 zł&quot;)" storage="c:\projekty\xunittestproject\bin\debug\netcoreapp3.1\xunittestproject.dll" id="f8894dae-c947-7fce-9d72-6693c21ad4f8">
      <Execution id="dab7b3cf-986a-44d7-b888-f257aca1a938" />
      <TestMethod codeBase="C:\Projekty\xUnitTestProject\bin\Debug\netcoreapp3.1\xUnitTestProject.dll" adapterTypeName="executor://xunit/VsTestRunner2/netcoreapp" className="xUnitTestProject.CurrencyHelperTests" name="FormatToStringTest1000" />
    </UnitTest>
    <UnitTest name="xUnitTestProject.CurrencyHelperTests.FormatToStringTest1000(price: 18340.935049000167, expected: &quot;18340.94 zł&quot;)" storage="c:\projekty\xunittestproject\bin\debug\netcoreapp3.1\xunittestproject.dll" id="5dc082f5-af3b-2f6f-74c8-0805bee30a46">
      <Execution id="c66bc9e0-0b5a-464c-b210-5fe078d30556" />
      <TestMethod codeBase="C:\Projekty\xUnitTestProject\bin\Debug\netcoreapp3.1\xUnitTestProject.dll" adapterTypeName="executor://xunit/VsTestRunner2/netcoreapp" className="xUnitTestProject.CurrencyHelperTests" name="FormatToStringTest1000" />
    </UnitTest>
    <UnitTest name="xUnitTestProject.CurrencyHelperTests.FormatToStringTest1000(price: 10461.455048841171, expected: &quot;10461.46 zł&quot;)" storage="c:\projekty\xunittestproject\bin\debug\netcoreapp3.1\xunittestproject.dll" id="1385f442-8d64-2443-1088-0b70bf667165">
      <Execution id="8543cc3a-b7d2-4b48-8114-3d40a2bda6da" />
      <TestMethod codeBase="C:\Projekty\xUnitTestProject\bin\Debug\netcoreapp3.1\xUnitTestProject.dll" adapterTypeName="executor://xunit/VsTestRunner2/netcoreapp" className="xUnitTestProject.CurrencyHelperTests" name="FormatToStringTest1000" />
    </UnitTest>
    <UnitTest name="xUnitTestProject.CurrencyHelperTests.FormatToStringTest1000(price: 9661.966055578536, expected: &quot;9661.97 zł&quot;)" storage="c:\projekty\xunittestproject\bin\debug\netcoreapp3.1\xunittestproject.dll" id="ddbbee19-86a9-bc74-0664-4f6fa63796df">
      <Execution id="413708ff-c47d-4b76-b27b-98998e0dd4bf" />
      <TestMethod codeBase="C:\Projekty\xUnitTestProject\bin\Debug\netcoreapp3.1\xUnitTestProject.dll" adapterTypeName="executor://xunit/VsTestRunner2/netcoreapp" className="xUnitTestProject.CurrencyHelperTests" name="FormatToStringTest1000" />
    </UnitTest>
    <UnitTest name="xUnitTestProject.CurrencyHelperTests.FormatToStringTest1000(price: 7671.0039663785155, expected: &quot;7671.00 zł&quot;)" storage="c:\projekty\xunittestproject\bin\debug\netcoreapp3.1\xunittestproject.dll" id="5f3735b0-854d-d423-adfb-f959d02e73f7">
      <Execution id="84adbcf8-b4a3-4023-a929-95f52ef09ac1" />
      <TestMethod codeBase="C:\Projekty\xUnitTestProject\bin\Debug\netcoreapp3.1\xUnitTestProject.dll" adapterTypeName="executor://xunit/VsTestRunner2/netcoreapp" className="xUnitTestProject.CurrencyHelperTests" name="FormatToStringTest1000" />
    </UnitTest>
    <UnitTest name="xUnitTestProject.CurrencyHelperTests.FormatToStringTest1000(price: 57436.33241095409, expected: &quot;57436.33 zł&quot;)" storage="c:\projekty\xunittestproject\bin\debug\netcoreapp3.1\xunittestproject.dll" id="0d808795-ca9e-3ec0-5d7b-6c498dbb0495">
      <Execution id="d003b363-ee53-4cf2-aebd-f27fd7fe14e0" />
      <TestMethod codeBase="C:\Projekty\xUnitTestProject\bin\Debug\netcoreapp3.1\xUnitTestProject.dll" adapterTypeName="executor://xunit/VsTestRunner2/netcoreapp" className="xUnitTestProject.CurrencyHelperTests" name="FormatToStringTest1000" />
    </UnitTest>
    <UnitTest name="xUnitTestProject.CurrencyHelperTests.FormatToStringTest1000(price: 591.2110872302256, expected: &quot;591.21 zł&quot;)" storage="c:\projekty\xunittestproject\bin\debug\netcoreapp3.1\xunittestproject.dll" id="836d8767-01df-4e15-8567-247721a23e4e">
      <Execution id="0037de1e-2794-46c6-a67b-6c9638c34549" />
      <TestMethod codeBase="C:\Projekty\xUnitTestProject\bin\Debug\netcoreapp3.1\xUnitTestProject.dll" adapterTypeName="executor://xunit/VsTestRunner2/netcoreapp" className="xUnitTestProject.CurrencyHelperTests" name="FormatToStringTest1000" />
    </UnitTest>
    <UnitTest name="xUnitTestProject.CurrencyHelperTests.FormatToStringTest1000(price: 29417.800422138444, expected: &quot;29417.80 zł&quot;)" storage="c:\projekty\xunittestproject\bin\debug\netcoreapp3.1\xunittestproject.dll" id="4c9ec316-0614-0ed3-d3e3-ff9a3542b3e8">
      <Execution id="698d54b0-07ef-4003-b811-5c6e67271812" />
      <TestMethod codeBase="C:\Projekty\xUnitTestProject\bin\Debug\netcoreapp3.1\xUnitTestProject.dll" adapterTypeName="executor://xunit/VsTestRunner2/netcoreapp" className="xUnitTestProject.CurrencyHelperTests" name="FormatToStringTest1000" />
    </UnitTest>
    <UnitTest name="xUnitTestProject.CurrencyHelperTests.FormatToStringTest1000(price: 51529.79033960206, expected: &quot;51529.79 zł&quot;)" storage="c:\projekty\xunittestproject\bin\debug\netcoreapp3.1\xunittestproject.dll" id="ed2134d1-cccc-7594-ff4e-6670ac477e6f">
      <Execution id="26b6c75f-945c-4153-a670-30a6256cdd4c" />
      <TestMethod codeBase="C:\Projekty\xUnitTestProject\bin\Debug\netcoreapp3.1\xUnitTestProject.dll" adapterTypeName="executor://xunit/VsTestRunner2/netcoreapp" className="xUnitTestProject.CurrencyHelperTests" name="FormatToStringTest1000" />
    </UnitTest>
    <UnitTest name="xUnitTestProject.CurrencyHelperTests.FormatToStringTest1000(price: 14719.97001409762, expected: &quot;14719.97 zł&quot;)" storage="c:\projekty\xunittestproject\bin\debug\netcoreapp3.1\xunittestproject.dll" id="0d6a7c9f-244c-8d08-98f4-afd58838a2c2">
      <Execution id="08a71ee1-b511-486e-9e6d-40fffccb99a1" />
      <TestMethod codeBase="C:\Projekty\xUnitTestProject\bin\Debug\netcoreapp3.1\xUnitTestProject.dll" adapterTypeName="executor://xunit/VsTestRunner2/netcoreapp" className="xUnitTestProject.CurrencyHelperTests" name="FormatToStringTest1000" />
    </UnitTest>
    <UnitTest name="xUnitTestProject.CurrencyHelperTests.FormatToStringTest1000(price: 480.2082316857801, expected: &quot;480.21 zł&quot;)" storage="c:\projekty\xunittestproject\bin\debug\netcoreapp3.1\xunittestproject.dll" id="85835fd9-2c0e-82ff-767f-a5379021f4f3">
      <Execution id="e9500353-caa2-4e1b-9a29-9752f786b580" />
      <TestMethod codeBase="C:\Projekty\xUnitTestProject\bin\Debug\netcoreapp3.1\xUnitTestProject.dll" adapterTypeName="executor://xunit/VsTestRunner2/netcoreapp" className="xUnitTestProject.CurrencyHelperTests" name="FormatToStringTest1000" />
    </UnitTest>
    <UnitTest name="xUnitTestProject.CurrencyHelperTests.FormatToStringTest1000(price: 42728.35751444258, expected: &quot;42728.36 zł&quot;)" storage="c:\projekty\xunittestproject\bin\debug\netcoreapp3.1\xunittestproject.dll" id="03e8826c-20fc-cadf-51a4-fe54882f4740">
      <Execution id="149c6745-1a91-45fc-9cdf-62782c3d45da" />
      <TestMethod codeBase="C:\Projekty\xUnitTestProject\bin\Debug\netcoreapp3.1\xUnitTestProject.dll" adapterTypeName="executor://xunit/VsTestRunner2/netcoreapp" className="xUnitTestProject.CurrencyHelperTests" name="FormatToStringTest1000" />
    </UnitTest>
    <UnitTest name="xUnitTestProject.CurrencyHelperTests.FormatToStringTest1000(price: 27164.0272410419, expected: &quot;27164.03 zł&quot;)" storage="c:\projekty\xunittestproject\bin\debug\netcoreapp3.1\xunittestproject.dll" id="ff7ab5c9-17cd-23b9-cfc1-99026e4f14ac">
      <Execution id="a85a1350-3680-4e2f-99a3-6308b121cb9e" />
      <TestMethod codeBase="C:\Projekty\xUnitTestProject\bin\Debug\netcoreapp3.1\xUnitTestProject.dll" adapterTypeName="executor://xunit/VsTestRunner2/netcoreapp" className="xUnitTestProject.CurrencyHelperTests" name="FormatToStringTest1000" />
    </UnitTest>
    <UnitTest name="xUnitTestProject.CurrencyHelperTests.FormatToStringTest1000(price: 9603.199987620208, expected: &quot;9603.20 zł&quot;)" storage="c:\projekty\xunittestproject\bin\debug\netcoreapp3.1\xunittestproject.dll" id="e21002e6-50a6-5886-0d27-79e4c9ba2f92">
      <Execution id="e10c83b9-dfe4-409f-99cf-e43f3ebc6e27" />
      <TestMethod codeBase="C:\Projekty\xUnitTestProject\bin\Debug\netcoreapp3.1\xUnitTestProject.dll" adapterTypeName="executor://xunit/VsTestRunner2/netcoreapp" className="xUnitTestProject.CurrencyHelperTests" name="FormatToStringTest1000" />
    </UnitTest>
    <UnitTest name="xUnitTestProject.CurrencyHelperTests.FormatToStringTest1000(price: 6262.373413993219, expected: &quot;6262.37 zł&quot;)" storage="c:\projekty\xunittestproject\bin\debug\netcoreapp3.1\xunittestproject.dll" id="ff8ddb46-4b79-2ee0-2d36-ef22ba3dcd81">
      <Execution id="044d929e-a452-41d5-8d45-7c5597fe453b" />
      <TestMethod codeBase="C:\Projekty\xUnitTestProject\bin\Debug\netcoreapp3.1\xUnitTestProject.dll" adapterTypeName="executor://xunit/VsTestRunner2/netcoreapp" className="xUnitTestProject.CurrencyHelperTests" name="FormatToStringTest1000" />
    </UnitTest>
    <UnitTest name="xUnitTestProject.CurrencyHelperTests.FormatToStringTest1000(price: 19462.729986486367, expected: &quot;19462.73 zł&quot;)" storage="c:\projekty\xunittestproject\bin\debug\netcoreapp3.1\xunittestproject.dll" id="1462a569-77b7-fa7d-0148-09ce9f2428e8">
      <Execution id="9ce2254c-12a5-463c-9d15-75ec65bfd9f9" />
      <TestMethod codeBase="C:\Projekty\xUnitTestProject\bin\Debug\netcoreapp3.1\xUnitTestProject.dll" adapterTypeName="executor://xunit/VsTestRunner2/netcoreapp" className="xUnitTestProject.CurrencyHelperTests" name="FormatToStringTest1000" />
    </UnitTest>
    <UnitTest name="xUnitTestProject.CurrencyHelperTests.FormatToStringTest1000(price: 54578.37303904275, expected: &quot;54578.37 zł&quot;)" storage="c:\projekty\xunittestproject\bin\debug\netcoreapp3.1\xunittestproject.dll" id="0df7d709-570d-9a2b-20b2-9824d27442ba">
      <Execution id="ab6016ee-a5cd-4555-b02e-dc58113e2c8e" />
      <TestMethod codeBase="C:\Projekty\xUnitTestProject\bin\Debug\netcoreapp3.1\xUnitTestProject.dll" adapterTypeName="executor://xunit/VsTestRunner2/netcoreapp" className="xUnitTestProject.CurrencyHelperTests" name="FormatToStringTest1000" />
    </UnitTest>
    <UnitTest name="xUnitTestProject.CurrencyHelperTests.FormatToStringTest1000(price: 1108.7197928823157, expected: &quot;1108.72 zł&quot;)" storage="c:\projekty\xunittestproject\bin\debug\netcoreapp3.1\xunittestproject.dll" id="e06b8219-62b1-a0bc-a073-2837868b5c0e">
      <Execution id="0f668962-09e4-4e01-a9c7-6cba3aa7aea2" />
      <TestMethod codeBase="C:\Projekty\xUnitTestProject\bin\Debug\netcoreapp3.1\xUnitTestProject.dll" adapterTypeName="executor://xunit/VsTestRunner2/netcoreapp" className="xUnitTestProject.CurrencyHelperTests" name="FormatToStringTest1000" />
    </UnitTest>
    <UnitTest name="xUnitTestProject.CurrencyHelperTests.FormatToStringTest1000(price: 69864.17463991146, expected: &quot;69864.17 zł&quot;)" storage="c:\projekty\xunittestproject\bin\debug\netcoreapp3.1\xunittestproject.dll" id="a75df869-b8ee-c89b-7cd3-025e83911294">
      <Execution id="4ccd3797-9e10-4c26-af78-b381da87b1da" />
      <TestMethod codeBase="C:\Projekty\xUnitTestProject\bin\Debug\netcoreapp3.1\xUnitTestProject.dll" adapterTypeName="executor://xunit/VsTestRunner2/netcoreapp" className="xUnitTestProject.CurrencyHelperTests" name="FormatToStringTest1000" />
    </UnitTest>
    <UnitTest name="xUnitTestProject.CurrencyHelperTests.FormatToStringTest1000(price: 26220.382477706476, expected: &quot;26220.38 zł&quot;)" storage="c:\projekty\xunittestproject\bin\debug\netcoreapp3.1\xunittestproject.dll" id="1079d268-49d6-f18c-d495-58b580aae9dc">
      <Execution id="46fe9f6f-4324-4711-aac8-0a7d5c4cee41" />
      <TestMethod codeBase="C:\Projekty\xUnitTestProject\bin\Debug\netcoreapp3.1\xUnitTestProject.dll" adapterTypeName="executor://xunit/VsTestRunner2/netcoreapp" className="xUnitTestProject.CurrencyHelperTests" name="FormatToStringTest1000" />
    </UnitTest>
    <UnitTest name="xUnitTestProject.CurrencyHelperTests.FormatToStringTest1000(price: 39146.892120180135, expected: &quot;39146.89 zł&quot;)" storage="c:\projekty\xunittestproject\bin\debug\netcoreapp3.1\xunittestproject.dll" id="2059d141-cc28-3ec8-0e84-daba3f077644">
      <Execution id="afd2117d-b166-4d68-9869-4f7fe409c8fa" />
      <TestMethod codeBase="C:\Projekty\xUnitTestProject\bin\Debug\netcoreapp3.1\xUnitTestProject.dll" adapterTypeName="executor://xunit/VsTestRunner2/netcoreapp" className="xUnitTestProject.CurrencyHelperTests" name="FormatToStringTest1000" />
    </UnitTest>
    <UnitTest name="xUnitTestProject.CurrencyHelperTests.FormatToStringTest1000(price: 6276.389386365838, expected: &quot;6276.39 zł&quot;)" storage="c:\projekty\xunittestproject\bin\debug\netcoreapp3.1\xunittestproject.dll" id="7c18917f-7141-7732-3a7b-36439ce0baa1">
      <Execution id="b7e68e5c-eb2d-48f2-9ae2-46ee3ff91ae9" />
      <TestMethod codeBase="C:\Projekty\xUnitTestProject\bin\Debug\netcoreapp3.1\xUnitTestProject.dll" adapterTypeName="executor://xunit/VsTestRunner2/netcoreapp" className="xUnitTestProject.CurrencyHelperTests" name="FormatToStringTest1000" />
    </UnitTest>
    <UnitTest name="xUnitTestProject.CurrencyHelperTests.FormatToStringTest1000(price: 7716.571614765363, expected: &quot;7716.57 zł&quot;)" storage="c:\projekty\xunittestproject\bin\debug\netcoreapp3.1\xunittestproject.dll" id="135dd56d-570b-92a1-4144-854d04d96ef0">
      <Execution id="04944d3f-69ee-4c4a-8b8d-a3257e3bff65" />
      <TestMethod codeBase="C:\Projekty\xUnitTestProject\bin\Debug\netcoreapp3.1\xUnitTestProject.dll" adapterTypeName="executor://xunit/VsTestRunner2/netcoreapp" className="xUnitTestProject.CurrencyHelperTests" name="FormatToStringTest1000" />
    </UnitTest>
    <UnitTest name="xUnitTestProject.CurrencyHelperTests.FormatToStringTest1000(price: 59919.71489415491, expected: &quot;59919.71 zł&quot;)" storage="c:\projekty\xunittestproject\bin\debug\netcoreapp3.1\xunittestproject.dll" id="c2db2421-6d50-c505-4572-abf46a5e86c5">
      <Execution id="7e3f898e-4bdd-4c26-ab10-eba31b52b8c4" />
      <TestMethod codeBase="C:\Projekty\xUnitTestProject\bin\Debug\netcoreapp3.1\xUnitTestProject.dll" adapterTypeName="executor://xunit/VsTestRunner2/netcoreapp" className="xUnitTestProject.CurrencyHelperTests" name="FormatToStringTest1000" />
    </UnitTest>
    <UnitTest name="xUnitTestProject.CurrencyHelperTests.FormatToStringTest1000(price: 72802.68569213277, expected: &quot;72802.69 zł&quot;)" storage="c:\projekty\xunittestproject\bin\debug\netcoreapp3.1\xunittestproject.dll" id="1aafdcdc-e39a-0bd1-4429-1c1f26634e52">
      <Execution id="ff96bafb-e32b-4d20-a613-c42bcfc95310" />
      <TestMethod codeBase="C:\Projekty\xUnitTestProject\bin\Debug\netcoreapp3.1\xUnitTestProject.dll" adapterTypeName="executor://xunit/VsTestRunner2/netcoreapp" className="xUnitTestProject.CurrencyHelperTests" name="FormatToStringTest1000" />
    </UnitTest>
    <UnitTest name="xUnitTestProject.CurrencyHelperTests.FormatToStringTest1000(price: 272.5621069118204, expected: &quot;272.56 zł&quot;)" storage="c:\projekty\xunittestproject\bin\debug\netcoreapp3.1\xunittestproject.dll" id="8cdd5bbc-dcfa-1d65-90a0-7f353e299d1e">
      <Execution id="c363ca70-e8f6-437c-b856-9d8a3e9bb812" />
      <TestMethod codeBase="C:\Projekty\xUnitTestProject\bin\Debug\netcoreapp3.1\xUnitTestProject.dll" adapterTypeName="executor://xunit/VsTestRunner2/netcoreapp" className="xUnitTestProject.CurrencyHelperTests" name="FormatToStringTest1000" />
    </UnitTest>
    <UnitTest name="xUnitTestProject.CurrencyHelperTests.FormatToStringTest1000(price: 21693.340115174808, expected: &quot;21693.34 zł&quot;)" storage="c:\projekty\xunittestproject\bin\debug\netcoreapp3.1\xunittestproject.dll" id="a8f82c34-f413-0466-fc76-669da2c23141">
      <Execution id="18369e68-3e9f-43c0-ae86-4af037b88bf1" />
      <TestMethod codeBase="C:\Projekty\xUnitTestProject\bin\Debug\netcoreapp3.1\xUnitTestProject.dll" adapterTypeName="executor://xunit/VsTestRunner2/netcoreapp" className="xUnitTestProject.CurrencyHelperTests" name="FormatToStringTest1000" />
    </UnitTest>
    <UnitTest name="xUnitTestProject.CurrencyHelperTests.FormatToStringTest1000(price: 486.15309567942893, expected: &quot;486.15 zł&quot;)" storage="c:\projekty\xunittestproject\bin\debug\netcoreapp3.1\xunittestproject.dll" id="de1aa414-8fbd-dead-288e-d558b1305dac">
      <Execution id="64d70733-03b3-4876-a7e2-be0ae99e9c3b" />
      <TestMethod codeBase="C:\Projekty\xUnitTestProject\bin\Debug\netcoreapp3.1\xUnitTestProject.dll" adapterTypeName="executor://xunit/VsTestRunner2/netcoreapp" className="xUnitTestProject.CurrencyHelperTests" name="FormatToStringTest1000" />
    </UnitTest>
    <UnitTest name="xUnitTestProject.CurrencyHelperTests.FormatToStringTest1000(price: 11430.666613002619, expected: &quot;11430.67 zł&quot;)" storage="c:\projekty\xunittestproject\bin\debug\netcoreapp3.1\xunittestproject.dll" id="f406acd8-9b69-9411-bf61-2d74f259f69e">
      <Execution id="96f18067-4ccb-4951-b20b-3896cccb6a2a" />
      <TestMethod codeBase="C:\Projekty\xUnitTestProject\bin\Debug\netcoreapp3.1\xUnitTestProject.dll" adapterTypeName="executor://xunit/VsTestRunner2/netcoreapp" className="xUnitTestProject.CurrencyHelperTests" name="FormatToStringTest1000" />
    </UnitTest>
    <UnitTest name="xUnitTestProject.CurrencyHelperTests.FormatToStringTest1000(price: 34096.337879508894, expected: &quot;34096.34 zł&quot;)" storage="c:\projekty\xunittestproject\bin\debug\netcoreapp3.1\xunittestproject.dll" id="aae9a2f6-c5ae-d742-7ea5-60de6dc3d9cf">
      <Execution id="ba88df3b-27ca-4921-9d3a-7404f9c7cb3d" />
      <TestMethod codeBase="C:\Projekty\xUnitTestProject\bin\Debug\netcoreapp3.1\xUnitTestProject.dll" adapterTypeName="executor://xunit/VsTestRunner2/netcoreapp" className="xUnitTestProject.CurrencyHelperTests" name="FormatToStringTest1000" />
    </UnitTest>
    <UnitTest name="xUnitTestProject.CurrencyHelperTests.FormatToStringTest1000(price: 12091.219941106729, expected: &quot;12091.22 zł&quot;)" storage="c:\projekty\xunittestproject\bin\debug\netcoreapp3.1\xunittestproject.dll" id="230e1e23-a8f6-7ac5-0938-0ce23eabf420">
      <Execution id="e5d0a4f3-c447-4fdf-a9fc-bb6b045700af" />
      <TestMethod codeBase="C:\Projekty\xUnitTestProject\bin\Debug\netcoreapp3.1\xUnitTestProject.dll" adapterTypeName="executor://xunit/VsTestRunner2/netcoreapp" className="xUnitTestProject.CurrencyHelperTests" name="FormatToStringTest1000" />
    </UnitTest>
    <UnitTest name="xUnitTestProject.CurrencyHelperTests.FormatToStringTest1000(price: 1745.490603896552, expected: &quot;1745.49 zł&quot;)" storage="c:\projekty\xunittestproject\bin\debug\netcoreapp3.1\xunittestproject.dll" id="d74171b4-c8ee-1912-2996-ae0e2e26eb23">
      <Execution id="ff682ca4-5ca8-47ab-a787-0968a2c843ec" />
      <TestMethod codeBase="C:\Projekty\xUnitTestProject\bin\Debug\netcoreapp3.1\xUnitTestProject.dll" adapterTypeName="executor://xunit/VsTestRunner2/netcoreapp" className="xUnitTestProject.CurrencyHelperTests" name="FormatToStringTest1000" />
    </UnitTest>
    <UnitTest name="xUnitTestProject.CurrencyHelperTests.FormatToStringTest1000(price: 27027.327683509946, expected: &quot;27027.33 zł&quot;)" storage="c:\projekty\xunittestproject\bin\debug\netcoreapp3.1\xunittestproject.dll" id="e3939992-ed7f-a290-3278-0cb23f85c16d">
      <Execution id="c74b204a-2fd6-4a5e-af60-8fc4c9b8f8e9" />
      <TestMethod codeBase="C:\Projekty\xUnitTestProject\bin\Debug\netcoreapp3.1\xUnitTestProject.dll" adapterTypeName="executor://xunit/VsTestRunner2/netcoreapp" className="xUnitTestProject.CurrencyHelperTests" name="FormatToStringTest1000" />
    </UnitTest>
    <UnitTest name="xUnitTestProject.CurrencyHelperTests.FormatToStringTest1000(price: 8242.419043611, expected: &quot;8242.42 zł&quot;)" storage="c:\projekty\xunittestproject\bin\debug\netcoreapp3.1\xunittestproject.dll" id="f54965f2-1519-0721-6d19-cf1386c23793">
      <Execution id="12acb6be-245f-40bd-8f0b-98b9109477bf" />
      <TestMethod codeBase="C:\Projekty\xUnitTestProject\bin\Debug\netcoreapp3.1\xUnitTestProject.dll" adapterTypeName="executor://xunit/VsTestRunner2/netcoreapp" className="xUnitTestProject.CurrencyHelperTests" name="FormatToStringTest1000" />
    </UnitTest>
    <UnitTest name="xUnitTestProject.CurrencyHelperTests.FormatToStringTest1000(price: 8492.904747505161, expected: &quot;8492.90 zł&quot;)" storage="c:\projekty\xunittestproject\bin\debug\netcoreapp3.1\xunittestproject.dll" id="8f3ac04b-f653-5459-90af-f61d3689f759">
      <Execution id="9dc90cec-187e-435b-bab7-244cf8808eab" />
      <TestMethod codeBase="C:\Projekty\xUnitTestProject\bin\Debug\netcoreapp3.1\xUnitTestProject.dll" adapterTypeName="executor://xunit/VsTestRunner2/netcoreapp" className="xUnitTestProject.CurrencyHelperTests" name="FormatToStringTest1000" />
    </UnitTest>
    <UnitTest name="xUnitTestProject.CurrencyHelperTests.FormatToStringTest1000(price: 12308.022158465357, expected: &quot;12308.02 zł&quot;)" storage="c:\projekty\xunittestproject\bin\debug\netcoreapp3.1\xunittestproject.dll" id="62b1fe99-5a28-bc9f-0494-f16f9326c1bc">
      <Execution id="be01482c-cce3-4341-83df-f2ae306616d3" />
      <TestMethod codeBase="C:\Projekty\xUnitTestProject\bin\Debug\netcoreapp3.1\xUnitTestProject.dll" adapterTypeName="executor://xunit/VsTestRunner2/netcoreapp" className="xUnitTestProject.CurrencyHelperTests" name="FormatToStringTest1000" />
    </UnitTest>
    <UnitTest name="xUnitTestProject.CurrencyHelperTests.FormatToStringTest1000(price: 1325.1625259114255, expected: &quot;1325.16 zł&quot;)" storage="c:\projekty\xunittestproject\bin\debug\netcoreapp3.1\xunittestproject.dll" id="8a119c68-dcc0-dba7-c987-45fbb976469b">
      <Execution id="33004816-f3b1-490e-82ef-f20130cdd02b" />
      <TestMethod codeBase="C:\Projekty\xUnitTestProject\bin\Debug\netcoreapp3.1\xUnitTestProject.dll" adapterTypeName="executor://xunit/VsTestRunner2/netcoreapp" className="xUnitTestProject.CurrencyHelperTests" name="FormatToStringTest1000" />
    </UnitTest>
    <UnitTest name="xUnitTestProject.CurrencyHelperTests.FormatToStringTest1000(price: 37528.70144368368, expected: &quot;37528.70 zł&quot;)" storage="c:\projekty\xunittestproject\bin\debug\netcoreapp3.1\xunittestproject.dll" id="444b6055-8e36-cf16-2594-6f26fe677cd1">
      <Execution id="78bbc5fc-7abd-48be-b19e-9455df16d406" />
      <TestMethod codeBase="C:\Projekty\xUnitTestProject\bin\Debug\netcoreapp3.1\xUnitTestProject.dll" adapterTypeName="executor://xunit/VsTestRunner2/netcoreapp" className="xUnitTestProject.CurrencyHelperTests" name="FormatToStringTest1000" />
    </UnitTest>
    <UnitTest name="xUnitTestProject.CurrencyHelperTests.FormatToStringTest1000(price: 8908.080586221107, expected: &quot;8908.08 zł&quot;)" storage="c:\projekty\xunittestproject\bin\debug\netcoreapp3.1\xunittestproject.dll" id="a00a0db9-3140-48ef-5f63-6a059b1f6f40">
      <Execution id="0cd8c436-b32c-46c5-b1c5-5565c0b44ed4" />
      <TestMethod codeBase="C:\Projekty\xUnitTestProject\bin\Debug\netcoreapp3.1\xUnitTestProject.dll" adapterTypeName="executor://xunit/VsTestRunner2/netcoreapp" className="xUnitTestProject.CurrencyHelperTests" name="FormatToStringTest1000" />
    </UnitTest>
    <UnitTest name="xUnitTestProject.CurrencyHelperTests.FormatToStringTest1000(price: 28502.61128259758, expected: &quot;28502.61 zł&quot;)" storage="c:\projekty\xunittestproject\bin\debug\netcoreapp3.1\xunittestproject.dll" id="56dbe364-b862-68d4-f157-de01aca24e66">
      <Execution id="ac1d8bdb-80ba-4838-a312-cb87e4d38d77" />
      <TestMethod codeBase="C:\Projekty\xUnitTestProject\bin\Debug\netcoreapp3.1\xUnitTestProject.dll" adapterTypeName="executor://xunit/VsTestRunner2/netcoreapp" className="xUnitTestProject.CurrencyHelperTests" name="FormatToStringTest1000" />
    </UnitTest>
    <UnitTest name="xUnitTestProject.CurrencyHelperTests.FormatToStringTest1000(price: 9079.930405251649, expected: &quot;9079.93 zł&quot;)" storage="c:\projekty\xunittestproject\bin\debug\netcoreapp3.1\xunittestproject.dll" id="65e69234-8b4f-5c5d-4c39-26b683719c33">
      <Execution id="bc9dc9a6-82a4-466e-8479-1b1067cdb272" />
      <TestMethod codeBase="C:\Projekty\xUnitTestProject\bin\Debug\netcoreapp3.1\xUnitTestProject.dll" adapterTypeName="executor://xunit/VsTestRunner2/netcoreapp" className="xUnitTestProject.CurrencyHelperTests" name="FormatToStringTest1000" />
    </UnitTest>
    <UnitTest name="xUnitTestProject.CurrencyHelperTests.FormatToStringTest1000(price: 2951.2722077329045, expected: &quot;2951.27 zł&quot;)" storage="c:\projekty\xunittestproject\bin\debug\netcoreapp3.1\xunittestproject.dll" id="be4ac306-3050-79c7-e4db-2e676fbdab1b">
      <Execution id="e303b243-edb0-4ae2-a20d-d67f4b73a8d0" />
      <TestMethod codeBase="C:\Projekty\xUnitTestProject\bin\Debug\netcoreapp3.1\xUnitTestProject.dll" adapterTypeName="executor://xunit/VsTestRunner2/netcoreapp" className="xUnitTestProject.CurrencyHelperTests" name="FormatToStringTest1000" />
    </UnitTest>
    <UnitTest name="xUnitTestProject.CurrencyHelperTests.FormatToStringTest1000(price: 14480.387652530982, expected: &quot;14480.39 zł&quot;)" storage="c:\projekty\xunittestproject\bin\debug\netcoreapp3.1\xunittestproject.dll" id="18167db3-c21a-1968-f83d-cf6f5b58219d">
      <Execution id="de210774-ea99-42b3-8a9f-5385d7defccb" />
      <TestMethod codeBase="C:\Projekty\xUnitTestProject\bin\Debug\netcoreapp3.1\xUnitTestProject.dll" adapterTypeName="executor://xunit/VsTestRunner2/netcoreapp" className="xUnitTestProject.CurrencyHelperTests" name="FormatToStringTest1000" />
    </UnitTest>
    <UnitTest name="xUnitTestProject.CurrencyHelperTests.FormatToStringTest1000(price: 48544.390887578666, expected: &quot;48544.39 zł&quot;)" storage="c:\projekty\xunittestproject\bin\debug\netcoreapp3.1\xunittestproject.dll" id="248dc14a-7b24-2159-ea3a-30144e961aa7">
      <Execution id="43181e90-9e0e-4f38-a794-62b8e795e3ee" />
      <TestMethod codeBase="C:\Projekty\xUnitTestProject\bin\Debug\netcoreapp3.1\xUnitTestProject.dll" adapterTypeName="executor://xunit/VsTestRunner2/netcoreapp" className="xUnitTestProject.CurrencyHelperTests" name="FormatToStringTest1000" />
    </UnitTest>
    <UnitTest name="xUnitTestProject.CurrencyHelperTests.FormatToStringTest1000(price: 52032.65082931176, expected: &quot;52032.65 zł&quot;)" storage="c:\projekty\xunittestproject\bin\debug\netcoreapp3.1\xunittestproject.dll" id="9f74ffc2-1a7b-4759-a337-57d1812dbf3f">
      <Execution id="05c87a19-a341-4cef-ac04-9ff1227a42c2" />
      <TestMethod codeBase="C:\Projekty\xUnitTestProject\bin\Debug\netcoreapp3.1\xUnitTestProject.dll" adapterTypeName="executor://xunit/VsTestRunner2/netcoreapp" className="xUnitTestProject.CurrencyHelperTests" name="FormatToStringTest1000" />
    </UnitTest>
    <UnitTest name="xUnitTestProject.CurrencyHelperTests.FormatToStringTest1000(price: 7370.518277515898, expected: &quot;7370.52 zł&quot;)" storage="c:\projekty\xunittestproject\bin\debug\netcoreapp3.1\xunittestproject.dll" id="170260b6-6610-99a8-adfb-d2dcbd80a40f">
      <Execution id="cd5851eb-54d0-4ce5-9695-ab4226dfd69a" />
      <TestMethod codeBase="C:\Projekty\xUnitTestProject\bin\Debug\netcoreapp3.1\xUnitTestProject.dll" adapterTypeName="executor://xunit/VsTestRunner2/netcoreapp" className="xUnitTestProject.CurrencyHelperTests" name="FormatToStringTest1000" />
    </UnitTest>
    <UnitTest name="xUnitTestProject.CurrencyHelperTests.FormatToStringTest1000(price: 24570.65594858893, expected: &quot;24570.66 zł&quot;)" storage="c:\projekty\xunittestproject\bin\debug\netcoreapp3.1\xunittestproject.dll" id="75f79a5e-625f-18cb-34f2-c39806bd0036">
      <Execution id="2d21db16-f4fa-429e-bf76-5b20e3c9e1ab" />
      <TestMethod codeBase="C:\Projekty\xUnitTestProject\bin\Debug\netcoreapp3.1\xUnitTestProject.dll" adapterTypeName="executor://xunit/VsTestRunner2/netcoreapp" className="xUnitTestProject.CurrencyHelperTests" name="FormatToStringTest1000" />
    </UnitTest>
    <UnitTest name="xUnitTestProject.CurrencyHelperTests.FormatToStringTest1000(price: 55782.67998761762, expected: &quot;55782.68 zł&quot;)" storage="c:\projekty\xunittestproject\bin\debug\netcoreapp3.1\xunittestproject.dll" id="1cdc361a-ffee-1052-df8d-ab7786ba69bf">
      <Execution id="ff7fc291-75a6-4f96-acc4-24bbed865ecf" />
      <TestMethod codeBase="C:\Projekty\xUnitTestProject\bin\Debug\netcoreapp3.1\xUnitTestProject.dll" adapterTypeName="executor://xunit/VsTestRunner2/netcoreapp" className="xUnitTestProject.CurrencyHelperTests" name="FormatToStringTest1000" />
    </UnitTest>
    <UnitTest name="xUnitTestProject.CurrencyHelperTests.FormatToStringTest1000(price: 74152.7503934562, expected: &quot;74152.75 zł&quot;)" storage="c:\projekty\xunittestproject\bin\debug\netcoreapp3.1\xunittestproject.dll" id="3326d350-1af4-4add-085b-c52b861e91af">
      <Execution id="44840ba9-68c7-4127-a3db-e95fad12ba75" />
      <TestMethod codeBase="C:\Projekty\xUnitTestProject\bin\Debug\netcoreapp3.1\xUnitTestProject.dll" adapterTypeName="executor://xunit/VsTestRunner2/netcoreapp" className="xUnitTestProject.CurrencyHelperTests" name="FormatToStringTest1000" />
    </UnitTest>
    <UnitTest name="xUnitTestProject.CurrencyHelperTests.FormatToStringTest1000(price: 100.45267071130345, expected: &quot;100.45 zł&quot;)" storage="c:\projekty\xunittestproject\bin\debug\netcoreapp3.1\xunittestproject.dll" id="d44a0649-8200-dc14-ee0f-9aa1a5e79e57">
      <Execution id="eabcf06c-e1fd-446c-b2cb-3fc2005b09ce" />
      <TestMethod codeBase="C:\Projekty\xUnitTestProject\bin\Debug\netcoreapp3.1\xUnitTestProject.dll" adapterTypeName="executor://xunit/VsTestRunner2/netcoreapp" className="xUnitTestProject.CurrencyHelperTests" name="FormatToStringTest1000" />
    </UnitTest>
    <UnitTest name="xUnitTestProject.CurrencyHelperTests.FormatToStringTest1000(price: 11022.594234092438, expected: &quot;11022.59 zł&quot;)" storage="c:\projekty\xunittestproject\bin\debug\netcoreapp3.1\xunittestproject.dll" id="0a8dd3d5-59e9-8093-402f-f8fc213265ce">
      <Execution id="407df3ea-dabd-446f-bcb7-0994117d566e" />
      <TestMethod codeBase="C:\Projekty\xUnitTestProject\bin\Debug\netcoreapp3.1\xUnitTestProject.dll" adapterTypeName="executor://xunit/VsTestRunner2/netcoreapp" className="xUnitTestProject.CurrencyHelperTests" name="FormatToStringTest1000" />
    </UnitTest>
    <UnitTest name="xUnitTestProject.CurrencyHelperTests.FormatToStringTest1000(price: 4554.73912809777, expected: &quot;4554.74 zł&quot;)" storage="c:\projekty\xunittestproject\bin\debug\netcoreapp3.1\xunittestproject.dll" id="c0f25143-2b07-04f3-95cc-c9746948afb7">
      <Execution id="4e0344d7-f858-4fdb-8623-5739a6be055f" />
      <TestMethod codeBase="C:\Projekty\xUnitTestProject\bin\Debug\netcoreapp3.1\xUnitTestProject.dll" adapterTypeName="executor://xunit/VsTestRunner2/netcoreapp" className="xUnitTestProject.CurrencyHelperTests" name="FormatToStringTest1000" />
    </UnitTest>
    <UnitTest name="xUnitTestProject.CurrencyHelperTests.FormatToStringTest1000(price: 1687.6029180025694, expected: &quot;1687.60 zł&quot;)" storage="c:\projekty\xunittestproject\bin\debug\netcoreapp3.1\xunittestproject.dll" id="1cc15eeb-9d05-d094-9231-53ade30093a7">
      <Execution id="53b98415-1d6b-45eb-a685-2a39c4c47551" />
      <TestMethod codeBase="C:\Projekty\xUnitTestProject\bin\Debug\netcoreapp3.1\xUnitTestProject.dll" adapterTypeName="executor://xunit/VsTestRunner2/netcoreapp" className="xUnitTestProject.CurrencyHelperTests" name="FormatToStringTest1000" />
    </UnitTest>
    <UnitTest name="xUnitTestProject.CurrencyHelperTests.FormatToStringTest1000(price: 10965.74607995746, expected: &quot;10965.75 zł&quot;)" storage="c:\projekty\xunittestproject\bin\debug\netcoreapp3.1\xunittestproject.dll" id="c83faa4e-9cfa-b743-e7ea-a4956027273b">
      <Execution id="af93ffdb-3c80-4de5-acc7-bb7c7e026bb6" />
      <TestMethod codeBase="C:\Projekty\xUnitTestProject\bin\Debug\netcoreapp3.1\xUnitTestProject.dll" adapterTypeName="executor://xunit/VsTestRunner2/netcoreapp" className="xUnitTestProject.CurrencyHelperTests" name="FormatToStringTest1000" />
    </UnitTest>
    <UnitTest name="xUnitTestProject.CurrencyHelperTests.FormatToStringTest1000(price: 1568.615240217473, expected: &quot;1568.62 zł&quot;)" storage="c:\projekty\xunittestproject\bin\debug\netcoreapp3.1\xunittestproject.dll" id="5a540ea5-a914-2a7a-fb65-63091b7a1082">
      <Execution id="c7aa90eb-8013-4184-9038-d49bbe6029bf" />
      <TestMethod codeBase="C:\Projekty\xUnitTestProject\bin\Debug\netcoreapp3.1\xUnitTestProject.dll" adapterTypeName="executor://xunit/VsTestRunner2/netcoreapp" className="xUnitTestProject.CurrencyHelperTests" name="FormatToStringTest1000" />
    </UnitTest>
    <UnitTest name="xUnitTestProject.CurrencyHelperTests.FormatToStringTest1000(price: 55010.474927814896, expected: &quot;55010.47 zł&quot;)" storage="c:\projekty\xunittestproject\bin\debug\netcoreapp3.1\xunittestproject.dll" id="4c68b106-0b95-e518-2e9e-d72489df9e7e">
      <Execution id="ecdde2ec-7829-442e-8c57-0030d8cca6e4" />
      <TestMethod codeBase="C:\Projekty\xUnitTestProject\bin\Debug\netcoreapp3.1\xUnitTestProject.dll" adapterTypeName="executor://xunit/VsTestRunner2/netcoreapp" className="xUnitTestProject.CurrencyHelperTests" name="FormatToStringTest1000" />
    </UnitTest>
    <UnitTest name="xUnitTestProject.CurrencyHelperTests.FormatToStringTest1000(price: 2298.0331723829886, expected: &quot;2298.03 zł&quot;)" storage="c:\projekty\xunittestproject\bin\debug\netcoreapp3.1\xunittestproject.dll" id="83af6274-cbc6-0821-9d1c-d71c57f5ac71">
      <Execution id="1795cd99-8bc4-4aec-b88b-8f42a4a687c8" />
      <TestMethod codeBase="C:\Projekty\xUnitTestProject\bin\Debug\netcoreapp3.1\xUnitTestProject.dll" adapterTypeName="executor://xunit/VsTestRunner2/netcoreapp" className="xUnitTestProject.CurrencyHelperTests" name="FormatToStringTest1000" />
    </UnitTest>
    <UnitTest name="xUnitTestProject.CurrencyHelperTests.FormatToStringTest1000(price: 8885.065440211942, expected: &quot;8885.07 zł&quot;)" storage="c:\projekty\xunittestproject\bin\debug\netcoreapp3.1\xunittestproject.dll" id="9ecb75d8-2160-8266-876b-6361db8213dc">
      <Execution id="461dd450-639c-44ca-acca-8efb48b69030" />
      <TestMethod codeBase="C:\Projekty\xUnitTestProject\bin\Debug\netcoreapp3.1\xUnitTestProject.dll" adapterTypeName="executor://xunit/VsTestRunner2/netcoreapp" className="xUnitTestProject.CurrencyHelperTests" name="FormatToStringTest1000" />
    </UnitTest>
    <UnitTest name="xUnitTestProject.CurrencyHelperTests.FormatToStringTest1000(price: 38640.62766693003, expected: &quot;38640.63 zł&quot;)" storage="c:\projekty\xunittestproject\bin\debug\netcoreapp3.1\xunittestproject.dll" id="ce6af9f0-4b11-7bc7-9919-f6caf3d5d5f3">
      <Execution id="48190808-6147-4b8e-8670-c29c6e9a5e31" />
      <TestMethod codeBase="C:\Projekty\xUnitTestProject\bin\Debug\netcoreapp3.1\xUnitTestProject.dll" adapterTypeName="executor://xunit/VsTestRunner2/netcoreapp" className="xUnitTestProject.CurrencyHelperTests" name="FormatToStringTest1000" />
    </UnitTest>
    <UnitTest name="xUnitTestProject.CurrencyHelperTests.FormatToStringTest1000(price: 803.2448148733214, expected: &quot;803.24 zł&quot;)" storage="c:\projekty\xunittestproject\bin\debug\netcoreapp3.1\xunittestproject.dll" id="034f9192-5731-ab77-854c-d5ad3844ecab">
      <Execution id="c3af3439-a940-4e12-8c89-f7fb9d115e2a" />
      <TestMethod codeBase="C:\Projekty\xUnitTestProject\bin\Debug\netcoreapp3.1\xUnitTestProject.dll" adapterTypeName="executor://xunit/VsTestRunner2/netcoreapp" className="xUnitTestProject.CurrencyHelperTests" name="FormatToStringTest1000" />
    </UnitTest>
    <UnitTest name="xUnitTestProject.CurrencyHelperTests.FormatToStringTest1000(price: 37826.846755123166, expected: &quot;37826.85 zł&quot;)" storage="c:\projekty\xunittestproject\bin\debug\netcoreapp3.1\xunittestproject.dll" id="a3944110-24ef-a5f3-993b-c0e54d094618">
      <Execution id="59e8e32b-95f7-44b4-aac7-b94a979ecae5" />
      <TestMethod codeBase="C:\Projekty\xUnitTestProject\bin\Debug\netcoreapp3.1\xUnitTestProject.dll" adapterTypeName="executor://xunit/VsTestRunner2/netcoreapp" className="xUnitTestProject.CurrencyHelperTests" name="FormatToStringTest1000" />
    </UnitTest>
    <UnitTest name="xUnitTestProject.CurrencyHelperTests.FormatToStringTest1000(price: 8599.45217413616, expected: &quot;8599.45 zł&quot;)" storage="c:\projekty\xunittestproject\bin\debug\netcoreapp3.1\xunittestproject.dll" id="459b3c16-63b4-fc77-bb08-22086969eb93">
      <Execution id="d652fde2-3c78-43be-b1f7-3e5897af3bf7" />
      <TestMethod codeBase="C:\Projekty\xUnitTestProject\bin\Debug\netcoreapp3.1\xUnitTestProject.dll" adapterTypeName="executor://xunit/VsTestRunner2/netcoreapp" className="xUnitTestProject.CurrencyHelperTests" name="FormatToStringTest1000" />
    </UnitTest>
    <UnitTest name="xUnitTestProject.CurrencyHelperTests.FormatToStringTest1000(price: 6220.182014914314, expected: &quot;6220.18 zł&quot;)" storage="c:\projekty\xunittestproject\bin\debug\netcoreapp3.1\xunittestproject.dll" id="0d6018bc-c4c3-ac7c-618e-ae3024a5dbea">
      <Execution id="0ce8e736-5de7-47cb-a307-534470b9f216" />
      <TestMethod codeBase="C:\Projekty\xUnitTestProject\bin\Debug\netcoreapp3.1\xUnitTestProject.dll" adapterTypeName="executor://xunit/VsTestRunner2/netcoreapp" className="xUnitTestProject.CurrencyHelperTests" name="FormatToStringTest1000" />
    </UnitTest>
    <UnitTest name="xUnitTestProject.CurrencyHelperTests.FormatToStringTest1000(price: 4652.407073443945, expected: &quot;4652.41 zł&quot;)" storage="c:\projekty\xunittestproject\bin\debug\netcoreapp3.1\xunittestproject.dll" id="80d0ff60-cfaf-35b0-6f6e-60db427c7f85">
      <Execution id="190a25c8-9a65-4639-ad40-67c0a22f363d" />
      <TestMethod codeBase="C:\Projekty\xUnitTestProject\bin\Debug\netcoreapp3.1\xUnitTestProject.dll" adapterTypeName="executor://xunit/VsTestRunner2/netcoreapp" className="xUnitTestProject.CurrencyHelperTests" name="FormatToStringTest1000" />
    </UnitTest>
    <UnitTest name="xUnitTestProject.CurrencyHelperTests.FormatToStringTest1000(price: 2883.637133003975, expected: &quot;2883.64 zł&quot;)" storage="c:\projekty\xunittestproject\bin\debug\netcoreapp3.1\xunittestproject.dll" id="4d3fe7e4-2bde-cfc0-5403-0728b7dde62a">
      <Execution id="0fb4a244-74c7-4476-b859-114055952a95" />
      <TestMethod codeBase="C:\Projekty\xUnitTestProject\bin\Debug\netcoreapp3.1\xUnitTestProject.dll" adapterTypeName="executor://xunit/VsTestRunner2/netcoreapp" className="xUnitTestProject.CurrencyHelperTests" name="FormatToStringTest1000" />
    </UnitTest>
    <UnitTest name="xUnitTestProject.CurrencyHelperTests.FormatToStringTest1000(price: 57237.252356975456, expected: &quot;57237.25 zł&quot;)" storage="c:\projekty\xunittestproject\bin\debug\netcoreapp3.1\xunittestproject.dll" id="761b6e00-61f3-b300-b2f5-8d5765381437">
      <Execution id="18ab82e8-bfe3-4b05-b419-084467f92990" />
      <TestMethod codeBase="C:\Projekty\xUnitTestProject\bin\Debug\netcoreapp3.1\xUnitTestProject.dll" adapterTypeName="executor://xunit/VsTestRunner2/netcoreapp" className="xUnitTestProject.CurrencyHelperTests" name="FormatToStringTest1000" />
    </UnitTest>
    <UnitTest name="xUnitTestProject.CurrencyHelperTests.FormatToStringTest1000(price: 15566.957545477411, expected: &quot;15566.96 zł&quot;)" storage="c:\projekty\xunittestproject\bin\debug\netcoreapp3.1\xunittestproject.dll" id="4b06698d-5339-0a98-2e05-9ce80b4b1ec4">
      <Execution id="8699c8e4-6810-4d5b-8823-37a3986265de" />
      <TestMethod codeBase="C:\Projekty\xUnitTestProject\bin\Debug\netcoreapp3.1\xUnitTestProject.dll" adapterTypeName="executor://xunit/VsTestRunner2/netcoreapp" className="xUnitTestProject.CurrencyHelperTests" name="FormatToStringTest1000" />
    </UnitTest>
    <UnitTest name="xUnitTestProject.CurrencyHelperTests.FormatToStringTest1000(price: 35784.54232617307, expected: &quot;35784.54 zł&quot;)" storage="c:\projekty\xunittestproject\bin\debug\netcoreapp3.1\xunittestproject.dll" id="99f07415-68e4-3476-dd07-6ad55eba383b">
      <Execution id="ba4cccf8-7dec-49a0-83a9-40e532d4461a" />
      <TestMethod codeBase="C:\Projekty\xUnitTestProject\bin\Debug\netcoreapp3.1\xUnitTestProject.dll" adapterTypeName="executor://xunit/VsTestRunner2/netcoreapp" className="xUnitTestProject.CurrencyHelperTests" name="FormatToStringTest1000" />
    </UnitTest>
    <UnitTest name="xUnitTestProject.CurrencyHelperTests.FormatToStringTest1000(price: 2039.440966411699, expected: &quot;2039.44 zł&quot;)" storage="c:\projekty\xunittestproject\bin\debug\netcoreapp3.1\xunittestproject.dll" id="0a0bc23b-0e81-f4f7-edb6-cfc0213b6904">
      <Execution id="ee6d7a36-487d-42fd-a0c5-b67a1dedc915" />
      <TestMethod codeBase="C:\Projekty\xUnitTestProject\bin\Debug\netcoreapp3.1\xUnitTestProject.dll" adapterTypeName="executor://xunit/VsTestRunner2/netcoreapp" className="xUnitTestProject.CurrencyHelperTests" name="FormatToStringTest1000" />
    </UnitTest>
    <UnitTest name="xUnitTestProject.CurrencyHelperTests.FormatToStringTest1000(price: 5396.620088554277, expected: &quot;5396.62 zł&quot;)" storage="c:\projekty\xunittestproject\bin\debug\netcoreapp3.1\xunittestproject.dll" id="2cd343bd-badc-869e-d32e-7b446b74dbcf">
      <Execution id="d1b93675-8554-453e-a40e-6acc51d77960" />
      <TestMethod codeBase="C:\Projekty\xUnitTestProject\bin\Debug\netcoreapp3.1\xUnitTestProject.dll" adapterTypeName="executor://xunit/VsTestRunner2/netcoreapp" className="xUnitTestProject.CurrencyHelperTests" name="FormatToStringTest1000" />
    </UnitTest>
    <UnitTest name="xUnitTestProject.CurrencyHelperTests.FormatToStringTest1000(price: 12187.551827252633, expected: &quot;12187.55 zł&quot;)" storage="c:\projekty\xunittestproject\bin\debug\netcoreapp3.1\xunittestproject.dll" id="73284804-3614-1086-c9d3-907dba871693">
      <Execution id="662e8919-1d44-4f9a-8c91-831a1ef19d7b" />
      <TestMethod codeBase="C:\Projekty\xUnitTestProject\bin\Debug\netcoreapp3.1\xUnitTestProject.dll" adapterTypeName="executor://xunit/VsTestRunner2/netcoreapp" className="xUnitTestProject.CurrencyHelperTests" name="FormatToStringTest1000" />
    </UnitTest>
    <UnitTest name="xUnitTestProject.CurrencyHelperTests.FormatToStringTest1000(price: 8347.417790138823, expected: &quot;8347.42 zł&quot;)" storage="c:\projekty\xunittestproject\bin\debug\netcoreapp3.1\xunittestproject.dll" id="38bf740f-4d67-502e-2cfd-d66470e846d5">
      <Execution id="a8e46e82-7be9-4e4c-ae1b-f2c7b7308c7c" />
      <TestMethod codeBase="C:\Projekty\xUnitTestProject\bin\Debug\netcoreapp3.1\xUnitTestProject.dll" adapterTypeName="executor://xunit/VsTestRunner2/netcoreapp" className="xUnitTestProject.CurrencyHelperTests" name="FormatToStringTest1000" />
    </UnitTest>
    <UnitTest name="xUnitTestProject.CurrencyHelperTests.FormatToStringTest1000(price: 19216.446905020366, expected: &quot;19216.45 zł&quot;)" storage="c:\projekty\xunittestproject\bin\debug\netcoreapp3.1\xunittestproject.dll" id="0dda947f-a97a-e494-3314-a0e77995fdce">
      <Execution id="f4757fd4-8fad-4bed-9743-50f3e29742bf" />
      <TestMethod codeBase="C:\Projekty\xUnitTestProject\bin\Debug\netcoreapp3.1\xUnitTestProject.dll" adapterTypeName="executor://xunit/VsTestRunner2/netcoreapp" className="xUnitTestProject.CurrencyHelperTests" name="FormatToStringTest1000" />
    </UnitTest>
    <UnitTest name="xUnitTestProject.CurrencyHelperTests.FormatToStringTest1000(price: 6057.842750804426, expected: &quot;6057.84 zł&quot;)" storage="c:\projekty\xunittestproject\bin\debug\netcoreapp3.1\xunittestproject.dll" id="6c34d91a-3ccc-a88d-a525-6f3132726a55">
      <Execution id="ec54032c-9697-4317-b3a8-611d1cdf7245" />
      <TestMethod codeBase="C:\Projekty\xUnitTestProject\bin\Debug\netcoreapp3.1\xUnitTestProject.dll" adapterTypeName="executor://xunit/VsTestRunner2/netcoreapp" className="xUnitTestProject.CurrencyHelperTests" name="FormatToStringTest1000" />
    </UnitTest>
    <UnitTest name="xUnitTestProject.CurrencyHelperTests.FormatToStringTest1000(price: 6323.24079469882, expected: &quot;6323.24 zł&quot;)" storage="c:\projekty\xunittestproject\bin\debug\netcoreapp3.1\xunittestproject.dll" id="3a74380b-5761-efcc-d80f-84990cb62b27">
      <Execution id="93c7feaa-89df-4498-b5fb-61f0fd80a29d" />
      <TestMethod codeBase="C:\Projekty\xUnitTestProject\bin\Debug\netcoreapp3.1\xUnitTestProject.dll" adapterTypeName="executor://xunit/VsTestRunner2/netcoreapp" className="xUnitTestProject.CurrencyHelperTests" name="FormatToStringTest1000" />
    </UnitTest>
    <UnitTest name="xUnitTestProject.CurrencyHelperTests.FormatToStringTest1000(price: 7813.027778348433, expected: &quot;7813.03 zł&quot;)" storage="c:\projekty\xunittestproject\bin\debug\netcoreapp3.1\xunittestproject.dll" id="5f1f475f-1270-641d-7d41-d4acd777aabd">
      <Execution id="a2e785d8-a8b0-49e4-bf68-8631b0903221" />
      <TestMethod codeBase="C:\Projekty\xUnitTestProject\bin\Debug\netcoreapp3.1\xUnitTestProject.dll" adapterTypeName="executor://xunit/VsTestRunner2/netcoreapp" className="xUnitTestProject.CurrencyHelperTests" name="FormatToStringTest1000" />
    </UnitTest>
    <UnitTest name="xUnitTestProject.CurrencyHelperTests.FormatToStringTest1000(price: 35145.379208063416, expected: &quot;35145.38 zł&quot;)" storage="c:\projekty\xunittestproject\bin\debug\netcoreapp3.1\xunittestproject.dll" id="434a8caa-9318-d21d-4a14-8dc7214b55eb">
      <Execution id="4eed2ea8-bd07-46b5-bb51-a8910134cf01" />
      <TestMethod codeBase="C:\Projekty\xUnitTestProject\bin\Debug\netcoreapp3.1\xUnitTestProject.dll" adapterTypeName="executor://xunit/VsTestRunner2/netcoreapp" className="xUnitTestProject.CurrencyHelperTests" name="FormatToStringTest1000" />
    </UnitTest>
    <UnitTest name="xUnitTestProject.CurrencyHelperTests.FormatToStringTest1000(price: 6809.40195803037, expected: &quot;6809.40 zł&quot;)" storage="c:\projekty\xunittestproject\bin\debug\netcoreapp3.1\xunittestproject.dll" id="e1c5523d-f177-82aa-b8ad-0ce279495eeb">
      <Execution id="f7139cde-6c4a-49a6-a1ee-67046ad27231" />
      <TestMethod codeBase="C:\Projekty\xUnitTestProject\bin\Debug\netcoreapp3.1\xUnitTestProject.dll" adapterTypeName="executor://xunit/VsTestRunner2/netcoreapp" className="xUnitTestProject.CurrencyHelperTests" name="FormatToStringTest1000" />
    </UnitTest>
    <UnitTest name="xUnitTestProject.CurrencyHelperTests.FormatToStringTest1000(price: 2166.4103293970275, expected: &quot;2166.41 zł&quot;)" storage="c:\projekty\xunittestproject\bin\debug\netcoreapp3.1\xunittestproject.dll" id="ccb01d77-9abe-d52e-f6b1-1f27fb49d5d4">
      <Execution id="9dde6711-6401-4bc9-abf5-c75add4b062c" />
      <TestMethod codeBase="C:\Projekty\xUnitTestProject\bin\Debug\netcoreapp3.1\xUnitTestProject.dll" adapterTypeName="executor://xunit/VsTestRunner2/netcoreapp" className="xUnitTestProject.CurrencyHelperTests" name="FormatToStringTest1000" />
    </UnitTest>
    <UnitTest name="xUnitTestProject.CurrencyHelperTests.FormatToStringTest1000(price: 61422.228144277455, expected: &quot;61422.23 zł&quot;)" storage="c:\projekty\xunittestproject\bin\debug\netcoreapp3.1\xunittestproject.dll" id="7994a7d4-0fa0-5377-671c-ab94321aaf57">
      <Execution id="c97aa5ea-ddde-4c88-a0dc-6c96b6862eee" />
      <TestMethod codeBase="C:\Projekty\xUnitTestProject\bin\Debug\netcoreapp3.1\xUnitTestProject.dll" adapterTypeName="executor://xunit/VsTestRunner2/netcoreapp" className="xUnitTestProject.CurrencyHelperTests" name="FormatToStringTest1000" />
    </UnitTest>
    <UnitTest name="xUnitTestProject.CurrencyHelperTests.FormatToStringTest1000(price: 3030.9461949132133, expected: &quot;3030.95 zł&quot;)" storage="c:\projekty\xunittestproject\bin\debug\netcoreapp3.1\xunittestproject.dll" id="c21a2737-6b36-8691-5404-6629a58d4529">
      <Execution id="b8ac2c49-234b-4315-8f22-638c761c6ac7" />
      <TestMethod codeBase="C:\Projekty\xUnitTestProject\bin\Debug\netcoreapp3.1\xUnitTestProject.dll" adapterTypeName="executor://xunit/VsTestRunner2/netcoreapp" className="xUnitTestProject.CurrencyHelperTests" name="FormatToStringTest1000" />
    </UnitTest>
    <UnitTest name="xUnitTestProject.CurrencyHelperTests.FormatToStringTest1000(price: 7890.044272348771, expected: &quot;7890.04 zł&quot;)" storage="c:\projekty\xunittestproject\bin\debug\netcoreapp3.1\xunittestproject.dll" id="5a93f8c6-dddb-38ff-5f2b-b7e5cc3ddb6a">
      <Execution id="2241ec61-3c43-411a-94ee-821c4ebfddec" />
      <TestMethod codeBase="C:\Projekty\xUnitTestProject\bin\Debug\netcoreapp3.1\xUnitTestProject.dll" adapterTypeName="executor://xunit/VsTestRunner2/netcoreapp" className="xUnitTestProject.CurrencyHelperTests" name="FormatToStringTest1000" />
    </UnitTest>
    <UnitTest name="xUnitTestProject.CurrencyHelperTests.FormatToStringTest1000(price: 2929.267390865026, expected: &quot;2929.27 zł&quot;)" storage="c:\projekty\xunittestproject\bin\debug\netcoreapp3.1\xunittestproject.dll" id="13bfc4cd-00bc-fb12-3861-f69dc4145d67">
      <Execution id="fb3e60a4-453a-4ea7-aa74-c7caa2ec5474" />
      <TestMethod codeBase="C:\Projekty\xUnitTestProject\bin\Debug\netcoreapp3.1\xUnitTestProject.dll" adapterTypeName="executor://xunit/VsTestRunner2/netcoreapp" className="xUnitTestProject.CurrencyHelperTests" name="FormatToStringTest1000" />
    </UnitTest>
    <UnitTest name="xUnitTestProject.CurrencyHelperTests.FormatToStringTest1000(price: 19071.681252896637, expected: &quot;19071.68 zł&quot;)" storage="c:\projekty\xunittestproject\bin\debug\netcoreapp3.1\xunittestproject.dll" id="cb40e0a5-2f70-a60d-407b-51d7d2d25955">
      <Execution id="488b1872-bc00-4293-8713-5f1e3cdba6ea" />
      <TestMethod codeBase="C:\Projekty\xUnitTestProject\bin\Debug\netcoreapp3.1\xUnitTestProject.dll" adapterTypeName="executor://xunit/VsTestRunner2/netcoreapp" className="xUnitTestProject.CurrencyHelperTests" name="FormatToStringTest1000" />
    </UnitTest>
    <UnitTest name="xUnitTestProject.CurrencyHelperTests.FormatToStringTest1000(price: 20068.867046961965, expected: &quot;20068.87 zł&quot;)" storage="c:\projekty\xunittestproject\bin\debug\netcoreapp3.1\xunittestproject.dll" id="cbab0896-310f-9613-16bf-ed68cf4f09cd">
      <Execution id="923c8f7e-db2e-449f-931c-830e95844b56" />
      <TestMethod codeBase="C:\Projekty\xUnitTestProject\bin\Debug\netcoreapp3.1\xUnitTestProject.dll" adapterTypeName="executor://xunit/VsTestRunner2/netcoreapp" className="xUnitTestProject.CurrencyHelperTests" name="FormatToStringTest1000" />
    </UnitTest>
    <UnitTest name="xUnitTestProject.CurrencyHelperTests.FormatToStringTest1000(price: 70432.00656616595, expected: &quot;70432.01 zł&quot;)" storage="c:\projekty\xunittestproject\bin\debug\netcoreapp3.1\xunittestproject.dll" id="578b5b4c-08d1-6f2c-3cf8-070bb75c9b96">
      <Execution id="a2667414-a23f-44c4-bb98-28e4d53a401d" />
      <TestMethod codeBase="C:\Projekty\xUnitTestProject\bin\Debug\netcoreapp3.1\xUnitTestProject.dll" adapterTypeName="executor://xunit/VsTestRunner2/netcoreapp" className="xUnitTestProject.CurrencyHelperTests" name="FormatToStringTest1000" />
    </UnitTest>
    <UnitTest name="xUnitTestProject.CurrencyHelperTests.FormatToStringTest1000(price: 5507.360659962688, expected: &quot;5507.36 zł&quot;)" storage="c:\projekty\xunittestproject\bin\debug\netcoreapp3.1\xunittestproject.dll" id="53367b44-34c3-c14f-ebad-d28df1741450">
      <Execution id="91fd2328-a379-4666-88bd-0e3420d48a15" />
      <TestMethod codeBase="C:\Projekty\xUnitTestProject\bin\Debug\netcoreapp3.1\xUnitTestProject.dll" adapterTypeName="executor://xunit/VsTestRunner2/netcoreapp" className="xUnitTestProject.CurrencyHelperTests" name="FormatToStringTest1000" />
    </UnitTest>
    <UnitTest name="xUnitTestProject.CurrencyHelperTests.FormatToStringTest1000(price: 10527.083945901639, expected: &quot;10527.08 zł&quot;)" storage="c:\projekty\xunittestproject\bin\debug\netcoreapp3.1\xunittestproject.dll" id="d493c8e9-cfea-2fc7-4acb-79ca91dde5f0">
      <Execution id="ae326a72-6662-4f45-8404-948de4693179" />
      <TestMethod codeBase="C:\Projekty\xUnitTestProject\bin\Debug\netcoreapp3.1\xUnitTestProject.dll" adapterTypeName="executor://xunit/VsTestRunner2/netcoreapp" className="xUnitTestProject.CurrencyHelperTests" name="FormatToStringTest1000" />
    </UnitTest>
    <UnitTest name="xUnitTestProject.CurrencyHelperTests.FormatToStringTest1000(price: 59283.48311990662, expected: &quot;59283.48 zł&quot;)" storage="c:\projekty\xunittestproject\bin\debug\netcoreapp3.1\xunittestproject.dll" id="30db28b2-ac34-8d8e-c566-68b2f6bb1d51">
      <Execution id="0f7a6898-7a9f-4e26-9013-e06c8881479a" />
      <TestMethod codeBase="C:\Projekty\xUnitTestProject\bin\Debug\netcoreapp3.1\xUnitTestProject.dll" adapterTypeName="executor://xunit/VsTestRunner2/netcoreapp" className="xUnitTestProject.CurrencyHelperTests" name="FormatToStringTest1000" />
    </UnitTest>
    <UnitTest name="xUnitTestProject.CurrencyHelperTests.FormatToStringTest1000(price: 27187.549022783314, expected: &quot;27187.55 zł&quot;)" storage="c:\projekty\xunittestproject\bin\debug\netcoreapp3.1\xunittestproject.dll" id="9af46142-b025-7ff1-cd86-b161fef30f97">
      <Execution id="c1b75b92-63d8-4f96-a128-dc2ea6e800c3" />
      <TestMethod codeBase="C:\Projekty\xUnitTestProject\bin\Debug\netcoreapp3.1\xUnitTestProject.dll" adapterTypeName="executor://xunit/VsTestRunner2/netcoreapp" className="xUnitTestProject.CurrencyHelperTests" name="FormatToStringTest1000" />
    </UnitTest>
    <UnitTest name="xUnitTestProject.CurrencyHelperTests.FormatToStringTest1000(price: 38253.101637909705, expected: &quot;38253.10 zł&quot;)" storage="c:\projekty\xunittestproject\bin\debug\netcoreapp3.1\xunittestproject.dll" id="386de361-29e9-e772-105e-fd42e87ecfec">
      <Execution id="addcedff-f2b0-423e-958e-3526cf0990b9" />
      <TestMethod codeBase="C:\Projekty\xUnitTestProject\bin\Debug\netcoreapp3.1\xUnitTestProject.dll" adapterTypeName="executor://xunit/VsTestRunner2/netcoreapp" className="xUnitTestProject.CurrencyHelperTests" name="FormatToStringTest1000" />
    </UnitTest>
    <UnitTest name="xUnitTestProject.CurrencyHelperTests.FormatToStringTest1000(price: 1474.699818629166, expected: &quot;1474.70 zł&quot;)" storage="c:\projekty\xunittestproject\bin\debug\netcoreapp3.1\xunittestproject.dll" id="f9dc9c7a-bf0e-4c02-1f2d-1fd4e69c7538">
      <Execution id="b5f62911-2641-4ad2-8423-e6b1b55c3d98" />
      <TestMethod codeBase="C:\Projekty\xUnitTestProject\bin\Debug\netcoreapp3.1\xUnitTestProject.dll" adapterTypeName="executor://xunit/VsTestRunner2/netcoreapp" className="xUnitTestProject.CurrencyHelperTests" name="FormatToStringTest1000" />
    </UnitTest>
    <UnitTest name="xUnitTestProject.CurrencyHelperTests.FormatToStringTest1000(price: 4669.392596858271, expected: &quot;4669.39 zł&quot;)" storage="c:\projekty\xunittestproject\bin\debug\netcoreapp3.1\xunittestproject.dll" id="d4f3c378-b93a-d1d1-d97b-d57a65cd57e1">
      <Execution id="e8201f3a-7030-4cf7-819b-3a9a7fd807f3" />
      <TestMethod codeBase="C:\Projekty\xUnitTestProject\bin\Debug\netcoreapp3.1\xUnitTestProject.dll" adapterTypeName="executor://xunit/VsTestRunner2/netcoreapp" className="xUnitTestProject.CurrencyHelperTests" name="FormatToStringTest1000" />
    </UnitTest>
    <UnitTest name="xUnitTestProject.CurrencyHelperTests.FormatToStringTest1000(price: 5022.470719070859, expected: &quot;5022.47 zł&quot;)" storage="c:\projekty\xunittestproject\bin\debug\netcoreapp3.1\xunittestproject.dll" id="c7272717-4c66-ee9c-96d1-b74d86b61eb8">
      <Execution id="6a237c17-4e10-481e-82f1-2401e4886e12" />
      <TestMethod codeBase="C:\Projekty\xUnitTestProject\bin\Debug\netcoreapp3.1\xUnitTestProject.dll" adapterTypeName="executor://xunit/VsTestRunner2/netcoreapp" className="xUnitTestProject.CurrencyHelperTests" name="FormatToStringTest1000" />
    </UnitTest>
    <UnitTest name="xUnitTestProject.CurrencyHelperTests.FormatToStringTest1000(price: 3700.029953029021, expected: &quot;3700.03 zł&quot;)" storage="c:\projekty\xunittestproject\bin\debug\netcoreapp3.1\xunittestproject.dll" id="3172308c-0e5e-05a2-a398-90977e0ab705">
      <Execution id="99ce207f-f45e-4648-9a52-ce1b1412fc94" />
      <TestMethod codeBase="C:\Projekty\xUnitTestProject\bin\Debug\netcoreapp3.1\xUnitTestProject.dll" adapterTypeName="executor://xunit/VsTestRunner2/netcoreapp" className="xUnitTestProject.CurrencyHelperTests" name="FormatToStringTest1000" />
    </UnitTest>
    <UnitTest name="xUnitTestProject.CurrencyHelperTests.FormatToStringTest1000(price: 41876.979471482795, expected: &quot;41876.98 zł&quot;)" storage="c:\projekty\xunittestproject\bin\debug\netcoreapp3.1\xunittestproject.dll" id="e9257337-b714-27d4-32a8-94e3008408f8">
      <Execution id="bd374dae-5ce2-4bbd-b5ec-e3bbf748edf1" />
      <TestMethod codeBase="C:\Projekty\xUnitTestProject\bin\Debug\netcoreapp3.1\xUnitTestProject.dll" adapterTypeName="executor://xunit/VsTestRunner2/netcoreapp" className="xUnitTestProject.CurrencyHelperTests" name="FormatToStringTest1000" />
    </UnitTest>
    <UnitTest name="xUnitTestProject.CurrencyHelperTests.FormatToStringTest1000(price: 66764.31690498316, expected: &quot;66764.32 zł&quot;)" storage="c:\projekty\xunittestproject\bin\debug\netcoreapp3.1\xunittestproject.dll" id="d1db99c9-780d-a1a8-cf4e-cc5ed7bbc5dc">
      <Execution id="1a82ad43-f762-475e-8759-fcbd2e35134d" />
      <TestMethod codeBase="C:\Projekty\xUnitTestProject\bin\Debug\netcoreapp3.1\xUnitTestProject.dll" adapterTypeName="executor://xunit/VsTestRunner2/netcoreapp" className="xUnitTestProject.CurrencyHelperTests" name="FormatToStringTest1000" />
    </UnitTest>
    <UnitTest name="xUnitTestProject.CurrencyHelperTests.FormatToStringTest1000(price: 5504.094303639184, expected: &quot;5504.09 zł&quot;)" storage="c:\projekty\xunittestproject\bin\debug\netcoreapp3.1\xunittestproject.dll" id="a1fbb77d-adf8-8ccd-4022-16be128e7ade">
      <Execution id="df575128-cbe1-4d82-89ea-c465fb2047ce" />
      <TestMethod codeBase="C:\Projekty\xUnitTestProject\bin\Debug\netcoreapp3.1\xUnitTestProject.dll" adapterTypeName="executor://xunit/VsTestRunner2/netcoreapp" className="xUnitTestProject.CurrencyHelperTests" name="FormatToStringTest1000" />
    </UnitTest>
    <UnitTest name="xUnitTestProject.CurrencyHelperTests.FormatToStringTest1000(price: 32821.05661472215, expected: &quot;32821.06 zł&quot;)" storage="c:\projekty\xunittestproject\bin\debug\netcoreapp3.1\xunittestproject.dll" id="a23aab13-e7cd-0855-c1ee-3a27796bc390">
      <Execution id="5348a4fc-a009-4391-aa9a-e26b642fcc8c" />
      <TestMethod codeBase="C:\Projekty\xUnitTestProject\bin\Debug\netcoreapp3.1\xUnitTestProject.dll" adapterTypeName="executor://xunit/VsTestRunner2/netcoreapp" className="xUnitTestProject.CurrencyHelperTests" name="FormatToStringTest1000" />
    </UnitTest>
    <UnitTest name="xUnitTestProject.CurrencyHelperTests.FormatToStringTest1000(price: 30807.823896702295, expected: &quot;30807.82 zł&quot;)" storage="c:\projekty\xunittestproject\bin\debug\netcoreapp3.1\xunittestproject.dll" id="f308d529-c66b-0a68-1a35-9384b1697bbf">
      <Execution id="b93a4193-135b-4090-bc78-8b40a5cc1506" />
      <TestMethod codeBase="C:\Projekty\xUnitTestProject\bin\Debug\netcoreapp3.1\xUnitTestProject.dll" adapterTypeName="executor://xunit/VsTestRunner2/netcoreapp" className="xUnitTestProject.CurrencyHelperTests" name="FormatToStringTest1000" />
    </UnitTest>
    <UnitTest name="xUnitTestProject.CurrencyHelperTests.FormatToStringTest1000(price: 36211.11038300866, expected: &quot;36211.11 zł&quot;)" storage="c:\projekty\xunittestproject\bin\debug\netcoreapp3.1\xunittestproject.dll" id="69ed80be-ebbe-cd3a-42e2-f7807046c259">
      <Execution id="6e4842a1-696d-45ea-a078-b7c4e4da878a" />
      <TestMethod codeBase="C:\Projekty\xUnitTestProject\bin\Debug\netcoreapp3.1\xUnitTestProject.dll" adapterTypeName="executor://xunit/VsTestRunner2/netcoreapp" className="xUnitTestProject.CurrencyHelperTests" name="FormatToStringTest1000" />
    </UnitTest>
    <UnitTest name="xUnitTestProject.CurrencyHelperTests.FormatToStringTest1000(price: 24024.14691439557, expected: &quot;24024.15 zł&quot;)" storage="c:\projekty\xunittestproject\bin\debug\netcoreapp3.1\xunittestproject.dll" id="9764b852-f92a-9e33-a48d-5ba73babe5d1">
      <Execution id="43a28e5a-5a2f-47b2-a015-0318a3402b9a" />
      <TestMethod codeBase="C:\Projekty\xUnitTestProject\bin\Debug\netcoreapp3.1\xUnitTestProject.dll" adapterTypeName="executor://xunit/VsTestRunner2/netcoreapp" className="xUnitTestProject.CurrencyHelperTests" name="FormatToStringTest1000" />
    </UnitTest>
    <UnitTest name="xUnitTestProject.CurrencyHelperTests.FormatToStringTest1000(price: 5398.2412667191775, expected: &quot;5398.24 zł&quot;)" storage="c:\projekty\xunittestproject\bin\debug\netcoreapp3.1\xunittestproject.dll" id="364fda16-bd4c-3aa8-1597-b73653a15603">
      <Execution id="bbc99199-c41f-4b0e-88a8-a3c50b6effa6" />
      <TestMethod codeBase="C:\Projekty\xUnitTestProject\bin\Debug\netcoreapp3.1\xUnitTestProject.dll" adapterTypeName="executor://xunit/VsTestRunner2/netcoreapp" className="xUnitTestProject.CurrencyHelperTests" name="FormatToStringTest1000" />
    </UnitTest>
    <UnitTest name="xUnitTestProject.CurrencyHelperTests.FormatToStringTest1000(price: 11904.111251175456, expected: &quot;11904.11 zł&quot;)" storage="c:\projekty\xunittestproject\bin\debug\netcoreapp3.1\xunittestproject.dll" id="688da5e9-d12f-3e2c-c7dd-72c1a87d6a78">
      <Execution id="5a079528-0849-4bd3-952b-131350b15342" />
      <TestMethod codeBase="C:\Projekty\xUnitTestProject\bin\Debug\netcoreapp3.1\xUnitTestProject.dll" adapterTypeName="executor://xunit/VsTestRunner2/netcoreapp" className="xUnitTestProject.CurrencyHelperTests" name="FormatToStringTest1000" />
    </UnitTest>
    <UnitTest name="xUnitTestProject.CurrencyHelperTests.FormatToStringTest1000(price: 14198.39903067723, expected: &quot;14198.40 zł&quot;)" storage="c:\projekty\xunittestproject\bin\debug\netcoreapp3.1\xunittestproject.dll" id="814b2061-14f5-c810-0eca-e8431104105a">
      <Execution id="a336adf5-4f4e-4f28-a196-c173f01c5291" />
      <TestMethod codeBase="C:\Projekty\xUnitTestProject\bin\Debug\netcoreapp3.1\xUnitTestProject.dll" adapterTypeName="executor://xunit/VsTestRunner2/netcoreapp" className="xUnitTestProject.CurrencyHelperTests" name="FormatToStringTest1000" />
    </UnitTest>
    <UnitTest name="xUnitTestProject.CurrencyHelperTests.FormatToStringTest1000(price: 27942.393876474067, expected: &quot;27942.39 zł&quot;)" storage="c:\projekty\xunittestproject\bin\debug\netcoreapp3.1\xunittestproject.dll" id="92bde5bc-af9c-6dbe-10ea-7012e494fcd9">
      <Execution id="606c0bee-7598-4e35-a34d-aec1b7b4a7cc" />
      <TestMethod codeBase="C:\Projekty\xUnitTestProject\bin\Debug\netcoreapp3.1\xUnitTestProject.dll" adapterTypeName="executor://xunit/VsTestRunner2/netcoreapp" className="xUnitTestProject.CurrencyHelperTests" name="FormatToStringTest1000" />
    </UnitTest>
    <UnitTest name="xUnitTestProject.CurrencyHelperTests.FormatToStringTest1000(price: 45887.58415794167, expected: &quot;45887.58 zł&quot;)" storage="c:\projekty\xunittestproject\bin\debug\netcoreapp3.1\xunittestproject.dll" id="8e844c73-d78c-9c16-d82a-bbf068ddf1ce">
      <Execution id="81a3041a-67b4-4954-8067-90e5491e48da" />
      <TestMethod codeBase="C:\Projekty\xUnitTestProject\bin\Debug\netcoreapp3.1\xUnitTestProject.dll" adapterTypeName="executor://xunit/VsTestRunner2/netcoreapp" className="xUnitTestProject.CurrencyHelperTests" name="FormatToStringTest1000" />
    </UnitTest>
    <UnitTest name="xUnitTestProject.CurrencyHelperTests.FormatToStringTest1000(price: 15639.704937780603, expected: &quot;15639.70 zł&quot;)" storage="c:\projekty\xunittestproject\bin\debug\netcoreapp3.1\xunittestproject.dll" id="a188d29e-24f4-14f6-3109-f28ee9929456">
      <Execution id="dce77bd8-e879-41d7-9e76-a6f45a85291e" />
      <TestMethod codeBase="C:\Projekty\xUnitTestProject\bin\Debug\netcoreapp3.1\xUnitTestProject.dll" adapterTypeName="executor://xunit/VsTestRunner2/netcoreapp" className="xUnitTestProject.CurrencyHelperTests" name="FormatToStringTest1000" />
    </UnitTest>
    <UnitTest name="xUnitTestProject.CurrencyHelperTests.FormatToStringTest1000(price: 24729.333280806586, expected: &quot;24729.33 zł&quot;)" storage="c:\projekty\xunittestproject\bin\debug\netcoreapp3.1\xunittestproject.dll" id="1536b0a9-7189-743d-a273-29feae6f0843">
      <Execution id="c81bea86-838f-4068-9f46-37fe3a04f76a" />
      <TestMethod codeBase="C:\Projekty\xUnitTestProject\bin\Debug\netcoreapp3.1\xUnitTestProject.dll" adapterTypeName="executor://xunit/VsTestRunner2/netcoreapp" className="xUnitTestProject.CurrencyHelperTests" name="FormatToStringTest1000" />
    </UnitTest>
    <UnitTest name="xUnitTestProject.CurrencyHelperTests.FormatToStringTest1000(price: 58459.03113649601, expected: &quot;58459.03 zł&quot;)" storage="c:\projekty\xunittestproject\bin\debug\netcoreapp3.1\xunittestproject.dll" id="f62ec529-2064-feb0-d217-30e62f8296ba">
      <Execution id="b1c8226a-c67e-4355-9854-87773c186aa5" />
      <TestMethod codeBase="C:\Projekty\xUnitTestProject\bin\Debug\netcoreapp3.1\xUnitTestProject.dll" adapterTypeName="executor://xunit/VsTestRunner2/netcoreapp" className="xUnitTestProject.CurrencyHelperTests" name="FormatToStringTest1000" />
    </UnitTest>
    <UnitTest name="xUnitTestProject.CurrencyHelperTests.FormatToStringTest1000(price: 32216.686763396807, expected: &quot;32216.69 zł&quot;)" storage="c:\projekty\xunittestproject\bin\debug\netcoreapp3.1\xunittestproject.dll" id="c09fd9f3-56b2-979f-b5dc-a5cbb3bb898a">
      <Execution id="7e95cb20-0dec-4a51-a3c7-00ff89b85f65" />
      <TestMethod codeBase="C:\Projekty\xUnitTestProject\bin\Debug\netcoreapp3.1\xUnitTestProject.dll" adapterTypeName="executor://xunit/VsTestRunner2/netcoreapp" className="xUnitTestProject.CurrencyHelperTests" name="FormatToStringTest1000" />
    </UnitTest>
    <UnitTest name="xUnitTestProject.CurrencyHelperTests.FormatToStringTest1000(price: 22678.795878462864, expected: &quot;22678.80 zł&quot;)" storage="c:\projekty\xunittestproject\bin\debug\netcoreapp3.1\xunittestproject.dll" id="1986b1a1-c98c-3d3a-7942-85a1e1c43315">
      <Execution id="35a60bd1-23ac-4d39-8df4-2fb0652fe847" />
      <TestMethod codeBase="C:\Projekty\xUnitTestProject\bin\Debug\netcoreapp3.1\xUnitTestProject.dll" adapterTypeName="executor://xunit/VsTestRunner2/netcoreapp" className="xUnitTestProject.CurrencyHelperTests" name="FormatToStringTest1000" />
    </UnitTest>
    <UnitTest name="xUnitTestProject.CurrencyHelperTests.FormatToStringTest1000(price: 14237.13226245955, expected: &quot;14237.13 zł&quot;)" storage="c:\projekty\xunittestproject\bin\debug\netcoreapp3.1\xunittestproject.dll" id="5e9f654f-dd64-8138-30a6-1dc5f11cf83a">
      <Execution id="6dfca735-477b-4401-973a-da5307cd2b24" />
      <TestMethod codeBase="C:\Projekty\xUnitTestProject\bin\Debug\netcoreapp3.1\xUnitTestProject.dll" adapterTypeName="executor://xunit/VsTestRunner2/netcoreapp" className="xUnitTestProject.CurrencyHelperTests" name="FormatToStringTest1000" />
    </UnitTest>
    <UnitTest name="xUnitTestProject.CurrencyHelperTests.FormatToStringTest1000(price: 9628.688698104437, expected: &quot;9628.69 zł&quot;)" storage="c:\projekty\xunittestproject\bin\debug\netcoreapp3.1\xunittestproject.dll" id="3fa92d95-7719-c247-fd7d-28cef4c98170">
      <Execution id="26f881c0-fadd-4a8c-9b0c-5e2d7c6a0a1e" />
      <TestMethod codeBase="C:\Projekty\xUnitTestProject\bin\Debug\netcoreapp3.1\xUnitTestProject.dll" adapterTypeName="executor://xunit/VsTestRunner2/netcoreapp" className="xUnitTestProject.CurrencyHelperTests" name="FormatToStringTest1000" />
    </UnitTest>
    <UnitTest name="xUnitTestProject.CurrencyHelperTests.FormatToStringTest1000(price: 11922.837782177532, expected: &quot;11922.84 zł&quot;)" storage="c:\projekty\xunittestproject\bin\debug\netcoreapp3.1\xunittestproject.dll" id="9e60da1f-2da8-eacc-63f9-9c91b8a7e042">
      <Execution id="aba4574f-d02d-4e90-933e-441665179dfd" />
      <TestMethod codeBase="C:\Projekty\xUnitTestProject\bin\Debug\netcoreapp3.1\xUnitTestProject.dll" adapterTypeName="executor://xunit/VsTestRunner2/netcoreapp" className="xUnitTestProject.CurrencyHelperTests" name="FormatToStringTest1000" />
    </UnitTest>
    <UnitTest name="xUnitTestProject.CurrencyHelperTests.FormatToStringTest1000(price: 10324.538670147089, expected: &quot;10324.54 zł&quot;)" storage="c:\projekty\xunittestproject\bin\debug\netcoreapp3.1\xunittestproject.dll" id="4f6b94b9-8c0a-f905-af50-086f7c071ad9">
      <Execution id="58104c0b-0d97-4c8d-b3a8-c5dca8c22570" />
      <TestMethod codeBase="C:\Projekty\xUnitTestProject\bin\Debug\netcoreapp3.1\xUnitTestProject.dll" adapterTypeName="executor://xunit/VsTestRunner2/netcoreapp" className="xUnitTestProject.CurrencyHelperTests" name="FormatToStringTest1000" />
    </UnitTest>
    <UnitTest name="xUnitTestProject.CurrencyHelperTests.FormatToStringTest1000(price: 1860.3356292016504, expected: &quot;1860.34 zł&quot;)" storage="c:\projekty\xunittestproject\bin\debug\netcoreapp3.1\xunittestproject.dll" id="084c3ea0-3fae-0089-ccac-97b8aadd0b60">
      <Execution id="948a529a-0313-447f-a384-82264bc6e632" />
      <TestMethod codeBase="C:\Projekty\xUnitTestProject\bin\Debug\netcoreapp3.1\xUnitTestProject.dll" adapterTypeName="executor://xunit/VsTestRunner2/netcoreapp" className="xUnitTestProject.CurrencyHelperTests" name="FormatToStringTest1000" />
    </UnitTest>
    <UnitTest name="xUnitTestProject.CurrencyHelperTests.FormatToStringTest1000(price: 33699.13042082038, expected: &quot;33699.13 zł&quot;)" storage="c:\projekty\xunittestproject\bin\debug\netcoreapp3.1\xunittestproject.dll" id="ef111b7b-895d-e083-171f-1b45ef31d01a">
      <Execution id="8d1e6c26-7d5a-4723-b964-811790405de3" />
      <TestMethod codeBase="C:\Projekty\xUnitTestProject\bin\Debug\netcoreapp3.1\xUnitTestProject.dll" adapterTypeName="executor://xunit/VsTestRunner2/netcoreapp" className="xUnitTestProject.CurrencyHelperTests" name="FormatToStringTest1000" />
    </UnitTest>
    <UnitTest name="xUnitTestProject.CurrencyHelperTests.FormatToStringTest1000(price: 41873.517751020154, expected: &quot;41873.52 zł&quot;)" storage="c:\projekty\xunittestproject\bin\debug\netcoreapp3.1\xunittestproject.dll" id="a32f3872-61d2-3bb4-5952-f9f7fd09a236">
      <Execution id="8f4fab40-2dc0-45c4-b604-91e62a0f89c9" />
      <TestMethod codeBase="C:\Projekty\xUnitTestProject\bin\Debug\netcoreapp3.1\xUnitTestProject.dll" adapterTypeName="executor://xunit/VsTestRunner2/netcoreapp" className="xUnitTestProject.CurrencyHelperTests" name="FormatToStringTest1000" />
    </UnitTest>
    <UnitTest name="xUnitTestProject.CurrencyHelperTests.FormatToStringTest1000(price: 6145.531235831571, expected: &quot;6145.53 zł&quot;)" storage="c:\projekty\xunittestproject\bin\debug\netcoreapp3.1\xunittestproject.dll" id="235eb381-d2e3-8caa-5888-040fb729169a">
      <Execution id="8d11a03a-2948-42f5-a17a-ac745fc7acfb" />
      <TestMethod codeBase="C:\Projekty\xUnitTestProject\bin\Debug\netcoreapp3.1\xUnitTestProject.dll" adapterTypeName="executor://xunit/VsTestRunner2/netcoreapp" className="xUnitTestProject.CurrencyHelperTests" name="FormatToStringTest1000" />
    </UnitTest>
    <UnitTest name="xUnitTestProject.CurrencyHelperTests.FormatToStringTest1000(price: 88584.97010041306, expected: &quot;88584.97 zł&quot;)" storage="c:\projekty\xunittestproject\bin\debug\netcoreapp3.1\xunittestproject.dll" id="bf0f3eb7-c08a-24a8-fd8d-3d7e3051107b">
      <Execution id="d583d876-78a4-4745-8a81-db1e30548fc6" />
      <TestMethod codeBase="C:\Projekty\xUnitTestProject\bin\Debug\netcoreapp3.1\xUnitTestProject.dll" adapterTypeName="executor://xunit/VsTestRunner2/netcoreapp" className="xUnitTestProject.CurrencyHelperTests" name="FormatToStringTest1000" />
    </UnitTest>
    <UnitTest name="xUnitTestProject.CurrencyHelperTests.FormatToStringTest1000(price: 2346.9964869427477, expected: &quot;2347.00 zł&quot;)" storage="c:\projekty\xunittestproject\bin\debug\netcoreapp3.1\xunittestproject.dll" id="d9756703-fed3-1fb8-7195-5dae810af3cf">
      <Execution id="36a2de58-a7e9-4d4e-8e40-6395276707f4" />
      <TestMethod codeBase="C:\Projekty\xUnitTestProject\bin\Debug\netcoreapp3.1\xUnitTestProject.dll" adapterTypeName="executor://xunit/VsTestRunner2/netcoreapp" className="xUnitTestProject.CurrencyHelperTests" name="FormatToStringTest1000" />
    </UnitTest>
    <UnitTest name="xUnitTestProject.CurrencyHelperTests.FormatToStringTest1000(price: 41915.7945284563, expected: &quot;41915.79 zł&quot;)" storage="c:\projekty\xunittestproject\bin\debug\netcoreapp3.1\xunittestproject.dll" id="fa34dc68-0a28-d88d-9f8e-755de73cf02d">
      <Execution id="dde10071-b52c-41cf-a099-97b8aa638134" />
      <TestMethod codeBase="C:\Projekty\xUnitTestProject\bin\Debug\netcoreapp3.1\xUnitTestProject.dll" adapterTypeName="executor://xunit/VsTestRunner2/netcoreapp" className="xUnitTestProject.CurrencyHelperTests" name="FormatToStringTest1000" />
    </UnitTest>
    <UnitTest name="xUnitTestProject.CurrencyHelperTests.FormatToStringTest1000(price: 56378.261944644735, expected: &quot;56378.26 zł&quot;)" storage="c:\projekty\xunittestproject\bin\debug\netcoreapp3.1\xunittestproject.dll" id="e3f04803-c378-ce39-94cd-bd430620d6cb">
      <Execution id="cac22c10-8c87-4139-ae00-efd5643aee6a" />
      <TestMethod codeBase="C:\Projekty\xUnitTestProject\bin\Debug\netcoreapp3.1\xUnitTestProject.dll" adapterTypeName="executor://xunit/VsTestRunner2/netcoreapp" className="xUnitTestProject.CurrencyHelperTests" name="FormatToStringTest1000" />
    </UnitTest>
    <UnitTest name="xUnitTestProject.CurrencyHelperTests.FormatToStringTest1000(price: 10857.521742201186, expected: &quot;10857.52 zł&quot;)" storage="c:\projekty\xunittestproject\bin\debug\netcoreapp3.1\xunittestproject.dll" id="bafee3ee-9889-56d2-8e3d-2c651a7649c3">
      <Execution id="888f8d93-1a9c-45e8-be2b-65b804b84de9" />
      <TestMethod codeBase="C:\Projekty\xUnitTestProject\bin\Debug\netcoreapp3.1\xUnitTestProject.dll" adapterTypeName="executor://xunit/VsTestRunner2/netcoreapp" className="xUnitTestProject.CurrencyHelperTests" name="FormatToStringTest1000" />
    </UnitTest>
    <UnitTest name="xUnitTestProject.CurrencyHelperTests.FormatToStringTest1000(price: 158.49784791027093, expected: &quot;158.50 zł&quot;)" storage="c:\projekty\xunittestproject\bin\debug\netcoreapp3.1\xunittestproject.dll" id="b82e8809-4def-9359-7a57-795e7616c335">
      <Execution id="c919e299-07a4-4ca2-b6df-dbe4692a1d03" />
      <TestMethod codeBase="C:\Projekty\xUnitTestProject\bin\Debug\netcoreapp3.1\xUnitTestProject.dll" adapterTypeName="executor://xunit/VsTestRunner2/netcoreapp" className="xUnitTestProject.CurrencyHelperTests" name="FormatToStringTest1000" />
    </UnitTest>
    <UnitTest name="xUnitTestProject.CurrencyHelperTests.FormatToStringTest1000(price: 76751.79413498091, expected: &quot;76751.79 zł&quot;)" storage="c:\projekty\xunittestproject\bin\debug\netcoreapp3.1\xunittestproject.dll" id="c7ef87e2-e6d0-89f1-fa1a-3a161b3248e2">
      <Execution id="6c5e7980-0972-420f-bcea-329ef755f733" />
      <TestMethod codeBase="C:\Projekty\xUnitTestProject\bin\Debug\netcoreapp3.1\xUnitTestProject.dll" adapterTypeName="executor://xunit/VsTestRunner2/netcoreapp" className="xUnitTestProject.CurrencyHelperTests" name="FormatToStringTest1000" />
    </UnitTest>
    <UnitTest name="xUnitTestProject.CurrencyHelperTests.FormatToStringTest1000(price: 5247.779940802501, expected: &quot;5247.78 zł&quot;)" storage="c:\projekty\xunittestproject\bin\debug\netcoreapp3.1\xunittestproject.dll" id="3298d961-bdaa-633a-0d61-33079be298ce">
      <Execution id="e299a275-640a-4b60-94ac-1ce813d324ec" />
      <TestMethod codeBase="C:\Projekty\xUnitTestProject\bin\Debug\netcoreapp3.1\xUnitTestProject.dll" adapterTypeName="executor://xunit/VsTestRunner2/netcoreapp" className="xUnitTestProject.CurrencyHelperTests" name="FormatToStringTest1000" />
    </UnitTest>
    <UnitTest name="xUnitTestProject.CurrencyHelperTests.FormatToStringTest1000(price: 25272.05048361283, expected: &quot;25272.05 zł&quot;)" storage="c:\projekty\xunittestproject\bin\debug\netcoreapp3.1\xunittestproject.dll" id="40134df2-77e4-6143-ea6f-23ae0fbd39f3">
      <Execution id="b080dc6e-0e4e-4df0-8b9f-c4e054c54efc" />
      <TestMethod codeBase="C:\Projekty\xUnitTestProject\bin\Debug\netcoreapp3.1\xUnitTestProject.dll" adapterTypeName="executor://xunit/VsTestRunner2/netcoreapp" className="xUnitTestProject.CurrencyHelperTests" name="FormatToStringTest1000" />
    </UnitTest>
    <UnitTest name="xUnitTestProject.CurrencyHelperTests.FormatToStringTest1000(price: 3274.481392617096, expected: &quot;3274.48 zł&quot;)" storage="c:\projekty\xunittestproject\bin\debug\netcoreapp3.1\xunittestproject.dll" id="dd2dd033-1470-57eb-5d97-02eb255fcb1f">
      <Execution id="52d6e3b7-af1d-4425-8b48-102f266064b9" />
      <TestMethod codeBase="C:\Projekty\xUnitTestProject\bin\Debug\netcoreapp3.1\xUnitTestProject.dll" adapterTypeName="executor://xunit/VsTestRunner2/netcoreapp" className="xUnitTestProject.CurrencyHelperTests" name="FormatToStringTest1000" />
    </UnitTest>
    <UnitTest name="xUnitTestProject.CurrencyHelperTests.FormatToStringTest1000(price: 2901.9683054191846, expected: &quot;2901.97 zł&quot;)" storage="c:\projekty\xunittestproject\bin\debug\netcoreapp3.1\xunittestproject.dll" id="b38d539d-6069-d89f-5c5e-102a8255e594">
      <Execution id="08c3c90d-c04c-4fc5-a6b5-6130cc041110" />
      <TestMethod codeBase="C:\Projekty\xUnitTestProject\bin\Debug\netcoreapp3.1\xUnitTestProject.dll" adapterTypeName="executor://xunit/VsTestRunner2/netcoreapp" className="xUnitTestProject.CurrencyHelperTests" name="FormatToStringTest1000" />
    </UnitTest>
    <UnitTest name="xUnitTestProject.CurrencyHelperTests.FormatToStringTest1000(price: 13681.607566007231, expected: &quot;13681.61 zł&quot;)" storage="c:\projekty\xunittestproject\bin\debug\netcoreapp3.1\xunittestproject.dll" id="f72783d9-64aa-50e2-fcd1-46f621632d5d">
      <Execution id="c8287bd5-3951-4777-a179-b431b1324e31" />
      <TestMethod codeBase="C:\Projekty\xUnitTestProject\bin\Debug\netcoreapp3.1\xUnitTestProject.dll" adapterTypeName="executor://xunit/VsTestRunner2/netcoreapp" className="xUnitTestProject.CurrencyHelperTests" name="FormatToStringTest1000" />
    </UnitTest>
    <UnitTest name="xUnitTestProject.CurrencyHelperTests.FormatToStringTest1000(price: 823.2747994560166, expected: &quot;823.27 zł&quot;)" storage="c:\projekty\xunittestproject\bin\debug\netcoreapp3.1\xunittestproject.dll" id="31d901d5-0ee4-8f4e-13ca-73133c8afccc">
      <Execution id="57f08ca9-cbf6-4a5c-824a-8b024657de2c" />
      <TestMethod codeBase="C:\Projekty\xUnitTestProject\bin\Debug\netcoreapp3.1\xUnitTestProject.dll" adapterTypeName="executor://xunit/VsTestRunner2/netcoreapp" className="xUnitTestProject.CurrencyHelperTests" name="FormatToStringTest1000" />
    </UnitTest>
    <UnitTest name="xUnitTestProject.CurrencyHelperTests.FormatToStringTest1000(price: 13197.65136269417, expected: &quot;13197.65 zł&quot;)" storage="c:\projekty\xunittestproject\bin\debug\netcoreapp3.1\xunittestproject.dll" id="c558e0d2-3c06-e002-2aa3-e6624e30de98">
      <Execution id="5f72b73b-0753-4c64-b7a3-172ba2c2ec34" />
      <TestMethod codeBase="C:\Projekty\xUnitTestProject\bin\Debug\netcoreapp3.1\xUnitTestProject.dll" adapterTypeName="executor://xunit/VsTestRunner2/netcoreapp" className="xUnitTestProject.CurrencyHelperTests" name="FormatToStringTest1000" />
    </UnitTest>
    <UnitTest name="xUnitTestProject.CurrencyHelperTests.FormatToStringTest1000(price: 22743.19734205827, expected: &quot;22743.20 zł&quot;)" storage="c:\projekty\xunittestproject\bin\debug\netcoreapp3.1\xunittestproject.dll" id="9c12637d-98e9-60e9-4c3e-198e27a61c0f">
      <Execution id="838fff71-8c98-42e2-a09f-b2d81b98e0f6" />
      <TestMethod codeBase="C:\Projekty\xUnitTestProject\bin\Debug\netcoreapp3.1\xUnitTestProject.dll" adapterTypeName="executor://xunit/VsTestRunner2/netcoreapp" className="xUnitTestProject.CurrencyHelperTests" name="FormatToStringTest1000" />
    </UnitTest>
    <UnitTest name="xUnitTestProject.CurrencyHelperTests.FormatToStringTest1000(price: 29917.15005391145, expected: &quot;29917.15 zł&quot;)" storage="c:\projekty\xunittestproject\bin\debug\netcoreapp3.1\xunittestproject.dll" id="1400f8ec-69fd-4b7f-6a20-9938aff67002">
      <Execution id="a8ee0c09-91ef-46dd-bd92-8ef0daa1534c" />
      <TestMethod codeBase="C:\Projekty\xUnitTestProject\bin\Debug\netcoreapp3.1\xUnitTestProject.dll" adapterTypeName="executor://xunit/VsTestRunner2/netcoreapp" className="xUnitTestProject.CurrencyHelperTests" name="FormatToStringTest1000" />
    </UnitTest>
    <UnitTest name="xUnitTestProject.CurrencyHelperTests.FormatToStringTest1000(price: 28155.26504817664, expected: &quot;28155.27 zł&quot;)" storage="c:\projekty\xunittestproject\bin\debug\netcoreapp3.1\xunittestproject.dll" id="e59747a8-433f-61a0-e952-9d5b29617a9f">
      <Execution id="923497a6-a5fb-4907-8671-941783e33e10" />
      <TestMethod codeBase="C:\Projekty\xUnitTestProject\bin\Debug\netcoreapp3.1\xUnitTestProject.dll" adapterTypeName="executor://xunit/VsTestRunner2/netcoreapp" className="xUnitTestProject.CurrencyHelperTests" name="FormatToStringTest1000" />
    </UnitTest>
    <UnitTest name="xUnitTestProject.CurrencyHelperTests.FormatToStringTest1000(price: 8901.937138443784, expected: &quot;8901.94 zł&quot;)" storage="c:\projekty\xunittestproject\bin\debug\netcoreapp3.1\xunittestproject.dll" id="38efd0dd-942e-1575-95b3-c2474aa164b9">
      <Execution id="4858facc-6281-44b1-aefb-3a2fa8086d71" />
      <TestMethod codeBase="C:\Projekty\xUnitTestProject\bin\Debug\netcoreapp3.1\xUnitTestProject.dll" adapterTypeName="executor://xunit/VsTestRunner2/netcoreapp" className="xUnitTestProject.CurrencyHelperTests" name="FormatToStringTest1000" />
    </UnitTest>
    <UnitTest name="xUnitTestProject.CurrencyHelperTests.FormatToStringTest1000(price: 397.6461894566408, expected: &quot;397.65 zł&quot;)" storage="c:\projekty\xunittestproject\bin\debug\netcoreapp3.1\xunittestproject.dll" id="db653531-1a7a-b4d6-7b77-97b13719461c">
      <Execution id="45b3b1dd-a1f1-41d1-812b-e6df5d1455ee" />
      <TestMethod codeBase="C:\Projekty\xUnitTestProject\bin\Debug\netcoreapp3.1\xUnitTestProject.dll" adapterTypeName="executor://xunit/VsTestRunner2/netcoreapp" className="xUnitTestProject.CurrencyHelperTests" name="FormatToStringTest1000" />
    </UnitTest>
    <UnitTest name="xUnitTestProject.CurrencyHelperTests.FormatToStringTest1000(price: 6205.946199725357, expected: &quot;6205.95 zł&quot;)" storage="c:\projekty\xunittestproject\bin\debug\netcoreapp3.1\xunittestproject.dll" id="73278ab4-3d1d-b883-d827-3ea861390441">
      <Execution id="aabe1e9d-6b84-4de7-935f-d2f42687b661" />
      <TestMethod codeBase="C:\Projekty\xUnitTestProject\bin\Debug\netcoreapp3.1\xUnitTestProject.dll" adapterTypeName="executor://xunit/VsTestRunner2/netcoreapp" className="xUnitTestProject.CurrencyHelperTests" name="FormatToStringTest1000" />
    </UnitTest>
    <UnitTest name="xUnitTestProject.CurrencyHelperTests.FormatToStringTest1000(price: 16637.074429372828, expected: &quot;16637.07 zł&quot;)" storage="c:\projekty\xunittestproject\bin\debug\netcoreapp3.1\xunittestproject.dll" id="13335374-86bb-3ff8-d28a-bd89dc7f02ec">
      <Execution id="ddd14b88-14d6-4873-a222-8996d5c7a23b" />
      <TestMethod codeBase="C:\Projekty\xUnitTestProject\bin\Debug\netcoreapp3.1\xUnitTestProject.dll" adapterTypeName="executor://xunit/VsTestRunner2/netcoreapp" className="xUnitTestProject.CurrencyHelperTests" name="FormatToStringTest1000" />
    </UnitTest>
    <UnitTest name="xUnitTestProject.CurrencyHelperTests.FormatToStringTest1000(price: 66284.43763489948, expected: &quot;66284.44 zł&quot;)" storage="c:\projekty\xunittestproject\bin\debug\netcoreapp3.1\xunittestproject.dll" id="0ced2539-ec58-b3a8-188d-e014bf456555">
      <Execution id="084b20f4-b318-4783-b424-702abaa33e7f" />
      <TestMethod codeBase="C:\Projekty\xUnitTestProject\bin\Debug\netcoreapp3.1\xUnitTestProject.dll" adapterTypeName="executor://xunit/VsTestRunner2/netcoreapp" className="xUnitTestProject.CurrencyHelperTests" name="FormatToStringTest1000" />
    </UnitTest>
    <UnitTest name="xUnitTestProject.CurrencyHelperTests.FormatToStringTest1000(price: 67338.80028760935, expected: &quot;67338.80 zł&quot;)" storage="c:\projekty\xunittestproject\bin\debug\netcoreapp3.1\xunittestproject.dll" id="9f966096-1641-bf42-1320-e9f57c98ec2f">
      <Execution id="d14792ab-18df-42a7-9061-c5111a09a633" />
      <TestMethod codeBase="C:\Projekty\xUnitTestProject\bin\Debug\netcoreapp3.1\xUnitTestProject.dll" adapterTypeName="executor://xunit/VsTestRunner2/netcoreapp" className="xUnitTestProject.CurrencyHelperTests" name="FormatToStringTest1000" />
    </UnitTest>
    <UnitTest name="xUnitTestProject.CurrencyHelperTests.FormatToStringTest1000(price: 2937.138486199611, expected: &quot;2937.14 zł&quot;)" storage="c:\projekty\xunittestproject\bin\debug\netcoreapp3.1\xunittestproject.dll" id="5105cd39-08d3-5cdf-e5e5-5aae2f2d51c8">
      <Execution id="13370b7e-e89d-443c-a53f-acfc25efce61" />
      <TestMethod codeBase="C:\Projekty\xUnitTestProject\bin\Debug\netcoreapp3.1\xUnitTestProject.dll" adapterTypeName="executor://xunit/VsTestRunner2/netcoreapp" className="xUnitTestProject.CurrencyHelperTests" name="FormatToStringTest1000" />
    </UnitTest>
    <UnitTest name="xUnitTestProject.CurrencyHelperTests.FormatToStringTest1000(price: 40241.790964380736, expected: &quot;40241.79 zł&quot;)" storage="c:\projekty\xunittestproject\bin\debug\netcoreapp3.1\xunittestproject.dll" id="66840d6a-95a8-9e96-1d7b-1ecad55a0c92">
      <Execution id="71c75636-dcec-477f-8147-4bb80e93b541" />
      <TestMethod codeBase="C:\Projekty\xUnitTestProject\bin\Debug\netcoreapp3.1\xUnitTestProject.dll" adapterTypeName="executor://xunit/VsTestRunner2/netcoreapp" className="xUnitTestProject.CurrencyHelperTests" name="FormatToStringTest1000" />
    </UnitTest>
    <UnitTest name="xUnitTestProject.CurrencyHelperTests.FormatToStringTest1000(price: 30385.72086375613, expected: &quot;30385.72 zł&quot;)" storage="c:\projekty\xunittestproject\bin\debug\netcoreapp3.1\xunittestproject.dll" id="fd35a08c-5b95-7a8f-b139-85a90dbcf98e">
      <Execution id="b7f15cd2-ac28-464d-b7ce-4b84df88e3f3" />
      <TestMethod codeBase="C:\Projekty\xUnitTestProject\bin\Debug\netcoreapp3.1\xUnitTestProject.dll" adapterTypeName="executor://xunit/VsTestRunner2/netcoreapp" className="xUnitTestProject.CurrencyHelperTests" name="FormatToStringTest1000" />
    </UnitTest>
    <UnitTest name="xUnitTestProject.CurrencyHelperTests.FormatToStringTest1000(price: 32051.900532446758, expected: &quot;32051.90 zł&quot;)" storage="c:\projekty\xunittestproject\bin\debug\netcoreapp3.1\xunittestproject.dll" id="6eb5b91d-aafa-339f-fbef-69ff28a5c36d">
      <Execution id="e41978dc-550b-4bc8-9847-9a9b55a47aae" />
      <TestMethod codeBase="C:\Projekty\xUnitTestProject\bin\Debug\netcoreapp3.1\xUnitTestProject.dll" adapterTypeName="executor://xunit/VsTestRunner2/netcoreapp" className="xUnitTestProject.CurrencyHelperTests" name="FormatToStringTest1000" />
    </UnitTest>
    <UnitTest name="xUnitTestProject.CurrencyHelperTests.FormatToStringTest1000(price: 38904.87092920806, expected: &quot;38904.87 zł&quot;)" storage="c:\projekty\xunittestproject\bin\debug\netcoreapp3.1\xunittestproject.dll" id="366e3c61-7635-9c9b-a996-33c58fa8fc62">
      <Execution id="0f2bcec7-d1f9-492b-9ce7-a339e526245f" />
      <TestMethod codeBase="C:\Projekty\xUnitTestProject\bin\Debug\netcoreapp3.1\xUnitTestProject.dll" adapterTypeName="executor://xunit/VsTestRunner2/netcoreapp" className="xUnitTestProject.CurrencyHelperTests" name="FormatToStringTest1000" />
    </UnitTest>
    <UnitTest name="xUnitTestProject.CurrencyHelperTests.FormatToStringTest1000(price: 33206.73122987837, expected: &quot;33206.73 zł&quot;)" storage="c:\projekty\xunittestproject\bin\debug\netcoreapp3.1\xunittestproject.dll" id="691fc6f3-8d98-645e-59dc-63e6708e6080">
      <Execution id="a0ee1064-29c4-4f4c-a6af-2fa80deecebd" />
      <TestMethod codeBase="C:\Projekty\xUnitTestProject\bin\Debug\netcoreapp3.1\xUnitTestProject.dll" adapterTypeName="executor://xunit/VsTestRunner2/netcoreapp" className="xUnitTestProject.CurrencyHelperTests" name="FormatToStringTest1000" />
    </UnitTest>
    <UnitTest name="xUnitTestProject.CurrencyHelperTests.FormatToStringTest1000(price: 18340.8953197882, expected: &quot;18340.90 zł&quot;)" storage="c:\projekty\xunittestproject\bin\debug\netcoreapp3.1\xunittestproject.dll" id="a116b226-3d55-2529-864d-5e970bf42be4">
      <Execution id="213c9a28-3931-4d54-b8b4-1c298d635ad4" />
      <TestMethod codeBase="C:\Projekty\xUnitTestProject\bin\Debug\netcoreapp3.1\xUnitTestProject.dll" adapterTypeName="executor://xunit/VsTestRunner2/netcoreapp" className="xUnitTestProject.CurrencyHelperTests" name="FormatToStringTest1000" />
    </UnitTest>
    <UnitTest name="xUnitTestProject.CurrencyHelperTests.FormatToStringTest1000(price: 64887.45559046951, expected: &quot;64887.46 zł&quot;)" storage="c:\projekty\xunittestproject\bin\debug\netcoreapp3.1\xunittestproject.dll" id="90cfec42-4910-af10-cff4-5af0ef6c23f5">
      <Execution id="bdc3552b-8919-4dde-b9ff-84a7c198270e" />
      <TestMethod codeBase="C:\Projekty\xUnitTestProject\bin\Debug\netcoreapp3.1\xUnitTestProject.dll" adapterTypeName="executor://xunit/VsTestRunner2/netcoreapp" className="xUnitTestProject.CurrencyHelperTests" name="FormatToStringTest1000" />
    </UnitTest>
    <UnitTest name="xUnitTestProject.CurrencyHelperTests.FormatToStringTest1000(price: 26162.532683261918, expected: &quot;26162.53 zł&quot;)" storage="c:\projekty\xunittestproject\bin\debug\netcoreapp3.1\xunittestproject.dll" id="f5005d81-5a9b-ef44-7fc2-52377fae83f4">
      <Execution id="0cbb82fb-b605-4903-8030-f006b058b682" />
      <TestMethod codeBase="C:\Projekty\xUnitTestProject\bin\Debug\netcoreapp3.1\xUnitTestProject.dll" adapterTypeName="executor://xunit/VsTestRunner2/netcoreapp" className="xUnitTestProject.CurrencyHelperTests" name="FormatToStringTest1000" />
    </UnitTest>
    <UnitTest name="xUnitTestProject.CurrencyHelperTests.FormatToStringTest1000(price: 9928.477822322622, expected: &quot;9928.48 zł&quot;)" storage="c:\projekty\xunittestproject\bin\debug\netcoreapp3.1\xunittestproject.dll" id="28d8e856-ac6b-165d-f269-4ec7d560f09b">
      <Execution id="688ed029-66ee-41ae-b0a5-97e76b3eb1a3" />
      <TestMethod codeBase="C:\Projekty\xUnitTestProject\bin\Debug\netcoreapp3.1\xUnitTestProject.dll" adapterTypeName="executor://xunit/VsTestRunner2/netcoreapp" className="xUnitTestProject.CurrencyHelperTests" name="FormatToStringTest1000" />
    </UnitTest>
    <UnitTest name="xUnitTestProject.CurrencyHelperTests.FormatToStringTest1000(price: 24251.68593564848, expected: &quot;24251.69 zł&quot;)" storage="c:\projekty\xunittestproject\bin\debug\netcoreapp3.1\xunittestproject.dll" id="ddfa2a9a-e29a-9dfc-0603-2fa2e9e89c67">
      <Execution id="dd2b78f3-1cdb-4dd5-aa87-fb867b50bf16" />
      <TestMethod codeBase="C:\Projekty\xUnitTestProject\bin\Debug\netcoreapp3.1\xUnitTestProject.dll" adapterTypeName="executor://xunit/VsTestRunner2/netcoreapp" className="xUnitTestProject.CurrencyHelperTests" name="FormatToStringTest1000" />
    </UnitTest>
    <UnitTest name="xUnitTestProject.CurrencyHelperTests.FormatToStringTest1000(price: 63946.51014057478, expected: &quot;63946.51 zł&quot;)" storage="c:\projekty\xunittestproject\bin\debug\netcoreapp3.1\xunittestproject.dll" id="3a14b4a3-bbfa-4f36-3b26-b18f61900c63">
      <Execution id="9036a2df-a68d-49dd-b63b-9b035c037aa7" />
      <TestMethod codeBase="C:\Projekty\xUnitTestProject\bin\Debug\netcoreapp3.1\xUnitTestProject.dll" adapterTypeName="executor://xunit/VsTestRunner2/netcoreapp" className="xUnitTestProject.CurrencyHelperTests" name="FormatToStringTest1000" />
    </UnitTest>
    <UnitTest name="xUnitTestProject.CurrencyHelperTests.FormatToStringTest1000(price: 72659.37876478041, expected: &quot;72659.38 zł&quot;)" storage="c:\projekty\xunittestproject\bin\debug\netcoreapp3.1\xunittestproject.dll" id="b4f18443-22cf-826b-3478-6d5f920e371c">
      <Execution id="0154f5eb-5b11-4d0b-adc0-79ca891e31ca" />
      <TestMethod codeBase="C:\Projekty\xUnitTestProject\bin\Debug\netcoreapp3.1\xUnitTestProject.dll" adapterTypeName="executor://xunit/VsTestRunner2/netcoreapp" className="xUnitTestProject.CurrencyHelperTests" name="FormatToStringTest1000" />
    </UnitTest>
    <UnitTest name="xUnitTestProject.CurrencyHelperTests.FormatToStringTest1000(price: 675.4589376107133, expected: &quot;675.46 zł&quot;)" storage="c:\projekty\xunittestproject\bin\debug\netcoreapp3.1\xunittestproject.dll" id="5058bebd-02f5-fdd0-776c-ccea1412870f">
      <Execution id="9abb46c8-4643-486d-93c9-7c04451a34e6" />
      <TestMethod codeBase="C:\Projekty\xUnitTestProject\bin\Debug\netcoreapp3.1\xUnitTestProject.dll" adapterTypeName="executor://xunit/VsTestRunner2/netcoreapp" className="xUnitTestProject.CurrencyHelperTests" name="FormatToStringTest1000" />
    </UnitTest>
    <UnitTest name="xUnitTestProject.CurrencyHelperTests.FormatToStringTest1000(price: 10370.0107542784, expected: &quot;10370.01 zł&quot;)" storage="c:\projekty\xunittestproject\bin\debug\netcoreapp3.1\xunittestproject.dll" id="d4cfd815-487d-e378-1f28-dc4676158012">
      <Execution id="e36ed1bb-4a92-4069-b86f-33957513ba16" />
      <TestMethod codeBase="C:\Projekty\xUnitTestProject\bin\Debug\netcoreapp3.1\xUnitTestProject.dll" adapterTypeName="executor://xunit/VsTestRunner2/netcoreapp" className="xUnitTestProject.CurrencyHelperTests" name="FormatToStringTest1000" />
    </UnitTest>
    <UnitTest name="xUnitTestProject.CurrencyHelperTests.FormatToStringTest1000(price: 19006.315459580772, expected: &quot;19006.32 zł&quot;)" storage="c:\projekty\xunittestproject\bin\debug\netcoreapp3.1\xunittestproject.dll" id="8f731e1d-d266-da92-7f8a-593d1a2e36d6">
      <Execution id="45e9c837-d01e-4a0f-a4fa-c7e78d87bb77" />
      <TestMethod codeBase="C:\Projekty\xUnitTestProject\bin\Debug\netcoreapp3.1\xUnitTestProject.dll" adapterTypeName="executor://xunit/VsTestRunner2/netcoreapp" className="xUnitTestProject.CurrencyHelperTests" name="FormatToStringTest1000" />
    </UnitTest>
    <UnitTest name="xUnitTestProject.CurrencyHelperTests.FormatToStringTest1000(price: 4094.6752323977066, expected: &quot;4094.68 zł&quot;)" storage="c:\projekty\xunittestproject\bin\debug\netcoreapp3.1\xunittestproject.dll" id="6fd88d41-992e-23c0-e35a-a1d1b838cd50">
      <Execution id="d252e563-0daa-4285-a799-fcfbf18f7d21" />
      <TestMethod codeBase="C:\Projekty\xUnitTestProject\bin\Debug\netcoreapp3.1\xUnitTestProject.dll" adapterTypeName="executor://xunit/VsTestRunner2/netcoreapp" className="xUnitTestProject.CurrencyHelperTests" name="FormatToStringTest1000" />
    </UnitTest>
    <UnitTest name="xUnitTestProject.CurrencyHelperTests.FormatToStringTest1000(price: 79388.929555234, expected: &quot;79388.93 zł&quot;)" storage="c:\projekty\xunittestproject\bin\debug\netcoreapp3.1\xunittestproject.dll" id="a73e7657-df2c-963a-69ef-cc5459fb4c2b">
      <Execution id="ff7de766-c45f-4cf1-be82-a206a82f34cc" />
      <TestMethod codeBase="C:\Projekty\xUnitTestProject\bin\Debug\netcoreapp3.1\xUnitTestProject.dll" adapterTypeName="executor://xunit/VsTestRunner2/netcoreapp" className="xUnitTestProject.CurrencyHelperTests" name="FormatToStringTest1000" />
    </UnitTest>
    <UnitTest name="xUnitTestProject.CurrencyHelperTests.FormatToStringTest1000(price: 61324.33752458279, expected: &quot;61324.34 zł&quot;)" storage="c:\projekty\xunittestproject\bin\debug\netcoreapp3.1\xunittestproject.dll" id="a2cb1a23-585c-77f0-4371-0762318d91ff">
      <Execution id="374d730b-8466-42e3-aa07-b9e0f2eb56ce" />
      <TestMethod codeBase="C:\Projekty\xUnitTestProject\bin\Debug\netcoreapp3.1\xUnitTestProject.dll" adapterTypeName="executor://xunit/VsTestRunner2/netcoreapp" className="xUnitTestProject.CurrencyHelperTests" name="FormatToStringTest1000" />
    </UnitTest>
    <UnitTest name="xUnitTestProject.CurrencyHelperTests.FormatToStringTest1000(price: 5876.112133716285, expected: &quot;5876.11 zł&quot;)" storage="c:\projekty\xunittestproject\bin\debug\netcoreapp3.1\xunittestproject.dll" id="d04a2ff8-d519-5ad7-fd64-a85e9b9ae68c">
      <Execution id="b70da510-447c-4109-8ae8-960c2c7f31df" />
      <TestMethod codeBase="C:\Projekty\xUnitTestProject\bin\Debug\netcoreapp3.1\xUnitTestProject.dll" adapterTypeName="executor://xunit/VsTestRunner2/netcoreapp" className="xUnitTestProject.CurrencyHelperTests" name="FormatToStringTest1000" />
    </UnitTest>
    <UnitTest name="xUnitTestProject.CurrencyHelperTests.FormatToStringTest1000(price: 30626.373939456127, expected: &quot;30626.37 zł&quot;)" storage="c:\projekty\xunittestproject\bin\debug\netcoreapp3.1\xunittestproject.dll" id="b3d46dfa-7a62-d522-3960-5646d987d2b9">
      <Execution id="269de97a-e5c2-4592-9459-f34245f1bbb7" />
      <TestMethod codeBase="C:\Projekty\xUnitTestProject\bin\Debug\netcoreapp3.1\xUnitTestProject.dll" adapterTypeName="executor://xunit/VsTestRunner2/netcoreapp" className="xUnitTestProject.CurrencyHelperTests" name="FormatToStringTest1000" />
    </UnitTest>
    <UnitTest name="xUnitTestProject.CurrencyHelperTests.FormatToStringTest1000(price: 3341.8351759444154, expected: &quot;3341.84 zł&quot;)" storage="c:\projekty\xunittestproject\bin\debug\netcoreapp3.1\xunittestproject.dll" id="273a20e0-541a-4005-532d-de3663197643">
      <Execution id="0416dee4-6d19-4b4b-bd7a-33e994b34cbe" />
      <TestMethod codeBase="C:\Projekty\xUnitTestProject\bin\Debug\netcoreapp3.1\xUnitTestProject.dll" adapterTypeName="executor://xunit/VsTestRunner2/netcoreapp" className="xUnitTestProject.CurrencyHelperTests" name="FormatToStringTest1000" />
    </UnitTest>
    <UnitTest name="xUnitTestProject.CurrencyHelperTests.FormatToStringTest1000(price: 28298.945361683585, expected: &quot;28298.95 zł&quot;)" storage="c:\projekty\xunittestproject\bin\debug\netcoreapp3.1\xunittestproject.dll" id="5f750d11-c899-aa88-cff9-6806fe46c3fe">
      <Execution id="f395f502-6f9c-4f0b-ba6c-1322b6e1c0ae" />
      <TestMethod codeBase="C:\Projekty\xUnitTestProject\bin\Debug\netcoreapp3.1\xUnitTestProject.dll" adapterTypeName="executor://xunit/VsTestRunner2/netcoreapp" className="xUnitTestProject.CurrencyHelperTests" name="FormatToStringTest1000" />
    </UnitTest>
    <UnitTest name="xUnitTestProject.CurrencyHelperTests.FormatToStringTest1000(price: 16597.22844427788, expected: &quot;16597.23 zł&quot;)" storage="c:\projekty\xunittestproject\bin\debug\netcoreapp3.1\xunittestproject.dll" id="b58c1648-01cd-8d33-8125-f2d9795f377d">
      <Execution id="4a76d132-a170-4bf9-8eb7-62137f5580ba" />
      <TestMethod codeBase="C:\Projekty\xUnitTestProject\bin\Debug\netcoreapp3.1\xUnitTestProject.dll" adapterTypeName="executor://xunit/VsTestRunner2/netcoreapp" className="xUnitTestProject.CurrencyHelperTests" name="FormatToStringTest1000" />
    </UnitTest>
    <UnitTest name="xUnitTestProject.CurrencyHelperTests.FormatToStringTest1000(price: 44361.82678515177, expected: &quot;44361.83 zł&quot;)" storage="c:\projekty\xunittestproject\bin\debug\netcoreapp3.1\xunittestproject.dll" id="4487648c-7b44-bfaa-d7fb-20dd19782f71">
      <Execution id="98ce3011-31c6-4956-81d7-5333200221bc" />
      <TestMethod codeBase="C:\Projekty\xUnitTestProject\bin\Debug\netcoreapp3.1\xUnitTestProject.dll" adapterTypeName="executor://xunit/VsTestRunner2/netcoreapp" className="xUnitTestProject.CurrencyHelperTests" name="FormatToStringTest1000" />
    </UnitTest>
    <UnitTest name="xUnitTestProject.CurrencyHelperTests.FormatToStringTest1000(price: 89093.57120939044, expected: &quot;89093.57 zł&quot;)" storage="c:\projekty\xunittestproject\bin\debug\netcoreapp3.1\xunittestproject.dll" id="9dc9660c-2773-e5a1-118f-73373343d0e6">
      <Execution id="4c84c382-a60d-4fb1-ba36-f73b3720f595" />
      <TestMethod codeBase="C:\Projekty\xUnitTestProject\bin\Debug\netcoreapp3.1\xUnitTestProject.dll" adapterTypeName="executor://xunit/VsTestRunner2/netcoreapp" className="xUnitTestProject.CurrencyHelperTests" name="FormatToStringTest1000" />
    </UnitTest>
    <UnitTest name="xUnitTestProject.CurrencyHelperTests.FormatToStringTest1000(price: 24137.016609529506, expected: &quot;24137.02 zł&quot;)" storage="c:\projekty\xunittestproject\bin\debug\netcoreapp3.1\xunittestproject.dll" id="38b0259f-0bcb-8aec-4c3f-6a948a320426">
      <Execution id="69e0eb1b-4fd4-4ef1-9f34-065ec05f836b" />
      <TestMethod codeBase="C:\Projekty\xUnitTestProject\bin\Debug\netcoreapp3.1\xUnitTestProject.dll" adapterTypeName="executor://xunit/VsTestRunner2/netcoreapp" className="xUnitTestProject.CurrencyHelperTests" name="FormatToStringTest1000" />
    </UnitTest>
    <UnitTest name="xUnitTestProject.CurrencyHelperTests.FormatToStringTest1000(price: 20249.56614074277, expected: &quot;20249.57 zł&quot;)" storage="c:\projekty\xunittestproject\bin\debug\netcoreapp3.1\xunittestproject.dll" id="3462b2eb-e30f-6a87-cb93-c3563606a080">
      <Execution id="10633f26-d728-450a-a499-cf3c75eeb518" />
      <TestMethod codeBase="C:\Projekty\xUnitTestProject\bin\Debug\netcoreapp3.1\xUnitTestProject.dll" adapterTypeName="executor://xunit/VsTestRunner2/netcoreapp" className="xUnitTestProject.CurrencyHelperTests" name="FormatToStringTest1000" />
    </UnitTest>
    <UnitTest name="xUnitTestProject.CurrencyHelperTests.FormatToStringTest1000(price: 9431.144757136304, expected: &quot;9431.14 zł&quot;)" storage="c:\projekty\xunittestproject\bin\debug\netcoreapp3.1\xunittestproject.dll" id="696d2b08-2b8a-7456-8791-bc3514cd955e">
      <Execution id="00257cc6-acd1-459a-a275-9fdbd8bc2015" />
      <TestMethod codeBase="C:\Projekty\xUnitTestProject\bin\Debug\netcoreapp3.1\xUnitTestProject.dll" adapterTypeName="executor://xunit/VsTestRunner2/netcoreapp" className="xUnitTestProject.CurrencyHelperTests" name="FormatToStringTest1000" />
    </UnitTest>
    <UnitTest name="xUnitTestProject.CurrencyHelperTests.FormatToStringTest1000(price: 19609.759296997803, expected: &quot;19609.76 zł&quot;)" storage="c:\projekty\xunittestproject\bin\debug\netcoreapp3.1\xunittestproject.dll" id="77e25ad7-ee15-446a-9252-d1385f25c4e7">
      <Execution id="15279e2a-6128-4b89-91b7-e64fc26ad4c9" />
      <TestMethod codeBase="C:\Projekty\xUnitTestProject\bin\Debug\netcoreapp3.1\xUnitTestProject.dll" adapterTypeName="executor://xunit/VsTestRunner2/netcoreapp" className="xUnitTestProject.CurrencyHelperTests" name="FormatToStringTest1000" />
    </UnitTest>
    <UnitTest name="xUnitTestProject.CurrencyHelperTests.FormatToStringTest1000(price: 96261.84883437205, expected: &quot;96261.85 zł&quot;)" storage="c:\projekty\xunittestproject\bin\debug\netcoreapp3.1\xunittestproject.dll" id="bc76307e-662f-d191-64cf-4352a391fa59">
      <Execution id="1eeb835b-c557-481f-b490-bc18896a2f9b" />
      <TestMethod codeBase="C:\Projekty\xUnitTestProject\bin\Debug\netcoreapp3.1\xUnitTestProject.dll" adapterTypeName="executor://xunit/VsTestRunner2/netcoreapp" className="xUnitTestProject.CurrencyHelperTests" name="FormatToStringTest1000" />
    </UnitTest>
    <UnitTest name="xUnitTestProject.CurrencyHelperTests.FormatToStringTest1000(price: 17990.38119827089, expected: &quot;17990.38 zł&quot;)" storage="c:\projekty\xunittestproject\bin\debug\netcoreapp3.1\xunittestproject.dll" id="f227f8da-1aef-bb37-695f-f1b64dec59a9">
      <Execution id="7214d149-085e-49b3-a112-9c13e1eff43d" />
      <TestMethod codeBase="C:\Projekty\xUnitTestProject\bin\Debug\netcoreapp3.1\xUnitTestProject.dll" adapterTypeName="executor://xunit/VsTestRunner2/netcoreapp" className="xUnitTestProject.CurrencyHelperTests" name="FormatToStringTest1000" />
    </UnitTest>
    <UnitTest name="xUnitTestProject.CurrencyHelperTests.FormatToStringTest1000(price: 15600.245951180927, expected: &quot;15600.25 zł&quot;)" storage="c:\projekty\xunittestproject\bin\debug\netcoreapp3.1\xunittestproject.dll" id="ad89a04b-1d6c-269b-831e-2a5afc742278">
      <Execution id="41a78206-35b4-4d01-a448-e58dae851ef9" />
      <TestMethod codeBase="C:\Projekty\xUnitTestProject\bin\Debug\netcoreapp3.1\xUnitTestProject.dll" adapterTypeName="executor://xunit/VsTestRunner2/netcoreapp" className="xUnitTestProject.CurrencyHelperTests" name="FormatToStringTest1000" />
    </UnitTest>
    <UnitTest name="xUnitTestProject.CurrencyHelperTests.FormatToStringTest1000(price: 14712.754747761765, expected: &quot;14712.75 zł&quot;)" storage="c:\projekty\xunittestproject\bin\debug\netcoreapp3.1\xunittestproject.dll" id="0fb54a08-345f-ee29-01d6-61a60fb47ced">
      <Execution id="0db1a943-61d4-4585-9722-0595a352247b" />
      <TestMethod codeBase="C:\Projekty\xUnitTestProject\bin\Debug\netcoreapp3.1\xUnitTestProject.dll" adapterTypeName="executor://xunit/VsTestRunner2/netcoreapp" className="xUnitTestProject.CurrencyHelperTests" name="FormatToStringTest1000" />
    </UnitTest>
    <UnitTest name="xUnitTestProject.CurrencyHelperTests.FormatToStringTest1000(price: 13574.683315038068, expected: &quot;13574.68 zł&quot;)" storage="c:\projekty\xunittestproject\bin\debug\netcoreapp3.1\xunittestproject.dll" id="185ede31-fab0-85ad-ad6a-a8eab36c8466">
      <Execution id="ef0598c2-0a4f-4f0d-bc0a-e1e45e698bb7" />
      <TestMethod codeBase="C:\Projekty\xUnitTestProject\bin\Debug\netcoreapp3.1\xUnitTestProject.dll" adapterTypeName="executor://xunit/VsTestRunner2/netcoreapp" className="xUnitTestProject.CurrencyHelperTests" name="FormatToStringTest1000" />
    </UnitTest>
    <UnitTest name="xUnitTestProject.CurrencyHelperTests.FormatToStringTest1000(price: 1669.555150571072, expected: &quot;1669.56 zł&quot;)" storage="c:\projekty\xunittestproject\bin\debug\netcoreapp3.1\xunittestproject.dll" id="68224de9-ccec-a0b7-c8a8-a3c8c0c30259">
      <Execution id="2c7717d8-1d87-42bc-ad4c-776cd0f510e7" />
      <TestMethod codeBase="C:\Projekty\xUnitTestProject\bin\Debug\netcoreapp3.1\xUnitTestProject.dll" adapterTypeName="executor://xunit/VsTestRunner2/netcoreapp" className="xUnitTestProject.CurrencyHelperTests" name="FormatToStringTest1000" />
    </UnitTest>
    <UnitTest name="xUnitTestProject.CurrencyHelperTests.FormatToStringTest1000(price: 25084.19182667238, expected: &quot;25084.19 zł&quot;)" storage="c:\projekty\xunittestproject\bin\debug\netcoreapp3.1\xunittestproject.dll" id="03249ab3-78a8-f0c2-3edd-fa3544db15c9">
      <Execution id="e913fdaa-d66b-4e96-8c49-d31ad251416b" />
      <TestMethod codeBase="C:\Projekty\xUnitTestProject\bin\Debug\netcoreapp3.1\xUnitTestProject.dll" adapterTypeName="executor://xunit/VsTestRunner2/netcoreapp" className="xUnitTestProject.CurrencyHelperTests" name="FormatToStringTest1000" />
    </UnitTest>
    <UnitTest name="xUnitTestProject.CurrencyHelperTests.FormatToStringTest1000(price: 37889.10086727193, expected: &quot;37889.10 zł&quot;)" storage="c:\projekty\xunittestproject\bin\debug\netcoreapp3.1\xunittestproject.dll" id="cbfda56e-8c0a-ba07-a0f8-119519aa985c">
      <Execution id="6e63c688-0df2-4b86-bd62-27014ba067b5" />
      <TestMethod codeBase="C:\Projekty\xUnitTestProject\bin\Debug\netcoreapp3.1\xUnitTestProject.dll" adapterTypeName="executor://xunit/VsTestRunner2/netcoreapp" className="xUnitTestProject.CurrencyHelperTests" name="FormatToStringTest1000" />
    </UnitTest>
    <UnitTest name="xUnitTestProject.CurrencyHelperTests.FormatToStringTest1000(price: 37160.85331540269, expected: &quot;37160.85 zł&quot;)" storage="c:\projekty\xunittestproject\bin\debug\netcoreapp3.1\xunittestproject.dll" id="5322a6b6-b1d1-4276-7a98-26cc05377b71">
      <Execution id="887bf14c-7fc1-4015-82f1-5f30b2b70c34" />
      <TestMethod codeBase="C:\Projekty\xUnitTestProject\bin\Debug\netcoreapp3.1\xUnitTestProject.dll" adapterTypeName="executor://xunit/VsTestRunner2/netcoreapp" className="xUnitTestProject.CurrencyHelperTests" name="FormatToStringTest1000" />
    </UnitTest>
    <UnitTest name="xUnitTestProject.CurrencyHelperTests.FormatToStringTest1000(price: 28068.20530246394, expected: &quot;28068.21 zł&quot;)" storage="c:\projekty\xunittestproject\bin\debug\netcoreapp3.1\xunittestproject.dll" id="ee9462eb-6912-5171-764c-f29a600e2526">
      <Execution id="bcf12ecc-b9bd-4371-a23a-696fab49f9f2" />
      <TestMethod codeBase="C:\Projekty\xUnitTestProject\bin\Debug\netcoreapp3.1\xUnitTestProject.dll" adapterTypeName="executor://xunit/VsTestRunner2/netcoreapp" className="xUnitTestProject.CurrencyHelperTests" name="FormatToStringTest1000" />
    </UnitTest>
    <UnitTest name="xUnitTestProject.CurrencyHelperTests.FormatToStringTest1000(price: 13375.96341587415, expected: &quot;13375.96 zł&quot;)" storage="c:\projekty\xunittestproject\bin\debug\netcoreapp3.1\xunittestproject.dll" id="595bfab0-5cd9-2edb-fcf1-e6874dc93e48">
      <Execution id="b88b7c6e-3c7c-4f7f-8904-b361b9a2fafc" />
      <TestMethod codeBase="C:\Projekty\xUnitTestProject\bin\Debug\netcoreapp3.1\xUnitTestProject.dll" adapterTypeName="executor://xunit/VsTestRunner2/netcoreapp" className="xUnitTestProject.CurrencyHelperTests" name="FormatToStringTest1000" />
    </UnitTest>
    <UnitTest name="xUnitTestProject.CurrencyHelperTests.FormatToStringTest1000(price: 3303.1902076747224, expected: &quot;3303.19 zł&quot;)" storage="c:\projekty\xunittestproject\bin\debug\netcoreapp3.1\xunittestproject.dll" id="92c24577-a226-a6b7-7d5e-021b44057899">
      <Execution id="1ba0f053-a95d-4638-a9d0-a3dd37160ec6" />
      <TestMethod codeBase="C:\Projekty\xUnitTestProject\bin\Debug\netcoreapp3.1\xUnitTestProject.dll" adapterTypeName="executor://xunit/VsTestRunner2/netcoreapp" className="xUnitTestProject.CurrencyHelperTests" name="FormatToStringTest1000" />
    </UnitTest>
    <UnitTest name="xUnitTestProject.CurrencyHelperTests.FormatToStringTest1000(price: 17798.633951516185, expected: &quot;17798.63 zł&quot;)" storage="c:\projekty\xunittestproject\bin\debug\netcoreapp3.1\xunittestproject.dll" id="ba870e88-e985-a063-3050-00fcfcbc95b8">
      <Execution id="74db5ed9-ef5b-4780-9f90-9f0e1b8bf8e5" />
      <TestMethod codeBase="C:\Projekty\xUnitTestProject\bin\Debug\netcoreapp3.1\xUnitTestProject.dll" adapterTypeName="executor://xunit/VsTestRunner2/netcoreapp" className="xUnitTestProject.CurrencyHelperTests" name="FormatToStringTest1000" />
    </UnitTest>
    <UnitTest name="xUnitTestProject.CurrencyHelperTests.FormatToStringTest1000(price: 68698.01923441609, expected: &quot;68698.02 zł&quot;)" storage="c:\projekty\xunittestproject\bin\debug\netcoreapp3.1\xunittestproject.dll" id="9ee4d82e-bba5-9c6c-1803-31366568eb6e">
      <Execution id="c3fb5020-1c2f-4a92-89d5-193a3b4f0ea2" />
      <TestMethod codeBase="C:\Projekty\xUnitTestProject\bin\Debug\netcoreapp3.1\xUnitTestProject.dll" adapterTypeName="executor://xunit/VsTestRunner2/netcoreapp" className="xUnitTestProject.CurrencyHelperTests" name="FormatToStringTest1000" />
    </UnitTest>
    <UnitTest name="xUnitTestProject.CurrencyHelperTests.FormatToStringTest1000(price: 20643.69044446465, expected: &quot;20643.69 zł&quot;)" storage="c:\projekty\xunittestproject\bin\debug\netcoreapp3.1\xunittestproject.dll" id="081d3b2d-f16b-400c-9941-d599ff407e21">
      <Execution id="154160ea-c506-433d-8bc0-a349a6fe6587" />
      <TestMethod codeBase="C:\Projekty\xUnitTestProject\bin\Debug\netcoreapp3.1\xUnitTestProject.dll" adapterTypeName="executor://xunit/VsTestRunner2/netcoreapp" className="xUnitTestProject.CurrencyHelperTests" name="FormatToStringTest1000" />
    </UnitTest>
    <UnitTest name="xUnitTestProject.CurrencyHelperTests.FormatToStringTest1000(price: 16402.16316587206, expected: &quot;16402.16 zł&quot;)" storage="c:\projekty\xunittestproject\bin\debug\netcoreapp3.1\xunittestproject.dll" id="bb53c479-4fb7-b049-d0b3-60c53109c03d">
      <Execution id="74fa2807-847a-4eed-b794-2298bf084771" />
      <TestMethod codeBase="C:\Projekty\xUnitTestProject\bin\Debug\netcoreapp3.1\xUnitTestProject.dll" adapterTypeName="executor://xunit/VsTestRunner2/netcoreapp" className="xUnitTestProject.CurrencyHelperTests" name="FormatToStringTest1000" />
    </UnitTest>
    <UnitTest name="xUnitTestProject.CurrencyHelperTests.FormatToStringTest1000(price: 1751.7703038522834, expected: &quot;1751.77 zł&quot;)" storage="c:\projekty\xunittestproject\bin\debug\netcoreapp3.1\xunittestproject.dll" id="d28e2add-d838-2ebe-df2d-b5dd0d3b773e">
      <Execution id="20b50cc9-2080-4d04-97bf-8a80b20d5a64" />
      <TestMethod codeBase="C:\Projekty\xUnitTestProject\bin\Debug\netcoreapp3.1\xUnitTestProject.dll" adapterTypeName="executor://xunit/VsTestRunner2/netcoreapp" className="xUnitTestProject.CurrencyHelperTests" name="FormatToStringTest1000" />
    </UnitTest>
    <UnitTest name="xUnitTestProject.CurrencyHelperTests.FormatToStringTest1000(price: 37954.34384365396, expected: &quot;37954.34 zł&quot;)" storage="c:\projekty\xunittestproject\bin\debug\netcoreapp3.1\xunittestproject.dll" id="b8055217-5a74-6a87-a561-a760192c2a20">
      <Execution id="43c0af4d-960b-4b0e-a23f-303fb83a48dd" />
      <TestMethod codeBase="C:\Projekty\xUnitTestProject\bin\Debug\netcoreapp3.1\xUnitTestProject.dll" adapterTypeName="executor://xunit/VsTestRunner2/netcoreapp" className="xUnitTestProject.CurrencyHelperTests" name="FormatToStringTest1000" />
    </UnitTest>
    <UnitTest name="xUnitTestProject.CurrencyHelperTests.FormatToStringTest1000(price: 4715.320654313695, expected: &quot;4715.32 zł&quot;)" storage="c:\projekty\xunittestproject\bin\debug\netcoreapp3.1\xunittestproject.dll" id="33b74559-764f-421e-252d-cd475c561f9a">
      <Execution id="96e0fe9d-1efa-4746-9902-bc875f7f58f1" />
      <TestMethod codeBase="C:\Projekty\xUnitTestProject\bin\Debug\netcoreapp3.1\xUnitTestProject.dll" adapterTypeName="executor://xunit/VsTestRunner2/netcoreapp" className="xUnitTestProject.CurrencyHelperTests" name="FormatToStringTest1000" />
    </UnitTest>
    <UnitTest name="xUnitTestProject.CurrencyHelperTests.FormatToStringTest1000(price: 17000.070169619317, expected: &quot;17000.07 zł&quot;)" storage="c:\projekty\xunittestproject\bin\debug\netcoreapp3.1\xunittestproject.dll" id="4ef75591-ffb4-d566-94c9-bda5f50552b9">
      <Execution id="36327dbe-38c5-420e-9a54-0491440dec8c" />
      <TestMethod codeBase="C:\Projekty\xUnitTestProject\bin\Debug\netcoreapp3.1\xUnitTestProject.dll" adapterTypeName="executor://xunit/VsTestRunner2/netcoreapp" className="xUnitTestProject.CurrencyHelperTests" name="FormatToStringTest1000" />
    </UnitTest>
    <UnitTest name="xUnitTestProject.CurrencyHelperTests.FormatToStringTest1000(price: 9624.06628225188, expected: &quot;9624.07 zł&quot;)" storage="c:\projekty\xunittestproject\bin\debug\netcoreapp3.1\xunittestproject.dll" id="0af3eea6-5817-a867-a6c4-92fe1e3e316c">
      <Execution id="b6a3a625-6f99-4481-ae80-30eecb5d7963" />
      <TestMethod codeBase="C:\Projekty\xUnitTestProject\bin\Debug\netcoreapp3.1\xUnitTestProject.dll" adapterTypeName="executor://xunit/VsTestRunner2/netcoreapp" className="xUnitTestProject.CurrencyHelperTests" name="FormatToStringTest1000" />
    </UnitTest>
    <UnitTest name="xUnitTestProject.CurrencyHelperTests.FormatToStringTest1000(price: 782.6578288817116, expected: &quot;782.66 zł&quot;)" storage="c:\projekty\xunittestproject\bin\debug\netcoreapp3.1\xunittestproject.dll" id="b5a6747d-aa6b-3b3a-779c-c378aea09cd8">
      <Execution id="952aa4f6-c5f5-444f-914b-aba54bf40d70" />
      <TestMethod codeBase="C:\Projekty\xUnitTestProject\bin\Debug\netcoreapp3.1\xUnitTestProject.dll" adapterTypeName="executor://xunit/VsTestRunner2/netcoreapp" className="xUnitTestProject.CurrencyHelperTests" name="FormatToStringTest1000" />
    </UnitTest>
    <UnitTest name="xUnitTestProject.CurrencyHelperTests.FormatToStringTest1000(price: 30020.248557890412, expected: &quot;30020.25 zł&quot;)" storage="c:\projekty\xunittestproject\bin\debug\netcoreapp3.1\xunittestproject.dll" id="26c85a86-1383-9737-58c9-22fa784f7da5">
      <Execution id="c27f0424-af2f-4ad8-a345-5051e122984b" />
      <TestMethod codeBase="C:\Projekty\xUnitTestProject\bin\Debug\netcoreapp3.1\xUnitTestProject.dll" adapterTypeName="executor://xunit/VsTestRunner2/netcoreapp" className="xUnitTestProject.CurrencyHelperTests" name="FormatToStringTest1000" />
    </UnitTest>
    <UnitTest name="xUnitTestProject.CurrencyHelperTests.FormatToStringTest1000(price: 45035.160883881224, expected: &quot;45035.16 zł&quot;)" storage="c:\projekty\xunittestproject\bin\debug\netcoreapp3.1\xunittestproject.dll" id="685331f6-0a25-8111-bb2a-37dce3d8d170">
      <Execution id="d6ac71a1-1f23-4dff-ae60-647e289797f8" />
      <TestMethod codeBase="C:\Projekty\xUnitTestProject\bin\Debug\netcoreapp3.1\xUnitTestProject.dll" adapterTypeName="executor://xunit/VsTestRunner2/netcoreapp" className="xUnitTestProject.CurrencyHelperTests" name="FormatToStringTest1000" />
    </UnitTest>
    <UnitTest name="xUnitTestProject.CurrencyHelperTests.FormatToStringTest1000(price: 577.6071367564645, expected: &quot;577.61 zł&quot;)" storage="c:\projekty\xunittestproject\bin\debug\netcoreapp3.1\xunittestproject.dll" id="92748693-9b58-d8e3-eb5b-22d11e2e9e9d">
      <Execution id="ca5b0d9f-598a-43e1-8537-d3893a973a3e" />
      <TestMethod codeBase="C:\Projekty\xUnitTestProject\bin\Debug\netcoreapp3.1\xUnitTestProject.dll" adapterTypeName="executor://xunit/VsTestRunner2/netcoreapp" className="xUnitTestProject.CurrencyHelperTests" name="FormatToStringTest1000" />
    </UnitTest>
    <UnitTest name="xUnitTestProject.CurrencyHelperTests.FormatToStringTest1000(price: 46898.00219497783, expected: &quot;46898.00 zł&quot;)" storage="c:\projekty\xunittestproject\bin\debug\netcoreapp3.1\xunittestproject.dll" id="25b36055-f21f-fb6a-b7ef-81ccf96dd2b6">
      <Execution id="c704bf96-d5d8-449e-9aa2-6ef7fc1d6814" />
      <TestMethod codeBase="C:\Projekty\xUnitTestProject\bin\Debug\netcoreapp3.1\xUnitTestProject.dll" adapterTypeName="executor://xunit/VsTestRunner2/netcoreapp" className="xUnitTestProject.CurrencyHelperTests" name="FormatToStringTest1000" />
    </UnitTest>
    <UnitTest name="xUnitTestProject.CurrencyHelperTests.FormatToStringTest1000(price: 20237.28532723723, expected: &quot;20237.29 zł&quot;)" storage="c:\projekty\xunittestproject\bin\debug\netcoreapp3.1\xunittestproject.dll" id="5c2754e4-1c80-78fc-5cc7-dfd05e800cc5">
      <Execution id="dc62551e-bcc9-47a1-9096-756d83686311" />
      <TestMethod codeBase="C:\Projekty\xUnitTestProject\bin\Debug\netcoreapp3.1\xUnitTestProject.dll" adapterTypeName="executor://xunit/VsTestRunner2/netcoreapp" className="xUnitTestProject.CurrencyHelperTests" name="FormatToStringTest1000" />
    </UnitTest>
    <UnitTest name="xUnitTestProject.CurrencyHelperTests.FormatToStringTest1000(price: 6946.333318357977, expected: &quot;6946.33 zł&quot;)" storage="c:\projekty\xunittestproject\bin\debug\netcoreapp3.1\xunittestproject.dll" id="73bcea4a-0bf6-aaca-b16b-8e4d59f9059e">
      <Execution id="09689527-f4c0-46e4-8e46-77865f79d60c" />
      <TestMethod codeBase="C:\Projekty\xUnitTestProject\bin\Debug\netcoreapp3.1\xUnitTestProject.dll" adapterTypeName="executor://xunit/VsTestRunner2/netcoreapp" className="xUnitTestProject.CurrencyHelperTests" name="FormatToStringTest1000" />
    </UnitTest>
    <UnitTest name="xUnitTestProject.CurrencyHelperTests.FormatToStringTest1000(price: 25794.833624416417, expected: &quot;25794.83 zł&quot;)" storage="c:\projekty\xunittestproject\bin\debug\netcoreapp3.1\xunittestproject.dll" id="0739d753-ed0a-2224-af37-24f0fcbbbd00">
      <Execution id="a71ba98d-8129-48c5-9d29-312dbea12463" />
      <TestMethod codeBase="C:\Projekty\xUnitTestProject\bin\Debug\netcoreapp3.1\xUnitTestProject.dll" adapterTypeName="executor://xunit/VsTestRunner2/netcoreapp" className="xUnitTestProject.CurrencyHelperTests" name="FormatToStringTest1000" />
    </UnitTest>
    <UnitTest name="xUnitTestProject.CurrencyHelperTests.FormatToStringTest1000(price: 37114.901517336206, expected: &quot;37114.90 zł&quot;)" storage="c:\projekty\xunittestproject\bin\debug\netcoreapp3.1\xunittestproject.dll" id="d9592df4-0966-3c3a-722c-1595fa840f06">
      <Execution id="2ae4de2c-e097-417a-a74d-f0157b3af68b" />
      <TestMethod codeBase="C:\Projekty\xUnitTestProject\bin\Debug\netcoreapp3.1\xUnitTestProject.dll" adapterTypeName="executor://xunit/VsTestRunner2/netcoreapp" className="xUnitTestProject.CurrencyHelperTests" name="FormatToStringTest1000" />
    </UnitTest>
    <UnitTest name="xUnitTestProject.CurrencyHelperTests.FormatToStringTest1000(price: 69373.32129976773, expected: &quot;69373.32 zł&quot;)" storage="c:\projekty\xunittestproject\bin\debug\netcoreapp3.1\xunittestproject.dll" id="3fad871b-7e9b-a4ff-8f1b-45e15f0c2efa">
      <Execution id="d5f2b66c-f72e-4b58-bac4-09eb93ccb996" />
      <TestMethod codeBase="C:\Projekty\xUnitTestProject\bin\Debug\netcoreapp3.1\xUnitTestProject.dll" adapterTypeName="executor://xunit/VsTestRunner2/netcoreapp" className="xUnitTestProject.CurrencyHelperTests" name="FormatToStringTest1000" />
    </UnitTest>
    <UnitTest name="xUnitTestProject.CurrencyHelperTests.FormatToStringTest1000(price: 1896.1704506483723, expected: &quot;1896.17 zł&quot;)" storage="c:\projekty\xunittestproject\bin\debug\netcoreapp3.1\xunittestproject.dll" id="e238bfca-4b11-493d-42eb-8f12a1ef721f">
      <Execution id="0642cbdd-1176-4e7f-b331-4962e6f3beb8" />
      <TestMethod codeBase="C:\Projekty\xUnitTestProject\bin\Debug\netcoreapp3.1\xUnitTestProject.dll" adapterTypeName="executor://xunit/VsTestRunner2/netcoreapp" className="xUnitTestProject.CurrencyHelperTests" name="FormatToStringTest1000" />
    </UnitTest>
    <UnitTest name="xUnitTestProject.CurrencyHelperTests.FormatToStringTest1000(price: 13453.429998117233, expected: &quot;13453.43 zł&quot;)" storage="c:\projekty\xunittestproject\bin\debug\netcoreapp3.1\xunittestproject.dll" id="a8ba7efd-581f-551d-dd26-e7f6709e3995">
      <Execution id="93cb8c24-856e-462d-91cf-b98e73331bb7" />
      <TestMethod codeBase="C:\Projekty\xUnitTestProject\bin\Debug\netcoreapp3.1\xUnitTestProject.dll" adapterTypeName="executor://xunit/VsTestRunner2/netcoreapp" className="xUnitTestProject.CurrencyHelperTests" name="FormatToStringTest1000" />
    </UnitTest>
    <UnitTest name="xUnitTestProject.CurrencyHelperTests.FormatToStringTest1000(price: 3588.260979617136, expected: &quot;3588.26 zł&quot;)" storage="c:\projekty\xunittestproject\bin\debug\netcoreapp3.1\xunittestproject.dll" id="1d271909-1898-128b-21ec-f802c1979d9e">
      <Execution id="14c6a78b-2645-4610-b55e-755a36f0845e" />
      <TestMethod codeBase="C:\Projekty\xUnitTestProject\bin\Debug\netcoreapp3.1\xUnitTestProject.dll" adapterTypeName="executor://xunit/VsTestRunner2/netcoreapp" className="xUnitTestProject.CurrencyHelperTests" name="FormatToStringTest1000" />
    </UnitTest>
    <UnitTest name="xUnitTestProject.CurrencyHelperTests.FormatToStringTest1000(price: 5279.315995182524, expected: &quot;5279.32 zł&quot;)" storage="c:\projekty\xunittestproject\bin\debug\netcoreapp3.1\xunittestproject.dll" id="0ee739fa-dfa4-5ef5-1b22-8fe2862978a3">
      <Execution id="3aab5c94-2535-479d-a018-230c49326ad1" />
      <TestMethod codeBase="C:\Projekty\xUnitTestProject\bin\Debug\netcoreapp3.1\xUnitTestProject.dll" adapterTypeName="executor://xunit/VsTestRunner2/netcoreapp" className="xUnitTestProject.CurrencyHelperTests" name="FormatToStringTest1000" />
    </UnitTest>
    <UnitTest name="xUnitTestProject.CurrencyHelperTests.FormatToStringTest1000(price: 806.960597043373, expected: &quot;806.96 zł&quot;)" storage="c:\projekty\xunittestproject\bin\debug\netcoreapp3.1\xunittestproject.dll" id="171141a5-7e7d-d227-6619-8929fed50e13">
      <Execution id="db15cd7e-de3b-4942-8a58-77caee9735eb" />
      <TestMethod codeBase="C:\Projekty\xUnitTestProject\bin\Debug\netcoreapp3.1\xUnitTestProject.dll" adapterTypeName="executor://xunit/VsTestRunner2/netcoreapp" className="xUnitTestProject.CurrencyHelperTests" name="FormatToStringTest1000" />
    </UnitTest>
    <UnitTest name="xUnitTestProject.CurrencyHelperTests.FormatToStringTest1000(price: 36978.61073549213, expected: &quot;36978.61 zł&quot;)" storage="c:\projekty\xunittestproject\bin\debug\netcoreapp3.1\xunittestproject.dll" id="f284fcd5-95ba-5e4a-ef58-143a466ff941">
      <Execution id="56a649aa-6843-46e9-abe7-9c06e4a0d6ed" />
      <TestMethod codeBase="C:\Projekty\xUnitTestProject\bin\Debug\netcoreapp3.1\xUnitTestProject.dll" adapterTypeName="executor://xunit/VsTestRunner2/netcoreapp" className="xUnitTestProject.CurrencyHelperTests" name="FormatToStringTest1000" />
    </UnitTest>
    <UnitTest name="xUnitTestProject.CurrencyHelperTests.FormatToStringTest1000(price: 10174.652801423637, expected: &quot;10174.65 zł&quot;)" storage="c:\projekty\xunittestproject\bin\debug\netcoreapp3.1\xunittestproject.dll" id="20607095-992d-3bf7-849c-32032c3b5657">
      <Execution id="a6e3a675-003f-4add-9b80-3981cfc08641" />
      <TestMethod codeBase="C:\Projekty\xUnitTestProject\bin\Debug\netcoreapp3.1\xUnitTestProject.dll" adapterTypeName="executor://xunit/VsTestRunner2/netcoreapp" className="xUnitTestProject.CurrencyHelperTests" name="FormatToStringTest1000" />
    </UnitTest>
    <UnitTest name="xUnitTestProject.CurrencyHelperTests.FormatToStringTest1000(price: 5870.791169434223, expected: &quot;5870.79 zł&quot;)" storage="c:\projekty\xunittestproject\bin\debug\netcoreapp3.1\xunittestproject.dll" id="b6713598-e21c-6f29-08f1-f4f46e42ba65">
      <Execution id="b268f8fa-37f5-4d90-8c16-3e4f1e3cb107" />
      <TestMethod codeBase="C:\Projekty\xUnitTestProject\bin\Debug\netcoreapp3.1\xUnitTestProject.dll" adapterTypeName="executor://xunit/VsTestRunner2/netcoreapp" className="xUnitTestProject.CurrencyHelperTests" name="FormatToStringTest1000" />
    </UnitTest>
    <UnitTest name="xUnitTestProject.CurrencyHelperTests.FormatToStringTest1000(price: 31805.23430354532, expected: &quot;31805.23 zł&quot;)" storage="c:\projekty\xunittestproject\bin\debug\netcoreapp3.1\xunittestproject.dll" id="79d9531c-e009-9169-2cbc-ceab51e47aa5">
      <Execution id="55cf1fca-c566-47fd-a4d6-eab7a018b1e8" />
      <TestMethod codeBase="C:\Projekty\xUnitTestProject\bin\Debug\netcoreapp3.1\xUnitTestProject.dll" adapterTypeName="executor://xunit/VsTestRunner2/netcoreapp" className="xUnitTestProject.CurrencyHelperTests" name="FormatToStringTest1000" />
    </UnitTest>
    <UnitTest name="xUnitTestProject.CurrencyHelperTests.FormatToStringTest1000(price: 16825.83099003268, expected: &quot;16825.83 zł&quot;)" storage="c:\projekty\xunittestproject\bin\debug\netcoreapp3.1\xunittestproject.dll" id="7e29f92d-fa8b-6742-a856-fa32047034c5">
      <Execution id="e7d595e5-53ef-4c94-a106-351f2d83ff49" />
      <TestMethod codeBase="C:\Projekty\xUnitTestProject\bin\Debug\netcoreapp3.1\xUnitTestProject.dll" adapterTypeName="executor://xunit/VsTestRunner2/netcoreapp" className="xUnitTestProject.CurrencyHelperTests" name="FormatToStringTest1000" />
    </UnitTest>
    <UnitTest name="xUnitTestProject.CurrencyHelperTests.FormatToStringTest1000(price: 41008.28505327194, expected: &quot;41008.29 zł&quot;)" storage="c:\projekty\xunittestproject\bin\debug\netcoreapp3.1\xunittestproject.dll" id="2ed2cd1c-632f-e0d9-b2af-c3d4c17fd7b1">
      <Execution id="1a61fc03-f92f-47f7-8d70-7c3144355400" />
      <TestMethod codeBase="C:\Projekty\xUnitTestProject\bin\Debug\netcoreapp3.1\xUnitTestProject.dll" adapterTypeName="executor://xunit/VsTestRunner2/netcoreapp" className="xUnitTestProject.CurrencyHelperTests" name="FormatToStringTest1000" />
    </UnitTest>
    <UnitTest name="xUnitTestProject.CurrencyHelperTests.FormatToStringTest1000(price: 22153.282278674324, expected: &quot;22153.28 zł&quot;)" storage="c:\projekty\xunittestproject\bin\debug\netcoreapp3.1\xunittestproject.dll" id="d9021346-4b7d-e467-848a-6a660c41636c">
      <Execution id="5ce884f5-c1a2-4565-9754-678437185470" />
      <TestMethod codeBase="C:\Projekty\xUnitTestProject\bin\Debug\netcoreapp3.1\xUnitTestProject.dll" adapterTypeName="executor://xunit/VsTestRunner2/netcoreapp" className="xUnitTestProject.CurrencyHelperTests" name="FormatToStringTest1000" />
    </UnitTest>
    <UnitTest name="xUnitTestProject.CurrencyHelperTests.FormatToStringTest1000(price: 20116.958341299072, expected: &quot;20116.96 zł&quot;)" storage="c:\projekty\xunittestproject\bin\debug\netcoreapp3.1\xunittestproject.dll" id="e12861db-8cd0-3c0d-af0a-eb43dfba13d7">
      <Execution id="53996c5a-c81b-4b02-80f6-9e7c821a329a" />
      <TestMethod codeBase="C:\Projekty\xUnitTestProject\bin\Debug\netcoreapp3.1\xUnitTestProject.dll" adapterTypeName="executor://xunit/VsTestRunner2/netcoreapp" className="xUnitTestProject.CurrencyHelperTests" name="FormatToStringTest1000" />
    </UnitTest>
    <UnitTest name="xUnitTestProject.CurrencyHelperTests.FormatToStringTest1000(price: 653.4647999170537, expected: &quot;653.46 zł&quot;)" storage="c:\projekty\xunittestproject\bin\debug\netcoreapp3.1\xunittestproject.dll" id="49539e03-80f3-85f0-9c28-9ba645507120">
      <Execution id="bcda04b6-aa6c-4353-b2af-74aeb776fc09" />
      <TestMethod codeBase="C:\Projekty\xUnitTestProject\bin\Debug\netcoreapp3.1\xUnitTestProject.dll" adapterTypeName="executor://xunit/VsTestRunner2/netcoreapp" className="xUnitTestProject.CurrencyHelperTests" name="FormatToStringTest1000" />
    </UnitTest>
    <UnitTest name="xUnitTestProject.CurrencyHelperTests.FormatToStringTest1000(price: 13402.882692040355, expected: &quot;13402.88 zł&quot;)" storage="c:\projekty\xunittestproject\bin\debug\netcoreapp3.1\xunittestproject.dll" id="12d96651-40d0-5499-9770-bf08435d63fc">
      <Execution id="8402ddd8-7872-4d2b-ac95-cc9313496a94" />
      <TestMethod codeBase="C:\Projekty\xUnitTestProject\bin\Debug\netcoreapp3.1\xUnitTestProject.dll" adapterTypeName="executor://xunit/VsTestRunner2/netcoreapp" className="xUnitTestProject.CurrencyHelperTests" name="FormatToStringTest1000" />
    </UnitTest>
    <UnitTest name="xUnitTestProject.CurrencyHelperTests.FormatToStringTest1000(price: 22831.975917587977, expected: &quot;22831.98 zł&quot;)" storage="c:\projekty\xunittestproject\bin\debug\netcoreapp3.1\xunittestproject.dll" id="e46091cf-1e82-9cd3-4478-8e74502a12eb">
      <Execution id="db58d048-2531-44f6-addb-a16705867b4b" />
      <TestMethod codeBase="C:\Projekty\xUnitTestProject\bin\Debug\netcoreapp3.1\xUnitTestProject.dll" adapterTypeName="executor://xunit/VsTestRunner2/netcoreapp" className="xUnitTestProject.CurrencyHelperTests" name="FormatToStringTest1000" />
    </UnitTest>
    <UnitTest name="xUnitTestProject.CurrencyHelperTests.FormatToStringTest1000(price: 21996.80326662576, expected: &quot;21996.80 zł&quot;)" storage="c:\projekty\xunittestproject\bin\debug\netcoreapp3.1\xunittestproject.dll" id="11ed9e7e-df07-2b0d-0eec-e5030427083f">
      <Execution id="62479506-2710-4b90-939f-8610409735ef" />
      <TestMethod codeBase="C:\Projekty\xUnitTestProject\bin\Debug\netcoreapp3.1\xUnitTestProject.dll" adapterTypeName="executor://xunit/VsTestRunner2/netcoreapp" className="xUnitTestProject.CurrencyHelperTests" name="FormatToStringTest1000" />
    </UnitTest>
    <UnitTest name="xUnitTestProject.CurrencyHelperTests.FormatToStringTest1000(price: 1814.7218118955948, expected: &quot;1814.72 zł&quot;)" storage="c:\projekty\xunittestproject\bin\debug\netcoreapp3.1\xunittestproject.dll" id="56e327fe-8407-ea11-addf-90ce93ff7d58">
      <Execution id="df2dd97e-332f-4969-b75a-2140e524fe7b" />
      <TestMethod codeBase="C:\Projekty\xUnitTestProject\bin\Debug\netcoreapp3.1\xUnitTestProject.dll" adapterTypeName="executor://xunit/VsTestRunner2/netcoreapp" className="xUnitTestProject.CurrencyHelperTests" name="FormatToStringTest1000" />
    </UnitTest>
    <UnitTest name="xUnitTestProject.CurrencyHelperTests.FormatToStringTest1000(price: 29845.02749849345, expected: &quot;29845.03 zł&quot;)" storage="c:\projekty\xunittestproject\bin\debug\netcoreapp3.1\xunittestproject.dll" id="c8c9567a-0791-4ff6-39a0-7fa2a22ff301">
      <Execution id="f888c13c-152b-42db-b8ce-924e22c675f6" />
      <TestMethod codeBase="C:\Projekty\xUnitTestProject\bin\Debug\netcoreapp3.1\xUnitTestProject.dll" adapterTypeName="executor://xunit/VsTestRunner2/netcoreapp" className="xUnitTestProject.CurrencyHelperTests" name="FormatToStringTest1000" />
    </UnitTest>
    <UnitTest name="xUnitTestProject.CurrencyHelperTests.FormatToStringTest1000(price: 24825.207513729205, expected: &quot;24825.21 zł&quot;)" storage="c:\projekty\xunittestproject\bin\debug\netcoreapp3.1\xunittestproject.dll" id="6a1a0675-fdd2-69ea-ed07-cd8b45ca5094">
      <Execution id="a0fac4cf-597f-4cf3-88f1-824ef67c1c6b" />
      <TestMethod codeBase="C:\Projekty\xUnitTestProject\bin\Debug\netcoreapp3.1\xUnitTestProject.dll" adapterTypeName="executor://xunit/VsTestRunner2/netcoreapp" className="xUnitTestProject.CurrencyHelperTests" name="FormatToStringTest1000" />
    </UnitTest>
    <UnitTest name="xUnitTestProject.CurrencyHelperTests.FormatToStringTest1000(price: 11796.576829059317, expected: &quot;11796.58 zł&quot;)" storage="c:\projekty\xunittestproject\bin\debug\netcoreapp3.1\xunittestproject.dll" id="17903115-6688-8f7d-0f17-6bed61c91258">
      <Execution id="4dff1d04-35b7-4446-bdb8-c44791d61d25" />
      <TestMethod codeBase="C:\Projekty\xUnitTestProject\bin\Debug\netcoreapp3.1\xUnitTestProject.dll" adapterTypeName="executor://xunit/VsTestRunner2/netcoreapp" className="xUnitTestProject.CurrencyHelperTests" name="FormatToStringTest1000" />
    </UnitTest>
    <UnitTest name="xUnitTestProject.CurrencyHelperTests.FormatToStringTest1000(price: 5317.9582678023535, expected: &quot;5317.96 zł&quot;)" storage="c:\projekty\xunittestproject\bin\debug\netcoreapp3.1\xunittestproject.dll" id="7f38c64c-30e5-6f29-b1b2-933630e715de">
      <Execution id="b4d90dc9-b96e-4e69-a098-893773563794" />
      <TestMethod codeBase="C:\Projekty\xUnitTestProject\bin\Debug\netcoreapp3.1\xUnitTestProject.dll" adapterTypeName="executor://xunit/VsTestRunner2/netcoreapp" className="xUnitTestProject.CurrencyHelperTests" name="FormatToStringTest1000" />
    </UnitTest>
    <UnitTest name="xUnitTestProject.CurrencyHelperTests.FormatToStringTest1000(price: 15591.4117417221, expected: &quot;15591.41 zł&quot;)" storage="c:\projekty\xunittestproject\bin\debug\netcoreapp3.1\xunittestproject.dll" id="a309af81-dde2-6e24-4ef5-234d753b7352">
      <Execution id="64bd4a3f-4ed9-447c-9de1-e9d0990bdb49" />
      <TestMethod codeBase="C:\Projekty\xUnitTestProject\bin\Debug\netcoreapp3.1\xUnitTestProject.dll" adapterTypeName="executor://xunit/VsTestRunner2/netcoreapp" className="xUnitTestProject.CurrencyHelperTests" name="FormatToStringTest1000" />
    </UnitTest>
    <UnitTest name="xUnitTestProject.CurrencyHelperTests.FormatToStringTest1000(price: 76106.57198894516, expected: &quot;76106.57 zł&quot;)" storage="c:\projekty\xunittestproject\bin\debug\netcoreapp3.1\xunittestproject.dll" id="ed2c7eae-4b8e-1a77-ee79-03d5fbd59f41">
      <Execution id="d013438b-ba48-4ae1-9b7a-5f05a1c00d44" />
      <TestMethod codeBase="C:\Projekty\xUnitTestProject\bin\Debug\netcoreapp3.1\xUnitTestProject.dll" adapterTypeName="executor://xunit/VsTestRunner2/netcoreapp" className="xUnitTestProject.CurrencyHelperTests" name="FormatToStringTest1000" />
    </UnitTest>
    <UnitTest name="xUnitTestProject.CurrencyHelperTests.FormatToStringTest1000(price: 7726.0074454499445, expected: &quot;7726.01 zł&quot;)" storage="c:\projekty\xunittestproject\bin\debug\netcoreapp3.1\xunittestproject.dll" id="b7a54b06-1426-b0d1-c148-d7f5ca4a408c">
      <Execution id="86c11cc9-9965-4b42-8e4a-3516a45b455d" />
      <TestMethod codeBase="C:\Projekty\xUnitTestProject\bin\Debug\netcoreapp3.1\xUnitTestProject.dll" adapterTypeName="executor://xunit/VsTestRunner2/netcoreapp" className="xUnitTestProject.CurrencyHelperTests" name="FormatToStringTest1000" />
    </UnitTest>
    <UnitTest name="xUnitTestProject.CurrencyHelperTests.FormatToStringTest1000(price: 7013.601812260971, expected: &quot;7013.60 zł&quot;)" storage="c:\projekty\xunittestproject\bin\debug\netcoreapp3.1\xunittestproject.dll" id="6f6f8b3a-15e7-3194-8c20-0c46fab5e263">
      <Execution id="17e5acd4-f789-48dc-a3d0-cf8c417c9c66" />
      <TestMethod codeBase="C:\Projekty\xUnitTestProject\bin\Debug\netcoreapp3.1\xUnitTestProject.dll" adapterTypeName="executor://xunit/VsTestRunner2/netcoreapp" className="xUnitTestProject.CurrencyHelperTests" name="FormatToStringTest1000" />
    </UnitTest>
    <UnitTest name="xUnitTestProject.CurrencyHelperTests.FormatToStringTest1000(price: 11944.74385168531, expected: &quot;11944.74 zł&quot;)" storage="c:\projekty\xunittestproject\bin\debug\netcoreapp3.1\xunittestproject.dll" id="dc54e0bb-502b-6570-9584-a9f765f8122d">
      <Execution id="cfc7109f-0874-4cea-bad3-e30478fd9e73" />
      <TestMethod codeBase="C:\Projekty\xUnitTestProject\bin\Debug\netcoreapp3.1\xUnitTestProject.dll" adapterTypeName="executor://xunit/VsTestRunner2/netcoreapp" className="xUnitTestProject.CurrencyHelperTests" name="FormatToStringTest1000" />
    </UnitTest>
    <UnitTest name="xUnitTestProject.CurrencyHelperTests.FormatToStringTest1000(price: 4823.904478896365, expected: &quot;4823.90 zł&quot;)" storage="c:\projekty\xunittestproject\bin\debug\netcoreapp3.1\xunittestproject.dll" id="caaa55d0-af40-7108-2d48-eb01bc500599">
      <Execution id="baadd12d-cb0f-4b31-8582-1997b42d0805" />
      <TestMethod codeBase="C:\Projekty\xUnitTestProject\bin\Debug\netcoreapp3.1\xUnitTestProject.dll" adapterTypeName="executor://xunit/VsTestRunner2/netcoreapp" className="xUnitTestProject.CurrencyHelperTests" name="FormatToStringTest1000" />
    </UnitTest>
    <UnitTest name="xUnitTestProject.CurrencyHelperTests.FormatToStringTest1000(price: 43858.624379632354, expected: &quot;43858.62 zł&quot;)" storage="c:\projekty\xunittestproject\bin\debug\netcoreapp3.1\xunittestproject.dll" id="68aeee53-b239-e7d6-6e18-da94fac3a451">
      <Execution id="92892090-fa26-4d7d-bae8-7afe7bfce7e3" />
      <TestMethod codeBase="C:\Projekty\xUnitTestProject\bin\Debug\netcoreapp3.1\xUnitTestProject.dll" adapterTypeName="executor://xunit/VsTestRunner2/netcoreapp" className="xUnitTestProject.CurrencyHelperTests" name="FormatToStringTest1000" />
    </UnitTest>
    <UnitTest name="xUnitTestProject.CurrencyHelperTests.FormatToStringTest1000(price: 19397.344749736294, expected: &quot;19397.34 zł&quot;)" storage="c:\projekty\xunittestproject\bin\debug\netcoreapp3.1\xunittestproject.dll" id="100cc4f6-ca16-2d93-296d-fb39d2a6b55f">
      <Execution id="9cf81196-9964-49b9-b79d-a8e02f04406d" />
      <TestMethod codeBase="C:\Projekty\xUnitTestProject\bin\Debug\netcoreapp3.1\xUnitTestProject.dll" adapterTypeName="executor://xunit/VsTestRunner2/netcoreapp" className="xUnitTestProject.CurrencyHelperTests" name="FormatToStringTest1000" />
    </UnitTest>
    <UnitTest name="xUnitTestProject.CurrencyHelperTests.FormatToStringTest1000(price: 2115.5076919884923, expected: &quot;2115.51 zł&quot;)" storage="c:\projekty\xunittestproject\bin\debug\netcoreapp3.1\xunittestproject.dll" id="466d7722-0345-718d-529e-85f31a949492">
      <Execution id="b0bdf6ae-982f-4fbb-8f74-3517750dcbea" />
      <TestMethod codeBase="C:\Projekty\xUnitTestProject\bin\Debug\netcoreapp3.1\xUnitTestProject.dll" adapterTypeName="executor://xunit/VsTestRunner2/netcoreapp" className="xUnitTestProject.CurrencyHelperTests" name="FormatToStringTest1000" />
    </UnitTest>
    <UnitTest name="xUnitTestProject.CurrencyHelperTests.FormatToStringTest1000(price: 38076.55319665165, expected: &quot;38076.55 zł&quot;)" storage="c:\projekty\xunittestproject\bin\debug\netcoreapp3.1\xunittestproject.dll" id="d87ccf8e-ab46-94a5-7597-e2ef80212732">
      <Execution id="422c4fb4-b8ea-480e-8037-a8911683c856" />
      <TestMethod codeBase="C:\Projekty\xUnitTestProject\bin\Debug\netcoreapp3.1\xUnitTestProject.dll" adapterTypeName="executor://xunit/VsTestRunner2/netcoreapp" className="xUnitTestProject.CurrencyHelperTests" name="FormatToStringTest1000" />
    </UnitTest>
    <UnitTest name="xUnitTestProject.CurrencyHelperTests.FormatToStringTest1000(price: 11584.045280779732, expected: &quot;11584.05 zł&quot;)" storage="c:\projekty\xunittestproject\bin\debug\netcoreapp3.1\xunittestproject.dll" id="984ccf4b-e758-da57-870c-fdaae5c09395">
      <Execution id="4d2da675-a2e7-49b5-998d-d74e4113d298" />
      <TestMethod codeBase="C:\Projekty\xUnitTestProject\bin\Debug\netcoreapp3.1\xUnitTestProject.dll" adapterTypeName="executor://xunit/VsTestRunner2/netcoreapp" className="xUnitTestProject.CurrencyHelperTests" name="FormatToStringTest1000" />
    </UnitTest>
    <UnitTest name="xUnitTestProject.CurrencyHelperTests.FormatToStringTest1000(price: 60701.5177499319, expected: &quot;60701.52 zł&quot;)" storage="c:\projekty\xunittestproject\bin\debug\netcoreapp3.1\xunittestproject.dll" id="80a4940d-875d-f4f0-bd6e-0d3aab9861cb">
      <Execution id="8320906b-0599-470a-846c-a8eb27b67f39" />
      <TestMethod codeBase="C:\Projekty\xUnitTestProject\bin\Debug\netcoreapp3.1\xUnitTestProject.dll" adapterTypeName="executor://xunit/VsTestRunner2/netcoreapp" className="xUnitTestProject.CurrencyHelperTests" name="FormatToStringTest1000" />
    </UnitTest>
    <UnitTest name="xUnitTestProject.CurrencyHelperTests.FormatToStringTest1000(price: 73504.44700518598, expected: &quot;73504.45 zł&quot;)" storage="c:\projekty\xunittestproject\bin\debug\netcoreapp3.1\xunittestproject.dll" id="eca8de8b-49e2-07c6-8662-27843e169d09">
      <Execution id="4a3ac66b-358d-44cf-9728-99ffe8eefb83" />
      <TestMethod codeBase="C:\Projekty\xUnitTestProject\bin\Debug\netcoreapp3.1\xUnitTestProject.dll" adapterTypeName="executor://xunit/VsTestRunner2/netcoreapp" className="xUnitTestProject.CurrencyHelperTests" name="FormatToStringTest1000" />
    </UnitTest>
    <UnitTest name="xUnitTestProject.CurrencyHelperTests.FormatToStringTest1000(price: 9196.579612724754, expected: &quot;9196.58 zł&quot;)" storage="c:\projekty\xunittestproject\bin\debug\netcoreapp3.1\xunittestproject.dll" id="75fb03cc-a2de-116e-3a3c-32d118eb526b">
      <Execution id="9c9ac808-80ed-496a-ae04-0574171f14a2" />
      <TestMethod codeBase="C:\Projekty\xUnitTestProject\bin\Debug\netcoreapp3.1\xUnitTestProject.dll" adapterTypeName="executor://xunit/VsTestRunner2/netcoreapp" className="xUnitTestProject.CurrencyHelperTests" name="FormatToStringTest1000" />
    </UnitTest>
    <UnitTest name="xUnitTestProject.CurrencyHelperTests.FormatToStringTest1000(price: 48684.26840475959, expected: &quot;48684.27 zł&quot;)" storage="c:\projekty\xunittestproject\bin\debug\netcoreapp3.1\xunittestproject.dll" id="2816ac64-5eac-8f30-91ba-bdceffb7dd71">
      <Execution id="f1855493-7771-4329-a287-d4391524643c" />
      <TestMethod codeBase="C:\Projekty\xUnitTestProject\bin\Debug\netcoreapp3.1\xUnitTestProject.dll" adapterTypeName="executor://xunit/VsTestRunner2/netcoreapp" className="xUnitTestProject.CurrencyHelperTests" name="FormatToStringTest1000" />
    </UnitTest>
    <UnitTest name="xUnitTestProject.CurrencyHelperTests.FormatToStringTest1000(price: 236.20263638589657, expected: &quot;236.20 zł&quot;)" storage="c:\projekty\xunittestproject\bin\debug\netcoreapp3.1\xunittestproject.dll" id="ba737e18-d009-4d7c-6e13-52f4c654ec83">
      <Execution id="8f15e23e-cbfa-4dfd-bc37-9f78f3c9758e" />
      <TestMethod codeBase="C:\Projekty\xUnitTestProject\bin\Debug\netcoreapp3.1\xUnitTestProject.dll" adapterTypeName="executor://xunit/VsTestRunner2/netcoreapp" className="xUnitTestProject.CurrencyHelperTests" name="FormatToStringTest1000" />
    </UnitTest>
    <UnitTest name="xUnitTestProject.CurrencyHelperTests.FormatToStringTest1000(price: 1011.9989482094529, expected: &quot;1012.00 zł&quot;)" storage="c:\projekty\xunittestproject\bin\debug\netcoreapp3.1\xunittestproject.dll" id="558fcad2-7807-3075-bb81-ec539c4697ba">
      <Execution id="7331c9a9-1e7e-4fc3-b773-982aac445312" />
      <TestMethod codeBase="C:\Projekty\xUnitTestProject\bin\Debug\netcoreapp3.1\xUnitTestProject.dll" adapterTypeName="executor://xunit/VsTestRunner2/netcoreapp" className="xUnitTestProject.CurrencyHelperTests" name="FormatToStringTest1000" />
    </UnitTest>
    <UnitTest name="xUnitTestProject.CurrencyHelperTests.FormatToStringTest1000(price: 64210.358316209335, expected: &quot;64210.36 zł&quot;)" storage="c:\projekty\xunittestproject\bin\debug\netcoreapp3.1\xunittestproject.dll" id="a5736665-a659-170c-f088-df8850eec8a7">
      <Execution id="fde1bc7a-8f56-4cfd-b73b-51d95ed6b208" />
      <TestMethod codeBase="C:\Projekty\xUnitTestProject\bin\Debug\netcoreapp3.1\xUnitTestProject.dll" adapterTypeName="executor://xunit/VsTestRunner2/netcoreapp" className="xUnitTestProject.CurrencyHelperTests" name="FormatToStringTest1000" />
    </UnitTest>
    <UnitTest name="xUnitTestProject.CurrencyHelperTests.FormatToStringTest1000(price: 17953.338243749615, expected: &quot;17953.34 zł&quot;)" storage="c:\projekty\xunittestproject\bin\debug\netcoreapp3.1\xunittestproject.dll" id="9feffc56-b6c3-64a3-e834-86f62ce8266d">
      <Execution id="0c0ad681-d74a-47f7-b67e-72f784c7c77d" />
      <TestMethod codeBase="C:\Projekty\xUnitTestProject\bin\Debug\netcoreapp3.1\xUnitTestProject.dll" adapterTypeName="executor://xunit/VsTestRunner2/netcoreapp" className="xUnitTestProject.CurrencyHelperTests" name="FormatToStringTest1000" />
    </UnitTest>
    <UnitTest name="xUnitTestProject.CurrencyHelperTests.FormatToStringTest1000(price: 77904.0088552246, expected: &quot;77904.01 zł&quot;)" storage="c:\projekty\xunittestproject\bin\debug\netcoreapp3.1\xunittestproject.dll" id="e18b4dbd-2ff6-3acf-dfb2-f12cbfa820d0">
      <Execution id="7e46732d-d886-43f8-8f67-a5698a6e0e53" />
      <TestMethod codeBase="C:\Projekty\xUnitTestProject\bin\Debug\netcoreapp3.1\xUnitTestProject.dll" adapterTypeName="executor://xunit/VsTestRunner2/netcoreapp" className="xUnitTestProject.CurrencyHelperTests" name="FormatToStringTest1000" />
    </UnitTest>
    <UnitTest name="xUnitTestProject.CurrencyHelperTests.FormatToStringTest1000(price: 3506.8456124108498, expected: &quot;3506.85 zł&quot;)" storage="c:\projekty\xunittestproject\bin\debug\netcoreapp3.1\xunittestproject.dll" id="1fce28e8-5dee-1344-5678-0f5715c803f3">
      <Execution id="082fb17b-9562-4c67-8fdf-40cdfbfde0dd" />
      <TestMethod codeBase="C:\Projekty\xUnitTestProject\bin\Debug\netcoreapp3.1\xUnitTestProject.dll" adapterTypeName="executor://xunit/VsTestRunner2/netcoreapp" className="xUnitTestProject.CurrencyHelperTests" name="FormatToStringTest1000" />
    </UnitTest>
    <UnitTest name="xUnitTestProject.CurrencyHelperTests.FormatToStringTest1000(price: 40545.70748620001, expected: &quot;40545.71 zł&quot;)" storage="c:\projekty\xunittestproject\bin\debug\netcoreapp3.1\xunittestproject.dll" id="61bdea90-2716-ebd5-11fe-1f07a5d80915">
      <Execution id="c0806e6f-3dac-4db1-9319-8d996f9af577" />
      <TestMethod codeBase="C:\Projekty\xUnitTestProject\bin\Debug\netcoreapp3.1\xUnitTestProject.dll" adapterTypeName="executor://xunit/VsTestRunner2/netcoreapp" className="xUnitTestProject.CurrencyHelperTests" name="FormatToStringTest1000" />
    </UnitTest>
    <UnitTest name="xUnitTestProject.CurrencyHelperTests.FormatToStringTest1000(price: 15822.278766386342, expected: &quot;15822.28 zł&quot;)" storage="c:\projekty\xunittestproject\bin\debug\netcoreapp3.1\xunittestproject.dll" id="dbbec110-d393-0535-7065-c16e31474059">
      <Execution id="48ae5f37-4c89-48b8-8c93-884d8d079a7d" />
      <TestMethod codeBase="C:\Projekty\xUnitTestProject\bin\Debug\netcoreapp3.1\xUnitTestProject.dll" adapterTypeName="executor://xunit/VsTestRunner2/netcoreapp" className="xUnitTestProject.CurrencyHelperTests" name="FormatToStringTest1000" />
    </UnitTest>
    <UnitTest name="xUnitTestProject.CurrencyHelperTests.FormatToStringTest1000(price: 73301.91270130403, expected: &quot;73301.91 zł&quot;)" storage="c:\projekty\xunittestproject\bin\debug\netcoreapp3.1\xunittestproject.dll" id="41c4ce1a-ef09-24d7-c3f0-f5bd5a81a0d8">
      <Execution id="0d9166af-dbac-4974-9c56-106a35d94848" />
      <TestMethod codeBase="C:\Projekty\xUnitTestProject\bin\Debug\netcoreapp3.1\xUnitTestProject.dll" adapterTypeName="executor://xunit/VsTestRunner2/netcoreapp" className="xUnitTestProject.CurrencyHelperTests" name="FormatToStringTest1000" />
    </UnitTest>
    <UnitTest name="xUnitTestProject.CurrencyHelperTests.FormatToStringTest1000(price: 85407.13428016152, expected: &quot;85407.13 zł&quot;)" storage="c:\projekty\xunittestproject\bin\debug\netcoreapp3.1\xunittestproject.dll" id="6ca05e92-6a05-ce15-f59b-9b9ed10b85dd">
      <Execution id="4923dda5-83d4-402f-9abd-bf46a80e735c" />
      <TestMethod codeBase="C:\Projekty\xUnitTestProject\bin\Debug\netcoreapp3.1\xUnitTestProject.dll" adapterTypeName="executor://xunit/VsTestRunner2/netcoreapp" className="xUnitTestProject.CurrencyHelperTests" name="FormatToStringTest1000" />
    </UnitTest>
    <UnitTest name="xUnitTestProject.CurrencyHelperTests.FormatToStringTest1000(price: 36047.83545033672, expected: &quot;36047.84 zł&quot;)" storage="c:\projekty\xunittestproject\bin\debug\netcoreapp3.1\xunittestproject.dll" id="bea51f53-59a0-d933-da38-7b5730c49072">
      <Execution id="df2f8f95-42d6-4dc7-a3f3-00549a84abbb" />
      <TestMethod codeBase="C:\Projekty\xUnitTestProject\bin\Debug\netcoreapp3.1\xUnitTestProject.dll" adapterTypeName="executor://xunit/VsTestRunner2/netcoreapp" className="xUnitTestProject.CurrencyHelperTests" name="FormatToStringTest1000" />
    </UnitTest>
    <UnitTest name="xUnitTestProject.CurrencyHelperTests.FormatToStringTest1000(price: 27050.586848031067, expected: &quot;27050.59 zł&quot;)" storage="c:\projekty\xunittestproject\bin\debug\netcoreapp3.1\xunittestproject.dll" id="4d4e339b-9d29-e85f-f9ef-3112de40381f">
      <Execution id="eb8aedd5-8020-4591-962e-af035fc7b966" />
      <TestMethod codeBase="C:\Projekty\xUnitTestProject\bin\Debug\netcoreapp3.1\xUnitTestProject.dll" adapterTypeName="executor://xunit/VsTestRunner2/netcoreapp" className="xUnitTestProject.CurrencyHelperTests" name="FormatToStringTest1000" />
    </UnitTest>
    <UnitTest name="xUnitTestProject.CurrencyHelperTests.FormatToStringTest1000(price: 9750.134289915735, expected: &quot;9750.13 zł&quot;)" storage="c:\projekty\xunittestproject\bin\debug\netcoreapp3.1\xunittestproject.dll" id="01a9775b-5693-bd58-011d-1e4a65370397">
      <Execution id="a7a530c8-4dbf-4457-b1d4-1930ec59d5b7" />
      <TestMethod codeBase="C:\Projekty\xUnitTestProject\bin\Debug\netcoreapp3.1\xUnitTestProject.dll" adapterTypeName="executor://xunit/VsTestRunner2/netcoreapp" className="xUnitTestProject.CurrencyHelperTests" name="FormatToStringTest1000" />
    </UnitTest>
    <UnitTest name="xUnitTestProject.CurrencyHelperTests.FormatToStringTest1000(price: 13503.943645929892, expected: &quot;13503.94 zł&quot;)" storage="c:\projekty\xunittestproject\bin\debug\netcoreapp3.1\xunittestproject.dll" id="5a63d239-8af4-ff24-ef04-165e809fc0f0">
      <Execution id="6d5430c9-2380-441c-8803-51afe8d359e2" />
      <TestMethod codeBase="C:\Projekty\xUnitTestProject\bin\Debug\netcoreapp3.1\xUnitTestProject.dll" adapterTypeName="executor://xunit/VsTestRunner2/netcoreapp" className="xUnitTestProject.CurrencyHelperTests" name="FormatToStringTest1000" />
    </UnitTest>
    <UnitTest name="xUnitTestProject.CurrencyHelperTests.FormatToStringTest1000(price: 27629.79121039193, expected: &quot;27629.79 zł&quot;)" storage="c:\projekty\xunittestproject\bin\debug\netcoreapp3.1\xunittestproject.dll" id="fe096e9a-696b-0373-a92c-3a2e57b850e7">
      <Execution id="2d65bfa6-c209-4e1d-9a9a-8b7d4510d515" />
      <TestMethod codeBase="C:\Projekty\xUnitTestProject\bin\Debug\netcoreapp3.1\xUnitTestProject.dll" adapterTypeName="executor://xunit/VsTestRunner2/netcoreapp" className="xUnitTestProject.CurrencyHelperTests" name="FormatToStringTest1000" />
    </UnitTest>
    <UnitTest name="xUnitTestProject.CurrencyHelperTests.FormatToStringTest1000(price: 79339.95632144621, expected: &quot;79339.96 zł&quot;)" storage="c:\projekty\xunittestproject\bin\debug\netcoreapp3.1\xunittestproject.dll" id="abb4aad3-77db-7359-08fe-5197066f13be">
      <Execution id="950daa9c-a21b-40a5-846a-c9af928d8ca9" />
      <TestMethod codeBase="C:\Projekty\xUnitTestProject\bin\Debug\netcoreapp3.1\xUnitTestProject.dll" adapterTypeName="executor://xunit/VsTestRunner2/netcoreapp" className="xUnitTestProject.CurrencyHelperTests" name="FormatToStringTest1000" />
    </UnitTest>
    <UnitTest name="xUnitTestProject.CurrencyHelperTests.FormatToStringTest1000(price: 35967.54466809684, expected: &quot;35967.54 zł&quot;)" storage="c:\projekty\xunittestproject\bin\debug\netcoreapp3.1\xunittestproject.dll" id="ff400e5b-d8ea-836f-c081-66cfe2473c87">
      <Execution id="c6cf24f9-b536-4f61-b432-5c8a841dad45" />
      <TestMethod codeBase="C:\Projekty\xUnitTestProject\bin\Debug\netcoreapp3.1\xUnitTestProject.dll" adapterTypeName="executor://xunit/VsTestRunner2/netcoreapp" className="xUnitTestProject.CurrencyHelperTests" name="FormatToStringTest1000" />
    </UnitTest>
    <UnitTest name="xUnitTestProject.CurrencyHelperTests.FormatToStringTest1000(price: 4857.211933034105, expected: &quot;4857.21 zł&quot;)" storage="c:\projekty\xunittestproject\bin\debug\netcoreapp3.1\xunittestproject.dll" id="f7a3c37c-dec7-4f70-5b8f-168bb8621231">
      <Execution id="c96641e9-b1ab-4385-8237-efa153de6102" />
      <TestMethod codeBase="C:\Projekty\xUnitTestProject\bin\Debug\netcoreapp3.1\xUnitTestProject.dll" adapterTypeName="executor://xunit/VsTestRunner2/netcoreapp" className="xUnitTestProject.CurrencyHelperTests" name="FormatToStringTest1000" />
    </UnitTest>
    <UnitTest name="xUnitTestProject.CurrencyHelperTests.FormatToStringTest1000(price: 1562.3173604776698, expected: &quot;1562.32 zł&quot;)" storage="c:\projekty\xunittestproject\bin\debug\netcoreapp3.1\xunittestproject.dll" id="f7288d33-e820-d388-23d4-39d2a5548f52">
      <Execution id="3e897723-5cf8-47ae-a39b-4cd83203a3aa" />
      <TestMethod codeBase="C:\Projekty\xUnitTestProject\bin\Debug\netcoreapp3.1\xUnitTestProject.dll" adapterTypeName="executor://xunit/VsTestRunner2/netcoreapp" className="xUnitTestProject.CurrencyHelperTests" name="FormatToStringTest1000" />
    </UnitTest>
    <UnitTest name="xUnitTestProject.CurrencyHelperTests.FormatToStringTest1000(price: 13745.115971449817, expected: &quot;13745.12 zł&quot;)" storage="c:\projekty\xunittestproject\bin\debug\netcoreapp3.1\xunittestproject.dll" id="fa17089e-753f-5fa3-f3ed-36d704a8d2ac">
      <Execution id="27ee452b-6869-4c31-841f-7477c8c33f49" />
      <TestMethod codeBase="C:\Projekty\xUnitTestProject\bin\Debug\netcoreapp3.1\xUnitTestProject.dll" adapterTypeName="executor://xunit/VsTestRunner2/netcoreapp" className="xUnitTestProject.CurrencyHelperTests" name="FormatToStringTest1000" />
    </UnitTest>
    <UnitTest name="xUnitTestProject.CurrencyHelperTests.FormatToStringTest1000(price: 1614.2516601789982, expected: &quot;1614.25 zł&quot;)" storage="c:\projekty\xunittestproject\bin\debug\netcoreapp3.1\xunittestproject.dll" id="72858ddf-be22-dd7b-74db-ce66ecacd1dd">
      <Execution id="415995ee-ff55-4118-9c71-2db3454804dc" />
      <TestMethod codeBase="C:\Projekty\xUnitTestProject\bin\Debug\netcoreapp3.1\xUnitTestProject.dll" adapterTypeName="executor://xunit/VsTestRunner2/netcoreapp" className="xUnitTestProject.CurrencyHelperTests" name="FormatToStringTest1000" />
    </UnitTest>
    <UnitTest name="xUnitTestProject.CurrencyHelperTests.FormatToStringTest1000(price: 8542.520616738833, expected: &quot;8542.52 zł&quot;)" storage="c:\projekty\xunittestproject\bin\debug\netcoreapp3.1\xunittestproject.dll" id="3ca4075a-a7fb-92a5-3a91-aefa25efbece">
      <Execution id="fd0b3c95-1e0a-410e-821d-7cc787b79f3a" />
      <TestMethod codeBase="C:\Projekty\xUnitTestProject\bin\Debug\netcoreapp3.1\xUnitTestProject.dll" adapterTypeName="executor://xunit/VsTestRunner2/netcoreapp" className="xUnitTestProject.CurrencyHelperTests" name="FormatToStringTest1000" />
    </UnitTest>
    <UnitTest name="xUnitTestProject.CurrencyHelperTests.FormatToStringTest1000(price: 3649.9254912836127, expected: &quot;3649.93 zł&quot;)" storage="c:\projekty\xunittestproject\bin\debug\netcoreapp3.1\xunittestproject.dll" id="6079b9dd-99aa-436d-ae95-d982e753c815">
      <Execution id="95f1916b-7868-4f3f-bba5-1df4ad3c3120" />
      <TestMethod codeBase="C:\Projekty\xUnitTestProject\bin\Debug\netcoreapp3.1\xUnitTestProject.dll" adapterTypeName="executor://xunit/VsTestRunner2/netcoreapp" className="xUnitTestProject.CurrencyHelperTests" name="FormatToStringTest1000" />
    </UnitTest>
    <UnitTest name="xUnitTestProject.CurrencyHelperTests.FormatToStringTest1000(price: 2963.24443391815, expected: &quot;2963.24 zł&quot;)" storage="c:\projekty\xunittestproject\bin\debug\netcoreapp3.1\xunittestproject.dll" id="78d10de8-2dc4-0b77-ab9e-9a161423da54">
      <Execution id="8bf8a081-fb33-4ce3-a4f0-c1d19add76fb" />
      <TestMethod codeBase="C:\Projekty\xUnitTestProject\bin\Debug\netcoreapp3.1\xUnitTestProject.dll" adapterTypeName="executor://xunit/VsTestRunner2/netcoreapp" className="xUnitTestProject.CurrencyHelperTests" name="FormatToStringTest1000" />
    </UnitTest>
    <UnitTest name="xUnitTestProject.CurrencyHelperTests.FormatToStringTest1000(price: 21753.84773194969, expected: &quot;21753.85 zł&quot;)" storage="c:\projekty\xunittestproject\bin\debug\netcoreapp3.1\xunittestproject.dll" id="f51f29d9-e43f-bc49-2068-6f7ccdbadb29">
      <Execution id="3a2c6026-1b40-4d30-86ed-f40bc7aeac8f" />
      <TestMethod codeBase="C:\Projekty\xUnitTestProject\bin\Debug\netcoreapp3.1\xUnitTestProject.dll" adapterTypeName="executor://xunit/VsTestRunner2/netcoreapp" className="xUnitTestProject.CurrencyHelperTests" name="FormatToStringTest1000" />
    </UnitTest>
    <UnitTest name="xUnitTestProject.CurrencyHelperTests.FormatToStringTest1000(price: 28972.23604401212, expected: &quot;28972.24 zł&quot;)" storage="c:\projekty\xunittestproject\bin\debug\netcoreapp3.1\xunittestproject.dll" id="da9e50fc-db80-afa7-5f4f-4cb6b2da8231">
      <Execution id="a3409192-a413-44a5-ad41-cc810de8b073" />
      <TestMethod codeBase="C:\Projekty\xUnitTestProject\bin\Debug\netcoreapp3.1\xUnitTestProject.dll" adapterTypeName="executor://xunit/VsTestRunner2/netcoreapp" className="xUnitTestProject.CurrencyHelperTests" name="FormatToStringTest1000" />
    </UnitTest>
    <UnitTest name="xUnitTestProject.CurrencyHelperTests.FormatToStringTest1000(price: 16129.507288814293, expected: &quot;16129.51 zł&quot;)" storage="c:\projekty\xunittestproject\bin\debug\netcoreapp3.1\xunittestproject.dll" id="28d201d7-5353-764b-c109-520fc030be51">
      <Execution id="42c05445-20fc-405b-8d7f-55bc3cdb1050" />
      <TestMethod codeBase="C:\Projekty\xUnitTestProject\bin\Debug\netcoreapp3.1\xUnitTestProject.dll" adapterTypeName="executor://xunit/VsTestRunner2/netcoreapp" className="xUnitTestProject.CurrencyHelperTests" name="FormatToStringTest1000" />
    </UnitTest>
    <UnitTest name="xUnitTestProject.CurrencyHelperTests.FormatToStringTest1000(price: 33601.357302459124, expected: &quot;33601.36 zł&quot;)" storage="c:\projekty\xunittestproject\bin\debug\netcoreapp3.1\xunittestproject.dll" id="156f5ebd-8a60-46f3-8ac8-18455127849a">
      <Execution id="5d999b11-4f49-48f9-82ae-5893ae42d883" />
      <TestMethod codeBase="C:\Projekty\xUnitTestProject\bin\Debug\netcoreapp3.1\xUnitTestProject.dll" adapterTypeName="executor://xunit/VsTestRunner2/netcoreapp" className="xUnitTestProject.CurrencyHelperTests" name="FormatToStringTest1000" />
    </UnitTest>
    <UnitTest name="xUnitTestProject.CurrencyHelperTests.FormatToStringTest1000(price: 66053.95451852398, expected: &quot;66053.95 zł&quot;)" storage="c:\projekty\xunittestproject\bin\debug\netcoreapp3.1\xunittestproject.dll" id="9087d096-82b4-2271-94ec-73730ed51c23">
      <Execution id="9d856699-0973-426a-99b6-6c81230edb05" />
      <TestMethod codeBase="C:\Projekty\xUnitTestProject\bin\Debug\netcoreapp3.1\xUnitTestProject.dll" adapterTypeName="executor://xunit/VsTestRunner2/netcoreapp" className="xUnitTestProject.CurrencyHelperTests" name="FormatToStringTest1000" />
    </UnitTest>
    <UnitTest name="xUnitTestProject.CurrencyHelperTests.FormatToStringTest1000(price: 52020.805412759444, expected: &quot;52020.81 zł&quot;)" storage="c:\projekty\xunittestproject\bin\debug\netcoreapp3.1\xunittestproject.dll" id="0c859aba-4f30-51d2-a318-7300b0569a9b">
      <Execution id="2d973396-af79-48f5-bef7-bb28e01f0c7e" />
      <TestMethod codeBase="C:\Projekty\xUnitTestProject\bin\Debug\netcoreapp3.1\xUnitTestProject.dll" adapterTypeName="executor://xunit/VsTestRunner2/netcoreapp" className="xUnitTestProject.CurrencyHelperTests" name="FormatToStringTest1000" />
    </UnitTest>
    <UnitTest name="xUnitTestProject.CurrencyHelperTests.FormatToStringTest1000(price: 58111.21259843521, expected: &quot;58111.21 zł&quot;)" storage="c:\projekty\xunittestproject\bin\debug\netcoreapp3.1\xunittestproject.dll" id="0c407008-912c-f5cf-415d-950e444e81e2">
      <Execution id="520dd007-ca71-46d3-90cd-794dfb352276" />
      <TestMethod codeBase="C:\Projekty\xUnitTestProject\bin\Debug\netcoreapp3.1\xUnitTestProject.dll" adapterTypeName="executor://xunit/VsTestRunner2/netcoreapp" className="xUnitTestProject.CurrencyHelperTests" name="FormatToStringTest1000" />
    </UnitTest>
    <UnitTest name="xUnitTestProject.CurrencyHelperTests.FormatToStringTest1000(price: 14910.573044539697, expected: &quot;14910.57 zł&quot;)" storage="c:\projekty\xunittestproject\bin\debug\netcoreapp3.1\xunittestproject.dll" id="4b9288d3-23bb-6d5e-ced0-2389f5e0b638">
      <Execution id="9b61f2ff-1914-4ba2-a9c6-346e8b72552f" />
      <TestMethod codeBase="C:\Projekty\xUnitTestProject\bin\Debug\netcoreapp3.1\xUnitTestProject.dll" adapterTypeName="executor://xunit/VsTestRunner2/netcoreapp" className="xUnitTestProject.CurrencyHelperTests" name="FormatToStringTest1000" />
    </UnitTest>
    <UnitTest name="xUnitTestProject.CurrencyHelperTests.FormatToStringTest1000(price: 3270.286035661719, expected: &quot;3270.29 zł&quot;)" storage="c:\projekty\xunittestproject\bin\debug\netcoreapp3.1\xunittestproject.dll" id="cae25fb7-b977-eb51-0588-bf026d38b145">
      <Execution id="fea31e56-903c-4e89-a525-635c69cdba2f" />
      <TestMethod codeBase="C:\Projekty\xUnitTestProject\bin\Debug\netcoreapp3.1\xUnitTestProject.dll" adapterTypeName="executor://xunit/VsTestRunner2/netcoreapp" className="xUnitTestProject.CurrencyHelperTests" name="FormatToStringTest1000" />
    </UnitTest>
    <UnitTest name="xUnitTestProject.CurrencyHelperTests.FormatToStringTest1000(price: 5749.124990274722, expected: &quot;5749.12 zł&quot;)" storage="c:\projekty\xunittestproject\bin\debug\netcoreapp3.1\xunittestproject.dll" id="c28dd236-1525-1514-778a-3b6a96d19df1">
      <Execution id="84436c7b-f90e-43bf-8dd4-29ebc57d979c" />
      <TestMethod codeBase="C:\Projekty\xUnitTestProject\bin\Debug\netcoreapp3.1\xUnitTestProject.dll" adapterTypeName="executor://xunit/VsTestRunner2/netcoreapp" className="xUnitTestProject.CurrencyHelperTests" name="FormatToStringTest1000" />
    </UnitTest>
    <UnitTest name="xUnitTestProject.CurrencyHelperTests.FormatToStringTest1000(price: 13027.93935961739, expected: &quot;13027.94 zł&quot;)" storage="c:\projekty\xunittestproject\bin\debug\netcoreapp3.1\xunittestproject.dll" id="2253269e-957f-9bba-378c-fb3e844bd0a1">
      <Execution id="a7008262-e818-4be7-8fc7-6423e8d6600e" />
      <TestMethod codeBase="C:\Projekty\xUnitTestProject\bin\Debug\netcoreapp3.1\xUnitTestProject.dll" adapterTypeName="executor://xunit/VsTestRunner2/netcoreapp" className="xUnitTestProject.CurrencyHelperTests" name="FormatToStringTest1000" />
    </UnitTest>
    <UnitTest name="xUnitTestProject.CurrencyHelperTests.FormatToStringTest1000(price: 47163.337736466594, expected: &quot;47163.34 zł&quot;)" storage="c:\projekty\xunittestproject\bin\debug\netcoreapp3.1\xunittestproject.dll" id="179615f5-c9e6-0457-24a4-7182fdaf1108">
      <Execution id="dbe77b4e-28e0-42f8-bdd6-3e5eb05d26fd" />
      <TestMethod codeBase="C:\Projekty\xUnitTestProject\bin\Debug\netcoreapp3.1\xUnitTestProject.dll" adapterTypeName="executor://xunit/VsTestRunner2/netcoreapp" className="xUnitTestProject.CurrencyHelperTests" name="FormatToStringTest1000" />
    </UnitTest>
    <UnitTest name="xUnitTestProject.CurrencyHelperTests.FormatToStringTest1000(price: 31347.468987404587, expected: &quot;31347.47 zł&quot;)" storage="c:\projekty\xunittestproject\bin\debug\netcoreapp3.1\xunittestproject.dll" id="183dfbce-4b57-7750-e87b-9eb6c830ba31">
      <Execution id="191ff089-e43b-4253-811d-952d7ed92e71" />
      <TestMethod codeBase="C:\Projekty\xUnitTestProject\bin\Debug\netcoreapp3.1\xUnitTestProject.dll" adapterTypeName="executor://xunit/VsTestRunner2/netcoreapp" className="xUnitTestProject.CurrencyHelperTests" name="FormatToStringTest1000" />
    </UnitTest>
    <UnitTest name="xUnitTestProject.CurrencyHelperTests.FormatToStringTest1000(price: 4252.4012513842445, expected: &quot;4252.40 zł&quot;)" storage="c:\projekty\xunittestproject\bin\debug\netcoreapp3.1\xunittestproject.dll" id="9e381b2f-7758-75e7-1187-5359a7cc2fcf">
      <Execution id="f041e457-5617-497c-a22f-b524e9909758" />
      <TestMethod codeBase="C:\Projekty\xUnitTestProject\bin\Debug\netcoreapp3.1\xUnitTestProject.dll" adapterTypeName="executor://xunit/VsTestRunner2/netcoreapp" className="xUnitTestProject.CurrencyHelperTests" name="FormatToStringTest1000" />
    </UnitTest>
    <UnitTest name="xUnitTestProject.CurrencyHelperTests.FormatToStringTest1000(price: 47431.868885526375, expected: &quot;47431.87 zł&quot;)" storage="c:\projekty\xunittestproject\bin\debug\netcoreapp3.1\xunittestproject.dll" id="783752e7-0a8e-7713-0dfb-eb72f3fc27d6">
      <Execution id="dae165b0-4187-4bca-a2f9-56c40c60acad" />
      <TestMethod codeBase="C:\Projekty\xUnitTestProject\bin\Debug\netcoreapp3.1\xUnitTestProject.dll" adapterTypeName="executor://xunit/VsTestRunner2/netcoreapp" className="xUnitTestProject.CurrencyHelperTests" name="FormatToStringTest1000" />
    </UnitTest>
    <UnitTest name="xUnitTestProject.CurrencyHelperTests.FormatToStringTest1000(price: 10775.728533390784, expected: &quot;10775.73 zł&quot;)" storage="c:\projekty\xunittestproject\bin\debug\netcoreapp3.1\xunittestproject.dll" id="0a7a5bc8-9d15-4c47-d83e-93a1a167a703">
      <Execution id="78a8cd9e-2b83-4108-8159-edcf300074be" />
      <TestMethod codeBase="C:\Projekty\xUnitTestProject\bin\Debug\netcoreapp3.1\xUnitTestProject.dll" adapterTypeName="executor://xunit/VsTestRunner2/netcoreapp" className="xUnitTestProject.CurrencyHelperTests" name="FormatToStringTest1000" />
    </UnitTest>
    <UnitTest name="xUnitTestProject.CurrencyHelperTests.FormatToStringTest1000(price: 24695.917440203913, expected: &quot;24695.92 zł&quot;)" storage="c:\projekty\xunittestproject\bin\debug\netcoreapp3.1\xunittestproject.dll" id="ab2272df-129a-10d0-4d80-4c6fcfe702e8">
      <Execution id="5c363a57-5a4e-4cf4-a304-805235db95df" />
      <TestMethod codeBase="C:\Projekty\xUnitTestProject\bin\Debug\netcoreapp3.1\xUnitTestProject.dll" adapterTypeName="executor://xunit/VsTestRunner2/netcoreapp" className="xUnitTestProject.CurrencyHelperTests" name="FormatToStringTest1000" />
    </UnitTest>
    <UnitTest name="xUnitTestProject.CurrencyHelperTests.FormatToStringTest1000(price: 6710.131197082871, expected: &quot;6710.13 zł&quot;)" storage="c:\projekty\xunittestproject\bin\debug\netcoreapp3.1\xunittestproject.dll" id="6a7d9b76-8e51-2dd0-7599-1dd99ccb1f30">
      <Execution id="0521286a-0286-47fe-9901-a98e3a33d8ac" />
      <TestMethod codeBase="C:\Projekty\xUnitTestProject\bin\Debug\netcoreapp3.1\xUnitTestProject.dll" adapterTypeName="executor://xunit/VsTestRunner2/netcoreapp" className="xUnitTestProject.CurrencyHelperTests" name="FormatToStringTest1000" />
    </UnitTest>
    <UnitTest name="xUnitTestProject.CurrencyHelperTests.FormatToStringTest1000(price: 2505.286326204094, expected: &quot;2505.29 zł&quot;)" storage="c:\projekty\xunittestproject\bin\debug\netcoreapp3.1\xunittestproject.dll" id="1fe96cd6-e80d-4fd9-dedb-226c16d9375d">
      <Execution id="4e99d78f-bd67-4c7d-a823-b14e74ca9649" />
      <TestMethod codeBase="C:\Projekty\xUnitTestProject\bin\Debug\netcoreapp3.1\xUnitTestProject.dll" adapterTypeName="executor://xunit/VsTestRunner2/netcoreapp" className="xUnitTestProject.CurrencyHelperTests" name="FormatToStringTest1000" />
    </UnitTest>
    <UnitTest name="xUnitTestProject.CurrencyHelperTests.FormatToStringTest1000(price: 3092.9215945624383, expected: &quot;3092.92 zł&quot;)" storage="c:\projekty\xunittestproject\bin\debug\netcoreapp3.1\xunittestproject.dll" id="da125bcd-1715-deae-cc3d-6c75d593b271">
      <Execution id="aef6dffd-ff2b-4f5d-a997-995b438e3734" />
      <TestMethod codeBase="C:\Projekty\xUnitTestProject\bin\Debug\netcoreapp3.1\xUnitTestProject.dll" adapterTypeName="executor://xunit/VsTestRunner2/netcoreapp" className="xUnitTestProject.CurrencyHelperTests" name="FormatToStringTest1000" />
    </UnitTest>
    <UnitTest name="xUnitTestProject.CurrencyHelperTests.FormatToStringTest1000(price: 40913.016669489916, expected: &quot;40913.02 zł&quot;)" storage="c:\projekty\xunittestproject\bin\debug\netcoreapp3.1\xunittestproject.dll" id="d14fe452-c75b-8f8a-1e11-a88113e31ccc">
      <Execution id="61f56f48-9edd-495c-bb7b-c9727cb0ec2e" />
      <TestMethod codeBase="C:\Projekty\xUnitTestProject\bin\Debug\netcoreapp3.1\xUnitTestProject.dll" adapterTypeName="executor://xunit/VsTestRunner2/netcoreapp" className="xUnitTestProject.CurrencyHelperTests" name="FormatToStringTest1000" />
    </UnitTest>
    <UnitTest name="xUnitTestProject.CurrencyHelperTests.FormatToStringTest1000(price: 1676.7913981754293, expected: &quot;1676.79 zł&quot;)" storage="c:\projekty\xunittestproject\bin\debug\netcoreapp3.1\xunittestproject.dll" id="8e40a9d7-b14a-a165-b4bc-258c3936dfbd">
      <Execution id="da9079d9-4d2f-4201-9fe5-5073b207e2b5" />
      <TestMethod codeBase="C:\Projekty\xUnitTestProject\bin\Debug\netcoreapp3.1\xUnitTestProject.dll" adapterTypeName="executor://xunit/VsTestRunner2/netcoreapp" className="xUnitTestProject.CurrencyHelperTests" name="FormatToStringTest1000" />
    </UnitTest>
  </TestDefinitions>
  <TestEntries>
    <TestEntry testId="78d10de8-2dc4-0b77-ab9e-9a161423da54" executionId="8bf8a081-fb33-4ce3-a4f0-c1d19add76fb" testListId="8c84fa94-04c1-424b-9868-57a2d4851a1d" />
    <TestEntry testId="c5439243-290e-2a67-aa6b-588710f39fb3" executionId="b56adfb4-6a1f-419e-93c0-19229624c394" testListId="8c84fa94-04c1-424b-9868-57a2d4851a1d" />
    <TestEntry testId="3e5b1b26-ce6a-72cd-5d99-1c229fd90703" executionId="7395fdfb-444e-40a4-a801-afee04768b28" testListId="8c84fa94-04c1-424b-9868-57a2d4851a1d" />
    <TestEntry testId="e641957d-86a3-9c73-8dcf-f9374b4233e0" executionId="38b1e353-dad1-4a38-a119-e99b7eae5e27" testListId="8c84fa94-04c1-424b-9868-57a2d4851a1d" />
    <TestEntry testId="1dbbe335-bc13-7d9d-496f-d39e25173610" executionId="8b28f776-3b0a-4faf-b2b6-1cb374bce1d0" testListId="8c84fa94-04c1-424b-9868-57a2d4851a1d" />
    <TestEntry testId="6c2df068-e073-781f-ed58-d73445937e1f" executionId="2d804af2-2d1b-4f5f-a3d9-452532e144de" testListId="8c84fa94-04c1-424b-9868-57a2d4851a1d" />
    <TestEntry testId="9e381b2f-7758-75e7-1187-5359a7cc2fcf" executionId="f041e457-5617-497c-a22f-b524e9909758" testListId="8c84fa94-04c1-424b-9868-57a2d4851a1d" />
    <TestEntry testId="f2b68a15-ef7c-c26b-ffdd-eb9ae7067bca" executionId="8f753010-35e6-4f28-ad7e-2fa5def8557c" testListId="8c84fa94-04c1-424b-9868-57a2d4851a1d" />
    <TestEntry testId="0751b11b-a6a8-a4ef-30e1-f910838570cb" executionId="851c6092-6018-4252-b5e3-66a5ae933046" testListId="8c84fa94-04c1-424b-9868-57a2d4851a1d" />
    <TestEntry testId="f3b15f6b-f00d-4e6c-f3c3-26bd7741dc5d" executionId="a461fd53-a808-4c8d-aa89-2ee4f6b7f4e1" testListId="8c84fa94-04c1-424b-9868-57a2d4851a1d" />
    <TestEntry testId="015022db-d96e-2b60-5477-1c6f1fa9a487" executionId="13e0214f-a2c5-4390-a345-f1f3c69ccce5" testListId="8c84fa94-04c1-424b-9868-57a2d4851a1d" />
    <TestEntry testId="dba976e4-619d-1846-93cf-501dc328971c" executionId="f20abad5-0f4d-4c10-9785-46e969881e3c" testListId="8c84fa94-04c1-424b-9868-57a2d4851a1d" />
    <TestEntry testId="cd325bca-14d8-e62d-3ed3-b6cff2a5be8c" executionId="ef197052-0886-4e4a-a563-e8d988fbcf5e" testListId="8c84fa94-04c1-424b-9868-57a2d4851a1d" />
    <TestEntry testId="123932a6-c3cf-7fb9-5ef5-34297fb3a837" executionId="e1fc49dc-0ab3-4e60-a1c6-213bc1f5fcef" testListId="8c84fa94-04c1-424b-9868-57a2d4851a1d" />
    <TestEntry testId="dffdcee4-e2c7-a486-318f-edaed8877c4d" executionId="b5f6bb6d-13e4-4602-b09b-d1880ec72b7e" testListId="8c84fa94-04c1-424b-9868-57a2d4851a1d" />
    <TestEntry testId="0eee54e7-397f-944e-60ad-576b256307cf" executionId="60beecee-c355-4d57-b746-0ed6ec35f9a0" testListId="8c84fa94-04c1-424b-9868-57a2d4851a1d" />
    <TestEntry testId="652fbfaf-623d-2a4f-25d1-cf07d8f0c0da" executionId="4e3372d7-dad3-4b35-8d69-d42ec6a9a957" testListId="8c84fa94-04c1-424b-9868-57a2d4851a1d" />
    <TestEntry testId="ddfa2a9a-e29a-9dfc-0603-2fa2e9e89c67" executionId="dd2b78f3-1cdb-4dd5-aa87-fb867b50bf16" testListId="8c84fa94-04c1-424b-9868-57a2d4851a1d" />
    <TestEntry testId="984ccf4b-e758-da57-870c-fdaae5c09395" executionId="4d2da675-a2e7-49b5-998d-d74e4113d298" testListId="8c84fa94-04c1-424b-9868-57a2d4851a1d" />
    <TestEntry testId="b07c6436-dbf7-0138-be42-b4b6d3d7e52c" executionId="d76f55c7-62ec-4220-9f11-72f449ee5db4" testListId="8c84fa94-04c1-424b-9868-57a2d4851a1d" />
    <TestEntry testId="ada84f96-628a-be69-4c85-60683def0842" executionId="78814ffa-e2ab-452d-a0da-c1d546469cd8" testListId="8c84fa94-04c1-424b-9868-57a2d4851a1d" />
    <TestEntry testId="73284804-3614-1086-c9d3-907dba871693" executionId="662e8919-1d44-4f9a-8c91-831a1ef19d7b" testListId="8c84fa94-04c1-424b-9868-57a2d4851a1d" />
    <TestEntry testId="9a2bcce2-54c7-2ac9-248c-c072785d5cf2" executionId="5477e087-fe04-4335-a3a9-cf305a592e17" testListId="8c84fa94-04c1-424b-9868-57a2d4851a1d" />
    <TestEntry testId="256b0aa4-ca9e-f9c0-c01a-e5ce082d7933" executionId="2e4c5881-910d-4e97-a513-2bf397f07da9" testListId="8c84fa94-04c1-424b-9868-57a2d4851a1d" />
    <TestEntry testId="d28e2add-d838-2ebe-df2d-b5dd0d3b773e" executionId="20b50cc9-2080-4d04-97bf-8a80b20d5a64" testListId="8c84fa94-04c1-424b-9868-57a2d4851a1d" />
    <TestEntry testId="ca982acc-6d3c-04e3-1b49-3eea6c1f73fe" executionId="624fb7f9-b154-4653-9e2b-922d9d6a5d03" testListId="8c84fa94-04c1-424b-9868-57a2d4851a1d" />
    <TestEntry testId="a3a08850-4a93-c030-f4e2-fdffe7d8b320" executionId="77a57fc4-f9de-4602-807c-b45a7e83db15" testListId="8c84fa94-04c1-424b-9868-57a2d4851a1d" />
    <TestEntry testId="3d5d455f-8b5b-9efe-5bfb-ffa440cd9adb" executionId="45bacc4d-5999-4a0e-99ea-34971c8d1675" testListId="8c84fa94-04c1-424b-9868-57a2d4851a1d" />
    <TestEntry testId="688da5e9-d12f-3e2c-c7dd-72c1a87d6a78" executionId="5a079528-0849-4bd3-952b-131350b15342" testListId="8c84fa94-04c1-424b-9868-57a2d4851a1d" />
    <TestEntry testId="68aeee53-b239-e7d6-6e18-da94fac3a451" executionId="92892090-fa26-4d7d-bae8-7afe7bfce7e3" testListId="8c84fa94-04c1-424b-9868-57a2d4851a1d" />
    <TestEntry testId="1f1eef69-3a21-cd3d-3a5f-46efeda6ab38" executionId="7c312b5f-9804-419b-bd07-16145beb1a7d" testListId="8c84fa94-04c1-424b-9868-57a2d4851a1d" />
    <TestEntry testId="bc83fa3c-576f-30a6-fe1b-a25c896763ba" executionId="d4ed7ac3-0848-4445-a701-d5c5924338d2" testListId="8c84fa94-04c1-424b-9868-57a2d4851a1d" />
    <TestEntry testId="e6f6cc53-8c3a-da20-bc77-8b2d112d8374" executionId="e335f154-105a-4c61-a8d0-b42d3f5a1f55" testListId="8c84fa94-04c1-424b-9868-57a2d4851a1d" />
    <TestEntry testId="1230a279-f763-f5b9-8b74-e3286d54a1e7" executionId="0e28dbe2-214b-43a3-90d9-43bf38e78f0b" testListId="8c84fa94-04c1-424b-9868-57a2d4851a1d" />
    <TestEntry testId="c7272717-4c66-ee9c-96d1-b74d86b61eb8" executionId="6a237c17-4e10-481e-82f1-2401e4886e12" testListId="8c84fa94-04c1-424b-9868-57a2d4851a1d" />
    <TestEntry testId="1847f09f-3a3a-e54a-437b-e06a692092b8" executionId="77173d69-ec45-44cb-bc57-e7c7960b288c" testListId="8c84fa94-04c1-424b-9868-57a2d4851a1d" />
    <TestEntry testId="d5c3657d-a220-d2b1-57c9-e4353f6b9eb6" executionId="e2373b03-1c0e-484d-8532-56d3234b7325" testListId="8c84fa94-04c1-424b-9868-57a2d4851a1d" />
    <TestEntry testId="1d271909-1898-128b-21ec-f802c1979d9e" executionId="14c6a78b-2645-4610-b55e-755a36f0845e" testListId="8c84fa94-04c1-424b-9868-57a2d4851a1d" />
    <TestEntry testId="d9592df4-0966-3c3a-722c-1595fa840f06" executionId="2ae4de2c-e097-417a-a74d-f0157b3af68b" testListId="8c84fa94-04c1-424b-9868-57a2d4851a1d" />
    <TestEntry testId="5f3735b0-854d-d423-adfb-f959d02e73f7" executionId="84adbcf8-b4a3-4023-a929-95f52ef09ac1" testListId="8c84fa94-04c1-424b-9868-57a2d4851a1d" />
    <TestEntry testId="1cc15eeb-9d05-d094-9231-53ade30093a7" executionId="53b98415-1d6b-45eb-a685-2a39c4c47551" testListId="8c84fa94-04c1-424b-9868-57a2d4851a1d" />
    <TestEntry testId="2a896644-50d0-a8ac-de47-7ac4676c290e" executionId="32f48182-0fb7-48fe-b4e7-87bf1a1bc024" testListId="8c84fa94-04c1-424b-9868-57a2d4851a1d" />
    <TestEntry testId="6517f205-88c6-f2fb-89fe-a931711e4343" executionId="5bbd6311-8e75-4bac-8bf4-dce8a9c3f006" testListId="8c84fa94-04c1-424b-9868-57a2d4851a1d" />
    <TestEntry testId="9087d096-82b4-2271-94ec-73730ed51c23" executionId="9d856699-0973-426a-99b6-6c81230edb05" testListId="8c84fa94-04c1-424b-9868-57a2d4851a1d" />
    <TestEntry testId="843293b0-7cce-f386-da63-2fb428fb7828" executionId="39bbbe11-d408-455f-be89-8054669ddf29" testListId="8c84fa94-04c1-424b-9868-57a2d4851a1d" />
    <TestEntry testId="5c64f629-e66f-8e20-9c2d-0a7cb867d56d" executionId="a5c4711d-6456-424b-b348-826effa6fa19" testListId="8c84fa94-04c1-424b-9868-57a2d4851a1d" />
    <TestEntry testId="081d3b2d-f16b-400c-9941-d599ff407e21" executionId="154160ea-c506-433d-8bc0-a349a6fe6587" testListId="8c84fa94-04c1-424b-9868-57a2d4851a1d" />
    <TestEntry testId="53a23bf0-6e98-cb61-d489-afed97d56bcf" executionId="bc90edef-0263-4f59-a64b-98099a406bd2" testListId="8c84fa94-04c1-424b-9868-57a2d4851a1d" />
    <TestEntry testId="56913f03-b8f6-5435-d407-8c8e9508f433" executionId="8efe8922-ed76-4430-9b0b-dccd7cf0904e" testListId="8c84fa94-04c1-424b-9868-57a2d4851a1d" />
    <TestEntry testId="814e8347-0675-e46f-9f33-cc6368c1ff3d" executionId="13be9bf2-db17-4255-9eff-991fa816efbf" testListId="8c84fa94-04c1-424b-9868-57a2d4851a1d" />
    <TestEntry testId="6cc408c2-2cb5-45f5-22cc-d2054659459b" executionId="5d059c86-d01e-4b28-96cf-f7684e623db1" testListId="8c84fa94-04c1-424b-9868-57a2d4851a1d" />
    <TestEntry testId="90529360-95e5-c60b-5727-b5fa7d491b19" executionId="caf56f66-1026-442b-81e3-2c3cb25e6feb" testListId="8c84fa94-04c1-424b-9868-57a2d4851a1d" />
    <TestEntry testId="d3cdcde5-df28-6c6c-d5ee-263c0a49023a" executionId="0b402107-aac6-4d1d-8b71-b469f53e75f3" testListId="8c84fa94-04c1-424b-9868-57a2d4851a1d" />
    <TestEntry testId="34bdc501-b6be-65bd-2c54-6d143c30390e" executionId="3c30f047-ec3b-46cd-8f82-c3b0c4b42b3c" testListId="8c84fa94-04c1-424b-9868-57a2d4851a1d" />
    <TestEntry testId="324dfaf0-1df1-16d9-feec-f79f54001411" executionId="9b305cdf-e462-4beb-aee4-9391e7151c50" testListId="8c84fa94-04c1-424b-9868-57a2d4851a1d" />
    <TestEntry testId="89c1bc9c-fd1f-546d-3081-e1943d5ea5fd" executionId="9cb7d310-da99-4027-a1c1-28f64296adff" testListId="8c84fa94-04c1-424b-9868-57a2d4851a1d" />
    <TestEntry testId="e59747a8-433f-61a0-e952-9d5b29617a9f" executionId="923497a6-a5fb-4907-8671-941783e33e10" testListId="8c84fa94-04c1-424b-9868-57a2d4851a1d" />
    <TestEntry testId="034f9192-5731-ab77-854c-d5ad3844ecab" executionId="c3af3439-a940-4e12-8c89-f7fb9d115e2a" testListId="8c84fa94-04c1-424b-9868-57a2d4851a1d" />
    <TestEntry testId="124aa2c1-a584-951a-b578-c58272b94396" executionId="84a16601-3711-460f-85a3-a8e2325c881c" testListId="8c84fa94-04c1-424b-9868-57a2d4851a1d" />
    <TestEntry testId="8e957c61-833e-a0b8-17c9-5e56071d3f70" executionId="ff1e2719-ac1c-4cbf-92b3-87265be78db3" testListId="8c84fa94-04c1-424b-9868-57a2d4851a1d" />
    <TestEntry testId="7e545621-7d10-75d6-0eb9-82dda8912c2c" executionId="21da75e5-e7ce-4345-ac06-4b1ea24858ab" testListId="8c84fa94-04c1-424b-9868-57a2d4851a1d" />
    <TestEntry testId="1fce28e8-5dee-1344-5678-0f5715c803f3" executionId="082fb17b-9562-4c67-8fdf-40cdfbfde0dd" testListId="8c84fa94-04c1-424b-9868-57a2d4851a1d" />
    <TestEntry testId="a1a708d6-4e5d-1cbd-caa6-7047836e6788" executionId="b8238893-1421-4cbe-820d-b791a8c11970" testListId="8c84fa94-04c1-424b-9868-57a2d4851a1d" />
    <TestEntry testId="fa34dc68-0a28-d88d-9f8e-755de73cf02d" executionId="dde10071-b52c-41cf-a099-97b8aa638134" testListId="8c84fa94-04c1-424b-9868-57a2d4851a1d" />
    <TestEntry testId="fe096e9a-696b-0373-a92c-3a2e57b850e7" executionId="2d65bfa6-c209-4e1d-9a9a-8b7d4510d515" testListId="8c84fa94-04c1-424b-9868-57a2d4851a1d" />
    <TestEntry testId="a006362c-c876-0d68-dfa7-4b9381a2f95f" executionId="59429871-fdd0-4803-88b9-fe68831e2e50" testListId="8c84fa94-04c1-424b-9868-57a2d4851a1d" />
    <TestEntry testId="6dcc8842-a927-f371-cf06-32198da79abc" executionId="eb0d21de-7962-47b6-8640-62849753b036" testListId="8c84fa94-04c1-424b-9868-57a2d4851a1d" />
    <TestEntry testId="e6ee2e42-d693-5a92-34f3-83564b601337" executionId="f7561c2f-4925-4184-855d-7fed571c35e8" testListId="8c84fa94-04c1-424b-9868-57a2d4851a1d" />
    <TestEntry testId="534fc948-8601-de40-7f94-04ae4333536f" executionId="99805b0a-4eaa-402f-b5fe-142ec5e0cba7" testListId="8c84fa94-04c1-424b-9868-57a2d4851a1d" />
    <TestEntry testId="a815ca81-3cc8-5bb5-3df9-88bef0e0f650" executionId="997d20aa-2141-45bb-b898-b6ec63365941" testListId="8c84fa94-04c1-424b-9868-57a2d4851a1d" />
    <TestEntry testId="77e25ad7-ee15-446a-9252-d1385f25c4e7" executionId="15279e2a-6128-4b89-91b7-e64fc26ad4c9" testListId="8c84fa94-04c1-424b-9868-57a2d4851a1d" />
    <TestEntry testId="75f79a5e-625f-18cb-34f2-c39806bd0036" executionId="2d21db16-f4fa-429e-bf76-5b20e3c9e1ab" testListId="8c84fa94-04c1-424b-9868-57a2d4851a1d" />
    <TestEntry testId="384612ec-11e1-c891-3d7e-9db254e6a2b4" executionId="eb75b78c-b107-46e2-8954-c4a9b8b16d4b" testListId="8c84fa94-04c1-424b-9868-57a2d4851a1d" />
    <TestEntry testId="68224de9-ccec-a0b7-c8a8-a3c8c0c30259" executionId="2c7717d8-1d87-42bc-ad4c-776cd0f510e7" testListId="8c84fa94-04c1-424b-9868-57a2d4851a1d" />
    <TestEntry testId="54bc6f9e-1b35-cac3-f6ab-e594cab0fa7a" executionId="7123f190-eab5-4a78-a5f8-4b3f00f745a6" testListId="8c84fa94-04c1-424b-9868-57a2d4851a1d" />
    <TestEntry testId="cf6ce7eb-96c1-8a55-15f9-4fb2522dc822" executionId="b87e8fea-399d-4fa2-9dee-5569d85cd1d8" testListId="8c84fa94-04c1-424b-9868-57a2d4851a1d" />
    <TestEntry testId="46947d50-5e18-dad2-e4a8-b6d0819ae97c" executionId="8c8679ec-bff9-4789-8ae8-82d1e8244ef6" testListId="8c84fa94-04c1-424b-9868-57a2d4851a1d" />
    <TestEntry testId="c3c40199-4dcb-06d9-bd7e-201cb412e68f" executionId="ec272233-37e7-4cc3-b140-95bc2ad58cea" testListId="8c84fa94-04c1-424b-9868-57a2d4851a1d" />
    <TestEntry testId="0a2dd6c8-dd3b-c34c-d236-39c95cee3b33" executionId="e8a5389e-bbf1-417a-8445-1812550bf108" testListId="8c84fa94-04c1-424b-9868-57a2d4851a1d" />
    <TestEntry testId="a89532f2-9366-df90-5e03-76517aae2ef6" executionId="5d917cc5-1357-4b09-a76d-605778b4d54f" testListId="8c84fa94-04c1-424b-9868-57a2d4851a1d" />
    <TestEntry testId="8fb0d924-6ca3-e44c-f26a-1c29eb5d30bd" executionId="e9e9d267-5dc9-4eb0-8662-f4905277118c" testListId="8c84fa94-04c1-424b-9868-57a2d4851a1d" />
    <TestEntry testId="b093b261-89e9-1453-0b15-6960031e6c14" executionId="007e785b-bee3-414f-9774-89b0db18a594" testListId="8c84fa94-04c1-424b-9868-57a2d4851a1d" />
    <TestEntry testId="91ef764f-6920-57e2-1ea1-d9fdc62e8142" executionId="2f16389b-189e-4393-9fb7-560bf5b0aecd" testListId="8c84fa94-04c1-424b-9868-57a2d4851a1d" />
    <TestEntry testId="15a5c8eb-0c90-a7e4-0dc8-5ce2be1587d5" executionId="c44a3e5e-a8d3-4592-9cca-21d2ae482089" testListId="8c84fa94-04c1-424b-9868-57a2d4851a1d" />
    <TestEntry testId="83d8e74c-5bbb-efb0-37a0-7aa4cf469b8b" executionId="9fab8bc4-f2bd-47d4-a920-e33a20abd3d3" testListId="8c84fa94-04c1-424b-9868-57a2d4851a1d" />
    <TestEntry testId="acda3d15-0e29-fc40-b0fc-fcddae081200" executionId="e046ae47-9a49-4687-86ae-ddcaf03462ba" testListId="8c84fa94-04c1-424b-9868-57a2d4851a1d" />
    <TestEntry testId="e21002e6-50a6-5886-0d27-79e4c9ba2f92" executionId="e10c83b9-dfe4-409f-99cf-e43f3ebc6e27" testListId="8c84fa94-04c1-424b-9868-57a2d4851a1d" />
    <TestEntry testId="2ebec913-cd49-9310-605b-052ec9777212" executionId="6b9b9619-91dc-4227-b500-3b74dfff79f3" testListId="8c84fa94-04c1-424b-9868-57a2d4851a1d" />
    <TestEntry testId="c0cf2cb3-44c7-373b-4b04-bf5ce7678b68" executionId="6555c77a-d636-4568-a003-f084ef7466c5" testListId="8c84fa94-04c1-424b-9868-57a2d4851a1d" />
    <TestEntry testId="9ecb75d8-2160-8266-876b-6361db8213dc" executionId="461dd450-639c-44ca-acca-8efb48b69030" testListId="8c84fa94-04c1-424b-9868-57a2d4851a1d" />
    <TestEntry testId="82cc450a-0e9d-45d3-9478-f947af9d278f" executionId="96e39cd2-b701-474b-8577-b1f8e2633857" testListId="8c84fa94-04c1-424b-9868-57a2d4851a1d" />
    <TestEntry testId="3a74380b-5761-efcc-d80f-84990cb62b27" executionId="93c7feaa-89df-4498-b5fb-61f0fd80a29d" testListId="8c84fa94-04c1-424b-9868-57a2d4851a1d" />
    <TestEntry testId="5b7cf016-7948-5d44-c172-ab04f16e1bd2" executionId="69b6b625-a5bf-4797-aecf-88982b99ade2" testListId="8c84fa94-04c1-424b-9868-57a2d4851a1d" />
    <TestEntry testId="30db28b2-ac34-8d8e-c566-68b2f6bb1d51" executionId="0f7a6898-7a9f-4e26-9013-e06c8881479a" testListId="8c84fa94-04c1-424b-9868-57a2d4851a1d" />
    <TestEntry testId="7200fbe8-0633-195a-0e4f-25258446a0dd" executionId="3480c19b-a3d8-4c5d-8250-37d6dcfc298d" testListId="8c84fa94-04c1-424b-9868-57a2d4851a1d" />
    <TestEntry testId="b96da561-72c0-f108-100e-28aea4f8d524" executionId="bdd81a06-bd04-49c3-acf2-3a6e8fd0c791" testListId="8c84fa94-04c1-424b-9868-57a2d4851a1d" />
    <TestEntry testId="e099abd9-c51a-27c3-fe30-7b74e00a337f" executionId="00a6f71e-1b1f-46a6-91ed-243a6a005d2e" testListId="8c84fa94-04c1-424b-9868-57a2d4851a1d" />
    <TestEntry testId="52dd4d5a-f28a-3449-7987-33dfda351248" executionId="01bad0d7-cb6e-421d-9f00-9f196f5ecb40" testListId="8c84fa94-04c1-424b-9868-57a2d4851a1d" />
    <TestEntry testId="1fe96cd6-e80d-4fd9-dedb-226c16d9375d" executionId="4e99d78f-bd67-4c7d-a823-b14e74ca9649" testListId="8c84fa94-04c1-424b-9868-57a2d4851a1d" />
    <TestEntry testId="e457ba43-5ec8-2ef9-9f16-d8e65791d46d" executionId="71642ea0-4fc8-43fd-8872-b67af79afe75" testListId="8c84fa94-04c1-424b-9868-57a2d4851a1d" />
    <TestEntry testId="459b3c16-63b4-fc77-bb08-22086969eb93" executionId="d652fde2-3c78-43be-b1f7-3e5897af3bf7" testListId="8c84fa94-04c1-424b-9868-57a2d4851a1d" />
    <TestEntry testId="ff8ddb46-4b79-2ee0-2d36-ef22ba3dcd81" executionId="044d929e-a452-41d5-8d45-7c5597fe453b" testListId="8c84fa94-04c1-424b-9868-57a2d4851a1d" />
    <TestEntry testId="a9c621d8-eb9e-3cd1-2b29-ed69514bad1f" executionId="8a6a9b08-6327-47d4-bc39-56a6bb9e2e84" testListId="8c84fa94-04c1-424b-9868-57a2d4851a1d" />
    <TestEntry testId="6e911663-e259-5040-7b6f-54c63fac8b3c" executionId="c225accf-bc17-40c1-928c-80acabef55a9" testListId="8c84fa94-04c1-424b-9868-57a2d4851a1d" />
    <TestEntry testId="dd6f82bf-ec98-4f3e-74b1-00844a5994bf" executionId="48b2925c-c260-4675-a7e4-eb6cb41e74a0" testListId="8c84fa94-04c1-424b-9868-57a2d4851a1d" />
    <TestEntry testId="aa0b789a-9fae-e4e5-e891-6c71af0ebd35" executionId="911e419e-a46e-4c28-9126-64d1ca8d1377" testListId="8c84fa94-04c1-424b-9868-57a2d4851a1d" />
    <TestEntry testId="45b26f0b-a8bb-4b3f-d7c4-794f4ece7d3c" executionId="7e02e75d-abf3-47bf-b105-6214c3e87457" testListId="8c84fa94-04c1-424b-9868-57a2d4851a1d" />
    <TestEntry testId="a80246d5-ddf8-7929-99a4-5139184114ef" executionId="25573889-ac23-41c9-9ecb-e344051be1e3" testListId="8c84fa94-04c1-424b-9868-57a2d4851a1d" />
    <TestEntry testId="a7d85aa3-fa07-4a18-0790-c9a84b87bfbf" executionId="888a26c4-2e58-4ef0-8fe1-454e33e2109c" testListId="8c84fa94-04c1-424b-9868-57a2d4851a1d" />
    <TestEntry testId="f1679d4a-b856-7d51-628e-8f29c288c7ca" executionId="b7bcff30-e6e1-4d37-acff-2beb7bae199a" testListId="8c84fa94-04c1-424b-9868-57a2d4851a1d" />
    <TestEntry testId="edd98930-a456-c16e-31c0-f98ab53f4169" executionId="f44f8e4b-4971-436a-b0ff-6f135dde8b6b" testListId="8c84fa94-04c1-424b-9868-57a2d4851a1d" />
    <TestEntry testId="055fec57-4e1c-11c8-a858-911643af23bd" executionId="64246f34-4168-41e2-a2d3-4a74b084564b" testListId="8c84fa94-04c1-424b-9868-57a2d4851a1d" />
    <TestEntry testId="f227f8da-1aef-bb37-695f-f1b64dec59a9" executionId="7214d149-085e-49b3-a112-9c13e1eff43d" testListId="8c84fa94-04c1-424b-9868-57a2d4851a1d" />
    <TestEntry testId="0dda947f-a97a-e494-3314-a0e77995fdce" executionId="f4757fd4-8fad-4bed-9743-50f3e29742bf" testListId="8c84fa94-04c1-424b-9868-57a2d4851a1d" />
    <TestEntry testId="40049265-1e97-9ed6-58fa-5d084054c7cc" executionId="aaa8689a-d662-4a22-9ddb-79fccbc1f459" testListId="8c84fa94-04c1-424b-9868-57a2d4851a1d" />
    <TestEntry testId="c5e43cdb-d4c3-3c40-9593-aad9b5ca8f95" executionId="1a0cc722-34ac-4ba6-a7c4-e45572379285" testListId="8c84fa94-04c1-424b-9868-57a2d4851a1d" />
    <TestEntry testId="297d2ce6-e7ea-8d5e-9134-2d6e61b4337c" executionId="297cec49-42f4-4692-9fba-4a9171e3b022" testListId="8c84fa94-04c1-424b-9868-57a2d4851a1d" />
    <TestEntry testId="7848596b-c8d5-bd4c-d7fe-380e3b0f13fa" executionId="1b149097-0151-4379-9d1b-5d732b00a3b4" testListId="8c84fa94-04c1-424b-9868-57a2d4851a1d" />
    <TestEntry testId="9e735874-97ea-8ca0-11c8-94ac42e81acc" executionId="ba922a11-3bbe-4e47-93c9-2142e9c59cd9" testListId="8c84fa94-04c1-424b-9868-57a2d4851a1d" />
    <TestEntry testId="230e1e23-a8f6-7ac5-0938-0ce23eabf420" executionId="e5d0a4f3-c447-4fdf-a9fc-bb6b045700af" testListId="8c84fa94-04c1-424b-9868-57a2d4851a1d" />
    <TestEntry testId="bcf772d6-bc03-8db6-964e-e43c8f396083" executionId="be04ed13-ed10-434d-a391-fd0fa3778740" testListId="8c84fa94-04c1-424b-9868-57a2d4851a1d" />
    <TestEntry testId="faee1a73-2321-167e-168b-f89892fb598c" executionId="851eefbe-fe72-4a46-b771-f74a57358a27" testListId="8c84fa94-04c1-424b-9868-57a2d4851a1d" />
    <TestEntry testId="80d0ff60-cfaf-35b0-6f6e-60db427c7f85" executionId="190a25c8-9a65-4639-ad40-67c0a22f363d" testListId="8c84fa94-04c1-424b-9868-57a2d4851a1d" />
    <TestEntry testId="040e6cf8-8fc7-ca87-38f4-b0a1a8671b45" executionId="9cc46cfa-916d-4dbf-93a7-8495678b51f9" testListId="8c84fa94-04c1-424b-9868-57a2d4851a1d" />
    <TestEntry testId="e6d7e4bb-8f4e-56e2-712f-a2453f4d8f71" executionId="4381c1f4-ddeb-46fa-972c-7df3b4456cc7" testListId="8c84fa94-04c1-424b-9868-57a2d4851a1d" />
    <TestEntry testId="c7c013ea-be14-a4b5-1c6f-2b6dde46abbc" executionId="53f110d1-fea2-4979-91f5-c01baf2d9562" testListId="8c84fa94-04c1-424b-9868-57a2d4851a1d" />
    <TestEntry testId="45a5b31d-d8ee-81e0-0e1d-a198d7cba5b5" executionId="1cd7843f-d489-47ed-b0c8-8604eb243881" testListId="8c84fa94-04c1-424b-9868-57a2d4851a1d" />
    <TestEntry testId="647d0f12-f39c-4459-8e85-bad3059c7bbf" executionId="3880c5d6-7689-46df-8e5c-d1e89874223d" testListId="8c84fa94-04c1-424b-9868-57a2d4851a1d" />
    <TestEntry testId="dd2dd033-1470-57eb-5d97-02eb255fcb1f" executionId="52d6e3b7-af1d-4425-8b48-102f266064b9" testListId="8c84fa94-04c1-424b-9868-57a2d4851a1d" />
    <TestEntry testId="9fa4910a-439f-a7b3-42d7-59f8d60a9e4f" executionId="f93b9675-7bcf-4442-9a36-223f933f6f9e" testListId="8c84fa94-04c1-424b-9868-57a2d4851a1d" />
    <TestEntry testId="9c12637d-98e9-60e9-4c3e-198e27a61c0f" executionId="838fff71-8c98-42e2-a09f-b2d81b98e0f6" testListId="8c84fa94-04c1-424b-9868-57a2d4851a1d" />
    <TestEntry testId="2f04d734-6778-0b79-9d14-d79b1e3bb130" executionId="1455cd57-ec05-482d-9975-523f5881df44" testListId="8c84fa94-04c1-424b-9868-57a2d4851a1d" />
    <TestEntry testId="50bd341a-c773-af8f-d72d-637dadce7bec" executionId="c7ec4d9d-2d06-4495-bcd1-6809a67519a0" testListId="8c84fa94-04c1-424b-9868-57a2d4851a1d" />
    <TestEntry testId="2f5e415d-a063-a3ff-febb-2ffdc85ba98d" executionId="a5279f47-e596-46fc-927c-d03ce11c2016" testListId="8c84fa94-04c1-424b-9868-57a2d4851a1d" />
    <TestEntry testId="23aaa466-cf05-d364-17da-f1d2a5004cf2" executionId="d62f1fc9-861d-4981-9945-b282755526f2" testListId="8c84fa94-04c1-424b-9868-57a2d4851a1d" />
    <TestEntry testId="ff7ab5c9-17cd-23b9-cfc1-99026e4f14ac" executionId="a85a1350-3680-4e2f-99a3-6308b121cb9e" testListId="8c84fa94-04c1-424b-9868-57a2d4851a1d" />
    <TestEntry testId="3298d961-bdaa-633a-0d61-33079be298ce" executionId="e299a275-640a-4b60-94ac-1ce813d324ec" testListId="8c84fa94-04c1-424b-9868-57a2d4851a1d" />
    <TestEntry testId="ab963705-3e28-cc1d-5bf1-a88ea216bc34" executionId="85f183f4-f518-402d-880a-dbbec5a79e11" testListId="8c84fa94-04c1-424b-9868-57a2d4851a1d" />
    <TestEntry testId="6a7d9b76-8e51-2dd0-7599-1dd99ccb1f30" executionId="0521286a-0286-47fe-9901-a98e3a33d8ac" testListId="8c84fa94-04c1-424b-9868-57a2d4851a1d" />
    <TestEntry testId="75567229-1858-de57-219b-cfd8f4a7e8de" executionId="358c4ec1-a877-42ce-acbe-d4e052117133" testListId="8c84fa94-04c1-424b-9868-57a2d4851a1d" />
    <TestEntry testId="ab648c32-5363-622c-e305-880f5c60d7ae" executionId="9b1283d6-689c-44d5-a518-8c6e804d2ada" testListId="8c84fa94-04c1-424b-9868-57a2d4851a1d" />
    <TestEntry testId="e6ca1d81-dcf2-fd0d-938d-c5551a71b09d" executionId="e951019d-32b7-4fc2-ac82-5aa4d34dced7" testListId="8c84fa94-04c1-424b-9868-57a2d4851a1d" />
    <TestEntry testId="3462b2eb-e30f-6a87-cb93-c3563606a080" executionId="10633f26-d728-450a-a499-cf3c75eeb518" testListId="8c84fa94-04c1-424b-9868-57a2d4851a1d" />
    <TestEntry testId="444b6055-8e36-cf16-2594-6f26fe677cd1" executionId="78bbc5fc-7abd-48be-b19e-9455df16d406" testListId="8c84fa94-04c1-424b-9868-57a2d4851a1d" />
    <TestEntry testId="09f7512b-fcad-449f-b8a9-c32911a23969" executionId="cf88f83d-d504-4cef-b758-6104338b8771" testListId="8c84fa94-04c1-424b-9868-57a2d4851a1d" />
    <TestEntry testId="c28dd236-1525-1514-778a-3b6a96d19df1" executionId="84436c7b-f90e-43bf-8dd4-29ebc57d979c" testListId="8c84fa94-04c1-424b-9868-57a2d4851a1d" />
    <TestEntry testId="20607095-992d-3bf7-849c-32032c3b5657" executionId="a6e3a675-003f-4add-9b80-3981cfc08641" testListId="8c84fa94-04c1-424b-9868-57a2d4851a1d" />
    <TestEntry testId="5987d0c7-7679-adcc-a7d5-76af40a4f7f5" executionId="24e7afec-590b-4e2a-bd11-cd93caea5ba1" testListId="8c84fa94-04c1-424b-9868-57a2d4851a1d" />
    <TestEntry testId="502c40b3-55a9-ed63-c19a-b15f001d74e2" executionId="6ee4e620-eb46-4084-94aa-95d6b224332d" testListId="8c84fa94-04c1-424b-9868-57a2d4851a1d" />
    <TestEntry testId="b58c1648-01cd-8d33-8125-f2d9795f377d" executionId="4a76d132-a170-4bf9-8eb7-62137f5580ba" testListId="8c84fa94-04c1-424b-9868-57a2d4851a1d" />
    <TestEntry testId="4e1f3ab2-e30f-84ab-8c3f-ffbda0a749a7" executionId="9c26d4bb-d14b-4fa2-b2f7-99392af7eaf2" testListId="8c84fa94-04c1-424b-9868-57a2d4851a1d" />
    <TestEntry testId="c4f09638-23b4-3d40-c0a4-ef63a006dba0" executionId="e09f2b22-2751-4ea6-8877-ac35be235cb1" testListId="8c84fa94-04c1-424b-9868-57a2d4851a1d" />
    <TestEntry testId="cd41d103-9666-3d37-803b-9b59446c01c4" executionId="760bc810-c1c9-4110-ab4c-03729d1a4cba" testListId="8c84fa94-04c1-424b-9868-57a2d4851a1d" />
    <TestEntry testId="cbab0896-310f-9613-16bf-ed68cf4f09cd" executionId="923c8f7e-db2e-449f-931c-830e95844b56" testListId="8c84fa94-04c1-424b-9868-57a2d4851a1d" />
    <TestEntry testId="95df1eac-f3bd-b207-f98c-5233af246763" executionId="a2cfd743-4c80-49af-a132-d998a8b77950" testListId="8c84fa94-04c1-424b-9868-57a2d4851a1d" />
    <TestEntry testId="8b7ce013-8629-5a29-320f-b962e95e1d02" executionId="0dd4cefc-b902-400f-8ae0-043dde5b8303" testListId="8c84fa94-04c1-424b-9868-57a2d4851a1d" />
    <TestEntry testId="83d0208c-cef3-bd49-264a-c0709c65e66e" executionId="8dc082b3-8e64-461f-a4d8-73f86555e121" testListId="8c84fa94-04c1-424b-9868-57a2d4851a1d" />
    <TestEntry testId="a3944110-24ef-a5f3-993b-c0e54d094618" executionId="59e8e32b-95f7-44b4-aac7-b94a979ecae5" testListId="8c84fa94-04c1-424b-9868-57a2d4851a1d" />
    <TestEntry testId="9c810ece-be18-f9ed-3cc8-f43cbbe8d789" executionId="3ee4f351-044c-4925-95a4-722037e0d7a8" testListId="8c84fa94-04c1-424b-9868-57a2d4851a1d" />
    <TestEntry testId="3bcce3ce-1e1f-b2cb-aecb-f9baaad49b40" executionId="b4e97ec9-3165-4372-8d3c-d6262d4ac5dd" testListId="8c84fa94-04c1-424b-9868-57a2d4851a1d" />
    <TestEntry testId="99f07415-68e4-3476-dd07-6ad55eba383b" executionId="ba4cccf8-7dec-49a0-83a9-40e532d4461a" testListId="8c84fa94-04c1-424b-9868-57a2d4851a1d" />
    <TestEntry testId="2f6b6911-3bf0-1f4d-b85f-0561bbc969cd" executionId="ec237bf4-a71b-46d7-9c10-2b9d1ec1ee77" testListId="8c84fa94-04c1-424b-9868-57a2d4851a1d" />
    <TestEntry testId="b163eddc-fed2-8a3f-de92-54285bf94b6d" executionId="eb32d4b9-09dc-428a-890a-83201f263a79" testListId="8c84fa94-04c1-424b-9868-57a2d4851a1d" />
    <TestEntry testId="b9aabaf1-a1cb-6124-f2ee-69eb1bbe949b" executionId="35bcce18-aa74-4431-8064-f0162fa69086" testListId="8c84fa94-04c1-424b-9868-57a2d4851a1d" />
    <TestEntry testId="5021544e-bd06-1c2d-b3df-c21b577ebfa2" executionId="1bfecc96-a0ad-4414-9fda-a6d06834af73" testListId="8c84fa94-04c1-424b-9868-57a2d4851a1d" />
    <TestEntry testId="8f93d79c-66e7-77f7-7d43-554a5055be47" executionId="2f4871a8-ba36-47b1-913d-045d6a8152cb" testListId="8c84fa94-04c1-424b-9868-57a2d4851a1d" />
    <TestEntry testId="f406acd8-9b69-9411-bf61-2d74f259f69e" executionId="96f18067-4ccb-4951-b20b-3896cccb6a2a" testListId="8c84fa94-04c1-424b-9868-57a2d4851a1d" />
    <TestEntry testId="100cc4f6-ca16-2d93-296d-fb39d2a6b55f" executionId="9cf81196-9964-49b9-b79d-a8e02f04406d" testListId="8c84fa94-04c1-424b-9868-57a2d4851a1d" />
    <TestEntry testId="2903f8f9-605c-f4a1-c251-e272e8faf58d" executionId="de1ecf65-967f-4e25-8428-a1d70b64bcdc" testListId="8c84fa94-04c1-424b-9868-57a2d4851a1d" />
    <TestEntry testId="80d3734c-ba9f-0770-a478-3dd6f9b70cb0" executionId="0b2795b4-0372-4dcb-a020-872ce3ff9a11" testListId="8c84fa94-04c1-424b-9868-57a2d4851a1d" />
    <TestEntry testId="5fe9c184-b316-2ed8-da8c-d7dc0b588adb" executionId="6e457863-2594-44ec-938c-85266f5fee1d" testListId="8c84fa94-04c1-424b-9868-57a2d4851a1d" />
    <TestEntry testId="908bbb79-500c-f673-c8f4-2e8bf73bce40" executionId="e485ece4-7f8b-45cd-b266-f2ec34640632" testListId="8c84fa94-04c1-424b-9868-57a2d4851a1d" />
    <TestEntry testId="38efd0dd-942e-1575-95b3-c2474aa164b9" executionId="4858facc-6281-44b1-aefb-3a2fa8086d71" testListId="8c84fa94-04c1-424b-9868-57a2d4851a1d" />
    <TestEntry testId="cb98657e-ea81-1d6a-4868-0d493c1098f6" executionId="83734490-3ce8-4c37-8a40-03d634e90481" testListId="8c84fa94-04c1-424b-9868-57a2d4851a1d" />
    <TestEntry testId="8e844c73-d78c-9c16-d82a-bbf068ddf1ce" executionId="81a3041a-67b4-4954-8067-90e5491e48da" testListId="8c84fa94-04c1-424b-9868-57a2d4851a1d" />
    <TestEntry testId="e905c24a-e819-fe18-0852-b70c2080c17c" executionId="e2ebcb95-06c8-4a78-a760-38d690abb206" testListId="8c84fa94-04c1-424b-9868-57a2d4851a1d" />
    <TestEntry testId="a309af81-dde2-6e24-4ef5-234d753b7352" executionId="64bd4a3f-4ed9-447c-9de1-e9d0990bdb49" testListId="8c84fa94-04c1-424b-9868-57a2d4851a1d" />
    <TestEntry testId="972bb963-9a87-7070-029b-8643f34bbb6c" executionId="b5d282e9-ae7e-4fe8-9872-2186e88c24ba" testListId="8c84fa94-04c1-424b-9868-57a2d4851a1d" />
    <TestEntry testId="761b6e00-61f3-b300-b2f5-8d5765381437" executionId="18ab82e8-bfe3-4b05-b419-084467f92990" testListId="8c84fa94-04c1-424b-9868-57a2d4851a1d" />
    <TestEntry testId="028a745a-d396-f185-341f-56b2c46b3ca2" executionId="058c4813-241e-4e86-8ad9-610491d08ffc" testListId="8c84fa94-04c1-424b-9868-57a2d4851a1d" />
    <TestEntry testId="73278ab4-3d1d-b883-d827-3ea861390441" executionId="aabe1e9d-6b84-4de7-935f-d2f42687b661" testListId="8c84fa94-04c1-424b-9868-57a2d4851a1d" />
    <TestEntry testId="685331f6-0a25-8111-bb2a-37dce3d8d170" executionId="d6ac71a1-1f23-4dff-ae60-647e289797f8" testListId="8c84fa94-04c1-424b-9868-57a2d4851a1d" />
    <TestEntry testId="8027e5d6-d435-5a0d-d99c-2d9218dccb7e" executionId="c2c77ab3-76f0-4828-82eb-be57ed458fb0" testListId="8c84fa94-04c1-424b-9868-57a2d4851a1d" />
    <TestEntry testId="e8e3664d-13e4-e628-073d-8b88b9f9785c" executionId="1aaf7a95-abee-43f5-962f-41d2c523dd5b" testListId="8c84fa94-04c1-424b-9868-57a2d4851a1d" />
    <TestEntry testId="3ca4075a-a7fb-92a5-3a91-aefa25efbece" executionId="fd0b3c95-1e0a-410e-821d-7cc787b79f3a" testListId="8c84fa94-04c1-424b-9868-57a2d4851a1d" />
    <TestEntry testId="90e736db-bebc-59eb-dcfd-94a08c26727f" executionId="bdcd2c39-26e4-407d-b321-2fbf7b7976cf" testListId="8c84fa94-04c1-424b-9868-57a2d4851a1d" />
    <TestEntry testId="4e988653-eb1d-5757-a9c9-94e533451c54" executionId="f8c0492d-37b6-4aff-92db-e7831ceac68f" testListId="8c84fa94-04c1-424b-9868-57a2d4851a1d" />
    <TestEntry testId="babff9b9-4ec4-5d0f-1835-e465e17600e6" executionId="e0570a22-0972-4702-9495-ee599ecc0bf5" testListId="8c84fa94-04c1-424b-9868-57a2d4851a1d" />
    <TestEntry testId="4b152625-d247-2206-1bc2-f59ef3dda4ef" executionId="1faec1a3-4989-4145-9c03-2164a16c8e61" testListId="8c84fa94-04c1-424b-9868-57a2d4851a1d" />
    <TestEntry testId="2b8726cc-d2f8-9e6e-5458-ee24b8425f17" executionId="a9de9f9f-4106-4b7c-b768-e6963a8442d0" testListId="8c84fa94-04c1-424b-9868-57a2d4851a1d" />
    <TestEntry testId="12ac148d-b770-8a76-3e48-40788f60fbd2" executionId="91ed8594-305f-4c4f-a786-b44ecd16e153" testListId="8c84fa94-04c1-424b-9868-57a2d4851a1d" />
    <TestEntry testId="6ca05e92-6a05-ce15-f59b-9b9ed10b85dd" executionId="4923dda5-83d4-402f-9abd-bf46a80e735c" testListId="8c84fa94-04c1-424b-9868-57a2d4851a1d" />
    <TestEntry testId="2b440940-2efe-cdba-d4a2-2746340ee3bc" executionId="f2c840c3-37c9-41b5-b5ab-d01916ee1346" testListId="8c84fa94-04c1-424b-9868-57a2d4851a1d" />
    <TestEntry testId="8491f0a3-ed14-5fdd-d64c-af335660b6b8" executionId="abacc7ee-7ffd-4e40-a65e-553ecf5e6d33" testListId="8c84fa94-04c1-424b-9868-57a2d4851a1d" />
    <TestEntry testId="a97810bc-ccf4-4f77-152b-d7c40d37cd64" executionId="28b8c920-e345-4947-9abd-a18958422701" testListId="8c84fa94-04c1-424b-9868-57a2d4851a1d" />
    <TestEntry testId="c34ab70e-c13b-c0d3-f6b8-6dc84da0bd17" executionId="a88d7107-24f3-4118-a6c8-dcb7b4d7e296" testListId="8c84fa94-04c1-424b-9868-57a2d4851a1d" />
    <TestEntry testId="daa9a8b5-17c1-3a27-8cd4-720e13369df8" executionId="0f31730e-e8fc-49a7-ac34-bd7e87440e85" testListId="8c84fa94-04c1-424b-9868-57a2d4851a1d" />
    <TestEntry testId="237b1260-5bf2-21f1-fab1-5f4efe94ad6e" executionId="6a7bd817-505c-4c3f-bf09-e50b05660cf2" testListId="8c84fa94-04c1-424b-9868-57a2d4851a1d" />
    <TestEntry testId="72858ddf-be22-dd7b-74db-ce66ecacd1dd" executionId="415995ee-ff55-4118-9c71-2db3454804dc" testListId="8c84fa94-04c1-424b-9868-57a2d4851a1d" />
    <TestEntry testId="11ed9e7e-df07-2b0d-0eec-e5030427083f" executionId="62479506-2710-4b90-939f-8610409735ef" testListId="8c84fa94-04c1-424b-9868-57a2d4851a1d" />
    <TestEntry testId="d380f6a1-83cc-0c12-360c-ba81b340bce2" executionId="c07ad6ec-e34d-4888-9a77-b72454532c65" testListId="8c84fa94-04c1-424b-9868-57a2d4851a1d" />
    <TestEntry testId="97fa9539-2f5b-d008-d8ef-c0d60778ca89" executionId="f06c53ae-4141-4fed-8034-fd5d15b21534" testListId="8c84fa94-04c1-424b-9868-57a2d4851a1d" />
    <TestEntry testId="61cb44e8-f4b9-17e3-5cff-1fc9b36625bf" executionId="b2223eb9-944f-4638-8539-9082a7e87ef3" testListId="8c84fa94-04c1-424b-9868-57a2d4851a1d" />
    <TestEntry testId="9b9cb762-c5b9-fbcf-33f7-2ca2d3e98b42" executionId="00fd462d-64dd-4325-926c-6885126e38e1" testListId="8c84fa94-04c1-424b-9868-57a2d4851a1d" />
    <TestEntry testId="38f897eb-957e-6945-e8b5-f2e873b7ac17" executionId="3d4ea4ed-1404-463e-80bf-fd6159e12460" testListId="8c84fa94-04c1-424b-9868-57a2d4851a1d" />
    <TestEntry testId="3b212d04-f6e8-ace9-1475-1632b0249f80" executionId="dd16fde8-2b69-4d35-88de-672ee21ef535" testListId="8c84fa94-04c1-424b-9868-57a2d4851a1d" />
    <TestEntry testId="a5736665-a659-170c-f088-df8850eec8a7" executionId="fde1bc7a-8f56-4cfd-b73b-51d95ed6b208" testListId="8c84fa94-04c1-424b-9868-57a2d4851a1d" />
    <TestEntry testId="294f15b0-a486-8084-b9ae-585b30f21a60" executionId="fcaf51fa-7d1c-4d25-a975-465f63fd8b31" testListId="8c84fa94-04c1-424b-9868-57a2d4851a1d" />
    <TestEntry testId="48480e6e-913f-e95b-4a6c-465d36475b6a" executionId="d4ac21e1-8e85-4e6d-bd49-6adc889f76ee" testListId="8c84fa94-04c1-424b-9868-57a2d4851a1d" />
    <TestEntry testId="1dbf06ec-4cde-4ef3-de39-b5efb671422f" executionId="a23c197a-d629-48fe-b513-6610c05118ff" testListId="8c84fa94-04c1-424b-9868-57a2d4851a1d" />
    <TestEntry testId="9e60da1f-2da8-eacc-63f9-9c91b8a7e042" executionId="aba4574f-d02d-4e90-933e-441665179dfd" testListId="8c84fa94-04c1-424b-9868-57a2d4851a1d" />
    <TestEntry testId="6f661c9f-cb4c-fdf6-5a9a-217f69ebc5d5" executionId="d5b07db4-ccb0-4de6-bc50-8acf86818682" testListId="8c84fa94-04c1-424b-9868-57a2d4851a1d" />
    <TestEntry testId="e8ec7e81-c75e-50ea-5d4f-c58eeb7d8270" executionId="08f45c14-a2fb-4b99-aa36-82518779278d" testListId="8c84fa94-04c1-424b-9868-57a2d4851a1d" />
    <TestEntry testId="5c2754e4-1c80-78fc-5cc7-dfd05e800cc5" executionId="dc62551e-bcc9-47a1-9096-756d83686311" testListId="8c84fa94-04c1-424b-9868-57a2d4851a1d" />
    <TestEntry testId="761c5474-ba0b-efdd-0d5f-bfbe630a98c2" executionId="65492f25-e2cc-4fe1-9294-2ef4140db03e" testListId="8c84fa94-04c1-424b-9868-57a2d4851a1d" />
    <TestEntry testId="7c3ffa01-e97c-2ed2-ce73-5d584269f0e2" executionId="280af16c-b74a-4719-9aa8-3edd4d1af62a" testListId="8c84fa94-04c1-424b-9868-57a2d4851a1d" />
    <TestEntry testId="d9756703-fed3-1fb8-7195-5dae810af3cf" executionId="36a2de58-a7e9-4d4e-8e40-6395276707f4" testListId="8c84fa94-04c1-424b-9868-57a2d4851a1d" />
    <TestEntry testId="69eeb057-df94-2674-fba1-959c41ef1419" executionId="ab8c7617-0661-4715-9970-16aa0c93a811" testListId="8c84fa94-04c1-424b-9868-57a2d4851a1d" />
    <TestEntry testId="3a8cda37-b7cc-323f-afa4-03303dd2ce88" executionId="e7f1ab42-2594-4e7d-a3e5-5620f121d735" testListId="8c84fa94-04c1-424b-9868-57a2d4851a1d" />
    <TestEntry testId="ae407fd6-e927-5656-0ce5-4192f5da53cb" executionId="ebd84330-2fa6-402c-982a-ee96a02b919c" testListId="8c84fa94-04c1-424b-9868-57a2d4851a1d" />
    <TestEntry testId="f45cbb0f-431c-8958-4b27-e85aa47cbe41" executionId="5bb06bc1-87fd-4f6b-bc94-d05d81fa3796" testListId="8c84fa94-04c1-424b-9868-57a2d4851a1d" />
    <TestEntry testId="ff400e5b-d8ea-836f-c081-66cfe2473c87" executionId="c6cf24f9-b536-4f61-b432-5c8a841dad45" testListId="8c84fa94-04c1-424b-9868-57a2d4851a1d" />
    <TestEntry testId="5aa929b3-dac1-52ec-e2ea-8e7fca692c42" executionId="0de4eb53-c119-4465-8ff0-1e5e3216a1a8" testListId="8c84fa94-04c1-424b-9868-57a2d4851a1d" />
    <TestEntry testId="f5005d81-5a9b-ef44-7fc2-52377fae83f4" executionId="0cbb82fb-b605-4903-8030-f006b058b682" testListId="8c84fa94-04c1-424b-9868-57a2d4851a1d" />
    <TestEntry testId="4fa0fe8a-60b4-1b4b-175d-a18573723ba2" executionId="48b1784a-5588-487e-a79c-fcc535fca670" testListId="8c84fa94-04c1-424b-9868-57a2d4851a1d" />
    <TestEntry testId="56dbe364-b862-68d4-f157-de01aca24e66" executionId="ac1d8bdb-80ba-4838-a312-cb87e4d38d77" testListId="8c84fa94-04c1-424b-9868-57a2d4851a1d" />
    <TestEntry testId="ad89a04b-1d6c-269b-831e-2a5afc742278" executionId="41a78206-35b4-4d01-a448-e58dae851ef9" testListId="8c84fa94-04c1-424b-9868-57a2d4851a1d" />
    <TestEntry testId="40be92cf-d13e-6e4d-cafb-3ad22a6b9f7e" executionId="f0c38059-3a1d-4871-86b8-f81a68d309b6" testListId="8c84fa94-04c1-424b-9868-57a2d4851a1d" />
    <TestEntry testId="05d28227-9bee-a7ac-5d44-a19da1f5106c" executionId="1d430b58-535d-459e-bff4-9e9227e3b5e6" testListId="8c84fa94-04c1-424b-9868-57a2d4851a1d" />
    <TestEntry testId="ccb01d77-9abe-d52e-f6b1-1f27fb49d5d4" executionId="9dde6711-6401-4bc9-abf5-c75add4b062c" testListId="8c84fa94-04c1-424b-9868-57a2d4851a1d" />
    <TestEntry testId="61863f63-9d64-1d88-3d10-ad0f63ed338b" executionId="f3af73ef-9007-48db-8e6e-1069a4a74314" testListId="8c84fa94-04c1-424b-9868-57a2d4851a1d" />
    <TestEntry testId="fe5f39e6-4cd0-a90c-3fd0-4ec94c3771bb" executionId="063528dd-eadd-4a47-963d-ed193642f526" testListId="8c84fa94-04c1-424b-9868-57a2d4851a1d" />
    <TestEntry testId="b28ab50d-11be-d323-527c-bc8feda9af8a" executionId="9c25fab3-2fa2-404b-8cf5-f382eebbca21" testListId="8c84fa94-04c1-424b-9868-57a2d4851a1d" />
    <TestEntry testId="04127ca2-1b44-60f0-2ddc-d2453cd48c79" executionId="2b0e45c2-f788-4a18-b202-1864cda09dc0" testListId="8c84fa94-04c1-424b-9868-57a2d4851a1d" />
    <TestEntry testId="f4a097ad-04f4-9e9c-b96f-49eb0101bd6d" executionId="8ad9cca9-e6c2-431f-9529-59f3f78ed600" testListId="8c84fa94-04c1-424b-9868-57a2d4851a1d" />
    <TestEntry testId="c303e402-0edb-f6ba-e4af-33ac122437de" executionId="b5be3632-1150-49b0-a6f8-357870c9e102" testListId="8c84fa94-04c1-424b-9868-57a2d4851a1d" />
    <TestEntry testId="21bbacc0-ff4d-ad67-a90f-e4f994353077" executionId="c19b8df1-5d12-4195-a3a3-a4f0014180a1" testListId="8c84fa94-04c1-424b-9868-57a2d4851a1d" />
    <TestEntry testId="b805cea1-9061-e180-4bd1-a6b18b6307ab" executionId="d5a28a8f-fd49-4b39-8c44-72d92912a7f0" testListId="8c84fa94-04c1-424b-9868-57a2d4851a1d" />
    <TestEntry testId="e238bfca-4b11-493d-42eb-8f12a1ef721f" executionId="0642cbdd-1176-4e7f-b331-4962e6f3beb8" testListId="8c84fa94-04c1-424b-9868-57a2d4851a1d" />
    <TestEntry testId="45e7282a-ab42-966d-c9cc-b039211e5621" executionId="9e1607f3-94f6-4b72-8402-75054666abbb" testListId="8c84fa94-04c1-424b-9868-57a2d4851a1d" />
    <TestEntry testId="302cac3a-acd8-63e7-21fb-e5689524a492" executionId="876f3a00-fd7f-494c-b913-fc440385d85d" testListId="8c84fa94-04c1-424b-9868-57a2d4851a1d" />
    <TestEntry testId="92748693-9b58-d8e3-eb5b-22d11e2e9e9d" executionId="ca5b0d9f-598a-43e1-8537-d3893a973a3e" testListId="8c84fa94-04c1-424b-9868-57a2d4851a1d" />
    <TestEntry testId="0fab285a-bfbc-a49a-b095-2b979efe33e8" executionId="c6177288-bd72-40bf-a661-b3695de867e3" testListId="8c84fa94-04c1-424b-9868-57a2d4851a1d" />
    <TestEntry testId="adafe729-87a5-6f47-8e2f-84195056d442" executionId="d0b7e205-2c31-4dcf-9bc9-31a084f33eb1" testListId="8c84fa94-04c1-424b-9868-57a2d4851a1d" />
    <TestEntry testId="4f6b94b9-8c0a-f905-af50-086f7c071ad9" executionId="58104c0b-0d97-4c8d-b3a8-c5dca8c22570" testListId="8c84fa94-04c1-424b-9868-57a2d4851a1d" />
    <TestEntry testId="3c1ea8ba-f2b4-a355-28eb-de4dee6b9be9" executionId="8d2e4831-164b-4c13-b4d4-33efb0307ba5" testListId="8c84fa94-04c1-424b-9868-57a2d4851a1d" />
    <TestEntry testId="2bdae34b-74e4-b57e-0c4e-9f8a61c91aa5" executionId="a9eaf457-131c-4680-ae7b-86ea26d59824" testListId="8c84fa94-04c1-424b-9868-57a2d4851a1d" />
    <TestEntry testId="d702a2a7-0d80-6e33-b0a7-e0e379e29093" executionId="6c95d974-7520-4a6d-87d6-a100d104d03f" testListId="8c84fa94-04c1-424b-9868-57a2d4851a1d" />
    <TestEntry testId="0c859aba-4f30-51d2-a318-7300b0569a9b" executionId="2d973396-af79-48f5-bef7-bb28e01f0c7e" testListId="8c84fa94-04c1-424b-9868-57a2d4851a1d" />
    <TestEntry testId="8b9bc8ba-9742-8b44-9f33-0b46de660b7e" executionId="ba99d21a-b6ea-4bf5-aba2-c303ada5ba67" testListId="8c84fa94-04c1-424b-9868-57a2d4851a1d" />
    <TestEntry testId="cd5a26d8-2bfb-59a4-04b5-4f695fd431f8" executionId="c07c9ee1-c505-469e-852c-ea4552a57ffd" testListId="8c84fa94-04c1-424b-9868-57a2d4851a1d" />
    <TestEntry testId="5e1c3933-e4f7-a4af-71e7-871c86d36adf" executionId="d2b1137e-2752-478b-ab70-b31f67f2ac22" testListId="8c84fa94-04c1-424b-9868-57a2d4851a1d" />
    <TestEntry testId="e31c0c60-96f3-c3fc-f48c-6d389a7185de" executionId="6b6d80cb-aac4-493c-a2ba-fb59daec45cb" testListId="8c84fa94-04c1-424b-9868-57a2d4851a1d" />
    <TestEntry testId="d2be2dc8-81b6-46cb-cbba-3709ad4b1996" executionId="614a1403-6c16-4680-9936-ac7fca12903b" testListId="8c84fa94-04c1-424b-9868-57a2d4851a1d" />
    <TestEntry testId="c85737d8-c8f4-a23c-9c62-4ed60400843c" executionId="2edcc1d9-b7cc-4bfc-8ba7-3ee32dad9d05" testListId="8c84fa94-04c1-424b-9868-57a2d4851a1d" />
    <TestEntry testId="0b4d877e-fce2-536e-a6f4-e4fbe4e6e47c" executionId="997458b4-6767-4a60-93b3-34003b65bda9" testListId="8c84fa94-04c1-424b-9868-57a2d4851a1d" />
    <TestEntry testId="bf0f3eb7-c08a-24a8-fd8d-3d7e3051107b" executionId="d583d876-78a4-4745-8a81-db1e30548fc6" testListId="8c84fa94-04c1-424b-9868-57a2d4851a1d" />
    <TestEntry testId="a75df869-b8ee-c89b-7cd3-025e83911294" executionId="4ccd3797-9e10-4c26-af78-b381da87b1da" testListId="8c84fa94-04c1-424b-9868-57a2d4851a1d" />
    <TestEntry testId="5a93f8c6-dddb-38ff-5f2b-b7e5cc3ddb6a" executionId="2241ec61-3c43-411a-94ee-821c4ebfddec" testListId="8c84fa94-04c1-424b-9868-57a2d4851a1d" />
    <TestEntry testId="baa856d2-0f24-fb78-786f-66276d918a1d" executionId="eb42b66a-a5fe-454e-ab19-ac805c87313c" testListId="8c84fa94-04c1-424b-9868-57a2d4851a1d" />
    <TestEntry testId="91970791-479f-53e8-256c-76fb4b85cf1d" executionId="3f4f6dc9-505c-4968-b93f-841292038d91" testListId="8c84fa94-04c1-424b-9868-57a2d4851a1d" />
    <TestEntry testId="4d07a1bc-a8d9-c223-fb28-a20fa9ce459f" executionId="23a29458-c625-4e4e-b304-539333b37c5c" testListId="8c84fa94-04c1-424b-9868-57a2d4851a1d" />
    <TestEntry testId="2154354b-9164-5585-480c-7dedd5c54210" executionId="0fb1beda-e83f-4b0d-8e7f-71262f43dfad" testListId="8c84fa94-04c1-424b-9868-57a2d4851a1d" />
    <TestEntry testId="ce6af9f0-4b11-7bc7-9919-f6caf3d5d5f3" executionId="48190808-6147-4b8e-8670-c29c6e9a5e31" testListId="8c84fa94-04c1-424b-9868-57a2d4851a1d" />
    <TestEntry testId="e9257337-b714-27d4-32a8-94e3008408f8" executionId="bd374dae-5ce2-4bbd-b5ec-e3bbf748edf1" testListId="8c84fa94-04c1-424b-9868-57a2d4851a1d" />
    <TestEntry testId="fa17089e-753f-5fa3-f3ed-36d704a8d2ac" executionId="27ee452b-6869-4c31-841f-7477c8c33f49" testListId="8c84fa94-04c1-424b-9868-57a2d4851a1d" />
    <TestEntry testId="87ce6106-4ac0-9f5c-9d1b-30007974d2cb" executionId="16325482-7e84-40da-ba52-de8f5dd2ef0b" testListId="8c84fa94-04c1-424b-9868-57a2d4851a1d" />
    <TestEntry testId="a8d731c5-67df-9575-20e2-4e702b3d5817" executionId="fbd3e819-eb91-4380-90c2-75fb711b6de6" testListId="8c84fa94-04c1-424b-9868-57a2d4851a1d" />
    <TestEntry testId="67b93cbf-4a61-71bd-d4ce-d603f3c3b311" executionId="d37ea7e8-82e4-4c17-b6cf-74d817ebf5c5" testListId="8c84fa94-04c1-424b-9868-57a2d4851a1d" />
    <TestEntry testId="d9021346-4b7d-e467-848a-6a660c41636c" executionId="5ce884f5-c1a2-4565-9754-678437185470" testListId="8c84fa94-04c1-424b-9868-57a2d4851a1d" />
    <TestEntry testId="f96cba70-db37-0f83-9cd0-465945a7184e" executionId="bc24e557-46a2-48cd-ac88-1846f1f92154" testListId="8c84fa94-04c1-424b-9868-57a2d4851a1d" />
    <TestEntry testId="b3d46dfa-7a62-d522-3960-5646d987d2b9" executionId="269de97a-e5c2-4592-9459-f34245f1bbb7" testListId="8c84fa94-04c1-424b-9868-57a2d4851a1d" />
    <TestEntry testId="b82e8809-4def-9359-7a57-795e7616c335" executionId="c919e299-07a4-4ca2-b6df-dbe4692a1d03" testListId="8c84fa94-04c1-424b-9868-57a2d4851a1d" />
    <TestEntry testId="b903f011-25d7-d156-43c9-1974a38b345d" executionId="9ce75b0e-d273-4171-a163-ef05375310ca" testListId="8c84fa94-04c1-424b-9868-57a2d4851a1d" />
    <TestEntry testId="5058bebd-02f5-fdd0-776c-ccea1412870f" executionId="9abb46c8-4643-486d-93c9-7c04451a34e6" testListId="8c84fa94-04c1-424b-9868-57a2d4851a1d" />
    <TestEntry testId="10e970c4-cd41-e630-0953-62de694a4cfc" executionId="195da6ee-098d-4467-87da-a82205877dab" testListId="8c84fa94-04c1-424b-9868-57a2d4851a1d" />
    <TestEntry testId="4858eca7-ac2a-e51a-34d1-70891bbff583" executionId="43fd1918-8873-4335-91bf-489f0fbf7eb5" testListId="8c84fa94-04c1-424b-9868-57a2d4851a1d" />
    <TestEntry testId="4308f885-151f-014b-166d-40692645a73a" executionId="04fe8118-e324-4b20-88ee-d5cb32349bfb" testListId="8c84fa94-04c1-424b-9868-57a2d4851a1d" />
    <TestEntry testId="0eb2cf4b-202a-2f21-374f-50b4b3adc607" executionId="fec9e14b-6892-4155-ad0b-56fc8edbe858" testListId="8c84fa94-04c1-424b-9868-57a2d4851a1d" />
    <TestEntry testId="86ad28ff-91bc-6dfc-4b29-d680c9d331eb" executionId="1ecf0c21-cfe6-4aa0-bdec-43a5d904d60c" testListId="8c84fa94-04c1-424b-9868-57a2d4851a1d" />
    <TestEntry testId="c83faa4e-9cfa-b743-e7ea-a4956027273b" executionId="af93ffdb-3c80-4de5-acc7-bb7c7e026bb6" testListId="8c84fa94-04c1-424b-9868-57a2d4851a1d" />
    <TestEntry testId="a69afd9b-81e8-28e1-2371-18b74a947656" executionId="15a571eb-9241-48b3-bc37-519154a90fd4" testListId="8c84fa94-04c1-424b-9868-57a2d4851a1d" />
    <TestEntry testId="4efa35ac-3125-a521-7208-253d92298a56" executionId="e2f9981f-c3da-430b-b915-4469d39551cb" testListId="8c84fa94-04c1-424b-9868-57a2d4851a1d" />
    <TestEntry testId="65d35c13-0e19-06e3-2b90-fbf07f6234bd" executionId="3b0abdf9-791f-402c-979c-e0d58ab74fd5" testListId="8c84fa94-04c1-424b-9868-57a2d4851a1d" />
    <TestEntry testId="2c083ad7-fea5-5b33-ddd6-bb2be00bd90c" executionId="8dfe9cee-c0c6-4b65-8e3c-181d4b1fedb7" testListId="8c84fa94-04c1-424b-9868-57a2d4851a1d" />
    <TestEntry testId="7c18917f-7141-7732-3a7b-36439ce0baa1" executionId="b7e68e5c-eb2d-48f2-9ae2-46ee3ff91ae9" testListId="8c84fa94-04c1-424b-9868-57a2d4851a1d" />
    <TestEntry testId="4cc08620-7636-5b0e-e6ce-7fa1f27effef" executionId="6558f26f-afa0-409e-8f18-6c18ece53a0f" testListId="8c84fa94-04c1-424b-9868-57a2d4851a1d" />
    <TestEntry testId="71aa02e1-e075-142b-97e5-961b91ee4f3d" executionId="0e53256d-9aa4-4bf9-a1b4-018735f17d18" testListId="8c84fa94-04c1-424b-9868-57a2d4851a1d" />
    <TestEntry testId="30971562-18c2-709e-97a4-74161badb09c" executionId="ebcd964d-cd44-45f4-9e16-26db7f965477" testListId="8c84fa94-04c1-424b-9868-57a2d4851a1d" />
    <TestEntry testId="a735bc53-5ccf-d2d2-51e4-40be87eec2ab" executionId="3ed79380-54dc-45d3-8628-909c254ee800" testListId="8c84fa94-04c1-424b-9868-57a2d4851a1d" />
    <TestEntry testId="0fb54a08-345f-ee29-01d6-61a60fb47ced" executionId="0db1a943-61d4-4585-9722-0595a352247b" testListId="8c84fa94-04c1-424b-9868-57a2d4851a1d" />
    <TestEntry testId="14379ebb-9dd5-379e-3072-3bfd6770d049" executionId="b9f58f9b-f944-4b1b-b2ec-e4a5fa7db775" testListId="8c84fa94-04c1-424b-9868-57a2d4851a1d" />
    <TestEntry testId="1d8f4068-0f19-f951-5966-43f32b70fb4f" executionId="ee92b421-1b26-4bc6-a8ed-cfecf938487a" testListId="8c84fa94-04c1-424b-9868-57a2d4851a1d" />
    <TestEntry testId="7b2e748c-5793-e1c6-45bc-d5f863686469" executionId="095870a4-f8e4-403e-877d-dddeb1d9c664" testListId="8c84fa94-04c1-424b-9868-57a2d4851a1d" />
    <TestEntry testId="cc7d6c48-2140-f681-276a-ee6d54b1f129" executionId="9eba8143-1223-484f-a916-0d8d40fa8d4d" testListId="8c84fa94-04c1-424b-9868-57a2d4851a1d" />
    <TestEntry testId="d810e333-5279-6858-6f15-bdf834685746" executionId="78b74e54-53bc-4a93-85c8-0598a4929dc7" testListId="8c84fa94-04c1-424b-9868-57a2d4851a1d" />
    <TestEntry testId="a8f82c34-f413-0466-fc76-669da2c23141" executionId="18369e68-3e9f-43c0-ae86-4af037b88bf1" testListId="8c84fa94-04c1-424b-9868-57a2d4851a1d" />
    <TestEntry testId="c09fd9f3-56b2-979f-b5dc-a5cbb3bb898a" executionId="7e95cb20-0dec-4a51-a3c7-00ff89b85f65" testListId="8c84fa94-04c1-424b-9868-57a2d4851a1d" />
    <TestEntry testId="575b3040-83fc-2437-91d5-9ac3f2af85b4" executionId="48532ecf-adbb-4bf6-b9d1-ee115b3793bb" testListId="8c84fa94-04c1-424b-9868-57a2d4851a1d" />
    <TestEntry testId="8e549758-1d04-7bb3-a187-b61fc529196f" executionId="f1e1854a-e7e7-486f-b5e8-b3e2deb31174" testListId="8c84fa94-04c1-424b-9868-57a2d4851a1d" />
    <TestEntry testId="3172308c-0e5e-05a2-a398-90977e0ab705" executionId="99ce207f-f45e-4648-9a52-ce1b1412fc94" testListId="8c84fa94-04c1-424b-9868-57a2d4851a1d" />
    <TestEntry testId="fb7bf331-bde6-9156-c7eb-687415ce01f4" executionId="1c1035fe-fa59-4153-a4e0-62c4902172f0" testListId="8c84fa94-04c1-424b-9868-57a2d4851a1d" />
    <TestEntry testId="fdb8f5e8-aebb-9f4d-e956-1151e0f88117" executionId="0e8e749b-b61e-45a4-ba6c-5494a7bf71ac" testListId="8c84fa94-04c1-424b-9868-57a2d4851a1d" />
    <TestEntry testId="f34d9844-3970-87ba-1a6d-f7c3b662af09" executionId="5bfc50ba-8a63-48a0-a2ca-59085cd9ecb8" testListId="8c84fa94-04c1-424b-9868-57a2d4851a1d" />
    <TestEntry testId="71b5be91-6e3e-5890-08ca-57e68e3990bc" executionId="7de0cb5b-3368-464b-8451-e3625bc553b7" testListId="8c84fa94-04c1-424b-9868-57a2d4851a1d" />
    <TestEntry testId="41fb6436-3dfd-f2cc-b2c2-3eb1f8450637" executionId="aa7d8ca0-15f9-4bc3-8805-ad7b395a82b3" testListId="8c84fa94-04c1-424b-9868-57a2d4851a1d" />
    <TestEntry testId="0af3eea6-5817-a867-a6c4-92fe1e3e316c" executionId="b6a3a625-6f99-4481-ae80-30eecb5d7963" testListId="8c84fa94-04c1-424b-9868-57a2d4851a1d" />
    <TestEntry testId="03249ab3-78a8-f0c2-3edd-fa3544db15c9" executionId="e913fdaa-d66b-4e96-8c49-d31ad251416b" testListId="8c84fa94-04c1-424b-9868-57a2d4851a1d" />
    <TestEntry testId="d633a901-6eef-f5d7-952c-569ae3ddce8f" executionId="adc52c6a-fcbc-4e5c-8141-d9842c9e8a73" testListId="8c84fa94-04c1-424b-9868-57a2d4851a1d" />
    <TestEntry testId="caaa55d0-af40-7108-2d48-eb01bc500599" executionId="baadd12d-cb0f-4b31-8582-1997b42d0805" testListId="8c84fa94-04c1-424b-9868-57a2d4851a1d" />
    <TestEntry testId="5b76fee7-881d-69f4-bb6e-50523ab527c9" executionId="1dc65567-d30e-419c-8e3c-8fe4e85c9965" testListId="8c84fa94-04c1-424b-9868-57a2d4851a1d" />
    <TestEntry testId="3dca0048-5c2b-c7cd-4eca-6367cfc4f1ca" executionId="d953e38c-e4e5-4be6-9ed5-2014f9de0734" testListId="8c84fa94-04c1-424b-9868-57a2d4851a1d" />
    <TestEntry testId="59fa5d82-f5a4-cb1c-ec41-0422b5d07418" executionId="336ed93d-aa6d-463d-a96d-0eedecaceb06" testListId="8c84fa94-04c1-424b-9868-57a2d4851a1d" />
    <TestEntry testId="2cd343bd-badc-869e-d32e-7b446b74dbcf" executionId="d1b93675-8554-453e-a40e-6acc51d77960" testListId="8c84fa94-04c1-424b-9868-57a2d4851a1d" />
    <TestEntry testId="cbfda56e-8c0a-ba07-a0f8-119519aa985c" executionId="6e63c688-0df2-4b86-bd62-27014ba067b5" testListId="8c84fa94-04c1-424b-9868-57a2d4851a1d" />
    <TestEntry testId="9feffc56-b6c3-64a3-e834-86f62ce8266d" executionId="0c0ad681-d74a-47f7-b67e-72f784c7c77d" testListId="8c84fa94-04c1-424b-9868-57a2d4851a1d" />
    <TestEntry testId="6eb5b91d-aafa-339f-fbef-69ff28a5c36d" executionId="e41978dc-550b-4bc8-9847-9a9b55a47aae" testListId="8c84fa94-04c1-424b-9868-57a2d4851a1d" />
    <TestEntry testId="6127c2a7-0d58-b2ca-c80b-3d883558c1c7" executionId="c8840b77-b8a9-49d7-8dd9-7a4a1053739f" testListId="8c84fa94-04c1-424b-9868-57a2d4851a1d" />
    <TestEntry testId="4b28c4f2-243a-8c78-12a1-344fb80c29cf" executionId="02f3a710-bc50-42e0-8689-095a42c11f50" testListId="8c84fa94-04c1-424b-9868-57a2d4851a1d" />
    <TestEntry testId="b8787739-4c07-b11a-eff9-c330a8615328" executionId="eaaedfef-a2ba-4dc6-87e6-b53d7a0fd975" testListId="8c84fa94-04c1-424b-9868-57a2d4851a1d" />
    <TestEntry testId="584d2955-8662-50b8-9c7a-cb8a910d527d" executionId="3a827b3e-c2d0-4563-9698-6f1aee6ba01f" testListId="8c84fa94-04c1-424b-9868-57a2d4851a1d" />
    <TestEntry testId="f308d529-c66b-0a68-1a35-9384b1697bbf" executionId="b93a4193-135b-4090-bc78-8b40a5cc1506" testListId="8c84fa94-04c1-424b-9868-57a2d4851a1d" />
    <TestEntry testId="31700bf4-6510-c80b-a8c1-214e5c472432" executionId="3c194113-3f4b-4260-9ce3-53509f2fb6dc" testListId="8c84fa94-04c1-424b-9868-57a2d4851a1d" />
    <TestEntry testId="f1ddd1cb-937b-c6a5-5626-287e7f18daa2" executionId="69f8d2f9-09c9-45ad-b8b9-94f8ca6770bb" testListId="8c84fa94-04c1-424b-9868-57a2d4851a1d" />
    <TestEntry testId="04661d81-bbef-c82f-71cf-dda291897ead" executionId="32ca29eb-bc15-4920-9674-bdbd07d59b5a" testListId="8c84fa94-04c1-424b-9868-57a2d4851a1d" />
    <TestEntry testId="c9010c04-7ef0-ce4b-7d42-778e915f5883" executionId="cf31ec7b-d3d7-4b07-a71a-b614b7513dab" testListId="8c84fa94-04c1-424b-9868-57a2d4851a1d" />
    <TestEntry testId="185ede31-fab0-85ad-ad6a-a8eab36c8466" executionId="ef0598c2-0a4f-4f0d-bc0a-e1e45e698bb7" testListId="8c84fa94-04c1-424b-9868-57a2d4851a1d" />
    <TestEntry testId="9634b23e-736b-8d03-4e65-5819fb03baa5" executionId="7c694de7-0986-4280-b6b1-a4c673609c7d" testListId="8c84fa94-04c1-424b-9868-57a2d4851a1d" />
    <TestEntry testId="4b9288d3-23bb-6d5e-ced0-2389f5e0b638" executionId="9b61f2ff-1914-4ba2-a9c6-346e8b72552f" testListId="8c84fa94-04c1-424b-9868-57a2d4851a1d" />
    <TestEntry testId="631aa61c-5891-97bd-8c16-092dfa85bf9b" executionId="ba4f3d9f-f340-46e8-ac5f-ce33ce3c7fc0" testListId="8c84fa94-04c1-424b-9868-57a2d4851a1d" />
    <TestEntry testId="0a42a686-a011-6952-a95e-fae33dbe0b19" executionId="5e69be3e-52f5-44f0-b5d1-c176fc56e63c" testListId="8c84fa94-04c1-424b-9868-57a2d4851a1d" />
    <TestEntry testId="248dc14a-7b24-2159-ea3a-30144e961aa7" executionId="43181e90-9e0e-4f38-a794-62b8e795e3ee" testListId="8c84fa94-04c1-424b-9868-57a2d4851a1d" />
    <TestEntry testId="b4f18443-22cf-826b-3478-6d5f920e371c" executionId="0154f5eb-5b11-4d0b-adc0-79ca891e31ca" testListId="8c84fa94-04c1-424b-9868-57a2d4851a1d" />
    <TestEntry testId="c6cb5829-9900-78b4-ad40-ce24294fb2f7" executionId="4cf75ffe-e6cc-4b13-aebe-cc67cf94962d" testListId="8c84fa94-04c1-424b-9868-57a2d4851a1d" />
    <TestEntry testId="37e53818-7fa5-17d7-012c-004f89325673" executionId="1148e1d9-5666-4e2c-b405-ed9d4c0ef3fd" testListId="8c84fa94-04c1-424b-9868-57a2d4851a1d" />
    <TestEntry testId="156f5ebd-8a60-46f3-8ac8-18455127849a" executionId="5d999b11-4f49-48f9-82ae-5893ae42d883" testListId="8c84fa94-04c1-424b-9868-57a2d4851a1d" />
    <TestEntry testId="783752e7-0a8e-7713-0dfb-eb72f3fc27d6" executionId="dae165b0-4187-4bca-a2f9-56c40c60acad" testListId="8c84fa94-04c1-424b-9868-57a2d4851a1d" />
    <TestEntry testId="83c96126-428f-5139-26c1-00806d946a42" executionId="a875ec21-eec7-4c93-b36b-3f8b74f1d19d" testListId="8c84fa94-04c1-424b-9868-57a2d4851a1d" />
    <TestEntry testId="9e564273-69a8-eaf4-221d-8cb7dd068c7d" executionId="ac2e42b9-d79d-4a49-bda5-4bc08981227e" testListId="8c84fa94-04c1-424b-9868-57a2d4851a1d" />
    <TestEntry testId="99085e4f-7a45-28dd-d73e-76b910959f1c" executionId="383f1ad8-2d77-40c7-be3a-db436becd42b" testListId="8c84fa94-04c1-424b-9868-57a2d4851a1d" />
    <TestEntry testId="696d2b08-2b8a-7456-8791-bc3514cd955e" executionId="00257cc6-acd1-459a-a275-9fdbd8bc2015" testListId="8c84fa94-04c1-424b-9868-57a2d4851a1d" />
    <TestEntry testId="020066de-5c14-b477-efe9-293da5e965f0" executionId="296e402d-9d46-4909-9e59-208b8e4ec0f2" testListId="8c84fa94-04c1-424b-9868-57a2d4851a1d" />
    <TestEntry testId="27c9de3f-c624-ee93-069f-2072d9c30f0a" executionId="ec4a90f3-d6fd-44d0-b5a2-48e6be2a613c" testListId="8c84fa94-04c1-424b-9868-57a2d4851a1d" />
    <TestEntry testId="f03f6860-12a5-6960-814c-3c29d5bd5d06" executionId="87d46a9f-fbe3-431d-b221-da44f7391cc9" testListId="8c84fa94-04c1-424b-9868-57a2d4851a1d" />
    <TestEntry testId="ec976d73-69f5-3cb8-c94a-fac6ea1343ca" executionId="af27e794-3d09-4469-bfef-fcef0438e5da" testListId="8c84fa94-04c1-424b-9868-57a2d4851a1d" />
    <TestEntry testId="ff088bf9-c4c9-daf8-12f7-40d9669dd362" executionId="6a4ba908-16d0-47c0-8dcf-06bff58b970d" testListId="8c84fa94-04c1-424b-9868-57a2d4851a1d" />
    <TestEntry testId="c558e0d2-3c06-e002-2aa3-e6624e30de98" executionId="5f72b73b-0753-4c64-b7a3-172ba2c2ec34" testListId="8c84fa94-04c1-424b-9868-57a2d4851a1d" />
    <TestEntry testId="e01a9a2a-2030-6ab9-7db6-efea263590e2" executionId="9f3384fd-3ab6-44c6-9798-72a9acebef59" testListId="8c84fa94-04c1-424b-9868-57a2d4851a1d" />
    <TestEntry testId="4487648c-7b44-bfaa-d7fb-20dd19782f71" executionId="98ce3011-31c6-4956-81d7-5333200221bc" testListId="8c84fa94-04c1-424b-9868-57a2d4851a1d" />
    <TestEntry testId="8b7f95f5-c5ec-10c0-26ff-eb4390bba1ee" executionId="04b038b3-93f0-4912-9dbf-ab6cf973828f" testListId="8c84fa94-04c1-424b-9868-57a2d4851a1d" />
    <TestEntry testId="5c957f35-8133-124f-9f1e-c78d4730fe22" executionId="8c0dfa59-99e2-48b1-9742-a2fba555a6bf" testListId="8c84fa94-04c1-424b-9868-57a2d4851a1d" />
    <TestEntry testId="186c8c1a-303f-5daa-ee87-7bdde9795321" executionId="4ec3572d-d50f-422b-a983-534fc1b22721" testListId="8c84fa94-04c1-424b-9868-57a2d4851a1d" />
    <TestEntry testId="7a86c51e-006c-a65e-34c9-ff3a6b2ed4b5" executionId="c5ea6c88-0dab-400a-96f6-99709771b3d1" testListId="8c84fa94-04c1-424b-9868-57a2d4851a1d" />
    <TestEntry testId="80a4940d-875d-f4f0-bd6e-0d3aab9861cb" executionId="8320906b-0599-470a-846c-a8eb27b67f39" testListId="8c84fa94-04c1-424b-9868-57a2d4851a1d" />
    <TestEntry testId="c8c9567a-0791-4ff6-39a0-7fa2a22ff301" executionId="f888c13c-152b-42db-b8ce-924e22c675f6" testListId="8c84fa94-04c1-424b-9868-57a2d4851a1d" />
    <TestEntry testId="72e1721e-ca6c-63c9-59ef-8aef6ff15353" executionId="3ba4e990-402b-4969-a823-a6a87ee772ae" testListId="8c84fa94-04c1-424b-9868-57a2d4851a1d" />
    <TestEntry testId="83af6274-cbc6-0821-9d1c-d71c57f5ac71" executionId="1795cd99-8bc4-4aec-b88b-8f42a4a687c8" testListId="8c84fa94-04c1-424b-9868-57a2d4851a1d" />
    <TestEntry testId="4608b597-f016-aaeb-6cec-43c6a698815f" executionId="0ecd231b-f95c-4528-88fb-e008c2f71e85" testListId="8c84fa94-04c1-424b-9868-57a2d4851a1d" />
    <TestEntry testId="5f1f475f-1270-641d-7d41-d4acd777aabd" executionId="a2e785d8-a8b0-49e4-bf68-8631b0903221" testListId="8c84fa94-04c1-424b-9868-57a2d4851a1d" />
    <TestEntry testId="d2ca44f4-b0fb-ea99-f88d-5612fe812eb3" executionId="0c894d70-dfdd-4896-8ce4-adef4975dc58" testListId="8c84fa94-04c1-424b-9868-57a2d4851a1d" />
    <TestEntry testId="ca7cf147-8883-8578-944a-0bb9c4bca4f5" executionId="f69b4ffb-d529-4845-81e6-8cc8fb0b6b9c" testListId="8c84fa94-04c1-424b-9868-57a2d4851a1d" />
    <TestEntry testId="e3eba5d2-93a0-e22e-731e-ed52218ff16c" executionId="1a9a1fc7-a5ac-4a37-acc4-6f2ba4256261" testListId="8c84fa94-04c1-424b-9868-57a2d4851a1d" />
    <TestEntry testId="58fbd806-2ce4-1de9-b5f6-010d0ee1cbfa" executionId="25f18cec-b60a-4d4c-bee7-d2498381dbaf" testListId="8c84fa94-04c1-424b-9868-57a2d4851a1d" />
    <TestEntry testId="1a5071af-adad-5910-41be-cb866364cc7d" executionId="a7bf1c2e-b48a-40f2-91d1-b6f44bdad770" testListId="8c84fa94-04c1-424b-9868-57a2d4851a1d" />
    <TestEntry testId="a1a0e8aa-488b-d813-0baf-a61aa194c928" executionId="7523e973-51d1-4748-95da-37f2050d3038" testListId="8c84fa94-04c1-424b-9868-57a2d4851a1d" />
    <TestEntry testId="5a63d239-8af4-ff24-ef04-165e809fc0f0" executionId="6d5430c9-2380-441c-8803-51afe8d359e2" testListId="8c84fa94-04c1-424b-9868-57a2d4851a1d" />
    <TestEntry testId="0ce41b19-5488-6227-82d4-578fa8558f1f" executionId="fa1ebe44-f4e5-4082-85a6-c2d536956474" testListId="8c84fa94-04c1-424b-9868-57a2d4851a1d" />
    <TestEntry testId="c61ee3ae-8895-24a4-03be-5c9acbad429f" executionId="a9fdf1a5-ef2c-4a0b-b797-178466841c62" testListId="8c84fa94-04c1-424b-9868-57a2d4851a1d" />
    <TestEntry testId="163fd586-92aa-6f23-9cea-f9c152d7d771" executionId="934871bd-6b47-4837-8895-23b674c09536" testListId="8c84fa94-04c1-424b-9868-57a2d4851a1d" />
    <TestEntry testId="6590b071-f8b2-e4e3-3b40-027135dfc051" executionId="de2e4907-8fed-46a3-ada8-9be2d4794bac" testListId="8c84fa94-04c1-424b-9868-57a2d4851a1d" />
    <TestEntry testId="a9730862-4522-ad92-1efa-cb822a9c946d" executionId="43b79df8-418e-41a0-ac7c-43313a94ca8d" testListId="8c84fa94-04c1-424b-9868-57a2d4851a1d" />
    <TestEntry testId="bfdd6bca-a34f-47f5-eae8-5d12e496bd00" executionId="e9e6ee9e-792d-4df9-a5f3-1975af5ac87c" testListId="8c84fa94-04c1-424b-9868-57a2d4851a1d" />
    <TestEntry testId="3fa92d95-7719-c247-fd7d-28cef4c98170" executionId="26f881c0-fadd-4a8c-9b0c-5e2d7c6a0a1e" testListId="8c84fa94-04c1-424b-9868-57a2d4851a1d" />
    <TestEntry testId="b7a54b06-1426-b0d1-c148-d7f5ca4a408c" executionId="86c11cc9-9965-4b42-8e4a-3516a45b455d" testListId="8c84fa94-04c1-424b-9868-57a2d4851a1d" />
    <TestEntry testId="06022d11-491a-4f0d-4482-3457e9003d33" executionId="8fe9b705-e36f-4718-b446-556f5801206c" testListId="8c84fa94-04c1-424b-9868-57a2d4851a1d" />
    <TestEntry testId="ed2134d1-cccc-7594-ff4e-6670ac477e6f" executionId="26b6c75f-945c-4153-a670-30a6256cdd4c" testListId="8c84fa94-04c1-424b-9868-57a2d4851a1d" />
    <TestEntry testId="847ca950-a5c5-d084-8e4e-ab9e67678604" executionId="ea585c2f-138a-4fb8-a4d3-13f533077cd0" testListId="8c84fa94-04c1-424b-9868-57a2d4851a1d" />
    <TestEntry testId="abb4aad3-77db-7359-08fe-5197066f13be" executionId="950daa9c-a21b-40a5-846a-c9af928d8ca9" testListId="8c84fa94-04c1-424b-9868-57a2d4851a1d" />
    <TestEntry testId="bea51f53-59a0-d933-da38-7b5730c49072" executionId="df2f8f95-42d6-4dc7-a3f3-00549a84abbb" testListId="8c84fa94-04c1-424b-9868-57a2d4851a1d" />
    <TestEntry testId="03e8826c-20fc-cadf-51a4-fe54882f4740" executionId="149c6745-1a91-45fc-9cdf-62782c3d45da" testListId="8c84fa94-04c1-424b-9868-57a2d4851a1d" />
    <TestEntry testId="53367b44-34c3-c14f-ebad-d28df1741450" executionId="91fd2328-a379-4666-88bd-0e3420d48a15" testListId="8c84fa94-04c1-424b-9868-57a2d4851a1d" />
    <TestEntry testId="26c85a86-1383-9737-58c9-22fa784f7da5" executionId="c27f0424-af2f-4ad8-a345-5051e122984b" testListId="8c84fa94-04c1-424b-9868-57a2d4851a1d" />
    <TestEntry testId="4637cc44-56b0-2010-e4d2-4d7d6320ef09" executionId="b2f496ff-91a4-4f37-b1bb-8032915ef067" testListId="8c84fa94-04c1-424b-9868-57a2d4851a1d" />
    <TestEntry testId="b93fddec-5e00-a1c1-fc16-4882d018fd04" executionId="e0740577-9068-4286-b112-9831426e8996" testListId="8c84fa94-04c1-424b-9868-57a2d4851a1d" />
    <TestEntry testId="bfbcecbb-ebb0-4cc4-ba14-4fec10bfe400" executionId="8e95c09e-8115-454d-b59b-06f3e1e56a8b" testListId="8c84fa94-04c1-424b-9868-57a2d4851a1d" />
    <TestEntry testId="fe35c71e-d9ed-258c-2105-0adfcd0d495e" executionId="0db928dc-98dc-4ceb-bf53-3d47e4ed2492" testListId="8c84fa94-04c1-424b-9868-57a2d4851a1d" />
    <TestEntry testId="aaa9e076-e199-e522-2c08-1bd206c5f6e7" executionId="74acab8d-01e6-4c66-9446-9d851a52771e" testListId="8c84fa94-04c1-424b-9868-57a2d4851a1d" />
    <TestEntry testId="eaf0b15c-0fc1-b6e6-caad-e11eeb0c7fda" executionId="4fbe13fb-bf95-4423-a9c7-8f1d1d663998" testListId="8c84fa94-04c1-424b-9868-57a2d4851a1d" />
    <TestEntry testId="567ca57c-5cc0-0e6c-fd41-e20b10f40469" executionId="9b78ca03-36e0-426b-abe2-2f8500d49d71" testListId="8c84fa94-04c1-424b-9868-57a2d4851a1d" />
    <TestEntry testId="598d9a80-ba03-040c-39ba-536b5b6632f4" executionId="ebebc0c3-fbbe-47c8-ab28-c9ec4c4b2645" testListId="8c84fa94-04c1-424b-9868-57a2d4851a1d" />
    <TestEntry testId="4d3fe7e4-2bde-cfc0-5403-0728b7dde62a" executionId="0fb4a244-74c7-4476-b859-114055952a95" testListId="8c84fa94-04c1-424b-9868-57a2d4851a1d" />
    <TestEntry testId="f284fcd5-95ba-5e4a-ef58-143a466ff941" executionId="56a649aa-6843-46e9-abe7-9c06e4a0d6ed" testListId="8c84fa94-04c1-424b-9868-57a2d4851a1d" />
    <TestEntry testId="f0e62743-f005-ab34-4606-22275729a052" executionId="05cee5fa-1105-4b77-b338-056288cb81c9" testListId="8c84fa94-04c1-424b-9868-57a2d4851a1d" />
    <TestEntry testId="888f3232-385d-d83f-1eb6-9a6c46cfe5c3" executionId="dc3fa155-3c8e-4323-935b-127c57cd4fbb" testListId="8c84fa94-04c1-424b-9868-57a2d4851a1d" />
    <TestEntry testId="f7a3c37c-dec7-4f70-5b8f-168bb8621231" executionId="c96641e9-b1ab-4385-8237-efa153de6102" testListId="8c84fa94-04c1-424b-9868-57a2d4851a1d" />
    <TestEntry testId="3436f427-af0a-5bde-6f98-b38b99a7cf5b" executionId="53ede820-5ff6-4093-acde-a409b30c5f60" testListId="8c84fa94-04c1-424b-9868-57a2d4851a1d" />
    <TestEntry testId="1ad63577-6f41-15d0-2387-0963e1b2bf95" executionId="0afde939-97fc-4100-895e-5288da5be406" testListId="8c84fa94-04c1-424b-9868-57a2d4851a1d" />
    <TestEntry testId="128fe360-ca56-c4c9-0f07-7350435e34a3" executionId="2d9bec77-4766-48ac-9681-b03d71c90049" testListId="8c84fa94-04c1-424b-9868-57a2d4851a1d" />
    <TestEntry testId="19ecf0ec-9a79-ad70-9475-fee54b9d8614" executionId="45d7197e-abc6-48a7-8de3-bf642d8cc90a" testListId="8c84fa94-04c1-424b-9868-57a2d4851a1d" />
    <TestEntry testId="3f3f2250-01f3-21dd-18d8-8a073a42cac3" executionId="348e4869-4d44-423c-8c3c-444ee731fa25" testListId="8c84fa94-04c1-424b-9868-57a2d4851a1d" />
    <TestEntry testId="0ed4f192-4727-c437-89cc-2b16440ebef0" executionId="635b9147-2d36-483a-8ce0-ea9a8fc1af7d" testListId="8c84fa94-04c1-424b-9868-57a2d4851a1d" />
    <TestEntry testId="bfa1b3ee-d7a8-b11e-2134-8a3b879aa609" executionId="ab2efe39-8c74-47e5-a14f-5f0470ea563d" testListId="8c84fa94-04c1-424b-9868-57a2d4851a1d" />
    <TestEntry testId="d328e580-fcf1-b0bb-73e2-fe6651dece0e" executionId="c24e2707-bb5b-43f1-8294-b625236d7a96" testListId="8c84fa94-04c1-424b-9868-57a2d4851a1d" />
    <TestEntry testId="179615f5-c9e6-0457-24a4-7182fdaf1108" executionId="dbe77b4e-28e0-42f8-bdd6-3e5eb05d26fd" testListId="8c84fa94-04c1-424b-9868-57a2d4851a1d" />
    <TestEntry testId="c24ecee8-9b5d-eb63-8afc-f2b0a38b7a72" executionId="7397bc01-b55f-4e5a-b42e-c78d0690b44e" testListId="8c84fa94-04c1-424b-9868-57a2d4851a1d" />
    <TestEntry testId="f7bc8584-126a-bce9-5286-d35d3ce59a28" executionId="dbe71ddd-5207-417f-8f66-f0c8b3bb6866" testListId="8c84fa94-04c1-424b-9868-57a2d4851a1d" />
    <TestEntry testId="717afcc9-fdbd-942f-44d5-9f5deeef640f" executionId="09483a40-fd0e-4a7a-8848-1f04781a99b4" testListId="8c84fa94-04c1-424b-9868-57a2d4851a1d" />
    <TestEntry testId="95359d07-8287-2be5-3354-cb2f7f60a3bf" executionId="8f76fe8e-6aa1-49e2-b337-358679ca388f" testListId="8c84fa94-04c1-424b-9868-57a2d4851a1d" />
    <TestEntry testId="eccf41da-6b65-aa5d-c784-b8badc726d9b" executionId="3868f57b-8b9d-40dd-8472-66465af374c8" testListId="8c84fa94-04c1-424b-9868-57a2d4851a1d" />
    <TestEntry testId="8a663fa2-76ee-caf2-967f-999f9c7a5bb3" executionId="984a6218-f90d-4a83-b7c4-62da255f7da8" testListId="8c84fa94-04c1-424b-9868-57a2d4851a1d" />
    <TestEntry testId="d5ee81d6-78bc-115b-efec-5de38db0e38b" executionId="1475de76-5345-4b63-926c-0771d68481ba" testListId="8c84fa94-04c1-424b-9868-57a2d4851a1d" />
    <TestEntry testId="836d8767-01df-4e15-8567-247721a23e4e" executionId="0037de1e-2794-46c6-a67b-6c9638c34549" testListId="8c84fa94-04c1-424b-9868-57a2d4851a1d" />
    <TestEntry testId="cb9f49fb-58b9-06a6-2d40-6492ed02487d" executionId="0947fcfb-20c7-405a-b558-28fd158bb0d3" testListId="8c84fa94-04c1-424b-9868-57a2d4851a1d" />
    <TestEntry testId="076b3f7c-bfd3-700c-3093-f885fe165b03" executionId="6e5c38d2-a926-4db8-a735-5fb71e5ccd31" testListId="8c84fa94-04c1-424b-9868-57a2d4851a1d" />
    <TestEntry testId="0fb536e2-af1a-ef21-5b53-d89a189dda8d" executionId="10c14bc7-72f2-440a-92e3-d95157992e21" testListId="8c84fa94-04c1-424b-9868-57a2d4851a1d" />
    <TestEntry testId="d99ced1b-9ef8-b735-4a70-4562dc79a9d0" executionId="d8f3c73c-75e2-4459-8d0c-e7541bc3fafd" testListId="8c84fa94-04c1-424b-9868-57a2d4851a1d" />
    <TestEntry testId="b828fc0d-bf07-676e-b8c0-6e0aa44c3171" executionId="d0a78209-93e9-4207-9438-2903834c02e0" testListId="8c84fa94-04c1-424b-9868-57a2d4851a1d" />
    <TestEntry testId="62b1fe99-5a28-bc9f-0494-f16f9326c1bc" executionId="be01482c-cce3-4341-83df-f2ae306616d3" testListId="8c84fa94-04c1-424b-9868-57a2d4851a1d" />
    <TestEntry testId="bc7abd1f-cc07-f32a-8331-b644dd93f120" executionId="7798844e-1438-43f1-8dbd-7cdf19b530e7" testListId="8c84fa94-04c1-424b-9868-57a2d4851a1d" />
    <TestEntry testId="a116b226-3d55-2529-864d-5e970bf42be4" executionId="213c9a28-3931-4d54-b8b4-1c298d635ad4" testListId="8c84fa94-04c1-424b-9868-57a2d4851a1d" />
    <TestEntry testId="97d8215e-c1fc-21f7-065d-165363a0a007" executionId="4123b62a-f76a-4680-ae21-2ed50d7ea4df" testListId="8c84fa94-04c1-424b-9868-57a2d4851a1d" />
    <TestEntry testId="546c163e-77dd-f570-5b52-f67af946e3b9" executionId="97536c74-555c-426f-9023-af774b748743" testListId="8c84fa94-04c1-424b-9868-57a2d4851a1d" />
    <TestEntry testId="366e3c61-7635-9c9b-a996-33c58fa8fc62" executionId="0f2bcec7-d1f9-492b-9ce7-a339e526245f" testListId="8c84fa94-04c1-424b-9868-57a2d4851a1d" />
    <TestEntry testId="fc18dbb3-2c7f-eef4-d751-3ff8a18e5fdc" executionId="27388049-3f16-4399-bbf2-075b3d32a4ad" testListId="8c84fa94-04c1-424b-9868-57a2d4851a1d" />
    <TestEntry testId="25b36055-f21f-fb6a-b7ef-81ccf96dd2b6" executionId="c704bf96-d5d8-449e-9aa2-6ef7fc1d6814" testListId="8c84fa94-04c1-424b-9868-57a2d4851a1d" />
    <TestEntry testId="a5e0b38b-1cb1-a5af-a5f1-f247fd82227e" executionId="7b6af6d6-7b71-4785-91a9-bb250accc5fd" testListId="8c84fa94-04c1-424b-9868-57a2d4851a1d" />
    <TestEntry testId="83514fd2-fce2-f5cf-b4b1-7b2bd8509222" executionId="663f588e-a586-4a88-92ac-994b7ab17d83" testListId="8c84fa94-04c1-424b-9868-57a2d4851a1d" />
    <TestEntry testId="38b02068-987c-3dd3-28cd-9a07df85e95b" executionId="76577590-4def-42ef-a79e-bb52a75badca" testListId="8c84fa94-04c1-424b-9868-57a2d4851a1d" />
    <TestEntry testId="e3f04803-c378-ce39-94cd-bd430620d6cb" executionId="cac22c10-8c87-4139-ae00-efd5643aee6a" testListId="8c84fa94-04c1-424b-9868-57a2d4851a1d" />
    <TestEntry testId="a8ba7efd-581f-551d-dd26-e7f6709e3995" executionId="93cb8c24-856e-462d-91cf-b98e73331bb7" testListId="8c84fa94-04c1-424b-9868-57a2d4851a1d" />
    <TestEntry testId="9cf8eb03-8fbc-6ccc-0fef-ebebfde3ba22" executionId="7625b0fc-2ab5-4961-b700-d926fe8dedc4" testListId="8c84fa94-04c1-424b-9868-57a2d4851a1d" />
    <TestEntry testId="b6d907a4-489e-cb15-8555-a5c35fcc0ce1" executionId="8341e30a-a108-4bd9-bf16-36c2d4d936eb" testListId="8c84fa94-04c1-424b-9868-57a2d4851a1d" />
    <TestEntry testId="8f731e1d-d266-da92-7f8a-593d1a2e36d6" executionId="45e9c837-d01e-4a0f-a4fa-c7e78d87bb77" testListId="8c84fa94-04c1-424b-9868-57a2d4851a1d" />
    <TestEntry testId="61bdea90-2716-ebd5-11fe-1f07a5d80915" executionId="c0806e6f-3dac-4db1-9319-8d996f9af577" testListId="8c84fa94-04c1-424b-9868-57a2d4851a1d" />
    <TestEntry testId="6b6f1069-86c1-e08a-6926-d89a012b7b47" executionId="8c08fe50-50e3-4cd5-a834-ee2038d2b7cd" testListId="8c84fa94-04c1-424b-9868-57a2d4851a1d" />
    <TestEntry testId="0ceb7858-003d-ab99-34b5-3e79f1abe40b" executionId="a8c4ac61-dd2e-436e-ab1c-b49e8bc3870a" testListId="8c84fa94-04c1-424b-9868-57a2d4851a1d" />
    <TestEntry testId="8e40a9d7-b14a-a165-b4bc-258c3936dfbd" executionId="da9079d9-4d2f-4201-9fe5-5073b207e2b5" testListId="8c84fa94-04c1-424b-9868-57a2d4851a1d" />
    <TestEntry testId="28d201d7-5353-764b-c109-520fc030be51" executionId="42c05445-20fc-405b-8d7f-55bc3cdb1050" testListId="8c84fa94-04c1-424b-9868-57a2d4851a1d" />
    <TestEntry testId="75e6c444-bc3b-aad1-8b9e-9567096a44b9" executionId="fcf4423d-5236-4e49-893a-de2404abca8e" testListId="8c84fa94-04c1-424b-9868-57a2d4851a1d" />
    <TestEntry testId="4ef75591-ffb4-d566-94c9-bda5f50552b9" executionId="36327dbe-38c5-420e-9a54-0491440dec8c" testListId="8c84fa94-04c1-424b-9868-57a2d4851a1d" />
    <TestEntry testId="ad936791-3884-bcd2-a8bf-cc0980504588" executionId="9d403a34-83f3-4d28-ab9c-33705f8c3424" testListId="8c84fa94-04c1-424b-9868-57a2d4851a1d" />
    <TestEntry testId="1462a569-77b7-fa7d-0148-09ce9f2428e8" executionId="9ce2254c-12a5-463c-9d15-75ec65bfd9f9" testListId="8c84fa94-04c1-424b-9868-57a2d4851a1d" />
    <TestEntry testId="6a68b288-e760-a42c-8c5a-4aafd65f28b7" executionId="459f66b2-3feb-40f2-b4bf-e42b3e0284d6" testListId="8c84fa94-04c1-424b-9868-57a2d4851a1d" />
    <TestEntry testId="8d5bed77-8b58-0b0c-25f0-22107332d09a" executionId="355e8a08-8d80-43e1-82ba-a84a3dcfe8d6" testListId="8c84fa94-04c1-424b-9868-57a2d4851a1d" />
    <TestEntry testId="3b31ccce-844d-e8f4-84db-04ab2e64b9a7" executionId="593a2306-495a-4809-86d3-32023737e630" testListId="8c84fa94-04c1-424b-9868-57a2d4851a1d" />
    <TestEntry testId="996b214e-32e4-5376-d989-b4bc865084fe" executionId="31c05c90-5264-4557-8895-1564c8458a98" testListId="8c84fa94-04c1-424b-9868-57a2d4851a1d" />
    <TestEntry testId="d4cfd815-487d-e378-1f28-dc4676158012" executionId="e36ed1bb-4a92-4069-b86f-33957513ba16" testListId="8c84fa94-04c1-424b-9868-57a2d4851a1d" />
    <TestEntry testId="3a671f08-52e1-32fe-f25e-6e157db962d2" executionId="869f7c3f-2cef-4ad4-966a-a5fe3bc4a4a9" testListId="8c84fa94-04c1-424b-9868-57a2d4851a1d" />
    <TestEntry testId="58e741bd-777c-df5d-d9c1-457b2c873d32" executionId="b389c035-e4f4-448c-90c0-b9d1616b5fb9" testListId="8c84fa94-04c1-424b-9868-57a2d4851a1d" />
    <TestEntry testId="f72783d9-64aa-50e2-fcd1-46f621632d5d" executionId="c8287bd5-3951-4777-a179-b431b1324e31" testListId="8c84fa94-04c1-424b-9868-57a2d4851a1d" />
    <TestEntry testId="a23aab13-e7cd-0855-c1ee-3a27796bc390" executionId="5348a4fc-a009-4391-aa9a-e26b642fcc8c" testListId="8c84fa94-04c1-424b-9868-57a2d4851a1d" />
    <TestEntry testId="1fffb893-3987-58da-ed03-e4f32e271dc9" executionId="36e4394a-4a59-4f16-af67-1d6e42b59f4e" testListId="8c84fa94-04c1-424b-9868-57a2d4851a1d" />
    <TestEntry testId="85835fd9-2c0e-82ff-767f-a5379021f4f3" executionId="e9500353-caa2-4e1b-9a29-9752f786b580" testListId="8c84fa94-04c1-424b-9868-57a2d4851a1d" />
    <TestEntry testId="2a1ae3da-2a49-9688-92eb-6a1bc6d0cf01" executionId="4942b0d3-9d22-4aa7-b383-25b997eda2d5" testListId="8c84fa94-04c1-424b-9868-57a2d4851a1d" />
    <TestEntry testId="8ff84779-95f5-a8f9-809e-e568d86ada77" executionId="a86bd8f2-5097-4e15-a52c-f9373e628323" testListId="8c84fa94-04c1-424b-9868-57a2d4851a1d" />
    <TestEntry testId="e97847d9-9bdd-db77-8bd9-477fffb0c503" executionId="9fa91f25-d957-4283-a544-bede067ad223" testListId="8c84fa94-04c1-424b-9868-57a2d4851a1d" />
    <TestEntry testId="ffe61818-02d5-371a-a7be-23a9f86c9cc7" executionId="9f6c74c4-66b0-4a8d-94f6-486c27b38364" testListId="8c84fa94-04c1-424b-9868-57a2d4851a1d" />
    <TestEntry testId="b873b04a-7c62-5dd2-8547-3f31b075c272" executionId="450b2b81-2b64-4396-90d4-1f1a846edcdd" testListId="8c84fa94-04c1-424b-9868-57a2d4851a1d" />
    <TestEntry testId="1f9cd9ca-f1cd-430d-8d80-74a061c9ac45" executionId="6de7752e-e72c-4af2-85dc-67adad2a4908" testListId="8c84fa94-04c1-424b-9868-57a2d4851a1d" />
    <TestEntry testId="386de361-29e9-e772-105e-fd42e87ecfec" executionId="addcedff-f2b0-423e-958e-3526cf0990b9" testListId="8c84fa94-04c1-424b-9868-57a2d4851a1d" />
    <TestEntry testId="56eb6a9f-6cb4-2abe-d7ee-7e044f42c842" executionId="25f9d1d0-e3f5-4314-b19e-e85032e54e48" testListId="8c84fa94-04c1-424b-9868-57a2d4851a1d" />
    <TestEntry testId="5605ffe3-47bf-edde-5207-79dd7a259fef" executionId="45b0932a-19cd-4625-a5ac-ead32748e700" testListId="8c84fa94-04c1-424b-9868-57a2d4851a1d" />
    <TestEntry testId="cb40e0a5-2f70-a60d-407b-51d7d2d25955" executionId="488b1872-bc00-4293-8713-5f1e3cdba6ea" testListId="8c84fa94-04c1-424b-9868-57a2d4851a1d" />
    <TestEntry testId="650f8125-7e62-0be3-dcfc-dc1202eb9625" executionId="b330a9c1-b10f-4f5a-a555-8c19db6f63fc" testListId="8c84fa94-04c1-424b-9868-57a2d4851a1d" />
    <TestEntry testId="8c128bb7-55c2-1507-f225-4df0c4a48630" executionId="b9627f27-3556-474c-a21f-52069a1f377d" testListId="8c84fa94-04c1-424b-9868-57a2d4851a1d" />
    <TestEntry testId="c6463145-e835-b32e-9815-611f61fa5540" executionId="bbee4815-fb6d-426f-9669-f41dbfa403ad" testListId="8c84fa94-04c1-424b-9868-57a2d4851a1d" />
    <TestEntry testId="6741f227-11b2-eae5-6fc9-c96d18a30eb3" executionId="aadafd35-277b-4dd5-8b25-61bac11f20f1" testListId="8c84fa94-04c1-424b-9868-57a2d4851a1d" />
    <TestEntry testId="9391af43-2aec-63c3-c456-eaf3d57ab573" executionId="9078e197-034b-4574-b64d-a88a1b0c07e2" testListId="8c84fa94-04c1-424b-9868-57a2d4851a1d" />
    <TestEntry testId="ca756e2d-d5c0-6e03-1ab7-b2045c06d17b" executionId="2fa7dc45-13cb-431f-a809-77b8e08eaae9" testListId="8c84fa94-04c1-424b-9868-57a2d4851a1d" />
    <TestEntry testId="369e9363-5592-8231-38fe-e3c32cfca4c4" executionId="ed7df28b-483b-458b-acbe-79c568941833" testListId="8c84fa94-04c1-424b-9868-57a2d4851a1d" />
    <TestEntry testId="d74171b4-c8ee-1912-2996-ae0e2e26eb23" executionId="ff682ca4-5ca8-47ab-a787-0968a2c843ec" testListId="8c84fa94-04c1-424b-9868-57a2d4851a1d" />
    <TestEntry testId="76d85170-85b2-a48f-102e-aa9420de3580" executionId="b76ce120-5720-4909-a2e0-3b082f6640d6" testListId="8c84fa94-04c1-424b-9868-57a2d4851a1d" />
    <TestEntry testId="787cef43-2dc9-190c-2e64-d5af6533289b" executionId="cbab771a-0eda-4f76-8d58-9f4b12c752ae" testListId="8c84fa94-04c1-424b-9868-57a2d4851a1d" />
    <TestEntry testId="79a853ed-d140-e6d5-86c3-6423b904d524" executionId="3b075122-9e72-48ee-a823-7b04debdcbdd" testListId="8c84fa94-04c1-424b-9868-57a2d4851a1d" />
    <TestEntry testId="9c7fd1db-1277-0ff0-b26a-428fd3366acd" executionId="77111dcb-7ba3-4f2b-831a-a7acfba9e7a8" testListId="8c84fa94-04c1-424b-9868-57a2d4851a1d" />
    <TestEntry testId="e605935b-b7df-1383-2d29-96bb8b33e684" executionId="439f6094-8c86-4ab3-8f0f-c967bf2f4cd1" testListId="8c84fa94-04c1-424b-9868-57a2d4851a1d" />
    <TestEntry testId="cbad7040-1370-8b80-f9ed-c7be376f327f" executionId="e8074c7b-036e-41d6-8ff5-d397063ae988" testListId="8c84fa94-04c1-424b-9868-57a2d4851a1d" />
    <TestEntry testId="c5aa0d75-50a2-309f-29ef-6a7a3d1053ab" executionId="a3838e11-c0cf-4f25-8ccb-6b18f07410a0" testListId="8c84fa94-04c1-424b-9868-57a2d4851a1d" />
    <TestEntry testId="65e69234-8b4f-5c5d-4c39-26b683719c33" executionId="bc9dc9a6-82a4-466e-8479-1b1067cdb272" testListId="8c84fa94-04c1-424b-9868-57a2d4851a1d" />
    <TestEntry testId="9f159054-0ade-aabd-0878-ac1771f3fda6" executionId="cf3d5a85-c66b-4e46-af15-0b97d99e1755" testListId="8c84fa94-04c1-424b-9868-57a2d4851a1d" />
    <TestEntry testId="9e92a3ef-f628-77f3-597e-ab6211795c33" executionId="99233cef-4cfd-4b64-a786-d6b17454e539" testListId="8c84fa94-04c1-424b-9868-57a2d4851a1d" />
    <TestEntry testId="1e915730-ab57-9b1e-994b-24cc1c98dc55" executionId="34c83539-0800-421b-89cd-4013ab143151" testListId="8c84fa94-04c1-424b-9868-57a2d4851a1d" />
    <TestEntry testId="ebd1aa40-63da-115b-f2a9-d23a543d03a1" executionId="2603c402-dcdb-4769-bcd3-f4c94b43212e" testListId="8c84fa94-04c1-424b-9868-57a2d4851a1d" />
    <TestEntry testId="e1d79475-a361-3073-e286-53d8423f4048" executionId="b9bc6738-2129-4c03-81fc-8c7375ffffb8" testListId="8c84fa94-04c1-424b-9868-57a2d4851a1d" />
    <TestEntry testId="f7339f67-966a-9543-e542-56a7562f05ad" executionId="19c64210-834e-4d82-835f-bcde9729edb9" testListId="8c84fa94-04c1-424b-9868-57a2d4851a1d" />
    <TestEntry testId="244b13a7-ff72-5a50-f054-4ff8ceb0d499" executionId="6049f98a-3326-4e12-812c-cdd417bab042" testListId="8c84fa94-04c1-424b-9868-57a2d4851a1d" />
    <TestEntry testId="da9e50fc-db80-afa7-5f4f-4cb6b2da8231" executionId="a3409192-a413-44a5-ad41-cc810de8b073" testListId="8c84fa94-04c1-424b-9868-57a2d4851a1d" />
    <TestEntry testId="12d96651-40d0-5499-9770-bf08435d63fc" executionId="8402ddd8-7872-4d2b-ac95-cc9313496a94" testListId="8c84fa94-04c1-424b-9868-57a2d4851a1d" />
    <TestEntry testId="1dd0f7bb-be41-1080-f53b-d32cb9d53ae0" executionId="1eab2e35-7912-45f6-a19b-f677d16dfd48" testListId="8c84fa94-04c1-424b-9868-57a2d4851a1d" />
    <TestEntry testId="b38d539d-6069-d89f-5c5e-102a8255e594" executionId="08c3c90d-c04c-4fc5-a6b5-6130cc041110" testListId="8c84fa94-04c1-424b-9868-57a2d4851a1d" />
    <TestEntry testId="5a540ea5-a914-2a7a-fb65-63091b7a1082" executionId="c7aa90eb-8013-4184-9038-d49bbe6029bf" testListId="8c84fa94-04c1-424b-9868-57a2d4851a1d" />
    <TestEntry testId="466d7722-0345-718d-529e-85f31a949492" executionId="b0bdf6ae-982f-4fbb-8f74-3517750dcbea" testListId="8c84fa94-04c1-424b-9868-57a2d4851a1d" />
    <TestEntry testId="7994a7d4-0fa0-5377-671c-ab94321aaf57" executionId="c97aa5ea-ddde-4c88-a0dc-6c96b6862eee" testListId="8c84fa94-04c1-424b-9868-57a2d4851a1d" />
    <TestEntry testId="d02dc591-3a84-d3ac-10be-a85efb2cb27c" executionId="71b45bf3-31d7-49c6-8bf6-43c3e1305e9e" testListId="8c84fa94-04c1-424b-9868-57a2d4851a1d" />
    <TestEntry testId="64486b5c-a699-4a15-d908-73d103db26bc" executionId="cd3ccd53-60e9-4020-87df-94db58a468cc" testListId="8c84fa94-04c1-424b-9868-57a2d4851a1d" />
    <TestEntry testId="37d09489-36bf-8c23-e75f-f494d92ed465" executionId="fd0d6937-1682-426e-aa60-0904a2c6a6e5" testListId="8c84fa94-04c1-424b-9868-57a2d4851a1d" />
    <TestEntry testId="0e441c44-ccc7-5318-d743-a0646c26f920" executionId="5d13fdd0-0327-487d-9ea1-7ec6d1b5a89e" testListId="8c84fa94-04c1-424b-9868-57a2d4851a1d" />
    <TestEntry testId="f54965f2-1519-0721-6d19-cf1386c23793" executionId="12acb6be-245f-40bd-8f0b-98b9109477bf" testListId="8c84fa94-04c1-424b-9868-57a2d4851a1d" />
    <TestEntry testId="d995492a-671e-36ff-0d73-ec59a569933d" executionId="ac722f2e-6c9b-44e3-897a-5b2f47b2f54b" testListId="8c84fa94-04c1-424b-9868-57a2d4851a1d" />
    <TestEntry testId="560147e0-585f-3c73-5235-3ae492c399e0" executionId="16268b66-e943-4c13-9d23-6302d5b8cef9" testListId="8c84fa94-04c1-424b-9868-57a2d4851a1d" />
    <TestEntry testId="4d20e584-0f2f-1ed1-3ddf-7516456e8aa4" executionId="265ad9f4-4d35-4fa4-8302-d24325be29e1" testListId="8c84fa94-04c1-424b-9868-57a2d4851a1d" />
    <TestEntry testId="be135b72-4539-0e97-74d0-b204a763297e" executionId="2fd11606-de8a-42c7-a95c-1125a80511e7" testListId="8c84fa94-04c1-424b-9868-57a2d4851a1d" />
    <TestEntry testId="2ff98558-45c2-21dd-60d2-e1efdde7c0a8" executionId="6564f20f-edd5-48ed-9892-253d30aa9fdf" testListId="8c84fa94-04c1-424b-9868-57a2d4851a1d" />
    <TestEntry testId="7729c68a-38c8-f8ce-da09-5022e186685c" executionId="fafc403c-fa11-4217-b880-d96a29608d4a" testListId="8c84fa94-04c1-424b-9868-57a2d4851a1d" />
    <TestEntry testId="6a1a0675-fdd2-69ea-ed07-cd8b45ca5094" executionId="a0fac4cf-597f-4cf3-88f1-824ef67c1c6b" testListId="8c84fa94-04c1-424b-9868-57a2d4851a1d" />
    <TestEntry testId="45c93144-7308-3312-8730-30e05720d551" executionId="f0cd0389-e15f-4a02-a9a5-de2c84a15f4e" testListId="8c84fa94-04c1-424b-9868-57a2d4851a1d" />
    <TestEntry testId="d04a2ff8-d519-5ad7-fd64-a85e9b9ae68c" executionId="b70da510-447c-4109-8ae8-960c2c7f31df" testListId="8c84fa94-04c1-424b-9868-57a2d4851a1d" />
    <TestEntry testId="b2d498a1-af9b-33b8-aa18-e8644e9da7f1" executionId="bcc7eeec-a5f2-48b6-850f-60c7543963e2" testListId="8c84fa94-04c1-424b-9868-57a2d4851a1d" />
    <TestEntry testId="6f6f8b3a-15e7-3194-8c20-0c46fab5e263" executionId="17e5acd4-f789-48dc-a3d0-cf8c417c9c66" testListId="8c84fa94-04c1-424b-9868-57a2d4851a1d" />
    <TestEntry testId="4e78f25c-d355-e112-010c-d75e1dbe484f" executionId="de27ecb8-3211-46fd-a61e-437861c48e2a" testListId="8c84fa94-04c1-424b-9868-57a2d4851a1d" />
    <TestEntry testId="d493c8e9-cfea-2fc7-4acb-79ca91dde5f0" executionId="ae326a72-6662-4f45-8404-948de4693179" testListId="8c84fa94-04c1-424b-9868-57a2d4851a1d" />
    <TestEntry testId="039e02b8-589d-bf11-ab34-101144716c75" executionId="788512e8-22c2-4fd9-a8f8-0ab309dfd641" testListId="8c84fa94-04c1-424b-9868-57a2d4851a1d" />
    <TestEntry testId="24614531-2aef-39c0-ae03-729fa029c955" executionId="68a16dfd-5055-415e-88dc-30f1454b4b00" testListId="8c84fa94-04c1-424b-9868-57a2d4851a1d" />
    <TestEntry testId="f15540c1-ce27-2f60-c3f9-161af09be8cd" executionId="018eb2c8-19e2-46c3-b5b2-1dca6b044f27" testListId="8c84fa94-04c1-424b-9868-57a2d4851a1d" />
    <TestEntry testId="be9ca199-100c-7487-211b-359c6f85feb5" executionId="aa3e1caa-97a9-4631-a27e-f2f2ee3ca82f" testListId="8c84fa94-04c1-424b-9868-57a2d4851a1d" />
    <TestEntry testId="34d55980-db04-996b-37e3-5ad72dcd15ab" executionId="bb502d1c-dd7b-4fef-9259-2be3c12f2743" testListId="8c84fa94-04c1-424b-9868-57a2d4851a1d" />
    <TestEntry testId="e54868c5-e23a-96f9-bd57-052b8e9f25f9" executionId="99dadd8d-41df-4616-bab6-e99b042dbb6f" testListId="8c84fa94-04c1-424b-9868-57a2d4851a1d" />
    <TestEntry testId="9bed9c4d-df2b-32b1-c6ce-ea879f4b2fcd" executionId="a7dfaa21-d0a0-44e1-a340-6bec29caffc1" testListId="8c84fa94-04c1-424b-9868-57a2d4851a1d" />
    <TestEntry testId="ef8075a8-e8bb-22f0-871e-f2b168e2c55c" executionId="15132561-a0c1-49a7-8c79-ee9da6b88fed" testListId="8c84fa94-04c1-424b-9868-57a2d4851a1d" />
    <TestEntry testId="8a9d7602-dc5d-c902-e8f4-8ad4401141f1" executionId="be5d03e4-f541-4946-b533-1311d6821e5f" testListId="8c84fa94-04c1-424b-9868-57a2d4851a1d" />
    <TestEntry testId="4df9b13a-de84-7056-3c88-543d3fa32c62" executionId="ad943d9d-2c02-4700-961d-cfd3b05ae9e0" testListId="8c84fa94-04c1-424b-9868-57a2d4851a1d" />
    <TestEntry testId="0d7a2cf9-13e2-7888-b21b-f6464a19d4c6" executionId="65b70829-a6b7-4be2-8bbb-1eefd9a7e5cb" testListId="8c84fa94-04c1-424b-9868-57a2d4851a1d" />
    <TestEntry testId="181c235a-8f4f-6777-859c-d2eff1a2ae91" executionId="56262f6e-6551-4465-b0c5-6c03b1831204" testListId="8c84fa94-04c1-424b-9868-57a2d4851a1d" />
    <TestEntry testId="da6c3e32-e713-64a5-d755-377865e086d4" executionId="30ff539d-8ba5-43f6-a5e7-83105be8911e" testListId="8c84fa94-04c1-424b-9868-57a2d4851a1d" />
    <TestEntry testId="1a44af6f-888e-1f8e-a00f-e2d743b26f12" executionId="d3c0f928-735d-4a31-a540-3152972889f0" testListId="8c84fa94-04c1-424b-9868-57a2d4851a1d" />
    <TestEntry testId="f80009c9-805e-194a-5298-bf93d54f39d7" executionId="21ea74af-c5b3-428e-97fe-3e6a90ad8305" testListId="8c84fa94-04c1-424b-9868-57a2d4851a1d" />
    <TestEntry testId="fe704e3e-6170-ffae-ef99-e24643abf4f9" executionId="61f425d3-a992-4448-9017-d9a08178b6b8" testListId="8c84fa94-04c1-424b-9868-57a2d4851a1d" />
    <TestEntry testId="a38d6dd0-4abc-cd66-f98d-02667c7de044" executionId="668f6f15-4cbd-4cde-9701-8f2ebbe4c909" testListId="8c84fa94-04c1-424b-9868-57a2d4851a1d" />
    <TestEntry testId="b70675b1-ffbc-1a3f-030b-53fbcade7f2b" executionId="7cff48c8-5ac1-46f1-8615-d9a84cc24fde" testListId="8c84fa94-04c1-424b-9868-57a2d4851a1d" />
    <TestEntry testId="7c480fcf-dcac-50a2-3106-264841c6a300" executionId="31031b49-3fc1-43b8-bf35-71430656a162" testListId="8c84fa94-04c1-424b-9868-57a2d4851a1d" />
    <TestEntry testId="46d3bb4f-6f59-f6c2-b532-ed497dfae82c" executionId="60c0aa82-b552-4273-8fdb-bba4632c5caa" testListId="8c84fa94-04c1-424b-9868-57a2d4851a1d" />
    <TestEntry testId="ba870e88-e985-a063-3050-00fcfcbc95b8" executionId="74db5ed9-ef5b-4780-9f90-9f0e1b8bf8e5" testListId="8c84fa94-04c1-424b-9868-57a2d4851a1d" />
    <TestEntry testId="d6ef55e8-c5e6-5de1-49ad-15c2ce305191" executionId="8c154f92-182e-41ba-a607-38c97d53e376" testListId="8c84fa94-04c1-424b-9868-57a2d4851a1d" />
    <TestEntry testId="e46091cf-1e82-9cd3-4478-8e74502a12eb" executionId="db58d048-2531-44f6-addb-a16705867b4b" testListId="8c84fa94-04c1-424b-9868-57a2d4851a1d" />
    <TestEntry testId="f2358686-aae0-414b-7a27-d43a959b03da" executionId="21682838-a315-468d-a5ef-c680dde5ad1e" testListId="8c84fa94-04c1-424b-9868-57a2d4851a1d" />
    <TestEntry testId="a00a0db9-3140-48ef-5f63-6a059b1f6f40" executionId="0cd8c436-b32c-46c5-b1c5-5565c0b44ed4" testListId="8c84fa94-04c1-424b-9868-57a2d4851a1d" />
    <TestEntry testId="1006d1f0-5b29-3f16-0e5d-80a2a40c26e6" executionId="5a6df79c-96c5-44e1-afc3-36de9f2c9963" testListId="8c84fa94-04c1-424b-9868-57a2d4851a1d" />
    <TestEntry testId="dc54e0bb-502b-6570-9584-a9f765f8122d" executionId="cfc7109f-0874-4cea-bad3-e30478fd9e73" testListId="8c84fa94-04c1-424b-9868-57a2d4851a1d" />
    <TestEntry testId="0095ae63-2136-ec44-562f-f92a8a9ed8f7" executionId="7c16f856-8d50-45ec-ae49-7ca51d176c4a" testListId="8c84fa94-04c1-424b-9868-57a2d4851a1d" />
    <TestEntry testId="183dfbce-4b57-7750-e87b-9eb6c830ba31" executionId="191ff089-e43b-4253-811d-952d7ed92e71" testListId="8c84fa94-04c1-424b-9868-57a2d4851a1d" />
    <TestEntry testId="7514081f-0084-9527-726e-372a541e02c5" executionId="fcc32b62-1b63-4f98-be95-bb82dd2d2bbf" testListId="8c84fa94-04c1-424b-9868-57a2d4851a1d" />
    <TestEntry testId="2472258e-8be8-7772-0b75-b4a3d535f097" executionId="6f854778-4439-489a-b8ca-1ad615c92f8b" testListId="8c84fa94-04c1-424b-9868-57a2d4851a1d" />
    <TestEntry testId="5105cd39-08d3-5cdf-e5e5-5aae2f2d51c8" executionId="13370b7e-e89d-443c-a53f-acfc25efce61" testListId="8c84fa94-04c1-424b-9868-57a2d4851a1d" />
    <TestEntry testId="83240b81-a0ee-d801-c63e-6e722955f2f1" executionId="b2084157-20c3-4b9a-884f-88a7ee6790de" testListId="8c84fa94-04c1-424b-9868-57a2d4851a1d" />
    <TestEntry testId="caf33f47-4d9c-c378-9883-273199a79b1e" executionId="b1237171-af81-4723-abf7-f570ff7f73ee" testListId="8c84fa94-04c1-424b-9868-57a2d4851a1d" />
    <TestEntry testId="6bf29abc-b7d1-2681-6ab5-01a37d1208f2" executionId="9f5898de-8884-4953-8ee5-67661a568c72" testListId="8c84fa94-04c1-424b-9868-57a2d4851a1d" />
    <TestEntry testId="d543b1fe-0034-e565-eca0-f9a5d2d12bdc" executionId="5148765d-e1d9-4b50-bcf1-6798203362b0" testListId="8c84fa94-04c1-424b-9868-57a2d4851a1d" />
    <TestEntry testId="a9fb7030-78aa-b78d-bae0-0e3e80a09140" executionId="6485707a-557c-47ff-a160-9cd35e9c668e" testListId="8c84fa94-04c1-424b-9868-57a2d4851a1d" />
    <TestEntry testId="5a63deb4-703f-d2ca-862c-112038163809" executionId="365e0c09-54b4-4877-924a-3d41f5ff14cc" testListId="8c84fa94-04c1-424b-9868-57a2d4851a1d" />
    <TestEntry testId="691fc6f3-8d98-645e-59dc-63e6708e6080" executionId="a0ee1064-29c4-4f4c-a6af-2fa80deecebd" testListId="8c84fa94-04c1-424b-9868-57a2d4851a1d" />
    <TestEntry testId="33b7f528-129d-12a3-ccd2-fd1f055d858f" executionId="dc781190-c1cc-4749-b81e-752f1c8cf060" testListId="8c84fa94-04c1-424b-9868-57a2d4851a1d" />
    <TestEntry testId="241187d4-ddc3-99e8-1041-3b3411c6c907" executionId="41f9cf11-4c4c-44ce-8617-2be7b0529ffb" testListId="8c84fa94-04c1-424b-9868-57a2d4851a1d" />
    <TestEntry testId="3af61c48-eead-454e-59a5-a117f0360878" executionId="a6082902-135c-4098-873b-669c05b9d7c5" testListId="8c84fa94-04c1-424b-9868-57a2d4851a1d" />
    <TestEntry testId="fe39f516-26c8-b34c-d7c3-8fcbe7da1ba2" executionId="1705e8b9-b6c0-4e2e-9ff0-8d0ae52c7aa3" testListId="8c84fa94-04c1-424b-9868-57a2d4851a1d" />
    <TestEntry testId="a1b1cd1d-1429-3ac2-3b82-a26d05133f17" executionId="3ad5ed17-4d5c-4642-acd8-680dc8a4de1b" testListId="8c84fa94-04c1-424b-9868-57a2d4851a1d" />
    <TestEntry testId="1385f442-8d64-2443-1088-0b70bf667165" executionId="8543cc3a-b7d2-4b48-8114-3d40a2bda6da" testListId="8c84fa94-04c1-424b-9868-57a2d4851a1d" />
    <TestEntry testId="875433a7-4993-f6c8-ae9e-010101b8ccc7" executionId="f0b6e17c-0864-43e3-a6cd-91116e679b66" testListId="8c84fa94-04c1-424b-9868-57a2d4851a1d" />
    <TestEntry testId="93fd2413-8c9b-cb53-924a-b9c4b432d82a" executionId="2e722c77-6b93-4d74-9293-8fd195487c4f" testListId="8c84fa94-04c1-424b-9868-57a2d4851a1d" />
    <TestEntry testId="bb2394ba-110a-90c0-2182-1e3775f73d05" executionId="a18904f1-4d34-4885-af7e-c111d9339ea9" testListId="8c84fa94-04c1-424b-9868-57a2d4851a1d" />
    <TestEntry testId="0e8e9a77-632c-db52-e40d-d7b033807f15" executionId="20742062-6eb5-4ee5-93d4-40907aed38ab" testListId="8c84fa94-04c1-424b-9868-57a2d4851a1d" />
    <TestEntry testId="c5891e20-1607-2f4b-ec62-b83eb87653c6" executionId="e6c64f85-0f8f-4bdc-bc82-52869be0271a" testListId="8c84fa94-04c1-424b-9868-57a2d4851a1d" />
    <TestEntry testId="b4c4dec7-1c5b-811f-ea83-760608d514fd" executionId="a54798ea-a72e-49da-a3b6-be8821578091" testListId="8c84fa94-04c1-424b-9868-57a2d4851a1d" />
    <TestEntry testId="758b94a4-3e83-213a-e897-268aa753a08f" executionId="0141c9dc-c23d-4e72-8557-0b8c7973e4d8" testListId="8c84fa94-04c1-424b-9868-57a2d4851a1d" />
    <TestEntry testId="1c506770-d4ff-94e1-aa2e-f8d5ecc5a897" executionId="eb628f3a-01d8-4e24-933d-2690a6f05529" testListId="8c84fa94-04c1-424b-9868-57a2d4851a1d" />
    <TestEntry testId="fdef4ad6-20d8-042a-63d8-5826de557b18" executionId="7e162061-6cab-418a-94b6-726386d6dd69" testListId="8c84fa94-04c1-424b-9868-57a2d4851a1d" />
    <TestEntry testId="20029a95-caa6-71d7-8434-4467fe9b8732" executionId="cc88aca6-6ba6-4dd6-9836-1af0896fdc7c" testListId="8c84fa94-04c1-424b-9868-57a2d4851a1d" />
    <TestEntry testId="bfee474b-216b-2c15-15a7-0adadfd388fb" executionId="323bd8ec-dd7f-4078-bcbc-a3e45c85eea4" testListId="8c84fa94-04c1-424b-9868-57a2d4851a1d" />
    <TestEntry testId="56f22bda-cb9f-dbaa-365a-cb6ba2104fe2" executionId="314ca8e9-52ac-4d58-a43c-fdb74398078e" testListId="8c84fa94-04c1-424b-9868-57a2d4851a1d" />
    <TestEntry testId="f51f29d9-e43f-bc49-2068-6f7ccdbadb29" executionId="3a2c6026-1b40-4d30-86ed-f40bc7aeac8f" testListId="8c84fa94-04c1-424b-9868-57a2d4851a1d" />
    <TestEntry testId="e9fa372e-14d7-79bd-7239-c4f5919adecb" executionId="e0662c12-e5c6-4da9-b5ab-03dc092a515a" testListId="8c84fa94-04c1-424b-9868-57a2d4851a1d" />
    <TestEntry testId="c25f3e77-3d72-0513-001e-286d17e294f3" executionId="1ef9bd97-6091-458c-bfcf-a61778c61d26" testListId="8c84fa94-04c1-424b-9868-57a2d4851a1d" />
    <TestEntry testId="2059d141-cc28-3ec8-0e84-daba3f077644" executionId="afd2117d-b166-4d68-9869-4f7fe409c8fa" testListId="8c84fa94-04c1-424b-9868-57a2d4851a1d" />
    <TestEntry testId="7d53e462-1288-fbb2-1f6d-75cbd2a2eb44" executionId="e920dcce-16d6-415f-88ea-356f9438cd6d" testListId="8c84fa94-04c1-424b-9868-57a2d4851a1d" />
    <TestEntry testId="0014f817-c5c9-87d1-3e8c-ecffc3678e52" executionId="d04721e8-2e86-4fec-af3a-6192667a5853" testListId="8c84fa94-04c1-424b-9868-57a2d4851a1d" />
    <TestEntry testId="73bcea4a-0bf6-aaca-b16b-8e4d59f9059e" executionId="09689527-f4c0-46e4-8e46-77865f79d60c" testListId="8c84fa94-04c1-424b-9868-57a2d4851a1d" />
    <TestEntry testId="f7288d33-e820-d388-23d4-39d2a5548f52" executionId="3e897723-5cf8-47ae-a39b-4cd83203a3aa" testListId="8c84fa94-04c1-424b-9868-57a2d4851a1d" />
    <TestEntry testId="f527f4e7-733e-c529-a6f2-d33ed3ff23a3" executionId="c93de51c-9e53-4694-b2f6-a0aa05104ca6" testListId="8c84fa94-04c1-424b-9868-57a2d4851a1d" />
    <TestEntry testId="38bf740f-4d67-502e-2cfd-d66470e846d5" executionId="a8e46e82-7be9-4e4c-ae1b-f2c7b7308c7c" testListId="8c84fa94-04c1-424b-9868-57a2d4851a1d" />
    <TestEntry testId="939e1c3f-3bc7-ec75-48fe-8501679b5ff4" executionId="c2960d24-98d9-45ff-addc-02f6a91c29c6" testListId="8c84fa94-04c1-424b-9868-57a2d4851a1d" />
    <TestEntry testId="1ff2656a-0300-1f06-36b0-2fc677b4ea69" executionId="49a14a80-bf9a-45f9-bc91-07d9b0fae8ed" testListId="8c84fa94-04c1-424b-9868-57a2d4851a1d" />
    <TestEntry testId="ef2c65b8-081e-e356-813a-949f0831c7f0" executionId="a4414f43-b7b6-4d02-94ef-55135f76e2c4" testListId="8c84fa94-04c1-424b-9868-57a2d4851a1d" />
    <TestEntry testId="749e89fd-9c9b-5d83-545c-b459ff44beff" executionId="ae6d04a4-4f27-4b0f-a487-8fbc6dc4551f" testListId="8c84fa94-04c1-424b-9868-57a2d4851a1d" />
    <TestEntry testId="28d8e856-ac6b-165d-f269-4ec7d560f09b" executionId="688ed029-66ee-41ae-b0a5-97e76b3eb1a3" testListId="8c84fa94-04c1-424b-9868-57a2d4851a1d" />
    <TestEntry testId="07878353-6799-84f6-4a3b-1ffc56ae1d1d" executionId="cf3391a5-30b2-4dfd-9a7a-54a02b02080a" testListId="8c84fa94-04c1-424b-9868-57a2d4851a1d" />
    <TestEntry testId="9bb60857-0889-c636-aa09-df7f3ffa4f70" executionId="178769ec-b609-4da7-9080-a0c1b484771e" testListId="8c84fa94-04c1-424b-9868-57a2d4851a1d" />
    <TestEntry testId="1d527cfe-7183-7ac1-a7ed-260bd5e5ccfa" executionId="69157009-0c5d-46fc-897e-d8f628fc17e8" testListId="8c84fa94-04c1-424b-9868-57a2d4851a1d" />
    <TestEntry testId="afbbae00-ce73-0862-4d3c-578f15f46774" executionId="d922a1fd-1b0b-4805-be48-628c311a9322" testListId="8c84fa94-04c1-424b-9868-57a2d4851a1d" />
    <TestEntry testId="2af17ceb-e4a7-e57a-8e57-17ad33ae72e3" executionId="fe0a073c-d036-4f6d-82d2-6750611ff560" testListId="8c84fa94-04c1-424b-9868-57a2d4851a1d" />
    <TestEntry testId="ead5e525-476c-e9b0-a913-d40736b344c3" executionId="6d5f3aaf-0553-4ef0-819b-6e722a0b5957" testListId="8c84fa94-04c1-424b-9868-57a2d4851a1d" />
    <TestEntry testId="4167d107-473f-7d0a-c3aa-2c271677cfd1" executionId="54708d5b-b681-4048-80ea-6624d7db23f2" testListId="8c84fa94-04c1-424b-9868-57a2d4851a1d" />
    <TestEntry testId="d0528706-3be3-396a-77f7-4d1c86caa17a" executionId="609fac86-4779-400e-bb9a-73b608f9aa78" testListId="8c84fa94-04c1-424b-9868-57a2d4851a1d" />
    <TestEntry testId="f8f9d6d7-bbea-21e2-5568-87ea7f6744b9" executionId="3885fc41-76b3-427c-b871-23238aec57d9" testListId="8c84fa94-04c1-424b-9868-57a2d4851a1d" />
    <TestEntry testId="9f966096-1641-bf42-1320-e9f57c98ec2f" executionId="d14792ab-18df-42a7-9061-c5111a09a633" testListId="8c84fa94-04c1-424b-9868-57a2d4851a1d" />
    <TestEntry testId="1ede13b3-cc3c-b767-91a3-9e4f793d1dd5" executionId="689aae72-52a3-472c-a004-c382b386da70" testListId="8c84fa94-04c1-424b-9868-57a2d4851a1d" />
    <TestEntry testId="45dd66f1-81ef-9e8c-d39f-69c657dd300a" executionId="10611882-fea5-4fab-9e23-f445c5f70929" testListId="8c84fa94-04c1-424b-9868-57a2d4851a1d" />
    <TestEntry testId="a2cb1a23-585c-77f0-4371-0762318d91ff" executionId="374d730b-8466-42e3-aa07-b9e0f2eb56ce" testListId="8c84fa94-04c1-424b-9868-57a2d4851a1d" />
    <TestEntry testId="ff67ffea-ea63-9682-e246-a48f70d1fb56" executionId="f8641b34-86c2-42fc-9cbb-ea5bc6e40dc3" testListId="8c84fa94-04c1-424b-9868-57a2d4851a1d" />
    <TestEntry testId="c31c3c04-c374-418e-36fc-0c705f1df093" executionId="3505b251-a583-413d-a46e-50e468128187" testListId="8c84fa94-04c1-424b-9868-57a2d4851a1d" />
    <TestEntry testId="e8631f54-2451-193b-aa4f-8be567b318eb" executionId="ad296080-954b-49c1-bc3d-fcfe37807036" testListId="8c84fa94-04c1-424b-9868-57a2d4851a1d" />
    <TestEntry testId="6079b9dd-99aa-436d-ae95-d982e753c815" executionId="95f1916b-7868-4f3f-bba5-1df4ad3c3120" testListId="8c84fa94-04c1-424b-9868-57a2d4851a1d" />
    <TestEntry testId="d6b10638-19d7-868a-2152-f7946c6c6899" executionId="91e6b151-f8dc-4676-8bf1-48c44028c867" testListId="8c84fa94-04c1-424b-9868-57a2d4851a1d" />
    <TestEntry testId="2ff6532c-932c-742b-a63d-f74c12776c60" executionId="b83c74a3-dc0a-4d1a-82a1-ad32b2a96d23" testListId="8c84fa94-04c1-424b-9868-57a2d4851a1d" />
    <TestEntry testId="92c24577-a226-a6b7-7d5e-021b44057899" executionId="1ba0f053-a95d-4638-a9d0-a3dd37160ec6" testListId="8c84fa94-04c1-424b-9868-57a2d4851a1d" />
    <TestEntry testId="db653531-1a7a-b4d6-7b77-97b13719461c" executionId="45b3b1dd-a1f1-41d1-812b-e6df5d1455ee" testListId="8c84fa94-04c1-424b-9868-57a2d4851a1d" />
    <TestEntry testId="cae25fb7-b977-eb51-0588-bf026d38b145" executionId="fea31e56-903c-4e89-a525-635c69cdba2f" testListId="8c84fa94-04c1-424b-9868-57a2d4851a1d" />
    <TestEntry testId="ddbbee19-86a9-bc74-0664-4f6fa63796df" executionId="413708ff-c47d-4b76-b27b-98998e0dd4bf" testListId="8c84fa94-04c1-424b-9868-57a2d4851a1d" />
    <TestEntry testId="6df0d294-6a13-f132-5a30-674e429b0930" executionId="beea148a-bc50-4c48-8811-de1646877948" testListId="8c84fa94-04c1-424b-9868-57a2d4851a1d" />
    <TestEntry testId="df3e2c77-7f8f-57bd-4668-f3110adbfbc8" executionId="a9374253-68d6-4188-b5a7-c43f58750eef" testListId="8c84fa94-04c1-424b-9868-57a2d4851a1d" />
    <TestEntry testId="5b2fabb4-e059-962c-348f-3355cdc7486e" executionId="7a1ce801-da1a-4b04-a237-253bc76fa194" testListId="8c84fa94-04c1-424b-9868-57a2d4851a1d" />
    <TestEntry testId="c2db2421-6d50-c505-4572-abf46a5e86c5" executionId="7e3f898e-4bdd-4c26-ab10-eba31b52b8c4" testListId="8c84fa94-04c1-424b-9868-57a2d4851a1d" />
    <TestEntry testId="2031700b-98b7-ff2b-f550-00f3842fd04f" executionId="9681275d-7627-4e57-99a6-1f737df1a543" testListId="8c84fa94-04c1-424b-9868-57a2d4851a1d" />
    <TestEntry testId="990c6bd9-75e3-e712-66e8-1d0bc8aed91c" executionId="69793d50-3cb9-4b61-84b5-4243137d7547" testListId="8c84fa94-04c1-424b-9868-57a2d4851a1d" />
    <TestEntry testId="1536b0a9-7189-743d-a273-29feae6f0843" executionId="c81bea86-838f-4068-9f46-37fe3a04f76a" testListId="8c84fa94-04c1-424b-9868-57a2d4851a1d" />
    <TestEntry testId="0ee739fa-dfa4-5ef5-1b22-8fe2862978a3" executionId="3aab5c94-2535-479d-a018-230c49326ad1" testListId="8c84fa94-04c1-424b-9868-57a2d4851a1d" />
    <TestEntry testId="4125f8c2-231a-89ba-d149-611a4ab9d212" executionId="0dbebd37-8e0a-47ba-80e5-b3eb209c83b9" testListId="8c84fa94-04c1-424b-9868-57a2d4851a1d" />
    <TestEntry testId="da125bcd-1715-deae-cc3d-6c75d593b271" executionId="aef6dffd-ff2b-4f5d-a997-995b438e3734" testListId="8c84fa94-04c1-424b-9868-57a2d4851a1d" />
    <TestEntry testId="9c8eee20-620b-e0aa-1580-d34a7e65e392" executionId="127de324-6d4a-4094-9b19-2808387bd2a9" testListId="8c84fa94-04c1-424b-9868-57a2d4851a1d" />
    <TestEntry testId="ba737e18-d009-4d7c-6e13-52f4c654ec83" executionId="8f15e23e-cbfa-4dfd-bc37-9f78f3c9758e" testListId="8c84fa94-04c1-424b-9868-57a2d4851a1d" />
    <TestEntry testId="251bbc15-9ad4-e7e2-3a95-fab7be0e3e27" executionId="a2404645-d266-47bc-9b0f-d83c18e8e7df" testListId="8c84fa94-04c1-424b-9868-57a2d4851a1d" />
    <TestEntry testId="b6713598-e21c-6f29-08f1-f4f46e42ba65" executionId="b268f8fa-37f5-4d90-8c16-3e4f1e3cb107" testListId="8c84fa94-04c1-424b-9868-57a2d4851a1d" />
    <TestEntry testId="dbb67156-6168-60a5-400a-6afe6eb000f2" executionId="3c6db95d-51f4-4242-8ded-14e27a78c9bd" testListId="8c84fa94-04c1-424b-9868-57a2d4851a1d" />
    <TestEntry testId="5ecde283-9d6a-9ecb-81fe-93b9560f7b73" executionId="ed156db9-a75d-4565-af8c-8c680acfb720" testListId="8c84fa94-04c1-424b-9868-57a2d4851a1d" />
    <TestEntry testId="1c4368b6-2172-3b52-0d12-0d33b2fcef8b" executionId="b13f157c-bb4a-489e-91cc-9a6bba2b809e" testListId="8c84fa94-04c1-424b-9868-57a2d4851a1d" />
    <TestEntry testId="92bde5bc-af9c-6dbe-10ea-7012e494fcd9" executionId="606c0bee-7598-4e35-a34d-aec1b7b4a7cc" testListId="8c84fa94-04c1-424b-9868-57a2d4851a1d" />
    <TestEntry testId="f0b310a7-9bf9-fe2b-4bd1-bf05e954c540" executionId="40f70723-2c3a-46be-91e7-0bfe59999a16" testListId="8c84fa94-04c1-424b-9868-57a2d4851a1d" />
    <TestEntry testId="364fda16-bd4c-3aa8-1597-b73653a15603" executionId="bbc99199-c41f-4b0e-88a8-a3c50b6effa6" testListId="8c84fa94-04c1-424b-9868-57a2d4851a1d" />
    <TestEntry testId="4a9f4574-9113-6c35-d2fa-751a30e86322" executionId="4b222c59-051a-4ffb-95c5-5e38a7ae3eb1" testListId="8c84fa94-04c1-424b-9868-57a2d4851a1d" />
    <TestEntry testId="4a32286d-4292-da18-0868-eb2a25ef068a" executionId="d6ef5c03-5fee-4431-9c3f-1439475d9937" testListId="8c84fa94-04c1-424b-9868-57a2d4851a1d" />
    <TestEntry testId="2cd8497b-7c7c-c528-555b-f107e750a1a0" executionId="b4c4cdde-02db-4984-9519-0fb207fdd8ad" testListId="8c84fa94-04c1-424b-9868-57a2d4851a1d" />
    <TestEntry testId="de2d22dc-e411-4a1b-48db-f6f07906b5fb" executionId="0a39bc9a-ad58-4916-a6ed-a5a304ff3ac6" testListId="8c84fa94-04c1-424b-9868-57a2d4851a1d" />
    <TestEntry testId="1aafdcdc-e39a-0bd1-4429-1c1f26634e52" executionId="ff96bafb-e32b-4d20-a613-c42bcfc95310" testListId="8c84fa94-04c1-424b-9868-57a2d4851a1d" />
    <TestEntry testId="632872cf-9e7c-9970-9f88-5a4077b29ff5" executionId="b5479176-4669-45da-9214-146fe4a81c97" testListId="8c84fa94-04c1-424b-9868-57a2d4851a1d" />
    <TestEntry testId="599b5bdf-c3a2-ab45-0452-3da415351122" executionId="6cb6bd70-65c1-428d-85f7-398f25b13978" testListId="8c84fa94-04c1-424b-9868-57a2d4851a1d" />
    <TestEntry testId="7f38c64c-30e5-6f29-b1b2-933630e715de" executionId="b4d90dc9-b96e-4e69-a098-893773563794" testListId="8c84fa94-04c1-424b-9868-57a2d4851a1d" />
    <TestEntry testId="bac2e760-c57c-379d-cca8-5272b1f0e7e5" executionId="d28676d9-c6fa-4380-b475-9dbc3bbd765d" testListId="8c84fa94-04c1-424b-9868-57a2d4851a1d" />
    <TestEntry testId="d256d95f-79c2-283f-fe67-61aaa54d0e1b" executionId="589d0332-2f78-4a52-8e46-d504ce3cf7da" testListId="8c84fa94-04c1-424b-9868-57a2d4851a1d" />
    <TestEntry testId="1eaafc3c-6374-0d37-e565-15fb470a9a01" executionId="1e48173c-6d92-44c2-945a-53b426aeec94" testListId="8c84fa94-04c1-424b-9868-57a2d4851a1d" />
    <TestEntry testId="dbbec110-d393-0535-7065-c16e31474059" executionId="48ae5f37-4c89-48b8-8c93-884d8d079a7d" testListId="8c84fa94-04c1-424b-9868-57a2d4851a1d" />
    <TestEntry testId="55a64d0e-8de2-b5b6-7b28-338aaabcb504" executionId="a1eca087-9ac4-488b-95ef-cf74346499d1" testListId="8c84fa94-04c1-424b-9868-57a2d4851a1d" />
    <TestEntry testId="9af46142-b025-7ff1-cd86-b161fef30f97" executionId="c1b75b92-63d8-4f96-a128-dc2ea6e800c3" testListId="8c84fa94-04c1-424b-9868-57a2d4851a1d" />
    <TestEntry testId="13dfd982-ae8a-b137-0e11-07b0f29632c1" executionId="721457fa-f713-4c94-8cc5-8a2e0331d3f8" testListId="8c84fa94-04c1-424b-9868-57a2d4851a1d" />
    <TestEntry testId="6c34d91a-3ccc-a88d-a525-6f3132726a55" executionId="ec54032c-9697-4317-b3a8-611d1cdf7245" testListId="8c84fa94-04c1-424b-9868-57a2d4851a1d" />
    <TestEntry testId="1400f8ec-69fd-4b7f-6a20-9938aff67002" executionId="a8ee0c09-91ef-46dd-bd92-8ef0daa1534c" testListId="8c84fa94-04c1-424b-9868-57a2d4851a1d" />
    <TestEntry testId="9dfbdafb-7dbf-f0e8-6265-547cdd24d00d" executionId="5954f8e2-5b3d-4426-9e65-016d7f5bf110" testListId="8c84fa94-04c1-424b-9868-57a2d4851a1d" />
    <TestEntry testId="dbf6f9ae-d4e2-c907-2228-ff1a571678a6" executionId="16aaaae4-c69a-4656-b666-d9b4ffe64b5b" testListId="8c84fa94-04c1-424b-9868-57a2d4851a1d" />
    <TestEntry testId="dbe8f5eb-581b-1146-9a97-1f79fbc0650a" executionId="e147ecc6-779a-4783-9d68-2ef333b46493" testListId="8c84fa94-04c1-424b-9868-57a2d4851a1d" />
    <TestEntry testId="17903115-6688-8f7d-0f17-6bed61c91258" executionId="4dff1d04-35b7-4446-bdb8-c44791d61d25" testListId="8c84fa94-04c1-424b-9868-57a2d4851a1d" />
    <TestEntry testId="b8c9a81a-11ec-9afa-2e32-5c4408d66f0a" executionId="635f8f27-8fc9-438d-a96c-ce1112446625" testListId="8c84fa94-04c1-424b-9868-57a2d4851a1d" />
    <TestEntry testId="e63012a7-c6dd-105c-5599-46a75e19ac35" executionId="76d3fe47-1bc7-43fc-9b49-fd3f146aa8ec" testListId="8c84fa94-04c1-424b-9868-57a2d4851a1d" />
    <TestEntry testId="c09462bb-4f86-b8e1-b39e-c6c94b35ddbc" executionId="d238bde3-5b26-4d0a-b3db-7e4270f3a4cd" testListId="8c84fa94-04c1-424b-9868-57a2d4851a1d" />
    <TestEntry testId="ec5e31f8-0a43-1c03-8691-e70ecfdbfc69" executionId="b1828fc7-d131-4bf9-ab77-e3ab304c70f6" testListId="8c84fa94-04c1-424b-9868-57a2d4851a1d" />
    <TestEntry testId="491a28af-9dc3-1b63-07e3-54fe5ff8a2ad" executionId="d3933002-e251-47fa-8a5a-40026c5699ac" testListId="8c84fa94-04c1-424b-9868-57a2d4851a1d" />
    <TestEntry testId="8dcae478-7176-db28-16c0-e91e0d918df3" executionId="7bf38e37-857f-42b4-91a5-a3fde98b82c5" testListId="8c84fa94-04c1-424b-9868-57a2d4851a1d" />
    <TestEntry testId="9538a911-f018-0a3e-26cb-52278d332f56" executionId="c788ad3e-b145-4b4f-931d-0b207b3b4b39" testListId="8c84fa94-04c1-424b-9868-57a2d4851a1d" />
    <TestEntry testId="c0f25143-2b07-04f3-95cc-c9746948afb7" executionId="4e0344d7-f858-4fdb-8623-5739a6be055f" testListId="8c84fa94-04c1-424b-9868-57a2d4851a1d" />
    <TestEntry testId="a1fbb77d-adf8-8ccd-4022-16be128e7ade" executionId="df575128-cbe1-4d82-89ea-c465fb2047ce" testListId="8c84fa94-04c1-424b-9868-57a2d4851a1d" />
    <TestEntry testId="ee3ad499-d226-2821-3efe-49a57729a899" executionId="7a327814-afa8-4e35-b7f2-81df333c4072" testListId="8c84fa94-04c1-424b-9868-57a2d4851a1d" />
    <TestEntry testId="b818a661-8c39-b04d-aea0-c8bf6f965ed2" executionId="0dde57bf-99b0-4db5-aed9-779198cd92d7" testListId="8c84fa94-04c1-424b-9868-57a2d4851a1d" />
    <TestEntry testId="6c083eac-7cf7-3a47-1845-0ff85783e0c1" executionId="35e7d014-117f-4674-90e8-ed2186773cc7" testListId="8c84fa94-04c1-424b-9868-57a2d4851a1d" />
    <TestEntry testId="b260e8fd-b664-9d96-9944-4c7dd9ae1851" executionId="350d4f2e-8d1f-4c4d-bb92-68588f480d41" testListId="8c84fa94-04c1-424b-9868-57a2d4851a1d" />
    <TestEntry testId="51b21bbe-86e0-7c92-977a-b85ebd62b755" executionId="6466b64f-b9bc-4911-822d-04138446096b" testListId="8c84fa94-04c1-424b-9868-57a2d4851a1d" />
    <TestEntry testId="a16b516f-2dd7-f0de-4b9f-39b505e3fb31" executionId="fe1b0513-d048-49a5-afeb-1741e18bca8d" testListId="8c84fa94-04c1-424b-9868-57a2d4851a1d" />
    <TestEntry testId="75fb03cc-a2de-116e-3a3c-32d118eb526b" executionId="9c9ac808-80ed-496a-ae04-0574171f14a2" testListId="8c84fa94-04c1-424b-9868-57a2d4851a1d" />
    <TestEntry testId="235eb381-d2e3-8caa-5888-040fb729169a" executionId="8d11a03a-2948-42f5-a17a-ac745fc7acfb" testListId="8c84fa94-04c1-424b-9868-57a2d4851a1d" />
    <TestEntry testId="5d6a5449-fc3a-dea9-163b-dec74b3dd1b9" executionId="9dad8a60-e377-4525-a373-0416aa0afc54" testListId="8c84fa94-04c1-424b-9868-57a2d4851a1d" />
    <TestEntry testId="fb66f3c8-a00d-4cfa-eac4-abc207e2c602" executionId="fb54daa9-9b64-4c38-a776-5d8470fa74b8" testListId="8c84fa94-04c1-424b-9868-57a2d4851a1d" />
    <TestEntry testId="05428edc-24e9-331d-ccde-497be2e009d1" executionId="4753a802-9d0e-47e0-9fa8-46b207022002" testListId="8c84fa94-04c1-424b-9868-57a2d4851a1d" />
    <TestEntry testId="c08a791c-2a2e-8ef9-53c2-680714283837" executionId="78009fc0-b239-4d91-a465-3461c3b9b35d" testListId="8c84fa94-04c1-424b-9868-57a2d4851a1d" />
    <TestEntry testId="e18b4dbd-2ff6-3acf-dfb2-f12cbfa820d0" executionId="7e46732d-d886-43f8-8f67-a5698a6e0e53" testListId="8c84fa94-04c1-424b-9868-57a2d4851a1d" />
    <TestEntry testId="9a37fdb2-9bc9-44c3-d032-3d58a5dce31d" executionId="48569dcc-a8ce-4919-9c0e-459970c54248" testListId="8c84fa94-04c1-424b-9868-57a2d4851a1d" />
    <TestEntry testId="38ee170e-2136-8164-8076-d7d266da6388" executionId="85e925b2-06ec-40aa-b3cf-ddbb5639a716" testListId="8c84fa94-04c1-424b-9868-57a2d4851a1d" />
    <TestEntry testId="33ba7c37-d825-e74e-e294-1a6f561fb224" executionId="cdc549e1-4b26-4268-952b-34b5e2c1aa33" testListId="8c84fa94-04c1-424b-9868-57a2d4851a1d" />
    <TestEntry testId="d4b7a26e-ed5a-1e37-a00a-e21284ce265b" executionId="cf14dcd5-39e9-4cbf-b4ea-4b7a381ab7ec" testListId="8c84fa94-04c1-424b-9868-57a2d4851a1d" />
    <TestEntry testId="3b87d198-4b64-d5ab-66c4-ae53f55f5bdf" executionId="4e14bd8d-d3b3-49cd-98f0-565490bdac94" testListId="8c84fa94-04c1-424b-9868-57a2d4851a1d" />
    <TestEntry testId="e62a06d7-081f-b513-c2d5-80ddeebcb813" executionId="a3ecbca6-158d-44d6-8937-61bb3f59732f" testListId="8c84fa94-04c1-424b-9868-57a2d4851a1d" />
    <TestEntry testId="9612d6d4-5d3c-f9a6-943c-f09f8d38bf59" executionId="c126dafa-fea0-465d-9fa9-c197064389f8" testListId="8c84fa94-04c1-424b-9868-57a2d4851a1d" />
    <TestEntry testId="f5820c79-9491-c601-5f6f-2c9537d33353" executionId="f8fc96e1-a6f6-45de-862a-32b600d80532" testListId="8c84fa94-04c1-424b-9868-57a2d4851a1d" />
    <TestEntry testId="0c81c8d2-5b34-01f9-4916-14e860679bfe" executionId="8a3aa719-7f04-4235-97a5-dbedd32e100f" testListId="8c84fa94-04c1-424b-9868-57a2d4851a1d" />
    <TestEntry testId="01a9775b-5693-bd58-011d-1e4a65370397" executionId="a7a530c8-4dbf-4457-b1d4-1930ec59d5b7" testListId="8c84fa94-04c1-424b-9868-57a2d4851a1d" />
    <TestEntry testId="bafd99e7-ca41-5985-0fa2-b8c4e8f1fc8c" executionId="589af3a5-387e-4341-a531-e63929a48393" testListId="8c84fa94-04c1-424b-9868-57a2d4851a1d" />
    <TestEntry testId="0d808795-ca9e-3ec0-5d7b-6c498dbb0495" executionId="d003b363-ee53-4cf2-aebd-f27fd7fe14e0" testListId="8c84fa94-04c1-424b-9868-57a2d4851a1d" />
    <TestEntry testId="127fb78e-ed01-3534-55cd-9f963056d67f" executionId="59648823-e73c-447f-88aa-222aa415786f" testListId="8c84fa94-04c1-424b-9868-57a2d4851a1d" />
    <TestEntry testId="31ad7a80-5373-effd-b719-cfe8b75a74c8" executionId="8d8a17fb-af8e-49ab-b3f0-db95330e06f6" testListId="8c84fa94-04c1-424b-9868-57a2d4851a1d" />
    <TestEntry testId="72b4af26-389d-d3a5-e933-0620092c06be" executionId="d713a3ab-681d-488a-a77b-02088678e6e0" testListId="8c84fa94-04c1-424b-9868-57a2d4851a1d" />
    <TestEntry testId="c6af2688-b6d7-1499-ef57-908aefcce6dc" executionId="e30f1079-f566-4788-b192-659930eb3ad3" testListId="8c84fa94-04c1-424b-9868-57a2d4851a1d" />
    <TestEntry testId="6205fc96-eb71-1460-755c-461fb37bb024" executionId="43ff409a-0802-4f18-a7c3-9bbbbd016320" testListId="8c84fa94-04c1-424b-9868-57a2d4851a1d" />
    <TestEntry testId="5554cc9d-410c-0a03-5c37-393e64fd2d26" executionId="136572a0-6617-4812-be69-5d779df1dfb6" testListId="8c84fa94-04c1-424b-9868-57a2d4851a1d" />
    <TestEntry testId="434a8caa-9318-d21d-4a14-8dc7214b55eb" executionId="4eed2ea8-bd07-46b5-bb51-a8910134cf01" testListId="8c84fa94-04c1-424b-9868-57a2d4851a1d" />
    <TestEntry testId="3aa6da58-73c8-f8a3-c690-8bbd80282877" executionId="fd287539-01a5-4290-9e2d-bd0a0b2224ac" testListId="8c84fa94-04c1-424b-9868-57a2d4851a1d" />
    <TestEntry testId="e0c34032-6c79-2d9c-b6af-6955c63a9e30" executionId="2dc3929c-49cb-4015-a437-5274ac4d05af" testListId="8c84fa94-04c1-424b-9868-57a2d4851a1d" />
    <TestEntry testId="e1f98d4b-b934-3301-b07c-a8722a8e1bf4" executionId="9a30c59b-a8fa-4696-b994-952adce4018d" testListId="8c84fa94-04c1-424b-9868-57a2d4851a1d" />
    <TestEntry testId="33fd1dda-62a8-0bed-a4ce-731800ce94c0" executionId="0b9d5ac0-a558-4f1a-aad5-f63ea752e52b" testListId="8c84fa94-04c1-424b-9868-57a2d4851a1d" />
    <TestEntry testId="aef73524-5efd-2ad9-76a4-22b643281e1e" executionId="d81142f5-1a18-467f-aba2-76f28435be51" testListId="8c84fa94-04c1-424b-9868-57a2d4851a1d" />
    <TestEntry testId="1986b1a1-c98c-3d3a-7942-85a1e1c43315" executionId="35a60bd1-23ac-4d39-8df4-2fb0652fe847" testListId="8c84fa94-04c1-424b-9868-57a2d4851a1d" />
    <TestEntry testId="537f8fc0-34c4-479b-bc61-34b31d069aae" executionId="14b72af1-0be6-48b9-bf12-fcadbe741673" testListId="8c84fa94-04c1-424b-9868-57a2d4851a1d" />
    <TestEntry testId="48c41a45-a694-6e7a-7100-4b0ce75fbb19" executionId="7259601e-63b9-465a-a449-c781c48a0696" testListId="8c84fa94-04c1-424b-9868-57a2d4851a1d" />
    <TestEntry testId="264c060b-2c06-6e92-2e7b-9f27ddffeba4" executionId="627d2895-89ee-42b5-9723-83fd2d61ec7e" testListId="8c84fa94-04c1-424b-9868-57a2d4851a1d" />
    <TestEntry testId="0d6a7c9f-244c-8d08-98f4-afd58838a2c2" executionId="08a71ee1-b511-486e-9e6d-40fffccb99a1" testListId="8c84fa94-04c1-424b-9868-57a2d4851a1d" />
    <TestEntry testId="5313f3e0-d68f-8127-ba85-18b29352fdf0" executionId="a5593ae6-dc69-4a52-8ab8-631fe2ef9407" testListId="8c84fa94-04c1-424b-9868-57a2d4851a1d" />
    <TestEntry testId="f62ec529-2064-feb0-d217-30e62f8296ba" executionId="b1c8226a-c67e-4355-9854-87773c186aa5" testListId="8c84fa94-04c1-424b-9868-57a2d4851a1d" />
    <TestEntry testId="c9fc2c85-cd6b-22aa-0e63-9afbfb8c152b" executionId="efc9de8f-2839-4123-a39b-226559592ad0" testListId="8c84fa94-04c1-424b-9868-57a2d4851a1d" />
    <TestEntry testId="ff96b5de-94eb-fc99-362b-5102f1ace758" executionId="3ca1784f-17f7-46b9-864b-98bce875a862" testListId="8c84fa94-04c1-424b-9868-57a2d4851a1d" />
    <TestEntry testId="e3939992-ed7f-a290-3278-0cb23f85c16d" executionId="c74b204a-2fd6-4a5e-af60-8fc4c9b8f8e9" testListId="8c84fa94-04c1-424b-9868-57a2d4851a1d" />
    <TestEntry testId="80972e1e-3ff9-bf5c-296f-71aecb5aa2ee" executionId="bbaf1d17-a97e-4e39-bc5b-1990829a28dc" testListId="8c84fa94-04c1-424b-9868-57a2d4851a1d" />
    <TestEntry testId="f376fc2f-2ee5-1277-a20e-665c6294e53a" executionId="2c4b6730-dac0-467b-94db-6a3ab8533f24" testListId="8c84fa94-04c1-424b-9868-57a2d4851a1d" />
    <TestEntry testId="0875efbb-c25e-506a-0639-785cadf1bec9" executionId="be00dbd6-81e4-480c-b18e-7a6471fe018f" testListId="8c84fa94-04c1-424b-9868-57a2d4851a1d" />
    <TestEntry testId="c2e7dabf-153e-40d2-4e35-e0a4cdae5b80" executionId="0bb5fe08-c21f-4985-b888-4398d1e8ff94" testListId="8c84fa94-04c1-424b-9868-57a2d4851a1d" />
    <TestEntry testId="90cfec42-4910-af10-cff4-5af0ef6c23f5" executionId="bdc3552b-8919-4dde-b9ff-84a7c198270e" testListId="8c84fa94-04c1-424b-9868-57a2d4851a1d" />
    <TestEntry testId="dfaf8cc8-6c50-9b2f-464a-6475c413ade9" executionId="70e7c874-1e8c-466f-bcbb-25559759e376" testListId="8c84fa94-04c1-424b-9868-57a2d4851a1d" />
    <TestEntry testId="b6db6a04-ac79-c80a-e7d6-d9ff2d42f5f4" executionId="1f29cc35-c132-44f3-a01c-551cf593eb46" testListId="8c84fa94-04c1-424b-9868-57a2d4851a1d" />
    <TestEntry testId="56e327fe-8407-ea11-addf-90ce93ff7d58" executionId="df2dd97e-332f-4969-b75a-2140e524fe7b" testListId="8c84fa94-04c1-424b-9868-57a2d4851a1d" />
    <TestEntry testId="a5c380fd-7aff-7b69-c8d6-5989b9e204c5" executionId="48b8b056-9da3-45b3-b03f-88ca43654b31" testListId="8c84fa94-04c1-424b-9868-57a2d4851a1d" />
    <TestEntry testId="3592b35e-5647-34de-406e-9d7d0b031ac6" executionId="44018a43-105c-4394-92e9-a3da0b99658c" testListId="8c84fa94-04c1-424b-9868-57a2d4851a1d" />
    <TestEntry testId="459add99-cbf9-4f7c-b3d1-c619873acede" executionId="a0fbda87-29d7-49ca-8b91-ee9d828ad836" testListId="8c84fa94-04c1-424b-9868-57a2d4851a1d" />
    <TestEntry testId="5de12653-1f5a-24cb-5ff2-99601694fb1f" executionId="181d13db-8cac-4616-9224-0a44460982fd" testListId="8c84fa94-04c1-424b-9868-57a2d4851a1d" />
    <TestEntry testId="8783f986-8eac-ac9c-2b17-d1518f607836" executionId="64f61ebf-6e32-433b-8a92-db4781cd0131" testListId="8c84fa94-04c1-424b-9868-57a2d4851a1d" />
    <TestEntry testId="084c3ea0-3fae-0089-ccac-97b8aadd0b60" executionId="948a529a-0313-447f-a384-82264bc6e632" testListId="8c84fa94-04c1-424b-9868-57a2d4851a1d" />
    <TestEntry testId="e1c5523d-f177-82aa-b8ad-0ce279495eeb" executionId="f7139cde-6c4a-49a6-a1ee-67046ad27231" testListId="8c84fa94-04c1-424b-9868-57a2d4851a1d" />
    <TestEntry testId="3b56a798-367d-2897-b3e6-a32862419438" executionId="924a0f1e-dee1-4a36-9c39-b1eee817338e" testListId="8c84fa94-04c1-424b-9868-57a2d4851a1d" />
    <TestEntry testId="eaa6b024-a03d-d1dd-abf3-1b023d2d51e1" executionId="40423e90-5ca6-4d66-9d46-5a4f57d87c1e" testListId="8c84fa94-04c1-424b-9868-57a2d4851a1d" />
    <TestEntry testId="595bfab0-5cd9-2edb-fcf1-e6874dc93e48" executionId="b88b7c6e-3c7c-4f7f-8904-b361b9a2fafc" testListId="8c84fa94-04c1-424b-9868-57a2d4851a1d" />
    <TestEntry testId="ab2272df-129a-10d0-4d80-4c6fcfe702e8" executionId="5c363a57-5a4e-4cf4-a304-805235db95df" testListId="8c84fa94-04c1-424b-9868-57a2d4851a1d" />
    <TestEntry testId="2253269e-957f-9bba-378c-fb3e844bd0a1" executionId="a7008262-e818-4be7-8fc7-6423e8d6600e" testListId="8c84fa94-04c1-424b-9868-57a2d4851a1d" />
    <TestEntry testId="b9639a73-b99d-241a-c8a5-6c3a19c63133" executionId="7c3fedec-0783-495d-aecf-aab3ef91cd70" testListId="8c84fa94-04c1-424b-9868-57a2d4851a1d" />
    <TestEntry testId="ad51f424-6928-1bb2-fff3-55ef9dbab945" executionId="ad6332c1-ba5d-47da-ba65-d4928f43f309" testListId="8c84fa94-04c1-424b-9868-57a2d4851a1d" />
    <TestEntry testId="6dd99dbe-4c8b-34b5-1e2c-dac97050c643" executionId="ac6cdd57-f6ee-4a57-b7fc-6b1d2bef243e" testListId="8c84fa94-04c1-424b-9868-57a2d4851a1d" />
    <TestEntry testId="135dd56d-570b-92a1-4144-854d04d96ef0" executionId="04944d3f-69ee-4c4a-8b8d-a3257e3bff65" testListId="8c84fa94-04c1-424b-9868-57a2d4851a1d" />
    <TestEntry testId="578b5b4c-08d1-6f2c-3cf8-070bb75c9b96" executionId="a2667414-a23f-44c4-bb98-28e4d53a401d" testListId="8c84fa94-04c1-424b-9868-57a2d4851a1d" />
    <TestEntry testId="5ae458e4-bb73-ceec-2cfb-1eb05d691961" executionId="60271dac-e2cb-4253-91a4-3635319997d4" testListId="8c84fa94-04c1-424b-9868-57a2d4851a1d" />
    <TestEntry testId="a90d1942-15f1-e50c-e63d-254e34e99bf5" executionId="3dde1b87-dc30-4e47-aa09-45431210b619" testListId="8c84fa94-04c1-424b-9868-57a2d4851a1d" />
    <TestEntry testId="0a0bc23b-0e81-f4f7-edb6-cfc0213b6904" executionId="ee6d7a36-487d-42fd-a0c5-b67a1dedc915" testListId="8c84fa94-04c1-424b-9868-57a2d4851a1d" />
    <TestEntry testId="8a119c68-dcc0-dba7-c987-45fbb976469b" executionId="33004816-f3b1-490e-82ef-f20130cdd02b" testListId="8c84fa94-04c1-424b-9868-57a2d4851a1d" />
    <TestEntry testId="9b79670a-4357-fb82-855b-9e335ddd3a09" executionId="b1bfdb00-90bb-4861-9243-ff66caee4d86" testListId="8c84fa94-04c1-424b-9868-57a2d4851a1d" />
    <TestEntry testId="612eaa65-a60d-5727-69a2-576580c27858" executionId="e43bbeb2-e1ca-4989-93ad-ab3b996fb717" testListId="8c84fa94-04c1-424b-9868-57a2d4851a1d" />
    <TestEntry testId="102bb5fe-d832-e7b4-1cec-260995c71130" executionId="93f90636-908b-43b7-91e9-b96b47c76884" testListId="8c84fa94-04c1-424b-9868-57a2d4851a1d" />
    <TestEntry testId="c0952508-ec1e-97b9-fe02-0c1a5085abd7" executionId="01bb544a-21db-432d-9396-3007ddf77dc8" testListId="8c84fa94-04c1-424b-9868-57a2d4851a1d" />
    <TestEntry testId="ded3a712-fe17-74f4-ce2a-e02d4a5da442" executionId="47f8dc6b-050a-46a2-8b1a-4be57ac4e207" testListId="8c84fa94-04c1-424b-9868-57a2d4851a1d" />
    <TestEntry testId="fd8ab50a-6120-2a06-7ebd-aae621104cec" executionId="bbdbfcf8-40fc-46f0-9552-7f7236ee2c13" testListId="8c84fa94-04c1-424b-9868-57a2d4851a1d" />
    <TestEntry testId="19a6af43-eb02-cc32-570b-ae7c8852f08e" executionId="715f20cc-a67e-4bfb-9aa7-8f5bb91b5d09" testListId="8c84fa94-04c1-424b-9868-57a2d4851a1d" />
    <TestEntry testId="31d901d5-0ee4-8f4e-13ca-73133c8afccc" executionId="57f08ca9-cbf6-4a5c-824a-8b024657de2c" testListId="8c84fa94-04c1-424b-9868-57a2d4851a1d" />
    <TestEntry testId="f7ba8e86-cb66-6ef4-d1cf-87def896d05b" executionId="d1727e94-6252-4d88-aa40-b65029546a5c" testListId="8c84fa94-04c1-424b-9868-57a2d4851a1d" />
    <TestEntry testId="3d1af355-28e7-625e-59fd-fe5da700f0dc" executionId="f42e9f89-abce-4054-97f4-cc44bf155375" testListId="8c84fa94-04c1-424b-9868-57a2d4851a1d" />
    <TestEntry testId="178d037f-daf8-5717-a393-b090c90da1cf" executionId="c7c8d336-3b8e-49f2-9cfd-fe4e88667bd1" testListId="8c84fa94-04c1-424b-9868-57a2d4851a1d" />
    <TestEntry testId="0c407008-912c-f5cf-415d-950e444e81e2" executionId="520dd007-ca71-46d3-90cd-794dfb352276" testListId="8c84fa94-04c1-424b-9868-57a2d4851a1d" />
    <TestEntry testId="dcb09ac3-545f-7b73-7b06-f7917ef6e79e" executionId="634ea6e2-d6a7-44df-9f25-8e6ebb144512" testListId="8c84fa94-04c1-424b-9868-57a2d4851a1d" />
    <TestEntry testId="a1056dc3-d634-deb8-6537-d1daee422b62" executionId="5a6da757-8405-4cd1-9bc1-ce83c3fd1407" testListId="8c84fa94-04c1-424b-9868-57a2d4851a1d" />
    <TestEntry testId="017ca1fc-bbca-8181-b3ea-3373763e884b" executionId="b7eb4bce-92a4-439d-9391-f1421dee6a99" testListId="8c84fa94-04c1-424b-9868-57a2d4851a1d" />
    <TestEntry testId="0ced2539-ec58-b3a8-188d-e014bf456555" executionId="084b20f4-b318-4783-b424-702abaa33e7f" testListId="8c84fa94-04c1-424b-9868-57a2d4851a1d" />
    <TestEntry testId="2816ac64-5eac-8f30-91ba-bdceffb7dd71" executionId="f1855493-7771-4329-a287-d4391524643c" testListId="8c84fa94-04c1-424b-9868-57a2d4851a1d" />
    <TestEntry testId="9af1084a-697b-14e3-b169-a799a0af5e73" executionId="53a12dae-e2b2-4423-9653-096d6bfc376b" testListId="8c84fa94-04c1-424b-9868-57a2d4851a1d" />
    <TestEntry testId="4f602daf-bb8d-fd94-ef0a-fd5eecda2ee6" executionId="273fc116-497f-4e59-ae7f-52d021d8f398" testListId="8c84fa94-04c1-424b-9868-57a2d4851a1d" />
    <TestEntry testId="0fe69b56-67e1-3f07-b6ce-8076afaa9bd7" executionId="86215b8a-8f3f-40fb-b49a-32f11b5d116e" testListId="8c84fa94-04c1-424b-9868-57a2d4851a1d" />
    <TestEntry testId="5dc082f5-af3b-2f6f-74c8-0805bee30a46" executionId="c66bc9e0-0b5a-464c-b210-5fe078d30556" testListId="8c84fa94-04c1-424b-9868-57a2d4851a1d" />
    <TestEntry testId="7b9b1040-51d8-c2e6-1ac0-cb113e76a56a" executionId="2be7451c-f8f3-4593-b3da-1fcc9e131fcd" testListId="8c84fa94-04c1-424b-9868-57a2d4851a1d" />
    <TestEntry testId="52ac0864-3141-85db-5ec0-9dd50f51b247" executionId="490617df-4ade-4afe-a980-d19acfd1337f" testListId="8c84fa94-04c1-424b-9868-57a2d4851a1d" />
    <TestEntry testId="bfe24180-c0ac-b24a-c731-fe26d6138983" executionId="7d188e1f-5de8-427f-aad0-e264815a9e25" testListId="8c84fa94-04c1-424b-9868-57a2d4851a1d" />
    <TestEntry testId="eca8de8b-49e2-07c6-8662-27843e169d09" executionId="4a3ac66b-358d-44cf-9728-99ffe8eefb83" testListId="8c84fa94-04c1-424b-9868-57a2d4851a1d" />
    <TestEntry testId="c74f6017-9eb9-5854-4b62-c26b4cabe787" executionId="6298b7c0-c1b5-4e8f-9835-168246ffa3f5" testListId="8c84fa94-04c1-424b-9868-57a2d4851a1d" />
    <TestEntry testId="2ed2cd1c-632f-e0d9-b2af-c3d4c17fd7b1" executionId="1a61fc03-f92f-47f7-8d70-7c3144355400" testListId="8c84fa94-04c1-424b-9868-57a2d4851a1d" />
    <TestEntry testId="d6ed6531-54c3-2edf-18c7-ddb0279f678b" executionId="a74e765c-f815-49a3-aac9-de7a3f4f1fc7" testListId="8c84fa94-04c1-424b-9868-57a2d4851a1d" />
    <TestEntry testId="40134df2-77e4-6143-ea6f-23ae0fbd39f3" executionId="b080dc6e-0e4e-4df0-8b9f-c4e054c54efc" testListId="8c84fa94-04c1-424b-9868-57a2d4851a1d" />
    <TestEntry testId="61f864ac-97c4-6c85-0643-065c2cc97960" executionId="42bebaf8-1a29-493a-93ea-5d2923ee7b41" testListId="8c84fa94-04c1-424b-9868-57a2d4851a1d" />
    <TestEntry testId="af73f199-441a-68ae-4898-efc1663c19b9" executionId="fd9db8c5-2860-4e7b-ab76-0f98737f1550" testListId="8c84fa94-04c1-424b-9868-57a2d4851a1d" />
    <TestEntry testId="0010af2c-264b-9fa0-ca85-4bef95661f34" executionId="7f1b7bbe-c5af-49f2-9036-8bbe9a106482" testListId="8c84fa94-04c1-424b-9868-57a2d4851a1d" />
    <TestEntry testId="80a788de-88e0-32bd-4244-9850aa1ba44f" executionId="25917b10-3fca-442a-b9c8-9d615bf14a46" testListId="8c84fa94-04c1-424b-9868-57a2d4851a1d" />
    <TestEntry testId="bc76307e-662f-d191-64cf-4352a391fa59" executionId="1eeb835b-c557-481f-b490-bc18896a2f9b" testListId="8c84fa94-04c1-424b-9868-57a2d4851a1d" />
    <TestEntry testId="5d30b17d-1a70-2e78-f289-4e82f0d205e6" executionId="f26e0836-260d-4476-bcf2-193edbd70ef4" testListId="8c84fa94-04c1-424b-9868-57a2d4851a1d" />
    <TestEntry testId="900eea81-caf7-4e0f-b129-22c2df2135b0" executionId="2f1cee44-c582-42ad-81fb-3b90a1377058" testListId="8c84fa94-04c1-424b-9868-57a2d4851a1d" />
    <TestEntry testId="ae81390e-96a7-cf30-3a99-7ea7ca8436a2" executionId="dc8461cd-bafd-4833-864b-97cef0df8a03" testListId="8c84fa94-04c1-424b-9868-57a2d4851a1d" />
    <TestEntry testId="fbdffebc-5b1f-3fc0-8f3a-0ed85a2faf6a" executionId="7ffdde43-80e1-4106-a78f-631020ac3494" testListId="8c84fa94-04c1-424b-9868-57a2d4851a1d" />
    <TestEntry testId="41c4ce1a-ef09-24d7-c3f0-f5bd5a81a0d8" executionId="0d9166af-dbac-4974-9c56-106a35d94848" testListId="8c84fa94-04c1-424b-9868-57a2d4851a1d" />
    <TestEntry testId="0e945364-42c0-3773-924e-a8c9f3ec6d3e" executionId="218e350e-00bc-43ef-b9ae-92964814b7a7" testListId="8c84fa94-04c1-424b-9868-57a2d4851a1d" />
    <TestEntry testId="32346c07-b161-6e9f-65c2-990bcbe58b07" executionId="ef58676b-c78d-4299-a58b-e002da042e25" testListId="8c84fa94-04c1-424b-9868-57a2d4851a1d" />
    <TestEntry testId="4c9ec316-0614-0ed3-d3e3-ff9a3542b3e8" executionId="698d54b0-07ef-4003-b811-5c6e67271812" testListId="8c84fa94-04c1-424b-9868-57a2d4851a1d" />
    <TestEntry testId="1b17bc60-8954-8c6a-08e7-e6fe2f215cc6" executionId="757f6d35-c885-4df2-8d32-21d391e9df5d" testListId="8c84fa94-04c1-424b-9868-57a2d4851a1d" />
    <TestEntry testId="96c01fa6-5d4d-3d03-7186-21835a01bdc8" executionId="94a4a0ee-6835-4226-8e9f-59c31a3f40d8" testListId="8c84fa94-04c1-424b-9868-57a2d4851a1d" />
    <TestEntry testId="6aa06741-b93f-b24b-6ccf-f7d51617fc30" executionId="7bfcb623-ee0f-449f-abd4-de0580a402eb" testListId="8c84fa94-04c1-424b-9868-57a2d4851a1d" />
    <TestEntry testId="e5b31225-6687-353e-986c-a81c10574659" executionId="57522f19-5e72-4d7e-aa3d-d0298eef67ec" testListId="8c84fa94-04c1-424b-9868-57a2d4851a1d" />
    <TestEntry testId="35d446c0-f87b-db26-2eb6-ac470ed5efed" executionId="99fa8aee-809b-40b8-8c14-7c10ac426cf0" testListId="8c84fa94-04c1-424b-9868-57a2d4851a1d" />
    <TestEntry testId="5ba87170-b4be-88ce-9658-2993ce18ab0a" executionId="92da02f6-c389-471c-8e39-57d98ada020b" testListId="8c84fa94-04c1-424b-9868-57a2d4851a1d" />
    <TestEntry testId="4dd76fcc-f663-2688-f7a4-a439b3a5cf01" executionId="e43811e7-722f-439a-b43a-b4b87ea19e0f" testListId="8c84fa94-04c1-424b-9868-57a2d4851a1d" />
    <TestEntry testId="49539e03-80f3-85f0-9c28-9ba645507120" executionId="bcda04b6-aa6c-4353-b2af-74aeb776fc09" testListId="8c84fa94-04c1-424b-9868-57a2d4851a1d" />
    <TestEntry testId="d2e288cb-5b2d-9b97-c7c0-aed9f363013c" executionId="5ab39d00-ab14-4357-83ee-3a7324002974" testListId="8c84fa94-04c1-424b-9868-57a2d4851a1d" />
    <TestEntry testId="4ffd7804-0b86-b3af-454f-c182dda91ce2" executionId="13b14b4d-2915-4744-85f5-d9e02ff6cc1c" testListId="8c84fa94-04c1-424b-9868-57a2d4851a1d" />
    <TestEntry testId="6997fb4f-bee2-69ca-461b-7845f1fa191c" executionId="0cb5c373-0886-4d5d-8da5-8b5fc441a97f" testListId="8c84fa94-04c1-424b-9868-57a2d4851a1d" />
    <TestEntry testId="0740431b-2d5c-94f4-7631-d3fb545f47f1" executionId="58f778e4-6f81-4284-93a3-11c09d4d029f" testListId="8c84fa94-04c1-424b-9868-57a2d4851a1d" />
    <TestEntry testId="27e54bf1-4aa0-4763-a98b-d50300d50e6c" executionId="ecf9ce36-bff7-4815-a40f-6791693de019" testListId="8c84fa94-04c1-424b-9868-57a2d4851a1d" />
    <TestEntry testId="112056a7-90b6-3caa-8868-b79786565857" executionId="fcbc7ffd-86b0-4877-8e28-516c6bc260b0" testListId="8c84fa94-04c1-424b-9868-57a2d4851a1d" />
    <TestEntry testId="681b18e6-8ac3-1647-8149-58844d19cdf1" executionId="8d9a0d84-3f4a-485d-a1a3-bbcbbea3db30" testListId="8c84fa94-04c1-424b-9868-57a2d4851a1d" />
    <TestEntry testId="c9dc0f3f-e108-0c1a-7cef-09dcecce5469" executionId="61530688-59ce-4e3d-be42-3c03ae7bfefc" testListId="8c84fa94-04c1-424b-9868-57a2d4851a1d" />
    <TestEntry testId="b8055217-5a74-6a87-a561-a760192c2a20" executionId="43c0af4d-960b-4b0e-a23f-303fb83a48dd" testListId="8c84fa94-04c1-424b-9868-57a2d4851a1d" />
    <TestEntry testId="c21a2737-6b36-8691-5404-6629a58d4529" executionId="b8ac2c49-234b-4315-8f22-638c761c6ac7" testListId="8c84fa94-04c1-424b-9868-57a2d4851a1d" />
    <TestEntry testId="c3b1d717-2998-1634-887e-572d42236e5b" executionId="b452ec2b-56ce-45f2-85ad-6e8f2e42351e" testListId="8c84fa94-04c1-424b-9868-57a2d4851a1d" />
    <TestEntry testId="7c86c7d1-a9a4-3305-ae10-fdb7acd65489" executionId="0053d9df-9632-4afc-b674-f4c9dd2fa8ad" testListId="8c84fa94-04c1-424b-9868-57a2d4851a1d" />
    <TestEntry testId="66840d6a-95a8-9e96-1d7b-1ecad55a0c92" executionId="71c75636-dcec-477f-8147-4bb80e93b541" testListId="8c84fa94-04c1-424b-9868-57a2d4851a1d" />
    <TestEntry testId="b59817a2-024b-f794-3f46-68714948a01a" executionId="02bb322c-97fb-4d5a-9167-3b49a357406c" testListId="8c84fa94-04c1-424b-9868-57a2d4851a1d" />
    <TestEntry testId="c0741e8d-b0f9-ca5e-e02e-02960c9e164f" executionId="e54fd601-e80d-4b5f-b28d-a3bf22e09900" testListId="8c84fa94-04c1-424b-9868-57a2d4851a1d" />
    <TestEntry testId="76ad8ec9-5ccc-b3a3-7c1b-d549d0dbd095" executionId="0346d13c-af69-4128-8fd3-d5c0d35653b2" testListId="8c84fa94-04c1-424b-9868-57a2d4851a1d" />
    <TestEntry testId="9be732dd-ee22-c2df-2aa3-eb082a5b0373" executionId="a69c2d8d-b1fc-4446-947f-2fba2ba1f2db" testListId="8c84fa94-04c1-424b-9868-57a2d4851a1d" />
    <TestEntry testId="7e29f92d-fa8b-6742-a856-fa32047034c5" executionId="e7d595e5-53ef-4c94-a106-351f2d83ff49" testListId="8c84fa94-04c1-424b-9868-57a2d4851a1d" />
    <TestEntry testId="18167db3-c21a-1968-f83d-cf6f5b58219d" executionId="de210774-ea99-42b3-8a9f-5385d7defccb" testListId="8c84fa94-04c1-424b-9868-57a2d4851a1d" />
    <TestEntry testId="0d1bc5db-e6c6-10df-8cf0-a0dfa7497484" executionId="63474c7a-b794-4336-b537-711d122d4ddf" testListId="8c84fa94-04c1-424b-9868-57a2d4851a1d" />
    <TestEntry testId="042cc95e-2b44-fa19-b576-f75093af4b96" executionId="4b26d979-6323-42dc-93d1-c39db086a1a6" testListId="8c84fa94-04c1-424b-9868-57a2d4851a1d" />
    <TestEntry testId="bafee3ee-9889-56d2-8e3d-2c651a7649c3" executionId="888f8d93-1a9c-45e8-be2b-65b804b84de9" testListId="8c84fa94-04c1-424b-9868-57a2d4851a1d" />
    <TestEntry testId="ee9462eb-6912-5171-764c-f29a600e2526" executionId="bcf12ecc-b9bd-4371-a23a-696fab49f9f2" testListId="8c84fa94-04c1-424b-9868-57a2d4851a1d" />
    <TestEntry testId="df465776-c4f6-f76e-1fec-b3cfe705b591" executionId="3198305e-15d5-4f77-952e-67f38220785a" testListId="8c84fa94-04c1-424b-9868-57a2d4851a1d" />
    <TestEntry testId="d1d304ec-d1a8-54dd-0ee3-d84b0c72b00c" executionId="e2c95f70-3935-4636-8f7d-383cfb1f3758" testListId="8c84fa94-04c1-424b-9868-57a2d4851a1d" />
    <TestEntry testId="e6b4d3a2-a83c-419f-8b42-b631077ac8fc" executionId="feea9f1f-5abc-4a7f-8d9c-475e4fcb5fd6" testListId="8c84fa94-04c1-424b-9868-57a2d4851a1d" />
    <TestEntry testId="9f62336d-d2a3-438a-9707-488b6a94c792" executionId="a9c8f4eb-edac-4c28-bcd8-914ba3324bf9" testListId="8c84fa94-04c1-424b-9868-57a2d4851a1d" />
    <TestEntry testId="c7c04760-2233-4819-4eb3-2daf180edff4" executionId="46f01f47-25d4-4067-b934-ba37ad25d362" testListId="8c84fa94-04c1-424b-9868-57a2d4851a1d" />
    <TestEntry testId="23282872-5c32-1fb9-e0a2-cb7aa878c838" executionId="ab87243f-83a8-4b4e-9e5e-b5d307292db4" testListId="8c84fa94-04c1-424b-9868-57a2d4851a1d" />
    <TestEntry testId="c212e24b-1c29-9890-50c8-57d6096284d3" executionId="90d854ba-ab59-4d9c-888f-20d3e894c040" testListId="8c84fa94-04c1-424b-9868-57a2d4851a1d" />
    <TestEntry testId="ba6a31a5-f6b4-cabf-4787-f1e219c63249" executionId="75d26fee-6fc9-46c0-82ec-971dcc7b59e1" testListId="8c84fa94-04c1-424b-9868-57a2d4851a1d" />
    <TestEntry testId="eb81fa5f-83e5-54db-0bb8-c928bd6f40f1" executionId="52464a06-edc9-4dc2-8642-3acc7945609a" testListId="8c84fa94-04c1-424b-9868-57a2d4851a1d" />
    <TestEntry testId="0d6018bc-c4c3-ac7c-618e-ae3024a5dbea" executionId="0ce8e736-5de7-47cb-a307-534470b9f216" testListId="8c84fa94-04c1-424b-9868-57a2d4851a1d" />
    <TestEntry testId="99e7c5dd-ce54-9083-5f21-8bd4ff4149bd" executionId="ebee60aa-cf8a-48cb-b219-1e955ed96fed" testListId="8c84fa94-04c1-424b-9868-57a2d4851a1d" />
    <TestEntry testId="df98a0bb-288a-f0a3-8af8-186ed72a3b48" executionId="2e4218e3-fa55-4ea2-a65a-a543bb0f28ca" testListId="8c84fa94-04c1-424b-9868-57a2d4851a1d" />
    <TestEntry testId="4fc181f0-ada2-9ab6-d52d-1988c5ebde7a" executionId="7ee754b8-9085-4f1c-a99e-ac0067bffeb7" testListId="8c84fa94-04c1-424b-9868-57a2d4851a1d" />
    <TestEntry testId="d4f3c378-b93a-d1d1-d97b-d57a65cd57e1" executionId="e8201f3a-7030-4cf7-819b-3a9a7fd807f3" testListId="8c84fa94-04c1-424b-9868-57a2d4851a1d" />
    <TestEntry testId="6fd88d41-992e-23c0-e35a-a1d1b838cd50" executionId="d252e563-0daa-4285-a799-fcfbf18f7d21" testListId="8c84fa94-04c1-424b-9868-57a2d4851a1d" />
    <TestEntry testId="0a8dd3d5-59e9-8093-402f-f8fc213265ce" executionId="407df3ea-dabd-446f-bcb7-0994117d566e" testListId="8c84fa94-04c1-424b-9868-57a2d4851a1d" />
    <TestEntry testId="81074b63-819a-5707-3f0a-c12b1496d111" executionId="fab73f41-0421-4b41-8383-7c07f599873e" testListId="8c84fa94-04c1-424b-9868-57a2d4851a1d" />
    <TestEntry testId="4f50c537-4ed4-21bc-0ecd-39e74b29d0e7" executionId="aaf89c12-cbf3-47ef-bc00-e8ce27a20092" testListId="8c84fa94-04c1-424b-9868-57a2d4851a1d" />
    <TestEntry testId="31b9c4ce-6a9b-3b29-d842-ab748e7d275b" executionId="596f66c3-3c25-4926-8625-76340d827c7f" testListId="8c84fa94-04c1-424b-9868-57a2d4851a1d" />
    <TestEntry testId="3a14b4a3-bbfa-4f36-3b26-b18f61900c63" executionId="9036a2df-a68d-49dd-b63b-9b035c037aa7" testListId="8c84fa94-04c1-424b-9868-57a2d4851a1d" />
    <TestEntry testId="df661f1a-369e-296a-5042-ab9651f93dce" executionId="aba79a29-02fa-45d6-8a2c-aa5d997e92fe" testListId="8c84fa94-04c1-424b-9868-57a2d4851a1d" />
    <TestEntry testId="ed2c7eae-4b8e-1a77-ee79-03d5fbd59f41" executionId="d013438b-ba48-4ae1-9b7a-5f05a1c00d44" testListId="8c84fa94-04c1-424b-9868-57a2d4851a1d" />
    <TestEntry testId="de1aa414-8fbd-dead-288e-d558b1305dac" executionId="64d70733-03b3-4876-a7e2-be0ae99e9c3b" testListId="8c84fa94-04c1-424b-9868-57a2d4851a1d" />
    <TestEntry testId="170260b6-6610-99a8-adfb-d2dcbd80a40f" executionId="cd5851eb-54d0-4ce5-9695-ab4226dfd69a" testListId="8c84fa94-04c1-424b-9868-57a2d4851a1d" />
    <TestEntry testId="2fe7dd20-7d34-4621-c4bd-6f2ec94c5407" executionId="929092c6-1135-417c-b6ac-83bd51a95e58" testListId="8c84fa94-04c1-424b-9868-57a2d4851a1d" />
    <TestEntry testId="13335374-86bb-3ff8-d28a-bd89dc7f02ec" executionId="ddd14b88-14d6-4873-a222-8996d5c7a23b" testListId="8c84fa94-04c1-424b-9868-57a2d4851a1d" />
    <TestEntry testId="72e011e2-bf27-7ea5-75f9-295f8504211f" executionId="5de42d62-c23a-4c1a-b27b-b70610fd629b" testListId="8c84fa94-04c1-424b-9868-57a2d4851a1d" />
    <TestEntry testId="33f34022-0429-d841-2008-e35fc72eef53" executionId="86b1dc8b-5340-414c-b31e-951c9c457ac3" testListId="8c84fa94-04c1-424b-9868-57a2d4851a1d" />
    <TestEntry testId="87f6b537-303b-ee32-7ebc-e34863879e5b" executionId="0b9c0340-7599-476d-a526-4d478055d272" testListId="8c84fa94-04c1-424b-9868-57a2d4851a1d" />
    <TestEntry testId="bc63b05b-4f30-8c10-7b75-77e26fb38256" executionId="3a71fc93-2c7b-48d1-823d-2b8f6768535b" testListId="8c84fa94-04c1-424b-9868-57a2d4851a1d" />
    <TestEntry testId="79d9531c-e009-9169-2cbc-ceab51e47aa5" executionId="55cf1fca-c566-47fd-a4d6-eab7a018b1e8" testListId="8c84fa94-04c1-424b-9868-57a2d4851a1d" />
    <TestEntry testId="0df7d709-570d-9a2b-20b2-9824d27442ba" executionId="ab6016ee-a5cd-4555-b02e-dc58113e2c8e" testListId="8c84fa94-04c1-424b-9868-57a2d4851a1d" />
    <TestEntry testId="a5d2d781-ed08-2478-bb45-1d4f50c82554" executionId="b0026b21-1617-4211-8865-60526d668d6c" testListId="8c84fa94-04c1-424b-9868-57a2d4851a1d" />
    <TestEntry testId="d674a2b2-91f4-595f-2a5d-e8f6a4053ca1" executionId="a91aab5b-5c30-4819-902a-43e5e02b48f3" testListId="8c84fa94-04c1-424b-9868-57a2d4851a1d" />
    <TestEntry testId="171141a5-7e7d-d227-6619-8929fed50e13" executionId="db15cd7e-de3b-4942-8a58-77caee9735eb" testListId="8c84fa94-04c1-424b-9868-57a2d4851a1d" />
    <TestEntry testId="31031da7-a7ef-21d8-df85-bc08b8725f11" executionId="c8727a49-1e9f-4e9b-96d1-8ecc9c977500" testListId="8c84fa94-04c1-424b-9868-57a2d4851a1d" />
    <TestEntry testId="86b56171-19f4-76a4-c109-8879ac5bbbd7" executionId="bf731f29-26af-439d-878f-83566d62e288" testListId="8c84fa94-04c1-424b-9868-57a2d4851a1d" />
    <TestEntry testId="5f750d11-c899-aa88-cff9-6806fe46c3fe" executionId="f395f502-6f9c-4f0b-ba6c-1322b6e1c0ae" testListId="8c84fa94-04c1-424b-9868-57a2d4851a1d" />
    <TestEntry testId="4753ba69-a929-b55c-7853-51519ca51301" executionId="fe10f560-f27e-4e38-b81b-98621f6df13c" testListId="8c84fa94-04c1-424b-9868-57a2d4851a1d" />
    <TestEntry testId="24bb58fc-f26e-f596-3b94-0fe50e90026c" executionId="51639c53-cf2e-48a2-a0dc-1716f62c410a" testListId="8c84fa94-04c1-424b-9868-57a2d4851a1d" />
    <TestEntry testId="eb1e2ccd-822e-57b0-f5e5-7fc8ed277803" executionId="e6c11a94-bd5c-45e9-b41a-ff4d8118c92c" testListId="8c84fa94-04c1-424b-9868-57a2d4851a1d" />
    <TestEntry testId="b16fb8e5-3fa9-845c-9c70-ee0c0d261e2c" executionId="36dfe17b-3310-419f-a2eb-8ca90259ad9d" testListId="8c84fa94-04c1-424b-9868-57a2d4851a1d" />
    <TestEntry testId="9f1933d5-ba32-f60d-5aa4-3e77602dd567" executionId="aaacaac3-b905-4aca-a102-5ef1f5835147" testListId="8c84fa94-04c1-424b-9868-57a2d4851a1d" />
    <TestEntry testId="d44a0649-8200-dc14-ee0f-9aa1a5e79e57" executionId="eabcf06c-e1fd-446c-b2cb-3fc2005b09ce" testListId="8c84fa94-04c1-424b-9868-57a2d4851a1d" />
    <TestEntry testId="294352cc-8efa-db1c-1bd5-bae00c9cde08" executionId="09a70662-9431-4c30-ab94-d3182f3c3385" testListId="8c84fa94-04c1-424b-9868-57a2d4851a1d" />
    <TestEntry testId="5e9f654f-dd64-8138-30a6-1dc5f11cf83a" executionId="6dfca735-477b-4401-973a-da5307cd2b24" testListId="8c84fa94-04c1-424b-9868-57a2d4851a1d" />
    <TestEntry testId="0a7a5bc8-9d15-4c47-d83e-93a1a167a703" executionId="78a8cd9e-2b83-4108-8159-edcf300074be" testListId="8c84fa94-04c1-424b-9868-57a2d4851a1d" />
    <TestEntry testId="e06b8219-62b1-a0bc-a073-2837868b5c0e" executionId="0f668962-09e4-4e01-a9c7-6cba3aa7aea2" testListId="8c84fa94-04c1-424b-9868-57a2d4851a1d" />
    <TestEntry testId="7fe2a8ad-3600-98d5-7117-12a9f9025c62" executionId="23290109-f562-41de-bd70-1978c2df18b3" testListId="8c84fa94-04c1-424b-9868-57a2d4851a1d" />
    <TestEntry testId="594ca00d-02cf-07de-ca25-0d701d72a0a6" executionId="1a43efcc-b0b2-4d6f-bd34-c2b58e7afff8" testListId="8c84fa94-04c1-424b-9868-57a2d4851a1d" />
    <TestEntry testId="5322a6b6-b1d1-4276-7a98-26cc05377b71" executionId="887bf14c-7fc1-4015-82f1-5f30b2b70c34" testListId="8c84fa94-04c1-424b-9868-57a2d4851a1d" />
    <TestEntry testId="d14fe452-c75b-8f8a-1e11-a88113e31ccc" executionId="61f56f48-9edd-495c-bb7b-c9727cb0ec2e" testListId="8c84fa94-04c1-424b-9868-57a2d4851a1d" />
    <TestEntry testId="b7f26b3d-6733-f07e-6f15-9b6ddb83ad50" executionId="8bb0ae41-8e58-4937-bed4-f3f360cb0153" testListId="8c84fa94-04c1-424b-9868-57a2d4851a1d" />
    <TestEntry testId="8cdd5bbc-dcfa-1d65-90a0-7f353e299d1e" executionId="c363ca70-e8f6-437c-b856-9d8a3e9bb812" testListId="8c84fa94-04c1-424b-9868-57a2d4851a1d" />
    <TestEntry testId="69ed80be-ebbe-cd3a-42e2-f7807046c259" executionId="6e4842a1-696d-45ea-a078-b7c4e4da878a" testListId="8c84fa94-04c1-424b-9868-57a2d4851a1d" />
    <TestEntry testId="a188d29e-24f4-14f6-3109-f28ee9929456" executionId="dce77bd8-e879-41d7-9e76-a6f45a85291e" testListId="8c84fa94-04c1-424b-9868-57a2d4851a1d" />
    <TestEntry testId="c7ef87e2-e6d0-89f1-fa1a-3a161b3248e2" executionId="6c5e7980-0972-420f-bcea-329ef755f733" testListId="8c84fa94-04c1-424b-9868-57a2d4851a1d" />
    <TestEntry testId="d39c6f9f-bd62-16f2-5a23-b15da9df82dd" executionId="f8adaad5-bd25-4f24-bc3d-9021ca0894e7" testListId="8c84fa94-04c1-424b-9868-57a2d4851a1d" />
    <TestEntry testId="3fa3f1d2-90bc-c93b-b647-8aef449b689a" executionId="98b5bcf7-f151-43ee-8b76-2b5ab51f2d52" testListId="8c84fa94-04c1-424b-9868-57a2d4851a1d" />
    <TestEntry testId="954162af-ab17-e8a9-4ff5-8c9d29069f15" executionId="af178988-d1b4-4215-ab8d-59b93334d79e" testListId="8c84fa94-04c1-424b-9868-57a2d4851a1d" />
    <TestEntry testId="3326d350-1af4-4add-085b-c52b861e91af" executionId="44840ba9-68c7-4127-a3db-e95fad12ba75" testListId="8c84fa94-04c1-424b-9868-57a2d4851a1d" />
    <TestEntry testId="cff23f42-1941-5ae0-6937-50ea8e98f70a" executionId="1a843298-5003-4fb7-a4c7-6fe08590a648" testListId="8c84fa94-04c1-424b-9868-57a2d4851a1d" />
    <TestEntry testId="e12861db-8cd0-3c0d-af0a-eb43dfba13d7" executionId="53996c5a-c81b-4b02-80f6-9e7c821a329a" testListId="8c84fa94-04c1-424b-9868-57a2d4851a1d" />
    <TestEntry testId="ed116d32-6ba7-9bd1-6680-6c13ee07292b" executionId="adea65b9-c033-435c-9a6a-44b45452f64c" testListId="8c84fa94-04c1-424b-9868-57a2d4851a1d" />
    <TestEntry testId="4c71192e-43b4-c49c-e53a-9e4a0adf6b7e" executionId="40af708c-eb46-4cf1-9770-53c6a5f86678" testListId="8c84fa94-04c1-424b-9868-57a2d4851a1d" />
    <TestEntry testId="d87ccf8e-ab46-94a5-7597-e2ef80212732" executionId="422c4fb4-b8ea-480e-8037-a8911683c856" testListId="8c84fa94-04c1-424b-9868-57a2d4851a1d" />
    <TestEntry testId="281669ef-629b-f1d2-33b2-c7fad7ee0226" executionId="b3e77d7e-72a3-493e-8a36-4c65034d7bc7" testListId="8c84fa94-04c1-424b-9868-57a2d4851a1d" />
    <TestEntry testId="34bcb15f-3abe-d5c6-acbc-f3d258cf59b6" executionId="257b635b-dce4-487b-b6a0-fb75977a9277" testListId="8c84fa94-04c1-424b-9868-57a2d4851a1d" />
    <TestEntry testId="3323ac76-0104-2779-2a9d-3f5ae9693296" executionId="138da8d3-1336-43eb-8d91-04747af4a4a2" testListId="8c84fa94-04c1-424b-9868-57a2d4851a1d" />
    <TestEntry testId="4d4e339b-9d29-e85f-f9ef-3112de40381f" executionId="eb8aedd5-8020-4591-962e-af035fc7b966" testListId="8c84fa94-04c1-424b-9868-57a2d4851a1d" />
    <TestEntry testId="731a3faa-831a-30a7-eac4-75c26e15a8d7" executionId="15d116c6-8eec-4134-a051-95b31b8df14e" testListId="8c84fa94-04c1-424b-9868-57a2d4851a1d" />
    <TestEntry testId="9100d9e1-967e-296d-c07b-a43969fad121" executionId="1cec55e5-7b5a-4e92-8be3-02cd238a2387" testListId="8c84fa94-04c1-424b-9868-57a2d4851a1d" />
    <TestEntry testId="2151d041-2bc8-f3a7-2b84-0e6fe76ff3f0" executionId="8a2d4297-1dbe-494a-b228-3a3a0d4883de" testListId="8c84fa94-04c1-424b-9868-57a2d4851a1d" />
    <TestEntry testId="5fa53206-edec-8295-28b6-5eb1541e56b6" executionId="c99465ee-fa4c-4523-a441-86082de847b1" testListId="8c84fa94-04c1-424b-9868-57a2d4851a1d" />
    <TestEntry testId="c6561a8d-8639-fb30-9500-15f8be316902" executionId="0fc213fa-ae0a-49e3-b957-dfa60cf50b9a" testListId="8c84fa94-04c1-424b-9868-57a2d4851a1d" />
    <TestEntry testId="abc33cd0-29a9-07f5-4aa9-4d70e8dec4a4" executionId="e27807a3-2951-402d-a436-64aa540eb8c1" testListId="8c84fa94-04c1-424b-9868-57a2d4851a1d" />
    <TestEntry testId="9f74ffc2-1a7b-4759-a337-57d1812dbf3f" executionId="05c87a19-a341-4cef-ac04-9ff1227a42c2" testListId="8c84fa94-04c1-424b-9868-57a2d4851a1d" />
    <TestEntry testId="c0622c05-a365-df5b-d83a-27dce2d844ee" executionId="b13b39d6-d307-45eb-ac21-94b943de6a7a" testListId="8c84fa94-04c1-424b-9868-57a2d4851a1d" />
    <TestEntry testId="c15129d5-d936-d35a-141a-341775ad7af1" executionId="8fc076e2-7b04-4b3e-a2e6-de6658482cb7" testListId="8c84fa94-04c1-424b-9868-57a2d4851a1d" />
    <TestEntry testId="13bfc4cd-00bc-fb12-3861-f69dc4145d67" executionId="fb3e60a4-453a-4ea7-aa74-c7caa2ec5474" testListId="8c84fa94-04c1-424b-9868-57a2d4851a1d" />
    <TestEntry testId="a9271829-fbf1-47a3-aed7-368db58e22e7" executionId="4d7a58b2-0e48-4ed7-b964-4d6da37889de" testListId="8c84fa94-04c1-424b-9868-57a2d4851a1d" />
    <TestEntry testId="a79fd14a-da4c-bcf0-0f87-a480851cd28d" executionId="69df79e2-a3e2-426a-9f49-44fadd305f5b" testListId="8c84fa94-04c1-424b-9868-57a2d4851a1d" />
    <TestEntry testId="fb80c2cc-1ba4-25ca-1501-33134270fed0" executionId="ef387b10-d68b-47d5-93cf-b71e86a46008" testListId="8c84fa94-04c1-424b-9868-57a2d4851a1d" />
    <TestEntry testId="73d2aaa8-ac83-ede5-fed4-5dcf1194783f" executionId="4427834c-6076-45a9-a839-6010ea449c02" testListId="8c84fa94-04c1-424b-9868-57a2d4851a1d" />
    <TestEntry testId="f9dc9c7a-bf0e-4c02-1f2d-1fd4e69c7538" executionId="b5f62911-2641-4ad2-8423-e6b1b55c3d98" testListId="8c84fa94-04c1-424b-9868-57a2d4851a1d" />
    <TestEntry testId="2732f008-e7e8-d754-7384-c116f008d613" executionId="cfeebed6-b3a7-452f-819c-78a06ac77f9d" testListId="8c84fa94-04c1-424b-9868-57a2d4851a1d" />
    <TestEntry testId="4c68b106-0b95-e518-2e9e-d72489df9e7e" executionId="ecdde2ec-7829-442e-8c57-0030d8cca6e4" testListId="8c84fa94-04c1-424b-9868-57a2d4851a1d" />
    <TestEntry testId="a61390b2-0ec7-4d98-e7ed-b8eba6ac247d" executionId="699d4306-335a-4922-9ef7-da30e8b1bc69" testListId="8c84fa94-04c1-424b-9868-57a2d4851a1d" />
    <TestEntry testId="7f9e1a03-9e41-8ac9-4d40-38aecad4670f" executionId="5b3aa7d7-8edc-4241-8db1-84a07de5cf30" testListId="8c84fa94-04c1-424b-9868-57a2d4851a1d" />
    <TestEntry testId="273a20e0-541a-4005-532d-de3663197643" executionId="0416dee4-6d19-4b4b-bd7a-33e994b34cbe" testListId="8c84fa94-04c1-424b-9868-57a2d4851a1d" />
    <TestEntry testId="8181cd4b-8454-73ed-8ced-01a1dc2b25c3" executionId="379b8ab1-4deb-49e8-8cd2-1a8f37c95932" testListId="8c84fa94-04c1-424b-9868-57a2d4851a1d" />
    <TestEntry testId="744b047e-9ee3-164d-c478-0183e3fd850c" executionId="d186a849-e484-4200-8acc-1a2e9c360b79" testListId="8c84fa94-04c1-424b-9868-57a2d4851a1d" />
    <TestEntry testId="a50452b0-19e4-73e9-85e6-be9ac505f00e" executionId="57836e45-71a0-4bc2-b405-4c4b8497436c" testListId="8c84fa94-04c1-424b-9868-57a2d4851a1d" />
    <TestEntry testId="77cb819c-64b0-1e13-63d3-0049263e7e77" executionId="e0e813c6-0107-4286-9677-e67b36f85d23" testListId="8c84fa94-04c1-424b-9868-57a2d4851a1d" />
    <TestEntry testId="71259de5-a991-d68a-74b6-6304befba6d8" executionId="8a789f1b-bc7e-4e6d-ae13-1ea68fce92d7" testListId="8c84fa94-04c1-424b-9868-57a2d4851a1d" />
    <TestEntry testId="6cb3c27b-61db-68ea-03a1-16fad20636e6" executionId="cfa43e16-d27a-496d-ad44-4a2b263a3f09" testListId="8c84fa94-04c1-424b-9868-57a2d4851a1d" />
    <TestEntry testId="c1399a21-a8d4-fd2f-1879-d9e50a5fe1b4" executionId="393174cc-79fc-4654-b22a-ca7ebcb70594" testListId="8c84fa94-04c1-424b-9868-57a2d4851a1d" />
    <TestEntry testId="5c121ce3-0aab-ab5b-cce0-b7a13bf9bb3a" executionId="b84427a4-d642-4b4a-904f-bd96d9a9d09e" testListId="8c84fa94-04c1-424b-9868-57a2d4851a1d" />
    <TestEntry testId="d907dab2-a0b3-0153-e7e4-4d342798a47e" executionId="b0ce3554-9c4d-487a-94ff-bdd5698d6f4b" testListId="8c84fa94-04c1-424b-9868-57a2d4851a1d" />
    <TestEntry testId="613b2ffe-17c7-a1b7-9417-e8c0c951aa41" executionId="0e6c6cc1-9937-4806-9c1d-4af27fe1323f" testListId="8c84fa94-04c1-424b-9868-57a2d4851a1d" />
    <TestEntry testId="33b74559-764f-421e-252d-cd475c561f9a" executionId="96e0fe9d-1efa-4746-9902-bc875f7f58f1" testListId="8c84fa94-04c1-424b-9868-57a2d4851a1d" />
    <TestEntry testId="05d3ca05-7d6a-4ccb-9500-bddd30f80ece" executionId="50fb6d1c-1913-4664-854b-1d779151d220" testListId="8c84fa94-04c1-424b-9868-57a2d4851a1d" />
    <TestEntry testId="3f543d31-d892-849e-9693-7ae2624b2c94" executionId="facca46e-a9f3-4a05-91f6-cb429c153eb0" testListId="8c84fa94-04c1-424b-9868-57a2d4851a1d" />
    <TestEntry testId="8034b7ee-c5e3-314c-6310-8984871301b7" executionId="582ef8ad-9c30-45cb-872f-a8a805ed64bf" testListId="8c84fa94-04c1-424b-9868-57a2d4851a1d" />
    <TestEntry testId="37c7194c-1f0b-dee3-2e3b-dc795a15cffb" executionId="246ce3c7-422d-4cfd-aeae-e792836e8c54" testListId="8c84fa94-04c1-424b-9868-57a2d4851a1d" />
    <TestEntry testId="17e8adfe-3d5e-8417-3ca9-9ea065f0229b" executionId="424f284f-2658-4e8e-a9f5-75c247b938d0" testListId="8c84fa94-04c1-424b-9868-57a2d4851a1d" />
    <TestEntry testId="0514bc2b-5cc4-a04d-717a-fd9efa22f04a" executionId="949af680-4a4a-4887-8338-7c8c09242da6" testListId="8c84fa94-04c1-424b-9868-57a2d4851a1d" />
    <TestEntry testId="5bb9d818-e2ff-58b7-df0a-941461adb800" executionId="b585659a-1676-4b93-8481-2c08af51c200" testListId="8c84fa94-04c1-424b-9868-57a2d4851a1d" />
    <TestEntry testId="9ee4d82e-bba5-9c6c-1803-31366568eb6e" executionId="c3fb5020-1c2f-4a92-89d5-193a3b4f0ea2" testListId="8c84fa94-04c1-424b-9868-57a2d4851a1d" />
    <TestEntry testId="11e8e2ed-c8a3-dabc-7293-c381795c9796" executionId="6b63a299-c631-449f-a3dd-667a6cfc6b34" testListId="8c84fa94-04c1-424b-9868-57a2d4851a1d" />
    <TestEntry testId="2194158b-3f8a-54e0-368a-945d72c0c309" executionId="f6662a5e-19b6-4ce2-8d3a-41a62fe9d5b0" testListId="8c84fa94-04c1-424b-9868-57a2d4851a1d" />
    <TestEntry testId="21c8abf8-9b6f-d71c-0d26-379759e20f24" executionId="c7ec3141-c896-4a30-86fe-1a176bf13356" testListId="8c84fa94-04c1-424b-9868-57a2d4851a1d" />
    <TestEntry testId="b5a6747d-aa6b-3b3a-779c-c378aea09cd8" executionId="952aa4f6-c5f5-444f-914b-aba54bf40d70" testListId="8c84fa94-04c1-424b-9868-57a2d4851a1d" />
    <TestEntry testId="1d4cd445-caf0-beba-56bf-67413439f9ab" executionId="bf93720d-215a-4610-8b50-cb2ecdea820a" testListId="8c84fa94-04c1-424b-9868-57a2d4851a1d" />
    <TestEntry testId="313d194a-30d0-d3d5-cf7b-c5a66b6b3935" executionId="995ccd1c-0f95-460f-a665-8f1dbfd6bba2" testListId="8c84fa94-04c1-424b-9868-57a2d4851a1d" />
    <TestEntry testId="5b94edbf-3c78-7105-4ec5-f34d39e55c58" executionId="060eed3f-3486-4652-aa87-f1472838d691" testListId="8c84fa94-04c1-424b-9868-57a2d4851a1d" />
    <TestEntry testId="63140182-f7a2-6346-fbd9-3f80901df2c9" executionId="3b8463dc-9370-4e0c-8d89-04cc5fee4fa9" testListId="8c84fa94-04c1-424b-9868-57a2d4851a1d" />
    <TestEntry testId="799374f9-c088-e602-bce1-d22bf769b783" executionId="71d573fa-0480-4183-b5e7-ae95fd916197" testListId="8c84fa94-04c1-424b-9868-57a2d4851a1d" />
    <TestEntry testId="1cdc361a-ffee-1052-df8d-ab7786ba69bf" executionId="ff7fc291-75a6-4f96-acc4-24bbed865ecf" testListId="8c84fa94-04c1-424b-9868-57a2d4851a1d" />
    <TestEntry testId="bcd74692-fcc7-2c4c-b52b-85aae8ab43ad" executionId="7562d232-df0a-4a2d-a004-8b184a8c46b4" testListId="8c84fa94-04c1-424b-9868-57a2d4851a1d" />
    <TestEntry testId="13946824-77dd-557e-ea95-b0f908b787b1" executionId="8acee51a-4d62-4631-af5e-1d5af294010e" testListId="8c84fa94-04c1-424b-9868-57a2d4851a1d" />
    <TestEntry testId="9764b852-f92a-9e33-a48d-5ba73babe5d1" executionId="43a28e5a-5a2f-47b2-a015-0318a3402b9a" testListId="8c84fa94-04c1-424b-9868-57a2d4851a1d" />
    <TestEntry testId="ecb76390-c6f7-bfa0-1a99-45634c606ddc" executionId="de9b8d08-c5f9-42ce-b3a9-7da894347985" testListId="8c84fa94-04c1-424b-9868-57a2d4851a1d" />
    <TestEntry testId="f8894dae-c947-7fce-9d72-6693c21ad4f8" executionId="dab7b3cf-986a-44d7-b888-f257aca1a938" testListId="8c84fa94-04c1-424b-9868-57a2d4851a1d" />
    <TestEntry testId="11729d1c-6c6a-9fce-9d88-8ebfff125cf6" executionId="482fdc2a-be1a-429b-8d27-4fbe382fe94f" testListId="8c84fa94-04c1-424b-9868-57a2d4851a1d" />
    <TestEntry testId="558fcad2-7807-3075-bb81-ec539c4697ba" executionId="7331c9a9-1e7e-4fc3-b773-982aac445312" testListId="8c84fa94-04c1-424b-9868-57a2d4851a1d" />
    <TestEntry testId="be4ac306-3050-79c7-e4db-2e676fbdab1b" executionId="e303b243-edb0-4ae2-a20d-d67f4b73a8d0" testListId="8c84fa94-04c1-424b-9868-57a2d4851a1d" />
    <TestEntry testId="0abcfe7a-76aa-b17b-ee97-af3fbbea9a33" executionId="d973dca8-cef6-4b6b-9640-9358ae33f9d3" testListId="8c84fa94-04c1-424b-9868-57a2d4851a1d" />
    <TestEntry testId="a711a8fd-55fb-fc36-f795-72cedac95d24" executionId="e5e23e8d-01ae-47d0-ae56-8f23029550cd" testListId="8c84fa94-04c1-424b-9868-57a2d4851a1d" />
    <TestEntry testId="a33a7227-7248-ce4e-bb18-77c33faa0f1a" executionId="b9893d0c-8801-4c0b-8bfc-1f7099344f2b" testListId="8c84fa94-04c1-424b-9868-57a2d4851a1d" />
    <TestEntry testId="a32f3872-61d2-3bb4-5952-f9f7fd09a236" executionId="8f4fab40-2dc0-45c4-b604-91e62a0f89c9" testListId="8c84fa94-04c1-424b-9868-57a2d4851a1d" />
    <TestEntry testId="814b2061-14f5-c810-0eca-e8431104105a" executionId="a336adf5-4f4e-4f28-a196-c173f01c5291" testListId="8c84fa94-04c1-424b-9868-57a2d4851a1d" />
    <TestEntry testId="e6cc0868-2b09-9996-1473-6fd522e2da29" executionId="f19fe494-be52-4261-9775-8bbb085881c8" testListId="8c84fa94-04c1-424b-9868-57a2d4851a1d" />
    <TestEntry testId="1079d268-49d6-f18c-d495-58b580aae9dc" executionId="46fe9f6f-4324-4711-aac8-0a7d5c4cee41" testListId="8c84fa94-04c1-424b-9868-57a2d4851a1d" />
    <TestEntry testId="2a9faf6f-4d21-d971-4115-0a2cf31c75ab" executionId="6e9f7dbd-f85f-4a1b-bc48-c047c899340d" testListId="8c84fa94-04c1-424b-9868-57a2d4851a1d" />
    <TestEntry testId="31d7ba44-de75-ed55-66c6-b51937c13355" executionId="d30aa1b7-b23e-4818-8023-4c47458a0012" testListId="8c84fa94-04c1-424b-9868-57a2d4851a1d" />
    <TestEntry testId="422cd58a-1607-1b98-484d-a3568b92bd13" executionId="0343c11b-49f3-4bfb-90c8-a24734bdc4c7" testListId="8c84fa94-04c1-424b-9868-57a2d4851a1d" />
    <TestEntry testId="80f5a640-ad10-06cf-9198-39d7a4c7c709" executionId="87ea27d3-fb8b-4ecc-a69d-a2a62c689abc" testListId="8c84fa94-04c1-424b-9868-57a2d4851a1d" />
    <TestEntry testId="4168f0ac-b835-769a-f744-274b70d89027" executionId="0f5103b4-a1ae-451d-93fd-65aaf4111c68" testListId="8c84fa94-04c1-424b-9868-57a2d4851a1d" />
    <TestEntry testId="8f3ac04b-f653-5459-90af-f61d3689f759" executionId="9dc90cec-187e-435b-bab7-244cf8808eab" testListId="8c84fa94-04c1-424b-9868-57a2d4851a1d" />
    <TestEntry testId="7704532e-ccf9-d396-cd75-b7b2cb63c0e8" executionId="4955c71d-5e41-4ed8-8e75-b4cb2edcf76e" testListId="8c84fa94-04c1-424b-9868-57a2d4851a1d" />
    <TestEntry testId="6837dba7-40c4-9f70-ea2b-82f5a35b378d" executionId="15e1303b-6dd6-4136-bea7-84a634580af0" testListId="8c84fa94-04c1-424b-9868-57a2d4851a1d" />
    <TestEntry testId="b9b36c19-155c-ac46-851c-623393903657" executionId="67554363-614d-4c92-b9f6-57025f7274bb" testListId="8c84fa94-04c1-424b-9868-57a2d4851a1d" />
    <TestEntry testId="bb53c479-4fb7-b049-d0b3-60c53109c03d" executionId="74fa2807-847a-4eed-b794-2298bf084771" testListId="8c84fa94-04c1-424b-9868-57a2d4851a1d" />
    <TestEntry testId="5481b8f6-7923-7c75-9ba8-6b8dff0a8582" executionId="962db8f4-ca1e-44f6-b7a0-da5523c9bc29" testListId="8c84fa94-04c1-424b-9868-57a2d4851a1d" />
    <TestEntry testId="4e2fa441-f609-cc78-7eb6-a2fea9348b3f" executionId="d2e7919d-0881-452f-abce-9c2572058256" testListId="8c84fa94-04c1-424b-9868-57a2d4851a1d" />
    <TestEntry testId="4adfbd6f-49a9-0885-850f-1a4998e7f85f" executionId="b2ce8c7d-f7de-4b1a-9b27-949e3c2f4ef6" testListId="8c84fa94-04c1-424b-9868-57a2d4851a1d" />
    <TestEntry testId="ef111b7b-895d-e083-171f-1b45ef31d01a" executionId="8d1e6c26-7d5a-4723-b964-811790405de3" testListId="8c84fa94-04c1-424b-9868-57a2d4851a1d" />
    <TestEntry testId="aae9a2f6-c5ae-d742-7ea5-60de6dc3d9cf" executionId="ba88df3b-27ca-4921-9d3a-7404f9c7cb3d" testListId="8c84fa94-04c1-424b-9868-57a2d4851a1d" />
    <TestEntry testId="5df2cee8-1205-20ca-1995-6e5120b53d1e" executionId="3a44a3e0-6fa7-442c-903f-8801c5799b8d" testListId="8c84fa94-04c1-424b-9868-57a2d4851a1d" />
    <TestEntry testId="8de67803-7acb-6ed7-12bc-5420c17b40c0" executionId="3b0c99bd-404d-4858-839d-f52ff5cbde3c" testListId="8c84fa94-04c1-424b-9868-57a2d4851a1d" />
    <TestEntry testId="d30d3b94-edb3-8c77-afa5-d7e300714162" executionId="19b23378-60e2-488b-98de-367f09c17b0e" testListId="8c84fa94-04c1-424b-9868-57a2d4851a1d" />
    <TestEntry testId="4b06698d-5339-0a98-2e05-9ce80b4b1ec4" executionId="8699c8e4-6810-4d5b-8823-37a3986265de" testListId="8c84fa94-04c1-424b-9868-57a2d4851a1d" />
    <TestEntry testId="f015f451-5073-33ab-39c2-17ab900bf337" executionId="2c8b6d6f-0c4e-4355-9f48-8d16c55942af" testListId="8c84fa94-04c1-424b-9868-57a2d4851a1d" />
    <TestEntry testId="30e1c064-5a9f-94cf-3bb0-81267bf9f82e" executionId="678bbcec-bc4e-44ee-866f-67b1835d32e5" testListId="8c84fa94-04c1-424b-9868-57a2d4851a1d" />
    <TestEntry testId="0d82bc84-08a9-ffda-b09d-d44b4e74eec6" executionId="97195050-52e8-4954-92ad-2211e916b675" testListId="8c84fa94-04c1-424b-9868-57a2d4851a1d" />
    <TestEntry testId="5200e545-dbbb-62af-891d-31499a618a0e" executionId="c38de854-3bee-443e-87aa-025f6d7acf39" testListId="8c84fa94-04c1-424b-9868-57a2d4851a1d" />
    <TestEntry testId="82e67c06-9849-1902-4582-6ac1133c7960" executionId="27cf07b3-7ecb-45f2-beea-a9a7a56a2eb8" testListId="8c84fa94-04c1-424b-9868-57a2d4851a1d" />
    <TestEntry testId="94f0cede-3e3b-c04d-89cc-8dfe2520972c" executionId="b1964574-cae5-4e30-9123-0da201c3e77b" testListId="8c84fa94-04c1-424b-9868-57a2d4851a1d" />
    <TestEntry testId="217b46ae-53e4-8868-0968-60de7a74b62a" executionId="ab41873d-4f01-4fa2-be8c-e89851346c4d" testListId="8c84fa94-04c1-424b-9868-57a2d4851a1d" />
    <TestEntry testId="979704d6-636b-33ea-e33f-cc67613aefb0" executionId="a1d55590-242b-47c7-8fb6-056106dc64bc" testListId="8c84fa94-04c1-424b-9868-57a2d4851a1d" />
    <TestEntry testId="2155bccb-482b-2346-834b-1eb7ea617ead" executionId="bebfd265-a061-4b5c-9c48-fcc63e20852c" testListId="8c84fa94-04c1-424b-9868-57a2d4851a1d" />
    <TestEntry testId="f58711de-d6a1-25df-941a-d7a477d8bf41" executionId="0cb767d1-302e-4567-9239-d5a4dadd0ae8" testListId="8c84fa94-04c1-424b-9868-57a2d4851a1d" />
    <TestEntry testId="3fe65711-0b55-7192-8237-90b45a462066" executionId="18f6bc2f-fb28-42ba-a6a9-a1830e1c9f88" testListId="8c84fa94-04c1-424b-9868-57a2d4851a1d" />
    <TestEntry testId="9a9212ad-b798-7488-4494-e587449427c6" executionId="7fab9095-7363-4e61-bdb1-ea2d86dc2438" testListId="8c84fa94-04c1-424b-9868-57a2d4851a1d" />
    <TestEntry testId="5d5f3f94-f47b-3420-095f-ee592218e6de" executionId="b0fe5e44-56ad-4b47-a024-13c15f21cbd2" testListId="8c84fa94-04c1-424b-9868-57a2d4851a1d" />
    <TestEntry testId="38b0259f-0bcb-8aec-4c3f-6a948a320426" executionId="69e0eb1b-4fd4-4ef1-9f34-065ec05f836b" testListId="8c84fa94-04c1-424b-9868-57a2d4851a1d" />
    <TestEntry testId="d13187c3-6513-b7ca-7370-507380fe2c88" executionId="e85337ee-18aa-48d5-b122-723a6b8407bb" testListId="8c84fa94-04c1-424b-9868-57a2d4851a1d" />
    <TestEntry testId="8ba27476-b54b-3c26-c478-bb1e87cb663c" executionId="b2ee7600-c57d-40e6-979c-6849d3195668" testListId="8c84fa94-04c1-424b-9868-57a2d4851a1d" />
    <TestEntry testId="1f661c1f-d0bf-b374-44cc-db7131efefe7" executionId="14de8b78-f238-427d-bebb-ffca7f46bae9" testListId="8c84fa94-04c1-424b-9868-57a2d4851a1d" />
    <TestEntry testId="927355f0-db19-7988-f19c-ec0494e2f5d9" executionId="07600f97-35dc-4151-aaa4-97bfc8e5bb8e" testListId="8c84fa94-04c1-424b-9868-57a2d4851a1d" />
    <TestEntry testId="d1db99c9-780d-a1a8-cf4e-cc5ed7bbc5dc" executionId="1a82ad43-f762-475e-8759-fcbd2e35134d" testListId="8c84fa94-04c1-424b-9868-57a2d4851a1d" />
    <TestEntry testId="4d5be905-ae12-4fb4-1d65-7b8d91a9be3a" executionId="59c8cbb3-be6f-46d8-a719-533afe2c9500" testListId="8c84fa94-04c1-424b-9868-57a2d4851a1d" />
    <TestEntry testId="c1457a00-5932-b692-d468-5af96619c895" executionId="067a00da-8c21-4923-97d4-0c504e3967e6" testListId="8c84fa94-04c1-424b-9868-57a2d4851a1d" />
    <TestEntry testId="d6af606e-af1d-b77f-4ce0-c1f6556a4ce0" executionId="6685e1ec-212c-4eb0-b3c6-8325278f947a" testListId="8c84fa94-04c1-424b-9868-57a2d4851a1d" />
    <TestEntry testId="89b95097-2fa4-1afe-c164-3b548bd44274" executionId="4c478a13-2c7e-46c0-a9ec-fe7b59320e80" testListId="8c84fa94-04c1-424b-9868-57a2d4851a1d" />
    <TestEntry testId="d0cd8d38-2083-8dfe-21da-1692537b41cc" executionId="7363ad58-341d-4050-b7d6-a5157b018450" testListId="8c84fa94-04c1-424b-9868-57a2d4851a1d" />
    <TestEntry testId="3fad871b-7e9b-a4ff-8f1b-45e15f0c2efa" executionId="d5f2b66c-f72e-4b58-bac4-09eb93ccb996" testListId="8c84fa94-04c1-424b-9868-57a2d4851a1d" />
    <TestEntry testId="f6a49bae-16a9-096b-f816-1c54e1a6b8b7" executionId="7d464c33-a4de-476c-83c4-0b41a10458e3" testListId="8c84fa94-04c1-424b-9868-57a2d4851a1d" />
    <TestEntry testId="419d247e-1033-df66-fcc5-471a4ec8f5e3" executionId="d335bfdb-0cfa-4419-bb61-ac5f9aa294b7" testListId="8c84fa94-04c1-424b-9868-57a2d4851a1d" />
    <TestEntry testId="fd35a08c-5b95-7a8f-b139-85a90dbcf98e" executionId="b7f15cd2-ac28-464d-b7ce-4b84df88e3f3" testListId="8c84fa94-04c1-424b-9868-57a2d4851a1d" />
    <TestEntry testId="4e40923a-3f2f-ab14-66db-33f21753e6c1" executionId="2efbe6e6-92b9-42ce-8bee-f77381dbef7d" testListId="8c84fa94-04c1-424b-9868-57a2d4851a1d" />
    <TestEntry testId="f962f016-220b-dd5b-3c75-15629456e786" executionId="1ea683a9-4781-424f-93ca-b2dfab4bcfa3" testListId="8c84fa94-04c1-424b-9868-57a2d4851a1d" />
    <TestEntry testId="ba7d1414-f471-8c90-0af7-54df538160f7" executionId="2e18e1a7-8d3b-47b1-abfe-2601e746f07f" testListId="8c84fa94-04c1-424b-9868-57a2d4851a1d" />
    <TestEntry testId="0739d753-ed0a-2224-af37-24f0fcbbbd00" executionId="a71ba98d-8129-48c5-9d29-312dbea12463" testListId="8c84fa94-04c1-424b-9868-57a2d4851a1d" />
    <TestEntry testId="f6807856-920c-b4f6-bd05-450a0bb2d3bd" executionId="3cb03ca0-0a5d-4daa-adaf-6b12bd968a5e" testListId="8c84fa94-04c1-424b-9868-57a2d4851a1d" />
    <TestEntry testId="9dc9660c-2773-e5a1-118f-73373343d0e6" executionId="4c84c382-a60d-4fb1-ba36-f73b3720f595" testListId="8c84fa94-04c1-424b-9868-57a2d4851a1d" />
    <TestEntry testId="48499d12-acd9-8513-1f00-a2b49278b2fc" executionId="05a1cc09-1c5c-4f24-864d-b42f4332cde7" testListId="8c84fa94-04c1-424b-9868-57a2d4851a1d" />
    <TestEntry testId="331cc2f7-a1fa-edcf-e9a4-854a4876fe8a" executionId="13662088-b696-484d-8d4a-ba83fd59d41f" testListId="8c84fa94-04c1-424b-9868-57a2d4851a1d" />
    <TestEntry testId="a73e7657-df2c-963a-69ef-cc5459fb4c2b" executionId="ff7de766-c45f-4cf1-be82-a206a82f34cc" testListId="8c84fa94-04c1-424b-9868-57a2d4851a1d" />
    <TestEntry testId="eb3e6893-2377-abc3-6bc4-b22d25b0ece8" executionId="2c44a3d4-8cbc-4500-a32c-dc98510853a3" testListId="8c84fa94-04c1-424b-9868-57a2d4851a1d" />
    <TestEntry testId="bcd181d1-3270-76f5-9678-f35a85b0fff1" executionId="439a75d8-b2bf-4543-a6dc-ab47af8eced0" testListId="8c84fa94-04c1-424b-9868-57a2d4851a1d" />
    <TestEntry testId="da0fbf47-7a8c-b3ea-d30a-c0e3a737ca5d" executionId="cc0f8310-93ce-47ee-b493-5e5e804a74c9" testListId="8c84fa94-04c1-424b-9868-57a2d4851a1d" />
    <TestEntry testId="ae0a2a8f-7404-db1c-88e4-d4970f3642af" executionId="5b92ca45-cd87-42c4-aba4-604278c5eba3" testListId="8c84fa94-04c1-424b-9868-57a2d4851a1d" />
    <TestEntry testId="0f785118-4101-2fda-f887-c7a86673e736" executionId="6345bd29-b369-488e-94ce-bbe965088d09" testListId="8c84fa94-04c1-424b-9868-57a2d4851a1d" />
  </TestEntries>
  <TestLists>
    <TestList name="Results Not in a List" id="8c84fa94-04c1-424b-9868-57a2d4851a1d" />
    <TestList name="All Loaded Results" id="19431567-8539-422a-85d7-44ee4e166bda" />
  </TestLists>
  <ResultSummary outcome="Completed">
    <Counters total="1000" executed="1000" passed="1000" failed="0" error="0" timeout="0" aborted="0" inconclusive="0" passedButRunAborted="0" notRunnable="0" notExecuted="0" disconnected="0" warning="0" completed="0" inProgress="0" pending="0" />
    <Output>
      <StdOut>[xUnit.net 00:00:00.00] xUnit.net VSTest Adapter v2.4.5+1caef2f33e (64-bit .NET Core 3.1.25)&#xD;
[xUnit.net 00:00:03.57]   Discovering: xUnitTestProject&#xD;
[xUnit.net 00:00:05.33]   Discovered:  xUnitTestProject&#xD;
[xUnit.net 00:00:05.37]   Starting:    xUnitTestProject&#xD;
[xUnit.net 00:00:05.61]   Finished:    xUnitTestProject&#xD;
</StdOut>
    </Output>
  </ResultSummary>
</TestRun>