<?xml version="1.0" encoding="utf-8"?>
<TestRun id="9324d291-fd0e-4ad0-854d-7a96e4ba8027" name="Dominik@DESKTOP-5URQ9PB 2022-06-13 21:15:00" runUser="DESKTOP-5URQ9PB\Dominik" xmlns="http://microsoft.com/schemas/VisualStudio/TeamTest/2010">
  <Times creation="2022-06-13T21:15:00.1088795+02:00" queuing="2022-06-13T21:15:00.1088796+02:00" start="2022-06-13T21:14:53.2048283+02:00" finish="2022-06-13T21:15:00.4619329+02:00" />
  <TestSettings name="default" id="e42040a1-8893-4f28-93a3-d83591d45e09">
    <Deployment runDeploymentRoot="Dominik_DESKTOP-5URQ9PB_2022-06-13_21_15_00" />
  </TestSettings>
  <Results>
    <UnitTestResult executionId="93189db3-7f74-4819-94db-a51527d3ae5a" testId="12ac148d-b770-8a76-3e48-40788f60fbd2" testName="xUnitTestProject.CurrencyHelperTests.FormatToStringTest1000(price: 16673.5121774904, expected: &quot;16673.51 zł&quot;)" computerName="DESKTOP-5URQ9PB" duration="00:00:00.0000072" startTime="2022-06-13T21:15:00.1404465+02:00" endTime="2022-06-13T21:15:00.1404466+02:00" testType="13cdc9d9-ddb5-4fa4-a97d-d965ccfc6d4b" outcome="Passed" testListId="8c84fa94-04c1-424b-9868-57a2d4851a1d" relativeResultsDirectory="93189db3-7f74-4819-94db-a51527d3ae5a" />
    <UnitTestResult executionId="364467df-9863-4747-9d1b-da89e5d0ec43" testId="163fd586-92aa-6f23-9cea-f9c152d7d771" testName="xUnitTestProject.CurrencyHelperTests.FormatToStringTest1000(price: 75214.75000876503, expected: &quot;75214.75 zł&quot;)" computerName="DESKTOP-5URQ9PB" duration="00:00:00.0000061" startTime="2022-06-13T21:15:00.0611917+02:00" endTime="2022-06-13T21:15:00.0611920+02:00" testType="13cdc9d9-ddb5-4fa4-a97d-d965ccfc6d4b" outcome="Passed" testListId="8c84fa94-04c1-424b-9868-57a2d4851a1d" relativeResultsDirectory="364467df-9863-4747-9d1b-da89e5d0ec43" />
    <UnitTestResult executionId="61c9e49d-a071-469f-9d9f-b944edd3162e" testId="d380f6a1-83cc-0c12-360c-ba81b340bce2" testName="xUnitTestProject.CurrencyHelperTests.FormatToStringTest1000(price: 36320.770035296104, expected: &quot;36320.77 zł&quot;)" computerName="DESKTOP-5URQ9PB" duration="00:00:00.0000071" startTime="2022-06-13T21:15:00.1472070+02:00" endTime="2022-06-13T21:15:00.1472074+02:00" testType="13cdc9d9-ddb5-4fa4-a97d-d965ccfc6d4b" outcome="Passed" testListId="8c84fa94-04c1-424b-9868-57a2d4851a1d" relativeResultsDirectory="61c9e49d-a071-469f-9d9f-b944edd3162e" />
    <UnitTestResult executionId="92c24b9c-78d3-4fca-877c-da9a3b845e61" testId="41c4ce1a-ef09-24d7-c3f0-f5bd5a81a0d8" testName="xUnitTestProject.CurrencyHelperTests.FormatToStringTest1000(price: 73301.91270130403, expected: &quot;73301.91 zł&quot;)" computerName="DESKTOP-5URQ9PB" duration="00:00:00.0000072" startTime="2022-06-13T21:15:00.1429019+02:00" endTime="2022-06-13T21:15:00.1429021+02:00" testType="13cdc9d9-ddb5-4fa4-a97d-d965ccfc6d4b" outcome="Passed" testListId="8c84fa94-04c1-424b-9868-57a2d4851a1d" relativeResultsDirectory="92c24b9c-78d3-4fca-877c-da9a3b845e61" />
    <UnitTestResult executionId="601e3660-412b-4bc0-be25-761f96cb5d64" testId="294352cc-8efa-db1c-1bd5-bae00c9cde08" testName="xUnitTestProject.CurrencyHelperTests.FormatToStringTest1000(price: 29362.005930638876, expected: &quot;29362.01 zł&quot;)" computerName="DESKTOP-5URQ9PB" duration="00:00:00.0000070" startTime="2022-06-13T21:15:00.1212949+02:00" endTime="2022-06-13T21:15:00.1212953+02:00" testType="13cdc9d9-ddb5-4fa4-a97d-d965ccfc6d4b" outcome="Passed" testListId="8c84fa94-04c1-424b-9868-57a2d4851a1d" relativeResultsDirectory="601e3660-412b-4bc0-be25-761f96cb5d64" />
    <UnitTestResult executionId="ffc1ff3b-0fb6-4eeb-96f9-4b2e2bcec1b6" testId="ffe61818-02d5-371a-a7be-23a9f86c9cc7" testName="xUnitTestProject.CurrencyHelperTests.FormatToStringTest1000(price: 8802.811382028653, expected: &quot;8802.81 zł&quot;)" computerName="DESKTOP-5URQ9PB" duration="00:00:00.0000059" startTime="2022-06-13T21:15:00.1549451+02:00" endTime="2022-06-13T21:15:00.1549452+02:00" testType="13cdc9d9-ddb5-4fa4-a97d-d965ccfc6d4b" outcome="Passed" testListId="8c84fa94-04c1-424b-9868-57a2d4851a1d" relativeResultsDirectory="ffc1ff3b-0fb6-4eeb-96f9-4b2e2bcec1b6" />
    <UnitTestResult executionId="0e1d2858-88cf-4d67-a55e-6f0e0c8bb432" testId="b7a54b06-1426-b0d1-c148-d7f5ca4a408c" testName="xUnitTestProject.CurrencyHelperTests.FormatToStringTest1000(price: 7726.0074454499445, expected: &quot;7726.01 zł&quot;)" computerName="DESKTOP-5URQ9PB" duration="00:00:00.0000041" startTime="2022-06-13T21:15:00.0896102+02:00" endTime="2022-06-13T21:15:00.0896106+02:00" testType="13cdc9d9-ddb5-4fa4-a97d-d965ccfc6d4b" outcome="Passed" testListId="8c84fa94-04c1-424b-9868-57a2d4851a1d" relativeResultsDirectory="0e1d2858-88cf-4d67-a55e-6f0e0c8bb432" />
    <UnitTestResult executionId="ca9dddbc-d1c1-44b3-80d7-8048cedd1c2e" testId="c08a791c-2a2e-8ef9-53c2-680714283837" testName="xUnitTestProject.CurrencyHelperTests.FormatToStringTest1000(price: 10511.7304983189, expected: &quot;10511.73 zł&quot;)" computerName="DESKTOP-5URQ9PB" duration="00:00:00.0000066" startTime="2022-06-13T21:15:00.0842694+02:00" endTime="2022-06-13T21:15:00.0842696+02:00" testType="13cdc9d9-ddb5-4fa4-a97d-d965ccfc6d4b" outcome="Passed" testListId="8c84fa94-04c1-424b-9868-57a2d4851a1d" relativeResultsDirectory="ca9dddbc-d1c1-44b3-80d7-8048cedd1c2e" />
    <UnitTestResult executionId="b917ca9b-d5ba-473b-921a-106afb876728" testId="4e78f25c-d355-e112-010c-d75e1dbe484f" testName="xUnitTestProject.CurrencyHelperTests.FormatToStringTest1000(price: 40268.121943438484, expected: &quot;40268.12 zł&quot;)" computerName="DESKTOP-5URQ9PB" duration="00:00:00.0000053" startTime="2022-06-13T21:15:00.1304084+02:00" endTime="2022-06-13T21:15:00.1304086+02:00" testType="13cdc9d9-ddb5-4fa4-a97d-d965ccfc6d4b" outcome="Passed" testListId="8c84fa94-04c1-424b-9868-57a2d4851a1d" relativeResultsDirectory="b917ca9b-d5ba-473b-921a-106afb876728" />
    <UnitTestResult executionId="2002dc20-9888-4556-9945-fb2132086209" testId="a1056dc3-d634-deb8-6537-d1daee422b62" testName="xUnitTestProject.CurrencyHelperTests.FormatToStringTest1000(price: 9503.466049463705, expected: &quot;9503.47 zł&quot;)" computerName="DESKTOP-5URQ9PB" duration="00:00:00.0000074" startTime="2022-06-13T21:15:00.0998795+02:00" endTime="2022-06-13T21:15:00.0998797+02:00" testType="13cdc9d9-ddb5-4fa4-a97d-d965ccfc6d4b" outcome="Passed" testListId="8c84fa94-04c1-424b-9868-57a2d4851a1d" relativeResultsDirectory="2002dc20-9888-4556-9945-fb2132086209" />
    <UnitTestResult executionId="b3b4d369-8274-4351-95f8-efec7defe2e7" testId="875433a7-4993-f6c8-ae9e-010101b8ccc7" testName="xUnitTestProject.CurrencyHelperTests.FormatToStringTest1000(price: 31971.185406704986, expected: &quot;31971.19 zł&quot;)" computerName="DESKTOP-5URQ9PB" duration="00:00:00.0000053" startTime="2022-06-13T21:15:00.0886155+02:00" endTime="2022-06-13T21:15:00.0886157+02:00" testType="13cdc9d9-ddb5-4fa4-a97d-d965ccfc6d4b" outcome="Passed" testListId="8c84fa94-04c1-424b-9868-57a2d4851a1d" relativeResultsDirectory="b3b4d369-8274-4351-95f8-efec7defe2e7" />
    <UnitTestResult executionId="c88b3e6a-406e-45f7-aa73-657269339f3b" testId="294f15b0-a486-8084-b9ae-585b30f21a60" testName="xUnitTestProject.CurrencyHelperTests.FormatToStringTest1000(price: 86.89546322771136, expected: &quot;86.90 zł&quot;)" computerName="DESKTOP-5URQ9PB" duration="00:00:00.0000051" startTime="2022-06-13T21:15:00.1855701+02:00" endTime="2022-06-13T21:15:00.1855703+02:00" testType="13cdc9d9-ddb5-4fa4-a97d-d965ccfc6d4b" outcome="Passed" testListId="8c84fa94-04c1-424b-9868-57a2d4851a1d" relativeResultsDirectory="c88b3e6a-406e-45f7-aa73-657269339f3b" />
    <UnitTestResult executionId="4a65f945-19d4-4a55-b122-3da58b7c7d9a" testId="6ca05e92-6a05-ce15-f59b-9b9ed10b85dd" testName="xUnitTestProject.CurrencyHelperTests.FormatToStringTest1000(price: 85407.13428016152, expected: &quot;85407.13 zł&quot;)" computerName="DESKTOP-5URQ9PB" duration="00:00:00.0000064" startTime="2022-06-13T21:15:00.1484934+02:00" endTime="2022-06-13T21:15:00.1484935+02:00" testType="13cdc9d9-ddb5-4fa4-a97d-d965ccfc6d4b" outcome="Passed" testListId="8c84fa94-04c1-424b-9868-57a2d4851a1d" relativeResultsDirectory="4a65f945-19d4-4a55-b122-3da58b7c7d9a" />
    <UnitTestResult executionId="2aed1dee-fc1d-4645-8f49-45ce813e018b" testId="6cc408c2-2cb5-45f5-22cc-d2054659459b" testName="xUnitTestProject.CurrencyHelperTests.FormatToStringTest1000(price: 52810.91713865516, expected: &quot;52810.92 zł&quot;)" computerName="DESKTOP-5URQ9PB" duration="00:00:00.0000041" startTime="2022-06-13T21:15:00.1925888+02:00" endTime="2022-06-13T21:15:00.1925890+02:00" testType="13cdc9d9-ddb5-4fa4-a97d-d965ccfc6d4b" outcome="Passed" testListId="8c84fa94-04c1-424b-9868-57a2d4851a1d" relativeResultsDirectory="2aed1dee-fc1d-4645-8f49-45ce813e018b" />
    <UnitTestResult executionId="7fde7d7d-22e6-476b-9600-0d9a77cd8965" testId="c7272717-4c66-ee9c-96d1-b74d86b61eb8" testName="xUnitTestProject.CurrencyHelperTests.FormatToStringTest1000(price: 5022.470719070859, expected: &quot;5022.47 zł&quot;)" computerName="DESKTOP-5URQ9PB" duration="00:00:00.0000109" startTime="2022-06-13T21:15:00.1732395+02:00" endTime="2022-06-13T21:15:00.1732397+02:00" testType="13cdc9d9-ddb5-4fa4-a97d-d965ccfc6d4b" outcome="Passed" testListId="8c84fa94-04c1-424b-9868-57a2d4851a1d" relativeResultsDirectory="7fde7d7d-22e6-476b-9600-0d9a77cd8965" />
    <UnitTestResult executionId="40de74f8-e746-4790-80f7-7bffbcd13b34" testId="a8ba7efd-581f-551d-dd26-e7f6709e3995" testName="xUnitTestProject.CurrencyHelperTests.FormatToStringTest1000(price: 13453.429998117233, expected: &quot;13453.43 zł&quot;)" computerName="DESKTOP-5URQ9PB" duration="00:00:00.0000066" startTime="2022-06-13T21:15:00.1316402+02:00" endTime="2022-06-13T21:15:00.1316404+02:00" testType="13cdc9d9-ddb5-4fa4-a97d-d965ccfc6d4b" outcome="Passed" testListId="8c84fa94-04c1-424b-9868-57a2d4851a1d" relativeResultsDirectory="40de74f8-e746-4790-80f7-7bffbcd13b34" />
    <UnitTestResult executionId="fdb8c95b-8f41-438e-a5d3-9d6e6f431829" testId="459add99-cbf9-4f7c-b3d1-c619873acede" testName="xUnitTestProject.CurrencyHelperTests.FormatToStringTest1000(price: 66541.05112730109, expected: &quot;66541.05 zł&quot;)" computerName="DESKTOP-5URQ9PB" duration="00:00:00.0000078" startTime="2022-06-13T21:15:00.1528658+02:00" endTime="2022-06-13T21:15:00.1528660+02:00" testType="13cdc9d9-ddb5-4fa4-a97d-d965ccfc6d4b" outcome="Passed" testListId="8c84fa94-04c1-424b-9868-57a2d4851a1d" relativeResultsDirectory="fdb8c95b-8f41-438e-a5d3-9d6e6f431829" />
    <UnitTestResult executionId="fea55779-9e18-4721-a2ba-3350d6b0c3f4" testId="9f159054-0ade-aabd-0878-ac1771f3fda6" testName="xUnitTestProject.CurrencyHelperTests.FormatToStringTest1000(price: 395.45790295882983, expected: &quot;395.46 zł&quot;)" computerName="DESKTOP-5URQ9PB" duration="00:00:00.0000061" startTime="2022-06-13T21:15:00.1417249+02:00" endTime="2022-06-13T21:15:00.1417250+02:00" testType="13cdc9d9-ddb5-4fa4-a97d-d965ccfc6d4b" outcome="Passed" testListId="8c84fa94-04c1-424b-9868-57a2d4851a1d" relativeResultsDirectory="fea55779-9e18-4721-a2ba-3350d6b0c3f4" />
    <UnitTestResult executionId="ebc11457-c563-4cf1-96ce-5a478edb3c34" testId="77e25ad7-ee15-446a-9252-d1385f25c4e7" testName="xUnitTestProject.CurrencyHelperTests.FormatToStringTest1000(price: 19609.759296997803, expected: &quot;19609.76 zł&quot;)" computerName="DESKTOP-5URQ9PB" duration="00:00:00.0000068" startTime="2022-06-13T21:15:00.1269670+02:00" endTime="2022-06-13T21:15:00.1269671+02:00" testType="13cdc9d9-ddb5-4fa4-a97d-d965ccfc6d4b" outcome="Passed" testListId="8c84fa94-04c1-424b-9868-57a2d4851a1d" relativeResultsDirectory="ebc11457-c563-4cf1-96ce-5a478edb3c34" />
    <UnitTestResult executionId="73343f47-6ee4-4d7a-8242-6a0af4abd18f" testId="1dd0f7bb-be41-1080-f53b-d32cb9d53ae0" testName="xUnitTestProject.CurrencyHelperTests.FormatToStringTest1000(price: 51300.77891898145, expected: &quot;51300.78 zł&quot;)" computerName="DESKTOP-5URQ9PB" duration="00:00:00.0000061" startTime="2022-06-13T21:15:00.1507671+02:00" endTime="2022-06-13T21:15:00.1507673+02:00" testType="13cdc9d9-ddb5-4fa4-a97d-d965ccfc6d4b" outcome="Passed" testListId="8c84fa94-04c1-424b-9868-57a2d4851a1d" relativeResultsDirectory="73343f47-6ee4-4d7a-8242-6a0af4abd18f" />
    <UnitTestResult executionId="fa7bd5f5-e552-463b-a591-7a3a1ac456dd" testId="bea51f53-59a0-d933-da38-7b5730c49072" testName="xUnitTestProject.CurrencyHelperTests.FormatToStringTest1000(price: 36047.83545033672, expected: &quot;36047.84 zł&quot;)" computerName="DESKTOP-5URQ9PB" duration="00:00:00.0000065" startTime="2022-06-13T21:15:00.0996178+02:00" endTime="2022-06-13T21:15:00.0996180+02:00" testType="13cdc9d9-ddb5-4fa4-a97d-d965ccfc6d4b" outcome="Passed" testListId="8c84fa94-04c1-424b-9868-57a2d4851a1d" relativeResultsDirectory="fa7bd5f5-e552-463b-a591-7a3a1ac456dd" />
    <UnitTestResult executionId="1afa461b-ffe3-40dc-a8f5-24b30e098113" testId="10e970c4-cd41-e630-0953-62de694a4cfc" testName="xUnitTestProject.CurrencyHelperTests.FormatToStringTest1000(price: 38845.74924104323, expected: &quot;38845.75 zł&quot;)" computerName="DESKTOP-5URQ9PB" duration="00:00:00.0000051" startTime="2022-06-13T21:15:00.0932256+02:00" endTime="2022-06-13T21:15:00.0932258+02:00" testType="13cdc9d9-ddb5-4fa4-a97d-d965ccfc6d4b" outcome="Passed" testListId="8c84fa94-04c1-424b-9868-57a2d4851a1d" relativeResultsDirectory="1afa461b-ffe3-40dc-a8f5-24b30e098113" />
    <UnitTestResult executionId="ac2a45b5-9d74-4b15-8576-26b7f7697f8d" testId="b873b04a-7c62-5dd2-8547-3f31b075c272" testName="xUnitTestProject.CurrencyHelperTests.FormatToStringTest1000(price: 15396.537902579894, expected: &quot;15396.54 zł&quot;)" computerName="DESKTOP-5URQ9PB" duration="00:00:00.0000072" startTime="2022-06-13T21:15:00.1101179+02:00" endTime="2022-06-13T21:15:00.1101180+02:00" testType="13cdc9d9-ddb5-4fa4-a97d-d965ccfc6d4b" outcome="Passed" testListId="8c84fa94-04c1-424b-9868-57a2d4851a1d" relativeResultsDirectory="ac2a45b5-9d74-4b15-8576-26b7f7697f8d" />
    <UnitTestResult executionId="3d92d93e-2000-4b4d-b134-b0252e726061" testId="814e8347-0675-e46f-9f33-cc6368c1ff3d" testName="xUnitTestProject.CurrencyHelperTests.FormatToStringTest1000(price: 1208.1827589441941, expected: &quot;1208.18 zł&quot;)" computerName="DESKTOP-5URQ9PB" duration="00:00:00.0000054" startTime="2022-06-13T21:15:00.1170252+02:00" endTime="2022-06-13T21:15:00.1170254+02:00" testType="13cdc9d9-ddb5-4fa4-a97d-d965ccfc6d4b" outcome="Passed" testListId="8c84fa94-04c1-424b-9868-57a2d4851a1d" relativeResultsDirectory="3d92d93e-2000-4b4d-b134-b0252e726061" />
    <UnitTestResult executionId="f2f9f284-222b-4928-b16a-f3c4398edc4e" testId="f03f6860-12a5-6960-814c-3c29d5bd5d06" testName="xUnitTestProject.CurrencyHelperTests.FormatToStringTest1000(price: 17875.613377604455, expected: &quot;17875.61 zł&quot;)" computerName="DESKTOP-5URQ9PB" duration="00:00:00.0000044" startTime="2022-06-13T21:15:00.0568116+02:00" endTime="2022-06-13T21:15:00.0568118+02:00" testType="13cdc9d9-ddb5-4fa4-a97d-d965ccfc6d4b" outcome="Passed" testListId="8c84fa94-04c1-424b-9868-57a2d4851a1d" relativeResultsDirectory="f2f9f284-222b-4928-b16a-f3c4398edc4e" />
    <UnitTestResult executionId="3d282718-4eb6-4893-b518-e64353798dd7" testId="bc83fa3c-576f-30a6-fe1b-a25c896763ba" testName="xUnitTestProject.CurrencyHelperTests.FormatToStringTest1000(price: 23612.114499758984, expected: &quot;23612.11 zł&quot;)" computerName="DESKTOP-5URQ9PB" duration="00:00:00.0000053" startTime="2022-06-13T21:15:00.1334471+02:00" endTime="2022-06-13T21:15:00.1334475+02:00" testType="13cdc9d9-ddb5-4fa4-a97d-d965ccfc6d4b" outcome="Passed" testListId="8c84fa94-04c1-424b-9868-57a2d4851a1d" relativeResultsDirectory="3d282718-4eb6-4893-b518-e64353798dd7" />
    <UnitTestResult executionId="fe73e6b5-978b-458a-9ab1-b861087f5151" testId="f58711de-d6a1-25df-941a-d7a477d8bf41" testName="xUnitTestProject.CurrencyHelperTests.FormatToStringTest1000(price: 45603.90324273142, expected: &quot;45603.90 zł&quot;)" computerName="DESKTOP-5URQ9PB" duration="00:00:00.0000067" startTime="2022-06-13T21:15:00.1675661+02:00" endTime="2022-06-13T21:15:00.1675666+02:00" testType="13cdc9d9-ddb5-4fa4-a97d-d965ccfc6d4b" outcome="Passed" testListId="8c84fa94-04c1-424b-9868-57a2d4851a1d" relativeResultsDirectory="fe73e6b5-978b-458a-9ab1-b861087f5151" />
    <UnitTestResult executionId="0f149cba-d5b5-4f7f-b2bc-bad75f267361" testId="4487648c-7b44-bfaa-d7fb-20dd19782f71" testName="xUnitTestProject.CurrencyHelperTests.FormatToStringTest1000(price: 44361.82678515177, expected: &quot;44361.83 zł&quot;)" computerName="DESKTOP-5URQ9PB" duration="00:00:00.0000054" startTime="2022-06-13T21:15:00.1324740+02:00" endTime="2022-06-13T21:15:00.1324743+02:00" testType="13cdc9d9-ddb5-4fa4-a97d-d965ccfc6d4b" outcome="Passed" testListId="8c84fa94-04c1-424b-9868-57a2d4851a1d" relativeResultsDirectory="0f149cba-d5b5-4f7f-b2bc-bad75f267361" />
    <UnitTestResult executionId="d96c2f2f-73f2-4d4d-a241-973834a75ad4" testId="b6db6a04-ac79-c80a-e7d6-d9ff2d42f5f4" testName="xUnitTestProject.CurrencyHelperTests.FormatToStringTest1000(price: 75350.77330865282, expected: &quot;75350.77 zł&quot;)" computerName="DESKTOP-5URQ9PB" duration="00:00:00.0000062" startTime="2022-06-13T21:15:00.1182488+02:00" endTime="2022-06-13T21:15:00.1182490+02:00" testType="13cdc9d9-ddb5-4fa4-a97d-d965ccfc6d4b" outcome="Passed" testListId="8c84fa94-04c1-424b-9868-57a2d4851a1d" relativeResultsDirectory="d96c2f2f-73f2-4d4d-a241-973834a75ad4" />
    <UnitTestResult executionId="d83d5c01-4060-49a8-b641-8854e268a020" testId="0fab285a-bfbc-a49a-b095-2b979efe33e8" testName="xUnitTestProject.CurrencyHelperTests.FormatToStringTest1000(price: 8582.709131852587, expected: &quot;8582.71 zł&quot;)" computerName="DESKTOP-5URQ9PB" duration="00:00:00.0000041" startTime="2022-06-13T21:15:00.0637953+02:00" endTime="2022-06-13T21:15:00.0637956+02:00" testType="13cdc9d9-ddb5-4fa4-a97d-d965ccfc6d4b" outcome="Passed" testListId="8c84fa94-04c1-424b-9868-57a2d4851a1d" relativeResultsDirectory="d83d5c01-4060-49a8-b641-8854e268a020" />
    <UnitTestResult executionId="465186a4-dad1-4fc2-b663-a4ee96d31f1c" testId="3f3f2250-01f3-21dd-18d8-8a073a42cac3" testName="xUnitTestProject.CurrencyHelperTests.FormatToStringTest1000(price: 9765.54450809748, expected: &quot;9765.54 zł&quot;)" computerName="DESKTOP-5URQ9PB" duration="00:00:00.0000055" startTime="2022-06-13T21:15:00.1388099+02:00" endTime="2022-06-13T21:15:00.1388101+02:00" testType="13cdc9d9-ddb5-4fa4-a97d-d965ccfc6d4b" outcome="Passed" testListId="8c84fa94-04c1-424b-9868-57a2d4851a1d" relativeResultsDirectory="465186a4-dad1-4fc2-b663-a4ee96d31f1c" />
    <UnitTestResult executionId="048569eb-83f1-4eff-b320-1da45b39d18b" testId="89b95097-2fa4-1afe-c164-3b548bd44274" testName="xUnitTestProject.CurrencyHelperTests.FormatToStringTest1000(price: 12118.31777677048, expected: &quot;12118.32 zł&quot;)" computerName="DESKTOP-5URQ9PB" duration="00:00:00.0000056" startTime="2022-06-13T21:15:00.1327146+02:00" endTime="2022-06-13T21:15:00.1327147+02:00" testType="13cdc9d9-ddb5-4fa4-a97d-d965ccfc6d4b" outcome="Passed" testListId="8c84fa94-04c1-424b-9868-57a2d4851a1d" relativeResultsDirectory="048569eb-83f1-4eff-b320-1da45b39d18b" />
    <UnitTestResult executionId="a614ec3b-9eb7-4959-8f06-c0e6c9d6bea2" testId="5e9f654f-dd64-8138-30a6-1dc5f11cf83a" testName="xUnitTestProject.CurrencyHelperTests.FormatToStringTest1000(price: 14237.13226245955, expected: &quot;14237.13 zł&quot;)" computerName="DESKTOP-5URQ9PB" duration="00:00:00.0000041" startTime="2022-06-13T21:15:00.0885406+02:00" endTime="2022-06-13T21:15:00.0885408+02:00" testType="13cdc9d9-ddb5-4fa4-a97d-d965ccfc6d4b" outcome="Passed" testListId="8c84fa94-04c1-424b-9868-57a2d4851a1d" relativeResultsDirectory="a614ec3b-9eb7-4959-8f06-c0e6c9d6bea2" />
    <UnitTestResult executionId="e0372b80-e69a-417f-a2c7-7037cf83bec4" testId="27c9de3f-c624-ee93-069f-2072d9c30f0a" testName="xUnitTestProject.CurrencyHelperTests.FormatToStringTest1000(price: 1228.101744225296, expected: &quot;1228.10 zł&quot;)" computerName="DESKTOP-5URQ9PB" duration="00:00:00.0000044" startTime="2022-06-13T21:15:00.1831980+02:00" endTime="2022-06-13T21:15:00.1831984+02:00" testType="13cdc9d9-ddb5-4fa4-a97d-d965ccfc6d4b" outcome="Passed" testListId="8c84fa94-04c1-424b-9868-57a2d4851a1d" relativeResultsDirectory="e0372b80-e69a-417f-a2c7-7037cf83bec4" />
    <UnitTestResult executionId="ec0f5786-6a5a-472d-a71d-b3538e75b640" testId="77cb819c-64b0-1e13-63d3-0049263e7e77" testName="xUnitTestProject.CurrencyHelperTests.FormatToStringTest1000(price: 39146.635743126564, expected: &quot;39146.64 zł&quot;)" computerName="DESKTOP-5URQ9PB" duration="00:00:00.0000040" startTime="2022-06-13T21:15:00.0964111+02:00" endTime="2022-06-13T21:15:00.0964113+02:00" testType="13cdc9d9-ddb5-4fa4-a97d-d965ccfc6d4b" outcome="Passed" testListId="8c84fa94-04c1-424b-9868-57a2d4851a1d" relativeResultsDirectory="ec0f5786-6a5a-472d-a71d-b3538e75b640" />
    <UnitTestResult executionId="42e80175-d501-44b1-888a-20aa2455f342" testId="5a540ea5-a914-2a7a-fb65-63091b7a1082" testName="xUnitTestProject.CurrencyHelperTests.FormatToStringTest1000(price: 1568.615240217473, expected: &quot;1568.62 zł&quot;)" computerName="DESKTOP-5URQ9PB" duration="00:00:00.0000041" startTime="2022-06-13T21:15:00.1777983+02:00" endTime="2022-06-13T21:15:00.1777985+02:00" testType="13cdc9d9-ddb5-4fa4-a97d-d965ccfc6d4b" outcome="Passed" testListId="8c84fa94-04c1-424b-9868-57a2d4851a1d" relativeResultsDirectory="42e80175-d501-44b1-888a-20aa2455f342" />
    <UnitTestResult executionId="1a8b55c6-8280-4950-86a3-284a4ee52852" testId="3aa6da58-73c8-f8a3-c690-8bbd80282877" testName="xUnitTestProject.CurrencyHelperTests.FormatToStringTest1000(price: 20321.03715103913, expected: &quot;20321.04 zł&quot;)" computerName="DESKTOP-5URQ9PB" duration="00:00:00.0000061" startTime="2022-06-13T21:15:00.0898764+02:00" endTime="2022-06-13T21:15:00.0898765+02:00" testType="13cdc9d9-ddb5-4fa4-a97d-d965ccfc6d4b" outcome="Passed" testListId="8c84fa94-04c1-424b-9868-57a2d4851a1d" relativeResultsDirectory="1a8b55c6-8280-4950-86a3-284a4ee52852" />
    <UnitTestResult executionId="435f2141-603f-47b3-ba0d-b51922d546de" testId="45a5b31d-d8ee-81e0-0e1d-a198d7cba5b5" testName="xUnitTestProject.CurrencyHelperTests.FormatToStringTest1000(price: 39314.52353688401, expected: &quot;39314.52 zł&quot;)" computerName="DESKTOP-5URQ9PB" duration="00:00:00.0000053" startTime="2022-06-13T21:15:00.1516084+02:00" endTime="2022-06-13T21:15:00.1516088+02:00" testType="13cdc9d9-ddb5-4fa4-a97d-d965ccfc6d4b" outcome="Passed" testListId="8c84fa94-04c1-424b-9868-57a2d4851a1d" relativeResultsDirectory="435f2141-603f-47b3-ba0d-b51922d546de" />
    <UnitTestResult executionId="d3e24913-2dcd-4f17-be55-2cffa30b0c7d" testId="35d446c0-f87b-db26-2eb6-ac470ed5efed" testName="xUnitTestProject.CurrencyHelperTests.FormatToStringTest1000(price: 16902.50568789314, expected: &quot;16902.51 zł&quot;)" computerName="DESKTOP-5URQ9PB" duration="00:00:00.0000055" startTime="2022-06-13T21:15:00.0624258+02:00" endTime="2022-06-13T21:15:00.0624261+02:00" testType="13cdc9d9-ddb5-4fa4-a97d-d965ccfc6d4b" outcome="Passed" testListId="8c84fa94-04c1-424b-9868-57a2d4851a1d" relativeResultsDirectory="d3e24913-2dcd-4f17-be55-2cffa30b0c7d" />
    <UnitTestResult executionId="1ccaf43f-a2e7-4054-8078-19f9b17e2d17" testId="8ba27476-b54b-3c26-c478-bb1e87cb663c" testName="xUnitTestProject.CurrencyHelperTests.FormatToStringTest1000(price: 25135.10315489727, expected: &quot;25135.10 zł&quot;)" computerName="DESKTOP-5URQ9PB" duration="00:00:00.0000062" startTime="2022-06-13T21:15:00.0805709+02:00" endTime="2022-06-13T21:15:00.0805711+02:00" testType="13cdc9d9-ddb5-4fa4-a97d-d965ccfc6d4b" outcome="Passed" testListId="8c84fa94-04c1-424b-9868-57a2d4851a1d" relativeResultsDirectory="1ccaf43f-a2e7-4054-8078-19f9b17e2d17" />
    <UnitTestResult executionId="da5f77c2-686d-422c-aba2-090d9ec24eba" testId="9dc9660c-2773-e5a1-118f-73373343d0e6" testName="xUnitTestProject.CurrencyHelperTests.FormatToStringTest1000(price: 89093.57120939044, expected: &quot;89093.57 zł&quot;)" computerName="DESKTOP-5URQ9PB" duration="00:00:00.0000041" startTime="2022-06-13T21:15:00.0566866+02:00" endTime="2022-06-13T21:15:00.0566869+02:00" testType="13cdc9d9-ddb5-4fa4-a97d-d965ccfc6d4b" outcome="Passed" testListId="8c84fa94-04c1-424b-9868-57a2d4851a1d" relativeResultsDirectory="da5f77c2-686d-422c-aba2-090d9ec24eba" />
    <UnitTestResult executionId="966cd0a5-a587-4cdd-9c9e-b1886fd56b27" testId="f8894dae-c947-7fce-9d72-6693c21ad4f8" testName="xUnitTestProject.CurrencyHelperTests.FormatToStringTest1000(price: 65963.39932440939, expected: &quot;65963.40 zł&quot;)" computerName="DESKTOP-5URQ9PB" duration="00:00:00.0000073" startTime="2022-06-13T21:15:00.1076367+02:00" endTime="2022-06-13T21:15:00.1076368+02:00" testType="13cdc9d9-ddb5-4fa4-a97d-d965ccfc6d4b" outcome="Passed" testListId="8c84fa94-04c1-424b-9868-57a2d4851a1d" relativeResultsDirectory="966cd0a5-a587-4cdd-9c9e-b1886fd56b27" />
    <UnitTestResult executionId="e9e115d2-8f57-429f-8549-c7ea2f2c48eb" testId="03249ab3-78a8-f0c2-3edd-fa3544db15c9" testName="xUnitTestProject.CurrencyHelperTests.FormatToStringTest1000(price: 25084.19182667238, expected: &quot;25084.19 zł&quot;)" computerName="DESKTOP-5URQ9PB" duration="00:00:00.0000043" startTime="2022-06-13T21:15:00.0886525+02:00" endTime="2022-06-13T21:15:00.0886527+02:00" testType="13cdc9d9-ddb5-4fa4-a97d-d965ccfc6d4b" outcome="Passed" testListId="8c84fa94-04c1-424b-9868-57a2d4851a1d" relativeResultsDirectory="e9e115d2-8f57-429f-8549-c7ea2f2c48eb" />
    <UnitTestResult executionId="e2aae40b-0800-41e4-bd02-92703713104a" testId="e06b8219-62b1-a0bc-a073-2837868b5c0e" testName="xUnitTestProject.CurrencyHelperTests.FormatToStringTest1000(price: 1108.7197928823157, expected: &quot;1108.72 zł&quot;)" computerName="DESKTOP-5URQ9PB" duration="00:00:00.0000049" startTime="2022-06-13T21:15:00.1019024+02:00" endTime="2022-06-13T21:15:00.1019026+02:00" testType="13cdc9d9-ddb5-4fa4-a97d-d965ccfc6d4b" outcome="Passed" testListId="8c84fa94-04c1-424b-9868-57a2d4851a1d" relativeResultsDirectory="e2aae40b-0800-41e4-bd02-92703713104a" />
    <UnitTestResult executionId="851ed6ba-ebc0-420f-8ca3-bce647f9a541" testId="0ed4f192-4727-c437-89cc-2b16440ebef0" testName="xUnitTestProject.CurrencyHelperTests.FormatToStringTest1000(price: 37387.37521261972, expected: &quot;37387.38 zł&quot;)" computerName="DESKTOP-5URQ9PB" duration="00:00:00.0000055" startTime="2022-06-13T21:15:00.0728575+02:00" endTime="2022-06-13T21:15:00.0728577+02:00" testType="13cdc9d9-ddb5-4fa4-a97d-d965ccfc6d4b" outcome="Passed" testListId="8c84fa94-04c1-424b-9868-57a2d4851a1d" relativeResultsDirectory="851ed6ba-ebc0-420f-8ca3-bce647f9a541" />
    <UnitTestResult executionId="b6440113-42a5-4c2a-93da-7acb547010c2" testId="ec5e31f8-0a43-1c03-8691-e70ecfdbfc69" testName="xUnitTestProject.CurrencyHelperTests.FormatToStringTest1000(price: 68507.83928906724, expected: &quot;68507.84 zł&quot;)" computerName="DESKTOP-5URQ9PB" duration="00:00:00.0000074" startTime="2022-06-13T21:15:00.1346542+02:00" endTime="2022-06-13T21:15:00.1346544+02:00" testType="13cdc9d9-ddb5-4fa4-a97d-d965ccfc6d4b" outcome="Passed" testListId="8c84fa94-04c1-424b-9868-57a2d4851a1d" relativeResultsDirectory="b6440113-42a5-4c2a-93da-7acb547010c2" />
    <UnitTestResult executionId="859e06f5-0402-4d09-b993-552a04322cfb" testId="076b3f7c-bfd3-700c-3093-f885fe165b03" testName="xUnitTestProject.CurrencyHelperTests.FormatToStringTest1000(price: 10534.184353995222, expected: &quot;10534.18 zł&quot;)" computerName="DESKTOP-5URQ9PB" duration="00:00:00.0000059" startTime="2022-06-13T21:15:00.1405212+02:00" endTime="2022-06-13T21:15:00.1405214+02:00" testType="13cdc9d9-ddb5-4fa4-a97d-d965ccfc6d4b" outcome="Passed" testListId="8c84fa94-04c1-424b-9868-57a2d4851a1d" relativeResultsDirectory="859e06f5-0402-4d09-b993-552a04322cfb" />
    <UnitTestResult executionId="d130c15c-6a4d-4ba3-a811-bec07cc0e9b7" testId="25b36055-f21f-fb6a-b7ef-81ccf96dd2b6" testName="xUnitTestProject.CurrencyHelperTests.FormatToStringTest1000(price: 46898.00219497783, expected: &quot;46898.00 zł&quot;)" computerName="DESKTOP-5URQ9PB" duration="00:00:00.0000050" startTime="2022-06-13T21:15:00.1896830+02:00" endTime="2022-06-13T21:15:00.1896831+02:00" testType="13cdc9d9-ddb5-4fa4-a97d-d965ccfc6d4b" outcome="Passed" testListId="8c84fa94-04c1-424b-9868-57a2d4851a1d" relativeResultsDirectory="d130c15c-6a4d-4ba3-a811-bec07cc0e9b7" />
    <UnitTestResult executionId="40c480db-2e35-48ac-8953-23efe1535b35" testId="5058bebd-02f5-fdd0-776c-ccea1412870f" testName="xUnitTestProject.CurrencyHelperTests.FormatToStringTest1000(price: 675.4589376107133, expected: &quot;675.46 zł&quot;)" computerName="DESKTOP-5URQ9PB" duration="00:00:00.0000058" startTime="2022-06-13T21:15:00.1474343+02:00" endTime="2022-06-13T21:15:00.1474345+02:00" testType="13cdc9d9-ddb5-4fa4-a97d-d965ccfc6d4b" outcome="Passed" testListId="8c84fa94-04c1-424b-9868-57a2d4851a1d" relativeResultsDirectory="40c480db-2e35-48ac-8953-23efe1535b35" />
    <UnitTestResult executionId="97f648d7-dec4-475e-b309-839b1d6906c1" testId="e6f6cc53-8c3a-da20-bc77-8b2d112d8374" testName="xUnitTestProject.CurrencyHelperTests.FormatToStringTest1000(price: 6170.939441211959, expected: &quot;6170.94 zł&quot;)" computerName="DESKTOP-5URQ9PB" duration="00:00:00.0000074" startTime="2022-06-13T21:15:00.1079001+02:00" endTime="2022-06-13T21:15:00.1079003+02:00" testType="13cdc9d9-ddb5-4fa4-a97d-d965ccfc6d4b" outcome="Passed" testListId="8c84fa94-04c1-424b-9868-57a2d4851a1d" relativeResultsDirectory="97f648d7-dec4-475e-b309-839b1d6906c1" />
    <UnitTestResult executionId="b219a32a-4bab-44bf-b8cb-6deb2592afa9" testId="f0b310a7-9bf9-fe2b-4bd1-bf05e954c540" testName="xUnitTestProject.CurrencyHelperTests.FormatToStringTest1000(price: 61633.2671179945, expected: &quot;61633.27 zł&quot;)" computerName="DESKTOP-5URQ9PB" duration="00:00:00.0000064" startTime="2022-06-13T21:15:00.1572185+02:00" endTime="2022-06-13T21:15:00.1572187+02:00" testType="13cdc9d9-ddb5-4fa4-a97d-d965ccfc6d4b" outcome="Passed" testListId="8c84fa94-04c1-424b-9868-57a2d4851a1d" relativeResultsDirectory="b219a32a-4bab-44bf-b8cb-6deb2592afa9" />
    <UnitTestResult executionId="13d66f97-fc84-4967-a7fa-240587df3c9b" testId="5c2754e4-1c80-78fc-5cc7-dfd05e800cc5" testName="xUnitTestProject.CurrencyHelperTests.FormatToStringTest1000(price: 20237.28532723723, expected: &quot;20237.29 zł&quot;)" computerName="DESKTOP-5URQ9PB" duration="00:00:00.0000056" startTime="2022-06-13T21:15:00.1052335+02:00" endTime="2022-06-13T21:15:00.1052339+02:00" testType="13cdc9d9-ddb5-4fa4-a97d-d965ccfc6d4b" outcome="Passed" testListId="8c84fa94-04c1-424b-9868-57a2d4851a1d" relativeResultsDirectory="13d66f97-fc84-4967-a7fa-240587df3c9b" />
    <UnitTestResult executionId="8225aa63-1304-43ca-8b9a-11280b4205ba" testId="d74171b4-c8ee-1912-2996-ae0e2e26eb23" testName="xUnitTestProject.CurrencyHelperTests.FormatToStringTest1000(price: 1745.490603896552, expected: &quot;1745.49 zł&quot;)" computerName="DESKTOP-5URQ9PB" duration="00:00:00.0000067" startTime="2022-06-13T21:15:00.1191995+02:00" endTime="2022-06-13T21:15:00.1191997+02:00" testType="13cdc9d9-ddb5-4fa4-a97d-d965ccfc6d4b" outcome="Passed" testListId="8c84fa94-04c1-424b-9868-57a2d4851a1d" relativeResultsDirectory="8225aa63-1304-43ca-8b9a-11280b4205ba" />
    <UnitTestResult executionId="b92c1439-91f3-40ff-be49-66330c95199a" testId="e3eba5d2-93a0-e22e-731e-ed52218ff16c" testName="xUnitTestProject.CurrencyHelperTests.FormatToStringTest1000(price: 918.1842976688334, expected: &quot;918.18 zł&quot;)" computerName="DESKTOP-5URQ9PB" duration="00:00:00.0000064" startTime="2022-06-13T21:15:00.0804950+02:00" endTime="2022-06-13T21:15:00.0804952+02:00" testType="13cdc9d9-ddb5-4fa4-a97d-d965ccfc6d4b" outcome="Passed" testListId="8c84fa94-04c1-424b-9868-57a2d4851a1d" relativeResultsDirectory="b92c1439-91f3-40ff-be49-66330c95199a" />
    <UnitTestResult executionId="21965062-c552-41e3-a9e6-f41da73a0ab4" testId="0ce41b19-5488-6227-82d4-578fa8558f1f" testName="xUnitTestProject.CurrencyHelperTests.FormatToStringTest1000(price: 14063.90676654871, expected: &quot;14063.91 zł&quot;)" computerName="DESKTOP-5URQ9PB" duration="00:00:00.0000072" startTime="2022-06-13T21:15:00.1549831+02:00" endTime="2022-06-13T21:15:00.1549833+02:00" testType="13cdc9d9-ddb5-4fa4-a97d-d965ccfc6d4b" outcome="Passed" testListId="8c84fa94-04c1-424b-9868-57a2d4851a1d" relativeResultsDirectory="21965062-c552-41e3-a9e6-f41da73a0ab4" />
    <UnitTestResult executionId="5b2fd515-706a-4440-b45d-1d24fcb15a63" testId="020066de-5c14-b477-efe9-293da5e965f0" testName="xUnitTestProject.CurrencyHelperTests.FormatToStringTest1000(price: 28583.827618148098, expected: &quot;28583.83 zł&quot;)" computerName="DESKTOP-5URQ9PB" duration="00:00:00.0000070" startTime="2022-06-13T21:15:00.1149397+02:00" endTime="2022-06-13T21:15:00.1149399+02:00" testType="13cdc9d9-ddb5-4fa4-a97d-d965ccfc6d4b" outcome="Passed" testListId="8c84fa94-04c1-424b-9868-57a2d4851a1d" relativeResultsDirectory="5b2fd515-706a-4440-b45d-1d24fcb15a63" />
    <UnitTestResult executionId="7dffdb87-14e8-4f7f-8e12-0d8a9f266b3d" testId="0014f817-c5c9-87d1-3e8c-ecffc3678e52" testName="xUnitTestProject.CurrencyHelperTests.FormatToStringTest1000(price: 82228.32322510486, expected: &quot;82228.32 zł&quot;)" computerName="DESKTOP-5URQ9PB" duration="00:00:00.0000060" startTime="2022-06-13T21:15:00.1866522+02:00" endTime="2022-06-13T21:15:00.1866524+02:00" testType="13cdc9d9-ddb5-4fa4-a97d-d965ccfc6d4b" outcome="Passed" testListId="8c84fa94-04c1-424b-9868-57a2d4851a1d" relativeResultsDirectory="7dffdb87-14e8-4f7f-8e12-0d8a9f266b3d" />
    <UnitTestResult executionId="4abc4633-82c4-4f71-b25b-dfa5b26d3a51" testId="7e545621-7d10-75d6-0eb9-82dda8912c2c" testName="xUnitTestProject.CurrencyHelperTests.FormatToStringTest1000(price: 34060.48467268724, expected: &quot;34060.48 zł&quot;)" computerName="DESKTOP-5URQ9PB" duration="00:00:00.0000077" startTime="2022-06-13T21:15:00.1291372+02:00" endTime="2022-06-13T21:15:00.1291376+02:00" testType="13cdc9d9-ddb5-4fa4-a97d-d965ccfc6d4b" outcome="Passed" testListId="8c84fa94-04c1-424b-9868-57a2d4851a1d" relativeResultsDirectory="4abc4633-82c4-4f71-b25b-dfa5b26d3a51" />
    <UnitTestResult executionId="d496cbe0-0134-4a17-8c7e-6325fb400760" testId="45b26f0b-a8bb-4b3f-d7c4-794f4ece7d3c" testName="xUnitTestProject.CurrencyHelperTests.FormatToStringTest1000(price: 23649.104642116046, expected: &quot;23649.10 zł&quot;)" computerName="DESKTOP-5URQ9PB" duration="00:00:00.0000074" startTime="2022-06-13T21:15:00.0852245+02:00" endTime="2022-06-13T21:15:00.0852247+02:00" testType="13cdc9d9-ddb5-4fa4-a97d-d965ccfc6d4b" outcome="Passed" testListId="8c84fa94-04c1-424b-9868-57a2d4851a1d" relativeResultsDirectory="d496cbe0-0134-4a17-8c7e-6325fb400760" />
    <UnitTestResult executionId="5929904c-0d7a-4cf8-bbc1-e3fcf6fedbc5" testId="422cd58a-1607-1b98-484d-a3568b92bd13" testName="xUnitTestProject.CurrencyHelperTests.FormatToStringTest1000(price: 71554.9786298829, expected: &quot;71554.98 zł&quot;)" computerName="DESKTOP-5URQ9PB" duration="00:00:00.0000061" startTime="2022-06-13T21:15:00.0820703+02:00" endTime="2022-06-13T21:15:00.0820705+02:00" testType="13cdc9d9-ddb5-4fa4-a97d-d965ccfc6d4b" outcome="Passed" testListId="8c84fa94-04c1-424b-9868-57a2d4851a1d" relativeResultsDirectory="5929904c-0d7a-4cf8-bbc1-e3fcf6fedbc5" />
    <UnitTestResult executionId="98cf025b-0b48-41bd-80f9-0ad14ebe9fd0" testId="0ceb7858-003d-ab99-34b5-3e79f1abe40b" testName="xUnitTestProject.CurrencyHelperTests.FormatToStringTest1000(price: 5566.818038455592, expected: &quot;5566.82 zł&quot;)" computerName="DESKTOP-5URQ9PB" duration="00:00:00.0000082" startTime="2022-06-13T21:15:00.1698458+02:00" endTime="2022-06-13T21:15:00.1698460+02:00" testType="13cdc9d9-ddb5-4fa4-a97d-d965ccfc6d4b" outcome="Passed" testListId="8c84fa94-04c1-424b-9868-57a2d4851a1d" relativeResultsDirectory="98cf025b-0b48-41bd-80f9-0ad14ebe9fd0" />
    <UnitTestResult executionId="c8f90562-d7c8-4c85-9c4f-9d99d4e9589a" testId="52ac0864-3141-85db-5ec0-9dd50f51b247" testName="xUnitTestProject.CurrencyHelperTests.FormatToStringTest1000(price: 2423.6182769712145, expected: &quot;2423.62 zł&quot;)" computerName="DESKTOP-5URQ9PB" duration="00:00:00.0000069" startTime="2022-06-13T21:15:00.1462260+02:00" endTime="2022-06-13T21:15:00.1462262+02:00" testType="13cdc9d9-ddb5-4fa4-a97d-d965ccfc6d4b" outcome="Passed" testListId="8c84fa94-04c1-424b-9868-57a2d4851a1d" relativeResultsDirectory="c8f90562-d7c8-4c85-9c4f-9d99d4e9589a" />
    <UnitTestResult executionId="ef202f8f-8fec-417e-9b61-3c7bf32b574c" testId="ab648c32-5363-622c-e305-880f5c60d7ae" testName="xUnitTestProject.CurrencyHelperTests.FormatToStringTest1000(price: 78519.41691976106, expected: &quot;78519.42 zł&quot;)" computerName="DESKTOP-5URQ9PB" duration="00:00:00.0032487" startTime="2022-06-13T21:15:00.0416162+02:00" endTime="2022-06-13T21:15:00.0416971+02:00" testType="13cdc9d9-ddb5-4fa4-a97d-d965ccfc6d4b" outcome="Passed" testListId="8c84fa94-04c1-424b-9868-57a2d4851a1d" relativeResultsDirectory="ef202f8f-8fec-417e-9b61-3c7bf32b574c" />
    <UnitTestResult executionId="01635861-10b1-4a6a-8cf1-4d768ba206a6" testId="8fb0d924-6ca3-e44c-f26a-1c29eb5d30bd" testName="xUnitTestProject.CurrencyHelperTests.FormatToStringTest1000(price: 47256.065730817645, expected: &quot;47256.07 zł&quot;)" computerName="DESKTOP-5URQ9PB" duration="00:00:00.0000051" startTime="2022-06-13T21:15:00.1886690+02:00" endTime="2022-06-13T21:15:00.1886693+02:00" testType="13cdc9d9-ddb5-4fa4-a97d-d965ccfc6d4b" outcome="Passed" testListId="8c84fa94-04c1-424b-9868-57a2d4851a1d" relativeResultsDirectory="01635861-10b1-4a6a-8cf1-4d768ba206a6" />
    <UnitTestResult executionId="e95dab5c-ab7c-4841-b6b8-ea452dc63438" testId="d328e580-fcf1-b0bb-73e2-fe6651dece0e" testName="xUnitTestProject.CurrencyHelperTests.FormatToStringTest1000(price: 21328.29026726507, expected: &quot;21328.29 zł&quot;)" computerName="DESKTOP-5URQ9PB" duration="00:00:00.0000081" startTime="2022-06-13T21:15:00.1138085+02:00" endTime="2022-06-13T21:15:00.1138086+02:00" testType="13cdc9d9-ddb5-4fa4-a97d-d965ccfc6d4b" outcome="Passed" testListId="8c84fa94-04c1-424b-9868-57a2d4851a1d" relativeResultsDirectory="e95dab5c-ab7c-4841-b6b8-ea452dc63438" />
    <UnitTestResult executionId="31584ecf-163d-415f-92f7-6118357c7bc3" testId="e5b31225-6687-353e-986c-a81c10574659" testName="xUnitTestProject.CurrencyHelperTests.FormatToStringTest1000(price: 52888.48934243642, expected: &quot;52888.49 zł&quot;)" computerName="DESKTOP-5URQ9PB" duration="00:00:00.0000047" startTime="2022-06-13T21:15:00.0854124+02:00" endTime="2022-06-13T21:15:00.0854126+02:00" testType="13cdc9d9-ddb5-4fa4-a97d-d965ccfc6d4b" outcome="Passed" testListId="8c84fa94-04c1-424b-9868-57a2d4851a1d" relativeResultsDirectory="31584ecf-163d-415f-92f7-6118357c7bc3" />
    <UnitTestResult executionId="10f2976b-d462-4873-894a-93753cf5f804" testId="927355f0-db19-7988-f19c-ec0494e2f5d9" testName="xUnitTestProject.CurrencyHelperTests.FormatToStringTest1000(price: 748.6264857065987, expected: &quot;748.63 zł&quot;)" computerName="DESKTOP-5URQ9PB" duration="00:00:00.0000062" startTime="2022-06-13T21:15:00.0986278+02:00" endTime="2022-06-13T21:15:00.0986280+02:00" testType="13cdc9d9-ddb5-4fa4-a97d-d965ccfc6d4b" outcome="Passed" testListId="8c84fa94-04c1-424b-9868-57a2d4851a1d" relativeResultsDirectory="10f2976b-d462-4873-894a-93753cf5f804" />
    <UnitTestResult executionId="9da03cfe-b0d2-45aa-8cf7-5ff942aace67" testId="8491f0a3-ed14-5fdd-d64c-af335660b6b8" testName="xUnitTestProject.CurrencyHelperTests.FormatToStringTest1000(price: 25376.6225052097, expected: &quot;25376.62 zł&quot;)" computerName="DESKTOP-5URQ9PB" duration="00:00:00.0000068" startTime="2022-06-13T21:15:00.1505426+02:00" endTime="2022-06-13T21:15:00.1505428+02:00" testType="13cdc9d9-ddb5-4fa4-a97d-d965ccfc6d4b" outcome="Passed" testListId="8c84fa94-04c1-424b-9868-57a2d4851a1d" relativeResultsDirectory="9da03cfe-b0d2-45aa-8cf7-5ff942aace67" />
    <UnitTestResult executionId="d3f87e15-38ff-4074-a37d-f3292ff1db9f" testId="dfaf8cc8-6c50-9b2f-464a-6475c413ade9" testName="xUnitTestProject.CurrencyHelperTests.FormatToStringTest1000(price: 67230.86250807665, expected: &quot;67230.86 zł&quot;)" computerName="DESKTOP-5URQ9PB" duration="00:00:00.0000056" startTime="2022-06-13T21:15:00.1832768+02:00" endTime="2022-06-13T21:15:00.1832770+02:00" testType="13cdc9d9-ddb5-4fa4-a97d-d965ccfc6d4b" outcome="Passed" testListId="8c84fa94-04c1-424b-9868-57a2d4851a1d" relativeResultsDirectory="d3f87e15-38ff-4074-a37d-f3292ff1db9f" />
    <UnitTestResult executionId="8ecdf96d-9f05-4dee-92df-d2b24848a211" testId="fe35c71e-d9ed-258c-2105-0adfcd0d495e" testName="xUnitTestProject.CurrencyHelperTests.FormatToStringTest1000(price: 2992.6161168593057, expected: &quot;2992.62 zł&quot;)" computerName="DESKTOP-5URQ9PB" duration="00:00:00.0000077" startTime="2022-06-13T21:15:00.1701135+02:00" endTime="2022-06-13T21:15:00.1701136+02:00" testType="13cdc9d9-ddb5-4fa4-a97d-d965ccfc6d4b" outcome="Passed" testListId="8c84fa94-04c1-424b-9868-57a2d4851a1d" relativeResultsDirectory="8ecdf96d-9f05-4dee-92df-d2b24848a211" />
    <UnitTestResult executionId="09e81bb6-d6ae-44e5-ab91-e26eae15ce44" testId="3a74380b-5761-efcc-d80f-84990cb62b27" testName="xUnitTestProject.CurrencyHelperTests.FormatToStringTest1000(price: 6323.24079469882, expected: &quot;6323.24 zł&quot;)" computerName="DESKTOP-5URQ9PB" duration="00:00:00.0000050" startTime="2022-06-13T21:15:00.0918957+02:00" endTime="2022-06-13T21:15:00.0918958+02:00" testType="13cdc9d9-ddb5-4fa4-a97d-d965ccfc6d4b" outcome="Passed" testListId="8c84fa94-04c1-424b-9868-57a2d4851a1d" relativeResultsDirectory="09e81bb6-d6ae-44e5-ab91-e26eae15ce44" />
    <UnitTestResult executionId="f4d912fd-d845-4898-97a8-09382b531e49" testId="fd8ab50a-6120-2a06-7ebd-aae621104cec" testName="xUnitTestProject.CurrencyHelperTests.FormatToStringTest1000(price: 75987.03378503352, expected: &quot;75987.03 zł&quot;)" computerName="DESKTOP-5URQ9PB" duration="00:00:00.0000059" startTime="2022-06-13T21:15:00.0897269+02:00" endTime="2022-06-13T21:15:00.0897271+02:00" testType="13cdc9d9-ddb5-4fa4-a97d-d965ccfc6d4b" outcome="Passed" testListId="8c84fa94-04c1-424b-9868-57a2d4851a1d" relativeResultsDirectory="f4d912fd-d845-4898-97a8-09382b531e49" />
    <UnitTestResult executionId="86489d32-34ec-43ae-ab23-a03937e74bad" testId="3436f427-af0a-5bde-6f98-b38b99a7cf5b" testName="xUnitTestProject.CurrencyHelperTests.FormatToStringTest1000(price: 54724.71040318008, expected: &quot;54724.71 zł&quot;)" computerName="DESKTOP-5URQ9PB" duration="00:00:00.0000055" startTime="2022-06-13T21:15:00.1485672+02:00" endTime="2022-06-13T21:15:00.1485674+02:00" testType="13cdc9d9-ddb5-4fa4-a97d-d965ccfc6d4b" outcome="Passed" testListId="8c84fa94-04c1-424b-9868-57a2d4851a1d" relativeResultsDirectory="86489d32-34ec-43ae-ab23-a03937e74bad" />
    <UnitTestResult executionId="8721b191-a7b4-42b6-b91a-cc35ff18fddb" testId="e6cc0868-2b09-9996-1473-6fd522e2da29" testName="xUnitTestProject.CurrencyHelperTests.FormatToStringTest1000(price: 26885.71162707904, expected: &quot;26885.71 zł&quot;)" computerName="DESKTOP-5URQ9PB" duration="00:00:00.0000048" startTime="2022-06-13T21:15:00.0623794+02:00" endTime="2022-06-13T21:15:00.0623798+02:00" testType="13cdc9d9-ddb5-4fa4-a97d-d965ccfc6d4b" outcome="Passed" testListId="8c84fa94-04c1-424b-9868-57a2d4851a1d" relativeResultsDirectory="8721b191-a7b4-42b6-b91a-cc35ff18fddb" />
    <UnitTestResult executionId="050936b1-c288-463b-b140-3a463f9bf8cc" testId="31031da7-a7ef-21d8-df85-bc08b8725f11" testName="xUnitTestProject.CurrencyHelperTests.FormatToStringTest1000(price: 16571.355536101553, expected: &quot;16571.36 zł&quot;)" computerName="DESKTOP-5URQ9PB" duration="00:00:00.0000041" startTime="2022-06-13T21:15:00.0898014+02:00" endTime="2022-06-13T21:15:00.0898016+02:00" testType="13cdc9d9-ddb5-4fa4-a97d-d965ccfc6d4b" outcome="Passed" testListId="8c84fa94-04c1-424b-9868-57a2d4851a1d" relativeResultsDirectory="050936b1-c288-463b-b140-3a463f9bf8cc" />
    <UnitTestResult executionId="2aa3ca49-e56a-408e-9482-5aa7235d2877" testId="8a9d7602-dc5d-c902-e8f4-8ad4401141f1" testName="xUnitTestProject.CurrencyHelperTests.FormatToStringTest1000(price: 15411.371650797022, expected: &quot;15411.37 zł&quot;)" computerName="DESKTOP-5URQ9PB" duration="00:00:00.0000052" startTime="2022-06-13T21:15:00.0875117+02:00" endTime="2022-06-13T21:15:00.0875119+02:00" testType="13cdc9d9-ddb5-4fa4-a97d-d965ccfc6d4b" outcome="Passed" testListId="8c84fa94-04c1-424b-9868-57a2d4851a1d" relativeResultsDirectory="2aa3ca49-e56a-408e-9482-5aa7235d2877" />
    <UnitTestResult executionId="c7b6f57f-a337-4bd4-8eb7-5c144f08dcdc" testId="4a9f4574-9113-6c35-d2fa-751a30e86322" testName="xUnitTestProject.CurrencyHelperTests.FormatToStringTest1000(price: 72703.4365723503, expected: &quot;72703.44 zł&quot;)" computerName="DESKTOP-5URQ9PB" duration="00:00:00.0000069" startTime="2022-06-13T21:15:00.1561417+02:00" endTime="2022-06-13T21:15:00.1561419+02:00" testType="13cdc9d9-ddb5-4fa4-a97d-d965ccfc6d4b" outcome="Passed" testListId="8c84fa94-04c1-424b-9868-57a2d4851a1d" relativeResultsDirectory="c7b6f57f-a337-4bd4-8eb7-5c144f08dcdc" />
    <UnitTestResult executionId="d8f55f4f-10e3-46fe-a1de-0e3981a69654" testId="dba976e4-619d-1846-93cf-501dc328971c" testName="xUnitTestProject.CurrencyHelperTests.FormatToStringTest1000(price: 30533.30031120838, expected: &quot;30533.30 zł&quot;)" computerName="DESKTOP-5URQ9PB" duration="00:00:00.0000063" startTime="2022-06-13T21:15:00.0716856+02:00" endTime="2022-06-13T21:15:00.0716858+02:00" testType="13cdc9d9-ddb5-4fa4-a97d-d965ccfc6d4b" outcome="Passed" testListId="8c84fa94-04c1-424b-9868-57a2d4851a1d" relativeResultsDirectory="d8f55f4f-10e3-46fe-a1de-0e3981a69654" />
    <UnitTestResult executionId="78677b28-15fd-49fc-8690-a822d7bc2807" testId="7d53e462-1288-fbb2-1f6d-75cbd2a2eb44" testName="xUnitTestProject.CurrencyHelperTests.FormatToStringTest1000(price: 7004.710832051798, expected: &quot;7004.71 zł&quot;)" computerName="DESKTOP-5URQ9PB" duration="00:00:00.0000070" startTime="2022-06-13T21:15:00.1561789+02:00" endTime="2022-06-13T21:15:00.1561791+02:00" testType="13cdc9d9-ddb5-4fa4-a97d-d965ccfc6d4b" outcome="Passed" testListId="8c84fa94-04c1-424b-9868-57a2d4851a1d" relativeResultsDirectory="78677b28-15fd-49fc-8690-a822d7bc2807" />
    <UnitTestResult executionId="584e3458-d3b4-4b9b-86a0-c375a936574f" testId="a9730862-4522-ad92-1efa-cb822a9c946d" testName="xUnitTestProject.CurrencyHelperTests.FormatToStringTest1000(price: 64490.52771614982, expected: &quot;64490.53 zł&quot;)" computerName="DESKTOP-5URQ9PB" duration="00:00:00.0000059" startTime="2022-06-13T21:15:00.1766089+02:00" endTime="2022-06-13T21:15:00.1766091+02:00" testType="13cdc9d9-ddb5-4fa4-a97d-d965ccfc6d4b" outcome="Passed" testListId="8c84fa94-04c1-424b-9868-57a2d4851a1d" relativeResultsDirectory="584e3458-d3b4-4b9b-86a0-c375a936574f" />
    <UnitTestResult executionId="8daf78ac-bb11-4022-b43d-fc3fda7d0e79" testId="744b047e-9ee3-164d-c478-0183e3fd850c" testName="xUnitTestProject.CurrencyHelperTests.FormatToStringTest1000(price: 12610.563163818122, expected: &quot;12610.56 zł&quot;)" computerName="DESKTOP-5URQ9PB" duration="00:00:00.0000074" startTime="2022-06-13T21:15:00.1464118+02:00" endTime="2022-06-13T21:15:00.1464120+02:00" testType="13cdc9d9-ddb5-4fa4-a97d-d965ccfc6d4b" outcome="Passed" testListId="8c84fa94-04c1-424b-9868-57a2d4851a1d" relativeResultsDirectory="8daf78ac-bb11-4022-b43d-fc3fda7d0e79" />
    <UnitTestResult executionId="038be5bc-fbca-4eed-bb21-68d87a47de96" testId="c7c04760-2233-4819-4eb3-2daf180edff4" testName="xUnitTestProject.CurrencyHelperTests.FormatToStringTest1000(price: 238.1379397484185, expected: &quot;238.14 zł&quot;)" computerName="DESKTOP-5URQ9PB" duration="00:00:00.0000041" startTime="2022-06-13T21:15:00.1877163+02:00" endTime="2022-06-13T21:15:00.1877165+02:00" testType="13cdc9d9-ddb5-4fa4-a97d-d965ccfc6d4b" outcome="Passed" testListId="8c84fa94-04c1-424b-9868-57a2d4851a1d" relativeResultsDirectory="038be5bc-fbca-4eed-bb21-68d87a47de96" />
    <UnitTestResult executionId="18a6a533-6733-42dd-a161-5103f20b19c1" testId="e3939992-ed7f-a290-3278-0cb23f85c16d" testName="xUnitTestProject.CurrencyHelperTests.FormatToStringTest1000(price: 27027.327683509946, expected: &quot;27027.33 zł&quot;)" computerName="DESKTOP-5URQ9PB" duration="00:00:00.0000047" startTime="2022-06-13T21:15:00.0909050+02:00" endTime="2022-06-13T21:15:00.0909052+02:00" testType="13cdc9d9-ddb5-4fa4-a97d-d965ccfc6d4b" outcome="Passed" testListId="8c84fa94-04c1-424b-9868-57a2d4851a1d" relativeResultsDirectory="18a6a533-6733-42dd-a161-5103f20b19c1" />
    <UnitTestResult executionId="a39857aa-e408-404c-8a40-3010f6ae3a99" testId="e905c24a-e819-fe18-0852-b70c2080c17c" testName="xUnitTestProject.CurrencyHelperTests.FormatToStringTest1000(price: 23282.56178903047, expected: &quot;23282.56 zł&quot;)" computerName="DESKTOP-5URQ9PB" duration="00:00:00.0000110" startTime="2022-06-13T21:15:00.0985910+02:00" endTime="2022-06-13T21:15:00.0985911+02:00" testType="13cdc9d9-ddb5-4fa4-a97d-d965ccfc6d4b" outcome="Passed" testListId="8c84fa94-04c1-424b-9868-57a2d4851a1d" relativeResultsDirectory="a39857aa-e408-404c-8a40-3010f6ae3a99" />
    <UnitTestResult executionId="c042101a-2f41-43d3-a4ce-e7c8eb4c7237" testId="83af6274-cbc6-0821-9d1c-d71c57f5ac71" testName="xUnitTestProject.CurrencyHelperTests.FormatToStringTest1000(price: 2298.0331723829886, expected: &quot;2298.03 zł&quot;)" computerName="DESKTOP-5URQ9PB" duration="00:00:00.0000065" startTime="2022-06-13T21:15:00.0714477+02:00" endTime="2022-06-13T21:15:00.0714479+02:00" testType="13cdc9d9-ddb5-4fa4-a97d-d965ccfc6d4b" outcome="Passed" testListId="8c84fa94-04c1-424b-9868-57a2d4851a1d" relativeResultsDirectory="c042101a-2f41-43d3-a4ce-e7c8eb4c7237" />
    <UnitTestResult executionId="492ad4b9-7a6d-494a-8f43-018a117fad77" testId="fb80c2cc-1ba4-25ca-1501-33134270fed0" testName="xUnitTestProject.CurrencyHelperTests.FormatToStringTest1000(price: 32863.31705269558, expected: &quot;32863.32 zł&quot;)" computerName="DESKTOP-5URQ9PB" duration="00:00:00.0000041" startTime="2022-06-13T21:15:00.0622559+02:00" endTime="2022-06-13T21:15:00.0622564+02:00" testType="13cdc9d9-ddb5-4fa4-a97d-d965ccfc6d4b" outcome="Passed" testListId="8c84fa94-04c1-424b-9868-57a2d4851a1d" relativeResultsDirectory="492ad4b9-7a6d-494a-8f43-018a117fad77" />
    <UnitTestResult executionId="4166612e-de0e-440e-bd77-c4c125965a90" testId="0f785118-4101-2fda-f887-c7a86673e736" testName="xUnitTestProject.CurrencyHelperTests.FormatToStringTest1000(price: 13092.45389243609, expected: &quot;13092.45 zł&quot;)" computerName="DESKTOP-5URQ9PB" duration="00:00:00.0000083" startTime="2022-06-13T21:15:00.1123016+02:00" endTime="2022-06-13T21:15:00.1123017+02:00" testType="13cdc9d9-ddb5-4fa4-a97d-d965ccfc6d4b" outcome="Passed" testListId="8c84fa94-04c1-424b-9868-57a2d4851a1d" relativeResultsDirectory="4166612e-de0e-440e-bd77-c4c125965a90" />
    <UnitTestResult executionId="1e053bb5-ddca-4d3f-861b-5cfe925f4ccb" testId="ccb01d77-9abe-d52e-f6b1-1f27fb49d5d4" testName="xUnitTestProject.CurrencyHelperTests.FormatToStringTest1000(price: 2166.4103293970275, expected: &quot;2166.41 zł&quot;)" computerName="DESKTOP-5URQ9PB" duration="00:00:00.0000086" startTime="2022-06-13T21:15:00.1560031+02:00" endTime="2022-06-13T21:15:00.1560034+02:00" testType="13cdc9d9-ddb5-4fa4-a97d-d965ccfc6d4b" outcome="Passed" testListId="8c84fa94-04c1-424b-9868-57a2d4851a1d" relativeResultsDirectory="1e053bb5-ddca-4d3f-861b-5cfe925f4ccb" />
    <UnitTestResult executionId="1516bd4b-bfbb-4aac-b318-099c8ffdb06b" testId="e21002e6-50a6-5886-0d27-79e4c9ba2f92" testName="xUnitTestProject.CurrencyHelperTests.FormatToStringTest1000(price: 9603.199987620208, expected: &quot;9603.20 zł&quot;)" computerName="DESKTOP-5URQ9PB" duration="00:00:00.0000061" startTime="2022-06-13T21:15:00.1271301+02:00" endTime="2022-06-13T21:15:00.1271303+02:00" testType="13cdc9d9-ddb5-4fa4-a97d-d965ccfc6d4b" outcome="Passed" testListId="8c84fa94-04c1-424b-9868-57a2d4851a1d" relativeResultsDirectory="1516bd4b-bfbb-4aac-b318-099c8ffdb06b" />
    <UnitTestResult executionId="76f6dfe0-76be-4d21-8f67-68af20c654ff" testId="ad89a04b-1d6c-269b-831e-2a5afc742278" testName="xUnitTestProject.CurrencyHelperTests.FormatToStringTest1000(price: 15600.245951180927, expected: &quot;15600.25 zł&quot;)" computerName="DESKTOP-5URQ9PB" duration="00:00:00.0000041" startTime="2022-06-13T21:15:00.0962569+02:00" endTime="2022-06-13T21:15:00.0962573+02:00" testType="13cdc9d9-ddb5-4fa4-a97d-d965ccfc6d4b" outcome="Passed" testListId="8c84fa94-04c1-424b-9868-57a2d4851a1d" relativeResultsDirectory="76f6dfe0-76be-4d21-8f67-68af20c654ff" />
    <UnitTestResult executionId="c1944607-d2ab-433a-9b80-b9b74073e2c2" testId="90529360-95e5-c60b-5727-b5fa7d491b19" testName="xUnitTestProject.CurrencyHelperTests.FormatToStringTest1000(price: 34136.0993783046, expected: &quot;34136.10 zł&quot;)" computerName="DESKTOP-5URQ9PB" duration="00:00:00.0000059" startTime="2022-06-13T21:15:00.1496644+02:00" endTime="2022-06-13T21:15:00.1496646+02:00" testType="13cdc9d9-ddb5-4fa4-a97d-d965ccfc6d4b" outcome="Passed" testListId="8c84fa94-04c1-424b-9868-57a2d4851a1d" relativeResultsDirectory="c1944607-d2ab-433a-9b80-b9b74073e2c2" />
    <UnitTestResult executionId="e4c24a20-e73f-4991-82f9-173f06d5e57a" testId="9c12637d-98e9-60e9-4c3e-198e27a61c0f" testName="xUnitTestProject.CurrencyHelperTests.FormatToStringTest1000(price: 22743.19734205827, expected: &quot;22743.20 zł&quot;)" computerName="DESKTOP-5URQ9PB" duration="00:00:00.0000056" startTime="2022-06-13T21:15:00.1344134+02:00" endTime="2022-06-13T21:15:00.1344138+02:00" testType="13cdc9d9-ddb5-4fa4-a97d-d965ccfc6d4b" outcome="Passed" testListId="8c84fa94-04c1-424b-9868-57a2d4851a1d" relativeResultsDirectory="e4c24a20-e73f-4991-82f9-173f06d5e57a" />
    <UnitTestResult executionId="20f13933-623d-4329-b640-f0ef92a8ba17" testId="2b8726cc-d2f8-9e6e-5458-ee24b8425f17" testName="xUnitTestProject.CurrencyHelperTests.FormatToStringTest1000(price: 7592.950837113406, expected: &quot;7592.95 zł&quot;)" computerName="DESKTOP-5URQ9PB" duration="00:00:00.0000041" startTime="2022-06-13T21:15:00.1799463+02:00" endTime="2022-06-13T21:15:00.1799464+02:00" testType="13cdc9d9-ddb5-4fa4-a97d-d965ccfc6d4b" outcome="Passed" testListId="8c84fa94-04c1-424b-9868-57a2d4851a1d" relativeResultsDirectory="20f13933-623d-4329-b640-f0ef92a8ba17" />
    <UnitTestResult executionId="10ec075c-674d-41a2-b913-34a1ef176511" testId="31d901d5-0ee4-8f4e-13ca-73133c8afccc" testName="xUnitTestProject.CurrencyHelperTests.FormatToStringTest1000(price: 823.2747994560166, expected: &quot;823.27 zł&quot;)" computerName="DESKTOP-5URQ9PB" duration="00:00:00.0000054" startTime="2022-06-13T21:15:00.1355601+02:00" endTime="2022-06-13T21:15:00.1355602+02:00" testType="13cdc9d9-ddb5-4fa4-a97d-d965ccfc6d4b" outcome="Passed" testListId="8c84fa94-04c1-424b-9868-57a2d4851a1d" relativeResultsDirectory="10ec075c-674d-41a2-b913-34a1ef176511" />
    <UnitTestResult executionId="091427c6-2de8-47a1-9cbc-87a901523b1d" testId="38bf740f-4d67-502e-2cfd-d66470e846d5" testName="xUnitTestProject.CurrencyHelperTests.FormatToStringTest1000(price: 8347.417790138823, expected: &quot;8347.42 zł&quot;)" computerName="DESKTOP-5URQ9PB" duration="00:00:00.0000056" startTime="2022-06-13T21:15:00.1191624+02:00" endTime="2022-06-13T21:15:00.1191626+02:00" testType="13cdc9d9-ddb5-4fa4-a97d-d965ccfc6d4b" outcome="Passed" testListId="8c84fa94-04c1-424b-9868-57a2d4851a1d" relativeResultsDirectory="091427c6-2de8-47a1-9cbc-87a901523b1d" />
    <UnitTestResult executionId="c7bade54-4757-4208-85d7-dc6abea1d252" testId="3fad871b-7e9b-a4ff-8f1b-45e15f0c2efa" testName="xUnitTestProject.CurrencyHelperTests.FormatToStringTest1000(price: 69373.32129976773, expected: &quot;69373.32 zł&quot;)" computerName="DESKTOP-5URQ9PB" duration="00:00:00.0000060" startTime="2022-06-13T21:15:00.0790275+02:00" endTime="2022-06-13T21:15:00.0790279+02:00" testType="13cdc9d9-ddb5-4fa4-a97d-d965ccfc6d4b" outcome="Passed" testListId="8c84fa94-04c1-424b-9868-57a2d4851a1d" relativeResultsDirectory="c7bade54-4757-4208-85d7-dc6abea1d252" />
    <UnitTestResult executionId="25d85e0f-b965-41d8-858b-fa638395c74c" testId="2816ac64-5eac-8f30-91ba-bdceffb7dd71" testName="xUnitTestProject.CurrencyHelperTests.FormatToStringTest1000(price: 48684.26840475959, expected: &quot;48684.27 zł&quot;)" computerName="DESKTOP-5URQ9PB" duration="00:00:00.0000064" startTime="2022-06-13T21:15:00.1302549+02:00" endTime="2022-06-13T21:15:00.1302553+02:00" testType="13cdc9d9-ddb5-4fa4-a97d-d965ccfc6d4b" outcome="Passed" testListId="8c84fa94-04c1-424b-9868-57a2d4851a1d" relativeResultsDirectory="25d85e0f-b965-41d8-858b-fa638395c74c" />
    <UnitTestResult executionId="af174463-f5a7-4b2e-b9cc-0921b9f87052" testId="a9c621d8-eb9e-3cd1-2b29-ed69514bad1f" testName="xUnitTestProject.CurrencyHelperTests.FormatToStringTest1000(price: 28080.92507087669, expected: &quot;28080.93 zł&quot;)" computerName="DESKTOP-5URQ9PB" duration="00:00:00.0000082" startTime="2022-06-13T21:15:00.0716479+02:00" endTime="2022-06-13T21:15:00.0716480+02:00" testType="13cdc9d9-ddb5-4fa4-a97d-d965ccfc6d4b" outcome="Passed" testListId="8c84fa94-04c1-424b-9868-57a2d4851a1d" relativeResultsDirectory="af174463-f5a7-4b2e-b9cc-0921b9f87052" />
    <UnitTestResult executionId="1ba1cf6f-96ab-4137-b02e-1f2b6f54ae81" testId="80972e1e-3ff9-bf5c-296f-71aecb5aa2ee" testName="xUnitTestProject.CurrencyHelperTests.FormatToStringTest1000(price: 60323.066780431225, expected: &quot;60323.07 zł&quot;)" computerName="DESKTOP-5URQ9PB" duration="00:00:00.0000064" startTime="2022-06-13T21:15:00.1354717+02:00" endTime="2022-06-13T21:15:00.1354718+02:00" testType="13cdc9d9-ddb5-4fa4-a97d-d965ccfc6d4b" outcome="Passed" testListId="8c84fa94-04c1-424b-9868-57a2d4851a1d" relativeResultsDirectory="1ba1cf6f-96ab-4137-b02e-1f2b6f54ae81" />
    <UnitTestResult executionId="c02c3a95-058a-47cc-a50d-3093f81d6eed" testId="dd6f82bf-ec98-4f3e-74b1-00844a5994bf" testName="xUnitTestProject.CurrencyHelperTests.FormatToStringTest1000(price: 3431.864349926759, expected: &quot;3431.86 zł&quot;)" computerName="DESKTOP-5URQ9PB" duration="00:00:00.0000054" startTime="2022-06-13T21:15:00.1452028+02:00" endTime="2022-06-13T21:15:00.1452029+02:00" testType="13cdc9d9-ddb5-4fa4-a97d-d965ccfc6d4b" outcome="Passed" testListId="8c84fa94-04c1-424b-9868-57a2d4851a1d" relativeResultsDirectory="c02c3a95-058a-47cc-a50d-3093f81d6eed" />
    <UnitTestResult executionId="a1a52d44-e645-405b-9149-7c4719132db5" testId="1230a279-f763-f5b9-8b74-e3286d54a1e7" testName="xUnitTestProject.CurrencyHelperTests.FormatToStringTest1000(price: 1963.0091662979728, expected: &quot;1963.01 zł&quot;)" computerName="DESKTOP-5URQ9PB" duration="00:00:00.0000054" startTime="2022-06-13T21:15:00.0817099+02:00" endTime="2022-06-13T21:15:00.0817102+02:00" testType="13cdc9d9-ddb5-4fa4-a97d-d965ccfc6d4b" outcome="Passed" testListId="8c84fa94-04c1-424b-9868-57a2d4851a1d" relativeResultsDirectory="a1a52d44-e645-405b-9149-7c4719132db5" />
    <UnitTestResult executionId="8a96b6b0-0266-414f-a5af-2eaa7cca4960" testId="daa9a8b5-17c1-3a27-8cd4-720e13369df8" testName="xUnitTestProject.CurrencyHelperTests.FormatToStringTest1000(price: 56373.35086238494, expected: &quot;56373.35 zł&quot;)" computerName="DESKTOP-5URQ9PB" duration="00:00:00.0000053" startTime="2022-06-13T21:15:00.1364636+02:00" endTime="2022-06-13T21:15:00.1364638+02:00" testType="13cdc9d9-ddb5-4fa4-a97d-d965ccfc6d4b" outcome="Passed" testListId="8c84fa94-04c1-424b-9868-57a2d4851a1d" relativeResultsDirectory="8a96b6b0-0266-414f-a5af-2eaa7cca4960" />
    <UnitTestResult executionId="2de60934-8ab9-4e37-858d-2f2bee13f655" testId="54bc6f9e-1b35-cac3-f6ab-e594cab0fa7a" testName="xUnitTestProject.CurrencyHelperTests.FormatToStringTest1000(price: 17031.365705376662, expected: &quot;17031.37 zł&quot;)" computerName="DESKTOP-5URQ9PB" duration="00:00:00.0000083" startTime="2022-06-13T21:15:00.1698047+02:00" endTime="2022-06-13T21:15:00.1698051+02:00" testType="13cdc9d9-ddb5-4fa4-a97d-d965ccfc6d4b" outcome="Passed" testListId="8c84fa94-04c1-424b-9868-57a2d4851a1d" relativeResultsDirectory="2de60934-8ab9-4e37-858d-2f2bee13f655" />
    <UnitTestResult executionId="dfef67cf-690a-4d71-a6b8-166434d7a9e8" testId="c61ee3ae-8895-24a4-03be-5c9acbad429f" testName="xUnitTestProject.CurrencyHelperTests.FormatToStringTest1000(price: 20146.183073329827, expected: &quot;20146.18 zł&quot;)" computerName="DESKTOP-5URQ9PB" duration="00:00:00.0000044" startTime="2022-06-13T21:15:00.1833516+02:00" endTime="2022-06-13T21:15:00.1833518+02:00" testType="13cdc9d9-ddb5-4fa4-a97d-d965ccfc6d4b" outcome="Passed" testListId="8c84fa94-04c1-424b-9868-57a2d4851a1d" relativeResultsDirectory="dfef67cf-690a-4d71-a6b8-166434d7a9e8" />
    <UnitTestResult executionId="e60e7326-d421-4c6d-a6da-6c382761c135" testId="38b02068-987c-3dd3-28cd-9a07df85e95b" testName="xUnitTestProject.CurrencyHelperTests.FormatToStringTest1000(price: 5957.42161879941, expected: &quot;5957.42 zł&quot;)" computerName="DESKTOP-5URQ9PB" duration="00:00:00.0000056" startTime="2022-06-13T21:15:00.1907259+02:00" endTime="2022-06-13T21:15:00.1907260+02:00" testType="13cdc9d9-ddb5-4fa4-a97d-d965ccfc6d4b" outcome="Passed" testListId="8c84fa94-04c1-424b-9868-57a2d4851a1d" relativeResultsDirectory="e60e7326-d421-4c6d-a6da-6c382761c135" />
    <UnitTestResult executionId="ee508a90-605c-41c6-8567-30a199e56b0b" testId="40049265-1e97-9ed6-58fa-5d084054c7cc" testName="xUnitTestProject.CurrencyHelperTests.FormatToStringTest1000(price: 17835.54606576988, expected: &quot;17835.55 zł&quot;)" computerName="DESKTOP-5URQ9PB" duration="00:00:00.0000056" startTime="2022-06-13T21:15:00.1905742+02:00" endTime="2022-06-13T21:15:00.1905745+02:00" testType="13cdc9d9-ddb5-4fa4-a97d-d965ccfc6d4b" outcome="Passed" testListId="8c84fa94-04c1-424b-9868-57a2d4851a1d" relativeResultsDirectory="ee508a90-605c-41c6-8567-30a199e56b0b" />
    <UnitTestResult executionId="aa4d90a4-3c66-4881-8617-b35347edded3" testId="179615f5-c9e6-0457-24a4-7182fdaf1108" testName="xUnitTestProject.CurrencyHelperTests.FormatToStringTest1000(price: 47163.337736466594, expected: &quot;47163.34 zł&quot;)" computerName="DESKTOP-5URQ9PB" duration="00:00:00.0000051" startTime="2022-06-13T21:15:00.1722414+02:00" endTime="2022-06-13T21:15:00.1722416+02:00" testType="13cdc9d9-ddb5-4fa4-a97d-d965ccfc6d4b" outcome="Passed" testListId="8c84fa94-04c1-424b-9868-57a2d4851a1d" relativeResultsDirectory="aa4d90a4-3c66-4881-8617-b35347edded3" />
    <UnitTestResult executionId="41e0147c-0ed9-49d2-83b8-0d1d4cfcb830" testId="69eeb057-df94-2674-fba1-959c41ef1419" testName="xUnitTestProject.CurrencyHelperTests.FormatToStringTest1000(price: 87505.85936583664, expected: &quot;87505.86 zł&quot;)" computerName="DESKTOP-5URQ9PB" duration="00:00:00.0000056" startTime="2022-06-13T21:15:00.1171066+02:00" endTime="2022-06-13T21:15:00.1171068+02:00" testType="13cdc9d9-ddb5-4fa4-a97d-d965ccfc6d4b" outcome="Passed" testListId="8c84fa94-04c1-424b-9868-57a2d4851a1d" relativeResultsDirectory="41e0147c-0ed9-49d2-83b8-0d1d4cfcb830" />
    <UnitTestResult executionId="26bc8e3a-f038-4087-a015-94bf9ff43144" testId="0c407008-912c-f5cf-415d-950e444e81e2" testName="xUnitTestProject.CurrencyHelperTests.FormatToStringTest1000(price: 58111.21259843521, expected: &quot;58111.21 zł&quot;)" computerName="DESKTOP-5URQ9PB" duration="00:00:00.0000051" startTime="2022-06-13T21:15:00.0753500+02:00" endTime="2022-06-13T21:15:00.0753502+02:00" testType="13cdc9d9-ddb5-4fa4-a97d-d965ccfc6d4b" outcome="Passed" testListId="8c84fa94-04c1-424b-9868-57a2d4851a1d" relativeResultsDirectory="26bc8e3a-f038-4087-a015-94bf9ff43144" />
    <UnitTestResult executionId="74d33169-625b-4198-b318-7855f0cc8714" testId="0abcfe7a-76aa-b17b-ee97-af3fbbea9a33" testName="xUnitTestProject.CurrencyHelperTests.FormatToStringTest1000(price: 57525.72988993569, expected: &quot;57525.73 zł&quot;)" computerName="DESKTOP-5URQ9PB" duration="00:00:00.0000070" startTime="2022-06-13T21:15:00.1628011+02:00" endTime="2022-06-13T21:15:00.1628013+02:00" testType="13cdc9d9-ddb5-4fa4-a97d-d965ccfc6d4b" outcome="Passed" testListId="8c84fa94-04c1-424b-9868-57a2d4851a1d" relativeResultsDirectory="74d33169-625b-4198-b318-7855f0cc8714" />
    <UnitTestResult executionId="69b71d9a-9d11-49c1-8695-4d806bf097d7" testId="b07c6436-dbf7-0138-be42-b4b6d3d7e52c" testName="xUnitTestProject.CurrencyHelperTests.FormatToStringTest1000(price: 22791.735381432685, expected: &quot;22791.74 zł&quot;)" computerName="DESKTOP-5URQ9PB" duration="00:00:00.0000070" startTime="2022-06-13T21:15:00.1618778+02:00" endTime="2022-06-13T21:15:00.1618780+02:00" testType="13cdc9d9-ddb5-4fa4-a97d-d965ccfc6d4b" outcome="Passed" testListId="8c84fa94-04c1-424b-9868-57a2d4851a1d" relativeResultsDirectory="69b71d9a-9d11-49c1-8695-4d806bf097d7" />
    <UnitTestResult executionId="19ce5b44-3843-4193-89e8-29c5b242636f" testId="0fb54a08-345f-ee29-01d6-61a60fb47ced" testName="xUnitTestProject.CurrencyHelperTests.FormatToStringTest1000(price: 14712.754747761765, expected: &quot;14712.75 zł&quot;)" computerName="DESKTOP-5URQ9PB" duration="00:00:00.0000071" startTime="2022-06-13T21:15:00.1087667+02:00" endTime="2022-06-13T21:15:00.1087671+02:00" testType="13cdc9d9-ddb5-4fa4-a97d-d965ccfc6d4b" outcome="Passed" testListId="8c84fa94-04c1-424b-9868-57a2d4851a1d" relativeResultsDirectory="19ce5b44-3843-4193-89e8-29c5b242636f" />
    <UnitTestResult executionId="584c79b9-a22b-4bae-92e2-f8213be6a0eb" testId="d04a2ff8-d519-5ad7-fd64-a85e9b9ae68c" testName="xUnitTestProject.CurrencyHelperTests.FormatToStringTest1000(price: 5876.112133716285, expected: &quot;5876.11 zł&quot;)" computerName="DESKTOP-5URQ9PB" duration="00:00:00.0000053" startTime="2022-06-13T21:15:00.1461509+02:00" endTime="2022-06-13T21:15:00.1461511+02:00" testType="13cdc9d9-ddb5-4fa4-a97d-d965ccfc6d4b" outcome="Passed" testListId="8c84fa94-04c1-424b-9868-57a2d4851a1d" relativeResultsDirectory="584c79b9-a22b-4bae-92e2-f8213be6a0eb" />
    <UnitTestResult executionId="14696b76-ed79-4947-af32-861c3da4d0ae" testId="0d808795-ca9e-3ec0-5d7b-6c498dbb0495" testName="xUnitTestProject.CurrencyHelperTests.FormatToStringTest1000(price: 57436.33241095409, expected: &quot;57436.33 zł&quot;)" computerName="DESKTOP-5URQ9PB" duration="00:00:00.0000041" startTime="2022-06-13T21:15:00.1019395+02:00" endTime="2022-06-13T21:15:00.1019397+02:00" testType="13cdc9d9-ddb5-4fa4-a97d-d965ccfc6d4b" outcome="Passed" testListId="8c84fa94-04c1-424b-9868-57a2d4851a1d" relativeResultsDirectory="14696b76-ed79-4947-af32-861c3da4d0ae" />
    <UnitTestResult executionId="7b1a491e-143c-4af4-a454-233fc986f2ab" testId="599b5bdf-c3a2-ab45-0452-3da415351122" testName="xUnitTestProject.CurrencyHelperTests.FormatToStringTest1000(price: 16210.791556035536, expected: &quot;16210.79 zł&quot;)" computerName="DESKTOP-5URQ9PB" duration="00:00:00.0000063" startTime="2022-06-13T21:15:00.0919327+02:00" endTime="2022-06-13T21:15:00.0919329+02:00" testType="13cdc9d9-ddb5-4fa4-a97d-d965ccfc6d4b" outcome="Passed" testListId="8c84fa94-04c1-424b-9868-57a2d4851a1d" relativeResultsDirectory="7b1a491e-143c-4af4-a454-233fc986f2ab" />
    <UnitTestResult executionId="7fd1d22b-4815-490e-b30d-c76e9e1fd914" testId="cb40e0a5-2f70-a60d-407b-51d7d2d25955" testName="xUnitTestProject.CurrencyHelperTests.FormatToStringTest1000(price: 19071.681252896637, expected: &quot;19071.68 zł&quot;)" computerName="DESKTOP-5URQ9PB" duration="00:00:00.0000062" startTime="2022-06-13T21:15:00.1441709+02:00" endTime="2022-06-13T21:15:00.1441711+02:00" testType="13cdc9d9-ddb5-4fa4-a97d-d965ccfc6d4b" outcome="Passed" testListId="8c84fa94-04c1-424b-9868-57a2d4851a1d" relativeResultsDirectory="7fd1d22b-4815-490e-b30d-c76e9e1fd914" />
    <UnitTestResult executionId="0c140bd7-759f-4a58-90c1-2ea1fc3fda02" testId="eb3e6893-2377-abc3-6bc4-b22d25b0ece8" testName="xUnitTestProject.CurrencyHelperTests.FormatToStringTest1000(price: 44869.327020554025, expected: &quot;44869.33 zł&quot;)" computerName="DESKTOP-5URQ9PB" duration="00:00:00.0000044" startTime="2022-06-13T21:15:00.1843083+02:00" endTime="2022-06-13T21:15:00.1843087+02:00" testType="13cdc9d9-ddb5-4fa4-a97d-d965ccfc6d4b" outcome="Passed" testListId="8c84fa94-04c1-424b-9868-57a2d4851a1d" relativeResultsDirectory="0c140bd7-759f-4a58-90c1-2ea1fc3fda02" />
    <UnitTestResult executionId="2fae116d-2108-449a-9be0-5e24010e3f63" testId="3f543d31-d892-849e-9693-7ae2624b2c94" testName="xUnitTestProject.CurrencyHelperTests.FormatToStringTest1000(price: 33413.381276228174, expected: &quot;33413.38 zł&quot;)" computerName="DESKTOP-5URQ9PB" duration="00:00:00.0000041" startTime="2022-06-13T21:15:00.0874364+02:00" endTime="2022-06-13T21:15:00.0874366+02:00" testType="13cdc9d9-ddb5-4fa4-a97d-d965ccfc6d4b" outcome="Passed" testListId="8c84fa94-04c1-424b-9868-57a2d4851a1d" relativeResultsDirectory="2fae116d-2108-449a-9be0-5e24010e3f63" />
    <UnitTestResult executionId="25be596c-8038-4bdb-be43-4e5822c63b81" testId="38efd0dd-942e-1575-95b3-c2474aa164b9" testName="xUnitTestProject.CurrencyHelperTests.FormatToStringTest1000(price: 8901.937138443784, expected: &quot;8901.94 zł&quot;)" computerName="DESKTOP-5URQ9PB" duration="00:00:00.0000066" startTime="2022-06-13T21:15:00.1742724+02:00" endTime="2022-06-13T21:15:00.1742727+02:00" testType="13cdc9d9-ddb5-4fa4-a97d-d965ccfc6d4b" outcome="Passed" testListId="8c84fa94-04c1-424b-9868-57a2d4851a1d" relativeResultsDirectory="25be596c-8038-4bdb-be43-4e5822c63b81" />
    <UnitTestResult executionId="175f3b2f-4678-4bc8-8e8a-d498988f3ed9" testId="40134df2-77e4-6143-ea6f-23ae0fbd39f3" testName="xUnitTestProject.CurrencyHelperTests.FormatToStringTest1000(price: 25272.05048361283, expected: &quot;25272.05 zł&quot;)" computerName="DESKTOP-5URQ9PB" duration="00:00:00.0000050" startTime="2022-06-13T21:15:00.1844614+02:00" endTime="2022-06-13T21:15:00.1844616+02:00" testType="13cdc9d9-ddb5-4fa4-a97d-d965ccfc6d4b" outcome="Passed" testListId="8c84fa94-04c1-424b-9868-57a2d4851a1d" relativeResultsDirectory="175f3b2f-4678-4bc8-8e8a-d498988f3ed9" />
    <UnitTestResult executionId="e55981c1-8f93-4716-99d4-e751485765d5" testId="e1d79475-a361-3073-e286-53d8423f4048" testName="xUnitTestProject.CurrencyHelperTests.FormatToStringTest1000(price: 95353.10327693219, expected: &quot;95353.10 zł&quot;)" computerName="DESKTOP-5URQ9PB" duration="00:00:00.0000041" startTime="2022-06-13T21:15:00.0775720+02:00" endTime="2022-06-13T21:15:00.0775722+02:00" testType="13cdc9d9-ddb5-4fa4-a97d-d965ccfc6d4b" outcome="Passed" testListId="8c84fa94-04c1-424b-9868-57a2d4851a1d" relativeResultsDirectory="e55981c1-8f93-4716-99d4-e751485765d5" />
    <UnitTestResult executionId="f8d4bda4-63d2-45a9-a692-57cc71fe32e8" testId="a69afd9b-81e8-28e1-2371-18b74a947656" testName="xUnitTestProject.CurrencyHelperTests.FormatToStringTest1000(price: 12903.541202012237, expected: &quot;12903.54 zł&quot;)" computerName="DESKTOP-5URQ9PB" duration="00:00:00.0000051" startTime="2022-06-13T21:15:00.1040452+02:00" endTime="2022-06-13T21:15:00.1040456+02:00" testType="13cdc9d9-ddb5-4fa4-a97d-d965ccfc6d4b" outcome="Passed" testListId="8c84fa94-04c1-424b-9868-57a2d4851a1d" relativeResultsDirectory="f8d4bda4-63d2-45a9-a692-57cc71fe32e8" />
    <UnitTestResult executionId="17a8bfec-8ad3-4e16-aa84-40c9c06dfb71" testId="ead5e525-476c-e9b0-a913-d40736b344c3" testName="xUnitTestProject.CurrencyHelperTests.FormatToStringTest1000(price: 33245.44763357819, expected: &quot;33245.45 zł&quot;)" computerName="DESKTOP-5URQ9PB" duration="00:00:00.0000105" startTime="2022-06-13T21:15:00.1710867+02:00" endTime="2022-06-13T21:15:00.1710869+02:00" testType="13cdc9d9-ddb5-4fa4-a97d-d965ccfc6d4b" outcome="Passed" testListId="8c84fa94-04c1-424b-9868-57a2d4851a1d" relativeResultsDirectory="17a8bfec-8ad3-4e16-aa84-40c9c06dfb71" />
    <UnitTestResult executionId="8d78b7e1-aad6-404f-be2e-2eabbd52dc24" testId="0c859aba-4f30-51d2-a318-7300b0569a9b" testName="xUnitTestProject.CurrencyHelperTests.FormatToStringTest1000(price: 52020.805412759444, expected: &quot;52020.81 zł&quot;)" computerName="DESKTOP-5URQ9PB" duration="00:00:00.0000073" startTime="2022-06-13T21:15:00.1345070+02:00" endTime="2022-06-13T21:15:00.1345071+02:00" testType="13cdc9d9-ddb5-4fa4-a97d-d965ccfc6d4b" outcome="Passed" testListId="8c84fa94-04c1-424b-9868-57a2d4851a1d" relativeResultsDirectory="8d78b7e1-aad6-404f-be2e-2eabbd52dc24" />
    <UnitTestResult executionId="5e03cff8-8170-4338-b612-281921d14c1d" testId="c6561a8d-8639-fb30-9500-15f8be316902" testName="xUnitTestProject.CurrencyHelperTests.FormatToStringTest1000(price: 50009.23881716898, expected: &quot;50009.24 zł&quot;)" computerName="DESKTOP-5URQ9PB" duration="00:00:00.0000043" startTime="2022-06-13T21:15:00.0897640+02:00" endTime="2022-06-13T21:15:00.0897642+02:00" testType="13cdc9d9-ddb5-4fa4-a97d-d965ccfc6d4b" outcome="Passed" testListId="8c84fa94-04c1-424b-9868-57a2d4851a1d" relativeResultsDirectory="5e03cff8-8170-4338-b612-281921d14c1d" />
    <UnitTestResult executionId="6a3b06fd-72b3-4a7a-bba5-b4137e77d561" testId="595bfab0-5cd9-2edb-fcf1-e6874dc93e48" testName="xUnitTestProject.CurrencyHelperTests.FormatToStringTest1000(price: 13375.96341587415, expected: &quot;13375.96 zł&quot;)" computerName="DESKTOP-5URQ9PB" duration="00:00:00.0000041" startTime="2022-06-13T21:15:00.0792946+02:00" endTime="2022-06-13T21:15:00.0792948+02:00" testType="13cdc9d9-ddb5-4fa4-a97d-d965ccfc6d4b" outcome="Passed" testListId="8c84fa94-04c1-424b-9868-57a2d4851a1d" relativeResultsDirectory="6a3b06fd-72b3-4a7a-bba5-b4137e77d561" />
    <UnitTestResult executionId="af0d326b-e8f2-48c7-bea4-48c040f6799b" testId="537f8fc0-34c4-479b-bc61-34b31d069aae" testName="xUnitTestProject.CurrencyHelperTests.FormatToStringTest1000(price: 88489.14069749469, expected: &quot;88489.14 zł&quot;)" computerName="DESKTOP-5URQ9PB" duration="00:00:00.0000058" startTime="2022-06-13T21:15:00.1305588+02:00" endTime="2022-06-13T21:15:00.1305590+02:00" testType="13cdc9d9-ddb5-4fa4-a97d-d965ccfc6d4b" outcome="Passed" testListId="8c84fa94-04c1-424b-9868-57a2d4851a1d" relativeResultsDirectory="af0d326b-e8f2-48c7-bea4-48c040f6799b" />
    <UnitTestResult executionId="a11ceeda-0c5e-4453-acb0-954b049ad93d" testId="e01a9a2a-2030-6ab9-7db6-efea263590e2" testName="xUnitTestProject.CurrencyHelperTests.FormatToStringTest1000(price: 29796.909338079815, expected: &quot;29796.91 zł&quot;)" computerName="DESKTOP-5URQ9PB" duration="00:00:00.0000074" startTime="2022-06-13T21:15:00.1550200+02:00" endTime="2022-06-13T21:15:00.1550202+02:00" testType="13cdc9d9-ddb5-4fa4-a97d-d965ccfc6d4b" outcome="Passed" testListId="8c84fa94-04c1-424b-9868-57a2d4851a1d" relativeResultsDirectory="a11ceeda-0c5e-4453-acb0-954b049ad93d" />
    <UnitTestResult executionId="10b0ab96-0938-4118-a914-2b940dbb995b" testId="d14fe452-c75b-8f8a-1e11-a88113e31ccc" testName="xUnitTestProject.CurrencyHelperTests.FormatToStringTest1000(price: 40913.016669489916, expected: &quot;40913.02 zł&quot;)" computerName="DESKTOP-5URQ9PB" duration="00:00:00.0000041" startTime="2022-06-13T21:15:00.1043112+02:00" endTime="2022-06-13T21:15:00.1043114+02:00" testType="13cdc9d9-ddb5-4fa4-a97d-d965ccfc6d4b" outcome="Passed" testListId="8c84fa94-04c1-424b-9868-57a2d4851a1d" relativeResultsDirectory="10b0ab96-0938-4118-a914-2b940dbb995b" />
    <UnitTestResult executionId="3ef80d5e-1cf9-4df3-bb18-a1c1b3594dae" testId="61f864ac-97c4-6c85-0643-065c2cc97960" testName="xUnitTestProject.CurrencyHelperTests.FormatToStringTest1000(price: 11494.27761332238, expected: &quot;11494.28 zł&quot;)" computerName="DESKTOP-5URQ9PB" duration="00:00:00.0000066" startTime="2022-06-13T21:15:00.0738347+02:00" endTime="2022-06-13T21:15:00.0738351+02:00" testType="13cdc9d9-ddb5-4fa4-a97d-d965ccfc6d4b" outcome="Passed" testListId="8c84fa94-04c1-424b-9868-57a2d4851a1d" relativeResultsDirectory="3ef80d5e-1cf9-4df3-bb18-a1c1b3594dae" />
    <UnitTestResult executionId="1c0c0593-7325-4a89-9b7c-d73590be413b" testId="f3b15f6b-f00d-4e6c-f3c3-26bd7741dc5d" testName="xUnitTestProject.CurrencyHelperTests.FormatToStringTest1000(price: 35905.47425787219, expected: &quot;35905.47 zł&quot;)" computerName="DESKTOP-5URQ9PB" duration="00:00:00.0000041" startTime="2022-06-13T21:15:00.1007285+02:00" endTime="2022-06-13T21:15:00.1007287+02:00" testType="13cdc9d9-ddb5-4fa4-a97d-d965ccfc6d4b" outcome="Passed" testListId="8c84fa94-04c1-424b-9868-57a2d4851a1d" relativeResultsDirectory="1c0c0593-7325-4a89-9b7c-d73590be413b" />
    <UnitTestResult executionId="138bd373-67fd-424c-9ba0-cd0156e82e1a" testId="5e1c3933-e4f7-a4af-71e7-871c86d36adf" testName="xUnitTestProject.CurrencyHelperTests.FormatToStringTest1000(price: 18596.12661189033, expected: &quot;18596.13 zł&quot;)" computerName="DESKTOP-5URQ9PB" duration="00:00:00.0000060" startTime="2022-06-13T21:15:00.1171818+02:00" endTime="2022-06-13T21:15:00.1171820+02:00" testType="13cdc9d9-ddb5-4fa4-a97d-d965ccfc6d4b" outcome="Passed" testListId="8c84fa94-04c1-424b-9868-57a2d4851a1d" relativeResultsDirectory="138bd373-67fd-424c-9ba0-cd0156e82e1a" />
    <UnitTestResult executionId="8bebabde-fc02-4e3d-a79a-54e23c66720b" testId="0a42a686-a011-6952-a95e-fae33dbe0b19" testName="xUnitTestProject.CurrencyHelperTests.FormatToStringTest1000(price: 26515.80237687929, expected: &quot;26515.80 zł&quot;)" computerName="DESKTOP-5URQ9PB" duration="00:00:00.0000045" startTime="2022-06-13T21:15:00.1745726+02:00" endTime="2022-06-13T21:15:00.1745728+02:00" testType="13cdc9d9-ddb5-4fa4-a97d-d965ccfc6d4b" outcome="Passed" testListId="8c84fa94-04c1-424b-9868-57a2d4851a1d" relativeResultsDirectory="8bebabde-fc02-4e3d-a79a-54e23c66720b" />
    <UnitTestResult executionId="6dfd2cf8-59ea-4523-bf1d-73c7911ddf32" testId="72e011e2-bf27-7ea5-75f9-295f8504211f" testName="xUnitTestProject.CurrencyHelperTests.FormatToStringTest1000(price: 40889.35187774214, expected: &quot;40889.35 zł&quot;)" computerName="DESKTOP-5URQ9PB" duration="00:00:00.0000054" startTime="2022-06-13T21:15:00.1584420+02:00" endTime="2022-06-13T21:15:00.1584422+02:00" testType="13cdc9d9-ddb5-4fa4-a97d-d965ccfc6d4b" outcome="Passed" testListId="8c84fa94-04c1-424b-9868-57a2d4851a1d" relativeResultsDirectory="6dfd2cf8-59ea-4523-bf1d-73c7911ddf32" />
    <UnitTestResult executionId="21c7b2a7-4a76-4d98-968b-13c02a779954" testId="53a23bf0-6e98-cb61-d489-afed97d56bcf" testName="xUnitTestProject.CurrencyHelperTests.FormatToStringTest1000(price: 49256.65708813195, expected: &quot;49256.66 zł&quot;)" computerName="DESKTOP-5URQ9PB" duration="00:00:00.0000043" startTime="2022-06-13T21:15:00.0568613+02:00" endTime="2022-06-13T21:15:00.0568619+02:00" testType="13cdc9d9-ddb5-4fa4-a97d-d965ccfc6d4b" outcome="Passed" testListId="8c84fa94-04c1-424b-9868-57a2d4851a1d" relativeResultsDirectory="21c7b2a7-4a76-4d98-968b-13c02a779954" />
    <UnitTestResult executionId="a3136ea3-31ac-42b4-8e04-0431ec3e197a" testId="adafe729-87a5-6f47-8e2f-84195056d442" testName="xUnitTestProject.CurrencyHelperTests.FormatToStringTest1000(price: 55457.96873490278, expected: &quot;55457.97 zł&quot;)" computerName="DESKTOP-5URQ9PB" duration="00:00:00.0000065" startTime="2022-06-13T21:15:00.1149024+02:00" endTime="2022-06-13T21:15:00.1149026+02:00" testType="13cdc9d9-ddb5-4fa4-a97d-d965ccfc6d4b" outcome="Passed" testListId="8c84fa94-04c1-424b-9868-57a2d4851a1d" relativeResultsDirectory="a3136ea3-31ac-42b4-8e04-0431ec3e197a" />
    <UnitTestResult executionId="ec13b557-1abc-4652-bea6-a1e3fee3d853" testId="8a663fa2-76ee-caf2-967f-999f9c7a5bb3" testName="xUnitTestProject.CurrencyHelperTests.FormatToStringTest1000(price: 55030.929183896136, expected: &quot;55030.93 zł&quot;)" computerName="DESKTOP-5URQ9PB" duration="00:00:00.0000049" startTime="2022-06-13T21:15:00.1041999+02:00" endTime="2022-06-13T21:15:00.1042000+02:00" testType="13cdc9d9-ddb5-4fa4-a97d-d965ccfc6d4b" outcome="Passed" testListId="8c84fa94-04c1-424b-9868-57a2d4851a1d" relativeResultsDirectory="ec13b557-1abc-4652-bea6-a1e3fee3d853" />
    <UnitTestResult executionId="8d1d2a3a-708b-4c6a-879b-082370a4b1d9" testId="979704d6-636b-33ea-e33f-cc67613aefb0" testName="xUnitTestProject.CurrencyHelperTests.FormatToStringTest1000(price: 11829.625994884234, expected: &quot;11829.63 zł&quot;)" computerName="DESKTOP-5URQ9PB" duration="00:00:00.0000050" startTime="2022-06-13T21:15:00.0896892+02:00" endTime="2022-06-13T21:15:00.0896894+02:00" testType="13cdc9d9-ddb5-4fa4-a97d-d965ccfc6d4b" outcome="Passed" testListId="8c84fa94-04c1-424b-9868-57a2d4851a1d" relativeResultsDirectory="8d1d2a3a-708b-4c6a-879b-082370a4b1d9" />
    <UnitTestResult executionId="af3f9607-575c-4fed-8d43-8aecb1e39ed6" testId="13dfd982-ae8a-b137-0e11-07b0f29632c1" testName="xUnitTestProject.CurrencyHelperTests.FormatToStringTest1000(price: 13046.352146307172, expected: &quot;13046.35 zł&quot;)" computerName="DESKTOP-5URQ9PB" duration="00:00:00.0000041" startTime="2022-06-13T21:15:00.0638333+02:00" endTime="2022-06-13T21:15:00.0638335+02:00" testType="13cdc9d9-ddb5-4fa4-a97d-d965ccfc6d4b" outcome="Passed" testListId="8c84fa94-04c1-424b-9868-57a2d4851a1d" relativeResultsDirectory="af3f9607-575c-4fed-8d43-8aecb1e39ed6" />
    <UnitTestResult executionId="160c388f-4640-4afe-9cf9-a5c0ba724651" testId="11e8e2ed-c8a3-dabc-7293-c381795c9796" testName="xUnitTestProject.CurrencyHelperTests.FormatToStringTest1000(price: 46590.9609819562, expected: &quot;46590.96 zł&quot;)" computerName="DESKTOP-5URQ9PB" duration="00:00:00.0000074" startTime="2022-06-13T21:15:00.1414859+02:00" endTime="2022-06-13T21:15:00.1414864+02:00" testType="13cdc9d9-ddb5-4fa4-a97d-d965ccfc6d4b" outcome="Passed" testListId="8c84fa94-04c1-424b-9868-57a2d4851a1d" relativeResultsDirectory="160c388f-4640-4afe-9cf9-a5c0ba724651" />
    <UnitTestResult executionId="d71c123d-fc3a-45df-9de9-0033f351ecf5" testId="4fa0fe8a-60b4-1b4b-175d-a18573723ba2" testName="xUnitTestProject.CurrencyHelperTests.FormatToStringTest1000(price: 16190.113943164757, expected: &quot;16190.11 zł&quot;)" computerName="DESKTOP-5URQ9PB" duration="00:00:00.0000055" startTime="2022-06-13T21:15:00.1386530+02:00" endTime="2022-06-13T21:15:00.1386535+02:00" testType="13cdc9d9-ddb5-4fa4-a97d-d965ccfc6d4b" outcome="Passed" testListId="8c84fa94-04c1-424b-9868-57a2d4851a1d" relativeResultsDirectory="d71c123d-fc3a-45df-9de9-0033f351ecf5" />
    <UnitTestResult executionId="d0788b47-9713-43bb-8c2b-528698d2fdf8" testId="324dfaf0-1df1-16d9-feec-f79f54001411" testName="xUnitTestProject.CurrencyHelperTests.FormatToStringTest1000(price: 30383.303633991305, expected: &quot;30383.30 zł&quot;)" computerName="DESKTOP-5URQ9PB" duration="00:00:00.0000076" startTime="2022-06-13T21:15:00.1268465+02:00" endTime="2022-06-13T21:15:00.1268470+02:00" testType="13cdc9d9-ddb5-4fa4-a97d-d965ccfc6d4b" outcome="Passed" testListId="8c84fa94-04c1-424b-9868-57a2d4851a1d" relativeResultsDirectory="d0788b47-9713-43bb-8c2b-528698d2fdf8" />
    <UnitTestResult executionId="d56e4da1-15cc-4991-b8c6-37378bfaa5ae" testId="f15540c1-ce27-2f60-c3f9-161af09be8cd" testName="xUnitTestProject.CurrencyHelperTests.FormatToStringTest1000(price: 57713.01647853712, expected: &quot;57713.02 zł&quot;)" computerName="DESKTOP-5URQ9PB" duration="00:00:00.0000046" startTime="2022-06-13T21:15:00.1744247+02:00" endTime="2022-06-13T21:15:00.1744249+02:00" testType="13cdc9d9-ddb5-4fa4-a97d-d965ccfc6d4b" outcome="Passed" testListId="8c84fa94-04c1-424b-9868-57a2d4851a1d" relativeResultsDirectory="d56e4da1-15cc-4991-b8c6-37378bfaa5ae" />
    <UnitTestResult executionId="da9f907e-148f-4f7e-b8e2-d50cc182e1d9" testId="c6af2688-b6d7-1499-ef57-908aefcce6dc" testName="xUnitTestProject.CurrencyHelperTests.FormatToStringTest1000(price: 37561.969571757116, expected: &quot;37561.97 zł&quot;)" computerName="DESKTOP-5URQ9PB" duration="00:00:00.0000062" startTime="2022-06-13T21:15:00.0752704+02:00" endTime="2022-06-13T21:15:00.0752706+02:00" testType="13cdc9d9-ddb5-4fa4-a97d-d965ccfc6d4b" outcome="Passed" testListId="8c84fa94-04c1-424b-9868-57a2d4851a1d" relativeResultsDirectory="da9f907e-148f-4f7e-b8e2-d50cc182e1d9" />
    <UnitTestResult executionId="12a06c79-748b-4757-afeb-ed28bb12cc80" testId="cbfda56e-8c0a-ba07-a0f8-119519aa985c" testName="xUnitTestProject.CurrencyHelperTests.FormatToStringTest1000(price: 37889.10086727193, expected: &quot;37889.10 zł&quot;)" computerName="DESKTOP-5URQ9PB" duration="00:00:00.0000041" startTime="2022-06-13T21:15:00.0774177+02:00" endTime="2022-06-13T21:15:00.0774179+02:00" testType="13cdc9d9-ddb5-4fa4-a97d-d965ccfc6d4b" outcome="Passed" testListId="8c84fa94-04c1-424b-9868-57a2d4851a1d" relativeResultsDirectory="12a06c79-748b-4757-afeb-ed28bb12cc80" />
    <UnitTestResult executionId="4baf44a0-ef7c-4e36-a7f0-d5d94ac13860" testId="e54868c5-e23a-96f9-bd57-052b8e9f25f9" testName="xUnitTestProject.CurrencyHelperTests.FormatToStringTest1000(price: 8768.816937361293, expected: &quot;8768.82 zł&quot;)" computerName="DESKTOP-5URQ9PB" duration="00:00:00.0000044" startTime="2022-06-13T21:15:00.1854965+02:00" endTime="2022-06-13T21:15:00.1854966+02:00" testType="13cdc9d9-ddb5-4fa4-a97d-d965ccfc6d4b" outcome="Passed" testListId="8c84fa94-04c1-424b-9868-57a2d4851a1d" relativeResultsDirectory="4baf44a0-ef7c-4e36-a7f0-d5d94ac13860" />
    <UnitTestResult executionId="d8f3a185-1c41-4c27-8788-f4eb14023535" testId="bac2e760-c57c-379d-cca8-5272b1f0e7e5" testName="xUnitTestProject.CurrencyHelperTests.FormatToStringTest1000(price: 6035.818653228608, expected: &quot;6035.82 zł&quot;)" computerName="DESKTOP-5URQ9PB" duration="00:00:00.0000041" startTime="2022-06-13T21:15:00.1031685+02:00" endTime="2022-06-13T21:15:00.1031687+02:00" testType="13cdc9d9-ddb5-4fa4-a97d-d965ccfc6d4b" outcome="Passed" testListId="8c84fa94-04c1-424b-9868-57a2d4851a1d" relativeResultsDirectory="d8f3a185-1c41-4c27-8788-f4eb14023535" />
    <UnitTestResult executionId="2d187f24-aba4-482d-aa26-b709ea2d3639" testId="444b6055-8e36-cf16-2594-6f26fe677cd1" testName="xUnitTestProject.CurrencyHelperTests.FormatToStringTest1000(price: 37528.70144368368, expected: &quot;37528.70 zł&quot;)" computerName="DESKTOP-5URQ9PB" duration="00:00:00.0000068" startTime="2022-06-13T21:15:00.1008393+02:00" endTime="2022-06-13T21:15:00.1008395+02:00" testType="13cdc9d9-ddb5-4fa4-a97d-d965ccfc6d4b" outcome="Passed" testListId="8c84fa94-04c1-424b-9868-57a2d4851a1d" relativeResultsDirectory="2d187f24-aba4-482d-aa26-b709ea2d3639" />
    <UnitTestResult executionId="7e535f8e-2720-40ab-85c6-b76e43ddbd4f" testId="5554cc9d-410c-0a03-5c37-393e64fd2d26" testName="xUnitTestProject.CurrencyHelperTests.FormatToStringTest1000(price: 54088.326214851964, expected: &quot;54088.33 zł&quot;)" computerName="DESKTOP-5URQ9PB" duration="00:00:00.0000067" startTime="2022-06-13T21:15:00.0853752+02:00" endTime="2022-06-13T21:15:00.0853754+02:00" testType="13cdc9d9-ddb5-4fa4-a97d-d965ccfc6d4b" outcome="Passed" testListId="8c84fa94-04c1-424b-9868-57a2d4851a1d" relativeResultsDirectory="7e535f8e-2720-40ab-85c6-b76e43ddbd4f" />
    <UnitTestResult executionId="cfad27af-948b-4402-a375-4a2859e95f43" testId="bafee3ee-9889-56d2-8e3d-2c651a7649c3" testName="xUnitTestProject.CurrencyHelperTests.FormatToStringTest1000(price: 10857.521742201186, expected: &quot;10857.52 zł&quot;)" computerName="DESKTOP-5URQ9PB" duration="00:00:00.0000061" startTime="2022-06-13T21:15:00.0467108+02:00" endTime="2022-06-13T21:15:00.0467110+02:00" testType="13cdc9d9-ddb5-4fa4-a97d-d965ccfc6d4b" outcome="Passed" testListId="8c84fa94-04c1-424b-9868-57a2d4851a1d" relativeResultsDirectory="cfad27af-948b-4402-a375-4a2859e95f43" />
    <UnitTestResult executionId="51b6f40e-7885-4b99-8a8c-1732e80e35e0" testId="ad51f424-6928-1bb2-fff3-55ef9dbab945" testName="xUnitTestProject.CurrencyHelperTests.FormatToStringTest1000(price: 5140.16338917155, expected: &quot;5140.16 zł&quot;)" computerName="DESKTOP-5URQ9PB" duration="00:00:00.0000041" startTime="2022-06-13T21:15:00.0918575+02:00" endTime="2022-06-13T21:15:00.0918577+02:00" testType="13cdc9d9-ddb5-4fa4-a97d-d965ccfc6d4b" outcome="Passed" testListId="8c84fa94-04c1-424b-9868-57a2d4851a1d" relativeResultsDirectory="51b6f40e-7885-4b99-8a8c-1732e80e35e0" />
    <UnitTestResult executionId="43717f85-a56e-4751-a1cb-b7854ea55f6b" testId="434a8caa-9318-d21d-4a14-8dc7214b55eb" testName="xUnitTestProject.CurrencyHelperTests.FormatToStringTest1000(price: 35145.379208063416, expected: &quot;35145.38 zł&quot;)" computerName="DESKTOP-5URQ9PB" duration="00:00:00.0000045" startTime="2022-06-13T21:15:00.1789844+02:00" endTime="2022-06-13T21:15:00.1789846+02:00" testType="13cdc9d9-ddb5-4fa4-a97d-d965ccfc6d4b" outcome="Passed" testListId="8c84fa94-04c1-424b-9868-57a2d4851a1d" relativeResultsDirectory="43717f85-a56e-4751-a1cb-b7854ea55f6b" />
    <UnitTestResult executionId="2288ccf0-4324-4ba6-a7e3-6b32216069cb" testId="128fe360-ca56-c4c9-0f07-7350435e34a3" testName="xUnitTestProject.CurrencyHelperTests.FormatToStringTest1000(price: 16208.076866391615, expected: &quot;16208.08 zł&quot;)" computerName="DESKTOP-5URQ9PB" duration="00:00:00.0000041" startTime="2022-06-13T21:15:00.0776294+02:00" endTime="2022-06-13T21:15:00.0776299+02:00" testType="13cdc9d9-ddb5-4fa4-a97d-d965ccfc6d4b" outcome="Passed" testListId="8c84fa94-04c1-424b-9868-57a2d4851a1d" relativeResultsDirectory="2288ccf0-4324-4ba6-a7e3-6b32216069cb" />
    <UnitTestResult executionId="742f3212-8309-49c5-9d0e-289941ec6b26" testId="1d271909-1898-128b-21ec-f802c1979d9e" testName="xUnitTestProject.CurrencyHelperTests.FormatToStringTest1000(price: 3588.260979617136, expected: &quot;3588.26 zł&quot;)" computerName="DESKTOP-5URQ9PB" duration="00:00:00.0000041" startTime="2022-06-13T21:15:00.1854590+02:00" endTime="2022-06-13T21:15:00.1854592+02:00" testType="13cdc9d9-ddb5-4fa4-a97d-d965ccfc6d4b" outcome="Passed" testListId="8c84fa94-04c1-424b-9868-57a2d4851a1d" relativeResultsDirectory="742f3212-8309-49c5-9d0e-289941ec6b26" />
    <UnitTestResult executionId="a59eec40-3fd5-4c09-9290-89a8b776145e" testId="248dc14a-7b24-2159-ea3a-30144e961aa7" testName="xUnitTestProject.CurrencyHelperTests.FormatToStringTest1000(price: 48544.390887578666, expected: &quot;48544.39 zł&quot;)" computerName="DESKTOP-5URQ9PB" duration="00:00:00.0000059" startTime="2022-06-13T21:15:00.1942959+02:00" endTime="2022-06-13T21:15:00.1942962+02:00" testType="13cdc9d9-ddb5-4fa4-a97d-d965ccfc6d4b" outcome="Passed" testListId="8c84fa94-04c1-424b-9868-57a2d4851a1d" relativeResultsDirectory="a59eec40-3fd5-4c09-9290-89a8b776145e" />
    <UnitTestResult executionId="5680ca63-6a19-45c6-ab40-ee6120268cb5" testId="e97847d9-9bdd-db77-8bd9-477fffb0c503" testName="xUnitTestProject.CurrencyHelperTests.FormatToStringTest1000(price: 765.778932784581, expected: &quot;765.78 zł&quot;)" computerName="DESKTOP-5URQ9PB" duration="00:00:00.0000054" startTime="2022-06-13T21:15:00.1605208+02:00" endTime="2022-06-13T21:15:00.1605210+02:00" testType="13cdc9d9-ddb5-4fa4-a97d-d965ccfc6d4b" outcome="Passed" testListId="8c84fa94-04c1-424b-9868-57a2d4851a1d" relativeResultsDirectory="5680ca63-6a19-45c6-ab40-ee6120268cb5" />
    <UnitTestResult executionId="0dea48b3-b6d2-45ea-b08f-89952b3da00e" testId="b163eddc-fed2-8a3f-de92-54285bf94b6d" testName="xUnitTestProject.CurrencyHelperTests.FormatToStringTest1000(price: 6838.422316571894, expected: &quot;6838.42 zł&quot;)" computerName="DESKTOP-5URQ9PB" duration="00:00:00.0000041" startTime="2022-06-13T21:15:00.1822841+02:00" endTime="2022-06-13T21:15:00.1822843+02:00" testType="13cdc9d9-ddb5-4fa4-a97d-d965ccfc6d4b" outcome="Passed" testListId="8c84fa94-04c1-424b-9868-57a2d4851a1d" relativeResultsDirectory="0dea48b3-b6d2-45ea-b08f-89952b3da00e" />
    <UnitTestResult executionId="597e90fc-adc0-407d-99d8-2095a5509999" testId="eaa6b024-a03d-d1dd-abf3-1b023d2d51e1" testName="xUnitTestProject.CurrencyHelperTests.FormatToStringTest1000(price: 7594.279030504766, expected: &quot;7594.28 zł&quot;)" computerName="DESKTOP-5URQ9PB" duration="00:00:00.0000055" startTime="2022-06-13T21:15:00.1389230+02:00" endTime="2022-06-13T21:15:00.1389232+02:00" testType="13cdc9d9-ddb5-4fa4-a97d-d965ccfc6d4b" outcome="Passed" testListId="8c84fa94-04c1-424b-9868-57a2d4851a1d" relativeResultsDirectory="597e90fc-adc0-407d-99d8-2095a5509999" />
    <UnitTestResult executionId="9c957ceb-522a-4de6-b779-a4dd41f237b2" testId="2fe7dd20-7d34-4621-c4bd-6f2ec94c5407" testName="xUnitTestProject.CurrencyHelperTests.FormatToStringTest1000(price: 4105.490993980081, expected: &quot;4105.49 zł&quot;)" computerName="DESKTOP-5URQ9PB" duration="00:00:00.0000056" startTime="2022-06-13T21:15:00.1595033+02:00" endTime="2022-06-13T21:15:00.1595035+02:00" testType="13cdc9d9-ddb5-4fa4-a97d-d965ccfc6d4b" outcome="Passed" testListId="8c84fa94-04c1-424b-9868-57a2d4851a1d" relativeResultsDirectory="9c957ceb-522a-4de6-b779-a4dd41f237b2" />
    <UnitTestResult executionId="ffa92f68-0417-4518-92a7-f91c6ae8e018" testId="30e1c064-5a9f-94cf-3bb0-81267bf9f82e" testName="xUnitTestProject.CurrencyHelperTests.FormatToStringTest1000(price: 11989.099505855282, expected: &quot;11989.10 zł&quot;)" computerName="DESKTOP-5URQ9PB" duration="00:00:00.0000067" startTime="2022-06-13T21:15:00.1486041+02:00" endTime="2022-06-13T21:15:00.1486043+02:00" testType="13cdc9d9-ddb5-4fa4-a97d-d965ccfc6d4b" outcome="Passed" testListId="8c84fa94-04c1-424b-9868-57a2d4851a1d" relativeResultsDirectory="ffa92f68-0417-4518-92a7-f91c6ae8e018" />
    <UnitTestResult executionId="ebeaf90c-8b82-4939-9ecf-956d11d959a5" testId="33ba7c37-d825-e74e-e294-1a6f561fb224" testName="xUnitTestProject.CurrencyHelperTests.FormatToStringTest1000(price: 22248.263319677797, expected: &quot;22248.26 zł&quot;)" computerName="DESKTOP-5URQ9PB" duration="00:00:00.0000080" startTime="2022-06-13T21:15:00.1136195+02:00" endTime="2022-06-13T21:15:00.1136197+02:00" testType="13cdc9d9-ddb5-4fa4-a97d-d965ccfc6d4b" outcome="Passed" testListId="8c84fa94-04c1-424b-9868-57a2d4851a1d" relativeResultsDirectory="ebeaf90c-8b82-4939-9ecf-956d11d959a5" />
    <UnitTestResult executionId="a45f0035-dcfa-4014-b24b-1b8e0f56e02a" testId="0ee739fa-dfa4-5ef5-1b22-8fe2862978a3" testName="xUnitTestProject.CurrencyHelperTests.FormatToStringTest1000(price: 5279.315995182524, expected: &quot;5279.32 zł&quot;)" computerName="DESKTOP-5URQ9PB" duration="00:00:00.0000075" startTime="2022-06-13T21:15:00.1345952+02:00" endTime="2022-06-13T21:15:00.1345953+02:00" testType="13cdc9d9-ddb5-4fa4-a97d-d965ccfc6d4b" outcome="Passed" testListId="8c84fa94-04c1-424b-9868-57a2d4851a1d" relativeResultsDirectory="a45f0035-dcfa-4014-b24b-1b8e0f56e02a" />
    <UnitTestResult executionId="6de0ba59-5a53-4304-86b6-7a1db494a0aa" testId="d1db99c9-780d-a1a8-cf4e-cc5ed7bbc5dc" testName="xUnitTestProject.CurrencyHelperTests.FormatToStringTest1000(price: 66764.31690498316, expected: &quot;66764.32 zł&quot;)" computerName="DESKTOP-5URQ9PB" duration="00:00:00.0000054" startTime="2022-06-13T21:15:00.1405579+02:00" endTime="2022-06-13T21:15:00.1405581+02:00" testType="13cdc9d9-ddb5-4fa4-a97d-d965ccfc6d4b" outcome="Passed" testListId="8c84fa94-04c1-424b-9868-57a2d4851a1d" relativeResultsDirectory="6de0ba59-5a53-4304-86b6-7a1db494a0aa" />
    <UnitTestResult executionId="3d4e5bd8-f617-4015-a7ee-19b7eb6116df" testId="69ed80be-ebbe-cd3a-42e2-f7807046c259" testName="xUnitTestProject.CurrencyHelperTests.FormatToStringTest1000(price: 36211.11038300866, expected: &quot;36211.11 zł&quot;)" computerName="DESKTOP-5URQ9PB" duration="00:00:00.0000043" startTime="2022-06-13T21:15:00.1866148+02:00" endTime="2022-06-13T21:15:00.1866150+02:00" testType="13cdc9d9-ddb5-4fa4-a97d-d965ccfc6d4b" outcome="Passed" testListId="8c84fa94-04c1-424b-9868-57a2d4851a1d" relativeResultsDirectory="3d4e5bd8-f617-4015-a7ee-19b7eb6116df" />
    <UnitTestResult executionId="7423ad24-1c38-42a6-85c0-c0b13eafbf0e" testId="48480e6e-913f-e95b-4a6c-465d36475b6a" testName="xUnitTestProject.CurrencyHelperTests.FormatToStringTest1000(price: 24476.442216712254, expected: &quot;24476.44 zł&quot;)" computerName="DESKTOP-5URQ9PB" duration="00:00:00.0000056" startTime="2022-06-13T21:15:00.1335999+02:00" endTime="2022-06-13T21:15:00.1336001+02:00" testType="13cdc9d9-ddb5-4fa4-a97d-d965ccfc6d4b" outcome="Passed" testListId="8c84fa94-04c1-424b-9868-57a2d4851a1d" relativeResultsDirectory="7423ad24-1c38-42a6-85c0-c0b13eafbf0e" />
    <UnitTestResult executionId="424aba56-da99-4891-ab66-1e9374950aa6" testId="31700bf4-6510-c80b-a8c1-214e5c472432" testName="xUnitTestProject.CurrencyHelperTests.FormatToStringTest1000(price: 6676.5680544784145, expected: &quot;6676.57 zł&quot;)" computerName="DESKTOP-5URQ9PB" duration="00:00:00.0000047" startTime="2022-06-13T21:15:00.0863273+02:00" endTime="2022-06-13T21:15:00.0863274+02:00" testType="13cdc9d9-ddb5-4fa4-a97d-d965ccfc6d4b" outcome="Passed" testListId="8c84fa94-04c1-424b-9868-57a2d4851a1d" relativeResultsDirectory="424aba56-da99-4891-ab66-1e9374950aa6" />
    <UnitTestResult executionId="9ce713d3-65b1-4de8-8061-ab07d83d0c77" testId="8e40a9d7-b14a-a165-b4bc-258c3936dfbd" testName="xUnitTestProject.CurrencyHelperTests.FormatToStringTest1000(price: 1676.7913981754293, expected: &quot;1676.79 zł&quot;)" computerName="DESKTOP-5URQ9PB" duration="00:00:00.0000051" startTime="2022-06-13T21:15:00.1585538+02:00" endTime="2022-06-13T21:15:00.1585540+02:00" testType="13cdc9d9-ddb5-4fa4-a97d-d965ccfc6d4b" outcome="Passed" testListId="8c84fa94-04c1-424b-9868-57a2d4851a1d" relativeResultsDirectory="9ce713d3-65b1-4de8-8061-ab07d83d0c77" />
    <UnitTestResult executionId="71e64562-c461-4325-be85-7c9fe858165d" testId="186c8c1a-303f-5daa-ee87-7bdde9795321" testName="xUnitTestProject.CurrencyHelperTests.FormatToStringTest1000(price: 2975.6892256134606, expected: &quot;2975.69 zł&quot;)" computerName="DESKTOP-5URQ9PB" duration="00:00:00.0000064" startTime="2022-06-13T21:15:00.1018278+02:00" endTime="2022-06-13T21:15:00.1018280+02:00" testType="13cdc9d9-ddb5-4fa4-a97d-d965ccfc6d4b" outcome="Passed" testListId="8c84fa94-04c1-424b-9868-57a2d4851a1d" relativeResultsDirectory="71e64562-c461-4325-be85-7c9fe858165d" />
    <UnitTestResult executionId="b61f5f8c-341b-4684-8f4b-f8950cf2d70d" testId="4fc181f0-ada2-9ab6-d52d-1988c5ebde7a" testName="xUnitTestProject.CurrencyHelperTests.FormatToStringTest1000(price: 26015.8311952552, expected: &quot;26015.83 zł&quot;)" computerName="DESKTOP-5URQ9PB" duration="00:00:00.0000062" startTime="2022-06-13T21:15:00.1898001+02:00" endTime="2022-06-13T21:15:00.1898002+02:00" testType="13cdc9d9-ddb5-4fa4-a97d-d965ccfc6d4b" outcome="Passed" testListId="8c84fa94-04c1-424b-9868-57a2d4851a1d" relativeResultsDirectory="b61f5f8c-341b-4684-8f4b-f8950cf2d70d" />
    <UnitTestResult executionId="406aab04-67a8-4b73-b512-c1c41d2c41f9" testId="042cc95e-2b44-fa19-b576-f75093af4b96" testName="xUnitTestProject.CurrencyHelperTests.FormatToStringTest1000(price: 30320.450517486992, expected: &quot;30320.45 zł&quot;)" computerName="DESKTOP-5URQ9PB" duration="00:00:00.0000040" startTime="2022-06-13T21:15:00.0635477+02:00" endTime="2022-06-13T21:15:00.0635481+02:00" testType="13cdc9d9-ddb5-4fa4-a97d-d965ccfc6d4b" outcome="Passed" testListId="8c84fa94-04c1-424b-9868-57a2d4851a1d" relativeResultsDirectory="406aab04-67a8-4b73-b512-c1c41d2c41f9" />
    <UnitTestResult executionId="0d0c6922-8f90-4876-bdae-f074267f1228" testId="4a32286d-4292-da18-0868-eb2a25ef068a" testName="xUnitTestProject.CurrencyHelperTests.FormatToStringTest1000(price: 24030.724859085738, expected: &quot;24030.72 zł&quot;)" computerName="DESKTOP-5URQ9PB" duration="00:00:00.0000062" startTime="2022-06-13T21:15:00.1462628+02:00" endTime="2022-06-13T21:15:00.1462629+02:00" testType="13cdc9d9-ddb5-4fa4-a97d-d965ccfc6d4b" outcome="Passed" testListId="8c84fa94-04c1-424b-9868-57a2d4851a1d" relativeResultsDirectory="0d0c6922-8f90-4876-bdae-f074267f1228" />
    <UnitTestResult executionId="ae5dbf46-19c7-481d-bd90-eead0912be6e" testId="9cf8eb03-8fbc-6ccc-0fef-ebebfde3ba22" testName="xUnitTestProject.CurrencyHelperTests.FormatToStringTest1000(price: 7407.385606687696, expected: &quot;7407.39 zł&quot;)" computerName="DESKTOP-5URQ9PB" duration="00:00:00.0000068" startTime="2022-06-13T21:15:00.1268874+02:00" endTime="2022-06-13T21:15:00.1268876+02:00" testType="13cdc9d9-ddb5-4fa4-a97d-d965ccfc6d4b" outcome="Passed" testListId="8c84fa94-04c1-424b-9868-57a2d4851a1d" relativeResultsDirectory="ae5dbf46-19c7-481d-bd90-eead0912be6e" />
    <UnitTestResult executionId="910bf00d-3cf6-482e-80c4-b9fa999113f8" testId="5105cd39-08d3-5cdf-e5e5-5aae2f2d51c8" testName="xUnitTestProject.CurrencyHelperTests.FormatToStringTest1000(price: 2937.138486199611, expected: &quot;2937.14 zł&quot;)" computerName="DESKTOP-5URQ9PB" duration="00:00:00.0000046" startTime="2022-06-13T21:15:00.0610220+02:00" endTime="2022-06-13T21:15:00.0610222+02:00" testType="13cdc9d9-ddb5-4fa4-a97d-d965ccfc6d4b" outcome="Passed" testListId="8c84fa94-04c1-424b-9868-57a2d4851a1d" relativeResultsDirectory="910bf00d-3cf6-482e-80c4-b9fa999113f8" />
    <UnitTestResult executionId="e5c9b2d8-858c-4d7c-8eb3-50f79c3fe86f" testId="c15129d5-d936-d35a-141a-341775ad7af1" testName="xUnitTestProject.CurrencyHelperTests.FormatToStringTest1000(price: 14867.726341984107, expected: &quot;14867.73 zł&quot;)" computerName="DESKTOP-5URQ9PB" duration="00:00:00.0000055" startTime="2022-06-13T21:15:00.1170685+02:00" endTime="2022-06-13T21:15:00.1170687+02:00" testType="13cdc9d9-ddb5-4fa4-a97d-d965ccfc6d4b" outcome="Passed" testListId="8c84fa94-04c1-424b-9868-57a2d4851a1d" relativeResultsDirectory="e5c9b2d8-858c-4d7c-8eb3-50f79c3fe86f" />
    <UnitTestResult executionId="eab68e7e-ecc2-4c2d-a69f-e74560973981" testId="c9dc0f3f-e108-0c1a-7cef-09dcecce5469" testName="xUnitTestProject.CurrencyHelperTests.FormatToStringTest1000(price: 4898.699005344277, expected: &quot;4898.70 zł&quot;)" computerName="DESKTOP-5URQ9PB" duration="00:00:00.0000068" startTime="2022-06-13T21:15:00.1451275+02:00" endTime="2022-06-13T21:15:00.1451277+02:00" testType="13cdc9d9-ddb5-4fa4-a97d-d965ccfc6d4b" outcome="Passed" testListId="8c84fa94-04c1-424b-9868-57a2d4851a1d" relativeResultsDirectory="eab68e7e-ecc2-4c2d-a69f-e74560973981" />
    <UnitTestResult executionId="bcb6117d-903e-4389-99ce-3d1cf98f9b64" testId="b58c1648-01cd-8d33-8125-f2d9795f377d" testName="xUnitTestProject.CurrencyHelperTests.FormatToStringTest1000(price: 16597.22844427788, expected: &quot;16597.23 zł&quot;)" computerName="DESKTOP-5URQ9PB" duration="00:00:00.0000065" startTime="2022-06-13T21:15:00.0976325+02:00" endTime="2022-06-13T21:15:00.0976327+02:00" testType="13cdc9d9-ddb5-4fa4-a97d-d965ccfc6d4b" outcome="Passed" testListId="8c84fa94-04c1-424b-9868-57a2d4851a1d" relativeResultsDirectory="bcb6117d-903e-4389-99ce-3d1cf98f9b64" />
    <UnitTestResult executionId="642d8d48-26c0-420d-a2d9-c5072928f780" testId="e9fa372e-14d7-79bd-7239-c4f5919adecb" testName="xUnitTestProject.CurrencyHelperTests.FormatToStringTest1000(price: 16037.01783290087, expected: &quot;16037.02 zł&quot;)" computerName="DESKTOP-5URQ9PB" duration="00:00:00.0000098" startTime="2022-06-13T21:15:00.1388484+02:00" endTime="2022-06-13T21:15:00.1388485+02:00" testType="13cdc9d9-ddb5-4fa4-a97d-d965ccfc6d4b" outcome="Passed" testListId="8c84fa94-04c1-424b-9868-57a2d4851a1d" relativeResultsDirectory="642d8d48-26c0-420d-a2d9-c5072928f780" />
    <UnitTestResult executionId="267ab6ce-ae89-4613-856b-1c8ccf575f6d" testId="bfbcecbb-ebb0-4cc4-ba14-4fec10bfe400" testName="xUnitTestProject.CurrencyHelperTests.FormatToStringTest1000(price: 6544.213759255695, expected: &quot;6544.21 zł&quot;)" computerName="DESKTOP-5URQ9PB" duration="00:00:00.0000056" startTime="2022-06-13T21:15:00.0727396+02:00" endTime="2022-06-13T21:15:00.0727399+02:00" testType="13cdc9d9-ddb5-4fa4-a97d-d965ccfc6d4b" outcome="Passed" testListId="8c84fa94-04c1-424b-9868-57a2d4851a1d" relativeResultsDirectory="267ab6ce-ae89-4613-856b-1c8ccf575f6d" />
    <UnitTestResult executionId="7c69c6c0-f55b-43e0-b9e2-8e03949a0900" testId="0eee54e7-397f-944e-60ad-576b256307cf" testName="xUnitTestProject.CurrencyHelperTests.FormatToStringTest1000(price: 44499.288016808816, expected: &quot;44499.29 zł&quot;)" computerName="DESKTOP-5URQ9PB" duration="00:00:00.0000047" startTime="2022-06-13T21:15:00.0612894+02:00" endTime="2022-06-13T21:15:00.0612897+02:00" testType="13cdc9d9-ddb5-4fa4-a97d-d965ccfc6d4b" outcome="Passed" testListId="8c84fa94-04c1-424b-9868-57a2d4851a1d" relativeResultsDirectory="7c69c6c0-f55b-43e0-b9e2-8e03949a0900" />
    <UnitTestResult executionId="8a49f3cd-199a-49b3-a5fd-020ad0635a3c" testId="6fd88d41-992e-23c0-e35a-a1d1b838cd50" testName="xUnitTestProject.CurrencyHelperTests.FormatToStringTest1000(price: 4094.6752323977066, expected: &quot;4094.68 zł&quot;)" computerName="DESKTOP-5URQ9PB" duration="00:00:00.0000074" startTime="2022-06-13T21:15:00.1203065+02:00" endTime="2022-06-13T21:15:00.1203067+02:00" testType="13cdc9d9-ddb5-4fa4-a97d-d965ccfc6d4b" outcome="Passed" testListId="8c84fa94-04c1-424b-9868-57a2d4851a1d" relativeResultsDirectory="8a49f3cd-199a-49b3-a5fd-020ad0635a3c" />
    <UnitTestResult executionId="74320b2d-06d7-4898-b533-0d0966af0c5a" testId="46947d50-5e18-dad2-e4a8-b6d0819ae97c" testName="xUnitTestProject.CurrencyHelperTests.FormatToStringTest1000(price: 7377.5644264340235, expected: &quot;7377.56 zł&quot;)" computerName="DESKTOP-5URQ9PB" duration="00:00:00.0000058" startTime="2022-06-13T21:15:00.1281186+02:00" endTime="2022-06-13T21:15:00.1281188+02:00" testType="13cdc9d9-ddb5-4fa4-a97d-d965ccfc6d4b" outcome="Passed" testListId="8c84fa94-04c1-424b-9868-57a2d4851a1d" relativeResultsDirectory="74320b2d-06d7-4898-b533-0d0966af0c5a" />
    <UnitTestResult executionId="c33543ad-1999-43dd-b1cb-9a4af715f6e2" testId="1fce28e8-5dee-1344-5678-0f5715c803f3" testName="xUnitTestProject.CurrencyHelperTests.FormatToStringTest1000(price: 3506.8456124108498, expected: &quot;3506.85 zł&quot;)" computerName="DESKTOP-5URQ9PB" duration="00:00:00.0000039" startTime="2022-06-13T21:15:00.0954284+02:00" endTime="2022-06-13T21:15:00.0954286+02:00" testType="13cdc9d9-ddb5-4fa4-a97d-d965ccfc6d4b" outcome="Passed" testListId="8c84fa94-04c1-424b-9868-57a2d4851a1d" relativeResultsDirectory="c33543ad-1999-43dd-b1cb-9a4af715f6e2" />
    <UnitTestResult executionId="b7b152aa-0b0a-4ca7-8674-50e06b30cad1" testId="6741f227-11b2-eae5-6fc9-c96d18a30eb3" testName="xUnitTestProject.CurrencyHelperTests.FormatToStringTest1000(price: 964.9678631783313, expected: &quot;964.97 zł&quot;)" computerName="DESKTOP-5URQ9PB" duration="00:00:00.0000058" startTime="2022-06-13T21:15:00.1417994+02:00" endTime="2022-06-13T21:15:00.1417996+02:00" testType="13cdc9d9-ddb5-4fa4-a97d-d965ccfc6d4b" outcome="Passed" testListId="8c84fa94-04c1-424b-9868-57a2d4851a1d" relativeResultsDirectory="b7b152aa-0b0a-4ca7-8674-50e06b30cad1" />
    <UnitTestResult executionId="a1725b04-d05d-4512-91c2-8155d2c0090e" testId="040e6cf8-8fc7-ca87-38f4-b0a1a8671b45" testName="xUnitTestProject.CurrencyHelperTests.FormatToStringTest1000(price: 1952.6955147062872, expected: &quot;1952.70 zł&quot;)" computerName="DESKTOP-5URQ9PB" duration="00:00:00.0000056" startTime="2022-06-13T21:15:00.0843067+02:00" endTime="2022-06-13T21:15:00.0843069+02:00" testType="13cdc9d9-ddb5-4fa4-a97d-d965ccfc6d4b" outcome="Passed" testListId="8c84fa94-04c1-424b-9868-57a2d4851a1d" relativeResultsDirectory="a1725b04-d05d-4512-91c2-8155d2c0090e" />
    <UnitTestResult executionId="cdc3dcac-7f2b-4f74-aaac-9257508fc02a" testId="0dda947f-a97a-e494-3314-a0e77995fdce" testName="xUnitTestProject.CurrencyHelperTests.FormatToStringTest1000(price: 19216.446905020366, expected: &quot;19216.45 zł&quot;)" computerName="DESKTOP-5URQ9PB" duration="00:00:00.0000041" startTime="2022-06-13T21:15:00.0774557+02:00" endTime="2022-06-13T21:15:00.0774559+02:00" testType="13cdc9d9-ddb5-4fa4-a97d-d965ccfc6d4b" outcome="Passed" testListId="8c84fa94-04c1-424b-9868-57a2d4851a1d" relativeResultsDirectory="cdc3dcac-7f2b-4f74-aaac-9257508fc02a" />
    <UnitTestResult executionId="b24d31ad-da5e-475f-83ae-4db3d5e1e466" testId="ded3a712-fe17-74f4-ce2a-e02d4a5da442" testName="xUnitTestProject.CurrencyHelperTests.FormatToStringTest1000(price: 30071.004434484523, expected: &quot;30071.00 zł&quot;)" computerName="DESKTOP-5URQ9PB" duration="00:00:00.0000059" startTime="2022-06-13T21:15:00.1538068+02:00" endTime="2022-06-13T21:15:00.1538072+02:00" testType="13cdc9d9-ddb5-4fa4-a97d-d965ccfc6d4b" outcome="Passed" testListId="8c84fa94-04c1-424b-9868-57a2d4851a1d" relativeResultsDirectory="b24d31ad-da5e-475f-83ae-4db3d5e1e466" />
    <UnitTestResult executionId="05896259-f063-4326-a03d-0b9eaaf10d8c" testId="a7d85aa3-fa07-4a18-0790-c9a84b87bfbf" testName="xUnitTestProject.CurrencyHelperTests.FormatToStringTest1000(price: 38614.292320713066, expected: &quot;38614.29 zł&quot;)" computerName="DESKTOP-5URQ9PB" duration="00:00:00.0000083" startTime="2022-06-13T21:15:00.1811352+02:00" endTime="2022-06-13T21:15:00.1811354+02:00" testType="13cdc9d9-ddb5-4fa4-a97d-d965ccfc6d4b" outcome="Passed" testListId="8c84fa94-04c1-424b-9868-57a2d4851a1d" relativeResultsDirectory="05896259-f063-4326-a03d-0b9eaaf10d8c" />
    <UnitTestResult executionId="7943b2c9-bba2-4218-8fca-14099c1af484" testId="ae407fd6-e927-5656-0ce5-4192f5da53cb" testName="xUnitTestProject.CurrencyHelperTests.FormatToStringTest1000(price: 22592.465903659566, expected: &quot;22592.47 zł&quot;)" computerName="DESKTOP-5URQ9PB" duration="00:00:00.0000056" startTime="2022-06-13T21:15:00.1572557+02:00" endTime="2022-06-13T21:15:00.1572559+02:00" testType="13cdc9d9-ddb5-4fa4-a97d-d965ccfc6d4b" outcome="Passed" testListId="8c84fa94-04c1-424b-9868-57a2d4851a1d" relativeResultsDirectory="7943b2c9-bba2-4218-8fca-14099c1af484" />
    <UnitTestResult executionId="5e207e5b-0b37-4780-b96d-e68fdcc67d74" testId="d02dc591-3a84-d3ac-10be-a85efb2cb27c" testName="xUnitTestProject.CurrencyHelperTests.FormatToStringTest1000(price: 23789.556920184546, expected: &quot;23789.56 zł&quot;)" computerName="DESKTOP-5URQ9PB" duration="00:00:00.0000061" startTime="2022-06-13T21:15:00.1191246+02:00" endTime="2022-06-13T21:15:00.1191247+02:00" testType="13cdc9d9-ddb5-4fa4-a97d-d965ccfc6d4b" outcome="Passed" testListId="8c84fa94-04c1-424b-9868-57a2d4851a1d" relativeResultsDirectory="5e207e5b-0b37-4780-b96d-e68fdcc67d74" />
    <UnitTestResult executionId="11ce7f5d-8d14-48b1-82d2-56114d10979a" testId="d702a2a7-0d80-6e33-b0a7-e0e379e29093" testName="xUnitTestProject.CurrencyHelperTests.FormatToStringTest1000(price: 7753.724411372898, expected: &quot;7753.72 zł&quot;)" computerName="DESKTOP-5URQ9PB" duration="00:00:00.0000059" startTime="2022-06-13T21:15:00.1224740+02:00" endTime="2022-06-13T21:15:00.1224742+02:00" testType="13cdc9d9-ddb5-4fa4-a97d-d965ccfc6d4b" outcome="Passed" testListId="8c84fa94-04c1-424b-9868-57a2d4851a1d" relativeResultsDirectory="11ce7f5d-8d14-48b1-82d2-56114d10979a" />
    <UnitTestResult executionId="c9dccb7c-a10c-43ed-9cb3-2443aab6d704" testId="3d1af355-28e7-625e-59fd-fe5da700f0dc" testName="xUnitTestProject.CurrencyHelperTests.FormatToStringTest1000(price: 20244.692955315437, expected: &quot;20244.69 zł&quot;)" computerName="DESKTOP-5URQ9PB" duration="00:00:00.0000046" startTime="2022-06-13T21:15:00.1756547+02:00" endTime="2022-06-13T21:15:00.1756549+02:00" testType="13cdc9d9-ddb5-4fa4-a97d-d965ccfc6d4b" outcome="Passed" testListId="8c84fa94-04c1-424b-9868-57a2d4851a1d" relativeResultsDirectory="c9dccb7c-a10c-43ed-9cb3-2443aab6d704" />
    <UnitTestResult executionId="cd412a3b-917b-45a2-b91d-34f897caa6d3" testId="1d4cd445-caf0-beba-56bf-67413439f9ab" testName="xUnitTestProject.CurrencyHelperTests.FormatToStringTest1000(price: 3043.6828298227315, expected: &quot;3043.68 zł&quot;)" computerName="DESKTOP-5URQ9PB" duration="00:00:00.0000040" startTime="2022-06-13T21:15:00.0765163+02:00" endTime="2022-06-13T21:15:00.0765164+02:00" testType="13cdc9d9-ddb5-4fa4-a97d-d965ccfc6d4b" outcome="Passed" testListId="8c84fa94-04c1-424b-9868-57a2d4851a1d" relativeResultsDirectory="cd412a3b-917b-45a2-b91d-34f897caa6d3" />
    <UnitTestResult executionId="59db39aa-6ae8-41a7-98c5-1ac1c59e3d7a" testId="996b214e-32e4-5376-d989-b4bc865084fe" testName="xUnitTestProject.CurrencyHelperTests.FormatToStringTest1000(price: 317.9090540706688, expected: &quot;317.91 zł&quot;)" computerName="DESKTOP-5URQ9PB" duration="00:00:00.0000070" startTime="2022-06-13T21:15:00.1494002+02:00" endTime="2022-06-13T21:15:00.1494006+02:00" testType="13cdc9d9-ddb5-4fa4-a97d-d965ccfc6d4b" outcome="Passed" testListId="8c84fa94-04c1-424b-9868-57a2d4851a1d" relativeResultsDirectory="59db39aa-6ae8-41a7-98c5-1ac1c59e3d7a" />
    <UnitTestResult executionId="4a7a2ec0-88d5-4b40-bbfb-3413f3aa6723" testId="5fe9c184-b316-2ed8-da8c-d7dc0b588adb" testName="xUnitTestProject.CurrencyHelperTests.FormatToStringTest1000(price: 34458.5406463512, expected: &quot;34458.54 zł&quot;)" computerName="DESKTOP-5URQ9PB" duration="00:00:00.0000061" startTime="2022-06-13T21:15:00.1583310+02:00" endTime="2022-06-13T21:15:00.1583311+02:00" testType="13cdc9d9-ddb5-4fa4-a97d-d965ccfc6d4b" outcome="Passed" testListId="8c84fa94-04c1-424b-9868-57a2d4851a1d" relativeResultsDirectory="4a7a2ec0-88d5-4b40-bbfb-3413f3aa6723" />
    <UnitTestResult executionId="7ca4ecd1-43a3-4770-9d0c-dc0111babab0" testId="c6463145-e835-b32e-9815-611f61fa5540" testName="xUnitTestProject.CurrencyHelperTests.FormatToStringTest1000(price: 9190.067404299076, expected: &quot;9190.07 zł&quot;)" computerName="DESKTOP-5URQ9PB" duration="00:00:00.0000062" startTime="2022-06-13T21:15:00.1868011+02:00" endTime="2022-06-13T21:15:00.1868013+02:00" testType="13cdc9d9-ddb5-4fa4-a97d-d965ccfc6d4b" outcome="Passed" testListId="8c84fa94-04c1-424b-9868-57a2d4851a1d" relativeResultsDirectory="7ca4ecd1-43a3-4770-9d0c-dc0111babab0" />
    <UnitTestResult executionId="743b268d-6a8d-497c-87d3-e1852069a718" testId="3d5d455f-8b5b-9efe-5bfb-ffa440cd9adb" testName="xUnitTestProject.CurrencyHelperTests.FormatToStringTest1000(price: 34145.534199603615, expected: &quot;34145.53 zł&quot;)" computerName="DESKTOP-5URQ9PB" duration="00:00:00.0000071" startTime="2022-06-13T21:15:00.1316033+02:00" endTime="2022-06-13T21:15:00.1316035+02:00" testType="13cdc9d9-ddb5-4fa4-a97d-d965ccfc6d4b" outcome="Passed" testListId="8c84fa94-04c1-424b-9868-57a2d4851a1d" relativeResultsDirectory="743b268d-6a8d-497c-87d3-e1852069a718" />
    <UnitTestResult executionId="3c81317a-aa6b-450a-bd15-4704aa0a280f" testId="05428edc-24e9-331d-ccde-497be2e009d1" testName="xUnitTestProject.CurrencyHelperTests.FormatToStringTest1000(price: 5254.6338787505565, expected: &quot;5254.63 zł&quot;)" computerName="DESKTOP-5URQ9PB" duration="00:00:00.0000039" startTime="2022-06-13T21:15:00.1028914+02:00" endTime="2022-06-13T21:15:00.1028918+02:00" testType="13cdc9d9-ddb5-4fa4-a97d-d965ccfc6d4b" outcome="Passed" testListId="8c84fa94-04c1-424b-9868-57a2d4851a1d" relativeResultsDirectory="3c81317a-aa6b-450a-bd15-4704aa0a280f" />
    <UnitTestResult executionId="4f8f64db-3fba-4ad0-8678-bfd062d64e3d" testId="2154354b-9164-5585-480c-7dedd5c54210" testName="xUnitTestProject.CurrencyHelperTests.FormatToStringTest1000(price: 9097.395563790293, expected: &quot;9097.40 zł&quot;)" computerName="DESKTOP-5URQ9PB" duration="00:00:00.0000055" startTime="2022-06-13T21:15:00.1584788+02:00" endTime="2022-06-13T21:15:00.1584789+02:00" testType="13cdc9d9-ddb5-4fa4-a97d-d965ccfc6d4b" outcome="Passed" testListId="8c84fa94-04c1-424b-9868-57a2d4851a1d" relativeResultsDirectory="4f8f64db-3fba-4ad0-8678-bfd062d64e3d" />
    <UnitTestResult executionId="671c8778-9f92-4f43-81c6-628ee5a48516" testId="87ce6106-4ac0-9f5c-9d1b-30007974d2cb" testName="xUnitTestProject.CurrencyHelperTests.FormatToStringTest1000(price: 50413.517583300134, expected: &quot;50413.52 zł&quot;)" computerName="DESKTOP-5URQ9PB" duration="00:00:00.0000044" startTime="2022-06-13T21:15:00.1787965+02:00" endTime="2022-06-13T21:15:00.1787966+02:00" testType="13cdc9d9-ddb5-4fa4-a97d-d965ccfc6d4b" outcome="Passed" testListId="8c84fa94-04c1-424b-9868-57a2d4851a1d" relativeResultsDirectory="671c8778-9f92-4f43-81c6-628ee5a48516" />
    <UnitTestResult executionId="7b0ee39c-a311-4f5f-8167-7845acb22d41" testId="1f9cd9ca-f1cd-430d-8d80-74a061c9ac45" testName="xUnitTestProject.CurrencyHelperTests.FormatToStringTest1000(price: 33251.41907856028, expected: &quot;33251.42 zł&quot;)" computerName="DESKTOP-5URQ9PB" duration="00:00:00.0000076" startTime="2022-06-13T21:15:00.0840775+02:00" endTime="2022-06-13T21:15:00.0840779+02:00" testType="13cdc9d9-ddb5-4fa4-a97d-d965ccfc6d4b" outcome="Passed" testListId="8c84fa94-04c1-424b-9868-57a2d4851a1d" relativeResultsDirectory="7b0ee39c-a311-4f5f-8167-7845acb22d41" />
    <UnitTestResult executionId="a6d7ad7c-a849-429c-9d01-0b64e5413e1e" testId="68224de9-ccec-a0b7-c8a8-a3c8c0c30259" testName="xUnitTestProject.CurrencyHelperTests.FormatToStringTest1000(price: 1669.555150571072, expected: &quot;1669.56 zł&quot;)" computerName="DESKTOP-5URQ9PB" duration="00:00:00.0000048" startTime="2022-06-13T21:15:00.1732017+02:00" endTime="2022-06-13T21:15:00.1732019+02:00" testType="13cdc9d9-ddb5-4fa4-a97d-d965ccfc6d4b" outcome="Passed" testListId="8c84fa94-04c1-424b-9868-57a2d4851a1d" relativeResultsDirectory="a6d7ad7c-a849-429c-9d01-0b64e5413e1e" />
    <UnitTestResult executionId="3ea5d5c9-ea08-4574-8377-18d0af280777" testId="6aa06741-b93f-b24b-6ccf-f7d51617fc30" testName="xUnitTestProject.CurrencyHelperTests.FormatToStringTest1000(price: 10501.127379151585, expected: &quot;10501.13 zł&quot;)" computerName="DESKTOP-5URQ9PB" duration="00:00:00.0000060" startTime="2022-06-13T21:15:00.1248986+02:00" endTime="2022-06-13T21:15:00.1248988+02:00" testType="13cdc9d9-ddb5-4fa4-a97d-d965ccfc6d4b" outcome="Passed" testListId="8c84fa94-04c1-424b-9868-57a2d4851a1d" relativeResultsDirectory="3ea5d5c9-ea08-4574-8377-18d0af280777" />
    <UnitTestResult executionId="6fccac6f-ac1d-4db4-9009-9769497dbdab" testId="f34d9844-3970-87ba-1a6d-f7c3b662af09" testName="xUnitTestProject.CurrencyHelperTests.FormatToStringTest1000(price: 10227.532692039169, expected: &quot;10227.53 zł&quot;)" computerName="DESKTOP-5URQ9PB" duration="00:00:00.0000041" startTime="2022-06-13T21:15:00.0843438+02:00" endTime="2022-06-13T21:15:00.0843439+02:00" testType="13cdc9d9-ddb5-4fa4-a97d-d965ccfc6d4b" outcome="Passed" testListId="8c84fa94-04c1-424b-9868-57a2d4851a1d" relativeResultsDirectory="6fccac6f-ac1d-4db4-9009-9769497dbdab" />
    <UnitTestResult executionId="9960cddb-410a-4a14-965c-1607a7073ab7" testId="79d9531c-e009-9169-2cbc-ceab51e47aa5" testName="xUnitTestProject.CurrencyHelperTests.FormatToStringTest1000(price: 31805.23430354532, expected: &quot;31805.23 zł&quot;)" computerName="DESKTOP-5URQ9PB" duration="00:00:00.0000056" startTime="2022-06-13T21:15:00.1088456+02:00" endTime="2022-06-13T21:15:00.1088458+02:00" testType="13cdc9d9-ddb5-4fa4-a97d-d965ccfc6d4b" outcome="Passed" testListId="8c84fa94-04c1-424b-9868-57a2d4851a1d" relativeResultsDirectory="9960cddb-410a-4a14-965c-1607a7073ab7" />
    <UnitTestResult executionId="0d5de36f-f631-4493-a58d-1ae18e11c7e0" testId="7f38c64c-30e5-6f29-b1b2-933630e715de" testName="xUnitTestProject.CurrencyHelperTests.FormatToStringTest1000(price: 5317.9582678023535, expected: &quot;5317.96 zł&quot;)" computerName="DESKTOP-5URQ9PB" duration="00:00:00.0000047" startTime="2022-06-13T21:15:00.1743129+02:00" endTime="2022-06-13T21:15:00.1743131+02:00" testType="13cdc9d9-ddb5-4fa4-a97d-d965ccfc6d4b" outcome="Passed" testListId="8c84fa94-04c1-424b-9868-57a2d4851a1d" relativeResultsDirectory="0d5de36f-f631-4493-a58d-1ae18e11c7e0" />
    <UnitTestResult executionId="089a0bad-1f24-4c0a-a2d9-673d9d76f665" testId="e8631f54-2451-193b-aa4f-8be567b318eb" testName="xUnitTestProject.CurrencyHelperTests.FormatToStringTest1000(price: 19603.69286519321, expected: &quot;19603.69 zł&quot;)" computerName="DESKTOP-5URQ9PB" duration="00:00:00.0000041" startTime="2022-06-13T21:15:00.0609715+02:00" endTime="2022-06-13T21:15:00.0609717+02:00" testType="13cdc9d9-ddb5-4fa4-a97d-d965ccfc6d4b" outcome="Passed" testListId="8c84fa94-04c1-424b-9868-57a2d4851a1d" relativeResultsDirectory="089a0bad-1f24-4c0a-a2d9-673d9d76f665" />
    <UnitTestResult executionId="86ca55f2-5950-4ad4-b58a-bb24add6a205" testId="b818a661-8c39-b04d-aea0-c8bf6f965ed2" testName="xUnitTestProject.CurrencyHelperTests.FormatToStringTest1000(price: 4030.673117592313, expected: &quot;4030.67 zł&quot;)" computerName="DESKTOP-5URQ9PB" duration="00:00:00.0000059" startTime="2022-06-13T21:15:00.1019767+02:00" endTime="2022-06-13T21:15:00.1019769+02:00" testType="13cdc9d9-ddb5-4fa4-a97d-d965ccfc6d4b" outcome="Passed" testListId="8c84fa94-04c1-424b-9868-57a2d4851a1d" relativeResultsDirectory="86ca55f2-5950-4ad4-b58a-bb24add6a205" />
    <UnitTestResult executionId="06995e1c-351c-4086-a9d4-802d7de00437" testId="ff400e5b-d8ea-836f-c081-66cfe2473c87" testName="xUnitTestProject.CurrencyHelperTests.FormatToStringTest1000(price: 35967.54466809684, expected: &quot;35967.54 zł&quot;)" computerName="DESKTOP-5URQ9PB" duration="00:00:00.0000060" startTime="2022-06-13T21:15:00.1562549+02:00" endTime="2022-06-13T21:15:00.1562551+02:00" testType="13cdc9d9-ddb5-4fa4-a97d-d965ccfc6d4b" outcome="Passed" testListId="8c84fa94-04c1-424b-9868-57a2d4851a1d" relativeResultsDirectory="06995e1c-351c-4086-a9d4-802d7de00437" />
    <UnitTestResult executionId="5f707f9b-8759-4852-ab9a-ad505704d0c4" testId="0a2dd6c8-dd3b-c34c-d236-39c95cee3b33" testName="xUnitTestProject.CurrencyHelperTests.FormatToStringTest1000(price: 30138.55109863102, expected: &quot;30138.55 zł&quot;)" computerName="DESKTOP-5URQ9PB" duration="00:00:00.0000064" startTime="2022-06-13T21:15:00.1336881+02:00" endTime="2022-06-13T21:15:00.1336883+02:00" testType="13cdc9d9-ddb5-4fa4-a97d-d965ccfc6d4b" outcome="Passed" testListId="8c84fa94-04c1-424b-9868-57a2d4851a1d" relativeResultsDirectory="5f707f9b-8759-4852-ab9a-ad505704d0c4" />
    <UnitTestResult executionId="6902c1f7-dfd2-40fc-bb49-d962e39b20cb" testId="939e1c3f-3bc7-ec75-48fe-8501679b5ff4" testName="xUnitTestProject.CurrencyHelperTests.FormatToStringTest1000(price: 30199.386730006612, expected: &quot;30199.39 zł&quot;)" computerName="DESKTOP-5URQ9PB" duration="00:00:00.0000056" startTime="2022-06-13T21:15:00.1906075+02:00" endTime="2022-06-13T21:15:00.1906076+02:00" testType="13cdc9d9-ddb5-4fa4-a97d-d965ccfc6d4b" outcome="Passed" testListId="8c84fa94-04c1-424b-9868-57a2d4851a1d" relativeResultsDirectory="6902c1f7-dfd2-40fc-bb49-d962e39b20cb" />
    <UnitTestResult executionId="f369daa4-de30-43ef-9f12-1d6eba30bae9" testId="07878353-6799-84f6-4a3b-1ffc56ae1d1d" testName="xUnitTestProject.CurrencyHelperTests.FormatToStringTest1000(price: 6466.872242818062, expected: &quot;6466.87 zł&quot;)" computerName="DESKTOP-5URQ9PB" duration="00:00:00.0000048" startTime="2022-06-13T21:15:00.1865360+02:00" endTime="2022-06-13T21:15:00.1865365+02:00" testType="13cdc9d9-ddb5-4fa4-a97d-d965ccfc6d4b" outcome="Passed" testListId="8c84fa94-04c1-424b-9868-57a2d4851a1d" relativeResultsDirectory="f369daa4-de30-43ef-9f12-1d6eba30bae9" />
    <UnitTestResult executionId="5095caba-9063-4387-b099-bb1eb74301ad" testId="799374f9-c088-e602-bce1-d22bf769b783" testName="xUnitTestProject.CurrencyHelperTests.FormatToStringTest1000(price: 16511.26921423537, expected: &quot;16511.27 zł&quot;)" computerName="DESKTOP-5URQ9PB" duration="00:00:00.0000074" startTime="2022-06-13T21:15:00.1416490+02:00" endTime="2022-06-13T21:15:00.1416492+02:00" testType="13cdc9d9-ddb5-4fa4-a97d-d965ccfc6d4b" outcome="Passed" testListId="8c84fa94-04c1-424b-9868-57a2d4851a1d" relativeResultsDirectory="5095caba-9063-4387-b099-bb1eb74301ad" />
    <UnitTestResult executionId="0eaa0384-5145-4f0d-a412-64b981a3c57b" testId="aaa9e076-e199-e522-2c08-1bd206c5f6e7" testName="xUnitTestProject.CurrencyHelperTests.FormatToStringTest1000(price: 23120.169499649743, expected: &quot;23120.17 zł&quot;)" computerName="DESKTOP-5URQ9PB" duration="00:00:00.0000062" startTime="2022-06-13T21:15:00.1325672+02:00" endTime="2022-06-13T21:15:00.1325673+02:00" testType="13cdc9d9-ddb5-4fa4-a97d-d965ccfc6d4b" outcome="Passed" testListId="8c84fa94-04c1-424b-9868-57a2d4851a1d" relativeResultsDirectory="0eaa0384-5145-4f0d-a412-64b981a3c57b" />
    <UnitTestResult executionId="1b9adc18-dcc7-4873-9583-3fb8683db136" testId="9e60da1f-2da8-eacc-63f9-9c91b8a7e042" testName="xUnitTestProject.CurrencyHelperTests.FormatToStringTest1000(price: 11922.837782177532, expected: &quot;11922.84 zł&quot;)" computerName="DESKTOP-5URQ9PB" duration="00:00:00.0000060" startTime="2022-06-13T21:15:00.1551015+02:00" endTime="2022-06-13T21:15:00.1551017+02:00" testType="13cdc9d9-ddb5-4fa4-a97d-d965ccfc6d4b" outcome="Passed" testListId="8c84fa94-04c1-424b-9868-57a2d4851a1d" relativeResultsDirectory="1b9adc18-dcc7-4873-9583-3fb8683db136" />
    <UnitTestResult executionId="6e9f746a-bc0b-4bf0-b08f-90dd96a89403" testId="185ede31-fab0-85ad-ad6a-a8eab36c8466" testName="xUnitTestProject.CurrencyHelperTests.FormatToStringTest1000(price: 13574.683315038068, expected: &quot;13574.68 zł&quot;)" computerName="DESKTOP-5URQ9PB" duration="00:00:00.0000058" startTime="2022-06-13T21:15:00.1483448+02:00" endTime="2022-06-13T21:15:00.1483450+02:00" testType="13cdc9d9-ddb5-4fa4-a97d-d965ccfc6d4b" outcome="Passed" testListId="8c84fa94-04c1-424b-9868-57a2d4851a1d" relativeResultsDirectory="6e9f746a-bc0b-4bf0-b08f-90dd96a89403" />
    <UnitTestResult executionId="a210a902-bc27-4b9b-80c5-3de53339a718" testId="4d20e584-0f2f-1ed1-3ddf-7516456e8aa4" testName="xUnitTestProject.CurrencyHelperTests.FormatToStringTest1000(price: 5840.747097845071, expected: &quot;5840.75 zł&quot;)" computerName="DESKTOP-5URQ9PB" duration="00:00:00.0000043" startTime="2022-06-13T21:15:00.1876385+02:00" endTime="2022-06-13T21:15:00.1876389+02:00" testType="13cdc9d9-ddb5-4fa4-a97d-d965ccfc6d4b" outcome="Passed" testListId="8c84fa94-04c1-424b-9868-57a2d4851a1d" relativeResultsDirectory="a210a902-bc27-4b9b-80c5-3de53339a718" />
    <UnitTestResult executionId="851f16a8-0278-46c3-a8b2-a7e7207da8f4" testId="2ff98558-45c2-21dd-60d2-e1efdde7c0a8" testName="xUnitTestProject.CurrencyHelperTests.FormatToStringTest1000(price: 35.34471716840971, expected: &quot;35.34 zł&quot;)" computerName="DESKTOP-5URQ9PB" duration="00:00:00.0000040" startTime="2022-06-13T21:15:00.0953912+02:00" endTime="2022-06-13T21:15:00.0953914+02:00" testType="13cdc9d9-ddb5-4fa4-a97d-d965ccfc6d4b" outcome="Passed" testListId="8c84fa94-04c1-424b-9868-57a2d4851a1d" relativeResultsDirectory="851f16a8-0278-46c3-a8b2-a7e7207da8f4" />
    <UnitTestResult executionId="103a6693-dd30-4454-bb4b-7f6eaaa97ea7" testId="80d3734c-ba9f-0770-a478-3dd6f9b70cb0" testName="xUnitTestProject.CurrencyHelperTests.FormatToStringTest1000(price: 50339.31259969497, expected: &quot;50339.31 zł&quot;)" computerName="DESKTOP-5URQ9PB" duration="00:00:00.0000069" startTime="2022-06-13T21:15:00.1065019+02:00" endTime="2022-06-13T21:15:00.1065021+02:00" testType="13cdc9d9-ddb5-4fa4-a97d-d965ccfc6d4b" outcome="Passed" testListId="8c84fa94-04c1-424b-9868-57a2d4851a1d" relativeResultsDirectory="103a6693-dd30-4454-bb4b-7f6eaaa97ea7" />
    <UnitTestResult executionId="f32f9e85-01da-4158-98f4-019f73ca3236" testId="bfe24180-c0ac-b24a-c731-fe26d6138983" testName="xUnitTestProject.CurrencyHelperTests.FormatToStringTest1000(price: 30034.922435005625, expected: &quot;30034.92 zł&quot;)" computerName="DESKTOP-5URQ9PB" duration="00:00:00.0000041" startTime="2022-06-13T21:15:00.1007658+02:00" endTime="2022-06-13T21:15:00.1007660+02:00" testType="13cdc9d9-ddb5-4fa4-a97d-d965ccfc6d4b" outcome="Passed" testListId="8c84fa94-04c1-424b-9868-57a2d4851a1d" relativeResultsDirectory="f32f9e85-01da-4158-98f4-019f73ca3236" />
    <UnitTestResult executionId="8d8e43f3-777b-4d82-8eab-4b051191c4ec" testId="5fa53206-edec-8295-28b6-5eb1541e56b6" testName="xUnitTestProject.CurrencyHelperTests.FormatToStringTest1000(price: 16161.963229990548, expected: &quot;16161.96 zł&quot;)" computerName="DESKTOP-5URQ9PB" duration="00:00:00.0000049" startTime="2022-06-13T21:15:00.1008763+02:00" endTime="2022-06-13T21:15:00.1008765+02:00" testType="13cdc9d9-ddb5-4fa4-a97d-d965ccfc6d4b" outcome="Passed" testListId="8c84fa94-04c1-424b-9868-57a2d4851a1d" relativeResultsDirectory="8d8e43f3-777b-4d82-8eab-4b051191c4ec" />
    <UnitTestResult executionId="7d52828a-2641-42e1-b604-e15f90e53e2d" testId="cd41d103-9666-3d37-803b-9b59446c01c4" testName="xUnitTestProject.CurrencyHelperTests.FormatToStringTest1000(price: 28455.229970996843, expected: &quot;28455.23 zł&quot;)" computerName="DESKTOP-5URQ9PB" duration="00:00:00.0000040" startTime="2022-06-13T21:15:00.0907561+02:00" endTime="2022-06-13T21:15:00.0907563+02:00" testType="13cdc9d9-ddb5-4fa4-a97d-d965ccfc6d4b" outcome="Passed" testListId="8c84fa94-04c1-424b-9868-57a2d4851a1d" relativeResultsDirectory="7d52828a-2641-42e1-b604-e15f90e53e2d" />
    <UnitTestResult executionId="31fecd68-dd51-4d1f-9642-a7c92d45f995" testId="652fbfaf-623d-2a4f-25d1-cf07d8f0c0da" testName="xUnitTestProject.CurrencyHelperTests.FormatToStringTest1000(price: 5835.26176155557, expected: &quot;5835.26 zł&quot;)" computerName="DESKTOP-5URQ9PB" duration="00:00:00.0000128" startTime="2022-06-13T21:15:00.1879387+02:00" endTime="2022-06-13T21:15:00.1879389+02:00" testType="13cdc9d9-ddb5-4fa4-a97d-d965ccfc6d4b" outcome="Passed" testListId="8c84fa94-04c1-424b-9868-57a2d4851a1d" relativeResultsDirectory="31fecd68-dd51-4d1f-9642-a7c92d45f995" />
    <UnitTestResult executionId="8b8197d1-190d-4e1b-8457-fa1718332a13" testId="bc76307e-662f-d191-64cf-4352a391fa59" testName="xUnitTestProject.CurrencyHelperTests.FormatToStringTest1000(price: 96261.84883437205, expected: &quot;96261.85 zł&quot;)" computerName="DESKTOP-5URQ9PB" duration="00:00:00.0000054" startTime="2022-06-13T21:15:00.1844242+02:00" endTime="2022-06-13T21:15:00.1844244+02:00" testType="13cdc9d9-ddb5-4fa4-a97d-d965ccfc6d4b" outcome="Passed" testListId="8c84fa94-04c1-424b-9868-57a2d4851a1d" relativeResultsDirectory="8b8197d1-190d-4e1b-8457-fa1718332a13" />
    <UnitTestResult executionId="ddc3ee11-bf79-41a6-822b-3216a676e648" testId="27e54bf1-4aa0-4763-a98b-d50300d50e6c" testName="xUnitTestProject.CurrencyHelperTests.FormatToStringTest1000(price: 75915.01943546813, expected: &quot;75915.02 zł&quot;)" computerName="DESKTOP-5URQ9PB" duration="00:00:00.0000066" startTime="2022-06-13T21:15:00.1159391+02:00" endTime="2022-06-13T21:15:00.1159392+02:00" testType="13cdc9d9-ddb5-4fa4-a97d-d965ccfc6d4b" outcome="Passed" testListId="8c84fa94-04c1-424b-9868-57a2d4851a1d" relativeResultsDirectory="ddc3ee11-bf79-41a6-822b-3216a676e648" />
    <UnitTestResult executionId="e01b233a-5b22-41a1-a271-fdda5e87d0c7" testId="908bbb79-500c-f673-c8f4-2e8bf73bce40" testName="xUnitTestProject.CurrencyHelperTests.FormatToStringTest1000(price: 88616.03808168416, expected: &quot;88616.04 zł&quot;)" computerName="DESKTOP-5URQ9PB" duration="00:00:00.0000039" startTime="2022-06-13T21:15:00.1833899+02:00" endTime="2022-06-13T21:15:00.1833901+02:00" testType="13cdc9d9-ddb5-4fa4-a97d-d965ccfc6d4b" outcome="Passed" testListId="8c84fa94-04c1-424b-9868-57a2d4851a1d" relativeResultsDirectory="e01b233a-5b22-41a1-a271-fdda5e87d0c7" />
    <UnitTestResult executionId="21ac2384-5f82-4080-8b61-0ca5eaabb0a5" testId="7704532e-ccf9-d396-cd75-b7b2cb63c0e8" testName="xUnitTestProject.CurrencyHelperTests.FormatToStringTest1000(price: 48449.85582609189, expected: &quot;48449.86 zł&quot;)" computerName="DESKTOP-5URQ9PB" duration="00:00:00.0000056" startTime="2022-06-13T21:15:00.1102353+02:00" endTime="2022-06-13T21:15:00.1102355+02:00" testType="13cdc9d9-ddb5-4fa4-a97d-d965ccfc6d4b" outcome="Passed" testListId="8c84fa94-04c1-424b-9868-57a2d4851a1d" relativeResultsDirectory="21ac2384-5f82-4080-8b61-0ca5eaabb0a5" />
    <UnitTestResult executionId="c10d98d3-02e2-4bce-ae02-265e386b19fe" testId="fc18dbb3-2c7f-eef4-d751-3ff8a18e5fdc" testName="xUnitTestProject.CurrencyHelperTests.FormatToStringTest1000(price: 2718.1767171650085, expected: &quot;2718.18 zł&quot;)" computerName="DESKTOP-5URQ9PB" duration="00:00:00.0000041" startTime="2022-06-13T21:15:00.0636726+02:00" endTime="2022-06-13T21:15:00.0636728+02:00" testType="13cdc9d9-ddb5-4fa4-a97d-d965ccfc6d4b" outcome="Passed" testListId="8c84fa94-04c1-424b-9868-57a2d4851a1d" relativeResultsDirectory="c10d98d3-02e2-4bce-ae02-265e386b19fe" />
    <UnitTestResult executionId="e97a5141-7170-4c4d-bcdc-04cc3e7b5af8" testId="a97810bc-ccf4-4f77-152b-d7c40d37cd64" testName="xUnitTestProject.CurrencyHelperTests.FormatToStringTest1000(price: 37866.43836050967, expected: &quot;37866.44 zł&quot;)" computerName="DESKTOP-5URQ9PB" duration="00:00:00.0000041" startTime="2022-06-13T21:15:00.0741527+02:00" endTime="2022-06-13T21:15:00.0741529+02:00" testType="13cdc9d9-ddb5-4fa4-a97d-d965ccfc6d4b" outcome="Passed" testListId="8c84fa94-04c1-424b-9868-57a2d4851a1d" relativeResultsDirectory="e97a5141-7170-4c4d-bcdc-04cc3e7b5af8" />
    <UnitTestResult executionId="7d84de8c-36c5-4273-822f-61db713201a0" testId="0fb536e2-af1a-ef21-5b53-d89a189dda8d" testName="xUnitTestProject.CurrencyHelperTests.FormatToStringTest1000(price: 26858.35647848731, expected: &quot;26858.36 zł&quot;)" computerName="DESKTOP-5URQ9PB" duration="00:00:00.0000043" startTime="2022-06-13T21:15:00.1856450+02:00" endTime="2022-06-13T21:15:00.1856452+02:00" testType="13cdc9d9-ddb5-4fa4-a97d-d965ccfc6d4b" outcome="Passed" testListId="8c84fa94-04c1-424b-9868-57a2d4851a1d" relativeResultsDirectory="7d84de8c-36c5-4273-822f-61db713201a0" />
    <UnitTestResult executionId="bcf2324f-85ab-4c38-ad2f-fbfe2072327c" testId="f376fc2f-2ee5-1277-a20e-665c6294e53a" testName="xUnitTestProject.CurrencyHelperTests.FormatToStringTest1000(price: 30410.68214617003, expected: &quot;30410.68 zł&quot;)" computerName="DESKTOP-5URQ9PB" duration="00:00:00.0000054" startTime="2022-06-13T21:15:00.1562923+02:00" endTime="2022-06-13T21:15:00.1562925+02:00" testType="13cdc9d9-ddb5-4fa4-a97d-d965ccfc6d4b" outcome="Passed" testListId="8c84fa94-04c1-424b-9868-57a2d4851a1d" relativeResultsDirectory="bcf2324f-85ab-4c38-ad2f-fbfe2072327c" />
    <UnitTestResult executionId="3e218332-27fc-44a2-ab59-df77bc7389ba" testId="e63012a7-c6dd-105c-5599-46a75e19ac35" testName="xUnitTestProject.CurrencyHelperTests.FormatToStringTest1000(price: 43424.45140075332, expected: &quot;43424.45 zł&quot;)" computerName="DESKTOP-5URQ9PB" duration="00:00:00.0000059" startTime="2022-06-13T21:15:00.1078264+02:00" endTime="2022-06-13T21:15:00.1078265+02:00" testType="13cdc9d9-ddb5-4fa4-a97d-d965ccfc6d4b" outcome="Passed" testListId="8c84fa94-04c1-424b-9868-57a2d4851a1d" relativeResultsDirectory="3e218332-27fc-44a2-ab59-df77bc7389ba" />
    <UnitTestResult executionId="3b4c0ac1-824b-4ca1-ad3f-9baa4724fc96" testId="f8f9d6d7-bbea-21e2-5568-87ea7f6744b9" testName="xUnitTestProject.CurrencyHelperTests.FormatToStringTest1000(price: 73151.83675918348, expected: &quot;73151.84 zł&quot;)" computerName="DESKTOP-5URQ9PB" duration="00:00:00.0000041" startTime="2022-06-13T21:15:00.0611393+02:00" endTime="2022-06-13T21:15:00.0611395+02:00" testType="13cdc9d9-ddb5-4fa4-a97d-d965ccfc6d4b" outcome="Passed" testListId="8c84fa94-04c1-424b-9868-57a2d4851a1d" relativeResultsDirectory="3b4c0ac1-824b-4ca1-ad3f-9baa4724fc96" />
    <UnitTestResult executionId="91b71107-ab0f-4ec7-b2bb-295353f994f2" testId="749e89fd-9c9b-5d83-545c-b459ff44beff" testName="xUnitTestProject.CurrencyHelperTests.FormatToStringTest1000(price: 17418.31302247863, expected: &quot;17418.31 zł&quot;)" computerName="DESKTOP-5URQ9PB" duration="00:00:00.0000090" startTime="2022-06-13T21:15:00.0976696+02:00" endTime="2022-06-13T21:15:00.0976697+02:00" testType="13cdc9d9-ddb5-4fa4-a97d-d965ccfc6d4b" outcome="Passed" testListId="8c84fa94-04c1-424b-9868-57a2d4851a1d" relativeResultsDirectory="91b71107-ab0f-4ec7-b2bb-295353f994f2" />
    <UnitTestResult executionId="d8b19f5a-43c3-49ec-b591-a867af2152e3" testId="244b13a7-ff72-5a50-f054-4ff8ceb0d499" testName="xUnitTestProject.CurrencyHelperTests.FormatToStringTest1000(price: 20640.678251201603, expected: &quot;20640.68 zł&quot;)" computerName="DESKTOP-5URQ9PB" duration="00:00:00.0000056" startTime="2022-06-13T21:15:00.1506555+02:00" endTime="2022-06-13T21:15:00.1506557+02:00" testType="13cdc9d9-ddb5-4fa4-a97d-d965ccfc6d4b" outcome="Passed" testListId="8c84fa94-04c1-424b-9868-57a2d4851a1d" relativeResultsDirectory="d8b19f5a-43c3-49ec-b591-a867af2152e3" />
    <UnitTestResult executionId="89d7856d-5afb-44d1-bb6b-004139c3a8ea" testId="123932a6-c3cf-7fb9-5ef5-34297fb3a837" testName="xUnitTestProject.CurrencyHelperTests.FormatToStringTest1000(price: 68770.73008707525, expected: &quot;68770.73 zł&quot;)" computerName="DESKTOP-5URQ9PB" duration="00:00:00.0000062" startTime="2022-06-13T21:15:00.1440016+02:00" endTime="2022-06-13T21:15:00.1440018+02:00" testType="13cdc9d9-ddb5-4fa4-a97d-d965ccfc6d4b" outcome="Passed" testListId="8c84fa94-04c1-424b-9868-57a2d4851a1d" relativeResultsDirectory="89d7856d-5afb-44d1-bb6b-004139c3a8ea" />
    <UnitTestResult executionId="277cdb73-5b66-40b2-96c0-535247d3372d" testId="847ca950-a5c5-d084-8e4e-ab9e67678604" testName="xUnitTestProject.CurrencyHelperTests.FormatToStringTest1000(price: 1300.9430775404642, expected: &quot;1300.94 zł&quot;)" computerName="DESKTOP-5URQ9PB" duration="00:00:00.0000061" startTime="2022-06-13T21:15:00.0567642+02:00" endTime="2022-06-13T21:15:00.0567645+02:00" testType="13cdc9d9-ddb5-4fa4-a97d-d965ccfc6d4b" outcome="Passed" testListId="8c84fa94-04c1-424b-9868-57a2d4851a1d" relativeResultsDirectory="277cdb73-5b66-40b2-96c0-535247d3372d" />
    <UnitTestResult executionId="eb02dd30-da4c-4b98-b9b8-58109337b7ff" testId="cd5a26d8-2bfb-59a4-04b5-4f695fd431f8" testName="xUnitTestProject.CurrencyHelperTests.FormatToStringTest1000(price: 2409.393997763001, expected: &quot;2409.39 zł&quot;)" computerName="DESKTOP-5URQ9PB" duration="00:00:00.0000055" startTime="2022-06-13T21:15:00.1617667+02:00" endTime="2022-06-13T21:15:00.1617668+02:00" testType="13cdc9d9-ddb5-4fa4-a97d-d965ccfc6d4b" outcome="Passed" testListId="8c84fa94-04c1-424b-9868-57a2d4851a1d" relativeResultsDirectory="eb02dd30-da4c-4b98-b9b8-58109337b7ff" />
    <UnitTestResult executionId="b888471a-b221-4a37-8ead-f269181db778" testId="1b17bc60-8954-8c6a-08e7-e6fe2f215cc6" testName="xUnitTestProject.CurrencyHelperTests.FormatToStringTest1000(price: 6665.405372488035, expected: &quot;6665.41 zł&quot;)" computerName="DESKTOP-5URQ9PB" duration="00:00:00.0000064" startTime="2022-06-13T21:15:00.0986659+02:00" endTime="2022-06-13T21:15:00.0986661+02:00" testType="13cdc9d9-ddb5-4fa4-a97d-d965ccfc6d4b" outcome="Passed" testListId="8c84fa94-04c1-424b-9868-57a2d4851a1d" relativeResultsDirectory="b888471a-b221-4a37-8ead-f269181db778" />
    <UnitTestResult executionId="dcb5a65f-31f3-462e-a77a-7f4ca4978f17" testId="4b06698d-5339-0a98-2e05-9ce80b4b1ec4" testName="xUnitTestProject.CurrencyHelperTests.FormatToStringTest1000(price: 15566.957545477411, expected: &quot;15566.96 zł&quot;)" computerName="DESKTOP-5URQ9PB" duration="00:00:00.0000054" startTime="2022-06-13T21:15:00.1363749+02:00" endTime="2022-06-13T21:15:00.1363750+02:00" testType="13cdc9d9-ddb5-4fa4-a97d-d965ccfc6d4b" outcome="Passed" testListId="8c84fa94-04c1-424b-9868-57a2d4851a1d" relativeResultsDirectory="dcb5a65f-31f3-462e-a77a-7f4ca4978f17" />
    <UnitTestResult executionId="d222d190-d595-4e6d-be7c-59a301a63398" testId="281669ef-629b-f1d2-33b2-c7fad7ee0226" testName="xUnitTestProject.CurrencyHelperTests.FormatToStringTest1000(price: 9897.705953436767, expected: &quot;9897.71 zł&quot;)" computerName="DESKTOP-5URQ9PB" duration="00:00:00.0000055" startTime="2022-06-13T21:15:00.1605587+02:00" endTime="2022-06-13T21:15:00.1605589+02:00" testType="13cdc9d9-ddb5-4fa4-a97d-d965ccfc6d4b" outcome="Passed" testListId="8c84fa94-04c1-424b-9868-57a2d4851a1d" relativeResultsDirectory="d222d190-d595-4e6d-be7c-59a301a63398" />
    <UnitTestResult executionId="624db128-d8ad-482d-b624-f5540df8d306" testId="6127c2a7-0d58-b2ca-c80b-3d883558c1c7" testName="xUnitTestProject.CurrencyHelperTests.FormatToStringTest1000(price: 63507.32603545455, expected: &quot;63507.33 zł&quot;)" computerName="DESKTOP-5URQ9PB" duration="00:00:00.0000040" startTime="2022-06-13T21:15:00.0763214+02:00" endTime="2022-06-13T21:15:00.0763216+02:00" testType="13cdc9d9-ddb5-4fa4-a97d-d965ccfc6d4b" outcome="Passed" testListId="8c84fa94-04c1-424b-9868-57a2d4851a1d" relativeResultsDirectory="624db128-d8ad-482d-b624-f5540df8d306" />
    <UnitTestResult executionId="2b1dce75-c0df-4be9-a116-f9fc6df82302" testId="7c480fcf-dcac-50a2-3106-264841c6a300" testName="xUnitTestProject.CurrencyHelperTests.FormatToStringTest1000(price: 20737.251994218328, expected: &quot;20737.25 zł&quot;)" computerName="DESKTOP-5URQ9PB" duration="00:00:00.0000068" startTime="2022-06-13T21:15:00.1896195+02:00" endTime="2022-06-13T21:15:00.1896198+02:00" testType="13cdc9d9-ddb5-4fa4-a97d-d965ccfc6d4b" outcome="Passed" testListId="8c84fa94-04c1-424b-9868-57a2d4851a1d" relativeResultsDirectory="2b1dce75-c0df-4be9-a116-f9fc6df82302" />
    <UnitTestResult executionId="15cb0e6d-35c9-4f7b-bc56-33820a37a421" testId="d6ed6531-54c3-2edf-18c7-ddb0279f678b" testName="xUnitTestProject.CurrencyHelperTests.FormatToStringTest1000(price: 11175.438820935526, expected: &quot;11175.44 zł&quot;)" computerName="DESKTOP-5URQ9PB" duration="00:00:00.0000044" startTime="2022-06-13T21:15:00.0567256+02:00" endTime="2022-06-13T21:15:00.0567258+02:00" testType="13cdc9d9-ddb5-4fa4-a97d-d965ccfc6d4b" outcome="Passed" testListId="8c84fa94-04c1-424b-9868-57a2d4851a1d" relativeResultsDirectory="15cb0e6d-35c9-4f7b-bc56-33820a37a421" />
    <UnitTestResult executionId="3a707ba3-83ce-4f56-8f29-aca723f3df06" testId="5f750d11-c899-aa88-cff9-6806fe46c3fe" testName="xUnitTestProject.CurrencyHelperTests.FormatToStringTest1000(price: 28298.945361683585, expected: &quot;28298.95 zł&quot;)" computerName="DESKTOP-5URQ9PB" duration="00:00:00.0000068" startTime="2022-06-13T21:15:00.1258652+02:00" endTime="2022-06-13T21:15:00.1258654+02:00" testType="13cdc9d9-ddb5-4fa4-a97d-d965ccfc6d4b" outcome="Passed" testListId="8c84fa94-04c1-424b-9868-57a2d4851a1d" relativeResultsDirectory="3a707ba3-83ce-4f56-8f29-aca723f3df06" />
    <UnitTestResult executionId="50a14f49-ea5a-4b10-bf61-ac1c74852220" testId="0514bc2b-5cc4-a04d-717a-fd9efa22f04a" testName="xUnitTestProject.CurrencyHelperTests.FormatToStringTest1000(price: 80609.94377465078, expected: &quot;80609.94 zł&quot;)" computerName="DESKTOP-5URQ9PB" duration="00:00:00.0000071" startTime="2022-06-13T21:15:00.1325377+02:00" endTime="2022-06-13T21:15:00.1325379+02:00" testType="13cdc9d9-ddb5-4fa4-a97d-d965ccfc6d4b" outcome="Passed" testListId="8c84fa94-04c1-424b-9868-57a2d4851a1d" relativeResultsDirectory="50a14f49-ea5a-4b10-bf61-ac1c74852220" />
    <UnitTestResult executionId="cb46e223-7cc9-4226-bf30-9cfc4c715c11" testId="75e6c444-bc3b-aad1-8b9e-9567096a44b9" testName="xUnitTestProject.CurrencyHelperTests.FormatToStringTest1000(price: 49037.8109120586, expected: &quot;49037.81 zł&quot;)" computerName="DESKTOP-5URQ9PB" duration="00:00:00.0000059" startTime="2022-06-13T21:15:00.1574433+02:00" endTime="2022-06-13T21:15:00.1574435+02:00" testType="13cdc9d9-ddb5-4fa4-a97d-d965ccfc6d4b" outcome="Passed" testListId="8c84fa94-04c1-424b-9868-57a2d4851a1d" relativeResultsDirectory="cb46e223-7cc9-4226-bf30-9cfc4c715c11" />
    <UnitTestResult executionId="a4fa7bad-5ef9-4e19-a51e-eca74dfd6503" testId="83240b81-a0ee-d801-c63e-6e722955f2f1" testName="xUnitTestProject.CurrencyHelperTests.FormatToStringTest1000(price: 8644.187977380207, expected: &quot;8644.19 zł&quot;)" computerName="DESKTOP-5URQ9PB" duration="00:00:00.0000059" startTime="2022-06-13T21:15:00.1316779+02:00" endTime="2022-06-13T21:15:00.1316781+02:00" testType="13cdc9d9-ddb5-4fa4-a97d-d965ccfc6d4b" outcome="Passed" testListId="8c84fa94-04c1-424b-9868-57a2d4851a1d" relativeResultsDirectory="a4fa7bad-5ef9-4e19-a51e-eca74dfd6503" />
    <UnitTestResult executionId="250fa88a-0c1b-465d-a40d-f0826098d150" testId="717afcc9-fdbd-942f-44d5-9f5deeef640f" testName="xUnitTestProject.CurrencyHelperTests.FormatToStringTest1000(price: 19363.881840787773, expected: &quot;19363.88 zł&quot;)" computerName="DESKTOP-5URQ9PB" duration="00:00:00.0000041" startTime="2022-06-13T21:15:00.0940174+02:00" endTime="2022-06-13T21:15:00.0940178+02:00" testType="13cdc9d9-ddb5-4fa4-a97d-d965ccfc6d4b" outcome="Passed" testListId="8c84fa94-04c1-424b-9868-57a2d4851a1d" relativeResultsDirectory="250fa88a-0c1b-465d-a40d-f0826098d150" />
    <UnitTestResult executionId="7fa59d2f-f8e4-4743-9325-e2369a46fc49" testId="015022db-d96e-2b60-5477-1c6f1fa9a487" testName="xUnitTestProject.CurrencyHelperTests.FormatToStringTest1000(price: 1328.353302088265, expected: &quot;1328.35 zł&quot;)" computerName="DESKTOP-5URQ9PB" duration="00:00:00.0000061" startTime="2022-06-13T21:15:00.1571805+02:00" endTime="2022-06-13T21:15:00.1571807+02:00" testType="13cdc9d9-ddb5-4fa4-a97d-d965ccfc6d4b" outcome="Passed" testListId="8c84fa94-04c1-424b-9868-57a2d4851a1d" relativeResultsDirectory="7fa59d2f-f8e4-4743-9325-e2369a46fc49" />
    <UnitTestResult executionId="0edcfdb2-dcaa-46f0-9248-5e6122401620" testId="37c7194c-1f0b-dee3-2e3b-dc795a15cffb" testName="xUnitTestProject.CurrencyHelperTests.FormatToStringTest1000(price: 13206.129467931636, expected: &quot;13206.13 zł&quot;)" computerName="DESKTOP-5URQ9PB" duration="00:00:00.0000069" startTime="2022-06-13T21:15:00.1461103+02:00" endTime="2022-06-13T21:15:00.1461107+02:00" testType="13cdc9d9-ddb5-4fa4-a97d-d965ccfc6d4b" outcome="Passed" testListId="8c84fa94-04c1-424b-9868-57a2d4851a1d" relativeResultsDirectory="0edcfdb2-dcaa-46f0-9248-5e6122401620" />
    <UnitTestResult executionId="65bf4bb2-5c7c-47e2-88dd-b7e57b946589" testId="34bdc501-b6be-65bd-2c54-6d143c30390e" testName="xUnitTestProject.CurrencyHelperTests.FormatToStringTest1000(price: 3694.480496819355, expected: &quot;3694.48 zł&quot;)" computerName="DESKTOP-5URQ9PB" duration="00:00:00.0000074" startTime="2022-06-13T21:15:00.1336293+02:00" endTime="2022-06-13T21:15:00.1336295+02:00" testType="13cdc9d9-ddb5-4fa4-a97d-d965ccfc6d4b" outcome="Passed" testListId="8c84fa94-04c1-424b-9868-57a2d4851a1d" relativeResultsDirectory="65bf4bb2-5c7c-47e2-88dd-b7e57b946589" />
    <UnitTestResult executionId="f5e8bc68-6362-4677-a045-59303d6b8ce2" testId="baa856d2-0f24-fb78-786f-66276d918a1d" testName="xUnitTestProject.CurrencyHelperTests.FormatToStringTest1000(price: 6864.093052674129, expected: &quot;6864.09 zł&quot;)" computerName="DESKTOP-5URQ9PB" duration="00:00:00.0000044" startTime="2022-06-13T21:15:00.1687691+02:00" endTime="2022-06-13T21:15:00.1687693+02:00" testType="13cdc9d9-ddb5-4fa4-a97d-d965ccfc6d4b" outcome="Passed" testListId="8c84fa94-04c1-424b-9868-57a2d4851a1d" relativeResultsDirectory="f5e8bc68-6362-4677-a045-59303d6b8ce2" />
    <UnitTestResult executionId="3b03f9e0-162d-4ca4-a9ea-df3327519afc" testId="ff088bf9-c4c9-daf8-12f7-40d9669dd362" testName="xUnitTestProject.CurrencyHelperTests.FormatToStringTest1000(price: 5628.028273674672, expected: &quot;5628.03 zł&quot;)" computerName="DESKTOP-5URQ9PB" duration="00:00:00.0000067" startTime="2022-06-13T21:15:00.1518745+02:00" endTime="2022-06-13T21:15:00.1518747+02:00" testType="13cdc9d9-ddb5-4fa4-a97d-d965ccfc6d4b" outcome="Passed" testListId="8c84fa94-04c1-424b-9868-57a2d4851a1d" relativeResultsDirectory="3b03f9e0-162d-4ca4-a9ea-df3327519afc" />
    <UnitTestResult executionId="5754d99b-e5e8-4de2-9872-40a235a5a658" testId="a1a0e8aa-488b-d813-0baf-a61aa194c928" testName="xUnitTestProject.CurrencyHelperTests.FormatToStringTest1000(price: 32359.431438434138, expected: &quot;32359.43 zł&quot;)" computerName="DESKTOP-5URQ9PB" duration="00:00:00.0000046" startTime="2022-06-13T21:15:00.0593665+02:00" endTime="2022-06-13T21:15:00.0593671+02:00" testType="13cdc9d9-ddb5-4fa4-a97d-d965ccfc6d4b" outcome="Passed" testListId="8c84fa94-04c1-424b-9868-57a2d4851a1d" relativeResultsDirectory="5754d99b-e5e8-4de2-9872-40a235a5a658" />
    <UnitTestResult executionId="fc72ee35-91a8-40e8-9878-d0df6277d4bb" testId="82cc450a-0e9d-45d3-9478-f947af9d278f" testName="xUnitTestProject.CurrencyHelperTests.FormatToStringTest1000(price: 7715.904444139406, expected: &quot;7715.90 zł&quot;)" computerName="DESKTOP-5URQ9PB" duration="00:00:00.0000074" startTime="2022-06-13T21:15:00.1215965+02:00" endTime="2022-06-13T21:15:00.1215967+02:00" testType="13cdc9d9-ddb5-4fa4-a97d-d965ccfc6d4b" outcome="Passed" testListId="8c84fa94-04c1-424b-9868-57a2d4851a1d" relativeResultsDirectory="fc72ee35-91a8-40e8-9878-d0df6277d4bb" />
    <UnitTestResult executionId="930406a4-914a-400f-a6a5-5aa631d7c543" testId="3592b35e-5647-34de-406e-9d7d0b031ac6" testName="xUnitTestProject.CurrencyHelperTests.FormatToStringTest1000(price: 6173.0243155793405, expected: &quot;6173.02 zł&quot;)" computerName="DESKTOP-5URQ9PB" duration="00:00:00.0000090" startTime="2022-06-13T21:15:00.1125995+02:00" endTime="2022-06-13T21:15:00.1125997+02:00" testType="13cdc9d9-ddb5-4fa4-a97d-d965ccfc6d4b" outcome="Passed" testListId="8c84fa94-04c1-424b-9868-57a2d4851a1d" relativeResultsDirectory="930406a4-914a-400f-a6a5-5aa631d7c543" />
    <UnitTestResult executionId="541bd9ad-b285-43b2-9270-4e1c068c2de7" testId="575b3040-83fc-2437-91d5-9ac3f2af85b4" testName="xUnitTestProject.CurrencyHelperTests.FormatToStringTest1000(price: 10784.438152511344, expected: &quot;10784.44 zł&quot;)" computerName="DESKTOP-5URQ9PB" duration="00:00:00.0000059" startTime="2022-06-13T21:15:00.1179766+02:00" endTime="2022-06-13T21:15:00.1179769+02:00" testType="13cdc9d9-ddb5-4fa4-a97d-d965ccfc6d4b" outcome="Passed" testListId="8c84fa94-04c1-424b-9868-57a2d4851a1d" relativeResultsDirectory="541bd9ad-b285-43b2-9270-4e1c068c2de7" />
    <UnitTestResult executionId="2892d5ac-635d-41e0-892d-04e951a8a3ec" testId="ef8075a8-e8bb-22f0-871e-f2b168e2c55c" testName="xUnitTestProject.CurrencyHelperTests.FormatToStringTest1000(price: 54275.73209373408, expected: &quot;54275.73 zł&quot;)" computerName="DESKTOP-5URQ9PB" duration="00:00:00.0000059" startTime="2022-06-13T21:15:00.0738768+02:00" endTime="2022-06-13T21:15:00.0738770+02:00" testType="13cdc9d9-ddb5-4fa4-a97d-d965ccfc6d4b" outcome="Passed" testListId="8c84fa94-04c1-424b-9868-57a2d4851a1d" relativeResultsDirectory="2892d5ac-635d-41e0-892d-04e951a8a3ec" />
    <UnitTestResult executionId="a977a13b-0343-41cf-ada5-d9c773fa7532" testId="d543b1fe-0034-e565-eca0-f9a5d2d12bdc" testName="xUnitTestProject.CurrencyHelperTests.FormatToStringTest1000(price: 26223.99769144412, expected: &quot;26224.00 zł&quot;)" computerName="DESKTOP-5URQ9PB" duration="00:00:00.0000041" startTime="2022-06-13T21:15:00.1053122+02:00" endTime="2022-06-13T21:15:00.1053123+02:00" testType="13cdc9d9-ddb5-4fa4-a97d-d965ccfc6d4b" outcome="Passed" testListId="8c84fa94-04c1-424b-9868-57a2d4851a1d" relativeResultsDirectory="a977a13b-0343-41cf-ada5-d9c773fa7532" />
    <UnitTestResult executionId="c510d3ee-4385-42ea-b706-d768daed9733" testId="d493c8e9-cfea-2fc7-4acb-79ca91dde5f0" testName="xUnitTestProject.CurrencyHelperTests.FormatToStringTest1000(price: 10527.083945901639, expected: &quot;10527.08 zł&quot;)" computerName="DESKTOP-5URQ9PB" duration="00:00:00.0000056" startTime="2022-06-13T21:15:00.1538476+02:00" endTime="2022-06-13T21:15:00.1538478+02:00" testType="13cdc9d9-ddb5-4fa4-a97d-d965ccfc6d4b" outcome="Passed" testListId="8c84fa94-04c1-424b-9868-57a2d4851a1d" relativeResultsDirectory="c510d3ee-4385-42ea-b706-d768daed9733" />
    <UnitTestResult executionId="0356043b-9647-4d61-bc6c-e1e7a2a7dbf4" testId="fe39f516-26c8-b34c-d7c3-8fcbe7da1ba2" testName="xUnitTestProject.CurrencyHelperTests.FormatToStringTest1000(price: 27893.312729890138, expected: &quot;27893.31 zł&quot;)" computerName="DESKTOP-5URQ9PB" duration="00:00:00.0000045" startTime="2022-06-13T21:15:00.0852623+02:00" endTime="2022-06-13T21:15:00.0852625+02:00" testType="13cdc9d9-ddb5-4fa4-a97d-d965ccfc6d4b" outcome="Passed" testListId="8c84fa94-04c1-424b-9868-57a2d4851a1d" relativeResultsDirectory="0356043b-9647-4d61-bc6c-e1e7a2a7dbf4" />
    <UnitTestResult executionId="24fdb4dd-546d-452a-ae21-0354a00faf99" testId="0a7a5bc8-9d15-4c47-d83e-93a1a167a703" testName="xUnitTestProject.CurrencyHelperTests.FormatToStringTest1000(price: 10775.728533390784, expected: &quot;10775.73 zł&quot;)" computerName="DESKTOP-5URQ9PB" duration="00:00:00.0000044" startTime="2022-06-13T21:15:00.1925301+02:00" endTime="2022-06-13T21:15:00.1925303+02:00" testType="13cdc9d9-ddb5-4fa4-a97d-d965ccfc6d4b" outcome="Passed" testListId="8c84fa94-04c1-424b-9868-57a2d4851a1d" relativeResultsDirectory="24fdb4dd-546d-452a-ae21-0354a00faf99" />
    <UnitTestResult executionId="44682ec5-92b3-4ea8-9be0-4909f036ee8a" testId="1f661c1f-d0bf-b374-44cc-db7131efefe7" testName="xUnitTestProject.CurrencyHelperTests.FormatToStringTest1000(price: 27751.474436297303, expected: &quot;27751.47 zł&quot;)" computerName="DESKTOP-5URQ9PB" duration="00:00:00.0000056" startTime="2022-06-13T21:15:00.1529080+02:00" endTime="2022-06-13T21:15:00.1529083+02:00" testType="13cdc9d9-ddb5-4fa4-a97d-d965ccfc6d4b" outcome="Passed" testListId="8c84fa94-04c1-424b-9868-57a2d4851a1d" relativeResultsDirectory="44682ec5-92b3-4ea8-9be0-4909f036ee8a" />
    <UnitTestResult executionId="2ff828df-1452-427e-a0fc-1d581b938c6a" testId="73bcea4a-0bf6-aaca-b16b-8e4d59f9059e" testName="xUnitTestProject.CurrencyHelperTests.FormatToStringTest1000(price: 6946.333318357977, expected: &quot;6946.33 zł&quot;)" computerName="DESKTOP-5URQ9PB" duration="00:00:00.0000040" startTime="2022-06-13T21:15:00.1053493+02:00" endTime="2022-06-13T21:15:00.1053495+02:00" testType="13cdc9d9-ddb5-4fa4-a97d-d965ccfc6d4b" outcome="Passed" testListId="8c84fa94-04c1-424b-9868-57a2d4851a1d" relativeResultsDirectory="2ff828df-1452-427e-a0fc-1d581b938c6a" />
    <UnitTestResult executionId="f7df600e-0f31-4777-8818-0501f95f62ed" testId="4168f0ac-b835-769a-f744-274b70d89027" testName="xUnitTestProject.CurrencyHelperTests.FormatToStringTest1000(price: 65947.64520381515, expected: &quot;65947.65 zł&quot;)" computerName="DESKTOP-5URQ9PB" duration="00:00:00.0000068" startTime="2022-06-13T21:15:00.1616169+02:00" endTime="2022-06-13T21:15:00.1616171+02:00" testType="13cdc9d9-ddb5-4fa4-a97d-d965ccfc6d4b" outcome="Passed" testListId="8c84fa94-04c1-424b-9868-57a2d4851a1d" relativeResultsDirectory="f7df600e-0f31-4777-8818-0501f95f62ed" />
    <UnitTestResult executionId="a635164e-c770-4124-8d65-8bd5cb48269a" testId="cff23f42-1941-5ae0-6937-50ea8e98f70a" testName="xUnitTestProject.CurrencyHelperTests.FormatToStringTest1000(price: 22666.13578912995, expected: &quot;22666.14 zł&quot;)" computerName="DESKTOP-5URQ9PB" duration="00:00:00.0000073" startTime="2022-06-13T21:15:00.1089195+02:00" endTime="2022-06-13T21:15:00.1089196+02:00" testType="13cdc9d9-ddb5-4fa4-a97d-d965ccfc6d4b" outcome="Passed" testListId="8c84fa94-04c1-424b-9868-57a2d4851a1d" relativeResultsDirectory="a635164e-c770-4124-8d65-8bd5cb48269a" />
    <UnitTestResult executionId="a2e29760-9903-463e-859f-839f062d98a4" testId="e59747a8-433f-61a0-e952-9d5b29617a9f" testName="xUnitTestProject.CurrencyHelperTests.FormatToStringTest1000(price: 28155.26504817664, expected: &quot;28155.27 zł&quot;)" computerName="DESKTOP-5URQ9PB" duration="00:00:00.0000043" startTime="2022-06-13T21:15:00.0842323+02:00" endTime="2022-06-13T21:15:00.0842324+02:00" testType="13cdc9d9-ddb5-4fa4-a97d-d965ccfc6d4b" outcome="Passed" testListId="8c84fa94-04c1-424b-9868-57a2d4851a1d" relativeResultsDirectory="a2e29760-9903-463e-859f-839f062d98a4" />
    <UnitTestResult executionId="a574dca2-d736-4d5a-bb90-388c46adf64e" testId="9e735874-97ea-8ca0-11c8-94ac42e81acc" testName="xUnitTestProject.CurrencyHelperTests.FormatToStringTest1000(price: 39178.05988345298, expected: &quot;39178.06 zł&quot;)" computerName="DESKTOP-5URQ9PB" duration="00:00:00.0000058" startTime="2022-06-13T21:15:00.1539977+02:00" endTime="2022-06-13T21:15:00.1539979+02:00" testType="13cdc9d9-ddb5-4fa4-a97d-d965ccfc6d4b" outcome="Passed" testListId="8c84fa94-04c1-424b-9868-57a2d4851a1d" relativeResultsDirectory="a574dca2-d736-4d5a-bb90-388c46adf64e" />
    <UnitTestResult executionId="ed797e4f-c467-4851-88fe-f159eb661c31" testId="90e736db-bebc-59eb-dcfd-94a08c26727f" testName="xUnitTestProject.CurrencyHelperTests.FormatToStringTest1000(price: 29539.32303995328, expected: &quot;29539.32 zł&quot;)" computerName="DESKTOP-5URQ9PB" duration="00:00:00.0000079" startTime="2022-06-13T21:15:00.1563295+02:00" endTime="2022-06-13T21:15:00.1563297+02:00" testType="13cdc9d9-ddb5-4fa4-a97d-d965ccfc6d4b" outcome="Passed" testListId="8c84fa94-04c1-424b-9868-57a2d4851a1d" relativeResultsDirectory="ed797e4f-c467-4851-88fe-f159eb661c31" />
    <UnitTestResult executionId="a92d86ff-1d59-4b82-bd16-4edd34476896" testId="055fec57-4e1c-11c8-a858-911643af23bd" testName="xUnitTestProject.CurrencyHelperTests.FormatToStringTest1000(price: 8211.920994553679, expected: &quot;8211.92 zł&quot;)" computerName="DESKTOP-5URQ9PB" duration="00:00:00.0000056" startTime="2022-06-13T21:15:00.1168671+02:00" endTime="2022-06-13T21:15:00.1168675+02:00" testType="13cdc9d9-ddb5-4fa4-a97d-d965ccfc6d4b" outcome="Passed" testListId="8c84fa94-04c1-424b-9868-57a2d4851a1d" relativeResultsDirectory="a92d86ff-1d59-4b82-bd16-4edd34476896" />
    <UnitTestResult executionId="ea2dcebe-4383-42d8-b77f-ce30484df3c6" testId="17903115-6688-8f7d-0f17-6bed61c91258" testName="xUnitTestProject.CurrencyHelperTests.FormatToStringTest1000(price: 11796.576829059317, expected: &quot;11796.58 zł&quot;)" computerName="DESKTOP-5URQ9PB" duration="00:00:00.0000063" startTime="2022-06-13T21:15:00.1639799+02:00" endTime="2022-06-13T21:15:00.1639801+02:00" testType="13cdc9d9-ddb5-4fa4-a97d-d965ccfc6d4b" outcome="Passed" testListId="8c84fa94-04c1-424b-9868-57a2d4851a1d" relativeResultsDirectory="ea2dcebe-4383-42d8-b77f-ce30484df3c6" />
    <UnitTestResult executionId="7fd7571e-3eab-4f5e-9e5a-c447d09a31a3" testId="7a86c51e-006c-a65e-34c9-ff3a6b2ed4b5" testName="xUnitTestProject.CurrencyHelperTests.FormatToStringTest1000(price: 50644.690874327294, expected: &quot;50644.69 zł&quot;)" computerName="DESKTOP-5URQ9PB" duration="00:00:00.0000056" startTime="2022-06-13T21:15:00.1403674+02:00" endTime="2022-06-13T21:15:00.1403684+02:00" testType="13cdc9d9-ddb5-4fa4-a97d-d965ccfc6d4b" outcome="Passed" testListId="8c84fa94-04c1-424b-9868-57a2d4851a1d" relativeResultsDirectory="7fd7571e-3eab-4f5e-9e5a-c447d09a31a3" />
    <UnitTestResult executionId="e40ad3b1-8639-4246-8517-414c33012c75" testId="e62a06d7-081f-b513-c2d5-80ddeebcb813" testName="xUnitTestProject.CurrencyHelperTests.FormatToStringTest1000(price: 39531.95190033268, expected: &quot;39531.95 zł&quot;)" computerName="DESKTOP-5URQ9PB" duration="00:00:00.0000041" startTime="2022-06-13T21:15:00.1030932+02:00" endTime="2022-06-13T21:15:00.1030933+02:00" testType="13cdc9d9-ddb5-4fa4-a97d-d965ccfc6d4b" outcome="Passed" testListId="8c84fa94-04c1-424b-9868-57a2d4851a1d" relativeResultsDirectory="e40ad3b1-8639-4246-8517-414c33012c75" />
    <UnitTestResult executionId="fcc1a6df-7b69-4dc9-b58b-5787e2314445" testId="171141a5-7e7d-d227-6619-8929fed50e13" testName="xUnitTestProject.CurrencyHelperTests.FormatToStringTest1000(price: 806.960597043373, expected: &quot;806.96 zł&quot;)" computerName="DESKTOP-5URQ9PB" duration="00:00:00.0000072" startTime="2022-06-13T21:15:00.1711247+02:00" endTime="2022-06-13T21:15:00.1711248+02:00" testType="13cdc9d9-ddb5-4fa4-a97d-d965ccfc6d4b" outcome="Passed" testListId="8c84fa94-04c1-424b-9868-57a2d4851a1d" relativeResultsDirectory="fcc1a6df-7b69-4dc9-b58b-5787e2314445" />
    <UnitTestResult executionId="08b81227-4d62-491e-a529-e6a6df1642c5" testId="d633a901-6eef-f5d7-952c-569ae3ddce8f" testName="xUnitTestProject.CurrencyHelperTests.FormatToStringTest1000(price: 18023.78504577455, expected: &quot;18023.79 zł&quot;)" computerName="DESKTOP-5URQ9PB" duration="00:00:00.0000061" startTime="2022-06-13T21:15:00.1505812+02:00" endTime="2022-06-13T21:15:00.1505814+02:00" testType="13cdc9d9-ddb5-4fa4-a97d-d965ccfc6d4b" outcome="Passed" testListId="8c84fa94-04c1-424b-9868-57a2d4851a1d" relativeResultsDirectory="08b81227-4d62-491e-a529-e6a6df1642c5" />
    <UnitTestResult executionId="73702dfb-5cdc-486e-92dd-7256085cf812" testId="386de361-29e9-e772-105e-fd42e87ecfec" testName="xUnitTestProject.CurrencyHelperTests.FormatToStringTest1000(price: 38253.101637909705, expected: &quot;38253.10 zł&quot;)" computerName="DESKTOP-5URQ9PB" duration="00:00:00.0000068" startTime="2022-06-13T21:15:00.1496273+02:00" endTime="2022-06-13T21:15:00.1496275+02:00" testType="13cdc9d9-ddb5-4fa4-a97d-d965ccfc6d4b" outcome="Passed" testListId="8c84fa94-04c1-424b-9868-57a2d4851a1d" relativeResultsDirectory="73702dfb-5cdc-486e-92dd-7256085cf812" />
    <UnitTestResult executionId="19085780-0441-4cc5-9ea1-da3bf8cb99e7" testId="71aa02e1-e075-142b-97e5-961b91ee4f3d" testName="xUnitTestProject.CurrencyHelperTests.FormatToStringTest1000(price: 1313.0279238368514, expected: &quot;1313.03 zł&quot;)" computerName="DESKTOP-5URQ9PB" duration="00:00:00.0000076" startTime="2022-06-13T21:15:00.1213365+02:00" endTime="2022-06-13T21:15:00.1213367+02:00" testType="13cdc9d9-ddb5-4fa4-a97d-d965ccfc6d4b" outcome="Passed" testListId="8c84fa94-04c1-424b-9868-57a2d4851a1d" relativeResultsDirectory="19085780-0441-4cc5-9ea1-da3bf8cb99e7" />
    <UnitTestResult executionId="99cb5db7-3522-4be8-9646-f0f248a3c98a" testId="cbad7040-1370-8b80-f9ed-c7be376f327f" testName="xUnitTestProject.CurrencyHelperTests.FormatToStringTest1000(price: 65809.35218338219, expected: &quot;65809.35 zł&quot;)" computerName="DESKTOP-5URQ9PB" duration="00:00:00.0000058" startTime="2022-06-13T21:15:00.1879012+02:00" endTime="2022-06-13T21:15:00.1879014+02:00" testType="13cdc9d9-ddb5-4fa4-a97d-d965ccfc6d4b" outcome="Passed" testListId="8c84fa94-04c1-424b-9868-57a2d4851a1d" relativeResultsDirectory="99cb5db7-3522-4be8-9646-f0f248a3c98a" />
    <UnitTestResult executionId="968f8797-b08d-475a-932b-2dd09be5ecc7" testId="0740431b-2d5c-94f4-7631-d3fb545f47f1" testName="xUnitTestProject.CurrencyHelperTests.FormatToStringTest1000(price: 2216.881526520886, expected: &quot;2216.88 zł&quot;)" computerName="DESKTOP-5URQ9PB" duration="00:00:00.0000070" startTime="2022-06-13T21:15:00.1779100+02:00" endTime="2022-06-13T21:15:00.1779102+02:00" testType="13cdc9d9-ddb5-4fa4-a97d-d965ccfc6d4b" outcome="Passed" testListId="8c84fa94-04c1-424b-9868-57a2d4851a1d" relativeResultsDirectory="968f8797-b08d-475a-932b-2dd09be5ecc7" />
    <UnitTestResult executionId="9e1d3350-e7b8-40d2-b6bc-754ece566865" testId="68aeee53-b239-e7d6-6e18-da94fac3a451" testName="xUnitTestProject.CurrencyHelperTests.FormatToStringTest1000(price: 43858.624379632354, expected: &quot;43858.62 zł&quot;)" computerName="DESKTOP-5URQ9PB" duration="00:00:00.0000085" startTime="2022-06-13T21:15:00.1800210+02:00" endTime="2022-06-13T21:15:00.1800211+02:00" testType="13cdc9d9-ddb5-4fa4-a97d-d965ccfc6d4b" outcome="Passed" testListId="8c84fa94-04c1-424b-9868-57a2d4851a1d" relativeResultsDirectory="9e1d3350-e7b8-40d2-b6bc-754ece566865" />
    <UnitTestResult executionId="683332f7-2d22-479e-bb40-2f8e3dab5735" testId="230e1e23-a8f6-7ac5-0938-0ce23eabf420" testName="xUnitTestProject.CurrencyHelperTests.FormatToStringTest1000(price: 12091.219941106729, expected: &quot;12091.22 zł&quot;)" computerName="DESKTOP-5URQ9PB" duration="00:00:00.0000055" startTime="2022-06-13T21:15:00.1204539+02:00" endTime="2022-06-13T21:15:00.1204540+02:00" testType="13cdc9d9-ddb5-4fa4-a97d-d965ccfc6d4b" outcome="Passed" testListId="8c84fa94-04c1-424b-9868-57a2d4851a1d" relativeResultsDirectory="683332f7-2d22-479e-bb40-2f8e3dab5735" />
    <UnitTestResult executionId="cf4b535f-ff8f-48c7-b2f0-fc920f6e8657" testId="d6b10638-19d7-868a-2152-f7946c6c6899" testName="xUnitTestProject.CurrencyHelperTests.FormatToStringTest1000(price: 904.351189922705, expected: &quot;904.35 zł&quot;)" computerName="DESKTOP-5URQ9PB" duration="00:00:00.0000077" startTime="2022-06-13T21:15:00.1640605+02:00" endTime="2022-06-13T21:15:00.1640608+02:00" testType="13cdc9d9-ddb5-4fa4-a97d-d965ccfc6d4b" outcome="Passed" testListId="8c84fa94-04c1-424b-9868-57a2d4851a1d" relativeResultsDirectory="cf4b535f-ff8f-48c7-b2f0-fc920f6e8657" />
    <UnitTestResult executionId="5d23117b-9bcb-4f64-b873-eb18e6186a72" testId="e1c5523d-f177-82aa-b8ad-0ce279495eeb" testName="xUnitTestProject.CurrencyHelperTests.FormatToStringTest1000(price: 6809.40195803037, expected: &quot;6809.40 zł&quot;)" computerName="DESKTOP-5URQ9PB" duration="00:00:00.0000080" startTime="2022-06-13T21:15:00.1689933+02:00" endTime="2022-06-13T21:15:00.1689935+02:00" testType="13cdc9d9-ddb5-4fa4-a97d-d965ccfc6d4b" outcome="Passed" testListId="8c84fa94-04c1-424b-9868-57a2d4851a1d" relativeResultsDirectory="5d23117b-9bcb-4f64-b873-eb18e6186a72" />
    <UnitTestResult executionId="cf04d948-3e95-4c41-ba48-61c597b00c6f" testId="9e564273-69a8-eaf4-221d-8cb7dd068c7d" testName="xUnitTestProject.CurrencyHelperTests.FormatToStringTest1000(price: 30360.993128030557, expected: &quot;30360.99 zł&quot;)" computerName="DESKTOP-5URQ9PB" duration="00:00:00.0000039" startTime="2022-06-13T21:15:00.0804551+02:00" endTime="2022-06-13T21:15:00.0804553+02:00" testType="13cdc9d9-ddb5-4fa4-a97d-d965ccfc6d4b" outcome="Passed" testListId="8c84fa94-04c1-424b-9868-57a2d4851a1d" relativeResultsDirectory="cf04d948-3e95-4c41-ba48-61c597b00c6f" />
    <UnitTestResult executionId="f3b453e3-2782-4aef-b008-671f1e096655" testId="d9592df4-0966-3c3a-722c-1595fa840f06" testName="xUnitTestProject.CurrencyHelperTests.FormatToStringTest1000(price: 37114.901517336206, expected: &quot;37114.90 zł&quot;)" computerName="DESKTOP-5URQ9PB" duration="00:00:00.0000076" startTime="2022-06-13T21:15:00.1699205+02:00" endTime="2022-06-13T21:15:00.1699207+02:00" testType="13cdc9d9-ddb5-4fa4-a97d-d965ccfc6d4b" outcome="Passed" testListId="8c84fa94-04c1-424b-9868-57a2d4851a1d" relativeResultsDirectory="f3b453e3-2782-4aef-b008-671f1e096655" />
    <UnitTestResult executionId="f22e7795-2c76-41ff-8164-6b130d0ea3e5" testId="cb9f49fb-58b9-06a6-2d40-6492ed02487d" testName="xUnitTestProject.CurrencyHelperTests.FormatToStringTest1000(price: 386.358918903097, expected: &quot;386.36 zł&quot;)" computerName="DESKTOP-5URQ9PB" duration="00:00:00.0000050" startTime="2022-06-13T21:15:00.1053865+02:00" endTime="2022-06-13T21:15:00.1053867+02:00" testType="13cdc9d9-ddb5-4fa4-a97d-d965ccfc6d4b" outcome="Passed" testListId="8c84fa94-04c1-424b-9868-57a2d4851a1d" relativeResultsDirectory="f22e7795-2c76-41ff-8164-6b130d0ea3e5" />
    <UnitTestResult executionId="3910b78c-1507-4c38-8de6-7438e941ec9c" testId="6c2df068-e073-781f-ed58-d73445937e1f" testName="xUnitTestProject.CurrencyHelperTests.FormatToStringTest1000(price: 26843.15785584932, expected: &quot;26843.16 zł&quot;)" computerName="DESKTOP-5URQ9PB" duration="00:00:00.0000073" startTime="2022-06-13T21:15:00.1473231+02:00" endTime="2022-06-13T21:15:00.1473232+02:00" testType="13cdc9d9-ddb5-4fa4-a97d-d965ccfc6d4b" outcome="Passed" testListId="8c84fa94-04c1-424b-9868-57a2d4851a1d" relativeResultsDirectory="3910b78c-1507-4c38-8de6-7438e941ec9c" />
    <UnitTestResult executionId="b727a7e2-a3bb-4033-81b0-b8b77ff17915" testId="c558e0d2-3c06-e002-2aa3-e6624e30de98" testName="xUnitTestProject.CurrencyHelperTests.FormatToStringTest1000(price: 13197.65136269417, expected: &quot;13197.65 zł&quot;)" computerName="DESKTOP-5URQ9PB" duration="00:00:00.0000066" startTime="2022-06-13T21:15:00.1616923+02:00" endTime="2022-06-13T21:15:00.1616924+02:00" testType="13cdc9d9-ddb5-4fa4-a97d-d965ccfc6d4b" outcome="Passed" testListId="8c84fa94-04c1-424b-9868-57a2d4851a1d" relativeResultsDirectory="b727a7e2-a3bb-4033-81b0-b8b77ff17915" />
    <UnitTestResult executionId="32311ec4-114f-44dc-9769-f6dbc0f68465" testId="56dbe364-b862-68d4-f157-de01aca24e66" testName="xUnitTestProject.CurrencyHelperTests.FormatToStringTest1000(price: 28502.61128259758, expected: &quot;28502.61 zł&quot;)" computerName="DESKTOP-5URQ9PB" duration="00:00:00.0000045" startTime="2022-06-13T21:15:00.1822467+02:00" endTime="2022-06-13T21:15:00.1822469+02:00" testType="13cdc9d9-ddb5-4fa4-a97d-d965ccfc6d4b" outcome="Passed" testListId="8c84fa94-04c1-424b-9868-57a2d4851a1d" relativeResultsDirectory="32311ec4-114f-44dc-9769-f6dbc0f68465" />
    <UnitTestResult executionId="c72fbaa6-4cb1-49e2-8ae8-4f4fb98529be" testId="23282872-5c32-1fb9-e0a2-cb7aa878c838" testName="xUnitTestProject.CurrencyHelperTests.FormatToStringTest1000(price: 16819.974312979717, expected: &quot;16819.97 zł&quot;)" computerName="DESKTOP-5URQ9PB" duration="00:00:00.0000076" startTime="2022-06-13T21:15:00.1688452+02:00" endTime="2022-06-13T21:15:00.1688454+02:00" testType="13cdc9d9-ddb5-4fa4-a97d-d965ccfc6d4b" outcome="Passed" testListId="8c84fa94-04c1-424b-9868-57a2d4851a1d" relativeResultsDirectory="c72fbaa6-4cb1-49e2-8ae8-4f4fb98529be" />
    <UnitTestResult executionId="cd47bb4e-c5a7-4ab1-8891-de0a617ec9a2" testId="afbbae00-ce73-0862-4d3c-578f15f46774" testName="xUnitTestProject.CurrencyHelperTests.FormatToStringTest1000(price: 1662.8482664818168, expected: &quot;1662.85 zł&quot;)" computerName="DESKTOP-5URQ9PB" duration="00:00:00.0000070" startTime="2022-06-13T21:15:00.1077849+02:00" endTime="2022-06-13T21:15:00.1077851+02:00" testType="13cdc9d9-ddb5-4fa4-a97d-d965ccfc6d4b" outcome="Passed" testListId="8c84fa94-04c1-424b-9868-57a2d4851a1d" relativeResultsDirectory="cd47bb4e-c5a7-4ab1-8891-de0a617ec9a2" />
    <UnitTestResult executionId="b6842fcb-4d13-42ba-8cbf-408617e1d6b2" testId="3b31ccce-844d-e8f4-84db-04ab2e64b9a7" testName="xUnitTestProject.CurrencyHelperTests.FormatToStringTest1000(price: 3477.860963622509, expected: &quot;3477.86 zł&quot;)" computerName="DESKTOP-5URQ9PB" duration="00:00:00.0000046" startTime="2022-06-13T21:15:00.1897125+02:00" endTime="2022-06-13T21:15:00.1897127+02:00" testType="13cdc9d9-ddb5-4fa4-a97d-d965ccfc6d4b" outcome="Passed" testListId="8c84fa94-04c1-424b-9868-57a2d4851a1d" relativeResultsDirectory="b6842fcb-4d13-42ba-8cbf-408617e1d6b2" />
    <UnitTestResult executionId="9d25f3a4-9434-4e2f-b157-6161b50ecc02" testId="66840d6a-95a8-9e96-1d7b-1ecad55a0c92" testName="xUnitTestProject.CurrencyHelperTests.FormatToStringTest1000(price: 40241.790964380736, expected: &quot;40241.79 zł&quot;)" computerName="DESKTOP-5URQ9PB" duration="00:00:00.0000041" startTime="2022-06-13T21:15:00.1723155+02:00" endTime="2022-06-13T21:15:00.1723157+02:00" testType="13cdc9d9-ddb5-4fa4-a97d-d965ccfc6d4b" outcome="Passed" testListId="8c84fa94-04c1-424b-9868-57a2d4851a1d" relativeResultsDirectory="9d25f3a4-9434-4e2f-b157-6161b50ecc02" />
    <UnitTestResult executionId="f882d286-c09e-4448-8cf3-ee0599eefca2" testId="3a14b4a3-bbfa-4f36-3b26-b18f61900c63" testName="xUnitTestProject.CurrencyHelperTests.FormatToStringTest1000(price: 63946.51014057478, expected: &quot;63946.51 zł&quot;)" computerName="DESKTOP-5URQ9PB" duration="00:00:00.0000078" startTime="2022-06-13T21:15:00.1204908+02:00" endTime="2022-06-13T21:15:00.1204910+02:00" testType="13cdc9d9-ddb5-4fa4-a97d-d965ccfc6d4b" outcome="Passed" testListId="8c84fa94-04c1-424b-9868-57a2d4851a1d" relativeResultsDirectory="f882d286-c09e-4448-8cf3-ee0599eefca2" />
    <UnitTestResult executionId="2a5f7fa1-3ef5-479d-85d7-cf4a6638c237" testId="b903f011-25d7-d156-43c9-1974a38b345d" testName="xUnitTestProject.CurrencyHelperTests.FormatToStringTest1000(price: 10994.251866986162, expected: &quot;10994.25 zł&quot;)" computerName="DESKTOP-5URQ9PB" duration="00:00:00.0000059" startTime="2022-06-13T21:15:00.1226961+02:00" endTime="2022-06-13T21:15:00.1226963+02:00" testType="13cdc9d9-ddb5-4fa4-a97d-d965ccfc6d4b" outcome="Passed" testListId="8c84fa94-04c1-424b-9868-57a2d4851a1d" relativeResultsDirectory="2a5f7fa1-3ef5-479d-85d7-cf4a6638c237" />
    <UnitTestResult executionId="cd9d516c-fc43-4b8b-ad31-92f5dd862433" testId="6f661c9f-cb4c-fdf6-5a9a-217f69ebc5d5" testName="xUnitTestProject.CurrencyHelperTests.FormatToStringTest1000(price: 1613.6903705837626, expected: &quot;1613.69 zł&quot;)" computerName="DESKTOP-5URQ9PB" duration="00:00:00.0000063" startTime="2022-06-13T21:15:00.0920873+02:00" endTime="2022-06-13T21:15:00.0920875+02:00" testType="13cdc9d9-ddb5-4fa4-a97d-d965ccfc6d4b" outcome="Passed" testListId="8c84fa94-04c1-424b-9868-57a2d4851a1d" relativeResultsDirectory="cd9d516c-fc43-4b8b-ad31-92f5dd862433" />
    <UnitTestResult executionId="95f08c3c-76f4-483a-a190-56b5cdbf3c74" testId="384612ec-11e1-c891-3d7e-9db254e6a2b4" testName="xUnitTestProject.CurrencyHelperTests.FormatToStringTest1000(price: 25990.318498101697, expected: &quot;25990.32 zł&quot;)" computerName="DESKTOP-5URQ9PB" duration="00:00:00.0000076" startTime="2022-06-13T21:15:00.1077479+02:00" endTime="2022-06-13T21:15:00.1077480+02:00" testType="13cdc9d9-ddb5-4fa4-a97d-d965ccfc6d4b" outcome="Passed" testListId="8c84fa94-04c1-424b-9868-57a2d4851a1d" relativeResultsDirectory="95f08c3c-76f4-483a-a190-56b5cdbf3c74" />
    <UnitTestResult executionId="326391a1-e2ce-4235-99e2-426ea28e826a" testId="85835fd9-2c0e-82ff-767f-a5379021f4f3" testName="xUnitTestProject.CurrencyHelperTests.FormatToStringTest1000(price: 480.2082316857801, expected: &quot;480.21 zł&quot;)" computerName="DESKTOP-5URQ9PB" duration="00:00:00.0000131" startTime="2022-06-13T21:15:00.1711620+02:00" endTime="2022-06-13T21:15:00.1711622+02:00" testType="13cdc9d9-ddb5-4fa4-a97d-d965ccfc6d4b" outcome="Passed" testListId="8c84fa94-04c1-424b-9868-57a2d4851a1d" relativeResultsDirectory="326391a1-e2ce-4235-99e2-426ea28e826a" />
    <UnitTestResult executionId="5486f227-76e5-4873-b988-4a288547ec42" testId="8f731e1d-d266-da92-7f8a-593d1a2e36d6" testName="xUnitTestProject.CurrencyHelperTests.FormatToStringTest1000(price: 19006.315459580772, expected: &quot;19006.32 zł&quot;)" computerName="DESKTOP-5URQ9PB" duration="00:00:00.0000071" startTime="2022-06-13T21:15:00.1506928+02:00" endTime="2022-06-13T21:15:00.1506930+02:00" testType="13cdc9d9-ddb5-4fa4-a97d-d965ccfc6d4b" outcome="Passed" testListId="8c84fa94-04c1-424b-9868-57a2d4851a1d" relativeResultsDirectory="5486f227-76e5-4873-b988-4a288547ec42" />
    <UnitTestResult executionId="9c5fbf28-6935-4e5f-aaf3-827338fcfe09" testId="9f1933d5-ba32-f60d-5aa4-3e77602dd567" testName="xUnitTestProject.CurrencyHelperTests.FormatToStringTest1000(price: 26207.03715363659, expected: &quot;26207.04 zł&quot;)" computerName="DESKTOP-5URQ9PB" duration="00:00:00.0000056" startTime="2022-06-13T21:15:00.1365220+02:00" endTime="2022-06-13T21:15:00.1365221+02:00" testType="13cdc9d9-ddb5-4fa4-a97d-d965ccfc6d4b" outcome="Passed" testListId="8c84fa94-04c1-424b-9868-57a2d4851a1d" relativeResultsDirectory="9c5fbf28-6935-4e5f-aaf3-827338fcfe09" />
    <UnitTestResult executionId="d958f973-e981-4c50-9abc-f47e923331d6" testId="50bd341a-c773-af8f-d72d-637dadce7bec" testName="xUnitTestProject.CurrencyHelperTests.FormatToStringTest1000(price: 42383.08993972982, expected: &quot;42383.09 zł&quot;)" computerName="DESKTOP-5URQ9PB" duration="00:00:00.0000054" startTime="2022-06-13T21:15:00.1607077+02:00" endTime="2022-06-13T21:15:00.1607079+02:00" testType="13cdc9d9-ddb5-4fa4-a97d-d965ccfc6d4b" outcome="Passed" testListId="8c84fa94-04c1-424b-9868-57a2d4851a1d" relativeResultsDirectory="d958f973-e981-4c50-9abc-f47e923331d6" />
    <UnitTestResult executionId="703af92a-17c3-4c8e-8353-7c8e03ee82e2" testId="2f5e415d-a063-a3ff-febb-2ffdc85ba98d" testName="xUnitTestProject.CurrencyHelperTests.FormatToStringTest1000(price: 31163.834562352316, expected: &quot;31163.83 zł&quot;)" computerName="DESKTOP-5URQ9PB" duration="00:00:00.0000055" startTime="2022-06-13T21:15:00.1356191+02:00" endTime="2022-06-13T21:15:00.1356193+02:00" testType="13cdc9d9-ddb5-4fa4-a97d-d965ccfc6d4b" outcome="Passed" testListId="8c84fa94-04c1-424b-9868-57a2d4851a1d" relativeResultsDirectory="703af92a-17c3-4c8e-8353-7c8e03ee82e2" />
    <UnitTestResult executionId="6192e09e-f3b4-4fb9-846f-d7ad0766a03e" testId="598d9a80-ba03-040c-39ba-536b5b6632f4" testName="xUnitTestProject.CurrencyHelperTests.FormatToStringTest1000(price: 12528.413830086782, expected: &quot;12528.41 zł&quot;)" computerName="DESKTOP-5URQ9PB" duration="00:00:00.0000044" startTime="2022-06-13T21:15:00.1800643+02:00" endTime="2022-06-13T21:15:00.1800645+02:00" testType="13cdc9d9-ddb5-4fa4-a97d-d965ccfc6d4b" outcome="Passed" testListId="8c84fa94-04c1-424b-9868-57a2d4851a1d" relativeResultsDirectory="6192e09e-f3b4-4fb9-846f-d7ad0766a03e" />
    <UnitTestResult executionId="f143e8f7-48ae-4438-9f47-a8f8e5647d4f" testId="61cb44e8-f4b9-17e3-5cff-1fc9b36625bf" testName="xUnitTestProject.CurrencyHelperTests.FormatToStringTest1000(price: 30111.54342534372, expected: &quot;30111.54 zł&quot;)" computerName="DESKTOP-5URQ9PB" duration="00:00:00.0000067" startTime="2022-06-13T21:15:00.1562166+02:00" endTime="2022-06-13T21:15:00.1562168+02:00" testType="13cdc9d9-ddb5-4fa4-a97d-d965ccfc6d4b" outcome="Passed" testListId="8c84fa94-04c1-424b-9868-57a2d4851a1d" relativeResultsDirectory="f143e8f7-48ae-4438-9f47-a8f8e5647d4f" />
    <UnitTestResult executionId="7501899e-e8a0-42ea-bcd6-cd4c4a5cc62c" testId="4637cc44-56b0-2010-e4d2-4d7d6320ef09" testName="xUnitTestProject.CurrencyHelperTests.FormatToStringTest1000(price: 46391.661094229516, expected: &quot;46391.66 zł&quot;)" computerName="DESKTOP-5URQ9PB" duration="00:00:00.0000040" startTime="2022-06-13T21:15:00.1934180+02:00" endTime="2022-06-13T21:15:00.1934182+02:00" testType="13cdc9d9-ddb5-4fa4-a97d-d965ccfc6d4b" outcome="Passed" testListId="8c84fa94-04c1-424b-9868-57a2d4851a1d" relativeResultsDirectory="7501899e-e8a0-42ea-bcd6-cd4c4a5cc62c" />
    <UnitTestResult executionId="1c3f83c7-99c2-4781-8e43-7c533d134570" testId="06022d11-491a-4f0d-4482-3457e9003d33" testName="xUnitTestProject.CurrencyHelperTests.FormatToStringTest1000(price: 31424.298858482067, expected: &quot;31424.30 zł&quot;)" computerName="DESKTOP-5URQ9PB" duration="00:00:00.0000041" startTime="2022-06-13T21:15:00.1020562+02:00" endTime="2022-06-13T21:15:00.1020564+02:00" testType="13cdc9d9-ddb5-4fa4-a97d-d965ccfc6d4b" outcome="Passed" testListId="8c84fa94-04c1-424b-9868-57a2d4851a1d" relativeResultsDirectory="1c3f83c7-99c2-4781-8e43-7c533d134570" />
    <UnitTestResult executionId="d23edafc-5176-48ac-a6a3-255a1429630a" testId="3462b2eb-e30f-6a87-cb93-c3563606a080" testName="xUnitTestProject.CurrencyHelperTests.FormatToStringTest1000(price: 20249.56614074277, expected: &quot;20249.57 zł&quot;)" computerName="DESKTOP-5URQ9PB" duration="00:00:00.0000056" startTime="2022-06-13T21:15:00.1720508+02:00" endTime="2022-06-13T21:15:00.1720513+02:00" testType="13cdc9d9-ddb5-4fa4-a97d-d965ccfc6d4b" outcome="Passed" testListId="8c84fa94-04c1-424b-9868-57a2d4851a1d" relativeResultsDirectory="d23edafc-5176-48ac-a6a3-255a1429630a" />
    <UnitTestResult executionId="3ed11d5a-4ef5-4684-8af9-64ba061a7ccf" testId="faee1a73-2321-167e-168b-f89892fb598c" testName="xUnitTestProject.CurrencyHelperTests.FormatToStringTest1000(price: 70771.4436677524, expected: &quot;70771.44 zł&quot;)" computerName="DESKTOP-5URQ9PB" duration="00:00:00.0000041" startTime="2022-06-13T21:15:00.0596796+02:00" endTime="2022-06-13T21:15:00.0596798+02:00" testType="13cdc9d9-ddb5-4fa4-a97d-d965ccfc6d4b" outcome="Passed" testListId="8c84fa94-04c1-424b-9868-57a2d4851a1d" relativeResultsDirectory="3ed11d5a-4ef5-4684-8af9-64ba061a7ccf" />
    <UnitTestResult executionId="6b6088c5-d71a-449f-81cc-cb52c42cd52c" testId="9a9212ad-b798-7488-4494-e587449427c6" testName="xUnitTestProject.CurrencyHelperTests.FormatToStringTest1000(price: 17579.823312525088, expected: &quot;17579.82 zł&quot;)" computerName="DESKTOP-5URQ9PB" duration="00:00:00.0000044" startTime="2022-06-13T21:15:00.0741148+02:00" endTime="2022-06-13T21:15:00.0741150+02:00" testType="13cdc9d9-ddb5-4fa4-a97d-d965ccfc6d4b" outcome="Passed" testListId="8c84fa94-04c1-424b-9868-57a2d4851a1d" relativeResultsDirectory="6b6088c5-d71a-449f-81cc-cb52c42cd52c" />
    <UnitTestResult executionId="e9fe7376-84a1-4300-aa8f-25b9c50272c8" testId="d1d304ec-d1a8-54dd-0ee3-d84b0c72b00c" testName="xUnitTestProject.CurrencyHelperTests.FormatToStringTest1000(price: 38803.03958246253, expected: &quot;38803.04 zł&quot;)" computerName="DESKTOP-5URQ9PB" duration="00:00:00.0000041" startTime="2022-06-13T21:15:00.0773754+02:00" endTime="2022-06-13T21:15:00.0773758+02:00" testType="13cdc9d9-ddb5-4fa4-a97d-d965ccfc6d4b" outcome="Passed" testListId="8c84fa94-04c1-424b-9868-57a2d4851a1d" relativeResultsDirectory="e9fe7376-84a1-4300-aa8f-25b9c50272c8" />
    <UnitTestResult executionId="1cdc6c68-91eb-45c5-a1ec-387382327752" testId="6dcc8842-a927-f371-cf06-32198da79abc" testName="xUnitTestProject.CurrencyHelperTests.FormatToStringTest1000(price: 17455.15807988595, expected: &quot;17455.16 zł&quot;)" computerName="DESKTOP-5URQ9PB" duration="00:00:00.0000041" startTime="2022-06-13T21:15:00.1832389+02:00" endTime="2022-06-13T21:15:00.1832391+02:00" testType="13cdc9d9-ddb5-4fa4-a97d-d965ccfc6d4b" outcome="Passed" testListId="8c84fa94-04c1-424b-9868-57a2d4851a1d" relativeResultsDirectory="1cdc6c68-91eb-45c5-a1ec-387382327752" />
    <UnitTestResult executionId="0cc878a0-6464-452c-b57a-93f95435fe63" testId="ec976d73-69f5-3cb8-c94a-fac6ea1343ca" testName="xUnitTestProject.CurrencyHelperTests.FormatToStringTest1000(price: 1649.0127968480872, expected: &quot;1649.01 zł&quot;)" computerName="DESKTOP-5URQ9PB" duration="00:00:00.0000065" startTime="2022-06-13T21:15:00.1314554+02:00" endTime="2022-06-13T21:15:00.1314556+02:00" testType="13cdc9d9-ddb5-4fa4-a97d-d965ccfc6d4b" outcome="Passed" testListId="8c84fa94-04c1-424b-9868-57a2d4851a1d" relativeResultsDirectory="0cc878a0-6464-452c-b57a-93f95435fe63" />
    <UnitTestResult executionId="8744d4c8-55f3-4345-a6a5-981d7e66a037" testId="d2e288cb-5b2d-9b97-c7c0-aed9f363013c" testName="xUnitTestProject.CurrencyHelperTests.FormatToStringTest1000(price: 9816.961298880615, expected: &quot;9816.96 zł&quot;)" computerName="DESKTOP-5URQ9PB" duration="00:00:00.0000080" startTime="2022-06-13T21:15:00.1618036+02:00" endTime="2022-06-13T21:15:00.1618038+02:00" testType="13cdc9d9-ddb5-4fa4-a97d-d965ccfc6d4b" outcome="Passed" testListId="8c84fa94-04c1-424b-9868-57a2d4851a1d" relativeResultsDirectory="8744d4c8-55f3-4345-a6a5-981d7e66a037" />
    <UnitTestResult executionId="6cc1253c-e3a5-4e39-a777-19196121fefb" testId="edd98930-a456-c16e-31c0-f98ab53f4169" testName="xUnitTestProject.CurrencyHelperTests.FormatToStringTest1000(price: 2897.9775426620513, expected: &quot;2897.98 zł&quot;)" computerName="DESKTOP-5URQ9PB" duration="00:00:00.0000061" startTime="2022-06-13T21:15:00.1915433+02:00" endTime="2022-06-13T21:15:00.1915437+02:00" testType="13cdc9d9-ddb5-4fa4-a97d-d965ccfc6d4b" outcome="Passed" testListId="8c84fa94-04c1-424b-9868-57a2d4851a1d" relativeResultsDirectory="6cc1253c-e3a5-4e39-a777-19196121fefb" />
    <UnitTestResult executionId="779c10fa-6bf2-43f5-a141-b11361941fac" testId="b3d46dfa-7a62-d522-3960-5646d987d2b9" testName="xUnitTestProject.CurrencyHelperTests.FormatToStringTest1000(price: 30626.373939456127, expected: &quot;30626.37 zł&quot;)" computerName="DESKTOP-5URQ9PB" duration="00:00:00.0000061" startTime="2022-06-13T21:15:00.1099985+02:00" endTime="2022-06-13T21:15:00.1099987+02:00" testType="13cdc9d9-ddb5-4fa4-a97d-d965ccfc6d4b" outcome="Passed" testListId="8c84fa94-04c1-424b-9868-57a2d4851a1d" relativeResultsDirectory="779c10fa-6bf2-43f5-a141-b11361941fac" />
    <UnitTestResult executionId="9c0661ab-586b-4b90-8c2b-188f375720c7" testId="0d7a2cf9-13e2-7888-b21b-f6464a19d4c6" testName="xUnitTestProject.CurrencyHelperTests.FormatToStringTest1000(price: 35065.40267025652, expected: &quot;35065.40 zł&quot;)" computerName="DESKTOP-5URQ9PB" duration="00:00:00.0000044" startTime="2022-06-13T21:15:00.0803379+02:00" endTime="2022-06-13T21:15:00.0803381+02:00" testType="13cdc9d9-ddb5-4fa4-a97d-d965ccfc6d4b" outcome="Passed" testListId="8c84fa94-04c1-424b-9868-57a2d4851a1d" relativeResultsDirectory="9c0661ab-586b-4b90-8c2b-188f375720c7" />
    <UnitTestResult executionId="e74190be-6db8-4518-966d-e91cc522e27e" testId="acda3d15-0e29-fc40-b0fc-fcddae081200" testName="xUnitTestProject.CurrencyHelperTests.FormatToStringTest1000(price: 39641.61351217451, expected: &quot;39641.61 zł&quot;)" computerName="DESKTOP-5URQ9PB" duration="00:00:00.0000056" startTime="2022-06-13T21:15:00.0466685+02:00" endTime="2022-06-13T21:15:00.0466687+02:00" testType="13cdc9d9-ddb5-4fa4-a97d-d965ccfc6d4b" outcome="Passed" testListId="8c84fa94-04c1-424b-9868-57a2d4851a1d" relativeResultsDirectory="e74190be-6db8-4518-966d-e91cc522e27e" />
    <UnitTestResult executionId="cdbb54ba-68c8-4c17-a46e-a19ce3f16436" testId="6837dba7-40c4-9f70-ea2b-82f5a35b378d" testName="xUnitTestProject.CurrencyHelperTests.FormatToStringTest1000(price: 17988.455793307843, expected: &quot;17988.46 zł&quot;)" computerName="DESKTOP-5URQ9PB" duration="00:00:00.0000053" startTime="2022-06-13T21:15:00.1594663+02:00" endTime="2022-06-13T21:15:00.1594665+02:00" testType="13cdc9d9-ddb5-4fa4-a97d-d965ccfc6d4b" outcome="Passed" testListId="8c84fa94-04c1-424b-9868-57a2d4851a1d" relativeResultsDirectory="cdbb54ba-68c8-4c17-a46e-a19ce3f16436" />
    <UnitTestResult executionId="8e2ef0a7-def8-43eb-8d97-ab6d3ddfa1f5" testId="ed2c7eae-4b8e-1a77-ee79-03d5fbd59f41" testName="xUnitTestProject.CurrencyHelperTests.FormatToStringTest1000(price: 76106.57198894516, expected: &quot;76106.57 zł&quot;)" computerName="DESKTOP-5URQ9PB" duration="00:00:00.0000055" startTime="2022-06-13T21:15:00.1355306+02:00" endTime="2022-06-13T21:15:00.1355307+02:00" testType="13cdc9d9-ddb5-4fa4-a97d-d965ccfc6d4b" outcome="Passed" testListId="8c84fa94-04c1-424b-9868-57a2d4851a1d" relativeResultsDirectory="8e2ef0a7-def8-43eb-8d97-ab6d3ddfa1f5" />
    <UnitTestResult executionId="6b477d3c-a5a1-4a46-92aa-69dc1bf039a6" testId="24614531-2aef-39c0-ae03-729fa029c955" testName="xUnitTestProject.CurrencyHelperTests.FormatToStringTest1000(price: 78796.90433980194, expected: &quot;78796.90 zł&quot;)" computerName="DESKTOP-5URQ9PB" duration="00:00:00.0000071" startTime="2022-06-13T21:15:00.1246396+02:00" endTime="2022-06-13T21:15:00.1246398+02:00" testType="13cdc9d9-ddb5-4fa4-a97d-d965ccfc6d4b" outcome="Passed" testListId="8c84fa94-04c1-424b-9868-57a2d4851a1d" relativeResultsDirectory="6b477d3c-a5a1-4a46-92aa-69dc1bf039a6" />
    <UnitTestResult executionId="4343a151-83fa-4075-a3d8-77c4f2e6847f" testId="b828fc0d-bf07-676e-b8c0-6e0aa44c3171" testName="xUnitTestProject.CurrencyHelperTests.FormatToStringTest1000(price: 20527.270339210645, expected: &quot;20527.27 zł&quot;)" computerName="DESKTOP-5URQ9PB" duration="00:00:00.0000060" startTime="2022-06-13T21:15:00.1451654+02:00" endTime="2022-06-13T21:15:00.1451655+02:00" testType="13cdc9d9-ddb5-4fa4-a97d-d965ccfc6d4b" outcome="Passed" testListId="8c84fa94-04c1-424b-9868-57a2d4851a1d" relativeResultsDirectory="4343a151-83fa-4075-a3d8-77c4f2e6847f" />
    <UnitTestResult executionId="d622adb1-d036-4bff-ba3a-216345599c0f" testId="017ca1fc-bbca-8181-b3ea-3373763e884b" testName="xUnitTestProject.CurrencyHelperTests.FormatToStringTest1000(price: 51632.87002968503, expected: &quot;51632.87 zł&quot;)" computerName="DESKTOP-5URQ9PB" duration="00:00:00.0000047" startTime="2022-06-13T21:15:00.0921245+02:00" endTime="2022-06-13T21:15:00.0921247+02:00" testType="13cdc9d9-ddb5-4fa4-a97d-d965ccfc6d4b" outcome="Passed" testListId="8c84fa94-04c1-424b-9868-57a2d4851a1d" relativeResultsDirectory="d622adb1-d036-4bff-ba3a-216345599c0f" />
    <UnitTestResult executionId="9ec2019a-32a3-437b-ae11-b4d6caf5664c" testId="86b56171-19f4-76a4-c109-8879ac5bbbd7" testName="xUnitTestProject.CurrencyHelperTests.FormatToStringTest1000(price: 59283.7670322637, expected: &quot;59283.77 zł&quot;)" computerName="DESKTOP-5URQ9PB" duration="00:00:00.0000051" startTime="2022-06-13T21:15:00.1925002+02:00" endTime="2022-06-13T21:15:00.1925003+02:00" testType="13cdc9d9-ddb5-4fa4-a97d-d965ccfc6d4b" outcome="Passed" testListId="8c84fa94-04c1-424b-9868-57a2d4851a1d" relativeResultsDirectory="9ec2019a-32a3-437b-ae11-b4d6caf5664c" />
    <UnitTestResult executionId="cf89b73f-efe6-4222-89ec-6bbc2ca02b7d" testId="2031700b-98b7-ff2b-f550-00f3842fd04f" testName="xUnitTestProject.CurrencyHelperTests.FormatToStringTest1000(price: 28306.369434126827, expected: &quot;28306.37 zł&quot;)" computerName="DESKTOP-5URQ9PB" duration="00:00:00.0000069" startTime="2022-06-13T21:15:00.1452779+02:00" endTime="2022-06-13T21:15:00.1452781+02:00" testType="13cdc9d9-ddb5-4fa4-a97d-d965ccfc6d4b" outcome="Passed" testListId="8c84fa94-04c1-424b-9868-57a2d4851a1d" relativeResultsDirectory="cf89b73f-efe6-4222-89ec-6bbc2ca02b7d" />
    <UnitTestResult executionId="948bca53-ce3a-410f-a47f-44d3d46bc8ba" testId="5f3735b0-854d-d423-adfb-f959d02e73f7" testName="xUnitTestProject.CurrencyHelperTests.FormatToStringTest1000(price: 7671.0039663785155, expected: &quot;7671.00 zł&quot;)" computerName="DESKTOP-5URQ9PB" duration="00:00:00.0000040" startTime="2022-06-13T21:15:00.0649174+02:00" endTime="2022-06-13T21:15:00.0649176+02:00" testType="13cdc9d9-ddb5-4fa4-a97d-d965ccfc6d4b" outcome="Passed" testListId="8c84fa94-04c1-424b-9868-57a2d4851a1d" relativeResultsDirectory="948bca53-ce3a-410f-a47f-44d3d46bc8ba" />
    <UnitTestResult executionId="74fd491e-cc8e-407a-b95e-45d19ea31a1d" testId="c83faa4e-9cfa-b743-e7ea-a4956027273b" testName="xUnitTestProject.CurrencyHelperTests.FormatToStringTest1000(price: 10965.74607995746, expected: &quot;10965.75 zł&quot;)" computerName="DESKTOP-5URQ9PB" duration="00:00:00.0000079" startTime="2022-06-13T21:15:00.1461888+02:00" endTime="2022-06-13T21:15:00.1461890+02:00" testType="13cdc9d9-ddb5-4fa4-a97d-d965ccfc6d4b" outcome="Passed" testListId="8c84fa94-04c1-424b-9868-57a2d4851a1d" relativeResultsDirectory="74fd491e-cc8e-407a-b95e-45d19ea31a1d" />
    <UnitTestResult executionId="f83a4d57-0148-4366-9265-d90ce19c27ed" testId="5021544e-bd06-1c2d-b3df-c21b577ebfa2" testName="xUnitTestProject.CurrencyHelperTests.FormatToStringTest1000(price: 50550.645020282194, expected: &quot;50550.65 zł&quot;)" computerName="DESKTOP-5URQ9PB" duration="00:00:00.0000059" startTime="2022-06-13T21:15:00.1417622+02:00" endTime="2022-06-13T21:15:00.1417624+02:00" testType="13cdc9d9-ddb5-4fa4-a97d-d965ccfc6d4b" outcome="Passed" testListId="8c84fa94-04c1-424b-9868-57a2d4851a1d" relativeResultsDirectory="f83a4d57-0148-4366-9265-d90ce19c27ed" />
    <UnitTestResult executionId="2aff8117-8dac-48db-bc4c-c0410959ec24" testId="fb66f3c8-a00d-4cfa-eac4-abc207e2c602" testName="xUnitTestProject.CurrencyHelperTests.FormatToStringTest1000(price: 801.5720517614726, expected: &quot;801.57 zł&quot;)" computerName="DESKTOP-5URQ9PB" duration="00:00:00.0000054" startTime="2022-06-13T21:15:00.1789098+02:00" endTime="2022-06-13T21:15:00.1789100+02:00" testType="13cdc9d9-ddb5-4fa4-a97d-d965ccfc6d4b" outcome="Passed" testListId="8c84fa94-04c1-424b-9868-57a2d4851a1d" relativeResultsDirectory="2aff8117-8dac-48db-bc4c-c0410959ec24" />
    <UnitTestResult executionId="166421b9-3098-4dde-9db3-e3c0d51eb0d2" testId="93fd2413-8c9b-cb53-924a-b9c4b432d82a" testName="xUnitTestProject.CurrencyHelperTests.FormatToStringTest1000(price: 95071.15957335343, expected: &quot;95071.16 zł&quot;)" computerName="DESKTOP-5URQ9PB" duration="00:00:00.0000070" startTime="2022-06-13T21:15:00.1159016+02:00" endTime="2022-06-13T21:15:00.1159018+02:00" testType="13cdc9d9-ddb5-4fa4-a97d-d965ccfc6d4b" outcome="Passed" testListId="8c84fa94-04c1-424b-9868-57a2d4851a1d" relativeResultsDirectory="166421b9-3098-4dde-9db3-e3c0d51eb0d2" />
    <UnitTestResult executionId="c331c56d-eeac-4250-8df3-7d9e2bf19e8a" testId="d2ca44f4-b0fb-ea99-f88d-5612fe812eb3" testName="xUnitTestProject.CurrencyHelperTests.FormatToStringTest1000(price: 10457.593086045978, expected: &quot;10457.59 zł&quot;)" computerName="DESKTOP-5URQ9PB" duration="00:00:00.0000041" startTime="2022-06-13T21:15:00.1809744+02:00" endTime="2022-06-13T21:15:00.1809748+02:00" testType="13cdc9d9-ddb5-4fa4-a97d-d965ccfc6d4b" outcome="Passed" testListId="8c84fa94-04c1-424b-9868-57a2d4851a1d" relativeResultsDirectory="c331c56d-eeac-4250-8df3-7d9e2bf19e8a" />
    <UnitTestResult executionId="5d869efe-e295-4b63-9a05-75865d0804db" testId="3b56a798-367d-2897-b3e6-a32862419438" testName="xUnitTestProject.CurrencyHelperTests.FormatToStringTest1000(price: 21573.45329517613, expected: &quot;21573.45 zł&quot;)" computerName="DESKTOP-5URQ9PB" duration="00:00:00.0000060" startTime="2022-06-13T21:15:00.1237621+02:00" endTime="2022-06-13T21:15:00.1237622+02:00" testType="13cdc9d9-ddb5-4fa4-a97d-d965ccfc6d4b" outcome="Passed" testListId="8c84fa94-04c1-424b-9868-57a2d4851a1d" relativeResultsDirectory="5d869efe-e295-4b63-9a05-75865d0804db" />
    <UnitTestResult executionId="2adde712-a78c-472f-a283-c4aa1512d7cd" testId="c2db2421-6d50-c505-4572-abf46a5e86c5" testName="xUnitTestProject.CurrencyHelperTests.FormatToStringTest1000(price: 59919.71489415491, expected: &quot;59919.71 zł&quot;)" computerName="DESKTOP-5URQ9PB" duration="00:00:00.0000072" startTime="2022-06-13T21:15:00.1541150+02:00" endTime="2022-06-13T21:15:00.1541152+02:00" testType="13cdc9d9-ddb5-4fa4-a97d-d965ccfc6d4b" outcome="Passed" testListId="8c84fa94-04c1-424b-9868-57a2d4851a1d" relativeResultsDirectory="2adde712-a78c-472f-a283-c4aa1512d7cd" />
    <UnitTestResult executionId="0c14085b-6b33-432d-a136-a0303fdb651b" testId="cb98657e-ea81-1d6a-4868-0d493c1098f6" testName="xUnitTestProject.CurrencyHelperTests.FormatToStringTest1000(price: 11871.427211910219, expected: &quot;11871.43 zł&quot;)" computerName="DESKTOP-5URQ9PB" duration="00:00:00.0000073" startTime="2022-06-13T21:15:00.1527905+02:00" endTime="2022-06-13T21:15:00.1527906+02:00" testType="13cdc9d9-ddb5-4fa4-a97d-d965ccfc6d4b" outcome="Passed" testListId="8c84fa94-04c1-424b-9868-57a2d4851a1d" relativeResultsDirectory="0c14085b-6b33-432d-a136-a0303fdb651b" />
    <UnitTestResult executionId="c1eeddbc-37e6-451c-b7a1-3c55d29c1b40" testId="26c85a86-1383-9737-58c9-22fa784f7da5" testName="xUnitTestProject.CurrencyHelperTests.FormatToStringTest1000(price: 30020.248557890412, expected: &quot;30020.25 zł&quot;)" computerName="DESKTOP-5URQ9PB" duration="00:00:00.0000062" startTime="2022-06-13T21:15:00.1305212+02:00" endTime="2022-06-13T21:15:00.1305214+02:00" testType="13cdc9d9-ddb5-4fa4-a97d-d965ccfc6d4b" outcome="Passed" testListId="8c84fa94-04c1-424b-9868-57a2d4851a1d" relativeResultsDirectory="c1eeddbc-37e6-451c-b7a1-3c55d29c1b40" />
    <UnitTestResult executionId="ff3ba190-986d-42fa-85ce-eb4b77a3f837" testId="eaf0b15c-0fc1-b6e6-caad-e11eeb0c7fda" testName="xUnitTestProject.CurrencyHelperTests.FormatToStringTest1000(price: 19796.212103914568, expected: &quot;19796.21 zł&quot;)" computerName="DESKTOP-5URQ9PB" duration="00:00:00.0000056" startTime="2022-06-13T21:15:00.1442086+02:00" endTime="2022-06-13T21:15:00.1442088+02:00" testType="13cdc9d9-ddb5-4fa4-a97d-d965ccfc6d4b" outcome="Passed" testListId="8c84fa94-04c1-424b-9868-57a2d4851a1d" relativeResultsDirectory="ff3ba190-986d-42fa-85ce-eb4b77a3f837" />
    <UnitTestResult executionId="170b3715-366a-4bb2-925a-00f21c8a9cab" testId="0e441c44-ccc7-5318-d743-a0646c26f920" testName="xUnitTestProject.CurrencyHelperTests.FormatToStringTest1000(price: 9068.70019550468, expected: &quot;9068.70 zł&quot;)" computerName="DESKTOP-5URQ9PB" duration="00:00:00.0000070" startTime="2022-06-13T21:15:00.1124726+02:00" endTime="2022-06-13T21:15:00.1124728+02:00" testType="13cdc9d9-ddb5-4fa4-a97d-d965ccfc6d4b" outcome="Passed" testListId="8c84fa94-04c1-424b-9868-57a2d4851a1d" relativeResultsDirectory="170b3715-366a-4bb2-925a-00f21c8a9cab" />
    <UnitTestResult executionId="f270210e-a9cb-4527-b6a4-1f4edeca55fc" testId="039e02b8-589d-bf11-ab34-101144716c75" testName="xUnitTestProject.CurrencyHelperTests.FormatToStringTest1000(price: 68479.93492677805, expected: &quot;68479.93 zł&quot;)" computerName="DESKTOP-5URQ9PB" duration="00:00:00.0000046" startTime="2022-06-13T21:15:00.1935356+02:00" endTime="2022-06-13T21:15:00.1935358+02:00" testType="13cdc9d9-ddb5-4fa4-a97d-d965ccfc6d4b" outcome="Passed" testListId="8c84fa94-04c1-424b-9868-57a2d4851a1d" relativeResultsDirectory="f270210e-a9cb-4527-b6a4-1f4edeca55fc" />
    <UnitTestResult executionId="9ac1bdfa-37bd-42e1-96e9-35268efcb40f" testId="a89532f2-9366-df90-5e03-76517aae2ef6" testName="xUnitTestProject.CurrencyHelperTests.FormatToStringTest1000(price: 50585.83664522778, expected: &quot;50585.84 zł&quot;)" computerName="DESKTOP-5URQ9PB" duration="00:00:00.0000054" startTime="2022-06-13T21:15:00.1158274+02:00" endTime="2022-06-13T21:15:00.1158275+02:00" testType="13cdc9d9-ddb5-4fa4-a97d-d965ccfc6d4b" outcome="Passed" testListId="8c84fa94-04c1-424b-9868-57a2d4851a1d" relativeResultsDirectory="9ac1bdfa-37bd-42e1-96e9-35268efcb40f" />
    <UnitTestResult executionId="c74762a0-6efe-435d-a353-9aa542c12ea0" testId="6a68b288-e760-a42c-8c5a-4aafd65f28b7" testName="xUnitTestProject.CurrencyHelperTests.FormatToStringTest1000(price: 74514.06270644537, expected: &quot;74514.06 zł&quot;)" computerName="DESKTOP-5URQ9PB" duration="00:00:00.0000043" startTime="2022-06-13T21:15:00.1721666+02:00" endTime="2022-06-13T21:15:00.1721668+02:00" testType="13cdc9d9-ddb5-4fa4-a97d-d965ccfc6d4b" outcome="Passed" testListId="8c84fa94-04c1-424b-9868-57a2d4851a1d" relativeResultsDirectory="c74762a0-6efe-435d-a353-9aa542c12ea0" />
    <UnitTestResult executionId="ce115cc0-cffb-4730-ac8e-611408d5f09b" testId="761c5474-ba0b-efdd-0d5f-bfbe630a98c2" testName="xUnitTestProject.CurrencyHelperTests.FormatToStringTest1000(price: 726.8087564975995, expected: &quot;726.81 zł&quot;)" computerName="DESKTOP-5URQ9PB" duration="00:00:00.0000041" startTime="2022-06-13T21:15:00.1755068+02:00" endTime="2022-06-13T21:15:00.1755070+02:00" testType="13cdc9d9-ddb5-4fa4-a97d-d965ccfc6d4b" outcome="Passed" testListId="8c84fa94-04c1-424b-9868-57a2d4851a1d" relativeResultsDirectory="ce115cc0-cffb-4730-ac8e-611408d5f09b" />
    <UnitTestResult executionId="b0fd180b-f76c-4087-9871-0fbeb507eb8b" testId="f7a3c37c-dec7-4f70-5b8f-168bb8621231" testName="xUnitTestProject.CurrencyHelperTests.FormatToStringTest1000(price: 4857.211933034105, expected: &quot;4857.21 zł&quot;)" computerName="DESKTOP-5URQ9PB" duration="00:00:00.0000040" startTime="2022-06-13T21:15:00.0623017+02:00" endTime="2022-06-13T21:15:00.0623019+02:00" testType="13cdc9d9-ddb5-4fa4-a97d-d965ccfc6d4b" outcome="Passed" testListId="8c84fa94-04c1-424b-9868-57a2d4851a1d" relativeResultsDirectory="b0fd180b-f76c-4087-9871-0fbeb507eb8b" />
    <UnitTestResult executionId="08e5c038-99a7-404d-8007-d8bc69dd95e8" testId="bfa1b3ee-d7a8-b11e-2134-8a3b879aa609" testName="xUnitTestProject.CurrencyHelperTests.FormatToStringTest1000(price: 13582.47117894258, expected: &quot;13582.47 zł&quot;)" computerName="DESKTOP-5URQ9PB" duration="00:00:00.0000041" startTime="2022-06-13T21:15:00.1009139+02:00" endTime="2022-06-13T21:15:00.1009140+02:00" testType="13cdc9d9-ddb5-4fa4-a97d-d965ccfc6d4b" outcome="Passed" testListId="8c84fa94-04c1-424b-9868-57a2d4851a1d" relativeResultsDirectory="08e5c038-99a7-404d-8007-d8bc69dd95e8" />
    <UnitTestResult executionId="205e9f7d-ad62-4cde-8597-6a15b2ab61d0" testId="5c64f629-e66f-8e20-9c2d-0a7cb867d56d" testName="xUnitTestProject.CurrencyHelperTests.FormatToStringTest1000(price: 743.047944508981, expected: &quot;743.05 zł&quot;)" computerName="DESKTOP-5URQ9PB" duration="00:00:00.0000044" startTime="2022-06-13T21:15:00.1916056+02:00" endTime="2022-06-13T21:15:00.1916058+02:00" testType="13cdc9d9-ddb5-4fa4-a97d-d965ccfc6d4b" outcome="Passed" testListId="8c84fa94-04c1-424b-9868-57a2d4851a1d" relativeResultsDirectory="205e9f7d-ad62-4cde-8597-6a15b2ab61d0" />
    <UnitTestResult executionId="a00e601b-8ac0-4418-ab6a-610eda0ad98d" testId="45dd66f1-81ef-9e8c-d39f-69c657dd300a" testName="xUnitTestProject.CurrencyHelperTests.FormatToStringTest1000(price: 2444.4726240530017, expected: &quot;2444.47 zł&quot;)" computerName="DESKTOP-5URQ9PB" duration="00:00:00.0000055" startTime="2022-06-13T21:15:00.1857188+02:00" endTime="2022-06-13T21:15:00.1857190+02:00" testType="13cdc9d9-ddb5-4fa4-a97d-d965ccfc6d4b" outcome="Passed" testListId="8c84fa94-04c1-424b-9868-57a2d4851a1d" relativeResultsDirectory="a00e601b-8ac0-4418-ab6a-610eda0ad98d" />
    <UnitTestResult executionId="e7f51e3b-87ab-4daa-ab92-a3bf6e80d65a" testId="102bb5fe-d832-e7b4-1cec-260995c71130" testName="xUnitTestProject.CurrencyHelperTests.FormatToStringTest1000(price: 57564.498126061866, expected: &quot;57564.50 zł&quot;)" computerName="DESKTOP-5URQ9PB" duration="00:00:00.0000047" startTime="2022-06-13T21:15:00.0789138+02:00" endTime="2022-06-13T21:15:00.0789145+02:00" testType="13cdc9d9-ddb5-4fa4-a97d-d965ccfc6d4b" outcome="Passed" testListId="8c84fa94-04c1-424b-9868-57a2d4851a1d" relativeResultsDirectory="e7f51e3b-87ab-4daa-ab92-a3bf6e80d65a" />
    <UnitTestResult executionId="4b782b6c-1c84-42ef-bb07-ca76881e887e" testId="9391af43-2aec-63c3-c456-eaf3d57ab573" testName="xUnitTestProject.CurrencyHelperTests.FormatToStringTest1000(price: 24768.25771770359, expected: &quot;24768.26 zł&quot;)" computerName="DESKTOP-5URQ9PB" duration="00:00:00.0000054" startTime="2022-06-13T21:15:00.1440433+02:00" endTime="2022-06-13T21:15:00.1440436+02:00" testType="13cdc9d9-ddb5-4fa4-a97d-d965ccfc6d4b" outcome="Passed" testListId="8c84fa94-04c1-424b-9868-57a2d4851a1d" relativeResultsDirectory="4b782b6c-1c84-42ef-bb07-ca76881e887e" />
    <UnitTestResult executionId="ecea2d09-57d9-4430-bad6-034996ae9018" testId="fb7bf331-bde6-9156-c7eb-687415ce01f4" testName="xUnitTestProject.CurrencyHelperTests.FormatToStringTest1000(price: 15129.433864736666, expected: &quot;15129.43 zł&quot;)" computerName="DESKTOP-5URQ9PB" duration="00:00:00.0000055" startTime="2022-06-13T21:15:00.1100410+02:00" endTime="2022-06-13T21:15:00.1100412+02:00" testType="13cdc9d9-ddb5-4fa4-a97d-d965ccfc6d4b" outcome="Passed" testListId="8c84fa94-04c1-424b-9868-57a2d4851a1d" relativeResultsDirectory="ecea2d09-57d9-4430-bad6-034996ae9018" />
    <UnitTestResult executionId="5e224fde-8a58-408d-8227-c6ba4720f88a" testId="c21a2737-6b36-8691-5404-6629a58d4529" testName="xUnitTestProject.CurrencyHelperTests.FormatToStringTest1000(price: 3030.9461949132133, expected: &quot;3030.95 zł&quot;)" computerName="DESKTOP-5URQ9PB" duration="00:00:00.0000052" startTime="2022-06-13T21:15:00.1596523+02:00" endTime="2022-06-13T21:15:00.1596525+02:00" testType="13cdc9d9-ddb5-4fa4-a97d-d965ccfc6d4b" outcome="Passed" testListId="8c84fa94-04c1-424b-9868-57a2d4851a1d" relativeResultsDirectory="5e224fde-8a58-408d-8227-c6ba4720f88a" />
    <UnitTestResult executionId="76938782-c6d1-4831-984b-2100a0530ace" testId="0ced2539-ec58-b3a8-188d-e014bf456555" testName="xUnitTestProject.CurrencyHelperTests.FormatToStringTest1000(price: 66284.43763489948, expected: &quot;66284.44 zł&quot;)" computerName="DESKTOP-5URQ9PB" duration="00:00:00.0000069" startTime="2022-06-13T21:15:00.1388857+02:00" endTime="2022-06-13T21:15:00.1388859+02:00" testType="13cdc9d9-ddb5-4fa4-a97d-d965ccfc6d4b" outcome="Passed" testListId="8c84fa94-04c1-424b-9868-57a2d4851a1d" relativeResultsDirectory="76938782-c6d1-4831-984b-2100a0530ace" />
    <UnitTestResult executionId="2434619a-b31b-4416-9068-59ecf6fb7b95" testId="19a6af43-eb02-cc32-570b-ae7c8852f08e" testName="xUnitTestProject.CurrencyHelperTests.FormatToStringTest1000(price: 6313.543884690639, expected: &quot;6313.54 zł&quot;)" computerName="DESKTOP-5URQ9PB" duration="00:00:00.0000041" startTime="2022-06-13T21:15:00.1844993+02:00" endTime="2022-06-13T21:15:00.1844995+02:00" testType="13cdc9d9-ddb5-4fa4-a97d-d965ccfc6d4b" outcome="Passed" testListId="8c84fa94-04c1-424b-9868-57a2d4851a1d" relativeResultsDirectory="2434619a-b31b-4416-9068-59ecf6fb7b95" />
    <UnitTestResult executionId="1c7fa649-3ed1-47af-9298-611964f01d3d" testId="5d30b17d-1a70-2e78-f289-4e82f0d205e6" testName="xUnitTestProject.CurrencyHelperTests.FormatToStringTest1000(price: 115.26302841131717, expected: &quot;115.26 zł&quot;)" computerName="DESKTOP-5URQ9PB" duration="00:00:00.0000056" startTime="2022-06-13T21:15:00.0864033+02:00" endTime="2022-06-13T21:15:00.0864035+02:00" testType="13cdc9d9-ddb5-4fa4-a97d-d965ccfc6d4b" outcome="Passed" testListId="8c84fa94-04c1-424b-9868-57a2d4851a1d" relativeResultsDirectory="1c7fa649-3ed1-47af-9298-611964f01d3d" />
    <UnitTestResult executionId="9c6939a6-3501-418d-878e-60d689bc699d" testId="8f93d79c-66e7-77f7-7d43-554a5055be47" testName="xUnitTestProject.CurrencyHelperTests.FormatToStringTest1000(price: 2751.3751475258614, expected: &quot;2751.38 zł&quot;)" computerName="DESKTOP-5URQ9PB" duration="00:00:00.0000061" startTime="2022-06-13T21:15:00.1269250+02:00" endTime="2022-06-13T21:15:00.1269252+02:00" testType="13cdc9d9-ddb5-4fa4-a97d-d965ccfc6d4b" outcome="Passed" testListId="8c84fa94-04c1-424b-9868-57a2d4851a1d" relativeResultsDirectory="9c6939a6-3501-418d-878e-60d689bc699d" />
    <UnitTestResult executionId="d4d3d482-8f1a-4413-9694-0a278f977dc9" testId="5b7cf016-7948-5d44-c172-ab04f16e1bd2" testName="xUnitTestProject.CurrencyHelperTests.FormatToStringTest1000(price: 73372.53853826903, expected: &quot;73372.54 zł&quot;)" computerName="DESKTOP-5URQ9PB" duration="00:00:00.0000044" startTime="2022-06-13T21:15:00.0651546+02:00" endTime="2022-06-13T21:15:00.0651548+02:00" testType="13cdc9d9-ddb5-4fa4-a97d-d965ccfc6d4b" outcome="Passed" testListId="8c84fa94-04c1-424b-9868-57a2d4851a1d" relativeResultsDirectory="d4d3d482-8f1a-4413-9694-0a278f977dc9" />
    <UnitTestResult executionId="c8c200f6-4d32-4896-898a-159d592c59d7" testId="fa17089e-753f-5fa3-f3ed-36d704a8d2ac" testName="xUnitTestProject.CurrencyHelperTests.FormatToStringTest1000(price: 13745.115971449817, expected: &quot;13745.12 zł&quot;)" computerName="DESKTOP-5URQ9PB" duration="00:00:00.0000056" startTime="2022-06-13T21:15:00.1790645+02:00" endTime="2022-06-13T21:15:00.1790647+02:00" testType="13cdc9d9-ddb5-4fa4-a97d-d965ccfc6d4b" outcome="Passed" testListId="8c84fa94-04c1-424b-9868-57a2d4851a1d" relativeResultsDirectory="c8c200f6-4d32-4896-898a-159d592c59d7" />
    <UnitTestResult executionId="6acd0aad-12b7-4ba5-ae4b-d099226a99b8" testId="33b7f528-129d-12a3-ccd2-fd1f055d858f" testName="xUnitTestProject.CurrencyHelperTests.FormatToStringTest1000(price: 44930.92203801075, expected: &quot;44930.92 zł&quot;)" computerName="DESKTOP-5URQ9PB" duration="00:00:00.0000071" startTime="2022-06-13T21:15:00.1529815+02:00" endTime="2022-06-13T21:15:00.1529817+02:00" testType="13cdc9d9-ddb5-4fa4-a97d-d965ccfc6d4b" outcome="Passed" testListId="8c84fa94-04c1-424b-9868-57a2d4851a1d" relativeResultsDirectory="6acd0aad-12b7-4ba5-ae4b-d099226a99b8" />
    <UnitTestResult executionId="a90bc522-5120-4127-9ff1-77a606745041" testId="babff9b9-4ec4-5d0f-1835-e465e17600e6" testName="xUnitTestProject.CurrencyHelperTests.FormatToStringTest1000(price: 14100.01255469211, expected: &quot;14100.01 zł&quot;)" computerName="DESKTOP-5URQ9PB" duration="00:00:00.0000069" startTime="2022-06-13T21:15:00.1147891+02:00" endTime="2022-06-13T21:15:00.1147893+02:00" testType="13cdc9d9-ddb5-4fa4-a97d-d965ccfc6d4b" outcome="Passed" testListId="8c84fa94-04c1-424b-9868-57a2d4851a1d" relativeResultsDirectory="a90bc522-5120-4127-9ff1-77a606745041" />
    <UnitTestResult executionId="6786237c-983b-4990-a9e9-d6180d8d5fc9" testId="9100d9e1-967e-296d-c07b-a43969fad121" testName="xUnitTestProject.CurrencyHelperTests.FormatToStringTest1000(price: 16901.497392274203, expected: &quot;16901.50 zł&quot;)" computerName="DESKTOP-5URQ9PB" duration="00:00:00.0000074" startTime="2022-06-13T21:15:00.0651042+02:00" endTime="2022-06-13T21:15:00.0651051+02:00" testType="13cdc9d9-ddb5-4fa4-a97d-d965ccfc6d4b" outcome="Passed" testListId="8c84fa94-04c1-424b-9868-57a2d4851a1d" relativeResultsDirectory="6786237c-983b-4990-a9e9-d6180d8d5fc9" />
    <UnitTestResult executionId="9a515f6f-54ef-40ac-96dd-00822ce11913" testId="53367b44-34c3-c14f-ebad-d28df1741450" testName="xUnitTestProject.CurrencyHelperTests.FormatToStringTest1000(price: 5507.360659962688, expected: &quot;5507.36 zł&quot;)" computerName="DESKTOP-5URQ9PB" duration="00:00:00.0000073" startTime="2022-06-13T21:15:00.0829935+02:00" endTime="2022-06-13T21:15:00.0829937+02:00" testType="13cdc9d9-ddb5-4fa4-a97d-d965ccfc6d4b" outcome="Passed" testListId="8c84fa94-04c1-424b-9868-57a2d4851a1d" relativeResultsDirectory="9a515f6f-54ef-40ac-96dd-00822ce11913" />
    <UnitTestResult executionId="030462e2-bab9-4195-baae-2a26e4dfa72d" testId="0d6018bc-c4c3-ac7c-618e-ae3024a5dbea" testName="xUnitTestProject.CurrencyHelperTests.FormatToStringTest1000(price: 6220.182014914314, expected: &quot;6220.18 zł&quot;)" computerName="DESKTOP-5URQ9PB" duration="00:00:00.0000067" startTime="2022-06-13T21:15:00.1629871+02:00" endTime="2022-06-13T21:15:00.1629873+02:00" testType="13cdc9d9-ddb5-4fa4-a97d-d965ccfc6d4b" outcome="Passed" testListId="8c84fa94-04c1-424b-9868-57a2d4851a1d" relativeResultsDirectory="030462e2-bab9-4195-baae-2a26e4dfa72d" />
    <UnitTestResult executionId="6e3ec7e6-c298-496e-a38c-a0653facabdf" testId="f54965f2-1519-0721-6d19-cf1386c23793" testName="xUnitTestProject.CurrencyHelperTests.FormatToStringTest1000(price: 8242.419043611, expected: &quot;8242.42 zł&quot;)" computerName="DESKTOP-5URQ9PB" duration="00:00:00.0000062" startTime="2022-06-13T21:15:00.1628381+02:00" endTime="2022-06-13T21:15:00.1628383+02:00" testType="13cdc9d9-ddb5-4fa4-a97d-d965ccfc6d4b" outcome="Passed" testListId="8c84fa94-04c1-424b-9868-57a2d4851a1d" relativeResultsDirectory="6e3ec7e6-c298-496e-a38c-a0653facabdf" />
    <UnitTestResult executionId="9a7cd2d7-f900-442a-9e4e-0dc5657aa98e" testId="86ad28ff-91bc-6dfc-4b29-d680c9d331eb" testName="xUnitTestProject.CurrencyHelperTests.FormatToStringTest1000(price: 1799.2562459103092, expected: &quot;1799.26 zł&quot;)" computerName="DESKTOP-5URQ9PB" duration="00:00:00.0000052" startTime="2022-06-13T21:15:00.1387349+02:00" endTime="2022-06-13T21:15:00.1387350+02:00" testType="13cdc9d9-ddb5-4fa4-a97d-d965ccfc6d4b" outcome="Passed" testListId="8c84fa94-04c1-424b-9868-57a2d4851a1d" relativeResultsDirectory="9a7cd2d7-f900-442a-9e4e-0dc5657aa98e" />
    <UnitTestResult executionId="272052ff-ddcd-48bb-9ec1-2c05c7fae454" testId="3fa3f1d2-90bc-c93b-b647-8aef449b689a" testName="xUnitTestProject.CurrencyHelperTests.FormatToStringTest1000(price: 27852.532163303127, expected: &quot;27852.53 zł&quot;)" computerName="DESKTOP-5URQ9PB" duration="00:00:00.0000062" startTime="2022-06-13T21:15:00.1607817+02:00" endTime="2022-06-13T21:15:00.1607818+02:00" testType="13cdc9d9-ddb5-4fa4-a97d-d965ccfc6d4b" outcome="Passed" testListId="8c84fa94-04c1-424b-9868-57a2d4851a1d" relativeResultsDirectory="272052ff-ddcd-48bb-9ec1-2c05c7fae454" />
    <UnitTestResult executionId="6b68cc84-e3cb-4a20-ae02-d326e58b4aa5" testId="4e40923a-3f2f-ab14-66db-33f21753e6c1" testName="xUnitTestProject.CurrencyHelperTests.FormatToStringTest1000(price: 13478.157112043891, expected: &quot;13478.16 zł&quot;)" computerName="DESKTOP-5URQ9PB" duration="00:00:00.0000059" startTime="2022-06-13T21:15:00.1473972+02:00" endTime="2022-06-13T21:15:00.1473973+02:00" testType="13cdc9d9-ddb5-4fa4-a97d-d965ccfc6d4b" outcome="Passed" testListId="8c84fa94-04c1-424b-9868-57a2d4851a1d" relativeResultsDirectory="6b68cc84-e3cb-4a20-ae02-d326e58b4aa5" />
    <UnitTestResult executionId="c205587e-cb8b-4ccc-b068-88faa4d14d99" testId="9fa4910a-439f-a7b3-42d7-59f8d60a9e4f" testName="xUnitTestProject.CurrencyHelperTests.FormatToStringTest1000(price: 12577.642620996872, expected: &quot;12577.64 zł&quot;)" computerName="DESKTOP-5URQ9PB" duration="00:00:00.0000060" startTime="2022-06-13T21:15:00.0792509+02:00" endTime="2022-06-13T21:15:00.0792513+02:00" testType="13cdc9d9-ddb5-4fa4-a97d-d965ccfc6d4b" outcome="Passed" testListId="8c84fa94-04c1-424b-9868-57a2d4851a1d" relativeResultsDirectory="c205587e-cb8b-4ccc-b068-88faa4d14d99" />
    <UnitTestResult executionId="1c4762f0-f560-4a55-b678-eff407f23abd" testId="685331f6-0a25-8111-bb2a-37dce3d8d170" testName="xUnitTestProject.CurrencyHelperTests.FormatToStringTest1000(price: 45035.160883881224, expected: &quot;45035.16 zł&quot;)" computerName="DESKTOP-5URQ9PB" duration="00:00:00.0000056" startTime="2022-06-13T21:15:00.1215596+02:00" endTime="2022-06-13T21:15:00.1215597+02:00" testType="13cdc9d9-ddb5-4fa4-a97d-d965ccfc6d4b" outcome="Passed" testListId="8c84fa94-04c1-424b-9868-57a2d4851a1d" relativeResultsDirectory="1c4762f0-f560-4a55-b678-eff407f23abd" />
    <UnitTestResult executionId="6692e65e-3ab0-46f4-aa07-85d66d1a1993" testId="f4a097ad-04f4-9e9c-b96f-49eb0101bd6d" testName="xUnitTestProject.CurrencyHelperTests.FormatToStringTest1000(price: 67898.54481444067, expected: &quot;67898.54 zł&quot;)" computerName="DESKTOP-5URQ9PB" duration="00:00:00.0000053" startTime="2022-06-13T21:15:00.0468290+02:00" endTime="2022-06-13T21:15:00.0468292+02:00" testType="13cdc9d9-ddb5-4fa4-a97d-d965ccfc6d4b" outcome="Passed" testListId="8c84fa94-04c1-424b-9868-57a2d4851a1d" relativeResultsDirectory="6692e65e-3ab0-46f4-aa07-85d66d1a1993" />
    <UnitTestResult executionId="799e898f-1dce-488e-9c36-9f02bc034f8e" testId="a33a7227-7248-ce4e-bb18-77c33faa0f1a" testName="xUnitTestProject.CurrencyHelperTests.FormatToStringTest1000(price: 24528.124092612474, expected: &quot;24528.12 zł&quot;)" computerName="DESKTOP-5URQ9PB" duration="00:00:00.0000074" startTime="2022-06-13T21:15:00.1629498+02:00" endTime="2022-06-13T21:15:00.1629500+02:00" testType="13cdc9d9-ddb5-4fa4-a97d-d965ccfc6d4b" outcome="Passed" testListId="8c84fa94-04c1-424b-9868-57a2d4851a1d" relativeResultsDirectory="799e898f-1dce-488e-9c36-9f02bc034f8e" />
    <UnitTestResult executionId="5040c02d-a7ee-49f7-a2a6-d65fbd95ca01" testId="9dfbdafb-7dbf-f0e8-6265-547cdd24d00d" testName="xUnitTestProject.CurrencyHelperTests.FormatToStringTest1000(price: 464.74397441965715, expected: &quot;464.74 zł&quot;)" computerName="DESKTOP-5URQ9PB" duration="00:00:00.0000051" startTime="2022-06-13T21:15:00.0964486+02:00" endTime="2022-06-13T21:15:00.0964488+02:00" testType="13cdc9d9-ddb5-4fa4-a97d-d965ccfc6d4b" outcome="Passed" testListId="8c84fa94-04c1-424b-9868-57a2d4851a1d" relativeResultsDirectory="5040c02d-a7ee-49f7-a2a6-d65fbd95ca01" />
    <UnitTestResult executionId="3e4994a5-dadb-4e8f-809b-27cd7d308a0f" testId="caf33f47-4d9c-c378-9883-273199a79b1e" testName="xUnitTestProject.CurrencyHelperTests.FormatToStringTest1000(price: 11181.228339251702, expected: &quot;11181.23 zł&quot;)" computerName="DESKTOP-5URQ9PB" duration="00:00:00.0000065" startTime="2022-06-13T21:15:00.1731607+02:00" endTime="2022-06-13T21:15:00.1731611+02:00" testType="13cdc9d9-ddb5-4fa4-a97d-d965ccfc6d4b" outcome="Passed" testListId="8c84fa94-04c1-424b-9868-57a2d4851a1d" relativeResultsDirectory="3e4994a5-dadb-4e8f-809b-27cd7d308a0f" />
    <UnitTestResult executionId="68b8b665-c747-44de-ad3f-e86e32ecb577" testId="f7bc8584-126a-bce9-5286-d35d3ce59a28" testName="xUnitTestProject.CurrencyHelperTests.FormatToStringTest1000(price: 10066.059180456241, expected: &quot;10066.06 zł&quot;)" computerName="DESKTOP-5URQ9PB" duration="00:00:00.0000072" startTime="2022-06-13T21:15:00.1236885+02:00" endTime="2022-06-13T21:15:00.1236887+02:00" testType="13cdc9d9-ddb5-4fa4-a97d-d965ccfc6d4b" outcome="Passed" testListId="8c84fa94-04c1-424b-9868-57a2d4851a1d" relativeResultsDirectory="68b8b665-c747-44de-ad3f-e86e32ecb577" />
    <UnitTestResult executionId="81789575-4073-4680-9f10-7c61b8d17a01" testId="c28dd236-1525-1514-778a-3b6a96d19df1" testName="xUnitTestProject.CurrencyHelperTests.FormatToStringTest1000(price: 5749.124990274722, expected: &quot;5749.12 zł&quot;)" computerName="DESKTOP-5URQ9PB" duration="00:00:00.0000043" startTime="2022-06-13T21:15:00.1811729+02:00" endTime="2022-06-13T21:15:00.1811730+02:00" testType="13cdc9d9-ddb5-4fa4-a97d-d965ccfc6d4b" outcome="Passed" testListId="8c84fa94-04c1-424b-9868-57a2d4851a1d" relativeResultsDirectory="81789575-4073-4680-9f10-7c61b8d17a01" />
    <UnitTestResult executionId="ccc0b85c-ec73-4a0c-9293-860a5b212def" testId="6c34d91a-3ccc-a88d-a525-6f3132726a55" testName="xUnitTestProject.CurrencyHelperTests.FormatToStringTest1000(price: 6057.842750804426, expected: &quot;6057.84 zł&quot;)" computerName="DESKTOP-5URQ9PB" duration="00:00:00.0000052" startTime="2022-06-13T21:15:00.0996555+02:00" endTime="2022-06-13T21:15:00.0996557+02:00" testType="13cdc9d9-ddb5-4fa4-a97d-d965ccfc6d4b" outcome="Passed" testListId="8c84fa94-04c1-424b-9868-57a2d4851a1d" relativeResultsDirectory="ccc0b85c-ec73-4a0c-9293-860a5b212def" />
    <UnitTestResult executionId="6f44416e-588b-40cb-9d04-32dae130f24a" testId="466d7722-0345-718d-529e-85f31a949492" testName="xUnitTestProject.CurrencyHelperTests.FormatToStringTest1000(price: 2115.5076919884923, expected: &quot;2115.51 zł&quot;)" computerName="DESKTOP-5URQ9PB" duration="00:00:00.0000043" startTime="2022-06-13T21:15:00.1755437+02:00" endTime="2022-06-13T21:15:00.1755438+02:00" testType="13cdc9d9-ddb5-4fa4-a97d-d965ccfc6d4b" outcome="Passed" testListId="8c84fa94-04c1-424b-9868-57a2d4851a1d" relativeResultsDirectory="6f44416e-588b-40cb-9d04-32dae130f24a" />
    <UnitTestResult executionId="f61d6b77-f706-412c-b318-855c531db552" testId="4608b597-f016-aaeb-6cec-43c6a698815f" testName="xUnitTestProject.CurrencyHelperTests.FormatToStringTest1000(price: 10495.622655484185, expected: &quot;10495.62 zł&quot;)" computerName="DESKTOP-5URQ9PB" duration="00:00:00.0000041" startTime="2022-06-13T21:15:00.0886899+02:00" endTime="2022-06-13T21:15:00.0886900+02:00" testType="13cdc9d9-ddb5-4fa4-a97d-d965ccfc6d4b" outcome="Passed" testListId="8c84fa94-04c1-424b-9868-57a2d4851a1d" relativeResultsDirectory="f61d6b77-f706-412c-b318-855c531db552" />
    <UnitTestResult executionId="16b479f5-03c7-4e5c-b2e2-016ca97de497" testId="9be732dd-ee22-c2df-2aa3-eb082a5b0373" testName="xUnitTestProject.CurrencyHelperTests.FormatToStringTest1000(price: 15861.139287455073, expected: &quot;15861.14 zł&quot;)" computerName="DESKTOP-5URQ9PB" duration="00:00:00.0000049" startTime="2022-06-13T21:15:00.0942897+02:00" endTime="2022-06-13T21:15:00.0942899+02:00" testType="13cdc9d9-ddb5-4fa4-a97d-d965ccfc6d4b" outcome="Passed" testListId="8c84fa94-04c1-424b-9868-57a2d4851a1d" relativeResultsDirectory="16b479f5-03c7-4e5c-b2e2-016ca97de497" />
    <UnitTestResult executionId="158955db-52ae-442a-b9b6-708cd72b296d" testId="b5a6747d-aa6b-3b3a-779c-c378aea09cd8" testName="xUnitTestProject.CurrencyHelperTests.FormatToStringTest1000(price: 782.6578288817116, expected: &quot;782.66 zł&quot;)" computerName="DESKTOP-5URQ9PB" duration="00:00:00.0000045" startTime="2022-06-13T21:15:00.1743504+02:00" endTime="2022-06-13T21:15:00.1743506+02:00" testType="13cdc9d9-ddb5-4fa4-a97d-d965ccfc6d4b" outcome="Passed" testListId="8c84fa94-04c1-424b-9868-57a2d4851a1d" relativeResultsDirectory="158955db-52ae-442a-b9b6-708cd72b296d" />
    <UnitTestResult executionId="290d9d4a-e488-48db-b172-75bb814bb6d0" testId="c7ef87e2-e6d0-89f1-fa1a-3a161b3248e2" testName="xUnitTestProject.CurrencyHelperTests.FormatToStringTest1000(price: 76751.79413498091, expected: &quot;76751.79 zł&quot;)" computerName="DESKTOP-5URQ9PB" duration="00:00:00.0000056" startTime="2022-06-13T21:15:00.1020134+02:00" endTime="2022-06-13T21:15:00.1020136+02:00" testType="13cdc9d9-ddb5-4fa4-a97d-d965ccfc6d4b" outcome="Passed" testListId="8c84fa94-04c1-424b-9868-57a2d4851a1d" relativeResultsDirectory="290d9d4a-e488-48db-b172-75bb814bb6d0" />
    <UnitTestResult executionId="3aa84ede-9e4d-4a13-babb-d458f626b053" testId="954162af-ab17-e8a9-4ff5-8c9d29069f15" testName="xUnitTestProject.CurrencyHelperTests.FormatToStringTest1000(price: 16416.109736457518, expected: &quot;16416.11 zł&quot;)" computerName="DESKTOP-5URQ9PB" duration="00:00:00.0000071" startTime="2022-06-13T21:15:00.1540774+02:00" endTime="2022-06-13T21:15:00.1540776+02:00" testType="13cdc9d9-ddb5-4fa4-a97d-d965ccfc6d4b" outcome="Passed" testListId="8c84fa94-04c1-424b-9868-57a2d4851a1d" relativeResultsDirectory="3aa84ede-9e4d-4a13-babb-d458f626b053" />
    <UnitTestResult executionId="285db2ca-33d6-4a38-a5de-644f91771759" testId="c34ab70e-c13b-c0d3-f6b8-6dc84da0bd17" testName="xUnitTestProject.CurrencyHelperTests.FormatToStringTest1000(price: 50991.22189691114, expected: &quot;50991.22 zł&quot;)" computerName="DESKTOP-5URQ9PB" duration="00:00:00.0000056" startTime="2022-06-13T21:15:00.1823583+02:00" endTime="2022-06-13T21:15:00.1823585+02:00" testType="13cdc9d9-ddb5-4fa4-a97d-d965ccfc6d4b" outcome="Passed" testListId="8c84fa94-04c1-424b-9868-57a2d4851a1d" relativeResultsDirectory="285db2ca-33d6-4a38-a5de-644f91771759" />
    <UnitTestResult executionId="f2a277c1-e747-4acc-8400-fccbe06752b7" testId="156f5ebd-8a60-46f3-8ac8-18455127849a" testName="xUnitTestProject.CurrencyHelperTests.FormatToStringTest1000(price: 33601.357302459124, expected: &quot;33601.36 zł&quot;)" computerName="DESKTOP-5URQ9PB" duration="00:00:00.0000058" startTime="2022-06-13T21:15:00.1472478+02:00" endTime="2022-06-13T21:15:00.1472480+02:00" testType="13cdc9d9-ddb5-4fa4-a97d-d965ccfc6d4b" outcome="Passed" testListId="8c84fa94-04c1-424b-9868-57a2d4851a1d" relativeResultsDirectory="f2a277c1-e747-4acc-8400-fccbe06752b7" />
    <UnitTestResult executionId="8738931a-475b-43e2-980c-5adecb4ac0cd" testId="d2be2dc8-81b6-46cb-cbba-3709ad4b1996" testName="xUnitTestProject.CurrencyHelperTests.FormatToStringTest1000(price: 6654.099431086378, expected: &quot;6654.10 zł&quot;)" computerName="DESKTOP-5URQ9PB" duration="00:00:00.0000041" startTime="2022-06-13T21:15:00.0929178+02:00" endTime="2022-06-13T21:15:00.0929182+02:00" testType="13cdc9d9-ddb5-4fa4-a97d-d965ccfc6d4b" outcome="Passed" testListId="8c84fa94-04c1-424b-9868-57a2d4851a1d" relativeResultsDirectory="8738931a-475b-43e2-980c-5adecb4ac0cd" />
    <UnitTestResult executionId="2a53ac86-b7ca-45ab-bd9b-8401eafbb8bd" testId="761b6e00-61f3-b300-b2f5-8d5765381437" testName="xUnitTestProject.CurrencyHelperTests.FormatToStringTest1000(price: 57237.252356975456, expected: &quot;57237.25 zł&quot;)" computerName="DESKTOP-5URQ9PB" duration="00:00:00.0000041" startTime="2022-06-13T21:15:00.0929967+02:00" endTime="2022-06-13T21:15:00.0929969+02:00" testType="13cdc9d9-ddb5-4fa4-a97d-d965ccfc6d4b" outcome="Passed" testListId="8c84fa94-04c1-424b-9868-57a2d4851a1d" relativeResultsDirectory="2a53ac86-b7ca-45ab-bd9b-8401eafbb8bd" />
    <UnitTestResult executionId="461da198-e856-41c8-ba6a-2c6dda882e9e" testId="a188d29e-24f4-14f6-3109-f28ee9929456" testName="xUnitTestProject.CurrencyHelperTests.FormatToStringTest1000(price: 15639.704937780603, expected: &quot;15639.70 zł&quot;)" computerName="DESKTOP-5URQ9PB" duration="00:00:00.0000051" startTime="2022-06-13T21:15:00.1779475+02:00" endTime="2022-06-13T21:15:00.1779476+02:00" testType="13cdc9d9-ddb5-4fa4-a97d-d965ccfc6d4b" outcome="Passed" testListId="8c84fa94-04c1-424b-9868-57a2d4851a1d" relativeResultsDirectory="461da198-e856-41c8-ba6a-2c6dda882e9e" />
    <UnitTestResult executionId="a560dfab-5b06-45e5-b788-3d78b048cd91" testId="b16fb8e5-3fa9-845c-9c70-ee0c0d261e2c" testName="xUnitTestProject.CurrencyHelperTests.FormatToStringTest1000(price: 24957.469502810607, expected: &quot;24957.47 zł&quot;)" computerName="DESKTOP-5URQ9PB" duration="00:00:00.0000060" startTime="2022-06-13T21:15:00.1125138+02:00" endTime="2022-06-13T21:15:00.1125140+02:00" testType="13cdc9d9-ddb5-4fa4-a97d-d965ccfc6d4b" outcome="Passed" testListId="8c84fa94-04c1-424b-9868-57a2d4851a1d" relativeResultsDirectory="a560dfab-5b06-45e5-b788-3d78b048cd91" />
    <UnitTestResult executionId="f148609e-0029-4ef5-a032-4ed8145adf86" testId="cae25fb7-b977-eb51-0588-bf026d38b145" testName="xUnitTestProject.CurrencyHelperTests.FormatToStringTest1000(price: 3270.286035661719, expected: &quot;3270.29 zł&quot;)" computerName="DESKTOP-5URQ9PB" duration="00:00:00.0000041" startTime="2022-06-13T21:15:00.1756922+02:00" endTime="2022-06-13T21:15:00.1756924+02:00" testType="13cdc9d9-ddb5-4fa4-a97d-d965ccfc6d4b" outcome="Passed" testListId="8c84fa94-04c1-424b-9868-57a2d4851a1d" relativeResultsDirectory="f148609e-0029-4ef5-a032-4ed8145adf86" />
    <UnitTestResult executionId="a5fdcb60-916f-4911-8332-db801036fa4d" testId="502c40b3-55a9-ed63-c19a-b15f001d74e2" testName="xUnitTestProject.CurrencyHelperTests.FormatToStringTest1000(price: 66019.32414194118, expected: &quot;66019.32 zł&quot;)" computerName="DESKTOP-5URQ9PB" duration="00:00:00.0000072" startTime="2022-06-13T21:15:00.1122594+02:00" endTime="2022-06-13T21:15:00.1122598+02:00" testType="13cdc9d9-ddb5-4fa4-a97d-d965ccfc6d4b" outcome="Passed" testListId="8c84fa94-04c1-424b-9868-57a2d4851a1d" relativeResultsDirectory="a5fdcb60-916f-4911-8332-db801036fa4d" />
    <UnitTestResult executionId="e48e02c8-5e93-4d66-bcee-8831deb80b21" testId="56913f03-b8f6-5435-d407-8c8e9508f433" testName="xUnitTestProject.CurrencyHelperTests.FormatToStringTest1000(price: 25116.590135570892, expected: &quot;25116.59 zł&quot;)" computerName="DESKTOP-5URQ9PB" duration="00:00:00.0000058" startTime="2022-06-13T21:15:00.1076742+02:00" endTime="2022-06-13T21:15:00.1076744+02:00" testType="13cdc9d9-ddb5-4fa4-a97d-d965ccfc6d4b" outcome="Passed" testListId="8c84fa94-04c1-424b-9868-57a2d4851a1d" relativeResultsDirectory="e48e02c8-5e93-4d66-bcee-8831deb80b21" />
    <UnitTestResult executionId="764a30ee-d372-4513-9f5a-2c00580342c5" testId="4ef75591-ffb4-d566-94c9-bda5f50552b9" testName="xUnitTestProject.CurrencyHelperTests.FormatToStringTest1000(price: 17000.070169619317, expected: &quot;17000.07 zł&quot;)" computerName="DESKTOP-5URQ9PB" duration="00:00:00.0000056" startTime="2022-06-13T21:15:00.1389600+02:00" endTime="2022-06-13T21:15:00.1389602+02:00" testType="13cdc9d9-ddb5-4fa4-a97d-d965ccfc6d4b" outcome="Passed" testListId="8c84fa94-04c1-424b-9868-57a2d4851a1d" relativeResultsDirectory="764a30ee-d372-4513-9f5a-2c00580342c5" />
    <UnitTestResult executionId="2f007e94-494b-4245-a5e0-59cf692c3c06" testId="c4f09638-23b4-3d40-c0a4-ef63a006dba0" testName="xUnitTestProject.CurrencyHelperTests.FormatToStringTest1000(price: 18990.72499258012, expected: &quot;18990.72 zł&quot;)" computerName="DESKTOP-5URQ9PB" duration="00:00:00.0000055" startTime="2022-06-13T21:15:00.0650038+02:00" endTime="2022-06-13T21:15:00.0650040+02:00" testType="13cdc9d9-ddb5-4fa4-a97d-d965ccfc6d4b" outcome="Passed" testListId="8c84fa94-04c1-424b-9868-57a2d4851a1d" relativeResultsDirectory="2f007e94-494b-4245-a5e0-59cf692c3c06" />
    <UnitTestResult executionId="57e555f5-e735-43a7-944c-e732239305ff" testId="da0fbf47-7a8c-b3ea-d30a-c0e3a737ca5d" testName="xUnitTestProject.CurrencyHelperTests.FormatToStringTest1000(price: 8514.837538072763, expected: &quot;8514.84 zł&quot;)" computerName="DESKTOP-5URQ9PB" duration="00:00:00.0000081" startTime="2022-06-13T21:15:00.1279751+02:00" endTime="2022-06-13T21:15:00.1279755+02:00" testType="13cdc9d9-ddb5-4fa4-a97d-d965ccfc6d4b" outcome="Passed" testListId="8c84fa94-04c1-424b-9868-57a2d4851a1d" relativeResultsDirectory="57e555f5-e735-43a7-944c-e732239305ff" />
    <UnitTestResult executionId="4a0f81cd-6335-48a7-bbce-c62b2947b4ab" testId="6997fb4f-bee2-69ca-461b-7845f1fa191c" testName="xUnitTestProject.CurrencyHelperTests.FormatToStringTest1000(price: 56802.303118930344, expected: &quot;56802.30 zł&quot;)" computerName="DESKTOP-5URQ9PB" duration="00:00:00.0000043" startTime="2022-06-13T21:15:00.0884999+02:00" endTime="2022-06-13T21:15:00.0885003+02:00" testType="13cdc9d9-ddb5-4fa4-a97d-d965ccfc6d4b" outcome="Passed" testListId="8c84fa94-04c1-424b-9868-57a2d4851a1d" relativeResultsDirectory="4a0f81cd-6335-48a7-bbce-c62b2947b4ab" />
    <UnitTestResult executionId="70bcd441-4e4c-4562-9656-284a52a24a40" testId="dc54e0bb-502b-6570-9584-a9f765f8122d" testName="xUnitTestProject.CurrencyHelperTests.FormatToStringTest1000(price: 11944.74385168531, expected: &quot;11944.74 zł&quot;)" computerName="DESKTOP-5URQ9PB" duration="00:00:00.0000061" startTime="2022-06-13T21:15:00.0740672+02:00" endTime="2022-06-13T21:15:00.0740675+02:00" testType="13cdc9d9-ddb5-4fa4-a97d-d965ccfc6d4b" outcome="Passed" testListId="8c84fa94-04c1-424b-9868-57a2d4851a1d" relativeResultsDirectory="70bcd441-4e4c-4562-9656-284a52a24a40" />
    <UnitTestResult executionId="91df47c4-5f5b-47c9-8495-87f786aa1f51" testId="2f6b6911-3bf0-1f4d-b85f-0561bbc969cd" testName="xUnitTestProject.CurrencyHelperTests.FormatToStringTest1000(price: 8095.485677032492, expected: &quot;8095.49 zł&quot;)" computerName="DESKTOP-5URQ9PB" duration="00:00:00.0000041" startTime="2022-06-13T21:15:00.0774961+02:00" endTime="2022-06-13T21:15:00.0774964+02:00" testType="13cdc9d9-ddb5-4fa4-a97d-d965ccfc6d4b" outcome="Passed" testListId="8c84fa94-04c1-424b-9868-57a2d4851a1d" relativeResultsDirectory="91df47c4-5f5b-47c9-8495-87f786aa1f51" />
    <UnitTestResult executionId="f1375ab3-07c2-42ab-bf42-9dd8d92b2d18" testId="5322a6b6-b1d1-4276-7a98-26cc05377b71" testName="xUnitTestProject.CurrencyHelperTests.FormatToStringTest1000(price: 37160.85331540269, expected: &quot;37160.85 zł&quot;)" computerName="DESKTOP-5URQ9PB" duration="00:00:00.0000049" startTime="2022-06-13T21:15:00.0819668+02:00" endTime="2022-06-13T21:15:00.0819672+02:00" testType="13cdc9d9-ddb5-4fa4-a97d-d965ccfc6d4b" outcome="Passed" testListId="8c84fa94-04c1-424b-9868-57a2d4851a1d" relativeResultsDirectory="f1375ab3-07c2-42ab-bf42-9dd8d92b2d18" />
    <UnitTestResult executionId="1aebd04c-3051-433a-81b8-c4390555e340" testId="5a63d239-8af4-ff24-ef04-165e809fc0f0" testName="xUnitTestProject.CurrencyHelperTests.FormatToStringTest1000(price: 13503.943645929892, expected: &quot;13503.94 zł&quot;)" computerName="DESKTOP-5URQ9PB" duration="00:00:00.0000090" startTime="2022-06-13T21:15:00.1710347+02:00" endTime="2022-06-13T21:15:00.1710349+02:00" testType="13cdc9d9-ddb5-4fa4-a97d-d965ccfc6d4b" outcome="Passed" testListId="8c84fa94-04c1-424b-9868-57a2d4851a1d" relativeResultsDirectory="1aebd04c-3051-433a-81b8-c4390555e340" />
    <UnitTestResult executionId="89d72c86-9639-41b8-9b1a-e0ad9982b563" testId="5ba87170-b4be-88ce-9658-2993ce18ab0a" testName="xUnitTestProject.CurrencyHelperTests.FormatToStringTest1000(price: 47575.6421269959, expected: &quot;47575.64 zł&quot;)" computerName="DESKTOP-5URQ9PB" duration="00:00:00.0000071" startTime="2022-06-13T21:15:00.0728172+02:00" endTime="2022-06-13T21:15:00.0728174+02:00" testType="13cdc9d9-ddb5-4fa4-a97d-d965ccfc6d4b" outcome="Passed" testListId="8c84fa94-04c1-424b-9868-57a2d4851a1d" relativeResultsDirectory="89d72c86-9639-41b8-9b1a-e0ad9982b563" />
    <UnitTestResult executionId="4cb1be1c-bac9-4a96-beec-61391c756b18" testId="37e53818-7fa5-17d7-012c-004f89325673" testName="xUnitTestProject.CurrencyHelperTests.FormatToStringTest1000(price: 6213.265206352466, expected: &quot;6213.27 zł&quot;)" computerName="DESKTOP-5URQ9PB" duration="00:00:00.0000054" startTime="2022-06-13T21:15:00.1585160+02:00" endTime="2022-06-13T21:15:00.1585162+02:00" testType="13cdc9d9-ddb5-4fa4-a97d-d965ccfc6d4b" outcome="Passed" testListId="8c84fa94-04c1-424b-9868-57a2d4851a1d" relativeResultsDirectory="4cb1be1c-bac9-4a96-beec-61391c756b18" />
    <UnitTestResult executionId="7bf24aec-e9fc-4028-80f0-943c6989982f" testId="900eea81-caf7-4e0f-b129-22c2df2135b0" testName="xUnitTestProject.CurrencyHelperTests.FormatToStringTest1000(price: 44065.726815678056, expected: &quot;44065.73 zł&quot;)" computerName="DESKTOP-5URQ9PB" duration="00:00:00.0000072" startTime="2022-06-13T21:15:00.1529449+02:00" endTime="2022-06-13T21:15:00.1529451+02:00" testType="13cdc9d9-ddb5-4fa4-a97d-d965ccfc6d4b" outcome="Passed" testListId="8c84fa94-04c1-424b-9868-57a2d4851a1d" relativeResultsDirectory="7bf24aec-e9fc-4028-80f0-943c6989982f" />
    <UnitTestResult executionId="1dce3846-77e4-4368-af93-a14a8db45ec8" testId="58e741bd-777c-df5d-d9c1-457b2c873d32" testName="xUnitTestProject.CurrencyHelperTests.FormatToStringTest1000(price: 20978.860218282258, expected: &quot;20978.86 zł&quot;)" computerName="DESKTOP-5URQ9PB" duration="00:00:00.0000044" startTime="2022-06-13T21:15:00.0941780+02:00" endTime="2022-06-13T21:15:00.0941782+02:00" testType="13cdc9d9-ddb5-4fa4-a97d-d965ccfc6d4b" outcome="Passed" testListId="8c84fa94-04c1-424b-9868-57a2d4851a1d" relativeResultsDirectory="1dce3846-77e4-4368-af93-a14a8db45ec8" />
    <UnitTestResult executionId="6e73477f-ac0f-44fb-8d84-f6deff6dca63" testId="459b3c16-63b4-fc77-bb08-22086969eb93" testName="xUnitTestProject.CurrencyHelperTests.FormatToStringTest1000(price: 8599.45217413616, expected: &quot;8599.45 zł&quot;)" computerName="DESKTOP-5URQ9PB" duration="00:00:00.0000058" startTime="2022-06-13T21:15:00.1313771+02:00" endTime="2022-06-13T21:15:00.1313775+02:00" testType="13cdc9d9-ddb5-4fa4-a97d-d965ccfc6d4b" outcome="Passed" testListId="8c84fa94-04c1-424b-9868-57a2d4851a1d" relativeResultsDirectory="6e73477f-ac0f-44fb-8d84-f6deff6dca63" />
    <UnitTestResult executionId="2190cd36-e2a0-4956-bf23-ca305633df12" testId="3e5b1b26-ce6a-72cd-5d99-1c229fd90703" testName="xUnitTestProject.CurrencyHelperTests.FormatToStringTest1000(price: 15520.346099893259, expected: &quot;15520.35 zł&quot;)" computerName="DESKTOP-5URQ9PB" duration="00:00:00.0000043" startTime="2022-06-13T21:15:00.0952798+02:00" endTime="2022-06-13T21:15:00.0952799+02:00" testType="13cdc9d9-ddb5-4fa4-a97d-d965ccfc6d4b" outcome="Passed" testListId="8c84fa94-04c1-424b-9868-57a2d4851a1d" relativeResultsDirectory="2190cd36-e2a0-4956-bf23-ca305633df12" />
    <UnitTestResult executionId="7def6cf3-23b0-456e-b7a8-a369c3ab243e" testId="2732f008-e7e8-d754-7384-c116f008d613" testName="xUnitTestProject.CurrencyHelperTests.FormatToStringTest1000(price: 1687.5965557361937, expected: &quot;1687.60 zł&quot;)" computerName="DESKTOP-5URQ9PB" duration="00:00:00.0000065" startTime="2022-06-13T21:15:00.1516874+02:00" endTime="2022-06-13T21:15:00.1516875+02:00" testType="13cdc9d9-ddb5-4fa4-a97d-d965ccfc6d4b" outcome="Passed" testListId="8c84fa94-04c1-424b-9868-57a2d4851a1d" relativeResultsDirectory="7def6cf3-23b0-456e-b7a8-a369c3ab243e" />
    <UnitTestResult executionId="87d56941-547c-4088-9e4f-a6da40e16a26" testId="369e9363-5592-8231-38fe-e3c32cfca4c4" testName="xUnitTestProject.CurrencyHelperTests.FormatToStringTest1000(price: 626.135364110179, expected: &quot;626.14 zł&quot;)" computerName="DESKTOP-5URQ9PB" duration="00:00:00.0000046" startTime="2022-06-13T21:15:00.1889079+02:00" endTime="2022-06-13T21:15:00.1889080+02:00" testType="13cdc9d9-ddb5-4fa4-a97d-d965ccfc6d4b" outcome="Passed" testListId="8c84fa94-04c1-424b-9868-57a2d4851a1d" relativeResultsDirectory="87d56941-547c-4088-9e4f-a6da40e16a26" />
    <UnitTestResult executionId="6437e8de-0b5d-4d77-a8cb-47c62ebab0fb" testId="4c71192e-43b4-c49c-e53a-9e4a0adf6b7e" testName="xUnitTestProject.CurrencyHelperTests.FormatToStringTest1000(price: 34062.88803158276, expected: &quot;34062.89 zł&quot;)" computerName="DESKTOP-5URQ9PB" duration="00:00:00.0000070" startTime="2022-06-13T21:15:00.1346249+02:00" endTime="2022-06-13T21:15:00.1346250+02:00" testType="13cdc9d9-ddb5-4fa4-a97d-d965ccfc6d4b" outcome="Passed" testListId="8c84fa94-04c1-424b-9868-57a2d4851a1d" relativeResultsDirectory="6437e8de-0b5d-4d77-a8cb-47c62ebab0fb" />
    <UnitTestResult executionId="fa2c7f4e-372a-41ed-8695-495b7aa6c005" testId="3b212d04-f6e8-ace9-1475-1632b0249f80" testName="xUnitTestProject.CurrencyHelperTests.FormatToStringTest1000(price: 70149.17842025738, expected: &quot;70149.18 zł&quot;)" computerName="DESKTOP-5URQ9PB" duration="00:00:00.0000059" startTime="2022-06-13T21:15:00.1202696+02:00" endTime="2022-06-13T21:15:00.1202698+02:00" testType="13cdc9d9-ddb5-4fa4-a97d-d965ccfc6d4b" outcome="Passed" testListId="8c84fa94-04c1-424b-9868-57a2d4851a1d" relativeResultsDirectory="fa2c7f4e-372a-41ed-8695-495b7aa6c005" />
    <UnitTestResult executionId="feeb28db-fa3b-4eed-9e94-941be0bca58f" testId="6b6f1069-86c1-e08a-6926-d89a012b7b47" testName="xUnitTestProject.CurrencyHelperTests.FormatToStringTest1000(price: 17315.72309779363, expected: &quot;17315.72 zł&quot;)" computerName="DESKTOP-5URQ9PB" duration="00:00:00.0000069" startTime="2022-06-13T21:15:00.1291788+02:00" endTime="2022-06-13T21:15:00.1291790+02:00" testType="13cdc9d9-ddb5-4fa4-a97d-d965ccfc6d4b" outcome="Passed" testListId="8c84fa94-04c1-424b-9868-57a2d4851a1d" relativeResultsDirectory="feeb28db-fa3b-4eed-9e94-941be0bca58f" />
    <UnitTestResult executionId="7a1d7248-8cc8-4312-a69c-f72a7bb2802c" testId="c8c9567a-0791-4ff6-39a0-7fa2a22ff301" testName="xUnitTestProject.CurrencyHelperTests.FormatToStringTest1000(price: 29845.02749849345, expected: &quot;29845.03 zł&quot;)" computerName="DESKTOP-5URQ9PB" duration="00:00:00.0000112" startTime="2022-06-13T21:15:00.1888499+02:00" endTime="2022-06-13T21:15:00.1888501+02:00" testType="13cdc9d9-ddb5-4fa4-a97d-d965ccfc6d4b" outcome="Passed" testListId="8c84fa94-04c1-424b-9868-57a2d4851a1d" relativeResultsDirectory="7a1d7248-8cc8-4312-a69c-f72a7bb2802c" />
    <UnitTestResult executionId="f8abe8d2-c314-4281-9454-c5414afce8af" testId="5df2cee8-1205-20ca-1995-6e5120b53d1e" testName="xUnitTestProject.CurrencyHelperTests.FormatToStringTest1000(price: 1884.4923513031063, expected: &quot;1884.49 zł&quot;)" computerName="DESKTOP-5URQ9PB" duration="00:00:00.0000041" startTime="2022-06-13T21:15:00.0594515+02:00" endTime="2022-06-13T21:15:00.0594517+02:00" testType="13cdc9d9-ddb5-4fa4-a97d-d965ccfc6d4b" outcome="Passed" testListId="8c84fa94-04c1-424b-9868-57a2d4851a1d" relativeResultsDirectory="f8abe8d2-c314-4281-9454-c5414afce8af" />
    <UnitTestResult executionId="b5f8b225-c151-4713-b970-3108f9a0e5e5" testId="71259de5-a991-d68a-74b6-6304befba6d8" testName="xUnitTestProject.CurrencyHelperTests.FormatToStringTest1000(price: 52481.07276821932, expected: &quot;52481.07 zł&quot;)" computerName="DESKTOP-5URQ9PB" duration="00:00:00.0000049" startTime="2022-06-13T21:15:00.0841950+02:00" endTime="2022-06-13T21:15:00.0841952+02:00" testType="13cdc9d9-ddb5-4fa4-a97d-d965ccfc6d4b" outcome="Passed" testListId="8c84fa94-04c1-424b-9868-57a2d4851a1d" relativeResultsDirectory="b5f8b225-c151-4713-b970-3108f9a0e5e5" />
    <UnitTestResult executionId="75344522-b1e2-4143-a436-34ecac1fd312" testId="419d247e-1033-df66-fcc5-471a4ec8f5e3" testName="xUnitTestProject.CurrencyHelperTests.FormatToStringTest1000(price: 22557.09603308099, expected: &quot;22557.10 zł&quot;)" computerName="DESKTOP-5URQ9PB" duration="00:00:00.0000056" startTime="2022-06-13T21:15:00.1629127+02:00" endTime="2022-06-13T21:15:00.1629129+02:00" testType="13cdc9d9-ddb5-4fa4-a97d-d965ccfc6d4b" outcome="Passed" testListId="8c84fa94-04c1-424b-9868-57a2d4851a1d" relativeResultsDirectory="75344522-b1e2-4143-a436-34ecac1fd312" />
    <UnitTestResult executionId="c4b18edc-793f-4bb1-8dc1-ee363187c493" testId="5de12653-1f5a-24cb-5ff2-99601694fb1f" testName="xUnitTestProject.CurrencyHelperTests.FormatToStringTest1000(price: 77919.64716867341, expected: &quot;77919.65 zł&quot;)" computerName="DESKTOP-5URQ9PB" duration="00:00:00.0000067" startTime="2022-06-13T21:15:00.1530187+02:00" endTime="2022-06-13T21:15:00.1530189+02:00" testType="13cdc9d9-ddb5-4fa4-a97d-d965ccfc6d4b" outcome="Passed" testListId="8c84fa94-04c1-424b-9868-57a2d4851a1d" relativeResultsDirectory="c4b18edc-793f-4bb1-8dc1-ee363187c493" />
    <UnitTestResult executionId="a78d82fd-aca9-4605-8078-6586ab9e92f0" testId="f7288d33-e820-d388-23d4-39d2a5548f52" testName="xUnitTestProject.CurrencyHelperTests.FormatToStringTest1000(price: 1562.3173604776698, expected: &quot;1562.32 zł&quot;)" computerName="DESKTOP-5URQ9PB" duration="00:00:00.0000041" startTime="2022-06-13T21:15:00.1009510+02:00" endTime="2022-06-13T21:15:00.1009511+02:00" testType="13cdc9d9-ddb5-4fa4-a97d-d965ccfc6d4b" outcome="Passed" testListId="8c84fa94-04c1-424b-9868-57a2d4851a1d" relativeResultsDirectory="a78d82fd-aca9-4605-8078-6586ab9e92f0" />
    <UnitTestResult executionId="426b88b1-242c-4ec9-9bb4-98713883e091" testId="9b9cb762-c5b9-fbcf-33f7-2ca2d3e98b42" testName="xUnitTestProject.CurrencyHelperTests.FormatToStringTest1000(price: 75162.39407669863, expected: &quot;75162.39 zł&quot;)" computerName="DESKTOP-5URQ9PB" duration="00:00:00.0000056" startTime="2022-06-13T21:15:00.1169507+02:00" endTime="2022-06-13T21:15:00.1169509+02:00" testType="13cdc9d9-ddb5-4fa4-a97d-d965ccfc6d4b" outcome="Passed" testListId="8c84fa94-04c1-424b-9868-57a2d4851a1d" relativeResultsDirectory="426b88b1-242c-4ec9-9bb4-98713883e091" />
    <UnitTestResult executionId="1b6eede3-53c9-4008-a56d-ba2ec4488834" testId="19ecf0ec-9a79-ad70-9475-fee54b9d8614" testName="xUnitTestProject.CurrencyHelperTests.FormatToStringTest1000(price: 1994.0983933439006, expected: &quot;1994.10 zł&quot;)" computerName="DESKTOP-5URQ9PB" duration="00:00:00.0000056" startTime="2022-06-13T21:15:00.1054238+02:00" endTime="2022-06-13T21:15:00.1054240+02:00" testType="13cdc9d9-ddb5-4fa4-a97d-d965ccfc6d4b" outcome="Passed" testListId="8c84fa94-04c1-424b-9868-57a2d4851a1d" relativeResultsDirectory="1b6eede3-53c9-4008-a56d-ba2ec4488834" />
    <UnitTestResult executionId="b896f8ec-63d7-4263-983d-54e992200e4e" testId="e0c34032-6c79-2d9c-b6af-6955c63a9e30" testName="xUnitTestProject.CurrencyHelperTests.FormatToStringTest1000(price: 47672.66266041652, expected: &quot;47672.66 zł&quot;)" computerName="DESKTOP-5URQ9PB" duration="00:00:00.0000060" startTime="2022-06-13T21:15:00.1877532+02:00" endTime="2022-06-13T21:15:00.1877534+02:00" testType="13cdc9d9-ddb5-4fa4-a97d-d965ccfc6d4b" outcome="Passed" testListId="8c84fa94-04c1-424b-9868-57a2d4851a1d" relativeResultsDirectory="b896f8ec-63d7-4263-983d-54e992200e4e" />
    <UnitTestResult executionId="c7ed5a85-3d57-4ba6-b47f-062ab1059406" testId="c25f3e77-3d72-0513-001e-286d17e294f3" testName="xUnitTestProject.CurrencyHelperTests.FormatToStringTest1000(price: 3270.482477338743, expected: &quot;3270.48 zł&quot;)" computerName="DESKTOP-5URQ9PB" duration="00:00:00.0000060" startTime="2022-06-13T21:15:00.1335702+02:00" endTime="2022-06-13T21:15:00.1335703+02:00" testType="13cdc9d9-ddb5-4fa4-a97d-d965ccfc6d4b" outcome="Passed" testListId="8c84fa94-04c1-424b-9868-57a2d4851a1d" relativeResultsDirectory="c7ed5a85-3d57-4ba6-b47f-062ab1059406" />
    <UnitTestResult executionId="a8050ae7-ccf3-4c2d-b234-f3ba6a91231d" testId="f5820c79-9491-c601-5f6f-2c9537d33353" testName="xUnitTestProject.CurrencyHelperTests.FormatToStringTest1000(price: 18794.859523484418, expected: &quot;18794.86 zł&quot;)" computerName="DESKTOP-5URQ9PB" duration="00:00:00.0000040" startTime="2022-06-13T21:15:00.1820917+02:00" endTime="2022-06-13T21:15:00.1820921+02:00" testType="13cdc9d9-ddb5-4fa4-a97d-d965ccfc6d4b" outcome="Passed" testListId="8c84fa94-04c1-424b-9868-57a2d4851a1d" relativeResultsDirectory="a8050ae7-ccf3-4c2d-b234-f3ba6a91231d" />
    <UnitTestResult executionId="ca98b4fa-a0e0-4eff-8dc1-3c78c7d3d03d" testId="9634b23e-736b-8d03-4e65-5819fb03baa5" testName="xUnitTestProject.CurrencyHelperTests.FormatToStringTest1000(price: 11118.620997698335, expected: &quot;11118.62 zł&quot;)" computerName="DESKTOP-5URQ9PB" duration="00:00:00.0000090" startTime="2022-06-13T21:15:00.0918158+02:00" endTime="2022-06-13T21:15:00.0918161+02:00" testType="13cdc9d9-ddb5-4fa4-a97d-d965ccfc6d4b" outcome="Passed" testListId="8c84fa94-04c1-424b-9868-57a2d4851a1d" relativeResultsDirectory="ca98b4fa-a0e0-4eff-8dc1-3c78c7d3d03d" />
    <UnitTestResult executionId="7a0cedc4-4de3-42c0-8206-8c9a31dfecd0" testId="bafd99e7-ca41-5985-0fa2-b8c4e8f1fc8c" testName="xUnitTestProject.CurrencyHelperTests.FormatToStringTest1000(price: 5591.2222540617095, expected: &quot;5591.22 zł&quot;)" computerName="DESKTOP-5URQ9PB" duration="00:00:00.0000065" startTime="2022-06-13T21:15:00.1483033+02:00" endTime="2022-06-13T21:15:00.1483037+02:00" testType="13cdc9d9-ddb5-4fa4-a97d-d965ccfc6d4b" outcome="Passed" testListId="8c84fa94-04c1-424b-9868-57a2d4851a1d" relativeResultsDirectory="7a0cedc4-4de3-42c0-8206-8c9a31dfecd0" />
    <UnitTestResult executionId="192d0fae-505e-4632-be3a-8860745b0b20" testId="ecb76390-c6f7-bfa0-1a99-45634c606ddc" testName="xUnitTestProject.CurrencyHelperTests.FormatToStringTest1000(price: 35248.53555717996, expected: &quot;35248.54 zł&quot;)" computerName="DESKTOP-5URQ9PB" duration="00:00:00.0000041" startTime="2022-06-13T21:15:00.0802551+02:00" endTime="2022-06-13T21:15:00.0802556+02:00" testType="13cdc9d9-ddb5-4fa4-a97d-d965ccfc6d4b" outcome="Passed" testListId="8c84fa94-04c1-424b-9868-57a2d4851a1d" relativeResultsDirectory="192d0fae-505e-4632-be3a-8860745b0b20" />
    <UnitTestResult executionId="36b24937-f56a-4a2d-9858-915bf8329157" testId="c3b1d717-2998-1634-887e-572d42236e5b" testName="xUnitTestProject.CurrencyHelperTests.FormatToStringTest1000(price: 34951.47290410077, expected: &quot;34951.47 zł&quot;)" computerName="DESKTOP-5URQ9PB" duration="00:00:00.0000040" startTime="2022-06-13T21:15:00.0963361+02:00" endTime="2022-06-13T21:15:00.0963363+02:00" testType="13cdc9d9-ddb5-4fa4-a97d-d965ccfc6d4b" outcome="Passed" testListId="8c84fa94-04c1-424b-9868-57a2d4851a1d" relativeResultsDirectory="36b24937-f56a-4a2d-9858-915bf8329157" />
    <UnitTestResult executionId="8eb0a86f-de0f-4cba-b020-1d028d4fcd6e" testId="0e945364-42c0-3773-924e-a8c9f3ec6d3e" testName="xUnitTestProject.CurrencyHelperTests.FormatToStringTest1000(price: 22367.991005544547, expected: &quot;22367.99 zł&quot;)" computerName="DESKTOP-5URQ9PB" duration="00:00:00.0000064" startTime="2022-06-13T21:15:00.1181737+02:00" endTime="2022-06-13T21:15:00.1181739+02:00" testType="13cdc9d9-ddb5-4fa4-a97d-d965ccfc6d4b" outcome="Passed" testListId="8c84fa94-04c1-424b-9868-57a2d4851a1d" relativeResultsDirectory="8eb0a86f-de0f-4cba-b020-1d028d4fcd6e" />
    <UnitTestResult executionId="c8c092c9-0160-47c4-9786-6bafc9b97eb1" testId="546c163e-77dd-f570-5b52-f67af946e3b9" testName="xUnitTestProject.CurrencyHelperTests.FormatToStringTest1000(price: 56286.70397975702, expected: &quot;56286.70 zł&quot;)" computerName="DESKTOP-5URQ9PB" duration="00:00:00.0000041" startTime="2022-06-13T21:15:00.1822081+02:00" endTime="2022-06-13T21:15:00.1822083+02:00" testType="13cdc9d9-ddb5-4fa4-a97d-d965ccfc6d4b" outcome="Passed" testListId="8c84fa94-04c1-424b-9868-57a2d4851a1d" relativeResultsDirectory="c8c092c9-0160-47c4-9786-6bafc9b97eb1" />
    <UnitTestResult executionId="62237707-d461-49b0-bfb8-e6f338bdc533" testId="e31c0c60-96f3-c3fc-f48c-6d389a7185de" testName="xUnitTestProject.CurrencyHelperTests.FormatToStringTest1000(price: 19352.183340702755, expected: &quot;19352.18 zł&quot;)" computerName="DESKTOP-5URQ9PB" duration="00:00:00.0000063" startTime="2022-06-13T21:15:00.0792000+02:00" endTime="2022-06-13T21:15:00.0792004+02:00" testType="13cdc9d9-ddb5-4fa4-a97d-d965ccfc6d4b" outcome="Passed" testListId="8c84fa94-04c1-424b-9868-57a2d4851a1d" relativeResultsDirectory="62237707-d461-49b0-bfb8-e6f338bdc533" />
    <UnitTestResult executionId="ce1fc7f4-0df8-4008-a382-99ede92c5d08" testId="e6ca1d81-dcf2-fd0d-938d-c5551a71b09d" testName="xUnitTestProject.CurrencyHelperTests.FormatToStringTest1000(price: 36893.66238331593, expected: &quot;36893.66 zł&quot;)" computerName="DESKTOP-5URQ9PB" duration="00:00:00.0000052" startTime="2022-06-13T21:15:00.0885784+02:00" endTime="2022-06-13T21:15:00.0885785+02:00" testType="13cdc9d9-ddb5-4fa4-a97d-d965ccfc6d4b" outcome="Passed" testListId="8c84fa94-04c1-424b-9868-57a2d4851a1d" relativeResultsDirectory="ce1fc7f4-0df8-4008-a382-99ede92c5d08" />
    <UnitTestResult executionId="74b867ee-3973-4748-b9a0-675d39653d84" testId="ad936791-3884-bcd2-a8bf-cc0980504588" testName="xUnitTestProject.CurrencyHelperTests.FormatToStringTest1000(price: 17232.486162219426, expected: &quot;17232.49 zł&quot;)" computerName="DESKTOP-5URQ9PB" duration="00:00:00.0000040" startTime="2022-06-13T21:15:00.0963741+02:00" endTime="2022-06-13T21:15:00.0963743+02:00" testType="13cdc9d9-ddb5-4fa4-a97d-d965ccfc6d4b" outcome="Passed" testListId="8c84fa94-04c1-424b-9868-57a2d4851a1d" relativeResultsDirectory="74b867ee-3973-4748-b9a0-675d39653d84" />
    <UnitTestResult executionId="3c01cd13-e6c7-4195-89c2-649ca0ced36b" testId="650f8125-7e62-0be3-dcfc-dc1202eb9625" testName="xUnitTestProject.CurrencyHelperTests.FormatToStringTest1000(price: 55303.17220895699, expected: &quot;55303.17 zł&quot;)" computerName="DESKTOP-5URQ9PB" duration="00:00:00.0000041" startTime="2022-06-13T21:15:00.0764784+02:00" endTime="2022-06-13T21:15:00.0764786+02:00" testType="13cdc9d9-ddb5-4fa4-a97d-d965ccfc6d4b" outcome="Passed" testListId="8c84fa94-04c1-424b-9868-57a2d4851a1d" relativeResultsDirectory="3c01cd13-e6c7-4195-89c2-649ca0ced36b" />
    <UnitTestResult executionId="982234a9-f87f-4193-8f88-f6123584823f" testId="c5e43cdb-d4c3-3c40-9593-aad9b5ca8f95" testName="xUnitTestProject.CurrencyHelperTests.FormatToStringTest1000(price: 96022.24851977557, expected: &quot;96022.25 zł&quot;)" computerName="DESKTOP-5URQ9PB" duration="00:00:00.0000063" startTime="2022-06-13T21:15:00.1029746+02:00" endTime="2022-06-13T21:15:00.1029747+02:00" testType="13cdc9d9-ddb5-4fa4-a97d-d965ccfc6d4b" outcome="Passed" testListId="8c84fa94-04c1-424b-9868-57a2d4851a1d" relativeResultsDirectory="982234a9-f87f-4193-8f88-f6123584823f" />
    <UnitTestResult executionId="9646daa0-a4bc-409b-800d-fa41b9be7754" testId="9087d096-82b4-2271-94ec-73730ed51c23" testName="xUnitTestProject.CurrencyHelperTests.FormatToStringTest1000(price: 66053.95451852398, expected: &quot;66053.95 zł&quot;)" computerName="DESKTOP-5URQ9PB" duration="00:00:00.0000054" startTime="2022-06-13T21:15:00.1906967+02:00" endTime="2022-06-13T21:15:00.1906968+02:00" testType="13cdc9d9-ddb5-4fa4-a97d-d965ccfc6d4b" outcome="Passed" testListId="8c84fa94-04c1-424b-9868-57a2d4851a1d" relativeResultsDirectory="9646daa0-a4bc-409b-800d-fa41b9be7754" />
    <UnitTestResult executionId="30932a86-4cba-4c42-8bce-da7362851afc" testId="fe096e9a-696b-0373-a92c-3a2e57b850e7" testName="xUnitTestProject.CurrencyHelperTests.FormatToStringTest1000(price: 27629.79121039193, expected: &quot;27629.79 zł&quot;)" computerName="DESKTOP-5URQ9PB" duration="00:00:00.0000051" startTime="2022-06-13T21:15:00.0995770+02:00" endTime="2022-06-13T21:15:00.0995773+02:00" testType="13cdc9d9-ddb5-4fa4-a97d-d965ccfc6d4b" outcome="Passed" testListId="8c84fa94-04c1-424b-9868-57a2d4851a1d" relativeResultsDirectory="30932a86-4cba-4c42-8bce-da7362851afc" />
    <UnitTestResult executionId="ebc618d6-8f72-49d9-9a01-8ec2d5baa813" testId="7f9e1a03-9e41-8ac9-4d40-38aecad4670f" testName="xUnitTestProject.CurrencyHelperTests.FormatToStringTest1000(price: 15624.452361264477, expected: &quot;15624.45 zł&quot;)" computerName="DESKTOP-5URQ9PB" duration="00:00:00.0000043" startTime="2022-06-13T21:15:00.1766839+02:00" endTime="2022-06-13T21:15:00.1766841+02:00" testType="13cdc9d9-ddb5-4fa4-a97d-d965ccfc6d4b" outcome="Passed" testListId="8c84fa94-04c1-424b-9868-57a2d4851a1d" relativeResultsDirectory="ebc618d6-8f72-49d9-9a01-8ec2d5baa813" />
    <UnitTestResult executionId="5a445830-5059-469d-91bf-72b3e5db0d69" testId="1986b1a1-c98c-3d3a-7942-85a1e1c43315" testName="xUnitTestProject.CurrencyHelperTests.FormatToStringTest1000(price: 22678.795878462864, expected: &quot;22678.80 zł&quot;)" computerName="DESKTOP-5URQ9PB" duration="00:00:00.0000063" startTime="2022-06-13T21:15:00.1453150+02:00" endTime="2022-06-13T21:15:00.1453151+02:00" testType="13cdc9d9-ddb5-4fa4-a97d-d965ccfc6d4b" outcome="Passed" testListId="8c84fa94-04c1-424b-9868-57a2d4851a1d" relativeResultsDirectory="5a445830-5059-469d-91bf-72b3e5db0d69" />
    <UnitTestResult executionId="7f582c10-9b4b-4b29-b339-ee3872297a77" testId="f284fcd5-95ba-5e4a-ef58-143a466ff941" testName="xUnitTestProject.CurrencyHelperTests.FormatToStringTest1000(price: 36978.61073549213, expected: &quot;36978.61 zł&quot;)" computerName="DESKTOP-5URQ9PB" duration="00:00:00.0000056" startTime="2022-06-13T21:15:00.1123396+02:00" endTime="2022-06-13T21:15:00.1123397+02:00" testType="13cdc9d9-ddb5-4fa4-a97d-d965ccfc6d4b" outcome="Passed" testListId="8c84fa94-04c1-424b-9868-57a2d4851a1d" relativeResultsDirectory="7f582c10-9b4b-4b29-b339-ee3872297a77" />
    <UnitTestResult executionId="3fd86ed1-1e5b-45b4-a544-f72325cd6e83" testId="e8ec7e81-c75e-50ea-5d4f-c58eeb7d8270" testName="xUnitTestProject.CurrencyHelperTests.FormatToStringTest1000(price: 17098.491445727876, expected: &quot;17098.49 zł&quot;)" computerName="DESKTOP-5URQ9PB" duration="00:00:00.0000064" startTime="2022-06-13T21:15:00.1363420+02:00" endTime="2022-06-13T21:15:00.1363424+02:00" testType="13cdc9d9-ddb5-4fa4-a97d-d965ccfc6d4b" outcome="Passed" testListId="8c84fa94-04c1-424b-9868-57a2d4851a1d" relativeResultsDirectory="3fd86ed1-1e5b-45b4-a544-f72325cd6e83" />
    <UnitTestResult executionId="dd5ae56e-ab1d-44d8-9d1d-d2b4ebeb1a76" testId="217b46ae-53e4-8868-0968-60de7a74b62a" testName="xUnitTestProject.CurrencyHelperTests.FormatToStringTest1000(price: 15080.274618567097, expected: &quot;15080.27 zł&quot;)" computerName="DESKTOP-5URQ9PB" duration="00:00:00.0000067" startTime="2022-06-13T21:15:00.1259392+02:00" endTime="2022-06-13T21:15:00.1259394+02:00" testType="13cdc9d9-ddb5-4fa4-a97d-d965ccfc6d4b" outcome="Passed" testListId="8c84fa94-04c1-424b-9868-57a2d4851a1d" relativeResultsDirectory="dd5ae56e-ab1d-44d8-9d1d-d2b4ebeb1a76" />
    <UnitTestResult executionId="dcfb898c-df4f-4294-ab95-8565ec495e7f" testId="e9257337-b714-27d4-32a8-94e3008408f8" testName="xUnitTestProject.CurrencyHelperTests.FormatToStringTest1000(price: 41876.979471482795, expected: &quot;41876.98 zł&quot;)" computerName="DESKTOP-5URQ9PB" duration="00:00:00.0000082" startTime="2022-06-13T21:15:00.0865162+02:00" endTime="2022-06-13T21:15:00.0865163+02:00" testType="13cdc9d9-ddb5-4fa4-a97d-d965ccfc6d4b" outcome="Passed" testListId="8c84fa94-04c1-424b-9868-57a2d4851a1d" relativeResultsDirectory="dcfb898c-df4f-4294-ab95-8565ec495e7f" />
    <UnitTestResult executionId="01ff42be-1db0-4898-8108-06676236f0d4" testId="d6ef55e8-c5e6-5de1-49ad-15c2ce305191" testName="xUnitTestProject.CurrencyHelperTests.FormatToStringTest1000(price: 5810.695934967462, expected: &quot;5810.70 zł&quot;)" computerName="DESKTOP-5URQ9PB" duration="00:00:00.0000072" startTime="2022-06-13T21:15:00.1475087+02:00" endTime="2022-06-13T21:15:00.1475089+02:00" testType="13cdc9d9-ddb5-4fa4-a97d-d965ccfc6d4b" outcome="Passed" testListId="8c84fa94-04c1-424b-9868-57a2d4851a1d" relativeResultsDirectory="01ff42be-1db0-4898-8108-06676236f0d4" />
    <UnitTestResult executionId="e32c2b04-a82b-4f2c-8a9f-ff2dbe7c4897" testId="ee3ad499-d226-2821-3efe-49a57729a899" testName="xUnitTestProject.CurrencyHelperTests.FormatToStringTest1000(price: 7202.052143613367, expected: &quot;7202.05 zł&quot;)" computerName="DESKTOP-5URQ9PB" duration="00:00:00.0000067" startTime="2022-06-13T21:15:00.1100806+02:00" endTime="2022-06-13T21:15:00.1100807+02:00" testType="13cdc9d9-ddb5-4fa4-a97d-d965ccfc6d4b" outcome="Passed" testListId="8c84fa94-04c1-424b-9868-57a2d4851a1d" relativeResultsDirectory="e32c2b04-a82b-4f2c-8a9f-ff2dbe7c4897" />
    <UnitTestResult executionId="552019da-d8a0-435f-b862-f59e57102836" testId="297d2ce6-e7ea-8d5e-9134-2d6e61b4337c" testName="xUnitTestProject.CurrencyHelperTests.FormatToStringTest1000(price: 7050.437505805137, expected: &quot;7050.44 zł&quot;)" computerName="DESKTOP-5URQ9PB" duration="00:00:00.0000045" startTime="2022-06-13T21:15:00.1906383+02:00" endTime="2022-06-13T21:15:00.1906384+02:00" testType="13cdc9d9-ddb5-4fa4-a97d-d965ccfc6d4b" outcome="Passed" testListId="8c84fa94-04c1-424b-9868-57a2d4851a1d" relativeResultsDirectory="552019da-d8a0-435f-b862-f59e57102836" />
    <UnitTestResult executionId="90b5ea30-e61e-433c-a7af-b71085597d8c" testId="235eb381-d2e3-8caa-5888-040fb729169a" testName="xUnitTestProject.CurrencyHelperTests.FormatToStringTest1000(price: 6145.531235831571, expected: &quot;6145.53 zł&quot;)" computerName="DESKTOP-5URQ9PB" duration="00:00:00.0000041" startTime="2022-06-13T21:15:00.0876991+02:00" endTime="2022-06-13T21:15:00.0876992+02:00" testType="13cdc9d9-ddb5-4fa4-a97d-d965ccfc6d4b" outcome="Passed" testListId="8c84fa94-04c1-424b-9868-57a2d4851a1d" relativeResultsDirectory="90b5ea30-e61e-433c-a7af-b71085597d8c" />
    <UnitTestResult executionId="269d6091-8584-481a-860f-8de7efed16e5" testId="67b93cbf-4a61-71bd-d4ce-d603f3c3b311" testName="xUnitTestProject.CurrencyHelperTests.FormatToStringTest1000(price: 3195.202943510936, expected: &quot;3195.20 zł&quot;)" computerName="DESKTOP-5URQ9PB" duration="00:00:00.0000072" startTime="2022-06-13T21:15:00.1639057+02:00" endTime="2022-06-13T21:15:00.1639059+02:00" testType="13cdc9d9-ddb5-4fa4-a97d-d965ccfc6d4b" outcome="Passed" testListId="8c84fa94-04c1-424b-9868-57a2d4851a1d" relativeResultsDirectory="269d6091-8584-481a-860f-8de7efed16e5" />
    <UnitTestResult executionId="94d1517f-c3e4-4ee7-baa9-bc0fe4f15561" testId="c2e7dabf-153e-40d2-4e35-e0a4cdae5b80" testName="xUnitTestProject.CurrencyHelperTests.FormatToStringTest1000(price: 19519.4298413505, expected: &quot;19519.43 zł&quot;)" computerName="DESKTOP-5URQ9PB" duration="00:00:00.0000073" startTime="2022-06-13T21:15:00.1405945+02:00" endTime="2022-06-13T21:15:00.1405947+02:00" testType="13cdc9d9-ddb5-4fa4-a97d-d965ccfc6d4b" outcome="Passed" testListId="8c84fa94-04c1-424b-9868-57a2d4851a1d" relativeResultsDirectory="94d1517f-c3e4-4ee7-baa9-bc0fe4f15561" />
    <UnitTestResult executionId="dbe35582-1738-4dc9-b3f5-81b3b7e3b2f7" testId="0d82bc84-08a9-ffda-b09d-d44b4e74eec6" testName="xUnitTestProject.CurrencyHelperTests.FormatToStringTest1000(price: 28987.862854782896, expected: &quot;28987.86 zł&quot;)" computerName="DESKTOP-5URQ9PB" duration="00:00:00.0000056" startTime="2022-06-13T21:15:00.1596146+02:00" endTime="2022-06-13T21:15:00.1596148+02:00" testType="13cdc9d9-ddb5-4fa4-a97d-d965ccfc6d4b" outcome="Passed" testListId="8c84fa94-04c1-424b-9868-57a2d4851a1d" relativeResultsDirectory="dbe35582-1738-4dc9-b3f5-81b3b7e3b2f7" />
    <UnitTestResult executionId="f585e0a9-1a5a-49c3-913d-e7c4bd176f7c" testId="2151d041-2bc8-f3a7-2b84-0e6fe76ff3f0" testName="xUnitTestProject.CurrencyHelperTests.FormatToStringTest1000(price: 93775.33090185716, expected: &quot;93775.33 zł&quot;)" computerName="DESKTOP-5URQ9PB" duration="00:00:00.0000065" startTime="2022-06-13T21:15:00.1397876+02:00" endTime="2022-06-13T21:15:00.1397880+02:00" testType="13cdc9d9-ddb5-4fa4-a97d-d965ccfc6d4b" outcome="Passed" testListId="8c84fa94-04c1-424b-9868-57a2d4851a1d" relativeResultsDirectory="f585e0a9-1a5a-49c3-913d-e7c4bd176f7c" />
    <UnitTestResult executionId="797b4d83-5f72-4ab8-b283-8cc82d35eaf1" testId="59fa5d82-f5a4-cb1c-ec41-0422b5d07418" testName="xUnitTestProject.CurrencyHelperTests.FormatToStringTest1000(price: 3846.644792262765, expected: &quot;3846.64 zł&quot;)" computerName="DESKTOP-5URQ9PB" duration="00:00:00.0000063" startTime="2022-06-13T21:15:00.0652364+02:00" endTime="2022-06-13T21:15:00.0652366+02:00" testType="13cdc9d9-ddb5-4fa4-a97d-d965ccfc6d4b" outcome="Passed" testListId="8c84fa94-04c1-424b-9868-57a2d4851a1d" relativeResultsDirectory="797b4d83-5f72-4ab8-b283-8cc82d35eaf1" />
    <UnitTestResult executionId="dc36f88f-5522-4056-907e-2eaae1ecac5b" testId="1ede13b3-cc3c-b767-91a3-9e4f793d1dd5" testName="xUnitTestProject.CurrencyHelperTests.FormatToStringTest1000(price: 52858.048916166204, expected: &quot;52858.05 zł&quot;)" computerName="DESKTOP-5URQ9PB" duration="00:00:00.0000072" startTime="2022-06-13T21:15:00.1516497+02:00" endTime="2022-06-13T21:15:00.1516499+02:00" testType="13cdc9d9-ddb5-4fa4-a97d-d965ccfc6d4b" outcome="Passed" testListId="8c84fa94-04c1-424b-9868-57a2d4851a1d" relativeResultsDirectory="dc36f88f-5522-4056-907e-2eaae1ecac5b" />
    <UnitTestResult executionId="5163fc88-5634-4009-9c95-fe876b46ec2b" testId="21bbacc0-ff4d-ad67-a90f-e4f994353077" testName="xUnitTestProject.CurrencyHelperTests.FormatToStringTest1000(price: 3521.3657738167635, expected: &quot;3521.37 zł&quot;)" computerName="DESKTOP-5URQ9PB" duration="00:00:00.0000065" startTime="2022-06-13T21:15:00.1235397+02:00" endTime="2022-06-13T21:15:00.1235399+02:00" testType="13cdc9d9-ddb5-4fa4-a97d-d965ccfc6d4b" outcome="Passed" testListId="8c84fa94-04c1-424b-9868-57a2d4851a1d" relativeResultsDirectory="5163fc88-5634-4009-9c95-fe876b46ec2b" />
    <UnitTestResult executionId="0b4228e7-1024-4be7-bfd3-0bbee6d8c94b" testId="7e29f92d-fa8b-6742-a856-fa32047034c5" testName="xUnitTestProject.CurrencyHelperTests.FormatToStringTest1000(price: 16825.83099003268, expected: &quot;16825.83 zł&quot;)" computerName="DESKTOP-5URQ9PB" duration="00:00:00.0000044" startTime="2022-06-13T21:15:00.1801768+02:00" endTime="2022-06-13T21:15:00.1801770+02:00" testType="13cdc9d9-ddb5-4fa4-a97d-d965ccfc6d4b" outcome="Passed" testListId="8c84fa94-04c1-424b-9868-57a2d4851a1d" relativeResultsDirectory="0b4228e7-1024-4be7-bfd3-0bbee6d8c94b" />
    <UnitTestResult executionId="e66c28b9-a371-479c-8b48-6ad351c39951" testId="be9ca199-100c-7487-211b-359c6f85feb5" testName="xUnitTestProject.CurrencyHelperTests.FormatToStringTest1000(price: 14475.498583194567, expected: &quot;14475.50 zł&quot;)" computerName="DESKTOP-5URQ9PB" duration="00:00:00.0000054" startTime="2022-06-13T21:15:00.1887613+02:00" endTime="2022-06-13T21:15:00.1887615+02:00" testType="13cdc9d9-ddb5-4fa4-a97d-d965ccfc6d4b" outcome="Passed" testListId="8c84fa94-04c1-424b-9868-57a2d4851a1d" relativeResultsDirectory="e66c28b9-a371-479c-8b48-6ad351c39951" />
    <UnitTestResult executionId="5c2ce614-befa-4e7c-8043-45f5a5e1da16" testId="b93fddec-5e00-a1c1-fc16-4882d018fd04" testName="xUnitTestProject.CurrencyHelperTests.FormatToStringTest1000(price: 54678.59301593089, expected: &quot;54678.59 zł&quot;)" computerName="DESKTOP-5URQ9PB" duration="00:00:00.0000056" startTime="2022-06-13T21:15:00.1090054+02:00" endTime="2022-06-13T21:15:00.1090056+02:00" testType="13cdc9d9-ddb5-4fa4-a97d-d965ccfc6d4b" outcome="Passed" testListId="8c84fa94-04c1-424b-9868-57a2d4851a1d" relativeResultsDirectory="5c2ce614-befa-4e7c-8043-45f5a5e1da16" />
    <UnitTestResult executionId="defe1eac-6168-4a68-94e5-009cdaf7f477" testId="a116b226-3d55-2529-864d-5e970bf42be4" testName="xUnitTestProject.CurrencyHelperTests.FormatToStringTest1000(price: 18340.8953197882, expected: &quot;18340.90 zł&quot;)" computerName="DESKTOP-5URQ9PB" duration="00:00:00.0000050" startTime="2022-06-13T21:15:00.0843811+02:00" endTime="2022-06-13T21:15:00.0843813+02:00" testType="13cdc9d9-ddb5-4fa4-a97d-d965ccfc6d4b" outcome="Passed" testListId="8c84fa94-04c1-424b-9868-57a2d4851a1d" relativeResultsDirectory="defe1eac-6168-4a68-94e5-009cdaf7f477" />
    <UnitTestResult executionId="58dd1c6a-6ef7-4d4f-9e53-e52786d5063a" testId="2194158b-3f8a-54e0-368a-945d72c0c309" testName="xUnitTestProject.CurrencyHelperTests.FormatToStringTest1000(price: 7182.939759099362, expected: &quot;7182.94 zł&quot;)" computerName="DESKTOP-5URQ9PB" duration="00:00:00.0000074" startTime="2022-06-13T21:15:00.1582529+02:00" endTime="2022-06-13T21:15:00.1582532+02:00" testType="13cdc9d9-ddb5-4fa4-a97d-d965ccfc6d4b" outcome="Passed" testListId="8c84fa94-04c1-424b-9868-57a2d4851a1d" relativeResultsDirectory="58dd1c6a-6ef7-4d4f-9e53-e52786d5063a" />
    <UnitTestResult executionId="b73d3216-b2ee-40b4-ba75-ee029c61ef31" testId="e6ee2e42-d693-5a92-34f3-83564b601337" testName="xUnitTestProject.CurrencyHelperTests.FormatToStringTest1000(price: 51408.294679657694, expected: &quot;51408.29 zł&quot;)" computerName="DESKTOP-5URQ9PB" duration="00:00:00.0000041" startTime="2022-06-13T21:15:00.0930773+02:00" endTime="2022-06-13T21:15:00.0930775+02:00" testType="13cdc9d9-ddb5-4fa4-a97d-d965ccfc6d4b" outcome="Passed" testListId="8c84fa94-04c1-424b-9868-57a2d4851a1d" relativeResultsDirectory="b73d3216-b2ee-40b4-ba75-ee029c61ef31" />
    <UnitTestResult executionId="e994ec77-d58f-427e-98d5-f9a84c5f24b3" testId="e6b4d3a2-a83c-419f-8b42-b631077ac8fc" testName="xUnitTestProject.CurrencyHelperTests.FormatToStringTest1000(price: 19208.676036795914, expected: &quot;19208.68 zł&quot;)" computerName="DESKTOP-5URQ9PB" duration="00:00:00.0000041" startTime="2022-06-13T21:15:00.1907844+02:00" endTime="2022-06-13T21:15:00.1907846+02:00" testType="13cdc9d9-ddb5-4fa4-a97d-d965ccfc6d4b" outcome="Passed" testListId="8c84fa94-04c1-424b-9868-57a2d4851a1d" relativeResultsDirectory="e994ec77-d58f-427e-98d5-f9a84c5f24b3" />
    <UnitTestResult executionId="1721d0d2-b365-4692-844a-f6c061f8d26f" testId="28d201d7-5353-764b-c109-520fc030be51" testName="xUnitTestProject.CurrencyHelperTests.FormatToStringTest1000(price: 16129.507288814293, expected: &quot;16129.51 zł&quot;)" computerName="DESKTOP-5URQ9PB" duration="00:00:00.0000134" startTime="2022-06-13T21:15:00.1709185+02:00" endTime="2022-06-13T21:15:00.1709189+02:00" testType="13cdc9d9-ddb5-4fa4-a97d-d965ccfc6d4b" outcome="Passed" testListId="8c84fa94-04c1-424b-9868-57a2d4851a1d" relativeResultsDirectory="1721d0d2-b365-4692-844a-f6c061f8d26f" />
    <UnitTestResult executionId="ca891760-cb4b-4588-8347-6ce5630eb4d7" testId="584d2955-8662-50b8-9c7a-cb8a910d527d" testName="xUnitTestProject.CurrencyHelperTests.FormatToStringTest1000(price: 12202.860111308684, expected: &quot;12202.86 zł&quot;)" computerName="DESKTOP-5URQ9PB" duration="00:00:00.0000050" startTime="2022-06-13T21:15:00.1754699+02:00" endTime="2022-06-13T21:15:00.1754701+02:00" testType="13cdc9d9-ddb5-4fa4-a97d-d965ccfc6d4b" outcome="Passed" testListId="8c84fa94-04c1-424b-9868-57a2d4851a1d" relativeResultsDirectory="ca891760-cb4b-4588-8347-6ce5630eb4d7" />
    <UnitTestResult executionId="d9d2546d-eccb-4daf-af8e-06925137af0a" testId="48499d12-acd9-8513-1f00-a2b49278b2fc" testName="xUnitTestProject.CurrencyHelperTests.FormatToStringTest1000(price: 16030.852371789913, expected: &quot;16030.85 zł&quot;)" computerName="DESKTOP-5URQ9PB" duration="00:00:00.0000041" startTime="2022-06-13T21:15:00.1043534+02:00" endTime="2022-06-13T21:15:00.1043536+02:00" testType="13cdc9d9-ddb5-4fa4-a97d-d965ccfc6d4b" outcome="Passed" testListId="8c84fa94-04c1-424b-9868-57a2d4851a1d" relativeResultsDirectory="d9d2546d-eccb-4daf-af8e-06925137af0a" />
    <UnitTestResult executionId="015559e2-1605-4342-9c38-bc275bca9280" testId="56eb6a9f-6cb4-2abe-d7ee-7e044f42c842" testName="xUnitTestProject.CurrencyHelperTests.FormatToStringTest1000(price: 47964.941885361884, expected: &quot;47964.94 zł&quot;)" computerName="DESKTOP-5URQ9PB" duration="00:00:00.0000070" startTime="2022-06-13T21:15:00.1293649+02:00" endTime="2022-06-13T21:15:00.1293650+02:00" testType="13cdc9d9-ddb5-4fa4-a97d-d965ccfc6d4b" outcome="Passed" testListId="8c84fa94-04c1-424b-9868-57a2d4851a1d" relativeResultsDirectory="015559e2-1605-4342-9c38-bc275bca9280" />
    <UnitTestResult executionId="be011d29-7547-4e7e-961e-64ec06e23075" testId="a309af81-dde2-6e24-4ef5-234d753b7352" testName="xUnitTestProject.CurrencyHelperTests.FormatToStringTest1000(price: 15591.4117417221, expected: &quot;15591.41 zł&quot;)" computerName="DESKTOP-5URQ9PB" duration="00:00:00.0000062" startTime="2022-06-13T21:15:00.1551756+02:00" endTime="2022-06-13T21:15:00.1551758+02:00" testType="13cdc9d9-ddb5-4fa4-a97d-d965ccfc6d4b" outcome="Passed" testListId="8c84fa94-04c1-424b-9868-57a2d4851a1d" relativeResultsDirectory="be011d29-7547-4e7e-961e-64ec06e23075" />
    <UnitTestResult executionId="730e2381-446d-4481-a2e6-1ecfe8925368" testId="783752e7-0a8e-7713-0dfb-eb72f3fc27d6" testName="xUnitTestProject.CurrencyHelperTests.FormatToStringTest1000(price: 47431.868885526375, expected: &quot;47431.87 zł&quot;)" computerName="DESKTOP-5URQ9PB" duration="00:00:00.0000040" startTime="2022-06-13T21:15:00.0929593+02:00" endTime="2022-06-13T21:15:00.0929595+02:00" testType="13cdc9d9-ddb5-4fa4-a97d-d965ccfc6d4b" outcome="Passed" testListId="8c84fa94-04c1-424b-9868-57a2d4851a1d" relativeResultsDirectory="730e2381-446d-4481-a2e6-1ecfe8925368" />
    <UnitTestResult executionId="fe68d1d9-1be4-4f69-ba3b-b7c80f8894f3" testId="c9fc2c85-cd6b-22aa-0e63-9afbfb8c152b" testName="xUnitTestProject.CurrencyHelperTests.FormatToStringTest1000(price: 835.1578487740633, expected: &quot;835.16 zł&quot;)" computerName="DESKTOP-5URQ9PB" duration="00:00:00.0000067" startTime="2022-06-13T21:15:00.1326263+02:00" endTime="2022-06-13T21:15:00.1326264+02:00" testType="13cdc9d9-ddb5-4fa4-a97d-d965ccfc6d4b" outcome="Passed" testListId="8c84fa94-04c1-424b-9868-57a2d4851a1d" relativeResultsDirectory="fe68d1d9-1be4-4f69-ba3b-b7c80f8894f3" />
    <UnitTestResult executionId="975c3d8a-89eb-4e8c-97ea-ec2fea85b463" testId="cbab0896-310f-9613-16bf-ed68cf4f09cd" testName="xUnitTestProject.CurrencyHelperTests.FormatToStringTest1000(price: 20068.867046961965, expected: &quot;20068.87 zł&quot;)" computerName="DESKTOP-5URQ9PB" duration="00:00:00.0000066" startTime="2022-06-13T21:15:00.1573305+02:00" endTime="2022-06-13T21:15:00.1573307+02:00" testType="13cdc9d9-ddb5-4fa4-a97d-d965ccfc6d4b" outcome="Passed" testListId="8c84fa94-04c1-424b-9868-57a2d4851a1d" relativeResultsDirectory="975c3d8a-89eb-4e8c-97ea-ec2fea85b463" />
    <UnitTestResult executionId="2aa7e779-36c4-43ee-868d-23764c1baa23" testId="ff67ffea-ea63-9682-e246-a48f70d1fb56" testName="xUnitTestProject.CurrencyHelperTests.FormatToStringTest1000(price: 41368.29672956015, expected: &quot;41368.30 zł&quot;)" computerName="DESKTOP-5URQ9PB" duration="00:00:00.0000054" startTime="2022-06-13T21:15:00.1193476+02:00" endTime="2022-06-13T21:15:00.1193478+02:00" testType="13cdc9d9-ddb5-4fa4-a97d-d965ccfc6d4b" outcome="Passed" testListId="8c84fa94-04c1-424b-9868-57a2d4851a1d" relativeResultsDirectory="2aa7e779-36c4-43ee-868d-23764c1baa23" />
    <UnitTestResult executionId="c2d5a447-91ba-4230-926e-3f36e5b317f8" testId="ddbbee19-86a9-bc74-0664-4f6fa63796df" testName="xUnitTestProject.CurrencyHelperTests.FormatToStringTest1000(price: 9661.966055578536, expected: &quot;9661.97 zł&quot;)" computerName="DESKTOP-5URQ9PB" duration="00:00:00.0000067" startTime="2022-06-13T21:15:00.1640985+02:00" endTime="2022-06-13T21:15:00.1640986+02:00" testType="13cdc9d9-ddb5-4fa4-a97d-d965ccfc6d4b" outcome="Passed" testListId="8c84fa94-04c1-424b-9868-57a2d4851a1d" relativeResultsDirectory="c2d5a447-91ba-4230-926e-3f36e5b317f8" />
    <UnitTestResult executionId="ea772d7a-902a-48f1-a56e-8ee6c26b9968" testId="6bf29abc-b7d1-2681-6ab5-01a37d1208f2" testName="xUnitTestProject.CurrencyHelperTests.FormatToStringTest1000(price: 15414.175096961751, expected: &quot;15414.18 zł&quot;)" computerName="DESKTOP-5URQ9PB" duration="00:00:00.0000073" startTime="2022-06-13T21:15:00.1518374+02:00" endTime="2022-06-13T21:15:00.1518376+02:00" testType="13cdc9d9-ddb5-4fa4-a97d-d965ccfc6d4b" outcome="Passed" testListId="8c84fa94-04c1-424b-9868-57a2d4851a1d" relativeResultsDirectory="ea772d7a-902a-48f1-a56e-8ee6c26b9968" />
    <UnitTestResult executionId="6673f52a-d808-4daa-9710-089e89a91604" testId="aa0b789a-9fae-e4e5-e891-6c71af0ebd35" testName="xUnitTestProject.CurrencyHelperTests.FormatToStringTest1000(price: 5287.3103648714305, expected: &quot;5287.31 zł&quot;)" computerName="DESKTOP-5URQ9PB" duration="00:00:00.0000052" startTime="2022-06-13T21:15:00.1497013+02:00" endTime="2022-06-13T21:15:00.1497015+02:00" testType="13cdc9d9-ddb5-4fa4-a97d-d965ccfc6d4b" outcome="Passed" testListId="8c84fa94-04c1-424b-9868-57a2d4851a1d" relativeResultsDirectory="6673f52a-d808-4daa-9710-089e89a91604" />
    <UnitTestResult executionId="5829acff-b446-4c9a-9514-39d1fc9b189d" testId="2bdae34b-74e4-b57e-0c4e-9f8a61c91aa5" testName="xUnitTestProject.CurrencyHelperTests.FormatToStringTest1000(price: 5961.755129208674, expected: &quot;5961.76 zł&quot;)" computerName="DESKTOP-5URQ9PB" duration="00:00:00.0000061" startTime="2022-06-13T21:15:00.1008025+02:00" endTime="2022-06-13T21:15:00.1008027+02:00" testType="13cdc9d9-ddb5-4fa4-a97d-d965ccfc6d4b" outcome="Passed" testListId="8c84fa94-04c1-424b-9868-57a2d4851a1d" relativeResultsDirectory="5829acff-b446-4c9a-9514-39d1fc9b189d" />
    <UnitTestResult executionId="44c3416f-55d3-4a97-b610-b3ac6e5e32a2" testId="9e92a3ef-f628-77f3-597e-ab6211795c33" testName="xUnitTestProject.CurrencyHelperTests.FormatToStringTest1000(price: 17845.255864087147, expected: &quot;17845.26 zł&quot;)" computerName="DESKTOP-5URQ9PB" duration="00:00:00.0000075" startTime="2022-06-13T21:15:00.1326557+02:00" endTime="2022-06-13T21:15:00.1326558+02:00" testType="13cdc9d9-ddb5-4fa4-a97d-d965ccfc6d4b" outcome="Passed" testListId="8c84fa94-04c1-424b-9868-57a2d4851a1d" relativeResultsDirectory="44c3416f-55d3-4a97-b610-b3ac6e5e32a2" />
    <UnitTestResult executionId="06c7ce03-3723-4d85-829e-1c7eb711556c" testId="be135b72-4539-0e97-74d0-b204a763297e" testName="xUnitTestProject.CurrencyHelperTests.FormatToStringTest1000(price: 15337.485230751097, expected: &quot;15337.49 zł&quot;)" computerName="DESKTOP-5URQ9PB" duration="00:00:00.0000044" startTime="2022-06-13T21:15:00.1866892+02:00" endTime="2022-06-13T21:15:00.1866894+02:00" testType="13cdc9d9-ddb5-4fa4-a97d-d965ccfc6d4b" outcome="Passed" testListId="8c84fa94-04c1-424b-9868-57a2d4851a1d" relativeResultsDirectory="06c7ce03-3723-4d85-829e-1c7eb711556c" />
    <UnitTestResult executionId="e34b81e6-bc55-40c9-b1e6-d1fd7f6c38a8" testId="64486b5c-a699-4a15-d908-73d103db26bc" testName="xUnitTestProject.CurrencyHelperTests.FormatToStringTest1000(price: 31391.358864880804, expected: &quot;31391.36 zł&quot;)" computerName="DESKTOP-5URQ9PB" duration="00:00:00.0000097" startTime="2022-06-13T21:15:00.1712358+02:00" endTime="2022-06-13T21:15:00.1712360+02:00" testType="13cdc9d9-ddb5-4fa4-a97d-d965ccfc6d4b" outcome="Passed" testListId="8c84fa94-04c1-424b-9868-57a2d4851a1d" relativeResultsDirectory="e34b81e6-bc55-40c9-b1e6-d1fd7f6c38a8" />
    <UnitTestResult executionId="7cbf37bd-b074-4498-b5f9-a8b4ed6c8f46" testId="28d8e856-ac6b-165d-f269-4ec7d560f09b" testName="xUnitTestProject.CurrencyHelperTests.FormatToStringTest1000(price: 9928.477822322622, expected: &quot;9928.48 zł&quot;)" computerName="DESKTOP-5URQ9PB" duration="00:00:00.0000047" startTime="2022-06-13T21:15:00.0920066+02:00" endTime="2022-06-13T21:15:00.0920067+02:00" testType="13cdc9d9-ddb5-4fa4-a97d-d965ccfc6d4b" outcome="Passed" testListId="8c84fa94-04c1-424b-9868-57a2d4851a1d" relativeResultsDirectory="7cbf37bd-b074-4498-b5f9-a8b4ed6c8f46" />
    <UnitTestResult executionId="8b6ac62d-e640-42ca-a04a-6c21e30adb07" testId="888f3232-385d-d83f-1eb6-9a6c46cfe5c3" testName="xUnitTestProject.CurrencyHelperTests.FormatToStringTest1000(price: 50664.01951024869, expected: &quot;50664.02 zł&quot;)" computerName="DESKTOP-5URQ9PB" duration="00:00:00.0000065" startTime="2022-06-13T21:15:00.0887652+02:00" endTime="2022-06-13T21:15:00.0887654+02:00" testType="13cdc9d9-ddb5-4fa4-a97d-d965ccfc6d4b" outcome="Passed" testListId="8c84fa94-04c1-424b-9868-57a2d4851a1d" relativeResultsDirectory="8b6ac62d-e640-42ca-a04a-6c21e30adb07" />
    <UnitTestResult executionId="262b0c1b-a22d-4d07-9446-639f15b526ce" testId="f6a49bae-16a9-096b-f816-1c54e1a6b8b7" testName="xUnitTestProject.CurrencyHelperTests.FormatToStringTest1000(price: 37589.670531794276, expected: &quot;37589.67 zł&quot;)" computerName="DESKTOP-5URQ9PB" duration="00:00:00.0000055" startTime="2022-06-13T21:15:00.0943269+02:00" endTime="2022-06-13T21:15:00.0943270+02:00" testType="13cdc9d9-ddb5-4fa4-a97d-d965ccfc6d4b" outcome="Passed" testListId="8c84fa94-04c1-424b-9868-57a2d4851a1d" relativeResultsDirectory="262b0c1b-a22d-4d07-9446-639f15b526ce" />
    <UnitTestResult executionId="83b1da27-7a51-45ac-b34b-7839f89afeec" testId="1dbbe335-bc13-7d9d-496f-d39e25173610" testName="xUnitTestProject.CurrencyHelperTests.FormatToStringTest1000(price: 57809.74722876295, expected: &quot;57809.75 zł&quot;)" computerName="DESKTOP-5URQ9PB" duration="00:00:00.0000072" startTime="2022-06-13T21:15:00.1549038+02:00" endTime="2022-06-13T21:15:00.1549041+02:00" testType="13cdc9d9-ddb5-4fa4-a97d-d965ccfc6d4b" outcome="Passed" testListId="8c84fa94-04c1-424b-9868-57a2d4851a1d" relativeResultsDirectory="83b1da27-7a51-45ac-b34b-7839f89afeec" />
    <UnitTestResult executionId="b1925447-17bf-4935-b743-3b92b98da794" testId="5c957f35-8133-124f-9f1e-c78d4730fe22" testName="xUnitTestProject.CurrencyHelperTests.FormatToStringTest1000(price: 759.247198292635, expected: &quot;759.25 zł&quot;)" computerName="DESKTOP-5URQ9PB" duration="00:00:00.0000053" startTime="2022-06-13T21:15:00.1181363+02:00" endTime="2022-06-13T21:15:00.1181365+02:00" testType="13cdc9d9-ddb5-4fa4-a97d-d965ccfc6d4b" outcome="Passed" testListId="8c84fa94-04c1-424b-9868-57a2d4851a1d" relativeResultsDirectory="b1925447-17bf-4935-b743-3b92b98da794" />
    <UnitTestResult executionId="fb47b1a4-48e2-4790-9f8b-dd678707c1e3" testId="d87ccf8e-ab46-94a5-7597-e2ef80212732" testName="xUnitTestProject.CurrencyHelperTests.FormatToStringTest1000(price: 38076.55319665165, expected: &quot;38076.55 zł&quot;)" computerName="DESKTOP-5URQ9PB" duration="00:00:00.0000065" startTime="2022-06-13T21:15:00.1429428+02:00" endTime="2022-06-13T21:15:00.1429430+02:00" testType="13cdc9d9-ddb5-4fa4-a97d-d965ccfc6d4b" outcome="Passed" testListId="8c84fa94-04c1-424b-9868-57a2d4851a1d" relativeResultsDirectory="fb47b1a4-48e2-4790-9f8b-dd678707c1e3" />
    <UnitTestResult executionId="daeb4a03-6dfb-43ce-bbd6-ee748bc2bdbf" testId="632872cf-9e7c-9970-9f88-5a4077b29ff5" testName="xUnitTestProject.CurrencyHelperTests.FormatToStringTest1000(price: 10762.501695533518, expected: &quot;10762.50 zł&quot;)" computerName="DESKTOP-5URQ9PB" duration="00:00:00.0000067" startTime="2022-06-13T21:15:00.1439645+02:00" endTime="2022-06-13T21:15:00.1439647+02:00" testType="13cdc9d9-ddb5-4fa4-a97d-d965ccfc6d4b" outcome="Passed" testListId="8c84fa94-04c1-424b-9868-57a2d4851a1d" relativeResultsDirectory="daeb4a03-6dfb-43ce-bbd6-ee748bc2bdbf" />
    <UnitTestResult executionId="575efba0-0598-47a0-a9e3-9703864af5f9" testId="33f34022-0429-d841-2008-e35fc72eef53" testName="xUnitTestProject.CurrencyHelperTests.FormatToStringTest1000(price: 14003.84591249742, expected: &quot;14003.85 zł&quot;)" computerName="DESKTOP-5URQ9PB" duration="00:00:00.0000041" startTime="2022-06-13T21:15:00.0887282+02:00" endTime="2022-06-13T21:15:00.0887284+02:00" testType="13cdc9d9-ddb5-4fa4-a97d-d965ccfc6d4b" outcome="Passed" testListId="8c84fa94-04c1-424b-9868-57a2d4851a1d" relativeResultsDirectory="575efba0-0598-47a0-a9e3-9703864af5f9" />
    <UnitTestResult executionId="6243030b-3bbf-4a7a-a334-5b5ebb2e9e26" testId="e641957d-86a3-9c73-8dcf-f9374b4233e0" testName="xUnitTestProject.CurrencyHelperTests.FormatToStringTest1000(price: 31799.68317462815, expected: &quot;31799.68 zł&quot;)" computerName="DESKTOP-5URQ9PB" duration="00:00:00.0000064" startTime="2022-06-13T21:15:00.1354110+02:00" endTime="2022-06-13T21:15:00.1354111+02:00" testType="13cdc9d9-ddb5-4fa4-a97d-d965ccfc6d4b" outcome="Passed" testListId="8c84fa94-04c1-424b-9868-57a2d4851a1d" relativeResultsDirectory="6243030b-3bbf-4a7a-a334-5b5ebb2e9e26" />
    <UnitTestResult executionId="06f71a3e-c33a-4d3e-854b-2afc6562b211" testId="612eaa65-a60d-5727-69a2-576580c27858" testName="xUnitTestProject.CurrencyHelperTests.FormatToStringTest1000(price: 7621.507806692509, expected: &quot;7621.51 zł&quot;)" computerName="DESKTOP-5URQ9PB" duration="00:00:00.0000053" startTime="2022-06-13T21:15:00.0987395+02:00" endTime="2022-06-13T21:15:00.0987396+02:00" testType="13cdc9d9-ddb5-4fa4-a97d-d965ccfc6d4b" outcome="Passed" testListId="8c84fa94-04c1-424b-9868-57a2d4851a1d" relativeResultsDirectory="06f71a3e-c33a-4d3e-854b-2afc6562b211" />
    <UnitTestResult executionId="6e8d8eff-7f9b-47aa-b299-99fb4ac88148" testId="4d3fe7e4-2bde-cfc0-5403-0728b7dde62a" testName="xUnitTestProject.CurrencyHelperTests.FormatToStringTest1000(price: 2883.637133003975, expected: &quot;2883.64 zł&quot;)" computerName="DESKTOP-5URQ9PB" duration="00:00:00.0000068" startTime="2022-06-13T21:15:00.1257529+02:00" endTime="2022-06-13T21:15:00.1257531+02:00" testType="13cdc9d9-ddb5-4fa4-a97d-d965ccfc6d4b" outcome="Passed" testListId="8c84fa94-04c1-424b-9868-57a2d4851a1d" relativeResultsDirectory="6e8d8eff-7f9b-47aa-b299-99fb4ac88148" />
    <UnitTestResult executionId="5d6c6ba7-d878-41d0-9378-d6ef4efd74d7" testId="8034b7ee-c5e3-314c-6310-8984871301b7" testName="xUnitTestProject.CurrencyHelperTests.FormatToStringTest1000(price: 7458.609645228652, expected: &quot;7458.61 zł&quot;)" computerName="DESKTOP-5URQ9PB" duration="00:00:00.0000070" startTime="2022-06-13T21:15:00.1474711+02:00" endTime="2022-06-13T21:15:00.1474713+02:00" testType="13cdc9d9-ddb5-4fa4-a97d-d965ccfc6d4b" outcome="Passed" testListId="8c84fa94-04c1-424b-9868-57a2d4851a1d" relativeResultsDirectory="5d6c6ba7-d878-41d0-9378-d6ef4efd74d7" />
    <UnitTestResult executionId="79c6780a-df82-43d6-9671-ae28c2fff32a" testId="8027e5d6-d435-5a0d-d99c-2d9218dccb7e" testName="xUnitTestProject.CurrencyHelperTests.FormatToStringTest1000(price: 1741.3334432818617, expected: &quot;1741.33 zł&quot;)" computerName="DESKTOP-5URQ9PB" duration="00:00:00.0000043" startTime="2022-06-13T21:15:00.1753916+02:00" endTime="2022-06-13T21:15:00.1753920+02:00" testType="13cdc9d9-ddb5-4fa4-a97d-d965ccfc6d4b" outcome="Passed" testListId="8c84fa94-04c1-424b-9868-57a2d4851a1d" relativeResultsDirectory="79c6780a-df82-43d6-9671-ae28c2fff32a" />
    <UnitTestResult executionId="7e09cffd-3f95-4b11-939d-580e98581f3d" testId="f45cbb0f-431c-8958-4b27-e85aa47cbe41" testName="xUnitTestProject.CurrencyHelperTests.FormatToStringTest1000(price: 9843.625240445894, expected: &quot;9843.63 zł&quot;)" computerName="DESKTOP-5URQ9PB" duration="00:00:00.0000079" startTime="2022-06-13T21:15:00.1088825+02:00" endTime="2022-06-13T21:15:00.1088827+02:00" testType="13cdc9d9-ddb5-4fa4-a97d-d965ccfc6d4b" outcome="Passed" testListId="8c84fa94-04c1-424b-9868-57a2d4851a1d" relativeResultsDirectory="7e09cffd-3f95-4b11-939d-580e98581f3d" />
    <UnitTestResult executionId="5bab6fe7-d770-49e1-a0df-46e31870b544" testId="578b5b4c-08d1-6f2c-3cf8-070bb75c9b96" testName="xUnitTestProject.CurrencyHelperTests.FormatToStringTest1000(price: 70432.00656616595, expected: &quot;70432.01 zł&quot;)" computerName="DESKTOP-5URQ9PB" duration="00:00:00.0000063" startTime="2022-06-13T21:15:00.1294030+02:00" endTime="2022-06-13T21:15:00.1294032+02:00" testType="13cdc9d9-ddb5-4fa4-a97d-d965ccfc6d4b" outcome="Passed" testListId="8c84fa94-04c1-424b-9868-57a2d4851a1d" relativeResultsDirectory="5bab6fe7-d770-49e1-a0df-46e31870b544" />
    <UnitTestResult executionId="ac18b55f-8f72-4220-bb44-211f6cc127df" testId="a1a708d6-4e5d-1cbd-caa6-7047836e6788" testName="xUnitTestProject.CurrencyHelperTests.FormatToStringTest1000(price: 19840.47672110632, expected: &quot;19840.48 zł&quot;)" computerName="DESKTOP-5URQ9PB" duration="00:00:00.0000056" startTime="2022-06-13T21:15:00.1583680+02:00" endTime="2022-06-13T21:15:00.1583682+02:00" testType="13cdc9d9-ddb5-4fa4-a97d-d965ccfc6d4b" outcome="Passed" testListId="8c84fa94-04c1-424b-9868-57a2d4851a1d" relativeResultsDirectory="ac18b55f-8f72-4220-bb44-211f6cc127df" />
    <UnitTestResult executionId="6474f3b5-5ac0-45a6-93ce-88d419face54" testId="f015f451-5073-33ab-39c2-17ab900bf337" testName="xUnitTestProject.CurrencyHelperTests.FormatToStringTest1000(price: 25720.27551496321, expected: &quot;25720.28 zł&quot;)" computerName="DESKTOP-5URQ9PB" duration="00:00:00.0000069" startTime="2022-06-13T21:15:00.1066881+02:00" endTime="2022-06-13T21:15:00.1066883+02:00" testType="13cdc9d9-ddb5-4fa4-a97d-d965ccfc6d4b" outcome="Passed" testListId="8c84fa94-04c1-424b-9868-57a2d4851a1d" relativeResultsDirectory="6474f3b5-5ac0-45a6-93ce-88d419face54" />
    <UnitTestResult executionId="5c2d79a6-30ff-43cd-a748-8b8e0ade9a0b" testId="c74f6017-9eb9-5854-4b62-c26b4cabe787" testName="xUnitTestProject.CurrencyHelperTests.FormatToStringTest1000(price: 49416.285282306504, expected: &quot;49416.29 zł&quot;)" computerName="DESKTOP-5URQ9PB" duration="00:00:00.0000041" startTime="2022-06-13T21:15:00.0818138+02:00" endTime="2022-06-13T21:15:00.0818141+02:00" testType="13cdc9d9-ddb5-4fa4-a97d-d965ccfc6d4b" outcome="Passed" testListId="8c84fa94-04c1-424b-9868-57a2d4851a1d" relativeResultsDirectory="5c2d79a6-30ff-43cd-a748-8b8e0ade9a0b" />
    <UnitTestResult executionId="2bbc382a-4b58-44b1-a08f-b8712cb388ad" testId="48c41a45-a694-6e7a-7100-4b0ce75fbb19" testName="xUnitTestProject.CurrencyHelperTests.FormatToStringTest1000(price: 19085.023282992664, expected: &quot;19085.02 zł&quot;)" computerName="DESKTOP-5URQ9PB" duration="00:00:00.0000043" startTime="2022-06-13T21:15:00.1812855+02:00" endTime="2022-06-13T21:15:00.1812857+02:00" testType="13cdc9d9-ddb5-4fa4-a97d-d965ccfc6d4b" outcome="Passed" testListId="8c84fa94-04c1-424b-9868-57a2d4851a1d" relativeResultsDirectory="2bbc382a-4b58-44b1-a08f-b8712cb388ad" />
    <UnitTestResult executionId="a7a4f2bc-91e2-4202-bb53-1527edd90868" testId="170260b6-6610-99a8-adfb-d2dcbd80a40f" testName="xUnitTestProject.CurrencyHelperTests.FormatToStringTest1000(price: 7370.518277515898, expected: &quot;7370.52 zł&quot;)" computerName="DESKTOP-5URQ9PB" duration="00:00:00.0000044" startTime="2022-06-13T21:15:00.1810154+02:00" endTime="2022-06-13T21:15:00.1810156+02:00" testType="13cdc9d9-ddb5-4fa4-a97d-d965ccfc6d4b" outcome="Passed" testListId="8c84fa94-04c1-424b-9868-57a2d4851a1d" relativeResultsDirectory="a7a4f2bc-91e2-4202-bb53-1527edd90868" />
    <UnitTestResult executionId="e00f5b3c-ddc5-4ada-93f6-4982ebdf8ba1" testId="40be92cf-d13e-6e4d-cafb-3ad22a6b9f7e" testName="xUnitTestProject.CurrencyHelperTests.FormatToStringTest1000(price: 3503.9809179231434, expected: &quot;3503.98 zł&quot;)" computerName="DESKTOP-5URQ9PB" duration="00:00:00.0000060" startTime="2022-06-13T21:15:00.1248252+02:00" endTime="2022-06-13T21:15:00.1248253+02:00" testType="13cdc9d9-ddb5-4fa4-a97d-d965ccfc6d4b" outcome="Passed" testListId="8c84fa94-04c1-424b-9868-57a2d4851a1d" relativeResultsDirectory="e00f5b3c-ddc5-4ada-93f6-4982ebdf8ba1" />
    <UnitTestResult executionId="3b43d930-84b2-4acf-8193-2971ff0148d1" testId="f7ba8e86-cb66-6ef4-d1cf-87def896d05b" testName="xUnitTestProject.CurrencyHelperTests.FormatToStringTest1000(price: 13508.811787825922, expected: &quot;13508.81 zł&quot;)" computerName="DESKTOP-5URQ9PB" duration="00:00:00.0000046" startTime="2022-06-13T21:15:00.1867263+02:00" endTime="2022-06-13T21:15:00.1867265+02:00" testType="13cdc9d9-ddb5-4fa4-a97d-d965ccfc6d4b" outcome="Passed" testListId="8c84fa94-04c1-424b-9868-57a2d4851a1d" relativeResultsDirectory="3b43d930-84b2-4acf-8193-2971ff0148d1" />
    <UnitTestResult executionId="d50cf654-06ac-464a-a390-0ac9c899d551" testId="73d2aaa8-ac83-ede5-fed4-5dcf1194783f" testName="xUnitTestProject.CurrencyHelperTests.FormatToStringTest1000(price: 12283.48626129026, expected: &quot;12283.49 zł&quot;)" computerName="DESKTOP-5URQ9PB" duration="00:00:00.0000055" startTime="2022-06-13T21:15:00.1364346+02:00" endTime="2022-06-13T21:15:00.1364347+02:00" testType="13cdc9d9-ddb5-4fa4-a97d-d965ccfc6d4b" outcome="Passed" testListId="8c84fa94-04c1-424b-9868-57a2d4851a1d" relativeResultsDirectory="d50cf654-06ac-464a-a390-0ac9c899d551" />
    <UnitTestResult executionId="0177dba7-272a-4b84-b356-3a188333e6d4" testId="f96cba70-db37-0f83-9cd0-465945a7184e" testName="xUnitTestProject.CurrencyHelperTests.FormatToStringTest1000(price: 81326.3340147521, expected: &quot;81326.33 zł&quot;)" computerName="DESKTOP-5URQ9PB" duration="00:00:00.0000066" startTime="2022-06-13T21:15:00.1303335+02:00" endTime="2022-06-13T21:15:00.1303337+02:00" testType="13cdc9d9-ddb5-4fa4-a97d-d965ccfc6d4b" outcome="Passed" testListId="8c84fa94-04c1-424b-9868-57a2d4851a1d" relativeResultsDirectory="0177dba7-272a-4b84-b356-3a188333e6d4" />
    <UnitTestResult executionId="3c455710-8607-48d4-9321-02a199c52937" testId="3172308c-0e5e-05a2-a398-90977e0ab705" testName="xUnitTestProject.CurrencyHelperTests.FormatToStringTest1000(price: 3700.029953029021, expected: &quot;3700.03 zł&quot;)" computerName="DESKTOP-5URQ9PB" duration="00:00:00.0000058" startTime="2022-06-13T21:15:00.0805330+02:00" endTime="2022-06-13T21:15:00.0805332+02:00" testType="13cdc9d9-ddb5-4fa4-a97d-d965ccfc6d4b" outcome="Passed" testListId="8c84fa94-04c1-424b-9868-57a2d4851a1d" relativeResultsDirectory="3c455710-8607-48d4-9321-02a199c52937" />
    <UnitTestResult executionId="7365d8d3-63e2-40fb-8b44-84188fc87d01" testId="d4f3c378-b93a-d1d1-d97b-d57a65cd57e1" testName="xUnitTestProject.CurrencyHelperTests.FormatToStringTest1000(price: 4669.392596858271, expected: &quot;4669.39 zł&quot;)" computerName="DESKTOP-5URQ9PB" duration="00:00:00.0000043" startTime="2022-06-13T21:15:00.0852998+02:00" endTime="2022-06-13T21:15:00.0853000+02:00" testType="13cdc9d9-ddb5-4fa4-a97d-d965ccfc6d4b" outcome="Passed" testListId="8c84fa94-04c1-424b-9868-57a2d4851a1d" relativeResultsDirectory="7365d8d3-63e2-40fb-8b44-84188fc87d01" />
    <UnitTestResult executionId="7e1db8fa-b3fe-4ba7-b67a-3111cdf0e8af" testId="c1399a21-a8d4-fd2f-1879-d9e50a5fe1b4" testName="xUnitTestProject.CurrencyHelperTests.FormatToStringTest1000(price: 73477.18206926118, expected: &quot;73477.18 zł&quot;)" computerName="DESKTOP-5URQ9PB" duration="00:00:00.0000098" startTime="2022-06-13T21:15:00.1721300+02:00" endTime="2022-06-13T21:15:00.1721301+02:00" testType="13cdc9d9-ddb5-4fa4-a97d-d965ccfc6d4b" outcome="Passed" testListId="8c84fa94-04c1-424b-9868-57a2d4851a1d" relativeResultsDirectory="7e1db8fa-b3fe-4ba7-b67a-3111cdf0e8af" />
    <UnitTestResult executionId="7b36fe27-27fc-49c6-9e6e-c07a24bf488d" testId="df465776-c4f6-f76e-1fec-b3cfe705b591" testName="xUnitTestProject.CurrencyHelperTests.FormatToStringTest1000(price: 26468.346804109562, expected: &quot;26468.35 zł&quot;)" computerName="DESKTOP-5URQ9PB" duration="00:00:00.0000045" startTime="2022-06-13T21:15:00.0751941+02:00" endTime="2022-06-13T21:15:00.0751943+02:00" testType="13cdc9d9-ddb5-4fa4-a97d-d965ccfc6d4b" outcome="Passed" testListId="8c84fa94-04c1-424b-9868-57a2d4851a1d" relativeResultsDirectory="7b36fe27-27fc-49c6-9e6e-c07a24bf488d" />
    <UnitTestResult executionId="0c1ada30-d869-422d-bff9-a813f943e7e3" testId="2ed2cd1c-632f-e0d9-b2af-c3d4c17fd7b1" testName="xUnitTestProject.CurrencyHelperTests.FormatToStringTest1000(price: 41008.28505327194, expected: &quot;41008.29 zł&quot;)" computerName="DESKTOP-5URQ9PB" duration="00:00:00.0000071" startTime="2022-06-13T21:15:00.0862864+02:00" endTime="2022-06-13T21:15:00.0862868+02:00" testType="13cdc9d9-ddb5-4fa4-a97d-d965ccfc6d4b" outcome="Passed" testListId="8c84fa94-04c1-424b-9868-57a2d4851a1d" relativeResultsDirectory="0c1ada30-d869-422d-bff9-a813f943e7e3" />
    <UnitTestResult executionId="e4e724b4-5f3f-481d-909c-d2b02917b9b9" testId="2a896644-50d0-a8ac-de47-7ac4676c290e" testName="xUnitTestProject.CurrencyHelperTests.FormatToStringTest1000(price: 6027.66019266828, expected: &quot;6027.66 zł&quot;)" computerName="DESKTOP-5URQ9PB" duration="00:00:00.0000055" startTime="2022-06-13T21:15:00.1160143+02:00" endTime="2022-06-13T21:15:00.1160145+02:00" testType="13cdc9d9-ddb5-4fa4-a97d-d965ccfc6d4b" outcome="Passed" testListId="8c84fa94-04c1-424b-9868-57a2d4851a1d" relativeResultsDirectory="e4e724b4-5f3f-481d-909c-d2b02917b9b9" />
    <UnitTestResult executionId="ed22ec48-460d-4e4c-8c55-2abd7921b00c" testId="eca8de8b-49e2-07c6-8662-27843e169d09" testName="xUnitTestProject.CurrencyHelperTests.FormatToStringTest1000(price: 73504.44700518598, expected: &quot;73504.45 zł&quot;)" computerName="DESKTOP-5URQ9PB" duration="00:00:00.0000054" startTime="2022-06-13T21:15:00.1777610+02:00" endTime="2022-06-13T21:15:00.1777611+02:00" testType="13cdc9d9-ddb5-4fa4-a97d-d965ccfc6d4b" outcome="Passed" testListId="8c84fa94-04c1-424b-9868-57a2d4851a1d" relativeResultsDirectory="ed22ec48-460d-4e4c-8c55-2abd7921b00c" />
    <UnitTestResult executionId="138ea944-2079-46e0-b942-0167d9d2168d" testId="4f6b94b9-8c0a-f905-af50-086f7c071ad9" testName="xUnitTestProject.CurrencyHelperTests.FormatToStringTest1000(price: 10324.538670147089, expected: &quot;10324.54 zł&quot;)" computerName="DESKTOP-5URQ9PB" duration="00:00:00.0000070" startTime="2022-06-13T21:15:00.1552124+02:00" endTime="2022-06-13T21:15:00.1552126+02:00" testType="13cdc9d9-ddb5-4fa4-a97d-d965ccfc6d4b" outcome="Passed" testListId="8c84fa94-04c1-424b-9868-57a2d4851a1d" relativeResultsDirectory="138ea944-2079-46e0-b942-0167d9d2168d" />
    <UnitTestResult executionId="0822fa77-9a6d-49fc-92a3-43cc940135f7" testId="bc63b05b-4f30-8c10-7b75-77e26fb38256" testName="xUnitTestProject.CurrencyHelperTests.FormatToStringTest1000(price: 10661.19584154207, expected: &quot;10661.20 zł&quot;)" computerName="DESKTOP-5URQ9PB" duration="00:00:00.0000041" startTime="2022-06-13T21:15:00.1041252+02:00" endTime="2022-06-13T21:15:00.1041254+02:00" testType="13cdc9d9-ddb5-4fa4-a97d-d965ccfc6d4b" outcome="Passed" testListId="8c84fa94-04c1-424b-9868-57a2d4851a1d" relativeResultsDirectory="0822fa77-9a6d-49fc-92a3-43cc940135f7" />
    <UnitTestResult executionId="ec3570d4-a0ed-4153-b046-087c3c60104f" testId="a8f82c34-f413-0466-fc76-669da2c23141" testName="xUnitTestProject.CurrencyHelperTests.FormatToStringTest1000(price: 21693.340115174808, expected: &quot;21693.34 zł&quot;)" computerName="DESKTOP-5URQ9PB" duration="00:00:00.0000056" startTime="2022-06-13T21:15:00.1180171+02:00" endTime="2022-06-13T21:15:00.1180173+02:00" testType="13cdc9d9-ddb5-4fa4-a97d-d965ccfc6d4b" outcome="Passed" testListId="8c84fa94-04c1-424b-9868-57a2d4851a1d" relativeResultsDirectory="ec3570d4-a0ed-4153-b046-087c3c60104f" />
    <UnitTestResult executionId="0cd8b5e1-6952-4c93-97e2-d3c9e828652f" testId="83d8e74c-5bbb-efb0-37a0-7aa4cf469b8b" testName="xUnitTestProject.CurrencyHelperTests.FormatToStringTest1000(price: 6820.105136090938, expected: &quot;6820.11 zł&quot;)" computerName="DESKTOP-5URQ9PB" duration="00:00:00.0000077" startTime="2022-06-13T21:15:00.1505017+02:00" endTime="2022-06-13T21:15:00.1505021+02:00" testType="13cdc9d9-ddb5-4fa4-a97d-d965ccfc6d4b" outcome="Passed" testListId="8c84fa94-04c1-424b-9868-57a2d4851a1d" relativeResultsDirectory="0cd8b5e1-6952-4c93-97e2-d3c9e828652f" />
    <UnitTestResult executionId="9928d4e9-bd01-4773-8b17-1d9c19f7915d" testId="0739d753-ed0a-2224-af37-24f0fcbbbd00" testName="xUnitTestProject.CurrencyHelperTests.FormatToStringTest1000(price: 25794.833624416417, expected: &quot;25794.83 zł&quot;)" computerName="DESKTOP-5URQ9PB" duration="00:00:00.0000062" startTime="2022-06-13T21:15:00.1484190+02:00" endTime="2022-06-13T21:15:00.1484192+02:00" testType="13cdc9d9-ddb5-4fa4-a97d-d965ccfc6d4b" outcome="Passed" testListId="8c84fa94-04c1-424b-9868-57a2d4851a1d" relativeResultsDirectory="9928d4e9-bd01-4773-8b17-1d9c19f7915d" />
    <UnitTestResult executionId="0dbefe61-2de6-4a49-9075-c464a1affda8" testId="b7f26b3d-6733-f07e-6f15-9b6ddb83ad50" testName="xUnitTestProject.CurrencyHelperTests.FormatToStringTest1000(price: 9517.514896326473, expected: &quot;9517.51 zł&quot;)" computerName="DESKTOP-5URQ9PB" duration="00:00:00.0000063" startTime="2022-06-13T21:15:00.1148652+02:00" endTime="2022-06-13T21:15:00.1148654+02:00" testType="13cdc9d9-ddb5-4fa4-a97d-d965ccfc6d4b" outcome="Passed" testListId="8c84fa94-04c1-424b-9868-57a2d4851a1d" relativeResultsDirectory="0dbefe61-2de6-4a49-9075-c464a1affda8" />
    <UnitTestResult executionId="d4ae03c3-ec9b-4d13-a00d-ed1384773960" testId="7c3ffa01-e97c-2ed2-ce73-5d584269f0e2" testName="xUnitTestProject.CurrencyHelperTests.FormatToStringTest1000(price: 32213.734885384205, expected: &quot;32213.73 zł&quot;)" computerName="DESKTOP-5URQ9PB" duration="00:00:00.0000059" startTime="2022-06-13T21:15:00.1204171+02:00" endTime="2022-06-13T21:15:00.1204172+02:00" testType="13cdc9d9-ddb5-4fa4-a97d-d965ccfc6d4b" outcome="Passed" testListId="8c84fa94-04c1-424b-9868-57a2d4851a1d" relativeResultsDirectory="d4ae03c3-ec9b-4d13-a00d-ed1384773960" />
    <UnitTestResult executionId="5dc5e8ee-0fd5-45f3-9e74-9fd6d58501e0" testId="92bde5bc-af9c-6dbe-10ea-7012e494fcd9" testName="xUnitTestProject.CurrencyHelperTests.FormatToStringTest1000(price: 27942.393876474067, expected: &quot;27942.39 zł&quot;)" computerName="DESKTOP-5URQ9PB" duration="00:00:00.0000041" startTime="2022-06-13T21:15:00.1801397+02:00" endTime="2022-06-13T21:15:00.1801399+02:00" testType="13cdc9d9-ddb5-4fa4-a97d-d965ccfc6d4b" outcome="Passed" testListId="8c84fa94-04c1-424b-9868-57a2d4851a1d" relativeResultsDirectory="5dc5e8ee-0fd5-45f3-9e74-9fd6d58501e0" />
    <UnitTestResult executionId="7df23cc5-af4f-43b3-a8d6-d536ce6a9b5a" testId="a79fd14a-da4c-bcf0-0f87-a480851cd28d" testName="xUnitTestProject.CurrencyHelperTests.FormatToStringTest1000(price: 2435.1995505835857, expected: &quot;2435.20 zł&quot;)" computerName="DESKTOP-5URQ9PB" duration="00:00:00.0000062" startTime="2022-06-13T21:15:00.1573677+02:00" endTime="2022-06-13T21:15:00.1573679+02:00" testType="13cdc9d9-ddb5-4fa4-a97d-d965ccfc6d4b" outcome="Passed" testListId="8c84fa94-04c1-424b-9868-57a2d4851a1d" relativeResultsDirectory="7df23cc5-af4f-43b3-a8d6-d536ce6a9b5a" />
    <UnitTestResult executionId="897e37d3-deb7-4715-ba4e-19709484835a" testId="1a5071af-adad-5910-41be-cb866364cc7d" testName="xUnitTestProject.CurrencyHelperTests.FormatToStringTest1000(price: 46790.41011887715, expected: &quot;46790.41 zł&quot;)" computerName="DESKTOP-5URQ9PB" duration="00:00:00.0000071" startTime="2022-06-13T21:15:00.1473600+02:00" endTime="2022-06-13T21:15:00.1473602+02:00" testType="13cdc9d9-ddb5-4fa4-a97d-d965ccfc6d4b" outcome="Passed" testListId="8c84fa94-04c1-424b-9868-57a2d4851a1d" relativeResultsDirectory="897e37d3-deb7-4715-ba4e-19709484835a" />
    <UnitTestResult executionId="93654de1-5860-4ea6-b87b-c81057c1f561" testId="814b2061-14f5-c810-0eca-e8431104105a" testName="xUnitTestProject.CurrencyHelperTests.FormatToStringTest1000(price: 14198.39903067723, expected: &quot;14198.40 zł&quot;)" computerName="DESKTOP-5URQ9PB" duration="00:00:00.0000056" startTime="2022-06-13T21:15:00.1169882+02:00" endTime="2022-06-13T21:15:00.1169883+02:00" testType="13cdc9d9-ddb5-4fa4-a97d-d965ccfc6d4b" outcome="Passed" testListId="8c84fa94-04c1-424b-9868-57a2d4851a1d" relativeResultsDirectory="93654de1-5860-4ea6-b87b-c81057c1f561" />
    <UnitTestResult executionId="0cb964a5-cf75-4636-aa00-eb377c08ad97" testId="fd35a08c-5b95-7a8f-b139-85a90dbcf98e" testName="xUnitTestProject.CurrencyHelperTests.FormatToStringTest1000(price: 30385.72086375613, expected: &quot;30385.72 zł&quot;)" computerName="DESKTOP-5URQ9PB" duration="00:00:00.0000063" startTime="2022-06-13T21:15:00.1438853+02:00" endTime="2022-06-13T21:15:00.1438857+02:00" testType="13cdc9d9-ddb5-4fa4-a97d-d965ccfc6d4b" outcome="Passed" testListId="8c84fa94-04c1-424b-9868-57a2d4851a1d" relativeResultsDirectory="0cb964a5-cf75-4636-aa00-eb377c08ad97" />
    <UnitTestResult executionId="4f67e3a8-37ee-4490-a83c-9ccc345dd0ea" testId="2253269e-957f-9bba-378c-fb3e844bd0a1" testName="xUnitTestProject.CurrencyHelperTests.FormatToStringTest1000(price: 13027.93935961739, expected: &quot;13027.94 zł&quot;)" computerName="DESKTOP-5URQ9PB" duration="00:00:00.0000054" startTime="2022-06-13T21:15:00.1387724+02:00" endTime="2022-06-13T21:15:00.1387725+02:00" testType="13cdc9d9-ddb5-4fa4-a97d-d965ccfc6d4b" outcome="Passed" testListId="8c84fa94-04c1-424b-9868-57a2d4851a1d" relativeResultsDirectory="4f67e3a8-37ee-4490-a83c-9ccc345dd0ea" />
    <UnitTestResult executionId="2fd2034a-2dd2-48c6-bb89-bb808736a5df" testId="61863f63-9d64-1d88-3d10-ad0f63ed338b" testName="xUnitTestProject.CurrencyHelperTests.FormatToStringTest1000(price: 1130.8119115372242, expected: &quot;1130.81 zł&quot;)" computerName="DESKTOP-5URQ9PB" duration="00:00:00.0000054" startTime="2022-06-13T21:15:00.1292905+02:00" endTime="2022-06-13T21:15:00.1292907+02:00" testType="13cdc9d9-ddb5-4fa4-a97d-d965ccfc6d4b" outcome="Passed" testListId="8c84fa94-04c1-424b-9868-57a2d4851a1d" relativeResultsDirectory="2fd2034a-2dd2-48c6-bb89-bb808736a5df" />
    <UnitTestResult executionId="90dac629-d3a3-4e3c-9b00-69fef47be54b" testId="5313f3e0-d68f-8127-ba85-18b29352fdf0" testName="xUnitTestProject.CurrencyHelperTests.FormatToStringTest1000(price: 78822.37212685234, expected: &quot;78822.37 zł&quot;)" computerName="DESKTOP-5URQ9PB" duration="00:00:00.0000073" startTime="2022-06-13T21:15:00.1843871+02:00" endTime="2022-06-13T21:15:00.1843873+02:00" testType="13cdc9d9-ddb5-4fa4-a97d-d965ccfc6d4b" outcome="Passed" testListId="8c84fa94-04c1-424b-9868-57a2d4851a1d" relativeResultsDirectory="90dac629-d3a3-4e3c-9b00-69fef47be54b" />
    <UnitTestResult executionId="985b0f9c-638e-4e9b-85cc-32c47d89bf7d" testId="ddfa2a9a-e29a-9dfc-0603-2fa2e9e89c67" testName="xUnitTestProject.CurrencyHelperTests.FormatToStringTest1000(price: 24251.68593564848, expected: &quot;24251.69 zł&quot;)" computerName="DESKTOP-5URQ9PB" duration="00:00:00.0000110" startTime="2022-06-13T21:15:00.0713575+02:00" endTime="2022-06-13T21:15:00.0713583+02:00" testType="13cdc9d9-ddb5-4fa4-a97d-d965ccfc6d4b" outcome="Passed" testListId="8c84fa94-04c1-424b-9868-57a2d4851a1d" relativeResultsDirectory="985b0f9c-638e-4e9b-85cc-32c47d89bf7d" />
    <UnitTestResult executionId="27cac2eb-9c8a-41bc-a9f8-3fba81fe2e29" testId="5b94edbf-3c78-7105-4ec5-f34d39e55c58" testName="xUnitTestProject.CurrencyHelperTests.FormatToStringTest1000(price: 25288.32036814574, expected: &quot;25288.32 zł&quot;)" computerName="DESKTOP-5URQ9PB" duration="00:00:00.0000062" startTime="2022-06-13T21:15:00.0595086+02:00" endTime="2022-06-13T21:15:00.0595089+02:00" testType="13cdc9d9-ddb5-4fa4-a97d-d965ccfc6d4b" outcome="Passed" testListId="8c84fa94-04c1-424b-9868-57a2d4851a1d" relativeResultsDirectory="27cac2eb-9c8a-41bc-a9f8-3fba81fe2e29" />
    <UnitTestResult executionId="90014828-5e2a-496d-9b23-ecf19a7e5e5d" testId="c5aa0d75-50a2-309f-29ef-6a7a3d1053ab" testName="xUnitTestProject.CurrencyHelperTests.FormatToStringTest1000(price: 30031.89550569323, expected: &quot;30031.90 zł&quot;)" computerName="DESKTOP-5URQ9PB" duration="00:00:00.0000238" startTime="2022-06-13T21:15:00.1066510+02:00" endTime="2022-06-13T21:15:00.1066511+02:00" testType="13cdc9d9-ddb5-4fa4-a97d-d965ccfc6d4b" outcome="Passed" testListId="8c84fa94-04c1-424b-9868-57a2d4851a1d" relativeResultsDirectory="90014828-5e2a-496d-9b23-ecf19a7e5e5d" />
    <UnitTestResult executionId="1690db00-26d6-4f03-89f6-02c154f5d086" testId="302cac3a-acd8-63e7-21fb-e5689524a492" testName="xUnitTestProject.CurrencyHelperTests.FormatToStringTest1000(price: 22678.643495744862, expected: &quot;22678.64 zł&quot;)" computerName="DESKTOP-5URQ9PB" duration="00:00:00.0000062" startTime="2022-06-13T21:15:00.1924704+02:00" endTime="2022-06-13T21:15:00.1924705+02:00" testType="13cdc9d9-ddb5-4fa4-a97d-d965ccfc6d4b" outcome="Passed" testListId="8c84fa94-04c1-424b-9868-57a2d4851a1d" relativeResultsDirectory="1690db00-26d6-4f03-89f6-02c154f5d086" />
    <UnitTestResult executionId="f09f4b61-cf9d-47c6-935f-f799526ccbee" testId="0d6a7c9f-244c-8d08-98f4-afd58838a2c2" testName="xUnitTestProject.CurrencyHelperTests.FormatToStringTest1000(price: 14719.97001409762, expected: &quot;14719.97 zł&quot;)" computerName="DESKTOP-5URQ9PB" duration="00:00:00.0000041" startTime="2022-06-13T21:15:00.0791016+02:00" endTime="2022-06-13T21:15:00.0791022+02:00" testType="13cdc9d9-ddb5-4fa4-a97d-d965ccfc6d4b" outcome="Passed" testListId="8c84fa94-04c1-424b-9868-57a2d4851a1d" relativeResultsDirectory="f09f4b61-cf9d-47c6-935f-f799526ccbee" />
    <UnitTestResult executionId="7f1b099d-e1be-4610-892d-55144a7fa303" testId="a3a08850-4a93-c030-f4e2-fdffe7d8b320" testName="xUnitTestProject.CurrencyHelperTests.FormatToStringTest1000(price: 19873.59831658453, expected: &quot;19873.60 zł&quot;)" computerName="DESKTOP-5URQ9PB" duration="00:00:00.0000054" startTime="2022-06-13T21:15:00.1846106+02:00" endTime="2022-06-13T21:15:00.1846108+02:00" testType="13cdc9d9-ddb5-4fa4-a97d-d965ccfc6d4b" outcome="Passed" testListId="8c84fa94-04c1-424b-9868-57a2d4851a1d" relativeResultsDirectory="7f1b099d-e1be-4610-892d-55144a7fa303" />
    <UnitTestResult executionId="3d49903c-f00f-4929-903e-aa55713880f7" testId="38f897eb-957e-6945-e8b5-f2e873b7ac17" testName="xUnitTestProject.CurrencyHelperTests.FormatToStringTest1000(price: 26945.125386551546, expected: &quot;26945.13 zł&quot;)" computerName="DESKTOP-5URQ9PB" duration="00:00:00.0000064" startTime="2022-06-13T21:15:00.0985538+02:00" endTime="2022-06-13T21:15:00.0985539+02:00" testType="13cdc9d9-ddb5-4fa4-a97d-d965ccfc6d4b" outcome="Passed" testListId="8c84fa94-04c1-424b-9868-57a2d4851a1d" relativeResultsDirectory="3d49903c-f00f-4929-903e-aa55713880f7" />
    <UnitTestResult executionId="8a9b53ee-e71e-4c03-bfcd-22198bfbedaf" testId="13335374-86bb-3ff8-d28a-bd89dc7f02ec" testName="xUnitTestProject.CurrencyHelperTests.FormatToStringTest1000(price: 16637.074429372828, expected: &quot;16637.07 zł&quot;)" computerName="DESKTOP-5URQ9PB" duration="00:00:00.0000077" startTime="2022-06-13T21:15:00.1245989+02:00" endTime="2022-06-13T21:15:00.1245993+02:00" testType="13cdc9d9-ddb5-4fa4-a97d-d965ccfc6d4b" outcome="Passed" testListId="8c84fa94-04c1-424b-9868-57a2d4851a1d" relativeResultsDirectory="8a9b53ee-e71e-4c03-bfcd-22198bfbedaf" />
    <UnitTestResult executionId="e421dd78-5a5f-450b-ae45-12ce6d91b0ee" testId="61bdea90-2716-ebd5-11fe-1f07a5d80915" testName="xUnitTestProject.CurrencyHelperTests.FormatToStringTest1000(price: 40545.70748620001, expected: &quot;40545.71 zł&quot;)" computerName="DESKTOP-5URQ9PB" duration="00:00:00.0000041" startTime="2022-06-13T21:15:00.0569228+02:00" endTime="2022-06-13T21:15:00.0569236+02:00" testType="13cdc9d9-ddb5-4fa4-a97d-d965ccfc6d4b" outcome="Passed" testListId="8c84fa94-04c1-424b-9868-57a2d4851a1d" relativeResultsDirectory="e421dd78-5a5f-450b-ae45-12ce6d91b0ee" />
    <UnitTestResult executionId="6f32c018-1172-499e-b7a2-d32e53539688" testId="1462a569-77b7-fa7d-0148-09ce9f2428e8" testName="xUnitTestProject.CurrencyHelperTests.FormatToStringTest1000(price: 19462.729986486367, expected: &quot;19462.73 zł&quot;)" computerName="DESKTOP-5URQ9PB" duration="00:00:00.0000045" startTime="2022-06-13T21:15:00.1767213+02:00" endTime="2022-06-13T21:15:00.1767215+02:00" testType="13cdc9d9-ddb5-4fa4-a97d-d965ccfc6d4b" outcome="Passed" testListId="8c84fa94-04c1-424b-9868-57a2d4851a1d" relativeResultsDirectory="6f32c018-1172-499e-b7a2-d32e53539688" />
    <UnitTestResult executionId="03878c84-47aa-4543-9514-f8db21dcc03f" testId="1385f442-8d64-2443-1088-0b70bf667165" testName="xUnitTestProject.CurrencyHelperTests.FormatToStringTest1000(price: 10461.455048841171, expected: &quot;10461.46 zł&quot;)" computerName="DESKTOP-5URQ9PB" duration="00:00:00.0000064" startTime="2022-06-13T21:15:00.0831961+02:00" endTime="2022-06-13T21:15:00.0831963+02:00" testType="13cdc9d9-ddb5-4fa4-a97d-d965ccfc6d4b" outcome="Passed" testListId="8c84fa94-04c1-424b-9868-57a2d4851a1d" relativeResultsDirectory="03878c84-47aa-4543-9514-f8db21dcc03f" />
    <UnitTestResult executionId="b86d2753-9c73-4f78-8138-f86e30d9fce4" testId="5a93f8c6-dddb-38ff-5f2b-b7e5cc3ddb6a" testName="xUnitTestProject.CurrencyHelperTests.FormatToStringTest1000(price: 7890.044272348771, expected: &quot;7890.04 zł&quot;)" computerName="DESKTOP-5URQ9PB" duration="00:00:00.0000070" startTime="2022-06-13T21:15:00.1136585+02:00" endTime="2022-06-13T21:15:00.1136587+02:00" testType="13cdc9d9-ddb5-4fa4-a97d-d965ccfc6d4b" outcome="Passed" testListId="8c84fa94-04c1-424b-9868-57a2d4851a1d" relativeResultsDirectory="b86d2753-9c73-4f78-8138-f86e30d9fce4" />
    <UnitTestResult executionId="d1cff2ba-2d46-40b2-a449-4736bc6f919a" testId="8f3ac04b-f653-5459-90af-f61d3689f759" testName="xUnitTestProject.CurrencyHelperTests.FormatToStringTest1000(price: 8492.904747505161, expected: &quot;8492.90 zł&quot;)" computerName="DESKTOP-5URQ9PB" duration="00:00:00.0000041" startTime="2022-06-13T21:15:00.1055030+02:00" endTime="2022-06-13T21:15:00.1055032+02:00" testType="13cdc9d9-ddb5-4fa4-a97d-d965ccfc6d4b" outcome="Passed" testListId="8c84fa94-04c1-424b-9868-57a2d4851a1d" relativeResultsDirectory="d1cff2ba-2d46-40b2-a449-4736bc6f919a" />
    <UnitTestResult executionId="51b48159-0cd0-4d2f-8527-11617b9e4cb3" testId="abb4aad3-77db-7359-08fe-5197066f13be" testName="xUnitTestProject.CurrencyHelperTests.FormatToStringTest1000(price: 79339.95632144621, expected: &quot;79339.96 zł&quot;)" computerName="DESKTOP-5URQ9PB" duration="00:00:00.0000058" startTime="2022-06-13T21:15:00.1887320+02:00" endTime="2022-06-13T21:15:00.1887322+02:00" testType="13cdc9d9-ddb5-4fa4-a97d-d965ccfc6d4b" outcome="Passed" testListId="8c84fa94-04c1-424b-9868-57a2d4851a1d" relativeResultsDirectory="51b48159-0cd0-4d2f-8527-11617b9e4cb3" />
    <UnitTestResult executionId="3524bcb8-be37-4ec2-b155-ddb8fec1211b" testId="1006d1f0-5b29-3f16-0e5d-80a2a40c26e6" testName="xUnitTestProject.CurrencyHelperTests.FormatToStringTest1000(price: 4002.4180488374172, expected: &quot;4002.42 zł&quot;)" computerName="DESKTOP-5URQ9PB" duration="00:00:00.0000040" startTime="2022-06-13T21:15:00.0764000+02:00" endTime="2022-06-13T21:15:00.0764002+02:00" testType="13cdc9d9-ddb5-4fa4-a97d-d965ccfc6d4b" outcome="Passed" testListId="8c84fa94-04c1-424b-9868-57a2d4851a1d" relativeResultsDirectory="3524bcb8-be37-4ec2-b155-ddb8fec1211b" />
    <UnitTestResult executionId="6af49680-5fb8-4386-8c68-92017851eebf" testId="d907dab2-a0b3-0153-e7e4-4d342798a47e" testName="xUnitTestProject.CurrencyHelperTests.FormatToStringTest1000(price: 19189.32381924117, expected: &quot;19189.32 zł&quot;)" computerName="DESKTOP-5URQ9PB" duration="00:00:00.0000054" startTime="2022-06-13T21:15:00.1450054+02:00" endTime="2022-06-13T21:15:00.1450057+02:00" testType="13cdc9d9-ddb5-4fa4-a97d-d965ccfc6d4b" outcome="Passed" testListId="8c84fa94-04c1-424b-9868-57a2d4851a1d" relativeResultsDirectory="6af49680-5fb8-4386-8c68-92017851eebf" />
    <UnitTestResult executionId="480df5fe-4a0a-41bc-bd54-2b2247806b22" testId="a5736665-a659-170c-f088-df8850eec8a7" testName="xUnitTestProject.CurrencyHelperTests.FormatToStringTest1000(price: 64210.358316209335, expected: &quot;64210.36 zł&quot;)" computerName="DESKTOP-5URQ9PB" duration="00:00:00.0000046" startTime="2022-06-13T21:15:00.0652744+02:00" endTime="2022-06-13T21:15:00.0652746+02:00" testType="13cdc9d9-ddb5-4fa4-a97d-d965ccfc6d4b" outcome="Passed" testListId="8c84fa94-04c1-424b-9868-57a2d4851a1d" relativeResultsDirectory="480df5fe-4a0a-41bc-bd54-2b2247806b22" />
    <UnitTestResult executionId="1ab646c1-11be-42ce-89c4-7ca0b239847d" testId="c6cb5829-9900-78b4-ad40-ce24294fb2f7" testName="xUnitTestProject.CurrencyHelperTests.FormatToStringTest1000(price: 67380.07704875062, expected: &quot;67380.08 zł&quot;)" computerName="DESKTOP-5URQ9PB" duration="00:00:00.0000055" startTime="2022-06-13T21:15:00.0753115+02:00" endTime="2022-06-13T21:15:00.0753118+02:00" testType="13cdc9d9-ddb5-4fa4-a97d-d965ccfc6d4b" outcome="Passed" testListId="8c84fa94-04c1-424b-9868-57a2d4851a1d" relativeResultsDirectory="1ab646c1-11be-42ce-89c4-7ca0b239847d" />
    <UnitTestResult executionId="d34cf20b-ad2c-4bc2-b544-0c666282771c" testId="836d8767-01df-4e15-8567-247721a23e4e" testName="xUnitTestProject.CurrencyHelperTests.FormatToStringTest1000(price: 591.2110872302256, expected: &quot;591.21 zł&quot;)" computerName="DESKTOP-5URQ9PB" duration="00:00:00.0000041" startTime="2022-06-13T21:15:00.0854495+02:00" endTime="2022-06-13T21:15:00.0854497+02:00" testType="13cdc9d9-ddb5-4fa4-a97d-d965ccfc6d4b" outcome="Passed" testListId="8c84fa94-04c1-424b-9868-57a2d4851a1d" relativeResultsDirectory="d34cf20b-ad2c-4bc2-b544-0c666282771c" />
    <UnitTestResult executionId="55053446-0509-46c4-b8c3-261042db42c5" testId="92748693-9b58-d8e3-eb5b-22d11e2e9e9d" testName="xUnitTestProject.CurrencyHelperTests.FormatToStringTest1000(price: 577.6071367564645, expected: &quot;577.61 zł&quot;)" computerName="DESKTOP-5URQ9PB" duration="00:00:00.0000085" startTime="2022-06-13T21:15:00.1066138+02:00" endTime="2022-06-13T21:15:00.1066140+02:00" testType="13cdc9d9-ddb5-4fa4-a97d-d965ccfc6d4b" outcome="Passed" testListId="8c84fa94-04c1-424b-9868-57a2d4851a1d" relativeResultsDirectory="55053446-0509-46c4-b8c3-261042db42c5" />
    <UnitTestResult executionId="612ebed8-788d-48a0-ba9e-3f0f5ce636f1" testId="dbb67156-6168-60a5-400a-6afe6eb000f2" testName="xUnitTestProject.CurrencyHelperTests.FormatToStringTest1000(price: 40400.9734049295, expected: &quot;40400.97 zł&quot;)" computerName="DESKTOP-5URQ9PB" duration="00:00:00.0000068" startTime="2022-06-13T21:15:00.1192737+02:00" endTime="2022-06-13T21:15:00.1192739+02:00" testType="13cdc9d9-ddb5-4fa4-a97d-d965ccfc6d4b" outcome="Passed" testListId="8c84fa94-04c1-424b-9868-57a2d4851a1d" relativeResultsDirectory="612ebed8-788d-48a0-ba9e-3f0f5ce636f1" />
    <UnitTestResult executionId="2206d71d-20c8-4773-9bb3-b45ffcd64a19" testId="3fa92d95-7719-c247-fd7d-28cef4c98170" testName="xUnitTestProject.CurrencyHelperTests.FormatToStringTest1000(price: 9628.688698104437, expected: &quot;9628.69 zł&quot;)" computerName="DESKTOP-5URQ9PB" duration="00:00:00.0000072" startTime="2022-06-13T21:15:00.1450902+02:00" endTime="2022-06-13T21:15:00.1450903+02:00" testType="13cdc9d9-ddb5-4fa4-a97d-d965ccfc6d4b" outcome="Passed" testListId="8c84fa94-04c1-424b-9868-57a2d4851a1d" relativeResultsDirectory="2206d71d-20c8-4773-9bb3-b45ffcd64a19" />
    <UnitTestResult executionId="33c5cdbe-02b6-4ba2-aac1-e4f1611354a5" testId="04661d81-bbef-c82f-71cf-dda291897ead" testName="xUnitTestProject.CurrencyHelperTests.FormatToStringTest1000(price: 30578.687538491416, expected: &quot;30578.69 zł&quot;)" computerName="DESKTOP-5URQ9PB" duration="00:00:00.0000045" startTime="2022-06-13T21:15:00.1745356+02:00" endTime="2022-06-13T21:15:00.1745358+02:00" testType="13cdc9d9-ddb5-4fa4-a97d-d965ccfc6d4b" outcome="Passed" testListId="8c84fa94-04c1-424b-9868-57a2d4851a1d" relativeResultsDirectory="33c5cdbe-02b6-4ba2-aac1-e4f1611354a5" />
    <UnitTestResult executionId="f6d47877-3c21-4ebe-87ef-0566f1d759cb" testId="594ca00d-02cf-07de-ca25-0d701d72a0a6" testName="xUnitTestProject.CurrencyHelperTests.FormatToStringTest1000(price: 1549.6599114973376, expected: &quot;1549.66 zł&quot;)" computerName="DESKTOP-5URQ9PB" duration="00:00:00.0000045" startTime="2022-06-13T21:15:00.1865769+02:00" endTime="2022-06-13T21:15:00.1865771+02:00" testType="13cdc9d9-ddb5-4fa4-a97d-d965ccfc6d4b" outcome="Passed" testListId="8c84fa94-04c1-424b-9868-57a2d4851a1d" relativeResultsDirectory="f6d47877-3c21-4ebe-87ef-0566f1d759cb" />
    <UnitTestResult executionId="53655c0d-bea3-44e9-a1a9-3e907eeb9840" testId="1079d268-49d6-f18c-d495-58b580aae9dc" testName="xUnitTestProject.CurrencyHelperTests.FormatToStringTest1000(price: 26220.382477706476, expected: &quot;26220.38 zł&quot;)" computerName="DESKTOP-5URQ9PB" duration="00:00:00.0000060" startTime="2022-06-13T21:15:00.1226223+02:00" endTime="2022-06-13T21:15:00.1226224+02:00" testType="13cdc9d9-ddb5-4fa4-a97d-d965ccfc6d4b" outcome="Passed" testListId="8c84fa94-04c1-424b-9868-57a2d4851a1d" relativeResultsDirectory="53655c0d-bea3-44e9-a1a9-3e907eeb9840" />
    <UnitTestResult executionId="a5f86b46-674c-4779-9ddc-9995a597db7c" testId="0eb2cf4b-202a-2f21-374f-50b4b3adc607" testName="xUnitTestProject.CurrencyHelperTests.FormatToStringTest1000(price: 18424.864078561244, expected: &quot;18424.86 zł&quot;)" computerName="DESKTOP-5URQ9PB" duration="00:00:00.0000100" startTime="2022-06-13T21:15:00.1678726+02:00" endTime="2022-06-13T21:15:00.1678728+02:00" testType="13cdc9d9-ddb5-4fa4-a97d-d965ccfc6d4b" outcome="Passed" testListId="8c84fa94-04c1-424b-9868-57a2d4851a1d" relativeResultsDirectory="a5f86b46-674c-4779-9ddc-9995a597db7c" />
    <UnitTestResult executionId="6d4cc0c5-cb60-48ed-9037-2cbbe03e2d78" testId="20029a95-caa6-71d7-8434-4467fe9b8732" testName="xUnitTestProject.CurrencyHelperTests.FormatToStringTest1000(price: 43799.04472166535, expected: &quot;43799.04 zł&quot;)" computerName="DESKTOP-5URQ9PB" duration="00:00:00.0000040" startTime="2022-06-13T21:15:00.0638819+02:00" endTime="2022-06-13T21:15:00.0638821+02:00" testType="13cdc9d9-ddb5-4fa4-a97d-d965ccfc6d4b" outcome="Passed" testListId="8c84fa94-04c1-424b-9868-57a2d4851a1d" relativeResultsDirectory="6d4cc0c5-cb60-48ed-9037-2cbbe03e2d78" />
    <UnitTestResult executionId="733fe217-c341-411e-9121-722626b75430" testId="4b9288d3-23bb-6d5e-ced0-2389f5e0b638" testName="xUnitTestProject.CurrencyHelperTests.FormatToStringTest1000(price: 14910.573044539697, expected: &quot;14910.57 zł&quot;)" computerName="DESKTOP-5URQ9PB" duration="00:00:00.0000040" startTime="2022-06-13T21:15:00.0975213+02:00" endTime="2022-06-13T21:15:00.0975215+02:00" testType="13cdc9d9-ddb5-4fa4-a97d-d965ccfc6d4b" outcome="Passed" testListId="8c84fa94-04c1-424b-9868-57a2d4851a1d" relativeResultsDirectory="733fe217-c341-411e-9121-722626b75430" />
    <UnitTestResult executionId="744af92d-3edf-4368-a71c-4d2c47ebddb0" testId="45e7282a-ab42-966d-c9cc-b039211e5621" testName="xUnitTestProject.CurrencyHelperTests.FormatToStringTest1000(price: 40035.54711080787, expected: &quot;40035.55 zł&quot;)" computerName="DESKTOP-5URQ9PB" duration="00:00:00.0000079" startTime="2022-06-13T21:15:00.0816517+02:00" endTime="2022-06-13T21:15:00.0816523+02:00" testType="13cdc9d9-ddb5-4fa4-a97d-d965ccfc6d4b" outcome="Passed" testListId="8c84fa94-04c1-424b-9868-57a2d4851a1d" relativeResultsDirectory="744af92d-3edf-4368-a71c-4d2c47ebddb0" />
    <UnitTestResult executionId="60ef5304-29eb-43c7-af41-b6201a1206b4" testId="12d96651-40d0-5499-9770-bf08435d63fc" testName="xUnitTestProject.CurrencyHelperTests.FormatToStringTest1000(price: 13402.882692040355, expected: &quot;13402.88 zł&quot;)" computerName="DESKTOP-5URQ9PB" duration="00:00:00.0000041" startTime="2022-06-13T21:15:00.1778728+02:00" endTime="2022-06-13T21:15:00.1778730+02:00" testType="13cdc9d9-ddb5-4fa4-a97d-d965ccfc6d4b" outcome="Passed" testListId="8c84fa94-04c1-424b-9868-57a2d4851a1d" relativeResultsDirectory="60ef5304-29eb-43c7-af41-b6201a1206b4" />
    <UnitTestResult executionId="5f563f0f-a47e-4d1d-a77e-8ee7f550af04" testId="1e915730-ab57-9b1e-994b-24cc1c98dc55" testName="xUnitTestProject.CurrencyHelperTests.FormatToStringTest1000(price: 65204.90483536055, expected: &quot;65204.90 zł&quot;)" computerName="DESKTOP-5URQ9PB" duration="00:00:00.0000063" startTime="2022-06-13T21:15:00.1527529+02:00" endTime="2022-06-13T21:15:00.1527531+02:00" testType="13cdc9d9-ddb5-4fa4-a97d-d965ccfc6d4b" outcome="Passed" testListId="8c84fa94-04c1-424b-9868-57a2d4851a1d" relativeResultsDirectory="5f563f0f-a47e-4d1d-a77e-8ee7f550af04" />
    <UnitTestResult executionId="19d67b4c-444b-46dc-bc3e-b5245bfdd8ee" testId="4d07a1bc-a8d9-c223-fb28-a20fa9ce459f" testName="xUnitTestProject.CurrencyHelperTests.FormatToStringTest1000(price: 24308.26523149212, expected: &quot;24308.27 zł&quot;)" computerName="DESKTOP-5URQ9PB" duration="00:00:00.0000069" startTime="2022-06-13T21:15:00.1605958+02:00" endTime="2022-06-13T21:15:00.1605960+02:00" testType="13cdc9d9-ddb5-4fa4-a97d-d965ccfc6d4b" outcome="Passed" testListId="8c84fa94-04c1-424b-9868-57a2d4851a1d" relativeResultsDirectory="19d67b4c-444b-46dc-bc3e-b5245bfdd8ee" />
    <UnitTestResult executionId="f38d17bd-8e42-4bce-8aac-e95a823cbd32" testId="7848596b-c8d5-bd4c-d7fe-380e3b0f13fa" testName="xUnitTestProject.CurrencyHelperTests.FormatToStringTest1000(price: 15509.637406484986, expected: &quot;15509.64 zł&quot;)" computerName="DESKTOP-5URQ9PB" duration="00:00:00.0000054" startTime="2022-06-13T21:15:00.1790215+02:00" endTime="2022-06-13T21:15:00.1790217+02:00" testType="13cdc9d9-ddb5-4fa4-a97d-d965ccfc6d4b" outcome="Passed" testListId="8c84fa94-04c1-424b-9868-57a2d4851a1d" relativeResultsDirectory="f38d17bd-8e42-4bce-8aac-e95a823cbd32" />
    <UnitTestResult executionId="2dbac2c0-5d6d-4292-b5f0-1622dfa744e7" testId="82e67c06-9849-1902-4582-6ac1133c7960" testName="xUnitTestProject.CurrencyHelperTests.FormatToStringTest1000(price: 657.5396922647672, expected: &quot;657.54 zł&quot;)" computerName="DESKTOP-5URQ9PB" duration="00:00:00.0000056" startTime="2022-06-13T21:15:00.1627252+02:00" endTime="2022-06-13T21:15:00.1627253+02:00" testType="13cdc9d9-ddb5-4fa4-a97d-d965ccfc6d4b" outcome="Passed" testListId="8c84fa94-04c1-424b-9868-57a2d4851a1d" relativeResultsDirectory="2dbac2c0-5d6d-4292-b5f0-1622dfa744e7" />
    <UnitTestResult executionId="9e210d8f-61aa-4376-9546-37d212dc1e07" testId="89c1bc9c-fd1f-546d-3081-e1943d5ea5fd" testName="xUnitTestProject.CurrencyHelperTests.FormatToStringTest1000(price: 30499.08272379734, expected: &quot;30499.08 zł&quot;)" computerName="DESKTOP-5URQ9PB" duration="00:00:00.0000059" startTime="2022-06-13T21:15:00.1527114+02:00" endTime="2022-06-13T21:15:00.1527118+02:00" testType="13cdc9d9-ddb5-4fa4-a97d-d965ccfc6d4b" outcome="Passed" testListId="8c84fa94-04c1-424b-9868-57a2d4851a1d" relativeResultsDirectory="9e210d8f-61aa-4376-9546-37d212dc1e07" />
    <UnitTestResult executionId="a89bfad3-8912-4973-a608-0a1964abc945" testId="13bfc4cd-00bc-fb12-3861-f69dc4145d67" testName="xUnitTestProject.CurrencyHelperTests.FormatToStringTest1000(price: 2929.267390865026, expected: &quot;2929.27 zł&quot;)" computerName="DESKTOP-5URQ9PB" duration="00:00:00.0000073" startTime="2022-06-13T21:15:00.1270494+02:00" endTime="2022-06-13T21:15:00.1270496+02:00" testType="13cdc9d9-ddb5-4fa4-a97d-d965ccfc6d4b" outcome="Passed" testListId="8c84fa94-04c1-424b-9868-57a2d4851a1d" relativeResultsDirectory="a89bfad3-8912-4973-a608-0a1964abc945" />
    <UnitTestResult executionId="247dc05c-67b0-4f24-b1c9-9bb2c38eaf70" testId="a5e0b38b-1cb1-a5af-a5f1-f247fd82227e" testName="xUnitTestProject.CurrencyHelperTests.FormatToStringTest1000(price: 45445.182098106096, expected: &quot;45445.18 zł&quot;)" computerName="DESKTOP-5URQ9PB" duration="00:00:00.0000066" startTime="2022-06-13T21:15:00.1427494+02:00" endTime="2022-06-13T21:15:00.1427496+02:00" testType="13cdc9d9-ddb5-4fa4-a97d-d965ccfc6d4b" outcome="Passed" testListId="8c84fa94-04c1-424b-9868-57a2d4851a1d" relativeResultsDirectory="247dc05c-67b0-4f24-b1c9-9bb2c38eaf70" />
    <UnitTestResult executionId="323393fc-8324-4d30-8aad-11a1576d4d0e" testId="d39c6f9f-bd62-16f2-5a23-b15da9df82dd" testName="xUnitTestProject.CurrencyHelperTests.FormatToStringTest1000(price: 68011.49219071423, expected: &quot;68011.49 zł&quot;)" computerName="DESKTOP-5URQ9PB" duration="00:00:00.0000054" startTime="2022-06-13T21:15:00.1416114+02:00" endTime="2022-06-13T21:15:00.1416117+02:00" testType="13cdc9d9-ddb5-4fa4-a97d-d965ccfc6d4b" outcome="Passed" testListId="8c84fa94-04c1-424b-9868-57a2d4851a1d" relativeResultsDirectory="323393fc-8324-4d30-8aad-11a1576d4d0e" />
    <UnitTestResult executionId="37e1edf8-8871-4fb4-a74c-5719d95b67f3" testId="251bbc15-9ad4-e7e2-3a95-fab7be0e3e27" testName="xUnitTestProject.CurrencyHelperTests.FormatToStringTest1000(price: 21728.91641959963, expected: &quot;21728.92 zł&quot;)" computerName="DESKTOP-5URQ9PB" duration="00:00:00.0000073" startTime="2022-06-13T21:15:00.1236517+02:00" endTime="2022-06-13T21:15:00.1236519+02:00" testType="13cdc9d9-ddb5-4fa4-a97d-d965ccfc6d4b" outcome="Passed" testListId="8c84fa94-04c1-424b-9868-57a2d4851a1d" relativeResultsDirectory="37e1edf8-8871-4fb4-a74c-5719d95b67f3" />
    <UnitTestResult executionId="fefd589e-bdf1-421b-b4ba-e6479ae64f65" testId="366e3c61-7635-9c9b-a996-33c58fa8fc62" testName="xUnitTestProject.CurrencyHelperTests.FormatToStringTest1000(price: 38904.87092920806, expected: &quot;38904.87 zł&quot;)" computerName="DESKTOP-5URQ9PB" duration="00:00:00.0000073" startTime="2022-06-13T21:15:00.0864788+02:00" endTime="2022-06-13T21:15:00.0864790+02:00" testType="13cdc9d9-ddb5-4fa4-a97d-d965ccfc6d4b" outcome="Passed" testListId="8c84fa94-04c1-424b-9868-57a2d4851a1d" relativeResultsDirectory="fefd589e-bdf1-421b-b4ba-e6479ae64f65" />
    <UnitTestResult executionId="390e08d6-cfe4-4b54-8eee-59db93c88c58" testId="3ca4075a-a7fb-92a5-3a91-aefa25efbece" testName="xUnitTestProject.CurrencyHelperTests.FormatToStringTest1000(price: 8542.520616738833, expected: &quot;8542.52 zł&quot;)" computerName="DESKTOP-5URQ9PB" duration="00:00:00.0000063" startTime="2022-06-13T21:15:00.0776794+02:00" endTime="2022-06-13T21:15:00.0776796+02:00" testType="13cdc9d9-ddb5-4fa4-a97d-d965ccfc6d4b" outcome="Passed" testListId="8c84fa94-04c1-424b-9868-57a2d4851a1d" relativeResultsDirectory="390e08d6-cfe4-4b54-8eee-59db93c88c58" />
    <UnitTestResult executionId="9a63fff4-c492-4c3b-a222-0227407a012a" testId="e12861db-8cd0-3c0d-af0a-eb43dfba13d7" testName="xUnitTestProject.CurrencyHelperTests.FormatToStringTest1000(price: 20116.958341299072, expected: &quot;20116.96 zł&quot;)" computerName="DESKTOP-5URQ9PB" duration="00:00:00.0000041" startTime="2022-06-13T21:15:00.0996925+02:00" endTime="2022-06-13T21:15:00.0996927+02:00" testType="13cdc9d9-ddb5-4fa4-a97d-d965ccfc6d4b" outcome="Passed" testListId="8c84fa94-04c1-424b-9868-57a2d4851a1d" relativeResultsDirectory="9a63fff4-c492-4c3b-a222-0227407a012a" />
    <UnitTestResult executionId="dbe5cd68-c7a8-4f67-9967-c2b54b73e2ed" testId="e46091cf-1e82-9cd3-4478-8e74502a12eb" testName="xUnitTestProject.CurrencyHelperTests.FormatToStringTest1000(price: 22831.975917587977, expected: &quot;22831.98 zł&quot;)" computerName="DESKTOP-5URQ9PB" duration="00:00:00.0000041" startTime="2022-06-13T21:15:00.0964854+02:00" endTime="2022-06-13T21:15:00.0964856+02:00" testType="13cdc9d9-ddb5-4fa4-a97d-d965ccfc6d4b" outcome="Passed" testListId="8c84fa94-04c1-424b-9868-57a2d4851a1d" relativeResultsDirectory="dbe5cd68-c7a8-4f67-9967-c2b54b73e2ed" />
    <UnitTestResult executionId="b96178f2-28fe-4ed5-8230-fb6febc45996" testId="6eb5b91d-aafa-339f-fbef-69ff28a5c36d" testName="xUnitTestProject.CurrencyHelperTests.FormatToStringTest1000(price: 32051.900532446758, expected: &quot;32051.90 zł&quot;)" computerName="DESKTOP-5URQ9PB" duration="00:00:00.0000040" startTime="2022-06-13T21:15:00.1041624+02:00" endTime="2022-06-13T21:15:00.1041626+02:00" testType="13cdc9d9-ddb5-4fa4-a97d-d965ccfc6d4b" outcome="Passed" testListId="8c84fa94-04c1-424b-9868-57a2d4851a1d" relativeResultsDirectory="b96178f2-28fe-4ed5-8230-fb6febc45996" />
    <UnitTestResult executionId="423110da-aef4-4bb0-a4d3-c35b4a162be1" testId="b70675b1-ffbc-1a3f-030b-53fbcade7f2b" testName="xUnitTestProject.CurrencyHelperTests.FormatToStringTest1000(price: 3907.8681317963024, expected: &quot;3907.87 zł&quot;)" computerName="DESKTOP-5URQ9PB" duration="00:00:00.0000074" startTime="2022-06-13T21:15:00.1678356+02:00" endTime="2022-06-13T21:15:00.1678358+02:00" testType="13cdc9d9-ddb5-4fa4-a97d-d965ccfc6d4b" outcome="Passed" testListId="8c84fa94-04c1-424b-9868-57a2d4851a1d" relativeResultsDirectory="423110da-aef4-4bb0-a4d3-c35b4a162be1" />
    <UnitTestResult executionId="e59de92b-2b88-4b59-992c-75d8498b981e" testId="dbbec110-d393-0535-7065-c16e31474059" testName="xUnitTestProject.CurrencyHelperTests.FormatToStringTest1000(price: 15822.278766386342, expected: &quot;15822.28 zł&quot;)" computerName="DESKTOP-5URQ9PB" duration="00:00:00.0000055" startTime="2022-06-13T21:15:00.1160572+02:00" endTime="2022-06-13T21:15:00.1160574+02:00" testType="13cdc9d9-ddb5-4fa4-a97d-d965ccfc6d4b" outcome="Passed" testListId="8c84fa94-04c1-424b-9868-57a2d4851a1d" relativeResultsDirectory="e59de92b-2b88-4b59-992c-75d8498b981e" />
    <UnitTestResult executionId="54f381d1-5e8b-42a0-854f-60bf4800bea7" testId="bcd74692-fcc7-2c4c-b52b-85aae8ab43ad" testName="xUnitTestProject.CurrencyHelperTests.FormatToStringTest1000(price: 7119.076353227755, expected: &quot;7119.08 zł&quot;)" computerName="DESKTOP-5URQ9PB" duration="00:00:00.0000053" startTime="2022-06-13T21:15:00.1823213+02:00" endTime="2022-06-13T21:15:00.1823215+02:00" testType="13cdc9d9-ddb5-4fa4-a97d-d965ccfc6d4b" outcome="Passed" testListId="8c84fa94-04c1-424b-9868-57a2d4851a1d" relativeResultsDirectory="54f381d1-5e8b-42a0-854f-60bf4800bea7" />
    <UnitTestResult executionId="e1863a70-21da-44eb-b484-efbc9eeeada1" testId="eb81fa5f-83e5-54db-0bb8-c928bd6f40f1" testName="xUnitTestProject.CurrencyHelperTests.FormatToStringTest1000(price: 12221.10494323592, expected: &quot;12221.10 zł&quot;)" computerName="DESKTOP-5URQ9PB" duration="00:00:00.0000056" startTime="2022-06-13T21:15:00.1090488+02:00" endTime="2022-06-13T21:15:00.1090490+02:00" testType="13cdc9d9-ddb5-4fa4-a97d-d965ccfc6d4b" outcome="Passed" testListId="8c84fa94-04c1-424b-9868-57a2d4851a1d" relativeResultsDirectory="e1863a70-21da-44eb-b484-efbc9eeeada1" />
    <UnitTestResult executionId="563c284c-a270-40c3-a882-f5fc7c72192c" testId="caaa55d0-af40-7108-2d48-eb01bc500599" testName="xUnitTestProject.CurrencyHelperTests.FormatToStringTest1000(price: 4823.904478896365, expected: &quot;4823.90 zł&quot;)" computerName="DESKTOP-5URQ9PB" duration="00:00:00.0000038" startTime="2022-06-13T21:15:00.0975956+02:00" endTime="2022-06-13T21:15:00.0975958+02:00" testType="13cdc9d9-ddb5-4fa4-a97d-d965ccfc6d4b" outcome="Passed" testListId="8c84fa94-04c1-424b-9868-57a2d4851a1d" relativeResultsDirectory="563c284c-a270-40c3-a882-f5fc7c72192c" />
    <UnitTestResult executionId="9015b994-15c4-4948-878c-6acfe2f71eb9" testId="7c18917f-7141-7732-3a7b-36439ce0baa1" testName="xUnitTestProject.CurrencyHelperTests.FormatToStringTest1000(price: 6276.389386365838, expected: &quot;6276.39 zł&quot;)" computerName="DESKTOP-5URQ9PB" duration="00:00:00.0000041" startTime="2022-06-13T21:15:00.0793361+02:00" endTime="2022-06-13T21:15:00.0793363+02:00" testType="13cdc9d9-ddb5-4fa4-a97d-d965ccfc6d4b" outcome="Passed" testListId="8c84fa94-04c1-424b-9868-57a2d4851a1d" relativeResultsDirectory="9015b994-15c4-4948-878c-6acfe2f71eb9" />
    <UnitTestResult executionId="250133f0-d4af-4b7e-9996-b6e9e317c986" testId="4f50c537-4ed4-21bc-0ecd-39e74b29d0e7" testName="xUnitTestProject.CurrencyHelperTests.FormatToStringTest1000(price: 90187.4082624374, expected: &quot;90187.41 zł&quot;)" computerName="DESKTOP-5URQ9PB" duration="00:00:00.0000041" startTime="2022-06-13T21:15:00.0609219+02:00" endTime="2022-06-13T21:15:00.0609221+02:00" testType="13cdc9d9-ddb5-4fa4-a97d-d965ccfc6d4b" outcome="Passed" testListId="8c84fa94-04c1-424b-9868-57a2d4851a1d" relativeResultsDirectory="250133f0-d4af-4b7e-9996-b6e9e317c986" />
    <UnitTestResult executionId="e8c2c4cc-d6f6-4aab-89f5-19eb5e0fcd3e" testId="1847f09f-3a3a-e54a-437b-e06a692092b8" testName="xUnitTestProject.CurrencyHelperTests.FormatToStringTest1000(price: 4612.32080757633, expected: &quot;4612.32 zł&quot;)" computerName="DESKTOP-5URQ9PB" duration="00:00:00.0000041" startTime="2022-06-13T21:15:00.0951260+02:00" endTime="2022-06-13T21:15:00.0951264+02:00" testType="13cdc9d9-ddb5-4fa4-a97d-d965ccfc6d4b" outcome="Passed" testListId="8c84fa94-04c1-424b-9868-57a2d4851a1d" relativeResultsDirectory="e8c2c4cc-d6f6-4aab-89f5-19eb5e0fcd3e" />
    <UnitTestResult executionId="41394afa-61e4-4e7d-8191-88102c502b9b" testId="e8e3664d-13e4-e628-073d-8b88b9f9785c" testName="xUnitTestProject.CurrencyHelperTests.FormatToStringTest1000(price: 32262.93788198984, expected: &quot;32262.94 zł&quot;)" computerName="DESKTOP-5URQ9PB" duration="00:00:00.0000045" startTime="2022-06-13T21:15:00.1876790+02:00" endTime="2022-06-13T21:15:00.1876792+02:00" testType="13cdc9d9-ddb5-4fa4-a97d-d965ccfc6d4b" outcome="Passed" testListId="8c84fa94-04c1-424b-9868-57a2d4851a1d" relativeResultsDirectory="41394afa-61e4-4e7d-8191-88102c502b9b" />
    <UnitTestResult executionId="6a922bbd-a56e-40d2-b2f9-16c8731cde9c" testId="13946824-77dd-557e-ea95-b0f908b787b1" testName="xUnitTestProject.CurrencyHelperTests.FormatToStringTest1000(price: 25882.451101077, expected: &quot;25882.45 zł&quot;)" computerName="DESKTOP-5URQ9PB" duration="00:00:00.0000059" startTime="2022-06-13T21:15:00.0851833+02:00" endTime="2022-06-13T21:15:00.0851837+02:00" testType="13cdc9d9-ddb5-4fa4-a97d-d965ccfc6d4b" outcome="Passed" testListId="8c84fa94-04c1-424b-9868-57a2d4851a1d" relativeResultsDirectory="6a922bbd-a56e-40d2-b2f9-16c8731cde9c" />
    <UnitTestResult executionId="b376edab-3cba-4b19-99af-d622d7e8673a" testId="a23aab13-e7cd-0855-c1ee-3a27796bc390" testName="xUnitTestProject.CurrencyHelperTests.FormatToStringTest1000(price: 32821.05661472215, expected: &quot;32821.06 zł&quot;)" computerName="DESKTOP-5URQ9PB" duration="00:00:00.0000044" startTime="2022-06-13T21:15:00.1768339+02:00" endTime="2022-06-13T21:15:00.1768341+02:00" testType="13cdc9d9-ddb5-4fa4-a97d-d965ccfc6d4b" outcome="Passed" testListId="8c84fa94-04c1-424b-9868-57a2d4851a1d" relativeResultsDirectory="b376edab-3cba-4b19-99af-d622d7e8673a" />
    <UnitTestResult executionId="bc6f5bbd-833f-45ba-9d62-ad37b98947c6" testId="11ed9e7e-df07-2b0d-0eec-e5030427083f" testName="xUnitTestProject.CurrencyHelperTests.FormatToStringTest1000(price: 21996.80326662576, expected: &quot;21996.80 zł&quot;)" computerName="DESKTOP-5URQ9PB" duration="00:00:00.0000061" startTime="2022-06-13T21:15:00.1193107+02:00" endTime="2022-06-13T21:15:00.1193108+02:00" testType="13cdc9d9-ddb5-4fa4-a97d-d965ccfc6d4b" outcome="Passed" testListId="8c84fa94-04c1-424b-9868-57a2d4851a1d" relativeResultsDirectory="bc6f5bbd-833f-45ba-9d62-ad37b98947c6" />
    <UnitTestResult executionId="b1096b65-dcff-4647-8d03-1fbfd09cd062" testId="364fda16-bd4c-3aa8-1597-b73653a15603" testName="xUnitTestProject.CurrencyHelperTests.FormatToStringTest1000(price: 5398.2412667191775, expected: &quot;5398.24 zł&quot;)" computerName="DESKTOP-5URQ9PB" duration="00:00:00.0000073" startTime="2022-06-13T21:15:00.1032069+02:00" endTime="2022-06-13T21:15:00.1032071+02:00" testType="13cdc9d9-ddb5-4fa4-a97d-d965ccfc6d4b" outcome="Passed" testListId="8c84fa94-04c1-424b-9868-57a2d4851a1d" relativeResultsDirectory="b1096b65-dcff-4647-8d03-1fbfd09cd062" />
    <UnitTestResult executionId="634ebd9e-d8c7-4e89-bb66-f8aeb3b0873a" testId="ae81390e-96a7-cf30-3a99-7ea7ca8436a2" testName="xUnitTestProject.CurrencyHelperTests.FormatToStringTest1000(price: 16282.687804925576, expected: &quot;16282.69 zł&quot;)" computerName="DESKTOP-5URQ9PB" duration="00:00:00.0000058" startTime="2022-06-13T21:15:00.1226592+02:00" endTime="2022-06-13T21:15:00.1226594+02:00" testType="13cdc9d9-ddb5-4fa4-a97d-d965ccfc6d4b" outcome="Passed" testListId="8c84fa94-04c1-424b-9868-57a2d4851a1d" relativeResultsDirectory="634ebd9e-d8c7-4e89-bb66-f8aeb3b0873a" />
    <UnitTestResult executionId="03f5ca29-675f-4009-a8ac-25d876a7ae50" testId="83c96126-428f-5139-26c1-00806d946a42" testName="xUnitTestProject.CurrencyHelperTests.FormatToStringTest1000(price: 22533.17694295811, expected: &quot;22533.18 zł&quot;)" computerName="DESKTOP-5URQ9PB" duration="00:00:00.0000054" startTime="2022-06-13T21:15:00.1430172+02:00" endTime="2022-06-13T21:15:00.1430174+02:00" testType="13cdc9d9-ddb5-4fa4-a97d-d965ccfc6d4b" outcome="Passed" testListId="8c84fa94-04c1-424b-9868-57a2d4851a1d" relativeResultsDirectory="03f5ca29-675f-4009-a8ac-25d876a7ae50" />
    <UnitTestResult executionId="99084875-6dd6-40af-9154-8416f567ab7f" testId="5d6a5449-fc3a-dea9-163b-dec74b3dd1b9" testName="xUnitTestProject.CurrencyHelperTests.FormatToStringTest1000(price: 42767.96883676898, expected: &quot;42767.97 zł&quot;)" computerName="DESKTOP-5URQ9PB" duration="00:00:00.0000079" startTime="2022-06-13T21:15:00.1709594+02:00" endTime="2022-06-13T21:15:00.1709596+02:00" testType="13cdc9d9-ddb5-4fa4-a97d-d965ccfc6d4b" outcome="Passed" testListId="8c84fa94-04c1-424b-9868-57a2d4851a1d" relativeResultsDirectory="99084875-6dd6-40af-9154-8416f567ab7f" />
    <UnitTestResult executionId="12d477b0-68a5-4325-9f3f-b04487863462" testId="f7339f67-966a-9543-e542-56a7562f05ad" testName="xUnitTestProject.CurrencyHelperTests.FormatToStringTest1000(price: 32566.30279101259, expected: &quot;32566.30 zł&quot;)" computerName="DESKTOP-5URQ9PB" duration="00:00:00.0000073" startTime="2022-06-13T21:15:00.1539226+02:00" endTime="2022-06-13T21:15:00.1539228+02:00" testType="13cdc9d9-ddb5-4fa4-a97d-d965ccfc6d4b" outcome="Passed" testListId="8c84fa94-04c1-424b-9868-57a2d4851a1d" relativeResultsDirectory="12d477b0-68a5-4325-9f3f-b04487863462" />
    <UnitTestResult executionId="19339c83-080d-412f-917c-0055f25caaab" testId="5ae458e4-bb73-ceec-2cfb-1eb05d691961" testName="xUnitTestProject.CurrencyHelperTests.FormatToStringTest1000(price: 598.1279707877561, expected: &quot;598.13 zł&quot;)" computerName="DESKTOP-5URQ9PB" duration="00:00:00.0000040" startTime="2022-06-13T21:15:00.0610870+02:00" endTime="2022-06-13T21:15:00.0610874+02:00" testType="13cdc9d9-ddb5-4fa4-a97d-d965ccfc6d4b" outcome="Passed" testListId="8c84fa94-04c1-424b-9868-57a2d4851a1d" relativeResultsDirectory="19339c83-080d-412f-917c-0055f25caaab" />
    <UnitTestResult executionId="813135e8-9194-4835-a9b9-81d916b919d9" testId="8b9bc8ba-9742-8b44-9f33-0b46de660b7e" testName="xUnitTestProject.CurrencyHelperTests.FormatToStringTest1000(price: 21602.417596116393, expected: &quot;21602.42 zł&quot;)" computerName="DESKTOP-5URQ9PB" duration="00:00:00.0000041" startTime="2022-06-13T21:15:00.1887910+02:00" endTime="2022-06-13T21:15:00.1887911+02:00" testType="13cdc9d9-ddb5-4fa4-a97d-d965ccfc6d4b" outcome="Passed" testListId="8c84fa94-04c1-424b-9868-57a2d4851a1d" relativeResultsDirectory="813135e8-9194-4835-a9b9-81d916b919d9" />
    <UnitTestResult executionId="71492022-b50b-4865-bf65-d6fcda5c5fdd" testId="62b1fe99-5a28-bc9f-0494-f16f9326c1bc" testName="xUnitTestProject.CurrencyHelperTests.FormatToStringTest1000(price: 12308.022158465357, expected: &quot;12308.02 zł&quot;)" computerName="DESKTOP-5URQ9PB" duration="00:00:00.0000068" startTime="2022-06-13T21:15:00.1123785+02:00" endTime="2022-06-13T21:15:00.1123787+02:00" testType="13cdc9d9-ddb5-4fa4-a97d-d965ccfc6d4b" outcome="Passed" testListId="8c84fa94-04c1-424b-9868-57a2d4851a1d" relativeResultsDirectory="71492022-b50b-4865-bf65-d6fcda5c5fdd" />
    <UnitTestResult executionId="5a6c663e-a2e7-4294-84b6-5db6a084fb34" testId="688da5e9-d12f-3e2c-c7dd-72c1a87d6a78" testName="xUnitTestProject.CurrencyHelperTests.FormatToStringTest1000(price: 11904.111251175456, expected: &quot;11904.11 zł&quot;)" computerName="DESKTOP-5URQ9PB" duration="00:00:00.0000055" startTime="2022-06-13T21:15:00.1584049+02:00" endTime="2022-06-13T21:15:00.1584051+02:00" testType="13cdc9d9-ddb5-4fa4-a97d-d965ccfc6d4b" outcome="Passed" testListId="8c84fa94-04c1-424b-9868-57a2d4851a1d" relativeResultsDirectory="5a6c663e-a2e7-4294-84b6-5db6a084fb34" />
    <UnitTestResult executionId="9a1dc9ea-3a27-4a27-8ae4-e1a75eba6c05" testId="8ff84779-95f5-a8f9-809e-e568d86ada77" testName="xUnitTestProject.CurrencyHelperTests.FormatToStringTest1000(price: 26686.08488193065, expected: &quot;26686.08 zł&quot;)" computerName="DESKTOP-5URQ9PB" duration="00:00:00.0000075" startTime="2022-06-13T21:15:00.1572928+02:00" endTime="2022-06-13T21:15:00.1572930+02:00" testType="13cdc9d9-ddb5-4fa4-a97d-d965ccfc6d4b" outcome="Passed" testListId="8c84fa94-04c1-424b-9868-57a2d4851a1d" relativeResultsDirectory="9a1dc9ea-3a27-4a27-8ae4-e1a75eba6c05" />
    <UnitTestResult executionId="44d1ae4d-31b4-4a17-8ba3-b14914174443" testId="df98a0bb-288a-f0a3-8af8-186ed72a3b48" testName="xUnitTestProject.CurrencyHelperTests.FormatToStringTest1000(price: 10397.404523554447, expected: &quot;10397.40 zł&quot;)" computerName="DESKTOP-5URQ9PB" duration="00:00:00.0000056" startTime="2022-06-13T21:15:00.1247141+02:00" endTime="2022-06-13T21:15:00.1247143+02:00" testType="13cdc9d9-ddb5-4fa4-a97d-d965ccfc6d4b" outcome="Passed" testListId="8c84fa94-04c1-424b-9868-57a2d4851a1d" relativeResultsDirectory="44d1ae4d-31b4-4a17-8ba3-b14914174443" />
    <UnitTestResult executionId="a94184c2-3d85-4c45-9c4c-570fc5796d46" testId="e18b4dbd-2ff6-3acf-dfb2-f12cbfa820d0" testName="xUnitTestProject.CurrencyHelperTests.FormatToStringTest1000(price: 77904.0088552246, expected: &quot;77904.01 zł&quot;)" computerName="DESKTOP-5URQ9PB" duration="00:00:00.0000050" startTime="2022-06-13T21:15:00.1029343+02:00" endTime="2022-06-13T21:15:00.1029345+02:00" testType="13cdc9d9-ddb5-4fa4-a97d-d965ccfc6d4b" outcome="Passed" testListId="8c84fa94-04c1-424b-9868-57a2d4851a1d" relativeResultsDirectory="a94184c2-3d85-4c45-9c4c-570fc5796d46" />
    <UnitTestResult executionId="6d259224-5e7d-41cf-b85f-343875e169df" testId="46d3bb4f-6f59-f6c2-b532-ed497dfae82c" testName="xUnitTestProject.CurrencyHelperTests.FormatToStringTest1000(price: 18208.8422650126, expected: &quot;18208.84 zł&quot;)" computerName="DESKTOP-5URQ9PB" duration="00:00:00.0000044" startTime="2022-06-13T21:15:00.0467900+02:00" endTime="2022-06-13T21:15:00.0467902+02:00" testType="13cdc9d9-ddb5-4fa4-a97d-d965ccfc6d4b" outcome="Passed" testListId="8c84fa94-04c1-424b-9868-57a2d4851a1d" relativeResultsDirectory="6d259224-5e7d-41cf-b85f-343875e169df" />
    <UnitTestResult executionId="2ec6e10b-d189-47ef-910f-790c088a4ad1" testId="b28ab50d-11be-d323-527c-bc8feda9af8a" testName="xUnitTestProject.CurrencyHelperTests.FormatToStringTest1000(price: 4555.538255205163, expected: &quot;4555.54 zł&quot;)" computerName="DESKTOP-5URQ9PB" duration="00:00:00.0000054" startTime="2022-06-13T21:15:00.1325967+02:00" endTime="2022-06-13T21:15:00.1325968+02:00" testType="13cdc9d9-ddb5-4fa4-a97d-d965ccfc6d4b" outcome="Passed" testListId="8c84fa94-04c1-424b-9868-57a2d4851a1d" relativeResultsDirectory="2ec6e10b-d189-47ef-910f-790c088a4ad1" />
    <UnitTestResult executionId="d47f18e6-3336-4815-b4d6-e712115d717e" testId="be4ac306-3050-79c7-e4db-2e676fbdab1b" testName="xUnitTestProject.CurrencyHelperTests.FormatToStringTest1000(price: 2951.2722077329045, expected: &quot;2951.27 zł&quot;)" computerName="DESKTOP-5URQ9PB" duration="00:00:00.0000052" startTime="2022-06-13T21:15:00.0608792+02:00" endTime="2022-06-13T21:15:00.0608797+02:00" testType="13cdc9d9-ddb5-4fa4-a97d-d965ccfc6d4b" outcome="Passed" testListId="8c84fa94-04c1-424b-9868-57a2d4851a1d" relativeResultsDirectory="d47f18e6-3336-4815-b4d6-e712115d717e" />
    <UnitTestResult executionId="e309b7d6-d533-4ef1-9236-c7c90f11be50" testId="d4b7a26e-ed5a-1e37-a00a-e21284ce265b" testName="xUnitTestProject.CurrencyHelperTests.FormatToStringTest1000(price: 14035.12972514477, expected: &quot;14035.13 zł&quot;)" computerName="DESKTOP-5URQ9PB" duration="00:00:00.0000067" startTime="2022-06-13T21:15:00.1440940+02:00" endTime="2022-06-13T21:15:00.1440943+02:00" testType="13cdc9d9-ddb5-4fa4-a97d-d965ccfc6d4b" outcome="Passed" testListId="8c84fa94-04c1-424b-9868-57a2d4851a1d" relativeResultsDirectory="e309b7d6-d533-4ef1-9236-c7c90f11be50" />
    <UnitTestResult executionId="dcf7d391-37f6-4baf-94a5-7cec7a3e01ce" testId="9a2bcce2-54c7-2ac9-248c-c072785d5cf2" testName="xUnitTestProject.CurrencyHelperTests.FormatToStringTest1000(price: 9774.341362926803, expected: &quot;9774.34 zł&quot;)" computerName="DESKTOP-5URQ9PB" duration="00:00:00.0000071" startTime="2022-06-13T21:15:00.1192365+02:00" endTime="2022-06-13T21:15:00.1192366+02:00" testType="13cdc9d9-ddb5-4fa4-a97d-d965ccfc6d4b" outcome="Passed" testListId="8c84fa94-04c1-424b-9868-57a2d4851a1d" relativeResultsDirectory="dcf7d391-37f6-4baf-94a5-7cec7a3e01ce" />
    <UnitTestResult executionId="b7555bd3-61a4-4b68-8ff4-9b3c75890ecb" testId="1aafdcdc-e39a-0bd1-4429-1c1f26634e52" testName="xUnitTestProject.CurrencyHelperTests.FormatToStringTest1000(price: 72802.68569213277, expected: &quot;72802.69 zł&quot;)" computerName="DESKTOP-5URQ9PB" duration="00:00:00.0000067" startTime="2022-06-13T21:15:00.1335113+02:00" endTime="2022-06-13T21:15:00.1335114+02:00" testType="13cdc9d9-ddb5-4fa4-a97d-d965ccfc6d4b" outcome="Passed" testListId="8c84fa94-04c1-424b-9868-57a2d4851a1d" relativeResultsDirectory="b7555bd3-61a4-4b68-8ff4-9b3c75890ecb" />
    <UnitTestResult executionId="62d65232-89d2-4082-96c0-450d7fa8fddc" testId="b8055217-5a74-6a87-a561-a760192c2a20" testName="xUnitTestProject.CurrencyHelperTests.FormatToStringTest1000(price: 37954.34384365396, expected: &quot;37954.34 zł&quot;)" computerName="DESKTOP-5URQ9PB" duration="00:00:00.0000052" startTime="2022-06-13T21:15:00.0818662+02:00" endTime="2022-06-13T21:15:00.0818665+02:00" testType="13cdc9d9-ddb5-4fa4-a97d-d965ccfc6d4b" outcome="Passed" testListId="8c84fa94-04c1-424b-9868-57a2d4851a1d" relativeResultsDirectory="62d65232-89d2-4082-96c0-450d7fa8fddc" />
    <UnitTestResult executionId="8513e845-94f2-41c1-99a7-f17f1c02cde6" testId="4b152625-d247-2206-1bc2-f59ef3dda4ef" testName="xUnitTestProject.CurrencyHelperTests.FormatToStringTest1000(price: 26174.290999793586, expected: &quot;26174.29 zł&quot;)" computerName="DESKTOP-5URQ9PB" duration="00:00:00.0000058" startTime="2022-06-13T21:15:00.1429799+02:00" endTime="2022-06-13T21:15:00.1429801+02:00" testType="13cdc9d9-ddb5-4fa4-a97d-d965ccfc6d4b" outcome="Passed" testListId="8c84fa94-04c1-424b-9868-57a2d4851a1d" relativeResultsDirectory="8513e845-94f2-41c1-99a7-f17f1c02cde6" />
    <UnitTestResult executionId="aeb26093-7b3d-4b89-971d-d2c29ad8b577" testId="04127ca2-1b44-60f0-2ddc-d2453cd48c79" testName="xUnitTestProject.CurrencyHelperTests.FormatToStringTest1000(price: 25440.18371476614, expected: &quot;25440.18 zł&quot;)" computerName="DESKTOP-5URQ9PB" duration="00:00:00.0000071" startTime="2022-06-13T21:15:00.0998051+02:00" endTime="2022-06-13T21:15:00.0998052+02:00" testType="13cdc9d9-ddb5-4fa4-a97d-d965ccfc6d4b" outcome="Passed" testListId="8c84fa94-04c1-424b-9868-57a2d4851a1d" relativeResultsDirectory="aeb26093-7b3d-4b89-971d-d2c29ad8b577" />
    <UnitTestResult executionId="bbe8edae-4eff-4c2c-b330-108fd5457836" testId="17e8adfe-3d5e-8417-3ca9-9ea065f0229b" testName="xUnitTestProject.CurrencyHelperTests.FormatToStringTest1000(price: 49672.98901987402, expected: &quot;49672.99 zł&quot;)" computerName="DESKTOP-5URQ9PB" duration="00:00:00.0000073" startTime="2022-06-13T21:15:00.1247885+02:00" endTime="2022-06-13T21:15:00.1247887+02:00" testType="13cdc9d9-ddb5-4fa4-a97d-d965ccfc6d4b" outcome="Passed" testListId="8c84fa94-04c1-424b-9868-57a2d4851a1d" relativeResultsDirectory="bbe8edae-4eff-4c2c-b330-108fd5457836" />
    <UnitTestResult executionId="c0e819bc-9f23-4928-b7ae-c62b2471c5e8" testId="b4f18443-22cf-826b-3478-6d5f920e371c" testName="xUnitTestProject.CurrencyHelperTests.FormatToStringTest1000(price: 72659.37876478041, expected: &quot;72659.38 zł&quot;)" computerName="DESKTOP-5URQ9PB" duration="00:00:00.0000045" startTime="2022-06-13T21:15:00.1908137+02:00" endTime="2022-06-13T21:15:00.1908138+02:00" testType="13cdc9d9-ddb5-4fa4-a97d-d965ccfc6d4b" outcome="Passed" testListId="8c84fa94-04c1-424b-9868-57a2d4851a1d" relativeResultsDirectory="c0e819bc-9f23-4928-b7ae-c62b2471c5e8" />
    <UnitTestResult executionId="edae980f-51a1-49c0-95c2-2e23a03c5b0b" testId="3a671f08-52e1-32fe-f25e-6e157db962d2" testName="xUnitTestProject.CurrencyHelperTests.FormatToStringTest1000(price: 4812.162927013898, expected: &quot;4812.16 zł&quot;)" computerName="DESKTOP-5URQ9PB" duration="00:00:00.0000073" startTime="2022-06-13T21:15:00.1203432+02:00" endTime="2022-06-13T21:15:00.1203434+02:00" testType="13cdc9d9-ddb5-4fa4-a97d-d965ccfc6d4b" outcome="Passed" testListId="8c84fa94-04c1-424b-9868-57a2d4851a1d" relativeResultsDirectory="edae980f-51a1-49c0-95c2-2e23a03c5b0b" />
    <UnitTestResult executionId="441fd422-da4a-4784-bd19-b60afab0483a" testId="ba870e88-e985-a063-3050-00fcfcbc95b8" testName="xUnitTestProject.CurrencyHelperTests.FormatToStringTest1000(price: 17798.633951516185, expected: &quot;17798.63 zł&quot;)" computerName="DESKTOP-5URQ9PB" duration="00:00:00.0000060" startTime="2022-06-13T21:15:00.0831581+02:00" endTime="2022-06-13T21:15:00.0831584+02:00" testType="13cdc9d9-ddb5-4fa4-a97d-d965ccfc6d4b" outcome="Passed" testListId="8c84fa94-04c1-424b-9868-57a2d4851a1d" relativeResultsDirectory="441fd422-da4a-4784-bd19-b60afab0483a" />
    <UnitTestResult executionId="1e11b637-05e8-4c2a-be81-3b99f4f07998" testId="15a5c8eb-0c90-a7e4-0dc8-5ce2be1587d5" testName="xUnitTestProject.CurrencyHelperTests.FormatToStringTest1000(price: 74851.91547305691, expected: &quot;74851.92 zł&quot;)" computerName="DESKTOP-5URQ9PB" duration="00:00:00.0000041" startTime="2022-06-13T21:15:00.0637504+02:00" endTime="2022-06-13T21:15:00.0637506+02:00" testType="13cdc9d9-ddb5-4fa4-a97d-d965ccfc6d4b" outcome="Passed" testListId="8c84fa94-04c1-424b-9868-57a2d4851a1d" relativeResultsDirectory="1e11b637-05e8-4c2a-be81-3b99f4f07998" />
    <UnitTestResult executionId="d6bb8b28-2262-4e84-8138-8f578bd79c37" testId="8cdd5bbc-dcfa-1d65-90a0-7f353e299d1e" testName="xUnitTestProject.CurrencyHelperTests.FormatToStringTest1000(price: 272.5621069118204, expected: &quot;272.56 zł&quot;)" computerName="DESKTOP-5URQ9PB" duration="00:00:00.0000040" startTime="2022-06-13T21:15:00.0953542+02:00" endTime="2022-06-13T21:15:00.0953543+02:00" testType="13cdc9d9-ddb5-4fa4-a97d-d965ccfc6d4b" outcome="Passed" testListId="8c84fa94-04c1-424b-9868-57a2d4851a1d" relativeResultsDirectory="d6bb8b28-2262-4e84-8138-8f578bd79c37" />
    <UnitTestResult executionId="191bac2c-edea-43f5-a733-ede755885916" testId="a16b516f-2dd7-f0de-4b9f-39b505e3fb31" testName="xUnitTestProject.CurrencyHelperTests.FormatToStringTest1000(price: 4025.728369236797, expected: &quot;4025.73 zł&quot;)" computerName="DESKTOP-5URQ9PB" duration="00:00:00.0000053" startTime="2022-06-13T21:15:00.1845735+02:00" endTime="2022-06-13T21:15:00.1845737+02:00" testType="13cdc9d9-ddb5-4fa4-a97d-d965ccfc6d4b" outcome="Passed" testListId="8c84fa94-04c1-424b-9868-57a2d4851a1d" relativeResultsDirectory="191bac2c-edea-43f5-a733-ede755885916" />
    <UnitTestResult executionId="59c878fa-466b-4819-ac79-6441f21d2522" testId="da9e50fc-db80-afa7-5f4f-4cb6b2da8231" testName="xUnitTestProject.CurrencyHelperTests.FormatToStringTest1000(price: 28972.23604401212, expected: &quot;28972.24 zł&quot;)" computerName="DESKTOP-5URQ9PB" duration="00:00:00.0000041" startTime="2022-06-13T21:15:00.0896517+02:00" endTime="2022-06-13T21:15:00.0896518+02:00" testType="13cdc9d9-ddb5-4fa4-a97d-d965ccfc6d4b" outcome="Passed" testListId="8c84fa94-04c1-424b-9868-57a2d4851a1d" relativeResultsDirectory="59c878fa-466b-4819-ac79-6441f21d2522" />
    <UnitTestResult executionId="020cb8a4-d29d-4d1d-a055-14876d1affe6" testId="990c6bd9-75e3-e712-66e8-1d0bc8aed91c" testName="xUnitTestProject.CurrencyHelperTests.FormatToStringTest1000(price: 19882.647973500494, expected: &quot;19882.65 zł&quot;)" computerName="DESKTOP-5URQ9PB" duration="00:00:00.0000073" startTime="2022-06-13T21:15:00.1571390+02:00" endTime="2022-06-13T21:15:00.1571393+02:00" testType="13cdc9d9-ddb5-4fa4-a97d-d965ccfc6d4b" outcome="Passed" testListId="8c84fa94-04c1-424b-9868-57a2d4851a1d" relativeResultsDirectory="020cb8a4-d29d-4d1d-a055-14876d1affe6" />
    <UnitTestResult executionId="8af11c55-e617-413c-91c3-ebb1c4632f38" testId="9bb60857-0889-c636-aa09-df7f3ffa4f70" testName="xUnitTestProject.CurrencyHelperTests.FormatToStringTest1000(price: 16986.338876065027, expected: &quot;16986.34 zł&quot;)" computerName="DESKTOP-5URQ9PB" duration="00:00:00.0000061" startTime="2022-06-13T21:15:00.1089681+02:00" endTime="2022-06-13T21:15:00.1089683+02:00" testType="13cdc9d9-ddb5-4fa4-a97d-d965ccfc6d4b" outcome="Passed" testListId="8c84fa94-04c1-424b-9868-57a2d4851a1d" relativeResultsDirectory="8af11c55-e617-413c-91c3-ebb1c4632f38" />
    <UnitTestResult executionId="86518f8d-6e1d-4670-a7f7-d0d91544796e" testId="984ccf4b-e758-da57-870c-fdaae5c09395" testName="xUnitTestProject.CurrencyHelperTests.FormatToStringTest1000(price: 11584.045280779732, expected: &quot;11584.05 zł&quot;)" computerName="DESKTOP-5URQ9PB" duration="00:00:00.0000043" startTime="2022-06-13T21:15:00.0791518+02:00" endTime="2022-06-13T21:15:00.0791521+02:00" testType="13cdc9d9-ddb5-4fa4-a97d-d965ccfc6d4b" outcome="Passed" testListId="8c84fa94-04c1-424b-9868-57a2d4851a1d" relativeResultsDirectory="86518f8d-6e1d-4670-a7f7-d0d91544796e" />
    <UnitTestResult executionId="717e3993-c962-4231-b0e9-35f386d6bb82" testId="3c1ea8ba-f2b4-a355-28eb-de4dee6b9be9" testName="xUnitTestProject.CurrencyHelperTests.FormatToStringTest1000(price: 972.1468308629221, expected: &quot;972.15 zł&quot;)" computerName="DESKTOP-5URQ9PB" duration="00:00:00.0000044" startTime="2022-06-13T21:15:00.1723523+02:00" endTime="2022-06-13T21:15:00.1723525+02:00" testType="13cdc9d9-ddb5-4fa4-a97d-d965ccfc6d4b" outcome="Passed" testListId="8c84fa94-04c1-424b-9868-57a2d4851a1d" relativeResultsDirectory="717e3993-c962-4231-b0e9-35f386d6bb82" />
    <UnitTestResult executionId="57734ef4-f7bc-4696-b640-0d732dd45e09" testId="f406acd8-9b69-9411-bf61-2d74f259f69e" testName="xUnitTestProject.CurrencyHelperTests.FormatToStringTest1000(price: 11430.666613002619, expected: &quot;11430.67 zł&quot;)" computerName="DESKTOP-5URQ9PB" duration="00:00:00.0000050" startTime="2022-06-13T21:15:00.0908308+02:00" endTime="2022-06-13T21:15:00.0908310+02:00" testType="13cdc9d9-ddb5-4fa4-a97d-d965ccfc6d4b" outcome="Passed" testListId="8c84fa94-04c1-424b-9868-57a2d4851a1d" relativeResultsDirectory="57734ef4-f7bc-4696-b640-0d732dd45e09" />
    <UnitTestResult executionId="421fd2c4-1b10-44e6-976e-c43b1fbcd207" testId="b6d907a4-489e-cb15-8555-a5c35fcc0ce1" testName="xUnitTestProject.CurrencyHelperTests.FormatToStringTest1000(price: 32732.81915128502, expected: &quot;32732.82 zł&quot;)" computerName="DESKTOP-5URQ9PB" duration="00:00:00.0000068" startTime="2022-06-13T21:15:00.1698835+02:00" endTime="2022-06-13T21:15:00.1698837+02:00" testType="13cdc9d9-ddb5-4fa4-a97d-d965ccfc6d4b" outcome="Passed" testListId="8c84fa94-04c1-424b-9868-57a2d4851a1d" relativeResultsDirectory="421fd2c4-1b10-44e6-976e-c43b1fbcd207" />
    <UnitTestResult executionId="20a82175-abd2-43e9-a950-95b4b0ecb08e" testId="331cc2f7-a1fa-edcf-e9a4-854a4876fe8a" testName="xUnitTestProject.CurrencyHelperTests.FormatToStringTest1000(price: 79764.77845563217, expected: &quot;79764.78 zł&quot;)" computerName="DESKTOP-5URQ9PB" duration="00:00:00.0000067" startTime="2022-06-13T21:15:00.0729337+02:00" endTime="2022-06-13T21:15:00.0729339+02:00" testType="13cdc9d9-ddb5-4fa4-a97d-d965ccfc6d4b" outcome="Passed" testListId="8c84fa94-04c1-424b-9868-57a2d4851a1d" relativeResultsDirectory="20a82175-abd2-43e9-a950-95b4b0ecb08e" />
    <UnitTestResult executionId="42a0516c-9585-4b10-83b9-18bafd91d8a6" testId="c85737d8-c8f4-a23c-9c62-4ed60400843c" testName="xUnitTestProject.CurrencyHelperTests.FormatToStringTest1000(price: 28192.949128067565, expected: &quot;28192.95 zł&quot;)" computerName="DESKTOP-5URQ9PB" duration="00:00:00.0000065" startTime="2022-06-13T21:15:00.0952427+02:00" endTime="2022-06-13T21:15:00.0952429+02:00" testType="13cdc9d9-ddb5-4fa4-a97d-d965ccfc6d4b" outcome="Passed" testListId="8c84fa94-04c1-424b-9868-57a2d4851a1d" relativeResultsDirectory="42a0516c-9585-4b10-83b9-18bafd91d8a6" />
    <UnitTestResult executionId="4019842a-105b-41c0-bb06-3459173a1491" testId="41fb6436-3dfd-f2cc-b2c2-3eb1f8450637" testName="xUnitTestProject.CurrencyHelperTests.FormatToStringTest1000(price: 181.3640542483721, expected: &quot;181.36 zł&quot;)" computerName="DESKTOP-5URQ9PB" duration="00:00:00.0000072" startTime="2022-06-13T21:15:00.1689194+02:00" endTime="2022-06-13T21:15:00.1689196+02:00" testType="13cdc9d9-ddb5-4fa4-a97d-d965ccfc6d4b" outcome="Passed" testListId="8c84fa94-04c1-424b-9868-57a2d4851a1d" relativeResultsDirectory="4019842a-105b-41c0-bb06-3459173a1491" />
    <UnitTestResult executionId="01e26d92-4668-4c76-8d82-bf3f0f84b021" testId="aae9a2f6-c5ae-d742-7ea5-60de6dc3d9cf" testName="xUnitTestProject.CurrencyHelperTests.FormatToStringTest1000(price: 34096.337879508894, expected: &quot;34096.34 zł&quot;)" computerName="DESKTOP-5URQ9PB" duration="00:00:00.0000067" startTime="2022-06-13T21:15:00.1677612+02:00" endTime="2022-06-13T21:15:00.1677614+02:00" testType="13cdc9d9-ddb5-4fa4-a97d-d965ccfc6d4b" outcome="Passed" testListId="8c84fa94-04c1-424b-9868-57a2d4851a1d" relativeResultsDirectory="01e26d92-4668-4c76-8d82-bf3f0f84b021" />
    <UnitTestResult executionId="ea1f5f55-66cb-4861-ae77-9f20b9a7a39f" testId="9f966096-1641-bf42-1320-e9f57c98ec2f" testName="xUnitTestProject.CurrencyHelperTests.FormatToStringTest1000(price: 67338.80028760935, expected: &quot;67338.80 zł&quot;)" computerName="DESKTOP-5URQ9PB" duration="00:00:00.0000061" startTime="2022-06-13T21:15:00.0907936+02:00" endTime="2022-06-13T21:15:00.0907937+02:00" testType="13cdc9d9-ddb5-4fa4-a97d-d965ccfc6d4b" outcome="Passed" testListId="8c84fa94-04c1-424b-9868-57a2d4851a1d" relativeResultsDirectory="ea1f5f55-66cb-4861-ae77-9f20b9a7a39f" />
    <UnitTestResult executionId="02b2e150-d37d-433b-960a-b17ec8d51af5" testId="8e957c61-833e-a0b8-17c9-5e56071d3f70" testName="xUnitTestProject.CurrencyHelperTests.FormatToStringTest1000(price: 21961.272673999552, expected: &quot;21961.27 zł&quot;)" computerName="DESKTOP-5URQ9PB" duration="00:00:00.0000041" startTime="2022-06-13T21:15:00.0909420+02:00" endTime="2022-06-13T21:15:00.0909421+02:00" testType="13cdc9d9-ddb5-4fa4-a97d-d965ccfc6d4b" outcome="Passed" testListId="8c84fa94-04c1-424b-9868-57a2d4851a1d" relativeResultsDirectory="02b2e150-d37d-433b-960a-b17ec8d51af5" />
    <UnitTestResult executionId="64e1779c-aff0-4fa8-8a56-6580df08463c" testId="c0f25143-2b07-04f3-95cc-c9746948afb7" testName="xUnitTestProject.CurrencyHelperTests.FormatToStringTest1000(price: 4554.73912809777, expected: &quot;4554.74 zł&quot;)" computerName="DESKTOP-5URQ9PB" duration="00:00:00.0000060" startTime="2022-06-13T21:15:00.1314924+02:00" endTime="2022-06-13T21:15:00.1314926+02:00" testType="13cdc9d9-ddb5-4fa4-a97d-d965ccfc6d4b" outcome="Passed" testListId="8c84fa94-04c1-424b-9868-57a2d4851a1d" relativeResultsDirectory="64e1779c-aff0-4fa8-8a56-6580df08463c" />
    <UnitTestResult executionId="ee826a79-8c7a-4dd7-9a4f-d2af8906e982" testId="2ebec913-cd49-9310-605b-052ec9777212" testName="xUnitTestProject.CurrencyHelperTests.FormatToStringTest1000(price: 97129.75160633575, expected: &quot;97129.75 zł&quot;)" computerName="DESKTOP-5URQ9PB" duration="00:00:00.0000080" startTime="2022-06-13T21:15:00.1720925+02:00" endTime="2022-06-13T21:15:00.1720927+02:00" testType="13cdc9d9-ddb5-4fa4-a97d-d965ccfc6d4b" outcome="Passed" testListId="8c84fa94-04c1-424b-9868-57a2d4851a1d" relativeResultsDirectory="ee826a79-8c7a-4dd7-9a4f-d2af8906e982" />
    <UnitTestResult executionId="7d843493-0937-4d0c-9eb0-9896186d41f1" testId="c7c013ea-be14-a4b5-1c6f-2b6dde46abbc" testName="xUnitTestProject.CurrencyHelperTests.FormatToStringTest1000(price: 6102.4120417453405, expected: &quot;6102.41 zł&quot;)" computerName="DESKTOP-5URQ9PB" duration="00:00:00.0000069" startTime="2022-06-13T21:15:00.1137709+02:00" endTime="2022-06-13T21:15:00.1137711+02:00" testType="13cdc9d9-ddb5-4fa4-a97d-d965ccfc6d4b" outcome="Passed" testListId="8c84fa94-04c1-424b-9868-57a2d4851a1d" relativeResultsDirectory="7d843493-0937-4d0c-9eb0-9896186d41f1" />
    <UnitTestResult executionId="9d3b569c-bea9-477f-8023-3418cf7ed51f" testId="eb1e2ccd-822e-57b0-f5e5-7fc8ed277803" testName="xUnitTestProject.CurrencyHelperTests.FormatToStringTest1000(price: 11624.834848273003, expected: &quot;11624.83 zł&quot;)" computerName="DESKTOP-5URQ9PB" duration="00:00:00.0000079" startTime="2022-06-13T21:15:00.1700759+02:00" endTime="2022-06-13T21:15:00.1700761+02:00" testType="13cdc9d9-ddb5-4fa4-a97d-d965ccfc6d4b" outcome="Passed" testListId="8c84fa94-04c1-424b-9868-57a2d4851a1d" relativeResultsDirectory="9d3b569c-bea9-477f-8023-3418cf7ed51f" />
    <UnitTestResult executionId="e056f04c-73a6-490d-84f8-042306fab9f3" testId="1cdc361a-ffee-1052-df8d-ab7786ba69bf" testName="xUnitTestProject.CurrencyHelperTests.FormatToStringTest1000(price: 55782.67998761762, expected: &quot;55782.68 zł&quot;)" computerName="DESKTOP-5URQ9PB" duration="00:00:00.0000044" startTime="2022-06-13T21:15:00.1766466+02:00" endTime="2022-06-13T21:15:00.1766468+02:00" testType="13cdc9d9-ddb5-4fa4-a97d-d965ccfc6d4b" outcome="Passed" testListId="8c84fa94-04c1-424b-9868-57a2d4851a1d" relativeResultsDirectory="e056f04c-73a6-490d-84f8-042306fab9f3" />
    <UnitTestResult executionId="1d95aa26-cebb-4643-9c45-f21f90af8781" testId="4b28c4f2-243a-8c78-12a1-344fb80c29cf" testName="xUnitTestProject.CurrencyHelperTests.FormatToStringTest1000(price: 30126.012320622805, expected: &quot;30126.01 zł&quot;)" computerName="DESKTOP-5URQ9PB" duration="00:00:00.0000086" startTime="2022-06-13T21:15:00.1017872+02:00" endTime="2022-06-13T21:15:00.1017876+02:00" testType="13cdc9d9-ddb5-4fa4-a97d-d965ccfc6d4b" outcome="Passed" testListId="8c84fa94-04c1-424b-9868-57a2d4851a1d" relativeResultsDirectory="1d95aa26-cebb-4643-9c45-f21f90af8781" />
    <UnitTestResult executionId="4e2e0a50-1384-4f3d-9f7d-6c48d032fd6f" testId="787cef43-2dc9-190c-2e64-d5af6533289b" testName="xUnitTestProject.CurrencyHelperTests.FormatToStringTest1000(price: 32908.76696502639, expected: &quot;32908.77 zł&quot;)" computerName="DESKTOP-5URQ9PB" duration="00:00:00.0000041" startTime="2022-06-13T21:15:00.0953170+02:00" endTime="2022-06-13T21:15:00.0953171+02:00" testType="13cdc9d9-ddb5-4fa4-a97d-d965ccfc6d4b" outcome="Passed" testListId="8c84fa94-04c1-424b-9868-57a2d4851a1d" relativeResultsDirectory="4e2e0a50-1384-4f3d-9f7d-6c48d032fd6f" />
    <UnitTestResult executionId="4ad98721-3831-4787-8499-823f371fb163" testId="a90d1942-15f1-e50c-e63d-254e34e99bf5" testName="xUnitTestProject.CurrencyHelperTests.FormatToStringTest1000(price: 2292.8331871111104, expected: &quot;2292.83 zł&quot;)" computerName="DESKTOP-5URQ9PB" duration="00:00:00.0000074" startTime="2022-06-13T21:15:00.1147517+02:00" endTime="2022-06-13T21:15:00.1147519+02:00" testType="13cdc9d9-ddb5-4fa4-a97d-d965ccfc6d4b" outcome="Passed" testListId="8c84fa94-04c1-424b-9868-57a2d4851a1d" relativeResultsDirectory="4ad98721-3831-4787-8499-823f371fb163" />
    <UnitTestResult executionId="d18733cd-a199-473b-a3ae-dda5377c6166" testId="8e844c73-d78c-9c16-d82a-bbf068ddf1ce" testName="xUnitTestProject.CurrencyHelperTests.FormatToStringTest1000(price: 45887.58415794167, expected: &quot;45887.58 zł&quot;)" computerName="DESKTOP-5URQ9PB" duration="00:00:00.0000041" startTime="2022-06-13T21:15:00.1821704+02:00" endTime="2022-06-13T21:15:00.1821706+02:00" testType="13cdc9d9-ddb5-4fa4-a97d-d965ccfc6d4b" outcome="Passed" testListId="8c84fa94-04c1-424b-9868-57a2d4851a1d" relativeResultsDirectory="d18733cd-a199-473b-a3ae-dda5377c6166" />
    <UnitTestResult executionId="6e2af32d-60ed-485a-bb39-1ad301b32368" testId="ef2c65b8-081e-e356-813a-949f0831c7f0" testName="xUnitTestProject.CurrencyHelperTests.FormatToStringTest1000(price: 13568.230982493717, expected: &quot;13568.23 zł&quot;)" computerName="DESKTOP-5URQ9PB" duration="00:00:00.0000058" startTime="2022-06-13T21:15:00.1626839+02:00" endTime="2022-06-13T21:15:00.1626842+02:00" testType="13cdc9d9-ddb5-4fa4-a97d-d965ccfc6d4b" outcome="Passed" testListId="8c84fa94-04c1-424b-9868-57a2d4851a1d" relativeResultsDirectory="6e2af32d-60ed-485a-bb39-1ad301b32368" />
    <UnitTestResult executionId="f6b58a57-fffa-4ede-a295-c59c077c3c67" testId="4753ba69-a929-b55c-7853-51519ca51301" testName="xUnitTestProject.CurrencyHelperTests.FormatToStringTest1000(price: 26215.613055301183, expected: &quot;26215.61 zł&quot;)" computerName="DESKTOP-5URQ9PB" duration="00:00:00.0000085" startTime="2022-06-13T21:15:00.1810587+02:00" endTime="2022-06-13T21:15:00.1810589+02:00" testType="13cdc9d9-ddb5-4fa4-a97d-d965ccfc6d4b" outcome="Passed" testListId="8c84fa94-04c1-424b-9868-57a2d4851a1d" relativeResultsDirectory="f6b58a57-fffa-4ede-a295-c59c077c3c67" />
    <UnitTestResult executionId="a1fff60b-07d5-4be3-b6fb-99eba9866875" testId="a50452b0-19e4-73e9-85e6-be9ac505f00e" testName="xUnitTestProject.CurrencyHelperTests.FormatToStringTest1000(price: 15190.097283723344, expected: &quot;15190.10 zł&quot;)" computerName="DESKTOP-5URQ9PB" duration="00:00:00.0000041" startTime="2022-06-13T21:15:00.0625072+02:00" endTime="2022-06-13T21:15:00.0625076+02:00" testType="13cdc9d9-ddb5-4fa4-a97d-d965ccfc6d4b" outcome="Passed" testListId="8c84fa94-04c1-424b-9868-57a2d4851a1d" relativeResultsDirectory="a1fff60b-07d5-4be3-b6fb-99eba9866875" />
    <UnitTestResult executionId="455d4002-9fcf-4bbd-b428-e227108a5039" testId="f1ddd1cb-937b-c6a5-5626-287e7f18daa2" testName="xUnitTestProject.CurrencyHelperTests.FormatToStringTest1000(price: 1751.1734380625066, expected: &quot;1751.17 zł&quot;)" computerName="DESKTOP-5URQ9PB" duration="00:00:00.0000059" startTime="2022-06-13T21:15:00.0465809+02:00" endTime="2022-06-13T21:15:00.0465812+02:00" testType="13cdc9d9-ddb5-4fa4-a97d-d965ccfc6d4b" outcome="Passed" testListId="8c84fa94-04c1-424b-9868-57a2d4851a1d" relativeResultsDirectory="455d4002-9fcf-4bbd-b428-e227108a5039" />
    <UnitTestResult executionId="c9722e6d-bd9a-41ec-8479-bf1ca82280bc" testId="6dd99dbe-4c8b-34b5-1e2c-dac97050c643" testName="xUnitTestProject.CurrencyHelperTests.FormatToStringTest1000(price: 66723.3293191657, expected: &quot;66723.33 zł&quot;)" computerName="DESKTOP-5URQ9PB" duration="00:00:00.0000062" startTime="2022-06-13T21:15:00.1754324+02:00" endTime="2022-06-13T21:15:00.1754326+02:00" testType="13cdc9d9-ddb5-4fa4-a97d-d965ccfc6d4b" outcome="Passed" testListId="8c84fa94-04c1-424b-9868-57a2d4851a1d" relativeResultsDirectory="c9722e6d-bd9a-41ec-8479-bf1ca82280bc" />
    <UnitTestResult executionId="7289b28d-1636-4a65-96ad-a6b687bfc97b" testId="127fb78e-ed01-3534-55cd-9f963056d67f" testName="xUnitTestProject.CurrencyHelperTests.FormatToStringTest1000(price: 13855.30239352505, expected: &quot;13855.30 zł&quot;)" computerName="DESKTOP-5URQ9PB" duration="00:00:00.0000046" startTime="2022-06-13T21:15:00.1812105+02:00" endTime="2022-06-13T21:15:00.1812107+02:00" testType="13cdc9d9-ddb5-4fa4-a97d-d965ccfc6d4b" outcome="Passed" testListId="8c84fa94-04c1-424b-9868-57a2d4851a1d" relativeResultsDirectory="7289b28d-1636-4a65-96ad-a6b687bfc97b" />
    <UnitTestResult executionId="7e841c78-2163-4212-a864-68b935bde89d" testId="1dbf06ec-4cde-4ef3-de39-b5efb671422f" testName="xUnitTestProject.CurrencyHelperTests.FormatToStringTest1000(price: 22330.217605518745, expected: &quot;22330.22 zł&quot;)" computerName="DESKTOP-5URQ9PB" duration="00:00:00.0000041" startTime="2022-06-13T21:15:00.0762836+02:00" endTime="2022-06-13T21:15:00.0762838+02:00" testType="13cdc9d9-ddb5-4fa4-a97d-d965ccfc6d4b" outcome="Passed" testListId="8c84fa94-04c1-424b-9868-57a2d4851a1d" relativeResultsDirectory="7e841c78-2163-4212-a864-68b935bde89d" />
    <UnitTestResult executionId="8caaf656-4dc0-4d14-9973-fd128e3baddd" testId="4dd76fcc-f663-2688-f7a4-a439b3a5cf01" testName="xUnitTestProject.CurrencyHelperTests.FormatToStringTest1000(price: 38961.459057294516, expected: &quot;38961.46 zł&quot;)" computerName="DESKTOP-5URQ9PB" duration="00:00:00.0000083" startTime="2022-06-13T21:15:00.1281957+02:00" endTime="2022-06-13T21:15:00.1281959+02:00" testType="13cdc9d9-ddb5-4fa4-a97d-d965ccfc6d4b" outcome="Passed" testListId="8c84fa94-04c1-424b-9868-57a2d4851a1d" relativeResultsDirectory="8caaf656-4dc0-4d14-9973-fd128e3baddd" />
    <UnitTestResult executionId="9814a4b8-c6d9-4526-8af8-de5717f8b3bc" testId="e457ba43-5ec8-2ef9-9f16-d8e65791d46d" testName="xUnitTestProject.CurrencyHelperTests.FormatToStringTest1000(price: 58902.704109088845, expected: &quot;58902.70 zł&quot;)" computerName="DESKTOP-5URQ9PB" duration="00:00:00.0000043" startTime="2022-06-13T21:15:00.0942154+02:00" endTime="2022-06-13T21:15:00.0942156+02:00" testType="13cdc9d9-ddb5-4fa4-a97d-d965ccfc6d4b" outcome="Passed" testListId="8c84fa94-04c1-424b-9868-57a2d4851a1d" relativeResultsDirectory="9814a4b8-c6d9-4526-8af8-de5717f8b3bc" />
    <UnitTestResult executionId="3db12dfb-82cd-46aa-a430-fbca372238de" testId="d0528706-3be3-396a-77f7-4d1c86caa17a" testName="xUnitTestProject.CurrencyHelperTests.FormatToStringTest1000(price: 21221.884746198488, expected: &quot;21221.88 zł&quot;)" computerName="DESKTOP-5URQ9PB" duration="00:00:00.0000055" startTime="2022-06-13T21:15:00.1593505+02:00" endTime="2022-06-13T21:15:00.1593509+02:00" testType="13cdc9d9-ddb5-4fa4-a97d-d965ccfc6d4b" outcome="Passed" testListId="8c84fa94-04c1-424b-9868-57a2d4851a1d" relativeResultsDirectory="3db12dfb-82cd-46aa-a430-fbca372238de" />
    <UnitTestResult executionId="1d40b179-57f1-4f7a-8fe3-cc43eb3f5abf" testId="c1457a00-5932-b692-d468-5af96619c895" testName="xUnitTestProject.CurrencyHelperTests.FormatToStringTest1000(price: 29508.077101491428, expected: &quot;29508.08 zł&quot;)" computerName="DESKTOP-5URQ9PB" duration="00:00:00.0000067" startTime="2022-06-13T21:15:00.1064194+02:00" endTime="2022-06-13T21:15:00.1064198+02:00" testType="13cdc9d9-ddb5-4fa4-a97d-d965ccfc6d4b" outcome="Passed" testListId="8c84fa94-04c1-424b-9868-57a2d4851a1d" relativeResultsDirectory="1d40b179-57f1-4f7a-8fe3-cc43eb3f5abf" />
    <UnitTestResult executionId="d13c4de6-746a-40f3-899e-7375d7fe8b82" testId="a5d2d781-ed08-2478-bb45-1d4f50c82554" testName="xUnitTestProject.CurrencyHelperTests.FormatToStringTest1000(price: 5611.05334835176, expected: &quot;5611.05 zł&quot;)" computerName="DESKTOP-5URQ9PB" duration="00:00:00.0000059" startTime="2022-06-13T21:15:00.1628755+02:00" endTime="2022-06-13T21:15:00.1628757+02:00" testType="13cdc9d9-ddb5-4fa4-a97d-d965ccfc6d4b" outcome="Passed" testListId="8c84fa94-04c1-424b-9868-57a2d4851a1d" relativeResultsDirectory="d13c4de6-746a-40f3-899e-7375d7fe8b82" />
    <UnitTestResult executionId="4257d79d-a186-415c-a35a-f0d676906af2" testId="2cd343bd-badc-869e-d32e-7b446b74dbcf" testName="xUnitTestProject.CurrencyHelperTests.FormatToStringTest1000(price: 5396.620088554277, expected: &quot;5396.62 zł&quot;)" computerName="DESKTOP-5URQ9PB" duration="00:00:00.0000043" startTime="2022-06-13T21:15:00.0820202+02:00" endTime="2022-06-13T21:15:00.0820205+02:00" testType="13cdc9d9-ddb5-4fa4-a97d-d965ccfc6d4b" outcome="Passed" testListId="8c84fa94-04c1-424b-9868-57a2d4851a1d" relativeResultsDirectory="4257d79d-a186-415c-a35a-f0d676906af2" />
    <UnitTestResult executionId="026df74a-4395-4782-b9be-98d06644ec63" testId="ce6af9f0-4b11-7bc7-9919-f6caf3d5d5f3" testName="xUnitTestProject.CurrencyHelperTests.FormatToStringTest1000(price: 38640.62766693003, expected: &quot;38640.63 zł&quot;)" computerName="DESKTOP-5URQ9PB" duration="00:00:00.0000041" startTime="2022-06-13T21:15:00.0875869+02:00" endTime="2022-06-13T21:15:00.0875871+02:00" testType="13cdc9d9-ddb5-4fa4-a97d-d965ccfc6d4b" outcome="Passed" testListId="8c84fa94-04c1-424b-9868-57a2d4851a1d" relativeResultsDirectory="026df74a-4395-4782-b9be-98d06644ec63" />
    <UnitTestResult executionId="c2f18d09-cbda-4eb0-837d-6c28d325d08a" testId="d30d3b94-edb3-8c77-afa5-d7e300714162" testName="xUnitTestProject.CurrencyHelperTests.FormatToStringTest1000(price: 151.50737175275916, expected: &quot;151.51 zł&quot;)" computerName="DESKTOP-5URQ9PB" duration="00:00:00.0000046" startTime="2022-06-13T21:15:00.0752328+02:00" endTime="2022-06-13T21:15:00.0752329+02:00" testType="13cdc9d9-ddb5-4fa4-a97d-d965ccfc6d4b" outcome="Passed" testListId="8c84fa94-04c1-424b-9868-57a2d4851a1d" relativeResultsDirectory="c2f18d09-cbda-4eb0-837d-6c28d325d08a" />
    <UnitTestResult executionId="736b1f1b-ca8e-43b5-936a-8b07e3e3dd2d" testId="b8c9a81a-11ec-9afa-2e32-5c4408d66f0a" testName="xUnitTestProject.CurrencyHelperTests.FormatToStringTest1000(price: 19933.78650940945, expected: &quot;19933.79 zł&quot;)" computerName="DESKTOP-5URQ9PB" duration="00:00:00.0000062" startTime="2022-06-13T21:15:00.1676092+02:00" endTime="2022-06-13T21:15:00.1676094+02:00" testType="13cdc9d9-ddb5-4fa4-a97d-d965ccfc6d4b" outcome="Passed" testListId="8c84fa94-04c1-424b-9868-57a2d4851a1d" relativeResultsDirectory="736b1f1b-ca8e-43b5-936a-8b07e3e3dd2d" />
    <UnitTestResult executionId="0661a216-9dea-45a8-83af-5fa848f126e6" testId="6f6f8b3a-15e7-3194-8c20-0c46fab5e263" testName="xUnitTestProject.CurrencyHelperTests.FormatToStringTest1000(price: 7013.601812260971, expected: &quot;7013.60 zł&quot;)" computerName="DESKTOP-5URQ9PB" duration="00:00:00.0000055" startTime="2022-06-13T21:15:00.0726164+02:00" endTime="2022-06-13T21:15:00.0726169+02:00" testType="13cdc9d9-ddb5-4fa4-a97d-d965ccfc6d4b" outcome="Passed" testListId="8c84fa94-04c1-424b-9868-57a2d4851a1d" relativeResultsDirectory="0661a216-9dea-45a8-83af-5fa848f126e6" />
    <UnitTestResult executionId="daca564a-24c1-4e7d-823f-16317ef6daec" testId="d3cdcde5-df28-6c6c-d5ee-263c0a49023a" testName="xUnitTestProject.CurrencyHelperTests.FormatToStringTest1000(price: 6266.232005888704, expected: &quot;6266.23 zł&quot;)" computerName="DESKTOP-5URQ9PB" duration="00:00:00.0000060" startTime="2022-06-13T21:15:00.1617293+02:00" endTime="2022-06-13T21:15:00.1617295+02:00" testType="13cdc9d9-ddb5-4fa4-a97d-d965ccfc6d4b" outcome="Passed" testListId="8c84fa94-04c1-424b-9868-57a2d4851a1d" relativeResultsDirectory="daca564a-24c1-4e7d-823f-16317ef6daec" />
    <UnitTestResult executionId="62994dbf-659b-4e6c-aad0-3ebd829e787c" testId="34bcb15f-3abe-d5c6-acbc-f3d258cf59b6" testName="xUnitTestProject.CurrencyHelperTests.FormatToStringTest1000(price: 79973.08417819678, expected: &quot;79973.08 zł&quot;)" computerName="DESKTOP-5URQ9PB" duration="00:00:00.0000041" startTime="2022-06-13T21:15:00.1898298+02:00" endTime="2022-06-13T21:15:00.1898300+02:00" testType="13cdc9d9-ddb5-4fa4-a97d-d965ccfc6d4b" outcome="Passed" testListId="8c84fa94-04c1-424b-9868-57a2d4851a1d" relativeResultsDirectory="62994dbf-659b-4e6c-aad0-3ebd829e787c" />
    <UnitTestResult executionId="d2c09faf-ac6b-4f98-ab2d-ed133c942575" testId="cd325bca-14d8-e62d-3ed3-b6cff2a5be8c" testName="xUnitTestProject.CurrencyHelperTests.FormatToStringTest1000(price: 4539.210371735137, expected: &quot;4539.21 zł&quot;)" computerName="DESKTOP-5URQ9PB" duration="00:00:00.0000055" startTime="2022-06-13T21:15:00.0637123+02:00" endTime="2022-06-13T21:15:00.0637125+02:00" testType="13cdc9d9-ddb5-4fa4-a97d-d965ccfc6d4b" outcome="Passed" testListId="8c84fa94-04c1-424b-9868-57a2d4851a1d" relativeResultsDirectory="d2c09faf-ac6b-4f98-ab2d-ed133c942575" />
    <UnitTestResult executionId="2aa07abf-2e2d-4220-b5b3-3194ba35e16b" testId="5481b8f6-7923-7c75-9ba8-6b8dff0a8582" testName="xUnitTestProject.CurrencyHelperTests.FormatToStringTest1000(price: 13414.3551766441, expected: &quot;13414.36 zł&quot;)" computerName="DESKTOP-5URQ9PB" duration="00:00:00.0000044" startTime="2022-06-13T21:15:00.1052744+02:00" endTime="2022-06-13T21:15:00.1052746+02:00" testType="13cdc9d9-ddb5-4fa4-a97d-d965ccfc6d4b" outcome="Passed" testListId="8c84fa94-04c1-424b-9868-57a2d4851a1d" relativeResultsDirectory="2aa07abf-2e2d-4220-b5b3-3194ba35e16b" />
    <UnitTestResult executionId="7109a263-8206-4379-8cec-41a7cc5f25ea" testId="c9010c04-7ef0-ce4b-7d42-778e915f5883" testName="xUnitTestProject.CurrencyHelperTests.FormatToStringTest1000(price: 31300.40752580967, expected: &quot;31300.41 zł&quot;)" computerName="DESKTOP-5URQ9PB" duration="00:00:00.0000053" startTime="2022-06-13T21:15:00.1258273+02:00" endTime="2022-06-13T21:15:00.1258275+02:00" testType="13cdc9d9-ddb5-4fa4-a97d-d965ccfc6d4b" outcome="Passed" testListId="8c84fa94-04c1-424b-9868-57a2d4851a1d" relativeResultsDirectory="7109a263-8206-4379-8cec-41a7cc5f25ea" />
    <UnitTestResult executionId="88206e6f-64de-4983-8d5c-5129f030e041" testId="75fb03cc-a2de-116e-3a3c-32d118eb526b" testName="xUnitTestProject.CurrencyHelperTests.FormatToStringTest1000(price: 9196.579612724754, expected: &quot;9196.58 zł&quot;)" computerName="DESKTOP-5URQ9PB" duration="00:00:00.0000058" startTime="2022-06-13T21:15:00.0597201+02:00" endTime="2022-06-13T21:15:00.0597204+02:00" testType="13cdc9d9-ddb5-4fa4-a97d-d965ccfc6d4b" outcome="Passed" testListId="8c84fa94-04c1-424b-9868-57a2d4851a1d" relativeResultsDirectory="88206e6f-64de-4983-8d5c-5129f030e041" />
    <UnitTestResult executionId="0bd9ac42-37f6-4c20-b415-6c456858dbc7" testId="558fcad2-7807-3075-bb81-ec539c4697ba" testName="xUnitTestProject.CurrencyHelperTests.FormatToStringTest1000(price: 1011.9989482094529, expected: &quot;1012.00 zł&quot;)" computerName="DESKTOP-5URQ9PB" duration="00:00:00.0000059" startTime="2022-06-13T21:15:00.1159768+02:00" endTime="2022-06-13T21:15:00.1159770+02:00" testType="13cdc9d9-ddb5-4fa4-a97d-d965ccfc6d4b" outcome="Passed" testListId="8c84fa94-04c1-424b-9868-57a2d4851a1d" relativeResultsDirectory="0bd9ac42-37f6-4c20-b415-6c456858dbc7" />
    <UnitTestResult executionId="dc911654-c978-487b-aef4-34817c86e47f" testId="696d2b08-2b8a-7456-8791-bc3514cd955e" testName="xUnitTestProject.CurrencyHelperTests.FormatToStringTest1000(price: 9431.144757136304, expected: &quot;9431.14 zł&quot;)" computerName="DESKTOP-5URQ9PB" duration="00:00:00.0000055" startTime="2022-06-13T21:15:00.1540349+02:00" endTime="2022-06-13T21:15:00.1540350+02:00" testType="13cdc9d9-ddb5-4fa4-a97d-d965ccfc6d4b" outcome="Passed" testListId="8c84fa94-04c1-424b-9868-57a2d4851a1d" relativeResultsDirectory="dc911654-c978-487b-aef4-34817c86e47f" />
    <UnitTestResult executionId="ab0eea44-a527-4055-8b9a-40bd9a505060" testId="a80246d5-ddf8-7929-99a4-5139184114ef" testName="xUnitTestProject.CurrencyHelperTests.FormatToStringTest1000(price: 68174.53068551492, expected: &quot;68174.53 zł&quot;)" computerName="DESKTOP-5URQ9PB" duration="00:00:00.0000049" startTime="2022-06-13T21:15:00.0649593+02:00" endTime="2022-06-13T21:15:00.0649596+02:00" testType="13cdc9d9-ddb5-4fa4-a97d-d965ccfc6d4b" outcome="Passed" testListId="8c84fa94-04c1-424b-9868-57a2d4851a1d" relativeResultsDirectory="ab0eea44-a527-4055-8b9a-40bd9a505060" />
    <UnitTestResult executionId="8356d63d-0e1c-4a5b-85eb-216424c80607" testId="d9756703-fed3-1fb8-7195-5dae810af3cf" testName="xUnitTestProject.CurrencyHelperTests.FormatToStringTest1000(price: 2346.9964869427477, expected: &quot;2347.00 zł&quot;)" computerName="DESKTOP-5URQ9PB" duration="00:00:00.0000065" startTime="2022-06-13T21:15:00.1157481+02:00" endTime="2022-06-13T21:15:00.1157485+02:00" testType="13cdc9d9-ddb5-4fa4-a97d-d965ccfc6d4b" outcome="Passed" testListId="8c84fa94-04c1-424b-9868-57a2d4851a1d" relativeResultsDirectory="8356d63d-0e1c-4a5b-85eb-216424c80607" />
    <UnitTestResult executionId="d7f17834-1a51-484b-8e5f-18cad0f5c08a" testId="4308f885-151f-014b-166d-40692645a73a" testName="xUnitTestProject.CurrencyHelperTests.FormatToStringTest1000(price: 15907.394871033446, expected: &quot;15907.39 zł&quot;)" computerName="DESKTOP-5URQ9PB" duration="00:00:00.0000062" startTime="2022-06-13T21:15:00.1270042+02:00" endTime="2022-06-13T21:15:00.1270044+02:00" testType="13cdc9d9-ddb5-4fa4-a97d-d965ccfc6d4b" outcome="Passed" testListId="8c84fa94-04c1-424b-9868-57a2d4851a1d" relativeResultsDirectory="d7f17834-1a51-484b-8e5f-18cad0f5c08a" />
    <UnitTestResult executionId="02344d8e-4fd8-4eb6-95db-568a7bf40f7f" testId="d13187c3-6513-b7ca-7370-507380fe2c88" testName="xUnitTestProject.CurrencyHelperTests.FormatToStringTest1000(price: 7396.940188290057, expected: &quot;7396.94 zł&quot;)" computerName="DESKTOP-5URQ9PB" duration="00:00:00.0000062" startTime="2022-06-13T21:15:00.1235765+02:00" endTime="2022-06-13T21:15:00.1235767+02:00" testType="13cdc9d9-ddb5-4fa4-a97d-d965ccfc6d4b" outcome="Passed" testListId="8c84fa94-04c1-424b-9868-57a2d4851a1d" relativeResultsDirectory="02344d8e-4fd8-4eb6-95db-568a7bf40f7f" />
    <UnitTestResult executionId="7ddb82a8-f075-4b15-bc3b-2dec389d87c8" testId="2059d141-cc28-3ec8-0e84-daba3f077644" testName="xUnitTestProject.CurrencyHelperTests.FormatToStringTest1000(price: 39146.892120180135, expected: &quot;39146.89 zł&quot;)" computerName="DESKTOP-5URQ9PB" duration="00:00:00.0000055" startTime="2022-06-13T21:15:00.1561041+02:00" endTime="2022-06-13T21:15:00.1561043+02:00" testType="13cdc9d9-ddb5-4fa4-a97d-d965ccfc6d4b" outcome="Passed" testListId="8c84fa94-04c1-424b-9868-57a2d4851a1d" relativeResultsDirectory="7ddb82a8-f075-4b15-bc3b-2dec389d87c8" />
    <UnitTestResult executionId="f09615dd-3bba-477e-a61a-2ae3ce9d33a9" testId="ca756e2d-d5c0-6e03-1ab7-b2045c06d17b" testName="xUnitTestProject.CurrencyHelperTests.FormatToStringTest1000(price: 75514.58914517732, expected: &quot;75514.59 zł&quot;)" computerName="DESKTOP-5URQ9PB" duration="00:00:00.0000074" startTime="2022-06-13T21:15:00.1223949+02:00" endTime="2022-06-13T21:15:00.1223953+02:00" testType="13cdc9d9-ddb5-4fa4-a97d-d965ccfc6d4b" outcome="Passed" testListId="8c84fa94-04c1-424b-9868-57a2d4851a1d" relativeResultsDirectory="f09615dd-3bba-477e-a61a-2ae3ce9d33a9" />
    <UnitTestResult executionId="7dbec355-f2ae-4a16-a6de-dc65b468f89a" testId="3bcce3ce-1e1f-b2cb-aecb-f9baaad49b40" testName="xUnitTestProject.CurrencyHelperTests.FormatToStringTest1000(price: 16427.591943671738, expected: &quot;16427.59 zł&quot;)" computerName="DESKTOP-5URQ9PB" duration="00:00:00.0000074" startTime="2022-06-13T21:15:00.1090867+02:00" endTime="2022-06-13T21:15:00.1090869+02:00" testType="13cdc9d9-ddb5-4fa4-a97d-d965ccfc6d4b" outcome="Passed" testListId="8c84fa94-04c1-424b-9868-57a2d4851a1d" relativeResultsDirectory="7dbec355-f2ae-4a16-a6de-dc65b468f89a" />
    <UnitTestResult executionId="7f9d36c1-6afa-4998-8b19-e26c1a19538d" testId="8e549758-1d04-7bb3-a187-b61fc529196f" testName="xUnitTestProject.CurrencyHelperTests.FormatToStringTest1000(price: 29474.095826699442, expected: &quot;29474.10 zł&quot;)" computerName="DESKTOP-5URQ9PB" duration="00:00:00.0000066" startTime="2022-06-13T21:15:00.1065766+02:00" endTime="2022-06-13T21:15:00.1065767+02:00" testType="13cdc9d9-ddb5-4fa4-a97d-d965ccfc6d4b" outcome="Passed" testListId="8c84fa94-04c1-424b-9868-57a2d4851a1d" relativeResultsDirectory="7f9d36c1-6afa-4998-8b19-e26c1a19538d" />
    <UnitTestResult executionId="28acd586-a785-4f1e-9c10-226ea7045b20" testId="30971562-18c2-709e-97a4-74161badb09c" testName="xUnitTestProject.CurrencyHelperTests.FormatToStringTest1000(price: 28579.14698705503, expected: &quot;28579.15 zł&quot;)" computerName="DESKTOP-5URQ9PB" duration="00:00:00.0000060" startTime="2022-06-13T21:15:00.1506185+02:00" endTime="2022-06-13T21:15:00.1506187+02:00" testType="13cdc9d9-ddb5-4fa4-a97d-d965ccfc6d4b" outcome="Passed" testListId="8c84fa94-04c1-424b-9868-57a2d4851a1d" relativeResultsDirectory="28acd586-a785-4f1e-9c10-226ea7045b20" />
    <UnitTestResult executionId="094f3e42-23b1-4389-9dc7-b74048e46491" testId="758b94a4-3e83-213a-e897-268aa753a08f" testName="xUnitTestProject.CurrencyHelperTests.FormatToStringTest1000(price: 36760.171806480816, expected: &quot;36760.17 zł&quot;)" computerName="DESKTOP-5URQ9PB" duration="00:00:00.0000045" startTime="2022-06-13T21:15:00.1854183+02:00" endTime="2022-06-13T21:15:00.1854187+02:00" testType="13cdc9d9-ddb5-4fa4-a97d-d965ccfc6d4b" outcome="Passed" testListId="8c84fa94-04c1-424b-9868-57a2d4851a1d" relativeResultsDirectory="094f3e42-23b1-4389-9dc7-b74048e46491" />
    <UnitTestResult executionId="54e3e680-e90c-4c10-9f35-4e964a8784c0" testId="c09462bb-4f86-b8e1-b39e-c6c94b35ddbc" testName="xUnitTestProject.CurrencyHelperTests.FormatToStringTest1000(price: 6915.421130504656, expected: &quot;6915.42 zł&quot;)" computerName="DESKTOP-5URQ9PB" duration="00:00:00.0000056" startTime="2022-06-13T21:15:00.1518002+02:00" endTime="2022-06-13T21:15:00.1518004+02:00" testType="13cdc9d9-ddb5-4fa4-a97d-d965ccfc6d4b" outcome="Passed" testListId="8c84fa94-04c1-424b-9868-57a2d4851a1d" relativeResultsDirectory="54e3e680-e90c-4c10-9f35-4e964a8784c0" />
    <UnitTestResult executionId="a564dc22-1621-4da6-9081-11fb2cbf59ac" testId="dcb09ac3-545f-7b73-7b06-f7917ef6e79e" testName="xUnitTestProject.CurrencyHelperTests.FormatToStringTest1000(price: 25039.088753207627, expected: &quot;25039.09 zł&quot;)" computerName="DESKTOP-5URQ9PB" duration="00:00:00.0000056" startTime="2022-06-13T21:15:00.1236145+02:00" endTime="2022-06-13T21:15:00.1236148+02:00" testType="13cdc9d9-ddb5-4fa4-a97d-d965ccfc6d4b" outcome="Passed" testListId="8c84fa94-04c1-424b-9868-57a2d4851a1d" relativeResultsDirectory="a564dc22-1621-4da6-9081-11fb2cbf59ac" />
    <UnitTestResult executionId="13a64e8b-e66b-4c17-acd8-ff71219b2930" testId="135dd56d-570b-92a1-4144-854d04d96ef0" testName="xUnitTestProject.CurrencyHelperTests.FormatToStringTest1000(price: 7716.571614765363, expected: &quot;7716.57 zł&quot;)" computerName="DESKTOP-5URQ9PB" duration="00:00:00.0000197" startTime="2022-06-13T21:15:00.0750190+02:00" endTime="2022-06-13T21:15:00.0750194+02:00" testType="13cdc9d9-ddb5-4fa4-a97d-d965ccfc6d4b" outcome="Passed" testListId="8c84fa94-04c1-424b-9868-57a2d4851a1d" relativeResultsDirectory="13a64e8b-e66b-4c17-acd8-ff71219b2930" />
    <UnitTestResult executionId="89dfd93c-6418-4d83-a8d6-b2d2ac7b5e67" testId="56f22bda-cb9f-dbaa-365a-cb6ba2104fe2" testName="xUnitTestProject.CurrencyHelperTests.FormatToStringTest1000(price: 9634.398811461124, expected: &quot;9634.40 zł&quot;)" computerName="DESKTOP-5URQ9PB" duration="00:00:00.0000077" startTime="2022-06-13T21:15:00.1463747+02:00" endTime="2022-06-13T21:15:00.1463749+02:00" testType="13cdc9d9-ddb5-4fa4-a97d-d965ccfc6d4b" outcome="Passed" testListId="8c84fa94-04c1-424b-9868-57a2d4851a1d" relativeResultsDirectory="89dfd93c-6418-4d83-a8d6-b2d2ac7b5e67" />
    <UnitTestResult executionId="bdba6c88-715d-4187-9f53-d10a07816fb0" testId="5bb9d818-e2ff-58b7-df0a-941461adb800" testName="xUnitTestProject.CurrencyHelperTests.FormatToStringTest1000(price: 5548.360986085777, expected: &quot;5548.36 zł&quot;)" computerName="DESKTOP-5URQ9PB" duration="00:00:00.0000047" startTime="2022-06-13T21:15:00.0566437+02:00" endTime="2022-06-13T21:15:00.0566439+02:00" testType="13cdc9d9-ddb5-4fa4-a97d-d965ccfc6d4b" outcome="Passed" testListId="8c84fa94-04c1-424b-9868-57a2d4851a1d" relativeResultsDirectory="bdba6c88-715d-4187-9f53-d10a07816fb0" />
    <UnitTestResult executionId="acd1ea3a-96af-4f5b-a7f7-f82b252e39e3" testId="32346c07-b161-6e9f-65c2-990bcbe58b07" testName="xUnitTestProject.CurrencyHelperTests.FormatToStringTest1000(price: 67109.22110940759, expected: &quot;67109.22 zł&quot;)" computerName="DESKTOP-5URQ9PB" duration="00:00:00.0000041" startTime="2022-06-13T21:15:00.0987762+02:00" endTime="2022-06-13T21:15:00.0987764+02:00" testType="13cdc9d9-ddb5-4fa4-a97d-d965ccfc6d4b" outcome="Passed" testListId="8c84fa94-04c1-424b-9868-57a2d4851a1d" relativeResultsDirectory="acd1ea3a-96af-4f5b-a7f7-f82b252e39e3" />
    <UnitTestResult executionId="509a4653-8225-4202-a424-f2657da7ba17" testId="e3f04803-c378-ce39-94cd-bd430620d6cb" testName="xUnitTestProject.CurrencyHelperTests.FormatToStringTest1000(price: 56378.261944644735, expected: &quot;56378.26 zł&quot;)" computerName="DESKTOP-5URQ9PB" duration="00:00:00.0000120" startTime="2022-06-13T21:15:00.0726989+02:00" endTime="2022-06-13T21:15:00.0726991+02:00" testType="13cdc9d9-ddb5-4fa4-a97d-d965ccfc6d4b" outcome="Passed" testListId="8c84fa94-04c1-424b-9868-57a2d4851a1d" relativeResultsDirectory="509a4653-8225-4202-a424-f2657da7ba17" />
    <UnitTestResult executionId="3186c308-6249-426f-8a98-8bb592f3fef3" testId="9af46142-b025-7ff1-cd86-b161fef30f97" testName="xUnitTestProject.CurrencyHelperTests.FormatToStringTest1000(price: 27187.549022783314, expected: &quot;27187.55 zł&quot;)" computerName="DESKTOP-5URQ9PB" duration="00:00:00.0000059" startTime="2022-06-13T21:15:00.1508041+02:00" endTime="2022-06-13T21:15:00.1508042+02:00" testType="13cdc9d9-ddb5-4fa4-a97d-d965ccfc6d4b" outcome="Passed" testListId="8c84fa94-04c1-424b-9868-57a2d4851a1d" relativeResultsDirectory="3186c308-6249-426f-8a98-8bb592f3fef3" />
    <UnitTestResult executionId="26d1fa14-3b3a-412c-b72c-4236ab34d989" testId="fe5f39e6-4cd0-a90c-3fd0-4ec94c3771bb" testName="xUnitTestProject.CurrencyHelperTests.FormatToStringTest1000(price: 57671.67669738675, expected: &quot;57671.68 zł&quot;)" computerName="DESKTOP-5URQ9PB" duration="00:00:00.0000081" startTime="2022-06-13T21:15:00.1606333+02:00" endTime="2022-06-13T21:15:00.1606334+02:00" testType="13cdc9d9-ddb5-4fa4-a97d-d965ccfc6d4b" outcome="Passed" testListId="8c84fa94-04c1-424b-9868-57a2d4851a1d" relativeResultsDirectory="26d1fa14-3b3a-412c-b72c-4236ab34d989" />
    <UnitTestResult executionId="73f9b9e1-c765-412d-a4e7-2c48e6af0d94" testId="87f6b537-303b-ee32-7ebc-e34863879e5b" testName="xUnitTestProject.CurrencyHelperTests.FormatToStringTest1000(price: 13455.521105358153, expected: &quot;13455.52 zł&quot;)" computerName="DESKTOP-5URQ9PB" duration="00:00:00.0000059" startTime="2022-06-13T21:15:00.0750763+02:00" endTime="2022-06-13T21:15:00.0750767+02:00" testType="13cdc9d9-ddb5-4fa4-a97d-d965ccfc6d4b" outcome="Passed" testListId="8c84fa94-04c1-424b-9868-57a2d4851a1d" relativeResultsDirectory="73f9b9e1-c765-412d-a4e7-2c48e6af0d94" />
    <UnitTestResult executionId="5ea19a09-4b24-482c-8f1c-b8b62d5878aa" testId="b805cea1-9061-e180-4bd1-a6b18b6307ab" testName="xUnitTestProject.CurrencyHelperTests.FormatToStringTest1000(price: 7348.947429818543, expected: &quot;7348.95 zł&quot;)" computerName="DESKTOP-5URQ9PB" duration="00:00:00.0000058" startTime="2022-06-13T21:15:00.0565937+02:00" endTime="2022-06-13T21:15:00.0565944+02:00" testType="13cdc9d9-ddb5-4fa4-a97d-d965ccfc6d4b" outcome="Passed" testListId="8c84fa94-04c1-424b-9868-57a2d4851a1d" relativeResultsDirectory="5ea19a09-4b24-482c-8f1c-b8b62d5878aa" />
    <UnitTestResult executionId="dc54efed-8ff4-40f8-9881-ebd500ddde7d" testId="b82e8809-4def-9359-7a57-795e7616c335" testName="xUnitTestProject.CurrencyHelperTests.FormatToStringTest1000(price: 158.49784791027093, expected: &quot;158.50 zł&quot;)" computerName="DESKTOP-5URQ9PB" duration="00:00:00.0000052" startTime="2022-06-13T21:15:00.1386956+02:00" endTime="2022-06-13T21:15:00.1386958+02:00" testType="13cdc9d9-ddb5-4fa4-a97d-d965ccfc6d4b" outcome="Passed" testListId="8c84fa94-04c1-424b-9868-57a2d4851a1d" relativeResultsDirectory="dc54efed-8ff4-40f8-9881-ebd500ddde7d" />
    <UnitTestResult executionId="8ddb4673-a99a-435b-9281-18bbef0f7b38" testId="a711a8fd-55fb-fc36-f795-72cedac95d24" testName="xUnitTestProject.CurrencyHelperTests.FormatToStringTest1000(price: 18032.4720825476, expected: &quot;18032.47 zł&quot;)" computerName="DESKTOP-5URQ9PB" duration="00:00:00.0000045" startTime="2022-06-13T21:15:00.1798660+02:00" endTime="2022-06-13T21:15:00.1798664+02:00" testType="13cdc9d9-ddb5-4fa4-a97d-d965ccfc6d4b" outcome="Passed" testListId="8c84fa94-04c1-424b-9868-57a2d4851a1d" relativeResultsDirectory="8ddb4673-a99a-435b-9281-18bbef0f7b38" />
    <UnitTestResult executionId="7c4cd848-14ab-4d4e-b1d2-83756822c6cc" testId="4f602daf-bb8d-fd94-ef0a-fd5eecda2ee6" testName="xUnitTestProject.CurrencyHelperTests.FormatToStringTest1000(price: 17090.629587323234, expected: &quot;17090.63 zł&quot;)" computerName="DESKTOP-5URQ9PB" duration="00:00:00.0000059" startTime="2022-06-13T21:15:00.1687311+02:00" endTime="2022-06-13T21:15:00.1687313+02:00" testType="13cdc9d9-ddb5-4fa4-a97d-d965ccfc6d4b" outcome="Passed" testListId="8c84fa94-04c1-424b-9868-57a2d4851a1d" relativeResultsDirectory="7c4cd848-14ab-4d4e-b1d2-83756822c6cc" />
    <UnitTestResult executionId="29121bc6-c181-46f3-9037-6b70c4d6a00b" testId="a32f3872-61d2-3bb4-5952-f9f7fd09a236" testName="xUnitTestProject.CurrencyHelperTests.FormatToStringTest1000(price: 41873.517751020154, expected: &quot;41873.52 zł&quot;)" computerName="DESKTOP-5URQ9PB" duration="00:00:00.0000071" startTime="2022-06-13T21:15:00.0612421+02:00" endTime="2022-06-13T21:15:00.0612423+02:00" testType="13cdc9d9-ddb5-4fa4-a97d-d965ccfc6d4b" outcome="Passed" testListId="8c84fa94-04c1-424b-9868-57a2d4851a1d" relativeResultsDirectory="29121bc6-c181-46f3-9037-6b70c4d6a00b" />
    <UnitTestResult executionId="859ee12f-a761-4e5b-bce7-c74d1b5d8304" testId="f308d529-c66b-0a68-1a35-9384b1697bbf" testName="xUnitTestProject.CurrencyHelperTests.FormatToStringTest1000(price: 30807.823896702295, expected: &quot;30807.82 zł&quot;)" computerName="DESKTOP-5URQ9PB" duration="00:00:00.0000055" startTime="2022-06-13T21:15:00.1604783+02:00" endTime="2022-06-13T21:15:00.1604787+02:00" testType="13cdc9d9-ddb5-4fa4-a97d-d965ccfc6d4b" outcome="Passed" testListId="8c84fa94-04c1-424b-9868-57a2d4851a1d" relativeResultsDirectory="859ee12f-a761-4e5b-bce7-c74d1b5d8304" />
    <UnitTestResult executionId="8996ede9-d54f-4858-8f9e-6d99da3ca307" testId="bfee474b-216b-2c15-15a7-0adadfd388fb" testName="xUnitTestProject.CurrencyHelperTests.FormatToStringTest1000(price: 26133.133789601336, expected: &quot;26133.13 zł&quot;)" computerName="DESKTOP-5URQ9PB" duration="00:00:00.0000072" startTime="2022-06-13T21:15:00.1214484+02:00" endTime="2022-06-13T21:15:00.1214485+02:00" testType="13cdc9d9-ddb5-4fa4-a97d-d965ccfc6d4b" outcome="Passed" testListId="8c84fa94-04c1-424b-9868-57a2d4851a1d" relativeResultsDirectory="8996ede9-d54f-4858-8f9e-6d99da3ca307" />
    <UnitTestResult executionId="7cccace5-de4e-4c47-83d0-883ca306eff9" testId="18167db3-c21a-1968-f83d-cf6f5b58219d" testName="xUnitTestProject.CurrencyHelperTests.FormatToStringTest1000(price: 14480.387652530982, expected: &quot;14480.39 zł&quot;)" computerName="DESKTOP-5URQ9PB" duration="00:00:00.0000070" startTime="2022-06-13T21:15:00.1042743+02:00" endTime="2022-06-13T21:15:00.1042744+02:00" testType="13cdc9d9-ddb5-4fa4-a97d-d965ccfc6d4b" outcome="Passed" testListId="8c84fa94-04c1-424b-9868-57a2d4851a1d" relativeResultsDirectory="7cccace5-de4e-4c47-83d0-883ca306eff9" />
    <UnitTestResult executionId="58bacebe-1f1f-4321-9a41-171adf1c3cbb" testId="4cc08620-7636-5b0e-e6ce-7fa1f27effef" testName="xUnitTestProject.CurrencyHelperTests.FormatToStringTest1000(price: 22189.78731674132, expected: &quot;22189.79 zł&quot;)" computerName="DESKTOP-5URQ9PB" duration="00:00:00.0000064" startTime="2022-06-13T21:15:00.1835014+02:00" endTime="2022-06-13T21:15:00.1835015+02:00" testType="13cdc9d9-ddb5-4fa4-a97d-d965ccfc6d4b" outcome="Passed" testListId="8c84fa94-04c1-424b-9868-57a2d4851a1d" relativeResultsDirectory="58bacebe-1f1f-4321-9a41-171adf1c3cbb" />
    <UnitTestResult executionId="a92c79c5-ea1e-44d8-a272-b016b8bae444" testId="81074b63-819a-5707-3f0a-c12b1496d111" testName="xUnitTestProject.CurrencyHelperTests.FormatToStringTest1000(price: 18786.954468002055, expected: &quot;18786.95 zł&quot;)" computerName="DESKTOP-5URQ9PB" duration="00:00:00.0000060" startTime="2022-06-13T21:15:00.1257903+02:00" endTime="2022-06-13T21:15:00.1257905+02:00" testType="13cdc9d9-ddb5-4fa4-a97d-d965ccfc6d4b" outcome="Passed" testListId="8c84fa94-04c1-424b-9868-57a2d4851a1d" relativeResultsDirectory="a92c79c5-ea1e-44d8-a272-b016b8bae444" />
    <UnitTestResult executionId="738ade33-7dbf-4564-a611-8667e3791fc4" testId="4d5be905-ae12-4fb4-1d65-7b8d91a9be3a" testName="xUnitTestProject.CurrencyHelperTests.FormatToStringTest1000(price: 15742.409864349947, expected: &quot;15742.41 zł&quot;)" computerName="DESKTOP-5URQ9PB" duration="00:00:00.0000056" startTime="2022-06-13T21:15:00.1077110+02:00" endTime="2022-06-13T21:15:00.1077112+02:00" testType="13cdc9d9-ddb5-4fa4-a97d-d965ccfc6d4b" outcome="Passed" testListId="8c84fa94-04c1-424b-9868-57a2d4851a1d" relativeResultsDirectory="738ade33-7dbf-4564-a611-8667e3791fc4" />
    <UnitTestResult executionId="fc7614c4-2beb-4c7d-980a-07c5f727a45c" testId="df661f1a-369e-296a-5042-ab9651f93dce" testName="xUnitTestProject.CurrencyHelperTests.FormatToStringTest1000(price: 16383.352881839199, expected: &quot;16383.35 zł&quot;)" computerName="DESKTOP-5URQ9PB" duration="00:00:00.0000046" startTime="2022-06-13T21:15:00.1933587+02:00" endTime="2022-06-13T21:15:00.1933588+02:00" testType="13cdc9d9-ddb5-4fa4-a97d-d965ccfc6d4b" outcome="Passed" testListId="8c84fa94-04c1-424b-9868-57a2d4851a1d" relativeResultsDirectory="fc7614c4-2beb-4c7d-980a-07c5f727a45c" />
    <UnitTestResult executionId="c728861d-65f6-4237-b3f4-2deda2dae65d" testId="f527f4e7-733e-c529-a6f2-d33ed3ff23a3" testName="xUnitTestProject.CurrencyHelperTests.FormatToStringTest1000(price: 47025.6224095177, expected: &quot;47025.62 zł&quot;)" computerName="DESKTOP-5URQ9PB" duration="00:00:00.0000068" startTime="2022-06-13T21:15:00.1365513+02:00" endTime="2022-06-13T21:15:00.1365514+02:00" testType="13cdc9d9-ddb5-4fa4-a97d-d965ccfc6d4b" outcome="Passed" testListId="8c84fa94-04c1-424b-9868-57a2d4851a1d" relativeResultsDirectory="c728861d-65f6-4237-b3f4-2deda2dae65d" />
    <UnitTestResult executionId="b8b20192-3d0a-423e-aeaa-b39d0ae7de48" testId="bb53c479-4fb7-b049-d0b3-60c53109c03d" testName="xUnitTestProject.CurrencyHelperTests.FormatToStringTest1000(price: 16402.16316587206, expected: &quot;16402.16 zł&quot;)" computerName="DESKTOP-5URQ9PB" duration="00:00:00.0000058" startTime="2022-06-13T21:15:00.1415681+02:00" endTime="2022-06-13T21:15:00.1415683+02:00" testType="13cdc9d9-ddb5-4fa4-a97d-d965ccfc6d4b" outcome="Passed" testListId="8c84fa94-04c1-424b-9868-57a2d4851a1d" relativeResultsDirectory="b8b20192-3d0a-423e-aeaa-b39d0ae7de48" />
    <UnitTestResult executionId="a152ee79-c574-4560-a890-a9864acc5add" testId="91ef764f-6920-57e2-1ea1-d9fdc62e8142" testName="xUnitTestProject.CurrencyHelperTests.FormatToStringTest1000(price: 23174.85693288448, expected: &quot;23174.86 zł&quot;)" computerName="DESKTOP-5URQ9PB" duration="00:00:00.0000046" startTime="2022-06-13T21:15:00.1776861+02:00" endTime="2022-06-13T21:15:00.1776863+02:00" testType="13cdc9d9-ddb5-4fa4-a97d-d965ccfc6d4b" outcome="Passed" testListId="8c84fa94-04c1-424b-9868-57a2d4851a1d" relativeResultsDirectory="a152ee79-c574-4560-a890-a9864acc5add" />
    <UnitTestResult executionId="01774496-5861-46e2-a114-7f608cda0df3" testId="f72783d9-64aa-50e2-fcd1-46f621632d5d" testName="xUnitTestProject.CurrencyHelperTests.FormatToStringTest1000(price: 13681.607566007231, expected: &quot;13681.61 zł&quot;)" computerName="DESKTOP-5URQ9PB" duration="00:00:00.0000065" startTime="2022-06-13T21:15:00.1607446+02:00" endTime="2022-06-13T21:15:00.1607448+02:00" testType="13cdc9d9-ddb5-4fa4-a97d-d965ccfc6d4b" outcome="Passed" testListId="8c84fa94-04c1-424b-9868-57a2d4851a1d" relativeResultsDirectory="01774496-5861-46e2-a114-7f608cda0df3" />
    <UnitTestResult executionId="608bad40-7617-48b0-9c47-1d4e03324c9c" testId="92c24577-a226-a6b7-7d5e-021b44057899" testName="xUnitTestProject.CurrencyHelperTests.FormatToStringTest1000(price: 3303.1902076747224, expected: &quot;3303.19 zł&quot;)" computerName="DESKTOP-5URQ9PB" duration="00:00:00.0000060" startTime="2022-06-13T21:15:00.1237988+02:00" endTime="2022-06-13T21:15:00.1237990+02:00" testType="13cdc9d9-ddb5-4fa4-a97d-d965ccfc6d4b" outcome="Passed" testListId="8c84fa94-04c1-424b-9868-57a2d4851a1d" relativeResultsDirectory="608bad40-7617-48b0-9c47-1d4e03324c9c" />
    <UnitTestResult executionId="b0d6fcf5-5c62-41f5-a0d5-c3cfe92ed358" testId="75567229-1858-de57-219b-cfd8f4a7e8de" testName="xUnitTestProject.CurrencyHelperTests.FormatToStringTest1000(price: 750.5106571719566, expected: &quot;750.51 zł&quot;)" computerName="DESKTOP-5URQ9PB" duration="00:00:00.0000041" startTime="2022-06-13T21:15:00.0763620+02:00" endTime="2022-06-13T21:15:00.0763623+02:00" testType="13cdc9d9-ddb5-4fa4-a97d-d965ccfc6d4b" outcome="Passed" testListId="8c84fa94-04c1-424b-9868-57a2d4851a1d" relativeResultsDirectory="b0d6fcf5-5c62-41f5-a0d5-c3cfe92ed358" />
    <UnitTestResult executionId="989113c3-464a-4056-8fc9-e6da3e456ad2" testId="1ff2656a-0300-1f06-36b0-2fc677b4ea69" testName="xUnitTestProject.CurrencyHelperTests.FormatToStringTest1000(price: 12831.146874380833, expected: &quot;12831.15 zł&quot;)" computerName="DESKTOP-5URQ9PB" duration="00:00:00.0000050" startTime="2022-06-13T21:15:00.0987025+02:00" endTime="2022-06-13T21:15:00.0987027+02:00" testType="13cdc9d9-ddb5-4fa4-a97d-d965ccfc6d4b" outcome="Passed" testListId="8c84fa94-04c1-424b-9868-57a2d4851a1d" relativeResultsDirectory="989113c3-464a-4056-8fc9-e6da3e456ad2" />
    <UnitTestResult executionId="ace234e0-58b0-420e-8142-d3583c83bfa7" testId="96c01fa6-5d4d-3d03-7186-21835a01bdc8" testName="xUnitTestProject.CurrencyHelperTests.FormatToStringTest1000(price: 14920.620598662934, expected: &quot;14920.62 zł&quot;)" computerName="DESKTOP-5URQ9PB" duration="00:00:00.0000041" startTime="2022-06-13T21:15:00.0624644+02:00" endTime="2022-06-13T21:15:00.0624645+02:00" testType="13cdc9d9-ddb5-4fa4-a97d-d965ccfc6d4b" outcome="Passed" testListId="8c84fa94-04c1-424b-9868-57a2d4851a1d" relativeResultsDirectory="ace234e0-58b0-420e-8142-d3583c83bfa7" />
    <UnitTestResult executionId="72f5524b-d7a2-4ec1-886b-fa256b6fb2f2" testId="9764b852-f92a-9e33-a48d-5ba73babe5d1" testName="xUnitTestProject.CurrencyHelperTests.FormatToStringTest1000(price: 24024.14691439557, expected: &quot;24024.15 zł&quot;)" computerName="DESKTOP-5URQ9PB" duration="00:00:00.0000070" startTime="2022-06-13T21:15:00.0865535+02:00" endTime="2022-06-13T21:15:00.0865537+02:00" testType="13cdc9d9-ddb5-4fa4-a97d-d965ccfc6d4b" outcome="Passed" testListId="8c84fa94-04c1-424b-9868-57a2d4851a1d" relativeResultsDirectory="72f5524b-d7a2-4ec1-886b-fa256b6fb2f2" />
    <UnitTestResult executionId="416b0aea-b729-4ec8-bd21-deb03c07c25d" testId="ada84f96-628a-be69-4c85-60683def0842" testName="xUnitTestProject.CurrencyHelperTests.FormatToStringTest1000(price: 45299.778512198376, expected: &quot;45299.78 zł&quot;)" computerName="DESKTOP-5URQ9PB" duration="00:00:00.0000038" startTime="2022-06-13T21:15:00.0975586+02:00" endTime="2022-06-13T21:15:00.0975588+02:00" testType="13cdc9d9-ddb5-4fa4-a97d-d965ccfc6d4b" outcome="Passed" testListId="8c84fa94-04c1-424b-9868-57a2d4851a1d" relativeResultsDirectory="416b0aea-b729-4ec8-bd21-deb03c07c25d" />
    <UnitTestResult executionId="83ca5bf7-9c6e-45ff-bd5a-32568f467f98" testId="a61390b2-0ec7-4d98-e7ed-b8eba6ac247d" testName="xUnitTestProject.CurrencyHelperTests.FormatToStringTest1000(price: 34084.19497795599, expected: &quot;34084.19 zł&quot;)" computerName="DESKTOP-5URQ9PB" duration="00:00:00.0000046" startTime="2022-06-13T21:15:00.1878273+02:00" endTime="2022-06-13T21:15:00.1878275+02:00" testType="13cdc9d9-ddb5-4fa4-a97d-d965ccfc6d4b" outcome="Passed" testListId="8c84fa94-04c1-424b-9868-57a2d4851a1d" relativeResultsDirectory="83ca5bf7-9c6e-45ff-bd5a-32568f467f98" />
    <UnitTestResult executionId="fdf2afbf-0270-4068-8a37-fc3932cf65f2" testId="5d5f3f94-f47b-3420-095f-ee592218e6de" testName="xUnitTestProject.CurrencyHelperTests.FormatToStringTest1000(price: 20454.142628653506, expected: &quot;20454.14 zł&quot;)" computerName="DESKTOP-5URQ9PB" duration="00:00:00.0000040" startTime="2022-06-13T21:15:00.0974833+02:00" endTime="2022-06-13T21:15:00.0974835+02:00" testType="13cdc9d9-ddb5-4fa4-a97d-d965ccfc6d4b" outcome="Passed" testListId="8c84fa94-04c1-424b-9868-57a2d4851a1d" relativeResultsDirectory="fdf2afbf-0270-4068-8a37-fc3932cf65f2" />
    <UnitTestResult executionId="bed436fb-fb59-4677-9ee9-a82dcf26582b" testId="d5c3657d-a220-d2b1-57c9-e4353f6b9eb6" testName="xUnitTestProject.CurrencyHelperTests.FormatToStringTest1000(price: 12125.090155628086, expected: &quot;12125.09 zł&quot;)" computerName="DESKTOP-5URQ9PB" duration="00:00:00.0000061" startTime="2022-06-13T21:15:00.1855333+02:00" endTime="2022-06-13T21:15:00.1855334+02:00" testType="13cdc9d9-ddb5-4fa4-a97d-d965ccfc6d4b" outcome="Passed" testListId="8c84fa94-04c1-424b-9868-57a2d4851a1d" relativeResultsDirectory="bed436fb-fb59-4677-9ee9-a82dcf26582b" />
    <UnitTestResult executionId="1098650c-7d0b-4319-84d9-466bef7fa112" testId="b59817a2-024b-f794-3f46-68714948a01a" testName="xUnitTestProject.CurrencyHelperTests.FormatToStringTest1000(price: 740.3213011405064, expected: &quot;740.32 zł&quot;)" computerName="DESKTOP-5URQ9PB" duration="00:00:00.0000077" startTime="2022-06-13T21:15:00.1257119+02:00" endTime="2022-06-13T21:15:00.1257122+02:00" testType="13cdc9d9-ddb5-4fa4-a97d-d965ccfc6d4b" outcome="Passed" testListId="8c84fa94-04c1-424b-9868-57a2d4851a1d" relativeResultsDirectory="1098650c-7d0b-4319-84d9-466bef7fa112" />
    <UnitTestResult executionId="b83b73b0-5efe-42bd-8de6-d45c9ed6d74b" testId="e1f98d4b-b934-3301-b07c-a8722a8e1bf4" testName="xUnitTestProject.CurrencyHelperTests.FormatToStringTest1000(price: 468.83385119346616, expected: &quot;468.83 zł&quot;)" computerName="DESKTOP-5URQ9PB" duration="00:00:00.0000064" startTime="2022-06-13T21:15:00.1009878+02:00" endTime="2022-06-13T21:15:00.1009880+02:00" testType="13cdc9d9-ddb5-4fa4-a97d-d965ccfc6d4b" outcome="Passed" testListId="8c84fa94-04c1-424b-9868-57a2d4851a1d" relativeResultsDirectory="b83b73b0-5efe-42bd-8de6-d45c9ed6d74b" />
    <UnitTestResult executionId="2ea771ca-94c4-42f8-b16e-ae962a36d8aa" testId="de1aa414-8fbd-dead-288e-d558b1305dac" testName="xUnitTestProject.CurrencyHelperTests.FormatToStringTest1000(price: 486.15309567942893, expected: &quot;486.15 zł&quot;)" computerName="DESKTOP-5URQ9PB" duration="00:00:00.0000044" startTime="2022-06-13T21:15:00.1789475+02:00" endTime="2022-06-13T21:15:00.1789476+02:00" testType="13cdc9d9-ddb5-4fa4-a97d-d965ccfc6d4b" outcome="Passed" testListId="8c84fa94-04c1-424b-9868-57a2d4851a1d" relativeResultsDirectory="2ea771ca-94c4-42f8-b16e-ae962a36d8aa" />
    <UnitTestResult executionId="071de147-2238-4334-905c-7b5683f662e3" testId="0b4d877e-fce2-536e-a6f4-e4fbe4e6e47c" testName="xUnitTestProject.CurrencyHelperTests.FormatToStringTest1000(price: 4919.073526169674, expected: &quot;4919.07 zł&quot;)" computerName="DESKTOP-5URQ9PB" duration="00:00:00.0000054" startTime="2022-06-13T21:15:00.1472859+02:00" endTime="2022-06-13T21:15:00.1472861+02:00" testType="13cdc9d9-ddb5-4fa4-a97d-d965ccfc6d4b" outcome="Passed" testListId="8c84fa94-04c1-424b-9868-57a2d4851a1d" relativeResultsDirectory="071de147-2238-4334-905c-7b5683f662e3" />
    <UnitTestResult executionId="8e9b4536-0b72-4712-8246-827264e48fbf" testId="6590b071-f8b2-e4e3-3b40-027135dfc051" testName="xUnitTestProject.CurrencyHelperTests.FormatToStringTest1000(price: 62975.496334776515, expected: &quot;62975.50 zł&quot;)" computerName="DESKTOP-5URQ9PB" duration="00:00:00.0000041" startTime="2022-06-13T21:15:00.0919696+02:00" endTime="2022-06-13T21:15:00.0919698+02:00" testType="13cdc9d9-ddb5-4fa4-a97d-d965ccfc6d4b" outcome="Passed" testListId="8c84fa94-04c1-424b-9868-57a2d4851a1d" relativeResultsDirectory="8e9b4536-0b72-4712-8246-827264e48fbf" />
    <UnitTestResult executionId="635ae169-c5ec-4634-afce-5f692fcb7b44" testId="72858ddf-be22-dd7b-74db-ce66ecacd1dd" testName="xUnitTestProject.CurrencyHelperTests.FormatToStringTest1000(price: 1614.2516601789982, expected: &quot;1614.25 zł&quot;)" computerName="DESKTOP-5URQ9PB" duration="00:00:00.0000072" startTime="2022-06-13T21:15:00.1315663+02:00" endTime="2022-06-13T21:15:00.1315665+02:00" testType="13cdc9d9-ddb5-4fa4-a97d-d965ccfc6d4b" outcome="Passed" testListId="8c84fa94-04c1-424b-9868-57a2d4851a1d" relativeResultsDirectory="635ae169-c5ec-4634-afce-5f692fcb7b44" />
    <UnitTestResult executionId="720628bf-0a08-41a3-a7e8-a93a38de12c8" testId="a1fbb77d-adf8-8ccd-4022-16be128e7ade" testName="xUnitTestProject.CurrencyHelperTests.FormatToStringTest1000(price: 5504.094303639184, expected: &quot;5504.09 zł&quot;)" computerName="DESKTOP-5URQ9PB" duration="00:00:00.0000059" startTime="2022-06-13T21:15:00.1744617+02:00" endTime="2022-06-13T21:15:00.1744619+02:00" testType="13cdc9d9-ddb5-4fa4-a97d-d965ccfc6d4b" outcome="Passed" testListId="8c84fa94-04c1-424b-9868-57a2d4851a1d" relativeResultsDirectory="720628bf-0a08-41a3-a7e8-a93a38de12c8" />
    <UnitTestResult executionId="b9ae8b02-a42c-4093-83d8-ff83b465e27e" testId="4adfbd6f-49a9-0885-850f-1a4998e7f85f" testName="xUnitTestProject.CurrencyHelperTests.FormatToStringTest1000(price: 19103.831635461574, expected: &quot;19103.83 zł&quot;)" computerName="DESKTOP-5URQ9PB" duration="00:00:00.0000059" startTime="2022-06-13T21:15:00.1615764+02:00" endTime="2022-06-13T21:15:00.1615767+02:00" testType="13cdc9d9-ddb5-4fa4-a97d-d965ccfc6d4b" outcome="Passed" testListId="8c84fa94-04c1-424b-9868-57a2d4851a1d" relativeResultsDirectory="b9ae8b02-a42c-4093-83d8-ff83b465e27e" />
    <UnitTestResult executionId="430805ee-09d2-498f-8cec-f437293ec742" testId="1536b0a9-7189-743d-a273-29feae6f0843" testName="xUnitTestProject.CurrencyHelperTests.FormatToStringTest1000(price: 24729.333280806586, expected: &quot;24729.33 zł&quot;)" computerName="DESKTOP-5URQ9PB" duration="00:00:00.0000041" startTime="2022-06-13T21:15:00.1743874+02:00" endTime="2022-06-13T21:15:00.1743875+02:00" testType="13cdc9d9-ddb5-4fa4-a97d-d965ccfc6d4b" outcome="Passed" testListId="8c84fa94-04c1-424b-9868-57a2d4851a1d" relativeResultsDirectory="430805ee-09d2-498f-8cec-f437293ec742" />
    <UnitTestResult executionId="c37ff303-bef1-49db-b30a-8ae4d6e8ed0e" testId="f1679d4a-b856-7d51-628e-8f29c288c7ca" testName="xUnitTestProject.CurrencyHelperTests.FormatToStringTest1000(price: 51503.82905738234, expected: &quot;51503.83 zł&quot;)" computerName="DESKTOP-5URQ9PB" duration="00:00:00.0000071" startTime="2022-06-13T21:15:00.1282348+02:00" endTime="2022-06-13T21:15:00.1282350+02:00" testType="13cdc9d9-ddb5-4fa4-a97d-d965ccfc6d4b" outcome="Passed" testListId="8c84fa94-04c1-424b-9868-57a2d4851a1d" relativeResultsDirectory="c37ff303-bef1-49db-b30a-8ae4d6e8ed0e" />
    <UnitTestResult executionId="3478fb81-cc04-4a56-a81d-255908702ece" testId="fa34dc68-0a28-d88d-9f8e-755de73cf02d" testName="xUnitTestProject.CurrencyHelperTests.FormatToStringTest1000(price: 41915.7945284563, expected: &quot;41915.79 zł&quot;)" computerName="DESKTOP-5URQ9PB" duration="00:00:00.0000113" startTime="2022-06-13T21:15:00.1878643+02:00" endTime="2022-06-13T21:15:00.1878644+02:00" testType="13cdc9d9-ddb5-4fa4-a97d-d965ccfc6d4b" outcome="Passed" testListId="8c84fa94-04c1-424b-9868-57a2d4851a1d" relativeResultsDirectory="3478fb81-cc04-4a56-a81d-255908702ece" />
    <UnitTestResult executionId="9e661423-f8e7-493e-8a53-9a252ed49454" testId="83d0208c-cef3-bd49-264a-c0709c65e66e" testName="xUnitTestProject.CurrencyHelperTests.FormatToStringTest1000(price: 6958.393354767186, expected: &quot;6958.39 zł&quot;)" computerName="DESKTOP-5URQ9PB" duration="00:00:00.0000069" startTime="2022-06-13T21:15:00.1616554+02:00" endTime="2022-06-13T21:15:00.1616555+02:00" testType="13cdc9d9-ddb5-4fa4-a97d-d965ccfc6d4b" outcome="Passed" testListId="8c84fa94-04c1-424b-9868-57a2d4851a1d" relativeResultsDirectory="9e661423-f8e7-493e-8a53-9a252ed49454" />
    <UnitTestResult executionId="031d1ccf-a273-4eb4-be63-981d08853a14" testId="f62ec529-2064-feb0-d217-30e62f8296ba" testName="xUnitTestProject.CurrencyHelperTests.FormatToStringTest1000(price: 58459.03113649601, expected: &quot;58459.03 zł&quot;)" computerName="DESKTOP-5URQ9PB" duration="00:00:00.0000041" startTime="2022-06-13T21:15:00.0965595+02:00" endTime="2022-06-13T21:15:00.0965597+02:00" testType="13cdc9d9-ddb5-4fa4-a97d-d965ccfc6d4b" outcome="Passed" testListId="8c84fa94-04c1-424b-9868-57a2d4851a1d" relativeResultsDirectory="031d1ccf-a273-4eb4-be63-981d08853a14" />
    <UnitTestResult executionId="0189494f-b44f-42cf-9e69-3f6065ff9591" testId="4df9b13a-de84-7056-3c88-543d3fa32c62" testName="xUnitTestProject.CurrencyHelperTests.FormatToStringTest1000(price: 2121.0917325211185, expected: &quot;2121.09 zł&quot;)" computerName="DESKTOP-5URQ9PB" duration="00:00:00.0000046" startTime="2022-06-13T21:15:00.1722784+02:00" endTime="2022-06-13T21:15:00.1722786+02:00" testType="13cdc9d9-ddb5-4fa4-a97d-d965ccfc6d4b" outcome="Passed" testListId="8c84fa94-04c1-424b-9868-57a2d4851a1d" relativeResultsDirectory="0189494f-b44f-42cf-9e69-3f6065ff9591" />
    <UnitTestResult executionId="bd65a7b1-6914-4c2b-9968-cb1693f4e005" testId="9c8eee20-620b-e0aa-1580-d34a7e65e392" testName="xUnitTestProject.CurrencyHelperTests.FormatToStringTest1000(price: 9151.103070427245, expected: &quot;9151.10 zł&quot;)" computerName="DESKTOP-5URQ9PB" duration="00:00:00.0000069" startTime="2022-06-13T21:15:00.1699584+02:00" endTime="2022-06-13T21:15:00.1699586+02:00" testType="13cdc9d9-ddb5-4fa4-a97d-d965ccfc6d4b" outcome="Passed" testListId="8c84fa94-04c1-424b-9868-57a2d4851a1d" relativeResultsDirectory="bd65a7b1-6914-4c2b-9968-cb1693f4e005" />
    <UnitTestResult executionId="26268940-6f20-4122-8881-714f0a31041d" testId="1ad63577-6f41-15d0-2387-0963e1b2bf95" testName="xUnitTestProject.CurrencyHelperTests.FormatToStringTest1000(price: 45070.5442499493, expected: &quot;45070.54 zł&quot;)" computerName="DESKTOP-5URQ9PB" duration="00:00:00.0000051" startTime="2022-06-13T21:15:00.0841568+02:00" endTime="2022-06-13T21:15:00.0841570+02:00" testType="13cdc9d9-ddb5-4fa4-a97d-d965ccfc6d4b" outcome="Passed" testListId="8c84fa94-04c1-424b-9868-57a2d4851a1d" relativeResultsDirectory="26268940-6f20-4122-8881-714f0a31041d" />
    <UnitTestResult executionId="665e0327-1fc9-4d4f-a9f9-4310a0dd8c0f" testId="65e69234-8b4f-5c5d-4c39-26b683719c33" testName="xUnitTestProject.CurrencyHelperTests.FormatToStringTest1000(price: 9079.930405251649, expected: &quot;9079.93 zł&quot;)" computerName="DESKTOP-5URQ9PB" duration="00:00:00.0000066" startTime="2022-06-13T21:15:00.1582934+02:00" endTime="2022-06-13T21:15:00.1582935+02:00" testType="13cdc9d9-ddb5-4fa4-a97d-d965ccfc6d4b" outcome="Passed" testListId="8c84fa94-04c1-424b-9868-57a2d4851a1d" relativeResultsDirectory="665e0327-1fc9-4d4f-a9f9-4310a0dd8c0f" />
    <UnitTestResult executionId="92c37778-4ecd-43c9-aff1-a340751a653d" testId="79a853ed-d140-e6d5-86c3-6423b904d524" testName="xUnitTestProject.CurrencyHelperTests.FormatToStringTest1000(price: 22604.838218828587, expected: &quot;22604.84 zł&quot;)" computerName="DESKTOP-5URQ9PB" duration="00:00:00.0000049" startTime="2022-06-13T21:15:00.1933886+02:00" endTime="2022-06-13T21:15:00.1933888+02:00" testType="13cdc9d9-ddb5-4fa4-a97d-d965ccfc6d4b" outcome="Passed" testListId="8c84fa94-04c1-424b-9868-57a2d4851a1d" relativeResultsDirectory="92c37778-4ecd-43c9-aff1-a340751a653d" />
    <UnitTestResult executionId="909d4919-44b1-4218-b7e0-c8a1e07690b9" testId="d674a2b2-91f4-595f-2a5d-e8f6a4053ca1" testName="xUnitTestProject.CurrencyHelperTests.FormatToStringTest1000(price: 8851.904041135638, expected: &quot;8851.90 zł&quot;)" computerName="DESKTOP-5URQ9PB" duration="00:00:00.0000069" startTime="2022-06-13T21:15:00.1550626+02:00" endTime="2022-06-13T21:15:00.1550628+02:00" testType="13cdc9d9-ddb5-4fa4-a97d-d965ccfc6d4b" outcome="Passed" testListId="8c84fa94-04c1-424b-9868-57a2d4851a1d" relativeResultsDirectory="909d4919-44b1-4218-b7e0-c8a1e07690b9" />
    <UnitTestResult executionId="09e6d977-1e58-4573-911b-de6d9d70eacb" testId="2a9faf6f-4d21-d971-4115-0a2cf31c75ab" testName="xUnitTestProject.CurrencyHelperTests.FormatToStringTest1000(price: 658.7555888573431, expected: &quot;658.76 zł&quot;)" computerName="DESKTOP-5URQ9PB" duration="00:00:00.0000043" startTime="2022-06-13T21:15:00.1935057+02:00" endTime="2022-06-13T21:15:00.1935059+02:00" testType="13cdc9d9-ddb5-4fa4-a97d-d965ccfc6d4b" outcome="Passed" testListId="8c84fa94-04c1-424b-9868-57a2d4851a1d" relativeResultsDirectory="09e6d977-1e58-4573-911b-de6d9d70eacb" />
    <UnitTestResult executionId="f7ec433b-3af6-4e8a-87a5-3e8301cdfeca" testId="0a8dd3d5-59e9-8093-402f-f8fc213265ce" testName="xUnitTestProject.CurrencyHelperTests.FormatToStringTest1000(price: 11022.594234092438, expected: &quot;11022.59 zł&quot;)" computerName="DESKTOP-5URQ9PB" duration="00:00:00.0000039" startTime="2022-06-13T21:15:00.0596411+02:00" endTime="2022-06-13T21:15:00.0596413+02:00" testType="13cdc9d9-ddb5-4fa4-a97d-d965ccfc6d4b" outcome="Passed" testListId="8c84fa94-04c1-424b-9868-57a2d4851a1d" relativeResultsDirectory="f7ec433b-3af6-4e8a-87a5-3e8301cdfeca" />
    <UnitTestResult executionId="3a661e34-7c1e-46eb-94b6-300a2dd5e31f" testId="6a1a0675-fdd2-69ea-ed07-cd8b45ca5094" testName="xUnitTestProject.CurrencyHelperTests.FormatToStringTest1000(price: 24825.207513729205, expected: &quot;24825.21 zł&quot;)" computerName="DESKTOP-5URQ9PB" duration="00:00:00.0000067" startTime="2022-06-13T21:15:00.1304827+02:00" endTime="2022-06-13T21:15:00.1304828+02:00" testType="13cdc9d9-ddb5-4fa4-a97d-d965ccfc6d4b" outcome="Passed" testListId="8c84fa94-04c1-424b-9868-57a2d4851a1d" relativeResultsDirectory="3a661e34-7c1e-46eb-94b6-300a2dd5e31f" />
    <UnitTestResult executionId="09231c30-5092-4bd6-88e4-4a93cd0e6d13" testId="9bed9c4d-df2b-32b1-c6ce-ea879f4b2fcd" testName="xUnitTestProject.CurrencyHelperTests.FormatToStringTest1000(price: 6429.44273095552, expected: &quot;6429.44 zł&quot;)" computerName="DESKTOP-5URQ9PB" duration="00:00:00.0000068" startTime="2022-06-13T21:15:00.1303710+02:00" endTime="2022-06-13T21:15:00.1303712+02:00" testType="13cdc9d9-ddb5-4fa4-a97d-d965ccfc6d4b" outcome="Passed" testListId="8c84fa94-04c1-424b-9868-57a2d4851a1d" relativeResultsDirectory="09231c30-5092-4bd6-88e4-4a93cd0e6d13" />
    <UnitTestResult executionId="e4b03797-9741-4f95-b7e1-a285c0613c0d" testId="1d8f4068-0f19-f951-5966-43f32b70fb4f" testName="xUnitTestProject.CurrencyHelperTests.FormatToStringTest1000(price: 63115.864864394935, expected: &quot;63115.86 zł&quot;)" computerName="DESKTOP-5URQ9PB" duration="00:00:00.0000076" startTime="2022-06-13T21:15:00.1182107+02:00" endTime="2022-06-13T21:15:00.1182109+02:00" testType="13cdc9d9-ddb5-4fa4-a97d-d965ccfc6d4b" outcome="Passed" testListId="8c84fa94-04c1-424b-9868-57a2d4851a1d" relativeResultsDirectory="e4b03797-9741-4f95-b7e1-a285c0613c0d" />
    <UnitTestResult executionId="3b7c7b72-7bdf-409c-9c35-6b349f9145d0" testId="b96da561-72c0-f108-100e-28aea4f8d524" testName="xUnitTestProject.CurrencyHelperTests.FormatToStringTest1000(price: 9818.257405763146, expected: &quot;9818.26 zł&quot;)" computerName="DESKTOP-5URQ9PB" duration="00:00:00.0000056" startTime="2022-06-13T21:15:00.1171448+02:00" endTime="2022-06-13T21:15:00.1171450+02:00" testType="13cdc9d9-ddb5-4fa4-a97d-d965ccfc6d4b" outcome="Passed" testListId="8c84fa94-04c1-424b-9868-57a2d4851a1d" relativeResultsDirectory="3b7c7b72-7bdf-409c-9c35-6b349f9145d0" />
    <UnitTestResult executionId="13722bf1-2696-40c3-a36f-36594d4a5d98" testId="5aa929b3-dac1-52ec-e2ea-8e7fca692c42" testName="xUnitTestProject.CurrencyHelperTests.FormatToStringTest1000(price: 48084.94422955389, expected: &quot;48084.94 zł&quot;)" computerName="DESKTOP-5URQ9PB" duration="00:00:00.0000061" startTime="2022-06-13T21:15:00.1088078+02:00" endTime="2022-06-13T21:15:00.1088079+02:00" testType="13cdc9d9-ddb5-4fa4-a97d-d965ccfc6d4b" outcome="Passed" testListId="8c84fa94-04c1-424b-9868-57a2d4851a1d" relativeResultsDirectory="13722bf1-2696-40c3-a36f-36594d4a5d98" />
    <UnitTestResult executionId="63dbcf10-f77b-4f89-93cc-f660a74ad2da" testId="bf0f3eb7-c08a-24a8-fd8d-3d7e3051107b" testName="xUnitTestProject.CurrencyHelperTests.FormatToStringTest1000(price: 88584.97010041306, expected: &quot;88584.97 zł&quot;)" computerName="DESKTOP-5URQ9PB" duration="00:00:00.0000071" startTime="2022-06-13T21:15:00.1495532+02:00" endTime="2022-06-13T21:15:00.1495534+02:00" testType="13cdc9d9-ddb5-4fa4-a97d-d965ccfc6d4b" outcome="Passed" testListId="8c84fa94-04c1-424b-9868-57a2d4851a1d" relativeResultsDirectory="63dbcf10-f77b-4f89-93cc-f660a74ad2da" />
    <UnitTestResult executionId="fff51839-a695-4105-9e76-e8862580efc2" testId="a815ca81-3cc8-5bb5-3df9-88bef0e0f650" testName="xUnitTestProject.CurrencyHelperTests.FormatToStringTest1000(price: 6352.983758103561, expected: &quot;6352.98 zł&quot;)" computerName="DESKTOP-5URQ9PB" duration="00:00:00.0000041" startTime="2022-06-13T21:15:00.0804173+02:00" endTime="2022-06-13T21:15:00.0804174+02:00" testType="13cdc9d9-ddb5-4fa4-a97d-d965ccfc6d4b" outcome="Passed" testListId="8c84fa94-04c1-424b-9868-57a2d4851a1d" relativeResultsDirectory="fff51839-a695-4105-9e76-e8862580efc2" />
    <UnitTestResult executionId="85660061-c7a5-49c2-a8c2-04e7bf1e19b3" testId="f51f29d9-e43f-bc49-2068-6f7ccdbadb29" testName="xUnitTestProject.CurrencyHelperTests.FormatToStringTest1000(price: 21753.84773194969, expected: &quot;21753.85 zł&quot;)" computerName="DESKTOP-5URQ9PB" duration="00:00:00.0000043" startTime="2022-06-13T21:15:00.1897707+02:00" endTime="2022-06-13T21:15:00.1897709+02:00" testType="13cdc9d9-ddb5-4fa4-a97d-d965ccfc6d4b" outcome="Passed" testListId="8c84fa94-04c1-424b-9868-57a2d4851a1d" relativeResultsDirectory="85660061-c7a5-49c2-a8c2-04e7bf1e19b3" />
    <UnitTestResult executionId="1e52ddd7-43c7-46dd-85bf-ea504f071bed" testId="647d0f12-f39c-4459-8e85-bad3059c7bbf" testName="xUnitTestProject.CurrencyHelperTests.FormatToStringTest1000(price: 37.631227987646696, expected: &quot;37.63 zł&quot;)" computerName="DESKTOP-5URQ9PB" duration="00:00:00.0000065" startTime="2022-06-13T21:15:00.0727782+02:00" endTime="2022-06-13T21:15:00.0727784+02:00" testType="13cdc9d9-ddb5-4fa4-a97d-d965ccfc6d4b" outcome="Passed" testListId="8c84fa94-04c1-424b-9868-57a2d4851a1d" relativeResultsDirectory="1e52ddd7-43c7-46dd-85bf-ea504f071bed" />
    <UnitTestResult executionId="48a8f833-7284-4186-9c38-d6e5f339357a" testId="4e988653-eb1d-5757-a9c9-94e533451c54" testName="xUnitTestProject.CurrencyHelperTests.FormatToStringTest1000(price: 1482.3501845832682, expected: &quot;1482.35 zł&quot;)" computerName="DESKTOP-5URQ9PB" duration="00:00:00.0000069" startTime="2022-06-13T21:15:00.1280612+02:00" endTime="2022-06-13T21:15:00.1280615+02:00" testType="13cdc9d9-ddb5-4fa4-a97d-d965ccfc6d4b" outcome="Passed" testListId="8c84fa94-04c1-424b-9868-57a2d4851a1d" relativeResultsDirectory="48a8f833-7284-4186-9c38-d6e5f339357a" />
    <UnitTestResult executionId="d6f4a6fa-11d8-4a43-9433-b40306126023" testId="abc33cd0-29a9-07f5-4aa9-4d70e8dec4a4" testName="xUnitTestProject.CurrencyHelperTests.FormatToStringTest1000(price: 32218.080508120394, expected: &quot;32218.08 zł&quot;)" computerName="DESKTOP-5URQ9PB" duration="00:00:00.0000040" startTime="2022-06-13T21:15:00.0931515+02:00" endTime="2022-06-13T21:15:00.0931517+02:00" testType="13cdc9d9-ddb5-4fa4-a97d-d965ccfc6d4b" outcome="Passed" testListId="8c84fa94-04c1-424b-9868-57a2d4851a1d" relativeResultsDirectory="d6f4a6fa-11d8-4a43-9433-b40306126023" />
    <UnitTestResult executionId="697efbb9-6bc2-44fd-8d14-a42c863196c0" testId="33fd1dda-62a8-0bed-a4ce-731800ce94c0" testName="xUnitTestProject.CurrencyHelperTests.FormatToStringTest1000(price: 19210.519530370144, expected: &quot;19210.52 zł&quot;)" computerName="DESKTOP-5URQ9PB" duration="00:00:00.0000041" startTime="2022-06-13T21:15:00.1935649+02:00" endTime="2022-06-13T21:15:00.1935650+02:00" testType="13cdc9d9-ddb5-4fa4-a97d-d965ccfc6d4b" outcome="Passed" testListId="8c84fa94-04c1-424b-9868-57a2d4851a1d" relativeResultsDirectory="697efbb9-6bc2-44fd-8d14-a42c863196c0" />
    <UnitTestResult executionId="48b7d2a1-9ab2-439c-aeff-4beb75c393b4" testId="a8d731c5-67df-9575-20e2-4e702b3d5817" testName="xUnitTestProject.CurrencyHelperTests.FormatToStringTest1000(price: 13323.876109275909, expected: &quot;13323.88 zł&quot;)" computerName="DESKTOP-5URQ9PB" duration="00:00:00.0000061" startTime="2022-06-13T21:15:00.1427878+02:00" endTime="2022-06-13T21:15:00.1427880+02:00" testType="13cdc9d9-ddb5-4fa4-a97d-d965ccfc6d4b" outcome="Passed" testListId="8c84fa94-04c1-424b-9868-57a2d4851a1d" relativeResultsDirectory="48b7d2a1-9ab2-439c-aeff-4beb75c393b4" />
    <UnitTestResult executionId="0f4ec70a-6a20-4746-8ffa-8ba0edcca6e0" testId="c303e402-0edb-f6ba-e4af-33ac122437de" testName="xUnitTestProject.CurrencyHelperTests.FormatToStringTest1000(price: 6105.007054037418, expected: &quot;6105.01 zł&quot;)" computerName="DESKTOP-5URQ9PB" duration="00:00:00.0000041" startTime="2022-06-13T21:15:00.1765709+02:00" endTime="2022-06-13T21:15:00.1765711+02:00" testType="13cdc9d9-ddb5-4fa4-a97d-d965ccfc6d4b" outcome="Passed" testListId="8c84fa94-04c1-424b-9868-57a2d4851a1d" relativeResultsDirectory="0f4ec70a-6a20-4746-8ffa-8ba0edcca6e0" />
    <UnitTestResult executionId="582225c6-6822-4ff2-b93a-f63eeeefd313" testId="2903f8f9-605c-f4a1-c251-e272e8faf58d" testName="xUnitTestProject.CurrencyHelperTests.FormatToStringTest1000(price: 40857.08543233996, expected: &quot;40857.09 zł&quot;)" computerName="DESKTOP-5URQ9PB" duration="00:00:00.0000056" startTime="2022-06-13T21:15:00.1294401+02:00" endTime="2022-06-13T21:15:00.1294403+02:00" testType="13cdc9d9-ddb5-4fa4-a97d-d965ccfc6d4b" outcome="Passed" testListId="8c84fa94-04c1-424b-9868-57a2d4851a1d" relativeResultsDirectory="582225c6-6822-4ff2-b93a-f63eeeefd313" />
    <UnitTestResult executionId="b0a5c174-5809-4350-920f-787dcdc3c670" testId="da125bcd-1715-deae-cc3d-6c75d593b271" testName="xUnitTestProject.CurrencyHelperTests.FormatToStringTest1000(price: 3092.9215945624383, expected: &quot;3092.92 zł&quot;)" computerName="DESKTOP-5URQ9PB" duration="00:00:00.0000068" startTime="2022-06-13T21:15:00.0864405+02:00" endTime="2022-06-13T21:15:00.0864407+02:00" testType="13cdc9d9-ddb5-4fa4-a97d-d965ccfc6d4b" outcome="Passed" testListId="8c84fa94-04c1-424b-9868-57a2d4851a1d" relativeResultsDirectory="b0a5c174-5809-4350-920f-787dcdc3c670" />
    <UnitTestResult executionId="dbee6028-53bf-4f3a-8137-87eaf05868f7" testId="ab963705-3e28-cc1d-5bf1-a88ea216bc34" testName="xUnitTestProject.CurrencyHelperTests.FormatToStringTest1000(price: 43222.47958431695, expected: &quot;43222.48 zł&quot;)" computerName="DESKTOP-5URQ9PB" duration="00:00:00.0000054" startTime="2022-06-13T21:15:00.1834642+02:00" endTime="2022-06-13T21:15:00.1834644+02:00" testType="13cdc9d9-ddb5-4fa4-a97d-d965ccfc6d4b" outcome="Passed" testListId="8c84fa94-04c1-424b-9868-57a2d4851a1d" relativeResultsDirectory="dbee6028-53bf-4f3a-8137-87eaf05868f7" />
    <UnitTestResult executionId="3268608e-c947-436d-a617-abcb94ec6e60" testId="560147e0-585f-3c73-5235-3ae492c399e0" testName="xUnitTestProject.CurrencyHelperTests.FormatToStringTest1000(price: 31340.79231238914, expected: &quot;31340.79 zł&quot;)" computerName="DESKTOP-5URQ9PB" duration="00:00:00.0000048" startTime="2022-06-13T21:15:00.0865911+02:00" endTime="2022-06-13T21:15:00.0865912+02:00" testType="13cdc9d9-ddb5-4fa4-a97d-d965ccfc6d4b" outcome="Passed" testListId="8c84fa94-04c1-424b-9868-57a2d4851a1d" relativeResultsDirectory="3268608e-c947-436d-a617-abcb94ec6e60" />
    <UnitTestResult executionId="1a3e089d-3784-4194-8354-2f708199859e" testId="c09fd9f3-56b2-979f-b5dc-a5cbb3bb898a" testName="xUnitTestProject.CurrencyHelperTests.FormatToStringTest1000(price: 32216.686763396807, expected: &quot;32216.69 zł&quot;)" computerName="DESKTOP-5URQ9PB" duration="00:00:00.0000065" startTime="2022-06-13T21:15:00.0829128+02:00" endTime="2022-06-13T21:15:00.0829132+02:00" testType="13cdc9d9-ddb5-4fa4-a97d-d965ccfc6d4b" outcome="Passed" testListId="8c84fa94-04c1-424b-9868-57a2d4851a1d" relativeResultsDirectory="1a3e089d-3784-4194-8354-2f708199859e" />
    <UnitTestResult executionId="6ce8d7a7-b4d9-443b-8611-688649fab9aa" testId="256b0aa4-ca9e-f9c0-c01a-e5ce082d7933" testName="xUnitTestProject.CurrencyHelperTests.FormatToStringTest1000(price: 4592.278577496428, expected: &quot;4592.28 zł&quot;)" computerName="DESKTOP-5URQ9PB" duration="00:00:00.0000067" startTime="2022-06-13T21:15:00.1214855+02:00" endTime="2022-06-13T21:15:00.1214856+02:00" testType="13cdc9d9-ddb5-4fa4-a97d-d965ccfc6d4b" outcome="Passed" testListId="8c84fa94-04c1-424b-9868-57a2d4851a1d" relativeResultsDirectory="6ce8d7a7-b4d9-443b-8611-688649fab9aa" />
    <UnitTestResult executionId="8985ce20-fdca-44d1-9c4e-030454696120" testId="ff8ddb46-4b79-2ee0-2d36-ef22ba3dcd81" testName="xUnitTestProject.CurrencyHelperTests.FormatToStringTest1000(price: 6262.373413993219, expected: &quot;6262.37 zł&quot;)" computerName="DESKTOP-5URQ9PB" duration="00:00:00.0000040" startTime="2022-06-13T21:15:00.0726606+02:00" endTime="2022-06-13T21:15:00.0726608+02:00" testType="13cdc9d9-ddb5-4fa4-a97d-d965ccfc6d4b" outcome="Passed" testListId="8c84fa94-04c1-424b-9868-57a2d4851a1d" relativeResultsDirectory="8985ce20-fdca-44d1-9c4e-030454696120" />
    <UnitTestResult executionId="2d40889a-547b-4e47-9fb8-1739134b80db" testId="b9b36c19-155c-ac46-851c-623393903657" testName="xUnitTestProject.CurrencyHelperTests.FormatToStringTest1000(price: 1187.8237780126854, expected: &quot;1187.82 zł&quot;)" computerName="DESKTOP-5URQ9PB" duration="00:00:00.0000074" startTime="2022-06-13T21:15:00.1452408+02:00" endTime="2022-06-13T21:15:00.1452410+02:00" testType="13cdc9d9-ddb5-4fa4-a97d-d965ccfc6d4b" outcome="Passed" testListId="8c84fa94-04c1-424b-9868-57a2d4851a1d" relativeResultsDirectory="2d40889a-547b-4e47-9fb8-1739134b80db" />
    <UnitTestResult executionId="444ce01f-2e9e-4e3d-8eb8-2783a6da1005" testId="d256d95f-79c2-283f-fe67-61aaa54d0e1b" testName="xUnitTestProject.CurrencyHelperTests.FormatToStringTest1000(price: 4648.492795337221, expected: &quot;4648.49 zł&quot;)" computerName="DESKTOP-5URQ9PB" duration="00:00:00.0000069" startTime="2022-06-13T21:15:00.1282720+02:00" endTime="2022-06-13T21:15:00.1282722+02:00" testType="13cdc9d9-ddb5-4fa4-a97d-d965ccfc6d4b" outcome="Passed" testListId="8c84fa94-04c1-424b-9868-57a2d4851a1d" relativeResultsDirectory="444ce01f-2e9e-4e3d-8eb8-2783a6da1005" />
    <UnitTestResult executionId="9ab0dd41-ddb6-4689-b76f-45af4555abb1" testId="d5ee81d6-78bc-115b-efec-5de38db0e38b" testName="xUnitTestProject.CurrencyHelperTests.FormatToStringTest1000(price: 1514.6266382441981, expected: &quot;1514.63 zł&quot;)" computerName="DESKTOP-5URQ9PB" duration="00:00:00.0000041" startTime="2022-06-13T21:15:00.0941035+02:00" endTime="2022-06-13T21:15:00.0941037+02:00" testType="13cdc9d9-ddb5-4fa4-a97d-d965ccfc6d4b" outcome="Passed" testListId="8c84fa94-04c1-424b-9868-57a2d4851a1d" relativeResultsDirectory="9ab0dd41-ddb6-4689-b76f-45af4555abb1" />
    <UnitTestResult executionId="98f665be-f416-49dc-bd38-ea2dc71818f9" testId="a735bc53-5ccf-d2d2-51e4-40be87eec2ab" testName="xUnitTestProject.CurrencyHelperTests.FormatToStringTest1000(price: 28992.38363400166, expected: &quot;28992.38 zł&quot;)" computerName="DESKTOP-5URQ9PB" duration="00:00:00.0000048" startTime="2022-06-13T21:15:00.1020942+02:00" endTime="2022-06-13T21:15:00.1020943+02:00" testType="13cdc9d9-ddb5-4fa4-a97d-d965ccfc6d4b" outcome="Passed" testListId="8c84fa94-04c1-424b-9868-57a2d4851a1d" relativeResultsDirectory="98f665be-f416-49dc-bd38-ea2dc71818f9" />
    <UnitTestResult executionId="75840908-82f1-4c02-b19e-e47a27e1fe70" testId="9f62336d-d2a3-438a-9707-488b6a94c792" testName="xUnitTestProject.CurrencyHelperTests.FormatToStringTest1000(price: 45739.569854490255, expected: &quot;45739.57 zł&quot;)" computerName="DESKTOP-5URQ9PB" duration="00:00:00.0000067" startTime="2022-06-13T21:15:00.1450516+02:00" endTime="2022-06-13T21:15:00.1450519+02:00" testType="13cdc9d9-ddb5-4fa4-a97d-d965ccfc6d4b" outcome="Passed" testListId="8c84fa94-04c1-424b-9868-57a2d4851a1d" relativeResultsDirectory="75840908-82f1-4c02-b19e-e47a27e1fe70" />
    <UnitTestResult executionId="d6a77f6c-d4c5-4cf2-bb21-55115cf6fd3a" testId="ef111b7b-895d-e083-171f-1b45ef31d01a" testName="xUnitTestProject.CurrencyHelperTests.FormatToStringTest1000(price: 33699.13042082038, expected: &quot;33699.13 zł&quot;)" computerName="DESKTOP-5URQ9PB" duration="00:00:00.0000043" startTime="2022-06-13T21:15:00.1925596+02:00" endTime="2022-06-13T21:15:00.1925598+02:00" testType="13cdc9d9-ddb5-4fa4-a97d-d965ccfc6d4b" outcome="Passed" testListId="8c84fa94-04c1-424b-9868-57a2d4851a1d" relativeResultsDirectory="d6a77f6c-d4c5-4cf2-bb21-55115cf6fd3a" />
    <UnitTestResult executionId="3ad25011-d89a-4175-9d54-ad289d12458c" testId="1f1eef69-3a21-cd3d-3a5f-46efeda6ab38" testName="xUnitTestProject.CurrencyHelperTests.FormatToStringTest1000(price: 7975.276658828965, expected: &quot;7975.28 zł&quot;)" computerName="DESKTOP-5URQ9PB" duration="00:00:00.0000045" startTime="2022-06-13T21:15:00.1733886+02:00" endTime="2022-06-13T21:15:00.1733888+02:00" testType="13cdc9d9-ddb5-4fa4-a97d-d965ccfc6d4b" outcome="Passed" testListId="8c84fa94-04c1-424b-9868-57a2d4851a1d" relativeResultsDirectory="3ad25011-d89a-4175-9d54-ad289d12458c" />
    <UnitTestResult executionId="7a8cc79b-fec4-4fcf-9252-dd72f93e8c36" testId="c24ecee8-9b5d-eb63-8afc-f2b0a38b7a72" testName="xUnitTestProject.CurrencyHelperTests.FormatToStringTest1000(price: 30722.846572104303, expected: &quot;30722.85 zł&quot;)" computerName="DESKTOP-5URQ9PB" duration="00:00:00.0000043" startTime="2022-06-13T21:15:00.1040872+02:00" endTime="2022-06-13T21:15:00.1040874+02:00" testType="13cdc9d9-ddb5-4fa4-a97d-d965ccfc6d4b" outcome="Passed" testListId="8c84fa94-04c1-424b-9868-57a2d4851a1d" relativeResultsDirectory="7a8cc79b-fec4-4fcf-9252-dd72f93e8c36" />
    <UnitTestResult executionId="e95d861c-48c3-4cdd-b25a-50f0bdffea86" testId="7729c68a-38c8-f8ce-da09-5022e186685c" testName="xUnitTestProject.CurrencyHelperTests.FormatToStringTest1000(price: 79.6815319544084, expected: &quot;79.68 zł&quot;)" computerName="DESKTOP-5URQ9PB" duration="00:00:00.0000049" startTime="2022-06-13T21:15:00.1065393+02:00" endTime="2022-06-13T21:15:00.1065395+02:00" testType="13cdc9d9-ddb5-4fa4-a97d-d965ccfc6d4b" outcome="Passed" testListId="8c84fa94-04c1-424b-9868-57a2d4851a1d" relativeResultsDirectory="e95d861c-48c3-4cdd-b25a-50f0bdffea86" />
    <UnitTestResult executionId="14dcafed-82b2-401a-985f-b06c14b6a74c" testId="237b1260-5bf2-21f1-fab1-5f4efe94ad6e" testName="xUnitTestProject.CurrencyHelperTests.FormatToStringTest1000(price: 1898.24149096489, expected: &quot;1898.24 zł&quot;)" computerName="DESKTOP-5URQ9PB" duration="00:00:00.0000073" startTime="2022-06-13T21:15:00.0715674+02:00" endTime="2022-06-13T21:15:00.0715676+02:00" testType="13cdc9d9-ddb5-4fa4-a97d-d965ccfc6d4b" outcome="Passed" testListId="8c84fa94-04c1-424b-9868-57a2d4851a1d" relativeResultsDirectory="14dcafed-82b2-401a-985f-b06c14b6a74c" />
    <UnitTestResult executionId="46a66aee-d6d9-4824-bd6a-a566e5aebfc6" testId="21c8abf8-9b6f-d71c-0d26-379759e20f24" testName="xUnitTestProject.CurrencyHelperTests.FormatToStringTest1000(price: 64124.274503948756, expected: &quot;64124.27 zł&quot;)" computerName="DESKTOP-5URQ9PB" duration="00:00:00.0000053" startTime="2022-06-13T21:15:00.1180986+02:00" endTime="2022-06-13T21:15:00.1180988+02:00" testType="13cdc9d9-ddb5-4fa4-a97d-d965ccfc6d4b" outcome="Passed" testListId="8c84fa94-04c1-424b-9868-57a2d4851a1d" relativeResultsDirectory="46a66aee-d6d9-4824-bd6a-a566e5aebfc6" />
    <UnitTestResult executionId="1701d0b4-ae4b-4ad1-9350-77745d1b16f2" testId="73284804-3614-1086-c9d3-907dba871693" testName="xUnitTestProject.CurrencyHelperTests.FormatToStringTest1000(price: 12187.551827252633, expected: &quot;12187.55 zł&quot;)" computerName="DESKTOP-5URQ9PB" duration="00:00:00.0000056" startTime="2022-06-13T21:15:00.1428249+02:00" endTime="2022-06-13T21:15:00.1428251+02:00" testType="13cdc9d9-ddb5-4fa4-a97d-d965ccfc6d4b" outcome="Passed" testListId="8c84fa94-04c1-424b-9868-57a2d4851a1d" relativeResultsDirectory="1701d0b4-ae4b-4ad1-9350-77745d1b16f2" />
    <UnitTestResult executionId="b1568d23-5e06-443c-8498-8cdb15e59bb6" testId="3a8cda37-b7cc-323f-afa4-03303dd2ce88" testName="xUnitTestProject.CurrencyHelperTests.FormatToStringTest1000(price: 134.1514758393874, expected: &quot;134.15 zł&quot;)" computerName="DESKTOP-5URQ9PB" duration="00:00:00.0000058" startTime="2022-06-13T21:15:00.1345363+02:00" endTime="2022-06-13T21:15:00.1345364+02:00" testType="13cdc9d9-ddb5-4fa4-a97d-d965ccfc6d4b" outcome="Passed" testListId="8c84fa94-04c1-424b-9868-57a2d4851a1d" relativeResultsDirectory="b1568d23-5e06-443c-8498-8cdb15e59bb6" />
    <UnitTestResult executionId="b19b6c97-84c3-4f3c-a4e8-c0efb6dcafaa" testId="f2b68a15-ef7c-c26b-ffdd-eb9ae7067bca" testName="xUnitTestProject.CurrencyHelperTests.FormatToStringTest1000(price: 58191.92113629585, expected: &quot;58191.92 zł&quot;)" computerName="DESKTOP-5URQ9PB" duration="00:00:00.0000045" startTime="2022-06-13T21:15:00.1018655+02:00" endTime="2022-06-13T21:15:00.1018657+02:00" testType="13cdc9d9-ddb5-4fa4-a97d-d965ccfc6d4b" outcome="Passed" testListId="8c84fa94-04c1-424b-9868-57a2d4851a1d" relativeResultsDirectory="b19b6c97-84c3-4f3c-a4e8-c0efb6dcafaa" />
    <UnitTestResult executionId="8f1bd6d8-5db0-46aa-9e7d-21a83f1fb134" testId="e6d7e4bb-8f4e-56e2-712f-a2453f4d8f71" testName="xUnitTestProject.CurrencyHelperTests.FormatToStringTest1000(price: 16688.70569393677, expected: &quot;16688.71 zł&quot;)" computerName="DESKTOP-5URQ9PB" duration="00:00:00.0000065" startTime="2022-06-13T21:15:00.0854868+02:00" endTime="2022-06-13T21:15:00.0854870+02:00" testType="13cdc9d9-ddb5-4fa4-a97d-d965ccfc6d4b" outcome="Passed" testListId="8c84fa94-04c1-424b-9868-57a2d4851a1d" relativeResultsDirectory="8f1bd6d8-5db0-46aa-9e7d-21a83f1fb134" />
    <UnitTestResult executionId="7846448d-d05b-469b-84ca-5ee16cb7b767" testId="49539e03-80f3-85f0-9c28-9ba645507120" testName="xUnitTestProject.CurrencyHelperTests.FormatToStringTest1000(price: 653.4647999170537, expected: &quot;653.46 zł&quot;)" computerName="DESKTOP-5URQ9PB" duration="00:00:00.0000065" startTime="2022-06-13T21:15:00.1214115+02:00" endTime="2022-06-13T21:15:00.1214116+02:00" testType="13cdc9d9-ddb5-4fa4-a97d-d965ccfc6d4b" outcome="Passed" testListId="8c84fa94-04c1-424b-9868-57a2d4851a1d" relativeResultsDirectory="7846448d-d05b-469b-84ca-5ee16cb7b767" />
    <UnitTestResult executionId="a56a5593-105b-4c08-bbcd-7e0ea20cb419" testId="eccf41da-6b65-aa5d-c784-b8badc726d9b" testName="xUnitTestProject.CurrencyHelperTests.FormatToStringTest1000(price: 4419.750844657306, expected: &quot;4419.75 zł&quot;)" computerName="DESKTOP-5URQ9PB" duration="00:00:00.0000059" startTime="2022-06-13T21:15:00.1404836+02:00" endTime="2022-06-13T21:15:00.1404838+02:00" testType="13cdc9d9-ddb5-4fa4-a97d-d965ccfc6d4b" outcome="Passed" testListId="8c84fa94-04c1-424b-9868-57a2d4851a1d" relativeResultsDirectory="a56a5593-105b-4c08-bbcd-7e0ea20cb419" />
    <UnitTestResult executionId="9a8a7bf6-327d-4570-b9f6-048ff4c4d9e5" testId="90cfec42-4910-af10-cff4-5af0ef6c23f5" testName="xUnitTestProject.CurrencyHelperTests.FormatToStringTest1000(price: 64887.45559046951, expected: &quot;64887.46 zł&quot;)" computerName="DESKTOP-5URQ9PB" duration="00:00:00.0000058" startTime="2022-06-13T21:15:00.0853379+02:00" endTime="2022-06-13T21:15:00.0853381+02:00" testType="13cdc9d9-ddb5-4fa4-a97d-d965ccfc6d4b" outcome="Passed" testListId="8c84fa94-04c1-424b-9868-57a2d4851a1d" relativeResultsDirectory="9a8a7bf6-327d-4570-b9f6-048ff4c4d9e5" />
    <UnitTestResult executionId="0251efb7-88a9-42d4-b605-874f2ab18204" testId="1eaafc3c-6374-0d37-e565-15fb470a9a01" testName="xUnitTestProject.CurrencyHelperTests.FormatToStringTest1000(price: 12641.700665183225, expected: &quot;12641.70 zł&quot;)" computerName="DESKTOP-5URQ9PB" duration="00:00:00.0000067" startTime="2022-06-13T21:15:00.1640171+02:00" endTime="2022-06-13T21:15:00.1640173+02:00" testType="13cdc9d9-ddb5-4fa4-a97d-d965ccfc6d4b" outcome="Passed" testListId="8c84fa94-04c1-424b-9868-57a2d4851a1d" relativeResultsDirectory="0251efb7-88a9-42d4-b605-874f2ab18204" />
    <UnitTestResult executionId="15e95249-a657-4da2-80f4-6b0195f7ea13" testId="8783f986-8eac-ac9c-2b17-d1518f607836" testName="xUnitTestProject.CurrencyHelperTests.FormatToStringTest1000(price: 7789.7136237517525, expected: &quot;7789.71 zł&quot;)" computerName="DESKTOP-5URQ9PB" duration="00:00:00.0000041" startTime="2022-06-13T21:15:00.0931147+02:00" endTime="2022-06-13T21:15:00.0931149+02:00" testType="13cdc9d9-ddb5-4fa4-a97d-d965ccfc6d4b" outcome="Passed" testListId="8c84fa94-04c1-424b-9868-57a2d4851a1d" relativeResultsDirectory="15e95249-a657-4da2-80f4-6b0195f7ea13" />
    <UnitTestResult executionId="2b10751d-1c83-44a3-b812-23fd317aedc8" testId="ba6a31a5-f6b4-cabf-4787-f1e219c63249" testName="xUnitTestProject.CurrencyHelperTests.FormatToStringTest1000(price: 60299.23738666309, expected: &quot;60299.24 zł&quot;)" computerName="DESKTOP-5URQ9PB" duration="00:00:00.0000067" startTime="2022-06-13T21:15:00.1637874+02:00" endTime="2022-06-13T21:15:00.1637877+02:00" testType="13cdc9d9-ddb5-4fa4-a97d-d965ccfc6d4b" outcome="Passed" testListId="8c84fa94-04c1-424b-9868-57a2d4851a1d" relativeResultsDirectory="2b10751d-1c83-44a3-b812-23fd317aedc8" />
    <UnitTestResult executionId="02a8bcae-9ca3-40e4-8e37-8efa1ad5e9f1" testId="bcf772d6-bc03-8db6-964e-e43c8f396083" testName="xUnitTestProject.CurrencyHelperTests.FormatToStringTest1000(price: 1664.7834932994022, expected: &quot;1664.78 zł&quot;)" computerName="DESKTOP-5URQ9PB" duration="00:00:00.0000056" startTime="2022-06-13T21:15:00.0874741+02:00" endTime="2022-06-13T21:15:00.0874743+02:00" testType="13cdc9d9-ddb5-4fa4-a97d-d965ccfc6d4b" outcome="Passed" testListId="8c84fa94-04c1-424b-9868-57a2d4851a1d" relativeResultsDirectory="02a8bcae-9ca3-40e4-8e37-8efa1ad5e9f1" />
    <UnitTestResult executionId="618ebd00-6166-484b-9ebc-ecf5fd54faa0" testId="9b79670a-4357-fb82-855b-9e335ddd3a09" testName="xUnitTestProject.CurrencyHelperTests.FormatToStringTest1000(price: 7193.552206002898, expected: &quot;7193.55 zł&quot;)" computerName="DESKTOP-5URQ9PB" duration="00:00:00.0000059" startTime="2022-06-13T21:15:00.1213740+02:00" endTime="2022-06-13T21:15:00.1213742+02:00" testType="13cdc9d9-ddb5-4fa4-a97d-d965ccfc6d4b" outcome="Passed" testListId="8c84fa94-04c1-424b-9868-57a2d4851a1d" relativeResultsDirectory="618ebd00-6166-484b-9ebc-ecf5fd54faa0" />
    <UnitTestResult executionId="505626e5-3b99-4ac5-9af0-e377f3fed4fb" testId="5200e545-dbbb-62af-891d-31499a618a0e" testName="xUnitTestProject.CurrencyHelperTests.FormatToStringTest1000(price: 20012.898273490322, expected: &quot;20012.90 zł&quot;)" computerName="DESKTOP-5URQ9PB" duration="00:00:00.0000048" startTime="2022-06-13T21:15:00.0648757+02:00" endTime="2022-06-13T21:15:00.0648761+02:00" testType="13cdc9d9-ddb5-4fa4-a97d-d965ccfc6d4b" outcome="Passed" testListId="8c84fa94-04c1-424b-9868-57a2d4851a1d" relativeResultsDirectory="505626e5-3b99-4ac5-9af0-e377f3fed4fb" />
    <UnitTestResult executionId="ebb33f32-68c6-471b-b6f6-d16b5bbc85cd" testId="100cc4f6-ca16-2d93-296d-fb39d2a6b55f" testName="xUnitTestProject.CurrencyHelperTests.FormatToStringTest1000(price: 19397.344749736294, expected: &quot;19397.34 zł&quot;)" computerName="DESKTOP-5URQ9PB" duration="00:00:00.0000043" startTime="2022-06-13T21:15:00.1821327+02:00" endTime="2022-06-13T21:15:00.1821328+02:00" testType="13cdc9d9-ddb5-4fa4-a97d-d965ccfc6d4b" outcome="Passed" testListId="8c84fa94-04c1-424b-9868-57a2d4851a1d" relativeResultsDirectory="ebb33f32-68c6-471b-b6f6-d16b5bbc85cd" />
    <UnitTestResult executionId="e9c6f742-d5f3-4a08-941b-e46d256111d0" testId="6cb3c27b-61db-68ea-03a1-16fad20636e6" testName="xUnitTestProject.CurrencyHelperTests.FormatToStringTest1000(price: 12759.925747307914, expected: &quot;12759.93 zł&quot;)" computerName="DESKTOP-5URQ9PB" duration="00:00:00.0000166" startTime="2022-06-13T21:15:00.1688825+02:00" endTime="2022-06-13T21:15:00.1688826+02:00" testType="13cdc9d9-ddb5-4fa4-a97d-d965ccfc6d4b" outcome="Passed" testListId="8c84fa94-04c1-424b-9868-57a2d4851a1d" relativeResultsDirectory="e9c6f742-d5f3-4a08-941b-e46d256111d0" />
    <UnitTestResult executionId="551f5919-3883-4919-ac66-06e1d86a17b1" testId="7b2e748c-5793-e1c6-45bc-d5f863686469" testName="xUnitTestProject.CurrencyHelperTests.FormatToStringTest1000(price: 84686.32148464039, expected: &quot;84686.32 zł&quot;)" computerName="DESKTOP-5URQ9PB" duration="00:00:00.0000044" startTime="2022-06-13T21:15:00.0899148+02:00" endTime="2022-06-13T21:15:00.0899151+02:00" testType="13cdc9d9-ddb5-4fa4-a97d-d965ccfc6d4b" outcome="Passed" testListId="8c84fa94-04c1-424b-9868-57a2d4851a1d" relativeResultsDirectory="551f5919-3883-4919-ac66-06e1d86a17b1" />
    <UnitTestResult executionId="4894de46-1a6f-4534-a6ee-5a18666dfd09" testId="33b74559-764f-421e-252d-cd475c561f9a" testName="xUnitTestProject.CurrencyHelperTests.FormatToStringTest1000(price: 4715.320654313695, expected: &quot;4715.32 zł&quot;)" computerName="DESKTOP-5URQ9PB" duration="00:00:00.0000040" startTime="2022-06-13T21:15:00.0898386+02:00" endTime="2022-06-13T21:15:00.0898388+02:00" testType="13cdc9d9-ddb5-4fa4-a97d-d965ccfc6d4b" outcome="Passed" testListId="8c84fa94-04c1-424b-9868-57a2d4851a1d" relativeResultsDirectory="4894de46-1a6f-4534-a6ee-5a18666dfd09" />
    <UnitTestResult executionId="9ee2e4ac-4c64-44dd-8945-fd8a519b0473" testId="7994a7d4-0fa0-5377-671c-ab94321aaf57" testName="xUnitTestProject.CurrencyHelperTests.FormatToStringTest1000(price: 61422.228144277455, expected: &quot;61422.23 zł&quot;)" computerName="DESKTOP-5URQ9PB" duration="00:00:00.0000069" startTime="2022-06-13T21:15:00.1933253+02:00" endTime="2022-06-13T21:15:00.1933256+02:00" testType="13cdc9d9-ddb5-4fa4-a97d-d965ccfc6d4b" outcome="Passed" testListId="8c84fa94-04c1-424b-9868-57a2d4851a1d" relativeResultsDirectory="9ee2e4ac-4c64-44dd-8945-fd8a519b0473" />
    <UnitTestResult executionId="ceca92b1-7c5d-419f-adb6-3ede49ca94c3" testId="ee9462eb-6912-5171-764c-f29a600e2526" testName="xUnitTestProject.CurrencyHelperTests.FormatToStringTest1000(price: 28068.20530246394, expected: &quot;28068.21 zł&quot;)" computerName="DESKTOP-5URQ9PB" duration="00:00:00.0000062" startTime="2022-06-13T21:15:00.1125586+02:00" endTime="2022-06-13T21:15:00.1125588+02:00" testType="13cdc9d9-ddb5-4fa4-a97d-d965ccfc6d4b" outcome="Passed" testListId="8c84fa94-04c1-424b-9868-57a2d4851a1d" relativeResultsDirectory="ceca92b1-7c5d-419f-adb6-3ede49ca94c3" />
    <UnitTestResult executionId="c4a4bf2a-38b7-48eb-a8e7-743f6a2ff2fd" testId="ca7cf147-8883-8578-944a-0bb9c4bca4f5" testName="xUnitTestProject.CurrencyHelperTests.FormatToStringTest1000(price: 47393.54939526671, expected: &quot;47393.55 zł&quot;)" computerName="DESKTOP-5URQ9PB" duration="00:00:00.0000041" startTime="2022-06-13T21:15:00.0595995+02:00" endTime="2022-06-13T21:15:00.0595998+02:00" testType="13cdc9d9-ddb5-4fa4-a97d-d965ccfc6d4b" outcome="Passed" testListId="8c84fa94-04c1-424b-9868-57a2d4851a1d" relativeResultsDirectory="c4a4bf2a-38b7-48eb-a8e7-743f6a2ff2fd" />
    <UnitTestResult executionId="dc65bd38-4df3-4ca0-b463-aca3213e6242" testId="1c506770-d4ff-94e1-aa2e-f8d5ecc5a897" testName="xUnitTestProject.CurrencyHelperTests.FormatToStringTest1000(price: 45455.14554704127, expected: &quot;45455.15 zł&quot;)" computerName="DESKTOP-5URQ9PB" duration="00:00:00.0000046" startTime="2022-06-13T21:15:00.0888022+02:00" endTime="2022-06-13T21:15:00.0888024+02:00" testType="13cdc9d9-ddb5-4fa4-a97d-d965ccfc6d4b" outcome="Passed" testListId="8c84fa94-04c1-424b-9868-57a2d4851a1d" relativeResultsDirectory="dc65bd38-4df3-4ca0-b463-aca3213e6242" />
    <UnitTestResult executionId="094e64c0-55a3-4cf7-a5e7-f0a32b036216" testId="37d09489-36bf-8c23-e75f-f494d92ed465" testName="xUnitTestProject.CurrencyHelperTests.FormatToStringTest1000(price: 14218.204344010543, expected: &quot;14218.20 zł&quot;)" computerName="DESKTOP-5URQ9PB" duration="00:00:00.0000059" startTime="2022-06-13T21:15:00.1888788+02:00" endTime="2022-06-13T21:15:00.1888789+02:00" testType="13cdc9d9-ddb5-4fa4-a97d-d965ccfc6d4b" outcome="Passed" testListId="8c84fa94-04c1-424b-9868-57a2d4851a1d" relativeResultsDirectory="094e64c0-55a3-4cf7-a5e7-f0a32b036216" />
    <UnitTestResult executionId="6190619c-f1ce-4dea-ab10-b2650f144689" testId="4efa35ac-3125-a521-7208-253d92298a56" testName="xUnitTestProject.CurrencyHelperTests.FormatToStringTest1000(price: 25908.345463821825, expected: &quot;25908.35 zł&quot;)" computerName="DESKTOP-5URQ9PB" duration="00:00:00.0000075" startTime="2022-06-13T21:15:00.1627639+02:00" endTime="2022-06-13T21:15:00.1627640+02:00" testType="13cdc9d9-ddb5-4fa4-a97d-d965ccfc6d4b" outcome="Passed" testListId="8c84fa94-04c1-424b-9868-57a2d4851a1d" relativeResultsDirectory="6190619c-f1ce-4dea-ab10-b2650f144689" />
    <UnitTestResult executionId="e82db716-38c3-4504-85d7-913abe2d9208" testId="ba737e18-d009-4d7c-6e13-52f4c654ec83" testName="xUnitTestProject.CurrencyHelperTests.FormatToStringTest1000(price: 236.20263638589657, expected: &quot;236.20 zł&quot;)" computerName="DESKTOP-5URQ9PB" duration="00:00:00.0000081" startTime="2022-06-13T21:15:00.0841188+02:00" endTime="2022-06-13T21:15:00.0841189+02:00" testType="13cdc9d9-ddb5-4fa4-a97d-d965ccfc6d4b" outcome="Passed" testListId="8c84fa94-04c1-424b-9868-57a2d4851a1d" relativeResultsDirectory="e82db716-38c3-4504-85d7-913abe2d9208" />
    <UnitTestResult executionId="f1f7e8df-958e-403c-853c-da5e319bc1b1" testId="af73f199-441a-68ae-4898-efc1663c19b9" testName="xUnitTestProject.CurrencyHelperTests.FormatToStringTest1000(price: 4636.500544966897, expected: &quot;4636.50 zł&quot;)" computerName="DESKTOP-5URQ9PB" duration="00:00:00.0000052" startTime="2022-06-13T21:15:00.1733136+02:00" endTime="2022-06-13T21:15:00.1733138+02:00" testType="13cdc9d9-ddb5-4fa4-a97d-d965ccfc6d4b" outcome="Passed" testListId="8c84fa94-04c1-424b-9868-57a2d4851a1d" relativeResultsDirectory="f1f7e8df-958e-403c-853c-da5e319bc1b1" />
    <UnitTestResult executionId="13b6b00b-59d7-47b0-9135-188ea7add492" testId="c5439243-290e-2a67-aa6b-588710f39fb3" testName="xUnitTestProject.CurrencyHelperTests.FormatToStringTest1000(price: 19783.413847500186, expected: &quot;19783.41 zł&quot;)" computerName="DESKTOP-5URQ9PB" duration="00:00:00.0000040" startTime="2022-06-13T21:15:00.0997296+02:00" endTime="2022-06-13T21:15:00.0997298+02:00" testType="13cdc9d9-ddb5-4fa4-a97d-d965ccfc6d4b" outcome="Passed" testListId="8c84fa94-04c1-424b-9868-57a2d4851a1d" relativeResultsDirectory="13b6b00b-59d7-47b0-9135-188ea7add492" />
    <UnitTestResult executionId="9ea95efd-81f5-4ad1-8a5e-20a0afbc5e33" testId="d28e2add-d838-2ebe-df2d-b5dd0d3b773e" testName="xUnitTestProject.CurrencyHelperTests.FormatToStringTest1000(price: 1751.7703038522834, expected: &quot;1751.77 zł&quot;)" computerName="DESKTOP-5URQ9PB" duration="00:00:00.0000053" startTime="2022-06-13T21:15:00.1271672+02:00" endTime="2022-06-13T21:15:00.1271674+02:00" testType="13cdc9d9-ddb5-4fa4-a97d-d965ccfc6d4b" outcome="Passed" testListId="8c84fa94-04c1-424b-9868-57a2d4851a1d" relativeResultsDirectory="9ea95efd-81f5-4ad1-8a5e-20a0afbc5e33" />
    <UnitTestResult executionId="0c474d76-bcec-44d8-8222-3045bed65d39" testId="0d1bc5db-e6c6-10df-8cf0-a0dfa7497484" testName="xUnitTestProject.CurrencyHelperTests.FormatToStringTest1000(price: 41972.39431566763, expected: &quot;41972.39 zł&quot;)" computerName="DESKTOP-5URQ9PB" duration="00:00:00.0000045" startTime="2022-06-13T21:15:00.1734625+02:00" endTime="2022-06-13T21:15:00.1734627+02:00" testType="13cdc9d9-ddb5-4fa4-a97d-d965ccfc6d4b" outcome="Passed" testListId="8c84fa94-04c1-424b-9868-57a2d4851a1d" relativeResultsDirectory="0c474d76-bcec-44d8-8222-3045bed65d39" />
    <UnitTestResult executionId="cf7efd2e-b673-4688-b8ae-6edc8abf86e4" testId="d44a0649-8200-dc14-ee0f-9aa1a5e79e57" testName="xUnitTestProject.CurrencyHelperTests.FormatToStringTest1000(price: 100.45267071130345, expected: &quot;100.45 zł&quot;)" computerName="DESKTOP-5URQ9PB" duration="00:00:00.0000076" startTime="2022-06-13T21:15:00.1676486+02:00" endTime="2022-06-13T21:15:00.1676488+02:00" testType="13cdc9d9-ddb5-4fa4-a97d-d965ccfc6d4b" outcome="Passed" testListId="8c84fa94-04c1-424b-9868-57a2d4851a1d" relativeResultsDirectory="cf7efd2e-b673-4688-b8ae-6edc8abf86e4" />
    <UnitTestResult executionId="14733550-460b-402e-9eb3-666b0288d244" testId="3323ac76-0104-2779-2a9d-3f5ae9693296" testName="xUnitTestProject.CurrencyHelperTests.FormatToStringTest1000(price: 50956.25028206606, expected: &quot;50956.25 zł&quot;)" computerName="DESKTOP-5URQ9PB" duration="00:00:00.0000060" startTime="2022-06-13T21:15:00.0998420+02:00" endTime="2022-06-13T21:15:00.0998422+02:00" testType="13cdc9d9-ddb5-4fa4-a97d-d965ccfc6d4b" outcome="Passed" testListId="8c84fa94-04c1-424b-9868-57a2d4851a1d" relativeResultsDirectory="14733550-460b-402e-9eb3-666b0288d244" />
    <UnitTestResult executionId="ace817d7-5b89-4496-964d-e2205c0d7309" testId="76d85170-85b2-a48f-102e-aa9420de3580" testName="xUnitTestProject.CurrencyHelperTests.FormatToStringTest1000(price: 643.3550376181281, expected: &quot;643.36 zł&quot;)" computerName="DESKTOP-5URQ9PB" duration="00:00:00.0000095" startTime="2022-06-13T21:15:00.1042371+02:00" endTime="2022-06-13T21:15:00.1042373+02:00" testType="13cdc9d9-ddb5-4fa4-a97d-d965ccfc6d4b" outcome="Passed" testListId="8c84fa94-04c1-424b-9868-57a2d4851a1d" relativeResultsDirectory="ace817d7-5b89-4496-964d-e2205c0d7309" />
    <UnitTestResult executionId="e0abf7eb-e877-44e0-b376-9c48cbd0bab1" testId="7514081f-0084-9527-726e-372a541e02c5" testName="xUnitTestProject.CurrencyHelperTests.FormatToStringTest1000(price: 32632.105531036905, expected: &quot;32632.11 zł&quot;)" computerName="DESKTOP-5URQ9PB" duration="00:00:00.0000041" startTime="2022-06-13T21:15:00.0907149+02:00" endTime="2022-06-13T21:15:00.0907153+02:00" testType="13cdc9d9-ddb5-4fa4-a97d-d965ccfc6d4b" outcome="Passed" testListId="8c84fa94-04c1-424b-9868-57a2d4851a1d" relativeResultsDirectory="e0abf7eb-e877-44e0-b376-9c48cbd0bab1" />
    <UnitTestResult executionId="a7315069-e7d9-4598-af11-f7bebd95ba30" testId="5dc082f5-af3b-2f6f-74c8-0805bee30a46" testName="xUnitTestProject.CurrencyHelperTests.FormatToStringTest1000(price: 18340.935049000167, expected: &quot;18340.94 zł&quot;)" computerName="DESKTOP-5URQ9PB" duration="00:00:00.0000072" startTime="2022-06-13T21:15:00.1334812+02:00" endTime="2022-06-13T21:15:00.1334814+02:00" testType="13cdc9d9-ddb5-4fa4-a97d-d965ccfc6d4b" outcome="Passed" testListId="8c84fa94-04c1-424b-9868-57a2d4851a1d" relativeResultsDirectory="a7315069-e7d9-4598-af11-f7bebd95ba30" />
    <UnitTestResult executionId="7666fa20-ad23-406a-9ef9-4478bf68477c" testId="5ecde283-9d6a-9ecb-81fe-93b9560f7b73" testName="xUnitTestProject.CurrencyHelperTests.FormatToStringTest1000(price: 15669.698889610218, expected: &quot;15669.70 zł&quot;)" computerName="DESKTOP-5URQ9PB" duration="00:00:00.0000041" startTime="2022-06-13T21:15:00.0775344+02:00" endTime="2022-06-13T21:15:00.0775345+02:00" testType="13cdc9d9-ddb5-4fa4-a97d-d965ccfc6d4b" outcome="Passed" testListId="8c84fa94-04c1-424b-9868-57a2d4851a1d" relativeResultsDirectory="7666fa20-ad23-406a-9ef9-4478bf68477c" />
    <UnitTestResult executionId="8d594e10-73bb-4ae5-b3c3-8fc3fc26d652" testId="0c81c8d2-5b34-01f9-4916-14e860679bfe" testName="xUnitTestProject.CurrencyHelperTests.FormatToStringTest1000(price: 64568.131500027666, expected: &quot;64568.13 zł&quot;)" computerName="DESKTOP-5URQ9PB" duration="00:00:00.0000041" startTime="2022-06-13T21:15:00.0942526+02:00" endTime="2022-06-13T21:15:00.0942527+02:00" testType="13cdc9d9-ddb5-4fa4-a97d-d965ccfc6d4b" outcome="Passed" testListId="8c84fa94-04c1-424b-9868-57a2d4851a1d" relativeResultsDirectory="8d594e10-73bb-4ae5-b3c3-8fc3fc26d652" />
    <UnitTestResult executionId="e615bd9f-3f53-4ae1-a823-04468a7da9ac" testId="681b18e6-8ac3-1647-8149-58844d19cdf1" testName="xUnitTestProject.CurrencyHelperTests.FormatToStringTest1000(price: 22799.991836491965, expected: &quot;22799.99 zł&quot;)" computerName="DESKTOP-5URQ9PB" duration="00:00:00.0000041" startTime="2022-06-13T21:15:00.1030547+02:00" endTime="2022-06-13T21:15:00.1030549+02:00" testType="13cdc9d9-ddb5-4fa4-a97d-d965ccfc6d4b" outcome="Passed" testListId="8c84fa94-04c1-424b-9868-57a2d4851a1d" relativeResultsDirectory="e615bd9f-3f53-4ae1-a823-04468a7da9ac" />
    <UnitTestResult executionId="1d5b99a6-4eb5-492b-93c6-1b24ebda05c6" testId="80f5a640-ad10-06cf-9198-39d7a4c7c709" testName="xUnitTestProject.CurrencyHelperTests.FormatToStringTest1000(price: 21281.64584727662, expected: &quot;21281.65 zł&quot;)" computerName="DESKTOP-5URQ9PB" duration="00:00:00.0000117" startTime="2022-06-13T21:15:00.1193858+02:00" endTime="2022-06-13T21:15:00.1193860+02:00" testType="13cdc9d9-ddb5-4fa4-a97d-d965ccfc6d4b" outcome="Passed" testListId="8c84fa94-04c1-424b-9868-57a2d4851a1d" relativeResultsDirectory="1d5b99a6-4eb5-492b-93c6-1b24ebda05c6" />
    <UnitTestResult executionId="88f34ab6-87ff-49e2-8ad6-f306d53359bf" testId="5b76fee7-881d-69f4-bb6e-50523ab527c9" testName="xUnitTestProject.CurrencyHelperTests.FormatToStringTest1000(price: 37614.50159416278, expected: &quot;37614.50 zł&quot;)" computerName="DESKTOP-5URQ9PB" duration="00:00:00.0000055" startTime="2022-06-13T21:15:00.1638285+02:00" endTime="2022-06-13T21:15:00.1638287+02:00" testType="13cdc9d9-ddb5-4fa4-a97d-d965ccfc6d4b" outcome="Passed" testListId="8c84fa94-04c1-424b-9868-57a2d4851a1d" relativeResultsDirectory="88f34ab6-87ff-49e2-8ad6-f306d53359bf" />
    <UnitTestResult executionId="dc29ad38-4a57-4dba-aa65-71e030a755ed" testId="20607095-992d-3bf7-849c-32032c3b5657" testName="xUnitTestProject.CurrencyHelperTests.FormatToStringTest1000(price: 10174.652801423637, expected: &quot;10174.65 zł&quot;)" computerName="DESKTOP-5URQ9PB" duration="00:00:00.0000062" startTime="2022-06-13T21:15:00.1689564+02:00" endTime="2022-06-13T21:15:00.1689566+02:00" testType="13cdc9d9-ddb5-4fa4-a97d-d965ccfc6d4b" outcome="Passed" testListId="8c84fa94-04c1-424b-9868-57a2d4851a1d" relativeResultsDirectory="dc29ad38-4a57-4dba-aa65-71e030a755ed" />
    <UnitTestResult executionId="625dba59-5afe-458c-b893-cfc9f01c4276" testId="631aa61c-5891-97bd-8c16-092dfa85bf9b" testName="xUnitTestProject.CurrencyHelperTests.FormatToStringTest1000(price: 35384.637112688106, expected: &quot;35384.64 zł&quot;)" computerName="DESKTOP-5URQ9PB" duration="00:00:00.0000061" startTime="2022-06-13T21:15:00.1595407+02:00" endTime="2022-06-13T21:15:00.1595409+02:00" testType="13cdc9d9-ddb5-4fa4-a97d-d965ccfc6d4b" outcome="Passed" testListId="8c84fa94-04c1-424b-9868-57a2d4851a1d" relativeResultsDirectory="625dba59-5afe-458c-b893-cfc9f01c4276" />
    <UnitTestResult executionId="b7746a67-af7f-4e2b-a635-5a18cd2c8fd3" testId="6df0d294-6a13-f132-5a30-674e429b0930" testName="xUnitTestProject.CurrencyHelperTests.FormatToStringTest1000(price: 54304.07738935393, expected: &quot;54304.08 zł&quot;)" computerName="DESKTOP-5URQ9PB" duration="00:00:00.0000044" startTime="2022-06-13T21:15:00.1787554+02:00" endTime="2022-06-13T21:15:00.1787558+02:00" testType="13cdc9d9-ddb5-4fa4-a97d-d965ccfc6d4b" outcome="Passed" testListId="8c84fa94-04c1-424b-9868-57a2d4851a1d" relativeResultsDirectory="b7746a67-af7f-4e2b-a635-5a18cd2c8fd3" />
    <UnitTestResult executionId="1724ebbe-89a3-4f1a-a899-313ce9e2bc3c" testId="1fe96cd6-e80d-4fd9-dedb-226c16d9375d" testName="xUnitTestProject.CurrencyHelperTests.FormatToStringTest1000(price: 2505.286326204094, expected: &quot;2505.29 zł&quot;)" computerName="DESKTOP-5URQ9PB" duration="00:00:00.0000053" startTime="2022-06-13T21:15:00.1463368+02:00" endTime="2022-06-13T21:15:00.1463370+02:00" testType="13cdc9d9-ddb5-4fa4-a97d-d965ccfc6d4b" outcome="Passed" testListId="8c84fa94-04c1-424b-9868-57a2d4851a1d" relativeResultsDirectory="1724ebbe-89a3-4f1a-a899-313ce9e2bc3c" />
    <UnitTestResult executionId="12e44898-de1f-4ffd-aae2-750df6c27032" testId="38ee170e-2136-8164-8076-d7d266da6388" testName="xUnitTestProject.CurrencyHelperTests.FormatToStringTest1000(price: 19463.08761954917, expected: &quot;19463.09 zł&quot;)" computerName="DESKTOP-5URQ9PB" duration="00:00:00.0000056" startTime="2022-06-13T21:15:00.1364044+02:00" endTime="2022-06-13T21:15:00.1364046+02:00" testType="13cdc9d9-ddb5-4fa4-a97d-d965ccfc6d4b" outcome="Passed" testListId="8c84fa94-04c1-424b-9868-57a2d4851a1d" relativeResultsDirectory="12e44898-de1f-4ffd-aae2-750df6c27032" />
    <UnitTestResult executionId="768b9acb-a151-4834-a835-9eb46d5c759e" testId="b4c4dec7-1c5b-811f-ea83-760608d514fd" testName="xUnitTestProject.CurrencyHelperTests.FormatToStringTest1000(price: 44677.61946778074, expected: &quot;44677.62 zł&quot;)" computerName="DESKTOP-5URQ9PB" duration="00:00:00.0000069" startTime="2022-06-13T21:15:00.1335407+02:00" endTime="2022-06-13T21:15:00.1335408+02:00" testType="13cdc9d9-ddb5-4fa4-a97d-d965ccfc6d4b" outcome="Passed" testListId="8c84fa94-04c1-424b-9868-57a2d4851a1d" relativeResultsDirectory="768b9acb-a151-4834-a835-9eb46d5c759e" />
    <UnitTestResult executionId="1c4564a7-2165-423e-8816-5728e08df5f0" testId="da6c3e32-e713-64a5-d755-377865e086d4" testName="xUnitTestProject.CurrencyHelperTests.FormatToStringTest1000(price: 23548.88067407016, expected: &quot;23548.88 zł&quot;)" computerName="DESKTOP-5URQ9PB" duration="00:00:00.0000073" startTime="2022-06-13T21:15:00.1201901+02:00" endTime="2022-06-13T21:15:00.1201905+02:00" testType="13cdc9d9-ddb5-4fa4-a97d-d965ccfc6d4b" outcome="Passed" testListId="8c84fa94-04c1-424b-9868-57a2d4851a1d" relativeResultsDirectory="1c4564a7-2165-423e-8816-5728e08df5f0" />
    <UnitTestResult executionId="e4ac1999-feb1-4f9f-90f8-a2cb9cdd5673" testId="2c083ad7-fea5-5b33-ddd6-bb2be00bd90c" testName="xUnitTestProject.CurrencyHelperTests.FormatToStringTest1000(price: 57181.240528605056, expected: &quot;57181.24 zł&quot;)" computerName="DESKTOP-5URQ9PB" duration="00:00:00.0000072" startTime="2022-06-13T21:15:00.0714896+02:00" endTime="2022-06-13T21:15:00.0714898+02:00" testType="13cdc9d9-ddb5-4fa4-a97d-d965ccfc6d4b" outcome="Passed" testListId="8c84fa94-04c1-424b-9868-57a2d4851a1d" relativeResultsDirectory="e4ac1999-feb1-4f9f-90f8-a2cb9cdd5673" />
    <UnitTestResult executionId="c5466082-f921-4f7e-976b-b06bd5090a43" testId="3298d961-bdaa-633a-0d61-33079be298ce" testName="xUnitTestProject.CurrencyHelperTests.FormatToStringTest1000(price: 5247.779940802501, expected: &quot;5247.78 zł&quot;)" computerName="DESKTOP-5URQ9PB" duration="00:00:00.0000040" startTime="2022-06-13T21:15:00.1031309+02:00" endTime="2022-06-13T21:15:00.1031310+02:00" testType="13cdc9d9-ddb5-4fa4-a97d-d965ccfc6d4b" outcome="Passed" testListId="8c84fa94-04c1-424b-9868-57a2d4851a1d" relativeResultsDirectory="c5466082-f921-4f7e-976b-b06bd5090a43" />
    <UnitTestResult executionId="7ee1edff-bfda-4629-996f-83cda7538696" testId="71b5be91-6e3e-5890-08ca-57e68e3990bc" testName="xUnitTestProject.CurrencyHelperTests.FormatToStringTest1000(price: 46607.970025941715, expected: &quot;46607.97 zł&quot;)" computerName="DESKTOP-5URQ9PB" duration="00:00:00.0000066" startTime="2022-06-13T21:15:00.1353773+02:00" endTime="2022-06-13T21:15:00.1353777+02:00" testType="13cdc9d9-ddb5-4fa4-a97d-d965ccfc6d4b" outcome="Passed" testListId="8c84fa94-04c1-424b-9868-57a2d4851a1d" relativeResultsDirectory="7ee1edff-bfda-4629-996f-83cda7538696" />
    <UnitTestResult executionId="26df713f-1942-4fd6-93bc-bbc6e0372803" testId="d810e333-5279-6858-6f15-bdf834685746" testName="xUnitTestProject.CurrencyHelperTests.FormatToStringTest1000(price: 70581.91150977784, expected: &quot;70581.91 zł&quot;)" computerName="DESKTOP-5URQ9PB" duration="00:00:00.0000041" startTime="2022-06-13T21:15:00.0876240+02:00" endTime="2022-06-13T21:15:00.0876242+02:00" testType="13cdc9d9-ddb5-4fa4-a97d-d965ccfc6d4b" outcome="Passed" testListId="8c84fa94-04c1-424b-9868-57a2d4851a1d" relativeResultsDirectory="26df713f-1942-4fd6-93bc-bbc6e0372803" />
    <UnitTestResult executionId="7fbf6344-44c4-407e-9d32-d8b2928c03f7" testId="1400f8ec-69fd-4b7f-6a20-9938aff67002" testName="xUnitTestProject.CurrencyHelperTests.FormatToStringTest1000(price: 29917.15005391145, expected: &quot;29917.15 zł&quot;)" computerName="DESKTOP-5URQ9PB" duration="00:00:00.0000062" startTime="2022-06-13T21:15:00.0876613+02:00" endTime="2022-06-13T21:15:00.0876615+02:00" testType="13cdc9d9-ddb5-4fa4-a97d-d965ccfc6d4b" outcome="Passed" testListId="8c84fa94-04c1-424b-9868-57a2d4851a1d" relativeResultsDirectory="7fbf6344-44c4-407e-9d32-d8b2928c03f7" />
    <UnitTestResult executionId="b269794a-8d0e-40f3-9873-150d581ce9c6" testId="ba7d1414-f471-8c90-0af7-54df538160f7" testName="xUnitTestProject.CurrencyHelperTests.FormatToStringTest1000(price: 24646.322657574587, expected: &quot;24646.32 zł&quot;)" computerName="DESKTOP-5URQ9PB" duration="00:00:00.0000066" startTime="2022-06-13T21:15:00.1135008+02:00" endTime="2022-06-13T21:15:00.1135012+02:00" testType="13cdc9d9-ddb5-4fa4-a97d-d965ccfc6d4b" outcome="Passed" testListId="8c84fa94-04c1-424b-9868-57a2d4851a1d" relativeResultsDirectory="b269794a-8d0e-40f3-9873-150d581ce9c6" />
    <UnitTestResult executionId="d669a9fc-f37c-426d-9892-a3645f34343a" testId="31b9c4ce-6a9b-3b29-d842-ab748e7d275b" testName="xUnitTestProject.CurrencyHelperTests.FormatToStringTest1000(price: 53192.79032742269, expected: &quot;53192.79 zł&quot;)" computerName="DESKTOP-5URQ9PB" duration="00:00:00.0000041" startTime="2022-06-13T21:15:00.1834271+02:00" endTime="2022-06-13T21:15:00.1834273+02:00" testType="13cdc9d9-ddb5-4fa4-a97d-d965ccfc6d4b" outcome="Passed" testListId="8c84fa94-04c1-424b-9868-57a2d4851a1d" relativeResultsDirectory="d669a9fc-f37c-426d-9892-a3645f34343a" />
    <UnitTestResult executionId="50fbe683-2d38-489b-9506-a68a6ec48f1f" testId="51b21bbe-86e0-7c92-977a-b85ebd62b755" testName="xUnitTestProject.CurrencyHelperTests.FormatToStringTest1000(price: 19189.813662191766, expected: &quot;19189.81 zł&quot;)" computerName="DESKTOP-5URQ9PB" duration="00:00:00.0000060" startTime="2022-06-13T21:15:00.1560499+02:00" endTime="2022-06-13T21:15:00.1560568+02:00" testType="13cdc9d9-ddb5-4fa4-a97d-d965ccfc6d4b" outcome="Passed" testListId="8c84fa94-04c1-424b-9868-57a2d4851a1d" relativeResultsDirectory="50fbe683-2d38-489b-9506-a68a6ec48f1f" />
    <UnitTestResult executionId="a7300cdd-8685-4a3d-a97b-12fb6a51b797" testId="4858eca7-ac2a-e51a-34d1-70891bbff583" testName="xUnitTestProject.CurrencyHelperTests.FormatToStringTest1000(price: 2390.7596313784643, expected: &quot;2390.76 zł&quot;)" computerName="DESKTOP-5URQ9PB" duration="00:00:00.0000065" startTime="2022-06-13T21:15:00.1843496+02:00" endTime="2022-06-13T21:15:00.1843498+02:00" testType="13cdc9d9-ddb5-4fa4-a97d-d965ccfc6d4b" outcome="Passed" testListId="8c84fa94-04c1-424b-9868-57a2d4851a1d" relativeResultsDirectory="a7300cdd-8685-4a3d-a97b-12fb6a51b797" />
    <UnitTestResult executionId="82a47683-3cf0-4f25-b3cd-451c5a4174e1" testId="ed2134d1-cccc-7594-ff4e-6670ac477e6f" testName="xUnitTestProject.CurrencyHelperTests.FormatToStringTest1000(price: 51529.79033960206, expected: &quot;51529.79 zł&quot;)" computerName="DESKTOP-5URQ9PB" duration="00:00:00.0000047" startTime="2022-06-13T21:15:00.0974460+02:00" endTime="2022-06-13T21:15:00.0974462+02:00" testType="13cdc9d9-ddb5-4fa4-a97d-d965ccfc6d4b" outcome="Passed" testListId="8c84fa94-04c1-424b-9868-57a2d4851a1d" relativeResultsDirectory="82a47683-3cf0-4f25-b3cd-451c5a4174e1" />
    <UnitTestResult executionId="48af56c1-442f-43f1-a5b0-d49cdcf88ce6" testId="c0cf2cb3-44c7-373b-4b04-bf5ce7678b68" testName="xUnitTestProject.CurrencyHelperTests.FormatToStringTest1000(price: 50507.0104155615, expected: &quot;50507.01 zł&quot;)" computerName="DESKTOP-5URQ9PB" duration="00:00:00.0000041" startTime="2022-06-13T21:15:00.0965223+02:00" endTime="2022-06-13T21:15:00.0965225+02:00" testType="13cdc9d9-ddb5-4fa4-a97d-d965ccfc6d4b" outcome="Passed" testListId="8c84fa94-04c1-424b-9868-57a2d4851a1d" relativeResultsDirectory="48af56c1-442f-43f1-a5b0-d49cdcf88ce6" />
    <UnitTestResult executionId="ea11248b-326a-4abd-894d-58143c73cfed" testId="99e7c5dd-ce54-9083-5f21-8bd4ff4149bd" testName="xUnitTestProject.CurrencyHelperTests.FormatToStringTest1000(price: 9867.823212210007, expected: &quot;9867.82 zł&quot;)" computerName="DESKTOP-5URQ9PB" duration="00:00:00.0000068" startTime="2022-06-13T21:15:00.1709972+02:00" endTime="2022-06-13T21:15:00.1709974+02:00" testType="13cdc9d9-ddb5-4fa4-a97d-d965ccfc6d4b" outcome="Passed" testListId="8c84fa94-04c1-424b-9868-57a2d4851a1d" relativeResultsDirectory="ea11248b-326a-4abd-894d-58143c73cfed" />
    <UnitTestResult executionId="041001bd-bfaf-42bc-81bf-37acd18020f9" testId="313d194a-30d0-d3d5-cf7b-c5a66b6b3935" testName="xUnitTestProject.CurrencyHelperTests.FormatToStringTest1000(price: 9994.9471861026, expected: &quot;9994.95 zł&quot;)" computerName="DESKTOP-5URQ9PB" duration="00:00:00.0000071" startTime="2022-06-13T21:15:00.1441337+02:00" endTime="2022-06-13T21:15:00.1441339+02:00" testType="13cdc9d9-ddb5-4fa4-a97d-d965ccfc6d4b" outcome="Passed" testListId="8c84fa94-04c1-424b-9868-57a2d4851a1d" relativeResultsDirectory="041001bd-bfaf-42bc-81bf-37acd18020f9" />
    <UnitTestResult executionId="3fea9a8a-22e2-46a4-a884-659d292b2b79" testId="72e1721e-ca6c-63c9-59ef-8aef6ff15353" testName="xUnitTestProject.CurrencyHelperTests.FormatToStringTest1000(price: 13541.45472935096, expected: &quot;13541.45 zł&quot;)" computerName="DESKTOP-5URQ9PB" duration="00:00:00.0000068" startTime="2022-06-13T21:15:00.1099573+02:00" endTime="2022-06-13T21:15:00.1099577+02:00" testType="13cdc9d9-ddb5-4fa4-a97d-d965ccfc6d4b" outcome="Passed" testListId="8c84fa94-04c1-424b-9868-57a2d4851a1d" relativeResultsDirectory="3fea9a8a-22e2-46a4-a884-659d292b2b79" />
    <UnitTestResult executionId="07a340ca-bd89-44ee-b1fa-7867a1bd76e4" testId="c212e24b-1c29-9890-50c8-57d6096284d3" testName="xUnitTestProject.CurrencyHelperTests.FormatToStringTest1000(price: 1181.5773122979222, expected: &quot;1181.58 zł&quot;)" computerName="DESKTOP-5URQ9PB" duration="00:00:00.0000044" startTime="2022-06-13T21:15:00.0908677+02:00" endTime="2022-06-13T21:15:00.0908679+02:00" testType="13cdc9d9-ddb5-4fa4-a97d-d965ccfc6d4b" outcome="Passed" testListId="8c84fa94-04c1-424b-9868-57a2d4851a1d" relativeResultsDirectory="07a340ca-bd89-44ee-b1fa-7867a1bd76e4" />
    <UnitTestResult executionId="ae01172a-dba8-4a53-8a73-ea722ccd3fdf" testId="45c93144-7308-3312-8730-30e05720d551" testName="xUnitTestProject.CurrencyHelperTests.FormatToStringTest1000(price: 1073.195098933389, expected: &quot;1073.20 zł&quot;)" computerName="DESKTOP-5URQ9PB" duration="00:00:00.0000056" startTime="2022-06-13T21:15:00.1248617+02:00" endTime="2022-06-13T21:15:00.1248619+02:00" testType="13cdc9d9-ddb5-4fa4-a97d-d965ccfc6d4b" outcome="Passed" testListId="8c84fa94-04c1-424b-9868-57a2d4851a1d" relativeResultsDirectory="ae01172a-dba8-4a53-8a73-ea722ccd3fdf" />
    <UnitTestResult executionId="3c8e3d24-9c21-4dbd-b392-088a4e12922d" testId="b093b261-89e9-1453-0b15-6960031e6c14" testName="xUnitTestProject.CurrencyHelperTests.FormatToStringTest1000(price: 36969.98585167247, expected: &quot;36969.99 zł&quot;)" computerName="DESKTOP-5URQ9PB" duration="00:00:00.0000063" startTime="2022-06-13T21:15:00.1355895+02:00" endTime="2022-06-13T21:15:00.1355897+02:00" testType="13cdc9d9-ddb5-4fa4-a97d-d965ccfc6d4b" outcome="Passed" testListId="8c84fa94-04c1-424b-9868-57a2d4851a1d" relativeResultsDirectory="3c8e3d24-9c21-4dbd-b392-088a4e12922d" />
    <UnitTestResult executionId="aae542c5-9e67-4df8-826a-81ccd4fae133" testId="5b2fabb4-e059-962c-348f-3355cdc7486e" testName="xUnitTestProject.CurrencyHelperTests.FormatToStringTest1000(price: 14137.400697779563, expected: &quot;14137.40 zł&quot;)" computerName="DESKTOP-5URQ9PB" duration="00:00:00.0000052" startTime="2022-06-13T21:15:00.0829543+02:00" endTime="2022-06-13T21:15:00.0829545+02:00" testType="13cdc9d9-ddb5-4fa4-a97d-d965ccfc6d4b" outcome="Passed" testListId="8c84fa94-04c1-424b-9868-57a2d4851a1d" relativeResultsDirectory="aae542c5-9e67-4df8-826a-81ccd4fae133" />
    <UnitTestResult executionId="2f3d37d9-26ec-4a97-ba8b-bc37094c3241" testId="8de67803-7acb-6ed7-12bc-5420c17b40c0" testName="xUnitTestProject.CurrencyHelperTests.FormatToStringTest1000(price: 45930.2386782068, expected: &quot;45930.24 zł&quot;)" computerName="DESKTOP-5URQ9PB" duration="00:00:00.0000043" startTime="2022-06-13T21:15:00.1810977+02:00" endTime="2022-06-13T21:15:00.1810979+02:00" testType="13cdc9d9-ddb5-4fa4-a97d-d965ccfc6d4b" outcome="Passed" testListId="8c84fa94-04c1-424b-9868-57a2d4851a1d" relativeResultsDirectory="2f3d37d9-26ec-4a97-ba8b-bc37094c3241" />
    <UnitTestResult executionId="f906779b-7edb-49be-b1e3-d2b976e8ca47" testId="b6713598-e21c-6f29-08f1-f4f46e42ba65" testName="xUnitTestProject.CurrencyHelperTests.FormatToStringTest1000(price: 5870.791169434223, expected: &quot;5870.79 zł&quot;)" computerName="DESKTOP-5URQ9PB" duration="00:00:00.0000072" startTime="2022-06-13T21:15:00.1484562+02:00" endTime="2022-06-13T21:15:00.1484563+02:00" testType="13cdc9d9-ddb5-4fa4-a97d-d965ccfc6d4b" outcome="Passed" testListId="8c84fa94-04c1-424b-9868-57a2d4851a1d" relativeResultsDirectory="f906779b-7edb-49be-b1e3-d2b976e8ca47" />
    <UnitTestResult executionId="a3a6cc66-b289-466f-821e-27c3ee8d7f14" testId="9538a911-f018-0a3e-26cb-52278d332f56" testName="xUnitTestProject.CurrencyHelperTests.FormatToStringTest1000(price: 12370.243090209198, expected: &quot;12370.24 zł&quot;)" computerName="DESKTOP-5URQ9PB" duration="00:00:00.0000073" startTime="2022-06-13T21:15:00.0751164+02:00" endTime="2022-06-13T21:15:00.0751165+02:00" testType="13cdc9d9-ddb5-4fa4-a97d-d965ccfc6d4b" outcome="Passed" testListId="8c84fa94-04c1-424b-9868-57a2d4851a1d" relativeResultsDirectory="a3a6cc66-b289-466f-821e-27c3ee8d7f14" />
    <UnitTestResult executionId="77ed84db-7cf6-4d7b-ae21-dbd328ca634f" testId="ff7ab5c9-17cd-23b9-cfc1-99026e4f14ac" testName="xUnitTestProject.CurrencyHelperTests.FormatToStringTest1000(price: 27164.0272410419, expected: &quot;27164.03 zł&quot;)" computerName="DESKTOP-5URQ9PB" duration="00:00:00.0000043" startTime="2022-06-13T21:15:00.1897415+02:00" endTime="2022-06-13T21:15:00.1897417+02:00" testType="13cdc9d9-ddb5-4fa4-a97d-d965ccfc6d4b" outcome="Passed" testListId="8c84fa94-04c1-424b-9868-57a2d4851a1d" relativeResultsDirectory="77ed84db-7cf6-4d7b-ae21-dbd328ca634f" />
    <UnitTestResult executionId="b02a2bb7-1bbc-4625-8400-cd609343f5c2" testId="cc7d6c48-2140-f681-276a-ee6d54b1f129" testName="xUnitTestProject.CurrencyHelperTests.FormatToStringTest1000(price: 7076.829971250534, expected: &quot;7076.83 zł&quot;)" computerName="DESKTOP-5URQ9PB" duration="00:00:00.0000068" startTime="2022-06-13T21:15:00.1495902+02:00" endTime="2022-06-13T21:15:00.1495904+02:00" testType="13cdc9d9-ddb5-4fa4-a97d-d965ccfc6d4b" outcome="Passed" testListId="8c84fa94-04c1-424b-9868-57a2d4851a1d" relativeResultsDirectory="b02a2bb7-1bbc-4625-8400-cd609343f5c2" />
    <UnitTestResult executionId="0c04fce3-58c8-4dc0-a26a-da3434c29e1e" testId="91970791-479f-53e8-256c-76fb4b85cf1d" testName="xUnitTestProject.CurrencyHelperTests.FormatToStringTest1000(price: 36651.05802063414, expected: &quot;36651.06 zł&quot;)" computerName="DESKTOP-5URQ9PB" duration="00:00:00.0000068" startTime="2022-06-13T21:15:00.1711989+02:00" endTime="2022-06-13T21:15:00.1711991+02:00" testType="13cdc9d9-ddb5-4fa4-a97d-d965ccfc6d4b" outcome="Passed" testListId="8c84fa94-04c1-424b-9868-57a2d4851a1d" relativeResultsDirectory="0c04fce3-58c8-4dc0-a26a-da3434c29e1e" />
    <UnitTestResult executionId="6ad3d02a-a7c9-476c-825f-085bd8450ca0" testId="c0622c05-a365-df5b-d83a-27dce2d844ee" testName="xUnitTestProject.CurrencyHelperTests.FormatToStringTest1000(price: 23980.12943509646, expected: &quot;23980.13 zł&quot;)" computerName="DESKTOP-5URQ9PB" duration="00:00:00.0000062" startTime="2022-06-13T21:15:00.1202318+02:00" endTime="2022-06-13T21:15:00.1202320+02:00" testType="13cdc9d9-ddb5-4fa4-a97d-d965ccfc6d4b" outcome="Passed" testListId="8c84fa94-04c1-424b-9868-57a2d4851a1d" relativeResultsDirectory="6ad3d02a-a7c9-476c-825f-085bd8450ca0" />
    <UnitTestResult executionId="6ff49476-e561-4206-b763-1b89c9055e51" testId="38b0259f-0bcb-8aec-4c3f-6a948a320426" testName="xUnitTestProject.CurrencyHelperTests.FormatToStringTest1000(price: 24137.016609529506, expected: &quot;24137.02 zł&quot;)" computerName="DESKTOP-5URQ9PB" duration="00:00:00.0000071" startTime="2022-06-13T21:15:00.1618406+02:00" endTime="2022-06-13T21:15:00.1618408+02:00" testType="13cdc9d9-ddb5-4fa4-a97d-d965ccfc6d4b" outcome="Passed" testListId="8c84fa94-04c1-424b-9868-57a2d4851a1d" relativeResultsDirectory="6ff49476-e561-4206-b763-1b89c9055e51" />
    <UnitTestResult executionId="9876066a-2714-4edf-8f0f-4f56501b7bb6" testId="05d3ca05-7d6a-4ccb-9500-bddd30f80ece" testName="xUnitTestProject.CurrencyHelperTests.FormatToStringTest1000(price: 8499.121443388574, expected: &quot;8499.12 zł&quot;)" computerName="DESKTOP-5URQ9PB" duration="00:00:00.0000040" startTime="2022-06-13T21:15:00.0951668+02:00" endTime="2022-06-13T21:15:00.0951670+02:00" testType="13cdc9d9-ddb5-4fa4-a97d-d965ccfc6d4b" outcome="Passed" testListId="8c84fa94-04c1-424b-9868-57a2d4851a1d" relativeResultsDirectory="9876066a-2714-4edf-8f0f-4f56501b7bb6" />
    <UnitTestResult executionId="7f5b600e-93bc-4639-8f13-0f3d69b177e2" testId="65d35c13-0e19-06e3-2b90-fbf07f6234bd" testName="xUnitTestProject.CurrencyHelperTests.FormatToStringTest1000(price: 63427.55325689332, expected: &quot;63427.55 zł&quot;)" computerName="DESKTOP-5URQ9PB" duration="00:00:00.0000041" startTime="2022-06-13T21:15:00.0761989+02:00" endTime="2022-06-13T21:15:00.0761992+02:00" testType="13cdc9d9-ddb5-4fa4-a97d-d965ccfc6d4b" outcome="Passed" testListId="8c84fa94-04c1-424b-9868-57a2d4851a1d" relativeResultsDirectory="7f5b600e-93bc-4639-8f13-0f3d69b177e2" />
    <UnitTestResult executionId="b157b67b-62d9-4247-83a2-799dc8f0e1f3" testId="f9dc9c7a-bf0e-4c02-1f2d-1fd4e69c7538" testName="xUnitTestProject.CurrencyHelperTests.FormatToStringTest1000(price: 1474.699818629166, expected: &quot;1474.70 zł&quot;)" computerName="DESKTOP-5URQ9PB" duration="00:00:00.0000063" startTime="2022-06-13T21:15:00.1067251+02:00" endTime="2022-06-13T21:15:00.1067252+02:00" testType="13cdc9d9-ddb5-4fa4-a97d-d965ccfc6d4b" outcome="Passed" testListId="8c84fa94-04c1-424b-9868-57a2d4851a1d" relativeResultsDirectory="b157b67b-62d9-4247-83a2-799dc8f0e1f3" />
    <UnitTestResult executionId="d5d8587c-a2df-46eb-8546-a1c74dfabb1e" testId="c0741e8d-b0f9-ca5e-e02e-02960c9e164f" testName="xUnitTestProject.CurrencyHelperTests.FormatToStringTest1000(price: 4121.116360678857, expected: &quot;4121.12 zł&quot;)" computerName="DESKTOP-5URQ9PB" duration="00:00:00.0000041" startTime="2022-06-13T21:15:00.0764377+02:00" endTime="2022-06-13T21:15:00.0764379+02:00" testType="13cdc9d9-ddb5-4fa4-a97d-d965ccfc6d4b" outcome="Passed" testListId="8c84fa94-04c1-424b-9868-57a2d4851a1d" relativeResultsDirectory="d5d8587c-a2df-46eb-8546-a1c74dfabb1e" />
    <UnitTestResult executionId="9781e01b-d862-4724-90ac-c8d42dd701a1" testId="3326d350-1af4-4add-085b-c52b861e91af" testName="xUnitTestProject.CurrencyHelperTests.FormatToStringTest1000(price: 74152.7503934562, expected: &quot;74152.75 zł&quot;)" computerName="DESKTOP-5URQ9PB" duration="00:00:00.0000049" startTime="2022-06-13T21:15:00.1888208+02:00" endTime="2022-06-13T21:15:00.1888210+02:00" testType="13cdc9d9-ddb5-4fa4-a97d-d965ccfc6d4b" outcome="Passed" testListId="8c84fa94-04c1-424b-9868-57a2d4851a1d" relativeResultsDirectory="9781e01b-d862-4724-90ac-c8d42dd701a1" />
    <UnitTestResult executionId="ededc49c-17da-4742-8e84-9357c83edb6e" testId="6205fc96-eb71-1460-755c-461fb37bb024" testName="xUnitTestProject.CurrencyHelperTests.FormatToStringTest1000(price: 21785.42157155528, expected: &quot;21785.42 zł&quot;)" computerName="DESKTOP-5URQ9PB" duration="00:00:00.0000069" startTime="2022-06-13T21:15:00.1336587+02:00" endTime="2022-06-13T21:15:00.1336589+02:00" testType="13cdc9d9-ddb5-4fa4-a97d-d965ccfc6d4b" outcome="Passed" testListId="8c84fa94-04c1-424b-9868-57a2d4851a1d" relativeResultsDirectory="ededc49c-17da-4742-8e84-9357c83edb6e" />
    <UnitTestResult executionId="9ba67e60-3822-4ab9-acc5-78e670f4da71" testId="3fe65711-0b55-7192-8237-90b45a462066" testName="xUnitTestProject.CurrencyHelperTests.FormatToStringTest1000(price: 159.83786031922224, expected: &quot;159.84 zł&quot;)" computerName="DESKTOP-5URQ9PB" duration="00:00:00.0000046" startTime="2022-06-13T21:15:00.1778357+02:00" endTime="2022-06-13T21:15:00.1778359+02:00" testType="13cdc9d9-ddb5-4fa4-a97d-d965ccfc6d4b" outcome="Passed" testListId="8c84fa94-04c1-424b-9868-57a2d4851a1d" relativeResultsDirectory="9ba67e60-3822-4ab9-acc5-78e670f4da71" />
    <UnitTestResult executionId="ef894b5a-4de1-4297-83b9-6b7a491cfcec" testId="95df1eac-f3bd-b207-f98c-5233af246763" testName="xUnitTestProject.CurrencyHelperTests.FormatToStringTest1000(price: 7569.605888796322, expected: &quot;7569.61 zł&quot;)" computerName="DESKTOP-5URQ9PB" duration="00:00:00.0000081" startTime="2022-06-13T21:15:00.1247516+02:00" endTime="2022-06-13T21:15:00.1247518+02:00" testType="13cdc9d9-ddb5-4fa4-a97d-d965ccfc6d4b" outcome="Passed" testListId="8c84fa94-04c1-424b-9868-57a2d4851a1d" relativeResultsDirectory="ef894b5a-4de1-4297-83b9-6b7a491cfcec" />
    <UnitTestResult executionId="4f63faa6-5a71-4834-bf15-4708c4920eb5" testId="8d5bed77-8b58-0b0c-25f0-22107332d09a" testName="xUnitTestProject.CurrencyHelperTests.FormatToStringTest1000(price: 736.7398243680316, expected: &quot;736.74 zł&quot;)" computerName="DESKTOP-5URQ9PB" duration="00:00:00.0000063" startTime="2022-06-13T21:15:00.0941408+02:00" endTime="2022-06-13T21:15:00.0941409+02:00" testType="13cdc9d9-ddb5-4fa4-a97d-d965ccfc6d4b" outcome="Passed" testListId="8c84fa94-04c1-424b-9868-57a2d4851a1d" relativeResultsDirectory="4f63faa6-5a71-4834-bf15-4708c4920eb5" />
    <UnitTestResult executionId="5afc028d-aaf5-4aff-a3b9-e3dd9454dbbe" testId="d0cd8d38-2083-8dfe-21da-1692537b41cc" testName="xUnitTestProject.CurrencyHelperTests.FormatToStringTest1000(price: 14635.510547500808, expected: &quot;14635.51 zł&quot;)" computerName="DESKTOP-5URQ9PB" duration="00:00:00.0000062" startTime="2022-06-13T21:15:00.1148280+02:00" endTime="2022-06-13T21:15:00.1148282+02:00" testType="13cdc9d9-ddb5-4fa4-a97d-d965ccfc6d4b" outcome="Passed" testListId="8c84fa94-04c1-424b-9868-57a2d4851a1d" relativeResultsDirectory="5afc028d-aaf5-4aff-a3b9-e3dd9454dbbe" />
    <UnitTestResult executionId="7b9a3b34-a05c-4332-b015-f9e06ca9e53d" testId="f6807856-920c-b4f6-bd05-450a0bb2d3bd" testName="xUnitTestProject.CurrencyHelperTests.FormatToStringTest1000(price: 29678.921519093645, expected: &quot;29678.92 zł&quot;)" computerName="DESKTOP-5URQ9PB" duration="00:00:00.0000163" startTime="2022-06-13T21:15:00.1700328+02:00" endTime="2022-06-13T21:15:00.1700330+02:00" testType="13cdc9d9-ddb5-4fa4-a97d-d965ccfc6d4b" outcome="Passed" testListId="8c84fa94-04c1-424b-9868-57a2d4851a1d" relativeResultsDirectory="7b9a3b34-a05c-4332-b015-f9e06ca9e53d" />
    <UnitTestResult executionId="f9a1f161-51a3-4375-b08b-c6a487d1c943" testId="028a745a-d396-f185-341f-56b2c46b3ca2" testName="xUnitTestProject.CurrencyHelperTests.FormatToStringTest1000(price: 66945.02904917022, expected: &quot;66945.03 zł&quot;)" computerName="DESKTOP-5URQ9PB" duration="00:00:00.0000045" startTime="2022-06-13T21:15:00.0739191+02:00" endTime="2022-06-13T21:15:00.0739193+02:00" testType="13cdc9d9-ddb5-4fa4-a97d-d965ccfc6d4b" outcome="Passed" testListId="8c84fa94-04c1-424b-9868-57a2d4851a1d" relativeResultsDirectory="f9a1f161-51a3-4375-b08b-c6a487d1c943" />
    <UnitTestResult executionId="25c0772e-b59f-4e65-8ec4-c7d4bc61f912" testId="4c68b106-0b95-e518-2e9e-d72489df9e7e" testName="xUnitTestProject.CurrencyHelperTests.FormatToStringTest1000(price: 55010.474927814896, expected: &quot;55010.47 zł&quot;)" computerName="DESKTOP-5URQ9PB" duration="00:00:00.0000041" startTime="2022-06-13T21:15:00.1765293+02:00" endTime="2022-06-13T21:15:00.1765296+02:00" testType="13cdc9d9-ddb5-4fa4-a97d-d965ccfc6d4b" outcome="Passed" testListId="8c84fa94-04c1-424b-9868-57a2d4851a1d" relativeResultsDirectory="25c0772e-b59f-4e65-8ec4-c7d4bc61f912" />
    <UnitTestResult executionId="7fe066f7-8f63-4497-b08e-57ef6acf664b" testId="6517f205-88c6-f2fb-89fe-a931711e4343" testName="xUnitTestProject.CurrencyHelperTests.FormatToStringTest1000(price: 4116.417580192638, expected: &quot;4116.42 zł&quot;)" computerName="DESKTOP-5URQ9PB" duration="00:00:00.0000058" startTime="2022-06-13T21:15:00.1485304+02:00" endTime="2022-06-13T21:15:00.1485306+02:00" testType="13cdc9d9-ddb5-4fa4-a97d-d965ccfc6d4b" outcome="Passed" testListId="8c84fa94-04c1-424b-9868-57a2d4851a1d" relativeResultsDirectory="7fe066f7-8f63-4497-b08e-57ef6acf664b" />
    <UnitTestResult executionId="6bb0c66e-0187-4276-a213-f938e007ca56" testId="e605935b-b7df-1383-2d29-96bb8b33e684" testName="xUnitTestProject.CurrencyHelperTests.FormatToStringTest1000(price: 15841.26419853478, expected: &quot;15841.26 zł&quot;)" computerName="DESKTOP-5URQ9PB" duration="00:00:00.0000055" startTime="2022-06-13T21:15:00.1551386+02:00" endTime="2022-06-13T21:15:00.1551388+02:00" testType="13cdc9d9-ddb5-4fa4-a97d-d965ccfc6d4b" outcome="Passed" testListId="8c84fa94-04c1-424b-9868-57a2d4851a1d" relativeResultsDirectory="6bb0c66e-0187-4276-a213-f938e007ca56" />
    <UnitTestResult executionId="f86ba957-5287-4d6f-8a31-1dc5c7b777ff" testId="0a0bc23b-0e81-f4f7-edb6-cfc0213b6904" testName="xUnitTestProject.CurrencyHelperTests.FormatToStringTest1000(price: 2039.440966411699, expected: &quot;2039.44 zł&quot;)" computerName="DESKTOP-5URQ9PB" duration="00:00:00.0000055" startTime="2022-06-13T21:15:00.1169126+02:00" endTime="2022-06-13T21:15:00.1169127+02:00" testType="13cdc9d9-ddb5-4fa4-a97d-d965ccfc6d4b" outcome="Passed" testListId="8c84fa94-04c1-424b-9868-57a2d4851a1d" relativeResultsDirectory="f86ba957-5287-4d6f-8a31-1dc5c7b777ff" />
    <UnitTestResult executionId="560ac6d7-29e2-4f08-9f24-13783db49c02" testId="6c083eac-7cf7-3a47-1845-0ff85783e0c1" testName="xUnitTestProject.CurrencyHelperTests.FormatToStringTest1000(price: 34021.1384072961, expected: &quot;34021.14 zł&quot;)" computerName="DESKTOP-5URQ9PB" duration="00:00:00.0000060" startTime="2022-06-13T21:15:00.1146758+02:00" endTime="2022-06-13T21:15:00.1146760+02:00" testType="13cdc9d9-ddb5-4fa4-a97d-d965ccfc6d4b" outcome="Passed" testListId="8c84fa94-04c1-424b-9868-57a2d4851a1d" relativeResultsDirectory="560ac6d7-29e2-4f08-9f24-13783db49c02" />
    <UnitTestResult executionId="0a226677-ff7e-40b9-802b-236f1a3aabc5" testId="2472258e-8be8-7772-0b75-b4a3d535f097" testName="xUnitTestProject.CurrencyHelperTests.FormatToStringTest1000(price: 10641.263377953444, expected: &quot;10641.26 zł&quot;)" computerName="DESKTOP-5URQ9PB" duration="00:00:00.0000065" startTime="2022-06-13T21:15:00.1190837+02:00" endTime="2022-06-13T21:15:00.1190841+02:00" testType="13cdc9d9-ddb5-4fa4-a97d-d965ccfc6d4b" outcome="Passed" testListId="8c84fa94-04c1-424b-9868-57a2d4851a1d" relativeResultsDirectory="0a226677-ff7e-40b9-802b-236f1a3aabc5" />
    <UnitTestResult executionId="fc99213b-c3a3-4d67-94f1-610b4fd9ced3" testId="273a20e0-541a-4005-532d-de3663197643" testName="xUnitTestProject.CurrencyHelperTests.FormatToStringTest1000(price: 3341.8351759444154, expected: &quot;3341.84 zł&quot;)" computerName="DESKTOP-5URQ9PB" duration="00:00:00.0000077" startTime="2022-06-13T21:15:00.1898591+02:00" endTime="2022-06-13T21:15:00.1898592+02:00" testType="13cdc9d9-ddb5-4fa4-a97d-d965ccfc6d4b" outcome="Passed" testListId="8c84fa94-04c1-424b-9868-57a2d4851a1d" relativeResultsDirectory="fc99213b-c3a3-4d67-94f1-610b4fd9ced3" />
    <UnitTestResult executionId="5a40d4c9-ae1a-443a-a90d-c96bfa25b2a1" testId="f0e62743-f005-ab34-4606-22275729a052" testName="xUnitTestProject.CurrencyHelperTests.FormatToStringTest1000(price: 40556.73452524362, expected: &quot;40556.73 zł&quot;)" computerName="DESKTOP-5URQ9PB" duration="00:00:00.0000056" startTime="2022-06-13T21:15:00.1606703+02:00" endTime="2022-06-13T21:15:00.1606704+02:00" testType="13cdc9d9-ddb5-4fa4-a97d-d965ccfc6d4b" outcome="Passed" testListId="8c84fa94-04c1-424b-9868-57a2d4851a1d" relativeResultsDirectory="5a40d4c9-ae1a-443a-a90d-c96bfa25b2a1" />
    <UnitTestResult executionId="3caf6204-74a4-4a94-913e-b2344ef46344" testId="124aa2c1-a584-951a-b578-c58272b94396" testName="xUnitTestProject.CurrencyHelperTests.FormatToStringTest1000(price: 5978.1197194131655, expected: &quot;5978.12 zł&quot;)" computerName="DESKTOP-5URQ9PB" duration="00:00:00.0000064" startTime="2022-06-13T21:15:00.0830365+02:00" endTime="2022-06-13T21:15:00.0830368+02:00" testType="13cdc9d9-ddb5-4fa4-a97d-d965ccfc6d4b" outcome="Passed" testListId="8c84fa94-04c1-424b-9868-57a2d4851a1d" relativeResultsDirectory="3caf6204-74a4-4a94-913e-b2344ef46344" />
    <UnitTestResult executionId="7e1aaf80-5e73-4add-935f-a4b4eefbf558" testId="09f7512b-fcad-449f-b8a9-c32911a23969" testName="xUnitTestProject.CurrencyHelperTests.FormatToStringTest1000(price: 23662.291816162084, expected: &quot;23662.29 zł&quot;)" computerName="DESKTOP-5URQ9PB" duration="00:00:00.0000072" startTime="2022-06-13T21:15:00.1135434+02:00" endTime="2022-06-13T21:15:00.1135436+02:00" testType="13cdc9d9-ddb5-4fa4-a97d-d965ccfc6d4b" outcome="Passed" testListId="8c84fa94-04c1-424b-9868-57a2d4851a1d" relativeResultsDirectory="7e1aaf80-5e73-4add-935f-a4b4eefbf558" />
    <UnitTestResult executionId="9c9a4279-c9cf-4a34-a145-d599a78ca53c" testId="b9639a73-b99d-241a-c8a5-6c3a19c63133" testName="xUnitTestProject.CurrencyHelperTests.FormatToStringTest1000(price: 19500.031951036784, expected: &quot;19500.03 zł&quot;)" computerName="DESKTOP-5URQ9PB" duration="00:00:00.0000062" startTime="2022-06-13T21:15:00.1415297+02:00" endTime="2022-06-13T21:15:00.1415299+02:00" testType="13cdc9d9-ddb5-4fa4-a97d-d965ccfc6d4b" outcome="Passed" testListId="8c84fa94-04c1-424b-9868-57a2d4851a1d" relativeResultsDirectory="9c9a4279-c9cf-4a34-a145-d599a78ca53c" />
    <UnitTestResult executionId="48939a8c-c0ea-4173-9d5e-8cc3dde81299" testId="ebd1aa40-63da-115b-f2a9-d23a543d03a1" testName="xUnitTestProject.CurrencyHelperTests.FormatToStringTest1000(price: 20441.330495004695, expected: &quot;20441.33 zł&quot;)" computerName="DESKTOP-5URQ9PB" duration="00:00:00.0000067" startTime="2022-06-13T21:15:00.1416874+02:00" endTime="2022-06-13T21:15:00.1416876+02:00" testType="13cdc9d9-ddb5-4fa4-a97d-d965ccfc6d4b" outcome="Passed" testListId="8c84fa94-04c1-424b-9868-57a2d4851a1d" relativeResultsDirectory="48939a8c-c0ea-4173-9d5e-8cc3dde81299" />
    <UnitTestResult executionId="0d204702-10e6-486f-870d-513c39458472" testId="4125f8c2-231a-89ba-d149-611a4ab9d212" testName="xUnitTestProject.CurrencyHelperTests.FormatToStringTest1000(price: 14459.57059750686, expected: &quot;14459.57 zł&quot;)" computerName="DESKTOP-5URQ9PB" duration="00:00:00.0000052" startTime="2022-06-13T21:15:00.1594291+02:00" endTime="2022-06-13T21:15:00.1594293+02:00" testType="13cdc9d9-ddb5-4fa4-a97d-d965ccfc6d4b" outcome="Passed" testListId="8c84fa94-04c1-424b-9868-57a2d4851a1d" relativeResultsDirectory="0d204702-10e6-486f-870d-513c39458472" />
    <UnitTestResult executionId="c808fe5a-7eee-40ba-80de-0ba0c0218d19" testId="534fc948-8601-de40-7f94-04ae4333536f" testName="xUnitTestProject.CurrencyHelperTests.FormatToStringTest1000(price: 19541.10539777116, expected: &quot;19541.11 zł&quot;)" computerName="DESKTOP-5URQ9PB" duration="00:00:00.0000060" startTime="2022-06-13T21:15:00.1344465+02:00" endTime="2022-06-13T21:15:00.1344467+02:00" testType="13cdc9d9-ddb5-4fa4-a97d-d965ccfc6d4b" outcome="Passed" testListId="8c84fa94-04c1-424b-9868-57a2d4851a1d" relativeResultsDirectory="c808fe5a-7eee-40ba-80de-0ba0c0218d19" />
    <UnitTestResult executionId="0bd11e30-fba0-4825-a742-65222072dd06" testId="112056a7-90b6-3caa-8868-b79786565857" testName="xUnitTestProject.CurrencyHelperTests.FormatToStringTest1000(price: 20552.966022956633, expected: &quot;20552.97 zł&quot;)" computerName="DESKTOP-5URQ9PB" duration="00:00:00.0000043" startTime="2022-06-13T21:15:00.0831171+02:00" endTime="2022-06-13T21:15:00.0831173+02:00" testType="13cdc9d9-ddb5-4fa4-a97d-d965ccfc6d4b" outcome="Passed" testListId="8c84fa94-04c1-424b-9868-57a2d4851a1d" relativeResultsDirectory="0bd11e30-fba0-4825-a742-65222072dd06" />
    <UnitTestResult executionId="fd239a04-9374-4811-8dc8-7d92337dd154" testId="8181cd4b-8454-73ed-8ced-01a1dc2b25c3" testName="xUnitTestProject.CurrencyHelperTests.FormatToStringTest1000(price: 13286.856387228174, expected: &quot;13286.86 zł&quot;)" computerName="DESKTOP-5URQ9PB" duration="00:00:00.0000045" startTime="2022-06-13T21:15:00.1906677+02:00" endTime="2022-06-13T21:15:00.1906678+02:00" testType="13cdc9d9-ddb5-4fa4-a97d-d965ccfc6d4b" outcome="Passed" testListId="8c84fa94-04c1-424b-9868-57a2d4851a1d" relativeResultsDirectory="fd239a04-9374-4811-8dc8-7d92337dd154" />
    <UnitTestResult executionId="81887657-9fe9-4826-ba1b-7670fcfb1a62" testId="9ecb75d8-2160-8266-876b-6361db8213dc" testName="xUnitTestProject.CurrencyHelperTests.FormatToStringTest1000(price: 8885.065440211942, expected: &quot;8885.07 zł&quot;)" computerName="DESKTOP-5URQ9PB" duration="00:00:00.0000078" startTime="2022-06-13T21:15:00.0819171+02:00" endTime="2022-06-13T21:15:00.0819173+02:00" testType="13cdc9d9-ddb5-4fa4-a97d-d965ccfc6d4b" outcome="Passed" testListId="8c84fa94-04c1-424b-9868-57a2d4851a1d" relativeResultsDirectory="81887657-9fe9-4826-ba1b-7670fcfb1a62" />
    <UnitTestResult executionId="46272693-4f9b-4851-bd06-1b1503c2f66d" testId="0fe69b56-67e1-3f07-b6ce-8076afaa9bd7" testName="xUnitTestProject.CurrencyHelperTests.FormatToStringTest1000(price: 11958.422287871792, expected: &quot;11958.42 zł&quot;)" computerName="DESKTOP-5URQ9PB" duration="00:00:00.0000065" startTime="2022-06-13T21:15:00.1428622+02:00" endTime="2022-06-13T21:15:00.1428623+02:00" testType="13cdc9d9-ddb5-4fa4-a97d-d965ccfc6d4b" outcome="Passed" testListId="8c84fa94-04c1-424b-9868-57a2d4851a1d" relativeResultsDirectory="46272693-4f9b-4851-bd06-1b1503c2f66d" />
    <UnitTestResult executionId="122df151-4bc7-409d-b019-0caeadf7523c" testId="3b87d198-4b64-d5ab-66c4-ae53f55f5bdf" testName="xUnitTestProject.CurrencyHelperTests.FormatToStringTest1000(price: 22494.46807976834, expected: &quot;22494.47 zł&quot;)" computerName="DESKTOP-5URQ9PB" duration="00:00:00.0000196" startTime="2022-06-13T21:15:00.1699959+02:00" endTime="2022-06-13T21:15:00.1699960+02:00" testType="13cdc9d9-ddb5-4fa4-a97d-d965ccfc6d4b" outcome="Passed" testListId="8c84fa94-04c1-424b-9868-57a2d4851a1d" relativeResultsDirectory="122df151-4bc7-409d-b019-0caeadf7523c" />
    <UnitTestResult executionId="7553fd79-8f7c-431b-a520-609b562367d6" testId="80d0ff60-cfaf-35b0-6f6e-60db427c7f85" testName="xUnitTestProject.CurrencyHelperTests.FormatToStringTest1000(price: 4652.407073443945, expected: &quot;4652.41 zł&quot;)" computerName="DESKTOP-5URQ9PB" duration="00:00:00.0000089" startTime="2022-06-13T21:15:00.1538853+02:00" endTime="2022-06-13T21:15:00.1538855+02:00" testType="13cdc9d9-ddb5-4fa4-a97d-d965ccfc6d4b" outcome="Passed" testListId="8c84fa94-04c1-424b-9868-57a2d4851a1d" relativeResultsDirectory="7553fd79-8f7c-431b-a520-609b562367d6" />
    <UnitTestResult executionId="fce5c0ec-c912-494a-b1ab-45f24219ef5f" testId="7200fbe8-0633-195a-0e4f-25258446a0dd" testName="xUnitTestProject.CurrencyHelperTests.FormatToStringTest1000(price: 18490.912787030877, expected: &quot;18490.91 zł&quot;)" computerName="DESKTOP-5URQ9PB" duration="00:00:00.0000040" startTime="2022-06-13T21:15:00.1812483+02:00" endTime="2022-06-13T21:15:00.1812484+02:00" testType="13cdc9d9-ddb5-4fa4-a97d-d965ccfc6d4b" outcome="Passed" testListId="8c84fa94-04c1-424b-9868-57a2d4851a1d" relativeResultsDirectory="fce5c0ec-c912-494a-b1ab-45f24219ef5f" />
    <UnitTestResult executionId="5e019b12-45ee-4337-b220-58bf1a1bb32f" testId="dbf6f9ae-d4e2-c907-2228-ff1a571678a6" testName="xUnitTestProject.CurrencyHelperTests.FormatToStringTest1000(price: 20497.107923553376, expected: &quot;20497.11 zł&quot;)" computerName="DESKTOP-5URQ9PB" duration="00:00:00.0000056" startTime="2022-06-13T21:15:00.1283095+02:00" endTime="2022-06-13T21:15:00.1283097+02:00" testType="13cdc9d9-ddb5-4fa4-a97d-d965ccfc6d4b" outcome="Passed" testListId="8c84fa94-04c1-424b-9868-57a2d4851a1d" relativeResultsDirectory="5e019b12-45ee-4337-b220-58bf1a1bb32f" />
    <UnitTestResult executionId="f6df61ae-a567-43f5-885e-9cf1512870eb" testId="83514fd2-fce2-f5cf-b4b1-7b2bd8509222" testName="xUnitTestProject.CurrencyHelperTests.FormatToStringTest1000(price: 286.92120604539343, expected: &quot;286.92 zł&quot;)" computerName="DESKTOP-5URQ9PB" duration="00:00:00.0000060" startTime="2022-06-13T21:15:00.1246771+02:00" endTime="2022-06-13T21:15:00.1246773+02:00" testType="13cdc9d9-ddb5-4fa4-a97d-d965ccfc6d4b" outcome="Passed" testListId="8c84fa94-04c1-424b-9868-57a2d4851a1d" relativeResultsDirectory="f6df61ae-a567-43f5-885e-9cf1512870eb" />
    <UnitTestResult executionId="3af788c7-4693-4cd3-92d5-9c27bd7559a9" testId="cf6ce7eb-96c1-8a55-15f9-4fb2522dc822" testName="xUnitTestProject.CurrencyHelperTests.FormatToStringTest1000(price: 76536.95853396178, expected: &quot;76536.96 zł&quot;)" computerName="DESKTOP-5URQ9PB" duration="00:00:00.0000041" startTime="2022-06-13T21:15:00.0728960+02:00" endTime="2022-06-13T21:15:00.0728962+02:00" testType="13cdc9d9-ddb5-4fa4-a97d-d965ccfc6d4b" outcome="Passed" testListId="8c84fa94-04c1-424b-9868-57a2d4851a1d" relativeResultsDirectory="3af788c7-4693-4cd3-92d5-9c27bd7559a9" />
    <UnitTestResult executionId="208a683b-9a94-46ac-87a2-01ce28efeec3" testId="1fffb893-3987-58da-ed03-e4f32e271dc9" testName="xUnitTestProject.CurrencyHelperTests.FormatToStringTest1000(price: 19435.417227184127, expected: &quot;19435.42 zł&quot;)" computerName="DESKTOP-5URQ9PB" duration="00:00:00.0000049" startTime="2022-06-13T21:15:00.1907550+02:00" endTime="2022-06-13T21:15:00.1907551+02:00" testType="13cdc9d9-ddb5-4fa4-a97d-d965ccfc6d4b" outcome="Passed" testListId="8c84fa94-04c1-424b-9868-57a2d4851a1d" relativeResultsDirectory="208a683b-9a94-46ac-87a2-01ce28efeec3" />
    <UnitTestResult executionId="9dd0bf76-4551-4f62-99c0-06b547ef650c" testId="034f9192-5731-ab77-854c-d5ad3844ecab" testName="xUnitTestProject.CurrencyHelperTests.FormatToStringTest1000(price: 803.2448148733214, expected: &quot;803.24 zł&quot;)" computerName="DESKTOP-5URQ9PB" duration="00:00:00.0000086" startTime="2022-06-13T21:15:00.1801023+02:00" endTime="2022-06-13T21:15:00.1801025+02:00" testType="13cdc9d9-ddb5-4fa4-a97d-d965ccfc6d4b" outcome="Passed" testListId="8c84fa94-04c1-424b-9868-57a2d4851a1d" relativeResultsDirectory="9dd0bf76-4551-4f62-99c0-06b547ef650c" />
    <UnitTestResult executionId="c9382e26-7aa2-4778-ad9e-a64f9bd5f0db" testId="9af1084a-697b-14e3-b169-a799a0af5e73" testName="xUnitTestProject.CurrencyHelperTests.FormatToStringTest1000(price: 35714.78133482243, expected: &quot;35714.78 zł&quot;)" computerName="DESKTOP-5URQ9PB" duration="00:00:00.0000074" startTime="2022-06-13T21:15:00.1896535+02:00" endTime="2022-06-13T21:15:00.1896536+02:00" testType="13cdc9d9-ddb5-4fa4-a97d-d965ccfc6d4b" outcome="Passed" testListId="8c84fa94-04c1-424b-9868-57a2d4851a1d" relativeResultsDirectory="c9382e26-7aa2-4778-ad9e-a64f9bd5f0db" />
    <UnitTestResult executionId="9f2a60d2-155a-45a3-bc3f-e84b75567636" testId="72b4af26-389d-d3a5-e933-0620092c06be" testName="xUnitTestProject.CurrencyHelperTests.FormatToStringTest1000(price: 2835.0728237931958, expected: &quot;2835.07 zł&quot;)" computerName="DESKTOP-5URQ9PB" duration="00:00:00.0000056" startTime="2022-06-13T21:15:00.1030117+02:00" endTime="2022-06-13T21:15:00.1030118+02:00" testType="13cdc9d9-ddb5-4fa4-a97d-d965ccfc6d4b" outcome="Passed" testListId="8c84fa94-04c1-424b-9868-57a2d4851a1d" relativeResultsDirectory="9f2a60d2-155a-45a3-bc3f-e84b75567636" />
    <UnitTestResult executionId="5e1c7642-2e52-4ffe-a03f-b5df4bbf9bed" testId="a2cb1a23-585c-77f0-4371-0762318d91ff" testName="xUnitTestProject.CurrencyHelperTests.FormatToStringTest1000(price: 61324.33752458279, expected: &quot;61324.34 zł&quot;)" computerName="DESKTOP-5URQ9PB" duration="00:00:00.0000058" startTime="2022-06-13T21:15:00.1517629+02:00" endTime="2022-06-13T21:15:00.1517631+02:00" testType="13cdc9d9-ddb5-4fa4-a97d-d965ccfc6d4b" outcome="Passed" testListId="8c84fa94-04c1-424b-9868-57a2d4851a1d" relativeResultsDirectory="5e1c7642-2e52-4ffe-a03f-b5df4bbf9bed" />
    <UnitTestResult executionId="9afdfd76-93fd-40f6-8f79-a1cacb0e7d36" testId="491a28af-9dc3-1b63-07e3-54fe5ff8a2ad" testName="xUnitTestProject.CurrencyHelperTests.FormatToStringTest1000(price: 17252.06220983903, expected: &quot;17252.06 zł&quot;)" computerName="DESKTOP-5URQ9PB" duration="00:00:00.0000056" startTime="2022-06-13T21:15:00.1856820+02:00" endTime="2022-06-13T21:15:00.1856822+02:00" testType="13cdc9d9-ddb5-4fa4-a97d-d965ccfc6d4b" outcome="Passed" testListId="8c84fa94-04c1-424b-9868-57a2d4851a1d" relativeResultsDirectory="9afdfd76-93fd-40f6-8f79-a1cacb0e7d36" />
    <UnitTestResult executionId="c6989b97-8070-4441-a2f9-2b3ab244eea4" testId="9f74ffc2-1a7b-4759-a337-57d1812dbf3f" testName="xUnitTestProject.CurrencyHelperTests.FormatToStringTest1000(price: 52032.65082931176, expected: &quot;52032.65 zł&quot;)" computerName="DESKTOP-5URQ9PB" duration="00:00:00.0000054" startTime="2022-06-13T21:15:00.1078632+02:00" endTime="2022-06-13T21:15:00.1078634+02:00" testType="13cdc9d9-ddb5-4fa4-a97d-d965ccfc6d4b" outcome="Passed" testListId="8c84fa94-04c1-424b-9868-57a2d4851a1d" relativeResultsDirectory="c6989b97-8070-4441-a2f9-2b3ab244eea4" />
    <UnitTestResult executionId="fd2dd61e-4fee-4e49-a337-0e4e101d351e" testId="731a3faa-831a-30a7-eac4-75c26e15a8d7" testName="xUnitTestProject.CurrencyHelperTests.FormatToStringTest1000(price: 59247.898931587064, expected: &quot;59247.90 zł&quot;)" computerName="DESKTOP-5URQ9PB" duration="00:00:00.0000065" startTime="2022-06-13T21:15:00.1146340+02:00" endTime="2022-06-13T21:15:00.1146344+02:00" testType="13cdc9d9-ddb5-4fa4-a97d-d965ccfc6d4b" outcome="Passed" testListId="8c84fa94-04c1-424b-9868-57a2d4851a1d" relativeResultsDirectory="fd2dd61e-4fee-4e49-a337-0e4e101d351e" />
    <UnitTestResult executionId="a563e7af-64bd-4c20-9b89-9aff6a51d661" testId="99085e4f-7a45-28dd-d73e-76b910959f1c" testName="xUnitTestProject.CurrencyHelperTests.FormatToStringTest1000(price: 5759.256266560991, expected: &quot;5759.26 zł&quot;)" computerName="DESKTOP-5URQ9PB" duration="00:00:00.0000055" startTime="2022-06-13T21:15:00.1225111+02:00" endTime="2022-06-13T21:15:00.1225113+02:00" testType="13cdc9d9-ddb5-4fa4-a97d-d965ccfc6d4b" outcome="Passed" testListId="8c84fa94-04c1-424b-9868-57a2d4851a1d" relativeResultsDirectory="a563e7af-64bd-4c20-9b89-9aff6a51d661" />
    <UnitTestResult executionId="13b218b7-d135-4b76-94fb-c1943ac943c9" testId="73278ab4-3d1d-b883-d827-3ea861390441" testName="xUnitTestProject.CurrencyHelperTests.FormatToStringTest1000(price: 6205.946199725357, expected: &quot;6205.95 zł&quot;)" computerName="DESKTOP-5URQ9PB" duration="00:00:00.0000067" startTime="2022-06-13T21:15:00.0569807+02:00" endTime="2022-06-13T21:15:00.0569809+02:00" testType="13cdc9d9-ddb5-4fa4-a97d-d965ccfc6d4b" outcome="Passed" testListId="8c84fa94-04c1-424b-9868-57a2d4851a1d" relativeResultsDirectory="13b218b7-d135-4b76-94fb-c1943ac943c9" />
    <UnitTestResult executionId="d29c8c49-d74d-4d6f-9225-6d5c372974cf" testId="b9aabaf1-a1cb-6124-f2ee-69eb1bbe949b" testName="xUnitTestProject.CurrencyHelperTests.FormatToStringTest1000(price: 19392.945535027862, expected: &quot;19392.95 zł&quot;)" computerName="DESKTOP-5URQ9PB" duration="00:00:00.0000056" startTime="2022-06-13T21:15:00.1135820+02:00" endTime="2022-06-13T21:15:00.1135822+02:00" testType="13cdc9d9-ddb5-4fa4-a97d-d965ccfc6d4b" outcome="Passed" testListId="8c84fa94-04c1-424b-9868-57a2d4851a1d" relativeResultsDirectory="d29c8c49-d74d-4d6f-9225-6d5c372974cf" />
    <UnitTestResult executionId="7e084446-c66f-4c4e-af0d-601a9dfa8434" testId="0010af2c-264b-9fa0-ca85-4bef95661f34" testName="xUnitTestProject.CurrencyHelperTests.FormatToStringTest1000(price: 27506.397047390416, expected: &quot;27506.40 zł&quot;)" computerName="DESKTOP-5URQ9PB" duration="00:00:00.0000044" startTime="2022-06-13T21:15:00.1799836+02:00" endTime="2022-06-13T21:15:00.1799838+02:00" testType="13cdc9d9-ddb5-4fa4-a97d-d965ccfc6d4b" outcome="Passed" testListId="8c84fa94-04c1-424b-9868-57a2d4851a1d" relativeResultsDirectory="7e084446-c66f-4c4e-af0d-601a9dfa8434" />
    <UnitTestResult executionId="a29b7dd1-95a4-4d91-ae87-9975b14b1d13" testId="78d10de8-2dc4-0b77-ab9e-9a161423da54" testName="xUnitTestProject.CurrencyHelperTests.FormatToStringTest1000(price: 2963.24443391815, expected: &quot;2963.24 zł&quot;)" computerName="DESKTOP-5URQ9PB" duration="00:00:00.0000062" startTime="2022-06-13T21:15:00.1006882+02:00" endTime="2022-06-13T21:15:00.1006886+02:00" testType="13cdc9d9-ddb5-4fa4-a97d-d965ccfc6d4b" outcome="Passed" testListId="8c84fa94-04c1-424b-9868-57a2d4851a1d" relativeResultsDirectory="a29b7dd1-95a4-4d91-ae87-9975b14b1d13" />
    <UnitTestResult executionId="0815af04-5852-4695-95c8-83a74b71b79b" testId="ca982acc-6d3c-04e3-1b49-3eea6c1f73fe" testName="xUnitTestProject.CurrencyHelperTests.FormatToStringTest1000(price: 33851.35523524618, expected: &quot;33851.36 zł&quot;)" computerName="DESKTOP-5URQ9PB" duration="00:00:00.0000078" startTime="2022-06-13T21:15:00.0997680+02:00" endTime="2022-06-13T21:15:00.0997682+02:00" testType="13cdc9d9-ddb5-4fa4-a97d-d965ccfc6d4b" outcome="Passed" testListId="8c84fa94-04c1-424b-9868-57a2d4851a1d" relativeResultsDirectory="0815af04-5852-4695-95c8-83a74b71b79b" />
    <UnitTestResult executionId="8e7bc4fe-b1ec-4552-98b2-0dd5e9459726" testId="081d3b2d-f16b-400c-9941-d599ff407e21" testName="xUnitTestProject.CurrencyHelperTests.FormatToStringTest1000(price: 20643.69044446465, expected: &quot;20643.69 zł&quot;)" computerName="DESKTOP-5URQ9PB" duration="00:00:00.0000072" startTime="2022-06-13T21:15:00.1304455+02:00" endTime="2022-06-13T21:15:00.1304457+02:00" testType="13cdc9d9-ddb5-4fa4-a97d-d965ccfc6d4b" outcome="Passed" testListId="8c84fa94-04c1-424b-9868-57a2d4851a1d" relativeResultsDirectory="8e7bc4fe-b1ec-4552-98b2-0dd5e9459726" />
    <UnitTestResult executionId="9a06ef96-fe6a-4f89-8c26-5248ea2a1dc7" testId="c0952508-ec1e-97b9-fe02-0c1a5085abd7" testName="xUnitTestProject.CurrencyHelperTests.FormatToStringTest1000(price: 48428.38681602682, expected: &quot;48428.39 zł&quot;)" computerName="DESKTOP-5URQ9PB" duration="00:00:00.0000041" startTime="2022-06-13T21:15:00.1845365+02:00" endTime="2022-06-13T21:15:00.1845367+02:00" testType="13cdc9d9-ddb5-4fa4-a97d-d965ccfc6d4b" outcome="Passed" testListId="8c84fa94-04c1-424b-9868-57a2d4851a1d" relativeResultsDirectory="9a06ef96-fe6a-4f89-8c26-5248ea2a1dc7" />
    <UnitTestResult executionId="4e912e38-dda6-4a63-9725-ed3441a123d1" testId="a00a0db9-3140-48ef-5f63-6a059b1f6f40" testName="xUnitTestProject.CurrencyHelperTests.FormatToStringTest1000(price: 8908.080586221107, expected: &quot;8908.08 zł&quot;)" computerName="DESKTOP-5URQ9PB" duration="00:00:00.0000115" startTime="2022-06-13T21:15:00.1676863+02:00" endTime="2022-06-13T21:15:00.1676865+02:00" testType="13cdc9d9-ddb5-4fa4-a97d-d965ccfc6d4b" outcome="Passed" testListId="8c84fa94-04c1-424b-9868-57a2d4851a1d" relativeResultsDirectory="4e912e38-dda6-4a63-9725-ed3441a123d1" />
    <UnitTestResult executionId="3a4b7316-f996-4f40-a07d-3b068cf0401b" testId="9e381b2f-7758-75e7-1187-5359a7cc2fcf" testName="xUnitTestProject.CurrencyHelperTests.FormatToStringTest1000(price: 4252.4012513842445, expected: &quot;4252.40 zł&quot;)" computerName="DESKTOP-5URQ9PB" duration="00:00:00.0000079" startTime="2022-06-13T21:15:00.1325075+02:00" endTime="2022-06-13T21:15:00.1325076+02:00" testType="13cdc9d9-ddb5-4fa4-a97d-d965ccfc6d4b" outcome="Passed" testListId="8c84fa94-04c1-424b-9868-57a2d4851a1d" relativeResultsDirectory="3a4b7316-f996-4f40-a07d-3b068cf0401b" />
    <UnitTestResult executionId="c8aa3700-0a79-4e41-a142-cb8c1dcf873c" testId="5f1f475f-1270-641d-7d41-d4acd777aabd" testName="xUnitTestProject.CurrencyHelperTests.FormatToStringTest1000(price: 7813.027778348433, expected: &quot;7813.03 zł&quot;)" computerName="DESKTOP-5URQ9PB" duration="00:00:00.0000046" startTime="2022-06-13T21:15:00.0467517+02:00" endTime="2022-06-13T21:15:00.0467518+02:00" testType="13cdc9d9-ddb5-4fa4-a97d-d965ccfc6d4b" outcome="Passed" testListId="8c84fa94-04c1-424b-9868-57a2d4851a1d" relativeResultsDirectory="c8aa3700-0a79-4e41-a142-cb8c1dcf873c" />
    <UnitTestResult executionId="d2609ebc-6371-4671-880d-00b50700a930" testId="f5005d81-5a9b-ef44-7fc2-52377fae83f4" testName="xUnitTestProject.CurrencyHelperTests.FormatToStringTest1000(price: 26162.532683261918, expected: &quot;26162.53 zł&quot;)" computerName="DESKTOP-5URQ9PB" duration="00:00:00.0000063" startTime="2022-06-13T21:15:00.0714072+02:00" endTime="2022-06-13T21:15:00.0714074+02:00" testType="13cdc9d9-ddb5-4fa4-a97d-d965ccfc6d4b" outcome="Passed" testListId="8c84fa94-04c1-424b-9868-57a2d4851a1d" relativeResultsDirectory="d2609ebc-6371-4671-880d-00b50700a930" />
    <UnitTestResult executionId="013fe926-03a0-4a45-85bf-8a966c69c094" testId="8c128bb7-55c2-1507-f225-4df0c4a48630" testName="xUnitTestProject.CurrencyHelperTests.FormatToStringTest1000(price: 5108.217389855635, expected: &quot;5108.22 zł&quot;)" computerName="DESKTOP-5URQ9PB" duration="00:00:00.0000046" startTime="2022-06-13T21:15:00.0466289+02:00" endTime="2022-06-13T21:15:00.0466291+02:00" testType="13cdc9d9-ddb5-4fa4-a97d-d965ccfc6d4b" outcome="Passed" testListId="8c84fa94-04c1-424b-9868-57a2d4851a1d" relativeResultsDirectory="013fe926-03a0-4a45-85bf-8a966c69c094" />
    <UnitTestResult executionId="09a15eb5-3e16-4a40-9424-1dcc15692602" testId="241187d4-ddc3-99e8-1041-3b3411c6c907" testName="xUnitTestProject.CurrencyHelperTests.FormatToStringTest1000(price: 96.75594581512546, expected: &quot;96.76 zł&quot;)" computerName="DESKTOP-5URQ9PB" duration="00:00:00.0000043" startTime="2022-06-13T21:15:00.1788354+02:00" endTime="2022-06-13T21:15:00.1788356+02:00" testType="13cdc9d9-ddb5-4fa4-a97d-d965ccfc6d4b" outcome="Passed" testListId="8c84fa94-04c1-424b-9868-57a2d4851a1d" relativeResultsDirectory="09a15eb5-3e16-4a40-9424-1dcc15692602" />
    <UnitTestResult executionId="51e221a7-3a8f-4b21-8411-bf69b93e783a" testId="b260e8fd-b664-9d96-9944-4c7dd9ae1851" testName="xUnitTestProject.CurrencyHelperTests.FormatToStringTest1000(price: 47630.39193684067, expected: &quot;47630.39 zł&quot;)" computerName="DESKTOP-5URQ9PB" duration="00:00:00.0000073" startTime="2022-06-13T21:15:00.1158645+02:00" endTime="2022-06-13T21:15:00.1158647+02:00" testType="13cdc9d9-ddb5-4fa4-a97d-d965ccfc6d4b" outcome="Passed" testListId="8c84fa94-04c1-424b-9868-57a2d4851a1d" relativeResultsDirectory="51e221a7-3a8f-4b21-8411-bf69b93e783a" />
    <UnitTestResult executionId="ed17b73a-6a31-4faf-a15f-3ef0bbbd9792" testId="8dcae478-7176-db28-16c0-e91e0d918df3" testName="xUnitTestProject.CurrencyHelperTests.FormatToStringTest1000(price: 58848.60825001477, expected: &quot;58848.61 zł&quot;)" computerName="DESKTOP-5URQ9PB" duration="00:00:00.0000047" startTime="2022-06-13T21:15:00.1799076+02:00" endTime="2022-06-13T21:15:00.1799078+02:00" testType="13cdc9d9-ddb5-4fa4-a97d-d965ccfc6d4b" outcome="Passed" testListId="8c84fa94-04c1-424b-9868-57a2d4851a1d" relativeResultsDirectory="ed17b73a-6a31-4faf-a15f-3ef0bbbd9792" />
    <UnitTestResult executionId="e7e003a0-a84e-4cb8-9d7a-079e4898c7ec" testId="23aaa466-cf05-d364-17da-f1d2a5004cf2" testName="xUnitTestProject.CurrencyHelperTests.FormatToStringTest1000(price: 23684.695462791573, expected: &quot;23684.70 zł&quot;)" computerName="DESKTOP-5URQ9PB" duration="00:00:00.0000068" startTime="2022-06-13T21:15:00.1292535+02:00" endTime="2022-06-13T21:15:00.1292537+02:00" testType="13cdc9d9-ddb5-4fa4-a97d-d965ccfc6d4b" outcome="Passed" testListId="8c84fa94-04c1-424b-9868-57a2d4851a1d" relativeResultsDirectory="e7e003a0-a84e-4cb8-9d7a-079e4898c7ec" />
    <UnitTestResult executionId="8f338196-0219-4d4d-9803-b5d1e9f964f7" testId="14379ebb-9dd5-379e-3072-3bfd6770d049" testName="xUnitTestProject.CurrencyHelperTests.FormatToStringTest1000(price: 46166.38051381259, expected: &quot;46166.38 zł&quot;)" computerName="DESKTOP-5URQ9PB" duration="00:00:00.0000053" startTime="2022-06-13T21:15:00.1364929+02:00" endTime="2022-06-13T21:15:00.1364931+02:00" testType="13cdc9d9-ddb5-4fa4-a97d-d965ccfc6d4b" outcome="Passed" testListId="8c84fa94-04c1-424b-9868-57a2d4851a1d" relativeResultsDirectory="8f338196-0219-4d4d-9803-b5d1e9f964f7" />
    <UnitTestResult executionId="c985851a-93ad-4cae-85b3-ea310da4eb1f" testId="31d7ba44-de75-ed55-66c6-b51937c13355" testName="xUnitTestProject.CurrencyHelperTests.FormatToStringTest1000(price: 60017.857676936714, expected: &quot;60017.86 zł&quot;)" computerName="DESKTOP-5URQ9PB" duration="00:00:00.0000073" startTime="2022-06-13T21:15:00.1344774+02:00" endTime="2022-06-13T21:15:00.1344775+02:00" testType="13cdc9d9-ddb5-4fa4-a97d-d965ccfc6d4b" outcome="Passed" testListId="8c84fa94-04c1-424b-9868-57a2d4851a1d" relativeResultsDirectory="c985851a-93ad-4cae-85b3-ea310da4eb1f" />
    <UnitTestResult executionId="7cdde72b-21fe-480b-818c-f821d5d4b3c6" testId="4e2fa441-f609-cc78-7eb6-a2fea9348b3f" testName="xUnitTestProject.CurrencyHelperTests.FormatToStringTest1000(price: 63291.50274994015, expected: &quot;63291.50 zł&quot;)" computerName="DESKTOP-5URQ9PB" duration="00:00:00.0000060" startTime="2022-06-13T21:15:00.1259762+02:00" endTime="2022-06-13T21:15:00.1259764+02:00" testType="13cdc9d9-ddb5-4fa4-a97d-d965ccfc6d4b" outcome="Passed" testListId="8c84fa94-04c1-424b-9868-57a2d4851a1d" relativeResultsDirectory="7cdde72b-21fe-480b-818c-f821d5d4b3c6" />
    <UnitTestResult executionId="e8e452f7-fa00-4539-8820-3478ad9c6149" testId="f962f016-220b-dd5b-3c75-15629456e786" testName="xUnitTestProject.CurrencyHelperTests.FormatToStringTest1000(price: 12949.590713378317, expected: &quot;12949.59 zł&quot;)" computerName="DESKTOP-5URQ9PB" duration="00:00:00.0000041" startTime="2022-06-13T21:15:00.0803788+02:00" endTime="2022-06-13T21:15:00.0803790+02:00" testType="13cdc9d9-ddb5-4fa4-a97d-d965ccfc6d4b" outcome="Passed" testListId="8c84fa94-04c1-424b-9868-57a2d4851a1d" relativeResultsDirectory="e8e452f7-fa00-4539-8820-3478ad9c6149" />
    <UnitTestResult executionId="c70a51e4-a994-4faf-ac09-024e3f208485" testId="2155bccb-482b-2346-834b-1eb7ea617ead" testName="xUnitTestProject.CurrencyHelperTests.FormatToStringTest1000(price: 6146.91236741278, expected: &quot;6146.91 zł&quot;)" computerName="DESKTOP-5URQ9PB" duration="00:00:00.0000039" startTime="2022-06-13T21:15:00.0920491+02:00" endTime="2022-06-13T21:15:00.0920493+02:00" testType="13cdc9d9-ddb5-4fa4-a97d-d965ccfc6d4b" outcome="Passed" testListId="8c84fa94-04c1-424b-9868-57a2d4851a1d" relativeResultsDirectory="c70a51e4-a994-4faf-ac09-024e3f208485" />
    <UnitTestResult executionId="8f09f664-b8a6-4601-bcfd-6724272b969c" testId="6a7d9b76-8e51-2dd0-7599-1dd99ccb1f30" testName="xUnitTestProject.CurrencyHelperTests.FormatToStringTest1000(price: 6710.131197082871, expected: &quot;6710.13 zł&quot;)" computerName="DESKTOP-5URQ9PB" duration="00:00:00.0000074" startTime="2022-06-13T21:15:00.1234984+02:00" endTime="2022-06-13T21:15:00.1234987+02:00" testType="13cdc9d9-ddb5-4fa4-a97d-d965ccfc6d4b" outcome="Passed" testListId="8c84fa94-04c1-424b-9868-57a2d4851a1d" relativeResultsDirectory="8f09f664-b8a6-4601-bcfd-6724272b969c" />
    <UnitTestResult executionId="71831299-d700-42de-a909-b7baa3b325a9" testId="5987d0c7-7679-adcc-a7d5-76af40a4f7f5" testName="xUnitTestProject.CurrencyHelperTests.FormatToStringTest1000(price: 24566.50251371856, expected: &quot;24566.50 zł&quot;)" computerName="DESKTOP-5URQ9PB" duration="00:00:00.0000045" startTime="2022-06-13T21:15:00.1856073+02:00" endTime="2022-06-13T21:15:00.1856075+02:00" testType="13cdc9d9-ddb5-4fa4-a97d-d965ccfc6d4b" outcome="Passed" testListId="8c84fa94-04c1-424b-9868-57a2d4851a1d" relativeResultsDirectory="71831299-d700-42de-a909-b7baa3b325a9" />
    <UnitTestResult executionId="7f9e8d16-97de-4fcf-93ee-5c358b7d6a57" testId="31ad7a80-5373-effd-b719-cfe8b75a74c8" testName="xUnitTestProject.CurrencyHelperTests.FormatToStringTest1000(price: 49256.47455728635, expected: &quot;49256.47 zł&quot;)" computerName="DESKTOP-5URQ9PB" duration="00:00:00.0000045" startTime="2022-06-13T21:15:00.1887023+02:00" endTime="2022-06-13T21:15:00.1887025+02:00" testType="13cdc9d9-ddb5-4fa4-a97d-d965ccfc6d4b" outcome="Passed" testListId="8c84fa94-04c1-424b-9868-57a2d4851a1d" relativeResultsDirectory="7f9e8d16-97de-4fcf-93ee-5c358b7d6a57" />
    <UnitTestResult executionId="5babd71f-e135-49aa-8c03-6dc343a1aa3a" testId="d9021346-4b7d-e467-848a-6a660c41636c" testName="xUnitTestProject.CurrencyHelperTests.FormatToStringTest1000(price: 22153.282278674324, expected: &quot;22153.28 zł&quot;)" computerName="DESKTOP-5URQ9PB" duration="00:00:00.0000081" startTime="2022-06-13T21:15:00.0984753+02:00" endTime="2022-06-13T21:15:00.0984757+02:00" testType="13cdc9d9-ddb5-4fa4-a97d-d965ccfc6d4b" outcome="Passed" testListId="8c84fa94-04c1-424b-9868-57a2d4851a1d" relativeResultsDirectory="5babd71f-e135-49aa-8c03-6dc343a1aa3a" />
    <UnitTestResult executionId="19871672-3e6d-401e-b9cf-32a76a9570ae" testId="084c3ea0-3fae-0089-ccac-97b8aadd0b60" testName="xUnitTestProject.CurrencyHelperTests.FormatToStringTest1000(price: 1860.3356292016504, expected: &quot;1860.34 zł&quot;)" computerName="DESKTOP-5URQ9PB" duration="00:00:00.0000041" startTime="2022-06-13T21:15:00.0940644+02:00" endTime="2022-06-13T21:15:00.0940646+02:00" testType="13cdc9d9-ddb5-4fa4-a97d-d965ccfc6d4b" outcome="Passed" testListId="8c84fa94-04c1-424b-9868-57a2d4851a1d" relativeResultsDirectory="19871672-3e6d-401e-b9cf-32a76a9570ae" />
    <UnitTestResult executionId="bc6d06a7-8d0f-445f-911f-11b80529c4b6" testId="8a119c68-dcc0-dba7-c987-45fbb976469b" testName="xUnitTestProject.CurrencyHelperTests.FormatToStringTest1000(price: 1325.1625259114255, expected: &quot;1325.16 zł&quot;)" computerName="DESKTOP-5URQ9PB" duration="00:00:00.0000068" startTime="2022-06-13T21:15:00.1934471+02:00" endTime="2022-06-13T21:15:00.1934472+02:00" testType="13cdc9d9-ddb5-4fa4-a97d-d965ccfc6d4b" outcome="Passed" testListId="8c84fa94-04c1-424b-9868-57a2d4851a1d" relativeResultsDirectory="bc6d06a7-8d0f-445f-911f-11b80529c4b6" />
    <UnitTestResult executionId="43c194a5-47c5-4578-808b-e3f40c565195" testId="30db28b2-ac34-8d8e-c566-68b2f6bb1d51" testName="xUnitTestProject.CurrencyHelperTests.FormatToStringTest1000(price: 59283.48311990662, expected: &quot;59283.48 zł&quot;)" computerName="DESKTOP-5URQ9PB" duration="00:00:00.0000050" startTime="2022-06-13T21:15:00.1833145+02:00" endTime="2022-06-13T21:15:00.1833146+02:00" testType="13cdc9d9-ddb5-4fa4-a97d-d965ccfc6d4b" outcome="Passed" testListId="8c84fa94-04c1-424b-9868-57a2d4851a1d" relativeResultsDirectory="43c194a5-47c5-4578-808b-e3f40c565195" />
    <UnitTestResult executionId="787441ab-dfb6-4a99-bb71-e9e569ec416a" testId="80a788de-88e0-32bd-4244-9850aa1ba44f" testName="xUnitTestProject.CurrencyHelperTests.FormatToStringTest1000(price: 27794.8671353957, expected: &quot;27794.87 zł&quot;)" computerName="DESKTOP-5URQ9PB" duration="00:00:00.0000050" startTime="2022-06-13T21:15:00.1767587+02:00" endTime="2022-06-13T21:15:00.1767589+02:00" testType="13cdc9d9-ddb5-4fa4-a97d-d965ccfc6d4b" outcome="Passed" testListId="8c84fa94-04c1-424b-9868-57a2d4851a1d" relativeResultsDirectory="787441ab-dfb6-4a99-bb71-e9e569ec416a" />
    <UnitTestResult executionId="0a5ffc45-ce95-4c46-829c-83d73b577569" testId="c3c40199-4dcb-06d9-bd7e-201cb412e68f" testName="xUnitTestProject.CurrencyHelperTests.FormatToStringTest1000(price: 270.1894008262033, expected: &quot;270.19 zł&quot;)" computerName="DESKTOP-5URQ9PB" duration="00:00:00.0000061" startTime="2022-06-13T21:15:00.1788726+02:00" endTime="2022-06-13T21:15:00.1788728+02:00" testType="13cdc9d9-ddb5-4fa4-a97d-d965ccfc6d4b" outcome="Passed" testListId="8c84fa94-04c1-424b-9868-57a2d4851a1d" relativeResultsDirectory="0a5ffc45-ce95-4c46-829c-83d73b577569" />
    <UnitTestResult executionId="4b0e6e6e-ce70-4338-82de-4834fc998460" testId="4d4e339b-9d29-e85f-f9ef-3112de40381f" testName="xUnitTestProject.CurrencyHelperTests.FormatToStringTest1000(price: 27050.586848031067, expected: &quot;27050.59 zł&quot;)" computerName="DESKTOP-5URQ9PB" duration="00:00:00.0000044" startTime="2022-06-13T21:15:00.0594121+02:00" endTime="2022-06-13T21:15:00.0594123+02:00" testType="13cdc9d9-ddb5-4fa4-a97d-d965ccfc6d4b" outcome="Passed" testListId="8c84fa94-04c1-424b-9868-57a2d4851a1d" relativeResultsDirectory="4b0e6e6e-ce70-4338-82de-4834fc998460" />
    <UnitTestResult executionId="7a7604e2-a0c1-4cc0-94d3-5a46fee74d19" testId="691fc6f3-8d98-645e-59dc-63e6708e6080" testName="xUnitTestProject.CurrencyHelperTests.FormatToStringTest1000(price: 33206.73122987837, expected: &quot;33206.73 zł&quot;)" computerName="DESKTOP-5URQ9PB" duration="00:00:00.0000093" startTime="2022-06-13T21:15:00.1868380+02:00" endTime="2022-06-13T21:15:00.1868381+02:00" testType="13cdc9d9-ddb5-4fa4-a97d-d965ccfc6d4b" outcome="Passed" testListId="8c84fa94-04c1-424b-9868-57a2d4851a1d" relativeResultsDirectory="7a7604e2-a0c1-4cc0-94d3-5a46fee74d19" />
    <UnitTestResult executionId="1ea7c8dc-860a-4905-b352-05af6662bb5c" testId="6079b9dd-99aa-436d-ae95-d982e753c815" testName="xUnitTestProject.CurrencyHelperTests.FormatToStringTest1000(price: 3649.9254912836127, expected: &quot;3649.93 zł&quot;)" computerName="DESKTOP-5URQ9PB" duration="00:00:00.0000071" startTime="2022-06-13T21:15:00.0777355+02:00" endTime="2022-06-13T21:15:00.0777358+02:00" testType="13cdc9d9-ddb5-4fa4-a97d-d965ccfc6d4b" outcome="Passed" testListId="8c84fa94-04c1-424b-9868-57a2d4851a1d" relativeResultsDirectory="1ea7c8dc-860a-4905-b352-05af6662bb5c" />
    <UnitTestResult executionId="fbf94e4a-4088-4ba3-aefc-d7c02688b3c1" testId="7c86c7d1-a9a4-3305-ae10-fdb7acd65489" testName="xUnitTestProject.CurrencyHelperTests.FormatToStringTest1000(price: 75024.79122970243, expected: &quot;75024.79 zł&quot;)" computerName="DESKTOP-5URQ9PB" duration="00:00:00.0000069" startTime="2022-06-13T21:15:00.1064638+02:00" endTime="2022-06-13T21:15:00.1064640+02:00" testType="13cdc9d9-ddb5-4fa4-a97d-d965ccfc6d4b" outcome="Passed" testListId="8c84fa94-04c1-424b-9868-57a2d4851a1d" relativeResultsDirectory="fbf94e4a-4088-4ba3-aefc-d7c02688b3c1" />
    <UnitTestResult executionId="d792e7d5-5dd2-4c74-a2e3-8c461d3c1b2b" testId="0875efbb-c25e-506a-0639-785cadf1bec9" testName="xUnitTestProject.CurrencyHelperTests.FormatToStringTest1000(price: 3131.5022711732904, expected: &quot;3131.50 zł&quot;)" computerName="DESKTOP-5URQ9PB" duration="00:00:00.0000041" startTime="2022-06-13T21:15:00.0910168+02:00" endTime="2022-06-13T21:15:00.0910170+02:00" testType="13cdc9d9-ddb5-4fa4-a97d-d965ccfc6d4b" outcome="Passed" testListId="8c84fa94-04c1-424b-9868-57a2d4851a1d" relativeResultsDirectory="d792e7d5-5dd2-4c74-a2e3-8c461d3c1b2b" />
    <UnitTestResult executionId="889ac57a-1890-4ffc-b163-7bd455430584" testId="1cc15eeb-9d05-d094-9231-53ade30093a7" testName="xUnitTestProject.CurrencyHelperTests.FormatToStringTest1000(price: 1687.6029180025694, expected: &quot;1687.60 zł&quot;)" computerName="DESKTOP-5URQ9PB" duration="00:00:00.0000056" startTime="2022-06-13T21:15:00.0985160+02:00" endTime="2022-06-13T21:15:00.0985162+02:00" testType="13cdc9d9-ddb5-4fa4-a97d-d965ccfc6d4b" outcome="Passed" testListId="8c84fa94-04c1-424b-9868-57a2d4851a1d" relativeResultsDirectory="889ac57a-1890-4ffc-b163-7bd455430584" />
    <UnitTestResult executionId="b150fc7c-49d9-4d52-a40e-ec3a0bd02333" testId="99f07415-68e4-3476-dd07-6ad55eba383b" testName="xUnitTestProject.CurrencyHelperTests.FormatToStringTest1000(price: 35784.54232617307, expected: &quot;35784.54 zł&quot;)" computerName="DESKTOP-5URQ9PB" duration="00:00:00.0000041" startTime="2022-06-13T21:15:00.1755809+02:00" endTime="2022-06-13T21:15:00.1755810+02:00" testType="13cdc9d9-ddb5-4fa4-a97d-d965ccfc6d4b" outcome="Passed" testListId="8c84fa94-04c1-424b-9868-57a2d4851a1d" relativeResultsDirectory="b150fc7c-49d9-4d52-a40e-ec3a0bd02333" />
    <UnitTestResult executionId="05ccddd8-362a-4bd3-8ef6-65f629021551" testId="fbdffebc-5b1f-3fc0-8f3a-0ed85a2faf6a" testName="xUnitTestProject.CurrencyHelperTests.FormatToStringTest1000(price: 10914.360814625099, expected: &quot;10914.36 zł&quot;)" computerName="DESKTOP-5URQ9PB" duration="00:00:00.0000081" startTime="2022-06-13T21:15:00.1293277+02:00" endTime="2022-06-13T21:15:00.1293279+02:00" testType="13cdc9d9-ddb5-4fa4-a97d-d965ccfc6d4b" outcome="Passed" testListId="8c84fa94-04c1-424b-9868-57a2d4851a1d" relativeResultsDirectory="05ccddd8-362a-4bd3-8ef6-65f629021551" />
    <UnitTestResult executionId="78f9daff-ca0a-432c-8f96-fb2e792eaca1" testId="01a9775b-5693-bd58-011d-1e4a65370397" testName="xUnitTestProject.CurrencyHelperTests.FormatToStringTest1000(price: 9750.134289915735, expected: &quot;9750.13 zł&quot;)" computerName="DESKTOP-5URQ9PB" duration="00:00:00.0000063" startTime="2022-06-13T21:15:00.1777238+02:00" endTime="2022-06-13T21:15:00.1777240+02:00" testType="13cdc9d9-ddb5-4fa4-a97d-d965ccfc6d4b" outcome="Passed" testListId="8c84fa94-04c1-424b-9868-57a2d4851a1d" relativeResultsDirectory="78f9daff-ca0a-432c-8f96-fb2e792eaca1" />
    <UnitTestResult executionId="52b21ea6-6bb0-41ce-b41a-166b23345ecd" testId="05d28227-9bee-a7ac-5d44-a19da1f5106c" testName="xUnitTestProject.CurrencyHelperTests.FormatToStringTest1000(price: 28033.439084134738, expected: &quot;28033.44 zł&quot;)" computerName="DESKTOP-5URQ9PB" duration="00:00:00.0000061" startTime="2022-06-13T21:15:00.1365805+02:00" endTime="2022-06-13T21:15:00.1365807+02:00" testType="13cdc9d9-ddb5-4fa4-a97d-d965ccfc6d4b" outcome="Passed" testListId="8c84fa94-04c1-424b-9868-57a2d4851a1d" relativeResultsDirectory="52b21ea6-6bb0-41ce-b41a-166b23345ecd" />
    <UnitTestResult executionId="f009a92c-f4cb-4d9a-9f6c-0aa58333b52b" testId="6e911663-e259-5040-7b6f-54c63fac8b3c" testName="xUnitTestProject.CurrencyHelperTests.FormatToStringTest1000(price: 11157.981051815665, expected: &quot;11157.98 zł&quot;)" computerName="DESKTOP-5URQ9PB" duration="00:00:00.0000070" startTime="2022-06-13T21:15:00.1494417+02:00" endTime="2022-06-13T21:15:00.1494418+02:00" testType="13cdc9d9-ddb5-4fa4-a97d-d965ccfc6d4b" outcome="Passed" testListId="8c84fa94-04c1-424b-9868-57a2d4851a1d" relativeResultsDirectory="f009a92c-f4cb-4d9a-9f6c-0aa58333b52b" />
    <UnitTestResult executionId="1b84f82c-46b8-4b61-bdd7-43f00097f6a7" testId="f2358686-aae0-414b-7a27-d43a959b03da" testName="xUnitTestProject.CurrencyHelperTests.FormatToStringTest1000(price: 26529.10838037036, expected: &quot;26529.11 zł&quot;)" computerName="DESKTOP-5URQ9PB" duration="00:00:00.0000054" startTime="2022-06-13T21:15:00.1315294+02:00" endTime="2022-06-13T21:15:00.1315296+02:00" testType="13cdc9d9-ddb5-4fa4-a97d-d965ccfc6d4b" outcome="Passed" testListId="8c84fa94-04c1-424b-9868-57a2d4851a1d" relativeResultsDirectory="1b84f82c-46b8-4b61-bdd7-43f00097f6a7" />
    <UnitTestResult executionId="364e24ca-9895-4221-8fb8-f8d89440e625" testId="de2d22dc-e411-4a1b-48db-f6f07906b5fb" testName="xUnitTestProject.CurrencyHelperTests.FormatToStringTest1000(price: 15313.083673952653, expected: &quot;15313.08 zł&quot;)" computerName="DESKTOP-5URQ9PB" duration="00:00:00.0000056" startTime="2022-06-13T21:15:00.1767961+02:00" endTime="2022-06-13T21:15:00.1767962+02:00" testType="13cdc9d9-ddb5-4fa4-a97d-d965ccfc6d4b" outcome="Passed" testListId="8c84fa94-04c1-424b-9868-57a2d4851a1d" relativeResultsDirectory="364e24ca-9895-4221-8fb8-f8d89440e625" />
    <UnitTestResult executionId="cc843acf-f2db-4911-b8b9-28a85fb9110d" testId="0af3eea6-5817-a867-a6c4-92fe1e3e316c" testName="xUnitTestProject.CurrencyHelperTests.FormatToStringTest1000(price: 9624.06628225188, expected: &quot;9624.07 zł&quot;)" computerName="DESKTOP-5URQ9PB" duration="00:00:00.0000063" startTime="2022-06-13T21:15:00.1677237+02:00" endTime="2022-06-13T21:15:00.1677239+02:00" testType="13cdc9d9-ddb5-4fa4-a97d-d965ccfc6d4b" outcome="Passed" testListId="8c84fa94-04c1-424b-9868-57a2d4851a1d" relativeResultsDirectory="cc843acf-f2db-4911-b8b9-28a85fb9110d" />
    <UnitTestResult executionId="73764f00-d019-4c25-89f1-ef44ede11f98" testId="a73e7657-df2c-963a-69ef-cc5459fb4c2b" testName="xUnitTestProject.CurrencyHelperTests.FormatToStringTest1000(price: 79388.929555234, expected: &quot;79388.93 zł&quot;)" computerName="DESKTOP-5URQ9PB" duration="00:00:00.0000085" startTime="2022-06-13T21:15:00.1539606+02:00" endTime="2022-06-13T21:15:00.1539608+02:00" testType="13cdc9d9-ddb5-4fa4-a97d-d965ccfc6d4b" outcome="Passed" testListId="8c84fa94-04c1-424b-9868-57a2d4851a1d" relativeResultsDirectory="73764f00-d019-4c25-89f1-ef44ede11f98" />
    <UnitTestResult executionId="8e90db77-8ae4-439e-91fd-0aa96fd98337" testId="ab2272df-129a-10d0-4d80-4c6fcfe702e8" testName="xUnitTestProject.CurrencyHelperTests.FormatToStringTest1000(price: 24695.917440203913, expected: &quot;24695.92 zł&quot;)" computerName="DESKTOP-5URQ9PB" duration="00:00:00.0000068" startTime="2022-06-13T21:15:00.0623398+02:00" endTime="2022-06-13T21:15:00.0623400+02:00" testType="13cdc9d9-ddb5-4fa4-a97d-d965ccfc6d4b" outcome="Passed" testListId="8c84fa94-04c1-424b-9868-57a2d4851a1d" relativeResultsDirectory="8e90db77-8ae4-439e-91fd-0aa96fd98337" />
    <UnitTestResult executionId="bb1c0d23-bd0f-486d-9560-a1f10280ec75" testId="ae0a2a8f-7404-db1c-88e4-d4970f3642af" testName="xUnitTestProject.CurrencyHelperTests.FormatToStringTest1000(price: 45340.017357165, expected: &quot;45340.02 zł&quot;)" computerName="DESKTOP-5URQ9PB" duration="00:00:00.0000063" startTime="2022-06-13T21:15:00.1215224+02:00" endTime="2022-06-13T21:15:00.1215225+02:00" testType="13cdc9d9-ddb5-4fa4-a97d-d965ccfc6d4b" outcome="Passed" testListId="8c84fa94-04c1-424b-9868-57a2d4851a1d" relativeResultsDirectory="bb1c0d23-bd0f-486d-9560-a1f10280ec75" />
    <UnitTestResult executionId="69f6a285-2d39-4089-912c-738a794b56d2" testId="567ca57c-5cc0-0e6c-fd41-e20b10f40469" testName="xUnitTestProject.CurrencyHelperTests.FormatToStringTest1000(price: 6890.028458985514, expected: &quot;6890.03 zł&quot;)" computerName="DESKTOP-5URQ9PB" duration="00:00:00.0000051" startTime="2022-06-13T21:15:00.1934765+02:00" endTime="2022-06-13T21:15:00.1934767+02:00" testType="13cdc9d9-ddb5-4fa4-a97d-d965ccfc6d4b" outcome="Passed" testListId="8c84fa94-04c1-424b-9868-57a2d4851a1d" relativeResultsDirectory="69f6a285-2d39-4089-912c-738a794b56d2" />
    <UnitTestResult executionId="defa0bd1-bc72-44ec-b230-7430e34ba180" testId="b2d498a1-af9b-33b8-aa18-e8644e9da7f1" testName="xUnitTestProject.CurrencyHelperTests.FormatToStringTest1000(price: 12379.347974640013, expected: &quot;12379.35 zł&quot;)" computerName="DESKTOP-5URQ9PB" duration="00:00:00.0000081" startTime="2022-06-13T21:15:00.1677984+02:00" endTime="2022-06-13T21:15:00.1677985+02:00" testType="13cdc9d9-ddb5-4fa4-a97d-d965ccfc6d4b" outcome="Passed" testListId="8c84fa94-04c1-424b-9868-57a2d4851a1d" relativeResultsDirectory="defa0bd1-bc72-44ec-b230-7430e34ba180" />
    <UnitTestResult executionId="426f820a-0ac2-4707-8a54-6e642fbe7883" testId="ed116d32-6ba7-9bd1-6680-6c13ee07292b" testName="xUnitTestProject.CurrencyHelperTests.FormatToStringTest1000(price: 867.5236648356187, expected: &quot;867.52 zł&quot;)" computerName="DESKTOP-5URQ9PB" duration="00:00:00.0000052" startTime="2022-06-13T21:15:00.0595522+02:00" endTime="2022-06-13T21:15:00.0595525+02:00" testType="13cdc9d9-ddb5-4fa4-a97d-d965ccfc6d4b" outcome="Passed" testListId="8c84fa94-04c1-424b-9868-57a2d4851a1d" relativeResultsDirectory="426f820a-0ac2-4707-8a54-6e642fbe7883" />
    <UnitTestResult executionId="39626cd6-5cb1-48c8-a6a1-2236eaff1df3" testId="4167d107-473f-7d0a-c3aa-2c271677cfd1" testName="xUnitTestProject.CurrencyHelperTests.FormatToStringTest1000(price: 9657.360676611475, expected: &quot;9657.36 zł&quot;)" computerName="DESKTOP-5URQ9PB" duration="00:00:00.0000040" startTime="2022-06-13T21:15:00.0635942+02:00" endTime="2022-06-13T21:15:00.0635944+02:00" testType="13cdc9d9-ddb5-4fa4-a97d-d965ccfc6d4b" outcome="Passed" testListId="8c84fa94-04c1-424b-9868-57a2d4851a1d" relativeResultsDirectory="39626cd6-5cb1-48c8-a6a1-2236eaff1df3" />
    <UnitTestResult executionId="eb255b13-35a8-4409-a1c7-b12c6cbb5303" testId="a006362c-c876-0d68-dfa7-4b9381a2f95f" testName="xUnitTestProject.CurrencyHelperTests.FormatToStringTest1000(price: 21893.78889296939, expected: &quot;21893.79 zł&quot;)" computerName="DESKTOP-5URQ9PB" duration="00:00:00.0000053" startTime="2022-06-13T21:15:00.1345656+02:00" endTime="2022-06-13T21:15:00.1345658+02:00" testType="13cdc9d9-ddb5-4fa4-a97d-d965ccfc6d4b" outcome="Passed" testListId="8c84fa94-04c1-424b-9868-57a2d4851a1d" relativeResultsDirectory="eb255b13-35a8-4409-a1c7-b12c6cbb5303" />
    <UnitTestResult executionId="0d6c32bc-1b9c-4db3-9eaa-669c8e244303" testId="11729d1c-6c6a-9fce-9d88-8ebfff125cf6" testName="xUnitTestProject.CurrencyHelperTests.FormatToStringTest1000(price: 29926.595417457444, expected: &quot;29926.60 zł&quot;)" computerName="DESKTOP-5URQ9PB" duration="00:00:00.0000055" startTime="2022-06-13T21:15:00.1180610+02:00" endTime="2022-06-13T21:15:00.1180612+02:00" testType="13cdc9d9-ddb5-4fa4-a97d-d965ccfc6d4b" outcome="Passed" testListId="8c84fa94-04c1-424b-9868-57a2d4851a1d" relativeResultsDirectory="0d6c32bc-1b9c-4db3-9eaa-669c8e244303" />
    <UnitTestResult executionId="4571c2b0-0737-4e0e-8709-32c17b72719e" testId="55a64d0e-8de2-b5b6-7b28-338aaabcb504" testName="xUnitTestProject.CurrencyHelperTests.FormatToStringTest1000(price: 31622.81414407809, expected: &quot;31622.81 zł&quot;)" computerName="DESKTOP-5URQ9PB" duration="00:00:00.0000069" startTime="2022-06-13T21:15:00.1686901+02:00" endTime="2022-06-13T21:15:00.1686905+02:00" testType="13cdc9d9-ddb5-4fa4-a97d-d965ccfc6d4b" outcome="Passed" testListId="8c84fa94-04c1-424b-9868-57a2d4851a1d" relativeResultsDirectory="4571c2b0-0737-4e0e-8709-32c17b72719e" />
    <UnitTestResult executionId="2e94cdc8-0cff-4a52-811a-d3aef648b066" testId="5a63deb4-703f-d2ca-862c-112038163809" testName="xUnitTestProject.CurrencyHelperTests.FormatToStringTest1000(price: 25036.98767214035, expected: &quot;25036.99 zł&quot;)" computerName="DESKTOP-5URQ9PB" duration="00:00:00.0000043" startTime="2022-06-13T21:15:00.0875490+02:00" endTime="2022-06-13T21:15:00.0875491+02:00" testType="13cdc9d9-ddb5-4fa4-a97d-d965ccfc6d4b" outcome="Passed" testListId="8c84fa94-04c1-424b-9868-57a2d4851a1d" relativeResultsDirectory="2e94cdc8-0cff-4a52-811a-d3aef648b066" />
    <UnitTestResult executionId="c00845fb-1bbc-4d33-bff8-46d163643045" testId="dffdcee4-e2c7-a486-318f-edaed8877c4d" testName="xUnitTestProject.CurrencyHelperTests.FormatToStringTest1000(price: 8697.074631143862, expected: &quot;8697.07 zł&quot;)" computerName="DESKTOP-5URQ9PB" duration="00:00:00.0000066" startTime="2022-06-13T21:15:00.1203801+02:00" endTime="2022-06-13T21:15:00.1203803+02:00" testType="13cdc9d9-ddb5-4fa4-a97d-d965ccfc6d4b" outcome="Passed" testListId="8c84fa94-04c1-424b-9868-57a2d4851a1d" relativeResultsDirectory="c00845fb-1bbc-4d33-bff8-46d163643045" />
    <UnitTestResult executionId="8de39da1-8949-46e5-8ab5-a9a8e182ab0a" testId="34d55980-db04-996b-37e3-5ad72dcd15ab" testName="xUnitTestProject.CurrencyHelperTests.FormatToStringTest1000(price: 941.429400278921, expected: &quot;941.43 zł&quot;)" computerName="DESKTOP-5URQ9PB" duration="00:00:00.0000078" startTime="2022-06-13T21:15:00.0973672+02:00" endTime="2022-06-13T21:15:00.0973676+02:00" testType="13cdc9d9-ddb5-4fa4-a97d-d965ccfc6d4b" outcome="Passed" testListId="8c84fa94-04c1-424b-9868-57a2d4851a1d" relativeResultsDirectory="8de39da1-8949-46e5-8ab5-a9a8e182ab0a" />
    <UnitTestResult executionId="688b15e9-9f71-4eac-9744-5208e9c32899" testId="0e8e9a77-632c-db52-e40d-d7b033807f15" testName="xUnitTestProject.CurrencyHelperTests.FormatToStringTest1000(price: 7191.024921368353, expected: &quot;7191.02 zł&quot;)" computerName="DESKTOP-5URQ9PB" duration="00:00:00.0000075" startTime="2022-06-13T21:15:00.1427049+02:00" endTime="2022-06-13T21:15:00.1427053+02:00" testType="13cdc9d9-ddb5-4fa4-a97d-d965ccfc6d4b" outcome="Passed" testListId="8c84fa94-04c1-424b-9868-57a2d4851a1d" relativeResultsDirectory="688b15e9-9f71-4eac-9744-5208e9c32899" />
    <UnitTestResult executionId="a04241bf-9b2d-419b-af3b-5b63281eed54" testId="2cd8497b-7c7c-c528-555b-f107e750a1a0" testName="xUnitTestProject.CurrencyHelperTests.FormatToStringTest1000(price: 31315.40354898544, expected: &quot;31315.40 zł&quot;)" computerName="DESKTOP-5URQ9PB" duration="00:00:00.0000056" startTime="2022-06-13T21:15:00.1260130+02:00" endTime="2022-06-13T21:15:00.1260132+02:00" testType="13cdc9d9-ddb5-4fa4-a97d-d965ccfc6d4b" outcome="Passed" testListId="8c84fa94-04c1-424b-9868-57a2d4851a1d" relativeResultsDirectory="a04241bf-9b2d-419b-af3b-5b63281eed54" />
    <UnitTestResult executionId="6ca16534-3e07-4987-b817-a9cd374599c5" testId="9c7fd1db-1277-0ff0-b26a-428fd3366acd" testName="xUnitTestProject.CurrencyHelperTests.FormatToStringTest1000(price: 59768.02667973611, expected: &quot;59768.03 zł&quot;)" computerName="DESKTOP-5URQ9PB" duration="00:00:00.0000073" startTime="2022-06-13T21:15:00.1259021+02:00" endTime="2022-06-13T21:15:00.1259023+02:00" testType="13cdc9d9-ddb5-4fa4-a97d-d965ccfc6d4b" outcome="Passed" testListId="8c84fa94-04c1-424b-9868-57a2d4851a1d" relativeResultsDirectory="6ca16534-3e07-4987-b817-a9cd374599c5" />
    <UnitTestResult executionId="12c3ce70-5a54-42e3-9c08-5b10a5043ba8" testId="bcd181d1-3270-76f5-9678-f35a85b0fff1" testName="xUnitTestProject.CurrencyHelperTests.FormatToStringTest1000(price: 9558.453124931293, expected: &quot;9558.45 zł&quot;)" computerName="DESKTOP-5URQ9PB" duration="00:00:00.0000043" startTime="2022-06-13T21:15:00.1734255+02:00" endTime="2022-06-13T21:15:00.1734257+02:00" testType="13cdc9d9-ddb5-4fa4-a97d-d965ccfc6d4b" outcome="Passed" testListId="8c84fa94-04c1-424b-9868-57a2d4851a1d" relativeResultsDirectory="12c3ce70-5a54-42e3-9c08-5b10a5043ba8" />
    <UnitTestResult executionId="00cd8dc4-5213-4229-a424-ec38a4aa85cd" testId="613b2ffe-17c7-a1b7-9417-e8c0c951aa41" testName="xUnitTestProject.CurrencyHelperTests.FormatToStringTest1000(price: 1739.5853778997368, expected: &quot;1739.59 zł&quot;)" computerName="DESKTOP-5URQ9PB" duration="00:00:00.0000055" startTime="2022-06-13T21:15:00.1182860+02:00" endTime="2022-06-13T21:15:00.1182862+02:00" testType="13cdc9d9-ddb5-4fa4-a97d-d965ccfc6d4b" outcome="Passed" testListId="8c84fa94-04c1-424b-9868-57a2d4851a1d" relativeResultsDirectory="00cd8dc4-5213-4229-a424-ec38a4aa85cd" />
    <UnitTestResult executionId="d33bcab6-097e-42fa-a77f-cc854bf4b6d7" testId="95359d07-8287-2be5-3354-cb2f7f60a3bf" testName="xUnitTestProject.CurrencyHelperTests.FormatToStringTest1000(price: 6417.5922460628635, expected: &quot;6417.59 zł&quot;)" computerName="DESKTOP-5URQ9PB" duration="00:00:00.0000056" startTime="2022-06-13T21:15:00.0832334+02:00" endTime="2022-06-13T21:15:00.0832336+02:00" testType="13cdc9d9-ddb5-4fa4-a97d-d965ccfc6d4b" outcome="Passed" testListId="8c84fa94-04c1-424b-9868-57a2d4851a1d" relativeResultsDirectory="d33bcab6-097e-42fa-a77f-cc854bf4b6d7" />
    <UnitTestResult executionId="ae51a949-65e4-4ad9-98d1-12d59d7e7974" testId="a5c380fd-7aff-7b69-c8d6-5989b9e204c5" testName="xUnitTestProject.CurrencyHelperTests.FormatToStringTest1000(price: 1821.7083499085663, expected: &quot;1821.71 zł&quot;)" computerName="DESKTOP-5URQ9PB" duration="00:00:00.0000061" startTime="2022-06-13T21:15:00.1494789+02:00" endTime="2022-06-13T21:15:00.1494791+02:00" testType="13cdc9d9-ddb5-4fa4-a97d-d965ccfc6d4b" outcome="Passed" testListId="8c84fa94-04c1-424b-9868-57a2d4851a1d" relativeResultsDirectory="ae51a949-65e4-4ad9-98d1-12d59d7e7974" />
    <UnitTestResult executionId="fb7e7b98-718b-4b84-a779-80bb07dff7c9" testId="bc7abd1f-cc07-f32a-8331-b644dd93f120" testName="xUnitTestProject.CurrencyHelperTests.FormatToStringTest1000(price: 9754.291367935619, expected: &quot;9754.29 zł&quot;)" computerName="DESKTOP-5URQ9PB" duration="00:00:00.0000041" startTime="2022-06-13T21:15:00.0625464+02:00" endTime="2022-06-13T21:15:00.0625466+02:00" testType="13cdc9d9-ddb5-4fa4-a97d-d965ccfc6d4b" outcome="Passed" testListId="8c84fa94-04c1-424b-9868-57a2d4851a1d" relativeResultsDirectory="fb7e7b98-718b-4b84-a779-80bb07dff7c9" />
    <UnitTestResult executionId="a26b00fe-4bc3-4c9f-bf4c-79ff96c86923" testId="03e8826c-20fc-cadf-51a4-fe54882f4740" testName="xUnitTestProject.CurrencyHelperTests.FormatToStringTest1000(price: 42728.35751444258, expected: &quot;42728.36 zł&quot;)" computerName="DESKTOP-5URQ9PB" duration="00:00:00.0000065" startTime="2022-06-13T21:15:00.1157891+02:00" endTime="2022-06-13T21:15:00.1157893+02:00" testType="13cdc9d9-ddb5-4fa4-a97d-d965ccfc6d4b" outcome="Passed" testListId="8c84fa94-04c1-424b-9868-57a2d4851a1d" relativeResultsDirectory="a26b00fe-4bc3-4c9f-bf4c-79ff96c86923" />
    <UnitTestResult executionId="f78b5cf7-8a38-4e4b-bce5-afde153badb6" testId="9feffc56-b6c3-64a3-e834-86f62ce8266d" testName="xUnitTestProject.CurrencyHelperTests.FormatToStringTest1000(price: 17953.338243749615, expected: &quot;17953.34 zł&quot;)" computerName="DESKTOP-5URQ9PB" duration="00:00:00.0000082" startTime="2022-06-13T21:15:00.1354420+02:00" endTime="2022-06-13T21:15:00.1354422+02:00" testType="13cdc9d9-ddb5-4fa4-a97d-d965ccfc6d4b" outcome="Passed" testListId="8c84fa94-04c1-424b-9868-57a2d4851a1d" relativeResultsDirectory="f78b5cf7-8a38-4e4b-bce5-afde153badb6" />
    <UnitTestResult executionId="76fe10a6-426b-4d74-838c-a243c923971c" testId="fe704e3e-6170-ffae-ef99-e24643abf4f9" testName="xUnitTestProject.CurrencyHelperTests.FormatToStringTest1000(price: 12429.698213906819, expected: &quot;12429.70 zł&quot;)" computerName="DESKTOP-5URQ9PB" duration="00:00:00.0000062" startTime="2022-06-13T21:15:00.1136958+02:00" endTime="2022-06-13T21:15:00.1136960+02:00" testType="13cdc9d9-ddb5-4fa4-a97d-d965ccfc6d4b" outcome="Passed" testListId="8c84fa94-04c1-424b-9868-57a2d4851a1d" relativeResultsDirectory="76fe10a6-426b-4d74-838c-a243c923971c" />
    <UnitTestResult executionId="cd4ab72c-57fc-415f-914f-f3fe466b2283" testId="1d527cfe-7183-7ac1-a7ed-260bd5e5ccfa" testName="xUnitTestProject.CurrencyHelperTests.FormatToStringTest1000(price: 38402.8293406753, expected: &quot;38402.83 zł&quot;)" computerName="DESKTOP-5URQ9PB" duration="00:00:00.0000056" startTime="2022-06-13T21:15:00.0974083+02:00" endTime="2022-06-13T21:15:00.0974085+02:00" testType="13cdc9d9-ddb5-4fa4-a97d-d965ccfc6d4b" outcome="Passed" testListId="8c84fa94-04c1-424b-9868-57a2d4851a1d" relativeResultsDirectory="cd4ab72c-57fc-415f-914f-f3fe466b2283" />
    <UnitTestResult executionId="9745358b-a98a-407b-8b79-13b35e0bcd72" testId="58fbd806-2ce4-1de9-b5f6-010d0ee1cbfa" testName="xUnitTestProject.CurrencyHelperTests.FormatToStringTest1000(price: 23023.74724929768, expected: &quot;23023.75 zł&quot;)" computerName="DESKTOP-5URQ9PB" duration="00:00:00.0000067" startTime="2022-06-13T21:15:00.0651943+02:00" endTime="2022-06-13T21:15:00.0651946+02:00" testType="13cdc9d9-ddb5-4fa4-a97d-d965ccfc6d4b" outcome="Passed" testListId="8c84fa94-04c1-424b-9868-57a2d4851a1d" relativeResultsDirectory="9745358b-a98a-407b-8b79-13b35e0bcd72" />
    <UnitTestResult executionId="e36468f1-5028-4456-9139-6f33c3ccba49" testId="c5891e20-1607-2f4b-ec62-b83eb87653c6" testName="xUnitTestProject.CurrencyHelperTests.FormatToStringTest1000(price: 32812.53695512634, expected: &quot;32812.54 zł&quot;)" computerName="DESKTOP-5URQ9PB" duration="00:00:00.0000061" startTime="2022-06-13T21:15:00.0740014+02:00" endTime="2022-06-13T21:15:00.0740019+02:00" testType="13cdc9d9-ddb5-4fa4-a97d-d965ccfc6d4b" outcome="Passed" testListId="8c84fa94-04c1-424b-9868-57a2d4851a1d" relativeResultsDirectory="e36468f1-5028-4456-9139-6f33c3ccba49" />
    <UnitTestResult executionId="6dc359d3-c18f-4fc8-8974-f355d12a97b5" testId="181c235a-8f4f-6777-859c-d2eff1a2ae91" testName="xUnitTestProject.CurrencyHelperTests.FormatToStringTest1000(price: 22017.250119325356, expected: &quot;22017.25 zł&quot;)" computerName="DESKTOP-5URQ9PB" duration="00:00:00.0000058" startTime="2022-06-13T21:15:00.1281576+02:00" endTime="2022-06-13T21:15:00.1281578+02:00" testType="13cdc9d9-ddb5-4fa4-a97d-d965ccfc6d4b" outcome="Passed" testListId="8c84fa94-04c1-424b-9868-57a2d4851a1d" relativeResultsDirectory="6dc359d3-c18f-4fc8-8974-f355d12a97b5" />
    <UnitTestResult executionId="2fd36ee1-f501-49a6-9644-c18f5a3519e0" testId="fdb8f5e8-aebb-9f4d-e956-1151e0f88117" testName="xUnitTestProject.CurrencyHelperTests.FormatToStringTest1000(price: 14172.682747822573, expected: &quot;14172.68 zł&quot;)" computerName="DESKTOP-5URQ9PB" duration="00:00:00.0000067" startTime="2022-06-13T21:15:00.1237253+02:00" endTime="2022-06-13T21:15:00.1237255+02:00" testType="13cdc9d9-ddb5-4fa4-a97d-d965ccfc6d4b" outcome="Passed" testListId="8c84fa94-04c1-424b-9868-57a2d4851a1d" relativeResultsDirectory="2fd36ee1-f501-49a6-9644-c18f5a3519e0" />
    <UnitTestResult executionId="06f772ea-e187-412d-9d89-d52bda4363fc" testId="aef73524-5efd-2ad9-76a4-22b643281e1e" testName="xUnitTestProject.CurrencyHelperTests.FormatToStringTest1000(price: 13337.80490493486, expected: &quot;13337.80 zł&quot;)" computerName="DESKTOP-5URQ9PB" duration="00:00:00.0000043" startTime="2022-06-13T21:15:00.0873958+02:00" endTime="2022-06-13T21:15:00.0873961+02:00" testType="13cdc9d9-ddb5-4fa4-a97d-d965ccfc6d4b" outcome="Passed" testListId="8c84fa94-04c1-424b-9868-57a2d4851a1d" relativeResultsDirectory="06f772ea-e187-412d-9d89-d52bda4363fc" />
    <UnitTestResult executionId="6478a780-ef9a-4433-ad5a-074259dfcc46" testId="a9fb7030-78aa-b78d-bae0-0e3e80a09140" testName="xUnitTestProject.CurrencyHelperTests.FormatToStringTest1000(price: 485.6735566554933, expected: &quot;485.67 zł&quot;)" computerName="DESKTOP-5URQ9PB" duration="00:00:00.0000047" startTime="2022-06-13T21:15:00.0817650+02:00" endTime="2022-06-13T21:15:00.0817653+02:00" testType="13cdc9d9-ddb5-4fa4-a97d-d965ccfc6d4b" outcome="Passed" testListId="8c84fa94-04c1-424b-9868-57a2d4851a1d" relativeResultsDirectory="6478a780-ef9a-4433-ad5a-074259dfcc46" />
    <UnitTestResult executionId="08dba986-664b-4f2e-8825-11bced665fd7" testId="75f79a5e-625f-18cb-34f2-c39806bd0036" testName="xUnitTestProject.CurrencyHelperTests.FormatToStringTest1000(price: 24570.65594858893, expected: &quot;24570.66 zł&quot;)" computerName="DESKTOP-5URQ9PB" duration="00:00:00.0000067" startTime="2022-06-13T21:15:00.0930338+02:00" endTime="2022-06-13T21:15:00.0930340+02:00" testType="13cdc9d9-ddb5-4fa4-a97d-d965ccfc6d4b" outcome="Passed" testListId="8c84fa94-04c1-424b-9868-57a2d4851a1d" relativeResultsDirectory="08dba986-664b-4f2e-8825-11bced665fd7" />
    <UnitTestResult executionId="db5cc66d-9e8c-4e19-aa0e-0ffcc48f45f8" testId="b8787739-4c07-b11a-eff9-c330a8615328" testName="xUnitTestProject.CurrencyHelperTests.FormatToStringTest1000(price: 5855.75080885354, expected: &quot;5855.75 zł&quot;)" computerName="DESKTOP-5URQ9PB" duration="00:00:00.0000043" startTime="2022-06-13T21:15:00.1877902+02:00" endTime="2022-06-13T21:15:00.1877904+02:00" testType="13cdc9d9-ddb5-4fa4-a97d-d965ccfc6d4b" outcome="Passed" testListId="8c84fa94-04c1-424b-9868-57a2d4851a1d" relativeResultsDirectory="db5cc66d-9e8c-4e19-aa0e-0ffcc48f45f8" />
    <UnitTestResult executionId="39d8f620-0055-46ef-832b-212f9224dc22" testId="3dca0048-5c2b-c7cd-4eca-6367cfc4f1ca" testName="xUnitTestProject.CurrencyHelperTests.FormatToStringTest1000(price: 6752.510462437062, expected: &quot;6752.51 zł&quot;)" computerName="DESKTOP-5URQ9PB" duration="00:00:00.0000052" startTime="2022-06-13T21:15:00.1495163+02:00" endTime="2022-06-13T21:15:00.1495165+02:00" testType="13cdc9d9-ddb5-4fa4-a97d-d965ccfc6d4b" outcome="Passed" testListId="8c84fa94-04c1-424b-9868-57a2d4851a1d" relativeResultsDirectory="39d8f620-0055-46ef-832b-212f9224dc22" />
    <UnitTestResult executionId="aa0def21-85fc-4cf5-bada-66eb10de567b" testId="5605ffe3-47bf-edde-5207-79dd7a259fef" testName="xUnitTestProject.CurrencyHelperTests.FormatToStringTest1000(price: 45955.903045959254, expected: &quot;45955.90 zł&quot;)" computerName="DESKTOP-5URQ9PB" duration="00:00:00.0000067" startTime="2022-06-13T21:15:00.1517254+02:00" endTime="2022-06-13T21:15:00.1517256+02:00" testType="13cdc9d9-ddb5-4fa4-a97d-d965ccfc6d4b" outcome="Passed" testListId="8c84fa94-04c1-424b-9868-57a2d4851a1d" relativeResultsDirectory="aa0def21-85fc-4cf5-bada-66eb10de567b" />
    <UnitTestResult executionId="9fd7d430-4a31-4426-806b-97ab610b9ffe" testId="d4cfd815-487d-e378-1f28-dc4676158012" testName="xUnitTestProject.CurrencyHelperTests.FormatToStringTest1000(price: 10370.0107542784, expected: &quot;10370.01 zł&quot;)" computerName="DESKTOP-5URQ9PB" duration="00:00:00.0000059" startTime="2022-06-13T21:15:00.1462999+02:00" endTime="2022-06-13T21:15:00.1463000+02:00" testType="13cdc9d9-ddb5-4fa4-a97d-d965ccfc6d4b" outcome="Passed" testListId="8c84fa94-04c1-424b-9868-57a2d4851a1d" relativeResultsDirectory="9fd7d430-4a31-4426-806b-97ab610b9ffe" />
    <UnitTestResult executionId="4f92dcf0-2169-4ee5-b3e1-a819027279e3" testId="4e1f3ab2-e30f-84ab-8c3f-ffbda0a749a7" testName="xUnitTestProject.CurrencyHelperTests.FormatToStringTest1000(price: 6550.421588937948, expected: &quot;6550.42 zł&quot;)" computerName="DESKTOP-5URQ9PB" duration="00:00:00.0000150" startTime="2022-06-13T21:15:00.1722036+02:00" endTime="2022-06-13T21:15:00.1722038+02:00" testType="13cdc9d9-ddb5-4fa4-a97d-d965ccfc6d4b" outcome="Passed" testListId="8c84fa94-04c1-424b-9868-57a2d4851a1d" relativeResultsDirectory="4f92dcf0-2169-4ee5-b3e1-a819027279e3" />
    <UnitTestResult executionId="5eb71e35-17ef-4601-8d9e-451791e2c250" testId="9c810ece-be18-f9ed-3cc8-f43cbbe8d789" testName="xUnitTestProject.CurrencyHelperTests.FormatToStringTest1000(price: 18627.604896394354, expected: &quot;18627.60 zł&quot;)" computerName="DESKTOP-5URQ9PB" duration="00:00:00.0000254" startTime="2022-06-13T21:15:00.0464457+02:00" endTime="2022-06-13T21:15:00.0464467+02:00" testType="13cdc9d9-ddb5-4fa4-a97d-d965ccfc6d4b" outcome="Passed" testListId="8c84fa94-04c1-424b-9868-57a2d4851a1d" relativeResultsDirectory="5eb71e35-17ef-4601-8d9e-451791e2c250" />
    <UnitTestResult executionId="313db374-89da-40de-bcb7-20779c4257dc" testId="76ad8ec9-5ccc-b3a3-7c1b-d549d0dbd095" testName="xUnitTestProject.CurrencyHelperTests.FormatToStringTest1000(price: 4411.456718280659, expected: &quot;4411.46 zł&quot;)" computerName="DESKTOP-5URQ9PB" duration="00:00:00.0000055" startTime="2022-06-13T21:15:00.1137335+02:00" endTime="2022-06-13T21:15:00.1137337+02:00" testType="13cdc9d9-ddb5-4fa4-a97d-d965ccfc6d4b" outcome="Passed" testListId="8c84fa94-04c1-424b-9868-57a2d4851a1d" relativeResultsDirectory="313db374-89da-40de-bcb7-20779c4257dc" />
    <UnitTestResult executionId="9ee4009f-9028-4774-a4a4-25dc5841e28d" testId="9a37fdb2-9bc9-44c3-d032-3d58a5dce31d" testName="xUnitTestProject.CurrencyHelperTests.FormatToStringTest1000(price: 3799.9216302064815, expected: &quot;3799.92 zł&quot;)" computerName="DESKTOP-5URQ9PB" duration="00:00:00.0000062" startTime="2022-06-13T21:15:00.0789783+02:00" endTime="2022-06-13T21:15:00.0789787+02:00" testType="13cdc9d9-ddb5-4fa4-a97d-d965ccfc6d4b" outcome="Passed" testListId="8c84fa94-04c1-424b-9868-57a2d4851a1d" relativeResultsDirectory="9ee4009f-9028-4774-a4a4-25dc5841e28d" />
    <UnitTestResult executionId="80603ac3-99c0-424b-9b18-fc4c41e1fd03" testId="97d8215e-c1fc-21f7-065d-165363a0a007" testName="xUnitTestProject.CurrencyHelperTests.FormatToStringTest1000(price: 2339.5873176472205, expected: &quot;2339.59 zł&quot;)" computerName="DESKTOP-5URQ9PB" duration="00:00:00.0000075" startTime="2022-06-13T21:15:00.1225482+02:00" endTime="2022-06-13T21:15:00.1225483+02:00" testType="13cdc9d9-ddb5-4fa4-a97d-d965ccfc6d4b" outcome="Passed" testListId="8c84fa94-04c1-424b-9868-57a2d4851a1d" relativeResultsDirectory="80603ac3-99c0-424b-9b18-fc4c41e1fd03" />
    <UnitTestResult executionId="61171ccd-8ff9-4422-b02a-bc4b41d5ee21" testId="fdef4ad6-20d8-042a-63d8-5826de557b18" testName="xUnitTestProject.CurrencyHelperTests.FormatToStringTest1000(price: 28861.97337596769, expected: &quot;28861.97 zł&quot;)" computerName="DESKTOP-5URQ9PB" duration="00:00:00.0000061" startTime="2022-06-13T21:15:00.1055400+02:00" endTime="2022-06-13T21:15:00.1055402+02:00" testType="13cdc9d9-ddb5-4fa4-a97d-d965ccfc6d4b" outcome="Passed" testListId="8c84fa94-04c1-424b-9868-57a2d4851a1d" relativeResultsDirectory="61171ccd-8ff9-4422-b02a-bc4b41d5ee21" />
    <UnitTestResult executionId="b88dde3e-b0f6-4659-86df-dfc3b861979a" testId="7b9b1040-51d8-c2e6-1ac0-cb113e76a56a" testName="xUnitTestProject.CurrencyHelperTests.FormatToStringTest1000(price: 20445.11280083149, expected: &quot;20445.11 zł&quot;)" computerName="DESKTOP-5URQ9PB" duration="00:00:00.0000072" startTime="2022-06-13T21:15:00.1314178+02:00" endTime="2022-06-13T21:15:00.1314180+02:00" testType="13cdc9d9-ddb5-4fa4-a97d-d965ccfc6d4b" outcome="Passed" testListId="8c84fa94-04c1-424b-9868-57a2d4851a1d" relativeResultsDirectory="b88dde3e-b0f6-4659-86df-dfc3b861979a" />
    <UnitTestResult executionId="c7647286-b473-499d-8f81-a2557bf4cd66" testId="0751b11b-a6a8-a4ef-30e1-f910838570cb" testName="xUnitTestProject.CurrencyHelperTests.FormatToStringTest1000(price: 20752.33758466334, expected: &quot;20752.34 zł&quot;)" computerName="DESKTOP-5URQ9PB" duration="00:00:00.0000061" startTime="2022-06-13T21:15:00.1756178+02:00" endTime="2022-06-13T21:15:00.1756180+02:00" testType="13cdc9d9-ddb5-4fa4-a97d-d965ccfc6d4b" outcome="Passed" testListId="8c84fa94-04c1-424b-9868-57a2d4851a1d" relativeResultsDirectory="c7647286-b473-499d-8f81-a2557bf4cd66" />
    <UnitTestResult executionId="5a40bccb-2b12-42ce-a728-c7f260f6357d" testId="5c121ce3-0aab-ab5b-cce0-b7a13bf9bb3a" testName="xUnitTestProject.CurrencyHelperTests.FormatToStringTest1000(price: 7951.322730072458, expected: &quot;7951.32 zł&quot;)" computerName="DESKTOP-5URQ9PB" duration="00:00:00.0000066" startTime="2022-06-13T21:15:00.1639429+02:00" endTime="2022-06-13T21:15:00.1639430+02:00" testType="13cdc9d9-ddb5-4fa4-a97d-d965ccfc6d4b" outcome="Passed" testListId="8c84fa94-04c1-424b-9868-57a2d4851a1d" relativeResultsDirectory="5a40bccb-2b12-42ce-a728-c7f260f6357d" />
    <UnitTestResult executionId="97bf6764-9f77-4829-95e2-d7f68d66c2cc" testId="bb2394ba-110a-90c0-2182-1e3775f73d05" testName="xUnitTestProject.CurrencyHelperTests.FormatToStringTest1000(price: 28072.424637532058, expected: &quot;28072.42 zł&quot;)" computerName="DESKTOP-5URQ9PB" duration="00:00:00.0000041" startTime="2022-06-13T21:15:00.0863657+02:00" endTime="2022-06-13T21:15:00.0863659+02:00" testType="13cdc9d9-ddb5-4fa4-a97d-d965ccfc6d4b" outcome="Passed" testListId="8c84fa94-04c1-424b-9868-57a2d4851a1d" relativeResultsDirectory="97bf6764-9f77-4829-95e2-d7f68d66c2cc" />
    <UnitTestResult executionId="8df11bd3-9531-458b-8093-ab1226fadd3f" testId="843293b0-7cce-f386-da63-2fb428fb7828" testName="xUnitTestProject.CurrencyHelperTests.FormatToStringTest1000(price: 7124.979180760672, expected: &quot;7124.98 zł&quot;)" computerName="DESKTOP-5URQ9PB" duration="00:00:00.0000073" startTime="2022-06-13T21:15:00.0715283+02:00" endTime="2022-06-13T21:15:00.0715285+02:00" testType="13cdc9d9-ddb5-4fa4-a97d-d965ccfc6d4b" outcome="Passed" testListId="8c84fa94-04c1-424b-9868-57a2d4851a1d" relativeResultsDirectory="8df11bd3-9531-458b-8093-ab1226fadd3f" />
    <UnitTestResult executionId="11bb0d77-753a-4c17-a574-1012eb5c97ea" testId="2b440940-2efe-cdba-d4a2-2746340ee3bc" testName="xUnitTestProject.CurrencyHelperTests.FormatToStringTest1000(price: 13844.577623300524, expected: &quot;13844.58 zł&quot;)" computerName="DESKTOP-5URQ9PB" duration="00:00:00.0000064" startTime="2022-06-13T21:15:00.1270877+02:00" endTime="2022-06-13T21:15:00.1270879+02:00" testType="13cdc9d9-ddb5-4fa4-a97d-d965ccfc6d4b" outcome="Passed" testListId="8c84fa94-04c1-424b-9868-57a2d4851a1d" relativeResultsDirectory="11bb0d77-753a-4c17-a574-1012eb5c97ea" />
    <UnitTestResult executionId="4a115d43-f1c2-476a-b7df-b04e5b6b8cc6" testId="97fa9539-2f5b-d008-d8ef-c0d60778ca89" testName="xUnitTestProject.CurrencyHelperTests.FormatToStringTest1000(price: 42555.01416107594, expected: &quot;42555.01 zł&quot;)" computerName="DESKTOP-5URQ9PB" duration="00:00:00.0000070" startTime="2022-06-13T21:15:00.0739573+02:00" endTime="2022-06-13T21:15:00.0739575+02:00" testType="13cdc9d9-ddb5-4fa4-a97d-d965ccfc6d4b" outcome="Passed" testListId="8c84fa94-04c1-424b-9868-57a2d4851a1d" relativeResultsDirectory="4a115d43-f1c2-476a-b7df-b04e5b6b8cc6" />
    <UnitTestResult executionId="c264c041-c47a-40fa-bef2-502f6d9d60c3" testId="63140182-f7a2-6346-fbd9-3f80901df2c9" testName="xUnitTestProject.CurrencyHelperTests.FormatToStringTest1000(price: 545.7016866634142, expected: &quot;545.70 zł&quot;)" computerName="DESKTOP-5URQ9PB" duration="00:00:00.0000056" startTime="2022-06-13T21:15:00.0802993+02:00" endTime="2022-06-13T21:15:00.0802995+02:00" testType="13cdc9d9-ddb5-4fa4-a97d-d965ccfc6d4b" outcome="Passed" testListId="8c84fa94-04c1-424b-9868-57a2d4851a1d" relativeResultsDirectory="c264c041-c47a-40fa-bef2-502f6d9d60c3" />
    <UnitTestResult executionId="2149a26e-8a28-4431-a78c-858034f8859d" testId="d99ced1b-9ef8-b735-4a70-4562dc79a9d0" testName="xUnitTestProject.CurrencyHelperTests.FormatToStringTest1000(price: 72905.64834432845, expected: &quot;72905.65 zł&quot;)" computerName="DESKTOP-5URQ9PB" duration="00:00:00.0000041" startTime="2022-06-13T21:15:00.1924388+02:00" endTime="2022-06-13T21:15:00.1924391+02:00" testType="13cdc9d9-ddb5-4fa4-a97d-d965ccfc6d4b" outcome="Passed" testListId="8c84fa94-04c1-424b-9868-57a2d4851a1d" relativeResultsDirectory="2149a26e-8a28-4431-a78c-858034f8859d" />
    <UnitTestResult executionId="4e0b8d15-addd-4413-8eb0-e49d82269d3c" testId="dd2dd033-1470-57eb-5d97-02eb255fcb1f" testName="xUnitTestProject.CurrencyHelperTests.FormatToStringTest1000(price: 3274.481392617096, expected: &quot;3274.48 zł&quot;)" computerName="DESKTOP-5URQ9PB" duration="00:00:00.0000070" startTime="2022-06-13T21:15:00.1124250+02:00" endTime="2022-06-13T21:15:00.1124258+02:00" testType="13cdc9d9-ddb5-4fa4-a97d-d965ccfc6d4b" outcome="Passed" testListId="8c84fa94-04c1-424b-9868-57a2d4851a1d" relativeResultsDirectory="4e0b8d15-addd-4413-8eb0-e49d82269d3c" />
    <UnitTestResult executionId="8f50b065-a69a-468a-85d0-c899c5890a01" testId="178d037f-daf8-5717-a393-b090c90da1cf" testName="xUnitTestProject.CurrencyHelperTests.FormatToStringTest1000(price: 48654.65723134794, expected: &quot;48654.66 zł&quot;)" computerName="DESKTOP-5URQ9PB" duration="00:00:00.0000069" startTime="2022-06-13T21:15:00.1507299+02:00" endTime="2022-06-13T21:15:00.1507301+02:00" testType="13cdc9d9-ddb5-4fa4-a97d-d965ccfc6d4b" outcome="Passed" testListId="8c84fa94-04c1-424b-9868-57a2d4851a1d" relativeResultsDirectory="8f50b065-a69a-468a-85d0-c899c5890a01" />
    <UnitTestResult executionId="68fca3bf-4b53-417e-a5b7-8b99403d2826" testId="9ee4d82e-bba5-9c6c-1803-31366568eb6e" testName="xUnitTestProject.CurrencyHelperTests.FormatToStringTest1000(price: 68698.01923441609, expected: &quot;68698.02 zł&quot;)" computerName="DESKTOP-5URQ9PB" duration="00:00:00.0000066" startTime="2022-06-13T21:15:00.1528286+02:00" endTime="2022-06-13T21:15:00.1528287+02:00" testType="13cdc9d9-ddb5-4fa4-a97d-d965ccfc6d4b" outcome="Passed" testListId="8c84fa94-04c1-424b-9868-57a2d4851a1d" relativeResultsDirectory="68fca3bf-4b53-417e-a5b7-8b99403d2826" />
    <UnitTestResult executionId="f9ca4ab9-93d9-44f9-9d7d-bd84561aefc0" testId="c31c3c04-c374-418e-36fc-0c705f1df093" testName="xUnitTestProject.CurrencyHelperTests.FormatToStringTest1000(price: 7891.960478953067, expected: &quot;7891.96 zł&quot;)" computerName="DESKTOP-5URQ9PB" duration="00:00:00.0000055" startTime="2022-06-13T21:15:00.1593915+02:00" endTime="2022-06-13T21:15:00.1593917+02:00" testType="13cdc9d9-ddb5-4fa4-a97d-d965ccfc6d4b" outcome="Passed" testListId="8c84fa94-04c1-424b-9868-57a2d4851a1d" relativeResultsDirectory="f9ca4ab9-93d9-44f9-9d7d-bd84561aefc0" />
    <UnitTestResult executionId="84fe16aa-9ea6-4dea-b284-5cc3c7fda245" testId="1a44af6f-888e-1f8e-a00f-e2d743b26f12" testName="xUnitTestProject.CurrencyHelperTests.FormatToStringTest1000(price: 7669.3855620214645, expected: &quot;7669.39 zł&quot;)" computerName="DESKTOP-5URQ9PB" duration="00:00:00.0000059" startTime="2022-06-13T21:15:00.1398288+02:00" endTime="2022-06-13T21:15:00.1398289+02:00" testType="13cdc9d9-ddb5-4fa4-a97d-d965ccfc6d4b" outcome="Passed" testListId="8c84fa94-04c1-424b-9868-57a2d4851a1d" relativeResultsDirectory="84fe16aa-9ea6-4dea-b284-5cc3c7fda245" />
    <UnitTestResult executionId="312e487a-b1c3-48b1-a279-69a010ae46ab" testId="264c060b-2c06-6e92-2e7b-9f27ddffeba4" testName="xUnitTestProject.CurrencyHelperTests.FormatToStringTest1000(price: 34242.181005260056, expected: &quot;34242.18 zł&quot;)" computerName="DESKTOP-5URQ9PB" duration="00:00:00.0000041" startTime="2022-06-13T21:15:00.0625839+02:00" endTime="2022-06-13T21:15:00.0625840+02:00" testType="13cdc9d9-ddb5-4fa4-a97d-d965ccfc6d4b" outcome="Passed" testListId="8c84fa94-04c1-424b-9868-57a2d4851a1d" relativeResultsDirectory="312e487a-b1c3-48b1-a279-69a010ae46ab" />
    <UnitTestResult executionId="26db41a4-e27e-486b-8d75-307afcae5141" testId="4c9ec316-0614-0ed3-d3e3-ff9a3542b3e8" testName="xUnitTestProject.CurrencyHelperTests.FormatToStringTest1000(price: 29417.800422138444, expected: &quot;29417.80 zł&quot;)" computerName="DESKTOP-5URQ9PB" duration="00:00:00.0000068" startTime="2022-06-13T21:15:00.1688079+02:00" endTime="2022-06-13T21:15:00.1688080+02:00" testType="13cdc9d9-ddb5-4fa4-a97d-d965ccfc6d4b" outcome="Passed" testListId="8c84fa94-04c1-424b-9868-57a2d4851a1d" relativeResultsDirectory="26db41a4-e27e-486b-8d75-307afcae5141" />
    <UnitTestResult executionId="1717e575-4100-4d8c-82b4-60af6182defb" testId="24bb58fc-f26e-f596-3b94-0fe50e90026c" testName="xUnitTestProject.CurrencyHelperTests.FormatToStringTest1000(price: 14017.699524653006, expected: &quot;14017.70 zł&quot;)" computerName="DESKTOP-5URQ9PB" duration="00:00:00.0000045" startTime="2022-06-13T21:15:00.1776437+02:00" endTime="2022-06-13T21:15:00.1776442+02:00" testType="13cdc9d9-ddb5-4fa4-a97d-d965ccfc6d4b" outcome="Passed" testListId="8c84fa94-04c1-424b-9868-57a2d4851a1d" relativeResultsDirectory="1717e575-4100-4d8c-82b4-60af6182defb" />
    <UnitTestResult executionId="2f695330-31c4-4bd2-9220-f8fba213e648" testId="e238bfca-4b11-493d-42eb-8f12a1ef721f" testName="xUnitTestProject.CurrencyHelperTests.FormatToStringTest1000(price: 1896.1704506483723, expected: &quot;1896.17 zł&quot;)" computerName="DESKTOP-5URQ9PB" duration="00:00:00.0000056" startTime="2022-06-13T21:15:00.1733508+02:00" endTime="2022-06-13T21:15:00.1733510+02:00" testType="13cdc9d9-ddb5-4fa4-a97d-d965ccfc6d4b" outcome="Passed" testListId="8c84fa94-04c1-424b-9868-57a2d4851a1d" relativeResultsDirectory="2f695330-31c4-4bd2-9220-f8fba213e648" />
    <UnitTestResult executionId="c9bb1be9-6eae-4d91-bbe8-f589a1fee32c" testId="2f04d734-6778-0b79-9d14-d79b1e3bb130" testName="xUnitTestProject.CurrencyHelperTests.FormatToStringTest1000(price: 12871.381729632794, expected: &quot;12871.38 zł&quot;)" computerName="DESKTOP-5URQ9PB" duration="00:00:00.0000043" startTime="2022-06-13T21:15:00.1732766+02:00" endTime="2022-06-13T21:15:00.1732768+02:00" testType="13cdc9d9-ddb5-4fa4-a97d-d965ccfc6d4b" outcome="Passed" testListId="8c84fa94-04c1-424b-9868-57a2d4851a1d" relativeResultsDirectory="c9bb1be9-6eae-4d91-bbe8-f589a1fee32c" />
    <UnitTestResult executionId="944156b6-f023-417f-a041-6000a71cc1b3" testId="183dfbce-4b57-7750-e87b-9eb6c830ba31" testName="xUnitTestProject.CurrencyHelperTests.FormatToStringTest1000(price: 31347.468987404587, expected: &quot;31347.47 zł&quot;)" computerName="DESKTOP-5URQ9PB" duration="00:00:00.0000079" startTime="2022-06-13T21:15:00.1404093+02:00" endTime="2022-06-13T21:15:00.1404095+02:00" testType="13cdc9d9-ddb5-4fa4-a97d-d965ccfc6d4b" outcome="Passed" testListId="8c84fa94-04c1-424b-9868-57a2d4851a1d" relativeResultsDirectory="944156b6-f023-417f-a041-6000a71cc1b3" />
    <UnitTestResult executionId="09a6ba6f-b265-46cd-897d-795b045b0a66" testId="db653531-1a7a-b4d6-7b77-97b13719461c" testName="xUnitTestProject.CurrencyHelperTests.FormatToStringTest1000(price: 397.6461894566408, expected: &quot;397.65 zł&quot;)" computerName="DESKTOP-5URQ9PB" duration="00:00:00.0000056" startTime="2022-06-13T21:15:00.1574060+02:00" endTime="2022-06-13T21:15:00.1574062+02:00" testType="13cdc9d9-ddb5-4fa4-a97d-d965ccfc6d4b" outcome="Passed" testListId="8c84fa94-04c1-424b-9868-57a2d4851a1d" relativeResultsDirectory="09a6ba6f-b265-46cd-897d-795b045b0a66" />
    <UnitTestResult executionId="80ae18e8-14c9-45a0-92e5-53b9f4a46bb8" testId="a1b1cd1d-1429-3ac2-3b82-a26d05133f17" testName="xUnitTestProject.CurrencyHelperTests.FormatToStringTest1000(price: 4614.673205890541, expected: &quot;4614.67 zł&quot;)" computerName="DESKTOP-5URQ9PB" duration="00:00:00.0000060" startTime="2022-06-13T21:15:00.1519116+02:00" endTime="2022-06-13T21:15:00.1519118+02:00" testType="13cdc9d9-ddb5-4fa4-a97d-d965ccfc6d4b" outcome="Passed" testListId="8c84fa94-04c1-424b-9868-57a2d4851a1d" relativeResultsDirectory="80ae18e8-14c9-45a0-92e5-53b9f4a46bb8" />
    <UnitTestResult executionId="4d088044-85c8-4984-9507-033dc532985b" testId="ff96b5de-94eb-fc99-362b-5102f1ace758" testName="xUnitTestProject.CurrencyHelperTests.FormatToStringTest1000(price: 43727.735558145556, expected: &quot;43727.74 zł&quot;)" computerName="DESKTOP-5URQ9PB" duration="00:00:00.0000063" startTime="2022-06-13T21:15:00.0909789+02:00" endTime="2022-06-13T21:15:00.0909791+02:00" testType="13cdc9d9-ddb5-4fa4-a97d-d965ccfc6d4b" outcome="Passed" testListId="8c84fa94-04c1-424b-9868-57a2d4851a1d" relativeResultsDirectory="4d088044-85c8-4984-9507-033dc532985b" />
    <UnitTestResult executionId="fc7cb1d9-3300-4d81-8936-af264b687b68" testId="7fe2a8ad-3600-98d5-7117-12a9f9025c62" testName="xUnitTestProject.CurrencyHelperTests.FormatToStringTest1000(price: 46803.36433423374, expected: &quot;46803.36 zł&quot;)" computerName="DESKTOP-5URQ9PB" duration="00:00:00.0000041" startTime="2022-06-13T21:15:00.0952046+02:00" endTime="2022-06-13T21:15:00.0952048+02:00" testType="13cdc9d9-ddb5-4fa4-a97d-d965ccfc6d4b" outcome="Passed" testListId="8c84fa94-04c1-424b-9868-57a2d4851a1d" relativeResultsDirectory="fc7cb1d9-3300-4d81-8936-af264b687b68" />
    <UnitTestResult executionId="22be4ab4-3159-4d1a-b836-a49182545e0d" testId="2af17ceb-e4a7-e57a-8e57-17ad33ae72e3" testName="xUnitTestProject.CurrencyHelperTests.FormatToStringTest1000(price: 22281.48592587257, expected: &quot;22281.49 zł&quot;)" computerName="DESKTOP-5URQ9PB" duration="00:00:00.0000041" startTime="2022-06-13T21:15:00.0741903+02:00" endTime="2022-06-13T21:15:00.0741905+02:00" testType="13cdc9d9-ddb5-4fa4-a97d-d965ccfc6d4b" outcome="Passed" testListId="8c84fa94-04c1-424b-9868-57a2d4851a1d" relativeResultsDirectory="22be4ab4-3159-4d1a-b836-a49182545e0d" />
    <UnitTestResult executionId="c65142bd-bfd1-4eb0-a7b0-85f88f8e4af6" testId="bfdd6bca-a34f-47f5-eae8-5d12e496bd00" testName="xUnitTestProject.CurrencyHelperTests.FormatToStringTest1000(price: 22197.731451777618, expected: &quot;22197.73 zł&quot;)" computerName="DESKTOP-5URQ9PB" duration="00:00:00.0000078" startTime="2022-06-13T21:15:00.1224355+02:00" endTime="2022-06-13T21:15:00.1224357+02:00" testType="13cdc9d9-ddb5-4fa4-a97d-d965ccfc6d4b" outcome="Passed" testListId="8c84fa94-04c1-424b-9868-57a2d4851a1d" relativeResultsDirectory="c65142bd-bfd1-4eb0-a7b0-85f88f8e4af6" />
    <UnitTestResult executionId="86b3da7e-5af1-4fa5-be1c-171c7ae7a35a" testId="4ffd7804-0b86-b3af-454f-c182dda91ce2" testName="xUnitTestProject.CurrencyHelperTests.FormatToStringTest1000(price: 22291.653251342315, expected: &quot;22291.65 zł&quot;)" computerName="DESKTOP-5URQ9PB" duration="00:00:00.0000071" startTime="2022-06-13T21:15:00.1439270+02:00" endTime="2022-06-13T21:15:00.1439272+02:00" testType="13cdc9d9-ddb5-4fa4-a97d-d965ccfc6d4b" outcome="Passed" testListId="8c84fa94-04c1-424b-9868-57a2d4851a1d" relativeResultsDirectory="86b3da7e-5af1-4fa5-be1c-171c7ae7a35a" />
    <UnitTestResult executionId="caa64dfb-b2df-46a2-aae1-b6547d5f668a" testId="9612d6d4-5d3c-f9a6-943c-f09f8d38bf59" testName="xUnitTestProject.CurrencyHelperTests.FormatToStringTest1000(price: 20482.32969107308, expected: &quot;20482.33 zł&quot;)" computerName="DESKTOP-5URQ9PB" duration="00:00:00.0000041" startTime="2022-06-13T21:15:00.0762451+02:00" endTime="2022-06-13T21:15:00.0762453+02:00" testType="13cdc9d9-ddb5-4fa4-a97d-d965ccfc6d4b" outcome="Passed" testListId="8c84fa94-04c1-424b-9868-57a2d4851a1d" relativeResultsDirectory="caa64dfb-b2df-46a2-aae1-b6547d5f668a" />
    <UnitTestResult executionId="0079a216-f5d9-43c8-bdfd-ede3b6ef1ae5" testId="dbe8f5eb-581b-1146-9a97-1f79fbc0650a" testName="xUnitTestProject.CurrencyHelperTests.FormatToStringTest1000(price: 16388.556189478633, expected: &quot;16388.56 zł&quot;)" computerName="DESKTOP-5URQ9PB" duration="00:00:00.0000041" startTime="2022-06-13T21:15:00.1054657+02:00" endTime="2022-06-13T21:15:00.1054660+02:00" testType="13cdc9d9-ddb5-4fa4-a97d-d965ccfc6d4b" outcome="Passed" testListId="8c84fa94-04c1-424b-9868-57a2d4851a1d" relativeResultsDirectory="0079a216-f5d9-43c8-bdfd-ede3b6ef1ae5" />
    <UnitTestResult executionId="08fbbfe2-3750-47cc-9d3d-66a74aadbcc8" testId="56e327fe-8407-ea11-addf-90ce93ff7d58" testName="xUnitTestProject.CurrencyHelperTests.FormatToStringTest1000(price: 1814.7218118955948, expected: &quot;1814.72 zł&quot;)" computerName="DESKTOP-5URQ9PB" duration="00:00:00.0000041" startTime="2022-06-13T21:15:00.1867633+02:00" endTime="2022-06-13T21:15:00.1867634+02:00" testType="13cdc9d9-ddb5-4fa4-a97d-d965ccfc6d4b" outcome="Passed" testListId="8c84fa94-04c1-424b-9868-57a2d4851a1d" relativeResultsDirectory="08fbbfe2-3750-47cc-9d3d-66a74aadbcc8" />
    <UnitTestResult executionId="74573026-9ba0-4126-9e0a-33ddcbadb047" testId="0095ae63-2136-ec44-562f-f92a8a9ed8f7" testName="xUnitTestProject.CurrencyHelperTests.FormatToStringTest1000(price: 4139.032615562451, expected: &quot;4139.03 zł&quot;)" computerName="DESKTOP-5URQ9PB" duration="00:00:00.0000063" startTime="2022-06-13T21:15:00.1355011+02:00" endTime="2022-06-13T21:15:00.1355012+02:00" testType="13cdc9d9-ddb5-4fa4-a97d-d965ccfc6d4b" outcome="Passed" testListId="8c84fa94-04c1-424b-9868-57a2d4851a1d" relativeResultsDirectory="74573026-9ba0-4126-9e0a-33ddcbadb047" />
    <UnitTestResult executionId="fa0f3bcc-b373-4456-bc48-7fe74e663769" testId="b38d539d-6069-d89f-5c5e-102a8255e594" testName="xUnitTestProject.CurrencyHelperTests.FormatToStringTest1000(price: 2901.9683054191846, expected: &quot;2901.97 zł&quot;)" computerName="DESKTOP-5URQ9PB" duration="00:00:00.0000062" startTime="2022-06-13T21:15:00.1744983+02:00" endTime="2022-06-13T21:15:00.1744985+02:00" testType="13cdc9d9-ddb5-4fa4-a97d-d965ccfc6d4b" outcome="Passed" testListId="8c84fa94-04c1-424b-9868-57a2d4851a1d" relativeResultsDirectory="fa0f3bcc-b373-4456-bc48-7fe74e663769" />
    <UnitTestResult executionId="0c73cde3-f779-471d-9184-f097531660bf" testId="a9271829-fbf1-47a3-aed7-368db58e22e7" testName="xUnitTestProject.CurrencyHelperTests.FormatToStringTest1000(price: 635.3263313632116, expected: &quot;635.33 zł&quot;)" computerName="DESKTOP-5URQ9PB" duration="00:00:00.0000064" startTime="2022-06-13T21:15:00.1292165+02:00" endTime="2022-06-13T21:15:00.1292166+02:00" testType="13cdc9d9-ddb5-4fa4-a97d-d965ccfc6d4b" outcome="Passed" testListId="8c84fa94-04c1-424b-9868-57a2d4851a1d" relativeResultsDirectory="0c73cde3-f779-471d-9184-f097531660bf" />
    <UnitTestResult executionId="92b6166a-67e0-4f1a-94e3-4f56996d6025" testId="94f0cede-3e3b-c04d-89cc-8dfe2520972c" testName="xUnitTestProject.CurrencyHelperTests.FormatToStringTest1000(price: 11100.829211263372, expected: &quot;11100.83 zł&quot;)" computerName="DESKTOP-5URQ9PB" duration="00:00:00.0000086" startTime="2022-06-13T21:15:00.1638673+02:00" endTime="2022-06-13T21:15:00.1638675+02:00" testType="13cdc9d9-ddb5-4fa4-a97d-d965ccfc6d4b" outcome="Passed" testListId="8c84fa94-04c1-424b-9868-57a2d4851a1d" relativeResultsDirectory="92b6166a-67e0-4f1a-94e3-4f56996d6025" />
    <UnitTestResult executionId="5636a7de-cca5-4963-84b8-f806bdd979d4" testId="f80009c9-805e-194a-5298-bf93d54f39d7" testName="xUnitTestProject.CurrencyHelperTests.FormatToStringTest1000(price: 11912.404131636213, expected: &quot;11912.40 zł&quot;)" computerName="DESKTOP-5URQ9PB" duration="00:00:00.0000071" startTime="2022-06-13T21:15:00.1225853+02:00" endTime="2022-06-13T21:15:00.1225854+02:00" testType="13cdc9d9-ddb5-4fa4-a97d-d965ccfc6d4b" outcome="Passed" testListId="8c84fa94-04c1-424b-9868-57a2d4851a1d" relativeResultsDirectory="5636a7de-cca5-4963-84b8-f806bdd979d4" />
    <UnitTestResult executionId="0ffe9964-3813-43c0-8cc9-64da2629f1af" testId="d6af606e-af1d-b77f-4ce0-c1f6556a4ce0" testName="xUnitTestProject.CurrencyHelperTests.FormatToStringTest1000(price: 11.555284778846096, expected: &quot;11.56 zł&quot;)" computerName="DESKTOP-5URQ9PB" duration="00:00:00.0000054" startTime="2022-06-13T21:15:00.1147137+02:00" endTime="2022-06-13T21:15:00.1147139+02:00" testType="13cdc9d9-ddb5-4fa4-a97d-d965ccfc6d4b" outcome="Passed" testListId="8c84fa94-04c1-424b-9868-57a2d4851a1d" relativeResultsDirectory="0ffe9964-3813-43c0-8cc9-64da2629f1af" />
    <UnitTestResult executionId="f4167daa-2d4d-4bc7-82d6-cf8884c8f6ab" testId="3af61c48-eead-454e-59a5-a117f0360878" testName="xUnitTestProject.CurrencyHelperTests.FormatToStringTest1000(price: 3646.857719214101, expected: &quot;3646.86 zł&quot;)" computerName="DESKTOP-5URQ9PB" duration="00:00:00.0000050" startTime="2022-06-13T21:15:00.0636332+02:00" endTime="2022-06-13T21:15:00.0636334+02:00" testType="13cdc9d9-ddb5-4fa4-a97d-d965ccfc6d4b" outcome="Passed" testListId="8c84fa94-04c1-424b-9868-57a2d4851a1d" relativeResultsDirectory="f4167daa-2d4d-4bc7-82d6-cf8884c8f6ab" />
    <UnitTestResult executionId="1acbfbb9-4298-439f-be15-a99da334ef48" testId="d995492a-671e-36ff-0d73-ec59a569933d" testName="xUnitTestProject.CurrencyHelperTests.FormatToStringTest1000(price: 8013.1229931903645, expected: &quot;8013.12 zł&quot;)" computerName="DESKTOP-5URQ9PB" duration="00:00:00.0000078" startTime="2022-06-13T21:15:00.1075963+02:00" endTime="2022-06-13T21:15:00.1075967+02:00" testType="13cdc9d9-ddb5-4fa4-a97d-d965ccfc6d4b" outcome="Passed" testListId="8c84fa94-04c1-424b-9868-57a2d4851a1d" relativeResultsDirectory="1acbfbb9-4298-439f-be15-a99da334ef48" />
    <UnitTestResult executionId="c54f010a-56d6-498e-9879-b66817c4f264" testId="80a4940d-875d-f4f0-bd6e-0d3aab9861cb" testName="xUnitTestProject.CurrencyHelperTests.FormatToStringTest1000(price: 60701.5177499319, expected: &quot;60701.52 zł&quot;)" computerName="DESKTOP-5URQ9PB" duration="00:00:00.0000056" startTime="2022-06-13T21:15:00.0751539+02:00" endTime="2022-06-13T21:15:00.0751541+02:00" testType="13cdc9d9-ddb5-4fa4-a97d-d965ccfc6d4b" outcome="Passed" testListId="8c84fa94-04c1-424b-9868-57a2d4851a1d" relativeResultsDirectory="c54f010a-56d6-498e-9879-b66817c4f264" />
    <UnitTestResult executionId="a23cb150-a6f5-41b1-a668-71ac99b9148e" testId="972bb963-9a87-7070-029b-8643f34bbb6c" testName="xUnitTestProject.CurrencyHelperTests.FormatToStringTest1000(price: 10268.547802396373, expected: &quot;10268.55 zł&quot;)" computerName="DESKTOP-5URQ9PB" duration="00:00:00.0000041" startTime="2022-06-13T21:15:00.0962981+02:00" endTime="2022-06-13T21:15:00.0962983+02:00" testType="13cdc9d9-ddb5-4fa4-a97d-d965ccfc6d4b" outcome="Passed" testListId="8c84fa94-04c1-424b-9868-57a2d4851a1d" relativeResultsDirectory="a23cb150-a6f5-41b1-a668-71ac99b9148e" />
    <UnitTestResult executionId="c762cfbe-523d-486e-9fb9-735d9ef2ee81" testId="a38d6dd0-4abc-cd66-f98d-02667c7de044" testName="xUnitTestProject.CurrencyHelperTests.FormatToStringTest1000(price: 20623.53139885493, expected: &quot;20623.53 zł&quot;)" computerName="DESKTOP-5URQ9PB" duration="00:00:00.0000046" startTime="2022-06-13T21:15:00.1823953+02:00" endTime="2022-06-13T21:15:00.1823955+02:00" testType="13cdc9d9-ddb5-4fa4-a97d-d965ccfc6d4b" outcome="Passed" testListId="8c84fa94-04c1-424b-9868-57a2d4851a1d" relativeResultsDirectory="c762cfbe-523d-486e-9fb9-735d9ef2ee81" />
    <UnitTestResult executionId="bf772434-8d18-4d86-8fbe-14b22b64a905" testId="0df7d709-570d-9a2b-20b2-9824d27442ba" testName="xUnitTestProject.CurrencyHelperTests.FormatToStringTest1000(price: 54578.37303904275, expected: &quot;54578.37 zł&quot;)" computerName="DESKTOP-5URQ9PB" duration="00:00:00.0000059" startTime="2022-06-13T21:15:00.1595778+02:00" endTime="2022-06-13T21:15:00.1595779+02:00" testType="13cdc9d9-ddb5-4fa4-a97d-d965ccfc6d4b" outcome="Passed" testListId="8c84fa94-04c1-424b-9868-57a2d4851a1d" relativeResultsDirectory="bf772434-8d18-4d86-8fbe-14b22b64a905" />
    <UnitTestResult executionId="42ca2c8d-492e-4c7e-8c48-8425fd7ace9b" testId="8b7ce013-8629-5a29-320f-b962e95e1d02" testName="xUnitTestProject.CurrencyHelperTests.FormatToStringTest1000(price: 47437.74370917619, expected: &quot;47437.74 zł&quot;)" computerName="DESKTOP-5URQ9PB" duration="00:00:00.0000056" startTime="2022-06-13T21:15:00.0931887+02:00" endTime="2022-06-13T21:15:00.0931889+02:00" testType="13cdc9d9-ddb5-4fa4-a97d-d965ccfc6d4b" outcome="Passed" testListId="8c84fa94-04c1-424b-9868-57a2d4851a1d" relativeResultsDirectory="42ca2c8d-492e-4c7e-8c48-8425fd7ace9b" />
    <UnitTestResult executionId="07ab6e2d-1151-489c-b73b-ed81961c0fcc" testId="2ff6532c-932c-742b-a63d-f74c12776c60" testName="xUnitTestProject.CurrencyHelperTests.FormatToStringTest1000(price: 22459.530444447664, expected: &quot;22459.53 zł&quot;)" computerName="DESKTOP-5URQ9PB" duration="00:00:00.0000044" startTime="2022-06-13T21:15:00.0830793+02:00" endTime="2022-06-13T21:15:00.0830795+02:00" testType="13cdc9d9-ddb5-4fa4-a97d-d965ccfc6d4b" outcome="Passed" testListId="8c84fa94-04c1-424b-9868-57a2d4851a1d" relativeResultsDirectory="07ab6e2d-1151-489c-b73b-ed81961c0fcc" />
    <UnitTestResult executionId="49b6a88a-728e-462c-9599-c10ef3c0ec13" testId="e099abd9-c51a-27c3-fe30-7b74e00a337f" testName="xUnitTestProject.CurrencyHelperTests.FormatToStringTest1000(price: 16957.4523676757, expected: &quot;16957.45 zł&quot;)" computerName="DESKTOP-5URQ9PB" duration="00:00:00.0000070" startTime="2022-06-13T21:15:00.1326850+02:00" endTime="2022-06-13T21:15:00.1326851+02:00" testType="13cdc9d9-ddb5-4fa4-a97d-d965ccfc6d4b" outcome="Passed" testListId="8c84fa94-04c1-424b-9868-57a2d4851a1d" relativeResultsDirectory="49b6a88a-728e-462c-9599-c10ef3c0ec13" />
    <UnitTestResult executionId="389efbe2-cc38-42ca-b7f0-d2190283e5bd" testId="2a1ae3da-2a49-9688-92eb-6a1bc6d0cf01" testName="xUnitTestProject.CurrencyHelperTests.FormatToStringTest1000(price: 4525.609305084501, expected: &quot;4525.61 zł&quot;)" computerName="DESKTOP-5URQ9PB" duration="00:00:00.0000083" startTime="2022-06-13T21:15:00.1102726+02:00" endTime="2022-06-13T21:15:00.1102728+02:00" testType="13cdc9d9-ddb5-4fa4-a97d-d965ccfc6d4b" outcome="Passed" testListId="8c84fa94-04c1-424b-9868-57a2d4851a1d" relativeResultsDirectory="389efbe2-cc38-42ca-b7f0-d2190283e5bd" />
    <UnitTestResult executionId="1f1f3468-45d9-49ae-8531-8f8cb67816f0" testId="52dd4d5a-f28a-3449-7987-33dfda351248" testName="xUnitTestProject.CurrencyHelperTests.FormatToStringTest1000(price: 31290.71396233687, expected: &quot;31290.71 zł&quot;)" computerName="DESKTOP-5URQ9PB" duration="00:00:00.0000071" startTime="2022-06-13T21:15:00.1302957+02:00" endTime="2022-06-13T21:15:00.1302959+02:00" testType="13cdc9d9-ddb5-4fa4-a97d-d965ccfc6d4b" outcome="Passed" testListId="8c84fa94-04c1-424b-9868-57a2d4851a1d" relativeResultsDirectory="1f1f3468-45d9-49ae-8531-8f8cb67816f0" />
    <UnitTestResult executionId="b8486d50-4e56-42df-bf8e-d0480f02d6dd" testId="a3944110-24ef-a5f3-993b-c0e54d094618" testName="xUnitTestProject.CurrencyHelperTests.FormatToStringTest1000(price: 37826.846755123166, expected: &quot;37826.85 zł&quot;)" computerName="DESKTOP-5URQ9PB" duration="00:00:00.0000055" startTime="2022-06-13T21:15:00.1483823+02:00" endTime="2022-06-13T21:15:00.1483824+02:00" testType="13cdc9d9-ddb5-4fa4-a97d-d965ccfc6d4b" outcome="Passed" testListId="8c84fa94-04c1-424b-9868-57a2d4851a1d" relativeResultsDirectory="b8486d50-4e56-42df-bf8e-d0480f02d6dd" />
    <UnitTestResult executionId="4679a3ee-049b-4f36-aa30-c985aa72e70a" testId="a75df869-b8ee-c89b-7cd3-025e83911294" testName="xUnitTestProject.CurrencyHelperTests.FormatToStringTest1000(price: 69864.17463991146, expected: &quot;69864.17 zł&quot;)" computerName="DESKTOP-5URQ9PB" duration="00:00:00.0000066" startTime="2022-06-13T21:15:00.0716096+02:00" endTime="2022-06-13T21:15:00.0716098+02:00" testType="13cdc9d9-ddb5-4fa4-a97d-d965ccfc6d4b" outcome="Passed" testListId="8c84fa94-04c1-424b-9868-57a2d4851a1d" relativeResultsDirectory="4679a3ee-049b-4f36-aa30-c985aa72e70a" />
    <UnitTestResult executionId="9a221e2c-b7ea-45dd-b700-a2004d3b6194" testId="8b7f95f5-c5ec-10c0-26ff-eb4390bba1ee" testName="xUnitTestProject.CurrencyHelperTests.FormatToStringTest1000(price: 20344.185360967265, expected: &quot;20344.19 zł&quot;)" computerName="DESKTOP-5URQ9PB" duration="00:00:00.0000047" startTime="2022-06-13T21:15:00.1915760+02:00" endTime="2022-06-13T21:15:00.1915761+02:00" testType="13cdc9d9-ddb5-4fa4-a97d-d965ccfc6d4b" outcome="Passed" testListId="8c84fa94-04c1-424b-9868-57a2d4851a1d" relativeResultsDirectory="9a221e2c-b7ea-45dd-b700-a2004d3b6194" />
    <UnitTestResult executionId="b908722d-4d75-4b1e-9afe-cf4c59c852e7" testId="f227f8da-1aef-bb37-695f-f1b64dec59a9" testName="xUnitTestProject.CurrencyHelperTests.FormatToStringTest1000(price: 17990.38119827089, expected: &quot;17990.38 zł&quot;)" computerName="DESKTOP-5URQ9PB" duration="00:00:00.0000067" startTime="2022-06-13T21:15:00.1101552+02:00" endTime="2022-06-13T21:15:00.1101554+02:00" testType="13cdc9d9-ddb5-4fa4-a97d-d965ccfc6d4b" outcome="Passed" testListId="8c84fa94-04c1-424b-9868-57a2d4851a1d" relativeResultsDirectory="b908722d-4d75-4b1e-9afe-cf4c59c852e7" />
    <UnitTestResult executionId="d42bce39-0a4d-4267-905c-f65a2c4f3395" testId="1c4368b6-2172-3b52-0d12-0d33b2fcef8b" testName="xUnitTestProject.CurrencyHelperTests.FormatToStringTest1000(price: 33970.38965150639, expected: &quot;33970.39 zł&quot;)" computerName="DESKTOP-5URQ9PB" duration="00:00:00.0000070" startTime="2022-06-13T21:15:00.1280160+02:00" endTime="2022-06-13T21:15:00.1280162+02:00" testType="13cdc9d9-ddb5-4fa4-a97d-d965ccfc6d4b" outcome="Passed" testListId="8c84fa94-04c1-424b-9868-57a2d4851a1d" relativeResultsDirectory="d42bce39-0a4d-4267-905c-f65a2c4f3395" />
    <UnitTestResult executionId="686a62ca-2e69-4f17-9e32-569a1429d72e" testId="df3e2c77-7f8f-57bd-4668-f3110adbfbc8" testName="xUnitTestProject.CurrencyHelperTests.FormatToStringTest1000(price: 29975.4018974022, expected: &quot;29975.40 zł&quot;)" computerName="DESKTOP-5URQ9PB" duration="00:00:00.0000065" startTime="2022-06-13T21:15:00.1101976+02:00" endTime="2022-06-13T21:15:00.1101978+02:00" testType="13cdc9d9-ddb5-4fa4-a97d-d965ccfc6d4b" outcome="Passed" testListId="8c84fa94-04c1-424b-9868-57a2d4851a1d" relativeResultsDirectory="686a62ca-2e69-4f17-9e32-569a1429d72e" />
  </Results>
  <TestDefinitions>
    <UnitTest name="xUnitTestProject.CurrencyHelperTests.FormatToStringTest1000(price: 33970.38965150639, expected: &quot;33970.39 zł&quot;)" storage="c:\projekty\xunittestproject\bin\debug\netcoreapp3.1\xunittestproject.dll" id="1c4368b6-2172-3b52-0d12-0d33b2fcef8b">
      <Execution id="d42bce39-0a4d-4267-905c-f65a2c4f3395" />
      <TestMethod codeBase="C:\Projekty\xUnitTestProject\bin\Debug\netcoreapp3.1\xUnitTestProject.dll" adapterTypeName="executor://xunit/VsTestRunner2/netcoreapp" className="xUnitTestProject.CurrencyHelperTests" name="FormatToStringTest1000" />
    </UnitTest>
    <UnitTest name="xUnitTestProject.CurrencyHelperTests.FormatToStringTest1000(price: 73372.53853826903, expected: &quot;73372.54 zł&quot;)" storage="c:\projekty\xunittestproject\bin\debug\netcoreapp3.1\xunittestproject.dll" id="5b7cf016-7948-5d44-c172-ab04f16e1bd2">
      <Execution id="d4d3d482-8f1a-4413-9694-0a278f977dc9" />
      <TestMethod codeBase="C:\Projekty\xUnitTestProject\bin\Debug\netcoreapp3.1\xUnitTestProject.dll" adapterTypeName="executor://xunit/VsTestRunner2/netcoreapp" className="xUnitTestProject.CurrencyHelperTests" name="FormatToStringTest1000" />
    </UnitTest>
    <UnitTest name="xUnitTestProject.CurrencyHelperTests.FormatToStringTest1000(price: 35905.47425787219, expected: &quot;35905.47 zł&quot;)" storage="c:\projekty\xunittestproject\bin\debug\netcoreapp3.1\xunittestproject.dll" id="f3b15f6b-f00d-4e6c-f3c3-26bd7741dc5d">
      <Execution id="1c0c0593-7325-4a89-9b7c-d73590be413b" />
      <TestMethod codeBase="C:\Projekty\xUnitTestProject\bin\Debug\netcoreapp3.1\xUnitTestProject.dll" adapterTypeName="executor://xunit/VsTestRunner2/netcoreapp" className="xUnitTestProject.CurrencyHelperTests" name="FormatToStringTest1000" />
    </UnitTest>
    <UnitTest name="xUnitTestProject.CurrencyHelperTests.FormatToStringTest1000(price: 22678.643495744862, expected: &quot;22678.64 zł&quot;)" storage="c:\projekty\xunittestproject\bin\debug\netcoreapp3.1\xunittestproject.dll" id="302cac3a-acd8-63e7-21fb-e5689524a492">
      <Execution id="1690db00-26d6-4f03-89f6-02c154f5d086" />
      <TestMethod codeBase="C:\Projekty\xUnitTestProject\bin\Debug\netcoreapp3.1\xUnitTestProject.dll" adapterTypeName="executor://xunit/VsTestRunner2/netcoreapp" className="xUnitTestProject.CurrencyHelperTests" name="FormatToStringTest1000" />
    </UnitTest>
    <UnitTest name="xUnitTestProject.CurrencyHelperTests.FormatToStringTest1000(price: 17031.365705376662, expected: &quot;17031.37 zł&quot;)" storage="c:\projekty\xunittestproject\bin\debug\netcoreapp3.1\xunittestproject.dll" id="54bc6f9e-1b35-cac3-f6ab-e594cab0fa7a">
      <Execution id="2de60934-8ab9-4e37-858d-2f2bee13f655" />
      <TestMethod codeBase="C:\Projekty\xUnitTestProject\bin\Debug\netcoreapp3.1\xUnitTestProject.dll" adapterTypeName="executor://xunit/VsTestRunner2/netcoreapp" className="xUnitTestProject.CurrencyHelperTests" name="FormatToStringTest1000" />
    </UnitTest>
    <UnitTest name="xUnitTestProject.CurrencyHelperTests.FormatToStringTest1000(price: 8514.837538072763, expected: &quot;8514.84 zł&quot;)" storage="c:\projekty\xunittestproject\bin\debug\netcoreapp3.1\xunittestproject.dll" id="da0fbf47-7a8c-b3ea-d30a-c0e3a737ca5d">
      <Execution id="57e555f5-e735-43a7-944c-e732239305ff" />
      <TestMethod codeBase="C:\Projekty\xUnitTestProject\bin\Debug\netcoreapp3.1\xUnitTestProject.dll" adapterTypeName="executor://xunit/VsTestRunner2/netcoreapp" className="xUnitTestProject.CurrencyHelperTests" name="FormatToStringTest1000" />
    </UnitTest>
    <UnitTest name="xUnitTestProject.CurrencyHelperTests.FormatToStringTest1000(price: 78519.41691976106, expected: &quot;78519.42 zł&quot;)" storage="c:\projekty\xunittestproject\bin\debug\netcoreapp3.1\xunittestproject.dll" id="ab648c32-5363-622c-e305-880f5c60d7ae">
      <Execution id="ef202f8f-8fec-417e-9b61-3c7bf32b574c" />
      <TestMethod codeBase="C:\Projekty\xUnitTestProject\bin\Debug\netcoreapp3.1\xUnitTestProject.dll" adapterTypeName="executor://xunit/VsTestRunner2/netcoreapp" className="xUnitTestProject.CurrencyHelperTests" name="FormatToStringTest1000" />
    </UnitTest>
    <UnitTest name="xUnitTestProject.CurrencyHelperTests.FormatToStringTest1000(price: 55457.96873490278, expected: &quot;55457.97 zł&quot;)" storage="c:\projekty\xunittestproject\bin\debug\netcoreapp3.1\xunittestproject.dll" id="adafe729-87a5-6f47-8e2f-84195056d442">
      <Execution id="a3136ea3-31ac-42b4-8e04-0431ec3e197a" />
      <TestMethod codeBase="C:\Projekty\xUnitTestProject\bin\Debug\netcoreapp3.1\xUnitTestProject.dll" adapterTypeName="executor://xunit/VsTestRunner2/netcoreapp" className="xUnitTestProject.CurrencyHelperTests" name="FormatToStringTest1000" />
    </UnitTest>
    <UnitTest name="xUnitTestProject.CurrencyHelperTests.FormatToStringTest1000(price: 4525.609305084501, expected: &quot;4525.61 zł&quot;)" storage="c:\projekty\xunittestproject\bin\debug\netcoreapp3.1\xunittestproject.dll" id="2a1ae3da-2a49-9688-92eb-6a1bc6d0cf01">
      <Execution id="389efbe2-cc38-42ca-b7f0-d2190283e5bd" />
      <TestMethod codeBase="C:\Projekty\xUnitTestProject\bin\Debug\netcoreapp3.1\xUnitTestProject.dll" adapterTypeName="executor://xunit/VsTestRunner2/netcoreapp" className="xUnitTestProject.CurrencyHelperTests" name="FormatToStringTest1000" />
    </UnitTest>
    <UnitTest name="xUnitTestProject.CurrencyHelperTests.FormatToStringTest1000(price: 5957.42161879941, expected: &quot;5957.42 zł&quot;)" storage="c:\projekty\xunittestproject\bin\debug\netcoreapp3.1\xunittestproject.dll" id="38b02068-987c-3dd3-28cd-9a07df85e95b">
      <Execution id="e60e7326-d421-4c6d-a6da-6c382761c135" />
      <TestMethod codeBase="C:\Projekty\xUnitTestProject\bin\Debug\netcoreapp3.1\xUnitTestProject.dll" adapterTypeName="executor://xunit/VsTestRunner2/netcoreapp" className="xUnitTestProject.CurrencyHelperTests" name="FormatToStringTest1000" />
    </UnitTest>
    <UnitTest name="xUnitTestProject.CurrencyHelperTests.FormatToStringTest1000(price: 37614.50159416278, expected: &quot;37614.50 zł&quot;)" storage="c:\projekty\xunittestproject\bin\debug\netcoreapp3.1\xunittestproject.dll" id="5b76fee7-881d-69f4-bb6e-50523ab527c9">
      <Execution id="88f34ab6-87ff-49e2-8ad6-f306d53359bf" />
      <TestMethod codeBase="C:\Projekty\xUnitTestProject\bin\Debug\netcoreapp3.1\xUnitTestProject.dll" adapterTypeName="executor://xunit/VsTestRunner2/netcoreapp" className="xUnitTestProject.CurrencyHelperTests" name="FormatToStringTest1000" />
    </UnitTest>
    <UnitTest name="xUnitTestProject.CurrencyHelperTests.FormatToStringTest1000(price: 28455.229970996843, expected: &quot;28455.23 zł&quot;)" storage="c:\projekty\xunittestproject\bin\debug\netcoreapp3.1\xunittestproject.dll" id="cd41d103-9666-3d37-803b-9b59446c01c4">
      <Execution id="7d52828a-2641-42e1-b604-e15f90e53e2d" />
      <TestMethod codeBase="C:\Projekty\xUnitTestProject\bin\Debug\netcoreapp3.1\xUnitTestProject.dll" adapterTypeName="executor://xunit/VsTestRunner2/netcoreapp" className="xUnitTestProject.CurrencyHelperTests" name="FormatToStringTest1000" />
    </UnitTest>
    <UnitTest name="xUnitTestProject.CurrencyHelperTests.FormatToStringTest1000(price: 44499.288016808816, expected: &quot;44499.29 zł&quot;)" storage="c:\projekty\xunittestproject\bin\debug\netcoreapp3.1\xunittestproject.dll" id="0eee54e7-397f-944e-60ad-576b256307cf">
      <Execution id="7c69c6c0-f55b-43e0-b9e2-8e03949a0900" />
      <TestMethod codeBase="C:\Projekty\xUnitTestProject\bin\Debug\netcoreapp3.1\xUnitTestProject.dll" adapterTypeName="executor://xunit/VsTestRunner2/netcoreapp" className="xUnitTestProject.CurrencyHelperTests" name="FormatToStringTest1000" />
    </UnitTest>
    <UnitTest name="xUnitTestProject.CurrencyHelperTests.FormatToStringTest1000(price: 2292.8331871111104, expected: &quot;2292.83 zł&quot;)" storage="c:\projekty\xunittestproject\bin\debug\netcoreapp3.1\xunittestproject.dll" id="a90d1942-15f1-e50c-e63d-254e34e99bf5">
      <Execution id="4ad98721-3831-4787-8499-823f371fb163" />
      <TestMethod codeBase="C:\Projekty\xUnitTestProject\bin\Debug\netcoreapp3.1\xUnitTestProject.dll" adapterTypeName="executor://xunit/VsTestRunner2/netcoreapp" className="xUnitTestProject.CurrencyHelperTests" name="FormatToStringTest1000" />
    </UnitTest>
    <UnitTest name="xUnitTestProject.CurrencyHelperTests.FormatToStringTest1000(price: 6676.5680544784145, expected: &quot;6676.57 zł&quot;)" storage="c:\projekty\xunittestproject\bin\debug\netcoreapp3.1\xunittestproject.dll" id="31700bf4-6510-c80b-a8c1-214e5c472432">
      <Execution id="424aba56-da99-4891-ab66-1e9374950aa6" />
      <TestMethod codeBase="C:\Projekty\xUnitTestProject\bin\Debug\netcoreapp3.1\xUnitTestProject.dll" adapterTypeName="executor://xunit/VsTestRunner2/netcoreapp" className="xUnitTestProject.CurrencyHelperTests" name="FormatToStringTest1000" />
    </UnitTest>
    <UnitTest name="xUnitTestProject.CurrencyHelperTests.FormatToStringTest1000(price: 26015.8311952552, expected: &quot;26015.83 zł&quot;)" storage="c:\projekty\xunittestproject\bin\debug\netcoreapp3.1\xunittestproject.dll" id="4fc181f0-ada2-9ab6-d52d-1988c5ebde7a">
      <Execution id="b61f5f8c-341b-4684-8f4b-f8950cf2d70d" />
      <TestMethod codeBase="C:\Projekty\xUnitTestProject\bin\Debug\netcoreapp3.1\xUnitTestProject.dll" adapterTypeName="executor://xunit/VsTestRunner2/netcoreapp" className="xUnitTestProject.CurrencyHelperTests" name="FormatToStringTest1000" />
    </UnitTest>
    <UnitTest name="xUnitTestProject.CurrencyHelperTests.FormatToStringTest1000(price: 16388.556189478633, expected: &quot;16388.56 zł&quot;)" storage="c:\projekty\xunittestproject\bin\debug\netcoreapp3.1\xunittestproject.dll" id="dbe8f5eb-581b-1146-9a97-1f79fbc0650a">
      <Execution id="0079a216-f5d9-43c8-bdfd-ede3b6ef1ae5" />
      <TestMethod codeBase="C:\Projekty\xUnitTestProject\bin\Debug\netcoreapp3.1\xUnitTestProject.dll" adapterTypeName="executor://xunit/VsTestRunner2/netcoreapp" className="xUnitTestProject.CurrencyHelperTests" name="FormatToStringTest1000" />
    </UnitTest>
    <UnitTest name="xUnitTestProject.CurrencyHelperTests.FormatToStringTest1000(price: 20640.678251201603, expected: &quot;20640.68 zł&quot;)" storage="c:\projekty\xunittestproject\bin\debug\netcoreapp3.1\xunittestproject.dll" id="244b13a7-ff72-5a50-f054-4ff8ceb0d499">
      <Execution id="d8b19f5a-43c3-49ec-b591-a867af2152e3" />
      <TestMethod codeBase="C:\Projekty\xUnitTestProject\bin\Debug\netcoreapp3.1\xUnitTestProject.dll" adapterTypeName="executor://xunit/VsTestRunner2/netcoreapp" className="xUnitTestProject.CurrencyHelperTests" name="FormatToStringTest1000" />
    </UnitTest>
    <UnitTest name="xUnitTestProject.CurrencyHelperTests.FormatToStringTest1000(price: 3270.482477338743, expected: &quot;3270.48 zł&quot;)" storage="c:\projekty\xunittestproject\bin\debug\netcoreapp3.1\xunittestproject.dll" id="c25f3e77-3d72-0513-001e-286d17e294f3">
      <Execution id="c7ed5a85-3d57-4ba6-b47f-062ab1059406" />
      <TestMethod codeBase="C:\Projekty\xUnitTestProject\bin\Debug\netcoreapp3.1\xUnitTestProject.dll" adapterTypeName="executor://xunit/VsTestRunner2/netcoreapp" className="xUnitTestProject.CurrencyHelperTests" name="FormatToStringTest1000" />
    </UnitTest>
    <UnitTest name="xUnitTestProject.CurrencyHelperTests.FormatToStringTest1000(price: 30383.303633991305, expected: &quot;30383.30 zł&quot;)" storage="c:\projekty\xunittestproject\bin\debug\netcoreapp3.1\xunittestproject.dll" id="324dfaf0-1df1-16d9-feec-f79f54001411">
      <Execution id="d0788b47-9713-43bb-8c2b-528698d2fdf8" />
      <TestMethod codeBase="C:\Projekty\xUnitTestProject\bin\Debug\netcoreapp3.1\xUnitTestProject.dll" adapterTypeName="executor://xunit/VsTestRunner2/netcoreapp" className="xUnitTestProject.CurrencyHelperTests" name="FormatToStringTest1000" />
    </UnitTest>
    <UnitTest name="xUnitTestProject.CurrencyHelperTests.FormatToStringTest1000(price: 16416.109736457518, expected: &quot;16416.11 zł&quot;)" storage="c:\projekty\xunittestproject\bin\debug\netcoreapp3.1\xunittestproject.dll" id="954162af-ab17-e8a9-4ff5-8c9d29069f15">
      <Execution id="3aa84ede-9e4d-4a13-babb-d458f626b053" />
      <TestMethod codeBase="C:\Projekty\xUnitTestProject\bin\Debug\netcoreapp3.1\xUnitTestProject.dll" adapterTypeName="executor://xunit/VsTestRunner2/netcoreapp" className="xUnitTestProject.CurrencyHelperTests" name="FormatToStringTest1000" />
    </UnitTest>
    <UnitTest name="xUnitTestProject.CurrencyHelperTests.FormatToStringTest1000(price: 19933.78650940945, expected: &quot;19933.79 zł&quot;)" storage="c:\projekty\xunittestproject\bin\debug\netcoreapp3.1\xunittestproject.dll" id="b8c9a81a-11ec-9afa-2e32-5c4408d66f0a">
      <Execution id="736b1f1b-ca8e-43b5-936a-8b07e3e3dd2d" />
      <TestMethod codeBase="C:\Projekty\xUnitTestProject\bin\Debug\netcoreapp3.1\xUnitTestProject.dll" adapterTypeName="executor://xunit/VsTestRunner2/netcoreapp" className="xUnitTestProject.CurrencyHelperTests" name="FormatToStringTest1000" />
    </UnitTest>
    <UnitTest name="xUnitTestProject.CurrencyHelperTests.FormatToStringTest1000(price: 45299.778512198376, expected: &quot;45299.78 zł&quot;)" storage="c:\projekty\xunittestproject\bin\debug\netcoreapp3.1\xunittestproject.dll" id="ada84f96-628a-be69-4c85-60683def0842">
      <Execution id="416b0aea-b729-4ec8-bd21-deb03c07c25d" />
      <TestMethod codeBase="C:\Projekty\xUnitTestProject\bin\Debug\netcoreapp3.1\xUnitTestProject.dll" adapterTypeName="executor://xunit/VsTestRunner2/netcoreapp" className="xUnitTestProject.CurrencyHelperTests" name="FormatToStringTest1000" />
    </UnitTest>
    <UnitTest name="xUnitTestProject.CurrencyHelperTests.FormatToStringTest1000(price: 1328.353302088265, expected: &quot;1328.35 zł&quot;)" storage="c:\projekty\xunittestproject\bin\debug\netcoreapp3.1\xunittestproject.dll" id="015022db-d96e-2b60-5477-1c6f1fa9a487">
      <Execution id="7fa59d2f-f8e4-4743-9325-e2369a46fc49" />
      <TestMethod codeBase="C:\Projekty\xUnitTestProject\bin\Debug\netcoreapp3.1\xUnitTestProject.dll" adapterTypeName="executor://xunit/VsTestRunner2/netcoreapp" className="xUnitTestProject.CurrencyHelperTests" name="FormatToStringTest1000" />
    </UnitTest>
    <UnitTest name="xUnitTestProject.CurrencyHelperTests.FormatToStringTest1000(price: 23684.695462791573, expected: &quot;23684.70 zł&quot;)" storage="c:\projekty\xunittestproject\bin\debug\netcoreapp3.1\xunittestproject.dll" id="23aaa466-cf05-d364-17da-f1d2a5004cf2">
      <Execution id="e7e003a0-a84e-4cb8-9d7a-079e4898c7ec" />
      <TestMethod codeBase="C:\Projekty\xUnitTestProject\bin\Debug\netcoreapp3.1\xUnitTestProject.dll" adapterTypeName="executor://xunit/VsTestRunner2/netcoreapp" className="xUnitTestProject.CurrencyHelperTests" name="FormatToStringTest1000" />
    </UnitTest>
    <UnitTest name="xUnitTestProject.CurrencyHelperTests.FormatToStringTest1000(price: 30722.846572104303, expected: &quot;30722.85 zł&quot;)" storage="c:\projekty\xunittestproject\bin\debug\netcoreapp3.1\xunittestproject.dll" id="c24ecee8-9b5d-eb63-8afc-f2b0a38b7a72">
      <Execution id="7a8cc79b-fec4-4fcf-9252-dd72f93e8c36" />
      <TestMethod codeBase="C:\Projekty\xUnitTestProject\bin\Debug\netcoreapp3.1\xUnitTestProject.dll" adapterTypeName="executor://xunit/VsTestRunner2/netcoreapp" className="xUnitTestProject.CurrencyHelperTests" name="FormatToStringTest1000" />
    </UnitTest>
    <UnitTest name="xUnitTestProject.CurrencyHelperTests.FormatToStringTest1000(price: 22330.217605518745, expected: &quot;22330.22 zł&quot;)" storage="c:\projekty\xunittestproject\bin\debug\netcoreapp3.1\xunittestproject.dll" id="1dbf06ec-4cde-4ef3-de39-b5efb671422f">
      <Execution id="7e841c78-2163-4212-a864-68b935bde89d" />
      <TestMethod codeBase="C:\Projekty\xUnitTestProject\bin\Debug\netcoreapp3.1\xUnitTestProject.dll" adapterTypeName="executor://xunit/VsTestRunner2/netcoreapp" className="xUnitTestProject.CurrencyHelperTests" name="FormatToStringTest1000" />
    </UnitTest>
    <UnitTest name="xUnitTestProject.CurrencyHelperTests.FormatToStringTest1000(price: 59247.898931587064, expected: &quot;59247.90 zł&quot;)" storage="c:\projekty\xunittestproject\bin\debug\netcoreapp3.1\xunittestproject.dll" id="731a3faa-831a-30a7-eac4-75c26e15a8d7">
      <Execution id="fd2dd61e-4fee-4e49-a337-0e4e101d351e" />
      <TestMethod codeBase="C:\Projekty\xUnitTestProject\bin\Debug\netcoreapp3.1\xUnitTestProject.dll" adapterTypeName="executor://xunit/VsTestRunner2/netcoreapp" className="xUnitTestProject.CurrencyHelperTests" name="FormatToStringTest1000" />
    </UnitTest>
    <UnitTest name="xUnitTestProject.CurrencyHelperTests.FormatToStringTest1000(price: 10762.501695533518, expected: &quot;10762.50 zł&quot;)" storage="c:\projekty\xunittestproject\bin\debug\netcoreapp3.1\xunittestproject.dll" id="632872cf-9e7c-9970-9f88-5a4077b29ff5">
      <Execution id="daeb4a03-6dfb-43ce-bbd6-ee748bc2bdbf" />
      <TestMethod codeBase="C:\Projekty\xUnitTestProject\bin\Debug\netcoreapp3.1\xUnitTestProject.dll" adapterTypeName="executor://xunit/VsTestRunner2/netcoreapp" className="xUnitTestProject.CurrencyHelperTests" name="FormatToStringTest1000" />
    </UnitTest>
    <UnitTest name="xUnitTestProject.CurrencyHelperTests.FormatToStringTest1000(price: 29678.921519093645, expected: &quot;29678.92 zł&quot;)" storage="c:\projekty\xunittestproject\bin\debug\netcoreapp3.1\xunittestproject.dll" id="f6807856-920c-b4f6-bd05-450a0bb2d3bd">
      <Execution id="7b9a3b34-a05c-4332-b015-f9e06ca9e53d" />
      <TestMethod codeBase="C:\Projekty\xUnitTestProject\bin\Debug\netcoreapp3.1\xUnitTestProject.dll" adapterTypeName="executor://xunit/VsTestRunner2/netcoreapp" className="xUnitTestProject.CurrencyHelperTests" name="FormatToStringTest1000" />
    </UnitTest>
    <UnitTest name="xUnitTestProject.CurrencyHelperTests.FormatToStringTest1000(price: 17835.54606576988, expected: &quot;17835.55 zł&quot;)" storage="c:\projekty\xunittestproject\bin\debug\netcoreapp3.1\xunittestproject.dll" id="40049265-1e97-9ed6-58fa-5d084054c7cc">
      <Execution id="ee508a90-605c-41c6-8567-30a199e56b0b" />
      <TestMethod codeBase="C:\Projekty\xUnitTestProject\bin\Debug\netcoreapp3.1\xUnitTestProject.dll" adapterTypeName="executor://xunit/VsTestRunner2/netcoreapp" className="xUnitTestProject.CurrencyHelperTests" name="FormatToStringTest1000" />
    </UnitTest>
    <UnitTest name="xUnitTestProject.CurrencyHelperTests.FormatToStringTest1000(price: 7119.076353227755, expected: &quot;7119.08 zł&quot;)" storage="c:\projekty\xunittestproject\bin\debug\netcoreapp3.1\xunittestproject.dll" id="bcd74692-fcc7-2c4c-b52b-85aae8ab43ad">
      <Execution id="54f381d1-5e8b-42a0-854f-60bf4800bea7" />
      <TestMethod codeBase="C:\Projekty\xUnitTestProject\bin\Debug\netcoreapp3.1\xUnitTestProject.dll" adapterTypeName="executor://xunit/VsTestRunner2/netcoreapp" className="xUnitTestProject.CurrencyHelperTests" name="FormatToStringTest1000" />
    </UnitTest>
    <UnitTest name="xUnitTestProject.CurrencyHelperTests.FormatToStringTest1000(price: 19541.10539777116, expected: &quot;19541.11 zł&quot;)" storage="c:\projekty\xunittestproject\bin\debug\netcoreapp3.1\xunittestproject.dll" id="534fc948-8601-de40-7f94-04ae4333536f">
      <Execution id="c808fe5a-7eee-40ba-80de-0ba0c0218d19" />
      <TestMethod codeBase="C:\Projekty\xUnitTestProject\bin\Debug\netcoreapp3.1\xUnitTestProject.dll" adapterTypeName="executor://xunit/VsTestRunner2/netcoreapp" className="xUnitTestProject.CurrencyHelperTests" name="FormatToStringTest1000" />
    </UnitTest>
    <UnitTest name="xUnitTestProject.CurrencyHelperTests.FormatToStringTest1000(price: 25288.32036814574, expected: &quot;25288.32 zł&quot;)" storage="c:\projekty\xunittestproject\bin\debug\netcoreapp3.1\xunittestproject.dll" id="5b94edbf-3c78-7105-4ec5-f34d39e55c58">
      <Execution id="27cac2eb-9c8a-41bc-a9f8-3fba81fe2e29" />
      <TestMethod codeBase="C:\Projekty\xUnitTestProject\bin\Debug\netcoreapp3.1\xUnitTestProject.dll" adapterTypeName="executor://xunit/VsTestRunner2/netcoreapp" className="xUnitTestProject.CurrencyHelperTests" name="FormatToStringTest1000" />
    </UnitTest>
    <UnitTest name="xUnitTestProject.CurrencyHelperTests.FormatToStringTest1000(price: 22494.46807976834, expected: &quot;22494.47 zł&quot;)" storage="c:\projekty\xunittestproject\bin\debug\netcoreapp3.1\xunittestproject.dll" id="3b87d198-4b64-d5ab-66c4-ae53f55f5bdf">
      <Execution id="122df151-4bc7-409d-b019-0caeadf7523c" />
      <TestMethod codeBase="C:\Projekty\xUnitTestProject\bin\Debug\netcoreapp3.1\xUnitTestProject.dll" adapterTypeName="executor://xunit/VsTestRunner2/netcoreapp" className="xUnitTestProject.CurrencyHelperTests" name="FormatToStringTest1000" />
    </UnitTest>
    <UnitTest name="xUnitTestProject.CurrencyHelperTests.FormatToStringTest1000(price: 6170.939441211959, expected: &quot;6170.94 zł&quot;)" storage="c:\projekty\xunittestproject\bin\debug\netcoreapp3.1\xunittestproject.dll" id="e6f6cc53-8c3a-da20-bc77-8b2d112d8374">
      <Execution id="97f648d7-dec4-475e-b309-839b1d6906c1" />
      <TestMethod codeBase="C:\Projekty\xUnitTestProject\bin\Debug\netcoreapp3.1\xUnitTestProject.dll" adapterTypeName="executor://xunit/VsTestRunner2/netcoreapp" className="xUnitTestProject.CurrencyHelperTests" name="FormatToStringTest1000" />
    </UnitTest>
    <UnitTest name="xUnitTestProject.CurrencyHelperTests.FormatToStringTest1000(price: 7004.710832051798, expected: &quot;7004.71 zł&quot;)" storage="c:\projekty\xunittestproject\bin\debug\netcoreapp3.1\xunittestproject.dll" id="7d53e462-1288-fbb2-1f6d-75cbd2a2eb44">
      <Execution id="78677b28-15fd-49fc-8690-a822d7bc2807" />
      <TestMethod codeBase="C:\Projekty\xUnitTestProject\bin\Debug\netcoreapp3.1\xUnitTestProject.dll" adapterTypeName="executor://xunit/VsTestRunner2/netcoreapp" className="xUnitTestProject.CurrencyHelperTests" name="FormatToStringTest1000" />
    </UnitTest>
    <UnitTest name="xUnitTestProject.CurrencyHelperTests.FormatToStringTest1000(price: 88489.14069749469, expected: &quot;88489.14 zł&quot;)" storage="c:\projekty\xunittestproject\bin\debug\netcoreapp3.1\xunittestproject.dll" id="537f8fc0-34c4-479b-bc61-34b31d069aae">
      <Execution id="af0d326b-e8f2-48c7-bea4-48c040f6799b" />
      <TestMethod codeBase="C:\Projekty\xUnitTestProject\bin\Debug\netcoreapp3.1\xUnitTestProject.dll" adapterTypeName="executor://xunit/VsTestRunner2/netcoreapp" className="xUnitTestProject.CurrencyHelperTests" name="FormatToStringTest1000" />
    </UnitTest>
    <UnitTest name="xUnitTestProject.CurrencyHelperTests.FormatToStringTest1000(price: 54088.326214851964, expected: &quot;54088.33 zł&quot;)" storage="c:\projekty\xunittestproject\bin\debug\netcoreapp3.1\xunittestproject.dll" id="5554cc9d-410c-0a03-5c37-393e64fd2d26">
      <Execution id="7e535f8e-2720-40ab-85c6-b76e43ddbd4f" />
      <TestMethod codeBase="C:\Projekty\xUnitTestProject\bin\Debug\netcoreapp3.1\xUnitTestProject.dll" adapterTypeName="executor://xunit/VsTestRunner2/netcoreapp" className="xUnitTestProject.CurrencyHelperTests" name="FormatToStringTest1000" />
    </UnitTest>
    <UnitTest name="xUnitTestProject.CurrencyHelperTests.FormatToStringTest1000(price: 740.3213011405064, expected: &quot;740.32 zł&quot;)" storage="c:\projekty\xunittestproject\bin\debug\netcoreapp3.1\xunittestproject.dll" id="b59817a2-024b-f794-3f46-68714948a01a">
      <Execution id="1098650c-7d0b-4319-84d9-466bef7fa112" />
      <TestMethod codeBase="C:\Projekty\xUnitTestProject\bin\Debug\netcoreapp3.1\xUnitTestProject.dll" adapterTypeName="executor://xunit/VsTestRunner2/netcoreapp" className="xUnitTestProject.CurrencyHelperTests" name="FormatToStringTest1000" />
    </UnitTest>
    <UnitTest name="xUnitTestProject.CurrencyHelperTests.FormatToStringTest1000(price: 3043.6828298227315, expected: &quot;3043.68 zł&quot;)" storage="c:\projekty\xunittestproject\bin\debug\netcoreapp3.1\xunittestproject.dll" id="1d4cd445-caf0-beba-56bf-67413439f9ab">
      <Execution id="cd412a3b-917b-45a2-b91d-34f897caa6d3" />
      <TestMethod codeBase="C:\Projekty\xUnitTestProject\bin\Debug\netcoreapp3.1\xUnitTestProject.dll" adapterTypeName="executor://xunit/VsTestRunner2/netcoreapp" className="xUnitTestProject.CurrencyHelperTests" name="FormatToStringTest1000" />
    </UnitTest>
    <UnitTest name="xUnitTestProject.CurrencyHelperTests.FormatToStringTest1000(price: 9068.70019550468, expected: &quot;9068.70 zł&quot;)" storage="c:\projekty\xunittestproject\bin\debug\netcoreapp3.1\xunittestproject.dll" id="0e441c44-ccc7-5318-d743-a0646c26f920">
      <Execution id="170b3715-366a-4bb2-925a-00f21c8a9cab" />
      <TestMethod codeBase="C:\Projekty\xUnitTestProject\bin\Debug\netcoreapp3.1\xUnitTestProject.dll" adapterTypeName="executor://xunit/VsTestRunner2/netcoreapp" className="xUnitTestProject.CurrencyHelperTests" name="FormatToStringTest1000" />
    </UnitTest>
    <UnitTest name="xUnitTestProject.CurrencyHelperTests.FormatToStringTest1000(price: 57671.67669738675, expected: &quot;57671.68 zł&quot;)" storage="c:\projekty\xunittestproject\bin\debug\netcoreapp3.1\xunittestproject.dll" id="fe5f39e6-4cd0-a90c-3fd0-4ec94c3771bb">
      <Execution id="26d1fa14-3b3a-412c-b72c-4236ab34d989" />
      <TestMethod codeBase="C:\Projekty\xUnitTestProject\bin\Debug\netcoreapp3.1\xUnitTestProject.dll" adapterTypeName="executor://xunit/VsTestRunner2/netcoreapp" className="xUnitTestProject.CurrencyHelperTests" name="FormatToStringTest1000" />
    </UnitTest>
    <UnitTest name="xUnitTestProject.CurrencyHelperTests.FormatToStringTest1000(price: 23612.114499758984, expected: &quot;23612.11 zł&quot;)" storage="c:\projekty\xunittestproject\bin\debug\netcoreapp3.1\xunittestproject.dll" id="bc83fa3c-576f-30a6-fe1b-a25c896763ba">
      <Execution id="3d282718-4eb6-4893-b518-e64353798dd7" />
      <TestMethod codeBase="C:\Projekty\xUnitTestProject\bin\Debug\netcoreapp3.1\xUnitTestProject.dll" adapterTypeName="executor://xunit/VsTestRunner2/netcoreapp" className="xUnitTestProject.CurrencyHelperTests" name="FormatToStringTest1000" />
    </UnitTest>
    <UnitTest name="xUnitTestProject.CurrencyHelperTests.FormatToStringTest1000(price: 151.50737175275916, expected: &quot;151.51 zł&quot;)" storage="c:\projekty\xunittestproject\bin\debug\netcoreapp3.1\xunittestproject.dll" id="d30d3b94-edb3-8c77-afa5-d7e300714162">
      <Execution id="c2f18d09-cbda-4eb0-837d-6c28d325d08a" />
      <TestMethod codeBase="C:\Projekty\xUnitTestProject\bin\Debug\netcoreapp3.1\xUnitTestProject.dll" adapterTypeName="executor://xunit/VsTestRunner2/netcoreapp" className="xUnitTestProject.CurrencyHelperTests" name="FormatToStringTest1000" />
    </UnitTest>
    <UnitTest name="xUnitTestProject.CurrencyHelperTests.FormatToStringTest1000(price: 30499.08272379734, expected: &quot;30499.08 zł&quot;)" storage="c:\projekty\xunittestproject\bin\debug\netcoreapp3.1\xunittestproject.dll" id="89c1bc9c-fd1f-546d-3081-e1943d5ea5fd">
      <Execution id="9e210d8f-61aa-4376-9546-37d212dc1e07" />
      <TestMethod codeBase="C:\Projekty\xUnitTestProject\bin\Debug\netcoreapp3.1\xUnitTestProject.dll" adapterTypeName="executor://xunit/VsTestRunner2/netcoreapp" className="xUnitTestProject.CurrencyHelperTests" name="FormatToStringTest1000" />
    </UnitTest>
    <UnitTest name="xUnitTestProject.CurrencyHelperTests.FormatToStringTest1000(price: 59283.7670322637, expected: &quot;59283.77 zł&quot;)" storage="c:\projekty\xunittestproject\bin\debug\netcoreapp3.1\xunittestproject.dll" id="86b56171-19f4-76a4-c109-8879ac5bbbd7">
      <Execution id="9ec2019a-32a3-437b-ae11-b4d6caf5664c" />
      <TestMethod codeBase="C:\Projekty\xUnitTestProject\bin\Debug\netcoreapp3.1\xUnitTestProject.dll" adapterTypeName="executor://xunit/VsTestRunner2/netcoreapp" className="xUnitTestProject.CurrencyHelperTests" name="FormatToStringTest1000" />
    </UnitTest>
    <UnitTest name="xUnitTestProject.CurrencyHelperTests.FormatToStringTest1000(price: 34458.5406463512, expected: &quot;34458.54 zł&quot;)" storage="c:\projekty\xunittestproject\bin\debug\netcoreapp3.1\xunittestproject.dll" id="5fe9c184-b316-2ed8-da8c-d7dc0b588adb">
      <Execution id="4a7a2ec0-88d5-4b40-bbfb-3413f3aa6723" />
      <TestMethod codeBase="C:\Projekty\xUnitTestProject\bin\Debug\netcoreapp3.1\xUnitTestProject.dll" adapterTypeName="executor://xunit/VsTestRunner2/netcoreapp" className="xUnitTestProject.CurrencyHelperTests" name="FormatToStringTest1000" />
    </UnitTest>
    <UnitTest name="xUnitTestProject.CurrencyHelperTests.FormatToStringTest1000(price: 6035.818653228608, expected: &quot;6035.82 zł&quot;)" storage="c:\projekty\xunittestproject\bin\debug\netcoreapp3.1\xunittestproject.dll" id="bac2e760-c57c-379d-cca8-5272b1f0e7e5">
      <Execution id="d8f3a185-1c41-4c27-8788-f4eb14023535" />
      <TestMethod codeBase="C:\Projekty\xUnitTestProject\bin\Debug\netcoreapp3.1\xUnitTestProject.dll" adapterTypeName="executor://xunit/VsTestRunner2/netcoreapp" className="xUnitTestProject.CurrencyHelperTests" name="FormatToStringTest1000" />
    </UnitTest>
    <UnitTest name="xUnitTestProject.CurrencyHelperTests.FormatToStringTest1000(price: 5810.695934967462, expected: &quot;5810.70 zł&quot;)" storage="c:\projekty\xunittestproject\bin\debug\netcoreapp3.1\xunittestproject.dll" id="d6ef55e8-c5e6-5de1-49ad-15c2ce305191">
      <Execution id="01ff42be-1db0-4898-8108-06676236f0d4" />
      <TestMethod codeBase="C:\Projekty\xUnitTestProject\bin\Debug\netcoreapp3.1\xUnitTestProject.dll" adapterTypeName="executor://xunit/VsTestRunner2/netcoreapp" className="xUnitTestProject.CurrencyHelperTests" name="FormatToStringTest1000" />
    </UnitTest>
    <UnitTest name="xUnitTestProject.CurrencyHelperTests.FormatToStringTest1000(price: 24768.25771770359, expected: &quot;24768.26 zł&quot;)" storage="c:\projekty\xunittestproject\bin\debug\netcoreapp3.1\xunittestproject.dll" id="9391af43-2aec-63c3-c456-eaf3d57ab573">
      <Execution id="4b782b6c-1c84-42ef-bb07-ca76881e887e" />
      <TestMethod codeBase="C:\Projekty\xUnitTestProject\bin\Debug\netcoreapp3.1\xUnitTestProject.dll" adapterTypeName="executor://xunit/VsTestRunner2/netcoreapp" className="xUnitTestProject.CurrencyHelperTests" name="FormatToStringTest1000" />
    </UnitTest>
    <UnitTest name="xUnitTestProject.CurrencyHelperTests.FormatToStringTest1000(price: 36893.66238331593, expected: &quot;36893.66 zł&quot;)" storage="c:\projekty\xunittestproject\bin\debug\netcoreapp3.1\xunittestproject.dll" id="e6ca1d81-dcf2-fd0d-938d-c5551a71b09d">
      <Execution id="ce1fc7f4-0df8-4008-a382-99ede92c5d08" />
      <TestMethod codeBase="C:\Projekty\xUnitTestProject\bin\Debug\netcoreapp3.1\xUnitTestProject.dll" adapterTypeName="executor://xunit/VsTestRunner2/netcoreapp" className="xUnitTestProject.CurrencyHelperTests" name="FormatToStringTest1000" />
    </UnitTest>
    <UnitTest name="xUnitTestProject.CurrencyHelperTests.FormatToStringTest1000(price: 2339.5873176472205, expected: &quot;2339.59 zł&quot;)" storage="c:\projekty\xunittestproject\bin\debug\netcoreapp3.1\xunittestproject.dll" id="97d8215e-c1fc-21f7-065d-165363a0a007">
      <Execution id="80603ac3-99c0-424b-9b18-fc4c41e1fd03" />
      <TestMethod codeBase="C:\Projekty\xUnitTestProject\bin\Debug\netcoreapp3.1\xUnitTestProject.dll" adapterTypeName="executor://xunit/VsTestRunner2/netcoreapp" className="xUnitTestProject.CurrencyHelperTests" name="FormatToStringTest1000" />
    </UnitTest>
    <UnitTest name="xUnitTestProject.CurrencyHelperTests.FormatToStringTest1000(price: 7569.605888796322, expected: &quot;7569.61 zł&quot;)" storage="c:\projekty\xunittestproject\bin\debug\netcoreapp3.1\xunittestproject.dll" id="95df1eac-f3bd-b207-f98c-5233af246763">
      <Execution id="ef894b5a-4de1-4297-83b9-6b7a491cfcec" />
      <TestMethod codeBase="C:\Projekty\xUnitTestProject\bin\Debug\netcoreapp3.1\xUnitTestProject.dll" adapterTypeName="executor://xunit/VsTestRunner2/netcoreapp" className="xUnitTestProject.CurrencyHelperTests" name="FormatToStringTest1000" />
    </UnitTest>
    <UnitTest name="xUnitTestProject.CurrencyHelperTests.FormatToStringTest1000(price: 28033.439084134738, expected: &quot;28033.44 zł&quot;)" storage="c:\projekty\xunittestproject\bin\debug\netcoreapp3.1\xunittestproject.dll" id="05d28227-9bee-a7ac-5d44-a19da1f5106c">
      <Execution id="52b21ea6-6bb0-41ce-b41a-166b23345ecd" />
      <TestMethod codeBase="C:\Projekty\xUnitTestProject\bin\Debug\netcoreapp3.1\xUnitTestProject.dll" adapterTypeName="executor://xunit/VsTestRunner2/netcoreapp" className="xUnitTestProject.CurrencyHelperTests" name="FormatToStringTest1000" />
    </UnitTest>
    <UnitTest name="xUnitTestProject.CurrencyHelperTests.FormatToStringTest1000(price: 15520.346099893259, expected: &quot;15520.35 zł&quot;)" storage="c:\projekty\xunittestproject\bin\debug\netcoreapp3.1\xunittestproject.dll" id="3e5b1b26-ce6a-72cd-5d99-1c229fd90703">
      <Execution id="2190cd36-e2a0-4956-bf23-ca305633df12" />
      <TestMethod codeBase="C:\Projekty\xUnitTestProject\bin\Debug\netcoreapp3.1\xUnitTestProject.dll" adapterTypeName="executor://xunit/VsTestRunner2/netcoreapp" className="xUnitTestProject.CurrencyHelperTests" name="FormatToStringTest1000" />
    </UnitTest>
    <UnitTest name="xUnitTestProject.CurrencyHelperTests.FormatToStringTest1000(price: 4139.032615562451, expected: &quot;4139.03 zł&quot;)" storage="c:\projekty\xunittestproject\bin\debug\netcoreapp3.1\xunittestproject.dll" id="0095ae63-2136-ec44-562f-f92a8a9ed8f7">
      <Execution id="74573026-9ba0-4126-9e0a-33ddcbadb047" />
      <TestMethod codeBase="C:\Projekty\xUnitTestProject\bin\Debug\netcoreapp3.1\xUnitTestProject.dll" adapterTypeName="executor://xunit/VsTestRunner2/netcoreapp" className="xUnitTestProject.CurrencyHelperTests" name="FormatToStringTest1000" />
    </UnitTest>
    <UnitTest name="xUnitTestProject.CurrencyHelperTests.FormatToStringTest1000(price: 15907.394871033446, expected: &quot;15907.39 zł&quot;)" storage="c:\projekty\xunittestproject\bin\debug\netcoreapp3.1\xunittestproject.dll" id="4308f885-151f-014b-166d-40692645a73a">
      <Execution id="d7f17834-1a51-484b-8e5f-18cad0f5c08a" />
      <TestMethod codeBase="C:\Projekty\xUnitTestProject\bin\Debug\netcoreapp3.1\xUnitTestProject.dll" adapterTypeName="executor://xunit/VsTestRunner2/netcoreapp" className="xUnitTestProject.CurrencyHelperTests" name="FormatToStringTest1000" />
    </UnitTest>
    <UnitTest name="xUnitTestProject.CurrencyHelperTests.FormatToStringTest1000(price: 71554.9786298829, expected: &quot;71554.98 zł&quot;)" storage="c:\projekty\xunittestproject\bin\debug\netcoreapp3.1\xunittestproject.dll" id="422cd58a-1607-1b98-484d-a3568b92bd13">
      <Execution id="5929904c-0d7a-4cf8-bbc1-e3fcf6fedbc5" />
      <TestMethod codeBase="C:\Projekty\xUnitTestProject\bin\Debug\netcoreapp3.1\xUnitTestProject.dll" adapterTypeName="executor://xunit/VsTestRunner2/netcoreapp" className="xUnitTestProject.CurrencyHelperTests" name="FormatToStringTest1000" />
    </UnitTest>
    <UnitTest name="xUnitTestProject.CurrencyHelperTests.FormatToStringTest1000(price: 30138.55109863102, expected: &quot;30138.55 zł&quot;)" storage="c:\projekty\xunittestproject\bin\debug\netcoreapp3.1\xunittestproject.dll" id="0a2dd6c8-dd3b-c34c-d236-39c95cee3b33">
      <Execution id="5f707f9b-8759-4852-ab9a-ad505704d0c4" />
      <TestMethod codeBase="C:\Projekty\xUnitTestProject\bin\Debug\netcoreapp3.1\xUnitTestProject.dll" adapterTypeName="executor://xunit/VsTestRunner2/netcoreapp" className="xUnitTestProject.CurrencyHelperTests" name="FormatToStringTest1000" />
    </UnitTest>
    <UnitTest name="xUnitTestProject.CurrencyHelperTests.FormatToStringTest1000(price: 51632.87002968503, expected: &quot;51632.87 zł&quot;)" storage="c:\projekty\xunittestproject\bin\debug\netcoreapp3.1\xunittestproject.dll" id="017ca1fc-bbca-8181-b3ea-3373763e884b">
      <Execution id="d622adb1-d036-4bff-ba3a-216345599c0f" />
      <TestMethod codeBase="C:\Projekty\xUnitTestProject\bin\Debug\netcoreapp3.1\xUnitTestProject.dll" adapterTypeName="executor://xunit/VsTestRunner2/netcoreapp" className="xUnitTestProject.CurrencyHelperTests" name="FormatToStringTest1000" />
    </UnitTest>
    <UnitTest name="xUnitTestProject.CurrencyHelperTests.FormatToStringTest1000(price: 12610.563163818122, expected: &quot;12610.56 zł&quot;)" storage="c:\projekty\xunittestproject\bin\debug\netcoreapp3.1\xunittestproject.dll" id="744b047e-9ee3-164d-c478-0183e3fd850c">
      <Execution id="8daf78ac-bb11-4022-b43d-fc3fda7d0e79" />
      <TestMethod codeBase="C:\Projekty\xUnitTestProject\bin\Debug\netcoreapp3.1\xUnitTestProject.dll" adapterTypeName="executor://xunit/VsTestRunner2/netcoreapp" className="xUnitTestProject.CurrencyHelperTests" name="FormatToStringTest1000" />
    </UnitTest>
    <UnitTest name="xUnitTestProject.CurrencyHelperTests.FormatToStringTest1000(price: 23282.56178903047, expected: &quot;23282.56 zł&quot;)" storage="c:\projekty\xunittestproject\bin\debug\netcoreapp3.1\xunittestproject.dll" id="e905c24a-e819-fe18-0852-b70c2080c17c">
      <Execution id="a39857aa-e408-404c-8a40-3010f6ae3a99" />
      <TestMethod codeBase="C:\Projekty\xUnitTestProject\bin\Debug\netcoreapp3.1\xUnitTestProject.dll" adapterTypeName="executor://xunit/VsTestRunner2/netcoreapp" className="xUnitTestProject.CurrencyHelperTests" name="FormatToStringTest1000" />
    </UnitTest>
    <UnitTest name="xUnitTestProject.CurrencyHelperTests.FormatToStringTest1000(price: 68011.49219071423, expected: &quot;68011.49 zł&quot;)" storage="c:\projekty\xunittestproject\bin\debug\netcoreapp3.1\xunittestproject.dll" id="d39c6f9f-bd62-16f2-5a23-b15da9df82dd">
      <Execution id="323393fc-8324-4d30-8aad-11a1576d4d0e" />
      <TestMethod codeBase="C:\Projekty\xUnitTestProject\bin\Debug\netcoreapp3.1\xUnitTestProject.dll" adapterTypeName="executor://xunit/VsTestRunner2/netcoreapp" className="xUnitTestProject.CurrencyHelperTests" name="FormatToStringTest1000" />
    </UnitTest>
    <UnitTest name="xUnitTestProject.CurrencyHelperTests.FormatToStringTest1000(price: 1228.101744225296, expected: &quot;1228.10 zł&quot;)" storage="c:\projekty\xunittestproject\bin\debug\netcoreapp3.1\xunittestproject.dll" id="27c9de3f-c624-ee93-069f-2072d9c30f0a">
      <Execution id="e0372b80-e69a-417f-a2c7-7037cf83bec4" />
      <TestMethod codeBase="C:\Projekty\xUnitTestProject\bin\Debug\netcoreapp3.1\xUnitTestProject.dll" adapterTypeName="executor://xunit/VsTestRunner2/netcoreapp" className="xUnitTestProject.CurrencyHelperTests" name="FormatToStringTest1000" />
    </UnitTest>
    <UnitTest name="xUnitTestProject.CurrencyHelperTests.FormatToStringTest1000(price: 57809.74722876295, expected: &quot;57809.75 zł&quot;)" storage="c:\projekty\xunittestproject\bin\debug\netcoreapp3.1\xunittestproject.dll" id="1dbbe335-bc13-7d9d-496f-d39e25173610">
      <Execution id="83b1da27-7a51-45ac-b34b-7839f89afeec" />
      <TestMethod codeBase="C:\Projekty\xUnitTestProject\bin\Debug\netcoreapp3.1\xUnitTestProject.dll" adapterTypeName="executor://xunit/VsTestRunner2/netcoreapp" className="xUnitTestProject.CurrencyHelperTests" name="FormatToStringTest1000" />
    </UnitTest>
    <UnitTest name="xUnitTestProject.CurrencyHelperTests.FormatToStringTest1000(price: 35714.78133482243, expected: &quot;35714.78 zł&quot;)" storage="c:\projekty\xunittestproject\bin\debug\netcoreapp3.1\xunittestproject.dll" id="9af1084a-697b-14e3-b169-a799a0af5e73">
      <Execution id="c9382e26-7aa2-4778-ad9e-a64f9bd5f0db" />
      <TestMethod codeBase="C:\Projekty\xUnitTestProject\bin\Debug\netcoreapp3.1\xUnitTestProject.dll" adapterTypeName="executor://xunit/VsTestRunner2/netcoreapp" className="xUnitTestProject.CurrencyHelperTests" name="FormatToStringTest1000" />
    </UnitTest>
    <UnitTest name="xUnitTestProject.CurrencyHelperTests.FormatToStringTest1000(price: 20497.107923553376, expected: &quot;20497.11 zł&quot;)" storage="c:\projekty\xunittestproject\bin\debug\netcoreapp3.1\xunittestproject.dll" id="dbf6f9ae-d4e2-c907-2228-ff1a571678a6">
      <Execution id="5e019b12-45ee-4337-b220-58bf1a1bb32f" />
      <TestMethod codeBase="C:\Projekty\xUnitTestProject\bin\Debug\netcoreapp3.1\xUnitTestProject.dll" adapterTypeName="executor://xunit/VsTestRunner2/netcoreapp" className="xUnitTestProject.CurrencyHelperTests" name="FormatToStringTest1000" />
    </UnitTest>
    <UnitTest name="xUnitTestProject.CurrencyHelperTests.FormatToStringTest1000(price: 29539.32303995328, expected: &quot;29539.32 zł&quot;)" storage="c:\projekty\xunittestproject\bin\debug\netcoreapp3.1\xunittestproject.dll" id="90e736db-bebc-59eb-dcfd-94a08c26727f">
      <Execution id="ed797e4f-c467-4851-88fe-f159eb661c31" />
      <TestMethod codeBase="C:\Projekty\xUnitTestProject\bin\Debug\netcoreapp3.1\xUnitTestProject.dll" adapterTypeName="executor://xunit/VsTestRunner2/netcoreapp" className="xUnitTestProject.CurrencyHelperTests" name="FormatToStringTest1000" />
    </UnitTest>
    <UnitTest name="xUnitTestProject.CurrencyHelperTests.FormatToStringTest1000(price: 26843.15785584932, expected: &quot;26843.16 zł&quot;)" storage="c:\projekty\xunittestproject\bin\debug\netcoreapp3.1\xunittestproject.dll" id="6c2df068-e073-781f-ed58-d73445937e1f">
      <Execution id="3910b78c-1507-4c38-8de6-7438e941ec9c" />
      <TestMethod codeBase="C:\Projekty\xUnitTestProject\bin\Debug\netcoreapp3.1\xUnitTestProject.dll" adapterTypeName="executor://xunit/VsTestRunner2/netcoreapp" className="xUnitTestProject.CurrencyHelperTests" name="FormatToStringTest1000" />
    </UnitTest>
    <UnitTest name="xUnitTestProject.CurrencyHelperTests.FormatToStringTest1000(price: 3694.480496819355, expected: &quot;3694.48 zł&quot;)" storage="c:\projekty\xunittestproject\bin\debug\netcoreapp3.1\xunittestproject.dll" id="34bdc501-b6be-65bd-2c54-6d143c30390e">
      <Execution id="65bf4bb2-5c7c-47e2-88dd-b7e57b946589" />
      <TestMethod codeBase="C:\Projekty\xUnitTestProject\bin\Debug\netcoreapp3.1\xUnitTestProject.dll" adapterTypeName="executor://xunit/VsTestRunner2/netcoreapp" className="xUnitTestProject.CurrencyHelperTests" name="FormatToStringTest1000" />
    </UnitTest>
    <UnitTest name="xUnitTestProject.CurrencyHelperTests.FormatToStringTest1000(price: 46391.661094229516, expected: &quot;46391.66 zł&quot;)" storage="c:\projekty\xunittestproject\bin\debug\netcoreapp3.1\xunittestproject.dll" id="4637cc44-56b0-2010-e4d2-4d7d6320ef09">
      <Execution id="7501899e-e8a0-42ea-bcd6-cd4c4a5cc62c" />
      <TestMethod codeBase="C:\Projekty\xUnitTestProject\bin\Debug\netcoreapp3.1\xUnitTestProject.dll" adapterTypeName="executor://xunit/VsTestRunner2/netcoreapp" className="xUnitTestProject.CurrencyHelperTests" name="FormatToStringTest1000" />
    </UnitTest>
    <UnitTest name="xUnitTestProject.CurrencyHelperTests.FormatToStringTest1000(price: 63507.32603545455, expected: &quot;63507.33 zł&quot;)" storage="c:\projekty\xunittestproject\bin\debug\netcoreapp3.1\xunittestproject.dll" id="6127c2a7-0d58-b2ca-c80b-3d883558c1c7">
      <Execution id="624db128-d8ad-482d-b624-f5540df8d306" />
      <TestMethod codeBase="C:\Projekty\xUnitTestProject\bin\Debug\netcoreapp3.1\xUnitTestProject.dll" adapterTypeName="executor://xunit/VsTestRunner2/netcoreapp" className="xUnitTestProject.CurrencyHelperTests" name="FormatToStringTest1000" />
    </UnitTest>
    <UnitTest name="xUnitTestProject.CurrencyHelperTests.FormatToStringTest1000(price: 60299.23738666309, expected: &quot;60299.24 zł&quot;)" storage="c:\projekty\xunittestproject\bin\debug\netcoreapp3.1\xunittestproject.dll" id="ba6a31a5-f6b4-cabf-4787-f1e219c63249">
      <Execution id="2b10751d-1c83-44a3-b812-23fd317aedc8" />
      <TestMethod codeBase="C:\Projekty\xUnitTestProject\bin\Debug\netcoreapp3.1\xUnitTestProject.dll" adapterTypeName="executor://xunit/VsTestRunner2/netcoreapp" className="xUnitTestProject.CurrencyHelperTests" name="FormatToStringTest1000" />
    </UnitTest>
    <UnitTest name="xUnitTestProject.CurrencyHelperTests.FormatToStringTest1000(price: 63427.55325689332, expected: &quot;63427.55 zł&quot;)" storage="c:\projekty\xunittestproject\bin\debug\netcoreapp3.1\xunittestproject.dll" id="65d35c13-0e19-06e3-2b90-fbf07f6234bd">
      <Execution id="7f5b600e-93bc-4639-8f13-0f3d69b177e2" />
      <TestMethod codeBase="C:\Projekty\xUnitTestProject\bin\Debug\netcoreapp3.1\xUnitTestProject.dll" adapterTypeName="executor://xunit/VsTestRunner2/netcoreapp" className="xUnitTestProject.CurrencyHelperTests" name="FormatToStringTest1000" />
    </UnitTest>
    <UnitTest name="xUnitTestProject.CurrencyHelperTests.FormatToStringTest1000(price: 4121.116360678857, expected: &quot;4121.12 zł&quot;)" storage="c:\projekty\xunittestproject\bin\debug\netcoreapp3.1\xunittestproject.dll" id="c0741e8d-b0f9-ca5e-e02e-02960c9e164f">
      <Execution id="d5d8587c-a2df-46eb-8546-a1c74dfabb1e" />
      <TestMethod codeBase="C:\Projekty\xUnitTestProject\bin\Debug\netcoreapp3.1\xUnitTestProject.dll" adapterTypeName="executor://xunit/VsTestRunner2/netcoreapp" className="xUnitTestProject.CurrencyHelperTests" name="FormatToStringTest1000" />
    </UnitTest>
    <UnitTest name="xUnitTestProject.CurrencyHelperTests.FormatToStringTest1000(price: 22592.465903659566, expected: &quot;22592.47 zł&quot;)" storage="c:\projekty\xunittestproject\bin\debug\netcoreapp3.1\xunittestproject.dll" id="ae407fd6-e927-5656-0ce5-4192f5da53cb">
      <Execution id="7943b2c9-bba2-4218-8fca-14099c1af484" />
      <TestMethod codeBase="C:\Projekty\xUnitTestProject\bin\Debug\netcoreapp3.1\xUnitTestProject.dll" adapterTypeName="executor://xunit/VsTestRunner2/netcoreapp" className="xUnitTestProject.CurrencyHelperTests" name="FormatToStringTest1000" />
    </UnitTest>
    <UnitTest name="xUnitTestProject.CurrencyHelperTests.FormatToStringTest1000(price: 40400.9734049295, expected: &quot;40400.97 zł&quot;)" storage="c:\projekty\xunittestproject\bin\debug\netcoreapp3.1\xunittestproject.dll" id="dbb67156-6168-60a5-400a-6afe6eb000f2">
      <Execution id="612ebed8-788d-48a0-ba9e-3f0f5ce636f1" />
      <TestMethod codeBase="C:\Projekty\xUnitTestProject\bin\Debug\netcoreapp3.1\xUnitTestProject.dll" adapterTypeName="executor://xunit/VsTestRunner2/netcoreapp" className="xUnitTestProject.CurrencyHelperTests" name="FormatToStringTest1000" />
    </UnitTest>
    <UnitTest name="xUnitTestProject.CurrencyHelperTests.FormatToStringTest1000(price: 26529.10838037036, expected: &quot;26529.11 zł&quot;)" storage="c:\projekty\xunittestproject\bin\debug\netcoreapp3.1\xunittestproject.dll" id="f2358686-aae0-414b-7a27-d43a959b03da">
      <Execution id="1b84f82c-46b8-4b61-bdd7-43f00097f6a7" />
      <TestMethod codeBase="C:\Projekty\xUnitTestProject\bin\Debug\netcoreapp3.1\xUnitTestProject.dll" adapterTypeName="executor://xunit/VsTestRunner2/netcoreapp" className="xUnitTestProject.CurrencyHelperTests" name="FormatToStringTest1000" />
    </UnitTest>
    <UnitTest name="xUnitTestProject.CurrencyHelperTests.FormatToStringTest1000(price: 5840.747097845071, expected: &quot;5840.75 zł&quot;)" storage="c:\projekty\xunittestproject\bin\debug\netcoreapp3.1\xunittestproject.dll" id="4d20e584-0f2f-1ed1-3ddf-7516456e8aa4">
      <Execution id="a210a902-bc27-4b9b-80c5-3de53339a718" />
      <TestMethod codeBase="C:\Projekty\xUnitTestProject\bin\Debug\netcoreapp3.1\xUnitTestProject.dll" adapterTypeName="executor://xunit/VsTestRunner2/netcoreapp" className="xUnitTestProject.CurrencyHelperTests" name="FormatToStringTest1000" />
    </UnitTest>
    <UnitTest name="xUnitTestProject.CurrencyHelperTests.FormatToStringTest1000(price: 13455.521105358153, expected: &quot;13455.52 zł&quot;)" storage="c:\projekty\xunittestproject\bin\debug\netcoreapp3.1\xunittestproject.dll" id="87f6b537-303b-ee32-7ebc-e34863879e5b">
      <Execution id="73f9b9e1-c765-412d-a4e7-2c48e6af0d94" />
      <TestMethod codeBase="C:\Projekty\xUnitTestProject\bin\Debug\netcoreapp3.1\xUnitTestProject.dll" adapterTypeName="executor://xunit/VsTestRunner2/netcoreapp" className="xUnitTestProject.CurrencyHelperTests" name="FormatToStringTest1000" />
    </UnitTest>
    <UnitTest name="xUnitTestProject.CurrencyHelperTests.FormatToStringTest1000(price: 395.45790295882983, expected: &quot;395.46 zł&quot;)" storage="c:\projekty\xunittestproject\bin\debug\netcoreapp3.1\xunittestproject.dll" id="9f159054-0ade-aabd-0878-ac1771f3fda6">
      <Execution id="fea55779-9e18-4721-a2ba-3350d6b0c3f4" />
      <TestMethod codeBase="C:\Projekty\xUnitTestProject\bin\Debug\netcoreapp3.1\xUnitTestProject.dll" adapterTypeName="executor://xunit/VsTestRunner2/netcoreapp" className="xUnitTestProject.CurrencyHelperTests" name="FormatToStringTest1000" />
    </UnitTest>
    <UnitTest name="xUnitTestProject.CurrencyHelperTests.FormatToStringTest1000(price: 27506.397047390416, expected: &quot;27506.40 zł&quot;)" storage="c:\projekty\xunittestproject\bin\debug\netcoreapp3.1\xunittestproject.dll" id="0010af2c-264b-9fa0-ca85-4bef95661f34">
      <Execution id="7e084446-c66f-4c4e-af0d-601a9dfa8434" />
      <TestMethod codeBase="C:\Projekty\xUnitTestProject\bin\Debug\netcoreapp3.1\xUnitTestProject.dll" adapterTypeName="executor://xunit/VsTestRunner2/netcoreapp" className="xUnitTestProject.CurrencyHelperTests" name="FormatToStringTest1000" />
    </UnitTest>
    <UnitTest name="xUnitTestProject.CurrencyHelperTests.FormatToStringTest1000(price: 15411.371650797022, expected: &quot;15411.37 zł&quot;)" storage="c:\projekty\xunittestproject\bin\debug\netcoreapp3.1\xunittestproject.dll" id="8a9d7602-dc5d-c902-e8f4-8ad4401141f1">
      <Execution id="2aa3ca49-e56a-408e-9482-5aa7235d2877" />
      <TestMethod codeBase="C:\Projekty\xUnitTestProject\bin\Debug\netcoreapp3.1\xUnitTestProject.dll" adapterTypeName="executor://xunit/VsTestRunner2/netcoreapp" className="xUnitTestProject.CurrencyHelperTests" name="FormatToStringTest1000" />
    </UnitTest>
    <UnitTest name="xUnitTestProject.CurrencyHelperTests.FormatToStringTest1000(price: 24030.724859085738, expected: &quot;24030.72 zł&quot;)" storage="c:\projekty\xunittestproject\bin\debug\netcoreapp3.1\xunittestproject.dll" id="4a32286d-4292-da18-0868-eb2a25ef068a">
      <Execution id="0d0c6922-8f90-4876-bdae-f074267f1228" />
      <TestMethod codeBase="C:\Projekty\xUnitTestProject\bin\Debug\netcoreapp3.1\xUnitTestProject.dll" adapterTypeName="executor://xunit/VsTestRunner2/netcoreapp" className="xUnitTestProject.CurrencyHelperTests" name="FormatToStringTest1000" />
    </UnitTest>
    <UnitTest name="xUnitTestProject.CurrencyHelperTests.FormatToStringTest1000(price: 5591.2222540617095, expected: &quot;5591.22 zł&quot;)" storage="c:\projekty\xunittestproject\bin\debug\netcoreapp3.1\xunittestproject.dll" id="bafd99e7-ca41-5985-0fa2-b8c4e8f1fc8c">
      <Execution id="7a0cedc4-4de3-42c0-8206-8c9a31dfecd0" />
      <TestMethod codeBase="C:\Projekty\xUnitTestProject\bin\Debug\netcoreapp3.1\xUnitTestProject.dll" adapterTypeName="executor://xunit/VsTestRunner2/netcoreapp" className="xUnitTestProject.CurrencyHelperTests" name="FormatToStringTest1000" />
    </UnitTest>
    <UnitTest name="xUnitTestProject.CurrencyHelperTests.FormatToStringTest1000(price: 2216.881526520886, expected: &quot;2216.88 zł&quot;)" storage="c:\projekty\xunittestproject\bin\debug\netcoreapp3.1\xunittestproject.dll" id="0740431b-2d5c-94f4-7631-d3fb545f47f1">
      <Execution id="968f8797-b08d-475a-932b-2dd09be5ecc7" />
      <TestMethod codeBase="C:\Projekty\xUnitTestProject\bin\Debug\netcoreapp3.1\xUnitTestProject.dll" adapterTypeName="executor://xunit/VsTestRunner2/netcoreapp" className="xUnitTestProject.CurrencyHelperTests" name="FormatToStringTest1000" />
    </UnitTest>
    <UnitTest name="xUnitTestProject.CurrencyHelperTests.FormatToStringTest1000(price: 1130.8119115372242, expected: &quot;1130.81 zł&quot;)" storage="c:\projekty\xunittestproject\bin\debug\netcoreapp3.1\xunittestproject.dll" id="61863f63-9d64-1d88-3d10-ad0f63ed338b">
      <Execution id="2fd2034a-2dd2-48c6-bb89-bb808736a5df" />
      <TestMethod codeBase="C:\Projekty\xUnitTestProject\bin\Debug\netcoreapp3.1\xUnitTestProject.dll" adapterTypeName="executor://xunit/VsTestRunner2/netcoreapp" className="xUnitTestProject.CurrencyHelperTests" name="FormatToStringTest1000" />
    </UnitTest>
    <UnitTest name="xUnitTestProject.CurrencyHelperTests.FormatToStringTest1000(price: 45445.182098106096, expected: &quot;45445.18 zł&quot;)" storage="c:\projekty\xunittestproject\bin\debug\netcoreapp3.1\xunittestproject.dll" id="a5e0b38b-1cb1-a5af-a5f1-f247fd82227e">
      <Execution id="247dc05c-67b0-4f24-b1c9-9bb2c38eaf70" />
      <TestMethod codeBase="C:\Projekty\xUnitTestProject\bin\Debug\netcoreapp3.1\xUnitTestProject.dll" adapterTypeName="executor://xunit/VsTestRunner2/netcoreapp" className="xUnitTestProject.CurrencyHelperTests" name="FormatToStringTest1000" />
    </UnitTest>
    <UnitTest name="xUnitTestProject.CurrencyHelperTests.FormatToStringTest1000(price: 10534.184353995222, expected: &quot;10534.18 zł&quot;)" storage="c:\projekty\xunittestproject\bin\debug\netcoreapp3.1\xunittestproject.dll" id="076b3f7c-bfd3-700c-3093-f885fe165b03">
      <Execution id="859e06f5-0402-4d09-b993-552a04322cfb" />
      <TestMethod codeBase="C:\Projekty\xUnitTestProject\bin\Debug\netcoreapp3.1\xUnitTestProject.dll" adapterTypeName="executor://xunit/VsTestRunner2/netcoreapp" className="xUnitTestProject.CurrencyHelperTests" name="FormatToStringTest1000" />
    </UnitTest>
    <UnitTest name="xUnitTestProject.CurrencyHelperTests.FormatToStringTest1000(price: 30111.54342534372, expected: &quot;30111.54 zł&quot;)" storage="c:\projekty\xunittestproject\bin\debug\netcoreapp3.1\xunittestproject.dll" id="61cb44e8-f4b9-17e3-5cff-1fc9b36625bf">
      <Execution id="f143e8f7-48ae-4438-9f47-a8f8e5647d4f" />
      <TestMethod codeBase="C:\Projekty\xUnitTestProject\bin\Debug\netcoreapp3.1\xUnitTestProject.dll" adapterTypeName="executor://xunit/VsTestRunner2/netcoreapp" className="xUnitTestProject.CurrencyHelperTests" name="FormatToStringTest1000" />
    </UnitTest>
    <UnitTest name="xUnitTestProject.CurrencyHelperTests.FormatToStringTest1000(price: 60323.066780431225, expected: &quot;60323.07 zł&quot;)" storage="c:\projekty\xunittestproject\bin\debug\netcoreapp3.1\xunittestproject.dll" id="80972e1e-3ff9-bf5c-296f-71aecb5aa2ee">
      <Execution id="1ba1cf6f-96ab-4137-b02e-1f2b6f54ae81" />
      <TestMethod codeBase="C:\Projekty\xUnitTestProject\bin\Debug\netcoreapp3.1\xUnitTestProject.dll" adapterTypeName="executor://xunit/VsTestRunner2/netcoreapp" className="xUnitTestProject.CurrencyHelperTests" name="FormatToStringTest1000" />
    </UnitTest>
    <UnitTest name="xUnitTestProject.CurrencyHelperTests.FormatToStringTest1000(price: 2390.7596313784643, expected: &quot;2390.76 zł&quot;)" storage="c:\projekty\xunittestproject\bin\debug\netcoreapp3.1\xunittestproject.dll" id="4858eca7-ac2a-e51a-34d1-70891bbff583">
      <Execution id="a7300cdd-8685-4a3d-a97b-12fb6a51b797" />
      <TestMethod codeBase="C:\Projekty\xUnitTestProject\bin\Debug\netcoreapp3.1\xUnitTestProject.dll" adapterTypeName="executor://xunit/VsTestRunner2/netcoreapp" className="xUnitTestProject.CurrencyHelperTests" name="FormatToStringTest1000" />
    </UnitTest>
    <UnitTest name="xUnitTestProject.CurrencyHelperTests.FormatToStringTest1000(price: 39146.635743126564, expected: &quot;39146.64 zł&quot;)" storage="c:\projekty\xunittestproject\bin\debug\netcoreapp3.1\xunittestproject.dll" id="77cb819c-64b0-1e13-63d3-0049263e7e77">
      <Execution id="ec0f5786-6a5a-472d-a71d-b3538e75b640" />
      <TestMethod codeBase="C:\Projekty\xUnitTestProject\bin\Debug\netcoreapp3.1\xUnitTestProject.dll" adapterTypeName="executor://xunit/VsTestRunner2/netcoreapp" className="xUnitTestProject.CurrencyHelperTests" name="FormatToStringTest1000" />
    </UnitTest>
    <UnitTest name="xUnitTestProject.CurrencyHelperTests.FormatToStringTest1000(price: 57181.240528605056, expected: &quot;57181.24 zł&quot;)" storage="c:\projekty\xunittestproject\bin\debug\netcoreapp3.1\xunittestproject.dll" id="2c083ad7-fea5-5b33-ddd6-bb2be00bd90c">
      <Execution id="e4ac1999-feb1-4f9f-90f8-a2cb9cdd5673" />
      <TestMethod codeBase="C:\Projekty\xUnitTestProject\bin\Debug\netcoreapp3.1\xUnitTestProject.dll" adapterTypeName="executor://xunit/VsTestRunner2/netcoreapp" className="xUnitTestProject.CurrencyHelperTests" name="FormatToStringTest1000" />
    </UnitTest>
    <UnitTest name="xUnitTestProject.CurrencyHelperTests.FormatToStringTest1000(price: 9843.625240445894, expected: &quot;9843.63 zł&quot;)" storage="c:\projekty\xunittestproject\bin\debug\netcoreapp3.1\xunittestproject.dll" id="f45cbb0f-431c-8958-4b27-e85aa47cbe41">
      <Execution id="7e09cffd-3f95-4b11-939d-580e98581f3d" />
      <TestMethod codeBase="C:\Projekty\xUnitTestProject\bin\Debug\netcoreapp3.1\xUnitTestProject.dll" adapterTypeName="executor://xunit/VsTestRunner2/netcoreapp" className="xUnitTestProject.CurrencyHelperTests" name="FormatToStringTest1000" />
    </UnitTest>
    <UnitTest name="xUnitTestProject.CurrencyHelperTests.FormatToStringTest1000(price: 20146.183073329827, expected: &quot;20146.18 zł&quot;)" storage="c:\projekty\xunittestproject\bin\debug\netcoreapp3.1\xunittestproject.dll" id="c61ee3ae-8895-24a4-03be-5c9acbad429f">
      <Execution id="dfef67cf-690a-4d71-a6b8-166434d7a9e8" />
      <TestMethod codeBase="C:\Projekty\xUnitTestProject\bin\Debug\netcoreapp3.1\xUnitTestProject.dll" adapterTypeName="executor://xunit/VsTestRunner2/netcoreapp" className="xUnitTestProject.CurrencyHelperTests" name="FormatToStringTest1000" />
    </UnitTest>
    <UnitTest name="xUnitTestProject.CurrencyHelperTests.FormatToStringTest1000(price: 58902.704109088845, expected: &quot;58902.70 zł&quot;)" storage="c:\projekty\xunittestproject\bin\debug\netcoreapp3.1\xunittestproject.dll" id="e457ba43-5ec8-2ef9-9f16-d8e65791d46d">
      <Execution id="9814a4b8-c6d9-4526-8af8-de5717f8b3bc" />
      <TestMethod codeBase="C:\Projekty\xUnitTestProject\bin\Debug\netcoreapp3.1\xUnitTestProject.dll" adapterTypeName="executor://xunit/VsTestRunner2/netcoreapp" className="xUnitTestProject.CurrencyHelperTests" name="FormatToStringTest1000" />
    </UnitTest>
    <UnitTest name="xUnitTestProject.CurrencyHelperTests.FormatToStringTest1000(price: 32812.53695512634, expected: &quot;32812.54 zł&quot;)" storage="c:\projekty\xunittestproject\bin\debug\netcoreapp3.1\xunittestproject.dll" id="c5891e20-1607-2f4b-ec62-b83eb87653c6">
      <Execution id="e36468f1-5028-4456-9139-6f33c3ccba49" />
      <TestMethod codeBase="C:\Projekty\xUnitTestProject\bin\Debug\netcoreapp3.1\xUnitTestProject.dll" adapterTypeName="executor://xunit/VsTestRunner2/netcoreapp" className="xUnitTestProject.CurrencyHelperTests" name="FormatToStringTest1000" />
    </UnitTest>
    <UnitTest name="xUnitTestProject.CurrencyHelperTests.FormatToStringTest1000(price: 6105.007054037418, expected: &quot;6105.01 zł&quot;)" storage="c:\projekty\xunittestproject\bin\debug\netcoreapp3.1\xunittestproject.dll" id="c303e402-0edb-f6ba-e4af-33ac122437de">
      <Execution id="0f4ec70a-6a20-4746-8ffa-8ba0edcca6e0" />
      <TestMethod codeBase="C:\Projekty\xUnitTestProject\bin\Debug\netcoreapp3.1\xUnitTestProject.dll" adapterTypeName="executor://xunit/VsTestRunner2/netcoreapp" className="xUnitTestProject.CurrencyHelperTests" name="FormatToStringTest1000" />
    </UnitTest>
    <UnitTest name="xUnitTestProject.CurrencyHelperTests.FormatToStringTest1000(price: 20344.185360967265, expected: &quot;20344.19 zł&quot;)" storage="c:\projekty\xunittestproject\bin\debug\netcoreapp3.1\xunittestproject.dll" id="8b7f95f5-c5ec-10c0-26ff-eb4390bba1ee">
      <Execution id="9a221e2c-b7ea-45dd-b700-a2004d3b6194" />
      <TestMethod codeBase="C:\Projekty\xUnitTestProject\bin\Debug\netcoreapp3.1\xUnitTestProject.dll" adapterTypeName="executor://xunit/VsTestRunner2/netcoreapp" className="xUnitTestProject.CurrencyHelperTests" name="FormatToStringTest1000" />
    </UnitTest>
    <UnitTest name="xUnitTestProject.CurrencyHelperTests.FormatToStringTest1000(price: 7124.979180760672, expected: &quot;7124.98 zł&quot;)" storage="c:\projekty\xunittestproject\bin\debug\netcoreapp3.1\xunittestproject.dll" id="843293b0-7cce-f386-da63-2fb428fb7828">
      <Execution id="8df11bd3-9531-458b-8093-ab1226fadd3f" />
      <TestMethod codeBase="C:\Projekty\xUnitTestProject\bin\Debug\netcoreapp3.1\xUnitTestProject.dll" adapterTypeName="executor://xunit/VsTestRunner2/netcoreapp" className="xUnitTestProject.CurrencyHelperTests" name="FormatToStringTest1000" />
    </UnitTest>
    <UnitTest name="xUnitTestProject.CurrencyHelperTests.FormatToStringTest1000(price: 57713.01647853712, expected: &quot;57713.02 zł&quot;)" storage="c:\projekty\xunittestproject\bin\debug\netcoreapp3.1\xunittestproject.dll" id="f15540c1-ce27-2f60-c3f9-161af09be8cd">
      <Execution id="d56e4da1-15cc-4991-b8c6-37378bfaa5ae" />
      <TestMethod codeBase="C:\Projekty\xUnitTestProject\bin\Debug\netcoreapp3.1\xUnitTestProject.dll" adapterTypeName="executor://xunit/VsTestRunner2/netcoreapp" className="xUnitTestProject.CurrencyHelperTests" name="FormatToStringTest1000" />
    </UnitTest>
    <UnitTest name="xUnitTestProject.CurrencyHelperTests.FormatToStringTest1000(price: 22604.838218828587, expected: &quot;22604.84 zł&quot;)" storage="c:\projekty\xunittestproject\bin\debug\netcoreapp3.1\xunittestproject.dll" id="79a853ed-d140-e6d5-86c3-6423b904d524">
      <Execution id="92c37778-4ecd-43c9-aff1-a340751a653d" />
      <TestMethod codeBase="C:\Projekty\xUnitTestProject\bin\Debug\netcoreapp3.1\xUnitTestProject.dll" adapterTypeName="executor://xunit/VsTestRunner2/netcoreapp" className="xUnitTestProject.CurrencyHelperTests" name="FormatToStringTest1000" />
    </UnitTest>
    <UnitTest name="xUnitTestProject.CurrencyHelperTests.FormatToStringTest1000(price: 95071.15957335343, expected: &quot;95071.16 zł&quot;)" storage="c:\projekty\xunittestproject\bin\debug\netcoreapp3.1\xunittestproject.dll" id="93fd2413-8c9b-cb53-924a-b9c4b432d82a">
      <Execution id="166421b9-3098-4dde-9db3-e3c0d51eb0d2" />
      <TestMethod codeBase="C:\Projekty\xUnitTestProject\bin\Debug\netcoreapp3.1\xUnitTestProject.dll" adapterTypeName="executor://xunit/VsTestRunner2/netcoreapp" className="xUnitTestProject.CurrencyHelperTests" name="FormatToStringTest1000" />
    </UnitTest>
    <UnitTest name="xUnitTestProject.CurrencyHelperTests.FormatToStringTest1000(price: 9657.360676611475, expected: &quot;9657.36 zł&quot;)" storage="c:\projekty\xunittestproject\bin\debug\netcoreapp3.1\xunittestproject.dll" id="4167d107-473f-7d0a-c3aa-2c271677cfd1">
      <Execution id="39626cd6-5cb1-48c8-a6a1-2236eaff1df3" />
      <TestMethod codeBase="C:\Projekty\xUnitTestProject\bin\Debug\netcoreapp3.1\xUnitTestProject.dll" adapterTypeName="executor://xunit/VsTestRunner2/netcoreapp" className="xUnitTestProject.CurrencyHelperTests" name="FormatToStringTest1000" />
    </UnitTest>
    <UnitTest name="xUnitTestProject.CurrencyHelperTests.FormatToStringTest1000(price: 26223.99769144412, expected: &quot;26224.00 zł&quot;)" storage="c:\projekty\xunittestproject\bin\debug\netcoreapp3.1\xunittestproject.dll" id="d543b1fe-0034-e565-eca0-f9a5d2d12bdc">
      <Execution id="a977a13b-0343-41cf-ada5-d9c773fa7532" />
      <TestMethod codeBase="C:\Projekty\xUnitTestProject\bin\Debug\netcoreapp3.1\xUnitTestProject.dll" adapterTypeName="executor://xunit/VsTestRunner2/netcoreapp" className="xUnitTestProject.CurrencyHelperTests" name="FormatToStringTest1000" />
    </UnitTest>
    <UnitTest name="xUnitTestProject.CurrencyHelperTests.FormatToStringTest1000(price: 20244.692955315437, expected: &quot;20244.69 zł&quot;)" storage="c:\projekty\xunittestproject\bin\debug\netcoreapp3.1\xunittestproject.dll" id="3d1af355-28e7-625e-59fd-fe5da700f0dc">
      <Execution id="c9dccb7c-a10c-43ed-9cb3-2443aab6d704" />
      <TestMethod codeBase="C:\Projekty\xUnitTestProject\bin\Debug\netcoreapp3.1\xUnitTestProject.dll" adapterTypeName="executor://xunit/VsTestRunner2/netcoreapp" className="xUnitTestProject.CurrencyHelperTests" name="FormatToStringTest1000" />
    </UnitTest>
    <UnitTest name="xUnitTestProject.CurrencyHelperTests.FormatToStringTest1000(price: 31622.81414407809, expected: &quot;31622.81 zł&quot;)" storage="c:\projekty\xunittestproject\bin\debug\netcoreapp3.1\xunittestproject.dll" id="55a64d0e-8de2-b5b6-7b28-338aaabcb504">
      <Execution id="4571c2b0-0737-4e0e-8709-32c17b72719e" />
      <TestMethod codeBase="C:\Projekty\xUnitTestProject\bin\Debug\netcoreapp3.1\xUnitTestProject.dll" adapterTypeName="executor://xunit/VsTestRunner2/netcoreapp" className="xUnitTestProject.CurrencyHelperTests" name="FormatToStringTest1000" />
    </UnitTest>
    <UnitTest name="xUnitTestProject.CurrencyHelperTests.FormatToStringTest1000(price: 9994.9471861026, expected: &quot;9994.95 zł&quot;)" storage="c:\projekty\xunittestproject\bin\debug\netcoreapp3.1\xunittestproject.dll" id="313d194a-30d0-d3d5-cf7b-c5a66b6b3935">
      <Execution id="041001bd-bfaf-42bc-81bf-37acd18020f9" />
      <TestMethod codeBase="C:\Projekty\xUnitTestProject\bin\Debug\netcoreapp3.1\xUnitTestProject.dll" adapterTypeName="executor://xunit/VsTestRunner2/netcoreapp" className="xUnitTestProject.CurrencyHelperTests" name="FormatToStringTest1000" />
    </UnitTest>
    <UnitTest name="xUnitTestProject.CurrencyHelperTests.FormatToStringTest1000(price: 16037.01783290087, expected: &quot;16037.02 zł&quot;)" storage="c:\projekty\xunittestproject\bin\debug\netcoreapp3.1\xunittestproject.dll" id="e9fa372e-14d7-79bd-7239-c4f5919adecb">
      <Execution id="642d8d48-26c0-420d-a2d9-c5072928f780" />
      <TestMethod codeBase="C:\Projekty\xUnitTestProject\bin\Debug\netcoreapp3.1\xUnitTestProject.dll" adapterTypeName="executor://xunit/VsTestRunner2/netcoreapp" className="xUnitTestProject.CurrencyHelperTests" name="FormatToStringTest1000" />
    </UnitTest>
    <UnitTest name="xUnitTestProject.CurrencyHelperTests.FormatToStringTest1000(price: 19352.183340702755, expected: &quot;19352.18 zł&quot;)" storage="c:\projekty\xunittestproject\bin\debug\netcoreapp3.1\xunittestproject.dll" id="e31c0c60-96f3-c3fc-f48c-6d389a7185de">
      <Execution id="62237707-d461-49b0-bfb8-e6f338bdc533" />
      <TestMethod codeBase="C:\Projekty\xUnitTestProject\bin\Debug\netcoreapp3.1\xUnitTestProject.dll" adapterTypeName="executor://xunit/VsTestRunner2/netcoreapp" className="xUnitTestProject.CurrencyHelperTests" name="FormatToStringTest1000" />
    </UnitTest>
    <UnitTest name="xUnitTestProject.CurrencyHelperTests.FormatToStringTest1000(price: 12871.381729632794, expected: &quot;12871.38 zł&quot;)" storage="c:\projekty\xunittestproject\bin\debug\netcoreapp3.1\xunittestproject.dll" id="2f04d734-6778-0b79-9d14-d79b1e3bb130">
      <Execution id="c9bb1be9-6eae-4d91-bbe8-f589a1fee32c" />
      <TestMethod codeBase="C:\Projekty\xUnitTestProject\bin\Debug\netcoreapp3.1\xUnitTestProject.dll" adapterTypeName="executor://xunit/VsTestRunner2/netcoreapp" className="xUnitTestProject.CurrencyHelperTests" name="FormatToStringTest1000" />
    </UnitTest>
    <UnitTest name="xUnitTestProject.CurrencyHelperTests.FormatToStringTest1000(price: 32908.76696502639, expected: &quot;32908.77 zł&quot;)" storage="c:\projekty\xunittestproject\bin\debug\netcoreapp3.1\xunittestproject.dll" id="787cef43-2dc9-190c-2e64-d5af6533289b">
      <Execution id="4e2e0a50-1384-4f3d-9f7d-6c48d032fd6f" />
      <TestMethod codeBase="C:\Projekty\xUnitTestProject\bin\Debug\netcoreapp3.1\xUnitTestProject.dll" adapterTypeName="executor://xunit/VsTestRunner2/netcoreapp" className="xUnitTestProject.CurrencyHelperTests" name="FormatToStringTest1000" />
    </UnitTest>
    <UnitTest name="xUnitTestProject.CurrencyHelperTests.FormatToStringTest1000(price: 134.1514758393874, expected: &quot;134.15 zł&quot;)" storage="c:\projekty\xunittestproject\bin\debug\netcoreapp3.1\xunittestproject.dll" id="3a8cda37-b7cc-323f-afa4-03303dd2ce88">
      <Execution id="b1568d23-5e06-443c-8498-8cdb15e59bb6" />
      <TestMethod codeBase="C:\Projekty\xUnitTestProject\bin\Debug\netcoreapp3.1\xUnitTestProject.dll" adapterTypeName="executor://xunit/VsTestRunner2/netcoreapp" className="xUnitTestProject.CurrencyHelperTests" name="FormatToStringTest1000" />
    </UnitTest>
    <UnitTest name="xUnitTestProject.CurrencyHelperTests.FormatToStringTest1000(price: 4648.492795337221, expected: &quot;4648.49 zł&quot;)" storage="c:\projekty\xunittestproject\bin\debug\netcoreapp3.1\xunittestproject.dll" id="d256d95f-79c2-283f-fe67-61aaa54d0e1b">
      <Execution id="444ce01f-2e9e-4e3d-8eb8-2783a6da1005" />
      <TestMethod codeBase="C:\Projekty\xUnitTestProject\bin\Debug\netcoreapp3.1\xUnitTestProject.dll" adapterTypeName="executor://xunit/VsTestRunner2/netcoreapp" className="xUnitTestProject.CurrencyHelperTests" name="FormatToStringTest1000" />
    </UnitTest>
    <UnitTest name="xUnitTestProject.CurrencyHelperTests.FormatToStringTest1000(price: 26858.35647848731, expected: &quot;26858.36 zł&quot;)" storage="c:\projekty\xunittestproject\bin\debug\netcoreapp3.1\xunittestproject.dll" id="0fb536e2-af1a-ef21-5b53-d89a189dda8d">
      <Execution id="7d84de8c-36c5-4273-822f-61db713201a0" />
      <TestMethod codeBase="C:\Projekty\xUnitTestProject\bin\Debug\netcoreapp3.1\xUnitTestProject.dll" adapterTypeName="executor://xunit/VsTestRunner2/netcoreapp" className="xUnitTestProject.CurrencyHelperTests" name="FormatToStringTest1000" />
    </UnitTest>
    <UnitTest name="xUnitTestProject.CurrencyHelperTests.FormatToStringTest1000(price: 3503.9809179231434, expected: &quot;3503.98 zł&quot;)" storage="c:\projekty\xunittestproject\bin\debug\netcoreapp3.1\xunittestproject.dll" id="40be92cf-d13e-6e4d-cafb-3ad22a6b9f7e">
      <Execution id="e00f5b3c-ddc5-4ada-93f6-4982ebdf8ba1" />
      <TestMethod codeBase="C:\Projekty\xUnitTestProject\bin\Debug\netcoreapp3.1\xUnitTestProject.dll" adapterTypeName="executor://xunit/VsTestRunner2/netcoreapp" className="xUnitTestProject.CurrencyHelperTests" name="FormatToStringTest1000" />
    </UnitTest>
    <UnitTest name="xUnitTestProject.CurrencyHelperTests.FormatToStringTest1000(price: 11118.620997698335, expected: &quot;11118.62 zł&quot;)" storage="c:\projekty\xunittestproject\bin\debug\netcoreapp3.1\xunittestproject.dll" id="9634b23e-736b-8d03-4e65-5819fb03baa5">
      <Execution id="ca98b4fa-a0e0-4eff-8dc1-3c78c7d3d03d" />
      <TestMethod codeBase="C:\Projekty\xUnitTestProject\bin\Debug\netcoreapp3.1\xUnitTestProject.dll" adapterTypeName="executor://xunit/VsTestRunner2/netcoreapp" className="xUnitTestProject.CurrencyHelperTests" name="FormatToStringTest1000" />
    </UnitTest>
    <UnitTest name="xUnitTestProject.CurrencyHelperTests.FormatToStringTest1000(price: 45603.90324273142, expected: &quot;45603.90 zł&quot;)" storage="c:\projekty\xunittestproject\bin\debug\netcoreapp3.1\xunittestproject.dll" id="f58711de-d6a1-25df-941a-d7a477d8bf41">
      <Execution id="fe73e6b5-978b-458a-9ab1-b861087f5151" />
      <TestMethod codeBase="C:\Projekty\xUnitTestProject\bin\Debug\netcoreapp3.1\xUnitTestProject.dll" adapterTypeName="executor://xunit/VsTestRunner2/netcoreapp" className="xUnitTestProject.CurrencyHelperTests" name="FormatToStringTest1000" />
    </UnitTest>
    <UnitTest name="xUnitTestProject.CurrencyHelperTests.FormatToStringTest1000(price: 4105.490993980081, expected: &quot;4105.49 zł&quot;)" storage="c:\projekty\xunittestproject\bin\debug\netcoreapp3.1\xunittestproject.dll" id="2fe7dd20-7d34-4621-c4bd-6f2ec94c5407">
      <Execution id="9c957ceb-522a-4de6-b779-a4dd41f237b2" />
      <TestMethod codeBase="C:\Projekty\xUnitTestProject\bin\Debug\netcoreapp3.1\xUnitTestProject.dll" adapterTypeName="executor://xunit/VsTestRunner2/netcoreapp" className="xUnitTestProject.CurrencyHelperTests" name="FormatToStringTest1000" />
    </UnitTest>
    <UnitTest name="xUnitTestProject.CurrencyHelperTests.FormatToStringTest1000(price: 45930.2386782068, expected: &quot;45930.24 zł&quot;)" storage="c:\projekty\xunittestproject\bin\debug\netcoreapp3.1\xunittestproject.dll" id="8de67803-7acb-6ed7-12bc-5420c17b40c0">
      <Execution id="2f3d37d9-26ec-4a97-ba8b-bc37094c3241" />
      <TestMethod codeBase="C:\Projekty\xUnitTestProject\bin\Debug\netcoreapp3.1\xUnitTestProject.dll" adapterTypeName="executor://xunit/VsTestRunner2/netcoreapp" className="xUnitTestProject.CurrencyHelperTests" name="FormatToStringTest1000" />
    </UnitTest>
    <UnitTest name="xUnitTestProject.CurrencyHelperTests.FormatToStringTest1000(price: 3646.857719214101, expected: &quot;3646.86 zł&quot;)" storage="c:\projekty\xunittestproject\bin\debug\netcoreapp3.1\xunittestproject.dll" id="3af61c48-eead-454e-59a5-a117f0360878">
      <Execution id="f4167daa-2d4d-4bc7-82d6-cf8884c8f6ab" />
      <TestMethod codeBase="C:\Projekty\xUnitTestProject\bin\Debug\netcoreapp3.1\xUnitTestProject.dll" adapterTypeName="executor://xunit/VsTestRunner2/netcoreapp" className="xUnitTestProject.CurrencyHelperTests" name="FormatToStringTest1000" />
    </UnitTest>
    <UnitTest name="xUnitTestProject.CurrencyHelperTests.FormatToStringTest1000(price: 18023.78504577455, expected: &quot;18023.79 zł&quot;)" storage="c:\projekty\xunittestproject\bin\debug\netcoreapp3.1\xunittestproject.dll" id="d633a901-6eef-f5d7-952c-569ae3ddce8f">
      <Execution id="08b81227-4d62-491e-a529-e6a6df1642c5" />
      <TestMethod codeBase="C:\Projekty\xUnitTestProject\bin\Debug\netcoreapp3.1\xUnitTestProject.dll" adapterTypeName="executor://xunit/VsTestRunner2/netcoreapp" className="xUnitTestProject.CurrencyHelperTests" name="FormatToStringTest1000" />
    </UnitTest>
    <UnitTest name="xUnitTestProject.CurrencyHelperTests.FormatToStringTest1000(price: 22189.78731674132, expected: &quot;22189.79 zł&quot;)" storage="c:\projekty\xunittestproject\bin\debug\netcoreapp3.1\xunittestproject.dll" id="4cc08620-7636-5b0e-e6ce-7fa1f27effef">
      <Execution id="58bacebe-1f1f-4321-9a41-171adf1c3cbb" />
      <TestMethod codeBase="C:\Projekty\xUnitTestProject\bin\Debug\netcoreapp3.1\xUnitTestProject.dll" adapterTypeName="executor://xunit/VsTestRunner2/netcoreapp" className="xUnitTestProject.CurrencyHelperTests" name="FormatToStringTest1000" />
    </UnitTest>
    <UnitTest name="xUnitTestProject.CurrencyHelperTests.FormatToStringTest1000(price: 24957.469502810607, expected: &quot;24957.47 zł&quot;)" storage="c:\projekty\xunittestproject\bin\debug\netcoreapp3.1\xunittestproject.dll" id="b16fb8e5-3fa9-845c-9c70-ee0c0d261e2c">
      <Execution id="a560dfab-5b06-45e5-b788-3d78b048cd91" />
      <TestMethod codeBase="C:\Projekty\xUnitTestProject\bin\Debug\netcoreapp3.1\xUnitTestProject.dll" adapterTypeName="executor://xunit/VsTestRunner2/netcoreapp" className="xUnitTestProject.CurrencyHelperTests" name="FormatToStringTest1000" />
    </UnitTest>
    <UnitTest name="xUnitTestProject.CurrencyHelperTests.FormatToStringTest1000(price: 49416.285282306504, expected: &quot;49416.29 zł&quot;)" storage="c:\projekty\xunittestproject\bin\debug\netcoreapp3.1\xunittestproject.dll" id="c74f6017-9eb9-5854-4b62-c26b4cabe787">
      <Execution id="5c2d79a6-30ff-43cd-a748-8b8e0ade9a0b" />
      <TestMethod codeBase="C:\Projekty\xUnitTestProject\bin\Debug\netcoreapp3.1\xUnitTestProject.dll" adapterTypeName="executor://xunit/VsTestRunner2/netcoreapp" className="xUnitTestProject.CurrencyHelperTests" name="FormatToStringTest1000" />
    </UnitTest>
    <UnitTest name="xUnitTestProject.CurrencyHelperTests.FormatToStringTest1000(price: 2121.0917325211185, expected: &quot;2121.09 zł&quot;)" storage="c:\projekty\xunittestproject\bin\debug\netcoreapp3.1\xunittestproject.dll" id="4df9b13a-de84-7056-3c88-543d3fa32c62">
      <Execution id="0189494f-b44f-42cf-9e69-3f6065ff9591" />
      <TestMethod codeBase="C:\Projekty\xUnitTestProject\bin\Debug\netcoreapp3.1\xUnitTestProject.dll" adapterTypeName="executor://xunit/VsTestRunner2/netcoreapp" className="xUnitTestProject.CurrencyHelperTests" name="FormatToStringTest1000" />
    </UnitTest>
    <UnitTest name="xUnitTestProject.CurrencyHelperTests.FormatToStringTest1000(price: 16957.4523676757, expected: &quot;16957.45 zł&quot;)" storage="c:\projekty\xunittestproject\bin\debug\netcoreapp3.1\xunittestproject.dll" id="e099abd9-c51a-27c3-fe30-7b74e00a337f">
      <Execution id="49b6a88a-728e-462c-9599-c10ef3c0ec13" />
      <TestMethod codeBase="C:\Projekty\xUnitTestProject\bin\Debug\netcoreapp3.1\xUnitTestProject.dll" adapterTypeName="executor://xunit/VsTestRunner2/netcoreapp" className="xUnitTestProject.CurrencyHelperTests" name="FormatToStringTest1000" />
    </UnitTest>
    <UnitTest name="xUnitTestProject.CurrencyHelperTests.FormatToStringTest1000(price: 34145.534199603615, expected: &quot;34145.53 zł&quot;)" storage="c:\projekty\xunittestproject\bin\debug\netcoreapp3.1\xunittestproject.dll" id="3d5d455f-8b5b-9efe-5bfb-ffa440cd9adb">
      <Execution id="743b268d-6a8d-497c-87d3-e1852069a718" />
      <TestMethod codeBase="C:\Projekty\xUnitTestProject\bin\Debug\netcoreapp3.1\xUnitTestProject.dll" adapterTypeName="executor://xunit/VsTestRunner2/netcoreapp" className="xUnitTestProject.CurrencyHelperTests" name="FormatToStringTest1000" />
    </UnitTest>
    <UnitTest name="xUnitTestProject.CurrencyHelperTests.FormatToStringTest1000(price: 6102.4120417453405, expected: &quot;6102.41 zł&quot;)" storage="c:\projekty\xunittestproject\bin\debug\netcoreapp3.1\xunittestproject.dll" id="c7c013ea-be14-a4b5-1c6f-2b6dde46abbc">
      <Execution id="7d843493-0937-4d0c-9eb0-9896186d41f1" />
      <TestMethod codeBase="C:\Projekty\xUnitTestProject\bin\Debug\netcoreapp3.1\xUnitTestProject.dll" adapterTypeName="executor://xunit/VsTestRunner2/netcoreapp" className="xUnitTestProject.CurrencyHelperTests" name="FormatToStringTest1000" />
    </UnitTest>
    <UnitTest name="xUnitTestProject.CurrencyHelperTests.FormatToStringTest1000(price: 13508.811787825922, expected: &quot;13508.81 zł&quot;)" storage="c:\projekty\xunittestproject\bin\debug\netcoreapp3.1\xunittestproject.dll" id="f7ba8e86-cb66-6ef4-d1cf-87def896d05b">
      <Execution id="3b43d930-84b2-4acf-8193-2971ff0148d1" />
      <TestMethod codeBase="C:\Projekty\xUnitTestProject\bin\Debug\netcoreapp3.1\xUnitTestProject.dll" adapterTypeName="executor://xunit/VsTestRunner2/netcoreapp" className="xUnitTestProject.CurrencyHelperTests" name="FormatToStringTest1000" />
    </UnitTest>
    <UnitTest name="xUnitTestProject.CurrencyHelperTests.FormatToStringTest1000(price: 25720.27551496321, expected: &quot;25720.28 zł&quot;)" storage="c:\projekty\xunittestproject\bin\debug\netcoreapp3.1\xunittestproject.dll" id="f015f451-5073-33ab-39c2-17ab900bf337">
      <Execution id="6474f3b5-5ac0-45a6-93ce-88d419face54" />
      <TestMethod codeBase="C:\Projekty\xUnitTestProject\bin\Debug\netcoreapp3.1\xUnitTestProject.dll" adapterTypeName="executor://xunit/VsTestRunner2/netcoreapp" className="xUnitTestProject.CurrencyHelperTests" name="FormatToStringTest1000" />
    </UnitTest>
    <UnitTest name="xUnitTestProject.CurrencyHelperTests.FormatToStringTest1000(price: 9151.103070427245, expected: &quot;9151.10 zł&quot;)" storage="c:\projekty\xunittestproject\bin\debug\netcoreapp3.1\xunittestproject.dll" id="9c8eee20-620b-e0aa-1580-d34a7e65e392">
      <Execution id="bd65a7b1-6914-4c2b-9968-cb1693f4e005" />
      <TestMethod codeBase="C:\Projekty\xUnitTestProject\bin\Debug\netcoreapp3.1\xUnitTestProject.dll" adapterTypeName="executor://xunit/VsTestRunner2/netcoreapp" className="xUnitTestProject.CurrencyHelperTests" name="FormatToStringTest1000" />
    </UnitTest>
    <UnitTest name="xUnitTestProject.CurrencyHelperTests.FormatToStringTest1000(price: 6173.0243155793405, expected: &quot;6173.02 zł&quot;)" storage="c:\projekty\xunittestproject\bin\debug\netcoreapp3.1\xunittestproject.dll" id="3592b35e-5647-34de-406e-9d7d0b031ac6">
      <Execution id="930406a4-914a-400f-a6a5-5aa631d7c543" />
      <TestMethod codeBase="C:\Projekty\xUnitTestProject\bin\Debug\netcoreapp3.1\xUnitTestProject.dll" adapterTypeName="executor://xunit/VsTestRunner2/netcoreapp" className="xUnitTestProject.CurrencyHelperTests" name="FormatToStringTest1000" />
    </UnitTest>
    <UnitTest name="xUnitTestProject.CurrencyHelperTests.FormatToStringTest1000(price: 79973.08417819678, expected: &quot;79973.08 zł&quot;)" storage="c:\projekty\xunittestproject\bin\debug\netcoreapp3.1\xunittestproject.dll" id="34bcb15f-3abe-d5c6-acbc-f3d258cf59b6">
      <Execution id="62994dbf-659b-4e6c-aad0-3ebd829e787c" />
      <TestMethod codeBase="C:\Projekty\xUnitTestProject\bin\Debug\netcoreapp3.1\xUnitTestProject.dll" adapterTypeName="executor://xunit/VsTestRunner2/netcoreapp" className="xUnitTestProject.CurrencyHelperTests" name="FormatToStringTest1000" />
    </UnitTest>
    <UnitTest name="xUnitTestProject.CurrencyHelperTests.FormatToStringTest1000(price: 37589.670531794276, expected: &quot;37589.67 zł&quot;)" storage="c:\projekty\xunittestproject\bin\debug\netcoreapp3.1\xunittestproject.dll" id="f6a49bae-16a9-096b-f816-1c54e1a6b8b7">
      <Execution id="262b0c1b-a22d-4d07-9446-639f15b526ce" />
      <TestMethod codeBase="C:\Projekty\xUnitTestProject\bin\Debug\netcoreapp3.1\xUnitTestProject.dll" adapterTypeName="executor://xunit/VsTestRunner2/netcoreapp" className="xUnitTestProject.CurrencyHelperTests" name="FormatToStringTest1000" />
    </UnitTest>
    <UnitTest name="xUnitTestProject.CurrencyHelperTests.FormatToStringTest1000(price: 657.5396922647672, expected: &quot;657.54 zł&quot;)" storage="c:\projekty\xunittestproject\bin\debug\netcoreapp3.1\xunittestproject.dll" id="82e67c06-9849-1902-4582-6ac1133c7960">
      <Execution id="2dbac2c0-5d6d-4292-b5f0-1622dfa744e7" />
      <TestMethod codeBase="C:\Projekty\xUnitTestProject\bin\Debug\netcoreapp3.1\xUnitTestProject.dll" adapterTypeName="executor://xunit/VsTestRunner2/netcoreapp" className="xUnitTestProject.CurrencyHelperTests" name="FormatToStringTest1000" />
    </UnitTest>
    <UnitTest name="xUnitTestProject.CurrencyHelperTests.FormatToStringTest1000(price: 34062.88803158276, expected: &quot;34062.89 zł&quot;)" storage="c:\projekty\xunittestproject\bin\debug\netcoreapp3.1\xunittestproject.dll" id="4c71192e-43b4-c49c-e53a-9e4a0adf6b7e">
      <Execution id="6437e8de-0b5d-4d77-a8cb-47c62ebab0fb" />
      <TestMethod codeBase="C:\Projekty\xUnitTestProject\bin\Debug\netcoreapp3.1\xUnitTestProject.dll" adapterTypeName="executor://xunit/VsTestRunner2/netcoreapp" className="xUnitTestProject.CurrencyHelperTests" name="FormatToStringTest1000" />
    </UnitTest>
    <UnitTest name="xUnitTestProject.CurrencyHelperTests.FormatToStringTest1000(price: 54724.71040318008, expected: &quot;54724.71 zł&quot;)" storage="c:\projekty\xunittestproject\bin\debug\netcoreapp3.1\xunittestproject.dll" id="3436f427-af0a-5bde-6f98-b38b99a7cf5b">
      <Execution id="86489d32-34ec-43ae-ab23-a03937e74bad" />
      <TestMethod codeBase="C:\Projekty\xUnitTestProject\bin\Debug\netcoreapp3.1\xUnitTestProject.dll" adapterTypeName="executor://xunit/VsTestRunner2/netcoreapp" className="xUnitTestProject.CurrencyHelperTests" name="FormatToStringTest1000" />
    </UnitTest>
    <UnitTest name="xUnitTestProject.CurrencyHelperTests.FormatToStringTest1000(price: 2435.1995505835857, expected: &quot;2435.20 zł&quot;)" storage="c:\projekty\xunittestproject\bin\debug\netcoreapp3.1\xunittestproject.dll" id="a79fd14a-da4c-bcf0-0f87-a480851cd28d">
      <Execution id="7df23cc5-af4f-43b3-a8d6-d536ce6a9b5a" />
      <TestMethod codeBase="C:\Projekty\xUnitTestProject\bin\Debug\netcoreapp3.1\xUnitTestProject.dll" adapterTypeName="executor://xunit/VsTestRunner2/netcoreapp" className="xUnitTestProject.CurrencyHelperTests" name="FormatToStringTest1000" />
    </UnitTest>
    <UnitTest name="xUnitTestProject.CurrencyHelperTests.FormatToStringTest1000(price: 11958.422287871792, expected: &quot;11958.42 zł&quot;)" storage="c:\projekty\xunittestproject\bin\debug\netcoreapp3.1\xunittestproject.dll" id="0fe69b56-67e1-3f07-b6ce-8076afaa9bd7">
      <Execution id="46272693-4f9b-4851-bd06-1b1503c2f66d" />
      <TestMethod codeBase="C:\Projekty\xUnitTestProject\bin\Debug\netcoreapp3.1\xUnitTestProject.dll" adapterTypeName="executor://xunit/VsTestRunner2/netcoreapp" className="xUnitTestProject.CurrencyHelperTests" name="FormatToStringTest1000" />
    </UnitTest>
    <UnitTest name="xUnitTestProject.CurrencyHelperTests.FormatToStringTest1000(price: 38845.74924104323, expected: &quot;38845.75 zł&quot;)" storage="c:\projekty\xunittestproject\bin\debug\netcoreapp3.1\xunittestproject.dll" id="10e970c4-cd41-e630-0953-62de694a4cfc">
      <Execution id="1afa461b-ffe3-40dc-a8f5-24b30e098113" />
      <TestMethod codeBase="C:\Projekty\xUnitTestProject\bin\Debug\netcoreapp3.1\xUnitTestProject.dll" adapterTypeName="executor://xunit/VsTestRunner2/netcoreapp" className="xUnitTestProject.CurrencyHelperTests" name="FormatToStringTest1000" />
    </UnitTest>
    <UnitTest name="xUnitTestProject.CurrencyHelperTests.FormatToStringTest1000(price: 50664.01951024869, expected: &quot;50664.02 zł&quot;)" storage="c:\projekty\xunittestproject\bin\debug\netcoreapp3.1\xunittestproject.dll" id="888f3232-385d-d83f-1eb6-9a6c46cfe5c3">
      <Execution id="8b6ac62d-e640-42ca-a04a-6c21e30adb07" />
      <TestMethod codeBase="C:\Projekty\xUnitTestProject\bin\Debug\netcoreapp3.1\xUnitTestProject.dll" adapterTypeName="executor://xunit/VsTestRunner2/netcoreapp" className="xUnitTestProject.CurrencyHelperTests" name="FormatToStringTest1000" />
    </UnitTest>
    <UnitTest name="xUnitTestProject.CurrencyHelperTests.FormatToStringTest1000(price: 20454.142628653506, expected: &quot;20454.14 zł&quot;)" storage="c:\projekty\xunittestproject\bin\debug\netcoreapp3.1\xunittestproject.dll" id="5d5f3f94-f47b-3420-095f-ee592218e6de">
      <Execution id="fdf2afbf-0270-4068-8a37-fc3932cf65f2" />
      <TestMethod codeBase="C:\Projekty\xUnitTestProject\bin\Debug\netcoreapp3.1\xUnitTestProject.dll" adapterTypeName="executor://xunit/VsTestRunner2/netcoreapp" className="xUnitTestProject.CurrencyHelperTests" name="FormatToStringTest1000" />
    </UnitTest>
    <UnitTest name="xUnitTestProject.CurrencyHelperTests.FormatToStringTest1000(price: 17232.486162219426, expected: &quot;17232.49 zł&quot;)" storage="c:\projekty\xunittestproject\bin\debug\netcoreapp3.1\xunittestproject.dll" id="ad936791-3884-bcd2-a8bf-cc0980504588">
      <Execution id="74b867ee-3973-4748-b9a0-675d39653d84" />
      <TestMethod codeBase="C:\Projekty\xUnitTestProject\bin\Debug\netcoreapp3.1\xUnitTestProject.dll" adapterTypeName="executor://xunit/VsTestRunner2/netcoreapp" className="xUnitTestProject.CurrencyHelperTests" name="FormatToStringTest1000" />
    </UnitTest>
    <UnitTest name="xUnitTestProject.CurrencyHelperTests.FormatToStringTest1000(price: 13414.3551766441, expected: &quot;13414.36 zł&quot;)" storage="c:\projekty\xunittestproject\bin\debug\netcoreapp3.1\xunittestproject.dll" id="5481b8f6-7923-7c75-9ba8-6b8dff0a8582">
      <Execution id="2aa07abf-2e2d-4220-b5b3-3194ba35e16b" />
      <TestMethod codeBase="C:\Projekty\xUnitTestProject\bin\Debug\netcoreapp3.1\xUnitTestProject.dll" adapterTypeName="executor://xunit/VsTestRunner2/netcoreapp" className="xUnitTestProject.CurrencyHelperTests" name="FormatToStringTest1000" />
    </UnitTest>
    <UnitTest name="xUnitTestProject.CurrencyHelperTests.FormatToStringTest1000(price: 5548.360986085777, expected: &quot;5548.36 zł&quot;)" storage="c:\projekty\xunittestproject\bin\debug\netcoreapp3.1\xunittestproject.dll" id="5bb9d818-e2ff-58b7-df0a-941461adb800">
      <Execution id="bdba6c88-715d-4187-9f53-d10a07816fb0" />
      <TestMethod codeBase="C:\Projekty\xUnitTestProject\bin\Debug\netcoreapp3.1\xUnitTestProject.dll" adapterTypeName="executor://xunit/VsTestRunner2/netcoreapp" className="xUnitTestProject.CurrencyHelperTests" name="FormatToStringTest1000" />
    </UnitTest>
    <UnitTest name="xUnitTestProject.CurrencyHelperTests.FormatToStringTest1000(price: 8582.709131852587, expected: &quot;8582.71 zł&quot;)" storage="c:\projekty\xunittestproject\bin\debug\netcoreapp3.1\xunittestproject.dll" id="0fab285a-bfbc-a49a-b095-2b979efe33e8">
      <Execution id="d83d5c01-4060-49a8-b641-8854e268a020" />
      <TestMethod codeBase="C:\Projekty\xUnitTestProject\bin\Debug\netcoreapp3.1\xUnitTestProject.dll" adapterTypeName="executor://xunit/VsTestRunner2/netcoreapp" className="xUnitTestProject.CurrencyHelperTests" name="FormatToStringTest1000" />
    </UnitTest>
    <UnitTest name="xUnitTestProject.CurrencyHelperTests.FormatToStringTest1000(price: 15190.097283723344, expected: &quot;15190.10 zł&quot;)" storage="c:\projekty\xunittestproject\bin\debug\netcoreapp3.1\xunittestproject.dll" id="a50452b0-19e4-73e9-85e6-be9ac505f00e">
      <Execution id="a1fff60b-07d5-4be3-b6fb-99eba9866875" />
      <TestMethod codeBase="C:\Projekty\xUnitTestProject\bin\Debug\netcoreapp3.1\xUnitTestProject.dll" adapterTypeName="executor://xunit/VsTestRunner2/netcoreapp" className="xUnitTestProject.CurrencyHelperTests" name="FormatToStringTest1000" />
    </UnitTest>
    <UnitTest name="xUnitTestProject.CurrencyHelperTests.FormatToStringTest1000(price: 13582.47117894258, expected: &quot;13582.47 zł&quot;)" storage="c:\projekty\xunittestproject\bin\debug\netcoreapp3.1\xunittestproject.dll" id="bfa1b3ee-d7a8-b11e-2134-8a3b879aa609">
      <Execution id="08e5c038-99a7-404d-8007-d8bc69dd95e8" />
      <TestMethod codeBase="C:\Projekty\xUnitTestProject\bin\Debug\netcoreapp3.1\xUnitTestProject.dll" adapterTypeName="executor://xunit/VsTestRunner2/netcoreapp" className="xUnitTestProject.CurrencyHelperTests" name="FormatToStringTest1000" />
    </UnitTest>
    <UnitTest name="xUnitTestProject.CurrencyHelperTests.FormatToStringTest1000(price: 1687.5965557361937, expected: &quot;1687.60 zł&quot;)" storage="c:\projekty\xunittestproject\bin\debug\netcoreapp3.1\xunittestproject.dll" id="2732f008-e7e8-d754-7384-c116f008d613">
      <Execution id="7def6cf3-23b0-456e-b7a8-a369c3ab243e" />
      <TestMethod codeBase="C:\Projekty\xUnitTestProject\bin\Debug\netcoreapp3.1\xUnitTestProject.dll" adapterTypeName="executor://xunit/VsTestRunner2/netcoreapp" className="xUnitTestProject.CurrencyHelperTests" name="FormatToStringTest1000" />
    </UnitTest>
    <UnitTest name="xUnitTestProject.CurrencyHelperTests.FormatToStringTest1000(price: 6027.66019266828, expected: &quot;6027.66 zł&quot;)" storage="c:\projekty\xunittestproject\bin\debug\netcoreapp3.1\xunittestproject.dll" id="2a896644-50d0-a8ac-de47-7ac4676c290e">
      <Execution id="e4e724b4-5f3f-481d-909c-d2b02917b9b9" />
      <TestMethod codeBase="C:\Projekty\xUnitTestProject\bin\Debug\netcoreapp3.1\xUnitTestProject.dll" adapterTypeName="executor://xunit/VsTestRunner2/netcoreapp" className="xUnitTestProject.CurrencyHelperTests" name="FormatToStringTest1000" />
    </UnitTest>
    <UnitTest name="xUnitTestProject.CurrencyHelperTests.FormatToStringTest1000(price: 7348.947429818543, expected: &quot;7348.95 zł&quot;)" storage="c:\projekty\xunittestproject\bin\debug\netcoreapp3.1\xunittestproject.dll" id="b805cea1-9061-e180-4bd1-a6b18b6307ab">
      <Execution id="5ea19a09-4b24-482c-8f1c-b8b62d5878aa" />
      <TestMethod codeBase="C:\Projekty\xUnitTestProject\bin\Debug\netcoreapp3.1\xUnitTestProject.dll" adapterTypeName="executor://xunit/VsTestRunner2/netcoreapp" className="xUnitTestProject.CurrencyHelperTests" name="FormatToStringTest1000" />
    </UnitTest>
    <UnitTest name="xUnitTestProject.CurrencyHelperTests.FormatToStringTest1000(price: 65947.64520381515, expected: &quot;65947.65 zł&quot;)" storage="c:\projekty\xunittestproject\bin\debug\netcoreapp3.1\xunittestproject.dll" id="4168f0ac-b835-769a-f744-274b70d89027">
      <Execution id="f7df600e-0f31-4777-8818-0501f95f62ed" />
      <TestMethod codeBase="C:\Projekty\xUnitTestProject\bin\Debug\netcoreapp3.1\xUnitTestProject.dll" adapterTypeName="executor://xunit/VsTestRunner2/netcoreapp" className="xUnitTestProject.CurrencyHelperTests" name="FormatToStringTest1000" />
    </UnitTest>
    <UnitTest name="xUnitTestProject.CurrencyHelperTests.FormatToStringTest1000(price: 19103.831635461574, expected: &quot;19103.83 zł&quot;)" storage="c:\projekty\xunittestproject\bin\debug\netcoreapp3.1\xunittestproject.dll" id="4adfbd6f-49a9-0885-850f-1a4998e7f85f">
      <Execution id="b9ae8b02-a42c-4093-83d8-ff83b465e27e" />
      <TestMethod codeBase="C:\Projekty\xUnitTestProject\bin\Debug\netcoreapp3.1\xUnitTestProject.dll" adapterTypeName="executor://xunit/VsTestRunner2/netcoreapp" className="xUnitTestProject.CurrencyHelperTests" name="FormatToStringTest1000" />
    </UnitTest>
    <UnitTest name="xUnitTestProject.CurrencyHelperTests.FormatToStringTest1000(price: 16986.338876065027, expected: &quot;16986.34 zł&quot;)" storage="c:\projekty\xunittestproject\bin\debug\netcoreapp3.1\xunittestproject.dll" id="9bb60857-0889-c636-aa09-df7f3ffa4f70">
      <Execution id="8af11c55-e617-413c-91c3-ebb1c4632f38" />
      <TestMethod codeBase="C:\Projekty\xUnitTestProject\bin\Debug\netcoreapp3.1\xUnitTestProject.dll" adapterTypeName="executor://xunit/VsTestRunner2/netcoreapp" className="xUnitTestProject.CurrencyHelperTests" name="FormatToStringTest1000" />
    </UnitTest>
    <UnitTest name="xUnitTestProject.CurrencyHelperTests.FormatToStringTest1000(price: 49037.8109120586, expected: &quot;49037.81 zł&quot;)" storage="c:\projekty\xunittestproject\bin\debug\netcoreapp3.1\xunittestproject.dll" id="75e6c444-bc3b-aad1-8b9e-9567096a44b9">
      <Execution id="cb46e223-7cc9-4226-bf30-9cfc4c715c11" />
      <TestMethod codeBase="C:\Projekty\xUnitTestProject\bin\Debug\netcoreapp3.1\xUnitTestProject.dll" adapterTypeName="executor://xunit/VsTestRunner2/netcoreapp" className="xUnitTestProject.CurrencyHelperTests" name="FormatToStringTest1000" />
    </UnitTest>
    <UnitTest name="xUnitTestProject.CurrencyHelperTests.FormatToStringTest1000(price: 61633.2671179945, expected: &quot;61633.27 zł&quot;)" storage="c:\projekty\xunittestproject\bin\debug\netcoreapp3.1\xunittestproject.dll" id="f0b310a7-9bf9-fe2b-4bd1-bf05e954c540">
      <Execution id="b219a32a-4bab-44bf-b8cb-6deb2592afa9" />
      <TestMethod codeBase="C:\Projekty\xUnitTestProject\bin\Debug\netcoreapp3.1\xUnitTestProject.dll" adapterTypeName="executor://xunit/VsTestRunner2/netcoreapp" className="xUnitTestProject.CurrencyHelperTests" name="FormatToStringTest1000" />
    </UnitTest>
    <UnitTest name="xUnitTestProject.CurrencyHelperTests.FormatToStringTest1000(price: 9190.067404299076, expected: &quot;9190.07 zł&quot;)" storage="c:\projekty\xunittestproject\bin\debug\netcoreapp3.1\xunittestproject.dll" id="c6463145-e835-b32e-9815-611f61fa5540">
      <Execution id="7ca4ecd1-43a3-4770-9d0c-dc0111babab0" />
      <TestMethod codeBase="C:\Projekty\xUnitTestProject\bin\Debug\netcoreapp3.1\xUnitTestProject.dll" adapterTypeName="executor://xunit/VsTestRunner2/netcoreapp" className="xUnitTestProject.CurrencyHelperTests" name="FormatToStringTest1000" />
    </UnitTest>
    <UnitTest name="xUnitTestProject.CurrencyHelperTests.FormatToStringTest1000(price: 23120.169499649743, expected: &quot;23120.17 zł&quot;)" storage="c:\projekty\xunittestproject\bin\debug\netcoreapp3.1\xunittestproject.dll" id="aaa9e076-e199-e522-2c08-1bd206c5f6e7">
      <Execution id="0eaa0384-5145-4f0d-a412-64b981a3c57b" />
      <TestMethod codeBase="C:\Projekty\xUnitTestProject\bin\Debug\netcoreapp3.1\xUnitTestProject.dll" adapterTypeName="executor://xunit/VsTestRunner2/netcoreapp" className="xUnitTestProject.CurrencyHelperTests" name="FormatToStringTest1000" />
    </UnitTest>
    <UnitTest name="xUnitTestProject.CurrencyHelperTests.FormatToStringTest1000(price: 4919.073526169674, expected: &quot;4919.07 zł&quot;)" storage="c:\projekty\xunittestproject\bin\debug\netcoreapp3.1\xunittestproject.dll" id="0b4d877e-fce2-536e-a6f4-e4fbe4e6e47c">
      <Execution id="071de147-2238-4334-905c-7b5683f662e3" />
      <TestMethod codeBase="C:\Projekty\xUnitTestProject\bin\Debug\netcoreapp3.1\xUnitTestProject.dll" adapterTypeName="executor://xunit/VsTestRunner2/netcoreapp" className="xUnitTestProject.CurrencyHelperTests" name="FormatToStringTest1000" />
    </UnitTest>
    <UnitTest name="xUnitTestProject.CurrencyHelperTests.FormatToStringTest1000(price: 11989.099505855282, expected: &quot;11989.10 zł&quot;)" storage="c:\projekty\xunittestproject\bin\debug\netcoreapp3.1\xunittestproject.dll" id="30e1c064-5a9f-94cf-3bb0-81267bf9f82e">
      <Execution id="ffa92f68-0417-4518-92a7-f91c6ae8e018" />
      <TestMethod codeBase="C:\Projekty\xUnitTestProject\bin\Debug\netcoreapp3.1\xUnitTestProject.dll" adapterTypeName="executor://xunit/VsTestRunner2/netcoreapp" className="xUnitTestProject.CurrencyHelperTests" name="FormatToStringTest1000" />
    </UnitTest>
    <UnitTest name="xUnitTestProject.CurrencyHelperTests.FormatToStringTest1000(price: 8768.816937361293, expected: &quot;8768.82 zł&quot;)" storage="c:\projekty\xunittestproject\bin\debug\netcoreapp3.1\xunittestproject.dll" id="e54868c5-e23a-96f9-bd57-052b8e9f25f9">
      <Execution id="4baf44a0-ef7c-4e36-a7f0-d5d94ac13860" />
      <TestMethod codeBase="C:\Projekty\xUnitTestProject\bin\Debug\netcoreapp3.1\xUnitTestProject.dll" adapterTypeName="executor://xunit/VsTestRunner2/netcoreapp" className="xUnitTestProject.CurrencyHelperTests" name="FormatToStringTest1000" />
    </UnitTest>
    <UnitTest name="xUnitTestProject.CurrencyHelperTests.FormatToStringTest1000(price: 24528.124092612474, expected: &quot;24528.12 zł&quot;)" storage="c:\projekty\xunittestproject\bin\debug\netcoreapp3.1\xunittestproject.dll" id="a33a7227-7248-ce4e-bb18-77c33faa0f1a">
      <Execution id="799e898f-1dce-488e-9c36-9f02bc034f8e" />
      <TestMethod codeBase="C:\Projekty\xUnitTestProject\bin\Debug\netcoreapp3.1\xUnitTestProject.dll" adapterTypeName="executor://xunit/VsTestRunner2/netcoreapp" className="xUnitTestProject.CurrencyHelperTests" name="FormatToStringTest1000" />
    </UnitTest>
    <UnitTest name="xUnitTestProject.CurrencyHelperTests.FormatToStringTest1000(price: 485.6735566554933, expected: &quot;485.67 zł&quot;)" storage="c:\projekty\xunittestproject\bin\debug\netcoreapp3.1\xunittestproject.dll" id="a9fb7030-78aa-b78d-bae0-0e3e80a09140">
      <Execution id="6478a780-ef9a-4433-ad5a-074259dfcc46" />
      <TestMethod codeBase="C:\Projekty\xUnitTestProject\bin\Debug\netcoreapp3.1\xUnitTestProject.dll" adapterTypeName="executor://xunit/VsTestRunner2/netcoreapp" className="xUnitTestProject.CurrencyHelperTests" name="FormatToStringTest1000" />
    </UnitTest>
    <UnitTest name="xUnitTestProject.CurrencyHelperTests.FormatToStringTest1000(price: 181.3640542483721, expected: &quot;181.36 zł&quot;)" storage="c:\projekty\xunittestproject\bin\debug\netcoreapp3.1\xunittestproject.dll" id="41fb6436-3dfd-f2cc-b2c2-3eb1f8450637">
      <Execution id="4019842a-105b-41c0-bb06-3459173a1491" />
      <TestMethod codeBase="C:\Projekty\xUnitTestProject\bin\Debug\netcoreapp3.1\xUnitTestProject.dll" adapterTypeName="executor://xunit/VsTestRunner2/netcoreapp" className="xUnitTestProject.CurrencyHelperTests" name="FormatToStringTest1000" />
    </UnitTest>
    <UnitTest name="xUnitTestProject.CurrencyHelperTests.FormatToStringTest1000(price: 14100.01255469211, expected: &quot;14100.01 zł&quot;)" storage="c:\projekty\xunittestproject\bin\debug\netcoreapp3.1\xunittestproject.dll" id="babff9b9-4ec4-5d0f-1835-e465e17600e6">
      <Execution id="a90bc522-5120-4127-9ff1-77a606745041" />
      <TestMethod codeBase="C:\Projekty\xUnitTestProject\bin\Debug\netcoreapp3.1\xUnitTestProject.dll" adapterTypeName="executor://xunit/VsTestRunner2/netcoreapp" className="xUnitTestProject.CurrencyHelperTests" name="FormatToStringTest1000" />
    </UnitTest>
    <UnitTest name="xUnitTestProject.CurrencyHelperTests.FormatToStringTest1000(price: 21328.29026726507, expected: &quot;21328.29 zł&quot;)" storage="c:\projekty\xunittestproject\bin\debug\netcoreapp3.1\xunittestproject.dll" id="d328e580-fcf1-b0bb-73e2-fe6651dece0e">
      <Execution id="e95dab5c-ab7c-4841-b6b8-ea452dc63438" />
      <TestMethod codeBase="C:\Projekty\xUnitTestProject\bin\Debug\netcoreapp3.1\xUnitTestProject.dll" adapterTypeName="executor://xunit/VsTestRunner2/netcoreapp" className="xUnitTestProject.CurrencyHelperTests" name="FormatToStringTest1000" />
    </UnitTest>
    <UnitTest name="xUnitTestProject.CurrencyHelperTests.FormatToStringTest1000(price: 20978.860218282258, expected: &quot;20978.86 zł&quot;)" storage="c:\projekty\xunittestproject\bin\debug\netcoreapp3.1\xunittestproject.dll" id="58e741bd-777c-df5d-d9c1-457b2c873d32">
      <Execution id="1dce3846-77e4-4368-af93-a14a8db45ec8" />
      <TestMethod codeBase="C:\Projekty\xUnitTestProject\bin\Debug\netcoreapp3.1\xUnitTestProject.dll" adapterTypeName="executor://xunit/VsTestRunner2/netcoreapp" className="xUnitTestProject.CurrencyHelperTests" name="FormatToStringTest1000" />
    </UnitTest>
    <UnitTest name="xUnitTestProject.CurrencyHelperTests.FormatToStringTest1000(price: 5287.3103648714305, expected: &quot;5287.31 zł&quot;)" storage="c:\projekty\xunittestproject\bin\debug\netcoreapp3.1\xunittestproject.dll" id="aa0b789a-9fae-e4e5-e891-6c71af0ebd35">
      <Execution id="6673f52a-d808-4daa-9710-089e89a91604" />
      <TestMethod codeBase="C:\Projekty\xUnitTestProject\bin\Debug\netcoreapp3.1\xUnitTestProject.dll" adapterTypeName="executor://xunit/VsTestRunner2/netcoreapp" className="xUnitTestProject.CurrencyHelperTests" name="FormatToStringTest1000" />
    </UnitTest>
    <UnitTest name="xUnitTestProject.CurrencyHelperTests.FormatToStringTest1000(price: 47025.6224095177, expected: &quot;47025.62 zł&quot;)" storage="c:\projekty\xunittestproject\bin\debug\netcoreapp3.1\xunittestproject.dll" id="f527f4e7-733e-c529-a6f2-d33ed3ff23a3">
      <Execution id="c728861d-65f6-4237-b3f4-2deda2dae65d" />
      <TestMethod codeBase="C:\Projekty\xUnitTestProject\bin\Debug\netcoreapp3.1\xUnitTestProject.dll" adapterTypeName="executor://xunit/VsTestRunner2/netcoreapp" className="xUnitTestProject.CurrencyHelperTests" name="FormatToStringTest1000" />
    </UnitTest>
    <UnitTest name="xUnitTestProject.CurrencyHelperTests.FormatToStringTest1000(price: 16902.50568789314, expected: &quot;16902.51 zł&quot;)" storage="c:\projekty\xunittestproject\bin\debug\netcoreapp3.1\xunittestproject.dll" id="35d446c0-f87b-db26-2eb6-ac470ed5efed">
      <Execution id="d3e24913-2dcd-4f17-be55-2cffa30b0c7d" />
      <TestMethod codeBase="C:\Projekty\xUnitTestProject\bin\Debug\netcoreapp3.1\xUnitTestProject.dll" adapterTypeName="executor://xunit/VsTestRunner2/netcoreapp" className="xUnitTestProject.CurrencyHelperTests" name="FormatToStringTest1000" />
    </UnitTest>
    <UnitTest name="xUnitTestProject.CurrencyHelperTests.FormatToStringTest1000(price: 32262.93788198984, expected: &quot;32262.94 zł&quot;)" storage="c:\projekty\xunittestproject\bin\debug\netcoreapp3.1\xunittestproject.dll" id="e8e3664d-13e4-e628-073d-8b88b9f9785c">
      <Execution id="41394afa-61e4-4e7d-8191-88102c502b9b" />
      <TestMethod codeBase="C:\Projekty\xUnitTestProject\bin\Debug\netcoreapp3.1\xUnitTestProject.dll" adapterTypeName="executor://xunit/VsTestRunner2/netcoreapp" className="xUnitTestProject.CurrencyHelperTests" name="FormatToStringTest1000" />
    </UnitTest>
    <UnitTest name="xUnitTestProject.CurrencyHelperTests.FormatToStringTest1000(price: 16190.113943164757, expected: &quot;16190.11 zł&quot;)" storage="c:\projekty\xunittestproject\bin\debug\netcoreapp3.1\xunittestproject.dll" id="4fa0fe8a-60b4-1b4b-175d-a18573723ba2">
      <Execution id="d71c123d-fc3a-45df-9de9-0033f351ecf5" />
      <TestMethod codeBase="C:\Projekty\xUnitTestProject\bin\Debug\netcoreapp3.1\xUnitTestProject.dll" adapterTypeName="executor://xunit/VsTestRunner2/netcoreapp" className="xUnitTestProject.CurrencyHelperTests" name="FormatToStringTest1000" />
    </UnitTest>
    <UnitTest name="xUnitTestProject.CurrencyHelperTests.FormatToStringTest1000(price: 73477.18206926118, expected: &quot;73477.18 zł&quot;)" storage="c:\projekty\xunittestproject\bin\debug\netcoreapp3.1\xunittestproject.dll" id="c1399a21-a8d4-fd2f-1879-d9e50a5fe1b4">
      <Execution id="7e1db8fa-b3fe-4ba7-b67a-3111cdf0e8af" />
      <TestMethod codeBase="C:\Projekty\xUnitTestProject\bin\Debug\netcoreapp3.1\xUnitTestProject.dll" adapterTypeName="executor://xunit/VsTestRunner2/netcoreapp" className="xUnitTestProject.CurrencyHelperTests" name="FormatToStringTest1000" />
    </UnitTest>
    <UnitTest name="xUnitTestProject.CurrencyHelperTests.FormatToStringTest1000(price: 45340.017357165, expected: &quot;45340.02 zł&quot;)" storage="c:\projekty\xunittestproject\bin\debug\netcoreapp3.1\xunittestproject.dll" id="ae0a2a8f-7404-db1c-88e4-d4970f3642af">
      <Execution id="bb1c0d23-bd0f-486d-9560-a1f10280ec75" />
      <TestMethod codeBase="C:\Projekty\xUnitTestProject\bin\Debug\netcoreapp3.1\xUnitTestProject.dll" adapterTypeName="executor://xunit/VsTestRunner2/netcoreapp" className="xUnitTestProject.CurrencyHelperTests" name="FormatToStringTest1000" />
    </UnitTest>
    <UnitTest name="xUnitTestProject.CurrencyHelperTests.FormatToStringTest1000(price: 87505.85936583664, expected: &quot;87505.86 zł&quot;)" storage="c:\projekty\xunittestproject\bin\debug\netcoreapp3.1\xunittestproject.dll" id="69eeb057-df94-2674-fba1-959c41ef1419">
      <Execution id="41e0147c-0ed9-49d2-83b8-0d1d4cfcb830" />
      <TestMethod codeBase="C:\Projekty\xUnitTestProject\bin\Debug\netcoreapp3.1\xUnitTestProject.dll" adapterTypeName="executor://xunit/VsTestRunner2/netcoreapp" className="xUnitTestProject.CurrencyHelperTests" name="FormatToStringTest1000" />
    </UnitTest>
    <UnitTest name="xUnitTestProject.CurrencyHelperTests.FormatToStringTest1000(price: 19363.881840787773, expected: &quot;19363.88 zł&quot;)" storage="c:\projekty\xunittestproject\bin\debug\netcoreapp3.1\xunittestproject.dll" id="717afcc9-fdbd-942f-44d5-9f5deeef640f">
      <Execution id="250fa88a-0c1b-465d-a40d-f0826098d150" />
      <TestMethod codeBase="C:\Projekty\xUnitTestProject\bin\Debug\netcoreapp3.1\xUnitTestProject.dll" adapterTypeName="executor://xunit/VsTestRunner2/netcoreapp" className="xUnitTestProject.CurrencyHelperTests" name="FormatToStringTest1000" />
    </UnitTest>
    <UnitTest name="xUnitTestProject.CurrencyHelperTests.FormatToStringTest1000(price: 18208.8422650126, expected: &quot;18208.84 zł&quot;)" storage="c:\projekty\xunittestproject\bin\debug\netcoreapp3.1\xunittestproject.dll" id="46d3bb4f-6f59-f6c2-b532-ed497dfae82c">
      <Execution id="6d259224-5e7d-41cf-b85f-343875e169df" />
      <TestMethod codeBase="C:\Projekty\xUnitTestProject\bin\Debug\netcoreapp3.1\xUnitTestProject.dll" adapterTypeName="executor://xunit/VsTestRunner2/netcoreapp" className="xUnitTestProject.CurrencyHelperTests" name="FormatToStringTest1000" />
    </UnitTest>
    <UnitTest name="xUnitTestProject.CurrencyHelperTests.FormatToStringTest1000(price: 17252.06220983903, expected: &quot;17252.06 zł&quot;)" storage="c:\projekty\xunittestproject\bin\debug\netcoreapp3.1\xunittestproject.dll" id="491a28af-9dc3-1b63-07e3-54fe5ff8a2ad">
      <Execution id="9afdfd76-93fd-40f6-8f79-a1cacb0e7d36" />
      <TestMethod codeBase="C:\Projekty\xUnitTestProject\bin\Debug\netcoreapp3.1\xUnitTestProject.dll" adapterTypeName="executor://xunit/VsTestRunner2/netcoreapp" className="xUnitTestProject.CurrencyHelperTests" name="FormatToStringTest1000" />
    </UnitTest>
    <UnitTest name="xUnitTestProject.CurrencyHelperTests.FormatToStringTest1000(price: 16819.974312979717, expected: &quot;16819.97 zł&quot;)" storage="c:\projekty\xunittestproject\bin\debug\netcoreapp3.1\xunittestproject.dll" id="23282872-5c32-1fb9-e0a2-cb7aa878c838">
      <Execution id="c72fbaa6-4cb1-49e2-8ae8-4f4fb98529be" />
      <TestMethod codeBase="C:\Projekty\xUnitTestProject\bin\Debug\netcoreapp3.1\xUnitTestProject.dll" adapterTypeName="executor://xunit/VsTestRunner2/netcoreapp" className="xUnitTestProject.CurrencyHelperTests" name="FormatToStringTest1000" />
    </UnitTest>
    <UnitTest name="xUnitTestProject.CurrencyHelperTests.FormatToStringTest1000(price: 54275.73209373408, expected: &quot;54275.73 zł&quot;)" storage="c:\projekty\xunittestproject\bin\debug\netcoreapp3.1\xunittestproject.dll" id="ef8075a8-e8bb-22f0-871e-f2b168e2c55c">
      <Execution id="2892d5ac-635d-41e0-892d-04e951a8a3ec" />
      <TestMethod codeBase="C:\Projekty\xUnitTestProject\bin\Debug\netcoreapp3.1\xUnitTestProject.dll" adapterTypeName="executor://xunit/VsTestRunner2/netcoreapp" className="xUnitTestProject.CurrencyHelperTests" name="FormatToStringTest1000" />
    </UnitTest>
    <UnitTest name="xUnitTestProject.CurrencyHelperTests.FormatToStringTest1000(price: 65204.90483536055, expected: &quot;65204.90 zł&quot;)" storage="c:\projekty\xunittestproject\bin\debug\netcoreapp3.1\xunittestproject.dll" id="1e915730-ab57-9b1e-994b-24cc1c98dc55">
      <Execution id="5f563f0f-a47e-4d1d-a77e-8ee7f550af04" />
      <TestMethod codeBase="C:\Projekty\xUnitTestProject\bin\Debug\netcoreapp3.1\xUnitTestProject.dll" adapterTypeName="executor://xunit/VsTestRunner2/netcoreapp" className="xUnitTestProject.CurrencyHelperTests" name="FormatToStringTest1000" />
    </UnitTest>
    <UnitTest name="xUnitTestProject.CurrencyHelperTests.FormatToStringTest1000(price: 26945.125386551546, expected: &quot;26945.13 zł&quot;)" storage="c:\projekty\xunittestproject\bin\debug\netcoreapp3.1\xunittestproject.dll" id="38f897eb-957e-6945-e8b5-f2e873b7ac17">
      <Execution id="3d49903c-f00f-4929-903e-aa55713880f7" />
      <TestMethod codeBase="C:\Projekty\xUnitTestProject\bin\Debug\netcoreapp3.1\xUnitTestProject.dll" adapterTypeName="executor://xunit/VsTestRunner2/netcoreapp" className="xUnitTestProject.CurrencyHelperTests" name="FormatToStringTest1000" />
    </UnitTest>
    <UnitTest name="xUnitTestProject.CurrencyHelperTests.FormatToStringTest1000(price: 12125.090155628086, expected: &quot;12125.09 zł&quot;)" storage="c:\projekty\xunittestproject\bin\debug\netcoreapp3.1\xunittestproject.dll" id="d5c3657d-a220-d2b1-57c9-e4353f6b9eb6">
      <Execution id="bed436fb-fb59-4677-9ee9-a82dcf26582b" />
      <TestMethod codeBase="C:\Projekty\xUnitTestProject\bin\Debug\netcoreapp3.1\xUnitTestProject.dll" adapterTypeName="executor://xunit/VsTestRunner2/netcoreapp" className="xUnitTestProject.CurrencyHelperTests" name="FormatToStringTest1000" />
    </UnitTest>
    <UnitTest name="xUnitTestProject.CurrencyHelperTests.FormatToStringTest1000(price: 64124.274503948756, expected: &quot;64124.27 zł&quot;)" storage="c:\projekty\xunittestproject\bin\debug\netcoreapp3.1\xunittestproject.dll" id="21c8abf8-9b6f-d71c-0d26-379759e20f24">
      <Execution id="46a66aee-d6d9-4824-bd6a-a566e5aebfc6" />
      <TestMethod codeBase="C:\Projekty\xUnitTestProject\bin\Debug\netcoreapp3.1\xUnitTestProject.dll" adapterTypeName="executor://xunit/VsTestRunner2/netcoreapp" className="xUnitTestProject.CurrencyHelperTests" name="FormatToStringTest1000" />
    </UnitTest>
    <UnitTest name="xUnitTestProject.CurrencyHelperTests.FormatToStringTest1000(price: 53192.79032742269, expected: &quot;53192.79 zł&quot;)" storage="c:\projekty\xunittestproject\bin\debug\netcoreapp3.1\xunittestproject.dll" id="31b9c4ce-6a9b-3b29-d842-ab748e7d275b">
      <Execution id="d669a9fc-f37c-426d-9892-a3645f34343a" />
      <TestMethod codeBase="C:\Projekty\xUnitTestProject\bin\Debug\netcoreapp3.1\xUnitTestProject.dll" adapterTypeName="executor://xunit/VsTestRunner2/netcoreapp" className="xUnitTestProject.CurrencyHelperTests" name="FormatToStringTest1000" />
    </UnitTest>
    <UnitTest name="xUnitTestProject.CurrencyHelperTests.FormatToStringTest1000(price: 22557.09603308099, expected: &quot;22557.10 zł&quot;)" storage="c:\projekty\xunittestproject\bin\debug\netcoreapp3.1\xunittestproject.dll" id="419d247e-1033-df66-fcc5-471a4ec8f5e3">
      <Execution id="75344522-b1e2-4143-a436-34ecac1fd312" />
      <TestMethod codeBase="C:\Projekty\xUnitTestProject\bin\Debug\netcoreapp3.1\xUnitTestProject.dll" adapterTypeName="executor://xunit/VsTestRunner2/netcoreapp" className="xUnitTestProject.CurrencyHelperTests" name="FormatToStringTest1000" />
    </UnitTest>
    <UnitTest name="xUnitTestProject.CurrencyHelperTests.FormatToStringTest1000(price: 46803.36433423374, expected: &quot;46803.36 zł&quot;)" storage="c:\projekty\xunittestproject\bin\debug\netcoreapp3.1\xunittestproject.dll" id="7fe2a8ad-3600-98d5-7117-12a9f9025c62">
      <Execution id="fc7cb1d9-3300-4d81-8936-af264b687b68" />
      <TestMethod codeBase="C:\Projekty\xUnitTestProject\bin\Debug\netcoreapp3.1\xUnitTestProject.dll" adapterTypeName="executor://xunit/VsTestRunner2/netcoreapp" className="xUnitTestProject.CurrencyHelperTests" name="FormatToStringTest1000" />
    </UnitTest>
    <UnitTest name="xUnitTestProject.CurrencyHelperTests.FormatToStringTest1000(price: 52858.048916166204, expected: &quot;52858.05 zł&quot;)" storage="c:\projekty\xunittestproject\bin\debug\netcoreapp3.1\xunittestproject.dll" id="1ede13b3-cc3c-b767-91a3-9e4f793d1dd5">
      <Execution id="dc36f88f-5522-4056-907e-2eaae1ecac5b" />
      <TestMethod codeBase="C:\Projekty\xUnitTestProject\bin\Debug\netcoreapp3.1\xUnitTestProject.dll" adapterTypeName="executor://xunit/VsTestRunner2/netcoreapp" className="xUnitTestProject.CurrencyHelperTests" name="FormatToStringTest1000" />
    </UnitTest>
    <UnitTest name="xUnitTestProject.CurrencyHelperTests.FormatToStringTest1000(price: 2992.6161168593057, expected: &quot;2992.62 zł&quot;)" storage="c:\projekty\xunittestproject\bin\debug\netcoreapp3.1\xunittestproject.dll" id="fe35c71e-d9ed-258c-2105-0adfcd0d495e">
      <Execution id="8ecdf96d-9f05-4dee-92df-d2b24848a211" />
      <TestMethod codeBase="C:\Projekty\xUnitTestProject\bin\Debug\netcoreapp3.1\xUnitTestProject.dll" adapterTypeName="executor://xunit/VsTestRunner2/netcoreapp" className="xUnitTestProject.CurrencyHelperTests" name="FormatToStringTest1000" />
    </UnitTest>
    <UnitTest name="xUnitTestProject.CurrencyHelperTests.FormatToStringTest1000(price: 7182.939759099362, expected: &quot;7182.94 zł&quot;)" storage="c:\projekty\xunittestproject\bin\debug\netcoreapp3.1\xunittestproject.dll" id="2194158b-3f8a-54e0-368a-945d72c0c309">
      <Execution id="58dd1c6a-6ef7-4d4f-9e53-e52786d5063a" />
      <TestMethod codeBase="C:\Projekty\xUnitTestProject\bin\Debug\netcoreapp3.1\xUnitTestProject.dll" adapterTypeName="executor://xunit/VsTestRunner2/netcoreapp" className="xUnitTestProject.CurrencyHelperTests" name="FormatToStringTest1000" />
    </UnitTest>
    <UnitTest name="xUnitTestProject.CurrencyHelperTests.FormatToStringTest1000(price: 45455.14554704127, expected: &quot;45455.15 zł&quot;)" storage="c:\projekty\xunittestproject\bin\debug\netcoreapp3.1\xunittestproject.dll" id="1c506770-d4ff-94e1-aa2e-f8d5ecc5a897">
      <Execution id="dc65bd38-4df3-4ca0-b463-aca3213e6242" />
      <TestMethod codeBase="C:\Projekty\xUnitTestProject\bin\Debug\netcoreapp3.1\xUnitTestProject.dll" adapterTypeName="executor://xunit/VsTestRunner2/netcoreapp" className="xUnitTestProject.CurrencyHelperTests" name="FormatToStringTest1000" />
    </UnitTest>
    <UnitTest name="xUnitTestProject.CurrencyHelperTests.FormatToStringTest1000(price: 5140.16338917155, expected: &quot;5140.16 zł&quot;)" storage="c:\projekty\xunittestproject\bin\debug\netcoreapp3.1\xunittestproject.dll" id="ad51f424-6928-1bb2-fff3-55ef9dbab945">
      <Execution id="51b6f40e-7885-4b99-8a8c-1732e80e35e0" />
      <TestMethod codeBase="C:\Projekty\xUnitTestProject\bin\Debug\netcoreapp3.1\xUnitTestProject.dll" adapterTypeName="executor://xunit/VsTestRunner2/netcoreapp" className="xUnitTestProject.CurrencyHelperTests" name="FormatToStringTest1000" />
    </UnitTest>
    <UnitTest name="xUnitTestProject.CurrencyHelperTests.FormatToStringTest1000(price: 736.7398243680316, expected: &quot;736.74 zł&quot;)" storage="c:\projekty\xunittestproject\bin\debug\netcoreapp3.1\xunittestproject.dll" id="8d5bed77-8b58-0b0c-25f0-22107332d09a">
      <Execution id="4f63faa6-5a71-4834-bf15-4708c4920eb5" />
      <TestMethod codeBase="C:\Projekty\xUnitTestProject\bin\Debug\netcoreapp3.1\xUnitTestProject.dll" adapterTypeName="executor://xunit/VsTestRunner2/netcoreapp" className="xUnitTestProject.CurrencyHelperTests" name="FormatToStringTest1000" />
    </UnitTest>
    <UnitTest name="xUnitTestProject.CurrencyHelperTests.FormatToStringTest1000(price: 76536.95853396178, expected: &quot;76536.96 zł&quot;)" storage="c:\projekty\xunittestproject\bin\debug\netcoreapp3.1\xunittestproject.dll" id="cf6ce7eb-96c1-8a55-15f9-4fb2522dc822">
      <Execution id="3af788c7-4693-4cd3-92d5-9c27bd7559a9" />
      <TestMethod codeBase="C:\Projekty\xUnitTestProject\bin\Debug\netcoreapp3.1\xUnitTestProject.dll" adapterTypeName="executor://xunit/VsTestRunner2/netcoreapp" className="xUnitTestProject.CurrencyHelperTests" name="FormatToStringTest1000" />
    </UnitTest>
    <UnitTest name="xUnitTestProject.CurrencyHelperTests.FormatToStringTest1000(price: 50413.517583300134, expected: &quot;50413.52 zł&quot;)" storage="c:\projekty\xunittestproject\bin\debug\netcoreapp3.1\xunittestproject.dll" id="87ce6106-4ac0-9f5c-9d1b-30007974d2cb">
      <Execution id="671c8778-9f92-4f43-81c6-628ee5a48516" />
      <TestMethod codeBase="C:\Projekty\xUnitTestProject\bin\Debug\netcoreapp3.1\xUnitTestProject.dll" adapterTypeName="executor://xunit/VsTestRunner2/netcoreapp" className="xUnitTestProject.CurrencyHelperTests" name="FormatToStringTest1000" />
    </UnitTest>
    <UnitTest name="xUnitTestProject.CurrencyHelperTests.FormatToStringTest1000(price: 9818.257405763146, expected: &quot;9818.26 zł&quot;)" storage="c:\projekty\xunittestproject\bin\debug\netcoreapp3.1\xunittestproject.dll" id="b96da561-72c0-f108-100e-28aea4f8d524">
      <Execution id="3b7c7b72-7bdf-409c-9c35-6b349f9145d0" />
      <TestMethod codeBase="C:\Projekty\xUnitTestProject\bin\Debug\netcoreapp3.1\xUnitTestProject.dll" adapterTypeName="executor://xunit/VsTestRunner2/netcoreapp" className="xUnitTestProject.CurrencyHelperTests" name="FormatToStringTest1000" />
    </UnitTest>
    <UnitTest name="xUnitTestProject.CurrencyHelperTests.FormatToStringTest1000(price: 34136.0993783046, expected: &quot;34136.10 zł&quot;)" storage="c:\projekty\xunittestproject\bin\debug\netcoreapp3.1\xunittestproject.dll" id="90529360-95e5-c60b-5727-b5fa7d491b19">
      <Execution id="c1944607-d2ab-433a-9b80-b9b74073e2c2" />
      <TestMethod codeBase="C:\Projekty\xUnitTestProject\bin\Debug\netcoreapp3.1\xUnitTestProject.dll" adapterTypeName="executor://xunit/VsTestRunner2/netcoreapp" className="xUnitTestProject.CurrencyHelperTests" name="FormatToStringTest1000" />
    </UnitTest>
    <UnitTest name="xUnitTestProject.CurrencyHelperTests.FormatToStringTest1000(price: 12577.642620996872, expected: &quot;12577.64 zł&quot;)" storage="c:\projekty\xunittestproject\bin\debug\netcoreapp3.1\xunittestproject.dll" id="9fa4910a-439f-a7b3-42d7-59f8d60a9e4f">
      <Execution id="c205587e-cb8b-4ccc-b068-88faa4d14d99" />
      <TestMethod codeBase="C:\Projekty\xUnitTestProject\bin\Debug\netcoreapp3.1\xUnitTestProject.dll" adapterTypeName="executor://xunit/VsTestRunner2/netcoreapp" className="xUnitTestProject.CurrencyHelperTests" name="FormatToStringTest1000" />
    </UnitTest>
    <UnitTest name="xUnitTestProject.CurrencyHelperTests.FormatToStringTest1000(price: 68174.53068551492, expected: &quot;68174.53 zł&quot;)" storage="c:\projekty\xunittestproject\bin\debug\netcoreapp3.1\xunittestproject.dll" id="a80246d5-ddf8-7929-99a4-5139184114ef">
      <Execution id="ab0eea44-a527-4055-8b9a-40bd9a505060" />
      <TestMethod codeBase="C:\Projekty\xUnitTestProject\bin\Debug\netcoreapp3.1\xUnitTestProject.dll" adapterTypeName="executor://xunit/VsTestRunner2/netcoreapp" className="xUnitTestProject.CurrencyHelperTests" name="FormatToStringTest1000" />
    </UnitTest>
    <UnitTest name="xUnitTestProject.CurrencyHelperTests.FormatToStringTest1000(price: 21602.417596116393, expected: &quot;21602.42 zł&quot;)" storage="c:\projekty\xunittestproject\bin\debug\netcoreapp3.1\xunittestproject.dll" id="8b9bc8ba-9742-8b44-9f33-0b46de660b7e">
      <Execution id="813135e8-9194-4835-a9b9-81d916b919d9" />
      <TestMethod codeBase="C:\Projekty\xUnitTestProject\bin\Debug\netcoreapp3.1\xUnitTestProject.dll" adapterTypeName="executor://xunit/VsTestRunner2/netcoreapp" className="xUnitTestProject.CurrencyHelperTests" name="FormatToStringTest1000" />
    </UnitTest>
    <UnitTest name="xUnitTestProject.CurrencyHelperTests.FormatToStringTest1000(price: 51408.294679657694, expected: &quot;51408.29 zł&quot;)" storage="c:\projekty\xunittestproject\bin\debug\netcoreapp3.1\xunittestproject.dll" id="e6ee2e42-d693-5a92-34f3-83564b601337">
      <Execution id="b73d3216-b2ee-40b4-ba75-ee029c61ef31" />
      <TestMethod codeBase="C:\Projekty\xUnitTestProject\bin\Debug\netcoreapp3.1\xUnitTestProject.dll" adapterTypeName="executor://xunit/VsTestRunner2/netcoreapp" className="xUnitTestProject.CurrencyHelperTests" name="FormatToStringTest1000" />
    </UnitTest>
    <UnitTest name="xUnitTestProject.CurrencyHelperTests.FormatToStringTest1000(price: 3521.3657738167635, expected: &quot;3521.37 zł&quot;)" storage="c:\projekty\xunittestproject\bin\debug\netcoreapp3.1\xunittestproject.dll" id="21bbacc0-ff4d-ad67-a90f-e4f994353077">
      <Execution id="5163fc88-5634-4009-9c95-fe876b46ec2b" />
      <TestMethod codeBase="C:\Projekty\xUnitTestProject\bin\Debug\netcoreapp3.1\xUnitTestProject.dll" adapterTypeName="executor://xunit/VsTestRunner2/netcoreapp" className="xUnitTestProject.CurrencyHelperTests" name="FormatToStringTest1000" />
    </UnitTest>
    <UnitTest name="xUnitTestProject.CurrencyHelperTests.FormatToStringTest1000(price: 23649.104642116046, expected: &quot;23649.10 zł&quot;)" storage="c:\projekty\xunittestproject\bin\debug\netcoreapp3.1\xunittestproject.dll" id="45b26f0b-a8bb-4b3f-d7c4-794f4ece7d3c">
      <Execution id="d496cbe0-0134-4a17-8c7e-6325fb400760" />
      <TestMethod codeBase="C:\Projekty\xUnitTestProject\bin\Debug\netcoreapp3.1\xUnitTestProject.dll" adapterTypeName="executor://xunit/VsTestRunner2/netcoreapp" className="xUnitTestProject.CurrencyHelperTests" name="FormatToStringTest1000" />
    </UnitTest>
    <UnitTest name="xUnitTestProject.CurrencyHelperTests.FormatToStringTest1000(price: 6429.44273095552, expected: &quot;6429.44 zł&quot;)" storage="c:\projekty\xunittestproject\bin\debug\netcoreapp3.1\xunittestproject.dll" id="9bed9c4d-df2b-32b1-c6ce-ea879f4b2fcd">
      <Execution id="09231c30-5092-4bd6-88e4-4a93cd0e6d13" />
      <TestMethod codeBase="C:\Projekty\xUnitTestProject\bin\Debug\netcoreapp3.1\xUnitTestProject.dll" adapterTypeName="executor://xunit/VsTestRunner2/netcoreapp" className="xUnitTestProject.CurrencyHelperTests" name="FormatToStringTest1000" />
    </UnitTest>
    <UnitTest name="xUnitTestProject.CurrencyHelperTests.FormatToStringTest1000(price: 750.5106571719566, expected: &quot;750.51 zł&quot;)" storage="c:\projekty\xunittestproject\bin\debug\netcoreapp3.1\xunittestproject.dll" id="75567229-1858-de57-219b-cfd8f4a7e8de">
      <Execution id="b0d6fcf5-5c62-41f5-a0d5-c3cfe92ed358" />
      <TestMethod codeBase="C:\Projekty\xUnitTestProject\bin\Debug\netcoreapp3.1\xUnitTestProject.dll" adapterTypeName="executor://xunit/VsTestRunner2/netcoreapp" className="xUnitTestProject.CurrencyHelperTests" name="FormatToStringTest1000" />
    </UnitTest>
    <UnitTest name="xUnitTestProject.CurrencyHelperTests.FormatToStringTest1000(price: 22533.17694295811, expected: &quot;22533.18 zł&quot;)" storage="c:\projekty\xunittestproject\bin\debug\netcoreapp3.1\xunittestproject.dll" id="83c96126-428f-5139-26c1-00806d946a42">
      <Execution id="03f5ca29-675f-4009-a8ac-25d876a7ae50" />
      <TestMethod codeBase="C:\Projekty\xUnitTestProject\bin\Debug\netcoreapp3.1\xUnitTestProject.dll" adapterTypeName="executor://xunit/VsTestRunner2/netcoreapp" className="xUnitTestProject.CurrencyHelperTests" name="FormatToStringTest1000" />
    </UnitTest>
    <UnitTest name="xUnitTestProject.CurrencyHelperTests.FormatToStringTest1000(price: 4419.750844657306, expected: &quot;4419.75 zł&quot;)" storage="c:\projekty\xunittestproject\bin\debug\netcoreapp3.1\xunittestproject.dll" id="eccf41da-6b65-aa5d-c784-b8badc726d9b">
      <Execution id="a56a5593-105b-4c08-bbcd-7e0ea20cb419" />
      <TestMethod codeBase="C:\Projekty\xUnitTestProject\bin\Debug\netcoreapp3.1\xUnitTestProject.dll" adapterTypeName="executor://xunit/VsTestRunner2/netcoreapp" className="xUnitTestProject.CurrencyHelperTests" name="FormatToStringTest1000" />
    </UnitTest>
    <UnitTest name="xUnitTestProject.CurrencyHelperTests.FormatToStringTest1000(price: 4614.673205890541, expected: &quot;4614.67 zł&quot;)" storage="c:\projekty\xunittestproject\bin\debug\netcoreapp3.1\xunittestproject.dll" id="a1b1cd1d-1429-3ac2-3b82-a26d05133f17">
      <Execution id="80ae18e8-14c9-45a0-92e5-53b9f4a46bb8" />
      <TestMethod codeBase="C:\Projekty\xUnitTestProject\bin\Debug\netcoreapp3.1\xUnitTestProject.dll" adapterTypeName="executor://xunit/VsTestRunner2/netcoreapp" className="xUnitTestProject.CurrencyHelperTests" name="FormatToStringTest1000" />
    </UnitTest>
    <UnitTest name="xUnitTestProject.CurrencyHelperTests.FormatToStringTest1000(price: 28080.92507087669, expected: &quot;28080.93 zł&quot;)" storage="c:\projekty\xunittestproject\bin\debug\netcoreapp3.1\xunittestproject.dll" id="a9c621d8-eb9e-3cd1-2b29-ed69514bad1f">
      <Execution id="af174463-f5a7-4b2e-b9cc-0921b9f87052" />
      <TestMethod codeBase="C:\Projekty\xUnitTestProject\bin\Debug\netcoreapp3.1\xUnitTestProject.dll" adapterTypeName="executor://xunit/VsTestRunner2/netcoreapp" className="xUnitTestProject.CurrencyHelperTests" name="FormatToStringTest1000" />
    </UnitTest>
    <UnitTest name="xUnitTestProject.CurrencyHelperTests.FormatToStringTest1000(price: 47256.065730817645, expected: &quot;47256.07 zł&quot;)" storage="c:\projekty\xunittestproject\bin\debug\netcoreapp3.1\xunittestproject.dll" id="8fb0d924-6ca3-e44c-f26a-1c29eb5d30bd">
      <Execution id="01635861-10b1-4a6a-8cf1-4d768ba206a6" />
      <TestMethod codeBase="C:\Projekty\xUnitTestProject\bin\Debug\netcoreapp3.1\xUnitTestProject.dll" adapterTypeName="executor://xunit/VsTestRunner2/netcoreapp" className="xUnitTestProject.CurrencyHelperTests" name="FormatToStringTest1000" />
    </UnitTest>
    <UnitTest name="xUnitTestProject.CurrencyHelperTests.FormatToStringTest1000(price: 4411.456718280659, expected: &quot;4411.46 zł&quot;)" storage="c:\projekty\xunittestproject\bin\debug\netcoreapp3.1\xunittestproject.dll" id="76ad8ec9-5ccc-b3a3-7c1b-d549d0dbd095">
      <Execution id="313db374-89da-40de-bcb7-20779c4257dc" />
      <TestMethod codeBase="C:\Projekty\xUnitTestProject\bin\Debug\netcoreapp3.1\xUnitTestProject.dll" adapterTypeName="executor://xunit/VsTestRunner2/netcoreapp" className="xUnitTestProject.CurrencyHelperTests" name="FormatToStringTest1000" />
    </UnitTest>
    <UnitTest name="xUnitTestProject.CurrencyHelperTests.FormatToStringTest1000(price: 20321.03715103913, expected: &quot;20321.04 zł&quot;)" storage="c:\projekty\xunittestproject\bin\debug\netcoreapp3.1\xunittestproject.dll" id="3aa6da58-73c8-f8a3-c690-8bbd80282877">
      <Execution id="1a8b55c6-8280-4950-86a3-284a4ee52852" />
      <TestMethod codeBase="C:\Projekty\xUnitTestProject\bin\Debug\netcoreapp3.1\xUnitTestProject.dll" adapterTypeName="executor://xunit/VsTestRunner2/netcoreapp" className="xUnitTestProject.CurrencyHelperTests" name="FormatToStringTest1000" />
    </UnitTest>
    <UnitTest name="xUnitTestProject.CurrencyHelperTests.FormatToStringTest1000(price: 27852.532163303127, expected: &quot;27852.53 zł&quot;)" storage="c:\projekty\xunittestproject\bin\debug\netcoreapp3.1\xunittestproject.dll" id="3fa3f1d2-90bc-c93b-b647-8aef449b689a">
      <Execution id="272052ff-ddcd-48bb-9ec1-2c05c7fae454" />
      <TestMethod codeBase="C:\Projekty\xUnitTestProject\bin\Debug\netcoreapp3.1\xUnitTestProject.dll" adapterTypeName="executor://xunit/VsTestRunner2/netcoreapp" className="xUnitTestProject.CurrencyHelperTests" name="FormatToStringTest1000" />
    </UnitTest>
    <UnitTest name="xUnitTestProject.CurrencyHelperTests.FormatToStringTest1000(price: 16511.26921423537, expected: &quot;16511.27 zł&quot;)" storage="c:\projekty\xunittestproject\bin\debug\netcoreapp3.1\xunittestproject.dll" id="799374f9-c088-e602-bce1-d22bf769b783">
      <Execution id="5095caba-9063-4387-b099-bb1eb74301ad" />
      <TestMethod codeBase="C:\Projekty\xUnitTestProject\bin\Debug\netcoreapp3.1\xUnitTestProject.dll" adapterTypeName="executor://xunit/VsTestRunner2/netcoreapp" className="xUnitTestProject.CurrencyHelperTests" name="FormatToStringTest1000" />
    </UnitTest>
    <UnitTest name="xUnitTestProject.CurrencyHelperTests.FormatToStringTest1000(price: 20752.33758466334, expected: &quot;20752.34 zł&quot;)" storage="c:\projekty\xunittestproject\bin\debug\netcoreapp3.1\xunittestproject.dll" id="0751b11b-a6a8-a4ef-30e1-f910838570cb">
      <Execution id="c7647286-b473-499d-8f81-a2557bf4cd66" />
      <TestMethod codeBase="C:\Projekty\xUnitTestProject\bin\Debug\netcoreapp3.1\xUnitTestProject.dll" adapterTypeName="executor://xunit/VsTestRunner2/netcoreapp" className="xUnitTestProject.CurrencyHelperTests" name="FormatToStringTest1000" />
    </UnitTest>
    <UnitTest name="xUnitTestProject.CurrencyHelperTests.FormatToStringTest1000(price: 43799.04472166535, expected: &quot;43799.04 zł&quot;)" storage="c:\projekty\xunittestproject\bin\debug\netcoreapp3.1\xunittestproject.dll" id="20029a95-caa6-71d7-8434-4467fe9b8732">
      <Execution id="6d4cc0c5-cb60-48ed-9037-2cbbe03e2d78" />
      <TestMethod codeBase="C:\Projekty\xUnitTestProject\bin\Debug\netcoreapp3.1\xUnitTestProject.dll" adapterTypeName="executor://xunit/VsTestRunner2/netcoreapp" className="xUnitTestProject.CurrencyHelperTests" name="FormatToStringTest1000" />
    </UnitTest>
    <UnitTest name="xUnitTestProject.CurrencyHelperTests.FormatToStringTest1000(price: 5961.755129208674, expected: &quot;5961.76 zł&quot;)" storage="c:\projekty\xunittestproject\bin\debug\netcoreapp3.1\xunittestproject.dll" id="2bdae34b-74e4-b57e-0c4e-9f8a61c91aa5">
      <Execution id="5829acff-b446-4c9a-9514-39d1fc9b189d" />
      <TestMethod codeBase="C:\Projekty\xUnitTestProject\bin\Debug\netcoreapp3.1\xUnitTestProject.dll" adapterTypeName="executor://xunit/VsTestRunner2/netcoreapp" className="xUnitTestProject.CurrencyHelperTests" name="FormatToStringTest1000" />
    </UnitTest>
    <UnitTest name="xUnitTestProject.CurrencyHelperTests.FormatToStringTest1000(price: 16210.791556035536, expected: &quot;16210.79 zł&quot;)" storage="c:\projekty\xunittestproject\bin\debug\netcoreapp3.1\xunittestproject.dll" id="599b5bdf-c3a2-ab45-0452-3da415351122">
      <Execution id="7b1a491e-143c-4af4-a454-233fc986f2ab" />
      <TestMethod codeBase="C:\Projekty\xUnitTestProject\bin\Debug\netcoreapp3.1\xUnitTestProject.dll" adapterTypeName="executor://xunit/VsTestRunner2/netcoreapp" className="xUnitTestProject.CurrencyHelperTests" name="FormatToStringTest1000" />
    </UnitTest>
    <UnitTest name="xUnitTestProject.CurrencyHelperTests.FormatToStringTest1000(price: 6654.099431086378, expected: &quot;6654.10 zł&quot;)" storage="c:\projekty\xunittestproject\bin\debug\netcoreapp3.1\xunittestproject.dll" id="d2be2dc8-81b6-46cb-cbba-3709ad4b1996">
      <Execution id="8738931a-475b-43e2-980c-5adecb4ac0cd" />
      <TestMethod codeBase="C:\Projekty\xUnitTestProject\bin\Debug\netcoreapp3.1\xUnitTestProject.dll" adapterTypeName="executor://xunit/VsTestRunner2/netcoreapp" className="xUnitTestProject.CurrencyHelperTests" name="FormatToStringTest1000" />
    </UnitTest>
    <UnitTest name="xUnitTestProject.CurrencyHelperTests.FormatToStringTest1000(price: 40857.08543233996, expected: &quot;40857.09 zł&quot;)" storage="c:\projekty\xunittestproject\bin\debug\netcoreapp3.1\xunittestproject.dll" id="2903f8f9-605c-f4a1-c251-e272e8faf58d">
      <Execution id="582225c6-6822-4ff2-b93a-f63eeeefd313" />
      <TestMethod codeBase="C:\Projekty\xUnitTestProject\bin\Debug\netcoreapp3.1\xUnitTestProject.dll" adapterTypeName="executor://xunit/VsTestRunner2/netcoreapp" className="xUnitTestProject.CurrencyHelperTests" name="FormatToStringTest1000" />
    </UnitTest>
    <UnitTest name="xUnitTestProject.CurrencyHelperTests.FormatToStringTest1000(price: 33413.381276228174, expected: &quot;33413.38 zł&quot;)" storage="c:\projekty\xunittestproject\bin\debug\netcoreapp3.1\xunittestproject.dll" id="3f543d31-d892-849e-9693-7ae2624b2c94">
      <Execution id="2fae116d-2108-449a-9be0-5e24010e3f63" />
      <TestMethod codeBase="C:\Projekty\xUnitTestProject\bin\Debug\netcoreapp3.1\xUnitTestProject.dll" adapterTypeName="executor://xunit/VsTestRunner2/netcoreapp" className="xUnitTestProject.CurrencyHelperTests" name="FormatToStringTest1000" />
    </UnitTest>
    <UnitTest name="xUnitTestProject.CurrencyHelperTests.FormatToStringTest1000(price: 52810.91713865516, expected: &quot;52810.92 zł&quot;)" storage="c:\projekty\xunittestproject\bin\debug\netcoreapp3.1\xunittestproject.dll" id="6cc408c2-2cb5-45f5-22cc-d2054659459b">
      <Execution id="2aed1dee-fc1d-4645-8f49-45ce813e018b" />
      <TestMethod codeBase="C:\Projekty\xUnitTestProject\bin\Debug\netcoreapp3.1\xUnitTestProject.dll" adapterTypeName="executor://xunit/VsTestRunner2/netcoreapp" className="xUnitTestProject.CurrencyHelperTests" name="FormatToStringTest1000" />
    </UnitTest>
    <UnitTest name="xUnitTestProject.CurrencyHelperTests.FormatToStringTest1000(price: 19500.031951036784, expected: &quot;19500.03 zł&quot;)" storage="c:\projekty\xunittestproject\bin\debug\netcoreapp3.1\xunittestproject.dll" id="b9639a73-b99d-241a-c8a5-6c3a19c63133">
      <Execution id="9c9a4279-c9cf-4a34-a145-d599a78ca53c" />
      <TestMethod codeBase="C:\Projekty\xUnitTestProject\bin\Debug\netcoreapp3.1\xUnitTestProject.dll" adapterTypeName="executor://xunit/VsTestRunner2/netcoreapp" className="xUnitTestProject.CurrencyHelperTests" name="FormatToStringTest1000" />
    </UnitTest>
    <UnitTest name="xUnitTestProject.CurrencyHelperTests.FormatToStringTest1000(price: 24308.26523149212, expected: &quot;24308.27 zł&quot;)" storage="c:\projekty\xunittestproject\bin\debug\netcoreapp3.1\xunittestproject.dll" id="4d07a1bc-a8d9-c223-fb28-a20fa9ce459f">
      <Execution id="19d67b4c-444b-46dc-bc3e-b5245bfdd8ee" />
      <TestMethod codeBase="C:\Projekty\xUnitTestProject\bin\Debug\netcoreapp3.1\xUnitTestProject.dll" adapterTypeName="executor://xunit/VsTestRunner2/netcoreapp" className="xUnitTestProject.CurrencyHelperTests" name="FormatToStringTest1000" />
    </UnitTest>
    <UnitTest name="xUnitTestProject.CurrencyHelperTests.FormatToStringTest1000(price: 68479.93492677805, expected: &quot;68479.93 zł&quot;)" storage="c:\projekty\xunittestproject\bin\debug\netcoreapp3.1\xunittestproject.dll" id="039e02b8-589d-bf11-ab34-101144716c75">
      <Execution id="f270210e-a9cb-4527-b6a4-1f4edeca55fc" />
      <TestMethod codeBase="C:\Projekty\xUnitTestProject\bin\Debug\netcoreapp3.1\xUnitTestProject.dll" adapterTypeName="executor://xunit/VsTestRunner2/netcoreapp" className="xUnitTestProject.CurrencyHelperTests" name="FormatToStringTest1000" />
    </UnitTest>
    <UnitTest name="xUnitTestProject.CurrencyHelperTests.FormatToStringTest1000(price: 4539.210371735137, expected: &quot;4539.21 zł&quot;)" storage="c:\projekty\xunittestproject\bin\debug\netcoreapp3.1\xunittestproject.dll" id="cd325bca-14d8-e62d-3ed3-b6cff2a5be8c">
      <Execution id="d2c09faf-ac6b-4f98-ab2d-ed133c942575" />
      <TestMethod codeBase="C:\Projekty\xUnitTestProject\bin\Debug\netcoreapp3.1\xUnitTestProject.dll" adapterTypeName="executor://xunit/VsTestRunner2/netcoreapp" className="xUnitTestProject.CurrencyHelperTests" name="FormatToStringTest1000" />
    </UnitTest>
    <UnitTest name="xUnitTestProject.CurrencyHelperTests.FormatToStringTest1000(price: 20552.966022956633, expected: &quot;20552.97 zł&quot;)" storage="c:\projekty\xunittestproject\bin\debug\netcoreapp3.1\xunittestproject.dll" id="112056a7-90b6-3caa-8868-b79786565857">
      <Execution id="0bd11e30-fba0-4825-a742-65222072dd06" />
      <TestMethod codeBase="C:\Projekty\xUnitTestProject\bin\Debug\netcoreapp3.1\xUnitTestProject.dll" adapterTypeName="executor://xunit/VsTestRunner2/netcoreapp" className="xUnitTestProject.CurrencyHelperTests" name="FormatToStringTest1000" />
    </UnitTest>
    <UnitTest name="xUnitTestProject.CurrencyHelperTests.FormatToStringTest1000(price: 17418.31302247863, expected: &quot;17418.31 zł&quot;)" storage="c:\projekty\xunittestproject\bin\debug\netcoreapp3.1\xunittestproject.dll" id="749e89fd-9c9b-5d83-545c-b459ff44beff">
      <Execution id="91b71107-ab0f-4ec7-b2bb-295353f994f2" />
      <TestMethod codeBase="C:\Projekty\xUnitTestProject\bin\Debug\netcoreapp3.1\xUnitTestProject.dll" adapterTypeName="executor://xunit/VsTestRunner2/netcoreapp" className="xUnitTestProject.CurrencyHelperTests" name="FormatToStringTest1000" />
    </UnitTest>
    <UnitTest name="xUnitTestProject.CurrencyHelperTests.FormatToStringTest1000(price: 17875.613377604455, expected: &quot;17875.61 zł&quot;)" storage="c:\projekty\xunittestproject\bin\debug\netcoreapp3.1\xunittestproject.dll" id="f03f6860-12a5-6960-814c-3c29d5bd5d06">
      <Execution id="f2f9f284-222b-4928-b16a-f3c4398edc4e" />
      <TestMethod codeBase="C:\Projekty\xUnitTestProject\bin\Debug\netcoreapp3.1\xUnitTestProject.dll" adapterTypeName="executor://xunit/VsTestRunner2/netcoreapp" className="xUnitTestProject.CurrencyHelperTests" name="FormatToStringTest1000" />
    </UnitTest>
    <UnitTest name="xUnitTestProject.CurrencyHelperTests.FormatToStringTest1000(price: 1649.0127968480872, expected: &quot;1649.01 zł&quot;)" storage="c:\projekty\xunittestproject\bin\debug\netcoreapp3.1\xunittestproject.dll" id="ec976d73-69f5-3cb8-c94a-fac6ea1343ca">
      <Execution id="0cc878a0-6464-452c-b57a-93f95435fe63" />
      <TestMethod codeBase="C:\Projekty\xUnitTestProject\bin\Debug\netcoreapp3.1\xUnitTestProject.dll" adapterTypeName="executor://xunit/VsTestRunner2/netcoreapp" className="xUnitTestProject.CurrencyHelperTests" name="FormatToStringTest1000" />
    </UnitTest>
    <UnitTest name="xUnitTestProject.CurrencyHelperTests.FormatToStringTest1000(price: 9634.398811461124, expected: &quot;9634.40 zł&quot;)" storage="c:\projekty\xunittestproject\bin\debug\netcoreapp3.1\xunittestproject.dll" id="56f22bda-cb9f-dbaa-365a-cb6ba2104fe2">
      <Execution id="89dfd93c-6418-4d83-a8d6-b2d2ac7b5e67" />
      <TestMethod codeBase="C:\Projekty\xUnitTestProject\bin\Debug\netcoreapp3.1\xUnitTestProject.dll" adapterTypeName="executor://xunit/VsTestRunner2/netcoreapp" className="xUnitTestProject.CurrencyHelperTests" name="FormatToStringTest1000" />
    </UnitTest>
    <UnitTest name="xUnitTestProject.CurrencyHelperTests.FormatToStringTest1000(price: 4030.673117592313, expected: &quot;4030.67 zł&quot;)" storage="c:\projekty\xunittestproject\bin\debug\netcoreapp3.1\xunittestproject.dll" id="b818a661-8c39-b04d-aea0-c8bf6f965ed2">
      <Execution id="86ca55f2-5950-4ad4-b58a-bb24add6a205" />
      <TestMethod codeBase="C:\Projekty\xUnitTestProject\bin\Debug\netcoreapp3.1\xUnitTestProject.dll" adapterTypeName="executor://xunit/VsTestRunner2/netcoreapp" className="xUnitTestProject.CurrencyHelperTests" name="FormatToStringTest1000" />
    </UnitTest>
    <UnitTest name="xUnitTestProject.CurrencyHelperTests.FormatToStringTest1000(price: 63115.864864394935, expected: &quot;63115.86 zł&quot;)" storage="c:\projekty\xunittestproject\bin\debug\netcoreapp3.1\xunittestproject.dll" id="1d8f4068-0f19-f951-5966-43f32b70fb4f">
      <Execution id="e4b03797-9741-4f95-b7e1-a285c0613c0d" />
      <TestMethod codeBase="C:\Projekty\xUnitTestProject\bin\Debug\netcoreapp3.1\xUnitTestProject.dll" adapterTypeName="executor://xunit/VsTestRunner2/netcoreapp" className="xUnitTestProject.CurrencyHelperTests" name="FormatToStringTest1000" />
    </UnitTest>
    <UnitTest name="xUnitTestProject.CurrencyHelperTests.FormatToStringTest1000(price: 66723.3293191657, expected: &quot;66723.33 zł&quot;)" storage="c:\projekty\xunittestproject\bin\debug\netcoreapp3.1\xunittestproject.dll" id="6dd99dbe-4c8b-34b5-1e2c-dac97050c643">
      <Execution id="c9722e6d-bd9a-41ec-8479-bf1ca82280bc" />
      <TestMethod codeBase="C:\Projekty\xUnitTestProject\bin\Debug\netcoreapp3.1\xUnitTestProject.dll" adapterTypeName="executor://xunit/VsTestRunner2/netcoreapp" className="xUnitTestProject.CurrencyHelperTests" name="FormatToStringTest1000" />
    </UnitTest>
    <UnitTest name="xUnitTestProject.CurrencyHelperTests.FormatToStringTest1000(price: 35384.637112688106, expected: &quot;35384.64 zł&quot;)" storage="c:\projekty\xunittestproject\bin\debug\netcoreapp3.1\xunittestproject.dll" id="631aa61c-5891-97bd-8c16-092dfa85bf9b">
      <Execution id="625dba59-5afe-458c-b893-cfc9f01c4276" />
      <TestMethod codeBase="C:\Projekty\xUnitTestProject\bin\Debug\netcoreapp3.1\xUnitTestProject.dll" adapterTypeName="executor://xunit/VsTestRunner2/netcoreapp" className="xUnitTestProject.CurrencyHelperTests" name="FormatToStringTest1000" />
    </UnitTest>
    <UnitTest name="xUnitTestProject.CurrencyHelperTests.FormatToStringTest1000(price: 38614.292320713066, expected: &quot;38614.29 zł&quot;)" storage="c:\projekty\xunittestproject\bin\debug\netcoreapp3.1\xunittestproject.dll" id="a7d85aa3-fa07-4a18-0790-c9a84b87bfbf">
      <Execution id="05896259-f063-4326-a03d-0b9eaaf10d8c" />
      <TestMethod codeBase="C:\Projekty\xUnitTestProject\bin\Debug\netcoreapp3.1\xUnitTestProject.dll" adapterTypeName="executor://xunit/VsTestRunner2/netcoreapp" className="xUnitTestProject.CurrencyHelperTests" name="FormatToStringTest1000" />
    </UnitTest>
    <UnitTest name="xUnitTestProject.CurrencyHelperTests.FormatToStringTest1000(price: 11494.27761332238, expected: &quot;11494.28 zł&quot;)" storage="c:\projekty\xunittestproject\bin\debug\netcoreapp3.1\xunittestproject.dll" id="61f864ac-97c4-6c85-0643-065c2cc97960">
      <Execution id="3ef80d5e-1cf9-4df3-bb18-a1c1b3594dae" />
      <TestMethod codeBase="C:\Projekty\xUnitTestProject\bin\Debug\netcoreapp3.1\xUnitTestProject.dll" adapterTypeName="executor://xunit/VsTestRunner2/netcoreapp" className="xUnitTestProject.CurrencyHelperTests" name="FormatToStringTest1000" />
    </UnitTest>
    <UnitTest name="xUnitTestProject.CurrencyHelperTests.FormatToStringTest1000(price: 59768.02667973611, expected: &quot;59768.03 zł&quot;)" storage="c:\projekty\xunittestproject\bin\debug\netcoreapp3.1\xunittestproject.dll" id="9c7fd1db-1277-0ff0-b26a-428fd3366acd">
      <Execution id="6ca16534-3e07-4987-b817-a9cd374599c5" />
      <TestMethod codeBase="C:\Projekty\xUnitTestProject\bin\Debug\netcoreapp3.1\xUnitTestProject.dll" adapterTypeName="executor://xunit/VsTestRunner2/netcoreapp" className="xUnitTestProject.CurrencyHelperTests" name="FormatToStringTest1000" />
    </UnitTest>
    <UnitTest name="xUnitTestProject.CurrencyHelperTests.FormatToStringTest1000(price: 5835.26176155557, expected: &quot;5835.26 zł&quot;)" storage="c:\projekty\xunittestproject\bin\debug\netcoreapp3.1\xunittestproject.dll" id="652fbfaf-623d-2a4f-25d1-cf07d8f0c0da">
      <Execution id="31fecd68-dd51-4d1f-9642-a7c92d45f995" />
      <TestMethod codeBase="C:\Projekty\xUnitTestProject\bin\Debug\netcoreapp3.1\xUnitTestProject.dll" adapterTypeName="executor://xunit/VsTestRunner2/netcoreapp" className="xUnitTestProject.CurrencyHelperTests" name="FormatToStringTest1000" />
    </UnitTest>
    <UnitTest name="xUnitTestProject.CurrencyHelperTests.FormatToStringTest1000(price: 29796.909338079815, expected: &quot;29796.91 zł&quot;)" storage="c:\projekty\xunittestproject\bin\debug\netcoreapp3.1\xunittestproject.dll" id="e01a9a2a-2030-6ab9-7db6-efea263590e2">
      <Execution id="a11ceeda-0c5e-4453-acb0-954b049ad93d" />
      <TestMethod codeBase="C:\Projekty\xUnitTestProject\bin\Debug\netcoreapp3.1\xUnitTestProject.dll" adapterTypeName="executor://xunit/VsTestRunner2/netcoreapp" className="xUnitTestProject.CurrencyHelperTests" name="FormatToStringTest1000" />
    </UnitTest>
    <UnitTest name="xUnitTestProject.CurrencyHelperTests.FormatToStringTest1000(price: 29362.005930638876, expected: &quot;29362.01 zł&quot;)" storage="c:\projekty\xunittestproject\bin\debug\netcoreapp3.1\xunittestproject.dll" id="294352cc-8efa-db1c-1bd5-bae00c9cde08">
      <Execution id="601e3660-412b-4bc0-be25-761f96cb5d64" />
      <TestMethod codeBase="C:\Projekty\xUnitTestProject\bin\Debug\netcoreapp3.1\xUnitTestProject.dll" adapterTypeName="executor://xunit/VsTestRunner2/netcoreapp" className="xUnitTestProject.CurrencyHelperTests" name="FormatToStringTest1000" />
    </UnitTest>
    <UnitTest name="xUnitTestProject.CurrencyHelperTests.FormatToStringTest1000(price: 19189.32381924117, expected: &quot;19189.32 zł&quot;)" storage="c:\projekty\xunittestproject\bin\debug\netcoreapp3.1\xunittestproject.dll" id="d907dab2-a0b3-0153-e7e4-4d342798a47e">
      <Execution id="6af49680-5fb8-4386-8c68-92017851eebf" />
      <TestMethod codeBase="C:\Projekty\xUnitTestProject\bin\Debug\netcoreapp3.1\xUnitTestProject.dll" adapterTypeName="executor://xunit/VsTestRunner2/netcoreapp" className="xUnitTestProject.CurrencyHelperTests" name="FormatToStringTest1000" />
    </UnitTest>
    <UnitTest name="xUnitTestProject.CurrencyHelperTests.FormatToStringTest1000(price: 39531.95190033268, expected: &quot;39531.95 zł&quot;)" storage="c:\projekty\xunittestproject\bin\debug\netcoreapp3.1\xunittestproject.dll" id="e62a06d7-081f-b513-c2d5-80ddeebcb813">
      <Execution id="e40ad3b1-8639-4246-8517-414c33012c75" />
      <TestMethod codeBase="C:\Projekty\xUnitTestProject\bin\Debug\netcoreapp3.1\xUnitTestProject.dll" adapterTypeName="executor://xunit/VsTestRunner2/netcoreapp" className="xUnitTestProject.CurrencyHelperTests" name="FormatToStringTest1000" />
    </UnitTest>
    <UnitTest name="xUnitTestProject.CurrencyHelperTests.FormatToStringTest1000(price: 658.7555888573431, expected: &quot;658.76 zł&quot;)" storage="c:\projekty\xunittestproject\bin\debug\netcoreapp3.1\xunittestproject.dll" id="2a9faf6f-4d21-d971-4115-0a2cf31c75ab">
      <Execution id="09e6d977-1e58-4573-911b-de6d9d70eacb" />
      <TestMethod codeBase="C:\Projekty\xUnitTestProject\bin\Debug\netcoreapp3.1\xUnitTestProject.dll" adapterTypeName="executor://xunit/VsTestRunner2/netcoreapp" className="xUnitTestProject.CurrencyHelperTests" name="FormatToStringTest1000" />
    </UnitTest>
    <UnitTest name="xUnitTestProject.CurrencyHelperTests.FormatToStringTest1000(price: 75987.03378503352, expected: &quot;75987.03 zł&quot;)" storage="c:\projekty\xunittestproject\bin\debug\netcoreapp3.1\xunittestproject.dll" id="fd8ab50a-6120-2a06-7ebd-aae621104cec">
      <Execution id="f4d912fd-d845-4898-97a8-09382b531e49" />
      <TestMethod codeBase="C:\Projekty\xUnitTestProject\bin\Debug\netcoreapp3.1\xUnitTestProject.dll" adapterTypeName="executor://xunit/VsTestRunner2/netcoreapp" className="xUnitTestProject.CurrencyHelperTests" name="FormatToStringTest1000" />
    </UnitTest>
    <UnitTest name="xUnitTestProject.CurrencyHelperTests.FormatToStringTest1000(price: 35248.53555717996, expected: &quot;35248.54 zł&quot;)" storage="c:\projekty\xunittestproject\bin\debug\netcoreapp3.1\xunittestproject.dll" id="ecb76390-c6f7-bfa0-1a99-45634c606ddc">
      <Execution id="192d0fae-505e-4632-be3a-8860745b0b20" />
      <TestMethod codeBase="C:\Projekty\xUnitTestProject\bin\Debug\netcoreapp3.1\xUnitTestProject.dll" adapterTypeName="executor://xunit/VsTestRunner2/netcoreapp" className="xUnitTestProject.CurrencyHelperTests" name="FormatToStringTest1000" />
    </UnitTest>
    <UnitTest name="xUnitTestProject.CurrencyHelperTests.FormatToStringTest1000(price: 56802.303118930344, expected: &quot;56802.30 zł&quot;)" storage="c:\projekty\xunittestproject\bin\debug\netcoreapp3.1\xunittestproject.dll" id="6997fb4f-bee2-69ca-461b-7845f1fa191c">
      <Execution id="4a0f81cd-6335-48a7-bbce-c62b2947b4ab" />
      <TestMethod codeBase="C:\Projekty\xUnitTestProject\bin\Debug\netcoreapp3.1\xUnitTestProject.dll" adapterTypeName="executor://xunit/VsTestRunner2/netcoreapp" className="xUnitTestProject.CurrencyHelperTests" name="FormatToStringTest1000" />
    </UnitTest>
    <UnitTest name="xUnitTestProject.CurrencyHelperTests.FormatToStringTest1000(price: 1300.9430775404642, expected: &quot;1300.94 zł&quot;)" storage="c:\projekty\xunittestproject\bin\debug\netcoreapp3.1\xunittestproject.dll" id="847ca950-a5c5-d084-8e4e-ab9e67678604">
      <Execution id="277cdb73-5b66-40b2-96c0-535247d3372d" />
      <TestMethod codeBase="C:\Projekty\xUnitTestProject\bin\Debug\netcoreapp3.1\xUnitTestProject.dll" adapterTypeName="executor://xunit/VsTestRunner2/netcoreapp" className="xUnitTestProject.CurrencyHelperTests" name="FormatToStringTest1000" />
    </UnitTest>
    <UnitTest name="xUnitTestProject.CurrencyHelperTests.FormatToStringTest1000(price: 8697.074631143862, expected: &quot;8697.07 zł&quot;)" storage="c:\projekty\xunittestproject\bin\debug\netcoreapp3.1\xunittestproject.dll" id="dffdcee4-e2c7-a486-318f-edaed8877c4d">
      <Execution id="c00845fb-1bbc-4d33-bff8-46d163643045" />
      <TestMethod codeBase="C:\Projekty\xUnitTestProject\bin\Debug\netcoreapp3.1\xUnitTestProject.dll" adapterTypeName="executor://xunit/VsTestRunner2/netcoreapp" className="xUnitTestProject.CurrencyHelperTests" name="FormatToStringTest1000" />
    </UnitTest>
    <UnitTest name="xUnitTestProject.CurrencyHelperTests.FormatToStringTest1000(price: 1739.5853778997368, expected: &quot;1739.59 zł&quot;)" storage="c:\projekty\xunittestproject\bin\debug\netcoreapp3.1\xunittestproject.dll" id="613b2ffe-17c7-a1b7-9417-e8c0c951aa41">
      <Execution id="00cd8dc4-5213-4229-a424-ec38a4aa85cd" />
      <TestMethod codeBase="C:\Projekty\xUnitTestProject\bin\Debug\netcoreapp3.1\xUnitTestProject.dll" adapterTypeName="executor://xunit/VsTestRunner2/netcoreapp" className="xUnitTestProject.CurrencyHelperTests" name="FormatToStringTest1000" />
    </UnitTest>
    <UnitTest name="xUnitTestProject.CurrencyHelperTests.FormatToStringTest1000(price: 27794.8671353957, expected: &quot;27794.87 zł&quot;)" storage="c:\projekty\xunittestproject\bin\debug\netcoreapp3.1\xunittestproject.dll" id="80a788de-88e0-32bd-4244-9850aa1ba44f">
      <Execution id="787441ab-dfb6-4a99-bb71-e9e569ec416a" />
      <TestMethod codeBase="C:\Projekty\xUnitTestProject\bin\Debug\netcoreapp3.1\xUnitTestProject.dll" adapterTypeName="executor://xunit/VsTestRunner2/netcoreapp" className="xUnitTestProject.CurrencyHelperTests" name="FormatToStringTest1000" />
    </UnitTest>
    <UnitTest name="xUnitTestProject.CurrencyHelperTests.FormatToStringTest1000(price: 39641.61351217451, expected: &quot;39641.61 zł&quot;)" storage="c:\projekty\xunittestproject\bin\debug\netcoreapp3.1\xunittestproject.dll" id="acda3d15-0e29-fc40-b0fc-fcddae081200">
      <Execution id="e74190be-6db8-4518-966d-e91cc522e27e" />
      <TestMethod codeBase="C:\Projekty\xUnitTestProject\bin\Debug\netcoreapp3.1\xUnitTestProject.dll" adapterTypeName="executor://xunit/VsTestRunner2/netcoreapp" className="xUnitTestProject.CurrencyHelperTests" name="FormatToStringTest1000" />
    </UnitTest>
    <UnitTest name="xUnitTestProject.CurrencyHelperTests.FormatToStringTest1000(price: 35.34471716840971, expected: &quot;35.34 zł&quot;)" storage="c:\projekty\xunittestproject\bin\debug\netcoreapp3.1\xunittestproject.dll" id="2ff98558-45c2-21dd-60d2-e1efdde7c0a8">
      <Execution id="851f16a8-0278-46c3-a8b2-a7e7207da8f4" />
      <TestMethod codeBase="C:\Projekty\xUnitTestProject\bin\Debug\netcoreapp3.1\xUnitTestProject.dll" adapterTypeName="executor://xunit/VsTestRunner2/netcoreapp" className="xUnitTestProject.CurrencyHelperTests" name="FormatToStringTest1000" />
    </UnitTest>
    <UnitTest name="xUnitTestProject.CurrencyHelperTests.FormatToStringTest1000(price: 44065.726815678056, expected: &quot;44065.73 zł&quot;)" storage="c:\projekty\xunittestproject\bin\debug\netcoreapp3.1\xunittestproject.dll" id="900eea81-caf7-4e0f-b129-22c2df2135b0">
      <Execution id="7bf24aec-e9fc-4028-80f0-943c6989982f" />
      <TestMethod codeBase="C:\Projekty\xUnitTestProject\bin\Debug\netcoreapp3.1\xUnitTestProject.dll" adapterTypeName="executor://xunit/VsTestRunner2/netcoreapp" className="xUnitTestProject.CurrencyHelperTests" name="FormatToStringTest1000" />
    </UnitTest>
    <UnitTest name="xUnitTestProject.CurrencyHelperTests.FormatToStringTest1000(price: 15396.537902579894, expected: &quot;15396.54 zł&quot;)" storage="c:\projekty\xunittestproject\bin\debug\netcoreapp3.1\xunittestproject.dll" id="b873b04a-7c62-5dd2-8547-3f31b075c272">
      <Execution id="ac2a45b5-9d74-4b15-8576-26b7f7697f8d" />
      <TestMethod codeBase="C:\Projekty\xUnitTestProject\bin\Debug\netcoreapp3.1\xUnitTestProject.dll" adapterTypeName="executor://xunit/VsTestRunner2/netcoreapp" className="xUnitTestProject.CurrencyHelperTests" name="FormatToStringTest1000" />
    </UnitTest>
    <UnitTest name="xUnitTestProject.CurrencyHelperTests.FormatToStringTest1000(price: 5855.75080885354, expected: &quot;5855.75 zł&quot;)" storage="c:\projekty\xunittestproject\bin\debug\netcoreapp3.1\xunittestproject.dll" id="b8787739-4c07-b11a-eff9-c330a8615328">
      <Execution id="db5cc66d-9e8c-4e19-aa0e-0ffcc48f45f8" />
      <TestMethod codeBase="C:\Projekty\xUnitTestProject\bin\Debug\netcoreapp3.1\xUnitTestProject.dll" adapterTypeName="executor://xunit/VsTestRunner2/netcoreapp" className="xUnitTestProject.CurrencyHelperTests" name="FormatToStringTest1000" />
    </UnitTest>
    <UnitTest name="xUnitTestProject.CurrencyHelperTests.FormatToStringTest1000(price: 30320.450517486992, expected: &quot;30320.45 zł&quot;)" storage="c:\projekty\xunittestproject\bin\debug\netcoreapp3.1\xunittestproject.dll" id="042cc95e-2b44-fa19-b576-f75093af4b96">
      <Execution id="406aab04-67a8-4b73-b512-c1c41d2c41f9" />
      <TestMethod codeBase="C:\Projekty\xUnitTestProject\bin\Debug\netcoreapp3.1\xUnitTestProject.dll" adapterTypeName="executor://xunit/VsTestRunner2/netcoreapp" className="xUnitTestProject.CurrencyHelperTests" name="FormatToStringTest1000" />
    </UnitTest>
    <UnitTest name="xUnitTestProject.CurrencyHelperTests.FormatToStringTest1000(price: 84686.32148464039, expected: &quot;84686.32 zł&quot;)" storage="c:\projekty\xunittestproject\bin\debug\netcoreapp3.1\xunittestproject.dll" id="7b2e748c-5793-e1c6-45bc-d5f863686469">
      <Execution id="551f5919-3883-4919-ac66-06e1d86a17b1" />
      <TestMethod codeBase="C:\Projekty\xUnitTestProject\bin\Debug\netcoreapp3.1\xUnitTestProject.dll" adapterTypeName="executor://xunit/VsTestRunner2/netcoreapp" className="xUnitTestProject.CurrencyHelperTests" name="FormatToStringTest1000" />
    </UnitTest>
    <UnitTest name="xUnitTestProject.CurrencyHelperTests.FormatToStringTest1000(price: 9867.823212210007, expected: &quot;9867.82 zł&quot;)" storage="c:\projekty\xunittestproject\bin\debug\netcoreapp3.1\xunittestproject.dll" id="99e7c5dd-ce54-9083-5f21-8bd4ff4149bd">
      <Execution id="ea11248b-326a-4abd-894d-58143c73cfed" />
      <TestMethod codeBase="C:\Projekty\xUnitTestProject\bin\Debug\netcoreapp3.1\xUnitTestProject.dll" adapterTypeName="executor://xunit/VsTestRunner2/netcoreapp" className="xUnitTestProject.CurrencyHelperTests" name="FormatToStringTest1000" />
    </UnitTest>
    <UnitTest name="xUnitTestProject.CurrencyHelperTests.FormatToStringTest1000(price: 42767.96883676898, expected: &quot;42767.97 zł&quot;)" storage="c:\projekty\xunittestproject\bin\debug\netcoreapp3.1\xunittestproject.dll" id="5d6a5449-fc3a-dea9-163b-dec74b3dd1b9">
      <Execution id="99084875-6dd6-40af-9154-8416f567ab7f" />
      <TestMethod codeBase="C:\Projekty\xUnitTestProject\bin\Debug\netcoreapp3.1\xUnitTestProject.dll" adapterTypeName="executor://xunit/VsTestRunner2/netcoreapp" className="xUnitTestProject.CurrencyHelperTests" name="FormatToStringTest1000" />
    </UnitTest>
    <UnitTest name="xUnitTestProject.CurrencyHelperTests.FormatToStringTest1000(price: 86.89546322771136, expected: &quot;86.90 zł&quot;)" storage="c:\projekty\xunittestproject\bin\debug\netcoreapp3.1\xunittestproject.dll" id="294f15b0-a486-8084-b9ae-585b30f21a60">
      <Execution id="c88b3e6a-406e-45f7-aa73-657269339f3b" />
      <TestMethod codeBase="C:\Projekty\xUnitTestProject\bin\Debug\netcoreapp3.1\xUnitTestProject.dll" adapterTypeName="executor://xunit/VsTestRunner2/netcoreapp" className="xUnitTestProject.CurrencyHelperTests" name="FormatToStringTest1000" />
    </UnitTest>
    <UnitTest name="xUnitTestProject.CurrencyHelperTests.FormatToStringTest1000(price: 60017.857676936714, expected: &quot;60017.86 zł&quot;)" storage="c:\projekty\xunittestproject\bin\debug\netcoreapp3.1\xunittestproject.dll" id="31d7ba44-de75-ed55-66c6-b51937c13355">
      <Execution id="c985851a-93ad-4cae-85b3-ea310da4eb1f" />
      <TestMethod codeBase="C:\Projekty\xUnitTestProject\bin\Debug\netcoreapp3.1\xUnitTestProject.dll" adapterTypeName="executor://xunit/VsTestRunner2/netcoreapp" className="xUnitTestProject.CurrencyHelperTests" name="FormatToStringTest1000" />
    </UnitTest>
    <UnitTest name="xUnitTestProject.CurrencyHelperTests.FormatToStringTest1000(price: 13568.230982493717, expected: &quot;13568.23 zł&quot;)" storage="c:\projekty\xunittestproject\bin\debug\netcoreapp3.1\xunittestproject.dll" id="ef2c65b8-081e-e356-813a-949f0831c7f0">
      <Execution id="6e2af32d-60ed-485a-bb39-1ad301b32368" />
      <TestMethod codeBase="C:\Projekty\xUnitTestProject\bin\Debug\netcoreapp3.1\xUnitTestProject.dll" adapterTypeName="executor://xunit/VsTestRunner2/netcoreapp" className="xUnitTestProject.CurrencyHelperTests" name="FormatToStringTest1000" />
    </UnitTest>
    <UnitTest name="xUnitTestProject.CurrencyHelperTests.FormatToStringTest1000(price: 3431.864349926759, expected: &quot;3431.86 zł&quot;)" storage="c:\projekty\xunittestproject\bin\debug\netcoreapp3.1\xunittestproject.dll" id="dd6f82bf-ec98-4f3e-74b1-00844a5994bf">
      <Execution id="c02c3a95-058a-47cc-a50d-3093f81d6eed" />
      <TestMethod codeBase="C:\Projekty\xUnitTestProject\bin\Debug\netcoreapp3.1\xUnitTestProject.dll" adapterTypeName="executor://xunit/VsTestRunner2/netcoreapp" className="xUnitTestProject.CurrencyHelperTests" name="FormatToStringTest1000" />
    </UnitTest>
    <UnitTest name="xUnitTestProject.CurrencyHelperTests.FormatToStringTest1000(price: 11912.404131636213, expected: &quot;11912.40 zł&quot;)" storage="c:\projekty\xunittestproject\bin\debug\netcoreapp3.1\xunittestproject.dll" id="f80009c9-805e-194a-5298-bf93d54f39d7">
      <Execution id="5636a7de-cca5-4963-84b8-f806bdd979d4" />
      <TestMethod codeBase="C:\Projekty\xUnitTestProject\bin\Debug\netcoreapp3.1\xUnitTestProject.dll" adapterTypeName="executor://xunit/VsTestRunner2/netcoreapp" className="xUnitTestProject.CurrencyHelperTests" name="FormatToStringTest1000" />
    </UnitTest>
    <UnitTest name="xUnitTestProject.CurrencyHelperTests.FormatToStringTest1000(price: 6890.028458985514, expected: &quot;6890.03 zł&quot;)" storage="c:\projekty\xunittestproject\bin\debug\netcoreapp3.1\xunittestproject.dll" id="567ca57c-5cc0-0e6c-fd41-e20b10f40469">
      <Execution id="69f6a285-2d39-4089-912c-738a794b56d2" />
      <TestMethod codeBase="C:\Projekty\xUnitTestProject\bin\Debug\netcoreapp3.1\xUnitTestProject.dll" adapterTypeName="executor://xunit/VsTestRunner2/netcoreapp" className="xUnitTestProject.CurrencyHelperTests" name="FormatToStringTest1000" />
    </UnitTest>
    <UnitTest name="xUnitTestProject.CurrencyHelperTests.FormatToStringTest1000(price: 19463.08761954917, expected: &quot;19463.09 zł&quot;)" storage="c:\projekty\xunittestproject\bin\debug\netcoreapp3.1\xunittestproject.dll" id="38ee170e-2136-8164-8076-d7d266da6388">
      <Execution id="12e44898-de1f-4ffd-aae2-750df6c27032" />
      <TestMethod codeBase="C:\Projekty\xUnitTestProject\bin\Debug\netcoreapp3.1\xUnitTestProject.dll" adapterTypeName="executor://xunit/VsTestRunner2/netcoreapp" className="xUnitTestProject.CurrencyHelperTests" name="FormatToStringTest1000" />
    </UnitTest>
    <UnitTest name="xUnitTestProject.CurrencyHelperTests.FormatToStringTest1000(price: 7377.5644264340235, expected: &quot;7377.56 zł&quot;)" storage="c:\projekty\xunittestproject\bin\debug\netcoreapp3.1\xunittestproject.dll" id="46947d50-5e18-dad2-e4a8-b6d0819ae97c">
      <Execution id="74320b2d-06d7-4898-b533-0d0966af0c5a" />
      <TestMethod codeBase="C:\Projekty\xUnitTestProject\bin\Debug\netcoreapp3.1\xUnitTestProject.dll" adapterTypeName="executor://xunit/VsTestRunner2/netcoreapp" className="xUnitTestProject.CurrencyHelperTests" name="FormatToStringTest1000" />
    </UnitTest>
    <UnitTest name="xUnitTestProject.CurrencyHelperTests.FormatToStringTest1000(price: 7621.507806692509, expected: &quot;7621.51 zł&quot;)" storage="c:\projekty\xunittestproject\bin\debug\netcoreapp3.1\xunittestproject.dll" id="612eaa65-a60d-5727-69a2-576580c27858">
      <Execution id="06f71a3e-c33a-4d3e-854b-2afc6562b211" />
      <TestMethod codeBase="C:\Projekty\xUnitTestProject\bin\Debug\netcoreapp3.1\xUnitTestProject.dll" adapterTypeName="executor://xunit/VsTestRunner2/netcoreapp" className="xUnitTestProject.CurrencyHelperTests" name="FormatToStringTest1000" />
    </UnitTest>
    <UnitTest name="xUnitTestProject.CurrencyHelperTests.FormatToStringTest1000(price: 7715.904444139406, expected: &quot;7715.90 zł&quot;)" storage="c:\projekty\xunittestproject\bin\debug\netcoreapp3.1\xunittestproject.dll" id="82cc450a-0e9d-45d3-9478-f947af9d278f">
      <Execution id="fc72ee35-91a8-40e8-9878-d0df6277d4bb" />
      <TestMethod codeBase="C:\Projekty\xUnitTestProject\bin\Debug\netcoreapp3.1\xUnitTestProject.dll" adapterTypeName="executor://xunit/VsTestRunner2/netcoreapp" className="xUnitTestProject.CurrencyHelperTests" name="FormatToStringTest1000" />
    </UnitTest>
    <UnitTest name="xUnitTestProject.CurrencyHelperTests.FormatToStringTest1000(price: 13046.352146307172, expected: &quot;13046.35 zł&quot;)" storage="c:\projekty\xunittestproject\bin\debug\netcoreapp3.1\xunittestproject.dll" id="13dfd982-ae8a-b137-0e11-07b0f29632c1">
      <Execution id="af3f9607-575c-4fed-8d43-8aecb1e39ed6" />
      <TestMethod codeBase="C:\Projekty\xUnitTestProject\bin\Debug\netcoreapp3.1\xUnitTestProject.dll" adapterTypeName="executor://xunit/VsTestRunner2/netcoreapp" className="xUnitTestProject.CurrencyHelperTests" name="FormatToStringTest1000" />
    </UnitTest>
    <UnitTest name="xUnitTestProject.CurrencyHelperTests.FormatToStringTest1000(price: 20527.270339210645, expected: &quot;20527.27 zł&quot;)" storage="c:\projekty\xunittestproject\bin\debug\netcoreapp3.1\xunittestproject.dll" id="b828fc0d-bf07-676e-b8c0-6e0aa44c3171">
      <Execution id="4343a151-83fa-4075-a3d8-77c4f2e6847f" />
      <TestMethod codeBase="C:\Projekty\xUnitTestProject\bin\Debug\netcoreapp3.1\xUnitTestProject.dll" adapterTypeName="executor://xunit/VsTestRunner2/netcoreapp" className="xUnitTestProject.CurrencyHelperTests" name="FormatToStringTest1000" />
    </UnitTest>
    <UnitTest name="xUnitTestProject.CurrencyHelperTests.FormatToStringTest1000(price: 16571.355536101553, expected: &quot;16571.36 zł&quot;)" storage="c:\projekty\xunittestproject\bin\debug\netcoreapp3.1\xunittestproject.dll" id="31031da7-a7ef-21d8-df85-bc08b8725f11">
      <Execution id="050936b1-c288-463b-b140-3a463f9bf8cc" />
      <TestMethod codeBase="C:\Projekty\xUnitTestProject\bin\Debug\netcoreapp3.1\xUnitTestProject.dll" adapterTypeName="executor://xunit/VsTestRunner2/netcoreapp" className="xUnitTestProject.CurrencyHelperTests" name="FormatToStringTest1000" />
    </UnitTest>
    <UnitTest name="xUnitTestProject.CurrencyHelperTests.FormatToStringTest1000(price: 66945.02904917022, expected: &quot;66945.03 zł&quot;)" storage="c:\projekty\xunittestproject\bin\debug\netcoreapp3.1\xunittestproject.dll" id="028a745a-d396-f185-341f-56b2c46b3ca2">
      <Execution id="f9a1f161-51a3-4375-b08b-c6a487d1c943" />
      <TestMethod codeBase="C:\Projekty\xUnitTestProject\bin\Debug\netcoreapp3.1\xUnitTestProject.dll" adapterTypeName="executor://xunit/VsTestRunner2/netcoreapp" className="xUnitTestProject.CurrencyHelperTests" name="FormatToStringTest1000" />
    </UnitTest>
    <UnitTest name="xUnitTestProject.CurrencyHelperTests.FormatToStringTest1000(price: 13337.80490493486, expected: &quot;13337.80 zł&quot;)" storage="c:\projekty\xunittestproject\bin\debug\netcoreapp3.1\xunittestproject.dll" id="aef73524-5efd-2ad9-76a4-22b643281e1e">
      <Execution id="06f772ea-e187-412d-9d89-d52bda4363fc" />
      <TestMethod codeBase="C:\Projekty\xUnitTestProject\bin\Debug\netcoreapp3.1\xUnitTestProject.dll" adapterTypeName="executor://xunit/VsTestRunner2/netcoreapp" className="xUnitTestProject.CurrencyHelperTests" name="FormatToStringTest1000" />
    </UnitTest>
    <UnitTest name="xUnitTestProject.CurrencyHelperTests.FormatToStringTest1000(price: 40556.73452524362, expected: &quot;40556.73 zł&quot;)" storage="c:\projekty\xunittestproject\bin\debug\netcoreapp3.1\xunittestproject.dll" id="f0e62743-f005-ab34-4606-22275729a052">
      <Execution id="5a40d4c9-ae1a-443a-a90d-c96bfa25b2a1" />
      <TestMethod codeBase="C:\Projekty\xUnitTestProject\bin\Debug\netcoreapp3.1\xUnitTestProject.dll" adapterTypeName="executor://xunit/VsTestRunner2/netcoreapp" className="xUnitTestProject.CurrencyHelperTests" name="FormatToStringTest1000" />
    </UnitTest>
    <UnitTest name="xUnitTestProject.CurrencyHelperTests.FormatToStringTest1000(price: 14218.204344010543, expected: &quot;14218.20 zł&quot;)" storage="c:\projekty\xunittestproject\bin\debug\netcoreapp3.1\xunittestproject.dll" id="37d09489-36bf-8c23-e75f-f494d92ed465">
      <Execution id="094e64c0-55a3-4cf7-a5e7-f0a32b036216" />
      <TestMethod codeBase="C:\Projekty\xUnitTestProject\bin\Debug\netcoreapp3.1\xUnitTestProject.dll" adapterTypeName="executor://xunit/VsTestRunner2/netcoreapp" className="xUnitTestProject.CurrencyHelperTests" name="FormatToStringTest1000" />
    </UnitTest>
    <UnitTest name="xUnitTestProject.CurrencyHelperTests.FormatToStringTest1000(price: 867.5236648356187, expected: &quot;867.52 zł&quot;)" storage="c:\projekty\xunittestproject\bin\debug\netcoreapp3.1\xunittestproject.dll" id="ed116d32-6ba7-9bd1-6680-6c13ee07292b">
      <Execution id="426f820a-0ac2-4707-8a54-6e642fbe7883" />
      <TestMethod codeBase="C:\Projekty\xUnitTestProject\bin\Debug\netcoreapp3.1\xUnitTestProject.dll" adapterTypeName="executor://xunit/VsTestRunner2/netcoreapp" className="xUnitTestProject.CurrencyHelperTests" name="FormatToStringTest1000" />
    </UnitTest>
    <UnitTest name="xUnitTestProject.CurrencyHelperTests.FormatToStringTest1000(price: 6213.265206352466, expected: &quot;6213.27 zł&quot;)" storage="c:\projekty\xunittestproject\bin\debug\netcoreapp3.1\xunittestproject.dll" id="37e53818-7fa5-17d7-012c-004f89325673">
      <Execution id="4cb1be1c-bac9-4a96-beec-61391c756b18" />
      <TestMethod codeBase="C:\Projekty\xUnitTestProject\bin\Debug\netcoreapp3.1\xUnitTestProject.dll" adapterTypeName="executor://xunit/VsTestRunner2/netcoreapp" className="xUnitTestProject.CurrencyHelperTests" name="FormatToStringTest1000" />
    </UnitTest>
    <UnitTest name="xUnitTestProject.CurrencyHelperTests.FormatToStringTest1000(price: 7669.3855620214645, expected: &quot;7669.39 zł&quot;)" storage="c:\projekty\xunittestproject\bin\debug\netcoreapp3.1\xunittestproject.dll" id="1a44af6f-888e-1f8e-a00f-e2d743b26f12">
      <Execution id="84fe16aa-9ea6-4dea-b284-5cc3c7fda245" />
      <TestMethod codeBase="C:\Projekty\xUnitTestProject\bin\Debug\netcoreapp3.1\xUnitTestProject.dll" adapterTypeName="executor://xunit/VsTestRunner2/netcoreapp" className="xUnitTestProject.CurrencyHelperTests" name="FormatToStringTest1000" />
    </UnitTest>
    <UnitTest name="xUnitTestProject.CurrencyHelperTests.FormatToStringTest1000(price: 16427.591943671738, expected: &quot;16427.59 zł&quot;)" storage="c:\projekty\xunittestproject\bin\debug\netcoreapp3.1\xunittestproject.dll" id="3bcce3ce-1e1f-b2cb-aecb-f9baaad49b40">
      <Execution id="7dbec355-f2ae-4a16-a6de-dc65b468f89a" />
      <TestMethod codeBase="C:\Projekty\xUnitTestProject\bin\Debug\netcoreapp3.1\xUnitTestProject.dll" adapterTypeName="executor://xunit/VsTestRunner2/netcoreapp" className="xUnitTestProject.CurrencyHelperTests" name="FormatToStringTest1000" />
    </UnitTest>
    <UnitTest name="xUnitTestProject.CurrencyHelperTests.FormatToStringTest1000(price: 635.3263313632116, expected: &quot;635.33 zł&quot;)" storage="c:\projekty\xunittestproject\bin\debug\netcoreapp3.1\xunittestproject.dll" id="a9271829-fbf1-47a3-aed7-368db58e22e7">
      <Execution id="0c73cde3-f779-471d-9184-f097531660bf" />
      <TestMethod codeBase="C:\Projekty\xUnitTestProject\bin\Debug\netcoreapp3.1\xUnitTestProject.dll" adapterTypeName="executor://xunit/VsTestRunner2/netcoreapp" className="xUnitTestProject.CurrencyHelperTests" name="FormatToStringTest1000" />
    </UnitTest>
    <UnitTest name="xUnitTestProject.CurrencyHelperTests.FormatToStringTest1000(price: 90187.4082624374, expected: &quot;90187.41 zł&quot;)" storage="c:\projekty\xunittestproject\bin\debug\netcoreapp3.1\xunittestproject.dll" id="4f50c537-4ed4-21bc-0ecd-39e74b29d0e7">
      <Execution id="250133f0-d4af-4b7e-9996-b6e9e317c986" />
      <TestMethod codeBase="C:\Projekty\xUnitTestProject\bin\Debug\netcoreapp3.1\xUnitTestProject.dll" adapterTypeName="executor://xunit/VsTestRunner2/netcoreapp" className="xUnitTestProject.CurrencyHelperTests" name="FormatToStringTest1000" />
    </UnitTest>
    <UnitTest name="xUnitTestProject.CurrencyHelperTests.FormatToStringTest1000(price: 30578.687538491416, expected: &quot;30578.69 zł&quot;)" storage="c:\projekty\xunittestproject\bin\debug\netcoreapp3.1\xunittestproject.dll" id="04661d81-bbef-c82f-71cf-dda291897ead">
      <Execution id="33c5cdbe-02b6-4ba2-aac1-e4f1611354a5" />
      <TestMethod codeBase="C:\Projekty\xUnitTestProject\bin\Debug\netcoreapp3.1\xUnitTestProject.dll" adapterTypeName="executor://xunit/VsTestRunner2/netcoreapp" className="xUnitTestProject.CurrencyHelperTests" name="FormatToStringTest1000" />
    </UnitTest>
    <UnitTest name="xUnitTestProject.CurrencyHelperTests.FormatToStringTest1000(price: 1821.7083499085663, expected: &quot;1821.71 zł&quot;)" storage="c:\projekty\xunittestproject\bin\debug\netcoreapp3.1\xunittestproject.dll" id="a5c380fd-7aff-7b69-c8d6-5989b9e204c5">
      <Execution id="ae51a949-65e4-4ad9-98d1-12d59d7e7974" />
      <TestMethod codeBase="C:\Projekty\xUnitTestProject\bin\Debug\netcoreapp3.1\xUnitTestProject.dll" adapterTypeName="executor://xunit/VsTestRunner2/netcoreapp" className="xUnitTestProject.CurrencyHelperTests" name="FormatToStringTest1000" />
    </UnitTest>
    <UnitTest name="xUnitTestProject.CurrencyHelperTests.FormatToStringTest1000(price: 317.9090540706688, expected: &quot;317.91 zł&quot;)" storage="c:\projekty\xunittestproject\bin\debug\netcoreapp3.1\xunittestproject.dll" id="996b214e-32e4-5376-d989-b4bc865084fe">
      <Execution id="59db39aa-6ae8-41a7-98c5-1ac1c59e3d7a" />
      <TestMethod codeBase="C:\Projekty\xUnitTestProject\bin\Debug\netcoreapp3.1\xUnitTestProject.dll" adapterTypeName="executor://xunit/VsTestRunner2/netcoreapp" className="xUnitTestProject.CurrencyHelperTests" name="FormatToStringTest1000" />
    </UnitTest>
    <UnitTest name="xUnitTestProject.CurrencyHelperTests.FormatToStringTest1000(price: 28072.424637532058, expected: &quot;28072.42 zł&quot;)" storage="c:\projekty\xunittestproject\bin\debug\netcoreapp3.1\xunittestproject.dll" id="bb2394ba-110a-90c0-2182-1e3775f73d05">
      <Execution id="97bf6764-9f77-4829-95e2-d7f68d66c2cc" />
      <TestMethod codeBase="C:\Projekty\xUnitTestProject\bin\Debug\netcoreapp3.1\xUnitTestProject.dll" adapterTypeName="executor://xunit/VsTestRunner2/netcoreapp" className="xUnitTestProject.CurrencyHelperTests" name="FormatToStringTest1000" />
    </UnitTest>
    <UnitTest name="xUnitTestProject.CurrencyHelperTests.FormatToStringTest1000(price: 2718.1767171650085, expected: &quot;2718.18 zł&quot;)" storage="c:\projekty\xunittestproject\bin\debug\netcoreapp3.1\xunittestproject.dll" id="fc18dbb3-2c7f-eef4-d751-3ff8a18e5fdc">
      <Execution id="c10d98d3-02e2-4bce-ae02-265e386b19fe" />
      <TestMethod codeBase="C:\Projekty\xUnitTestProject\bin\Debug\netcoreapp3.1\xUnitTestProject.dll" adapterTypeName="executor://xunit/VsTestRunner2/netcoreapp" className="xUnitTestProject.CurrencyHelperTests" name="FormatToStringTest1000" />
    </UnitTest>
    <UnitTest name="xUnitTestProject.CurrencyHelperTests.FormatToStringTest1000(price: 1884.4923513031063, expected: &quot;1884.49 zł&quot;)" storage="c:\projekty\xunittestproject\bin\debug\netcoreapp3.1\xunittestproject.dll" id="5df2cee8-1205-20ca-1995-6e5120b53d1e">
      <Execution id="f8abe8d2-c314-4281-9454-c5414afce8af" />
      <TestMethod codeBase="C:\Projekty\xUnitTestProject\bin\Debug\netcoreapp3.1\xUnitTestProject.dll" adapterTypeName="executor://xunit/VsTestRunner2/netcoreapp" className="xUnitTestProject.CurrencyHelperTests" name="FormatToStringTest1000" />
    </UnitTest>
    <UnitTest name="xUnitTestProject.CurrencyHelperTests.FormatToStringTest1000(price: 2897.9775426620513, expected: &quot;2897.98 zł&quot;)" storage="c:\projekty\xunittestproject\bin\debug\netcoreapp3.1\xunittestproject.dll" id="edd98930-a456-c16e-31c0-f98ab53f4169">
      <Execution id="6cc1253c-e3a5-4e39-a777-19196121fefb" />
      <TestMethod codeBase="C:\Projekty\xUnitTestProject\bin\Debug\netcoreapp3.1\xUnitTestProject.dll" adapterTypeName="executor://xunit/VsTestRunner2/netcoreapp" className="xUnitTestProject.CurrencyHelperTests" name="FormatToStringTest1000" />
    </UnitTest>
    <UnitTest name="xUnitTestProject.CurrencyHelperTests.FormatToStringTest1000(price: 14017.699524653006, expected: &quot;14017.70 zł&quot;)" storage="c:\projekty\xunittestproject\bin\debug\netcoreapp3.1\xunittestproject.dll" id="24bb58fc-f26e-f596-3b94-0fe50e90026c">
      <Execution id="1717e575-4100-4d8c-82b4-60af6182defb" />
      <TestMethod codeBase="C:\Projekty\xUnitTestProject\bin\Debug\netcoreapp3.1\xUnitTestProject.dll" adapterTypeName="executor://xunit/VsTestRunner2/netcoreapp" className="xUnitTestProject.CurrencyHelperTests" name="FormatToStringTest1000" />
    </UnitTest>
    <UnitTest name="xUnitTestProject.CurrencyHelperTests.FormatToStringTest1000(price: 21785.42157155528, expected: &quot;21785.42 zł&quot;)" storage="c:\projekty\xunittestproject\bin\debug\netcoreapp3.1\xunittestproject.dll" id="6205fc96-eb71-1460-755c-461fb37bb024">
      <Execution id="ededc49c-17da-4742-8e84-9357c83edb6e" />
      <TestMethod codeBase="C:\Projekty\xUnitTestProject\bin\Debug\netcoreapp3.1\xUnitTestProject.dll" adapterTypeName="executor://xunit/VsTestRunner2/netcoreapp" className="xUnitTestProject.CurrencyHelperTests" name="FormatToStringTest1000" />
    </UnitTest>
    <UnitTest name="xUnitTestProject.CurrencyHelperTests.FormatToStringTest1000(price: 88616.03808168416, expected: &quot;88616.04 zł&quot;)" storage="c:\projekty\xunittestproject\bin\debug\netcoreapp3.1\xunittestproject.dll" id="908bbb79-500c-f673-c8f4-2e8bf73bce40">
      <Execution id="e01b233a-5b22-41a1-a271-fdda5e87d0c7" />
      <TestMethod codeBase="C:\Projekty\xUnitTestProject\bin\Debug\netcoreapp3.1\xUnitTestProject.dll" adapterTypeName="executor://xunit/VsTestRunner2/netcoreapp" className="xUnitTestProject.CurrencyHelperTests" name="FormatToStringTest1000" />
    </UnitTest>
    <UnitTest name="xUnitTestProject.CurrencyHelperTests.FormatToStringTest1000(price: 12379.347974640013, expected: &quot;12379.35 zł&quot;)" storage="c:\projekty\xunittestproject\bin\debug\netcoreapp3.1\xunittestproject.dll" id="b2d498a1-af9b-33b8-aa18-e8644e9da7f1">
      <Execution id="defa0bd1-bc72-44ec-b230-7430e34ba180" />
      <TestMethod codeBase="C:\Projekty\xUnitTestProject\bin\Debug\netcoreapp3.1\xUnitTestProject.dll" adapterTypeName="executor://xunit/VsTestRunner2/netcoreapp" className="xUnitTestProject.CurrencyHelperTests" name="FormatToStringTest1000" />
    </UnitTest>
    <UnitTest name="xUnitTestProject.CurrencyHelperTests.FormatToStringTest1000(price: 14475.498583194567, expected: &quot;14475.50 zł&quot;)" storage="c:\projekty\xunittestproject\bin\debug\netcoreapp3.1\xunittestproject.dll" id="be9ca199-100c-7487-211b-359c6f85feb5">
      <Execution id="e66c28b9-a371-479c-8b48-6ad351c39951" />
      <TestMethod codeBase="C:\Projekty\xUnitTestProject\bin\Debug\netcoreapp3.1\xUnitTestProject.dll" adapterTypeName="executor://xunit/VsTestRunner2/netcoreapp" className="xUnitTestProject.CurrencyHelperTests" name="FormatToStringTest1000" />
    </UnitTest>
    <UnitTest name="xUnitTestProject.CurrencyHelperTests.FormatToStringTest1000(price: 1313.0279238368514, expected: &quot;1313.03 zł&quot;)" storage="c:\projekty\xunittestproject\bin\debug\netcoreapp3.1\xunittestproject.dll" id="71aa02e1-e075-142b-97e5-961b91ee4f3d">
      <Execution id="19085780-0441-4cc5-9ea1-da3bf8cb99e7" />
      <TestMethod codeBase="C:\Projekty\xUnitTestProject\bin\Debug\netcoreapp3.1\xUnitTestProject.dll" adapterTypeName="executor://xunit/VsTestRunner2/netcoreapp" className="xUnitTestProject.CurrencyHelperTests" name="FormatToStringTest1000" />
    </UnitTest>
    <UnitTest name="xUnitTestProject.CurrencyHelperTests.FormatToStringTest1000(price: 14003.84591249742, expected: &quot;14003.85 zł&quot;)" storage="c:\projekty\xunittestproject\bin\debug\netcoreapp3.1\xunittestproject.dll" id="33f34022-0429-d841-2008-e35fc72eef53">
      <Execution id="575efba0-0598-47a0-a9e3-9703864af5f9" />
      <TestMethod codeBase="C:\Projekty\xUnitTestProject\bin\Debug\netcoreapp3.1\xUnitTestProject.dll" adapterTypeName="executor://xunit/VsTestRunner2/netcoreapp" className="xUnitTestProject.CurrencyHelperTests" name="FormatToStringTest1000" />
    </UnitTest>
    <UnitTest name="xUnitTestProject.CurrencyHelperTests.FormatToStringTest1000(price: 6313.543884690639, expected: &quot;6313.54 zł&quot;)" storage="c:\projekty\xunittestproject\bin\debug\netcoreapp3.1\xunittestproject.dll" id="19a6af43-eb02-cc32-570b-ae7c8852f08e">
      <Execution id="2434619a-b31b-4416-9068-59ecf6fb7b95" />
      <TestMethod codeBase="C:\Projekty\xUnitTestProject\bin\Debug\netcoreapp3.1\xUnitTestProject.dll" adapterTypeName="executor://xunit/VsTestRunner2/netcoreapp" className="xUnitTestProject.CurrencyHelperTests" name="FormatToStringTest1000" />
    </UnitTest>
    <UnitTest name="xUnitTestProject.CurrencyHelperTests.FormatToStringTest1000(price: 46590.9609819562, expected: &quot;46590.96 zł&quot;)" storage="c:\projekty\xunittestproject\bin\debug\netcoreapp3.1\xunittestproject.dll" id="11e8e2ed-c8a3-dabc-7293-c381795c9796">
      <Execution id="160c388f-4640-4afe-9cf9-a5c0ba724651" />
      <TestMethod codeBase="C:\Projekty\xUnitTestProject\bin\Debug\netcoreapp3.1\xUnitTestProject.dll" adapterTypeName="executor://xunit/VsTestRunner2/netcoreapp" className="xUnitTestProject.CurrencyHelperTests" name="FormatToStringTest1000" />
    </UnitTest>
    <UnitTest name="xUnitTestProject.CurrencyHelperTests.FormatToStringTest1000(price: 18794.859523484418, expected: &quot;18794.86 zł&quot;)" storage="c:\projekty\xunittestproject\bin\debug\netcoreapp3.1\xunittestproject.dll" id="f5820c79-9491-c601-5f6f-2c9537d33353">
      <Execution id="a8050ae7-ccf3-4c2d-b234-f3ba6a91231d" />
      <TestMethod codeBase="C:\Projekty\xUnitTestProject\bin\Debug\netcoreapp3.1\xUnitTestProject.dll" adapterTypeName="executor://xunit/VsTestRunner2/netcoreapp" className="xUnitTestProject.CurrencyHelperTests" name="FormatToStringTest1000" />
    </UnitTest>
    <UnitTest name="xUnitTestProject.CurrencyHelperTests.FormatToStringTest1000(price: 1514.6266382441981, expected: &quot;1514.63 zł&quot;)" storage="c:\projekty\xunittestproject\bin\debug\netcoreapp3.1\xunittestproject.dll" id="d5ee81d6-78bc-115b-efec-5de38db0e38b">
      <Execution id="9ab0dd41-ddb6-4689-b76f-45af4555abb1" />
      <TestMethod codeBase="C:\Projekty\xUnitTestProject\bin\Debug\netcoreapp3.1\xUnitTestProject.dll" adapterTypeName="executor://xunit/VsTestRunner2/netcoreapp" className="xUnitTestProject.CurrencyHelperTests" name="FormatToStringTest1000" />
    </UnitTest>
    <UnitTest name="xUnitTestProject.CurrencyHelperTests.FormatToStringTest1000(price: 18596.12661189033, expected: &quot;18596.13 zł&quot;)" storage="c:\projekty\xunittestproject\bin\debug\netcoreapp3.1\xunittestproject.dll" id="5e1c3933-e4f7-a4af-71e7-871c86d36adf">
      <Execution id="138bd373-67fd-424c-9ba0-cd0156e82e1a" />
      <TestMethod codeBase="C:\Projekty\xUnitTestProject\bin\Debug\netcoreapp3.1\xUnitTestProject.dll" adapterTypeName="executor://xunit/VsTestRunner2/netcoreapp" className="xUnitTestProject.CurrencyHelperTests" name="FormatToStringTest1000" />
    </UnitTest>
    <UnitTest name="xUnitTestProject.CurrencyHelperTests.FormatToStringTest1000(price: 50009.23881716898, expected: &quot;50009.24 zł&quot;)" storage="c:\projekty\xunittestproject\bin\debug\netcoreapp3.1\xunittestproject.dll" id="c6561a8d-8639-fb30-9500-15f8be316902">
      <Execution id="5e03cff8-8170-4338-b612-281921d14c1d" />
      <TestMethod codeBase="C:\Projekty\xUnitTestProject\bin\Debug\netcoreapp3.1\xUnitTestProject.dll" adapterTypeName="executor://xunit/VsTestRunner2/netcoreapp" className="xUnitTestProject.CurrencyHelperTests" name="FormatToStringTest1000" />
    </UnitTest>
    <UnitTest name="xUnitTestProject.CurrencyHelperTests.FormatToStringTest1000(price: 25990.318498101697, expected: &quot;25990.32 zł&quot;)" storage="c:\projekty\xunittestproject\bin\debug\netcoreapp3.1\xunittestproject.dll" id="384612ec-11e1-c891-3d7e-9db254e6a2b4">
      <Execution id="95f08c3c-76f4-483a-a190-56b5cdbf3c74" />
      <TestMethod codeBase="C:\Projekty\xUnitTestProject\bin\Debug\netcoreapp3.1\xUnitTestProject.dll" adapterTypeName="executor://xunit/VsTestRunner2/netcoreapp" className="xUnitTestProject.CurrencyHelperTests" name="FormatToStringTest1000" />
    </UnitTest>
    <UnitTest name="xUnitTestProject.CurrencyHelperTests.FormatToStringTest1000(price: 31391.358864880804, expected: &quot;31391.36 zł&quot;)" storage="c:\projekty\xunittestproject\bin\debug\netcoreapp3.1\xunittestproject.dll" id="64486b5c-a699-4a15-d908-73d103db26bc">
      <Execution id="e34b81e6-bc55-40c9-b1e6-d1fd7f6c38a8" />
      <TestMethod codeBase="C:\Projekty\xUnitTestProject\bin\Debug\netcoreapp3.1\xUnitTestProject.dll" adapterTypeName="executor://xunit/VsTestRunner2/netcoreapp" className="xUnitTestProject.CurrencyHelperTests" name="FormatToStringTest1000" />
    </UnitTest>
    <UnitTest name="xUnitTestProject.CurrencyHelperTests.FormatToStringTest1000(price: 19435.417227184127, expected: &quot;19435.42 zł&quot;)" storage="c:\projekty\xunittestproject\bin\debug\netcoreapp3.1\xunittestproject.dll" id="1fffb893-3987-58da-ed03-e4f32e271dc9">
      <Execution id="208a683b-9a94-46ac-87a2-01ce28efeec3" />
      <TestMethod codeBase="C:\Projekty\xUnitTestProject\bin\Debug\netcoreapp3.1\xUnitTestProject.dll" adapterTypeName="executor://xunit/VsTestRunner2/netcoreapp" className="xUnitTestProject.CurrencyHelperTests" name="FormatToStringTest1000" />
    </UnitTest>
    <UnitTest name="xUnitTestProject.CurrencyHelperTests.FormatToStringTest1000(price: 3907.8681317963024, expected: &quot;3907.87 zł&quot;)" storage="c:\projekty\xunittestproject\bin\debug\netcoreapp3.1\xunittestproject.dll" id="b70675b1-ffbc-1a3f-030b-53fbcade7f2b">
      <Execution id="423110da-aef4-4bb0-a4d3-c35b4a162be1" />
      <TestMethod codeBase="C:\Projekty\xUnitTestProject\bin\Debug\netcoreapp3.1\xUnitTestProject.dll" adapterTypeName="executor://xunit/VsTestRunner2/netcoreapp" className="xUnitTestProject.CurrencyHelperTests" name="FormatToStringTest1000" />
    </UnitTest>
    <UnitTest name="xUnitTestProject.CurrencyHelperTests.FormatToStringTest1000(price: 26207.03715363659, expected: &quot;26207.04 zł&quot;)" storage="c:\projekty\xunittestproject\bin\debug\netcoreapp3.1\xunittestproject.dll" id="9f1933d5-ba32-f60d-5aa4-3e77602dd567">
      <Execution id="9c5fbf28-6935-4e5f-aaf3-827338fcfe09" />
      <TestMethod codeBase="C:\Projekty\xUnitTestProject\bin\Debug\netcoreapp3.1\xUnitTestProject.dll" adapterTypeName="executor://xunit/VsTestRunner2/netcoreapp" className="xUnitTestProject.CurrencyHelperTests" name="FormatToStringTest1000" />
    </UnitTest>
    <UnitTest name="xUnitTestProject.CurrencyHelperTests.FormatToStringTest1000(price: 17090.629587323234, expected: &quot;17090.63 zł&quot;)" storage="c:\projekty\xunittestproject\bin\debug\netcoreapp3.1\xunittestproject.dll" id="4f602daf-bb8d-fd94-ef0a-fd5eecda2ee6">
      <Execution id="7c4cd848-14ab-4d4e-b1d2-83756822c6cc" />
      <TestMethod codeBase="C:\Projekty\xUnitTestProject\bin\Debug\netcoreapp3.1\xUnitTestProject.dll" adapterTypeName="executor://xunit/VsTestRunner2/netcoreapp" className="xUnitTestProject.CurrencyHelperTests" name="FormatToStringTest1000" />
    </UnitTest>
    <UnitTest name="xUnitTestProject.CurrencyHelperTests.FormatToStringTest1000(price: 79764.77845563217, expected: &quot;79764.78 zł&quot;)" storage="c:\projekty\xunittestproject\bin\debug\netcoreapp3.1\xunittestproject.dll" id="331cc2f7-a1fa-edcf-e9a4-854a4876fe8a">
      <Execution id="20a82175-abd2-43e9-a950-95b4b0ecb08e" />
      <TestMethod codeBase="C:\Projekty\xUnitTestProject\bin\Debug\netcoreapp3.1\xUnitTestProject.dll" adapterTypeName="executor://xunit/VsTestRunner2/netcoreapp" className="xUnitTestProject.CurrencyHelperTests" name="FormatToStringTest1000" />
    </UnitTest>
    <UnitTest name="xUnitTestProject.CurrencyHelperTests.FormatToStringTest1000(price: 95353.10327693219, expected: &quot;95353.10 zł&quot;)" storage="c:\projekty\xunittestproject\bin\debug\netcoreapp3.1\xunittestproject.dll" id="e1d79475-a361-3073-e286-53d8423f4048">
      <Execution id="e55981c1-8f93-4716-99d4-e751485765d5" />
      <TestMethod codeBase="C:\Projekty\xUnitTestProject\bin\Debug\netcoreapp3.1\xUnitTestProject.dll" adapterTypeName="executor://xunit/VsTestRunner2/netcoreapp" className="xUnitTestProject.CurrencyHelperTests" name="FormatToStringTest1000" />
    </UnitTest>
    <UnitTest name="xUnitTestProject.CurrencyHelperTests.FormatToStringTest1000(price: 13206.129467931636, expected: &quot;13206.13 zł&quot;)" storage="c:\projekty\xunittestproject\bin\debug\netcoreapp3.1\xunittestproject.dll" id="37c7194c-1f0b-dee3-2e3b-dc795a15cffb">
      <Execution id="0edcfdb2-dcaa-46f0-9248-5e6122401620" />
      <TestMethod codeBase="C:\Projekty\xUnitTestProject\bin\Debug\netcoreapp3.1\xUnitTestProject.dll" adapterTypeName="executor://xunit/VsTestRunner2/netcoreapp" className="xUnitTestProject.CurrencyHelperTests" name="FormatToStringTest1000" />
    </UnitTest>
    <UnitTest name="xUnitTestProject.CurrencyHelperTests.FormatToStringTest1000(price: 10397.404523554447, expected: &quot;10397.40 zł&quot;)" storage="c:\projekty\xunittestproject\bin\debug\netcoreapp3.1\xunittestproject.dll" id="df98a0bb-288a-f0a3-8af8-186ed72a3b48">
      <Execution id="44d1ae4d-31b4-4a17-8ba3-b14914174443" />
      <TestMethod codeBase="C:\Projekty\xUnitTestProject\bin\Debug\netcoreapp3.1\xUnitTestProject.dll" adapterTypeName="executor://xunit/VsTestRunner2/netcoreapp" className="xUnitTestProject.CurrencyHelperTests" name="FormatToStringTest1000" />
    </UnitTest>
    <UnitTest name="xUnitTestProject.CurrencyHelperTests.FormatToStringTest1000(price: 16383.352881839199, expected: &quot;16383.35 zł&quot;)" storage="c:\projekty\xunittestproject\bin\debug\netcoreapp3.1\xunittestproject.dll" id="df661f1a-369e-296a-5042-ab9651f93dce">
      <Execution id="fc7614c4-2beb-4c7d-980a-07c5f727a45c" />
      <TestMethod codeBase="C:\Projekty\xUnitTestProject\bin\Debug\netcoreapp3.1\xUnitTestProject.dll" adapterTypeName="executor://xunit/VsTestRunner2/netcoreapp" className="xUnitTestProject.CurrencyHelperTests" name="FormatToStringTest1000" />
    </UnitTest>
    <UnitTest name="xUnitTestProject.CurrencyHelperTests.FormatToStringTest1000(price: 42383.08993972982, expected: &quot;42383.09 zł&quot;)" storage="c:\projekty\xunittestproject\bin\debug\netcoreapp3.1\xunittestproject.dll" id="50bd341a-c773-af8f-d72d-637dadce7bec">
      <Execution id="d958f973-e981-4c50-9abc-f47e923331d6" />
      <TestMethod codeBase="C:\Projekty\xUnitTestProject\bin\Debug\netcoreapp3.1\xUnitTestProject.dll" adapterTypeName="executor://xunit/VsTestRunner2/netcoreapp" className="xUnitTestProject.CurrencyHelperTests" name="FormatToStringTest1000" />
    </UnitTest>
    <UnitTest name="xUnitTestProject.CurrencyHelperTests.FormatToStringTest1000(price: 12759.925747307914, expected: &quot;12759.93 zł&quot;)" storage="c:\projekty\xunittestproject\bin\debug\netcoreapp3.1\xunittestproject.dll" id="6cb3c27b-61db-68ea-03a1-16fad20636e6">
      <Execution id="e9c6f742-d5f3-4a08-941b-e46d256111d0" />
      <TestMethod codeBase="C:\Projekty\xUnitTestProject\bin\Debug\netcoreapp3.1\xUnitTestProject.dll" adapterTypeName="executor://xunit/VsTestRunner2/netcoreapp" className="xUnitTestProject.CurrencyHelperTests" name="FormatToStringTest1000" />
    </UnitTest>
    <UnitTest name="xUnitTestProject.CurrencyHelperTests.FormatToStringTest1000(price: 40268.121943438484, expected: &quot;40268.12 zł&quot;)" storage="c:\projekty\xunittestproject\bin\debug\netcoreapp3.1\xunittestproject.dll" id="4e78f25c-d355-e112-010c-d75e1dbe484f">
      <Execution id="b917ca9b-d5ba-473b-921a-106afb876728" />
      <TestMethod codeBase="C:\Projekty\xUnitTestProject\bin\Debug\netcoreapp3.1\xUnitTestProject.dll" adapterTypeName="executor://xunit/VsTestRunner2/netcoreapp" className="xUnitTestProject.CurrencyHelperTests" name="FormatToStringTest1000" />
    </UnitTest>
    <UnitTest name="xUnitTestProject.CurrencyHelperTests.FormatToStringTest1000(price: 12641.700665183225, expected: &quot;12641.70 zł&quot;)" storage="c:\projekty\xunittestproject\bin\debug\netcoreapp3.1\xunittestproject.dll" id="1eaafc3c-6374-0d37-e565-15fb470a9a01">
      <Execution id="0251efb7-88a9-42d4-b605-874f2ab18204" />
      <TestMethod codeBase="C:\Projekty\xUnitTestProject\bin\Debug\netcoreapp3.1\xUnitTestProject.dll" adapterTypeName="executor://xunit/VsTestRunner2/netcoreapp" className="xUnitTestProject.CurrencyHelperTests" name="FormatToStringTest1000" />
    </UnitTest>
    <UnitTest name="xUnitTestProject.CurrencyHelperTests.FormatToStringTest1000(price: 1751.1734380625066, expected: &quot;1751.17 zł&quot;)" storage="c:\projekty\xunittestproject\bin\debug\netcoreapp3.1\xunittestproject.dll" id="f1ddd1cb-937b-c6a5-5626-287e7f18daa2">
      <Execution id="455d4002-9fcf-4bbd-b428-e227108a5039" />
      <TestMethod codeBase="C:\Projekty\xUnitTestProject\bin\Debug\netcoreapp3.1\xUnitTestProject.dll" adapterTypeName="executor://xunit/VsTestRunner2/netcoreapp" className="xUnitTestProject.CurrencyHelperTests" name="FormatToStringTest1000" />
    </UnitTest>
    <UnitTest name="xUnitTestProject.CurrencyHelperTests.FormatToStringTest1000(price: 20441.330495004695, expected: &quot;20441.33 zł&quot;)" storage="c:\projekty\xunittestproject\bin\debug\netcoreapp3.1\xunittestproject.dll" id="ebd1aa40-63da-115b-f2a9-d23a543d03a1">
      <Execution id="48939a8c-c0ea-4173-9d5e-8cc3dde81299" />
      <TestMethod codeBase="C:\Projekty\xUnitTestProject\bin\Debug\netcoreapp3.1\xUnitTestProject.dll" adapterTypeName="executor://xunit/VsTestRunner2/netcoreapp" className="xUnitTestProject.CurrencyHelperTests" name="FormatToStringTest1000" />
    </UnitTest>
    <UnitTest name="xUnitTestProject.CurrencyHelperTests.FormatToStringTest1000(price: 468.83385119346616, expected: &quot;468.83 zł&quot;)" storage="c:\projekty\xunittestproject\bin\debug\netcoreapp3.1\xunittestproject.dll" id="e1f98d4b-b934-3301-b07c-a8722a8e1bf4">
      <Execution id="b83b73b0-5efe-42bd-8de6-d45c9ed6d74b" />
      <TestMethod codeBase="C:\Projekty\xUnitTestProject\bin\Debug\netcoreapp3.1\xUnitTestProject.dll" adapterTypeName="executor://xunit/VsTestRunner2/netcoreapp" className="xUnitTestProject.CurrencyHelperTests" name="FormatToStringTest1000" />
    </UnitTest>
    <UnitTest name="xUnitTestProject.CurrencyHelperTests.FormatToStringTest1000(price: 74514.06270644537, expected: &quot;74514.06 zł&quot;)" storage="c:\projekty\xunittestproject\bin\debug\netcoreapp3.1\xunittestproject.dll" id="6a68b288-e760-a42c-8c5a-4aafd65f28b7">
      <Execution id="c74762a0-6efe-435d-a353-9aa542c12ea0" />
      <TestMethod codeBase="C:\Projekty\xUnitTestProject\bin\Debug\netcoreapp3.1\xUnitTestProject.dll" adapterTypeName="executor://xunit/VsTestRunner2/netcoreapp" className="xUnitTestProject.CurrencyHelperTests" name="FormatToStringTest1000" />
    </UnitTest>
    <UnitTest name="xUnitTestProject.CurrencyHelperTests.FormatToStringTest1000(price: 21728.91641959963, expected: &quot;21728.92 zł&quot;)" storage="c:\projekty\xunittestproject\bin\debug\netcoreapp3.1\xunittestproject.dll" id="251bbc15-9ad4-e7e2-3a95-fab7be0e3e27">
      <Execution id="37e1edf8-8871-4fb4-a74c-5719d95b67f3" />
      <TestMethod codeBase="C:\Projekty\xUnitTestProject\bin\Debug\netcoreapp3.1\xUnitTestProject.dll" adapterTypeName="executor://xunit/VsTestRunner2/netcoreapp" className="xUnitTestProject.CurrencyHelperTests" name="FormatToStringTest1000" />
    </UnitTest>
    <UnitTest name="xUnitTestProject.CurrencyHelperTests.FormatToStringTest1000(price: 47630.39193684067, expected: &quot;47630.39 zł&quot;)" storage="c:\projekty\xunittestproject\bin\debug\netcoreapp3.1\xunittestproject.dll" id="b260e8fd-b664-9d96-9944-4c7dd9ae1851">
      <Execution id="51e221a7-3a8f-4b21-8411-bf69b93e783a" />
      <TestMethod codeBase="C:\Projekty\xUnitTestProject\bin\Debug\netcoreapp3.1\xUnitTestProject.dll" adapterTypeName="executor://xunit/VsTestRunner2/netcoreapp" className="xUnitTestProject.CurrencyHelperTests" name="FormatToStringTest1000" />
    </UnitTest>
    <UnitTest name="xUnitTestProject.CurrencyHelperTests.FormatToStringTest1000(price: 7193.552206002898, expected: &quot;7193.55 zł&quot;)" storage="c:\projekty\xunittestproject\bin\debug\netcoreapp3.1\xunittestproject.dll" id="9b79670a-4357-fb82-855b-9e335ddd3a09">
      <Execution id="618ebd00-6166-484b-9ebc-ecf5fd54faa0" />
      <TestMethod codeBase="C:\Projekty\xUnitTestProject\bin\Debug\netcoreapp3.1\xUnitTestProject.dll" adapterTypeName="executor://xunit/VsTestRunner2/netcoreapp" className="xUnitTestProject.CurrencyHelperTests" name="FormatToStringTest1000" />
    </UnitTest>
    <UnitTest name="xUnitTestProject.CurrencyHelperTests.FormatToStringTest1000(price: 4612.32080757633, expected: &quot;4612.32 zł&quot;)" storage="c:\projekty\xunittestproject\bin\debug\netcoreapp3.1\xunittestproject.dll" id="1847f09f-3a3a-e54a-437b-e06a692092b8">
      <Execution id="e8c2c4cc-d6f6-4aab-89f5-19eb5e0fcd3e" />
      <TestMethod codeBase="C:\Projekty\xUnitTestProject\bin\Debug\netcoreapp3.1\xUnitTestProject.dll" adapterTypeName="executor://xunit/VsTestRunner2/netcoreapp" className="xUnitTestProject.CurrencyHelperTests" name="FormatToStringTest1000" />
    </UnitTest>
    <UnitTest name="xUnitTestProject.CurrencyHelperTests.FormatToStringTest1000(price: 39314.52353688401, expected: &quot;39314.52 zł&quot;)" storage="c:\projekty\xunittestproject\bin\debug\netcoreapp3.1\xunittestproject.dll" id="45a5b31d-d8ee-81e0-0e1d-a198d7cba5b5">
      <Execution id="435f2141-603f-47b3-ba0d-b51922d546de" />
      <TestMethod codeBase="C:\Projekty\xUnitTestProject\bin\Debug\netcoreapp3.1\xUnitTestProject.dll" adapterTypeName="executor://xunit/VsTestRunner2/netcoreapp" className="xUnitTestProject.CurrencyHelperTests" name="FormatToStringTest1000" />
    </UnitTest>
    <UnitTest name="xUnitTestProject.CurrencyHelperTests.FormatToStringTest1000(price: 17098.491445727876, expected: &quot;17098.49 zł&quot;)" storage="c:\projekty\xunittestproject\bin\debug\netcoreapp3.1\xunittestproject.dll" id="e8ec7e81-c75e-50ea-5d4f-c58eeb7d8270">
      <Execution id="3fd86ed1-1e5b-45b4-a544-f72325cd6e83" />
      <TestMethod codeBase="C:\Projekty\xUnitTestProject\bin\Debug\netcoreapp3.1\xUnitTestProject.dll" adapterTypeName="executor://xunit/VsTestRunner2/netcoreapp" className="xUnitTestProject.CurrencyHelperTests" name="FormatToStringTest1000" />
    </UnitTest>
    <UnitTest name="xUnitTestProject.CurrencyHelperTests.FormatToStringTest1000(price: 5254.6338787505565, expected: &quot;5254.63 zł&quot;)" storage="c:\projekty\xunittestproject\bin\debug\netcoreapp3.1\xunittestproject.dll" id="05428edc-24e9-331d-ccde-497be2e009d1">
      <Execution id="3c81317a-aa6b-450a-bd15-4704aa0a280f" />
      <TestMethod codeBase="C:\Projekty\xUnitTestProject\bin\Debug\netcoreapp3.1\xUnitTestProject.dll" adapterTypeName="executor://xunit/VsTestRunner2/netcoreapp" className="xUnitTestProject.CurrencyHelperTests" name="FormatToStringTest1000" />
    </UnitTest>
    <UnitTest name="xUnitTestProject.CurrencyHelperTests.FormatToStringTest1000(price: 10501.127379151585, expected: &quot;10501.13 zł&quot;)" storage="c:\projekty\xunittestproject\bin\debug\netcoreapp3.1\xunittestproject.dll" id="6aa06741-b93f-b24b-6ccf-f7d51617fc30">
      <Execution id="3ea5d5c9-ea08-4574-8377-18d0af280777" />
      <TestMethod codeBase="C:\Projekty\xUnitTestProject\bin\Debug\netcoreapp3.1\xUnitTestProject.dll" adapterTypeName="executor://xunit/VsTestRunner2/netcoreapp" className="xUnitTestProject.CurrencyHelperTests" name="FormatToStringTest1000" />
    </UnitTest>
    <UnitTest name="xUnitTestProject.CurrencyHelperTests.FormatToStringTest1000(price: 33851.35523524618, expected: &quot;33851.36 zł&quot;)" storage="c:\projekty\xunittestproject\bin\debug\netcoreapp3.1\xunittestproject.dll" id="ca982acc-6d3c-04e3-1b49-3eea6c1f73fe">
      <Execution id="0815af04-5852-4695-95c8-83a74b71b79b" />
      <TestMethod codeBase="C:\Projekty\xUnitTestProject\bin\Debug\netcoreapp3.1\xUnitTestProject.dll" adapterTypeName="executor://xunit/VsTestRunner2/netcoreapp" className="xUnitTestProject.CurrencyHelperTests" name="FormatToStringTest1000" />
    </UnitTest>
    <UnitTest name="xUnitTestProject.CurrencyHelperTests.FormatToStringTest1000(price: 23789.556920184546, expected: &quot;23789.56 zł&quot;)" storage="c:\projekty\xunittestproject\bin\debug\netcoreapp3.1\xunittestproject.dll" id="d02dc591-3a84-d3ac-10be-a85efb2cb27c">
      <Execution id="5e207e5b-0b37-4780-b96d-e68fdcc67d74" />
      <TestMethod codeBase="C:\Projekty\xUnitTestProject\bin\Debug\netcoreapp3.1\xUnitTestProject.dll" adapterTypeName="executor://xunit/VsTestRunner2/netcoreapp" className="xUnitTestProject.CurrencyHelperTests" name="FormatToStringTest1000" />
    </UnitTest>
    <UnitTest name="xUnitTestProject.CurrencyHelperTests.FormatToStringTest1000(price: 4025.728369236797, expected: &quot;4025.73 zł&quot;)" storage="c:\projekty\xunittestproject\bin\debug\netcoreapp3.1\xunittestproject.dll" id="a16b516f-2dd7-f0de-4b9f-39b505e3fb31">
      <Execution id="191bac2c-edea-43f5-a733-ede755885916" />
      <TestMethod codeBase="C:\Projekty\xUnitTestProject\bin\Debug\netcoreapp3.1\xUnitTestProject.dll" adapterTypeName="executor://xunit/VsTestRunner2/netcoreapp" className="xUnitTestProject.CurrencyHelperTests" name="FormatToStringTest1000" />
    </UnitTest>
    <UnitTest name="xUnitTestProject.CurrencyHelperTests.FormatToStringTest1000(price: 27893.312729890138, expected: &quot;27893.31 zł&quot;)" storage="c:\projekty\xunittestproject\bin\debug\netcoreapp3.1\xunittestproject.dll" id="fe39f516-26c8-b34c-d7c3-8fcbe7da1ba2">
      <Execution id="0356043b-9647-4d61-bc6c-e1e7a2a7dbf4" />
      <TestMethod codeBase="C:\Projekty\xUnitTestProject\bin\Debug\netcoreapp3.1\xUnitTestProject.dll" adapterTypeName="executor://xunit/VsTestRunner2/netcoreapp" className="xUnitTestProject.CurrencyHelperTests" name="FormatToStringTest1000" />
    </UnitTest>
    <UnitTest name="xUnitTestProject.CurrencyHelperTests.FormatToStringTest1000(price: 3799.9216302064815, expected: &quot;3799.92 zł&quot;)" storage="c:\projekty\xunittestproject\bin\debug\netcoreapp3.1\xunittestproject.dll" id="9a37fdb2-9bc9-44c3-d032-3d58a5dce31d">
      <Execution id="9ee4009f-9028-4774-a4a4-25dc5841e28d" />
      <TestMethod codeBase="C:\Projekty\xUnitTestProject\bin\Debug\netcoreapp3.1\xUnitTestProject.dll" adapterTypeName="executor://xunit/VsTestRunner2/netcoreapp" className="xUnitTestProject.CurrencyHelperTests" name="FormatToStringTest1000" />
    </UnitTest>
    <UnitTest name="xUnitTestProject.CurrencyHelperTests.FormatToStringTest1000(price: 51503.82905738234, expected: &quot;51503.83 zł&quot;)" storage="c:\projekty\xunittestproject\bin\debug\netcoreapp3.1\xunittestproject.dll" id="f1679d4a-b856-7d51-628e-8f29c288c7ca">
      <Execution id="c37ff303-bef1-49db-b30a-8ae4d6e8ed0e" />
      <TestMethod codeBase="C:\Projekty\xUnitTestProject\bin\Debug\netcoreapp3.1\xUnitTestProject.dll" adapterTypeName="executor://xunit/VsTestRunner2/netcoreapp" className="xUnitTestProject.CurrencyHelperTests" name="FormatToStringTest1000" />
    </UnitTest>
    <UnitTest name="xUnitTestProject.CurrencyHelperTests.FormatToStringTest1000(price: 16673.5121774904, expected: &quot;16673.51 zł&quot;)" storage="c:\projekty\xunittestproject\bin\debug\netcoreapp3.1\xunittestproject.dll" id="12ac148d-b770-8a76-3e48-40788f60fbd2">
      <Execution id="93189db3-7f74-4819-94db-a51527d3ae5a" />
      <TestMethod codeBase="C:\Projekty\xUnitTestProject\bin\Debug\netcoreapp3.1\xUnitTestProject.dll" adapterTypeName="executor://xunit/VsTestRunner2/netcoreapp" className="xUnitTestProject.CurrencyHelperTests" name="FormatToStringTest1000" />
    </UnitTest>
    <UnitTest name="xUnitTestProject.CurrencyHelperTests.FormatToStringTest1000(price: 13478.157112043891, expected: &quot;13478.16 zł&quot;)" storage="c:\projekty\xunittestproject\bin\debug\netcoreapp3.1\xunittestproject.dll" id="4e40923a-3f2f-ab14-66db-33f21753e6c1">
      <Execution id="6b68cc84-e3cb-4a20-ae02-d326e58b4aa5" />
      <TestMethod codeBase="C:\Projekty\xUnitTestProject\bin\Debug\netcoreapp3.1\xUnitTestProject.dll" adapterTypeName="executor://xunit/VsTestRunner2/netcoreapp" className="xUnitTestProject.CurrencyHelperTests" name="FormatToStringTest1000" />
    </UnitTest>
    <UnitTest name="xUnitTestProject.CurrencyHelperTests.FormatToStringTest1000(price: 18032.4720825476, expected: &quot;18032.47 zł&quot;)" storage="c:\projekty\xunittestproject\bin\debug\netcoreapp3.1\xunittestproject.dll" id="a711a8fd-55fb-fc36-f795-72cedac95d24">
      <Execution id="8ddb4673-a99a-435b-9281-18bbef0f7b38" />
      <TestMethod codeBase="C:\Projekty\xUnitTestProject\bin\Debug\netcoreapp3.1\xUnitTestProject.dll" adapterTypeName="executor://xunit/VsTestRunner2/netcoreapp" className="xUnitTestProject.CurrencyHelperTests" name="FormatToStringTest1000" />
    </UnitTest>
    <UnitTest name="xUnitTestProject.CurrencyHelperTests.FormatToStringTest1000(price: 9517.514896326473, expected: &quot;9517.51 zł&quot;)" storage="c:\projekty\xunittestproject\bin\debug\netcoreapp3.1\xunittestproject.dll" id="b7f26b3d-6733-f07e-6f15-9b6ddb83ad50">
      <Execution id="0dbefe61-2de6-4a49-9075-c464a1affda8" />
      <TestMethod codeBase="C:\Projekty\xUnitTestProject\bin\Debug\netcoreapp3.1\xUnitTestProject.dll" adapterTypeName="executor://xunit/VsTestRunner2/netcoreapp" className="xUnitTestProject.CurrencyHelperTests" name="FormatToStringTest1000" />
    </UnitTest>
    <UnitTest name="xUnitTestProject.CurrencyHelperTests.FormatToStringTest1000(price: 27751.474436297303, expected: &quot;27751.47 zł&quot;)" storage="c:\projekty\xunittestproject\bin\debug\netcoreapp3.1\xunittestproject.dll" id="1f661c1f-d0bf-b374-44cc-db7131efefe7">
      <Execution id="44682ec5-92b3-4ea8-9be0-4909f036ee8a" />
      <TestMethod codeBase="C:\Projekty\xUnitTestProject\bin\Debug\netcoreapp3.1\xUnitTestProject.dll" adapterTypeName="executor://xunit/VsTestRunner2/netcoreapp" className="xUnitTestProject.CurrencyHelperTests" name="FormatToStringTest1000" />
    </UnitTest>
    <UnitTest name="xUnitTestProject.CurrencyHelperTests.FormatToStringTest1000(price: 37866.43836050967, expected: &quot;37866.44 zł&quot;)" storage="c:\projekty\xunittestproject\bin\debug\netcoreapp3.1\xunittestproject.dll" id="a97810bc-ccf4-4f77-152b-d7c40d37cd64">
      <Execution id="e97a5141-7170-4c4d-bcdc-04cc3e7b5af8" />
      <TestMethod codeBase="C:\Projekty\xUnitTestProject\bin\Debug\netcoreapp3.1\xUnitTestProject.dll" adapterTypeName="executor://xunit/VsTestRunner2/netcoreapp" className="xUnitTestProject.CurrencyHelperTests" name="FormatToStringTest1000" />
    </UnitTest>
    <UnitTest name="xUnitTestProject.CurrencyHelperTests.FormatToStringTest1000(price: 93775.33090185716, expected: &quot;93775.33 zł&quot;)" storage="c:\projekty\xunittestproject\bin\debug\netcoreapp3.1\xunittestproject.dll" id="2151d041-2bc8-f3a7-2b84-0e6fe76ff3f0">
      <Execution id="f585e0a9-1a5a-49c3-913d-e7c4bd176f7c" />
      <TestMethod codeBase="C:\Projekty\xUnitTestProject\bin\Debug\netcoreapp3.1\xUnitTestProject.dll" adapterTypeName="executor://xunit/VsTestRunner2/netcoreapp" className="xUnitTestProject.CurrencyHelperTests" name="FormatToStringTest1000" />
    </UnitTest>
    <UnitTest name="xUnitTestProject.CurrencyHelperTests.FormatToStringTest1000(price: 14920.620598662934, expected: &quot;14920.62 zł&quot;)" storage="c:\projekty\xunittestproject\bin\debug\netcoreapp3.1\xunittestproject.dll" id="96c01fa6-5d4d-3d03-7186-21835a01bdc8">
      <Execution id="ace234e0-58b0-420e-8142-d3583c83bfa7" />
      <TestMethod codeBase="C:\Projekty\xUnitTestProject\bin\Debug\netcoreapp3.1\xUnitTestProject.dll" adapterTypeName="executor://xunit/VsTestRunner2/netcoreapp" className="xUnitTestProject.CurrencyHelperTests" name="FormatToStringTest1000" />
    </UnitTest>
    <UnitTest name="xUnitTestProject.CurrencyHelperTests.FormatToStringTest1000(price: 47437.74370917619, expected: &quot;47437.74 zł&quot;)" storage="c:\projekty\xunittestproject\bin\debug\netcoreapp3.1\xunittestproject.dll" id="8b7ce013-8629-5a29-320f-b962e95e1d02">
      <Execution id="42ca2c8d-492e-4c7e-8c48-8425fd7ace9b" />
      <TestMethod codeBase="C:\Projekty\xUnitTestProject\bin\Debug\netcoreapp3.1\xUnitTestProject.dll" adapterTypeName="executor://xunit/VsTestRunner2/netcoreapp" className="xUnitTestProject.CurrencyHelperTests" name="FormatToStringTest1000" />
    </UnitTest>
    <UnitTest name="xUnitTestProject.CurrencyHelperTests.FormatToStringTest1000(price: 20445.11280083149, expected: &quot;20445.11 zł&quot;)" storage="c:\projekty\xunittestproject\bin\debug\netcoreapp3.1\xunittestproject.dll" id="7b9b1040-51d8-c2e6-1ac0-cb113e76a56a">
      <Execution id="b88dde3e-b0f6-4659-86df-dfc3b861979a" />
      <TestMethod codeBase="C:\Projekty\xUnitTestProject\bin\Debug\netcoreapp3.1\xUnitTestProject.dll" adapterTypeName="executor://xunit/VsTestRunner2/netcoreapp" className="xUnitTestProject.CurrencyHelperTests" name="FormatToStringTest1000" />
    </UnitTest>
    <UnitTest name="xUnitTestProject.CurrencyHelperTests.FormatToStringTest1000(price: 33251.41907856028, expected: &quot;33251.42 zł&quot;)" storage="c:\projekty\xunittestproject\bin\debug\netcoreapp3.1\xunittestproject.dll" id="1f9cd9ca-f1cd-430d-8d80-74a061c9ac45">
      <Execution id="7b0ee39c-a311-4f5f-8167-7845acb22d41" />
      <TestMethod codeBase="C:\Projekty\xUnitTestProject\bin\Debug\netcoreapp3.1\xUnitTestProject.dll" adapterTypeName="executor://xunit/VsTestRunner2/netcoreapp" className="xUnitTestProject.CurrencyHelperTests" name="FormatToStringTest1000" />
    </UnitTest>
    <UnitTest name="xUnitTestProject.CurrencyHelperTests.FormatToStringTest1000(price: 4116.417580192638, expected: &quot;4116.42 zł&quot;)" storage="c:\projekty\xunittestproject\bin\debug\netcoreapp3.1\xunittestproject.dll" id="6517f205-88c6-f2fb-89fe-a931711e4343">
      <Execution id="7fe066f7-8f63-4497-b08e-57ef6acf664b" />
      <TestMethod codeBase="C:\Projekty\xUnitTestProject\bin\Debug\netcoreapp3.1\xUnitTestProject.dll" adapterTypeName="executor://xunit/VsTestRunner2/netcoreapp" className="xUnitTestProject.CurrencyHelperTests" name="FormatToStringTest1000" />
    </UnitTest>
    <UnitTest name="xUnitTestProject.CurrencyHelperTests.FormatToStringTest1000(price: 7789.7136237517525, expected: &quot;7789.71 zł&quot;)" storage="c:\projekty\xunittestproject\bin\debug\netcoreapp3.1\xunittestproject.dll" id="8783f986-8eac-ac9c-2b17-d1518f607836">
      <Execution id="15e95249-a657-4da2-80f4-6b0195f7ea13" />
      <TestMethod codeBase="C:\Projekty\xUnitTestProject\bin\Debug\netcoreapp3.1\xUnitTestProject.dll" adapterTypeName="executor://xunit/VsTestRunner2/netcoreapp" className="xUnitTestProject.CurrencyHelperTests" name="FormatToStringTest1000" />
    </UnitTest>
    <UnitTest name="xUnitTestProject.CurrencyHelperTests.FormatToStringTest1000(price: 6544.213759255695, expected: &quot;6544.21 zł&quot;)" storage="c:\projekty\xunittestproject\bin\debug\netcoreapp3.1\xunittestproject.dll" id="bfbcecbb-ebb0-4cc4-ba14-4fec10bfe400">
      <Execution id="267ab6ce-ae89-4613-856b-1c8ccf575f6d" />
      <TestMethod codeBase="C:\Projekty\xUnitTestProject\bin\Debug\netcoreapp3.1\xUnitTestProject.dll" adapterTypeName="executor://xunit/VsTestRunner2/netcoreapp" className="xUnitTestProject.CurrencyHelperTests" name="FormatToStringTest1000" />
    </UnitTest>
    <UnitTest name="xUnitTestProject.CurrencyHelperTests.FormatToStringTest1000(price: 50991.22189691114, expected: &quot;50991.22 zł&quot;)" storage="c:\projekty\xunittestproject\bin\debug\netcoreapp3.1\xunittestproject.dll" id="c34ab70e-c13b-c0d3-f6b8-6dc84da0bd17">
      <Execution id="285db2ca-33d6-4a38-a5de-644f91771759" />
      <TestMethod codeBase="C:\Projekty\xUnitTestProject\bin\Debug\netcoreapp3.1\xUnitTestProject.dll" adapterTypeName="executor://xunit/VsTestRunner2/netcoreapp" className="xUnitTestProject.CurrencyHelperTests" name="FormatToStringTest1000" />
    </UnitTest>
    <UnitTest name="xUnitTestProject.CurrencyHelperTests.FormatToStringTest1000(price: 25440.18371476614, expected: &quot;25440.18 zł&quot;)" storage="c:\projekty\xunittestproject\bin\debug\netcoreapp3.1\xunittestproject.dll" id="04127ca2-1b44-60f0-2ddc-d2453cd48c79">
      <Execution id="aeb26093-7b3d-4b89-971d-d2c29ad8b577" />
      <TestMethod codeBase="C:\Projekty\xUnitTestProject\bin\Debug\netcoreapp3.1\xUnitTestProject.dll" adapterTypeName="executor://xunit/VsTestRunner2/netcoreapp" className="xUnitTestProject.CurrencyHelperTests" name="FormatToStringTest1000" />
    </UnitTest>
    <UnitTest name="xUnitTestProject.CurrencyHelperTests.FormatToStringTest1000(price: 45955.903045959254, expected: &quot;45955.90 zł&quot;)" storage="c:\projekty\xunittestproject\bin\debug\netcoreapp3.1\xunittestproject.dll" id="5605ffe3-47bf-edde-5207-79dd7a259fef">
      <Execution id="aa0def21-85fc-4cf5-bada-66eb10de567b" />
      <TestMethod codeBase="C:\Projekty\xUnitTestProject\bin\Debug\netcoreapp3.1\xUnitTestProject.dll" adapterTypeName="executor://xunit/VsTestRunner2/netcoreapp" className="xUnitTestProject.CurrencyHelperTests" name="FormatToStringTest1000" />
    </UnitTest>
    <UnitTest name="xUnitTestProject.CurrencyHelperTests.FormatToStringTest1000(price: 45070.5442499493, expected: &quot;45070.54 zł&quot;)" storage="c:\projekty\xunittestproject\bin\debug\netcoreapp3.1\xunittestproject.dll" id="1ad63577-6f41-15d0-2387-0963e1b2bf95">
      <Execution id="26268940-6f20-4122-8881-714f0a31041d" />
      <TestMethod codeBase="C:\Projekty\xUnitTestProject\bin\Debug\netcoreapp3.1\xUnitTestProject.dll" adapterTypeName="executor://xunit/VsTestRunner2/netcoreapp" className="xUnitTestProject.CurrencyHelperTests" name="FormatToStringTest1000" />
    </UnitTest>
    <UnitTest name="xUnitTestProject.CurrencyHelperTests.FormatToStringTest1000(price: 75214.75000876503, expected: &quot;75214.75 zł&quot;)" storage="c:\projekty\xunittestproject\bin\debug\netcoreapp3.1\xunittestproject.dll" id="163fd586-92aa-6f23-9cea-f9c152d7d771">
      <Execution id="364467df-9863-4747-9d1b-da89e5d0ec43" />
      <TestMethod codeBase="C:\Projekty\xUnitTestProject\bin\Debug\netcoreapp3.1\xUnitTestProject.dll" adapterTypeName="executor://xunit/VsTestRunner2/netcoreapp" className="xUnitTestProject.CurrencyHelperTests" name="FormatToStringTest1000" />
    </UnitTest>
    <UnitTest name="xUnitTestProject.CurrencyHelperTests.FormatToStringTest1000(price: 643.3550376181281, expected: &quot;643.36 zł&quot;)" storage="c:\projekty\xunittestproject\bin\debug\netcoreapp3.1\xunittestproject.dll" id="76d85170-85b2-a48f-102e-aa9420de3580">
      <Execution id="ace817d7-5b89-4496-964d-e2205c0d7309" />
      <TestMethod codeBase="C:\Projekty\xUnitTestProject\bin\Debug\netcoreapp3.1\xUnitTestProject.dll" adapterTypeName="executor://xunit/VsTestRunner2/netcoreapp" className="xUnitTestProject.CurrencyHelperTests" name="FormatToStringTest1000" />
    </UnitTest>
    <UnitTest name="xUnitTestProject.CurrencyHelperTests.FormatToStringTest1000(price: 1613.6903705837626, expected: &quot;1613.69 zł&quot;)" storage="c:\projekty\xunittestproject\bin\debug\netcoreapp3.1\xunittestproject.dll" id="6f661c9f-cb4c-fdf6-5a9a-217f69ebc5d5">
      <Execution id="cd9d516c-fc43-4b8b-ad31-92f5dd862433" />
      <TestMethod codeBase="C:\Projekty\xUnitTestProject\bin\Debug\netcoreapp3.1\xUnitTestProject.dll" adapterTypeName="executor://xunit/VsTestRunner2/netcoreapp" className="xUnitTestProject.CurrencyHelperTests" name="FormatToStringTest1000" />
    </UnitTest>
    <UnitTest name="xUnitTestProject.CurrencyHelperTests.FormatToStringTest1000(price: 4555.538255205163, expected: &quot;4555.54 zł&quot;)" storage="c:\projekty\xunittestproject\bin\debug\netcoreapp3.1\xunittestproject.dll" id="b28ab50d-11be-d323-527c-bc8feda9af8a">
      <Execution id="2ec6e10b-d189-47ef-910f-790c088a4ad1" />
      <TestMethod codeBase="C:\Projekty\xUnitTestProject\bin\Debug\netcoreapp3.1\xUnitTestProject.dll" adapterTypeName="executor://xunit/VsTestRunner2/netcoreapp" className="xUnitTestProject.CurrencyHelperTests" name="FormatToStringTest1000" />
    </UnitTest>
    <UnitTest name="xUnitTestProject.CurrencyHelperTests.FormatToStringTest1000(price: 67898.54481444067, expected: &quot;67898.54 zł&quot;)" storage="c:\projekty\xunittestproject\bin\debug\netcoreapp3.1\xunittestproject.dll" id="f4a097ad-04f4-9e9c-b96f-49eb0101bd6d">
      <Execution id="6692e65e-3ab0-46f4-aa07-85d66d1a1993" />
      <TestMethod codeBase="C:\Projekty\xUnitTestProject\bin\Debug\netcoreapp3.1\xUnitTestProject.dll" adapterTypeName="executor://xunit/VsTestRunner2/netcoreapp" className="xUnitTestProject.CurrencyHelperTests" name="FormatToStringTest1000" />
    </UnitTest>
    <UnitTest name="xUnitTestProject.CurrencyHelperTests.FormatToStringTest1000(price: 22281.48592587257, expected: &quot;22281.49 zł&quot;)" storage="c:\projekty\xunittestproject\bin\debug\netcoreapp3.1\xunittestproject.dll" id="2af17ceb-e4a7-e57a-8e57-17ad33ae72e3">
      <Execution id="22be4ab4-3159-4d1a-b836-a49182545e0d" />
      <TestMethod codeBase="C:\Projekty\xUnitTestProject\bin\Debug\netcoreapp3.1\xUnitTestProject.dll" adapterTypeName="executor://xunit/VsTestRunner2/netcoreapp" className="xUnitTestProject.CurrencyHelperTests" name="FormatToStringTest1000" />
    </UnitTest>
    <UnitTest name="xUnitTestProject.CurrencyHelperTests.FormatToStringTest1000(price: 25039.088753207627, expected: &quot;25039.09 zł&quot;)" storage="c:\projekty\xunittestproject\bin\debug\netcoreapp3.1\xunittestproject.dll" id="dcb09ac3-545f-7b73-7b06-f7917ef6e79e">
      <Execution id="a564dc22-1621-4da6-9081-11fb2cbf59ac" />
      <TestMethod codeBase="C:\Projekty\xUnitTestProject\bin\Debug\netcoreapp3.1\xUnitTestProject.dll" adapterTypeName="executor://xunit/VsTestRunner2/netcoreapp" className="xUnitTestProject.CurrencyHelperTests" name="FormatToStringTest1000" />
    </UnitTest>
    <UnitTest name="xUnitTestProject.CurrencyHelperTests.FormatToStringTest1000(price: 31971.185406704986, expected: &quot;31971.19 zł&quot;)" storage="c:\projekty\xunittestproject\bin\debug\netcoreapp3.1\xunittestproject.dll" id="875433a7-4993-f6c8-ae9e-010101b8ccc7">
      <Execution id="b3b4d369-8274-4351-95f8-efec7defe2e7" />
      <TestMethod codeBase="C:\Projekty\xUnitTestProject\bin\Debug\netcoreapp3.1\xUnitTestProject.dll" adapterTypeName="executor://xunit/VsTestRunner2/netcoreapp" className="xUnitTestProject.CurrencyHelperTests" name="FormatToStringTest1000" />
    </UnitTest>
    <UnitTest name="xUnitTestProject.CurrencyHelperTests.FormatToStringTest1000(price: 67109.22110940759, expected: &quot;67109.22 zł&quot;)" storage="c:\projekty\xunittestproject\bin\debug\netcoreapp3.1\xunittestproject.dll" id="32346c07-b161-6e9f-65c2-990bcbe58b07">
      <Execution id="acd1ea3a-96af-4f5b-a7f7-f82b252e39e3" />
      <TestMethod codeBase="C:\Projekty\xUnitTestProject\bin\Debug\netcoreapp3.1\xUnitTestProject.dll" adapterTypeName="executor://xunit/VsTestRunner2/netcoreapp" className="xUnitTestProject.CurrencyHelperTests" name="FormatToStringTest1000" />
    </UnitTest>
    <UnitTest name="xUnitTestProject.CurrencyHelperTests.FormatToStringTest1000(price: 6915.421130504656, expected: &quot;6915.42 zł&quot;)" storage="c:\projekty\xunittestproject\bin\debug\netcoreapp3.1\xunittestproject.dll" id="c09462bb-4f86-b8e1-b39e-c6c94b35ddbc">
      <Execution id="54e3e680-e90c-4c10-9f35-4e964a8784c0" />
      <TestMethod codeBase="C:\Projekty\xUnitTestProject\bin\Debug\netcoreapp3.1\xUnitTestProject.dll" adapterTypeName="executor://xunit/VsTestRunner2/netcoreapp" className="xUnitTestProject.CurrencyHelperTests" name="FormatToStringTest1000" />
    </UnitTest>
    <UnitTest name="xUnitTestProject.CurrencyHelperTests.FormatToStringTest1000(price: 38961.459057294516, expected: &quot;38961.46 zł&quot;)" storage="c:\projekty\xunittestproject\bin\debug\netcoreapp3.1\xunittestproject.dll" id="4dd76fcc-f663-2688-f7a4-a439b3a5cf01">
      <Execution id="8caaf656-4dc0-4d14-9973-fd128e3baddd" />
      <TestMethod codeBase="C:\Projekty\xUnitTestProject\bin\Debug\netcoreapp3.1\xUnitTestProject.dll" adapterTypeName="executor://xunit/VsTestRunner2/netcoreapp" className="xUnitTestProject.CurrencyHelperTests" name="FormatToStringTest1000" />
    </UnitTest>
    <UnitTest name="xUnitTestProject.CurrencyHelperTests.FormatToStringTest1000(price: 15841.26419853478, expected: &quot;15841.26 zł&quot;)" storage="c:\projekty\xunittestproject\bin\debug\netcoreapp3.1\xunittestproject.dll" id="e605935b-b7df-1383-2d29-96bb8b33e684">
      <Execution id="6bb0c66e-0187-4276-a213-f938e007ca56" />
      <TestMethod codeBase="C:\Projekty\xUnitTestProject\bin\Debug\netcoreapp3.1\xUnitTestProject.dll" adapterTypeName="executor://xunit/VsTestRunner2/netcoreapp" className="xUnitTestProject.CurrencyHelperTests" name="FormatToStringTest1000" />
    </UnitTest>
    <UnitTest name="xUnitTestProject.CurrencyHelperTests.FormatToStringTest1000(price: 19189.813662191766, expected: &quot;19189.81 zł&quot;)" storage="c:\projekty\xunittestproject\bin\debug\netcoreapp3.1\xunittestproject.dll" id="51b21bbe-86e0-7c92-977a-b85ebd62b755">
      <Execution id="50fbe683-2d38-489b-9506-a68a6ec48f1f" />
      <TestMethod codeBase="C:\Projekty\xUnitTestProject\bin\Debug\netcoreapp3.1\xUnitTestProject.dll" adapterTypeName="executor://xunit/VsTestRunner2/netcoreapp" className="xUnitTestProject.CurrencyHelperTests" name="FormatToStringTest1000" />
    </UnitTest>
    <UnitTest name="xUnitTestProject.CurrencyHelperTests.FormatToStringTest1000(price: 31300.40752580967, expected: &quot;31300.41 zł&quot;)" storage="c:\projekty\xunittestproject\bin\debug\netcoreapp3.1\xunittestproject.dll" id="c9010c04-7ef0-ce4b-7d42-778e915f5883">
      <Execution id="7109a263-8206-4379-8cec-41a7cc5f25ea" />
      <TestMethod codeBase="C:\Projekty\xUnitTestProject\bin\Debug\netcoreapp3.1\xUnitTestProject.dll" adapterTypeName="executor://xunit/VsTestRunner2/netcoreapp" className="xUnitTestProject.CurrencyHelperTests" name="FormatToStringTest1000" />
    </UnitTest>
    <UnitTest name="xUnitTestProject.CurrencyHelperTests.FormatToStringTest1000(price: 12202.860111308684, expected: &quot;12202.86 zł&quot;)" storage="c:\projekty\xunittestproject\bin\debug\netcoreapp3.1\xunittestproject.dll" id="584d2955-8662-50b8-9c7a-cb8a910d527d">
      <Execution id="ca891760-cb4b-4588-8347-6ce5630eb4d7" />
      <TestMethod codeBase="C:\Projekty\xUnitTestProject\bin\Debug\netcoreapp3.1\xUnitTestProject.dll" adapterTypeName="executor://xunit/VsTestRunner2/netcoreapp" className="xUnitTestProject.CurrencyHelperTests" name="FormatToStringTest1000" />
    </UnitTest>
    <UnitTest name="xUnitTestProject.CurrencyHelperTests.FormatToStringTest1000(price: 6864.093052674129, expected: &quot;6864.09 zł&quot;)" storage="c:\projekty\xunittestproject\bin\debug\netcoreapp3.1\xunittestproject.dll" id="baa856d2-0f24-fb78-786f-66276d918a1d">
      <Execution id="f5e8bc68-6362-4677-a045-59303d6b8ce2" />
      <TestMethod codeBase="C:\Projekty\xUnitTestProject\bin\Debug\netcoreapp3.1\xUnitTestProject.dll" adapterTypeName="executor://xunit/VsTestRunner2/netcoreapp" className="xUnitTestProject.CurrencyHelperTests" name="FormatToStringTest1000" />
    </UnitTest>
    <UnitTest name="xUnitTestProject.CurrencyHelperTests.FormatToStringTest1000(price: 75024.79122970243, expected: &quot;75024.79 zł&quot;)" storage="c:\projekty\xunittestproject\bin\debug\netcoreapp3.1\xunittestproject.dll" id="7c86c7d1-a9a4-3305-ae10-fdb7acd65489">
      <Execution id="fbf94e4a-4088-4ba3-aefc-d7c02688b3c1" />
      <TestMethod codeBase="C:\Projekty\xUnitTestProject\bin\Debug\netcoreapp3.1\xUnitTestProject.dll" adapterTypeName="executor://xunit/VsTestRunner2/netcoreapp" className="xUnitTestProject.CurrencyHelperTests" name="FormatToStringTest1000" />
    </UnitTest>
    <UnitTest name="xUnitTestProject.CurrencyHelperTests.FormatToStringTest1000(price: 4812.162927013898, expected: &quot;4812.16 zł&quot;)" storage="c:\projekty\xunittestproject\bin\debug\netcoreapp3.1\xunittestproject.dll" id="3a671f08-52e1-32fe-f25e-6e157db962d2">
      <Execution id="edae980f-51a1-49c0-95c2-2e23a03c5b0b" />
      <TestMethod codeBase="C:\Projekty\xUnitTestProject\bin\Debug\netcoreapp3.1\xUnitTestProject.dll" adapterTypeName="executor://xunit/VsTestRunner2/netcoreapp" className="xUnitTestProject.CurrencyHelperTests" name="FormatToStringTest1000" />
    </UnitTest>
    <UnitTest name="xUnitTestProject.CurrencyHelperTests.FormatToStringTest1000(price: 7202.052143613367, expected: &quot;7202.05 zł&quot;)" storage="c:\projekty\xunittestproject\bin\debug\netcoreapp3.1\xunittestproject.dll" id="ee3ad499-d226-2821-3efe-49a57729a899">
      <Execution id="e32c2b04-a82b-4f2c-8a9f-ff2dbe7c4897" />
      <TestMethod codeBase="C:\Projekty\xUnitTestProject\bin\Debug\netcoreapp3.1\xUnitTestProject.dll" adapterTypeName="executor://xunit/VsTestRunner2/netcoreapp" className="xUnitTestProject.CurrencyHelperTests" name="FormatToStringTest1000" />
    </UnitTest>
    <UnitTest name="xUnitTestProject.CurrencyHelperTests.FormatToStringTest1000(price: 46790.41011887715, expected: &quot;46790.41 zł&quot;)" storage="c:\projekty\xunittestproject\bin\debug\netcoreapp3.1\xunittestproject.dll" id="1a5071af-adad-5910-41be-cb866364cc7d">
      <Execution id="897e37d3-deb7-4715-ba4e-19709484835a" />
      <TestMethod codeBase="C:\Projekty\xUnitTestProject\bin\Debug\netcoreapp3.1\xUnitTestProject.dll" adapterTypeName="executor://xunit/VsTestRunner2/netcoreapp" className="xUnitTestProject.CurrencyHelperTests" name="FormatToStringTest1000" />
    </UnitTest>
    <UnitTest name="xUnitTestProject.CurrencyHelperTests.FormatToStringTest1000(price: 20737.251994218328, expected: &quot;20737.25 zł&quot;)" storage="c:\projekty\xunittestproject\bin\debug\netcoreapp3.1\xunittestproject.dll" id="7c480fcf-dcac-50a2-3106-264841c6a300">
      <Execution id="2b1dce75-c0df-4be9-a116-f9fc6df82302" />
      <TestMethod codeBase="C:\Projekty\xUnitTestProject\bin\Debug\netcoreapp3.1\xUnitTestProject.dll" adapterTypeName="executor://xunit/VsTestRunner2/netcoreapp" className="xUnitTestProject.CurrencyHelperTests" name="FormatToStringTest1000" />
    </UnitTest>
    <UnitTest name="xUnitTestProject.CurrencyHelperTests.FormatToStringTest1000(price: 8499.121443388574, expected: &quot;8499.12 zł&quot;)" storage="c:\projekty\xunittestproject\bin\debug\netcoreapp3.1\xunittestproject.dll" id="05d3ca05-7d6a-4ccb-9500-bddd30f80ece">
      <Execution id="9876066a-2714-4edf-8f0f-4f56501b7bb6" />
      <TestMethod codeBase="C:\Projekty\xUnitTestProject\bin\Debug\netcoreapp3.1\xUnitTestProject.dll" adapterTypeName="executor://xunit/VsTestRunner2/netcoreapp" className="xUnitTestProject.CurrencyHelperTests" name="FormatToStringTest1000" />
    </UnitTest>
    <UnitTest name="xUnitTestProject.CurrencyHelperTests.FormatToStringTest1000(price: 78822.37212685234, expected: &quot;78822.37 zł&quot;)" storage="c:\projekty\xunittestproject\bin\debug\netcoreapp3.1\xunittestproject.dll" id="5313f3e0-d68f-8127-ba85-18b29352fdf0">
      <Execution id="90dac629-d3a3-4e3c-9b00-69fef47be54b" />
      <TestMethod codeBase="C:\Projekty\xUnitTestProject\bin\Debug\netcoreapp3.1\xUnitTestProject.dll" adapterTypeName="executor://xunit/VsTestRunner2/netcoreapp" className="xUnitTestProject.CurrencyHelperTests" name="FormatToStringTest1000" />
    </UnitTest>
    <UnitTest name="xUnitTestProject.CurrencyHelperTests.FormatToStringTest1000(price: 18490.912787030877, expected: &quot;18490.91 zł&quot;)" storage="c:\projekty\xunittestproject\bin\debug\netcoreapp3.1\xunittestproject.dll" id="7200fbe8-0633-195a-0e4f-25258446a0dd">
      <Execution id="fce5c0ec-c912-494a-b1ab-45f24219ef5f" />
      <TestMethod codeBase="C:\Projekty\xUnitTestProject\bin\Debug\netcoreapp3.1\xUnitTestProject.dll" adapterTypeName="executor://xunit/VsTestRunner2/netcoreapp" className="xUnitTestProject.CurrencyHelperTests" name="FormatToStringTest1000" />
    </UnitTest>
    <UnitTest name="xUnitTestProject.CurrencyHelperTests.FormatToStringTest1000(price: 54678.59301593089, expected: &quot;54678.59 zł&quot;)" storage="c:\projekty\xunittestproject\bin\debug\netcoreapp3.1\xunittestproject.dll" id="b93fddec-5e00-a1c1-fc16-4882d018fd04">
      <Execution id="5c2ce614-befa-4e7c-8043-45f5a5e1da16" />
      <TestMethod codeBase="C:\Projekty\xUnitTestProject\bin\Debug\netcoreapp3.1\xUnitTestProject.dll" adapterTypeName="executor://xunit/VsTestRunner2/netcoreapp" className="xUnitTestProject.CurrencyHelperTests" name="FormatToStringTest1000" />
    </UnitTest>
    <UnitTest name="xUnitTestProject.CurrencyHelperTests.FormatToStringTest1000(price: 23174.85693288448, expected: &quot;23174.86 zł&quot;)" storage="c:\projekty\xunittestproject\bin\debug\netcoreapp3.1\xunittestproject.dll" id="91ef764f-6920-57e2-1ea1-d9fdc62e8142">
      <Execution id="a152ee79-c574-4560-a890-a9864acc5add" />
      <TestMethod codeBase="C:\Projekty\xUnitTestProject\bin\Debug\netcoreapp3.1\xUnitTestProject.dll" adapterTypeName="executor://xunit/VsTestRunner2/netcoreapp" className="xUnitTestProject.CurrencyHelperTests" name="FormatToStringTest1000" />
    </UnitTest>
    <UnitTest name="xUnitTestProject.CurrencyHelperTests.FormatToStringTest1000(price: 70149.17842025738, expected: &quot;70149.18 zł&quot;)" storage="c:\projekty\xunittestproject\bin\debug\netcoreapp3.1\xunittestproject.dll" id="3b212d04-f6e8-ace9-1475-1632b0249f80">
      <Execution id="fa2c7f4e-372a-41ed-8695-495b7aa6c005" />
      <TestMethod codeBase="C:\Projekty\xUnitTestProject\bin\Debug\netcoreapp3.1\xUnitTestProject.dll" adapterTypeName="executor://xunit/VsTestRunner2/netcoreapp" className="xUnitTestProject.CurrencyHelperTests" name="FormatToStringTest1000" />
    </UnitTest>
    <UnitTest name="xUnitTestProject.CurrencyHelperTests.FormatToStringTest1000(price: 12118.31777677048, expected: &quot;12118.32 zł&quot;)" storage="c:\projekty\xunittestproject\bin\debug\netcoreapp3.1\xunittestproject.dll" id="89b95097-2fa4-1afe-c164-3b548bd44274">
      <Execution id="048569eb-83f1-4eff-b320-1da45b39d18b" />
      <TestMethod codeBase="C:\Projekty\xUnitTestProject\bin\Debug\netcoreapp3.1\xUnitTestProject.dll" adapterTypeName="executor://xunit/VsTestRunner2/netcoreapp" className="xUnitTestProject.CurrencyHelperTests" name="FormatToStringTest1000" />
    </UnitTest>
    <UnitTest name="xUnitTestProject.CurrencyHelperTests.FormatToStringTest1000(price: 50644.690874327294, expected: &quot;50644.69 zł&quot;)" storage="c:\projekty\xunittestproject\bin\debug\netcoreapp3.1\xunittestproject.dll" id="7a86c51e-006c-a65e-34c9-ff3a6b2ed4b5">
      <Execution id="7fd7571e-3eab-4f5e-9e5a-c447d09a31a3" />
      <TestMethod codeBase="C:\Projekty\xUnitTestProject\bin\Debug\netcoreapp3.1\xUnitTestProject.dll" adapterTypeName="executor://xunit/VsTestRunner2/netcoreapp" className="xUnitTestProject.CurrencyHelperTests" name="FormatToStringTest1000" />
    </UnitTest>
    <UnitTest name="xUnitTestProject.CurrencyHelperTests.FormatToStringTest1000(price: 48449.85582609189, expected: &quot;48449.86 zł&quot;)" storage="c:\projekty\xunittestproject\bin\debug\netcoreapp3.1\xunittestproject.dll" id="7704532e-ccf9-d396-cd75-b7b2cb63c0e8">
      <Execution id="21ac2384-5f82-4080-8b61-0ca5eaabb0a5" />
      <TestMethod codeBase="C:\Projekty\xUnitTestProject\bin\Debug\netcoreapp3.1\xUnitTestProject.dll" adapterTypeName="executor://xunit/VsTestRunner2/netcoreapp" className="xUnitTestProject.CurrencyHelperTests" name="FormatToStringTest1000" />
    </UnitTest>
    <UnitTest name="xUnitTestProject.CurrencyHelperTests.FormatToStringTest1000(price: 67230.86250807665, expected: &quot;67230.86 zł&quot;)" storage="c:\projekty\xunittestproject\bin\debug\netcoreapp3.1\xunittestproject.dll" id="dfaf8cc8-6c50-9b2f-464a-6475c413ade9">
      <Execution id="d3f87e15-38ff-4074-a37d-f3292ff1db9f" />
      <TestMethod codeBase="C:\Projekty\xUnitTestProject\bin\Debug\netcoreapp3.1\xUnitTestProject.dll" adapterTypeName="executor://xunit/VsTestRunner2/netcoreapp" className="xUnitTestProject.CurrencyHelperTests" name="FormatToStringTest1000" />
    </UnitTest>
    <UnitTest name="xUnitTestProject.CurrencyHelperTests.FormatToStringTest1000(price: 10641.263377953444, expected: &quot;10641.26 zł&quot;)" storage="c:\projekty\xunittestproject\bin\debug\netcoreapp3.1\xunittestproject.dll" id="2472258e-8be8-7772-0b75-b4a3d535f097">
      <Execution id="0a226677-ff7e-40b9-802b-236f1a3aabc5" />
      <TestMethod codeBase="C:\Projekty\xUnitTestProject\bin\Debug\netcoreapp3.1\xUnitTestProject.dll" adapterTypeName="executor://xunit/VsTestRunner2/netcoreapp" className="xUnitTestProject.CurrencyHelperTests" name="FormatToStringTest1000" />
    </UnitTest>
    <UnitTest name="xUnitTestProject.CurrencyHelperTests.FormatToStringTest1000(price: 19210.519530370144, expected: &quot;19210.52 zł&quot;)" storage="c:\projekty\xunittestproject\bin\debug\netcoreapp3.1\xunittestproject.dll" id="33fd1dda-62a8-0bed-a4ce-731800ce94c0">
      <Execution id="697efbb9-6bc2-44fd-8d14-a42c863196c0" />
      <TestMethod codeBase="C:\Projekty\xUnitTestProject\bin\Debug\netcoreapp3.1\xUnitTestProject.dll" adapterTypeName="executor://xunit/VsTestRunner2/netcoreapp" className="xUnitTestProject.CurrencyHelperTests" name="FormatToStringTest1000" />
    </UnitTest>
    <UnitTest name="xUnitTestProject.CurrencyHelperTests.FormatToStringTest1000(price: 38402.8293406753, expected: &quot;38402.83 zł&quot;)" storage="c:\projekty\xunittestproject\bin\debug\netcoreapp3.1\xunittestproject.dll" id="1d527cfe-7183-7ac1-a7ed-260bd5e5ccfa">
      <Execution id="cd4ab72c-57fc-415f-914f-f3fe466b2283" />
      <TestMethod codeBase="C:\Projekty\xUnitTestProject\bin\Debug\netcoreapp3.1\xUnitTestProject.dll" adapterTypeName="executor://xunit/VsTestRunner2/netcoreapp" className="xUnitTestProject.CurrencyHelperTests" name="FormatToStringTest1000" />
    </UnitTest>
    <UnitTest name="xUnitTestProject.CurrencyHelperTests.FormatToStringTest1000(price: 43222.47958431695, expected: &quot;43222.48 zł&quot;)" storage="c:\projekty\xunittestproject\bin\debug\netcoreapp3.1\xunittestproject.dll" id="ab963705-3e28-cc1d-5bf1-a88ea216bc34">
      <Execution id="dbee6028-53bf-4f3a-8137-87eaf05868f7" />
      <TestMethod codeBase="C:\Projekty\xUnitTestProject\bin\Debug\netcoreapp3.1\xUnitTestProject.dll" adapterTypeName="executor://xunit/VsTestRunner2/netcoreapp" className="xUnitTestProject.CurrencyHelperTests" name="FormatToStringTest1000" />
    </UnitTest>
    <UnitTest name="xUnitTestProject.CurrencyHelperTests.FormatToStringTest1000(price: 16901.497392274203, expected: &quot;16901.50 zł&quot;)" storage="c:\projekty\xunittestproject\bin\debug\netcoreapp3.1\xunittestproject.dll" id="9100d9e1-967e-296d-c07b-a43969fad121">
      <Execution id="6786237c-983b-4990-a9e9-d6180d8d5fc9" />
      <TestMethod codeBase="C:\Projekty\xUnitTestProject\bin\Debug\netcoreapp3.1\xUnitTestProject.dll" adapterTypeName="executor://xunit/VsTestRunner2/netcoreapp" className="xUnitTestProject.CurrencyHelperTests" name="FormatToStringTest1000" />
    </UnitTest>
    <UnitTest name="xUnitTestProject.CurrencyHelperTests.FormatToStringTest1000(price: 5108.217389855635, expected: &quot;5108.22 zł&quot;)" storage="c:\projekty\xunittestproject\bin\debug\netcoreapp3.1\xunittestproject.dll" id="8c128bb7-55c2-1507-f225-4df0c4a48630">
      <Execution id="013fe926-03a0-4a45-85bf-8a966c69c094" />
      <TestMethod codeBase="C:\Projekty\xUnitTestProject\bin\Debug\netcoreapp3.1\xUnitTestProject.dll" adapterTypeName="executor://xunit/VsTestRunner2/netcoreapp" className="xUnitTestProject.CurrencyHelperTests" name="FormatToStringTest1000" />
    </UnitTest>
    <UnitTest name="xUnitTestProject.CurrencyHelperTests.FormatToStringTest1000(price: 17455.15807988595, expected: &quot;17455.16 zł&quot;)" storage="c:\projekty\xunittestproject\bin\debug\netcoreapp3.1\xunittestproject.dll" id="6dcc8842-a927-f371-cf06-32198da79abc">
      <Execution id="1cdc6c68-91eb-45c5-a1ec-387382327752" />
      <TestMethod codeBase="C:\Projekty\xUnitTestProject\bin\Debug\netcoreapp3.1\xUnitTestProject.dll" adapterTypeName="executor://xunit/VsTestRunner2/netcoreapp" className="xUnitTestProject.CurrencyHelperTests" name="FormatToStringTest1000" />
    </UnitTest>
    <UnitTest name="xUnitTestProject.CurrencyHelperTests.FormatToStringTest1000(price: 11.555284778846096, expected: &quot;11.56 zł&quot;)" storage="c:\projekty\xunittestproject\bin\debug\netcoreapp3.1\xunittestproject.dll" id="d6af606e-af1d-b77f-4ce0-c1f6556a4ce0">
      <Execution id="0ffe9964-3813-43c0-8cc9-64da2629f1af" />
      <TestMethod codeBase="C:\Projekty\xUnitTestProject\bin\Debug\netcoreapp3.1\xUnitTestProject.dll" adapterTypeName="executor://xunit/VsTestRunner2/netcoreapp" className="xUnitTestProject.CurrencyHelperTests" name="FormatToStringTest1000" />
    </UnitTest>
    <UnitTest name="xUnitTestProject.CurrencyHelperTests.FormatToStringTest1000(price: 78796.90433980194, expected: &quot;78796.90 zł&quot;)" storage="c:\projekty\xunittestproject\bin\debug\netcoreapp3.1\xunittestproject.dll" id="24614531-2aef-39c0-ae03-729fa029c955">
      <Execution id="6b477d3c-a5a1-4a46-92aa-69dc1bf039a6" />
      <TestMethod codeBase="C:\Projekty\xUnitTestProject\bin\Debug\netcoreapp3.1\xUnitTestProject.dll" adapterTypeName="executor://xunit/VsTestRunner2/netcoreapp" className="xUnitTestProject.CurrencyHelperTests" name="FormatToStringTest1000" />
    </UnitTest>
    <UnitTest name="xUnitTestProject.CurrencyHelperTests.FormatToStringTest1000(price: 30360.993128030557, expected: &quot;30360.99 zł&quot;)" storage="c:\projekty\xunittestproject\bin\debug\netcoreapp3.1\xunittestproject.dll" id="9e564273-69a8-eaf4-221d-8cb7dd068c7d">
      <Execution id="cf04d948-3e95-4c41-ba48-61c597b00c6f" />
      <TestMethod codeBase="C:\Projekty\xUnitTestProject\bin\Debug\netcoreapp3.1\xUnitTestProject.dll" adapterTypeName="executor://xunit/VsTestRunner2/netcoreapp" className="xUnitTestProject.CurrencyHelperTests" name="FormatToStringTest1000" />
    </UnitTest>
    <UnitTest name="xUnitTestProject.CurrencyHelperTests.FormatToStringTest1000(price: 2444.4726240530017, expected: &quot;2444.47 zł&quot;)" storage="c:\projekty\xunittestproject\bin\debug\netcoreapp3.1\xunittestproject.dll" id="45dd66f1-81ef-9e8c-d39f-69c657dd300a">
      <Execution id="a00e601b-8ac0-4418-ab6a-610eda0ad98d" />
      <TestMethod codeBase="C:\Projekty\xUnitTestProject\bin\Debug\netcoreapp3.1\xUnitTestProject.dll" adapterTypeName="executor://xunit/VsTestRunner2/netcoreapp" className="xUnitTestProject.CurrencyHelperTests" name="FormatToStringTest1000" />
    </UnitTest>
    <UnitTest name="xUnitTestProject.CurrencyHelperTests.FormatToStringTest1000(price: 19873.59831658453, expected: &quot;19873.60 zł&quot;)" storage="c:\projekty\xunittestproject\bin\debug\netcoreapp3.1\xunittestproject.dll" id="a3a08850-4a93-c030-f4e2-fdffe7d8b320">
      <Execution id="7f1b099d-e1be-4610-892d-55144a7fa303" />
      <TestMethod codeBase="C:\Projekty\xUnitTestProject\bin\Debug\netcoreapp3.1\xUnitTestProject.dll" adapterTypeName="executor://xunit/VsTestRunner2/netcoreapp" className="xUnitTestProject.CurrencyHelperTests" name="FormatToStringTest1000" />
    </UnitTest>
    <UnitTest name="xUnitTestProject.CurrencyHelperTests.FormatToStringTest1000(price: 7592.950837113406, expected: &quot;7592.95 zł&quot;)" storage="c:\projekty\xunittestproject\bin\debug\netcoreapp3.1\xunittestproject.dll" id="2b8726cc-d2f8-9e6e-5458-ee24b8425f17">
      <Execution id="20f13933-623d-4329-b640-f0ef92a8ba17" />
      <TestMethod codeBase="C:\Projekty\xUnitTestProject\bin\Debug\netcoreapp3.1\xUnitTestProject.dll" adapterTypeName="executor://xunit/VsTestRunner2/netcoreapp" className="xUnitTestProject.CurrencyHelperTests" name="FormatToStringTest1000" />
    </UnitTest>
    <UnitTest name="xUnitTestProject.CurrencyHelperTests.FormatToStringTest1000(price: 6820.105136090938, expected: &quot;6820.11 zł&quot;)" storage="c:\projekty\xunittestproject\bin\debug\netcoreapp3.1\xunittestproject.dll" id="83d8e74c-5bbb-efb0-37a0-7aa4cf469b8b">
      <Execution id="0cd8b5e1-6952-4c93-97e2-d3c9e828652f" />
      <TestMethod codeBase="C:\Projekty\xUnitTestProject\bin\Debug\netcoreapp3.1\xUnitTestProject.dll" adapterTypeName="executor://xunit/VsTestRunner2/netcoreapp" className="xUnitTestProject.CurrencyHelperTests" name="FormatToStringTest1000" />
    </UnitTest>
    <UnitTest name="xUnitTestProject.CurrencyHelperTests.FormatToStringTest1000(price: 46607.970025941715, expected: &quot;46607.97 zł&quot;)" storage="c:\projekty\xunittestproject\bin\debug\netcoreapp3.1\xunittestproject.dll" id="71b5be91-6e3e-5890-08ca-57e68e3990bc">
      <Execution id="7ee1edff-bfda-4629-996f-83cda7538696" />
      <TestMethod codeBase="C:\Projekty\xUnitTestProject\bin\Debug\netcoreapp3.1\xUnitTestProject.dll" adapterTypeName="executor://xunit/VsTestRunner2/netcoreapp" className="xUnitTestProject.CurrencyHelperTests" name="FormatToStringTest1000" />
    </UnitTest>
    <UnitTest name="xUnitTestProject.CurrencyHelperTests.FormatToStringTest1000(price: 10066.059180456241, expected: &quot;10066.06 zł&quot;)" storage="c:\projekty\xunittestproject\bin\debug\netcoreapp3.1\xunittestproject.dll" id="f7bc8584-126a-bce9-5286-d35d3ce59a28">
      <Execution id="68b8b665-c747-44de-ad3f-e86e32ecb577" />
      <TestMethod codeBase="C:\Projekty\xUnitTestProject\bin\Debug\netcoreapp3.1\xUnitTestProject.dll" adapterTypeName="executor://xunit/VsTestRunner2/netcoreapp" className="xUnitTestProject.CurrencyHelperTests" name="FormatToStringTest1000" />
    </UnitTest>
    <UnitTest name="xUnitTestProject.CurrencyHelperTests.FormatToStringTest1000(price: 20482.32969107308, expected: &quot;20482.33 zł&quot;)" storage="c:\projekty\xunittestproject\bin\debug\netcoreapp3.1\xunittestproject.dll" id="9612d6d4-5d3c-f9a6-943c-f09f8d38bf59">
      <Execution id="caa64dfb-b2df-46a2-aae1-b6547d5f668a" />
      <TestMethod codeBase="C:\Projekty\xUnitTestProject\bin\Debug\netcoreapp3.1\xUnitTestProject.dll" adapterTypeName="executor://xunit/VsTestRunner2/netcoreapp" className="xUnitTestProject.CurrencyHelperTests" name="FormatToStringTest1000" />
    </UnitTest>
    <UnitTest name="xUnitTestProject.CurrencyHelperTests.FormatToStringTest1000(price: 15337.485230751097, expected: &quot;15337.49 zł&quot;)" storage="c:\projekty\xunittestproject\bin\debug\netcoreapp3.1\xunittestproject.dll" id="be135b72-4539-0e97-74d0-b204a763297e">
      <Execution id="06c7ce03-3723-4d85-829e-1c7eb711556c" />
      <TestMethod codeBase="C:\Projekty\xUnitTestProject\bin\Debug\netcoreapp3.1\xUnitTestProject.dll" adapterTypeName="executor://xunit/VsTestRunner2/netcoreapp" className="xUnitTestProject.CurrencyHelperTests" name="FormatToStringTest1000" />
    </UnitTest>
    <UnitTest name="xUnitTestProject.CurrencyHelperTests.FormatToStringTest1000(price: 9503.466049463705, expected: &quot;9503.47 zł&quot;)" storage="c:\projekty\xunittestproject\bin\debug\netcoreapp3.1\xunittestproject.dll" id="a1056dc3-d634-deb8-6537-d1daee422b62">
      <Execution id="2002dc20-9888-4556-9945-fb2132086209" />
      <TestMethod codeBase="C:\Projekty\xUnitTestProject\bin\Debug\netcoreapp3.1\xUnitTestProject.dll" adapterTypeName="executor://xunit/VsTestRunner2/netcoreapp" className="xUnitTestProject.CurrencyHelperTests" name="FormatToStringTest1000" />
    </UnitTest>
    <UnitTest name="xUnitTestProject.CurrencyHelperTests.FormatToStringTest1000(price: 19208.676036795914, expected: &quot;19208.68 zł&quot;)" storage="c:\projekty\xunittestproject\bin\debug\netcoreapp3.1\xunittestproject.dll" id="e6b4d3a2-a83c-419f-8b42-b631077ac8fc">
      <Execution id="e994ec77-d58f-427e-98d5-f9a84c5f24b3" />
      <TestMethod codeBase="C:\Projekty\xUnitTestProject\bin\Debug\netcoreapp3.1\xUnitTestProject.dll" adapterTypeName="executor://xunit/VsTestRunner2/netcoreapp" className="xUnitTestProject.CurrencyHelperTests" name="FormatToStringTest1000" />
    </UnitTest>
    <UnitTest name="xUnitTestProject.CurrencyHelperTests.FormatToStringTest1000(price: 25908.345463821825, expected: &quot;25908.35 zł&quot;)" storage="c:\projekty\xunittestproject\bin\debug\netcoreapp3.1\xunittestproject.dll" id="4efa35ac-3125-a521-7208-253d92298a56">
      <Execution id="6190619c-f1ce-4dea-ab10-b2650f144689" />
      <TestMethod codeBase="C:\Projekty\xUnitTestProject\bin\Debug\netcoreapp3.1\xUnitTestProject.dll" adapterTypeName="executor://xunit/VsTestRunner2/netcoreapp" className="xUnitTestProject.CurrencyHelperTests" name="FormatToStringTest1000" />
    </UnitTest>
    <UnitTest name="xUnitTestProject.CurrencyHelperTests.FormatToStringTest1000(price: 58848.60825001477, expected: &quot;58848.61 zł&quot;)" storage="c:\projekty\xunittestproject\bin\debug\netcoreapp3.1\xunittestproject.dll" id="8dcae478-7176-db28-16c0-e91e0d918df3">
      <Execution id="ed17b73a-6a31-4faf-a15f-3ef0bbbd9792" />
      <TestMethod codeBase="C:\Projekty\xUnitTestProject\bin\Debug\netcoreapp3.1\xUnitTestProject.dll" adapterTypeName="executor://xunit/VsTestRunner2/netcoreapp" className="xUnitTestProject.CurrencyHelperTests" name="FormatToStringTest1000" />
    </UnitTest>
    <UnitTest name="xUnitTestProject.CurrencyHelperTests.FormatToStringTest1000(price: 14063.90676654871, expected: &quot;14063.91 zł&quot;)" storage="c:\projekty\xunittestproject\bin\debug\netcoreapp3.1\xunittestproject.dll" id="0ce41b19-5488-6227-82d4-578fa8558f1f">
      <Execution id="21965062-c552-41e3-a9e6-f41da73a0ab4" />
      <TestMethod codeBase="C:\Projekty\xUnitTestProject\bin\Debug\netcoreapp3.1\xUnitTestProject.dll" adapterTypeName="executor://xunit/VsTestRunner2/netcoreapp" className="xUnitTestProject.CurrencyHelperTests" name="FormatToStringTest1000" />
    </UnitTest>
    <UnitTest name="xUnitTestProject.CurrencyHelperTests.FormatToStringTest1000(price: 38803.03958246253, expected: &quot;38803.04 zł&quot;)" storage="c:\projekty\xunittestproject\bin\debug\netcoreapp3.1\xunittestproject.dll" id="d1d304ec-d1a8-54dd-0ee3-d84b0c72b00c">
      <Execution id="e9fe7376-84a1-4300-aa8f-25b9c50272c8" />
      <TestMethod codeBase="C:\Projekty\xUnitTestProject\bin\Debug\netcoreapp3.1\xUnitTestProject.dll" adapterTypeName="executor://xunit/VsTestRunner2/netcoreapp" className="xUnitTestProject.CurrencyHelperTests" name="FormatToStringTest1000" />
    </UnitTest>
    <UnitTest name="xUnitTestProject.CurrencyHelperTests.FormatToStringTest1000(price: 11181.228339251702, expected: &quot;11181.23 zł&quot;)" storage="c:\projekty\xunittestproject\bin\debug\netcoreapp3.1\xunittestproject.dll" id="caf33f47-4d9c-c378-9883-273199a79b1e">
      <Execution id="3e4994a5-dadb-4e8f-809b-27cd7d308a0f" />
      <TestMethod codeBase="C:\Projekty\xUnitTestProject\bin\Debug\netcoreapp3.1\xUnitTestProject.dll" adapterTypeName="executor://xunit/VsTestRunner2/netcoreapp" className="xUnitTestProject.CurrencyHelperTests" name="FormatToStringTest1000" />
    </UnitTest>
    <UnitTest name="xUnitTestProject.CurrencyHelperTests.FormatToStringTest1000(price: 19882.647973500494, expected: &quot;19882.65 zł&quot;)" storage="c:\projekty\xunittestproject\bin\debug\netcoreapp3.1\xunittestproject.dll" id="990c6bd9-75e3-e712-66e8-1d0bc8aed91c">
      <Execution id="020cb8a4-d29d-4d1d-a055-14876d1affe6" />
      <TestMethod codeBase="C:\Projekty\xUnitTestProject\bin\Debug\netcoreapp3.1\xUnitTestProject.dll" adapterTypeName="executor://xunit/VsTestRunner2/netcoreapp" className="xUnitTestProject.CurrencyHelperTests" name="FormatToStringTest1000" />
    </UnitTest>
    <UnitTest name="xUnitTestProject.CurrencyHelperTests.FormatToStringTest1000(price: 28861.97337596769, expected: &quot;28861.97 zł&quot;)" storage="c:\projekty\xunittestproject\bin\debug\netcoreapp3.1\xunittestproject.dll" id="fdef4ad6-20d8-042a-63d8-5826de557b18">
      <Execution id="61171ccd-8ff9-4422-b02a-bc4b41d5ee21" />
      <TestMethod codeBase="C:\Projekty\xUnitTestProject\bin\Debug\netcoreapp3.1\xUnitTestProject.dll" adapterTypeName="executor://xunit/VsTestRunner2/netcoreapp" className="xUnitTestProject.CurrencyHelperTests" name="FormatToStringTest1000" />
    </UnitTest>
    <UnitTest name="xUnitTestProject.CurrencyHelperTests.FormatToStringTest1000(price: 24566.50251371856, expected: &quot;24566.50 zł&quot;)" storage="c:\projekty\xunittestproject\bin\debug\netcoreapp3.1\xunittestproject.dll" id="5987d0c7-7679-adcc-a7d5-76af40a4f7f5">
      <Execution id="71831299-d700-42de-a909-b7baa3b325a9" />
      <TestMethod codeBase="C:\Projekty\xUnitTestProject\bin\Debug\netcoreapp3.1\xUnitTestProject.dll" adapterTypeName="executor://xunit/VsTestRunner2/netcoreapp" className="xUnitTestProject.CurrencyHelperTests" name="FormatToStringTest1000" />
    </UnitTest>
    <UnitTest name="xUnitTestProject.CurrencyHelperTests.FormatToStringTest1000(price: 58191.92113629585, expected: &quot;58191.92 zł&quot;)" storage="c:\projekty\xunittestproject\bin\debug\netcoreapp3.1\xunittestproject.dll" id="f2b68a15-ef7c-c26b-ffdd-eb9ae7067bca">
      <Execution id="b19b6c97-84c3-4f3c-a4e8-c0efb6dcafaa" />
      <TestMethod codeBase="C:\Projekty\xUnitTestProject\bin\Debug\netcoreapp3.1\xUnitTestProject.dll" adapterTypeName="executor://xunit/VsTestRunner2/netcoreapp" className="xUnitTestProject.CurrencyHelperTests" name="FormatToStringTest1000" />
    </UnitTest>
    <UnitTest name="xUnitTestProject.CurrencyHelperTests.FormatToStringTest1000(price: 2751.3751475258614, expected: &quot;2751.38 zł&quot;)" storage="c:\projekty\xunittestproject\bin\debug\netcoreapp3.1\xunittestproject.dll" id="8f93d79c-66e7-77f7-7d43-554a5055be47">
      <Execution id="9c6939a6-3501-418d-878e-60d689bc699d" />
      <TestMethod codeBase="C:\Projekty\xUnitTestProject\bin\Debug\netcoreapp3.1\xUnitTestProject.dll" adapterTypeName="executor://xunit/VsTestRunner2/netcoreapp" className="xUnitTestProject.CurrencyHelperTests" name="FormatToStringTest1000" />
    </UnitTest>
    <UnitTest name="xUnitTestProject.CurrencyHelperTests.FormatToStringTest1000(price: 3195.202943510936, expected: &quot;3195.20 zł&quot;)" storage="c:\projekty\xunittestproject\bin\debug\netcoreapp3.1\xunittestproject.dll" id="67b93cbf-4a61-71bd-d4ce-d603f3c3b311">
      <Execution id="269d6091-8584-481a-860f-8de7efed16e5" />
      <TestMethod codeBase="C:\Projekty\xUnitTestProject\bin\Debug\netcoreapp3.1\xUnitTestProject.dll" adapterTypeName="executor://xunit/VsTestRunner2/netcoreapp" className="xUnitTestProject.CurrencyHelperTests" name="FormatToStringTest1000" />
    </UnitTest>
    <UnitTest name="xUnitTestProject.CurrencyHelperTests.FormatToStringTest1000(price: 26133.133789601336, expected: &quot;26133.13 zł&quot;)" storage="c:\projekty\xunittestproject\bin\debug\netcoreapp3.1\xunittestproject.dll" id="bfee474b-216b-2c15-15a7-0adadfd388fb">
      <Execution id="8996ede9-d54f-4858-8f9e-6d99da3ca307" />
      <TestMethod codeBase="C:\Projekty\xUnitTestProject\bin\Debug\netcoreapp3.1\xUnitTestProject.dll" adapterTypeName="executor://xunit/VsTestRunner2/netcoreapp" className="xUnitTestProject.CurrencyHelperTests" name="FormatToStringTest1000" />
    </UnitTest>
    <UnitTest name="xUnitTestProject.CurrencyHelperTests.FormatToStringTest1000(price: 37.631227987646696, expected: &quot;37.63 zł&quot;)" storage="c:\projekty\xunittestproject\bin\debug\netcoreapp3.1\xunittestproject.dll" id="647d0f12-f39c-4459-8e85-bad3059c7bbf">
      <Execution id="1e52ddd7-43c7-46dd-85bf-ea504f071bed" />
      <TestMethod codeBase="C:\Projekty\xUnitTestProject\bin\Debug\netcoreapp3.1\xUnitTestProject.dll" adapterTypeName="executor://xunit/VsTestRunner2/netcoreapp" className="xUnitTestProject.CurrencyHelperTests" name="FormatToStringTest1000" />
    </UnitTest>
    <UnitTest name="xUnitTestProject.CurrencyHelperTests.FormatToStringTest1000(price: 19392.945535027862, expected: &quot;19392.95 zł&quot;)" storage="c:\projekty\xunittestproject\bin\debug\netcoreapp3.1\xunittestproject.dll" id="b9aabaf1-a1cb-6124-f2ee-69eb1bbe949b">
      <Execution id="d29c8c49-d74d-4d6f-9225-6d5c372974cf" />
      <TestMethod codeBase="C:\Projekty\xUnitTestProject\bin\Debug\netcoreapp3.1\xUnitTestProject.dll" adapterTypeName="executor://xunit/VsTestRunner2/netcoreapp" className="xUnitTestProject.CurrencyHelperTests" name="FormatToStringTest1000" />
    </UnitTest>
    <UnitTest name="xUnitTestProject.CurrencyHelperTests.FormatToStringTest1000(price: 16030.852371789913, expected: &quot;16030.85 zł&quot;)" storage="c:\projekty\xunittestproject\bin\debug\netcoreapp3.1\xunittestproject.dll" id="48499d12-acd9-8513-1f00-a2b49278b2fc">
      <Execution id="d9d2546d-eccb-4daf-af8e-06925137af0a" />
      <TestMethod codeBase="C:\Projekty\xUnitTestProject\bin\Debug\netcoreapp3.1\xUnitTestProject.dll" adapterTypeName="executor://xunit/VsTestRunner2/netcoreapp" className="xUnitTestProject.CurrencyHelperTests" name="FormatToStringTest1000" />
    </UnitTest>
    <UnitTest name="xUnitTestProject.CurrencyHelperTests.FormatToStringTest1000(price: 14035.12972514477, expected: &quot;14035.13 zł&quot;)" storage="c:\projekty\xunittestproject\bin\debug\netcoreapp3.1\xunittestproject.dll" id="d4b7a26e-ed5a-1e37-a00a-e21284ce265b">
      <Execution id="e309b7d6-d533-4ef1-9236-c7c90f11be50" />
      <TestMethod codeBase="C:\Projekty\xUnitTestProject\bin\Debug\netcoreapp3.1\xUnitTestProject.dll" adapterTypeName="executor://xunit/VsTestRunner2/netcoreapp" className="xUnitTestProject.CurrencyHelperTests" name="FormatToStringTest1000" />
    </UnitTest>
    <UnitTest name="xUnitTestProject.CurrencyHelperTests.FormatToStringTest1000(price: 8644.187977380207, expected: &quot;8644.19 zł&quot;)" storage="c:\projekty\xunittestproject\bin\debug\netcoreapp3.1\xunittestproject.dll" id="83240b81-a0ee-d801-c63e-6e722955f2f1">
      <Execution id="a4fa7bad-5ef9-4e19-a51e-eca74dfd6503" />
      <TestMethod codeBase="C:\Projekty\xUnitTestProject\bin\Debug\netcoreapp3.1\xUnitTestProject.dll" adapterTypeName="executor://xunit/VsTestRunner2/netcoreapp" className="xUnitTestProject.CurrencyHelperTests" name="FormatToStringTest1000" />
    </UnitTest>
    <UnitTest name="xUnitTestProject.CurrencyHelperTests.FormatToStringTest1000(price: 23023.74724929768, expected: &quot;23023.75 zł&quot;)" storage="c:\projekty\xunittestproject\bin\debug\netcoreapp3.1\xunittestproject.dll" id="58fbd806-2ce4-1de9-b5f6-010d0ee1cbfa">
      <Execution id="9745358b-a98a-407b-8b79-13b35e0bcd72" />
      <TestMethod codeBase="C:\Projekty\xUnitTestProject\bin\Debug\netcoreapp3.1\xUnitTestProject.dll" adapterTypeName="executor://xunit/VsTestRunner2/netcoreapp" className="xUnitTestProject.CurrencyHelperTests" name="FormatToStringTest1000" />
    </UnitTest>
    <UnitTest name="xUnitTestProject.CurrencyHelperTests.FormatToStringTest1000(price: 835.1578487740633, expected: &quot;835.16 zł&quot;)" storage="c:\projekty\xunittestproject\bin\debug\netcoreapp3.1\xunittestproject.dll" id="c9fc2c85-cd6b-22aa-0e63-9afbfb8c152b">
      <Execution id="fe68d1d9-1be4-4f69-ba3b-b7c80f8894f3" />
      <TestMethod codeBase="C:\Projekty\xUnitTestProject\bin\Debug\netcoreapp3.1\xUnitTestProject.dll" adapterTypeName="executor://xunit/VsTestRunner2/netcoreapp" className="xUnitTestProject.CurrencyHelperTests" name="FormatToStringTest1000" />
    </UnitTest>
    <UnitTest name="xUnitTestProject.CurrencyHelperTests.FormatToStringTest1000(price: 22017.250119325356, expected: &quot;22017.25 zł&quot;)" storage="c:\projekty\xunittestproject\bin\debug\netcoreapp3.1\xunittestproject.dll" id="181c235a-8f4f-6777-859c-d2eff1a2ae91">
      <Execution id="6dc359d3-c18f-4fc8-8974-f355d12a97b5" />
      <TestMethod codeBase="C:\Projekty\xUnitTestProject\bin\Debug\netcoreapp3.1\xUnitTestProject.dll" adapterTypeName="executor://xunit/VsTestRunner2/netcoreapp" className="xUnitTestProject.CurrencyHelperTests" name="FormatToStringTest1000" />
    </UnitTest>
    <UnitTest name="xUnitTestProject.CurrencyHelperTests.FormatToStringTest1000(price: 115.26302841131717, expected: &quot;115.26 zł&quot;)" storage="c:\projekty\xunittestproject\bin\debug\netcoreapp3.1\xunittestproject.dll" id="5d30b17d-1a70-2e78-f289-4e82f0d205e6">
      <Execution id="1c7fa649-3ed1-47af-9298-611964f01d3d" />
      <TestMethod codeBase="C:\Projekty\xUnitTestProject\bin\Debug\netcoreapp3.1\xUnitTestProject.dll" adapterTypeName="executor://xunit/VsTestRunner2/netcoreapp" className="xUnitTestProject.CurrencyHelperTests" name="FormatToStringTest1000" />
    </UnitTest>
    <UnitTest name="xUnitTestProject.CurrencyHelperTests.FormatToStringTest1000(price: 14172.682747822573, expected: &quot;14172.68 zł&quot;)" storage="c:\projekty\xunittestproject\bin\debug\netcoreapp3.1\xunittestproject.dll" id="fdb8f5e8-aebb-9f4d-e956-1151e0f88117">
      <Execution id="2fd36ee1-f501-49a6-9644-c18f5a3519e0" />
      <TestMethod codeBase="C:\Projekty\xUnitTestProject\bin\Debug\netcoreapp3.1\xUnitTestProject.dll" adapterTypeName="executor://xunit/VsTestRunner2/netcoreapp" className="xUnitTestProject.CurrencyHelperTests" name="FormatToStringTest1000" />
    </UnitTest>
    <UnitTest name="xUnitTestProject.CurrencyHelperTests.FormatToStringTest1000(price: 918.1842976688334, expected: &quot;918.18 zł&quot;)" storage="c:\projekty\xunittestproject\bin\debug\netcoreapp3.1\xunittestproject.dll" id="e3eba5d2-93a0-e22e-731e-ed52218ff16c">
      <Execution id="b92c1439-91f3-40ff-be49-66330c95199a" />
      <TestMethod codeBase="C:\Projekty\xUnitTestProject\bin\Debug\netcoreapp3.1\xUnitTestProject.dll" adapterTypeName="executor://xunit/VsTestRunner2/netcoreapp" className="xUnitTestProject.CurrencyHelperTests" name="FormatToStringTest1000" />
    </UnitTest>
    <UnitTest name="xUnitTestProject.CurrencyHelperTests.FormatToStringTest1000(price: 34021.1384072961, expected: &quot;34021.14 zł&quot;)" storage="c:\projekty\xunittestproject\bin\debug\netcoreapp3.1\xunittestproject.dll" id="6c083eac-7cf7-3a47-1845-0ff85783e0c1">
      <Execution id="560ac6d7-29e2-4f08-9f24-13783db49c02" />
      <TestMethod codeBase="C:\Projekty\xUnitTestProject\bin\Debug\netcoreapp3.1\xUnitTestProject.dll" adapterTypeName="executor://xunit/VsTestRunner2/netcoreapp" className="xUnitTestProject.CurrencyHelperTests" name="FormatToStringTest1000" />
    </UnitTest>
    <UnitTest name="xUnitTestProject.CurrencyHelperTests.FormatToStringTest1000(price: 1799.2562459103092, expected: &quot;1799.26 zł&quot;)" storage="c:\projekty\xunittestproject\bin\debug\netcoreapp3.1\xunittestproject.dll" id="86ad28ff-91bc-6dfc-4b29-d680c9d331eb">
      <Execution id="9a7cd2d7-f900-442a-9e4e-0dc5657aa98e" />
      <TestMethod codeBase="C:\Projekty\xUnitTestProject\bin\Debug\netcoreapp3.1\xUnitTestProject.dll" adapterTypeName="executor://xunit/VsTestRunner2/netcoreapp" className="xUnitTestProject.CurrencyHelperTests" name="FormatToStringTest1000" />
    </UnitTest>
    <UnitTest name="xUnitTestProject.CurrencyHelperTests.FormatToStringTest1000(price: 30034.922435005625, expected: &quot;30034.92 zł&quot;)" storage="c:\projekty\xunittestproject\bin\debug\netcoreapp3.1\xunittestproject.dll" id="bfe24180-c0ac-b24a-c731-fe26d6138983">
      <Execution id="f32f9e85-01da-4158-98f4-019f73ca3236" />
      <TestMethod codeBase="C:\Projekty\xUnitTestProject\bin\Debug\netcoreapp3.1\xUnitTestProject.dll" adapterTypeName="executor://xunit/VsTestRunner2/netcoreapp" className="xUnitTestProject.CurrencyHelperTests" name="FormatToStringTest1000" />
    </UnitTest>
    <UnitTest name="xUnitTestProject.CurrencyHelperTests.FormatToStringTest1000(price: 15742.409864349947, expected: &quot;15742.41 zł&quot;)" storage="c:\projekty\xunittestproject\bin\debug\netcoreapp3.1\xunittestproject.dll" id="4d5be905-ae12-4fb4-1d65-7b8d91a9be3a">
      <Execution id="738ade33-7dbf-4564-a611-8667e3791fc4" />
      <TestMethod codeBase="C:\Projekty\xUnitTestProject\bin\Debug\netcoreapp3.1\xUnitTestProject.dll" adapterTypeName="executor://xunit/VsTestRunner2/netcoreapp" className="xUnitTestProject.CurrencyHelperTests" name="FormatToStringTest1000" />
    </UnitTest>
    <UnitTest name="xUnitTestProject.CurrencyHelperTests.FormatToStringTest1000(price: 1187.8237780126854, expected: &quot;1187.82 zł&quot;)" storage="c:\projekty\xunittestproject\bin\debug\netcoreapp3.1\xunittestproject.dll" id="b9b36c19-155c-ac46-851c-623393903657">
      <Execution id="2d40889a-547b-4e47-9fb8-1739134b80db" />
      <TestMethod codeBase="C:\Projekty\xUnitTestProject\bin\Debug\netcoreapp3.1\xUnitTestProject.dll" adapterTypeName="executor://xunit/VsTestRunner2/netcoreapp" className="xUnitTestProject.CurrencyHelperTests" name="FormatToStringTest1000" />
    </UnitTest>
    <UnitTest name="xUnitTestProject.CurrencyHelperTests.FormatToStringTest1000(price: 21221.884746198488, expected: &quot;21221.88 zł&quot;)" storage="c:\projekty\xunittestproject\bin\debug\netcoreapp3.1\xunittestproject.dll" id="d0528706-3be3-396a-77f7-4d1c86caa17a">
      <Execution id="3db12dfb-82cd-46aa-a430-fbca372238de" />
      <TestMethod codeBase="C:\Projekty\xUnitTestProject\bin\Debug\netcoreapp3.1\xUnitTestProject.dll" adapterTypeName="executor://xunit/VsTestRunner2/netcoreapp" className="xUnitTestProject.CurrencyHelperTests" name="FormatToStringTest1000" />
    </UnitTest>
    <UnitTest name="xUnitTestProject.CurrencyHelperTests.FormatToStringTest1000(price: 47964.941885361884, expected: &quot;47964.94 zł&quot;)" storage="c:\projekty\xunittestproject\bin\debug\netcoreapp3.1\xunittestproject.dll" id="56eb6a9f-6cb4-2abe-d7ee-7e044f42c842">
      <Execution id="015559e2-1605-4342-9c38-bc275bca9280" />
      <TestMethod codeBase="C:\Projekty\xUnitTestProject\bin\Debug\netcoreapp3.1\xUnitTestProject.dll" adapterTypeName="executor://xunit/VsTestRunner2/netcoreapp" className="xUnitTestProject.CurrencyHelperTests" name="FormatToStringTest1000" />
    </UnitTest>
    <UnitTest name="xUnitTestProject.CurrencyHelperTests.FormatToStringTest1000(price: 64490.52771614982, expected: &quot;64490.53 zł&quot;)" storage="c:\projekty\xunittestproject\bin\debug\netcoreapp3.1\xunittestproject.dll" id="a9730862-4522-ad92-1efa-cb822a9c946d">
      <Execution id="584e3458-d3b4-4b9b-86a0-c375a936574f" />
      <TestMethod codeBase="C:\Projekty\xUnitTestProject\bin\Debug\netcoreapp3.1\xUnitTestProject.dll" adapterTypeName="executor://xunit/VsTestRunner2/netcoreapp" className="xUnitTestProject.CurrencyHelperTests" name="FormatToStringTest1000" />
    </UnitTest>
    <UnitTest name="xUnitTestProject.CurrencyHelperTests.FormatToStringTest1000(price: 12949.590713378317, expected: &quot;12949.59 zł&quot;)" storage="c:\projekty\xunittestproject\bin\debug\netcoreapp3.1\xunittestproject.dll" id="f962f016-220b-dd5b-3c75-15629456e786">
      <Execution id="e8e452f7-fa00-4539-8820-3478ad9c6149" />
      <TestMethod codeBase="C:\Projekty\xUnitTestProject\bin\Debug\netcoreapp3.1\xUnitTestProject.dll" adapterTypeName="executor://xunit/VsTestRunner2/netcoreapp" className="xUnitTestProject.CurrencyHelperTests" name="FormatToStringTest1000" />
    </UnitTest>
    <UnitTest name="xUnitTestProject.CurrencyHelperTests.FormatToStringTest1000(price: 15414.175096961751, expected: &quot;15414.18 zł&quot;)" storage="c:\projekty\xunittestproject\bin\debug\netcoreapp3.1\xunittestproject.dll" id="6bf29abc-b7d1-2681-6ab5-01a37d1208f2">
      <Execution id="ea772d7a-902a-48f1-a56e-8ee6c26b9968" />
      <TestMethod codeBase="C:\Projekty\xUnitTestProject\bin\Debug\netcoreapp3.1\xUnitTestProject.dll" adapterTypeName="executor://xunit/VsTestRunner2/netcoreapp" className="xUnitTestProject.CurrencyHelperTests" name="FormatToStringTest1000" />
    </UnitTest>
    <UnitTest name="xUnitTestProject.CurrencyHelperTests.FormatToStringTest1000(price: 11624.834848273003, expected: &quot;11624.83 zł&quot;)" storage="c:\projekty\xunittestproject\bin\debug\netcoreapp3.1\xunittestproject.dll" id="eb1e2ccd-822e-57b0-f5e5-7fc8ed277803">
      <Execution id="9d3b569c-bea9-477f-8023-3418cf7ed51f" />
      <TestMethod codeBase="C:\Projekty\xUnitTestProject\bin\Debug\netcoreapp3.1\xUnitTestProject.dll" adapterTypeName="executor://xunit/VsTestRunner2/netcoreapp" className="xUnitTestProject.CurrencyHelperTests" name="FormatToStringTest1000" />
    </UnitTest>
    <UnitTest name="xUnitTestProject.CurrencyHelperTests.FormatToStringTest1000(price: 75162.39407669863, expected: &quot;75162.39 zł&quot;)" storage="c:\projekty\xunittestproject\bin\debug\netcoreapp3.1\xunittestproject.dll" id="9b9cb762-c5b9-fbcf-33f7-2ca2d3e98b42">
      <Execution id="426b88b1-242c-4ec9-9bb4-98713883e091" />
      <TestMethod codeBase="C:\Projekty\xUnitTestProject\bin\Debug\netcoreapp3.1\xUnitTestProject.dll" adapterTypeName="executor://xunit/VsTestRunner2/netcoreapp" className="xUnitTestProject.CurrencyHelperTests" name="FormatToStringTest1000" />
    </UnitTest>
    <UnitTest name="xUnitTestProject.CurrencyHelperTests.FormatToStringTest1000(price: 1549.6599114973376, expected: &quot;1549.66 zł&quot;)" storage="c:\projekty\xunittestproject\bin\debug\netcoreapp3.1\xunittestproject.dll" id="594ca00d-02cf-07de-ca25-0d701d72a0a6">
      <Execution id="f6d47877-3c21-4ebe-87ef-0566f1d759cb" />
      <TestMethod codeBase="C:\Projekty\xUnitTestProject\bin\Debug\netcoreapp3.1\xUnitTestProject.dll" adapterTypeName="executor://xunit/VsTestRunner2/netcoreapp" className="xUnitTestProject.CurrencyHelperTests" name="FormatToStringTest1000" />
    </UnitTest>
    <UnitTest name="xUnitTestProject.CurrencyHelperTests.FormatToStringTest1000(price: 7396.940188290057, expected: &quot;7396.94 zł&quot;)" storage="c:\projekty\xunittestproject\bin\debug\netcoreapp3.1\xunittestproject.dll" id="d13187c3-6513-b7ca-7370-507380fe2c88">
      <Execution id="02344d8e-4fd8-4eb6-95db-568a7bf40f7f" />
      <TestMethod codeBase="C:\Projekty\xUnitTestProject\bin\Debug\netcoreapp3.1\xUnitTestProject.dll" adapterTypeName="executor://xunit/VsTestRunner2/netcoreapp" className="xUnitTestProject.CurrencyHelperTests" name="FormatToStringTest1000" />
    </UnitTest>
    <UnitTest name="xUnitTestProject.CurrencyHelperTests.FormatToStringTest1000(price: 50339.31259969497, expected: &quot;50339.31 zł&quot;)" storage="c:\projekty\xunittestproject\bin\debug\netcoreapp3.1\xunittestproject.dll" id="80d3734c-ba9f-0770-a478-3dd6f9b70cb0">
      <Execution id="103a6693-dd30-4454-bb4b-7f6eaaa97ea7" />
      <TestMethod codeBase="C:\Projekty\xUnitTestProject\bin\Debug\netcoreapp3.1\xUnitTestProject.dll" adapterTypeName="executor://xunit/VsTestRunner2/netcoreapp" className="xUnitTestProject.CurrencyHelperTests" name="FormatToStringTest1000" />
    </UnitTest>
    <UnitTest name="xUnitTestProject.CurrencyHelperTests.FormatToStringTest1000(price: 25036.98767214035, expected: &quot;25036.99 zł&quot;)" storage="c:\projekty\xunittestproject\bin\debug\netcoreapp3.1\xunittestproject.dll" id="5a63deb4-703f-d2ca-862c-112038163809">
      <Execution id="2e94cdc8-0cff-4a52-811a-d3aef648b066" />
      <TestMethod codeBase="C:\Projekty\xUnitTestProject\bin\Debug\netcoreapp3.1\xUnitTestProject.dll" adapterTypeName="executor://xunit/VsTestRunner2/netcoreapp" className="xUnitTestProject.CurrencyHelperTests" name="FormatToStringTest1000" />
    </UnitTest>
    <UnitTest name="xUnitTestProject.CurrencyHelperTests.FormatToStringTest1000(price: 13286.856387228174, expected: &quot;13286.86 zł&quot;)" storage="c:\projekty\xunittestproject\bin\debug\netcoreapp3.1\xunittestproject.dll" id="8181cd4b-8454-73ed-8ced-01a1dc2b25c3">
      <Execution id="fd239a04-9374-4811-8dc8-7d92337dd154" />
      <TestMethod codeBase="C:\Projekty\xUnitTestProject\bin\Debug\netcoreapp3.1\xUnitTestProject.dll" adapterTypeName="executor://xunit/VsTestRunner2/netcoreapp" className="xUnitTestProject.CurrencyHelperTests" name="FormatToStringTest1000" />
    </UnitTest>
    <UnitTest name="xUnitTestProject.CurrencyHelperTests.FormatToStringTest1000(price: 22197.731451777618, expected: &quot;22197.73 zł&quot;)" storage="c:\projekty\xunittestproject\bin\debug\netcoreapp3.1\xunittestproject.dll" id="bfdd6bca-a34f-47f5-eae8-5d12e496bd00">
      <Execution id="c65142bd-bfd1-4eb0-a7b0-85f88f8e4af6" />
      <TestMethod codeBase="C:\Projekty\xUnitTestProject\bin\Debug\netcoreapp3.1\xUnitTestProject.dll" adapterTypeName="executor://xunit/VsTestRunner2/netcoreapp" className="xUnitTestProject.CurrencyHelperTests" name="FormatToStringTest1000" />
    </UnitTest>
    <UnitTest name="xUnitTestProject.CurrencyHelperTests.FormatToStringTest1000(price: 31424.298858482067, expected: &quot;31424.30 zł&quot;)" storage="c:\projekty\xunittestproject\bin\debug\netcoreapp3.1\xunittestproject.dll" id="06022d11-491a-4f0d-4482-3457e9003d33">
      <Execution id="1c3f83c7-99c2-4781-8e43-7c533d134570" />
      <TestMethod codeBase="C:\Projekty\xUnitTestProject\bin\Debug\netcoreapp3.1\xUnitTestProject.dll" adapterTypeName="executor://xunit/VsTestRunner2/netcoreapp" className="xUnitTestProject.CurrencyHelperTests" name="FormatToStringTest1000" />
    </UnitTest>
    <UnitTest name="xUnitTestProject.CurrencyHelperTests.FormatToStringTest1000(price: 32732.81915128502, expected: &quot;32732.82 zł&quot;)" storage="c:\projekty\xunittestproject\bin\debug\netcoreapp3.1\xunittestproject.dll" id="b6d907a4-489e-cb15-8555-a5c35fcc0ce1">
      <Execution id="421fd2c4-1b10-44e6-976e-c43b1fbcd207" />
      <TestMethod codeBase="C:\Projekty\xUnitTestProject\bin\Debug\netcoreapp3.1\xUnitTestProject.dll" adapterTypeName="executor://xunit/VsTestRunner2/netcoreapp" className="xUnitTestProject.CurrencyHelperTests" name="FormatToStringTest1000" />
    </UnitTest>
    <UnitTest name="xUnitTestProject.CurrencyHelperTests.FormatToStringTest1000(price: 29508.077101491428, expected: &quot;29508.08 zł&quot;)" storage="c:\projekty\xunittestproject\bin\debug\netcoreapp3.1\xunittestproject.dll" id="c1457a00-5932-b692-d468-5af96619c895">
      <Execution id="1d40b179-57f1-4f7a-8fe3-cc43eb3f5abf" />
      <TestMethod codeBase="C:\Projekty\xUnitTestProject\bin\Debug\netcoreapp3.1\xUnitTestProject.dll" adapterTypeName="executor://xunit/VsTestRunner2/netcoreapp" className="xUnitTestProject.CurrencyHelperTests" name="FormatToStringTest1000" />
    </UnitTest>
    <UnitTest name="xUnitTestProject.CurrencyHelperTests.FormatToStringTest1000(price: 386.358918903097, expected: &quot;386.36 zł&quot;)" storage="c:\projekty\xunittestproject\bin\debug\netcoreapp3.1\xunittestproject.dll" id="cb9f49fb-58b9-06a6-2d40-6492ed02487d">
      <Execution id="f22e7795-2c76-41ff-8164-6b130d0ea3e5" />
      <TestMethod codeBase="C:\Projekty\xUnitTestProject\bin\Debug\netcoreapp3.1\xUnitTestProject.dll" adapterTypeName="executor://xunit/VsTestRunner2/netcoreapp" className="xUnitTestProject.CurrencyHelperTests" name="FormatToStringTest1000" />
    </UnitTest>
    <UnitTest name="xUnitTestProject.CurrencyHelperTests.FormatToStringTest1000(price: 21961.272673999552, expected: &quot;21961.27 zł&quot;)" storage="c:\projekty\xunittestproject\bin\debug\netcoreapp3.1\xunittestproject.dll" id="8e957c61-833e-a0b8-17c9-5e56071d3f70">
      <Execution id="02b2e150-d37d-433b-960a-b17ec8d51af5" />
      <TestMethod codeBase="C:\Projekty\xUnitTestProject\bin\Debug\netcoreapp3.1\xUnitTestProject.dll" adapterTypeName="executor://xunit/VsTestRunner2/netcoreapp" className="xUnitTestProject.CurrencyHelperTests" name="FormatToStringTest1000" />
    </UnitTest>
    <UnitTest name="xUnitTestProject.CurrencyHelperTests.FormatToStringTest1000(price: 47575.6421269959, expected: &quot;47575.64 zł&quot;)" storage="c:\projekty\xunittestproject\bin\debug\netcoreapp3.1\xunittestproject.dll" id="5ba87170-b4be-88ce-9658-2993ce18ab0a">
      <Execution id="89d72c86-9639-41b8-9b1a-e0ad9982b563" />
      <TestMethod codeBase="C:\Projekty\xUnitTestProject\bin\Debug\netcoreapp3.1\xUnitTestProject.dll" adapterTypeName="executor://xunit/VsTestRunner2/netcoreapp" className="xUnitTestProject.CurrencyHelperTests" name="FormatToStringTest1000" />
    </UnitTest>
    <UnitTest name="xUnitTestProject.CurrencyHelperTests.FormatToStringTest1000(price: 12283.48626129026, expected: &quot;12283.49 zł&quot;)" storage="c:\projekty\xunittestproject\bin\debug\netcoreapp3.1\xunittestproject.dll" id="73d2aaa8-ac83-ede5-fed4-5dcf1194783f">
      <Execution id="d50cf654-06ac-464a-a390-0ac9c899d551" />
      <TestMethod codeBase="C:\Projekty\xUnitTestProject\bin\Debug\netcoreapp3.1\xUnitTestProject.dll" adapterTypeName="executor://xunit/VsTestRunner2/netcoreapp" className="xUnitTestProject.CurrencyHelperTests" name="FormatToStringTest1000" />
    </UnitTest>
    <UnitTest name="xUnitTestProject.CurrencyHelperTests.FormatToStringTest1000(price: 16688.70569393677, expected: &quot;16688.71 zł&quot;)" storage="c:\projekty\xunittestproject\bin\debug\netcoreapp3.1\xunittestproject.dll" id="e6d7e4bb-8f4e-56e2-712f-a2453f4d8f71">
      <Execution id="8f1bd6d8-5db0-46aa-9e7d-21a83f1fb134" />
      <TestMethod codeBase="C:\Projekty\xUnitTestProject\bin\Debug\netcoreapp3.1\xUnitTestProject.dll" adapterTypeName="executor://xunit/VsTestRunner2/netcoreapp" className="xUnitTestProject.CurrencyHelperTests" name="FormatToStringTest1000" />
    </UnitTest>
    <UnitTest name="xUnitTestProject.CurrencyHelperTests.FormatToStringTest1000(price: 26174.290999793586, expected: &quot;26174.29 zł&quot;)" storage="c:\projekty\xunittestproject\bin\debug\netcoreapp3.1\xunittestproject.dll" id="4b152625-d247-2206-1bc2-f59ef3dda4ef">
      <Execution id="8513e845-94f2-41c1-99a7-f17f1c02cde6" />
      <TestMethod codeBase="C:\Projekty\xUnitTestProject\bin\Debug\netcoreapp3.1\xUnitTestProject.dll" adapterTypeName="executor://xunit/VsTestRunner2/netcoreapp" className="xUnitTestProject.CurrencyHelperTests" name="FormatToStringTest1000" />
    </UnitTest>
    <UnitTest name="xUnitTestProject.CurrencyHelperTests.FormatToStringTest1000(price: 4002.4180488374172, expected: &quot;4002.42 zł&quot;)" storage="c:\projekty\xunittestproject\bin\debug\netcoreapp3.1\xunittestproject.dll" id="1006d1f0-5b29-3f16-0e5d-80a2a40c26e6">
      <Execution id="3524bcb8-be37-4ec2-b155-ddb8fec1211b" />
      <TestMethod codeBase="C:\Projekty\xUnitTestProject\bin\Debug\netcoreapp3.1\xUnitTestProject.dll" adapterTypeName="executor://xunit/VsTestRunner2/netcoreapp" className="xUnitTestProject.CurrencyHelperTests" name="FormatToStringTest1000" />
    </UnitTest>
    <UnitTest name="xUnitTestProject.CurrencyHelperTests.FormatToStringTest1000(price: 16208.076866391615, expected: &quot;16208.08 zł&quot;)" storage="c:\projekty\xunittestproject\bin\debug\netcoreapp3.1\xunittestproject.dll" id="128fe360-ca56-c4c9-0f07-7350435e34a3">
      <Execution id="2288ccf0-4324-4ba6-a7e3-6b32216069cb" />
      <TestMethod codeBase="C:\Projekty\xUnitTestProject\bin\Debug\netcoreapp3.1\xUnitTestProject.dll" adapterTypeName="executor://xunit/VsTestRunner2/netcoreapp" className="xUnitTestProject.CurrencyHelperTests" name="FormatToStringTest1000" />
    </UnitTest>
    <UnitTest name="xUnitTestProject.CurrencyHelperTests.FormatToStringTest1000(price: 23980.12943509646, expected: &quot;23980.13 zł&quot;)" storage="c:\projekty\xunittestproject\bin\debug\netcoreapp3.1\xunittestproject.dll" id="c0622c05-a365-df5b-d83a-27dce2d844ee">
      <Execution id="6ad3d02a-a7c9-476c-825f-085bd8450ca0" />
      <TestMethod codeBase="C:\Projekty\xUnitTestProject\bin\Debug\netcoreapp3.1\xUnitTestProject.dll" adapterTypeName="executor://xunit/VsTestRunner2/netcoreapp" className="xUnitTestProject.CurrencyHelperTests" name="FormatToStringTest1000" />
    </UnitTest>
    <UnitTest name="xUnitTestProject.CurrencyHelperTests.FormatToStringTest1000(price: 77919.64716867341, expected: &quot;77919.65 zł&quot;)" storage="c:\projekty\xunittestproject\bin\debug\netcoreapp3.1\xunittestproject.dll" id="5de12653-1f5a-24cb-5ff2-99601694fb1f">
      <Execution id="c4b18edc-793f-4bb1-8dc1-ee363187c493" />
      <TestMethod codeBase="C:\Projekty\xUnitTestProject\bin\Debug\netcoreapp3.1\xUnitTestProject.dll" adapterTypeName="executor://xunit/VsTestRunner2/netcoreapp" className="xUnitTestProject.CurrencyHelperTests" name="FormatToStringTest1000" />
    </UnitTest>
    <UnitTest name="xUnitTestProject.CurrencyHelperTests.FormatToStringTest1000(price: 20012.898273490322, expected: &quot;20012.90 zł&quot;)" storage="c:\projekty\xunittestproject\bin\debug\netcoreapp3.1\xunittestproject.dll" id="5200e545-dbbb-62af-891d-31499a618a0e">
      <Execution id="505626e5-3b99-4ac5-9af0-e377f3fed4fb" />
      <TestMethod codeBase="C:\Projekty\xUnitTestProject\bin\Debug\netcoreapp3.1\xUnitTestProject.dll" adapterTypeName="executor://xunit/VsTestRunner2/netcoreapp" className="xUnitTestProject.CurrencyHelperTests" name="FormatToStringTest1000" />
    </UnitTest>
    <UnitTest name="xUnitTestProject.CurrencyHelperTests.FormatToStringTest1000(price: 5978.1197194131655, expected: &quot;5978.12 zł&quot;)" storage="c:\projekty\xunittestproject\bin\debug\netcoreapp3.1\xunittestproject.dll" id="124aa2c1-a584-951a-b578-c58272b94396">
      <Execution id="3caf6204-74a4-4a94-913e-b2344ef46344" />
      <TestMethod codeBase="C:\Projekty\xUnitTestProject\bin\Debug\netcoreapp3.1\xUnitTestProject.dll" adapterTypeName="executor://xunit/VsTestRunner2/netcoreapp" className="xUnitTestProject.CurrencyHelperTests" name="FormatToStringTest1000" />
    </UnitTest>
    <UnitTest name="xUnitTestProject.CurrencyHelperTests.FormatToStringTest1000(price: 17988.455793307843, expected: &quot;17988.46 zł&quot;)" storage="c:\projekty\xunittestproject\bin\debug\netcoreapp3.1\xunittestproject.dll" id="6837dba7-40c4-9f70-ea2b-82f5a35b378d">
      <Execution id="cdbb54ba-68c8-4c17-a46e-a19ce3f16436" />
      <TestMethod codeBase="C:\Projekty\xUnitTestProject\bin\Debug\netcoreapp3.1\xUnitTestProject.dll" adapterTypeName="executor://xunit/VsTestRunner2/netcoreapp" className="xUnitTestProject.CurrencyHelperTests" name="FormatToStringTest1000" />
    </UnitTest>
    <UnitTest name="xUnitTestProject.CurrencyHelperTests.FormatToStringTest1000(price: 22799.991836491965, expected: &quot;22799.99 zł&quot;)" storage="c:\projekty\xunittestproject\bin\debug\netcoreapp3.1\xunittestproject.dll" id="681b18e6-8ac3-1647-8149-58844d19cdf1">
      <Execution id="e615bd9f-3f53-4ae1-a823-04468a7da9ac" />
      <TestMethod codeBase="C:\Projekty\xUnitTestProject\bin\Debug\netcoreapp3.1\xUnitTestProject.dll" adapterTypeName="executor://xunit/VsTestRunner2/netcoreapp" className="xUnitTestProject.CurrencyHelperTests" name="FormatToStringTest1000" />
    </UnitTest>
    <UnitTest name="xUnitTestProject.CurrencyHelperTests.FormatToStringTest1000(price: 79.6815319544084, expected: &quot;79.68 zł&quot;)" storage="c:\projekty\xunittestproject\bin\debug\netcoreapp3.1\xunittestproject.dll" id="7729c68a-38c8-f8ce-da09-5022e186685c">
      <Execution id="e95d861c-48c3-4cdd-b25a-50f0bdffea86" />
      <TestMethod codeBase="C:\Projekty\xUnitTestProject\bin\Debug\netcoreapp3.1\xUnitTestProject.dll" adapterTypeName="executor://xunit/VsTestRunner2/netcoreapp" className="xUnitTestProject.CurrencyHelperTests" name="FormatToStringTest1000" />
    </UnitTest>
    <UnitTest name="xUnitTestProject.CurrencyHelperTests.FormatToStringTest1000(price: 32359.431438434138, expected: &quot;32359.43 zł&quot;)" storage="c:\projekty\xunittestproject\bin\debug\netcoreapp3.1\xunittestproject.dll" id="a1a0e8aa-488b-d813-0baf-a61aa194c928">
      <Execution id="5754d99b-e5e8-4de2-9872-40a235a5a658" />
      <TestMethod codeBase="C:\Projekty\xUnitTestProject\bin\Debug\netcoreapp3.1\xUnitTestProject.dll" adapterTypeName="executor://xunit/VsTestRunner2/netcoreapp" className="xUnitTestProject.CurrencyHelperTests" name="FormatToStringTest1000" />
    </UnitTest>
    <UnitTest name="xUnitTestProject.CurrencyHelperTests.FormatToStringTest1000(price: 81326.3340147521, expected: &quot;81326.33 zł&quot;)" storage="c:\projekty\xunittestproject\bin\debug\netcoreapp3.1\xunittestproject.dll" id="f96cba70-db37-0f83-9cd0-465945a7184e">
      <Execution id="0177dba7-272a-4b84-b356-3a188333e6d4" />
      <TestMethod codeBase="C:\Projekty\xUnitTestProject\bin\Debug\netcoreapp3.1\xUnitTestProject.dll" adapterTypeName="executor://xunit/VsTestRunner2/netcoreapp" className="xUnitTestProject.CurrencyHelperTests" name="FormatToStringTest1000" />
    </UnitTest>
    <UnitTest name="xUnitTestProject.CurrencyHelperTests.FormatToStringTest1000(price: 4898.699005344277, expected: &quot;4898.70 zł&quot;)" storage="c:\projekty\xunittestproject\bin\debug\netcoreapp3.1\xunittestproject.dll" id="c9dc0f3f-e108-0c1a-7cef-09dcecce5469">
      <Execution id="eab68e7e-ecc2-4c2d-a69f-e74560973981" />
      <TestMethod codeBase="C:\Projekty\xUnitTestProject\bin\Debug\netcoreapp3.1\xUnitTestProject.dll" adapterTypeName="executor://xunit/VsTestRunner2/netcoreapp" className="xUnitTestProject.CurrencyHelperTests" name="FormatToStringTest1000" />
    </UnitTest>
    <UnitTest name="xUnitTestProject.CurrencyHelperTests.FormatToStringTest1000(price: 52888.48934243642, expected: &quot;52888.49 zł&quot;)" storage="c:\projekty\xunittestproject\bin\debug\netcoreapp3.1\xunittestproject.dll" id="e5b31225-6687-353e-986c-a81c10574659">
      <Execution id="31584ecf-163d-415f-92f7-6118357c7bc3" />
      <TestMethod codeBase="C:\Projekty\xUnitTestProject\bin\Debug\netcoreapp3.1\xUnitTestProject.dll" adapterTypeName="executor://xunit/VsTestRunner2/netcoreapp" className="xUnitTestProject.CurrencyHelperTests" name="FormatToStringTest1000" />
    </UnitTest>
    <UnitTest name="xUnitTestProject.CurrencyHelperTests.FormatToStringTest1000(price: 4592.278577496428, expected: &quot;4592.28 zł&quot;)" storage="c:\projekty\xunittestproject\bin\debug\netcoreapp3.1\xunittestproject.dll" id="256b0aa4-ca9e-f9c0-c01a-e5ce082d7933">
      <Execution id="6ce8d7a7-b4d9-443b-8611-688649fab9aa" />
      <TestMethod codeBase="C:\Projekty\xUnitTestProject\bin\Debug\netcoreapp3.1\xUnitTestProject.dll" adapterTypeName="executor://xunit/VsTestRunner2/netcoreapp" className="xUnitTestProject.CurrencyHelperTests" name="FormatToStringTest1000" />
    </UnitTest>
    <UnitTest name="xUnitTestProject.CurrencyHelperTests.FormatToStringTest1000(price: 70771.4436677524, expected: &quot;70771.44 zł&quot;)" storage="c:\projekty\xunittestproject\bin\debug\netcoreapp3.1\xunittestproject.dll" id="faee1a73-2321-167e-168b-f89892fb598c">
      <Execution id="3ed11d5a-4ef5-4684-8af9-64ba061a7ccf" />
      <TestMethod codeBase="C:\Projekty\xUnitTestProject\bin\Debug\netcoreapp3.1\xUnitTestProject.dll" adapterTypeName="executor://xunit/VsTestRunner2/netcoreapp" className="xUnitTestProject.CurrencyHelperTests" name="FormatToStringTest1000" />
    </UnitTest>
    <UnitTest name="xUnitTestProject.CurrencyHelperTests.FormatToStringTest1000(price: 8851.904041135638, expected: &quot;8851.90 zł&quot;)" storage="c:\projekty\xunittestproject\bin\debug\netcoreapp3.1\xunittestproject.dll" id="d674a2b2-91f4-595f-2a5d-e8f6a4053ca1">
      <Execution id="909d4919-44b1-4218-b7e0-c8a1e07690b9" />
      <TestMethod codeBase="C:\Projekty\xUnitTestProject\bin\Debug\netcoreapp3.1\xUnitTestProject.dll" adapterTypeName="executor://xunit/VsTestRunner2/netcoreapp" className="xUnitTestProject.CurrencyHelperTests" name="FormatToStringTest1000" />
    </UnitTest>
    <UnitTest name="xUnitTestProject.CurrencyHelperTests.FormatToStringTest1000(price: 34084.19497795599, expected: &quot;34084.19 zł&quot;)" storage="c:\projekty\xunittestproject\bin\debug\netcoreapp3.1\xunittestproject.dll" id="a61390b2-0ec7-4d98-e7ed-b8eba6ac247d">
      <Execution id="83ca5bf7-9c6e-45ff-bd5a-32568f467f98" />
      <TestMethod codeBase="C:\Projekty\xUnitTestProject\bin\Debug\netcoreapp3.1\xUnitTestProject.dll" adapterTypeName="executor://xunit/VsTestRunner2/netcoreapp" className="xUnitTestProject.CurrencyHelperTests" name="FormatToStringTest1000" />
    </UnitTest>
    <UnitTest name="xUnitTestProject.CurrencyHelperTests.FormatToStringTest1000(price: 13541.45472935096, expected: &quot;13541.45 zł&quot;)" storage="c:\projekty\xunittestproject\bin\debug\netcoreapp3.1\xunittestproject.dll" id="72e1721e-ca6c-63c9-59ef-8aef6ff15353">
      <Execution id="3fea9a8a-22e2-46a4-a884-659d292b2b79" />
      <TestMethod codeBase="C:\Projekty\xUnitTestProject\bin\Debug\netcoreapp3.1\xUnitTestProject.dll" adapterTypeName="executor://xunit/VsTestRunner2/netcoreapp" className="xUnitTestProject.CurrencyHelperTests" name="FormatToStringTest1000" />
    </UnitTest>
    <UnitTest name="xUnitTestProject.CurrencyHelperTests.FormatToStringTest1000(price: 48654.65723134794, expected: &quot;48654.66 zł&quot;)" storage="c:\projekty\xunittestproject\bin\debug\netcoreapp3.1\xunittestproject.dll" id="178d037f-daf8-5717-a393-b090c90da1cf">
      <Execution id="8f50b065-a69a-468a-85d0-c899c5890a01" />
      <TestMethod codeBase="C:\Projekty\xUnitTestProject\bin\Debug\netcoreapp3.1\xUnitTestProject.dll" adapterTypeName="executor://xunit/VsTestRunner2/netcoreapp" className="xUnitTestProject.CurrencyHelperTests" name="FormatToStringTest1000" />
    </UnitTest>
    <UnitTest name="xUnitTestProject.CurrencyHelperTests.FormatToStringTest1000(price: 5566.818038455592, expected: &quot;5566.82 zł&quot;)" storage="c:\projekty\xunittestproject\bin\debug\netcoreapp3.1\xunittestproject.dll" id="0ceb7858-003d-ab99-34b5-3e79f1abe40b">
      <Execution id="98cf025b-0b48-41bd-80f9-0ad14ebe9fd0" />
      <TestMethod codeBase="C:\Projekty\xUnitTestProject\bin\Debug\netcoreapp3.1\xUnitTestProject.dll" adapterTypeName="executor://xunit/VsTestRunner2/netcoreapp" className="xUnitTestProject.CurrencyHelperTests" name="FormatToStringTest1000" />
    </UnitTest>
    <UnitTest name="xUnitTestProject.CurrencyHelperTests.FormatToStringTest1000(price: 44930.92203801075, expected: &quot;44930.92 zł&quot;)" storage="c:\projekty\xunittestproject\bin\debug\netcoreapp3.1\xunittestproject.dll" id="33b7f528-129d-12a3-ccd2-fd1f055d858f">
      <Execution id="6acd0aad-12b7-4ba5-ae4b-d099226a99b8" />
      <TestMethod codeBase="C:\Projekty\xUnitTestProject\bin\Debug\netcoreapp3.1\xUnitTestProject.dll" adapterTypeName="executor://xunit/VsTestRunner2/netcoreapp" className="xUnitTestProject.CurrencyHelperTests" name="FormatToStringTest1000" />
    </UnitTest>
    <UnitTest name="xUnitTestProject.CurrencyHelperTests.FormatToStringTest1000(price: 36651.05802063414, expected: &quot;36651.06 zł&quot;)" storage="c:\projekty\xunittestproject\bin\debug\netcoreapp3.1\xunittestproject.dll" id="91970791-479f-53e8-256c-76fb4b85cf1d">
      <Execution id="0c04fce3-58c8-4dc0-a26a-da3434c29e1e" />
      <TestMethod codeBase="C:\Projekty\xUnitTestProject\bin\Debug\netcoreapp3.1\xUnitTestProject.dll" adapterTypeName="executor://xunit/VsTestRunner2/netcoreapp" className="xUnitTestProject.CurrencyHelperTests" name="FormatToStringTest1000" />
    </UnitTest>
    <UnitTest name="xUnitTestProject.CurrencyHelperTests.FormatToStringTest1000(price: 18990.72499258012, expected: &quot;18990.72 zł&quot;)" storage="c:\projekty\xunittestproject\bin\debug\netcoreapp3.1\xunittestproject.dll" id="c4f09638-23b4-3d40-c0a4-ef63a006dba0">
      <Execution id="2f007e94-494b-4245-a5e0-59cf692c3c06" />
      <TestMethod codeBase="C:\Projekty\xUnitTestProject\bin\Debug\netcoreapp3.1\xUnitTestProject.dll" adapterTypeName="executor://xunit/VsTestRunner2/netcoreapp" className="xUnitTestProject.CurrencyHelperTests" name="FormatToStringTest1000" />
    </UnitTest>
    <UnitTest name="xUnitTestProject.CurrencyHelperTests.FormatToStringTest1000(price: 22367.991005544547, expected: &quot;22367.99 zł&quot;)" storage="c:\projekty\xunittestproject\bin\debug\netcoreapp3.1\xunittestproject.dll" id="0e945364-42c0-3773-924e-a8c9f3ec6d3e">
      <Execution id="8eb0a86f-de0f-4cba-b020-1d028d4fcd6e" />
      <TestMethod codeBase="C:\Projekty\xUnitTestProject\bin\Debug\netcoreapp3.1\xUnitTestProject.dll" adapterTypeName="executor://xunit/VsTestRunner2/netcoreapp" className="xUnitTestProject.CurrencyHelperTests" name="FormatToStringTest1000" />
    </UnitTest>
    <UnitTest name="xUnitTestProject.CurrencyHelperTests.FormatToStringTest1000(price: 7191.024921368353, expected: &quot;7191.02 zł&quot;)" storage="c:\projekty\xunittestproject\bin\debug\netcoreapp3.1\xunittestproject.dll" id="0e8e9a77-632c-db52-e40d-d7b033807f15">
      <Execution id="688b15e9-9f71-4eac-9744-5208e9c32899" />
      <TestMethod codeBase="C:\Projekty\xUnitTestProject\bin\Debug\netcoreapp3.1\xUnitTestProject.dll" adapterTypeName="executor://xunit/VsTestRunner2/netcoreapp" className="xUnitTestProject.CurrencyHelperTests" name="FormatToStringTest1000" />
    </UnitTest>
    <UnitTest name="xUnitTestProject.CurrencyHelperTests.FormatToStringTest1000(price: 726.8087564975995, expected: &quot;726.81 zł&quot;)" storage="c:\projekty\xunittestproject\bin\debug\netcoreapp3.1\xunittestproject.dll" id="761c5474-ba0b-efdd-0d5f-bfbe630a98c2">
      <Execution id="ce115cc0-cffb-4730-ac8e-611408d5f09b" />
      <TestMethod codeBase="C:\Projekty\xUnitTestProject\bin\Debug\netcoreapp3.1\xUnitTestProject.dll" adapterTypeName="executor://xunit/VsTestRunner2/netcoreapp" className="xUnitTestProject.CurrencyHelperTests" name="FormatToStringTest1000" />
    </UnitTest>
    <UnitTest name="xUnitTestProject.CurrencyHelperTests.FormatToStringTest1000(price: 7076.829971250534, expected: &quot;7076.83 zł&quot;)" storage="c:\projekty\xunittestproject\bin\debug\netcoreapp3.1\xunittestproject.dll" id="cc7d6c48-2140-f681-276a-ee6d54b1f129">
      <Execution id="b02a2bb7-1bbc-4625-8400-cd609343f5c2" />
      <TestMethod codeBase="C:\Projekty\xUnitTestProject\bin\Debug\netcoreapp3.1\xUnitTestProject.dll" adapterTypeName="executor://xunit/VsTestRunner2/netcoreapp" className="xUnitTestProject.CurrencyHelperTests" name="FormatToStringTest1000" />
    </UnitTest>
    <UnitTest name="xUnitTestProject.CurrencyHelperTests.FormatToStringTest1000(price: 65809.35218338219, expected: &quot;65809.35 zł&quot;)" storage="c:\projekty\xunittestproject\bin\debug\netcoreapp3.1\xunittestproject.dll" id="cbad7040-1370-8b80-f9ed-c7be376f327f">
      <Execution id="99cb5db7-3522-4be8-9646-f0f248a3c98a" />
      <TestMethod codeBase="C:\Projekty\xUnitTestProject\bin\Debug\netcoreapp3.1\xUnitTestProject.dll" adapterTypeName="executor://xunit/VsTestRunner2/netcoreapp" className="xUnitTestProject.CurrencyHelperTests" name="FormatToStringTest1000" />
    </UnitTest>
    <UnitTest name="xUnitTestProject.CurrencyHelperTests.FormatToStringTest1000(price: 41972.39431566763, expected: &quot;41972.39 zł&quot;)" storage="c:\projekty\xunittestproject\bin\debug\netcoreapp3.1\xunittestproject.dll" id="0d1bc5db-e6c6-10df-8cf0-a0dfa7497484">
      <Execution id="0c474d76-bcec-44d8-8222-3045bed65d39" />
      <TestMethod codeBase="C:\Projekty\xUnitTestProject\bin\Debug\netcoreapp3.1\xUnitTestProject.dll" adapterTypeName="executor://xunit/VsTestRunner2/netcoreapp" className="xUnitTestProject.CurrencyHelperTests" name="FormatToStringTest1000" />
    </UnitTest>
    <UnitTest name="xUnitTestProject.CurrencyHelperTests.FormatToStringTest1000(price: 66541.05112730109, expected: &quot;66541.05 zł&quot;)" storage="c:\projekty\xunittestproject\bin\debug\netcoreapp3.1\xunittestproject.dll" id="459add99-cbf9-4f7c-b3d1-c619873acede">
      <Execution id="fdb8c95b-8f41-438e-a5d3-9d6e6f431829" />
      <TestMethod codeBase="C:\Projekty\xUnitTestProject\bin\Debug\netcoreapp3.1\xUnitTestProject.dll" adapterTypeName="executor://xunit/VsTestRunner2/netcoreapp" className="xUnitTestProject.CurrencyHelperTests" name="FormatToStringTest1000" />
    </UnitTest>
    <UnitTest name="xUnitTestProject.CurrencyHelperTests.FormatToStringTest1000(price: 11829.625994884234, expected: &quot;11829.63 zł&quot;)" storage="c:\projekty\xunittestproject\bin\debug\netcoreapp3.1\xunittestproject.dll" id="979704d6-636b-33ea-e33f-cc67613aefb0">
      <Execution id="8d1d2a3a-708b-4c6a-879b-082370a4b1d9" />
      <TestMethod codeBase="C:\Projekty\xUnitTestProject\bin\Debug\netcoreapp3.1\xUnitTestProject.dll" adapterTypeName="executor://xunit/VsTestRunner2/netcoreapp" className="xUnitTestProject.CurrencyHelperTests" name="FormatToStringTest1000" />
    </UnitTest>
    <UnitTest name="xUnitTestProject.CurrencyHelperTests.FormatToStringTest1000(price: 6146.91236741278, expected: &quot;6146.91 zł&quot;)" storage="c:\projekty\xunittestproject\bin\debug\netcoreapp3.1\xunittestproject.dll" id="2155bccb-482b-2346-834b-1eb7ea617ead">
      <Execution id="c70a51e4-a994-4faf-ac09-024e3f208485" />
      <TestMethod codeBase="C:\Projekty\xUnitTestProject\bin\Debug\netcoreapp3.1\xUnitTestProject.dll" adapterTypeName="executor://xunit/VsTestRunner2/netcoreapp" className="xUnitTestProject.CurrencyHelperTests" name="FormatToStringTest1000" />
    </UnitTest>
    <UnitTest name="xUnitTestProject.CurrencyHelperTests.FormatToStringTest1000(price: 50507.0104155615, expected: &quot;50507.01 zł&quot;)" storage="c:\projekty\xunittestproject\bin\debug\netcoreapp3.1\xunittestproject.dll" id="c0cf2cb3-44c7-373b-4b04-bf5ce7678b68">
      <Execution id="48af56c1-442f-43f1-a5b0-d49cdcf88ce6" />
      <TestMethod codeBase="C:\Projekty\xUnitTestProject\bin\Debug\netcoreapp3.1\xUnitTestProject.dll" adapterTypeName="executor://xunit/VsTestRunner2/netcoreapp" className="xUnitTestProject.CurrencyHelperTests" name="FormatToStringTest1000" />
    </UnitTest>
    <UnitTest name="xUnitTestProject.CurrencyHelperTests.FormatToStringTest1000(price: 12221.10494323592, expected: &quot;12221.10 zł&quot;)" storage="c:\projekty\xunittestproject\bin\debug\netcoreapp3.1\xunittestproject.dll" id="eb81fa5f-83e5-54db-0bb8-c928bd6f40f1">
      <Execution id="e1863a70-21da-44eb-b484-efbc9eeeada1" />
      <TestMethod codeBase="C:\Projekty\xUnitTestProject\bin\Debug\netcoreapp3.1\xUnitTestProject.dll" adapterTypeName="executor://xunit/VsTestRunner2/netcoreapp" className="xUnitTestProject.CurrencyHelperTests" name="FormatToStringTest1000" />
    </UnitTest>
    <UnitTest name="xUnitTestProject.CurrencyHelperTests.FormatToStringTest1000(price: 159.83786031922224, expected: &quot;159.84 zł&quot;)" storage="c:\projekty\xunittestproject\bin\debug\netcoreapp3.1\xunittestproject.dll" id="3fe65711-0b55-7192-8237-90b45a462066">
      <Execution id="9ba67e60-3822-4ab9-acc5-78e670f4da71" />
      <TestMethod codeBase="C:\Projekty\xUnitTestProject\bin\Debug\netcoreapp3.1\xUnitTestProject.dll" adapterTypeName="executor://xunit/VsTestRunner2/netcoreapp" className="xUnitTestProject.CurrencyHelperTests" name="FormatToStringTest1000" />
    </UnitTest>
    <UnitTest name="xUnitTestProject.CurrencyHelperTests.FormatToStringTest1000(price: 55030.929183896136, expected: &quot;55030.93 zł&quot;)" storage="c:\projekty\xunittestproject\bin\debug\netcoreapp3.1\xunittestproject.dll" id="8a663fa2-76ee-caf2-967f-999f9c7a5bb3">
      <Execution id="ec13b557-1abc-4652-bea6-a1e3fee3d853" />
      <TestMethod codeBase="C:\Projekty\xUnitTestProject\bin\Debug\netcoreapp3.1\xUnitTestProject.dll" adapterTypeName="executor://xunit/VsTestRunner2/netcoreapp" className="xUnitTestProject.CurrencyHelperTests" name="FormatToStringTest1000" />
    </UnitTest>
    <UnitTest name="xUnitTestProject.CurrencyHelperTests.FormatToStringTest1000(price: 49256.65708813195, expected: &quot;49256.66 zł&quot;)" storage="c:\projekty\xunittestproject\bin\debug\netcoreapp3.1\xunittestproject.dll" id="53a23bf0-6e98-cb61-d489-afed97d56bcf">
      <Execution id="21c7b2a7-4a76-4d98-968b-13c02a779954" />
      <TestMethod codeBase="C:\Projekty\xUnitTestProject\bin\Debug\netcoreapp3.1\xUnitTestProject.dll" adapterTypeName="executor://xunit/VsTestRunner2/netcoreapp" className="xUnitTestProject.CurrencyHelperTests" name="FormatToStringTest1000" />
    </UnitTest>
    <UnitTest name="xUnitTestProject.CurrencyHelperTests.FormatToStringTest1000(price: 37561.969571757116, expected: &quot;37561.97 zł&quot;)" storage="c:\projekty\xunittestproject\bin\debug\netcoreapp3.1\xunittestproject.dll" id="c6af2688-b6d7-1499-ef57-908aefcce6dc">
      <Execution id="da9f907e-148f-4f7e-b8e2-d50cc182e1d9" />
      <TestMethod codeBase="C:\Projekty\xUnitTestProject\bin\Debug\netcoreapp3.1\xUnitTestProject.dll" adapterTypeName="executor://xunit/VsTestRunner2/netcoreapp" className="xUnitTestProject.CurrencyHelperTests" name="FormatToStringTest1000" />
    </UnitTest>
    <UnitTest name="xUnitTestProject.CurrencyHelperTests.FormatToStringTest1000(price: 22459.530444447664, expected: &quot;22459.53 zł&quot;)" storage="c:\projekty\xunittestproject\bin\debug\netcoreapp3.1\xunittestproject.dll" id="2ff6532c-932c-742b-a63d-f74c12776c60">
      <Execution id="07ab6e2d-1151-489c-b73b-ed81961c0fcc" />
      <TestMethod codeBase="C:\Projekty\xUnitTestProject\bin\Debug\netcoreapp3.1\xUnitTestProject.dll" adapterTypeName="executor://xunit/VsTestRunner2/netcoreapp" className="xUnitTestProject.CurrencyHelperTests" name="FormatToStringTest1000" />
    </UnitTest>
    <UnitTest name="xUnitTestProject.CurrencyHelperTests.FormatToStringTest1000(price: 16282.687804925576, expected: &quot;16282.69 zł&quot;)" storage="c:\projekty\xunittestproject\bin\debug\netcoreapp3.1\xunittestproject.dll" id="ae81390e-96a7-cf30-3a99-7ea7ca8436a2">
      <Execution id="634ebd9e-d8c7-4e89-bb66-f8aeb3b0873a" />
      <TestMethod codeBase="C:\Projekty\xUnitTestProject\bin\Debug\netcoreapp3.1\xUnitTestProject.dll" adapterTypeName="executor://xunit/VsTestRunner2/netcoreapp" className="xUnitTestProject.CurrencyHelperTests" name="FormatToStringTest1000" />
    </UnitTest>
    <UnitTest name="xUnitTestProject.CurrencyHelperTests.FormatToStringTest1000(price: 28192.949128067565, expected: &quot;28192.95 zł&quot;)" storage="c:\projekty\xunittestproject\bin\debug\netcoreapp3.1\xunittestproject.dll" id="c85737d8-c8f4-a23c-9c62-4ed60400843c">
      <Execution id="42a0516c-9585-4b10-83b9-18bafd91d8a6" />
      <TestMethod codeBase="C:\Projekty\xUnitTestProject\bin\Debug\netcoreapp3.1\xUnitTestProject.dll" adapterTypeName="executor://xunit/VsTestRunner2/netcoreapp" className="xUnitTestProject.CurrencyHelperTests" name="FormatToStringTest1000" />
    </UnitTest>
    <UnitTest name="xUnitTestProject.CurrencyHelperTests.FormatToStringTest1000(price: 8211.920994553679, expected: &quot;8211.92 zł&quot;)" storage="c:\projekty\xunittestproject\bin\debug\netcoreapp3.1\xunittestproject.dll" id="055fec57-4e1c-11c8-a858-911643af23bd">
      <Execution id="a92d86ff-1d59-4b82-bd16-4edd34476896" />
      <TestMethod codeBase="C:\Projekty\xUnitTestProject\bin\Debug\netcoreapp3.1\xUnitTestProject.dll" adapterTypeName="executor://xunit/VsTestRunner2/netcoreapp" className="xUnitTestProject.CurrencyHelperTests" name="FormatToStringTest1000" />
    </UnitTest>
    <UnitTest name="xUnitTestProject.CurrencyHelperTests.FormatToStringTest1000(price: 55303.17220895699, expected: &quot;55303.17 zł&quot;)" storage="c:\projekty\xunittestproject\bin\debug\netcoreapp3.1\xunittestproject.dll" id="650f8125-7e62-0be3-dcfc-dc1202eb9625">
      <Execution id="3c01cd13-e6c7-4195-89c2-649ca0ced36b" />
      <TestMethod codeBase="C:\Projekty\xUnitTestProject\bin\Debug\netcoreapp3.1\xUnitTestProject.dll" adapterTypeName="executor://xunit/VsTestRunner2/netcoreapp" className="xUnitTestProject.CurrencyHelperTests" name="FormatToStringTest1000" />
    </UnitTest>
    <UnitTest name="xUnitTestProject.CurrencyHelperTests.FormatToStringTest1000(price: 4636.500544966897, expected: &quot;4636.50 zł&quot;)" storage="c:\projekty\xunittestproject\bin\debug\netcoreapp3.1\xunittestproject.dll" id="af73f199-441a-68ae-4898-efc1663c19b9">
      <Execution id="f1f7e8df-958e-403c-853c-da5e319bc1b1" />
      <TestMethod codeBase="C:\Projekty\xUnitTestProject\bin\Debug\netcoreapp3.1\xUnitTestProject.dll" adapterTypeName="executor://xunit/VsTestRunner2/netcoreapp" className="xUnitTestProject.CurrencyHelperTests" name="FormatToStringTest1000" />
    </UnitTest>
    <UnitTest name="xUnitTestProject.CurrencyHelperTests.FormatToStringTest1000(price: 51300.77891898145, expected: &quot;51300.78 zł&quot;)" storage="c:\projekty\xunittestproject\bin\debug\netcoreapp3.1\xunittestproject.dll" id="1dd0f7bb-be41-1080-f53b-d32cb9d53ae0">
      <Execution id="73343f47-6ee4-4d7a-8242-6a0af4abd18f" />
      <TestMethod codeBase="C:\Projekty\xUnitTestProject\bin\Debug\netcoreapp3.1\xUnitTestProject.dll" adapterTypeName="executor://xunit/VsTestRunner2/netcoreapp" className="xUnitTestProject.CurrencyHelperTests" name="FormatToStringTest1000" />
    </UnitTest>
    <UnitTest name="xUnitTestProject.CurrencyHelperTests.FormatToStringTest1000(price: 18627.604896394354, expected: &quot;18627.60 zł&quot;)" storage="c:\projekty\xunittestproject\bin\debug\netcoreapp3.1\xunittestproject.dll" id="9c810ece-be18-f9ed-3cc8-f43cbbe8d789">
      <Execution id="5eb71e35-17ef-4601-8d9e-451791e2c250" />
      <TestMethod codeBase="C:\Projekty\xUnitTestProject\bin\Debug\netcoreapp3.1\xUnitTestProject.dll" adapterTypeName="executor://xunit/VsTestRunner2/netcoreapp" className="xUnitTestProject.CurrencyHelperTests" name="FormatToStringTest1000" />
    </UnitTest>
    <UnitTest name="xUnitTestProject.CurrencyHelperTests.FormatToStringTest1000(price: 6352.983758103561, expected: &quot;6352.98 zł&quot;)" storage="c:\projekty\xunittestproject\bin\debug\netcoreapp3.1\xunittestproject.dll" id="a815ca81-3cc8-5bb5-3df9-88bef0e0f650">
      <Execution id="fff51839-a695-4105-9e76-e8862580efc2" />
      <TestMethod codeBase="C:\Projekty\xUnitTestProject\bin\Debug\netcoreapp3.1\xUnitTestProject.dll" adapterTypeName="executor://xunit/VsTestRunner2/netcoreapp" className="xUnitTestProject.CurrencyHelperTests" name="FormatToStringTest1000" />
    </UnitTest>
    <UnitTest name="xUnitTestProject.CurrencyHelperTests.FormatToStringTest1000(price: 11871.427211910219, expected: &quot;11871.43 zł&quot;)" storage="c:\projekty\xunittestproject\bin\debug\netcoreapp3.1\xunittestproject.dll" id="cb98657e-ea81-1d6a-4868-0d493c1098f6">
      <Execution id="0c14085b-6b33-432d-a136-a0303fdb651b" />
      <TestMethod codeBase="C:\Projekty\xUnitTestProject\bin\Debug\netcoreapp3.1\xUnitTestProject.dll" adapterTypeName="executor://xunit/VsTestRunner2/netcoreapp" className="xUnitTestProject.CurrencyHelperTests" name="FormatToStringTest1000" />
    </UnitTest>
    <UnitTest name="xUnitTestProject.CurrencyHelperTests.FormatToStringTest1000(price: 10914.360814625099, expected: &quot;10914.36 zł&quot;)" storage="c:\projekty\xunittestproject\bin\debug\netcoreapp3.1\xunittestproject.dll" id="fbdffebc-5b1f-3fc0-8f3a-0ed85a2faf6a">
      <Execution id="05ccddd8-362a-4bd3-8ef6-65f629021551" />
      <TestMethod codeBase="C:\Projekty\xUnitTestProject\bin\Debug\netcoreapp3.1\xUnitTestProject.dll" adapterTypeName="executor://xunit/VsTestRunner2/netcoreapp" className="xUnitTestProject.CurrencyHelperTests" name="FormatToStringTest1000" />
    </UnitTest>
    <UnitTest name="xUnitTestProject.CurrencyHelperTests.FormatToStringTest1000(price: 743.047944508981, expected: &quot;743.05 zł&quot;)" storage="c:\projekty\xunittestproject\bin\debug\netcoreapp3.1\xunittestproject.dll" id="5c64f629-e66f-8e20-9c2d-0a7cb867d56d">
      <Execution id="205e9f7d-ad62-4cde-8597-6a15b2ab61d0" />
      <TestMethod codeBase="C:\Projekty\xUnitTestProject\bin\Debug\netcoreapp3.1\xUnitTestProject.dll" adapterTypeName="executor://xunit/VsTestRunner2/netcoreapp" className="xUnitTestProject.CurrencyHelperTests" name="FormatToStringTest1000" />
    </UnitTest>
    <UnitTest name="xUnitTestProject.CurrencyHelperTests.FormatToStringTest1000(price: 7975.276658828965, expected: &quot;7975.28 zł&quot;)" storage="c:\projekty\xunittestproject\bin\debug\netcoreapp3.1\xunittestproject.dll" id="1f1eef69-3a21-cd3d-3a5f-46efeda6ab38">
      <Execution id="3ad25011-d89a-4175-9d54-ad289d12458c" />
      <TestMethod codeBase="C:\Projekty\xUnitTestProject\bin\Debug\netcoreapp3.1\xUnitTestProject.dll" adapterTypeName="executor://xunit/VsTestRunner2/netcoreapp" className="xUnitTestProject.CurrencyHelperTests" name="FormatToStringTest1000" />
    </UnitTest>
    <UnitTest name="xUnitTestProject.CurrencyHelperTests.FormatToStringTest1000(price: 3131.5022711732904, expected: &quot;3131.50 zł&quot;)" storage="c:\projekty\xunittestproject\bin\debug\netcoreapp3.1\xunittestproject.dll" id="0875efbb-c25e-506a-0639-785cadf1bec9">
      <Execution id="d792e7d5-5dd2-4c74-a2e3-8c461d3c1b2b" />
      <TestMethod codeBase="C:\Projekty\xUnitTestProject\bin\Debug\netcoreapp3.1\xUnitTestProject.dll" adapterTypeName="executor://xunit/VsTestRunner2/netcoreapp" className="xUnitTestProject.CurrencyHelperTests" name="FormatToStringTest1000" />
    </UnitTest>
    <UnitTest name="xUnitTestProject.CurrencyHelperTests.FormatToStringTest1000(price: 36969.98585167247, expected: &quot;36969.99 zł&quot;)" storage="c:\projekty\xunittestproject\bin\debug\netcoreapp3.1\xunittestproject.dll" id="b093b261-89e9-1453-0b15-6960031e6c14">
      <Execution id="3c8e3d24-9c21-4dbd-b392-088a4e12922d" />
      <TestMethod codeBase="C:\Projekty\xUnitTestProject\bin\Debug\netcoreapp3.1\xUnitTestProject.dll" adapterTypeName="executor://xunit/VsTestRunner2/netcoreapp" className="xUnitTestProject.CurrencyHelperTests" name="FormatToStringTest1000" />
    </UnitTest>
    <UnitTest name="xUnitTestProject.CurrencyHelperTests.FormatToStringTest1000(price: 54304.07738935393, expected: &quot;54304.08 zł&quot;)" storage="c:\projekty\xunittestproject\bin\debug\netcoreapp3.1\xunittestproject.dll" id="6df0d294-6a13-f132-5a30-674e429b0930">
      <Execution id="b7746a67-af7f-4e2b-a635-5a18cd2c8fd3" />
      <TestMethod codeBase="C:\Projekty\xUnitTestProject\bin\Debug\netcoreapp3.1\xUnitTestProject.dll" adapterTypeName="executor://xunit/VsTestRunner2/netcoreapp" className="xUnitTestProject.CurrencyHelperTests" name="FormatToStringTest1000" />
    </UnitTest>
    <UnitTest name="xUnitTestProject.CurrencyHelperTests.FormatToStringTest1000(price: 46166.38051381259, expected: &quot;46166.38 zł&quot;)" storage="c:\projekty\xunittestproject\bin\debug\netcoreapp3.1\xunittestproject.dll" id="14379ebb-9dd5-379e-3072-3bfd6770d049">
      <Execution id="8f338196-0219-4d4d-9803-b5d1e9f964f7" />
      <TestMethod codeBase="C:\Projekty\xUnitTestProject\bin\Debug\netcoreapp3.1\xUnitTestProject.dll" adapterTypeName="executor://xunit/VsTestRunner2/netcoreapp" className="xUnitTestProject.CurrencyHelperTests" name="FormatToStringTest1000" />
    </UnitTest>
    <UnitTest name="xUnitTestProject.CurrencyHelperTests.FormatToStringTest1000(price: 39178.05988345298, expected: &quot;39178.06 zł&quot;)" storage="c:\projekty\xunittestproject\bin\debug\netcoreapp3.1\xunittestproject.dll" id="9e735874-97ea-8ca0-11c8-94ac42e81acc">
      <Execution id="a574dca2-d736-4d5a-bb90-388c46adf64e" />
      <TestMethod codeBase="C:\Projekty\xUnitTestProject\bin\Debug\netcoreapp3.1\xUnitTestProject.dll" adapterTypeName="executor://xunit/VsTestRunner2/netcoreapp" className="xUnitTestProject.CurrencyHelperTests" name="FormatToStringTest1000" />
    </UnitTest>
    <UnitTest name="xUnitTestProject.CurrencyHelperTests.FormatToStringTest1000(price: 96.75594581512546, expected: &quot;96.76 zł&quot;)" storage="c:\projekty\xunittestproject\bin\debug\netcoreapp3.1\xunittestproject.dll" id="241187d4-ddc3-99e8-1041-3b3411c6c907">
      <Execution id="09a15eb5-3e16-4a40-9424-1dcc15692602" />
      <TestMethod codeBase="C:\Projekty\xUnitTestProject\bin\Debug\netcoreapp3.1\xUnitTestProject.dll" adapterTypeName="executor://xunit/VsTestRunner2/netcoreapp" className="xUnitTestProject.CurrencyHelperTests" name="FormatToStringTest1000" />
    </UnitTest>
    <UnitTest name="xUnitTestProject.CurrencyHelperTests.FormatToStringTest1000(price: 72905.64834432845, expected: &quot;72905.65 zł&quot;)" storage="c:\projekty\xunittestproject\bin\debug\netcoreapp3.1\xunittestproject.dll" id="d99ced1b-9ef8-b735-4a70-4562dc79a9d0">
      <Execution id="2149a26e-8a28-4431-a78c-858034f8859d" />
      <TestMethod codeBase="C:\Projekty\xUnitTestProject\bin\Debug\netcoreapp3.1\xUnitTestProject.dll" adapterTypeName="executor://xunit/VsTestRunner2/netcoreapp" className="xUnitTestProject.CurrencyHelperTests" name="FormatToStringTest1000" />
    </UnitTest>
    <UnitTest name="xUnitTestProject.CurrencyHelperTests.FormatToStringTest1000(price: 22248.263319677797, expected: &quot;22248.26 zł&quot;)" storage="c:\projekty\xunittestproject\bin\debug\netcoreapp3.1\xunittestproject.dll" id="33ba7c37-d825-e74e-e294-1a6f561fb224">
      <Execution id="ebeaf90c-8b82-4939-9ecf-956d11d959a5" />
      <TestMethod codeBase="C:\Projekty\xUnitTestProject\bin\Debug\netcoreapp3.1\xUnitTestProject.dll" adapterTypeName="executor://xunit/VsTestRunner2/netcoreapp" className="xUnitTestProject.CurrencyHelperTests" name="FormatToStringTest1000" />
    </UnitTest>
    <UnitTest name="xUnitTestProject.CurrencyHelperTests.FormatToStringTest1000(price: 26215.613055301183, expected: &quot;26215.61 zł&quot;)" storage="c:\projekty\xunittestproject\bin\debug\netcoreapp3.1\xunittestproject.dll" id="4753ba69-a929-b55c-7853-51519ca51301">
      <Execution id="f6b58a57-fffa-4ede-a295-c59c077c3c67" />
      <TestMethod codeBase="C:\Projekty\xUnitTestProject\bin\Debug\netcoreapp3.1\xUnitTestProject.dll" adapterTypeName="executor://xunit/VsTestRunner2/netcoreapp" className="xUnitTestProject.CurrencyHelperTests" name="FormatToStringTest1000" />
    </UnitTest>
    <UnitTest name="xUnitTestProject.CurrencyHelperTests.FormatToStringTest1000(price: 96022.24851977557, expected: &quot;96022.25 zł&quot;)" storage="c:\projekty\xunittestproject\bin\debug\netcoreapp3.1\xunittestproject.dll" id="c5e43cdb-d4c3-3c40-9593-aad9b5ca8f95">
      <Execution id="982234a9-f87f-4193-8f88-f6123584823f" />
      <TestMethod codeBase="C:\Projekty\xUnitTestProject\bin\Debug\netcoreapp3.1\xUnitTestProject.dll" adapterTypeName="executor://xunit/VsTestRunner2/netcoreapp" className="xUnitTestProject.CurrencyHelperTests" name="FormatToStringTest1000" />
    </UnitTest>
    <UnitTest name="xUnitTestProject.CurrencyHelperTests.FormatToStringTest1000(price: 9754.291367935619, expected: &quot;9754.29 zł&quot;)" storage="c:\projekty\xunittestproject\bin\debug\netcoreapp3.1\xunittestproject.dll" id="bc7abd1f-cc07-f32a-8331-b644dd93f120">
      <Execution id="fb7e7b98-718b-4b84-a779-80bb07dff7c9" />
      <TestMethod codeBase="C:\Projekty\xUnitTestProject\bin\Debug\netcoreapp3.1\xUnitTestProject.dll" adapterTypeName="executor://xunit/VsTestRunner2/netcoreapp" className="xUnitTestProject.CurrencyHelperTests" name="FormatToStringTest1000" />
    </UnitTest>
    <UnitTest name="xUnitTestProject.CurrencyHelperTests.FormatToStringTest1000(price: 18424.864078561244, expected: &quot;18424.86 zł&quot;)" storage="c:\projekty\xunittestproject\bin\debug\netcoreapp3.1\xunittestproject.dll" id="0eb2cf4b-202a-2f21-374f-50b4b3adc607">
      <Execution id="a5f86b46-674c-4779-9ddc-9995a597db7c" />
      <TestMethod codeBase="C:\Projekty\xUnitTestProject\bin\Debug\netcoreapp3.1\xUnitTestProject.dll" adapterTypeName="executor://xunit/VsTestRunner2/netcoreapp" className="xUnitTestProject.CurrencyHelperTests" name="FormatToStringTest1000" />
    </UnitTest>
    <UnitTest name="xUnitTestProject.CurrencyHelperTests.FormatToStringTest1000(price: 10661.19584154207, expected: &quot;10661.20 zł&quot;)" storage="c:\projekty\xunittestproject\bin\debug\netcoreapp3.1\xunittestproject.dll" id="bc63b05b-4f30-8c10-7b75-77e26fb38256">
      <Execution id="0822fa77-9a6d-49fc-92a3-43cc940135f7" />
      <TestMethod codeBase="C:\Projekty\xUnitTestProject\bin\Debug\netcoreapp3.1\xUnitTestProject.dll" adapterTypeName="executor://xunit/VsTestRunner2/netcoreapp" className="xUnitTestProject.CurrencyHelperTests" name="FormatToStringTest1000" />
    </UnitTest>
    <UnitTest name="xUnitTestProject.CurrencyHelperTests.FormatToStringTest1000(price: 3477.860963622509, expected: &quot;3477.86 zł&quot;)" storage="c:\projekty\xunittestproject\bin\debug\netcoreapp3.1\xunittestproject.dll" id="3b31ccce-844d-e8f4-84db-04ab2e64b9a7">
      <Execution id="b6842fcb-4d13-42ba-8cbf-408617e1d6b2" />
      <TestMethod codeBase="C:\Projekty\xUnitTestProject\bin\Debug\netcoreapp3.1\xUnitTestProject.dll" adapterTypeName="executor://xunit/VsTestRunner2/netcoreapp" className="xUnitTestProject.CurrencyHelperTests" name="FormatToStringTest1000" />
    </UnitTest>
    <UnitTest name="xUnitTestProject.CurrencyHelperTests.FormatToStringTest1000(price: 12831.146874380833, expected: &quot;12831.15 zł&quot;)" storage="c:\projekty\xunittestproject\bin\debug\netcoreapp3.1\xunittestproject.dll" id="1ff2656a-0300-1f06-36b0-2fc677b4ea69">
      <Execution id="989113c3-464a-4056-8fc9-e6da3e456ad2" />
      <TestMethod codeBase="C:\Projekty\xUnitTestProject\bin\Debug\netcoreapp3.1\xUnitTestProject.dll" adapterTypeName="executor://xunit/VsTestRunner2/netcoreapp" className="xUnitTestProject.CurrencyHelperTests" name="FormatToStringTest1000" />
    </UnitTest>
    <UnitTest name="xUnitTestProject.CurrencyHelperTests.FormatToStringTest1000(price: 7951.322730072458, expected: &quot;7951.32 zł&quot;)" storage="c:\projekty\xunittestproject\bin\debug\netcoreapp3.1\xunittestproject.dll" id="5c121ce3-0aab-ab5b-cce0-b7a13bf9bb3a">
      <Execution id="5a40bccb-2b12-42ce-a728-c7f260f6357d" />
      <TestMethod codeBase="C:\Projekty\xUnitTestProject\bin\Debug\netcoreapp3.1\xUnitTestProject.dll" adapterTypeName="executor://xunit/VsTestRunner2/netcoreapp" className="xUnitTestProject.CurrencyHelperTests" name="FormatToStringTest1000" />
    </UnitTest>
    <UnitTest name="xUnitTestProject.CurrencyHelperTests.FormatToStringTest1000(price: 17845.255864087147, expected: &quot;17845.26 zł&quot;)" storage="c:\projekty\xunittestproject\bin\debug\netcoreapp3.1\xunittestproject.dll" id="9e92a3ef-f628-77f3-597e-ab6211795c33">
      <Execution id="44c3416f-55d3-4a97-b610-b3ac6e5e32a2" />
      <TestMethod codeBase="C:\Projekty\xUnitTestProject\bin\Debug\netcoreapp3.1\xUnitTestProject.dll" adapterTypeName="executor://xunit/VsTestRunner2/netcoreapp" className="xUnitTestProject.CurrencyHelperTests" name="FormatToStringTest1000" />
    </UnitTest>
    <UnitTest name="xUnitTestProject.CurrencyHelperTests.FormatToStringTest1000(price: 15669.698889610218, expected: &quot;15669.70 zł&quot;)" storage="c:\projekty\xunittestproject\bin\debug\netcoreapp3.1\xunittestproject.dll" id="5ecde283-9d6a-9ecb-81fe-93b9560f7b73">
      <Execution id="7666fa20-ad23-406a-9ef9-4478bf68477c" />
      <TestMethod codeBase="C:\Projekty\xUnitTestProject\bin\Debug\netcoreapp3.1\xUnitTestProject.dll" adapterTypeName="executor://xunit/VsTestRunner2/netcoreapp" className="xUnitTestProject.CurrencyHelperTests" name="FormatToStringTest1000" />
    </UnitTest>
    <UnitTest name="xUnitTestProject.CurrencyHelperTests.FormatToStringTest1000(price: 5628.028273674672, expected: &quot;5628.03 zł&quot;)" storage="c:\projekty\xunittestproject\bin\debug\netcoreapp3.1\xunittestproject.dll" id="ff088bf9-c4c9-daf8-12f7-40d9669dd362">
      <Execution id="3b03f9e0-162d-4ca4-a9ea-df3327519afc" />
      <TestMethod codeBase="C:\Projekty\xUnitTestProject\bin\Debug\netcoreapp3.1\xUnitTestProject.dll" adapterTypeName="executor://xunit/VsTestRunner2/netcoreapp" className="xUnitTestProject.CurrencyHelperTests" name="FormatToStringTest1000" />
    </UnitTest>
    <UnitTest name="xUnitTestProject.CurrencyHelperTests.FormatToStringTest1000(price: 238.1379397484185, expected: &quot;238.14 zł&quot;)" storage="c:\projekty\xunittestproject\bin\debug\netcoreapp3.1\xunittestproject.dll" id="c7c04760-2233-4819-4eb3-2daf180edff4">
      <Execution id="038be5bc-fbca-4eed-bb21-68d87a47de96" />
      <TestMethod codeBase="C:\Projekty\xUnitTestProject\bin\Debug\netcoreapp3.1\xUnitTestProject.dll" adapterTypeName="executor://xunit/VsTestRunner2/netcoreapp" className="xUnitTestProject.CurrencyHelperTests" name="FormatToStringTest1000" />
    </UnitTest>
    <UnitTest name="xUnitTestProject.CurrencyHelperTests.FormatToStringTest1000(price: 1208.1827589441941, expected: &quot;1208.18 zł&quot;)" storage="c:\projekty\xunittestproject\bin\debug\netcoreapp3.1\xunittestproject.dll" id="814e8347-0675-e46f-9f33-cc6368c1ff3d">
      <Execution id="3d92d93e-2000-4b4d-b134-b0252e726061" />
      <TestMethod codeBase="C:\Projekty\xUnitTestProject\bin\Debug\netcoreapp3.1\xUnitTestProject.dll" adapterTypeName="executor://xunit/VsTestRunner2/netcoreapp" className="xUnitTestProject.CurrencyHelperTests" name="FormatToStringTest1000" />
    </UnitTest>
    <UnitTest name="xUnitTestProject.CurrencyHelperTests.FormatToStringTest1000(price: 1741.3334432818617, expected: &quot;1741.33 zł&quot;)" storage="c:\projekty\xunittestproject\bin\debug\netcoreapp3.1\xunittestproject.dll" id="8027e5d6-d435-5a0d-d99c-2d9218dccb7e">
      <Execution id="79c6780a-df82-43d6-9671-ae28c2fff32a" />
      <TestMethod codeBase="C:\Projekty\xUnitTestProject\bin\Debug\netcoreapp3.1\xUnitTestProject.dll" adapterTypeName="executor://xunit/VsTestRunner2/netcoreapp" className="xUnitTestProject.CurrencyHelperTests" name="FormatToStringTest1000" />
    </UnitTest>
    <UnitTest name="xUnitTestProject.CurrencyHelperTests.FormatToStringTest1000(price: 1482.3501845832682, expected: &quot;1482.35 zł&quot;)" storage="c:\projekty\xunittestproject\bin\debug\netcoreapp3.1\xunittestproject.dll" id="4e988653-eb1d-5757-a9c9-94e533451c54">
      <Execution id="48a8f833-7284-4186-9c38-d6e5f339357a" />
      <TestMethod codeBase="C:\Projekty\xUnitTestProject\bin\Debug\netcoreapp3.1\xUnitTestProject.dll" adapterTypeName="executor://xunit/VsTestRunner2/netcoreapp" className="xUnitTestProject.CurrencyHelperTests" name="FormatToStringTest1000" />
    </UnitTest>
    <UnitTest name="xUnitTestProject.CurrencyHelperTests.FormatToStringTest1000(price: 28992.38363400166, expected: &quot;28992.38 zł&quot;)" storage="c:\projekty\xunittestproject\bin\debug\netcoreapp3.1\xunittestproject.dll" id="a735bc53-5ccf-d2d2-51e4-40be87eec2ab">
      <Execution id="98f665be-f416-49dc-bd38-ea2dc71818f9" />
      <TestMethod codeBase="C:\Projekty\xUnitTestProject\bin\Debug\netcoreapp3.1\xUnitTestProject.dll" adapterTypeName="executor://xunit/VsTestRunner2/netcoreapp" className="xUnitTestProject.CurrencyHelperTests" name="FormatToStringTest1000" />
    </UnitTest>
    <UnitTest name="xUnitTestProject.CurrencyHelperTests.FormatToStringTest1000(price: 13092.45389243609, expected: &quot;13092.45 zł&quot;)" storage="c:\projekty\xunittestproject\bin\debug\netcoreapp3.1\xunittestproject.dll" id="0f785118-4101-2fda-f887-c7a86673e736">
      <Execution id="4166612e-de0e-440e-bd77-c4c125965a90" />
      <TestMethod codeBase="C:\Projekty\xUnitTestProject\bin\Debug\netcoreapp3.1\xUnitTestProject.dll" adapterTypeName="executor://xunit/VsTestRunner2/netcoreapp" className="xUnitTestProject.CurrencyHelperTests" name="FormatToStringTest1000" />
    </UnitTest>
    <UnitTest name="xUnitTestProject.CurrencyHelperTests.FormatToStringTest1000(price: 40035.54711080787, expected: &quot;40035.55 zł&quot;)" storage="c:\projekty\xunittestproject\bin\debug\netcoreapp3.1\xunittestproject.dll" id="45e7282a-ab42-966d-c9cc-b039211e5621">
      <Execution id="744af92d-3edf-4368-a71c-4d2c47ebddb0" />
      <TestMethod codeBase="C:\Projekty\xUnitTestProject\bin\Debug\netcoreapp3.1\xUnitTestProject.dll" adapterTypeName="executor://xunit/VsTestRunner2/netcoreapp" className="xUnitTestProject.CurrencyHelperTests" name="FormatToStringTest1000" />
    </UnitTest>
    <UnitTest name="xUnitTestProject.CurrencyHelperTests.FormatToStringTest1000(price: 25135.10315489727, expected: &quot;25135.10 zł&quot;)" storage="c:\projekty\xunittestproject\bin\debug\netcoreapp3.1\xunittestproject.dll" id="8ba27476-b54b-3c26-c478-bb1e87cb663c">
      <Execution id="1ccaf43f-a2e7-4054-8078-19f9b17e2d17" />
      <TestMethod codeBase="C:\Projekty\xUnitTestProject\bin\Debug\netcoreapp3.1\xUnitTestProject.dll" adapterTypeName="executor://xunit/VsTestRunner2/netcoreapp" className="xUnitTestProject.CurrencyHelperTests" name="FormatToStringTest1000" />
    </UnitTest>
    <UnitTest name="xUnitTestProject.CurrencyHelperTests.FormatToStringTest1000(price: 15861.139287455073, expected: &quot;15861.14 zł&quot;)" storage="c:\projekty\xunittestproject\bin\debug\netcoreapp3.1\xunittestproject.dll" id="9be732dd-ee22-c2df-2aa3-eb082a5b0373">
      <Execution id="16b479f5-03c7-4e5c-b2e2-016ca97de497" />
      <TestMethod codeBase="C:\Projekty\xUnitTestProject\bin\Debug\netcoreapp3.1\xUnitTestProject.dll" adapterTypeName="executor://xunit/VsTestRunner2/netcoreapp" className="xUnitTestProject.CurrencyHelperTests" name="FormatToStringTest1000" />
    </UnitTest>
    <UnitTest name="xUnitTestProject.CurrencyHelperTests.FormatToStringTest1000(price: 1073.195098933389, expected: &quot;1073.20 zł&quot;)" storage="c:\projekty\xunittestproject\bin\debug\netcoreapp3.1\xunittestproject.dll" id="45c93144-7308-3312-8730-30e05720d551">
      <Execution id="ae01172a-dba8-4a53-8a73-ea722ccd3fdf" />
      <TestMethod codeBase="C:\Projekty\xUnitTestProject\bin\Debug\netcoreapp3.1\xUnitTestProject.dll" adapterTypeName="executor://xunit/VsTestRunner2/netcoreapp" className="xUnitTestProject.CurrencyHelperTests" name="FormatToStringTest1000" />
    </UnitTest>
    <UnitTest name="xUnitTestProject.CurrencyHelperTests.FormatToStringTest1000(price: 28583.827618148098, expected: &quot;28583.83 zł&quot;)" storage="c:\projekty\xunittestproject\bin\debug\netcoreapp3.1\xunittestproject.dll" id="020066de-5c14-b477-efe9-293da5e965f0">
      <Execution id="5b2fd515-706a-4440-b45d-1d24fcb15a63" />
      <TestMethod codeBase="C:\Projekty\xUnitTestProject\bin\Debug\netcoreapp3.1\xUnitTestProject.dll" adapterTypeName="executor://xunit/VsTestRunner2/netcoreapp" className="xUnitTestProject.CurrencyHelperTests" name="FormatToStringTest1000" />
    </UnitTest>
    <UnitTest name="xUnitTestProject.CurrencyHelperTests.FormatToStringTest1000(price: 9765.54450809748, expected: &quot;9765.54 zł&quot;)" storage="c:\projekty\xunittestproject\bin\debug\netcoreapp3.1\xunittestproject.dll" id="3f3f2250-01f3-21dd-18d8-8a073a42cac3">
      <Execution id="465186a4-dad1-4fc2-b663-a4ee96d31f1c" />
      <TestMethod codeBase="C:\Projekty\xUnitTestProject\bin\Debug\netcoreapp3.1\xUnitTestProject.dll" adapterTypeName="executor://xunit/VsTestRunner2/netcoreapp" className="xUnitTestProject.CurrencyHelperTests" name="FormatToStringTest1000" />
    </UnitTest>
    <UnitTest name="xUnitTestProject.CurrencyHelperTests.FormatToStringTest1000(price: 626.135364110179, expected: &quot;626.14 zł&quot;)" storage="c:\projekty\xunittestproject\bin\debug\netcoreapp3.1\xunittestproject.dll" id="369e9363-5592-8231-38fe-e3c32cfca4c4">
      <Execution id="87d56941-547c-4088-9e4f-a6da40e16a26" />
      <TestMethod codeBase="C:\Projekty\xUnitTestProject\bin\Debug\netcoreapp3.1\xUnitTestProject.dll" adapterTypeName="executor://xunit/VsTestRunner2/netcoreapp" className="xUnitTestProject.CurrencyHelperTests" name="FormatToStringTest1000" />
    </UnitTest>
    <UnitTest name="xUnitTestProject.CurrencyHelperTests.FormatToStringTest1000(price: 10495.622655484185, expected: &quot;10495.62 zł&quot;)" storage="c:\projekty\xunittestproject\bin\debug\netcoreapp3.1\xunittestproject.dll" id="4608b597-f016-aaeb-6cec-43c6a698815f">
      <Execution id="f61d6b77-f706-412c-b318-855c531db552" />
      <TestMethod codeBase="C:\Projekty\xUnitTestProject\bin\Debug\netcoreapp3.1\xUnitTestProject.dll" adapterTypeName="executor://xunit/VsTestRunner2/netcoreapp" className="xUnitTestProject.CurrencyHelperTests" name="FormatToStringTest1000" />
    </UnitTest>
    <UnitTest name="xUnitTestProject.CurrencyHelperTests.FormatToStringTest1000(price: 286.92120604539343, expected: &quot;286.92 zł&quot;)" storage="c:\projekty\xunittestproject\bin\debug\netcoreapp3.1\xunittestproject.dll" id="83514fd2-fce2-f5cf-b4b1-7b2bd8509222">
      <Execution id="f6df61ae-a567-43f5-885e-9cf1512870eb" />
      <TestMethod codeBase="C:\Projekty\xUnitTestProject\bin\Debug\netcoreapp3.1\xUnitTestProject.dll" adapterTypeName="executor://xunit/VsTestRunner2/netcoreapp" className="xUnitTestProject.CurrencyHelperTests" name="FormatToStringTest1000" />
    </UnitTest>
    <UnitTest name="xUnitTestProject.CurrencyHelperTests.FormatToStringTest1000(price: 22666.13578912995, expected: &quot;22666.14 zł&quot;)" storage="c:\projekty\xunittestproject\bin\debug\netcoreapp3.1\xunittestproject.dll" id="cff23f42-1941-5ae0-6937-50ea8e98f70a">
      <Execution id="a635164e-c770-4124-8d65-8bd5cb48269a" />
      <TestMethod codeBase="C:\Projekty\xUnitTestProject\bin\Debug\netcoreapp3.1\xUnitTestProject.dll" adapterTypeName="executor://xunit/VsTestRunner2/netcoreapp" className="xUnitTestProject.CurrencyHelperTests" name="FormatToStringTest1000" />
    </UnitTest>
    <UnitTest name="xUnitTestProject.CurrencyHelperTests.FormatToStringTest1000(price: 12429.698213906819, expected: &quot;12429.70 zł&quot;)" storage="c:\projekty\xunittestproject\bin\debug\netcoreapp3.1\xunittestproject.dll" id="fe704e3e-6170-ffae-ef99-e24643abf4f9">
      <Execution id="76fe10a6-426b-4d74-838c-a243c923971c" />
      <TestMethod codeBase="C:\Projekty\xUnitTestProject\bin\Debug\netcoreapp3.1\xUnitTestProject.dll" adapterTypeName="executor://xunit/VsTestRunner2/netcoreapp" className="xUnitTestProject.CurrencyHelperTests" name="FormatToStringTest1000" />
    </UnitTest>
    <UnitTest name="xUnitTestProject.CurrencyHelperTests.FormatToStringTest1000(price: 21281.64584727662, expected: &quot;21281.65 zł&quot;)" storage="c:\projekty\xunittestproject\bin\debug\netcoreapp3.1\xunittestproject.dll" id="80f5a640-ad10-06cf-9198-39d7a4c7c709">
      <Execution id="1d5b99a6-4eb5-492b-93c6-1b24ebda05c6" />
      <TestMethod codeBase="C:\Projekty\xUnitTestProject\bin\Debug\netcoreapp3.1\xUnitTestProject.dll" adapterTypeName="executor://xunit/VsTestRunner2/netcoreapp" className="xUnitTestProject.CurrencyHelperTests" name="FormatToStringTest1000" />
    </UnitTest>
    <UnitTest name="xUnitTestProject.CurrencyHelperTests.FormatToStringTest1000(price: 6665.405372488035, expected: &quot;6665.41 zł&quot;)" storage="c:\projekty\xunittestproject\bin\debug\netcoreapp3.1\xunittestproject.dll" id="1b17bc60-8954-8c6a-08e7-e6fe2f215cc6">
      <Execution id="b888471a-b221-4a37-8ead-f269181db778" />
      <TestMethod codeBase="C:\Projekty\xUnitTestProject\bin\Debug\netcoreapp3.1\xUnitTestProject.dll" adapterTypeName="executor://xunit/VsTestRunner2/netcoreapp" className="xUnitTestProject.CurrencyHelperTests" name="FormatToStringTest1000" />
    </UnitTest>
    <UnitTest name="xUnitTestProject.CurrencyHelperTests.FormatToStringTest1000(price: 26515.80237687929, expected: &quot;26515.80 zł&quot;)" storage="c:\projekty\xunittestproject\bin\debug\netcoreapp3.1\xunittestproject.dll" id="0a42a686-a011-6952-a95e-fae33dbe0b19">
      <Execution id="8bebabde-fc02-4e3d-a79a-54e23c66720b" />
      <TestMethod codeBase="C:\Projekty\xUnitTestProject\bin\Debug\netcoreapp3.1\xUnitTestProject.dll" adapterTypeName="executor://xunit/VsTestRunner2/netcoreapp" className="xUnitTestProject.CurrencyHelperTests" name="FormatToStringTest1000" />
    </UnitTest>
    <UnitTest name="xUnitTestProject.CurrencyHelperTests.FormatToStringTest1000(price: 964.9678631783313, expected: &quot;964.97 zł&quot;)" storage="c:\projekty\xunittestproject\bin\debug\netcoreapp3.1\xunittestproject.dll" id="6741f227-11b2-eae5-6fc9-c96d18a30eb3">
      <Execution id="b7b152aa-0b0a-4ca7-8674-50e06b30cad1" />
      <TestMethod codeBase="C:\Projekty\xUnitTestProject\bin\Debug\netcoreapp3.1\xUnitTestProject.dll" adapterTypeName="executor://xunit/VsTestRunner2/netcoreapp" className="xUnitTestProject.CurrencyHelperTests" name="FormatToStringTest1000" />
    </UnitTest>
    <UnitTest name="xUnitTestProject.CurrencyHelperTests.FormatToStringTest1000(price: 32863.31705269558, expected: &quot;32863.32 zł&quot;)" storage="c:\projekty\xunittestproject\bin\debug\netcoreapp3.1\xunittestproject.dll" id="fb80c2cc-1ba4-25ca-1501-33134270fed0">
      <Execution id="492ad4b9-7a6d-494a-8f43-018a117fad77" />
      <TestMethod codeBase="C:\Projekty\xUnitTestProject\bin\Debug\netcoreapp3.1\xUnitTestProject.dll" adapterTypeName="executor://xunit/VsTestRunner2/netcoreapp" className="xUnitTestProject.CurrencyHelperTests" name="FormatToStringTest1000" />
    </UnitTest>
    <UnitTest name="xUnitTestProject.CurrencyHelperTests.FormatToStringTest1000(price: 13844.577623300524, expected: &quot;13844.58 zł&quot;)" storage="c:\projekty\xunittestproject\bin\debug\netcoreapp3.1\xunittestproject.dll" id="2b440940-2efe-cdba-d4a2-2746340ee3bc">
      <Execution id="11bb0d77-753a-4c17-a574-1012eb5c97ea" />
      <TestMethod codeBase="C:\Projekty\xUnitTestProject\bin\Debug\netcoreapp3.1\xUnitTestProject.dll" adapterTypeName="executor://xunit/VsTestRunner2/netcoreapp" className="xUnitTestProject.CurrencyHelperTests" name="FormatToStringTest1000" />
    </UnitTest>
    <UnitTest name="xUnitTestProject.CurrencyHelperTests.FormatToStringTest1000(price: 1181.5773122979222, expected: &quot;1181.58 zł&quot;)" storage="c:\projekty\xunittestproject\bin\debug\netcoreapp3.1\xunittestproject.dll" id="c212e24b-1c29-9890-50c8-57d6096284d3">
      <Execution id="07a340ca-bd89-44ee-b1fa-7867a1bd76e4" />
      <TestMethod codeBase="C:\Projekty\xUnitTestProject\bin\Debug\netcoreapp3.1\xUnitTestProject.dll" adapterTypeName="executor://xunit/VsTestRunner2/netcoreapp" className="xUnitTestProject.CurrencyHelperTests" name="FormatToStringTest1000" />
    </UnitTest>
    <UnitTest name="xUnitTestProject.CurrencyHelperTests.FormatToStringTest1000(price: 45739.569854490255, expected: &quot;45739.57 zł&quot;)" storage="c:\projekty\xunittestproject\bin\debug\netcoreapp3.1\xunittestproject.dll" id="9f62336d-d2a3-438a-9707-488b6a94c792">
      <Execution id="75840908-82f1-4c02-b19e-e47a27e1fe70" />
      <TestMethod codeBase="C:\Projekty\xUnitTestProject\bin\Debug\netcoreapp3.1\xUnitTestProject.dll" adapterTypeName="executor://xunit/VsTestRunner2/netcoreapp" className="xUnitTestProject.CurrencyHelperTests" name="FormatToStringTest1000" />
    </UnitTest>
    <UnitTest name="xUnitTestProject.CurrencyHelperTests.FormatToStringTest1000(price: 31290.71396233687, expected: &quot;31290.71 zł&quot;)" storage="c:\projekty\xunittestproject\bin\debug\netcoreapp3.1\xunittestproject.dll" id="52dd4d5a-f28a-3449-7987-33dfda351248">
      <Execution id="1f1f3468-45d9-49ae-8531-8f8cb67816f0" />
      <TestMethod codeBase="C:\Projekty\xUnitTestProject\bin\Debug\netcoreapp3.1\xUnitTestProject.dll" adapterTypeName="executor://xunit/VsTestRunner2/netcoreapp" className="xUnitTestProject.CurrencyHelperTests" name="FormatToStringTest1000" />
    </UnitTest>
    <UnitTest name="xUnitTestProject.CurrencyHelperTests.FormatToStringTest1000(price: 57525.72988993569, expected: &quot;57525.73 zł&quot;)" storage="c:\projekty\xunittestproject\bin\debug\netcoreapp3.1\xunittestproject.dll" id="0abcfe7a-76aa-b17b-ee97-af3fbbea9a33">
      <Execution id="74d33169-625b-4198-b318-7855f0cc8714" />
      <TestMethod codeBase="C:\Projekty\xUnitTestProject\bin\Debug\netcoreapp3.1\xUnitTestProject.dll" adapterTypeName="executor://xunit/VsTestRunner2/netcoreapp" className="xUnitTestProject.CurrencyHelperTests" name="FormatToStringTest1000" />
    </UnitTest>
    <UnitTest name="xUnitTestProject.CurrencyHelperTests.FormatToStringTest1000(price: 1963.0091662979728, expected: &quot;1963.01 zł&quot;)" storage="c:\projekty\xunittestproject\bin\debug\netcoreapp3.1\xunittestproject.dll" id="1230a279-f763-f5b9-8b74-e3286d54a1e7">
      <Execution id="a1a52d44-e645-405b-9149-7c4719132db5" />
      <TestMethod codeBase="C:\Projekty\xUnitTestProject\bin\Debug\netcoreapp3.1\xUnitTestProject.dll" adapterTypeName="executor://xunit/VsTestRunner2/netcoreapp" className="xUnitTestProject.CurrencyHelperTests" name="FormatToStringTest1000" />
    </UnitTest>
    <UnitTest name="xUnitTestProject.CurrencyHelperTests.FormatToStringTest1000(price: 70581.91150977784, expected: &quot;70581.91 zł&quot;)" storage="c:\projekty\xunittestproject\bin\debug\netcoreapp3.1\xunittestproject.dll" id="d810e333-5279-6858-6f15-bdf834685746">
      <Execution id="26df713f-1942-4fd6-93bc-bbc6e0372803" />
      <TestMethod codeBase="C:\Projekty\xUnitTestProject\bin\Debug\netcoreapp3.1\xUnitTestProject.dll" adapterTypeName="executor://xunit/VsTestRunner2/netcoreapp" className="xUnitTestProject.CurrencyHelperTests" name="FormatToStringTest1000" />
    </UnitTest>
    <UnitTest name="xUnitTestProject.CurrencyHelperTests.FormatToStringTest1000(price: 28579.14698705503, expected: &quot;28579.15 zł&quot;)" storage="c:\projekty\xunittestproject\bin\debug\netcoreapp3.1\xunittestproject.dll" id="30971562-18c2-709e-97a4-74161badb09c">
      <Execution id="28acd586-a785-4f1e-9c10-226ea7045b20" />
      <TestMethod codeBase="C:\Projekty\xUnitTestProject\bin\Debug\netcoreapp3.1\xUnitTestProject.dll" adapterTypeName="executor://xunit/VsTestRunner2/netcoreapp" className="xUnitTestProject.CurrencyHelperTests" name="FormatToStringTest1000" />
    </UnitTest>
    <UnitTest name="xUnitTestProject.CurrencyHelperTests.FormatToStringTest1000(price: 19783.413847500186, expected: &quot;19783.41 zł&quot;)" storage="c:\projekty\xunittestproject\bin\debug\netcoreapp3.1\xunittestproject.dll" id="c5439243-290e-2a67-aa6b-588710f39fb3">
      <Execution id="13b6b00b-59d7-47b0-9135-188ea7add492" />
      <TestMethod codeBase="C:\Projekty\xUnitTestProject\bin\Debug\netcoreapp3.1\xUnitTestProject.dll" adapterTypeName="executor://xunit/VsTestRunner2/netcoreapp" className="xUnitTestProject.CurrencyHelperTests" name="FormatToStringTest1000" />
    </UnitTest>
    <UnitTest name="xUnitTestProject.CurrencyHelperTests.FormatToStringTest1000(price: 29926.595417457444, expected: &quot;29926.60 zł&quot;)" storage="c:\projekty\xunittestproject\bin\debug\netcoreapp3.1\xunittestproject.dll" id="11729d1c-6c6a-9fce-9d88-8ebfff125cf6">
      <Execution id="0d6c32bc-1b9c-4db3-9eaa-669c8e244303" />
      <TestMethod codeBase="C:\Projekty\xUnitTestProject\bin\Debug\netcoreapp3.1\xUnitTestProject.dll" adapterTypeName="executor://xunit/VsTestRunner2/netcoreapp" className="xUnitTestProject.CurrencyHelperTests" name="FormatToStringTest1000" />
    </UnitTest>
    <UnitTest name="xUnitTestProject.CurrencyHelperTests.FormatToStringTest1000(price: 48084.94422955389, expected: &quot;48084.94 zł&quot;)" storage="c:\projekty\xunittestproject\bin\debug\netcoreapp3.1\xunittestproject.dll" id="5aa929b3-dac1-52ec-e2ea-8e7fca692c42">
      <Execution id="13722bf1-2696-40c3-a36f-36594d4a5d98" />
      <TestMethod codeBase="C:\Projekty\xUnitTestProject\bin\Debug\netcoreapp3.1\xUnitTestProject.dll" adapterTypeName="executor://xunit/VsTestRunner2/netcoreapp" className="xUnitTestProject.CurrencyHelperTests" name="FormatToStringTest1000" />
    </UnitTest>
    <UnitTest name="xUnitTestProject.CurrencyHelperTests.FormatToStringTest1000(price: 75350.77330865282, expected: &quot;75350.77 zł&quot;)" storage="c:\projekty\xunittestproject\bin\debug\netcoreapp3.1\xunittestproject.dll" id="b6db6a04-ac79-c80a-e7d6-d9ff2d42f5f4">
      <Execution id="d96c2f2f-73f2-4d4d-a241-973834a75ad4" />
      <TestMethod codeBase="C:\Projekty\xUnitTestProject\bin\Debug\netcoreapp3.1\xUnitTestProject.dll" adapterTypeName="executor://xunit/VsTestRunner2/netcoreapp" className="xUnitTestProject.CurrencyHelperTests" name="FormatToStringTest1000" />
    </UnitTest>
    <UnitTest name="xUnitTestProject.CurrencyHelperTests.FormatToStringTest1000(price: 8013.1229931903645, expected: &quot;8013.12 zł&quot;)" storage="c:\projekty\xunittestproject\bin\debug\netcoreapp3.1\xunittestproject.dll" id="d995492a-671e-36ff-0d73-ec59a569933d">
      <Execution id="1acbfbb9-4298-439f-be15-a99da334ef48" />
      <TestMethod codeBase="C:\Projekty\xUnitTestProject\bin\Debug\netcoreapp3.1\xUnitTestProject.dll" adapterTypeName="executor://xunit/VsTestRunner2/netcoreapp" className="xUnitTestProject.CurrencyHelperTests" name="FormatToStringTest1000" />
    </UnitTest>
    <UnitTest name="xUnitTestProject.CurrencyHelperTests.FormatToStringTest1000(price: 2423.6182769712145, expected: &quot;2423.62 zł&quot;)" storage="c:\projekty\xunittestproject\bin\debug\netcoreapp3.1\xunittestproject.dll" id="52ac0864-3141-85db-5ec0-9dd50f51b247">
      <Execution id="c8f90562-d7c8-4c85-9c4f-9d99d4e9589a" />
      <TestMethod codeBase="C:\Projekty\xUnitTestProject\bin\Debug\netcoreapp3.1\xUnitTestProject.dll" adapterTypeName="executor://xunit/VsTestRunner2/netcoreapp" className="xUnitTestProject.CurrencyHelperTests" name="FormatToStringTest1000" />
    </UnitTest>
    <UnitTest name="xUnitTestProject.CurrencyHelperTests.FormatToStringTest1000(price: 29474.095826699442, expected: &quot;29474.10 zł&quot;)" storage="c:\projekty\xunittestproject\bin\debug\netcoreapp3.1\xunittestproject.dll" id="8e549758-1d04-7bb3-a187-b61fc529196f">
      <Execution id="7f9d36c1-6afa-4998-8b19-e26c1a19538d" />
      <TestMethod codeBase="C:\Projekty\xUnitTestProject\bin\Debug\netcoreapp3.1\xUnitTestProject.dll" adapterTypeName="executor://xunit/VsTestRunner2/netcoreapp" className="xUnitTestProject.CurrencyHelperTests" name="FormatToStringTest1000" />
    </UnitTest>
    <UnitTest name="xUnitTestProject.CurrencyHelperTests.FormatToStringTest1000(price: 25116.590135570892, expected: &quot;25116.59 zł&quot;)" storage="c:\projekty\xunittestproject\bin\debug\netcoreapp3.1\xunittestproject.dll" id="56913f03-b8f6-5435-d407-8c8e9508f433">
      <Execution id="e48e02c8-5e93-4d66-bcee-8831deb80b21" />
      <TestMethod codeBase="C:\Projekty\xUnitTestProject\bin\Debug\netcoreapp3.1\xUnitTestProject.dll" adapterTypeName="executor://xunit/VsTestRunner2/netcoreapp" className="xUnitTestProject.CurrencyHelperTests" name="FormatToStringTest1000" />
    </UnitTest>
    <UnitTest name="xUnitTestProject.CurrencyHelperTests.FormatToStringTest1000(price: 6752.510462437062, expected: &quot;6752.51 zł&quot;)" storage="c:\projekty\xunittestproject\bin\debug\netcoreapp3.1\xunittestproject.dll" id="3dca0048-5c2b-c7cd-4eca-6367cfc4f1ca">
      <Execution id="39d8f620-0055-46ef-832b-212f9224dc22" />
      <TestMethod codeBase="C:\Projekty\xUnitTestProject\bin\Debug\netcoreapp3.1\xUnitTestProject.dll" adapterTypeName="executor://xunit/VsTestRunner2/netcoreapp" className="xUnitTestProject.CurrencyHelperTests" name="FormatToStringTest1000" />
    </UnitTest>
    <UnitTest name="xUnitTestProject.CurrencyHelperTests.FormatToStringTest1000(price: 10511.7304983189, expected: &quot;10511.73 zł&quot;)" storage="c:\projekty\xunittestproject\bin\debug\netcoreapp3.1\xunittestproject.dll" id="c08a791c-2a2e-8ef9-53c2-680714283837">
      <Execution id="ca9dddbc-d1c1-44b3-80d7-8048cedd1c2e" />
      <TestMethod codeBase="C:\Projekty\xUnitTestProject\bin\Debug\netcoreapp3.1\xUnitTestProject.dll" adapterTypeName="executor://xunit/VsTestRunner2/netcoreapp" className="xUnitTestProject.CurrencyHelperTests" name="FormatToStringTest1000" />
    </UnitTest>
    <UnitTest name="xUnitTestProject.CurrencyHelperTests.FormatToStringTest1000(price: 16161.963229990548, expected: &quot;16161.96 zł&quot;)" storage="c:\projekty\xunittestproject\bin\debug\netcoreapp3.1\xunittestproject.dll" id="5fa53206-edec-8295-28b6-5eb1541e56b6">
      <Execution id="8d8e43f3-777b-4d82-8eab-4b051191c4ec" />
      <TestMethod codeBase="C:\Projekty\xUnitTestProject\bin\Debug\netcoreapp3.1\xUnitTestProject.dll" adapterTypeName="executor://xunit/VsTestRunner2/netcoreapp" className="xUnitTestProject.CurrencyHelperTests" name="FormatToStringTest1000" />
    </UnitTest>
    <UnitTest name="xUnitTestProject.CurrencyHelperTests.FormatToStringTest1000(price: 13323.876109275909, expected: &quot;13323.88 zł&quot;)" storage="c:\projekty\xunittestproject\bin\debug\netcoreapp3.1\xunittestproject.dll" id="a8d731c5-67df-9575-20e2-4e702b3d5817">
      <Execution id="48b7d2a1-9ab2-439c-aeff-4beb75c393b4" />
      <TestMethod codeBase="C:\Projekty\xUnitTestProject\bin\Debug\netcoreapp3.1\xUnitTestProject.dll" adapterTypeName="executor://xunit/VsTestRunner2/netcoreapp" className="xUnitTestProject.CurrencyHelperTests" name="FormatToStringTest1000" />
    </UnitTest>
    <UnitTest name="xUnitTestProject.CurrencyHelperTests.FormatToStringTest1000(price: 50585.83664522778, expected: &quot;50585.84 zł&quot;)" storage="c:\projekty\xunittestproject\bin\debug\netcoreapp3.1\xunittestproject.dll" id="a89532f2-9366-df90-5e03-76517aae2ef6">
      <Execution id="9ac1bdfa-37bd-42e1-96e9-35268efcb40f" />
      <TestMethod codeBase="C:\Projekty\xUnitTestProject\bin\Debug\netcoreapp3.1\xUnitTestProject.dll" adapterTypeName="executor://xunit/VsTestRunner2/netcoreapp" className="xUnitTestProject.CurrencyHelperTests" name="FormatToStringTest1000" />
    </UnitTest>
    <UnitTest name="xUnitTestProject.CurrencyHelperTests.FormatToStringTest1000(price: 10994.251866986162, expected: &quot;10994.25 zł&quot;)" storage="c:\projekty\xunittestproject\bin\debug\netcoreapp3.1\xunittestproject.dll" id="b903f011-25d7-d156-43c9-1974a38b345d">
      <Execution id="2a5f7fa1-3ef5-479d-85d7-cf4a6638c237" />
      <TestMethod codeBase="C:\Projekty\xUnitTestProject\bin\Debug\netcoreapp3.1\xUnitTestProject.dll" adapterTypeName="executor://xunit/VsTestRunner2/netcoreapp" className="xUnitTestProject.CurrencyHelperTests" name="FormatToStringTest1000" />
    </UnitTest>
    <UnitTest name="xUnitTestProject.CurrencyHelperTests.FormatToStringTest1000(price: 545.7016866634142, expected: &quot;545.70 zł&quot;)" storage="c:\projekty\xunittestproject\bin\debug\netcoreapp3.1\xunittestproject.dll" id="63140182-f7a2-6346-fbd9-3f80901df2c9">
      <Execution id="c264c041-c47a-40fa-bef2-502f6d9d60c3" />
      <TestMethod codeBase="C:\Projekty\xUnitTestProject\bin\Debug\netcoreapp3.1\xUnitTestProject.dll" adapterTypeName="executor://xunit/VsTestRunner2/netcoreapp" className="xUnitTestProject.CurrencyHelperTests" name="FormatToStringTest1000" />
    </UnitTest>
    <UnitTest name="xUnitTestProject.CurrencyHelperTests.FormatToStringTest1000(price: 26885.71162707904, expected: &quot;26885.71 zł&quot;)" storage="c:\projekty\xunittestproject\bin\debug\netcoreapp3.1\xunittestproject.dll" id="e6cc0868-2b09-9996-1473-6fd522e2da29">
      <Execution id="8721b191-a7b4-42b6-b91a-cc35ff18fddb" />
      <TestMethod codeBase="C:\Projekty\xUnitTestProject\bin\Debug\netcoreapp3.1\xUnitTestProject.dll" adapterTypeName="executor://xunit/VsTestRunner2/netcoreapp" className="xUnitTestProject.CurrencyHelperTests" name="FormatToStringTest1000" />
    </UnitTest>
    <UnitTest name="xUnitTestProject.CurrencyHelperTests.FormatToStringTest1000(price: 30031.89550569323, expected: &quot;30031.90 zł&quot;)" storage="c:\projekty\xunittestproject\bin\debug\netcoreapp3.1\xunittestproject.dll" id="c5aa0d75-50a2-309f-29ef-6a7a3d1053ab">
      <Execution id="90014828-5e2a-496d-9b23-ecf19a7e5e5d" />
      <TestMethod codeBase="C:\Projekty\xUnitTestProject\bin\Debug\netcoreapp3.1\xUnitTestProject.dll" adapterTypeName="executor://xunit/VsTestRunner2/netcoreapp" className="xUnitTestProject.CurrencyHelperTests" name="FormatToStringTest1000" />
    </UnitTest>
    <UnitTest name="xUnitTestProject.CurrencyHelperTests.FormatToStringTest1000(price: 21893.78889296939, expected: &quot;21893.79 zł&quot;)" storage="c:\projekty\xunittestproject\bin\debug\netcoreapp3.1\xunittestproject.dll" id="a006362c-c876-0d68-dfa7-4b9381a2f95f">
      <Execution id="eb255b13-35a8-4409-a1c7-b12c6cbb5303" />
      <TestMethod codeBase="C:\Projekty\xUnitTestProject\bin\Debug\netcoreapp3.1\xUnitTestProject.dll" adapterTypeName="executor://xunit/VsTestRunner2/netcoreapp" className="xUnitTestProject.CurrencyHelperTests" name="FormatToStringTest1000" />
    </UnitTest>
    <UnitTest name="xUnitTestProject.CurrencyHelperTests.FormatToStringTest1000(price: 759.247198292635, expected: &quot;759.25 zł&quot;)" storage="c:\projekty\xunittestproject\bin\debug\netcoreapp3.1\xunittestproject.dll" id="5c957f35-8133-124f-9f1e-c78d4730fe22">
      <Execution id="b1925447-17bf-4935-b743-3b92b98da794" />
      <TestMethod codeBase="C:\Projekty\xUnitTestProject\bin\Debug\netcoreapp3.1\xUnitTestProject.dll" adapterTypeName="executor://xunit/VsTestRunner2/netcoreapp" className="xUnitTestProject.CurrencyHelperTests" name="FormatToStringTest1000" />
    </UnitTest>
    <UnitTest name="xUnitTestProject.CurrencyHelperTests.FormatToStringTest1000(price: 14459.57059750686, expected: &quot;14459.57 zł&quot;)" storage="c:\projekty\xunittestproject\bin\debug\netcoreapp3.1\xunittestproject.dll" id="4125f8c2-231a-89ba-d149-611a4ab9d212">
      <Execution id="0d204702-10e6-486f-870d-513c39458472" />
      <TestMethod codeBase="C:\Projekty\xUnitTestProject\bin\Debug\netcoreapp3.1\xUnitTestProject.dll" adapterTypeName="executor://xunit/VsTestRunner2/netcoreapp" className="xUnitTestProject.CurrencyHelperTests" name="FormatToStringTest1000" />
    </UnitTest>
    <UnitTest name="xUnitTestProject.CurrencyHelperTests.FormatToStringTest1000(price: 68507.83928906724, expected: &quot;68507.84 zł&quot;)" storage="c:\projekty\xunittestproject\bin\debug\netcoreapp3.1\xunittestproject.dll" id="ec5e31f8-0a43-1c03-8691-e70ecfdbfc69">
      <Execution id="b6440113-42a5-4c2a-93da-7acb547010c2" />
      <TestMethod codeBase="C:\Projekty\xUnitTestProject\bin\Debug\netcoreapp3.1\xUnitTestProject.dll" adapterTypeName="executor://xunit/VsTestRunner2/netcoreapp" className="xUnitTestProject.CurrencyHelperTests" name="FormatToStringTest1000" />
    </UnitTest>
    <UnitTest name="xUnitTestProject.CurrencyHelperTests.FormatToStringTest1000(price: 11157.981051815665, expected: &quot;11157.98 zł&quot;)" storage="c:\projekty\xunittestproject\bin\debug\netcoreapp3.1\xunittestproject.dll" id="6e911663-e259-5040-7b6f-54c63fac8b3c">
      <Execution id="f009a92c-f4cb-4d9a-9f6c-0aa58333b52b" />
      <TestMethod codeBase="C:\Projekty\xUnitTestProject\bin\Debug\netcoreapp3.1\xUnitTestProject.dll" adapterTypeName="executor://xunit/VsTestRunner2/netcoreapp" className="xUnitTestProject.CurrencyHelperTests" name="FormatToStringTest1000" />
    </UnitTest>
    <UnitTest name="xUnitTestProject.CurrencyHelperTests.FormatToStringTest1000(price: 2975.6892256134606, expected: &quot;2975.69 zł&quot;)" storage="c:\projekty\xunittestproject\bin\debug\netcoreapp3.1\xunittestproject.dll" id="186c8c1a-303f-5daa-ee87-7bdde9795321">
      <Execution id="71e64562-c461-4325-be85-7c9fe858165d" />
      <TestMethod codeBase="C:\Projekty\xUnitTestProject\bin\Debug\netcoreapp3.1\xUnitTestProject.dll" adapterTypeName="executor://xunit/VsTestRunner2/netcoreapp" className="xUnitTestProject.CurrencyHelperTests" name="FormatToStringTest1000" />
    </UnitTest>
    <UnitTest name="xUnitTestProject.CurrencyHelperTests.FormatToStringTest1000(price: 1662.8482664818168, expected: &quot;1662.85 zł&quot;)" storage="c:\projekty\xunittestproject\bin\debug\netcoreapp3.1\xunittestproject.dll" id="afbbae00-ce73-0862-4d3c-578f15f46774">
      <Execution id="cd47bb4e-c5a7-4ab1-8891-de0a617ec9a2" />
      <TestMethod codeBase="C:\Projekty\xUnitTestProject\bin\Debug\netcoreapp3.1\xUnitTestProject.dll" adapterTypeName="executor://xunit/VsTestRunner2/netcoreapp" className="xUnitTestProject.CurrencyHelperTests" name="FormatToStringTest1000" />
    </UnitTest>
    <UnitTest name="xUnitTestProject.CurrencyHelperTests.FormatToStringTest1000(price: 1664.7834932994022, expected: &quot;1664.78 zł&quot;)" storage="c:\projekty\xunittestproject\bin\debug\netcoreapp3.1\xunittestproject.dll" id="bcf772d6-bc03-8db6-964e-e43c8f396083">
      <Execution id="02a8bcae-9ca3-40e4-8e37-8efa1ad5e9f1" />
      <TestMethod codeBase="C:\Projekty\xUnitTestProject\bin\Debug\netcoreapp3.1\xUnitTestProject.dll" adapterTypeName="executor://xunit/VsTestRunner2/netcoreapp" className="xUnitTestProject.CurrencyHelperTests" name="FormatToStringTest1000" />
    </UnitTest>
    <UnitTest name="xUnitTestProject.CurrencyHelperTests.FormatToStringTest1000(price: 97129.75160633575, expected: &quot;97129.75 zł&quot;)" storage="c:\projekty\xunittestproject\bin\debug\netcoreapp3.1\xunittestproject.dll" id="2ebec913-cd49-9310-605b-052ec9777212">
      <Execution id="ee826a79-8c7a-4dd7-9a4f-d2af8906e982" />
      <TestMethod codeBase="C:\Projekty\xUnitTestProject\bin\Debug\netcoreapp3.1\xUnitTestProject.dll" adapterTypeName="executor://xunit/VsTestRunner2/netcoreapp" className="xUnitTestProject.CurrencyHelperTests" name="FormatToStringTest1000" />
    </UnitTest>
    <UnitTest name="xUnitTestProject.CurrencyHelperTests.FormatToStringTest1000(price: 36320.770035296104, expected: &quot;36320.77 zł&quot;)" storage="c:\projekty\xunittestproject\bin\debug\netcoreapp3.1\xunittestproject.dll" id="d380f6a1-83cc-0c12-360c-ba81b340bce2">
      <Execution id="61c9e49d-a071-469f-9d9f-b944edd3162e" />
      <TestMethod codeBase="C:\Projekty\xUnitTestProject\bin\Debug\netcoreapp3.1\xUnitTestProject.dll" adapterTypeName="executor://xunit/VsTestRunner2/netcoreapp" className="xUnitTestProject.CurrencyHelperTests" name="FormatToStringTest1000" />
    </UnitTest>
    <UnitTest name="xUnitTestProject.CurrencyHelperTests.FormatToStringTest1000(price: 19519.4298413505, expected: &quot;19519.43 zł&quot;)" storage="c:\projekty\xunittestproject\bin\debug\netcoreapp3.1\xunittestproject.dll" id="c2e7dabf-153e-40d2-4e35-e0a4cdae5b80">
      <Execution id="94d1517f-c3e4-4ee7-baa9-bc0fe4f15561" />
      <TestMethod codeBase="C:\Projekty\xUnitTestProject\bin\Debug\netcoreapp3.1\xUnitTestProject.dll" adapterTypeName="executor://xunit/VsTestRunner2/netcoreapp" className="xUnitTestProject.CurrencyHelperTests" name="FormatToStringTest1000" />
    </UnitTest>
    <UnitTest name="xUnitTestProject.CurrencyHelperTests.FormatToStringTest1000(price: 35065.40267025652, expected: &quot;35065.40 zł&quot;)" storage="c:\projekty\xunittestproject\bin\debug\netcoreapp3.1\xunittestproject.dll" id="0d7a2cf9-13e2-7888-b21b-f6464a19d4c6">
      <Execution id="9c0661ab-586b-4b90-8c2b-188f375720c7" />
      <TestMethod codeBase="C:\Projekty\xUnitTestProject\bin\Debug\netcoreapp3.1\xUnitTestProject.dll" adapterTypeName="executor://xunit/VsTestRunner2/netcoreapp" className="xUnitTestProject.CurrencyHelperTests" name="FormatToStringTest1000" />
    </UnitTest>
    <UnitTest name="xUnitTestProject.CurrencyHelperTests.FormatToStringTest1000(price: 15624.452361264477, expected: &quot;15624.45 zł&quot;)" storage="c:\projekty\xunittestproject\bin\debug\netcoreapp3.1\xunittestproject.dll" id="7f9e1a03-9e41-8ac9-4d40-38aecad4670f">
      <Execution id="ebc618d6-8f72-49d9-9a01-8ec2d5baa813" />
      <TestMethod codeBase="C:\Projekty\xUnitTestProject\bin\Debug\netcoreapp3.1\xUnitTestProject.dll" adapterTypeName="executor://xunit/VsTestRunner2/netcoreapp" className="xUnitTestProject.CurrencyHelperTests" name="FormatToStringTest1000" />
    </UnitTest>
    <UnitTest name="xUnitTestProject.CurrencyHelperTests.FormatToStringTest1000(price: 50956.25028206606, expected: &quot;50956.25 zł&quot;)" storage="c:\projekty\xunittestproject\bin\debug\netcoreapp3.1\xunittestproject.dll" id="3323ac76-0104-2779-2a9d-3f5ae9693296">
      <Execution id="14733550-460b-402e-9eb3-666b0288d244" />
      <TestMethod codeBase="C:\Projekty\xUnitTestProject\bin\Debug\netcoreapp3.1\xUnitTestProject.dll" adapterTypeName="executor://xunit/VsTestRunner2/netcoreapp" className="xUnitTestProject.CurrencyHelperTests" name="FormatToStringTest1000" />
    </UnitTest>
    <UnitTest name="xUnitTestProject.CurrencyHelperTests.FormatToStringTest1000(price: 29975.4018974022, expected: &quot;29975.40 zł&quot;)" storage="c:\projekty\xunittestproject\bin\debug\netcoreapp3.1\xunittestproject.dll" id="df3e2c77-7f8f-57bd-4668-f3110adbfbc8">
      <Execution id="686a62ca-2e69-4f17-9e32-569a1429d72e" />
      <TestMethod codeBase="C:\Projekty\xUnitTestProject\bin\Debug\netcoreapp3.1\xUnitTestProject.dll" adapterTypeName="executor://xunit/VsTestRunner2/netcoreapp" className="xUnitTestProject.CurrencyHelperTests" name="FormatToStringTest1000" />
    </UnitTest>
    <UnitTest name="xUnitTestProject.CurrencyHelperTests.FormatToStringTest1000(price: 72703.4365723503, expected: &quot;72703.44 zł&quot;)" storage="c:\projekty\xunittestproject\bin\debug\netcoreapp3.1\xunittestproject.dll" id="4a9f4574-9113-6c35-d2fa-751a30e86322">
      <Execution id="c7b6f57f-a337-4bd4-8eb7-5c144f08dcdc" />
      <TestMethod codeBase="C:\Projekty\xUnitTestProject\bin\Debug\netcoreapp3.1\xUnitTestProject.dll" adapterTypeName="executor://xunit/VsTestRunner2/netcoreapp" className="xUnitTestProject.CurrencyHelperTests" name="FormatToStringTest1000" />
    </UnitTest>
    <UnitTest name="xUnitTestProject.CurrencyHelperTests.FormatToStringTest1000(price: 31799.68317462815, expected: &quot;31799.68 zł&quot;)" storage="c:\projekty\xunittestproject\bin\debug\netcoreapp3.1\xunittestproject.dll" id="e641957d-86a3-9c73-8dcf-f9374b4233e0">
      <Execution id="6243030b-3bbf-4a7a-a334-5b5ebb2e9e26" />
      <TestMethod codeBase="C:\Projekty\xUnitTestProject\bin\Debug\netcoreapp3.1\xUnitTestProject.dll" adapterTypeName="executor://xunit/VsTestRunner2/netcoreapp" className="xUnitTestProject.CurrencyHelperTests" name="FormatToStringTest1000" />
    </UnitTest>
    <UnitTest name="xUnitTestProject.CurrencyHelperTests.FormatToStringTest1000(price: 13855.30239352505, expected: &quot;13855.30 zł&quot;)" storage="c:\projekty\xunittestproject\bin\debug\netcoreapp3.1\xunittestproject.dll" id="127fb78e-ed01-3534-55cd-9f963056d67f">
      <Execution id="7289b28d-1636-4a65-96ad-a6b687bfc97b" />
      <TestMethod codeBase="C:\Projekty\xUnitTestProject\bin\Debug\netcoreapp3.1\xUnitTestProject.dll" adapterTypeName="executor://xunit/VsTestRunner2/netcoreapp" className="xUnitTestProject.CurrencyHelperTests" name="FormatToStringTest1000" />
    </UnitTest>
    <UnitTest name="xUnitTestProject.CurrencyHelperTests.FormatToStringTest1000(price: 7753.724411372898, expected: &quot;7753.72 zł&quot;)" storage="c:\projekty\xunittestproject\bin\debug\netcoreapp3.1\xunittestproject.dll" id="d702a2a7-0d80-6e33-b0a7-e0e379e29093">
      <Execution id="11ce7f5d-8d14-48b1-82d2-56114d10979a" />
      <TestMethod codeBase="C:\Projekty\xUnitTestProject\bin\Debug\netcoreapp3.1\xUnitTestProject.dll" adapterTypeName="executor://xunit/VsTestRunner2/netcoreapp" className="xUnitTestProject.CurrencyHelperTests" name="FormatToStringTest1000" />
    </UnitTest>
    <UnitTest name="xUnitTestProject.CurrencyHelperTests.FormatToStringTest1000(price: 464.74397441965715, expected: &quot;464.74 zł&quot;)" storage="c:\projekty\xunittestproject\bin\debug\netcoreapp3.1\xunittestproject.dll" id="9dfbdafb-7dbf-f0e8-6265-547cdd24d00d">
      <Execution id="5040c02d-a7ee-49f7-a2a6-d65fbd95ca01" />
      <TestMethod codeBase="C:\Projekty\xUnitTestProject\bin\Debug\netcoreapp3.1\xUnitTestProject.dll" adapterTypeName="executor://xunit/VsTestRunner2/netcoreapp" className="xUnitTestProject.CurrencyHelperTests" name="FormatToStringTest1000" />
    </UnitTest>
    <UnitTest name="xUnitTestProject.CurrencyHelperTests.FormatToStringTest1000(price: 7407.385606687696, expected: &quot;7407.39 zł&quot;)" storage="c:\projekty\xunittestproject\bin\debug\netcoreapp3.1\xunittestproject.dll" id="9cf8eb03-8fbc-6ccc-0fef-ebebfde3ba22">
      <Execution id="ae5dbf46-19c7-481d-bd90-eead0912be6e" />
      <TestMethod codeBase="C:\Projekty\xUnitTestProject\bin\Debug\netcoreapp3.1\xUnitTestProject.dll" adapterTypeName="executor://xunit/VsTestRunner2/netcoreapp" className="xUnitTestProject.CurrencyHelperTests" name="FormatToStringTest1000" />
    </UnitTest>
    <UnitTest name="xUnitTestProject.CurrencyHelperTests.FormatToStringTest1000(price: 30410.68214617003, expected: &quot;30410.68 zł&quot;)" storage="c:\projekty\xunittestproject\bin\debug\netcoreapp3.1\xunittestproject.dll" id="f376fc2f-2ee5-1277-a20e-665c6294e53a">
      <Execution id="bcf2324f-85ab-4c38-ad2f-fbfe2072327c" />
      <TestMethod codeBase="C:\Projekty\xUnitTestProject\bin\Debug\netcoreapp3.1\xUnitTestProject.dll" adapterTypeName="executor://xunit/VsTestRunner2/netcoreapp" className="xUnitTestProject.CurrencyHelperTests" name="FormatToStringTest1000" />
    </UnitTest>
    <UnitTest name="xUnitTestProject.CurrencyHelperTests.FormatToStringTest1000(price: 15080.274618567097, expected: &quot;15080.27 zł&quot;)" storage="c:\projekty\xunittestproject\bin\debug\netcoreapp3.1\xunittestproject.dll" id="217b46ae-53e4-8868-0968-60de7a74b62a">
      <Execution id="dd5ae56e-ab1d-44d8-9d1d-d2b4ebeb1a76" />
      <TestMethod codeBase="C:\Projekty\xUnitTestProject\bin\Debug\netcoreapp3.1\xUnitTestProject.dll" adapterTypeName="executor://xunit/VsTestRunner2/netcoreapp" className="xUnitTestProject.CurrencyHelperTests" name="FormatToStringTest1000" />
    </UnitTest>
    <UnitTest name="xUnitTestProject.CurrencyHelperTests.FormatToStringTest1000(price: 43727.735558145556, expected: &quot;43727.74 zł&quot;)" storage="c:\projekty\xunittestproject\bin\debug\netcoreapp3.1\xunittestproject.dll" id="ff96b5de-94eb-fc99-362b-5102f1ace758">
      <Execution id="4d088044-85c8-4984-9507-033dc532985b" />
      <TestMethod codeBase="C:\Projekty\xUnitTestProject\bin\Debug\netcoreapp3.1\xUnitTestProject.dll" adapterTypeName="executor://xunit/VsTestRunner2/netcoreapp" className="xUnitTestProject.CurrencyHelperTests" name="FormatToStringTest1000" />
    </UnitTest>
    <UnitTest name="xUnitTestProject.CurrencyHelperTests.FormatToStringTest1000(price: 34242.181005260056, expected: &quot;34242.18 zł&quot;)" storage="c:\projekty\xunittestproject\bin\debug\netcoreapp3.1\xunittestproject.dll" id="264c060b-2c06-6e92-2e7b-9f27ddffeba4">
      <Execution id="312e487a-b1c3-48b1-a279-69a010ae46ab" />
      <TestMethod codeBase="C:\Projekty\xUnitTestProject\bin\Debug\netcoreapp3.1\xUnitTestProject.dll" adapterTypeName="executor://xunit/VsTestRunner2/netcoreapp" className="xUnitTestProject.CurrencyHelperTests" name="FormatToStringTest1000" />
    </UnitTest>
    <UnitTest name="xUnitTestProject.CurrencyHelperTests.FormatToStringTest1000(price: 23662.291816162084, expected: &quot;23662.29 zł&quot;)" storage="c:\projekty\xunittestproject\bin\debug\netcoreapp3.1\xunittestproject.dll" id="09f7512b-fcad-449f-b8a9-c32911a23969">
      <Execution id="7e1aaf80-5e73-4add-935f-a4b4eefbf558" />
      <TestMethod codeBase="C:\Projekty\xUnitTestProject\bin\Debug\netcoreapp3.1\xUnitTestProject.dll" adapterTypeName="executor://xunit/VsTestRunner2/netcoreapp" className="xUnitTestProject.CurrencyHelperTests" name="FormatToStringTest1000" />
    </UnitTest>
    <UnitTest name="xUnitTestProject.CurrencyHelperTests.FormatToStringTest1000(price: 22291.653251342315, expected: &quot;22291.65 zł&quot;)" storage="c:\projekty\xunittestproject\bin\debug\netcoreapp3.1\xunittestproject.dll" id="4ffd7804-0b86-b3af-454f-c182dda91ce2">
      <Execution id="86b3da7e-5af1-4fa5-be1c-171c7ae7a35a" />
      <TestMethod codeBase="C:\Projekty\xUnitTestProject\bin\Debug\netcoreapp3.1\xUnitTestProject.dll" adapterTypeName="executor://xunit/VsTestRunner2/netcoreapp" className="xUnitTestProject.CurrencyHelperTests" name="FormatToStringTest1000" />
    </UnitTest>
    <UnitTest name="xUnitTestProject.CurrencyHelperTests.FormatToStringTest1000(price: 1952.6955147062872, expected: &quot;1952.70 zł&quot;)" storage="c:\projekty\xunittestproject\bin\debug\netcoreapp3.1\xunittestproject.dll" id="040e6cf8-8fc7-ca87-38f4-b0a1a8671b45">
      <Execution id="a1725b04-d05d-4512-91c2-8155d2c0090e" />
      <TestMethod codeBase="C:\Projekty\xUnitTestProject\bin\Debug\netcoreapp3.1\xUnitTestProject.dll" adapterTypeName="executor://xunit/VsTestRunner2/netcoreapp" className="xUnitTestProject.CurrencyHelperTests" name="FormatToStringTest1000" />
    </UnitTest>
    <UnitTest name="xUnitTestProject.CurrencyHelperTests.FormatToStringTest1000(price: 49256.47455728635, expected: &quot;49256.47 zł&quot;)" storage="c:\projekty\xunittestproject\bin\debug\netcoreapp3.1\xunittestproject.dll" id="31ad7a80-5373-effd-b719-cfe8b75a74c8">
      <Execution id="7f9e8d16-97de-4fcf-93ee-5c358b7d6a57" />
      <TestMethod codeBase="C:\Projekty\xUnitTestProject\bin\Debug\netcoreapp3.1\xUnitTestProject.dll" adapterTypeName="executor://xunit/VsTestRunner2/netcoreapp" className="xUnitTestProject.CurrencyHelperTests" name="FormatToStringTest1000" />
    </UnitTest>
    <UnitTest name="xUnitTestProject.CurrencyHelperTests.FormatToStringTest1000(price: 75915.01943546813, expected: &quot;75915.02 zł&quot;)" storage="c:\projekty\xunittestproject\bin\debug\netcoreapp3.1\xunittestproject.dll" id="27e54bf1-4aa0-4763-a98b-d50300d50e6c">
      <Execution id="ddc3ee11-bf79-41a6-822b-3216a676e648" />
      <TestMethod codeBase="C:\Projekty\xUnitTestProject\bin\Debug\netcoreapp3.1\xUnitTestProject.dll" adapterTypeName="executor://xunit/VsTestRunner2/netcoreapp" className="xUnitTestProject.CurrencyHelperTests" name="FormatToStringTest1000" />
    </UnitTest>
    <UnitTest name="xUnitTestProject.CurrencyHelperTests.FormatToStringTest1000(price: 75514.58914517732, expected: &quot;75514.59 zł&quot;)" storage="c:\projekty\xunittestproject\bin\debug\netcoreapp3.1\xunittestproject.dll" id="ca756e2d-d5c0-6e03-1ab7-b2045c06d17b">
      <Execution id="f09615dd-3bba-477e-a61a-2ae3ce9d33a9" />
      <TestMethod codeBase="C:\Projekty\xUnitTestProject\bin\Debug\netcoreapp3.1\xUnitTestProject.dll" adapterTypeName="executor://xunit/VsTestRunner2/netcoreapp" className="xUnitTestProject.CurrencyHelperTests" name="FormatToStringTest1000" />
    </UnitTest>
    <UnitTest name="xUnitTestProject.CurrencyHelperTests.FormatToStringTest1000(price: 19796.212103914568, expected: &quot;19796.21 zł&quot;)" storage="c:\projekty\xunittestproject\bin\debug\netcoreapp3.1\xunittestproject.dll" id="eaf0b15c-0fc1-b6e6-caad-e11eeb0c7fda">
      <Execution id="ff3ba190-986d-42fa-85ce-eb4b77a3f837" />
      <TestMethod codeBase="C:\Projekty\xUnitTestProject\bin\Debug\netcoreapp3.1\xUnitTestProject.dll" adapterTypeName="executor://xunit/VsTestRunner2/netcoreapp" className="xUnitTestProject.CurrencyHelperTests" name="FormatToStringTest1000" />
    </UnitTest>
    <UnitTest name="xUnitTestProject.CurrencyHelperTests.FormatToStringTest1000(price: 49672.98901987402, expected: &quot;49672.99 zł&quot;)" storage="c:\projekty\xunittestproject\bin\debug\netcoreapp3.1\xunittestproject.dll" id="17e8adfe-3d5e-8417-3ca9-9ea065f0229b">
      <Execution id="bbe8edae-4eff-4c2c-b330-108fd5457836" />
      <TestMethod codeBase="C:\Projekty\xUnitTestProject\bin\Debug\netcoreapp3.1\xUnitTestProject.dll" adapterTypeName="executor://xunit/VsTestRunner2/netcoreapp" className="xUnitTestProject.CurrencyHelperTests" name="FormatToStringTest1000" />
    </UnitTest>
    <UnitTest name="xUnitTestProject.CurrencyHelperTests.FormatToStringTest1000(price: 56286.70397975702, expected: &quot;56286.70 zł&quot;)" storage="c:\projekty\xunittestproject\bin\debug\netcoreapp3.1\xunittestproject.dll" id="546c163e-77dd-f570-5b52-f67af946e3b9">
      <Execution id="c8c092c9-0160-47c4-9786-6bafc9b97eb1" />
      <TestMethod codeBase="C:\Projekty\xUnitTestProject\bin\Debug\netcoreapp3.1\xUnitTestProject.dll" adapterTypeName="executor://xunit/VsTestRunner2/netcoreapp" className="xUnitTestProject.CurrencyHelperTests" name="FormatToStringTest1000" />
    </UnitTest>
    <UnitTest name="xUnitTestProject.CurrencyHelperTests.FormatToStringTest1000(price: 2835.0728237931958, expected: &quot;2835.07 zł&quot;)" storage="c:\projekty\xunittestproject\bin\debug\netcoreapp3.1\xunittestproject.dll" id="72b4af26-389d-d3a5-e933-0620092c06be">
      <Execution id="9f2a60d2-155a-45a3-bc3f-e84b75567636" />
      <TestMethod codeBase="C:\Projekty\xUnitTestProject\bin\Debug\netcoreapp3.1\xUnitTestProject.dll" adapterTypeName="executor://xunit/VsTestRunner2/netcoreapp" className="xUnitTestProject.CurrencyHelperTests" name="FormatToStringTest1000" />
    </UnitTest>
    <UnitTest name="xUnitTestProject.CurrencyHelperTests.FormatToStringTest1000(price: 941.429400278921, expected: &quot;941.43 zł&quot;)" storage="c:\projekty\xunittestproject\bin\debug\netcoreapp3.1\xunittestproject.dll" id="34d55980-db04-996b-37e3-5ad72dcd15ab">
      <Execution id="8de39da1-8949-46e5-8ab5-a9a8e182ab0a" />
      <TestMethod codeBase="C:\Projekty\xUnitTestProject\bin\Debug\netcoreapp3.1\xUnitTestProject.dll" adapterTypeName="executor://xunit/VsTestRunner2/netcoreapp" className="xUnitTestProject.CurrencyHelperTests" name="FormatToStringTest1000" />
    </UnitTest>
    <UnitTest name="xUnitTestProject.CurrencyHelperTests.FormatToStringTest1000(price: 904.351189922705, expected: &quot;904.35 zł&quot;)" storage="c:\projekty\xunittestproject\bin\debug\netcoreapp3.1\xunittestproject.dll" id="d6b10638-19d7-868a-2152-f7946c6c6899">
      <Execution id="cf4b535f-ff8f-48c7-b2f0-fc920f6e8657" />
      <TestMethod codeBase="C:\Projekty\xUnitTestProject\bin\Debug\netcoreapp3.1\xUnitTestProject.dll" adapterTypeName="executor://xunit/VsTestRunner2/netcoreapp" className="xUnitTestProject.CurrencyHelperTests" name="FormatToStringTest1000" />
    </UnitTest>
    <UnitTest name="xUnitTestProject.CurrencyHelperTests.FormatToStringTest1000(price: 22791.735381432685, expected: &quot;22791.74 zł&quot;)" storage="c:\projekty\xunittestproject\bin\debug\netcoreapp3.1\xunittestproject.dll" id="b07c6436-dbf7-0138-be42-b4b6d3d7e52c">
      <Execution id="69b71d9a-9d11-49c1-8695-4d806bf097d7" />
      <TestMethod codeBase="C:\Projekty\xUnitTestProject\bin\Debug\netcoreapp3.1\xUnitTestProject.dll" adapterTypeName="executor://xunit/VsTestRunner2/netcoreapp" className="xUnitTestProject.CurrencyHelperTests" name="FormatToStringTest1000" />
    </UnitTest>
    <UnitTest name="xUnitTestProject.CurrencyHelperTests.FormatToStringTest1000(price: 765.778932784581, expected: &quot;765.78 zł&quot;)" storage="c:\projekty\xunittestproject\bin\debug\netcoreapp3.1\xunittestproject.dll" id="e97847d9-9bdd-db77-8bd9-477fffb0c503">
      <Execution id="5680ca63-6a19-45c6-ab40-ee6120268cb5" />
      <TestMethod codeBase="C:\Projekty\xUnitTestProject\bin\Debug\netcoreapp3.1\xUnitTestProject.dll" adapterTypeName="executor://xunit/VsTestRunner2/netcoreapp" className="xUnitTestProject.CurrencyHelperTests" name="FormatToStringTest1000" />
    </UnitTest>
    <UnitTest name="xUnitTestProject.CurrencyHelperTests.FormatToStringTest1000(price: 80609.94377465078, expected: &quot;80609.94 zł&quot;)" storage="c:\projekty\xunittestproject\bin\debug\netcoreapp3.1\xunittestproject.dll" id="0514bc2b-5cc4-a04d-717a-fd9efa22f04a">
      <Execution id="50a14f49-ea5a-4b10-bf61-ac1c74852220" />
      <TestMethod codeBase="C:\Projekty\xUnitTestProject\bin\Debug\netcoreapp3.1\xUnitTestProject.dll" adapterTypeName="executor://xunit/VsTestRunner2/netcoreapp" className="xUnitTestProject.CurrencyHelperTests" name="FormatToStringTest1000" />
    </UnitTest>
    <UnitTest name="xUnitTestProject.CurrencyHelperTests.FormatToStringTest1000(price: 30199.386730006612, expected: &quot;30199.39 zł&quot;)" storage="c:\projekty\xunittestproject\bin\debug\netcoreapp3.1\xunittestproject.dll" id="939e1c3f-3bc7-ec75-48fe-8501679b5ff4">
      <Execution id="6902c1f7-dfd2-40fc-bb49-d962e39b20cb" />
      <TestMethod codeBase="C:\Projekty\xUnitTestProject\bin\Debug\netcoreapp3.1\xUnitTestProject.dll" adapterTypeName="executor://xunit/VsTestRunner2/netcoreapp" className="xUnitTestProject.CurrencyHelperTests" name="FormatToStringTest1000" />
    </UnitTest>
    <UnitTest name="xUnitTestProject.CurrencyHelperTests.FormatToStringTest1000(price: 36760.171806480816, expected: &quot;36760.17 zł&quot;)" storage="c:\projekty\xunittestproject\bin\debug\netcoreapp3.1\xunittestproject.dll" id="758b94a4-3e83-213a-e897-268aa753a08f">
      <Execution id="094f3e42-23b1-4389-9dc7-b74048e46491" />
      <TestMethod codeBase="C:\Projekty\xUnitTestProject\bin\Debug\netcoreapp3.1\xUnitTestProject.dll" adapterTypeName="executor://xunit/VsTestRunner2/netcoreapp" className="xUnitTestProject.CurrencyHelperTests" name="FormatToStringTest1000" />
    </UnitTest>
    <UnitTest name="xUnitTestProject.CurrencyHelperTests.FormatToStringTest1000(price: 19085.023282992664, expected: &quot;19085.02 zł&quot;)" storage="c:\projekty\xunittestproject\bin\debug\netcoreapp3.1\xunittestproject.dll" id="48c41a45-a694-6e7a-7100-4b0ce75fbb19">
      <Execution id="2bbc382a-4b58-44b1-a08f-b8712cb388ad" />
      <TestMethod codeBase="C:\Projekty\xUnitTestProject\bin\Debug\netcoreapp3.1\xUnitTestProject.dll" adapterTypeName="executor://xunit/VsTestRunner2/netcoreapp" className="xUnitTestProject.CurrencyHelperTests" name="FormatToStringTest1000" />
    </UnitTest>
    <UnitTest name="xUnitTestProject.CurrencyHelperTests.FormatToStringTest1000(price: 17315.72309779363, expected: &quot;17315.72 zł&quot;)" storage="c:\projekty\xunittestproject\bin\debug\netcoreapp3.1\xunittestproject.dll" id="6b6f1069-86c1-e08a-6926-d89a012b7b47">
      <Execution id="feeb28db-fa3b-4eed-9e94-941be0bca58f" />
      <TestMethod codeBase="C:\Projekty\xUnitTestProject\bin\Debug\netcoreapp3.1\xUnitTestProject.dll" adapterTypeName="executor://xunit/VsTestRunner2/netcoreapp" className="xUnitTestProject.CurrencyHelperTests" name="FormatToStringTest1000" />
    </UnitTest>
    <UnitTest name="xUnitTestProject.CurrencyHelperTests.FormatToStringTest1000(price: 32213.734885384205, expected: &quot;32213.73 zł&quot;)" storage="c:\projekty\xunittestproject\bin\debug\netcoreapp3.1\xunittestproject.dll" id="7c3ffa01-e97c-2ed2-ce73-5d584269f0e2">
      <Execution id="d4ae03c3-ec9b-4d13-a00d-ed1384773960" />
      <TestMethod codeBase="C:\Projekty\xUnitTestProject\bin\Debug\netcoreapp3.1\xUnitTestProject.dll" adapterTypeName="executor://xunit/VsTestRunner2/netcoreapp" className="xUnitTestProject.CurrencyHelperTests" name="FormatToStringTest1000" />
    </UnitTest>
    <UnitTest name="xUnitTestProject.CurrencyHelperTests.FormatToStringTest1000(price: 12903.541202012237, expected: &quot;12903.54 zł&quot;)" storage="c:\projekty\xunittestproject\bin\debug\netcoreapp3.1\xunittestproject.dll" id="a69afd9b-81e8-28e1-2371-18b74a947656">
      <Execution id="f8d4bda4-63d2-45a9-a692-57cc71fe32e8" />
      <TestMethod codeBase="C:\Projekty\xUnitTestProject\bin\Debug\netcoreapp3.1\xUnitTestProject.dll" adapterTypeName="executor://xunit/VsTestRunner2/netcoreapp" className="xUnitTestProject.CurrencyHelperTests" name="FormatToStringTest1000" />
    </UnitTest>
    <UnitTest name="xUnitTestProject.CurrencyHelperTests.FormatToStringTest1000(price: 6266.232005888704, expected: &quot;6266.23 zł&quot;)" storage="c:\projekty\xunittestproject\bin\debug\netcoreapp3.1\xunittestproject.dll" id="d3cdcde5-df28-6c6c-d5ee-263c0a49023a">
      <Execution id="daca564a-24c1-4e7d-823f-16317ef6daec" />
      <TestMethod codeBase="C:\Projekty\xUnitTestProject\bin\Debug\netcoreapp3.1\xUnitTestProject.dll" adapterTypeName="executor://xunit/VsTestRunner2/netcoreapp" className="xUnitTestProject.CurrencyHelperTests" name="FormatToStringTest1000" />
    </UnitTest>
    <UnitTest name="xUnitTestProject.CurrencyHelperTests.FormatToStringTest1000(price: 30071.004434484523, expected: &quot;30071.00 zł&quot;)" storage="c:\projekty\xunittestproject\bin\debug\netcoreapp3.1\xunittestproject.dll" id="ded3a712-fe17-74f4-ce2a-e02d4a5da442">
      <Execution id="b24d31ad-da5e-475f-83ae-4db3d5e1e466" />
      <TestMethod codeBase="C:\Projekty\xUnitTestProject\bin\Debug\netcoreapp3.1\xUnitTestProject.dll" adapterTypeName="executor://xunit/VsTestRunner2/netcoreapp" className="xUnitTestProject.CurrencyHelperTests" name="FormatToStringTest1000" />
    </UnitTest>
    <UnitTest name="xUnitTestProject.CurrencyHelperTests.FormatToStringTest1000(price: 48428.38681602682, expected: &quot;48428.39 zł&quot;)" storage="c:\projekty\xunittestproject\bin\debug\netcoreapp3.1\xunittestproject.dll" id="c0952508-ec1e-97b9-fe02-0c1a5085abd7">
      <Execution id="9a06ef96-fe6a-4f89-8c26-5248ea2a1dc7" />
      <TestMethod codeBase="C:\Projekty\xUnitTestProject\bin\Debug\netcoreapp3.1\xUnitTestProject.dll" adapterTypeName="executor://xunit/VsTestRunner2/netcoreapp" className="xUnitTestProject.CurrencyHelperTests" name="FormatToStringTest1000" />
    </UnitTest>
    <UnitTest name="xUnitTestProject.CurrencyHelperTests.FormatToStringTest1000(price: 748.6264857065987, expected: &quot;748.63 zł&quot;)" storage="c:\projekty\xunittestproject\bin\debug\netcoreapp3.1\xunittestproject.dll" id="927355f0-db19-7988-f19c-ec0494e2f5d9">
      <Execution id="10f2976b-d462-4873-894a-93753cf5f804" />
      <TestMethod codeBase="C:\Projekty\xUnitTestProject\bin\Debug\netcoreapp3.1\xUnitTestProject.dll" adapterTypeName="executor://xunit/VsTestRunner2/netcoreapp" className="xUnitTestProject.CurrencyHelperTests" name="FormatToStringTest1000" />
    </UnitTest>
    <UnitTest name="xUnitTestProject.CurrencyHelperTests.FormatToStringTest1000(price: 19603.69286519321, expected: &quot;19603.69 zł&quot;)" storage="c:\projekty\xunittestproject\bin\debug\netcoreapp3.1\xunittestproject.dll" id="e8631f54-2451-193b-aa4f-8be567b318eb">
      <Execution id="089a0bad-1f24-4c0a-a2d9-673d9d76f665" />
      <TestMethod codeBase="C:\Projekty\xUnitTestProject\bin\Debug\netcoreapp3.1\xUnitTestProject.dll" adapterTypeName="executor://xunit/VsTestRunner2/netcoreapp" className="xUnitTestProject.CurrencyHelperTests" name="FormatToStringTest1000" />
    </UnitTest>
    <UnitTest name="xUnitTestProject.CurrencyHelperTests.FormatToStringTest1000(price: 6838.422316571894, expected: &quot;6838.42 zł&quot;)" storage="c:\projekty\xunittestproject\bin\debug\netcoreapp3.1\xunittestproject.dll" id="b163eddc-fed2-8a3f-de92-54285bf94b6d">
      <Execution id="0dea48b3-b6d2-45ea-b08f-89952b3da00e" />
      <TestMethod codeBase="C:\Projekty\xUnitTestProject\bin\Debug\netcoreapp3.1\xUnitTestProject.dll" adapterTypeName="executor://xunit/VsTestRunner2/netcoreapp" className="xUnitTestProject.CurrencyHelperTests" name="FormatToStringTest1000" />
    </UnitTest>
    <UnitTest name="xUnitTestProject.CurrencyHelperTests.FormatToStringTest1000(price: 14867.726341984107, expected: &quot;14867.73 zł&quot;)" storage="c:\projekty\xunittestproject\bin\debug\netcoreapp3.1\xunittestproject.dll" id="c15129d5-d936-d35a-141a-341775ad7af1">
      <Execution id="e5c9b2d8-858c-4d7c-8eb3-50f79c3fe86f" />
      <TestMethod codeBase="C:\Projekty\xUnitTestProject\bin\Debug\netcoreapp3.1\xUnitTestProject.dll" adapterTypeName="executor://xunit/VsTestRunner2/netcoreapp" className="xUnitTestProject.CurrencyHelperTests" name="FormatToStringTest1000" />
    </UnitTest>
    <UnitTest name="xUnitTestProject.CurrencyHelperTests.FormatToStringTest1000(price: 10268.547802396373, expected: &quot;10268.55 zł&quot;)" storage="c:\projekty\xunittestproject\bin\debug\netcoreapp3.1\xunittestproject.dll" id="972bb963-9a87-7070-029b-8643f34bbb6c">
      <Execution id="a23cb150-a6f5-41b1-a668-71ac99b9148e" />
      <TestMethod codeBase="C:\Projekty\xUnitTestProject\bin\Debug\netcoreapp3.1\xUnitTestProject.dll" adapterTypeName="executor://xunit/VsTestRunner2/netcoreapp" className="xUnitTestProject.CurrencyHelperTests" name="FormatToStringTest1000" />
    </UnitTest>
    <UnitTest name="xUnitTestProject.CurrencyHelperTests.FormatToStringTest1000(price: 8095.485677032492, expected: &quot;8095.49 zł&quot;)" storage="c:\projekty\xunittestproject\bin\debug\netcoreapp3.1\xunittestproject.dll" id="2f6b6911-3bf0-1f4d-b85f-0561bbc969cd">
      <Execution id="91df47c4-5f5b-47c9-8495-87f786aa1f51" />
      <TestMethod codeBase="C:\Projekty\xUnitTestProject\bin\Debug\netcoreapp3.1\xUnitTestProject.dll" adapterTypeName="executor://xunit/VsTestRunner2/netcoreapp" className="xUnitTestProject.CurrencyHelperTests" name="FormatToStringTest1000" />
    </UnitTest>
    <UnitTest name="xUnitTestProject.CurrencyHelperTests.FormatToStringTest1000(price: 9774.341362926803, expected: &quot;9774.34 zł&quot;)" storage="c:\projekty\xunittestproject\bin\debug\netcoreapp3.1\xunittestproject.dll" id="9a2bcce2-54c7-2ac9-248c-c072785d5cf2">
      <Execution id="dcf7d391-37f6-4baf-94a5-7cec7a3e01ce" />
      <TestMethod codeBase="C:\Projekty\xUnitTestProject\bin\Debug\netcoreapp3.1\xUnitTestProject.dll" adapterTypeName="executor://xunit/VsTestRunner2/netcoreapp" className="xUnitTestProject.CurrencyHelperTests" name="FormatToStringTest1000" />
    </UnitTest>
    <UnitTest name="xUnitTestProject.CurrencyHelperTests.FormatToStringTest1000(price: 28987.862854782896, expected: &quot;28987.86 zł&quot;)" storage="c:\projekty\xunittestproject\bin\debug\netcoreapp3.1\xunittestproject.dll" id="0d82bc84-08a9-ffda-b09d-d44b4e74eec6">
      <Execution id="dbe35582-1738-4dc9-b3f5-81b3b7e3b2f7" />
      <TestMethod codeBase="C:\Projekty\xUnitTestProject\bin\Debug\netcoreapp3.1\xUnitTestProject.dll" adapterTypeName="executor://xunit/VsTestRunner2/netcoreapp" className="xUnitTestProject.CurrencyHelperTests" name="FormatToStringTest1000" />
    </UnitTest>
    <UnitTest name="xUnitTestProject.CurrencyHelperTests.FormatToStringTest1000(price: 11175.438820935526, expected: &quot;11175.44 zł&quot;)" storage="c:\projekty\xunittestproject\bin\debug\netcoreapp3.1\xunittestproject.dll" id="d6ed6531-54c3-2edf-18c7-ddb0279f678b">
      <Execution id="15cb0e6d-35c9-4f7b-bc56-33820a37a421" />
      <TestMethod codeBase="C:\Projekty\xUnitTestProject\bin\Debug\netcoreapp3.1\xUnitTestProject.dll" adapterTypeName="executor://xunit/VsTestRunner2/netcoreapp" className="xUnitTestProject.CurrencyHelperTests" name="FormatToStringTest1000" />
    </UnitTest>
    <UnitTest name="xUnitTestProject.CurrencyHelperTests.FormatToStringTest1000(price: 47672.66266041652, expected: &quot;47672.66 zł&quot;)" storage="c:\projekty\xunittestproject\bin\debug\netcoreapp3.1\xunittestproject.dll" id="e0c34032-6c79-2d9c-b6af-6955c63a9e30">
      <Execution id="b896f8ec-63d7-4263-983d-54e992200e4e" />
      <TestMethod codeBase="C:\Projekty\xUnitTestProject\bin\Debug\netcoreapp3.1\xUnitTestProject.dll" adapterTypeName="executor://xunit/VsTestRunner2/netcoreapp" className="xUnitTestProject.CurrencyHelperTests" name="FormatToStringTest1000" />
    </UnitTest>
    <UnitTest name="xUnitTestProject.CurrencyHelperTests.FormatToStringTest1000(price: 7458.609645228652, expected: &quot;7458.61 zł&quot;)" storage="c:\projekty\xunittestproject\bin\debug\netcoreapp3.1\xunittestproject.dll" id="8034b7ee-c5e3-314c-6310-8984871301b7">
      <Execution id="5d6c6ba7-d878-41d0-9378-d6ef4efd74d7" />
      <TestMethod codeBase="C:\Projekty\xUnitTestProject\bin\Debug\netcoreapp3.1\xUnitTestProject.dll" adapterTypeName="executor://xunit/VsTestRunner2/netcoreapp" className="xUnitTestProject.CurrencyHelperTests" name="FormatToStringTest1000" />
    </UnitTest>
    <UnitTest name="xUnitTestProject.CurrencyHelperTests.FormatToStringTest1000(price: 30126.012320622805, expected: &quot;30126.01 zł&quot;)" storage="c:\projekty\xunittestproject\bin\debug\netcoreapp3.1\xunittestproject.dll" id="4b28c4f2-243a-8c78-12a1-344fb80c29cf">
      <Execution id="1d95aa26-cebb-4643-9c45-f21f90af8781" />
      <TestMethod codeBase="C:\Projekty\xUnitTestProject\bin\Debug\netcoreapp3.1\xUnitTestProject.dll" adapterTypeName="executor://xunit/VsTestRunner2/netcoreapp" className="xUnitTestProject.CurrencyHelperTests" name="FormatToStringTest1000" />
    </UnitTest>
    <UnitTest name="xUnitTestProject.CurrencyHelperTests.FormatToStringTest1000(price: 25376.6225052097, expected: &quot;25376.62 zł&quot;)" storage="c:\projekty\xunittestproject\bin\debug\netcoreapp3.1\xunittestproject.dll" id="8491f0a3-ed14-5fdd-d64c-af335660b6b8">
      <Execution id="9da03cfe-b0d2-45aa-8cf7-5ff942aace67" />
      <TestMethod codeBase="C:\Projekty\xUnitTestProject\bin\Debug\netcoreapp3.1\xUnitTestProject.dll" adapterTypeName="executor://xunit/VsTestRunner2/netcoreapp" className="xUnitTestProject.CurrencyHelperTests" name="FormatToStringTest1000" />
    </UnitTest>
    <UnitTest name="xUnitTestProject.CurrencyHelperTests.FormatToStringTest1000(price: 26468.346804109562, expected: &quot;26468.35 zł&quot;)" storage="c:\projekty\xunittestproject\bin\debug\netcoreapp3.1\xunittestproject.dll" id="df465776-c4f6-f76e-1fec-b3cfe705b591">
      <Execution id="7b36fe27-27fc-49c6-9e6e-c07a24bf488d" />
      <TestMethod codeBase="C:\Projekty\xUnitTestProject\bin\Debug\netcoreapp3.1\xUnitTestProject.dll" adapterTypeName="executor://xunit/VsTestRunner2/netcoreapp" className="xUnitTestProject.CurrencyHelperTests" name="FormatToStringTest1000" />
    </UnitTest>
    <UnitTest name="xUnitTestProject.CurrencyHelperTests.FormatToStringTest1000(price: 7050.437505805137, expected: &quot;7050.44 zł&quot;)" storage="c:\projekty\xunittestproject\bin\debug\netcoreapp3.1\xunittestproject.dll" id="297d2ce6-e7ea-8d5e-9134-2d6e61b4337c">
      <Execution id="552019da-d8a0-435f-b862-f59e57102836" />
      <TestMethod codeBase="C:\Projekty\xUnitTestProject\bin\Debug\netcoreapp3.1\xUnitTestProject.dll" adapterTypeName="executor://xunit/VsTestRunner2/netcoreapp" className="xUnitTestProject.CurrencyHelperTests" name="FormatToStringTest1000" />
    </UnitTest>
    <UnitTest name="xUnitTestProject.CurrencyHelperTests.FormatToStringTest1000(price: 82228.32322510486, expected: &quot;82228.32 zł&quot;)" storage="c:\projekty\xunittestproject\bin\debug\netcoreapp3.1\xunittestproject.dll" id="0014f817-c5c9-87d1-3e8c-ecffc3678e52">
      <Execution id="7dffdb87-14e8-4f7f-8e12-0d8a9f266b3d" />
      <TestMethod codeBase="C:\Projekty\xUnitTestProject\bin\Debug\netcoreapp3.1\xUnitTestProject.dll" adapterTypeName="executor://xunit/VsTestRunner2/netcoreapp" className="xUnitTestProject.CurrencyHelperTests" name="FormatToStringTest1000" />
    </UnitTest>
    <UnitTest name="xUnitTestProject.CurrencyHelperTests.FormatToStringTest1000(price: 6466.872242818062, expected: &quot;6466.87 zł&quot;)" storage="c:\projekty\xunittestproject\bin\debug\netcoreapp3.1\xunittestproject.dll" id="07878353-6799-84f6-4a3b-1ffc56ae1d1d">
      <Execution id="f369daa4-de30-43ef-9f12-1d6eba30bae9" />
      <TestMethod codeBase="C:\Projekty\xUnitTestProject\bin\Debug\netcoreapp3.1\xUnitTestProject.dll" adapterTypeName="executor://xunit/VsTestRunner2/netcoreapp" className="xUnitTestProject.CurrencyHelperTests" name="FormatToStringTest1000" />
    </UnitTest>
    <UnitTest name="xUnitTestProject.CurrencyHelperTests.FormatToStringTest1000(price: 44677.61946778074, expected: &quot;44677.62 zł&quot;)" storage="c:\projekty\xunittestproject\bin\debug\netcoreapp3.1\xunittestproject.dll" id="b4c4dec7-1c5b-811f-ea83-760608d514fd">
      <Execution id="768b9acb-a151-4834-a835-9eb46d5c759e" />
      <TestMethod codeBase="C:\Projekty\xUnitTestProject\bin\Debug\netcoreapp3.1\xUnitTestProject.dll" adapterTypeName="executor://xunit/VsTestRunner2/netcoreapp" className="xUnitTestProject.CurrencyHelperTests" name="FormatToStringTest1000" />
    </UnitTest>
    <UnitTest name="xUnitTestProject.CurrencyHelperTests.FormatToStringTest1000(price: 41368.29672956015, expected: &quot;41368.30 zł&quot;)" storage="c:\projekty\xunittestproject\bin\debug\netcoreapp3.1\xunittestproject.dll" id="ff67ffea-ea63-9682-e246-a48f70d1fb56">
      <Execution id="2aa7e779-36c4-43ee-868d-23764c1baa23" />
      <TestMethod codeBase="C:\Projekty\xUnitTestProject\bin\Debug\netcoreapp3.1\xUnitTestProject.dll" adapterTypeName="executor://xunit/VsTestRunner2/netcoreapp" className="xUnitTestProject.CurrencyHelperTests" name="FormatToStringTest1000" />
    </UnitTest>
    <UnitTest name="xUnitTestProject.CurrencyHelperTests.FormatToStringTest1000(price: 28306.369434126827, expected: &quot;28306.37 zł&quot;)" storage="c:\projekty\xunittestproject\bin\debug\netcoreapp3.1\xunittestproject.dll" id="2031700b-98b7-ff2b-f550-00f3842fd04f">
      <Execution id="cf89b73f-efe6-4222-89ec-6bbc2ca02b7d" />
      <TestMethod codeBase="C:\Projekty\xUnitTestProject\bin\Debug\netcoreapp3.1\xUnitTestProject.dll" adapterTypeName="executor://xunit/VsTestRunner2/netcoreapp" className="xUnitTestProject.CurrencyHelperTests" name="FormatToStringTest1000" />
    </UnitTest>
    <UnitTest name="xUnitTestProject.CurrencyHelperTests.FormatToStringTest1000(price: 33245.44763357819, expected: &quot;33245.45 zł&quot;)" storage="c:\projekty\xunittestproject\bin\debug\netcoreapp3.1\xunittestproject.dll" id="ead5e525-476c-e9b0-a913-d40736b344c3">
      <Execution id="17a8bfec-8ad3-4e16-aa84-40c9c06dfb71" />
      <TestMethod codeBase="C:\Projekty\xUnitTestProject\bin\Debug\netcoreapp3.1\xUnitTestProject.dll" adapterTypeName="executor://xunit/VsTestRunner2/netcoreapp" className="xUnitTestProject.CurrencyHelperTests" name="FormatToStringTest1000" />
    </UnitTest>
    <UnitTest name="xUnitTestProject.CurrencyHelperTests.FormatToStringTest1000(price: 68770.73008707525, expected: &quot;68770.73 zł&quot;)" storage="c:\projekty\xunittestproject\bin\debug\netcoreapp3.1\xunittestproject.dll" id="123932a6-c3cf-7fb9-5ef5-34297fb3a837">
      <Execution id="89d7856d-5afb-44d1-bb6b-004139c3a8ea" />
      <TestMethod codeBase="C:\Projekty\xUnitTestProject\bin\Debug\netcoreapp3.1\xUnitTestProject.dll" adapterTypeName="executor://xunit/VsTestRunner2/netcoreapp" className="xUnitTestProject.CurrencyHelperTests" name="FormatToStringTest1000" />
    </UnitTest>
    <UnitTest name="xUnitTestProject.CurrencyHelperTests.FormatToStringTest1000(price: 1898.24149096489, expected: &quot;1898.24 zł&quot;)" storage="c:\projekty\xunittestproject\bin\debug\netcoreapp3.1\xunittestproject.dll" id="237b1260-5bf2-21f1-fab1-5f4efe94ad6e">
      <Execution id="14dcafed-82b2-401a-985f-b06c14b6a74c" />
      <TestMethod codeBase="C:\Projekty\xUnitTestProject\bin\Debug\netcoreapp3.1\xUnitTestProject.dll" adapterTypeName="executor://xunit/VsTestRunner2/netcoreapp" className="xUnitTestProject.CurrencyHelperTests" name="FormatToStringTest1000" />
    </UnitTest>
    <UnitTest name="xUnitTestProject.CurrencyHelperTests.FormatToStringTest1000(price: 10784.438152511344, expected: &quot;10784.44 zł&quot;)" storage="c:\projekty\xunittestproject\bin\debug\netcoreapp3.1\xunittestproject.dll" id="575b3040-83fc-2437-91d5-9ac3f2af85b4">
      <Execution id="541bd9ad-b285-43b2-9270-4e1c068c2de7" />
      <TestMethod codeBase="C:\Projekty\xUnitTestProject\bin\Debug\netcoreapp3.1\xUnitTestProject.dll" adapterTypeName="executor://xunit/VsTestRunner2/netcoreapp" className="xUnitTestProject.CurrencyHelperTests" name="FormatToStringTest1000" />
    </UnitTest>
    <UnitTest name="xUnitTestProject.CurrencyHelperTests.FormatToStringTest1000(price: 57564.498126061866, expected: &quot;57564.50 zł&quot;)" storage="c:\projekty\xunittestproject\bin\debug\netcoreapp3.1\xunittestproject.dll" id="102bb5fe-d832-e7b4-1cec-260995c71130">
      <Execution id="e7f51e3b-87ab-4daa-ab92-a3bf6e80d65a" />
      <TestMethod codeBase="C:\Projekty\xUnitTestProject\bin\Debug\netcoreapp3.1\xUnitTestProject.dll" adapterTypeName="executor://xunit/VsTestRunner2/netcoreapp" className="xUnitTestProject.CurrencyHelperTests" name="FormatToStringTest1000" />
    </UnitTest>
    <UnitTest name="xUnitTestProject.CurrencyHelperTests.FormatToStringTest1000(price: 9897.705953436767, expected: &quot;9897.71 zł&quot;)" storage="c:\projekty\xunittestproject\bin\debug\netcoreapp3.1\xunittestproject.dll" id="281669ef-629b-f1d2-33b2-c7fad7ee0226">
      <Execution id="d222d190-d595-4e6d-be7c-59a301a63398" />
      <TestMethod codeBase="C:\Projekty\xUnitTestProject\bin\Debug\netcoreapp3.1\xUnitTestProject.dll" adapterTypeName="executor://xunit/VsTestRunner2/netcoreapp" className="xUnitTestProject.CurrencyHelperTests" name="FormatToStringTest1000" />
    </UnitTest>
    <UnitTest name="xUnitTestProject.CurrencyHelperTests.FormatToStringTest1000(price: 43424.45140075332, expected: &quot;43424.45 zł&quot;)" storage="c:\projekty\xunittestproject\bin\debug\netcoreapp3.1\xunittestproject.dll" id="e63012a7-c6dd-105c-5599-46a75e19ac35">
      <Execution id="3e218332-27fc-44a2-ab59-df77bc7389ba" />
      <TestMethod codeBase="C:\Projekty\xUnitTestProject\bin\Debug\netcoreapp3.1\xUnitTestProject.dll" adapterTypeName="executor://xunit/VsTestRunner2/netcoreapp" className="xUnitTestProject.CurrencyHelperTests" name="FormatToStringTest1000" />
    </UnitTest>
    <UnitTest name="xUnitTestProject.CurrencyHelperTests.FormatToStringTest1000(price: 31163.834562352316, expected: &quot;31163.83 zł&quot;)" storage="c:\projekty\xunittestproject\bin\debug\netcoreapp3.1\xunittestproject.dll" id="2f5e415d-a063-a3ff-febb-2ffdc85ba98d">
      <Execution id="703af92a-17c3-4c8e-8353-7c8e03ee82e2" />
      <TestMethod codeBase="C:\Projekty\xUnitTestProject\bin\Debug\netcoreapp3.1\xUnitTestProject.dll" adapterTypeName="executor://xunit/VsTestRunner2/netcoreapp" className="xUnitTestProject.CurrencyHelperTests" name="FormatToStringTest1000" />
    </UnitTest>
    <UnitTest name="xUnitTestProject.CurrencyHelperTests.FormatToStringTest1000(price: 9816.961298880615, expected: &quot;9816.96 zł&quot;)" storage="c:\projekty\xunittestproject\bin\debug\netcoreapp3.1\xunittestproject.dll" id="d2e288cb-5b2d-9b97-c7c0-aed9f363013c">
      <Execution id="8744d4c8-55f3-4345-a6a5-981d7e66a037" />
      <TestMethod codeBase="C:\Projekty\xUnitTestProject\bin\Debug\netcoreapp3.1\xUnitTestProject.dll" adapterTypeName="executor://xunit/VsTestRunner2/netcoreapp" className="xUnitTestProject.CurrencyHelperTests" name="FormatToStringTest1000" />
    </UnitTest>
    <UnitTest name="xUnitTestProject.CurrencyHelperTests.FormatToStringTest1000(price: 14137.400697779563, expected: &quot;14137.40 zł&quot;)" storage="c:\projekty\xunittestproject\bin\debug\netcoreapp3.1\xunittestproject.dll" id="5b2fabb4-e059-962c-348f-3355cdc7486e">
      <Execution id="aae542c5-9e67-4df8-826a-81ccd4fae133" />
      <TestMethod codeBase="C:\Projekty\xUnitTestProject\bin\Debug\netcoreapp3.1\xUnitTestProject.dll" adapterTypeName="executor://xunit/VsTestRunner2/netcoreapp" className="xUnitTestProject.CurrencyHelperTests" name="FormatToStringTest1000" />
    </UnitTest>
    <UnitTest name="xUnitTestProject.CurrencyHelperTests.FormatToStringTest1000(price: 32218.080508120394, expected: &quot;32218.08 zł&quot;)" storage="c:\projekty\xunittestproject\bin\debug\netcoreapp3.1\xunittestproject.dll" id="abc33cd0-29a9-07f5-4aa9-4d70e8dec4a4">
      <Execution id="d6f4a6fa-11d8-4a43-9433-b40306126023" />
      <TestMethod codeBase="C:\Projekty\xUnitTestProject\bin\Debug\netcoreapp3.1\xUnitTestProject.dll" adapterTypeName="executor://xunit/VsTestRunner2/netcoreapp" className="xUnitTestProject.CurrencyHelperTests" name="FormatToStringTest1000" />
    </UnitTest>
    <UnitTest name="xUnitTestProject.CurrencyHelperTests.FormatToStringTest1000(price: 6550.421588937948, expected: &quot;6550.42 zł&quot;)" storage="c:\projekty\xunittestproject\bin\debug\netcoreapp3.1\xunittestproject.dll" id="4e1f3ab2-e30f-84ab-8c3f-ffbda0a749a7">
      <Execution id="4f92dcf0-2169-4ee5-b3e1-a819027279e3" />
      <TestMethod codeBase="C:\Projekty\xUnitTestProject\bin\Debug\netcoreapp3.1\xUnitTestProject.dll" adapterTypeName="executor://xunit/VsTestRunner2/netcoreapp" className="xUnitTestProject.CurrencyHelperTests" name="FormatToStringTest1000" />
    </UnitTest>
    <UnitTest name="xUnitTestProject.CurrencyHelperTests.FormatToStringTest1000(price: 42555.01416107594, expected: &quot;42555.01 zł&quot;)" storage="c:\projekty\xunittestproject\bin\debug\netcoreapp3.1\xunittestproject.dll" id="97fa9539-2f5b-d008-d8ef-c0d60778ca89">
      <Execution id="4a115d43-f1c2-476a-b7df-b04e5b6b8cc6" />
      <TestMethod codeBase="C:\Projekty\xUnitTestProject\bin\Debug\netcoreapp3.1\xUnitTestProject.dll" adapterTypeName="executor://xunit/VsTestRunner2/netcoreapp" className="xUnitTestProject.CurrencyHelperTests" name="FormatToStringTest1000" />
    </UnitTest>
    <UnitTest name="xUnitTestProject.CurrencyHelperTests.FormatToStringTest1000(price: 32632.105531036905, expected: &quot;32632.11 zł&quot;)" storage="c:\projekty\xunittestproject\bin\debug\netcoreapp3.1\xunittestproject.dll" id="7514081f-0084-9527-726e-372a541e02c5">
      <Execution id="e0abf7eb-e877-44e0-b376-9c48cbd0bab1" />
      <TestMethod codeBase="C:\Projekty\xUnitTestProject\bin\Debug\netcoreapp3.1\xUnitTestProject.dll" adapterTypeName="executor://xunit/VsTestRunner2/netcoreapp" className="xUnitTestProject.CurrencyHelperTests" name="FormatToStringTest1000" />
    </UnitTest>
    <UnitTest name="xUnitTestProject.CurrencyHelperTests.FormatToStringTest1000(price: 270.1894008262033, expected: &quot;270.19 zł&quot;)" storage="c:\projekty\xunittestproject\bin\debug\netcoreapp3.1\xunittestproject.dll" id="c3c40199-4dcb-06d9-bd7e-201cb412e68f">
      <Execution id="0a5ffc45-ce95-4c46-829c-83d73b577569" />
      <TestMethod codeBase="C:\Projekty\xUnitTestProject\bin\Debug\netcoreapp3.1\xUnitTestProject.dll" adapterTypeName="executor://xunit/VsTestRunner2/netcoreapp" className="xUnitTestProject.CurrencyHelperTests" name="FormatToStringTest1000" />
    </UnitTest>
    <UnitTest name="xUnitTestProject.CurrencyHelperTests.FormatToStringTest1000(price: 15313.083673952653, expected: &quot;15313.08 zł&quot;)" storage="c:\projekty\xunittestproject\bin\debug\netcoreapp3.1\xunittestproject.dll" id="de2d22dc-e411-4a1b-48db-f6f07906b5fb">
      <Execution id="364e24ca-9895-4221-8fb8-f8d89440e625" />
      <TestMethod codeBase="C:\Projekty\xUnitTestProject\bin\Debug\netcoreapp3.1\xUnitTestProject.dll" adapterTypeName="executor://xunit/VsTestRunner2/netcoreapp" className="xUnitTestProject.CurrencyHelperTests" name="FormatToStringTest1000" />
    </UnitTest>
    <UnitTest name="xUnitTestProject.CurrencyHelperTests.FormatToStringTest1000(price: 15129.433864736666, expected: &quot;15129.43 zł&quot;)" storage="c:\projekty\xunittestproject\bin\debug\netcoreapp3.1\xunittestproject.dll" id="fb7bf331-bde6-9156-c7eb-687415ce01f4">
      <Execution id="ecea2d09-57d9-4430-bad6-034996ae9018" />
      <TestMethod codeBase="C:\Projekty\xUnitTestProject\bin\Debug\netcoreapp3.1\xUnitTestProject.dll" adapterTypeName="executor://xunit/VsTestRunner2/netcoreapp" className="xUnitTestProject.CurrencyHelperTests" name="FormatToStringTest1000" />
    </UnitTest>
    <UnitTest name="xUnitTestProject.CurrencyHelperTests.FormatToStringTest1000(price: 31315.40354898544, expected: &quot;31315.40 zł&quot;)" storage="c:\projekty\xunittestproject\bin\debug\netcoreapp3.1\xunittestproject.dll" id="2cd8497b-7c7c-c528-555b-f107e750a1a0">
      <Execution id="a04241bf-9b2d-419b-af3b-5b63281eed54" />
      <TestMethod codeBase="C:\Projekty\xUnitTestProject\bin\Debug\netcoreapp3.1\xUnitTestProject.dll" adapterTypeName="executor://xunit/VsTestRunner2/netcoreapp" className="xUnitTestProject.CurrencyHelperTests" name="FormatToStringTest1000" />
    </UnitTest>
    <UnitTest name="xUnitTestProject.CurrencyHelperTests.FormatToStringTest1000(price: 40889.35187774214, expected: &quot;40889.35 zł&quot;)" storage="c:\projekty\xunittestproject\bin\debug\netcoreapp3.1\xunittestproject.dll" id="72e011e2-bf27-7ea5-75f9-295f8504211f">
      <Execution id="6dfd2cf8-59ea-4523-bf1d-73c7911ddf32" />
      <TestMethod codeBase="C:\Projekty\xUnitTestProject\bin\Debug\netcoreapp3.1\xUnitTestProject.dll" adapterTypeName="executor://xunit/VsTestRunner2/netcoreapp" className="xUnitTestProject.CurrencyHelperTests" name="FormatToStringTest1000" />
    </UnitTest>
    <UnitTest name="xUnitTestProject.CurrencyHelperTests.FormatToStringTest1000(price: 9558.453124931293, expected: &quot;9558.45 zł&quot;)" storage="c:\projekty\xunittestproject\bin\debug\netcoreapp3.1\xunittestproject.dll" id="bcd181d1-3270-76f5-9678-f35a85b0fff1">
      <Execution id="12c3ce70-5a54-42e3-9c08-5b10a5043ba8" />
      <TestMethod codeBase="C:\Projekty\xUnitTestProject\bin\Debug\netcoreapp3.1\xUnitTestProject.dll" adapterTypeName="executor://xunit/VsTestRunner2/netcoreapp" className="xUnitTestProject.CurrencyHelperTests" name="FormatToStringTest1000" />
    </UnitTest>
    <UnitTest name="xUnitTestProject.CurrencyHelperTests.FormatToStringTest1000(price: 972.1468308629221, expected: &quot;972.15 zł&quot;)" storage="c:\projekty\xunittestproject\bin\debug\netcoreapp3.1\xunittestproject.dll" id="3c1ea8ba-f2b4-a355-28eb-de4dee6b9be9">
      <Execution id="717e3993-c962-4231-b0e9-35f386d6bb82" />
      <TestMethod codeBase="C:\Projekty\xUnitTestProject\bin\Debug\netcoreapp3.1\xUnitTestProject.dll" adapterTypeName="executor://xunit/VsTestRunner2/netcoreapp" className="xUnitTestProject.CurrencyHelperTests" name="FormatToStringTest1000" />
    </UnitTest>
    <UnitTest name="xUnitTestProject.CurrencyHelperTests.FormatToStringTest1000(price: 24646.322657574587, expected: &quot;24646.32 zł&quot;)" storage="c:\projekty\xunittestproject\bin\debug\netcoreapp3.1\xunittestproject.dll" id="ba7d1414-f471-8c90-0af7-54df538160f7">
      <Execution id="b269794a-8d0e-40f3-9873-150d581ce9c6" />
      <TestMethod codeBase="C:\Projekty\xUnitTestProject\bin\Debug\netcoreapp3.1\xUnitTestProject.dll" adapterTypeName="executor://xunit/VsTestRunner2/netcoreapp" className="xUnitTestProject.CurrencyHelperTests" name="FormatToStringTest1000" />
    </UnitTest>
    <UnitTest name="xUnitTestProject.CurrencyHelperTests.FormatToStringTest1000(price: 12528.413830086782, expected: &quot;12528.41 zł&quot;)" storage="c:\projekty\xunittestproject\bin\debug\netcoreapp3.1\xunittestproject.dll" id="598d9a80-ba03-040c-39ba-536b5b6632f4">
      <Execution id="6192e09e-f3b4-4fb9-846f-d7ad0766a03e" />
      <TestMethod codeBase="C:\Projekty\xUnitTestProject\bin\Debug\netcoreapp3.1\xUnitTestProject.dll" adapterTypeName="executor://xunit/VsTestRunner2/netcoreapp" className="xUnitTestProject.CurrencyHelperTests" name="FormatToStringTest1000" />
    </UnitTest>
    <UnitTest name="xUnitTestProject.CurrencyHelperTests.FormatToStringTest1000(price: 9097.395563790293, expected: &quot;9097.40 zł&quot;)" storage="c:\projekty\xunittestproject\bin\debug\netcoreapp3.1\xunittestproject.dll" id="2154354b-9164-5585-480c-7dedd5c54210">
      <Execution id="4f8f64db-3fba-4ad0-8678-bfd062d64e3d" />
      <TestMethod codeBase="C:\Projekty\xUnitTestProject\bin\Debug\netcoreapp3.1\xUnitTestProject.dll" adapterTypeName="executor://xunit/VsTestRunner2/netcoreapp" className="xUnitTestProject.CurrencyHelperTests" name="FormatToStringTest1000" />
    </UnitTest>
    <UnitTest name="xUnitTestProject.CurrencyHelperTests.FormatToStringTest1000(price: 32566.30279101259, expected: &quot;32566.30 zł&quot;)" storage="c:\projekty\xunittestproject\bin\debug\netcoreapp3.1\xunittestproject.dll" id="f7339f67-966a-9543-e542-56a7562f05ad">
      <Execution id="12d477b0-68a5-4325-9f3f-b04487863462" />
      <TestMethod codeBase="C:\Projekty\xUnitTestProject\bin\Debug\netcoreapp3.1\xUnitTestProject.dll" adapterTypeName="executor://xunit/VsTestRunner2/netcoreapp" className="xUnitTestProject.CurrencyHelperTests" name="FormatToStringTest1000" />
    </UnitTest>
    <UnitTest name="xUnitTestProject.CurrencyHelperTests.FormatToStringTest1000(price: 31340.79231238914, expected: &quot;31340.79 zł&quot;)" storage="c:\projekty\xunittestproject\bin\debug\netcoreapp3.1\xunittestproject.dll" id="560147e0-585f-3c73-5235-3ae492c399e0">
      <Execution id="3268608e-c947-436d-a617-abcb94ec6e60" />
      <TestMethod codeBase="C:\Projekty\xUnitTestProject\bin\Debug\netcoreapp3.1\xUnitTestProject.dll" adapterTypeName="executor://xunit/VsTestRunner2/netcoreapp" className="xUnitTestProject.CurrencyHelperTests" name="FormatToStringTest1000" />
    </UnitTest>
    <UnitTest name="xUnitTestProject.CurrencyHelperTests.FormatToStringTest1000(price: 5759.256266560991, expected: &quot;5759.26 zł&quot;)" storage="c:\projekty\xunittestproject\bin\debug\netcoreapp3.1\xunittestproject.dll" id="99085e4f-7a45-28dd-d73e-76b910959f1c">
      <Execution id="a563e7af-64bd-4c20-9b89-9aff6a51d661" />
      <TestMethod codeBase="C:\Projekty\xUnitTestProject\bin\Debug\netcoreapp3.1\xUnitTestProject.dll" adapterTypeName="executor://xunit/VsTestRunner2/netcoreapp" className="xUnitTestProject.CurrencyHelperTests" name="FormatToStringTest1000" />
    </UnitTest>
    <UnitTest name="xUnitTestProject.CurrencyHelperTests.FormatToStringTest1000(price: 67380.07704875062, expected: &quot;67380.08 zł&quot;)" storage="c:\projekty\xunittestproject\bin\debug\netcoreapp3.1\xunittestproject.dll" id="c6cb5829-9900-78b4-ad40-ce24294fb2f7">
      <Execution id="1ab646c1-11be-42ce-89c4-7ca0b239847d" />
      <TestMethod codeBase="C:\Projekty\xUnitTestProject\bin\Debug\netcoreapp3.1\xUnitTestProject.dll" adapterTypeName="executor://xunit/VsTestRunner2/netcoreapp" className="xUnitTestProject.CurrencyHelperTests" name="FormatToStringTest1000" />
    </UnitTest>
    <UnitTest name="xUnitTestProject.CurrencyHelperTests.FormatToStringTest1000(price: 50550.645020282194, expected: &quot;50550.65 zł&quot;)" storage="c:\projekty\xunittestproject\bin\debug\netcoreapp3.1\xunittestproject.dll" id="5021544e-bd06-1c2d-b3df-c21b577ebfa2">
      <Execution id="f83a4d57-0148-4366-9265-d90ce19c27ed" />
      <TestMethod codeBase="C:\Projekty\xUnitTestProject\bin\Debug\netcoreapp3.1\xUnitTestProject.dll" adapterTypeName="executor://xunit/VsTestRunner2/netcoreapp" className="xUnitTestProject.CurrencyHelperTests" name="FormatToStringTest1000" />
    </UnitTest>
    <UnitTest name="xUnitTestProject.CurrencyHelperTests.FormatToStringTest1000(price: 56373.35086238494, expected: &quot;56373.35 zł&quot;)" storage="c:\projekty\xunittestproject\bin\debug\netcoreapp3.1\xunittestproject.dll" id="daa9a8b5-17c1-3a27-8cd4-720e13369df8">
      <Execution id="8a96b6b0-0266-414f-a5af-2eaa7cca4960" />
      <TestMethod codeBase="C:\Projekty\xUnitTestProject\bin\Debug\netcoreapp3.1\xUnitTestProject.dll" adapterTypeName="executor://xunit/VsTestRunner2/netcoreapp" className="xUnitTestProject.CurrencyHelperTests" name="FormatToStringTest1000" />
    </UnitTest>
    <UnitTest name="xUnitTestProject.CurrencyHelperTests.FormatToStringTest1000(price: 10457.593086045978, expected: &quot;10457.59 zł&quot;)" storage="c:\projekty\xunittestproject\bin\debug\netcoreapp3.1\xunittestproject.dll" id="d2ca44f4-b0fb-ea99-f88d-5612fe812eb3">
      <Execution id="c331c56d-eeac-4250-8df3-7d9e2bf19e8a" />
      <TestMethod codeBase="C:\Projekty\xUnitTestProject\bin\Debug\netcoreapp3.1\xUnitTestProject.dll" adapterTypeName="executor://xunit/VsTestRunner2/netcoreapp" className="xUnitTestProject.CurrencyHelperTests" name="FormatToStringTest1000" />
    </UnitTest>
    <UnitTest name="xUnitTestProject.CurrencyHelperTests.FormatToStringTest1000(price: 23548.88067407016, expected: &quot;23548.88 zł&quot;)" storage="c:\projekty\xunittestproject\bin\debug\netcoreapp3.1\xunittestproject.dll" id="da6c3e32-e713-64a5-d755-377865e086d4">
      <Execution id="1c4564a7-2165-423e-8816-5728e08df5f0" />
      <TestMethod codeBase="C:\Projekty\xUnitTestProject\bin\Debug\netcoreapp3.1\xUnitTestProject.dll" adapterTypeName="executor://xunit/VsTestRunner2/netcoreapp" className="xUnitTestProject.CurrencyHelperTests" name="FormatToStringTest1000" />
    </UnitTest>
    <UnitTest name="xUnitTestProject.CurrencyHelperTests.FormatToStringTest1000(price: 6417.5922460628635, expected: &quot;6417.59 zł&quot;)" storage="c:\projekty\xunittestproject\bin\debug\netcoreapp3.1\xunittestproject.dll" id="95359d07-8287-2be5-3354-cb2f7f60a3bf">
      <Execution id="d33bcab6-097e-42fa-a77f-cc854bf4b6d7" />
      <TestMethod codeBase="C:\Projekty\xUnitTestProject\bin\Debug\netcoreapp3.1\xUnitTestProject.dll" adapterTypeName="executor://xunit/VsTestRunner2/netcoreapp" className="xUnitTestProject.CurrencyHelperTests" name="FormatToStringTest1000" />
    </UnitTest>
    <UnitTest name="xUnitTestProject.CurrencyHelperTests.FormatToStringTest1000(price: 5611.05334835176, expected: &quot;5611.05 zł&quot;)" storage="c:\projekty\xunittestproject\bin\debug\netcoreapp3.1\xunittestproject.dll" id="a5d2d781-ed08-2478-bb45-1d4f50c82554">
      <Execution id="d13c4de6-746a-40f3-899e-7375d7fe8b82" />
      <TestMethod codeBase="C:\Projekty\xUnitTestProject\bin\Debug\netcoreapp3.1\xUnitTestProject.dll" adapterTypeName="executor://xunit/VsTestRunner2/netcoreapp" className="xUnitTestProject.CurrencyHelperTests" name="FormatToStringTest1000" />
    </UnitTest>
    <UnitTest name="xUnitTestProject.CurrencyHelperTests.FormatToStringTest1000(price: 66019.32414194118, expected: &quot;66019.32 zł&quot;)" storage="c:\projekty\xunittestproject\bin\debug\netcoreapp3.1\xunittestproject.dll" id="502c40b3-55a9-ed63-c19a-b15f001d74e2">
      <Execution id="a5fdcb60-916f-4911-8332-db801036fa4d" />
      <TestMethod codeBase="C:\Projekty\xUnitTestProject\bin\Debug\netcoreapp3.1\xUnitTestProject.dll" adapterTypeName="executor://xunit/VsTestRunner2/netcoreapp" className="xUnitTestProject.CurrencyHelperTests" name="FormatToStringTest1000" />
    </UnitTest>
    <UnitTest name="xUnitTestProject.CurrencyHelperTests.FormatToStringTest1000(price: 17579.823312525088, expected: &quot;17579.82 zł&quot;)" storage="c:\projekty\xunittestproject\bin\debug\netcoreapp3.1\xunittestproject.dll" id="9a9212ad-b798-7488-4494-e587449427c6">
      <Execution id="6b6088c5-d71a-449f-81cc-cb52c42cd52c" />
      <TestMethod codeBase="C:\Projekty\xUnitTestProject\bin\Debug\netcoreapp3.1\xUnitTestProject.dll" adapterTypeName="executor://xunit/VsTestRunner2/netcoreapp" className="xUnitTestProject.CurrencyHelperTests" name="FormatToStringTest1000" />
    </UnitTest>
    <UnitTest name="xUnitTestProject.CurrencyHelperTests.FormatToStringTest1000(price: 74851.91547305691, expected: &quot;74851.92 zł&quot;)" storage="c:\projekty\xunittestproject\bin\debug\netcoreapp3.1\xunittestproject.dll" id="15a5c8eb-0c90-a7e4-0dc8-5ce2be1587d5">
      <Execution id="1e11b637-05e8-4c2a-be81-3b99f4f07998" />
      <TestMethod codeBase="C:\Projekty\xUnitTestProject\bin\Debug\netcoreapp3.1\xUnitTestProject.dll" adapterTypeName="executor://xunit/VsTestRunner2/netcoreapp" className="xUnitTestProject.CurrencyHelperTests" name="FormatToStringTest1000" />
    </UnitTest>
    <UnitTest name="xUnitTestProject.CurrencyHelperTests.FormatToStringTest1000(price: 3846.644792262765, expected: &quot;3846.64 zł&quot;)" storage="c:\projekty\xunittestproject\bin\debug\netcoreapp3.1\xunittestproject.dll" id="59fa5d82-f5a4-cb1c-ec41-0422b5d07418">
      <Execution id="797b4d83-5f72-4ab8-b283-8cc82d35eaf1" />
      <TestMethod codeBase="C:\Projekty\xUnitTestProject\bin\Debug\netcoreapp3.1\xUnitTestProject.dll" adapterTypeName="executor://xunit/VsTestRunner2/netcoreapp" className="xUnitTestProject.CurrencyHelperTests" name="FormatToStringTest1000" />
    </UnitTest>
    <UnitTest name="xUnitTestProject.CurrencyHelperTests.FormatToStringTest1000(price: 26686.08488193065, expected: &quot;26686.08 zł&quot;)" storage="c:\projekty\xunittestproject\bin\debug\netcoreapp3.1\xunittestproject.dll" id="8ff84779-95f5-a8f9-809e-e568d86ada77">
      <Execution id="9a1dc9ea-3a27-4a27-8ae4-e1a75eba6c05" />
      <TestMethod codeBase="C:\Projekty\xUnitTestProject\bin\Debug\netcoreapp3.1\xUnitTestProject.dll" adapterTypeName="executor://xunit/VsTestRunner2/netcoreapp" className="xUnitTestProject.CurrencyHelperTests" name="FormatToStringTest1000" />
    </UnitTest>
    <UnitTest name="xUnitTestProject.CurrencyHelperTests.FormatToStringTest1000(price: 30533.30031120838, expected: &quot;30533.30 zł&quot;)" storage="c:\projekty\xunittestproject\bin\debug\netcoreapp3.1\xunittestproject.dll" id="dba976e4-619d-1846-93cf-501dc328971c">
      <Execution id="d8f55f4f-10e3-46fe-a1de-0e3981a69654" />
      <TestMethod codeBase="C:\Projekty\xUnitTestProject\bin\Debug\netcoreapp3.1\xUnitTestProject.dll" adapterTypeName="executor://xunit/VsTestRunner2/netcoreapp" className="xUnitTestProject.CurrencyHelperTests" name="FormatToStringTest1000" />
    </UnitTest>
    <UnitTest name="xUnitTestProject.CurrencyHelperTests.FormatToStringTest1000(price: 34951.47290410077, expected: &quot;34951.47 zł&quot;)" storage="c:\projekty\xunittestproject\bin\debug\netcoreapp3.1\xunittestproject.dll" id="c3b1d717-2998-1634-887e-572d42236e5b">
      <Execution id="36b24937-f56a-4a2d-9858-915bf8329157" />
      <TestMethod codeBase="C:\Projekty\xUnitTestProject\bin\Debug\netcoreapp3.1\xUnitTestProject.dll" adapterTypeName="executor://xunit/VsTestRunner2/netcoreapp" className="xUnitTestProject.CurrencyHelperTests" name="FormatToStringTest1000" />
    </UnitTest>
    <UnitTest name="xUnitTestProject.CurrencyHelperTests.FormatToStringTest1000(price: 44869.327020554025, expected: &quot;44869.33 zł&quot;)" storage="c:\projekty\xunittestproject\bin\debug\netcoreapp3.1\xunittestproject.dll" id="eb3e6893-2377-abc3-6bc4-b22d25b0ece8">
      <Execution id="0c140bd7-759f-4a58-90c1-2ea1fc3fda02" />
      <TestMethod codeBase="C:\Projekty\xUnitTestProject\bin\Debug\netcoreapp3.1\xUnitTestProject.dll" adapterTypeName="executor://xunit/VsTestRunner2/netcoreapp" className="xUnitTestProject.CurrencyHelperTests" name="FormatToStringTest1000" />
    </UnitTest>
    <UnitTest name="xUnitTestProject.CurrencyHelperTests.FormatToStringTest1000(price: 63291.50274994015, expected: &quot;63291.50 zł&quot;)" storage="c:\projekty\xunittestproject\bin\debug\netcoreapp3.1\xunittestproject.dll" id="4e2fa441-f609-cc78-7eb6-a2fea9348b3f">
      <Execution id="7cdde72b-21fe-480b-818c-f821d5d4b3c6" />
      <TestMethod codeBase="C:\Projekty\xUnitTestProject\bin\Debug\netcoreapp3.1\xUnitTestProject.dll" adapterTypeName="executor://xunit/VsTestRunner2/netcoreapp" className="xUnitTestProject.CurrencyHelperTests" name="FormatToStringTest1000" />
    </UnitTest>
    <UnitTest name="xUnitTestProject.CurrencyHelperTests.FormatToStringTest1000(price: 34060.48467268724, expected: &quot;34060.48 zł&quot;)" storage="c:\projekty\xunittestproject\bin\debug\netcoreapp3.1\xunittestproject.dll" id="7e545621-7d10-75d6-0eb9-82dda8912c2c">
      <Execution id="4abc4633-82c4-4f71-b25b-dfa5b26d3a51" />
      <TestMethod codeBase="C:\Projekty\xUnitTestProject\bin\Debug\netcoreapp3.1\xUnitTestProject.dll" adapterTypeName="executor://xunit/VsTestRunner2/netcoreapp" className="xUnitTestProject.CurrencyHelperTests" name="FormatToStringTest1000" />
    </UnitTest>
    <UnitTest name="xUnitTestProject.CurrencyHelperTests.FormatToStringTest1000(price: 2409.393997763001, expected: &quot;2409.39 zł&quot;)" storage="c:\projekty\xunittestproject\bin\debug\netcoreapp3.1\xunittestproject.dll" id="cd5a26d8-2bfb-59a4-04b5-4f695fd431f8">
      <Execution id="eb02dd30-da4c-4b98-b9b8-58109337b7ff" />
      <TestMethod codeBase="C:\Projekty\xUnitTestProject\bin\Debug\netcoreapp3.1\xUnitTestProject.dll" adapterTypeName="executor://xunit/VsTestRunner2/netcoreapp" className="xUnitTestProject.CurrencyHelperTests" name="FormatToStringTest1000" />
    </UnitTest>
    <UnitTest name="xUnitTestProject.CurrencyHelperTests.FormatToStringTest1000(price: 25882.451101077, expected: &quot;25882.45 zł&quot;)" storage="c:\projekty\xunittestproject\bin\debug\netcoreapp3.1\xunittestproject.dll" id="13946824-77dd-557e-ea95-b0f908b787b1">
      <Execution id="6a922bbd-a56e-40d2-b2f9-16c8731cde9c" />
      <TestMethod codeBase="C:\Projekty\xUnitTestProject\bin\Debug\netcoreapp3.1\xUnitTestProject.dll" adapterTypeName="executor://xunit/VsTestRunner2/netcoreapp" className="xUnitTestProject.CurrencyHelperTests" name="FormatToStringTest1000" />
    </UnitTest>
    <UnitTest name="xUnitTestProject.CurrencyHelperTests.FormatToStringTest1000(price: 62975.496334776515, expected: &quot;62975.50 zł&quot;)" storage="c:\projekty\xunittestproject\bin\debug\netcoreapp3.1\xunittestproject.dll" id="6590b071-f8b2-e4e3-3b40-027135dfc051">
      <Execution id="8e9b4536-0b72-4712-8246-827264e48fbf" />
      <TestMethod codeBase="C:\Projekty\xUnitTestProject\bin\Debug\netcoreapp3.1\xUnitTestProject.dll" adapterTypeName="executor://xunit/VsTestRunner2/netcoreapp" className="xUnitTestProject.CurrencyHelperTests" name="FormatToStringTest1000" />
    </UnitTest>
    <UnitTest name="xUnitTestProject.CurrencyHelperTests.FormatToStringTest1000(price: 37387.37521261972, expected: &quot;37387.38 zł&quot;)" storage="c:\projekty\xunittestproject\bin\debug\netcoreapp3.1\xunittestproject.dll" id="0ed4f192-4727-c437-89cc-2b16440ebef0">
      <Execution id="851ed6ba-ebc0-420f-8ca3-bce647f9a541" />
      <TestMethod codeBase="C:\Projekty\xUnitTestProject\bin\Debug\netcoreapp3.1\xUnitTestProject.dll" adapterTypeName="executor://xunit/VsTestRunner2/netcoreapp" className="xUnitTestProject.CurrencyHelperTests" name="FormatToStringTest1000" />
    </UnitTest>
    <UnitTest name="xUnitTestProject.CurrencyHelperTests.FormatToStringTest1000(price: 18786.954468002055, expected: &quot;18786.95 zł&quot;)" storage="c:\projekty\xunittestproject\bin\debug\netcoreapp3.1\xunittestproject.dll" id="81074b63-819a-5707-3f0a-c12b1496d111">
      <Execution id="a92c79c5-ea1e-44d8-a272-b016b8bae444" />
      <TestMethod codeBase="C:\Projekty\xUnitTestProject\bin\Debug\netcoreapp3.1\xUnitTestProject.dll" adapterTypeName="executor://xunit/VsTestRunner2/netcoreapp" className="xUnitTestProject.CurrencyHelperTests" name="FormatToStringTest1000" />
    </UnitTest>
    <UnitTest name="xUnitTestProject.CurrencyHelperTests.FormatToStringTest1000(price: 19840.47672110632, expected: &quot;19840.48 zł&quot;)" storage="c:\projekty\xunittestproject\bin\debug\netcoreapp3.1\xunittestproject.dll" id="a1a708d6-4e5d-1cbd-caa6-7047836e6788">
      <Execution id="ac18b55f-8f72-4220-bb44-211f6cc127df" />
      <TestMethod codeBase="C:\Projekty\xUnitTestProject\bin\Debug\netcoreapp3.1\xUnitTestProject.dll" adapterTypeName="executor://xunit/VsTestRunner2/netcoreapp" className="xUnitTestProject.CurrencyHelperTests" name="FormatToStringTest1000" />
    </UnitTest>
    <UnitTest name="xUnitTestProject.CurrencyHelperTests.FormatToStringTest1000(price: 11100.829211263372, expected: &quot;11100.83 zł&quot;)" storage="c:\projekty\xunittestproject\bin\debug\netcoreapp3.1\xunittestproject.dll" id="94f0cede-3e3b-c04d-89cc-8dfe2520972c">
      <Execution id="92b6166a-67e0-4f1a-94e3-4f56996d6025" />
      <TestMethod codeBase="C:\Projekty\xUnitTestProject\bin\Debug\netcoreapp3.1\xUnitTestProject.dll" adapterTypeName="executor://xunit/VsTestRunner2/netcoreapp" className="xUnitTestProject.CurrencyHelperTests" name="FormatToStringTest1000" />
    </UnitTest>
    <UnitTest name="xUnitTestProject.CurrencyHelperTests.FormatToStringTest1000(price: 14635.510547500808, expected: &quot;14635.51 zł&quot;)" storage="c:\projekty\xunittestproject\bin\debug\netcoreapp3.1\xunittestproject.dll" id="d0cd8d38-2083-8dfe-21da-1692537b41cc">
      <Execution id="5afc028d-aaf5-4aff-a3b9-e3dd9454dbbe" />
      <TestMethod codeBase="C:\Projekty\xUnitTestProject\bin\Debug\netcoreapp3.1\xUnitTestProject.dll" adapterTypeName="executor://xunit/VsTestRunner2/netcoreapp" className="xUnitTestProject.CurrencyHelperTests" name="FormatToStringTest1000" />
    </UnitTest>
    <UnitTest name="xUnitTestProject.CurrencyHelperTests.FormatToStringTest1000(price: 598.1279707877561, expected: &quot;598.13 zł&quot;)" storage="c:\projekty\xunittestproject\bin\debug\netcoreapp3.1\xunittestproject.dll" id="5ae458e4-bb73-ceec-2cfb-1eb05d691961">
      <Execution id="19339c83-080d-412f-917c-0055f25caaab" />
      <TestMethod codeBase="C:\Projekty\xUnitTestProject\bin\Debug\netcoreapp3.1\xUnitTestProject.dll" adapterTypeName="executor://xunit/VsTestRunner2/netcoreapp" className="xUnitTestProject.CurrencyHelperTests" name="FormatToStringTest1000" />
    </UnitTest>
    <UnitTest name="xUnitTestProject.CurrencyHelperTests.FormatToStringTest1000(price: 6958.393354767186, expected: &quot;6958.39 zł&quot;)" storage="c:\projekty\xunittestproject\bin\debug\netcoreapp3.1\xunittestproject.dll" id="83d0208c-cef3-bd49-264a-c0709c65e66e">
      <Execution id="9e661423-f8e7-493e-8a53-9a252ed49454" />
      <TestMethod codeBase="C:\Projekty\xUnitTestProject\bin\Debug\netcoreapp3.1\xUnitTestProject.dll" adapterTypeName="executor://xunit/VsTestRunner2/netcoreapp" className="xUnitTestProject.CurrencyHelperTests" name="FormatToStringTest1000" />
    </UnitTest>
    <UnitTest name="xUnitTestProject.CurrencyHelperTests.FormatToStringTest1000(price: 73151.83675918348, expected: &quot;73151.84 zł&quot;)" storage="c:\projekty\xunittestproject\bin\debug\netcoreapp3.1\xunittestproject.dll" id="f8f9d6d7-bbea-21e2-5568-87ea7f6744b9">
      <Execution id="3b4c0ac1-824b-4ca1-ad3f-9baa4724fc96" />
      <TestMethod codeBase="C:\Projekty\xUnitTestProject\bin\Debug\netcoreapp3.1\xUnitTestProject.dll" adapterTypeName="executor://xunit/VsTestRunner2/netcoreapp" className="xUnitTestProject.CurrencyHelperTests" name="FormatToStringTest1000" />
    </UnitTest>
    <UnitTest name="xUnitTestProject.CurrencyHelperTests.FormatToStringTest1000(price: 1994.0983933439006, expected: &quot;1994.10 zł&quot;)" storage="c:\projekty\xunittestproject\bin\debug\netcoreapp3.1\xunittestproject.dll" id="19ecf0ec-9a79-ad70-9475-fee54b9d8614">
      <Execution id="1b6eede3-53c9-4008-a56d-ba2ec4488834" />
      <TestMethod codeBase="C:\Projekty\xUnitTestProject\bin\Debug\netcoreapp3.1\xUnitTestProject.dll" adapterTypeName="executor://xunit/VsTestRunner2/netcoreapp" className="xUnitTestProject.CurrencyHelperTests" name="FormatToStringTest1000" />
    </UnitTest>
    <UnitTest name="xUnitTestProject.CurrencyHelperTests.FormatToStringTest1000(price: 24476.442216712254, expected: &quot;24476.44 zł&quot;)" storage="c:\projekty\xunittestproject\bin\debug\netcoreapp3.1\xunittestproject.dll" id="48480e6e-913f-e95b-4a6c-465d36475b6a">
      <Execution id="7423ad24-1c38-42a6-85c0-c0b13eafbf0e" />
      <TestMethod codeBase="C:\Projekty\xUnitTestProject\bin\Debug\netcoreapp3.1\xUnitTestProject.dll" adapterTypeName="executor://xunit/VsTestRunner2/netcoreapp" className="xUnitTestProject.CurrencyHelperTests" name="FormatToStringTest1000" />
    </UnitTest>
    <UnitTest name="xUnitTestProject.CurrencyHelperTests.FormatToStringTest1000(price: 10227.532692039169, expected: &quot;10227.53 zł&quot;)" storage="c:\projekty\xunittestproject\bin\debug\netcoreapp3.1\xunittestproject.dll" id="f34d9844-3970-87ba-1a6d-f7c3b662af09">
      <Execution id="6fccac6f-ac1d-4db4-9009-9769497dbdab" />
      <TestMethod codeBase="C:\Projekty\xUnitTestProject\bin\Debug\netcoreapp3.1\xUnitTestProject.dll" adapterTypeName="executor://xunit/VsTestRunner2/netcoreapp" className="xUnitTestProject.CurrencyHelperTests" name="FormatToStringTest1000" />
    </UnitTest>
    <UnitTest name="xUnitTestProject.CurrencyHelperTests.FormatToStringTest1000(price: 801.5720517614726, expected: &quot;801.57 zł&quot;)" storage="c:\projekty\xunittestproject\bin\debug\netcoreapp3.1\xunittestproject.dll" id="fb66f3c8-a00d-4cfa-eac4-abc207e2c602">
      <Execution id="2aff8117-8dac-48db-bc4c-c0410959ec24" />
      <TestMethod codeBase="C:\Projekty\xUnitTestProject\bin\Debug\netcoreapp3.1\xUnitTestProject.dll" adapterTypeName="executor://xunit/VsTestRunner2/netcoreapp" className="xUnitTestProject.CurrencyHelperTests" name="FormatToStringTest1000" />
    </UnitTest>
    <UnitTest name="xUnitTestProject.CurrencyHelperTests.FormatToStringTest1000(price: 20623.53139885493, expected: &quot;20623.53 zł&quot;)" storage="c:\projekty\xunittestproject\bin\debug\netcoreapp3.1\xunittestproject.dll" id="a38d6dd0-4abc-cd66-f98d-02667c7de044">
      <Execution id="c762cfbe-523d-486e-9fb9-735d9ef2ee81" />
      <TestMethod codeBase="C:\Projekty\xUnitTestProject\bin\Debug\netcoreapp3.1\xUnitTestProject.dll" adapterTypeName="executor://xunit/VsTestRunner2/netcoreapp" className="xUnitTestProject.CurrencyHelperTests" name="FormatToStringTest1000" />
    </UnitTest>
    <UnitTest name="xUnitTestProject.CurrencyHelperTests.FormatToStringTest1000(price: 47393.54939526671, expected: &quot;47393.55 zł&quot;)" storage="c:\projekty\xunittestproject\bin\debug\netcoreapp3.1\xunittestproject.dll" id="ca7cf147-8883-8578-944a-0bb9c4bca4f5">
      <Execution id="c4a4bf2a-38b7-48eb-a8e7-743f6a2ff2fd" />
      <TestMethod codeBase="C:\Projekty\xUnitTestProject\bin\Debug\netcoreapp3.1\xUnitTestProject.dll" adapterTypeName="executor://xunit/VsTestRunner2/netcoreapp" className="xUnitTestProject.CurrencyHelperTests" name="FormatToStringTest1000" />
    </UnitTest>
    <UnitTest name="xUnitTestProject.CurrencyHelperTests.FormatToStringTest1000(price: 7891.960478953067, expected: &quot;7891.96 zł&quot;)" storage="c:\projekty\xunittestproject\bin\debug\netcoreapp3.1\xunittestproject.dll" id="c31c3c04-c374-418e-36fc-0c705f1df093">
      <Execution id="f9ca4ab9-93d9-44f9-9d7d-bd84561aefc0" />
      <TestMethod codeBase="C:\Projekty\xUnitTestProject\bin\Debug\netcoreapp3.1\xUnitTestProject.dll" adapterTypeName="executor://xunit/VsTestRunner2/netcoreapp" className="xUnitTestProject.CurrencyHelperTests" name="FormatToStringTest1000" />
    </UnitTest>
    <UnitTest name="xUnitTestProject.CurrencyHelperTests.FormatToStringTest1000(price: 21573.45329517613, expected: &quot;21573.45 zł&quot;)" storage="c:\projekty\xunittestproject\bin\debug\netcoreapp3.1\xunittestproject.dll" id="3b56a798-367d-2897-b3e6-a32862419438">
      <Execution id="5d869efe-e295-4b63-9a05-75865d0804db" />
      <TestMethod codeBase="C:\Projekty\xUnitTestProject\bin\Debug\netcoreapp3.1\xUnitTestProject.dll" adapterTypeName="executor://xunit/VsTestRunner2/netcoreapp" className="xUnitTestProject.CurrencyHelperTests" name="FormatToStringTest1000" />
    </UnitTest>
    <UnitTest name="xUnitTestProject.CurrencyHelperTests.FormatToStringTest1000(price: 15509.637406484986, expected: &quot;15509.64 zł&quot;)" storage="c:\projekty\xunittestproject\bin\debug\netcoreapp3.1\xunittestproject.dll" id="7848596b-c8d5-bd4c-d7fe-380e3b0f13fa">
      <Execution id="f38d17bd-8e42-4bce-8aac-e95a823cbd32" />
      <TestMethod codeBase="C:\Projekty\xUnitTestProject\bin\Debug\netcoreapp3.1\xUnitTestProject.dll" adapterTypeName="executor://xunit/VsTestRunner2/netcoreapp" className="xUnitTestProject.CurrencyHelperTests" name="FormatToStringTest1000" />
    </UnitTest>
    <UnitTest name="xUnitTestProject.CurrencyHelperTests.FormatToStringTest1000(price: 52481.07276821932, expected: &quot;52481.07 zł&quot;)" storage="c:\projekty\xunittestproject\bin\debug\netcoreapp3.1\xunittestproject.dll" id="71259de5-a991-d68a-74b6-6304befba6d8">
      <Execution id="b5f8b225-c151-4713-b970-3108f9a0e5e5" />
      <TestMethod codeBase="C:\Projekty\xUnitTestProject\bin\Debug\netcoreapp3.1\xUnitTestProject.dll" adapterTypeName="executor://xunit/VsTestRunner2/netcoreapp" className="xUnitTestProject.CurrencyHelperTests" name="FormatToStringTest1000" />
    </UnitTest>
    <UnitTest name="xUnitTestProject.CurrencyHelperTests.FormatToStringTest1000(price: 64568.131500027666, expected: &quot;64568.13 zł&quot;)" storage="c:\projekty\xunittestproject\bin\debug\netcoreapp3.1\xunittestproject.dll" id="0c81c8d2-5b34-01f9-4916-14e860679bfe">
      <Execution id="8d594e10-73bb-4ae5-b3c3-8fc3fc26d652" />
      <TestMethod codeBase="C:\Projekty\xUnitTestProject\bin\Debug\netcoreapp3.1\xUnitTestProject.dll" adapterTypeName="executor://xunit/VsTestRunner2/netcoreapp" className="xUnitTestProject.CurrencyHelperTests" name="FormatToStringTest1000" />
    </UnitTest>
    <UnitTest name="xUnitTestProject.CurrencyHelperTests.FormatToStringTest1000(price: 8802.811382028653, expected: &quot;8802.81 zł&quot;)" storage="c:\projekty\xunittestproject\bin\debug\netcoreapp3.1\xunittestproject.dll" id="ffe61818-02d5-371a-a7be-23a9f86c9cc7">
      <Execution id="ffc1ff3b-0fb6-4eeb-96f9-4b2e2bcec1b6" />
      <TestMethod codeBase="C:\Projekty\xUnitTestProject\bin\Debug\netcoreapp3.1\xUnitTestProject.dll" adapterTypeName="executor://xunit/VsTestRunner2/netcoreapp" className="xUnitTestProject.CurrencyHelperTests" name="FormatToStringTest1000" />
    </UnitTest>
    <UnitTest name="xUnitTestProject.CurrencyHelperTests.FormatToStringTest1000(price: 12370.243090209198, expected: &quot;12370.24 zł&quot;)" storage="c:\projekty\xunittestproject\bin\debug\netcoreapp3.1\xunittestproject.dll" id="9538a911-f018-0a3e-26cb-52278d332f56">
      <Execution id="a3a6cc66-b289-466f-821e-27c3ee8d7f14" />
      <TestMethod codeBase="C:\Projekty\xUnitTestProject\bin\Debug\netcoreapp3.1\xUnitTestProject.dll" adapterTypeName="executor://xunit/VsTestRunner2/netcoreapp" className="xUnitTestProject.CurrencyHelperTests" name="FormatToStringTest1000" />
    </UnitTest>
    <UnitTest name="xUnitTestProject.CurrencyHelperTests.FormatToStringTest1000(price: 7594.279030504766, expected: &quot;7594.28 zł&quot;)" storage="c:\projekty\xunittestproject\bin\debug\netcoreapp3.1\xunittestproject.dll" id="eaa6b024-a03d-d1dd-abf3-1b023d2d51e1">
      <Execution id="597e90fc-adc0-407d-99d8-2095a5509999" />
      <TestMethod codeBase="C:\Projekty\xUnitTestProject\bin\Debug\netcoreapp3.1\xUnitTestProject.dll" adapterTypeName="executor://xunit/VsTestRunner2/netcoreapp" className="xUnitTestProject.CurrencyHelperTests" name="FormatToStringTest1000" />
    </UnitTest>
    <UnitTest name="xUnitTestProject.CurrencyHelperTests.FormatToStringTest1000(price: 65963.39932440939, expected: &quot;65963.40 zł&quot;)" storage="c:\projekty\xunittestproject\bin\debug\netcoreapp3.1\xunittestproject.dll" id="f8894dae-c947-7fce-9d72-6693c21ad4f8">
      <Execution id="966cd0a5-a587-4cdd-9c9e-b1886fd56b27" />
      <TestMethod codeBase="C:\Projekty\xUnitTestProject\bin\Debug\netcoreapp3.1\xUnitTestProject.dll" adapterTypeName="executor://xunit/VsTestRunner2/netcoreapp" className="xUnitTestProject.CurrencyHelperTests" name="FormatToStringTest1000" />
    </UnitTest>
    <UnitTest name="xUnitTestProject.CurrencyHelperTests.FormatToStringTest1000(price: 18340.935049000167, expected: &quot;18340.94 zł&quot;)" storage="c:\projekty\xunittestproject\bin\debug\netcoreapp3.1\xunittestproject.dll" id="5dc082f5-af3b-2f6f-74c8-0805bee30a46">
      <Execution id="a7315069-e7d9-4598-af11-f7bebd95ba30" />
      <TestMethod codeBase="C:\Projekty\xUnitTestProject\bin\Debug\netcoreapp3.1\xUnitTestProject.dll" adapterTypeName="executor://xunit/VsTestRunner2/netcoreapp" className="xUnitTestProject.CurrencyHelperTests" name="FormatToStringTest1000" />
    </UnitTest>
    <UnitTest name="xUnitTestProject.CurrencyHelperTests.FormatToStringTest1000(price: 10461.455048841171, expected: &quot;10461.46 zł&quot;)" storage="c:\projekty\xunittestproject\bin\debug\netcoreapp3.1\xunittestproject.dll" id="1385f442-8d64-2443-1088-0b70bf667165">
      <Execution id="03878c84-47aa-4543-9514-f8db21dcc03f" />
      <TestMethod codeBase="C:\Projekty\xUnitTestProject\bin\Debug\netcoreapp3.1\xUnitTestProject.dll" adapterTypeName="executor://xunit/VsTestRunner2/netcoreapp" className="xUnitTestProject.CurrencyHelperTests" name="FormatToStringTest1000" />
    </UnitTest>
    <UnitTest name="xUnitTestProject.CurrencyHelperTests.FormatToStringTest1000(price: 9661.966055578536, expected: &quot;9661.97 zł&quot;)" storage="c:\projekty\xunittestproject\bin\debug\netcoreapp3.1\xunittestproject.dll" id="ddbbee19-86a9-bc74-0664-4f6fa63796df">
      <Execution id="c2d5a447-91ba-4230-926e-3f36e5b317f8" />
      <TestMethod codeBase="C:\Projekty\xUnitTestProject\bin\Debug\netcoreapp3.1\xUnitTestProject.dll" adapterTypeName="executor://xunit/VsTestRunner2/netcoreapp" className="xUnitTestProject.CurrencyHelperTests" name="FormatToStringTest1000" />
    </UnitTest>
    <UnitTest name="xUnitTestProject.CurrencyHelperTests.FormatToStringTest1000(price: 7671.0039663785155, expected: &quot;7671.00 zł&quot;)" storage="c:\projekty\xunittestproject\bin\debug\netcoreapp3.1\xunittestproject.dll" id="5f3735b0-854d-d423-adfb-f959d02e73f7">
      <Execution id="948bca53-ce3a-410f-a47f-44d3d46bc8ba" />
      <TestMethod codeBase="C:\Projekty\xUnitTestProject\bin\Debug\netcoreapp3.1\xUnitTestProject.dll" adapterTypeName="executor://xunit/VsTestRunner2/netcoreapp" className="xUnitTestProject.CurrencyHelperTests" name="FormatToStringTest1000" />
    </UnitTest>
    <UnitTest name="xUnitTestProject.CurrencyHelperTests.FormatToStringTest1000(price: 57436.33241095409, expected: &quot;57436.33 zł&quot;)" storage="c:\projekty\xunittestproject\bin\debug\netcoreapp3.1\xunittestproject.dll" id="0d808795-ca9e-3ec0-5d7b-6c498dbb0495">
      <Execution id="14696b76-ed79-4947-af32-861c3da4d0ae" />
      <TestMethod codeBase="C:\Projekty\xUnitTestProject\bin\Debug\netcoreapp3.1\xUnitTestProject.dll" adapterTypeName="executor://xunit/VsTestRunner2/netcoreapp" className="xUnitTestProject.CurrencyHelperTests" name="FormatToStringTest1000" />
    </UnitTest>
    <UnitTest name="xUnitTestProject.CurrencyHelperTests.FormatToStringTest1000(price: 591.2110872302256, expected: &quot;591.21 zł&quot;)" storage="c:\projekty\xunittestproject\bin\debug\netcoreapp3.1\xunittestproject.dll" id="836d8767-01df-4e15-8567-247721a23e4e">
      <Execution id="d34cf20b-ad2c-4bc2-b544-0c666282771c" />
      <TestMethod codeBase="C:\Projekty\xUnitTestProject\bin\Debug\netcoreapp3.1\xUnitTestProject.dll" adapterTypeName="executor://xunit/VsTestRunner2/netcoreapp" className="xUnitTestProject.CurrencyHelperTests" name="FormatToStringTest1000" />
    </UnitTest>
    <UnitTest name="xUnitTestProject.CurrencyHelperTests.FormatToStringTest1000(price: 29417.800422138444, expected: &quot;29417.80 zł&quot;)" storage="c:\projekty\xunittestproject\bin\debug\netcoreapp3.1\xunittestproject.dll" id="4c9ec316-0614-0ed3-d3e3-ff9a3542b3e8">
      <Execution id="26db41a4-e27e-486b-8d75-307afcae5141" />
      <TestMethod codeBase="C:\Projekty\xUnitTestProject\bin\Debug\netcoreapp3.1\xUnitTestProject.dll" adapterTypeName="executor://xunit/VsTestRunner2/netcoreapp" className="xUnitTestProject.CurrencyHelperTests" name="FormatToStringTest1000" />
    </UnitTest>
    <UnitTest name="xUnitTestProject.CurrencyHelperTests.FormatToStringTest1000(price: 51529.79033960206, expected: &quot;51529.79 zł&quot;)" storage="c:\projekty\xunittestproject\bin\debug\netcoreapp3.1\xunittestproject.dll" id="ed2134d1-cccc-7594-ff4e-6670ac477e6f">
      <Execution id="82a47683-3cf0-4f25-b3cd-451c5a4174e1" />
      <TestMethod codeBase="C:\Projekty\xUnitTestProject\bin\Debug\netcoreapp3.1\xUnitTestProject.dll" adapterTypeName="executor://xunit/VsTestRunner2/netcoreapp" className="xUnitTestProject.CurrencyHelperTests" name="FormatToStringTest1000" />
    </UnitTest>
    <UnitTest name="xUnitTestProject.CurrencyHelperTests.FormatToStringTest1000(price: 14719.97001409762, expected: &quot;14719.97 zł&quot;)" storage="c:\projekty\xunittestproject\bin\debug\netcoreapp3.1\xunittestproject.dll" id="0d6a7c9f-244c-8d08-98f4-afd58838a2c2">
      <Execution id="f09f4b61-cf9d-47c6-935f-f799526ccbee" />
      <TestMethod codeBase="C:\Projekty\xUnitTestProject\bin\Debug\netcoreapp3.1\xUnitTestProject.dll" adapterTypeName="executor://xunit/VsTestRunner2/netcoreapp" className="xUnitTestProject.CurrencyHelperTests" name="FormatToStringTest1000" />
    </UnitTest>
    <UnitTest name="xUnitTestProject.CurrencyHelperTests.FormatToStringTest1000(price: 480.2082316857801, expected: &quot;480.21 zł&quot;)" storage="c:\projekty\xunittestproject\bin\debug\netcoreapp3.1\xunittestproject.dll" id="85835fd9-2c0e-82ff-767f-a5379021f4f3">
      <Execution id="326391a1-e2ce-4235-99e2-426ea28e826a" />
      <TestMethod codeBase="C:\Projekty\xUnitTestProject\bin\Debug\netcoreapp3.1\xUnitTestProject.dll" adapterTypeName="executor://xunit/VsTestRunner2/netcoreapp" className="xUnitTestProject.CurrencyHelperTests" name="FormatToStringTest1000" />
    </UnitTest>
    <UnitTest name="xUnitTestProject.CurrencyHelperTests.FormatToStringTest1000(price: 42728.35751444258, expected: &quot;42728.36 zł&quot;)" storage="c:\projekty\xunittestproject\bin\debug\netcoreapp3.1\xunittestproject.dll" id="03e8826c-20fc-cadf-51a4-fe54882f4740">
      <Execution id="a26b00fe-4bc3-4c9f-bf4c-79ff96c86923" />
      <TestMethod codeBase="C:\Projekty\xUnitTestProject\bin\Debug\netcoreapp3.1\xUnitTestProject.dll" adapterTypeName="executor://xunit/VsTestRunner2/netcoreapp" className="xUnitTestProject.CurrencyHelperTests" name="FormatToStringTest1000" />
    </UnitTest>
    <UnitTest name="xUnitTestProject.CurrencyHelperTests.FormatToStringTest1000(price: 27164.0272410419, expected: &quot;27164.03 zł&quot;)" storage="c:\projekty\xunittestproject\bin\debug\netcoreapp3.1\xunittestproject.dll" id="ff7ab5c9-17cd-23b9-cfc1-99026e4f14ac">
      <Execution id="77ed84db-7cf6-4d7b-ae21-dbd328ca634f" />
      <TestMethod codeBase="C:\Projekty\xUnitTestProject\bin\Debug\netcoreapp3.1\xUnitTestProject.dll" adapterTypeName="executor://xunit/VsTestRunner2/netcoreapp" className="xUnitTestProject.CurrencyHelperTests" name="FormatToStringTest1000" />
    </UnitTest>
    <UnitTest name="xUnitTestProject.CurrencyHelperTests.FormatToStringTest1000(price: 9603.199987620208, expected: &quot;9603.20 zł&quot;)" storage="c:\projekty\xunittestproject\bin\debug\netcoreapp3.1\xunittestproject.dll" id="e21002e6-50a6-5886-0d27-79e4c9ba2f92">
      <Execution id="1516bd4b-bfbb-4aac-b318-099c8ffdb06b" />
      <TestMethod codeBase="C:\Projekty\xUnitTestProject\bin\Debug\netcoreapp3.1\xUnitTestProject.dll" adapterTypeName="executor://xunit/VsTestRunner2/netcoreapp" className="xUnitTestProject.CurrencyHelperTests" name="FormatToStringTest1000" />
    </UnitTest>
    <UnitTest name="xUnitTestProject.CurrencyHelperTests.FormatToStringTest1000(price: 6262.373413993219, expected: &quot;6262.37 zł&quot;)" storage="c:\projekty\xunittestproject\bin\debug\netcoreapp3.1\xunittestproject.dll" id="ff8ddb46-4b79-2ee0-2d36-ef22ba3dcd81">
      <Execution id="8985ce20-fdca-44d1-9c4e-030454696120" />
      <TestMethod codeBase="C:\Projekty\xUnitTestProject\bin\Debug\netcoreapp3.1\xUnitTestProject.dll" adapterTypeName="executor://xunit/VsTestRunner2/netcoreapp" className="xUnitTestProject.CurrencyHelperTests" name="FormatToStringTest1000" />
    </UnitTest>
    <UnitTest name="xUnitTestProject.CurrencyHelperTests.FormatToStringTest1000(price: 19462.729986486367, expected: &quot;19462.73 zł&quot;)" storage="c:\projekty\xunittestproject\bin\debug\netcoreapp3.1\xunittestproject.dll" id="1462a569-77b7-fa7d-0148-09ce9f2428e8">
      <Execution id="6f32c018-1172-499e-b7a2-d32e53539688" />
      <TestMethod codeBase="C:\Projekty\xUnitTestProject\bin\Debug\netcoreapp3.1\xUnitTestProject.dll" adapterTypeName="executor://xunit/VsTestRunner2/netcoreapp" className="xUnitTestProject.CurrencyHelperTests" name="FormatToStringTest1000" />
    </UnitTest>
    <UnitTest name="xUnitTestProject.CurrencyHelperTests.FormatToStringTest1000(price: 54578.37303904275, expected: &quot;54578.37 zł&quot;)" storage="c:\projekty\xunittestproject\bin\debug\netcoreapp3.1\xunittestproject.dll" id="0df7d709-570d-9a2b-20b2-9824d27442ba">
      <Execution id="bf772434-8d18-4d86-8fbe-14b22b64a905" />
      <TestMethod codeBase="C:\Projekty\xUnitTestProject\bin\Debug\netcoreapp3.1\xUnitTestProject.dll" adapterTypeName="executor://xunit/VsTestRunner2/netcoreapp" className="xUnitTestProject.CurrencyHelperTests" name="FormatToStringTest1000" />
    </UnitTest>
    <UnitTest name="xUnitTestProject.CurrencyHelperTests.FormatToStringTest1000(price: 1108.7197928823157, expected: &quot;1108.72 zł&quot;)" storage="c:\projekty\xunittestproject\bin\debug\netcoreapp3.1\xunittestproject.dll" id="e06b8219-62b1-a0bc-a073-2837868b5c0e">
      <Execution id="e2aae40b-0800-41e4-bd02-92703713104a" />
      <TestMethod codeBase="C:\Projekty\xUnitTestProject\bin\Debug\netcoreapp3.1\xUnitTestProject.dll" adapterTypeName="executor://xunit/VsTestRunner2/netcoreapp" className="xUnitTestProject.CurrencyHelperTests" name="FormatToStringTest1000" />
    </UnitTest>
    <UnitTest name="xUnitTestProject.CurrencyHelperTests.FormatToStringTest1000(price: 69864.17463991146, expected: &quot;69864.17 zł&quot;)" storage="c:\projekty\xunittestproject\bin\debug\netcoreapp3.1\xunittestproject.dll" id="a75df869-b8ee-c89b-7cd3-025e83911294">
      <Execution id="4679a3ee-049b-4f36-aa30-c985aa72e70a" />
      <TestMethod codeBase="C:\Projekty\xUnitTestProject\bin\Debug\netcoreapp3.1\xUnitTestProject.dll" adapterTypeName="executor://xunit/VsTestRunner2/netcoreapp" className="xUnitTestProject.CurrencyHelperTests" name="FormatToStringTest1000" />
    </UnitTest>
    <UnitTest name="xUnitTestProject.CurrencyHelperTests.FormatToStringTest1000(price: 26220.382477706476, expected: &quot;26220.38 zł&quot;)" storage="c:\projekty\xunittestproject\bin\debug\netcoreapp3.1\xunittestproject.dll" id="1079d268-49d6-f18c-d495-58b580aae9dc">
      <Execution id="53655c0d-bea3-44e9-a1a9-3e907eeb9840" />
      <TestMethod codeBase="C:\Projekty\xUnitTestProject\bin\Debug\netcoreapp3.1\xUnitTestProject.dll" adapterTypeName="executor://xunit/VsTestRunner2/netcoreapp" className="xUnitTestProject.CurrencyHelperTests" name="FormatToStringTest1000" />
    </UnitTest>
    <UnitTest name="xUnitTestProject.CurrencyHelperTests.FormatToStringTest1000(price: 39146.892120180135, expected: &quot;39146.89 zł&quot;)" storage="c:\projekty\xunittestproject\bin\debug\netcoreapp3.1\xunittestproject.dll" id="2059d141-cc28-3ec8-0e84-daba3f077644">
      <Execution id="7ddb82a8-f075-4b15-bc3b-2dec389d87c8" />
      <TestMethod codeBase="C:\Projekty\xUnitTestProject\bin\Debug\netcoreapp3.1\xUnitTestProject.dll" adapterTypeName="executor://xunit/VsTestRunner2/netcoreapp" className="xUnitTestProject.CurrencyHelperTests" name="FormatToStringTest1000" />
    </UnitTest>
    <UnitTest name="xUnitTestProject.CurrencyHelperTests.FormatToStringTest1000(price: 6276.389386365838, expected: &quot;6276.39 zł&quot;)" storage="c:\projekty\xunittestproject\bin\debug\netcoreapp3.1\xunittestproject.dll" id="7c18917f-7141-7732-3a7b-36439ce0baa1">
      <Execution id="9015b994-15c4-4948-878c-6acfe2f71eb9" />
      <TestMethod codeBase="C:\Projekty\xUnitTestProject\bin\Debug\netcoreapp3.1\xUnitTestProject.dll" adapterTypeName="executor://xunit/VsTestRunner2/netcoreapp" className="xUnitTestProject.CurrencyHelperTests" name="FormatToStringTest1000" />
    </UnitTest>
    <UnitTest name="xUnitTestProject.CurrencyHelperTests.FormatToStringTest1000(price: 7716.571614765363, expected: &quot;7716.57 zł&quot;)" storage="c:\projekty\xunittestproject\bin\debug\netcoreapp3.1\xunittestproject.dll" id="135dd56d-570b-92a1-4144-854d04d96ef0">
      <Execution id="13a64e8b-e66b-4c17-acd8-ff71219b2930" />
      <TestMethod codeBase="C:\Projekty\xUnitTestProject\bin\Debug\netcoreapp3.1\xUnitTestProject.dll" adapterTypeName="executor://xunit/VsTestRunner2/netcoreapp" className="xUnitTestProject.CurrencyHelperTests" name="FormatToStringTest1000" />
    </UnitTest>
    <UnitTest name="xUnitTestProject.CurrencyHelperTests.FormatToStringTest1000(price: 59919.71489415491, expected: &quot;59919.71 zł&quot;)" storage="c:\projekty\xunittestproject\bin\debug\netcoreapp3.1\xunittestproject.dll" id="c2db2421-6d50-c505-4572-abf46a5e86c5">
      <Execution id="2adde712-a78c-472f-a283-c4aa1512d7cd" />
      <TestMethod codeBase="C:\Projekty\xUnitTestProject\bin\Debug\netcoreapp3.1\xUnitTestProject.dll" adapterTypeName="executor://xunit/VsTestRunner2/netcoreapp" className="xUnitTestProject.CurrencyHelperTests" name="FormatToStringTest1000" />
    </UnitTest>
    <UnitTest name="xUnitTestProject.CurrencyHelperTests.FormatToStringTest1000(price: 72802.68569213277, expected: &quot;72802.69 zł&quot;)" storage="c:\projekty\xunittestproject\bin\debug\netcoreapp3.1\xunittestproject.dll" id="1aafdcdc-e39a-0bd1-4429-1c1f26634e52">
      <Execution id="b7555bd3-61a4-4b68-8ff4-9b3c75890ecb" />
      <TestMethod codeBase="C:\Projekty\xUnitTestProject\bin\Debug\netcoreapp3.1\xUnitTestProject.dll" adapterTypeName="executor://xunit/VsTestRunner2/netcoreapp" className="xUnitTestProject.CurrencyHelperTests" name="FormatToStringTest1000" />
    </UnitTest>
    <UnitTest name="xUnitTestProject.CurrencyHelperTests.FormatToStringTest1000(price: 272.5621069118204, expected: &quot;272.56 zł&quot;)" storage="c:\projekty\xunittestproject\bin\debug\netcoreapp3.1\xunittestproject.dll" id="8cdd5bbc-dcfa-1d65-90a0-7f353e299d1e">
      <Execution id="d6bb8b28-2262-4e84-8138-8f578bd79c37" />
      <TestMethod codeBase="C:\Projekty\xUnitTestProject\bin\Debug\netcoreapp3.1\xUnitTestProject.dll" adapterTypeName="executor://xunit/VsTestRunner2/netcoreapp" className="xUnitTestProject.CurrencyHelperTests" name="FormatToStringTest1000" />
    </UnitTest>
    <UnitTest name="xUnitTestProject.CurrencyHelperTests.FormatToStringTest1000(price: 21693.340115174808, expected: &quot;21693.34 zł&quot;)" storage="c:\projekty\xunittestproject\bin\debug\netcoreapp3.1\xunittestproject.dll" id="a8f82c34-f413-0466-fc76-669da2c23141">
      <Execution id="ec3570d4-a0ed-4153-b046-087c3c60104f" />
      <TestMethod codeBase="C:\Projekty\xUnitTestProject\bin\Debug\netcoreapp3.1\xUnitTestProject.dll" adapterTypeName="executor://xunit/VsTestRunner2/netcoreapp" className="xUnitTestProject.CurrencyHelperTests" name="FormatToStringTest1000" />
    </UnitTest>
    <UnitTest name="xUnitTestProject.CurrencyHelperTests.FormatToStringTest1000(price: 486.15309567942893, expected: &quot;486.15 zł&quot;)" storage="c:\projekty\xunittestproject\bin\debug\netcoreapp3.1\xunittestproject.dll" id="de1aa414-8fbd-dead-288e-d558b1305dac">
      <Execution id="2ea771ca-94c4-42f8-b16e-ae962a36d8aa" />
      <TestMethod codeBase="C:\Projekty\xUnitTestProject\bin\Debug\netcoreapp3.1\xUnitTestProject.dll" adapterTypeName="executor://xunit/VsTestRunner2/netcoreapp" className="xUnitTestProject.CurrencyHelperTests" name="FormatToStringTest1000" />
    </UnitTest>
    <UnitTest name="xUnitTestProject.CurrencyHelperTests.FormatToStringTest1000(price: 11430.666613002619, expected: &quot;11430.67 zł&quot;)" storage="c:\projekty\xunittestproject\bin\debug\netcoreapp3.1\xunittestproject.dll" id="f406acd8-9b69-9411-bf61-2d74f259f69e">
      <Execution id="57734ef4-f7bc-4696-b640-0d732dd45e09" />
      <TestMethod codeBase="C:\Projekty\xUnitTestProject\bin\Debug\netcoreapp3.1\xUnitTestProject.dll" adapterTypeName="executor://xunit/VsTestRunner2/netcoreapp" className="xUnitTestProject.CurrencyHelperTests" name="FormatToStringTest1000" />
    </UnitTest>
    <UnitTest name="xUnitTestProject.CurrencyHelperTests.FormatToStringTest1000(price: 34096.337879508894, expected: &quot;34096.34 zł&quot;)" storage="c:\projekty\xunittestproject\bin\debug\netcoreapp3.1\xunittestproject.dll" id="aae9a2f6-c5ae-d742-7ea5-60de6dc3d9cf">
      <Execution id="01e26d92-4668-4c76-8d82-bf3f0f84b021" />
      <TestMethod codeBase="C:\Projekty\xUnitTestProject\bin\Debug\netcoreapp3.1\xUnitTestProject.dll" adapterTypeName="executor://xunit/VsTestRunner2/netcoreapp" className="xUnitTestProject.CurrencyHelperTests" name="FormatToStringTest1000" />
    </UnitTest>
    <UnitTest name="xUnitTestProject.CurrencyHelperTests.FormatToStringTest1000(price: 12091.219941106729, expected: &quot;12091.22 zł&quot;)" storage="c:\projekty\xunittestproject\bin\debug\netcoreapp3.1\xunittestproject.dll" id="230e1e23-a8f6-7ac5-0938-0ce23eabf420">
      <Execution id="683332f7-2d22-479e-bb40-2f8e3dab5735" />
      <TestMethod codeBase="C:\Projekty\xUnitTestProject\bin\Debug\netcoreapp3.1\xUnitTestProject.dll" adapterTypeName="executor://xunit/VsTestRunner2/netcoreapp" className="xUnitTestProject.CurrencyHelperTests" name="FormatToStringTest1000" />
    </UnitTest>
    <UnitTest name="xUnitTestProject.CurrencyHelperTests.FormatToStringTest1000(price: 1745.490603896552, expected: &quot;1745.49 zł&quot;)" storage="c:\projekty\xunittestproject\bin\debug\netcoreapp3.1\xunittestproject.dll" id="d74171b4-c8ee-1912-2996-ae0e2e26eb23">
      <Execution id="8225aa63-1304-43ca-8b9a-11280b4205ba" />
      <TestMethod codeBase="C:\Projekty\xUnitTestProject\bin\Debug\netcoreapp3.1\xUnitTestProject.dll" adapterTypeName="executor://xunit/VsTestRunner2/netcoreapp" className="xUnitTestProject.CurrencyHelperTests" name="FormatToStringTest1000" />
    </UnitTest>
    <UnitTest name="xUnitTestProject.CurrencyHelperTests.FormatToStringTest1000(price: 27027.327683509946, expected: &quot;27027.33 zł&quot;)" storage="c:\projekty\xunittestproject\bin\debug\netcoreapp3.1\xunittestproject.dll" id="e3939992-ed7f-a290-3278-0cb23f85c16d">
      <Execution id="18a6a533-6733-42dd-a161-5103f20b19c1" />
      <TestMethod codeBase="C:\Projekty\xUnitTestProject\bin\Debug\netcoreapp3.1\xUnitTestProject.dll" adapterTypeName="executor://xunit/VsTestRunner2/netcoreapp" className="xUnitTestProject.CurrencyHelperTests" name="FormatToStringTest1000" />
    </UnitTest>
    <UnitTest name="xUnitTestProject.CurrencyHelperTests.FormatToStringTest1000(price: 8242.419043611, expected: &quot;8242.42 zł&quot;)" storage="c:\projekty\xunittestproject\bin\debug\netcoreapp3.1\xunittestproject.dll" id="f54965f2-1519-0721-6d19-cf1386c23793">
      <Execution id="6e3ec7e6-c298-496e-a38c-a0653facabdf" />
      <TestMethod codeBase="C:\Projekty\xUnitTestProject\bin\Debug\netcoreapp3.1\xUnitTestProject.dll" adapterTypeName="executor://xunit/VsTestRunner2/netcoreapp" className="xUnitTestProject.CurrencyHelperTests" name="FormatToStringTest1000" />
    </UnitTest>
    <UnitTest name="xUnitTestProject.CurrencyHelperTests.FormatToStringTest1000(price: 8492.904747505161, expected: &quot;8492.90 zł&quot;)" storage="c:\projekty\xunittestproject\bin\debug\netcoreapp3.1\xunittestproject.dll" id="8f3ac04b-f653-5459-90af-f61d3689f759">
      <Execution id="d1cff2ba-2d46-40b2-a449-4736bc6f919a" />
      <TestMethod codeBase="C:\Projekty\xUnitTestProject\bin\Debug\netcoreapp3.1\xUnitTestProject.dll" adapterTypeName="executor://xunit/VsTestRunner2/netcoreapp" className="xUnitTestProject.CurrencyHelperTests" name="FormatToStringTest1000" />
    </UnitTest>
    <UnitTest name="xUnitTestProject.CurrencyHelperTests.FormatToStringTest1000(price: 12308.022158465357, expected: &quot;12308.02 zł&quot;)" storage="c:\projekty\xunittestproject\bin\debug\netcoreapp3.1\xunittestproject.dll" id="62b1fe99-5a28-bc9f-0494-f16f9326c1bc">
      <Execution id="71492022-b50b-4865-bf65-d6fcda5c5fdd" />
      <TestMethod codeBase="C:\Projekty\xUnitTestProject\bin\Debug\netcoreapp3.1\xUnitTestProject.dll" adapterTypeName="executor://xunit/VsTestRunner2/netcoreapp" className="xUnitTestProject.CurrencyHelperTests" name="FormatToStringTest1000" />
    </UnitTest>
    <UnitTest name="xUnitTestProject.CurrencyHelperTests.FormatToStringTest1000(price: 1325.1625259114255, expected: &quot;1325.16 zł&quot;)" storage="c:\projekty\xunittestproject\bin\debug\netcoreapp3.1\xunittestproject.dll" id="8a119c68-dcc0-dba7-c987-45fbb976469b">
      <Execution id="bc6d06a7-8d0f-445f-911f-11b80529c4b6" />
      <TestMethod codeBase="C:\Projekty\xUnitTestProject\bin\Debug\netcoreapp3.1\xUnitTestProject.dll" adapterTypeName="executor://xunit/VsTestRunner2/netcoreapp" className="xUnitTestProject.CurrencyHelperTests" name="FormatToStringTest1000" />
    </UnitTest>
    <UnitTest name="xUnitTestProject.CurrencyHelperTests.FormatToStringTest1000(price: 37528.70144368368, expected: &quot;37528.70 zł&quot;)" storage="c:\projekty\xunittestproject\bin\debug\netcoreapp3.1\xunittestproject.dll" id="444b6055-8e36-cf16-2594-6f26fe677cd1">
      <Execution id="2d187f24-aba4-482d-aa26-b709ea2d3639" />
      <TestMethod codeBase="C:\Projekty\xUnitTestProject\bin\Debug\netcoreapp3.1\xUnitTestProject.dll" adapterTypeName="executor://xunit/VsTestRunner2/netcoreapp" className="xUnitTestProject.CurrencyHelperTests" name="FormatToStringTest1000" />
    </UnitTest>
    <UnitTest name="xUnitTestProject.CurrencyHelperTests.FormatToStringTest1000(price: 8908.080586221107, expected: &quot;8908.08 zł&quot;)" storage="c:\projekty\xunittestproject\bin\debug\netcoreapp3.1\xunittestproject.dll" id="a00a0db9-3140-48ef-5f63-6a059b1f6f40">
      <Execution id="4e912e38-dda6-4a63-9725-ed3441a123d1" />
      <TestMethod codeBase="C:\Projekty\xUnitTestProject\bin\Debug\netcoreapp3.1\xUnitTestProject.dll" adapterTypeName="executor://xunit/VsTestRunner2/netcoreapp" className="xUnitTestProject.CurrencyHelperTests" name="FormatToStringTest1000" />
    </UnitTest>
    <UnitTest name="xUnitTestProject.CurrencyHelperTests.FormatToStringTest1000(price: 28502.61128259758, expected: &quot;28502.61 zł&quot;)" storage="c:\projekty\xunittestproject\bin\debug\netcoreapp3.1\xunittestproject.dll" id="56dbe364-b862-68d4-f157-de01aca24e66">
      <Execution id="32311ec4-114f-44dc-9769-f6dbc0f68465" />
      <TestMethod codeBase="C:\Projekty\xUnitTestProject\bin\Debug\netcoreapp3.1\xUnitTestProject.dll" adapterTypeName="executor://xunit/VsTestRunner2/netcoreapp" className="xUnitTestProject.CurrencyHelperTests" name="FormatToStringTest1000" />
    </UnitTest>
    <UnitTest name="xUnitTestProject.CurrencyHelperTests.FormatToStringTest1000(price: 9079.930405251649, expected: &quot;9079.93 zł&quot;)" storage="c:\projekty\xunittestproject\bin\debug\netcoreapp3.1\xunittestproject.dll" id="65e69234-8b4f-5c5d-4c39-26b683719c33">
      <Execution id="665e0327-1fc9-4d4f-a9f9-4310a0dd8c0f" />
      <TestMethod codeBase="C:\Projekty\xUnitTestProject\bin\Debug\netcoreapp3.1\xUnitTestProject.dll" adapterTypeName="executor://xunit/VsTestRunner2/netcoreapp" className="xUnitTestProject.CurrencyHelperTests" name="FormatToStringTest1000" />
    </UnitTest>
    <UnitTest name="xUnitTestProject.CurrencyHelperTests.FormatToStringTest1000(price: 2951.2722077329045, expected: &quot;2951.27 zł&quot;)" storage="c:\projekty\xunittestproject\bin\debug\netcoreapp3.1\xunittestproject.dll" id="be4ac306-3050-79c7-e4db-2e676fbdab1b">
      <Execution id="d47f18e6-3336-4815-b4d6-e712115d717e" />
      <TestMethod codeBase="C:\Projekty\xUnitTestProject\bin\Debug\netcoreapp3.1\xUnitTestProject.dll" adapterTypeName="executor://xunit/VsTestRunner2/netcoreapp" className="xUnitTestProject.CurrencyHelperTests" name="FormatToStringTest1000" />
    </UnitTest>
    <UnitTest name="xUnitTestProject.CurrencyHelperTests.FormatToStringTest1000(price: 14480.387652530982, expected: &quot;14480.39 zł&quot;)" storage="c:\projekty\xunittestproject\bin\debug\netcoreapp3.1\xunittestproject.dll" id="18167db3-c21a-1968-f83d-cf6f5b58219d">
      <Execution id="7cccace5-de4e-4c47-83d0-883ca306eff9" />
      <TestMethod codeBase="C:\Projekty\xUnitTestProject\bin\Debug\netcoreapp3.1\xUnitTestProject.dll" adapterTypeName="executor://xunit/VsTestRunner2/netcoreapp" className="xUnitTestProject.CurrencyHelperTests" name="FormatToStringTest1000" />
    </UnitTest>
    <UnitTest name="xUnitTestProject.CurrencyHelperTests.FormatToStringTest1000(price: 48544.390887578666, expected: &quot;48544.39 zł&quot;)" storage="c:\projekty\xunittestproject\bin\debug\netcoreapp3.1\xunittestproject.dll" id="248dc14a-7b24-2159-ea3a-30144e961aa7">
      <Execution id="a59eec40-3fd5-4c09-9290-89a8b776145e" />
      <TestMethod codeBase="C:\Projekty\xUnitTestProject\bin\Debug\netcoreapp3.1\xUnitTestProject.dll" adapterTypeName="executor://xunit/VsTestRunner2/netcoreapp" className="xUnitTestProject.CurrencyHelperTests" name="FormatToStringTest1000" />
    </UnitTest>
    <UnitTest name="xUnitTestProject.CurrencyHelperTests.FormatToStringTest1000(price: 52032.65082931176, expected: &quot;52032.65 zł&quot;)" storage="c:\projekty\xunittestproject\bin\debug\netcoreapp3.1\xunittestproject.dll" id="9f74ffc2-1a7b-4759-a337-57d1812dbf3f">
      <Execution id="c6989b97-8070-4441-a2f9-2b3ab244eea4" />
      <TestMethod codeBase="C:\Projekty\xUnitTestProject\bin\Debug\netcoreapp3.1\xUnitTestProject.dll" adapterTypeName="executor://xunit/VsTestRunner2/netcoreapp" className="xUnitTestProject.CurrencyHelperTests" name="FormatToStringTest1000" />
    </UnitTest>
    <UnitTest name="xUnitTestProject.CurrencyHelperTests.FormatToStringTest1000(price: 7370.518277515898, expected: &quot;7370.52 zł&quot;)" storage="c:\projekty\xunittestproject\bin\debug\netcoreapp3.1\xunittestproject.dll" id="170260b6-6610-99a8-adfb-d2dcbd80a40f">
      <Execution id="a7a4f2bc-91e2-4202-bb53-1527edd90868" />
      <TestMethod codeBase="C:\Projekty\xUnitTestProject\bin\Debug\netcoreapp3.1\xUnitTestProject.dll" adapterTypeName="executor://xunit/VsTestRunner2/netcoreapp" className="xUnitTestProject.CurrencyHelperTests" name="FormatToStringTest1000" />
    </UnitTest>
    <UnitTest name="xUnitTestProject.CurrencyHelperTests.FormatToStringTest1000(price: 24570.65594858893, expected: &quot;24570.66 zł&quot;)" storage="c:\projekty\xunittestproject\bin\debug\netcoreapp3.1\xunittestproject.dll" id="75f79a5e-625f-18cb-34f2-c39806bd0036">
      <Execution id="08dba986-664b-4f2e-8825-11bced665fd7" />
      <TestMethod codeBase="C:\Projekty\xUnitTestProject\bin\Debug\netcoreapp3.1\xUnitTestProject.dll" adapterTypeName="executor://xunit/VsTestRunner2/netcoreapp" className="xUnitTestProject.CurrencyHelperTests" name="FormatToStringTest1000" />
    </UnitTest>
    <UnitTest name="xUnitTestProject.CurrencyHelperTests.FormatToStringTest1000(price: 55782.67998761762, expected: &quot;55782.68 zł&quot;)" storage="c:\projekty\xunittestproject\bin\debug\netcoreapp3.1\xunittestproject.dll" id="1cdc361a-ffee-1052-df8d-ab7786ba69bf">
      <Execution id="e056f04c-73a6-490d-84f8-042306fab9f3" />
      <TestMethod codeBase="C:\Projekty\xUnitTestProject\bin\Debug\netcoreapp3.1\xUnitTestProject.dll" adapterTypeName="executor://xunit/VsTestRunner2/netcoreapp" className="xUnitTestProject.CurrencyHelperTests" name="FormatToStringTest1000" />
    </UnitTest>
    <UnitTest name="xUnitTestProject.CurrencyHelperTests.FormatToStringTest1000(price: 74152.7503934562, expected: &quot;74152.75 zł&quot;)" storage="c:\projekty\xunittestproject\bin\debug\netcoreapp3.1\xunittestproject.dll" id="3326d350-1af4-4add-085b-c52b861e91af">
      <Execution id="9781e01b-d862-4724-90ac-c8d42dd701a1" />
      <TestMethod codeBase="C:\Projekty\xUnitTestProject\bin\Debug\netcoreapp3.1\xUnitTestProject.dll" adapterTypeName="executor://xunit/VsTestRunner2/netcoreapp" className="xUnitTestProject.CurrencyHelperTests" name="FormatToStringTest1000" />
    </UnitTest>
    <UnitTest name="xUnitTestProject.CurrencyHelperTests.FormatToStringTest1000(price: 100.45267071130345, expected: &quot;100.45 zł&quot;)" storage="c:\projekty\xunittestproject\bin\debug\netcoreapp3.1\xunittestproject.dll" id="d44a0649-8200-dc14-ee0f-9aa1a5e79e57">
      <Execution id="cf7efd2e-b673-4688-b8ae-6edc8abf86e4" />
      <TestMethod codeBase="C:\Projekty\xUnitTestProject\bin\Debug\netcoreapp3.1\xUnitTestProject.dll" adapterTypeName="executor://xunit/VsTestRunner2/netcoreapp" className="xUnitTestProject.CurrencyHelperTests" name="FormatToStringTest1000" />
    </UnitTest>
    <UnitTest name="xUnitTestProject.CurrencyHelperTests.FormatToStringTest1000(price: 11022.594234092438, expected: &quot;11022.59 zł&quot;)" storage="c:\projekty\xunittestproject\bin\debug\netcoreapp3.1\xunittestproject.dll" id="0a8dd3d5-59e9-8093-402f-f8fc213265ce">
      <Execution id="f7ec433b-3af6-4e8a-87a5-3e8301cdfeca" />
      <TestMethod codeBase="C:\Projekty\xUnitTestProject\bin\Debug\netcoreapp3.1\xUnitTestProject.dll" adapterTypeName="executor://xunit/VsTestRunner2/netcoreapp" className="xUnitTestProject.CurrencyHelperTests" name="FormatToStringTest1000" />
    </UnitTest>
    <UnitTest name="xUnitTestProject.CurrencyHelperTests.FormatToStringTest1000(price: 4554.73912809777, expected: &quot;4554.74 zł&quot;)" storage="c:\projekty\xunittestproject\bin\debug\netcoreapp3.1\xunittestproject.dll" id="c0f25143-2b07-04f3-95cc-c9746948afb7">
      <Execution id="64e1779c-aff0-4fa8-8a56-6580df08463c" />
      <TestMethod codeBase="C:\Projekty\xUnitTestProject\bin\Debug\netcoreapp3.1\xUnitTestProject.dll" adapterTypeName="executor://xunit/VsTestRunner2/netcoreapp" className="xUnitTestProject.CurrencyHelperTests" name="FormatToStringTest1000" />
    </UnitTest>
    <UnitTest name="xUnitTestProject.CurrencyHelperTests.FormatToStringTest1000(price: 1687.6029180025694, expected: &quot;1687.60 zł&quot;)" storage="c:\projekty\xunittestproject\bin\debug\netcoreapp3.1\xunittestproject.dll" id="1cc15eeb-9d05-d094-9231-53ade30093a7">
      <Execution id="889ac57a-1890-4ffc-b163-7bd455430584" />
      <TestMethod codeBase="C:\Projekty\xUnitTestProject\bin\Debug\netcoreapp3.1\xUnitTestProject.dll" adapterTypeName="executor://xunit/VsTestRunner2/netcoreapp" className="xUnitTestProject.CurrencyHelperTests" name="FormatToStringTest1000" />
    </UnitTest>
    <UnitTest name="xUnitTestProject.CurrencyHelperTests.FormatToStringTest1000(price: 10965.74607995746, expected: &quot;10965.75 zł&quot;)" storage="c:\projekty\xunittestproject\bin\debug\netcoreapp3.1\xunittestproject.dll" id="c83faa4e-9cfa-b743-e7ea-a4956027273b">
      <Execution id="74fd491e-cc8e-407a-b95e-45d19ea31a1d" />
      <TestMethod codeBase="C:\Projekty\xUnitTestProject\bin\Debug\netcoreapp3.1\xUnitTestProject.dll" adapterTypeName="executor://xunit/VsTestRunner2/netcoreapp" className="xUnitTestProject.CurrencyHelperTests" name="FormatToStringTest1000" />
    </UnitTest>
    <UnitTest name="xUnitTestProject.CurrencyHelperTests.FormatToStringTest1000(price: 1568.615240217473, expected: &quot;1568.62 zł&quot;)" storage="c:\projekty\xunittestproject\bin\debug\netcoreapp3.1\xunittestproject.dll" id="5a540ea5-a914-2a7a-fb65-63091b7a1082">
      <Execution id="42e80175-d501-44b1-888a-20aa2455f342" />
      <TestMethod codeBase="C:\Projekty\xUnitTestProject\bin\Debug\netcoreapp3.1\xUnitTestProject.dll" adapterTypeName="executor://xunit/VsTestRunner2/netcoreapp" className="xUnitTestProject.CurrencyHelperTests" name="FormatToStringTest1000" />
    </UnitTest>
    <UnitTest name="xUnitTestProject.CurrencyHelperTests.FormatToStringTest1000(price: 55010.474927814896, expected: &quot;55010.47 zł&quot;)" storage="c:\projekty\xunittestproject\bin\debug\netcoreapp3.1\xunittestproject.dll" id="4c68b106-0b95-e518-2e9e-d72489df9e7e">
      <Execution id="25c0772e-b59f-4e65-8ec4-c7d4bc61f912" />
      <TestMethod codeBase="C:\Projekty\xUnitTestProject\bin\Debug\netcoreapp3.1\xUnitTestProject.dll" adapterTypeName="executor://xunit/VsTestRunner2/netcoreapp" className="xUnitTestProject.CurrencyHelperTests" name="FormatToStringTest1000" />
    </UnitTest>
    <UnitTest name="xUnitTestProject.CurrencyHelperTests.FormatToStringTest1000(price: 2298.0331723829886, expected: &quot;2298.03 zł&quot;)" storage="c:\projekty\xunittestproject\bin\debug\netcoreapp3.1\xunittestproject.dll" id="83af6274-cbc6-0821-9d1c-d71c57f5ac71">
      <Execution id="c042101a-2f41-43d3-a4ce-e7c8eb4c7237" />
      <TestMethod codeBase="C:\Projekty\xUnitTestProject\bin\Debug\netcoreapp3.1\xUnitTestProject.dll" adapterTypeName="executor://xunit/VsTestRunner2/netcoreapp" className="xUnitTestProject.CurrencyHelperTests" name="FormatToStringTest1000" />
    </UnitTest>
    <UnitTest name="xUnitTestProject.CurrencyHelperTests.FormatToStringTest1000(price: 8885.065440211942, expected: &quot;8885.07 zł&quot;)" storage="c:\projekty\xunittestproject\bin\debug\netcoreapp3.1\xunittestproject.dll" id="9ecb75d8-2160-8266-876b-6361db8213dc">
      <Execution id="81887657-9fe9-4826-ba1b-7670fcfb1a62" />
      <TestMethod codeBase="C:\Projekty\xUnitTestProject\bin\Debug\netcoreapp3.1\xUnitTestProject.dll" adapterTypeName="executor://xunit/VsTestRunner2/netcoreapp" className="xUnitTestProject.CurrencyHelperTests" name="FormatToStringTest1000" />
    </UnitTest>
    <UnitTest name="xUnitTestProject.CurrencyHelperTests.FormatToStringTest1000(price: 38640.62766693003, expected: &quot;38640.63 zł&quot;)" storage="c:\projekty\xunittestproject\bin\debug\netcoreapp3.1\xunittestproject.dll" id="ce6af9f0-4b11-7bc7-9919-f6caf3d5d5f3">
      <Execution id="026df74a-4395-4782-b9be-98d06644ec63" />
      <TestMethod codeBase="C:\Projekty\xUnitTestProject\bin\Debug\netcoreapp3.1\xUnitTestProject.dll" adapterTypeName="executor://xunit/VsTestRunner2/netcoreapp" className="xUnitTestProject.CurrencyHelperTests" name="FormatToStringTest1000" />
    </UnitTest>
    <UnitTest name="xUnitTestProject.CurrencyHelperTests.FormatToStringTest1000(price: 803.2448148733214, expected: &quot;803.24 zł&quot;)" storage="c:\projekty\xunittestproject\bin\debug\netcoreapp3.1\xunittestproject.dll" id="034f9192-5731-ab77-854c-d5ad3844ecab">
      <Execution id="9dd0bf76-4551-4f62-99c0-06b547ef650c" />
      <TestMethod codeBase="C:\Projekty\xUnitTestProject\bin\Debug\netcoreapp3.1\xUnitTestProject.dll" adapterTypeName="executor://xunit/VsTestRunner2/netcoreapp" className="xUnitTestProject.CurrencyHelperTests" name="FormatToStringTest1000" />
    </UnitTest>
    <UnitTest name="xUnitTestProject.CurrencyHelperTests.FormatToStringTest1000(price: 37826.846755123166, expected: &quot;37826.85 zł&quot;)" storage="c:\projekty\xunittestproject\bin\debug\netcoreapp3.1\xunittestproject.dll" id="a3944110-24ef-a5f3-993b-c0e54d094618">
      <Execution id="b8486d50-4e56-42df-bf8e-d0480f02d6dd" />
      <TestMethod codeBase="C:\Projekty\xUnitTestProject\bin\Debug\netcoreapp3.1\xUnitTestProject.dll" adapterTypeName="executor://xunit/VsTestRunner2/netcoreapp" className="xUnitTestProject.CurrencyHelperTests" name="FormatToStringTest1000" />
    </UnitTest>
    <UnitTest name="xUnitTestProject.CurrencyHelperTests.FormatToStringTest1000(price: 8599.45217413616, expected: &quot;8599.45 zł&quot;)" storage="c:\projekty\xunittestproject\bin\debug\netcoreapp3.1\xunittestproject.dll" id="459b3c16-63b4-fc77-bb08-22086969eb93">
      <Execution id="6e73477f-ac0f-44fb-8d84-f6deff6dca63" />
      <TestMethod codeBase="C:\Projekty\xUnitTestProject\bin\Debug\netcoreapp3.1\xUnitTestProject.dll" adapterTypeName="executor://xunit/VsTestRunner2/netcoreapp" className="xUnitTestProject.CurrencyHelperTests" name="FormatToStringTest1000" />
    </UnitTest>
    <UnitTest name="xUnitTestProject.CurrencyHelperTests.FormatToStringTest1000(price: 6220.182014914314, expected: &quot;6220.18 zł&quot;)" storage="c:\projekty\xunittestproject\bin\debug\netcoreapp3.1\xunittestproject.dll" id="0d6018bc-c4c3-ac7c-618e-ae3024a5dbea">
      <Execution id="030462e2-bab9-4195-baae-2a26e4dfa72d" />
      <TestMethod codeBase="C:\Projekty\xUnitTestProject\bin\Debug\netcoreapp3.1\xUnitTestProject.dll" adapterTypeName="executor://xunit/VsTestRunner2/netcoreapp" className="xUnitTestProject.CurrencyHelperTests" name="FormatToStringTest1000" />
    </UnitTest>
    <UnitTest name="xUnitTestProject.CurrencyHelperTests.FormatToStringTest1000(price: 4652.407073443945, expected: &quot;4652.41 zł&quot;)" storage="c:\projekty\xunittestproject\bin\debug\netcoreapp3.1\xunittestproject.dll" id="80d0ff60-cfaf-35b0-6f6e-60db427c7f85">
      <Execution id="7553fd79-8f7c-431b-a520-609b562367d6" />
      <TestMethod codeBase="C:\Projekty\xUnitTestProject\bin\Debug\netcoreapp3.1\xUnitTestProject.dll" adapterTypeName="executor://xunit/VsTestRunner2/netcoreapp" className="xUnitTestProject.CurrencyHelperTests" name="FormatToStringTest1000" />
    </UnitTest>
    <UnitTest name="xUnitTestProject.CurrencyHelperTests.FormatToStringTest1000(price: 2883.637133003975, expected: &quot;2883.64 zł&quot;)" storage="c:\projekty\xunittestproject\bin\debug\netcoreapp3.1\xunittestproject.dll" id="4d3fe7e4-2bde-cfc0-5403-0728b7dde62a">
      <Execution id="6e8d8eff-7f9b-47aa-b299-99fb4ac88148" />
      <TestMethod codeBase="C:\Projekty\xUnitTestProject\bin\Debug\netcoreapp3.1\xUnitTestProject.dll" adapterTypeName="executor://xunit/VsTestRunner2/netcoreapp" className="xUnitTestProject.CurrencyHelperTests" name="FormatToStringTest1000" />
    </UnitTest>
    <UnitTest name="xUnitTestProject.CurrencyHelperTests.FormatToStringTest1000(price: 57237.252356975456, expected: &quot;57237.25 zł&quot;)" storage="c:\projekty\xunittestproject\bin\debug\netcoreapp3.1\xunittestproject.dll" id="761b6e00-61f3-b300-b2f5-8d5765381437">
      <Execution id="2a53ac86-b7ca-45ab-bd9b-8401eafbb8bd" />
      <TestMethod codeBase="C:\Projekty\xUnitTestProject\bin\Debug\netcoreapp3.1\xUnitTestProject.dll" adapterTypeName="executor://xunit/VsTestRunner2/netcoreapp" className="xUnitTestProject.CurrencyHelperTests" name="FormatToStringTest1000" />
    </UnitTest>
    <UnitTest name="xUnitTestProject.CurrencyHelperTests.FormatToStringTest1000(price: 15566.957545477411, expected: &quot;15566.96 zł&quot;)" storage="c:\projekty\xunittestproject\bin\debug\netcoreapp3.1\xunittestproject.dll" id="4b06698d-5339-0a98-2e05-9ce80b4b1ec4">
      <Execution id="dcb5a65f-31f3-462e-a77a-7f4ca4978f17" />
      <TestMethod codeBase="C:\Projekty\xUnitTestProject\bin\Debug\netcoreapp3.1\xUnitTestProject.dll" adapterTypeName="executor://xunit/VsTestRunner2/netcoreapp" className="xUnitTestProject.CurrencyHelperTests" name="FormatToStringTest1000" />
    </UnitTest>
    <UnitTest name="xUnitTestProject.CurrencyHelperTests.FormatToStringTest1000(price: 35784.54232617307, expected: &quot;35784.54 zł&quot;)" storage="c:\projekty\xunittestproject\bin\debug\netcoreapp3.1\xunittestproject.dll" id="99f07415-68e4-3476-dd07-6ad55eba383b">
      <Execution id="b150fc7c-49d9-4d52-a40e-ec3a0bd02333" />
      <TestMethod codeBase="C:\Projekty\xUnitTestProject\bin\Debug\netcoreapp3.1\xUnitTestProject.dll" adapterTypeName="executor://xunit/VsTestRunner2/netcoreapp" className="xUnitTestProject.CurrencyHelperTests" name="FormatToStringTest1000" />
    </UnitTest>
    <UnitTest name="xUnitTestProject.CurrencyHelperTests.FormatToStringTest1000(price: 2039.440966411699, expected: &quot;2039.44 zł&quot;)" storage="c:\projekty\xunittestproject\bin\debug\netcoreapp3.1\xunittestproject.dll" id="0a0bc23b-0e81-f4f7-edb6-cfc0213b6904">
      <Execution id="f86ba957-5287-4d6f-8a31-1dc5c7b777ff" />
      <TestMethod codeBase="C:\Projekty\xUnitTestProject\bin\Debug\netcoreapp3.1\xUnitTestProject.dll" adapterTypeName="executor://xunit/VsTestRunner2/netcoreapp" className="xUnitTestProject.CurrencyHelperTests" name="FormatToStringTest1000" />
    </UnitTest>
    <UnitTest name="xUnitTestProject.CurrencyHelperTests.FormatToStringTest1000(price: 5396.620088554277, expected: &quot;5396.62 zł&quot;)" storage="c:\projekty\xunittestproject\bin\debug\netcoreapp3.1\xunittestproject.dll" id="2cd343bd-badc-869e-d32e-7b446b74dbcf">
      <Execution id="4257d79d-a186-415c-a35a-f0d676906af2" />
      <TestMethod codeBase="C:\Projekty\xUnitTestProject\bin\Debug\netcoreapp3.1\xUnitTestProject.dll" adapterTypeName="executor://xunit/VsTestRunner2/netcoreapp" className="xUnitTestProject.CurrencyHelperTests" name="FormatToStringTest1000" />
    </UnitTest>
    <UnitTest name="xUnitTestProject.CurrencyHelperTests.FormatToStringTest1000(price: 12187.551827252633, expected: &quot;12187.55 zł&quot;)" storage="c:\projekty\xunittestproject\bin\debug\netcoreapp3.1\xunittestproject.dll" id="73284804-3614-1086-c9d3-907dba871693">
      <Execution id="1701d0b4-ae4b-4ad1-9350-77745d1b16f2" />
      <TestMethod codeBase="C:\Projekty\xUnitTestProject\bin\Debug\netcoreapp3.1\xUnitTestProject.dll" adapterTypeName="executor://xunit/VsTestRunner2/netcoreapp" className="xUnitTestProject.CurrencyHelperTests" name="FormatToStringTest1000" />
    </UnitTest>
    <UnitTest name="xUnitTestProject.CurrencyHelperTests.FormatToStringTest1000(price: 8347.417790138823, expected: &quot;8347.42 zł&quot;)" storage="c:\projekty\xunittestproject\bin\debug\netcoreapp3.1\xunittestproject.dll" id="38bf740f-4d67-502e-2cfd-d66470e846d5">
      <Execution id="091427c6-2de8-47a1-9cbc-87a901523b1d" />
      <TestMethod codeBase="C:\Projekty\xUnitTestProject\bin\Debug\netcoreapp3.1\xUnitTestProject.dll" adapterTypeName="executor://xunit/VsTestRunner2/netcoreapp" className="xUnitTestProject.CurrencyHelperTests" name="FormatToStringTest1000" />
    </UnitTest>
    <UnitTest name="xUnitTestProject.CurrencyHelperTests.FormatToStringTest1000(price: 19216.446905020366, expected: &quot;19216.45 zł&quot;)" storage="c:\projekty\xunittestproject\bin\debug\netcoreapp3.1\xunittestproject.dll" id="0dda947f-a97a-e494-3314-a0e77995fdce">
      <Execution id="cdc3dcac-7f2b-4f74-aaac-9257508fc02a" />
      <TestMethod codeBase="C:\Projekty\xUnitTestProject\bin\Debug\netcoreapp3.1\xUnitTestProject.dll" adapterTypeName="executor://xunit/VsTestRunner2/netcoreapp" className="xUnitTestProject.CurrencyHelperTests" name="FormatToStringTest1000" />
    </UnitTest>
    <UnitTest name="xUnitTestProject.CurrencyHelperTests.FormatToStringTest1000(price: 6057.842750804426, expected: &quot;6057.84 zł&quot;)" storage="c:\projekty\xunittestproject\bin\debug\netcoreapp3.1\xunittestproject.dll" id="6c34d91a-3ccc-a88d-a525-6f3132726a55">
      <Execution id="ccc0b85c-ec73-4a0c-9293-860a5b212def" />
      <TestMethod codeBase="C:\Projekty\xUnitTestProject\bin\Debug\netcoreapp3.1\xUnitTestProject.dll" adapterTypeName="executor://xunit/VsTestRunner2/netcoreapp" className="xUnitTestProject.CurrencyHelperTests" name="FormatToStringTest1000" />
    </UnitTest>
    <UnitTest name="xUnitTestProject.CurrencyHelperTests.FormatToStringTest1000(price: 6323.24079469882, expected: &quot;6323.24 zł&quot;)" storage="c:\projekty\xunittestproject\bin\debug\netcoreapp3.1\xunittestproject.dll" id="3a74380b-5761-efcc-d80f-84990cb62b27">
      <Execution id="09e81bb6-d6ae-44e5-ab91-e26eae15ce44" />
      <TestMethod codeBase="C:\Projekty\xUnitTestProject\bin\Debug\netcoreapp3.1\xUnitTestProject.dll" adapterTypeName="executor://xunit/VsTestRunner2/netcoreapp" className="xUnitTestProject.CurrencyHelperTests" name="FormatToStringTest1000" />
    </UnitTest>
    <UnitTest name="xUnitTestProject.CurrencyHelperTests.FormatToStringTest1000(price: 7813.027778348433, expected: &quot;7813.03 zł&quot;)" storage="c:\projekty\xunittestproject\bin\debug\netcoreapp3.1\xunittestproject.dll" id="5f1f475f-1270-641d-7d41-d4acd777aabd">
      <Execution id="c8aa3700-0a79-4e41-a142-cb8c1dcf873c" />
      <TestMethod codeBase="C:\Projekty\xUnitTestProject\bin\Debug\netcoreapp3.1\xUnitTestProject.dll" adapterTypeName="executor://xunit/VsTestRunner2/netcoreapp" className="xUnitTestProject.CurrencyHelperTests" name="FormatToStringTest1000" />
    </UnitTest>
    <UnitTest name="xUnitTestProject.CurrencyHelperTests.FormatToStringTest1000(price: 35145.379208063416, expected: &quot;35145.38 zł&quot;)" storage="c:\projekty\xunittestproject\bin\debug\netcoreapp3.1\xunittestproject.dll" id="434a8caa-9318-d21d-4a14-8dc7214b55eb">
      <Execution id="43717f85-a56e-4751-a1cb-b7854ea55f6b" />
      <TestMethod codeBase="C:\Projekty\xUnitTestProject\bin\Debug\netcoreapp3.1\xUnitTestProject.dll" adapterTypeName="executor://xunit/VsTestRunner2/netcoreapp" className="xUnitTestProject.CurrencyHelperTests" name="FormatToStringTest1000" />
    </UnitTest>
    <UnitTest name="xUnitTestProject.CurrencyHelperTests.FormatToStringTest1000(price: 6809.40195803037, expected: &quot;6809.40 zł&quot;)" storage="c:\projekty\xunittestproject\bin\debug\netcoreapp3.1\xunittestproject.dll" id="e1c5523d-f177-82aa-b8ad-0ce279495eeb">
      <Execution id="5d23117b-9bcb-4f64-b873-eb18e6186a72" />
      <TestMethod codeBase="C:\Projekty\xUnitTestProject\bin\Debug\netcoreapp3.1\xUnitTestProject.dll" adapterTypeName="executor://xunit/VsTestRunner2/netcoreapp" className="xUnitTestProject.CurrencyHelperTests" name="FormatToStringTest1000" />
    </UnitTest>
    <UnitTest name="xUnitTestProject.CurrencyHelperTests.FormatToStringTest1000(price: 2166.4103293970275, expected: &quot;2166.41 zł&quot;)" storage="c:\projekty\xunittestproject\bin\debug\netcoreapp3.1\xunittestproject.dll" id="ccb01d77-9abe-d52e-f6b1-1f27fb49d5d4">
      <Execution id="1e053bb5-ddca-4d3f-861b-5cfe925f4ccb" />
      <TestMethod codeBase="C:\Projekty\xUnitTestProject\bin\Debug\netcoreapp3.1\xUnitTestProject.dll" adapterTypeName="executor://xunit/VsTestRunner2/netcoreapp" className="xUnitTestProject.CurrencyHelperTests" name="FormatToStringTest1000" />
    </UnitTest>
    <UnitTest name="xUnitTestProject.CurrencyHelperTests.FormatToStringTest1000(price: 61422.228144277455, expected: &quot;61422.23 zł&quot;)" storage="c:\projekty\xunittestproject\bin\debug\netcoreapp3.1\xunittestproject.dll" id="7994a7d4-0fa0-5377-671c-ab94321aaf57">
      <Execution id="9ee2e4ac-4c64-44dd-8945-fd8a519b0473" />
      <TestMethod codeBase="C:\Projekty\xUnitTestProject\bin\Debug\netcoreapp3.1\xUnitTestProject.dll" adapterTypeName="executor://xunit/VsTestRunner2/netcoreapp" className="xUnitTestProject.CurrencyHelperTests" name="FormatToStringTest1000" />
    </UnitTest>
    <UnitTest name="xUnitTestProject.CurrencyHelperTests.FormatToStringTest1000(price: 3030.9461949132133, expected: &quot;3030.95 zł&quot;)" storage="c:\projekty\xunittestproject\bin\debug\netcoreapp3.1\xunittestproject.dll" id="c21a2737-6b36-8691-5404-6629a58d4529">
      <Execution id="5e224fde-8a58-408d-8227-c6ba4720f88a" />
      <TestMethod codeBase="C:\Projekty\xUnitTestProject\bin\Debug\netcoreapp3.1\xUnitTestProject.dll" adapterTypeName="executor://xunit/VsTestRunner2/netcoreapp" className="xUnitTestProject.CurrencyHelperTests" name="FormatToStringTest1000" />
    </UnitTest>
    <UnitTest name="xUnitTestProject.CurrencyHelperTests.FormatToStringTest1000(price: 7890.044272348771, expected: &quot;7890.04 zł&quot;)" storage="c:\projekty\xunittestproject\bin\debug\netcoreapp3.1\xunittestproject.dll" id="5a93f8c6-dddb-38ff-5f2b-b7e5cc3ddb6a">
      <Execution id="b86d2753-9c73-4f78-8138-f86e30d9fce4" />
      <TestMethod codeBase="C:\Projekty\xUnitTestProject\bin\Debug\netcoreapp3.1\xUnitTestProject.dll" adapterTypeName="executor://xunit/VsTestRunner2/netcoreapp" className="xUnitTestProject.CurrencyHelperTests" name="FormatToStringTest1000" />
    </UnitTest>
    <UnitTest name="xUnitTestProject.CurrencyHelperTests.FormatToStringTest1000(price: 2929.267390865026, expected: &quot;2929.27 zł&quot;)" storage="c:\projekty\xunittestproject\bin\debug\netcoreapp3.1\xunittestproject.dll" id="13bfc4cd-00bc-fb12-3861-f69dc4145d67">
      <Execution id="a89bfad3-8912-4973-a608-0a1964abc945" />
      <TestMethod codeBase="C:\Projekty\xUnitTestProject\bin\Debug\netcoreapp3.1\xUnitTestProject.dll" adapterTypeName="executor://xunit/VsTestRunner2/netcoreapp" className="xUnitTestProject.CurrencyHelperTests" name="FormatToStringTest1000" />
    </UnitTest>
    <UnitTest name="xUnitTestProject.CurrencyHelperTests.FormatToStringTest1000(price: 19071.681252896637, expected: &quot;19071.68 zł&quot;)" storage="c:\projekty\xunittestproject\bin\debug\netcoreapp3.1\xunittestproject.dll" id="cb40e0a5-2f70-a60d-407b-51d7d2d25955">
      <Execution id="7fd1d22b-4815-490e-b30d-c76e9e1fd914" />
      <TestMethod codeBase="C:\Projekty\xUnitTestProject\bin\Debug\netcoreapp3.1\xUnitTestProject.dll" adapterTypeName="executor://xunit/VsTestRunner2/netcoreapp" className="xUnitTestProject.CurrencyHelperTests" name="FormatToStringTest1000" />
    </UnitTest>
    <UnitTest name="xUnitTestProject.CurrencyHelperTests.FormatToStringTest1000(price: 20068.867046961965, expected: &quot;20068.87 zł&quot;)" storage="c:\projekty\xunittestproject\bin\debug\netcoreapp3.1\xunittestproject.dll" id="cbab0896-310f-9613-16bf-ed68cf4f09cd">
      <Execution id="975c3d8a-89eb-4e8c-97ea-ec2fea85b463" />
      <TestMethod codeBase="C:\Projekty\xUnitTestProject\bin\Debug\netcoreapp3.1\xUnitTestProject.dll" adapterTypeName="executor://xunit/VsTestRunner2/netcoreapp" className="xUnitTestProject.CurrencyHelperTests" name="FormatToStringTest1000" />
    </UnitTest>
    <UnitTest name="xUnitTestProject.CurrencyHelperTests.FormatToStringTest1000(price: 70432.00656616595, expected: &quot;70432.01 zł&quot;)" storage="c:\projekty\xunittestproject\bin\debug\netcoreapp3.1\xunittestproject.dll" id="578b5b4c-08d1-6f2c-3cf8-070bb75c9b96">
      <Execution id="5bab6fe7-d770-49e1-a0df-46e31870b544" />
      <TestMethod codeBase="C:\Projekty\xUnitTestProject\bin\Debug\netcoreapp3.1\xUnitTestProject.dll" adapterTypeName="executor://xunit/VsTestRunner2/netcoreapp" className="xUnitTestProject.CurrencyHelperTests" name="FormatToStringTest1000" />
    </UnitTest>
    <UnitTest name="xUnitTestProject.CurrencyHelperTests.FormatToStringTest1000(price: 5507.360659962688, expected: &quot;5507.36 zł&quot;)" storage="c:\projekty\xunittestproject\bin\debug\netcoreapp3.1\xunittestproject.dll" id="53367b44-34c3-c14f-ebad-d28df1741450">
      <Execution id="9a515f6f-54ef-40ac-96dd-00822ce11913" />
      <TestMethod codeBase="C:\Projekty\xUnitTestProject\bin\Debug\netcoreapp3.1\xUnitTestProject.dll" adapterTypeName="executor://xunit/VsTestRunner2/netcoreapp" className="xUnitTestProject.CurrencyHelperTests" name="FormatToStringTest1000" />
    </UnitTest>
    <UnitTest name="xUnitTestProject.CurrencyHelperTests.FormatToStringTest1000(price: 10527.083945901639, expected: &quot;10527.08 zł&quot;)" storage="c:\projekty\xunittestproject\bin\debug\netcoreapp3.1\xunittestproject.dll" id="d493c8e9-cfea-2fc7-4acb-79ca91dde5f0">
      <Execution id="c510d3ee-4385-42ea-b706-d768daed9733" />
      <TestMethod codeBase="C:\Projekty\xUnitTestProject\bin\Debug\netcoreapp3.1\xUnitTestProject.dll" adapterTypeName="executor://xunit/VsTestRunner2/netcoreapp" className="xUnitTestProject.CurrencyHelperTests" name="FormatToStringTest1000" />
    </UnitTest>
    <UnitTest name="xUnitTestProject.CurrencyHelperTests.FormatToStringTest1000(price: 59283.48311990662, expected: &quot;59283.48 zł&quot;)" storage="c:\projekty\xunittestproject\bin\debug\netcoreapp3.1\xunittestproject.dll" id="30db28b2-ac34-8d8e-c566-68b2f6bb1d51">
      <Execution id="43c194a5-47c5-4578-808b-e3f40c565195" />
      <TestMethod codeBase="C:\Projekty\xUnitTestProject\bin\Debug\netcoreapp3.1\xUnitTestProject.dll" adapterTypeName="executor://xunit/VsTestRunner2/netcoreapp" className="xUnitTestProject.CurrencyHelperTests" name="FormatToStringTest1000" />
    </UnitTest>
    <UnitTest name="xUnitTestProject.CurrencyHelperTests.FormatToStringTest1000(price: 27187.549022783314, expected: &quot;27187.55 zł&quot;)" storage="c:\projekty\xunittestproject\bin\debug\netcoreapp3.1\xunittestproject.dll" id="9af46142-b025-7ff1-cd86-b161fef30f97">
      <Execution id="3186c308-6249-426f-8a98-8bb592f3fef3" />
      <TestMethod codeBase="C:\Projekty\xUnitTestProject\bin\Debug\netcoreapp3.1\xUnitTestProject.dll" adapterTypeName="executor://xunit/VsTestRunner2/netcoreapp" className="xUnitTestProject.CurrencyHelperTests" name="FormatToStringTest1000" />
    </UnitTest>
    <UnitTest name="xUnitTestProject.CurrencyHelperTests.FormatToStringTest1000(price: 38253.101637909705, expected: &quot;38253.10 zł&quot;)" storage="c:\projekty\xunittestproject\bin\debug\netcoreapp3.1\xunittestproject.dll" id="386de361-29e9-e772-105e-fd42e87ecfec">
      <Execution id="73702dfb-5cdc-486e-92dd-7256085cf812" />
      <TestMethod codeBase="C:\Projekty\xUnitTestProject\bin\Debug\netcoreapp3.1\xUnitTestProject.dll" adapterTypeName="executor://xunit/VsTestRunner2/netcoreapp" className="xUnitTestProject.CurrencyHelperTests" name="FormatToStringTest1000" />
    </UnitTest>
    <UnitTest name="xUnitTestProject.CurrencyHelperTests.FormatToStringTest1000(price: 1474.699818629166, expected: &quot;1474.70 zł&quot;)" storage="c:\projekty\xunittestproject\bin\debug\netcoreapp3.1\xunittestproject.dll" id="f9dc9c7a-bf0e-4c02-1f2d-1fd4e69c7538">
      <Execution id="b157b67b-62d9-4247-83a2-799dc8f0e1f3" />
      <TestMethod codeBase="C:\Projekty\xUnitTestProject\bin\Debug\netcoreapp3.1\xUnitTestProject.dll" adapterTypeName="executor://xunit/VsTestRunner2/netcoreapp" className="xUnitTestProject.CurrencyHelperTests" name="FormatToStringTest1000" />
    </UnitTest>
    <UnitTest name="xUnitTestProject.CurrencyHelperTests.FormatToStringTest1000(price: 4669.392596858271, expected: &quot;4669.39 zł&quot;)" storage="c:\projekty\xunittestproject\bin\debug\netcoreapp3.1\xunittestproject.dll" id="d4f3c378-b93a-d1d1-d97b-d57a65cd57e1">
      <Execution id="7365d8d3-63e2-40fb-8b44-84188fc87d01" />
      <TestMethod codeBase="C:\Projekty\xUnitTestProject\bin\Debug\netcoreapp3.1\xUnitTestProject.dll" adapterTypeName="executor://xunit/VsTestRunner2/netcoreapp" className="xUnitTestProject.CurrencyHelperTests" name="FormatToStringTest1000" />
    </UnitTest>
    <UnitTest name="xUnitTestProject.CurrencyHelperTests.FormatToStringTest1000(price: 5022.470719070859, expected: &quot;5022.47 zł&quot;)" storage="c:\projekty\xunittestproject\bin\debug\netcoreapp3.1\xunittestproject.dll" id="c7272717-4c66-ee9c-96d1-b74d86b61eb8">
      <Execution id="7fde7d7d-22e6-476b-9600-0d9a77cd8965" />
      <TestMethod codeBase="C:\Projekty\xUnitTestProject\bin\Debug\netcoreapp3.1\xUnitTestProject.dll" adapterTypeName="executor://xunit/VsTestRunner2/netcoreapp" className="xUnitTestProject.CurrencyHelperTests" name="FormatToStringTest1000" />
    </UnitTest>
    <UnitTest name="xUnitTestProject.CurrencyHelperTests.FormatToStringTest1000(price: 3700.029953029021, expected: &quot;3700.03 zł&quot;)" storage="c:\projekty\xunittestproject\bin\debug\netcoreapp3.1\xunittestproject.dll" id="3172308c-0e5e-05a2-a398-90977e0ab705">
      <Execution id="3c455710-8607-48d4-9321-02a199c52937" />
      <TestMethod codeBase="C:\Projekty\xUnitTestProject\bin\Debug\netcoreapp3.1\xUnitTestProject.dll" adapterTypeName="executor://xunit/VsTestRunner2/netcoreapp" className="xUnitTestProject.CurrencyHelperTests" name="FormatToStringTest1000" />
    </UnitTest>
    <UnitTest name="xUnitTestProject.CurrencyHelperTests.FormatToStringTest1000(price: 41876.979471482795, expected: &quot;41876.98 zł&quot;)" storage="c:\projekty\xunittestproject\bin\debug\netcoreapp3.1\xunittestproject.dll" id="e9257337-b714-27d4-32a8-94e3008408f8">
      <Execution id="dcfb898c-df4f-4294-ab95-8565ec495e7f" />
      <TestMethod codeBase="C:\Projekty\xUnitTestProject\bin\Debug\netcoreapp3.1\xUnitTestProject.dll" adapterTypeName="executor://xunit/VsTestRunner2/netcoreapp" className="xUnitTestProject.CurrencyHelperTests" name="FormatToStringTest1000" />
    </UnitTest>
    <UnitTest name="xUnitTestProject.CurrencyHelperTests.FormatToStringTest1000(price: 66764.31690498316, expected: &quot;66764.32 zł&quot;)" storage="c:\projekty\xunittestproject\bin\debug\netcoreapp3.1\xunittestproject.dll" id="d1db99c9-780d-a1a8-cf4e-cc5ed7bbc5dc">
      <Execution id="6de0ba59-5a53-4304-86b6-7a1db494a0aa" />
      <TestMethod codeBase="C:\Projekty\xUnitTestProject\bin\Debug\netcoreapp3.1\xUnitTestProject.dll" adapterTypeName="executor://xunit/VsTestRunner2/netcoreapp" className="xUnitTestProject.CurrencyHelperTests" name="FormatToStringTest1000" />
    </UnitTest>
    <UnitTest name="xUnitTestProject.CurrencyHelperTests.FormatToStringTest1000(price: 5504.094303639184, expected: &quot;5504.09 zł&quot;)" storage="c:\projekty\xunittestproject\bin\debug\netcoreapp3.1\xunittestproject.dll" id="a1fbb77d-adf8-8ccd-4022-16be128e7ade">
      <Execution id="720628bf-0a08-41a3-a7e8-a93a38de12c8" />
      <TestMethod codeBase="C:\Projekty\xUnitTestProject\bin\Debug\netcoreapp3.1\xUnitTestProject.dll" adapterTypeName="executor://xunit/VsTestRunner2/netcoreapp" className="xUnitTestProject.CurrencyHelperTests" name="FormatToStringTest1000" />
    </UnitTest>
    <UnitTest name="xUnitTestProject.CurrencyHelperTests.FormatToStringTest1000(price: 32821.05661472215, expected: &quot;32821.06 zł&quot;)" storage="c:\projekty\xunittestproject\bin\debug\netcoreapp3.1\xunittestproject.dll" id="a23aab13-e7cd-0855-c1ee-3a27796bc390">
      <Execution id="b376edab-3cba-4b19-99af-d622d7e8673a" />
      <TestMethod codeBase="C:\Projekty\xUnitTestProject\bin\Debug\netcoreapp3.1\xUnitTestProject.dll" adapterTypeName="executor://xunit/VsTestRunner2/netcoreapp" className="xUnitTestProject.CurrencyHelperTests" name="FormatToStringTest1000" />
    </UnitTest>
    <UnitTest name="xUnitTestProject.CurrencyHelperTests.FormatToStringTest1000(price: 30807.823896702295, expected: &quot;30807.82 zł&quot;)" storage="c:\projekty\xunittestproject\bin\debug\netcoreapp3.1\xunittestproject.dll" id="f308d529-c66b-0a68-1a35-9384b1697bbf">
      <Execution id="859ee12f-a761-4e5b-bce7-c74d1b5d8304" />
      <TestMethod codeBase="C:\Projekty\xUnitTestProject\bin\Debug\netcoreapp3.1\xUnitTestProject.dll" adapterTypeName="executor://xunit/VsTestRunner2/netcoreapp" className="xUnitTestProject.CurrencyHelperTests" name="FormatToStringTest1000" />
    </UnitTest>
    <UnitTest name="xUnitTestProject.CurrencyHelperTests.FormatToStringTest1000(price: 36211.11038300866, expected: &quot;36211.11 zł&quot;)" storage="c:\projekty\xunittestproject\bin\debug\netcoreapp3.1\xunittestproject.dll" id="69ed80be-ebbe-cd3a-42e2-f7807046c259">
      <Execution id="3d4e5bd8-f617-4015-a7ee-19b7eb6116df" />
      <TestMethod codeBase="C:\Projekty\xUnitTestProject\bin\Debug\netcoreapp3.1\xUnitTestProject.dll" adapterTypeName="executor://xunit/VsTestRunner2/netcoreapp" className="xUnitTestProject.CurrencyHelperTests" name="FormatToStringTest1000" />
    </UnitTest>
    <UnitTest name="xUnitTestProject.CurrencyHelperTests.FormatToStringTest1000(price: 24024.14691439557, expected: &quot;24024.15 zł&quot;)" storage="c:\projekty\xunittestproject\bin\debug\netcoreapp3.1\xunittestproject.dll" id="9764b852-f92a-9e33-a48d-5ba73babe5d1">
      <Execution id="72f5524b-d7a2-4ec1-886b-fa256b6fb2f2" />
      <TestMethod codeBase="C:\Projekty\xUnitTestProject\bin\Debug\netcoreapp3.1\xUnitTestProject.dll" adapterTypeName="executor://xunit/VsTestRunner2/netcoreapp" className="xUnitTestProject.CurrencyHelperTests" name="FormatToStringTest1000" />
    </UnitTest>
    <UnitTest name="xUnitTestProject.CurrencyHelperTests.FormatToStringTest1000(price: 5398.2412667191775, expected: &quot;5398.24 zł&quot;)" storage="c:\projekty\xunittestproject\bin\debug\netcoreapp3.1\xunittestproject.dll" id="364fda16-bd4c-3aa8-1597-b73653a15603">
      <Execution id="b1096b65-dcff-4647-8d03-1fbfd09cd062" />
      <TestMethod codeBase="C:\Projekty\xUnitTestProject\bin\Debug\netcoreapp3.1\xUnitTestProject.dll" adapterTypeName="executor://xunit/VsTestRunner2/netcoreapp" className="xUnitTestProject.CurrencyHelperTests" name="FormatToStringTest1000" />
    </UnitTest>
    <UnitTest name="xUnitTestProject.CurrencyHelperTests.FormatToStringTest1000(price: 11904.111251175456, expected: &quot;11904.11 zł&quot;)" storage="c:\projekty\xunittestproject\bin\debug\netcoreapp3.1\xunittestproject.dll" id="688da5e9-d12f-3e2c-c7dd-72c1a87d6a78">
      <Execution id="5a6c663e-a2e7-4294-84b6-5db6a084fb34" />
      <TestMethod codeBase="C:\Projekty\xUnitTestProject\bin\Debug\netcoreapp3.1\xUnitTestProject.dll" adapterTypeName="executor://xunit/VsTestRunner2/netcoreapp" className="xUnitTestProject.CurrencyHelperTests" name="FormatToStringTest1000" />
    </UnitTest>
    <UnitTest name="xUnitTestProject.CurrencyHelperTests.FormatToStringTest1000(price: 14198.39903067723, expected: &quot;14198.40 zł&quot;)" storage="c:\projekty\xunittestproject\bin\debug\netcoreapp3.1\xunittestproject.dll" id="814b2061-14f5-c810-0eca-e8431104105a">
      <Execution id="93654de1-5860-4ea6-b87b-c81057c1f561" />
      <TestMethod codeBase="C:\Projekty\xUnitTestProject\bin\Debug\netcoreapp3.1\xUnitTestProject.dll" adapterTypeName="executor://xunit/VsTestRunner2/netcoreapp" className="xUnitTestProject.CurrencyHelperTests" name="FormatToStringTest1000" />
    </UnitTest>
    <UnitTest name="xUnitTestProject.CurrencyHelperTests.FormatToStringTest1000(price: 27942.393876474067, expected: &quot;27942.39 zł&quot;)" storage="c:\projekty\xunittestproject\bin\debug\netcoreapp3.1\xunittestproject.dll" id="92bde5bc-af9c-6dbe-10ea-7012e494fcd9">
      <Execution id="5dc5e8ee-0fd5-45f3-9e74-9fd6d58501e0" />
      <TestMethod codeBase="C:\Projekty\xUnitTestProject\bin\Debug\netcoreapp3.1\xUnitTestProject.dll" adapterTypeName="executor://xunit/VsTestRunner2/netcoreapp" className="xUnitTestProject.CurrencyHelperTests" name="FormatToStringTest1000" />
    </UnitTest>
    <UnitTest name="xUnitTestProject.CurrencyHelperTests.FormatToStringTest1000(price: 45887.58415794167, expected: &quot;45887.58 zł&quot;)" storage="c:\projekty\xunittestproject\bin\debug\netcoreapp3.1\xunittestproject.dll" id="8e844c73-d78c-9c16-d82a-bbf068ddf1ce">
      <Execution id="d18733cd-a199-473b-a3ae-dda5377c6166" />
      <TestMethod codeBase="C:\Projekty\xUnitTestProject\bin\Debug\netcoreapp3.1\xUnitTestProject.dll" adapterTypeName="executor://xunit/VsTestRunner2/netcoreapp" className="xUnitTestProject.CurrencyHelperTests" name="FormatToStringTest1000" />
    </UnitTest>
    <UnitTest name="xUnitTestProject.CurrencyHelperTests.FormatToStringTest1000(price: 15639.704937780603, expected: &quot;15639.70 zł&quot;)" storage="c:\projekty\xunittestproject\bin\debug\netcoreapp3.1\xunittestproject.dll" id="a188d29e-24f4-14f6-3109-f28ee9929456">
      <Execution id="461da198-e856-41c8-ba6a-2c6dda882e9e" />
      <TestMethod codeBase="C:\Projekty\xUnitTestProject\bin\Debug\netcoreapp3.1\xUnitTestProject.dll" adapterTypeName="executor://xunit/VsTestRunner2/netcoreapp" className="xUnitTestProject.CurrencyHelperTests" name="FormatToStringTest1000" />
    </UnitTest>
    <UnitTest name="xUnitTestProject.CurrencyHelperTests.FormatToStringTest1000(price: 24729.333280806586, expected: &quot;24729.33 zł&quot;)" storage="c:\projekty\xunittestproject\bin\debug\netcoreapp3.1\xunittestproject.dll" id="1536b0a9-7189-743d-a273-29feae6f0843">
      <Execution id="430805ee-09d2-498f-8cec-f437293ec742" />
      <TestMethod codeBase="C:\Projekty\xUnitTestProject\bin\Debug\netcoreapp3.1\xUnitTestProject.dll" adapterTypeName="executor://xunit/VsTestRunner2/netcoreapp" className="xUnitTestProject.CurrencyHelperTests" name="FormatToStringTest1000" />
    </UnitTest>
    <UnitTest name="xUnitTestProject.CurrencyHelperTests.FormatToStringTest1000(price: 58459.03113649601, expected: &quot;58459.03 zł&quot;)" storage="c:\projekty\xunittestproject\bin\debug\netcoreapp3.1\xunittestproject.dll" id="f62ec529-2064-feb0-d217-30e62f8296ba">
      <Execution id="031d1ccf-a273-4eb4-be63-981d08853a14" />
      <TestMethod codeBase="C:\Projekty\xUnitTestProject\bin\Debug\netcoreapp3.1\xUnitTestProject.dll" adapterTypeName="executor://xunit/VsTestRunner2/netcoreapp" className="xUnitTestProject.CurrencyHelperTests" name="FormatToStringTest1000" />
    </UnitTest>
    <UnitTest name="xUnitTestProject.CurrencyHelperTests.FormatToStringTest1000(price: 32216.686763396807, expected: &quot;32216.69 zł&quot;)" storage="c:\projekty\xunittestproject\bin\debug\netcoreapp3.1\xunittestproject.dll" id="c09fd9f3-56b2-979f-b5dc-a5cbb3bb898a">
      <Execution id="1a3e089d-3784-4194-8354-2f708199859e" />
      <TestMethod codeBase="C:\Projekty\xUnitTestProject\bin\Debug\netcoreapp3.1\xUnitTestProject.dll" adapterTypeName="executor://xunit/VsTestRunner2/netcoreapp" className="xUnitTestProject.CurrencyHelperTests" name="FormatToStringTest1000" />
    </UnitTest>
    <UnitTest name="xUnitTestProject.CurrencyHelperTests.FormatToStringTest1000(price: 22678.795878462864, expected: &quot;22678.80 zł&quot;)" storage="c:\projekty\xunittestproject\bin\debug\netcoreapp3.1\xunittestproject.dll" id="1986b1a1-c98c-3d3a-7942-85a1e1c43315">
      <Execution id="5a445830-5059-469d-91bf-72b3e5db0d69" />
      <TestMethod codeBase="C:\Projekty\xUnitTestProject\bin\Debug\netcoreapp3.1\xUnitTestProject.dll" adapterTypeName="executor://xunit/VsTestRunner2/netcoreapp" className="xUnitTestProject.CurrencyHelperTests" name="FormatToStringTest1000" />
    </UnitTest>
    <UnitTest name="xUnitTestProject.CurrencyHelperTests.FormatToStringTest1000(price: 14237.13226245955, expected: &quot;14237.13 zł&quot;)" storage="c:\projekty\xunittestproject\bin\debug\netcoreapp3.1\xunittestproject.dll" id="5e9f654f-dd64-8138-30a6-1dc5f11cf83a">
      <Execution id="a614ec3b-9eb7-4959-8f06-c0e6c9d6bea2" />
      <TestMethod codeBase="C:\Projekty\xUnitTestProject\bin\Debug\netcoreapp3.1\xUnitTestProject.dll" adapterTypeName="executor://xunit/VsTestRunner2/netcoreapp" className="xUnitTestProject.CurrencyHelperTests" name="FormatToStringTest1000" />
    </UnitTest>
    <UnitTest name="xUnitTestProject.CurrencyHelperTests.FormatToStringTest1000(price: 9628.688698104437, expected: &quot;9628.69 zł&quot;)" storage="c:\projekty\xunittestproject\bin\debug\netcoreapp3.1\xunittestproject.dll" id="3fa92d95-7719-c247-fd7d-28cef4c98170">
      <Execution id="2206d71d-20c8-4773-9bb3-b45ffcd64a19" />
      <TestMethod codeBase="C:\Projekty\xUnitTestProject\bin\Debug\netcoreapp3.1\xUnitTestProject.dll" adapterTypeName="executor://xunit/VsTestRunner2/netcoreapp" className="xUnitTestProject.CurrencyHelperTests" name="FormatToStringTest1000" />
    </UnitTest>
    <UnitTest name="xUnitTestProject.CurrencyHelperTests.FormatToStringTest1000(price: 11922.837782177532, expected: &quot;11922.84 zł&quot;)" storage="c:\projekty\xunittestproject\bin\debug\netcoreapp3.1\xunittestproject.dll" id="9e60da1f-2da8-eacc-63f9-9c91b8a7e042">
      <Execution id="1b9adc18-dcc7-4873-9583-3fb8683db136" />
      <TestMethod codeBase="C:\Projekty\xUnitTestProject\bin\Debug\netcoreapp3.1\xUnitTestProject.dll" adapterTypeName="executor://xunit/VsTestRunner2/netcoreapp" className="xUnitTestProject.CurrencyHelperTests" name="FormatToStringTest1000" />
    </UnitTest>
    <UnitTest name="xUnitTestProject.CurrencyHelperTests.FormatToStringTest1000(price: 10324.538670147089, expected: &quot;10324.54 zł&quot;)" storage="c:\projekty\xunittestproject\bin\debug\netcoreapp3.1\xunittestproject.dll" id="4f6b94b9-8c0a-f905-af50-086f7c071ad9">
      <Execution id="138ea944-2079-46e0-b942-0167d9d2168d" />
      <TestMethod codeBase="C:\Projekty\xUnitTestProject\bin\Debug\netcoreapp3.1\xUnitTestProject.dll" adapterTypeName="executor://xunit/VsTestRunner2/netcoreapp" className="xUnitTestProject.CurrencyHelperTests" name="FormatToStringTest1000" />
    </UnitTest>
    <UnitTest name="xUnitTestProject.CurrencyHelperTests.FormatToStringTest1000(price: 1860.3356292016504, expected: &quot;1860.34 zł&quot;)" storage="c:\projekty\xunittestproject\bin\debug\netcoreapp3.1\xunittestproject.dll" id="084c3ea0-3fae-0089-ccac-97b8aadd0b60">
      <Execution id="19871672-3e6d-401e-b9cf-32a76a9570ae" />
      <TestMethod codeBase="C:\Projekty\xUnitTestProject\bin\Debug\netcoreapp3.1\xUnitTestProject.dll" adapterTypeName="executor://xunit/VsTestRunner2/netcoreapp" className="xUnitTestProject.CurrencyHelperTests" name="FormatToStringTest1000" />
    </UnitTest>
    <UnitTest name="xUnitTestProject.CurrencyHelperTests.FormatToStringTest1000(price: 33699.13042082038, expected: &quot;33699.13 zł&quot;)" storage="c:\projekty\xunittestproject\bin\debug\netcoreapp3.1\xunittestproject.dll" id="ef111b7b-895d-e083-171f-1b45ef31d01a">
      <Execution id="d6a77f6c-d4c5-4cf2-bb21-55115cf6fd3a" />
      <TestMethod codeBase="C:\Projekty\xUnitTestProject\bin\Debug\netcoreapp3.1\xUnitTestProject.dll" adapterTypeName="executor://xunit/VsTestRunner2/netcoreapp" className="xUnitTestProject.CurrencyHelperTests" name="FormatToStringTest1000" />
    </UnitTest>
    <UnitTest name="xUnitTestProject.CurrencyHelperTests.FormatToStringTest1000(price: 41873.517751020154, expected: &quot;41873.52 zł&quot;)" storage="c:\projekty\xunittestproject\bin\debug\netcoreapp3.1\xunittestproject.dll" id="a32f3872-61d2-3bb4-5952-f9f7fd09a236">
      <Execution id="29121bc6-c181-46f3-9037-6b70c4d6a00b" />
      <TestMethod codeBase="C:\Projekty\xUnitTestProject\bin\Debug\netcoreapp3.1\xUnitTestProject.dll" adapterTypeName="executor://xunit/VsTestRunner2/netcoreapp" className="xUnitTestProject.CurrencyHelperTests" name="FormatToStringTest1000" />
    </UnitTest>
    <UnitTest name="xUnitTestProject.CurrencyHelperTests.FormatToStringTest1000(price: 6145.531235831571, expected: &quot;6145.53 zł&quot;)" storage="c:\projekty\xunittestproject\bin\debug\netcoreapp3.1\xunittestproject.dll" id="235eb381-d2e3-8caa-5888-040fb729169a">
      <Execution id="90b5ea30-e61e-433c-a7af-b71085597d8c" />
      <TestMethod codeBase="C:\Projekty\xUnitTestProject\bin\Debug\netcoreapp3.1\xUnitTestProject.dll" adapterTypeName="executor://xunit/VsTestRunner2/netcoreapp" className="xUnitTestProject.CurrencyHelperTests" name="FormatToStringTest1000" />
    </UnitTest>
    <UnitTest name="xUnitTestProject.CurrencyHelperTests.FormatToStringTest1000(price: 88584.97010041306, expected: &quot;88584.97 zł&quot;)" storage="c:\projekty\xunittestproject\bin\debug\netcoreapp3.1\xunittestproject.dll" id="bf0f3eb7-c08a-24a8-fd8d-3d7e3051107b">
      <Execution id="63dbcf10-f77b-4f89-93cc-f660a74ad2da" />
      <TestMethod codeBase="C:\Projekty\xUnitTestProject\bin\Debug\netcoreapp3.1\xUnitTestProject.dll" adapterTypeName="executor://xunit/VsTestRunner2/netcoreapp" className="xUnitTestProject.CurrencyHelperTests" name="FormatToStringTest1000" />
    </UnitTest>
    <UnitTest name="xUnitTestProject.CurrencyHelperTests.FormatToStringTest1000(price: 2346.9964869427477, expected: &quot;2347.00 zł&quot;)" storage="c:\projekty\xunittestproject\bin\debug\netcoreapp3.1\xunittestproject.dll" id="d9756703-fed3-1fb8-7195-5dae810af3cf">
      <Execution id="8356d63d-0e1c-4a5b-85eb-216424c80607" />
      <TestMethod codeBase="C:\Projekty\xUnitTestProject\bin\Debug\netcoreapp3.1\xUnitTestProject.dll" adapterTypeName="executor://xunit/VsTestRunner2/netcoreapp" className="xUnitTestProject.CurrencyHelperTests" name="FormatToStringTest1000" />
    </UnitTest>
    <UnitTest name="xUnitTestProject.CurrencyHelperTests.FormatToStringTest1000(price: 41915.7945284563, expected: &quot;41915.79 zł&quot;)" storage="c:\projekty\xunittestproject\bin\debug\netcoreapp3.1\xunittestproject.dll" id="fa34dc68-0a28-d88d-9f8e-755de73cf02d">
      <Execution id="3478fb81-cc04-4a56-a81d-255908702ece" />
      <TestMethod codeBase="C:\Projekty\xUnitTestProject\bin\Debug\netcoreapp3.1\xUnitTestProject.dll" adapterTypeName="executor://xunit/VsTestRunner2/netcoreapp" className="xUnitTestProject.CurrencyHelperTests" name="FormatToStringTest1000" />
    </UnitTest>
    <UnitTest name="xUnitTestProject.CurrencyHelperTests.FormatToStringTest1000(price: 56378.261944644735, expected: &quot;56378.26 zł&quot;)" storage="c:\projekty\xunittestproject\bin\debug\netcoreapp3.1\xunittestproject.dll" id="e3f04803-c378-ce39-94cd-bd430620d6cb">
      <Execution id="509a4653-8225-4202-a424-f2657da7ba17" />
      <TestMethod codeBase="C:\Projekty\xUnitTestProject\bin\Debug\netcoreapp3.1\xUnitTestProject.dll" adapterTypeName="executor://xunit/VsTestRunner2/netcoreapp" className="xUnitTestProject.CurrencyHelperTests" name="FormatToStringTest1000" />
    </UnitTest>
    <UnitTest name="xUnitTestProject.CurrencyHelperTests.FormatToStringTest1000(price: 10857.521742201186, expected: &quot;10857.52 zł&quot;)" storage="c:\projekty\xunittestproject\bin\debug\netcoreapp3.1\xunittestproject.dll" id="bafee3ee-9889-56d2-8e3d-2c651a7649c3">
      <Execution id="cfad27af-948b-4402-a375-4a2859e95f43" />
      <TestMethod codeBase="C:\Projekty\xUnitTestProject\bin\Debug\netcoreapp3.1\xUnitTestProject.dll" adapterTypeName="executor://xunit/VsTestRunner2/netcoreapp" className="xUnitTestProject.CurrencyHelperTests" name="FormatToStringTest1000" />
    </UnitTest>
    <UnitTest name="xUnitTestProject.CurrencyHelperTests.FormatToStringTest1000(price: 158.49784791027093, expected: &quot;158.50 zł&quot;)" storage="c:\projekty\xunittestproject\bin\debug\netcoreapp3.1\xunittestproject.dll" id="b82e8809-4def-9359-7a57-795e7616c335">
      <Execution id="dc54efed-8ff4-40f8-9881-ebd500ddde7d" />
      <TestMethod codeBase="C:\Projekty\xUnitTestProject\bin\Debug\netcoreapp3.1\xUnitTestProject.dll" adapterTypeName="executor://xunit/VsTestRunner2/netcoreapp" className="xUnitTestProject.CurrencyHelperTests" name="FormatToStringTest1000" />
    </UnitTest>
    <UnitTest name="xUnitTestProject.CurrencyHelperTests.FormatToStringTest1000(price: 76751.79413498091, expected: &quot;76751.79 zł&quot;)" storage="c:\projekty\xunittestproject\bin\debug\netcoreapp3.1\xunittestproject.dll" id="c7ef87e2-e6d0-89f1-fa1a-3a161b3248e2">
      <Execution id="290d9d4a-e488-48db-b172-75bb814bb6d0" />
      <TestMethod codeBase="C:\Projekty\xUnitTestProject\bin\Debug\netcoreapp3.1\xUnitTestProject.dll" adapterTypeName="executor://xunit/VsTestRunner2/netcoreapp" className="xUnitTestProject.CurrencyHelperTests" name="FormatToStringTest1000" />
    </UnitTest>
    <UnitTest name="xUnitTestProject.CurrencyHelperTests.FormatToStringTest1000(price: 5247.779940802501, expected: &quot;5247.78 zł&quot;)" storage="c:\projekty\xunittestproject\bin\debug\netcoreapp3.1\xunittestproject.dll" id="3298d961-bdaa-633a-0d61-33079be298ce">
      <Execution id="c5466082-f921-4f7e-976b-b06bd5090a43" />
      <TestMethod codeBase="C:\Projekty\xUnitTestProject\bin\Debug\netcoreapp3.1\xUnitTestProject.dll" adapterTypeName="executor://xunit/VsTestRunner2/netcoreapp" className="xUnitTestProject.CurrencyHelperTests" name="FormatToStringTest1000" />
    </UnitTest>
    <UnitTest name="xUnitTestProject.CurrencyHelperTests.FormatToStringTest1000(price: 25272.05048361283, expected: &quot;25272.05 zł&quot;)" storage="c:\projekty\xunittestproject\bin\debug\netcoreapp3.1\xunittestproject.dll" id="40134df2-77e4-6143-ea6f-23ae0fbd39f3">
      <Execution id="175f3b2f-4678-4bc8-8e8a-d498988f3ed9" />
      <TestMethod codeBase="C:\Projekty\xUnitTestProject\bin\Debug\netcoreapp3.1\xUnitTestProject.dll" adapterTypeName="executor://xunit/VsTestRunner2/netcoreapp" className="xUnitTestProject.CurrencyHelperTests" name="FormatToStringTest1000" />
    </UnitTest>
    <UnitTest name="xUnitTestProject.CurrencyHelperTests.FormatToStringTest1000(price: 3274.481392617096, expected: &quot;3274.48 zł&quot;)" storage="c:\projekty\xunittestproject\bin\debug\netcoreapp3.1\xunittestproject.dll" id="dd2dd033-1470-57eb-5d97-02eb255fcb1f">
      <Execution id="4e0b8d15-addd-4413-8eb0-e49d82269d3c" />
      <TestMethod codeBase="C:\Projekty\xUnitTestProject\bin\Debug\netcoreapp3.1\xUnitTestProject.dll" adapterTypeName="executor://xunit/VsTestRunner2/netcoreapp" className="xUnitTestProject.CurrencyHelperTests" name="FormatToStringTest1000" />
    </UnitTest>
    <UnitTest name="xUnitTestProject.CurrencyHelperTests.FormatToStringTest1000(price: 2901.9683054191846, expected: &quot;2901.97 zł&quot;)" storage="c:\projekty\xunittestproject\bin\debug\netcoreapp3.1\xunittestproject.dll" id="b38d539d-6069-d89f-5c5e-102a8255e594">
      <Execution id="fa0f3bcc-b373-4456-bc48-7fe74e663769" />
      <TestMethod codeBase="C:\Projekty\xUnitTestProject\bin\Debug\netcoreapp3.1\xUnitTestProject.dll" adapterTypeName="executor://xunit/VsTestRunner2/netcoreapp" className="xUnitTestProject.CurrencyHelperTests" name="FormatToStringTest1000" />
    </UnitTest>
    <UnitTest name="xUnitTestProject.CurrencyHelperTests.FormatToStringTest1000(price: 13681.607566007231, expected: &quot;13681.61 zł&quot;)" storage="c:\projekty\xunittestproject\bin\debug\netcoreapp3.1\xunittestproject.dll" id="f72783d9-64aa-50e2-fcd1-46f621632d5d">
      <Execution id="01774496-5861-46e2-a114-7f608cda0df3" />
      <TestMethod codeBase="C:\Projekty\xUnitTestProject\bin\Debug\netcoreapp3.1\xUnitTestProject.dll" adapterTypeName="executor://xunit/VsTestRunner2/netcoreapp" className="xUnitTestProject.CurrencyHelperTests" name="FormatToStringTest1000" />
    </UnitTest>
    <UnitTest name="xUnitTestProject.CurrencyHelperTests.FormatToStringTest1000(price: 823.2747994560166, expected: &quot;823.27 zł&quot;)" storage="c:\projekty\xunittestproject\bin\debug\netcoreapp3.1\xunittestproject.dll" id="31d901d5-0ee4-8f4e-13ca-73133c8afccc">
      <Execution id="10ec075c-674d-41a2-b913-34a1ef176511" />
      <TestMethod codeBase="C:\Projekty\xUnitTestProject\bin\Debug\netcoreapp3.1\xUnitTestProject.dll" adapterTypeName="executor://xunit/VsTestRunner2/netcoreapp" className="xUnitTestProject.CurrencyHelperTests" name="FormatToStringTest1000" />
    </UnitTest>
    <UnitTest name="xUnitTestProject.CurrencyHelperTests.FormatToStringTest1000(price: 13197.65136269417, expected: &quot;13197.65 zł&quot;)" storage="c:\projekty\xunittestproject\bin\debug\netcoreapp3.1\xunittestproject.dll" id="c558e0d2-3c06-e002-2aa3-e6624e30de98">
      <Execution id="b727a7e2-a3bb-4033-81b0-b8b77ff17915" />
      <TestMethod codeBase="C:\Projekty\xUnitTestProject\bin\Debug\netcoreapp3.1\xUnitTestProject.dll" adapterTypeName="executor://xunit/VsTestRunner2/netcoreapp" className="xUnitTestProject.CurrencyHelperTests" name="FormatToStringTest1000" />
    </UnitTest>
    <UnitTest name="xUnitTestProject.CurrencyHelperTests.FormatToStringTest1000(price: 22743.19734205827, expected: &quot;22743.20 zł&quot;)" storage="c:\projekty\xunittestproject\bin\debug\netcoreapp3.1\xunittestproject.dll" id="9c12637d-98e9-60e9-4c3e-198e27a61c0f">
      <Execution id="e4c24a20-e73f-4991-82f9-173f06d5e57a" />
      <TestMethod codeBase="C:\Projekty\xUnitTestProject\bin\Debug\netcoreapp3.1\xUnitTestProject.dll" adapterTypeName="executor://xunit/VsTestRunner2/netcoreapp" className="xUnitTestProject.CurrencyHelperTests" name="FormatToStringTest1000" />
    </UnitTest>
    <UnitTest name="xUnitTestProject.CurrencyHelperTests.FormatToStringTest1000(price: 29917.15005391145, expected: &quot;29917.15 zł&quot;)" storage="c:\projekty\xunittestproject\bin\debug\netcoreapp3.1\xunittestproject.dll" id="1400f8ec-69fd-4b7f-6a20-9938aff67002">
      <Execution id="7fbf6344-44c4-407e-9d32-d8b2928c03f7" />
      <TestMethod codeBase="C:\Projekty\xUnitTestProject\bin\Debug\netcoreapp3.1\xUnitTestProject.dll" adapterTypeName="executor://xunit/VsTestRunner2/netcoreapp" className="xUnitTestProject.CurrencyHelperTests" name="FormatToStringTest1000" />
    </UnitTest>
    <UnitTest name="xUnitTestProject.CurrencyHelperTests.FormatToStringTest1000(price: 28155.26504817664, expected: &quot;28155.27 zł&quot;)" storage="c:\projekty\xunittestproject\bin\debug\netcoreapp3.1\xunittestproject.dll" id="e59747a8-433f-61a0-e952-9d5b29617a9f">
      <Execution id="a2e29760-9903-463e-859f-839f062d98a4" />
      <TestMethod codeBase="C:\Projekty\xUnitTestProject\bin\Debug\netcoreapp3.1\xUnitTestProject.dll" adapterTypeName="executor://xunit/VsTestRunner2/netcoreapp" className="xUnitTestProject.CurrencyHelperTests" name="FormatToStringTest1000" />
    </UnitTest>
    <UnitTest name="xUnitTestProject.CurrencyHelperTests.FormatToStringTest1000(price: 8901.937138443784, expected: &quot;8901.94 zł&quot;)" storage="c:\projekty\xunittestproject\bin\debug\netcoreapp3.1\xunittestproject.dll" id="38efd0dd-942e-1575-95b3-c2474aa164b9">
      <Execution id="25be596c-8038-4bdb-be43-4e5822c63b81" />
      <TestMethod codeBase="C:\Projekty\xUnitTestProject\bin\Debug\netcoreapp3.1\xUnitTestProject.dll" adapterTypeName="executor://xunit/VsTestRunner2/netcoreapp" className="xUnitTestProject.CurrencyHelperTests" name="FormatToStringTest1000" />
    </UnitTest>
    <UnitTest name="xUnitTestProject.CurrencyHelperTests.FormatToStringTest1000(price: 397.6461894566408, expected: &quot;397.65 zł&quot;)" storage="c:\projekty\xunittestproject\bin\debug\netcoreapp3.1\xunittestproject.dll" id="db653531-1a7a-b4d6-7b77-97b13719461c">
      <Execution id="09a6ba6f-b265-46cd-897d-795b045b0a66" />
      <TestMethod codeBase="C:\Projekty\xUnitTestProject\bin\Debug\netcoreapp3.1\xUnitTestProject.dll" adapterTypeName="executor://xunit/VsTestRunner2/netcoreapp" className="xUnitTestProject.CurrencyHelperTests" name="FormatToStringTest1000" />
    </UnitTest>
    <UnitTest name="xUnitTestProject.CurrencyHelperTests.FormatToStringTest1000(price: 6205.946199725357, expected: &quot;6205.95 zł&quot;)" storage="c:\projekty\xunittestproject\bin\debug\netcoreapp3.1\xunittestproject.dll" id="73278ab4-3d1d-b883-d827-3ea861390441">
      <Execution id="13b218b7-d135-4b76-94fb-c1943ac943c9" />
      <TestMethod codeBase="C:\Projekty\xUnitTestProject\bin\Debug\netcoreapp3.1\xUnitTestProject.dll" adapterTypeName="executor://xunit/VsTestRunner2/netcoreapp" className="xUnitTestProject.CurrencyHelperTests" name="FormatToStringTest1000" />
    </UnitTest>
    <UnitTest name="xUnitTestProject.CurrencyHelperTests.FormatToStringTest1000(price: 16637.074429372828, expected: &quot;16637.07 zł&quot;)" storage="c:\projekty\xunittestproject\bin\debug\netcoreapp3.1\xunittestproject.dll" id="13335374-86bb-3ff8-d28a-bd89dc7f02ec">
      <Execution id="8a9b53ee-e71e-4c03-bfcd-22198bfbedaf" />
      <TestMethod codeBase="C:\Projekty\xUnitTestProject\bin\Debug\netcoreapp3.1\xUnitTestProject.dll" adapterTypeName="executor://xunit/VsTestRunner2/netcoreapp" className="xUnitTestProject.CurrencyHelperTests" name="FormatToStringTest1000" />
    </UnitTest>
    <UnitTest name="xUnitTestProject.CurrencyHelperTests.FormatToStringTest1000(price: 66284.43763489948, expected: &quot;66284.44 zł&quot;)" storage="c:\projekty\xunittestproject\bin\debug\netcoreapp3.1\xunittestproject.dll" id="0ced2539-ec58-b3a8-188d-e014bf456555">
      <Execution id="76938782-c6d1-4831-984b-2100a0530ace" />
      <TestMethod codeBase="C:\Projekty\xUnitTestProject\bin\Debug\netcoreapp3.1\xUnitTestProject.dll" adapterTypeName="executor://xunit/VsTestRunner2/netcoreapp" className="xUnitTestProject.CurrencyHelperTests" name="FormatToStringTest1000" />
    </UnitTest>
    <UnitTest name="xUnitTestProject.CurrencyHelperTests.FormatToStringTest1000(price: 67338.80028760935, expected: &quot;67338.80 zł&quot;)" storage="c:\projekty\xunittestproject\bin\debug\netcoreapp3.1\xunittestproject.dll" id="9f966096-1641-bf42-1320-e9f57c98ec2f">
      <Execution id="ea1f5f55-66cb-4861-ae77-9f20b9a7a39f" />
      <TestMethod codeBase="C:\Projekty\xUnitTestProject\bin\Debug\netcoreapp3.1\xUnitTestProject.dll" adapterTypeName="executor://xunit/VsTestRunner2/netcoreapp" className="xUnitTestProject.CurrencyHelperTests" name="FormatToStringTest1000" />
    </UnitTest>
    <UnitTest name="xUnitTestProject.CurrencyHelperTests.FormatToStringTest1000(price: 2937.138486199611, expected: &quot;2937.14 zł&quot;)" storage="c:\projekty\xunittestproject\bin\debug\netcoreapp3.1\xunittestproject.dll" id="5105cd39-08d3-5cdf-e5e5-5aae2f2d51c8">
      <Execution id="910bf00d-3cf6-482e-80c4-b9fa999113f8" />
      <TestMethod codeBase="C:\Projekty\xUnitTestProject\bin\Debug\netcoreapp3.1\xUnitTestProject.dll" adapterTypeName="executor://xunit/VsTestRunner2/netcoreapp" className="xUnitTestProject.CurrencyHelperTests" name="FormatToStringTest1000" />
    </UnitTest>
    <UnitTest name="xUnitTestProject.CurrencyHelperTests.FormatToStringTest1000(price: 40241.790964380736, expected: &quot;40241.79 zł&quot;)" storage="c:\projekty\xunittestproject\bin\debug\netcoreapp3.1\xunittestproject.dll" id="66840d6a-95a8-9e96-1d7b-1ecad55a0c92">
      <Execution id="9d25f3a4-9434-4e2f-b157-6161b50ecc02" />
      <TestMethod codeBase="C:\Projekty\xUnitTestProject\bin\Debug\netcoreapp3.1\xUnitTestProject.dll" adapterTypeName="executor://xunit/VsTestRunner2/netcoreapp" className="xUnitTestProject.CurrencyHelperTests" name="FormatToStringTest1000" />
    </UnitTest>
    <UnitTest name="xUnitTestProject.CurrencyHelperTests.FormatToStringTest1000(price: 30385.72086375613, expected: &quot;30385.72 zł&quot;)" storage="c:\projekty\xunittestproject\bin\debug\netcoreapp3.1\xunittestproject.dll" id="fd35a08c-5b95-7a8f-b139-85a90dbcf98e">
      <Execution id="0cb964a5-cf75-4636-aa00-eb377c08ad97" />
      <TestMethod codeBase="C:\Projekty\xUnitTestProject\bin\Debug\netcoreapp3.1\xUnitTestProject.dll" adapterTypeName="executor://xunit/VsTestRunner2/netcoreapp" className="xUnitTestProject.CurrencyHelperTests" name="FormatToStringTest1000" />
    </UnitTest>
    <UnitTest name="xUnitTestProject.CurrencyHelperTests.FormatToStringTest1000(price: 32051.900532446758, expected: &quot;32051.90 zł&quot;)" storage="c:\projekty\xunittestproject\bin\debug\netcoreapp3.1\xunittestproject.dll" id="6eb5b91d-aafa-339f-fbef-69ff28a5c36d">
      <Execution id="b96178f2-28fe-4ed5-8230-fb6febc45996" />
      <TestMethod codeBase="C:\Projekty\xUnitTestProject\bin\Debug\netcoreapp3.1\xUnitTestProject.dll" adapterTypeName="executor://xunit/VsTestRunner2/netcoreapp" className="xUnitTestProject.CurrencyHelperTests" name="FormatToStringTest1000" />
    </UnitTest>
    <UnitTest name="xUnitTestProject.CurrencyHelperTests.FormatToStringTest1000(price: 38904.87092920806, expected: &quot;38904.87 zł&quot;)" storage="c:\projekty\xunittestproject\bin\debug\netcoreapp3.1\xunittestproject.dll" id="366e3c61-7635-9c9b-a996-33c58fa8fc62">
      <Execution id="fefd589e-bdf1-421b-b4ba-e6479ae64f65" />
      <TestMethod codeBase="C:\Projekty\xUnitTestProject\bin\Debug\netcoreapp3.1\xUnitTestProject.dll" adapterTypeName="executor://xunit/VsTestRunner2/netcoreapp" className="xUnitTestProject.CurrencyHelperTests" name="FormatToStringTest1000" />
    </UnitTest>
    <UnitTest name="xUnitTestProject.CurrencyHelperTests.FormatToStringTest1000(price: 33206.73122987837, expected: &quot;33206.73 zł&quot;)" storage="c:\projekty\xunittestproject\bin\debug\netcoreapp3.1\xunittestproject.dll" id="691fc6f3-8d98-645e-59dc-63e6708e6080">
      <Execution id="7a7604e2-a0c1-4cc0-94d3-5a46fee74d19" />
      <TestMethod codeBase="C:\Projekty\xUnitTestProject\bin\Debug\netcoreapp3.1\xUnitTestProject.dll" adapterTypeName="executor://xunit/VsTestRunner2/netcoreapp" className="xUnitTestProject.CurrencyHelperTests" name="FormatToStringTest1000" />
    </UnitTest>
    <UnitTest name="xUnitTestProject.CurrencyHelperTests.FormatToStringTest1000(price: 18340.8953197882, expected: &quot;18340.90 zł&quot;)" storage="c:\projekty\xunittestproject\bin\debug\netcoreapp3.1\xunittestproject.dll" id="a116b226-3d55-2529-864d-5e970bf42be4">
      <Execution id="defe1eac-6168-4a68-94e5-009cdaf7f477" />
      <TestMethod codeBase="C:\Projekty\xUnitTestProject\bin\Debug\netcoreapp3.1\xUnitTestProject.dll" adapterTypeName="executor://xunit/VsTestRunner2/netcoreapp" className="xUnitTestProject.CurrencyHelperTests" name="FormatToStringTest1000" />
    </UnitTest>
    <UnitTest name="xUnitTestProject.CurrencyHelperTests.FormatToStringTest1000(price: 64887.45559046951, expected: &quot;64887.46 zł&quot;)" storage="c:\projekty\xunittestproject\bin\debug\netcoreapp3.1\xunittestproject.dll" id="90cfec42-4910-af10-cff4-5af0ef6c23f5">
      <Execution id="9a8a7bf6-327d-4570-b9f6-048ff4c4d9e5" />
      <TestMethod codeBase="C:\Projekty\xUnitTestProject\bin\Debug\netcoreapp3.1\xUnitTestProject.dll" adapterTypeName="executor://xunit/VsTestRunner2/netcoreapp" className="xUnitTestProject.CurrencyHelperTests" name="FormatToStringTest1000" />
    </UnitTest>
    <UnitTest name="xUnitTestProject.CurrencyHelperTests.FormatToStringTest1000(price: 26162.532683261918, expected: &quot;26162.53 zł&quot;)" storage="c:\projekty\xunittestproject\bin\debug\netcoreapp3.1\xunittestproject.dll" id="f5005d81-5a9b-ef44-7fc2-52377fae83f4">
      <Execution id="d2609ebc-6371-4671-880d-00b50700a930" />
      <TestMethod codeBase="C:\Projekty\xUnitTestProject\bin\Debug\netcoreapp3.1\xUnitTestProject.dll" adapterTypeName="executor://xunit/VsTestRunner2/netcoreapp" className="xUnitTestProject.CurrencyHelperTests" name="FormatToStringTest1000" />
    </UnitTest>
    <UnitTest name="xUnitTestProject.CurrencyHelperTests.FormatToStringTest1000(price: 9928.477822322622, expected: &quot;9928.48 zł&quot;)" storage="c:\projekty\xunittestproject\bin\debug\netcoreapp3.1\xunittestproject.dll" id="28d8e856-ac6b-165d-f269-4ec7d560f09b">
      <Execution id="7cbf37bd-b074-4498-b5f9-a8b4ed6c8f46" />
      <TestMethod codeBase="C:\Projekty\xUnitTestProject\bin\Debug\netcoreapp3.1\xUnitTestProject.dll" adapterTypeName="executor://xunit/VsTestRunner2/netcoreapp" className="xUnitTestProject.CurrencyHelperTests" name="FormatToStringTest1000" />
    </UnitTest>
    <UnitTest name="xUnitTestProject.CurrencyHelperTests.FormatToStringTest1000(price: 24251.68593564848, expected: &quot;24251.69 zł&quot;)" storage="c:\projekty\xunittestproject\bin\debug\netcoreapp3.1\xunittestproject.dll" id="ddfa2a9a-e29a-9dfc-0603-2fa2e9e89c67">
      <Execution id="985b0f9c-638e-4e9b-85cc-32c47d89bf7d" />
      <TestMethod codeBase="C:\Projekty\xUnitTestProject\bin\Debug\netcoreapp3.1\xUnitTestProject.dll" adapterTypeName="executor://xunit/VsTestRunner2/netcoreapp" className="xUnitTestProject.CurrencyHelperTests" name="FormatToStringTest1000" />
    </UnitTest>
    <UnitTest name="xUnitTestProject.CurrencyHelperTests.FormatToStringTest1000(price: 63946.51014057478, expected: &quot;63946.51 zł&quot;)" storage="c:\projekty\xunittestproject\bin\debug\netcoreapp3.1\xunittestproject.dll" id="3a14b4a3-bbfa-4f36-3b26-b18f61900c63">
      <Execution id="f882d286-c09e-4448-8cf3-ee0599eefca2" />
      <TestMethod codeBase="C:\Projekty\xUnitTestProject\bin\Debug\netcoreapp3.1\xUnitTestProject.dll" adapterTypeName="executor://xunit/VsTestRunner2/netcoreapp" className="xUnitTestProject.CurrencyHelperTests" name="FormatToStringTest1000" />
    </UnitTest>
    <UnitTest name="xUnitTestProject.CurrencyHelperTests.FormatToStringTest1000(price: 72659.37876478041, expected: &quot;72659.38 zł&quot;)" storage="c:\projekty\xunittestproject\bin\debug\netcoreapp3.1\xunittestproject.dll" id="b4f18443-22cf-826b-3478-6d5f920e371c">
      <Execution id="c0e819bc-9f23-4928-b7ae-c62b2471c5e8" />
      <TestMethod codeBase="C:\Projekty\xUnitTestProject\bin\Debug\netcoreapp3.1\xUnitTestProject.dll" adapterTypeName="executor://xunit/VsTestRunner2/netcoreapp" className="xUnitTestProject.CurrencyHelperTests" name="FormatToStringTest1000" />
    </UnitTest>
    <UnitTest name="xUnitTestProject.CurrencyHelperTests.FormatToStringTest1000(price: 675.4589376107133, expected: &quot;675.46 zł&quot;)" storage="c:\projekty\xunittestproject\bin\debug\netcoreapp3.1\xunittestproject.dll" id="5058bebd-02f5-fdd0-776c-ccea1412870f">
      <Execution id="40c480db-2e35-48ac-8953-23efe1535b35" />
      <TestMethod codeBase="C:\Projekty\xUnitTestProject\bin\Debug\netcoreapp3.1\xUnitTestProject.dll" adapterTypeName="executor://xunit/VsTestRunner2/netcoreapp" className="xUnitTestProject.CurrencyHelperTests" name="FormatToStringTest1000" />
    </UnitTest>
    <UnitTest name="xUnitTestProject.CurrencyHelperTests.FormatToStringTest1000(price: 10370.0107542784, expected: &quot;10370.01 zł&quot;)" storage="c:\projekty\xunittestproject\bin\debug\netcoreapp3.1\xunittestproject.dll" id="d4cfd815-487d-e378-1f28-dc4676158012">
      <Execution id="9fd7d430-4a31-4426-806b-97ab610b9ffe" />
      <TestMethod codeBase="C:\Projekty\xUnitTestProject\bin\Debug\netcoreapp3.1\xUnitTestProject.dll" adapterTypeName="executor://xunit/VsTestRunner2/netcoreapp" className="xUnitTestProject.CurrencyHelperTests" name="FormatToStringTest1000" />
    </UnitTest>
    <UnitTest name="xUnitTestProject.CurrencyHelperTests.FormatToStringTest1000(price: 19006.315459580772, expected: &quot;19006.32 zł&quot;)" storage="c:\projekty\xunittestproject\bin\debug\netcoreapp3.1\xunittestproject.dll" id="8f731e1d-d266-da92-7f8a-593d1a2e36d6">
      <Execution id="5486f227-76e5-4873-b988-4a288547ec42" />
      <TestMethod codeBase="C:\Projekty\xUnitTestProject\bin\Debug\netcoreapp3.1\xUnitTestProject.dll" adapterTypeName="executor://xunit/VsTestRunner2/netcoreapp" className="xUnitTestProject.CurrencyHelperTests" name="FormatToStringTest1000" />
    </UnitTest>
    <UnitTest name="xUnitTestProject.CurrencyHelperTests.FormatToStringTest1000(price: 4094.6752323977066, expected: &quot;4094.68 zł&quot;)" storage="c:\projekty\xunittestproject\bin\debug\netcoreapp3.1\xunittestproject.dll" id="6fd88d41-992e-23c0-e35a-a1d1b838cd50">
      <Execution id="8a49f3cd-199a-49b3-a5fd-020ad0635a3c" />
      <TestMethod codeBase="C:\Projekty\xUnitTestProject\bin\Debug\netcoreapp3.1\xUnitTestProject.dll" adapterTypeName="executor://xunit/VsTestRunner2/netcoreapp" className="xUnitTestProject.CurrencyHelperTests" name="FormatToStringTest1000" />
    </UnitTest>
    <UnitTest name="xUnitTestProject.CurrencyHelperTests.FormatToStringTest1000(price: 79388.929555234, expected: &quot;79388.93 zł&quot;)" storage="c:\projekty\xunittestproject\bin\debug\netcoreapp3.1\xunittestproject.dll" id="a73e7657-df2c-963a-69ef-cc5459fb4c2b">
      <Execution id="73764f00-d019-4c25-89f1-ef44ede11f98" />
      <TestMethod codeBase="C:\Projekty\xUnitTestProject\bin\Debug\netcoreapp3.1\xUnitTestProject.dll" adapterTypeName="executor://xunit/VsTestRunner2/netcoreapp" className="xUnitTestProject.CurrencyHelperTests" name="FormatToStringTest1000" />
    </UnitTest>
    <UnitTest name="xUnitTestProject.CurrencyHelperTests.FormatToStringTest1000(price: 61324.33752458279, expected: &quot;61324.34 zł&quot;)" storage="c:\projekty\xunittestproject\bin\debug\netcoreapp3.1\xunittestproject.dll" id="a2cb1a23-585c-77f0-4371-0762318d91ff">
      <Execution id="5e1c7642-2e52-4ffe-a03f-b5df4bbf9bed" />
      <TestMethod codeBase="C:\Projekty\xUnitTestProject\bin\Debug\netcoreapp3.1\xUnitTestProject.dll" adapterTypeName="executor://xunit/VsTestRunner2/netcoreapp" className="xUnitTestProject.CurrencyHelperTests" name="FormatToStringTest1000" />
    </UnitTest>
    <UnitTest name="xUnitTestProject.CurrencyHelperTests.FormatToStringTest1000(price: 5876.112133716285, expected: &quot;5876.11 zł&quot;)" storage="c:\projekty\xunittestproject\bin\debug\netcoreapp3.1\xunittestproject.dll" id="d04a2ff8-d519-5ad7-fd64-a85e9b9ae68c">
      <Execution id="584c79b9-a22b-4bae-92e2-f8213be6a0eb" />
      <TestMethod codeBase="C:\Projekty\xUnitTestProject\bin\Debug\netcoreapp3.1\xUnitTestProject.dll" adapterTypeName="executor://xunit/VsTestRunner2/netcoreapp" className="xUnitTestProject.CurrencyHelperTests" name="FormatToStringTest1000" />
    </UnitTest>
    <UnitTest name="xUnitTestProject.CurrencyHelperTests.FormatToStringTest1000(price: 30626.373939456127, expected: &quot;30626.37 zł&quot;)" storage="c:\projekty\xunittestproject\bin\debug\netcoreapp3.1\xunittestproject.dll" id="b3d46dfa-7a62-d522-3960-5646d987d2b9">
      <Execution id="779c10fa-6bf2-43f5-a141-b11361941fac" />
      <TestMethod codeBase="C:\Projekty\xUnitTestProject\bin\Debug\netcoreapp3.1\xUnitTestProject.dll" adapterTypeName="executor://xunit/VsTestRunner2/netcoreapp" className="xUnitTestProject.CurrencyHelperTests" name="FormatToStringTest1000" />
    </UnitTest>
    <UnitTest name="xUnitTestProject.CurrencyHelperTests.FormatToStringTest1000(price: 3341.8351759444154, expected: &quot;3341.84 zł&quot;)" storage="c:\projekty\xunittestproject\bin\debug\netcoreapp3.1\xunittestproject.dll" id="273a20e0-541a-4005-532d-de3663197643">
      <Execution id="fc99213b-c3a3-4d67-94f1-610b4fd9ced3" />
      <TestMethod codeBase="C:\Projekty\xUnitTestProject\bin\Debug\netcoreapp3.1\xUnitTestProject.dll" adapterTypeName="executor://xunit/VsTestRunner2/netcoreapp" className="xUnitTestProject.CurrencyHelperTests" name="FormatToStringTest1000" />
    </UnitTest>
    <UnitTest name="xUnitTestProject.CurrencyHelperTests.FormatToStringTest1000(price: 28298.945361683585, expected: &quot;28298.95 zł&quot;)" storage="c:\projekty\xunittestproject\bin\debug\netcoreapp3.1\xunittestproject.dll" id="5f750d11-c899-aa88-cff9-6806fe46c3fe">
      <Execution id="3a707ba3-83ce-4f56-8f29-aca723f3df06" />
      <TestMethod codeBase="C:\Projekty\xUnitTestProject\bin\Debug\netcoreapp3.1\xUnitTestProject.dll" adapterTypeName="executor://xunit/VsTestRunner2/netcoreapp" className="xUnitTestProject.CurrencyHelperTests" name="FormatToStringTest1000" />
    </UnitTest>
    <UnitTest name="xUnitTestProject.CurrencyHelperTests.FormatToStringTest1000(price: 16597.22844427788, expected: &quot;16597.23 zł&quot;)" storage="c:\projekty\xunittestproject\bin\debug\netcoreapp3.1\xunittestproject.dll" id="b58c1648-01cd-8d33-8125-f2d9795f377d">
      <Execution id="bcb6117d-903e-4389-99ce-3d1cf98f9b64" />
      <TestMethod codeBase="C:\Projekty\xUnitTestProject\bin\Debug\netcoreapp3.1\xUnitTestProject.dll" adapterTypeName="executor://xunit/VsTestRunner2/netcoreapp" className="xUnitTestProject.CurrencyHelperTests" name="FormatToStringTest1000" />
    </UnitTest>
    <UnitTest name="xUnitTestProject.CurrencyHelperTests.FormatToStringTest1000(price: 44361.82678515177, expected: &quot;44361.83 zł&quot;)" storage="c:\projekty\xunittestproject\bin\debug\netcoreapp3.1\xunittestproject.dll" id="4487648c-7b44-bfaa-d7fb-20dd19782f71">
      <Execution id="0f149cba-d5b5-4f7f-b2bc-bad75f267361" />
      <TestMethod codeBase="C:\Projekty\xUnitTestProject\bin\Debug\netcoreapp3.1\xUnitTestProject.dll" adapterTypeName="executor://xunit/VsTestRunner2/netcoreapp" className="xUnitTestProject.CurrencyHelperTests" name="FormatToStringTest1000" />
    </UnitTest>
    <UnitTest name="xUnitTestProject.CurrencyHelperTests.FormatToStringTest1000(price: 89093.57120939044, expected: &quot;89093.57 zł&quot;)" storage="c:\projekty\xunittestproject\bin\debug\netcoreapp3.1\xunittestproject.dll" id="9dc9660c-2773-e5a1-118f-73373343d0e6">
      <Execution id="da5f77c2-686d-422c-aba2-090d9ec24eba" />
      <TestMethod codeBase="C:\Projekty\xUnitTestProject\bin\Debug\netcoreapp3.1\xUnitTestProject.dll" adapterTypeName="executor://xunit/VsTestRunner2/netcoreapp" className="xUnitTestProject.CurrencyHelperTests" name="FormatToStringTest1000" />
    </UnitTest>
    <UnitTest name="xUnitTestProject.CurrencyHelperTests.FormatToStringTest1000(price: 24137.016609529506, expected: &quot;24137.02 zł&quot;)" storage="c:\projekty\xunittestproject\bin\debug\netcoreapp3.1\xunittestproject.dll" id="38b0259f-0bcb-8aec-4c3f-6a948a320426">
      <Execution id="6ff49476-e561-4206-b763-1b89c9055e51" />
      <TestMethod codeBase="C:\Projekty\xUnitTestProject\bin\Debug\netcoreapp3.1\xUnitTestProject.dll" adapterTypeName="executor://xunit/VsTestRunner2/netcoreapp" className="xUnitTestProject.CurrencyHelperTests" name="FormatToStringTest1000" />
    </UnitTest>
    <UnitTest name="xUnitTestProject.CurrencyHelperTests.FormatToStringTest1000(price: 20249.56614074277, expected: &quot;20249.57 zł&quot;)" storage="c:\projekty\xunittestproject\bin\debug\netcoreapp3.1\xunittestproject.dll" id="3462b2eb-e30f-6a87-cb93-c3563606a080">
      <Execution id="d23edafc-5176-48ac-a6a3-255a1429630a" />
      <TestMethod codeBase="C:\Projekty\xUnitTestProject\bin\Debug\netcoreapp3.1\xUnitTestProject.dll" adapterTypeName="executor://xunit/VsTestRunner2/netcoreapp" className="xUnitTestProject.CurrencyHelperTests" name="FormatToStringTest1000" />
    </UnitTest>
    <UnitTest name="xUnitTestProject.CurrencyHelperTests.FormatToStringTest1000(price: 9431.144757136304, expected: &quot;9431.14 zł&quot;)" storage="c:\projekty\xunittestproject\bin\debug\netcoreapp3.1\xunittestproject.dll" id="696d2b08-2b8a-7456-8791-bc3514cd955e">
      <Execution id="dc911654-c978-487b-aef4-34817c86e47f" />
      <TestMethod codeBase="C:\Projekty\xUnitTestProject\bin\Debug\netcoreapp3.1\xUnitTestProject.dll" adapterTypeName="executor://xunit/VsTestRunner2/netcoreapp" className="xUnitTestProject.CurrencyHelperTests" name="FormatToStringTest1000" />
    </UnitTest>
    <UnitTest name="xUnitTestProject.CurrencyHelperTests.FormatToStringTest1000(price: 19609.759296997803, expected: &quot;19609.76 zł&quot;)" storage="c:\projekty\xunittestproject\bin\debug\netcoreapp3.1\xunittestproject.dll" id="77e25ad7-ee15-446a-9252-d1385f25c4e7">
      <Execution id="ebc11457-c563-4cf1-96ce-5a478edb3c34" />
      <TestMethod codeBase="C:\Projekty\xUnitTestProject\bin\Debug\netcoreapp3.1\xUnitTestProject.dll" adapterTypeName="executor://xunit/VsTestRunner2/netcoreapp" className="xUnitTestProject.CurrencyHelperTests" name="FormatToStringTest1000" />
    </UnitTest>
    <UnitTest name="xUnitTestProject.CurrencyHelperTests.FormatToStringTest1000(price: 96261.84883437205, expected: &quot;96261.85 zł&quot;)" storage="c:\projekty\xunittestproject\bin\debug\netcoreapp3.1\xunittestproject.dll" id="bc76307e-662f-d191-64cf-4352a391fa59">
      <Execution id="8b8197d1-190d-4e1b-8457-fa1718332a13" />
      <TestMethod codeBase="C:\Projekty\xUnitTestProject\bin\Debug\netcoreapp3.1\xUnitTestProject.dll" adapterTypeName="executor://xunit/VsTestRunner2/netcoreapp" className="xUnitTestProject.CurrencyHelperTests" name="FormatToStringTest1000" />
    </UnitTest>
    <UnitTest name="xUnitTestProject.CurrencyHelperTests.FormatToStringTest1000(price: 17990.38119827089, expected: &quot;17990.38 zł&quot;)" storage="c:\projekty\xunittestproject\bin\debug\netcoreapp3.1\xunittestproject.dll" id="f227f8da-1aef-bb37-695f-f1b64dec59a9">
      <Execution id="b908722d-4d75-4b1e-9afe-cf4c59c852e7" />
      <TestMethod codeBase="C:\Projekty\xUnitTestProject\bin\Debug\netcoreapp3.1\xUnitTestProject.dll" adapterTypeName="executor://xunit/VsTestRunner2/netcoreapp" className="xUnitTestProject.CurrencyHelperTests" name="FormatToStringTest1000" />
    </UnitTest>
    <UnitTest name="xUnitTestProject.CurrencyHelperTests.FormatToStringTest1000(price: 15600.245951180927, expected: &quot;15600.25 zł&quot;)" storage="c:\projekty\xunittestproject\bin\debug\netcoreapp3.1\xunittestproject.dll" id="ad89a04b-1d6c-269b-831e-2a5afc742278">
      <Execution id="76f6dfe0-76be-4d21-8f67-68af20c654ff" />
      <TestMethod codeBase="C:\Projekty\xUnitTestProject\bin\Debug\netcoreapp3.1\xUnitTestProject.dll" adapterTypeName="executor://xunit/VsTestRunner2/netcoreapp" className="xUnitTestProject.CurrencyHelperTests" name="FormatToStringTest1000" />
    </UnitTest>
    <UnitTest name="xUnitTestProject.CurrencyHelperTests.FormatToStringTest1000(price: 14712.754747761765, expected: &quot;14712.75 zł&quot;)" storage="c:\projekty\xunittestproject\bin\debug\netcoreapp3.1\xunittestproject.dll" id="0fb54a08-345f-ee29-01d6-61a60fb47ced">
      <Execution id="19ce5b44-3843-4193-89e8-29c5b242636f" />
      <TestMethod codeBase="C:\Projekty\xUnitTestProject\bin\Debug\netcoreapp3.1\xUnitTestProject.dll" adapterTypeName="executor://xunit/VsTestRunner2/netcoreapp" className="xUnitTestProject.CurrencyHelperTests" name="FormatToStringTest1000" />
    </UnitTest>
    <UnitTest name="xUnitTestProject.CurrencyHelperTests.FormatToStringTest1000(price: 13574.683315038068, expected: &quot;13574.68 zł&quot;)" storage="c:\projekty\xunittestproject\bin\debug\netcoreapp3.1\xunittestproject.dll" id="185ede31-fab0-85ad-ad6a-a8eab36c8466">
      <Execution id="6e9f746a-bc0b-4bf0-b08f-90dd96a89403" />
      <TestMethod codeBase="C:\Projekty\xUnitTestProject\bin\Debug\netcoreapp3.1\xUnitTestProject.dll" adapterTypeName="executor://xunit/VsTestRunner2/netcoreapp" className="xUnitTestProject.CurrencyHelperTests" name="FormatToStringTest1000" />
    </UnitTest>
    <UnitTest name="xUnitTestProject.CurrencyHelperTests.FormatToStringTest1000(price: 1669.555150571072, expected: &quot;1669.56 zł&quot;)" storage="c:\projekty\xunittestproject\bin\debug\netcoreapp3.1\xunittestproject.dll" id="68224de9-ccec-a0b7-c8a8-a3c8c0c30259">
      <Execution id="a6d7ad7c-a849-429c-9d01-0b64e5413e1e" />
      <TestMethod codeBase="C:\Projekty\xUnitTestProject\bin\Debug\netcoreapp3.1\xUnitTestProject.dll" adapterTypeName="executor://xunit/VsTestRunner2/netcoreapp" className="xUnitTestProject.CurrencyHelperTests" name="FormatToStringTest1000" />
    </UnitTest>
    <UnitTest name="xUnitTestProject.CurrencyHelperTests.FormatToStringTest1000(price: 25084.19182667238, expected: &quot;25084.19 zł&quot;)" storage="c:\projekty\xunittestproject\bin\debug\netcoreapp3.1\xunittestproject.dll" id="03249ab3-78a8-f0c2-3edd-fa3544db15c9">
      <Execution id="e9e115d2-8f57-429f-8549-c7ea2f2c48eb" />
      <TestMethod codeBase="C:\Projekty\xUnitTestProject\bin\Debug\netcoreapp3.1\xUnitTestProject.dll" adapterTypeName="executor://xunit/VsTestRunner2/netcoreapp" className="xUnitTestProject.CurrencyHelperTests" name="FormatToStringTest1000" />
    </UnitTest>
    <UnitTest name="xUnitTestProject.CurrencyHelperTests.FormatToStringTest1000(price: 37889.10086727193, expected: &quot;37889.10 zł&quot;)" storage="c:\projekty\xunittestproject\bin\debug\netcoreapp3.1\xunittestproject.dll" id="cbfda56e-8c0a-ba07-a0f8-119519aa985c">
      <Execution id="12a06c79-748b-4757-afeb-ed28bb12cc80" />
      <TestMethod codeBase="C:\Projekty\xUnitTestProject\bin\Debug\netcoreapp3.1\xUnitTestProject.dll" adapterTypeName="executor://xunit/VsTestRunner2/netcoreapp" className="xUnitTestProject.CurrencyHelperTests" name="FormatToStringTest1000" />
    </UnitTest>
    <UnitTest name="xUnitTestProject.CurrencyHelperTests.FormatToStringTest1000(price: 37160.85331540269, expected: &quot;37160.85 zł&quot;)" storage="c:\projekty\xunittestproject\bin\debug\netcoreapp3.1\xunittestproject.dll" id="5322a6b6-b1d1-4276-7a98-26cc05377b71">
      <Execution id="f1375ab3-07c2-42ab-bf42-9dd8d92b2d18" />
      <TestMethod codeBase="C:\Projekty\xUnitTestProject\bin\Debug\netcoreapp3.1\xUnitTestProject.dll" adapterTypeName="executor://xunit/VsTestRunner2/netcoreapp" className="xUnitTestProject.CurrencyHelperTests" name="FormatToStringTest1000" />
    </UnitTest>
    <UnitTest name="xUnitTestProject.CurrencyHelperTests.FormatToStringTest1000(price: 28068.20530246394, expected: &quot;28068.21 zł&quot;)" storage="c:\projekty\xunittestproject\bin\debug\netcoreapp3.1\xunittestproject.dll" id="ee9462eb-6912-5171-764c-f29a600e2526">
      <Execution id="ceca92b1-7c5d-419f-adb6-3ede49ca94c3" />
      <TestMethod codeBase="C:\Projekty\xUnitTestProject\bin\Debug\netcoreapp3.1\xUnitTestProject.dll" adapterTypeName="executor://xunit/VsTestRunner2/netcoreapp" className="xUnitTestProject.CurrencyHelperTests" name="FormatToStringTest1000" />
    </UnitTest>
    <UnitTest name="xUnitTestProject.CurrencyHelperTests.FormatToStringTest1000(price: 13375.96341587415, expected: &quot;13375.96 zł&quot;)" storage="c:\projekty\xunittestproject\bin\debug\netcoreapp3.1\xunittestproject.dll" id="595bfab0-5cd9-2edb-fcf1-e6874dc93e48">
      <Execution id="6a3b06fd-72b3-4a7a-bba5-b4137e77d561" />
      <TestMethod codeBase="C:\Projekty\xUnitTestProject\bin\Debug\netcoreapp3.1\xUnitTestProject.dll" adapterTypeName="executor://xunit/VsTestRunner2/netcoreapp" className="xUnitTestProject.CurrencyHelperTests" name="FormatToStringTest1000" />
    </UnitTest>
    <UnitTest name="xUnitTestProject.CurrencyHelperTests.FormatToStringTest1000(price: 3303.1902076747224, expected: &quot;3303.19 zł&quot;)" storage="c:\projekty\xunittestproject\bin\debug\netcoreapp3.1\xunittestproject.dll" id="92c24577-a226-a6b7-7d5e-021b44057899">
      <Execution id="608bad40-7617-48b0-9c47-1d4e03324c9c" />
      <TestMethod codeBase="C:\Projekty\xUnitTestProject\bin\Debug\netcoreapp3.1\xUnitTestProject.dll" adapterTypeName="executor://xunit/VsTestRunner2/netcoreapp" className="xUnitTestProject.CurrencyHelperTests" name="FormatToStringTest1000" />
    </UnitTest>
    <UnitTest name="xUnitTestProject.CurrencyHelperTests.FormatToStringTest1000(price: 17798.633951516185, expected: &quot;17798.63 zł&quot;)" storage="c:\projekty\xunittestproject\bin\debug\netcoreapp3.1\xunittestproject.dll" id="ba870e88-e985-a063-3050-00fcfcbc95b8">
      <Execution id="441fd422-da4a-4784-bd19-b60afab0483a" />
      <TestMethod codeBase="C:\Projekty\xUnitTestProject\bin\Debug\netcoreapp3.1\xUnitTestProject.dll" adapterTypeName="executor://xunit/VsTestRunner2/netcoreapp" className="xUnitTestProject.CurrencyHelperTests" name="FormatToStringTest1000" />
    </UnitTest>
    <UnitTest name="xUnitTestProject.CurrencyHelperTests.FormatToStringTest1000(price: 68698.01923441609, expected: &quot;68698.02 zł&quot;)" storage="c:\projekty\xunittestproject\bin\debug\netcoreapp3.1\xunittestproject.dll" id="9ee4d82e-bba5-9c6c-1803-31366568eb6e">
      <Execution id="68fca3bf-4b53-417e-a5b7-8b99403d2826" />
      <TestMethod codeBase="C:\Projekty\xUnitTestProject\bin\Debug\netcoreapp3.1\xUnitTestProject.dll" adapterTypeName="executor://xunit/VsTestRunner2/netcoreapp" className="xUnitTestProject.CurrencyHelperTests" name="FormatToStringTest1000" />
    </UnitTest>
    <UnitTest name="xUnitTestProject.CurrencyHelperTests.FormatToStringTest1000(price: 20643.69044446465, expected: &quot;20643.69 zł&quot;)" storage="c:\projekty\xunittestproject\bin\debug\netcoreapp3.1\xunittestproject.dll" id="081d3b2d-f16b-400c-9941-d599ff407e21">
      <Execution id="8e7bc4fe-b1ec-4552-98b2-0dd5e9459726" />
      <TestMethod codeBase="C:\Projekty\xUnitTestProject\bin\Debug\netcoreapp3.1\xUnitTestProject.dll" adapterTypeName="executor://xunit/VsTestRunner2/netcoreapp" className="xUnitTestProject.CurrencyHelperTests" name="FormatToStringTest1000" />
    </UnitTest>
    <UnitTest name="xUnitTestProject.CurrencyHelperTests.FormatToStringTest1000(price: 16402.16316587206, expected: &quot;16402.16 zł&quot;)" storage="c:\projekty\xunittestproject\bin\debug\netcoreapp3.1\xunittestproject.dll" id="bb53c479-4fb7-b049-d0b3-60c53109c03d">
      <Execution id="b8b20192-3d0a-423e-aeaa-b39d0ae7de48" />
      <TestMethod codeBase="C:\Projekty\xUnitTestProject\bin\Debug\netcoreapp3.1\xUnitTestProject.dll" adapterTypeName="executor://xunit/VsTestRunner2/netcoreapp" className="xUnitTestProject.CurrencyHelperTests" name="FormatToStringTest1000" />
    </UnitTest>
    <UnitTest name="xUnitTestProject.CurrencyHelperTests.FormatToStringTest1000(price: 1751.7703038522834, expected: &quot;1751.77 zł&quot;)" storage="c:\projekty\xunittestproject\bin\debug\netcoreapp3.1\xunittestproject.dll" id="d28e2add-d838-2ebe-df2d-b5dd0d3b773e">
      <Execution id="9ea95efd-81f5-4ad1-8a5e-20a0afbc5e33" />
      <TestMethod codeBase="C:\Projekty\xUnitTestProject\bin\Debug\netcoreapp3.1\xUnitTestProject.dll" adapterTypeName="executor://xunit/VsTestRunner2/netcoreapp" className="xUnitTestProject.CurrencyHelperTests" name="FormatToStringTest1000" />
    </UnitTest>
    <UnitTest name="xUnitTestProject.CurrencyHelperTests.FormatToStringTest1000(price: 37954.34384365396, expected: &quot;37954.34 zł&quot;)" storage="c:\projekty\xunittestproject\bin\debug\netcoreapp3.1\xunittestproject.dll" id="b8055217-5a74-6a87-a561-a760192c2a20">
      <Execution id="62d65232-89d2-4082-96c0-450d7fa8fddc" />
      <TestMethod codeBase="C:\Projekty\xUnitTestProject\bin\Debug\netcoreapp3.1\xUnitTestProject.dll" adapterTypeName="executor://xunit/VsTestRunner2/netcoreapp" className="xUnitTestProject.CurrencyHelperTests" name="FormatToStringTest1000" />
    </UnitTest>
    <UnitTest name="xUnitTestProject.CurrencyHelperTests.FormatToStringTest1000(price: 4715.320654313695, expected: &quot;4715.32 zł&quot;)" storage="c:\projekty\xunittestproject\bin\debug\netcoreapp3.1\xunittestproject.dll" id="33b74559-764f-421e-252d-cd475c561f9a">
      <Execution id="4894de46-1a6f-4534-a6ee-5a18666dfd09" />
      <TestMethod codeBase="C:\Projekty\xUnitTestProject\bin\Debug\netcoreapp3.1\xUnitTestProject.dll" adapterTypeName="executor://xunit/VsTestRunner2/netcoreapp" className="xUnitTestProject.CurrencyHelperTests" name="FormatToStringTest1000" />
    </UnitTest>
    <UnitTest name="xUnitTestProject.CurrencyHelperTests.FormatToStringTest1000(price: 17000.070169619317, expected: &quot;17000.07 zł&quot;)" storage="c:\projekty\xunittestproject\bin\debug\netcoreapp3.1\xunittestproject.dll" id="4ef75591-ffb4-d566-94c9-bda5f50552b9">
      <Execution id="764a30ee-d372-4513-9f5a-2c00580342c5" />
      <TestMethod codeBase="C:\Projekty\xUnitTestProject\bin\Debug\netcoreapp3.1\xUnitTestProject.dll" adapterTypeName="executor://xunit/VsTestRunner2/netcoreapp" className="xUnitTestProject.CurrencyHelperTests" name="FormatToStringTest1000" />
    </UnitTest>
    <UnitTest name="xUnitTestProject.CurrencyHelperTests.FormatToStringTest1000(price: 9624.06628225188, expected: &quot;9624.07 zł&quot;)" storage="c:\projekty\xunittestproject\bin\debug\netcoreapp3.1\xunittestproject.dll" id="0af3eea6-5817-a867-a6c4-92fe1e3e316c">
      <Execution id="cc843acf-f2db-4911-b8b9-28a85fb9110d" />
      <TestMethod codeBase="C:\Projekty\xUnitTestProject\bin\Debug\netcoreapp3.1\xUnitTestProject.dll" adapterTypeName="executor://xunit/VsTestRunner2/netcoreapp" className="xUnitTestProject.CurrencyHelperTests" name="FormatToStringTest1000" />
    </UnitTest>
    <UnitTest name="xUnitTestProject.CurrencyHelperTests.FormatToStringTest1000(price: 782.6578288817116, expected: &quot;782.66 zł&quot;)" storage="c:\projekty\xunittestproject\bin\debug\netcoreapp3.1\xunittestproject.dll" id="b5a6747d-aa6b-3b3a-779c-c378aea09cd8">
      <Execution id="158955db-52ae-442a-b9b6-708cd72b296d" />
      <TestMethod codeBase="C:\Projekty\xUnitTestProject\bin\Debug\netcoreapp3.1\xUnitTestProject.dll" adapterTypeName="executor://xunit/VsTestRunner2/netcoreapp" className="xUnitTestProject.CurrencyHelperTests" name="FormatToStringTest1000" />
    </UnitTest>
    <UnitTest name="xUnitTestProject.CurrencyHelperTests.FormatToStringTest1000(price: 30020.248557890412, expected: &quot;30020.25 zł&quot;)" storage="c:\projekty\xunittestproject\bin\debug\netcoreapp3.1\xunittestproject.dll" id="26c85a86-1383-9737-58c9-22fa784f7da5">
      <Execution id="c1eeddbc-37e6-451c-b7a1-3c55d29c1b40" />
      <TestMethod codeBase="C:\Projekty\xUnitTestProject\bin\Debug\netcoreapp3.1\xUnitTestProject.dll" adapterTypeName="executor://xunit/VsTestRunner2/netcoreapp" className="xUnitTestProject.CurrencyHelperTests" name="FormatToStringTest1000" />
    </UnitTest>
    <UnitTest name="xUnitTestProject.CurrencyHelperTests.FormatToStringTest1000(price: 45035.160883881224, expected: &quot;45035.16 zł&quot;)" storage="c:\projekty\xunittestproject\bin\debug\netcoreapp3.1\xunittestproject.dll" id="685331f6-0a25-8111-bb2a-37dce3d8d170">
      <Execution id="1c4762f0-f560-4a55-b678-eff407f23abd" />
      <TestMethod codeBase="C:\Projekty\xUnitTestProject\bin\Debug\netcoreapp3.1\xUnitTestProject.dll" adapterTypeName="executor://xunit/VsTestRunner2/netcoreapp" className="xUnitTestProject.CurrencyHelperTests" name="FormatToStringTest1000" />
    </UnitTest>
    <UnitTest name="xUnitTestProject.CurrencyHelperTests.FormatToStringTest1000(price: 577.6071367564645, expected: &quot;577.61 zł&quot;)" storage="c:\projekty\xunittestproject\bin\debug\netcoreapp3.1\xunittestproject.dll" id="92748693-9b58-d8e3-eb5b-22d11e2e9e9d">
      <Execution id="55053446-0509-46c4-b8c3-261042db42c5" />
      <TestMethod codeBase="C:\Projekty\xUnitTestProject\bin\Debug\netcoreapp3.1\xUnitTestProject.dll" adapterTypeName="executor://xunit/VsTestRunner2/netcoreapp" className="xUnitTestProject.CurrencyHelperTests" name="FormatToStringTest1000" />
    </UnitTest>
    <UnitTest name="xUnitTestProject.CurrencyHelperTests.FormatToStringTest1000(price: 46898.00219497783, expected: &quot;46898.00 zł&quot;)" storage="c:\projekty\xunittestproject\bin\debug\netcoreapp3.1\xunittestproject.dll" id="25b36055-f21f-fb6a-b7ef-81ccf96dd2b6">
      <Execution id="d130c15c-6a4d-4ba3-a811-bec07cc0e9b7" />
      <TestMethod codeBase="C:\Projekty\xUnitTestProject\bin\Debug\netcoreapp3.1\xUnitTestProject.dll" adapterTypeName="executor://xunit/VsTestRunner2/netcoreapp" className="xUnitTestProject.CurrencyHelperTests" name="FormatToStringTest1000" />
    </UnitTest>
    <UnitTest name="xUnitTestProject.CurrencyHelperTests.FormatToStringTest1000(price: 20237.28532723723, expected: &quot;20237.29 zł&quot;)" storage="c:\projekty\xunittestproject\bin\debug\netcoreapp3.1\xunittestproject.dll" id="5c2754e4-1c80-78fc-5cc7-dfd05e800cc5">
      <Execution id="13d66f97-fc84-4967-a7fa-240587df3c9b" />
      <TestMethod codeBase="C:\Projekty\xUnitTestProject\bin\Debug\netcoreapp3.1\xUnitTestProject.dll" adapterTypeName="executor://xunit/VsTestRunner2/netcoreapp" className="xUnitTestProject.CurrencyHelperTests" name="FormatToStringTest1000" />
    </UnitTest>
    <UnitTest name="xUnitTestProject.CurrencyHelperTests.FormatToStringTest1000(price: 6946.333318357977, expected: &quot;6946.33 zł&quot;)" storage="c:\projekty\xunittestproject\bin\debug\netcoreapp3.1\xunittestproject.dll" id="73bcea4a-0bf6-aaca-b16b-8e4d59f9059e">
      <Execution id="2ff828df-1452-427e-a0fc-1d581b938c6a" />
      <TestMethod codeBase="C:\Projekty\xUnitTestProject\bin\Debug\netcoreapp3.1\xUnitTestProject.dll" adapterTypeName="executor://xunit/VsTestRunner2/netcoreapp" className="xUnitTestProject.CurrencyHelperTests" name="FormatToStringTest1000" />
    </UnitTest>
    <UnitTest name="xUnitTestProject.CurrencyHelperTests.FormatToStringTest1000(price: 25794.833624416417, expected: &quot;25794.83 zł&quot;)" storage="c:\projekty\xunittestproject\bin\debug\netcoreapp3.1\xunittestproject.dll" id="0739d753-ed0a-2224-af37-24f0fcbbbd00">
      <Execution id="9928d4e9-bd01-4773-8b17-1d9c19f7915d" />
      <TestMethod codeBase="C:\Projekty\xUnitTestProject\bin\Debug\netcoreapp3.1\xUnitTestProject.dll" adapterTypeName="executor://xunit/VsTestRunner2/netcoreapp" className="xUnitTestProject.CurrencyHelperTests" name="FormatToStringTest1000" />
    </UnitTest>
    <UnitTest name="xUnitTestProject.CurrencyHelperTests.FormatToStringTest1000(price: 37114.901517336206, expected: &quot;37114.90 zł&quot;)" storage="c:\projekty\xunittestproject\bin\debug\netcoreapp3.1\xunittestproject.dll" id="d9592df4-0966-3c3a-722c-1595fa840f06">
      <Execution id="f3b453e3-2782-4aef-b008-671f1e096655" />
      <TestMethod codeBase="C:\Projekty\xUnitTestProject\bin\Debug\netcoreapp3.1\xUnitTestProject.dll" adapterTypeName="executor://xunit/VsTestRunner2/netcoreapp" className="xUnitTestProject.CurrencyHelperTests" name="FormatToStringTest1000" />
    </UnitTest>
    <UnitTest name="xUnitTestProject.CurrencyHelperTests.FormatToStringTest1000(price: 69373.32129976773, expected: &quot;69373.32 zł&quot;)" storage="c:\projekty\xunittestproject\bin\debug\netcoreapp3.1\xunittestproject.dll" id="3fad871b-7e9b-a4ff-8f1b-45e15f0c2efa">
      <Execution id="c7bade54-4757-4208-85d7-dc6abea1d252" />
      <TestMethod codeBase="C:\Projekty\xUnitTestProject\bin\Debug\netcoreapp3.1\xUnitTestProject.dll" adapterTypeName="executor://xunit/VsTestRunner2/netcoreapp" className="xUnitTestProject.CurrencyHelperTests" name="FormatToStringTest1000" />
    </UnitTest>
    <UnitTest name="xUnitTestProject.CurrencyHelperTests.FormatToStringTest1000(price: 1896.1704506483723, expected: &quot;1896.17 zł&quot;)" storage="c:\projekty\xunittestproject\bin\debug\netcoreapp3.1\xunittestproject.dll" id="e238bfca-4b11-493d-42eb-8f12a1ef721f">
      <Execution id="2f695330-31c4-4bd2-9220-f8fba213e648" />
      <TestMethod codeBase="C:\Projekty\xUnitTestProject\bin\Debug\netcoreapp3.1\xUnitTestProject.dll" adapterTypeName="executor://xunit/VsTestRunner2/netcoreapp" className="xUnitTestProject.CurrencyHelperTests" name="FormatToStringTest1000" />
    </UnitTest>
    <UnitTest name="xUnitTestProject.CurrencyHelperTests.FormatToStringTest1000(price: 13453.429998117233, expected: &quot;13453.43 zł&quot;)" storage="c:\projekty\xunittestproject\bin\debug\netcoreapp3.1\xunittestproject.dll" id="a8ba7efd-581f-551d-dd26-e7f6709e3995">
      <Execution id="40de74f8-e746-4790-80f7-7bffbcd13b34" />
      <TestMethod codeBase="C:\Projekty\xUnitTestProject\bin\Debug\netcoreapp3.1\xUnitTestProject.dll" adapterTypeName="executor://xunit/VsTestRunner2/netcoreapp" className="xUnitTestProject.CurrencyHelperTests" name="FormatToStringTest1000" />
    </UnitTest>
    <UnitTest name="xUnitTestProject.CurrencyHelperTests.FormatToStringTest1000(price: 3588.260979617136, expected: &quot;3588.26 zł&quot;)" storage="c:\projekty\xunittestproject\bin\debug\netcoreapp3.1\xunittestproject.dll" id="1d271909-1898-128b-21ec-f802c1979d9e">
      <Execution id="742f3212-8309-49c5-9d0e-289941ec6b26" />
      <TestMethod codeBase="C:\Projekty\xUnitTestProject\bin\Debug\netcoreapp3.1\xUnitTestProject.dll" adapterTypeName="executor://xunit/VsTestRunner2/netcoreapp" className="xUnitTestProject.CurrencyHelperTests" name="FormatToStringTest1000" />
    </UnitTest>
    <UnitTest name="xUnitTestProject.CurrencyHelperTests.FormatToStringTest1000(price: 5279.315995182524, expected: &quot;5279.32 zł&quot;)" storage="c:\projekty\xunittestproject\bin\debug\netcoreapp3.1\xunittestproject.dll" id="0ee739fa-dfa4-5ef5-1b22-8fe2862978a3">
      <Execution id="a45f0035-dcfa-4014-b24b-1b8e0f56e02a" />
      <TestMethod codeBase="C:\Projekty\xUnitTestProject\bin\Debug\netcoreapp3.1\xUnitTestProject.dll" adapterTypeName="executor://xunit/VsTestRunner2/netcoreapp" className="xUnitTestProject.CurrencyHelperTests" name="FormatToStringTest1000" />
    </UnitTest>
    <UnitTest name="xUnitTestProject.CurrencyHelperTests.FormatToStringTest1000(price: 806.960597043373, expected: &quot;806.96 zł&quot;)" storage="c:\projekty\xunittestproject\bin\debug\netcoreapp3.1\xunittestproject.dll" id="171141a5-7e7d-d227-6619-8929fed50e13">
      <Execution id="fcc1a6df-7b69-4dc9-b58b-5787e2314445" />
      <TestMethod codeBase="C:\Projekty\xUnitTestProject\bin\Debug\netcoreapp3.1\xUnitTestProject.dll" adapterTypeName="executor://xunit/VsTestRunner2/netcoreapp" className="xUnitTestProject.CurrencyHelperTests" name="FormatToStringTest1000" />
    </UnitTest>
    <UnitTest name="xUnitTestProject.CurrencyHelperTests.FormatToStringTest1000(price: 36978.61073549213, expected: &quot;36978.61 zł&quot;)" storage="c:\projekty\xunittestproject\bin\debug\netcoreapp3.1\xunittestproject.dll" id="f284fcd5-95ba-5e4a-ef58-143a466ff941">
      <Execution id="7f582c10-9b4b-4b29-b339-ee3872297a77" />
      <TestMethod codeBase="C:\Projekty\xUnitTestProject\bin\Debug\netcoreapp3.1\xUnitTestProject.dll" adapterTypeName="executor://xunit/VsTestRunner2/netcoreapp" className="xUnitTestProject.CurrencyHelperTests" name="FormatToStringTest1000" />
    </UnitTest>
    <UnitTest name="xUnitTestProject.CurrencyHelperTests.FormatToStringTest1000(price: 10174.652801423637, expected: &quot;10174.65 zł&quot;)" storage="c:\projekty\xunittestproject\bin\debug\netcoreapp3.1\xunittestproject.dll" id="20607095-992d-3bf7-849c-32032c3b5657">
      <Execution id="dc29ad38-4a57-4dba-aa65-71e030a755ed" />
      <TestMethod codeBase="C:\Projekty\xUnitTestProject\bin\Debug\netcoreapp3.1\xUnitTestProject.dll" adapterTypeName="executor://xunit/VsTestRunner2/netcoreapp" className="xUnitTestProject.CurrencyHelperTests" name="FormatToStringTest1000" />
    </UnitTest>
    <UnitTest name="xUnitTestProject.CurrencyHelperTests.FormatToStringTest1000(price: 5870.791169434223, expected: &quot;5870.79 zł&quot;)" storage="c:\projekty\xunittestproject\bin\debug\netcoreapp3.1\xunittestproject.dll" id="b6713598-e21c-6f29-08f1-f4f46e42ba65">
      <Execution id="f906779b-7edb-49be-b1e3-d2b976e8ca47" />
      <TestMethod codeBase="C:\Projekty\xUnitTestProject\bin\Debug\netcoreapp3.1\xUnitTestProject.dll" adapterTypeName="executor://xunit/VsTestRunner2/netcoreapp" className="xUnitTestProject.CurrencyHelperTests" name="FormatToStringTest1000" />
    </UnitTest>
    <UnitTest name="xUnitTestProject.CurrencyHelperTests.FormatToStringTest1000(price: 31805.23430354532, expected: &quot;31805.23 zł&quot;)" storage="c:\projekty\xunittestproject\bin\debug\netcoreapp3.1\xunittestproject.dll" id="79d9531c-e009-9169-2cbc-ceab51e47aa5">
      <Execution id="9960cddb-410a-4a14-965c-1607a7073ab7" />
      <TestMethod codeBase="C:\Projekty\xUnitTestProject\bin\Debug\netcoreapp3.1\xUnitTestProject.dll" adapterTypeName="executor://xunit/VsTestRunner2/netcoreapp" className="xUnitTestProject.CurrencyHelperTests" name="FormatToStringTest1000" />
    </UnitTest>
    <UnitTest name="xUnitTestProject.CurrencyHelperTests.FormatToStringTest1000(price: 16825.83099003268, expected: &quot;16825.83 zł&quot;)" storage="c:\projekty\xunittestproject\bin\debug\netcoreapp3.1\xunittestproject.dll" id="7e29f92d-fa8b-6742-a856-fa32047034c5">
      <Execution id="0b4228e7-1024-4be7-bfd3-0bbee6d8c94b" />
      <TestMethod codeBase="C:\Projekty\xUnitTestProject\bin\Debug\netcoreapp3.1\xUnitTestProject.dll" adapterTypeName="executor://xunit/VsTestRunner2/netcoreapp" className="xUnitTestProject.CurrencyHelperTests" name="FormatToStringTest1000" />
    </UnitTest>
    <UnitTest name="xUnitTestProject.CurrencyHelperTests.FormatToStringTest1000(price: 41008.28505327194, expected: &quot;41008.29 zł&quot;)" storage="c:\projekty\xunittestproject\bin\debug\netcoreapp3.1\xunittestproject.dll" id="2ed2cd1c-632f-e0d9-b2af-c3d4c17fd7b1">
      <Execution id="0c1ada30-d869-422d-bff9-a813f943e7e3" />
      <TestMethod codeBase="C:\Projekty\xUnitTestProject\bin\Debug\netcoreapp3.1\xUnitTestProject.dll" adapterTypeName="executor://xunit/VsTestRunner2/netcoreapp" className="xUnitTestProject.CurrencyHelperTests" name="FormatToStringTest1000" />
    </UnitTest>
    <UnitTest name="xUnitTestProject.CurrencyHelperTests.FormatToStringTest1000(price: 22153.282278674324, expected: &quot;22153.28 zł&quot;)" storage="c:\projekty\xunittestproject\bin\debug\netcoreapp3.1\xunittestproject.dll" id="d9021346-4b7d-e467-848a-6a660c41636c">
      <Execution id="5babd71f-e135-49aa-8c03-6dc343a1aa3a" />
      <TestMethod codeBase="C:\Projekty\xUnitTestProject\bin\Debug\netcoreapp3.1\xUnitTestProject.dll" adapterTypeName="executor://xunit/VsTestRunner2/netcoreapp" className="xUnitTestProject.CurrencyHelperTests" name="FormatToStringTest1000" />
    </UnitTest>
    <UnitTest name="xUnitTestProject.CurrencyHelperTests.FormatToStringTest1000(price: 20116.958341299072, expected: &quot;20116.96 zł&quot;)" storage="c:\projekty\xunittestproject\bin\debug\netcoreapp3.1\xunittestproject.dll" id="e12861db-8cd0-3c0d-af0a-eb43dfba13d7">
      <Execution id="9a63fff4-c492-4c3b-a222-0227407a012a" />
      <TestMethod codeBase="C:\Projekty\xUnitTestProject\bin\Debug\netcoreapp3.1\xUnitTestProject.dll" adapterTypeName="executor://xunit/VsTestRunner2/netcoreapp" className="xUnitTestProject.CurrencyHelperTests" name="FormatToStringTest1000" />
    </UnitTest>
    <UnitTest name="xUnitTestProject.CurrencyHelperTests.FormatToStringTest1000(price: 653.4647999170537, expected: &quot;653.46 zł&quot;)" storage="c:\projekty\xunittestproject\bin\debug\netcoreapp3.1\xunittestproject.dll" id="49539e03-80f3-85f0-9c28-9ba645507120">
      <Execution id="7846448d-d05b-469b-84ca-5ee16cb7b767" />
      <TestMethod codeBase="C:\Projekty\xUnitTestProject\bin\Debug\netcoreapp3.1\xUnitTestProject.dll" adapterTypeName="executor://xunit/VsTestRunner2/netcoreapp" className="xUnitTestProject.CurrencyHelperTests" name="FormatToStringTest1000" />
    </UnitTest>
    <UnitTest name="xUnitTestProject.CurrencyHelperTests.FormatToStringTest1000(price: 13402.882692040355, expected: &quot;13402.88 zł&quot;)" storage="c:\projekty\xunittestproject\bin\debug\netcoreapp3.1\xunittestproject.dll" id="12d96651-40d0-5499-9770-bf08435d63fc">
      <Execution id="60ef5304-29eb-43c7-af41-b6201a1206b4" />
      <TestMethod codeBase="C:\Projekty\xUnitTestProject\bin\Debug\netcoreapp3.1\xUnitTestProject.dll" adapterTypeName="executor://xunit/VsTestRunner2/netcoreapp" className="xUnitTestProject.CurrencyHelperTests" name="FormatToStringTest1000" />
    </UnitTest>
    <UnitTest name="xUnitTestProject.CurrencyHelperTests.FormatToStringTest1000(price: 22831.975917587977, expected: &quot;22831.98 zł&quot;)" storage="c:\projekty\xunittestproject\bin\debug\netcoreapp3.1\xunittestproject.dll" id="e46091cf-1e82-9cd3-4478-8e74502a12eb">
      <Execution id="dbe5cd68-c7a8-4f67-9967-c2b54b73e2ed" />
      <TestMethod codeBase="C:\Projekty\xUnitTestProject\bin\Debug\netcoreapp3.1\xUnitTestProject.dll" adapterTypeName="executor://xunit/VsTestRunner2/netcoreapp" className="xUnitTestProject.CurrencyHelperTests" name="FormatToStringTest1000" />
    </UnitTest>
    <UnitTest name="xUnitTestProject.CurrencyHelperTests.FormatToStringTest1000(price: 21996.80326662576, expected: &quot;21996.80 zł&quot;)" storage="c:\projekty\xunittestproject\bin\debug\netcoreapp3.1\xunittestproject.dll" id="11ed9e7e-df07-2b0d-0eec-e5030427083f">
      <Execution id="bc6f5bbd-833f-45ba-9d62-ad37b98947c6" />
      <TestMethod codeBase="C:\Projekty\xUnitTestProject\bin\Debug\netcoreapp3.1\xUnitTestProject.dll" adapterTypeName="executor://xunit/VsTestRunner2/netcoreapp" className="xUnitTestProject.CurrencyHelperTests" name="FormatToStringTest1000" />
    </UnitTest>
    <UnitTest name="xUnitTestProject.CurrencyHelperTests.FormatToStringTest1000(price: 1814.7218118955948, expected: &quot;1814.72 zł&quot;)" storage="c:\projekty\xunittestproject\bin\debug\netcoreapp3.1\xunittestproject.dll" id="56e327fe-8407-ea11-addf-90ce93ff7d58">
      <Execution id="08fbbfe2-3750-47cc-9d3d-66a74aadbcc8" />
      <TestMethod codeBase="C:\Projekty\xUnitTestProject\bin\Debug\netcoreapp3.1\xUnitTestProject.dll" adapterTypeName="executor://xunit/VsTestRunner2/netcoreapp" className="xUnitTestProject.CurrencyHelperTests" name="FormatToStringTest1000" />
    </UnitTest>
    <UnitTest name="xUnitTestProject.CurrencyHelperTests.FormatToStringTest1000(price: 29845.02749849345, expected: &quot;29845.03 zł&quot;)" storage="c:\projekty\xunittestproject\bin\debug\netcoreapp3.1\xunittestproject.dll" id="c8c9567a-0791-4ff6-39a0-7fa2a22ff301">
      <Execution id="7a1d7248-8cc8-4312-a69c-f72a7bb2802c" />
      <TestMethod codeBase="C:\Projekty\xUnitTestProject\bin\Debug\netcoreapp3.1\xUnitTestProject.dll" adapterTypeName="executor://xunit/VsTestRunner2/netcoreapp" className="xUnitTestProject.CurrencyHelperTests" name="FormatToStringTest1000" />
    </UnitTest>
    <UnitTest name="xUnitTestProject.CurrencyHelperTests.FormatToStringTest1000(price: 24825.207513729205, expected: &quot;24825.21 zł&quot;)" storage="c:\projekty\xunittestproject\bin\debug\netcoreapp3.1\xunittestproject.dll" id="6a1a0675-fdd2-69ea-ed07-cd8b45ca5094">
      <Execution id="3a661e34-7c1e-46eb-94b6-300a2dd5e31f" />
      <TestMethod codeBase="C:\Projekty\xUnitTestProject\bin\Debug\netcoreapp3.1\xUnitTestProject.dll" adapterTypeName="executor://xunit/VsTestRunner2/netcoreapp" className="xUnitTestProject.CurrencyHelperTests" name="FormatToStringTest1000" />
    </UnitTest>
    <UnitTest name="xUnitTestProject.CurrencyHelperTests.FormatToStringTest1000(price: 11796.576829059317, expected: &quot;11796.58 zł&quot;)" storage="c:\projekty\xunittestproject\bin\debug\netcoreapp3.1\xunittestproject.dll" id="17903115-6688-8f7d-0f17-6bed61c91258">
      <Execution id="ea2dcebe-4383-42d8-b77f-ce30484df3c6" />
      <TestMethod codeBase="C:\Projekty\xUnitTestProject\bin\Debug\netcoreapp3.1\xUnitTestProject.dll" adapterTypeName="executor://xunit/VsTestRunner2/netcoreapp" className="xUnitTestProject.CurrencyHelperTests" name="FormatToStringTest1000" />
    </UnitTest>
    <UnitTest name="xUnitTestProject.CurrencyHelperTests.FormatToStringTest1000(price: 5317.9582678023535, expected: &quot;5317.96 zł&quot;)" storage="c:\projekty\xunittestproject\bin\debug\netcoreapp3.1\xunittestproject.dll" id="7f38c64c-30e5-6f29-b1b2-933630e715de">
      <Execution id="0d5de36f-f631-4493-a58d-1ae18e11c7e0" />
      <TestMethod codeBase="C:\Projekty\xUnitTestProject\bin\Debug\netcoreapp3.1\xUnitTestProject.dll" adapterTypeName="executor://xunit/VsTestRunner2/netcoreapp" className="xUnitTestProject.CurrencyHelperTests" name="FormatToStringTest1000" />
    </UnitTest>
    <UnitTest name="xUnitTestProject.CurrencyHelperTests.FormatToStringTest1000(price: 15591.4117417221, expected: &quot;15591.41 zł&quot;)" storage="c:\projekty\xunittestproject\bin\debug\netcoreapp3.1\xunittestproject.dll" id="a309af81-dde2-6e24-4ef5-234d753b7352">
      <Execution id="be011d29-7547-4e7e-961e-64ec06e23075" />
      <TestMethod codeBase="C:\Projekty\xUnitTestProject\bin\Debug\netcoreapp3.1\xUnitTestProject.dll" adapterTypeName="executor://xunit/VsTestRunner2/netcoreapp" className="xUnitTestProject.CurrencyHelperTests" name="FormatToStringTest1000" />
    </UnitTest>
    <UnitTest name="xUnitTestProject.CurrencyHelperTests.FormatToStringTest1000(price: 76106.57198894516, expected: &quot;76106.57 zł&quot;)" storage="c:\projekty\xunittestproject\bin\debug\netcoreapp3.1\xunittestproject.dll" id="ed2c7eae-4b8e-1a77-ee79-03d5fbd59f41">
      <Execution id="8e2ef0a7-def8-43eb-8d97-ab6d3ddfa1f5" />
      <TestMethod codeBase="C:\Projekty\xUnitTestProject\bin\Debug\netcoreapp3.1\xUnitTestProject.dll" adapterTypeName="executor://xunit/VsTestRunner2/netcoreapp" className="xUnitTestProject.CurrencyHelperTests" name="FormatToStringTest1000" />
    </UnitTest>
    <UnitTest name="xUnitTestProject.CurrencyHelperTests.FormatToStringTest1000(price: 7726.0074454499445, expected: &quot;7726.01 zł&quot;)" storage="c:\projekty\xunittestproject\bin\debug\netcoreapp3.1\xunittestproject.dll" id="b7a54b06-1426-b0d1-c148-d7f5ca4a408c">
      <Execution id="0e1d2858-88cf-4d67-a55e-6f0e0c8bb432" />
      <TestMethod codeBase="C:\Projekty\xUnitTestProject\bin\Debug\netcoreapp3.1\xUnitTestProject.dll" adapterTypeName="executor://xunit/VsTestRunner2/netcoreapp" className="xUnitTestProject.CurrencyHelperTests" name="FormatToStringTest1000" />
    </UnitTest>
    <UnitTest name="xUnitTestProject.CurrencyHelperTests.FormatToStringTest1000(price: 7013.601812260971, expected: &quot;7013.60 zł&quot;)" storage="c:\projekty\xunittestproject\bin\debug\netcoreapp3.1\xunittestproject.dll" id="6f6f8b3a-15e7-3194-8c20-0c46fab5e263">
      <Execution id="0661a216-9dea-45a8-83af-5fa848f126e6" />
      <TestMethod codeBase="C:\Projekty\xUnitTestProject\bin\Debug\netcoreapp3.1\xUnitTestProject.dll" adapterTypeName="executor://xunit/VsTestRunner2/netcoreapp" className="xUnitTestProject.CurrencyHelperTests" name="FormatToStringTest1000" />
    </UnitTest>
    <UnitTest name="xUnitTestProject.CurrencyHelperTests.FormatToStringTest1000(price: 11944.74385168531, expected: &quot;11944.74 zł&quot;)" storage="c:\projekty\xunittestproject\bin\debug\netcoreapp3.1\xunittestproject.dll" id="dc54e0bb-502b-6570-9584-a9f765f8122d">
      <Execution id="70bcd441-4e4c-4562-9656-284a52a24a40" />
      <TestMethod codeBase="C:\Projekty\xUnitTestProject\bin\Debug\netcoreapp3.1\xUnitTestProject.dll" adapterTypeName="executor://xunit/VsTestRunner2/netcoreapp" className="xUnitTestProject.CurrencyHelperTests" name="FormatToStringTest1000" />
    </UnitTest>
    <UnitTest name="xUnitTestProject.CurrencyHelperTests.FormatToStringTest1000(price: 4823.904478896365, expected: &quot;4823.90 zł&quot;)" storage="c:\projekty\xunittestproject\bin\debug\netcoreapp3.1\xunittestproject.dll" id="caaa55d0-af40-7108-2d48-eb01bc500599">
      <Execution id="563c284c-a270-40c3-a882-f5fc7c72192c" />
      <TestMethod codeBase="C:\Projekty\xUnitTestProject\bin\Debug\netcoreapp3.1\xUnitTestProject.dll" adapterTypeName="executor://xunit/VsTestRunner2/netcoreapp" className="xUnitTestProject.CurrencyHelperTests" name="FormatToStringTest1000" />
    </UnitTest>
    <UnitTest name="xUnitTestProject.CurrencyHelperTests.FormatToStringTest1000(price: 43858.624379632354, expected: &quot;43858.62 zł&quot;)" storage="c:\projekty\xunittestproject\bin\debug\netcoreapp3.1\xunittestproject.dll" id="68aeee53-b239-e7d6-6e18-da94fac3a451">
      <Execution id="9e1d3350-e7b8-40d2-b6bc-754ece566865" />
      <TestMethod codeBase="C:\Projekty\xUnitTestProject\bin\Debug\netcoreapp3.1\xUnitTestProject.dll" adapterTypeName="executor://xunit/VsTestRunner2/netcoreapp" className="xUnitTestProject.CurrencyHelperTests" name="FormatToStringTest1000" />
    </UnitTest>
    <UnitTest name="xUnitTestProject.CurrencyHelperTests.FormatToStringTest1000(price: 19397.344749736294, expected: &quot;19397.34 zł&quot;)" storage="c:\projekty\xunittestproject\bin\debug\netcoreapp3.1\xunittestproject.dll" id="100cc4f6-ca16-2d93-296d-fb39d2a6b55f">
      <Execution id="ebb33f32-68c6-471b-b6f6-d16b5bbc85cd" />
      <TestMethod codeBase="C:\Projekty\xUnitTestProject\bin\Debug\netcoreapp3.1\xUnitTestProject.dll" adapterTypeName="executor://xunit/VsTestRunner2/netcoreapp" className="xUnitTestProject.CurrencyHelperTests" name="FormatToStringTest1000" />
    </UnitTest>
    <UnitTest name="xUnitTestProject.CurrencyHelperTests.FormatToStringTest1000(price: 2115.5076919884923, expected: &quot;2115.51 zł&quot;)" storage="c:\projekty\xunittestproject\bin\debug\netcoreapp3.1\xunittestproject.dll" id="466d7722-0345-718d-529e-85f31a949492">
      <Execution id="6f44416e-588b-40cb-9d04-32dae130f24a" />
      <TestMethod codeBase="C:\Projekty\xUnitTestProject\bin\Debug\netcoreapp3.1\xUnitTestProject.dll" adapterTypeName="executor://xunit/VsTestRunner2/netcoreapp" className="xUnitTestProject.CurrencyHelperTests" name="FormatToStringTest1000" />
    </UnitTest>
    <UnitTest name="xUnitTestProject.CurrencyHelperTests.FormatToStringTest1000(price: 38076.55319665165, expected: &quot;38076.55 zł&quot;)" storage="c:\projekty\xunittestproject\bin\debug\netcoreapp3.1\xunittestproject.dll" id="d87ccf8e-ab46-94a5-7597-e2ef80212732">
      <Execution id="fb47b1a4-48e2-4790-9f8b-dd678707c1e3" />
      <TestMethod codeBase="C:\Projekty\xUnitTestProject\bin\Debug\netcoreapp3.1\xUnitTestProject.dll" adapterTypeName="executor://xunit/VsTestRunner2/netcoreapp" className="xUnitTestProject.CurrencyHelperTests" name="FormatToStringTest1000" />
    </UnitTest>
    <UnitTest name="xUnitTestProject.CurrencyHelperTests.FormatToStringTest1000(price: 11584.045280779732, expected: &quot;11584.05 zł&quot;)" storage="c:\projekty\xunittestproject\bin\debug\netcoreapp3.1\xunittestproject.dll" id="984ccf4b-e758-da57-870c-fdaae5c09395">
      <Execution id="86518f8d-6e1d-4670-a7f7-d0d91544796e" />
      <TestMethod codeBase="C:\Projekty\xUnitTestProject\bin\Debug\netcoreapp3.1\xUnitTestProject.dll" adapterTypeName="executor://xunit/VsTestRunner2/netcoreapp" className="xUnitTestProject.CurrencyHelperTests" name="FormatToStringTest1000" />
    </UnitTest>
    <UnitTest name="xUnitTestProject.CurrencyHelperTests.FormatToStringTest1000(price: 60701.5177499319, expected: &quot;60701.52 zł&quot;)" storage="c:\projekty\xunittestproject\bin\debug\netcoreapp3.1\xunittestproject.dll" id="80a4940d-875d-f4f0-bd6e-0d3aab9861cb">
      <Execution id="c54f010a-56d6-498e-9879-b66817c4f264" />
      <TestMethod codeBase="C:\Projekty\xUnitTestProject\bin\Debug\netcoreapp3.1\xUnitTestProject.dll" adapterTypeName="executor://xunit/VsTestRunner2/netcoreapp" className="xUnitTestProject.CurrencyHelperTests" name="FormatToStringTest1000" />
    </UnitTest>
    <UnitTest name="xUnitTestProject.CurrencyHelperTests.FormatToStringTest1000(price: 73504.44700518598, expected: &quot;73504.45 zł&quot;)" storage="c:\projekty\xunittestproject\bin\debug\netcoreapp3.1\xunittestproject.dll" id="eca8de8b-49e2-07c6-8662-27843e169d09">
      <Execution id="ed22ec48-460d-4e4c-8c55-2abd7921b00c" />
      <TestMethod codeBase="C:\Projekty\xUnitTestProject\bin\Debug\netcoreapp3.1\xUnitTestProject.dll" adapterTypeName="executor://xunit/VsTestRunner2/netcoreapp" className="xUnitTestProject.CurrencyHelperTests" name="FormatToStringTest1000" />
    </UnitTest>
    <UnitTest name="xUnitTestProject.CurrencyHelperTests.FormatToStringTest1000(price: 9196.579612724754, expected: &quot;9196.58 zł&quot;)" storage="c:\projekty\xunittestproject\bin\debug\netcoreapp3.1\xunittestproject.dll" id="75fb03cc-a2de-116e-3a3c-32d118eb526b">
      <Execution id="88206e6f-64de-4983-8d5c-5129f030e041" />
      <TestMethod codeBase="C:\Projekty\xUnitTestProject\bin\Debug\netcoreapp3.1\xUnitTestProject.dll" adapterTypeName="executor://xunit/VsTestRunner2/netcoreapp" className="xUnitTestProject.CurrencyHelperTests" name="FormatToStringTest1000" />
    </UnitTest>
    <UnitTest name="xUnitTestProject.CurrencyHelperTests.FormatToStringTest1000(price: 48684.26840475959, expected: &quot;48684.27 zł&quot;)" storage="c:\projekty\xunittestproject\bin\debug\netcoreapp3.1\xunittestproject.dll" id="2816ac64-5eac-8f30-91ba-bdceffb7dd71">
      <Execution id="25d85e0f-b965-41d8-858b-fa638395c74c" />
      <TestMethod codeBase="C:\Projekty\xUnitTestProject\bin\Debug\netcoreapp3.1\xUnitTestProject.dll" adapterTypeName="executor://xunit/VsTestRunner2/netcoreapp" className="xUnitTestProject.CurrencyHelperTests" name="FormatToStringTest1000" />
    </UnitTest>
    <UnitTest name="xUnitTestProject.CurrencyHelperTests.FormatToStringTest1000(price: 236.20263638589657, expected: &quot;236.20 zł&quot;)" storage="c:\projekty\xunittestproject\bin\debug\netcoreapp3.1\xunittestproject.dll" id="ba737e18-d009-4d7c-6e13-52f4c654ec83">
      <Execution id="e82db716-38c3-4504-85d7-913abe2d9208" />
      <TestMethod codeBase="C:\Projekty\xUnitTestProject\bin\Debug\netcoreapp3.1\xUnitTestProject.dll" adapterTypeName="executor://xunit/VsTestRunner2/netcoreapp" className="xUnitTestProject.CurrencyHelperTests" name="FormatToStringTest1000" />
    </UnitTest>
    <UnitTest name="xUnitTestProject.CurrencyHelperTests.FormatToStringTest1000(price: 1011.9989482094529, expected: &quot;1012.00 zł&quot;)" storage="c:\projekty\xunittestproject\bin\debug\netcoreapp3.1\xunittestproject.dll" id="558fcad2-7807-3075-bb81-ec539c4697ba">
      <Execution id="0bd9ac42-37f6-4c20-b415-6c456858dbc7" />
      <TestMethod codeBase="C:\Projekty\xUnitTestProject\bin\Debug\netcoreapp3.1\xUnitTestProject.dll" adapterTypeName="executor://xunit/VsTestRunner2/netcoreapp" className="xUnitTestProject.CurrencyHelperTests" name="FormatToStringTest1000" />
    </UnitTest>
    <UnitTest name="xUnitTestProject.CurrencyHelperTests.FormatToStringTest1000(price: 64210.358316209335, expected: &quot;64210.36 zł&quot;)" storage="c:\projekty\xunittestproject\bin\debug\netcoreapp3.1\xunittestproject.dll" id="a5736665-a659-170c-f088-df8850eec8a7">
      <Execution id="480df5fe-4a0a-41bc-bd54-2b2247806b22" />
      <TestMethod codeBase="C:\Projekty\xUnitTestProject\bin\Debug\netcoreapp3.1\xUnitTestProject.dll" adapterTypeName="executor://xunit/VsTestRunner2/netcoreapp" className="xUnitTestProject.CurrencyHelperTests" name="FormatToStringTest1000" />
    </UnitTest>
    <UnitTest name="xUnitTestProject.CurrencyHelperTests.FormatToStringTest1000(price: 17953.338243749615, expected: &quot;17953.34 zł&quot;)" storage="c:\projekty\xunittestproject\bin\debug\netcoreapp3.1\xunittestproject.dll" id="9feffc56-b6c3-64a3-e834-86f62ce8266d">
      <Execution id="f78b5cf7-8a38-4e4b-bce5-afde153badb6" />
      <TestMethod codeBase="C:\Projekty\xUnitTestProject\bin\Debug\netcoreapp3.1\xUnitTestProject.dll" adapterTypeName="executor://xunit/VsTestRunner2/netcoreapp" className="xUnitTestProject.CurrencyHelperTests" name="FormatToStringTest1000" />
    </UnitTest>
    <UnitTest name="xUnitTestProject.CurrencyHelperTests.FormatToStringTest1000(price: 77904.0088552246, expected: &quot;77904.01 zł&quot;)" storage="c:\projekty\xunittestproject\bin\debug\netcoreapp3.1\xunittestproject.dll" id="e18b4dbd-2ff6-3acf-dfb2-f12cbfa820d0">
      <Execution id="a94184c2-3d85-4c45-9c4c-570fc5796d46" />
      <TestMethod codeBase="C:\Projekty\xUnitTestProject\bin\Debug\netcoreapp3.1\xUnitTestProject.dll" adapterTypeName="executor://xunit/VsTestRunner2/netcoreapp" className="xUnitTestProject.CurrencyHelperTests" name="FormatToStringTest1000" />
    </UnitTest>
    <UnitTest name="xUnitTestProject.CurrencyHelperTests.FormatToStringTest1000(price: 3506.8456124108498, expected: &quot;3506.85 zł&quot;)" storage="c:\projekty\xunittestproject\bin\debug\netcoreapp3.1\xunittestproject.dll" id="1fce28e8-5dee-1344-5678-0f5715c803f3">
      <Execution id="c33543ad-1999-43dd-b1cb-9a4af715f6e2" />
      <TestMethod codeBase="C:\Projekty\xUnitTestProject\bin\Debug\netcoreapp3.1\xUnitTestProject.dll" adapterTypeName="executor://xunit/VsTestRunner2/netcoreapp" className="xUnitTestProject.CurrencyHelperTests" name="FormatToStringTest1000" />
    </UnitTest>
    <UnitTest name="xUnitTestProject.CurrencyHelperTests.FormatToStringTest1000(price: 40545.70748620001, expected: &quot;40545.71 zł&quot;)" storage="c:\projekty\xunittestproject\bin\debug\netcoreapp3.1\xunittestproject.dll" id="61bdea90-2716-ebd5-11fe-1f07a5d80915">
      <Execution id="e421dd78-5a5f-450b-ae45-12ce6d91b0ee" />
      <TestMethod codeBase="C:\Projekty\xUnitTestProject\bin\Debug\netcoreapp3.1\xUnitTestProject.dll" adapterTypeName="executor://xunit/VsTestRunner2/netcoreapp" className="xUnitTestProject.CurrencyHelperTests" name="FormatToStringTest1000" />
    </UnitTest>
    <UnitTest name="xUnitTestProject.CurrencyHelperTests.FormatToStringTest1000(price: 15822.278766386342, expected: &quot;15822.28 zł&quot;)" storage="c:\projekty\xunittestproject\bin\debug\netcoreapp3.1\xunittestproject.dll" id="dbbec110-d393-0535-7065-c16e31474059">
      <Execution id="e59de92b-2b88-4b59-992c-75d8498b981e" />
      <TestMethod codeBase="C:\Projekty\xUnitTestProject\bin\Debug\netcoreapp3.1\xUnitTestProject.dll" adapterTypeName="executor://xunit/VsTestRunner2/netcoreapp" className="xUnitTestProject.CurrencyHelperTests" name="FormatToStringTest1000" />
    </UnitTest>
    <UnitTest name="xUnitTestProject.CurrencyHelperTests.FormatToStringTest1000(price: 73301.91270130403, expected: &quot;73301.91 zł&quot;)" storage="c:\projekty\xunittestproject\bin\debug\netcoreapp3.1\xunittestproject.dll" id="41c4ce1a-ef09-24d7-c3f0-f5bd5a81a0d8">
      <Execution id="92c24b9c-78d3-4fca-877c-da9a3b845e61" />
      <TestMethod codeBase="C:\Projekty\xUnitTestProject\bin\Debug\netcoreapp3.1\xUnitTestProject.dll" adapterTypeName="executor://xunit/VsTestRunner2/netcoreapp" className="xUnitTestProject.CurrencyHelperTests" name="FormatToStringTest1000" />
    </UnitTest>
    <UnitTest name="xUnitTestProject.CurrencyHelperTests.FormatToStringTest1000(price: 85407.13428016152, expected: &quot;85407.13 zł&quot;)" storage="c:\projekty\xunittestproject\bin\debug\netcoreapp3.1\xunittestproject.dll" id="6ca05e92-6a05-ce15-f59b-9b9ed10b85dd">
      <Execution id="4a65f945-19d4-4a55-b122-3da58b7c7d9a" />
      <TestMethod codeBase="C:\Projekty\xUnitTestProject\bin\Debug\netcoreapp3.1\xUnitTestProject.dll" adapterTypeName="executor://xunit/VsTestRunner2/netcoreapp" className="xUnitTestProject.CurrencyHelperTests" name="FormatToStringTest1000" />
    </UnitTest>
    <UnitTest name="xUnitTestProject.CurrencyHelperTests.FormatToStringTest1000(price: 36047.83545033672, expected: &quot;36047.84 zł&quot;)" storage="c:\projekty\xunittestproject\bin\debug\netcoreapp3.1\xunittestproject.dll" id="bea51f53-59a0-d933-da38-7b5730c49072">
      <Execution id="fa7bd5f5-e552-463b-a591-7a3a1ac456dd" />
      <TestMethod codeBase="C:\Projekty\xUnitTestProject\bin\Debug\netcoreapp3.1\xUnitTestProject.dll" adapterTypeName="executor://xunit/VsTestRunner2/netcoreapp" className="xUnitTestProject.CurrencyHelperTests" name="FormatToStringTest1000" />
    </UnitTest>
    <UnitTest name="xUnitTestProject.CurrencyHelperTests.FormatToStringTest1000(price: 27050.586848031067, expected: &quot;27050.59 zł&quot;)" storage="c:\projekty\xunittestproject\bin\debug\netcoreapp3.1\xunittestproject.dll" id="4d4e339b-9d29-e85f-f9ef-3112de40381f">
      <Execution id="4b0e6e6e-ce70-4338-82de-4834fc998460" />
      <TestMethod codeBase="C:\Projekty\xUnitTestProject\bin\Debug\netcoreapp3.1\xUnitTestProject.dll" adapterTypeName="executor://xunit/VsTestRunner2/netcoreapp" className="xUnitTestProject.CurrencyHelperTests" name="FormatToStringTest1000" />
    </UnitTest>
    <UnitTest name="xUnitTestProject.CurrencyHelperTests.FormatToStringTest1000(price: 9750.134289915735, expected: &quot;9750.13 zł&quot;)" storage="c:\projekty\xunittestproject\bin\debug\netcoreapp3.1\xunittestproject.dll" id="01a9775b-5693-bd58-011d-1e4a65370397">
      <Execution id="78f9daff-ca0a-432c-8f96-fb2e792eaca1" />
      <TestMethod codeBase="C:\Projekty\xUnitTestProject\bin\Debug\netcoreapp3.1\xUnitTestProject.dll" adapterTypeName="executor://xunit/VsTestRunner2/netcoreapp" className="xUnitTestProject.CurrencyHelperTests" name="FormatToStringTest1000" />
    </UnitTest>
    <UnitTest name="xUnitTestProject.CurrencyHelperTests.FormatToStringTest1000(price: 13503.943645929892, expected: &quot;13503.94 zł&quot;)" storage="c:\projekty\xunittestproject\bin\debug\netcoreapp3.1\xunittestproject.dll" id="5a63d239-8af4-ff24-ef04-165e809fc0f0">
      <Execution id="1aebd04c-3051-433a-81b8-c4390555e340" />
      <TestMethod codeBase="C:\Projekty\xUnitTestProject\bin\Debug\netcoreapp3.1\xUnitTestProject.dll" adapterTypeName="executor://xunit/VsTestRunner2/netcoreapp" className="xUnitTestProject.CurrencyHelperTests" name="FormatToStringTest1000" />
    </UnitTest>
    <UnitTest name="xUnitTestProject.CurrencyHelperTests.FormatToStringTest1000(price: 27629.79121039193, expected: &quot;27629.79 zł&quot;)" storage="c:\projekty\xunittestproject\bin\debug\netcoreapp3.1\xunittestproject.dll" id="fe096e9a-696b-0373-a92c-3a2e57b850e7">
      <Execution id="30932a86-4cba-4c42-8bce-da7362851afc" />
      <TestMethod codeBase="C:\Projekty\xUnitTestProject\bin\Debug\netcoreapp3.1\xUnitTestProject.dll" adapterTypeName="executor://xunit/VsTestRunner2/netcoreapp" className="xUnitTestProject.CurrencyHelperTests" name="FormatToStringTest1000" />
    </UnitTest>
    <UnitTest name="xUnitTestProject.CurrencyHelperTests.FormatToStringTest1000(price: 79339.95632144621, expected: &quot;79339.96 zł&quot;)" storage="c:\projekty\xunittestproject\bin\debug\netcoreapp3.1\xunittestproject.dll" id="abb4aad3-77db-7359-08fe-5197066f13be">
      <Execution id="51b48159-0cd0-4d2f-8527-11617b9e4cb3" />
      <TestMethod codeBase="C:\Projekty\xUnitTestProject\bin\Debug\netcoreapp3.1\xUnitTestProject.dll" adapterTypeName="executor://xunit/VsTestRunner2/netcoreapp" className="xUnitTestProject.CurrencyHelperTests" name="FormatToStringTest1000" />
    </UnitTest>
    <UnitTest name="xUnitTestProject.CurrencyHelperTests.FormatToStringTest1000(price: 35967.54466809684, expected: &quot;35967.54 zł&quot;)" storage="c:\projekty\xunittestproject\bin\debug\netcoreapp3.1\xunittestproject.dll" id="ff400e5b-d8ea-836f-c081-66cfe2473c87">
      <Execution id="06995e1c-351c-4086-a9d4-802d7de00437" />
      <TestMethod codeBase="C:\Projekty\xUnitTestProject\bin\Debug\netcoreapp3.1\xUnitTestProject.dll" adapterTypeName="executor://xunit/VsTestRunner2/netcoreapp" className="xUnitTestProject.CurrencyHelperTests" name="FormatToStringTest1000" />
    </UnitTest>
    <UnitTest name="xUnitTestProject.CurrencyHelperTests.FormatToStringTest1000(price: 4857.211933034105, expected: &quot;4857.21 zł&quot;)" storage="c:\projekty\xunittestproject\bin\debug\netcoreapp3.1\xunittestproject.dll" id="f7a3c37c-dec7-4f70-5b8f-168bb8621231">
      <Execution id="b0fd180b-f76c-4087-9871-0fbeb507eb8b" />
      <TestMethod codeBase="C:\Projekty\xUnitTestProject\bin\Debug\netcoreapp3.1\xUnitTestProject.dll" adapterTypeName="executor://xunit/VsTestRunner2/netcoreapp" className="xUnitTestProject.CurrencyHelperTests" name="FormatToStringTest1000" />
    </UnitTest>
    <UnitTest name="xUnitTestProject.CurrencyHelperTests.FormatToStringTest1000(price: 1562.3173604776698, expected: &quot;1562.32 zł&quot;)" storage="c:\projekty\xunittestproject\bin\debug\netcoreapp3.1\xunittestproject.dll" id="f7288d33-e820-d388-23d4-39d2a5548f52">
      <Execution id="a78d82fd-aca9-4605-8078-6586ab9e92f0" />
      <TestMethod codeBase="C:\Projekty\xUnitTestProject\bin\Debug\netcoreapp3.1\xUnitTestProject.dll" adapterTypeName="executor://xunit/VsTestRunner2/netcoreapp" className="xUnitTestProject.CurrencyHelperTests" name="FormatToStringTest1000" />
    </UnitTest>
    <UnitTest name="xUnitTestProject.CurrencyHelperTests.FormatToStringTest1000(price: 13745.115971449817, expected: &quot;13745.12 zł&quot;)" storage="c:\projekty\xunittestproject\bin\debug\netcoreapp3.1\xunittestproject.dll" id="fa17089e-753f-5fa3-f3ed-36d704a8d2ac">
      <Execution id="c8c200f6-4d32-4896-898a-159d592c59d7" />
      <TestMethod codeBase="C:\Projekty\xUnitTestProject\bin\Debug\netcoreapp3.1\xUnitTestProject.dll" adapterTypeName="executor://xunit/VsTestRunner2/netcoreapp" className="xUnitTestProject.CurrencyHelperTests" name="FormatToStringTest1000" />
    </UnitTest>
    <UnitTest name="xUnitTestProject.CurrencyHelperTests.FormatToStringTest1000(price: 1614.2516601789982, expected: &quot;1614.25 zł&quot;)" storage="c:\projekty\xunittestproject\bin\debug\netcoreapp3.1\xunittestproject.dll" id="72858ddf-be22-dd7b-74db-ce66ecacd1dd">
      <Execution id="635ae169-c5ec-4634-afce-5f692fcb7b44" />
      <TestMethod codeBase="C:\Projekty\xUnitTestProject\bin\Debug\netcoreapp3.1\xUnitTestProject.dll" adapterTypeName="executor://xunit/VsTestRunner2/netcoreapp" className="xUnitTestProject.CurrencyHelperTests" name="FormatToStringTest1000" />
    </UnitTest>
    <UnitTest name="xUnitTestProject.CurrencyHelperTests.FormatToStringTest1000(price: 8542.520616738833, expected: &quot;8542.52 zł&quot;)" storage="c:\projekty\xunittestproject\bin\debug\netcoreapp3.1\xunittestproject.dll" id="3ca4075a-a7fb-92a5-3a91-aefa25efbece">
      <Execution id="390e08d6-cfe4-4b54-8eee-59db93c88c58" />
      <TestMethod codeBase="C:\Projekty\xUnitTestProject\bin\Debug\netcoreapp3.1\xUnitTestProject.dll" adapterTypeName="executor://xunit/VsTestRunner2/netcoreapp" className="xUnitTestProject.CurrencyHelperTests" name="FormatToStringTest1000" />
    </UnitTest>
    <UnitTest name="xUnitTestProject.CurrencyHelperTests.FormatToStringTest1000(price: 3649.9254912836127, expected: &quot;3649.93 zł&quot;)" storage="c:\projekty\xunittestproject\bin\debug\netcoreapp3.1\xunittestproject.dll" id="6079b9dd-99aa-436d-ae95-d982e753c815">
      <Execution id="1ea7c8dc-860a-4905-b352-05af6662bb5c" />
      <TestMethod codeBase="C:\Projekty\xUnitTestProject\bin\Debug\netcoreapp3.1\xUnitTestProject.dll" adapterTypeName="executor://xunit/VsTestRunner2/netcoreapp" className="xUnitTestProject.CurrencyHelperTests" name="FormatToStringTest1000" />
    </UnitTest>
    <UnitTest name="xUnitTestProject.CurrencyHelperTests.FormatToStringTest1000(price: 2963.24443391815, expected: &quot;2963.24 zł&quot;)" storage="c:\projekty\xunittestproject\bin\debug\netcoreapp3.1\xunittestproject.dll" id="78d10de8-2dc4-0b77-ab9e-9a161423da54">
      <Execution id="a29b7dd1-95a4-4d91-ae87-9975b14b1d13" />
      <TestMethod codeBase="C:\Projekty\xUnitTestProject\bin\Debug\netcoreapp3.1\xUnitTestProject.dll" adapterTypeName="executor://xunit/VsTestRunner2/netcoreapp" className="xUnitTestProject.CurrencyHelperTests" name="FormatToStringTest1000" />
    </UnitTest>
    <UnitTest name="xUnitTestProject.CurrencyHelperTests.FormatToStringTest1000(price: 21753.84773194969, expected: &quot;21753.85 zł&quot;)" storage="c:\projekty\xunittestproject\bin\debug\netcoreapp3.1\xunittestproject.dll" id="f51f29d9-e43f-bc49-2068-6f7ccdbadb29">
      <Execution id="85660061-c7a5-49c2-a8c2-04e7bf1e19b3" />
      <TestMethod codeBase="C:\Projekty\xUnitTestProject\bin\Debug\netcoreapp3.1\xUnitTestProject.dll" adapterTypeName="executor://xunit/VsTestRunner2/netcoreapp" className="xUnitTestProject.CurrencyHelperTests" name="FormatToStringTest1000" />
    </UnitTest>
    <UnitTest name="xUnitTestProject.CurrencyHelperTests.FormatToStringTest1000(price: 28972.23604401212, expected: &quot;28972.24 zł&quot;)" storage="c:\projekty\xunittestproject\bin\debug\netcoreapp3.1\xunittestproject.dll" id="da9e50fc-db80-afa7-5f4f-4cb6b2da8231">
      <Execution id="59c878fa-466b-4819-ac79-6441f21d2522" />
      <TestMethod codeBase="C:\Projekty\xUnitTestProject\bin\Debug\netcoreapp3.1\xUnitTestProject.dll" adapterTypeName="executor://xunit/VsTestRunner2/netcoreapp" className="xUnitTestProject.CurrencyHelperTests" name="FormatToStringTest1000" />
    </UnitTest>
    <UnitTest name="xUnitTestProject.CurrencyHelperTests.FormatToStringTest1000(price: 16129.507288814293, expected: &quot;16129.51 zł&quot;)" storage="c:\projekty\xunittestproject\bin\debug\netcoreapp3.1\xunittestproject.dll" id="28d201d7-5353-764b-c109-520fc030be51">
      <Execution id="1721d0d2-b365-4692-844a-f6c061f8d26f" />
      <TestMethod codeBase="C:\Projekty\xUnitTestProject\bin\Debug\netcoreapp3.1\xUnitTestProject.dll" adapterTypeName="executor://xunit/VsTestRunner2/netcoreapp" className="xUnitTestProject.CurrencyHelperTests" name="FormatToStringTest1000" />
    </UnitTest>
    <UnitTest name="xUnitTestProject.CurrencyHelperTests.FormatToStringTest1000(price: 33601.357302459124, expected: &quot;33601.36 zł&quot;)" storage="c:\projekty\xunittestproject\bin\debug\netcoreapp3.1\xunittestproject.dll" id="156f5ebd-8a60-46f3-8ac8-18455127849a">
      <Execution id="f2a277c1-e747-4acc-8400-fccbe06752b7" />
      <TestMethod codeBase="C:\Projekty\xUnitTestProject\bin\Debug\netcoreapp3.1\xUnitTestProject.dll" adapterTypeName="executor://xunit/VsTestRunner2/netcoreapp" className="xUnitTestProject.CurrencyHelperTests" name="FormatToStringTest1000" />
    </UnitTest>
    <UnitTest name="xUnitTestProject.CurrencyHelperTests.FormatToStringTest1000(price: 66053.95451852398, expected: &quot;66053.95 zł&quot;)" storage="c:\projekty\xunittestproject\bin\debug\netcoreapp3.1\xunittestproject.dll" id="9087d096-82b4-2271-94ec-73730ed51c23">
      <Execution id="9646daa0-a4bc-409b-800d-fa41b9be7754" />
      <TestMethod codeBase="C:\Projekty\xUnitTestProject\bin\Debug\netcoreapp3.1\xUnitTestProject.dll" adapterTypeName="executor://xunit/VsTestRunner2/netcoreapp" className="xUnitTestProject.CurrencyHelperTests" name="FormatToStringTest1000" />
    </UnitTest>
    <UnitTest name="xUnitTestProject.CurrencyHelperTests.FormatToStringTest1000(price: 52020.805412759444, expected: &quot;52020.81 zł&quot;)" storage="c:\projekty\xunittestproject\bin\debug\netcoreapp3.1\xunittestproject.dll" id="0c859aba-4f30-51d2-a318-7300b0569a9b">
      <Execution id="8d78b7e1-aad6-404f-be2e-2eabbd52dc24" />
      <TestMethod codeBase="C:\Projekty\xUnitTestProject\bin\Debug\netcoreapp3.1\xUnitTestProject.dll" adapterTypeName="executor://xunit/VsTestRunner2/netcoreapp" className="xUnitTestProject.CurrencyHelperTests" name="FormatToStringTest1000" />
    </UnitTest>
    <UnitTest name="xUnitTestProject.CurrencyHelperTests.FormatToStringTest1000(price: 58111.21259843521, expected: &quot;58111.21 zł&quot;)" storage="c:\projekty\xunittestproject\bin\debug\netcoreapp3.1\xunittestproject.dll" id="0c407008-912c-f5cf-415d-950e444e81e2">
      <Execution id="26bc8e3a-f038-4087-a015-94bf9ff43144" />
      <TestMethod codeBase="C:\Projekty\xUnitTestProject\bin\Debug\netcoreapp3.1\xUnitTestProject.dll" adapterTypeName="executor://xunit/VsTestRunner2/netcoreapp" className="xUnitTestProject.CurrencyHelperTests" name="FormatToStringTest1000" />
    </UnitTest>
    <UnitTest name="xUnitTestProject.CurrencyHelperTests.FormatToStringTest1000(price: 14910.573044539697, expected: &quot;14910.57 zł&quot;)" storage="c:\projekty\xunittestproject\bin\debug\netcoreapp3.1\xunittestproject.dll" id="4b9288d3-23bb-6d5e-ced0-2389f5e0b638">
      <Execution id="733fe217-c341-411e-9121-722626b75430" />
      <TestMethod codeBase="C:\Projekty\xUnitTestProject\bin\Debug\netcoreapp3.1\xUnitTestProject.dll" adapterTypeName="executor://xunit/VsTestRunner2/netcoreapp" className="xUnitTestProject.CurrencyHelperTests" name="FormatToStringTest1000" />
    </UnitTest>
    <UnitTest name="xUnitTestProject.CurrencyHelperTests.FormatToStringTest1000(price: 3270.286035661719, expected: &quot;3270.29 zł&quot;)" storage="c:\projekty\xunittestproject\bin\debug\netcoreapp3.1\xunittestproject.dll" id="cae25fb7-b977-eb51-0588-bf026d38b145">
      <Execution id="f148609e-0029-4ef5-a032-4ed8145adf86" />
      <TestMethod codeBase="C:\Projekty\xUnitTestProject\bin\Debug\netcoreapp3.1\xUnitTestProject.dll" adapterTypeName="executor://xunit/VsTestRunner2/netcoreapp" className="xUnitTestProject.CurrencyHelperTests" name="FormatToStringTest1000" />
    </UnitTest>
    <UnitTest name="xUnitTestProject.CurrencyHelperTests.FormatToStringTest1000(price: 5749.124990274722, expected: &quot;5749.12 zł&quot;)" storage="c:\projekty\xunittestproject\bin\debug\netcoreapp3.1\xunittestproject.dll" id="c28dd236-1525-1514-778a-3b6a96d19df1">
      <Execution id="81789575-4073-4680-9f10-7c61b8d17a01" />
      <TestMethod codeBase="C:\Projekty\xUnitTestProject\bin\Debug\netcoreapp3.1\xUnitTestProject.dll" adapterTypeName="executor://xunit/VsTestRunner2/netcoreapp" className="xUnitTestProject.CurrencyHelperTests" name="FormatToStringTest1000" />
    </UnitTest>
    <UnitTest name="xUnitTestProject.CurrencyHelperTests.FormatToStringTest1000(price: 13027.93935961739, expected: &quot;13027.94 zł&quot;)" storage="c:\projekty\xunittestproject\bin\debug\netcoreapp3.1\xunittestproject.dll" id="2253269e-957f-9bba-378c-fb3e844bd0a1">
      <Execution id="4f67e3a8-37ee-4490-a83c-9ccc345dd0ea" />
      <TestMethod codeBase="C:\Projekty\xUnitTestProject\bin\Debug\netcoreapp3.1\xUnitTestProject.dll" adapterTypeName="executor://xunit/VsTestRunner2/netcoreapp" className="xUnitTestProject.CurrencyHelperTests" name="FormatToStringTest1000" />
    </UnitTest>
    <UnitTest name="xUnitTestProject.CurrencyHelperTests.FormatToStringTest1000(price: 47163.337736466594, expected: &quot;47163.34 zł&quot;)" storage="c:\projekty\xunittestproject\bin\debug\netcoreapp3.1\xunittestproject.dll" id="179615f5-c9e6-0457-24a4-7182fdaf1108">
      <Execution id="aa4d90a4-3c66-4881-8617-b35347edded3" />
      <TestMethod codeBase="C:\Projekty\xUnitTestProject\bin\Debug\netcoreapp3.1\xUnitTestProject.dll" adapterTypeName="executor://xunit/VsTestRunner2/netcoreapp" className="xUnitTestProject.CurrencyHelperTests" name="FormatToStringTest1000" />
    </UnitTest>
    <UnitTest name="xUnitTestProject.CurrencyHelperTests.FormatToStringTest1000(price: 31347.468987404587, expected: &quot;31347.47 zł&quot;)" storage="c:\projekty\xunittestproject\bin\debug\netcoreapp3.1\xunittestproject.dll" id="183dfbce-4b57-7750-e87b-9eb6c830ba31">
      <Execution id="944156b6-f023-417f-a041-6000a71cc1b3" />
      <TestMethod codeBase="C:\Projekty\xUnitTestProject\bin\Debug\netcoreapp3.1\xUnitTestProject.dll" adapterTypeName="executor://xunit/VsTestRunner2/netcoreapp" className="xUnitTestProject.CurrencyHelperTests" name="FormatToStringTest1000" />
    </UnitTest>
    <UnitTest name="xUnitTestProject.CurrencyHelperTests.FormatToStringTest1000(price: 4252.4012513842445, expected: &quot;4252.40 zł&quot;)" storage="c:\projekty\xunittestproject\bin\debug\netcoreapp3.1\xunittestproject.dll" id="9e381b2f-7758-75e7-1187-5359a7cc2fcf">
      <Execution id="3a4b7316-f996-4f40-a07d-3b068cf0401b" />
      <TestMethod codeBase="C:\Projekty\xUnitTestProject\bin\Debug\netcoreapp3.1\xUnitTestProject.dll" adapterTypeName="executor://xunit/VsTestRunner2/netcoreapp" className="xUnitTestProject.CurrencyHelperTests" name="FormatToStringTest1000" />
    </UnitTest>
    <UnitTest name="xUnitTestProject.CurrencyHelperTests.FormatToStringTest1000(price: 47431.868885526375, expected: &quot;47431.87 zł&quot;)" storage="c:\projekty\xunittestproject\bin\debug\netcoreapp3.1\xunittestproject.dll" id="783752e7-0a8e-7713-0dfb-eb72f3fc27d6">
      <Execution id="730e2381-446d-4481-a2e6-1ecfe8925368" />
      <TestMethod codeBase="C:\Projekty\xUnitTestProject\bin\Debug\netcoreapp3.1\xUnitTestProject.dll" adapterTypeName="executor://xunit/VsTestRunner2/netcoreapp" className="xUnitTestProject.CurrencyHelperTests" name="FormatToStringTest1000" />
    </UnitTest>
    <UnitTest name="xUnitTestProject.CurrencyHelperTests.FormatToStringTest1000(price: 10775.728533390784, expected: &quot;10775.73 zł&quot;)" storage="c:\projekty\xunittestproject\bin\debug\netcoreapp3.1\xunittestproject.dll" id="0a7a5bc8-9d15-4c47-d83e-93a1a167a703">
      <Execution id="24fdb4dd-546d-452a-ae21-0354a00faf99" />
      <TestMethod codeBase="C:\Projekty\xUnitTestProject\bin\Debug\netcoreapp3.1\xUnitTestProject.dll" adapterTypeName="executor://xunit/VsTestRunner2/netcoreapp" className="xUnitTestProject.CurrencyHelperTests" name="FormatToStringTest1000" />
    </UnitTest>
    <UnitTest name="xUnitTestProject.CurrencyHelperTests.FormatToStringTest1000(price: 24695.917440203913, expected: &quot;24695.92 zł&quot;)" storage="c:\projekty\xunittestproject\bin\debug\netcoreapp3.1\xunittestproject.dll" id="ab2272df-129a-10d0-4d80-4c6fcfe702e8">
      <Execution id="8e90db77-8ae4-439e-91fd-0aa96fd98337" />
      <TestMethod codeBase="C:\Projekty\xUnitTestProject\bin\Debug\netcoreapp3.1\xUnitTestProject.dll" adapterTypeName="executor://xunit/VsTestRunner2/netcoreapp" className="xUnitTestProject.CurrencyHelperTests" name="FormatToStringTest1000" />
    </UnitTest>
    <UnitTest name="xUnitTestProject.CurrencyHelperTests.FormatToStringTest1000(price: 6710.131197082871, expected: &quot;6710.13 zł&quot;)" storage="c:\projekty\xunittestproject\bin\debug\netcoreapp3.1\xunittestproject.dll" id="6a7d9b76-8e51-2dd0-7599-1dd99ccb1f30">
      <Execution id="8f09f664-b8a6-4601-bcfd-6724272b969c" />
      <TestMethod codeBase="C:\Projekty\xUnitTestProject\bin\Debug\netcoreapp3.1\xUnitTestProject.dll" adapterTypeName="executor://xunit/VsTestRunner2/netcoreapp" className="xUnitTestProject.CurrencyHelperTests" name="FormatToStringTest1000" />
    </UnitTest>
    <UnitTest name="xUnitTestProject.CurrencyHelperTests.FormatToStringTest1000(price: 2505.286326204094, expected: &quot;2505.29 zł&quot;)" storage="c:\projekty\xunittestproject\bin\debug\netcoreapp3.1\xunittestproject.dll" id="1fe96cd6-e80d-4fd9-dedb-226c16d9375d">
      <Execution id="1724ebbe-89a3-4f1a-a899-313ce9e2bc3c" />
      <TestMethod codeBase="C:\Projekty\xUnitTestProject\bin\Debug\netcoreapp3.1\xUnitTestProject.dll" adapterTypeName="executor://xunit/VsTestRunner2/netcoreapp" className="xUnitTestProject.CurrencyHelperTests" name="FormatToStringTest1000" />
    </UnitTest>
    <UnitTest name="xUnitTestProject.CurrencyHelperTests.FormatToStringTest1000(price: 3092.9215945624383, expected: &quot;3092.92 zł&quot;)" storage="c:\projekty\xunittestproject\bin\debug\netcoreapp3.1\xunittestproject.dll" id="da125bcd-1715-deae-cc3d-6c75d593b271">
      <Execution id="b0a5c174-5809-4350-920f-787dcdc3c670" />
      <TestMethod codeBase="C:\Projekty\xUnitTestProject\bin\Debug\netcoreapp3.1\xUnitTestProject.dll" adapterTypeName="executor://xunit/VsTestRunner2/netcoreapp" className="xUnitTestProject.CurrencyHelperTests" name="FormatToStringTest1000" />
    </UnitTest>
    <UnitTest name="xUnitTestProject.CurrencyHelperTests.FormatToStringTest1000(price: 40913.016669489916, expected: &quot;40913.02 zł&quot;)" storage="c:\projekty\xunittestproject\bin\debug\netcoreapp3.1\xunittestproject.dll" id="d14fe452-c75b-8f8a-1e11-a88113e31ccc">
      <Execution id="10b0ab96-0938-4118-a914-2b940dbb995b" />
      <TestMethod codeBase="C:\Projekty\xUnitTestProject\bin\Debug\netcoreapp3.1\xUnitTestProject.dll" adapterTypeName="executor://xunit/VsTestRunner2/netcoreapp" className="xUnitTestProject.CurrencyHelperTests" name="FormatToStringTest1000" />
    </UnitTest>
    <UnitTest name="xUnitTestProject.CurrencyHelperTests.FormatToStringTest1000(price: 1676.7913981754293, expected: &quot;1676.79 zł&quot;)" storage="c:\projekty\xunittestproject\bin\debug\netcoreapp3.1\xunittestproject.dll" id="8e40a9d7-b14a-a165-b4bc-258c3936dfbd">
      <Execution id="9ce713d3-65b1-4de8-8061-ab07d83d0c77" />
      <TestMethod codeBase="C:\Projekty\xUnitTestProject\bin\Debug\netcoreapp3.1\xUnitTestProject.dll" adapterTypeName="executor://xunit/VsTestRunner2/netcoreapp" className="xUnitTestProject.CurrencyHelperTests" name="FormatToStringTest1000" />
    </UnitTest>
  </TestDefinitions>
  <TestEntries>
    <TestEntry testId="12ac148d-b770-8a76-3e48-40788f60fbd2" executionId="93189db3-7f74-4819-94db-a51527d3ae5a" testListId="8c84fa94-04c1-424b-9868-57a2d4851a1d" />
    <TestEntry testId="163fd586-92aa-6f23-9cea-f9c152d7d771" executionId="364467df-9863-4747-9d1b-da89e5d0ec43" testListId="8c84fa94-04c1-424b-9868-57a2d4851a1d" />
    <TestEntry testId="d380f6a1-83cc-0c12-360c-ba81b340bce2" executionId="61c9e49d-a071-469f-9d9f-b944edd3162e" testListId="8c84fa94-04c1-424b-9868-57a2d4851a1d" />
    <TestEntry testId="41c4ce1a-ef09-24d7-c3f0-f5bd5a81a0d8" executionId="92c24b9c-78d3-4fca-877c-da9a3b845e61" testListId="8c84fa94-04c1-424b-9868-57a2d4851a1d" />
    <TestEntry testId="294352cc-8efa-db1c-1bd5-bae00c9cde08" executionId="601e3660-412b-4bc0-be25-761f96cb5d64" testListId="8c84fa94-04c1-424b-9868-57a2d4851a1d" />
    <TestEntry testId="ffe61818-02d5-371a-a7be-23a9f86c9cc7" executionId="ffc1ff3b-0fb6-4eeb-96f9-4b2e2bcec1b6" testListId="8c84fa94-04c1-424b-9868-57a2d4851a1d" />
    <TestEntry testId="b7a54b06-1426-b0d1-c148-d7f5ca4a408c" executionId="0e1d2858-88cf-4d67-a55e-6f0e0c8bb432" testListId="8c84fa94-04c1-424b-9868-57a2d4851a1d" />
    <TestEntry testId="c08a791c-2a2e-8ef9-53c2-680714283837" executionId="ca9dddbc-d1c1-44b3-80d7-8048cedd1c2e" testListId="8c84fa94-04c1-424b-9868-57a2d4851a1d" />
    <TestEntry testId="4e78f25c-d355-e112-010c-d75e1dbe484f" executionId="b917ca9b-d5ba-473b-921a-106afb876728" testListId="8c84fa94-04c1-424b-9868-57a2d4851a1d" />
    <TestEntry testId="a1056dc3-d634-deb8-6537-d1daee422b62" executionId="2002dc20-9888-4556-9945-fb2132086209" testListId="8c84fa94-04c1-424b-9868-57a2d4851a1d" />
    <TestEntry testId="875433a7-4993-f6c8-ae9e-010101b8ccc7" executionId="b3b4d369-8274-4351-95f8-efec7defe2e7" testListId="8c84fa94-04c1-424b-9868-57a2d4851a1d" />
    <TestEntry testId="294f15b0-a486-8084-b9ae-585b30f21a60" executionId="c88b3e6a-406e-45f7-aa73-657269339f3b" testListId="8c84fa94-04c1-424b-9868-57a2d4851a1d" />
    <TestEntry testId="6ca05e92-6a05-ce15-f59b-9b9ed10b85dd" executionId="4a65f945-19d4-4a55-b122-3da58b7c7d9a" testListId="8c84fa94-04c1-424b-9868-57a2d4851a1d" />
    <TestEntry testId="6cc408c2-2cb5-45f5-22cc-d2054659459b" executionId="2aed1dee-fc1d-4645-8f49-45ce813e018b" testListId="8c84fa94-04c1-424b-9868-57a2d4851a1d" />
    <TestEntry testId="c7272717-4c66-ee9c-96d1-b74d86b61eb8" executionId="7fde7d7d-22e6-476b-9600-0d9a77cd8965" testListId="8c84fa94-04c1-424b-9868-57a2d4851a1d" />
    <TestEntry testId="a8ba7efd-581f-551d-dd26-e7f6709e3995" executionId="40de74f8-e746-4790-80f7-7bffbcd13b34" testListId="8c84fa94-04c1-424b-9868-57a2d4851a1d" />
    <TestEntry testId="459add99-cbf9-4f7c-b3d1-c619873acede" executionId="fdb8c95b-8f41-438e-a5d3-9d6e6f431829" testListId="8c84fa94-04c1-424b-9868-57a2d4851a1d" />
    <TestEntry testId="9f159054-0ade-aabd-0878-ac1771f3fda6" executionId="fea55779-9e18-4721-a2ba-3350d6b0c3f4" testListId="8c84fa94-04c1-424b-9868-57a2d4851a1d" />
    <TestEntry testId="77e25ad7-ee15-446a-9252-d1385f25c4e7" executionId="ebc11457-c563-4cf1-96ce-5a478edb3c34" testListId="8c84fa94-04c1-424b-9868-57a2d4851a1d" />
    <TestEntry testId="1dd0f7bb-be41-1080-f53b-d32cb9d53ae0" executionId="73343f47-6ee4-4d7a-8242-6a0af4abd18f" testListId="8c84fa94-04c1-424b-9868-57a2d4851a1d" />
    <TestEntry testId="bea51f53-59a0-d933-da38-7b5730c49072" executionId="fa7bd5f5-e552-463b-a591-7a3a1ac456dd" testListId="8c84fa94-04c1-424b-9868-57a2d4851a1d" />
    <TestEntry testId="10e970c4-cd41-e630-0953-62de694a4cfc" executionId="1afa461b-ffe3-40dc-a8f5-24b30e098113" testListId="8c84fa94-04c1-424b-9868-57a2d4851a1d" />
    <TestEntry testId="b873b04a-7c62-5dd2-8547-3f31b075c272" executionId="ac2a45b5-9d74-4b15-8576-26b7f7697f8d" testListId="8c84fa94-04c1-424b-9868-57a2d4851a1d" />
    <TestEntry testId="814e8347-0675-e46f-9f33-cc6368c1ff3d" executionId="3d92d93e-2000-4b4d-b134-b0252e726061" testListId="8c84fa94-04c1-424b-9868-57a2d4851a1d" />
    <TestEntry testId="f03f6860-12a5-6960-814c-3c29d5bd5d06" executionId="f2f9f284-222b-4928-b16a-f3c4398edc4e" testListId="8c84fa94-04c1-424b-9868-57a2d4851a1d" />
    <TestEntry testId="bc83fa3c-576f-30a6-fe1b-a25c896763ba" executionId="3d282718-4eb6-4893-b518-e64353798dd7" testListId="8c84fa94-04c1-424b-9868-57a2d4851a1d" />
    <TestEntry testId="f58711de-d6a1-25df-941a-d7a477d8bf41" executionId="fe73e6b5-978b-458a-9ab1-b861087f5151" testListId="8c84fa94-04c1-424b-9868-57a2d4851a1d" />
    <TestEntry testId="4487648c-7b44-bfaa-d7fb-20dd19782f71" executionId="0f149cba-d5b5-4f7f-b2bc-bad75f267361" testListId="8c84fa94-04c1-424b-9868-57a2d4851a1d" />
    <TestEntry testId="b6db6a04-ac79-c80a-e7d6-d9ff2d42f5f4" executionId="d96c2f2f-73f2-4d4d-a241-973834a75ad4" testListId="8c84fa94-04c1-424b-9868-57a2d4851a1d" />
    <TestEntry testId="0fab285a-bfbc-a49a-b095-2b979efe33e8" executionId="d83d5c01-4060-49a8-b641-8854e268a020" testListId="8c84fa94-04c1-424b-9868-57a2d4851a1d" />
    <TestEntry testId="3f3f2250-01f3-21dd-18d8-8a073a42cac3" executionId="465186a4-dad1-4fc2-b663-a4ee96d31f1c" testListId="8c84fa94-04c1-424b-9868-57a2d4851a1d" />
    <TestEntry testId="89b95097-2fa4-1afe-c164-3b548bd44274" executionId="048569eb-83f1-4eff-b320-1da45b39d18b" testListId="8c84fa94-04c1-424b-9868-57a2d4851a1d" />
    <TestEntry testId="5e9f654f-dd64-8138-30a6-1dc5f11cf83a" executionId="a614ec3b-9eb7-4959-8f06-c0e6c9d6bea2" testListId="8c84fa94-04c1-424b-9868-57a2d4851a1d" />
    <TestEntry testId="27c9de3f-c624-ee93-069f-2072d9c30f0a" executionId="e0372b80-e69a-417f-a2c7-7037cf83bec4" testListId="8c84fa94-04c1-424b-9868-57a2d4851a1d" />
    <TestEntry testId="77cb819c-64b0-1e13-63d3-0049263e7e77" executionId="ec0f5786-6a5a-472d-a71d-b3538e75b640" testListId="8c84fa94-04c1-424b-9868-57a2d4851a1d" />
    <TestEntry testId="5a540ea5-a914-2a7a-fb65-63091b7a1082" executionId="42e80175-d501-44b1-888a-20aa2455f342" testListId="8c84fa94-04c1-424b-9868-57a2d4851a1d" />
    <TestEntry testId="3aa6da58-73c8-f8a3-c690-8bbd80282877" executionId="1a8b55c6-8280-4950-86a3-284a4ee52852" testListId="8c84fa94-04c1-424b-9868-57a2d4851a1d" />
    <TestEntry testId="45a5b31d-d8ee-81e0-0e1d-a198d7cba5b5" executionId="435f2141-603f-47b3-ba0d-b51922d546de" testListId="8c84fa94-04c1-424b-9868-57a2d4851a1d" />
    <TestEntry testId="35d446c0-f87b-db26-2eb6-ac470ed5efed" executionId="d3e24913-2dcd-4f17-be55-2cffa30b0c7d" testListId="8c84fa94-04c1-424b-9868-57a2d4851a1d" />
    <TestEntry testId="8ba27476-b54b-3c26-c478-bb1e87cb663c" executionId="1ccaf43f-a2e7-4054-8078-19f9b17e2d17" testListId="8c84fa94-04c1-424b-9868-57a2d4851a1d" />
    <TestEntry testId="9dc9660c-2773-e5a1-118f-73373343d0e6" executionId="da5f77c2-686d-422c-aba2-090d9ec24eba" testListId="8c84fa94-04c1-424b-9868-57a2d4851a1d" />
    <TestEntry testId="f8894dae-c947-7fce-9d72-6693c21ad4f8" executionId="966cd0a5-a587-4cdd-9c9e-b1886fd56b27" testListId="8c84fa94-04c1-424b-9868-57a2d4851a1d" />
    <TestEntry testId="03249ab3-78a8-f0c2-3edd-fa3544db15c9" executionId="e9e115d2-8f57-429f-8549-c7ea2f2c48eb" testListId="8c84fa94-04c1-424b-9868-57a2d4851a1d" />
    <TestEntry testId="e06b8219-62b1-a0bc-a073-2837868b5c0e" executionId="e2aae40b-0800-41e4-bd02-92703713104a" testListId="8c84fa94-04c1-424b-9868-57a2d4851a1d" />
    <TestEntry testId="0ed4f192-4727-c437-89cc-2b16440ebef0" executionId="851ed6ba-ebc0-420f-8ca3-bce647f9a541" testListId="8c84fa94-04c1-424b-9868-57a2d4851a1d" />
    <TestEntry testId="ec5e31f8-0a43-1c03-8691-e70ecfdbfc69" executionId="b6440113-42a5-4c2a-93da-7acb547010c2" testListId="8c84fa94-04c1-424b-9868-57a2d4851a1d" />
    <TestEntry testId="076b3f7c-bfd3-700c-3093-f885fe165b03" executionId="859e06f5-0402-4d09-b993-552a04322cfb" testListId="8c84fa94-04c1-424b-9868-57a2d4851a1d" />
    <TestEntry testId="25b36055-f21f-fb6a-b7ef-81ccf96dd2b6" executionId="d130c15c-6a4d-4ba3-a811-bec07cc0e9b7" testListId="8c84fa94-04c1-424b-9868-57a2d4851a1d" />
    <TestEntry testId="5058bebd-02f5-fdd0-776c-ccea1412870f" executionId="40c480db-2e35-48ac-8953-23efe1535b35" testListId="8c84fa94-04c1-424b-9868-57a2d4851a1d" />
    <TestEntry testId="e6f6cc53-8c3a-da20-bc77-8b2d112d8374" executionId="97f648d7-dec4-475e-b309-839b1d6906c1" testListId="8c84fa94-04c1-424b-9868-57a2d4851a1d" />
    <TestEntry testId="f0b310a7-9bf9-fe2b-4bd1-bf05e954c540" executionId="b219a32a-4bab-44bf-b8cb-6deb2592afa9" testListId="8c84fa94-04c1-424b-9868-57a2d4851a1d" />
    <TestEntry testId="5c2754e4-1c80-78fc-5cc7-dfd05e800cc5" executionId="13d66f97-fc84-4967-a7fa-240587df3c9b" testListId="8c84fa94-04c1-424b-9868-57a2d4851a1d" />
    <TestEntry testId="d74171b4-c8ee-1912-2996-ae0e2e26eb23" executionId="8225aa63-1304-43ca-8b9a-11280b4205ba" testListId="8c84fa94-04c1-424b-9868-57a2d4851a1d" />
    <TestEntry testId="e3eba5d2-93a0-e22e-731e-ed52218ff16c" executionId="b92c1439-91f3-40ff-be49-66330c95199a" testListId="8c84fa94-04c1-424b-9868-57a2d4851a1d" />
    <TestEntry testId="0ce41b19-5488-6227-82d4-578fa8558f1f" executionId="21965062-c552-41e3-a9e6-f41da73a0ab4" testListId="8c84fa94-04c1-424b-9868-57a2d4851a1d" />
    <TestEntry testId="020066de-5c14-b477-efe9-293da5e965f0" executionId="5b2fd515-706a-4440-b45d-1d24fcb15a63" testListId="8c84fa94-04c1-424b-9868-57a2d4851a1d" />
    <TestEntry testId="0014f817-c5c9-87d1-3e8c-ecffc3678e52" executionId="7dffdb87-14e8-4f7f-8e12-0d8a9f266b3d" testListId="8c84fa94-04c1-424b-9868-57a2d4851a1d" />
    <TestEntry testId="7e545621-7d10-75d6-0eb9-82dda8912c2c" executionId="4abc4633-82c4-4f71-b25b-dfa5b26d3a51" testListId="8c84fa94-04c1-424b-9868-57a2d4851a1d" />
    <TestEntry testId="45b26f0b-a8bb-4b3f-d7c4-794f4ece7d3c" executionId="d496cbe0-0134-4a17-8c7e-6325fb400760" testListId="8c84fa94-04c1-424b-9868-57a2d4851a1d" />
    <TestEntry testId="422cd58a-1607-1b98-484d-a3568b92bd13" executionId="5929904c-0d7a-4cf8-bbc1-e3fcf6fedbc5" testListId="8c84fa94-04c1-424b-9868-57a2d4851a1d" />
    <TestEntry testId="0ceb7858-003d-ab99-34b5-3e79f1abe40b" executionId="98cf025b-0b48-41bd-80f9-0ad14ebe9fd0" testListId="8c84fa94-04c1-424b-9868-57a2d4851a1d" />
    <TestEntry testId="52ac0864-3141-85db-5ec0-9dd50f51b247" executionId="c8f90562-d7c8-4c85-9c4f-9d99d4e9589a" testListId="8c84fa94-04c1-424b-9868-57a2d4851a1d" />
    <TestEntry testId="ab648c32-5363-622c-e305-880f5c60d7ae" executionId="ef202f8f-8fec-417e-9b61-3c7bf32b574c" testListId="8c84fa94-04c1-424b-9868-57a2d4851a1d" />
    <TestEntry testId="8fb0d924-6ca3-e44c-f26a-1c29eb5d30bd" executionId="01635861-10b1-4a6a-8cf1-4d768ba206a6" testListId="8c84fa94-04c1-424b-9868-57a2d4851a1d" />
    <TestEntry testId="d328e580-fcf1-b0bb-73e2-fe6651dece0e" executionId="e95dab5c-ab7c-4841-b6b8-ea452dc63438" testListId="8c84fa94-04c1-424b-9868-57a2d4851a1d" />
    <TestEntry testId="e5b31225-6687-353e-986c-a81c10574659" executionId="31584ecf-163d-415f-92f7-6118357c7bc3" testListId="8c84fa94-04c1-424b-9868-57a2d4851a1d" />
    <TestEntry testId="927355f0-db19-7988-f19c-ec0494e2f5d9" executionId="10f2976b-d462-4873-894a-93753cf5f804" testListId="8c84fa94-04c1-424b-9868-57a2d4851a1d" />
    <TestEntry testId="8491f0a3-ed14-5fdd-d64c-af335660b6b8" executionId="9da03cfe-b0d2-45aa-8cf7-5ff942aace67" testListId="8c84fa94-04c1-424b-9868-57a2d4851a1d" />
    <TestEntry testId="dfaf8cc8-6c50-9b2f-464a-6475c413ade9" executionId="d3f87e15-38ff-4074-a37d-f3292ff1db9f" testListId="8c84fa94-04c1-424b-9868-57a2d4851a1d" />
    <TestEntry testId="fe35c71e-d9ed-258c-2105-0adfcd0d495e" executionId="8ecdf96d-9f05-4dee-92df-d2b24848a211" testListId="8c84fa94-04c1-424b-9868-57a2d4851a1d" />
    <TestEntry testId="3a74380b-5761-efcc-d80f-84990cb62b27" executionId="09e81bb6-d6ae-44e5-ab91-e26eae15ce44" testListId="8c84fa94-04c1-424b-9868-57a2d4851a1d" />
    <TestEntry testId="fd8ab50a-6120-2a06-7ebd-aae621104cec" executionId="f4d912fd-d845-4898-97a8-09382b531e49" testListId="8c84fa94-04c1-424b-9868-57a2d4851a1d" />
    <TestEntry testId="3436f427-af0a-5bde-6f98-b38b99a7cf5b" executionId="86489d32-34ec-43ae-ab23-a03937e74bad" testListId="8c84fa94-04c1-424b-9868-57a2d4851a1d" />
    <TestEntry testId="e6cc0868-2b09-9996-1473-6fd522e2da29" executionId="8721b191-a7b4-42b6-b91a-cc35ff18fddb" testListId="8c84fa94-04c1-424b-9868-57a2d4851a1d" />
    <TestEntry testId="31031da7-a7ef-21d8-df85-bc08b8725f11" executionId="050936b1-c288-463b-b140-3a463f9bf8cc" testListId="8c84fa94-04c1-424b-9868-57a2d4851a1d" />
    <TestEntry testId="8a9d7602-dc5d-c902-e8f4-8ad4401141f1" executionId="2aa3ca49-e56a-408e-9482-5aa7235d2877" testListId="8c84fa94-04c1-424b-9868-57a2d4851a1d" />
    <TestEntry testId="4a9f4574-9113-6c35-d2fa-751a30e86322" executionId="c7b6f57f-a337-4bd4-8eb7-5c144f08dcdc" testListId="8c84fa94-04c1-424b-9868-57a2d4851a1d" />
    <TestEntry testId="dba976e4-619d-1846-93cf-501dc328971c" executionId="d8f55f4f-10e3-46fe-a1de-0e3981a69654" testListId="8c84fa94-04c1-424b-9868-57a2d4851a1d" />
    <TestEntry testId="7d53e462-1288-fbb2-1f6d-75cbd2a2eb44" executionId="78677b28-15fd-49fc-8690-a822d7bc2807" testListId="8c84fa94-04c1-424b-9868-57a2d4851a1d" />
    <TestEntry testId="a9730862-4522-ad92-1efa-cb822a9c946d" executionId="584e3458-d3b4-4b9b-86a0-c375a936574f" testListId="8c84fa94-04c1-424b-9868-57a2d4851a1d" />
    <TestEntry testId="744b047e-9ee3-164d-c478-0183e3fd850c" executionId="8daf78ac-bb11-4022-b43d-fc3fda7d0e79" testListId="8c84fa94-04c1-424b-9868-57a2d4851a1d" />
    <TestEntry testId="c7c04760-2233-4819-4eb3-2daf180edff4" executionId="038be5bc-fbca-4eed-bb21-68d87a47de96" testListId="8c84fa94-04c1-424b-9868-57a2d4851a1d" />
    <TestEntry testId="e3939992-ed7f-a290-3278-0cb23f85c16d" executionId="18a6a533-6733-42dd-a161-5103f20b19c1" testListId="8c84fa94-04c1-424b-9868-57a2d4851a1d" />
    <TestEntry testId="e905c24a-e819-fe18-0852-b70c2080c17c" executionId="a39857aa-e408-404c-8a40-3010f6ae3a99" testListId="8c84fa94-04c1-424b-9868-57a2d4851a1d" />
    <TestEntry testId="83af6274-cbc6-0821-9d1c-d71c57f5ac71" executionId="c042101a-2f41-43d3-a4ce-e7c8eb4c7237" testListId="8c84fa94-04c1-424b-9868-57a2d4851a1d" />
    <TestEntry testId="fb80c2cc-1ba4-25ca-1501-33134270fed0" executionId="492ad4b9-7a6d-494a-8f43-018a117fad77" testListId="8c84fa94-04c1-424b-9868-57a2d4851a1d" />
    <TestEntry testId="0f785118-4101-2fda-f887-c7a86673e736" executionId="4166612e-de0e-440e-bd77-c4c125965a90" testListId="8c84fa94-04c1-424b-9868-57a2d4851a1d" />
    <TestEntry testId="ccb01d77-9abe-d52e-f6b1-1f27fb49d5d4" executionId="1e053bb5-ddca-4d3f-861b-5cfe925f4ccb" testListId="8c84fa94-04c1-424b-9868-57a2d4851a1d" />
    <TestEntry testId="e21002e6-50a6-5886-0d27-79e4c9ba2f92" executionId="1516bd4b-bfbb-4aac-b318-099c8ffdb06b" testListId="8c84fa94-04c1-424b-9868-57a2d4851a1d" />
    <TestEntry testId="ad89a04b-1d6c-269b-831e-2a5afc742278" executionId="76f6dfe0-76be-4d21-8f67-68af20c654ff" testListId="8c84fa94-04c1-424b-9868-57a2d4851a1d" />
    <TestEntry testId="90529360-95e5-c60b-5727-b5fa7d491b19" executionId="c1944607-d2ab-433a-9b80-b9b74073e2c2" testListId="8c84fa94-04c1-424b-9868-57a2d4851a1d" />
    <TestEntry testId="9c12637d-98e9-60e9-4c3e-198e27a61c0f" executionId="e4c24a20-e73f-4991-82f9-173f06d5e57a" testListId="8c84fa94-04c1-424b-9868-57a2d4851a1d" />
    <TestEntry testId="2b8726cc-d2f8-9e6e-5458-ee24b8425f17" executionId="20f13933-623d-4329-b640-f0ef92a8ba17" testListId="8c84fa94-04c1-424b-9868-57a2d4851a1d" />
    <TestEntry testId="31d901d5-0ee4-8f4e-13ca-73133c8afccc" executionId="10ec075c-674d-41a2-b913-34a1ef176511" testListId="8c84fa94-04c1-424b-9868-57a2d4851a1d" />
    <TestEntry testId="38bf740f-4d67-502e-2cfd-d66470e846d5" executionId="091427c6-2de8-47a1-9cbc-87a901523b1d" testListId="8c84fa94-04c1-424b-9868-57a2d4851a1d" />
    <TestEntry testId="3fad871b-7e9b-a4ff-8f1b-45e15f0c2efa" executionId="c7bade54-4757-4208-85d7-dc6abea1d252" testListId="8c84fa94-04c1-424b-9868-57a2d4851a1d" />
    <TestEntry testId="2816ac64-5eac-8f30-91ba-bdceffb7dd71" executionId="25d85e0f-b965-41d8-858b-fa638395c74c" testListId="8c84fa94-04c1-424b-9868-57a2d4851a1d" />
    <TestEntry testId="a9c621d8-eb9e-3cd1-2b29-ed69514bad1f" executionId="af174463-f5a7-4b2e-b9cc-0921b9f87052" testListId="8c84fa94-04c1-424b-9868-57a2d4851a1d" />
    <TestEntry testId="80972e1e-3ff9-bf5c-296f-71aecb5aa2ee" executionId="1ba1cf6f-96ab-4137-b02e-1f2b6f54ae81" testListId="8c84fa94-04c1-424b-9868-57a2d4851a1d" />
    <TestEntry testId="dd6f82bf-ec98-4f3e-74b1-00844a5994bf" executionId="c02c3a95-058a-47cc-a50d-3093f81d6eed" testListId="8c84fa94-04c1-424b-9868-57a2d4851a1d" />
    <TestEntry testId="1230a279-f763-f5b9-8b74-e3286d54a1e7" executionId="a1a52d44-e645-405b-9149-7c4719132db5" testListId="8c84fa94-04c1-424b-9868-57a2d4851a1d" />
    <TestEntry testId="daa9a8b5-17c1-3a27-8cd4-720e13369df8" executionId="8a96b6b0-0266-414f-a5af-2eaa7cca4960" testListId="8c84fa94-04c1-424b-9868-57a2d4851a1d" />
    <TestEntry testId="54bc6f9e-1b35-cac3-f6ab-e594cab0fa7a" executionId="2de60934-8ab9-4e37-858d-2f2bee13f655" testListId="8c84fa94-04c1-424b-9868-57a2d4851a1d" />
    <TestEntry testId="c61ee3ae-8895-24a4-03be-5c9acbad429f" executionId="dfef67cf-690a-4d71-a6b8-166434d7a9e8" testListId="8c84fa94-04c1-424b-9868-57a2d4851a1d" />
    <TestEntry testId="38b02068-987c-3dd3-28cd-9a07df85e95b" executionId="e60e7326-d421-4c6d-a6da-6c382761c135" testListId="8c84fa94-04c1-424b-9868-57a2d4851a1d" />
    <TestEntry testId="40049265-1e97-9ed6-58fa-5d084054c7cc" executionId="ee508a90-605c-41c6-8567-30a199e56b0b" testListId="8c84fa94-04c1-424b-9868-57a2d4851a1d" />
    <TestEntry testId="179615f5-c9e6-0457-24a4-7182fdaf1108" executionId="aa4d90a4-3c66-4881-8617-b35347edded3" testListId="8c84fa94-04c1-424b-9868-57a2d4851a1d" />
    <TestEntry testId="69eeb057-df94-2674-fba1-959c41ef1419" executionId="41e0147c-0ed9-49d2-83b8-0d1d4cfcb830" testListId="8c84fa94-04c1-424b-9868-57a2d4851a1d" />
    <TestEntry testId="0c407008-912c-f5cf-415d-950e444e81e2" executionId="26bc8e3a-f038-4087-a015-94bf9ff43144" testListId="8c84fa94-04c1-424b-9868-57a2d4851a1d" />
    <TestEntry testId="0abcfe7a-76aa-b17b-ee97-af3fbbea9a33" executionId="74d33169-625b-4198-b318-7855f0cc8714" testListId="8c84fa94-04c1-424b-9868-57a2d4851a1d" />
    <TestEntry testId="b07c6436-dbf7-0138-be42-b4b6d3d7e52c" executionId="69b71d9a-9d11-49c1-8695-4d806bf097d7" testListId="8c84fa94-04c1-424b-9868-57a2d4851a1d" />
    <TestEntry testId="0fb54a08-345f-ee29-01d6-61a60fb47ced" executionId="19ce5b44-3843-4193-89e8-29c5b242636f" testListId="8c84fa94-04c1-424b-9868-57a2d4851a1d" />
    <TestEntry testId="d04a2ff8-d519-5ad7-fd64-a85e9b9ae68c" executionId="584c79b9-a22b-4bae-92e2-f8213be6a0eb" testListId="8c84fa94-04c1-424b-9868-57a2d4851a1d" />
    <TestEntry testId="0d808795-ca9e-3ec0-5d7b-6c498dbb0495" executionId="14696b76-ed79-4947-af32-861c3da4d0ae" testListId="8c84fa94-04c1-424b-9868-57a2d4851a1d" />
    <TestEntry testId="599b5bdf-c3a2-ab45-0452-3da415351122" executionId="7b1a491e-143c-4af4-a454-233fc986f2ab" testListId="8c84fa94-04c1-424b-9868-57a2d4851a1d" />
    <TestEntry testId="cb40e0a5-2f70-a60d-407b-51d7d2d25955" executionId="7fd1d22b-4815-490e-b30d-c76e9e1fd914" testListId="8c84fa94-04c1-424b-9868-57a2d4851a1d" />
    <TestEntry testId="eb3e6893-2377-abc3-6bc4-b22d25b0ece8" executionId="0c140bd7-759f-4a58-90c1-2ea1fc3fda02" testListId="8c84fa94-04c1-424b-9868-57a2d4851a1d" />
    <TestEntry testId="3f543d31-d892-849e-9693-7ae2624b2c94" executionId="2fae116d-2108-449a-9be0-5e24010e3f63" testListId="8c84fa94-04c1-424b-9868-57a2d4851a1d" />
    <TestEntry testId="38efd0dd-942e-1575-95b3-c2474aa164b9" executionId="25be596c-8038-4bdb-be43-4e5822c63b81" testListId="8c84fa94-04c1-424b-9868-57a2d4851a1d" />
    <TestEntry testId="40134df2-77e4-6143-ea6f-23ae0fbd39f3" executionId="175f3b2f-4678-4bc8-8e8a-d498988f3ed9" testListId="8c84fa94-04c1-424b-9868-57a2d4851a1d" />
    <TestEntry testId="e1d79475-a361-3073-e286-53d8423f4048" executionId="e55981c1-8f93-4716-99d4-e751485765d5" testListId="8c84fa94-04c1-424b-9868-57a2d4851a1d" />
    <TestEntry testId="a69afd9b-81e8-28e1-2371-18b74a947656" executionId="f8d4bda4-63d2-45a9-a692-57cc71fe32e8" testListId="8c84fa94-04c1-424b-9868-57a2d4851a1d" />
    <TestEntry testId="ead5e525-476c-e9b0-a913-d40736b344c3" executionId="17a8bfec-8ad3-4e16-aa84-40c9c06dfb71" testListId="8c84fa94-04c1-424b-9868-57a2d4851a1d" />
    <TestEntry testId="0c859aba-4f30-51d2-a318-7300b0569a9b" executionId="8d78b7e1-aad6-404f-be2e-2eabbd52dc24" testListId="8c84fa94-04c1-424b-9868-57a2d4851a1d" />
    <TestEntry testId="c6561a8d-8639-fb30-9500-15f8be316902" executionId="5e03cff8-8170-4338-b612-281921d14c1d" testListId="8c84fa94-04c1-424b-9868-57a2d4851a1d" />
    <TestEntry testId="595bfab0-5cd9-2edb-fcf1-e6874dc93e48" executionId="6a3b06fd-72b3-4a7a-bba5-b4137e77d561" testListId="8c84fa94-04c1-424b-9868-57a2d4851a1d" />
    <TestEntry testId="537f8fc0-34c4-479b-bc61-34b31d069aae" executionId="af0d326b-e8f2-48c7-bea4-48c040f6799b" testListId="8c84fa94-04c1-424b-9868-57a2d4851a1d" />
    <TestEntry testId="e01a9a2a-2030-6ab9-7db6-efea263590e2" executionId="a11ceeda-0c5e-4453-acb0-954b049ad93d" testListId="8c84fa94-04c1-424b-9868-57a2d4851a1d" />
    <TestEntry testId="d14fe452-c75b-8f8a-1e11-a88113e31ccc" executionId="10b0ab96-0938-4118-a914-2b940dbb995b" testListId="8c84fa94-04c1-424b-9868-57a2d4851a1d" />
    <TestEntry testId="61f864ac-97c4-6c85-0643-065c2cc97960" executionId="3ef80d5e-1cf9-4df3-bb18-a1c1b3594dae" testListId="8c84fa94-04c1-424b-9868-57a2d4851a1d" />
    <TestEntry testId="f3b15f6b-f00d-4e6c-f3c3-26bd7741dc5d" executionId="1c0c0593-7325-4a89-9b7c-d73590be413b" testListId="8c84fa94-04c1-424b-9868-57a2d4851a1d" />
    <TestEntry testId="5e1c3933-e4f7-a4af-71e7-871c86d36adf" executionId="138bd373-67fd-424c-9ba0-cd0156e82e1a" testListId="8c84fa94-04c1-424b-9868-57a2d4851a1d" />
    <TestEntry testId="0a42a686-a011-6952-a95e-fae33dbe0b19" executionId="8bebabde-fc02-4e3d-a79a-54e23c66720b" testListId="8c84fa94-04c1-424b-9868-57a2d4851a1d" />
    <TestEntry testId="72e011e2-bf27-7ea5-75f9-295f8504211f" executionId="6dfd2cf8-59ea-4523-bf1d-73c7911ddf32" testListId="8c84fa94-04c1-424b-9868-57a2d4851a1d" />
    <TestEntry testId="53a23bf0-6e98-cb61-d489-afed97d56bcf" executionId="21c7b2a7-4a76-4d98-968b-13c02a779954" testListId="8c84fa94-04c1-424b-9868-57a2d4851a1d" />
    <TestEntry testId="adafe729-87a5-6f47-8e2f-84195056d442" executionId="a3136ea3-31ac-42b4-8e04-0431ec3e197a" testListId="8c84fa94-04c1-424b-9868-57a2d4851a1d" />
    <TestEntry testId="8a663fa2-76ee-caf2-967f-999f9c7a5bb3" executionId="ec13b557-1abc-4652-bea6-a1e3fee3d853" testListId="8c84fa94-04c1-424b-9868-57a2d4851a1d" />
    <TestEntry testId="979704d6-636b-33ea-e33f-cc67613aefb0" executionId="8d1d2a3a-708b-4c6a-879b-082370a4b1d9" testListId="8c84fa94-04c1-424b-9868-57a2d4851a1d" />
    <TestEntry testId="13dfd982-ae8a-b137-0e11-07b0f29632c1" executionId="af3f9607-575c-4fed-8d43-8aecb1e39ed6" testListId="8c84fa94-04c1-424b-9868-57a2d4851a1d" />
    <TestEntry testId="11e8e2ed-c8a3-dabc-7293-c381795c9796" executionId="160c388f-4640-4afe-9cf9-a5c0ba724651" testListId="8c84fa94-04c1-424b-9868-57a2d4851a1d" />
    <TestEntry testId="4fa0fe8a-60b4-1b4b-175d-a18573723ba2" executionId="d71c123d-fc3a-45df-9de9-0033f351ecf5" testListId="8c84fa94-04c1-424b-9868-57a2d4851a1d" />
    <TestEntry testId="324dfaf0-1df1-16d9-feec-f79f54001411" executionId="d0788b47-9713-43bb-8c2b-528698d2fdf8" testListId="8c84fa94-04c1-424b-9868-57a2d4851a1d" />
    <TestEntry testId="f15540c1-ce27-2f60-c3f9-161af09be8cd" executionId="d56e4da1-15cc-4991-b8c6-37378bfaa5ae" testListId="8c84fa94-04c1-424b-9868-57a2d4851a1d" />
    <TestEntry testId="c6af2688-b6d7-1499-ef57-908aefcce6dc" executionId="da9f907e-148f-4f7e-b8e2-d50cc182e1d9" testListId="8c84fa94-04c1-424b-9868-57a2d4851a1d" />
    <TestEntry testId="cbfda56e-8c0a-ba07-a0f8-119519aa985c" executionId="12a06c79-748b-4757-afeb-ed28bb12cc80" testListId="8c84fa94-04c1-424b-9868-57a2d4851a1d" />
    <TestEntry testId="e54868c5-e23a-96f9-bd57-052b8e9f25f9" executionId="4baf44a0-ef7c-4e36-a7f0-d5d94ac13860" testListId="8c84fa94-04c1-424b-9868-57a2d4851a1d" />
    <TestEntry testId="bac2e760-c57c-379d-cca8-5272b1f0e7e5" executionId="d8f3a185-1c41-4c27-8788-f4eb14023535" testListId="8c84fa94-04c1-424b-9868-57a2d4851a1d" />
    <TestEntry testId="444b6055-8e36-cf16-2594-6f26fe677cd1" executionId="2d187f24-aba4-482d-aa26-b709ea2d3639" testListId="8c84fa94-04c1-424b-9868-57a2d4851a1d" />
    <TestEntry testId="5554cc9d-410c-0a03-5c37-393e64fd2d26" executionId="7e535f8e-2720-40ab-85c6-b76e43ddbd4f" testListId="8c84fa94-04c1-424b-9868-57a2d4851a1d" />
    <TestEntry testId="bafee3ee-9889-56d2-8e3d-2c651a7649c3" executionId="cfad27af-948b-4402-a375-4a2859e95f43" testListId="8c84fa94-04c1-424b-9868-57a2d4851a1d" />
    <TestEntry testId="ad51f424-6928-1bb2-fff3-55ef9dbab945" executionId="51b6f40e-7885-4b99-8a8c-1732e80e35e0" testListId="8c84fa94-04c1-424b-9868-57a2d4851a1d" />
    <TestEntry testId="434a8caa-9318-d21d-4a14-8dc7214b55eb" executionId="43717f85-a56e-4751-a1cb-b7854ea55f6b" testListId="8c84fa94-04c1-424b-9868-57a2d4851a1d" />
    <TestEntry testId="128fe360-ca56-c4c9-0f07-7350435e34a3" executionId="2288ccf0-4324-4ba6-a7e3-6b32216069cb" testListId="8c84fa94-04c1-424b-9868-57a2d4851a1d" />
    <TestEntry testId="1d271909-1898-128b-21ec-f802c1979d9e" executionId="742f3212-8309-49c5-9d0e-289941ec6b26" testListId="8c84fa94-04c1-424b-9868-57a2d4851a1d" />
    <TestEntry testId="248dc14a-7b24-2159-ea3a-30144e961aa7" executionId="a59eec40-3fd5-4c09-9290-89a8b776145e" testListId="8c84fa94-04c1-424b-9868-57a2d4851a1d" />
    <TestEntry testId="e97847d9-9bdd-db77-8bd9-477fffb0c503" executionId="5680ca63-6a19-45c6-ab40-ee6120268cb5" testListId="8c84fa94-04c1-424b-9868-57a2d4851a1d" />
    <TestEntry testId="b163eddc-fed2-8a3f-de92-54285bf94b6d" executionId="0dea48b3-b6d2-45ea-b08f-89952b3da00e" testListId="8c84fa94-04c1-424b-9868-57a2d4851a1d" />
    <TestEntry testId="eaa6b024-a03d-d1dd-abf3-1b023d2d51e1" executionId="597e90fc-adc0-407d-99d8-2095a5509999" testListId="8c84fa94-04c1-424b-9868-57a2d4851a1d" />
    <TestEntry testId="2fe7dd20-7d34-4621-c4bd-6f2ec94c5407" executionId="9c957ceb-522a-4de6-b779-a4dd41f237b2" testListId="8c84fa94-04c1-424b-9868-57a2d4851a1d" />
    <TestEntry testId="30e1c064-5a9f-94cf-3bb0-81267bf9f82e" executionId="ffa92f68-0417-4518-92a7-f91c6ae8e018" testListId="8c84fa94-04c1-424b-9868-57a2d4851a1d" />
    <TestEntry testId="33ba7c37-d825-e74e-e294-1a6f561fb224" executionId="ebeaf90c-8b82-4939-9ecf-956d11d959a5" testListId="8c84fa94-04c1-424b-9868-57a2d4851a1d" />
    <TestEntry testId="0ee739fa-dfa4-5ef5-1b22-8fe2862978a3" executionId="a45f0035-dcfa-4014-b24b-1b8e0f56e02a" testListId="8c84fa94-04c1-424b-9868-57a2d4851a1d" />
    <TestEntry testId="d1db99c9-780d-a1a8-cf4e-cc5ed7bbc5dc" executionId="6de0ba59-5a53-4304-86b6-7a1db494a0aa" testListId="8c84fa94-04c1-424b-9868-57a2d4851a1d" />
    <TestEntry testId="69ed80be-ebbe-cd3a-42e2-f7807046c259" executionId="3d4e5bd8-f617-4015-a7ee-19b7eb6116df" testListId="8c84fa94-04c1-424b-9868-57a2d4851a1d" />
    <TestEntry testId="48480e6e-913f-e95b-4a6c-465d36475b6a" executionId="7423ad24-1c38-42a6-85c0-c0b13eafbf0e" testListId="8c84fa94-04c1-424b-9868-57a2d4851a1d" />
    <TestEntry testId="31700bf4-6510-c80b-a8c1-214e5c472432" executionId="424aba56-da99-4891-ab66-1e9374950aa6" testListId="8c84fa94-04c1-424b-9868-57a2d4851a1d" />
    <TestEntry testId="8e40a9d7-b14a-a165-b4bc-258c3936dfbd" executionId="9ce713d3-65b1-4de8-8061-ab07d83d0c77" testListId="8c84fa94-04c1-424b-9868-57a2d4851a1d" />
    <TestEntry testId="186c8c1a-303f-5daa-ee87-7bdde9795321" executionId="71e64562-c461-4325-be85-7c9fe858165d" testListId="8c84fa94-04c1-424b-9868-57a2d4851a1d" />
    <TestEntry testId="4fc181f0-ada2-9ab6-d52d-1988c5ebde7a" executionId="b61f5f8c-341b-4684-8f4b-f8950cf2d70d" testListId="8c84fa94-04c1-424b-9868-57a2d4851a1d" />
    <TestEntry testId="042cc95e-2b44-fa19-b576-f75093af4b96" executionId="406aab04-67a8-4b73-b512-c1c41d2c41f9" testListId="8c84fa94-04c1-424b-9868-57a2d4851a1d" />
    <TestEntry testId="4a32286d-4292-da18-0868-eb2a25ef068a" executionId="0d0c6922-8f90-4876-bdae-f074267f1228" testListId="8c84fa94-04c1-424b-9868-57a2d4851a1d" />
    <TestEntry testId="9cf8eb03-8fbc-6ccc-0fef-ebebfde3ba22" executionId="ae5dbf46-19c7-481d-bd90-eead0912be6e" testListId="8c84fa94-04c1-424b-9868-57a2d4851a1d" />
    <TestEntry testId="5105cd39-08d3-5cdf-e5e5-5aae2f2d51c8" executionId="910bf00d-3cf6-482e-80c4-b9fa999113f8" testListId="8c84fa94-04c1-424b-9868-57a2d4851a1d" />
    <TestEntry testId="c15129d5-d936-d35a-141a-341775ad7af1" executionId="e5c9b2d8-858c-4d7c-8eb3-50f79c3fe86f" testListId="8c84fa94-04c1-424b-9868-57a2d4851a1d" />
    <TestEntry testId="c9dc0f3f-e108-0c1a-7cef-09dcecce5469" executionId="eab68e7e-ecc2-4c2d-a69f-e74560973981" testListId="8c84fa94-04c1-424b-9868-57a2d4851a1d" />
    <TestEntry testId="b58c1648-01cd-8d33-8125-f2d9795f377d" executionId="bcb6117d-903e-4389-99ce-3d1cf98f9b64" testListId="8c84fa94-04c1-424b-9868-57a2d4851a1d" />
    <TestEntry testId="e9fa372e-14d7-79bd-7239-c4f5919adecb" executionId="642d8d48-26c0-420d-a2d9-c5072928f780" testListId="8c84fa94-04c1-424b-9868-57a2d4851a1d" />
    <TestEntry testId="bfbcecbb-ebb0-4cc4-ba14-4fec10bfe400" executionId="267ab6ce-ae89-4613-856b-1c8ccf575f6d" testListId="8c84fa94-04c1-424b-9868-57a2d4851a1d" />
    <TestEntry testId="0eee54e7-397f-944e-60ad-576b256307cf" executionId="7c69c6c0-f55b-43e0-b9e2-8e03949a0900" testListId="8c84fa94-04c1-424b-9868-57a2d4851a1d" />
    <TestEntry testId="6fd88d41-992e-23c0-e35a-a1d1b838cd50" executionId="8a49f3cd-199a-49b3-a5fd-020ad0635a3c" testListId="8c84fa94-04c1-424b-9868-57a2d4851a1d" />
    <TestEntry testId="46947d50-5e18-dad2-e4a8-b6d0819ae97c" executionId="74320b2d-06d7-4898-b533-0d0966af0c5a" testListId="8c84fa94-04c1-424b-9868-57a2d4851a1d" />
    <TestEntry testId="1fce28e8-5dee-1344-5678-0f5715c803f3" executionId="c33543ad-1999-43dd-b1cb-9a4af715f6e2" testListId="8c84fa94-04c1-424b-9868-57a2d4851a1d" />
    <TestEntry testId="6741f227-11b2-eae5-6fc9-c96d18a30eb3" executionId="b7b152aa-0b0a-4ca7-8674-50e06b30cad1" testListId="8c84fa94-04c1-424b-9868-57a2d4851a1d" />
    <TestEntry testId="040e6cf8-8fc7-ca87-38f4-b0a1a8671b45" executionId="a1725b04-d05d-4512-91c2-8155d2c0090e" testListId="8c84fa94-04c1-424b-9868-57a2d4851a1d" />
    <TestEntry testId="0dda947f-a97a-e494-3314-a0e77995fdce" executionId="cdc3dcac-7f2b-4f74-aaac-9257508fc02a" testListId="8c84fa94-04c1-424b-9868-57a2d4851a1d" />
    <TestEntry testId="ded3a712-fe17-74f4-ce2a-e02d4a5da442" executionId="b24d31ad-da5e-475f-83ae-4db3d5e1e466" testListId="8c84fa94-04c1-424b-9868-57a2d4851a1d" />
    <TestEntry testId="a7d85aa3-fa07-4a18-0790-c9a84b87bfbf" executionId="05896259-f063-4326-a03d-0b9eaaf10d8c" testListId="8c84fa94-04c1-424b-9868-57a2d4851a1d" />
    <TestEntry testId="ae407fd6-e927-5656-0ce5-4192f5da53cb" executionId="7943b2c9-bba2-4218-8fca-14099c1af484" testListId="8c84fa94-04c1-424b-9868-57a2d4851a1d" />
    <TestEntry testId="d02dc591-3a84-d3ac-10be-a85efb2cb27c" executionId="5e207e5b-0b37-4780-b96d-e68fdcc67d74" testListId="8c84fa94-04c1-424b-9868-57a2d4851a1d" />
    <TestEntry testId="d702a2a7-0d80-6e33-b0a7-e0e379e29093" executionId="11ce7f5d-8d14-48b1-82d2-56114d10979a" testListId="8c84fa94-04c1-424b-9868-57a2d4851a1d" />
    <TestEntry testId="3d1af355-28e7-625e-59fd-fe5da700f0dc" executionId="c9dccb7c-a10c-43ed-9cb3-2443aab6d704" testListId="8c84fa94-04c1-424b-9868-57a2d4851a1d" />
    <TestEntry testId="1d4cd445-caf0-beba-56bf-67413439f9ab" executionId="cd412a3b-917b-45a2-b91d-34f897caa6d3" testListId="8c84fa94-04c1-424b-9868-57a2d4851a1d" />
    <TestEntry testId="996b214e-32e4-5376-d989-b4bc865084fe" executionId="59db39aa-6ae8-41a7-98c5-1ac1c59e3d7a" testListId="8c84fa94-04c1-424b-9868-57a2d4851a1d" />
    <TestEntry testId="5fe9c184-b316-2ed8-da8c-d7dc0b588adb" executionId="4a7a2ec0-88d5-4b40-bbfb-3413f3aa6723" testListId="8c84fa94-04c1-424b-9868-57a2d4851a1d" />
    <TestEntry testId="c6463145-e835-b32e-9815-611f61fa5540" executionId="7ca4ecd1-43a3-4770-9d0c-dc0111babab0" testListId="8c84fa94-04c1-424b-9868-57a2d4851a1d" />
    <TestEntry testId="3d5d455f-8b5b-9efe-5bfb-ffa440cd9adb" executionId="743b268d-6a8d-497c-87d3-e1852069a718" testListId="8c84fa94-04c1-424b-9868-57a2d4851a1d" />
    <TestEntry testId="05428edc-24e9-331d-ccde-497be2e009d1" executionId="3c81317a-aa6b-450a-bd15-4704aa0a280f" testListId="8c84fa94-04c1-424b-9868-57a2d4851a1d" />
    <TestEntry testId="2154354b-9164-5585-480c-7dedd5c54210" executionId="4f8f64db-3fba-4ad0-8678-bfd062d64e3d" testListId="8c84fa94-04c1-424b-9868-57a2d4851a1d" />
    <TestEntry testId="87ce6106-4ac0-9f5c-9d1b-30007974d2cb" executionId="671c8778-9f92-4f43-81c6-628ee5a48516" testListId="8c84fa94-04c1-424b-9868-57a2d4851a1d" />
    <TestEntry testId="1f9cd9ca-f1cd-430d-8d80-74a061c9ac45" executionId="7b0ee39c-a311-4f5f-8167-7845acb22d41" testListId="8c84fa94-04c1-424b-9868-57a2d4851a1d" />
    <TestEntry testId="68224de9-ccec-a0b7-c8a8-a3c8c0c30259" executionId="a6d7ad7c-a849-429c-9d01-0b64e5413e1e" testListId="8c84fa94-04c1-424b-9868-57a2d4851a1d" />
    <TestEntry testId="6aa06741-b93f-b24b-6ccf-f7d51617fc30" executionId="3ea5d5c9-ea08-4574-8377-18d0af280777" testListId="8c84fa94-04c1-424b-9868-57a2d4851a1d" />
    <TestEntry testId="f34d9844-3970-87ba-1a6d-f7c3b662af09" executionId="6fccac6f-ac1d-4db4-9009-9769497dbdab" testListId="8c84fa94-04c1-424b-9868-57a2d4851a1d" />
    <TestEntry testId="79d9531c-e009-9169-2cbc-ceab51e47aa5" executionId="9960cddb-410a-4a14-965c-1607a7073ab7" testListId="8c84fa94-04c1-424b-9868-57a2d4851a1d" />
    <TestEntry testId="7f38c64c-30e5-6f29-b1b2-933630e715de" executionId="0d5de36f-f631-4493-a58d-1ae18e11c7e0" testListId="8c84fa94-04c1-424b-9868-57a2d4851a1d" />
    <TestEntry testId="e8631f54-2451-193b-aa4f-8be567b318eb" executionId="089a0bad-1f24-4c0a-a2d9-673d9d76f665" testListId="8c84fa94-04c1-424b-9868-57a2d4851a1d" />
    <TestEntry testId="b818a661-8c39-b04d-aea0-c8bf6f965ed2" executionId="86ca55f2-5950-4ad4-b58a-bb24add6a205" testListId="8c84fa94-04c1-424b-9868-57a2d4851a1d" />
    <TestEntry testId="ff400e5b-d8ea-836f-c081-66cfe2473c87" executionId="06995e1c-351c-4086-a9d4-802d7de00437" testListId="8c84fa94-04c1-424b-9868-57a2d4851a1d" />
    <TestEntry testId="0a2dd6c8-dd3b-c34c-d236-39c95cee3b33" executionId="5f707f9b-8759-4852-ab9a-ad505704d0c4" testListId="8c84fa94-04c1-424b-9868-57a2d4851a1d" />
    <TestEntry testId="939e1c3f-3bc7-ec75-48fe-8501679b5ff4" executionId="6902c1f7-dfd2-40fc-bb49-d962e39b20cb" testListId="8c84fa94-04c1-424b-9868-57a2d4851a1d" />
    <TestEntry testId="07878353-6799-84f6-4a3b-1ffc56ae1d1d" executionId="f369daa4-de30-43ef-9f12-1d6eba30bae9" testListId="8c84fa94-04c1-424b-9868-57a2d4851a1d" />
    <TestEntry testId="799374f9-c088-e602-bce1-d22bf769b783" executionId="5095caba-9063-4387-b099-bb1eb74301ad" testListId="8c84fa94-04c1-424b-9868-57a2d4851a1d" />
    <TestEntry testId="aaa9e076-e199-e522-2c08-1bd206c5f6e7" executionId="0eaa0384-5145-4f0d-a412-64b981a3c57b" testListId="8c84fa94-04c1-424b-9868-57a2d4851a1d" />
    <TestEntry testId="9e60da1f-2da8-eacc-63f9-9c91b8a7e042" executionId="1b9adc18-dcc7-4873-9583-3fb8683db136" testListId="8c84fa94-04c1-424b-9868-57a2d4851a1d" />
    <TestEntry testId="185ede31-fab0-85ad-ad6a-a8eab36c8466" executionId="6e9f746a-bc0b-4bf0-b08f-90dd96a89403" testListId="8c84fa94-04c1-424b-9868-57a2d4851a1d" />
    <TestEntry testId="4d20e584-0f2f-1ed1-3ddf-7516456e8aa4" executionId="a210a902-bc27-4b9b-80c5-3de53339a718" testListId="8c84fa94-04c1-424b-9868-57a2d4851a1d" />
    <TestEntry testId="2ff98558-45c2-21dd-60d2-e1efdde7c0a8" executionId="851f16a8-0278-46c3-a8b2-a7e7207da8f4" testListId="8c84fa94-04c1-424b-9868-57a2d4851a1d" />
    <TestEntry testId="80d3734c-ba9f-0770-a478-3dd6f9b70cb0" executionId="103a6693-dd30-4454-bb4b-7f6eaaa97ea7" testListId="8c84fa94-04c1-424b-9868-57a2d4851a1d" />
    <TestEntry testId="bfe24180-c0ac-b24a-c731-fe26d6138983" executionId="f32f9e85-01da-4158-98f4-019f73ca3236" testListId="8c84fa94-04c1-424b-9868-57a2d4851a1d" />
    <TestEntry testId="5fa53206-edec-8295-28b6-5eb1541e56b6" executionId="8d8e43f3-777b-4d82-8eab-4b051191c4ec" testListId="8c84fa94-04c1-424b-9868-57a2d4851a1d" />
    <TestEntry testId="cd41d103-9666-3d37-803b-9b59446c01c4" executionId="7d52828a-2641-42e1-b604-e15f90e53e2d" testListId="8c84fa94-04c1-424b-9868-57a2d4851a1d" />
    <TestEntry testId="652fbfaf-623d-2a4f-25d1-cf07d8f0c0da" executionId="31fecd68-dd51-4d1f-9642-a7c92d45f995" testListId="8c84fa94-04c1-424b-9868-57a2d4851a1d" />
    <TestEntry testId="bc76307e-662f-d191-64cf-4352a391fa59" executionId="8b8197d1-190d-4e1b-8457-fa1718332a13" testListId="8c84fa94-04c1-424b-9868-57a2d4851a1d" />
    <TestEntry testId="27e54bf1-4aa0-4763-a98b-d50300d50e6c" executionId="ddc3ee11-bf79-41a6-822b-3216a676e648" testListId="8c84fa94-04c1-424b-9868-57a2d4851a1d" />
    <TestEntry testId="908bbb79-500c-f673-c8f4-2e8bf73bce40" executionId="e01b233a-5b22-41a1-a271-fdda5e87d0c7" testListId="8c84fa94-04c1-424b-9868-57a2d4851a1d" />
    <TestEntry testId="7704532e-ccf9-d396-cd75-b7b2cb63c0e8" executionId="21ac2384-5f82-4080-8b61-0ca5eaabb0a5" testListId="8c84fa94-04c1-424b-9868-57a2d4851a1d" />
    <TestEntry testId="fc18dbb3-2c7f-eef4-d751-3ff8a18e5fdc" executionId="c10d98d3-02e2-4bce-ae02-265e386b19fe" testListId="8c84fa94-04c1-424b-9868-57a2d4851a1d" />
    <TestEntry testId="a97810bc-ccf4-4f77-152b-d7c40d37cd64" executionId="e97a5141-7170-4c4d-bcdc-04cc3e7b5af8" testListId="8c84fa94-04c1-424b-9868-57a2d4851a1d" />
    <TestEntry testId="0fb536e2-af1a-ef21-5b53-d89a189dda8d" executionId="7d84de8c-36c5-4273-822f-61db713201a0" testListId="8c84fa94-04c1-424b-9868-57a2d4851a1d" />
    <TestEntry testId="f376fc2f-2ee5-1277-a20e-665c6294e53a" executionId="bcf2324f-85ab-4c38-ad2f-fbfe2072327c" testListId="8c84fa94-04c1-424b-9868-57a2d4851a1d" />
    <TestEntry testId="e63012a7-c6dd-105c-5599-46a75e19ac35" executionId="3e218332-27fc-44a2-ab59-df77bc7389ba" testListId="8c84fa94-04c1-424b-9868-57a2d4851a1d" />
    <TestEntry testId="f8f9d6d7-bbea-21e2-5568-87ea7f6744b9" executionId="3b4c0ac1-824b-4ca1-ad3f-9baa4724fc96" testListId="8c84fa94-04c1-424b-9868-57a2d4851a1d" />
    <TestEntry testId="749e89fd-9c9b-5d83-545c-b459ff44beff" executionId="91b71107-ab0f-4ec7-b2bb-295353f994f2" testListId="8c84fa94-04c1-424b-9868-57a2d4851a1d" />
    <TestEntry testId="244b13a7-ff72-5a50-f054-4ff8ceb0d499" executionId="d8b19f5a-43c3-49ec-b591-a867af2152e3" testListId="8c84fa94-04c1-424b-9868-57a2d4851a1d" />
    <TestEntry testId="123932a6-c3cf-7fb9-5ef5-34297fb3a837" executionId="89d7856d-5afb-44d1-bb6b-004139c3a8ea" testListId="8c84fa94-04c1-424b-9868-57a2d4851a1d" />
    <TestEntry testId="847ca950-a5c5-d084-8e4e-ab9e67678604" executionId="277cdb73-5b66-40b2-96c0-535247d3372d" testListId="8c84fa94-04c1-424b-9868-57a2d4851a1d" />
    <TestEntry testId="cd5a26d8-2bfb-59a4-04b5-4f695fd431f8" executionId="eb02dd30-da4c-4b98-b9b8-58109337b7ff" testListId="8c84fa94-04c1-424b-9868-57a2d4851a1d" />
    <TestEntry testId="1b17bc60-8954-8c6a-08e7-e6fe2f215cc6" executionId="b888471a-b221-4a37-8ead-f269181db778" testListId="8c84fa94-04c1-424b-9868-57a2d4851a1d" />
    <TestEntry testId="4b06698d-5339-0a98-2e05-9ce80b4b1ec4" executionId="dcb5a65f-31f3-462e-a77a-7f4ca4978f17" testListId="8c84fa94-04c1-424b-9868-57a2d4851a1d" />
    <TestEntry testId="281669ef-629b-f1d2-33b2-c7fad7ee0226" executionId="d222d190-d595-4e6d-be7c-59a301a63398" testListId="8c84fa94-04c1-424b-9868-57a2d4851a1d" />
    <TestEntry testId="6127c2a7-0d58-b2ca-c80b-3d883558c1c7" executionId="624db128-d8ad-482d-b624-f5540df8d306" testListId="8c84fa94-04c1-424b-9868-57a2d4851a1d" />
    <TestEntry testId="7c480fcf-dcac-50a2-3106-264841c6a300" executionId="2b1dce75-c0df-4be9-a116-f9fc6df82302" testListId="8c84fa94-04c1-424b-9868-57a2d4851a1d" />
    <TestEntry testId="d6ed6531-54c3-2edf-18c7-ddb0279f678b" executionId="15cb0e6d-35c9-4f7b-bc56-33820a37a421" testListId="8c84fa94-04c1-424b-9868-57a2d4851a1d" />
    <TestEntry testId="5f750d11-c899-aa88-cff9-6806fe46c3fe" executionId="3a707ba3-83ce-4f56-8f29-aca723f3df06" testListId="8c84fa94-04c1-424b-9868-57a2d4851a1d" />
    <TestEntry testId="0514bc2b-5cc4-a04d-717a-fd9efa22f04a" executionId="50a14f49-ea5a-4b10-bf61-ac1c74852220" testListId="8c84fa94-04c1-424b-9868-57a2d4851a1d" />
    <TestEntry testId="75e6c444-bc3b-aad1-8b9e-9567096a44b9" executionId="cb46e223-7cc9-4226-bf30-9cfc4c715c11" testListId="8c84fa94-04c1-424b-9868-57a2d4851a1d" />
    <TestEntry testId="83240b81-a0ee-d801-c63e-6e722955f2f1" executionId="a4fa7bad-5ef9-4e19-a51e-eca74dfd6503" testListId="8c84fa94-04c1-424b-9868-57a2d4851a1d" />
    <TestEntry testId="717afcc9-fdbd-942f-44d5-9f5deeef640f" executionId="250fa88a-0c1b-465d-a40d-f0826098d150" testListId="8c84fa94-04c1-424b-9868-57a2d4851a1d" />
    <TestEntry testId="015022db-d96e-2b60-5477-1c6f1fa9a487" executionId="7fa59d2f-f8e4-4743-9325-e2369a46fc49" testListId="8c84fa94-04c1-424b-9868-57a2d4851a1d" />
    <TestEntry testId="37c7194c-1f0b-dee3-2e3b-dc795a15cffb" executionId="0edcfdb2-dcaa-46f0-9248-5e6122401620" testListId="8c84fa94-04c1-424b-9868-57a2d4851a1d" />
    <TestEntry testId="34bdc501-b6be-65bd-2c54-6d143c30390e" executionId="65bf4bb2-5c7c-47e2-88dd-b7e57b946589" testListId="8c84fa94-04c1-424b-9868-57a2d4851a1d" />
    <TestEntry testId="baa856d2-0f24-fb78-786f-66276d918a1d" executionId="f5e8bc68-6362-4677-a045-59303d6b8ce2" testListId="8c84fa94-04c1-424b-9868-57a2d4851a1d" />
    <TestEntry testId="ff088bf9-c4c9-daf8-12f7-40d9669dd362" executionId="3b03f9e0-162d-4ca4-a9ea-df3327519afc" testListId="8c84fa94-04c1-424b-9868-57a2d4851a1d" />
    <TestEntry testId="a1a0e8aa-488b-d813-0baf-a61aa194c928" executionId="5754d99b-e5e8-4de2-9872-40a235a5a658" testListId="8c84fa94-04c1-424b-9868-57a2d4851a1d" />
    <TestEntry testId="82cc450a-0e9d-45d3-9478-f947af9d278f" executionId="fc72ee35-91a8-40e8-9878-d0df6277d4bb" testListId="8c84fa94-04c1-424b-9868-57a2d4851a1d" />
    <TestEntry testId="3592b35e-5647-34de-406e-9d7d0b031ac6" executionId="930406a4-914a-400f-a6a5-5aa631d7c543" testListId="8c84fa94-04c1-424b-9868-57a2d4851a1d" />
    <TestEntry testId="575b3040-83fc-2437-91d5-9ac3f2af85b4" executionId="541bd9ad-b285-43b2-9270-4e1c068c2de7" testListId="8c84fa94-04c1-424b-9868-57a2d4851a1d" />
    <TestEntry testId="ef8075a8-e8bb-22f0-871e-f2b168e2c55c" executionId="2892d5ac-635d-41e0-892d-04e951a8a3ec" testListId="8c84fa94-04c1-424b-9868-57a2d4851a1d" />
    <TestEntry testId="d543b1fe-0034-e565-eca0-f9a5d2d12bdc" executionId="a977a13b-0343-41cf-ada5-d9c773fa7532" testListId="8c84fa94-04c1-424b-9868-57a2d4851a1d" />
    <TestEntry testId="d493c8e9-cfea-2fc7-4acb-79ca91dde5f0" executionId="c510d3ee-4385-42ea-b706-d768daed9733" testListId="8c84fa94-04c1-424b-9868-57a2d4851a1d" />
    <TestEntry testId="fe39f516-26c8-b34c-d7c3-8fcbe7da1ba2" executionId="0356043b-9647-4d61-bc6c-e1e7a2a7dbf4" testListId="8c84fa94-04c1-424b-9868-57a2d4851a1d" />
    <TestEntry testId="0a7a5bc8-9d15-4c47-d83e-93a1a167a703" executionId="24fdb4dd-546d-452a-ae21-0354a00faf99" testListId="8c84fa94-04c1-424b-9868-57a2d4851a1d" />
    <TestEntry testId="1f661c1f-d0bf-b374-44cc-db7131efefe7" executionId="44682ec5-92b3-4ea8-9be0-4909f036ee8a" testListId="8c84fa94-04c1-424b-9868-57a2d4851a1d" />
    <TestEntry testId="73bcea4a-0bf6-aaca-b16b-8e4d59f9059e" executionId="2ff828df-1452-427e-a0fc-1d581b938c6a" testListId="8c84fa94-04c1-424b-9868-57a2d4851a1d" />
    <TestEntry testId="4168f0ac-b835-769a-f744-274b70d89027" executionId="f7df600e-0f31-4777-8818-0501f95f62ed" testListId="8c84fa94-04c1-424b-9868-57a2d4851a1d" />
    <TestEntry testId="cff23f42-1941-5ae0-6937-50ea8e98f70a" executionId="a635164e-c770-4124-8d65-8bd5cb48269a" testListId="8c84fa94-04c1-424b-9868-57a2d4851a1d" />
    <TestEntry testId="e59747a8-433f-61a0-e952-9d5b29617a9f" executionId="a2e29760-9903-463e-859f-839f062d98a4" testListId="8c84fa94-04c1-424b-9868-57a2d4851a1d" />
    <TestEntry testId="9e735874-97ea-8ca0-11c8-94ac42e81acc" executionId="a574dca2-d736-4d5a-bb90-388c46adf64e" testListId="8c84fa94-04c1-424b-9868-57a2d4851a1d" />
    <TestEntry testId="90e736db-bebc-59eb-dcfd-94a08c26727f" executionId="ed797e4f-c467-4851-88fe-f159eb661c31" testListId="8c84fa94-04c1-424b-9868-57a2d4851a1d" />
    <TestEntry testId="055fec57-4e1c-11c8-a858-911643af23bd" executionId="a92d86ff-1d59-4b82-bd16-4edd34476896" testListId="8c84fa94-04c1-424b-9868-57a2d4851a1d" />
    <TestEntry testId="17903115-6688-8f7d-0f17-6bed61c91258" executionId="ea2dcebe-4383-42d8-b77f-ce30484df3c6" testListId="8c84fa94-04c1-424b-9868-57a2d4851a1d" />
    <TestEntry testId="7a86c51e-006c-a65e-34c9-ff3a6b2ed4b5" executionId="7fd7571e-3eab-4f5e-9e5a-c447d09a31a3" testListId="8c84fa94-04c1-424b-9868-57a2d4851a1d" />
    <TestEntry testId="e62a06d7-081f-b513-c2d5-80ddeebcb813" executionId="e40ad3b1-8639-4246-8517-414c33012c75" testListId="8c84fa94-04c1-424b-9868-57a2d4851a1d" />
    <TestEntry testId="171141a5-7e7d-d227-6619-8929fed50e13" executionId="fcc1a6df-7b69-4dc9-b58b-5787e2314445" testListId="8c84fa94-04c1-424b-9868-57a2d4851a1d" />
    <TestEntry testId="d633a901-6eef-f5d7-952c-569ae3ddce8f" executionId="08b81227-4d62-491e-a529-e6a6df1642c5" testListId="8c84fa94-04c1-424b-9868-57a2d4851a1d" />
    <TestEntry testId="386de361-29e9-e772-105e-fd42e87ecfec" executionId="73702dfb-5cdc-486e-92dd-7256085cf812" testListId="8c84fa94-04c1-424b-9868-57a2d4851a1d" />
    <TestEntry testId="71aa02e1-e075-142b-97e5-961b91ee4f3d" executionId="19085780-0441-4cc5-9ea1-da3bf8cb99e7" testListId="8c84fa94-04c1-424b-9868-57a2d4851a1d" />
    <TestEntry testId="cbad7040-1370-8b80-f9ed-c7be376f327f" executionId="99cb5db7-3522-4be8-9646-f0f248a3c98a" testListId="8c84fa94-04c1-424b-9868-57a2d4851a1d" />
    <TestEntry testId="0740431b-2d5c-94f4-7631-d3fb545f47f1" executionId="968f8797-b08d-475a-932b-2dd09be5ecc7" testListId="8c84fa94-04c1-424b-9868-57a2d4851a1d" />
    <TestEntry testId="68aeee53-b239-e7d6-6e18-da94fac3a451" executionId="9e1d3350-e7b8-40d2-b6bc-754ece566865" testListId="8c84fa94-04c1-424b-9868-57a2d4851a1d" />
    <TestEntry testId="230e1e23-a8f6-7ac5-0938-0ce23eabf420" executionId="683332f7-2d22-479e-bb40-2f8e3dab5735" testListId="8c84fa94-04c1-424b-9868-57a2d4851a1d" />
    <TestEntry testId="d6b10638-19d7-868a-2152-f7946c6c6899" executionId="cf4b535f-ff8f-48c7-b2f0-fc920f6e8657" testListId="8c84fa94-04c1-424b-9868-57a2d4851a1d" />
    <TestEntry testId="e1c5523d-f177-82aa-b8ad-0ce279495eeb" executionId="5d23117b-9bcb-4f64-b873-eb18e6186a72" testListId="8c84fa94-04c1-424b-9868-57a2d4851a1d" />
    <TestEntry testId="9e564273-69a8-eaf4-221d-8cb7dd068c7d" executionId="cf04d948-3e95-4c41-ba48-61c597b00c6f" testListId="8c84fa94-04c1-424b-9868-57a2d4851a1d" />
    <TestEntry testId="d9592df4-0966-3c3a-722c-1595fa840f06" executionId="f3b453e3-2782-4aef-b008-671f1e096655" testListId="8c84fa94-04c1-424b-9868-57a2d4851a1d" />
    <TestEntry testId="cb9f49fb-58b9-06a6-2d40-6492ed02487d" executionId="f22e7795-2c76-41ff-8164-6b130d0ea3e5" testListId="8c84fa94-04c1-424b-9868-57a2d4851a1d" />
    <TestEntry testId="6c2df068-e073-781f-ed58-d73445937e1f" executionId="3910b78c-1507-4c38-8de6-7438e941ec9c" testListId="8c84fa94-04c1-424b-9868-57a2d4851a1d" />
    <TestEntry testId="c558e0d2-3c06-e002-2aa3-e6624e30de98" executionId="b727a7e2-a3bb-4033-81b0-b8b77ff17915" testListId="8c84fa94-04c1-424b-9868-57a2d4851a1d" />
    <TestEntry testId="56dbe364-b862-68d4-f157-de01aca24e66" executionId="32311ec4-114f-44dc-9769-f6dbc0f68465" testListId="8c84fa94-04c1-424b-9868-57a2d4851a1d" />
    <TestEntry testId="23282872-5c32-1fb9-e0a2-cb7aa878c838" executionId="c72fbaa6-4cb1-49e2-8ae8-4f4fb98529be" testListId="8c84fa94-04c1-424b-9868-57a2d4851a1d" />
    <TestEntry testId="afbbae00-ce73-0862-4d3c-578f15f46774" executionId="cd47bb4e-c5a7-4ab1-8891-de0a617ec9a2" testListId="8c84fa94-04c1-424b-9868-57a2d4851a1d" />
    <TestEntry testId="3b31ccce-844d-e8f4-84db-04ab2e64b9a7" executionId="b6842fcb-4d13-42ba-8cbf-408617e1d6b2" testListId="8c84fa94-04c1-424b-9868-57a2d4851a1d" />
    <TestEntry testId="66840d6a-95a8-9e96-1d7b-1ecad55a0c92" executionId="9d25f3a4-9434-4e2f-b157-6161b50ecc02" testListId="8c84fa94-04c1-424b-9868-57a2d4851a1d" />
    <TestEntry testId="3a14b4a3-bbfa-4f36-3b26-b18f61900c63" executionId="f882d286-c09e-4448-8cf3-ee0599eefca2" testListId="8c84fa94-04c1-424b-9868-57a2d4851a1d" />
    <TestEntry testId="b903f011-25d7-d156-43c9-1974a38b345d" executionId="2a5f7fa1-3ef5-479d-85d7-cf4a6638c237" testListId="8c84fa94-04c1-424b-9868-57a2d4851a1d" />
    <TestEntry testId="6f661c9f-cb4c-fdf6-5a9a-217f69ebc5d5" executionId="cd9d516c-fc43-4b8b-ad31-92f5dd862433" testListId="8c84fa94-04c1-424b-9868-57a2d4851a1d" />
    <TestEntry testId="384612ec-11e1-c891-3d7e-9db254e6a2b4" executionId="95f08c3c-76f4-483a-a190-56b5cdbf3c74" testListId="8c84fa94-04c1-424b-9868-57a2d4851a1d" />
    <TestEntry testId="85835fd9-2c0e-82ff-767f-a5379021f4f3" executionId="326391a1-e2ce-4235-99e2-426ea28e826a" testListId="8c84fa94-04c1-424b-9868-57a2d4851a1d" />
    <TestEntry testId="8f731e1d-d266-da92-7f8a-593d1a2e36d6" executionId="5486f227-76e5-4873-b988-4a288547ec42" testListId="8c84fa94-04c1-424b-9868-57a2d4851a1d" />
    <TestEntry testId="9f1933d5-ba32-f60d-5aa4-3e77602dd567" executionId="9c5fbf28-6935-4e5f-aaf3-827338fcfe09" testListId="8c84fa94-04c1-424b-9868-57a2d4851a1d" />
    <TestEntry testId="50bd341a-c773-af8f-d72d-637dadce7bec" executionId="d958f973-e981-4c50-9abc-f47e923331d6" testListId="8c84fa94-04c1-424b-9868-57a2d4851a1d" />
    <TestEntry testId="2f5e415d-a063-a3ff-febb-2ffdc85ba98d" executionId="703af92a-17c3-4c8e-8353-7c8e03ee82e2" testListId="8c84fa94-04c1-424b-9868-57a2d4851a1d" />
    <TestEntry testId="598d9a80-ba03-040c-39ba-536b5b6632f4" executionId="6192e09e-f3b4-4fb9-846f-d7ad0766a03e" testListId="8c84fa94-04c1-424b-9868-57a2d4851a1d" />
    <TestEntry testId="61cb44e8-f4b9-17e3-5cff-1fc9b36625bf" executionId="f143e8f7-48ae-4438-9f47-a8f8e5647d4f" testListId="8c84fa94-04c1-424b-9868-57a2d4851a1d" />
    <TestEntry testId="4637cc44-56b0-2010-e4d2-4d7d6320ef09" executionId="7501899e-e8a0-42ea-bcd6-cd4c4a5cc62c" testListId="8c84fa94-04c1-424b-9868-57a2d4851a1d" />
    <TestEntry testId="06022d11-491a-4f0d-4482-3457e9003d33" executionId="1c3f83c7-99c2-4781-8e43-7c533d134570" testListId="8c84fa94-04c1-424b-9868-57a2d4851a1d" />
    <TestEntry testId="3462b2eb-e30f-6a87-cb93-c3563606a080" executionId="d23edafc-5176-48ac-a6a3-255a1429630a" testListId="8c84fa94-04c1-424b-9868-57a2d4851a1d" />
    <TestEntry testId="faee1a73-2321-167e-168b-f89892fb598c" executionId="3ed11d5a-4ef5-4684-8af9-64ba061a7ccf" testListId="8c84fa94-04c1-424b-9868-57a2d4851a1d" />
    <TestEntry testId="9a9212ad-b798-7488-4494-e587449427c6" executionId="6b6088c5-d71a-449f-81cc-cb52c42cd52c" testListId="8c84fa94-04c1-424b-9868-57a2d4851a1d" />
    <TestEntry testId="d1d304ec-d1a8-54dd-0ee3-d84b0c72b00c" executionId="e9fe7376-84a1-4300-aa8f-25b9c50272c8" testListId="8c84fa94-04c1-424b-9868-57a2d4851a1d" />
    <TestEntry testId="6dcc8842-a927-f371-cf06-32198da79abc" executionId="1cdc6c68-91eb-45c5-a1ec-387382327752" testListId="8c84fa94-04c1-424b-9868-57a2d4851a1d" />
    <TestEntry testId="ec976d73-69f5-3cb8-c94a-fac6ea1343ca" executionId="0cc878a0-6464-452c-b57a-93f95435fe63" testListId="8c84fa94-04c1-424b-9868-57a2d4851a1d" />
    <TestEntry testId="d2e288cb-5b2d-9b97-c7c0-aed9f363013c" executionId="8744d4c8-55f3-4345-a6a5-981d7e66a037" testListId="8c84fa94-04c1-424b-9868-57a2d4851a1d" />
    <TestEntry testId="edd98930-a456-c16e-31c0-f98ab53f4169" executionId="6cc1253c-e3a5-4e39-a777-19196121fefb" testListId="8c84fa94-04c1-424b-9868-57a2d4851a1d" />
    <TestEntry testId="b3d46dfa-7a62-d522-3960-5646d987d2b9" executionId="779c10fa-6bf2-43f5-a141-b11361941fac" testListId="8c84fa94-04c1-424b-9868-57a2d4851a1d" />
    <TestEntry testId="0d7a2cf9-13e2-7888-b21b-f6464a19d4c6" executionId="9c0661ab-586b-4b90-8c2b-188f375720c7" testListId="8c84fa94-04c1-424b-9868-57a2d4851a1d" />
    <TestEntry testId="acda3d15-0e29-fc40-b0fc-fcddae081200" executionId="e74190be-6db8-4518-966d-e91cc522e27e" testListId="8c84fa94-04c1-424b-9868-57a2d4851a1d" />
    <TestEntry testId="6837dba7-40c4-9f70-ea2b-82f5a35b378d" executionId="cdbb54ba-68c8-4c17-a46e-a19ce3f16436" testListId="8c84fa94-04c1-424b-9868-57a2d4851a1d" />
    <TestEntry testId="ed2c7eae-4b8e-1a77-ee79-03d5fbd59f41" executionId="8e2ef0a7-def8-43eb-8d97-ab6d3ddfa1f5" testListId="8c84fa94-04c1-424b-9868-57a2d4851a1d" />
    <TestEntry testId="24614531-2aef-39c0-ae03-729fa029c955" executionId="6b477d3c-a5a1-4a46-92aa-69dc1bf039a6" testListId="8c84fa94-04c1-424b-9868-57a2d4851a1d" />
    <TestEntry testId="b828fc0d-bf07-676e-b8c0-6e0aa44c3171" executionId="4343a151-83fa-4075-a3d8-77c4f2e6847f" testListId="8c84fa94-04c1-424b-9868-57a2d4851a1d" />
    <TestEntry testId="017ca1fc-bbca-8181-b3ea-3373763e884b" executionId="d622adb1-d036-4bff-ba3a-216345599c0f" testListId="8c84fa94-04c1-424b-9868-57a2d4851a1d" />
    <TestEntry testId="86b56171-19f4-76a4-c109-8879ac5bbbd7" executionId="9ec2019a-32a3-437b-ae11-b4d6caf5664c" testListId="8c84fa94-04c1-424b-9868-57a2d4851a1d" />
    <TestEntry testId="2031700b-98b7-ff2b-f550-00f3842fd04f" executionId="cf89b73f-efe6-4222-89ec-6bbc2ca02b7d" testListId="8c84fa94-04c1-424b-9868-57a2d4851a1d" />
    <TestEntry testId="5f3735b0-854d-d423-adfb-f959d02e73f7" executionId="948bca53-ce3a-410f-a47f-44d3d46bc8ba" testListId="8c84fa94-04c1-424b-9868-57a2d4851a1d" />
    <TestEntry testId="c83faa4e-9cfa-b743-e7ea-a4956027273b" executionId="74fd491e-cc8e-407a-b95e-45d19ea31a1d" testListId="8c84fa94-04c1-424b-9868-57a2d4851a1d" />
    <TestEntry testId="5021544e-bd06-1c2d-b3df-c21b577ebfa2" executionId="f83a4d57-0148-4366-9265-d90ce19c27ed" testListId="8c84fa94-04c1-424b-9868-57a2d4851a1d" />
    <TestEntry testId="fb66f3c8-a00d-4cfa-eac4-abc207e2c602" executionId="2aff8117-8dac-48db-bc4c-c0410959ec24" testListId="8c84fa94-04c1-424b-9868-57a2d4851a1d" />
    <TestEntry testId="93fd2413-8c9b-cb53-924a-b9c4b432d82a" executionId="166421b9-3098-4dde-9db3-e3c0d51eb0d2" testListId="8c84fa94-04c1-424b-9868-57a2d4851a1d" />
    <TestEntry testId="d2ca44f4-b0fb-ea99-f88d-5612fe812eb3" executionId="c331c56d-eeac-4250-8df3-7d9e2bf19e8a" testListId="8c84fa94-04c1-424b-9868-57a2d4851a1d" />
    <TestEntry testId="3b56a798-367d-2897-b3e6-a32862419438" executionId="5d869efe-e295-4b63-9a05-75865d0804db" testListId="8c84fa94-04c1-424b-9868-57a2d4851a1d" />
    <TestEntry testId="c2db2421-6d50-c505-4572-abf46a5e86c5" executionId="2adde712-a78c-472f-a283-c4aa1512d7cd" testListId="8c84fa94-04c1-424b-9868-57a2d4851a1d" />
    <TestEntry testId="cb98657e-ea81-1d6a-4868-0d493c1098f6" executionId="0c14085b-6b33-432d-a136-a0303fdb651b" testListId="8c84fa94-04c1-424b-9868-57a2d4851a1d" />
    <TestEntry testId="26c85a86-1383-9737-58c9-22fa784f7da5" executionId="c1eeddbc-37e6-451c-b7a1-3c55d29c1b40" testListId="8c84fa94-04c1-424b-9868-57a2d4851a1d" />
    <TestEntry testId="eaf0b15c-0fc1-b6e6-caad-e11eeb0c7fda" executionId="ff3ba190-986d-42fa-85ce-eb4b77a3f837" testListId="8c84fa94-04c1-424b-9868-57a2d4851a1d" />
    <TestEntry testId="0e441c44-ccc7-5318-d743-a0646c26f920" executionId="170b3715-366a-4bb2-925a-00f21c8a9cab" testListId="8c84fa94-04c1-424b-9868-57a2d4851a1d" />
    <TestEntry testId="039e02b8-589d-bf11-ab34-101144716c75" executionId="f270210e-a9cb-4527-b6a4-1f4edeca55fc" testListId="8c84fa94-04c1-424b-9868-57a2d4851a1d" />
    <TestEntry testId="a89532f2-9366-df90-5e03-76517aae2ef6" executionId="9ac1bdfa-37bd-42e1-96e9-35268efcb40f" testListId="8c84fa94-04c1-424b-9868-57a2d4851a1d" />
    <TestEntry testId="6a68b288-e760-a42c-8c5a-4aafd65f28b7" executionId="c74762a0-6efe-435d-a353-9aa542c12ea0" testListId="8c84fa94-04c1-424b-9868-57a2d4851a1d" />
    <TestEntry testId="761c5474-ba0b-efdd-0d5f-bfbe630a98c2" executionId="ce115cc0-cffb-4730-ac8e-611408d5f09b" testListId="8c84fa94-04c1-424b-9868-57a2d4851a1d" />
    <TestEntry testId="f7a3c37c-dec7-4f70-5b8f-168bb8621231" executionId="b0fd180b-f76c-4087-9871-0fbeb507eb8b" testListId="8c84fa94-04c1-424b-9868-57a2d4851a1d" />
    <TestEntry testId="bfa1b3ee-d7a8-b11e-2134-8a3b879aa609" executionId="08e5c038-99a7-404d-8007-d8bc69dd95e8" testListId="8c84fa94-04c1-424b-9868-57a2d4851a1d" />
    <TestEntry testId="5c64f629-e66f-8e20-9c2d-0a7cb867d56d" executionId="205e9f7d-ad62-4cde-8597-6a15b2ab61d0" testListId="8c84fa94-04c1-424b-9868-57a2d4851a1d" />
    <TestEntry testId="45dd66f1-81ef-9e8c-d39f-69c657dd300a" executionId="a00e601b-8ac0-4418-ab6a-610eda0ad98d" testListId="8c84fa94-04c1-424b-9868-57a2d4851a1d" />
    <TestEntry testId="102bb5fe-d832-e7b4-1cec-260995c71130" executionId="e7f51e3b-87ab-4daa-ab92-a3bf6e80d65a" testListId="8c84fa94-04c1-424b-9868-57a2d4851a1d" />
    <TestEntry testId="9391af43-2aec-63c3-c456-eaf3d57ab573" executionId="4b782b6c-1c84-42ef-bb07-ca76881e887e" testListId="8c84fa94-04c1-424b-9868-57a2d4851a1d" />
    <TestEntry testId="fb7bf331-bde6-9156-c7eb-687415ce01f4" executionId="ecea2d09-57d9-4430-bad6-034996ae9018" testListId="8c84fa94-04c1-424b-9868-57a2d4851a1d" />
    <TestEntry testId="c21a2737-6b36-8691-5404-6629a58d4529" executionId="5e224fde-8a58-408d-8227-c6ba4720f88a" testListId="8c84fa94-04c1-424b-9868-57a2d4851a1d" />
    <TestEntry testId="0ced2539-ec58-b3a8-188d-e014bf456555" executionId="76938782-c6d1-4831-984b-2100a0530ace" testListId="8c84fa94-04c1-424b-9868-57a2d4851a1d" />
    <TestEntry testId="19a6af43-eb02-cc32-570b-ae7c8852f08e" executionId="2434619a-b31b-4416-9068-59ecf6fb7b95" testListId="8c84fa94-04c1-424b-9868-57a2d4851a1d" />
    <TestEntry testId="5d30b17d-1a70-2e78-f289-4e82f0d205e6" executionId="1c7fa649-3ed1-47af-9298-611964f01d3d" testListId="8c84fa94-04c1-424b-9868-57a2d4851a1d" />
    <TestEntry testId="8f93d79c-66e7-77f7-7d43-554a5055be47" executionId="9c6939a6-3501-418d-878e-60d689bc699d" testListId="8c84fa94-04c1-424b-9868-57a2d4851a1d" />
    <TestEntry testId="5b7cf016-7948-5d44-c172-ab04f16e1bd2" executionId="d4d3d482-8f1a-4413-9694-0a278f977dc9" testListId="8c84fa94-04c1-424b-9868-57a2d4851a1d" />
    <TestEntry testId="fa17089e-753f-5fa3-f3ed-36d704a8d2ac" executionId="c8c200f6-4d32-4896-898a-159d592c59d7" testListId="8c84fa94-04c1-424b-9868-57a2d4851a1d" />
    <TestEntry testId="33b7f528-129d-12a3-ccd2-fd1f055d858f" executionId="6acd0aad-12b7-4ba5-ae4b-d099226a99b8" testListId="8c84fa94-04c1-424b-9868-57a2d4851a1d" />
    <TestEntry testId="babff9b9-4ec4-5d0f-1835-e465e17600e6" executionId="a90bc522-5120-4127-9ff1-77a606745041" testListId="8c84fa94-04c1-424b-9868-57a2d4851a1d" />
    <TestEntry testId="9100d9e1-967e-296d-c07b-a43969fad121" executionId="6786237c-983b-4990-a9e9-d6180d8d5fc9" testListId="8c84fa94-04c1-424b-9868-57a2d4851a1d" />
    <TestEntry testId="53367b44-34c3-c14f-ebad-d28df1741450" executionId="9a515f6f-54ef-40ac-96dd-00822ce11913" testListId="8c84fa94-04c1-424b-9868-57a2d4851a1d" />
    <TestEntry testId="0d6018bc-c4c3-ac7c-618e-ae3024a5dbea" executionId="030462e2-bab9-4195-baae-2a26e4dfa72d" testListId="8c84fa94-04c1-424b-9868-57a2d4851a1d" />
    <TestEntry testId="f54965f2-1519-0721-6d19-cf1386c23793" executionId="6e3ec7e6-c298-496e-a38c-a0653facabdf" testListId="8c84fa94-04c1-424b-9868-57a2d4851a1d" />
    <TestEntry testId="86ad28ff-91bc-6dfc-4b29-d680c9d331eb" executionId="9a7cd2d7-f900-442a-9e4e-0dc5657aa98e" testListId="8c84fa94-04c1-424b-9868-57a2d4851a1d" />
    <TestEntry testId="3fa3f1d2-90bc-c93b-b647-8aef449b689a" executionId="272052ff-ddcd-48bb-9ec1-2c05c7fae454" testListId="8c84fa94-04c1-424b-9868-57a2d4851a1d" />
    <TestEntry testId="4e40923a-3f2f-ab14-66db-33f21753e6c1" executionId="6b68cc84-e3cb-4a20-ae02-d326e58b4aa5" testListId="8c84fa94-04c1-424b-9868-57a2d4851a1d" />
    <TestEntry testId="9fa4910a-439f-a7b3-42d7-59f8d60a9e4f" executionId="c205587e-cb8b-4ccc-b068-88faa4d14d99" testListId="8c84fa94-04c1-424b-9868-57a2d4851a1d" />
    <TestEntry testId="685331f6-0a25-8111-bb2a-37dce3d8d170" executionId="1c4762f0-f560-4a55-b678-eff407f23abd" testListId="8c84fa94-04c1-424b-9868-57a2d4851a1d" />
    <TestEntry testId="f4a097ad-04f4-9e9c-b96f-49eb0101bd6d" executionId="6692e65e-3ab0-46f4-aa07-85d66d1a1993" testListId="8c84fa94-04c1-424b-9868-57a2d4851a1d" />
    <TestEntry testId="a33a7227-7248-ce4e-bb18-77c33faa0f1a" executionId="799e898f-1dce-488e-9c36-9f02bc034f8e" testListId="8c84fa94-04c1-424b-9868-57a2d4851a1d" />
    <TestEntry testId="9dfbdafb-7dbf-f0e8-6265-547cdd24d00d" executionId="5040c02d-a7ee-49f7-a2a6-d65fbd95ca01" testListId="8c84fa94-04c1-424b-9868-57a2d4851a1d" />
    <TestEntry testId="caf33f47-4d9c-c378-9883-273199a79b1e" executionId="3e4994a5-dadb-4e8f-809b-27cd7d308a0f" testListId="8c84fa94-04c1-424b-9868-57a2d4851a1d" />
    <TestEntry testId="f7bc8584-126a-bce9-5286-d35d3ce59a28" executionId="68b8b665-c747-44de-ad3f-e86e32ecb577" testListId="8c84fa94-04c1-424b-9868-57a2d4851a1d" />
    <TestEntry testId="c28dd236-1525-1514-778a-3b6a96d19df1" executionId="81789575-4073-4680-9f10-7c61b8d17a01" testListId="8c84fa94-04c1-424b-9868-57a2d4851a1d" />
    <TestEntry testId="6c34d91a-3ccc-a88d-a525-6f3132726a55" executionId="ccc0b85c-ec73-4a0c-9293-860a5b212def" testListId="8c84fa94-04c1-424b-9868-57a2d4851a1d" />
    <TestEntry testId="466d7722-0345-718d-529e-85f31a949492" executionId="6f44416e-588b-40cb-9d04-32dae130f24a" testListId="8c84fa94-04c1-424b-9868-57a2d4851a1d" />
    <TestEntry testId="4608b597-f016-aaeb-6cec-43c6a698815f" executionId="f61d6b77-f706-412c-b318-855c531db552" testListId="8c84fa94-04c1-424b-9868-57a2d4851a1d" />
    <TestEntry testId="9be732dd-ee22-c2df-2aa3-eb082a5b0373" executionId="16b479f5-03c7-4e5c-b2e2-016ca97de497" testListId="8c84fa94-04c1-424b-9868-57a2d4851a1d" />
    <TestEntry testId="b5a6747d-aa6b-3b3a-779c-c378aea09cd8" executionId="158955db-52ae-442a-b9b6-708cd72b296d" testListId="8c84fa94-04c1-424b-9868-57a2d4851a1d" />
    <TestEntry testId="c7ef87e2-e6d0-89f1-fa1a-3a161b3248e2" executionId="290d9d4a-e488-48db-b172-75bb814bb6d0" testListId="8c84fa94-04c1-424b-9868-57a2d4851a1d" />
    <TestEntry testId="954162af-ab17-e8a9-4ff5-8c9d29069f15" executionId="3aa84ede-9e4d-4a13-babb-d458f626b053" testListId="8c84fa94-04c1-424b-9868-57a2d4851a1d" />
    <TestEntry testId="c34ab70e-c13b-c0d3-f6b8-6dc84da0bd17" executionId="285db2ca-33d6-4a38-a5de-644f91771759" testListId="8c84fa94-04c1-424b-9868-57a2d4851a1d" />
    <TestEntry testId="156f5ebd-8a60-46f3-8ac8-18455127849a" executionId="f2a277c1-e747-4acc-8400-fccbe06752b7" testListId="8c84fa94-04c1-424b-9868-57a2d4851a1d" />
    <TestEntry testId="d2be2dc8-81b6-46cb-cbba-3709ad4b1996" executionId="8738931a-475b-43e2-980c-5adecb4ac0cd" testListId="8c84fa94-04c1-424b-9868-57a2d4851a1d" />
    <TestEntry testId="761b6e00-61f3-b300-b2f5-8d5765381437" executionId="2a53ac86-b7ca-45ab-bd9b-8401eafbb8bd" testListId="8c84fa94-04c1-424b-9868-57a2d4851a1d" />
    <TestEntry testId="a188d29e-24f4-14f6-3109-f28ee9929456" executionId="461da198-e856-41c8-ba6a-2c6dda882e9e" testListId="8c84fa94-04c1-424b-9868-57a2d4851a1d" />
    <TestEntry testId="b16fb8e5-3fa9-845c-9c70-ee0c0d261e2c" executionId="a560dfab-5b06-45e5-b788-3d78b048cd91" testListId="8c84fa94-04c1-424b-9868-57a2d4851a1d" />
    <TestEntry testId="cae25fb7-b977-eb51-0588-bf026d38b145" executionId="f148609e-0029-4ef5-a032-4ed8145adf86" testListId="8c84fa94-04c1-424b-9868-57a2d4851a1d" />
    <TestEntry testId="502c40b3-55a9-ed63-c19a-b15f001d74e2" executionId="a5fdcb60-916f-4911-8332-db801036fa4d" testListId="8c84fa94-04c1-424b-9868-57a2d4851a1d" />
    <TestEntry testId="56913f03-b8f6-5435-d407-8c8e9508f433" executionId="e48e02c8-5e93-4d66-bcee-8831deb80b21" testListId="8c84fa94-04c1-424b-9868-57a2d4851a1d" />
    <TestEntry testId="4ef75591-ffb4-d566-94c9-bda5f50552b9" executionId="764a30ee-d372-4513-9f5a-2c00580342c5" testListId="8c84fa94-04c1-424b-9868-57a2d4851a1d" />
    <TestEntry testId="c4f09638-23b4-3d40-c0a4-ef63a006dba0" executionId="2f007e94-494b-4245-a5e0-59cf692c3c06" testListId="8c84fa94-04c1-424b-9868-57a2d4851a1d" />
    <TestEntry testId="da0fbf47-7a8c-b3ea-d30a-c0e3a737ca5d" executionId="57e555f5-e735-43a7-944c-e732239305ff" testListId="8c84fa94-04c1-424b-9868-57a2d4851a1d" />
    <TestEntry testId="6997fb4f-bee2-69ca-461b-7845f1fa191c" executionId="4a0f81cd-6335-48a7-bbce-c62b2947b4ab" testListId="8c84fa94-04c1-424b-9868-57a2d4851a1d" />
    <TestEntry testId="dc54e0bb-502b-6570-9584-a9f765f8122d" executionId="70bcd441-4e4c-4562-9656-284a52a24a40" testListId="8c84fa94-04c1-424b-9868-57a2d4851a1d" />
    <TestEntry testId="2f6b6911-3bf0-1f4d-b85f-0561bbc969cd" executionId="91df47c4-5f5b-47c9-8495-87f786aa1f51" testListId="8c84fa94-04c1-424b-9868-57a2d4851a1d" />
    <TestEntry testId="5322a6b6-b1d1-4276-7a98-26cc05377b71" executionId="f1375ab3-07c2-42ab-bf42-9dd8d92b2d18" testListId="8c84fa94-04c1-424b-9868-57a2d4851a1d" />
    <TestEntry testId="5a63d239-8af4-ff24-ef04-165e809fc0f0" executionId="1aebd04c-3051-433a-81b8-c4390555e340" testListId="8c84fa94-04c1-424b-9868-57a2d4851a1d" />
    <TestEntry testId="5ba87170-b4be-88ce-9658-2993ce18ab0a" executionId="89d72c86-9639-41b8-9b1a-e0ad9982b563" testListId="8c84fa94-04c1-424b-9868-57a2d4851a1d" />
    <TestEntry testId="37e53818-7fa5-17d7-012c-004f89325673" executionId="4cb1be1c-bac9-4a96-beec-61391c756b18" testListId="8c84fa94-04c1-424b-9868-57a2d4851a1d" />
    <TestEntry testId="900eea81-caf7-4e0f-b129-22c2df2135b0" executionId="7bf24aec-e9fc-4028-80f0-943c6989982f" testListId="8c84fa94-04c1-424b-9868-57a2d4851a1d" />
    <TestEntry testId="58e741bd-777c-df5d-d9c1-457b2c873d32" executionId="1dce3846-77e4-4368-af93-a14a8db45ec8" testListId="8c84fa94-04c1-424b-9868-57a2d4851a1d" />
    <TestEntry testId="459b3c16-63b4-fc77-bb08-22086969eb93" executionId="6e73477f-ac0f-44fb-8d84-f6deff6dca63" testListId="8c84fa94-04c1-424b-9868-57a2d4851a1d" />
    <TestEntry testId="3e5b1b26-ce6a-72cd-5d99-1c229fd90703" executionId="2190cd36-e2a0-4956-bf23-ca305633df12" testListId="8c84fa94-04c1-424b-9868-57a2d4851a1d" />
    <TestEntry testId="2732f008-e7e8-d754-7384-c116f008d613" executionId="7def6cf3-23b0-456e-b7a8-a369c3ab243e" testListId="8c84fa94-04c1-424b-9868-57a2d4851a1d" />
    <TestEntry testId="369e9363-5592-8231-38fe-e3c32cfca4c4" executionId="87d56941-547c-4088-9e4f-a6da40e16a26" testListId="8c84fa94-04c1-424b-9868-57a2d4851a1d" />
    <TestEntry testId="4c71192e-43b4-c49c-e53a-9e4a0adf6b7e" executionId="6437e8de-0b5d-4d77-a8cb-47c62ebab0fb" testListId="8c84fa94-04c1-424b-9868-57a2d4851a1d" />
    <TestEntry testId="3b212d04-f6e8-ace9-1475-1632b0249f80" executionId="fa2c7f4e-372a-41ed-8695-495b7aa6c005" testListId="8c84fa94-04c1-424b-9868-57a2d4851a1d" />
    <TestEntry testId="6b6f1069-86c1-e08a-6926-d89a012b7b47" executionId="feeb28db-fa3b-4eed-9e94-941be0bca58f" testListId="8c84fa94-04c1-424b-9868-57a2d4851a1d" />
    <TestEntry testId="c8c9567a-0791-4ff6-39a0-7fa2a22ff301" executionId="7a1d7248-8cc8-4312-a69c-f72a7bb2802c" testListId="8c84fa94-04c1-424b-9868-57a2d4851a1d" />
    <TestEntry testId="5df2cee8-1205-20ca-1995-6e5120b53d1e" executionId="f8abe8d2-c314-4281-9454-c5414afce8af" testListId="8c84fa94-04c1-424b-9868-57a2d4851a1d" />
    <TestEntry testId="71259de5-a991-d68a-74b6-6304befba6d8" executionId="b5f8b225-c151-4713-b970-3108f9a0e5e5" testListId="8c84fa94-04c1-424b-9868-57a2d4851a1d" />
    <TestEntry testId="419d247e-1033-df66-fcc5-471a4ec8f5e3" executionId="75344522-b1e2-4143-a436-34ecac1fd312" testListId="8c84fa94-04c1-424b-9868-57a2d4851a1d" />
    <TestEntry testId="5de12653-1f5a-24cb-5ff2-99601694fb1f" executionId="c4b18edc-793f-4bb1-8dc1-ee363187c493" testListId="8c84fa94-04c1-424b-9868-57a2d4851a1d" />
    <TestEntry testId="f7288d33-e820-d388-23d4-39d2a5548f52" executionId="a78d82fd-aca9-4605-8078-6586ab9e92f0" testListId="8c84fa94-04c1-424b-9868-57a2d4851a1d" />
    <TestEntry testId="9b9cb762-c5b9-fbcf-33f7-2ca2d3e98b42" executionId="426b88b1-242c-4ec9-9bb4-98713883e091" testListId="8c84fa94-04c1-424b-9868-57a2d4851a1d" />
    <TestEntry testId="19ecf0ec-9a79-ad70-9475-fee54b9d8614" executionId="1b6eede3-53c9-4008-a56d-ba2ec4488834" testListId="8c84fa94-04c1-424b-9868-57a2d4851a1d" />
    <TestEntry testId="e0c34032-6c79-2d9c-b6af-6955c63a9e30" executionId="b896f8ec-63d7-4263-983d-54e992200e4e" testListId="8c84fa94-04c1-424b-9868-57a2d4851a1d" />
    <TestEntry testId="c25f3e77-3d72-0513-001e-286d17e294f3" executionId="c7ed5a85-3d57-4ba6-b47f-062ab1059406" testListId="8c84fa94-04c1-424b-9868-57a2d4851a1d" />
    <TestEntry testId="f5820c79-9491-c601-5f6f-2c9537d33353" executionId="a8050ae7-ccf3-4c2d-b234-f3ba6a91231d" testListId="8c84fa94-04c1-424b-9868-57a2d4851a1d" />
    <TestEntry testId="9634b23e-736b-8d03-4e65-5819fb03baa5" executionId="ca98b4fa-a0e0-4eff-8dc1-3c78c7d3d03d" testListId="8c84fa94-04c1-424b-9868-57a2d4851a1d" />
    <TestEntry testId="bafd99e7-ca41-5985-0fa2-b8c4e8f1fc8c" executionId="7a0cedc4-4de3-42c0-8206-8c9a31dfecd0" testListId="8c84fa94-04c1-424b-9868-57a2d4851a1d" />
    <TestEntry testId="ecb76390-c6f7-bfa0-1a99-45634c606ddc" executionId="192d0fae-505e-4632-be3a-8860745b0b20" testListId="8c84fa94-04c1-424b-9868-57a2d4851a1d" />
    <TestEntry testId="c3b1d717-2998-1634-887e-572d42236e5b" executionId="36b24937-f56a-4a2d-9858-915bf8329157" testListId="8c84fa94-04c1-424b-9868-57a2d4851a1d" />
    <TestEntry testId="0e945364-42c0-3773-924e-a8c9f3ec6d3e" executionId="8eb0a86f-de0f-4cba-b020-1d028d4fcd6e" testListId="8c84fa94-04c1-424b-9868-57a2d4851a1d" />
    <TestEntry testId="546c163e-77dd-f570-5b52-f67af946e3b9" executionId="c8c092c9-0160-47c4-9786-6bafc9b97eb1" testListId="8c84fa94-04c1-424b-9868-57a2d4851a1d" />
    <TestEntry testId="e31c0c60-96f3-c3fc-f48c-6d389a7185de" executionId="62237707-d461-49b0-bfb8-e6f338bdc533" testListId="8c84fa94-04c1-424b-9868-57a2d4851a1d" />
    <TestEntry testId="e6ca1d81-dcf2-fd0d-938d-c5551a71b09d" executionId="ce1fc7f4-0df8-4008-a382-99ede92c5d08" testListId="8c84fa94-04c1-424b-9868-57a2d4851a1d" />
    <TestEntry testId="ad936791-3884-bcd2-a8bf-cc0980504588" executionId="74b867ee-3973-4748-b9a0-675d39653d84" testListId="8c84fa94-04c1-424b-9868-57a2d4851a1d" />
    <TestEntry testId="650f8125-7e62-0be3-dcfc-dc1202eb9625" executionId="3c01cd13-e6c7-4195-89c2-649ca0ced36b" testListId="8c84fa94-04c1-424b-9868-57a2d4851a1d" />
    <TestEntry testId="c5e43cdb-d4c3-3c40-9593-aad9b5ca8f95" executionId="982234a9-f87f-4193-8f88-f6123584823f" testListId="8c84fa94-04c1-424b-9868-57a2d4851a1d" />
    <TestEntry testId="9087d096-82b4-2271-94ec-73730ed51c23" executionId="9646daa0-a4bc-409b-800d-fa41b9be7754" testListId="8c84fa94-04c1-424b-9868-57a2d4851a1d" />
    <TestEntry testId="fe096e9a-696b-0373-a92c-3a2e57b850e7" executionId="30932a86-4cba-4c42-8bce-da7362851afc" testListId="8c84fa94-04c1-424b-9868-57a2d4851a1d" />
    <TestEntry testId="7f9e1a03-9e41-8ac9-4d40-38aecad4670f" executionId="ebc618d6-8f72-49d9-9a01-8ec2d5baa813" testListId="8c84fa94-04c1-424b-9868-57a2d4851a1d" />
    <TestEntry testId="1986b1a1-c98c-3d3a-7942-85a1e1c43315" executionId="5a445830-5059-469d-91bf-72b3e5db0d69" testListId="8c84fa94-04c1-424b-9868-57a2d4851a1d" />
    <TestEntry testId="f284fcd5-95ba-5e4a-ef58-143a466ff941" executionId="7f582c10-9b4b-4b29-b339-ee3872297a77" testListId="8c84fa94-04c1-424b-9868-57a2d4851a1d" />
    <TestEntry testId="e8ec7e81-c75e-50ea-5d4f-c58eeb7d8270" executionId="3fd86ed1-1e5b-45b4-a544-f72325cd6e83" testListId="8c84fa94-04c1-424b-9868-57a2d4851a1d" />
    <TestEntry testId="217b46ae-53e4-8868-0968-60de7a74b62a" executionId="dd5ae56e-ab1d-44d8-9d1d-d2b4ebeb1a76" testListId="8c84fa94-04c1-424b-9868-57a2d4851a1d" />
    <TestEntry testId="e9257337-b714-27d4-32a8-94e3008408f8" executionId="dcfb898c-df4f-4294-ab95-8565ec495e7f" testListId="8c84fa94-04c1-424b-9868-57a2d4851a1d" />
    <TestEntry testId="d6ef55e8-c5e6-5de1-49ad-15c2ce305191" executionId="01ff42be-1db0-4898-8108-06676236f0d4" testListId="8c84fa94-04c1-424b-9868-57a2d4851a1d" />
    <TestEntry testId="ee3ad499-d226-2821-3efe-49a57729a899" executionId="e32c2b04-a82b-4f2c-8a9f-ff2dbe7c4897" testListId="8c84fa94-04c1-424b-9868-57a2d4851a1d" />
    <TestEntry testId="297d2ce6-e7ea-8d5e-9134-2d6e61b4337c" executionId="552019da-d8a0-435f-b862-f59e57102836" testListId="8c84fa94-04c1-424b-9868-57a2d4851a1d" />
    <TestEntry testId="235eb381-d2e3-8caa-5888-040fb729169a" executionId="90b5ea30-e61e-433c-a7af-b71085597d8c" testListId="8c84fa94-04c1-424b-9868-57a2d4851a1d" />
    <TestEntry testId="67b93cbf-4a61-71bd-d4ce-d603f3c3b311" executionId="269d6091-8584-481a-860f-8de7efed16e5" testListId="8c84fa94-04c1-424b-9868-57a2d4851a1d" />
    <TestEntry testId="c2e7dabf-153e-40d2-4e35-e0a4cdae5b80" executionId="94d1517f-c3e4-4ee7-baa9-bc0fe4f15561" testListId="8c84fa94-04c1-424b-9868-57a2d4851a1d" />
    <TestEntry testId="0d82bc84-08a9-ffda-b09d-d44b4e74eec6" executionId="dbe35582-1738-4dc9-b3f5-81b3b7e3b2f7" testListId="8c84fa94-04c1-424b-9868-57a2d4851a1d" />
    <TestEntry testId="2151d041-2bc8-f3a7-2b84-0e6fe76ff3f0" executionId="f585e0a9-1a5a-49c3-913d-e7c4bd176f7c" testListId="8c84fa94-04c1-424b-9868-57a2d4851a1d" />
    <TestEntry testId="59fa5d82-f5a4-cb1c-ec41-0422b5d07418" executionId="797b4d83-5f72-4ab8-b283-8cc82d35eaf1" testListId="8c84fa94-04c1-424b-9868-57a2d4851a1d" />
    <TestEntry testId="1ede13b3-cc3c-b767-91a3-9e4f793d1dd5" executionId="dc36f88f-5522-4056-907e-2eaae1ecac5b" testListId="8c84fa94-04c1-424b-9868-57a2d4851a1d" />
    <TestEntry testId="21bbacc0-ff4d-ad67-a90f-e4f994353077" executionId="5163fc88-5634-4009-9c95-fe876b46ec2b" testListId="8c84fa94-04c1-424b-9868-57a2d4851a1d" />
    <TestEntry testId="7e29f92d-fa8b-6742-a856-fa32047034c5" executionId="0b4228e7-1024-4be7-bfd3-0bbee6d8c94b" testListId="8c84fa94-04c1-424b-9868-57a2d4851a1d" />
    <TestEntry testId="be9ca199-100c-7487-211b-359c6f85feb5" executionId="e66c28b9-a371-479c-8b48-6ad351c39951" testListId="8c84fa94-04c1-424b-9868-57a2d4851a1d" />
    <TestEntry testId="b93fddec-5e00-a1c1-fc16-4882d018fd04" executionId="5c2ce614-befa-4e7c-8043-45f5a5e1da16" testListId="8c84fa94-04c1-424b-9868-57a2d4851a1d" />
    <TestEntry testId="a116b226-3d55-2529-864d-5e970bf42be4" executionId="defe1eac-6168-4a68-94e5-009cdaf7f477" testListId="8c84fa94-04c1-424b-9868-57a2d4851a1d" />
    <TestEntry testId="2194158b-3f8a-54e0-368a-945d72c0c309" executionId="58dd1c6a-6ef7-4d4f-9e53-e52786d5063a" testListId="8c84fa94-04c1-424b-9868-57a2d4851a1d" />
    <TestEntry testId="e6ee2e42-d693-5a92-34f3-83564b601337" executionId="b73d3216-b2ee-40b4-ba75-ee029c61ef31" testListId="8c84fa94-04c1-424b-9868-57a2d4851a1d" />
    <TestEntry testId="e6b4d3a2-a83c-419f-8b42-b631077ac8fc" executionId="e994ec77-d58f-427e-98d5-f9a84c5f24b3" testListId="8c84fa94-04c1-424b-9868-57a2d4851a1d" />
    <TestEntry testId="28d201d7-5353-764b-c109-520fc030be51" executionId="1721d0d2-b365-4692-844a-f6c061f8d26f" testListId="8c84fa94-04c1-424b-9868-57a2d4851a1d" />
    <TestEntry testId="584d2955-8662-50b8-9c7a-cb8a910d527d" executionId="ca891760-cb4b-4588-8347-6ce5630eb4d7" testListId="8c84fa94-04c1-424b-9868-57a2d4851a1d" />
    <TestEntry testId="48499d12-acd9-8513-1f00-a2b49278b2fc" executionId="d9d2546d-eccb-4daf-af8e-06925137af0a" testListId="8c84fa94-04c1-424b-9868-57a2d4851a1d" />
    <TestEntry testId="56eb6a9f-6cb4-2abe-d7ee-7e044f42c842" executionId="015559e2-1605-4342-9c38-bc275bca9280" testListId="8c84fa94-04c1-424b-9868-57a2d4851a1d" />
    <TestEntry testId="a309af81-dde2-6e24-4ef5-234d753b7352" executionId="be011d29-7547-4e7e-961e-64ec06e23075" testListId="8c84fa94-04c1-424b-9868-57a2d4851a1d" />
    <TestEntry testId="783752e7-0a8e-7713-0dfb-eb72f3fc27d6" executionId="730e2381-446d-4481-a2e6-1ecfe8925368" testListId="8c84fa94-04c1-424b-9868-57a2d4851a1d" />
    <TestEntry testId="c9fc2c85-cd6b-22aa-0e63-9afbfb8c152b" executionId="fe68d1d9-1be4-4f69-ba3b-b7c80f8894f3" testListId="8c84fa94-04c1-424b-9868-57a2d4851a1d" />
    <TestEntry testId="cbab0896-310f-9613-16bf-ed68cf4f09cd" executionId="975c3d8a-89eb-4e8c-97ea-ec2fea85b463" testListId="8c84fa94-04c1-424b-9868-57a2d4851a1d" />
    <TestEntry testId="ff67ffea-ea63-9682-e246-a48f70d1fb56" executionId="2aa7e779-36c4-43ee-868d-23764c1baa23" testListId="8c84fa94-04c1-424b-9868-57a2d4851a1d" />
    <TestEntry testId="ddbbee19-86a9-bc74-0664-4f6fa63796df" executionId="c2d5a447-91ba-4230-926e-3f36e5b317f8" testListId="8c84fa94-04c1-424b-9868-57a2d4851a1d" />
    <TestEntry testId="6bf29abc-b7d1-2681-6ab5-01a37d1208f2" executionId="ea772d7a-902a-48f1-a56e-8ee6c26b9968" testListId="8c84fa94-04c1-424b-9868-57a2d4851a1d" />
    <TestEntry testId="aa0b789a-9fae-e4e5-e891-6c71af0ebd35" executionId="6673f52a-d808-4daa-9710-089e89a91604" testListId="8c84fa94-04c1-424b-9868-57a2d4851a1d" />
    <TestEntry testId="2bdae34b-74e4-b57e-0c4e-9f8a61c91aa5" executionId="5829acff-b446-4c9a-9514-39d1fc9b189d" testListId="8c84fa94-04c1-424b-9868-57a2d4851a1d" />
    <TestEntry testId="9e92a3ef-f628-77f3-597e-ab6211795c33" executionId="44c3416f-55d3-4a97-b610-b3ac6e5e32a2" testListId="8c84fa94-04c1-424b-9868-57a2d4851a1d" />
    <TestEntry testId="be135b72-4539-0e97-74d0-b204a763297e" executionId="06c7ce03-3723-4d85-829e-1c7eb711556c" testListId="8c84fa94-04c1-424b-9868-57a2d4851a1d" />
    <TestEntry testId="64486b5c-a699-4a15-d908-73d103db26bc" executionId="e34b81e6-bc55-40c9-b1e6-d1fd7f6c38a8" testListId="8c84fa94-04c1-424b-9868-57a2d4851a1d" />
    <TestEntry testId="28d8e856-ac6b-165d-f269-4ec7d560f09b" executionId="7cbf37bd-b074-4498-b5f9-a8b4ed6c8f46" testListId="8c84fa94-04c1-424b-9868-57a2d4851a1d" />
    <TestEntry testId="888f3232-385d-d83f-1eb6-9a6c46cfe5c3" executionId="8b6ac62d-e640-42ca-a04a-6c21e30adb07" testListId="8c84fa94-04c1-424b-9868-57a2d4851a1d" />
    <TestEntry testId="f6a49bae-16a9-096b-f816-1c54e1a6b8b7" executionId="262b0c1b-a22d-4d07-9446-639f15b526ce" testListId="8c84fa94-04c1-424b-9868-57a2d4851a1d" />
    <TestEntry testId="1dbbe335-bc13-7d9d-496f-d39e25173610" executionId="83b1da27-7a51-45ac-b34b-7839f89afeec" testListId="8c84fa94-04c1-424b-9868-57a2d4851a1d" />
    <TestEntry testId="5c957f35-8133-124f-9f1e-c78d4730fe22" executionId="b1925447-17bf-4935-b743-3b92b98da794" testListId="8c84fa94-04c1-424b-9868-57a2d4851a1d" />
    <TestEntry testId="d87ccf8e-ab46-94a5-7597-e2ef80212732" executionId="fb47b1a4-48e2-4790-9f8b-dd678707c1e3" testListId="8c84fa94-04c1-424b-9868-57a2d4851a1d" />
    <TestEntry testId="632872cf-9e7c-9970-9f88-5a4077b29ff5" executionId="daeb4a03-6dfb-43ce-bbd6-ee748bc2bdbf" testListId="8c84fa94-04c1-424b-9868-57a2d4851a1d" />
    <TestEntry testId="33f34022-0429-d841-2008-e35fc72eef53" executionId="575efba0-0598-47a0-a9e3-9703864af5f9" testListId="8c84fa94-04c1-424b-9868-57a2d4851a1d" />
    <TestEntry testId="e641957d-86a3-9c73-8dcf-f9374b4233e0" executionId="6243030b-3bbf-4a7a-a334-5b5ebb2e9e26" testListId="8c84fa94-04c1-424b-9868-57a2d4851a1d" />
    <TestEntry testId="612eaa65-a60d-5727-69a2-576580c27858" executionId="06f71a3e-c33a-4d3e-854b-2afc6562b211" testListId="8c84fa94-04c1-424b-9868-57a2d4851a1d" />
    <TestEntry testId="4d3fe7e4-2bde-cfc0-5403-0728b7dde62a" executionId="6e8d8eff-7f9b-47aa-b299-99fb4ac88148" testListId="8c84fa94-04c1-424b-9868-57a2d4851a1d" />
    <TestEntry testId="8034b7ee-c5e3-314c-6310-8984871301b7" executionId="5d6c6ba7-d878-41d0-9378-d6ef4efd74d7" testListId="8c84fa94-04c1-424b-9868-57a2d4851a1d" />
    <TestEntry testId="8027e5d6-d435-5a0d-d99c-2d9218dccb7e" executionId="79c6780a-df82-43d6-9671-ae28c2fff32a" testListId="8c84fa94-04c1-424b-9868-57a2d4851a1d" />
    <TestEntry testId="f45cbb0f-431c-8958-4b27-e85aa47cbe41" executionId="7e09cffd-3f95-4b11-939d-580e98581f3d" testListId="8c84fa94-04c1-424b-9868-57a2d4851a1d" />
    <TestEntry testId="578b5b4c-08d1-6f2c-3cf8-070bb75c9b96" executionId="5bab6fe7-d770-49e1-a0df-46e31870b544" testListId="8c84fa94-04c1-424b-9868-57a2d4851a1d" />
    <TestEntry testId="a1a708d6-4e5d-1cbd-caa6-7047836e6788" executionId="ac18b55f-8f72-4220-bb44-211f6cc127df" testListId="8c84fa94-04c1-424b-9868-57a2d4851a1d" />
    <TestEntry testId="f015f451-5073-33ab-39c2-17ab900bf337" executionId="6474f3b5-5ac0-45a6-93ce-88d419face54" testListId="8c84fa94-04c1-424b-9868-57a2d4851a1d" />
    <TestEntry testId="c74f6017-9eb9-5854-4b62-c26b4cabe787" executionId="5c2d79a6-30ff-43cd-a748-8b8e0ade9a0b" testListId="8c84fa94-04c1-424b-9868-57a2d4851a1d" />
    <TestEntry testId="48c41a45-a694-6e7a-7100-4b0ce75fbb19" executionId="2bbc382a-4b58-44b1-a08f-b8712cb388ad" testListId="8c84fa94-04c1-424b-9868-57a2d4851a1d" />
    <TestEntry testId="170260b6-6610-99a8-adfb-d2dcbd80a40f" executionId="a7a4f2bc-91e2-4202-bb53-1527edd90868" testListId="8c84fa94-04c1-424b-9868-57a2d4851a1d" />
    <TestEntry testId="40be92cf-d13e-6e4d-cafb-3ad22a6b9f7e" executionId="e00f5b3c-ddc5-4ada-93f6-4982ebdf8ba1" testListId="8c84fa94-04c1-424b-9868-57a2d4851a1d" />
    <TestEntry testId="f7ba8e86-cb66-6ef4-d1cf-87def896d05b" executionId="3b43d930-84b2-4acf-8193-2971ff0148d1" testListId="8c84fa94-04c1-424b-9868-57a2d4851a1d" />
    <TestEntry testId="73d2aaa8-ac83-ede5-fed4-5dcf1194783f" executionId="d50cf654-06ac-464a-a390-0ac9c899d551" testListId="8c84fa94-04c1-424b-9868-57a2d4851a1d" />
    <TestEntry testId="f96cba70-db37-0f83-9cd0-465945a7184e" executionId="0177dba7-272a-4b84-b356-3a188333e6d4" testListId="8c84fa94-04c1-424b-9868-57a2d4851a1d" />
    <TestEntry testId="3172308c-0e5e-05a2-a398-90977e0ab705" executionId="3c455710-8607-48d4-9321-02a199c52937" testListId="8c84fa94-04c1-424b-9868-57a2d4851a1d" />
    <TestEntry testId="d4f3c378-b93a-d1d1-d97b-d57a65cd57e1" executionId="7365d8d3-63e2-40fb-8b44-84188fc87d01" testListId="8c84fa94-04c1-424b-9868-57a2d4851a1d" />
    <TestEntry testId="c1399a21-a8d4-fd2f-1879-d9e50a5fe1b4" executionId="7e1db8fa-b3fe-4ba7-b67a-3111cdf0e8af" testListId="8c84fa94-04c1-424b-9868-57a2d4851a1d" />
    <TestEntry testId="df465776-c4f6-f76e-1fec-b3cfe705b591" executionId="7b36fe27-27fc-49c6-9e6e-c07a24bf488d" testListId="8c84fa94-04c1-424b-9868-57a2d4851a1d" />
    <TestEntry testId="2ed2cd1c-632f-e0d9-b2af-c3d4c17fd7b1" executionId="0c1ada30-d869-422d-bff9-a813f943e7e3" testListId="8c84fa94-04c1-424b-9868-57a2d4851a1d" />
    <TestEntry testId="2a896644-50d0-a8ac-de47-7ac4676c290e" executionId="e4e724b4-5f3f-481d-909c-d2b02917b9b9" testListId="8c84fa94-04c1-424b-9868-57a2d4851a1d" />
    <TestEntry testId="eca8de8b-49e2-07c6-8662-27843e169d09" executionId="ed22ec48-460d-4e4c-8c55-2abd7921b00c" testListId="8c84fa94-04c1-424b-9868-57a2d4851a1d" />
    <TestEntry testId="4f6b94b9-8c0a-f905-af50-086f7c071ad9" executionId="138ea944-2079-46e0-b942-0167d9d2168d" testListId="8c84fa94-04c1-424b-9868-57a2d4851a1d" />
    <TestEntry testId="bc63b05b-4f30-8c10-7b75-77e26fb38256" executionId="0822fa77-9a6d-49fc-92a3-43cc940135f7" testListId="8c84fa94-04c1-424b-9868-57a2d4851a1d" />
    <TestEntry testId="a8f82c34-f413-0466-fc76-669da2c23141" executionId="ec3570d4-a0ed-4153-b046-087c3c60104f" testListId="8c84fa94-04c1-424b-9868-57a2d4851a1d" />
    <TestEntry testId="83d8e74c-5bbb-efb0-37a0-7aa4cf469b8b" executionId="0cd8b5e1-6952-4c93-97e2-d3c9e828652f" testListId="8c84fa94-04c1-424b-9868-57a2d4851a1d" />
    <TestEntry testId="0739d753-ed0a-2224-af37-24f0fcbbbd00" executionId="9928d4e9-bd01-4773-8b17-1d9c19f7915d" testListId="8c84fa94-04c1-424b-9868-57a2d4851a1d" />
    <TestEntry testId="b7f26b3d-6733-f07e-6f15-9b6ddb83ad50" executionId="0dbefe61-2de6-4a49-9075-c464a1affda8" testListId="8c84fa94-04c1-424b-9868-57a2d4851a1d" />
    <TestEntry testId="7c3ffa01-e97c-2ed2-ce73-5d584269f0e2" executionId="d4ae03c3-ec9b-4d13-a00d-ed1384773960" testListId="8c84fa94-04c1-424b-9868-57a2d4851a1d" />
    <TestEntry testId="92bde5bc-af9c-6dbe-10ea-7012e494fcd9" executionId="5dc5e8ee-0fd5-45f3-9e74-9fd6d58501e0" testListId="8c84fa94-04c1-424b-9868-57a2d4851a1d" />
    <TestEntry testId="a79fd14a-da4c-bcf0-0f87-a480851cd28d" executionId="7df23cc5-af4f-43b3-a8d6-d536ce6a9b5a" testListId="8c84fa94-04c1-424b-9868-57a2d4851a1d" />
    <TestEntry testId="1a5071af-adad-5910-41be-cb866364cc7d" executionId="897e37d3-deb7-4715-ba4e-19709484835a" testListId="8c84fa94-04c1-424b-9868-57a2d4851a1d" />
    <TestEntry testId="814b2061-14f5-c810-0eca-e8431104105a" executionId="93654de1-5860-4ea6-b87b-c81057c1f561" testListId="8c84fa94-04c1-424b-9868-57a2d4851a1d" />
    <TestEntry testId="fd35a08c-5b95-7a8f-b139-85a90dbcf98e" executionId="0cb964a5-cf75-4636-aa00-eb377c08ad97" testListId="8c84fa94-04c1-424b-9868-57a2d4851a1d" />
    <TestEntry testId="2253269e-957f-9bba-378c-fb3e844bd0a1" executionId="4f67e3a8-37ee-4490-a83c-9ccc345dd0ea" testListId="8c84fa94-04c1-424b-9868-57a2d4851a1d" />
    <TestEntry testId="61863f63-9d64-1d88-3d10-ad0f63ed338b" executionId="2fd2034a-2dd2-48c6-bb89-bb808736a5df" testListId="8c84fa94-04c1-424b-9868-57a2d4851a1d" />
    <TestEntry testId="5313f3e0-d68f-8127-ba85-18b29352fdf0" executionId="90dac629-d3a3-4e3c-9b00-69fef47be54b" testListId="8c84fa94-04c1-424b-9868-57a2d4851a1d" />
    <TestEntry testId="ddfa2a9a-e29a-9dfc-0603-2fa2e9e89c67" executionId="985b0f9c-638e-4e9b-85cc-32c47d89bf7d" testListId="8c84fa94-04c1-424b-9868-57a2d4851a1d" />
    <TestEntry testId="5b94edbf-3c78-7105-4ec5-f34d39e55c58" executionId="27cac2eb-9c8a-41bc-a9f8-3fba81fe2e29" testListId="8c84fa94-04c1-424b-9868-57a2d4851a1d" />
    <TestEntry testId="c5aa0d75-50a2-309f-29ef-6a7a3d1053ab" executionId="90014828-5e2a-496d-9b23-ecf19a7e5e5d" testListId="8c84fa94-04c1-424b-9868-57a2d4851a1d" />
    <TestEntry testId="302cac3a-acd8-63e7-21fb-e5689524a492" executionId="1690db00-26d6-4f03-89f6-02c154f5d086" testListId="8c84fa94-04c1-424b-9868-57a2d4851a1d" />
    <TestEntry testId="0d6a7c9f-244c-8d08-98f4-afd58838a2c2" executionId="f09f4b61-cf9d-47c6-935f-f799526ccbee" testListId="8c84fa94-04c1-424b-9868-57a2d4851a1d" />
    <TestEntry testId="a3a08850-4a93-c030-f4e2-fdffe7d8b320" executionId="7f1b099d-e1be-4610-892d-55144a7fa303" testListId="8c84fa94-04c1-424b-9868-57a2d4851a1d" />
    <TestEntry testId="38f897eb-957e-6945-e8b5-f2e873b7ac17" executionId="3d49903c-f00f-4929-903e-aa55713880f7" testListId="8c84fa94-04c1-424b-9868-57a2d4851a1d" />
    <TestEntry testId="13335374-86bb-3ff8-d28a-bd89dc7f02ec" executionId="8a9b53ee-e71e-4c03-bfcd-22198bfbedaf" testListId="8c84fa94-04c1-424b-9868-57a2d4851a1d" />
    <TestEntry testId="61bdea90-2716-ebd5-11fe-1f07a5d80915" executionId="e421dd78-5a5f-450b-ae45-12ce6d91b0ee" testListId="8c84fa94-04c1-424b-9868-57a2d4851a1d" />
    <TestEntry testId="1462a569-77b7-fa7d-0148-09ce9f2428e8" executionId="6f32c018-1172-499e-b7a2-d32e53539688" testListId="8c84fa94-04c1-424b-9868-57a2d4851a1d" />
    <TestEntry testId="1385f442-8d64-2443-1088-0b70bf667165" executionId="03878c84-47aa-4543-9514-f8db21dcc03f" testListId="8c84fa94-04c1-424b-9868-57a2d4851a1d" />
    <TestEntry testId="5a93f8c6-dddb-38ff-5f2b-b7e5cc3ddb6a" executionId="b86d2753-9c73-4f78-8138-f86e30d9fce4" testListId="8c84fa94-04c1-424b-9868-57a2d4851a1d" />
    <TestEntry testId="8f3ac04b-f653-5459-90af-f61d3689f759" executionId="d1cff2ba-2d46-40b2-a449-4736bc6f919a" testListId="8c84fa94-04c1-424b-9868-57a2d4851a1d" />
    <TestEntry testId="abb4aad3-77db-7359-08fe-5197066f13be" executionId="51b48159-0cd0-4d2f-8527-11617b9e4cb3" testListId="8c84fa94-04c1-424b-9868-57a2d4851a1d" />
    <TestEntry testId="1006d1f0-5b29-3f16-0e5d-80a2a40c26e6" executionId="3524bcb8-be37-4ec2-b155-ddb8fec1211b" testListId="8c84fa94-04c1-424b-9868-57a2d4851a1d" />
    <TestEntry testId="d907dab2-a0b3-0153-e7e4-4d342798a47e" executionId="6af49680-5fb8-4386-8c68-92017851eebf" testListId="8c84fa94-04c1-424b-9868-57a2d4851a1d" />
    <TestEntry testId="a5736665-a659-170c-f088-df8850eec8a7" executionId="480df5fe-4a0a-41bc-bd54-2b2247806b22" testListId="8c84fa94-04c1-424b-9868-57a2d4851a1d" />
    <TestEntry testId="c6cb5829-9900-78b4-ad40-ce24294fb2f7" executionId="1ab646c1-11be-42ce-89c4-7ca0b239847d" testListId="8c84fa94-04c1-424b-9868-57a2d4851a1d" />
    <TestEntry testId="836d8767-01df-4e15-8567-247721a23e4e" executionId="d34cf20b-ad2c-4bc2-b544-0c666282771c" testListId="8c84fa94-04c1-424b-9868-57a2d4851a1d" />
    <TestEntry testId="92748693-9b58-d8e3-eb5b-22d11e2e9e9d" executionId="55053446-0509-46c4-b8c3-261042db42c5" testListId="8c84fa94-04c1-424b-9868-57a2d4851a1d" />
    <TestEntry testId="dbb67156-6168-60a5-400a-6afe6eb000f2" executionId="612ebed8-788d-48a0-ba9e-3f0f5ce636f1" testListId="8c84fa94-04c1-424b-9868-57a2d4851a1d" />
    <TestEntry testId="3fa92d95-7719-c247-fd7d-28cef4c98170" executionId="2206d71d-20c8-4773-9bb3-b45ffcd64a19" testListId="8c84fa94-04c1-424b-9868-57a2d4851a1d" />
    <TestEntry testId="04661d81-bbef-c82f-71cf-dda291897ead" executionId="33c5cdbe-02b6-4ba2-aac1-e4f1611354a5" testListId="8c84fa94-04c1-424b-9868-57a2d4851a1d" />
    <TestEntry testId="594ca00d-02cf-07de-ca25-0d701d72a0a6" executionId="f6d47877-3c21-4ebe-87ef-0566f1d759cb" testListId="8c84fa94-04c1-424b-9868-57a2d4851a1d" />
    <TestEntry testId="1079d268-49d6-f18c-d495-58b580aae9dc" executionId="53655c0d-bea3-44e9-a1a9-3e907eeb9840" testListId="8c84fa94-04c1-424b-9868-57a2d4851a1d" />
    <TestEntry testId="0eb2cf4b-202a-2f21-374f-50b4b3adc607" executionId="a5f86b46-674c-4779-9ddc-9995a597db7c" testListId="8c84fa94-04c1-424b-9868-57a2d4851a1d" />
    <TestEntry testId="20029a95-caa6-71d7-8434-4467fe9b8732" executionId="6d4cc0c5-cb60-48ed-9037-2cbbe03e2d78" testListId="8c84fa94-04c1-424b-9868-57a2d4851a1d" />
    <TestEntry testId="4b9288d3-23bb-6d5e-ced0-2389f5e0b638" executionId="733fe217-c341-411e-9121-722626b75430" testListId="8c84fa94-04c1-424b-9868-57a2d4851a1d" />
    <TestEntry testId="45e7282a-ab42-966d-c9cc-b039211e5621" executionId="744af92d-3edf-4368-a71c-4d2c47ebddb0" testListId="8c84fa94-04c1-424b-9868-57a2d4851a1d" />
    <TestEntry testId="12d96651-40d0-5499-9770-bf08435d63fc" executionId="60ef5304-29eb-43c7-af41-b6201a1206b4" testListId="8c84fa94-04c1-424b-9868-57a2d4851a1d" />
    <TestEntry testId="1e915730-ab57-9b1e-994b-24cc1c98dc55" executionId="5f563f0f-a47e-4d1d-a77e-8ee7f550af04" testListId="8c84fa94-04c1-424b-9868-57a2d4851a1d" />
    <TestEntry testId="4d07a1bc-a8d9-c223-fb28-a20fa9ce459f" executionId="19d67b4c-444b-46dc-bc3e-b5245bfdd8ee" testListId="8c84fa94-04c1-424b-9868-57a2d4851a1d" />
    <TestEntry testId="7848596b-c8d5-bd4c-d7fe-380e3b0f13fa" executionId="f38d17bd-8e42-4bce-8aac-e95a823cbd32" testListId="8c84fa94-04c1-424b-9868-57a2d4851a1d" />
    <TestEntry testId="82e67c06-9849-1902-4582-6ac1133c7960" executionId="2dbac2c0-5d6d-4292-b5f0-1622dfa744e7" testListId="8c84fa94-04c1-424b-9868-57a2d4851a1d" />
    <TestEntry testId="89c1bc9c-fd1f-546d-3081-e1943d5ea5fd" executionId="9e210d8f-61aa-4376-9546-37d212dc1e07" testListId="8c84fa94-04c1-424b-9868-57a2d4851a1d" />
    <TestEntry testId="13bfc4cd-00bc-fb12-3861-f69dc4145d67" executionId="a89bfad3-8912-4973-a608-0a1964abc945" testListId="8c84fa94-04c1-424b-9868-57a2d4851a1d" />
    <TestEntry testId="a5e0b38b-1cb1-a5af-a5f1-f247fd82227e" executionId="247dc05c-67b0-4f24-b1c9-9bb2c38eaf70" testListId="8c84fa94-04c1-424b-9868-57a2d4851a1d" />
    <TestEntry testId="d39c6f9f-bd62-16f2-5a23-b15da9df82dd" executionId="323393fc-8324-4d30-8aad-11a1576d4d0e" testListId="8c84fa94-04c1-424b-9868-57a2d4851a1d" />
    <TestEntry testId="251bbc15-9ad4-e7e2-3a95-fab7be0e3e27" executionId="37e1edf8-8871-4fb4-a74c-5719d95b67f3" testListId="8c84fa94-04c1-424b-9868-57a2d4851a1d" />
    <TestEntry testId="366e3c61-7635-9c9b-a996-33c58fa8fc62" executionId="fefd589e-bdf1-421b-b4ba-e6479ae64f65" testListId="8c84fa94-04c1-424b-9868-57a2d4851a1d" />
    <TestEntry testId="3ca4075a-a7fb-92a5-3a91-aefa25efbece" executionId="390e08d6-cfe4-4b54-8eee-59db93c88c58" testListId="8c84fa94-04c1-424b-9868-57a2d4851a1d" />
    <TestEntry testId="e12861db-8cd0-3c0d-af0a-eb43dfba13d7" executionId="9a63fff4-c492-4c3b-a222-0227407a012a" testListId="8c84fa94-04c1-424b-9868-57a2d4851a1d" />
    <TestEntry testId="e46091cf-1e82-9cd3-4478-8e74502a12eb" executionId="dbe5cd68-c7a8-4f67-9967-c2b54b73e2ed" testListId="8c84fa94-04c1-424b-9868-57a2d4851a1d" />
    <TestEntry testId="6eb5b91d-aafa-339f-fbef-69ff28a5c36d" executionId="b96178f2-28fe-4ed5-8230-fb6febc45996" testListId="8c84fa94-04c1-424b-9868-57a2d4851a1d" />
    <TestEntry testId="b70675b1-ffbc-1a3f-030b-53fbcade7f2b" executionId="423110da-aef4-4bb0-a4d3-c35b4a162be1" testListId="8c84fa94-04c1-424b-9868-57a2d4851a1d" />
    <TestEntry testId="dbbec110-d393-0535-7065-c16e31474059" executionId="e59de92b-2b88-4b59-992c-75d8498b981e" testListId="8c84fa94-04c1-424b-9868-57a2d4851a1d" />
    <TestEntry testId="bcd74692-fcc7-2c4c-b52b-85aae8ab43ad" executionId="54f381d1-5e8b-42a0-854f-60bf4800bea7" testListId="8c84fa94-04c1-424b-9868-57a2d4851a1d" />
    <TestEntry testId="eb81fa5f-83e5-54db-0bb8-c928bd6f40f1" executionId="e1863a70-21da-44eb-b484-efbc9eeeada1" testListId="8c84fa94-04c1-424b-9868-57a2d4851a1d" />
    <TestEntry testId="caaa55d0-af40-7108-2d48-eb01bc500599" executionId="563c284c-a270-40c3-a882-f5fc7c72192c" testListId="8c84fa94-04c1-424b-9868-57a2d4851a1d" />
    <TestEntry testId="7c18917f-7141-7732-3a7b-36439ce0baa1" executionId="9015b994-15c4-4948-878c-6acfe2f71eb9" testListId="8c84fa94-04c1-424b-9868-57a2d4851a1d" />
    <TestEntry testId="4f50c537-4ed4-21bc-0ecd-39e74b29d0e7" executionId="250133f0-d4af-4b7e-9996-b6e9e317c986" testListId="8c84fa94-04c1-424b-9868-57a2d4851a1d" />
    <TestEntry testId="1847f09f-3a3a-e54a-437b-e06a692092b8" executionId="e8c2c4cc-d6f6-4aab-89f5-19eb5e0fcd3e" testListId="8c84fa94-04c1-424b-9868-57a2d4851a1d" />
    <TestEntry testId="e8e3664d-13e4-e628-073d-8b88b9f9785c" executionId="41394afa-61e4-4e7d-8191-88102c502b9b" testListId="8c84fa94-04c1-424b-9868-57a2d4851a1d" />
    <TestEntry testId="13946824-77dd-557e-ea95-b0f908b787b1" executionId="6a922bbd-a56e-40d2-b2f9-16c8731cde9c" testListId="8c84fa94-04c1-424b-9868-57a2d4851a1d" />
    <TestEntry testId="a23aab13-e7cd-0855-c1ee-3a27796bc390" executionId="b376edab-3cba-4b19-99af-d622d7e8673a" testListId="8c84fa94-04c1-424b-9868-57a2d4851a1d" />
    <TestEntry testId="11ed9e7e-df07-2b0d-0eec-e5030427083f" executionId="bc6f5bbd-833f-45ba-9d62-ad37b98947c6" testListId="8c84fa94-04c1-424b-9868-57a2d4851a1d" />
    <TestEntry testId="364fda16-bd4c-3aa8-1597-b73653a15603" executionId="b1096b65-dcff-4647-8d03-1fbfd09cd062" testListId="8c84fa94-04c1-424b-9868-57a2d4851a1d" />
    <TestEntry testId="ae81390e-96a7-cf30-3a99-7ea7ca8436a2" executionId="634ebd9e-d8c7-4e89-bb66-f8aeb3b0873a" testListId="8c84fa94-04c1-424b-9868-57a2d4851a1d" />
    <TestEntry testId="83c96126-428f-5139-26c1-00806d946a42" executionId="03f5ca29-675f-4009-a8ac-25d876a7ae50" testListId="8c84fa94-04c1-424b-9868-57a2d4851a1d" />
    <TestEntry testId="5d6a5449-fc3a-dea9-163b-dec74b3dd1b9" executionId="99084875-6dd6-40af-9154-8416f567ab7f" testListId="8c84fa94-04c1-424b-9868-57a2d4851a1d" />
    <TestEntry testId="f7339f67-966a-9543-e542-56a7562f05ad" executionId="12d477b0-68a5-4325-9f3f-b04487863462" testListId="8c84fa94-04c1-424b-9868-57a2d4851a1d" />
    <TestEntry testId="5ae458e4-bb73-ceec-2cfb-1eb05d691961" executionId="19339c83-080d-412f-917c-0055f25caaab" testListId="8c84fa94-04c1-424b-9868-57a2d4851a1d" />
    <TestEntry testId="8b9bc8ba-9742-8b44-9f33-0b46de660b7e" executionId="813135e8-9194-4835-a9b9-81d916b919d9" testListId="8c84fa94-04c1-424b-9868-57a2d4851a1d" />
    <TestEntry testId="62b1fe99-5a28-bc9f-0494-f16f9326c1bc" executionId="71492022-b50b-4865-bf65-d6fcda5c5fdd" testListId="8c84fa94-04c1-424b-9868-57a2d4851a1d" />
    <TestEntry testId="688da5e9-d12f-3e2c-c7dd-72c1a87d6a78" executionId="5a6c663e-a2e7-4294-84b6-5db6a084fb34" testListId="8c84fa94-04c1-424b-9868-57a2d4851a1d" />
    <TestEntry testId="8ff84779-95f5-a8f9-809e-e568d86ada77" executionId="9a1dc9ea-3a27-4a27-8ae4-e1a75eba6c05" testListId="8c84fa94-04c1-424b-9868-57a2d4851a1d" />
    <TestEntry testId="df98a0bb-288a-f0a3-8af8-186ed72a3b48" executionId="44d1ae4d-31b4-4a17-8ba3-b14914174443" testListId="8c84fa94-04c1-424b-9868-57a2d4851a1d" />
    <TestEntry testId="e18b4dbd-2ff6-3acf-dfb2-f12cbfa820d0" executionId="a94184c2-3d85-4c45-9c4c-570fc5796d46" testListId="8c84fa94-04c1-424b-9868-57a2d4851a1d" />
    <TestEntry testId="46d3bb4f-6f59-f6c2-b532-ed497dfae82c" executionId="6d259224-5e7d-41cf-b85f-343875e169df" testListId="8c84fa94-04c1-424b-9868-57a2d4851a1d" />
    <TestEntry testId="b28ab50d-11be-d323-527c-bc8feda9af8a" executionId="2ec6e10b-d189-47ef-910f-790c088a4ad1" testListId="8c84fa94-04c1-424b-9868-57a2d4851a1d" />
    <TestEntry testId="be4ac306-3050-79c7-e4db-2e676fbdab1b" executionId="d47f18e6-3336-4815-b4d6-e712115d717e" testListId="8c84fa94-04c1-424b-9868-57a2d4851a1d" />
    <TestEntry testId="d4b7a26e-ed5a-1e37-a00a-e21284ce265b" executionId="e309b7d6-d533-4ef1-9236-c7c90f11be50" testListId="8c84fa94-04c1-424b-9868-57a2d4851a1d" />
    <TestEntry testId="9a2bcce2-54c7-2ac9-248c-c072785d5cf2" executionId="dcf7d391-37f6-4baf-94a5-7cec7a3e01ce" testListId="8c84fa94-04c1-424b-9868-57a2d4851a1d" />
    <TestEntry testId="1aafdcdc-e39a-0bd1-4429-1c1f26634e52" executionId="b7555bd3-61a4-4b68-8ff4-9b3c75890ecb" testListId="8c84fa94-04c1-424b-9868-57a2d4851a1d" />
    <TestEntry testId="b8055217-5a74-6a87-a561-a760192c2a20" executionId="62d65232-89d2-4082-96c0-450d7fa8fddc" testListId="8c84fa94-04c1-424b-9868-57a2d4851a1d" />
    <TestEntry testId="4b152625-d247-2206-1bc2-f59ef3dda4ef" executionId="8513e845-94f2-41c1-99a7-f17f1c02cde6" testListId="8c84fa94-04c1-424b-9868-57a2d4851a1d" />
    <TestEntry testId="04127ca2-1b44-60f0-2ddc-d2453cd48c79" executionId="aeb26093-7b3d-4b89-971d-d2c29ad8b577" testListId="8c84fa94-04c1-424b-9868-57a2d4851a1d" />
    <TestEntry testId="17e8adfe-3d5e-8417-3ca9-9ea065f0229b" executionId="bbe8edae-4eff-4c2c-b330-108fd5457836" testListId="8c84fa94-04c1-424b-9868-57a2d4851a1d" />
    <TestEntry testId="b4f18443-22cf-826b-3478-6d5f920e371c" executionId="c0e819bc-9f23-4928-b7ae-c62b2471c5e8" testListId="8c84fa94-04c1-424b-9868-57a2d4851a1d" />
    <TestEntry testId="3a671f08-52e1-32fe-f25e-6e157db962d2" executionId="edae980f-51a1-49c0-95c2-2e23a03c5b0b" testListId="8c84fa94-04c1-424b-9868-57a2d4851a1d" />
    <TestEntry testId="ba870e88-e985-a063-3050-00fcfcbc95b8" executionId="441fd422-da4a-4784-bd19-b60afab0483a" testListId="8c84fa94-04c1-424b-9868-57a2d4851a1d" />
    <TestEntry testId="15a5c8eb-0c90-a7e4-0dc8-5ce2be1587d5" executionId="1e11b637-05e8-4c2a-be81-3b99f4f07998" testListId="8c84fa94-04c1-424b-9868-57a2d4851a1d" />
    <TestEntry testId="8cdd5bbc-dcfa-1d65-90a0-7f353e299d1e" executionId="d6bb8b28-2262-4e84-8138-8f578bd79c37" testListId="8c84fa94-04c1-424b-9868-57a2d4851a1d" />
    <TestEntry testId="a16b516f-2dd7-f0de-4b9f-39b505e3fb31" executionId="191bac2c-edea-43f5-a733-ede755885916" testListId="8c84fa94-04c1-424b-9868-57a2d4851a1d" />
    <TestEntry testId="da9e50fc-db80-afa7-5f4f-4cb6b2da8231" executionId="59c878fa-466b-4819-ac79-6441f21d2522" testListId="8c84fa94-04c1-424b-9868-57a2d4851a1d" />
    <TestEntry testId="990c6bd9-75e3-e712-66e8-1d0bc8aed91c" executionId="020cb8a4-d29d-4d1d-a055-14876d1affe6" testListId="8c84fa94-04c1-424b-9868-57a2d4851a1d" />
    <TestEntry testId="9bb60857-0889-c636-aa09-df7f3ffa4f70" executionId="8af11c55-e617-413c-91c3-ebb1c4632f38" testListId="8c84fa94-04c1-424b-9868-57a2d4851a1d" />
    <TestEntry testId="984ccf4b-e758-da57-870c-fdaae5c09395" executionId="86518f8d-6e1d-4670-a7f7-d0d91544796e" testListId="8c84fa94-04c1-424b-9868-57a2d4851a1d" />
    <TestEntry testId="3c1ea8ba-f2b4-a355-28eb-de4dee6b9be9" executionId="717e3993-c962-4231-b0e9-35f386d6bb82" testListId="8c84fa94-04c1-424b-9868-57a2d4851a1d" />
    <TestEntry testId="f406acd8-9b69-9411-bf61-2d74f259f69e" executionId="57734ef4-f7bc-4696-b640-0d732dd45e09" testListId="8c84fa94-04c1-424b-9868-57a2d4851a1d" />
    <TestEntry testId="b6d907a4-489e-cb15-8555-a5c35fcc0ce1" executionId="421fd2c4-1b10-44e6-976e-c43b1fbcd207" testListId="8c84fa94-04c1-424b-9868-57a2d4851a1d" />
    <TestEntry testId="331cc2f7-a1fa-edcf-e9a4-854a4876fe8a" executionId="20a82175-abd2-43e9-a950-95b4b0ecb08e" testListId="8c84fa94-04c1-424b-9868-57a2d4851a1d" />
    <TestEntry testId="c85737d8-c8f4-a23c-9c62-4ed60400843c" executionId="42a0516c-9585-4b10-83b9-18bafd91d8a6" testListId="8c84fa94-04c1-424b-9868-57a2d4851a1d" />
    <TestEntry testId="41fb6436-3dfd-f2cc-b2c2-3eb1f8450637" executionId="4019842a-105b-41c0-bb06-3459173a1491" testListId="8c84fa94-04c1-424b-9868-57a2d4851a1d" />
    <TestEntry testId="aae9a2f6-c5ae-d742-7ea5-60de6dc3d9cf" executionId="01e26d92-4668-4c76-8d82-bf3f0f84b021" testListId="8c84fa94-04c1-424b-9868-57a2d4851a1d" />
    <TestEntry testId="9f966096-1641-bf42-1320-e9f57c98ec2f" executionId="ea1f5f55-66cb-4861-ae77-9f20b9a7a39f" testListId="8c84fa94-04c1-424b-9868-57a2d4851a1d" />
    <TestEntry testId="8e957c61-833e-a0b8-17c9-5e56071d3f70" executionId="02b2e150-d37d-433b-960a-b17ec8d51af5" testListId="8c84fa94-04c1-424b-9868-57a2d4851a1d" />
    <TestEntry testId="c0f25143-2b07-04f3-95cc-c9746948afb7" executionId="64e1779c-aff0-4fa8-8a56-6580df08463c" testListId="8c84fa94-04c1-424b-9868-57a2d4851a1d" />
    <TestEntry testId="2ebec913-cd49-9310-605b-052ec9777212" executionId="ee826a79-8c7a-4dd7-9a4f-d2af8906e982" testListId="8c84fa94-04c1-424b-9868-57a2d4851a1d" />
    <TestEntry testId="c7c013ea-be14-a4b5-1c6f-2b6dde46abbc" executionId="7d843493-0937-4d0c-9eb0-9896186d41f1" testListId="8c84fa94-04c1-424b-9868-57a2d4851a1d" />
    <TestEntry testId="eb1e2ccd-822e-57b0-f5e5-7fc8ed277803" executionId="9d3b569c-bea9-477f-8023-3418cf7ed51f" testListId="8c84fa94-04c1-424b-9868-57a2d4851a1d" />
    <TestEntry testId="1cdc361a-ffee-1052-df8d-ab7786ba69bf" executionId="e056f04c-73a6-490d-84f8-042306fab9f3" testListId="8c84fa94-04c1-424b-9868-57a2d4851a1d" />
    <TestEntry testId="4b28c4f2-243a-8c78-12a1-344fb80c29cf" executionId="1d95aa26-cebb-4643-9c45-f21f90af8781" testListId="8c84fa94-04c1-424b-9868-57a2d4851a1d" />
    <TestEntry testId="787cef43-2dc9-190c-2e64-d5af6533289b" executionId="4e2e0a50-1384-4f3d-9f7d-6c48d032fd6f" testListId="8c84fa94-04c1-424b-9868-57a2d4851a1d" />
    <TestEntry testId="a90d1942-15f1-e50c-e63d-254e34e99bf5" executionId="4ad98721-3831-4787-8499-823f371fb163" testListId="8c84fa94-04c1-424b-9868-57a2d4851a1d" />
    <TestEntry testId="8e844c73-d78c-9c16-d82a-bbf068ddf1ce" executionId="d18733cd-a199-473b-a3ae-dda5377c6166" testListId="8c84fa94-04c1-424b-9868-57a2d4851a1d" />
    <TestEntry testId="ef2c65b8-081e-e356-813a-949f0831c7f0" executionId="6e2af32d-60ed-485a-bb39-1ad301b32368" testListId="8c84fa94-04c1-424b-9868-57a2d4851a1d" />
    <TestEntry testId="4753ba69-a929-b55c-7853-51519ca51301" executionId="f6b58a57-fffa-4ede-a295-c59c077c3c67" testListId="8c84fa94-04c1-424b-9868-57a2d4851a1d" />
    <TestEntry testId="a50452b0-19e4-73e9-85e6-be9ac505f00e" executionId="a1fff60b-07d5-4be3-b6fb-99eba9866875" testListId="8c84fa94-04c1-424b-9868-57a2d4851a1d" />
    <TestEntry testId="f1ddd1cb-937b-c6a5-5626-287e7f18daa2" executionId="455d4002-9fcf-4bbd-b428-e227108a5039" testListId="8c84fa94-04c1-424b-9868-57a2d4851a1d" />
    <TestEntry testId="6dd99dbe-4c8b-34b5-1e2c-dac97050c643" executionId="c9722e6d-bd9a-41ec-8479-bf1ca82280bc" testListId="8c84fa94-04c1-424b-9868-57a2d4851a1d" />
    <TestEntry testId="127fb78e-ed01-3534-55cd-9f963056d67f" executionId="7289b28d-1636-4a65-96ad-a6b687bfc97b" testListId="8c84fa94-04c1-424b-9868-57a2d4851a1d" />
    <TestEntry testId="1dbf06ec-4cde-4ef3-de39-b5efb671422f" executionId="7e841c78-2163-4212-a864-68b935bde89d" testListId="8c84fa94-04c1-424b-9868-57a2d4851a1d" />
    <TestEntry testId="4dd76fcc-f663-2688-f7a4-a439b3a5cf01" executionId="8caaf656-4dc0-4d14-9973-fd128e3baddd" testListId="8c84fa94-04c1-424b-9868-57a2d4851a1d" />
    <TestEntry testId="e457ba43-5ec8-2ef9-9f16-d8e65791d46d" executionId="9814a4b8-c6d9-4526-8af8-de5717f8b3bc" testListId="8c84fa94-04c1-424b-9868-57a2d4851a1d" />
    <TestEntry testId="d0528706-3be3-396a-77f7-4d1c86caa17a" executionId="3db12dfb-82cd-46aa-a430-fbca372238de" testListId="8c84fa94-04c1-424b-9868-57a2d4851a1d" />
    <TestEntry testId="c1457a00-5932-b692-d468-5af96619c895" executionId="1d40b179-57f1-4f7a-8fe3-cc43eb3f5abf" testListId="8c84fa94-04c1-424b-9868-57a2d4851a1d" />
    <TestEntry testId="a5d2d781-ed08-2478-bb45-1d4f50c82554" executionId="d13c4de6-746a-40f3-899e-7375d7fe8b82" testListId="8c84fa94-04c1-424b-9868-57a2d4851a1d" />
    <TestEntry testId="2cd343bd-badc-869e-d32e-7b446b74dbcf" executionId="4257d79d-a186-415c-a35a-f0d676906af2" testListId="8c84fa94-04c1-424b-9868-57a2d4851a1d" />
    <TestEntry testId="ce6af9f0-4b11-7bc7-9919-f6caf3d5d5f3" executionId="026df74a-4395-4782-b9be-98d06644ec63" testListId="8c84fa94-04c1-424b-9868-57a2d4851a1d" />
    <TestEntry testId="d30d3b94-edb3-8c77-afa5-d7e300714162" executionId="c2f18d09-cbda-4eb0-837d-6c28d325d08a" testListId="8c84fa94-04c1-424b-9868-57a2d4851a1d" />
    <TestEntry testId="b8c9a81a-11ec-9afa-2e32-5c4408d66f0a" executionId="736b1f1b-ca8e-43b5-936a-8b07e3e3dd2d" testListId="8c84fa94-04c1-424b-9868-57a2d4851a1d" />
    <TestEntry testId="6f6f8b3a-15e7-3194-8c20-0c46fab5e263" executionId="0661a216-9dea-45a8-83af-5fa848f126e6" testListId="8c84fa94-04c1-424b-9868-57a2d4851a1d" />
    <TestEntry testId="d3cdcde5-df28-6c6c-d5ee-263c0a49023a" executionId="daca564a-24c1-4e7d-823f-16317ef6daec" testListId="8c84fa94-04c1-424b-9868-57a2d4851a1d" />
    <TestEntry testId="34bcb15f-3abe-d5c6-acbc-f3d258cf59b6" executionId="62994dbf-659b-4e6c-aad0-3ebd829e787c" testListId="8c84fa94-04c1-424b-9868-57a2d4851a1d" />
    <TestEntry testId="cd325bca-14d8-e62d-3ed3-b6cff2a5be8c" executionId="d2c09faf-ac6b-4f98-ab2d-ed133c942575" testListId="8c84fa94-04c1-424b-9868-57a2d4851a1d" />
    <TestEntry testId="5481b8f6-7923-7c75-9ba8-6b8dff0a8582" executionId="2aa07abf-2e2d-4220-b5b3-3194ba35e16b" testListId="8c84fa94-04c1-424b-9868-57a2d4851a1d" />
    <TestEntry testId="c9010c04-7ef0-ce4b-7d42-778e915f5883" executionId="7109a263-8206-4379-8cec-41a7cc5f25ea" testListId="8c84fa94-04c1-424b-9868-57a2d4851a1d" />
    <TestEntry testId="75fb03cc-a2de-116e-3a3c-32d118eb526b" executionId="88206e6f-64de-4983-8d5c-5129f030e041" testListId="8c84fa94-04c1-424b-9868-57a2d4851a1d" />
    <TestEntry testId="558fcad2-7807-3075-bb81-ec539c4697ba" executionId="0bd9ac42-37f6-4c20-b415-6c456858dbc7" testListId="8c84fa94-04c1-424b-9868-57a2d4851a1d" />
    <TestEntry testId="696d2b08-2b8a-7456-8791-bc3514cd955e" executionId="dc911654-c978-487b-aef4-34817c86e47f" testListId="8c84fa94-04c1-424b-9868-57a2d4851a1d" />
    <TestEntry testId="a80246d5-ddf8-7929-99a4-5139184114ef" executionId="ab0eea44-a527-4055-8b9a-40bd9a505060" testListId="8c84fa94-04c1-424b-9868-57a2d4851a1d" />
    <TestEntry testId="d9756703-fed3-1fb8-7195-5dae810af3cf" executionId="8356d63d-0e1c-4a5b-85eb-216424c80607" testListId="8c84fa94-04c1-424b-9868-57a2d4851a1d" />
    <TestEntry testId="4308f885-151f-014b-166d-40692645a73a" executionId="d7f17834-1a51-484b-8e5f-18cad0f5c08a" testListId="8c84fa94-04c1-424b-9868-57a2d4851a1d" />
    <TestEntry testId="d13187c3-6513-b7ca-7370-507380fe2c88" executionId="02344d8e-4fd8-4eb6-95db-568a7bf40f7f" testListId="8c84fa94-04c1-424b-9868-57a2d4851a1d" />
    <TestEntry testId="2059d141-cc28-3ec8-0e84-daba3f077644" executionId="7ddb82a8-f075-4b15-bc3b-2dec389d87c8" testListId="8c84fa94-04c1-424b-9868-57a2d4851a1d" />
    <TestEntry testId="ca756e2d-d5c0-6e03-1ab7-b2045c06d17b" executionId="f09615dd-3bba-477e-a61a-2ae3ce9d33a9" testListId="8c84fa94-04c1-424b-9868-57a2d4851a1d" />
    <TestEntry testId="3bcce3ce-1e1f-b2cb-aecb-f9baaad49b40" executionId="7dbec355-f2ae-4a16-a6de-dc65b468f89a" testListId="8c84fa94-04c1-424b-9868-57a2d4851a1d" />
    <TestEntry testId="8e549758-1d04-7bb3-a187-b61fc529196f" executionId="7f9d36c1-6afa-4998-8b19-e26c1a19538d" testListId="8c84fa94-04c1-424b-9868-57a2d4851a1d" />
    <TestEntry testId="30971562-18c2-709e-97a4-74161badb09c" executionId="28acd586-a785-4f1e-9c10-226ea7045b20" testListId="8c84fa94-04c1-424b-9868-57a2d4851a1d" />
    <TestEntry testId="758b94a4-3e83-213a-e897-268aa753a08f" executionId="094f3e42-23b1-4389-9dc7-b74048e46491" testListId="8c84fa94-04c1-424b-9868-57a2d4851a1d" />
    <TestEntry testId="c09462bb-4f86-b8e1-b39e-c6c94b35ddbc" executionId="54e3e680-e90c-4c10-9f35-4e964a8784c0" testListId="8c84fa94-04c1-424b-9868-57a2d4851a1d" />
    <TestEntry testId="dcb09ac3-545f-7b73-7b06-f7917ef6e79e" executionId="a564dc22-1621-4da6-9081-11fb2cbf59ac" testListId="8c84fa94-04c1-424b-9868-57a2d4851a1d" />
    <TestEntry testId="135dd56d-570b-92a1-4144-854d04d96ef0" executionId="13a64e8b-e66b-4c17-acd8-ff71219b2930" testListId="8c84fa94-04c1-424b-9868-57a2d4851a1d" />
    <TestEntry testId="56f22bda-cb9f-dbaa-365a-cb6ba2104fe2" executionId="89dfd93c-6418-4d83-a8d6-b2d2ac7b5e67" testListId="8c84fa94-04c1-424b-9868-57a2d4851a1d" />
    <TestEntry testId="5bb9d818-e2ff-58b7-df0a-941461adb800" executionId="bdba6c88-715d-4187-9f53-d10a07816fb0" testListId="8c84fa94-04c1-424b-9868-57a2d4851a1d" />
    <TestEntry testId="32346c07-b161-6e9f-65c2-990bcbe58b07" executionId="acd1ea3a-96af-4f5b-a7f7-f82b252e39e3" testListId="8c84fa94-04c1-424b-9868-57a2d4851a1d" />
    <TestEntry testId="e3f04803-c378-ce39-94cd-bd430620d6cb" executionId="509a4653-8225-4202-a424-f2657da7ba17" testListId="8c84fa94-04c1-424b-9868-57a2d4851a1d" />
    <TestEntry testId="9af46142-b025-7ff1-cd86-b161fef30f97" executionId="3186c308-6249-426f-8a98-8bb592f3fef3" testListId="8c84fa94-04c1-424b-9868-57a2d4851a1d" />
    <TestEntry testId="fe5f39e6-4cd0-a90c-3fd0-4ec94c3771bb" executionId="26d1fa14-3b3a-412c-b72c-4236ab34d989" testListId="8c84fa94-04c1-424b-9868-57a2d4851a1d" />
    <TestEntry testId="87f6b537-303b-ee32-7ebc-e34863879e5b" executionId="73f9b9e1-c765-412d-a4e7-2c48e6af0d94" testListId="8c84fa94-04c1-424b-9868-57a2d4851a1d" />
    <TestEntry testId="b805cea1-9061-e180-4bd1-a6b18b6307ab" executionId="5ea19a09-4b24-482c-8f1c-b8b62d5878aa" testListId="8c84fa94-04c1-424b-9868-57a2d4851a1d" />
    <TestEntry testId="b82e8809-4def-9359-7a57-795e7616c335" executionId="dc54efed-8ff4-40f8-9881-ebd500ddde7d" testListId="8c84fa94-04c1-424b-9868-57a2d4851a1d" />
    <TestEntry testId="a711a8fd-55fb-fc36-f795-72cedac95d24" executionId="8ddb4673-a99a-435b-9281-18bbef0f7b38" testListId="8c84fa94-04c1-424b-9868-57a2d4851a1d" />
    <TestEntry testId="4f602daf-bb8d-fd94-ef0a-fd5eecda2ee6" executionId="7c4cd848-14ab-4d4e-b1d2-83756822c6cc" testListId="8c84fa94-04c1-424b-9868-57a2d4851a1d" />
    <TestEntry testId="a32f3872-61d2-3bb4-5952-f9f7fd09a236" executionId="29121bc6-c181-46f3-9037-6b70c4d6a00b" testListId="8c84fa94-04c1-424b-9868-57a2d4851a1d" />
    <TestEntry testId="f308d529-c66b-0a68-1a35-9384b1697bbf" executionId="859ee12f-a761-4e5b-bce7-c74d1b5d8304" testListId="8c84fa94-04c1-424b-9868-57a2d4851a1d" />
    <TestEntry testId="bfee474b-216b-2c15-15a7-0adadfd388fb" executionId="8996ede9-d54f-4858-8f9e-6d99da3ca307" testListId="8c84fa94-04c1-424b-9868-57a2d4851a1d" />
    <TestEntry testId="18167db3-c21a-1968-f83d-cf6f5b58219d" executionId="7cccace5-de4e-4c47-83d0-883ca306eff9" testListId="8c84fa94-04c1-424b-9868-57a2d4851a1d" />
    <TestEntry testId="4cc08620-7636-5b0e-e6ce-7fa1f27effef" executionId="58bacebe-1f1f-4321-9a41-171adf1c3cbb" testListId="8c84fa94-04c1-424b-9868-57a2d4851a1d" />
    <TestEntry testId="81074b63-819a-5707-3f0a-c12b1496d111" executionId="a92c79c5-ea1e-44d8-a272-b016b8bae444" testListId="8c84fa94-04c1-424b-9868-57a2d4851a1d" />
    <TestEntry testId="4d5be905-ae12-4fb4-1d65-7b8d91a9be3a" executionId="738ade33-7dbf-4564-a611-8667e3791fc4" testListId="8c84fa94-04c1-424b-9868-57a2d4851a1d" />
    <TestEntry testId="df661f1a-369e-296a-5042-ab9651f93dce" executionId="fc7614c4-2beb-4c7d-980a-07c5f727a45c" testListId="8c84fa94-04c1-424b-9868-57a2d4851a1d" />
    <TestEntry testId="f527f4e7-733e-c529-a6f2-d33ed3ff23a3" executionId="c728861d-65f6-4237-b3f4-2deda2dae65d" testListId="8c84fa94-04c1-424b-9868-57a2d4851a1d" />
    <TestEntry testId="bb53c479-4fb7-b049-d0b3-60c53109c03d" executionId="b8b20192-3d0a-423e-aeaa-b39d0ae7de48" testListId="8c84fa94-04c1-424b-9868-57a2d4851a1d" />
    <TestEntry testId="91ef764f-6920-57e2-1ea1-d9fdc62e8142" executionId="a152ee79-c574-4560-a890-a9864acc5add" testListId="8c84fa94-04c1-424b-9868-57a2d4851a1d" />
    <TestEntry testId="f72783d9-64aa-50e2-fcd1-46f621632d5d" executionId="01774496-5861-46e2-a114-7f608cda0df3" testListId="8c84fa94-04c1-424b-9868-57a2d4851a1d" />
    <TestEntry testId="92c24577-a226-a6b7-7d5e-021b44057899" executionId="608bad40-7617-48b0-9c47-1d4e03324c9c" testListId="8c84fa94-04c1-424b-9868-57a2d4851a1d" />
    <TestEntry testId="75567229-1858-de57-219b-cfd8f4a7e8de" executionId="b0d6fcf5-5c62-41f5-a0d5-c3cfe92ed358" testListId="8c84fa94-04c1-424b-9868-57a2d4851a1d" />
    <TestEntry testId="1ff2656a-0300-1f06-36b0-2fc677b4ea69" executionId="989113c3-464a-4056-8fc9-e6da3e456ad2" testListId="8c84fa94-04c1-424b-9868-57a2d4851a1d" />
    <TestEntry testId="96c01fa6-5d4d-3d03-7186-21835a01bdc8" executionId="ace234e0-58b0-420e-8142-d3583c83bfa7" testListId="8c84fa94-04c1-424b-9868-57a2d4851a1d" />
    <TestEntry testId="9764b852-f92a-9e33-a48d-5ba73babe5d1" executionId="72f5524b-d7a2-4ec1-886b-fa256b6fb2f2" testListId="8c84fa94-04c1-424b-9868-57a2d4851a1d" />
    <TestEntry testId="ada84f96-628a-be69-4c85-60683def0842" executionId="416b0aea-b729-4ec8-bd21-deb03c07c25d" testListId="8c84fa94-04c1-424b-9868-57a2d4851a1d" />
    <TestEntry testId="a61390b2-0ec7-4d98-e7ed-b8eba6ac247d" executionId="83ca5bf7-9c6e-45ff-bd5a-32568f467f98" testListId="8c84fa94-04c1-424b-9868-57a2d4851a1d" />
    <TestEntry testId="5d5f3f94-f47b-3420-095f-ee592218e6de" executionId="fdf2afbf-0270-4068-8a37-fc3932cf65f2" testListId="8c84fa94-04c1-424b-9868-57a2d4851a1d" />
    <TestEntry testId="d5c3657d-a220-d2b1-57c9-e4353f6b9eb6" executionId="bed436fb-fb59-4677-9ee9-a82dcf26582b" testListId="8c84fa94-04c1-424b-9868-57a2d4851a1d" />
    <TestEntry testId="b59817a2-024b-f794-3f46-68714948a01a" executionId="1098650c-7d0b-4319-84d9-466bef7fa112" testListId="8c84fa94-04c1-424b-9868-57a2d4851a1d" />
    <TestEntry testId="e1f98d4b-b934-3301-b07c-a8722a8e1bf4" executionId="b83b73b0-5efe-42bd-8de6-d45c9ed6d74b" testListId="8c84fa94-04c1-424b-9868-57a2d4851a1d" />
    <TestEntry testId="de1aa414-8fbd-dead-288e-d558b1305dac" executionId="2ea771ca-94c4-42f8-b16e-ae962a36d8aa" testListId="8c84fa94-04c1-424b-9868-57a2d4851a1d" />
    <TestEntry testId="0b4d877e-fce2-536e-a6f4-e4fbe4e6e47c" executionId="071de147-2238-4334-905c-7b5683f662e3" testListId="8c84fa94-04c1-424b-9868-57a2d4851a1d" />
    <TestEntry testId="6590b071-f8b2-e4e3-3b40-027135dfc051" executionId="8e9b4536-0b72-4712-8246-827264e48fbf" testListId="8c84fa94-04c1-424b-9868-57a2d4851a1d" />
    <TestEntry testId="72858ddf-be22-dd7b-74db-ce66ecacd1dd" executionId="635ae169-c5ec-4634-afce-5f692fcb7b44" testListId="8c84fa94-04c1-424b-9868-57a2d4851a1d" />
    <TestEntry testId="a1fbb77d-adf8-8ccd-4022-16be128e7ade" executionId="720628bf-0a08-41a3-a7e8-a93a38de12c8" testListId="8c84fa94-04c1-424b-9868-57a2d4851a1d" />
    <TestEntry testId="4adfbd6f-49a9-0885-850f-1a4998e7f85f" executionId="b9ae8b02-a42c-4093-83d8-ff83b465e27e" testListId="8c84fa94-04c1-424b-9868-57a2d4851a1d" />
    <TestEntry testId="1536b0a9-7189-743d-a273-29feae6f0843" executionId="430805ee-09d2-498f-8cec-f437293ec742" testListId="8c84fa94-04c1-424b-9868-57a2d4851a1d" />
    <TestEntry testId="f1679d4a-b856-7d51-628e-8f29c288c7ca" executionId="c37ff303-bef1-49db-b30a-8ae4d6e8ed0e" testListId="8c84fa94-04c1-424b-9868-57a2d4851a1d" />
    <TestEntry testId="fa34dc68-0a28-d88d-9f8e-755de73cf02d" executionId="3478fb81-cc04-4a56-a81d-255908702ece" testListId="8c84fa94-04c1-424b-9868-57a2d4851a1d" />
    <TestEntry testId="83d0208c-cef3-bd49-264a-c0709c65e66e" executionId="9e661423-f8e7-493e-8a53-9a252ed49454" testListId="8c84fa94-04c1-424b-9868-57a2d4851a1d" />
    <TestEntry testId="f62ec529-2064-feb0-d217-30e62f8296ba" executionId="031d1ccf-a273-4eb4-be63-981d08853a14" testListId="8c84fa94-04c1-424b-9868-57a2d4851a1d" />
    <TestEntry testId="4df9b13a-de84-7056-3c88-543d3fa32c62" executionId="0189494f-b44f-42cf-9e69-3f6065ff9591" testListId="8c84fa94-04c1-424b-9868-57a2d4851a1d" />
    <TestEntry testId="9c8eee20-620b-e0aa-1580-d34a7e65e392" executionId="bd65a7b1-6914-4c2b-9968-cb1693f4e005" testListId="8c84fa94-04c1-424b-9868-57a2d4851a1d" />
    <TestEntry testId="1ad63577-6f41-15d0-2387-0963e1b2bf95" executionId="26268940-6f20-4122-8881-714f0a31041d" testListId="8c84fa94-04c1-424b-9868-57a2d4851a1d" />
    <TestEntry testId="65e69234-8b4f-5c5d-4c39-26b683719c33" executionId="665e0327-1fc9-4d4f-a9f9-4310a0dd8c0f" testListId="8c84fa94-04c1-424b-9868-57a2d4851a1d" />
    <TestEntry testId="79a853ed-d140-e6d5-86c3-6423b904d524" executionId="92c37778-4ecd-43c9-aff1-a340751a653d" testListId="8c84fa94-04c1-424b-9868-57a2d4851a1d" />
    <TestEntry testId="d674a2b2-91f4-595f-2a5d-e8f6a4053ca1" executionId="909d4919-44b1-4218-b7e0-c8a1e07690b9" testListId="8c84fa94-04c1-424b-9868-57a2d4851a1d" />
    <TestEntry testId="2a9faf6f-4d21-d971-4115-0a2cf31c75ab" executionId="09e6d977-1e58-4573-911b-de6d9d70eacb" testListId="8c84fa94-04c1-424b-9868-57a2d4851a1d" />
    <TestEntry testId="0a8dd3d5-59e9-8093-402f-f8fc213265ce" executionId="f7ec433b-3af6-4e8a-87a5-3e8301cdfeca" testListId="8c84fa94-04c1-424b-9868-57a2d4851a1d" />
    <TestEntry testId="6a1a0675-fdd2-69ea-ed07-cd8b45ca5094" executionId="3a661e34-7c1e-46eb-94b6-300a2dd5e31f" testListId="8c84fa94-04c1-424b-9868-57a2d4851a1d" />
    <TestEntry testId="9bed9c4d-df2b-32b1-c6ce-ea879f4b2fcd" executionId="09231c30-5092-4bd6-88e4-4a93cd0e6d13" testListId="8c84fa94-04c1-424b-9868-57a2d4851a1d" />
    <TestEntry testId="1d8f4068-0f19-f951-5966-43f32b70fb4f" executionId="e4b03797-9741-4f95-b7e1-a285c0613c0d" testListId="8c84fa94-04c1-424b-9868-57a2d4851a1d" />
    <TestEntry testId="b96da561-72c0-f108-100e-28aea4f8d524" executionId="3b7c7b72-7bdf-409c-9c35-6b349f9145d0" testListId="8c84fa94-04c1-424b-9868-57a2d4851a1d" />
    <TestEntry testId="5aa929b3-dac1-52ec-e2ea-8e7fca692c42" executionId="13722bf1-2696-40c3-a36f-36594d4a5d98" testListId="8c84fa94-04c1-424b-9868-57a2d4851a1d" />
    <TestEntry testId="bf0f3eb7-c08a-24a8-fd8d-3d7e3051107b" executionId="63dbcf10-f77b-4f89-93cc-f660a74ad2da" testListId="8c84fa94-04c1-424b-9868-57a2d4851a1d" />
    <TestEntry testId="a815ca81-3cc8-5bb5-3df9-88bef0e0f650" executionId="fff51839-a695-4105-9e76-e8862580efc2" testListId="8c84fa94-04c1-424b-9868-57a2d4851a1d" />
    <TestEntry testId="f51f29d9-e43f-bc49-2068-6f7ccdbadb29" executionId="85660061-c7a5-49c2-a8c2-04e7bf1e19b3" testListId="8c84fa94-04c1-424b-9868-57a2d4851a1d" />
    <TestEntry testId="647d0f12-f39c-4459-8e85-bad3059c7bbf" executionId="1e52ddd7-43c7-46dd-85bf-ea504f071bed" testListId="8c84fa94-04c1-424b-9868-57a2d4851a1d" />
    <TestEntry testId="4e988653-eb1d-5757-a9c9-94e533451c54" executionId="48a8f833-7284-4186-9c38-d6e5f339357a" testListId="8c84fa94-04c1-424b-9868-57a2d4851a1d" />
    <TestEntry testId="abc33cd0-29a9-07f5-4aa9-4d70e8dec4a4" executionId="d6f4a6fa-11d8-4a43-9433-b40306126023" testListId="8c84fa94-04c1-424b-9868-57a2d4851a1d" />
    <TestEntry testId="33fd1dda-62a8-0bed-a4ce-731800ce94c0" executionId="697efbb9-6bc2-44fd-8d14-a42c863196c0" testListId="8c84fa94-04c1-424b-9868-57a2d4851a1d" />
    <TestEntry testId="a8d731c5-67df-9575-20e2-4e702b3d5817" executionId="48b7d2a1-9ab2-439c-aeff-4beb75c393b4" testListId="8c84fa94-04c1-424b-9868-57a2d4851a1d" />
    <TestEntry testId="c303e402-0edb-f6ba-e4af-33ac122437de" executionId="0f4ec70a-6a20-4746-8ffa-8ba0edcca6e0" testListId="8c84fa94-04c1-424b-9868-57a2d4851a1d" />
    <TestEntry testId="2903f8f9-605c-f4a1-c251-e272e8faf58d" executionId="582225c6-6822-4ff2-b93a-f63eeeefd313" testListId="8c84fa94-04c1-424b-9868-57a2d4851a1d" />
    <TestEntry testId="da125bcd-1715-deae-cc3d-6c75d593b271" executionId="b0a5c174-5809-4350-920f-787dcdc3c670" testListId="8c84fa94-04c1-424b-9868-57a2d4851a1d" />
    <TestEntry testId="ab963705-3e28-cc1d-5bf1-a88ea216bc34" executionId="dbee6028-53bf-4f3a-8137-87eaf05868f7" testListId="8c84fa94-04c1-424b-9868-57a2d4851a1d" />
    <TestEntry testId="560147e0-585f-3c73-5235-3ae492c399e0" executionId="3268608e-c947-436d-a617-abcb94ec6e60" testListId="8c84fa94-04c1-424b-9868-57a2d4851a1d" />
    <TestEntry testId="c09fd9f3-56b2-979f-b5dc-a5cbb3bb898a" executionId="1a3e089d-3784-4194-8354-2f708199859e" testListId="8c84fa94-04c1-424b-9868-57a2d4851a1d" />
    <TestEntry testId="256b0aa4-ca9e-f9c0-c01a-e5ce082d7933" executionId="6ce8d7a7-b4d9-443b-8611-688649fab9aa" testListId="8c84fa94-04c1-424b-9868-57a2d4851a1d" />
    <TestEntry testId="ff8ddb46-4b79-2ee0-2d36-ef22ba3dcd81" executionId="8985ce20-fdca-44d1-9c4e-030454696120" testListId="8c84fa94-04c1-424b-9868-57a2d4851a1d" />
    <TestEntry testId="b9b36c19-155c-ac46-851c-623393903657" executionId="2d40889a-547b-4e47-9fb8-1739134b80db" testListId="8c84fa94-04c1-424b-9868-57a2d4851a1d" />
    <TestEntry testId="d256d95f-79c2-283f-fe67-61aaa54d0e1b" executionId="444ce01f-2e9e-4e3d-8eb8-2783a6da1005" testListId="8c84fa94-04c1-424b-9868-57a2d4851a1d" />
    <TestEntry testId="d5ee81d6-78bc-115b-efec-5de38db0e38b" executionId="9ab0dd41-ddb6-4689-b76f-45af4555abb1" testListId="8c84fa94-04c1-424b-9868-57a2d4851a1d" />
    <TestEntry testId="a735bc53-5ccf-d2d2-51e4-40be87eec2ab" executionId="98f665be-f416-49dc-bd38-ea2dc71818f9" testListId="8c84fa94-04c1-424b-9868-57a2d4851a1d" />
    <TestEntry testId="9f62336d-d2a3-438a-9707-488b6a94c792" executionId="75840908-82f1-4c02-b19e-e47a27e1fe70" testListId="8c84fa94-04c1-424b-9868-57a2d4851a1d" />
    <TestEntry testId="ef111b7b-895d-e083-171f-1b45ef31d01a" executionId="d6a77f6c-d4c5-4cf2-bb21-55115cf6fd3a" testListId="8c84fa94-04c1-424b-9868-57a2d4851a1d" />
    <TestEntry testId="1f1eef69-3a21-cd3d-3a5f-46efeda6ab38" executionId="3ad25011-d89a-4175-9d54-ad289d12458c" testListId="8c84fa94-04c1-424b-9868-57a2d4851a1d" />
    <TestEntry testId="c24ecee8-9b5d-eb63-8afc-f2b0a38b7a72" executionId="7a8cc79b-fec4-4fcf-9252-dd72f93e8c36" testListId="8c84fa94-04c1-424b-9868-57a2d4851a1d" />
    <TestEntry testId="7729c68a-38c8-f8ce-da09-5022e186685c" executionId="e95d861c-48c3-4cdd-b25a-50f0bdffea86" testListId="8c84fa94-04c1-424b-9868-57a2d4851a1d" />
    <TestEntry testId="237b1260-5bf2-21f1-fab1-5f4efe94ad6e" executionId="14dcafed-82b2-401a-985f-b06c14b6a74c" testListId="8c84fa94-04c1-424b-9868-57a2d4851a1d" />
    <TestEntry testId="21c8abf8-9b6f-d71c-0d26-379759e20f24" executionId="46a66aee-d6d9-4824-bd6a-a566e5aebfc6" testListId="8c84fa94-04c1-424b-9868-57a2d4851a1d" />
    <TestEntry testId="73284804-3614-1086-c9d3-907dba871693" executionId="1701d0b4-ae4b-4ad1-9350-77745d1b16f2" testListId="8c84fa94-04c1-424b-9868-57a2d4851a1d" />
    <TestEntry testId="3a8cda37-b7cc-323f-afa4-03303dd2ce88" executionId="b1568d23-5e06-443c-8498-8cdb15e59bb6" testListId="8c84fa94-04c1-424b-9868-57a2d4851a1d" />
    <TestEntry testId="f2b68a15-ef7c-c26b-ffdd-eb9ae7067bca" executionId="b19b6c97-84c3-4f3c-a4e8-c0efb6dcafaa" testListId="8c84fa94-04c1-424b-9868-57a2d4851a1d" />
    <TestEntry testId="e6d7e4bb-8f4e-56e2-712f-a2453f4d8f71" executionId="8f1bd6d8-5db0-46aa-9e7d-21a83f1fb134" testListId="8c84fa94-04c1-424b-9868-57a2d4851a1d" />
    <TestEntry testId="49539e03-80f3-85f0-9c28-9ba645507120" executionId="7846448d-d05b-469b-84ca-5ee16cb7b767" testListId="8c84fa94-04c1-424b-9868-57a2d4851a1d" />
    <TestEntry testId="eccf41da-6b65-aa5d-c784-b8badc726d9b" executionId="a56a5593-105b-4c08-bbcd-7e0ea20cb419" testListId="8c84fa94-04c1-424b-9868-57a2d4851a1d" />
    <TestEntry testId="90cfec42-4910-af10-cff4-5af0ef6c23f5" executionId="9a8a7bf6-327d-4570-b9f6-048ff4c4d9e5" testListId="8c84fa94-04c1-424b-9868-57a2d4851a1d" />
    <TestEntry testId="1eaafc3c-6374-0d37-e565-15fb470a9a01" executionId="0251efb7-88a9-42d4-b605-874f2ab18204" testListId="8c84fa94-04c1-424b-9868-57a2d4851a1d" />
    <TestEntry testId="8783f986-8eac-ac9c-2b17-d1518f607836" executionId="15e95249-a657-4da2-80f4-6b0195f7ea13" testListId="8c84fa94-04c1-424b-9868-57a2d4851a1d" />
    <TestEntry testId="ba6a31a5-f6b4-cabf-4787-f1e219c63249" executionId="2b10751d-1c83-44a3-b812-23fd317aedc8" testListId="8c84fa94-04c1-424b-9868-57a2d4851a1d" />
    <TestEntry testId="bcf772d6-bc03-8db6-964e-e43c8f396083" executionId="02a8bcae-9ca3-40e4-8e37-8efa1ad5e9f1" testListId="8c84fa94-04c1-424b-9868-57a2d4851a1d" />
    <TestEntry testId="9b79670a-4357-fb82-855b-9e335ddd3a09" executionId="618ebd00-6166-484b-9ebc-ecf5fd54faa0" testListId="8c84fa94-04c1-424b-9868-57a2d4851a1d" />
    <TestEntry testId="5200e545-dbbb-62af-891d-31499a618a0e" executionId="505626e5-3b99-4ac5-9af0-e377f3fed4fb" testListId="8c84fa94-04c1-424b-9868-57a2d4851a1d" />
    <TestEntry testId="100cc4f6-ca16-2d93-296d-fb39d2a6b55f" executionId="ebb33f32-68c6-471b-b6f6-d16b5bbc85cd" testListId="8c84fa94-04c1-424b-9868-57a2d4851a1d" />
    <TestEntry testId="6cb3c27b-61db-68ea-03a1-16fad20636e6" executionId="e9c6f742-d5f3-4a08-941b-e46d256111d0" testListId="8c84fa94-04c1-424b-9868-57a2d4851a1d" />
    <TestEntry testId="7b2e748c-5793-e1c6-45bc-d5f863686469" executionId="551f5919-3883-4919-ac66-06e1d86a17b1" testListId="8c84fa94-04c1-424b-9868-57a2d4851a1d" />
    <TestEntry testId="33b74559-764f-421e-252d-cd475c561f9a" executionId="4894de46-1a6f-4534-a6ee-5a18666dfd09" testListId="8c84fa94-04c1-424b-9868-57a2d4851a1d" />
    <TestEntry testId="7994a7d4-0fa0-5377-671c-ab94321aaf57" executionId="9ee2e4ac-4c64-44dd-8945-fd8a519b0473" testListId="8c84fa94-04c1-424b-9868-57a2d4851a1d" />
    <TestEntry testId="ee9462eb-6912-5171-764c-f29a600e2526" executionId="ceca92b1-7c5d-419f-adb6-3ede49ca94c3" testListId="8c84fa94-04c1-424b-9868-57a2d4851a1d" />
    <TestEntry testId="ca7cf147-8883-8578-944a-0bb9c4bca4f5" executionId="c4a4bf2a-38b7-48eb-a8e7-743f6a2ff2fd" testListId="8c84fa94-04c1-424b-9868-57a2d4851a1d" />
    <TestEntry testId="1c506770-d4ff-94e1-aa2e-f8d5ecc5a897" executionId="dc65bd38-4df3-4ca0-b463-aca3213e6242" testListId="8c84fa94-04c1-424b-9868-57a2d4851a1d" />
    <TestEntry testId="37d09489-36bf-8c23-e75f-f494d92ed465" executionId="094e64c0-55a3-4cf7-a5e7-f0a32b036216" testListId="8c84fa94-04c1-424b-9868-57a2d4851a1d" />
    <TestEntry testId="4efa35ac-3125-a521-7208-253d92298a56" executionId="6190619c-f1ce-4dea-ab10-b2650f144689" testListId="8c84fa94-04c1-424b-9868-57a2d4851a1d" />
    <TestEntry testId="ba737e18-d009-4d7c-6e13-52f4c654ec83" executionId="e82db716-38c3-4504-85d7-913abe2d9208" testListId="8c84fa94-04c1-424b-9868-57a2d4851a1d" />
    <TestEntry testId="af73f199-441a-68ae-4898-efc1663c19b9" executionId="f1f7e8df-958e-403c-853c-da5e319bc1b1" testListId="8c84fa94-04c1-424b-9868-57a2d4851a1d" />
    <TestEntry testId="c5439243-290e-2a67-aa6b-588710f39fb3" executionId="13b6b00b-59d7-47b0-9135-188ea7add492" testListId="8c84fa94-04c1-424b-9868-57a2d4851a1d" />
    <TestEntry testId="d28e2add-d838-2ebe-df2d-b5dd0d3b773e" executionId="9ea95efd-81f5-4ad1-8a5e-20a0afbc5e33" testListId="8c84fa94-04c1-424b-9868-57a2d4851a1d" />
    <TestEntry testId="0d1bc5db-e6c6-10df-8cf0-a0dfa7497484" executionId="0c474d76-bcec-44d8-8222-3045bed65d39" testListId="8c84fa94-04c1-424b-9868-57a2d4851a1d" />
    <TestEntry testId="d44a0649-8200-dc14-ee0f-9aa1a5e79e57" executionId="cf7efd2e-b673-4688-b8ae-6edc8abf86e4" testListId="8c84fa94-04c1-424b-9868-57a2d4851a1d" />
    <TestEntry testId="3323ac76-0104-2779-2a9d-3f5ae9693296" executionId="14733550-460b-402e-9eb3-666b0288d244" testListId="8c84fa94-04c1-424b-9868-57a2d4851a1d" />
    <TestEntry testId="76d85170-85b2-a48f-102e-aa9420de3580" executionId="ace817d7-5b89-4496-964d-e2205c0d7309" testListId="8c84fa94-04c1-424b-9868-57a2d4851a1d" />
    <TestEntry testId="7514081f-0084-9527-726e-372a541e02c5" executionId="e0abf7eb-e877-44e0-b376-9c48cbd0bab1" testListId="8c84fa94-04c1-424b-9868-57a2d4851a1d" />
    <TestEntry testId="5dc082f5-af3b-2f6f-74c8-0805bee30a46" executionId="a7315069-e7d9-4598-af11-f7bebd95ba30" testListId="8c84fa94-04c1-424b-9868-57a2d4851a1d" />
    <TestEntry testId="5ecde283-9d6a-9ecb-81fe-93b9560f7b73" executionId="7666fa20-ad23-406a-9ef9-4478bf68477c" testListId="8c84fa94-04c1-424b-9868-57a2d4851a1d" />
    <TestEntry testId="0c81c8d2-5b34-01f9-4916-14e860679bfe" executionId="8d594e10-73bb-4ae5-b3c3-8fc3fc26d652" testListId="8c84fa94-04c1-424b-9868-57a2d4851a1d" />
    <TestEntry testId="681b18e6-8ac3-1647-8149-58844d19cdf1" executionId="e615bd9f-3f53-4ae1-a823-04468a7da9ac" testListId="8c84fa94-04c1-424b-9868-57a2d4851a1d" />
    <TestEntry testId="80f5a640-ad10-06cf-9198-39d7a4c7c709" executionId="1d5b99a6-4eb5-492b-93c6-1b24ebda05c6" testListId="8c84fa94-04c1-424b-9868-57a2d4851a1d" />
    <TestEntry testId="5b76fee7-881d-69f4-bb6e-50523ab527c9" executionId="88f34ab6-87ff-49e2-8ad6-f306d53359bf" testListId="8c84fa94-04c1-424b-9868-57a2d4851a1d" />
    <TestEntry testId="20607095-992d-3bf7-849c-32032c3b5657" executionId="dc29ad38-4a57-4dba-aa65-71e030a755ed" testListId="8c84fa94-04c1-424b-9868-57a2d4851a1d" />
    <TestEntry testId="631aa61c-5891-97bd-8c16-092dfa85bf9b" executionId="625dba59-5afe-458c-b893-cfc9f01c4276" testListId="8c84fa94-04c1-424b-9868-57a2d4851a1d" />
    <TestEntry testId="6df0d294-6a13-f132-5a30-674e429b0930" executionId="b7746a67-af7f-4e2b-a635-5a18cd2c8fd3" testListId="8c84fa94-04c1-424b-9868-57a2d4851a1d" />
    <TestEntry testId="1fe96cd6-e80d-4fd9-dedb-226c16d9375d" executionId="1724ebbe-89a3-4f1a-a899-313ce9e2bc3c" testListId="8c84fa94-04c1-424b-9868-57a2d4851a1d" />
    <TestEntry testId="38ee170e-2136-8164-8076-d7d266da6388" executionId="12e44898-de1f-4ffd-aae2-750df6c27032" testListId="8c84fa94-04c1-424b-9868-57a2d4851a1d" />
    <TestEntry testId="b4c4dec7-1c5b-811f-ea83-760608d514fd" executionId="768b9acb-a151-4834-a835-9eb46d5c759e" testListId="8c84fa94-04c1-424b-9868-57a2d4851a1d" />
    <TestEntry testId="da6c3e32-e713-64a5-d755-377865e086d4" executionId="1c4564a7-2165-423e-8816-5728e08df5f0" testListId="8c84fa94-04c1-424b-9868-57a2d4851a1d" />
    <TestEntry testId="2c083ad7-fea5-5b33-ddd6-bb2be00bd90c" executionId="e4ac1999-feb1-4f9f-90f8-a2cb9cdd5673" testListId="8c84fa94-04c1-424b-9868-57a2d4851a1d" />
    <TestEntry testId="3298d961-bdaa-633a-0d61-33079be298ce" executionId="c5466082-f921-4f7e-976b-b06bd5090a43" testListId="8c84fa94-04c1-424b-9868-57a2d4851a1d" />
    <TestEntry testId="71b5be91-6e3e-5890-08ca-57e68e3990bc" executionId="7ee1edff-bfda-4629-996f-83cda7538696" testListId="8c84fa94-04c1-424b-9868-57a2d4851a1d" />
    <TestEntry testId="d810e333-5279-6858-6f15-bdf834685746" executionId="26df713f-1942-4fd6-93bc-bbc6e0372803" testListId="8c84fa94-04c1-424b-9868-57a2d4851a1d" />
    <TestEntry testId="1400f8ec-69fd-4b7f-6a20-9938aff67002" executionId="7fbf6344-44c4-407e-9d32-d8b2928c03f7" testListId="8c84fa94-04c1-424b-9868-57a2d4851a1d" />
    <TestEntry testId="ba7d1414-f471-8c90-0af7-54df538160f7" executionId="b269794a-8d0e-40f3-9873-150d581ce9c6" testListId="8c84fa94-04c1-424b-9868-57a2d4851a1d" />
    <TestEntry testId="31b9c4ce-6a9b-3b29-d842-ab748e7d275b" executionId="d669a9fc-f37c-426d-9892-a3645f34343a" testListId="8c84fa94-04c1-424b-9868-57a2d4851a1d" />
    <TestEntry testId="51b21bbe-86e0-7c92-977a-b85ebd62b755" executionId="50fbe683-2d38-489b-9506-a68a6ec48f1f" testListId="8c84fa94-04c1-424b-9868-57a2d4851a1d" />
    <TestEntry testId="4858eca7-ac2a-e51a-34d1-70891bbff583" executionId="a7300cdd-8685-4a3d-a97b-12fb6a51b797" testListId="8c84fa94-04c1-424b-9868-57a2d4851a1d" />
    <TestEntry testId="ed2134d1-cccc-7594-ff4e-6670ac477e6f" executionId="82a47683-3cf0-4f25-b3cd-451c5a4174e1" testListId="8c84fa94-04c1-424b-9868-57a2d4851a1d" />
    <TestEntry testId="c0cf2cb3-44c7-373b-4b04-bf5ce7678b68" executionId="48af56c1-442f-43f1-a5b0-d49cdcf88ce6" testListId="8c84fa94-04c1-424b-9868-57a2d4851a1d" />
    <TestEntry testId="99e7c5dd-ce54-9083-5f21-8bd4ff4149bd" executionId="ea11248b-326a-4abd-894d-58143c73cfed" testListId="8c84fa94-04c1-424b-9868-57a2d4851a1d" />
    <TestEntry testId="313d194a-30d0-d3d5-cf7b-c5a66b6b3935" executionId="041001bd-bfaf-42bc-81bf-37acd18020f9" testListId="8c84fa94-04c1-424b-9868-57a2d4851a1d" />
    <TestEntry testId="72e1721e-ca6c-63c9-59ef-8aef6ff15353" executionId="3fea9a8a-22e2-46a4-a884-659d292b2b79" testListId="8c84fa94-04c1-424b-9868-57a2d4851a1d" />
    <TestEntry testId="c212e24b-1c29-9890-50c8-57d6096284d3" executionId="07a340ca-bd89-44ee-b1fa-7867a1bd76e4" testListId="8c84fa94-04c1-424b-9868-57a2d4851a1d" />
    <TestEntry testId="45c93144-7308-3312-8730-30e05720d551" executionId="ae01172a-dba8-4a53-8a73-ea722ccd3fdf" testListId="8c84fa94-04c1-424b-9868-57a2d4851a1d" />
    <TestEntry testId="b093b261-89e9-1453-0b15-6960031e6c14" executionId="3c8e3d24-9c21-4dbd-b392-088a4e12922d" testListId="8c84fa94-04c1-424b-9868-57a2d4851a1d" />
    <TestEntry testId="5b2fabb4-e059-962c-348f-3355cdc7486e" executionId="aae542c5-9e67-4df8-826a-81ccd4fae133" testListId="8c84fa94-04c1-424b-9868-57a2d4851a1d" />
    <TestEntry testId="8de67803-7acb-6ed7-12bc-5420c17b40c0" executionId="2f3d37d9-26ec-4a97-ba8b-bc37094c3241" testListId="8c84fa94-04c1-424b-9868-57a2d4851a1d" />
    <TestEntry testId="b6713598-e21c-6f29-08f1-f4f46e42ba65" executionId="f906779b-7edb-49be-b1e3-d2b976e8ca47" testListId="8c84fa94-04c1-424b-9868-57a2d4851a1d" />
    <TestEntry testId="9538a911-f018-0a3e-26cb-52278d332f56" executionId="a3a6cc66-b289-466f-821e-27c3ee8d7f14" testListId="8c84fa94-04c1-424b-9868-57a2d4851a1d" />
    <TestEntry testId="ff7ab5c9-17cd-23b9-cfc1-99026e4f14ac" executionId="77ed84db-7cf6-4d7b-ae21-dbd328ca634f" testListId="8c84fa94-04c1-424b-9868-57a2d4851a1d" />
    <TestEntry testId="cc7d6c48-2140-f681-276a-ee6d54b1f129" executionId="b02a2bb7-1bbc-4625-8400-cd609343f5c2" testListId="8c84fa94-04c1-424b-9868-57a2d4851a1d" />
    <TestEntry testId="91970791-479f-53e8-256c-76fb4b85cf1d" executionId="0c04fce3-58c8-4dc0-a26a-da3434c29e1e" testListId="8c84fa94-04c1-424b-9868-57a2d4851a1d" />
    <TestEntry testId="c0622c05-a365-df5b-d83a-27dce2d844ee" executionId="6ad3d02a-a7c9-476c-825f-085bd8450ca0" testListId="8c84fa94-04c1-424b-9868-57a2d4851a1d" />
    <TestEntry testId="38b0259f-0bcb-8aec-4c3f-6a948a320426" executionId="6ff49476-e561-4206-b763-1b89c9055e51" testListId="8c84fa94-04c1-424b-9868-57a2d4851a1d" />
    <TestEntry testId="05d3ca05-7d6a-4ccb-9500-bddd30f80ece" executionId="9876066a-2714-4edf-8f0f-4f56501b7bb6" testListId="8c84fa94-04c1-424b-9868-57a2d4851a1d" />
    <TestEntry testId="65d35c13-0e19-06e3-2b90-fbf07f6234bd" executionId="7f5b600e-93bc-4639-8f13-0f3d69b177e2" testListId="8c84fa94-04c1-424b-9868-57a2d4851a1d" />
    <TestEntry testId="f9dc9c7a-bf0e-4c02-1f2d-1fd4e69c7538" executionId="b157b67b-62d9-4247-83a2-799dc8f0e1f3" testListId="8c84fa94-04c1-424b-9868-57a2d4851a1d" />
    <TestEntry testId="c0741e8d-b0f9-ca5e-e02e-02960c9e164f" executionId="d5d8587c-a2df-46eb-8546-a1c74dfabb1e" testListId="8c84fa94-04c1-424b-9868-57a2d4851a1d" />
    <TestEntry testId="3326d350-1af4-4add-085b-c52b861e91af" executionId="9781e01b-d862-4724-90ac-c8d42dd701a1" testListId="8c84fa94-04c1-424b-9868-57a2d4851a1d" />
    <TestEntry testId="6205fc96-eb71-1460-755c-461fb37bb024" executionId="ededc49c-17da-4742-8e84-9357c83edb6e" testListId="8c84fa94-04c1-424b-9868-57a2d4851a1d" />
    <TestEntry testId="3fe65711-0b55-7192-8237-90b45a462066" executionId="9ba67e60-3822-4ab9-acc5-78e670f4da71" testListId="8c84fa94-04c1-424b-9868-57a2d4851a1d" />
    <TestEntry testId="95df1eac-f3bd-b207-f98c-5233af246763" executionId="ef894b5a-4de1-4297-83b9-6b7a491cfcec" testListId="8c84fa94-04c1-424b-9868-57a2d4851a1d" />
    <TestEntry testId="8d5bed77-8b58-0b0c-25f0-22107332d09a" executionId="4f63faa6-5a71-4834-bf15-4708c4920eb5" testListId="8c84fa94-04c1-424b-9868-57a2d4851a1d" />
    <TestEntry testId="d0cd8d38-2083-8dfe-21da-1692537b41cc" executionId="5afc028d-aaf5-4aff-a3b9-e3dd9454dbbe" testListId="8c84fa94-04c1-424b-9868-57a2d4851a1d" />
    <TestEntry testId="f6807856-920c-b4f6-bd05-450a0bb2d3bd" executionId="7b9a3b34-a05c-4332-b015-f9e06ca9e53d" testListId="8c84fa94-04c1-424b-9868-57a2d4851a1d" />
    <TestEntry testId="028a745a-d396-f185-341f-56b2c46b3ca2" executionId="f9a1f161-51a3-4375-b08b-c6a487d1c943" testListId="8c84fa94-04c1-424b-9868-57a2d4851a1d" />
    <TestEntry testId="4c68b106-0b95-e518-2e9e-d72489df9e7e" executionId="25c0772e-b59f-4e65-8ec4-c7d4bc61f912" testListId="8c84fa94-04c1-424b-9868-57a2d4851a1d" />
    <TestEntry testId="6517f205-88c6-f2fb-89fe-a931711e4343" executionId="7fe066f7-8f63-4497-b08e-57ef6acf664b" testListId="8c84fa94-04c1-424b-9868-57a2d4851a1d" />
    <TestEntry testId="e605935b-b7df-1383-2d29-96bb8b33e684" executionId="6bb0c66e-0187-4276-a213-f938e007ca56" testListId="8c84fa94-04c1-424b-9868-57a2d4851a1d" />
    <TestEntry testId="0a0bc23b-0e81-f4f7-edb6-cfc0213b6904" executionId="f86ba957-5287-4d6f-8a31-1dc5c7b777ff" testListId="8c84fa94-04c1-424b-9868-57a2d4851a1d" />
    <TestEntry testId="6c083eac-7cf7-3a47-1845-0ff85783e0c1" executionId="560ac6d7-29e2-4f08-9f24-13783db49c02" testListId="8c84fa94-04c1-424b-9868-57a2d4851a1d" />
    <TestEntry testId="2472258e-8be8-7772-0b75-b4a3d535f097" executionId="0a226677-ff7e-40b9-802b-236f1a3aabc5" testListId="8c84fa94-04c1-424b-9868-57a2d4851a1d" />
    <TestEntry testId="273a20e0-541a-4005-532d-de3663197643" executionId="fc99213b-c3a3-4d67-94f1-610b4fd9ced3" testListId="8c84fa94-04c1-424b-9868-57a2d4851a1d" />
    <TestEntry testId="f0e62743-f005-ab34-4606-22275729a052" executionId="5a40d4c9-ae1a-443a-a90d-c96bfa25b2a1" testListId="8c84fa94-04c1-424b-9868-57a2d4851a1d" />
    <TestEntry testId="124aa2c1-a584-951a-b578-c58272b94396" executionId="3caf6204-74a4-4a94-913e-b2344ef46344" testListId="8c84fa94-04c1-424b-9868-57a2d4851a1d" />
    <TestEntry testId="09f7512b-fcad-449f-b8a9-c32911a23969" executionId="7e1aaf80-5e73-4add-935f-a4b4eefbf558" testListId="8c84fa94-04c1-424b-9868-57a2d4851a1d" />
    <TestEntry testId="b9639a73-b99d-241a-c8a5-6c3a19c63133" executionId="9c9a4279-c9cf-4a34-a145-d599a78ca53c" testListId="8c84fa94-04c1-424b-9868-57a2d4851a1d" />
    <TestEntry testId="ebd1aa40-63da-115b-f2a9-d23a543d03a1" executionId="48939a8c-c0ea-4173-9d5e-8cc3dde81299" testListId="8c84fa94-04c1-424b-9868-57a2d4851a1d" />
    <TestEntry testId="4125f8c2-231a-89ba-d149-611a4ab9d212" executionId="0d204702-10e6-486f-870d-513c39458472" testListId="8c84fa94-04c1-424b-9868-57a2d4851a1d" />
    <TestEntry testId="534fc948-8601-de40-7f94-04ae4333536f" executionId="c808fe5a-7eee-40ba-80de-0ba0c0218d19" testListId="8c84fa94-04c1-424b-9868-57a2d4851a1d" />
    <TestEntry testId="112056a7-90b6-3caa-8868-b79786565857" executionId="0bd11e30-fba0-4825-a742-65222072dd06" testListId="8c84fa94-04c1-424b-9868-57a2d4851a1d" />
    <TestEntry testId="8181cd4b-8454-73ed-8ced-01a1dc2b25c3" executionId="fd239a04-9374-4811-8dc8-7d92337dd154" testListId="8c84fa94-04c1-424b-9868-57a2d4851a1d" />
    <TestEntry testId="9ecb75d8-2160-8266-876b-6361db8213dc" executionId="81887657-9fe9-4826-ba1b-7670fcfb1a62" testListId="8c84fa94-04c1-424b-9868-57a2d4851a1d" />
    <TestEntry testId="0fe69b56-67e1-3f07-b6ce-8076afaa9bd7" executionId="46272693-4f9b-4851-bd06-1b1503c2f66d" testListId="8c84fa94-04c1-424b-9868-57a2d4851a1d" />
    <TestEntry testId="3b87d198-4b64-d5ab-66c4-ae53f55f5bdf" executionId="122df151-4bc7-409d-b019-0caeadf7523c" testListId="8c84fa94-04c1-424b-9868-57a2d4851a1d" />
    <TestEntry testId="80d0ff60-cfaf-35b0-6f6e-60db427c7f85" executionId="7553fd79-8f7c-431b-a520-609b562367d6" testListId="8c84fa94-04c1-424b-9868-57a2d4851a1d" />
    <TestEntry testId="7200fbe8-0633-195a-0e4f-25258446a0dd" executionId="fce5c0ec-c912-494a-b1ab-45f24219ef5f" testListId="8c84fa94-04c1-424b-9868-57a2d4851a1d" />
    <TestEntry testId="dbf6f9ae-d4e2-c907-2228-ff1a571678a6" executionId="5e019b12-45ee-4337-b220-58bf1a1bb32f" testListId="8c84fa94-04c1-424b-9868-57a2d4851a1d" />
    <TestEntry testId="83514fd2-fce2-f5cf-b4b1-7b2bd8509222" executionId="f6df61ae-a567-43f5-885e-9cf1512870eb" testListId="8c84fa94-04c1-424b-9868-57a2d4851a1d" />
    <TestEntry testId="cf6ce7eb-96c1-8a55-15f9-4fb2522dc822" executionId="3af788c7-4693-4cd3-92d5-9c27bd7559a9" testListId="8c84fa94-04c1-424b-9868-57a2d4851a1d" />
    <TestEntry testId="1fffb893-3987-58da-ed03-e4f32e271dc9" executionId="208a683b-9a94-46ac-87a2-01ce28efeec3" testListId="8c84fa94-04c1-424b-9868-57a2d4851a1d" />
    <TestEntry testId="034f9192-5731-ab77-854c-d5ad3844ecab" executionId="9dd0bf76-4551-4f62-99c0-06b547ef650c" testListId="8c84fa94-04c1-424b-9868-57a2d4851a1d" />
    <TestEntry testId="9af1084a-697b-14e3-b169-a799a0af5e73" executionId="c9382e26-7aa2-4778-ad9e-a64f9bd5f0db" testListId="8c84fa94-04c1-424b-9868-57a2d4851a1d" />
    <TestEntry testId="72b4af26-389d-d3a5-e933-0620092c06be" executionId="9f2a60d2-155a-45a3-bc3f-e84b75567636" testListId="8c84fa94-04c1-424b-9868-57a2d4851a1d" />
    <TestEntry testId="a2cb1a23-585c-77f0-4371-0762318d91ff" executionId="5e1c7642-2e52-4ffe-a03f-b5df4bbf9bed" testListId="8c84fa94-04c1-424b-9868-57a2d4851a1d" />
    <TestEntry testId="491a28af-9dc3-1b63-07e3-54fe5ff8a2ad" executionId="9afdfd76-93fd-40f6-8f79-a1cacb0e7d36" testListId="8c84fa94-04c1-424b-9868-57a2d4851a1d" />
    <TestEntry testId="9f74ffc2-1a7b-4759-a337-57d1812dbf3f" executionId="c6989b97-8070-4441-a2f9-2b3ab244eea4" testListId="8c84fa94-04c1-424b-9868-57a2d4851a1d" />
    <TestEntry testId="731a3faa-831a-30a7-eac4-75c26e15a8d7" executionId="fd2dd61e-4fee-4e49-a337-0e4e101d351e" testListId="8c84fa94-04c1-424b-9868-57a2d4851a1d" />
    <TestEntry testId="99085e4f-7a45-28dd-d73e-76b910959f1c" executionId="a563e7af-64bd-4c20-9b89-9aff6a51d661" testListId="8c84fa94-04c1-424b-9868-57a2d4851a1d" />
    <TestEntry testId="73278ab4-3d1d-b883-d827-3ea861390441" executionId="13b218b7-d135-4b76-94fb-c1943ac943c9" testListId="8c84fa94-04c1-424b-9868-57a2d4851a1d" />
    <TestEntry testId="b9aabaf1-a1cb-6124-f2ee-69eb1bbe949b" executionId="d29c8c49-d74d-4d6f-9225-6d5c372974cf" testListId="8c84fa94-04c1-424b-9868-57a2d4851a1d" />
    <TestEntry testId="0010af2c-264b-9fa0-ca85-4bef95661f34" executionId="7e084446-c66f-4c4e-af0d-601a9dfa8434" testListId="8c84fa94-04c1-424b-9868-57a2d4851a1d" />
    <TestEntry testId="78d10de8-2dc4-0b77-ab9e-9a161423da54" executionId="a29b7dd1-95a4-4d91-ae87-9975b14b1d13" testListId="8c84fa94-04c1-424b-9868-57a2d4851a1d" />
    <TestEntry testId="ca982acc-6d3c-04e3-1b49-3eea6c1f73fe" executionId="0815af04-5852-4695-95c8-83a74b71b79b" testListId="8c84fa94-04c1-424b-9868-57a2d4851a1d" />
    <TestEntry testId="081d3b2d-f16b-400c-9941-d599ff407e21" executionId="8e7bc4fe-b1ec-4552-98b2-0dd5e9459726" testListId="8c84fa94-04c1-424b-9868-57a2d4851a1d" />
    <TestEntry testId="c0952508-ec1e-97b9-fe02-0c1a5085abd7" executionId="9a06ef96-fe6a-4f89-8c26-5248ea2a1dc7" testListId="8c84fa94-04c1-424b-9868-57a2d4851a1d" />
    <TestEntry testId="a00a0db9-3140-48ef-5f63-6a059b1f6f40" executionId="4e912e38-dda6-4a63-9725-ed3441a123d1" testListId="8c84fa94-04c1-424b-9868-57a2d4851a1d" />
    <TestEntry testId="9e381b2f-7758-75e7-1187-5359a7cc2fcf" executionId="3a4b7316-f996-4f40-a07d-3b068cf0401b" testListId="8c84fa94-04c1-424b-9868-57a2d4851a1d" />
    <TestEntry testId="5f1f475f-1270-641d-7d41-d4acd777aabd" executionId="c8aa3700-0a79-4e41-a142-cb8c1dcf873c" testListId="8c84fa94-04c1-424b-9868-57a2d4851a1d" />
    <TestEntry testId="f5005d81-5a9b-ef44-7fc2-52377fae83f4" executionId="d2609ebc-6371-4671-880d-00b50700a930" testListId="8c84fa94-04c1-424b-9868-57a2d4851a1d" />
    <TestEntry testId="8c128bb7-55c2-1507-f225-4df0c4a48630" executionId="013fe926-03a0-4a45-85bf-8a966c69c094" testListId="8c84fa94-04c1-424b-9868-57a2d4851a1d" />
    <TestEntry testId="241187d4-ddc3-99e8-1041-3b3411c6c907" executionId="09a15eb5-3e16-4a40-9424-1dcc15692602" testListId="8c84fa94-04c1-424b-9868-57a2d4851a1d" />
    <TestEntry testId="b260e8fd-b664-9d96-9944-4c7dd9ae1851" executionId="51e221a7-3a8f-4b21-8411-bf69b93e783a" testListId="8c84fa94-04c1-424b-9868-57a2d4851a1d" />
    <TestEntry testId="8dcae478-7176-db28-16c0-e91e0d918df3" executionId="ed17b73a-6a31-4faf-a15f-3ef0bbbd9792" testListId="8c84fa94-04c1-424b-9868-57a2d4851a1d" />
    <TestEntry testId="23aaa466-cf05-d364-17da-f1d2a5004cf2" executionId="e7e003a0-a84e-4cb8-9d7a-079e4898c7ec" testListId="8c84fa94-04c1-424b-9868-57a2d4851a1d" />
    <TestEntry testId="14379ebb-9dd5-379e-3072-3bfd6770d049" executionId="8f338196-0219-4d4d-9803-b5d1e9f964f7" testListId="8c84fa94-04c1-424b-9868-57a2d4851a1d" />
    <TestEntry testId="31d7ba44-de75-ed55-66c6-b51937c13355" executionId="c985851a-93ad-4cae-85b3-ea310da4eb1f" testListId="8c84fa94-04c1-424b-9868-57a2d4851a1d" />
    <TestEntry testId="4e2fa441-f609-cc78-7eb6-a2fea9348b3f" executionId="7cdde72b-21fe-480b-818c-f821d5d4b3c6" testListId="8c84fa94-04c1-424b-9868-57a2d4851a1d" />
    <TestEntry testId="f962f016-220b-dd5b-3c75-15629456e786" executionId="e8e452f7-fa00-4539-8820-3478ad9c6149" testListId="8c84fa94-04c1-424b-9868-57a2d4851a1d" />
    <TestEntry testId="2155bccb-482b-2346-834b-1eb7ea617ead" executionId="c70a51e4-a994-4faf-ac09-024e3f208485" testListId="8c84fa94-04c1-424b-9868-57a2d4851a1d" />
    <TestEntry testId="6a7d9b76-8e51-2dd0-7599-1dd99ccb1f30" executionId="8f09f664-b8a6-4601-bcfd-6724272b969c" testListId="8c84fa94-04c1-424b-9868-57a2d4851a1d" />
    <TestEntry testId="5987d0c7-7679-adcc-a7d5-76af40a4f7f5" executionId="71831299-d700-42de-a909-b7baa3b325a9" testListId="8c84fa94-04c1-424b-9868-57a2d4851a1d" />
    <TestEntry testId="31ad7a80-5373-effd-b719-cfe8b75a74c8" executionId="7f9e8d16-97de-4fcf-93ee-5c358b7d6a57" testListId="8c84fa94-04c1-424b-9868-57a2d4851a1d" />
    <TestEntry testId="d9021346-4b7d-e467-848a-6a660c41636c" executionId="5babd71f-e135-49aa-8c03-6dc343a1aa3a" testListId="8c84fa94-04c1-424b-9868-57a2d4851a1d" />
    <TestEntry testId="084c3ea0-3fae-0089-ccac-97b8aadd0b60" executionId="19871672-3e6d-401e-b9cf-32a76a9570ae" testListId="8c84fa94-04c1-424b-9868-57a2d4851a1d" />
    <TestEntry testId="8a119c68-dcc0-dba7-c987-45fbb976469b" executionId="bc6d06a7-8d0f-445f-911f-11b80529c4b6" testListId="8c84fa94-04c1-424b-9868-57a2d4851a1d" />
    <TestEntry testId="30db28b2-ac34-8d8e-c566-68b2f6bb1d51" executionId="43c194a5-47c5-4578-808b-e3f40c565195" testListId="8c84fa94-04c1-424b-9868-57a2d4851a1d" />
    <TestEntry testId="80a788de-88e0-32bd-4244-9850aa1ba44f" executionId="787441ab-dfb6-4a99-bb71-e9e569ec416a" testListId="8c84fa94-04c1-424b-9868-57a2d4851a1d" />
    <TestEntry testId="c3c40199-4dcb-06d9-bd7e-201cb412e68f" executionId="0a5ffc45-ce95-4c46-829c-83d73b577569" testListId="8c84fa94-04c1-424b-9868-57a2d4851a1d" />
    <TestEntry testId="4d4e339b-9d29-e85f-f9ef-3112de40381f" executionId="4b0e6e6e-ce70-4338-82de-4834fc998460" testListId="8c84fa94-04c1-424b-9868-57a2d4851a1d" />
    <TestEntry testId="691fc6f3-8d98-645e-59dc-63e6708e6080" executionId="7a7604e2-a0c1-4cc0-94d3-5a46fee74d19" testListId="8c84fa94-04c1-424b-9868-57a2d4851a1d" />
    <TestEntry testId="6079b9dd-99aa-436d-ae95-d982e753c815" executionId="1ea7c8dc-860a-4905-b352-05af6662bb5c" testListId="8c84fa94-04c1-424b-9868-57a2d4851a1d" />
    <TestEntry testId="7c86c7d1-a9a4-3305-ae10-fdb7acd65489" executionId="fbf94e4a-4088-4ba3-aefc-d7c02688b3c1" testListId="8c84fa94-04c1-424b-9868-57a2d4851a1d" />
    <TestEntry testId="0875efbb-c25e-506a-0639-785cadf1bec9" executionId="d792e7d5-5dd2-4c74-a2e3-8c461d3c1b2b" testListId="8c84fa94-04c1-424b-9868-57a2d4851a1d" />
    <TestEntry testId="1cc15eeb-9d05-d094-9231-53ade30093a7" executionId="889ac57a-1890-4ffc-b163-7bd455430584" testListId="8c84fa94-04c1-424b-9868-57a2d4851a1d" />
    <TestEntry testId="99f07415-68e4-3476-dd07-6ad55eba383b" executionId="b150fc7c-49d9-4d52-a40e-ec3a0bd02333" testListId="8c84fa94-04c1-424b-9868-57a2d4851a1d" />
    <TestEntry testId="fbdffebc-5b1f-3fc0-8f3a-0ed85a2faf6a" executionId="05ccddd8-362a-4bd3-8ef6-65f629021551" testListId="8c84fa94-04c1-424b-9868-57a2d4851a1d" />
    <TestEntry testId="01a9775b-5693-bd58-011d-1e4a65370397" executionId="78f9daff-ca0a-432c-8f96-fb2e792eaca1" testListId="8c84fa94-04c1-424b-9868-57a2d4851a1d" />
    <TestEntry testId="05d28227-9bee-a7ac-5d44-a19da1f5106c" executionId="52b21ea6-6bb0-41ce-b41a-166b23345ecd" testListId="8c84fa94-04c1-424b-9868-57a2d4851a1d" />
    <TestEntry testId="6e911663-e259-5040-7b6f-54c63fac8b3c" executionId="f009a92c-f4cb-4d9a-9f6c-0aa58333b52b" testListId="8c84fa94-04c1-424b-9868-57a2d4851a1d" />
    <TestEntry testId="f2358686-aae0-414b-7a27-d43a959b03da" executionId="1b84f82c-46b8-4b61-bdd7-43f00097f6a7" testListId="8c84fa94-04c1-424b-9868-57a2d4851a1d" />
    <TestEntry testId="de2d22dc-e411-4a1b-48db-f6f07906b5fb" executionId="364e24ca-9895-4221-8fb8-f8d89440e625" testListId="8c84fa94-04c1-424b-9868-57a2d4851a1d" />
    <TestEntry testId="0af3eea6-5817-a867-a6c4-92fe1e3e316c" executionId="cc843acf-f2db-4911-b8b9-28a85fb9110d" testListId="8c84fa94-04c1-424b-9868-57a2d4851a1d" />
    <TestEntry testId="a73e7657-df2c-963a-69ef-cc5459fb4c2b" executionId="73764f00-d019-4c25-89f1-ef44ede11f98" testListId="8c84fa94-04c1-424b-9868-57a2d4851a1d" />
    <TestEntry testId="ab2272df-129a-10d0-4d80-4c6fcfe702e8" executionId="8e90db77-8ae4-439e-91fd-0aa96fd98337" testListId="8c84fa94-04c1-424b-9868-57a2d4851a1d" />
    <TestEntry testId="ae0a2a8f-7404-db1c-88e4-d4970f3642af" executionId="bb1c0d23-bd0f-486d-9560-a1f10280ec75" testListId="8c84fa94-04c1-424b-9868-57a2d4851a1d" />
    <TestEntry testId="567ca57c-5cc0-0e6c-fd41-e20b10f40469" executionId="69f6a285-2d39-4089-912c-738a794b56d2" testListId="8c84fa94-04c1-424b-9868-57a2d4851a1d" />
    <TestEntry testId="b2d498a1-af9b-33b8-aa18-e8644e9da7f1" executionId="defa0bd1-bc72-44ec-b230-7430e34ba180" testListId="8c84fa94-04c1-424b-9868-57a2d4851a1d" />
    <TestEntry testId="ed116d32-6ba7-9bd1-6680-6c13ee07292b" executionId="426f820a-0ac2-4707-8a54-6e642fbe7883" testListId="8c84fa94-04c1-424b-9868-57a2d4851a1d" />
    <TestEntry testId="4167d107-473f-7d0a-c3aa-2c271677cfd1" executionId="39626cd6-5cb1-48c8-a6a1-2236eaff1df3" testListId="8c84fa94-04c1-424b-9868-57a2d4851a1d" />
    <TestEntry testId="a006362c-c876-0d68-dfa7-4b9381a2f95f" executionId="eb255b13-35a8-4409-a1c7-b12c6cbb5303" testListId="8c84fa94-04c1-424b-9868-57a2d4851a1d" />
    <TestEntry testId="11729d1c-6c6a-9fce-9d88-8ebfff125cf6" executionId="0d6c32bc-1b9c-4db3-9eaa-669c8e244303" testListId="8c84fa94-04c1-424b-9868-57a2d4851a1d" />
    <TestEntry testId="55a64d0e-8de2-b5b6-7b28-338aaabcb504" executionId="4571c2b0-0737-4e0e-8709-32c17b72719e" testListId="8c84fa94-04c1-424b-9868-57a2d4851a1d" />
    <TestEntry testId="5a63deb4-703f-d2ca-862c-112038163809" executionId="2e94cdc8-0cff-4a52-811a-d3aef648b066" testListId="8c84fa94-04c1-424b-9868-57a2d4851a1d" />
    <TestEntry testId="dffdcee4-e2c7-a486-318f-edaed8877c4d" executionId="c00845fb-1bbc-4d33-bff8-46d163643045" testListId="8c84fa94-04c1-424b-9868-57a2d4851a1d" />
    <TestEntry testId="34d55980-db04-996b-37e3-5ad72dcd15ab" executionId="8de39da1-8949-46e5-8ab5-a9a8e182ab0a" testListId="8c84fa94-04c1-424b-9868-57a2d4851a1d" />
    <TestEntry testId="0e8e9a77-632c-db52-e40d-d7b033807f15" executionId="688b15e9-9f71-4eac-9744-5208e9c32899" testListId="8c84fa94-04c1-424b-9868-57a2d4851a1d" />
    <TestEntry testId="2cd8497b-7c7c-c528-555b-f107e750a1a0" executionId="a04241bf-9b2d-419b-af3b-5b63281eed54" testListId="8c84fa94-04c1-424b-9868-57a2d4851a1d" />
    <TestEntry testId="9c7fd1db-1277-0ff0-b26a-428fd3366acd" executionId="6ca16534-3e07-4987-b817-a9cd374599c5" testListId="8c84fa94-04c1-424b-9868-57a2d4851a1d" />
    <TestEntry testId="bcd181d1-3270-76f5-9678-f35a85b0fff1" executionId="12c3ce70-5a54-42e3-9c08-5b10a5043ba8" testListId="8c84fa94-04c1-424b-9868-57a2d4851a1d" />
    <TestEntry testId="613b2ffe-17c7-a1b7-9417-e8c0c951aa41" executionId="00cd8dc4-5213-4229-a424-ec38a4aa85cd" testListId="8c84fa94-04c1-424b-9868-57a2d4851a1d" />
    <TestEntry testId="95359d07-8287-2be5-3354-cb2f7f60a3bf" executionId="d33bcab6-097e-42fa-a77f-cc854bf4b6d7" testListId="8c84fa94-04c1-424b-9868-57a2d4851a1d" />
    <TestEntry testId="a5c380fd-7aff-7b69-c8d6-5989b9e204c5" executionId="ae51a949-65e4-4ad9-98d1-12d59d7e7974" testListId="8c84fa94-04c1-424b-9868-57a2d4851a1d" />
    <TestEntry testId="bc7abd1f-cc07-f32a-8331-b644dd93f120" executionId="fb7e7b98-718b-4b84-a779-80bb07dff7c9" testListId="8c84fa94-04c1-424b-9868-57a2d4851a1d" />
    <TestEntry testId="03e8826c-20fc-cadf-51a4-fe54882f4740" executionId="a26b00fe-4bc3-4c9f-bf4c-79ff96c86923" testListId="8c84fa94-04c1-424b-9868-57a2d4851a1d" />
    <TestEntry testId="9feffc56-b6c3-64a3-e834-86f62ce8266d" executionId="f78b5cf7-8a38-4e4b-bce5-afde153badb6" testListId="8c84fa94-04c1-424b-9868-57a2d4851a1d" />
    <TestEntry testId="fe704e3e-6170-ffae-ef99-e24643abf4f9" executionId="76fe10a6-426b-4d74-838c-a243c923971c" testListId="8c84fa94-04c1-424b-9868-57a2d4851a1d" />
    <TestEntry testId="1d527cfe-7183-7ac1-a7ed-260bd5e5ccfa" executionId="cd4ab72c-57fc-415f-914f-f3fe466b2283" testListId="8c84fa94-04c1-424b-9868-57a2d4851a1d" />
    <TestEntry testId="58fbd806-2ce4-1de9-b5f6-010d0ee1cbfa" executionId="9745358b-a98a-407b-8b79-13b35e0bcd72" testListId="8c84fa94-04c1-424b-9868-57a2d4851a1d" />
    <TestEntry testId="c5891e20-1607-2f4b-ec62-b83eb87653c6" executionId="e36468f1-5028-4456-9139-6f33c3ccba49" testListId="8c84fa94-04c1-424b-9868-57a2d4851a1d" />
    <TestEntry testId="181c235a-8f4f-6777-859c-d2eff1a2ae91" executionId="6dc359d3-c18f-4fc8-8974-f355d12a97b5" testListId="8c84fa94-04c1-424b-9868-57a2d4851a1d" />
    <TestEntry testId="fdb8f5e8-aebb-9f4d-e956-1151e0f88117" executionId="2fd36ee1-f501-49a6-9644-c18f5a3519e0" testListId="8c84fa94-04c1-424b-9868-57a2d4851a1d" />
    <TestEntry testId="aef73524-5efd-2ad9-76a4-22b643281e1e" executionId="06f772ea-e187-412d-9d89-d52bda4363fc" testListId="8c84fa94-04c1-424b-9868-57a2d4851a1d" />
    <TestEntry testId="a9fb7030-78aa-b78d-bae0-0e3e80a09140" executionId="6478a780-ef9a-4433-ad5a-074259dfcc46" testListId="8c84fa94-04c1-424b-9868-57a2d4851a1d" />
    <TestEntry testId="75f79a5e-625f-18cb-34f2-c39806bd0036" executionId="08dba986-664b-4f2e-8825-11bced665fd7" testListId="8c84fa94-04c1-424b-9868-57a2d4851a1d" />
    <TestEntry testId="b8787739-4c07-b11a-eff9-c330a8615328" executionId="db5cc66d-9e8c-4e19-aa0e-0ffcc48f45f8" testListId="8c84fa94-04c1-424b-9868-57a2d4851a1d" />
    <TestEntry testId="3dca0048-5c2b-c7cd-4eca-6367cfc4f1ca" executionId="39d8f620-0055-46ef-832b-212f9224dc22" testListId="8c84fa94-04c1-424b-9868-57a2d4851a1d" />
    <TestEntry testId="5605ffe3-47bf-edde-5207-79dd7a259fef" executionId="aa0def21-85fc-4cf5-bada-66eb10de567b" testListId="8c84fa94-04c1-424b-9868-57a2d4851a1d" />
    <TestEntry testId="d4cfd815-487d-e378-1f28-dc4676158012" executionId="9fd7d430-4a31-4426-806b-97ab610b9ffe" testListId="8c84fa94-04c1-424b-9868-57a2d4851a1d" />
    <TestEntry testId="4e1f3ab2-e30f-84ab-8c3f-ffbda0a749a7" executionId="4f92dcf0-2169-4ee5-b3e1-a819027279e3" testListId="8c84fa94-04c1-424b-9868-57a2d4851a1d" />
    <TestEntry testId="9c810ece-be18-f9ed-3cc8-f43cbbe8d789" executionId="5eb71e35-17ef-4601-8d9e-451791e2c250" testListId="8c84fa94-04c1-424b-9868-57a2d4851a1d" />
    <TestEntry testId="76ad8ec9-5ccc-b3a3-7c1b-d549d0dbd095" executionId="313db374-89da-40de-bcb7-20779c4257dc" testListId="8c84fa94-04c1-424b-9868-57a2d4851a1d" />
    <TestEntry testId="9a37fdb2-9bc9-44c3-d032-3d58a5dce31d" executionId="9ee4009f-9028-4774-a4a4-25dc5841e28d" testListId="8c84fa94-04c1-424b-9868-57a2d4851a1d" />
    <TestEntry testId="97d8215e-c1fc-21f7-065d-165363a0a007" executionId="80603ac3-99c0-424b-9b18-fc4c41e1fd03" testListId="8c84fa94-04c1-424b-9868-57a2d4851a1d" />
    <TestEntry testId="fdef4ad6-20d8-042a-63d8-5826de557b18" executionId="61171ccd-8ff9-4422-b02a-bc4b41d5ee21" testListId="8c84fa94-04c1-424b-9868-57a2d4851a1d" />
    <TestEntry testId="7b9b1040-51d8-c2e6-1ac0-cb113e76a56a" executionId="b88dde3e-b0f6-4659-86df-dfc3b861979a" testListId="8c84fa94-04c1-424b-9868-57a2d4851a1d" />
    <TestEntry testId="0751b11b-a6a8-a4ef-30e1-f910838570cb" executionId="c7647286-b473-499d-8f81-a2557bf4cd66" testListId="8c84fa94-04c1-424b-9868-57a2d4851a1d" />
    <TestEntry testId="5c121ce3-0aab-ab5b-cce0-b7a13bf9bb3a" executionId="5a40bccb-2b12-42ce-a728-c7f260f6357d" testListId="8c84fa94-04c1-424b-9868-57a2d4851a1d" />
    <TestEntry testId="bb2394ba-110a-90c0-2182-1e3775f73d05" executionId="97bf6764-9f77-4829-95e2-d7f68d66c2cc" testListId="8c84fa94-04c1-424b-9868-57a2d4851a1d" />
    <TestEntry testId="843293b0-7cce-f386-da63-2fb428fb7828" executionId="8df11bd3-9531-458b-8093-ab1226fadd3f" testListId="8c84fa94-04c1-424b-9868-57a2d4851a1d" />
    <TestEntry testId="2b440940-2efe-cdba-d4a2-2746340ee3bc" executionId="11bb0d77-753a-4c17-a574-1012eb5c97ea" testListId="8c84fa94-04c1-424b-9868-57a2d4851a1d" />
    <TestEntry testId="97fa9539-2f5b-d008-d8ef-c0d60778ca89" executionId="4a115d43-f1c2-476a-b7df-b04e5b6b8cc6" testListId="8c84fa94-04c1-424b-9868-57a2d4851a1d" />
    <TestEntry testId="63140182-f7a2-6346-fbd9-3f80901df2c9" executionId="c264c041-c47a-40fa-bef2-502f6d9d60c3" testListId="8c84fa94-04c1-424b-9868-57a2d4851a1d" />
    <TestEntry testId="d99ced1b-9ef8-b735-4a70-4562dc79a9d0" executionId="2149a26e-8a28-4431-a78c-858034f8859d" testListId="8c84fa94-04c1-424b-9868-57a2d4851a1d" />
    <TestEntry testId="dd2dd033-1470-57eb-5d97-02eb255fcb1f" executionId="4e0b8d15-addd-4413-8eb0-e49d82269d3c" testListId="8c84fa94-04c1-424b-9868-57a2d4851a1d" />
    <TestEntry testId="178d037f-daf8-5717-a393-b090c90da1cf" executionId="8f50b065-a69a-468a-85d0-c899c5890a01" testListId="8c84fa94-04c1-424b-9868-57a2d4851a1d" />
    <TestEntry testId="9ee4d82e-bba5-9c6c-1803-31366568eb6e" executionId="68fca3bf-4b53-417e-a5b7-8b99403d2826" testListId="8c84fa94-04c1-424b-9868-57a2d4851a1d" />
    <TestEntry testId="c31c3c04-c374-418e-36fc-0c705f1df093" executionId="f9ca4ab9-93d9-44f9-9d7d-bd84561aefc0" testListId="8c84fa94-04c1-424b-9868-57a2d4851a1d" />
    <TestEntry testId="1a44af6f-888e-1f8e-a00f-e2d743b26f12" executionId="84fe16aa-9ea6-4dea-b284-5cc3c7fda245" testListId="8c84fa94-04c1-424b-9868-57a2d4851a1d" />
    <TestEntry testId="264c060b-2c06-6e92-2e7b-9f27ddffeba4" executionId="312e487a-b1c3-48b1-a279-69a010ae46ab" testListId="8c84fa94-04c1-424b-9868-57a2d4851a1d" />
    <TestEntry testId="4c9ec316-0614-0ed3-d3e3-ff9a3542b3e8" executionId="26db41a4-e27e-486b-8d75-307afcae5141" testListId="8c84fa94-04c1-424b-9868-57a2d4851a1d" />
    <TestEntry testId="24bb58fc-f26e-f596-3b94-0fe50e90026c" executionId="1717e575-4100-4d8c-82b4-60af6182defb" testListId="8c84fa94-04c1-424b-9868-57a2d4851a1d" />
    <TestEntry testId="e238bfca-4b11-493d-42eb-8f12a1ef721f" executionId="2f695330-31c4-4bd2-9220-f8fba213e648" testListId="8c84fa94-04c1-424b-9868-57a2d4851a1d" />
    <TestEntry testId="2f04d734-6778-0b79-9d14-d79b1e3bb130" executionId="c9bb1be9-6eae-4d91-bbe8-f589a1fee32c" testListId="8c84fa94-04c1-424b-9868-57a2d4851a1d" />
    <TestEntry testId="183dfbce-4b57-7750-e87b-9eb6c830ba31" executionId="944156b6-f023-417f-a041-6000a71cc1b3" testListId="8c84fa94-04c1-424b-9868-57a2d4851a1d" />
    <TestEntry testId="db653531-1a7a-b4d6-7b77-97b13719461c" executionId="09a6ba6f-b265-46cd-897d-795b045b0a66" testListId="8c84fa94-04c1-424b-9868-57a2d4851a1d" />
    <TestEntry testId="a1b1cd1d-1429-3ac2-3b82-a26d05133f17" executionId="80ae18e8-14c9-45a0-92e5-53b9f4a46bb8" testListId="8c84fa94-04c1-424b-9868-57a2d4851a1d" />
    <TestEntry testId="ff96b5de-94eb-fc99-362b-5102f1ace758" executionId="4d088044-85c8-4984-9507-033dc532985b" testListId="8c84fa94-04c1-424b-9868-57a2d4851a1d" />
    <TestEntry testId="7fe2a8ad-3600-98d5-7117-12a9f9025c62" executionId="fc7cb1d9-3300-4d81-8936-af264b687b68" testListId="8c84fa94-04c1-424b-9868-57a2d4851a1d" />
    <TestEntry testId="2af17ceb-e4a7-e57a-8e57-17ad33ae72e3" executionId="22be4ab4-3159-4d1a-b836-a49182545e0d" testListId="8c84fa94-04c1-424b-9868-57a2d4851a1d" />
    <TestEntry testId="bfdd6bca-a34f-47f5-eae8-5d12e496bd00" executionId="c65142bd-bfd1-4eb0-a7b0-85f88f8e4af6" testListId="8c84fa94-04c1-424b-9868-57a2d4851a1d" />
    <TestEntry testId="4ffd7804-0b86-b3af-454f-c182dda91ce2" executionId="86b3da7e-5af1-4fa5-be1c-171c7ae7a35a" testListId="8c84fa94-04c1-424b-9868-57a2d4851a1d" />
    <TestEntry testId="9612d6d4-5d3c-f9a6-943c-f09f8d38bf59" executionId="caa64dfb-b2df-46a2-aae1-b6547d5f668a" testListId="8c84fa94-04c1-424b-9868-57a2d4851a1d" />
    <TestEntry testId="dbe8f5eb-581b-1146-9a97-1f79fbc0650a" executionId="0079a216-f5d9-43c8-bdfd-ede3b6ef1ae5" testListId="8c84fa94-04c1-424b-9868-57a2d4851a1d" />
    <TestEntry testId="56e327fe-8407-ea11-addf-90ce93ff7d58" executionId="08fbbfe2-3750-47cc-9d3d-66a74aadbcc8" testListId="8c84fa94-04c1-424b-9868-57a2d4851a1d" />
    <TestEntry testId="0095ae63-2136-ec44-562f-f92a8a9ed8f7" executionId="74573026-9ba0-4126-9e0a-33ddcbadb047" testListId="8c84fa94-04c1-424b-9868-57a2d4851a1d" />
    <TestEntry testId="b38d539d-6069-d89f-5c5e-102a8255e594" executionId="fa0f3bcc-b373-4456-bc48-7fe74e663769" testListId="8c84fa94-04c1-424b-9868-57a2d4851a1d" />
    <TestEntry testId="a9271829-fbf1-47a3-aed7-368db58e22e7" executionId="0c73cde3-f779-471d-9184-f097531660bf" testListId="8c84fa94-04c1-424b-9868-57a2d4851a1d" />
    <TestEntry testId="94f0cede-3e3b-c04d-89cc-8dfe2520972c" executionId="92b6166a-67e0-4f1a-94e3-4f56996d6025" testListId="8c84fa94-04c1-424b-9868-57a2d4851a1d" />
    <TestEntry testId="f80009c9-805e-194a-5298-bf93d54f39d7" executionId="5636a7de-cca5-4963-84b8-f806bdd979d4" testListId="8c84fa94-04c1-424b-9868-57a2d4851a1d" />
    <TestEntry testId="d6af606e-af1d-b77f-4ce0-c1f6556a4ce0" executionId="0ffe9964-3813-43c0-8cc9-64da2629f1af" testListId="8c84fa94-04c1-424b-9868-57a2d4851a1d" />
    <TestEntry testId="3af61c48-eead-454e-59a5-a117f0360878" executionId="f4167daa-2d4d-4bc7-82d6-cf8884c8f6ab" testListId="8c84fa94-04c1-424b-9868-57a2d4851a1d" />
    <TestEntry testId="d995492a-671e-36ff-0d73-ec59a569933d" executionId="1acbfbb9-4298-439f-be15-a99da334ef48" testListId="8c84fa94-04c1-424b-9868-57a2d4851a1d" />
    <TestEntry testId="80a4940d-875d-f4f0-bd6e-0d3aab9861cb" executionId="c54f010a-56d6-498e-9879-b66817c4f264" testListId="8c84fa94-04c1-424b-9868-57a2d4851a1d" />
    <TestEntry testId="972bb963-9a87-7070-029b-8643f34bbb6c" executionId="a23cb150-a6f5-41b1-a668-71ac99b9148e" testListId="8c84fa94-04c1-424b-9868-57a2d4851a1d" />
    <TestEntry testId="a38d6dd0-4abc-cd66-f98d-02667c7de044" executionId="c762cfbe-523d-486e-9fb9-735d9ef2ee81" testListId="8c84fa94-04c1-424b-9868-57a2d4851a1d" />
    <TestEntry testId="0df7d709-570d-9a2b-20b2-9824d27442ba" executionId="bf772434-8d18-4d86-8fbe-14b22b64a905" testListId="8c84fa94-04c1-424b-9868-57a2d4851a1d" />
    <TestEntry testId="8b7ce013-8629-5a29-320f-b962e95e1d02" executionId="42ca2c8d-492e-4c7e-8c48-8425fd7ace9b" testListId="8c84fa94-04c1-424b-9868-57a2d4851a1d" />
    <TestEntry testId="2ff6532c-932c-742b-a63d-f74c12776c60" executionId="07ab6e2d-1151-489c-b73b-ed81961c0fcc" testListId="8c84fa94-04c1-424b-9868-57a2d4851a1d" />
    <TestEntry testId="e099abd9-c51a-27c3-fe30-7b74e00a337f" executionId="49b6a88a-728e-462c-9599-c10ef3c0ec13" testListId="8c84fa94-04c1-424b-9868-57a2d4851a1d" />
    <TestEntry testId="2a1ae3da-2a49-9688-92eb-6a1bc6d0cf01" executionId="389efbe2-cc38-42ca-b7f0-d2190283e5bd" testListId="8c84fa94-04c1-424b-9868-57a2d4851a1d" />
    <TestEntry testId="52dd4d5a-f28a-3449-7987-33dfda351248" executionId="1f1f3468-45d9-49ae-8531-8f8cb67816f0" testListId="8c84fa94-04c1-424b-9868-57a2d4851a1d" />
    <TestEntry testId="a3944110-24ef-a5f3-993b-c0e54d094618" executionId="b8486d50-4e56-42df-bf8e-d0480f02d6dd" testListId="8c84fa94-04c1-424b-9868-57a2d4851a1d" />
    <TestEntry testId="a75df869-b8ee-c89b-7cd3-025e83911294" executionId="4679a3ee-049b-4f36-aa30-c985aa72e70a" testListId="8c84fa94-04c1-424b-9868-57a2d4851a1d" />
    <TestEntry testId="8b7f95f5-c5ec-10c0-26ff-eb4390bba1ee" executionId="9a221e2c-b7ea-45dd-b700-a2004d3b6194" testListId="8c84fa94-04c1-424b-9868-57a2d4851a1d" />
    <TestEntry testId="f227f8da-1aef-bb37-695f-f1b64dec59a9" executionId="b908722d-4d75-4b1e-9afe-cf4c59c852e7" testListId="8c84fa94-04c1-424b-9868-57a2d4851a1d" />
    <TestEntry testId="1c4368b6-2172-3b52-0d12-0d33b2fcef8b" executionId="d42bce39-0a4d-4267-905c-f65a2c4f3395" testListId="8c84fa94-04c1-424b-9868-57a2d4851a1d" />
    <TestEntry testId="df3e2c77-7f8f-57bd-4668-f3110adbfbc8" executionId="686a62ca-2e69-4f17-9e32-569a1429d72e" testListId="8c84fa94-04c1-424b-9868-57a2d4851a1d" />
  </TestEntries>
  <TestLists>
    <TestList name="Results Not in a List" id="8c84fa94-04c1-424b-9868-57a2d4851a1d" />
    <TestList name="All Loaded Results" id="19431567-8539-422a-85d7-44ee4e166bda" />
  </TestLists>
  <ResultSummary outcome="Completed">
    <Counters total="1000" executed="1000" passed="1000" failed="0" error="0" timeout="0" aborted="0" inconclusive="0" passedButRunAborted="0" notRunnable="0" notExecuted="0" disconnected="0" warning="0" completed="0" inProgress="0" pending="0" />
    <Output>
      <StdOut>[xUnit.net 00:00:00.00] xUnit.net VSTest Adapter v2.4.5+1caef2f33e (64-bit .NET Core 3.1.25)&#xD;
[xUnit.net 00:00:03.62]   Discovering: xUnitTestProject&#xD;
[xUnit.net 00:00:05.40]   Discovered:  xUnitTestProject&#xD;
[xUnit.net 00:00:05.44]   Starting:    xUnitTestProject&#xD;
[xUnit.net 00:00:05.71]   Finished:    xUnitTestProject&#xD;
</StdOut>
    </Output>
  </ResultSummary>
</TestRun>