<?xml version="1.0" encoding="utf-8"?>
<TestRun id="4390db48-72db-43ad-97d7-d696d5dc902f" name="Dominik@DESKTOP-5URQ9PB 2022-06-13 21:14:10" runUser="DESKTOP-5URQ9PB\Dominik" xmlns="http://microsoft.com/schemas/VisualStudio/TeamTest/2010">
  <Times creation="2022-06-13T21:14:10.7334719+02:00" queuing="2022-06-13T21:14:10.7334720+02:00" start="2022-06-13T21:14:03.8638433+02:00" finish="2022-06-13T21:14:11.1017401+02:00" />
  <TestSettings name="default" id="2c6c22f1-892c-4957-bbfc-1ca1910b0080">
    <Deployment runDeploymentRoot="Dominik_DESKTOP-5URQ9PB_2022-06-13_21_14_10" />
  </TestSettings>
  <Results>
    <UnitTestResult executionId="2e4dba35-20c7-4f07-a2be-d28c9616a741" testId="81074b63-819a-5707-3f0a-c12b1496d111" testName="xUnitTestProject.CurrencyHelperTests.FormatToStringTest1000(price: 18786.954468002055, expected: &quot;18786.95 zł&quot;)" computerName="DESKTOP-5URQ9PB" duration="00:00:00.0000047" startTime="2022-06-13T21:14:10.7330223+02:00" endTime="2022-06-13T21:14:10.7330224+02:00" testType="13cdc9d9-ddb5-4fa4-a97d-d965ccfc6d4b" outcome="Passed" testListId="8c84fa94-04c1-424b-9868-57a2d4851a1d" relativeResultsDirectory="2e4dba35-20c7-4f07-a2be-d28c9616a741" />
    <UnitTestResult executionId="f406136f-e3b2-452e-b9a5-ea7c79c2bb7b" testId="e6b4d3a2-a83c-419f-8b42-b631077ac8fc" testName="xUnitTestProject.CurrencyHelperTests.FormatToStringTest1000(price: 19208.676036795914, expected: &quot;19208.68 zł&quot;)" computerName="DESKTOP-5URQ9PB" duration="00:00:00.0000055" startTime="2022-06-13T21:14:10.7984311+02:00" endTime="2022-06-13T21:14:10.7984312+02:00" testType="13cdc9d9-ddb5-4fa4-a97d-d965ccfc6d4b" outcome="Passed" testListId="8c84fa94-04c1-424b-9868-57a2d4851a1d" relativeResultsDirectory="f406136f-e3b2-452e-b9a5-ea7c79c2bb7b" />
    <UnitTestResult executionId="eca79193-cf84-4df7-a969-6f7133d86f26" testId="076b3f7c-bfd3-700c-3093-f885fe165b03" testName="xUnitTestProject.CurrencyHelperTests.FormatToStringTest1000(price: 10534.184353995222, expected: &quot;10534.18 zł&quot;)" computerName="DESKTOP-5URQ9PB" duration="00:00:00.0000062" startTime="2022-06-13T21:14:10.7483209+02:00" endTime="2022-06-13T21:14:10.7483211+02:00" testType="13cdc9d9-ddb5-4fa4-a97d-d965ccfc6d4b" outcome="Passed" testListId="8c84fa94-04c1-424b-9868-57a2d4851a1d" relativeResultsDirectory="eca79193-cf84-4df7-a969-6f7133d86f26" />
    <UnitTestResult executionId="9cebe32f-e1e6-4bee-bc80-043104e65a2f" testId="9c8eee20-620b-e0aa-1580-d34a7e65e392" testName="xUnitTestProject.CurrencyHelperTests.FormatToStringTest1000(price: 9151.103070427245, expected: &quot;9151.10 zł&quot;)" computerName="DESKTOP-5URQ9PB" duration="00:00:00.0000062" startTime="2022-06-13T21:14:10.7785373+02:00" endTime="2022-06-13T21:14:10.7785374+02:00" testType="13cdc9d9-ddb5-4fa4-a97d-d965ccfc6d4b" outcome="Passed" testListId="8c84fa94-04c1-424b-9868-57a2d4851a1d" relativeResultsDirectory="9cebe32f-e1e6-4bee-bc80-043104e65a2f" />
    <UnitTestResult executionId="a0a755b3-0e48-47b7-a238-468606c3d3de" testId="9a2bcce2-54c7-2ac9-248c-c072785d5cf2" testName="xUnitTestProject.CurrencyHelperTests.FormatToStringTest1000(price: 9774.341362926803, expected: &quot;9774.34 zł&quot;)" computerName="DESKTOP-5URQ9PB" duration="00:00:00.0000041" startTime="2022-06-13T21:14:10.7256488+02:00" endTime="2022-06-13T21:14:10.7256490+02:00" testType="13cdc9d9-ddb5-4fa4-a97d-d965ccfc6d4b" outcome="Passed" testListId="8c84fa94-04c1-424b-9868-57a2d4851a1d" relativeResultsDirectory="a0a755b3-0e48-47b7-a238-468606c3d3de" />
    <UnitTestResult executionId="74880a65-7f27-4e27-9561-eaa6c36689b8" testId="502c40b3-55a9-ed63-c19a-b15f001d74e2" testName="xUnitTestProject.CurrencyHelperTests.FormatToStringTest1000(price: 66019.32414194118, expected: &quot;66019.32 zł&quot;)" computerName="DESKTOP-5URQ9PB" duration="00:00:00.0000043" startTime="2022-06-13T21:14:10.7195999+02:00" endTime="2022-06-13T21:14:10.7196003+02:00" testType="13cdc9d9-ddb5-4fa4-a97d-d965ccfc6d4b" outcome="Passed" testListId="8c84fa94-04c1-424b-9868-57a2d4851a1d" relativeResultsDirectory="74880a65-7f27-4e27-9561-eaa6c36689b8" />
    <UnitTestResult executionId="60302552-5583-4585-8e78-aefbd81f9292" testId="5aa929b3-dac1-52ec-e2ea-8e7fca692c42" testName="xUnitTestProject.CurrencyHelperTests.FormatToStringTest1000(price: 48084.94422955389, expected: &quot;48084.94 zł&quot;)" computerName="DESKTOP-5URQ9PB" duration="00:00:00.0000041" startTime="2022-06-13T21:14:10.7176891+02:00" endTime="2022-06-13T21:14:10.7176892+02:00" testType="13cdc9d9-ddb5-4fa4-a97d-d965ccfc6d4b" outcome="Passed" testListId="8c84fa94-04c1-424b-9868-57a2d4851a1d" relativeResultsDirectory="60302552-5583-4585-8e78-aefbd81f9292" />
    <UnitTestResult executionId="0eb663db-8696-4e8e-97fa-829e588e73ba" testId="cff23f42-1941-5ae0-6937-50ea8e98f70a" testName="xUnitTestProject.CurrencyHelperTests.FormatToStringTest1000(price: 22666.13578912995, expected: &quot;22666.14 zł&quot;)" computerName="DESKTOP-5URQ9PB" duration="00:00:00.0000041" startTime="2022-06-13T21:14:10.7177787+02:00" endTime="2022-06-13T21:14:10.7177789+02:00" testType="13cdc9d9-ddb5-4fa4-a97d-d965ccfc6d4b" outcome="Passed" testListId="8c84fa94-04c1-424b-9868-57a2d4851a1d" relativeResultsDirectory="0eb663db-8696-4e8e-97fa-829e588e73ba" />
    <UnitTestResult executionId="1ad6c906-5be4-4c3d-a8df-304f35078daa" testId="90e736db-bebc-59eb-dcfd-94a08c26727f" testName="xUnitTestProject.CurrencyHelperTests.FormatToStringTest1000(price: 29539.32303995328, expected: &quot;29539.32 zł&quot;)" computerName="DESKTOP-5URQ9PB" duration="00:00:00.0000079" startTime="2022-06-13T21:14:10.7672233+02:00" endTime="2022-06-13T21:14:10.7672235+02:00" testType="13cdc9d9-ddb5-4fa4-a97d-d965ccfc6d4b" outcome="Passed" testListId="8c84fa94-04c1-424b-9868-57a2d4851a1d" relativeResultsDirectory="1ad6c906-5be4-4c3d-a8df-304f35078daa" />
    <UnitTestResult executionId="f3256b6f-e734-4f61-a2bf-df157137a97d" testId="ff67ffea-ea63-9682-e246-a48f70d1fb56" testName="xUnitTestProject.CurrencyHelperTests.FormatToStringTest1000(price: 41368.29672956015, expected: &quot;41368.30 zł&quot;)" computerName="DESKTOP-5URQ9PB" duration="00:00:00.0000046" startTime="2022-06-13T21:14:10.7257366+02:00" endTime="2022-06-13T21:14:10.7257367+02:00" testType="13cdc9d9-ddb5-4fa4-a97d-d965ccfc6d4b" outcome="Passed" testListId="8c84fa94-04c1-424b-9868-57a2d4851a1d" relativeResultsDirectory="f3256b6f-e734-4f61-a2bf-df157137a97d" />
    <UnitTestResult executionId="a6416a62-f178-4150-bb19-d2976d7ee14d" testId="eaa6b024-a03d-d1dd-abf3-1b023d2d51e1" testName="xUnitTestProject.CurrencyHelperTests.FormatToStringTest1000(price: 7594.279030504766, expected: &quot;7594.28 zł&quot;)" computerName="DESKTOP-5URQ9PB" duration="00:00:00.0000078" startTime="2022-06-13T21:14:10.7472339+02:00" endTime="2022-06-13T21:14:10.7472341+02:00" testType="13cdc9d9-ddb5-4fa4-a97d-d965ccfc6d4b" outcome="Passed" testListId="8c84fa94-04c1-424b-9868-57a2d4851a1d" relativeResultsDirectory="a6416a62-f178-4150-bb19-d2976d7ee14d" />
    <UnitTestResult executionId="6906e6c8-97f3-41d3-8ba8-b7f7b737d56f" testId="ec5e31f8-0a43-1c03-8691-e70ecfdbfc69" testName="xUnitTestProject.CurrencyHelperTests.FormatToStringTest1000(price: 68507.83928906724, expected: &quot;68507.84 zł&quot;)" computerName="DESKTOP-5URQ9PB" duration="00:00:00.0000044" startTime="2022-06-13T21:14:10.7438349+02:00" endTime="2022-06-13T21:14:10.7438351+02:00" testType="13cdc9d9-ddb5-4fa4-a97d-d965ccfc6d4b" outcome="Passed" testListId="8c84fa94-04c1-424b-9868-57a2d4851a1d" relativeResultsDirectory="6906e6c8-97f3-41d3-8ba8-b7f7b737d56f" />
    <UnitTestResult executionId="340fe833-7830-4d16-bd17-01fb074bdd84" testId="2fe7dd20-7d34-4621-c4bd-6f2ec94c5407" testName="xUnitTestProject.CurrencyHelperTests.FormatToStringTest1000(price: 4105.490993980081, expected: &quot;4105.49 zł&quot;)" computerName="DESKTOP-5URQ9PB" duration="00:00:00.0000090" startTime="2022-06-13T21:14:10.7704679+02:00" endTime="2022-06-13T21:14:10.7704681+02:00" testType="13cdc9d9-ddb5-4fa4-a97d-d965ccfc6d4b" outcome="Passed" testListId="8c84fa94-04c1-424b-9868-57a2d4851a1d" relativeResultsDirectory="340fe833-7830-4d16-bd17-01fb074bdd84" />
    <UnitTestResult executionId="1e8c0726-b50a-420f-a116-5d74aff56db4" testId="bfbcecbb-ebb0-4cc4-ba14-4fec10bfe400" testName="xUnitTestProject.CurrencyHelperTests.FormatToStringTest1000(price: 6544.213759255695, expected: &quot;6544.21 zł&quot;)" computerName="DESKTOP-5URQ9PB" duration="00:00:00.0000041" startTime="2022-06-13T21:14:10.6839011+02:00" endTime="2022-06-13T21:14:10.6839012+02:00" testType="13cdc9d9-ddb5-4fa4-a97d-d965ccfc6d4b" outcome="Passed" testListId="8c84fa94-04c1-424b-9868-57a2d4851a1d" relativeResultsDirectory="1e8c0726-b50a-420f-a116-5d74aff56db4" />
    <UnitTestResult executionId="23915220-d1ba-4774-93a1-5b84dbec7c8b" testId="5d30b17d-1a70-2e78-f289-4e82f0d205e6" testName="xUnitTestProject.CurrencyHelperTests.FormatToStringTest1000(price: 115.26302841131717, expected: &quot;115.26 zł&quot;)" computerName="DESKTOP-5URQ9PB" duration="00:00:00.0000044" startTime="2022-06-13T21:14:10.6956325+02:00" endTime="2022-06-13T21:14:10.6956326+02:00" testType="13cdc9d9-ddb5-4fa4-a97d-d965ccfc6d4b" outcome="Passed" testListId="8c84fa94-04c1-424b-9868-57a2d4851a1d" relativeResultsDirectory="23915220-d1ba-4774-93a1-5b84dbec7c8b" />
    <UnitTestResult executionId="b28b3b7e-b27a-4408-9af6-e199f7e141c6" testId="578b5b4c-08d1-6f2c-3cf8-070bb75c9b96" testName="xUnitTestProject.CurrencyHelperTests.FormatToStringTest1000(price: 70432.00656616595, expected: &quot;70432.01 zł&quot;)" computerName="DESKTOP-5URQ9PB" duration="00:00:00.0000041" startTime="2022-06-13T21:14:10.7379271+02:00" endTime="2022-06-13T21:14:10.7379273+02:00" testType="13cdc9d9-ddb5-4fa4-a97d-d965ccfc6d4b" outcome="Passed" testListId="8c84fa94-04c1-424b-9868-57a2d4851a1d" relativeResultsDirectory="b28b3b7e-b27a-4408-9af6-e199f7e141c6" />
    <UnitTestResult executionId="d94dae5b-9985-47e7-b5f7-4d44a9f77bd0" testId="cbab0896-310f-9613-16bf-ed68cf4f09cd" testName="xUnitTestProject.CurrencyHelperTests.FormatToStringTest1000(price: 20068.867046961965, expected: &quot;20068.87 zł&quot;)" computerName="DESKTOP-5URQ9PB" duration="00:00:00.0000082" startTime="2022-06-13T21:14:10.7682418+02:00" endTime="2022-06-13T21:14:10.7682420+02:00" testType="13cdc9d9-ddb5-4fa4-a97d-d965ccfc6d4b" outcome="Passed" testListId="8c84fa94-04c1-424b-9868-57a2d4851a1d" relativeResultsDirectory="d94dae5b-9985-47e7-b5f7-4d44a9f77bd0" />
    <UnitTestResult executionId="40901076-b986-4cf5-8378-69ed0a3c0806" testId="d6ed6531-54c3-2edf-18c7-ddb0279f678b" testName="xUnitTestProject.CurrencyHelperTests.FormatToStringTest1000(price: 11175.438820935526, expected: &quot;11175.44 zł&quot;)" computerName="DESKTOP-5URQ9PB" duration="00:00:00.0000054" startTime="2022-06-13T21:14:10.6753324+02:00" endTime="2022-06-13T21:14:10.6753326+02:00" testType="13cdc9d9-ddb5-4fa4-a97d-d965ccfc6d4b" outcome="Passed" testListId="8c84fa94-04c1-424b-9868-57a2d4851a1d" relativeResultsDirectory="40901076-b986-4cf5-8378-69ed0a3c0806" />
    <UnitTestResult executionId="2eb88384-a607-4743-b021-35a889afbec5" testId="b9639a73-b99d-241a-c8a5-6c3a19c63133" testName="xUnitTestProject.CurrencyHelperTests.FormatToStringTest1000(price: 19500.031951036784, expected: &quot;19500.03 zł&quot;)" computerName="DESKTOP-5URQ9PB" duration="00:00:00.0000075" startTime="2022-06-13T21:14:10.7492614+02:00" endTime="2022-06-13T21:14:10.7492616+02:00" testType="13cdc9d9-ddb5-4fa4-a97d-d965ccfc6d4b" outcome="Passed" testListId="8c84fa94-04c1-424b-9868-57a2d4851a1d" relativeResultsDirectory="2eb88384-a607-4743-b021-35a889afbec5" />
    <UnitTestResult executionId="7e7b85ae-412d-43f9-b9f5-58a65f31c6e0" testId="613b2ffe-17c7-a1b7-9417-e8c0c951aa41" testName="xUnitTestProject.CurrencyHelperTests.FormatToStringTest1000(price: 1739.5853778997368, expected: &quot;1739.59 zł&quot;)" computerName="DESKTOP-5URQ9PB" duration="00:00:00.0000041" startTime="2022-06-13T21:14:10.7247941+02:00" endTime="2022-06-13T21:14:10.7247942+02:00" testType="13cdc9d9-ddb5-4fa4-a97d-d965ccfc6d4b" outcome="Passed" testListId="8c84fa94-04c1-424b-9868-57a2d4851a1d" relativeResultsDirectory="7e7b85ae-412d-43f9-b9f5-58a65f31c6e0" />
    <UnitTestResult executionId="ed1c5b52-123f-4ea8-bdef-8bbb2b7b7ecc" testId="b93fddec-5e00-a1c1-fc16-4882d018fd04" testName="xUnitTestProject.CurrencyHelperTests.FormatToStringTest1000(price: 54678.59301593089, expected: &quot;54678.59 zł&quot;)" computerName="DESKTOP-5URQ9PB" duration="00:00:00.0000041" startTime="2022-06-13T21:14:10.7178374+02:00" endTime="2022-06-13T21:14:10.7178376+02:00" testType="13cdc9d9-ddb5-4fa4-a97d-d965ccfc6d4b" outcome="Passed" testListId="8c84fa94-04c1-424b-9868-57a2d4851a1d" relativeResultsDirectory="ed1c5b52-123f-4ea8-bdef-8bbb2b7b7ecc" />
    <UnitTestResult executionId="fd362a44-5ad7-4606-843b-7e7996483243" testId="0f785118-4101-2fda-f887-c7a86673e736" testName="xUnitTestProject.CurrencyHelperTests.FormatToStringTest1000(price: 13092.45389243609, expected: &quot;13092.45 zł&quot;)" computerName="DESKTOP-5URQ9PB" duration="00:00:00.0000039" startTime="2022-06-13T21:14:10.7196330+02:00" endTime="2022-06-13T21:14:10.7196331+02:00" testType="13cdc9d9-ddb5-4fa4-a97d-d965ccfc6d4b" outcome="Passed" testListId="8c84fa94-04c1-424b-9868-57a2d4851a1d" relativeResultsDirectory="fd362a44-5ad7-4606-843b-7e7996483243" />
    <UnitTestResult executionId="08eaf136-8173-4bc7-b031-9c29606af626" testId="a90d1942-15f1-e50c-e63d-254e34e99bf5" testName="xUnitTestProject.CurrencyHelperTests.FormatToStringTest1000(price: 2292.8331871111104, expected: &quot;2292.83 zł&quot;)" computerName="DESKTOP-5URQ9PB" duration="00:00:00.0000043" startTime="2022-06-13T21:14:10.7216609+02:00" endTime="2022-06-13T21:14:10.7216611+02:00" testType="13cdc9d9-ddb5-4fa4-a97d-d965ccfc6d4b" outcome="Passed" testListId="8c84fa94-04c1-424b-9868-57a2d4851a1d" relativeResultsDirectory="08eaf136-8173-4bc7-b031-9c29606af626" />
    <UnitTestResult executionId="0a3c238c-fe9e-4d05-b74c-a7dd0970a8fd" testId="72e011e2-bf27-7ea5-75f9-295f8504211f" testName="xUnitTestProject.CurrencyHelperTests.FormatToStringTest1000(price: 40889.35187774214, expected: &quot;40889.35 zł&quot;)" computerName="DESKTOP-5URQ9PB" duration="00:00:00.0000086" startTime="2022-06-13T21:14:10.7693752+02:00" endTime="2022-06-13T21:14:10.7693754+02:00" testType="13cdc9d9-ddb5-4fa4-a97d-d965ccfc6d4b" outcome="Passed" testListId="8c84fa94-04c1-424b-9868-57a2d4851a1d" relativeResultsDirectory="0a3c238c-fe9e-4d05-b74c-a7dd0970a8fd" />
    <UnitTestResult executionId="0d24e4a4-80cd-43ea-b77d-f7ac3931a3cb" testId="c21a2737-6b36-8691-5404-6629a58d4529" testName="xUnitTestProject.CurrencyHelperTests.FormatToStringTest1000(price: 3030.9461949132133, expected: &quot;3030.95 zł&quot;)" computerName="DESKTOP-5URQ9PB" duration="00:00:00.0000082" startTime="2022-06-13T21:14:10.7706217+02:00" endTime="2022-06-13T21:14:10.7706219+02:00" testType="13cdc9d9-ddb5-4fa4-a97d-d965ccfc6d4b" outcome="Passed" testListId="8c84fa94-04c1-424b-9868-57a2d4851a1d" relativeResultsDirectory="0d24e4a4-80cd-43ea-b77d-f7ac3931a3cb" />
    <UnitTestResult executionId="38adcbaf-faef-43ff-b170-671b2b13ef65" testId="1d4cd445-caf0-beba-56bf-67413439f9ab" testName="xUnitTestProject.CurrencyHelperTests.FormatToStringTest1000(price: 3043.6828298227315, expected: &quot;3043.68 zł&quot;)" computerName="DESKTOP-5URQ9PB" duration="00:00:00.0000041" startTime="2022-06-13T21:14:10.6872508+02:00" endTime="2022-06-13T21:14:10.6872510+02:00" testType="13cdc9d9-ddb5-4fa4-a97d-d965ccfc6d4b" outcome="Passed" testListId="8c84fa94-04c1-424b-9868-57a2d4851a1d" relativeResultsDirectory="38adcbaf-faef-43ff-b170-671b2b13ef65" />
    <UnitTestResult executionId="d57c56d0-4a8d-4136-b657-efffcfebf50e" testId="7b9b1040-51d8-c2e6-1ac0-cb113e76a56a" testName="xUnitTestProject.CurrencyHelperTests.FormatToStringTest1000(price: 20445.11280083149, expected: &quot;20445.11 zł&quot;)" computerName="DESKTOP-5URQ9PB" duration="00:00:00.0000040" startTime="2022-06-13T21:14:10.7400116+02:00" endTime="2022-06-13T21:14:10.7400118+02:00" testType="13cdc9d9-ddb5-4fa4-a97d-d965ccfc6d4b" outcome="Passed" testListId="8c84fa94-04c1-424b-9868-57a2d4851a1d" relativeResultsDirectory="d57c56d0-4a8d-4136-b657-efffcfebf50e" />
    <UnitTestResult executionId="5b9c7758-259b-46f8-82f3-c030dd8c380e" testId="681b18e6-8ac3-1647-8149-58844d19cdf1" testName="xUnitTestProject.CurrencyHelperTests.FormatToStringTest1000(price: 22799.991836491965, expected: &quot;22799.99 zł&quot;)" computerName="DESKTOP-5URQ9PB" duration="00:00:00.0000041" startTime="2022-06-13T21:14:10.7127978+02:00" endTime="2022-06-13T21:14:10.7127979+02:00" testType="13cdc9d9-ddb5-4fa4-a97d-d965ccfc6d4b" outcome="Passed" testListId="8c84fa94-04c1-424b-9868-57a2d4851a1d" relativeResultsDirectory="5b9c7758-259b-46f8-82f3-c030dd8c380e" />
    <UnitTestResult executionId="e251eb44-132e-4e7d-b5f3-439c63489e42" testId="6837dba7-40c4-9f70-ea2b-82f5a35b378d" testName="xUnitTestProject.CurrencyHelperTests.FormatToStringTest1000(price: 17988.455793307843, expected: &quot;17988.46 zł&quot;)" computerName="DESKTOP-5URQ9PB" duration="00:00:00.0000138" startTime="2022-06-13T21:14:10.7704293+02:00" endTime="2022-06-13T21:14:10.7704295+02:00" testType="13cdc9d9-ddb5-4fa4-a97d-d965ccfc6d4b" outcome="Passed" testListId="8c84fa94-04c1-424b-9868-57a2d4851a1d" relativeResultsDirectory="e251eb44-132e-4e7d-b5f3-439c63489e42" />
    <UnitTestResult executionId="41d0d2a5-7ed9-43f9-ab83-72a3f0ce2c09" testId="8de67803-7acb-6ed7-12bc-5420c17b40c0" testName="xUnitTestProject.CurrencyHelperTests.FormatToStringTest1000(price: 45930.2386782068, expected: &quot;45930.24 zł&quot;)" computerName="DESKTOP-5URQ9PB" duration="00:00:00.0000076" startTime="2022-06-13T21:14:10.7883745+02:00" endTime="2022-06-13T21:14:10.7883746+02:00" testType="13cdc9d9-ddb5-4fa4-a97d-d965ccfc6d4b" outcome="Passed" testListId="8c84fa94-04c1-424b-9868-57a2d4851a1d" relativeResultsDirectory="41d0d2a5-7ed9-43f9-ab83-72a3f0ce2c09" />
    <UnitTestResult executionId="435af1ae-9a05-4b0e-ba67-bac7d481e59f" testId="0eb2cf4b-202a-2f21-374f-50b4b3adc607" testName="xUnitTestProject.CurrencyHelperTests.FormatToStringTest1000(price: 18424.864078561244, expected: &quot;18424.86 zł&quot;)" computerName="DESKTOP-5URQ9PB" duration="00:00:00.0000083" startTime="2022-06-13T21:14:10.7766527+02:00" endTime="2022-06-13T21:14:10.7766529+02:00" testType="13cdc9d9-ddb5-4fa4-a97d-d965ccfc6d4b" outcome="Passed" testListId="8c84fa94-04c1-424b-9868-57a2d4851a1d" relativeResultsDirectory="435af1ae-9a05-4b0e-ba67-bac7d481e59f" />
    <UnitTestResult executionId="27356978-f9cd-4c47-bd91-096473d41605" testId="e18b4dbd-2ff6-3acf-dfb2-f12cbfa820d0" testName="xUnitTestProject.CurrencyHelperTests.FormatToStringTest1000(price: 77904.0088552246, expected: &quot;77904.01 zł&quot;)" computerName="DESKTOP-5URQ9PB" duration="00:00:00.0000041" startTime="2022-06-13T21:14:10.7127082+02:00" endTime="2022-06-13T21:14:10.7127084+02:00" testType="13cdc9d9-ddb5-4fa4-a97d-d965ccfc6d4b" outcome="Passed" testListId="8c84fa94-04c1-424b-9868-57a2d4851a1d" relativeResultsDirectory="27356978-f9cd-4c47-bd91-096473d41605" />
    <UnitTestResult executionId="ce475b8f-d7ea-4e8e-9cf7-7956c7b693fe" testId="85835fd9-2c0e-82ff-767f-a5379021f4f3" testName="xUnitTestProject.CurrencyHelperTests.FormatToStringTest1000(price: 480.2082316857801, expected: &quot;480.21 zł&quot;)" computerName="DESKTOP-5URQ9PB" duration="00:00:00.0000083" startTime="2022-06-13T21:14:10.7796404+02:00" endTime="2022-06-13T21:14:10.7796405+02:00" testType="13cdc9d9-ddb5-4fa4-a97d-d965ccfc6d4b" outcome="Passed" testListId="8c84fa94-04c1-424b-9868-57a2d4851a1d" relativeResultsDirectory="ce475b8f-d7ea-4e8e-9cf7-7956c7b693fe" />
    <UnitTestResult executionId="181172d9-7659-43e3-bdcb-1660b45e0d3c" testId="71259de5-a991-d68a-74b6-6304befba6d8" testName="xUnitTestProject.CurrencyHelperTests.FormatToStringTest1000(price: 52481.07276821932, expected: &quot;52481.07 zł&quot;)" computerName="DESKTOP-5URQ9PB" duration="00:00:00.0000044" startTime="2022-06-13T21:14:10.6934812+02:00" endTime="2022-06-13T21:14:10.6934813+02:00" testType="13cdc9d9-ddb5-4fa4-a97d-d965ccfc6d4b" outcome="Passed" testListId="8c84fa94-04c1-424b-9868-57a2d4851a1d" relativeResultsDirectory="181172d9-7659-43e3-bdcb-1660b45e0d3c" />
    <UnitTestResult executionId="4283adb9-34b3-4271-86dd-4fef8079849b" testId="86ad28ff-91bc-6dfc-4b29-d680c9d331eb" testName="xUnitTestProject.CurrencyHelperTests.FormatToStringTest1000(price: 1799.2562459103092, expected: &quot;1799.26 zł&quot;)" computerName="DESKTOP-5URQ9PB" duration="00:00:00.0000069" startTime="2022-06-13T21:14:10.7470336+02:00" endTime="2022-06-13T21:14:10.7470338+02:00" testType="13cdc9d9-ddb5-4fa4-a97d-d965ccfc6d4b" outcome="Passed" testListId="8c84fa94-04c1-424b-9868-57a2d4851a1d" relativeResultsDirectory="4283adb9-34b3-4271-86dd-4fef8079849b" />
    <UnitTestResult executionId="ab438636-31e7-44d3-b882-ec0809f10c0f" testId="6fd88d41-992e-23c0-e35a-a1d1b838cd50" testName="xUnitTestProject.CurrencyHelperTests.FormatToStringTest1000(price: 4094.6752323977066, expected: &quot;4094.68 zł&quot;)" computerName="DESKTOP-5URQ9PB" duration="00:00:00.0000041" startTime="2022-06-13T21:14:10.7268307+02:00" endTime="2022-06-13T21:14:10.7268308+02:00" testType="13cdc9d9-ddb5-4fa4-a97d-d965ccfc6d4b" outcome="Passed" testListId="8c84fa94-04c1-424b-9868-57a2d4851a1d" relativeResultsDirectory="ab438636-31e7-44d3-b882-ec0809f10c0f" />
    <UnitTestResult executionId="7c3eedda-0224-4ccf-a406-b2c84ab5bf73" testId="ccb01d77-9abe-d52e-f6b1-1f27fb49d5d4" testName="xUnitTestProject.CurrencyHelperTests.FormatToStringTest1000(price: 2166.4103293970275, expected: &quot;2166.41 zł&quot;)" computerName="DESKTOP-5URQ9PB" duration="00:00:00.0000088" startTime="2022-06-13T21:14:10.7668992+02:00" endTime="2022-06-13T21:14:10.7668996+02:00" testType="13cdc9d9-ddb5-4fa4-a97d-d965ccfc6d4b" outcome="Passed" testListId="8c84fa94-04c1-424b-9868-57a2d4851a1d" relativeResultsDirectory="7c3eedda-0224-4ccf-a406-b2c84ab5bf73" />
    <UnitTestResult executionId="6c7ec72c-74ba-4700-9ce7-79d04892f6f9" testId="d380f6a1-83cc-0c12-360c-ba81b340bce2" testName="xUnitTestProject.CurrencyHelperTests.FormatToStringTest1000(price: 36320.770035296104, expected: &quot;36320.77 zł&quot;)" computerName="DESKTOP-5URQ9PB" duration="00:00:00.0000083" startTime="2022-06-13T21:14:10.7549459+02:00" endTime="2022-06-13T21:14:10.7549462+02:00" testType="13cdc9d9-ddb5-4fa4-a97d-d965ccfc6d4b" outcome="Passed" testListId="8c84fa94-04c1-424b-9868-57a2d4851a1d" relativeResultsDirectory="6c7ec72c-74ba-4700-9ce7-79d04892f6f9" />
    <UnitTestResult executionId="84f4dddf-bef7-4685-9cc6-45cf86ec5c7d" testId="45dd66f1-81ef-9e8c-d39f-69c657dd300a" testName="xUnitTestProject.CurrencyHelperTests.FormatToStringTest1000(price: 2444.4726240530017, expected: &quot;2444.47 zł&quot;)" computerName="DESKTOP-5URQ9PB" duration="00:00:00.0000062" startTime="2022-06-13T21:14:10.7935725+02:00" endTime="2022-06-13T21:14:10.7935726+02:00" testType="13cdc9d9-ddb5-4fa4-a97d-d965ccfc6d4b" outcome="Passed" testListId="8c84fa94-04c1-424b-9868-57a2d4851a1d" relativeResultsDirectory="84f4dddf-bef7-4685-9cc6-45cf86ec5c7d" />
    <UnitTestResult executionId="f4d230d8-02b4-4490-9656-734e09f5a2c3" testId="761b6e00-61f3-b300-b2f5-8d5765381437" testName="xUnitTestProject.CurrencyHelperTests.FormatToStringTest1000(price: 57237.252356975456, expected: &quot;57237.25 zł&quot;)" computerName="DESKTOP-5URQ9PB" duration="00:00:00.0000041" startTime="2022-06-13T21:14:10.7037823+02:00" endTime="2022-06-13T21:14:10.7037825+02:00" testType="13cdc9d9-ddb5-4fa4-a97d-d965ccfc6d4b" outcome="Passed" testListId="8c84fa94-04c1-424b-9868-57a2d4851a1d" relativeResultsDirectory="f4d230d8-02b4-4490-9656-734e09f5a2c3" />
    <UnitTestResult executionId="2276207e-6c67-4011-aff1-fd5241e20e58" testId="c0f25143-2b07-04f3-95cc-c9746948afb7" testName="xUnitTestProject.CurrencyHelperTests.FormatToStringTest1000(price: 4554.73912809777, expected: &quot;4554.74 zł&quot;)" computerName="DESKTOP-5URQ9PB" duration="00:00:00.0000041" startTime="2022-06-13T21:14:10.7400900+02:00" endTime="2022-06-13T21:14:10.7400902+02:00" testType="13cdc9d9-ddb5-4fa4-a97d-d965ccfc6d4b" outcome="Passed" testListId="8c84fa94-04c1-424b-9868-57a2d4851a1d" relativeResultsDirectory="2276207e-6c67-4011-aff1-fd5241e20e58" />
    <UnitTestResult executionId="ccea8025-0d38-4c84-9b56-cb16fbb79b0c" testId="82e67c06-9849-1902-4582-6ac1133c7960" testName="xUnitTestProject.CurrencyHelperTests.FormatToStringTest1000(price: 657.5396922647672, expected: &quot;657.54 zł&quot;)" computerName="DESKTOP-5URQ9PB" duration="00:00:00.0000075" startTime="2022-06-13T21:14:10.7740987+02:00" endTime="2022-06-13T21:14:10.7740988+02:00" testType="13cdc9d9-ddb5-4fa4-a97d-d965ccfc6d4b" outcome="Passed" testListId="8c84fa94-04c1-424b-9868-57a2d4851a1d" relativeResultsDirectory="ccea8025-0d38-4c84-9b56-cb16fbb79b0c" />
    <UnitTestResult executionId="599a11dc-48fe-4112-a3b8-e559526066ce" testId="081d3b2d-f16b-400c-9941-d599ff407e21" testName="xUnitTestProject.CurrencyHelperTests.FormatToStringTest1000(price: 20643.69044446465, expected: &quot;20643.69 zł&quot;)" computerName="DESKTOP-5URQ9PB" duration="00:00:00.0000041" startTime="2022-06-13T21:14:10.7389866+02:00" endTime="2022-06-13T21:14:10.7389868+02:00" testType="13cdc9d9-ddb5-4fa4-a97d-d965ccfc6d4b" outcome="Passed" testListId="8c84fa94-04c1-424b-9868-57a2d4851a1d" relativeResultsDirectory="599a11dc-48fe-4112-a3b8-e559526066ce" />
    <UnitTestResult executionId="2105fd4d-f373-4045-81a6-095c55e9cf4e" testId="73284804-3614-1086-c9d3-907dba871693" testName="xUnitTestProject.CurrencyHelperTests.FormatToStringTest1000(price: 12187.551827252633, expected: &quot;12187.55 zł&quot;)" computerName="DESKTOP-5URQ9PB" duration="00:00:00.0000080" startTime="2022-06-13T21:14:10.7504668+02:00" endTime="2022-06-13T21:14:10.7504670+02:00" testType="13cdc9d9-ddb5-4fa4-a97d-d965ccfc6d4b" outcome="Passed" testListId="8c84fa94-04c1-424b-9868-57a2d4851a1d" relativeResultsDirectory="2105fd4d-f373-4045-81a6-095c55e9cf4e" />
    <UnitTestResult executionId="cff2b730-7798-4e47-9a51-24bd31b1cfc1" testId="3a14b4a3-bbfa-4f36-3b26-b18f61900c63" testName="xUnitTestProject.CurrencyHelperTests.FormatToStringTest1000(price: 63946.51014057478, expected: &quot;63946.51 zł&quot;)" computerName="DESKTOP-5URQ9PB" duration="00:00:00.0000043" startTime="2022-06-13T21:14:10.7270293+02:00" endTime="2022-06-13T21:14:10.7270294+02:00" testType="13cdc9d9-ddb5-4fa4-a97d-d965ccfc6d4b" outcome="Passed" testListId="8c84fa94-04c1-424b-9868-57a2d4851a1d" relativeResultsDirectory="cff2b730-7798-4e47-9a51-24bd31b1cfc1" />
    <UnitTestResult executionId="55b91a6c-4cf3-48d2-9785-cd8a32163d9e" testId="a5e0b38b-1cb1-a5af-a5f1-f247fd82227e" testName="xUnitTestProject.CurrencyHelperTests.FormatToStringTest1000(price: 45445.182098106096, expected: &quot;45445.18 zł&quot;)" computerName="DESKTOP-5URQ9PB" duration="00:00:00.0000087" startTime="2022-06-13T21:14:10.7503893+02:00" endTime="2022-06-13T21:14:10.7503894+02:00" testType="13cdc9d9-ddb5-4fa4-a97d-d965ccfc6d4b" outcome="Passed" testListId="8c84fa94-04c1-424b-9868-57a2d4851a1d" relativeResultsDirectory="55b91a6c-4cf3-48d2-9785-cd8a32163d9e" />
    <UnitTestResult executionId="3d34760b-82ec-412b-8044-0b3acb2d748e" testId="434a8caa-9318-d21d-4a14-8dc7214b55eb" testName="xUnitTestProject.CurrencyHelperTests.FormatToStringTest1000(price: 35145.379208063416, expected: &quot;35145.38 zł&quot;)" computerName="DESKTOP-5URQ9PB" duration="00:00:00.0000074" startTime="2022-06-13T21:14:10.7864707+02:00" endTime="2022-06-13T21:14:10.7864708+02:00" testType="13cdc9d9-ddb5-4fa4-a97d-d965ccfc6d4b" outcome="Passed" testListId="8c84fa94-04c1-424b-9868-57a2d4851a1d" relativeResultsDirectory="3d34760b-82ec-412b-8044-0b3acb2d748e" />
    <UnitTestResult executionId="e2a0d019-de8b-4b59-b34b-3d478dbeeaf3" testId="38bf740f-4d67-502e-2cfd-d66470e846d5" testName="xUnitTestProject.CurrencyHelperTests.FormatToStringTest1000(price: 8347.417790138823, expected: &quot;8347.42 zł&quot;)" computerName="DESKTOP-5URQ9PB" duration="00:00:00.0000049" startTime="2022-06-13T21:14:10.7255900+02:00" endTime="2022-06-13T21:14:10.7255901+02:00" testType="13cdc9d9-ddb5-4fa4-a97d-d965ccfc6d4b" outcome="Passed" testListId="8c84fa94-04c1-424b-9868-57a2d4851a1d" relativeResultsDirectory="e2a0d019-de8b-4b59-b34b-3d478dbeeaf3" />
    <UnitTestResult executionId="de30dc00-9e70-4f8e-82f0-3c3e3da0a460" testId="33ba7c37-d825-e74e-e294-1a6f561fb224" testName="xUnitTestProject.CurrencyHelperTests.FormatToStringTest1000(price: 22248.263319677797, expected: &quot;22248.26 zł&quot;)" computerName="DESKTOP-5URQ9PB" duration="00:00:00.0000043" startTime="2022-06-13T21:14:10.7206654+02:00" endTime="2022-06-13T21:14:10.7206655+02:00" testType="13cdc9d9-ddb5-4fa4-a97d-d965ccfc6d4b" outcome="Passed" testListId="8c84fa94-04c1-424b-9868-57a2d4851a1d" relativeResultsDirectory="de30dc00-9e70-4f8e-82f0-3c3e3da0a460" />
    <UnitTestResult executionId="8eee6b53-a256-4759-a216-9012d1201477" testId="647d0f12-f39c-4459-8e85-bad3059c7bbf" testName="xUnitTestProject.CurrencyHelperTests.FormatToStringTest1000(price: 37.631227987646696, expected: &quot;37.63 zł&quot;)" computerName="DESKTOP-5URQ9PB" duration="00:00:00.0000041" startTime="2022-06-13T21:14:10.6839305+02:00" endTime="2022-06-13T21:14:10.6839307+02:00" testType="13cdc9d9-ddb5-4fa4-a97d-d965ccfc6d4b" outcome="Passed" testListId="8c84fa94-04c1-424b-9868-57a2d4851a1d" relativeResultsDirectory="8eee6b53-a256-4759-a216-9012d1201477" />
    <UnitTestResult executionId="9961fa14-cf07-41ec-b0b3-5e06643152ec" testId="fe096e9a-696b-0373-a92c-3a2e57b850e7" testName="xUnitTestProject.CurrencyHelperTests.FormatToStringTest1000(price: 27629.79121039193, expected: &quot;27629.79 zł&quot;)" computerName="DESKTOP-5URQ9PB" duration="00:00:00.0000043" startTime="2022-06-13T21:14:10.7095824+02:00" endTime="2022-06-13T21:14:10.7095829+02:00" testType="13cdc9d9-ddb5-4fa4-a97d-d965ccfc6d4b" outcome="Passed" testListId="8c84fa94-04c1-424b-9868-57a2d4851a1d" relativeResultsDirectory="9961fa14-cf07-41ec-b0b3-5e06643152ec" />
    <UnitTestResult executionId="41004f3b-9d02-49e2-a3ca-0608bcc14469" testId="ca982acc-6d3c-04e3-1b49-3eea6c1f73fe" testName="xUnitTestProject.CurrencyHelperTests.FormatToStringTest1000(price: 33851.35523524618, expected: &quot;33851.36 zł&quot;)" computerName="DESKTOP-5URQ9PB" duration="00:00:00.0000041" startTime="2022-06-13T21:14:10.7097371+02:00" endTime="2022-06-13T21:14:10.7097372+02:00" testType="13cdc9d9-ddb5-4fa4-a97d-d965ccfc6d4b" outcome="Passed" testListId="8c84fa94-04c1-424b-9868-57a2d4851a1d" relativeResultsDirectory="41004f3b-9d02-49e2-a3ca-0608bcc14469" />
    <UnitTestResult executionId="0d9c4fdb-9aa7-440d-95c5-b4d338dee480" testId="bc76307e-662f-d191-64cf-4352a391fa59" testName="xUnitTestProject.CurrencyHelperTests.FormatToStringTest1000(price: 96261.84883437205, expected: &quot;96261.85 zł&quot;)" computerName="DESKTOP-5URQ9PB" duration="00:00:00.0000069" startTime="2022-06-13T21:14:10.7924408+02:00" endTime="2022-06-13T21:14:10.7924409+02:00" testType="13cdc9d9-ddb5-4fa4-a97d-d965ccfc6d4b" outcome="Passed" testListId="8c84fa94-04c1-424b-9868-57a2d4851a1d" relativeResultsDirectory="0d9c4fdb-9aa7-440d-95c5-b4d338dee480" />
    <UnitTestResult executionId="8977a586-8d67-4143-a5b5-45eb87182bbd" testId="33f34022-0429-d841-2008-e35fc72eef53" testName="xUnitTestProject.CurrencyHelperTests.FormatToStringTest1000(price: 14003.84591249742, expected: &quot;14003.85 zł&quot;)" computerName="DESKTOP-5URQ9PB" duration="00:00:00.0000041" startTime="2022-06-13T21:14:10.6999590+02:00" endTime="2022-06-13T21:14:10.6999591+02:00" testType="13cdc9d9-ddb5-4fa4-a97d-d965ccfc6d4b" outcome="Passed" testListId="8c84fa94-04c1-424b-9868-57a2d4851a1d" relativeResultsDirectory="8977a586-8d67-4143-a5b5-45eb87182bbd" />
    <UnitTestResult executionId="41717194-673c-40d7-bba5-4f54cad28b93" testId="e12861db-8cd0-3c0d-af0a-eb43dfba13d7" testName="xUnitTestProject.CurrencyHelperTests.FormatToStringTest1000(price: 20116.958341299072, expected: &quot;20116.96 zł&quot;)" computerName="DESKTOP-5URQ9PB" duration="00:00:00.0000048" startTime="2022-06-13T21:14:10.7096767+02:00" endTime="2022-06-13T21:14:10.7096769+02:00" testType="13cdc9d9-ddb5-4fa4-a97d-d965ccfc6d4b" outcome="Passed" testListId="8c84fa94-04c1-424b-9868-57a2d4851a1d" relativeResultsDirectory="41717194-673c-40d7-bba5-4f54cad28b93" />
    <UnitTestResult executionId="7bbeed59-4b2f-489b-a149-5d49afe76400" testId="3326d350-1af4-4add-085b-c52b861e91af" testName="xUnitTestProject.CurrencyHelperTests.FormatToStringTest1000(price: 74152.7503934562, expected: &quot;74152.75 zł&quot;)" computerName="DESKTOP-5URQ9PB" duration="00:00:00.0000065" startTime="2022-06-13T21:14:10.7964188+02:00" endTime="2022-06-13T21:14:10.7964189+02:00" testType="13cdc9d9-ddb5-4fa4-a97d-d965ccfc6d4b" outcome="Passed" testListId="8c84fa94-04c1-424b-9868-57a2d4851a1d" relativeResultsDirectory="7bbeed59-4b2f-489b-a149-5d49afe76400" />
    <UnitTestResult executionId="7e31353a-e873-4f3b-8864-db508421418c" testId="13335374-86bb-3ff8-d28a-bd89dc7f02ec" testName="xUnitTestProject.CurrencyHelperTests.FormatToStringTest1000(price: 16637.074429372828, expected: &quot;16637.07 zł&quot;)" computerName="DESKTOP-5URQ9PB" duration="00:00:00.0000041" startTime="2022-06-13T21:14:10.7315955+02:00" endTime="2022-06-13T21:14:10.7315959+02:00" testType="13cdc9d9-ddb5-4fa4-a97d-d965ccfc6d4b" outcome="Passed" testListId="8c84fa94-04c1-424b-9868-57a2d4851a1d" relativeResultsDirectory="7e31353a-e873-4f3b-8864-db508421418c" />
    <UnitTestResult executionId="a8430d58-73b0-45bb-a43d-a7bf108e0a41" testId="dc54e0bb-502b-6570-9584-a9f765f8122d" testName="xUnitTestProject.CurrencyHelperTests.FormatToStringTest1000(price: 11944.74385168531, expected: &quot;11944.74 zł&quot;)" computerName="DESKTOP-5URQ9PB" duration="00:00:00.0000043" startTime="2022-06-13T21:14:10.6850235+02:00" endTime="2022-06-13T21:14:10.6850236+02:00" testType="13cdc9d9-ddb5-4fa4-a97d-d965ccfc6d4b" outcome="Passed" testListId="8c84fa94-04c1-424b-9868-57a2d4851a1d" relativeResultsDirectory="a8430d58-73b0-45bb-a43d-a7bf108e0a41" />
    <UnitTestResult executionId="2fb2664f-62b8-4369-914a-747c69d8db11" testId="d30d3b94-edb3-8c77-afa5-d7e300714162" testName="xUnitTestProject.CurrencyHelperTests.FormatToStringTest1000(price: 151.50737175275916, expected: &quot;151.51 zł&quot;)" computerName="DESKTOP-5URQ9PB" duration="00:00:00.0000041" startTime="2022-06-13T21:14:10.6860731+02:00" endTime="2022-06-13T21:14:10.6860732+02:00" testType="13cdc9d9-ddb5-4fa4-a97d-d965ccfc6d4b" outcome="Passed" testListId="8c84fa94-04c1-424b-9868-57a2d4851a1d" relativeResultsDirectory="2fb2664f-62b8-4369-914a-747c69d8db11" />
    <UnitTestResult executionId="d50504f3-b556-4c05-983b-7e7aec83de23" testId="83240b81-a0ee-d801-c63e-6e722955f2f1" testName="xUnitTestProject.CurrencyHelperTests.FormatToStringTest1000(price: 8644.187977380207, expected: &quot;8644.19 zł&quot;)" computerName="DESKTOP-5URQ9PB" duration="00:00:00.0000041" startTime="2022-06-13T21:14:10.7402901+02:00" endTime="2022-06-13T21:14:10.7402902+02:00" testType="13cdc9d9-ddb5-4fa4-a97d-d965ccfc6d4b" outcome="Passed" testListId="8c84fa94-04c1-424b-9868-57a2d4851a1d" relativeResultsDirectory="d50504f3-b556-4c05-983b-7e7aec83de23" />
    <UnitTestResult executionId="eacc0051-1476-4b48-938e-1f94546f2265" testId="8f3ac04b-f653-5459-90af-f61d3689f759" testName="xUnitTestProject.CurrencyHelperTests.FormatToStringTest1000(price: 8492.904747505161, expected: &quot;8492.90 zł&quot;)" computerName="DESKTOP-5URQ9PB" duration="00:00:00.0000079" startTime="2022-06-13T21:14:10.7148771+02:00" endTime="2022-06-13T21:14:10.7148773+02:00" testType="13cdc9d9-ddb5-4fa4-a97d-d965ccfc6d4b" outcome="Passed" testListId="8c84fa94-04c1-424b-9868-57a2d4851a1d" relativeResultsDirectory="eacc0051-1476-4b48-938e-1f94546f2265" />
    <UnitTestResult executionId="1edd49af-ef30-48e8-ab20-ebfdf38d2675" testId="0ced2539-ec58-b3a8-188d-e014bf456555" testName="xUnitTestProject.CurrencyHelperTests.FormatToStringTest1000(price: 66284.43763489948, expected: &quot;66284.44 zł&quot;)" computerName="DESKTOP-5URQ9PB" duration="00:00:00.0000076" startTime="2022-06-13T21:14:10.7471949+02:00" endTime="2022-06-13T21:14:10.7471951+02:00" testType="13cdc9d9-ddb5-4fa4-a97d-d965ccfc6d4b" outcome="Passed" testListId="8c84fa94-04c1-424b-9868-57a2d4851a1d" relativeResultsDirectory="1edd49af-ef30-48e8-ab20-ebfdf38d2675" />
    <UnitTestResult executionId="40833554-88c2-4d5f-9736-0222eea97695" testId="f80009c9-805e-194a-5298-bf93d54f39d7" testName="xUnitTestProject.CurrencyHelperTests.FormatToStringTest1000(price: 11912.404131636213, expected: &quot;11912.40 zł&quot;)" computerName="DESKTOP-5URQ9PB" duration="00:00:00.0000041" startTime="2022-06-13T21:14:10.7293495+02:00" endTime="2022-06-13T21:14:10.7293497+02:00" testType="13cdc9d9-ddb5-4fa4-a97d-d965ccfc6d4b" outcome="Passed" testListId="8c84fa94-04c1-424b-9868-57a2d4851a1d" relativeResultsDirectory="40833554-88c2-4d5f-9736-0222eea97695" />
    <UnitTestResult executionId="0dd4b087-3204-44f6-b139-b1df1980ac70" testId="4c9ec316-0614-0ed3-d3e3-ff9a3542b3e8" testName="xUnitTestProject.CurrencyHelperTests.FormatToStringTest1000(price: 29417.800422138444, expected: &quot;29417.80 zł&quot;)" computerName="DESKTOP-5URQ9PB" duration="00:00:00.0000077" startTime="2022-06-13T21:14:10.7775349+02:00" endTime="2022-06-13T21:14:10.7775350+02:00" testType="13cdc9d9-ddb5-4fa4-a97d-d965ccfc6d4b" outcome="Passed" testListId="8c84fa94-04c1-424b-9868-57a2d4851a1d" relativeResultsDirectory="0dd4b087-3204-44f6-b139-b1df1980ac70" />
    <UnitTestResult executionId="375674ee-29b3-48f2-97cd-1c4e577de95d" testId="3b31ccce-844d-e8f4-84db-04ab2e64b9a7" testName="xUnitTestProject.CurrencyHelperTests.FormatToStringTest1000(price: 3477.860963622509, expected: &quot;3477.86 zł&quot;)" computerName="DESKTOP-5URQ9PB" duration="00:00:00.0000071" startTime="2022-06-13T21:14:10.7973360+02:00" endTime="2022-06-13T21:14:10.7973362+02:00" testType="13cdc9d9-ddb5-4fa4-a97d-d965ccfc6d4b" outcome="Passed" testListId="8c84fa94-04c1-424b-9868-57a2d4851a1d" relativeResultsDirectory="375674ee-29b3-48f2-97cd-1c4e577de95d" />
    <UnitTestResult executionId="ed733842-60fa-4155-8095-5b39b3eb288c" testId="c8c9567a-0791-4ff6-39a0-7fa2a22ff301" testName="xUnitTestProject.CurrencyHelperTests.FormatToStringTest1000(price: 29845.02749849345, expected: &quot;29845.03 zł&quot;)" computerName="DESKTOP-5URQ9PB" duration="00:00:00.0000070" startTime="2022-06-13T21:14:10.7964478+02:00" endTime="2022-06-13T21:14:10.7964480+02:00" testType="13cdc9d9-ddb5-4fa4-a97d-d965ccfc6d4b" outcome="Passed" testListId="8c84fa94-04c1-424b-9868-57a2d4851a1d" relativeResultsDirectory="ed733842-60fa-4155-8095-5b39b3eb288c" />
    <UnitTestResult executionId="6305c50d-71ea-41c7-9749-bd2b4a429888" testId="bcf772d6-bc03-8db6-964e-e43c8f396083" testName="xUnitTestProject.CurrencyHelperTests.FormatToStringTest1000(price: 1664.7834932994022, expected: &quot;1664.78 zł&quot;)" computerName="DESKTOP-5URQ9PB" duration="00:00:00.0000041" startTime="2022-06-13T21:14:10.6966717+02:00" endTime="2022-06-13T21:14:10.6966718+02:00" testType="13cdc9d9-ddb5-4fa4-a97d-d965ccfc6d4b" outcome="Passed" testListId="8c84fa94-04c1-424b-9868-57a2d4851a1d" relativeResultsDirectory="6305c50d-71ea-41c7-9749-bd2b4a429888" />
    <UnitTestResult executionId="6e1573e3-f4bf-423e-b05a-71bb71b75563" testId="d39c6f9f-bd62-16f2-5a23-b15da9df82dd" testName="xUnitTestProject.CurrencyHelperTests.FormatToStringTest1000(price: 68011.49219071423, expected: &quot;68011.49 zł&quot;)" computerName="DESKTOP-5URQ9PB" duration="00:00:00.0000070" startTime="2022-06-13T21:14:10.7493386+02:00" endTime="2022-06-13T21:14:10.7493388+02:00" testType="13cdc9d9-ddb5-4fa4-a97d-d965ccfc6d4b" outcome="Passed" testListId="8c84fa94-04c1-424b-9868-57a2d4851a1d" relativeResultsDirectory="6e1573e3-f4bf-423e-b05a-71bb71b75563" />
    <UnitTestResult executionId="a161f4ad-489b-4740-bba4-36292b2e8615" testId="d5ee81d6-78bc-115b-efec-5de38db0e38b" testName="xUnitTestProject.CurrencyHelperTests.FormatToStringTest1000(price: 1514.6266382441981, expected: &quot;1514.63 zł&quot;)" computerName="DESKTOP-5URQ9PB" duration="00:00:00.0000043" startTime="2022-06-13T21:14:10.7047477+02:00" endTime="2022-06-13T21:14:10.7047479+02:00" testType="13cdc9d9-ddb5-4fa4-a97d-d965ccfc6d4b" outcome="Passed" testListId="8c84fa94-04c1-424b-9868-57a2d4851a1d" relativeResultsDirectory="a161f4ad-489b-4740-bba4-36292b2e8615" />
    <UnitTestResult executionId="8db6fada-d753-4193-9405-9d0b3c7a16da" testId="ada84f96-628a-be69-4c85-60683def0842" testName="xUnitTestProject.CurrencyHelperTests.FormatToStringTest1000(price: 45299.778512198376, expected: &quot;45299.78 zł&quot;)" computerName="DESKTOP-5URQ9PB" duration="00:00:00.0000044" startTime="2022-06-13T21:14:10.7077538+02:00" endTime="2022-06-13T21:14:10.7077539+02:00" testType="13cdc9d9-ddb5-4fa4-a97d-d965ccfc6d4b" outcome="Passed" testListId="8c84fa94-04c1-424b-9868-57a2d4851a1d" relativeResultsDirectory="8db6fada-d753-4193-9405-9d0b3c7a16da" />
    <UnitTestResult executionId="4dcbcddd-9096-48f4-b0f0-fdec5c20fe55" testId="0014f817-c5c9-87d1-3e8c-ecffc3678e52" testName="xUnitTestProject.CurrencyHelperTests.FormatToStringTest1000(price: 82228.32322510486, expected: &quot;82228.32 zł&quot;)" computerName="DESKTOP-5URQ9PB" duration="00:00:00.0000058" startTime="2022-06-13T21:14:10.7943988+02:00" endTime="2022-06-13T21:14:10.7943990+02:00" testType="13cdc9d9-ddb5-4fa4-a97d-d965ccfc6d4b" outcome="Passed" testListId="8c84fa94-04c1-424b-9868-57a2d4851a1d" relativeResultsDirectory="4dcbcddd-9096-48f4-b0f0-fdec5c20fe55" />
    <UnitTestResult executionId="d62a2e37-61f2-4fac-8974-0711674a7040" testId="a61390b2-0ec7-4d98-e7ed-b8eba6ac247d" testName="xUnitTestProject.CurrencyHelperTests.FormatToStringTest1000(price: 34084.19497795599, expected: &quot;34084.19 zł&quot;)" computerName="DESKTOP-5URQ9PB" duration="00:00:00.0000060" startTime="2022-06-13T21:14:10.7954363+02:00" endTime="2022-06-13T21:14:10.7954364+02:00" testType="13cdc9d9-ddb5-4fa4-a97d-d965ccfc6d4b" outcome="Passed" testListId="8c84fa94-04c1-424b-9868-57a2d4851a1d" relativeResultsDirectory="d62a2e37-61f2-4fac-8974-0711674a7040" />
    <UnitTestResult executionId="d20c9e32-b0c6-4f41-b79a-8908816f3d93" testId="b9b36c19-155c-ac46-851c-623393903657" testName="xUnitTestProject.CurrencyHelperTests.FormatToStringTest1000(price: 1187.8237780126854, expected: &quot;1187.82 zł&quot;)" computerName="DESKTOP-5URQ9PB" duration="00:00:00.0000071" startTime="2022-06-13T21:14:10.7529003+02:00" endTime="2022-06-13T21:14:10.7529005+02:00" testType="13cdc9d9-ddb5-4fa4-a97d-d965ccfc6d4b" outcome="Passed" testListId="8c84fa94-04c1-424b-9868-57a2d4851a1d" relativeResultsDirectory="d20c9e32-b0c6-4f41-b79a-8908816f3d93" />
    <UnitTestResult executionId="164d2012-a778-4779-9b37-096d45cd84c0" testId="19ecf0ec-9a79-ad70-9475-fee54b9d8614" testName="xUnitTestProject.CurrencyHelperTests.FormatToStringTest1000(price: 1994.0983933439006, expected: &quot;1994.10 zł&quot;)" computerName="DESKTOP-5URQ9PB" duration="00:00:00.0000041" startTime="2022-06-13T21:14:10.7148183+02:00" endTime="2022-06-13T21:14:10.7148185+02:00" testType="13cdc9d9-ddb5-4fa4-a97d-d965ccfc6d4b" outcome="Passed" testListId="8c84fa94-04c1-424b-9868-57a2d4851a1d" relativeResultsDirectory="164d2012-a778-4779-9b37-096d45cd84c0" />
    <UnitTestResult executionId="1ebb19c0-d688-4a83-bacb-de98ee73d42d" testId="4608b597-f016-aaeb-6cec-43c6a698815f" testName="xUnitTestProject.CurrencyHelperTests.FormatToStringTest1000(price: 10495.622655484185, expected: &quot;10495.62 zł&quot;)" computerName="DESKTOP-5URQ9PB" duration="00:00:00.0000043" startTime="2022-06-13T21:14:10.6999293+02:00" endTime="2022-06-13T21:14:10.6999294+02:00" testType="13cdc9d9-ddb5-4fa4-a97d-d965ccfc6d4b" outcome="Passed" testListId="8c84fa94-04c1-424b-9868-57a2d4851a1d" relativeResultsDirectory="1ebb19c0-d688-4a83-bacb-de98ee73d42d" />
    <UnitTestResult executionId="0b370217-e4e1-4e82-911c-881dfda15fec" testId="297d2ce6-e7ea-8d5e-9134-2d6e61b4337c" testName="xUnitTestProject.CurrencyHelperTests.FormatToStringTest1000(price: 7050.437505805137, expected: &quot;7050.44 zł&quot;)" computerName="DESKTOP-5URQ9PB" duration="00:00:00.0000055" startTime="2022-06-13T21:14:10.7982835+02:00" endTime="2022-06-13T21:14:10.7982836+02:00" testType="13cdc9d9-ddb5-4fa4-a97d-d965ccfc6d4b" outcome="Passed" testListId="8c84fa94-04c1-424b-9868-57a2d4851a1d" relativeResultsDirectory="0b370217-e4e1-4e82-911c-881dfda15fec" />
    <UnitTestResult executionId="51f0ce51-df8a-40db-8a67-ebee4057e5df" testId="df3e2c77-7f8f-57bd-4668-f3110adbfbc8" testName="xUnitTestProject.CurrencyHelperTests.FormatToStringTest1000(price: 29975.4018974022, expected: &quot;29975.40 zł&quot;)" computerName="DESKTOP-5URQ9PB" duration="00:00:00.0000043" startTime="2022-06-13T21:14:10.7188088+02:00" endTime="2022-06-13T21:14:10.7188089+02:00" testType="13cdc9d9-ddb5-4fa4-a97d-d965ccfc6d4b" outcome="Passed" testListId="8c84fa94-04c1-424b-9868-57a2d4851a1d" relativeResultsDirectory="51f0ce51-df8a-40db-8a67-ebee4057e5df" />
    <UnitTestResult executionId="799ebc4d-c71b-4229-b346-b603fb651a12" testId="6f661c9f-cb4c-fdf6-5a9a-217f69ebc5d5" testName="xUnitTestProject.CurrencyHelperTests.FormatToStringTest1000(price: 1613.6903705837626, expected: &quot;1613.69 zł&quot;)" computerName="DESKTOP-5URQ9PB" duration="00:00:00.0000041" startTime="2022-06-13T21:14:10.7029621+02:00" endTime="2022-06-13T21:14:10.7029622+02:00" testType="13cdc9d9-ddb5-4fa4-a97d-d965ccfc6d4b" outcome="Passed" testListId="8c84fa94-04c1-424b-9868-57a2d4851a1d" relativeResultsDirectory="799ebc4d-c71b-4229-b346-b603fb651a12" />
    <UnitTestResult executionId="d0f103c7-29be-402d-8a73-74b1476332b9" testId="f0e62743-f005-ab34-4606-22275729a052" testName="xUnitTestProject.CurrencyHelperTests.FormatToStringTest1000(price: 40556.73452524362, expected: &quot;40556.73 zł&quot;)" computerName="DESKTOP-5URQ9PB" duration="00:00:00.0000076" startTime="2022-06-13T21:14:10.7716442+02:00" endTime="2022-06-13T21:14:10.7716443+02:00" testType="13cdc9d9-ddb5-4fa4-a97d-d965ccfc6d4b" outcome="Passed" testListId="8c84fa94-04c1-424b-9868-57a2d4851a1d" relativeResultsDirectory="d0f103c7-29be-402d-8a73-74b1476332b9" />
    <UnitTestResult executionId="936da17b-287e-49a0-8e4f-c662b6d88e29" testId="6127c2a7-0d58-b2ca-c80b-3d883558c1c7" testName="xUnitTestProject.CurrencyHelperTests.FormatToStringTest1000(price: 63507.32603545455, expected: &quot;63507.33 zł&quot;)" computerName="DESKTOP-5URQ9PB" duration="00:00:00.0000041" startTime="2022-06-13T21:14:10.6870985+02:00" endTime="2022-06-13T21:14:10.6870987+02:00" testType="13cdc9d9-ddb5-4fa4-a97d-d965ccfc6d4b" outcome="Passed" testListId="8c84fa94-04c1-424b-9868-57a2d4851a1d" relativeResultsDirectory="936da17b-287e-49a0-8e4f-c662b6d88e29" />
    <UnitTestResult executionId="a14a3989-24e2-452d-a101-9bc3a73ce77b" testId="4fa0fe8a-60b4-1b4b-175d-a18573723ba2" testName="xUnitTestProject.CurrencyHelperTests.FormatToStringTest1000(price: 16190.113943164757, expected: &quot;16190.11 zł&quot;)" computerName="DESKTOP-5URQ9PB" duration="00:00:00.0000085" startTime="2022-06-13T21:14:10.7469521+02:00" endTime="2022-06-13T21:14:10.7469525+02:00" testType="13cdc9d9-ddb5-4fa4-a97d-d965ccfc6d4b" outcome="Passed" testListId="8c84fa94-04c1-424b-9868-57a2d4851a1d" relativeResultsDirectory="a14a3989-24e2-452d-a101-9bc3a73ce77b" />
    <UnitTestResult executionId="02e64a1c-1515-4387-b1c5-82539064589c" testId="92bde5bc-af9c-6dbe-10ea-7012e494fcd9" testName="xUnitTestProject.CurrencyHelperTests.FormatToStringTest1000(price: 27942.393876474067, expected: &quot;27942.39 zł&quot;)" computerName="DESKTOP-5URQ9PB" duration="00:00:00.0000070" startTime="2022-06-13T21:14:10.7875075+02:00" endTime="2022-06-13T21:14:10.7875077+02:00" testType="13cdc9d9-ddb5-4fa4-a97d-d965ccfc6d4b" outcome="Passed" testListId="8c84fa94-04c1-424b-9868-57a2d4851a1d" relativeResultsDirectory="02e64a1c-1515-4387-b1c5-82539064589c" />
    <UnitTestResult executionId="7c817ae9-8fe8-431f-b659-e4b69fb56f32" testId="c7272717-4c66-ee9c-96d1-b74d86b61eb8" testName="xUnitTestProject.CurrencyHelperTests.FormatToStringTest1000(price: 5022.470719070859, expected: &quot;5022.47 zł&quot;)" computerName="DESKTOP-5URQ9PB" duration="00:00:00.0000078" startTime="2022-06-13T21:14:10.7814654+02:00" endTime="2022-06-13T21:14:10.7814656+02:00" testType="13cdc9d9-ddb5-4fa4-a97d-d965ccfc6d4b" outcome="Passed" testListId="8c84fa94-04c1-424b-9868-57a2d4851a1d" relativeResultsDirectory="7c817ae9-8fe8-431f-b659-e4b69fb56f32" />
    <UnitTestResult executionId="8349ff57-dc66-4dfe-af82-66205d7afa4d" testId="ff088bf9-c4c9-daf8-12f7-40d9669dd362" testName="xUnitTestProject.CurrencyHelperTests.FormatToStringTest1000(price: 5628.028273674672, expected: &quot;5628.03 zł&quot;)" computerName="DESKTOP-5URQ9PB" duration="00:00:00.0000078" startTime="2022-06-13T21:14:10.7598022+02:00" endTime="2022-06-13T21:14:10.7598023+02:00" testType="13cdc9d9-ddb5-4fa4-a97d-d965ccfc6d4b" outcome="Passed" testListId="8c84fa94-04c1-424b-9868-57a2d4851a1d" relativeResultsDirectory="8349ff57-dc66-4dfe-af82-66205d7afa4d" />
    <UnitTestResult executionId="3d0c278f-cd82-4006-87db-bdf9576888f7" testId="f015f451-5073-33ab-39c2-17ab900bf337" testName="xUnitTestProject.CurrencyHelperTests.FormatToStringTest1000(price: 25720.27551496321, expected: &quot;25720.28 zł&quot;)" computerName="DESKTOP-5URQ9PB" duration="00:00:00.0000043" startTime="2022-06-13T21:14:10.7158812+02:00" endTime="2022-06-13T21:14:10.7158814+02:00" testType="13cdc9d9-ddb5-4fa4-a97d-d965ccfc6d4b" outcome="Passed" testListId="8c84fa94-04c1-424b-9868-57a2d4851a1d" relativeResultsDirectory="3d0c278f-cd82-4006-87db-bdf9576888f7" />
    <UnitTestResult executionId="cfb9c67e-4d99-4231-ba6e-26f3e7d6d59a" testId="112056a7-90b6-3caa-8868-b79786565857" testName="xUnitTestProject.CurrencyHelperTests.FormatToStringTest1000(price: 20552.966022956633, expected: &quot;20552.97 zł&quot;)" computerName="DESKTOP-5URQ9PB" duration="00:00:00.0000041" startTime="2022-06-13T21:14:10.6924845+02:00" endTime="2022-06-13T21:14:10.6924847+02:00" testType="13cdc9d9-ddb5-4fa4-a97d-d965ccfc6d4b" outcome="Passed" testListId="8c84fa94-04c1-424b-9868-57a2d4851a1d" relativeResultsDirectory="cfb9c67e-4d99-4231-ba6e-26f3e7d6d59a" />
    <UnitTestResult executionId="bb9b9858-ccbc-484c-a2d0-b728bd8fa20a" testId="ff400e5b-d8ea-836f-c081-66cfe2473c87" testName="xUnitTestProject.CurrencyHelperTests.FormatToStringTest1000(price: 35967.54466809684, expected: &quot;35967.54 zł&quot;)" computerName="DESKTOP-5URQ9PB" duration="00:00:00.0000076" startTime="2022-06-13T21:14:10.7671390+02:00" endTime="2022-06-13T21:14:10.7671392+02:00" testType="13cdc9d9-ddb5-4fa4-a97d-d965ccfc6d4b" outcome="Passed" testListId="8c84fa94-04c1-424b-9868-57a2d4851a1d" relativeResultsDirectory="bb9b9858-ccbc-484c-a2d0-b728bd8fa20a" />
    <UnitTestResult executionId="86126e41-30b1-4ed4-9664-5a1753c61efa" testId="ded3a712-fe17-74f4-ce2a-e02d4a5da442" testName="xUnitTestProject.CurrencyHelperTests.FormatToStringTest1000(price: 30071.004434484523, expected: &quot;30071.00 zł&quot;)" computerName="DESKTOP-5URQ9PB" duration="00:00:00.0000082" startTime="2022-06-13T21:14:10.7617951+02:00" endTime="2022-06-13T21:14:10.7617954+02:00" testType="13cdc9d9-ddb5-4fa4-a97d-d965ccfc6d4b" outcome="Passed" testListId="8c84fa94-04c1-424b-9868-57a2d4851a1d" relativeResultsDirectory="86126e41-30b1-4ed4-9664-5a1753c61efa" />
    <UnitTestResult executionId="806093ff-c46e-4d37-ad34-d3bff4a42410" testId="c0cf2cb3-44c7-373b-4b04-bf5ce7678b68" testName="xUnitTestProject.CurrencyHelperTests.FormatToStringTest1000(price: 50507.0104155615, expected: &quot;50507.01 zł&quot;)" computerName="DESKTOP-5URQ9PB" duration="00:00:00.0000041" startTime="2022-06-13T21:14:10.7068405+02:00" endTime="2022-06-13T21:14:10.7068407+02:00" testType="13cdc9d9-ddb5-4fa4-a97d-d965ccfc6d4b" outcome="Passed" testListId="8c84fa94-04c1-424b-9868-57a2d4851a1d" relativeResultsDirectory="806093ff-c46e-4d37-ad34-d3bff4a42410" />
    <UnitTestResult executionId="448099ea-f49f-45e7-9a3a-0a9e622f7158" testId="1b17bc60-8954-8c6a-08e7-e6fe2f215cc6" testName="xUnitTestProject.CurrencyHelperTests.FormatToStringTest1000(price: 6665.405372488035, expected: &quot;6665.41 zł&quot;)" computerName="DESKTOP-5URQ9PB" duration="00:00:00.0000041" startTime="2022-06-13T21:14:10.7087325+02:00" endTime="2022-06-13T21:14:10.7087326+02:00" testType="13cdc9d9-ddb5-4fa4-a97d-d965ccfc6d4b" outcome="Passed" testListId="8c84fa94-04c1-424b-9868-57a2d4851a1d" relativeResultsDirectory="448099ea-f49f-45e7-9a3a-0a9e622f7158" />
    <UnitTestResult executionId="09c85d73-1dde-4628-b1d3-49b658d5b33c" testId="1dbf06ec-4cde-4ef3-de39-b5efb671422f" testName="xUnitTestProject.CurrencyHelperTests.FormatToStringTest1000(price: 22330.217605518745, expected: &quot;22330.22 zł&quot;)" computerName="DESKTOP-5URQ9PB" duration="00:00:00.0000041" startTime="2022-06-13T21:14:10.6870648+02:00" endTime="2022-06-13T21:14:10.6870649+02:00" testType="13cdc9d9-ddb5-4fa4-a97d-d965ccfc6d4b" outcome="Passed" testListId="8c84fa94-04c1-424b-9868-57a2d4851a1d" relativeResultsDirectory="09c85d73-1dde-4628-b1d3-49b658d5b33c" />
    <UnitTestResult executionId="eff7470f-9de1-44b6-beed-4c9ce75fef69" testId="1d527cfe-7183-7ac1-a7ed-260bd5e5ccfa" testName="xUnitTestProject.CurrencyHelperTests.FormatToStringTest1000(price: 38402.8293406753, expected: &quot;38402.83 zł&quot;)" computerName="DESKTOP-5URQ9PB" duration="00:00:00.0000043" startTime="2022-06-13T21:14:10.7076346+02:00" endTime="2022-06-13T21:14:10.7076347+02:00" testType="13cdc9d9-ddb5-4fa4-a97d-d965ccfc6d4b" outcome="Passed" testListId="8c84fa94-04c1-424b-9868-57a2d4851a1d" relativeResultsDirectory="eff7470f-9de1-44b6-beed-4c9ce75fef69" />
    <UnitTestResult executionId="f8b15d51-6f55-499c-b4ae-5908ca9c7753" testId="e9257337-b714-27d4-32a8-94e3008408f8" testName="xUnitTestProject.CurrencyHelperTests.FormatToStringTest1000(price: 41876.979471482795, expected: &quot;41876.98 zł&quot;)" computerName="DESKTOP-5URQ9PB" duration="00:00:00.0000043" startTime="2022-06-13T21:14:10.6957209+02:00" endTime="2022-06-13T21:14:10.6957211+02:00" testType="13cdc9d9-ddb5-4fa4-a97d-d965ccfc6d4b" outcome="Passed" testListId="8c84fa94-04c1-424b-9868-57a2d4851a1d" relativeResultsDirectory="f8b15d51-6f55-499c-b4ae-5908ca9c7753" />
    <UnitTestResult executionId="ccdb5cb5-12ac-4da4-860b-2b317032ddfb" testId="23aaa466-cf05-d364-17da-f1d2a5004cf2" testName="xUnitTestProject.CurrencyHelperTests.FormatToStringTest1000(price: 23684.695462791573, expected: &quot;23684.70 zł&quot;)" computerName="DESKTOP-5URQ9PB" duration="00:00:00.0000041" startTime="2022-06-13T21:14:10.7377736+02:00" endTime="2022-06-13T21:14:10.7377738+02:00" testType="13cdc9d9-ddb5-4fa4-a97d-d965ccfc6d4b" outcome="Passed" testListId="8c84fa94-04c1-424b-9868-57a2d4851a1d" relativeResultsDirectory="ccdb5cb5-12ac-4da4-860b-2b317032ddfb" />
    <UnitTestResult executionId="e9f2333e-4b35-4e51-adbd-f8a133200457" testId="369e9363-5592-8231-38fe-e3c32cfca4c4" testName="xUnitTestProject.CurrencyHelperTests.FormatToStringTest1000(price: 626.135364110179, expected: &quot;626.14 zł&quot;)" computerName="DESKTOP-5URQ9PB" duration="00:00:00.0000074" startTime="2022-06-13T21:14:10.7965073+02:00" endTime="2022-06-13T21:14:10.7965074+02:00" testType="13cdc9d9-ddb5-4fa4-a97d-d965ccfc6d4b" outcome="Passed" testListId="8c84fa94-04c1-424b-9868-57a2d4851a1d" relativeResultsDirectory="e9f2333e-4b35-4e51-adbd-f8a133200457" />
    <UnitTestResult executionId="8fe7cde7-ba10-4143-8afe-7af4ab19bbdb" testId="83d0208c-cef3-bd49-264a-c0709c65e66e" testName="xUnitTestProject.CurrencyHelperTests.FormatToStringTest1000(price: 6958.393354767186, expected: &quot;6958.39 zł&quot;)" computerName="DESKTOP-5URQ9PB" duration="00:00:00.0000083" startTime="2022-06-13T21:14:10.7728226+02:00" endTime="2022-06-13T21:14:10.7728228+02:00" testType="13cdc9d9-ddb5-4fa4-a97d-d965ccfc6d4b" outcome="Passed" testListId="8c84fa94-04c1-424b-9868-57a2d4851a1d" relativeResultsDirectory="8fe7cde7-ba10-4143-8afe-7af4ab19bbdb" />
    <UnitTestResult executionId="c64b8724-b4c5-4ef6-b46f-9f5262d54bf1" testId="1cc15eeb-9d05-d094-9231-53ade30093a7" testName="xUnitTestProject.CurrencyHelperTests.FormatToStringTest1000(price: 1687.6029180025694, expected: &quot;1687.60 zł&quot;)" computerName="DESKTOP-5URQ9PB" duration="00:00:00.0000041" startTime="2022-06-13T21:14:10.7086125+02:00" endTime="2022-06-13T21:14:10.7086126+02:00" testType="13cdc9d9-ddb5-4fa4-a97d-d965ccfc6d4b" outcome="Passed" testListId="8c84fa94-04c1-424b-9868-57a2d4851a1d" relativeResultsDirectory="c64b8724-b4c5-4ef6-b46f-9f5262d54bf1" />
    <UnitTestResult executionId="2ae42b14-7bbf-472a-8816-8bcac28990e2" testId="a8d731c5-67df-9575-20e2-4e702b3d5817" testName="xUnitTestProject.CurrencyHelperTests.FormatToStringTest1000(price: 13323.876109275909, expected: &quot;13323.88 zł&quot;)" computerName="DESKTOP-5URQ9PB" duration="00:00:00.0000080" startTime="2022-06-13T21:14:10.7504284+02:00" endTime="2022-06-13T21:14:10.7504286+02:00" testType="13cdc9d9-ddb5-4fa4-a97d-d965ccfc6d4b" outcome="Passed" testListId="8c84fa94-04c1-424b-9868-57a2d4851a1d" relativeResultsDirectory="2ae42b14-7bbf-472a-8816-8bcac28990e2" />
    <UnitTestResult executionId="b732853d-fd76-416d-bc56-0893cf625d6a" testId="7c3ffa01-e97c-2ed2-ce73-5d584269f0e2" testName="xUnitTestProject.CurrencyHelperTests.FormatToStringTest1000(price: 32213.734885384205, expected: &quot;32213.73 zł&quot;)" computerName="DESKTOP-5URQ9PB" duration="00:00:00.0000041" startTime="2022-06-13T21:14:10.7269487+02:00" endTime="2022-06-13T21:14:10.7269490+02:00" testType="13cdc9d9-ddb5-4fa4-a97d-d965ccfc6d4b" outcome="Passed" testListId="8c84fa94-04c1-424b-9868-57a2d4851a1d" relativeResultsDirectory="b732853d-fd76-416d-bc56-0893cf625d6a" />
    <UnitTestResult executionId="b9e2fb74-ea34-427c-a333-993b686f28cb" testId="a1a708d6-4e5d-1cbd-caa6-7047836e6788" testName="xUnitTestProject.CurrencyHelperTests.FormatToStringTest1000(price: 19840.47672110632, expected: &quot;19840.48 zł&quot;)" computerName="DESKTOP-5URQ9PB" duration="00:00:00.0000083" startTime="2022-06-13T21:14:10.7692980+02:00" endTime="2022-06-13T21:14:10.7692982+02:00" testType="13cdc9d9-ddb5-4fa4-a97d-d965ccfc6d4b" outcome="Passed" testListId="8c84fa94-04c1-424b-9868-57a2d4851a1d" relativeResultsDirectory="b9e2fb74-ea34-427c-a333-993b686f28cb" />
    <UnitTestResult executionId="5e646f9f-5ff2-41da-b129-f5c6035c3d18" testId="45a5b31d-d8ee-81e0-0e1d-a198d7cba5b5" testName="xUnitTestProject.CurrencyHelperTests.FormatToStringTest1000(price: 39314.52353688401, expected: &quot;39314.52 zł&quot;)" computerName="DESKTOP-5URQ9PB" duration="00:00:00.0000075" startTime="2022-06-13T21:14:10.7595301+02:00" endTime="2022-06-13T21:14:10.7595305+02:00" testType="13cdc9d9-ddb5-4fa4-a97d-d965ccfc6d4b" outcome="Passed" testListId="8c84fa94-04c1-424b-9868-57a2d4851a1d" relativeResultsDirectory="5e646f9f-5ff2-41da-b129-f5c6035c3d18" />
    <UnitTestResult executionId="a5827a78-28ba-40ae-9257-adec8d72ed7b" testId="0dda947f-a97a-e494-3314-a0e77995fdce" testName="xUnitTestProject.CurrencyHelperTests.FormatToStringTest1000(price: 19216.446905020366, expected: &quot;19216.45 zł&quot;)" computerName="DESKTOP-5URQ9PB" duration="00:00:00.0000041" startTime="2022-06-13T21:14:10.6881197+02:00" endTime="2022-06-13T21:14:10.6881199+02:00" testType="13cdc9d9-ddb5-4fa4-a97d-d965ccfc6d4b" outcome="Passed" testListId="8c84fa94-04c1-424b-9868-57a2d4851a1d" relativeResultsDirectory="a5827a78-28ba-40ae-9257-adec8d72ed7b" />
    <UnitTestResult executionId="05181271-c660-44b0-b7bc-1e205c7f1050" testId="c6cb5829-9900-78b4-ad40-ce24294fb2f7" testName="xUnitTestProject.CurrencyHelperTests.FormatToStringTest1000(price: 67380.07704875062, expected: &quot;67380.08 zł&quot;)" computerName="DESKTOP-5URQ9PB" duration="00:00:00.0000043" startTime="2022-06-13T21:14:10.6861368+02:00" endTime="2022-06-13T21:14:10.6861369+02:00" testType="13cdc9d9-ddb5-4fa4-a97d-d965ccfc6d4b" outcome="Passed" testListId="8c84fa94-04c1-424b-9868-57a2d4851a1d" relativeResultsDirectory="05181271-c660-44b0-b7bc-1e205c7f1050" />
    <UnitTestResult executionId="1aad679e-f5ea-4291-bcb6-165e32f84ae5" testId="3a74380b-5761-efcc-d80f-84990cb62b27" testName="xUnitTestProject.CurrencyHelperTests.FormatToStringTest1000(price: 6323.24079469882, expected: &quot;6323.24 zł&quot;)" computerName="DESKTOP-5URQ9PB" duration="00:00:00.0000041" startTime="2022-06-13T21:14:10.7028137+02:00" endTime="2022-06-13T21:14:10.7028138+02:00" testType="13cdc9d9-ddb5-4fa4-a97d-d965ccfc6d4b" outcome="Passed" testListId="8c84fa94-04c1-424b-9868-57a2d4851a1d" relativeResultsDirectory="1aad679e-f5ea-4291-bcb6-165e32f84ae5" />
    <UnitTestResult executionId="5a5eafbb-2926-437e-866b-955b15026123" testId="a3a08850-4a93-c030-f4e2-fdffe7d8b320" testName="xUnitTestProject.CurrencyHelperTests.FormatToStringTest1000(price: 19873.59831658453, expected: &quot;19873.60 zł&quot;)" computerName="DESKTOP-5URQ9PB" duration="00:00:00.0000066" startTime="2022-06-13T21:14:10.7925895+02:00" endTime="2022-06-13T21:14:10.7925897+02:00" testType="13cdc9d9-ddb5-4fa4-a97d-d965ccfc6d4b" outcome="Passed" testListId="8c84fa94-04c1-424b-9868-57a2d4851a1d" relativeResultsDirectory="5a5eafbb-2926-437e-866b-955b15026123" />
    <UnitTestResult executionId="9cf45610-2d21-49fe-8915-d7ff6bcdda9e" testId="0fe69b56-67e1-3f07-b6ce-8076afaa9bd7" testName="xUnitTestProject.CurrencyHelperTests.FormatToStringTest1000(price: 11958.422287871792, expected: &quot;11958.42 zł&quot;)" computerName="DESKTOP-5URQ9PB" duration="00:00:00.0000074" startTime="2022-06-13T21:14:10.7505051+02:00" endTime="2022-06-13T21:14:10.7505053+02:00" testType="13cdc9d9-ddb5-4fa4-a97d-d965ccfc6d4b" outcome="Passed" testListId="8c84fa94-04c1-424b-9868-57a2d4851a1d" relativeResultsDirectory="9cf45610-2d21-49fe-8915-d7ff6bcdda9e" />
    <UnitTestResult executionId="0968eec2-7c40-479d-add3-49fb96aba040" testId="b6db6a04-ac79-c80a-e7d6-d9ff2d42f5f4" testName="xUnitTestProject.CurrencyHelperTests.FormatToStringTest1000(price: 75350.77330865282, expected: &quot;75350.77 zł&quot;)" computerName="DESKTOP-5URQ9PB" duration="00:00:00.0000043" startTime="2022-06-13T21:14:10.7247643+02:00" endTime="2022-06-13T21:14:10.7247644+02:00" testType="13cdc9d9-ddb5-4fa4-a97d-d965ccfc6d4b" outcome="Passed" testListId="8c84fa94-04c1-424b-9868-57a2d4851a1d" relativeResultsDirectory="0968eec2-7c40-479d-add3-49fb96aba040" />
    <UnitTestResult executionId="fc275ab8-49e3-4ffb-85f1-e8b4f1f160f3" testId="b2d498a1-af9b-33b8-aa18-e8644e9da7f1" testName="xUnitTestProject.CurrencyHelperTests.FormatToStringTest1000(price: 12379.347974640013, expected: &quot;12379.35 zł&quot;)" computerName="DESKTOP-5URQ9PB" duration="00:00:00.0000080" startTime="2022-06-13T21:14:10.7765762+02:00" endTime="2022-06-13T21:14:10.7765764+02:00" testType="13cdc9d9-ddb5-4fa4-a97d-d965ccfc6d4b" outcome="Passed" testListId="8c84fa94-04c1-424b-9868-57a2d4851a1d" relativeResultsDirectory="fc275ab8-49e3-4ffb-85f1-e8b4f1f160f3" />
    <UnitTestResult executionId="8274a581-c65d-4656-a23f-05e284b57b26" testId="21bbacc0-ff4d-ad67-a90f-e4f994353077" testName="xUnitTestProject.CurrencyHelperTests.FormatToStringTest1000(price: 3521.3657738167635, expected: &quot;3521.37 zł&quot;)" computerName="DESKTOP-5URQ9PB" duration="00:00:00.0000041" startTime="2022-06-13T21:14:10.7303853+02:00" endTime="2022-06-13T21:14:10.7303854+02:00" testType="13cdc9d9-ddb5-4fa4-a97d-d965ccfc6d4b" outcome="Passed" testListId="8c84fa94-04c1-424b-9868-57a2d4851a1d" relativeResultsDirectory="8274a581-c65d-4656-a23f-05e284b57b26" />
    <UnitTestResult executionId="d47dd311-f05e-494a-8f0d-d2b23412ec19" testId="1ff2656a-0300-1f06-36b0-2fc677b4ea69" testName="xUnitTestProject.CurrencyHelperTests.FormatToStringTest1000(price: 12831.146874380833, expected: &quot;12831.15 zł&quot;)" computerName="DESKTOP-5URQ9PB" duration="00:00:00.0000041" startTime="2022-06-13T21:14:10.7087625+02:00" endTime="2022-06-13T21:14:10.7087626+02:00" testType="13cdc9d9-ddb5-4fa4-a97d-d965ccfc6d4b" outcome="Passed" testListId="8c84fa94-04c1-424b-9868-57a2d4851a1d" relativeResultsDirectory="d47dd311-f05e-494a-8f0d-d2b23412ec19" />
    <UnitTestResult executionId="4c65706f-2841-496b-8a5c-fb952eb4b260" testId="a73e7657-df2c-963a-69ef-cc5459fb4c2b" testName="xUnitTestProject.CurrencyHelperTests.FormatToStringTest1000(price: 79388.929555234, expected: &quot;79388.93 zł&quot;)" computerName="DESKTOP-5URQ9PB" duration="00:00:00.0000083" startTime="2022-06-13T21:14:10.7619534+02:00" endTime="2022-06-13T21:14:10.7619535+02:00" testType="13cdc9d9-ddb5-4fa4-a97d-d965ccfc6d4b" outcome="Passed" testListId="8c84fa94-04c1-424b-9868-57a2d4851a1d" relativeResultsDirectory="4c65706f-2841-496b-8a5c-fb952eb4b260" />
    <UnitTestResult executionId="c9295987-da00-4d26-84ed-3d637258d712" testId="da125bcd-1715-deae-cc3d-6c75d593b271" testName="xUnitTestProject.CurrencyHelperTests.FormatToStringTest1000(price: 3092.9215945624383, expected: &quot;3092.92 zł&quot;)" computerName="DESKTOP-5URQ9PB" duration="00:00:00.0000043" startTime="2022-06-13T21:14:10.6956617+02:00" endTime="2022-06-13T21:14:10.6956618+02:00" testType="13cdc9d9-ddb5-4fa4-a97d-d965ccfc6d4b" outcome="Passed" testListId="8c84fa94-04c1-424b-9868-57a2d4851a1d" relativeResultsDirectory="c9295987-da00-4d26-84ed-3d637258d712" />
    <UnitTestResult executionId="227efd14-f153-4055-b2f0-e7930c5ffb79" testId="e0c34032-6c79-2d9c-b6af-6955c63a9e30" testName="xUnitTestProject.CurrencyHelperTests.FormatToStringTest1000(price: 47672.66266041652, expected: &quot;47672.66 zł&quot;)" computerName="DESKTOP-5URQ9PB" duration="00:00:00.0000054" startTime="2022-06-13T21:14:10.7953773+02:00" endTime="2022-06-13T21:14:10.7953774+02:00" testType="13cdc9d9-ddb5-4fa4-a97d-d965ccfc6d4b" outcome="Passed" testListId="8c84fa94-04c1-424b-9868-57a2d4851a1d" relativeResultsDirectory="227efd14-f153-4055-b2f0-e7930c5ffb79" />
    <UnitTestResult executionId="4667f6c2-0cc3-4ed7-85ed-1b68597e5e97" testId="1fffb893-3987-58da-ed03-e4f32e271dc9" testName="xUnitTestProject.CurrencyHelperTests.FormatToStringTest1000(price: 19435.417227184127, expected: &quot;19435.42 zł&quot;)" computerName="DESKTOP-5URQ9PB" duration="00:00:00.0000073" startTime="2022-06-13T21:14:10.7984015+02:00" endTime="2022-06-13T21:14:10.7984017+02:00" testType="13cdc9d9-ddb5-4fa4-a97d-d965ccfc6d4b" outcome="Passed" testListId="8c84fa94-04c1-424b-9868-57a2d4851a1d" relativeResultsDirectory="4667f6c2-0cc3-4ed7-85ed-1b68597e5e97" />
    <UnitTestResult executionId="6811af87-76b3-4b65-b8e6-717d5fee1b59" testId="aa0b789a-9fae-e4e5-e891-6c71af0ebd35" testName="xUnitTestProject.CurrencyHelperTests.FormatToStringTest1000(price: 5287.3103648714305, expected: &quot;5287.31 zł&quot;)" computerName="DESKTOP-5URQ9PB" duration="00:00:00.0000072" startTime="2022-06-13T21:14:10.7575445+02:00" endTime="2022-06-13T21:14:10.7575447+02:00" testType="13cdc9d9-ddb5-4fa4-a97d-d965ccfc6d4b" outcome="Passed" testListId="8c84fa94-04c1-424b-9868-57a2d4851a1d" relativeResultsDirectory="6811af87-76b3-4b65-b8e6-717d5fee1b59" />
    <UnitTestResult executionId="430a538c-c55c-46de-9930-07117c5db7f4" testId="4b28c4f2-243a-8c78-12a1-344fb80c29cf" testName="xUnitTestProject.CurrencyHelperTests.FormatToStringTest1000(price: 30126.012320622805, expected: &quot;30126.01 zł&quot;)" computerName="DESKTOP-5URQ9PB" duration="00:00:00.0000043" startTime="2022-06-13T21:14:10.7116908+02:00" endTime="2022-06-13T21:14:10.7116912+02:00" testType="13cdc9d9-ddb5-4fa4-a97d-d965ccfc6d4b" outcome="Passed" testListId="8c84fa94-04c1-424b-9868-57a2d4851a1d" relativeResultsDirectory="430a538c-c55c-46de-9930-07117c5db7f4" />
    <UnitTestResult executionId="ae01d01d-2a2f-4d12-8727-f7ceec544ffa" testId="9f62336d-d2a3-438a-9707-488b6a94c792" testName="xUnitTestProject.CurrencyHelperTests.FormatToStringTest1000(price: 45739.569854490255, expected: &quot;45739.57 zł&quot;)" computerName="DESKTOP-5URQ9PB" duration="00:00:00.0000075" startTime="2022-06-13T21:14:10.7527058+02:00" endTime="2022-06-13T21:14:10.7527060+02:00" testType="13cdc9d9-ddb5-4fa4-a97d-d965ccfc6d4b" outcome="Passed" testListId="8c84fa94-04c1-424b-9868-57a2d4851a1d" relativeResultsDirectory="ae01d01d-2a2f-4d12-8727-f7ceec544ffa" />
    <UnitTestResult executionId="18a1a9df-f1a9-4806-aa70-d07129e347d4" testId="b38d539d-6069-d89f-5c5e-102a8255e594" testName="xUnitTestProject.CurrencyHelperTests.FormatToStringTest1000(price: 2901.9683054191846, expected: &quot;2901.97 zł&quot;)" computerName="DESKTOP-5URQ9PB" duration="00:00:00.0000074" startTime="2022-06-13T21:14:10.7825527+02:00" endTime="2022-06-13T21:14:10.7825528+02:00" testType="13cdc9d9-ddb5-4fa4-a97d-d965ccfc6d4b" outcome="Passed" testListId="8c84fa94-04c1-424b-9868-57a2d4851a1d" relativeResultsDirectory="18a1a9df-f1a9-4806-aa70-d07129e347d4" />
    <UnitTestResult executionId="5ad60457-cbaa-43dd-bd59-adc4f65d540f" testId="c15129d5-d936-d35a-141a-341775ad7af1" testName="xUnitTestProject.CurrencyHelperTests.FormatToStringTest1000(price: 14867.726341984107, expected: &quot;14867.73 zł&quot;)" computerName="DESKTOP-5URQ9PB" duration="00:00:00.0000040" startTime="2022-06-13T21:14:10.7237221+02:00" endTime="2022-06-13T21:14:10.7237223+02:00" testType="13cdc9d9-ddb5-4fa4-a97d-d965ccfc6d4b" outcome="Passed" testListId="8c84fa94-04c1-424b-9868-57a2d4851a1d" relativeResultsDirectory="5ad60457-cbaa-43dd-bd59-adc4f65d540f" />
    <UnitTestResult executionId="2b36a05d-dd4d-4585-991e-9d51ac0feea0" testId="5d6a5449-fc3a-dea9-163b-dec74b3dd1b9" testName="xUnitTestProject.CurrencyHelperTests.FormatToStringTest1000(price: 42767.96883676898, expected: &quot;42767.97 zł&quot;)" computerName="DESKTOP-5URQ9PB" duration="00:00:00.0000094" startTime="2022-06-13T21:14:10.7794931+02:00" endTime="2022-06-13T21:14:10.7794933+02:00" testType="13cdc9d9-ddb5-4fa4-a97d-d965ccfc6d4b" outcome="Passed" testListId="8c84fa94-04c1-424b-9868-57a2d4851a1d" relativeResultsDirectory="2b36a05d-dd4d-4585-991e-9d51ac0feea0" />
    <UnitTestResult executionId="56dc2954-c6bb-4fbd-90cf-8433aaae2a55" testId="ad51f424-6928-1bb2-fff3-55ef9dbab945" testName="xUnitTestProject.CurrencyHelperTests.FormatToStringTest1000(price: 5140.16338917155, expected: &quot;5140.16 zł&quot;)" computerName="DESKTOP-5URQ9PB" duration="00:00:00.0000043" startTime="2022-06-13T21:14:10.7027832+02:00" endTime="2022-06-13T21:14:10.7027833+02:00" testType="13cdc9d9-ddb5-4fa4-a97d-d965ccfc6d4b" outcome="Passed" testListId="8c84fa94-04c1-424b-9868-57a2d4851a1d" relativeResultsDirectory="56dc2954-c6bb-4fbd-90cf-8433aaae2a55" />
    <UnitTestResult executionId="bb263f01-ae5a-43be-a89b-dd6ae2968db5" testId="ee3ad499-d226-2821-3efe-49a57729a899" testName="xUnitTestProject.CurrencyHelperTests.FormatToStringTest1000(price: 7202.052143613367, expected: &quot;7202.05 zł&quot;)" computerName="DESKTOP-5URQ9PB" duration="00:00:00.0000041" startTime="2022-06-13T21:14:10.7187208+02:00" endTime="2022-06-13T21:14:10.7187210+02:00" testType="13cdc9d9-ddb5-4fa4-a97d-d965ccfc6d4b" outcome="Passed" testListId="8c84fa94-04c1-424b-9868-57a2d4851a1d" relativeResultsDirectory="bb263f01-ae5a-43be-a89b-dd6ae2968db5" />
    <UnitTestResult executionId="4979f3e9-bb88-4ec0-b967-cb61651cc447" testId="6bf29abc-b7d1-2681-6ab5-01a37d1208f2" testName="xUnitTestProject.CurrencyHelperTests.FormatToStringTest1000(price: 15414.175096961751, expected: &quot;15414.18 zł&quot;)" computerName="DESKTOP-5URQ9PB" duration="00:00:00.0000074" startTime="2022-06-13T21:14:10.7597638+02:00" endTime="2022-06-13T21:14:10.7597639+02:00" testType="13cdc9d9-ddb5-4fa4-a97d-d965ccfc6d4b" outcome="Passed" testListId="8c84fa94-04c1-424b-9868-57a2d4851a1d" relativeResultsDirectory="4979f3e9-bb88-4ec0-b967-cb61651cc447" />
    <UnitTestResult executionId="65f3d14e-fc89-43c3-a224-a1a1c271520a" testId="6ca05e92-6a05-ce15-f59b-9b9ed10b85dd" testName="xUnitTestProject.CurrencyHelperTests.FormatToStringTest1000(price: 85407.13428016152, expected: &quot;85407.13 zł&quot;)" computerName="DESKTOP-5URQ9PB" duration="00:00:00.0000097" startTime="2022-06-13T21:14:10.7562824+02:00" endTime="2022-06-13T21:14:10.7562826+02:00" testType="13cdc9d9-ddb5-4fa4-a97d-d965ccfc6d4b" outcome="Passed" testListId="8c84fa94-04c1-424b-9868-57a2d4851a1d" relativeResultsDirectory="65f3d14e-fc89-43c3-a224-a1a1c271520a" />
    <UnitTestResult executionId="30eb8994-af92-43d5-b6b2-6f7ed4d00045" testId="e59747a8-433f-61a0-e952-9d5b29617a9f" testName="xUnitTestProject.CurrencyHelperTests.FormatToStringTest1000(price: 28155.26504817664, expected: &quot;28155.27 zł&quot;)" computerName="DESKTOP-5URQ9PB" duration="00:00:00.0000043" startTime="2022-06-13T21:14:10.6935108+02:00" endTime="2022-06-13T21:14:10.6935109+02:00" testType="13cdc9d9-ddb5-4fa4-a97d-d965ccfc6d4b" outcome="Passed" testListId="8c84fa94-04c1-424b-9868-57a2d4851a1d" relativeResultsDirectory="30eb8994-af92-43d5-b6b2-6f7ed4d00045" />
    <UnitTestResult executionId="048dcb85-13b9-424d-9262-c2a103151c1d" testId="46d3bb4f-6f59-f6c2-b532-ed497dfae82c" testName="xUnitTestProject.CurrencyHelperTests.FormatToStringTest1000(price: 18208.8422650126, expected: &quot;18208.84 zł&quot;)" computerName="DESKTOP-5URQ9PB" duration="00:00:00.0000041" startTime="2022-06-13T21:14:10.6666629+02:00" endTime="2022-06-13T21:14:10.6666630+02:00" testType="13cdc9d9-ddb5-4fa4-a97d-d965ccfc6d4b" outcome="Passed" testListId="8c84fa94-04c1-424b-9868-57a2d4851a1d" relativeResultsDirectory="048dcb85-13b9-424d-9262-c2a103151c1d" />
    <UnitTestResult executionId="e1af00c0-f78e-47aa-8ae6-44d00dba427e" testId="4c68b106-0b95-e518-2e9e-d72489df9e7e" testName="xUnitTestProject.CurrencyHelperTests.FormatToStringTest1000(price: 55010.474927814896, expected: &quot;55010.47 zł&quot;)" computerName="DESKTOP-5URQ9PB" duration="00:00:00.0000078" startTime="2022-06-13T21:14:10.7843345+02:00" endTime="2022-06-13T21:14:10.7843349+02:00" testType="13cdc9d9-ddb5-4fa4-a97d-d965ccfc6d4b" outcome="Passed" testListId="8c84fa94-04c1-424b-9868-57a2d4851a1d" relativeResultsDirectory="e1af00c0-f78e-47aa-8ae6-44d00dba427e" />
    <UnitTestResult executionId="71c334bc-8410-4724-b705-1c5f1472b1d7" testId="10e970c4-cd41-e630-0953-62de694a4cfc" testName="xUnitTestProject.CurrencyHelperTests.FormatToStringTest1000(price: 38845.74924104323, expected: &quot;38845.75 zł&quot;)" computerName="DESKTOP-5URQ9PB" duration="00:00:00.0000047" startTime="2022-06-13T21:14:10.7039594+02:00" endTime="2022-06-13T21:14:10.7039596+02:00" testType="13cdc9d9-ddb5-4fa4-a97d-d965ccfc6d4b" outcome="Passed" testListId="8c84fa94-04c1-424b-9868-57a2d4851a1d" relativeResultsDirectory="71c334bc-8410-4724-b705-1c5f1472b1d7" />
    <UnitTestResult executionId="8f612c0b-9bcb-4543-be37-58c6167dad4f" testId="75fb03cc-a2de-116e-3a3c-32d118eb526b" testName="xUnitTestProject.CurrencyHelperTests.FormatToStringTest1000(price: 9196.579612724754, expected: &quot;9196.58 zł&quot;)" computerName="DESKTOP-5URQ9PB" duration="00:00:00.0000043" startTime="2022-06-13T21:14:10.6777055+02:00" endTime="2022-06-13T21:14:10.6777056+02:00" testType="13cdc9d9-ddb5-4fa4-a97d-d965ccfc6d4b" outcome="Passed" testListId="8c84fa94-04c1-424b-9868-57a2d4851a1d" relativeResultsDirectory="8f612c0b-9bcb-4543-be37-58c6167dad4f" />
    <UnitTestResult executionId="b1f6864b-429c-4a20-9828-968a03e06c41" testId="b5a6747d-aa6b-3b3a-779c-c378aea09cd8" testName="xUnitTestProject.CurrencyHelperTests.FormatToStringTest1000(price: 782.6578288817116, expected: &quot;782.66 zł&quot;)" computerName="DESKTOP-5URQ9PB" duration="00:00:00.0000074" startTime="2022-06-13T21:14:10.7824350+02:00" endTime="2022-06-13T21:14:10.7824352+02:00" testType="13cdc9d9-ddb5-4fa4-a97d-d965ccfc6d4b" outcome="Passed" testListId="8c84fa94-04c1-424b-9868-57a2d4851a1d" relativeResultsDirectory="b1f6864b-429c-4a20-9828-968a03e06c41" />
    <UnitTestResult executionId="f703f1b4-5576-4e84-a663-0519f0826718" testId="e1c5523d-f177-82aa-b8ad-0ce279495eeb" testName="xUnitTestProject.CurrencyHelperTests.FormatToStringTest1000(price: 6809.40195803037, expected: &quot;6809.40 zł&quot;)" computerName="DESKTOP-5URQ9PB" duration="00:00:00.0000090" startTime="2022-06-13T21:14:10.7776822+02:00" endTime="2022-06-13T21:14:10.7776823+02:00" testType="13cdc9d9-ddb5-4fa4-a97d-d965ccfc6d4b" outcome="Passed" testListId="8c84fa94-04c1-424b-9868-57a2d4851a1d" relativeResultsDirectory="f703f1b4-5576-4e84-a663-0519f0826718" />
    <UnitTestResult executionId="1b146bbb-eb28-4240-a934-6a6c9079267b" testId="f7288d33-e820-d388-23d4-39d2a5548f52" testName="xUnitTestProject.CurrencyHelperTests.FormatToStringTest1000(price: 1562.3173604776698, expected: &quot;1562.32 zł&quot;)" computerName="DESKTOP-5URQ9PB" duration="00:00:00.0000041" startTime="2022-06-13T21:14:10.7107755+02:00" endTime="2022-06-13T21:14:10.7107757+02:00" testType="13cdc9d9-ddb5-4fa4-a97d-d965ccfc6d4b" outcome="Passed" testListId="8c84fa94-04c1-424b-9868-57a2d4851a1d" relativeResultsDirectory="1b146bbb-eb28-4240-a934-6a6c9079267b" />
    <UnitTestResult executionId="80b16caa-46f2-40c3-8cb4-8ef5804fe579" testId="244b13a7-ff72-5a50-f054-4ff8ceb0d499" testName="xUnitTestProject.CurrencyHelperTests.FormatToStringTest1000(price: 20640.678251201603, expected: &quot;20640.68 zł&quot;)" computerName="DESKTOP-5URQ9PB" duration="00:00:00.0000078" startTime="2022-06-13T21:14:10.7585523+02:00" endTime="2022-06-13T21:14:10.7585525+02:00" testType="13cdc9d9-ddb5-4fa4-a97d-d965ccfc6d4b" outcome="Passed" testListId="8c84fa94-04c1-424b-9868-57a2d4851a1d" relativeResultsDirectory="80b16caa-46f2-40c3-8cb4-8ef5804fe579" />
    <UnitTestResult executionId="32349a07-b941-4e07-99f5-6e19769bfc85" testId="38f897eb-957e-6945-e8b5-f2e873b7ac17" testName="xUnitTestProject.CurrencyHelperTests.FormatToStringTest1000(price: 26945.125386551546, expected: &quot;26945.13 zł&quot;)" computerName="DESKTOP-5URQ9PB" duration="00:00:00.0000041" startTime="2022-06-13T21:14:10.7086431+02:00" endTime="2022-06-13T21:14:10.7086433+02:00" testType="13cdc9d9-ddb5-4fa4-a97d-d965ccfc6d4b" outcome="Passed" testListId="8c84fa94-04c1-424b-9868-57a2d4851a1d" relativeResultsDirectory="32349a07-b941-4e07-99f5-6e19769bfc85" />
    <UnitTestResult executionId="4793a889-b9c8-4b98-9847-34caf8703156" testId="dd2dd033-1470-57eb-5d97-02eb255fcb1f" testName="xUnitTestProject.CurrencyHelperTests.FormatToStringTest1000(price: 3274.481392617096, expected: &quot;3274.48 zł&quot;)" computerName="DESKTOP-5URQ9PB" duration="00:00:00.0000041" startTime="2022-06-13T21:14:10.7197220+02:00" endTime="2022-06-13T21:14:10.7197221+02:00" testType="13cdc9d9-ddb5-4fa4-a97d-d965ccfc6d4b" outcome="Passed" testListId="8c84fa94-04c1-424b-9868-57a2d4851a1d" relativeResultsDirectory="4793a889-b9c8-4b98-9847-34caf8703156" />
    <UnitTestResult executionId="eee9d15b-ad7a-415f-8a3d-08f9df08b0e7" testId="bcd74692-fcc7-2c4c-b52b-85aae8ab43ad" testName="xUnitTestProject.CurrencyHelperTests.FormatToStringTest1000(price: 7119.076353227755, expected: &quot;7119.08 zł&quot;)" computerName="DESKTOP-5URQ9PB" duration="00:00:00.0000098" startTime="2022-06-13T21:14:10.7905410+02:00" endTime="2022-06-13T21:14:10.7905411+02:00" testType="13cdc9d9-ddb5-4fa4-a97d-d965ccfc6d4b" outcome="Passed" testListId="8c84fa94-04c1-424b-9868-57a2d4851a1d" relativeResultsDirectory="eee9d15b-ad7a-415f-8a3d-08f9df08b0e7" />
    <UnitTestResult executionId="a77ca96b-7e00-47d2-886e-7ebc9c41367a" testId="1fce28e8-5dee-1344-5678-0f5715c803f3" testName="xUnitTestProject.CurrencyHelperTests.FormatToStringTest1000(price: 3506.8456124108498, expected: &quot;3506.85 zł&quot;)" computerName="DESKTOP-5URQ9PB" duration="00:00:00.0000043" startTime="2022-06-13T21:14:10.7058999+02:00" endTime="2022-06-13T21:14:10.7059000+02:00" testType="13cdc9d9-ddb5-4fa4-a97d-d965ccfc6d4b" outcome="Passed" testListId="8c84fa94-04c1-424b-9868-57a2d4851a1d" relativeResultsDirectory="a77ca96b-7e00-47d2-886e-7ebc9c41367a" />
    <UnitTestResult executionId="c2d5bd83-54b5-42f0-b152-d9ef20769b91" testId="4e988653-eb1d-5757-a9c9-94e533451c54" testName="xUnitTestProject.CurrencyHelperTests.FormatToStringTest1000(price: 1482.3501845832682, expected: &quot;1482.35 zł&quot;)" computerName="DESKTOP-5URQ9PB" duration="00:00:00.0000048" startTime="2022-06-13T21:14:10.7365489+02:00" endTime="2022-06-13T21:14:10.7365491+02:00" testType="13cdc9d9-ddb5-4fa4-a97d-d965ccfc6d4b" outcome="Passed" testListId="8c84fa94-04c1-424b-9868-57a2d4851a1d" relativeResultsDirectory="c2d5bd83-54b5-42f0-b152-d9ef20769b91" />
    <UnitTestResult executionId="7110769b-4bfb-4114-838a-23b0b65e5a31" testId="7f9e1a03-9e41-8ac9-4d40-38aecad4670f" testName="xUnitTestProject.CurrencyHelperTests.FormatToStringTest1000(price: 15624.452361264477, expected: &quot;15624.45 zł&quot;)" computerName="DESKTOP-5URQ9PB" duration="00:00:00.0000080" startTime="2022-06-13T21:14:10.7844568+02:00" endTime="2022-06-13T21:14:10.7844569+02:00" testType="13cdc9d9-ddb5-4fa4-a97d-d965ccfc6d4b" outcome="Passed" testListId="8c84fa94-04c1-424b-9868-57a2d4851a1d" relativeResultsDirectory="7110769b-4bfb-4114-838a-23b0b65e5a31" />
    <UnitTestResult executionId="2de614b6-a177-4e63-90ba-98cb381dffd7" testId="281669ef-629b-f1d2-33b2-c7fad7ee0226" testName="xUnitTestProject.CurrencyHelperTests.FormatToStringTest1000(price: 9897.705953436767, expected: &quot;9897.71 zł&quot;)" computerName="DESKTOP-5URQ9PB" duration="00:00:00.0000088" startTime="2022-06-13T21:14:10.7715287+02:00" endTime="2022-06-13T21:14:10.7715288+02:00" testType="13cdc9d9-ddb5-4fa4-a97d-d965ccfc6d4b" outcome="Passed" testListId="8c84fa94-04c1-424b-9868-57a2d4851a1d" relativeResultsDirectory="2de614b6-a177-4e63-90ba-98cb381dffd7" />
    <UnitTestResult executionId="c80706c1-942f-4431-a412-c047240430d3" testId="64486b5c-a699-4a15-d908-73d103db26bc" testName="xUnitTestProject.CurrencyHelperTests.FormatToStringTest1000(price: 31391.358864880804, expected: &quot;31391.36 zł&quot;)" computerName="DESKTOP-5URQ9PB" duration="00:00:00.0000095" startTime="2022-06-13T21:14:10.7796996+02:00" endTime="2022-06-13T21:14:10.7796997+02:00" testType="13cdc9d9-ddb5-4fa4-a97d-d965ccfc6d4b" outcome="Passed" testListId="8c84fa94-04c1-424b-9868-57a2d4851a1d" relativeResultsDirectory="c80706c1-942f-4431-a412-c047240430d3" />
    <UnitTestResult executionId="e28f533e-4484-444f-941f-729cd46bb137" testId="05428edc-24e9-331d-ccde-497be2e009d1" testName="xUnitTestProject.CurrencyHelperTests.FormatToStringTest1000(price: 5254.6338787505565, expected: &quot;5254.63 zł&quot;)" computerName="DESKTOP-5URQ9PB" duration="00:00:00.0000041" startTime="2022-06-13T21:14:10.7126745+02:00" endTime="2022-06-13T21:14:10.7126748+02:00" testType="13cdc9d9-ddb5-4fa4-a97d-d965ccfc6d4b" outcome="Passed" testListId="8c84fa94-04c1-424b-9868-57a2d4851a1d" relativeResultsDirectory="e28f533e-4484-444f-941f-729cd46bb137" />
    <UnitTestResult executionId="89274f41-f7d0-4ef1-bbb5-2ee714f0633e" testId="0875efbb-c25e-506a-0639-785cadf1bec9" testName="xUnitTestProject.CurrencyHelperTests.FormatToStringTest1000(price: 3131.5022711732904, expected: &quot;3131.50 zł&quot;)" computerName="DESKTOP-5URQ9PB" duration="00:00:00.0000041" startTime="2022-06-13T21:14:10.7019998+02:00" endTime="2022-06-13T21:14:10.7019999+02:00" testType="13cdc9d9-ddb5-4fa4-a97d-d965ccfc6d4b" outcome="Passed" testListId="8c84fa94-04c1-424b-9868-57a2d4851a1d" relativeResultsDirectory="89274f41-f7d0-4ef1-bbb5-2ee714f0633e" />
    <UnitTestResult executionId="484e91f0-4e8b-4259-93ad-489c892afc73" testId="e1f98d4b-b934-3301-b07c-a8722a8e1bf4" testName="xUnitTestProject.CurrencyHelperTests.FormatToStringTest1000(price: 468.83385119346616, expected: &quot;468.83 zł&quot;)" computerName="DESKTOP-5URQ9PB" duration="00:00:00.0000040" startTime="2022-06-13T21:14:10.7108054+02:00" endTime="2022-06-13T21:14:10.7108056+02:00" testType="13cdc9d9-ddb5-4fa4-a97d-d965ccfc6d4b" outcome="Passed" testListId="8c84fa94-04c1-424b-9868-57a2d4851a1d" relativeResultsDirectory="484e91f0-4e8b-4259-93ad-489c892afc73" />
    <UnitTestResult executionId="82f1b96f-ebcc-4a88-80e9-d96c8abc1792" testId="90529360-95e5-c60b-5727-b5fa7d491b19" testName="xUnitTestProject.CurrencyHelperTests.FormatToStringTest1000(price: 34136.0993783046, expected: &quot;34136.10 zł&quot;)" computerName="DESKTOP-5URQ9PB" duration="00:00:00.0000078" startTime="2022-06-13T21:14:10.7575059+02:00" endTime="2022-06-13T21:14:10.7575061+02:00" testType="13cdc9d9-ddb5-4fa4-a97d-d965ccfc6d4b" outcome="Passed" testListId="8c84fa94-04c1-424b-9868-57a2d4851a1d" relativeResultsDirectory="82f1b96f-ebcc-4a88-80e9-d96c8abc1792" />
    <UnitTestResult executionId="cb44f3f4-4dc8-498a-8642-7dfecdd9fe04" testId="1f1eef69-3a21-cd3d-3a5f-46efeda6ab38" testName="xUnitTestProject.CurrencyHelperTests.FormatToStringTest1000(price: 7975.276658828965, expected: &quot;7975.28 zł&quot;)" computerName="DESKTOP-5URQ9PB" duration="00:00:00.0000068" startTime="2022-06-13T21:14:10.7815824+02:00" endTime="2022-06-13T21:14:10.7815825+02:00" testType="13cdc9d9-ddb5-4fa4-a97d-d965ccfc6d4b" outcome="Passed" testListId="8c84fa94-04c1-424b-9868-57a2d4851a1d" relativeResultsDirectory="cb44f3f4-4dc8-498a-8642-7dfecdd9fe04" />
    <UnitTestResult executionId="bf5eac9f-fe6b-4dac-b913-4c16eb317896" testId="83af6274-cbc6-0821-9d1c-d71c57f5ac71" testName="xUnitTestProject.CurrencyHelperTests.FormatToStringTest1000(price: 2298.0331723829886, expected: &quot;2298.03 zł&quot;)" computerName="DESKTOP-5URQ9PB" duration="00:00:00.0000041" startTime="2022-06-13T21:14:10.6827726+02:00" endTime="2022-06-13T21:14:10.6827727+02:00" testType="13cdc9d9-ddb5-4fa4-a97d-d965ccfc6d4b" outcome="Passed" testListId="8c84fa94-04c1-424b-9868-57a2d4851a1d" relativeResultsDirectory="bf5eac9f-fe6b-4dac-b913-4c16eb317896" />
    <UnitTestResult executionId="ae199f6f-01c9-426c-9606-f6f6909d2182" testId="f4a097ad-04f4-9e9c-b96f-49eb0101bd6d" testName="xUnitTestProject.CurrencyHelperTests.FormatToStringTest1000(price: 67898.54481444067, expected: &quot;67898.54 zł&quot;)" computerName="DESKTOP-5URQ9PB" duration="00:00:00.0000043" startTime="2022-06-13T21:14:10.6666932+02:00" endTime="2022-06-13T21:14:10.6666933+02:00" testType="13cdc9d9-ddb5-4fa4-a97d-d965ccfc6d4b" outcome="Passed" testListId="8c84fa94-04c1-424b-9868-57a2d4851a1d" relativeResultsDirectory="ae199f6f-01c9-426c-9606-f6f6909d2182" />
    <UnitTestResult executionId="e7cf6cc7-a397-46d6-9625-7978869e1fd8" testId="888f3232-385d-d83f-1eb6-9a6c46cfe5c3" testName="xUnitTestProject.CurrencyHelperTests.FormatToStringTest1000(price: 50664.01951024869, expected: &quot;50664.02 zł&quot;)" computerName="DESKTOP-5URQ9PB" duration="00:00:00.0000043" startTime="2022-06-13T21:14:10.6999888+02:00" endTime="2022-06-13T21:14:10.6999889+02:00" testType="13cdc9d9-ddb5-4fa4-a97d-d965ccfc6d4b" outcome="Passed" testListId="8c84fa94-04c1-424b-9868-57a2d4851a1d" relativeResultsDirectory="e7cf6cc7-a397-46d6-9625-7978869e1fd8" />
    <UnitTestResult executionId="f91a22af-e414-4f9c-8049-4648a6904fb0" testId="45e7282a-ab42-966d-c9cc-b039211e5621" testName="xUnitTestProject.CurrencyHelperTests.FormatToStringTest1000(price: 40035.54711080787, expected: &quot;40035.55 zł&quot;)" computerName="DESKTOP-5URQ9PB" duration="00:00:00.0000051" startTime="2022-06-13T21:14:10.6912720+02:00" endTime="2022-06-13T21:14:10.6912724+02:00" testType="13cdc9d9-ddb5-4fa4-a97d-d965ccfc6d4b" outcome="Passed" testListId="8c84fa94-04c1-424b-9868-57a2d4851a1d" relativeResultsDirectory="f91a22af-e414-4f9c-8049-4648a6904fb0" />
    <UnitTestResult executionId="f3ff3c24-1912-4c0f-8dcd-db92bf5efcf2" testId="6eb5b91d-aafa-339f-fbef-69ff28a5c36d" testName="xUnitTestProject.CurrencyHelperTests.FormatToStringTest1000(price: 32051.900532446758, expected: &quot;32051.90 zł&quot;)" computerName="DESKTOP-5URQ9PB" duration="00:00:00.0000041" startTime="2022-06-13T21:14:10.7137796+02:00" endTime="2022-06-13T21:14:10.7137797+02:00" testType="13cdc9d9-ddb5-4fa4-a97d-d965ccfc6d4b" outcome="Passed" testListId="8c84fa94-04c1-424b-9868-57a2d4851a1d" relativeResultsDirectory="f3ff3c24-1912-4c0f-8dcd-db92bf5efcf2" />
    <UnitTestResult executionId="a8ef9d0b-ab74-424e-aed1-88af9013c977" testId="c3c40199-4dcb-06d9-bd7e-201cb412e68f" testName="xUnitTestProject.CurrencyHelperTests.FormatToStringTest1000(price: 270.1894008262033, expected: &quot;270.19 zł&quot;)" computerName="DESKTOP-5URQ9PB" duration="00:00:00.0000077" startTime="2022-06-13T21:14:10.7863816+02:00" endTime="2022-06-13T21:14:10.7863817+02:00" testType="13cdc9d9-ddb5-4fa4-a97d-d965ccfc6d4b" outcome="Passed" testListId="8c84fa94-04c1-424b-9868-57a2d4851a1d" relativeResultsDirectory="a8ef9d0b-ab74-424e-aed1-88af9013c977" />
    <UnitTestResult executionId="ba3f046d-7eaf-4880-a182-02c04fc6acfa" testId="f62ec529-2064-feb0-d217-30e62f8296ba" testName="xUnitTestProject.CurrencyHelperTests.FormatToStringTest1000(price: 58459.03113649601, expected: &quot;58459.03 zł&quot;)" computerName="DESKTOP-5URQ9PB" duration="00:00:00.0000052" startTime="2022-06-13T21:14:10.7068696+02:00" endTime="2022-06-13T21:14:10.7068698+02:00" testType="13cdc9d9-ddb5-4fa4-a97d-d965ccfc6d4b" outcome="Passed" testListId="8c84fa94-04c1-424b-9868-57a2d4851a1d" relativeResultsDirectory="ba3f046d-7eaf-4880-a182-02c04fc6acfa" />
    <UnitTestResult executionId="f6d492bc-ebf5-4864-8ef9-f0d8eab9feac" testId="4e40923a-3f2f-ab14-66db-33f21753e6c1" testName="xUnitTestProject.CurrencyHelperTests.FormatToStringTest1000(price: 13478.157112043891, expected: &quot;13478.16 zł&quot;)" computerName="DESKTOP-5URQ9PB" duration="00:00:00.0000085" startTime="2022-06-13T21:14:10.7551437+02:00" endTime="2022-06-13T21:14:10.7551439+02:00" testType="13cdc9d9-ddb5-4fa4-a97d-d965ccfc6d4b" outcome="Passed" testListId="8c84fa94-04c1-424b-9868-57a2d4851a1d" relativeResultsDirectory="f6d492bc-ebf5-4864-8ef9-f0d8eab9feac" />
    <UnitTestResult executionId="d5ae2d3e-41ba-449a-82df-29cc668ca570" testId="0ed4f192-4727-c437-89cc-2b16440ebef0" testName="xUnitTestProject.CurrencyHelperTests.FormatToStringTest1000(price: 37387.37521261972, expected: &quot;37387.38 zł&quot;)" computerName="DESKTOP-5URQ9PB" duration="00:00:00.0000043" startTime="2022-06-13T21:14:10.6839898+02:00" endTime="2022-06-13T21:14:10.6839899+02:00" testType="13cdc9d9-ddb5-4fa4-a97d-d965ccfc6d4b" outcome="Passed" testListId="8c84fa94-04c1-424b-9868-57a2d4851a1d" relativeResultsDirectory="d5ae2d3e-41ba-449a-82df-29cc668ca570" />
    <UnitTestResult executionId="9221dea6-e623-4ec0-9191-7dce345c3fea" testId="2732f008-e7e8-d754-7384-c116f008d613" testName="xUnitTestProject.CurrencyHelperTests.FormatToStringTest1000(price: 1687.5965557361937, expected: &quot;1687.60 zł&quot;)" computerName="DESKTOP-5URQ9PB" duration="00:00:00.0000078" startTime="2022-06-13T21:14:10.7596110+02:00" endTime="2022-06-13T21:14:10.7596112+02:00" testType="13cdc9d9-ddb5-4fa4-a97d-d965ccfc6d4b" outcome="Passed" testListId="8c84fa94-04c1-424b-9868-57a2d4851a1d" relativeResultsDirectory="9221dea6-e623-4ec0-9191-7dce345c3fea" />
    <UnitTestResult executionId="debf60cc-e30f-47cf-a598-149bc6db2272" testId="1230a279-f763-f5b9-8b74-e3286d54a1e7" testName="xUnitTestProject.CurrencyHelperTests.FormatToStringTest1000(price: 1963.0091662979728, expected: &quot;1963.01 zł&quot;)" computerName="DESKTOP-5URQ9PB" duration="00:00:00.0000043" startTime="2022-06-13T21:14:10.6913059+02:00" endTime="2022-06-13T21:14:10.6913060+02:00" testType="13cdc9d9-ddb5-4fa4-a97d-d965ccfc6d4b" outcome="Passed" testListId="8c84fa94-04c1-424b-9868-57a2d4851a1d" relativeResultsDirectory="debf60cc-e30f-47cf-a598-149bc6db2272" />
    <UnitTestResult executionId="a6376ed3-2400-460e-97b8-8ad5ab6c8bb9" testId="96c01fa6-5d4d-3d03-7186-21835a01bdc8" testName="xUnitTestProject.CurrencyHelperTests.FormatToStringTest1000(price: 14920.620598662934, expected: &quot;14920.62 zł&quot;)" computerName="DESKTOP-5URQ9PB" duration="00:00:00.0000044" startTime="2022-06-13T21:14:10.6796503+02:00" endTime="2022-06-13T21:14:10.6796505+02:00" testType="13cdc9d9-ddb5-4fa4-a97d-d965ccfc6d4b" outcome="Passed" testListId="8c84fa94-04c1-424b-9868-57a2d4851a1d" relativeResultsDirectory="a6376ed3-2400-460e-97b8-8ad5ab6c8bb9" />
    <UnitTestResult executionId="d21f6a37-862f-484f-a44a-a12a1dd426bf" testId="0010af2c-264b-9fa0-ca85-4bef95661f34" testName="xUnitTestProject.CurrencyHelperTests.FormatToStringTest1000(price: 27506.397047390416, expected: &quot;27506.40 zł&quot;)" computerName="DESKTOP-5URQ9PB" duration="00:00:00.0000076" startTime="2022-06-13T21:14:10.7873897+02:00" endTime="2022-06-13T21:14:10.7873898+02:00" testType="13cdc9d9-ddb5-4fa4-a97d-d965ccfc6d4b" outcome="Passed" testListId="8c84fa94-04c1-424b-9868-57a2d4851a1d" relativeResultsDirectory="d21f6a37-862f-484f-a44a-a12a1dd426bf" />
    <UnitTestResult executionId="b05d4f28-571d-4580-bc22-94b54ba2d3f6" testId="bfe24180-c0ac-b24a-c731-fe26d6138983" testName="xUnitTestProject.CurrencyHelperTests.FormatToStringTest1000(price: 30034.922435005625, expected: &quot;30034.92 zł&quot;)" computerName="DESKTOP-5URQ9PB" duration="00:00:00.0000041" startTime="2022-06-13T21:14:10.7106279+02:00" endTime="2022-06-13T21:14:10.7106280+02:00" testType="13cdc9d9-ddb5-4fa4-a97d-d965ccfc6d4b" outcome="Passed" testListId="8c84fa94-04c1-424b-9868-57a2d4851a1d" relativeResultsDirectory="b05d4f28-571d-4580-bc22-94b54ba2d3f6" />
    <UnitTestResult executionId="65d60b30-6b6a-4c1e-ba96-0847be2ebb6d" testId="61863f63-9d64-1d88-3d10-ad0f63ed338b" testName="xUnitTestProject.CurrencyHelperTests.FormatToStringTest1000(price: 1130.8119115372242, expected: &quot;1130.81 zł&quot;)" computerName="DESKTOP-5URQ9PB" duration="00:00:00.0000043" startTime="2022-06-13T21:14:10.7378120+02:00" endTime="2022-06-13T21:14:10.7378122+02:00" testType="13cdc9d9-ddb5-4fa4-a97d-d965ccfc6d4b" outcome="Passed" testListId="8c84fa94-04c1-424b-9868-57a2d4851a1d" relativeResultsDirectory="65d60b30-6b6a-4c1e-ba96-0847be2ebb6d" />
    <UnitTestResult executionId="273d2f55-b9d4-4e8f-bb51-6824fdd5df1d" testId="e6ca1d81-dcf2-fd0d-938d-c5551a71b09d" testName="xUnitTestProject.CurrencyHelperTests.FormatToStringTest1000(price: 36893.66238331593, expected: &quot;36893.66 zł&quot;)" computerName="DESKTOP-5URQ9PB" duration="00:00:00.0000041" startTime="2022-06-13T21:14:10.6998394+02:00" endTime="2022-06-13T21:14:10.6998395+02:00" testType="13cdc9d9-ddb5-4fa4-a97d-d965ccfc6d4b" outcome="Passed" testListId="8c84fa94-04c1-424b-9868-57a2d4851a1d" relativeResultsDirectory="273d2f55-b9d4-4e8f-bb51-6824fdd5df1d" />
    <UnitTestResult executionId="056d577a-281a-4dc7-be4f-2ebcfcdc5707" testId="537f8fc0-34c4-479b-bc61-34b31d069aae" testName="xUnitTestProject.CurrencyHelperTests.FormatToStringTest1000(price: 88489.14069749469, expected: &quot;88489.14 zł&quot;)" computerName="DESKTOP-5URQ9PB" duration="00:00:00.0000041" startTime="2022-06-13T21:14:10.7391019+02:00" endTime="2022-06-13T21:14:10.7391020+02:00" testType="13cdc9d9-ddb5-4fa4-a97d-d965ccfc6d4b" outcome="Passed" testListId="8c84fa94-04c1-424b-9868-57a2d4851a1d" relativeResultsDirectory="056d577a-281a-4dc7-be4f-2ebcfcdc5707" />
    <UnitTestResult executionId="422e227f-6a76-431d-837b-fa6890a151a8" testId="91ef764f-6920-57e2-1ea1-d9fdc62e8142" testName="xUnitTestProject.CurrencyHelperTests.FormatToStringTest1000(price: 23174.85693288448, expected: &quot;23174.86 zł&quot;)" computerName="DESKTOP-5URQ9PB" duration="00:00:00.0000079" startTime="2022-06-13T21:14:10.7853377+02:00" endTime="2022-06-13T21:14:10.7853379+02:00" testType="13cdc9d9-ddb5-4fa4-a97d-d965ccfc6d4b" outcome="Passed" testListId="8c84fa94-04c1-424b-9868-57a2d4851a1d" relativeResultsDirectory="422e227f-6a76-431d-837b-fa6890a151a8" />
    <UnitTestResult executionId="cad05eee-0617-4a1b-b57a-624d5201e6be" testId="03249ab3-78a8-f0c2-3edd-fa3544db15c9" testName="xUnitTestProject.CurrencyHelperTests.FormatToStringTest1000(price: 25084.19182667238, expected: &quot;25084.19 zł&quot;)" computerName="DESKTOP-5URQ9PB" duration="00:00:00.0000044" startTime="2022-06-13T21:14:10.6998990+02:00" endTime="2022-06-13T21:14:10.6998991+02:00" testType="13cdc9d9-ddb5-4fa4-a97d-d965ccfc6d4b" outcome="Passed" testListId="8c84fa94-04c1-424b-9868-57a2d4851a1d" relativeResultsDirectory="cad05eee-0617-4a1b-b57a-624d5201e6be" />
    <UnitTestResult executionId="e9f140b8-f06c-4c1f-bc68-4c0412a07aa9" testId="56f22bda-cb9f-dbaa-365a-cb6ba2104fe2" testName="xUnitTestProject.CurrencyHelperTests.FormatToStringTest1000(price: 9634.398811461124, expected: &quot;9634.40 zł&quot;)" computerName="DESKTOP-5URQ9PB" duration="00:00:00.0000083" startTime="2022-06-13T21:14:10.7540870+02:00" endTime="2022-06-13T21:14:10.7540872+02:00" testType="13cdc9d9-ddb5-4fa4-a97d-d965ccfc6d4b" outcome="Passed" testListId="8c84fa94-04c1-424b-9868-57a2d4851a1d" relativeResultsDirectory="e9f140b8-f06c-4c1f-bc68-4c0412a07aa9" />
    <UnitTestResult executionId="38e72683-1b38-4399-b82e-255de4e6502a" testId="5a63d239-8af4-ff24-ef04-165e809fc0f0" testName="xUnitTestProject.CurrencyHelperTests.FormatToStringTest1000(price: 13503.943645929892, expected: &quot;13503.94 zł&quot;)" computerName="DESKTOP-5URQ9PB" duration="00:00:00.0000103" startTime="2022-06-13T21:14:10.7795525+02:00" endTime="2022-06-13T21:14:10.7795526+02:00" testType="13cdc9d9-ddb5-4fa4-a97d-d965ccfc6d4b" outcome="Passed" testListId="8c84fa94-04c1-424b-9868-57a2d4851a1d" relativeResultsDirectory="38e72683-1b38-4399-b82e-255de4e6502a" />
    <UnitTestResult executionId="d463b844-8100-49bc-8913-b170762c9e06" testId="9391af43-2aec-63c3-c456-eaf3d57ab573" testName="xUnitTestProject.CurrencyHelperTests.FormatToStringTest1000(price: 24768.25771770359, expected: &quot;24768.26 zł&quot;)" computerName="DESKTOP-5URQ9PB" duration="00:00:00.0000082" startTime="2022-06-13T21:14:10.7516934+02:00" endTime="2022-06-13T21:14:10.7516936+02:00" testType="13cdc9d9-ddb5-4fa4-a97d-d965ccfc6d4b" outcome="Passed" testListId="8c84fa94-04c1-424b-9868-57a2d4851a1d" relativeResultsDirectory="d463b844-8100-49bc-8913-b170762c9e06" />
    <UnitTestResult executionId="84eb182e-2a99-43de-a3d2-9539ce5bdf3e" testId="5ba87170-b4be-88ce-9658-2993ce18ab0a" testName="xUnitTestProject.CurrencyHelperTests.FormatToStringTest1000(price: 47575.6421269959, expected: &quot;47575.64 zł&quot;)" computerName="DESKTOP-5URQ9PB" duration="00:00:00.0000040" startTime="2022-06-13T21:14:10.6839604+02:00" endTime="2022-06-13T21:14:10.6839605+02:00" testType="13cdc9d9-ddb5-4fa4-a97d-d965ccfc6d4b" outcome="Passed" testListId="8c84fa94-04c1-424b-9868-57a2d4851a1d" relativeResultsDirectory="84eb182e-2a99-43de-a3d2-9539ce5bdf3e" />
    <UnitTestResult executionId="7984dab8-ef94-4606-af34-fda5d4e47a86" testId="f15540c1-ce27-2f60-c3f9-161af09be8cd" testName="xUnitTestProject.CurrencyHelperTests.FormatToStringTest1000(price: 57713.01647853712, expected: &quot;57713.02 zł&quot;)" computerName="DESKTOP-5URQ9PB" duration="00:00:00.0000076" startTime="2022-06-13T21:14:10.7824944+02:00" endTime="2022-06-13T21:14:10.7824945+02:00" testType="13cdc9d9-ddb5-4fa4-a97d-d965ccfc6d4b" outcome="Passed" testListId="8c84fa94-04c1-424b-9868-57a2d4851a1d" relativeResultsDirectory="7984dab8-ef94-4606-af34-fda5d4e47a86" />
    <UnitTestResult executionId="595d04e9-d167-4749-81ea-6bd7d64daea4" testId="80d0ff60-cfaf-35b0-6f6e-60db427c7f85" testName="xUnitTestProject.CurrencyHelperTests.FormatToStringTest1000(price: 4652.407073443945, expected: &quot;4652.41 zł&quot;)" computerName="DESKTOP-5URQ9PB" duration="00:00:00.0000081" startTime="2022-06-13T21:14:10.7618767+02:00" endTime="2022-06-13T21:14:10.7618768+02:00" testType="13cdc9d9-ddb5-4fa4-a97d-d965ccfc6d4b" outcome="Passed" testListId="8c84fa94-04c1-424b-9868-57a2d4851a1d" relativeResultsDirectory="595d04e9-d167-4749-81ea-6bd7d64daea4" />
    <UnitTestResult executionId="4ebb4fcb-dbc9-438a-a554-4abe5eccd978" testId="5b7cf016-7948-5d44-c172-ab04f16e1bd2" testName="xUnitTestProject.CurrencyHelperTests.FormatToStringTest1000(price: 73372.53853826903, expected: &quot;73372.54 zł&quot;)" computerName="DESKTOP-5URQ9PB" duration="00:00:00.0000041" startTime="2022-06-13T21:14:10.6817845+02:00" endTime="2022-06-13T21:14:10.6817846+02:00" testType="13cdc9d9-ddb5-4fa4-a97d-d965ccfc6d4b" outcome="Passed" testListId="8c84fa94-04c1-424b-9868-57a2d4851a1d" relativeResultsDirectory="4ebb4fcb-dbc9-438a-a554-4abe5eccd978" />
    <UnitTestResult executionId="8ff33943-ebd7-4317-ac64-b158da5ebcef" testId="0ceb7858-003d-ab99-34b5-3e79f1abe40b" testName="xUnitTestProject.CurrencyHelperTests.FormatToStringTest1000(price: 5566.818038455592, expected: &quot;5566.82 zł&quot;)" computerName="DESKTOP-5URQ9PB" duration="00:00:00.0000087" startTime="2022-06-13T21:14:10.7784485+02:00" endTime="2022-06-13T21:14:10.7784486+02:00" testType="13cdc9d9-ddb5-4fa4-a97d-d965ccfc6d4b" outcome="Passed" testListId="8c84fa94-04c1-424b-9868-57a2d4851a1d" relativeResultsDirectory="8ff33943-ebd7-4317-ac64-b158da5ebcef" />
    <UnitTestResult executionId="5dfdb598-fd1d-4841-98d6-6b47bb80b5c0" testId="a1fbb77d-adf8-8ccd-4022-16be128e7ade" testName="xUnitTestProject.CurrencyHelperTests.FormatToStringTest1000(price: 5504.094303639184, expected: &quot;5504.09 zł&quot;)" computerName="DESKTOP-5URQ9PB" duration="00:00:00.0000081" startTime="2022-06-13T21:14:10.7825236+02:00" endTime="2022-06-13T21:14:10.7825237+02:00" testType="13cdc9d9-ddb5-4fa4-a97d-d965ccfc6d4b" outcome="Passed" testListId="8c84fa94-04c1-424b-9868-57a2d4851a1d" relativeResultsDirectory="5dfdb598-fd1d-4841-98d6-6b47bb80b5c0" />
    <UnitTestResult executionId="9e26c09c-bc31-465d-be0f-ed6cb3de4211" testId="d9592df4-0966-3c3a-722c-1595fa840f06" testName="xUnitTestProject.CurrencyHelperTests.FormatToStringTest1000(price: 37114.901517336206, expected: &quot;37114.90 zł&quot;)" computerName="DESKTOP-5URQ9PB" duration="00:00:00.0000077" startTime="2022-06-13T21:14:10.7785079+02:00" endTime="2022-06-13T21:14:10.7785080+02:00" testType="13cdc9d9-ddb5-4fa4-a97d-d965ccfc6d4b" outcome="Passed" testListId="8c84fa94-04c1-424b-9868-57a2d4851a1d" relativeResultsDirectory="9e26c09c-bc31-465d-be0f-ed6cb3de4211" />
    <UnitTestResult executionId="22ca904f-8585-4206-8e98-9eec5fb7aa7e" testId="9ee4d82e-bba5-9c6c-1803-31366568eb6e" testName="xUnitTestProject.CurrencyHelperTests.FormatToStringTest1000(price: 68698.01923441609, expected: &quot;68698.02 zł&quot;)" computerName="DESKTOP-5URQ9PB" duration="00:00:00.0000083" startTime="2022-06-13T21:14:10.7607745+02:00" endTime="2022-06-13T21:14:10.7607747+02:00" testType="13cdc9d9-ddb5-4fa4-a97d-d965ccfc6d4b" outcome="Passed" testListId="8c84fa94-04c1-424b-9868-57a2d4851a1d" relativeResultsDirectory="22ca904f-8585-4206-8e98-9eec5fb7aa7e" />
    <UnitTestResult executionId="982c8afb-5910-4320-ade5-5bb3b860f8cc" testId="4fc181f0-ada2-9ab6-d52d-1988c5ebde7a" testName="xUnitTestProject.CurrencyHelperTests.FormatToStringTest1000(price: 26015.8311952552, expected: &quot;26015.83 zł&quot;)" computerName="DESKTOP-5URQ9PB" duration="00:00:00.0000080" startTime="2022-06-13T21:14:10.7974237+02:00" endTime="2022-06-13T21:14:10.7974238+02:00" testType="13cdc9d9-ddb5-4fa4-a97d-d965ccfc6d4b" outcome="Passed" testListId="8c84fa94-04c1-424b-9868-57a2d4851a1d" relativeResultsDirectory="982c8afb-5910-4320-ade5-5bb3b860f8cc" />
    <UnitTestResult executionId="30fa59db-15ca-48c9-9c77-343a67c47eef" testId="444b6055-8e36-cf16-2594-6f26fe677cd1" testName="xUnitTestProject.CurrencyHelperTests.FormatToStringTest1000(price: 37528.70144368368, expected: &quot;37528.70 zł&quot;)" computerName="DESKTOP-5URQ9PB" duration="00:00:00.0000041" startTime="2022-06-13T21:14:10.7106864+02:00" endTime="2022-06-13T21:14:10.7106866+02:00" testType="13cdc9d9-ddb5-4fa4-a97d-d965ccfc6d4b" outcome="Passed" testListId="8c84fa94-04c1-424b-9868-57a2d4851a1d" relativeResultsDirectory="30fa59db-15ca-48c9-9c77-343a67c47eef" />
    <UnitTestResult executionId="8d6c946d-a1f5-439b-8937-09c45912c7c7" testId="af73f199-441a-68ae-4898-efc1663c19b9" testName="xUnitTestProject.CurrencyHelperTests.FormatToStringTest1000(price: 4636.500544966897, expected: &quot;4636.50 zł&quot;)" computerName="DESKTOP-5URQ9PB" duration="00:00:00.0000074" startTime="2022-06-13T21:14:10.7815238+02:00" endTime="2022-06-13T21:14:10.7815240+02:00" testType="13cdc9d9-ddb5-4fa4-a97d-d965ccfc6d4b" outcome="Passed" testListId="8c84fa94-04c1-424b-9868-57a2d4851a1d" relativeResultsDirectory="8d6c946d-a1f5-439b-8937-09c45912c7c7" />
    <UnitTestResult executionId="7ebfc623-fc81-4863-a443-784ef70b59e4" testId="dba976e4-619d-1846-93cf-501dc328971c" testName="xUnitTestProject.CurrencyHelperTests.FormatToStringTest1000(price: 30533.30031120838, expected: &quot;30533.30 zł&quot;)" computerName="DESKTOP-5URQ9PB" duration="00:00:00.0000040" startTime="2022-06-13T21:14:10.6829563+02:00" endTime="2022-06-13T21:14:10.6829564+02:00" testType="13cdc9d9-ddb5-4fa4-a97d-d965ccfc6d4b" outcome="Passed" testListId="8c84fa94-04c1-424b-9868-57a2d4851a1d" relativeResultsDirectory="7ebfc623-fc81-4863-a443-784ef70b59e4" />
    <UnitTestResult executionId="55fc4beb-7f20-4a07-a586-bd4926140e48" testId="8a9d7602-dc5d-c902-e8f4-8ad4401141f1" testName="xUnitTestProject.CurrencyHelperTests.FormatToStringTest1000(price: 15411.371650797022, expected: &quot;15411.37 zł&quot;)" computerName="DESKTOP-5URQ9PB" duration="00:00:00.0000043" startTime="2022-06-13T21:14:10.6967008+02:00" endTime="2022-06-13T21:14:10.6967009+02:00" testType="13cdc9d9-ddb5-4fa4-a97d-d965ccfc6d4b" outcome="Passed" testListId="8c84fa94-04c1-424b-9868-57a2d4851a1d" relativeResultsDirectory="55fc4beb-7f20-4a07-a586-bd4926140e48" />
    <UnitTestResult executionId="6cf76708-e161-491f-83ff-5c241e2525ac" testId="2151d041-2bc8-f3a7-2b84-0e6fe76ff3f0" testName="xUnitTestProject.CurrencyHelperTests.FormatToStringTest1000(price: 93775.33090185716, expected: &quot;93775.33 zł&quot;)" computerName="DESKTOP-5URQ9PB" duration="00:00:00.0000083" startTime="2022-06-13T21:14:10.7480803+02:00" endTime="2022-06-13T21:14:10.7480807+02:00" testType="13cdc9d9-ddb5-4fa4-a97d-d965ccfc6d4b" outcome="Passed" testListId="8c84fa94-04c1-424b-9868-57a2d4851a1d" relativeResultsDirectory="6cf76708-e161-491f-83ff-5c241e2525ac" />
    <UnitTestResult executionId="f5fb042d-96a3-4893-923d-771aca2eaf85" testId="2b8726cc-d2f8-9e6e-5458-ee24b8425f17" testName="xUnitTestProject.CurrencyHelperTests.FormatToStringTest1000(price: 7592.950837113406, expected: &quot;7592.95 zł&quot;)" computerName="DESKTOP-5URQ9PB" duration="00:00:00.0000082" startTime="2022-06-13T21:14:10.7873601+02:00" endTime="2022-06-13T21:14:10.7873602+02:00" testType="13cdc9d9-ddb5-4fa4-a97d-d965ccfc6d4b" outcome="Passed" testListId="8c84fa94-04c1-424b-9868-57a2d4851a1d" relativeResultsDirectory="f5fb042d-96a3-4893-923d-771aca2eaf85" />
    <UnitTestResult executionId="29bcf01a-fe89-4f54-adf7-b112a7c5c95e" testId="bc63b05b-4f30-8c10-7b75-77e26fb38256" testName="xUnitTestProject.CurrencyHelperTests.FormatToStringTest1000(price: 10661.19584154207, expected: &quot;10661.20 zł&quot;)" computerName="DESKTOP-5URQ9PB" duration="00:00:00.0000041" startTime="2022-06-13T21:14:10.7137499+02:00" endTime="2022-06-13T21:14:10.7137500+02:00" testType="13cdc9d9-ddb5-4fa4-a97d-d965ccfc6d4b" outcome="Passed" testListId="8c84fa94-04c1-424b-9868-57a2d4851a1d" relativeResultsDirectory="29bcf01a-fe89-4f54-adf7-b112a7c5c95e" />
    <UnitTestResult executionId="87fe84ed-fe1e-4852-9342-3fc0f215dadd" testId="696d2b08-2b8a-7456-8791-bc3514cd955e" testName="xUnitTestProject.CurrencyHelperTests.FormatToStringTest1000(price: 9431.144757136304, expected: &quot;9431.14 zł&quot;)" computerName="DESKTOP-5URQ9PB" duration="00:00:00.0000076" startTime="2022-06-13T21:14:10.7620306+02:00" endTime="2022-06-13T21:14:10.7620308+02:00" testType="13cdc9d9-ddb5-4fa4-a97d-d965ccfc6d4b" outcome="Passed" testListId="8c84fa94-04c1-424b-9868-57a2d4851a1d" relativeResultsDirectory="87fe84ed-fe1e-4852-9342-3fc0f215dadd" />
    <UnitTestResult executionId="06913ef1-f660-4283-9d32-9ff25b749f96" testId="fe704e3e-6170-ffae-ef99-e24643abf4f9" testName="xUnitTestProject.CurrencyHelperTests.FormatToStringTest1000(price: 12429.698213906819, expected: &quot;12429.70 zł&quot;)" computerName="DESKTOP-5URQ9PB" duration="00:00:00.0000041" startTime="2022-06-13T21:14:10.7207254+02:00" endTime="2022-06-13T21:14:10.7207255+02:00" testType="13cdc9d9-ddb5-4fa4-a97d-d965ccfc6d4b" outcome="Passed" testListId="8c84fa94-04c1-424b-9868-57a2d4851a1d" relativeResultsDirectory="06913ef1-f660-4283-9d32-9ff25b749f96" />
    <UnitTestResult executionId="a03c8842-3eb6-495f-98b1-b6820b28d033" testId="7704532e-ccf9-d396-cd75-b7b2cb63c0e8" testName="xUnitTestProject.CurrencyHelperTests.FormatToStringTest1000(price: 48449.85582609189, expected: &quot;48449.86 zł&quot;)" computerName="DESKTOP-5URQ9PB" duration="00:00:00.0000043" startTime="2022-06-13T21:14:10.7188382+02:00" endTime="2022-06-13T21:14:10.7188384+02:00" testType="13cdc9d9-ddb5-4fa4-a97d-d965ccfc6d4b" outcome="Passed" testListId="8c84fa94-04c1-424b-9868-57a2d4851a1d" relativeResultsDirectory="a03c8842-3eb6-495f-98b1-b6820b28d033" />
    <UnitTestResult executionId="666e495f-ad3b-435f-8f91-376016a9f468" testId="b9aabaf1-a1cb-6124-f2ee-69eb1bbe949b" testName="xUnitTestProject.CurrencyHelperTests.FormatToStringTest1000(price: 19392.945535027862, expected: &quot;19392.95 zł&quot;)" computerName="DESKTOP-5URQ9PB" duration="00:00:00.0000045" startTime="2022-06-13T21:14:10.7206360+02:00" endTime="2022-06-13T21:14:10.7206362+02:00" testType="13cdc9d9-ddb5-4fa4-a97d-d965ccfc6d4b" outcome="Passed" testListId="8c84fa94-04c1-424b-9868-57a2d4851a1d" relativeResultsDirectory="666e495f-ad3b-435f-8f91-376016a9f468" />
    <UnitTestResult executionId="610c68ea-4485-439d-ad64-7e9c5cc65133" testId="c303e402-0edb-f6ba-e4af-33ac122437de" testName="xUnitTestProject.CurrencyHelperTests.FormatToStringTest1000(price: 6105.007054037418, expected: &quot;6105.01 zł&quot;)" computerName="DESKTOP-5URQ9PB" duration="00:00:00.0000085" startTime="2022-06-13T21:14:10.7843678+02:00" endTime="2022-06-13T21:14:10.7843679+02:00" testType="13cdc9d9-ddb5-4fa4-a97d-d965ccfc6d4b" outcome="Passed" testListId="8c84fa94-04c1-424b-9868-57a2d4851a1d" relativeResultsDirectory="610c68ea-4485-439d-ad64-7e9c5cc65133" />
    <UnitTestResult executionId="f2fb327d-a598-4aff-9c44-7b8490a98483" testId="ff8ddb46-4b79-2ee0-2d36-ef22ba3dcd81" testName="xUnitTestProject.CurrencyHelperTests.FormatToStringTest1000(price: 6262.373413993219, expected: &quot;6262.37 zł&quot;)" computerName="DESKTOP-5URQ9PB" duration="00:00:00.0000041" startTime="2022-06-13T21:14:10.6838412+02:00" endTime="2022-06-13T21:14:10.6838413+02:00" testType="13cdc9d9-ddb5-4fa4-a97d-d965ccfc6d4b" outcome="Passed" testListId="8c84fa94-04c1-424b-9868-57a2d4851a1d" relativeResultsDirectory="f2fb327d-a598-4aff-9c44-7b8490a98483" />
    <UnitTestResult executionId="445a4df9-977a-495c-bb40-8fd0fa37e1c1" testId="5d5f3f94-f47b-3420-095f-ee592218e6de" testName="xUnitTestProject.CurrencyHelperTests.FormatToStringTest1000(price: 20454.142628653506, expected: &quot;20454.14 zł&quot;)" computerName="DESKTOP-5URQ9PB" duration="00:00:00.0000043" startTime="2022-06-13T21:14:10.7076945+02:00" endTime="2022-06-13T21:14:10.7076947+02:00" testType="13cdc9d9-ddb5-4fa4-a97d-d965ccfc6d4b" outcome="Passed" testListId="8c84fa94-04c1-424b-9868-57a2d4851a1d" relativeResultsDirectory="445a4df9-977a-495c-bb40-8fd0fa37e1c1" />
    <UnitTestResult executionId="a698639b-e581-4db2-8939-14e3560fc990" testId="f2358686-aae0-414b-7a27-d43a959b03da" testName="xUnitTestProject.CurrencyHelperTests.FormatToStringTest1000(price: 26529.10838037036, expected: &quot;26529.11 zł&quot;)" computerName="DESKTOP-5URQ9PB" duration="00:00:00.0000047" startTime="2022-06-13T21:14:10.7401285+02:00" endTime="2022-06-13T21:14:10.7401287+02:00" testType="13cdc9d9-ddb5-4fa4-a97d-d965ccfc6d4b" outcome="Passed" testListId="8c84fa94-04c1-424b-9868-57a2d4851a1d" relativeResultsDirectory="a698639b-e581-4db2-8939-14e3560fc990" />
    <UnitTestResult executionId="860c211e-3557-4e63-b524-ac93d6a79695" testId="324dfaf0-1df1-16d9-feec-f79f54001411" testName="xUnitTestProject.CurrencyHelperTests.FormatToStringTest1000(price: 30383.303633991305, expected: &quot;30383.30 zł&quot;)" computerName="DESKTOP-5URQ9PB" duration="00:00:00.0000043" startTime="2022-06-13T21:14:10.7341571+02:00" endTime="2022-06-13T21:14:10.7341575+02:00" testType="13cdc9d9-ddb5-4fa4-a97d-d965ccfc6d4b" outcome="Passed" testListId="8c84fa94-04c1-424b-9868-57a2d4851a1d" relativeResultsDirectory="860c211e-3557-4e63-b524-ac93d6a79695" />
    <UnitTestResult executionId="ebb10298-5458-4a08-bc41-91a198bd8c73" testId="d0528706-3be3-396a-77f7-4d1c86caa17a" testName="xUnitTestProject.CurrencyHelperTests.FormatToStringTest1000(price: 21221.884746198488, expected: &quot;21221.88 zł&quot;)" computerName="DESKTOP-5URQ9PB" duration="00:00:00.0000073" startTime="2022-06-13T21:14:10.7703082+02:00" endTime="2022-06-13T21:14:10.7703086+02:00" testType="13cdc9d9-ddb5-4fa4-a97d-d965ccfc6d4b" outcome="Passed" testListId="8c84fa94-04c1-424b-9868-57a2d4851a1d" relativeResultsDirectory="ebb10298-5458-4a08-bc41-91a198bd8c73" />
    <UnitTestResult executionId="2023a904-98f2-4540-893e-8e3ee7bf962e" testId="1dbbe335-bc13-7d9d-496f-d39e25173610" testName="xUnitTestProject.CurrencyHelperTests.FormatToStringTest1000(price: 57809.74722876295, expected: &quot;57809.75 zł&quot;)" computerName="DESKTOP-5URQ9PB" duration="00:00:00.0000075" startTime="2022-06-13T21:14:10.7657633+02:00" endTime="2022-06-13T21:14:10.7657639+02:00" testType="13cdc9d9-ddb5-4fa4-a97d-d965ccfc6d4b" outcome="Passed" testListId="8c84fa94-04c1-424b-9868-57a2d4851a1d" relativeResultsDirectory="2023a904-98f2-4540-893e-8e3ee7bf962e" />
    <UnitTestResult executionId="8279a293-24ea-4349-bbbb-6a28be193b84" testId="264c060b-2c06-6e92-2e7b-9f27ddffeba4" testName="xUnitTestProject.CurrencyHelperTests.FormatToStringTest1000(price: 34242.181005260056, expected: &quot;34242.18 zł&quot;)" computerName="DESKTOP-5URQ9PB" duration="00:00:00.0000044" startTime="2022-06-13T21:14:10.6797390+02:00" endTime="2022-06-13T21:14:10.6797391+02:00" testType="13cdc9d9-ddb5-4fa4-a97d-d965ccfc6d4b" outcome="Passed" testListId="8c84fa94-04c1-424b-9868-57a2d4851a1d" relativeResultsDirectory="8279a293-24ea-4349-bbbb-6a28be193b84" />
    <UnitTestResult executionId="b2c47312-001d-4a12-8ce5-34dd38fb0fe6" testId="6f6f8b3a-15e7-3194-8c20-0c46fab5e263" testName="xUnitTestProject.CurrencyHelperTests.FormatToStringTest1000(price: 7013.601812260971, expected: &quot;7013.60 zł&quot;)" computerName="DESKTOP-5URQ9PB" duration="00:00:00.0000048" startTime="2022-06-13T21:14:10.6838067+02:00" endTime="2022-06-13T21:14:10.6838071+02:00" testType="13cdc9d9-ddb5-4fa4-a97d-d965ccfc6d4b" outcome="Passed" testListId="8c84fa94-04c1-424b-9868-57a2d4851a1d" relativeResultsDirectory="b2c47312-001d-4a12-8ce5-34dd38fb0fe6" />
    <UnitTestResult executionId="94451974-aab6-4a1e-8cce-56eb1fbe9212" testId="a1b1cd1d-1429-3ac2-3b82-a26d05133f17" testName="xUnitTestProject.CurrencyHelperTests.FormatToStringTest1000(price: 4614.673205890541, expected: &quot;4614.67 zł&quot;)" computerName="DESKTOP-5URQ9PB" duration="00:00:00.0000071" startTime="2022-06-13T21:14:10.7598400+02:00" endTime="2022-06-13T21:14:10.7598402+02:00" testType="13cdc9d9-ddb5-4fa4-a97d-d965ccfc6d4b" outcome="Passed" testListId="8c84fa94-04c1-424b-9868-57a2d4851a1d" relativeResultsDirectory="94451974-aab6-4a1e-8cce-56eb1fbe9212" />
    <UnitTestResult executionId="d1205063-6e12-4823-b288-559c3b90125e" testId="2c083ad7-fea5-5b33-ddd6-bb2be00bd90c" testName="xUnitTestProject.CurrencyHelperTests.FormatToStringTest1000(price: 57181.240528605056, expected: &quot;57181.24 zł&quot;)" computerName="DESKTOP-5URQ9PB" duration="00:00:00.0000041" startTime="2022-06-13T21:14:10.6828024+02:00" endTime="2022-06-13T21:14:10.6828025+02:00" testType="13cdc9d9-ddb5-4fa4-a97d-d965ccfc6d4b" outcome="Passed" testListId="8c84fa94-04c1-424b-9868-57a2d4851a1d" relativeResultsDirectory="d1205063-6e12-4823-b288-559c3b90125e" />
    <UnitTestResult executionId="ba3a613d-2a12-4fcd-b0eb-12d6198e8977" testId="331cc2f7-a1fa-edcf-e9a4-854a4876fe8a" testName="xUnitTestProject.CurrencyHelperTests.FormatToStringTest1000(price: 79764.77845563217, expected: &quot;79764.78 zł&quot;)" computerName="DESKTOP-5URQ9PB" duration="00:00:00.0000043" startTime="2022-06-13T21:14:10.6840541+02:00" endTime="2022-06-13T21:14:10.6840543+02:00" testType="13cdc9d9-ddb5-4fa4-a97d-d965ccfc6d4b" outcome="Passed" testListId="8c84fa94-04c1-424b-9868-57a2d4851a1d" relativeResultsDirectory="ba3a613d-2a12-4fcd-b0eb-12d6198e8977" />
    <UnitTestResult executionId="ac992fcb-cd57-4e09-a7fa-910ef06583f6" testId="2ff6532c-932c-742b-a63d-f74c12776c60" testName="xUnitTestProject.CurrencyHelperTests.FormatToStringTest1000(price: 22459.530444447664, expected: &quot;22459.53 zł&quot;)" computerName="DESKTOP-5URQ9PB" duration="00:00:00.0000041" startTime="2022-06-13T21:14:10.6924550+02:00" endTime="2022-06-13T21:14:10.6924551+02:00" testType="13cdc9d9-ddb5-4fa4-a97d-d965ccfc6d4b" outcome="Passed" testListId="8c84fa94-04c1-424b-9868-57a2d4851a1d" relativeResultsDirectory="ac992fcb-cd57-4e09-a7fa-910ef06583f6" />
    <UnitTestResult executionId="63c40e33-b7b8-4367-98fd-8e5125582ca8" testId="b16fb8e5-3fa9-845c-9c70-ee0c0d261e2c" testName="xUnitTestProject.CurrencyHelperTests.FormatToStringTest1000(price: 24957.469502810607, expected: &quot;24957.47 zł&quot;)" computerName="DESKTOP-5URQ9PB" duration="00:00:00.0000041" startTime="2022-06-13T21:14:10.7197811+02:00" endTime="2022-06-13T21:14:10.7197813+02:00" testType="13cdc9d9-ddb5-4fa4-a97d-d965ccfc6d4b" outcome="Passed" testListId="8c84fa94-04c1-424b-9868-57a2d4851a1d" relativeResultsDirectory="63c40e33-b7b8-4367-98fd-8e5125582ca8" />
    <UnitTestResult executionId="9f6a4247-3160-455a-8fdb-00ebd39fa97b" testId="814e8347-0675-e46f-9f33-cc6368c1ff3d" testName="xUnitTestProject.CurrencyHelperTests.FormatToStringTest1000(price: 1208.1827589441941, expected: &quot;1208.18 zł&quot;)" computerName="DESKTOP-5URQ9PB" duration="00:00:00.0000052" startTime="2022-06-13T21:14:10.7236925+02:00" endTime="2022-06-13T21:14:10.7236926+02:00" testType="13cdc9d9-ddb5-4fa4-a97d-d965ccfc6d4b" outcome="Passed" testListId="8c84fa94-04c1-424b-9868-57a2d4851a1d" relativeResultsDirectory="9f6a4247-3160-455a-8fdb-00ebd39fa97b" />
    <UnitTestResult executionId="2b1f1e2b-60c0-4207-85ab-d52dfd8fc3bc" testId="594ca00d-02cf-07de-ca25-0d701d72a0a6" testName="xUnitTestProject.CurrencyHelperTests.FormatToStringTest1000(price: 1549.6599114973376, expected: &quot;1549.66 zł&quot;)" computerName="DESKTOP-5URQ9PB" duration="00:00:00.0000115" startTime="2022-06-13T21:14:10.7943394+02:00" endTime="2022-06-13T21:14:10.7943396+02:00" testType="13cdc9d9-ddb5-4fa4-a97d-d965ccfc6d4b" outcome="Passed" testListId="8c84fa94-04c1-424b-9868-57a2d4851a1d" relativeResultsDirectory="2b1f1e2b-60c0-4207-85ab-d52dfd8fc3bc" />
    <UnitTestResult executionId="8f56de48-5af8-4d3f-867e-e9b73fc9f5fa" testId="7f38c64c-30e5-6f29-b1b2-933630e715de" testName="xUnitTestProject.CurrencyHelperTests.FormatToStringTest1000(price: 5317.9582678023535, expected: &quot;5317.96 zł&quot;)" computerName="DESKTOP-5URQ9PB" duration="00:00:00.0000083" startTime="2022-06-13T21:14:10.7824040+02:00" endTime="2022-06-13T21:14:10.7824041+02:00" testType="13cdc9d9-ddb5-4fa4-a97d-d965ccfc6d4b" outcome="Passed" testListId="8c84fa94-04c1-424b-9868-57a2d4851a1d" relativeResultsDirectory="8f56de48-5af8-4d3f-867e-e9b73fc9f5fa" />
    <UnitTestResult executionId="c0718134-ff42-4786-87ff-96722528100e" testId="c09fd9f3-56b2-979f-b5dc-a5cbb3bb898a" testName="xUnitTestProject.CurrencyHelperTests.FormatToStringTest1000(price: 32216.686763396807, expected: &quot;32216.69 zł&quot;)" computerName="DESKTOP-5URQ9PB" duration="00:00:00.0000051" startTime="2022-06-13T21:14:10.6923329+02:00" endTime="2022-06-13T21:14:10.6923333+02:00" testType="13cdc9d9-ddb5-4fa4-a97d-d965ccfc6d4b" outcome="Passed" testListId="8c84fa94-04c1-424b-9868-57a2d4851a1d" relativeResultsDirectory="c0718134-ff42-4786-87ff-96722528100e" />
    <UnitTestResult executionId="56227470-9a0b-45d6-b9a6-763973893854" testId="69eeb057-df94-2674-fba1-959c41ef1419" testName="xUnitTestProject.CurrencyHelperTests.FormatToStringTest1000(price: 87505.85936583664, expected: &quot;87505.86 zł&quot;)" computerName="DESKTOP-5URQ9PB" duration="00:00:00.0000043" startTime="2022-06-13T21:14:10.7237516+02:00" endTime="2022-06-13T21:14:10.7237517+02:00" testType="13cdc9d9-ddb5-4fa4-a97d-d965ccfc6d4b" outcome="Passed" testListId="8c84fa94-04c1-424b-9868-57a2d4851a1d" relativeResultsDirectory="56227470-9a0b-45d6-b9a6-763973893854" />
    <UnitTestResult executionId="014765d5-b932-4b72-9b6b-cb43dbf076c7" testId="bc7abd1f-cc07-f32a-8331-b644dd93f120" testName="xUnitTestProject.CurrencyHelperTests.FormatToStringTest1000(price: 9754.291367935619, expected: &quot;9754.29 zł&quot;)" computerName="DESKTOP-5URQ9PB" duration="00:00:00.0000043" startTime="2022-06-13T21:14:10.6797096+02:00" endTime="2022-06-13T21:14:10.6797097+02:00" testType="13cdc9d9-ddb5-4fa4-a97d-d965ccfc6d4b" outcome="Passed" testListId="8c84fa94-04c1-424b-9868-57a2d4851a1d" relativeResultsDirectory="014765d5-b932-4b72-9b6b-cb43dbf076c7" />
    <UnitTestResult executionId="5678e24c-1de3-45a6-9427-c132525f240b" testId="18167db3-c21a-1968-f83d-cf6f5b58219d" testName="xUnitTestProject.CurrencyHelperTests.FormatToStringTest1000(price: 14480.387652530982, expected: &quot;14480.39 zł&quot;)" computerName="DESKTOP-5URQ9PB" duration="00:00:00.0000041" startTime="2022-06-13T21:14:10.7138678+02:00" endTime="2022-06-13T21:14:10.7138679+02:00" testType="13cdc9d9-ddb5-4fa4-a97d-d965ccfc6d4b" outcome="Passed" testListId="8c84fa94-04c1-424b-9868-57a2d4851a1d" relativeResultsDirectory="5678e24c-1de3-45a6-9427-c132525f240b" />
    <UnitTestResult executionId="a0dab0d4-5334-475a-afb8-2125351d236a" testId="b828fc0d-bf07-676e-b8c0-6e0aa44c3171" testName="xUnitTestProject.CurrencyHelperTests.FormatToStringTest1000(price: 20527.270339210645, expected: &quot;20527.27 zł&quot;)" computerName="DESKTOP-5URQ9PB" duration="00:00:00.0000078" startTime="2022-06-13T21:14:10.7528228+02:00" endTime="2022-06-13T21:14:10.7528230+02:00" testType="13cdc9d9-ddb5-4fa4-a97d-d965ccfc6d4b" outcome="Passed" testListId="8c84fa94-04c1-424b-9868-57a2d4851a1d" relativeResultsDirectory="a0dab0d4-5334-475a-afb8-2125351d236a" />
    <UnitTestResult executionId="de9fd9fb-d709-4821-84c3-a9d8c81a9fb1" testId="63140182-f7a2-6346-fbd9-3f80901df2c9" testName="xUnitTestProject.CurrencyHelperTests.FormatToStringTest1000(price: 545.7016866634142, expected: &quot;545.70 zł&quot;)" computerName="DESKTOP-5URQ9PB" duration="00:00:00.0000053" startTime="2022-06-13T21:14:10.6902395+02:00" endTime="2022-06-13T21:14:10.6902396+02:00" testType="13cdc9d9-ddb5-4fa4-a97d-d965ccfc6d4b" outcome="Passed" testListId="8c84fa94-04c1-424b-9868-57a2d4851a1d" relativeResultsDirectory="de9fd9fb-d709-4821-84c3-a9d8c81a9fb1" />
    <UnitTestResult executionId="927018d5-bd96-4d43-8f17-51a42cc87bda" testId="fe35c71e-d9ed-258c-2105-0adfcd0d495e" testName="xUnitTestProject.CurrencyHelperTests.FormatToStringTest1000(price: 2992.6161168593057, expected: &quot;2992.62 zł&quot;)" computerName="DESKTOP-5URQ9PB" duration="00:00:00.0000083" startTime="2022-06-13T21:14:10.7786569+02:00" endTime="2022-06-13T21:14:10.7786570+02:00" testType="13cdc9d9-ddb5-4fa4-a97d-d965ccfc6d4b" outcome="Passed" testListId="8c84fa94-04c1-424b-9868-57a2d4851a1d" relativeResultsDirectory="927018d5-bd96-4d43-8f17-51a42cc87bda" />
    <UnitTestResult executionId="d9683ec3-0443-4ed4-96ad-17a97ffd90d8" testId="40be92cf-d13e-6e4d-cafb-3ad22a6b9f7e" testName="xUnitTestProject.CurrencyHelperTests.FormatToStringTest1000(price: 3503.9809179231434, expected: &quot;3503.98 zł&quot;)" computerName="DESKTOP-5URQ9PB" duration="00:00:00.0000041" startTime="2022-06-13T21:14:10.7318590+02:00" endTime="2022-06-13T21:14:10.7318592+02:00" testType="13cdc9d9-ddb5-4fa4-a97d-d965ccfc6d4b" outcome="Passed" testListId="8c84fa94-04c1-424b-9868-57a2d4851a1d" relativeResultsDirectory="d9683ec3-0443-4ed4-96ad-17a97ffd90d8" />
    <UnitTestResult executionId="0343e346-3cad-4e74-b04f-d5de002d75b2" testId="171141a5-7e7d-d227-6619-8929fed50e13" testName="xUnitTestProject.CurrencyHelperTests.FormatToStringTest1000(price: 806.960597043373, expected: &quot;806.96 zł&quot;)" computerName="DESKTOP-5URQ9PB" duration="00:00:00.0000082" startTime="2022-06-13T21:14:10.7796112+02:00" endTime="2022-06-13T21:14:10.7796114+02:00" testType="13cdc9d9-ddb5-4fa4-a97d-d965ccfc6d4b" outcome="Passed" testListId="8c84fa94-04c1-424b-9868-57a2d4851a1d" relativeResultsDirectory="0343e346-3cad-4e74-b04f-d5de002d75b2" />
    <UnitTestResult executionId="8949474a-fa55-4023-96e1-02c93006806a" testId="41c4ce1a-ef09-24d7-c3f0-f5bd5a81a0d8" testName="xUnitTestProject.CurrencyHelperTests.FormatToStringTest1000(price: 73301.91270130403, expected: &quot;73301.91 zł&quot;)" computerName="DESKTOP-5URQ9PB" duration="00:00:00.0000071" startTime="2022-06-13T21:14:10.7505435+02:00" endTime="2022-06-13T21:14:10.7505437+02:00" testType="13cdc9d9-ddb5-4fa4-a97d-d965ccfc6d4b" outcome="Passed" testListId="8c84fa94-04c1-424b-9868-57a2d4851a1d" relativeResultsDirectory="8949474a-fa55-4023-96e1-02c93006806a" />
    <UnitTestResult executionId="2d366174-295b-44c2-a4e1-8a5b6fa3b786" testId="248dc14a-7b24-2159-ea3a-30144e961aa7" testName="xUnitTestProject.CurrencyHelperTests.FormatToStringTest1000(price: 48544.390887578666, expected: &quot;48544.39 zł&quot;)" computerName="DESKTOP-5URQ9PB" duration="00:00:00.0000058" startTime="2022-06-13T21:14:10.8011566+02:00" endTime="2022-06-13T21:14:10.8011571+02:00" testType="13cdc9d9-ddb5-4fa4-a97d-d965ccfc6d4b" outcome="Passed" testListId="8c84fa94-04c1-424b-9868-57a2d4851a1d" relativeResultsDirectory="2d366174-295b-44c2-a4e1-8a5b6fa3b786" />
    <UnitTestResult executionId="05749b9c-4b25-4abc-8b7d-8c2761b91069" testId="731a3faa-831a-30a7-eac4-75c26e15a8d7" testName="xUnitTestProject.CurrencyHelperTests.FormatToStringTest1000(price: 59247.898931587064, expected: &quot;59247.90 zł&quot;)" computerName="DESKTOP-5URQ9PB" duration="00:00:00.0000041" startTime="2022-06-13T21:14:10.7215675+02:00" endTime="2022-06-13T21:14:10.7215678+02:00" testType="13cdc9d9-ddb5-4fa4-a97d-d965ccfc6d4b" outcome="Passed" testListId="8c84fa94-04c1-424b-9868-57a2d4851a1d" relativeResultsDirectory="05749b9c-4b25-4abc-8b7d-8c2761b91069" />
    <UnitTestResult executionId="3c146d02-5c90-4b46-89c1-aa9db8123ac8" testId="384612ec-11e1-c891-3d7e-9db254e6a2b4" testName="xUnitTestProject.CurrencyHelperTests.FormatToStringTest1000(price: 25990.318498101697, expected: &quot;25990.32 zł&quot;)" computerName="DESKTOP-5URQ9PB" duration="00:00:00.0000052" startTime="2022-06-13T21:14:10.7167927+02:00" endTime="2022-06-13T21:14:10.7167929+02:00" testType="13cdc9d9-ddb5-4fa4-a97d-d965ccfc6d4b" outcome="Passed" testListId="8c84fa94-04c1-424b-9868-57a2d4851a1d" relativeResultsDirectory="3c146d02-5c90-4b46-89c1-aa9db8123ac8" />
    <UnitTestResult executionId="68ff042e-b2df-4a9d-9b34-ead14a719fbe" testId="77cb819c-64b0-1e13-63d3-0049263e7e77" testName="xUnitTestProject.CurrencyHelperTests.FormatToStringTest1000(price: 39146.635743126564, expected: &quot;39146.64 zł&quot;)" computerName="DESKTOP-5URQ9PB" duration="00:00:00.0000041" startTime="2022-06-13T21:14:10.7067529+02:00" endTime="2022-06-13T21:14:10.7067531+02:00" testType="13cdc9d9-ddb5-4fa4-a97d-d965ccfc6d4b" outcome="Passed" testListId="8c84fa94-04c1-424b-9868-57a2d4851a1d" relativeResultsDirectory="68ff042e-b2df-4a9d-9b34-ead14a719fbe" />
    <UnitTestResult executionId="3dc88d04-6b89-414b-956f-35ca6af99a89" testId="d04a2ff8-d519-5ad7-fd64-a85e9b9ae68c" testName="xUnitTestProject.CurrencyHelperTests.FormatToStringTest1000(price: 5876.112133716285, expected: &quot;5876.11 zł&quot;)" computerName="DESKTOP-5URQ9PB" duration="00:00:00.0000088" startTime="2022-06-13T21:14:10.7538504+02:00" endTime="2022-06-13T21:14:10.7538506+02:00" testType="13cdc9d9-ddb5-4fa4-a97d-d965ccfc6d4b" outcome="Passed" testListId="8c84fa94-04c1-424b-9868-57a2d4851a1d" relativeResultsDirectory="3dc88d04-6b89-414b-956f-35ca6af99a89" />
    <UnitTestResult executionId="6a02480e-50bf-4a4e-a697-5f43daeeff64" testId="9feffc56-b6c3-64a3-e834-86f62ce8266d" testName="xUnitTestProject.CurrencyHelperTests.FormatToStringTest1000(price: 17953.338243749615, expected: &quot;17953.34 zł&quot;)" computerName="DESKTOP-5URQ9PB" duration="00:00:00.0000063" startTime="2022-06-13T21:14:10.7447705+02:00" endTime="2022-06-13T21:14:10.7447707+02:00" testType="13cdc9d9-ddb5-4fa4-a97d-d965ccfc6d4b" outcome="Passed" testListId="8c84fa94-04c1-424b-9868-57a2d4851a1d" relativeResultsDirectory="6a02480e-50bf-4a4e-a697-5f43daeeff64" />
    <UnitTestResult executionId="1b1667d9-8eab-4bff-8471-2c5c7ca5990b" testId="783752e7-0a8e-7713-0dfb-eb72f3fc27d6" testName="xUnitTestProject.CurrencyHelperTests.FormatToStringTest1000(price: 47431.868885526375, expected: &quot;47431.87 zł&quot;)" computerName="DESKTOP-5URQ9PB" duration="00:00:00.0000041" startTime="2022-06-13T21:14:10.7037524+02:00" endTime="2022-06-13T21:14:10.7037526+02:00" testType="13cdc9d9-ddb5-4fa4-a97d-d965ccfc6d4b" outcome="Passed" testListId="8c84fa94-04c1-424b-9868-57a2d4851a1d" relativeResultsDirectory="1b1667d9-8eab-4bff-8471-2c5c7ca5990b" />
    <UnitTestResult executionId="79e270b5-363b-4c3d-a69e-22642c11eb74" testId="7848596b-c8d5-bd4c-d7fe-380e3b0f13fa" testName="xUnitTestProject.CurrencyHelperTests.FormatToStringTest1000(price: 15509.637406484986, expected: &quot;15509.64 zł&quot;)" computerName="DESKTOP-5URQ9PB" duration="00:00:00.0000079" startTime="2022-06-13T21:14:10.7864999+02:00" endTime="2022-06-13T21:14:10.7865001+02:00" testType="13cdc9d9-ddb5-4fa4-a97d-d965ccfc6d4b" outcome="Passed" testListId="8c84fa94-04c1-424b-9868-57a2d4851a1d" relativeResultsDirectory="79e270b5-363b-4c3d-a69e-22642c11eb74" />
    <UnitTestResult executionId="5620687a-71a4-44d1-ba9c-a72cf43a7d37" testId="1eaafc3c-6374-0d37-e565-15fb470a9a01" testName="xUnitTestProject.CurrencyHelperTests.FormatToStringTest1000(price: 12641.700665183225, expected: &quot;12641.70 zł&quot;)" computerName="DESKTOP-5URQ9PB" duration="00:00:00.0000080" startTime="2022-06-13T21:14:10.7754357+02:00" endTime="2022-06-13T21:14:10.7754359+02:00" testType="13cdc9d9-ddb5-4fa4-a97d-d965ccfc6d4b" outcome="Passed" testListId="8c84fa94-04c1-424b-9868-57a2d4851a1d" relativeResultsDirectory="5620687a-71a4-44d1-ba9c-a72cf43a7d37" />
    <UnitTestResult executionId="8d4602ef-93a0-442c-bf91-07baaf3dd238" testId="b093b261-89e9-1453-0b15-6960031e6c14" testName="xUnitTestProject.CurrencyHelperTests.FormatToStringTest1000(price: 36969.98585167247, expected: &quot;36969.99 zł&quot;)" computerName="DESKTOP-5URQ9PB" duration="00:00:00.0000071" startTime="2022-06-13T21:14:10.7449637+02:00" endTime="2022-06-13T21:14:10.7449638+02:00" testType="13cdc9d9-ddb5-4fa4-a97d-d965ccfc6d4b" outcome="Passed" testListId="8c84fa94-04c1-424b-9868-57a2d4851a1d" relativeResultsDirectory="8d4602ef-93a0-442c-bf91-07baaf3dd238" />
    <UnitTestResult executionId="ce3399bd-9530-4d81-b3d3-b7406bd93185" testId="179615f5-c9e6-0457-24a4-7182fdaf1108" testName="xUnitTestProject.CurrencyHelperTests.FormatToStringTest1000(price: 47163.337736466594, expected: &quot;47163.34 zł&quot;)" computerName="DESKTOP-5URQ9PB" duration="00:00:00.0000086" startTime="2022-06-13T21:14:10.7805835+02:00" endTime="2022-06-13T21:14:10.7805836+02:00" testType="13cdc9d9-ddb5-4fa4-a97d-d965ccfc6d4b" outcome="Passed" testListId="8c84fa94-04c1-424b-9868-57a2d4851a1d" relativeResultsDirectory="ce3399bd-9530-4d81-b3d3-b7406bd93185" />
    <UnitTestResult executionId="ba4966da-eadd-4137-a3f1-8edfb36c61bf" testId="05d28227-9bee-a7ac-5d44-a19da1f5106c" testName="xUnitTestProject.CurrencyHelperTests.FormatToStringTest1000(price: 28033.439084134738, expected: &quot;28033.44 zł&quot;)" computerName="DESKTOP-5URQ9PB" duration="00:00:00.0000086" startTime="2022-06-13T21:14:10.7461317+02:00" endTime="2022-06-13T21:14:10.7461319+02:00" testType="13cdc9d9-ddb5-4fa4-a97d-d965ccfc6d4b" outcome="Passed" testListId="8c84fa94-04c1-424b-9868-57a2d4851a1d" relativeResultsDirectory="ba4966da-eadd-4137-a3f1-8edfb36c61bf" />
    <UnitTestResult executionId="6094e8ca-2dd4-4d5d-9716-b7241252f78c" testId="020066de-5c14-b477-efe9-293da5e965f0" testName="xUnitTestProject.CurrencyHelperTests.FormatToStringTest1000(price: 28583.827618148098, expected: &quot;28583.83 zł&quot;)" computerName="DESKTOP-5URQ9PB" duration="00:00:00.0000041" startTime="2022-06-13T21:14:10.7218077+02:00" endTime="2022-06-13T21:14:10.7218078+02:00" testType="13cdc9d9-ddb5-4fa4-a97d-d965ccfc6d4b" outcome="Passed" testListId="8c84fa94-04c1-424b-9868-57a2d4851a1d" relativeResultsDirectory="6094e8ca-2dd4-4d5d-9716-b7241252f78c" />
    <UnitTestResult executionId="8f700907-fa98-40a3-918f-6a50a530b4e3" testId="e6f6cc53-8c3a-da20-bc77-8b2d112d8374" testName="xUnitTestProject.CurrencyHelperTests.FormatToStringTest1000(price: 6170.939441211959, expected: &quot;6170.94 zł&quot;)" computerName="DESKTOP-5URQ9PB" duration="00:00:00.0000044" startTime="2022-06-13T21:14:10.7169110+02:00" endTime="2022-06-13T21:14:10.7169111+02:00" testType="13cdc9d9-ddb5-4fa4-a97d-d965ccfc6d4b" outcome="Passed" testListId="8c84fa94-04c1-424b-9868-57a2d4851a1d" relativeResultsDirectory="8f700907-fa98-40a3-918f-6a50a530b4e3" />
    <UnitTestResult executionId="6ab30974-e947-44c5-910d-43fa6fc2ea04" testId="a80246d5-ddf8-7929-99a4-5139184114ef" testName="xUnitTestProject.CurrencyHelperTests.FormatToStringTest1000(price: 68174.53068551492, expected: &quot;68174.53 zł&quot;)" computerName="DESKTOP-5URQ9PB" duration="00:00:00.0000043" startTime="2022-06-13T21:14:10.6816943+02:00" endTime="2022-06-13T21:14:10.6816945+02:00" testType="13cdc9d9-ddb5-4fa4-a97d-d965ccfc6d4b" outcome="Passed" testListId="8c84fa94-04c1-424b-9868-57a2d4851a1d" relativeResultsDirectory="6ab30974-e947-44c5-910d-43fa6fc2ea04" />
    <UnitTestResult executionId="e7546d94-a1e9-4877-a722-c4bf66ee4ad8" testId="364fda16-bd4c-3aa8-1597-b73653a15603" testName="xUnitTestProject.CurrencyHelperTests.FormatToStringTest1000(price: 5398.2412667191775, expected: &quot;5398.24 zł&quot;)" computerName="DESKTOP-5URQ9PB" duration="00:00:00.0000041" startTime="2022-06-13T21:14:10.7129163+02:00" endTime="2022-06-13T21:14:10.7129165+02:00" testType="13cdc9d9-ddb5-4fa4-a97d-d965ccfc6d4b" outcome="Passed" testListId="8c84fa94-04c1-424b-9868-57a2d4851a1d" relativeResultsDirectory="e7546d94-a1e9-4877-a722-c4bf66ee4ad8" />
    <UnitTestResult executionId="4c322c32-3d4b-40f3-8852-f9ab2a548819" testId="9dfbdafb-7dbf-f0e8-6265-547cdd24d00d" testName="xUnitTestProject.CurrencyHelperTests.FormatToStringTest1000(price: 464.74397441965715, expected: &quot;464.74 zł&quot;)" computerName="DESKTOP-5URQ9PB" duration="00:00:00.0000041" startTime="2022-06-13T21:14:10.7067823+02:00" endTime="2022-06-13T21:14:10.7067824+02:00" testType="13cdc9d9-ddb5-4fa4-a97d-d965ccfc6d4b" outcome="Passed" testListId="8c84fa94-04c1-424b-9868-57a2d4851a1d" relativeResultsDirectory="4c322c32-3d4b-40f3-8852-f9ab2a548819" />
    <UnitTestResult executionId="6e14f511-5a99-4851-bfa6-696908621b6e" testId="45b26f0b-a8bb-4b3f-d7c4-794f4ece7d3c" testName="xUnitTestProject.CurrencyHelperTests.FormatToStringTest1000(price: 23649.104642116046, expected: &quot;23649.10 zł&quot;)" computerName="DESKTOP-5URQ9PB" duration="00:00:00.0000041" startTime="2022-06-13T21:14:10.6944779+02:00" endTime="2022-06-13T21:14:10.6944780+02:00" testType="13cdc9d9-ddb5-4fa4-a97d-d965ccfc6d4b" outcome="Passed" testListId="8c84fa94-04c1-424b-9868-57a2d4851a1d" relativeResultsDirectory="6e14f511-5a99-4851-bfa6-696908621b6e" />
    <UnitTestResult executionId="69386593-ea3f-4901-826b-b35991a5b6b0" testId="87ce6106-4ac0-9f5c-9d1b-30007974d2cb" testName="xUnitTestProject.CurrencyHelperTests.FormatToStringTest1000(price: 50413.517583300134, expected: &quot;50413.52 zł&quot;)" computerName="DESKTOP-5URQ9PB" duration="00:00:00.0000080" startTime="2022-06-13T21:14:10.7863218+02:00" endTime="2022-06-13T21:14:10.7863219+02:00" testType="13cdc9d9-ddb5-4fa4-a97d-d965ccfc6d4b" outcome="Passed" testListId="8c84fa94-04c1-424b-9868-57a2d4851a1d" relativeResultsDirectory="69386593-ea3f-4901-826b-b35991a5b6b0" />
    <UnitTestResult executionId="6896ab62-0019-4df9-9232-32226e66d9c7" testId="2bdae34b-74e4-b57e-0c4e-9f8a61c91aa5" testName="xUnitTestProject.CurrencyHelperTests.FormatToStringTest1000(price: 5961.755129208674, expected: &quot;5961.76 zł&quot;)" computerName="DESKTOP-5URQ9PB" duration="00:00:00.0000040" startTime="2022-06-13T21:14:10.7106571+02:00" endTime="2022-06-13T21:14:10.7106573+02:00" testType="13cdc9d9-ddb5-4fa4-a97d-d965ccfc6d4b" outcome="Passed" testListId="8c84fa94-04c1-424b-9868-57a2d4851a1d" relativeResultsDirectory="6896ab62-0019-4df9-9232-32226e66d9c7" />
    <UnitTestResult executionId="e2cbf3f1-a389-43b2-8fef-af5fcbf91e49" testId="83d8e74c-5bbb-efb0-37a0-7aa4cf469b8b" testName="xUnitTestProject.CurrencyHelperTests.FormatToStringTest1000(price: 6820.105136090938, expected: &quot;6820.11 zł&quot;)" computerName="DESKTOP-5URQ9PB" duration="00:00:00.0000086" startTime="2022-06-13T21:14:10.7583912+02:00" endTime="2022-06-13T21:14:10.7583917+02:00" testType="13cdc9d9-ddb5-4fa4-a97d-d965ccfc6d4b" outcome="Passed" testListId="8c84fa94-04c1-424b-9868-57a2d4851a1d" relativeResultsDirectory="e2cbf3f1-a389-43b2-8fef-af5fcbf91e49" />
    <UnitTestResult executionId="eae0010b-b915-4126-98e2-445703367080" testId="875433a7-4993-f6c8-ae9e-010101b8ccc7" testName="xUnitTestProject.CurrencyHelperTests.FormatToStringTest1000(price: 31971.185406704986, expected: &quot;31971.19 zł&quot;)" computerName="DESKTOP-5URQ9PB" duration="00:00:00.0000043" startTime="2022-06-13T21:14:10.6998694+02:00" endTime="2022-06-13T21:14:10.6998695+02:00" testType="13cdc9d9-ddb5-4fa4-a97d-d965ccfc6d4b" outcome="Passed" testListId="8c84fa94-04c1-424b-9868-57a2d4851a1d" relativeResultsDirectory="eae0010b-b915-4126-98e2-445703367080" />
    <UnitTestResult executionId="8e0a439e-0699-46ce-be1a-d14e1e039b15" testId="f962f016-220b-dd5b-3c75-15629456e786" testName="xUnitTestProject.CurrencyHelperTests.FormatToStringTest1000(price: 12949.590713378317, expected: &quot;12949.59 zł&quot;)" computerName="DESKTOP-5URQ9PB" duration="00:00:00.0000041" startTime="2022-06-13T21:14:10.6903034+02:00" endTime="2022-06-13T21:14:10.6903036+02:00" testType="13cdc9d9-ddb5-4fa4-a97d-d965ccfc6d4b" outcome="Passed" testListId="8c84fa94-04c1-424b-9868-57a2d4851a1d" relativeResultsDirectory="8e0a439e-0699-46ce-be1a-d14e1e039b15" />
    <UnitTestResult executionId="64291c70-cf20-4fa8-bccb-1356242aa84a" testId="13dfd982-ae8a-b137-0e11-07b0f29632c1" testName="xUnitTestProject.CurrencyHelperTests.FormatToStringTest1000(price: 13046.352146307172, expected: &quot;13046.35 zł&quot;)" computerName="DESKTOP-5URQ9PB" duration="00:00:00.0000041" startTime="2022-06-13T21:14:10.6807580+02:00" endTime="2022-06-13T21:14:10.6807582+02:00" testType="13cdc9d9-ddb5-4fa4-a97d-d965ccfc6d4b" outcome="Passed" testListId="8c84fa94-04c1-424b-9868-57a2d4851a1d" relativeResultsDirectory="64291c70-cf20-4fa8-bccb-1356242aa84a" />
    <UnitTestResult executionId="993f18d1-0c71-4d65-b2c2-469285a05733" testId="92748693-9b58-d8e3-eb5b-22d11e2e9e9d" testName="xUnitTestProject.CurrencyHelperTests.FormatToStringTest1000(price: 577.6071367564645, expected: &quot;577.61 zł&quot;)" computerName="DESKTOP-5URQ9PB" duration="00:00:00.0000043" startTime="2022-06-13T21:14:10.7158186+02:00" endTime="2022-06-13T21:14:10.7158188+02:00" testType="13cdc9d9-ddb5-4fa4-a97d-d965ccfc6d4b" outcome="Passed" testListId="8c84fa94-04c1-424b-9868-57a2d4851a1d" relativeResultsDirectory="993f18d1-0c71-4d65-b2c2-469285a05733" />
    <UnitTestResult executionId="f5b8aebf-73f6-4d99-b904-7d7def96ab6f" testId="1e915730-ab57-9b1e-994b-24cc1c98dc55" testName="xUnitTestProject.CurrencyHelperTests.FormatToStringTest1000(price: 65204.90483536055, expected: &quot;65204.90 zł&quot;)" computerName="DESKTOP-5URQ9PB" duration="00:00:00.0000080" startTime="2022-06-13T21:14:10.7606976+02:00" endTime="2022-06-13T21:14:10.7606977+02:00" testType="13cdc9d9-ddb5-4fa4-a97d-d965ccfc6d4b" outcome="Passed" testListId="8c84fa94-04c1-424b-9868-57a2d4851a1d" relativeResultsDirectory="f5b8aebf-73f6-4d99-b904-7d7def96ab6f" />
    <UnitTestResult executionId="70666f15-bf22-469f-8ea8-54791161eea3" testId="6cc408c2-2cb5-45f5-22cc-d2054659459b" testName="xUnitTestProject.CurrencyHelperTests.FormatToStringTest1000(price: 52810.91713865516, expected: &quot;52810.92 zł&quot;)" computerName="DESKTOP-5URQ9PB" duration="00:00:00.0000052" startTime="2022-06-13T21:14:10.7994315+02:00" endTime="2022-06-13T21:14:10.7994316+02:00" testType="13cdc9d9-ddb5-4fa4-a97d-d965ccfc6d4b" outcome="Passed" testListId="8c84fa94-04c1-424b-9868-57a2d4851a1d" relativeResultsDirectory="70666f15-bf22-469f-8ea8-54791161eea3" />
    <UnitTestResult executionId="45b38b92-246d-492e-a57d-169ba1d44b78" testId="d702a2a7-0d80-6e33-b0a7-e0e379e29093" testName="xUnitTestProject.CurrencyHelperTests.FormatToStringTest1000(price: 7753.724411372898, expected: &quot;7753.72 zł&quot;)" computerName="DESKTOP-5URQ9PB" duration="00:00:00.0000041" startTime="2022-06-13T21:14:10.7292319+02:00" endTime="2022-06-13T21:14:10.7292321+02:00" testType="13cdc9d9-ddb5-4fa4-a97d-d965ccfc6d4b" outcome="Passed" testListId="8c84fa94-04c1-424b-9868-57a2d4851a1d" relativeResultsDirectory="45b38b92-246d-492e-a57d-169ba1d44b78" />
    <UnitTestResult executionId="a8abe25d-385f-4415-a406-8875b1f202c4" testId="c28dd236-1525-1514-778a-3b6a96d19df1" testName="xUnitTestProject.CurrencyHelperTests.FormatToStringTest1000(price: 5749.124990274722, expected: &quot;5749.12 zł&quot;)" computerName="DESKTOP-5URQ9PB" duration="00:00:00.0000072" startTime="2022-06-13T21:14:10.7884332+02:00" endTime="2022-06-13T21:14:10.7884334+02:00" testType="13cdc9d9-ddb5-4fa4-a97d-d965ccfc6d4b" outcome="Passed" testListId="8c84fa94-04c1-424b-9868-57a2d4851a1d" relativeResultsDirectory="a8abe25d-385f-4415-a406-8875b1f202c4" />
    <UnitTestResult executionId="5b54f4f1-9be1-44ed-b8f3-436504606952" testId="40134df2-77e4-6143-ea6f-23ae0fbd39f3" testName="xUnitTestProject.CurrencyHelperTests.FormatToStringTest1000(price: 25272.05048361283, expected: &quot;25272.05 zł&quot;)" computerName="DESKTOP-5URQ9PB" duration="00:00:00.0000109" startTime="2022-06-13T21:14:10.7924703+02:00" endTime="2022-06-13T21:14:10.7924704+02:00" testType="13cdc9d9-ddb5-4fa4-a97d-d965ccfc6d4b" outcome="Passed" testListId="8c84fa94-04c1-424b-9868-57a2d4851a1d" relativeResultsDirectory="5b54f4f1-9be1-44ed-b8f3-436504606952" />
    <UnitTestResult executionId="16de2c93-6d10-4cdd-9495-e1a94d3bd3f0" testId="c09462bb-4f86-b8e1-b39e-c6c94b35ddbc" testName="xUnitTestProject.CurrencyHelperTests.FormatToStringTest1000(price: 6915.421130504656, expected: &quot;6915.42 zł&quot;)" computerName="DESKTOP-5URQ9PB" duration="00:00:00.0000080" startTime="2022-06-13T21:14:10.7597249+02:00" endTime="2022-06-13T21:14:10.7597251+02:00" testType="13cdc9d9-ddb5-4fa4-a97d-d965ccfc6d4b" outcome="Passed" testListId="8c84fa94-04c1-424b-9868-57a2d4851a1d" relativeResultsDirectory="16de2c93-6d10-4cdd-9495-e1a94d3bd3f0" />
    <UnitTestResult executionId="d62a0ffa-4edd-471c-9f64-6c2110850c89" testId="b805cea1-9061-e180-4bd1-a6b18b6307ab" testName="xUnitTestProject.CurrencyHelperTests.FormatToStringTest1000(price: 7348.947429818543, expected: &quot;7348.95 zł&quot;)" computerName="DESKTOP-5URQ9PB" duration="00:00:00.0000044" startTime="2022-06-13T21:14:10.6752270+02:00" endTime="2022-06-13T21:14:10.6752277+02:00" testType="13cdc9d9-ddb5-4fa4-a97d-d965ccfc6d4b" outcome="Passed" testListId="8c84fa94-04c1-424b-9868-57a2d4851a1d" relativeResultsDirectory="d62a0ffa-4edd-471c-9f64-6c2110850c89" />
    <UnitTestResult executionId="f308ffde-9100-4ed6-99f0-56dadce8519d" testId="1cdc361a-ffee-1052-df8d-ab7786ba69bf" testName="xUnitTestProject.CurrencyHelperTests.FormatToStringTest1000(price: 55782.67998761762, expected: &quot;55782.68 zł&quot;)" computerName="DESKTOP-5URQ9PB" duration="00:00:00.0000082" startTime="2022-06-13T21:14:10.7844275+02:00" endTime="2022-06-13T21:14:10.7844277+02:00" testType="13cdc9d9-ddb5-4fa4-a97d-d965ccfc6d4b" outcome="Passed" testListId="8c84fa94-04c1-424b-9868-57a2d4851a1d" relativeResultsDirectory="f308ffde-9100-4ed6-99f0-56dadce8519d" />
    <UnitTestResult executionId="aedd1139-d6ea-4859-a07b-02f7d0b7a759" testId="8b7ce013-8629-5a29-320f-b962e95e1d02" testName="xUnitTestProject.CurrencyHelperTests.FormatToStringTest1000(price: 47437.74370917619, expected: &quot;47437.74 zł&quot;)" computerName="DESKTOP-5URQ9PB" duration="00:00:00.0000041" startTime="2022-06-13T21:14:10.7039303+02:00" endTime="2022-06-13T21:14:10.7039304+02:00" testType="13cdc9d9-ddb5-4fa4-a97d-d965ccfc6d4b" outcome="Passed" testListId="8c84fa94-04c1-424b-9868-57a2d4851a1d" relativeResultsDirectory="aedd1139-d6ea-4859-a07b-02f7d0b7a759" />
    <UnitTestResult executionId="5d2f5199-20b0-41ee-ac9b-e12c7fa3c984" testId="38efd0dd-942e-1575-95b3-c2474aa164b9" testName="xUnitTestProject.CurrencyHelperTests.FormatToStringTest1000(price: 8901.937138443784, expected: &quot;8901.94 zł&quot;)" computerName="DESKTOP-5URQ9PB" duration="00:00:00.0000083" startTime="2022-06-13T21:14:10.7823710+02:00" endTime="2022-06-13T21:14:10.7823714+02:00" testType="13cdc9d9-ddb5-4fa4-a97d-d965ccfc6d4b" outcome="Passed" testListId="8c84fa94-04c1-424b-9868-57a2d4851a1d" relativeResultsDirectory="5d2f5199-20b0-41ee-ac9b-e12c7fa3c984" />
    <UnitTestResult executionId="5b223318-bab0-4abe-8cd0-87151fbc037b" testId="afbbae00-ce73-0862-4d3c-578f15f46774" testName="xUnitTestProject.CurrencyHelperTests.FormatToStringTest1000(price: 1662.8482664818168, expected: &quot;1662.85 zł&quot;)" computerName="DESKTOP-5URQ9PB" duration="00:00:00.0000041" startTime="2022-06-13T21:14:10.7168227+02:00" endTime="2022-06-13T21:14:10.7168228+02:00" testType="13cdc9d9-ddb5-4fa4-a97d-d965ccfc6d4b" outcome="Passed" testListId="8c84fa94-04c1-424b-9868-57a2d4851a1d" relativeResultsDirectory="5b223318-bab0-4abe-8cd0-87151fbc037b" />
    <UnitTestResult executionId="3e45a8ae-7be1-49f1-b0c7-a08961ad7696" testId="72b4af26-389d-d3a5-e933-0620092c06be" testName="xUnitTestProject.CurrencyHelperTests.FormatToStringTest1000(price: 2835.0728237931958, expected: &quot;2835.07 zł&quot;)" computerName="DESKTOP-5URQ9PB" duration="00:00:00.0000041" startTime="2022-06-13T21:14:10.7127682+02:00" endTime="2022-06-13T21:14:10.7127684+02:00" testType="13cdc9d9-ddb5-4fa4-a97d-d965ccfc6d4b" outcome="Passed" testListId="8c84fa94-04c1-424b-9868-57a2d4851a1d" relativeResultsDirectory="3e45a8ae-7be1-49f1-b0c7-a08961ad7696" />
    <UnitTestResult executionId="ad9714c0-6e29-4557-a58f-eb149a7274a2" testId="6aa06741-b93f-b24b-6ccf-f7d51617fc30" testName="xUnitTestProject.CurrencyHelperTests.FormatToStringTest1000(price: 10501.127379151585, expected: &quot;10501.13 zł&quot;)" computerName="DESKTOP-5URQ9PB" duration="00:00:00.0000044" startTime="2022-06-13T21:14:10.7319361+02:00" endTime="2022-06-13T21:14:10.7319363+02:00" testType="13cdc9d9-ddb5-4fa4-a97d-d965ccfc6d4b" outcome="Passed" testListId="8c84fa94-04c1-424b-9868-57a2d4851a1d" relativeResultsDirectory="ad9714c0-6e29-4557-a58f-eb149a7274a2" />
    <UnitTestResult executionId="949b7bc0-caa4-4b8e-95be-1f002ccef5bb" testId="94f0cede-3e3b-c04d-89cc-8dfe2520972c" testName="xUnitTestProject.CurrencyHelperTests.FormatToStringTest1000(price: 11100.829211263372, expected: &quot;11100.83 zł&quot;)" computerName="DESKTOP-5URQ9PB" duration="00:00:00.0000076" startTime="2022-06-13T21:14:10.7752806+02:00" endTime="2022-06-13T21:14:10.7752808+02:00" testType="13cdc9d9-ddb5-4fa4-a97d-d965ccfc6d4b" outcome="Passed" testListId="8c84fa94-04c1-424b-9868-57a2d4851a1d" relativeResultsDirectory="949b7bc0-caa4-4b8e-95be-1f002ccef5bb" />
    <UnitTestResult executionId="23f3e0fa-ff3e-4e78-bd5b-b4aaee61b827" testId="9fa4910a-439f-a7b3-42d7-59f8d60a9e4f" testName="xUnitTestProject.CurrencyHelperTests.FormatToStringTest1000(price: 12577.642620996872, expected: &quot;12577.64 zł&quot;)" computerName="DESKTOP-5URQ9PB" duration="00:00:00.0000040" startTime="2022-06-13T21:14:10.6893368+02:00" endTime="2022-06-13T21:14:10.6893369+02:00" testType="13cdc9d9-ddb5-4fa4-a97d-d965ccfc6d4b" outcome="Passed" testListId="8c84fa94-04c1-424b-9868-57a2d4851a1d" relativeResultsDirectory="23f3e0fa-ff3e-4e78-bd5b-b4aaee61b827" />
    <UnitTestResult executionId="a3a2f6c1-fdef-4839-b498-4bfe833e163d" testId="422cd58a-1607-1b98-484d-a3568b92bd13" testName="xUnitTestProject.CurrencyHelperTests.FormatToStringTest1000(price: 71554.9786298829, expected: &quot;71554.98 zł&quot;)" computerName="DESKTOP-5URQ9PB" duration="00:00:00.0000044" startTime="2022-06-13T21:14:10.6915160+02:00" endTime="2022-06-13T21:14:10.6915162+02:00" testType="13cdc9d9-ddb5-4fa4-a97d-d965ccfc6d4b" outcome="Passed" testListId="8c84fa94-04c1-424b-9868-57a2d4851a1d" relativeResultsDirectory="a3a2f6c1-fdef-4839-b498-4bfe833e163d" />
    <UnitTestResult executionId="dd17fd5b-1eb0-48ac-a65b-344f501af4aa" testId="5c64f629-e66f-8e20-9c2d-0a7cb867d56d" testName="xUnitTestProject.CurrencyHelperTests.FormatToStringTest1000(price: 743.047944508981, expected: &quot;743.05 zł&quot;)" computerName="DESKTOP-5URQ9PB" duration="00:00:00.0000064" startTime="2022-06-13T21:14:10.7992550+02:00" endTime="2022-06-13T21:14:10.7992551+02:00" testType="13cdc9d9-ddb5-4fa4-a97d-d965ccfc6d4b" outcome="Passed" testListId="8c84fa94-04c1-424b-9868-57a2d4851a1d" relativeResultsDirectory="dd17fd5b-1eb0-48ac-a65b-344f501af4aa" />
    <UnitTestResult executionId="db385948-8f5a-47eb-8fb1-aa3530dc44dc" testId="dbbec110-d393-0535-7065-c16e31474059" testName="xUnitTestProject.CurrencyHelperTests.FormatToStringTest1000(price: 15822.278766386342, expected: &quot;15822.28 zł&quot;)" computerName="DESKTOP-5URQ9PB" duration="00:00:00.0000041" startTime="2022-06-13T21:14:10.7227942+02:00" endTime="2022-06-13T21:14:10.7227944+02:00" testType="13cdc9d9-ddb5-4fa4-a97d-d965ccfc6d4b" outcome="Passed" testListId="8c84fa94-04c1-424b-9868-57a2d4851a1d" relativeResultsDirectory="db385948-8f5a-47eb-8fb1-aa3530dc44dc" />
    <UnitTestResult executionId="9b975c20-1dc0-4c39-b5f3-8d8fcdb05984" testId="27e54bf1-4aa0-4763-a98b-d50300d50e6c" testName="xUnitTestProject.CurrencyHelperTests.FormatToStringTest1000(price: 75915.01943546813, expected: &quot;75915.02 zł&quot;)" computerName="DESKTOP-5URQ9PB" duration="00:00:00.0000041" startTime="2022-06-13T21:14:10.7227056+02:00" endTime="2022-06-13T21:14:10.7227057+02:00" testType="13cdc9d9-ddb5-4fa4-a97d-d965ccfc6d4b" outcome="Passed" testListId="8c84fa94-04c1-424b-9868-57a2d4851a1d" relativeResultsDirectory="9b975c20-1dc0-4c39-b5f3-8d8fcdb05984" />
    <UnitTestResult executionId="660144cb-5dc9-434e-b465-177eb64dd2a0" testId="df465776-c4f6-f76e-1fec-b3cfe705b591" testName="xUnitTestProject.CurrencyHelperTests.FormatToStringTest1000(price: 26468.346804109562, expected: &quot;26468.35 zł&quot;)" computerName="DESKTOP-5URQ9PB" duration="00:00:00.0000041" startTime="2022-06-13T21:14:10.6860436+02:00" endTime="2022-06-13T21:14:10.6860437+02:00" testType="13cdc9d9-ddb5-4fa4-a97d-d965ccfc6d4b" outcome="Passed" testListId="8c84fa94-04c1-424b-9868-57a2d4851a1d" relativeResultsDirectory="660144cb-5dc9-434e-b465-177eb64dd2a0" />
    <UnitTestResult executionId="ba43db11-72b3-4341-8e44-f003fbbb67e2" testId="2ebec913-cd49-9310-605b-052ec9777212" testName="xUnitTestProject.CurrencyHelperTests.FormatToStringTest1000(price: 97129.75160633575, expected: &quot;97129.75 zł&quot;)" computerName="DESKTOP-5URQ9PB" duration="00:00:00.0000095" startTime="2022-06-13T21:14:10.7804658+02:00" endTime="2022-06-13T21:14:10.7804659+02:00" testType="13cdc9d9-ddb5-4fa4-a97d-d965ccfc6d4b" outcome="Passed" testListId="8c84fa94-04c1-424b-9868-57a2d4851a1d" relativeResultsDirectory="ba43db11-72b3-4341-8e44-f003fbbb67e2" />
    <UnitTestResult executionId="2ec6a4d3-a005-4323-ba48-c5a794b287e7" testId="4a32286d-4292-da18-0868-eb2a25ef068a" testName="xUnitTestProject.CurrencyHelperTests.FormatToStringTest1000(price: 24030.724859085738, expected: &quot;24030.72 zł&quot;)" computerName="DESKTOP-5URQ9PB" duration="00:00:00.0000083" startTime="2022-06-13T21:14:10.7539725+02:00" endTime="2022-06-13T21:14:10.7539727+02:00" testType="13cdc9d9-ddb5-4fa4-a97d-d965ccfc6d4b" outcome="Passed" testListId="8c84fa94-04c1-424b-9868-57a2d4851a1d" relativeResultsDirectory="2ec6a4d3-a005-4323-ba48-c5a794b287e7" />
    <UnitTestResult executionId="48daa26c-3c02-4ca6-84fc-0c66cd6a0881" testId="9be732dd-ee22-c2df-2aa3-eb082a5b0373" testName="xUnitTestProject.CurrencyHelperTests.FormatToStringTest1000(price: 15861.139287455073, expected: &quot;15861.14 zł&quot;)" computerName="DESKTOP-5URQ9PB" duration="00:00:00.0000043" startTime="2022-06-13T21:14:10.7048955+02:00" endTime="2022-06-13T21:14:10.7048957+02:00" testType="13cdc9d9-ddb5-4fa4-a97d-d965ccfc6d4b" outcome="Passed" testListId="8c84fa94-04c1-424b-9868-57a2d4851a1d" relativeResultsDirectory="48daa26c-3c02-4ca6-84fc-0c66cd6a0881" />
    <UnitTestResult executionId="b1de2be6-2ea2-4353-ac91-f7f0851e44a5" testId="787cef43-2dc9-190c-2e64-d5af6533289b" testName="xUnitTestProject.CurrencyHelperTests.FormatToStringTest1000(price: 32908.76696502639, expected: &quot;32908.77 zł&quot;)" computerName="DESKTOP-5URQ9PB" duration="00:00:00.0000044" startTime="2022-06-13T21:14:10.7058123+02:00" endTime="2022-06-13T21:14:10.7058124+02:00" testType="13cdc9d9-ddb5-4fa4-a97d-d965ccfc6d4b" outcome="Passed" testListId="8c84fa94-04c1-424b-9868-57a2d4851a1d" relativeResultsDirectory="b1de2be6-2ea2-4353-ac91-f7f0851e44a5" />
    <UnitTestResult executionId="1a8276ca-f190-4d08-8e8b-c2adef225c82" testId="8e957c61-833e-a0b8-17c9-5e56071d3f70" testName="xUnitTestProject.CurrencyHelperTests.FormatToStringTest1000(price: 21961.272673999552, expected: &quot;21961.27 zł&quot;)" computerName="DESKTOP-5URQ9PB" duration="00:00:00.0000041" startTime="2022-06-13T21:14:10.7019406+02:00" endTime="2022-06-13T21:14:10.7019408+02:00" testType="13cdc9d9-ddb5-4fa4-a97d-d965ccfc6d4b" outcome="Passed" testListId="8c84fa94-04c1-424b-9868-57a2d4851a1d" relativeResultsDirectory="1a8276ca-f190-4d08-8e8b-c2adef225c82" />
    <UnitTestResult executionId="f801e626-b2bd-458e-aa8d-350e8c3bdd04" testId="adafe729-87a5-6f47-8e2f-84195056d442" testName="xUnitTestProject.CurrencyHelperTests.FormatToStringTest1000(price: 55457.96873490278, expected: &quot;55457.97 zł&quot;)" computerName="DESKTOP-5URQ9PB" duration="00:00:00.0000041" startTime="2022-06-13T21:14:10.7217786+02:00" endTime="2022-06-13T21:14:10.7217787+02:00" testType="13cdc9d9-ddb5-4fa4-a97d-d965ccfc6d4b" outcome="Passed" testListId="8c84fa94-04c1-424b-9868-57a2d4851a1d" relativeResultsDirectory="f801e626-b2bd-458e-aa8d-350e8c3bdd04" />
    <UnitTestResult executionId="cbbc43e7-d06f-46d6-b303-1d5f495c59c3" testId="990c6bd9-75e3-e712-66e8-1d0bc8aed91c" testName="xUnitTestProject.CurrencyHelperTests.FormatToStringTest1000(price: 19882.647973500494, expected: &quot;19882.65 zł&quot;)" computerName="DESKTOP-5URQ9PB" duration="00:00:00.0000089" startTime="2022-06-13T21:14:10.7680388+02:00" endTime="2022-06-13T21:14:10.7680392+02:00" testType="13cdc9d9-ddb5-4fa4-a97d-d965ccfc6d4b" outcome="Passed" testListId="8c84fa94-04c1-424b-9868-57a2d4851a1d" relativeResultsDirectory="cbbc43e7-d06f-46d6-b303-1d5f495c59c3" />
    <UnitTestResult executionId="a150e5d8-aea4-43f6-97b5-c1f84535d546" testId="7994a7d4-0fa0-5377-671c-ab94321aaf57" testName="xUnitTestProject.CurrencyHelperTests.FormatToStringTest1000(price: 61422.228144277455, expected: &quot;61422.23 zł&quot;)" computerName="DESKTOP-5URQ9PB" duration="00:00:00.0000050" startTime="2022-06-13T21:14:10.8001792+02:00" endTime="2022-06-13T21:14:10.8001795+02:00" testType="13cdc9d9-ddb5-4fa4-a97d-d965ccfc6d4b" outcome="Passed" testListId="8c84fa94-04c1-424b-9868-57a2d4851a1d" relativeResultsDirectory="a150e5d8-aea4-43f6-97b5-c1f84535d546" />
    <UnitTestResult executionId="04db88a2-7691-47b8-91f0-b6f81588cb68" testId="f45cbb0f-431c-8958-4b27-e85aa47cbe41" testName="xUnitTestProject.CurrencyHelperTests.FormatToStringTest1000(price: 9843.625240445894, expected: &quot;9843.63 zł&quot;)" computerName="DESKTOP-5URQ9PB" duration="00:00:00.0000041" startTime="2022-06-13T21:14:10.7177495+02:00" endTime="2022-06-13T21:14:10.7177497+02:00" testType="13cdc9d9-ddb5-4fa4-a97d-d965ccfc6d4b" outcome="Passed" testListId="8c84fa94-04c1-424b-9868-57a2d4851a1d" relativeResultsDirectory="04db88a2-7691-47b8-91f0-b6f81588cb68" />
    <UnitTestResult executionId="2db41b74-e326-4bfb-9aa0-1c456e577671" testId="a9271829-fbf1-47a3-aed7-368db58e22e7" testName="xUnitTestProject.CurrencyHelperTests.FormatToStringTest1000(price: 635.3263313632116, expected: &quot;635.33 zł&quot;)" computerName="DESKTOP-5URQ9PB" duration="00:00:00.0000041" startTime="2022-06-13T21:14:10.7377349+02:00" endTime="2022-06-13T21:14:10.7377350+02:00" testType="13cdc9d9-ddb5-4fa4-a97d-d965ccfc6d4b" outcome="Passed" testListId="8c84fa94-04c1-424b-9868-57a2d4851a1d" relativeResultsDirectory="2db41b74-e326-4bfb-9aa0-1c456e577671" />
    <UnitTestResult executionId="038c4478-b7fb-4ba4-b637-3cb93b6f6836" testId="ad936791-3884-bcd2-a8bf-cc0980504588" testName="xUnitTestProject.CurrencyHelperTests.FormatToStringTest1000(price: 17232.486162219426, expected: &quot;17232.49 zł&quot;)" computerName="DESKTOP-5URQ9PB" duration="00:00:00.0000043" startTime="2022-06-13T21:14:10.7067237+02:00" endTime="2022-06-13T21:14:10.7067239+02:00" testType="13cdc9d9-ddb5-4fa4-a97d-d965ccfc6d4b" outcome="Passed" testListId="8c84fa94-04c1-424b-9868-57a2d4851a1d" relativeResultsDirectory="038c4478-b7fb-4ba4-b637-3cb93b6f6836" />
    <UnitTestResult executionId="6d1e5c6e-c521-445f-bbd3-ec6d0b4bd542" testId="b07c6436-dbf7-0138-be42-b4b6d3d7e52c" testName="xUnitTestProject.CurrencyHelperTests.FormatToStringTest1000(price: 22791.735381432685, expected: &quot;22791.74 zł&quot;)" computerName="DESKTOP-5URQ9PB" duration="00:00:00.0000062" startTime="2022-06-13T21:14:10.7730705+02:00" endTime="2022-06-13T21:14:10.7730707+02:00" testType="13cdc9d9-ddb5-4fa4-a97d-d965ccfc6d4b" outcome="Passed" testListId="8c84fa94-04c1-424b-9868-57a2d4851a1d" relativeResultsDirectory="6d1e5c6e-c521-445f-bbd3-ec6d0b4bd542" />
    <UnitTestResult executionId="01e1001f-9a8f-4c9f-98d2-8c8f9022c1ac" testId="3aa6da58-73c8-f8a3-c690-8bbd80282877" testName="xUnitTestProject.CurrencyHelperTests.FormatToStringTest1000(price: 20321.03715103913, expected: &quot;20321.04 zł&quot;)" computerName="DESKTOP-5URQ9PB" duration="00:00:00.0000043" startTime="2022-06-13T21:14:10.7009706+02:00" endTime="2022-06-13T21:14:10.7009707+02:00" testType="13cdc9d9-ddb5-4fa4-a97d-d965ccfc6d4b" outcome="Passed" testListId="8c84fa94-04c1-424b-9868-57a2d4851a1d" relativeResultsDirectory="01e1001f-9a8f-4c9f-98d2-8c8f9022c1ac" />
    <UnitTestResult executionId="39f8eeff-7da7-4b32-9eff-181ad8bae009" testId="e01a9a2a-2030-6ab9-7db6-efea263590e2" testName="xUnitTestProject.CurrencyHelperTests.FormatToStringTest1000(price: 29796.909338079815, expected: &quot;29796.91 zł&quot;)" computerName="DESKTOP-5URQ9PB" duration="00:00:00.0000070" startTime="2022-06-13T21:14:10.7658881+02:00" endTime="2022-06-13T21:14:10.7658883+02:00" testType="13cdc9d9-ddb5-4fa4-a97d-d965ccfc6d4b" outcome="Passed" testListId="8c84fa94-04c1-424b-9868-57a2d4851a1d" relativeResultsDirectory="39f8eeff-7da7-4b32-9eff-181ad8bae009" />
    <UnitTestResult executionId="6d1a8c5e-5e50-477f-ae42-096a40416631" testId="5e1c3933-e4f7-a4af-71e7-871c86d36adf" testName="xUnitTestProject.CurrencyHelperTests.FormatToStringTest1000(price: 18596.12661189033, expected: &quot;18596.13 zł&quot;)" computerName="DESKTOP-5URQ9PB" duration="00:00:00.0000041" startTime="2022-06-13T21:14:10.7238115+02:00" endTime="2022-06-13T21:14:10.7238116+02:00" testType="13cdc9d9-ddb5-4fa4-a97d-d965ccfc6d4b" outcome="Passed" testListId="8c84fa94-04c1-424b-9868-57a2d4851a1d" relativeResultsDirectory="6d1a8c5e-5e50-477f-ae42-096a40416631" />
    <UnitTestResult executionId="d680e0cb-ec10-4f81-b2e4-6b700ac92d43" testId="3592b35e-5647-34de-406e-9d7d0b031ac6" testName="xUnitTestProject.CurrencyHelperTests.FormatToStringTest1000(price: 6173.0243155793405, expected: &quot;6173.02 zł&quot;)" computerName="DESKTOP-5URQ9PB" duration="00:00:00.0000041" startTime="2022-06-13T21:14:10.7198399+02:00" endTime="2022-06-13T21:14:10.7198400+02:00" testType="13cdc9d9-ddb5-4fa4-a97d-d965ccfc6d4b" outcome="Passed" testListId="8c84fa94-04c1-424b-9868-57a2d4851a1d" relativeResultsDirectory="d680e0cb-ec10-4f81-b2e4-6b700ac92d43" />
    <UnitTestResult executionId="6dc16064-4ae0-44ce-8c8b-4a98df5ec422" testId="996b214e-32e4-5376-d989-b4bc865084fe" testName="xUnitTestProject.CurrencyHelperTests.FormatToStringTest1000(price: 317.9090540706688, expected: &quot;317.91 zł&quot;)" computerName="DESKTOP-5URQ9PB" duration="00:00:00.0000083" startTime="2022-06-13T21:14:10.7572281+02:00" endTime="2022-06-13T21:14:10.7572285+02:00" testType="13cdc9d9-ddb5-4fa4-a97d-d965ccfc6d4b" outcome="Passed" testListId="8c84fa94-04c1-424b-9868-57a2d4851a1d" relativeResultsDirectory="6dc16064-4ae0-44ce-8c8b-4a98df5ec422" />
    <UnitTestResult executionId="905f3e94-8719-4247-b88c-49e66fe4f302" testId="313d194a-30d0-d3d5-cf7b-c5a66b6b3935" testName="xUnitTestProject.CurrencyHelperTests.FormatToStringTest1000(price: 9994.9471861026, expected: &quot;9994.95 zł&quot;)" computerName="DESKTOP-5URQ9PB" duration="00:00:00.0000070" startTime="2022-06-13T21:14:10.7517703+02:00" endTime="2022-06-13T21:14:10.7517705+02:00" testType="13cdc9d9-ddb5-4fa4-a97d-d965ccfc6d4b" outcome="Passed" testListId="8c84fa94-04c1-424b-9868-57a2d4851a1d" relativeResultsDirectory="905f3e94-8719-4247-b88c-49e66fe4f302" />
    <UnitTestResult executionId="5dc609c0-e2a7-41d3-bf25-8f6bd8df0991" testId="b28ab50d-11be-d323-527c-bc8feda9af8a" testName="xUnitTestProject.CurrencyHelperTests.FormatToStringTest1000(price: 4555.538255205163, expected: &quot;4555.54 zł&quot;)" computerName="DESKTOP-5URQ9PB" duration="00:00:00.0000041" startTime="2022-06-13T21:14:10.7413073+02:00" endTime="2022-06-13T21:14:10.7413074+02:00" testType="13cdc9d9-ddb5-4fa4-a97d-d965ccfc6d4b" outcome="Passed" testListId="8c84fa94-04c1-424b-9868-57a2d4851a1d" relativeResultsDirectory="5dc609c0-e2a7-41d3-bf25-8f6bd8df0991" />
    <UnitTestResult executionId="d5e6614d-9dc1-4369-aca9-d17838c00751" testId="73d2aaa8-ac83-ede5-fed4-5dcf1194783f" testName="xUnitTestProject.CurrencyHelperTests.FormatToStringTest1000(price: 12283.48626129026, expected: &quot;12283.49 zł&quot;)" computerName="DESKTOP-5URQ9PB" duration="00:00:00.0000083" startTime="2022-06-13T21:14:10.7459387+02:00" endTime="2022-06-13T21:14:10.7459388+02:00" testType="13cdc9d9-ddb5-4fa4-a97d-d965ccfc6d4b" outcome="Passed" testListId="8c84fa94-04c1-424b-9868-57a2d4851a1d" relativeResultsDirectory="d5e6614d-9dc1-4369-aca9-d17838c00751" />
    <UnitTestResult executionId="59526d36-60de-4c5e-bbce-52a95e21008c" testId="31d901d5-0ee4-8f4e-13ca-73133c8afccc" testName="xUnitTestProject.CurrencyHelperTests.FormatToStringTest1000(price: 823.2747994560166, expected: &quot;823.27 zł&quot;)" computerName="DESKTOP-5URQ9PB" duration="00:00:00.0000063" startTime="2022-06-13T21:14:10.7449254+02:00" endTime="2022-06-13T21:14:10.7449255+02:00" testType="13cdc9d9-ddb5-4fa4-a97d-d965ccfc6d4b" outcome="Passed" testListId="8c84fa94-04c1-424b-9868-57a2d4851a1d" relativeResultsDirectory="59526d36-60de-4c5e-bbce-52a95e21008c" />
    <UnitTestResult executionId="59a525cb-8031-4849-9461-c0843b0af3d5" testId="89b95097-2fa4-1afe-c164-3b548bd44274" testName="xUnitTestProject.CurrencyHelperTests.FormatToStringTest1000(price: 12118.31777677048, expected: &quot;12118.32 zł&quot;)" computerName="DESKTOP-5URQ9PB" duration="00:00:00.0000041" startTime="2022-06-13T21:14:10.7414624+02:00" endTime="2022-06-13T21:14:10.7414626+02:00" testType="13cdc9d9-ddb5-4fa4-a97d-d965ccfc6d4b" outcome="Passed" testListId="8c84fa94-04c1-424b-9868-57a2d4851a1d" relativeResultsDirectory="59a525cb-8031-4849-9461-c0843b0af3d5" />
    <UnitTestResult executionId="aa0041e1-a40a-4a07-8afd-575d820d4ff8" testId="8e549758-1d04-7bb3-a187-b61fc529196f" testName="xUnitTestProject.CurrencyHelperTests.FormatToStringTest1000(price: 29474.095826699442, expected: &quot;29474.10 zł&quot;)" computerName="DESKTOP-5URQ9PB" duration="00:00:00.0000055" startTime="2022-06-13T21:14:10.7157891+02:00" endTime="2022-06-13T21:14:10.7157893+02:00" testType="13cdc9d9-ddb5-4fa4-a97d-d965ccfc6d4b" outcome="Passed" testListId="8c84fa94-04c1-424b-9868-57a2d4851a1d" relativeResultsDirectory="aa0041e1-a40a-4a07-8afd-575d820d4ff8" />
    <UnitTestResult executionId="da0b5c2c-5263-4247-995c-d7491200348f" testId="11729d1c-6c6a-9fce-9d88-8ebfff125cf6" testName="xUnitTestProject.CurrencyHelperTests.FormatToStringTest1000(price: 29926.595417457444, expected: &quot;29926.60 zł&quot;)" computerName="DESKTOP-5URQ9PB" duration="00:00:00.0000050" startTime="2022-06-13T21:14:10.7246165+02:00" endTime="2022-06-13T21:14:10.7246166+02:00" testType="13cdc9d9-ddb5-4fa4-a97d-d965ccfc6d4b" outcome="Passed" testListId="8c84fa94-04c1-424b-9868-57a2d4851a1d" relativeResultsDirectory="da0b5c2c-5263-4247-995c-d7491200348f" />
    <UnitTestResult executionId="0c36ed4a-ae5d-4aa7-a485-aed5c361dc33" testId="cf6ce7eb-96c1-8a55-15f9-4fb2522dc822" testName="xUnitTestProject.CurrencyHelperTests.FormatToStringTest1000(price: 76536.95853396178, expected: &quot;76536.96 zł&quot;)" computerName="DESKTOP-5URQ9PB" duration="00:00:00.0000041" startTime="2022-06-13T21:14:10.6840192+02:00" endTime="2022-06-13T21:14:10.6840193+02:00" testType="13cdc9d9-ddb5-4fa4-a97d-d965ccfc6d4b" outcome="Passed" testListId="8c84fa94-04c1-424b-9868-57a2d4851a1d" relativeResultsDirectory="0c36ed4a-ae5d-4aa7-a485-aed5c361dc33" />
    <UnitTestResult executionId="138a29fc-303d-4382-b5b9-a2616da5cb59" testId="c212e24b-1c29-9890-50c8-57d6096284d3" testName="xUnitTestProject.CurrencyHelperTests.FormatToStringTest1000(price: 1181.5773122979222, expected: &quot;1181.58 zł&quot;)" computerName="DESKTOP-5URQ9PB" duration="00:00:00.0000041" startTime="2022-06-13T21:14:10.7018767+02:00" endTime="2022-06-13T21:14:10.7018768+02:00" testType="13cdc9d9-ddb5-4fa4-a97d-d965ccfc6d4b" outcome="Passed" testListId="8c84fa94-04c1-424b-9868-57a2d4851a1d" relativeResultsDirectory="138a29fc-303d-4382-b5b9-a2616da5cb59" />
    <UnitTestResult executionId="2cbf5ac3-e985-4cf2-900a-2b1fd365950a" testId="1d8f4068-0f19-f951-5966-43f32b70fb4f" testName="xUnitTestProject.CurrencyHelperTests.FormatToStringTest1000(price: 63115.864864394935, expected: &quot;63115.86 zł&quot;)" computerName="DESKTOP-5URQ9PB" duration="00:00:00.0000041" startTime="2022-06-13T21:14:10.7247343+02:00" endTime="2022-06-13T21:14:10.7247344+02:00" testType="13cdc9d9-ddb5-4fa4-a97d-d965ccfc6d4b" outcome="Passed" testListId="8c84fa94-04c1-424b-9868-57a2d4851a1d" relativeResultsDirectory="2cbf5ac3-e985-4cf2-900a-2b1fd365950a" />
    <UnitTestResult executionId="3dfcd32b-c8db-4637-8426-037de01e5810" testId="aae9a2f6-c5ae-d742-7ea5-60de6dc3d9cf" testName="xUnitTestProject.CurrencyHelperTests.FormatToStringTest1000(price: 34096.337879508894, expected: &quot;34096.34 zł&quot;)" computerName="DESKTOP-5URQ9PB" duration="00:00:00.0000081" startTime="2022-06-13T21:14:10.7765384+02:00" endTime="2022-06-13T21:14:10.7765385+02:00" testType="13cdc9d9-ddb5-4fa4-a97d-d965ccfc6d4b" outcome="Passed" testListId="8c84fa94-04c1-424b-9868-57a2d4851a1d" relativeResultsDirectory="3dfcd32b-c8db-4637-8426-037de01e5810" />
    <UnitTestResult executionId="a79d9e19-7315-4c6c-931c-c811da4676d3" testId="4ffd7804-0b86-b3af-454f-c182dda91ce2" testName="xUnitTestProject.CurrencyHelperTests.FormatToStringTest1000(price: 22291.653251342315, expected: &quot;22291.65 zł&quot;)" computerName="DESKTOP-5URQ9PB" duration="00:00:00.0000070" startTime="2022-06-13T21:14:10.7515777+02:00" endTime="2022-06-13T21:14:10.7515779+02:00" testType="13cdc9d9-ddb5-4fa4-a97d-d965ccfc6d4b" outcome="Passed" testListId="8c84fa94-04c1-424b-9868-57a2d4851a1d" relativeResultsDirectory="a79d9e19-7315-4c6c-931c-c811da4676d3" />
    <UnitTestResult executionId="70c16c2a-47d5-4330-b8b0-429fb17e581a" testId="a9730862-4522-ad92-1efa-cb822a9c946d" testName="xUnitTestProject.CurrencyHelperTests.FormatToStringTest1000(price: 64490.52771614982, expected: &quot;64490.53 zł&quot;)" computerName="DESKTOP-5URQ9PB" duration="00:00:00.0000081" startTime="2022-06-13T21:14:10.7843976+02:00" endTime="2022-06-13T21:14:10.7843977+02:00" testType="13cdc9d9-ddb5-4fa4-a97d-d965ccfc6d4b" outcome="Passed" testListId="8c84fa94-04c1-424b-9868-57a2d4851a1d" relativeResultsDirectory="70c16c2a-47d5-4330-b8b0-429fb17e581a" />
    <UnitTestResult executionId="9adb2b73-85d5-42ad-b4eb-fbaafd6020e9" testId="3af61c48-eead-454e-59a5-a117f0360878" testName="xUnitTestProject.CurrencyHelperTests.FormatToStringTest1000(price: 3646.857719214101, expected: &quot;3646.86 zł&quot;)" computerName="DESKTOP-5URQ9PB" duration="00:00:00.0000043" startTime="2022-06-13T21:14:10.6806037+02:00" endTime="2022-06-13T21:14:10.6806038+02:00" testType="13cdc9d9-ddb5-4fa4-a97d-d965ccfc6d4b" outcome="Passed" testListId="8c84fa94-04c1-424b-9868-57a2d4851a1d" relativeResultsDirectory="9adb2b73-85d5-42ad-b4eb-fbaafd6020e9" />
    <UnitTestResult executionId="6592977c-b81c-4bdb-b967-c5b271b660b1" testId="ad89a04b-1d6c-269b-831e-2a5afc742278" testName="xUnitTestProject.CurrencyHelperTests.FormatToStringTest1000(price: 15600.245951180927, expected: &quot;15600.25 zł&quot;)" computerName="DESKTOP-5URQ9PB" duration="00:00:00.0000041" startTime="2022-06-13T21:14:10.7066304+02:00" endTime="2022-06-13T21:14:10.7066307+02:00" testType="13cdc9d9-ddb5-4fa4-a97d-d965ccfc6d4b" outcome="Passed" testListId="8c84fa94-04c1-424b-9868-57a2d4851a1d" relativeResultsDirectory="6592977c-b81c-4bdb-b967-c5b271b660b1" />
    <UnitTestResult executionId="9af95126-ab39-42a7-939b-d9f75b0c8c73" testId="da6c3e32-e713-64a5-d755-377865e086d4" testName="xUnitTestProject.CurrencyHelperTests.FormatToStringTest1000(price: 23548.88067407016, expected: &quot;23548.88 zł&quot;)" computerName="DESKTOP-5URQ9PB" duration="00:00:00.0000041" startTime="2022-06-13T21:14:10.7266940+02:00" endTime="2022-06-13T21:14:10.7266946+02:00" testType="13cdc9d9-ddb5-4fa4-a97d-d965ccfc6d4b" outcome="Passed" testListId="8c84fa94-04c1-424b-9868-57a2d4851a1d" relativeResultsDirectory="9af95126-ab39-42a7-939b-d9f75b0c8c73" />
    <UnitTestResult executionId="52f28c4f-e3d6-4792-ae35-7a64bec54bda" testId="3fa3f1d2-90bc-c93b-b647-8aef449b689a" testName="xUnitTestProject.CurrencyHelperTests.FormatToStringTest1000(price: 27852.532163303127, expected: &quot;27852.53 zł&quot;)" computerName="DESKTOP-5URQ9PB" duration="00:00:00.0000071" startTime="2022-06-13T21:14:10.7717591+02:00" endTime="2022-06-13T21:14:10.7717592+02:00" testType="13cdc9d9-ddb5-4fa4-a97d-d965ccfc6d4b" outcome="Passed" testListId="8c84fa94-04c1-424b-9868-57a2d4851a1d" relativeResultsDirectory="52f28c4f-e3d6-4792-ae35-7a64bec54bda" />
    <UnitTestResult executionId="8cc9ae0f-3d18-4f11-a027-7be9edfd0824" testId="a309af81-dde2-6e24-4ef5-234d753b7352" testName="xUnitTestProject.CurrencyHelperTests.FormatToStringTest1000(price: 15591.4117417221, expected: &quot;15591.41 zł&quot;)" computerName="DESKTOP-5URQ9PB" duration="00:00:00.0000078" startTime="2022-06-13T21:14:10.7660417+02:00" endTime="2022-06-13T21:14:10.7660418+02:00" testType="13cdc9d9-ddb5-4fa4-a97d-d965ccfc6d4b" outcome="Passed" testListId="8c84fa94-04c1-424b-9868-57a2d4851a1d" relativeResultsDirectory="8cc9ae0f-3d18-4f11-a027-7be9edfd0824" />
    <UnitTestResult executionId="f3840f64-6103-4769-99c9-5c877f60c659" testId="b70675b1-ffbc-1a3f-030b-53fbcade7f2b" testName="xUnitTestProject.CurrencyHelperTests.FormatToStringTest1000(price: 3907.8681317963024, expected: &quot;3907.87 zł&quot;)" computerName="DESKTOP-5URQ9PB" duration="00:00:00.0000077" startTime="2022-06-13T21:14:10.7766145+02:00" endTime="2022-06-13T21:14:10.7766147+02:00" testType="13cdc9d9-ddb5-4fa4-a97d-d965ccfc6d4b" outcome="Passed" testListId="8c84fa94-04c1-424b-9868-57a2d4851a1d" relativeResultsDirectory="f3840f64-6103-4769-99c9-5c877f60c659" />
    <UnitTestResult executionId="0eb7cd5d-8fbf-4326-9499-fea68d100a44" testId="be9ca199-100c-7487-211b-359c6f85feb5" testName="xUnitTestProject.CurrencyHelperTests.FormatToStringTest1000(price: 14475.498583194567, expected: &quot;14475.50 zł&quot;)" computerName="DESKTOP-5URQ9PB" duration="00:00:00.0000056" startTime="2022-06-13T21:14:10.7963597+02:00" endTime="2022-06-13T21:14:10.7963598+02:00" testType="13cdc9d9-ddb5-4fa4-a97d-d965ccfc6d4b" outcome="Passed" testListId="8c84fa94-04c1-424b-9868-57a2d4851a1d" relativeResultsDirectory="0eb7cd5d-8fbf-4326-9499-fea68d100a44" />
    <UnitTestResult executionId="50cc2a73-6bab-48e6-bbcb-8bd30cb53b0b" testId="4e2fa441-f609-cc78-7eb6-a2fea9348b3f" testName="xUnitTestProject.CurrencyHelperTests.FormatToStringTest1000(price: 63291.50274994015, expected: &quot;63291.50 zł&quot;)" computerName="DESKTOP-5URQ9PB" duration="00:00:00.0000044" startTime="2022-06-13T21:14:10.7332234+02:00" endTime="2022-06-13T21:14:10.7332236+02:00" testType="13cdc9d9-ddb5-4fa4-a97d-d965ccfc6d4b" outcome="Passed" testListId="8c84fa94-04c1-424b-9868-57a2d4851a1d" relativeResultsDirectory="50cc2a73-6bab-48e6-bbcb-8bd30cb53b0b" />
    <UnitTestResult executionId="e0229a88-4dac-44f6-9480-eb0cc295ded4" testId="0740431b-2d5c-94f4-7631-d3fb545f47f1" testName="xUnitTestProject.CurrencyHelperTests.FormatToStringTest1000(price: 2216.881526520886, expected: &quot;2216.88 zł&quot;)" computerName="DESKTOP-5URQ9PB" duration="00:00:00.0000083" startTime="2022-06-13T21:14:10.7855150+02:00" endTime="2022-06-13T21:14:10.7855152+02:00" testType="13cdc9d9-ddb5-4fa4-a97d-d965ccfc6d4b" outcome="Passed" testListId="8c84fa94-04c1-424b-9868-57a2d4851a1d" relativeResultsDirectory="e0229a88-4dac-44f6-9480-eb0cc295ded4" />
    <UnitTestResult executionId="3b94426f-0446-4ea2-b269-045e21fbe3e4" testId="cb40e0a5-2f70-a60d-407b-51d7d2d25955" testName="xUnitTestProject.CurrencyHelperTests.FormatToStringTest1000(price: 19071.681252896637, expected: &quot;19071.68 zł&quot;)" computerName="DESKTOP-5URQ9PB" duration="00:00:00.0000070" startTime="2022-06-13T21:14:10.7518086+02:00" endTime="2022-06-13T21:14:10.7518088+02:00" testType="13cdc9d9-ddb5-4fa4-a97d-d965ccfc6d4b" outcome="Passed" testListId="8c84fa94-04c1-424b-9868-57a2d4851a1d" relativeResultsDirectory="3b94426f-0446-4ea2-b269-045e21fbe3e4" />
    <UnitTestResult executionId="a27627f1-95b7-4dee-a273-319043c8d3b2" testId="f9dc9c7a-bf0e-4c02-1f2d-1fd4e69c7538" testName="xUnitTestProject.CurrencyHelperTests.FormatToStringTest1000(price: 1474.699818629166, expected: &quot;1474.70 zł&quot;)" computerName="DESKTOP-5URQ9PB" duration="00:00:00.0000041" startTime="2022-06-13T21:14:10.7159132+02:00" endTime="2022-06-13T21:14:10.7159133+02:00" testType="13cdc9d9-ddb5-4fa4-a97d-d965ccfc6d4b" outcome="Passed" testListId="8c84fa94-04c1-424b-9868-57a2d4851a1d" relativeResultsDirectory="a27627f1-95b7-4dee-a273-319043c8d3b2" />
    <UnitTestResult executionId="1565a018-72e8-4c80-8b48-a65b2401a249" testId="612eaa65-a60d-5727-69a2-576580c27858" testName="xUnitTestProject.CurrencyHelperTests.FormatToStringTest1000(price: 7621.507806692509, expected: &quot;7621.51 zł&quot;)" computerName="DESKTOP-5URQ9PB" duration="00:00:00.0000041" startTime="2022-06-13T21:14:10.7087922+02:00" endTime="2022-06-13T21:14:10.7087923+02:00" testType="13cdc9d9-ddb5-4fa4-a97d-d965ccfc6d4b" outcome="Passed" testListId="8c84fa94-04c1-424b-9868-57a2d4851a1d" relativeResultsDirectory="1565a018-72e8-4c80-8b48-a65b2401a249" />
    <UnitTestResult executionId="3a3fb905-550b-49dd-a41a-cd4264c3f02d" testId="52dd4d5a-f28a-3449-7987-33dfda351248" testName="xUnitTestProject.CurrencyHelperTests.FormatToStringTest1000(price: 31290.71396233687, expected: &quot;31290.71 zł&quot;)" computerName="DESKTOP-5URQ9PB" duration="00:00:00.0000041" startTime="2022-06-13T21:14:10.7388269+02:00" endTime="2022-06-13T21:14:10.7388271+02:00" testType="13cdc9d9-ddb5-4fa4-a97d-d965ccfc6d4b" outcome="Passed" testListId="8c84fa94-04c1-424b-9868-57a2d4851a1d" relativeResultsDirectory="3a3fb905-550b-49dd-a41a-cd4264c3f02d" />
    <UnitTestResult executionId="ea905805-f372-464c-976b-d01115ac2a48" testId="ddbbee19-86a9-bc74-0664-4f6fa63796df" testName="xUnitTestProject.CurrencyHelperTests.FormatToStringTest1000(price: 9661.966055578536, expected: &quot;9661.97 zł&quot;)" computerName="DESKTOP-5URQ9PB" duration="00:00:00.0000078" startTime="2022-06-13T21:14:10.7755119+02:00" endTime="2022-06-13T21:14:10.7755120+02:00" testType="13cdc9d9-ddb5-4fa4-a97d-d965ccfc6d4b" outcome="Passed" testListId="8c84fa94-04c1-424b-9868-57a2d4851a1d" relativeResultsDirectory="ea905805-f372-464c-976b-d01115ac2a48" />
    <UnitTestResult executionId="167ca519-b485-4785-9060-23d984454647" testId="7c86c7d1-a9a4-3305-ae10-fdb7acd65489" testName="xUnitTestProject.CurrencyHelperTests.FormatToStringTest1000(price: 75024.79122970243, expected: &quot;75024.79 zł&quot;)" computerName="DESKTOP-5URQ9PB" duration="00:00:00.0000041" startTime="2022-06-13T21:14:10.7156998+02:00" endTime="2022-06-13T21:14:10.7157000+02:00" testType="13cdc9d9-ddb5-4fa4-a97d-d965ccfc6d4b" outcome="Passed" testListId="8c84fa94-04c1-424b-9868-57a2d4851a1d" relativeResultsDirectory="167ca519-b485-4785-9060-23d984454647" />
    <UnitTestResult executionId="cbad5804-dcb1-40da-bf82-3be3e0649ac2" testId="66840d6a-95a8-9e96-1d7b-1ecad55a0c92" testName="xUnitTestProject.CurrencyHelperTests.FormatToStringTest1000(price: 40241.790964380736, expected: &quot;40241.79 zł&quot;)" computerName="DESKTOP-5URQ9PB" duration="00:00:00.0000094" startTime="2022-06-13T21:14:10.7806417+02:00" endTime="2022-06-13T21:14:10.7806419+02:00" testType="13cdc9d9-ddb5-4fa4-a97d-d965ccfc6d4b" outcome="Passed" testListId="8c84fa94-04c1-424b-9868-57a2d4851a1d" relativeResultsDirectory="cbad5804-dcb1-40da-bf82-3be3e0649ac2" />
    <UnitTestResult executionId="339bd6af-2ba5-4aab-850d-7f7137a65291" testId="cd41d103-9666-3d37-803b-9b59446c01c4" testName="xUnitTestProject.CurrencyHelperTests.FormatToStringTest1000(price: 28455.229970996843, expected: &quot;28455.23 zł&quot;)" computerName="DESKTOP-5URQ9PB" duration="00:00:00.0000043" startTime="2022-06-13T21:14:10.7017873+02:00" endTime="2022-06-13T21:14:10.7017874+02:00" testType="13cdc9d9-ddb5-4fa4-a97d-d965ccfc6d4b" outcome="Passed" testListId="8c84fa94-04c1-424b-9868-57a2d4851a1d" relativeResultsDirectory="339bd6af-2ba5-4aab-850d-7f7137a65291" />
    <UnitTestResult executionId="5de0be5f-84d5-4478-bbf8-69d8edce4b9f" testId="65d35c13-0e19-06e3-2b90-fbf07f6234bd" testName="xUnitTestProject.CurrencyHelperTests.FormatToStringTest1000(price: 63427.55325689332, expected: &quot;63427.55 zł&quot;)" computerName="DESKTOP-5URQ9PB" duration="00:00:00.0000039" startTime="2022-06-13T21:14:10.6870010+02:00" endTime="2022-06-13T21:14:10.6870014+02:00" testType="13cdc9d9-ddb5-4fa4-a97d-d965ccfc6d4b" outcome="Passed" testListId="8c84fa94-04c1-424b-9868-57a2d4851a1d" relativeResultsDirectory="5de0be5f-84d5-4478-bbf8-69d8edce4b9f" />
    <UnitTestResult executionId="71389913-b93b-4dff-8e2c-b53c90b24048" testId="4b9288d3-23bb-6d5e-ced0-2389f5e0b638" testName="xUnitTestProject.CurrencyHelperTests.FormatToStringTest1000(price: 14910.573044539697, expected: &quot;14910.57 zł&quot;)" computerName="DESKTOP-5URQ9PB" duration="00:00:00.0000050" startTime="2022-06-13T21:14:10.7077242+02:00" endTime="2022-06-13T21:14:10.7077243+02:00" testType="13cdc9d9-ddb5-4fa4-a97d-d965ccfc6d4b" outcome="Passed" testListId="8c84fa94-04c1-424b-9868-57a2d4851a1d" relativeResultsDirectory="71389913-b93b-4dff-8e2c-b53c90b24048" />
    <UnitTestResult executionId="fbe7d9d0-5bae-4c97-97b0-98f6b02107c9" testId="8034b7ee-c5e3-314c-6310-8984871301b7" testName="xUnitTestProject.CurrencyHelperTests.FormatToStringTest1000(price: 7458.609645228652, expected: &quot;7458.61 zł&quot;)" computerName="DESKTOP-5URQ9PB" duration="00:00:00.0000086" startTime="2022-06-13T21:14:10.7552268+02:00" endTime="2022-06-13T21:14:10.7552270+02:00" testType="13cdc9d9-ddb5-4fa4-a97d-d965ccfc6d4b" outcome="Passed" testListId="8c84fa94-04c1-424b-9868-57a2d4851a1d" relativeResultsDirectory="fbe7d9d0-5bae-4c97-97b0-98f6b02107c9" />
    <UnitTestResult executionId="f3ece2b0-d927-476f-887b-a94eda11fa82" testId="e6cc0868-2b09-9996-1473-6fd522e2da29" testName="xUnitTestProject.CurrencyHelperTests.FormatToStringTest1000(price: 26885.71162707904, expected: &quot;26885.71 zł&quot;)" computerName="DESKTOP-5URQ9PB" duration="00:00:00.0000044" startTime="2022-06-13T21:14:10.6795903+02:00" endTime="2022-06-13T21:14:10.6795904+02:00" testType="13cdc9d9-ddb5-4fa4-a97d-d965ccfc6d4b" outcome="Passed" testListId="8c84fa94-04c1-424b-9868-57a2d4851a1d" relativeResultsDirectory="f3ece2b0-d927-476f-887b-a94eda11fa82" />
    <UnitTestResult executionId="1c365abd-6295-4fed-9c06-e1ec6a614406" testId="2a896644-50d0-a8ac-de47-7ac4676c290e" testName="xUnitTestProject.CurrencyHelperTests.FormatToStringTest1000(price: 6027.66019266828, expected: &quot;6027.66 zł&quot;)" computerName="DESKTOP-5URQ9PB" duration="00:00:00.0000040" startTime="2022-06-13T21:14:10.7227650+02:00" endTime="2022-06-13T21:14:10.7227652+02:00" testType="13cdc9d9-ddb5-4fa4-a97d-d965ccfc6d4b" outcome="Passed" testListId="8c84fa94-04c1-424b-9868-57a2d4851a1d" relativeResultsDirectory="1c365abd-6295-4fed-9c06-e1ec6a614406" />
    <UnitTestResult executionId="3fb369a1-8640-4882-a95a-63f428287df1" testId="35d446c0-f87b-db26-2eb6-ac470ed5efed" testName="xUnitTestProject.CurrencyHelperTests.FormatToStringTest1000(price: 16902.50568789314, expected: &quot;16902.51 zł&quot;)" computerName="DESKTOP-5URQ9PB" duration="00:00:00.0000046" startTime="2022-06-13T21:14:10.6796201+02:00" endTime="2022-06-13T21:14:10.6796202+02:00" testType="13cdc9d9-ddb5-4fa4-a97d-d965ccfc6d4b" outcome="Passed" testListId="8c84fa94-04c1-424b-9868-57a2d4851a1d" relativeResultsDirectory="3fb369a1-8640-4882-a95a-63f428287df1" />
    <UnitTestResult executionId="774d0e7f-f3ee-4920-adf8-ed3258e088f4" testId="37c7194c-1f0b-dee3-2e3b-dc795a15cffb" testName="xUnitTestProject.CurrencyHelperTests.FormatToStringTest1000(price: 13206.129467931636, expected: &quot;13206.13 zł&quot;)" computerName="DESKTOP-5URQ9PB" duration="00:00:00.0000136" startTime="2022-06-13T21:14:10.7538080+02:00" endTime="2022-06-13T21:14:10.7538084+02:00" testType="13cdc9d9-ddb5-4fa4-a97d-d965ccfc6d4b" outcome="Passed" testListId="8c84fa94-04c1-424b-9868-57a2d4851a1d" relativeResultsDirectory="774d0e7f-f3ee-4920-adf8-ed3258e088f4" />
    <UnitTestResult executionId="b2f6cc62-2203-4490-9912-d6f6dbf6339c" testId="c61ee3ae-8895-24a4-03be-5c9acbad429f" testName="xUnitTestProject.CurrencyHelperTests.FormatToStringTest1000(price: 20146.183073329827, expected: &quot;20146.18 zł&quot;)" computerName="DESKTOP-5URQ9PB" duration="00:00:00.0000081" startTime="2022-06-13T21:14:10.7914861+02:00" endTime="2022-06-13T21:14:10.7914862+02:00" testType="13cdc9d9-ddb5-4fa4-a97d-d965ccfc6d4b" outcome="Passed" testListId="8c84fa94-04c1-424b-9868-57a2d4851a1d" relativeResultsDirectory="b2f6cc62-2203-4490-9912-d6f6dbf6339c" />
    <UnitTestResult executionId="5d9750b2-95ce-47ce-a3dc-14c794cb082b" testId="7d53e462-1288-fbb2-1f6d-75cbd2a2eb44" testName="xUnitTestProject.CurrencyHelperTests.FormatToStringTest1000(price: 7004.710832051798, expected: &quot;7004.71 zł&quot;)" computerName="DESKTOP-5URQ9PB" duration="00:00:00.0000088" startTime="2022-06-13T21:14:10.7670621+02:00" endTime="2022-06-13T21:14:10.7670622+02:00" testType="13cdc9d9-ddb5-4fa4-a97d-d965ccfc6d4b" outcome="Passed" testListId="8c84fa94-04c1-424b-9868-57a2d4851a1d" relativeResultsDirectory="5d9750b2-95ce-47ce-a3dc-14c794cb082b" />
    <UnitTestResult executionId="f557d0e7-554d-4d74-acf3-a1be5010f69e" testId="6741f227-11b2-eae5-6fc9-c96d18a30eb3" testName="xUnitTestProject.CurrencyHelperTests.FormatToStringTest1000(price: 964.9678631783313, expected: &quot;964.97 zł&quot;)" computerName="DESKTOP-5URQ9PB" duration="00:00:00.0000093" startTime="2022-06-13T21:14:10.7495301+02:00" endTime="2022-06-13T21:14:10.7495303+02:00" testType="13cdc9d9-ddb5-4fa4-a97d-d965ccfc6d4b" outcome="Passed" testListId="8c84fa94-04c1-424b-9868-57a2d4851a1d" relativeResultsDirectory="f557d0e7-554d-4d74-acf3-a1be5010f69e" />
    <UnitTestResult executionId="076715ae-6c25-4cb7-8cf4-ef105f5c78cb" testId="9e92a3ef-f628-77f3-597e-ab6211795c33" testName="xUnitTestProject.CurrencyHelperTests.FormatToStringTest1000(price: 17845.255864087147, expected: &quot;17845.26 zł&quot;)" computerName="DESKTOP-5URQ9PB" duration="00:00:00.0000041" startTime="2022-06-13T21:14:10.7413851+02:00" endTime="2022-06-13T21:14:10.7413853+02:00" testType="13cdc9d9-ddb5-4fa4-a97d-d965ccfc6d4b" outcome="Passed" testListId="8c84fa94-04c1-424b-9868-57a2d4851a1d" relativeResultsDirectory="076715ae-6c25-4cb7-8cf4-ef105f5c78cb" />
    <UnitTestResult executionId="b5fdd344-3873-433a-8e14-d41169dff376" testId="5c2754e4-1c80-78fc-5cc7-dfd05e800cc5" testName="xUnitTestProject.CurrencyHelperTests.FormatToStringTest1000(price: 20237.28532723723, expected: &quot;20237.29 zł&quot;)" computerName="DESKTOP-5URQ9PB" duration="00:00:00.0000041" startTime="2022-06-13T21:14:10.7146673+02:00" endTime="2022-06-13T21:14:10.7146677+02:00" testType="13cdc9d9-ddb5-4fa4-a97d-d965ccfc6d4b" outcome="Passed" testListId="8c84fa94-04c1-424b-9868-57a2d4851a1d" relativeResultsDirectory="b5fdd344-3873-433a-8e14-d41169dff376" />
    <UnitTestResult executionId="988262c8-671b-4c2c-9d1e-4710a4b92bb0" testId="900eea81-caf7-4e0f-b129-22c2df2135b0" testName="xUnitTestProject.CurrencyHelperTests.FormatToStringTest1000(price: 44065.726815678056, expected: &quot;44065.73 zł&quot;)" computerName="DESKTOP-5URQ9PB" duration="00:00:00.0000081" startTime="2022-06-13T21:14:10.7608886+02:00" endTime="2022-06-13T21:14:10.7608888+02:00" testType="13cdc9d9-ddb5-4fa4-a97d-d965ccfc6d4b" outcome="Passed" testListId="8c84fa94-04c1-424b-9868-57a2d4851a1d" relativeResultsDirectory="988262c8-671b-4c2c-9d1e-4710a4b92bb0" />
    <UnitTestResult executionId="cc85ebc2-e477-4096-b758-651b3d11de53" testId="ba6a31a5-f6b4-cabf-4787-f1e219c63249" testName="xUnitTestProject.CurrencyHelperTests.FormatToStringTest1000(price: 60299.23738666309, expected: &quot;60299.24 zł&quot;)" computerName="DESKTOP-5URQ9PB" duration="00:00:00.0000083" startTime="2022-06-13T21:14:10.7751986+02:00" endTime="2022-06-13T21:14:10.7751990+02:00" testType="13cdc9d9-ddb5-4fa4-a97d-d965ccfc6d4b" outcome="Passed" testListId="8c84fa94-04c1-424b-9868-57a2d4851a1d" relativeResultsDirectory="cc85ebc2-e477-4096-b758-651b3d11de53" />
    <UnitTestResult executionId="7092d8a7-0359-47ad-867d-032931974caf" testId="55a64d0e-8de2-b5b6-7b28-338aaabcb504" testName="xUnitTestProject.CurrencyHelperTests.FormatToStringTest1000(price: 31622.81414407809, expected: &quot;31622.81 zł&quot;)" computerName="DESKTOP-5URQ9PB" duration="00:00:00.0000074" startTime="2022-06-13T21:14:10.7774429+02:00" endTime="2022-06-13T21:14:10.7774433+02:00" testType="13cdc9d9-ddb5-4fa4-a97d-d965ccfc6d4b" outcome="Passed" testListId="8c84fa94-04c1-424b-9868-57a2d4851a1d" relativeResultsDirectory="7092d8a7-0359-47ad-867d-032931974caf" />
    <UnitTestResult executionId="f880d4f5-a111-4295-a7c0-22210685ed93" testId="123932a6-c3cf-7fb9-5ef5-34297fb3a837" testName="xUnitTestProject.CurrencyHelperTests.FormatToStringTest1000(price: 68770.73008707525, expected: &quot;68770.73 zł&quot;)" computerName="DESKTOP-5URQ9PB" duration="00:00:00.0000081" startTime="2022-06-13T21:14:10.7516551+02:00" endTime="2022-06-13T21:14:10.7516553+02:00" testType="13cdc9d9-ddb5-4fa4-a97d-d965ccfc6d4b" outcome="Passed" testListId="8c84fa94-04c1-424b-9868-57a2d4851a1d" relativeResultsDirectory="f880d4f5-a111-4295-a7c0-22210685ed93" />
    <UnitTestResult executionId="64331216-a88c-44d6-8c74-6ebb167a482c" testId="0a2dd6c8-dd3b-c34c-d236-39c95cee3b33" testName="xUnitTestProject.CurrencyHelperTests.FormatToStringTest1000(price: 30138.55109863102, expected: &quot;30138.55 zł&quot;)" computerName="DESKTOP-5URQ9PB" duration="00:00:00.0000041" startTime="2022-06-13T21:14:10.7426524+02:00" endTime="2022-06-13T21:14:10.7426526+02:00" testType="13cdc9d9-ddb5-4fa4-a97d-d965ccfc6d4b" outcome="Passed" testListId="8c84fa94-04c1-424b-9868-57a2d4851a1d" relativeResultsDirectory="64331216-a88c-44d6-8c74-6ebb167a482c" />
    <UnitTestResult executionId="140b622b-ffcd-4f17-9463-eb348b683e0b" testId="e9fa372e-14d7-79bd-7239-c4f5919adecb" testName="xUnitTestProject.CurrencyHelperTests.FormatToStringTest1000(price: 16037.01783290087, expected: &quot;16037.02 zł&quot;)" computerName="DESKTOP-5URQ9PB" duration="00:00:00.0000080" startTime="2022-06-13T21:14:10.7471494+02:00" endTime="2022-06-13T21:14:10.7471496+02:00" testType="13cdc9d9-ddb5-4fa4-a97d-d965ccfc6d4b" outcome="Passed" testListId="8c84fa94-04c1-424b-9868-57a2d4851a1d" relativeResultsDirectory="140b622b-ffcd-4f17-9463-eb348b683e0b" />
    <UnitTestResult executionId="5b214d63-b38b-444b-aaaf-58b1a360a461" testId="d9021346-4b7d-e467-848a-6a660c41636c" testName="xUnitTestProject.CurrencyHelperTests.FormatToStringTest1000(price: 22153.282278674324, expected: &quot;22153.28 zł&quot;)" computerName="DESKTOP-5URQ9PB" duration="00:00:00.0000052" startTime="2022-06-13T21:14:10.7085791+02:00" endTime="2022-06-13T21:14:10.7085795+02:00" testType="13cdc9d9-ddb5-4fa4-a97d-d965ccfc6d4b" outcome="Passed" testListId="8c84fa94-04c1-424b-9868-57a2d4851a1d" relativeResultsDirectory="5b214d63-b38b-444b-aaaf-58b1a360a461" />
    <UnitTestResult executionId="40b6e06e-0df2-42df-bace-082d06eecb8c" testId="6e911663-e259-5040-7b6f-54c63fac8b3c" testName="xUnitTestProject.CurrencyHelperTests.FormatToStringTest1000(price: 11157.981051815665, expected: &quot;11157.98 zł&quot;)" computerName="DESKTOP-5URQ9PB" duration="00:00:00.0000081" startTime="2022-06-13T21:14:10.7572716+02:00" endTime="2022-06-13T21:14:10.7572718+02:00" testType="13cdc9d9-ddb5-4fa4-a97d-d965ccfc6d4b" outcome="Passed" testListId="8c84fa94-04c1-424b-9868-57a2d4851a1d" relativeResultsDirectory="40b6e06e-0df2-42df-bace-082d06eecb8c" />
    <UnitTestResult executionId="f96bc470-5fa4-411d-aa7f-a9aecb54024c" testId="c83faa4e-9cfa-b743-e7ea-a4956027273b" testName="xUnitTestProject.CurrencyHelperTests.FormatToStringTest1000(price: 10965.74607995746, expected: &quot;10965.75 zł&quot;)" computerName="DESKTOP-5URQ9PB" duration="00:00:00.0000088" startTime="2022-06-13T21:14:10.7538904+02:00" endTime="2022-06-13T21:14:10.7538905+02:00" testType="13cdc9d9-ddb5-4fa4-a97d-d965ccfc6d4b" outcome="Passed" testListId="8c84fa94-04c1-424b-9868-57a2d4851a1d" relativeResultsDirectory="f96bc470-5fa4-411d-aa7f-a9aecb54024c" />
    <UnitTestResult executionId="30e5fdfb-96e3-4b83-8892-7e0afecc71f1" testId="ffe61818-02d5-371a-a7be-23a9f86c9cc7" testName="xUnitTestProject.CurrencyHelperTests.FormatToStringTest1000(price: 8802.811382028653, expected: &quot;8802.81 zł&quot;)" computerName="DESKTOP-5URQ9PB" duration="00:00:00.0000068" startTime="2022-06-13T21:14:10.7658096+02:00" endTime="2022-06-13T21:14:10.7658098+02:00" testType="13cdc9d9-ddb5-4fa4-a97d-d965ccfc6d4b" outcome="Passed" testListId="8c84fa94-04c1-424b-9868-57a2d4851a1d" relativeResultsDirectory="30e5fdfb-96e3-4b83-8892-7e0afecc71f1" />
    <UnitTestResult executionId="6abafb16-9b15-400f-aced-e9b08b470f5b" testId="4753ba69-a929-b55c-7853-51519ca51301" testName="xUnitTestProject.CurrencyHelperTests.FormatToStringTest1000(price: 26215.613055301183, expected: &quot;26215.61 zł&quot;)" computerName="DESKTOP-5URQ9PB" duration="00:00:00.0000086" startTime="2022-06-13T21:14:10.7883450+02:00" endTime="2022-06-13T21:14:10.7883452+02:00" testType="13cdc9d9-ddb5-4fa4-a97d-d965ccfc6d4b" outcome="Passed" testListId="8c84fa94-04c1-424b-9868-57a2d4851a1d" relativeResultsDirectory="6abafb16-9b15-400f-aced-e9b08b470f5b" />
    <UnitTestResult executionId="1cf10d0b-562c-4592-8650-14c9d366bcdf" testId="f51f29d9-e43f-bc49-2068-6f7ccdbadb29" testName="xUnitTestProject.CurrencyHelperTests.FormatToStringTest1000(price: 21753.84773194969, expected: &quot;21753.85 zł&quot;)" computerName="DESKTOP-5URQ9PB" duration="00:00:00.0000071" startTime="2022-06-13T21:14:10.7973944+02:00" endTime="2022-06-13T21:14:10.7973946+02:00" testType="13cdc9d9-ddb5-4fa4-a97d-d965ccfc6d4b" outcome="Passed" testListId="8c84fa94-04c1-424b-9868-57a2d4851a1d" relativeResultsDirectory="1cf10d0b-562c-4592-8650-14c9d366bcdf" />
    <UnitTestResult executionId="b659bb9c-3c71-44b3-b97c-7cc12b129323" testId="2f6b6911-3bf0-1f4d-b85f-0561bbc969cd" testName="xUnitTestProject.CurrencyHelperTests.FormatToStringTest1000(price: 8095.485677032492, expected: &quot;8095.49 zł&quot;)" computerName="DESKTOP-5URQ9PB" duration="00:00:00.0000041" startTime="2022-06-13T21:14:10.6881491+02:00" endTime="2022-06-13T21:14:10.6881492+02:00" testType="13cdc9d9-ddb5-4fa4-a97d-d965ccfc6d4b" outcome="Passed" testListId="8c84fa94-04c1-424b-9868-57a2d4851a1d" relativeResultsDirectory="b659bb9c-3c71-44b3-b97c-7cc12b129323" />
    <UnitTestResult executionId="87d6d9f3-95ab-47cb-b167-0c5e118dd3d7" testId="dd6f82bf-ec98-4f3e-74b1-00844a5994bf" testName="xUnitTestProject.CurrencyHelperTests.FormatToStringTest1000(price: 3431.864349926759, expected: &quot;3431.86 zł&quot;)" computerName="DESKTOP-5URQ9PB" duration="00:00:00.0000079" startTime="2022-06-13T21:14:10.7528618+02:00" endTime="2022-06-13T21:14:10.7528619+02:00" testType="13cdc9d9-ddb5-4fa4-a97d-d965ccfc6d4b" outcome="Passed" testListId="8c84fa94-04c1-424b-9868-57a2d4851a1d" relativeResultsDirectory="87d6d9f3-95ab-47cb-b167-0c5e118dd3d7" />
    <UnitTestResult executionId="e14b2c97-9b99-461f-a9b5-85e5bf3ade03" testId="836d8767-01df-4e15-8567-247721a23e4e" testName="xUnitTestProject.CurrencyHelperTests.FormatToStringTest1000(price: 591.2110872302256, expected: &quot;591.21 zł&quot;)" computerName="DESKTOP-5URQ9PB" duration="00:00:00.0000044" startTime="2022-06-13T21:14:10.6946586+02:00" endTime="2022-06-13T21:14:10.6946587+02:00" testType="13cdc9d9-ddb5-4fa4-a97d-d965ccfc6d4b" outcome="Passed" testListId="8c84fa94-04c1-424b-9868-57a2d4851a1d" relativeResultsDirectory="e14b2c97-9b99-461f-a9b5-85e5bf3ade03" />
    <UnitTestResult executionId="4ec00db7-7436-4419-a071-760200fe9c0c" testId="ecb76390-c6f7-bfa0-1a99-45634c606ddc" testName="xUnitTestProject.CurrencyHelperTests.FormatToStringTest1000(price: 35248.53555717996, expected: &quot;35248.54 zł&quot;)" computerName="DESKTOP-5URQ9PB" duration="00:00:00.0000043" startTime="2022-06-13T21:14:10.6902063+02:00" endTime="2022-06-13T21:14:10.6902067+02:00" testType="13cdc9d9-ddb5-4fa4-a97d-d965ccfc6d4b" outcome="Passed" testListId="8c84fa94-04c1-424b-9868-57a2d4851a1d" relativeResultsDirectory="4ec00db7-7436-4419-a071-760200fe9c0c" />
    <UnitTestResult executionId="3b143f9f-eff2-4df9-ac4d-960c7dbeac4e" testId="f03f6860-12a5-6960-814c-3c29d5bd5d06" testName="xUnitTestProject.CurrencyHelperTests.FormatToStringTest1000(price: 17875.613377604455, expected: &quot;17875.61 zł&quot;)" computerName="DESKTOP-5URQ9PB" duration="00:00:00.0000044" startTime="2022-06-13T21:14:10.6753950+02:00" endTime="2022-06-13T21:14:10.6753951+02:00" testType="13cdc9d9-ddb5-4fa4-a97d-d965ccfc6d4b" outcome="Passed" testListId="8c84fa94-04c1-424b-9868-57a2d4851a1d" relativeResultsDirectory="3b143f9f-eff2-4df9-ac4d-960c7dbeac4e" />
    <UnitTestResult executionId="1fdf1b7a-bc0c-4189-9b15-2b624394633b" testId="11e8e2ed-c8a3-dabc-7293-c381795c9796" testName="xUnitTestProject.CurrencyHelperTests.FormatToStringTest1000(price: 46590.9609819562, expected: &quot;46590.96 zł&quot;)" computerName="DESKTOP-5URQ9PB" duration="00:00:00.0000079" startTime="2022-06-13T21:14:10.7492191+02:00" endTime="2022-06-13T21:14:10.7492195+02:00" testType="13cdc9d9-ddb5-4fa4-a97d-d965ccfc6d4b" outcome="Passed" testListId="8c84fa94-04c1-424b-9868-57a2d4851a1d" relativeResultsDirectory="1fdf1b7a-bc0c-4189-9b15-2b624394633b" />
    <UnitTestResult executionId="94b093b4-633d-4bdc-ad75-93e82790f565" testId="c9fc2c85-cd6b-22aa-0e63-9afbfb8c152b" testName="xUnitTestProject.CurrencyHelperTests.FormatToStringTest1000(price: 835.1578487740633, expected: &quot;835.16 zł&quot;)" computerName="DESKTOP-5URQ9PB" duration="00:00:00.0000043" startTime="2022-06-13T21:14:10.7413464+02:00" endTime="2022-06-13T21:14:10.7413466+02:00" testType="13cdc9d9-ddb5-4fa4-a97d-d965ccfc6d4b" outcome="Passed" testListId="8c84fa94-04c1-424b-9868-57a2d4851a1d" relativeResultsDirectory="94b093b4-633d-4bdc-ad75-93e82790f565" />
    <UnitTestResult executionId="2ba83950-cce9-478c-ac42-4f87a6717cf6" testId="d256d95f-79c2-283f-fe67-61aaa54d0e1b" testName="xUnitTestProject.CurrencyHelperTests.FormatToStringTest1000(price: 4648.492795337221, expected: &quot;4648.49 zł&quot;)" computerName="DESKTOP-5URQ9PB" duration="00:00:00.0000041" startTime="2022-06-13T21:14:10.7367401+02:00" endTime="2022-06-13T21:14:10.7367402+02:00" testType="13cdc9d9-ddb5-4fa4-a97d-d965ccfc6d4b" outcome="Passed" testListId="8c84fa94-04c1-424b-9868-57a2d4851a1d" relativeResultsDirectory="2ba83950-cce9-478c-ac42-4f87a6717cf6" />
    <UnitTestResult executionId="bbeac3e2-b104-49fd-a6a6-4a40307aef8a" testId="7e545621-7d10-75d6-0eb9-82dda8912c2c" testName="xUnitTestProject.CurrencyHelperTests.FormatToStringTest1000(price: 34060.48467268724, expected: &quot;34060.48 zł&quot;)" computerName="DESKTOP-5URQ9PB" duration="00:00:00.0000045" startTime="2022-06-13T21:14:10.7376514+02:00" endTime="2022-06-13T21:14:10.7376519+02:00" testType="13cdc9d9-ddb5-4fa4-a97d-d965ccfc6d4b" outcome="Passed" testListId="8c84fa94-04c1-424b-9868-57a2d4851a1d" relativeResultsDirectory="bbeac3e2-b104-49fd-a6a6-4a40307aef8a" />
    <UnitTestResult executionId="c4e8fa5a-0a83-4e69-82fe-2292060c778a" testId="6b6f1069-86c1-e08a-6926-d89a012b7b47" testName="xUnitTestProject.CurrencyHelperTests.FormatToStringTest1000(price: 17315.72309779363, expected: &quot;17315.72 zł&quot;)" computerName="DESKTOP-5URQ9PB" duration="00:00:00.0000041" startTime="2022-06-13T21:14:10.7376958+02:00" endTime="2022-06-13T21:14:10.7376960+02:00" testType="13cdc9d9-ddb5-4fa4-a97d-d965ccfc6d4b" outcome="Passed" testListId="8c84fa94-04c1-424b-9868-57a2d4851a1d" relativeResultsDirectory="c4e8fa5a-0a83-4e69-82fe-2292060c778a" />
    <UnitTestResult executionId="f0808b21-e90b-40a2-96fe-2d5b23e2994d" testId="a9c621d8-eb9e-3cd1-2b29-ed69514bad1f" testName="xUnitTestProject.CurrencyHelperTests.FormatToStringTest1000(price: 28080.92507087669, expected: &quot;28080.93 zł&quot;)" computerName="DESKTOP-5URQ9PB" duration="00:00:00.0000043" startTime="2022-06-13T21:14:10.6829265+02:00" endTime="2022-06-13T21:14:10.6829267+02:00" testType="13cdc9d9-ddb5-4fa4-a97d-d965ccfc6d4b" outcome="Passed" testListId="8c84fa94-04c1-424b-9868-57a2d4851a1d" relativeResultsDirectory="f0808b21-e90b-40a2-96fe-2d5b23e2994d" />
    <UnitTestResult executionId="2f0ae6b7-5eb7-4dc1-bff3-2d6c54ef29ec" testId="49539e03-80f3-85f0-9c28-9ba645507120" testName="xUnitTestProject.CurrencyHelperTests.FormatToStringTest1000(price: 653.4647999170537, expected: &quot;653.46 zł&quot;)" computerName="DESKTOP-5URQ9PB" duration="00:00:00.0000040" startTime="2022-06-13T21:14:10.7281039+02:00" endTime="2022-06-13T21:14:10.7281041+02:00" testType="13cdc9d9-ddb5-4fa4-a97d-d965ccfc6d4b" outcome="Passed" testListId="8c84fa94-04c1-424b-9868-57a2d4851a1d" relativeResultsDirectory="2f0ae6b7-5eb7-4dc1-bff3-2d6c54ef29ec" />
    <UnitTestResult executionId="93fda115-c14a-485f-a251-a432a7484f32" testId="91970791-479f-53e8-256c-76fb4b85cf1d" testName="xUnitTestProject.CurrencyHelperTests.FormatToStringTest1000(price: 36651.05802063414, expected: &quot;36651.06 zł&quot;)" computerName="DESKTOP-5URQ9PB" duration="00:00:00.0000088" startTime="2022-06-13T21:14:10.7796696+02:00" endTime="2022-06-13T21:14:10.7796697+02:00" testType="13cdc9d9-ddb5-4fa4-a97d-d965ccfc6d4b" outcome="Passed" testListId="8c84fa94-04c1-424b-9868-57a2d4851a1d" relativeResultsDirectory="93fda115-c14a-485f-a251-a432a7484f32" />
    <UnitTestResult executionId="bc333422-8978-4c6b-88ab-ba31c678b9e9" testId="4ef75591-ffb4-d566-94c9-bda5f50552b9" testName="xUnitTestProject.CurrencyHelperTests.FormatToStringTest1000(price: 17000.070169619317, expected: &quot;17000.07 zł&quot;)" computerName="DESKTOP-5URQ9PB" duration="00:00:00.0000090" startTime="2022-06-13T21:14:10.7472730+02:00" endTime="2022-06-13T21:14:10.7472731+02:00" testType="13cdc9d9-ddb5-4fa4-a97d-d965ccfc6d4b" outcome="Passed" testListId="8c84fa94-04c1-424b-9868-57a2d4851a1d" relativeResultsDirectory="bc333422-8978-4c6b-88ab-ba31c678b9e9" />
    <UnitTestResult executionId="035c0408-ce95-45a7-ab60-c4513ccc9116" testId="a32f3872-61d2-3bb4-5952-f9f7fd09a236" testName="xUnitTestProject.CurrencyHelperTests.FormatToStringTest1000(price: 41873.517751020154, expected: &quot;41873.52 zł&quot;)" computerName="DESKTOP-5URQ9PB" duration="00:00:00.0000041" startTime="2022-06-13T21:14:10.6786865+02:00" endTime="2022-06-13T21:14:10.6786866+02:00" testType="13cdc9d9-ddb5-4fa4-a97d-d965ccfc6d4b" outcome="Passed" testListId="8c84fa94-04c1-424b-9868-57a2d4851a1d" relativeResultsDirectory="035c0408-ce95-45a7-ab60-c4513ccc9116" />
    <UnitTestResult executionId="86d73e63-bcaa-4f3b-a284-7f6b7d9f7505" testId="042cc95e-2b44-fa19-b576-f75093af4b96" testName="xUnitTestProject.CurrencyHelperTests.FormatToStringTest1000(price: 30320.450517486992, expected: &quot;30320.45 zł&quot;)" computerName="DESKTOP-5URQ9PB" duration="00:00:00.0000041" startTime="2022-06-13T21:14:10.6805387+02:00" endTime="2022-06-13T21:14:10.6805390+02:00" testType="13cdc9d9-ddb5-4fa4-a97d-d965ccfc6d4b" outcome="Passed" testListId="8c84fa94-04c1-424b-9868-57a2d4851a1d" relativeResultsDirectory="86d73e63-bcaa-4f3b-a284-7f6b7d9f7505" />
    <UnitTestResult executionId="8208bf57-37b1-49aa-9b5d-c94bb20a3495" testId="0fab285a-bfbc-a49a-b095-2b979efe33e8" testName="xUnitTestProject.CurrencyHelperTests.FormatToStringTest1000(price: 8582.709131852587, expected: &quot;8582.71 zł&quot;)" computerName="DESKTOP-5URQ9PB" duration="00:00:00.0000049" startTime="2022-06-13T21:14:10.6807237+02:00" endTime="2022-06-13T21:14:10.6807239+02:00" testType="13cdc9d9-ddb5-4fa4-a97d-d965ccfc6d4b" outcome="Passed" testListId="8c84fa94-04c1-424b-9868-57a2d4851a1d" relativeResultsDirectory="8208bf57-37b1-49aa-9b5d-c94bb20a3495" />
    <UnitTestResult executionId="d20d0176-2297-4bfb-9d24-ae7dc0d5feb5" testId="71b5be91-6e3e-5890-08ca-57e68e3990bc" testName="xUnitTestProject.CurrencyHelperTests.FormatToStringTest1000(price: 46607.970025941715, expected: &quot;46607.97 zł&quot;)" computerName="DESKTOP-5URQ9PB" duration="00:00:00.0000043" startTime="2022-06-13T21:14:10.7446882+02:00" endTime="2022-06-13T21:14:10.7446887+02:00" testType="13cdc9d9-ddb5-4fa4-a97d-d965ccfc6d4b" outcome="Passed" testListId="8c84fa94-04c1-424b-9868-57a2d4851a1d" relativeResultsDirectory="d20d0176-2297-4bfb-9d24-ae7dc0d5feb5" />
    <UnitTestResult executionId="371f37dd-55a8-4f83-8a11-22e02b86b76a" testId="13bfc4cd-00bc-fb12-3861-f69dc4145d67" testName="xUnitTestProject.CurrencyHelperTests.FormatToStringTest1000(price: 2929.267390865026, expected: &quot;2929.27 zł&quot;)" computerName="DESKTOP-5URQ9PB" duration="00:00:00.0000041" startTime="2022-06-13T21:14:10.7343623+02:00" endTime="2022-06-13T21:14:10.7343625+02:00" testType="13cdc9d9-ddb5-4fa4-a97d-d965ccfc6d4b" outcome="Passed" testListId="8c84fa94-04c1-424b-9868-57a2d4851a1d" relativeResultsDirectory="371f37dd-55a8-4f83-8a11-22e02b86b76a" />
    <UnitTestResult executionId="9fae61c7-74bc-4ccf-a3e7-d283879c9212" testId="8f731e1d-d266-da92-7f8a-593d1a2e36d6" testName="xUnitTestProject.CurrencyHelperTests.FormatToStringTest1000(price: 19006.315459580772, expected: &quot;19006.32 zł&quot;)" computerName="DESKTOP-5URQ9PB" duration="00:00:00.0000081" startTime="2022-06-13T21:14:10.7585915+02:00" endTime="2022-06-13T21:14:10.7585916+02:00" testType="13cdc9d9-ddb5-4fa4-a97d-d965ccfc6d4b" outcome="Passed" testListId="8c84fa94-04c1-424b-9868-57a2d4851a1d" relativeResultsDirectory="9fae61c7-74bc-4ccf-a3e7-d283879c9212" />
    <UnitTestResult executionId="f3c85817-f272-4092-a2f2-e9e077fde892" testId="37e53818-7fa5-17d7-012c-004f89325673" testName="xUnitTestProject.CurrencyHelperTests.FormatToStringTest1000(price: 6213.265206352466, expected: &quot;6213.27 zł&quot;)" computerName="DESKTOP-5URQ9PB" duration="00:00:00.0000081" startTime="2022-06-13T21:14:10.7694513+02:00" endTime="2022-06-13T21:14:10.7694515+02:00" testType="13cdc9d9-ddb5-4fa4-a97d-d965ccfc6d4b" outcome="Passed" testListId="8c84fa94-04c1-424b-9868-57a2d4851a1d" relativeResultsDirectory="f3c85817-f272-4092-a2f2-e9e077fde892" />
    <UnitTestResult executionId="272aeea4-15cc-42ec-965b-b7fd7b5f81fa" testId="650f8125-7e62-0be3-dcfc-dc1202eb9625" testName="xUnitTestProject.CurrencyHelperTests.FormatToStringTest1000(price: 55303.17220895699, expected: &quot;55303.17 zł&quot;)" computerName="DESKTOP-5URQ9PB" duration="00:00:00.0000041" startTime="2022-06-13T21:14:10.6872211+02:00" endTime="2022-06-13T21:14:10.6872213+02:00" testType="13cdc9d9-ddb5-4fa4-a97d-d965ccfc6d4b" outcome="Passed" testListId="8c84fa94-04c1-424b-9868-57a2d4851a1d" relativeResultsDirectory="272aeea4-15cc-42ec-965b-b7fd7b5f81fa" />
    <UnitTestResult executionId="37555e69-f89d-49f7-a799-320f9f220b0b" testId="c6af2688-b6d7-1499-ef57-908aefcce6dc" testName="xUnitTestProject.CurrencyHelperTests.FormatToStringTest1000(price: 37561.969571757116, expected: &quot;37561.97 zł&quot;)" computerName="DESKTOP-5URQ9PB" duration="00:00:00.0000041" startTime="2022-06-13T21:14:10.6861024+02:00" endTime="2022-06-13T21:14:10.6861025+02:00" testType="13cdc9d9-ddb5-4fa4-a97d-d965ccfc6d4b" outcome="Passed" testListId="8c84fa94-04c1-424b-9868-57a2d4851a1d" relativeResultsDirectory="37555e69-f89d-49f7-a799-320f9f220b0b" />
    <UnitTestResult executionId="ba59b111-62c2-48ac-9f62-e08a196c7611" testId="2816ac64-5eac-8f30-91ba-bdceffb7dd71" testName="xUnitTestProject.CurrencyHelperTests.FormatToStringTest1000(price: 48684.26840475959, expected: &quot;48684.27 zł&quot;)" computerName="DESKTOP-5URQ9PB" duration="00:00:00.0000041" startTime="2022-06-13T21:14:10.7387839+02:00" endTime="2022-06-13T21:14:10.7387843+02:00" testType="13cdc9d9-ddb5-4fa4-a97d-d965ccfc6d4b" outcome="Passed" testListId="8c84fa94-04c1-424b-9868-57a2d4851a1d" relativeResultsDirectory="ba59b111-62c2-48ac-9f62-e08a196c7611" />
    <UnitTestResult executionId="1c305b06-753e-463f-8bcf-b157dca0d11a" testId="0fb54a08-345f-ee29-01d6-61a60fb47ced" testName="xUnitTestProject.CurrencyHelperTests.FormatToStringTest1000(price: 14712.754747761765, expected: &quot;14712.75 zł&quot;)" computerName="DESKTOP-5URQ9PB" duration="00:00:00.0000041" startTime="2022-06-13T21:14:10.7176556+02:00" endTime="2022-06-13T21:14:10.7176560+02:00" testType="13cdc9d9-ddb5-4fa4-a97d-d965ccfc6d4b" outcome="Passed" testListId="8c84fa94-04c1-424b-9868-57a2d4851a1d" relativeResultsDirectory="1c305b06-753e-463f-8bcf-b157dca0d11a" />
    <UnitTestResult executionId="881d2e52-cba8-48c6-8392-81f545404e87" testId="0c859aba-4f30-51d2-a318-7300b0569a9b" testName="xUnitTestProject.CurrencyHelperTests.FormatToStringTest1000(price: 52020.805412759444, expected: &quot;52020.81 zł&quot;)" computerName="DESKTOP-5URQ9PB" duration="00:00:00.0000048" startTime="2022-06-13T21:14:10.7436401+02:00" endTime="2022-06-13T21:14:10.7436403+02:00" testType="13cdc9d9-ddb5-4fa4-a97d-d965ccfc6d4b" outcome="Passed" testListId="8c84fa94-04c1-424b-9868-57a2d4851a1d" relativeResultsDirectory="881d2e52-cba8-48c6-8392-81f545404e87" />
    <UnitTestResult executionId="271b4d86-7270-466f-a3b4-b45888f826b2" testId="0751b11b-a6a8-a4ef-30e1-f910838570cb" testName="xUnitTestProject.CurrencyHelperTests.FormatToStringTest1000(price: 20752.33758466334, expected: &quot;20752.34 zł&quot;)" computerName="DESKTOP-5URQ9PB" duration="00:00:00.0000078" startTime="2022-06-13T21:14:10.7835391+02:00" endTime="2022-06-13T21:14:10.7835393+02:00" testType="13cdc9d9-ddb5-4fa4-a97d-d965ccfc6d4b" outcome="Passed" testListId="8c84fa94-04c1-424b-9868-57a2d4851a1d" relativeResultsDirectory="271b4d86-7270-466f-a3b4-b45888f826b2" />
    <UnitTestResult executionId="ddfdf59f-8a9a-4373-ac30-2813c34fbbf2" testId="c9010c04-7ef0-ce4b-7d42-778e915f5883" testName="xUnitTestProject.CurrencyHelperTests.FormatToStringTest1000(price: 31300.40752580967, expected: &quot;31300.41 zł&quot;)" computerName="DESKTOP-5URQ9PB" duration="00:00:00.0000056" startTime="2022-06-13T21:14:10.7330610+02:00" endTime="2022-06-13T21:14:10.7330612+02:00" testType="13cdc9d9-ddb5-4fa4-a97d-d965ccfc6d4b" outcome="Passed" testListId="8c84fa94-04c1-424b-9868-57a2d4851a1d" relativeResultsDirectory="ddfdf59f-8a9a-4373-ac30-2813c34fbbf2" />
    <UnitTestResult executionId="baf4b513-9ba7-4026-92d2-82d7a11699ee" testId="6517f205-88c6-f2fb-89fe-a931711e4343" testName="xUnitTestProject.CurrencyHelperTests.FormatToStringTest1000(price: 4116.417580192638, expected: &quot;4116.42 zł&quot;)" computerName="DESKTOP-5URQ9PB" duration="00:00:00.0000083" startTime="2022-06-13T21:14:10.7563210+02:00" endTime="2022-06-13T21:14:10.7563211+02:00" testType="13cdc9d9-ddb5-4fa4-a97d-d965ccfc6d4b" outcome="Passed" testListId="8c84fa94-04c1-424b-9868-57a2d4851a1d" relativeResultsDirectory="baf4b513-9ba7-4026-92d2-82d7a11699ee" />
    <UnitTestResult executionId="4c6a0436-46c2-4734-a58d-909d9732ca05" testId="156f5ebd-8a60-46f3-8ac8-18455127849a" testName="xUnitTestProject.CurrencyHelperTests.FormatToStringTest1000(price: 33601.357302459124, expected: &quot;33601.36 zł&quot;)" computerName="DESKTOP-5URQ9PB" duration="00:00:00.0000083" startTime="2022-06-13T21:14:10.7549881+02:00" endTime="2022-06-13T21:14:10.7549883+02:00" testType="13cdc9d9-ddb5-4fa4-a97d-d965ccfc6d4b" outcome="Passed" testListId="8c84fa94-04c1-424b-9868-57a2d4851a1d" relativeResultsDirectory="4c6a0436-46c2-4734-a58d-909d9732ca05" />
    <UnitTestResult executionId="0069f474-4d6c-4419-bd57-2032751ac580" testId="72e1721e-ca6c-63c9-59ef-8aef6ff15353" testName="xUnitTestProject.CurrencyHelperTests.FormatToStringTest1000(price: 13541.45472935096, expected: &quot;13541.45 zł&quot;)" computerName="DESKTOP-5URQ9PB" duration="00:00:00.0000041" startTime="2022-06-13T21:14:10.7186276+02:00" endTime="2022-06-13T21:14:10.7186279+02:00" testType="13cdc9d9-ddb5-4fa4-a97d-d965ccfc6d4b" outcome="Passed" testListId="8c84fa94-04c1-424b-9868-57a2d4851a1d" relativeResultsDirectory="0069f474-4d6c-4419-bd57-2032751ac580" />
    <UnitTestResult executionId="4c5b27dc-2b65-49d3-b22b-2d47a4c9b6a9" testId="bafd99e7-ca41-5985-0fa2-b8c4e8f1fc8c" testName="xUnitTestProject.CurrencyHelperTests.FormatToStringTest1000(price: 5591.2222540617095, expected: &quot;5591.22 zł&quot;)" computerName="DESKTOP-5URQ9PB" duration="00:00:00.0000072" startTime="2022-06-13T21:14:10.7560766+02:00" endTime="2022-06-13T21:14:10.7560769+02:00" testType="13cdc9d9-ddb5-4fa4-a97d-d965ccfc6d4b" outcome="Passed" testListId="8c84fa94-04c1-424b-9868-57a2d4851a1d" relativeResultsDirectory="4c5b27dc-2b65-49d3-b22b-2d47a4c9b6a9" />
    <UnitTestResult executionId="bb950f17-5cf5-426f-b748-e4493ebbec8f" testId="939e1c3f-3bc7-ec75-48fe-8501679b5ff4" testName="xUnitTestProject.CurrencyHelperTests.FormatToStringTest1000(price: 30199.386730006612, expected: &quot;30199.39 zł&quot;)" computerName="DESKTOP-5URQ9PB" duration="00:00:00.0000061" startTime="2022-06-13T21:14:10.7982533+02:00" endTime="2022-06-13T21:14:10.7982534+02:00" testType="13cdc9d9-ddb5-4fa4-a97d-d965ccfc6d4b" outcome="Passed" testListId="8c84fa94-04c1-424b-9868-57a2d4851a1d" relativeResultsDirectory="bb950f17-5cf5-426f-b748-e4493ebbec8f" />
    <UnitTestResult executionId="0dd69f47-bfba-44c0-a73b-1507771171a2" testId="954162af-ab17-e8a9-4ff5-8c9d29069f15" testName="xUnitTestProject.CurrencyHelperTests.FormatToStringTest1000(price: 16416.109736457518, expected: &quot;16416.11 zł&quot;)" computerName="DESKTOP-5URQ9PB" duration="00:00:00.0000078" startTime="2022-06-13T21:14:10.7620688+02:00" endTime="2022-06-13T21:14:10.7620690+02:00" testType="13cdc9d9-ddb5-4fa4-a97d-d965ccfc6d4b" outcome="Passed" testListId="8c84fa94-04c1-424b-9868-57a2d4851a1d" relativeResultsDirectory="0dd69f47-bfba-44c0-a73b-1507771171a2" />
    <UnitTestResult executionId="d000d84c-8d82-4daf-9772-865a1b024d84" testId="8ff84779-95f5-a8f9-809e-e568d86ada77" testName="xUnitTestProject.CurrencyHelperTests.FormatToStringTest1000(price: 26686.08488193065, expected: &quot;26686.08 zł&quot;)" computerName="DESKTOP-5URQ9PB" duration="00:00:00.0000087" startTime="2022-06-13T21:14:10.7682032+02:00" endTime="2022-06-13T21:14:10.7682034+02:00" testType="13cdc9d9-ddb5-4fa4-a97d-d965ccfc6d4b" outcome="Passed" testListId="8c84fa94-04c1-424b-9868-57a2d4851a1d" relativeResultsDirectory="d000d84c-8d82-4daf-9772-865a1b024d84" />
    <UnitTestResult executionId="284ed3e0-2a75-4c3c-ab66-303a3d4d9589" testId="1462a569-77b7-fa7d-0148-09ce9f2428e8" testName="xUnitTestProject.CurrencyHelperTests.FormatToStringTest1000(price: 19462.729986486367, expected: &quot;19462.73 zł&quot;)" computerName="DESKTOP-5URQ9PB" duration="00:00:00.0000072" startTime="2022-06-13T21:14:10.7844862+02:00" endTime="2022-06-13T21:14:10.7844864+02:00" testType="13cdc9d9-ddb5-4fa4-a97d-d965ccfc6d4b" outcome="Passed" testListId="8c84fa94-04c1-424b-9868-57a2d4851a1d" relativeResultsDirectory="284ed3e0-2a75-4c3c-ab66-303a3d4d9589" />
    <UnitTestResult executionId="006469ae-3dac-4833-a3be-dfdd5fd88d0f" testId="5de12653-1f5a-24cb-5ff2-99601694fb1f" testName="xUnitTestProject.CurrencyHelperTests.FormatToStringTest1000(price: 77919.64716867341, expected: &quot;77919.65 zł&quot;)" computerName="DESKTOP-5URQ9PB" duration="00:00:00.0000072" startTime="2022-06-13T21:14:10.7609714+02:00" endTime="2022-06-13T21:14:10.7609715+02:00" testType="13cdc9d9-ddb5-4fa4-a97d-d965ccfc6d4b" outcome="Passed" testListId="8c84fa94-04c1-424b-9868-57a2d4851a1d" relativeResultsDirectory="006469ae-3dac-4833-a3be-dfdd5fd88d0f" />
    <UnitTestResult executionId="79f8dc26-ec6f-4046-a851-5e0e545c58a8" testId="1385f442-8d64-2443-1088-0b70bf667165" testName="xUnitTestProject.CurrencyHelperTests.FormatToStringTest1000(price: 10461.455048841171, expected: &quot;10461.46 zł&quot;)" computerName="DESKTOP-5URQ9PB" duration="00:00:00.0000051" startTime="2022-06-13T21:14:10.6925481+02:00" endTime="2022-06-13T21:14:10.6925482+02:00" testType="13cdc9d9-ddb5-4fa4-a97d-d965ccfc6d4b" outcome="Passed" testListId="8c84fa94-04c1-424b-9868-57a2d4851a1d" relativeResultsDirectory="79f8dc26-ec6f-4046-a851-5e0e545c58a8" />
    <UnitTestResult executionId="2477d950-781b-47c5-b23c-b053ec38713d" testId="46947d50-5e18-dad2-e4a8-b6d0819ae97c" testName="xUnitTestProject.CurrencyHelperTests.FormatToStringTest1000(price: 7377.5644264340235, expected: &quot;7377.56 zł&quot;)" computerName="DESKTOP-5URQ9PB" duration="00:00:00.0000041" startTime="2022-06-13T21:14:10.7365871+02:00" endTime="2022-06-13T21:14:10.7365873+02:00" testType="13cdc9d9-ddb5-4fa4-a97d-d965ccfc6d4b" outcome="Passed" testListId="8c84fa94-04c1-424b-9868-57a2d4851a1d" relativeResultsDirectory="2477d950-781b-47c5-b23c-b053ec38713d" />
    <UnitTestResult executionId="30983c42-0a22-412e-9bc9-8a654592a6e8" testId="f406acd8-9b69-9411-bf61-2d74f259f69e" testName="xUnitTestProject.CurrencyHelperTests.FormatToStringTest1000(price: 11430.666613002619, expected: &quot;11430.67 zł&quot;)" computerName="DESKTOP-5URQ9PB" duration="00:00:00.0000043" startTime="2022-06-13T21:14:10.7018472+02:00" endTime="2022-06-13T21:14:10.7018473+02:00" testType="13cdc9d9-ddb5-4fa4-a97d-d965ccfc6d4b" outcome="Passed" testListId="8c84fa94-04c1-424b-9868-57a2d4851a1d" relativeResultsDirectory="30983c42-0a22-412e-9bc9-8a654592a6e8" />
    <UnitTestResult executionId="25c31919-0044-4756-8b3d-75820bab3065" testId="2ed2cd1c-632f-e0d9-b2af-c3d4c17fd7b1" testName="xUnitTestProject.CurrencyHelperTests.FormatToStringTest1000(price: 41008.28505327194, expected: &quot;41008.29 zł&quot;)" computerName="DESKTOP-5URQ9PB" duration="00:00:00.0000043" startTime="2022-06-13T21:14:10.6955337+02:00" endTime="2022-06-13T21:14:10.6955341+02:00" testType="13cdc9d9-ddb5-4fa4-a97d-d965ccfc6d4b" outcome="Passed" testListId="8c84fa94-04c1-424b-9868-57a2d4851a1d" relativeResultsDirectory="25c31919-0044-4756-8b3d-75820bab3065" />
    <UnitTestResult executionId="468b6c3c-aed8-46d9-afe8-ad30f20256da" testId="9c810ece-be18-f9ed-3cc8-f43cbbe8d789" testName="xUnitTestProject.CurrencyHelperTests.FormatToStringTest1000(price: 18627.604896394354, expected: &quot;18627.60 zł&quot;)" computerName="DESKTOP-5URQ9PB" duration="00:00:00.0000206" startTime="2022-06-13T21:14:10.6663486+02:00" endTime="2022-06-13T21:14:10.6663496+02:00" testType="13cdc9d9-ddb5-4fa4-a97d-d965ccfc6d4b" outcome="Passed" testListId="8c84fa94-04c1-424b-9868-57a2d4851a1d" relativeResultsDirectory="468b6c3c-aed8-46d9-afe8-ad30f20256da" />
    <UnitTestResult executionId="2a434ce1-28da-4f03-b333-200a865305d3" testId="c6463145-e835-b32e-9815-611f61fa5540" testName="xUnitTestProject.CurrencyHelperTests.FormatToStringTest1000(price: 9190.067404299076, expected: &quot;9190.07 zł&quot;)" computerName="DESKTOP-5URQ9PB" duration="00:00:00.0000080" startTime="2022-06-13T21:14:10.7945163+02:00" endTime="2022-06-13T21:14:10.7945164+02:00" testType="13cdc9d9-ddb5-4fa4-a97d-d965ccfc6d4b" outcome="Passed" testListId="8c84fa94-04c1-424b-9868-57a2d4851a1d" relativeResultsDirectory="2a434ce1-28da-4f03-b333-200a865305d3" />
    <UnitTestResult executionId="5d7f3cf7-5061-4fdf-9ed9-db5c55a68b5d" testId="0a42a686-a011-6952-a95e-fae33dbe0b19" testName="xUnitTestProject.CurrencyHelperTests.FormatToStringTest1000(price: 26515.80237687929, expected: &quot;26515.80 zł&quot;)" computerName="DESKTOP-5URQ9PB" duration="00:00:00.0000071" startTime="2022-06-13T21:14:10.7826109+02:00" endTime="2022-06-13T21:14:10.7826110+02:00" testType="13cdc9d9-ddb5-4fa4-a97d-d965ccfc6d4b" outcome="Passed" testListId="8c84fa94-04c1-424b-9868-57a2d4851a1d" relativeResultsDirectory="5d7f3cf7-5061-4fdf-9ed9-db5c55a68b5d" />
    <UnitTestResult executionId="1b5b5c75-8d75-4943-8ef2-bd6b64c932cb" testId="9e381b2f-7758-75e7-1187-5359a7cc2fcf" testName="xUnitTestProject.CurrencyHelperTests.FormatToStringTest1000(price: 4252.4012513842445, expected: &quot;4252.40 zł&quot;)" computerName="DESKTOP-5URQ9PB" duration="00:00:00.0000041" startTime="2022-06-13T21:14:10.7411701+02:00" endTime="2022-06-13T21:14:10.7411704+02:00" testType="13cdc9d9-ddb5-4fa4-a97d-d965ccfc6d4b" outcome="Passed" testListId="8c84fa94-04c1-424b-9868-57a2d4851a1d" relativeResultsDirectory="1b5b5c75-8d75-4943-8ef2-bd6b64c932cb" />
    <UnitTestResult executionId="32d974c7-3609-4fe9-89f4-68e7104de111" testId="c4f09638-23b4-3d40-c0a4-ef63a006dba0" testName="xUnitTestProject.CurrencyHelperTests.FormatToStringTest1000(price: 18990.72499258012, expected: &quot;18990.72 zł&quot;)" computerName="DESKTOP-5URQ9PB" duration="00:00:00.0000041" startTime="2022-06-13T21:14:10.6817251+02:00" endTime="2022-06-13T21:14:10.6817252+02:00" testType="13cdc9d9-ddb5-4fa4-a97d-d965ccfc6d4b" outcome="Passed" testListId="8c84fa94-04c1-424b-9868-57a2d4851a1d" relativeResultsDirectory="32d974c7-3609-4fe9-89f4-68e7104de111" />
    <UnitTestResult executionId="21313a3c-e93f-4167-b8d7-5fc7c582df04" testId="ae81390e-96a7-cf30-3a99-7ea7ca8436a2" testName="xUnitTestProject.CurrencyHelperTests.FormatToStringTest1000(price: 16282.687804925576, expected: &quot;16282.69 zł&quot;)" computerName="DESKTOP-5URQ9PB" duration="00:00:00.0000041" startTime="2022-06-13T21:14:10.7294269+02:00" endTime="2022-06-13T21:14:10.7294270+02:00" testType="13cdc9d9-ddb5-4fa4-a97d-d965ccfc6d4b" outcome="Passed" testListId="8c84fa94-04c1-424b-9868-57a2d4851a1d" relativeResultsDirectory="21313a3c-e93f-4167-b8d7-5fc7c582df04" />
    <UnitTestResult executionId="7b95161d-6294-4885-830e-2f903f7c48ed" testId="163fd586-92aa-6f23-9cea-f9c152d7d771" testName="xUnitTestProject.CurrencyHelperTests.FormatToStringTest1000(price: 75214.75000876503, expected: &quot;75214.75 zł&quot;)" computerName="DESKTOP-5URQ9PB" duration="00:00:00.0000043" startTime="2022-06-13T21:14:10.6786571+02:00" endTime="2022-06-13T21:14:10.6786573+02:00" testType="13cdc9d9-ddb5-4fa4-a97d-d965ccfc6d4b" outcome="Passed" testListId="8c84fa94-04c1-424b-9868-57a2d4851a1d" relativeResultsDirectory="7b95161d-6294-4885-830e-2f903f7c48ed" />
    <UnitTestResult executionId="b03baef9-cfc5-4fb3-a412-daab9f253207" testId="50bd341a-c773-af8f-d72d-637dadce7bec" testName="xUnitTestProject.CurrencyHelperTests.FormatToStringTest1000(price: 42383.08993972982, expected: &quot;42383.09 zł&quot;)" computerName="DESKTOP-5URQ9PB" duration="00:00:00.0000073" startTime="2022-06-13T21:14:10.7716824+02:00" endTime="2022-06-13T21:14:10.7716826+02:00" testType="13cdc9d9-ddb5-4fa4-a97d-d965ccfc6d4b" outcome="Passed" testListId="8c84fa94-04c1-424b-9868-57a2d4851a1d" relativeResultsDirectory="b03baef9-cfc5-4fb3-a412-daab9f253207" />
    <UnitTestResult executionId="49f311dd-a8d9-43f8-8aaf-92475c564b23" testId="3b87d198-4b64-d5ab-66c4-ae53f55f5bdf" testName="xUnitTestProject.CurrencyHelperTests.FormatToStringTest1000(price: 22494.46807976834, expected: &quot;22494.47 zł&quot;)" computerName="DESKTOP-5URQ9PB" duration="00:00:00.0000071" startTime="2022-06-13T21:14:10.7785667+02:00" endTime="2022-06-13T21:14:10.7785668+02:00" testType="13cdc9d9-ddb5-4fa4-a97d-d965ccfc6d4b" outcome="Passed" testListId="8c84fa94-04c1-424b-9868-57a2d4851a1d" relativeResultsDirectory="49f311dd-a8d9-43f8-8aaf-92475c564b23" />
    <UnitTestResult executionId="040a99e4-9014-40ff-8557-f6a76dbdc200" testId="a006362c-c876-0d68-dfa7-4b9381a2f95f" testName="xUnitTestProject.CurrencyHelperTests.FormatToStringTest1000(price: 21893.78889296939, expected: &quot;21893.79 zł&quot;)" computerName="DESKTOP-5URQ9PB" duration="00:00:00.0000045" startTime="2022-06-13T21:14:10.7437186+02:00" endTime="2022-06-13T21:14:10.7437188+02:00" testType="13cdc9d9-ddb5-4fa4-a97d-d965ccfc6d4b" outcome="Passed" testListId="8c84fa94-04c1-424b-9868-57a2d4851a1d" relativeResultsDirectory="040a99e4-9014-40ff-8557-f6a76dbdc200" />
    <UnitTestResult executionId="58eb02be-50ab-4fc6-8e71-3a2e16ba062e" testId="a711a8fd-55fb-fc36-f795-72cedac95d24" testName="xUnitTestProject.CurrencyHelperTests.FormatToStringTest1000(price: 18032.4720825476, expected: &quot;18032.47 zł&quot;)" computerName="DESKTOP-5URQ9PB" duration="00:00:00.0000086" startTime="2022-06-13T21:14:10.7872965+02:00" endTime="2022-06-13T21:14:10.7872969+02:00" testType="13cdc9d9-ddb5-4fa4-a97d-d965ccfc6d4b" outcome="Passed" testListId="8c84fa94-04c1-424b-9868-57a2d4851a1d" relativeResultsDirectory="58eb02be-50ab-4fc6-8e71-3a2e16ba062e" />
    <UnitTestResult executionId="510a6714-d3ef-4918-aaac-60a6c7f5b9f2" testId="13946824-77dd-557e-ea95-b0f908b787b1" testName="xUnitTestProject.CurrencyHelperTests.FormatToStringTest1000(price: 25882.451101077, expected: &quot;25882.45 zł&quot;)" computerName="DESKTOP-5URQ9PB" duration="00:00:00.0000043" startTime="2022-06-13T21:14:10.6944447+02:00" endTime="2022-06-13T21:14:10.6944451+02:00" testType="13cdc9d9-ddb5-4fa4-a97d-d965ccfc6d4b" outcome="Passed" testListId="8c84fa94-04c1-424b-9868-57a2d4851a1d" relativeResultsDirectory="510a6714-d3ef-4918-aaac-60a6c7f5b9f2" />
    <UnitTestResult executionId="88d612ad-c23d-47f2-a29b-0e36b19bb4ad" testId="5c121ce3-0aab-ab5b-cce0-b7a13bf9bb3a" testName="xUnitTestProject.CurrencyHelperTests.FormatToStringTest1000(price: 7951.322730072458, expected: &quot;7951.32 zł&quot;)" computerName="DESKTOP-5URQ9PB" duration="00:00:00.0000085" startTime="2022-06-13T21:14:10.7753575+02:00" endTime="2022-06-13T21:14:10.7753577+02:00" testType="13cdc9d9-ddb5-4fa4-a97d-d965ccfc6d4b" outcome="Passed" testListId="8c84fa94-04c1-424b-9868-57a2d4851a1d" relativeResultsDirectory="88d612ad-c23d-47f2-a29b-0e36b19bb4ad" />
    <UnitTestResult executionId="95e74431-fed1-4ecd-90c3-c88a7b65ac70" testId="bf0f3eb7-c08a-24a8-fd8d-3d7e3051107b" testName="xUnitTestProject.CurrencyHelperTests.FormatToStringTest1000(price: 88584.97010041306, expected: &quot;88584.97 zł&quot;)" computerName="DESKTOP-5URQ9PB" duration="00:00:00.0000082" startTime="2022-06-13T21:14:10.7573886+02:00" endTime="2022-06-13T21:14:10.7573888+02:00" testType="13cdc9d9-ddb5-4fa4-a97d-d965ccfc6d4b" outcome="Passed" testListId="8c84fa94-04c1-424b-9868-57a2d4851a1d" relativeResultsDirectory="95e74431-fed1-4ecd-90c3-c88a7b65ac70" />
    <UnitTestResult executionId="6dea11fe-4a7c-4de3-9455-199fff7f5af2" testId="b163eddc-fed2-8a3f-de92-54285bf94b6d" testName="xUnitTestProject.CurrencyHelperTests.FormatToStringTest1000(price: 6838.422316571894, expected: &quot;6838.42 zł&quot;)" computerName="DESKTOP-5URQ9PB" duration="00:00:00.0000083" startTime="2022-06-13T21:14:10.7905117+02:00" endTime="2022-06-13T21:14:10.7905118+02:00" testType="13cdc9d9-ddb5-4fa4-a97d-d965ccfc6d4b" outcome="Passed" testListId="8c84fa94-04c1-424b-9868-57a2d4851a1d" relativeResultsDirectory="6dea11fe-4a7c-4de3-9455-199fff7f5af2" />
    <UnitTestResult executionId="ad73a197-0039-4cb3-a73b-fbf3bc1a601c" testId="0e8e9a77-632c-db52-e40d-d7b033807f15" testName="xUnitTestProject.CurrencyHelperTests.FormatToStringTest1000(price: 7191.024921368353, expected: &quot;7191.02 zł&quot;)" computerName="DESKTOP-5URQ9PB" duration="00:00:00.0000077" startTime="2022-06-13T21:14:10.7503466+02:00" endTime="2022-06-13T21:14:10.7503470+02:00" testType="13cdc9d9-ddb5-4fa4-a97d-d965ccfc6d4b" outcome="Passed" testListId="8c84fa94-04c1-424b-9868-57a2d4851a1d" relativeResultsDirectory="ad73a197-0039-4cb3-a73b-fbf3bc1a601c" />
    <UnitTestResult executionId="2cc97635-e78a-4c0b-8ad7-399d66378ba0" testId="b8787739-4c07-b11a-eff9-c330a8615328" testName="xUnitTestProject.CurrencyHelperTests.FormatToStringTest1000(price: 5855.75080885354, expected: &quot;5855.75 zł&quot;)" computerName="DESKTOP-5URQ9PB" duration="00:00:00.0000062" startTime="2022-06-13T21:14:10.7954069+02:00" endTime="2022-06-13T21:14:10.7954070+02:00" testType="13cdc9d9-ddb5-4fa4-a97d-d965ccfc6d4b" outcome="Passed" testListId="8c84fa94-04c1-424b-9868-57a2d4851a1d" relativeResultsDirectory="2cc97635-e78a-4c0b-8ad7-399d66378ba0" />
    <UnitTestResult executionId="556995f0-7d02-4276-b580-04ba6f267592" testId="e06b8219-62b1-a0bc-a073-2837868b5c0e" testName="xUnitTestProject.CurrencyHelperTests.FormatToStringTest1000(price: 1108.7197928823157, expected: &quot;1108.72 zł&quot;)" computerName="DESKTOP-5URQ9PB" duration="00:00:00.0000040" startTime="2022-06-13T21:14:10.7117886+02:00" endTime="2022-06-13T21:14:10.7117887+02:00" testType="13cdc9d9-ddb5-4fa4-a97d-d965ccfc6d4b" outcome="Passed" testListId="8c84fa94-04c1-424b-9868-57a2d4851a1d" relativeResultsDirectory="556995f0-7d02-4276-b580-04ba6f267592" />
    <UnitTestResult executionId="2f0b491d-4c49-4715-99af-1a0015b7580b" testId="a7d85aa3-fa07-4a18-0790-c9a84b87bfbf" testName="xUnitTestProject.CurrencyHelperTests.FormatToStringTest1000(price: 38614.292320713066, expected: &quot;38614.29 zł&quot;)" computerName="DESKTOP-5URQ9PB" duration="00:00:00.0000074" startTime="2022-06-13T21:14:10.7884038+02:00" endTime="2022-06-13T21:14:10.7884039+02:00" testType="13cdc9d9-ddb5-4fa4-a97d-d965ccfc6d4b" outcome="Passed" testListId="8c84fa94-04c1-424b-9868-57a2d4851a1d" relativeResultsDirectory="2f0b491d-4c49-4715-99af-1a0015b7580b" />
    <UnitTestResult executionId="74014fe8-64eb-4c1d-965e-5ba1b5dd58c5" testId="8cdd5bbc-dcfa-1d65-90a0-7f353e299d1e" testName="xUnitTestProject.CurrencyHelperTests.FormatToStringTest1000(price: 272.5621069118204, expected: &quot;272.56 zł&quot;)" computerName="DESKTOP-5URQ9PB" duration="00:00:00.0000040" startTime="2022-06-13T21:14:10.7058413+02:00" endTime="2022-06-13T21:14:10.7058414+02:00" testType="13cdc9d9-ddb5-4fa4-a97d-d965ccfc6d4b" outcome="Passed" testListId="8c84fa94-04c1-424b-9868-57a2d4851a1d" relativeResultsDirectory="74014fe8-64eb-4c1d-965e-5ba1b5dd58c5" />
    <UnitTestResult executionId="59b70a2d-ebb1-4034-bc5e-148fa2cd5ef4" testId="d2be2dc8-81b6-46cb-cbba-3709ad4b1996" testName="xUnitTestProject.CurrencyHelperTests.FormatToStringTest1000(price: 6654.099431086378, expected: &quot;6654.10 zł&quot;)" computerName="DESKTOP-5URQ9PB" duration="00:00:00.0000041" startTime="2022-06-13T21:14:10.7037190+02:00" endTime="2022-06-13T21:14:10.7037193+02:00" testType="13cdc9d9-ddb5-4fa4-a97d-d965ccfc6d4b" outcome="Passed" testListId="8c84fa94-04c1-424b-9868-57a2d4851a1d" relativeResultsDirectory="59b70a2d-ebb1-4034-bc5e-148fa2cd5ef4" />
    <UnitTestResult executionId="32dcdc1d-0515-4c5a-b3fd-0e9d5f7c6639" testId="b3d46dfa-7a62-d522-3960-5646d987d2b9" testName="xUnitTestProject.CurrencyHelperTests.FormatToStringTest1000(price: 30626.373939456127, expected: &quot;30626.37 zł&quot;)" computerName="DESKTOP-5URQ9PB" duration="00:00:00.0000043" startTime="2022-06-13T21:14:10.7186605+02:00" endTime="2022-06-13T21:14:10.7186606+02:00" testType="13cdc9d9-ddb5-4fa4-a97d-d965ccfc6d4b" outcome="Passed" testListId="8c84fa94-04c1-424b-9868-57a2d4851a1d" relativeResultsDirectory="32dcdc1d-0515-4c5a-b3fd-0e9d5f7c6639" />
    <UnitTestResult executionId="c58bf1d4-d9f6-4ede-b8c8-2d2c3995a406" testId="6c34d91a-3ccc-a88d-a525-6f3132726a55" testName="xUnitTestProject.CurrencyHelperTests.FormatToStringTest1000(price: 6057.842750804426, expected: &quot;6057.84 zł&quot;)" computerName="DESKTOP-5URQ9PB" duration="00:00:00.0000044" startTime="2022-06-13T21:14:10.7096471+02:00" endTime="2022-06-13T21:14:10.7096472+02:00" testType="13cdc9d9-ddb5-4fa4-a97d-d965ccfc6d4b" outcome="Passed" testListId="8c84fa94-04c1-424b-9868-57a2d4851a1d" relativeResultsDirectory="c58bf1d4-d9f6-4ede-b8c8-2d2c3995a406" />
    <UnitTestResult executionId="d243f053-5a4a-4820-a861-e60b64a7b6ff" testId="79d9531c-e009-9169-2cbc-ceab51e47aa5" testName="xUnitTestProject.CurrencyHelperTests.FormatToStringTest1000(price: 31805.23430354532, expected: &quot;31805.23 zł&quot;)" computerName="DESKTOP-5URQ9PB" duration="00:00:00.0000041" startTime="2022-06-13T21:14:10.7177202+02:00" endTime="2022-06-13T21:14:10.7177203+02:00" testType="13cdc9d9-ddb5-4fa4-a97d-d965ccfc6d4b" outcome="Passed" testListId="8c84fa94-04c1-424b-9868-57a2d4851a1d" relativeResultsDirectory="d243f053-5a4a-4820-a861-e60b64a7b6ff" />
    <UnitTestResult executionId="927ebea7-558f-40d4-9e37-03707c42cd67" testId="0abcfe7a-76aa-b17b-ee97-af3fbbea9a33" testName="xUnitTestProject.CurrencyHelperTests.FormatToStringTest1000(price: 57525.72988993569, expected: &quot;57525.73 zł&quot;)" computerName="DESKTOP-5URQ9PB" duration="00:00:00.0000076" startTime="2022-06-13T21:14:10.7741830+02:00" endTime="2022-06-13T21:14:10.7741832+02:00" testType="13cdc9d9-ddb5-4fa4-a97d-d965ccfc6d4b" outcome="Passed" testListId="8c84fa94-04c1-424b-9868-57a2d4851a1d" relativeResultsDirectory="927ebea7-558f-40d4-9e37-03707c42cd67" />
    <UnitTestResult executionId="24f307e8-531f-41b4-a6f2-e0a4a694543a" testId="8491f0a3-ed14-5fdd-d64c-af335660b6b8" testName="xUnitTestProject.CurrencyHelperTests.FormatToStringTest1000(price: 25376.6225052097, expected: &quot;25376.62 zł&quot;)" computerName="DESKTOP-5URQ9PB" duration="00:00:00.0000068" startTime="2022-06-13T21:14:10.7584347+02:00" endTime="2022-06-13T21:14:10.7584348+02:00" testType="13cdc9d9-ddb5-4fa4-a97d-d965ccfc6d4b" outcome="Passed" testListId="8c84fa94-04c1-424b-9868-57a2d4851a1d" relativeResultsDirectory="24f307e8-531f-41b4-a6f2-e0a4a694543a" />
    <UnitTestResult executionId="987448b2-820b-4c8c-8000-78ffcd4318ee" testId="d0cd8d38-2083-8dfe-21da-1692537b41cc" testName="xUnitTestProject.CurrencyHelperTests.FormatToStringTest1000(price: 14635.510547500808, expected: &quot;14635.51 zł&quot;)" computerName="DESKTOP-5URQ9PB" duration="00:00:00.0000043" startTime="2022-06-13T21:14:10.7217192+02:00" endTime="2022-06-13T21:14:10.7217194+02:00" testType="13cdc9d9-ddb5-4fa4-a97d-d965ccfc6d4b" outcome="Passed" testListId="8c84fa94-04c1-424b-9868-57a2d4851a1d" relativeResultsDirectory="987448b2-820b-4c8c-8000-78ffcd4318ee" />
    <UnitTestResult executionId="ffeb245f-3a32-4ee6-98c5-c5292fa7893f" testId="b6713598-e21c-6f29-08f1-f4f46e42ba65" testName="xUnitTestProject.CurrencyHelperTests.FormatToStringTest1000(price: 5870.791169434223, expected: &quot;5870.79 zł&quot;)" computerName="DESKTOP-5URQ9PB" duration="00:00:00.0000078" startTime="2022-06-13T21:14:10.7562433+02:00" endTime="2022-06-13T21:14:10.7562435+02:00" testType="13cdc9d9-ddb5-4fa4-a97d-d965ccfc6d4b" outcome="Passed" testListId="8c84fa94-04c1-424b-9868-57a2d4851a1d" relativeResultsDirectory="ffeb245f-3a32-4ee6-98c5-c5292fa7893f" />
    <UnitTestResult executionId="60f0bc12-5ca2-42fe-9ba1-cfe33ae18d6f" testId="23282872-5c32-1fb9-e0a2-cb7aa878c838" testName="xUnitTestProject.CurrencyHelperTests.FormatToStringTest1000(price: 16819.974312979717, expected: &quot;16819.97 zł&quot;)" computerName="DESKTOP-5URQ9PB" duration="00:00:00.0000076" startTime="2022-06-13T21:14:10.7775641+02:00" endTime="2022-06-13T21:14:10.7775643+02:00" testType="13cdc9d9-ddb5-4fa4-a97d-d965ccfc6d4b" outcome="Passed" testListId="8c84fa94-04c1-424b-9868-57a2d4851a1d" relativeResultsDirectory="60f0bc12-5ca2-42fe-9ba1-cfe33ae18d6f" />
    <UnitTestResult executionId="903e03e8-6394-441d-94f4-45a447996810" testId="97d8215e-c1fc-21f7-065d-165363a0a007" testName="xUnitTestProject.CurrencyHelperTests.FormatToStringTest1000(price: 2339.5873176472205, expected: &quot;2339.59 zł&quot;)" computerName="DESKTOP-5URQ9PB" duration="00:00:00.0000040" startTime="2022-06-13T21:14:10.7293108+02:00" endTime="2022-06-13T21:14:10.7293110+02:00" testType="13cdc9d9-ddb5-4fa4-a97d-d965ccfc6d4b" outcome="Passed" testListId="8c84fa94-04c1-424b-9868-57a2d4851a1d" relativeResultsDirectory="903e03e8-6394-441d-94f4-45a447996810" />
    <UnitTestResult executionId="7ec80203-0ad4-43d3-b7ac-3cd6cc1832a7" testId="4308f885-151f-014b-166d-40692645a73a" testName="xUnitTestProject.CurrencyHelperTests.FormatToStringTest1000(price: 15907.394871033446, expected: &quot;15907.39 zł&quot;)" computerName="DESKTOP-5URQ9PB" duration="00:00:00.0000051" startTime="2022-06-13T21:14:10.7343233+02:00" endTime="2022-06-13T21:14:10.7343234+02:00" testType="13cdc9d9-ddb5-4fa4-a97d-d965ccfc6d4b" outcome="Passed" testListId="8c84fa94-04c1-424b-9868-57a2d4851a1d" relativeResultsDirectory="7ec80203-0ad4-43d3-b7ac-3cd6cc1832a7" />
    <UnitTestResult executionId="304fee68-72cd-4ec7-a50f-f40c55d827c3" testId="0514bc2b-5cc4-a04d-717a-fd9efa22f04a" testName="xUnitTestProject.CurrencyHelperTests.FormatToStringTest1000(price: 80609.94377465078, expected: &quot;80609.94 zł&quot;)" computerName="DESKTOP-5URQ9PB" duration="00:00:00.0000041" startTime="2022-06-13T21:14:10.7412173+02:00" endTime="2022-06-13T21:14:10.7412176+02:00" testType="13cdc9d9-ddb5-4fa4-a97d-d965ccfc6d4b" outcome="Passed" testListId="8c84fa94-04c1-424b-9868-57a2d4851a1d" relativeResultsDirectory="304fee68-72cd-4ec7-a50f-f40c55d827c3" />
    <UnitTestResult executionId="cd51e8c7-a53e-403e-b63a-f49bcc12a36e" testId="01a9775b-5693-bd58-011d-1e4a65370397" testName="xUnitTestProject.CurrencyHelperTests.FormatToStringTest1000(price: 9750.134289915735, expected: &quot;9750.13 zł&quot;)" computerName="DESKTOP-5URQ9PB" duration="00:00:00.0000083" startTime="2022-06-13T21:14:10.7853678+02:00" endTime="2022-06-13T21:14:10.7853679+02:00" testType="13cdc9d9-ddb5-4fa4-a97d-d965ccfc6d4b" outcome="Passed" testListId="8c84fa94-04c1-424b-9868-57a2d4851a1d" relativeResultsDirectory="cd51e8c7-a53e-403e-b63a-f49bcc12a36e" />
    <UnitTestResult executionId="0dde535b-c67a-4f28-9689-a380c047857b" testId="7c18917f-7141-7732-3a7b-36439ce0baa1" testName="xUnitTestProject.CurrencyHelperTests.FormatToStringTest1000(price: 6276.389386365838, expected: &quot;6276.39 zł&quot;)" computerName="DESKTOP-5URQ9PB" duration="00:00:00.0000041" startTime="2022-06-13T21:14:10.6893952+02:00" endTime="2022-06-13T21:14:10.6893954+02:00" testType="13cdc9d9-ddb5-4fa4-a97d-d965ccfc6d4b" outcome="Passed" testListId="8c84fa94-04c1-424b-9868-57a2d4851a1d" relativeResultsDirectory="0dde535b-c67a-4f28-9689-a380c047857b" />
    <UnitTestResult executionId="10ad2ca8-f43a-495a-add7-2cf2a5a5b675" testId="1ede13b3-cc3c-b767-91a3-9e4f793d1dd5" testName="xUnitTestProject.CurrencyHelperTests.FormatToStringTest1000(price: 52858.048916166204, expected: &quot;52858.05 zł&quot;)" computerName="DESKTOP-5URQ9PB" duration="00:00:00.0000075" startTime="2022-06-13T21:14:10.7595722+02:00" endTime="2022-06-13T21:14:10.7595724+02:00" testType="13cdc9d9-ddb5-4fa4-a97d-d965ccfc6d4b" outcome="Passed" testListId="8c84fa94-04c1-424b-9868-57a2d4851a1d" relativeResultsDirectory="10ad2ca8-f43a-495a-add7-2cf2a5a5b675" />
    <UnitTestResult executionId="b1430e55-46d6-4f18-928d-6c83dee48ee2" testId="f8f9d6d7-bbea-21e2-5568-87ea7f6744b9" testName="xUnitTestProject.CurrencyHelperTests.FormatToStringTest1000(price: 73151.83675918348, expected: &quot;73151.84 zł&quot;)" computerName="DESKTOP-5URQ9PB" duration="00:00:00.0000043" startTime="2022-06-13T21:14:10.6786275+02:00" endTime="2022-06-13T21:14:10.6786277+02:00" testType="13cdc9d9-ddb5-4fa4-a97d-d965ccfc6d4b" outcome="Passed" testListId="8c84fa94-04c1-424b-9868-57a2d4851a1d" relativeResultsDirectory="b1430e55-46d6-4f18-928d-6c83dee48ee2" />
    <UnitTestResult executionId="4f8bec41-a9f6-4d88-8563-2f5ac525bcc2" testId="9634b23e-736b-8d03-4e65-5819fb03baa5" testName="xUnitTestProject.CurrencyHelperTests.FormatToStringTest1000(price: 11118.620997698335, expected: &quot;11118.62 zł&quot;)" computerName="DESKTOP-5URQ9PB" duration="00:00:00.0000049" startTime="2022-06-13T21:14:10.7027496+02:00" endTime="2022-06-13T21:14:10.7027501+02:00" testType="13cdc9d9-ddb5-4fa4-a97d-d965ccfc6d4b" outcome="Passed" testListId="8c84fa94-04c1-424b-9868-57a2d4851a1d" relativeResultsDirectory="4f8bec41-a9f6-4d88-8563-2f5ac525bcc2" />
    <UnitTestResult executionId="e225ce5d-cc4f-4ccc-9dbf-fee9a59a3ad6" testId="a33a7227-7248-ce4e-bb18-77c33faa0f1a" testName="xUnitTestProject.CurrencyHelperTests.FormatToStringTest1000(price: 24528.124092612474, expected: &quot;24528.12 zł&quot;)" computerName="DESKTOP-5URQ9PB" duration="00:00:00.0000078" startTime="2022-06-13T21:14:10.7743386+02:00" endTime="2022-06-13T21:14:10.7743388+02:00" testType="13cdc9d9-ddb5-4fa4-a97d-d965ccfc6d4b" outcome="Passed" testListId="8c84fa94-04c1-424b-9868-57a2d4851a1d" relativeResultsDirectory="e225ce5d-cc4f-4ccc-9dbf-fee9a59a3ad6" />
    <UnitTestResult executionId="698003dd-dbd1-49df-8dea-3c19e83f266d" testId="0a7a5bc8-9d15-4c47-d83e-93a1a167a703" testName="xUnitTestProject.CurrencyHelperTests.FormatToStringTest1000(price: 10775.728533390784, expected: &quot;10775.73 zł&quot;)" computerName="DESKTOP-5URQ9PB" duration="00:00:00.0000049" startTime="2022-06-13T21:14:10.7993728+02:00" endTime="2022-06-13T21:14:10.7993729+02:00" testType="13cdc9d9-ddb5-4fa4-a97d-d965ccfc6d4b" outcome="Passed" testListId="8c84fa94-04c1-424b-9868-57a2d4851a1d" relativeResultsDirectory="698003dd-dbd1-49df-8dea-3c19e83f266d" />
    <UnitTestResult executionId="20b358aa-68d4-483a-9302-c103f62ee3b6" testId="2f04d734-6778-0b79-9d14-d79b1e3bb130" testName="xUnitTestProject.CurrencyHelperTests.FormatToStringTest1000(price: 12871.381729632794, expected: &quot;12871.38 zł&quot;)" computerName="DESKTOP-5URQ9PB" duration="00:00:00.0000071" startTime="2022-06-13T21:14:10.7814947+02:00" endTime="2022-06-13T21:14:10.7814948+02:00" testType="13cdc9d9-ddb5-4fa4-a97d-d965ccfc6d4b" outcome="Passed" testListId="8c84fa94-04c1-424b-9868-57a2d4851a1d" relativeResultsDirectory="20b358aa-68d4-483a-9302-c103f62ee3b6" />
    <UnitTestResult executionId="77ced174-ef9d-498b-926d-c9a8a5981f76" testId="15a5c8eb-0c90-a7e4-0dc8-5ce2be1587d5" testName="xUnitTestProject.CurrencyHelperTests.FormatToStringTest1000(price: 74851.91547305691, expected: &quot;74851.92 zł&quot;)" computerName="DESKTOP-5URQ9PB" duration="00:00:00.0000044" startTime="2022-06-13T21:14:10.6806934+02:00" endTime="2022-06-13T21:14:10.6806936+02:00" testType="13cdc9d9-ddb5-4fa4-a97d-d965ccfc6d4b" outcome="Passed" testListId="8c84fa94-04c1-424b-9868-57a2d4851a1d" relativeResultsDirectory="77ced174-ef9d-498b-926d-c9a8a5981f76" />
    <UnitTestResult executionId="6995a319-d714-470e-ac6e-35d76b0a119b" testId="d13187c3-6513-b7ca-7370-507380fe2c88" testName="xUnitTestProject.CurrencyHelperTests.FormatToStringTest1000(price: 7396.940188290057, expected: &quot;7396.94 zł&quot;)" computerName="DESKTOP-5URQ9PB" duration="00:00:00.0000041" startTime="2022-06-13T21:14:10.7304246+02:00" endTime="2022-06-13T21:14:10.7304247+02:00" testType="13cdc9d9-ddb5-4fa4-a97d-d965ccfc6d4b" outcome="Passed" testListId="8c84fa94-04c1-424b-9868-57a2d4851a1d" relativeResultsDirectory="6995a319-d714-470e-ac6e-35d76b0a119b" />
    <UnitTestResult executionId="65b786bb-6892-4c10-9f1b-3f8086317721" testId="5105cd39-08d3-5cdf-e5e5-5aae2f2d51c8" testName="xUnitTestProject.CurrencyHelperTests.FormatToStringTest1000(price: 2937.138486199611, expected: &quot;2937.14 zł&quot;)" computerName="DESKTOP-5URQ9PB" duration="00:00:00.0000041" startTime="2022-06-13T21:14:10.6785675+02:00" endTime="2022-06-13T21:14:10.6785677+02:00" testType="13cdc9d9-ddb5-4fa4-a97d-d965ccfc6d4b" outcome="Passed" testListId="8c84fa94-04c1-424b-9868-57a2d4851a1d" relativeResultsDirectory="65b786bb-6892-4c10-9f1b-3f8086317721" />
    <UnitTestResult executionId="4f5a6be4-ccaa-41df-98bb-9b11692b1f90" testId="c558e0d2-3c06-e002-2aa3-e6624e30de98" testName="xUnitTestProject.CurrencyHelperTests.FormatToStringTest1000(price: 13197.65136269417, expected: &quot;13197.65 zł&quot;)" computerName="DESKTOP-5URQ9PB" duration="00:00:00.0000081" startTime="2022-06-13T21:14:10.7728620+02:00" endTime="2022-06-13T21:14:10.7728622+02:00" testType="13cdc9d9-ddb5-4fa4-a97d-d965ccfc6d4b" outcome="Passed" testListId="8c84fa94-04c1-424b-9868-57a2d4851a1d" relativeResultsDirectory="4f5a6be4-ccaa-41df-98bb-9b11692b1f90" />
    <UnitTestResult executionId="be331e9d-caa0-46f5-9e65-6db0c130cad4" testId="cae25fb7-b977-eb51-0588-bf026d38b145" testName="xUnitTestProject.CurrencyHelperTests.FormatToStringTest1000(price: 3270.286035661719, expected: &quot;3270.29 zł&quot;)" computerName="DESKTOP-5URQ9PB" duration="00:00:00.0000088" startTime="2022-06-13T21:14:10.7835972+02:00" endTime="2022-06-13T21:14:10.7835973+02:00" testType="13cdc9d9-ddb5-4fa4-a97d-d965ccfc6d4b" outcome="Passed" testListId="8c84fa94-04c1-424b-9868-57a2d4851a1d" relativeResultsDirectory="be331e9d-caa0-46f5-9e65-6db0c130cad4" />
    <UnitTestResult executionId="0ee74bb5-d023-43ac-8024-9e61668ac33a" testId="eaf0b15c-0fc1-b6e6-caad-e11eeb0c7fda" testName="xUnitTestProject.CurrencyHelperTests.FormatToStringTest1000(price: 19796.212103914568, expected: &quot;19796.21 zł&quot;)" computerName="DESKTOP-5URQ9PB" duration="00:00:00.0000074" startTime="2022-06-13T21:14:10.7518469+02:00" endTime="2022-06-13T21:14:10.7518471+02:00" testType="13cdc9d9-ddb5-4fa4-a97d-d965ccfc6d4b" outcome="Passed" testListId="8c84fa94-04c1-424b-9868-57a2d4851a1d" relativeResultsDirectory="0ee74bb5-d023-43ac-8024-9e61668ac33a" />
    <UnitTestResult executionId="7570c2bf-1587-4b47-b362-14fdf2fe219d" testId="4f602daf-bb8d-fd94-ef0a-fd5eecda2ee6" testName="xUnitTestProject.CurrencyHelperTests.FormatToStringTest1000(price: 17090.629587323234, expected: &quot;17090.63 zł&quot;)" computerName="DESKTOP-5URQ9PB" duration="00:00:00.0000070" startTime="2022-06-13T21:14:10.7774759+02:00" endTime="2022-06-13T21:14:10.7774761+02:00" testType="13cdc9d9-ddb5-4fa4-a97d-d965ccfc6d4b" outcome="Passed" testListId="8c84fa94-04c1-424b-9868-57a2d4851a1d" relativeResultsDirectory="7570c2bf-1587-4b47-b362-14fdf2fe219d" />
    <UnitTestResult executionId="d8e4f0e0-f0d4-4d47-aabe-f4549a071261" testId="a2cb1a23-585c-77f0-4371-0762318d91ff" testName="xUnitTestProject.CurrencyHelperTests.FormatToStringTest1000(price: 61324.33752458279, expected: &quot;61324.34 zł&quot;)" computerName="DESKTOP-5URQ9PB" duration="00:00:00.0000075" startTime="2022-06-13T21:14:10.7596869+02:00" endTime="2022-06-13T21:14:10.7596870+02:00" testType="13cdc9d9-ddb5-4fa4-a97d-d965ccfc6d4b" outcome="Passed" testListId="8c84fa94-04c1-424b-9868-57a2d4851a1d" relativeResultsDirectory="d8e4f0e0-f0d4-4d47-aabe-f4549a071261" />
    <UnitTestResult executionId="28c71751-c458-4813-9949-aee7705f978e" testId="f376fc2f-2ee5-1277-a20e-665c6294e53a" testName="xUnitTestProject.CurrencyHelperTests.FormatToStringTest1000(price: 30410.68214617003, expected: &quot;30410.68 zł&quot;)" computerName="DESKTOP-5URQ9PB" duration="00:00:00.0000086" startTime="2022-06-13T21:14:10.7671841+02:00" endTime="2022-06-13T21:14:10.7671843+02:00" testType="13cdc9d9-ddb5-4fa4-a97d-d965ccfc6d4b" outcome="Passed" testListId="8c84fa94-04c1-424b-9868-57a2d4851a1d" relativeResultsDirectory="28c71751-c458-4813-9949-aee7705f978e" />
    <UnitTestResult executionId="a2fa839d-22e1-4123-a362-a541c6d5c877" testId="aaa9e076-e199-e522-2c08-1bd206c5f6e7" testName="xUnitTestProject.CurrencyHelperTests.FormatToStringTest1000(price: 23120.169499649743, expected: &quot;23120.17 zł&quot;)" computerName="DESKTOP-5URQ9PB" duration="00:00:00.0000043" startTime="2022-06-13T21:14:10.7412677+02:00" endTime="2022-06-13T21:14:10.7412679+02:00" testType="13cdc9d9-ddb5-4fa4-a97d-d965ccfc6d4b" outcome="Passed" testListId="8c84fa94-04c1-424b-9868-57a2d4851a1d" relativeResultsDirectory="a2fa839d-22e1-4123-a362-a541c6d5c877" />
    <UnitTestResult executionId="288b8d10-20ef-4d87-88f1-629756f4c328" testId="185ede31-fab0-85ad-ad6a-a8eab36c8466" testName="xUnitTestProject.CurrencyHelperTests.FormatToStringTest1000(price: 13574.683315038068, expected: &quot;13574.68 zł&quot;)" computerName="DESKTOP-5URQ9PB" duration="00:00:00.0000082" startTime="2022-06-13T21:14:10.7561184+02:00" endTime="2022-06-13T21:14:10.7561186+02:00" testType="13cdc9d9-ddb5-4fa4-a97d-d965ccfc6d4b" outcome="Passed" testListId="8c84fa94-04c1-424b-9868-57a2d4851a1d" relativeResultsDirectory="288b8d10-20ef-4d87-88f1-629756f4c328" />
    <UnitTestResult executionId="f78dd743-892b-4492-98a3-5b52a4724081" testId="9087d096-82b4-2271-94ec-73730ed51c23" testName="xUnitTestProject.CurrencyHelperTests.FormatToStringTest1000(price: 66053.95451852398, expected: &quot;66053.95 zł&quot;)" computerName="DESKTOP-5URQ9PB" duration="00:00:00.0000052" startTime="2022-06-13T21:14:10.7983425+02:00" endTime="2022-06-13T21:14:10.7983427+02:00" testType="13cdc9d9-ddb5-4fa4-a97d-d965ccfc6d4b" outcome="Passed" testListId="8c84fa94-04c1-424b-9868-57a2d4851a1d" relativeResultsDirectory="f78dd743-892b-4492-98a3-5b52a4724081" />
    <UnitTestResult executionId="bc3f23d4-9adf-4da7-ba9d-6b9be830c747" testId="e3eba5d2-93a0-e22e-731e-ed52218ff16c" testName="xUnitTestProject.CurrencyHelperTests.FormatToStringTest1000(price: 918.1842976688334, expected: &quot;918.18 zł&quot;)" computerName="DESKTOP-5URQ9PB" duration="00:00:00.0000041" startTime="2022-06-13T21:14:10.6903920+02:00" endTime="2022-06-13T21:14:10.6903921+02:00" testType="13cdc9d9-ddb5-4fa4-a97d-d965ccfc6d4b" outcome="Passed" testListId="8c84fa94-04c1-424b-9868-57a2d4851a1d" relativeResultsDirectory="bc3f23d4-9adf-4da7-ba9d-6b9be830c747" />
    <UnitTestResult executionId="eb3b2d93-5057-45dc-b7da-6977f2bb4fc0" testId="cb98657e-ea81-1d6a-4868-0d493c1098f6" testName="xUnitTestProject.CurrencyHelperTests.FormatToStringTest1000(price: 11871.427211910219, expected: &quot;11871.43 zł&quot;)" computerName="DESKTOP-5URQ9PB" duration="00:00:00.0000082" startTime="2022-06-13T21:14:10.7607361+02:00" endTime="2022-06-13T21:14:10.7607362+02:00" testType="13cdc9d9-ddb5-4fa4-a97d-d965ccfc6d4b" outcome="Passed" testListId="8c84fa94-04c1-424b-9868-57a2d4851a1d" relativeResultsDirectory="eb3b2d93-5057-45dc-b7da-6977f2bb4fc0" />
    <UnitTestResult executionId="0d80a07a-b6b1-4cb5-a67f-5d9f91ec14ed" testId="017ca1fc-bbca-8181-b3ea-3373763e884b" testName="xUnitTestProject.CurrencyHelperTests.FormatToStringTest1000(price: 51632.87002968503, expected: &quot;51632.87 zł&quot;)" computerName="DESKTOP-5URQ9PB" duration="00:00:00.0000041" startTime="2022-06-13T21:14:10.7029923+02:00" endTime="2022-06-13T21:14:10.7029924+02:00" testType="13cdc9d9-ddb5-4fa4-a97d-d965ccfc6d4b" outcome="Passed" testListId="8c84fa94-04c1-424b-9868-57a2d4851a1d" relativeResultsDirectory="0d80a07a-b6b1-4cb5-a67f-5d9f91ec14ed" />
    <UnitTestResult executionId="1a454e7e-cd0e-4dc5-b477-00108e4a49c7" testId="c85737d8-c8f4-a23c-9c62-4ed60400843c" testName="xUnitTestProject.CurrencyHelperTests.FormatToStringTest1000(price: 28192.949128067565, expected: &quot;28192.95 zł&quot;)" computerName="DESKTOP-5URQ9PB" duration="00:00:00.0000043" startTime="2022-06-13T21:14:10.7057530+02:00" endTime="2022-06-13T21:14:10.7057532+02:00" testType="13cdc9d9-ddb5-4fa4-a97d-d965ccfc6d4b" outcome="Passed" testListId="8c84fa94-04c1-424b-9868-57a2d4851a1d" relativeResultsDirectory="1a454e7e-cd0e-4dc5-b477-00108e4a49c7" />
    <UnitTestResult executionId="cdd04b4e-1cc2-428e-8022-e23f9f244f6d" testId="aef73524-5efd-2ad9-76a4-22b643281e1e" testName="xUnitTestProject.CurrencyHelperTests.FormatToStringTest1000(price: 13337.80490493486, expected: &quot;13337.80 zł&quot;)" computerName="DESKTOP-5URQ9PB" duration="00:00:00.0000044" startTime="2022-06-13T21:14:10.6966079+02:00" endTime="2022-06-13T21:14:10.6966083+02:00" testType="13cdc9d9-ddb5-4fa4-a97d-d965ccfc6d4b" outcome="Passed" testListId="8c84fa94-04c1-424b-9868-57a2d4851a1d" relativeResultsDirectory="cdd04b4e-1cc2-428e-8022-e23f9f244f6d" />
    <UnitTestResult executionId="496a8e5f-3f3d-4966-aff7-367d2d09df1d" testId="4cc08620-7636-5b0e-e6ce-7fa1f27effef" testName="xUnitTestProject.CurrencyHelperTests.FormatToStringTest1000(price: 22189.78731674132, expected: &quot;22189.79 zł&quot;)" computerName="DESKTOP-5URQ9PB" duration="00:00:00.0000112" startTime="2022-06-13T21:14:10.7916043+02:00" endTime="2022-06-13T21:14:10.7916044+02:00" testType="13cdc9d9-ddb5-4fa4-a97d-d965ccfc6d4b" outcome="Passed" testListId="8c84fa94-04c1-424b-9868-57a2d4851a1d" relativeResultsDirectory="496a8e5f-3f3d-4966-aff7-367d2d09df1d" />
    <UnitTestResult executionId="b49cebac-2f4f-4715-a56d-cdcef7d7002d" testId="75567229-1858-de57-219b-cfd8f4a7e8de" testName="xUnitTestProject.CurrencyHelperTests.FormatToStringTest1000(price: 750.5106571719566, expected: &quot;750.51 zł&quot;)" computerName="DESKTOP-5URQ9PB" duration="00:00:00.0000041" startTime="2022-06-13T21:14:10.6871282+02:00" endTime="2022-06-13T21:14:10.6871283+02:00" testType="13cdc9d9-ddb5-4fa4-a97d-d965ccfc6d4b" outcome="Passed" testListId="8c84fa94-04c1-424b-9868-57a2d4851a1d" relativeResultsDirectory="b49cebac-2f4f-4715-a56d-cdcef7d7002d" />
    <UnitTestResult executionId="65708d1e-8abc-4167-9d89-c9fb24d2fff9" testId="f7339f67-966a-9543-e542-56a7562f05ad" testName="xUnitTestProject.CurrencyHelperTests.FormatToStringTest1000(price: 32566.30279101259, expected: &quot;32566.30 zł&quot;)" computerName="DESKTOP-5URQ9PB" duration="00:00:00.0000078" startTime="2022-06-13T21:14:10.7619151+02:00" endTime="2022-06-13T21:14:10.7619153+02:00" testType="13cdc9d9-ddb5-4fa4-a97d-d965ccfc6d4b" outcome="Passed" testListId="8c84fa94-04c1-424b-9868-57a2d4851a1d" relativeResultsDirectory="65708d1e-8abc-4167-9d89-c9fb24d2fff9" />
    <UnitTestResult executionId="6f389345-f33e-4f35-aee1-5b92b3bf2005" testId="ed116d32-6ba7-9bd1-6680-6c13ee07292b" testName="xUnitTestProject.CurrencyHelperTests.FormatToStringTest1000(price: 867.5236648356187, expected: &quot;867.52 zł&quot;)" computerName="DESKTOP-5URQ9PB" duration="00:00:00.0000041" startTime="2022-06-13T21:14:10.6775853+02:00" endTime="2022-06-13T21:14:10.6775854+02:00" testType="13cdc9d9-ddb5-4fa4-a97d-d965ccfc6d4b" outcome="Passed" testListId="8c84fa94-04c1-424b-9868-57a2d4851a1d" relativeResultsDirectory="6f389345-f33e-4f35-aee1-5b92b3bf2005" />
    <UnitTestResult executionId="3b204e17-030f-4d62-a641-967816e33e8b" testId="2194158b-3f8a-54e0-368a-945d72c0c309" testName="xUnitTestProject.CurrencyHelperTests.FormatToStringTest1000(price: 7182.939759099362, expected: &quot;7182.94 zł&quot;)" computerName="DESKTOP-5URQ9PB" duration="00:00:00.0000079" startTime="2022-06-13T21:14:10.7691764+02:00" endTime="2022-06-13T21:14:10.7691768+02:00" testType="13cdc9d9-ddb5-4fa4-a97d-d965ccfc6d4b" outcome="Passed" testListId="8c84fa94-04c1-424b-9868-57a2d4851a1d" relativeResultsDirectory="3b204e17-030f-4d62-a641-967816e33e8b" />
    <UnitTestResult executionId="9e4c6f32-17e4-4466-ad4f-f364b59ca908" testId="a1056dc3-d634-deb8-6537-d1daee422b62" testName="xUnitTestProject.CurrencyHelperTests.FormatToStringTest1000(price: 9503.466049463705, expected: &quot;9503.47 zł&quot;)" computerName="DESKTOP-5URQ9PB" duration="00:00:00.0000044" startTime="2022-06-13T21:14:10.7098290+02:00" endTime="2022-06-13T21:14:10.7098291+02:00" testType="13cdc9d9-ddb5-4fa4-a97d-d965ccfc6d4b" outcome="Passed" testListId="8c84fa94-04c1-424b-9868-57a2d4851a1d" relativeResultsDirectory="9e4c6f32-17e4-4466-ad4f-f364b59ca908" />
    <UnitTestResult executionId="782cf3d0-5004-47f2-b681-7f00c6ebce71" testId="3a8cda37-b7cc-323f-afa4-03303dd2ce88" testName="xUnitTestProject.CurrencyHelperTests.FormatToStringTest1000(price: 134.1514758393874, expected: &quot;134.15 zł&quot;)" computerName="DESKTOP-5URQ9PB" duration="00:00:00.0000041" startTime="2022-06-13T21:14:10.7436797+02:00" endTime="2022-06-13T21:14:10.7436799+02:00" testType="13cdc9d9-ddb5-4fa4-a97d-d965ccfc6d4b" outcome="Passed" testListId="8c84fa94-04c1-424b-9868-57a2d4851a1d" relativeResultsDirectory="782cf3d0-5004-47f2-b681-7f00c6ebce71" />
    <UnitTestResult executionId="b056dbad-6ac5-44f9-bb02-1d2a94cd8a91" testId="f7ba8e86-cb66-6ef4-d1cf-87def896d05b" testName="xUnitTestProject.CurrencyHelperTests.FormatToStringTest1000(price: 13508.811787825922, expected: &quot;13508.81 zł&quot;)" computerName="DESKTOP-5URQ9PB" duration="00:00:00.0000056" startTime="2022-06-13T21:14:10.7944575+02:00" endTime="2022-06-13T21:14:10.7944577+02:00" testType="13cdc9d9-ddb5-4fa4-a97d-d965ccfc6d4b" outcome="Passed" testListId="8c84fa94-04c1-424b-9868-57a2d4851a1d" relativeResultsDirectory="b056dbad-6ac5-44f9-bb02-1d2a94cd8a91" />
    <UnitTestResult executionId="30d2f429-0294-4a9d-ba17-b9a7b3492a58" testId="ddfa2a9a-e29a-9dfc-0603-2fa2e9e89c67" testName="xUnitTestProject.CurrencyHelperTests.FormatToStringTest1000(price: 24251.68593564848, expected: &quot;24251.69 zł&quot;)" computerName="DESKTOP-5URQ9PB" duration="00:00:00.0000041" startTime="2022-06-13T21:14:10.6827085+02:00" endTime="2022-06-13T21:14:10.6827088+02:00" testType="13cdc9d9-ddb5-4fa4-a97d-d965ccfc6d4b" outcome="Passed" testListId="8c84fa94-04c1-424b-9868-57a2d4851a1d" relativeResultsDirectory="30d2f429-0294-4a9d-ba17-b9a7b3492a58" />
    <UnitTestResult executionId="51243a22-2e6a-4c92-86b2-55f0fdbcd567" testId="5e9f654f-dd64-8138-30a6-1dc5f11cf83a" testName="xUnitTestProject.CurrencyHelperTests.FormatToStringTest1000(price: 14237.13226245955, expected: &quot;14237.13 zł&quot;)" computerName="DESKTOP-5URQ9PB" duration="00:00:00.0000041" startTime="2022-06-13T21:14:10.6998082+02:00" endTime="2022-06-13T21:14:10.6998083+02:00" testType="13cdc9d9-ddb5-4fa4-a97d-d965ccfc6d4b" outcome="Passed" testListId="8c84fa94-04c1-424b-9868-57a2d4851a1d" relativeResultsDirectory="51243a22-2e6a-4c92-86b2-55f0fdbcd567" />
    <UnitTestResult executionId="c22d2a4c-aa92-42bb-95b7-daa1eb2c3b71" testId="ec976d73-69f5-3cb8-c94a-fac6ea1343ca" testName="xUnitTestProject.CurrencyHelperTests.FormatToStringTest1000(price: 1649.0127968480872, expected: &quot;1649.01 zł&quot;)" computerName="DESKTOP-5URQ9PB" duration="00:00:00.0000040" startTime="2022-06-13T21:14:10.7400516+02:00" endTime="2022-06-13T21:14:10.7400518+02:00" testType="13cdc9d9-ddb5-4fa4-a97d-d965ccfc6d4b" outcome="Passed" testListId="8c84fa94-04c1-424b-9868-57a2d4851a1d" relativeResultsDirectory="c22d2a4c-aa92-42bb-95b7-daa1eb2c3b71" />
    <UnitTestResult executionId="04af3501-2ec6-451c-8b15-c4ad9fbff5b4" testId="58e741bd-777c-df5d-d9c1-457b2c873d32" testName="xUnitTestProject.CurrencyHelperTests.FormatToStringTest1000(price: 20978.860218282258, expected: &quot;20978.86 zł&quot;)" computerName="DESKTOP-5URQ9PB" duration="00:00:00.0000043" startTime="2022-06-13T21:14:10.7048066+02:00" endTime="2022-06-13T21:14:10.7048067+02:00" testType="13cdc9d9-ddb5-4fa4-a97d-d965ccfc6d4b" outcome="Passed" testListId="8c84fa94-04c1-424b-9868-57a2d4851a1d" relativeResultsDirectory="04af3501-2ec6-451c-8b15-c4ad9fbff5b4" />
    <UnitTestResult executionId="9f10e5ea-c5a7-4de1-b2a9-4a3354446969" testId="cd5a26d8-2bfb-59a4-04b5-4f695fd431f8" testName="xUnitTestProject.CurrencyHelperTests.FormatToStringTest1000(price: 2409.393997763001, expected: &quot;2409.39 zł&quot;)" computerName="DESKTOP-5URQ9PB" duration="00:00:00.0000059" startTime="2022-06-13T21:14:10.7729447+02:00" endTime="2022-06-13T21:14:10.7729451+02:00" testType="13cdc9d9-ddb5-4fa4-a97d-d965ccfc6d4b" outcome="Passed" testListId="8c84fa94-04c1-424b-9868-57a2d4851a1d" relativeResultsDirectory="9f10e5ea-c5a7-4de1-b2a9-4a3354446969" />
    <UnitTestResult executionId="acfe3981-dbb2-4efa-adc0-e1914fd4f32b" testId="a3944110-24ef-a5f3-993b-c0e54d094618" testName="xUnitTestProject.CurrencyHelperTests.FormatToStringTest1000(price: 37826.846755123166, expected: &quot;37826.85 zł&quot;)" computerName="DESKTOP-5URQ9PB" duration="00:00:00.0000074" startTime="2022-06-13T21:14:10.7561580+02:00" endTime="2022-06-13T21:14:10.7561581+02:00" testType="13cdc9d9-ddb5-4fa4-a97d-d965ccfc6d4b" outcome="Passed" testListId="8c84fa94-04c1-424b-9868-57a2d4851a1d" relativeResultsDirectory="acfe3981-dbb2-4efa-adc0-e1914fd4f32b" />
    <UnitTestResult executionId="350515da-d915-4fca-adcb-a86eea7a408b" testId="80d3734c-ba9f-0770-a478-3dd6f9b70cb0" testName="xUnitTestProject.CurrencyHelperTests.FormatToStringTest1000(price: 50339.31259969497, expected: &quot;50339.31 zł&quot;)" computerName="DESKTOP-5URQ9PB" duration="00:00:00.0000041" startTime="2022-06-13T21:14:10.7157301+02:00" endTime="2022-06-13T21:14:10.7157302+02:00" testType="13cdc9d9-ddb5-4fa4-a97d-d965ccfc6d4b" outcome="Passed" testListId="8c84fa94-04c1-424b-9868-57a2d4851a1d" relativeResultsDirectory="350515da-d915-4fca-adcb-a86eea7a408b" />
    <UnitTestResult executionId="7a932434-6c76-47a4-91bb-ffe02f797fbd" testId="c7c013ea-be14-a4b5-1c6f-2b6dde46abbc" testName="xUnitTestProject.CurrencyHelperTests.FormatToStringTest1000(price: 6102.4120417453405, expected: &quot;6102.41 zł&quot;)" computerName="DESKTOP-5URQ9PB" duration="00:00:00.0000043" startTime="2022-06-13T21:14:10.7207843+02:00" endTime="2022-06-13T21:14:10.7207844+02:00" testType="13cdc9d9-ddb5-4fa4-a97d-d965ccfc6d4b" outcome="Passed" testListId="8c84fa94-04c1-424b-9868-57a2d4851a1d" relativeResultsDirectory="7a932434-6c76-47a4-91bb-ffe02f797fbd" />
    <UnitTestResult executionId="cf4ad276-b087-4905-a02c-0f6d858f44e2" testId="8a663fa2-76ee-caf2-967f-999f9c7a5bb3" testName="xUnitTestProject.CurrencyHelperTests.FormatToStringTest1000(price: 55030.929183896136, expected: &quot;55030.93 zł&quot;)" computerName="DESKTOP-5URQ9PB" duration="00:00:00.0000043" startTime="2022-06-13T21:14:10.7138090+02:00" endTime="2022-06-13T21:14:10.7138092+02:00" testType="13cdc9d9-ddb5-4fa4-a97d-d965ccfc6d4b" outcome="Passed" testListId="8c84fa94-04c1-424b-9868-57a2d4851a1d" relativeResultsDirectory="cf4ad276-b087-4905-a02c-0f6d858f44e2" />
    <UnitTestResult executionId="781c0df1-5756-499c-aca5-4851d7b15bfc" testId="90cfec42-4910-af10-cff4-5af0ef6c23f5" testName="xUnitTestProject.CurrencyHelperTests.FormatToStringTest1000(price: 64887.45559046951, expected: &quot;64887.46 zł&quot;)" computerName="DESKTOP-5URQ9PB" duration="00:00:00.0000045" startTime="2022-06-13T21:14:10.6945660+02:00" endTime="2022-06-13T21:14:10.6945662+02:00" testType="13cdc9d9-ddb5-4fa4-a97d-d965ccfc6d4b" outcome="Passed" testListId="8c84fa94-04c1-424b-9868-57a2d4851a1d" relativeResultsDirectory="781c0df1-5756-499c-aca5-4851d7b15bfc" />
    <UnitTestResult executionId="44c6a146-3433-459c-8cfd-928ed736ecc8" testId="6590b071-f8b2-e4e3-3b40-027135dfc051" testName="xUnitTestProject.CurrencyHelperTests.FormatToStringTest1000(price: 62975.496334776515, expected: &quot;62975.50 zł&quot;)" computerName="DESKTOP-5URQ9PB" duration="00:00:00.0000041" startTime="2022-06-13T21:14:10.7028731+02:00" endTime="2022-06-13T21:14:10.7028733+02:00" testType="13cdc9d9-ddb5-4fa4-a97d-d965ccfc6d4b" outcome="Passed" testListId="8c84fa94-04c1-424b-9868-57a2d4851a1d" relativeResultsDirectory="44c6a146-3433-459c-8cfd-928ed736ecc8" />
    <UnitTestResult executionId="bc832eb1-3a80-4b92-9abb-73370701ae7b" testId="df98a0bb-288a-f0a3-8af8-186ed72a3b48" testName="xUnitTestProject.CurrencyHelperTests.FormatToStringTest1000(price: 10397.404523554447, expected: &quot;10397.40 zł&quot;)" computerName="DESKTOP-5URQ9PB" duration="00:00:00.0000043" startTime="2022-06-13T21:14:10.7317287+02:00" endTime="2022-06-13T21:14:10.7317290+02:00" testType="13cdc9d9-ddb5-4fa4-a97d-d965ccfc6d4b" outcome="Passed" testListId="8c84fa94-04c1-424b-9868-57a2d4851a1d" relativeResultsDirectory="bc832eb1-3a80-4b92-9abb-73370701ae7b" />
    <UnitTestResult executionId="ea372355-d034-4dd8-b85b-b15f92ff9278" testId="cb9f49fb-58b9-06a6-2d40-6492ed02487d" testName="xUnitTestProject.CurrencyHelperTests.FormatToStringTest1000(price: 386.358918903097, expected: &quot;386.36 zł&quot;)" computerName="DESKTOP-5URQ9PB" duration="00:00:00.0000040" startTime="2022-06-13T21:14:10.7147889+02:00" endTime="2022-06-13T21:14:10.7147890+02:00" testType="13cdc9d9-ddb5-4fa4-a97d-d965ccfc6d4b" outcome="Passed" testListId="8c84fa94-04c1-424b-9868-57a2d4851a1d" relativeResultsDirectory="ea372355-d034-4dd8-b85b-b15f92ff9278" />
    <UnitTestResult executionId="a5eab373-7962-43ea-bea4-93db1fa43aef" testId="a815ca81-3cc8-5bb5-3df9-88bef0e0f650" testName="xUnitTestProject.CurrencyHelperTests.FormatToStringTest1000(price: 6352.983758103561, expected: &quot;6352.98 zł&quot;)" computerName="DESKTOP-5URQ9PB" duration="00:00:00.0000049" startTime="2022-06-13T21:14:10.6903332+02:00" endTime="2022-06-13T21:14:10.6903333+02:00" testType="13cdc9d9-ddb5-4fa4-a97d-d965ccfc6d4b" outcome="Passed" testListId="8c84fa94-04c1-424b-9868-57a2d4851a1d" relativeResultsDirectory="a5eab373-7962-43ea-bea4-93db1fa43aef" />
    <UnitTestResult executionId="41c2826e-5ff0-4af8-b1b2-7e592f02e415" testId="bafee3ee-9889-56d2-8e3d-2c651a7649c3" testName="xUnitTestProject.CurrencyHelperTests.FormatToStringTest1000(price: 10857.521742201186, expected: &quot;10857.52 zł&quot;)" computerName="DESKTOP-5URQ9PB" duration="00:00:00.0000056" startTime="2022-06-13T21:14:10.6665990+02:00" endTime="2022-06-13T21:14:10.6665992+02:00" testType="13cdc9d9-ddb5-4fa4-a97d-d965ccfc6d4b" outcome="Passed" testListId="8c84fa94-04c1-424b-9868-57a2d4851a1d" relativeResultsDirectory="41c2826e-5ff0-4af8-b1b2-7e592f02e415" />
    <UnitTestResult executionId="6962543e-016b-4190-b4d3-46c967d9f6b6" testId="5b2fabb4-e059-962c-348f-3355cdc7486e" testName="xUnitTestProject.CurrencyHelperTests.FormatToStringTest1000(price: 14137.400697779563, expected: &quot;14137.40 zł&quot;)" computerName="DESKTOP-5URQ9PB" duration="00:00:00.0000043" startTime="2022-06-13T21:14:10.6923660+02:00" endTime="2022-06-13T21:14:10.6923661+02:00" testType="13cdc9d9-ddb5-4fa4-a97d-d965ccfc6d4b" outcome="Passed" testListId="8c84fa94-04c1-424b-9868-57a2d4851a1d" relativeResultsDirectory="6962543e-016b-4190-b4d3-46c967d9f6b6" />
    <UnitTestResult executionId="b1930cfa-3c51-43ee-bf34-140b13ad4e72" testId="c7c04760-2233-4819-4eb3-2daf180edff4" testName="xUnitTestProject.CurrencyHelperTests.FormatToStringTest1000(price: 238.1379397484185, expected: &quot;238.14 zł&quot;)" computerName="DESKTOP-5URQ9PB" duration="00:00:00.0000056" startTime="2022-06-13T21:14:10.7953478+02:00" endTime="2022-06-13T21:14:10.7953480+02:00" testType="13cdc9d9-ddb5-4fa4-a97d-d965ccfc6d4b" outcome="Passed" testListId="8c84fa94-04c1-424b-9868-57a2d4851a1d" relativeResultsDirectory="b1930cfa-3c51-43ee-bf34-140b13ad4e72" />
    <UnitTestResult executionId="1f34ee71-9d43-40eb-8d31-024e56d525f7" testId="17e8adfe-3d5e-8417-3ca9-9ea065f0229b" testName="xUnitTestProject.CurrencyHelperTests.FormatToStringTest1000(price: 49672.98901987402, expected: &quot;49672.99 zł&quot;)" computerName="DESKTOP-5URQ9PB" duration="00:00:00.0000041" startTime="2022-06-13T21:14:10.7318193+02:00" endTime="2022-06-13T21:14:10.7318195+02:00" testType="13cdc9d9-ddb5-4fa4-a97d-d965ccfc6d4b" outcome="Passed" testListId="8c84fa94-04c1-424b-9868-57a2d4851a1d" relativeResultsDirectory="1f34ee71-9d43-40eb-8d31-024e56d525f7" />
    <UnitTestResult executionId="cd30a24b-5ca4-42eb-8238-3a909da1271a" testId="5021544e-bd06-1c2d-b3df-c21b577ebfa2" testName="xUnitTestProject.CurrencyHelperTests.FormatToStringTest1000(price: 50550.645020282194, expected: &quot;50550.65 zł&quot;)" computerName="DESKTOP-5URQ9PB" duration="00:00:00.0000083" startTime="2022-06-13T21:14:10.7494911+02:00" endTime="2022-06-13T21:14:10.7494913+02:00" testType="13cdc9d9-ddb5-4fa4-a97d-d965ccfc6d4b" outcome="Passed" testListId="8c84fa94-04c1-424b-9868-57a2d4851a1d" relativeResultsDirectory="cd30a24b-5ca4-42eb-8238-3a909da1271a" />
    <UnitTestResult executionId="476fad2e-8318-4cf3-9f88-ee363106935a" testId="eb3e6893-2377-abc3-6bc4-b22d25b0ece8" testName="xUnitTestProject.CurrencyHelperTests.FormatToStringTest1000(price: 44869.327020554025, expected: &quot;44869.33 zł&quot;)" computerName="DESKTOP-5URQ9PB" duration="00:00:00.0000078" startTime="2022-06-13T21:14:10.7923472+02:00" endTime="2022-06-13T21:14:10.7923476+02:00" testType="13cdc9d9-ddb5-4fa4-a97d-d965ccfc6d4b" outcome="Passed" testListId="8c84fa94-04c1-424b-9868-57a2d4851a1d" relativeResultsDirectory="476fad2e-8318-4cf3-9f88-ee363106935a" />
    <UnitTestResult executionId="b20b22e1-4674-4413-aadc-8d8f729e528f" testId="0a8dd3d5-59e9-8093-402f-f8fc213265ce" testName="xUnitTestProject.CurrencyHelperTests.FormatToStringTest1000(price: 11022.594234092438, expected: &quot;11022.59 zł&quot;)" computerName="DESKTOP-5URQ9PB" duration="00:00:00.0000043" startTime="2022-06-13T21:14:10.6776451+02:00" endTime="2022-06-13T21:14:10.6776453+02:00" testType="13cdc9d9-ddb5-4fa4-a97d-d965ccfc6d4b" outcome="Passed" testListId="8c84fa94-04c1-424b-9868-57a2d4851a1d" relativeResultsDirectory="b20b22e1-4674-4413-aadc-8d8f729e528f" />
    <UnitTestResult executionId="6311c018-da4e-4733-a067-23f3d05dbed3" testId="c5aa0d75-50a2-309f-29ef-6a7a3d1053ab" testName="xUnitTestProject.CurrencyHelperTests.FormatToStringTest1000(price: 30031.89550569323, expected: &quot;30031.90 zł&quot;)" computerName="DESKTOP-5URQ9PB" duration="00:00:00.0000054" startTime="2022-06-13T21:14:10.7158501+02:00" endTime="2022-06-13T21:14:10.7158504+02:00" testType="13cdc9d9-ddb5-4fa4-a97d-d965ccfc6d4b" outcome="Passed" testListId="8c84fa94-04c1-424b-9868-57a2d4851a1d" relativeResultsDirectory="6311c018-da4e-4733-a067-23f3d05dbed3" />
    <UnitTestResult executionId="0cbe4af4-c2a3-4788-b3be-69be5afb42c7" testId="d2ca44f4-b0fb-ea99-f88d-5612fe812eb3" testName="xUnitTestProject.CurrencyHelperTests.FormatToStringTest1000(price: 10457.593086045978, expected: &quot;10457.59 zł&quot;)" computerName="DESKTOP-5URQ9PB" duration="00:00:00.0000085" startTime="2022-06-13T21:14:10.7882816+02:00" endTime="2022-06-13T21:14:10.7882820+02:00" testType="13cdc9d9-ddb5-4fa4-a97d-d965ccfc6d4b" outcome="Passed" testListId="8c84fa94-04c1-424b-9868-57a2d4851a1d" relativeResultsDirectory="0cbe4af4-c2a3-4788-b3be-69be5afb42c7" />
    <UnitTestResult executionId="72790649-a9e7-4eb5-94a2-8e25b3f557aa" testId="d3cdcde5-df28-6c6c-d5ee-263c0a49023a" testName="xUnitTestProject.CurrencyHelperTests.FormatToStringTest1000(price: 6266.232005888704, expected: &quot;6266.23 zł&quot;)" computerName="DESKTOP-5URQ9PB" duration="00:00:00.0000068" startTime="2022-06-13T21:14:10.7729009+02:00" endTime="2022-06-13T21:14:10.7729011+02:00" testType="13cdc9d9-ddb5-4fa4-a97d-d965ccfc6d4b" outcome="Passed" testListId="8c84fa94-04c1-424b-9868-57a2d4851a1d" relativeResultsDirectory="72790649-a9e7-4eb5-94a2-8e25b3f557aa" />
    <UnitTestResult executionId="bb428199-ff99-49f5-8c9c-7ff83b799493" testId="d44a0649-8200-dc14-ee0f-9aa1a5e79e57" testName="xUnitTestProject.CurrencyHelperTests.FormatToStringTest1000(price: 100.45267071130345, expected: &quot;100.45 zł&quot;)" computerName="DESKTOP-5URQ9PB" duration="00:00:00.0000079" startTime="2022-06-13T21:14:10.7764224+02:00" endTime="2022-06-13T21:14:10.7764225+02:00" testType="13cdc9d9-ddb5-4fa4-a97d-d965ccfc6d4b" outcome="Passed" testListId="8c84fa94-04c1-424b-9868-57a2d4851a1d" relativeResultsDirectory="bb428199-ff99-49f5-8c9c-7ff83b799493" />
    <UnitTestResult executionId="f00f89f2-dcfa-47f3-ab0e-ba8bbed0fdec" testId="685331f6-0a25-8111-bb2a-37dce3d8d170" testName="xUnitTestProject.CurrencyHelperTests.FormatToStringTest1000(price: 45035.160883881224, expected: &quot;45035.16 zł&quot;)" computerName="DESKTOP-5URQ9PB" duration="00:00:00.0000044" startTime="2022-06-13T21:14:10.7282654+02:00" endTime="2022-06-13T21:14:10.7282656+02:00" testType="13cdc9d9-ddb5-4fa4-a97d-d965ccfc6d4b" outcome="Passed" testListId="8c84fa94-04c1-424b-9868-57a2d4851a1d" relativeResultsDirectory="f00f89f2-dcfa-47f3-ab0e-ba8bbed0fdec" />
    <UnitTestResult executionId="c3be8cf0-48d4-4d1b-88b6-bb76118ae7a0" testId="e5b31225-6687-353e-986c-a81c10574659" testName="xUnitTestProject.CurrencyHelperTests.FormatToStringTest1000(price: 52888.48934243642, expected: &quot;52888.49 zł&quot;)" computerName="DESKTOP-5URQ9PB" duration="00:00:00.0000044" startTime="2022-06-13T21:14:10.6946245+02:00" endTime="2022-06-13T21:14:10.6946246+02:00" testType="13cdc9d9-ddb5-4fa4-a97d-d965ccfc6d4b" outcome="Passed" testListId="8c84fa94-04c1-424b-9868-57a2d4851a1d" relativeResultsDirectory="c3be8cf0-48d4-4d1b-88b6-bb76118ae7a0" />
    <UnitTestResult executionId="19acf411-619f-4dc2-815e-9e6df12bcd32" testId="e54868c5-e23a-96f9-bd57-052b8e9f25f9" testName="xUnitTestProject.CurrencyHelperTests.FormatToStringTest1000(price: 8768.816937361293, expected: &quot;8768.82 zł&quot;)" computerName="DESKTOP-5URQ9PB" duration="00:00:00.0000060" startTime="2022-06-13T21:14:10.7933956+02:00" endTime="2022-06-13T21:14:10.7933958+02:00" testType="13cdc9d9-ddb5-4fa4-a97d-d965ccfc6d4b" outcome="Passed" testListId="8c84fa94-04c1-424b-9868-57a2d4851a1d" relativeResultsDirectory="19acf411-619f-4dc2-815e-9e6df12bcd32" />
    <UnitTestResult executionId="e26ce9a9-e92d-43dc-8aed-dc8d7f1bccda" testId="1dd0f7bb-be41-1080-f53b-d32cb9d53ae0" testName="xUnitTestProject.CurrencyHelperTests.FormatToStringTest1000(price: 51300.77891898145, expected: &quot;51300.78 zł&quot;)" computerName="DESKTOP-5URQ9PB" duration="00:00:00.0000081" startTime="2022-06-13T21:14:10.7586700+02:00" endTime="2022-06-13T21:14:10.7586701+02:00" testType="13cdc9d9-ddb5-4fa4-a97d-d965ccfc6d4b" outcome="Passed" testListId="8c84fa94-04c1-424b-9868-57a2d4851a1d" relativeResultsDirectory="e26ce9a9-e92d-43dc-8aed-dc8d7f1bccda" />
    <UnitTestResult executionId="30444513-625e-4f41-9c7d-8a24eda9fb13" testId="9100d9e1-967e-296d-c07b-a43969fad121" testName="xUnitTestProject.CurrencyHelperTests.FormatToStringTest1000(price: 16901.497392274203, expected: &quot;16901.50 zł&quot;)" computerName="DESKTOP-5URQ9PB" duration="00:00:00.0000055" startTime="2022-06-13T21:14:10.6817547+02:00" endTime="2022-06-13T21:14:10.6817548+02:00" testType="13cdc9d9-ddb5-4fa4-a97d-d965ccfc6d4b" outcome="Passed" testListId="8c84fa94-04c1-424b-9868-57a2d4851a1d" relativeResultsDirectory="30444513-625e-4f41-9c7d-8a24eda9fb13" />
    <UnitTestResult executionId="93cf175f-c6e9-45a6-95f5-8cd43e71e18b" testId="0c81c8d2-5b34-01f9-4916-14e860679bfe" testName="xUnitTestProject.CurrencyHelperTests.FormatToStringTest1000(price: 64568.131500027666, expected: &quot;64568.13 zł&quot;)" computerName="DESKTOP-5URQ9PB" duration="00:00:00.0000041" startTime="2022-06-13T21:14:10.7048656+02:00" endTime="2022-06-13T21:14:10.7048657+02:00" testType="13cdc9d9-ddb5-4fa4-a97d-d965ccfc6d4b" outcome="Passed" testListId="8c84fa94-04c1-424b-9868-57a2d4851a1d" relativeResultsDirectory="93cf175f-c6e9-45a6-95f5-8cd43e71e18b" />
    <UnitTestResult executionId="fdebcdb8-93b7-4fd8-bffb-41071d754ebf" testId="6cb3c27b-61db-68ea-03a1-16fad20636e6" testName="xUnitTestProject.CurrencyHelperTests.FormatToStringTest1000(price: 12759.925747307914, expected: &quot;12759.93 zł&quot;)" computerName="DESKTOP-5URQ9PB" duration="00:00:00.0000078" startTime="2022-06-13T21:14:10.7775934+02:00" endTime="2022-06-13T21:14:10.7775935+02:00" testType="13cdc9d9-ddb5-4fa4-a97d-d965ccfc6d4b" outcome="Passed" testListId="8c84fa94-04c1-424b-9868-57a2d4851a1d" relativeResultsDirectory="fdebcdb8-93b7-4fd8-bffb-41071d754ebf" />
    <UnitTestResult executionId="e3d7dfd3-8d51-4646-8962-95b4da39de06" testId="f54965f2-1519-0721-6d19-cf1386c23793" testName="xUnitTestProject.CurrencyHelperTests.FormatToStringTest1000(price: 8242.419043611, expected: &quot;8242.42 zł&quot;)" computerName="DESKTOP-5URQ9PB" duration="00:00:00.0000088" startTime="2022-06-13T21:14:10.7742233+02:00" endTime="2022-06-13T21:14:10.7742234+02:00" testType="13cdc9d9-ddb5-4fa4-a97d-d965ccfc6d4b" outcome="Passed" testListId="8c84fa94-04c1-424b-9868-57a2d4851a1d" relativeResultsDirectory="e3d7dfd3-8d51-4646-8962-95b4da39de06" />
    <UnitTestResult executionId="cbff7066-9959-4324-a326-bb2bd5ea7d3a" testId="ef2c65b8-081e-e356-813a-949f0831c7f0" testName="xUnitTestProject.CurrencyHelperTests.FormatToStringTest1000(price: 13568.230982493717, expected: &quot;13568.23 zł&quot;)" computerName="DESKTOP-5URQ9PB" duration="00:00:00.0000071" startTime="2022-06-13T21:14:10.7740546+02:00" endTime="2022-06-13T21:14:10.7740551+02:00" testType="13cdc9d9-ddb5-4fa4-a97d-d965ccfc6d4b" outcome="Passed" testListId="8c84fa94-04c1-424b-9868-57a2d4851a1d" relativeResultsDirectory="cbff7066-9959-4324-a326-bb2bd5ea7d3a" />
    <UnitTestResult executionId="d3e5daa6-d589-44a5-9772-817760f178f6" testId="3f3f2250-01f3-21dd-18d8-8a073a42cac3" testName="xUnitTestProject.CurrencyHelperTests.FormatToStringTest1000(price: 9765.54450809748, expected: &quot;9765.54 zł&quot;)" computerName="DESKTOP-5URQ9PB" duration="00:00:00.0000071" startTime="2022-06-13T21:14:10.7471107+02:00" endTime="2022-06-13T21:14:10.7471108+02:00" testType="13cdc9d9-ddb5-4fa4-a97d-d965ccfc6d4b" outcome="Passed" testListId="8c84fa94-04c1-424b-9868-57a2d4851a1d" relativeResultsDirectory="d3e5daa6-d589-44a5-9772-817760f178f6" />
    <UnitTestResult executionId="4446f8b4-eb26-4a9f-8d3b-081b2dc25e3f" testId="f1ddd1cb-937b-c6a5-5626-287e7f18daa2" testName="xUnitTestProject.CurrencyHelperTests.FormatToStringTest1000(price: 1751.1734380625066, expected: &quot;1751.17 zł&quot;)" computerName="DESKTOP-5URQ9PB" duration="00:00:00.0000055" startTime="2022-06-13T21:14:10.6664693+02:00" endTime="2022-06-13T21:14:10.6664696+02:00" testType="13cdc9d9-ddb5-4fa4-a97d-d965ccfc6d4b" outcome="Passed" testListId="8c84fa94-04c1-424b-9868-57a2d4851a1d" relativeResultsDirectory="4446f8b4-eb26-4a9f-8d3b-081b2dc25e3f" />
    <UnitTestResult executionId="418e2084-cecb-476d-836d-8d33171c80e6" testId="5605ffe3-47bf-edde-5207-79dd7a259fef" testName="xUnitTestProject.CurrencyHelperTests.FormatToStringTest1000(price: 45955.903045959254, expected: &quot;45955.90 zł&quot;)" computerName="DESKTOP-5URQ9PB" duration="00:00:00.0000072" startTime="2022-06-13T21:14:10.7596488+02:00" endTime="2022-06-13T21:14:10.7596489+02:00" testType="13cdc9d9-ddb5-4fa4-a97d-d965ccfc6d4b" outcome="Passed" testListId="8c84fa94-04c1-424b-9868-57a2d4851a1d" relativeResultsDirectory="418e2084-cecb-476d-836d-8d33171c80e6" />
    <UnitTestResult executionId="0fd9003c-1f4c-436e-883d-b9b10de8706c" testId="6dcc8842-a927-f371-cf06-32198da79abc" testName="xUnitTestProject.CurrencyHelperTests.FormatToStringTest1000(price: 17455.15807988595, expected: &quot;17455.16 zł&quot;)" computerName="DESKTOP-5URQ9PB" duration="00:00:00.0000083" startTime="2022-06-13T21:14:10.7913955+02:00" endTime="2022-06-13T21:14:10.7913956+02:00" testType="13cdc9d9-ddb5-4fa4-a97d-d965ccfc6d4b" outcome="Passed" testListId="8c84fa94-04c1-424b-9868-57a2d4851a1d" relativeResultsDirectory="0fd9003c-1f4c-436e-883d-b9b10de8706c" />
    <UnitTestResult executionId="bfc7e5b1-7196-4aa0-b46a-80c1e7b1915a" testId="f284fcd5-95ba-5e4a-ef58-143a466ff941" testName="xUnitTestProject.CurrencyHelperTests.FormatToStringTest1000(price: 36978.61073549213, expected: &quot;36978.61 zł&quot;)" computerName="DESKTOP-5URQ9PB" duration="00:00:00.0000043" startTime="2022-06-13T21:14:10.7196630+02:00" endTime="2022-06-13T21:14:10.7196632+02:00" testType="13cdc9d9-ddb5-4fa4-a97d-d965ccfc6d4b" outcome="Passed" testListId="8c84fa94-04c1-424b-9868-57a2d4851a1d" relativeResultsDirectory="bfc7e5b1-7196-4aa0-b46a-80c1e7b1915a" />
    <UnitTestResult executionId="b619a10a-9ff3-4c47-bfb7-965a150674a3" testId="d02dc591-3a84-d3ac-10be-a85efb2cb27c" testName="xUnitTestProject.CurrencyHelperTests.FormatToStringTest1000(price: 23789.556920184546, expected: &quot;23789.56 zł&quot;)" computerName="DESKTOP-5URQ9PB" duration="00:00:00.0000043" startTime="2022-06-13T21:14:10.7255596+02:00" endTime="2022-06-13T21:14:10.7255597+02:00" testType="13cdc9d9-ddb5-4fa4-a97d-d965ccfc6d4b" outcome="Passed" testListId="8c84fa94-04c1-424b-9868-57a2d4851a1d" relativeResultsDirectory="b619a10a-9ff3-4c47-bfb7-965a150674a3" />
    <UnitTestResult executionId="62dcb94a-4bfd-43fc-92ae-5c2d48891108" testId="72858ddf-be22-dd7b-74db-ce66ecacd1dd" testName="xUnitTestProject.CurrencyHelperTests.FormatToStringTest1000(price: 1614.2516601789982, expected: &quot;1614.25 zł&quot;)" computerName="DESKTOP-5URQ9PB" duration="00:00:00.0000041" startTime="2022-06-13T21:14:10.7401740+02:00" endTime="2022-06-13T21:14:10.7401743+02:00" testType="13cdc9d9-ddb5-4fa4-a97d-d965ccfc6d4b" outcome="Passed" testListId="8c84fa94-04c1-424b-9868-57a2d4851a1d" relativeResultsDirectory="62dcb94a-4bfd-43fc-92ae-5c2d48891108" />
    <UnitTestResult executionId="9ca23e5b-ad19-4bb2-976e-4cbba17702bd" testId="8b9bc8ba-9742-8b44-9f33-0b46de660b7e" testName="xUnitTestProject.CurrencyHelperTests.FormatToStringTest1000(price: 21602.417596116393, expected: &quot;21602.42 zł&quot;)" computerName="DESKTOP-5URQ9PB" duration="00:00:00.0000056" startTime="2022-06-13T21:14:10.7963893+02:00" endTime="2022-06-13T21:14:10.7963895+02:00" testType="13cdc9d9-ddb5-4fa4-a97d-d965ccfc6d4b" outcome="Passed" testListId="8c84fa94-04c1-424b-9868-57a2d4851a1d" relativeResultsDirectory="9ca23e5b-ad19-4bb2-976e-4cbba17702bd" />
    <UnitTestResult executionId="a3c02cda-2cd2-411c-85e6-a4897b2d1c4a" testId="8b7f95f5-c5ec-10c0-26ff-eb4390bba1ee" testName="xUnitTestProject.CurrencyHelperTests.FormatToStringTest1000(price: 20344.185360967265, expected: &quot;20344.19 zł&quot;)" computerName="DESKTOP-5URQ9PB" duration="00:00:00.0000070" startTime="2022-06-13T21:14:10.7992235+02:00" endTime="2022-06-13T21:14:10.7992237+02:00" testType="13cdc9d9-ddb5-4fa4-a97d-d965ccfc6d4b" outcome="Passed" testListId="8c84fa94-04c1-424b-9868-57a2d4851a1d" relativeResultsDirectory="a3c02cda-2cd2-411c-85e6-a4897b2d1c4a" />
    <UnitTestResult executionId="03303451-6e6a-4129-8bb1-878aa3976907" testId="bfa1b3ee-d7a8-b11e-2134-8a3b879aa609" testName="xUnitTestProject.CurrencyHelperTests.FormatToStringTest1000(price: 13582.47117894258, expected: &quot;13582.47 zł&quot;)" computerName="DESKTOP-5URQ9PB" duration="00:00:00.0000041" startTime="2022-06-13T21:14:10.7107462+02:00" endTime="2022-06-13T21:14:10.7107464+02:00" testType="13cdc9d9-ddb5-4fa4-a97d-d965ccfc6d4b" outcome="Passed" testListId="8c84fa94-04c1-424b-9868-57a2d4851a1d" relativeResultsDirectory="03303451-6e6a-4129-8bb1-878aa3976907" />
    <UnitTestResult executionId="38583bbb-3dad-476b-b60e-d2db95993c38" testId="5a540ea5-a914-2a7a-fb65-63091b7a1082" testName="xUnitTestProject.CurrencyHelperTests.FormatToStringTest1000(price: 1568.615240217473, expected: &quot;1568.62 zł&quot;)" computerName="DESKTOP-5URQ9PB" duration="00:00:00.0000075" startTime="2022-06-13T21:14:10.7854274+02:00" endTime="2022-06-13T21:14:10.7854275+02:00" testType="13cdc9d9-ddb5-4fa4-a97d-d965ccfc6d4b" outcome="Passed" testListId="8c84fa94-04c1-424b-9868-57a2d4851a1d" relativeResultsDirectory="38583bbb-3dad-476b-b60e-d2db95993c38" />
    <UnitTestResult executionId="019ebafd-c4ea-4d00-8abd-1e1b5da93a30" testId="ebd1aa40-63da-115b-f2a9-d23a543d03a1" testName="xUnitTestProject.CurrencyHelperTests.FormatToStringTest1000(price: 20441.330495004695, expected: &quot;20441.33 zł&quot;)" computerName="DESKTOP-5URQ9PB" duration="00:00:00.0000068" startTime="2022-06-13T21:14:10.7494152+02:00" endTime="2022-06-13T21:14:10.7494154+02:00" testType="13cdc9d9-ddb5-4fa4-a97d-d965ccfc6d4b" outcome="Passed" testListId="8c84fa94-04c1-424b-9868-57a2d4851a1d" relativeResultsDirectory="019ebafd-c4ea-4d00-8abd-1e1b5da93a30" />
    <UnitTestResult executionId="268965cb-5e6f-4b99-ac77-10f358482609" testId="1aafdcdc-e39a-0bd1-4429-1c1f26634e52" testName="xUnitTestProject.CurrencyHelperTests.FormatToStringTest1000(price: 72802.68569213277, expected: &quot;72802.69 zł&quot;)" computerName="DESKTOP-5URQ9PB" duration="00:00:00.0000041" startTime="2022-06-13T21:14:10.7424173+02:00" endTime="2022-06-13T21:14:10.7424176+02:00" testType="13cdc9d9-ddb5-4fa4-a97d-d965ccfc6d4b" outcome="Passed" testListId="8c84fa94-04c1-424b-9868-57a2d4851a1d" relativeResultsDirectory="268965cb-5e6f-4b99-ac77-10f358482609" />
    <UnitTestResult executionId="e932223e-0484-4ee4-8714-9c3ff2f07ea1" testId="9a9212ad-b798-7488-4494-e587449427c6" testName="xUnitTestProject.CurrencyHelperTests.FormatToStringTest1000(price: 17579.823312525088, expected: &quot;17579.82 zł&quot;)" computerName="DESKTOP-5URQ9PB" duration="00:00:00.0000041" startTime="2022-06-13T21:14:10.6850530+02:00" endTime="2022-06-13T21:14:10.6850531+02:00" testType="13cdc9d9-ddb5-4fa4-a97d-d965ccfc6d4b" outcome="Passed" testListId="8c84fa94-04c1-424b-9868-57a2d4851a1d" relativeResultsDirectory="e932223e-0484-4ee4-8714-9c3ff2f07ea1" />
    <UnitTestResult executionId="8df29645-93d9-403d-8e50-54a6a6c83ade" testId="c0741e8d-b0f9-ca5e-e02e-02960c9e164f" testName="xUnitTestProject.CurrencyHelperTests.FormatToStringTest1000(price: 4121.116360678857, expected: &quot;4121.12 zł&quot;)" computerName="DESKTOP-5URQ9PB" duration="00:00:00.0000043" startTime="2022-06-13T21:14:10.6871916+02:00" endTime="2022-06-13T21:14:10.6871917+02:00" testType="13cdc9d9-ddb5-4fa4-a97d-d965ccfc6d4b" outcome="Passed" testListId="8c84fa94-04c1-424b-9868-57a2d4851a1d" relativeResultsDirectory="8df29645-93d9-403d-8e50-54a6a6c83ade" />
    <UnitTestResult executionId="1779c145-1b0e-49e9-bdbd-2d4d737ac22b" testId="a38d6dd0-4abc-cd66-f98d-02667c7de044" testName="xUnitTestProject.CurrencyHelperTests.FormatToStringTest1000(price: 20623.53139885493, expected: &quot;20623.53 zł&quot;)" computerName="DESKTOP-5URQ9PB" duration="00:00:00.0000087" startTime="2022-06-13T21:14:10.7906000+02:00" endTime="2022-06-13T21:14:10.7906001+02:00" testType="13cdc9d9-ddb5-4fa4-a97d-d965ccfc6d4b" outcome="Passed" testListId="8c84fa94-04c1-424b-9868-57a2d4851a1d" relativeResultsDirectory="1779c145-1b0e-49e9-bdbd-2d4d737ac22b" />
    <UnitTestResult executionId="1ee448f7-578a-457f-b111-5c29444476f2" testId="abb4aad3-77db-7359-08fe-5197066f13be" testName="xUnitTestProject.CurrencyHelperTests.FormatToStringTest1000(price: 79339.95632144621, expected: &quot;79339.96 zł&quot;)" computerName="DESKTOP-5URQ9PB" duration="00:00:00.0000056" startTime="2022-06-13T21:14:10.7963307+02:00" endTime="2022-06-13T21:14:10.7963308+02:00" testType="13cdc9d9-ddb5-4fa4-a97d-d965ccfc6d4b" outcome="Passed" testListId="8c84fa94-04c1-424b-9868-57a2d4851a1d" relativeResultsDirectory="1ee448f7-578a-457f-b111-5c29444476f2" />
    <UnitTestResult executionId="99b030d3-4431-4d3f-830c-a34e3fb82eb1" testId="1006d1f0-5b29-3f16-0e5d-80a2a40c26e6" testName="xUnitTestProject.CurrencyHelperTests.FormatToStringTest1000(price: 4002.4180488374172, expected: &quot;4002.42 zł&quot;)" computerName="DESKTOP-5URQ9PB" duration="00:00:00.0000043" startTime="2022-06-13T21:14:10.6871618+02:00" endTime="2022-06-13T21:14:10.6871620+02:00" testType="13cdc9d9-ddb5-4fa4-a97d-d965ccfc6d4b" outcome="Passed" testListId="8c84fa94-04c1-424b-9868-57a2d4851a1d" relativeResultsDirectory="99b030d3-4431-4d3f-830c-a34e3fb82eb1" />
    <UnitTestResult executionId="ff643d8f-664f-4a31-abfd-67f3d0feede5" testId="78d10de8-2dc4-0b77-ab9e-9a161423da54" testName="xUnitTestProject.CurrencyHelperTests.FormatToStringTest1000(price: 2963.24443391815, expected: &quot;2963.24 zł&quot;)" computerName="DESKTOP-5URQ9PB" duration="00:00:00.0000043" startTime="2022-06-13T21:14:10.7105645+02:00" endTime="2022-06-13T21:14:10.7105648+02:00" testType="13cdc9d9-ddb5-4fa4-a97d-d965ccfc6d4b" outcome="Passed" testListId="8c84fa94-04c1-424b-9868-57a2d4851a1d" relativeResultsDirectory="ff643d8f-664f-4a31-abfd-67f3d0feede5" />
    <UnitTestResult executionId="394e168e-8a19-4e16-ae51-2942b41e26f8" testId="0739d753-ed0a-2224-af37-24f0fcbbbd00" testName="xUnitTestProject.CurrencyHelperTests.FormatToStringTest1000(price: 25794.833624416417, expected: &quot;25794.83 zł&quot;)" computerName="DESKTOP-5URQ9PB" duration="00:00:00.0000072" startTime="2022-06-13T21:14:10.7562037+02:00" endTime="2022-06-13T21:14:10.7562039+02:00" testType="13cdc9d9-ddb5-4fa4-a97d-d965ccfc6d4b" outcome="Passed" testListId="8c84fa94-04c1-424b-9868-57a2d4851a1d" relativeResultsDirectory="394e168e-8a19-4e16-ae51-2942b41e26f8" />
    <UnitTestResult executionId="df318c30-727b-408f-9479-183f167cdbd2" testId="8f93d79c-66e7-77f7-7d43-554a5055be47" testName="xUnitTestProject.CurrencyHelperTests.FormatToStringTest1000(price: 2751.3751475258614, expected: &quot;2751.38 zł&quot;)" computerName="DESKTOP-5URQ9PB" duration="00:00:00.0000047" startTime="2022-06-13T21:14:10.7342467+02:00" endTime="2022-06-13T21:14:10.7342469+02:00" testType="13cdc9d9-ddb5-4fa4-a97d-d965ccfc6d4b" outcome="Passed" testListId="8c84fa94-04c1-424b-9868-57a2d4851a1d" relativeResultsDirectory="df318c30-727b-408f-9479-183f167cdbd2" />
    <UnitTestResult executionId="5e3490ad-8434-486f-a983-19fa95766ea4" testId="b7f26b3d-6733-f07e-6f15-9b6ddb83ad50" testName="xUnitTestProject.CurrencyHelperTests.FormatToStringTest1000(price: 9517.514896326473, expected: &quot;9517.51 zł&quot;)" computerName="DESKTOP-5URQ9PB" duration="00:00:00.0000041" startTime="2022-06-13T21:14:10.7217495+02:00" endTime="2022-06-13T21:14:10.7217496+02:00" testType="13cdc9d9-ddb5-4fa4-a97d-d965ccfc6d4b" outcome="Passed" testListId="8c84fa94-04c1-424b-9868-57a2d4851a1d" relativeResultsDirectory="5e3490ad-8434-486f-a983-19fa95766ea4" />
    <UnitTestResult executionId="2120447b-b3e3-4ac6-ae2a-2098fcc01010" testId="688da5e9-d12f-3e2c-c7dd-72c1a87d6a78" testName="xUnitTestProject.CurrencyHelperTests.FormatToStringTest1000(price: 11904.111251175456, expected: &quot;11904.11 zł&quot;)" computerName="DESKTOP-5URQ9PB" duration="00:00:00.0000087" startTime="2022-06-13T21:14:10.7693369+02:00" endTime="2022-06-13T21:14:10.7693370+02:00" testType="13cdc9d9-ddb5-4fa4-a97d-d965ccfc6d4b" outcome="Passed" testListId="8c84fa94-04c1-424b-9868-57a2d4851a1d" relativeResultsDirectory="2120447b-b3e3-4ac6-ae2a-2098fcc01010" />
    <UnitTestResult executionId="4407c6dd-2d70-400d-b251-3739c824e056" testId="632872cf-9e7c-9970-9f88-5a4077b29ff5" testName="xUnitTestProject.CurrencyHelperTests.FormatToStringTest1000(price: 10762.501695533518, expected: &quot;10762.50 zł&quot;)" computerName="DESKTOP-5URQ9PB" duration="00:00:00.0000082" startTime="2022-06-13T21:14:10.7516167+02:00" endTime="2022-06-13T21:14:10.7516169+02:00" testType="13cdc9d9-ddb5-4fa4-a97d-d965ccfc6d4b" outcome="Passed" testListId="8c84fa94-04c1-424b-9868-57a2d4851a1d" relativeResultsDirectory="4407c6dd-2d70-400d-b251-3739c824e056" />
    <UnitTestResult executionId="1dcf03a1-bf3d-4aa4-86be-e96900dede0c" testId="59fa5d82-f5a4-cb1c-ec41-0422b5d07418" testName="xUnitTestProject.CurrencyHelperTests.FormatToStringTest1000(price: 3846.644792262765, expected: &quot;3846.64 zł&quot;)" computerName="DESKTOP-5URQ9PB" duration="00:00:00.0000041" startTime="2022-06-13T21:14:10.6818434+02:00" endTime="2022-06-13T21:14:10.6818435+02:00" testType="13cdc9d9-ddb5-4fa4-a97d-d965ccfc6d4b" outcome="Passed" testListId="8c84fa94-04c1-424b-9868-57a2d4851a1d" relativeResultsDirectory="1dcf03a1-bf3d-4aa4-86be-e96900dede0c" />
    <UnitTestResult executionId="9c9ee105-ac50-4e9e-8265-87748545b4a2" testId="d87ccf8e-ab46-94a5-7597-e2ef80212732" testName="xUnitTestProject.CurrencyHelperTests.FormatToStringTest1000(price: 38076.55319665165, expected: &quot;38076.55 zł&quot;)" computerName="DESKTOP-5URQ9PB" duration="00:00:00.0000071" startTime="2022-06-13T21:14:10.7505819+02:00" endTime="2022-06-13T21:14:10.7505821+02:00" testType="13cdc9d9-ddb5-4fa4-a97d-d965ccfc6d4b" outcome="Passed" testListId="8c84fa94-04c1-424b-9868-57a2d4851a1d" relativeResultsDirectory="9c9ee105-ac50-4e9e-8265-87748545b4a2" />
    <UnitTestResult executionId="da7f80e2-ddfd-4db7-a201-bd5d72291829" testId="186c8c1a-303f-5daa-ee87-7bdde9795321" testName="xUnitTestProject.CurrencyHelperTests.FormatToStringTest1000(price: 2975.6892256134606, expected: &quot;2975.69 zł&quot;)" computerName="DESKTOP-5URQ9PB" duration="00:00:00.0000041" startTime="2022-06-13T21:14:10.7117270+02:00" endTime="2022-06-13T21:14:10.7117271+02:00" testType="13cdc9d9-ddb5-4fa4-a97d-d965ccfc6d4b" outcome="Passed" testListId="8c84fa94-04c1-424b-9868-57a2d4851a1d" relativeResultsDirectory="da7f80e2-ddfd-4db7-a201-bd5d72291829" />
    <UnitTestResult executionId="4c284c82-f435-4c35-b0a7-61ed0d8ca80f" testId="67b93cbf-4a61-71bd-d4ce-d603f3c3b311" testName="xUnitTestProject.CurrencyHelperTests.FormatToStringTest1000(price: 3195.202943510936, expected: &quot;3195.20 zł&quot;)" computerName="DESKTOP-5URQ9PB" duration="00:00:00.0000075" startTime="2022-06-13T21:14:10.7753189+02:00" endTime="2022-06-13T21:14:10.7753191+02:00" testType="13cdc9d9-ddb5-4fa4-a97d-d965ccfc6d4b" outcome="Passed" testListId="8c84fa94-04c1-424b-9868-57a2d4851a1d" relativeResultsDirectory="4c284c82-f435-4c35-b0a7-61ed0d8ca80f" />
    <UnitTestResult executionId="9a1bb09c-8aa6-46d0-8688-aa182d01b8da" testId="a23aab13-e7cd-0855-c1ee-3a27796bc390" testName="xUnitTestProject.CurrencyHelperTests.FormatToStringTest1000(price: 32821.05661472215, expected: &quot;32821.06 zł&quot;)" computerName="DESKTOP-5URQ9PB" duration="00:00:00.0000085" startTime="2022-06-13T21:14:10.7845741+02:00" endTime="2022-06-13T21:14:10.7845742+02:00" testType="13cdc9d9-ddb5-4fa4-a97d-d965ccfc6d4b" outcome="Passed" testListId="8c84fa94-04c1-424b-9868-57a2d4851a1d" relativeResultsDirectory="9a1bb09c-8aa6-46d0-8688-aa182d01b8da" />
    <UnitTestResult executionId="b83cbd01-e75f-4637-923a-530ff86af091" testId="f308d529-c66b-0a68-1a35-9384b1697bbf" testName="xUnitTestProject.CurrencyHelperTests.FormatToStringTest1000(price: 30807.823896702295, expected: &quot;30807.82 zł&quot;)" computerName="DESKTOP-5URQ9PB" duration="00:00:00.0000087" startTime="2022-06-13T21:14:10.7714467+02:00" endTime="2022-06-13T21:14:10.7714471+02:00" testType="13cdc9d9-ddb5-4fa4-a97d-d965ccfc6d4b" outcome="Passed" testListId="8c84fa94-04c1-424b-9868-57a2d4851a1d" relativeResultsDirectory="b83cbd01-e75f-4637-923a-530ff86af091" />
    <UnitTestResult executionId="f90a3684-2e0d-4f68-93f1-f5927b0fed11" testId="61cb44e8-f4b9-17e3-5cff-1fc9b36625bf" testName="xUnitTestProject.CurrencyHelperTests.FormatToStringTest1000(price: 30111.54342534372, expected: &quot;30111.54 zł&quot;)" computerName="DESKTOP-5URQ9PB" duration="00:00:00.0000077" startTime="2022-06-13T21:14:10.7671005+02:00" endTime="2022-06-13T21:14:10.7671007+02:00" testType="13cdc9d9-ddb5-4fa4-a97d-d965ccfc6d4b" outcome="Passed" testListId="8c84fa94-04c1-424b-9868-57a2d4851a1d" relativeResultsDirectory="f90a3684-2e0d-4f68-93f1-f5927b0fed11" />
    <UnitTestResult executionId="b2dfa46c-935b-45c0-98ca-a1d7d474f27a" testId="558fcad2-7807-3075-bb81-ec539c4697ba" testName="xUnitTestProject.CurrencyHelperTests.FormatToStringTest1000(price: 1011.9989482094529, expected: &quot;1012.00 zł&quot;)" computerName="DESKTOP-5URQ9PB" duration="00:00:00.0000041" startTime="2022-06-13T21:14:10.7227348+02:00" endTime="2022-06-13T21:14:10.7227350+02:00" testType="13cdc9d9-ddb5-4fa4-a97d-d965ccfc6d4b" outcome="Passed" testListId="8c84fa94-04c1-424b-9868-57a2d4851a1d" relativeResultsDirectory="b2dfa46c-935b-45c0-98ca-a1d7d474f27a" />
    <UnitTestResult executionId="98748cf8-f953-4ec8-8d75-0d2eabc48acb" testId="b818a661-8c39-b04d-aea0-c8bf6f965ed2" testName="xUnitTestProject.CurrencyHelperTests.FormatToStringTest1000(price: 4030.673117592313, expected: &quot;4030.67 zł&quot;)" computerName="DESKTOP-5URQ9PB" duration="00:00:00.0000043" startTime="2022-06-13T21:14:10.7118484+02:00" endTime="2022-06-13T21:14:10.7118486+02:00" testType="13cdc9d9-ddb5-4fa4-a97d-d965ccfc6d4b" outcome="Passed" testListId="8c84fa94-04c1-424b-9868-57a2d4851a1d" relativeResultsDirectory="98748cf8-f953-4ec8-8d75-0d2eabc48acb" />
    <UnitTestResult executionId="849a4662-73d6-4877-a55a-49f838b0a99f" testId="0d1bc5db-e6c6-10df-8cf0-a0dfa7497484" testName="xUnitTestProject.CurrencyHelperTests.FormatToStringTest1000(price: 41972.39431566763, expected: &quot;41972.39 zł&quot;)" computerName="DESKTOP-5URQ9PB" duration="00:00:00.0000077" startTime="2022-06-13T21:14:10.7816407+02:00" endTime="2022-06-13T21:14:10.7816408+02:00" testType="13cdc9d9-ddb5-4fa4-a97d-d965ccfc6d4b" outcome="Passed" testListId="8c84fa94-04c1-424b-9868-57a2d4851a1d" relativeResultsDirectory="849a4662-73d6-4877-a55a-49f838b0a99f" />
    <UnitTestResult executionId="abe927d6-05c6-4c1c-ab9a-677e8002a53e" testId="9764b852-f92a-9e33-a48d-5ba73babe5d1" testName="xUnitTestProject.CurrencyHelperTests.FormatToStringTest1000(price: 24024.14691439557, expected: &quot;24024.15 zł&quot;)" computerName="DESKTOP-5URQ9PB" duration="00:00:00.0000043" startTime="2022-06-13T21:14:10.6957505+02:00" endTime="2022-06-13T21:14:10.6957507+02:00" testType="13cdc9d9-ddb5-4fa4-a97d-d965ccfc6d4b" outcome="Passed" testListId="8c84fa94-04c1-424b-9868-57a2d4851a1d" relativeResultsDirectory="abe927d6-05c6-4c1c-ab9a-677e8002a53e" />
    <UnitTestResult executionId="68e81d16-1c84-4e3d-bfdb-1519036b1ce6" testId="7e29f92d-fa8b-6742-a856-fa32047034c5" testName="xUnitTestProject.CurrencyHelperTests.FormatToStringTest1000(price: 16825.83099003268, expected: &quot;16825.83 zł&quot;)" computerName="DESKTOP-5URQ9PB" duration="00:00:00.0000080" startTime="2022-06-13T21:14:10.7875368+02:00" endTime="2022-06-13T21:14:10.7875370+02:00" testType="13cdc9d9-ddb5-4fa4-a97d-d965ccfc6d4b" outcome="Passed" testListId="8c84fa94-04c1-424b-9868-57a2d4851a1d" relativeResultsDirectory="68e81d16-1c84-4e3d-bfdb-1519036b1ce6" />
    <UnitTestResult executionId="be4ba767-ab7f-4d75-9454-d9e0b91fc24d" testId="8027e5d6-d435-5a0d-d99c-2d9218dccb7e" testName="xUnitTestProject.CurrencyHelperTests.FormatToStringTest1000(price: 1741.3334432818617, expected: &quot;1741.33 zł&quot;)" computerName="DESKTOP-5URQ9PB" duration="00:00:00.0000078" startTime="2022-06-13T21:14:10.7833575+02:00" endTime="2022-06-13T21:14:10.7833579+02:00" testType="13cdc9d9-ddb5-4fa4-a97d-d965ccfc6d4b" outcome="Passed" testListId="8c84fa94-04c1-424b-9868-57a2d4851a1d" relativeResultsDirectory="be4ba767-ab7f-4d75-9454-d9e0b91fc24d" />
    <UnitTestResult executionId="ab0f9225-c34b-4df5-a0fa-8441f5b297cc" testId="babff9b9-4ec4-5d0f-1835-e465e17600e6" testName="xUnitTestProject.CurrencyHelperTests.FormatToStringTest1000(price: 14100.01255469211, expected: &quot;14100.01 zł&quot;)" computerName="DESKTOP-5URQ9PB" duration="00:00:00.0000044" startTime="2022-06-13T21:14:10.7216900+02:00" endTime="2022-06-13T21:14:10.7216902+02:00" testType="13cdc9d9-ddb5-4fa4-a97d-d965ccfc6d4b" outcome="Passed" testListId="8c84fa94-04c1-424b-9868-57a2d4851a1d" relativeResultsDirectory="ab0f9225-c34b-4df5-a0fa-8441f5b297cc" />
    <UnitTestResult executionId="4236ba58-fbb7-48b9-a9f8-19c1762a4e17" testId="c5e43cdb-d4c3-3c40-9593-aad9b5ca8f95" testName="xUnitTestProject.CurrencyHelperTests.FormatToStringTest1000(price: 96022.24851977557, expected: &quot;96022.25 zł&quot;)" computerName="DESKTOP-5URQ9PB" duration="00:00:00.0000041" startTime="2022-06-13T21:14:10.7127390+02:00" endTime="2022-06-13T21:14:10.7127391+02:00" testType="13cdc9d9-ddb5-4fa4-a97d-d965ccfc6d4b" outcome="Passed" testListId="8c84fa94-04c1-424b-9868-57a2d4851a1d" relativeResultsDirectory="4236ba58-fbb7-48b9-a9f8-19c1762a4e17" />
    <UnitTestResult executionId="7be37fae-c2fc-4576-9821-e6e51bcc05e1" testId="5481b8f6-7923-7c75-9ba8-6b8dff0a8582" testName="xUnitTestProject.CurrencyHelperTests.FormatToStringTest1000(price: 13414.3551766441, expected: &quot;13414.36 zł&quot;)" computerName="DESKTOP-5URQ9PB" duration="00:00:00.0000041" startTime="2022-06-13T21:14:10.7147005+02:00" endTime="2022-06-13T21:14:10.7147007+02:00" testType="13cdc9d9-ddb5-4fa4-a97d-d965ccfc6d4b" outcome="Passed" testListId="8c84fa94-04c1-424b-9868-57a2d4851a1d" relativeResultsDirectory="7be37fae-c2fc-4576-9821-e6e51bcc05e1" />
    <UnitTestResult executionId="258a793e-176c-401b-8c15-7bfdf6783233" testId="366e3c61-7635-9c9b-a996-33c58fa8fc62" testName="xUnitTestProject.CurrencyHelperTests.FormatToStringTest1000(price: 38904.87092920806, expected: &quot;38904.87 zł&quot;)" computerName="DESKTOP-5URQ9PB" duration="00:00:00.0000043" startTime="2022-06-13T21:14:10.6956916+02:00" endTime="2022-06-13T21:14:10.6956917+02:00" testType="13cdc9d9-ddb5-4fa4-a97d-d965ccfc6d4b" outcome="Passed" testListId="8c84fa94-04c1-424b-9868-57a2d4851a1d" relativeResultsDirectory="258a793e-176c-401b-8c15-7bfdf6783233" />
    <UnitTestResult executionId="2fc4b140-8ce0-4ded-86bd-cf790c71aa7d" testId="d1db99c9-780d-a1a8-cf4e-cc5ed7bbc5dc" testName="xUnitTestProject.CurrencyHelperTests.FormatToStringTest1000(price: 66764.31690498316, expected: &quot;66764.32 zł&quot;)" computerName="DESKTOP-5URQ9PB" duration="00:00:00.0000085" startTime="2022-06-13T21:14:10.7483599+02:00" endTime="2022-06-13T21:14:10.7483600+02:00" testType="13cdc9d9-ddb5-4fa4-a97d-d965ccfc6d4b" outcome="Passed" testListId="8c84fa94-04c1-424b-9868-57a2d4851a1d" relativeResultsDirectory="2fc4b140-8ce0-4ded-86bd-cf790c71aa7d" />
    <UnitTestResult executionId="8fd1abb2-6710-4d28-a719-83945b7e756f" testId="4858eca7-ac2a-e51a-34d1-70891bbff583" testName="xUnitTestProject.CurrencyHelperTests.FormatToStringTest1000(price: 2390.7596313784643, expected: &quot;2390.76 zł&quot;)" computerName="DESKTOP-5URQ9PB" duration="00:00:00.0000085" startTime="2022-06-13T21:14:10.7923809+02:00" endTime="2022-06-13T21:14:10.7923811+02:00" testType="13cdc9d9-ddb5-4fa4-a97d-d965ccfc6d4b" outcome="Passed" testListId="8c84fa94-04c1-424b-9868-57a2d4851a1d" relativeResultsDirectory="8fd1abb2-6710-4d28-a719-83945b7e756f" />
    <UnitTestResult executionId="544b9af9-a93b-41ed-8767-046b4594ed8f" testId="dbe8f5eb-581b-1146-9a97-1f79fbc0650a" testName="xUnitTestProject.CurrencyHelperTests.FormatToStringTest1000(price: 16388.556189478633, expected: &quot;16388.56 zł&quot;)" computerName="DESKTOP-5URQ9PB" duration="00:00:00.0000053" startTime="2022-06-13T21:14:10.7148477+02:00" endTime="2022-06-13T21:14:10.7148479+02:00" testType="13cdc9d9-ddb5-4fa4-a97d-d965ccfc6d4b" outcome="Passed" testListId="8c84fa94-04c1-424b-9868-57a2d4851a1d" relativeResultsDirectory="544b9af9-a93b-41ed-8767-046b4594ed8f" />
    <UnitTestResult executionId="67a33ca6-dd68-4477-8ef4-dace42d44a6f" testId="0d82bc84-08a9-ffda-b09d-d44b4e74eec6" testName="xUnitTestProject.CurrencyHelperTests.FormatToStringTest1000(price: 28987.862854782896, expected: &quot;28987.86 zł&quot;)" computerName="DESKTOP-5URQ9PB" duration="00:00:00.0000083" startTime="2022-06-13T21:14:10.7705832+02:00" endTime="2022-06-13T21:14:10.7705834+02:00" testType="13cdc9d9-ddb5-4fa4-a97d-d965ccfc6d4b" outcome="Passed" testListId="8c84fa94-04c1-424b-9868-57a2d4851a1d" relativeResultsDirectory="67a33ca6-dd68-4477-8ef4-dace42d44a6f" />
    <UnitTestResult executionId="c2775c2d-8011-4986-97d9-2cdca6a38e19" testId="2155bccb-482b-2346-834b-1eb7ea617ead" testName="xUnitTestProject.CurrencyHelperTests.FormatToStringTest1000(price: 6146.91236741278, expected: &quot;6146.91 zł&quot;)" computerName="DESKTOP-5URQ9PB" duration="00:00:00.0000041" startTime="2022-06-13T21:14:10.7029325+02:00" endTime="2022-06-13T21:14:10.7029326+02:00" testType="13cdc9d9-ddb5-4fa4-a97d-d965ccfc6d4b" outcome="Passed" testListId="8c84fa94-04c1-424b-9868-57a2d4851a1d" relativeResultsDirectory="c2775c2d-8011-4986-97d9-2cdca6a38e19" />
    <UnitTestResult executionId="6a52c9eb-644d-48cb-9fa6-e91e22e6cd2a" testId="8a119c68-dcc0-dba7-c987-45fbb976469b" testName="xUnitTestProject.CurrencyHelperTests.FormatToStringTest1000(price: 1325.1625259114255, expected: &quot;1325.16 zł&quot;)" computerName="DESKTOP-5URQ9PB" duration="00:00:00.0000051" startTime="2022-06-13T21:14:10.8003021+02:00" endTime="2022-06-13T21:14:10.8003022+02:00" testType="13cdc9d9-ddb5-4fa4-a97d-d965ccfc6d4b" outcome="Passed" testListId="8c84fa94-04c1-424b-9868-57a2d4851a1d" relativeResultsDirectory="6a52c9eb-644d-48cb-9fa6-e91e22e6cd2a" />
    <UnitTestResult executionId="bd636599-269c-40df-914d-0b65bbe4126d" testId="a79fd14a-da4c-bcf0-0f87-a480851cd28d" testName="xUnitTestProject.CurrencyHelperTests.FormatToStringTest1000(price: 2435.1995505835857, expected: &quot;2435.20 zł&quot;)" computerName="DESKTOP-5URQ9PB" duration="00:00:00.0000063" startTime="2022-06-13T21:14:10.7682801+02:00" endTime="2022-06-13T21:14:10.7682802+02:00" testType="13cdc9d9-ddb5-4fa4-a97d-d965ccfc6d4b" outcome="Passed" testListId="8c84fa94-04c1-424b-9868-57a2d4851a1d" relativeResultsDirectory="bd636599-269c-40df-914d-0b65bbe4126d" />
    <UnitTestResult executionId="d76749da-3aa5-425d-8fd7-458267922259" testId="07878353-6799-84f6-4a3b-1ffc56ae1d1d" testName="xUnitTestProject.CurrencyHelperTests.FormatToStringTest1000(price: 6466.872242818062, expected: &quot;6466.87 zł&quot;)" computerName="DESKTOP-5URQ9PB" duration="00:00:00.0000083" startTime="2022-06-13T21:14:10.7943064+02:00" endTime="2022-06-13T21:14:10.7943068+02:00" testType="13cdc9d9-ddb5-4fa4-a97d-d965ccfc6d4b" outcome="Passed" testListId="8c84fa94-04c1-424b-9868-57a2d4851a1d" relativeResultsDirectory="d76749da-3aa5-425d-8fd7-458267922259" />
    <UnitTestResult executionId="316fcd3c-4848-475c-816a-1c8ce20247ae" testId="95df1eac-f3bd-b207-f98c-5233af246763" testName="xUnitTestProject.CurrencyHelperTests.FormatToStringTest1000(price: 7569.605888796322, expected: &quot;7569.61 zł&quot;)" computerName="DESKTOP-5URQ9PB" duration="00:00:00.0000041" startTime="2022-06-13T21:14:10.7317732+02:00" endTime="2022-06-13T21:14:10.7317734+02:00" testType="13cdc9d9-ddb5-4fa4-a97d-d965ccfc6d4b" outcome="Passed" testListId="8c84fa94-04c1-424b-9868-57a2d4851a1d" relativeResultsDirectory="316fcd3c-4848-475c-816a-1c8ce20247ae" />
    <UnitTestResult executionId="2bc61cab-6cb8-4b14-b4ee-56d61fdd4490" testId="de2d22dc-e411-4a1b-48db-f6f07906b5fb" testName="xUnitTestProject.CurrencyHelperTests.FormatToStringTest1000(price: 15313.083673952653, expected: &quot;15313.08 zł&quot;)" computerName="DESKTOP-5URQ9PB" duration="00:00:00.0000085" startTime="2022-06-13T21:14:10.7845448+02:00" endTime="2022-06-13T21:14:10.7845450+02:00" testType="13cdc9d9-ddb5-4fa4-a97d-d965ccfc6d4b" outcome="Passed" testListId="8c84fa94-04c1-424b-9868-57a2d4851a1d" relativeResultsDirectory="2bc61cab-6cb8-4b14-b4ee-56d61fdd4490" />
    <UnitTestResult executionId="f410a441-1184-416b-bead-1afd8d0b3b91" testId="75f79a5e-625f-18cb-34f2-c39806bd0036" testName="xUnitTestProject.CurrencyHelperTests.FormatToStringTest1000(price: 24570.65594858893, expected: &quot;24570.66 zł&quot;)" computerName="DESKTOP-5URQ9PB" duration="00:00:00.0000041" startTime="2022-06-13T21:14:10.7038117+02:00" endTime="2022-06-13T21:14:10.7038118+02:00" testType="13cdc9d9-ddb5-4fa4-a97d-d965ccfc6d4b" outcome="Passed" testListId="8c84fa94-04c1-424b-9868-57a2d4851a1d" relativeResultsDirectory="f410a441-1184-416b-bead-1afd8d0b3b91" />
    <UnitTestResult executionId="98c6c387-49aa-49fd-b4e6-238e97157ea6" testId="32346c07-b161-6e9f-65c2-990bcbe58b07" testName="xUnitTestProject.CurrencyHelperTests.FormatToStringTest1000(price: 67109.22110940759, expected: &quot;67109.22 zł&quot;)" computerName="DESKTOP-5URQ9PB" duration="00:00:00.0000044" startTime="2022-06-13T21:14:10.7088218+02:00" endTime="2022-06-13T21:14:10.7088219+02:00" testType="13cdc9d9-ddb5-4fa4-a97d-d965ccfc6d4b" outcome="Passed" testListId="8c84fa94-04c1-424b-9868-57a2d4851a1d" relativeResultsDirectory="98c6c387-49aa-49fd-b4e6-238e97157ea6" />
    <UnitTestResult executionId="fd51e7b2-5b0e-4095-b900-1c73751349e6" testId="a735bc53-5ccf-d2d2-51e4-40be87eec2ab" testName="xUnitTestProject.CurrencyHelperTests.FormatToStringTest1000(price: 28992.38363400166, expected: &quot;28992.38 zł&quot;)" computerName="DESKTOP-5URQ9PB" duration="00:00:00.0000041" startTime="2022-06-13T21:14:10.7119426+02:00" endTime="2022-06-13T21:14:10.7119427+02:00" testType="13cdc9d9-ddb5-4fa4-a97d-d965ccfc6d4b" outcome="Passed" testListId="8c84fa94-04c1-424b-9868-57a2d4851a1d" relativeResultsDirectory="fd51e7b2-5b0e-4095-b900-1c73751349e6" />
    <UnitTestResult executionId="b1abee62-2b94-4c25-a272-84c19c962c33" testId="b7a54b06-1426-b0d1-c148-d7f5ca4a408c" testName="xUnitTestProject.CurrencyHelperTests.FormatToStringTest1000(price: 7726.0074454499445, expected: &quot;7726.01 zł&quot;)" computerName="DESKTOP-5URQ9PB" duration="00:00:00.0000041" startTime="2022-06-13T21:14:10.7007568+02:00" endTime="2022-06-13T21:14:10.7007571+02:00" testType="13cdc9d9-ddb5-4fa4-a97d-d965ccfc6d4b" outcome="Passed" testListId="8c84fa94-04c1-424b-9868-57a2d4851a1d" relativeResultsDirectory="b1abee62-2b94-4c25-a272-84c19c962c33" />
    <UnitTestResult executionId="c54221d4-bd27-44cb-8b25-6dcbe692489f" testId="eca8de8b-49e2-07c6-8662-27843e169d09" testName="xUnitTestProject.CurrencyHelperTests.FormatToStringTest1000(price: 73504.44700518598, expected: &quot;73504.45 zł&quot;)" computerName="DESKTOP-5URQ9PB" duration="00:00:00.0000080" startTime="2022-06-13T21:14:10.7853971+02:00" endTime="2022-06-13T21:14:10.7853972+02:00" testType="13cdc9d9-ddb5-4fa4-a97d-d965ccfc6d4b" outcome="Passed" testListId="8c84fa94-04c1-424b-9868-57a2d4851a1d" relativeResultsDirectory="c54221d4-bd27-44cb-8b25-6dcbe692489f" />
    <UnitTestResult executionId="5c9e0c43-8787-4cde-9892-0f1ade30bcce" testId="135dd56d-570b-92a1-4144-854d04d96ef0" testName="xUnitTestProject.CurrencyHelperTests.FormatToStringTest1000(price: 7716.571614765363, expected: &quot;7716.57 zł&quot;)" computerName="DESKTOP-5URQ9PB" duration="00:00:00.0000041" startTime="2022-06-13T21:14:10.6859203+02:00" endTime="2022-06-13T21:14:10.6859207+02:00" testType="13cdc9d9-ddb5-4fa4-a97d-d965ccfc6d4b" outcome="Passed" testListId="8c84fa94-04c1-424b-9868-57a2d4851a1d" relativeResultsDirectory="5c9e0c43-8787-4cde-9892-0f1ade30bcce" />
    <UnitTestResult executionId="9bcacfe9-dce3-4222-92bc-0590c52442db" testId="f527f4e7-733e-c529-a6f2-d33ed3ff23a3" testName="xUnitTestProject.CurrencyHelperTests.FormatToStringTest1000(price: 47025.6224095177, expected: &quot;47025.62 zł&quot;)" computerName="DESKTOP-5URQ9PB" duration="00:00:00.0000083" startTime="2022-06-13T21:14:10.7460932+02:00" endTime="2022-06-13T21:14:10.7460934+02:00" testType="13cdc9d9-ddb5-4fa4-a97d-d965ccfc6d4b" outcome="Passed" testListId="8c84fa94-04c1-424b-9868-57a2d4851a1d" relativeResultsDirectory="9bcacfe9-dce3-4222-92bc-0590c52442db" />
    <UnitTestResult executionId="9ee55858-e748-4fb0-9c4b-840a80659c47" testId="4d5be905-ae12-4fb4-1d65-7b8d91a9be3a" testName="xUnitTestProject.CurrencyHelperTests.FormatToStringTest1000(price: 15742.409864349947, expected: &quot;15742.41 zł&quot;)" computerName="DESKTOP-5URQ9PB" duration="00:00:00.0000043" startTime="2022-06-13T21:14:10.7167631+02:00" endTime="2022-06-13T21:14:10.7167632+02:00" testType="13cdc9d9-ddb5-4fa4-a97d-d965ccfc6d4b" outcome="Passed" testListId="8c84fa94-04c1-424b-9868-57a2d4851a1d" relativeResultsDirectory="9ee55858-e748-4fb0-9c4b-840a80659c47" />
    <UnitTestResult executionId="4222c1a5-0167-48a8-8461-dbcb64dfd7a4" testId="d4b7a26e-ed5a-1e37-a00a-e21284ce265b" testName="xUnitTestProject.CurrencyHelperTests.FormatToStringTest1000(price: 14035.12972514477, expected: &quot;14035.13 zł&quot;)" computerName="DESKTOP-5URQ9PB" duration="00:00:00.0000092" startTime="2022-06-13T21:14:10.7517322+02:00" endTime="2022-06-13T21:14:10.7517324+02:00" testType="13cdc9d9-ddb5-4fa4-a97d-d965ccfc6d4b" outcome="Passed" testListId="8c84fa94-04c1-424b-9868-57a2d4851a1d" relativeResultsDirectory="4222c1a5-0167-48a8-8461-dbcb64dfd7a4" />
    <UnitTestResult executionId="d68a58c4-d34e-4cc8-85a5-c48f2afc8be3" testId="d995492a-671e-36ff-0d73-ec59a569933d" testName="xUnitTestProject.CurrencyHelperTests.FormatToStringTest1000(price: 8013.1229931903645, expected: &quot;8013.12 zł&quot;)" computerName="DESKTOP-5URQ9PB" duration="00:00:00.0000043" startTime="2022-06-13T21:14:10.7166690+02:00" endTime="2022-06-13T21:14:10.7166694+02:00" testType="13cdc9d9-ddb5-4fa4-a97d-d965ccfc6d4b" outcome="Passed" testListId="8c84fa94-04c1-424b-9868-57a2d4851a1d" relativeResultsDirectory="d68a58c4-d34e-4cc8-85a5-c48f2afc8be3" />
    <UnitTestResult executionId="07bc6f09-2855-44f8-9cb3-390ed461df7e" testId="04127ca2-1b44-60f0-2ddc-d2453cd48c79" testName="xUnitTestProject.CurrencyHelperTests.FormatToStringTest1000(price: 25440.18371476614, expected: &quot;25440.18 zł&quot;)" computerName="DESKTOP-5URQ9PB" duration="00:00:00.0000043" startTime="2022-06-13T21:14:10.7097699+02:00" endTime="2022-06-13T21:14:10.7097700+02:00" testType="13cdc9d9-ddb5-4fa4-a97d-d965ccfc6d4b" outcome="Passed" testListId="8c84fa94-04c1-424b-9868-57a2d4851a1d" relativeResultsDirectory="07bc6f09-2855-44f8-9cb3-390ed461df7e" />
    <UnitTestResult executionId="cd01211d-58a0-4d10-93f8-486a3a558a03" testId="76ad8ec9-5ccc-b3a3-7c1b-d549d0dbd095" testName="xUnitTestProject.CurrencyHelperTests.FormatToStringTest1000(price: 4411.456718280659, expected: &quot;4411.46 zł&quot;)" computerName="DESKTOP-5URQ9PB" duration="00:00:00.0000043" startTime="2022-06-13T21:14:10.7207548+02:00" endTime="2022-06-13T21:14:10.7207550+02:00" testType="13cdc9d9-ddb5-4fa4-a97d-d965ccfc6d4b" outcome="Passed" testListId="8c84fa94-04c1-424b-9868-57a2d4851a1d" relativeResultsDirectory="cd01211d-58a0-4d10-93f8-486a3a558a03" />
    <UnitTestResult executionId="bec41e19-5831-45e9-b5b7-0150f6928f5e" testId="c7ef87e2-e6d0-89f1-fa1a-3a161b3248e2" testName="xUnitTestProject.CurrencyHelperTests.FormatToStringTest1000(price: 76751.79413498091, expected: &quot;76751.79 zł&quot;)" computerName="DESKTOP-5URQ9PB" duration="00:00:00.0000041" startTime="2022-06-13T21:14:10.7118815+02:00" endTime="2022-06-13T21:14:10.7118817+02:00" testType="13cdc9d9-ddb5-4fa4-a97d-d965ccfc6d4b" outcome="Passed" testListId="8c84fa94-04c1-424b-9868-57a2d4851a1d" relativeResultsDirectory="bec41e19-5831-45e9-b5b7-0150f6928f5e" />
    <UnitTestResult executionId="7544e5a8-e9b0-4b3d-aafe-f5f0c6f0ffb8" testId="acda3d15-0e29-fc40-b0fc-fcddae081200" testName="xUnitTestProject.CurrencyHelperTests.FormatToStringTest1000(price: 39641.61351217451, expected: &quot;39641.61 zł&quot;)" computerName="DESKTOP-5URQ9PB" duration="00:00:00.0000048" startTime="2022-06-13T21:14:10.6665575+02:00" endTime="2022-06-13T21:14:10.6665577+02:00" testType="13cdc9d9-ddb5-4fa4-a97d-d965ccfc6d4b" outcome="Passed" testListId="8c84fa94-04c1-424b-9868-57a2d4851a1d" relativeResultsDirectory="7544e5a8-e9b0-4b3d-aafe-f5f0c6f0ffb8" />
    <UnitTestResult executionId="b934698a-e730-475f-bd7b-20fd134ba478" testId="124aa2c1-a584-951a-b578-c58272b94396" testName="xUnitTestProject.CurrencyHelperTests.FormatToStringTest1000(price: 5978.1197194131655, expected: &quot;5978.12 zł&quot;)" computerName="DESKTOP-5URQ9PB" duration="00:00:00.0000041" startTime="2022-06-13T21:14:10.6924253+02:00" endTime="2022-06-13T21:14:10.6924254+02:00" testType="13cdc9d9-ddb5-4fa4-a97d-d965ccfc6d4b" outcome="Passed" testListId="8c84fa94-04c1-424b-9868-57a2d4851a1d" relativeResultsDirectory="b934698a-e730-475f-bd7b-20fd134ba478" />
    <UnitTestResult executionId="63cde948-5ba5-44fb-83b9-a4b2934bd9e8" testId="128fe360-ca56-c4c9-0f07-7350435e34a3" testName="xUnitTestProject.CurrencyHelperTests.FormatToStringTest1000(price: 16208.076866391615, expected: &quot;16208.08 zł&quot;)" computerName="DESKTOP-5URQ9PB" duration="00:00:00.0000041" startTime="2022-06-13T21:14:10.6882422+02:00" endTime="2022-06-13T21:14:10.6882423+02:00" testType="13cdc9d9-ddb5-4fa4-a97d-d965ccfc6d4b" outcome="Passed" testListId="8c84fa94-04c1-424b-9868-57a2d4851a1d" relativeResultsDirectory="63cde948-5ba5-44fb-83b9-a4b2934bd9e8" />
    <UnitTestResult executionId="43129eb2-7f08-4055-a050-852173d1952f" testId="68aeee53-b239-e7d6-6e18-da94fac3a451" testName="xUnitTestProject.CurrencyHelperTests.FormatToStringTest1000(price: 43858.624379632354, expected: &quot;43858.62 zł&quot;)" computerName="DESKTOP-5URQ9PB" duration="00:00:00.0000073" startTime="2022-06-13T21:14:10.7874190+02:00" endTime="2022-06-13T21:14:10.7874191+02:00" testType="13cdc9d9-ddb5-4fa4-a97d-d965ccfc6d4b" outcome="Passed" testListId="8c84fa94-04c1-424b-9868-57a2d4851a1d" relativeResultsDirectory="43129eb2-7f08-4055-a050-852173d1952f" />
    <UnitTestResult executionId="55827f05-4fc1-4902-8bf9-e1cf7bac944c" testId="be4ac306-3050-79c7-e4db-2e676fbdab1b" testName="xUnitTestProject.CurrencyHelperTests.FormatToStringTest1000(price: 2951.2722077329045, expected: &quot;2951.27 zł&quot;)" computerName="DESKTOP-5URQ9PB" duration="00:00:00.0000041" startTime="2022-06-13T21:14:10.6784733+02:00" endTime="2022-06-13T21:14:10.6784737+02:00" testType="13cdc9d9-ddb5-4fa4-a97d-d965ccfc6d4b" outcome="Passed" testListId="8c84fa94-04c1-424b-9868-57a2d4851a1d" relativeResultsDirectory="55827f05-4fc1-4902-8bf9-e1cf7bac944c" />
    <UnitTestResult executionId="dfc7c893-6cfe-47c5-b160-315489e63ba5" testId="5b76fee7-881d-69f4-bb6e-50523ab527c9" testName="xUnitTestProject.CurrencyHelperTests.FormatToStringTest1000(price: 37614.50159416278, expected: &quot;37614.50 zł&quot;)" computerName="DESKTOP-5URQ9PB" duration="00:00:00.0000082" startTime="2022-06-13T21:14:10.7752414+02:00" endTime="2022-06-13T21:14:10.7752416+02:00" testType="13cdc9d9-ddb5-4fa4-a97d-d965ccfc6d4b" outcome="Passed" testListId="8c84fa94-04c1-424b-9868-57a2d4851a1d" relativeResultsDirectory="dfc7c893-6cfe-47c5-b160-315489e63ba5" />
    <UnitTestResult executionId="053644ae-ace5-4c07-bac3-0741aef06048" testId="c1399a21-a8d4-fd2f-1879-d9e50a5fe1b4" testName="xUnitTestProject.CurrencyHelperTests.FormatToStringTest1000(price: 73477.18206926118, expected: &quot;73477.18 zł&quot;)" computerName="DESKTOP-5URQ9PB" duration="00:00:00.0000086" startTime="2022-06-13T21:14:10.7804955+02:00" endTime="2022-06-13T21:14:10.7804957+02:00" testType="13cdc9d9-ddb5-4fa4-a97d-d965ccfc6d4b" outcome="Passed" testListId="8c84fa94-04c1-424b-9868-57a2d4851a1d" relativeResultsDirectory="053644ae-ace5-4c07-bac3-0741aef06048" />
    <UnitTestResult executionId="3b8e1e37-c14e-45b6-aa62-f30880d765ee" testId="466d7722-0345-718d-529e-85f31a949492" testName="xUnitTestProject.CurrencyHelperTests.FormatToStringTest1000(price: 2115.5076919884923, expected: &quot;2115.51 zł&quot;)" computerName="DESKTOP-5URQ9PB" duration="00:00:00.0000080" startTime="2022-06-13T21:14:10.7834798+02:00" endTime="2022-06-13T21:14:10.7834800+02:00" testType="13cdc9d9-ddb5-4fa4-a97d-d965ccfc6d4b" outcome="Passed" testListId="8c84fa94-04c1-424b-9868-57a2d4851a1d" relativeResultsDirectory="3b8e1e37-c14e-45b6-aa62-f30880d765ee" />
    <UnitTestResult executionId="3fca7d05-bd17-4044-a310-e1b086ddadb2" testId="56e327fe-8407-ea11-addf-90ce93ff7d58" testName="xUnitTestProject.CurrencyHelperTests.FormatToStringTest1000(price: 1814.7218118955948, expected: &quot;1814.72 zł&quot;)" computerName="DESKTOP-5URQ9PB" duration="00:00:00.0000075" startTime="2022-06-13T21:14:10.7944864+02:00" endTime="2022-06-13T21:14:10.7944865+02:00" testType="13cdc9d9-ddb5-4fa4-a97d-d965ccfc6d4b" outcome="Passed" testListId="8c84fa94-04c1-424b-9868-57a2d4851a1d" relativeResultsDirectory="3fca7d05-bd17-4044-a310-e1b086ddadb2" />
    <UnitTestResult executionId="509154cf-492c-486a-999a-52d40cd96bda" testId="e31c0c60-96f3-c3fc-f48c-6d389a7185de" testName="xUnitTestProject.CurrencyHelperTests.FormatToStringTest1000(price: 19352.183340702755, expected: &quot;19352.18 zł&quot;)" computerName="DESKTOP-5URQ9PB" duration="00:00:00.0000041" startTime="2022-06-13T21:14:10.6893077+02:00" endTime="2022-06-13T21:14:10.6893079+02:00" testType="13cdc9d9-ddb5-4fa4-a97d-d965ccfc6d4b" outcome="Passed" testListId="8c84fa94-04c1-424b-9868-57a2d4851a1d" relativeResultsDirectory="509154cf-492c-486a-999a-52d40cd96bda" />
    <UnitTestResult executionId="2c4e17c3-be7a-4070-8770-9a932e2c6f82" testId="0e441c44-ccc7-5318-d743-a0646c26f920" testName="xUnitTestProject.CurrencyHelperTests.FormatToStringTest1000(price: 9068.70019550468, expected: &quot;9068.70 zł&quot;)" computerName="DESKTOP-5URQ9PB" duration="00:00:00.0000041" startTime="2022-06-13T21:14:10.7197514+02:00" endTime="2022-06-13T21:14:10.7197515+02:00" testType="13cdc9d9-ddb5-4fa4-a97d-d965ccfc6d4b" outcome="Passed" testListId="8c84fa94-04c1-424b-9868-57a2d4851a1d" relativeResultsDirectory="2c4e17c3-be7a-4070-8770-9a932e2c6f82" />
    <UnitTestResult executionId="477c3441-8014-43f3-9479-5f0f38e0f2b0" testId="38b0259f-0bcb-8aec-4c3f-6a948a320426" testName="xUnitTestProject.CurrencyHelperTests.FormatToStringTest1000(price: 24137.016609529506, expected: &quot;24137.02 zł&quot;)" computerName="DESKTOP-5URQ9PB" duration="00:00:00.0000065" startTime="2022-06-13T21:14:10.7730308+02:00" endTime="2022-06-13T21:14:10.7730310+02:00" testType="13cdc9d9-ddb5-4fa4-a97d-d965ccfc6d4b" outcome="Passed" testListId="8c84fa94-04c1-424b-9868-57a2d4851a1d" relativeResultsDirectory="477c3441-8014-43f3-9479-5f0f38e0f2b0" />
    <UnitTestResult executionId="99dccf92-4d28-4f92-a5c6-0ab95b9a8f6c" testId="41fb6436-3dfd-f2cc-b2c2-3eb1f8450637" testName="xUnitTestProject.CurrencyHelperTests.FormatToStringTest1000(price: 181.3640542483721, expected: &quot;181.36 zł&quot;)" computerName="DESKTOP-5URQ9PB" duration="00:00:00.0000080" startTime="2022-06-13T21:14:10.7776236+02:00" endTime="2022-06-13T21:14:10.7776237+02:00" testType="13cdc9d9-ddb5-4fa4-a97d-d965ccfc6d4b" outcome="Passed" testListId="8c84fa94-04c1-424b-9868-57a2d4851a1d" relativeResultsDirectory="99dccf92-4d28-4f92-a5c6-0ab95b9a8f6c" />
    <UnitTestResult executionId="1786d3c4-8ed7-479c-aeb2-0f4b0f147a97" testId="9bb60857-0889-c636-aa09-df7f3ffa4f70" testName="xUnitTestProject.CurrencyHelperTests.FormatToStringTest1000(price: 16986.338876065027, expected: &quot;16986.34 zł&quot;)" computerName="DESKTOP-5URQ9PB" duration="00:00:00.0000040" startTime="2022-06-13T21:14:10.7178082+02:00" endTime="2022-06-13T21:14:10.7178083+02:00" testType="13cdc9d9-ddb5-4fa4-a97d-d965ccfc6d4b" outcome="Passed" testListId="8c84fa94-04c1-424b-9868-57a2d4851a1d" relativeResultsDirectory="1786d3c4-8ed7-479c-aeb2-0f4b0f147a97" />
    <UnitTestResult executionId="7b6e9bbe-56e7-4147-89fe-2479ebb757d5" testId="9538a911-f018-0a3e-26cb-52278d332f56" testName="xUnitTestProject.CurrencyHelperTests.FormatToStringTest1000(price: 12370.243090209198, expected: &quot;12370.24 zł&quot;)" computerName="DESKTOP-5URQ9PB" duration="00:00:00.0000041" startTime="2022-06-13T21:14:10.6859842+02:00" endTime="2022-06-13T21:14:10.6859843+02:00" testType="13cdc9d9-ddb5-4fa4-a97d-d965ccfc6d4b" outcome="Passed" testListId="8c84fa94-04c1-424b-9868-57a2d4851a1d" relativeResultsDirectory="7b6e9bbe-56e7-4147-89fe-2479ebb757d5" />
    <UnitTestResult executionId="300c2f53-1939-4d8d-ad9d-246abcfafc8b" testId="31d7ba44-de75-ed55-66c6-b51937c13355" testName="xUnitTestProject.CurrencyHelperTests.FormatToStringTest1000(price: 60017.857676936714, expected: &quot;60017.86 zł&quot;)" computerName="DESKTOP-5URQ9PB" duration="00:00:00.0000054" startTime="2022-06-13T21:14:10.7436013+02:00" endTime="2022-06-13T21:14:10.7436014+02:00" testType="13cdc9d9-ddb5-4fa4-a97d-d965ccfc6d4b" outcome="Passed" testListId="8c84fa94-04c1-424b-9868-57a2d4851a1d" relativeResultsDirectory="300c2f53-1939-4d8d-ad9d-246abcfafc8b" />
    <UnitTestResult executionId="6b3d11ee-5253-4cb7-b082-e80a83411283" testId="33b7f528-129d-12a3-ccd2-fd1f055d858f" testName="xUnitTestProject.CurrencyHelperTests.FormatToStringTest1000(price: 44930.92203801075, expected: &quot;44930.92 zł&quot;)" computerName="DESKTOP-5URQ9PB" duration="00:00:00.0000075" startTime="2022-06-13T21:14:10.7609331+02:00" endTime="2022-06-13T21:14:10.7609333+02:00" testType="13cdc9d9-ddb5-4fa4-a97d-d965ccfc6d4b" outcome="Passed" testListId="8c84fa94-04c1-424b-9868-57a2d4851a1d" relativeResultsDirectory="6b3d11ee-5253-4cb7-b082-e80a83411283" />
    <UnitTestResult executionId="919e5706-3270-4332-922f-dff2b1e12ad3" testId="3fad871b-7e9b-a4ff-8f1b-45e15f0c2efa" testName="xUnitTestProject.CurrencyHelperTests.FormatToStringTest1000(price: 69373.32129976773, expected: &quot;69373.32 zł&quot;)" computerName="DESKTOP-5URQ9PB" duration="00:00:00.0000041" startTime="2022-06-13T21:14:10.6892145+02:00" endTime="2022-06-13T21:14:10.6892146+02:00" testType="13cdc9d9-ddb5-4fa4-a97d-d965ccfc6d4b" outcome="Passed" testListId="8c84fa94-04c1-424b-9868-57a2d4851a1d" relativeResultsDirectory="919e5706-3270-4332-922f-dff2b1e12ad3" />
    <UnitTestResult executionId="0f705328-8cc2-4490-803b-9c44c2bff3f0" testId="b8055217-5a74-6a87-a561-a760192c2a20" testName="xUnitTestProject.CurrencyHelperTests.FormatToStringTest1000(price: 37954.34384365396, expected: &quot;37954.34 zł&quot;)" computerName="DESKTOP-5URQ9PB" duration="00:00:00.0000090" startTime="2022-06-13T21:14:10.6913985+02:00" endTime="2022-06-13T21:14:10.6913987+02:00" testType="13cdc9d9-ddb5-4fa4-a97d-d965ccfc6d4b" outcome="Passed" testListId="8c84fa94-04c1-424b-9868-57a2d4851a1d" relativeResultsDirectory="0f705328-8cc2-4490-803b-9c44c2bff3f0" />
    <UnitTestResult executionId="e8c845ae-0338-4f52-869b-d04d2e119375" testId="83514fd2-fce2-f5cf-b4b1-7b2bd8509222" testName="xUnitTestProject.CurrencyHelperTests.FormatToStringTest1000(price: 286.92120604539343, expected: &quot;286.92 zł&quot;)" computerName="DESKTOP-5URQ9PB" duration="00:00:00.0000041" startTime="2022-06-13T21:14:10.7316790+02:00" endTime="2022-06-13T21:14:10.7316792+02:00" testType="13cdc9d9-ddb5-4fa4-a97d-d965ccfc6d4b" outcome="Passed" testListId="8c84fa94-04c1-424b-9868-57a2d4851a1d" relativeResultsDirectory="e8c845ae-0338-4f52-869b-d04d2e119375" />
    <UnitTestResult executionId="bf0fdfe0-5974-4fed-b083-e119ba3959e2" testId="be135b72-4539-0e97-74d0-b204a763297e" testName="xUnitTestProject.CurrencyHelperTests.FormatToStringTest1000(price: 15337.485230751097, expected: &quot;15337.49 zł&quot;)" computerName="DESKTOP-5URQ9PB" duration="00:00:00.0000062" startTime="2022-06-13T21:14:10.7944285+02:00" endTime="2022-06-13T21:14:10.7944286+02:00" testType="13cdc9d9-ddb5-4fa4-a97d-d965ccfc6d4b" outcome="Passed" testListId="8c84fa94-04c1-424b-9868-57a2d4851a1d" relativeResultsDirectory="bf0fdfe0-5974-4fed-b083-e119ba3959e2" />
    <UnitTestResult executionId="3995dcab-e262-470a-92e8-15786d822601" testId="dfaf8cc8-6c50-9b2f-464a-6475c413ade9" testName="xUnitTestProject.CurrencyHelperTests.FormatToStringTest1000(price: 67230.86250807665, expected: &quot;67230.86 zł&quot;)" computerName="DESKTOP-5URQ9PB" duration="00:00:00.0000096" startTime="2022-06-13T21:14:10.7914258+02:00" endTime="2022-06-13T21:14:10.7914259+02:00" testType="13cdc9d9-ddb5-4fa4-a97d-d965ccfc6d4b" outcome="Passed" testListId="8c84fa94-04c1-424b-9868-57a2d4851a1d" relativeResultsDirectory="3995dcab-e262-470a-92e8-15786d822601" />
    <UnitTestResult executionId="d3cc622c-ead2-4c55-a9e1-7a98d25399fc" testId="3f543d31-d892-849e-9693-7ae2624b2c94" testName="xUnitTestProject.CurrencyHelperTests.FormatToStringTest1000(price: 33413.381276228174, expected: &quot;33413.38 zł&quot;)" computerName="DESKTOP-5URQ9PB" duration="00:00:00.0000041" startTime="2022-06-13T21:14:10.6966416+02:00" endTime="2022-06-13T21:14:10.6966417+02:00" testType="13cdc9d9-ddb5-4fa4-a97d-d965ccfc6d4b" outcome="Passed" testListId="8c84fa94-04c1-424b-9868-57a2d4851a1d" relativeResultsDirectory="d3cc622c-ead2-4c55-a9e1-7a98d25399fc" />
    <UnitTestResult executionId="12ed4c98-d481-4e33-b6b9-23c35c0c2369" testId="dbb67156-6168-60a5-400a-6afe6eb000f2" testName="xUnitTestProject.CurrencyHelperTests.FormatToStringTest1000(price: 40400.9734049295, expected: &quot;40400.97 zł&quot;)" computerName="DESKTOP-5URQ9PB" duration="00:00:00.0000043" startTime="2022-06-13T21:14:10.7256781+02:00" endTime="2022-06-13T21:14:10.7256782+02:00" testType="13cdc9d9-ddb5-4fa4-a97d-d965ccfc6d4b" outcome="Passed" testListId="8c84fa94-04c1-424b-9868-57a2d4851a1d" relativeResultsDirectory="12ed4c98-d481-4e33-b6b9-23c35c0c2369" />
    <UnitTestResult executionId="86c0805f-2f7a-4cf3-9d13-e22f7f9c61af" testId="99e7c5dd-ce54-9083-5f21-8bd4ff4149bd" testName="xUnitTestProject.CurrencyHelperTests.FormatToStringTest1000(price: 9867.823212210007, expected: &quot;9867.82 zł&quot;)" computerName="DESKTOP-5URQ9PB" duration="00:00:00.0000075" startTime="2022-06-13T21:14:10.7795231+02:00" endTime="2022-06-13T21:14:10.7795232+02:00" testType="13cdc9d9-ddb5-4fa4-a97d-d965ccfc6d4b" outcome="Passed" testListId="8c84fa94-04c1-424b-9868-57a2d4851a1d" relativeResultsDirectory="86c0805f-2f7a-4cf3-9d13-e22f7f9c61af" />
    <UnitTestResult executionId="b145405d-a909-42de-85eb-5b772865acfe" testId="f5005d81-5a9b-ef44-7fc2-52377fae83f4" testName="xUnitTestProject.CurrencyHelperTests.FormatToStringTest1000(price: 26162.532683261918, expected: &quot;26162.53 zł&quot;)" computerName="DESKTOP-5URQ9PB" duration="00:00:00.0000041" startTime="2022-06-13T21:14:10.6827422+02:00" endTime="2022-06-13T21:14:10.6827424+02:00" testType="13cdc9d9-ddb5-4fa4-a97d-d965ccfc6d4b" outcome="Passed" testListId="8c84fa94-04c1-424b-9868-57a2d4851a1d" relativeResultsDirectory="b145405d-a909-42de-85eb-5b772865acfe" />
    <UnitTestResult executionId="2ae5880f-8c62-4473-86e6-1b60dc41aace" testId="d543b1fe-0034-e565-eca0-f9a5d2d12bdc" testName="xUnitTestProject.CurrencyHelperTests.FormatToStringTest1000(price: 26223.99769144412, expected: &quot;26224.00 zł&quot;)" computerName="DESKTOP-5URQ9PB" duration="00:00:00.0000041" startTime="2022-06-13T21:14:10.7147303+02:00" endTime="2022-06-13T21:14:10.7147305+02:00" testType="13cdc9d9-ddb5-4fa4-a97d-d965ccfc6d4b" outcome="Passed" testListId="8c84fa94-04c1-424b-9868-57a2d4851a1d" relativeResultsDirectory="2ae5880f-8c62-4473-86e6-1b60dc41aace" />
    <UnitTestResult executionId="5c04c9cd-3f73-4d01-8390-0084e1330a42" testId="65e69234-8b4f-5c5d-4c39-26b683719c33" testName="xUnitTestProject.CurrencyHelperTests.FormatToStringTest1000(price: 9079.930405251649, expected: &quot;9079.93 zł&quot;)" computerName="DESKTOP-5URQ9PB" duration="00:00:00.0000089" startTime="2022-06-13T21:14:10.7692203+02:00" endTime="2022-06-13T21:14:10.7692205+02:00" testType="13cdc9d9-ddb5-4fa4-a97d-d965ccfc6d4b" outcome="Passed" testListId="8c84fa94-04c1-424b-9868-57a2d4851a1d" relativeResultsDirectory="5c04c9cd-3f73-4d01-8390-0084e1330a42" />
    <UnitTestResult executionId="0e5e58be-c07b-4f67-9d4b-63c485498ae6" testId="927355f0-db19-7988-f19c-ec0494e2f5d9" testName="xUnitTestProject.CurrencyHelperTests.FormatToStringTest1000(price: 748.6264857065987, expected: &quot;748.63 zł&quot;)" computerName="DESKTOP-5URQ9PB" duration="00:00:00.0000048" startTime="2022-06-13T21:14:10.7087027+02:00" endTime="2022-06-13T21:14:10.7087029+02:00" testType="13cdc9d9-ddb5-4fa4-a97d-d965ccfc6d4b" outcome="Passed" testListId="8c84fa94-04c1-424b-9868-57a2d4851a1d" relativeResultsDirectory="0e5e58be-c07b-4f67-9d4b-63c485498ae6" />
    <UnitTestResult executionId="612bbb90-12fa-4f3b-8195-2ac3e100524a" testId="0d808795-ca9e-3ec0-5d7b-6c498dbb0495" testName="xUnitTestProject.CurrencyHelperTests.FormatToStringTest1000(price: 57436.33241095409, expected: &quot;57436.33 zł&quot;)" computerName="DESKTOP-5URQ9PB" duration="00:00:00.0000044" startTime="2022-06-13T21:14:10.7118188+02:00" endTime="2022-06-13T21:14:10.7118189+02:00" testType="13cdc9d9-ddb5-4fa4-a97d-d965ccfc6d4b" outcome="Passed" testListId="8c84fa94-04c1-424b-9868-57a2d4851a1d" relativeResultsDirectory="612bbb90-12fa-4f3b-8195-2ac3e100524a" />
    <UnitTestResult executionId="f5b3d762-09d2-4332-89c2-64a71f23f9c6" testId="294352cc-8efa-db1c-1bd5-bae00c9cde08" testName="xUnitTestProject.CurrencyHelperTests.FormatToStringTest1000(price: 29362.005930638876, expected: &quot;29362.01 zł&quot;)" computerName="DESKTOP-5URQ9PB" duration="00:00:00.0000044" startTime="2022-06-13T21:14:10.7279819+02:00" endTime="2022-06-13T21:14:10.7279824+02:00" testType="13cdc9d9-ddb5-4fa4-a97d-d965ccfc6d4b" outcome="Passed" testListId="8c84fa94-04c1-424b-9868-57a2d4851a1d" relativeResultsDirectory="f5b3d762-09d2-4332-89c2-64a71f23f9c6" />
    <UnitTestResult executionId="ececc77a-7002-4dbc-96c3-5cc023713429" testId="b873b04a-7c62-5dd2-8547-3f31b075c272" testName="xUnitTestProject.CurrencyHelperTests.FormatToStringTest1000(price: 15396.537902579894, expected: &quot;15396.54 zł&quot;)" computerName="DESKTOP-5URQ9PB" duration="00:00:00.0000043" startTime="2022-06-13T21:14:10.7187503+02:00" endTime="2022-06-13T21:14:10.7187504+02:00" testType="13cdc9d9-ddb5-4fa4-a97d-d965ccfc6d4b" outcome="Passed" testListId="8c84fa94-04c1-424b-9868-57a2d4851a1d" relativeResultsDirectory="ececc77a-7002-4dbc-96c3-5cc023713429" />
    <UnitTestResult executionId="3a019d31-f6ec-48fa-95d4-e54a6f92d228" testId="48499d12-acd9-8513-1f00-a2b49278b2fc" testName="xUnitTestProject.CurrencyHelperTests.FormatToStringTest1000(price: 16030.852371789913, expected: &quot;16030.85 zł&quot;)" computerName="DESKTOP-5URQ9PB" duration="00:00:00.0000041" startTime="2022-06-13T21:14:10.7139302+02:00" endTime="2022-06-13T21:14:10.7139304+02:00" testType="13cdc9d9-ddb5-4fa4-a97d-d965ccfc6d4b" outcome="Passed" testListId="8c84fa94-04c1-424b-9868-57a2d4851a1d" relativeResultsDirectory="3a019d31-f6ec-48fa-95d4-e54a6f92d228" />
    <UnitTestResult executionId="da9b11d8-ed4f-4750-9fe2-336fa79b4e9e" testId="b4f18443-22cf-826b-3478-6d5f920e371c" testName="xUnitTestProject.CurrencyHelperTests.FormatToStringTest1000(price: 72659.37876478041, expected: &quot;72659.38 zł&quot;)" computerName="DESKTOP-5URQ9PB" duration="00:00:00.0000090" startTime="2022-06-13T21:14:10.7984604+02:00" endTime="2022-06-13T21:14:10.7984605+02:00" testType="13cdc9d9-ddb5-4fa4-a97d-d965ccfc6d4b" outcome="Passed" testListId="8c84fa94-04c1-424b-9868-57a2d4851a1d" relativeResultsDirectory="da9b11d8-ed4f-4750-9fe2-336fa79b4e9e" />
    <UnitTestResult executionId="73bfcbad-08de-45d8-aea8-1b2fe543683e" testId="62b1fe99-5a28-bc9f-0494-f16f9326c1bc" testName="xUnitTestProject.CurrencyHelperTests.FormatToStringTest1000(price: 12308.022158465357, expected: &quot;12308.02 zł&quot;)" computerName="DESKTOP-5URQ9PB" duration="00:00:00.0000043" startTime="2022-06-13T21:14:10.7196922+02:00" endTime="2022-06-13T21:14:10.7196924+02:00" testType="13cdc9d9-ddb5-4fa4-a97d-d965ccfc6d4b" outcome="Passed" testListId="8c84fa94-04c1-424b-9868-57a2d4851a1d" relativeResultsDirectory="73bfcbad-08de-45d8-aea8-1b2fe543683e" />
    <UnitTestResult executionId="c6cf9208-f45a-419c-a77d-f6352090b8be" testId="53a23bf0-6e98-cb61-d489-afed97d56bcf" testName="xUnitTestProject.CurrencyHelperTests.FormatToStringTest1000(price: 49256.65708813195, expected: &quot;49256.66 zł&quot;)" computerName="DESKTOP-5URQ9PB" duration="00:00:00.0000041" startTime="2022-06-13T21:14:10.6754252+02:00" endTime="2022-06-13T21:14:10.6754253+02:00" testType="13cdc9d9-ddb5-4fa4-a97d-d965ccfc6d4b" outcome="Passed" testListId="8c84fa94-04c1-424b-9868-57a2d4851a1d" relativeResultsDirectory="c6cf9208-f45a-419c-a77d-f6352090b8be" />
    <UnitTestResult executionId="b097baf0-8859-4b74-bff7-c6daf70c4054" testId="5ecde283-9d6a-9ecb-81fe-93b9560f7b73" testName="xUnitTestProject.CurrencyHelperTests.FormatToStringTest1000(price: 15669.698889610218, expected: &quot;15669.70 zł&quot;)" computerName="DESKTOP-5URQ9PB" duration="00:00:00.0000041" startTime="2022-06-13T21:14:10.6881830+02:00" endTime="2022-06-13T21:14:10.6881832+02:00" testType="13cdc9d9-ddb5-4fa4-a97d-d965ccfc6d4b" outcome="Passed" testListId="8c84fa94-04c1-424b-9868-57a2d4851a1d" relativeResultsDirectory="b097baf0-8859-4b74-bff7-c6daf70c4054" />
    <UnitTestResult executionId="c12b941b-0a61-4af4-a185-c38ff252ceff" testId="1f9cd9ca-f1cd-430d-8d80-74a061c9ac45" testName="xUnitTestProject.CurrencyHelperTests.FormatToStringTest1000(price: 33251.41907856028, expected: &quot;33251.42 zł&quot;)" computerName="DESKTOP-5URQ9PB" duration="00:00:00.0000044" startTime="2022-06-13T21:14:10.6933869+02:00" endTime="2022-06-13T21:14:10.6933873+02:00" testType="13cdc9d9-ddb5-4fa4-a97d-d965ccfc6d4b" outcome="Passed" testListId="8c84fa94-04c1-424b-9868-57a2d4851a1d" relativeResultsDirectory="c12b941b-0a61-4af4-a185-c38ff252ceff" />
    <UnitTestResult executionId="765cc566-d954-4202-ae87-d00d01f39a3b" testId="d4cfd815-487d-e378-1f28-dc4676158012" testName="xUnitTestProject.CurrencyHelperTests.FormatToStringTest1000(price: 10370.0107542784, expected: &quot;10370.01 zł&quot;)" computerName="DESKTOP-5URQ9PB" duration="00:00:00.0000080" startTime="2022-06-13T21:14:10.7540109+02:00" endTime="2022-06-13T21:14:10.7540111+02:00" testType="13cdc9d9-ddb5-4fa4-a97d-d965ccfc6d4b" outcome="Passed" testListId="8c84fa94-04c1-424b-9868-57a2d4851a1d" relativeResultsDirectory="765cc566-d954-4202-ae87-d00d01f39a3b" />
    <UnitTestResult executionId="5e400dc8-682e-45b3-8923-7d19a7784d25" testId="87f6b537-303b-ee32-7ebc-e34863879e5b" testName="xUnitTestProject.CurrencyHelperTests.FormatToStringTest1000(price: 13455.521105358153, expected: &quot;13455.52 zł&quot;)" computerName="DESKTOP-5URQ9PB" duration="00:00:00.0000041" startTime="2022-06-13T21:14:10.6859536+02:00" endTime="2022-06-13T21:14:10.6859537+02:00" testType="13cdc9d9-ddb5-4fa4-a97d-d965ccfc6d4b" outcome="Passed" testListId="8c84fa94-04c1-424b-9868-57a2d4851a1d" relativeResultsDirectory="5e400dc8-682e-45b3-8923-7d19a7784d25" />
    <UnitTestResult executionId="2b462d10-0dc4-4cd8-8054-4b71d4046a1c" testId="caf33f47-4d9c-c378-9883-273199a79b1e" testName="xUnitTestProject.CurrencyHelperTests.FormatToStringTest1000(price: 11181.228339251702, expected: &quot;11181.23 zł&quot;)" computerName="DESKTOP-5URQ9PB" duration="00:00:00.0000087" startTime="2022-06-13T21:14:10.7814015+02:00" endTime="2022-06-13T21:14:10.7814019+02:00" testType="13cdc9d9-ddb5-4fa4-a97d-d965ccfc6d4b" outcome="Passed" testListId="8c84fa94-04c1-424b-9868-57a2d4851a1d" relativeResultsDirectory="2b462d10-0dc4-4cd8-8054-4b71d4046a1c" />
    <UnitTestResult executionId="88bfda7f-fedd-4f68-85f9-44975ede7383" testId="972bb963-9a87-7070-029b-8643f34bbb6c" testName="xUnitTestProject.CurrencyHelperTests.FormatToStringTest1000(price: 10268.547802396373, expected: &quot;10268.55 zł&quot;)" computerName="DESKTOP-5URQ9PB" duration="00:00:00.0000041" startTime="2022-06-13T21:14:10.7066634+02:00" endTime="2022-06-13T21:14:10.7066635+02:00" testType="13cdc9d9-ddb5-4fa4-a97d-d965ccfc6d4b" outcome="Passed" testListId="8c84fa94-04c1-424b-9868-57a2d4851a1d" relativeResultsDirectory="88bfda7f-fedd-4f68-85f9-44975ede7383" />
    <UnitTestResult executionId="d1e18ced-091b-477c-b9f4-99c1f47ebea4" testId="3e5b1b26-ce6a-72cd-5d99-1c229fd90703" testName="xUnitTestProject.CurrencyHelperTests.FormatToStringTest1000(price: 15520.346099893259, expected: &quot;15520.35 zł&quot;)" computerName="DESKTOP-5URQ9PB" duration="00:00:00.0000041" startTime="2022-06-13T21:14:10.7057827+02:00" endTime="2022-06-13T21:14:10.7057828+02:00" testType="13cdc9d9-ddb5-4fa4-a97d-d965ccfc6d4b" outcome="Passed" testListId="8c84fa94-04c1-424b-9868-57a2d4851a1d" relativeResultsDirectory="d1e18ced-091b-477c-b9f4-99c1f47ebea4" />
    <UnitTestResult executionId="8d12a243-6228-4ebf-8a06-d37ddaba49c0" testId="d5c3657d-a220-d2b1-57c9-e4353f6b9eb6" testName="xUnitTestProject.CurrencyHelperTests.FormatToStringTest1000(price: 12125.090155628086, expected: &quot;12125.09 zł&quot;)" computerName="DESKTOP-5URQ9PB" duration="00:00:00.0000063" startTime="2022-06-13T21:14:10.7934249+02:00" endTime="2022-06-13T21:14:10.7934250+02:00" testType="13cdc9d9-ddb5-4fa4-a97d-d965ccfc6d4b" outcome="Passed" testListId="8c84fa94-04c1-424b-9868-57a2d4851a1d" relativeResultsDirectory="8d12a243-6228-4ebf-8a06-d37ddaba49c0" />
    <UnitTestResult executionId="d521cd5c-fbd8-461d-b2b3-3e7bbc7d2d1c" testId="14379ebb-9dd5-379e-3072-3bfd6770d049" testName="xUnitTestProject.CurrencyHelperTests.FormatToStringTest1000(price: 46166.38051381259, expected: &quot;46166.38 zł&quot;)" computerName="DESKTOP-5URQ9PB" duration="00:00:00.0000080" startTime="2022-06-13T21:14:10.7460153+02:00" endTime="2022-06-13T21:14:10.7460155+02:00" testType="13cdc9d9-ddb5-4fa4-a97d-d965ccfc6d4b" outcome="Passed" testListId="8c84fa94-04c1-424b-9868-57a2d4851a1d" relativeResultsDirectory="d521cd5c-fbd8-461d-b2b3-3e7bbc7d2d1c" />
    <UnitTestResult executionId="e0c30954-72a9-4001-bae4-8ab9723c98c6" testId="c31c3c04-c374-418e-36fc-0c705f1df093" testName="xUnitTestProject.CurrencyHelperTests.FormatToStringTest1000(price: 7891.960478953067, expected: &quot;7891.96 zł&quot;)" computerName="DESKTOP-5URQ9PB" duration="00:00:00.0000083" startTime="2022-06-13T21:14:10.7703512+02:00" endTime="2022-06-13T21:14:10.7703513+02:00" testType="13cdc9d9-ddb5-4fa4-a97d-d965ccfc6d4b" outcome="Passed" testListId="8c84fa94-04c1-424b-9868-57a2d4851a1d" relativeResultsDirectory="e0c30954-72a9-4001-bae4-8ab9723c98c6" />
    <UnitTestResult executionId="3ae1cb49-84e0-4fdf-8c61-ed6478db4899" testId="97fa9539-2f5b-d008-d8ef-c0d60778ca89" testName="xUnitTestProject.CurrencyHelperTests.FormatToStringTest1000(price: 42555.01416107594, expected: &quot;42555.01 zł&quot;)" computerName="DESKTOP-5URQ9PB" duration="00:00:00.0000043" startTime="2022-06-13T21:14:10.6849642+02:00" endTime="2022-06-13T21:14:10.6849643+02:00" testType="13cdc9d9-ddb5-4fa4-a97d-d965ccfc6d4b" outcome="Passed" testListId="8c84fa94-04c1-424b-9868-57a2d4851a1d" relativeResultsDirectory="3ae1cb49-84e0-4fdf-8c61-ed6478db4899" />
    <UnitTestResult executionId="316ad519-91e0-4aa1-b459-3fb6affd111c" testId="fdef4ad6-20d8-042a-63d8-5826de557b18" testName="xUnitTestProject.CurrencyHelperTests.FormatToStringTest1000(price: 28861.97337596769, expected: &quot;28861.97 zł&quot;)" computerName="DESKTOP-5URQ9PB" duration="00:00:00.0000052" startTime="2022-06-13T21:14:10.7149067+02:00" endTime="2022-06-13T21:14:10.7149068+02:00" testType="13cdc9d9-ddb5-4fa4-a97d-d965ccfc6d4b" outcome="Passed" testListId="8c84fa94-04c1-424b-9868-57a2d4851a1d" relativeResultsDirectory="316ad519-91e0-4aa1-b459-3fb6affd111c" />
    <UnitTestResult executionId="bec5e0ba-d6ed-4c15-b6f9-b23c2810fa0f" testId="9612d6d4-5d3c-f9a6-943c-f09f8d38bf59" testName="xUnitTestProject.CurrencyHelperTests.FormatToStringTest1000(price: 20482.32969107308, expected: &quot;20482.33 zł&quot;)" computerName="DESKTOP-5URQ9PB" duration="00:00:00.0000044" startTime="2022-06-13T21:14:10.6870347+02:00" endTime="2022-06-13T21:14:10.6870348+02:00" testType="13cdc9d9-ddb5-4fa4-a97d-d965ccfc6d4b" outcome="Passed" testListId="8c84fa94-04c1-424b-9868-57a2d4851a1d" relativeResultsDirectory="bec5e0ba-d6ed-4c15-b6f9-b23c2810fa0f" />
    <UnitTestResult executionId="11e8d8be-686a-441e-81dd-63f42ddf6fde" testId="575b3040-83fc-2437-91d5-9ac3f2af85b4" testName="xUnitTestProject.CurrencyHelperTests.FormatToStringTest1000(price: 10784.438152511344, expected: &quot;10784.44 zł&quot;)" computerName="DESKTOP-5URQ9PB" duration="00:00:00.0000041" startTime="2022-06-13T21:14:10.7245531+02:00" endTime="2022-06-13T21:14:10.7245534+02:00" testType="13cdc9d9-ddb5-4fa4-a97d-d965ccfc6d4b" outcome="Passed" testListId="8c84fa94-04c1-424b-9868-57a2d4851a1d" relativeResultsDirectory="11e8d8be-686a-441e-81dd-63f42ddf6fde" />
    <UnitTestResult executionId="f46284a5-b1dd-4296-bb53-d84f1e847bdf" testId="baa856d2-0f24-fb78-786f-66276d918a1d" testName="xUnitTestProject.CurrencyHelperTests.FormatToStringTest1000(price: 6864.093052674129, expected: &quot;6864.09 zł&quot;)" computerName="DESKTOP-5URQ9PB" duration="00:00:00.0000073" startTime="2022-06-13T21:14:10.7775058+02:00" endTime="2022-06-13T21:14:10.7775060+02:00" testType="13cdc9d9-ddb5-4fa4-a97d-d965ccfc6d4b" outcome="Passed" testListId="8c84fa94-04c1-424b-9868-57a2d4851a1d" relativeResultsDirectory="f46284a5-b1dd-4296-bb53-d84f1e847bdf" />
    <UnitTestResult executionId="cb8ef8d1-c346-4bc4-b18c-27c21c7e508b" testId="de1aa414-8fbd-dead-288e-d558b1305dac" testName="xUnitTestProject.CurrencyHelperTests.FormatToStringTest1000(price: 486.15309567942893, expected: &quot;486.15 zł&quot;)" computerName="DESKTOP-5URQ9PB" duration="00:00:00.0000076" startTime="2022-06-13T21:14:10.7864414+02:00" endTime="2022-06-13T21:14:10.7864415+02:00" testType="13cdc9d9-ddb5-4fa4-a97d-d965ccfc6d4b" outcome="Passed" testListId="8c84fa94-04c1-424b-9868-57a2d4851a1d" relativeResultsDirectory="cb8ef8d1-c346-4bc4-b18c-27c21c7e508b" />
    <UnitTestResult executionId="e4483f19-09bc-4fa3-bb84-b4bbbba0e2d6" testId="2a9faf6f-4d21-d971-4115-0a2cf31c75ab" testName="xUnitTestProject.CurrencyHelperTests.FormatToStringTest1000(price: 658.7555888573431, expected: &quot;658.76 zł&quot;)" computerName="DESKTOP-5URQ9PB" duration="00:00:00.0000052" startTime="2022-06-13T21:14:10.8003609+02:00" endTime="2022-06-13T21:14:10.8003611+02:00" testType="13cdc9d9-ddb5-4fa4-a97d-d965ccfc6d4b" outcome="Passed" testListId="8c84fa94-04c1-424b-9868-57a2d4851a1d" relativeResultsDirectory="e4483f19-09bc-4fa3-bb84-b4bbbba0e2d6" />
    <UnitTestResult executionId="5128c05c-25f3-4f8b-a5ca-6cf83275a166" testId="fc18dbb3-2c7f-eef4-d751-3ff8a18e5fdc" testName="xUnitTestProject.CurrencyHelperTests.FormatToStringTest1000(price: 2718.1767171650085, expected: &quot;2718.18 zł&quot;)" computerName="DESKTOP-5URQ9PB" duration="00:00:00.0000043" startTime="2022-06-13T21:14:10.6806337+02:00" endTime="2022-06-13T21:14:10.6806338+02:00" testType="13cdc9d9-ddb5-4fa4-a97d-d965ccfc6d4b" outcome="Passed" testListId="8c84fa94-04c1-424b-9868-57a2d4851a1d" relativeResultsDirectory="5128c05c-25f3-4f8b-a5ca-6cf83275a166" />
    <UnitTestResult executionId="ceee0287-785c-4132-809d-c4b9d9cb1dd1" testId="5313f3e0-d68f-8127-ba85-18b29352fdf0" testName="xUnitTestProject.CurrencyHelperTests.FormatToStringTest1000(price: 78822.37212685234, expected: &quot;78822.37 zł&quot;)" computerName="DESKTOP-5URQ9PB" duration="00:00:00.0000083" startTime="2022-06-13T21:14:10.7924114+02:00" endTime="2022-06-13T21:14:10.7924115+02:00" testType="13cdc9d9-ddb5-4fa4-a97d-d965ccfc6d4b" outcome="Passed" testListId="8c84fa94-04c1-424b-9868-57a2d4851a1d" relativeResultsDirectory="ceee0287-785c-4132-809d-c4b9d9cb1dd1" />
    <UnitTestResult executionId="51e715cf-7fb3-4877-9cef-26831fdf0224" testId="9bed9c4d-df2b-32b1-c6ce-ea879f4b2fcd" testName="xUnitTestProject.CurrencyHelperTests.FormatToStringTest1000(price: 6429.44273095552, expected: &quot;6429.44 zł&quot;)" computerName="DESKTOP-5URQ9PB" duration="00:00:00.0000041" startTime="2022-06-13T21:14:10.7389094+02:00" endTime="2022-06-13T21:14:10.7389096+02:00" testType="13cdc9d9-ddb5-4fa4-a97d-d965ccfc6d4b" outcome="Passed" testListId="8c84fa94-04c1-424b-9868-57a2d4851a1d" relativeResultsDirectory="51e715cf-7fb3-4877-9cef-26831fdf0224" />
    <UnitTestResult executionId="67582f92-4352-4d6c-90dd-02d9477c2fba" testId="4f50c537-4ed4-21bc-0ecd-39e74b29d0e7" testName="xUnitTestProject.CurrencyHelperTests.FormatToStringTest1000(price: 90187.4082624374, expected: &quot;90187.41 zł&quot;)" computerName="DESKTOP-5URQ9PB" duration="00:00:00.0000041" startTime="2022-06-13T21:14:10.6785074+02:00" endTime="2022-06-13T21:14:10.6785076+02:00" testType="13cdc9d9-ddb5-4fa4-a97d-d965ccfc6d4b" outcome="Passed" testListId="8c84fa94-04c1-424b-9868-57a2d4851a1d" relativeResultsDirectory="67582f92-4352-4d6c-90dd-02d9477c2fba" />
    <UnitTestResult executionId="ea49fa33-f4ef-453f-ad6c-946972626372" testId="3ca4075a-a7fb-92a5-3a91-aefa25efbece" testName="xUnitTestProject.CurrencyHelperTests.FormatToStringTest1000(price: 8542.520616738833, expected: &quot;8542.52 zł&quot;)" computerName="DESKTOP-5URQ9PB" duration="00:00:00.0000041" startTime="2022-06-13T21:14:10.6882721+02:00" endTime="2022-06-13T21:14:10.6882722+02:00" testType="13cdc9d9-ddb5-4fa4-a97d-d965ccfc6d4b" outcome="Passed" testListId="8c84fa94-04c1-424b-9868-57a2d4851a1d" relativeResultsDirectory="ea49fa33-f4ef-453f-ad6c-946972626372" />
    <UnitTestResult executionId="d5df74b1-555e-4340-b0bf-4131ea352d82" testId="30db28b2-ac34-8d8e-c566-68b2f6bb1d51" testName="xUnitTestProject.CurrencyHelperTests.FormatToStringTest1000(price: 59283.48311990662, expected: &quot;59283.48 zł&quot;)" computerName="DESKTOP-5URQ9PB" duration="00:00:00.0000088" startTime="2022-06-13T21:14:10.7914556+02:00" endTime="2022-06-13T21:14:10.7914557+02:00" testType="13cdc9d9-ddb5-4fa4-a97d-d965ccfc6d4b" outcome="Passed" testListId="8c84fa94-04c1-424b-9868-57a2d4851a1d" relativeResultsDirectory="d5df74b1-555e-4340-b0bf-4131ea352d82" />
    <UnitTestResult executionId="8002fe5d-0bde-470e-bc55-5a729d371a24" testId="69ed80be-ebbe-cd3a-42e2-f7807046c259" testName="xUnitTestProject.CurrencyHelperTests.FormatToStringTest1000(price: 36211.11038300866, expected: &quot;36211.11 zł&quot;)" computerName="DESKTOP-5URQ9PB" duration="00:00:00.0000065" startTime="2022-06-13T21:14:10.7943695+02:00" endTime="2022-06-13T21:14:10.7943696+02:00" testType="13cdc9d9-ddb5-4fa4-a97d-d965ccfc6d4b" outcome="Passed" testListId="8c84fa94-04c1-424b-9868-57a2d4851a1d" relativeResultsDirectory="8002fe5d-0bde-470e-bc55-5a729d371a24" />
    <UnitTestResult executionId="c29c9870-31e3-48f1-b134-dbaab12cb00c" testId="6c083eac-7cf7-3a47-1845-0ff85783e0c1" testName="xUnitTestProject.CurrencyHelperTests.FormatToStringTest1000(price: 34021.1384072961, expected: &quot;34021.14 zł&quot;)" computerName="DESKTOP-5URQ9PB" duration="00:00:00.0000043" startTime="2022-06-13T21:14:10.7216010+02:00" endTime="2022-06-13T21:14:10.7216011+02:00" testType="13cdc9d9-ddb5-4fa4-a97d-d965ccfc6d4b" outcome="Passed" testListId="8c84fa94-04c1-424b-9868-57a2d4851a1d" relativeResultsDirectory="c29c9870-31e3-48f1-b134-dbaab12cb00c" />
    <UnitTestResult executionId="e108f668-ff3b-4059-af20-9db3b82c2b0e" testId="daa9a8b5-17c1-3a27-8cd4-720e13369df8" testName="xUnitTestProject.CurrencyHelperTests.FormatToStringTest1000(price: 56373.35086238494, expected: &quot;56373.35 zł&quot;)" computerName="DESKTOP-5URQ9PB" duration="00:00:00.0000083" startTime="2022-06-13T21:14:10.7459768+02:00" endTime="2022-06-13T21:14:10.7459770+02:00" testType="13cdc9d9-ddb5-4fa4-a97d-d965ccfc6d4b" outcome="Passed" testListId="8c84fa94-04c1-424b-9868-57a2d4851a1d" relativeResultsDirectory="e108f668-ff3b-4059-af20-9db3b82c2b0e" />
    <UnitTestResult executionId="32331d70-f6fb-41a5-8c2e-3c9a440bf836" testId="e238bfca-4b11-493d-42eb-8f12a1ef721f" testName="xUnitTestProject.CurrencyHelperTests.FormatToStringTest1000(price: 1896.1704506483723, expected: &quot;1896.17 zł&quot;)" computerName="DESKTOP-5URQ9PB" duration="00:00:00.0000078" startTime="2022-06-13T21:14:10.7815532+02:00" endTime="2022-06-13T21:14:10.7815534+02:00" testType="13cdc9d9-ddb5-4fa4-a97d-d965ccfc6d4b" outcome="Passed" testListId="8c84fa94-04c1-424b-9868-57a2d4851a1d" relativeResultsDirectory="32331d70-f6fb-41a5-8c2e-3c9a440bf836" />
    <UnitTestResult executionId="d531bd0a-a3cf-4c88-b80b-b940d8d8b750" testId="ce6af9f0-4b11-7bc7-9919-f6caf3d5d5f3" testName="xUnitTestProject.CurrencyHelperTests.FormatToStringTest1000(price: 38640.62766693003, expected: &quot;38640.63 zł&quot;)" computerName="DESKTOP-5URQ9PB" duration="00:00:00.0000045" startTime="2022-06-13T21:14:10.6967592+02:00" endTime="2022-06-13T21:14:10.6967593+02:00" testType="13cdc9d9-ddb5-4fa4-a97d-d965ccfc6d4b" outcome="Passed" testListId="8c84fa94-04c1-424b-9868-57a2d4851a1d" relativeResultsDirectory="d531bd0a-a3cf-4c88-b80b-b940d8d8b750" />
    <UnitTestResult executionId="ec547d80-cbc4-402b-a59b-e1718339f139" testId="4b06698d-5339-0a98-2e05-9ce80b4b1ec4" testName="xUnitTestProject.CurrencyHelperTests.FormatToStringTest1000(price: 15566.957545477411, expected: &quot;15566.96 zł&quot;)" computerName="DESKTOP-5URQ9PB" duration="00:00:00.0000090" startTime="2022-06-13T21:14:10.7458612+02:00" endTime="2022-06-13T21:14:10.7458613+02:00" testType="13cdc9d9-ddb5-4fa4-a97d-d965ccfc6d4b" outcome="Passed" testListId="8c84fa94-04c1-424b-9868-57a2d4851a1d" relativeResultsDirectory="ec547d80-cbc4-402b-a59b-e1718339f139" />
    <UnitTestResult executionId="5bf05fc2-c100-4f48-a21c-46adb5f31acc" testId="7a86c51e-006c-a65e-34c9-ff3a6b2ed4b5" testName="xUnitTestProject.CurrencyHelperTests.FormatToStringTest1000(price: 50644.690874327294, expected: &quot;50644.69 zł&quot;)" computerName="DESKTOP-5URQ9PB" duration="00:00:00.0000082" startTime="2022-06-13T21:14:10.7481670+02:00" endTime="2022-06-13T21:14:10.7481672+02:00" testType="13cdc9d9-ddb5-4fa4-a97d-d965ccfc6d4b" outcome="Passed" testListId="8c84fa94-04c1-424b-9868-57a2d4851a1d" relativeResultsDirectory="5bf05fc2-c100-4f48-a21c-46adb5f31acc" />
    <UnitTestResult executionId="f7db51dd-4aa6-44d2-b5e3-241ac1591fe1" testId="c3b1d717-2998-1634-887e-572d42236e5b" testName="xUnitTestProject.CurrencyHelperTests.FormatToStringTest1000(price: 34951.47290410077, expected: &quot;34951.47 zł&quot;)" computerName="DESKTOP-5URQ9PB" duration="00:00:00.0000041" startTime="2022-06-13T21:14:10.7066945+02:00" endTime="2022-06-13T21:14:10.7066946+02:00" testType="13cdc9d9-ddb5-4fa4-a97d-d965ccfc6d4b" outcome="Passed" testListId="8c84fa94-04c1-424b-9868-57a2d4851a1d" relativeResultsDirectory="f7db51dd-4aa6-44d2-b5e3-241ac1591fe1" />
    <UnitTestResult executionId="e83e9181-7fff-4c4f-824e-317d6b9d94c9" testId="56913f03-b8f6-5435-d407-8c8e9508f433" testName="xUnitTestProject.CurrencyHelperTests.FormatToStringTest1000(price: 25116.590135570892, expected: &quot;25116.59 zł&quot;)" computerName="DESKTOP-5URQ9PB" duration="00:00:00.0000043" startTime="2022-06-13T21:14:10.7167334+02:00" endTime="2022-06-13T21:14:10.7167336+02:00" testType="13cdc9d9-ddb5-4fa4-a97d-d965ccfc6d4b" outcome="Passed" testListId="8c84fa94-04c1-424b-9868-57a2d4851a1d" relativeResultsDirectory="e83e9181-7fff-4c4f-824e-317d6b9d94c9" />
    <UnitTestResult executionId="2afa7bcc-1b6b-41ef-bedf-29c65446089f" testId="7fe2a8ad-3600-98d5-7117-12a9f9025c62" testName="xUnitTestProject.CurrencyHelperTests.FormatToStringTest1000(price: 46803.36433423374, expected: &quot;46803.36 zł&quot;)" computerName="DESKTOP-5URQ9PB" duration="00:00:00.0000041" startTime="2022-06-13T21:14:10.7057238+02:00" endTime="2022-06-13T21:14:10.7057239+02:00" testType="13cdc9d9-ddb5-4fa4-a97d-d965ccfc6d4b" outcome="Passed" testListId="8c84fa94-04c1-424b-9868-57a2d4851a1d" relativeResultsDirectory="2afa7bcc-1b6b-41ef-bedf-29c65446089f" />
    <UnitTestResult executionId="34cb58b5-0eb8-4a28-85a2-47a640fb57eb" testId="d493c8e9-cfea-2fc7-4acb-79ca91dde5f0" testName="xUnitTestProject.CurrencyHelperTests.FormatToStringTest1000(price: 10527.083945901639, expected: &quot;10527.08 zł&quot;)" computerName="DESKTOP-5URQ9PB" duration="00:00:00.0000083" startTime="2022-06-13T21:14:10.7618373+02:00" endTime="2022-06-13T21:14:10.7618375+02:00" testType="13cdc9d9-ddb5-4fa4-a97d-d965ccfc6d4b" outcome="Passed" testListId="8c84fa94-04c1-424b-9868-57a2d4851a1d" relativeResultsDirectory="34cb58b5-0eb8-4a28-85a2-47a640fb57eb" />
    <UnitTestResult executionId="587da107-068c-454a-969d-87cf73abeff7" testId="9f159054-0ade-aabd-0878-ac1771f3fda6" testName="xUnitTestProject.CurrencyHelperTests.FormatToStringTest1000(price: 395.45790295882983, expected: &quot;395.46 zł&quot;)" computerName="DESKTOP-5URQ9PB" duration="00:00:00.0000079" startTime="2022-06-13T21:14:10.7494531+02:00" endTime="2022-06-13T21:14:10.7494533+02:00" testType="13cdc9d9-ddb5-4fa4-a97d-d965ccfc6d4b" outcome="Passed" testListId="8c84fa94-04c1-424b-9868-57a2d4851a1d" relativeResultsDirectory="587da107-068c-454a-969d-87cf73abeff7" />
    <UnitTestResult executionId="79ab6ce7-2bd8-4d83-8f9d-f2fd8de3000b" testId="0095ae63-2136-ec44-562f-f92a8a9ed8f7" testName="xUnitTestProject.CurrencyHelperTests.FormatToStringTest1000(price: 4139.032615562451, expected: &quot;4139.03 zł&quot;)" computerName="DESKTOP-5URQ9PB" duration="00:00:00.0000068" startTime="2022-06-13T21:14:10.7448476+02:00" endTime="2022-06-13T21:14:10.7448478+02:00" testType="13cdc9d9-ddb5-4fa4-a97d-d965ccfc6d4b" outcome="Passed" testListId="8c84fa94-04c1-424b-9868-57a2d4851a1d" relativeResultsDirectory="79ab6ce7-2bd8-4d83-8f9d-f2fd8de3000b" />
    <UnitTestResult executionId="7ca6635e-327c-4370-b76d-dfd0ed7faf90" testId="3bcce3ce-1e1f-b2cb-aecb-f9baaad49b40" testName="xUnitTestProject.CurrencyHelperTests.FormatToStringTest1000(price: 16427.591943671738, expected: &quot;16427.59 zł&quot;)" computerName="DESKTOP-5URQ9PB" duration="00:00:00.0000041" startTime="2022-06-13T21:14:10.7178986+02:00" endTime="2022-06-13T21:14:10.7178988+02:00" testType="13cdc9d9-ddb5-4fa4-a97d-d965ccfc6d4b" outcome="Passed" testListId="8c84fa94-04c1-424b-9868-57a2d4851a1d" relativeResultsDirectory="7ca6635e-327c-4370-b76d-dfd0ed7faf90" />
    <UnitTestResult executionId="f5c7689f-438a-4b84-aeb7-35ed83e30d2b" testId="7c480fcf-dcac-50a2-3106-264841c6a300" testName="xUnitTestProject.CurrencyHelperTests.FormatToStringTest1000(price: 20737.251994218328, expected: &quot;20737.25 zł&quot;)" computerName="DESKTOP-5URQ9PB" duration="00:00:00.0000052" startTime="2022-06-13T21:14:10.7972424+02:00" endTime="2022-06-13T21:14:10.7972428+02:00" testType="13cdc9d9-ddb5-4fa4-a97d-d965ccfc6d4b" outcome="Passed" testListId="8c84fa94-04c1-424b-9868-57a2d4851a1d" relativeResultsDirectory="f5c7689f-438a-4b84-aeb7-35ed83e30d2b" />
    <UnitTestResult executionId="f217452b-3764-42ec-8424-ea46d61beaf6" testId="534fc948-8601-de40-7f94-04ae4333536f" testName="xUnitTestProject.CurrencyHelperTests.FormatToStringTest1000(price: 19541.10539777116, expected: &quot;19541.11 zł&quot;)" computerName="DESKTOP-5URQ9PB" duration="00:00:00.0000117" startTime="2022-06-13T21:14:10.7435616+02:00" endTime="2022-06-13T21:14:10.7435617+02:00" testType="13cdc9d9-ddb5-4fa4-a97d-d965ccfc6d4b" outcome="Passed" testListId="8c84fa94-04c1-424b-9868-57a2d4851a1d" relativeResultsDirectory="f217452b-3764-42ec-8424-ea46d61beaf6" />
    <UnitTestResult executionId="29eb7270-cbc4-4620-b95e-7dd61b45c2af" testId="11ed9e7e-df07-2b0d-0eec-e5030427083f" testName="xUnitTestProject.CurrencyHelperTests.FormatToStringTest1000(price: 21996.80326662576, expected: &quot;21996.80 zł&quot;)" computerName="DESKTOP-5URQ9PB" duration="00:00:00.0000041" startTime="2022-06-13T21:14:10.7257073+02:00" endTime="2022-06-13T21:14:10.7257074+02:00" testType="13cdc9d9-ddb5-4fa4-a97d-d965ccfc6d4b" outcome="Passed" testListId="8c84fa94-04c1-424b-9868-57a2d4851a1d" relativeResultsDirectory="29eb7270-cbc4-4620-b95e-7dd61b45c2af" />
    <UnitTestResult executionId="2daf1ab9-e546-47e3-99d9-13af3ac63d10" testId="f227f8da-1aef-bb37-695f-f1b64dec59a9" testName="xUnitTestProject.CurrencyHelperTests.FormatToStringTest1000(price: 17990.38119827089, expected: &quot;17990.38 zł&quot;)" computerName="DESKTOP-5URQ9PB" duration="00:00:00.0000040" startTime="2022-06-13T21:14:10.7187796+02:00" endTime="2022-06-13T21:14:10.7187797+02:00" testType="13cdc9d9-ddb5-4fa4-a97d-d965ccfc6d4b" outcome="Passed" testListId="8c84fa94-04c1-424b-9868-57a2d4851a1d" relativeResultsDirectory="2daf1ab9-e546-47e3-99d9-13af3ac63d10" />
    <UnitTestResult executionId="8c4fed23-4f52-4d3f-a278-3ca4f3cc3317" testId="93fd2413-8c9b-cb53-924a-b9c4b432d82a" testName="xUnitTestProject.CurrencyHelperTests.FormatToStringTest1000(price: 95071.15957335343, expected: &quot;95071.16 zł&quot;)" computerName="DESKTOP-5URQ9PB" duration="00:00:00.0000043" startTime="2022-06-13T21:14:10.7226757+02:00" endTime="2022-06-13T21:14:10.7226758+02:00" testType="13cdc9d9-ddb5-4fa4-a97d-d965ccfc6d4b" outcome="Passed" testListId="8c84fa94-04c1-424b-9868-57a2d4851a1d" relativeResultsDirectory="8c4fed23-4f52-4d3f-a278-3ca4f3cc3317" />
    <UnitTestResult executionId="ef3b09e2-cb27-410f-ac34-4279ffa6a9f2" testId="6997fb4f-bee2-69ca-461b-7845f1fa191c" testName="xUnitTestProject.CurrencyHelperTests.FormatToStringTest1000(price: 56802.303118930344, expected: &quot;56802.30 zł&quot;)" computerName="DESKTOP-5URQ9PB" duration="00:00:00.0000043" startTime="2022-06-13T21:14:10.6997720+02:00" endTime="2022-06-13T21:14:10.6997725+02:00" testType="13cdc9d9-ddb5-4fa4-a97d-d965ccfc6d4b" outcome="Passed" testListId="8c84fa94-04c1-424b-9868-57a2d4851a1d" relativeResultsDirectory="ef3b09e2-cb27-410f-ac34-4279ffa6a9f2" />
    <UnitTestResult executionId="676ee762-640e-4207-9be8-e9c43132c1b4" testId="c5891e20-1607-2f4b-ec62-b83eb87653c6" testName="xUnitTestProject.CurrencyHelperTests.FormatToStringTest1000(price: 32812.53695512634, expected: &quot;32812.54 zł&quot;)" computerName="DESKTOP-5URQ9PB" duration="00:00:00.0000041" startTime="2022-06-13T21:14:10.6849938+02:00" endTime="2022-06-13T21:14:10.6849939+02:00" testType="13cdc9d9-ddb5-4fa4-a97d-d965ccfc6d4b" outcome="Passed" testListId="8c84fa94-04c1-424b-9868-57a2d4851a1d" relativeResultsDirectory="676ee762-640e-4207-9be8-e9c43132c1b4" />
    <UnitTestResult executionId="2080ee2e-ff27-4066-a779-c9ac916d4b72" testId="979704d6-636b-33ea-e33f-cc67613aefb0" testName="xUnitTestProject.CurrencyHelperTests.FormatToStringTest1000(price: 11829.625994884234, expected: &quot;11829.63 zł&quot;)" computerName="DESKTOP-5URQ9PB" duration="00:00:00.0000050" startTime="2022-06-13T21:14:10.7008212+02:00" endTime="2022-06-13T21:14:10.7008213+02:00" testType="13cdc9d9-ddb5-4fa4-a97d-d965ccfc6d4b" outcome="Passed" testListId="8c84fa94-04c1-424b-9868-57a2d4851a1d" relativeResultsDirectory="2080ee2e-ff27-4066-a779-c9ac916d4b72" />
    <UnitTestResult executionId="d7ef330b-e73f-49a8-a092-1ad1f96df811" testId="da0fbf47-7a8c-b3ea-d30a-c0e3a737ca5d" testName="xUnitTestProject.CurrencyHelperTests.FormatToStringTest1000(price: 8514.837538072763, expected: &quot;8514.84 zł&quot;)" computerName="DESKTOP-5URQ9PB" duration="00:00:00.0000048" startTime="2022-06-13T21:14:10.7364660+02:00" endTime="2022-06-13T21:14:10.7364665+02:00" testType="13cdc9d9-ddb5-4fa4-a97d-d965ccfc6d4b" outcome="Passed" testListId="8c84fa94-04c1-424b-9868-57a2d4851a1d" relativeResultsDirectory="d7ef330b-e73f-49a8-a092-1ad1f96df811" />
    <UnitTestResult executionId="4bda57d3-69ca-481b-948d-6ec931cb3a34" testId="1a5071af-adad-5910-41be-cb866364cc7d" testName="xUnitTestProject.CurrencyHelperTests.FormatToStringTest1000(price: 46790.41011887715, expected: &quot;46790.41 zł&quot;)" computerName="DESKTOP-5URQ9PB" duration="00:00:00.0000082" startTime="2022-06-13T21:14:10.7551052+02:00" endTime="2022-06-13T21:14:10.7551053+02:00" testType="13cdc9d9-ddb5-4fa4-a97d-d965ccfc6d4b" outcome="Passed" testListId="8c84fa94-04c1-424b-9868-57a2d4851a1d" relativeResultsDirectory="4bda57d3-69ca-481b-948d-6ec931cb3a34" />
    <UnitTestResult executionId="8cae386f-a7dd-4414-a1b7-a207c6bbd1f9" testId="0ce41b19-5488-6227-82d4-578fa8558f1f" testName="xUnitTestProject.CurrencyHelperTests.FormatToStringTest1000(price: 14063.90676654871, expected: &quot;14063.91 zł&quot;)" computerName="DESKTOP-5URQ9PB" duration="00:00:00.0000072" startTime="2022-06-13T21:14:10.7658497+02:00" endTime="2022-06-13T21:14:10.7658498+02:00" testType="13cdc9d9-ddb5-4fa4-a97d-d965ccfc6d4b" outcome="Passed" testListId="8c84fa94-04c1-424b-9868-57a2d4851a1d" relativeResultsDirectory="8cae386f-a7dd-4414-a1b7-a207c6bbd1f9" />
    <UnitTestResult executionId="dbbb5b52-0eda-4ab4-8797-962e9a813ffb" testId="a16b516f-2dd7-f0de-4b9f-39b505e3fb31" testName="xUnitTestProject.CurrencyHelperTests.FormatToStringTest1000(price: 4025.728369236797, expected: &quot;4025.73 zł&quot;)" computerName="DESKTOP-5URQ9PB" duration="00:00:00.0000078" startTime="2022-06-13T21:14:10.7925602+02:00" endTime="2022-06-13T21:14:10.7925604+02:00" testType="13cdc9d9-ddb5-4fa4-a97d-d965ccfc6d4b" outcome="Passed" testListId="8c84fa94-04c1-424b-9868-57a2d4851a1d" relativeResultsDirectory="dbbb5b52-0eda-4ab4-8797-962e9a813ffb" />
    <UnitTestResult executionId="2a2510ce-2bbf-4d20-b6a4-c61395c01e85" testId="5a93f8c6-dddb-38ff-5f2b-b7e5cc3ddb6a" testName="xUnitTestProject.CurrencyHelperTests.FormatToStringTest1000(price: 7890.044272348771, expected: &quot;7890.04 zł&quot;)" computerName="DESKTOP-5URQ9PB" duration="00:00:00.0000041" startTime="2022-06-13T21:14:10.7206948+02:00" endTime="2022-06-13T21:14:10.7206950+02:00" testType="13cdc9d9-ddb5-4fa4-a97d-d965ccfc6d4b" outcome="Passed" testListId="8c84fa94-04c1-424b-9868-57a2d4851a1d" relativeResultsDirectory="2a2510ce-2bbf-4d20-b6a4-c61395c01e85" />
    <UnitTestResult executionId="c5393533-0c42-4c7b-b9e9-ebe834c452c0" testId="5c957f35-8133-124f-9f1e-c78d4730fe22" testName="xUnitTestProject.CurrencyHelperTests.FormatToStringTest1000(price: 759.247198292635, expected: &quot;759.25 zł&quot;)" computerName="DESKTOP-5URQ9PB" duration="00:00:00.0000053" startTime="2022-06-13T21:14:10.7246752+02:00" endTime="2022-06-13T21:14:10.7246753+02:00" testType="13cdc9d9-ddb5-4fa4-a97d-d965ccfc6d4b" outcome="Passed" testListId="8c84fa94-04c1-424b-9868-57a2d4851a1d" relativeResultsDirectory="c5393533-0c42-4c7b-b9e9-ebe834c452c0" />
    <UnitTestResult executionId="4d5f4cbb-4ce4-432d-b56b-e3e32d98ffc3" testId="560147e0-585f-3c73-5235-3ae492c399e0" testName="xUnitTestProject.CurrencyHelperTests.FormatToStringTest1000(price: 31340.79231238914, expected: &quot;31340.79 zł&quot;)" computerName="DESKTOP-5URQ9PB" duration="00:00:00.0000043" startTime="2022-06-13T21:14:10.6957795+02:00" endTime="2022-06-13T21:14:10.6957797+02:00" testType="13cdc9d9-ddb5-4fa4-a97d-d965ccfc6d4b" outcome="Passed" testListId="8c84fa94-04c1-424b-9868-57a2d4851a1d" relativeResultsDirectory="4d5f4cbb-4ce4-432d-b56b-e3e32d98ffc3" />
    <UnitTestResult executionId="23448dde-3e28-41fb-a1fd-9e169a8ff0db" testId="b82e8809-4def-9359-7a57-795e7616c335" testName="xUnitTestProject.CurrencyHelperTests.FormatToStringTest1000(price: 158.49784791027093, expected: &quot;158.50 zł&quot;)" computerName="DESKTOP-5URQ9PB" duration="00:00:00.0000069" startTime="2022-06-13T21:14:10.7469946+02:00" endTime="2022-06-13T21:14:10.7469948+02:00" testType="13cdc9d9-ddb5-4fa4-a97d-d965ccfc6d4b" outcome="Passed" testListId="8c84fa94-04c1-424b-9868-57a2d4851a1d" relativeResultsDirectory="23448dde-3e28-41fb-a1fd-9e169a8ff0db" />
    <UnitTestResult executionId="20217bb3-0fad-4dda-82c0-1b70415772f0" testId="ead5e525-476c-e9b0-a913-d40736b344c3" testName="xUnitTestProject.CurrencyHelperTests.FormatToStringTest1000(price: 33245.44763357819, expected: &quot;33245.45 zł&quot;)" computerName="DESKTOP-5URQ9PB" duration="00:00:00.0000083" startTime="2022-06-13T21:14:10.7795817+02:00" endTime="2022-06-13T21:14:10.7795818+02:00" testType="13cdc9d9-ddb5-4fa4-a97d-d965ccfc6d4b" outcome="Passed" testListId="8c84fa94-04c1-424b-9868-57a2d4851a1d" relativeResultsDirectory="20217bb3-0fad-4dda-82c0-1b70415772f0" />
    <UnitTestResult executionId="38333681-6189-4a0e-b811-459d3d14c688" testId="f96cba70-db37-0f83-9cd0-465945a7184e" testName="xUnitTestProject.CurrencyHelperTests.FormatToStringTest1000(price: 81326.3340147521, expected: &quot;81326.33 zł&quot;)" computerName="DESKTOP-5URQ9PB" duration="00:00:00.0000041" startTime="2022-06-13T21:14:10.7388664+02:00" endTime="2022-06-13T21:14:10.7388666+02:00" testType="13cdc9d9-ddb5-4fa4-a97d-d965ccfc6d4b" outcome="Passed" testListId="8c84fa94-04c1-424b-9868-57a2d4851a1d" relativeResultsDirectory="38333681-6189-4a0e-b811-459d3d14c688" />
    <UnitTestResult executionId="d386c3dc-3e07-4195-addc-9691514187af" testId="56eb6a9f-6cb4-2abe-d7ee-7e044f42c842" testName="xUnitTestProject.CurrencyHelperTests.FormatToStringTest1000(price: 47964.941885361884, expected: &quot;47964.94 zł&quot;)" computerName="DESKTOP-5URQ9PB" duration="00:00:00.0000040" startTime="2022-06-13T21:14:10.7378889+02:00" endTime="2022-06-13T21:14:10.7378890+02:00" testType="13cdc9d9-ddb5-4fa4-a97d-d965ccfc6d4b" outcome="Passed" testListId="8c84fa94-04c1-424b-9868-57a2d4851a1d" relativeResultsDirectory="d386c3dc-3e07-4195-addc-9691514187af" />
    <UnitTestResult executionId="1bbabcb8-a7d5-421c-8467-7052b5ea1a55" testId="8fb0d924-6ca3-e44c-f26a-1c29eb5d30bd" testName="xUnitTestProject.CurrencyHelperTests.FormatToStringTest1000(price: 47256.065730817645, expected: &quot;47256.07 zł&quot;)" computerName="DESKTOP-5URQ9PB" duration="00:00:00.0000062" startTime="2022-06-13T21:14:10.7962678+02:00" endTime="2022-06-13T21:14:10.7962682+02:00" testType="13cdc9d9-ddb5-4fa4-a97d-d965ccfc6d4b" outcome="Passed" testListId="8c84fa94-04c1-424b-9868-57a2d4851a1d" relativeResultsDirectory="1bbabcb8-a7d5-421c-8467-7052b5ea1a55" />
    <UnitTestResult executionId="5b0fe63d-7b9b-4369-bdb7-13429b591e4d" testId="2b440940-2efe-cdba-d4a2-2746340ee3bc" testName="xUnitTestProject.CurrencyHelperTests.FormatToStringTest1000(price: 13844.577623300524, expected: &quot;13844.58 zł&quot;)" computerName="DESKTOP-5URQ9PB" duration="00:00:00.0000041" startTime="2022-06-13T21:14:10.7344010+02:00" endTime="2022-06-13T21:14:10.7344012+02:00" testType="13cdc9d9-ddb5-4fa4-a97d-d965ccfc6d4b" outcome="Passed" testListId="8c84fa94-04c1-424b-9868-57a2d4851a1d" relativeResultsDirectory="5b0fe63d-7b9b-4369-bdb7-13429b591e4d" />
    <UnitTestResult executionId="fb84cc51-7088-4277-a5f9-3ed616b1708a" testId="8783f986-8eac-ac9c-2b17-d1518f607836" testName="xUnitTestProject.CurrencyHelperTests.FormatToStringTest1000(price: 7789.7136237517525, expected: &quot;7789.71 zł&quot;)" computerName="DESKTOP-5URQ9PB" duration="00:00:00.0000040" startTime="2022-06-13T21:14:10.7038710+02:00" endTime="2022-06-13T21:14:10.7038711+02:00" testType="13cdc9d9-ddb5-4fa4-a97d-d965ccfc6d4b" outcome="Passed" testListId="8c84fa94-04c1-424b-9868-57a2d4851a1d" relativeResultsDirectory="fb84cc51-7088-4277-a5f9-3ed616b1708a" />
    <UnitTestResult executionId="720b5f12-0f64-42cf-b1d1-0742e91d6cb9" testId="25b36055-f21f-fb6a-b7ef-81ccf96dd2b6" testName="xUnitTestProject.CurrencyHelperTests.FormatToStringTest1000(price: 46898.00219497783, expected: &quot;46898.00 zł&quot;)" computerName="DESKTOP-5URQ9PB" duration="00:00:00.0000053" startTime="2022-06-13T21:14:10.7973062+02:00" endTime="2022-06-13T21:14:10.7973063+02:00" testType="13cdc9d9-ddb5-4fa4-a97d-d965ccfc6d4b" outcome="Passed" testListId="8c84fa94-04c1-424b-9868-57a2d4851a1d" relativeResultsDirectory="720b5f12-0f64-42cf-b1d1-0742e91d6cb9" />
    <UnitTestResult executionId="dcfe6c68-52f1-4736-b2d9-22c1d9352ca7" testId="717afcc9-fdbd-942f-44d5-9f5deeef640f" testName="xUnitTestProject.CurrencyHelperTests.FormatToStringTest1000(price: 19363.881840787773, expected: &quot;19363.88 zł&quot;)" computerName="DESKTOP-5URQ9PB" duration="00:00:00.0000041" startTime="2022-06-13T21:14:10.7046836+02:00" endTime="2022-06-13T21:14:10.7046839+02:00" testType="13cdc9d9-ddb5-4fa4-a97d-d965ccfc6d4b" outcome="Passed" testListId="8c84fa94-04c1-424b-9868-57a2d4851a1d" relativeResultsDirectory="dcfe6c68-52f1-4736-b2d9-22c1d9352ca7" />
    <UnitTestResult executionId="bcee00aa-e494-4c93-8e9c-1afd65da0b2f" testId="d6b10638-19d7-868a-2152-f7946c6c6899" testName="xUnitTestProject.CurrencyHelperTests.FormatToStringTest1000(price: 904.351189922705, expected: &quot;904.35 zł&quot;)" computerName="DESKTOP-5URQ9PB" duration="00:00:00.0000077" startTime="2022-06-13T21:14:10.7754738+02:00" endTime="2022-06-13T21:14:10.7754739+02:00" testType="13cdc9d9-ddb5-4fa4-a97d-d965ccfc6d4b" outcome="Passed" testListId="8c84fa94-04c1-424b-9868-57a2d4851a1d" relativeResultsDirectory="bcee00aa-e494-4c93-8e9c-1afd65da0b2f" />
    <UnitTestResult executionId="e904f29c-29f5-4874-b6f5-b1a069677689" testId="181c235a-8f4f-6777-859c-d2eff1a2ae91" testName="xUnitTestProject.CurrencyHelperTests.FormatToStringTest1000(price: 22017.250119325356, expected: &quot;22017.25 zł&quot;)" computerName="DESKTOP-5URQ9PB" duration="00:00:00.0000043" startTime="2022-06-13T21:14:10.7366253+02:00" endTime="2022-06-13T21:14:10.7366255+02:00" testType="13cdc9d9-ddb5-4fa4-a97d-d965ccfc6d4b" outcome="Passed" testListId="8c84fa94-04c1-424b-9868-57a2d4851a1d" relativeResultsDirectory="e904f29c-29f5-4874-b6f5-b1a069677689" />
    <UnitTestResult executionId="2d0c60a8-f931-4a8b-b528-d0db149dfee3" testId="9ecb75d8-2160-8266-876b-6361db8213dc" testName="xUnitTestProject.CurrencyHelperTests.FormatToStringTest1000(price: 8885.065440211942, expected: &quot;8885.07 zł&quot;)" computerName="DESKTOP-5URQ9PB" duration="00:00:00.0000047" startTime="2022-06-13T21:14:10.6914281+02:00" endTime="2022-06-13T21:14:10.6914282+02:00" testType="13cdc9d9-ddb5-4fa4-a97d-d965ccfc6d4b" outcome="Passed" testListId="8c84fa94-04c1-424b-9868-57a2d4851a1d" relativeResultsDirectory="2d0c60a8-f931-4a8b-b528-d0db149dfee3" />
    <UnitTestResult executionId="16408507-ba47-4fef-918d-1e1fa13856d5" testId="bc83fa3c-576f-30a6-fe1b-a25c896763ba" testName="xUnitTestProject.CurrencyHelperTests.FormatToStringTest1000(price: 23612.114499758984, expected: &quot;23612.11 zł&quot;)" computerName="DESKTOP-5URQ9PB" duration="00:00:00.0000041" startTime="2022-06-13T21:14:10.7423217+02:00" endTime="2022-06-13T21:14:10.7423222+02:00" testType="13cdc9d9-ddb5-4fa4-a97d-d965ccfc6d4b" outcome="Passed" testListId="8c84fa94-04c1-424b-9868-57a2d4851a1d" relativeResultsDirectory="16408507-ba47-4fef-918d-1e1fa13856d5" />
    <UnitTestResult executionId="6fb4e342-0ed9-46d8-ae3a-40e55c9e9ad1" testId="598d9a80-ba03-040c-39ba-536b5b6632f4" testName="xUnitTestProject.CurrencyHelperTests.FormatToStringTest1000(price: 12528.413830086782, expected: &quot;12528.41 zł&quot;)" computerName="DESKTOP-5URQ9PB" duration="00:00:00.0000071" startTime="2022-06-13T21:14:10.7874485+02:00" endTime="2022-06-13T21:14:10.7874487+02:00" testType="13cdc9d9-ddb5-4fa4-a97d-d965ccfc6d4b" outcome="Passed" testListId="8c84fa94-04c1-424b-9868-57a2d4851a1d" relativeResultsDirectory="6fb4e342-0ed9-46d8-ae3a-40e55c9e9ad1" />
    <UnitTestResult executionId="c0cd1eba-3554-47d6-9f43-61025a2902b5" testId="56dbe364-b862-68d4-f157-de01aca24e66" testName="xUnitTestProject.CurrencyHelperTests.FormatToStringTest1000(price: 28502.61128259758, expected: &quot;28502.61 zł&quot;)" computerName="DESKTOP-5URQ9PB" duration="00:00:00.0000095" startTime="2022-06-13T21:14:10.7904820+02:00" endTime="2022-06-13T21:14:10.7904821+02:00" testType="13cdc9d9-ddb5-4fa4-a97d-d965ccfc6d4b" outcome="Passed" testListId="8c84fa94-04c1-424b-9868-57a2d4851a1d" relativeResultsDirectory="c0cd1eba-3554-47d6-9f43-61025a2902b5" />
    <UnitTestResult executionId="0d8dcbe4-089e-4991-bb82-25ca4c90c7cf" testId="567ca57c-5cc0-0e6c-fd41-e20b10f40469" testName="xUnitTestProject.CurrencyHelperTests.FormatToStringTest1000(price: 6890.028458985514, expected: &quot;6890.03 zł&quot;)" computerName="DESKTOP-5URQ9PB" duration="00:00:00.0000051" startTime="2022-06-13T21:14:10.8003316+02:00" endTime="2022-06-13T21:14:10.8003318+02:00" testType="13cdc9d9-ddb5-4fa4-a97d-d965ccfc6d4b" outcome="Passed" testListId="8c84fa94-04c1-424b-9868-57a2d4851a1d" relativeResultsDirectory="0d8dcbe4-089e-4991-bb82-25ca4c90c7cf" />
    <UnitTestResult executionId="eeab61ee-708d-4c72-a481-3be03acdf2ba" testId="9af1084a-697b-14e3-b169-a799a0af5e73" testName="xUnitTestProject.CurrencyHelperTests.FormatToStringTest1000(price: 35714.78133482243, expected: &quot;35714.78 zł&quot;)" computerName="DESKTOP-5URQ9PB" duration="00:00:00.0000068" startTime="2022-06-13T21:14:10.7972763+02:00" endTime="2022-06-13T21:14:10.7972764+02:00" testType="13cdc9d9-ddb5-4fa4-a97d-d965ccfc6d4b" outcome="Passed" testListId="8c84fa94-04c1-424b-9868-57a2d4851a1d" relativeResultsDirectory="eeab61ee-708d-4c72-a481-3be03acdf2ba" />
    <UnitTestResult executionId="fd90df70-87ca-4c30-a97c-e75a9df0bf16" testId="4df9b13a-de84-7056-3c88-543d3fa32c62" testName="xUnitTestProject.CurrencyHelperTests.FormatToStringTest1000(price: 2121.0917325211185, expected: &quot;2121.09 zł&quot;)" computerName="DESKTOP-5URQ9PB" duration="00:00:00.0000092" startTime="2022-06-13T21:14:10.7806127+02:00" endTime="2022-06-13T21:14:10.7806128+02:00" testType="13cdc9d9-ddb5-4fa4-a97d-d965ccfc6d4b" outcome="Passed" testListId="8c84fa94-04c1-424b-9868-57a2d4851a1d" relativeResultsDirectory="fd90df70-87ca-4c30-a97c-e75a9df0bf16" />
    <UnitTestResult executionId="f3ec2f86-25a2-436e-8900-d9599bc66719" testId="d6ef55e8-c5e6-5de1-49ad-15c2ce305191" testName="xUnitTestProject.CurrencyHelperTests.FormatToStringTest1000(price: 5810.695934967462, expected: &quot;5810.70 zł&quot;)" computerName="DESKTOP-5URQ9PB" duration="00:00:00.0000085" startTime="2022-06-13T21:14:10.7552652+02:00" endTime="2022-06-13T21:14:10.7552654+02:00" testType="13cdc9d9-ddb5-4fa4-a97d-d965ccfc6d4b" outcome="Passed" testListId="8c84fa94-04c1-424b-9868-57a2d4851a1d" relativeResultsDirectory="f3ec2f86-25a2-436e-8900-d9599bc66719" />
    <UnitTestResult executionId="f8b11d15-0a85-47b2-b22e-1ebad5878ea0" testId="984ccf4b-e758-da57-870c-fdaae5c09395" testName="xUnitTestProject.CurrencyHelperTests.FormatToStringTest1000(price: 11584.045280779732, expected: &quot;11584.05 zł&quot;)" computerName="DESKTOP-5URQ9PB" duration="00:00:00.0000043" startTime="2022-06-13T21:14:10.6892782+02:00" endTime="2022-06-13T21:14:10.6892784+02:00" testType="13cdc9d9-ddb5-4fa4-a97d-d965ccfc6d4b" outcome="Passed" testListId="8c84fa94-04c1-424b-9868-57a2d4851a1d" relativeResultsDirectory="f8b11d15-0a85-47b2-b22e-1ebad5878ea0" />
    <UnitTestResult executionId="418bfcac-56fa-4338-aea2-dce6ae41c137" testId="40049265-1e97-9ed6-58fa-5d084054c7cc" testName="xUnitTestProject.CurrencyHelperTests.FormatToStringTest1000(price: 17835.54606576988, expected: &quot;17835.55 zł&quot;)" computerName="DESKTOP-5URQ9PB" duration="00:00:00.0000058" startTime="2022-06-13T21:14:10.7982190+02:00" endTime="2022-06-13T21:14:10.7982194+02:00" testType="13cdc9d9-ddb5-4fa4-a97d-d965ccfc6d4b" outcome="Passed" testListId="8c84fa94-04c1-424b-9868-57a2d4851a1d" relativeResultsDirectory="418bfcac-56fa-4338-aea2-dce6ae41c137" />
    <UnitTestResult executionId="70072ed4-4953-4bd5-ae6f-5b78b868c478" testId="c9dc0f3f-e108-0c1a-7cef-09dcecce5469" testName="xUnitTestProject.CurrencyHelperTests.FormatToStringTest1000(price: 4898.699005344277, expected: &quot;4898.70 zł&quot;)" computerName="DESKTOP-5URQ9PB" duration="00:00:00.0000089" startTime="2022-06-13T21:14:10.7527842+02:00" endTime="2022-06-13T21:14:10.7527844+02:00" testType="13cdc9d9-ddb5-4fa4-a97d-d965ccfc6d4b" outcome="Passed" testListId="8c84fa94-04c1-424b-9868-57a2d4851a1d" relativeResultsDirectory="70072ed4-4953-4bd5-ae6f-5b78b868c478" />
    <UnitTestResult executionId="1a34931e-3514-4677-aabf-a3092d2c3b11" testId="814b2061-14f5-c810-0eca-e8431104105a" testName="xUnitTestProject.CurrencyHelperTests.FormatToStringTest1000(price: 14198.39903067723, expected: &quot;14198.40 zł&quot;)" computerName="DESKTOP-5URQ9PB" duration="00:00:00.0000041" startTime="2022-06-13T21:14:10.7236626+02:00" endTime="2022-06-13T21:14:10.7236628+02:00" testType="13cdc9d9-ddb5-4fa4-a97d-d965ccfc6d4b" outcome="Passed" testListId="8c84fa94-04c1-424b-9868-57a2d4851a1d" relativeResultsDirectory="1a34931e-3514-4677-aabf-a3092d2c3b11" />
    <UnitTestResult executionId="6e6ad72b-51d8-4cb1-b369-c6e8c16f9771" testId="28d8e856-ac6b-165d-f269-4ec7d560f09b" testName="xUnitTestProject.CurrencyHelperTests.FormatToStringTest1000(price: 9928.477822322622, expected: &quot;9928.48 zł&quot;)" computerName="DESKTOP-5URQ9PB" duration="00:00:00.0000040" startTime="2022-06-13T21:14:10.7029033+02:00" endTime="2022-06-13T21:14:10.7029034+02:00" testType="13cdc9d9-ddb5-4fa4-a97d-d965ccfc6d4b" outcome="Passed" testListId="8c84fa94-04c1-424b-9868-57a2d4851a1d" relativeResultsDirectory="6e6ad72b-51d8-4cb1-b369-c6e8c16f9771" />
    <UnitTestResult executionId="201ad760-eea9-4cc5-b6c1-842f55ade845" testId="80a4940d-875d-f4f0-bd6e-0d3aab9861cb" testName="xUnitTestProject.CurrencyHelperTests.FormatToStringTest1000(price: 60701.5177499319, expected: &quot;60701.52 zł&quot;)" computerName="DESKTOP-5URQ9PB" duration="00:00:00.0000041" startTime="2022-06-13T21:14:10.6860142+02:00" endTime="2022-06-13T21:14:10.6860144+02:00" testType="13cdc9d9-ddb5-4fa4-a97d-d965ccfc6d4b" outcome="Passed" testListId="8c84fa94-04c1-424b-9868-57a2d4851a1d" relativeResultsDirectory="201ad760-eea9-4cc5-b6c1-842f55ade845" />
    <UnitTestResult executionId="efe11479-f549-47bf-9e1c-f3087b3a6970" testId="86b56171-19f4-76a4-c109-8879ac5bbbd7" testName="xUnitTestProject.CurrencyHelperTests.FormatToStringTest1000(price: 59283.7670322637, expected: &quot;59283.77 zł&quot;)" computerName="DESKTOP-5URQ9PB" duration="00:00:00.0000061" startTime="2022-06-13T21:14:10.7993436+02:00" endTime="2022-06-13T21:14:10.7993437+02:00" testType="13cdc9d9-ddb5-4fa4-a97d-d965ccfc6d4b" outcome="Passed" testListId="8c84fa94-04c1-424b-9868-57a2d4851a1d" relativeResultsDirectory="efe11479-f549-47bf-9e1c-f3087b3a6970" />
    <UnitTestResult executionId="695290b1-7a4b-476a-b7ed-4bbb91ef86d7" testId="c25f3e77-3d72-0513-001e-286d17e294f3" testName="xUnitTestProject.CurrencyHelperTests.FormatToStringTest1000(price: 3270.482477338743, expected: &quot;3270.48 zł&quot;)" computerName="DESKTOP-5URQ9PB" duration="00:00:00.0000041" startTime="2022-06-13T21:14:10.7424974+02:00" endTime="2022-06-13T21:14:10.7424975+02:00" testType="13cdc9d9-ddb5-4fa4-a97d-d965ccfc6d4b" outcome="Passed" testListId="8c84fa94-04c1-424b-9868-57a2d4851a1d" relativeResultsDirectory="695290b1-7a4b-476a-b7ed-4bbb91ef86d7" />
    <UnitTestResult executionId="8a5f5f9e-1618-436e-9b19-67f20f9af828" testId="3172308c-0e5e-05a2-a398-90977e0ab705" testName="xUnitTestProject.CurrencyHelperTests.FormatToStringTest1000(price: 3700.029953029021, expected: &quot;3700.03 zł&quot;)" computerName="DESKTOP-5URQ9PB" duration="00:00:00.0000041" startTime="2022-06-13T21:14:10.6904262+02:00" endTime="2022-06-13T21:14:10.6904263+02:00" testType="13cdc9d9-ddb5-4fa4-a97d-d965ccfc6d4b" outcome="Passed" testListId="8c84fa94-04c1-424b-9868-57a2d4851a1d" relativeResultsDirectory="8a5f5f9e-1618-436e-9b19-67f20f9af828" />
    <UnitTestResult executionId="dd291739-17c3-4376-b2ee-5cb280dd9f33" testId="2a1ae3da-2a49-9688-92eb-6a1bc6d0cf01" testName="xUnitTestProject.CurrencyHelperTests.FormatToStringTest1000(price: 4525.609305084501, expected: &quot;4525.61 zł&quot;)" computerName="DESKTOP-5URQ9PB" duration="00:00:00.0000041" startTime="2022-06-13T21:14:10.7188674+02:00" endTime="2022-06-13T21:14:10.7188675+02:00" testType="13cdc9d9-ddb5-4fa4-a97d-d965ccfc6d4b" outcome="Passed" testListId="8c84fa94-04c1-424b-9868-57a2d4851a1d" relativeResultsDirectory="dd291739-17c3-4376-b2ee-5cb280dd9f33" />
    <UnitTestResult executionId="42fd23cd-1b97-4e94-b174-b1cd50b686f1" testId="1ad63577-6f41-15d0-2387-0963e1b2bf95" testName="xUnitTestProject.CurrencyHelperTests.FormatToStringTest1000(price: 45070.5442499493, expected: &quot;45070.54 zł&quot;)" computerName="DESKTOP-5URQ9PB" duration="00:00:00.0000043" startTime="2022-06-13T21:14:10.6934512+02:00" endTime="2022-06-13T21:14:10.6934513+02:00" testType="13cdc9d9-ddb5-4fa4-a97d-d965ccfc6d4b" outcome="Passed" testListId="8c84fa94-04c1-424b-9868-57a2d4851a1d" relativeResultsDirectory="42fd23cd-1b97-4e94-b174-b1cd50b686f1" />
    <UnitTestResult executionId="6d55c1a3-e6fa-4809-9508-e81f9cda9e89" testId="fdb8f5e8-aebb-9f4d-e956-1151e0f88117" testName="xUnitTestProject.CurrencyHelperTests.FormatToStringTest1000(price: 14172.682747822573, expected: &quot;14172.68 zł&quot;)" computerName="DESKTOP-5URQ9PB" duration="00:00:00.0000041" startTime="2022-06-13T21:14:10.7305816+02:00" endTime="2022-06-13T21:14:10.7305818+02:00" testType="13cdc9d9-ddb5-4fa4-a97d-d965ccfc6d4b" outcome="Passed" testListId="8c84fa94-04c1-424b-9868-57a2d4851a1d" relativeResultsDirectory="6d55c1a3-e6fa-4809-9508-e81f9cda9e89" />
    <UnitTestResult executionId="546e36ab-85ba-433e-a890-4e8e332372c0" testId="24bb58fc-f26e-f596-3b94-0fe50e90026c" testName="xUnitTestProject.CurrencyHelperTests.FormatToStringTest1000(price: 14017.699524653006, expected: &quot;14017.70 zł&quot;)" computerName="DESKTOP-5URQ9PB" duration="00:00:00.0000081" startTime="2022-06-13T21:14:10.7853044+02:00" endTime="2022-06-13T21:14:10.7853048+02:00" testType="13cdc9d9-ddb5-4fa4-a97d-d965ccfc6d4b" outcome="Passed" testListId="8c84fa94-04c1-424b-9868-57a2d4851a1d" relativeResultsDirectory="546e36ab-85ba-433e-a890-4e8e332372c0" />
    <UnitTestResult executionId="eec960f2-dcb3-4775-9098-73486a73d0d7" testId="53367b44-34c3-c14f-ebad-d28df1741450" testName="xUnitTestProject.CurrencyHelperTests.FormatToStringTest1000(price: 5507.360659962688, expected: &quot;5507.36 zł&quot;)" computerName="DESKTOP-5URQ9PB" duration="00:00:00.0000043" startTime="2022-06-13T21:14:10.6923961+02:00" endTime="2022-06-13T21:14:10.6923962+02:00" testType="13cdc9d9-ddb5-4fa4-a97d-d965ccfc6d4b" outcome="Passed" testListId="8c84fa94-04c1-424b-9868-57a2d4851a1d" relativeResultsDirectory="eec960f2-dcb3-4775-9098-73486a73d0d7" />
    <UnitTestResult executionId="3b17ad9a-d1e8-4fd3-9fb2-44adf30ecfa0" testId="b96da561-72c0-f108-100e-28aea4f8d524" testName="xUnitTestProject.CurrencyHelperTests.FormatToStringTest1000(price: 9818.257405763146, expected: &quot;9818.26 zł&quot;)" computerName="DESKTOP-5URQ9PB" duration="00:00:00.0000041" startTime="2022-06-13T21:14:10.7237822+02:00" endTime="2022-06-13T21:14:10.7237824+02:00" testType="13cdc9d9-ddb5-4fa4-a97d-d965ccfc6d4b" outcome="Passed" testListId="8c84fa94-04c1-424b-9868-57a2d4851a1d" relativeResultsDirectory="3b17ad9a-d1e8-4fd3-9fb2-44adf30ecfa0" />
    <UnitTestResult executionId="242ee358-514a-48e3-b402-5c2d6e3fa64e" testId="b260e8fd-b664-9d96-9944-4c7dd9ae1851" testName="xUnitTestProject.CurrencyHelperTests.FormatToStringTest1000(price: 47630.39193684067, expected: &quot;47630.39 zł&quot;)" computerName="DESKTOP-5URQ9PB" duration="00:00:00.0000043" startTime="2022-06-13T21:14:10.7226464+02:00" endTime="2022-06-13T21:14:10.7226465+02:00" testType="13cdc9d9-ddb5-4fa4-a97d-d965ccfc6d4b" outcome="Passed" testListId="8c84fa94-04c1-424b-9868-57a2d4851a1d" relativeResultsDirectory="242ee358-514a-48e3-b402-5c2d6e3fa64e" />
    <UnitTestResult executionId="4d7e4812-bd55-4cf5-8e9a-2a077dd93b4f" testId="80f5a640-ad10-06cf-9198-39d7a4c7c709" testName="xUnitTestProject.CurrencyHelperTests.FormatToStringTest1000(price: 21281.64584727662, expected: &quot;21281.65 zł&quot;)" computerName="DESKTOP-5URQ9PB" duration="00:00:00.0000043" startTime="2022-06-13T21:14:10.7257659+02:00" endTime="2022-06-13T21:14:10.7257660+02:00" testType="13cdc9d9-ddb5-4fa4-a97d-d965ccfc6d4b" outcome="Passed" testListId="8c84fa94-04c1-424b-9868-57a2d4851a1d" relativeResultsDirectory="4d7e4812-bd55-4cf5-8e9a-2a077dd93b4f" />
    <UnitTestResult executionId="c55e28d4-d5ee-47b3-8f41-cdb729909561" testId="8e844c73-d78c-9c16-d82a-bbf068ddf1ce" testName="xUnitTestProject.CurrencyHelperTests.FormatToStringTest1000(price: 45887.58415794167, expected: &quot;45887.58 zł&quot;)" computerName="DESKTOP-5URQ9PB" duration="00:00:00.0000075" startTime="2022-06-13T21:14:10.7904219+02:00" endTime="2022-06-13T21:14:10.7904221+02:00" testType="13cdc9d9-ddb5-4fa4-a97d-d965ccfc6d4b" outcome="Passed" testListId="8c84fa94-04c1-424b-9868-57a2d4851a1d" relativeResultsDirectory="c55e28d4-d5ee-47b3-8f41-cdb729909561" />
    <UnitTestResult executionId="65c282d8-42f1-4675-9ce5-4c5de66338d6" testId="459b3c16-63b4-fc77-bb08-22086969eb93" testName="xUnitTestProject.CurrencyHelperTests.FormatToStringTest1000(price: 8599.45217413616, expected: &quot;8599.45 zł&quot;)" computerName="DESKTOP-5URQ9PB" duration="00:00:00.0000041" startTime="2022-06-13T21:14:10.7399689+02:00" endTime="2022-06-13T21:14:10.7399693+02:00" testType="13cdc9d9-ddb5-4fa4-a97d-d965ccfc6d4b" outcome="Passed" testListId="8c84fa94-04c1-424b-9868-57a2d4851a1d" relativeResultsDirectory="65c282d8-42f1-4675-9ce5-4c5de66338d6" />
    <UnitTestResult executionId="c9e21b8b-8041-4c73-bbac-2ceff7064678" testId="1f661c1f-d0bf-b374-44cc-db7131efefe7" testName="xUnitTestProject.CurrencyHelperTests.FormatToStringTest1000(price: 27751.474436297303, expected: &quot;27751.47 zł&quot;)" computerName="DESKTOP-5URQ9PB" duration="00:00:00.0000081" startTime="2022-06-13T21:14:10.7608507+02:00" endTime="2022-06-13T21:14:10.7608508+02:00" testType="13cdc9d9-ddb5-4fa4-a97d-d965ccfc6d4b" outcome="Passed" testListId="8c84fa94-04c1-424b-9868-57a2d4851a1d" relativeResultsDirectory="c9e21b8b-8041-4c73-bbac-2ceff7064678" />
    <UnitTestResult executionId="8d3ac86b-9d94-4814-99ee-91711daeb7bb" testId="f1679d4a-b856-7d51-628e-8f29c288c7ca" testName="xUnitTestProject.CurrencyHelperTests.FormatToStringTest1000(price: 51503.82905738234, expected: &quot;51503.83 zł&quot;)" computerName="DESKTOP-5URQ9PB" duration="00:00:00.0000041" startTime="2022-06-13T21:14:10.7367019+02:00" endTime="2022-06-13T21:14:10.7367020+02:00" testType="13cdc9d9-ddb5-4fa4-a97d-d965ccfc6d4b" outcome="Passed" testListId="8c84fa94-04c1-424b-9868-57a2d4851a1d" relativeResultsDirectory="8d3ac86b-9d94-4814-99ee-91711daeb7bb" />
    <UnitTestResult executionId="54e1d9d6-e26f-430a-bc91-01ecd619bacb" testId="26c85a86-1383-9737-58c9-22fa784f7da5" testName="xUnitTestProject.CurrencyHelperTests.FormatToStringTest1000(price: 30020.248557890412, expected: &quot;30020.25 zł&quot;)" computerName="DESKTOP-5URQ9PB" duration="00:00:00.0000043" startTime="2022-06-13T21:14:10.7390635+02:00" endTime="2022-06-13T21:14:10.7390637+02:00" testType="13cdc9d9-ddb5-4fa4-a97d-d965ccfc6d4b" outcome="Passed" testListId="8c84fa94-04c1-424b-9868-57a2d4851a1d" relativeResultsDirectory="54e1d9d6-e26f-430a-bc91-01ecd619bacb" />
    <UnitTestResult executionId="2fd2fcb3-072f-4d29-8db7-b6727d975b71" testId="37d09489-36bf-8c23-e75f-f494d92ed465" testName="xUnitTestProject.CurrencyHelperTests.FormatToStringTest1000(price: 14218.204344010543, expected: &quot;14218.20 zł&quot;)" computerName="DESKTOP-5URQ9PB" duration="00:00:00.0000053" startTime="2022-06-13T21:14:10.7964768+02:00" endTime="2022-06-13T21:14:10.7964770+02:00" testType="13cdc9d9-ddb5-4fa4-a97d-d965ccfc6d4b" outcome="Passed" testListId="8c84fa94-04c1-424b-9868-57a2d4851a1d" relativeResultsDirectory="2fd2fcb3-072f-4d29-8db7-b6727d975b71" />
    <UnitTestResult executionId="ec3a9ffc-8b79-4752-8d1f-46a161bf0252" testId="f0b310a7-9bf9-fe2b-4bd1-bf05e954c540" testName="xUnitTestProject.CurrencyHelperTests.FormatToStringTest1000(price: 61633.2671179945, expected: &quot;61633.27 zł&quot;)" computerName="DESKTOP-5URQ9PB" duration="00:00:00.0000083" startTime="2022-06-13T21:14:10.7681197+02:00" endTime="2022-06-13T21:14:10.7681199+02:00" testType="13cdc9d9-ddb5-4fa4-a97d-d965ccfc6d4b" outcome="Passed" testListId="8c84fa94-04c1-424b-9868-57a2d4851a1d" relativeResultsDirectory="ec3a9ffc-8b79-4752-8d1f-46a161bf0252" />
    <UnitTestResult executionId="3c37efb8-b73c-410e-9d79-8a9b35aea89f" testId="2154354b-9164-5585-480c-7dedd5c54210" testName="xUnitTestProject.CurrencyHelperTests.FormatToStringTest1000(price: 9097.395563790293, expected: &quot;9097.40 zł&quot;)" computerName="DESKTOP-5URQ9PB" duration="00:00:00.0000081" startTime="2022-06-13T21:14:10.7694132+02:00" endTime="2022-06-13T21:14:10.7694134+02:00" testType="13cdc9d9-ddb5-4fa4-a97d-d965ccfc6d4b" outcome="Passed" testListId="8c84fa94-04c1-424b-9868-57a2d4851a1d" relativeResultsDirectory="3c37efb8-b73c-410e-9d79-8a9b35aea89f" />
    <UnitTestResult executionId="23ed8481-89b3-431c-a733-f543018743c1" testId="ca7cf147-8883-8578-944a-0bb9c4bca4f5" testName="xUnitTestProject.CurrencyHelperTests.FormatToStringTest1000(price: 47393.54939526671, expected: &quot;47393.55 zł&quot;)" computerName="DESKTOP-5URQ9PB" duration="00:00:00.0000041" startTime="2022-06-13T21:14:10.6776156+02:00" endTime="2022-06-13T21:14:10.6776158+02:00" testType="13cdc9d9-ddb5-4fa4-a97d-d965ccfc6d4b" outcome="Passed" testListId="8c84fa94-04c1-424b-9868-57a2d4851a1d" relativeResultsDirectory="23ed8481-89b3-431c-a733-f543018743c1" />
    <UnitTestResult executionId="36458812-cbad-4f70-b7cf-fd8b0bc64f3c" testId="7b2e748c-5793-e1c6-45bc-d5f863686469" testName="xUnitTestProject.CurrencyHelperTests.FormatToStringTest1000(price: 84686.32148464039, expected: &quot;84686.32 zł&quot;)" computerName="DESKTOP-5URQ9PB" duration="00:00:00.0000043" startTime="2022-06-13T21:14:10.7009999+02:00" endTime="2022-06-13T21:14:10.7010000+02:00" testType="13cdc9d9-ddb5-4fa4-a97d-d965ccfc6d4b" outcome="Passed" testListId="8c84fa94-04c1-424b-9868-57a2d4851a1d" relativeResultsDirectory="36458812-cbad-4f70-b7cf-fd8b0bc64f3c" />
    <UnitTestResult executionId="e0ef26c9-7258-4cc5-b8e2-ae8a121c5bc2" testId="f7a3c37c-dec7-4f70-5b8f-168bb8621231" testName="xUnitTestProject.CurrencyHelperTests.FormatToStringTest1000(price: 4857.211933034105, expected: &quot;4857.21 zł&quot;)" computerName="DESKTOP-5URQ9PB" duration="00:00:00.0000041" startTime="2022-06-13T21:14:10.6795287+02:00" endTime="2022-06-13T21:14:10.6795289+02:00" testType="13cdc9d9-ddb5-4fa4-a97d-d965ccfc6d4b" outcome="Passed" testListId="8c84fa94-04c1-424b-9868-57a2d4851a1d" relativeResultsDirectory="e0ef26c9-7258-4cc5-b8e2-ae8a121c5bc2" />
    <UnitTestResult executionId="ae1d4f42-7b70-43c4-a668-e7153e0cd437" testId="61f864ac-97c4-6c85-0643-065c2cc97960" testName="xUnitTestProject.CurrencyHelperTests.FormatToStringTest1000(price: 11494.27761332238, expected: &quot;11494.28 zł&quot;)" computerName="DESKTOP-5URQ9PB" duration="00:00:00.0000041" startTime="2022-06-13T21:14:10.6848664+02:00" endTime="2022-06-13T21:14:10.6848668+02:00" testType="13cdc9d9-ddb5-4fa4-a97d-d965ccfc6d4b" outcome="Passed" testListId="8c84fa94-04c1-424b-9868-57a2d4851a1d" relativeResultsDirectory="ae1d4f42-7b70-43c4-a668-e7153e0cd437" />
    <UnitTestResult executionId="e39b6dfb-0e44-4597-85d8-9fe0eadba324" testId="0d6a7c9f-244c-8d08-98f4-afd58838a2c2" testName="xUnitTestProject.CurrencyHelperTests.FormatToStringTest1000(price: 14719.97001409762, expected: &quot;14719.97 zł&quot;)" computerName="DESKTOP-5URQ9PB" duration="00:00:00.0000041" startTime="2022-06-13T21:14:10.6892487+02:00" endTime="2022-06-13T21:14:10.6892489+02:00" testType="13cdc9d9-ddb5-4fa4-a97d-d965ccfc6d4b" outcome="Passed" testListId="8c84fa94-04c1-424b-9868-57a2d4851a1d" relativeResultsDirectory="e39b6dfb-0e44-4597-85d8-9fe0eadba324" />
    <UnitTestResult executionId="03d26483-879a-42a3-8e67-8c6eb981076b" testId="3d1af355-28e7-625e-59fd-fe5da700f0dc" testName="xUnitTestProject.CurrencyHelperTests.FormatToStringTest1000(price: 20244.692955315437, expected: &quot;20244.69 zł&quot;)" computerName="DESKTOP-5URQ9PB" duration="00:00:00.0000200" startTime="2022-06-13T21:14:10.7835682+02:00" endTime="2022-06-13T21:14:10.7835684+02:00" testType="13cdc9d9-ddb5-4fa4-a97d-d965ccfc6d4b" outcome="Passed" testListId="8c84fa94-04c1-424b-9868-57a2d4851a1d" relativeResultsDirectory="03d26483-879a-42a3-8e67-8c6eb981076b" />
    <UnitTestResult executionId="901c09ca-5fed-403e-b48d-26ddb44130b8" testId="a69afd9b-81e8-28e1-2371-18b74a947656" testName="xUnitTestProject.CurrencyHelperTests.FormatToStringTest1000(price: 12903.541202012237, expected: &quot;12903.54 zł&quot;)" computerName="DESKTOP-5URQ9PB" duration="00:00:00.0000041" startTime="2022-06-13T21:14:10.7136733+02:00" endTime="2022-06-13T21:14:10.7136737+02:00" testType="13cdc9d9-ddb5-4fa4-a97d-d965ccfc6d4b" outcome="Passed" testListId="8c84fa94-04c1-424b-9868-57a2d4851a1d" relativeResultsDirectory="901c09ca-5fed-403e-b48d-26ddb44130b8" />
    <UnitTestResult executionId="46d7602d-ae32-447e-ae15-d98c766e89c4" testId="d2e288cb-5b2d-9b97-c7c0-aed9f363013c" testName="xUnitTestProject.CurrencyHelperTests.FormatToStringTest1000(price: 9816.961298880615, expected: &quot;9816.96 zł&quot;)" computerName="DESKTOP-5URQ9PB" duration="00:00:00.0000068" startTime="2022-06-13T21:14:10.7729909+02:00" endTime="2022-06-13T21:14:10.7729912+02:00" testType="13cdc9d9-ddb5-4fa4-a97d-d965ccfc6d4b" outcome="Passed" testListId="8c84fa94-04c1-424b-9868-57a2d4851a1d" relativeResultsDirectory="46d7602d-ae32-447e-ae15-d98c766e89c4" />
    <UnitTestResult executionId="ec98ec60-b34d-4891-9c22-cbd10c075be5" testId="8e40a9d7-b14a-a165-b4bc-258c3936dfbd" testName="xUnitTestProject.CurrencyHelperTests.FormatToStringTest1000(price: 1676.7913981754293, expected: &quot;1676.79 zł&quot;)" computerName="DESKTOP-5URQ9PB" duration="00:00:00.0000078" startTime="2022-06-13T21:14:10.7694894+02:00" endTime="2022-06-13T21:14:10.7694895+02:00" testType="13cdc9d9-ddb5-4fa4-a97d-d965ccfc6d4b" outcome="Passed" testListId="8c84fa94-04c1-424b-9868-57a2d4851a1d" relativeResultsDirectory="ec98ec60-b34d-4891-9c22-cbd10c075be5" />
    <UnitTestResult executionId="65f92099-d4f6-4646-800f-82f16306b389" testId="e3939992-ed7f-a290-3278-0cb23f85c16d" testName="xUnitTestProject.CurrencyHelperTests.FormatToStringTest1000(price: 27027.327683509946, expected: &quot;27027.33 zł&quot;)" computerName="DESKTOP-5URQ9PB" duration="00:00:00.0000043" startTime="2022-06-13T21:14:10.7019113+02:00" endTime="2022-06-13T21:14:10.7019115+02:00" testType="13cdc9d9-ddb5-4fa4-a97d-d965ccfc6d4b" outcome="Passed" testListId="8c84fa94-04c1-424b-9868-57a2d4851a1d" relativeResultsDirectory="65f92099-d4f6-4646-800f-82f16306b389" />
    <UnitTestResult executionId="3ad989cb-66d0-4e73-9271-4806b7c46cb4" testId="1c4368b6-2172-3b52-0d12-0d33b2fcef8b" testName="xUnitTestProject.CurrencyHelperTests.FormatToStringTest1000(price: 33970.38965150639, expected: &quot;33970.39 zł&quot;)" computerName="DESKTOP-5URQ9PB" duration="00:00:00.0000043" startTime="2022-06-13T21:14:10.7365097+02:00" endTime="2022-06-13T21:14:10.7365098+02:00" testType="13cdc9d9-ddb5-4fa4-a97d-d965ccfc6d4b" outcome="Passed" testListId="8c84fa94-04c1-424b-9868-57a2d4851a1d" relativeResultsDirectory="3ad989cb-66d0-4e73-9271-4806b7c46cb4" />
    <UnitTestResult executionId="ff6a8206-7b97-468a-bfe8-d3c75be072ad" testId="b4c4dec7-1c5b-811f-ea83-760608d514fd" testName="xUnitTestProject.CurrencyHelperTests.FormatToStringTest1000(price: 44677.61946778074, expected: &quot;44677.62 zł&quot;)" computerName="DESKTOP-5URQ9PB" duration="00:00:00.0000041" startTime="2022-06-13T21:14:10.7424585+02:00" endTime="2022-06-13T21:14:10.7424587+02:00" testType="13cdc9d9-ddb5-4fa4-a97d-d965ccfc6d4b" outcome="Passed" testListId="8c84fa94-04c1-424b-9868-57a2d4851a1d" relativeResultsDirectory="ff6a8206-7b97-468a-bfe8-d3c75be072ad" />
    <UnitTestResult executionId="dc4df595-e16c-4b2d-a4d6-12fa99697aac" testId="5f750d11-c899-aa88-cff9-6806fe46c3fe" testName="xUnitTestProject.CurrencyHelperTests.FormatToStringTest1000(price: 28298.945361683585, expected: &quot;28298.95 zł&quot;)" computerName="DESKTOP-5URQ9PB" duration="00:00:00.0000052" startTime="2022-06-13T21:14:10.7330993+02:00" endTime="2022-06-13T21:14:10.7330995+02:00" testType="13cdc9d9-ddb5-4fa4-a97d-d965ccfc6d4b" outcome="Passed" testListId="8c84fa94-04c1-424b-9868-57a2d4851a1d" relativeResultsDirectory="dc4df595-e16c-4b2d-a4d6-12fa99697aac" />
    <UnitTestResult executionId="86c325f1-8b08-4796-94e4-0103146f2d93" testId="2903f8f9-605c-f4a1-c251-e272e8faf58d" testName="xUnitTestProject.CurrencyHelperTests.FormatToStringTest1000(price: 40857.08543233996, expected: &quot;40857.09 zł&quot;)" computerName="DESKTOP-5URQ9PB" duration="00:00:00.0000043" startTime="2022-06-13T21:14:10.7379660+02:00" endTime="2022-06-13T21:14:10.7379662+02:00" testType="13cdc9d9-ddb5-4fa4-a97d-d965ccfc6d4b" outcome="Passed" testListId="8c84fa94-04c1-424b-9868-57a2d4851a1d" relativeResultsDirectory="86c325f1-8b08-4796-94e4-0103146f2d93" />
    <UnitTestResult executionId="37717fa6-5c54-4809-9725-6fec9627b48d" testId="e8e3664d-13e4-e628-073d-8b88b9f9785c" testName="xUnitTestProject.CurrencyHelperTests.FormatToStringTest1000(price: 32262.93788198984, expected: &quot;32262.94 zł&quot;)" computerName="DESKTOP-5URQ9PB" duration="00:00:00.0000066" startTime="2022-06-13T21:14:10.7953170+02:00" endTime="2022-06-13T21:14:10.7953172+02:00" testType="13cdc9d9-ddb5-4fa4-a97d-d965ccfc6d4b" outcome="Passed" testListId="8c84fa94-04c1-424b-9868-57a2d4851a1d" relativeResultsDirectory="37717fa6-5c54-4809-9725-6fec9627b48d" />
    <UnitTestResult executionId="13dbc6b2-2f43-4761-a8e8-1b3f53bb879e" testId="bfee474b-216b-2c15-15a7-0adadfd388fb" testName="xUnitTestProject.CurrencyHelperTests.FormatToStringTest1000(price: 26133.133789601336, expected: &quot;26133.13 zł&quot;)" computerName="DESKTOP-5URQ9PB" duration="00:00:00.0000041" startTime="2022-06-13T21:14:10.7281422+02:00" endTime="2022-06-13T21:14:10.7281424+02:00" testType="13cdc9d9-ddb5-4fa4-a97d-d965ccfc6d4b" outcome="Passed" testListId="8c84fa94-04c1-424b-9868-57a2d4851a1d" relativeResultsDirectory="13dbc6b2-2f43-4761-a8e8-1b3f53bb879e" />
    <UnitTestResult executionId="266534a6-ca71-4af8-a4ff-71d5a43b3231" testId="19a6af43-eb02-cc32-570b-ae7c8852f08e" testName="xUnitTestProject.CurrencyHelperTests.FormatToStringTest1000(price: 6313.543884690639, expected: &quot;6313.54 zł&quot;)" computerName="DESKTOP-5URQ9PB" duration="00:00:00.0000083" startTime="2022-06-13T21:14:10.7925010+02:00" endTime="2022-06-13T21:14:10.7925011+02:00" testType="13cdc9d9-ddb5-4fa4-a97d-d965ccfc6d4b" outcome="Passed" testListId="8c84fa94-04c1-424b-9868-57a2d4851a1d" relativeResultsDirectory="266534a6-ca71-4af8-a4ff-71d5a43b3231" />
    <UnitTestResult executionId="e6e73b41-47d3-4281-8203-5057b1fc89ac" testId="1847f09f-3a3a-e54a-437b-e06a692092b8" testName="xUnitTestProject.CurrencyHelperTests.FormatToStringTest1000(price: 4612.32080757633, expected: &quot;4612.32 zł&quot;)" computerName="DESKTOP-5URQ9PB" duration="00:00:00.0000041" startTime="2022-06-13T21:14:10.7056593+02:00" endTime="2022-06-13T21:14:10.7056597+02:00" testType="13cdc9d9-ddb5-4fa4-a97d-d965ccfc6d4b" outcome="Passed" testListId="8c84fa94-04c1-424b-9868-57a2d4851a1d" relativeResultsDirectory="e6e73b41-47d3-4281-8203-5057b1fc89ac" />
    <UnitTestResult executionId="993e6af4-1c76-4262-a3e4-8deb1a015ae1" testId="73278ab4-3d1d-b883-d827-3ea861390441" testName="xUnitTestProject.CurrencyHelperTests.FormatToStringTest1000(price: 6205.946199725357, expected: &quot;6205.95 zł&quot;)" computerName="DESKTOP-5URQ9PB" duration="00:00:00.0000044" startTime="2022-06-13T21:14:10.6754936+02:00" endTime="2022-06-13T21:14:10.6754938+02:00" testType="13cdc9d9-ddb5-4fa4-a97d-d965ccfc6d4b" outcome="Passed" testListId="8c84fa94-04c1-424b-9868-57a2d4851a1d" relativeResultsDirectory="993e6af4-1c76-4262-a3e4-8deb1a015ae1" />
    <UnitTestResult executionId="cbbd6278-52c3-4643-bb1d-6af8841b7c5b" testId="4b152625-d247-2206-1bc2-f59ef3dda4ef" testName="xUnitTestProject.CurrencyHelperTests.FormatToStringTest1000(price: 26174.290999793586, expected: &quot;26174.29 zł&quot;)" computerName="DESKTOP-5URQ9PB" duration="00:00:00.0000073" startTime="2022-06-13T21:14:10.7506200+02:00" endTime="2022-06-13T21:14:10.7506202+02:00" testType="13cdc9d9-ddb5-4fa4-a97d-d965ccfc6d4b" outcome="Passed" testListId="8c84fa94-04c1-424b-9868-57a2d4851a1d" relativeResultsDirectory="cbbd6278-52c3-4643-bb1d-6af8841b7c5b" />
    <UnitTestResult executionId="05bc17e9-f612-41c6-9aca-1c47229e00f5" testId="a00a0db9-3140-48ef-5f63-6a059b1f6f40" testName="xUnitTestProject.CurrencyHelperTests.FormatToStringTest1000(price: 8908.080586221107, expected: &quot;8908.08 zł&quot;)" computerName="DESKTOP-5URQ9PB" duration="00:00:00.0000075" startTime="2022-06-13T21:14:10.7764605+02:00" endTime="2022-06-13T21:14:10.7764606+02:00" testType="13cdc9d9-ddb5-4fa4-a97d-d965ccfc6d4b" outcome="Passed" testListId="8c84fa94-04c1-424b-9868-57a2d4851a1d" relativeResultsDirectory="05bc17e9-f612-41c6-9aca-1c47229e00f5" />
    <UnitTestResult executionId="a131a503-4e58-4f2e-ac78-70a060eab0d6" testId="5dc082f5-af3b-2f6f-74c8-0805bee30a46" testName="xUnitTestProject.CurrencyHelperTests.FormatToStringTest1000(price: 18340.935049000167, expected: &quot;18340.94 zł&quot;)" computerName="DESKTOP-5URQ9PB" duration="00:00:00.0000041" startTime="2022-06-13T21:14:10.7423652+02:00" endTime="2022-06-13T21:14:10.7423654+02:00" testType="13cdc9d9-ddb5-4fa4-a97d-d965ccfc6d4b" outcome="Passed" testListId="8c84fa94-04c1-424b-9868-57a2d4851a1d" relativeResultsDirectory="a131a503-4e58-4f2e-ac78-70a060eab0d6" />
    <UnitTestResult executionId="ae1f3bf5-0f88-4b4c-adc3-5d118b7be8e8" testId="fb66f3c8-a00d-4cfa-eac4-abc207e2c602" testName="xUnitTestProject.CurrencyHelperTests.FormatToStringTest1000(price: 801.5720517614726, expected: &quot;801.57 zł&quot;)" computerName="DESKTOP-5URQ9PB" duration="00:00:00.0000066" startTime="2022-06-13T21:14:10.7864110+02:00" endTime="2022-06-13T21:14:10.7864112+02:00" testType="13cdc9d9-ddb5-4fa4-a97d-d965ccfc6d4b" outcome="Passed" testListId="8c84fa94-04c1-424b-9868-57a2d4851a1d" relativeResultsDirectory="ae1f3bf5-0f88-4b4c-adc3-5d118b7be8e8" />
    <UnitTestResult executionId="60890d00-9fe6-4491-8d85-ce43095d318b" testId="80972e1e-3ff9-bf5c-296f-71aecb5aa2ee" testName="xUnitTestProject.CurrencyHelperTests.FormatToStringTest1000(price: 60323.066780431225, expected: &quot;60323.07 zł&quot;)" computerName="DESKTOP-5URQ9PB" duration="00:00:00.0000061" startTime="2022-06-13T21:14:10.7448089+02:00" endTime="2022-06-13T21:14:10.7448091+02:00" testType="13cdc9d9-ddb5-4fa4-a97d-d965ccfc6d4b" outcome="Passed" testListId="8c84fa94-04c1-424b-9868-57a2d4851a1d" relativeResultsDirectory="60890d00-9fe6-4491-8d85-ce43095d318b" />
    <UnitTestResult executionId="4824001f-88a0-45ab-9478-b191757b1843" testId="f72783d9-64aa-50e2-fcd1-46f621632d5d" testName="xUnitTestProject.CurrencyHelperTests.FormatToStringTest1000(price: 13681.607566007231, expected: &quot;13681.61 zł&quot;)" computerName="DESKTOP-5URQ9PB" duration="00:00:00.0000069" startTime="2022-06-13T21:14:10.7717208+02:00" endTime="2022-06-13T21:14:10.7717210+02:00" testType="13cdc9d9-ddb5-4fa4-a97d-d965ccfc6d4b" outcome="Passed" testListId="8c84fa94-04c1-424b-9868-57a2d4851a1d" relativeResultsDirectory="4824001f-88a0-45ab-9478-b191757b1843" />
    <UnitTestResult executionId="b1884be3-c8ea-4e2a-8f92-fc5da8c80f2d" testId="fb7bf331-bde6-9156-c7eb-687415ce01f4" testName="xUnitTestProject.CurrencyHelperTests.FormatToStringTest1000(price: 15129.433864736666, expected: &quot;15129.43 zł&quot;)" computerName="DESKTOP-5URQ9PB" duration="00:00:00.0000044" startTime="2022-06-13T21:14:10.7186905+02:00" endTime="2022-06-13T21:14:10.7186907+02:00" testType="13cdc9d9-ddb5-4fa4-a97d-d965ccfc6d4b" outcome="Passed" testListId="8c84fa94-04c1-424b-9868-57a2d4851a1d" relativeResultsDirectory="b1884be3-c8ea-4e2a-8f92-fc5da8c80f2d" />
    <UnitTestResult executionId="fcbf0a07-940b-4a31-aacf-654f96c365e7" testId="c0622c05-a365-df5b-d83a-27dce2d844ee" testName="xUnitTestProject.CurrencyHelperTests.FormatToStringTest1000(price: 23980.12943509646, expected: &quot;23980.13 zł&quot;)" computerName="DESKTOP-5URQ9PB" duration="00:00:00.0000041" startTime="2022-06-13T21:14:10.7267460+02:00" endTime="2022-06-13T21:14:10.7267463+02:00" testType="13cdc9d9-ddb5-4fa4-a97d-d965ccfc6d4b" outcome="Passed" testListId="8c84fa94-04c1-424b-9868-57a2d4851a1d" relativeResultsDirectory="fcbf0a07-940b-4a31-aacf-654f96c365e7" />
    <UnitTestResult executionId="46a92ea9-5c0b-4d23-ba4e-727aa6243f9e" testId="30e1c064-5a9f-94cf-3bb0-81267bf9f82e" testName="xUnitTestProject.CurrencyHelperTests.FormatToStringTest1000(price: 11989.099505855282, expected: &quot;11989.10 zł&quot;)" computerName="DESKTOP-5URQ9PB" duration="00:00:00.0000078" startTime="2022-06-13T21:14:10.7563987+02:00" endTime="2022-06-13T21:14:10.7563988+02:00" testType="13cdc9d9-ddb5-4fa4-a97d-d965ccfc6d4b" outcome="Passed" testListId="8c84fa94-04c1-424b-9868-57a2d4851a1d" relativeResultsDirectory="46a92ea9-5c0b-4d23-ba4e-727aa6243f9e" />
    <UnitTestResult executionId="03ebdbb5-b3bf-42f8-9e7e-9e5ff3528d61" testId="3298d961-bdaa-633a-0d61-33079be298ce" testName="xUnitTestProject.CurrencyHelperTests.FormatToStringTest1000(price: 5247.779940802501, expected: &quot;5247.78 zł&quot;)" computerName="DESKTOP-5URQ9PB" duration="00:00:00.0000041" startTime="2022-06-13T21:14:10.7128565+02:00" endTime="2022-06-13T21:14:10.7128567+02:00" testType="13cdc9d9-ddb5-4fa4-a97d-d965ccfc6d4b" outcome="Passed" testListId="8c84fa94-04c1-424b-9868-57a2d4851a1d" relativeResultsDirectory="03ebdbb5-b3bf-42f8-9e7e-9e5ff3528d61" />
    <UnitTestResult executionId="9647f06c-6c91-4693-90bb-9fa9ad6022f6" testId="8c128bb7-55c2-1507-f225-4df0c4a48630" testName="xUnitTestProject.CurrencyHelperTests.FormatToStringTest1000(price: 5108.217389855635, expected: &quot;5108.22 zł&quot;)" computerName="DESKTOP-5URQ9PB" duration="00:00:00.0000048" startTime="2022-06-13T21:14:10.6665197+02:00" endTime="2022-06-13T21:14:10.6665199+02:00" testType="13cdc9d9-ddb5-4fa4-a97d-d965ccfc6d4b" outcome="Passed" testListId="8c84fa94-04c1-424b-9868-57a2d4851a1d" relativeResultsDirectory="9647f06c-6c91-4693-90bb-9fa9ad6022f6" />
    <UnitTestResult executionId="ad92f6f6-4afa-47d1-b4ba-90d8d3d1b68d" testId="cd325bca-14d8-e62d-3ed3-b6cff2a5be8c" testName="xUnitTestProject.CurrencyHelperTests.FormatToStringTest1000(price: 4539.210371735137, expected: &quot;4539.21 zł&quot;)" computerName="DESKTOP-5URQ9PB" duration="00:00:00.0000049" startTime="2022-06-13T21:14:10.6806632+02:00" endTime="2022-06-13T21:14:10.6806633+02:00" testType="13cdc9d9-ddb5-4fa4-a97d-d965ccfc6d4b" outcome="Passed" testListId="8c84fa94-04c1-424b-9868-57a2d4851a1d" relativeResultsDirectory="ad92f6f6-4afa-47d1-b4ba-90d8d3d1b68d" />
    <UnitTestResult executionId="df8c786c-3cbc-4054-913d-3a71268b4b3c" testId="4adfbd6f-49a9-0885-850f-1a4998e7f85f" testName="xUnitTestProject.CurrencyHelperTests.FormatToStringTest1000(price: 19103.831635461574, expected: &quot;19103.83 zł&quot;)" computerName="DESKTOP-5URQ9PB" duration="00:00:00.0000070" startTime="2022-06-13T21:14:10.7727391+02:00" endTime="2022-06-13T21:14:10.7727396+02:00" testType="13cdc9d9-ddb5-4fa4-a97d-d965ccfc6d4b" outcome="Passed" testListId="8c84fa94-04c1-424b-9868-57a2d4851a1d" relativeResultsDirectory="df8c786c-3cbc-4054-913d-3a71268b4b3c" />
    <UnitTestResult executionId="fb4c864e-e214-4780-92d7-63b6a26a9e9a" testId="99f07415-68e4-3476-dd07-6ad55eba383b" testName="xUnitTestProject.CurrencyHelperTests.FormatToStringTest1000(price: 35784.54232617307, expected: &quot;35784.54 zł&quot;)" computerName="DESKTOP-5URQ9PB" duration="00:00:00.0000072" startTime="2022-06-13T21:14:10.7835097+02:00" endTime="2022-06-13T21:14:10.7835098+02:00" testType="13cdc9d9-ddb5-4fa4-a97d-d965ccfc6d4b" outcome="Passed" testListId="8c84fa94-04c1-424b-9868-57a2d4851a1d" relativeResultsDirectory="fb4c864e-e214-4780-92d7-63b6a26a9e9a" />
    <UnitTestResult executionId="3d3ca85f-7866-4e85-9c06-71d992e18d72" testId="8d5bed77-8b58-0b0c-25f0-22107332d09a" testName="xUnitTestProject.CurrencyHelperTests.FormatToStringTest1000(price: 736.7398243680316, expected: &quot;736.74 zł&quot;)" computerName="DESKTOP-5URQ9PB" duration="00:00:00.0000041" startTime="2022-06-13T21:14:10.7047771+02:00" endTime="2022-06-13T21:14:10.7047772+02:00" testType="13cdc9d9-ddb5-4fa4-a97d-d965ccfc6d4b" outcome="Passed" testListId="8c84fa94-04c1-424b-9868-57a2d4851a1d" relativeResultsDirectory="3d3ca85f-7866-4e85-9c06-71d992e18d72" />
    <UnitTestResult executionId="46cc2cf0-9d64-42da-ae8c-4cf3ca1fdf23" testId="040e6cf8-8fc7-ca87-38f4-b0a1a8671b45" testName="xUnitTestProject.CurrencyHelperTests.FormatToStringTest1000(price: 1952.6955147062872, expected: &quot;1952.70 zł&quot;)" computerName="DESKTOP-5URQ9PB" duration="00:00:00.0000041" startTime="2022-06-13T21:14:10.6935769+02:00" endTime="2022-06-13T21:14:10.6935770+02:00" testType="13cdc9d9-ddb5-4fa4-a97d-d965ccfc6d4b" outcome="Passed" testListId="8c84fa94-04c1-424b-9868-57a2d4851a1d" relativeResultsDirectory="46cc2cf0-9d64-42da-ae8c-4cf3ca1fdf23" />
    <UnitTestResult executionId="32b89795-f549-4966-8be8-6ccd85af99f6" testId="039e02b8-589d-bf11-ab34-101144716c75" testName="xUnitTestProject.CurrencyHelperTests.FormatToStringTest1000(price: 68479.93492677805, expected: &quot;68479.93 zł&quot;)" computerName="DESKTOP-5URQ9PB" duration="00:00:00.0000056" startTime="2022-06-13T21:14:10.8003899+02:00" endTime="2022-06-13T21:14:10.8003900+02:00" testType="13cdc9d9-ddb5-4fa4-a97d-d965ccfc6d4b" outcome="Passed" testListId="8c84fa94-04c1-424b-9868-57a2d4851a1d" relativeResultsDirectory="32b89795-f549-4966-8be8-6ccd85af99f6" />
    <UnitTestResult executionId="a7a0cc96-7cbd-4cb4-a965-76eb0744f3ee" testId="e099abd9-c51a-27c3-fe30-7b74e00a337f" testName="xUnitTestProject.CurrencyHelperTests.FormatToStringTest1000(price: 16957.4523676757, expected: &quot;16957.45 zł&quot;)" computerName="DESKTOP-5URQ9PB" duration="00:00:00.0000041" startTime="2022-06-13T21:14:10.7414238+02:00" endTime="2022-06-13T21:14:10.7414240+02:00" testType="13cdc9d9-ddb5-4fa4-a97d-d965ccfc6d4b" outcome="Passed" testListId="8c84fa94-04c1-424b-9868-57a2d4851a1d" relativeResultsDirectory="a7a0cc96-7cbd-4cb4-a965-76eb0744f3ee" />
    <UnitTestResult executionId="b92de301-43b7-48f7-8f75-ed2f37eced73" testId="ae407fd6-e927-5656-0ce5-4192f5da53cb" testName="xUnitTestProject.CurrencyHelperTests.FormatToStringTest1000(price: 22592.465903659566, expected: &quot;22592.47 zł&quot;)" computerName="DESKTOP-5URQ9PB" duration="00:00:00.0000090" startTime="2022-06-13T21:14:10.7681637+02:00" endTime="2022-06-13T21:14:10.7681639+02:00" testType="13cdc9d9-ddb5-4fa4-a97d-d965ccfc6d4b" outcome="Passed" testListId="8c84fa94-04c1-424b-9868-57a2d4851a1d" relativeResultsDirectory="b92de301-43b7-48f7-8f75-ed2f37eced73" />
    <UnitTestResult executionId="e8715038-6717-43a1-87fa-423a0ce08fff" testId="a116b226-3d55-2529-864d-5e970bf42be4" testName="xUnitTestProject.CurrencyHelperTests.FormatToStringTest1000(price: 18340.8953197882, expected: &quot;18340.90 zł&quot;)" computerName="DESKTOP-5URQ9PB" duration="00:00:00.0000041" startTime="2022-06-13T21:14:10.6936357+02:00" endTime="2022-06-13T21:14:10.6936359+02:00" testType="13cdc9d9-ddb5-4fa4-a97d-d965ccfc6d4b" outcome="Passed" testListId="8c84fa94-04c1-424b-9868-57a2d4851a1d" relativeResultsDirectory="e8715038-6717-43a1-87fa-423a0ce08fff" />
    <UnitTestResult executionId="27ae5884-a549-40d4-9ea3-b93da38cdc6c" testId="8ba27476-b54b-3c26-c478-bb1e87cb663c" testName="xUnitTestProject.CurrencyHelperTests.FormatToStringTest1000(price: 25135.10315489727, expected: &quot;25135.10 zł&quot;)" computerName="DESKTOP-5URQ9PB" duration="00:00:00.0000041" startTime="2022-06-13T21:14:10.6904561+02:00" endTime="2022-06-13T21:14:10.6904562+02:00" testType="13cdc9d9-ddb5-4fa4-a97d-d965ccfc6d4b" outcome="Passed" testListId="8c84fa94-04c1-424b-9868-57a2d4851a1d" relativeResultsDirectory="27ae5884-a549-40d4-9ea3-b93da38cdc6c" />
    <UnitTestResult executionId="6b40efbc-92d1-4b83-8ba8-e22fbcb9c756" testId="f7bc8584-126a-bce9-5286-d35d3ce59a28" testName="xUnitTestProject.CurrencyHelperTests.FormatToStringTest1000(price: 10066.059180456241, expected: &quot;10066.06 zł&quot;)" computerName="DESKTOP-5URQ9PB" duration="00:00:00.0000041" startTime="2022-06-13T21:14:10.7305427+02:00" endTime="2022-06-13T21:14:10.7305429+02:00" testType="13cdc9d9-ddb5-4fa4-a97d-d965ccfc6d4b" outcome="Passed" testListId="8c84fa94-04c1-424b-9868-57a2d4851a1d" relativeResultsDirectory="6b40efbc-92d1-4b83-8ba8-e22fbcb9c756" />
    <UnitTestResult executionId="2488e01d-6886-4f35-a96d-d65d72187557" testId="51b21bbe-86e0-7c92-977a-b85ebd62b755" testName="xUnitTestProject.CurrencyHelperTests.FormatToStringTest1000(price: 19189.813662191766, expected: &quot;19189.81 zł&quot;)" computerName="DESKTOP-5URQ9PB" duration="00:00:00.0000083" startTime="2022-06-13T21:14:10.7669466+02:00" endTime="2022-06-13T21:14:10.7669468+02:00" testType="13cdc9d9-ddb5-4fa4-a97d-d965ccfc6d4b" outcome="Passed" testListId="8c84fa94-04c1-424b-9868-57a2d4851a1d" relativeResultsDirectory="2488e01d-6886-4f35-a96d-d65d72187557" />
    <UnitTestResult executionId="ab8ff0eb-af5d-4803-b5fa-b5dee512c370" testId="5f1f475f-1270-641d-7d41-d4acd777aabd" testName="xUnitTestProject.CurrencyHelperTests.FormatToStringTest1000(price: 7813.027778348433, expected: &quot;7813.03 zł&quot;)" computerName="DESKTOP-5URQ9PB" duration="00:00:00.0000045" startTime="2022-06-13T21:14:10.6666317+02:00" endTime="2022-06-13T21:14:10.6666318+02:00" testType="13cdc9d9-ddb5-4fa4-a97d-d965ccfc6d4b" outcome="Passed" testListId="8c84fa94-04c1-424b-9868-57a2d4851a1d" relativeResultsDirectory="ab8ff0eb-af5d-4803-b5fa-b5dee512c370" />
    <UnitTestResult executionId="46f54b08-8fa9-40f9-86e3-fd6dd56c5823" testId="3a671f08-52e1-32fe-f25e-6e157db962d2" testName="xUnitTestProject.CurrencyHelperTests.FormatToStringTest1000(price: 4812.162927013898, expected: &quot;4812.16 zł&quot;)" computerName="DESKTOP-5URQ9PB" duration="00:00:00.0000043" startTime="2022-06-13T21:14:10.7268692+02:00" endTime="2022-06-13T21:14:10.7268694+02:00" testType="13cdc9d9-ddb5-4fa4-a97d-d965ccfc6d4b" outcome="Passed" testListId="8c84fa94-04c1-424b-9868-57a2d4851a1d" relativeResultsDirectory="46f54b08-8fa9-40f9-86e3-fd6dd56c5823" />
    <UnitTestResult executionId="d732a113-b565-47d6-b141-6c53d44c2594" testId="4a9f4574-9113-6c35-d2fa-751a30e86322" testName="xUnitTestProject.CurrencyHelperTests.FormatToStringTest1000(price: 72703.4365723503, expected: &quot;72703.44 zł&quot;)" computerName="DESKTOP-5URQ9PB" duration="00:00:00.0000087" startTime="2022-06-13T21:14:10.7670239+02:00" endTime="2022-06-13T21:14:10.7670241+02:00" testType="13cdc9d9-ddb5-4fa4-a97d-d965ccfc6d4b" outcome="Passed" testListId="8c84fa94-04c1-424b-9868-57a2d4851a1d" relativeResultsDirectory="d732a113-b565-47d6-b141-6c53d44c2594" />
    <UnitTestResult executionId="9810fd11-3de6-433d-a887-25246bd9b1e6" testId="61bdea90-2716-ebd5-11fe-1f07a5d80915" testName="xUnitTestProject.CurrencyHelperTests.FormatToStringTest1000(price: 40545.70748620001, expected: &quot;40545.71 zł&quot;)" computerName="DESKTOP-5URQ9PB" duration="00:00:00.0000043" startTime="2022-06-13T21:14:10.6754558+02:00" endTime="2022-06-13T21:14:10.6754559+02:00" testType="13cdc9d9-ddb5-4fa4-a97d-d965ccfc6d4b" outcome="Passed" testListId="8c84fa94-04c1-424b-9868-57a2d4851a1d" relativeResultsDirectory="9810fd11-3de6-433d-a887-25246bd9b1e6" />
    <UnitTestResult executionId="e3843098-dcc6-486e-879e-94de73c71763" testId="e97847d9-9bdd-db77-8bd9-477fffb0c503" testName="xUnitTestProject.CurrencyHelperTests.FormatToStringTest1000(price: 765.778932784581, expected: &quot;765.78 zł&quot;)" computerName="DESKTOP-5URQ9PB" duration="00:00:00.0000082" startTime="2022-06-13T21:14:10.7714887+02:00" endTime="2022-06-13T21:14:10.7714889+02:00" testType="13cdc9d9-ddb5-4fa4-a97d-d965ccfc6d4b" outcome="Passed" testListId="8c84fa94-04c1-424b-9868-57a2d4851a1d" relativeResultsDirectory="e3843098-dcc6-486e-879e-94de73c71763" />
    <UnitTestResult executionId="8b031b8f-8cfa-4400-87a0-6dcb6cca2386" testId="691fc6f3-8d98-645e-59dc-63e6708e6080" testName="xUnitTestProject.CurrencyHelperTests.FormatToStringTest1000(price: 33206.73122987837, expected: &quot;33206.73 zł&quot;)" computerName="DESKTOP-5URQ9PB" duration="00:00:00.0000069" startTime="2022-06-13T21:14:10.7945452+02:00" endTime="2022-06-13T21:14:10.7945453+02:00" testType="13cdc9d9-ddb5-4fa4-a97d-d965ccfc6d4b" outcome="Passed" testListId="8c84fa94-04c1-424b-9868-57a2d4851a1d" relativeResultsDirectory="8b031b8f-8cfa-4400-87a0-6dcb6cca2386" />
    <UnitTestResult executionId="71c9b7d2-32b1-492d-9072-76eb258e2bb3" testId="faee1a73-2321-167e-168b-f89892fb598c" testName="xUnitTestProject.CurrencyHelperTests.FormatToStringTest1000(price: 70771.4436677524, expected: &quot;70771.44 zł&quot;)" computerName="DESKTOP-5URQ9PB" duration="00:00:00.0000041" startTime="2022-06-13T21:14:10.6776761+02:00" endTime="2022-06-13T21:14:10.6776762+02:00" testType="13cdc9d9-ddb5-4fa4-a97d-d965ccfc6d4b" outcome="Passed" testListId="8c84fa94-04c1-424b-9868-57a2d4851a1d" relativeResultsDirectory="71c9b7d2-32b1-492d-9072-76eb258e2bb3" />
    <UnitTestResult executionId="cdf23e99-f095-4081-bcef-2ff09018ff41" testId="491a28af-9dc3-1b63-07e3-54fe5ff8a2ad" testName="xUnitTestProject.CurrencyHelperTests.FormatToStringTest1000(price: 17252.06220983903, expected: &quot;17252.06 zł&quot;)" computerName="DESKTOP-5URQ9PB" duration="00:00:00.0000059" startTime="2022-06-13T21:14:10.7935432+02:00" endTime="2022-06-13T21:14:10.7935433+02:00" testType="13cdc9d9-ddb5-4fa4-a97d-d965ccfc6d4b" outcome="Passed" testListId="8c84fa94-04c1-424b-9868-57a2d4851a1d" relativeResultsDirectory="cdf23e99-f095-4081-bcef-2ff09018ff41" />
    <UnitTestResult executionId="0f701f11-9736-4823-aa09-09f5f0ea2ccb" testId="a50452b0-19e4-73e9-85e6-be9ac505f00e" testName="xUnitTestProject.CurrencyHelperTests.FormatToStringTest1000(price: 15190.097283723344, expected: &quot;15190.10 zł&quot;)" computerName="DESKTOP-5URQ9PB" duration="00:00:00.0000049" startTime="2022-06-13T21:14:10.6796801+02:00" endTime="2022-06-13T21:14:10.6796802+02:00" testType="13cdc9d9-ddb5-4fa4-a97d-d965ccfc6d4b" outcome="Passed" testListId="8c84fa94-04c1-424b-9868-57a2d4851a1d" relativeResultsDirectory="0f701f11-9736-4823-aa09-09f5f0ea2ccb" />
    <UnitTestResult executionId="9edf8b4b-32af-4185-bb0b-4971c633c20b" testId="e457ba43-5ec8-2ef9-9f16-d8e65791d46d" testName="xUnitTestProject.CurrencyHelperTests.FormatToStringTest1000(price: 58902.704109088845, expected: &quot;58902.70 zł&quot;)" computerName="DESKTOP-5URQ9PB" duration="00:00:00.0000043" startTime="2022-06-13T21:14:10.7048360+02:00" endTime="2022-06-13T21:14:10.7048361+02:00" testType="13cdc9d9-ddb5-4fa4-a97d-d965ccfc6d4b" outcome="Passed" testListId="8c84fa94-04c1-424b-9868-57a2d4851a1d" relativeResultsDirectory="9edf8b4b-32af-4185-bb0b-4971c633c20b" />
    <UnitTestResult executionId="504c2a5d-e842-4a09-b755-010ef08765dc" testId="92c24577-a226-a6b7-7d5e-021b44057899" testName="xUnitTestProject.CurrencyHelperTests.FormatToStringTest1000(price: 3303.1902076747224, expected: &quot;3303.19 zł&quot;)" computerName="DESKTOP-5URQ9PB" duration="00:00:00.0000043" startTime="2022-06-13T21:14:10.7306592+02:00" endTime="2022-06-13T21:14:10.7306594+02:00" testType="13cdc9d9-ddb5-4fa4-a97d-d965ccfc6d4b" outcome="Passed" testListId="8c84fa94-04c1-424b-9868-57a2d4851a1d" relativeResultsDirectory="504c2a5d-e842-4a09-b755-010ef08765dc" />
    <UnitTestResult executionId="ca46f624-ad6c-47c8-89fe-8d607be54187" testId="3462b2eb-e30f-6a87-cb93-c3563606a080" testName="xUnitTestProject.CurrencyHelperTests.FormatToStringTest1000(price: 20249.56614074277, expected: &quot;20249.57 zł&quot;)" computerName="DESKTOP-5URQ9PB" duration="00:00:00.0000088" startTime="2022-06-13T21:14:10.7804323+02:00" endTime="2022-06-13T21:14:10.7804327+02:00" testType="13cdc9d9-ddb5-4fa4-a97d-d965ccfc6d4b" outcome="Passed" testListId="8c84fa94-04c1-424b-9868-57a2d4851a1d" relativeResultsDirectory="ca46f624-ad6c-47c8-89fe-8d607be54187" />
    <UnitTestResult executionId="9d2dc199-a7ce-4b8e-b2ee-05e2ab1324d3" testId="fbdffebc-5b1f-3fc0-8f3a-0ed85a2faf6a" testName="xUnitTestProject.CurrencyHelperTests.FormatToStringTest1000(price: 10914.360814625099, expected: &quot;10914.36 zł&quot;)" computerName="DESKTOP-5URQ9PB" duration="00:00:00.0000041" startTime="2022-06-13T21:14:10.7378507+02:00" endTime="2022-06-13T21:14:10.7378509+02:00" testType="13cdc9d9-ddb5-4fa4-a97d-d965ccfc6d4b" outcome="Passed" testListId="8c84fa94-04c1-424b-9868-57a2d4851a1d" relativeResultsDirectory="9d2dc199-a7ce-4b8e-b2ee-05e2ab1324d3" />
    <UnitTestResult executionId="3a870181-cb90-40f1-bb41-e17f4bae2aba" testId="09f7512b-fcad-449f-b8a9-c32911a23969" testName="xUnitTestProject.CurrencyHelperTests.FormatToStringTest1000(price: 23662.291816162084, expected: &quot;23662.29 zł&quot;)" computerName="DESKTOP-5URQ9PB" duration="00:00:00.0000040" startTime="2022-06-13T21:14:10.7206063+02:00" endTime="2022-06-13T21:14:10.7206064+02:00" testType="13cdc9d9-ddb5-4fa4-a97d-d965ccfc6d4b" outcome="Passed" testListId="8c84fa94-04c1-424b-9868-57a2d4851a1d" relativeResultsDirectory="3a870181-cb90-40f1-bb41-e17f4bae2aba" />
    <UnitTestResult executionId="1e7533eb-b090-48b2-b125-3b5dbdacee4d" testId="e6d7e4bb-8f4e-56e2-712f-a2453f4d8f71" testName="xUnitTestProject.CurrencyHelperTests.FormatToStringTest1000(price: 16688.70569393677, expected: &quot;16688.71 zł&quot;)" computerName="DESKTOP-5URQ9PB" duration="00:00:00.0000043" startTime="2022-06-13T21:14:10.6946879+02:00" endTime="2022-06-13T21:14:10.6946880+02:00" testType="13cdc9d9-ddb5-4fa4-a97d-d965ccfc6d4b" outcome="Passed" testListId="8c84fa94-04c1-424b-9868-57a2d4851a1d" relativeResultsDirectory="1e7533eb-b090-48b2-b125-3b5dbdacee4d" />
    <UnitTestResult executionId="0715657f-1225-482b-ba37-19790f74c70e" testId="1536b0a9-7189-743d-a273-29feae6f0843" testName="xUnitTestProject.CurrencyHelperTests.FormatToStringTest1000(price: 24729.333280806586, expected: &quot;24729.33 zł&quot;)" computerName="DESKTOP-5URQ9PB" duration="00:00:00.0000080" startTime="2022-06-13T21:14:10.7824647+02:00" endTime="2022-06-13T21:14:10.7824648+02:00" testType="13cdc9d9-ddb5-4fa4-a97d-d965ccfc6d4b" outcome="Passed" testListId="8c84fa94-04c1-424b-9868-57a2d4851a1d" relativeResultsDirectory="0715657f-1225-482b-ba37-19790f74c70e" />
    <UnitTestResult executionId="a69f2074-63e4-4880-a39f-01916affcd10" testId="6df0d294-6a13-f132-5a30-674e429b0930" testName="xUnitTestProject.CurrencyHelperTests.FormatToStringTest1000(price: 54304.07738935393, expected: &quot;54304.08 zł&quot;)" computerName="DESKTOP-5URQ9PB" duration="00:00:00.0000086" startTime="2022-06-13T21:14:10.7862884+02:00" endTime="2022-06-13T21:14:10.7862887+02:00" testType="13cdc9d9-ddb5-4fa4-a97d-d965ccfc6d4b" outcome="Passed" testListId="8c84fa94-04c1-424b-9868-57a2d4851a1d" relativeResultsDirectory="a69f2074-63e4-4880-a39f-01916affcd10" />
    <UnitTestResult executionId="919978bd-0f93-43d2-9341-9cc8a1814178" testId="06022d11-491a-4f0d-4482-3457e9003d33" testName="xUnitTestProject.CurrencyHelperTests.FormatToStringTest1000(price: 31424.298858482067, expected: &quot;31424.30 zł&quot;)" computerName="DESKTOP-5URQ9PB" duration="00:00:00.0000043" startTime="2022-06-13T21:14:10.7119135+02:00" endTime="2022-06-13T21:14:10.7119136+02:00" testType="13cdc9d9-ddb5-4fa4-a97d-d965ccfc6d4b" outcome="Passed" testListId="8c84fa94-04c1-424b-9868-57a2d4851a1d" relativeResultsDirectory="919978bd-0f93-43d2-9341-9cc8a1814178" />
    <UnitTestResult executionId="e1b1ddb9-b0f7-4ff8-a6ed-da0c631bc248" testId="31031da7-a7ef-21d8-df85-bc08b8725f11" testName="xUnitTestProject.CurrencyHelperTests.FormatToStringTest1000(price: 16571.355536101553, expected: &quot;16571.36 zł&quot;)" computerName="DESKTOP-5URQ9PB" duration="00:00:00.0000041" startTime="2022-06-13T21:14:10.7009107+02:00" endTime="2022-06-13T21:14:10.7009108+02:00" testType="13cdc9d9-ddb5-4fa4-a97d-d965ccfc6d4b" outcome="Passed" testListId="8c84fa94-04c1-424b-9868-57a2d4851a1d" relativeResultsDirectory="e1b1ddb9-b0f7-4ff8-a6ed-da0c631bc248" />
    <UnitTestResult executionId="14af0abb-f720-4900-b79b-a30eef158fed" testId="9c12637d-98e9-60e9-4c3e-198e27a61c0f" testName="xUnitTestProject.CurrencyHelperTests.FormatToStringTest1000(price: 22743.19734205827, expected: &quot;22743.20 zł&quot;)" computerName="DESKTOP-5URQ9PB" duration="00:00:00.0000041" startTime="2022-06-13T21:14:10.7435181+02:00" endTime="2022-06-13T21:14:10.7435186+02:00" testType="13cdc9d9-ddb5-4fa4-a97d-d965ccfc6d4b" outcome="Passed" testListId="8c84fa94-04c1-424b-9868-57a2d4851a1d" relativeResultsDirectory="14af0abb-f720-4900-b79b-a30eef158fed" />
    <UnitTestResult executionId="a26f4c63-080e-4de7-9eab-b44411e1aba6" testId="ab2272df-129a-10d0-4d80-4c6fcfe702e8" testName="xUnitTestProject.CurrencyHelperTests.FormatToStringTest1000(price: 24695.917440203913, expected: &quot;24695.92 zł&quot;)" computerName="DESKTOP-5URQ9PB" duration="00:00:00.0000041" startTime="2022-06-13T21:14:10.6795596+02:00" endTime="2022-06-13T21:14:10.6795598+02:00" testType="13cdc9d9-ddb5-4fa4-a97d-d965ccfc6d4b" outcome="Passed" testListId="8c84fa94-04c1-424b-9868-57a2d4851a1d" relativeResultsDirectory="a26f4c63-080e-4de7-9eab-b44411e1aba6" />
    <UnitTestResult executionId="cfb08536-6196-4c82-9cea-eb921f7e44a7" testId="0fb536e2-af1a-ef21-5b53-d89a189dda8d" testName="xUnitTestProject.CurrencyHelperTests.FormatToStringTest1000(price: 26858.35647848731, expected: &quot;26858.36 zł&quot;)" computerName="DESKTOP-5URQ9PB" duration="00:00:00.0000069" startTime="2022-06-13T21:14:10.7935139+02:00" endTime="2022-06-13T21:14:10.7935141+02:00" testType="13cdc9d9-ddb5-4fa4-a97d-d965ccfc6d4b" outcome="Passed" testListId="8c84fa94-04c1-424b-9868-57a2d4851a1d" relativeResultsDirectory="cfb08536-6196-4c82-9cea-eb921f7e44a7" />
    <UnitTestResult executionId="842ee8b9-f59e-477c-9fa5-50ca6b16eb5c" testId="4efa35ac-3125-a521-7208-253d92298a56" testName="xUnitTestProject.CurrencyHelperTests.FormatToStringTest1000(price: 25908.345463821825, expected: &quot;25908.35 zł&quot;)" computerName="DESKTOP-5URQ9PB" duration="00:00:00.0000069" startTime="2022-06-13T21:14:10.7741376+02:00" endTime="2022-06-13T21:14:10.7741378+02:00" testType="13cdc9d9-ddb5-4fa4-a97d-d965ccfc6d4b" outcome="Passed" testListId="8c84fa94-04c1-424b-9868-57a2d4851a1d" relativeResultsDirectory="842ee8b9-f59e-477c-9fa5-50ca6b16eb5c" />
    <UnitTestResult executionId="0fbd618b-0dc2-4355-a091-87d69651f6b1" testId="abc33cd0-29a9-07f5-4aa9-4d70e8dec4a4" testName="xUnitTestProject.CurrencyHelperTests.FormatToStringTest1000(price: 32218.080508120394, expected: &quot;32218.08 zł&quot;)" computerName="DESKTOP-5URQ9PB" duration="00:00:00.0000041" startTime="2022-06-13T21:14:10.7039005+02:00" endTime="2022-06-13T21:14:10.7039006+02:00" testType="13cdc9d9-ddb5-4fa4-a97d-d965ccfc6d4b" outcome="Passed" testListId="8c84fa94-04c1-424b-9868-57a2d4851a1d" relativeResultsDirectory="0fbd618b-0dc2-4355-a091-87d69651f6b1" />
    <UnitTestResult executionId="bafeb69e-3dc0-4a9b-b1e3-e1f9b46fe716" testId="0b4d877e-fce2-536e-a6f4-e4fbe4e6e47c" testName="xUnitTestProject.CurrencyHelperTests.FormatToStringTest1000(price: 4919.073526169674, expected: &quot;4919.07 zł&quot;)" computerName="DESKTOP-5URQ9PB" duration="00:00:00.0000083" startTime="2022-06-13T21:14:10.7550272+02:00" endTime="2022-06-13T21:14:10.7550273+02:00" testType="13cdc9d9-ddb5-4fa4-a97d-d965ccfc6d4b" outcome="Passed" testListId="8c84fa94-04c1-424b-9868-57a2d4851a1d" relativeResultsDirectory="bafeb69e-3dc0-4a9b-b1e3-e1f9b46fe716" />
    <UnitTestResult executionId="a04533eb-647e-4afb-aa3e-5f76483fb739" testId="652fbfaf-623d-2a4f-25d1-cf07d8f0c0da" testName="xUnitTestProject.CurrencyHelperTests.FormatToStringTest1000(price: 5835.26176155557, expected: &quot;5835.26 zł&quot;)" computerName="DESKTOP-5URQ9PB" duration="00:00:00.0000052" startTime="2022-06-13T21:14:10.7955253+02:00" endTime="2022-06-13T21:14:10.7955255+02:00" testType="13cdc9d9-ddb5-4fa4-a97d-d965ccfc6d4b" outcome="Passed" testListId="8c84fa94-04c1-424b-9868-57a2d4851a1d" relativeResultsDirectory="a04533eb-647e-4afb-aa3e-5f76483fb739" />
    <UnitTestResult executionId="86286b98-5a29-41e2-b4c0-392142caccdf" testId="4e1f3ab2-e30f-84ab-8c3f-ffbda0a749a7" testName="xUnitTestProject.CurrencyHelperTests.FormatToStringTest1000(price: 6550.421588937948, expected: &quot;6550.42 zł&quot;)" computerName="DESKTOP-5URQ9PB" duration="00:00:00.0000079" startTime="2022-06-13T21:14:10.7805540+02:00" endTime="2022-06-13T21:14:10.7805541+02:00" testType="13cdc9d9-ddb5-4fa4-a97d-d965ccfc6d4b" outcome="Passed" testListId="8c84fa94-04c1-424b-9868-57a2d4851a1d" relativeResultsDirectory="86286b98-5a29-41e2-b4c0-392142caccdf" />
    <UnitTestResult executionId="54cc08c8-6316-4364-afba-72063e8a9190" testId="54bc6f9e-1b35-cac3-f6ab-e594cab0fa7a" testName="xUnitTestProject.CurrencyHelperTests.FormatToStringTest1000(price: 17031.365705376662, expected: &quot;17031.37 zł&quot;)" computerName="DESKTOP-5URQ9PB" duration="00:00:00.0000085" startTime="2022-06-13T21:14:10.7784148+02:00" endTime="2022-06-13T21:14:10.7784152+02:00" testType="13cdc9d9-ddb5-4fa4-a97d-d965ccfc6d4b" outcome="Passed" testListId="8c84fa94-04c1-424b-9868-57a2d4851a1d" relativeResultsDirectory="54cc08c8-6316-4364-afba-72063e8a9190" />
    <UnitTestResult executionId="b7989782-67aa-4ae0-b50e-e4f92237d0cb" testId="799374f9-c088-e602-bce1-d22bf769b783" testName="xUnitTestProject.CurrencyHelperTests.FormatToStringTest1000(price: 16511.26921423537, expected: &quot;16511.27 zł&quot;)" computerName="DESKTOP-5URQ9PB" duration="00:00:00.0000080" startTime="2022-06-13T21:14:10.7493768+02:00" endTime="2022-06-13T21:14:10.7493769+02:00" testType="13cdc9d9-ddb5-4fa4-a97d-d965ccfc6d4b" outcome="Passed" testListId="8c84fa94-04c1-424b-9868-57a2d4851a1d" relativeResultsDirectory="b7989782-67aa-4ae0-b50e-e4f92237d0cb" />
    <UnitTestResult executionId="18b58949-503c-498a-954e-17a1a6c4e2be" testId="f8894dae-c947-7fce-9d72-6693c21ad4f8" testName="xUnitTestProject.CurrencyHelperTests.FormatToStringTest1000(price: 65963.39932440939, expected: &quot;65963.40 zł&quot;)" computerName="DESKTOP-5URQ9PB" duration="00:00:00.0000040" startTime="2022-06-13T21:14:10.7167024+02:00" endTime="2022-06-13T21:14:10.7167026+02:00" testType="13cdc9d9-ddb5-4fa4-a97d-d965ccfc6d4b" outcome="Passed" testListId="8c84fa94-04c1-424b-9868-57a2d4851a1d" relativeResultsDirectory="18b58949-503c-498a-954e-17a1a6c4e2be" />
    <UnitTestResult executionId="1b20e665-1136-48f7-b4cf-a6b73c589b9c" testId="5554cc9d-410c-0a03-5c37-393e64fd2d26" testName="xUnitTestProject.CurrencyHelperTests.FormatToStringTest1000(price: 54088.326214851964, expected: &quot;54088.33 zł&quot;)" computerName="DESKTOP-5URQ9PB" duration="00:00:00.0000041" startTime="2022-06-13T21:14:10.6945955+02:00" endTime="2022-06-13T21:14:10.6945956+02:00" testType="13cdc9d9-ddb5-4fa4-a97d-d965ccfc6d4b" outcome="Passed" testListId="8c84fa94-04c1-424b-9868-57a2d4851a1d" relativeResultsDirectory="1b20e665-1136-48f7-b4cf-a6b73c589b9c" />
    <UnitTestResult executionId="9c49691d-5dc2-4e87-825b-bb03acde6b87" testId="fe39f516-26c8-b34c-d7c3-8fcbe7da1ba2" testName="xUnitTestProject.CurrencyHelperTests.FormatToStringTest1000(price: 27893.312729890138, expected: &quot;27893.31 zł&quot;)" computerName="DESKTOP-5URQ9PB" duration="00:00:00.0000041" startTime="2022-06-13T21:14:10.6945078+02:00" endTime="2022-06-13T21:14:10.6945079+02:00" testType="13cdc9d9-ddb5-4fa4-a97d-d965ccfc6d4b" outcome="Passed" testListId="8c84fa94-04c1-424b-9868-57a2d4851a1d" relativeResultsDirectory="9c49691d-5dc2-4e87-825b-bb03acde6b87" />
    <UnitTestResult executionId="209ac654-4c52-4509-a823-a35a40ff58a7" testId="75e6c444-bc3b-aad1-8b9e-9567096a44b9" testName="xUnitTestProject.CurrencyHelperTests.FormatToStringTest1000(price: 49037.8109120586, expected: &quot;49037.81 zł&quot;)" computerName="DESKTOP-5URQ9PB" duration="00:00:00.0000077" startTime="2022-06-13T21:14:10.7683580+02:00" endTime="2022-06-13T21:14:10.7683582+02:00" testType="13cdc9d9-ddb5-4fa4-a97d-d965ccfc6d4b" outcome="Passed" testListId="8c84fa94-04c1-424b-9868-57a2d4851a1d" relativeResultsDirectory="209ac654-4c52-4509-a823-a35a40ff58a7" />
    <UnitTestResult executionId="ea456a6b-ad82-4bce-9ae1-de7aa93bd44f" testId="e46091cf-1e82-9cd3-4478-8e74502a12eb" testName="xUnitTestProject.CurrencyHelperTests.FormatToStringTest1000(price: 22831.975917587977, expected: &quot;22831.98 zł&quot;)" computerName="DESKTOP-5URQ9PB" duration="00:00:00.0000052" startTime="2022-06-13T21:14:10.7068114+02:00" endTime="2022-06-13T21:14:10.7068116+02:00" testType="13cdc9d9-ddb5-4fa4-a97d-d965ccfc6d4b" outcome="Passed" testListId="8c84fa94-04c1-424b-9868-57a2d4851a1d" relativeResultsDirectory="ea456a6b-ad82-4bce-9ae1-de7aa93bd44f" />
    <UnitTestResult executionId="697fcf07-e7cc-4ecb-970c-897c03222fbb" testId="4d3fe7e4-2bde-cfc0-5403-0728b7dde62a" testName="xUnitTestProject.CurrencyHelperTests.FormatToStringTest1000(price: 2883.637133003975, expected: &quot;2883.64 zł&quot;)" computerName="DESKTOP-5URQ9PB" duration="00:00:00.0000041" startTime="2022-06-13T21:14:10.7329829+02:00" endTime="2022-06-13T21:14:10.7329830+02:00" testType="13cdc9d9-ddb5-4fa4-a97d-d965ccfc6d4b" outcome="Passed" testListId="8c84fa94-04c1-424b-9868-57a2d4851a1d" relativeResultsDirectory="697fcf07-e7cc-4ecb-970c-897c03222fbb" />
    <UnitTestResult executionId="4a57899f-313a-4bf1-ad8c-cfca2ec2e59a" testId="3b56a798-367d-2897-b3e6-a32862419438" testName="xUnitTestProject.CurrencyHelperTests.FormatToStringTest1000(price: 21573.45329517613, expected: &quot;21573.45 zł&quot;)" computerName="DESKTOP-5URQ9PB" duration="00:00:00.0000041" startTime="2022-06-13T21:14:10.7306206+02:00" endTime="2022-06-13T21:14:10.7306208+02:00" testType="13cdc9d9-ddb5-4fa4-a97d-d965ccfc6d4b" outcome="Passed" testListId="8c84fa94-04c1-424b-9868-57a2d4851a1d" relativeResultsDirectory="4a57899f-313a-4bf1-ad8c-cfca2ec2e59a" />
    <UnitTestResult executionId="dd0592e9-b349-4d04-a259-a9480343e72b" testId="34bcb15f-3abe-d5c6-acbc-f3d258cf59b6" testName="xUnitTestProject.CurrencyHelperTests.FormatToStringTest1000(price: 79973.08417819678, expected: &quot;79973.08 zł&quot;)" computerName="DESKTOP-5URQ9PB" duration="00:00:00.0000071" startTime="2022-06-13T21:14:10.7974534+02:00" endTime="2022-06-13T21:14:10.7974535+02:00" testType="13cdc9d9-ddb5-4fa4-a97d-d965ccfc6d4b" outcome="Passed" testListId="8c84fa94-04c1-424b-9868-57a2d4851a1d" relativeResultsDirectory="dd0592e9-b349-4d04-a259-a9480343e72b" />
    <UnitTestResult executionId="1621655f-81ed-48ea-999c-5dcfeca47f42" testId="3b212d04-f6e8-ace9-1475-1632b0249f80" testName="xUnitTestProject.CurrencyHelperTests.FormatToStringTest1000(price: 70149.17842025738, expected: &quot;70149.18 zł&quot;)" computerName="DESKTOP-5URQ9PB" duration="00:00:00.0000041" startTime="2022-06-13T21:14:10.7267915+02:00" endTime="2022-06-13T21:14:10.7267917+02:00" testType="13cdc9d9-ddb5-4fa4-a97d-d965ccfc6d4b" outcome="Passed" testListId="8c84fa94-04c1-424b-9868-57a2d4851a1d" relativeResultsDirectory="1621655f-81ed-48ea-999c-5dcfeca47f42" />
    <UnitTestResult executionId="5118ad7a-8816-405a-8c18-c10ff4ceca20" testId="9e564273-69a8-eaf4-221d-8cb7dd068c7d" testName="xUnitTestProject.CurrencyHelperTests.FormatToStringTest1000(price: 30360.993128030557, expected: &quot;30360.99 zł&quot;)" computerName="DESKTOP-5URQ9PB" duration="00:00:00.0000040" startTime="2022-06-13T21:14:10.6903627+02:00" endTime="2022-06-13T21:14:10.6903629+02:00" testType="13cdc9d9-ddb5-4fa4-a97d-d965ccfc6d4b" outcome="Passed" testListId="8c84fa94-04c1-424b-9868-57a2d4851a1d" relativeResultsDirectory="5118ad7a-8816-405a-8c18-c10ff4ceca20" />
    <UnitTestResult executionId="b9165adf-3511-4c6e-8b11-fb0309c931b0" testId="7200fbe8-0633-195a-0e4f-25258446a0dd" testName="xUnitTestProject.CurrencyHelperTests.FormatToStringTest1000(price: 18490.912787030877, expected: &quot;18490.91 zł&quot;)" computerName="DESKTOP-5URQ9PB" duration="00:00:00.0000086" startTime="2022-06-13T21:14:10.7884929+02:00" endTime="2022-06-13T21:14:10.7884930+02:00" testType="13cdc9d9-ddb5-4fa4-a97d-d965ccfc6d4b" outcome="Passed" testListId="8c84fa94-04c1-424b-9868-57a2d4851a1d" relativeResultsDirectory="b9165adf-3511-4c6e-8b11-fb0309c931b0" />
    <UnitTestResult executionId="d5871dc7-bd8e-4398-b1e0-31a11cb4e276" testId="e8631f54-2451-193b-aa4f-8be567b318eb" testName="xUnitTestProject.CurrencyHelperTests.FormatToStringTest1000(price: 19603.69286519321, expected: &quot;19603.69 zł&quot;)" computerName="DESKTOP-5URQ9PB" duration="00:00:00.0000041" startTime="2022-06-13T21:14:10.6785376+02:00" endTime="2022-06-13T21:14:10.6785377+02:00" testType="13cdc9d9-ddb5-4fa4-a97d-d965ccfc6d4b" outcome="Passed" testListId="8c84fa94-04c1-424b-9868-57a2d4851a1d" relativeResultsDirectory="d5871dc7-bd8e-4398-b1e0-31a11cb4e276" />
    <UnitTestResult executionId="e9370f6d-4505-43b0-b9d8-a903b04c93f4" testId="c2db2421-6d50-c505-4572-abf46a5e86c5" testName="xUnitTestProject.CurrencyHelperTests.FormatToStringTest1000(price: 59919.71489415491, expected: &quot;59919.71 zł&quot;)" computerName="DESKTOP-5URQ9PB" duration="00:00:00.0000076" startTime="2022-06-13T21:14:10.7621089+02:00" endTime="2022-06-13T21:14:10.7621090+02:00" testType="13cdc9d9-ddb5-4fa4-a97d-d965ccfc6d4b" outcome="Passed" testListId="8c84fa94-04c1-424b-9868-57a2d4851a1d" relativeResultsDirectory="e9370f6d-4505-43b0-b9d8-a903b04c93f4" />
    <UnitTestResult executionId="550429cc-e9f1-4574-a320-8a0debc3c2f1" testId="5ae458e4-bb73-ceec-2cfb-1eb05d691961" testName="xUnitTestProject.CurrencyHelperTests.FormatToStringTest1000(price: 598.1279707877561, expected: &quot;598.13 zł&quot;)" computerName="DESKTOP-5URQ9PB" duration="00:00:00.0000043" startTime="2022-06-13T21:14:10.6785975+02:00" endTime="2022-06-13T21:14:10.6785977+02:00" testType="13cdc9d9-ddb5-4fa4-a97d-d965ccfc6d4b" outcome="Passed" testListId="8c84fa94-04c1-424b-9868-57a2d4851a1d" relativeResultsDirectory="550429cc-e9f1-4574-a320-8a0debc3c2f1" />
    <UnitTestResult executionId="223f80bc-329e-491c-8f8a-cde5080c2fd5" testId="100cc4f6-ca16-2d93-296d-fb39d2a6b55f" testName="xUnitTestProject.CurrencyHelperTests.FormatToStringTest1000(price: 19397.344749736294, expected: &quot;19397.34 zł&quot;)" computerName="DESKTOP-5URQ9PB" duration="00:00:00.0000079" startTime="2022-06-13T21:14:10.7903912+02:00" endTime="2022-06-13T21:14:10.7903913+02:00" testType="13cdc9d9-ddb5-4fa4-a97d-d965ccfc6d4b" outcome="Passed" testListId="8c84fa94-04c1-424b-9868-57a2d4851a1d" relativeResultsDirectory="223f80bc-329e-491c-8f8a-cde5080c2fd5" />
    <UnitTestResult executionId="fb7dbb94-822c-4483-bced-a00efacfbf06" testId="102bb5fe-d832-e7b4-1cec-260995c71130" testName="xUnitTestProject.CurrencyHelperTests.FormatToStringTest1000(price: 57564.498126061866, expected: &quot;57564.50 zł&quot;)" computerName="DESKTOP-5URQ9PB" duration="00:00:00.0000044" startTime="2022-06-13T21:14:10.6891459+02:00" endTime="2022-06-13T21:14:10.6891463+02:00" testType="13cdc9d9-ddb5-4fa4-a97d-d965ccfc6d4b" outcome="Passed" testListId="8c84fa94-04c1-424b-9868-57a2d4851a1d" relativeResultsDirectory="fb7dbb94-822c-4483-bced-a00efacfbf06" />
    <UnitTestResult executionId="571ad141-904e-49d1-aa1b-28b58e73991c" testId="419d247e-1033-df66-fcc5-471a4ec8f5e3" testName="xUnitTestProject.CurrencyHelperTests.FormatToStringTest1000(price: 22557.09603308099, expected: &quot;22557.10 zł&quot;)" computerName="DESKTOP-5URQ9PB" duration="00:00:00.0000076" startTime="2022-06-13T21:14:10.7743004+02:00" endTime="2022-06-13T21:14:10.7743006+02:00" testType="13cdc9d9-ddb5-4fa4-a97d-d965ccfc6d4b" outcome="Passed" testListId="8c84fa94-04c1-424b-9868-57a2d4851a1d" relativeResultsDirectory="571ad141-904e-49d1-aa1b-28b58e73991c" />
    <UnitTestResult executionId="53e0d8a8-7b4e-4f95-aa59-b0a1d1a5a854" testId="c0952508-ec1e-97b9-fe02-0c1a5085abd7" testName="xUnitTestProject.CurrencyHelperTests.FormatToStringTest1000(price: 48428.38681602682, expected: &quot;48428.39 zł&quot;)" computerName="DESKTOP-5URQ9PB" duration="00:00:00.0000074" startTime="2022-06-13T21:14:10.7925305+02:00" endTime="2022-06-13T21:14:10.7925306+02:00" testType="13cdc9d9-ddb5-4fa4-a97d-d965ccfc6d4b" outcome="Passed" testListId="8c84fa94-04c1-424b-9868-57a2d4851a1d" relativeResultsDirectory="53e0d8a8-7b4e-4f95-aa59-b0a1d1a5a854" />
    <UnitTestResult executionId="043ed064-65f6-4116-8665-e3c7f2804b13" testId="ed2c7eae-4b8e-1a77-ee79-03d5fbd59f41" testName="xUnitTestProject.CurrencyHelperTests.FormatToStringTest1000(price: 76106.57198894516, expected: &quot;76106.57 zł&quot;)" computerName="DESKTOP-5URQ9PB" duration="00:00:00.0000061" startTime="2022-06-13T21:14:10.7448872+02:00" endTime="2022-06-13T21:14:10.7448873+02:00" testType="13cdc9d9-ddb5-4fa4-a97d-d965ccfc6d4b" outcome="Passed" testListId="8c84fa94-04c1-424b-9868-57a2d4851a1d" relativeResultsDirectory="043ed064-65f6-4116-8665-e3c7f2804b13" />
    <UnitTestResult executionId="7d6fc597-f2b8-4fca-8037-c2555d021dc9" testId="a97810bc-ccf4-4f77-152b-d7c40d37cd64" testName="xUnitTestProject.CurrencyHelperTests.FormatToStringTest1000(price: 37866.43836050967, expected: &quot;37866.44 zł&quot;)" computerName="DESKTOP-5URQ9PB" duration="00:00:00.0000047" startTime="2022-06-13T21:14:10.6850821+02:00" endTime="2022-06-13T21:14:10.6850823+02:00" testType="13cdc9d9-ddb5-4fa4-a97d-d965ccfc6d4b" outcome="Passed" testListId="8c84fa94-04c1-424b-9868-57a2d4851a1d" relativeResultsDirectory="7d6fc597-f2b8-4fca-8037-c2555d021dc9" />
    <UnitTestResult executionId="ac647e38-ba52-4965-88b7-e6be041e2d1a" testId="0eee54e7-397f-944e-60ad-576b256307cf" testName="xUnitTestProject.CurrencyHelperTests.FormatToStringTest1000(price: 44499.288016808816, expected: &quot;44499.29 zł&quot;)" computerName="DESKTOP-5URQ9PB" duration="00:00:00.0000043" startTime="2022-06-13T21:14:10.6787167+02:00" endTime="2022-06-13T21:14:10.6787169+02:00" testType="13cdc9d9-ddb5-4fa4-a97d-d965ccfc6d4b" outcome="Passed" testListId="8c84fa94-04c1-424b-9868-57a2d4851a1d" relativeResultsDirectory="ac647e38-ba52-4965-88b7-e6be041e2d1a" />
    <UnitTestResult executionId="1ba38bc5-c0b6-4227-9517-ca5b02845f60" testId="d4f3c378-b93a-d1d1-d97b-d57a65cd57e1" testName="xUnitTestProject.CurrencyHelperTests.FormatToStringTest1000(price: 4669.392596858271, expected: &quot;4669.39 zł&quot;)" computerName="DESKTOP-5URQ9PB" duration="00:00:00.0000043" startTime="2022-06-13T21:14:10.6945368+02:00" endTime="2022-06-13T21:14:10.6945370+02:00" testType="13cdc9d9-ddb5-4fa4-a97d-d965ccfc6d4b" outcome="Passed" testListId="8c84fa94-04c1-424b-9868-57a2d4851a1d" relativeResultsDirectory="1ba38bc5-c0b6-4227-9517-ca5b02845f60" />
    <UnitTestResult executionId="14d18d65-2ab1-4475-97a5-2585e0a34414" testId="ab963705-3e28-cc1d-5bf1-a88ea216bc34" testName="xUnitTestProject.CurrencyHelperTests.FormatToStringTest1000(price: 43222.47958431695, expected: &quot;43222.48 zł&quot;)" computerName="DESKTOP-5URQ9PB" duration="00:00:00.0000067" startTime="2022-06-13T21:14:10.7915747+02:00" endTime="2022-06-13T21:14:10.7915748+02:00" testType="13cdc9d9-ddb5-4fa4-a97d-d965ccfc6d4b" outcome="Passed" testListId="8c84fa94-04c1-424b-9868-57a2d4851a1d" relativeResultsDirectory="14d18d65-2ab1-4475-97a5-2585e0a34414" />
    <UnitTestResult executionId="b0c23cce-67b8-4320-b00d-60eb20a02d86" testId="12ac148d-b770-8a76-3e48-40788f60fbd2" testName="xUnitTestProject.CurrencyHelperTests.FormatToStringTest1000(price: 16673.5121774904, expected: &quot;16673.51 zł&quot;)" computerName="DESKTOP-5URQ9PB" duration="00:00:00.0000085" startTime="2022-06-13T21:14:10.7482443+02:00" endTime="2022-06-13T21:14:10.7482444+02:00" testType="13cdc9d9-ddb5-4fa4-a97d-d965ccfc6d4b" outcome="Passed" testListId="8c84fa94-04c1-424b-9868-57a2d4851a1d" relativeResultsDirectory="b0c23cce-67b8-4320-b00d-60eb20a02d86" />
    <UnitTestResult executionId="8799fcc8-1c0e-4512-8ee6-be54b61eadc7" testId="d810e333-5279-6858-6f15-bdf834685746" testName="xUnitTestProject.CurrencyHelperTests.FormatToStringTest1000(price: 70581.91150977784, expected: &quot;70581.91 zł&quot;)" computerName="DESKTOP-5URQ9PB" duration="00:00:00.0000041" startTime="2022-06-13T21:14:10.6967928+02:00" endTime="2022-06-13T21:14:10.6967929+02:00" testType="13cdc9d9-ddb5-4fa4-a97d-d965ccfc6d4b" outcome="Passed" testListId="8c84fa94-04c1-424b-9868-57a2d4851a1d" relativeResultsDirectory="8799fcc8-1c0e-4512-8ee6-be54b61eadc7" />
    <UnitTestResult executionId="46db44de-01e1-44e9-ab18-ab42f051df03" testId="1986b1a1-c98c-3d3a-7942-85a1e1c43315" testName="xUnitTestProject.CurrencyHelperTests.FormatToStringTest1000(price: 22678.795878462864, expected: &quot;22678.80 zł&quot;)" computerName="DESKTOP-5URQ9PB" duration="00:00:00.0000082" startTime="2022-06-13T21:14:10.7529774+02:00" endTime="2022-06-13T21:14:10.7529775+02:00" testType="13cdc9d9-ddb5-4fa4-a97d-d965ccfc6d4b" outcome="Passed" testListId="8c84fa94-04c1-424b-9868-57a2d4851a1d" relativeResultsDirectory="46db44de-01e1-44e9-ab18-ab42f051df03" />
    <UnitTestResult executionId="a6f0da79-441d-4b09-9db9-0c236c061dff" testId="c2e7dabf-153e-40d2-4e35-e0a4cdae5b80" testName="xUnitTestProject.CurrencyHelperTests.FormatToStringTest1000(price: 19519.4298413505, expected: &quot;19519.43 zł&quot;)" computerName="DESKTOP-5URQ9PB" duration="00:00:00.0000082" startTime="2022-06-13T21:14:10.7483981+02:00" endTime="2022-06-13T21:14:10.7483983+02:00" testType="13cdc9d9-ddb5-4fa4-a97d-d965ccfc6d4b" outcome="Passed" testListId="8c84fa94-04c1-424b-9868-57a2d4851a1d" relativeResultsDirectory="a6f0da79-441d-4b09-9db9-0c236c061dff" />
    <UnitTestResult executionId="7aab233b-2768-455d-8a8f-cda2ac10b4ae" testId="cbfda56e-8c0a-ba07-a0f8-119519aa985c" testName="xUnitTestProject.CurrencyHelperTests.FormatToStringTest1000(price: 37889.10086727193, expected: &quot;37889.10 zł&quot;)" computerName="DESKTOP-5URQ9PB" duration="00:00:00.0000041" startTime="2022-06-13T21:14:10.6880897+02:00" endTime="2022-06-13T21:14:10.6880899+02:00" testType="13cdc9d9-ddb5-4fa4-a97d-d965ccfc6d4b" outcome="Passed" testListId="8c84fa94-04c1-424b-9868-57a2d4851a1d" relativeResultsDirectory="7aab233b-2768-455d-8a8f-cda2ac10b4ae" />
    <UnitTestResult executionId="30dbe8d4-d1d2-4ece-94b3-853e563787da" testId="17903115-6688-8f7d-0f17-6bed61c91258" testName="xUnitTestProject.CurrencyHelperTests.FormatToStringTest1000(price: 11796.576829059317, expected: &quot;11796.58 zł&quot;)" computerName="DESKTOP-5URQ9PB" duration="00:00:00.0000078" startTime="2022-06-13T21:14:10.7753972+02:00" endTime="2022-06-13T21:14:10.7753973+02:00" testType="13cdc9d9-ddb5-4fa4-a97d-d965ccfc6d4b" outcome="Passed" testListId="8c84fa94-04c1-424b-9868-57a2d4851a1d" relativeResultsDirectory="30dbe8d4-d1d2-4ece-94b3-853e563787da" />
    <UnitTestResult executionId="e38e96e4-775d-420c-8909-0fb8a37e2550" testId="459add99-cbf9-4f7c-b3d1-c619873acede" testName="xUnitTestProject.CurrencyHelperTests.FormatToStringTest1000(price: 66541.05112730109, expected: &quot;66541.05 zł&quot;)" computerName="DESKTOP-5URQ9PB" duration="00:00:00.0000071" startTime="2022-06-13T21:14:10.7608125+02:00" endTime="2022-06-13T21:14:10.7608127+02:00" testType="13cdc9d9-ddb5-4fa4-a97d-d965ccfc6d4b" outcome="Passed" testListId="8c84fa94-04c1-424b-9868-57a2d4851a1d" relativeResultsDirectory="e38e96e4-775d-420c-8909-0fb8a37e2550" />
    <UnitTestResult executionId="623b7ee0-9bd0-4c76-8fef-4b260d52ebba" testId="52ac0864-3141-85db-5ec0-9dd50f51b247" testName="xUnitTestProject.CurrencyHelperTests.FormatToStringTest1000(price: 2423.6182769712145, expected: &quot;2423.62 zł&quot;)" computerName="DESKTOP-5URQ9PB" duration="00:00:00.0000083" startTime="2022-06-13T21:14:10.7539320+02:00" endTime="2022-06-13T21:14:10.7539322+02:00" testType="13cdc9d9-ddb5-4fa4-a97d-d965ccfc6d4b" outcome="Passed" testListId="8c84fa94-04c1-424b-9868-57a2d4851a1d" relativeResultsDirectory="623b7ee0-9bd0-4c76-8fef-4b260d52ebba" />
    <UnitTestResult executionId="0065d7be-252b-4a77-86ed-a3b4b0bd2330" testId="edd98930-a456-c16e-31c0-f98ab53f4169" testName="xUnitTestProject.CurrencyHelperTests.FormatToStringTest1000(price: 2897.9775426620513, expected: &quot;2897.98 zł&quot;)" computerName="DESKTOP-5URQ9PB" duration="00:00:00.0000072" startTime="2022-06-13T21:14:10.7991904+02:00" endTime="2022-06-13T21:14:10.7991907+02:00" testType="13cdc9d9-ddb5-4fa4-a97d-d965ccfc6d4b" outcome="Passed" testListId="8c84fa94-04c1-424b-9868-57a2d4851a1d" relativeResultsDirectory="0065d7be-252b-4a77-86ed-a3b4b0bd2330" />
    <UnitTestResult executionId="2f49ca00-15b9-42aa-a225-3f37e0c284a1" testId="5322a6b6-b1d1-4276-7a98-26cc05377b71" testName="xUnitTestProject.CurrencyHelperTests.FormatToStringTest1000(price: 37160.85331540269, expected: &quot;37160.85 zł&quot;)" computerName="DESKTOP-5URQ9PB" duration="00:00:00.0000043" startTime="2022-06-13T21:14:10.6914576+02:00" endTime="2022-06-13T21:14:10.6914578+02:00" testType="13cdc9d9-ddb5-4fa4-a97d-d965ccfc6d4b" outcome="Passed" testListId="8c84fa94-04c1-424b-9868-57a2d4851a1d" relativeResultsDirectory="2f49ca00-15b9-42aa-a225-3f37e0c284a1" />
    <UnitTestResult executionId="3762bc28-9a9e-4cfc-8b83-239363b76703" testId="45c93144-7308-3312-8730-30e05720d551" testName="xUnitTestProject.CurrencyHelperTests.FormatToStringTest1000(price: 1073.195098933389, expected: &quot;1073.20 zł&quot;)" computerName="DESKTOP-5URQ9PB" duration="00:00:00.0000041" startTime="2022-06-13T21:14:10.7318977+02:00" endTime="2022-06-13T21:14:10.7318979+02:00" testType="13cdc9d9-ddb5-4fa4-a97d-d965ccfc6d4b" outcome="Passed" testListId="8c84fa94-04c1-424b-9868-57a2d4851a1d" relativeResultsDirectory="3762bc28-9a9e-4cfc-8b83-239363b76703" />
    <UnitTestResult executionId="b1028d4d-e863-4dc4-9706-31891e162d25" testId="ae0a2a8f-7404-db1c-88e4-d4970f3642af" testName="xUnitTestProject.CurrencyHelperTests.FormatToStringTest1000(price: 45340.017357165, expected: &quot;45340.02 zł&quot;)" computerName="DESKTOP-5URQ9PB" duration="00:00:00.0000041" startTime="2022-06-13T21:14:10.7282268+02:00" endTime="2022-06-13T21:14:10.7282270+02:00" testType="13cdc9d9-ddb5-4fa4-a97d-d965ccfc6d4b" outcome="Passed" testListId="8c84fa94-04c1-424b-9868-57a2d4851a1d" relativeResultsDirectory="b1028d4d-e863-4dc4-9706-31891e162d25" />
    <UnitTestResult executionId="075175f4-2acd-4d3e-8f1f-f03c6f678828" testId="084c3ea0-3fae-0089-ccac-97b8aadd0b60" testName="xUnitTestProject.CurrencyHelperTests.FormatToStringTest1000(price: 1860.3356292016504, expected: &quot;1860.34 zł&quot;)" computerName="DESKTOP-5URQ9PB" duration="00:00:00.0000041" startTime="2022-06-13T21:14:10.7047176+02:00" endTime="2022-06-13T21:14:10.7047178+02:00" testType="13cdc9d9-ddb5-4fa4-a97d-d965ccfc6d4b" outcome="Passed" testListId="8c84fa94-04c1-424b-9868-57a2d4851a1d" relativeResultsDirectory="075175f4-2acd-4d3e-8f1f-f03c6f678828" />
    <UnitTestResult executionId="de0499e0-8885-4872-b97f-a8fdda0c5847" testId="34d55980-db04-996b-37e3-5ad72dcd15ab" testName="xUnitTestProject.CurrencyHelperTests.FormatToStringTest1000(price: 941.429400278921, expected: &quot;941.43 zł&quot;)" computerName="DESKTOP-5URQ9PB" duration="00:00:00.0000041" startTime="2022-06-13T21:14:10.7076012+02:00" endTime="2022-06-13T21:14:10.7076015+02:00" testType="13cdc9d9-ddb5-4fa4-a97d-d965ccfc6d4b" outcome="Passed" testListId="8c84fa94-04c1-424b-9868-57a2d4851a1d" relativeResultsDirectory="de0499e0-8885-4872-b97f-a8fdda0c5847" />
    <UnitTestResult executionId="1662234a-20be-49eb-b1b7-f08bfae2bdca" testId="5987d0c7-7679-adcc-a7d5-76af40a4f7f5" testName="xUnitTestProject.CurrencyHelperTests.FormatToStringTest1000(price: 24566.50251371856, expected: &quot;24566.50 zł&quot;)" computerName="DESKTOP-5URQ9PB" duration="00:00:00.0000066" startTime="2022-06-13T21:14:10.7934839+02:00" endTime="2022-06-13T21:14:10.7934840+02:00" testType="13cdc9d9-ddb5-4fa4-a97d-d965ccfc6d4b" outcome="Passed" testListId="8c84fa94-04c1-424b-9868-57a2d4851a1d" relativeResultsDirectory="1662234a-20be-49eb-b1b7-f08bfae2bdca" />
    <UnitTestResult executionId="1118d4c6-92f2-42eb-9897-0e9db9441836" testId="1d271909-1898-128b-21ec-f802c1979d9e" testName="xUnitTestProject.CurrencyHelperTests.FormatToStringTest1000(price: 3588.260979617136, expected: &quot;3588.26 zł&quot;)" computerName="DESKTOP-5URQ9PB" duration="00:00:00.0000061" startTime="2022-06-13T21:14:10.7933655+02:00" endTime="2022-06-13T21:14:10.7933657+02:00" testType="13cdc9d9-ddb5-4fa4-a97d-d965ccfc6d4b" outcome="Passed" testListId="8c84fa94-04c1-424b-9868-57a2d4851a1d" relativeResultsDirectory="1118d4c6-92f2-42eb-9897-0e9db9441836" />
    <UnitTestResult executionId="3c3e4c88-f997-4d83-8886-d23ec9d5cbb5" testId="da9e50fc-db80-afa7-5f4f-4cb6b2da8231" testName="xUnitTestProject.CurrencyHelperTests.FormatToStringTest1000(price: 28972.23604401212, expected: &quot;28972.24 zł&quot;)" computerName="DESKTOP-5URQ9PB" duration="00:00:00.0000043" startTime="2022-06-13T21:14:10.7007907+02:00" endTime="2022-06-13T21:14:10.7007909+02:00" testType="13cdc9d9-ddb5-4fa4-a97d-d965ccfc6d4b" outcome="Passed" testListId="8c84fa94-04c1-424b-9868-57a2d4851a1d" relativeResultsDirectory="3c3e4c88-f997-4d83-8886-d23ec9d5cbb5" />
    <UnitTestResult executionId="2e9dd55d-e8fa-4e18-9dab-748e6ba563e5" testId="dffdcee4-e2c7-a486-318f-edaed8877c4d" testName="xUnitTestProject.CurrencyHelperTests.FormatToStringTest1000(price: 8697.074631143862, expected: &quot;8697.07 zł&quot;)" computerName="DESKTOP-5URQ9PB" duration="00:00:00.0000044" startTime="2022-06-13T21:14:10.7269079+02:00" endTime="2022-06-13T21:14:10.7269081+02:00" testType="13cdc9d9-ddb5-4fa4-a97d-d965ccfc6d4b" outcome="Passed" testListId="8c84fa94-04c1-424b-9868-57a2d4851a1d" relativeResultsDirectory="2e9dd55d-e8fa-4e18-9dab-748e6ba563e5" />
    <UnitTestResult executionId="ac3f2879-f161-46ef-bed9-52bca064065f" testId="f2b68a15-ef7c-c26b-ffdd-eb9ae7067bca" testName="xUnitTestProject.CurrencyHelperTests.FormatToStringTest1000(price: 58191.92113629585, expected: &quot;58191.92 zł&quot;)" computerName="DESKTOP-5URQ9PB" duration="00:00:00.0000041" startTime="2022-06-13T21:14:10.7117582+02:00" endTime="2022-06-13T21:14:10.7117584+02:00" testType="13cdc9d9-ddb5-4fa4-a97d-d965ccfc6d4b" outcome="Passed" testListId="8c84fa94-04c1-424b-9868-57a2d4851a1d" relativeResultsDirectory="ac3f2879-f161-46ef-bed9-52bca064065f" />
    <UnitTestResult executionId="2bf2658b-cfcb-41d0-9c08-461c754b7142" testId="f5820c79-9491-c601-5f6f-2c9537d33353" testName="xUnitTestProject.CurrencyHelperTests.FormatToStringTest1000(price: 18794.859523484418, expected: &quot;18794.86 zł&quot;)" computerName="DESKTOP-5URQ9PB" duration="00:00:00.0000090" startTime="2022-06-13T21:14:10.7903568+02:00" endTime="2022-06-13T21:14:10.7903573+02:00" testType="13cdc9d9-ddb5-4fa4-a97d-d965ccfc6d4b" outcome="Passed" testListId="8c84fa94-04c1-424b-9868-57a2d4851a1d" relativeResultsDirectory="2bf2658b-cfcb-41d0-9c08-461c754b7142" />
    <UnitTestResult executionId="10626ea8-5764-4eeb-88ba-5942ed714f20" testId="241187d4-ddc3-99e8-1041-3b3411c6c907" testName="xUnitTestProject.CurrencyHelperTests.FormatToStringTest1000(price: 96.75594581512546, expected: &quot;96.76 zł&quot;)" computerName="DESKTOP-5URQ9PB" duration="00:00:00.0000083" startTime="2022-06-13T21:14:10.7863521+02:00" endTime="2022-06-13T21:14:10.7863522+02:00" testType="13cdc9d9-ddb5-4fa4-a97d-d965ccfc6d4b" outcome="Passed" testListId="8c84fa94-04c1-424b-9868-57a2d4851a1d" relativeResultsDirectory="10626ea8-5764-4eeb-88ba-5942ed714f20" />
    <UnitTestResult executionId="51c36212-3d30-443b-aac8-f6bd2c08e134" testId="b8c9a81a-11ec-9afa-2e32-5c4408d66f0a" testName="xUnitTestProject.CurrencyHelperTests.FormatToStringTest1000(price: 19933.78650940945, expected: &quot;19933.79 zł&quot;)" computerName="DESKTOP-5URQ9PB" duration="00:00:00.0000085" startTime="2022-06-13T21:14:10.7763835+02:00" endTime="2022-06-13T21:14:10.7763837+02:00" testType="13cdc9d9-ddb5-4fa4-a97d-d965ccfc6d4b" outcome="Passed" testListId="8c84fa94-04c1-424b-9868-57a2d4851a1d" relativeResultsDirectory="51c36212-3d30-443b-aac8-f6bd2c08e134" />
    <UnitTestResult executionId="1434baad-83dd-4a79-ba68-32a58486fce7" testId="034f9192-5731-ab77-854c-d5ad3844ecab" testName="xUnitTestProject.CurrencyHelperTests.FormatToStringTest1000(price: 803.2448148733214, expected: &quot;803.24 zł&quot;)" computerName="DESKTOP-5URQ9PB" duration="00:00:00.0000070" startTime="2022-06-13T21:14:10.7874785+02:00" endTime="2022-06-13T21:14:10.7874786+02:00" testType="13cdc9d9-ddb5-4fa4-a97d-d965ccfc6d4b" outcome="Passed" testListId="8c84fa94-04c1-424b-9868-57a2d4851a1d" relativeResultsDirectory="1434baad-83dd-4a79-ba68-32a58486fce7" />
    <UnitTestResult executionId="0ddc61b7-6055-4280-91ea-72a1ebebb1ed" testId="bb53c479-4fb7-b049-d0b3-60c53109c03d" testName="xUnitTestProject.CurrencyHelperTests.FormatToStringTest1000(price: 16402.16316587206, expected: &quot;16402.16 zł&quot;)" computerName="DESKTOP-5URQ9PB" duration="00:00:00.0000081" startTime="2022-06-13T21:14:10.7493001+02:00" endTime="2022-06-13T21:14:10.7493003+02:00" testType="13cdc9d9-ddb5-4fa4-a97d-d965ccfc6d4b" outcome="Passed" testListId="8c84fa94-04c1-424b-9868-57a2d4851a1d" relativeResultsDirectory="0ddc61b7-6055-4280-91ea-72a1ebebb1ed" />
    <UnitTestResult executionId="9097ae88-c829-42af-bdeb-1369ec7e475b" testId="749e89fd-9c9b-5d83-545c-b459ff44beff" testName="xUnitTestProject.CurrencyHelperTests.FormatToStringTest1000(price: 17418.31302247863, expected: &quot;17418.31 zł&quot;)" computerName="DESKTOP-5URQ9PB" duration="00:00:00.0000043" startTime="2022-06-13T21:14:10.7078418+02:00" endTime="2022-06-13T21:14:10.7078419+02:00" testType="13cdc9d9-ddb5-4fa4-a97d-d965ccfc6d4b" outcome="Passed" testListId="8c84fa94-04c1-424b-9868-57a2d4851a1d" relativeResultsDirectory="9097ae88-c829-42af-bdeb-1369ec7e475b" />
    <UnitTestResult executionId="e48ae893-4e83-4d92-858c-92795b75d4c6" testId="3c1ea8ba-f2b4-a355-28eb-de4dee6b9be9" testName="xUnitTestProject.CurrencyHelperTests.FormatToStringTest1000(price: 972.1468308629221, expected: &quot;972.15 zł&quot;)" computerName="DESKTOP-5URQ9PB" duration="00:00:00.0000101" startTime="2022-06-13T21:14:10.7806709+02:00" endTime="2022-06-13T21:14:10.7806710+02:00" testType="13cdc9d9-ddb5-4fa4-a97d-d965ccfc6d4b" outcome="Passed" testListId="8c84fa94-04c1-424b-9868-57a2d4851a1d" relativeResultsDirectory="e48ae893-4e83-4d92-858c-92795b75d4c6" />
    <UnitTestResult executionId="413f749c-19da-4cc5-b2c8-aaef0fea1bed" testId="178d037f-daf8-5717-a393-b090c90da1cf" testName="xUnitTestProject.CurrencyHelperTests.FormatToStringTest1000(price: 48654.65723134794, expected: &quot;48654.66 zł&quot;)" computerName="DESKTOP-5URQ9PB" duration="00:00:00.0000073" startTime="2022-06-13T21:14:10.7586313+02:00" endTime="2022-06-13T21:14:10.7586315+02:00" testType="13cdc9d9-ddb5-4fa4-a97d-d965ccfc6d4b" outcome="Passed" testListId="8c84fa94-04c1-424b-9868-57a2d4851a1d" relativeResultsDirectory="413f749c-19da-4cc5-b2c8-aaef0fea1bed" />
    <UnitTestResult executionId="185daffd-278c-4639-875d-3f90f563da47" testId="5b94edbf-3c78-7105-4ec5-f34d39e55c58" testName="xUnitTestProject.CurrencyHelperTests.FormatToStringTest1000(price: 25288.32036814574, expected: &quot;25288.32 zł&quot;)" computerName="DESKTOP-5URQ9PB" duration="00:00:00.0000044" startTime="2022-06-13T21:14:10.6775558+02:00" endTime="2022-06-13T21:14:10.6775559+02:00" testType="13cdc9d9-ddb5-4fa4-a97d-d965ccfc6d4b" outcome="Passed" testListId="8c84fa94-04c1-424b-9868-57a2d4851a1d" relativeResultsDirectory="185daffd-278c-4639-875d-3f90f563da47" />
    <UnitTestResult executionId="69c4bed2-33a8-4bcc-933c-cf4db1c4fb0a" testId="273a20e0-541a-4005-532d-de3663197643" testName="xUnitTestProject.CurrencyHelperTests.FormatToStringTest1000(price: 3341.8351759444154, expected: &quot;3341.84 zł&quot;)" computerName="DESKTOP-5URQ9PB" duration="00:00:00.0000080" startTime="2022-06-13T21:14:10.7974826+02:00" endTime="2022-06-13T21:14:10.7974827+02:00" testType="13cdc9d9-ddb5-4fa4-a97d-d965ccfc6d4b" outcome="Passed" testListId="8c84fa94-04c1-424b-9868-57a2d4851a1d" relativeResultsDirectory="69c4bed2-33a8-4bcc-933c-cf4db1c4fb0a" />
    <UnitTestResult executionId="9f81589b-5446-4d21-8fe5-702107d3faf8" testId="58fbd806-2ce4-1de9-b5f6-010d0ee1cbfa" testName="xUnitTestProject.CurrencyHelperTests.FormatToStringTest1000(price: 23023.74724929768, expected: &quot;23023.75 zł&quot;)" computerName="DESKTOP-5URQ9PB" duration="00:00:00.0000041" startTime="2022-06-13T21:14:10.6818139+02:00" endTime="2022-06-13T21:14:10.6818141+02:00" testType="13cdc9d9-ddb5-4fa4-a97d-d965ccfc6d4b" outcome="Passed" testListId="8c84fa94-04c1-424b-9868-57a2d4851a1d" relativeResultsDirectory="9f81589b-5446-4d21-8fe5-702107d3faf8" />
    <UnitTestResult executionId="ee9f9bf4-df59-4f4e-b956-99ca9f7f895b" testId="230e1e23-a8f6-7ac5-0938-0ce23eabf420" testName="xUnitTestProject.CurrencyHelperTests.FormatToStringTest1000(price: 12091.219941106729, expected: &quot;12091.22 zł&quot;)" computerName="DESKTOP-5URQ9PB" duration="00:00:00.0000043" startTime="2022-06-13T21:14:10.7269907+02:00" endTime="2022-06-13T21:14:10.7269909+02:00" testType="13cdc9d9-ddb5-4fa4-a97d-d965ccfc6d4b" outcome="Passed" testListId="8c84fa94-04c1-424b-9868-57a2d4851a1d" relativeResultsDirectory="ee9f9bf4-df59-4f4e-b956-99ca9f7f895b" />
    <UnitTestResult executionId="3830b18e-f1e0-48bf-8cb6-416875db5600" testId="2cd343bd-badc-869e-d32e-7b446b74dbcf" testName="xUnitTestProject.CurrencyHelperTests.FormatToStringTest1000(price: 5396.620088554277, expected: &quot;5396.62 zł&quot;)" computerName="DESKTOP-5URQ9PB" duration="00:00:00.0000053" startTime="2022-06-13T21:14:10.6914870+02:00" endTime="2022-06-13T21:14:10.6914871+02:00" testType="13cdc9d9-ddb5-4fa4-a97d-d965ccfc6d4b" outcome="Passed" testListId="8c84fa94-04c1-424b-9868-57a2d4851a1d" relativeResultsDirectory="3830b18e-f1e0-48bf-8cb6-416875db5600" />
    <UnitTestResult executionId="8f6403bb-51cf-4c4f-b9db-2693da65f2cd" testId="237b1260-5bf2-21f1-fab1-5f4efe94ad6e" testName="xUnitTestProject.CurrencyHelperTests.FormatToStringTest1000(price: 1898.24149096489, expected: &quot;1898.24 zł&quot;)" computerName="DESKTOP-5URQ9PB" duration="00:00:00.0000041" startTime="2022-06-13T21:14:10.6828626+02:00" endTime="2022-06-13T21:14:10.6828627+02:00" testType="13cdc9d9-ddb5-4fa4-a97d-d965ccfc6d4b" outcome="Passed" testListId="8c84fa94-04c1-424b-9868-57a2d4851a1d" relativeResultsDirectory="8f6403bb-51cf-4c4f-b9db-2693da65f2cd" />
    <UnitTestResult executionId="2fd7a198-d0ab-420d-afaf-353472fb69c5" testId="20607095-992d-3bf7-849c-32032c3b5657" testName="xUnitTestProject.CurrencyHelperTests.FormatToStringTest1000(price: 10174.652801423637, expected: &quot;10174.65 zł&quot;)" computerName="DESKTOP-5URQ9PB" duration="00:00:00.0000088" startTime="2022-06-13T21:14:10.7776531+02:00" endTime="2022-06-13T21:14:10.7776533+02:00" testType="13cdc9d9-ddb5-4fa4-a97d-d965ccfc6d4b" outcome="Passed" testListId="8c84fa94-04c1-424b-9868-57a2d4851a1d" relativeResultsDirectory="2fd7a198-d0ab-420d-afaf-353472fb69c5" />
    <UnitTestResult executionId="6a8426d7-9e3e-4b70-a702-53ed833a1d58" testId="cc7d6c48-2140-f681-276a-ee6d54b1f129" testName="xUnitTestProject.CurrencyHelperTests.FormatToStringTest1000(price: 7076.829971250534, expected: &quot;7076.83 zł&quot;)" computerName="DESKTOP-5URQ9PB" duration="00:00:00.0000092" startTime="2022-06-13T21:14:10.7574285+02:00" endTime="2022-06-13T21:14:10.7574286+02:00" testType="13cdc9d9-ddb5-4fa4-a97d-d965ccfc6d4b" outcome="Passed" testListId="8c84fa94-04c1-424b-9868-57a2d4851a1d" relativeResultsDirectory="6a8426d7-9e3e-4b70-a702-53ed833a1d58" />
    <UnitTestResult executionId="d74685ec-a999-4919-9011-406aea52c781" testId="eb1e2ccd-822e-57b0-f5e5-7fc8ed277803" testName="xUnitTestProject.CurrencyHelperTests.FormatToStringTest1000(price: 11624.834848273003, expected: &quot;11624.83 zł&quot;)" computerName="DESKTOP-5URQ9PB" duration="00:00:00.0000089" startTime="2022-06-13T21:14:10.7786278+02:00" endTime="2022-06-13T21:14:10.7786279+02:00" testType="13cdc9d9-ddb5-4fa4-a97d-d965ccfc6d4b" outcome="Passed" testListId="8c84fa94-04c1-424b-9868-57a2d4851a1d" relativeResultsDirectory="d74685ec-a999-4919-9011-406aea52c781" />
    <UnitTestResult executionId="f14cc64a-57f3-4349-8cef-af0945c68d24" testId="b58c1648-01cd-8d33-8125-f2d9795f377d" testName="xUnitTestProject.CurrencyHelperTests.FormatToStringTest1000(price: 16597.22844427788, expected: &quot;16597.23 zł&quot;)" computerName="DESKTOP-5URQ9PB" duration="00:00:00.0000041" startTime="2022-06-13T21:14:10.7078120+02:00" endTime="2022-06-13T21:14:10.7078122+02:00" testType="13cdc9d9-ddb5-4fa4-a97d-d965ccfc6d4b" outcome="Passed" testListId="8c84fa94-04c1-424b-9868-57a2d4851a1d" relativeResultsDirectory="f14cc64a-57f3-4349-8cef-af0945c68d24" />
    <UnitTestResult executionId="17330555-23fc-490f-a0a7-6d6586ee3102" testId="fa17089e-753f-5fa3-f3ed-36d704a8d2ac" testName="xUnitTestProject.CurrencyHelperTests.FormatToStringTest1000(price: 13745.115971449817, expected: &quot;13745.12 zł&quot;)" computerName="DESKTOP-5URQ9PB" duration="00:00:00.0000079" startTime="2022-06-13T21:14:10.7865293+02:00" endTime="2022-06-13T21:14:10.7865294+02:00" testType="13cdc9d9-ddb5-4fa4-a97d-d965ccfc6d4b" outcome="Passed" testListId="8c84fa94-04c1-424b-9868-57a2d4851a1d" relativeResultsDirectory="17330555-23fc-490f-a0a7-6d6586ee3102" />
    <UnitTestResult executionId="63bd5f74-7150-4cae-a922-853dedff749a" testId="584d2955-8662-50b8-9c7a-cb8a910d527d" testName="xUnitTestProject.CurrencyHelperTests.FormatToStringTest1000(price: 12202.860111308684, expected: &quot;12202.86 zł&quot;)" computerName="DESKTOP-5URQ9PB" duration="00:00:00.0000072" startTime="2022-06-13T21:14:10.7834212+02:00" endTime="2022-06-13T21:14:10.7834213+02:00" testType="13cdc9d9-ddb5-4fa4-a97d-d965ccfc6d4b" outcome="Passed" testListId="8c84fa94-04c1-424b-9868-57a2d4851a1d" relativeResultsDirectory="63bd5f74-7150-4cae-a922-853dedff749a" />
    <UnitTestResult executionId="298f6543-4d82-4ef5-809c-ae137c9c3367" testId="3323ac76-0104-2779-2a9d-3f5ae9693296" testName="xUnitTestProject.CurrencyHelperTests.FormatToStringTest1000(price: 50956.25028206606, expected: &quot;50956.25 zł&quot;)" computerName="DESKTOP-5URQ9PB" duration="00:00:00.0000041" startTime="2022-06-13T21:14:10.7097995+02:00" endTime="2022-06-13T21:14:10.7097996+02:00" testType="13cdc9d9-ddb5-4fa4-a97d-d965ccfc6d4b" outcome="Passed" testListId="8c84fa94-04c1-424b-9868-57a2d4851a1d" relativeResultsDirectory="298f6543-4d82-4ef5-809c-ae137c9c3367" />
    <UnitTestResult executionId="9247b6eb-6bbc-4c07-b3b1-808b526dcaf3" testId="e641957d-86a3-9c73-8dcf-f9374b4233e0" testName="xUnitTestProject.CurrencyHelperTests.FormatToStringTest1000(price: 31799.68317462815, expected: &quot;31799.68 zł&quot;)" computerName="DESKTOP-5URQ9PB" duration="00:00:00.0000043" startTime="2022-06-13T21:14:10.7447311+02:00" endTime="2022-06-13T21:14:10.7447313+02:00" testType="13cdc9d9-ddb5-4fa4-a97d-d965ccfc6d4b" outcome="Passed" testListId="8c84fa94-04c1-424b-9868-57a2d4851a1d" relativeResultsDirectory="9247b6eb-6bbc-4c07-b3b1-808b526dcaf3" />
    <UnitTestResult executionId="ddb6bb10-3bb0-456a-9411-b18531c7635f" testId="95359d07-8287-2be5-3354-cb2f7f60a3bf" testName="xUnitTestProject.CurrencyHelperTests.FormatToStringTest1000(price: 6417.5922460628635, expected: &quot;6417.59 zł&quot;)" computerName="DESKTOP-5URQ9PB" duration="00:00:00.0000043" startTime="2022-06-13T21:14:10.6925773+02:00" endTime="2022-06-13T21:14:10.6925775+02:00" testType="13cdc9d9-ddb5-4fa4-a97d-d965ccfc6d4b" outcome="Passed" testListId="8c84fa94-04c1-424b-9868-57a2d4851a1d" relativeResultsDirectory="ddb6bb10-3bb0-456a-9411-b18531c7635f" />
    <UnitTestResult executionId="a21c0ec9-1b2d-4773-aa95-7a3258c62d74" testId="ee9462eb-6912-5171-764c-f29a600e2526" testName="xUnitTestProject.CurrencyHelperTests.FormatToStringTest1000(price: 28068.20530246394, expected: &quot;28068.21 zł&quot;)" computerName="DESKTOP-5URQ9PB" duration="00:00:00.0000041" startTime="2022-06-13T21:14:10.7198105+02:00" endTime="2022-06-13T21:14:10.7198107+02:00" testType="13cdc9d9-ddb5-4fa4-a97d-d965ccfc6d4b" outcome="Passed" testListId="8c84fa94-04c1-424b-9868-57a2d4851a1d" relativeResultsDirectory="a21c0ec9-1b2d-4773-aa95-7a3258c62d74" />
    <UnitTestResult executionId="911c64a2-b2a3-4947-86e4-70a8a9f5aa37" testId="28d201d7-5353-764b-c109-520fc030be51" testName="xUnitTestProject.CurrencyHelperTests.FormatToStringTest1000(price: 16129.507288814293, expected: &quot;16129.51 zł&quot;)" computerName="DESKTOP-5URQ9PB" duration="00:00:00.0000079" startTime="2022-06-13T21:14:10.7794594+02:00" endTime="2022-06-13T21:14:10.7794598+02:00" testType="13cdc9d9-ddb5-4fa4-a97d-d965ccfc6d4b" outcome="Passed" testListId="8c84fa94-04c1-424b-9868-57a2d4851a1d" relativeResultsDirectory="911c64a2-b2a3-4947-86e4-70a8a9f5aa37" />
    <UnitTestResult executionId="9b09bae2-84e2-4f7d-a831-7826dab0c475" testId="5f3735b0-854d-d423-adfb-f959d02e73f7" testName="xUnitTestProject.CurrencyHelperTests.FormatToStringTest1000(price: 7671.0039663785155, expected: &quot;7671.00 zł&quot;)" computerName="DESKTOP-5URQ9PB" duration="00:00:00.0000045" startTime="2022-06-13T21:14:10.6816589+02:00" endTime="2022-06-13T21:14:10.6816591+02:00" testType="13cdc9d9-ddb5-4fa4-a97d-d965ccfc6d4b" outcome="Passed" testListId="8c84fa94-04c1-424b-9868-57a2d4851a1d" relativeResultsDirectory="9b09bae2-84e2-4f7d-a831-7826dab0c475" />
    <UnitTestResult executionId="5f063568-670e-4bd1-9672-96bb6ed3f2e2" testId="e905c24a-e819-fe18-0852-b70c2080c17c" testName="xUnitTestProject.CurrencyHelperTests.FormatToStringTest1000(price: 23282.56178903047, expected: &quot;23282.56 zł&quot;)" computerName="DESKTOP-5URQ9PB" duration="00:00:00.0000041" startTime="2022-06-13T21:14:10.7086728+02:00" endTime="2022-06-13T21:14:10.7086729+02:00" testType="13cdc9d9-ddb5-4fa4-a97d-d965ccfc6d4b" outcome="Passed" testListId="8c84fa94-04c1-424b-9868-57a2d4851a1d" relativeResultsDirectory="5f063568-670e-4bd1-9672-96bb6ed3f2e2" />
    <UnitTestResult executionId="4a21d463-76c6-4627-962f-5d95c742d05b" testId="db653531-1a7a-b4d6-7b77-97b13719461c" testName="xUnitTestProject.CurrencyHelperTests.FormatToStringTest1000(price: 397.6461894566408, expected: &quot;397.65 zł&quot;)" computerName="DESKTOP-5URQ9PB" duration="00:00:00.0000087" startTime="2022-06-13T21:14:10.7683187+02:00" endTime="2022-06-13T21:14:10.7683189+02:00" testType="13cdc9d9-ddb5-4fa4-a97d-d965ccfc6d4b" outcome="Passed" testListId="8c84fa94-04c1-424b-9868-57a2d4851a1d" relativeResultsDirectory="4a21d463-76c6-4627-962f-5d95c742d05b" />
    <UnitTestResult executionId="e6985248-0af8-4d58-b841-c7488abcc885" testId="9a37fdb2-9bc9-44c3-d032-3d58a5dce31d" testName="xUnitTestProject.CurrencyHelperTests.FormatToStringTest1000(price: 3799.9216302064815, expected: &quot;3799.92 zł&quot;)" computerName="DESKTOP-5URQ9PB" duration="00:00:00.0000041" startTime="2022-06-13T21:14:10.6891841+02:00" endTime="2022-06-13T21:14:10.6891843+02:00" testType="13cdc9d9-ddb5-4fa4-a97d-d965ccfc6d4b" outcome="Passed" testListId="8c84fa94-04c1-424b-9868-57a2d4851a1d" relativeResultsDirectory="e6985248-0af8-4d58-b841-c7488abcc885" />
    <UnitTestResult executionId="d8120371-a957-44de-a9d0-16b11666ed90" testId="2253269e-957f-9bba-378c-fb3e844bd0a1" testName="xUnitTestProject.CurrencyHelperTests.FormatToStringTest1000(price: 13027.93935961739, expected: &quot;13027.94 zł&quot;)" computerName="DESKTOP-5URQ9PB" duration="00:00:00.0000075" startTime="2022-06-13T21:14:10.7470723+02:00" endTime="2022-06-13T21:14:10.7470725+02:00" testType="13cdc9d9-ddb5-4fa4-a97d-d965ccfc6d4b" outcome="Passed" testListId="8c84fa94-04c1-424b-9868-57a2d4851a1d" relativeResultsDirectory="d8120371-a957-44de-a9d0-16b11666ed90" />
    <UnitTestResult executionId="e11e9697-bfa6-417c-9948-9f6af4067801" testId="e21002e6-50a6-5886-0d27-79e4c9ba2f92" testName="xUnitTestProject.CurrencyHelperTests.FormatToStringTest1000(price: 9603.199987620208, expected: &quot;9603.20 zł&quot;)" computerName="DESKTOP-5URQ9PB" duration="00:00:00.0000040" startTime="2022-06-13T21:14:10.7344396+02:00" endTime="2022-06-13T21:14:10.7344398+02:00" testType="13cdc9d9-ddb5-4fa4-a97d-d965ccfc6d4b" outcome="Passed" testListId="8c84fa94-04c1-424b-9868-57a2d4851a1d" relativeResultsDirectory="e11e9697-bfa6-417c-9948-9f6af4067801" />
    <UnitTestResult executionId="0877f5f1-e136-4280-b258-b7ef0daa18b1" testId="cbad7040-1370-8b80-f9ed-c7be376f327f" testName="xUnitTestProject.CurrencyHelperTests.FormatToStringTest1000(price: 65809.35218338219, expected: &quot;65809.35 zł&quot;)" computerName="DESKTOP-5URQ9PB" duration="00:00:00.0000056" startTime="2022-06-13T21:14:10.7954959+02:00" endTime="2022-06-13T21:14:10.7954960+02:00" testType="13cdc9d9-ddb5-4fa4-a97d-d965ccfc6d4b" outcome="Passed" testListId="8c84fa94-04c1-424b-9868-57a2d4851a1d" relativeResultsDirectory="0877f5f1-e136-4280-b258-b7ef0daa18b1" />
    <UnitTestResult executionId="35eb44da-620b-4ad3-91ed-ec3b1284b305" testId="4d4e339b-9d29-e85f-f9ef-3112de40381f" testName="xUnitTestProject.CurrencyHelperTests.FormatToStringTest1000(price: 27050.586848031067, expected: &quot;27050.59 zł&quot;)" computerName="DESKTOP-5URQ9PB" duration="00:00:00.0000041" startTime="2022-06-13T21:14:10.6774943+02:00" endTime="2022-06-13T21:14:10.6774945+02:00" testType="13cdc9d9-ddb5-4fa4-a97d-d965ccfc6d4b" outcome="Passed" testListId="8c84fa94-04c1-424b-9868-57a2d4851a1d" relativeResultsDirectory="35eb44da-620b-4ad3-91ed-ec3b1284b305" />
    <UnitTestResult executionId="3dff4e23-bfd0-46de-9999-66318c35e468" testId="1a44af6f-888e-1f8e-a00f-e2d743b26f12" testName="xUnitTestProject.CurrencyHelperTests.FormatToStringTest1000(price: 7669.3855620214645, expected: &quot;7669.39 zł&quot;)" computerName="DESKTOP-5URQ9PB" duration="00:00:00.0000076" startTime="2022-06-13T21:14:10.7481223+02:00" endTime="2022-06-13T21:14:10.7481225+02:00" testType="13cdc9d9-ddb5-4fa4-a97d-d965ccfc6d4b" outcome="Passed" testListId="8c84fa94-04c1-424b-9868-57a2d4851a1d" relativeResultsDirectory="3dff4e23-bfd0-46de-9999-66318c35e468" />
    <UnitTestResult executionId="4561c797-8d70-45ea-ab3c-e318686aa261" testId="4c71192e-43b4-c49c-e53a-9e4a0adf6b7e" testName="xUnitTestProject.CurrencyHelperTests.FormatToStringTest1000(price: 34062.88803158276, expected: &quot;34062.89 zł&quot;)" computerName="DESKTOP-5URQ9PB" duration="00:00:00.0000041" startTime="2022-06-13T21:14:10.7437965+02:00" endTime="2022-06-13T21:14:10.7437967+02:00" testType="13cdc9d9-ddb5-4fa4-a97d-d965ccfc6d4b" outcome="Passed" testListId="8c84fa94-04c1-424b-9868-57a2d4851a1d" relativeResultsDirectory="4561c797-8d70-45ea-ab3c-e318686aa261" />
    <UnitTestResult executionId="38b5627a-c5c1-40a0-9a0a-ef98024826fd" testId="256b0aa4-ca9e-f9c0-c01a-e5ce082d7933" testName="xUnitTestProject.CurrencyHelperTests.FormatToStringTest1000(price: 4592.278577496428, expected: &quot;4592.28 zł&quot;)" computerName="DESKTOP-5URQ9PB" duration="00:00:00.0000043" startTime="2022-06-13T21:14:10.7281875+02:00" endTime="2022-06-13T21:14:10.7281877+02:00" testType="13cdc9d9-ddb5-4fa4-a97d-d965ccfc6d4b" outcome="Passed" testListId="8c84fa94-04c1-424b-9868-57a2d4851a1d" relativeResultsDirectory="38b5627a-c5c1-40a0-9a0a-ef98024826fd" />
    <UnitTestResult executionId="78e9dd6b-d9bd-4703-98a6-44e9bfdbe0fb" testId="ff7ab5c9-17cd-23b9-cfc1-99026e4f14ac" testName="xUnitTestProject.CurrencyHelperTests.FormatToStringTest1000(price: 27164.0272410419, expected: &quot;27164.03 zł&quot;)" computerName="DESKTOP-5URQ9PB" duration="00:00:00.0000061" startTime="2022-06-13T21:14:10.7973653+02:00" endTime="2022-06-13T21:14:10.7973654+02:00" testType="13cdc9d9-ddb5-4fa4-a97d-d965ccfc6d4b" outcome="Passed" testListId="8c84fa94-04c1-424b-9868-57a2d4851a1d" relativeResultsDirectory="78e9dd6b-d9bd-4703-98a6-44e9bfdbe0fb" />
    <UnitTestResult executionId="0f29ecff-377d-42bc-95e6-c79b5f225d13" testId="1fe96cd6-e80d-4fd9-dedb-226c16d9375d" testName="xUnitTestProject.CurrencyHelperTests.FormatToStringTest1000(price: 2505.286326204094, expected: &quot;2505.29 zł&quot;)" computerName="DESKTOP-5URQ9PB" duration="00:00:00.0000089" startTime="2022-06-13T21:14:10.7540491+02:00" endTime="2022-06-13T21:14:10.7540492+02:00" testType="13cdc9d9-ddb5-4fa4-a97d-d965ccfc6d4b" outcome="Passed" testListId="8c84fa94-04c1-424b-9868-57a2d4851a1d" relativeResultsDirectory="0f29ecff-377d-42bc-95e6-c79b5f225d13" />
    <UnitTestResult executionId="b9af0715-531f-44c8-83a6-0e930a242214" testId="34bdc501-b6be-65bd-2c54-6d143c30390e" testName="xUnitTestProject.CurrencyHelperTests.FormatToStringTest1000(price: 3694.480496819355, expected: &quot;3694.48 zł&quot;)" computerName="DESKTOP-5URQ9PB" duration="00:00:00.0000054" startTime="2022-06-13T21:14:10.7425750+02:00" endTime="2022-06-13T21:14:10.7425752+02:00" testType="13cdc9d9-ddb5-4fa4-a97d-d965ccfc6d4b" outcome="Passed" testListId="8c84fa94-04c1-424b-9868-57a2d4851a1d" relativeResultsDirectory="b9af0715-531f-44c8-83a6-0e930a242214" />
    <UnitTestResult executionId="48f9d7ac-0924-4305-b26d-ece5a28ddfeb" testId="e3f04803-c378-ce39-94cd-bd430620d6cb" testName="xUnitTestProject.CurrencyHelperTests.FormatToStringTest1000(price: 56378.261944644735, expected: &quot;56378.26 zł&quot;)" computerName="DESKTOP-5URQ9PB" duration="00:00:00.0000041" startTime="2022-06-13T21:14:10.6838713+02:00" endTime="2022-06-13T21:14:10.6838714+02:00" testType="13cdc9d9-ddb5-4fa4-a97d-d965ccfc6d4b" outcome="Passed" testListId="8c84fa94-04c1-424b-9868-57a2d4851a1d" relativeResultsDirectory="48f9d7ac-0924-4305-b26d-ece5a28ddfeb" />
    <UnitTestResult executionId="6e5ead6c-9ae7-4034-b723-7c4bfb520d3e" testId="d6af606e-af1d-b77f-4ce0-c1f6556a4ce0" testName="xUnitTestProject.CurrencyHelperTests.FormatToStringTest1000(price: 11.555284778846096, expected: &quot;11.56 zł&quot;)" computerName="DESKTOP-5URQ9PB" duration="00:00:00.0000040" startTime="2022-06-13T21:14:10.7216311+02:00" endTime="2022-06-13T21:14:10.7216313+02:00" testType="13cdc9d9-ddb5-4fa4-a97d-d965ccfc6d4b" outcome="Passed" testListId="8c84fa94-04c1-424b-9868-57a2d4851a1d" relativeResultsDirectory="6e5ead6c-9ae7-4034-b723-7c4bfb520d3e" />
    <UnitTestResult executionId="1b3349c3-4d38-4c3c-9081-a1d2470adb82" testId="9c7fd1db-1277-0ff0-b26a-428fd3366acd" testName="xUnitTestProject.CurrencyHelperTests.FormatToStringTest1000(price: 59768.02667973611, expected: &quot;59768.03 zł&quot;)" computerName="DESKTOP-5URQ9PB" duration="00:00:00.0000044" startTime="2022-06-13T21:14:10.7331377+02:00" endTime="2022-06-13T21:14:10.7331378+02:00" testType="13cdc9d9-ddb5-4fa4-a97d-d965ccfc6d4b" outcome="Passed" testListId="8c84fa94-04c1-424b-9868-57a2d4851a1d" relativeResultsDirectory="1b3349c3-4d38-4c3c-9081-a1d2470adb82" />
    <UnitTestResult executionId="8dd2e83c-bb47-4bb0-91bb-1ece521d86ca" testId="546c163e-77dd-f570-5b52-f67af946e3b9" testName="xUnitTestProject.CurrencyHelperTests.FormatToStringTest1000(price: 56286.70397975702, expected: &quot;56286.70 zł&quot;)" computerName="DESKTOP-5URQ9PB" duration="00:00:00.0000077" startTime="2022-06-13T21:14:10.7904524+02:00" endTime="2022-06-13T21:14:10.7904525+02:00" testType="13cdc9d9-ddb5-4fa4-a97d-d965ccfc6d4b" outcome="Passed" testListId="8c84fa94-04c1-424b-9868-57a2d4851a1d" relativeResultsDirectory="8dd2e83c-bb47-4bb0-91bb-1ece521d86ca" />
    <UnitTestResult executionId="fbc76fdc-aaa5-4505-8031-ce07add0f5b0" testId="5fa53206-edec-8295-28b6-5eb1541e56b6" testName="xUnitTestProject.CurrencyHelperTests.FormatToStringTest1000(price: 16161.963229990548, expected: &quot;16161.96 zł&quot;)" computerName="DESKTOP-5URQ9PB" duration="00:00:00.0000041" startTime="2022-06-13T21:14:10.7107168+02:00" endTime="2022-06-13T21:14:10.7107169+02:00" testType="13cdc9d9-ddb5-4fa4-a97d-d965ccfc6d4b" outcome="Passed" testListId="8c84fa94-04c1-424b-9868-57a2d4851a1d" relativeResultsDirectory="fbc76fdc-aaa5-4505-8031-ce07add0f5b0" />
    <UnitTestResult executionId="aa78cd45-afc2-43f9-8b77-12db67343a7c" testId="9b79670a-4357-fb82-855b-9e335ddd3a09" testName="xUnitTestProject.CurrencyHelperTests.FormatToStringTest1000(price: 7193.552206002898, expected: &quot;7193.55 zł&quot;)" computerName="DESKTOP-5URQ9PB" duration="00:00:00.0000041" startTime="2022-06-13T21:14:10.7280655+02:00" endTime="2022-06-13T21:14:10.7280657+02:00" testType="13cdc9d9-ddb5-4fa4-a97d-d965ccfc6d4b" outcome="Passed" testListId="8c84fa94-04c1-424b-9868-57a2d4851a1d" relativeResultsDirectory="aa78cd45-afc2-43f9-8b77-12db67343a7c" />
    <UnitTestResult executionId="d8cc47c2-a3d6-4c27-b57d-8abfe8524dfb" testId="33fd1dda-62a8-0bed-a4ce-731800ce94c0" testName="xUnitTestProject.CurrencyHelperTests.FormatToStringTest1000(price: 19210.519530370144, expected: &quot;19210.52 zł&quot;)" computerName="DESKTOP-5URQ9PB" duration="00:00:00.0000061" startTime="2022-06-13T21:14:10.8004189+02:00" endTime="2022-06-13T21:14:10.8004191+02:00" testType="13cdc9d9-ddb5-4fa4-a97d-d965ccfc6d4b" outcome="Passed" testListId="8c84fa94-04c1-424b-9868-57a2d4851a1d" relativeResultsDirectory="d8cc47c2-a3d6-4c27-b57d-8abfe8524dfb" />
    <UnitTestResult executionId="2b650896-d60e-48ed-818e-d468c7c53638" testId="9cf8eb03-8fbc-6ccc-0fef-ebebfde3ba22" testName="xUnitTestProject.CurrencyHelperTests.FormatToStringTest1000(price: 7407.385606687696, expected: &quot;7407.39 zł&quot;)" computerName="DESKTOP-5URQ9PB" duration="00:00:00.0000041" startTime="2022-06-13T21:14:10.7342075+02:00" endTime="2022-06-13T21:14:10.7342077+02:00" testType="13cdc9d9-ddb5-4fa4-a97d-d965ccfc6d4b" outcome="Passed" testListId="8c84fa94-04c1-424b-9868-57a2d4851a1d" relativeResultsDirectory="2b650896-d60e-48ed-818e-d468c7c53638" />
    <UnitTestResult executionId="214f122d-bf7e-4b59-b7ec-783399cc8ebb" testId="04661d81-bbef-c82f-71cf-dda291897ead" testName="xUnitTestProject.CurrencyHelperTests.FormatToStringTest1000(price: 30578.687538491416, expected: &quot;30578.69 zł&quot;)" computerName="DESKTOP-5URQ9PB" duration="00:00:00.0000083" startTime="2022-06-13T21:14:10.7825816+02:00" endTime="2022-06-13T21:14:10.7825817+02:00" testType="13cdc9d9-ddb5-4fa4-a97d-d965ccfc6d4b" outcome="Passed" testListId="8c84fa94-04c1-424b-9868-57a2d4851a1d" relativeResultsDirectory="214f122d-bf7e-4b59-b7ec-783399cc8ebb" />
    <UnitTestResult executionId="861dd212-0609-4c6a-b4d0-cd6483a8fba3" testId="03e8826c-20fc-cadf-51a4-fe54882f4740" testName="xUnitTestProject.CurrencyHelperTests.FormatToStringTest1000(price: 42728.35751444258, expected: &quot;42728.36 zł&quot;)" computerName="DESKTOP-5URQ9PB" duration="00:00:00.0000041" startTime="2022-06-13T21:14:10.7225865+02:00" endTime="2022-06-13T21:14:10.7225866+02:00" testType="13cdc9d9-ddb5-4fa4-a97d-d965ccfc6d4b" outcome="Passed" testListId="8c84fa94-04c1-424b-9868-57a2d4851a1d" relativeResultsDirectory="861dd212-0609-4c6a-b4d0-cd6483a8fba3" />
    <UnitTestResult executionId="039e5632-f5a3-4279-91b0-f3b66e31591e" testId="b59817a2-024b-f794-3f46-68714948a01a" testName="xUnitTestProject.CurrencyHelperTests.FormatToStringTest1000(price: 740.3213011405064, expected: &quot;740.32 zł&quot;)" computerName="DESKTOP-5URQ9PB" duration="00:00:00.0000041" startTime="2022-06-13T21:14:10.7329331+02:00" endTime="2022-06-13T21:14:10.7329336+02:00" testType="13cdc9d9-ddb5-4fa4-a97d-d965ccfc6d4b" outcome="Passed" testListId="8c84fa94-04c1-424b-9868-57a2d4851a1d" relativeResultsDirectory="039e5632-f5a3-4279-91b0-f3b66e31591e" />
    <UnitTestResult executionId="b8287b76-c9ca-428d-9ea7-6c39dc5765e8" testId="d907dab2-a0b3-0153-e7e4-4d342798a47e" testName="xUnitTestProject.CurrencyHelperTests.FormatToStringTest1000(price: 19189.32381924117, expected: &quot;19189.32 zł&quot;)" computerName="DESKTOP-5URQ9PB" duration="00:00:00.0000081" startTime="2022-06-13T21:14:10.7526634+02:00" endTime="2022-06-13T21:14:10.7526638+02:00" testType="13cdc9d9-ddb5-4fa4-a97d-d965ccfc6d4b" outcome="Passed" testListId="8c84fa94-04c1-424b-9868-57a2d4851a1d" relativeResultsDirectory="b8287b76-c9ca-428d-9ea7-6c39dc5765e8" />
    <UnitTestResult executionId="b1476544-f23f-46f1-8f03-ab994026aa9b" testId="21c8abf8-9b6f-d71c-0d26-379759e20f24" testName="xUnitTestProject.CurrencyHelperTests.FormatToStringTest1000(price: 64124.274503948756, expected: &quot;64124.27 zł&quot;)" computerName="DESKTOP-5URQ9PB" duration="00:00:00.0000041" startTime="2022-06-13T21:14:10.7246456+02:00" endTime="2022-06-13T21:14:10.7246458+02:00" testType="13cdc9d9-ddb5-4fa4-a97d-d965ccfc6d4b" outcome="Passed" testListId="8c84fa94-04c1-424b-9868-57a2d4851a1d" relativeResultsDirectory="b1476544-f23f-46f1-8f03-ab994026aa9b" />
    <UnitTestResult executionId="66ec7a2d-2d9f-48ca-a609-32306f58b1b1" testId="a8ba7efd-581f-551d-dd26-e7f6709e3995" testName="xUnitTestProject.CurrencyHelperTests.FormatToStringTest1000(price: 13453.429998117233, expected: &quot;13453.43 zł&quot;)" computerName="DESKTOP-5URQ9PB" duration="00:00:00.0000043" startTime="2022-06-13T21:14:10.7402516+02:00" endTime="2022-06-13T21:14:10.7402518+02:00" testType="13cdc9d9-ddb5-4fa4-a97d-d965ccfc6d4b" outcome="Passed" testListId="8c84fa94-04c1-424b-9868-57a2d4851a1d" relativeResultsDirectory="66ec7a2d-2d9f-48ca-a609-32306f58b1b1" />
    <UnitTestResult executionId="066d85fb-03d8-4b57-a8da-e468e9d77176" testId="ca756e2d-d5c0-6e03-1ab7-b2045c06d17b" testName="xUnitTestProject.CurrencyHelperTests.FormatToStringTest1000(price: 75514.58914517732, expected: &quot;75514.59 zł&quot;)" computerName="DESKTOP-5URQ9PB" duration="00:00:00.0000040" startTime="2022-06-13T21:14:10.7291432+02:00" endTime="2022-06-13T21:14:10.7291436+02:00" testType="13cdc9d9-ddb5-4fa4-a97d-d965ccfc6d4b" outcome="Passed" testListId="8c84fa94-04c1-424b-9868-57a2d4851a1d" relativeResultsDirectory="066d85fb-03d8-4b57-a8da-e468e9d77176" />
    <UnitTestResult executionId="db4014a2-a8a9-444b-a65f-a6cd2d44e2e1" testId="a5736665-a659-170c-f088-df8850eec8a7" testName="xUnitTestProject.CurrencyHelperTests.FormatToStringTest1000(price: 64210.358316209335, expected: &quot;64210.36 zł&quot;)" computerName="DESKTOP-5URQ9PB" duration="00:00:00.0000043" startTime="2022-06-13T21:14:10.6818732+02:00" endTime="2022-06-13T21:14:10.6818734+02:00" testType="13cdc9d9-ddb5-4fa4-a97d-d965ccfc6d4b" outcome="Passed" testListId="8c84fa94-04c1-424b-9868-57a2d4851a1d" relativeResultsDirectory="db4014a2-a8a9-444b-a65f-a6cd2d44e2e1" />
    <UnitTestResult executionId="40fab512-cbef-4f40-9e6e-50d26851394c" testId="77e25ad7-ee15-446a-9252-d1385f25c4e7" testName="xUnitTestProject.CurrencyHelperTests.FormatToStringTest1000(price: 19609.759296997803, expected: &quot;19609.76 zł&quot;)" computerName="DESKTOP-5URQ9PB" duration="00:00:00.0000041" startTime="2022-06-13T21:14:10.7342850+02:00" endTime="2022-06-13T21:14:10.7342851+02:00" testType="13cdc9d9-ddb5-4fa4-a97d-d965ccfc6d4b" outcome="Passed" testListId="8c84fa94-04c1-424b-9868-57a2d4851a1d" relativeResultsDirectory="40fab512-cbef-4f40-9e6e-50d26851394c" />
    <UnitTestResult executionId="a4320a38-74cc-46b9-bf37-0e7aa85ab864" testId="217b46ae-53e4-8868-0968-60de7a74b62a" testName="xUnitTestProject.CurrencyHelperTests.FormatToStringTest1000(price: 15080.274618567097, expected: &quot;15080.27 zł&quot;)" computerName="DESKTOP-5URQ9PB" duration="00:00:00.0000043" startTime="2022-06-13T21:14:10.7331840+02:00" endTime="2022-06-13T21:14:10.7331842+02:00" testType="13cdc9d9-ddb5-4fa4-a97d-d965ccfc6d4b" outcome="Passed" testListId="8c84fa94-04c1-424b-9868-57a2d4851a1d" relativeResultsDirectory="a4320a38-74cc-46b9-bf37-0e7aa85ab864" />
    <UnitTestResult executionId="3370f334-0edf-476f-808d-444dc689ccda" testId="c24ecee8-9b5d-eb63-8afc-f2b0a38b7a72" testName="xUnitTestProject.CurrencyHelperTests.FormatToStringTest1000(price: 30722.846572104303, expected: &quot;30722.85 zł&quot;)" computerName="DESKTOP-5URQ9PB" duration="00:00:00.0000041" startTime="2022-06-13T21:14:10.7137189+02:00" endTime="2022-06-13T21:14:10.7137191+02:00" testType="13cdc9d9-ddb5-4fa4-a97d-d965ccfc6d4b" outcome="Passed" testListId="8c84fa94-04c1-424b-9868-57a2d4851a1d" relativeResultsDirectory="3370f334-0edf-476f-808d-444dc689ccda" />
    <UnitTestResult executionId="03d09521-6df7-4967-8d50-86e4571ed5bb" testId="0d7a2cf9-13e2-7888-b21b-f6464a19d4c6" testName="xUnitTestProject.CurrencyHelperTests.FormatToStringTest1000(price: 35065.40267025652, expected: &quot;35065.40 zł&quot;)" computerName="DESKTOP-5URQ9PB" duration="00:00:00.0000050" startTime="2022-06-13T21:14:10.6902697+02:00" endTime="2022-06-13T21:14:10.6902698+02:00" testType="13cdc9d9-ddb5-4fa4-a97d-d965ccfc6d4b" outcome="Passed" testListId="8c84fa94-04c1-424b-9868-57a2d4851a1d" relativeResultsDirectory="03d09521-6df7-4967-8d50-86e4571ed5bb" />
    <UnitTestResult executionId="0608df92-b80d-496f-a277-04861bcf00dc" testId="d328e580-fcf1-b0bb-73e2-fe6651dece0e" testName="xUnitTestProject.CurrencyHelperTests.FormatToStringTest1000(price: 21328.29026726507, expected: &quot;21328.29 zł&quot;)" computerName="DESKTOP-5URQ9PB" duration="00:00:00.0000041" startTime="2022-06-13T21:14:10.7208136+02:00" endTime="2022-06-13T21:14:10.7208138+02:00" testType="13cdc9d9-ddb5-4fa4-a97d-d965ccfc6d4b" outcome="Passed" testListId="8c84fa94-04c1-424b-9868-57a2d4851a1d" relativeResultsDirectory="0608df92-b80d-496f-a277-04861bcf00dc" />
    <UnitTestResult executionId="90765a83-1810-4871-aacb-5eeb169fe509" testId="e6ee2e42-d693-5a92-34f3-83564b601337" testName="xUnitTestProject.CurrencyHelperTests.FormatToStringTest1000(price: 51408.294679657694, expected: &quot;51408.29 zł&quot;)" computerName="DESKTOP-5URQ9PB" duration="00:00:00.0000041" startTime="2022-06-13T21:14:10.7038414+02:00" endTime="2022-06-13T21:14:10.7038416+02:00" testType="13cdc9d9-ddb5-4fa4-a97d-d965ccfc6d4b" outcome="Passed" testListId="8c84fa94-04c1-424b-9868-57a2d4851a1d" relativeResultsDirectory="90765a83-1810-4871-aacb-5eeb169fe509" />
    <UnitTestResult executionId="673fab7b-16ac-4ffd-9634-bd9915ef4526" testId="9e60da1f-2da8-eacc-63f9-9c91b8a7e042" testName="xUnitTestProject.CurrencyHelperTests.FormatToStringTest1000(price: 11922.837782177532, expected: &quot;11922.84 zł&quot;)" computerName="DESKTOP-5URQ9PB" duration="00:00:00.0000067" startTime="2022-06-13T21:14:10.7659651+02:00" endTime="2022-06-13T21:14:10.7659652+02:00" testType="13cdc9d9-ddb5-4fa4-a97d-d965ccfc6d4b" outcome="Passed" testListId="8c84fa94-04c1-424b-9868-57a2d4851a1d" relativeResultsDirectory="673fab7b-16ac-4ffd-9634-bd9915ef4526" />
    <UnitTestResult executionId="1fb25991-5dac-4567-9469-c6c03b825ac1" testId="caaa55d0-af40-7108-2d48-eb01bc500599" testName="xUnitTestProject.CurrencyHelperTests.FormatToStringTest1000(price: 4823.904478896365, expected: &quot;4823.90 zł&quot;)" computerName="DESKTOP-5URQ9PB" duration="00:00:00.0000048" startTime="2022-06-13T21:14:10.7077830+02:00" endTime="2022-06-13T21:14:10.7077831+02:00" testType="13cdc9d9-ddb5-4fa4-a97d-d965ccfc6d4b" outcome="Passed" testListId="8c84fa94-04c1-424b-9868-57a2d4851a1d" relativeResultsDirectory="1fb25991-5dac-4567-9469-c6c03b825ac1" />
    <UnitTestResult executionId="9fd351dc-a603-4392-95b9-28f00194733c" testId="3dca0048-5c2b-c7cd-4eca-6367cfc4f1ca" testName="xUnitTestProject.CurrencyHelperTests.FormatToStringTest1000(price: 6752.510462437062, expected: &quot;6752.51 zł&quot;)" computerName="DESKTOP-5URQ9PB" duration="00:00:00.0000086" startTime="2022-06-13T21:14:10.7573500+02:00" endTime="2022-06-13T21:14:10.7573502+02:00" testType="13cdc9d9-ddb5-4fa4-a97d-d965ccfc6d4b" outcome="Passed" testListId="8c84fa94-04c1-424b-9868-57a2d4851a1d" relativeResultsDirectory="9fd351dc-a603-4392-95b9-28f00194733c" />
    <UnitTestResult executionId="a458557f-9c62-49c3-b50a-9e8c807d91df" testId="38ee170e-2136-8164-8076-d7d266da6388" testName="xUnitTestProject.CurrencyHelperTests.FormatToStringTest1000(price: 19463.08761954917, expected: &quot;19463.09 zł&quot;)" computerName="DESKTOP-5URQ9PB" duration="00:00:00.0000078" startTime="2022-06-13T21:14:10.7459002+02:00" endTime="2022-06-13T21:14:10.7459003+02:00" testType="13cdc9d9-ddb5-4fa4-a97d-d965ccfc6d4b" outcome="Passed" testListId="8c84fa94-04c1-424b-9868-57a2d4851a1d" relativeResultsDirectory="a458557f-9c62-49c3-b50a-9e8c807d91df" />
    <UnitTestResult executionId="262eb441-3162-4a0a-8f2c-40e28683919d" testId="0e945364-42c0-3773-924e-a8c9f3ec6d3e" testName="xUnitTestProject.CurrencyHelperTests.FormatToStringTest1000(price: 22367.991005544547, expected: &quot;22367.99 zł&quot;)" computerName="DESKTOP-5URQ9PB" duration="00:00:00.0000041" startTime="2022-06-13T21:14:10.7247049+02:00" endTime="2022-06-13T21:14:10.7247050+02:00" testType="13cdc9d9-ddb5-4fa4-a97d-d965ccfc6d4b" outcome="Passed" testListId="8c84fa94-04c1-424b-9868-57a2d4851a1d" relativeResultsDirectory="262eb441-3162-4a0a-8f2c-40e28683919d" />
    <UnitTestResult executionId="ca185af2-711c-46fe-970f-eead5199afed" testId="847ca950-a5c5-d084-8e4e-ab9e67678604" testName="xUnitTestProject.CurrencyHelperTests.FormatToStringTest1000(price: 1300.9430775404642, expected: &quot;1300.94 zł&quot;)" computerName="DESKTOP-5URQ9PB" duration="00:00:00.0000041" startTime="2022-06-13T21:14:10.6753635+02:00" endTime="2022-06-13T21:14:10.6753636+02:00" testType="13cdc9d9-ddb5-4fa4-a97d-d965ccfc6d4b" outcome="Passed" testListId="8c84fa94-04c1-424b-9868-57a2d4851a1d" relativeResultsDirectory="ca185af2-711c-46fe-970f-eead5199afed" />
    <UnitTestResult executionId="15d21436-df6a-4122-b3d3-418686c6de41" testId="4487648c-7b44-bfaa-d7fb-20dd19782f71" testName="xUnitTestProject.CurrencyHelperTests.FormatToStringTest1000(price: 44361.82678515177, expected: &quot;44361.83 zł&quot;)" computerName="DESKTOP-5URQ9PB" duration="00:00:00.0000041" startTime="2022-06-13T21:14:10.7411219+02:00" endTime="2022-06-13T21:14:10.7411223+02:00" testType="13cdc9d9-ddb5-4fa4-a97d-d965ccfc6d4b" outcome="Passed" testListId="8c84fa94-04c1-424b-9868-57a2d4851a1d" relativeResultsDirectory="15d21436-df6a-4122-b3d3-418686c6de41" />
    <UnitTestResult executionId="ab7761ba-6d3a-49c6-862b-bb098eaa157c" testId="48c41a45-a694-6e7a-7100-4b0ce75fbb19" testName="xUnitTestProject.CurrencyHelperTests.FormatToStringTest1000(price: 19085.023282992664, expected: &quot;19085.02 zł&quot;)" computerName="DESKTOP-5URQ9PB" duration="00:00:00.0000086" startTime="2022-06-13T21:14:10.7885218+02:00" endTime="2022-06-13T21:14:10.7885219+02:00" testType="13cdc9d9-ddb5-4fa4-a97d-d965ccfc6d4b" outcome="Passed" testListId="8c84fa94-04c1-424b-9868-57a2d4851a1d" relativeResultsDirectory="ab7761ba-6d3a-49c6-862b-bb098eaa157c" />
    <UnitTestResult executionId="0b8df755-c8c1-4523-8a31-200093d099e5" testId="2472258e-8be8-7772-0b75-b4a3d535f097" testName="xUnitTestProject.CurrencyHelperTests.FormatToStringTest1000(price: 10641.263377953444, expected: &quot;10641.26 zł&quot;)" computerName="DESKTOP-5URQ9PB" duration="00:00:00.0000043" startTime="2022-06-13T21:14:10.7255253+02:00" endTime="2022-06-13T21:14:10.7255256+02:00" testType="13cdc9d9-ddb5-4fa4-a97d-d965ccfc6d4b" outcome="Passed" testListId="8c84fa94-04c1-424b-9868-57a2d4851a1d" relativeResultsDirectory="0b8df755-c8c1-4523-8a31-200093d099e5" />
    <UnitTestResult executionId="07104464-a9a0-42fe-9e48-455dceed8831" testId="bea51f53-59a0-d933-da38-7b5730c49072" testName="xUnitTestProject.CurrencyHelperTests.FormatToStringTest1000(price: 36047.83545033672, expected: &quot;36047.84 zł&quot;)" computerName="DESKTOP-5URQ9PB" duration="00:00:00.0000043" startTime="2022-06-13T21:14:10.7096166+02:00" endTime="2022-06-13T21:14:10.7096168+02:00" testType="13cdc9d9-ddb5-4fa4-a97d-d965ccfc6d4b" outcome="Passed" testListId="8c84fa94-04c1-424b-9868-57a2d4851a1d" relativeResultsDirectory="07104464-a9a0-42fe-9e48-455dceed8831" />
    <UnitTestResult executionId="dc6a569c-9b46-4e29-a40c-408324415050" testId="5bb9d818-e2ff-58b7-df0a-941461adb800" testName="xUnitTestProject.CurrencyHelperTests.FormatToStringTest1000(price: 5548.360986085777, expected: &quot;5548.36 zł&quot;)" computerName="DESKTOP-5URQ9PB" duration="00:00:00.0000043" startTime="2022-06-13T21:14:10.6752694+02:00" endTime="2022-06-13T21:14:10.6752696+02:00" testType="13cdc9d9-ddb5-4fa4-a97d-d965ccfc6d4b" outcome="Passed" testListId="8c84fa94-04c1-424b-9868-57a2d4851a1d" relativeResultsDirectory="dc6a569c-9b46-4e29-a40c-408324415050" />
    <UnitTestResult executionId="f95e7e2f-4cba-4481-b3c3-0dfb7cf855e9" testId="d28e2add-d838-2ebe-df2d-b5dd0d3b773e" testName="xUnitTestProject.CurrencyHelperTests.FormatToStringTest1000(price: 1751.7703038522834, expected: &quot;1751.77 zł&quot;)" computerName="DESKTOP-5URQ9PB" duration="00:00:00.0000041" startTime="2022-06-13T21:14:10.7345112+02:00" endTime="2022-06-13T21:14:10.7345119+02:00" testType="13cdc9d9-ddb5-4fa4-a97d-d965ccfc6d4b" outcome="Passed" testListId="8c84fa94-04c1-424b-9868-57a2d4851a1d" relativeResultsDirectory="f95e7e2f-4cba-4481-b3c3-0dfb7cf855e9" />
    <UnitTestResult executionId="35bf896e-d692-4668-bd8a-648ae3a48f91" testId="d99ced1b-9ef8-b735-4a70-4562dc79a9d0" testName="xUnitTestProject.CurrencyHelperTests.FormatToStringTest1000(price: 72905.64834432845, expected: &quot;72905.65 zł&quot;)" computerName="DESKTOP-5URQ9PB" duration="00:00:00.0000079" startTime="2022-06-13T21:14:10.7992844+02:00" endTime="2022-06-13T21:14:10.7992845+02:00" testType="13cdc9d9-ddb5-4fa4-a97d-d965ccfc6d4b" outcome="Passed" testListId="8c84fa94-04c1-424b-9868-57a2d4851a1d" relativeResultsDirectory="35bf896e-d692-4668-bd8a-648ae3a48f91" />
    <UnitTestResult executionId="eb942625-d98d-467b-8f92-189d49d3a0a1" testId="a89532f2-9366-df90-5e03-76517aae2ef6" testName="xUnitTestProject.CurrencyHelperTests.FormatToStringTest1000(price: 50585.83664522778, expected: &quot;50585.84 zł&quot;)" computerName="DESKTOP-5URQ9PB" duration="00:00:00.0000043" startTime="2022-06-13T21:14:10.7226168+02:00" endTime="2022-06-13T21:14:10.7226169+02:00" testType="13cdc9d9-ddb5-4fa4-a97d-d965ccfc6d4b" outcome="Passed" testListId="8c84fa94-04c1-424b-9868-57a2d4851a1d" relativeResultsDirectory="eb942625-d98d-467b-8f92-189d49d3a0a1" />
    <UnitTestResult executionId="55c08dae-3f3d-449e-9333-b60ee4f07cb3" testId="a5c380fd-7aff-7b69-c8d6-5989b9e204c5" testName="xUnitTestProject.CurrencyHelperTests.FormatToStringTest1000(price: 1821.7083499085663, expected: &quot;1821.71 zł&quot;)" computerName="DESKTOP-5URQ9PB" duration="00:00:00.0000074" startTime="2022-06-13T21:14:10.7573111+02:00" endTime="2022-06-13T21:14:10.7573113+02:00" testType="13cdc9d9-ddb5-4fa4-a97d-d965ccfc6d4b" outcome="Passed" testListId="8c84fa94-04c1-424b-9868-57a2d4851a1d" relativeResultsDirectory="55c08dae-3f3d-449e-9333-b60ee4f07cb3" />
    <UnitTestResult executionId="da7d08b2-01d8-49fb-82e4-d99cdfca84db" testId="31ad7a80-5373-effd-b719-cfe8b75a74c8" testName="xUnitTestProject.CurrencyHelperTests.FormatToStringTest1000(price: 49256.47455728635, expected: &quot;49256.47 zł&quot;)" computerName="DESKTOP-5URQ9PB" duration="00:00:00.0000061" startTime="2022-06-13T21:14:10.7963009+02:00" endTime="2022-06-13T21:14:10.7963010+02:00" testType="13cdc9d9-ddb5-4fa4-a97d-d965ccfc6d4b" outcome="Passed" testListId="8c84fa94-04c1-424b-9868-57a2d4851a1d" relativeResultsDirectory="da7d08b2-01d8-49fb-82e4-d99cdfca84db" />
    <UnitTestResult executionId="81f94c6f-7a00-4a6b-9b6a-b18fde9fb701" testId="e605935b-b7df-1383-2d29-96bb8b33e684" testName="xUnitTestProject.CurrencyHelperTests.FormatToStringTest1000(price: 15841.26419853478, expected: &quot;15841.26 zł&quot;)" computerName="DESKTOP-5URQ9PB" duration="00:00:00.0000088" startTime="2022-06-13T21:14:10.7660035+02:00" endTime="2022-06-13T21:14:10.7660037+02:00" testType="13cdc9d9-ddb5-4fa4-a97d-d965ccfc6d4b" outcome="Passed" testListId="8c84fa94-04c1-424b-9868-57a2d4851a1d" relativeResultsDirectory="81f94c6f-7a00-4a6b-9b6a-b18fde9fb701" />
    <UnitTestResult executionId="8e0e5cdb-04e8-4117-851b-cba4a731f55e" testId="83c96126-428f-5139-26c1-00806d946a42" testName="xUnitTestProject.CurrencyHelperTests.FormatToStringTest1000(price: 22533.17694295811, expected: &quot;22533.18 zł&quot;)" computerName="DESKTOP-5URQ9PB" duration="00:00:00.0000076" startTime="2022-06-13T21:14:10.7506582+02:00" endTime="2022-06-13T21:14:10.7506584+02:00" testType="13cdc9d9-ddb5-4fa4-a97d-d965ccfc6d4b" outcome="Passed" testListId="8c84fa94-04c1-424b-9868-57a2d4851a1d" relativeResultsDirectory="8e0e5cdb-04e8-4117-851b-cba4a731f55e" />
    <UnitTestResult executionId="e1b235e7-d3e3-4467-affc-cad89f3daedf" testId="4e78f25c-d355-e112-010c-d75e1dbe484f" testName="xUnitTestProject.CurrencyHelperTests.FormatToStringTest1000(price: 40268.121943438484, expected: &quot;40268.12 zł&quot;)" computerName="DESKTOP-5URQ9PB" duration="00:00:00.0000041" startTime="2022-06-13T21:14:10.7389482+02:00" endTime="2022-06-13T21:14:10.7389483+02:00" testType="13cdc9d9-ddb5-4fa4-a97d-d965ccfc6d4b" outcome="Passed" testListId="8c84fa94-04c1-424b-9868-57a2d4851a1d" relativeResultsDirectory="e1b235e7-d3e3-4467-affc-cad89f3daedf" />
    <UnitTestResult executionId="331d3645-2d57-4183-a877-d10b022badfa" testId="2031700b-98b7-ff2b-f550-00f3842fd04f" testName="xUnitTestProject.CurrencyHelperTests.FormatToStringTest1000(price: 28306.369434126827, expected: &quot;28306.37 zł&quot;)" computerName="DESKTOP-5URQ9PB" duration="00:00:00.0000075" startTime="2022-06-13T21:14:10.7529389+02:00" endTime="2022-06-13T21:14:10.7529391+02:00" testType="13cdc9d9-ddb5-4fa4-a97d-d965ccfc6d4b" outcome="Passed" testListId="8c84fa94-04c1-424b-9868-57a2d4851a1d" relativeResultsDirectory="331d3645-2d57-4183-a877-d10b022badfa" />
    <UnitTestResult executionId="35a2119c-b035-4072-8e23-a0061b5dfcbb" testId="4167d107-473f-7d0a-c3aa-2c271677cfd1" testName="xUnitTestProject.CurrencyHelperTests.FormatToStringTest1000(price: 9657.360676611475, expected: &quot;9657.36 zł&quot;)" computerName="DESKTOP-5URQ9PB" duration="00:00:00.0000041" startTime="2022-06-13T21:14:10.6805729+02:00" endTime="2022-06-13T21:14:10.6805730+02:00" testType="13cdc9d9-ddb5-4fa4-a97d-d965ccfc6d4b" outcome="Passed" testListId="8c84fa94-04c1-424b-9868-57a2d4851a1d" relativeResultsDirectory="35a2119c-b035-4072-8e23-a0061b5dfcbb" />
    <UnitTestResult executionId="c5459461-3103-45f1-901a-121c10f2adbe" testId="5df2cee8-1205-20ca-1995-6e5120b53d1e" testName="xUnitTestProject.CurrencyHelperTests.FormatToStringTest1000(price: 1884.4923513031063, expected: &quot;1884.49 zł&quot;)" computerName="DESKTOP-5URQ9PB" duration="00:00:00.0000041" startTime="2022-06-13T21:14:10.6775259+02:00" endTime="2022-06-13T21:14:10.6775261+02:00" testType="13cdc9d9-ddb5-4fa4-a97d-d965ccfc6d4b" outcome="Passed" testListId="8c84fa94-04c1-424b-9868-57a2d4851a1d" relativeResultsDirectory="c5459461-3103-45f1-901a-121c10f2adbe" />
    <UnitTestResult executionId="f01ee5df-8103-4a9b-8a68-96eccd682510" testId="68224de9-ccec-a0b7-c8a8-a3c8c0c30259" testName="xUnitTestProject.CurrencyHelperTests.FormatToStringTest1000(price: 1669.555150571072, expected: &quot;1669.56 zł&quot;)" computerName="DESKTOP-5URQ9PB" duration="00:00:00.0000077" startTime="2022-06-13T21:14:10.7814356+02:00" endTime="2022-06-13T21:14:10.7814358+02:00" testType="13cdc9d9-ddb5-4fa4-a97d-d965ccfc6d4b" outcome="Passed" testListId="8c84fa94-04c1-424b-9868-57a2d4851a1d" relativeResultsDirectory="f01ee5df-8103-4a9b-8a68-96eccd682510" />
    <UnitTestResult executionId="aa5e557c-9c84-4d67-95e8-417ef31434eb" testId="a188d29e-24f4-14f6-3109-f28ee9929456" testName="xUnitTestProject.CurrencyHelperTests.FormatToStringTest1000(price: 15639.704937780603, expected: &quot;15639.70 zł&quot;)" computerName="DESKTOP-5URQ9PB" duration="00:00:00.0000083" startTime="2022-06-13T21:14:10.7855441+02:00" endTime="2022-06-13T21:14:10.7855442+02:00" testType="13cdc9d9-ddb5-4fa4-a97d-d965ccfc6d4b" outcome="Passed" testListId="8c84fa94-04c1-424b-9868-57a2d4851a1d" relativeResultsDirectory="aa5e557c-9c84-4d67-95e8-417ef31434eb" />
    <UnitTestResult executionId="2b49bf88-a121-4eb3-a278-6bc72aefadf0" testId="f6807856-920c-b4f6-bd05-450a0bb2d3bd" testName="xUnitTestProject.CurrencyHelperTests.FormatToStringTest1000(price: 29678.921519093645, expected: &quot;29678.92 zł&quot;)" computerName="DESKTOP-5URQ9PB" duration="00:00:00.0000079" startTime="2022-06-13T21:14:10.7785975+02:00" endTime="2022-06-13T21:14:10.7785977+02:00" testType="13cdc9d9-ddb5-4fa4-a97d-d965ccfc6d4b" outcome="Passed" testListId="8c84fa94-04c1-424b-9868-57a2d4851a1d" relativeResultsDirectory="2b49bf88-a121-4eb3-a278-6bc72aefadf0" />
    <UnitTestResult executionId="a27ad0c8-e22a-4396-9164-05e70128cd23" testId="d1d304ec-d1a8-54dd-0ee3-d84b0c72b00c" testName="xUnitTestProject.CurrencyHelperTests.FormatToStringTest1000(price: 38803.03958246253, expected: &quot;38803.04 zł&quot;)" computerName="DESKTOP-5URQ9PB" duration="00:00:00.0000041" startTime="2022-06-13T21:14:10.6880566+02:00" endTime="2022-06-13T21:14:10.6880570+02:00" testType="13cdc9d9-ddb5-4fa4-a97d-d965ccfc6d4b" outcome="Passed" testListId="8c84fa94-04c1-424b-9868-57a2d4851a1d" relativeResultsDirectory="a27ad0c8-e22a-4396-9164-05e70128cd23" />
    <UnitTestResult executionId="c65003d2-1b1e-4dec-b5d4-a540e1780485" testId="2cd8497b-7c7c-c528-555b-f107e750a1a0" testName="xUnitTestProject.CurrencyHelperTests.FormatToStringTest1000(price: 31315.40354898544, expected: &quot;31315.40 zł&quot;)" computerName="DESKTOP-5URQ9PB" duration="00:00:00.0000043" startTime="2022-06-13T21:14:10.7332624+02:00" endTime="2022-06-13T21:14:10.7332626+02:00" testType="13cdc9d9-ddb5-4fa4-a97d-d965ccfc6d4b" outcome="Passed" testListId="8c84fa94-04c1-424b-9868-57a2d4851a1d" relativeResultsDirectory="c65003d2-1b1e-4dec-b5d4-a540e1780485" />
    <UnitTestResult executionId="ca1acc86-d43c-45a1-b9f7-ba8457e5f92a" testId="e62a06d7-081f-b513-c2d5-80ddeebcb813" testName="xUnitTestProject.CurrencyHelperTests.FormatToStringTest1000(price: 39531.95190033268, expected: &quot;39531.95 zł&quot;)" computerName="DESKTOP-5URQ9PB" duration="00:00:00.0000041" startTime="2022-06-13T21:14:10.7128271+02:00" endTime="2022-06-13T21:14:10.7128273+02:00" testType="13cdc9d9-ddb5-4fa4-a97d-d965ccfc6d4b" outcome="Passed" testListId="8c84fa94-04c1-424b-9868-57a2d4851a1d" relativeResultsDirectory="ca1acc86-d43c-45a1-b9f7-ba8457e5f92a" />
    <UnitTestResult executionId="048c6b8e-9374-4029-b73d-c2fcaa69da3d" testId="015022db-d96e-2b60-5477-1c6f1fa9a487" testName="xUnitTestProject.CurrencyHelperTests.FormatToStringTest1000(price: 1328.353302088265, expected: &quot;1328.35 zł&quot;)" computerName="DESKTOP-5URQ9PB" duration="00:00:00.0000083" startTime="2022-06-13T21:14:10.7680807+02:00" endTime="2022-06-13T21:14:10.7680809+02:00" testType="13cdc9d9-ddb5-4fa4-a97d-d965ccfc6d4b" outcome="Passed" testListId="8c84fa94-04c1-424b-9868-57a2d4851a1d" relativeResultsDirectory="048c6b8e-9374-4029-b73d-c2fcaa69da3d" />
    <UnitTestResult executionId="623ab41f-9fde-4db7-9ca3-b2cd78813c49" testId="6a7d9b76-8e51-2dd0-7599-1dd99ccb1f30" testName="xUnitTestProject.CurrencyHelperTests.FormatToStringTest1000(price: 6710.131197082871, expected: &quot;6710.13 zł&quot;)" computerName="DESKTOP-5URQ9PB" duration="00:00:00.0000043" startTime="2022-06-13T21:14:10.7303412+02:00" endTime="2022-06-13T21:14:10.7303417+02:00" testType="13cdc9d9-ddb5-4fa4-a97d-d965ccfc6d4b" outcome="Passed" testListId="8c84fa94-04c1-424b-9868-57a2d4851a1d" relativeResultsDirectory="623ab41f-9fde-4db7-9ca3-b2cd78813c49" />
    <UnitTestResult executionId="2541b984-1dab-4531-8484-d1a9b3f9737b" testId="c08a791c-2a2e-8ef9-53c2-680714283837" testName="xUnitTestProject.CurrencyHelperTests.FormatToStringTest1000(price: 10511.7304983189, expected: &quot;10511.73 zł&quot;)" computerName="DESKTOP-5URQ9PB" duration="00:00:00.0000043" startTime="2022-06-13T21:14:10.6935404+02:00" endTime="2022-06-13T21:14:10.6935406+02:00" testType="13cdc9d9-ddb5-4fa4-a97d-d965ccfc6d4b" outcome="Passed" testListId="8c84fa94-04c1-424b-9868-57a2d4851a1d" relativeResultsDirectory="2541b984-1dab-4531-8484-d1a9b3f9737b" />
    <UnitTestResult executionId="a60fb703-1dcf-4d21-abe4-f9735f15ca51" testId="028a745a-d396-f185-341f-56b2c46b3ca2" testName="xUnitTestProject.CurrencyHelperTests.FormatToStringTest1000(price: 66945.02904917022, expected: &quot;66945.03 zł&quot;)" computerName="DESKTOP-5URQ9PB" duration="00:00:00.0000043" startTime="2022-06-13T21:14:10.6849301+02:00" endTime="2022-06-13T21:14:10.6849303+02:00" testType="13cdc9d9-ddb5-4fa4-a97d-d965ccfc6d4b" outcome="Passed" testListId="8c84fa94-04c1-424b-9868-57a2d4851a1d" relativeResultsDirectory="a60fb703-1dcf-4d21-abe4-f9735f15ca51" />
    <UnitTestResult executionId="32e84d83-5796-480f-9b33-c29f396c7176" testId="235eb381-d2e3-8caa-5888-040fb729169a" testName="xUnitTestProject.CurrencyHelperTests.FormatToStringTest1000(price: 6145.531235831571, expected: &quot;6145.53 zł&quot;)" computerName="DESKTOP-5URQ9PB" duration="00:00:00.0000041" startTime="2022-06-13T21:14:10.6968515+02:00" endTime="2022-06-13T21:14:10.6968516+02:00" testType="13cdc9d9-ddb5-4fa4-a97d-d965ccfc6d4b" outcome="Passed" testListId="8c84fa94-04c1-424b-9868-57a2d4851a1d" relativeResultsDirectory="32e84d83-5796-480f-9b33-c29f396c7176" />
    <UnitTestResult executionId="bdf65a87-a45c-43eb-9009-3217a5a31275" testId="bac2e760-c57c-379d-cca8-5272b1f0e7e5" testName="xUnitTestProject.CurrencyHelperTests.FormatToStringTest1000(price: 6035.818653228608, expected: &quot;6035.82 zł&quot;)" computerName="DESKTOP-5URQ9PB" duration="00:00:00.0000041" startTime="2022-06-13T21:14:10.7128870+02:00" endTime="2022-06-13T21:14:10.7128871+02:00" testType="13cdc9d9-ddb5-4fa4-a97d-d965ccfc6d4b" outcome="Passed" testListId="8c84fa94-04c1-424b-9868-57a2d4851a1d" relativeResultsDirectory="bdf65a87-a45c-43eb-9009-3217a5a31275" />
    <UnitTestResult executionId="42450a57-e9a6-4cb9-aecf-dbb5290c23d2" testId="31b9c4ce-6a9b-3b29-d842-ab748e7d275b" testName="xUnitTestProject.CurrencyHelperTests.FormatToStringTest1000(price: 53192.79032742269, expected: &quot;53192.79 zł&quot;)" computerName="DESKTOP-5URQ9PB" duration="00:00:00.0000076" startTime="2022-06-13T21:14:10.7915453+02:00" endTime="2022-06-13T21:14:10.7915454+02:00" testType="13cdc9d9-ddb5-4fa4-a97d-d965ccfc6d4b" outcome="Passed" testListId="8c84fa94-04c1-424b-9868-57a2d4851a1d" relativeResultsDirectory="42450a57-e9a6-4cb9-aecf-dbb5290c23d2" />
    <UnitTestResult executionId="74864794-304c-439e-9682-fe2e2c24b15a" testId="ff96b5de-94eb-fc99-362b-5102f1ace758" testName="xUnitTestProject.CurrencyHelperTests.FormatToStringTest1000(price: 43727.735558145556, expected: &quot;43727.74 zł&quot;)" computerName="DESKTOP-5URQ9PB" duration="00:00:00.0000041" startTime="2022-06-13T21:14:10.7019706+02:00" endTime="2022-06-13T21:14:10.7019707+02:00" testType="13cdc9d9-ddb5-4fa4-a97d-d965ccfc6d4b" outcome="Passed" testListId="8c84fa94-04c1-424b-9868-57a2d4851a1d" relativeResultsDirectory="74864794-304c-439e-9682-fe2e2c24b15a" />
    <UnitTestResult executionId="c3fe7dcb-38b6-4ff8-82c0-a6822995ece3" testId="ba870e88-e985-a063-3050-00fcfcbc95b8" testName="xUnitTestProject.CurrencyHelperTests.FormatToStringTest1000(price: 17798.633951516185, expected: &quot;17798.63 zł&quot;)" computerName="DESKTOP-5URQ9PB" duration="00:00:00.0000041" startTime="2022-06-13T21:14:10.6925141+02:00" endTime="2022-06-13T21:14:10.6925143+02:00" testType="13cdc9d9-ddb5-4fa4-a97d-d965ccfc6d4b" outcome="Passed" testListId="8c84fa94-04c1-424b-9868-57a2d4851a1d" relativeResultsDirectory="c3fe7dcb-38b6-4ff8-82c0-a6822995ece3" />
    <UnitTestResult executionId="f61d2a91-7c37-4c1f-826b-a601ad6534d1" testId="eccf41da-6b65-aa5d-c784-b8badc726d9b" testName="xUnitTestProject.CurrencyHelperTests.FormatToStringTest1000(price: 4419.750844657306, expected: &quot;4419.75 zł&quot;)" computerName="DESKTOP-5URQ9PB" duration="00:00:00.0000064" startTime="2022-06-13T21:14:10.7482824+02:00" endTime="2022-06-13T21:14:10.7482826+02:00" testType="13cdc9d9-ddb5-4fa4-a97d-d965ccfc6d4b" outcome="Passed" testListId="8c84fa94-04c1-424b-9868-57a2d4851a1d" relativeResultsDirectory="f61d2a91-7c37-4c1f-826b-a601ad6534d1" />
    <UnitTestResult executionId="a6299f51-d3bb-492e-95b7-d437f70d2d2f" testId="8dcae478-7176-db28-16c0-e91e0d918df3" testName="xUnitTestProject.CurrencyHelperTests.FormatToStringTest1000(price: 58848.60825001477, expected: &quot;58848.61 zł&quot;)" computerName="DESKTOP-5URQ9PB" duration="00:00:00.0000088" startTime="2022-06-13T21:14:10.7873299+02:00" endTime="2022-06-13T21:14:10.7873300+02:00" testType="13cdc9d9-ddb5-4fa4-a97d-d965ccfc6d4b" outcome="Passed" testListId="8c84fa94-04c1-424b-9868-57a2d4851a1d" relativeResultsDirectory="a6299f51-d3bb-492e-95b7-d437f70d2d2f" />
    <UnitTestResult executionId="e7e09771-acd7-4cf8-b531-fec2df0b9a0e" testId="761c5474-ba0b-efdd-0d5f-bfbe630a98c2" testName="xUnitTestProject.CurrencyHelperTests.FormatToStringTest1000(price: 726.8087564975995, expected: &quot;726.81 zł&quot;)" computerName="DESKTOP-5URQ9PB" duration="00:00:00.0000079" startTime="2022-06-13T21:14:10.7834504+02:00" endTime="2022-06-13T21:14:10.7834505+02:00" testType="13cdc9d9-ddb5-4fa4-a97d-d965ccfc6d4b" outcome="Passed" testListId="8c84fa94-04c1-424b-9868-57a2d4851a1d" relativeResultsDirectory="e7e09771-acd7-4cf8-b531-fec2df0b9a0e" />
    <UnitTestResult executionId="b3452adf-f046-49b8-81bf-38f14d70f4d8" testId="5058bebd-02f5-fdd0-776c-ccea1412870f" testName="xUnitTestProject.CurrencyHelperTests.FormatToStringTest1000(price: 675.4589376107133, expected: &quot;675.46 zł&quot;)" computerName="DESKTOP-5URQ9PB" duration="00:00:00.0000083" startTime="2022-06-13T21:14:10.7551883+02:00" endTime="2022-06-13T21:14:10.7551885+02:00" testType="13cdc9d9-ddb5-4fa4-a97d-d965ccfc6d4b" outcome="Passed" testListId="8c84fa94-04c1-424b-9868-57a2d4851a1d" relativeResultsDirectory="b3452adf-f046-49b8-81bf-38f14d70f4d8" />
    <UnitTestResult executionId="e8c29433-abc7-40ea-a273-28203b72c883" testId="ed2134d1-cccc-7594-ff4e-6670ac477e6f" testName="xUnitTestProject.CurrencyHelperTests.FormatToStringTest1000(price: 51529.79033960206, expected: &quot;51529.79 zł&quot;)" computerName="DESKTOP-5URQ9PB" duration="00:00:00.0000043" startTime="2022-06-13T21:14:10.7076645+02:00" endTime="2022-06-13T21:14:10.7076646+02:00" testType="13cdc9d9-ddb5-4fa4-a97d-d965ccfc6d4b" outcome="Passed" testListId="8c84fa94-04c1-424b-9868-57a2d4851a1d" relativeResultsDirectory="e8c29433-abc7-40ea-a273-28203b72c883" />
    <UnitTestResult executionId="2383a05d-185e-40e0-864e-cca43d758987" testId="0a0bc23b-0e81-f4f7-edb6-cfc0213b6904" testName="xUnitTestProject.CurrencyHelperTests.FormatToStringTest1000(price: 2039.440966411699, expected: &quot;2039.44 zł&quot;)" computerName="DESKTOP-5URQ9PB" duration="00:00:00.0000043" startTime="2022-06-13T21:14:10.7236027+02:00" endTime="2022-06-13T21:14:10.7236029+02:00" testType="13cdc9d9-ddb5-4fa4-a97d-d965ccfc6d4b" outcome="Passed" testListId="8c84fa94-04c1-424b-9868-57a2d4851a1d" relativeResultsDirectory="2383a05d-185e-40e0-864e-cca43d758987" />
    <UnitTestResult executionId="4b52b23b-086e-45b9-986b-7e644d713a3f" testId="9f1933d5-ba32-f60d-5aa4-3e77602dd567" testName="xUnitTestProject.CurrencyHelperTests.FormatToStringTest1000(price: 26207.03715363659, expected: &quot;26207.04 zł&quot;)" computerName="DESKTOP-5URQ9PB" duration="00:00:00.0000085" startTime="2022-06-13T21:14:10.7460548+02:00" endTime="2022-06-13T21:14:10.7460549+02:00" testType="13cdc9d9-ddb5-4fa4-a97d-d965ccfc6d4b" outcome="Passed" testListId="8c84fa94-04c1-424b-9868-57a2d4851a1d" relativeResultsDirectory="4b52b23b-086e-45b9-986b-7e644d713a3f" />
    <UnitTestResult executionId="0547c7c8-c563-48e0-8efe-0827b1db1120" testId="e1d79475-a361-3073-e286-53d8423f4048" testName="xUnitTestProject.CurrencyHelperTests.FormatToStringTest1000(price: 95353.10327693219, expected: &quot;95353.10 zł&quot;)" computerName="DESKTOP-5URQ9PB" duration="00:00:00.0000041" startTime="2022-06-13T21:14:10.6882129+02:00" endTime="2022-06-13T21:14:10.6882131+02:00" testType="13cdc9d9-ddb5-4fa4-a97d-d965ccfc6d4b" outcome="Passed" testListId="8c84fa94-04c1-424b-9868-57a2d4851a1d" relativeResultsDirectory="0547c7c8-c563-48e0-8efe-0827b1db1120" />
    <UnitTestResult executionId="44e89e34-c353-4948-9ad1-aa656c527080" testId="843293b0-7cce-f386-da63-2fb428fb7828" testName="xUnitTestProject.CurrencyHelperTests.FormatToStringTest1000(price: 7124.979180760672, expected: &quot;7124.98 zł&quot;)" computerName="DESKTOP-5URQ9PB" duration="00:00:00.0000043" startTime="2022-06-13T21:14:10.6828322+02:00" endTime="2022-06-13T21:14:10.6828324+02:00" testType="13cdc9d9-ddb5-4fa4-a97d-d965ccfc6d4b" outcome="Passed" testListId="8c84fa94-04c1-424b-9868-57a2d4851a1d" relativeResultsDirectory="44e89e34-c353-4948-9ad1-aa656c527080" />
    <UnitTestResult executionId="de9c1f45-efce-419a-b3a6-6ecce6e81c30" testId="0af3eea6-5817-a867-a6c4-92fe1e3e316c" testName="xUnitTestProject.CurrencyHelperTests.FormatToStringTest1000(price: 9624.06628225188, expected: &quot;9624.07 zł&quot;)" computerName="DESKTOP-5URQ9PB" duration="00:00:00.0000083" startTime="2022-06-13T21:14:10.7764992+02:00" endTime="2022-06-13T21:14:10.7764994+02:00" testType="13cdc9d9-ddb5-4fa4-a97d-d965ccfc6d4b" outcome="Passed" testListId="8c84fa94-04c1-424b-9868-57a2d4851a1d" relativeResultsDirectory="de9c1f45-efce-419a-b3a6-6ecce6e81c30" />
    <UnitTestResult executionId="b4333b6e-c069-4943-8be9-efcf654f5b0e" testId="eb81fa5f-83e5-54db-0bb8-c928bd6f40f1" testName="xUnitTestProject.CurrencyHelperTests.FormatToStringTest1000(price: 12221.10494323592, expected: &quot;12221.10 zł&quot;)" computerName="DESKTOP-5URQ9PB" duration="00:00:00.0000041" startTime="2022-06-13T21:14:10.7178667+02:00" endTime="2022-06-13T21:14:10.7178668+02:00" testType="13cdc9d9-ddb5-4fa4-a97d-d965ccfc6d4b" outcome="Passed" testListId="8c84fa94-04c1-424b-9868-57a2d4851a1d" relativeResultsDirectory="b4333b6e-c069-4943-8be9-efcf654f5b0e" />
    <UnitTestResult executionId="f07e0b04-b419-40af-8f66-914d957bcd20" testId="99085e4f-7a45-28dd-d73e-76b910959f1c" testName="xUnitTestProject.CurrencyHelperTests.FormatToStringTest1000(price: 5759.256266560991, expected: &quot;5759.26 zł&quot;)" computerName="DESKTOP-5URQ9PB" duration="00:00:00.0000043" startTime="2022-06-13T21:14:10.7292723+02:00" endTime="2022-06-13T21:14:10.7292725+02:00" testType="13cdc9d9-ddb5-4fa4-a97d-d965ccfc6d4b" outcome="Passed" testListId="8c84fa94-04c1-424b-9868-57a2d4851a1d" relativeResultsDirectory="f07e0b04-b419-40af-8f66-914d957bcd20" />
    <UnitTestResult executionId="98ffbb98-4182-4b1d-8a2a-6e6f0702a156" testId="27c9de3f-c624-ee93-069f-2072d9c30f0a" testName="xUnitTestProject.CurrencyHelperTests.FormatToStringTest1000(price: 1228.101744225296, expected: &quot;1228.10 zł&quot;)" computerName="DESKTOP-5URQ9PB" duration="00:00:00.0000083" startTime="2022-06-13T21:14:10.7913618+02:00" endTime="2022-06-13T21:14:10.7913622+02:00" testType="13cdc9d9-ddb5-4fa4-a97d-d965ccfc6d4b" outcome="Passed" testListId="8c84fa94-04c1-424b-9868-57a2d4851a1d" relativeResultsDirectory="98ffbb98-4182-4b1d-8a2a-6e6f0702a156" />
    <UnitTestResult executionId="c46b9d94-5f9a-4c93-a13c-0c2a51d358cb" testId="4d07a1bc-a8d9-c223-fb28-a20fa9ce459f" testName="xUnitTestProject.CurrencyHelperTests.FormatToStringTest1000(price: 24308.26523149212, expected: &quot;24308.27 zł&quot;)" computerName="DESKTOP-5URQ9PB" duration="00:00:00.0000082" startTime="2022-06-13T21:14:10.7715674+02:00" endTime="2022-06-13T21:14:10.7715675+02:00" testType="13cdc9d9-ddb5-4fa4-a97d-d965ccfc6d4b" outcome="Passed" testListId="8c84fa94-04c1-424b-9868-57a2d4851a1d" relativeResultsDirectory="c46b9d94-5f9a-4c93-a13c-0c2a51d358cb" />
    <UnitTestResult executionId="0d294a1a-4a02-4d40-aece-027ef349b7f6" testId="80a788de-88e0-32bd-4244-9850aa1ba44f" testName="xUnitTestProject.CurrencyHelperTests.FormatToStringTest1000(price: 27794.8671353957, expected: &quot;27794.87 zł&quot;)" computerName="DESKTOP-5URQ9PB" duration="00:00:00.0000070" startTime="2022-06-13T21:14:10.7845155+02:00" endTime="2022-06-13T21:14:10.7845156+02:00" testType="13cdc9d9-ddb5-4fa4-a97d-d965ccfc6d4b" outcome="Passed" testListId="8c84fa94-04c1-424b-9868-57a2d4851a1d" relativeResultsDirectory="0d294a1a-4a02-4d40-aece-027ef349b7f6" />
    <UnitTestResult executionId="f7a3f33a-ff0c-43c6-ae42-bcba9efb35ab" testId="5200e545-dbbb-62af-891d-31499a618a0e" testName="xUnitTestProject.CurrencyHelperTests.FormatToStringTest1000(price: 20012.898273490322, expected: &quot;20012.90 zł&quot;)" computerName="DESKTOP-5URQ9PB" duration="00:00:00.0000043" startTime="2022-06-13T21:14:10.6816250+02:00" endTime="2022-06-13T21:14:10.6816254+02:00" testType="13cdc9d9-ddb5-4fa4-a97d-d965ccfc6d4b" outcome="Passed" testListId="8c84fa94-04c1-424b-9868-57a2d4851a1d" relativeResultsDirectory="f7a3f33a-ff0c-43c6-ae42-bcba9efb35ab" />
    <UnitTestResult executionId="1492ac12-5a6c-4fc7-acec-10c5fd6d221b" testId="386de361-29e9-e772-105e-fd42e87ecfec" testName="xUnitTestProject.CurrencyHelperTests.FormatToStringTest1000(price: 38253.101637909705, expected: &quot;38253.10 zł&quot;)" computerName="DESKTOP-5URQ9PB" duration="00:00:00.0000085" startTime="2022-06-13T21:14:10.7574672+02:00" endTime="2022-06-13T21:14:10.7574674+02:00" testType="13cdc9d9-ddb5-4fa4-a97d-d965ccfc6d4b" outcome="Passed" testListId="8c84fa94-04c1-424b-9868-57a2d4851a1d" relativeResultsDirectory="1492ac12-5a6c-4fc7-acec-10c5fd6d221b" />
    <UnitTestResult executionId="a21c7037-dfbf-4cad-a99b-87cbd0fd0e68" testId="6c2df068-e073-781f-ed58-d73445937e1f" testName="xUnitTestProject.CurrencyHelperTests.FormatToStringTest1000(price: 26843.15785584932, expected: &quot;26843.16 zł&quot;)" computerName="DESKTOP-5URQ9PB" duration="00:00:00.0000082" startTime="2022-06-13T21:14:10.7550667+02:00" endTime="2022-06-13T21:14:10.7550669+02:00" testType="13cdc9d9-ddb5-4fa4-a97d-d965ccfc6d4b" outcome="Passed" testListId="8c84fa94-04c1-424b-9868-57a2d4851a1d" relativeResultsDirectory="a21c7037-dfbf-4cad-a99b-87cbd0fd0e68" />
    <UnitTestResult executionId="4b272361-5a8b-4d36-9de3-36d1364d5726" testId="a5d2d781-ed08-2478-bb45-1d4f50c82554" testName="xUnitTestProject.CurrencyHelperTests.FormatToStringTest1000(price: 5611.05334835176, expected: &quot;5611.05 zł&quot;)" computerName="DESKTOP-5URQ9PB" duration="00:00:00.0000087" startTime="2022-06-13T21:14:10.7742619+02:00" endTime="2022-06-13T21:14:10.7742621+02:00" testType="13cdc9d9-ddb5-4fa4-a97d-d965ccfc6d4b" outcome="Passed" testListId="8c84fa94-04c1-424b-9868-57a2d4851a1d" relativeResultsDirectory="4b272361-5a8b-4d36-9de3-36d1364d5726" />
    <UnitTestResult executionId="f5c4a77f-674e-4728-8d2b-9c743c3bba4f" testId="251bbc15-9ad4-e7e2-3a95-fab7be0e3e27" testName="xUnitTestProject.CurrencyHelperTests.FormatToStringTest1000(price: 21728.91641959963, expected: &quot;21728.92 zł&quot;)" computerName="DESKTOP-5URQ9PB" duration="00:00:00.0000041" startTime="2022-06-13T21:14:10.7305036+02:00" endTime="2022-06-13T21:14:10.7305037+02:00" testType="13cdc9d9-ddb5-4fa4-a97d-d965ccfc6d4b" outcome="Passed" testListId="8c84fa94-04c1-424b-9868-57a2d4851a1d" relativeResultsDirectory="f5c4a77f-674e-4728-8d2b-9c743c3bba4f" />
    <UnitTestResult executionId="3935f660-2bdb-4424-80b4-a0b9ebcd72de" testId="6a68b288-e760-a42c-8c5a-4aafd65f28b7" testName="xUnitTestProject.CurrencyHelperTests.FormatToStringTest1000(price: 74514.06270644537, expected: &quot;74514.06 zł&quot;)" computerName="DESKTOP-5URQ9PB" duration="00:00:00.0000087" startTime="2022-06-13T21:14:10.7805249+02:00" endTime="2022-06-13T21:14:10.7805250+02:00" testType="13cdc9d9-ddb5-4fa4-a97d-d965ccfc6d4b" outcome="Passed" testListId="8c84fa94-04c1-424b-9868-57a2d4851a1d" relativeResultsDirectory="3935f660-2bdb-4424-80b4-a0b9ebcd72de" />
    <UnitTestResult executionId="d70fb7ae-542b-4c05-8614-aa777137b1c1" testId="ef111b7b-895d-e083-171f-1b45ef31d01a" testName="xUnitTestProject.CurrencyHelperTests.FormatToStringTest1000(price: 33699.13042082038, expected: &quot;33699.13 zł&quot;)" computerName="DESKTOP-5URQ9PB" duration="00:00:00.0000052" startTime="2022-06-13T21:14:10.7994024+02:00" endTime="2022-06-13T21:14:10.7994026+02:00" testType="13cdc9d9-ddb5-4fa4-a97d-d965ccfc6d4b" outcome="Passed" testListId="8c84fa94-04c1-424b-9868-57a2d4851a1d" relativeResultsDirectory="d70fb7ae-542b-4c05-8614-aa777137b1c1" />
    <UnitTestResult executionId="97c32b2c-f6d6-446b-8bda-4fd352ee0c3a" testId="fd35a08c-5b95-7a8f-b139-85a90dbcf98e" testName="xUnitTestProject.CurrencyHelperTests.FormatToStringTest1000(price: 30385.72086375613, expected: &quot;30385.72 zł&quot;)" computerName="DESKTOP-5URQ9PB" duration="00:00:00.0000065" startTime="2022-06-13T21:14:10.7515330+02:00" endTime="2022-06-13T21:14:10.7515334+02:00" testType="13cdc9d9-ddb5-4fa4-a97d-d965ccfc6d4b" outcome="Passed" testListId="8c84fa94-04c1-424b-9868-57a2d4851a1d" relativeResultsDirectory="97c32b2c-f6d6-446b-8bda-4fd352ee0c3a" />
    <UnitTestResult executionId="e0f139a7-3c47-4f41-a1cc-e845b8ec7d7f" testId="6205fc96-eb71-1460-755c-461fb37bb024" testName="xUnitTestProject.CurrencyHelperTests.FormatToStringTest1000(price: 21785.42157155528, expected: &quot;21785.42 zł&quot;)" computerName="DESKTOP-5URQ9PB" duration="00:00:00.0000041" startTime="2022-06-13T21:14:10.7426136+02:00" endTime="2022-06-13T21:14:10.7426138+02:00" testType="13cdc9d9-ddb5-4fa4-a97d-d965ccfc6d4b" outcome="Passed" testListId="8c84fa94-04c1-424b-9868-57a2d4851a1d" relativeResultsDirectory="e0f139a7-3c47-4f41-a1cc-e845b8ec7d7f" />
    <UnitTestResult executionId="9c8c712c-a240-46cc-a448-7d675b81bef6" testId="48480e6e-913f-e95b-4a6c-465d36475b6a" testName="xUnitTestProject.CurrencyHelperTests.FormatToStringTest1000(price: 24476.442216712254, expected: &quot;24476.44 zł&quot;)" computerName="DESKTOP-5URQ9PB" duration="00:00:00.0000041" startTime="2022-06-13T21:14:10.7425364+02:00" endTime="2022-06-13T21:14:10.7425366+02:00" testType="13cdc9d9-ddb5-4fa4-a97d-d965ccfc6d4b" outcome="Passed" testListId="8c84fa94-04c1-424b-9868-57a2d4851a1d" relativeResultsDirectory="9c8c712c-a240-46cc-a448-7d675b81bef6" />
    <UnitTestResult executionId="cab732f5-12f6-4caa-8b8b-bd61a2c0bdbf" testId="38b02068-987c-3dd3-28cd-9a07df85e95b" testName="xUnitTestProject.CurrencyHelperTests.FormatToStringTest1000(price: 5957.42161879941, expected: &quot;5957.42 zł&quot;)" computerName="DESKTOP-5URQ9PB" duration="00:00:00.0000061" startTime="2022-06-13T21:14:10.7983722+02:00" endTime="2022-06-13T21:14:10.7983723+02:00" testType="13cdc9d9-ddb5-4fa4-a97d-d965ccfc6d4b" outcome="Passed" testListId="8c84fa94-04c1-424b-9868-57a2d4851a1d" relativeResultsDirectory="cab732f5-12f6-4caa-8b8b-bd61a2c0bdbf" />
    <UnitTestResult executionId="72c30a5a-bfb9-43c9-b4ea-841729f4a83a" testId="9af46142-b025-7ff1-cd86-b161fef30f97" testName="xUnitTestProject.CurrencyHelperTests.FormatToStringTest1000(price: 27187.549022783314, expected: &quot;27187.55 zł&quot;)" computerName="DESKTOP-5URQ9PB" duration="00:00:00.0000081" startTime="2022-06-13T21:14:10.7587086+02:00" endTime="2022-06-13T21:14:10.7587088+02:00" testType="13cdc9d9-ddb5-4fa4-a97d-d965ccfc6d4b" outcome="Passed" testListId="8c84fa94-04c1-424b-9868-57a2d4851a1d" relativeResultsDirectory="72c30a5a-bfb9-43c9-b4ea-841729f4a83a" />
    <UnitTestResult executionId="2c5f2c95-d46c-42a9-92e5-277ebcb2d6c3" testId="9f74ffc2-1a7b-4759-a337-57d1812dbf3f" testName="xUnitTestProject.CurrencyHelperTests.FormatToStringTest1000(price: 52032.65082931176, expected: &quot;52032.65 zł&quot;)" computerName="DESKTOP-5URQ9PB" duration="00:00:00.0000040" startTime="2022-06-13T21:14:10.7168815+02:00" endTime="2022-06-13T21:14:10.7168816+02:00" testType="13cdc9d9-ddb5-4fa4-a97d-d965ccfc6d4b" outcome="Passed" testListId="8c84fa94-04c1-424b-9868-57a2d4851a1d" relativeResultsDirectory="2c5f2c95-d46c-42a9-92e5-277ebcb2d6c3" />
    <UnitTestResult executionId="547e3e59-ae75-4d3d-a33f-b7dd382e6957" testId="c5439243-290e-2a67-aa6b-588710f39fb3" testName="xUnitTestProject.CurrencyHelperTests.FormatToStringTest1000(price: 19783.413847500186, expected: &quot;19783.41 zł&quot;)" computerName="DESKTOP-5URQ9PB" duration="00:00:00.0000041" startTime="2022-06-13T21:14:10.7097064+02:00" endTime="2022-06-13T21:14:10.7097065+02:00" testType="13cdc9d9-ddb5-4fa4-a97d-d965ccfc6d4b" outcome="Passed" testListId="8c84fa94-04c1-424b-9868-57a2d4851a1d" relativeResultsDirectory="547e3e59-ae75-4d3d-a33f-b7dd382e6957" />
    <UnitTestResult executionId="c7250b1a-444e-4672-976a-ddbd68092606" testId="89c1bc9c-fd1f-546d-3081-e1943d5ea5fd" testName="xUnitTestProject.CurrencyHelperTests.FormatToStringTest1000(price: 30499.08272379734, expected: &quot;30499.08 zł&quot;)" computerName="DESKTOP-5URQ9PB" duration="00:00:00.0000077" startTime="2022-06-13T21:14:10.7606554+02:00" endTime="2022-06-13T21:14:10.7606558+02:00" testType="13cdc9d9-ddb5-4fa4-a97d-d965ccfc6d4b" outcome="Passed" testListId="8c84fa94-04c1-424b-9868-57a2d4851a1d" relativeResultsDirectory="c7250b1a-444e-4672-976a-ddbd68092606" />
    <UnitTestResult executionId="9ef37c68-e2d3-43ab-95f6-4da61306c998" testId="f3b15f6b-f00d-4e6c-f3c3-26bd7741dc5d" testName="xUnitTestProject.CurrencyHelperTests.FormatToStringTest1000(price: 35905.47425787219, expected: &quot;35905.47 zł&quot;)" computerName="DESKTOP-5URQ9PB" duration="00:00:00.0000043" startTime="2022-06-13T21:14:10.7105978+02:00" endTime="2022-06-13T21:14:10.7105980+02:00" testType="13cdc9d9-ddb5-4fa4-a97d-d965ccfc6d4b" outcome="Passed" testListId="8c84fa94-04c1-424b-9868-57a2d4851a1d" relativeResultsDirectory="9ef37c68-e2d3-43ab-95f6-4da61306c998" />
    <UnitTestResult executionId="1c4ba5ba-ce81-49a1-b4b9-64f5cf64cf6b" testId="df661f1a-369e-296a-5042-ab9651f93dce" testName="xUnitTestProject.CurrencyHelperTests.FormatToStringTest1000(price: 16383.352881839199, expected: &quot;16383.35 zł&quot;)" computerName="DESKTOP-5URQ9PB" duration="00:00:00.0000058" startTime="2022-06-13T21:14:10.8002126+02:00" endTime="2022-06-13T21:14:10.8002127+02:00" testType="13cdc9d9-ddb5-4fa4-a97d-d965ccfc6d4b" outcome="Passed" testListId="8c84fa94-04c1-424b-9868-57a2d4851a1d" relativeResultsDirectory="1c4ba5ba-ce81-49a1-b4b9-64f5cf64cf6b" />
    <UnitTestResult executionId="b83af513-89e7-496f-bfdd-53d2c60c3cf1" testId="4f6b94b9-8c0a-f905-af50-086f7c071ad9" testName="xUnitTestProject.CurrencyHelperTests.FormatToStringTest1000(price: 10324.538670147089, expected: &quot;10324.54 zł&quot;)" computerName="DESKTOP-5URQ9PB" duration="00:00:00.0000076" startTime="2022-06-13T21:14:10.7660799+02:00" endTime="2022-06-13T21:14:10.7660801+02:00" testType="13cdc9d9-ddb5-4fa4-a97d-d965ccfc6d4b" outcome="Passed" testListId="8c84fa94-04c1-424b-9868-57a2d4851a1d" relativeResultsDirectory="b83af513-89e7-496f-bfdd-53d2c60c3cf1" />
    <UnitTestResult executionId="fc4414a1-e54a-4dbd-a642-d8b1ca7992f8" testId="f58711de-d6a1-25df-941a-d7a477d8bf41" testName="xUnitTestProject.CurrencyHelperTests.FormatToStringTest1000(price: 45603.90324273142, expected: &quot;45603.90 zł&quot;)" computerName="DESKTOP-5URQ9PB" duration="00:00:00.0000087" startTime="2022-06-13T21:14:10.7763411+02:00" endTime="2022-06-13T21:14:10.7763415+02:00" testType="13cdc9d9-ddb5-4fa4-a97d-d965ccfc6d4b" outcome="Passed" testListId="8c84fa94-04c1-424b-9868-57a2d4851a1d" relativeResultsDirectory="fc4414a1-e54a-4dbd-a642-d8b1ca7992f8" />
    <UnitTestResult executionId="14677add-0a78-4279-a581-959c754410a4" testId="2ff98558-45c2-21dd-60d2-e1efdde7c0a8" testName="xUnitTestProject.CurrencyHelperTests.FormatToStringTest1000(price: 35.34471716840971, expected: &quot;35.34 zł&quot;)" computerName="DESKTOP-5URQ9PB" duration="00:00:00.0000043" startTime="2022-06-13T21:14:10.7058704+02:00" endTime="2022-06-13T21:14:10.7058706+02:00" testType="13cdc9d9-ddb5-4fa4-a97d-d965ccfc6d4b" outcome="Passed" testListId="8c84fa94-04c1-424b-9868-57a2d4851a1d" relativeResultsDirectory="14677add-0a78-4279-a581-959c754410a4" />
    <UnitTestResult executionId="4cff724c-42bd-44b2-a4b3-eb84af63f0df" testId="170260b6-6610-99a8-adfb-d2dcbd80a40f" testName="xUnitTestProject.CurrencyHelperTests.FormatToStringTest1000(price: 7370.518277515898, expected: &quot;7370.52 zł&quot;)" computerName="DESKTOP-5URQ9PB" duration="00:00:00.0000092" startTime="2022-06-13T21:14:10.7883151+02:00" endTime="2022-06-13T21:14:10.7883152+02:00" testType="13cdc9d9-ddb5-4fa4-a97d-d965ccfc6d4b" outcome="Passed" testListId="8c84fa94-04c1-424b-9868-57a2d4851a1d" relativeResultsDirectory="4cff724c-42bd-44b2-a4b3-eb84af63f0df" />
    <UnitTestResult executionId="75deadf7-fee8-412c-bdf0-72c8bc83d7dc" testId="8181cd4b-8454-73ed-8ced-01a1dc2b25c3" testName="xUnitTestProject.CurrencyHelperTests.FormatToStringTest1000(price: 13286.856387228174, expected: &quot;13286.86 zł&quot;)" computerName="DESKTOP-5URQ9PB" duration="00:00:00.0000062" startTime="2022-06-13T21:14:10.7983131+02:00" endTime="2022-06-13T21:14:10.7983133+02:00" testType="13cdc9d9-ddb5-4fa4-a97d-d965ccfc6d4b" outcome="Passed" testListId="8c84fa94-04c1-424b-9868-57a2d4851a1d" relativeResultsDirectory="75deadf7-fee8-412c-bdf0-72c8bc83d7dc" />
    <UnitTestResult executionId="a86ff9ca-af8c-42d8-8c1c-d310d11ce3d9" testId="294f15b0-a486-8084-b9ae-585b30f21a60" testName="xUnitTestProject.CurrencyHelperTests.FormatToStringTest1000(price: 86.89546322771136, expected: &quot;86.90 zł&quot;)" computerName="DESKTOP-5URQ9PB" duration="00:00:00.0000056" startTime="2022-06-13T21:14:10.7934541+02:00" endTime="2022-06-13T21:14:10.7934543+02:00" testType="13cdc9d9-ddb5-4fa4-a97d-d965ccfc6d4b" outcome="Passed" testListId="8c84fa94-04c1-424b-9868-57a2d4851a1d" relativeResultsDirectory="a86ff9ca-af8c-42d8-8c1c-d310d11ce3d9" />
    <UnitTestResult executionId="4537a4c0-156d-418b-9a3b-bc77fc9aba36" testId="e8ec7e81-c75e-50ea-5d4f-c58eeb7d8270" testName="xUnitTestProject.CurrencyHelperTests.FormatToStringTest1000(price: 17098.491445727876, expected: &quot;17098.49 zł&quot;)" computerName="DESKTOP-5URQ9PB" duration="00:00:00.0000075" startTime="2022-06-13T21:14:10.7458191+02:00" endTime="2022-06-13T21:14:10.7458195+02:00" testType="13cdc9d9-ddb5-4fa4-a97d-d965ccfc6d4b" outcome="Passed" testListId="8c84fa94-04c1-424b-9868-57a2d4851a1d" relativeResultsDirectory="4537a4c0-156d-418b-9a3b-bc77fc9aba36" />
    <UnitTestResult executionId="5e716b51-4629-4e90-8942-029912977fc9" testId="595bfab0-5cd9-2edb-fcf1-e6874dc93e48" testName="xUnitTestProject.CurrencyHelperTests.FormatToStringTest1000(price: 13375.96341587415, expected: &quot;13375.96 zł&quot;)" computerName="DESKTOP-5URQ9PB" duration="00:00:00.0000041" startTime="2022-06-13T21:14:10.6893660+02:00" endTime="2022-06-13T21:14:10.6893662+02:00" testType="13cdc9d9-ddb5-4fa4-a97d-d965ccfc6d4b" outcome="Passed" testListId="8c84fa94-04c1-424b-9868-57a2d4851a1d" relativeResultsDirectory="5e716b51-4629-4e90-8942-029912977fc9" />
    <UnitTestResult executionId="dba5a5f9-0b69-4ba3-8cde-b093d1f438b6" testId="05d3ca05-7d6a-4ccb-9500-bddd30f80ece" testName="xUnitTestProject.CurrencyHelperTests.FormatToStringTest1000(price: 8499.121443388574, expected: &quot;8499.12 zł&quot;)" computerName="DESKTOP-5URQ9PB" duration="00:00:00.0000040" startTime="2022-06-13T21:14:10.7056927+02:00" endTime="2022-06-13T21:14:10.7056928+02:00" testType="13cdc9d9-ddb5-4fa4-a97d-d965ccfc6d4b" outcome="Passed" testListId="8c84fa94-04c1-424b-9868-57a2d4851a1d" relativeResultsDirectory="dba5a5f9-0b69-4ba3-8cde-b093d1f438b6" />
    <UnitTestResult executionId="18d70929-2280-44d7-a52f-0383496e46a0" testId="302cac3a-acd8-63e7-21fb-e5689524a492" testName="xUnitTestProject.CurrencyHelperTests.FormatToStringTest1000(price: 22678.643495744862, expected: &quot;22678.64 zł&quot;)" computerName="DESKTOP-5URQ9PB" duration="00:00:00.0000064" startTime="2022-06-13T21:14:10.7993139+02:00" endTime="2022-06-13T21:14:10.7993140+02:00" testType="13cdc9d9-ddb5-4fa4-a97d-d965ccfc6d4b" outcome="Passed" testListId="8c84fa94-04c1-424b-9868-57a2d4851a1d" relativeResultsDirectory="18d70929-2280-44d7-a52f-0383496e46a0" />
    <UnitTestResult executionId="558f0737-fe31-42f1-92ff-ec6cc9914514" testId="6dd99dbe-4c8b-34b5-1e2c-dac97050c643" testName="xUnitTestProject.CurrencyHelperTests.FormatToStringTest1000(price: 66723.3293191657, expected: &quot;66723.33 zł&quot;)" computerName="DESKTOP-5URQ9PB" duration="00:00:00.0000081" startTime="2022-06-13T21:14:10.7833907+02:00" endTime="2022-06-13T21:14:10.7833909+02:00" testType="13cdc9d9-ddb5-4fa4-a97d-d965ccfc6d4b" outcome="Passed" testListId="8c84fa94-04c1-424b-9868-57a2d4851a1d" relativeResultsDirectory="558f0737-fe31-42f1-92ff-ec6cc9914514" />
    <UnitTestResult executionId="44fb7a2a-ba4c-4e1f-a90d-ece066dec278" testId="1400f8ec-69fd-4b7f-6a20-9938aff67002" testName="xUnitTestProject.CurrencyHelperTests.FormatToStringTest1000(price: 29917.15005391145, expected: &quot;29917.15 zł&quot;)" computerName="DESKTOP-5URQ9PB" duration="00:00:00.0000041" startTime="2022-06-13T21:14:10.6968224+02:00" endTime="2022-06-13T21:14:10.6968226+02:00" testType="13cdc9d9-ddb5-4fa4-a97d-d965ccfc6d4b" outcome="Passed" testListId="8c84fa94-04c1-424b-9868-57a2d4851a1d" relativeResultsDirectory="44fb7a2a-ba4c-4e1f-a90d-ece066dec278" />
    <UnitTestResult executionId="91551ea1-5844-4b92-be9d-2cff1d6f7f51" testId="bb2394ba-110a-90c0-2182-1e3775f73d05" testName="xUnitTestProject.CurrencyHelperTests.FormatToStringTest1000(price: 28072.424637532058, expected: &quot;28072.42 zł&quot;)" computerName="DESKTOP-5URQ9PB" duration="00:00:00.0000044" startTime="2022-06-13T21:14:10.6956028+02:00" endTime="2022-06-13T21:14:10.6956030+02:00" testType="13cdc9d9-ddb5-4fa4-a97d-d965ccfc6d4b" outcome="Passed" testListId="8c84fa94-04c1-424b-9868-57a2d4851a1d" relativeResultsDirectory="91551ea1-5844-4b92-be9d-2cff1d6f7f51" />
    <UnitTestResult executionId="c8a76119-4b28-4b7e-a110-250ef30e13a4" testId="30971562-18c2-709e-97a4-74161badb09c" testName="xUnitTestProject.CurrencyHelperTests.FormatToStringTest1000(price: 28579.14698705503, expected: &quot;28579.15 zł&quot;)" computerName="DESKTOP-5URQ9PB" duration="00:00:00.0000083" startTime="2022-06-13T21:14:10.7585131+02:00" endTime="2022-06-13T21:14:10.7585132+02:00" testType="13cdc9d9-ddb5-4fa4-a97d-d965ccfc6d4b" outcome="Passed" testListId="8c84fa94-04c1-424b-9868-57a2d4851a1d" relativeResultsDirectory="c8a76119-4b28-4b7e-a110-250ef30e13a4" />
    <UnitTestResult executionId="b09b57f7-7b01-46f4-a875-0836d107a778" testId="dbf6f9ae-d4e2-c907-2228-ff1a571678a6" testName="xUnitTestProject.CurrencyHelperTests.FormatToStringTest1000(price: 20497.107923553376, expected: &quot;20497.11 zł&quot;)" computerName="DESKTOP-5URQ9PB" duration="00:00:00.0000041" startTime="2022-06-13T21:14:10.7367785+02:00" endTime="2022-06-13T21:14:10.7367787+02:00" testType="13cdc9d9-ddb5-4fa4-a97d-d965ccfc6d4b" outcome="Passed" testListId="8c84fa94-04c1-424b-9868-57a2d4851a1d" relativeResultsDirectory="b09b57f7-7b01-46f4-a875-0836d107a778" />
    <UnitTestResult executionId="5b2d349e-7a92-4afc-8127-25ad4bdea1a4" testId="fb80c2cc-1ba4-25ca-1501-33134270fed0" testName="xUnitTestProject.CurrencyHelperTests.FormatToStringTest1000(price: 32863.31705269558, expected: &quot;32863.32 zł&quot;)" computerName="DESKTOP-5URQ9PB" duration="00:00:00.0000043" startTime="2022-06-13T21:14:10.6794945+02:00" endTime="2022-06-13T21:14:10.6794949+02:00" testType="13cdc9d9-ddb5-4fa4-a97d-d965ccfc6d4b" outcome="Passed" testListId="8c84fa94-04c1-424b-9868-57a2d4851a1d" relativeResultsDirectory="5b2d349e-7a92-4afc-8127-25ad4bdea1a4" />
    <UnitTestResult executionId="ecac5b1b-788c-4118-9797-b6bce0ead7a6" testId="758b94a4-3e83-213a-e897-268aa753a08f" testName="xUnitTestProject.CurrencyHelperTests.FormatToStringTest1000(price: 36760.171806480816, expected: &quot;36760.17 zł&quot;)" computerName="DESKTOP-5URQ9PB" duration="00:00:00.0000058" startTime="2022-06-13T21:14:10.7933322+02:00" endTime="2022-06-13T21:14:10.7933326+02:00" testType="13cdc9d9-ddb5-4fa4-a97d-d965ccfc6d4b" outcome="Passed" testListId="8c84fa94-04c1-424b-9868-57a2d4851a1d" relativeResultsDirectory="ecac5b1b-788c-4118-9797-b6bce0ead7a6" />
    <UnitTestResult executionId="b8218923-cac1-4d9b-b2d3-404f8d694de4" testId="d633a901-6eef-f5d7-952c-569ae3ddce8f" testName="xUnitTestProject.CurrencyHelperTests.FormatToStringTest1000(price: 18023.78504577455, expected: &quot;18023.79 zł&quot;)" computerName="DESKTOP-5URQ9PB" duration="00:00:00.0000083" startTime="2022-06-13T21:14:10.7584741+02:00" endTime="2022-06-13T21:14:10.7584743+02:00" testType="13cdc9d9-ddb5-4fa4-a97d-d965ccfc6d4b" outcome="Passed" testListId="8c84fa94-04c1-424b-9868-57a2d4851a1d" relativeResultsDirectory="b8218923-cac1-4d9b-b2d3-404f8d694de4" />
    <UnitTestResult executionId="4370b8f7-ab5b-40ff-84fe-da8df33f7c1a" testId="c34ab70e-c13b-c0d3-f6b8-6dc84da0bd17" testName="xUnitTestProject.CurrencyHelperTests.FormatToStringTest1000(price: 50991.22189691114, expected: &quot;50991.22 zł&quot;)" computerName="DESKTOP-5URQ9PB" duration="00:00:00.0000085" startTime="2022-06-13T21:14:10.7905705+02:00" endTime="2022-06-13T21:14:10.7905707+02:00" testType="13cdc9d9-ddb5-4fa4-a97d-d965ccfc6d4b" outcome="Passed" testListId="8c84fa94-04c1-424b-9868-57a2d4851a1d" relativeResultsDirectory="4370b8f7-ab5b-40ff-84fe-da8df33f7c1a" />
    <UnitTestResult executionId="8fe3c5ac-1c28-4103-92b5-db44a300c195" testId="631aa61c-5891-97bd-8c16-092dfa85bf9b" testName="xUnitTestProject.CurrencyHelperTests.FormatToStringTest1000(price: 35384.637112688106, expected: &quot;35384.64 zł&quot;)" computerName="DESKTOP-5URQ9PB" duration="00:00:00.0000087" startTime="2022-06-13T21:14:10.7705066+02:00" endTime="2022-06-13T21:14:10.7705068+02:00" testType="13cdc9d9-ddb5-4fa4-a97d-d965ccfc6d4b" outcome="Passed" testListId="8c84fa94-04c1-424b-9868-57a2d4851a1d" relativeResultsDirectory="8fe3c5ac-1c28-4103-92b5-db44a300c195" />
    <UnitTestResult executionId="aa12cf1c-4d9b-420f-83b5-9c952b26c452" testId="a8f82c34-f413-0466-fc76-669da2c23141" testName="xUnitTestProject.CurrencyHelperTests.FormatToStringTest1000(price: 21693.340115174808, expected: &quot;21693.34 zł&quot;)" computerName="DESKTOP-5URQ9PB" duration="00:00:00.0000041" startTime="2022-06-13T21:14:10.7245865+02:00" endTime="2022-06-13T21:14:10.7245866+02:00" testType="13cdc9d9-ddb5-4fa4-a97d-d965ccfc6d4b" outcome="Passed" testListId="8c84fa94-04c1-424b-9868-57a2d4851a1d" relativeResultsDirectory="aa12cf1c-4d9b-420f-83b5-9c952b26c452" />
    <UnitTestResult executionId="35a8e572-7e54-4794-b900-42ba51b804d2" testId="bcd181d1-3270-76f5-9678-f35a85b0fff1" testName="xUnitTestProject.CurrencyHelperTests.FormatToStringTest1000(price: 9558.453124931293, expected: &quot;9558.45 zł&quot;)" computerName="DESKTOP-5URQ9PB" duration="00:00:00.0000075" startTime="2022-06-13T21:14:10.7816115+02:00" endTime="2022-06-13T21:14:10.7816116+02:00" testType="13cdc9d9-ddb5-4fa4-a97d-d965ccfc6d4b" outcome="Passed" testListId="8c84fa94-04c1-424b-9868-57a2d4851a1d" relativeResultsDirectory="35a8e572-7e54-4794-b900-42ba51b804d2" />
    <UnitTestResult executionId="f52778cf-60a3-4e37-b715-47d682404588" testId="a9fb7030-78aa-b78d-bae0-0e3e80a09140" testName="xUnitTestProject.CurrencyHelperTests.FormatToStringTest1000(price: 485.6735566554933, expected: &quot;485.67 zł&quot;)" computerName="DESKTOP-5URQ9PB" duration="00:00:00.0000054" startTime="2022-06-13T21:14:10.6913358+02:00" endTime="2022-06-13T21:14:10.6913359+02:00" testType="13cdc9d9-ddb5-4fa4-a97d-d965ccfc6d4b" outcome="Passed" testListId="8c84fa94-04c1-424b-9868-57a2d4851a1d" relativeResultsDirectory="f52778cf-60a3-4e37-b715-47d682404588" />
    <UnitTestResult executionId="f51203a6-0b76-41f4-b9b6-75a7fa3d69c7" testId="c1457a00-5932-b692-d468-5af96619c895" testName="xUnitTestProject.CurrencyHelperTests.FormatToStringTest1000(price: 29508.077101491428, expected: &quot;29508.08 zł&quot;)" computerName="DESKTOP-5URQ9PB" duration="00:00:00.0000041" startTime="2022-06-13T21:14:10.7156657+02:00" endTime="2022-06-13T21:14:10.7156661+02:00" testType="13cdc9d9-ddb5-4fa4-a97d-d965ccfc6d4b" outcome="Passed" testListId="8c84fa94-04c1-424b-9868-57a2d4851a1d" relativeResultsDirectory="f51203a6-0b76-41f4-b9b6-75a7fa3d69c7" />
    <UnitTestResult executionId="594687eb-2a4b-4169-9aa1-1ada2bab2fe8" testId="3d5d455f-8b5b-9efe-5bfb-ffa440cd9adb" testName="xUnitTestProject.CurrencyHelperTests.FormatToStringTest1000(price: 34145.534199603615, expected: &quot;34145.53 zł&quot;)" computerName="DESKTOP-5URQ9PB" duration="00:00:00.0000041" startTime="2022-06-13T21:14:10.7402131+02:00" endTime="2022-06-13T21:14:10.7402133+02:00" testType="13cdc9d9-ddb5-4fa4-a97d-d965ccfc6d4b" outcome="Passed" testListId="8c84fa94-04c1-424b-9868-57a2d4851a1d" relativeResultsDirectory="594687eb-2a4b-4169-9aa1-1ada2bab2fe8" />
    <UnitTestResult executionId="b23892ab-dae0-4957-8dc8-46fe9abf1c6c" testId="bfdd6bca-a34f-47f5-eae8-5d12e496bd00" testName="xUnitTestProject.CurrencyHelperTests.FormatToStringTest1000(price: 22197.731451777618, expected: &quot;22197.73 zł&quot;)" computerName="DESKTOP-5URQ9PB" duration="00:00:00.0000041" startTime="2022-06-13T21:14:10.7291864+02:00" endTime="2022-06-13T21:14:10.7291866+02:00" testType="13cdc9d9-ddb5-4fa4-a97d-d965ccfc6d4b" outcome="Passed" testListId="8c84fa94-04c1-424b-9868-57a2d4851a1d" relativeResultsDirectory="b23892ab-dae0-4957-8dc8-46fe9abf1c6c" />
    <UnitTestResult executionId="758a0f00-1579-40ba-919c-843ea455512e" testId="0ee739fa-dfa4-5ef5-1b22-8fe2862978a3" testName="xUnitTestProject.CurrencyHelperTests.FormatToStringTest1000(price: 5279.315995182524, expected: &quot;5279.32 zł&quot;)" computerName="DESKTOP-5URQ9PB" duration="00:00:00.0000043" startTime="2022-06-13T21:14:10.7437574+02:00" endTime="2022-06-13T21:14:10.7437576+02:00" testType="13cdc9d9-ddb5-4fa4-a97d-d965ccfc6d4b" outcome="Passed" testListId="8c84fa94-04c1-424b-9868-57a2d4851a1d" relativeResultsDirectory="758a0f00-1579-40ba-919c-843ea455512e" />
    <UnitTestResult executionId="01c30253-ea5f-4111-97e0-ff65c59b9e7a" testId="a1a0e8aa-488b-d813-0baf-a61aa194c928" testName="xUnitTestProject.CurrencyHelperTests.FormatToStringTest1000(price: 32359.431438434138, expected: &quot;32359.43 zł&quot;)" computerName="DESKTOP-5URQ9PB" duration="00:00:00.0000043" startTime="2022-06-13T21:14:10.6774593+02:00" endTime="2022-06-13T21:14:10.6774598+02:00" testType="13cdc9d9-ddb5-4fa4-a97d-d965ccfc6d4b" outcome="Passed" testListId="8c84fa94-04c1-424b-9868-57a2d4851a1d" relativeResultsDirectory="01c30253-ea5f-4111-97e0-ff65c59b9e7a" />
    <UnitTestResult executionId="0012533a-5e73-41cb-923e-07aeae8e8833" testId="3fa92d95-7719-c247-fd7d-28cef4c98170" testName="xUnitTestProject.CurrencyHelperTests.FormatToStringTest1000(price: 9628.688698104437, expected: &quot;9628.69 zł&quot;)" computerName="DESKTOP-5URQ9PB" duration="00:00:00.0000072" startTime="2022-06-13T21:14:10.7527456+02:00" endTime="2022-06-13T21:14:10.7527458+02:00" testType="13cdc9d9-ddb5-4fa4-a97d-d965ccfc6d4b" outcome="Passed" testListId="8c84fa94-04c1-424b-9868-57a2d4851a1d" relativeResultsDirectory="0012533a-5e73-41cb-923e-07aeae8e8833" />
    <UnitTestResult executionId="304fc7f2-bd97-4052-9861-32f76b393903" testId="b903f011-25d7-d156-43c9-1974a38b345d" testName="xUnitTestProject.CurrencyHelperTests.FormatToStringTest1000(price: 10994.251866986162, expected: &quot;10994.25 zł&quot;)" computerName="DESKTOP-5URQ9PB" duration="00:00:00.0000041" startTime="2022-06-13T21:14:10.7294653+02:00" endTime="2022-06-13T21:14:10.7294655+02:00" testType="13cdc9d9-ddb5-4fa4-a97d-d965ccfc6d4b" outcome="Passed" testListId="8c84fa94-04c1-424b-9868-57a2d4851a1d" relativeResultsDirectory="304fc7f2-bd97-4052-9861-32f76b393903" />
    <UnitTestResult executionId="21064308-174b-4252-8eed-c4eb6b558be5" testId="7514081f-0084-9527-726e-372a541e02c5" testName="xUnitTestProject.CurrencyHelperTests.FormatToStringTest1000(price: 32632.105531036905, expected: &quot;32632.11 zł&quot;)" computerName="DESKTOP-5URQ9PB" duration="00:00:00.0000053" startTime="2022-06-13T21:14:10.7017535+02:00" endTime="2022-06-13T21:14:10.7017539+02:00" testType="13cdc9d9-ddb5-4fa4-a97d-d965ccfc6d4b" outcome="Passed" testListId="8c84fa94-04c1-424b-9868-57a2d4851a1d" relativeResultsDirectory="21064308-174b-4252-8eed-c4eb6b558be5" />
    <UnitTestResult executionId="f2b533d3-654b-41d0-b429-55a654b75889" testId="ba737e18-d009-4d7c-6e13-52f4c654ec83" testName="xUnitTestProject.CurrencyHelperTests.FormatToStringTest1000(price: 236.20263638589657, expected: &quot;236.20 zł&quot;)" computerName="DESKTOP-5URQ9PB" duration="00:00:00.0000041" startTime="2022-06-13T21:14:10.6934206+02:00" endTime="2022-06-13T21:14:10.6934208+02:00" testType="13cdc9d9-ddb5-4fa4-a97d-d965ccfc6d4b" outcome="Passed" testListId="8c84fa94-04c1-424b-9868-57a2d4851a1d" relativeResultsDirectory="f2b533d3-654b-41d0-b429-55a654b75889" />
    <UnitTestResult executionId="1d5c586d-4d3c-432d-b9f5-d1ec5fd1b69f" testId="ab648c32-5363-622c-e305-880f5c60d7ae" testName="xUnitTestProject.CurrencyHelperTests.FormatToStringTest1000(price: 78519.41691976106, expected: &quot;78519.42 zł&quot;)" computerName="DESKTOP-5URQ9PB" duration="00:00:00.0029843" startTime="2022-06-13T21:14:10.6620032+02:00" endTime="2022-06-13T21:14:10.6620765+02:00" testType="13cdc9d9-ddb5-4fa4-a97d-d965ccfc6d4b" outcome="Passed" testListId="8c84fa94-04c1-424b-9868-57a2d4851a1d" relativeResultsDirectory="1d5c586d-4d3c-432d-b9f5-d1ec5fd1b69f" />
    <UnitTestResult executionId="de507cb8-716b-4478-baaf-3c979c9f677b" testId="6079b9dd-99aa-436d-ae95-d982e753c815" testName="xUnitTestProject.CurrencyHelperTests.FormatToStringTest1000(price: 3649.9254912836127, expected: &quot;3649.93 zł&quot;)" computerName="DESKTOP-5URQ9PB" duration="00:00:00.0000041" startTime="2022-06-13T21:14:10.6883017+02:00" endTime="2022-06-13T21:14:10.6883019+02:00" testType="13cdc9d9-ddb5-4fa4-a97d-d965ccfc6d4b" outcome="Passed" testListId="8c84fa94-04c1-424b-9868-57a2d4851a1d" relativeResultsDirectory="de507cb8-716b-4478-baaf-3c979c9f677b" />
    <UnitTestResult executionId="8bd09d0e-7d20-4575-88b2-4284674705db" testId="c6561a8d-8639-fb30-9500-15f8be316902" testName="xUnitTestProject.CurrencyHelperTests.FormatToStringTest1000(price: 50009.23881716898, expected: &quot;50009.24 zł&quot;)" computerName="DESKTOP-5URQ9PB" duration="00:00:00.0000049" startTime="2022-06-13T21:14:10.7008809+02:00" endTime="2022-06-13T21:14:10.7008810+02:00" testType="13cdc9d9-ddb5-4fa4-a97d-d965ccfc6d4b" outcome="Passed" testListId="8c84fa94-04c1-424b-9868-57a2d4851a1d" relativeResultsDirectory="8bd09d0e-7d20-4575-88b2-4284674705db" />
    <UnitTestResult executionId="2b837b09-446a-4375-9fcb-1527c6e1cedf" testId="d74171b4-c8ee-1912-2996-ae0e2e26eb23" testName="xUnitTestProject.CurrencyHelperTests.FormatToStringTest1000(price: 1745.490603896552, expected: &quot;1745.49 zł&quot;)" computerName="DESKTOP-5URQ9PB" duration="00:00:00.0000040" startTime="2022-06-13T21:14:10.7256196+02:00" endTime="2022-06-13T21:14:10.7256197+02:00" testType="13cdc9d9-ddb5-4fa4-a97d-d965ccfc6d4b" outcome="Passed" testListId="8c84fa94-04c1-424b-9868-57a2d4851a1d" relativeResultsDirectory="2b837b09-446a-4375-9fcb-1527c6e1cedf" />
    <UnitTestResult executionId="d3920af0-0348-4e83-ad27-e2bc56fd228a" testId="055fec57-4e1c-11c8-a858-911643af23bd" testName="xUnitTestProject.CurrencyHelperTests.FormatToStringTest1000(price: 8211.920994553679, expected: &quot;8211.92 zł&quot;)" computerName="DESKTOP-5URQ9PB" duration="00:00:00.0000040" startTime="2022-06-13T21:14:10.7235685+02:00" endTime="2022-06-13T21:14:10.7235689+02:00" testType="13cdc9d9-ddb5-4fa4-a97d-d965ccfc6d4b" outcome="Passed" testListId="8c84fa94-04c1-424b-9868-57a2d4851a1d" relativeResultsDirectory="d3920af0-0348-4e83-ad27-e2bc56fd228a" />
    <UnitTestResult executionId="3694eff4-7b66-49ba-9846-f35f41866687" testId="599b5bdf-c3a2-ab45-0452-3da415351122" testName="xUnitTestProject.CurrencyHelperTests.FormatToStringTest1000(price: 16210.791556035536, expected: &quot;16210.79 zł&quot;)" computerName="DESKTOP-5URQ9PB" duration="00:00:00.0000041" startTime="2022-06-13T21:14:10.7028435+02:00" endTime="2022-06-13T21:14:10.7028437+02:00" testType="13cdc9d9-ddb5-4fa4-a97d-d965ccfc6d4b" outcome="Passed" testListId="8c84fa94-04c1-424b-9868-57a2d4851a1d" relativeResultsDirectory="3694eff4-7b66-49ba-9846-f35f41866687" />
    <UnitTestResult executionId="baee5663-9dda-423d-a8df-d8e3c5b3484f" testId="4168f0ac-b835-769a-f744-274b70d89027" testName="xUnitTestProject.CurrencyHelperTests.FormatToStringTest1000(price: 65947.64520381515, expected: &quot;65947.65 zł&quot;)" computerName="DESKTOP-5URQ9PB" duration="00:00:00.0000077" startTime="2022-06-13T21:14:10.7727832+02:00" endTime="2022-06-13T21:14:10.7727834+02:00" testType="13cdc9d9-ddb5-4fa4-a97d-d965ccfc6d4b" outcome="Passed" testListId="8c84fa94-04c1-424b-9868-57a2d4851a1d" relativeResultsDirectory="baee5663-9dda-423d-a8df-d8e3c5b3484f" />
    <UnitTestResult executionId="b8f66542-257a-4971-88f1-8eb7f699a837" testId="e63012a7-c6dd-105c-5599-46a75e19ac35" testName="xUnitTestProject.CurrencyHelperTests.FormatToStringTest1000(price: 43424.45140075332, expected: &quot;43424.45 zł&quot;)" computerName="DESKTOP-5URQ9PB" duration="00:00:00.0000041" startTime="2022-06-13T21:14:10.7168521+02:00" endTime="2022-06-13T21:14:10.7168523+02:00" testType="13cdc9d9-ddb5-4fa4-a97d-d965ccfc6d4b" outcome="Passed" testListId="8c84fa94-04c1-424b-9868-57a2d4851a1d" relativeResultsDirectory="b8f66542-257a-4971-88f1-8eb7f699a837" />
    <UnitTestResult executionId="ffcc9863-32b1-4193-b038-c8925664a95e" testId="3436f427-af0a-5bde-6f98-b38b99a7cf5b" testName="xUnitTestProject.CurrencyHelperTests.FormatToStringTest1000(price: 54724.71040318008, expected: &quot;54724.71 zł&quot;)" computerName="DESKTOP-5URQ9PB" duration="00:00:00.0000072" startTime="2022-06-13T21:14:10.7563600+02:00" endTime="2022-06-13T21:14:10.7563601+02:00" testType="13cdc9d9-ddb5-4fa4-a97d-d965ccfc6d4b" outcome="Passed" testListId="8c84fa94-04c1-424b-9868-57a2d4851a1d" relativeResultsDirectory="ffcc9863-32b1-4193-b038-c8925664a95e" />
    <UnitTestResult executionId="43ee85d8-c467-4a67-aa6b-1329187e14d9" testId="183dfbce-4b57-7750-e87b-9eb6c830ba31" testName="xUnitTestProject.CurrencyHelperTests.FormatToStringTest1000(price: 31347.468987404587, expected: &quot;31347.47 zł&quot;)" computerName="DESKTOP-5URQ9PB" duration="00:00:00.0000083" startTime="2022-06-13T21:14:10.7482058+02:00" endTime="2022-06-13T21:14:10.7482060+02:00" testType="13cdc9d9-ddb5-4fa4-a97d-d965ccfc6d4b" outcome="Passed" testListId="8c84fa94-04c1-424b-9868-57a2d4851a1d" relativeResultsDirectory="43ee85d8-c467-4a67-aa6b-1329187e14d9" />
    <UnitTestResult executionId="a74147fc-bc4c-4801-bec7-bdbf5acc9f5b" testId="908bbb79-500c-f673-c8f4-2e8bf73bce40" testName="xUnitTestProject.CurrencyHelperTests.FormatToStringTest1000(price: 88616.03808168416, expected: &quot;88616.04 zł&quot;)" computerName="DESKTOP-5URQ9PB" duration="00:00:00.0000067" startTime="2022-06-13T21:14:10.7915159+02:00" endTime="2022-06-13T21:14:10.7915160+02:00" testType="13cdc9d9-ddb5-4fa4-a97d-d965ccfc6d4b" outcome="Passed" testListId="8c84fa94-04c1-424b-9868-57a2d4851a1d" relativeResultsDirectory="a74147fc-bc4c-4801-bec7-bdbf5acc9f5b" />
    <UnitTestResult executionId="3ab993eb-73e3-4fec-a51e-a75faeb7f691" testId="ef8075a8-e8bb-22f0-871e-f2b168e2c55c" testName="xUnitTestProject.CurrencyHelperTests.FormatToStringTest1000(price: 54275.73209373408, expected: &quot;54275.73 zł&quot;)" computerName="DESKTOP-5URQ9PB" duration="00:00:00.0000043" startTime="2022-06-13T21:14:10.6849001+02:00" endTime="2022-06-13T21:14:10.6849002+02:00" testType="13cdc9d9-ddb5-4fa4-a97d-d965ccfc6d4b" outcome="Passed" testListId="8c84fa94-04c1-424b-9868-57a2d4851a1d" relativeResultsDirectory="3ab993eb-73e3-4fec-a51e-a75faeb7f691" />
    <UnitTestResult executionId="5eea8a63-54a0-43bb-8a18-7e399afa82e0" testId="1079d268-49d6-f18c-d495-58b580aae9dc" testName="xUnitTestProject.CurrencyHelperTests.FormatToStringTest1000(price: 26220.382477706476, expected: &quot;26220.38 zł&quot;)" computerName="DESKTOP-5URQ9PB" duration="00:00:00.0000041" startTime="2022-06-13T21:14:10.7293881+02:00" endTime="2022-06-13T21:14:10.7293882+02:00" testType="13cdc9d9-ddb5-4fa4-a97d-d965ccfc6d4b" outcome="Passed" testListId="8c84fa94-04c1-424b-9868-57a2d4851a1d" relativeResultsDirectory="5eea8a63-54a0-43bb-8a18-7e399afa82e0" />
    <UnitTestResult executionId="466d7846-7e29-4386-96b4-34a6d5bf40bd" testId="9dc9660c-2773-e5a1-118f-73373343d0e6" testName="xUnitTestProject.CurrencyHelperTests.FormatToStringTest1000(price: 89093.57120939044, expected: &quot;89093.57 zł&quot;)" computerName="DESKTOP-5URQ9PB" duration="00:00:00.0000045" startTime="2022-06-13T21:14:10.6753016+02:00" endTime="2022-06-13T21:14:10.6753018+02:00" testType="13cdc9d9-ddb5-4fa4-a97d-d965ccfc6d4b" outcome="Passed" testListId="8c84fa94-04c1-424b-9868-57a2d4851a1d" relativeResultsDirectory="466d7846-7e29-4386-96b4-34a6d5bf40bd" />
    <UnitTestResult executionId="d1d45755-aa9b-4b25-b902-2bbbfad95a6f" testId="3fe65711-0b55-7192-8237-90b45a462066" testName="xUnitTestProject.CurrencyHelperTests.FormatToStringTest1000(price: 159.83786031922224, expected: &quot;159.84 zł&quot;)" computerName="DESKTOP-5URQ9PB" duration="00:00:00.0000078" startTime="2022-06-13T21:14:10.7854567+02:00" endTime="2022-06-13T21:14:10.7854569+02:00" testType="13cdc9d9-ddb5-4fa4-a97d-d965ccfc6d4b" outcome="Passed" testListId="8c84fa94-04c1-424b-9868-57a2d4851a1d" relativeResultsDirectory="d1d45755-aa9b-4b25-b902-2bbbfad95a6f" />
    <UnitTestResult executionId="26bd8061-4dd6-4dcb-a1da-6629c6a6b004" testId="9e735874-97ea-8ca0-11c8-94ac42e81acc" testName="xUnitTestProject.CurrencyHelperTests.FormatToStringTest1000(price: 39178.05988345298, expected: &quot;39178.06 zł&quot;)" computerName="DESKTOP-5URQ9PB" duration="00:00:00.0000077" startTime="2022-06-13T21:14:10.7619921+02:00" endTime="2022-06-13T21:14:10.7619922+02:00" testType="13cdc9d9-ddb5-4fa4-a97d-d965ccfc6d4b" outcome="Passed" testListId="8c84fa94-04c1-424b-9868-57a2d4851a1d" relativeResultsDirectory="26bd8061-4dd6-4dcb-a1da-6629c6a6b004" />
    <UnitTestResult executionId="c0fc0218-dac7-43f7-b9fe-a015506505d8" testId="31700bf4-6510-c80b-a8c1-214e5c472432" testName="xUnitTestProject.CurrencyHelperTests.FormatToStringTest1000(price: 6676.5680544784145, expected: &quot;6676.57 zł&quot;)" computerName="DESKTOP-5URQ9PB" duration="00:00:00.0000043" startTime="2022-06-13T21:14:10.6955670+02:00" endTime="2022-06-13T21:14:10.6955671+02:00" testType="13cdc9d9-ddb5-4fa4-a97d-d965ccfc6d4b" outcome="Passed" testListId="8c84fa94-04c1-424b-9868-57a2d4851a1d" relativeResultsDirectory="c0fc0218-dac7-43f7-b9fe-a015506505d8" />
    <UnitTestResult executionId="dc6152ad-e64f-4eec-bfe3-d431b34aa6ec" testId="33b74559-764f-421e-252d-cd475c561f9a" testName="xUnitTestProject.CurrencyHelperTests.FormatToStringTest1000(price: 4715.320654313695, expected: &quot;4715.32 zł&quot;)" computerName="DESKTOP-5URQ9PB" duration="00:00:00.0000041" startTime="2022-06-13T21:14:10.7009411+02:00" endTime="2022-06-13T21:14:10.7009412+02:00" testType="13cdc9d9-ddb5-4fa4-a97d-d965ccfc6d4b" outcome="Passed" testListId="8c84fa94-04c1-424b-9868-57a2d4851a1d" relativeResultsDirectory="dc6152ad-e64f-4eec-bfe3-d431b34aa6ec" />
    <UnitTestResult executionId="e163cebb-18ae-4be0-a757-d6a02e5f2a12" testId="1c506770-d4ff-94e1-aa2e-f8d5ecc5a897" testName="xUnitTestProject.CurrencyHelperTests.FormatToStringTest1000(price: 45455.14554704127, expected: &quot;45455.15 zł&quot;)" computerName="DESKTOP-5URQ9PB" duration="00:00:00.0000044" startTime="2022-06-13T21:14:10.7000183+02:00" endTime="2022-06-13T21:14:10.7000185+02:00" testType="13cdc9d9-ddb5-4fa4-a97d-d965ccfc6d4b" outcome="Passed" testListId="8c84fa94-04c1-424b-9868-57a2d4851a1d" relativeResultsDirectory="e163cebb-18ae-4be0-a757-d6a02e5f2a12" />
    <UnitTestResult executionId="8011a42f-103f-40c1-b9fd-bacbe1bb045b" testId="4dd76fcc-f663-2688-f7a4-a439b3a5cf01" testName="xUnitTestProject.CurrencyHelperTests.FormatToStringTest1000(price: 38961.459057294516, expected: &quot;38961.46 zł&quot;)" computerName="DESKTOP-5URQ9PB" duration="00:00:00.0000040" startTime="2022-06-13T21:14:10.7366637+02:00" endTime="2022-06-13T21:14:10.7366638+02:00" testType="13cdc9d9-ddb5-4fa4-a97d-d965ccfc6d4b" outcome="Passed" testListId="8c84fa94-04c1-424b-9868-57a2d4851a1d" relativeResultsDirectory="8011a42f-103f-40c1-b9fd-bacbe1bb045b" />
    <UnitTestResult executionId="e566ae9b-66a4-4093-ab02-15b6f714c628" testId="5a63deb4-703f-d2ca-862c-112038163809" testName="xUnitTestProject.CurrencyHelperTests.FormatToStringTest1000(price: 25036.98767214035, expected: &quot;25036.99 zł&quot;)" computerName="DESKTOP-5URQ9PB" duration="00:00:00.0000046" startTime="2022-06-13T21:14:10.6967298+02:00" endTime="2022-06-13T21:14:10.6967300+02:00" testType="13cdc9d9-ddb5-4fa4-a97d-d965ccfc6d4b" outcome="Passed" testListId="8c84fa94-04c1-424b-9868-57a2d4851a1d" relativeResultsDirectory="e566ae9b-66a4-4093-ab02-15b6f714c628" />
    <UnitTestResult executionId="4574c901-cb3b-4d17-94c5-feeb21df7b6e" testId="2f5e415d-a063-a3ff-febb-2ffdc85ba98d" testName="xUnitTestProject.CurrencyHelperTests.FormatToStringTest1000(price: 31163.834562352316, expected: &quot;31163.83 zł&quot;)" computerName="DESKTOP-5URQ9PB" duration="00:00:00.0000071" startTime="2022-06-13T21:14:10.7450017+02:00" endTime="2022-06-13T21:14:10.7450018+02:00" testType="13cdc9d9-ddb5-4fa4-a97d-d965ccfc6d4b" outcome="Passed" testListId="8c84fa94-04c1-424b-9868-57a2d4851a1d" relativeResultsDirectory="4574c901-cb3b-4d17-94c5-feeb21df7b6e" />
    <UnitTestResult executionId="3bf0eda6-9b95-4d0a-a8d0-886513f7c53d" testId="dcb09ac3-545f-7b73-7b06-f7917ef6e79e" testName="xUnitTestProject.CurrencyHelperTests.FormatToStringTest1000(price: 25039.088753207627, expected: &quot;25039.09 zł&quot;)" computerName="DESKTOP-5URQ9PB" duration="00:00:00.0000043" startTime="2022-06-13T21:14:10.7304634+02:00" endTime="2022-06-13T21:14:10.7304636+02:00" testType="13cdc9d9-ddb5-4fa4-a97d-d965ccfc6d4b" outcome="Passed" testListId="8c84fa94-04c1-424b-9868-57a2d4851a1d" relativeResultsDirectory="3bf0eda6-9b95-4d0a-a8d0-886513f7c53d" />
    <UnitTestResult executionId="9d5554d3-a948-44bd-9528-5766116cf81c" testId="2af17ceb-e4a7-e57a-8e57-17ad33ae72e3" testName="xUnitTestProject.CurrencyHelperTests.FormatToStringTest1000(price: 22281.48592587257, expected: &quot;22281.49 zł&quot;)" computerName="DESKTOP-5URQ9PB" duration="00:00:00.0000041" startTime="2022-06-13T21:14:10.6851115+02:00" endTime="2022-06-13T21:14:10.6851117+02:00" testType="13cdc9d9-ddb5-4fa4-a97d-d965ccfc6d4b" outcome="Passed" testListId="8c84fa94-04c1-424b-9868-57a2d4851a1d" relativeResultsDirectory="9d5554d3-a948-44bd-9528-5766116cf81c" />
    <UnitTestResult executionId="001e4516-aa79-4324-9c29-3a11d8f190d9" testId="0df7d709-570d-9a2b-20b2-9824d27442ba" testName="xUnitTestProject.CurrencyHelperTests.FormatToStringTest1000(price: 54578.37303904275, expected: &quot;54578.37 zł&quot;)" computerName="DESKTOP-5URQ9PB" duration="00:00:00.0000076" startTime="2022-06-13T21:14:10.7705450+02:00" endTime="2022-06-13T21:14:10.7705451+02:00" testType="13cdc9d9-ddb5-4fa4-a97d-d965ccfc6d4b" outcome="Passed" testListId="8c84fa94-04c1-424b-9868-57a2d4851a1d" relativeResultsDirectory="001e4516-aa79-4324-9c29-3a11d8f190d9" />
    <UnitTestResult executionId="bb9aa181-b924-497d-81b5-1c2376833284" testId="24614531-2aef-39c0-ae03-729fa029c955" testName="xUnitTestProject.CurrencyHelperTests.FormatToStringTest1000(price: 78796.90433980194, expected: &quot;78796.90 zł&quot;)" computerName="DESKTOP-5URQ9PB" duration="00:00:00.0000041" startTime="2022-06-13T21:14:10.7316389+02:00" endTime="2022-06-13T21:14:10.7316391+02:00" testType="13cdc9d9-ddb5-4fa4-a97d-d965ccfc6d4b" outcome="Passed" testListId="8c84fa94-04c1-424b-9868-57a2d4851a1d" relativeResultsDirectory="bb9aa181-b924-497d-81b5-1c2376833284" />
    <UnitTestResult executionId="b9194559-f07a-4124-a57d-0a519acf66b5" testId="0c407008-912c-f5cf-415d-950e444e81e2" testName="xUnitTestProject.CurrencyHelperTests.FormatToStringTest1000(price: 58111.21259843521, expected: &quot;58111.21 zł&quot;)" computerName="DESKTOP-5URQ9PB" duration="00:00:00.0000041" startTime="2022-06-13T21:14:10.6861708+02:00" endTime="2022-06-13T21:14:10.6861710+02:00" testType="13cdc9d9-ddb5-4fa4-a97d-d965ccfc6d4b" outcome="Passed" testListId="8c84fa94-04c1-424b-9868-57a2d4851a1d" relativeResultsDirectory="b9194559-f07a-4124-a57d-0a519acf66b5" />
    <UnitTestResult executionId="85f3fb1b-74b2-4d5d-95a7-b55d8a832fe8" testId="4125f8c2-231a-89ba-d149-611a4ab9d212" testName="xUnitTestProject.CurrencyHelperTests.FormatToStringTest1000(price: 14459.57059750686, expected: &quot;14459.57 zł&quot;)" computerName="DESKTOP-5URQ9PB" duration="00:00:00.0000083" startTime="2022-06-13T21:14:10.7703905+02:00" endTime="2022-06-13T21:14:10.7703907+02:00" testType="13cdc9d9-ddb5-4fa4-a97d-d965ccfc6d4b" outcome="Passed" testListId="8c84fa94-04c1-424b-9868-57a2d4851a1d" relativeResultsDirectory="85f3fb1b-74b2-4d5d-95a7-b55d8a832fe8" />
    <UnitTestResult executionId="53d142e1-10b7-44e2-a9eb-1c3cb0f7ae84" testId="5fe9c184-b316-2ed8-da8c-d7dc0b588adb" testName="xUnitTestProject.CurrencyHelperTests.FormatToStringTest1000(price: 34458.5406463512, expected: &quot;34458.54 zł&quot;)" computerName="DESKTOP-5URQ9PB" duration="00:00:00.0000090" startTime="2022-06-13T21:14:10.7692597+02:00" endTime="2022-06-13T21:14:10.7692599+02:00" testType="13cdc9d9-ddb5-4fa4-a97d-d965ccfc6d4b" outcome="Passed" testListId="8c84fa94-04c1-424b-9868-57a2d4851a1d" relativeResultsDirectory="53d142e1-10b7-44e2-a9eb-1c3cb0f7ae84" />
    <UnitTestResult executionId="0da4694f-816a-414b-9b0d-de48e516a49a" testId="744b047e-9ee3-164d-c478-0183e3fd850c" testName="xUnitTestProject.CurrencyHelperTests.FormatToStringTest1000(price: 12610.563163818122, expected: &quot;12610.56 zł&quot;)" computerName="DESKTOP-5URQ9PB" duration="00:00:00.0000079" startTime="2022-06-13T21:14:10.7541248+02:00" endTime="2022-06-13T21:14:10.7541250+02:00" testType="13cdc9d9-ddb5-4fa4-a97d-d965ccfc6d4b" outcome="Passed" testListId="8c84fa94-04c1-424b-9868-57a2d4851a1d" relativeResultsDirectory="0da4694f-816a-414b-9b0d-de48e516a49a" />
    <UnitTestResult executionId="4ad3a942-523c-472e-b055-c3987fb7426e" testId="2059d141-cc28-3ec8-0e84-daba3f077644" testName="xUnitTestProject.CurrencyHelperTests.FormatToStringTest1000(price: 39146.892120180135, expected: &quot;39146.89 zł&quot;)" computerName="DESKTOP-5URQ9PB" duration="00:00:00.0000078" startTime="2022-06-13T21:14:10.7669856+02:00" endTime="2022-06-13T21:14:10.7669858+02:00" testType="13cdc9d9-ddb5-4fa4-a97d-d965ccfc6d4b" outcome="Passed" testListId="8c84fa94-04c1-424b-9868-57a2d4851a1d" relativeResultsDirectory="4ad3a942-523c-472e-b055-c3987fb7426e" />
    <UnitTestResult executionId="f22d2be6-bf22-4118-ab57-3117b7f0d277" testId="127fb78e-ed01-3534-55cd-9f963056d67f" testName="xUnitTestProject.CurrencyHelperTests.FormatToStringTest1000(price: 13855.30239352505, expected: &quot;13855.30 zł&quot;)" computerName="DESKTOP-5URQ9PB" duration="00:00:00.0000085" startTime="2022-06-13T21:14:10.7884636+02:00" endTime="2022-06-13T21:14:10.7884637+02:00" testType="13cdc9d9-ddb5-4fa4-a97d-d965ccfc6d4b" outcome="Passed" testListId="8c84fa94-04c1-424b-9868-57a2d4851a1d" relativeResultsDirectory="f22d2be6-bf22-4118-ab57-3117b7f0d277" />
    <UnitTestResult executionId="81ad58e8-872a-40a7-b5c7-dad1ba8e44f7" testId="4d20e584-0f2f-1ed1-3ddf-7516456e8aa4" testName="xUnitTestProject.CurrencyHelperTests.FormatToStringTest1000(price: 5840.747097845071, expected: &quot;5840.75 zł&quot;)" computerName="DESKTOP-5URQ9PB" duration="00:00:00.0000068" startTime="2022-06-13T21:14:10.7952839+02:00" endTime="2022-06-13T21:14:10.7952842+02:00" testType="13cdc9d9-ddb5-4fa4-a97d-d965ccfc6d4b" outcome="Passed" testListId="8c84fa94-04c1-424b-9868-57a2d4851a1d" relativeResultsDirectory="81ad58e8-872a-40a7-b5c7-dad1ba8e44f7" />
    <UnitTestResult executionId="ddce31a5-fe3a-4106-aef1-c29f5e486005" testId="82cc450a-0e9d-45d3-9478-f947af9d278f" testName="xUnitTestProject.CurrencyHelperTests.FormatToStringTest1000(price: 7715.904444139406, expected: &quot;7715.90 zł&quot;)" computerName="DESKTOP-5URQ9PB" duration="00:00:00.0000041" startTime="2022-06-13T21:14:10.7283037+02:00" endTime="2022-06-13T21:14:10.7283039+02:00" testType="13cdc9d9-ddb5-4fa4-a97d-d965ccfc6d4b" outcome="Passed" testListId="8c84fa94-04c1-424b-9868-57a2d4851a1d" relativeResultsDirectory="ddce31a5-fe3a-4106-aef1-c29f5e486005" />
    <UnitTestResult executionId="a728d042-5b38-4363-a9fc-a4a1c0b609f3" testId="f6a49bae-16a9-096b-f816-1c54e1a6b8b7" testName="xUnitTestProject.CurrencyHelperTests.FormatToStringTest1000(price: 37589.670531794276, expected: &quot;37589.67 zł&quot;)" computerName="DESKTOP-5URQ9PB" duration="00:00:00.0000043" startTime="2022-06-13T21:14:10.7049252+02:00" endTime="2022-06-13T21:14:10.7049254+02:00" testType="13cdc9d9-ddb5-4fa4-a97d-d965ccfc6d4b" outcome="Passed" testListId="8c84fa94-04c1-424b-9868-57a2d4851a1d" relativeResultsDirectory="a728d042-5b38-4363-a9fc-a4a1c0b609f3" />
    <UnitTestResult executionId="18271d00-6961-421c-b7e3-ff2162cfe0c4" testId="fa34dc68-0a28-d88d-9f8e-755de73cf02d" testName="xUnitTestProject.CurrencyHelperTests.FormatToStringTest1000(price: 41915.7945284563, expected: &quot;41915.79 zł&quot;)" computerName="DESKTOP-5URQ9PB" duration="00:00:00.0000056" startTime="2022-06-13T21:14:10.7954656+02:00" endTime="2022-06-13T21:14:10.7954658+02:00" testType="13cdc9d9-ddb5-4fa4-a97d-d965ccfc6d4b" outcome="Passed" testListId="8c84fa94-04c1-424b-9868-57a2d4851a1d" relativeResultsDirectory="18271d00-6961-421c-b7e3-ff2162cfe0c4" />
    <UnitTestResult executionId="2f1ce200-d8ac-4fcf-965a-0d2723c78663" testId="f34d9844-3970-87ba-1a6d-f7c3b662af09" testName="xUnitTestProject.CurrencyHelperTests.FormatToStringTest1000(price: 10227.532692039169, expected: &quot;10227.53 zł&quot;)" computerName="DESKTOP-5URQ9PB" duration="00:00:00.0000041" startTime="2022-06-13T21:14:10.6936065+02:00" endTime="2022-06-13T21:14:10.6936066+02:00" testType="13cdc9d9-ddb5-4fa4-a97d-d965ccfc6d4b" outcome="Passed" testListId="8c84fa94-04c1-424b-9868-57a2d4851a1d" relativeResultsDirectory="2f1ce200-d8ac-4fcf-965a-0d2723c78663" />
    <UnitTestResult executionId="a3a52c6c-aaa0-4d8c-9eff-a57f3f6e390d" testId="20029a95-caa6-71d7-8434-4467fe9b8732" testName="xUnitTestProject.CurrencyHelperTests.FormatToStringTest1000(price: 43799.04472166535, expected: &quot;43799.04 zł&quot;)" computerName="DESKTOP-5URQ9PB" duration="00:00:00.0000045" startTime="2022-06-13T21:14:10.6807875+02:00" endTime="2022-06-13T21:14:10.6807877+02:00" testType="13cdc9d9-ddb5-4fa4-a97d-d965ccfc6d4b" outcome="Passed" testListId="8c84fa94-04c1-424b-9868-57a2d4851a1d" relativeResultsDirectory="a3a52c6c-aaa0-4d8c-9eff-a57f3f6e390d" />
    <UnitTestResult executionId="6dc3c4b5-a451-44cb-8463-9d8d84e0f4cb" testId="fe5f39e6-4cd0-a90c-3fd0-4ec94c3771bb" testName="xUnitTestProject.CurrencyHelperTests.FormatToStringTest1000(price: 57671.67669738675, expected: &quot;57671.68 zł&quot;)" computerName="DESKTOP-5URQ9PB" duration="00:00:00.0000083" startTime="2022-06-13T21:14:10.7716057+02:00" endTime="2022-06-13T21:14:10.7716058+02:00" testType="13cdc9d9-ddb5-4fa4-a97d-d965ccfc6d4b" outcome="Passed" testListId="8c84fa94-04c1-424b-9868-57a2d4851a1d" relativeResultsDirectory="6dc3c4b5-a451-44cb-8463-9d8d84e0f4cb" />
    <UnitTestResult executionId="e747742c-af34-43fd-b5f9-80a797637e01" testId="0d6018bc-c4c3-ac7c-618e-ae3024a5dbea" testName="xUnitTestProject.CurrencyHelperTests.FormatToStringTest1000(price: 6220.182014914314, expected: &quot;6220.18 zł&quot;)" computerName="DESKTOP-5URQ9PB" duration="00:00:00.0000083" startTime="2022-06-13T21:14:10.7743768+02:00" endTime="2022-06-13T21:14:10.7743770+02:00" testType="13cdc9d9-ddb5-4fa4-a97d-d965ccfc6d4b" outcome="Passed" testListId="8c84fa94-04c1-424b-9868-57a2d4851a1d" relativeResultsDirectory="e747742c-af34-43fd-b5f9-80a797637e01" />
    <UnitTestResult executionId="c0393031-1148-4a04-a603-d7e7a80efbe2" testId="c74f6017-9eb9-5854-4b62-c26b4cabe787" testName="xUnitTestProject.CurrencyHelperTests.FormatToStringTest1000(price: 49416.285282306504, expected: &quot;49416.29 zł&quot;)" computerName="DESKTOP-5URQ9PB" duration="00:00:00.0000062" startTime="2022-06-13T21:14:10.6913692+02:00" endTime="2022-06-13T21:14:10.6913693+02:00" testType="13cdc9d9-ddb5-4fa4-a97d-d965ccfc6d4b" outcome="Passed" testListId="8c84fa94-04c1-424b-9868-57a2d4851a1d" relativeResultsDirectory="c0393031-1148-4a04-a603-d7e7a80efbe2" />
    <UnitTestResult executionId="929079a9-ac8f-478f-9857-e89f90edd788" testId="6a1a0675-fdd2-69ea-ed07-cd8b45ca5094" testName="xUnitTestProject.CurrencyHelperTests.FormatToStringTest1000(price: 24825.207513729205, expected: &quot;24825.21 zł&quot;)" computerName="DESKTOP-5URQ9PB" duration="00:00:00.0000043" startTime="2022-06-13T21:14:10.7390251+02:00" endTime="2022-06-13T21:14:10.7390253+02:00" testType="13cdc9d9-ddb5-4fa4-a97d-d965ccfc6d4b" outcome="Passed" testListId="8c84fa94-04c1-424b-9868-57a2d4851a1d" relativeResultsDirectory="929079a9-ac8f-478f-9857-e89f90edd788" />
    <UnitTestResult executionId="6860731c-b82c-49a4-bbad-a1a054bbc813" testId="76d85170-85b2-a48f-102e-aa9420de3580" testName="xUnitTestProject.CurrencyHelperTests.FormatToStringTest1000(price: 643.3550376181281, expected: &quot;643.36 zł&quot;)" computerName="DESKTOP-5URQ9PB" duration="00:00:00.0000041" startTime="2022-06-13T21:14:10.7138384+02:00" endTime="2022-06-13T21:14:10.7138385+02:00" testType="13cdc9d9-ddb5-4fa4-a97d-d965ccfc6d4b" outcome="Passed" testListId="8c84fa94-04c1-424b-9868-57a2d4851a1d" relativeResultsDirectory="6860731c-b82c-49a4-bbad-a1a054bbc813" />
    <UnitTestResult executionId="a402a0a1-4949-4d50-85cf-d3476982f58e" testId="d674a2b2-91f4-595f-2a5d-e8f6a4053ca1" testName="xUnitTestProject.CurrencyHelperTests.FormatToStringTest1000(price: 8851.904041135638, expected: &quot;8851.90 zł&quot;)" computerName="DESKTOP-5URQ9PB" duration="00:00:00.0000063" startTime="2022-06-13T21:14:10.7659265+02:00" endTime="2022-06-13T21:14:10.7659267+02:00" testType="13cdc9d9-ddb5-4fa4-a97d-d965ccfc6d4b" outcome="Passed" testListId="8c84fa94-04c1-424b-9868-57a2d4851a1d" relativeResultsDirectory="a402a0a1-4949-4d50-85cf-d3476982f58e" />
    <UnitTestResult executionId="881ec73b-e8f1-435b-b820-4e5d89147f30" testId="7729c68a-38c8-f8ce-da09-5022e186685c" testName="xUnitTestProject.CurrencyHelperTests.FormatToStringTest1000(price: 79.6815319544084, expected: &quot;79.68 zł&quot;)" computerName="DESKTOP-5URQ9PB" duration="00:00:00.0000040" startTime="2022-06-13T21:14:10.7157598+02:00" endTime="2022-06-13T21:14:10.7157599+02:00" testType="13cdc9d9-ddb5-4fa4-a97d-d965ccfc6d4b" outcome="Passed" testListId="8c84fa94-04c1-424b-9868-57a2d4851a1d" relativeResultsDirectory="881ec73b-e8f1-435b-b820-4e5d89147f30" />
    <UnitTestResult executionId="99bebff3-4f08-4374-a512-5c4588d6d7d0" testId="9b9cb762-c5b9-fbcf-33f7-2ca2d3e98b42" testName="xUnitTestProject.CurrencyHelperTests.FormatToStringTest1000(price: 75162.39407669863, expected: &quot;75162.39 zł&quot;)" computerName="DESKTOP-5URQ9PB" duration="00:00:00.0000043" startTime="2022-06-13T21:14:10.7236331+02:00" endTime="2022-06-13T21:14:10.7236332+02:00" testType="13cdc9d9-ddb5-4fa4-a97d-d965ccfc6d4b" outcome="Passed" testListId="8c84fa94-04c1-424b-9868-57a2d4851a1d" relativeResultsDirectory="99bebff3-4f08-4374-a512-5c4588d6d7d0" />
    <UnitTestResult executionId="4a46f44a-a72e-44ff-b50a-62ac094639f2" testId="d14fe452-c75b-8f8a-1e11-a88113e31ccc" testName="xUnitTestProject.CurrencyHelperTests.FormatToStringTest1000(price: 40913.016669489916, expected: &quot;40913.02 zł&quot;)" computerName="DESKTOP-5URQ9PB" duration="00:00:00.0000045" startTime="2022-06-13T21:14:10.7138971+02:00" endTime="2022-06-13T21:14:10.7138973+02:00" testType="13cdc9d9-ddb5-4fa4-a97d-d965ccfc6d4b" outcome="Passed" testListId="8c84fa94-04c1-424b-9868-57a2d4851a1d" relativeResultsDirectory="4a46f44a-a72e-44ff-b50a-62ac094639f2" />
    <UnitTestResult executionId="2220b9f6-fe10-467e-aba6-eea2934bdec6" testId="a75df869-b8ee-c89b-7cd3-025e83911294" testName="xUnitTestProject.CurrencyHelperTests.FormatToStringTest1000(price: 69864.17463991146, expected: &quot;69864.17 zł&quot;)" computerName="DESKTOP-5URQ9PB" duration="00:00:00.0000044" startTime="2022-06-13T21:14:10.6828923+02:00" endTime="2022-06-13T21:14:10.6828924+02:00" testType="13cdc9d9-ddb5-4fa4-a97d-d965ccfc6d4b" outcome="Passed" testListId="8c84fa94-04c1-424b-9868-57a2d4851a1d" relativeResultsDirectory="2220b9f6-fe10-467e-aba6-eea2934bdec6" />
    <UnitTestResult executionId="92c048d8-f022-41b1-9953-a078629c25aa" testId="b6d907a4-489e-cb15-8555-a5c35fcc0ce1" testName="xUnitTestProject.CurrencyHelperTests.FormatToStringTest1000(price: 32732.81915128502, expected: &quot;32732.82 zł&quot;)" computerName="DESKTOP-5URQ9PB" duration="00:00:00.0000065" startTime="2022-06-13T21:14:10.7784786+02:00" endTime="2022-06-13T21:14:10.7784787+02:00" testType="13cdc9d9-ddb5-4fa4-a97d-d965ccfc6d4b" outcome="Passed" testListId="8c84fa94-04c1-424b-9868-57a2d4851a1d" relativeResultsDirectory="92c048d8-f022-41b1-9953-a078629c25aa" />
    <UnitTestResult executionId="f9ce7fda-65b2-4eb3-bfc4-4d3731ba8bf8" testId="9f966096-1641-bf42-1320-e9f57c98ec2f" testName="xUnitTestProject.CurrencyHelperTests.FormatToStringTest1000(price: 67338.80028760935, expected: &quot;67338.80 zł&quot;)" computerName="DESKTOP-5URQ9PB" duration="00:00:00.0000047" startTime="2022-06-13T21:14:10.7018175+02:00" endTime="2022-06-13T21:14:10.7018176+02:00" testType="13cdc9d9-ddb5-4fa4-a97d-d965ccfc6d4b" outcome="Passed" testListId="8c84fa94-04c1-424b-9868-57a2d4851a1d" relativeResultsDirectory="f9ce7fda-65b2-4eb3-bfc4-4d3731ba8bf8" />
    <UnitTestResult executionId="2a484286-daae-4752-8056-34c380e6f28a" testId="ba7d1414-f471-8c90-0af7-54df538160f7" testName="xUnitTestProject.CurrencyHelperTests.FormatToStringTest1000(price: 24646.322657574587, expected: &quot;24646.32 zł&quot;)" computerName="DESKTOP-5URQ9PB" duration="00:00:00.0000041" startTime="2022-06-13T21:14:10.7205734+02:00" endTime="2022-06-13T21:14:10.7205738+02:00" testType="13cdc9d9-ddb5-4fa4-a97d-d965ccfc6d4b" outcome="Passed" testListId="8c84fa94-04c1-424b-9868-57a2d4851a1d" relativeResultsDirectory="2a484286-daae-4752-8056-34c380e6f28a" />
    <UnitTestResult executionId="9f65c0d0-ff5d-434f-b0b3-a6beb431ac8b" testId="d9756703-fed3-1fb8-7195-5dae810af3cf" testName="xUnitTestProject.CurrencyHelperTests.FormatToStringTest1000(price: 2346.9964869427477, expected: &quot;2347.00 zł&quot;)" computerName="DESKTOP-5URQ9PB" duration="00:00:00.0000041" startTime="2022-06-13T21:14:10.7225525+02:00" endTime="2022-06-13T21:14:10.7225529+02:00" testType="13cdc9d9-ddb5-4fa4-a97d-d965ccfc6d4b" outcome="Passed" testListId="8c84fa94-04c1-424b-9868-57a2d4851a1d" relativeResultsDirectory="9f65c0d0-ff5d-434f-b0b3-a6beb431ac8b" />
    <UnitTestResult executionId="e64a8382-f881-4de6-a2e4-71063c4407d4" testId="4637cc44-56b0-2010-e4d2-4d7d6320ef09" testName="xUnitTestProject.CurrencyHelperTests.FormatToStringTest1000(price: 46391.661094229516, expected: &quot;46391.66 zł&quot;)" computerName="DESKTOP-5URQ9PB" duration="00:00:00.0000056" startTime="2022-06-13T21:14:10.8002728+02:00" endTime="2022-06-13T21:14:10.8002729+02:00" testType="13cdc9d9-ddb5-4fa4-a97d-d965ccfc6d4b" outcome="Passed" testListId="8c84fa94-04c1-424b-9868-57a2d4851a1d" relativeResultsDirectory="e64a8382-f881-4de6-a2e4-71063c4407d4" />
    <UnitTestResult executionId="ec97ade3-3cb5-4124-b2d5-5ea56d5d48ca" testId="71aa02e1-e075-142b-97e5-961b91ee4f3d" testName="xUnitTestProject.CurrencyHelperTests.FormatToStringTest1000(price: 1313.0279238368514, expected: &quot;1313.03 zł&quot;)" computerName="DESKTOP-5URQ9PB" duration="00:00:00.0000041" startTime="2022-06-13T21:14:10.7280254+02:00" endTime="2022-06-13T21:14:10.7280255+02:00" testType="13cdc9d9-ddb5-4fa4-a97d-d965ccfc6d4b" outcome="Passed" testListId="8c84fa94-04c1-424b-9868-57a2d4851a1d" relativeResultsDirectory="ec97ade3-3cb5-4124-b2d5-5ea56d5d48ca" />
    <UnitTestResult executionId="dae5ca95-d789-4026-bcf4-541105e90149" testId="79a853ed-d140-e6d5-86c3-6423b904d524" testName="xUnitTestProject.CurrencyHelperTests.FormatToStringTest1000(price: 22604.838218828587, expected: &quot;22604.84 zł&quot;)" computerName="DESKTOP-5URQ9PB" duration="00:00:00.0000066" startTime="2022-06-13T21:14:10.8002426+02:00" endTime="2022-06-13T21:14:10.8002427+02:00" testType="13cdc9d9-ddb5-4fa4-a97d-d965ccfc6d4b" outcome="Passed" testListId="8c84fa94-04c1-424b-9868-57a2d4851a1d" relativeResultsDirectory="dae5ca95-d789-4026-bcf4-541105e90149" />
    <UnitTestResult executionId="a3c93750-834e-4189-9336-fa294145e787" testId="12d96651-40d0-5499-9770-bf08435d63fc" testName="xUnitTestProject.CurrencyHelperTests.FormatToStringTest1000(price: 13402.882692040355, expected: &quot;13402.88 zł&quot;)" computerName="DESKTOP-5URQ9PB" duration="00:00:00.0000080" startTime="2022-06-13T21:14:10.7854859+02:00" endTime="2022-06-13T21:14:10.7854860+02:00" testType="13cdc9d9-ddb5-4fa4-a97d-d965ccfc6d4b" outcome="Passed" testListId="8c84fa94-04c1-424b-9868-57a2d4851a1d" relativeResultsDirectory="a3c93750-834e-4189-9336-fa294145e787" />
    <UnitTestResult executionId="9926a5bd-a4a2-4384-b44b-04604694f70d" testId="fd8ab50a-6120-2a06-7ebd-aae621104cec" testName="xUnitTestProject.CurrencyHelperTests.FormatToStringTest1000(price: 75987.03378503352, expected: &quot;75987.03 zł&quot;)" computerName="DESKTOP-5URQ9PB" duration="00:00:00.0000043" startTime="2022-06-13T21:14:10.7008512+02:00" endTime="2022-06-13T21:14:10.7008513+02:00" testType="13cdc9d9-ddb5-4fa4-a97d-d965ccfc6d4b" outcome="Passed" testListId="8c84fa94-04c1-424b-9868-57a2d4851a1d" relativeResultsDirectory="9926a5bd-a4a2-4384-b44b-04604694f70d" />
    <UnitTestResult executionId="4a4a550e-7b09-43d8-96a6-734eb2d9fc45" testId="73bcea4a-0bf6-aaca-b16b-8e4d59f9059e" testName="xUnitTestProject.CurrencyHelperTests.FormatToStringTest1000(price: 6946.333318357977, expected: &quot;6946.33 zł&quot;)" computerName="DESKTOP-5URQ9PB" duration="00:00:00.0000043" startTime="2022-06-13T21:14:10.7147597+02:00" endTime="2022-06-13T21:14:10.7147598+02:00" testType="13cdc9d9-ddb5-4fa4-a97d-d965ccfc6d4b" outcome="Passed" testListId="8c84fa94-04c1-424b-9868-57a2d4851a1d" relativeResultsDirectory="4a4a550e-7b09-43d8-96a6-734eb2d9fc45" />
  </Results>
  <TestDefinitions>
    <UnitTest name="xUnitTestProject.CurrencyHelperTests.FormatToStringTest1000(price: 33970.38965150639, expected: &quot;33970.39 zł&quot;)" storage="c:\projekty\xunittestproject\bin\debug\netcoreapp3.1\xunittestproject.dll" id="1c4368b6-2172-3b52-0d12-0d33b2fcef8b">
      <Execution id="3ad989cb-66d0-4e73-9271-4806b7c46cb4" />
      <TestMethod codeBase="C:\Projekty\xUnitTestProject\bin\Debug\netcoreapp3.1\xUnitTestProject.dll" adapterTypeName="executor://xunit/VsTestRunner2/netcoreapp" className="xUnitTestProject.CurrencyHelperTests" name="FormatToStringTest1000" />
    </UnitTest>
    <UnitTest name="xUnitTestProject.CurrencyHelperTests.FormatToStringTest1000(price: 73372.53853826903, expected: &quot;73372.54 zł&quot;)" storage="c:\projekty\xunittestproject\bin\debug\netcoreapp3.1\xunittestproject.dll" id="5b7cf016-7948-5d44-c172-ab04f16e1bd2">
      <Execution id="4ebb4fcb-dbc9-438a-a554-4abe5eccd978" />
      <TestMethod codeBase="C:\Projekty\xUnitTestProject\bin\Debug\netcoreapp3.1\xUnitTestProject.dll" adapterTypeName="executor://xunit/VsTestRunner2/netcoreapp" className="xUnitTestProject.CurrencyHelperTests" name="FormatToStringTest1000" />
    </UnitTest>
    <UnitTest name="xUnitTestProject.CurrencyHelperTests.FormatToStringTest1000(price: 35905.47425787219, expected: &quot;35905.47 zł&quot;)" storage="c:\projekty\xunittestproject\bin\debug\netcoreapp3.1\xunittestproject.dll" id="f3b15f6b-f00d-4e6c-f3c3-26bd7741dc5d">
      <Execution id="9ef37c68-e2d3-43ab-95f6-4da61306c998" />
      <TestMethod codeBase="C:\Projekty\xUnitTestProject\bin\Debug\netcoreapp3.1\xUnitTestProject.dll" adapterTypeName="executor://xunit/VsTestRunner2/netcoreapp" className="xUnitTestProject.CurrencyHelperTests" name="FormatToStringTest1000" />
    </UnitTest>
    <UnitTest name="xUnitTestProject.CurrencyHelperTests.FormatToStringTest1000(price: 22678.643495744862, expected: &quot;22678.64 zł&quot;)" storage="c:\projekty\xunittestproject\bin\debug\netcoreapp3.1\xunittestproject.dll" id="302cac3a-acd8-63e7-21fb-e5689524a492">
      <Execution id="18d70929-2280-44d7-a52f-0383496e46a0" />
      <TestMethod codeBase="C:\Projekty\xUnitTestProject\bin\Debug\netcoreapp3.1\xUnitTestProject.dll" adapterTypeName="executor://xunit/VsTestRunner2/netcoreapp" className="xUnitTestProject.CurrencyHelperTests" name="FormatToStringTest1000" />
    </UnitTest>
    <UnitTest name="xUnitTestProject.CurrencyHelperTests.FormatToStringTest1000(price: 17031.365705376662, expected: &quot;17031.37 zł&quot;)" storage="c:\projekty\xunittestproject\bin\debug\netcoreapp3.1\xunittestproject.dll" id="54bc6f9e-1b35-cac3-f6ab-e594cab0fa7a">
      <Execution id="54cc08c8-6316-4364-afba-72063e8a9190" />
      <TestMethod codeBase="C:\Projekty\xUnitTestProject\bin\Debug\netcoreapp3.1\xUnitTestProject.dll" adapterTypeName="executor://xunit/VsTestRunner2/netcoreapp" className="xUnitTestProject.CurrencyHelperTests" name="FormatToStringTest1000" />
    </UnitTest>
    <UnitTest name="xUnitTestProject.CurrencyHelperTests.FormatToStringTest1000(price: 8514.837538072763, expected: &quot;8514.84 zł&quot;)" storage="c:\projekty\xunittestproject\bin\debug\netcoreapp3.1\xunittestproject.dll" id="da0fbf47-7a8c-b3ea-d30a-c0e3a737ca5d">
      <Execution id="d7ef330b-e73f-49a8-a092-1ad1f96df811" />
      <TestMethod codeBase="C:\Projekty\xUnitTestProject\bin\Debug\netcoreapp3.1\xUnitTestProject.dll" adapterTypeName="executor://xunit/VsTestRunner2/netcoreapp" className="xUnitTestProject.CurrencyHelperTests" name="FormatToStringTest1000" />
    </UnitTest>
    <UnitTest name="xUnitTestProject.CurrencyHelperTests.FormatToStringTest1000(price: 78519.41691976106, expected: &quot;78519.42 zł&quot;)" storage="c:\projekty\xunittestproject\bin\debug\netcoreapp3.1\xunittestproject.dll" id="ab648c32-5363-622c-e305-880f5c60d7ae">
      <Execution id="1d5c586d-4d3c-432d-b9f5-d1ec5fd1b69f" />
      <TestMethod codeBase="C:\Projekty\xUnitTestProject\bin\Debug\netcoreapp3.1\xUnitTestProject.dll" adapterTypeName="executor://xunit/VsTestRunner2/netcoreapp" className="xUnitTestProject.CurrencyHelperTests" name="FormatToStringTest1000" />
    </UnitTest>
    <UnitTest name="xUnitTestProject.CurrencyHelperTests.FormatToStringTest1000(price: 55457.96873490278, expected: &quot;55457.97 zł&quot;)" storage="c:\projekty\xunittestproject\bin\debug\netcoreapp3.1\xunittestproject.dll" id="adafe729-87a5-6f47-8e2f-84195056d442">
      <Execution id="f801e626-b2bd-458e-aa8d-350e8c3bdd04" />
      <TestMethod codeBase="C:\Projekty\xUnitTestProject\bin\Debug\netcoreapp3.1\xUnitTestProject.dll" adapterTypeName="executor://xunit/VsTestRunner2/netcoreapp" className="xUnitTestProject.CurrencyHelperTests" name="FormatToStringTest1000" />
    </UnitTest>
    <UnitTest name="xUnitTestProject.CurrencyHelperTests.FormatToStringTest1000(price: 4525.609305084501, expected: &quot;4525.61 zł&quot;)" storage="c:\projekty\xunittestproject\bin\debug\netcoreapp3.1\xunittestproject.dll" id="2a1ae3da-2a49-9688-92eb-6a1bc6d0cf01">
      <Execution id="dd291739-17c3-4376-b2ee-5cb280dd9f33" />
      <TestMethod codeBase="C:\Projekty\xUnitTestProject\bin\Debug\netcoreapp3.1\xUnitTestProject.dll" adapterTypeName="executor://xunit/VsTestRunner2/netcoreapp" className="xUnitTestProject.CurrencyHelperTests" name="FormatToStringTest1000" />
    </UnitTest>
    <UnitTest name="xUnitTestProject.CurrencyHelperTests.FormatToStringTest1000(price: 5957.42161879941, expected: &quot;5957.42 zł&quot;)" storage="c:\projekty\xunittestproject\bin\debug\netcoreapp3.1\xunittestproject.dll" id="38b02068-987c-3dd3-28cd-9a07df85e95b">
      <Execution id="cab732f5-12f6-4caa-8b8b-bd61a2c0bdbf" />
      <TestMethod codeBase="C:\Projekty\xUnitTestProject\bin\Debug\netcoreapp3.1\xUnitTestProject.dll" adapterTypeName="executor://xunit/VsTestRunner2/netcoreapp" className="xUnitTestProject.CurrencyHelperTests" name="FormatToStringTest1000" />
    </UnitTest>
    <UnitTest name="xUnitTestProject.CurrencyHelperTests.FormatToStringTest1000(price: 37614.50159416278, expected: &quot;37614.50 zł&quot;)" storage="c:\projekty\xunittestproject\bin\debug\netcoreapp3.1\xunittestproject.dll" id="5b76fee7-881d-69f4-bb6e-50523ab527c9">
      <Execution id="dfc7c893-6cfe-47c5-b160-315489e63ba5" />
      <TestMethod codeBase="C:\Projekty\xUnitTestProject\bin\Debug\netcoreapp3.1\xUnitTestProject.dll" adapterTypeName="executor://xunit/VsTestRunner2/netcoreapp" className="xUnitTestProject.CurrencyHelperTests" name="FormatToStringTest1000" />
    </UnitTest>
    <UnitTest name="xUnitTestProject.CurrencyHelperTests.FormatToStringTest1000(price: 28455.229970996843, expected: &quot;28455.23 zł&quot;)" storage="c:\projekty\xunittestproject\bin\debug\netcoreapp3.1\xunittestproject.dll" id="cd41d103-9666-3d37-803b-9b59446c01c4">
      <Execution id="339bd6af-2ba5-4aab-850d-7f7137a65291" />
      <TestMethod codeBase="C:\Projekty\xUnitTestProject\bin\Debug\netcoreapp3.1\xUnitTestProject.dll" adapterTypeName="executor://xunit/VsTestRunner2/netcoreapp" className="xUnitTestProject.CurrencyHelperTests" name="FormatToStringTest1000" />
    </UnitTest>
    <UnitTest name="xUnitTestProject.CurrencyHelperTests.FormatToStringTest1000(price: 44499.288016808816, expected: &quot;44499.29 zł&quot;)" storage="c:\projekty\xunittestproject\bin\debug\netcoreapp3.1\xunittestproject.dll" id="0eee54e7-397f-944e-60ad-576b256307cf">
      <Execution id="ac647e38-ba52-4965-88b7-e6be041e2d1a" />
      <TestMethod codeBase="C:\Projekty\xUnitTestProject\bin\Debug\netcoreapp3.1\xUnitTestProject.dll" adapterTypeName="executor://xunit/VsTestRunner2/netcoreapp" className="xUnitTestProject.CurrencyHelperTests" name="FormatToStringTest1000" />
    </UnitTest>
    <UnitTest name="xUnitTestProject.CurrencyHelperTests.FormatToStringTest1000(price: 2292.8331871111104, expected: &quot;2292.83 zł&quot;)" storage="c:\projekty\xunittestproject\bin\debug\netcoreapp3.1\xunittestproject.dll" id="a90d1942-15f1-e50c-e63d-254e34e99bf5">
      <Execution id="08eaf136-8173-4bc7-b031-9c29606af626" />
      <TestMethod codeBase="C:\Projekty\xUnitTestProject\bin\Debug\netcoreapp3.1\xUnitTestProject.dll" adapterTypeName="executor://xunit/VsTestRunner2/netcoreapp" className="xUnitTestProject.CurrencyHelperTests" name="FormatToStringTest1000" />
    </UnitTest>
    <UnitTest name="xUnitTestProject.CurrencyHelperTests.FormatToStringTest1000(price: 6676.5680544784145, expected: &quot;6676.57 zł&quot;)" storage="c:\projekty\xunittestproject\bin\debug\netcoreapp3.1\xunittestproject.dll" id="31700bf4-6510-c80b-a8c1-214e5c472432">
      <Execution id="c0fc0218-dac7-43f7-b9fe-a015506505d8" />
      <TestMethod codeBase="C:\Projekty\xUnitTestProject\bin\Debug\netcoreapp3.1\xUnitTestProject.dll" adapterTypeName="executor://xunit/VsTestRunner2/netcoreapp" className="xUnitTestProject.CurrencyHelperTests" name="FormatToStringTest1000" />
    </UnitTest>
    <UnitTest name="xUnitTestProject.CurrencyHelperTests.FormatToStringTest1000(price: 26015.8311952552, expected: &quot;26015.83 zł&quot;)" storage="c:\projekty\xunittestproject\bin\debug\netcoreapp3.1\xunittestproject.dll" id="4fc181f0-ada2-9ab6-d52d-1988c5ebde7a">
      <Execution id="982c8afb-5910-4320-ade5-5bb3b860f8cc" />
      <TestMethod codeBase="C:\Projekty\xUnitTestProject\bin\Debug\netcoreapp3.1\xUnitTestProject.dll" adapterTypeName="executor://xunit/VsTestRunner2/netcoreapp" className="xUnitTestProject.CurrencyHelperTests" name="FormatToStringTest1000" />
    </UnitTest>
    <UnitTest name="xUnitTestProject.CurrencyHelperTests.FormatToStringTest1000(price: 16388.556189478633, expected: &quot;16388.56 zł&quot;)" storage="c:\projekty\xunittestproject\bin\debug\netcoreapp3.1\xunittestproject.dll" id="dbe8f5eb-581b-1146-9a97-1f79fbc0650a">
      <Execution id="544b9af9-a93b-41ed-8767-046b4594ed8f" />
      <TestMethod codeBase="C:\Projekty\xUnitTestProject\bin\Debug\netcoreapp3.1\xUnitTestProject.dll" adapterTypeName="executor://xunit/VsTestRunner2/netcoreapp" className="xUnitTestProject.CurrencyHelperTests" name="FormatToStringTest1000" />
    </UnitTest>
    <UnitTest name="xUnitTestProject.CurrencyHelperTests.FormatToStringTest1000(price: 20640.678251201603, expected: &quot;20640.68 zł&quot;)" storage="c:\projekty\xunittestproject\bin\debug\netcoreapp3.1\xunittestproject.dll" id="244b13a7-ff72-5a50-f054-4ff8ceb0d499">
      <Execution id="80b16caa-46f2-40c3-8cb4-8ef5804fe579" />
      <TestMethod codeBase="C:\Projekty\xUnitTestProject\bin\Debug\netcoreapp3.1\xUnitTestProject.dll" adapterTypeName="executor://xunit/VsTestRunner2/netcoreapp" className="xUnitTestProject.CurrencyHelperTests" name="FormatToStringTest1000" />
    </UnitTest>
    <UnitTest name="xUnitTestProject.CurrencyHelperTests.FormatToStringTest1000(price: 3270.482477338743, expected: &quot;3270.48 zł&quot;)" storage="c:\projekty\xunittestproject\bin\debug\netcoreapp3.1\xunittestproject.dll" id="c25f3e77-3d72-0513-001e-286d17e294f3">
      <Execution id="695290b1-7a4b-476a-b7ed-4bbb91ef86d7" />
      <TestMethod codeBase="C:\Projekty\xUnitTestProject\bin\Debug\netcoreapp3.1\xUnitTestProject.dll" adapterTypeName="executor://xunit/VsTestRunner2/netcoreapp" className="xUnitTestProject.CurrencyHelperTests" name="FormatToStringTest1000" />
    </UnitTest>
    <UnitTest name="xUnitTestProject.CurrencyHelperTests.FormatToStringTest1000(price: 30383.303633991305, expected: &quot;30383.30 zł&quot;)" storage="c:\projekty\xunittestproject\bin\debug\netcoreapp3.1\xunittestproject.dll" id="324dfaf0-1df1-16d9-feec-f79f54001411">
      <Execution id="860c211e-3557-4e63-b524-ac93d6a79695" />
      <TestMethod codeBase="C:\Projekty\xUnitTestProject\bin\Debug\netcoreapp3.1\xUnitTestProject.dll" adapterTypeName="executor://xunit/VsTestRunner2/netcoreapp" className="xUnitTestProject.CurrencyHelperTests" name="FormatToStringTest1000" />
    </UnitTest>
    <UnitTest name="xUnitTestProject.CurrencyHelperTests.FormatToStringTest1000(price: 16416.109736457518, expected: &quot;16416.11 zł&quot;)" storage="c:\projekty\xunittestproject\bin\debug\netcoreapp3.1\xunittestproject.dll" id="954162af-ab17-e8a9-4ff5-8c9d29069f15">
      <Execution id="0dd69f47-bfba-44c0-a73b-1507771171a2" />
      <TestMethod codeBase="C:\Projekty\xUnitTestProject\bin\Debug\netcoreapp3.1\xUnitTestProject.dll" adapterTypeName="executor://xunit/VsTestRunner2/netcoreapp" className="xUnitTestProject.CurrencyHelperTests" name="FormatToStringTest1000" />
    </UnitTest>
    <UnitTest name="xUnitTestProject.CurrencyHelperTests.FormatToStringTest1000(price: 19933.78650940945, expected: &quot;19933.79 zł&quot;)" storage="c:\projekty\xunittestproject\bin\debug\netcoreapp3.1\xunittestproject.dll" id="b8c9a81a-11ec-9afa-2e32-5c4408d66f0a">
      <Execution id="51c36212-3d30-443b-aac8-f6bd2c08e134" />
      <TestMethod codeBase="C:\Projekty\xUnitTestProject\bin\Debug\netcoreapp3.1\xUnitTestProject.dll" adapterTypeName="executor://xunit/VsTestRunner2/netcoreapp" className="xUnitTestProject.CurrencyHelperTests" name="FormatToStringTest1000" />
    </UnitTest>
    <UnitTest name="xUnitTestProject.CurrencyHelperTests.FormatToStringTest1000(price: 45299.778512198376, expected: &quot;45299.78 zł&quot;)" storage="c:\projekty\xunittestproject\bin\debug\netcoreapp3.1\xunittestproject.dll" id="ada84f96-628a-be69-4c85-60683def0842">
      <Execution id="8db6fada-d753-4193-9405-9d0b3c7a16da" />
      <TestMethod codeBase="C:\Projekty\xUnitTestProject\bin\Debug\netcoreapp3.1\xUnitTestProject.dll" adapterTypeName="executor://xunit/VsTestRunner2/netcoreapp" className="xUnitTestProject.CurrencyHelperTests" name="FormatToStringTest1000" />
    </UnitTest>
    <UnitTest name="xUnitTestProject.CurrencyHelperTests.FormatToStringTest1000(price: 1328.353302088265, expected: &quot;1328.35 zł&quot;)" storage="c:\projekty\xunittestproject\bin\debug\netcoreapp3.1\xunittestproject.dll" id="015022db-d96e-2b60-5477-1c6f1fa9a487">
      <Execution id="048c6b8e-9374-4029-b73d-c2fcaa69da3d" />
      <TestMethod codeBase="C:\Projekty\xUnitTestProject\bin\Debug\netcoreapp3.1\xUnitTestProject.dll" adapterTypeName="executor://xunit/VsTestRunner2/netcoreapp" className="xUnitTestProject.CurrencyHelperTests" name="FormatToStringTest1000" />
    </UnitTest>
    <UnitTest name="xUnitTestProject.CurrencyHelperTests.FormatToStringTest1000(price: 23684.695462791573, expected: &quot;23684.70 zł&quot;)" storage="c:\projekty\xunittestproject\bin\debug\netcoreapp3.1\xunittestproject.dll" id="23aaa466-cf05-d364-17da-f1d2a5004cf2">
      <Execution id="ccdb5cb5-12ac-4da4-860b-2b317032ddfb" />
      <TestMethod codeBase="C:\Projekty\xUnitTestProject\bin\Debug\netcoreapp3.1\xUnitTestProject.dll" adapterTypeName="executor://xunit/VsTestRunner2/netcoreapp" className="xUnitTestProject.CurrencyHelperTests" name="FormatToStringTest1000" />
    </UnitTest>
    <UnitTest name="xUnitTestProject.CurrencyHelperTests.FormatToStringTest1000(price: 30722.846572104303, expected: &quot;30722.85 zł&quot;)" storage="c:\projekty\xunittestproject\bin\debug\netcoreapp3.1\xunittestproject.dll" id="c24ecee8-9b5d-eb63-8afc-f2b0a38b7a72">
      <Execution id="3370f334-0edf-476f-808d-444dc689ccda" />
      <TestMethod codeBase="C:\Projekty\xUnitTestProject\bin\Debug\netcoreapp3.1\xUnitTestProject.dll" adapterTypeName="executor://xunit/VsTestRunner2/netcoreapp" className="xUnitTestProject.CurrencyHelperTests" name="FormatToStringTest1000" />
    </UnitTest>
    <UnitTest name="xUnitTestProject.CurrencyHelperTests.FormatToStringTest1000(price: 22330.217605518745, expected: &quot;22330.22 zł&quot;)" storage="c:\projekty\xunittestproject\bin\debug\netcoreapp3.1\xunittestproject.dll" id="1dbf06ec-4cde-4ef3-de39-b5efb671422f">
      <Execution id="09c85d73-1dde-4628-b1d3-49b658d5b33c" />
      <TestMethod codeBase="C:\Projekty\xUnitTestProject\bin\Debug\netcoreapp3.1\xUnitTestProject.dll" adapterTypeName="executor://xunit/VsTestRunner2/netcoreapp" className="xUnitTestProject.CurrencyHelperTests" name="FormatToStringTest1000" />
    </UnitTest>
    <UnitTest name="xUnitTestProject.CurrencyHelperTests.FormatToStringTest1000(price: 59247.898931587064, expected: &quot;59247.90 zł&quot;)" storage="c:\projekty\xunittestproject\bin\debug\netcoreapp3.1\xunittestproject.dll" id="731a3faa-831a-30a7-eac4-75c26e15a8d7">
      <Execution id="05749b9c-4b25-4abc-8b7d-8c2761b91069" />
      <TestMethod codeBase="C:\Projekty\xUnitTestProject\bin\Debug\netcoreapp3.1\xUnitTestProject.dll" adapterTypeName="executor://xunit/VsTestRunner2/netcoreapp" className="xUnitTestProject.CurrencyHelperTests" name="FormatToStringTest1000" />
    </UnitTest>
    <UnitTest name="xUnitTestProject.CurrencyHelperTests.FormatToStringTest1000(price: 10762.501695533518, expected: &quot;10762.50 zł&quot;)" storage="c:\projekty\xunittestproject\bin\debug\netcoreapp3.1\xunittestproject.dll" id="632872cf-9e7c-9970-9f88-5a4077b29ff5">
      <Execution id="4407c6dd-2d70-400d-b251-3739c824e056" />
      <TestMethod codeBase="C:\Projekty\xUnitTestProject\bin\Debug\netcoreapp3.1\xUnitTestProject.dll" adapterTypeName="executor://xunit/VsTestRunner2/netcoreapp" className="xUnitTestProject.CurrencyHelperTests" name="FormatToStringTest1000" />
    </UnitTest>
    <UnitTest name="xUnitTestProject.CurrencyHelperTests.FormatToStringTest1000(price: 29678.921519093645, expected: &quot;29678.92 zł&quot;)" storage="c:\projekty\xunittestproject\bin\debug\netcoreapp3.1\xunittestproject.dll" id="f6807856-920c-b4f6-bd05-450a0bb2d3bd">
      <Execution id="2b49bf88-a121-4eb3-a278-6bc72aefadf0" />
      <TestMethod codeBase="C:\Projekty\xUnitTestProject\bin\Debug\netcoreapp3.1\xUnitTestProject.dll" adapterTypeName="executor://xunit/VsTestRunner2/netcoreapp" className="xUnitTestProject.CurrencyHelperTests" name="FormatToStringTest1000" />
    </UnitTest>
    <UnitTest name="xUnitTestProject.CurrencyHelperTests.FormatToStringTest1000(price: 17835.54606576988, expected: &quot;17835.55 zł&quot;)" storage="c:\projekty\xunittestproject\bin\debug\netcoreapp3.1\xunittestproject.dll" id="40049265-1e97-9ed6-58fa-5d084054c7cc">
      <Execution id="418bfcac-56fa-4338-aea2-dce6ae41c137" />
      <TestMethod codeBase="C:\Projekty\xUnitTestProject\bin\Debug\netcoreapp3.1\xUnitTestProject.dll" adapterTypeName="executor://xunit/VsTestRunner2/netcoreapp" className="xUnitTestProject.CurrencyHelperTests" name="FormatToStringTest1000" />
    </UnitTest>
    <UnitTest name="xUnitTestProject.CurrencyHelperTests.FormatToStringTest1000(price: 7119.076353227755, expected: &quot;7119.08 zł&quot;)" storage="c:\projekty\xunittestproject\bin\debug\netcoreapp3.1\xunittestproject.dll" id="bcd74692-fcc7-2c4c-b52b-85aae8ab43ad">
      <Execution id="eee9d15b-ad7a-415f-8a3d-08f9df08b0e7" />
      <TestMethod codeBase="C:\Projekty\xUnitTestProject\bin\Debug\netcoreapp3.1\xUnitTestProject.dll" adapterTypeName="executor://xunit/VsTestRunner2/netcoreapp" className="xUnitTestProject.CurrencyHelperTests" name="FormatToStringTest1000" />
    </UnitTest>
    <UnitTest name="xUnitTestProject.CurrencyHelperTests.FormatToStringTest1000(price: 19541.10539777116, expected: &quot;19541.11 zł&quot;)" storage="c:\projekty\xunittestproject\bin\debug\netcoreapp3.1\xunittestproject.dll" id="534fc948-8601-de40-7f94-04ae4333536f">
      <Execution id="f217452b-3764-42ec-8424-ea46d61beaf6" />
      <TestMethod codeBase="C:\Projekty\xUnitTestProject\bin\Debug\netcoreapp3.1\xUnitTestProject.dll" adapterTypeName="executor://xunit/VsTestRunner2/netcoreapp" className="xUnitTestProject.CurrencyHelperTests" name="FormatToStringTest1000" />
    </UnitTest>
    <UnitTest name="xUnitTestProject.CurrencyHelperTests.FormatToStringTest1000(price: 25288.32036814574, expected: &quot;25288.32 zł&quot;)" storage="c:\projekty\xunittestproject\bin\debug\netcoreapp3.1\xunittestproject.dll" id="5b94edbf-3c78-7105-4ec5-f34d39e55c58">
      <Execution id="185daffd-278c-4639-875d-3f90f563da47" />
      <TestMethod codeBase="C:\Projekty\xUnitTestProject\bin\Debug\netcoreapp3.1\xUnitTestProject.dll" adapterTypeName="executor://xunit/VsTestRunner2/netcoreapp" className="xUnitTestProject.CurrencyHelperTests" name="FormatToStringTest1000" />
    </UnitTest>
    <UnitTest name="xUnitTestProject.CurrencyHelperTests.FormatToStringTest1000(price: 22494.46807976834, expected: &quot;22494.47 zł&quot;)" storage="c:\projekty\xunittestproject\bin\debug\netcoreapp3.1\xunittestproject.dll" id="3b87d198-4b64-d5ab-66c4-ae53f55f5bdf">
      <Execution id="49f311dd-a8d9-43f8-8aaf-92475c564b23" />
      <TestMethod codeBase="C:\Projekty\xUnitTestProject\bin\Debug\netcoreapp3.1\xUnitTestProject.dll" adapterTypeName="executor://xunit/VsTestRunner2/netcoreapp" className="xUnitTestProject.CurrencyHelperTests" name="FormatToStringTest1000" />
    </UnitTest>
    <UnitTest name="xUnitTestProject.CurrencyHelperTests.FormatToStringTest1000(price: 6170.939441211959, expected: &quot;6170.94 zł&quot;)" storage="c:\projekty\xunittestproject\bin\debug\netcoreapp3.1\xunittestproject.dll" id="e6f6cc53-8c3a-da20-bc77-8b2d112d8374">
      <Execution id="8f700907-fa98-40a3-918f-6a50a530b4e3" />
      <TestMethod codeBase="C:\Projekty\xUnitTestProject\bin\Debug\netcoreapp3.1\xUnitTestProject.dll" adapterTypeName="executor://xunit/VsTestRunner2/netcoreapp" className="xUnitTestProject.CurrencyHelperTests" name="FormatToStringTest1000" />
    </UnitTest>
    <UnitTest name="xUnitTestProject.CurrencyHelperTests.FormatToStringTest1000(price: 7004.710832051798, expected: &quot;7004.71 zł&quot;)" storage="c:\projekty\xunittestproject\bin\debug\netcoreapp3.1\xunittestproject.dll" id="7d53e462-1288-fbb2-1f6d-75cbd2a2eb44">
      <Execution id="5d9750b2-95ce-47ce-a3dc-14c794cb082b" />
      <TestMethod codeBase="C:\Projekty\xUnitTestProject\bin\Debug\netcoreapp3.1\xUnitTestProject.dll" adapterTypeName="executor://xunit/VsTestRunner2/netcoreapp" className="xUnitTestProject.CurrencyHelperTests" name="FormatToStringTest1000" />
    </UnitTest>
    <UnitTest name="xUnitTestProject.CurrencyHelperTests.FormatToStringTest1000(price: 88489.14069749469, expected: &quot;88489.14 zł&quot;)" storage="c:\projekty\xunittestproject\bin\debug\netcoreapp3.1\xunittestproject.dll" id="537f8fc0-34c4-479b-bc61-34b31d069aae">
      <Execution id="056d577a-281a-4dc7-be4f-2ebcfcdc5707" />
      <TestMethod codeBase="C:\Projekty\xUnitTestProject\bin\Debug\netcoreapp3.1\xUnitTestProject.dll" adapterTypeName="executor://xunit/VsTestRunner2/netcoreapp" className="xUnitTestProject.CurrencyHelperTests" name="FormatToStringTest1000" />
    </UnitTest>
    <UnitTest name="xUnitTestProject.CurrencyHelperTests.FormatToStringTest1000(price: 54088.326214851964, expected: &quot;54088.33 zł&quot;)" storage="c:\projekty\xunittestproject\bin\debug\netcoreapp3.1\xunittestproject.dll" id="5554cc9d-410c-0a03-5c37-393e64fd2d26">
      <Execution id="1b20e665-1136-48f7-b4cf-a6b73c589b9c" />
      <TestMethod codeBase="C:\Projekty\xUnitTestProject\bin\Debug\netcoreapp3.1\xUnitTestProject.dll" adapterTypeName="executor://xunit/VsTestRunner2/netcoreapp" className="xUnitTestProject.CurrencyHelperTests" name="FormatToStringTest1000" />
    </UnitTest>
    <UnitTest name="xUnitTestProject.CurrencyHelperTests.FormatToStringTest1000(price: 740.3213011405064, expected: &quot;740.32 zł&quot;)" storage="c:\projekty\xunittestproject\bin\debug\netcoreapp3.1\xunittestproject.dll" id="b59817a2-024b-f794-3f46-68714948a01a">
      <Execution id="039e5632-f5a3-4279-91b0-f3b66e31591e" />
      <TestMethod codeBase="C:\Projekty\xUnitTestProject\bin\Debug\netcoreapp3.1\xUnitTestProject.dll" adapterTypeName="executor://xunit/VsTestRunner2/netcoreapp" className="xUnitTestProject.CurrencyHelperTests" name="FormatToStringTest1000" />
    </UnitTest>
    <UnitTest name="xUnitTestProject.CurrencyHelperTests.FormatToStringTest1000(price: 3043.6828298227315, expected: &quot;3043.68 zł&quot;)" storage="c:\projekty\xunittestproject\bin\debug\netcoreapp3.1\xunittestproject.dll" id="1d4cd445-caf0-beba-56bf-67413439f9ab">
      <Execution id="38adcbaf-faef-43ff-b170-671b2b13ef65" />
      <TestMethod codeBase="C:\Projekty\xUnitTestProject\bin\Debug\netcoreapp3.1\xUnitTestProject.dll" adapterTypeName="executor://xunit/VsTestRunner2/netcoreapp" className="xUnitTestProject.CurrencyHelperTests" name="FormatToStringTest1000" />
    </UnitTest>
    <UnitTest name="xUnitTestProject.CurrencyHelperTests.FormatToStringTest1000(price: 9068.70019550468, expected: &quot;9068.70 zł&quot;)" storage="c:\projekty\xunittestproject\bin\debug\netcoreapp3.1\xunittestproject.dll" id="0e441c44-ccc7-5318-d743-a0646c26f920">
      <Execution id="2c4e17c3-be7a-4070-8770-9a932e2c6f82" />
      <TestMethod codeBase="C:\Projekty\xUnitTestProject\bin\Debug\netcoreapp3.1\xUnitTestProject.dll" adapterTypeName="executor://xunit/VsTestRunner2/netcoreapp" className="xUnitTestProject.CurrencyHelperTests" name="FormatToStringTest1000" />
    </UnitTest>
    <UnitTest name="xUnitTestProject.CurrencyHelperTests.FormatToStringTest1000(price: 57671.67669738675, expected: &quot;57671.68 zł&quot;)" storage="c:\projekty\xunittestproject\bin\debug\netcoreapp3.1\xunittestproject.dll" id="fe5f39e6-4cd0-a90c-3fd0-4ec94c3771bb">
      <Execution id="6dc3c4b5-a451-44cb-8463-9d8d84e0f4cb" />
      <TestMethod codeBase="C:\Projekty\xUnitTestProject\bin\Debug\netcoreapp3.1\xUnitTestProject.dll" adapterTypeName="executor://xunit/VsTestRunner2/netcoreapp" className="xUnitTestProject.CurrencyHelperTests" name="FormatToStringTest1000" />
    </UnitTest>
    <UnitTest name="xUnitTestProject.CurrencyHelperTests.FormatToStringTest1000(price: 23612.114499758984, expected: &quot;23612.11 zł&quot;)" storage="c:\projekty\xunittestproject\bin\debug\netcoreapp3.1\xunittestproject.dll" id="bc83fa3c-576f-30a6-fe1b-a25c896763ba">
      <Execution id="16408507-ba47-4fef-918d-1e1fa13856d5" />
      <TestMethod codeBase="C:\Projekty\xUnitTestProject\bin\Debug\netcoreapp3.1\xUnitTestProject.dll" adapterTypeName="executor://xunit/VsTestRunner2/netcoreapp" className="xUnitTestProject.CurrencyHelperTests" name="FormatToStringTest1000" />
    </UnitTest>
    <UnitTest name="xUnitTestProject.CurrencyHelperTests.FormatToStringTest1000(price: 151.50737175275916, expected: &quot;151.51 zł&quot;)" storage="c:\projekty\xunittestproject\bin\debug\netcoreapp3.1\xunittestproject.dll" id="d30d3b94-edb3-8c77-afa5-d7e300714162">
      <Execution id="2fb2664f-62b8-4369-914a-747c69d8db11" />
      <TestMethod codeBase="C:\Projekty\xUnitTestProject\bin\Debug\netcoreapp3.1\xUnitTestProject.dll" adapterTypeName="executor://xunit/VsTestRunner2/netcoreapp" className="xUnitTestProject.CurrencyHelperTests" name="FormatToStringTest1000" />
    </UnitTest>
    <UnitTest name="xUnitTestProject.CurrencyHelperTests.FormatToStringTest1000(price: 30499.08272379734, expected: &quot;30499.08 zł&quot;)" storage="c:\projekty\xunittestproject\bin\debug\netcoreapp3.1\xunittestproject.dll" id="89c1bc9c-fd1f-546d-3081-e1943d5ea5fd">
      <Execution id="c7250b1a-444e-4672-976a-ddbd68092606" />
      <TestMethod codeBase="C:\Projekty\xUnitTestProject\bin\Debug\netcoreapp3.1\xUnitTestProject.dll" adapterTypeName="executor://xunit/VsTestRunner2/netcoreapp" className="xUnitTestProject.CurrencyHelperTests" name="FormatToStringTest1000" />
    </UnitTest>
    <UnitTest name="xUnitTestProject.CurrencyHelperTests.FormatToStringTest1000(price: 59283.7670322637, expected: &quot;59283.77 zł&quot;)" storage="c:\projekty\xunittestproject\bin\debug\netcoreapp3.1\xunittestproject.dll" id="86b56171-19f4-76a4-c109-8879ac5bbbd7">
      <Execution id="efe11479-f549-47bf-9e1c-f3087b3a6970" />
      <TestMethod codeBase="C:\Projekty\xUnitTestProject\bin\Debug\netcoreapp3.1\xUnitTestProject.dll" adapterTypeName="executor://xunit/VsTestRunner2/netcoreapp" className="xUnitTestProject.CurrencyHelperTests" name="FormatToStringTest1000" />
    </UnitTest>
    <UnitTest name="xUnitTestProject.CurrencyHelperTests.FormatToStringTest1000(price: 34458.5406463512, expected: &quot;34458.54 zł&quot;)" storage="c:\projekty\xunittestproject\bin\debug\netcoreapp3.1\xunittestproject.dll" id="5fe9c184-b316-2ed8-da8c-d7dc0b588adb">
      <Execution id="53d142e1-10b7-44e2-a9eb-1c3cb0f7ae84" />
      <TestMethod codeBase="C:\Projekty\xUnitTestProject\bin\Debug\netcoreapp3.1\xUnitTestProject.dll" adapterTypeName="executor://xunit/VsTestRunner2/netcoreapp" className="xUnitTestProject.CurrencyHelperTests" name="FormatToStringTest1000" />
    </UnitTest>
    <UnitTest name="xUnitTestProject.CurrencyHelperTests.FormatToStringTest1000(price: 6035.818653228608, expected: &quot;6035.82 zł&quot;)" storage="c:\projekty\xunittestproject\bin\debug\netcoreapp3.1\xunittestproject.dll" id="bac2e760-c57c-379d-cca8-5272b1f0e7e5">
      <Execution id="bdf65a87-a45c-43eb-9009-3217a5a31275" />
      <TestMethod codeBase="C:\Projekty\xUnitTestProject\bin\Debug\netcoreapp3.1\xUnitTestProject.dll" adapterTypeName="executor://xunit/VsTestRunner2/netcoreapp" className="xUnitTestProject.CurrencyHelperTests" name="FormatToStringTest1000" />
    </UnitTest>
    <UnitTest name="xUnitTestProject.CurrencyHelperTests.FormatToStringTest1000(price: 5810.695934967462, expected: &quot;5810.70 zł&quot;)" storage="c:\projekty\xunittestproject\bin\debug\netcoreapp3.1\xunittestproject.dll" id="d6ef55e8-c5e6-5de1-49ad-15c2ce305191">
      <Execution id="f3ec2f86-25a2-436e-8900-d9599bc66719" />
      <TestMethod codeBase="C:\Projekty\xUnitTestProject\bin\Debug\netcoreapp3.1\xUnitTestProject.dll" adapterTypeName="executor://xunit/VsTestRunner2/netcoreapp" className="xUnitTestProject.CurrencyHelperTests" name="FormatToStringTest1000" />
    </UnitTest>
    <UnitTest name="xUnitTestProject.CurrencyHelperTests.FormatToStringTest1000(price: 24768.25771770359, expected: &quot;24768.26 zł&quot;)" storage="c:\projekty\xunittestproject\bin\debug\netcoreapp3.1\xunittestproject.dll" id="9391af43-2aec-63c3-c456-eaf3d57ab573">
      <Execution id="d463b844-8100-49bc-8913-b170762c9e06" />
      <TestMethod codeBase="C:\Projekty\xUnitTestProject\bin\Debug\netcoreapp3.1\xUnitTestProject.dll" adapterTypeName="executor://xunit/VsTestRunner2/netcoreapp" className="xUnitTestProject.CurrencyHelperTests" name="FormatToStringTest1000" />
    </UnitTest>
    <UnitTest name="xUnitTestProject.CurrencyHelperTests.FormatToStringTest1000(price: 36893.66238331593, expected: &quot;36893.66 zł&quot;)" storage="c:\projekty\xunittestproject\bin\debug\netcoreapp3.1\xunittestproject.dll" id="e6ca1d81-dcf2-fd0d-938d-c5551a71b09d">
      <Execution id="273d2f55-b9d4-4e8f-bb51-6824fdd5df1d" />
      <TestMethod codeBase="C:\Projekty\xUnitTestProject\bin\Debug\netcoreapp3.1\xUnitTestProject.dll" adapterTypeName="executor://xunit/VsTestRunner2/netcoreapp" className="xUnitTestProject.CurrencyHelperTests" name="FormatToStringTest1000" />
    </UnitTest>
    <UnitTest name="xUnitTestProject.CurrencyHelperTests.FormatToStringTest1000(price: 2339.5873176472205, expected: &quot;2339.59 zł&quot;)" storage="c:\projekty\xunittestproject\bin\debug\netcoreapp3.1\xunittestproject.dll" id="97d8215e-c1fc-21f7-065d-165363a0a007">
      <Execution id="903e03e8-6394-441d-94f4-45a447996810" />
      <TestMethod codeBase="C:\Projekty\xUnitTestProject\bin\Debug\netcoreapp3.1\xUnitTestProject.dll" adapterTypeName="executor://xunit/VsTestRunner2/netcoreapp" className="xUnitTestProject.CurrencyHelperTests" name="FormatToStringTest1000" />
    </UnitTest>
    <UnitTest name="xUnitTestProject.CurrencyHelperTests.FormatToStringTest1000(price: 7569.605888796322, expected: &quot;7569.61 zł&quot;)" storage="c:\projekty\xunittestproject\bin\debug\netcoreapp3.1\xunittestproject.dll" id="95df1eac-f3bd-b207-f98c-5233af246763">
      <Execution id="316fcd3c-4848-475c-816a-1c8ce20247ae" />
      <TestMethod codeBase="C:\Projekty\xUnitTestProject\bin\Debug\netcoreapp3.1\xUnitTestProject.dll" adapterTypeName="executor://xunit/VsTestRunner2/netcoreapp" className="xUnitTestProject.CurrencyHelperTests" name="FormatToStringTest1000" />
    </UnitTest>
    <UnitTest name="xUnitTestProject.CurrencyHelperTests.FormatToStringTest1000(price: 28033.439084134738, expected: &quot;28033.44 zł&quot;)" storage="c:\projekty\xunittestproject\bin\debug\netcoreapp3.1\xunittestproject.dll" id="05d28227-9bee-a7ac-5d44-a19da1f5106c">
      <Execution id="ba4966da-eadd-4137-a3f1-8edfb36c61bf" />
      <TestMethod codeBase="C:\Projekty\xUnitTestProject\bin\Debug\netcoreapp3.1\xUnitTestProject.dll" adapterTypeName="executor://xunit/VsTestRunner2/netcoreapp" className="xUnitTestProject.CurrencyHelperTests" name="FormatToStringTest1000" />
    </UnitTest>
    <UnitTest name="xUnitTestProject.CurrencyHelperTests.FormatToStringTest1000(price: 15520.346099893259, expected: &quot;15520.35 zł&quot;)" storage="c:\projekty\xunittestproject\bin\debug\netcoreapp3.1\xunittestproject.dll" id="3e5b1b26-ce6a-72cd-5d99-1c229fd90703">
      <Execution id="d1e18ced-091b-477c-b9f4-99c1f47ebea4" />
      <TestMethod codeBase="C:\Projekty\xUnitTestProject\bin\Debug\netcoreapp3.1\xUnitTestProject.dll" adapterTypeName="executor://xunit/VsTestRunner2/netcoreapp" className="xUnitTestProject.CurrencyHelperTests" name="FormatToStringTest1000" />
    </UnitTest>
    <UnitTest name="xUnitTestProject.CurrencyHelperTests.FormatToStringTest1000(price: 4139.032615562451, expected: &quot;4139.03 zł&quot;)" storage="c:\projekty\xunittestproject\bin\debug\netcoreapp3.1\xunittestproject.dll" id="0095ae63-2136-ec44-562f-f92a8a9ed8f7">
      <Execution id="79ab6ce7-2bd8-4d83-8f9d-f2fd8de3000b" />
      <TestMethod codeBase="C:\Projekty\xUnitTestProject\bin\Debug\netcoreapp3.1\xUnitTestProject.dll" adapterTypeName="executor://xunit/VsTestRunner2/netcoreapp" className="xUnitTestProject.CurrencyHelperTests" name="FormatToStringTest1000" />
    </UnitTest>
    <UnitTest name="xUnitTestProject.CurrencyHelperTests.FormatToStringTest1000(price: 15907.394871033446, expected: &quot;15907.39 zł&quot;)" storage="c:\projekty\xunittestproject\bin\debug\netcoreapp3.1\xunittestproject.dll" id="4308f885-151f-014b-166d-40692645a73a">
      <Execution id="7ec80203-0ad4-43d3-b7ac-3cd6cc1832a7" />
      <TestMethod codeBase="C:\Projekty\xUnitTestProject\bin\Debug\netcoreapp3.1\xUnitTestProject.dll" adapterTypeName="executor://xunit/VsTestRunner2/netcoreapp" className="xUnitTestProject.CurrencyHelperTests" name="FormatToStringTest1000" />
    </UnitTest>
    <UnitTest name="xUnitTestProject.CurrencyHelperTests.FormatToStringTest1000(price: 71554.9786298829, expected: &quot;71554.98 zł&quot;)" storage="c:\projekty\xunittestproject\bin\debug\netcoreapp3.1\xunittestproject.dll" id="422cd58a-1607-1b98-484d-a3568b92bd13">
      <Execution id="a3a2f6c1-fdef-4839-b498-4bfe833e163d" />
      <TestMethod codeBase="C:\Projekty\xUnitTestProject\bin\Debug\netcoreapp3.1\xUnitTestProject.dll" adapterTypeName="executor://xunit/VsTestRunner2/netcoreapp" className="xUnitTestProject.CurrencyHelperTests" name="FormatToStringTest1000" />
    </UnitTest>
    <UnitTest name="xUnitTestProject.CurrencyHelperTests.FormatToStringTest1000(price: 30138.55109863102, expected: &quot;30138.55 zł&quot;)" storage="c:\projekty\xunittestproject\bin\debug\netcoreapp3.1\xunittestproject.dll" id="0a2dd6c8-dd3b-c34c-d236-39c95cee3b33">
      <Execution id="64331216-a88c-44d6-8c74-6ebb167a482c" />
      <TestMethod codeBase="C:\Projekty\xUnitTestProject\bin\Debug\netcoreapp3.1\xUnitTestProject.dll" adapterTypeName="executor://xunit/VsTestRunner2/netcoreapp" className="xUnitTestProject.CurrencyHelperTests" name="FormatToStringTest1000" />
    </UnitTest>
    <UnitTest name="xUnitTestProject.CurrencyHelperTests.FormatToStringTest1000(price: 51632.87002968503, expected: &quot;51632.87 zł&quot;)" storage="c:\projekty\xunittestproject\bin\debug\netcoreapp3.1\xunittestproject.dll" id="017ca1fc-bbca-8181-b3ea-3373763e884b">
      <Execution id="0d80a07a-b6b1-4cb5-a67f-5d9f91ec14ed" />
      <TestMethod codeBase="C:\Projekty\xUnitTestProject\bin\Debug\netcoreapp3.1\xUnitTestProject.dll" adapterTypeName="executor://xunit/VsTestRunner2/netcoreapp" className="xUnitTestProject.CurrencyHelperTests" name="FormatToStringTest1000" />
    </UnitTest>
    <UnitTest name="xUnitTestProject.CurrencyHelperTests.FormatToStringTest1000(price: 12610.563163818122, expected: &quot;12610.56 zł&quot;)" storage="c:\projekty\xunittestproject\bin\debug\netcoreapp3.1\xunittestproject.dll" id="744b047e-9ee3-164d-c478-0183e3fd850c">
      <Execution id="0da4694f-816a-414b-9b0d-de48e516a49a" />
      <TestMethod codeBase="C:\Projekty\xUnitTestProject\bin\Debug\netcoreapp3.1\xUnitTestProject.dll" adapterTypeName="executor://xunit/VsTestRunner2/netcoreapp" className="xUnitTestProject.CurrencyHelperTests" name="FormatToStringTest1000" />
    </UnitTest>
    <UnitTest name="xUnitTestProject.CurrencyHelperTests.FormatToStringTest1000(price: 23282.56178903047, expected: &quot;23282.56 zł&quot;)" storage="c:\projekty\xunittestproject\bin\debug\netcoreapp3.1\xunittestproject.dll" id="e905c24a-e819-fe18-0852-b70c2080c17c">
      <Execution id="5f063568-670e-4bd1-9672-96bb6ed3f2e2" />
      <TestMethod codeBase="C:\Projekty\xUnitTestProject\bin\Debug\netcoreapp3.1\xUnitTestProject.dll" adapterTypeName="executor://xunit/VsTestRunner2/netcoreapp" className="xUnitTestProject.CurrencyHelperTests" name="FormatToStringTest1000" />
    </UnitTest>
    <UnitTest name="xUnitTestProject.CurrencyHelperTests.FormatToStringTest1000(price: 68011.49219071423, expected: &quot;68011.49 zł&quot;)" storage="c:\projekty\xunittestproject\bin\debug\netcoreapp3.1\xunittestproject.dll" id="d39c6f9f-bd62-16f2-5a23-b15da9df82dd">
      <Execution id="6e1573e3-f4bf-423e-b05a-71bb71b75563" />
      <TestMethod codeBase="C:\Projekty\xUnitTestProject\bin\Debug\netcoreapp3.1\xUnitTestProject.dll" adapterTypeName="executor://xunit/VsTestRunner2/netcoreapp" className="xUnitTestProject.CurrencyHelperTests" name="FormatToStringTest1000" />
    </UnitTest>
    <UnitTest name="xUnitTestProject.CurrencyHelperTests.FormatToStringTest1000(price: 1228.101744225296, expected: &quot;1228.10 zł&quot;)" storage="c:\projekty\xunittestproject\bin\debug\netcoreapp3.1\xunittestproject.dll" id="27c9de3f-c624-ee93-069f-2072d9c30f0a">
      <Execution id="98ffbb98-4182-4b1d-8a2a-6e6f0702a156" />
      <TestMethod codeBase="C:\Projekty\xUnitTestProject\bin\Debug\netcoreapp3.1\xUnitTestProject.dll" adapterTypeName="executor://xunit/VsTestRunner2/netcoreapp" className="xUnitTestProject.CurrencyHelperTests" name="FormatToStringTest1000" />
    </UnitTest>
    <UnitTest name="xUnitTestProject.CurrencyHelperTests.FormatToStringTest1000(price: 57809.74722876295, expected: &quot;57809.75 zł&quot;)" storage="c:\projekty\xunittestproject\bin\debug\netcoreapp3.1\xunittestproject.dll" id="1dbbe335-bc13-7d9d-496f-d39e25173610">
      <Execution id="2023a904-98f2-4540-893e-8e3ee7bf962e" />
      <TestMethod codeBase="C:\Projekty\xUnitTestProject\bin\Debug\netcoreapp3.1\xUnitTestProject.dll" adapterTypeName="executor://xunit/VsTestRunner2/netcoreapp" className="xUnitTestProject.CurrencyHelperTests" name="FormatToStringTest1000" />
    </UnitTest>
    <UnitTest name="xUnitTestProject.CurrencyHelperTests.FormatToStringTest1000(price: 35714.78133482243, expected: &quot;35714.78 zł&quot;)" storage="c:\projekty\xunittestproject\bin\debug\netcoreapp3.1\xunittestproject.dll" id="9af1084a-697b-14e3-b169-a799a0af5e73">
      <Execution id="eeab61ee-708d-4c72-a481-3be03acdf2ba" />
      <TestMethod codeBase="C:\Projekty\xUnitTestProject\bin\Debug\netcoreapp3.1\xUnitTestProject.dll" adapterTypeName="executor://xunit/VsTestRunner2/netcoreapp" className="xUnitTestProject.CurrencyHelperTests" name="FormatToStringTest1000" />
    </UnitTest>
    <UnitTest name="xUnitTestProject.CurrencyHelperTests.FormatToStringTest1000(price: 20497.107923553376, expected: &quot;20497.11 zł&quot;)" storage="c:\projekty\xunittestproject\bin\debug\netcoreapp3.1\xunittestproject.dll" id="dbf6f9ae-d4e2-c907-2228-ff1a571678a6">
      <Execution id="b09b57f7-7b01-46f4-a875-0836d107a778" />
      <TestMethod codeBase="C:\Projekty\xUnitTestProject\bin\Debug\netcoreapp3.1\xUnitTestProject.dll" adapterTypeName="executor://xunit/VsTestRunner2/netcoreapp" className="xUnitTestProject.CurrencyHelperTests" name="FormatToStringTest1000" />
    </UnitTest>
    <UnitTest name="xUnitTestProject.CurrencyHelperTests.FormatToStringTest1000(price: 29539.32303995328, expected: &quot;29539.32 zł&quot;)" storage="c:\projekty\xunittestproject\bin\debug\netcoreapp3.1\xunittestproject.dll" id="90e736db-bebc-59eb-dcfd-94a08c26727f">
      <Execution id="1ad6c906-5be4-4c3d-a8df-304f35078daa" />
      <TestMethod codeBase="C:\Projekty\xUnitTestProject\bin\Debug\netcoreapp3.1\xUnitTestProject.dll" adapterTypeName="executor://xunit/VsTestRunner2/netcoreapp" className="xUnitTestProject.CurrencyHelperTests" name="FormatToStringTest1000" />
    </UnitTest>
    <UnitTest name="xUnitTestProject.CurrencyHelperTests.FormatToStringTest1000(price: 26843.15785584932, expected: &quot;26843.16 zł&quot;)" storage="c:\projekty\xunittestproject\bin\debug\netcoreapp3.1\xunittestproject.dll" id="6c2df068-e073-781f-ed58-d73445937e1f">
      <Execution id="a21c7037-dfbf-4cad-a99b-87cbd0fd0e68" />
      <TestMethod codeBase="C:\Projekty\xUnitTestProject\bin\Debug\netcoreapp3.1\xUnitTestProject.dll" adapterTypeName="executor://xunit/VsTestRunner2/netcoreapp" className="xUnitTestProject.CurrencyHelperTests" name="FormatToStringTest1000" />
    </UnitTest>
    <UnitTest name="xUnitTestProject.CurrencyHelperTests.FormatToStringTest1000(price: 3694.480496819355, expected: &quot;3694.48 zł&quot;)" storage="c:\projekty\xunittestproject\bin\debug\netcoreapp3.1\xunittestproject.dll" id="34bdc501-b6be-65bd-2c54-6d143c30390e">
      <Execution id="b9af0715-531f-44c8-83a6-0e930a242214" />
      <TestMethod codeBase="C:\Projekty\xUnitTestProject\bin\Debug\netcoreapp3.1\xUnitTestProject.dll" adapterTypeName="executor://xunit/VsTestRunner2/netcoreapp" className="xUnitTestProject.CurrencyHelperTests" name="FormatToStringTest1000" />
    </UnitTest>
    <UnitTest name="xUnitTestProject.CurrencyHelperTests.FormatToStringTest1000(price: 46391.661094229516, expected: &quot;46391.66 zł&quot;)" storage="c:\projekty\xunittestproject\bin\debug\netcoreapp3.1\xunittestproject.dll" id="4637cc44-56b0-2010-e4d2-4d7d6320ef09">
      <Execution id="e64a8382-f881-4de6-a2e4-71063c4407d4" />
      <TestMethod codeBase="C:\Projekty\xUnitTestProject\bin\Debug\netcoreapp3.1\xUnitTestProject.dll" adapterTypeName="executor://xunit/VsTestRunner2/netcoreapp" className="xUnitTestProject.CurrencyHelperTests" name="FormatToStringTest1000" />
    </UnitTest>
    <UnitTest name="xUnitTestProject.CurrencyHelperTests.FormatToStringTest1000(price: 63507.32603545455, expected: &quot;63507.33 zł&quot;)" storage="c:\projekty\xunittestproject\bin\debug\netcoreapp3.1\xunittestproject.dll" id="6127c2a7-0d58-b2ca-c80b-3d883558c1c7">
      <Execution id="936da17b-287e-49a0-8e4f-c662b6d88e29" />
      <TestMethod codeBase="C:\Projekty\xUnitTestProject\bin\Debug\netcoreapp3.1\xUnitTestProject.dll" adapterTypeName="executor://xunit/VsTestRunner2/netcoreapp" className="xUnitTestProject.CurrencyHelperTests" name="FormatToStringTest1000" />
    </UnitTest>
    <UnitTest name="xUnitTestProject.CurrencyHelperTests.FormatToStringTest1000(price: 60299.23738666309, expected: &quot;60299.24 zł&quot;)" storage="c:\projekty\xunittestproject\bin\debug\netcoreapp3.1\xunittestproject.dll" id="ba6a31a5-f6b4-cabf-4787-f1e219c63249">
      <Execution id="cc85ebc2-e477-4096-b758-651b3d11de53" />
      <TestMethod codeBase="C:\Projekty\xUnitTestProject\bin\Debug\netcoreapp3.1\xUnitTestProject.dll" adapterTypeName="executor://xunit/VsTestRunner2/netcoreapp" className="xUnitTestProject.CurrencyHelperTests" name="FormatToStringTest1000" />
    </UnitTest>
    <UnitTest name="xUnitTestProject.CurrencyHelperTests.FormatToStringTest1000(price: 63427.55325689332, expected: &quot;63427.55 zł&quot;)" storage="c:\projekty\xunittestproject\bin\debug\netcoreapp3.1\xunittestproject.dll" id="65d35c13-0e19-06e3-2b90-fbf07f6234bd">
      <Execution id="5de0be5f-84d5-4478-bbf8-69d8edce4b9f" />
      <TestMethod codeBase="C:\Projekty\xUnitTestProject\bin\Debug\netcoreapp3.1\xUnitTestProject.dll" adapterTypeName="executor://xunit/VsTestRunner2/netcoreapp" className="xUnitTestProject.CurrencyHelperTests" name="FormatToStringTest1000" />
    </UnitTest>
    <UnitTest name="xUnitTestProject.CurrencyHelperTests.FormatToStringTest1000(price: 4121.116360678857, expected: &quot;4121.12 zł&quot;)" storage="c:\projekty\xunittestproject\bin\debug\netcoreapp3.1\xunittestproject.dll" id="c0741e8d-b0f9-ca5e-e02e-02960c9e164f">
      <Execution id="8df29645-93d9-403d-8e50-54a6a6c83ade" />
      <TestMethod codeBase="C:\Projekty\xUnitTestProject\bin\Debug\netcoreapp3.1\xUnitTestProject.dll" adapterTypeName="executor://xunit/VsTestRunner2/netcoreapp" className="xUnitTestProject.CurrencyHelperTests" name="FormatToStringTest1000" />
    </UnitTest>
    <UnitTest name="xUnitTestProject.CurrencyHelperTests.FormatToStringTest1000(price: 22592.465903659566, expected: &quot;22592.47 zł&quot;)" storage="c:\projekty\xunittestproject\bin\debug\netcoreapp3.1\xunittestproject.dll" id="ae407fd6-e927-5656-0ce5-4192f5da53cb">
      <Execution id="b92de301-43b7-48f7-8f75-ed2f37eced73" />
      <TestMethod codeBase="C:\Projekty\xUnitTestProject\bin\Debug\netcoreapp3.1\xUnitTestProject.dll" adapterTypeName="executor://xunit/VsTestRunner2/netcoreapp" className="xUnitTestProject.CurrencyHelperTests" name="FormatToStringTest1000" />
    </UnitTest>
    <UnitTest name="xUnitTestProject.CurrencyHelperTests.FormatToStringTest1000(price: 40400.9734049295, expected: &quot;40400.97 zł&quot;)" storage="c:\projekty\xunittestproject\bin\debug\netcoreapp3.1\xunittestproject.dll" id="dbb67156-6168-60a5-400a-6afe6eb000f2">
      <Execution id="12ed4c98-d481-4e33-b6b9-23c35c0c2369" />
      <TestMethod codeBase="C:\Projekty\xUnitTestProject\bin\Debug\netcoreapp3.1\xUnitTestProject.dll" adapterTypeName="executor://xunit/VsTestRunner2/netcoreapp" className="xUnitTestProject.CurrencyHelperTests" name="FormatToStringTest1000" />
    </UnitTest>
    <UnitTest name="xUnitTestProject.CurrencyHelperTests.FormatToStringTest1000(price: 26529.10838037036, expected: &quot;26529.11 zł&quot;)" storage="c:\projekty\xunittestproject\bin\debug\netcoreapp3.1\xunittestproject.dll" id="f2358686-aae0-414b-7a27-d43a959b03da">
      <Execution id="a698639b-e581-4db2-8939-14e3560fc990" />
      <TestMethod codeBase="C:\Projekty\xUnitTestProject\bin\Debug\netcoreapp3.1\xUnitTestProject.dll" adapterTypeName="executor://xunit/VsTestRunner2/netcoreapp" className="xUnitTestProject.CurrencyHelperTests" name="FormatToStringTest1000" />
    </UnitTest>
    <UnitTest name="xUnitTestProject.CurrencyHelperTests.FormatToStringTest1000(price: 5840.747097845071, expected: &quot;5840.75 zł&quot;)" storage="c:\projekty\xunittestproject\bin\debug\netcoreapp3.1\xunittestproject.dll" id="4d20e584-0f2f-1ed1-3ddf-7516456e8aa4">
      <Execution id="81ad58e8-872a-40a7-b5c7-dad1ba8e44f7" />
      <TestMethod codeBase="C:\Projekty\xUnitTestProject\bin\Debug\netcoreapp3.1\xUnitTestProject.dll" adapterTypeName="executor://xunit/VsTestRunner2/netcoreapp" className="xUnitTestProject.CurrencyHelperTests" name="FormatToStringTest1000" />
    </UnitTest>
    <UnitTest name="xUnitTestProject.CurrencyHelperTests.FormatToStringTest1000(price: 13455.521105358153, expected: &quot;13455.52 zł&quot;)" storage="c:\projekty\xunittestproject\bin\debug\netcoreapp3.1\xunittestproject.dll" id="87f6b537-303b-ee32-7ebc-e34863879e5b">
      <Execution id="5e400dc8-682e-45b3-8923-7d19a7784d25" />
      <TestMethod codeBase="C:\Projekty\xUnitTestProject\bin\Debug\netcoreapp3.1\xUnitTestProject.dll" adapterTypeName="executor://xunit/VsTestRunner2/netcoreapp" className="xUnitTestProject.CurrencyHelperTests" name="FormatToStringTest1000" />
    </UnitTest>
    <UnitTest name="xUnitTestProject.CurrencyHelperTests.FormatToStringTest1000(price: 395.45790295882983, expected: &quot;395.46 zł&quot;)" storage="c:\projekty\xunittestproject\bin\debug\netcoreapp3.1\xunittestproject.dll" id="9f159054-0ade-aabd-0878-ac1771f3fda6">
      <Execution id="587da107-068c-454a-969d-87cf73abeff7" />
      <TestMethod codeBase="C:\Projekty\xUnitTestProject\bin\Debug\netcoreapp3.1\xUnitTestProject.dll" adapterTypeName="executor://xunit/VsTestRunner2/netcoreapp" className="xUnitTestProject.CurrencyHelperTests" name="FormatToStringTest1000" />
    </UnitTest>
    <UnitTest name="xUnitTestProject.CurrencyHelperTests.FormatToStringTest1000(price: 27506.397047390416, expected: &quot;27506.40 zł&quot;)" storage="c:\projekty\xunittestproject\bin\debug\netcoreapp3.1\xunittestproject.dll" id="0010af2c-264b-9fa0-ca85-4bef95661f34">
      <Execution id="d21f6a37-862f-484f-a44a-a12a1dd426bf" />
      <TestMethod codeBase="C:\Projekty\xUnitTestProject\bin\Debug\netcoreapp3.1\xUnitTestProject.dll" adapterTypeName="executor://xunit/VsTestRunner2/netcoreapp" className="xUnitTestProject.CurrencyHelperTests" name="FormatToStringTest1000" />
    </UnitTest>
    <UnitTest name="xUnitTestProject.CurrencyHelperTests.FormatToStringTest1000(price: 15411.371650797022, expected: &quot;15411.37 zł&quot;)" storage="c:\projekty\xunittestproject\bin\debug\netcoreapp3.1\xunittestproject.dll" id="8a9d7602-dc5d-c902-e8f4-8ad4401141f1">
      <Execution id="55fc4beb-7f20-4a07-a586-bd4926140e48" />
      <TestMethod codeBase="C:\Projekty\xUnitTestProject\bin\Debug\netcoreapp3.1\xUnitTestProject.dll" adapterTypeName="executor://xunit/VsTestRunner2/netcoreapp" className="xUnitTestProject.CurrencyHelperTests" name="FormatToStringTest1000" />
    </UnitTest>
    <UnitTest name="xUnitTestProject.CurrencyHelperTests.FormatToStringTest1000(price: 24030.724859085738, expected: &quot;24030.72 zł&quot;)" storage="c:\projekty\xunittestproject\bin\debug\netcoreapp3.1\xunittestproject.dll" id="4a32286d-4292-da18-0868-eb2a25ef068a">
      <Execution id="2ec6a4d3-a005-4323-ba48-c5a794b287e7" />
      <TestMethod codeBase="C:\Projekty\xUnitTestProject\bin\Debug\netcoreapp3.1\xUnitTestProject.dll" adapterTypeName="executor://xunit/VsTestRunner2/netcoreapp" className="xUnitTestProject.CurrencyHelperTests" name="FormatToStringTest1000" />
    </UnitTest>
    <UnitTest name="xUnitTestProject.CurrencyHelperTests.FormatToStringTest1000(price: 5591.2222540617095, expected: &quot;5591.22 zł&quot;)" storage="c:\projekty\xunittestproject\bin\debug\netcoreapp3.1\xunittestproject.dll" id="bafd99e7-ca41-5985-0fa2-b8c4e8f1fc8c">
      <Execution id="4c5b27dc-2b65-49d3-b22b-2d47a4c9b6a9" />
      <TestMethod codeBase="C:\Projekty\xUnitTestProject\bin\Debug\netcoreapp3.1\xUnitTestProject.dll" adapterTypeName="executor://xunit/VsTestRunner2/netcoreapp" className="xUnitTestProject.CurrencyHelperTests" name="FormatToStringTest1000" />
    </UnitTest>
    <UnitTest name="xUnitTestProject.CurrencyHelperTests.FormatToStringTest1000(price: 2216.881526520886, expected: &quot;2216.88 zł&quot;)" storage="c:\projekty\xunittestproject\bin\debug\netcoreapp3.1\xunittestproject.dll" id="0740431b-2d5c-94f4-7631-d3fb545f47f1">
      <Execution id="e0229a88-4dac-44f6-9480-eb0cc295ded4" />
      <TestMethod codeBase="C:\Projekty\xUnitTestProject\bin\Debug\netcoreapp3.1\xUnitTestProject.dll" adapterTypeName="executor://xunit/VsTestRunner2/netcoreapp" className="xUnitTestProject.CurrencyHelperTests" name="FormatToStringTest1000" />
    </UnitTest>
    <UnitTest name="xUnitTestProject.CurrencyHelperTests.FormatToStringTest1000(price: 1130.8119115372242, expected: &quot;1130.81 zł&quot;)" storage="c:\projekty\xunittestproject\bin\debug\netcoreapp3.1\xunittestproject.dll" id="61863f63-9d64-1d88-3d10-ad0f63ed338b">
      <Execution id="65d60b30-6b6a-4c1e-ba96-0847be2ebb6d" />
      <TestMethod codeBase="C:\Projekty\xUnitTestProject\bin\Debug\netcoreapp3.1\xUnitTestProject.dll" adapterTypeName="executor://xunit/VsTestRunner2/netcoreapp" className="xUnitTestProject.CurrencyHelperTests" name="FormatToStringTest1000" />
    </UnitTest>
    <UnitTest name="xUnitTestProject.CurrencyHelperTests.FormatToStringTest1000(price: 45445.182098106096, expected: &quot;45445.18 zł&quot;)" storage="c:\projekty\xunittestproject\bin\debug\netcoreapp3.1\xunittestproject.dll" id="a5e0b38b-1cb1-a5af-a5f1-f247fd82227e">
      <Execution id="55b91a6c-4cf3-48d2-9785-cd8a32163d9e" />
      <TestMethod codeBase="C:\Projekty\xUnitTestProject\bin\Debug\netcoreapp3.1\xUnitTestProject.dll" adapterTypeName="executor://xunit/VsTestRunner2/netcoreapp" className="xUnitTestProject.CurrencyHelperTests" name="FormatToStringTest1000" />
    </UnitTest>
    <UnitTest name="xUnitTestProject.CurrencyHelperTests.FormatToStringTest1000(price: 10534.184353995222, expected: &quot;10534.18 zł&quot;)" storage="c:\projekty\xunittestproject\bin\debug\netcoreapp3.1\xunittestproject.dll" id="076b3f7c-bfd3-700c-3093-f885fe165b03">
      <Execution id="eca79193-cf84-4df7-a969-6f7133d86f26" />
      <TestMethod codeBase="C:\Projekty\xUnitTestProject\bin\Debug\netcoreapp3.1\xUnitTestProject.dll" adapterTypeName="executor://xunit/VsTestRunner2/netcoreapp" className="xUnitTestProject.CurrencyHelperTests" name="FormatToStringTest1000" />
    </UnitTest>
    <UnitTest name="xUnitTestProject.CurrencyHelperTests.FormatToStringTest1000(price: 30111.54342534372, expected: &quot;30111.54 zł&quot;)" storage="c:\projekty\xunittestproject\bin\debug\netcoreapp3.1\xunittestproject.dll" id="61cb44e8-f4b9-17e3-5cff-1fc9b36625bf">
      <Execution id="f90a3684-2e0d-4f68-93f1-f5927b0fed11" />
      <TestMethod codeBase="C:\Projekty\xUnitTestProject\bin\Debug\netcoreapp3.1\xUnitTestProject.dll" adapterTypeName="executor://xunit/VsTestRunner2/netcoreapp" className="xUnitTestProject.CurrencyHelperTests" name="FormatToStringTest1000" />
    </UnitTest>
    <UnitTest name="xUnitTestProject.CurrencyHelperTests.FormatToStringTest1000(price: 60323.066780431225, expected: &quot;60323.07 zł&quot;)" storage="c:\projekty\xunittestproject\bin\debug\netcoreapp3.1\xunittestproject.dll" id="80972e1e-3ff9-bf5c-296f-71aecb5aa2ee">
      <Execution id="60890d00-9fe6-4491-8d85-ce43095d318b" />
      <TestMethod codeBase="C:\Projekty\xUnitTestProject\bin\Debug\netcoreapp3.1\xUnitTestProject.dll" adapterTypeName="executor://xunit/VsTestRunner2/netcoreapp" className="xUnitTestProject.CurrencyHelperTests" name="FormatToStringTest1000" />
    </UnitTest>
    <UnitTest name="xUnitTestProject.CurrencyHelperTests.FormatToStringTest1000(price: 2390.7596313784643, expected: &quot;2390.76 zł&quot;)" storage="c:\projekty\xunittestproject\bin\debug\netcoreapp3.1\xunittestproject.dll" id="4858eca7-ac2a-e51a-34d1-70891bbff583">
      <Execution id="8fd1abb2-6710-4d28-a719-83945b7e756f" />
      <TestMethod codeBase="C:\Projekty\xUnitTestProject\bin\Debug\netcoreapp3.1\xUnitTestProject.dll" adapterTypeName="executor://xunit/VsTestRunner2/netcoreapp" className="xUnitTestProject.CurrencyHelperTests" name="FormatToStringTest1000" />
    </UnitTest>
    <UnitTest name="xUnitTestProject.CurrencyHelperTests.FormatToStringTest1000(price: 39146.635743126564, expected: &quot;39146.64 zł&quot;)" storage="c:\projekty\xunittestproject\bin\debug\netcoreapp3.1\xunittestproject.dll" id="77cb819c-64b0-1e13-63d3-0049263e7e77">
      <Execution id="68ff042e-b2df-4a9d-9b34-ead14a719fbe" />
      <TestMethod codeBase="C:\Projekty\xUnitTestProject\bin\Debug\netcoreapp3.1\xUnitTestProject.dll" adapterTypeName="executor://xunit/VsTestRunner2/netcoreapp" className="xUnitTestProject.CurrencyHelperTests" name="FormatToStringTest1000" />
    </UnitTest>
    <UnitTest name="xUnitTestProject.CurrencyHelperTests.FormatToStringTest1000(price: 57181.240528605056, expected: &quot;57181.24 zł&quot;)" storage="c:\projekty\xunittestproject\bin\debug\netcoreapp3.1\xunittestproject.dll" id="2c083ad7-fea5-5b33-ddd6-bb2be00bd90c">
      <Execution id="d1205063-6e12-4823-b288-559c3b90125e" />
      <TestMethod codeBase="C:\Projekty\xUnitTestProject\bin\Debug\netcoreapp3.1\xUnitTestProject.dll" adapterTypeName="executor://xunit/VsTestRunner2/netcoreapp" className="xUnitTestProject.CurrencyHelperTests" name="FormatToStringTest1000" />
    </UnitTest>
    <UnitTest name="xUnitTestProject.CurrencyHelperTests.FormatToStringTest1000(price: 9843.625240445894, expected: &quot;9843.63 zł&quot;)" storage="c:\projekty\xunittestproject\bin\debug\netcoreapp3.1\xunittestproject.dll" id="f45cbb0f-431c-8958-4b27-e85aa47cbe41">
      <Execution id="04db88a2-7691-47b8-91f0-b6f81588cb68" />
      <TestMethod codeBase="C:\Projekty\xUnitTestProject\bin\Debug\netcoreapp3.1\xUnitTestProject.dll" adapterTypeName="executor://xunit/VsTestRunner2/netcoreapp" className="xUnitTestProject.CurrencyHelperTests" name="FormatToStringTest1000" />
    </UnitTest>
    <UnitTest name="xUnitTestProject.CurrencyHelperTests.FormatToStringTest1000(price: 20146.183073329827, expected: &quot;20146.18 zł&quot;)" storage="c:\projekty\xunittestproject\bin\debug\netcoreapp3.1\xunittestproject.dll" id="c61ee3ae-8895-24a4-03be-5c9acbad429f">
      <Execution id="b2f6cc62-2203-4490-9912-d6f6dbf6339c" />
      <TestMethod codeBase="C:\Projekty\xUnitTestProject\bin\Debug\netcoreapp3.1\xUnitTestProject.dll" adapterTypeName="executor://xunit/VsTestRunner2/netcoreapp" className="xUnitTestProject.CurrencyHelperTests" name="FormatToStringTest1000" />
    </UnitTest>
    <UnitTest name="xUnitTestProject.CurrencyHelperTests.FormatToStringTest1000(price: 58902.704109088845, expected: &quot;58902.70 zł&quot;)" storage="c:\projekty\xunittestproject\bin\debug\netcoreapp3.1\xunittestproject.dll" id="e457ba43-5ec8-2ef9-9f16-d8e65791d46d">
      <Execution id="9edf8b4b-32af-4185-bb0b-4971c633c20b" />
      <TestMethod codeBase="C:\Projekty\xUnitTestProject\bin\Debug\netcoreapp3.1\xUnitTestProject.dll" adapterTypeName="executor://xunit/VsTestRunner2/netcoreapp" className="xUnitTestProject.CurrencyHelperTests" name="FormatToStringTest1000" />
    </UnitTest>
    <UnitTest name="xUnitTestProject.CurrencyHelperTests.FormatToStringTest1000(price: 32812.53695512634, expected: &quot;32812.54 zł&quot;)" storage="c:\projekty\xunittestproject\bin\debug\netcoreapp3.1\xunittestproject.dll" id="c5891e20-1607-2f4b-ec62-b83eb87653c6">
      <Execution id="676ee762-640e-4207-9be8-e9c43132c1b4" />
      <TestMethod codeBase="C:\Projekty\xUnitTestProject\bin\Debug\netcoreapp3.1\xUnitTestProject.dll" adapterTypeName="executor://xunit/VsTestRunner2/netcoreapp" className="xUnitTestProject.CurrencyHelperTests" name="FormatToStringTest1000" />
    </UnitTest>
    <UnitTest name="xUnitTestProject.CurrencyHelperTests.FormatToStringTest1000(price: 6105.007054037418, expected: &quot;6105.01 zł&quot;)" storage="c:\projekty\xunittestproject\bin\debug\netcoreapp3.1\xunittestproject.dll" id="c303e402-0edb-f6ba-e4af-33ac122437de">
      <Execution id="610c68ea-4485-439d-ad64-7e9c5cc65133" />
      <TestMethod codeBase="C:\Projekty\xUnitTestProject\bin\Debug\netcoreapp3.1\xUnitTestProject.dll" adapterTypeName="executor://xunit/VsTestRunner2/netcoreapp" className="xUnitTestProject.CurrencyHelperTests" name="FormatToStringTest1000" />
    </UnitTest>
    <UnitTest name="xUnitTestProject.CurrencyHelperTests.FormatToStringTest1000(price: 20344.185360967265, expected: &quot;20344.19 zł&quot;)" storage="c:\projekty\xunittestproject\bin\debug\netcoreapp3.1\xunittestproject.dll" id="8b7f95f5-c5ec-10c0-26ff-eb4390bba1ee">
      <Execution id="a3c02cda-2cd2-411c-85e6-a4897b2d1c4a" />
      <TestMethod codeBase="C:\Projekty\xUnitTestProject\bin\Debug\netcoreapp3.1\xUnitTestProject.dll" adapterTypeName="executor://xunit/VsTestRunner2/netcoreapp" className="xUnitTestProject.CurrencyHelperTests" name="FormatToStringTest1000" />
    </UnitTest>
    <UnitTest name="xUnitTestProject.CurrencyHelperTests.FormatToStringTest1000(price: 7124.979180760672, expected: &quot;7124.98 zł&quot;)" storage="c:\projekty\xunittestproject\bin\debug\netcoreapp3.1\xunittestproject.dll" id="843293b0-7cce-f386-da63-2fb428fb7828">
      <Execution id="44e89e34-c353-4948-9ad1-aa656c527080" />
      <TestMethod codeBase="C:\Projekty\xUnitTestProject\bin\Debug\netcoreapp3.1\xUnitTestProject.dll" adapterTypeName="executor://xunit/VsTestRunner2/netcoreapp" className="xUnitTestProject.CurrencyHelperTests" name="FormatToStringTest1000" />
    </UnitTest>
    <UnitTest name="xUnitTestProject.CurrencyHelperTests.FormatToStringTest1000(price: 57713.01647853712, expected: &quot;57713.02 zł&quot;)" storage="c:\projekty\xunittestproject\bin\debug\netcoreapp3.1\xunittestproject.dll" id="f15540c1-ce27-2f60-c3f9-161af09be8cd">
      <Execution id="7984dab8-ef94-4606-af34-fda5d4e47a86" />
      <TestMethod codeBase="C:\Projekty\xUnitTestProject\bin\Debug\netcoreapp3.1\xUnitTestProject.dll" adapterTypeName="executor://xunit/VsTestRunner2/netcoreapp" className="xUnitTestProject.CurrencyHelperTests" name="FormatToStringTest1000" />
    </UnitTest>
    <UnitTest name="xUnitTestProject.CurrencyHelperTests.FormatToStringTest1000(price: 22604.838218828587, expected: &quot;22604.84 zł&quot;)" storage="c:\projekty\xunittestproject\bin\debug\netcoreapp3.1\xunittestproject.dll" id="79a853ed-d140-e6d5-86c3-6423b904d524">
      <Execution id="dae5ca95-d789-4026-bcf4-541105e90149" />
      <TestMethod codeBase="C:\Projekty\xUnitTestProject\bin\Debug\netcoreapp3.1\xUnitTestProject.dll" adapterTypeName="executor://xunit/VsTestRunner2/netcoreapp" className="xUnitTestProject.CurrencyHelperTests" name="FormatToStringTest1000" />
    </UnitTest>
    <UnitTest name="xUnitTestProject.CurrencyHelperTests.FormatToStringTest1000(price: 95071.15957335343, expected: &quot;95071.16 zł&quot;)" storage="c:\projekty\xunittestproject\bin\debug\netcoreapp3.1\xunittestproject.dll" id="93fd2413-8c9b-cb53-924a-b9c4b432d82a">
      <Execution id="8c4fed23-4f52-4d3f-a278-3ca4f3cc3317" />
      <TestMethod codeBase="C:\Projekty\xUnitTestProject\bin\Debug\netcoreapp3.1\xUnitTestProject.dll" adapterTypeName="executor://xunit/VsTestRunner2/netcoreapp" className="xUnitTestProject.CurrencyHelperTests" name="FormatToStringTest1000" />
    </UnitTest>
    <UnitTest name="xUnitTestProject.CurrencyHelperTests.FormatToStringTest1000(price: 9657.360676611475, expected: &quot;9657.36 zł&quot;)" storage="c:\projekty\xunittestproject\bin\debug\netcoreapp3.1\xunittestproject.dll" id="4167d107-473f-7d0a-c3aa-2c271677cfd1">
      <Execution id="35a2119c-b035-4072-8e23-a0061b5dfcbb" />
      <TestMethod codeBase="C:\Projekty\xUnitTestProject\bin\Debug\netcoreapp3.1\xUnitTestProject.dll" adapterTypeName="executor://xunit/VsTestRunner2/netcoreapp" className="xUnitTestProject.CurrencyHelperTests" name="FormatToStringTest1000" />
    </UnitTest>
    <UnitTest name="xUnitTestProject.CurrencyHelperTests.FormatToStringTest1000(price: 26223.99769144412, expected: &quot;26224.00 zł&quot;)" storage="c:\projekty\xunittestproject\bin\debug\netcoreapp3.1\xunittestproject.dll" id="d543b1fe-0034-e565-eca0-f9a5d2d12bdc">
      <Execution id="2ae5880f-8c62-4473-86e6-1b60dc41aace" />
      <TestMethod codeBase="C:\Projekty\xUnitTestProject\bin\Debug\netcoreapp3.1\xUnitTestProject.dll" adapterTypeName="executor://xunit/VsTestRunner2/netcoreapp" className="xUnitTestProject.CurrencyHelperTests" name="FormatToStringTest1000" />
    </UnitTest>
    <UnitTest name="xUnitTestProject.CurrencyHelperTests.FormatToStringTest1000(price: 20244.692955315437, expected: &quot;20244.69 zł&quot;)" storage="c:\projekty\xunittestproject\bin\debug\netcoreapp3.1\xunittestproject.dll" id="3d1af355-28e7-625e-59fd-fe5da700f0dc">
      <Execution id="03d26483-879a-42a3-8e67-8c6eb981076b" />
      <TestMethod codeBase="C:\Projekty\xUnitTestProject\bin\Debug\netcoreapp3.1\xUnitTestProject.dll" adapterTypeName="executor://xunit/VsTestRunner2/netcoreapp" className="xUnitTestProject.CurrencyHelperTests" name="FormatToStringTest1000" />
    </UnitTest>
    <UnitTest name="xUnitTestProject.CurrencyHelperTests.FormatToStringTest1000(price: 31622.81414407809, expected: &quot;31622.81 zł&quot;)" storage="c:\projekty\xunittestproject\bin\debug\netcoreapp3.1\xunittestproject.dll" id="55a64d0e-8de2-b5b6-7b28-338aaabcb504">
      <Execution id="7092d8a7-0359-47ad-867d-032931974caf" />
      <TestMethod codeBase="C:\Projekty\xUnitTestProject\bin\Debug\netcoreapp3.1\xUnitTestProject.dll" adapterTypeName="executor://xunit/VsTestRunner2/netcoreapp" className="xUnitTestProject.CurrencyHelperTests" name="FormatToStringTest1000" />
    </UnitTest>
    <UnitTest name="xUnitTestProject.CurrencyHelperTests.FormatToStringTest1000(price: 9994.9471861026, expected: &quot;9994.95 zł&quot;)" storage="c:\projekty\xunittestproject\bin\debug\netcoreapp3.1\xunittestproject.dll" id="313d194a-30d0-d3d5-cf7b-c5a66b6b3935">
      <Execution id="905f3e94-8719-4247-b88c-49e66fe4f302" />
      <TestMethod codeBase="C:\Projekty\xUnitTestProject\bin\Debug\netcoreapp3.1\xUnitTestProject.dll" adapterTypeName="executor://xunit/VsTestRunner2/netcoreapp" className="xUnitTestProject.CurrencyHelperTests" name="FormatToStringTest1000" />
    </UnitTest>
    <UnitTest name="xUnitTestProject.CurrencyHelperTests.FormatToStringTest1000(price: 16037.01783290087, expected: &quot;16037.02 zł&quot;)" storage="c:\projekty\xunittestproject\bin\debug\netcoreapp3.1\xunittestproject.dll" id="e9fa372e-14d7-79bd-7239-c4f5919adecb">
      <Execution id="140b622b-ffcd-4f17-9463-eb348b683e0b" />
      <TestMethod codeBase="C:\Projekty\xUnitTestProject\bin\Debug\netcoreapp3.1\xUnitTestProject.dll" adapterTypeName="executor://xunit/VsTestRunner2/netcoreapp" className="xUnitTestProject.CurrencyHelperTests" name="FormatToStringTest1000" />
    </UnitTest>
    <UnitTest name="xUnitTestProject.CurrencyHelperTests.FormatToStringTest1000(price: 19352.183340702755, expected: &quot;19352.18 zł&quot;)" storage="c:\projekty\xunittestproject\bin\debug\netcoreapp3.1\xunittestproject.dll" id="e31c0c60-96f3-c3fc-f48c-6d389a7185de">
      <Execution id="509154cf-492c-486a-999a-52d40cd96bda" />
      <TestMethod codeBase="C:\Projekty\xUnitTestProject\bin\Debug\netcoreapp3.1\xUnitTestProject.dll" adapterTypeName="executor://xunit/VsTestRunner2/netcoreapp" className="xUnitTestProject.CurrencyHelperTests" name="FormatToStringTest1000" />
    </UnitTest>
    <UnitTest name="xUnitTestProject.CurrencyHelperTests.FormatToStringTest1000(price: 12871.381729632794, expected: &quot;12871.38 zł&quot;)" storage="c:\projekty\xunittestproject\bin\debug\netcoreapp3.1\xunittestproject.dll" id="2f04d734-6778-0b79-9d14-d79b1e3bb130">
      <Execution id="20b358aa-68d4-483a-9302-c103f62ee3b6" />
      <TestMethod codeBase="C:\Projekty\xUnitTestProject\bin\Debug\netcoreapp3.1\xUnitTestProject.dll" adapterTypeName="executor://xunit/VsTestRunner2/netcoreapp" className="xUnitTestProject.CurrencyHelperTests" name="FormatToStringTest1000" />
    </UnitTest>
    <UnitTest name="xUnitTestProject.CurrencyHelperTests.FormatToStringTest1000(price: 32908.76696502639, expected: &quot;32908.77 zł&quot;)" storage="c:\projekty\xunittestproject\bin\debug\netcoreapp3.1\xunittestproject.dll" id="787cef43-2dc9-190c-2e64-d5af6533289b">
      <Execution id="b1de2be6-2ea2-4353-ac91-f7f0851e44a5" />
      <TestMethod codeBase="C:\Projekty\xUnitTestProject\bin\Debug\netcoreapp3.1\xUnitTestProject.dll" adapterTypeName="executor://xunit/VsTestRunner2/netcoreapp" className="xUnitTestProject.CurrencyHelperTests" name="FormatToStringTest1000" />
    </UnitTest>
    <UnitTest name="xUnitTestProject.CurrencyHelperTests.FormatToStringTest1000(price: 134.1514758393874, expected: &quot;134.15 zł&quot;)" storage="c:\projekty\xunittestproject\bin\debug\netcoreapp3.1\xunittestproject.dll" id="3a8cda37-b7cc-323f-afa4-03303dd2ce88">
      <Execution id="782cf3d0-5004-47f2-b681-7f00c6ebce71" />
      <TestMethod codeBase="C:\Projekty\xUnitTestProject\bin\Debug\netcoreapp3.1\xUnitTestProject.dll" adapterTypeName="executor://xunit/VsTestRunner2/netcoreapp" className="xUnitTestProject.CurrencyHelperTests" name="FormatToStringTest1000" />
    </UnitTest>
    <UnitTest name="xUnitTestProject.CurrencyHelperTests.FormatToStringTest1000(price: 4648.492795337221, expected: &quot;4648.49 zł&quot;)" storage="c:\projekty\xunittestproject\bin\debug\netcoreapp3.1\xunittestproject.dll" id="d256d95f-79c2-283f-fe67-61aaa54d0e1b">
      <Execution id="2ba83950-cce9-478c-ac42-4f87a6717cf6" />
      <TestMethod codeBase="C:\Projekty\xUnitTestProject\bin\Debug\netcoreapp3.1\xUnitTestProject.dll" adapterTypeName="executor://xunit/VsTestRunner2/netcoreapp" className="xUnitTestProject.CurrencyHelperTests" name="FormatToStringTest1000" />
    </UnitTest>
    <UnitTest name="xUnitTestProject.CurrencyHelperTests.FormatToStringTest1000(price: 26858.35647848731, expected: &quot;26858.36 zł&quot;)" storage="c:\projekty\xunittestproject\bin\debug\netcoreapp3.1\xunittestproject.dll" id="0fb536e2-af1a-ef21-5b53-d89a189dda8d">
      <Execution id="cfb08536-6196-4c82-9cea-eb921f7e44a7" />
      <TestMethod codeBase="C:\Projekty\xUnitTestProject\bin\Debug\netcoreapp3.1\xUnitTestProject.dll" adapterTypeName="executor://xunit/VsTestRunner2/netcoreapp" className="xUnitTestProject.CurrencyHelperTests" name="FormatToStringTest1000" />
    </UnitTest>
    <UnitTest name="xUnitTestProject.CurrencyHelperTests.FormatToStringTest1000(price: 3503.9809179231434, expected: &quot;3503.98 zł&quot;)" storage="c:\projekty\xunittestproject\bin\debug\netcoreapp3.1\xunittestproject.dll" id="40be92cf-d13e-6e4d-cafb-3ad22a6b9f7e">
      <Execution id="d9683ec3-0443-4ed4-96ad-17a97ffd90d8" />
      <TestMethod codeBase="C:\Projekty\xUnitTestProject\bin\Debug\netcoreapp3.1\xUnitTestProject.dll" adapterTypeName="executor://xunit/VsTestRunner2/netcoreapp" className="xUnitTestProject.CurrencyHelperTests" name="FormatToStringTest1000" />
    </UnitTest>
    <UnitTest name="xUnitTestProject.CurrencyHelperTests.FormatToStringTest1000(price: 11118.620997698335, expected: &quot;11118.62 zł&quot;)" storage="c:\projekty\xunittestproject\bin\debug\netcoreapp3.1\xunittestproject.dll" id="9634b23e-736b-8d03-4e65-5819fb03baa5">
      <Execution id="4f8bec41-a9f6-4d88-8563-2f5ac525bcc2" />
      <TestMethod codeBase="C:\Projekty\xUnitTestProject\bin\Debug\netcoreapp3.1\xUnitTestProject.dll" adapterTypeName="executor://xunit/VsTestRunner2/netcoreapp" className="xUnitTestProject.CurrencyHelperTests" name="FormatToStringTest1000" />
    </UnitTest>
    <UnitTest name="xUnitTestProject.CurrencyHelperTests.FormatToStringTest1000(price: 45603.90324273142, expected: &quot;45603.90 zł&quot;)" storage="c:\projekty\xunittestproject\bin\debug\netcoreapp3.1\xunittestproject.dll" id="f58711de-d6a1-25df-941a-d7a477d8bf41">
      <Execution id="fc4414a1-e54a-4dbd-a642-d8b1ca7992f8" />
      <TestMethod codeBase="C:\Projekty\xUnitTestProject\bin\Debug\netcoreapp3.1\xUnitTestProject.dll" adapterTypeName="executor://xunit/VsTestRunner2/netcoreapp" className="xUnitTestProject.CurrencyHelperTests" name="FormatToStringTest1000" />
    </UnitTest>
    <UnitTest name="xUnitTestProject.CurrencyHelperTests.FormatToStringTest1000(price: 4105.490993980081, expected: &quot;4105.49 zł&quot;)" storage="c:\projekty\xunittestproject\bin\debug\netcoreapp3.1\xunittestproject.dll" id="2fe7dd20-7d34-4621-c4bd-6f2ec94c5407">
      <Execution id="340fe833-7830-4d16-bd17-01fb074bdd84" />
      <TestMethod codeBase="C:\Projekty\xUnitTestProject\bin\Debug\netcoreapp3.1\xUnitTestProject.dll" adapterTypeName="executor://xunit/VsTestRunner2/netcoreapp" className="xUnitTestProject.CurrencyHelperTests" name="FormatToStringTest1000" />
    </UnitTest>
    <UnitTest name="xUnitTestProject.CurrencyHelperTests.FormatToStringTest1000(price: 45930.2386782068, expected: &quot;45930.24 zł&quot;)" storage="c:\projekty\xunittestproject\bin\debug\netcoreapp3.1\xunittestproject.dll" id="8de67803-7acb-6ed7-12bc-5420c17b40c0">
      <Execution id="41d0d2a5-7ed9-43f9-ab83-72a3f0ce2c09" />
      <TestMethod codeBase="C:\Projekty\xUnitTestProject\bin\Debug\netcoreapp3.1\xUnitTestProject.dll" adapterTypeName="executor://xunit/VsTestRunner2/netcoreapp" className="xUnitTestProject.CurrencyHelperTests" name="FormatToStringTest1000" />
    </UnitTest>
    <UnitTest name="xUnitTestProject.CurrencyHelperTests.FormatToStringTest1000(price: 3646.857719214101, expected: &quot;3646.86 zł&quot;)" storage="c:\projekty\xunittestproject\bin\debug\netcoreapp3.1\xunittestproject.dll" id="3af61c48-eead-454e-59a5-a117f0360878">
      <Execution id="9adb2b73-85d5-42ad-b4eb-fbaafd6020e9" />
      <TestMethod codeBase="C:\Projekty\xUnitTestProject\bin\Debug\netcoreapp3.1\xUnitTestProject.dll" adapterTypeName="executor://xunit/VsTestRunner2/netcoreapp" className="xUnitTestProject.CurrencyHelperTests" name="FormatToStringTest1000" />
    </UnitTest>
    <UnitTest name="xUnitTestProject.CurrencyHelperTests.FormatToStringTest1000(price: 18023.78504577455, expected: &quot;18023.79 zł&quot;)" storage="c:\projekty\xunittestproject\bin\debug\netcoreapp3.1\xunittestproject.dll" id="d633a901-6eef-f5d7-952c-569ae3ddce8f">
      <Execution id="b8218923-cac1-4d9b-b2d3-404f8d694de4" />
      <TestMethod codeBase="C:\Projekty\xUnitTestProject\bin\Debug\netcoreapp3.1\xUnitTestProject.dll" adapterTypeName="executor://xunit/VsTestRunner2/netcoreapp" className="xUnitTestProject.CurrencyHelperTests" name="FormatToStringTest1000" />
    </UnitTest>
    <UnitTest name="xUnitTestProject.CurrencyHelperTests.FormatToStringTest1000(price: 22189.78731674132, expected: &quot;22189.79 zł&quot;)" storage="c:\projekty\xunittestproject\bin\debug\netcoreapp3.1\xunittestproject.dll" id="4cc08620-7636-5b0e-e6ce-7fa1f27effef">
      <Execution id="496a8e5f-3f3d-4966-aff7-367d2d09df1d" />
      <TestMethod codeBase="C:\Projekty\xUnitTestProject\bin\Debug\netcoreapp3.1\xUnitTestProject.dll" adapterTypeName="executor://xunit/VsTestRunner2/netcoreapp" className="xUnitTestProject.CurrencyHelperTests" name="FormatToStringTest1000" />
    </UnitTest>
    <UnitTest name="xUnitTestProject.CurrencyHelperTests.FormatToStringTest1000(price: 24957.469502810607, expected: &quot;24957.47 zł&quot;)" storage="c:\projekty\xunittestproject\bin\debug\netcoreapp3.1\xunittestproject.dll" id="b16fb8e5-3fa9-845c-9c70-ee0c0d261e2c">
      <Execution id="63c40e33-b7b8-4367-98fd-8e5125582ca8" />
      <TestMethod codeBase="C:\Projekty\xUnitTestProject\bin\Debug\netcoreapp3.1\xUnitTestProject.dll" adapterTypeName="executor://xunit/VsTestRunner2/netcoreapp" className="xUnitTestProject.CurrencyHelperTests" name="FormatToStringTest1000" />
    </UnitTest>
    <UnitTest name="xUnitTestProject.CurrencyHelperTests.FormatToStringTest1000(price: 49416.285282306504, expected: &quot;49416.29 zł&quot;)" storage="c:\projekty\xunittestproject\bin\debug\netcoreapp3.1\xunittestproject.dll" id="c74f6017-9eb9-5854-4b62-c26b4cabe787">
      <Execution id="c0393031-1148-4a04-a603-d7e7a80efbe2" />
      <TestMethod codeBase="C:\Projekty\xUnitTestProject\bin\Debug\netcoreapp3.1\xUnitTestProject.dll" adapterTypeName="executor://xunit/VsTestRunner2/netcoreapp" className="xUnitTestProject.CurrencyHelperTests" name="FormatToStringTest1000" />
    </UnitTest>
    <UnitTest name="xUnitTestProject.CurrencyHelperTests.FormatToStringTest1000(price: 2121.0917325211185, expected: &quot;2121.09 zł&quot;)" storage="c:\projekty\xunittestproject\bin\debug\netcoreapp3.1\xunittestproject.dll" id="4df9b13a-de84-7056-3c88-543d3fa32c62">
      <Execution id="fd90df70-87ca-4c30-a97c-e75a9df0bf16" />
      <TestMethod codeBase="C:\Projekty\xUnitTestProject\bin\Debug\netcoreapp3.1\xUnitTestProject.dll" adapterTypeName="executor://xunit/VsTestRunner2/netcoreapp" className="xUnitTestProject.CurrencyHelperTests" name="FormatToStringTest1000" />
    </UnitTest>
    <UnitTest name="xUnitTestProject.CurrencyHelperTests.FormatToStringTest1000(price: 16957.4523676757, expected: &quot;16957.45 zł&quot;)" storage="c:\projekty\xunittestproject\bin\debug\netcoreapp3.1\xunittestproject.dll" id="e099abd9-c51a-27c3-fe30-7b74e00a337f">
      <Execution id="a7a0cc96-7cbd-4cb4-a965-76eb0744f3ee" />
      <TestMethod codeBase="C:\Projekty\xUnitTestProject\bin\Debug\netcoreapp3.1\xUnitTestProject.dll" adapterTypeName="executor://xunit/VsTestRunner2/netcoreapp" className="xUnitTestProject.CurrencyHelperTests" name="FormatToStringTest1000" />
    </UnitTest>
    <UnitTest name="xUnitTestProject.CurrencyHelperTests.FormatToStringTest1000(price: 34145.534199603615, expected: &quot;34145.53 zł&quot;)" storage="c:\projekty\xunittestproject\bin\debug\netcoreapp3.1\xunittestproject.dll" id="3d5d455f-8b5b-9efe-5bfb-ffa440cd9adb">
      <Execution id="594687eb-2a4b-4169-9aa1-1ada2bab2fe8" />
      <TestMethod codeBase="C:\Projekty\xUnitTestProject\bin\Debug\netcoreapp3.1\xUnitTestProject.dll" adapterTypeName="executor://xunit/VsTestRunner2/netcoreapp" className="xUnitTestProject.CurrencyHelperTests" name="FormatToStringTest1000" />
    </UnitTest>
    <UnitTest name="xUnitTestProject.CurrencyHelperTests.FormatToStringTest1000(price: 6102.4120417453405, expected: &quot;6102.41 zł&quot;)" storage="c:\projekty\xunittestproject\bin\debug\netcoreapp3.1\xunittestproject.dll" id="c7c013ea-be14-a4b5-1c6f-2b6dde46abbc">
      <Execution id="7a932434-6c76-47a4-91bb-ffe02f797fbd" />
      <TestMethod codeBase="C:\Projekty\xUnitTestProject\bin\Debug\netcoreapp3.1\xUnitTestProject.dll" adapterTypeName="executor://xunit/VsTestRunner2/netcoreapp" className="xUnitTestProject.CurrencyHelperTests" name="FormatToStringTest1000" />
    </UnitTest>
    <UnitTest name="xUnitTestProject.CurrencyHelperTests.FormatToStringTest1000(price: 13508.811787825922, expected: &quot;13508.81 zł&quot;)" storage="c:\projekty\xunittestproject\bin\debug\netcoreapp3.1\xunittestproject.dll" id="f7ba8e86-cb66-6ef4-d1cf-87def896d05b">
      <Execution id="b056dbad-6ac5-44f9-bb02-1d2a94cd8a91" />
      <TestMethod codeBase="C:\Projekty\xUnitTestProject\bin\Debug\netcoreapp3.1\xUnitTestProject.dll" adapterTypeName="executor://xunit/VsTestRunner2/netcoreapp" className="xUnitTestProject.CurrencyHelperTests" name="FormatToStringTest1000" />
    </UnitTest>
    <UnitTest name="xUnitTestProject.CurrencyHelperTests.FormatToStringTest1000(price: 25720.27551496321, expected: &quot;25720.28 zł&quot;)" storage="c:\projekty\xunittestproject\bin\debug\netcoreapp3.1\xunittestproject.dll" id="f015f451-5073-33ab-39c2-17ab900bf337">
      <Execution id="3d0c278f-cd82-4006-87db-bdf9576888f7" />
      <TestMethod codeBase="C:\Projekty\xUnitTestProject\bin\Debug\netcoreapp3.1\xUnitTestProject.dll" adapterTypeName="executor://xunit/VsTestRunner2/netcoreapp" className="xUnitTestProject.CurrencyHelperTests" name="FormatToStringTest1000" />
    </UnitTest>
    <UnitTest name="xUnitTestProject.CurrencyHelperTests.FormatToStringTest1000(price: 9151.103070427245, expected: &quot;9151.10 zł&quot;)" storage="c:\projekty\xunittestproject\bin\debug\netcoreapp3.1\xunittestproject.dll" id="9c8eee20-620b-e0aa-1580-d34a7e65e392">
      <Execution id="9cebe32f-e1e6-4bee-bc80-043104e65a2f" />
      <TestMethod codeBase="C:\Projekty\xUnitTestProject\bin\Debug\netcoreapp3.1\xUnitTestProject.dll" adapterTypeName="executor://xunit/VsTestRunner2/netcoreapp" className="xUnitTestProject.CurrencyHelperTests" name="FormatToStringTest1000" />
    </UnitTest>
    <UnitTest name="xUnitTestProject.CurrencyHelperTests.FormatToStringTest1000(price: 6173.0243155793405, expected: &quot;6173.02 zł&quot;)" storage="c:\projekty\xunittestproject\bin\debug\netcoreapp3.1\xunittestproject.dll" id="3592b35e-5647-34de-406e-9d7d0b031ac6">
      <Execution id="d680e0cb-ec10-4f81-b2e4-6b700ac92d43" />
      <TestMethod codeBase="C:\Projekty\xUnitTestProject\bin\Debug\netcoreapp3.1\xUnitTestProject.dll" adapterTypeName="executor://xunit/VsTestRunner2/netcoreapp" className="xUnitTestProject.CurrencyHelperTests" name="FormatToStringTest1000" />
    </UnitTest>
    <UnitTest name="xUnitTestProject.CurrencyHelperTests.FormatToStringTest1000(price: 79973.08417819678, expected: &quot;79973.08 zł&quot;)" storage="c:\projekty\xunittestproject\bin\debug\netcoreapp3.1\xunittestproject.dll" id="34bcb15f-3abe-d5c6-acbc-f3d258cf59b6">
      <Execution id="dd0592e9-b349-4d04-a259-a9480343e72b" />
      <TestMethod codeBase="C:\Projekty\xUnitTestProject\bin\Debug\netcoreapp3.1\xUnitTestProject.dll" adapterTypeName="executor://xunit/VsTestRunner2/netcoreapp" className="xUnitTestProject.CurrencyHelperTests" name="FormatToStringTest1000" />
    </UnitTest>
    <UnitTest name="xUnitTestProject.CurrencyHelperTests.FormatToStringTest1000(price: 37589.670531794276, expected: &quot;37589.67 zł&quot;)" storage="c:\projekty\xunittestproject\bin\debug\netcoreapp3.1\xunittestproject.dll" id="f6a49bae-16a9-096b-f816-1c54e1a6b8b7">
      <Execution id="a728d042-5b38-4363-a9fc-a4a1c0b609f3" />
      <TestMethod codeBase="C:\Projekty\xUnitTestProject\bin\Debug\netcoreapp3.1\xUnitTestProject.dll" adapterTypeName="executor://xunit/VsTestRunner2/netcoreapp" className="xUnitTestProject.CurrencyHelperTests" name="FormatToStringTest1000" />
    </UnitTest>
    <UnitTest name="xUnitTestProject.CurrencyHelperTests.FormatToStringTest1000(price: 657.5396922647672, expected: &quot;657.54 zł&quot;)" storage="c:\projekty\xunittestproject\bin\debug\netcoreapp3.1\xunittestproject.dll" id="82e67c06-9849-1902-4582-6ac1133c7960">
      <Execution id="ccea8025-0d38-4c84-9b56-cb16fbb79b0c" />
      <TestMethod codeBase="C:\Projekty\xUnitTestProject\bin\Debug\netcoreapp3.1\xUnitTestProject.dll" adapterTypeName="executor://xunit/VsTestRunner2/netcoreapp" className="xUnitTestProject.CurrencyHelperTests" name="FormatToStringTest1000" />
    </UnitTest>
    <UnitTest name="xUnitTestProject.CurrencyHelperTests.FormatToStringTest1000(price: 34062.88803158276, expected: &quot;34062.89 zł&quot;)" storage="c:\projekty\xunittestproject\bin\debug\netcoreapp3.1\xunittestproject.dll" id="4c71192e-43b4-c49c-e53a-9e4a0adf6b7e">
      <Execution id="4561c797-8d70-45ea-ab3c-e318686aa261" />
      <TestMethod codeBase="C:\Projekty\xUnitTestProject\bin\Debug\netcoreapp3.1\xUnitTestProject.dll" adapterTypeName="executor://xunit/VsTestRunner2/netcoreapp" className="xUnitTestProject.CurrencyHelperTests" name="FormatToStringTest1000" />
    </UnitTest>
    <UnitTest name="xUnitTestProject.CurrencyHelperTests.FormatToStringTest1000(price: 54724.71040318008, expected: &quot;54724.71 zł&quot;)" storage="c:\projekty\xunittestproject\bin\debug\netcoreapp3.1\xunittestproject.dll" id="3436f427-af0a-5bde-6f98-b38b99a7cf5b">
      <Execution id="ffcc9863-32b1-4193-b038-c8925664a95e" />
      <TestMethod codeBase="C:\Projekty\xUnitTestProject\bin\Debug\netcoreapp3.1\xUnitTestProject.dll" adapterTypeName="executor://xunit/VsTestRunner2/netcoreapp" className="xUnitTestProject.CurrencyHelperTests" name="FormatToStringTest1000" />
    </UnitTest>
    <UnitTest name="xUnitTestProject.CurrencyHelperTests.FormatToStringTest1000(price: 2435.1995505835857, expected: &quot;2435.20 zł&quot;)" storage="c:\projekty\xunittestproject\bin\debug\netcoreapp3.1\xunittestproject.dll" id="a79fd14a-da4c-bcf0-0f87-a480851cd28d">
      <Execution id="bd636599-269c-40df-914d-0b65bbe4126d" />
      <TestMethod codeBase="C:\Projekty\xUnitTestProject\bin\Debug\netcoreapp3.1\xUnitTestProject.dll" adapterTypeName="executor://xunit/VsTestRunner2/netcoreapp" className="xUnitTestProject.CurrencyHelperTests" name="FormatToStringTest1000" />
    </UnitTest>
    <UnitTest name="xUnitTestProject.CurrencyHelperTests.FormatToStringTest1000(price: 11958.422287871792, expected: &quot;11958.42 zł&quot;)" storage="c:\projekty\xunittestproject\bin\debug\netcoreapp3.1\xunittestproject.dll" id="0fe69b56-67e1-3f07-b6ce-8076afaa9bd7">
      <Execution id="9cf45610-2d21-49fe-8915-d7ff6bcdda9e" />
      <TestMethod codeBase="C:\Projekty\xUnitTestProject\bin\Debug\netcoreapp3.1\xUnitTestProject.dll" adapterTypeName="executor://xunit/VsTestRunner2/netcoreapp" className="xUnitTestProject.CurrencyHelperTests" name="FormatToStringTest1000" />
    </UnitTest>
    <UnitTest name="xUnitTestProject.CurrencyHelperTests.FormatToStringTest1000(price: 38845.74924104323, expected: &quot;38845.75 zł&quot;)" storage="c:\projekty\xunittestproject\bin\debug\netcoreapp3.1\xunittestproject.dll" id="10e970c4-cd41-e630-0953-62de694a4cfc">
      <Execution id="71c334bc-8410-4724-b705-1c5f1472b1d7" />
      <TestMethod codeBase="C:\Projekty\xUnitTestProject\bin\Debug\netcoreapp3.1\xUnitTestProject.dll" adapterTypeName="executor://xunit/VsTestRunner2/netcoreapp" className="xUnitTestProject.CurrencyHelperTests" name="FormatToStringTest1000" />
    </UnitTest>
    <UnitTest name="xUnitTestProject.CurrencyHelperTests.FormatToStringTest1000(price: 50664.01951024869, expected: &quot;50664.02 zł&quot;)" storage="c:\projekty\xunittestproject\bin\debug\netcoreapp3.1\xunittestproject.dll" id="888f3232-385d-d83f-1eb6-9a6c46cfe5c3">
      <Execution id="e7cf6cc7-a397-46d6-9625-7978869e1fd8" />
      <TestMethod codeBase="C:\Projekty\xUnitTestProject\bin\Debug\netcoreapp3.1\xUnitTestProject.dll" adapterTypeName="executor://xunit/VsTestRunner2/netcoreapp" className="xUnitTestProject.CurrencyHelperTests" name="FormatToStringTest1000" />
    </UnitTest>
    <UnitTest name="xUnitTestProject.CurrencyHelperTests.FormatToStringTest1000(price: 20454.142628653506, expected: &quot;20454.14 zł&quot;)" storage="c:\projekty\xunittestproject\bin\debug\netcoreapp3.1\xunittestproject.dll" id="5d5f3f94-f47b-3420-095f-ee592218e6de">
      <Execution id="445a4df9-977a-495c-bb40-8fd0fa37e1c1" />
      <TestMethod codeBase="C:\Projekty\xUnitTestProject\bin\Debug\netcoreapp3.1\xUnitTestProject.dll" adapterTypeName="executor://xunit/VsTestRunner2/netcoreapp" className="xUnitTestProject.CurrencyHelperTests" name="FormatToStringTest1000" />
    </UnitTest>
    <UnitTest name="xUnitTestProject.CurrencyHelperTests.FormatToStringTest1000(price: 17232.486162219426, expected: &quot;17232.49 zł&quot;)" storage="c:\projekty\xunittestproject\bin\debug\netcoreapp3.1\xunittestproject.dll" id="ad936791-3884-bcd2-a8bf-cc0980504588">
      <Execution id="038c4478-b7fb-4ba4-b637-3cb93b6f6836" />
      <TestMethod codeBase="C:\Projekty\xUnitTestProject\bin\Debug\netcoreapp3.1\xUnitTestProject.dll" adapterTypeName="executor://xunit/VsTestRunner2/netcoreapp" className="xUnitTestProject.CurrencyHelperTests" name="FormatToStringTest1000" />
    </UnitTest>
    <UnitTest name="xUnitTestProject.CurrencyHelperTests.FormatToStringTest1000(price: 13414.3551766441, expected: &quot;13414.36 zł&quot;)" storage="c:\projekty\xunittestproject\bin\debug\netcoreapp3.1\xunittestproject.dll" id="5481b8f6-7923-7c75-9ba8-6b8dff0a8582">
      <Execution id="7be37fae-c2fc-4576-9821-e6e51bcc05e1" />
      <TestMethod codeBase="C:\Projekty\xUnitTestProject\bin\Debug\netcoreapp3.1\xUnitTestProject.dll" adapterTypeName="executor://xunit/VsTestRunner2/netcoreapp" className="xUnitTestProject.CurrencyHelperTests" name="FormatToStringTest1000" />
    </UnitTest>
    <UnitTest name="xUnitTestProject.CurrencyHelperTests.FormatToStringTest1000(price: 5548.360986085777, expected: &quot;5548.36 zł&quot;)" storage="c:\projekty\xunittestproject\bin\debug\netcoreapp3.1\xunittestproject.dll" id="5bb9d818-e2ff-58b7-df0a-941461adb800">
      <Execution id="dc6a569c-9b46-4e29-a40c-408324415050" />
      <TestMethod codeBase="C:\Projekty\xUnitTestProject\bin\Debug\netcoreapp3.1\xUnitTestProject.dll" adapterTypeName="executor://xunit/VsTestRunner2/netcoreapp" className="xUnitTestProject.CurrencyHelperTests" name="FormatToStringTest1000" />
    </UnitTest>
    <UnitTest name="xUnitTestProject.CurrencyHelperTests.FormatToStringTest1000(price: 8582.709131852587, expected: &quot;8582.71 zł&quot;)" storage="c:\projekty\xunittestproject\bin\debug\netcoreapp3.1\xunittestproject.dll" id="0fab285a-bfbc-a49a-b095-2b979efe33e8">
      <Execution id="8208bf57-37b1-49aa-9b5d-c94bb20a3495" />
      <TestMethod codeBase="C:\Projekty\xUnitTestProject\bin\Debug\netcoreapp3.1\xUnitTestProject.dll" adapterTypeName="executor://xunit/VsTestRunner2/netcoreapp" className="xUnitTestProject.CurrencyHelperTests" name="FormatToStringTest1000" />
    </UnitTest>
    <UnitTest name="xUnitTestProject.CurrencyHelperTests.FormatToStringTest1000(price: 15190.097283723344, expected: &quot;15190.10 zł&quot;)" storage="c:\projekty\xunittestproject\bin\debug\netcoreapp3.1\xunittestproject.dll" id="a50452b0-19e4-73e9-85e6-be9ac505f00e">
      <Execution id="0f701f11-9736-4823-aa09-09f5f0ea2ccb" />
      <TestMethod codeBase="C:\Projekty\xUnitTestProject\bin\Debug\netcoreapp3.1\xUnitTestProject.dll" adapterTypeName="executor://xunit/VsTestRunner2/netcoreapp" className="xUnitTestProject.CurrencyHelperTests" name="FormatToStringTest1000" />
    </UnitTest>
    <UnitTest name="xUnitTestProject.CurrencyHelperTests.FormatToStringTest1000(price: 13582.47117894258, expected: &quot;13582.47 zł&quot;)" storage="c:\projekty\xunittestproject\bin\debug\netcoreapp3.1\xunittestproject.dll" id="bfa1b3ee-d7a8-b11e-2134-8a3b879aa609">
      <Execution id="03303451-6e6a-4129-8bb1-878aa3976907" />
      <TestMethod codeBase="C:\Projekty\xUnitTestProject\bin\Debug\netcoreapp3.1\xUnitTestProject.dll" adapterTypeName="executor://xunit/VsTestRunner2/netcoreapp" className="xUnitTestProject.CurrencyHelperTests" name="FormatToStringTest1000" />
    </UnitTest>
    <UnitTest name="xUnitTestProject.CurrencyHelperTests.FormatToStringTest1000(price: 1687.5965557361937, expected: &quot;1687.60 zł&quot;)" storage="c:\projekty\xunittestproject\bin\debug\netcoreapp3.1\xunittestproject.dll" id="2732f008-e7e8-d754-7384-c116f008d613">
      <Execution id="9221dea6-e623-4ec0-9191-7dce345c3fea" />
      <TestMethod codeBase="C:\Projekty\xUnitTestProject\bin\Debug\netcoreapp3.1\xUnitTestProject.dll" adapterTypeName="executor://xunit/VsTestRunner2/netcoreapp" className="xUnitTestProject.CurrencyHelperTests" name="FormatToStringTest1000" />
    </UnitTest>
    <UnitTest name="xUnitTestProject.CurrencyHelperTests.FormatToStringTest1000(price: 6027.66019266828, expected: &quot;6027.66 zł&quot;)" storage="c:\projekty\xunittestproject\bin\debug\netcoreapp3.1\xunittestproject.dll" id="2a896644-50d0-a8ac-de47-7ac4676c290e">
      <Execution id="1c365abd-6295-4fed-9c06-e1ec6a614406" />
      <TestMethod codeBase="C:\Projekty\xUnitTestProject\bin\Debug\netcoreapp3.1\xUnitTestProject.dll" adapterTypeName="executor://xunit/VsTestRunner2/netcoreapp" className="xUnitTestProject.CurrencyHelperTests" name="FormatToStringTest1000" />
    </UnitTest>
    <UnitTest name="xUnitTestProject.CurrencyHelperTests.FormatToStringTest1000(price: 7348.947429818543, expected: &quot;7348.95 zł&quot;)" storage="c:\projekty\xunittestproject\bin\debug\netcoreapp3.1\xunittestproject.dll" id="b805cea1-9061-e180-4bd1-a6b18b6307ab">
      <Execution id="d62a0ffa-4edd-471c-9f64-6c2110850c89" />
      <TestMethod codeBase="C:\Projekty\xUnitTestProject\bin\Debug\netcoreapp3.1\xUnitTestProject.dll" adapterTypeName="executor://xunit/VsTestRunner2/netcoreapp" className="xUnitTestProject.CurrencyHelperTests" name="FormatToStringTest1000" />
    </UnitTest>
    <UnitTest name="xUnitTestProject.CurrencyHelperTests.FormatToStringTest1000(price: 65947.64520381515, expected: &quot;65947.65 zł&quot;)" storage="c:\projekty\xunittestproject\bin\debug\netcoreapp3.1\xunittestproject.dll" id="4168f0ac-b835-769a-f744-274b70d89027">
      <Execution id="baee5663-9dda-423d-a8df-d8e3c5b3484f" />
      <TestMethod codeBase="C:\Projekty\xUnitTestProject\bin\Debug\netcoreapp3.1\xUnitTestProject.dll" adapterTypeName="executor://xunit/VsTestRunner2/netcoreapp" className="xUnitTestProject.CurrencyHelperTests" name="FormatToStringTest1000" />
    </UnitTest>
    <UnitTest name="xUnitTestProject.CurrencyHelperTests.FormatToStringTest1000(price: 19103.831635461574, expected: &quot;19103.83 zł&quot;)" storage="c:\projekty\xunittestproject\bin\debug\netcoreapp3.1\xunittestproject.dll" id="4adfbd6f-49a9-0885-850f-1a4998e7f85f">
      <Execution id="df8c786c-3cbc-4054-913d-3a71268b4b3c" />
      <TestMethod codeBase="C:\Projekty\xUnitTestProject\bin\Debug\netcoreapp3.1\xUnitTestProject.dll" adapterTypeName="executor://xunit/VsTestRunner2/netcoreapp" className="xUnitTestProject.CurrencyHelperTests" name="FormatToStringTest1000" />
    </UnitTest>
    <UnitTest name="xUnitTestProject.CurrencyHelperTests.FormatToStringTest1000(price: 16986.338876065027, expected: &quot;16986.34 zł&quot;)" storage="c:\projekty\xunittestproject\bin\debug\netcoreapp3.1\xunittestproject.dll" id="9bb60857-0889-c636-aa09-df7f3ffa4f70">
      <Execution id="1786d3c4-8ed7-479c-aeb2-0f4b0f147a97" />
      <TestMethod codeBase="C:\Projekty\xUnitTestProject\bin\Debug\netcoreapp3.1\xUnitTestProject.dll" adapterTypeName="executor://xunit/VsTestRunner2/netcoreapp" className="xUnitTestProject.CurrencyHelperTests" name="FormatToStringTest1000" />
    </UnitTest>
    <UnitTest name="xUnitTestProject.CurrencyHelperTests.FormatToStringTest1000(price: 49037.8109120586, expected: &quot;49037.81 zł&quot;)" storage="c:\projekty\xunittestproject\bin\debug\netcoreapp3.1\xunittestproject.dll" id="75e6c444-bc3b-aad1-8b9e-9567096a44b9">
      <Execution id="209ac654-4c52-4509-a823-a35a40ff58a7" />
      <TestMethod codeBase="C:\Projekty\xUnitTestProject\bin\Debug\netcoreapp3.1\xUnitTestProject.dll" adapterTypeName="executor://xunit/VsTestRunner2/netcoreapp" className="xUnitTestProject.CurrencyHelperTests" name="FormatToStringTest1000" />
    </UnitTest>
    <UnitTest name="xUnitTestProject.CurrencyHelperTests.FormatToStringTest1000(price: 61633.2671179945, expected: &quot;61633.27 zł&quot;)" storage="c:\projekty\xunittestproject\bin\debug\netcoreapp3.1\xunittestproject.dll" id="f0b310a7-9bf9-fe2b-4bd1-bf05e954c540">
      <Execution id="ec3a9ffc-8b79-4752-8d1f-46a161bf0252" />
      <TestMethod codeBase="C:\Projekty\xUnitTestProject\bin\Debug\netcoreapp3.1\xUnitTestProject.dll" adapterTypeName="executor://xunit/VsTestRunner2/netcoreapp" className="xUnitTestProject.CurrencyHelperTests" name="FormatToStringTest1000" />
    </UnitTest>
    <UnitTest name="xUnitTestProject.CurrencyHelperTests.FormatToStringTest1000(price: 9190.067404299076, expected: &quot;9190.07 zł&quot;)" storage="c:\projekty\xunittestproject\bin\debug\netcoreapp3.1\xunittestproject.dll" id="c6463145-e835-b32e-9815-611f61fa5540">
      <Execution id="2a434ce1-28da-4f03-b333-200a865305d3" />
      <TestMethod codeBase="C:\Projekty\xUnitTestProject\bin\Debug\netcoreapp3.1\xUnitTestProject.dll" adapterTypeName="executor://xunit/VsTestRunner2/netcoreapp" className="xUnitTestProject.CurrencyHelperTests" name="FormatToStringTest1000" />
    </UnitTest>
    <UnitTest name="xUnitTestProject.CurrencyHelperTests.FormatToStringTest1000(price: 23120.169499649743, expected: &quot;23120.17 zł&quot;)" storage="c:\projekty\xunittestproject\bin\debug\netcoreapp3.1\xunittestproject.dll" id="aaa9e076-e199-e522-2c08-1bd206c5f6e7">
      <Execution id="a2fa839d-22e1-4123-a362-a541c6d5c877" />
      <TestMethod codeBase="C:\Projekty\xUnitTestProject\bin\Debug\netcoreapp3.1\xUnitTestProject.dll" adapterTypeName="executor://xunit/VsTestRunner2/netcoreapp" className="xUnitTestProject.CurrencyHelperTests" name="FormatToStringTest1000" />
    </UnitTest>
    <UnitTest name="xUnitTestProject.CurrencyHelperTests.FormatToStringTest1000(price: 4919.073526169674, expected: &quot;4919.07 zł&quot;)" storage="c:\projekty\xunittestproject\bin\debug\netcoreapp3.1\xunittestproject.dll" id="0b4d877e-fce2-536e-a6f4-e4fbe4e6e47c">
      <Execution id="bafeb69e-3dc0-4a9b-b1e3-e1f9b46fe716" />
      <TestMethod codeBase="C:\Projekty\xUnitTestProject\bin\Debug\netcoreapp3.1\xUnitTestProject.dll" adapterTypeName="executor://xunit/VsTestRunner2/netcoreapp" className="xUnitTestProject.CurrencyHelperTests" name="FormatToStringTest1000" />
    </UnitTest>
    <UnitTest name="xUnitTestProject.CurrencyHelperTests.FormatToStringTest1000(price: 11989.099505855282, expected: &quot;11989.10 zł&quot;)" storage="c:\projekty\xunittestproject\bin\debug\netcoreapp3.1\xunittestproject.dll" id="30e1c064-5a9f-94cf-3bb0-81267bf9f82e">
      <Execution id="46a92ea9-5c0b-4d23-ba4e-727aa6243f9e" />
      <TestMethod codeBase="C:\Projekty\xUnitTestProject\bin\Debug\netcoreapp3.1\xUnitTestProject.dll" adapterTypeName="executor://xunit/VsTestRunner2/netcoreapp" className="xUnitTestProject.CurrencyHelperTests" name="FormatToStringTest1000" />
    </UnitTest>
    <UnitTest name="xUnitTestProject.CurrencyHelperTests.FormatToStringTest1000(price: 8768.816937361293, expected: &quot;8768.82 zł&quot;)" storage="c:\projekty\xunittestproject\bin\debug\netcoreapp3.1\xunittestproject.dll" id="e54868c5-e23a-96f9-bd57-052b8e9f25f9">
      <Execution id="19acf411-619f-4dc2-815e-9e6df12bcd32" />
      <TestMethod codeBase="C:\Projekty\xUnitTestProject\bin\Debug\netcoreapp3.1\xUnitTestProject.dll" adapterTypeName="executor://xunit/VsTestRunner2/netcoreapp" className="xUnitTestProject.CurrencyHelperTests" name="FormatToStringTest1000" />
    </UnitTest>
    <UnitTest name="xUnitTestProject.CurrencyHelperTests.FormatToStringTest1000(price: 24528.124092612474, expected: &quot;24528.12 zł&quot;)" storage="c:\projekty\xunittestproject\bin\debug\netcoreapp3.1\xunittestproject.dll" id="a33a7227-7248-ce4e-bb18-77c33faa0f1a">
      <Execution id="e225ce5d-cc4f-4ccc-9dbf-fee9a59a3ad6" />
      <TestMethod codeBase="C:\Projekty\xUnitTestProject\bin\Debug\netcoreapp3.1\xUnitTestProject.dll" adapterTypeName="executor://xunit/VsTestRunner2/netcoreapp" className="xUnitTestProject.CurrencyHelperTests" name="FormatToStringTest1000" />
    </UnitTest>
    <UnitTest name="xUnitTestProject.CurrencyHelperTests.FormatToStringTest1000(price: 485.6735566554933, expected: &quot;485.67 zł&quot;)" storage="c:\projekty\xunittestproject\bin\debug\netcoreapp3.1\xunittestproject.dll" id="a9fb7030-78aa-b78d-bae0-0e3e80a09140">
      <Execution id="f52778cf-60a3-4e37-b715-47d682404588" />
      <TestMethod codeBase="C:\Projekty\xUnitTestProject\bin\Debug\netcoreapp3.1\xUnitTestProject.dll" adapterTypeName="executor://xunit/VsTestRunner2/netcoreapp" className="xUnitTestProject.CurrencyHelperTests" name="FormatToStringTest1000" />
    </UnitTest>
    <UnitTest name="xUnitTestProject.CurrencyHelperTests.FormatToStringTest1000(price: 181.3640542483721, expected: &quot;181.36 zł&quot;)" storage="c:\projekty\xunittestproject\bin\debug\netcoreapp3.1\xunittestproject.dll" id="41fb6436-3dfd-f2cc-b2c2-3eb1f8450637">
      <Execution id="99dccf92-4d28-4f92-a5c6-0ab95b9a8f6c" />
      <TestMethod codeBase="C:\Projekty\xUnitTestProject\bin\Debug\netcoreapp3.1\xUnitTestProject.dll" adapterTypeName="executor://xunit/VsTestRunner2/netcoreapp" className="xUnitTestProject.CurrencyHelperTests" name="FormatToStringTest1000" />
    </UnitTest>
    <UnitTest name="xUnitTestProject.CurrencyHelperTests.FormatToStringTest1000(price: 14100.01255469211, expected: &quot;14100.01 zł&quot;)" storage="c:\projekty\xunittestproject\bin\debug\netcoreapp3.1\xunittestproject.dll" id="babff9b9-4ec4-5d0f-1835-e465e17600e6">
      <Execution id="ab0f9225-c34b-4df5-a0fa-8441f5b297cc" />
      <TestMethod codeBase="C:\Projekty\xUnitTestProject\bin\Debug\netcoreapp3.1\xUnitTestProject.dll" adapterTypeName="executor://xunit/VsTestRunner2/netcoreapp" className="xUnitTestProject.CurrencyHelperTests" name="FormatToStringTest1000" />
    </UnitTest>
    <UnitTest name="xUnitTestProject.CurrencyHelperTests.FormatToStringTest1000(price: 21328.29026726507, expected: &quot;21328.29 zł&quot;)" storage="c:\projekty\xunittestproject\bin\debug\netcoreapp3.1\xunittestproject.dll" id="d328e580-fcf1-b0bb-73e2-fe6651dece0e">
      <Execution id="0608df92-b80d-496f-a277-04861bcf00dc" />
      <TestMethod codeBase="C:\Projekty\xUnitTestProject\bin\Debug\netcoreapp3.1\xUnitTestProject.dll" adapterTypeName="executor://xunit/VsTestRunner2/netcoreapp" className="xUnitTestProject.CurrencyHelperTests" name="FormatToStringTest1000" />
    </UnitTest>
    <UnitTest name="xUnitTestProject.CurrencyHelperTests.FormatToStringTest1000(price: 20978.860218282258, expected: &quot;20978.86 zł&quot;)" storage="c:\projekty\xunittestproject\bin\debug\netcoreapp3.1\xunittestproject.dll" id="58e741bd-777c-df5d-d9c1-457b2c873d32">
      <Execution id="04af3501-2ec6-451c-8b15-c4ad9fbff5b4" />
      <TestMethod codeBase="C:\Projekty\xUnitTestProject\bin\Debug\netcoreapp3.1\xUnitTestProject.dll" adapterTypeName="executor://xunit/VsTestRunner2/netcoreapp" className="xUnitTestProject.CurrencyHelperTests" name="FormatToStringTest1000" />
    </UnitTest>
    <UnitTest name="xUnitTestProject.CurrencyHelperTests.FormatToStringTest1000(price: 5287.3103648714305, expected: &quot;5287.31 zł&quot;)" storage="c:\projekty\xunittestproject\bin\debug\netcoreapp3.1\xunittestproject.dll" id="aa0b789a-9fae-e4e5-e891-6c71af0ebd35">
      <Execution id="6811af87-76b3-4b65-b8e6-717d5fee1b59" />
      <TestMethod codeBase="C:\Projekty\xUnitTestProject\bin\Debug\netcoreapp3.1\xUnitTestProject.dll" adapterTypeName="executor://xunit/VsTestRunner2/netcoreapp" className="xUnitTestProject.CurrencyHelperTests" name="FormatToStringTest1000" />
    </UnitTest>
    <UnitTest name="xUnitTestProject.CurrencyHelperTests.FormatToStringTest1000(price: 47025.6224095177, expected: &quot;47025.62 zł&quot;)" storage="c:\projekty\xunittestproject\bin\debug\netcoreapp3.1\xunittestproject.dll" id="f527f4e7-733e-c529-a6f2-d33ed3ff23a3">
      <Execution id="9bcacfe9-dce3-4222-92bc-0590c52442db" />
      <TestMethod codeBase="C:\Projekty\xUnitTestProject\bin\Debug\netcoreapp3.1\xUnitTestProject.dll" adapterTypeName="executor://xunit/VsTestRunner2/netcoreapp" className="xUnitTestProject.CurrencyHelperTests" name="FormatToStringTest1000" />
    </UnitTest>
    <UnitTest name="xUnitTestProject.CurrencyHelperTests.FormatToStringTest1000(price: 16902.50568789314, expected: &quot;16902.51 zł&quot;)" storage="c:\projekty\xunittestproject\bin\debug\netcoreapp3.1\xunittestproject.dll" id="35d446c0-f87b-db26-2eb6-ac470ed5efed">
      <Execution id="3fb369a1-8640-4882-a95a-63f428287df1" />
      <TestMethod codeBase="C:\Projekty\xUnitTestProject\bin\Debug\netcoreapp3.1\xUnitTestProject.dll" adapterTypeName="executor://xunit/VsTestRunner2/netcoreapp" className="xUnitTestProject.CurrencyHelperTests" name="FormatToStringTest1000" />
    </UnitTest>
    <UnitTest name="xUnitTestProject.CurrencyHelperTests.FormatToStringTest1000(price: 32262.93788198984, expected: &quot;32262.94 zł&quot;)" storage="c:\projekty\xunittestproject\bin\debug\netcoreapp3.1\xunittestproject.dll" id="e8e3664d-13e4-e628-073d-8b88b9f9785c">
      <Execution id="37717fa6-5c54-4809-9725-6fec9627b48d" />
      <TestMethod codeBase="C:\Projekty\xUnitTestProject\bin\Debug\netcoreapp3.1\xUnitTestProject.dll" adapterTypeName="executor://xunit/VsTestRunner2/netcoreapp" className="xUnitTestProject.CurrencyHelperTests" name="FormatToStringTest1000" />
    </UnitTest>
    <UnitTest name="xUnitTestProject.CurrencyHelperTests.FormatToStringTest1000(price: 16190.113943164757, expected: &quot;16190.11 zł&quot;)" storage="c:\projekty\xunittestproject\bin\debug\netcoreapp3.1\xunittestproject.dll" id="4fa0fe8a-60b4-1b4b-175d-a18573723ba2">
      <Execution id="a14a3989-24e2-452d-a101-9bc3a73ce77b" />
      <TestMethod codeBase="C:\Projekty\xUnitTestProject\bin\Debug\netcoreapp3.1\xUnitTestProject.dll" adapterTypeName="executor://xunit/VsTestRunner2/netcoreapp" className="xUnitTestProject.CurrencyHelperTests" name="FormatToStringTest1000" />
    </UnitTest>
    <UnitTest name="xUnitTestProject.CurrencyHelperTests.FormatToStringTest1000(price: 73477.18206926118, expected: &quot;73477.18 zł&quot;)" storage="c:\projekty\xunittestproject\bin\debug\netcoreapp3.1\xunittestproject.dll" id="c1399a21-a8d4-fd2f-1879-d9e50a5fe1b4">
      <Execution id="053644ae-ace5-4c07-bac3-0741aef06048" />
      <TestMethod codeBase="C:\Projekty\xUnitTestProject\bin\Debug\netcoreapp3.1\xUnitTestProject.dll" adapterTypeName="executor://xunit/VsTestRunner2/netcoreapp" className="xUnitTestProject.CurrencyHelperTests" name="FormatToStringTest1000" />
    </UnitTest>
    <UnitTest name="xUnitTestProject.CurrencyHelperTests.FormatToStringTest1000(price: 45340.017357165, expected: &quot;45340.02 zł&quot;)" storage="c:\projekty\xunittestproject\bin\debug\netcoreapp3.1\xunittestproject.dll" id="ae0a2a8f-7404-db1c-88e4-d4970f3642af">
      <Execution id="b1028d4d-e863-4dc4-9706-31891e162d25" />
      <TestMethod codeBase="C:\Projekty\xUnitTestProject\bin\Debug\netcoreapp3.1\xUnitTestProject.dll" adapterTypeName="executor://xunit/VsTestRunner2/netcoreapp" className="xUnitTestProject.CurrencyHelperTests" name="FormatToStringTest1000" />
    </UnitTest>
    <UnitTest name="xUnitTestProject.CurrencyHelperTests.FormatToStringTest1000(price: 87505.85936583664, expected: &quot;87505.86 zł&quot;)" storage="c:\projekty\xunittestproject\bin\debug\netcoreapp3.1\xunittestproject.dll" id="69eeb057-df94-2674-fba1-959c41ef1419">
      <Execution id="56227470-9a0b-45d6-b9a6-763973893854" />
      <TestMethod codeBase="C:\Projekty\xUnitTestProject\bin\Debug\netcoreapp3.1\xUnitTestProject.dll" adapterTypeName="executor://xunit/VsTestRunner2/netcoreapp" className="xUnitTestProject.CurrencyHelperTests" name="FormatToStringTest1000" />
    </UnitTest>
    <UnitTest name="xUnitTestProject.CurrencyHelperTests.FormatToStringTest1000(price: 19363.881840787773, expected: &quot;19363.88 zł&quot;)" storage="c:\projekty\xunittestproject\bin\debug\netcoreapp3.1\xunittestproject.dll" id="717afcc9-fdbd-942f-44d5-9f5deeef640f">
      <Execution id="dcfe6c68-52f1-4736-b2d9-22c1d9352ca7" />
      <TestMethod codeBase="C:\Projekty\xUnitTestProject\bin\Debug\netcoreapp3.1\xUnitTestProject.dll" adapterTypeName="executor://xunit/VsTestRunner2/netcoreapp" className="xUnitTestProject.CurrencyHelperTests" name="FormatToStringTest1000" />
    </UnitTest>
    <UnitTest name="xUnitTestProject.CurrencyHelperTests.FormatToStringTest1000(price: 18208.8422650126, expected: &quot;18208.84 zł&quot;)" storage="c:\projekty\xunittestproject\bin\debug\netcoreapp3.1\xunittestproject.dll" id="46d3bb4f-6f59-f6c2-b532-ed497dfae82c">
      <Execution id="048dcb85-13b9-424d-9262-c2a103151c1d" />
      <TestMethod codeBase="C:\Projekty\xUnitTestProject\bin\Debug\netcoreapp3.1\xUnitTestProject.dll" adapterTypeName="executor://xunit/VsTestRunner2/netcoreapp" className="xUnitTestProject.CurrencyHelperTests" name="FormatToStringTest1000" />
    </UnitTest>
    <UnitTest name="xUnitTestProject.CurrencyHelperTests.FormatToStringTest1000(price: 17252.06220983903, expected: &quot;17252.06 zł&quot;)" storage="c:\projekty\xunittestproject\bin\debug\netcoreapp3.1\xunittestproject.dll" id="491a28af-9dc3-1b63-07e3-54fe5ff8a2ad">
      <Execution id="cdf23e99-f095-4081-bcef-2ff09018ff41" />
      <TestMethod codeBase="C:\Projekty\xUnitTestProject\bin\Debug\netcoreapp3.1\xUnitTestProject.dll" adapterTypeName="executor://xunit/VsTestRunner2/netcoreapp" className="xUnitTestProject.CurrencyHelperTests" name="FormatToStringTest1000" />
    </UnitTest>
    <UnitTest name="xUnitTestProject.CurrencyHelperTests.FormatToStringTest1000(price: 16819.974312979717, expected: &quot;16819.97 zł&quot;)" storage="c:\projekty\xunittestproject\bin\debug\netcoreapp3.1\xunittestproject.dll" id="23282872-5c32-1fb9-e0a2-cb7aa878c838">
      <Execution id="60f0bc12-5ca2-42fe-9ba1-cfe33ae18d6f" />
      <TestMethod codeBase="C:\Projekty\xUnitTestProject\bin\Debug\netcoreapp3.1\xUnitTestProject.dll" adapterTypeName="executor://xunit/VsTestRunner2/netcoreapp" className="xUnitTestProject.CurrencyHelperTests" name="FormatToStringTest1000" />
    </UnitTest>
    <UnitTest name="xUnitTestProject.CurrencyHelperTests.FormatToStringTest1000(price: 54275.73209373408, expected: &quot;54275.73 zł&quot;)" storage="c:\projekty\xunittestproject\bin\debug\netcoreapp3.1\xunittestproject.dll" id="ef8075a8-e8bb-22f0-871e-f2b168e2c55c">
      <Execution id="3ab993eb-73e3-4fec-a51e-a75faeb7f691" />
      <TestMethod codeBase="C:\Projekty\xUnitTestProject\bin\Debug\netcoreapp3.1\xUnitTestProject.dll" adapterTypeName="executor://xunit/VsTestRunner2/netcoreapp" className="xUnitTestProject.CurrencyHelperTests" name="FormatToStringTest1000" />
    </UnitTest>
    <UnitTest name="xUnitTestProject.CurrencyHelperTests.FormatToStringTest1000(price: 65204.90483536055, expected: &quot;65204.90 zł&quot;)" storage="c:\projekty\xunittestproject\bin\debug\netcoreapp3.1\xunittestproject.dll" id="1e915730-ab57-9b1e-994b-24cc1c98dc55">
      <Execution id="f5b8aebf-73f6-4d99-b904-7d7def96ab6f" />
      <TestMethod codeBase="C:\Projekty\xUnitTestProject\bin\Debug\netcoreapp3.1\xUnitTestProject.dll" adapterTypeName="executor://xunit/VsTestRunner2/netcoreapp" className="xUnitTestProject.CurrencyHelperTests" name="FormatToStringTest1000" />
    </UnitTest>
    <UnitTest name="xUnitTestProject.CurrencyHelperTests.FormatToStringTest1000(price: 26945.125386551546, expected: &quot;26945.13 zł&quot;)" storage="c:\projekty\xunittestproject\bin\debug\netcoreapp3.1\xunittestproject.dll" id="38f897eb-957e-6945-e8b5-f2e873b7ac17">
      <Execution id="32349a07-b941-4e07-99f5-6e19769bfc85" />
      <TestMethod codeBase="C:\Projekty\xUnitTestProject\bin\Debug\netcoreapp3.1\xUnitTestProject.dll" adapterTypeName="executor://xunit/VsTestRunner2/netcoreapp" className="xUnitTestProject.CurrencyHelperTests" name="FormatToStringTest1000" />
    </UnitTest>
    <UnitTest name="xUnitTestProject.CurrencyHelperTests.FormatToStringTest1000(price: 12125.090155628086, expected: &quot;12125.09 zł&quot;)" storage="c:\projekty\xunittestproject\bin\debug\netcoreapp3.1\xunittestproject.dll" id="d5c3657d-a220-d2b1-57c9-e4353f6b9eb6">
      <Execution id="8d12a243-6228-4ebf-8a06-d37ddaba49c0" />
      <TestMethod codeBase="C:\Projekty\xUnitTestProject\bin\Debug\netcoreapp3.1\xUnitTestProject.dll" adapterTypeName="executor://xunit/VsTestRunner2/netcoreapp" className="xUnitTestProject.CurrencyHelperTests" name="FormatToStringTest1000" />
    </UnitTest>
    <UnitTest name="xUnitTestProject.CurrencyHelperTests.FormatToStringTest1000(price: 64124.274503948756, expected: &quot;64124.27 zł&quot;)" storage="c:\projekty\xunittestproject\bin\debug\netcoreapp3.1\xunittestproject.dll" id="21c8abf8-9b6f-d71c-0d26-379759e20f24">
      <Execution id="b1476544-f23f-46f1-8f03-ab994026aa9b" />
      <TestMethod codeBase="C:\Projekty\xUnitTestProject\bin\Debug\netcoreapp3.1\xUnitTestProject.dll" adapterTypeName="executor://xunit/VsTestRunner2/netcoreapp" className="xUnitTestProject.CurrencyHelperTests" name="FormatToStringTest1000" />
    </UnitTest>
    <UnitTest name="xUnitTestProject.CurrencyHelperTests.FormatToStringTest1000(price: 53192.79032742269, expected: &quot;53192.79 zł&quot;)" storage="c:\projekty\xunittestproject\bin\debug\netcoreapp3.1\xunittestproject.dll" id="31b9c4ce-6a9b-3b29-d842-ab748e7d275b">
      <Execution id="42450a57-e9a6-4cb9-aecf-dbb5290c23d2" />
      <TestMethod codeBase="C:\Projekty\xUnitTestProject\bin\Debug\netcoreapp3.1\xUnitTestProject.dll" adapterTypeName="executor://xunit/VsTestRunner2/netcoreapp" className="xUnitTestProject.CurrencyHelperTests" name="FormatToStringTest1000" />
    </UnitTest>
    <UnitTest name="xUnitTestProject.CurrencyHelperTests.FormatToStringTest1000(price: 22557.09603308099, expected: &quot;22557.10 zł&quot;)" storage="c:\projekty\xunittestproject\bin\debug\netcoreapp3.1\xunittestproject.dll" id="419d247e-1033-df66-fcc5-471a4ec8f5e3">
      <Execution id="571ad141-904e-49d1-aa1b-28b58e73991c" />
      <TestMethod codeBase="C:\Projekty\xUnitTestProject\bin\Debug\netcoreapp3.1\xUnitTestProject.dll" adapterTypeName="executor://xunit/VsTestRunner2/netcoreapp" className="xUnitTestProject.CurrencyHelperTests" name="FormatToStringTest1000" />
    </UnitTest>
    <UnitTest name="xUnitTestProject.CurrencyHelperTests.FormatToStringTest1000(price: 46803.36433423374, expected: &quot;46803.36 zł&quot;)" storage="c:\projekty\xunittestproject\bin\debug\netcoreapp3.1\xunittestproject.dll" id="7fe2a8ad-3600-98d5-7117-12a9f9025c62">
      <Execution id="2afa7bcc-1b6b-41ef-bedf-29c65446089f" />
      <TestMethod codeBase="C:\Projekty\xUnitTestProject\bin\Debug\netcoreapp3.1\xUnitTestProject.dll" adapterTypeName="executor://xunit/VsTestRunner2/netcoreapp" className="xUnitTestProject.CurrencyHelperTests" name="FormatToStringTest1000" />
    </UnitTest>
    <UnitTest name="xUnitTestProject.CurrencyHelperTests.FormatToStringTest1000(price: 52858.048916166204, expected: &quot;52858.05 zł&quot;)" storage="c:\projekty\xunittestproject\bin\debug\netcoreapp3.1\xunittestproject.dll" id="1ede13b3-cc3c-b767-91a3-9e4f793d1dd5">
      <Execution id="10ad2ca8-f43a-495a-add7-2cf2a5a5b675" />
      <TestMethod codeBase="C:\Projekty\xUnitTestProject\bin\Debug\netcoreapp3.1\xUnitTestProject.dll" adapterTypeName="executor://xunit/VsTestRunner2/netcoreapp" className="xUnitTestProject.CurrencyHelperTests" name="FormatToStringTest1000" />
    </UnitTest>
    <UnitTest name="xUnitTestProject.CurrencyHelperTests.FormatToStringTest1000(price: 2992.6161168593057, expected: &quot;2992.62 zł&quot;)" storage="c:\projekty\xunittestproject\bin\debug\netcoreapp3.1\xunittestproject.dll" id="fe35c71e-d9ed-258c-2105-0adfcd0d495e">
      <Execution id="927018d5-bd96-4d43-8f17-51a42cc87bda" />
      <TestMethod codeBase="C:\Projekty\xUnitTestProject\bin\Debug\netcoreapp3.1\xUnitTestProject.dll" adapterTypeName="executor://xunit/VsTestRunner2/netcoreapp" className="xUnitTestProject.CurrencyHelperTests" name="FormatToStringTest1000" />
    </UnitTest>
    <UnitTest name="xUnitTestProject.CurrencyHelperTests.FormatToStringTest1000(price: 7182.939759099362, expected: &quot;7182.94 zł&quot;)" storage="c:\projekty\xunittestproject\bin\debug\netcoreapp3.1\xunittestproject.dll" id="2194158b-3f8a-54e0-368a-945d72c0c309">
      <Execution id="3b204e17-030f-4d62-a641-967816e33e8b" />
      <TestMethod codeBase="C:\Projekty\xUnitTestProject\bin\Debug\netcoreapp3.1\xUnitTestProject.dll" adapterTypeName="executor://xunit/VsTestRunner2/netcoreapp" className="xUnitTestProject.CurrencyHelperTests" name="FormatToStringTest1000" />
    </UnitTest>
    <UnitTest name="xUnitTestProject.CurrencyHelperTests.FormatToStringTest1000(price: 45455.14554704127, expected: &quot;45455.15 zł&quot;)" storage="c:\projekty\xunittestproject\bin\debug\netcoreapp3.1\xunittestproject.dll" id="1c506770-d4ff-94e1-aa2e-f8d5ecc5a897">
      <Execution id="e163cebb-18ae-4be0-a757-d6a02e5f2a12" />
      <TestMethod codeBase="C:\Projekty\xUnitTestProject\bin\Debug\netcoreapp3.1\xUnitTestProject.dll" adapterTypeName="executor://xunit/VsTestRunner2/netcoreapp" className="xUnitTestProject.CurrencyHelperTests" name="FormatToStringTest1000" />
    </UnitTest>
    <UnitTest name="xUnitTestProject.CurrencyHelperTests.FormatToStringTest1000(price: 5140.16338917155, expected: &quot;5140.16 zł&quot;)" storage="c:\projekty\xunittestproject\bin\debug\netcoreapp3.1\xunittestproject.dll" id="ad51f424-6928-1bb2-fff3-55ef9dbab945">
      <Execution id="56dc2954-c6bb-4fbd-90cf-8433aaae2a55" />
      <TestMethod codeBase="C:\Projekty\xUnitTestProject\bin\Debug\netcoreapp3.1\xUnitTestProject.dll" adapterTypeName="executor://xunit/VsTestRunner2/netcoreapp" className="xUnitTestProject.CurrencyHelperTests" name="FormatToStringTest1000" />
    </UnitTest>
    <UnitTest name="xUnitTestProject.CurrencyHelperTests.FormatToStringTest1000(price: 736.7398243680316, expected: &quot;736.74 zł&quot;)" storage="c:\projekty\xunittestproject\bin\debug\netcoreapp3.1\xunittestproject.dll" id="8d5bed77-8b58-0b0c-25f0-22107332d09a">
      <Execution id="3d3ca85f-7866-4e85-9c06-71d992e18d72" />
      <TestMethod codeBase="C:\Projekty\xUnitTestProject\bin\Debug\netcoreapp3.1\xUnitTestProject.dll" adapterTypeName="executor://xunit/VsTestRunner2/netcoreapp" className="xUnitTestProject.CurrencyHelperTests" name="FormatToStringTest1000" />
    </UnitTest>
    <UnitTest name="xUnitTestProject.CurrencyHelperTests.FormatToStringTest1000(price: 76536.95853396178, expected: &quot;76536.96 zł&quot;)" storage="c:\projekty\xunittestproject\bin\debug\netcoreapp3.1\xunittestproject.dll" id="cf6ce7eb-96c1-8a55-15f9-4fb2522dc822">
      <Execution id="0c36ed4a-ae5d-4aa7-a485-aed5c361dc33" />
      <TestMethod codeBase="C:\Projekty\xUnitTestProject\bin\Debug\netcoreapp3.1\xUnitTestProject.dll" adapterTypeName="executor://xunit/VsTestRunner2/netcoreapp" className="xUnitTestProject.CurrencyHelperTests" name="FormatToStringTest1000" />
    </UnitTest>
    <UnitTest name="xUnitTestProject.CurrencyHelperTests.FormatToStringTest1000(price: 50413.517583300134, expected: &quot;50413.52 zł&quot;)" storage="c:\projekty\xunittestproject\bin\debug\netcoreapp3.1\xunittestproject.dll" id="87ce6106-4ac0-9f5c-9d1b-30007974d2cb">
      <Execution id="69386593-ea3f-4901-826b-b35991a5b6b0" />
      <TestMethod codeBase="C:\Projekty\xUnitTestProject\bin\Debug\netcoreapp3.1\xUnitTestProject.dll" adapterTypeName="executor://xunit/VsTestRunner2/netcoreapp" className="xUnitTestProject.CurrencyHelperTests" name="FormatToStringTest1000" />
    </UnitTest>
    <UnitTest name="xUnitTestProject.CurrencyHelperTests.FormatToStringTest1000(price: 9818.257405763146, expected: &quot;9818.26 zł&quot;)" storage="c:\projekty\xunittestproject\bin\debug\netcoreapp3.1\xunittestproject.dll" id="b96da561-72c0-f108-100e-28aea4f8d524">
      <Execution id="3b17ad9a-d1e8-4fd3-9fb2-44adf30ecfa0" />
      <TestMethod codeBase="C:\Projekty\xUnitTestProject\bin\Debug\netcoreapp3.1\xUnitTestProject.dll" adapterTypeName="executor://xunit/VsTestRunner2/netcoreapp" className="xUnitTestProject.CurrencyHelperTests" name="FormatToStringTest1000" />
    </UnitTest>
    <UnitTest name="xUnitTestProject.CurrencyHelperTests.FormatToStringTest1000(price: 34136.0993783046, expected: &quot;34136.10 zł&quot;)" storage="c:\projekty\xunittestproject\bin\debug\netcoreapp3.1\xunittestproject.dll" id="90529360-95e5-c60b-5727-b5fa7d491b19">
      <Execution id="82f1b96f-ebcc-4a88-80e9-d96c8abc1792" />
      <TestMethod codeBase="C:\Projekty\xUnitTestProject\bin\Debug\netcoreapp3.1\xUnitTestProject.dll" adapterTypeName="executor://xunit/VsTestRunner2/netcoreapp" className="xUnitTestProject.CurrencyHelperTests" name="FormatToStringTest1000" />
    </UnitTest>
    <UnitTest name="xUnitTestProject.CurrencyHelperTests.FormatToStringTest1000(price: 12577.642620996872, expected: &quot;12577.64 zł&quot;)" storage="c:\projekty\xunittestproject\bin\debug\netcoreapp3.1\xunittestproject.dll" id="9fa4910a-439f-a7b3-42d7-59f8d60a9e4f">
      <Execution id="23f3e0fa-ff3e-4e78-bd5b-b4aaee61b827" />
      <TestMethod codeBase="C:\Projekty\xUnitTestProject\bin\Debug\netcoreapp3.1\xUnitTestProject.dll" adapterTypeName="executor://xunit/VsTestRunner2/netcoreapp" className="xUnitTestProject.CurrencyHelperTests" name="FormatToStringTest1000" />
    </UnitTest>
    <UnitTest name="xUnitTestProject.CurrencyHelperTests.FormatToStringTest1000(price: 68174.53068551492, expected: &quot;68174.53 zł&quot;)" storage="c:\projekty\xunittestproject\bin\debug\netcoreapp3.1\xunittestproject.dll" id="a80246d5-ddf8-7929-99a4-5139184114ef">
      <Execution id="6ab30974-e947-44c5-910d-43fa6fc2ea04" />
      <TestMethod codeBase="C:\Projekty\xUnitTestProject\bin\Debug\netcoreapp3.1\xUnitTestProject.dll" adapterTypeName="executor://xunit/VsTestRunner2/netcoreapp" className="xUnitTestProject.CurrencyHelperTests" name="FormatToStringTest1000" />
    </UnitTest>
    <UnitTest name="xUnitTestProject.CurrencyHelperTests.FormatToStringTest1000(price: 21602.417596116393, expected: &quot;21602.42 zł&quot;)" storage="c:\projekty\xunittestproject\bin\debug\netcoreapp3.1\xunittestproject.dll" id="8b9bc8ba-9742-8b44-9f33-0b46de660b7e">
      <Execution id="9ca23e5b-ad19-4bb2-976e-4cbba17702bd" />
      <TestMethod codeBase="C:\Projekty\xUnitTestProject\bin\Debug\netcoreapp3.1\xUnitTestProject.dll" adapterTypeName="executor://xunit/VsTestRunner2/netcoreapp" className="xUnitTestProject.CurrencyHelperTests" name="FormatToStringTest1000" />
    </UnitTest>
    <UnitTest name="xUnitTestProject.CurrencyHelperTests.FormatToStringTest1000(price: 51408.294679657694, expected: &quot;51408.29 zł&quot;)" storage="c:\projekty\xunittestproject\bin\debug\netcoreapp3.1\xunittestproject.dll" id="e6ee2e42-d693-5a92-34f3-83564b601337">
      <Execution id="90765a83-1810-4871-aacb-5eeb169fe509" />
      <TestMethod codeBase="C:\Projekty\xUnitTestProject\bin\Debug\netcoreapp3.1\xUnitTestProject.dll" adapterTypeName="executor://xunit/VsTestRunner2/netcoreapp" className="xUnitTestProject.CurrencyHelperTests" name="FormatToStringTest1000" />
    </UnitTest>
    <UnitTest name="xUnitTestProject.CurrencyHelperTests.FormatToStringTest1000(price: 3521.3657738167635, expected: &quot;3521.37 zł&quot;)" storage="c:\projekty\xunittestproject\bin\debug\netcoreapp3.1\xunittestproject.dll" id="21bbacc0-ff4d-ad67-a90f-e4f994353077">
      <Execution id="8274a581-c65d-4656-a23f-05e284b57b26" />
      <TestMethod codeBase="C:\Projekty\xUnitTestProject\bin\Debug\netcoreapp3.1\xUnitTestProject.dll" adapterTypeName="executor://xunit/VsTestRunner2/netcoreapp" className="xUnitTestProject.CurrencyHelperTests" name="FormatToStringTest1000" />
    </UnitTest>
    <UnitTest name="xUnitTestProject.CurrencyHelperTests.FormatToStringTest1000(price: 23649.104642116046, expected: &quot;23649.10 zł&quot;)" storage="c:\projekty\xunittestproject\bin\debug\netcoreapp3.1\xunittestproject.dll" id="45b26f0b-a8bb-4b3f-d7c4-794f4ece7d3c">
      <Execution id="6e14f511-5a99-4851-bfa6-696908621b6e" />
      <TestMethod codeBase="C:\Projekty\xUnitTestProject\bin\Debug\netcoreapp3.1\xUnitTestProject.dll" adapterTypeName="executor://xunit/VsTestRunner2/netcoreapp" className="xUnitTestProject.CurrencyHelperTests" name="FormatToStringTest1000" />
    </UnitTest>
    <UnitTest name="xUnitTestProject.CurrencyHelperTests.FormatToStringTest1000(price: 6429.44273095552, expected: &quot;6429.44 zł&quot;)" storage="c:\projekty\xunittestproject\bin\debug\netcoreapp3.1\xunittestproject.dll" id="9bed9c4d-df2b-32b1-c6ce-ea879f4b2fcd">
      <Execution id="51e715cf-7fb3-4877-9cef-26831fdf0224" />
      <TestMethod codeBase="C:\Projekty\xUnitTestProject\bin\Debug\netcoreapp3.1\xUnitTestProject.dll" adapterTypeName="executor://xunit/VsTestRunner2/netcoreapp" className="xUnitTestProject.CurrencyHelperTests" name="FormatToStringTest1000" />
    </UnitTest>
    <UnitTest name="xUnitTestProject.CurrencyHelperTests.FormatToStringTest1000(price: 750.5106571719566, expected: &quot;750.51 zł&quot;)" storage="c:\projekty\xunittestproject\bin\debug\netcoreapp3.1\xunittestproject.dll" id="75567229-1858-de57-219b-cfd8f4a7e8de">
      <Execution id="b49cebac-2f4f-4715-a56d-cdcef7d7002d" />
      <TestMethod codeBase="C:\Projekty\xUnitTestProject\bin\Debug\netcoreapp3.1\xUnitTestProject.dll" adapterTypeName="executor://xunit/VsTestRunner2/netcoreapp" className="xUnitTestProject.CurrencyHelperTests" name="FormatToStringTest1000" />
    </UnitTest>
    <UnitTest name="xUnitTestProject.CurrencyHelperTests.FormatToStringTest1000(price: 22533.17694295811, expected: &quot;22533.18 zł&quot;)" storage="c:\projekty\xunittestproject\bin\debug\netcoreapp3.1\xunittestproject.dll" id="83c96126-428f-5139-26c1-00806d946a42">
      <Execution id="8e0e5cdb-04e8-4117-851b-cba4a731f55e" />
      <TestMethod codeBase="C:\Projekty\xUnitTestProject\bin\Debug\netcoreapp3.1\xUnitTestProject.dll" adapterTypeName="executor://xunit/VsTestRunner2/netcoreapp" className="xUnitTestProject.CurrencyHelperTests" name="FormatToStringTest1000" />
    </UnitTest>
    <UnitTest name="xUnitTestProject.CurrencyHelperTests.FormatToStringTest1000(price: 4419.750844657306, expected: &quot;4419.75 zł&quot;)" storage="c:\projekty\xunittestproject\bin\debug\netcoreapp3.1\xunittestproject.dll" id="eccf41da-6b65-aa5d-c784-b8badc726d9b">
      <Execution id="f61d2a91-7c37-4c1f-826b-a601ad6534d1" />
      <TestMethod codeBase="C:\Projekty\xUnitTestProject\bin\Debug\netcoreapp3.1\xUnitTestProject.dll" adapterTypeName="executor://xunit/VsTestRunner2/netcoreapp" className="xUnitTestProject.CurrencyHelperTests" name="FormatToStringTest1000" />
    </UnitTest>
    <UnitTest name="xUnitTestProject.CurrencyHelperTests.FormatToStringTest1000(price: 4614.673205890541, expected: &quot;4614.67 zł&quot;)" storage="c:\projekty\xunittestproject\bin\debug\netcoreapp3.1\xunittestproject.dll" id="a1b1cd1d-1429-3ac2-3b82-a26d05133f17">
      <Execution id="94451974-aab6-4a1e-8cce-56eb1fbe9212" />
      <TestMethod codeBase="C:\Projekty\xUnitTestProject\bin\Debug\netcoreapp3.1\xUnitTestProject.dll" adapterTypeName="executor://xunit/VsTestRunner2/netcoreapp" className="xUnitTestProject.CurrencyHelperTests" name="FormatToStringTest1000" />
    </UnitTest>
    <UnitTest name="xUnitTestProject.CurrencyHelperTests.FormatToStringTest1000(price: 28080.92507087669, expected: &quot;28080.93 zł&quot;)" storage="c:\projekty\xunittestproject\bin\debug\netcoreapp3.1\xunittestproject.dll" id="a9c621d8-eb9e-3cd1-2b29-ed69514bad1f">
      <Execution id="f0808b21-e90b-40a2-96fe-2d5b23e2994d" />
      <TestMethod codeBase="C:\Projekty\xUnitTestProject\bin\Debug\netcoreapp3.1\xUnitTestProject.dll" adapterTypeName="executor://xunit/VsTestRunner2/netcoreapp" className="xUnitTestProject.CurrencyHelperTests" name="FormatToStringTest1000" />
    </UnitTest>
    <UnitTest name="xUnitTestProject.CurrencyHelperTests.FormatToStringTest1000(price: 47256.065730817645, expected: &quot;47256.07 zł&quot;)" storage="c:\projekty\xunittestproject\bin\debug\netcoreapp3.1\xunittestproject.dll" id="8fb0d924-6ca3-e44c-f26a-1c29eb5d30bd">
      <Execution id="1bbabcb8-a7d5-421c-8467-7052b5ea1a55" />
      <TestMethod codeBase="C:\Projekty\xUnitTestProject\bin\Debug\netcoreapp3.1\xUnitTestProject.dll" adapterTypeName="executor://xunit/VsTestRunner2/netcoreapp" className="xUnitTestProject.CurrencyHelperTests" name="FormatToStringTest1000" />
    </UnitTest>
    <UnitTest name="xUnitTestProject.CurrencyHelperTests.FormatToStringTest1000(price: 4411.456718280659, expected: &quot;4411.46 zł&quot;)" storage="c:\projekty\xunittestproject\bin\debug\netcoreapp3.1\xunittestproject.dll" id="76ad8ec9-5ccc-b3a3-7c1b-d549d0dbd095">
      <Execution id="cd01211d-58a0-4d10-93f8-486a3a558a03" />
      <TestMethod codeBase="C:\Projekty\xUnitTestProject\bin\Debug\netcoreapp3.1\xUnitTestProject.dll" adapterTypeName="executor://xunit/VsTestRunner2/netcoreapp" className="xUnitTestProject.CurrencyHelperTests" name="FormatToStringTest1000" />
    </UnitTest>
    <UnitTest name="xUnitTestProject.CurrencyHelperTests.FormatToStringTest1000(price: 20321.03715103913, expected: &quot;20321.04 zł&quot;)" storage="c:\projekty\xunittestproject\bin\debug\netcoreapp3.1\xunittestproject.dll" id="3aa6da58-73c8-f8a3-c690-8bbd80282877">
      <Execution id="01e1001f-9a8f-4c9f-98d2-8c8f9022c1ac" />
      <TestMethod codeBase="C:\Projekty\xUnitTestProject\bin\Debug\netcoreapp3.1\xUnitTestProject.dll" adapterTypeName="executor://xunit/VsTestRunner2/netcoreapp" className="xUnitTestProject.CurrencyHelperTests" name="FormatToStringTest1000" />
    </UnitTest>
    <UnitTest name="xUnitTestProject.CurrencyHelperTests.FormatToStringTest1000(price: 27852.532163303127, expected: &quot;27852.53 zł&quot;)" storage="c:\projekty\xunittestproject\bin\debug\netcoreapp3.1\xunittestproject.dll" id="3fa3f1d2-90bc-c93b-b647-8aef449b689a">
      <Execution id="52f28c4f-e3d6-4792-ae35-7a64bec54bda" />
      <TestMethod codeBase="C:\Projekty\xUnitTestProject\bin\Debug\netcoreapp3.1\xUnitTestProject.dll" adapterTypeName="executor://xunit/VsTestRunner2/netcoreapp" className="xUnitTestProject.CurrencyHelperTests" name="FormatToStringTest1000" />
    </UnitTest>
    <UnitTest name="xUnitTestProject.CurrencyHelperTests.FormatToStringTest1000(price: 16511.26921423537, expected: &quot;16511.27 zł&quot;)" storage="c:\projekty\xunittestproject\bin\debug\netcoreapp3.1\xunittestproject.dll" id="799374f9-c088-e602-bce1-d22bf769b783">
      <Execution id="b7989782-67aa-4ae0-b50e-e4f92237d0cb" />
      <TestMethod codeBase="C:\Projekty\xUnitTestProject\bin\Debug\netcoreapp3.1\xUnitTestProject.dll" adapterTypeName="executor://xunit/VsTestRunner2/netcoreapp" className="xUnitTestProject.CurrencyHelperTests" name="FormatToStringTest1000" />
    </UnitTest>
    <UnitTest name="xUnitTestProject.CurrencyHelperTests.FormatToStringTest1000(price: 20752.33758466334, expected: &quot;20752.34 zł&quot;)" storage="c:\projekty\xunittestproject\bin\debug\netcoreapp3.1\xunittestproject.dll" id="0751b11b-a6a8-a4ef-30e1-f910838570cb">
      <Execution id="271b4d86-7270-466f-a3b4-b45888f826b2" />
      <TestMethod codeBase="C:\Projekty\xUnitTestProject\bin\Debug\netcoreapp3.1\xUnitTestProject.dll" adapterTypeName="executor://xunit/VsTestRunner2/netcoreapp" className="xUnitTestProject.CurrencyHelperTests" name="FormatToStringTest1000" />
    </UnitTest>
    <UnitTest name="xUnitTestProject.CurrencyHelperTests.FormatToStringTest1000(price: 43799.04472166535, expected: &quot;43799.04 zł&quot;)" storage="c:\projekty\xunittestproject\bin\debug\netcoreapp3.1\xunittestproject.dll" id="20029a95-caa6-71d7-8434-4467fe9b8732">
      <Execution id="a3a52c6c-aaa0-4d8c-9eff-a57f3f6e390d" />
      <TestMethod codeBase="C:\Projekty\xUnitTestProject\bin\Debug\netcoreapp3.1\xUnitTestProject.dll" adapterTypeName="executor://xunit/VsTestRunner2/netcoreapp" className="xUnitTestProject.CurrencyHelperTests" name="FormatToStringTest1000" />
    </UnitTest>
    <UnitTest name="xUnitTestProject.CurrencyHelperTests.FormatToStringTest1000(price: 5961.755129208674, expected: &quot;5961.76 zł&quot;)" storage="c:\projekty\xunittestproject\bin\debug\netcoreapp3.1\xunittestproject.dll" id="2bdae34b-74e4-b57e-0c4e-9f8a61c91aa5">
      <Execution id="6896ab62-0019-4df9-9232-32226e66d9c7" />
      <TestMethod codeBase="C:\Projekty\xUnitTestProject\bin\Debug\netcoreapp3.1\xUnitTestProject.dll" adapterTypeName="executor://xunit/VsTestRunner2/netcoreapp" className="xUnitTestProject.CurrencyHelperTests" name="FormatToStringTest1000" />
    </UnitTest>
    <UnitTest name="xUnitTestProject.CurrencyHelperTests.FormatToStringTest1000(price: 16210.791556035536, expected: &quot;16210.79 zł&quot;)" storage="c:\projekty\xunittestproject\bin\debug\netcoreapp3.1\xunittestproject.dll" id="599b5bdf-c3a2-ab45-0452-3da415351122">
      <Execution id="3694eff4-7b66-49ba-9846-f35f41866687" />
      <TestMethod codeBase="C:\Projekty\xUnitTestProject\bin\Debug\netcoreapp3.1\xUnitTestProject.dll" adapterTypeName="executor://xunit/VsTestRunner2/netcoreapp" className="xUnitTestProject.CurrencyHelperTests" name="FormatToStringTest1000" />
    </UnitTest>
    <UnitTest name="xUnitTestProject.CurrencyHelperTests.FormatToStringTest1000(price: 6654.099431086378, expected: &quot;6654.10 zł&quot;)" storage="c:\projekty\xunittestproject\bin\debug\netcoreapp3.1\xunittestproject.dll" id="d2be2dc8-81b6-46cb-cbba-3709ad4b1996">
      <Execution id="59b70a2d-ebb1-4034-bc5e-148fa2cd5ef4" />
      <TestMethod codeBase="C:\Projekty\xUnitTestProject\bin\Debug\netcoreapp3.1\xUnitTestProject.dll" adapterTypeName="executor://xunit/VsTestRunner2/netcoreapp" className="xUnitTestProject.CurrencyHelperTests" name="FormatToStringTest1000" />
    </UnitTest>
    <UnitTest name="xUnitTestProject.CurrencyHelperTests.FormatToStringTest1000(price: 40857.08543233996, expected: &quot;40857.09 zł&quot;)" storage="c:\projekty\xunittestproject\bin\debug\netcoreapp3.1\xunittestproject.dll" id="2903f8f9-605c-f4a1-c251-e272e8faf58d">
      <Execution id="86c325f1-8b08-4796-94e4-0103146f2d93" />
      <TestMethod codeBase="C:\Projekty\xUnitTestProject\bin\Debug\netcoreapp3.1\xUnitTestProject.dll" adapterTypeName="executor://xunit/VsTestRunner2/netcoreapp" className="xUnitTestProject.CurrencyHelperTests" name="FormatToStringTest1000" />
    </UnitTest>
    <UnitTest name="xUnitTestProject.CurrencyHelperTests.FormatToStringTest1000(price: 33413.381276228174, expected: &quot;33413.38 zł&quot;)" storage="c:\projekty\xunittestproject\bin\debug\netcoreapp3.1\xunittestproject.dll" id="3f543d31-d892-849e-9693-7ae2624b2c94">
      <Execution id="d3cc622c-ead2-4c55-a9e1-7a98d25399fc" />
      <TestMethod codeBase="C:\Projekty\xUnitTestProject\bin\Debug\netcoreapp3.1\xUnitTestProject.dll" adapterTypeName="executor://xunit/VsTestRunner2/netcoreapp" className="xUnitTestProject.CurrencyHelperTests" name="FormatToStringTest1000" />
    </UnitTest>
    <UnitTest name="xUnitTestProject.CurrencyHelperTests.FormatToStringTest1000(price: 52810.91713865516, expected: &quot;52810.92 zł&quot;)" storage="c:\projekty\xunittestproject\bin\debug\netcoreapp3.1\xunittestproject.dll" id="6cc408c2-2cb5-45f5-22cc-d2054659459b">
      <Execution id="70666f15-bf22-469f-8ea8-54791161eea3" />
      <TestMethod codeBase="C:\Projekty\xUnitTestProject\bin\Debug\netcoreapp3.1\xUnitTestProject.dll" adapterTypeName="executor://xunit/VsTestRunner2/netcoreapp" className="xUnitTestProject.CurrencyHelperTests" name="FormatToStringTest1000" />
    </UnitTest>
    <UnitTest name="xUnitTestProject.CurrencyHelperTests.FormatToStringTest1000(price: 19500.031951036784, expected: &quot;19500.03 zł&quot;)" storage="c:\projekty\xunittestproject\bin\debug\netcoreapp3.1\xunittestproject.dll" id="b9639a73-b99d-241a-c8a5-6c3a19c63133">
      <Execution id="2eb88384-a607-4743-b021-35a889afbec5" />
      <TestMethod codeBase="C:\Projekty\xUnitTestProject\bin\Debug\netcoreapp3.1\xUnitTestProject.dll" adapterTypeName="executor://xunit/VsTestRunner2/netcoreapp" className="xUnitTestProject.CurrencyHelperTests" name="FormatToStringTest1000" />
    </UnitTest>
    <UnitTest name="xUnitTestProject.CurrencyHelperTests.FormatToStringTest1000(price: 24308.26523149212, expected: &quot;24308.27 zł&quot;)" storage="c:\projekty\xunittestproject\bin\debug\netcoreapp3.1\xunittestproject.dll" id="4d07a1bc-a8d9-c223-fb28-a20fa9ce459f">
      <Execution id="c46b9d94-5f9a-4c93-a13c-0c2a51d358cb" />
      <TestMethod codeBase="C:\Projekty\xUnitTestProject\bin\Debug\netcoreapp3.1\xUnitTestProject.dll" adapterTypeName="executor://xunit/VsTestRunner2/netcoreapp" className="xUnitTestProject.CurrencyHelperTests" name="FormatToStringTest1000" />
    </UnitTest>
    <UnitTest name="xUnitTestProject.CurrencyHelperTests.FormatToStringTest1000(price: 68479.93492677805, expected: &quot;68479.93 zł&quot;)" storage="c:\projekty\xunittestproject\bin\debug\netcoreapp3.1\xunittestproject.dll" id="039e02b8-589d-bf11-ab34-101144716c75">
      <Execution id="32b89795-f549-4966-8be8-6ccd85af99f6" />
      <TestMethod codeBase="C:\Projekty\xUnitTestProject\bin\Debug\netcoreapp3.1\xUnitTestProject.dll" adapterTypeName="executor://xunit/VsTestRunner2/netcoreapp" className="xUnitTestProject.CurrencyHelperTests" name="FormatToStringTest1000" />
    </UnitTest>
    <UnitTest name="xUnitTestProject.CurrencyHelperTests.FormatToStringTest1000(price: 4539.210371735137, expected: &quot;4539.21 zł&quot;)" storage="c:\projekty\xunittestproject\bin\debug\netcoreapp3.1\xunittestproject.dll" id="cd325bca-14d8-e62d-3ed3-b6cff2a5be8c">
      <Execution id="ad92f6f6-4afa-47d1-b4ba-90d8d3d1b68d" />
      <TestMethod codeBase="C:\Projekty\xUnitTestProject\bin\Debug\netcoreapp3.1\xUnitTestProject.dll" adapterTypeName="executor://xunit/VsTestRunner2/netcoreapp" className="xUnitTestProject.CurrencyHelperTests" name="FormatToStringTest1000" />
    </UnitTest>
    <UnitTest name="xUnitTestProject.CurrencyHelperTests.FormatToStringTest1000(price: 20552.966022956633, expected: &quot;20552.97 zł&quot;)" storage="c:\projekty\xunittestproject\bin\debug\netcoreapp3.1\xunittestproject.dll" id="112056a7-90b6-3caa-8868-b79786565857">
      <Execution id="cfb9c67e-4d99-4231-ba6e-26f3e7d6d59a" />
      <TestMethod codeBase="C:\Projekty\xUnitTestProject\bin\Debug\netcoreapp3.1\xUnitTestProject.dll" adapterTypeName="executor://xunit/VsTestRunner2/netcoreapp" className="xUnitTestProject.CurrencyHelperTests" name="FormatToStringTest1000" />
    </UnitTest>
    <UnitTest name="xUnitTestProject.CurrencyHelperTests.FormatToStringTest1000(price: 17418.31302247863, expected: &quot;17418.31 zł&quot;)" storage="c:\projekty\xunittestproject\bin\debug\netcoreapp3.1\xunittestproject.dll" id="749e89fd-9c9b-5d83-545c-b459ff44beff">
      <Execution id="9097ae88-c829-42af-bdeb-1369ec7e475b" />
      <TestMethod codeBase="C:\Projekty\xUnitTestProject\bin\Debug\netcoreapp3.1\xUnitTestProject.dll" adapterTypeName="executor://xunit/VsTestRunner2/netcoreapp" className="xUnitTestProject.CurrencyHelperTests" name="FormatToStringTest1000" />
    </UnitTest>
    <UnitTest name="xUnitTestProject.CurrencyHelperTests.FormatToStringTest1000(price: 17875.613377604455, expected: &quot;17875.61 zł&quot;)" storage="c:\projekty\xunittestproject\bin\debug\netcoreapp3.1\xunittestproject.dll" id="f03f6860-12a5-6960-814c-3c29d5bd5d06">
      <Execution id="3b143f9f-eff2-4df9-ac4d-960c7dbeac4e" />
      <TestMethod codeBase="C:\Projekty\xUnitTestProject\bin\Debug\netcoreapp3.1\xUnitTestProject.dll" adapterTypeName="executor://xunit/VsTestRunner2/netcoreapp" className="xUnitTestProject.CurrencyHelperTests" name="FormatToStringTest1000" />
    </UnitTest>
    <UnitTest name="xUnitTestProject.CurrencyHelperTests.FormatToStringTest1000(price: 1649.0127968480872, expected: &quot;1649.01 zł&quot;)" storage="c:\projekty\xunittestproject\bin\debug\netcoreapp3.1\xunittestproject.dll" id="ec976d73-69f5-3cb8-c94a-fac6ea1343ca">
      <Execution id="c22d2a4c-aa92-42bb-95b7-daa1eb2c3b71" />
      <TestMethod codeBase="C:\Projekty\xUnitTestProject\bin\Debug\netcoreapp3.1\xUnitTestProject.dll" adapterTypeName="executor://xunit/VsTestRunner2/netcoreapp" className="xUnitTestProject.CurrencyHelperTests" name="FormatToStringTest1000" />
    </UnitTest>
    <UnitTest name="xUnitTestProject.CurrencyHelperTests.FormatToStringTest1000(price: 9634.398811461124, expected: &quot;9634.40 zł&quot;)" storage="c:\projekty\xunittestproject\bin\debug\netcoreapp3.1\xunittestproject.dll" id="56f22bda-cb9f-dbaa-365a-cb6ba2104fe2">
      <Execution id="e9f140b8-f06c-4c1f-bc68-4c0412a07aa9" />
      <TestMethod codeBase="C:\Projekty\xUnitTestProject\bin\Debug\netcoreapp3.1\xUnitTestProject.dll" adapterTypeName="executor://xunit/VsTestRunner2/netcoreapp" className="xUnitTestProject.CurrencyHelperTests" name="FormatToStringTest1000" />
    </UnitTest>
    <UnitTest name="xUnitTestProject.CurrencyHelperTests.FormatToStringTest1000(price: 4030.673117592313, expected: &quot;4030.67 zł&quot;)" storage="c:\projekty\xunittestproject\bin\debug\netcoreapp3.1\xunittestproject.dll" id="b818a661-8c39-b04d-aea0-c8bf6f965ed2">
      <Execution id="98748cf8-f953-4ec8-8d75-0d2eabc48acb" />
      <TestMethod codeBase="C:\Projekty\xUnitTestProject\bin\Debug\netcoreapp3.1\xUnitTestProject.dll" adapterTypeName="executor://xunit/VsTestRunner2/netcoreapp" className="xUnitTestProject.CurrencyHelperTests" name="FormatToStringTest1000" />
    </UnitTest>
    <UnitTest name="xUnitTestProject.CurrencyHelperTests.FormatToStringTest1000(price: 63115.864864394935, expected: &quot;63115.86 zł&quot;)" storage="c:\projekty\xunittestproject\bin\debug\netcoreapp3.1\xunittestproject.dll" id="1d8f4068-0f19-f951-5966-43f32b70fb4f">
      <Execution id="2cbf5ac3-e985-4cf2-900a-2b1fd365950a" />
      <TestMethod codeBase="C:\Projekty\xUnitTestProject\bin\Debug\netcoreapp3.1\xUnitTestProject.dll" adapterTypeName="executor://xunit/VsTestRunner2/netcoreapp" className="xUnitTestProject.CurrencyHelperTests" name="FormatToStringTest1000" />
    </UnitTest>
    <UnitTest name="xUnitTestProject.CurrencyHelperTests.FormatToStringTest1000(price: 66723.3293191657, expected: &quot;66723.33 zł&quot;)" storage="c:\projekty\xunittestproject\bin\debug\netcoreapp3.1\xunittestproject.dll" id="6dd99dbe-4c8b-34b5-1e2c-dac97050c643">
      <Execution id="558f0737-fe31-42f1-92ff-ec6cc9914514" />
      <TestMethod codeBase="C:\Projekty\xUnitTestProject\bin\Debug\netcoreapp3.1\xUnitTestProject.dll" adapterTypeName="executor://xunit/VsTestRunner2/netcoreapp" className="xUnitTestProject.CurrencyHelperTests" name="FormatToStringTest1000" />
    </UnitTest>
    <UnitTest name="xUnitTestProject.CurrencyHelperTests.FormatToStringTest1000(price: 35384.637112688106, expected: &quot;35384.64 zł&quot;)" storage="c:\projekty\xunittestproject\bin\debug\netcoreapp3.1\xunittestproject.dll" id="631aa61c-5891-97bd-8c16-092dfa85bf9b">
      <Execution id="8fe3c5ac-1c28-4103-92b5-db44a300c195" />
      <TestMethod codeBase="C:\Projekty\xUnitTestProject\bin\Debug\netcoreapp3.1\xUnitTestProject.dll" adapterTypeName="executor://xunit/VsTestRunner2/netcoreapp" className="xUnitTestProject.CurrencyHelperTests" name="FormatToStringTest1000" />
    </UnitTest>
    <UnitTest name="xUnitTestProject.CurrencyHelperTests.FormatToStringTest1000(price: 38614.292320713066, expected: &quot;38614.29 zł&quot;)" storage="c:\projekty\xunittestproject\bin\debug\netcoreapp3.1\xunittestproject.dll" id="a7d85aa3-fa07-4a18-0790-c9a84b87bfbf">
      <Execution id="2f0b491d-4c49-4715-99af-1a0015b7580b" />
      <TestMethod codeBase="C:\Projekty\xUnitTestProject\bin\Debug\netcoreapp3.1\xUnitTestProject.dll" adapterTypeName="executor://xunit/VsTestRunner2/netcoreapp" className="xUnitTestProject.CurrencyHelperTests" name="FormatToStringTest1000" />
    </UnitTest>
    <UnitTest name="xUnitTestProject.CurrencyHelperTests.FormatToStringTest1000(price: 11494.27761332238, expected: &quot;11494.28 zł&quot;)" storage="c:\projekty\xunittestproject\bin\debug\netcoreapp3.1\xunittestproject.dll" id="61f864ac-97c4-6c85-0643-065c2cc97960">
      <Execution id="ae1d4f42-7b70-43c4-a668-e7153e0cd437" />
      <TestMethod codeBase="C:\Projekty\xUnitTestProject\bin\Debug\netcoreapp3.1\xUnitTestProject.dll" adapterTypeName="executor://xunit/VsTestRunner2/netcoreapp" className="xUnitTestProject.CurrencyHelperTests" name="FormatToStringTest1000" />
    </UnitTest>
    <UnitTest name="xUnitTestProject.CurrencyHelperTests.FormatToStringTest1000(price: 59768.02667973611, expected: &quot;59768.03 zł&quot;)" storage="c:\projekty\xunittestproject\bin\debug\netcoreapp3.1\xunittestproject.dll" id="9c7fd1db-1277-0ff0-b26a-428fd3366acd">
      <Execution id="1b3349c3-4d38-4c3c-9081-a1d2470adb82" />
      <TestMethod codeBase="C:\Projekty\xUnitTestProject\bin\Debug\netcoreapp3.1\xUnitTestProject.dll" adapterTypeName="executor://xunit/VsTestRunner2/netcoreapp" className="xUnitTestProject.CurrencyHelperTests" name="FormatToStringTest1000" />
    </UnitTest>
    <UnitTest name="xUnitTestProject.CurrencyHelperTests.FormatToStringTest1000(price: 5835.26176155557, expected: &quot;5835.26 zł&quot;)" storage="c:\projekty\xunittestproject\bin\debug\netcoreapp3.1\xunittestproject.dll" id="652fbfaf-623d-2a4f-25d1-cf07d8f0c0da">
      <Execution id="a04533eb-647e-4afb-aa3e-5f76483fb739" />
      <TestMethod codeBase="C:\Projekty\xUnitTestProject\bin\Debug\netcoreapp3.1\xUnitTestProject.dll" adapterTypeName="executor://xunit/VsTestRunner2/netcoreapp" className="xUnitTestProject.CurrencyHelperTests" name="FormatToStringTest1000" />
    </UnitTest>
    <UnitTest name="xUnitTestProject.CurrencyHelperTests.FormatToStringTest1000(price: 29796.909338079815, expected: &quot;29796.91 zł&quot;)" storage="c:\projekty\xunittestproject\bin\debug\netcoreapp3.1\xunittestproject.dll" id="e01a9a2a-2030-6ab9-7db6-efea263590e2">
      <Execution id="39f8eeff-7da7-4b32-9eff-181ad8bae009" />
      <TestMethod codeBase="C:\Projekty\xUnitTestProject\bin\Debug\netcoreapp3.1\xUnitTestProject.dll" adapterTypeName="executor://xunit/VsTestRunner2/netcoreapp" className="xUnitTestProject.CurrencyHelperTests" name="FormatToStringTest1000" />
    </UnitTest>
    <UnitTest name="xUnitTestProject.CurrencyHelperTests.FormatToStringTest1000(price: 29362.005930638876, expected: &quot;29362.01 zł&quot;)" storage="c:\projekty\xunittestproject\bin\debug\netcoreapp3.1\xunittestproject.dll" id="294352cc-8efa-db1c-1bd5-bae00c9cde08">
      <Execution id="f5b3d762-09d2-4332-89c2-64a71f23f9c6" />
      <TestMethod codeBase="C:\Projekty\xUnitTestProject\bin\Debug\netcoreapp3.1\xUnitTestProject.dll" adapterTypeName="executor://xunit/VsTestRunner2/netcoreapp" className="xUnitTestProject.CurrencyHelperTests" name="FormatToStringTest1000" />
    </UnitTest>
    <UnitTest name="xUnitTestProject.CurrencyHelperTests.FormatToStringTest1000(price: 19189.32381924117, expected: &quot;19189.32 zł&quot;)" storage="c:\projekty\xunittestproject\bin\debug\netcoreapp3.1\xunittestproject.dll" id="d907dab2-a0b3-0153-e7e4-4d342798a47e">
      <Execution id="b8287b76-c9ca-428d-9ea7-6c39dc5765e8" />
      <TestMethod codeBase="C:\Projekty\xUnitTestProject\bin\Debug\netcoreapp3.1\xUnitTestProject.dll" adapterTypeName="executor://xunit/VsTestRunner2/netcoreapp" className="xUnitTestProject.CurrencyHelperTests" name="FormatToStringTest1000" />
    </UnitTest>
    <UnitTest name="xUnitTestProject.CurrencyHelperTests.FormatToStringTest1000(price: 39531.95190033268, expected: &quot;39531.95 zł&quot;)" storage="c:\projekty\xunittestproject\bin\debug\netcoreapp3.1\xunittestproject.dll" id="e62a06d7-081f-b513-c2d5-80ddeebcb813">
      <Execution id="ca1acc86-d43c-45a1-b9f7-ba8457e5f92a" />
      <TestMethod codeBase="C:\Projekty\xUnitTestProject\bin\Debug\netcoreapp3.1\xUnitTestProject.dll" adapterTypeName="executor://xunit/VsTestRunner2/netcoreapp" className="xUnitTestProject.CurrencyHelperTests" name="FormatToStringTest1000" />
    </UnitTest>
    <UnitTest name="xUnitTestProject.CurrencyHelperTests.FormatToStringTest1000(price: 658.7555888573431, expected: &quot;658.76 zł&quot;)" storage="c:\projekty\xunittestproject\bin\debug\netcoreapp3.1\xunittestproject.dll" id="2a9faf6f-4d21-d971-4115-0a2cf31c75ab">
      <Execution id="e4483f19-09bc-4fa3-bb84-b4bbbba0e2d6" />
      <TestMethod codeBase="C:\Projekty\xUnitTestProject\bin\Debug\netcoreapp3.1\xUnitTestProject.dll" adapterTypeName="executor://xunit/VsTestRunner2/netcoreapp" className="xUnitTestProject.CurrencyHelperTests" name="FormatToStringTest1000" />
    </UnitTest>
    <UnitTest name="xUnitTestProject.CurrencyHelperTests.FormatToStringTest1000(price: 75987.03378503352, expected: &quot;75987.03 zł&quot;)" storage="c:\projekty\xunittestproject\bin\debug\netcoreapp3.1\xunittestproject.dll" id="fd8ab50a-6120-2a06-7ebd-aae621104cec">
      <Execution id="9926a5bd-a4a2-4384-b44b-04604694f70d" />
      <TestMethod codeBase="C:\Projekty\xUnitTestProject\bin\Debug\netcoreapp3.1\xUnitTestProject.dll" adapterTypeName="executor://xunit/VsTestRunner2/netcoreapp" className="xUnitTestProject.CurrencyHelperTests" name="FormatToStringTest1000" />
    </UnitTest>
    <UnitTest name="xUnitTestProject.CurrencyHelperTests.FormatToStringTest1000(price: 35248.53555717996, expected: &quot;35248.54 zł&quot;)" storage="c:\projekty\xunittestproject\bin\debug\netcoreapp3.1\xunittestproject.dll" id="ecb76390-c6f7-bfa0-1a99-45634c606ddc">
      <Execution id="4ec00db7-7436-4419-a071-760200fe9c0c" />
      <TestMethod codeBase="C:\Projekty\xUnitTestProject\bin\Debug\netcoreapp3.1\xUnitTestProject.dll" adapterTypeName="executor://xunit/VsTestRunner2/netcoreapp" className="xUnitTestProject.CurrencyHelperTests" name="FormatToStringTest1000" />
    </UnitTest>
    <UnitTest name="xUnitTestProject.CurrencyHelperTests.FormatToStringTest1000(price: 56802.303118930344, expected: &quot;56802.30 zł&quot;)" storage="c:\projekty\xunittestproject\bin\debug\netcoreapp3.1\xunittestproject.dll" id="6997fb4f-bee2-69ca-461b-7845f1fa191c">
      <Execution id="ef3b09e2-cb27-410f-ac34-4279ffa6a9f2" />
      <TestMethod codeBase="C:\Projekty\xUnitTestProject\bin\Debug\netcoreapp3.1\xUnitTestProject.dll" adapterTypeName="executor://xunit/VsTestRunner2/netcoreapp" className="xUnitTestProject.CurrencyHelperTests" name="FormatToStringTest1000" />
    </UnitTest>
    <UnitTest name="xUnitTestProject.CurrencyHelperTests.FormatToStringTest1000(price: 1300.9430775404642, expected: &quot;1300.94 zł&quot;)" storage="c:\projekty\xunittestproject\bin\debug\netcoreapp3.1\xunittestproject.dll" id="847ca950-a5c5-d084-8e4e-ab9e67678604">
      <Execution id="ca185af2-711c-46fe-970f-eead5199afed" />
      <TestMethod codeBase="C:\Projekty\xUnitTestProject\bin\Debug\netcoreapp3.1\xUnitTestProject.dll" adapterTypeName="executor://xunit/VsTestRunner2/netcoreapp" className="xUnitTestProject.CurrencyHelperTests" name="FormatToStringTest1000" />
    </UnitTest>
    <UnitTest name="xUnitTestProject.CurrencyHelperTests.FormatToStringTest1000(price: 8697.074631143862, expected: &quot;8697.07 zł&quot;)" storage="c:\projekty\xunittestproject\bin\debug\netcoreapp3.1\xunittestproject.dll" id="dffdcee4-e2c7-a486-318f-edaed8877c4d">
      <Execution id="2e9dd55d-e8fa-4e18-9dab-748e6ba563e5" />
      <TestMethod codeBase="C:\Projekty\xUnitTestProject\bin\Debug\netcoreapp3.1\xUnitTestProject.dll" adapterTypeName="executor://xunit/VsTestRunner2/netcoreapp" className="xUnitTestProject.CurrencyHelperTests" name="FormatToStringTest1000" />
    </UnitTest>
    <UnitTest name="xUnitTestProject.CurrencyHelperTests.FormatToStringTest1000(price: 1739.5853778997368, expected: &quot;1739.59 zł&quot;)" storage="c:\projekty\xunittestproject\bin\debug\netcoreapp3.1\xunittestproject.dll" id="613b2ffe-17c7-a1b7-9417-e8c0c951aa41">
      <Execution id="7e7b85ae-412d-43f9-b9f5-58a65f31c6e0" />
      <TestMethod codeBase="C:\Projekty\xUnitTestProject\bin\Debug\netcoreapp3.1\xUnitTestProject.dll" adapterTypeName="executor://xunit/VsTestRunner2/netcoreapp" className="xUnitTestProject.CurrencyHelperTests" name="FormatToStringTest1000" />
    </UnitTest>
    <UnitTest name="xUnitTestProject.CurrencyHelperTests.FormatToStringTest1000(price: 27794.8671353957, expected: &quot;27794.87 zł&quot;)" storage="c:\projekty\xunittestproject\bin\debug\netcoreapp3.1\xunittestproject.dll" id="80a788de-88e0-32bd-4244-9850aa1ba44f">
      <Execution id="0d294a1a-4a02-4d40-aece-027ef349b7f6" />
      <TestMethod codeBase="C:\Projekty\xUnitTestProject\bin\Debug\netcoreapp3.1\xUnitTestProject.dll" adapterTypeName="executor://xunit/VsTestRunner2/netcoreapp" className="xUnitTestProject.CurrencyHelperTests" name="FormatToStringTest1000" />
    </UnitTest>
    <UnitTest name="xUnitTestProject.CurrencyHelperTests.FormatToStringTest1000(price: 39641.61351217451, expected: &quot;39641.61 zł&quot;)" storage="c:\projekty\xunittestproject\bin\debug\netcoreapp3.1\xunittestproject.dll" id="acda3d15-0e29-fc40-b0fc-fcddae081200">
      <Execution id="7544e5a8-e9b0-4b3d-aafe-f5f0c6f0ffb8" />
      <TestMethod codeBase="C:\Projekty\xUnitTestProject\bin\Debug\netcoreapp3.1\xUnitTestProject.dll" adapterTypeName="executor://xunit/VsTestRunner2/netcoreapp" className="xUnitTestProject.CurrencyHelperTests" name="FormatToStringTest1000" />
    </UnitTest>
    <UnitTest name="xUnitTestProject.CurrencyHelperTests.FormatToStringTest1000(price: 35.34471716840971, expected: &quot;35.34 zł&quot;)" storage="c:\projekty\xunittestproject\bin\debug\netcoreapp3.1\xunittestproject.dll" id="2ff98558-45c2-21dd-60d2-e1efdde7c0a8">
      <Execution id="14677add-0a78-4279-a581-959c754410a4" />
      <TestMethod codeBase="C:\Projekty\xUnitTestProject\bin\Debug\netcoreapp3.1\xUnitTestProject.dll" adapterTypeName="executor://xunit/VsTestRunner2/netcoreapp" className="xUnitTestProject.CurrencyHelperTests" name="FormatToStringTest1000" />
    </UnitTest>
    <UnitTest name="xUnitTestProject.CurrencyHelperTests.FormatToStringTest1000(price: 44065.726815678056, expected: &quot;44065.73 zł&quot;)" storage="c:\projekty\xunittestproject\bin\debug\netcoreapp3.1\xunittestproject.dll" id="900eea81-caf7-4e0f-b129-22c2df2135b0">
      <Execution id="988262c8-671b-4c2c-9d1e-4710a4b92bb0" />
      <TestMethod codeBase="C:\Projekty\xUnitTestProject\bin\Debug\netcoreapp3.1\xUnitTestProject.dll" adapterTypeName="executor://xunit/VsTestRunner2/netcoreapp" className="xUnitTestProject.CurrencyHelperTests" name="FormatToStringTest1000" />
    </UnitTest>
    <UnitTest name="xUnitTestProject.CurrencyHelperTests.FormatToStringTest1000(price: 15396.537902579894, expected: &quot;15396.54 zł&quot;)" storage="c:\projekty\xunittestproject\bin\debug\netcoreapp3.1\xunittestproject.dll" id="b873b04a-7c62-5dd2-8547-3f31b075c272">
      <Execution id="ececc77a-7002-4dbc-96c3-5cc023713429" />
      <TestMethod codeBase="C:\Projekty\xUnitTestProject\bin\Debug\netcoreapp3.1\xUnitTestProject.dll" adapterTypeName="executor://xunit/VsTestRunner2/netcoreapp" className="xUnitTestProject.CurrencyHelperTests" name="FormatToStringTest1000" />
    </UnitTest>
    <UnitTest name="xUnitTestProject.CurrencyHelperTests.FormatToStringTest1000(price: 5855.75080885354, expected: &quot;5855.75 zł&quot;)" storage="c:\projekty\xunittestproject\bin\debug\netcoreapp3.1\xunittestproject.dll" id="b8787739-4c07-b11a-eff9-c330a8615328">
      <Execution id="2cc97635-e78a-4c0b-8ad7-399d66378ba0" />
      <TestMethod codeBase="C:\Projekty\xUnitTestProject\bin\Debug\netcoreapp3.1\xUnitTestProject.dll" adapterTypeName="executor://xunit/VsTestRunner2/netcoreapp" className="xUnitTestProject.CurrencyHelperTests" name="FormatToStringTest1000" />
    </UnitTest>
    <UnitTest name="xUnitTestProject.CurrencyHelperTests.FormatToStringTest1000(price: 30320.450517486992, expected: &quot;30320.45 zł&quot;)" storage="c:\projekty\xunittestproject\bin\debug\netcoreapp3.1\xunittestproject.dll" id="042cc95e-2b44-fa19-b576-f75093af4b96">
      <Execution id="86d73e63-bcaa-4f3b-a284-7f6b7d9f7505" />
      <TestMethod codeBase="C:\Projekty\xUnitTestProject\bin\Debug\netcoreapp3.1\xUnitTestProject.dll" adapterTypeName="executor://xunit/VsTestRunner2/netcoreapp" className="xUnitTestProject.CurrencyHelperTests" name="FormatToStringTest1000" />
    </UnitTest>
    <UnitTest name="xUnitTestProject.CurrencyHelperTests.FormatToStringTest1000(price: 84686.32148464039, expected: &quot;84686.32 zł&quot;)" storage="c:\projekty\xunittestproject\bin\debug\netcoreapp3.1\xunittestproject.dll" id="7b2e748c-5793-e1c6-45bc-d5f863686469">
      <Execution id="36458812-cbad-4f70-b7cf-fd8b0bc64f3c" />
      <TestMethod codeBase="C:\Projekty\xUnitTestProject\bin\Debug\netcoreapp3.1\xUnitTestProject.dll" adapterTypeName="executor://xunit/VsTestRunner2/netcoreapp" className="xUnitTestProject.CurrencyHelperTests" name="FormatToStringTest1000" />
    </UnitTest>
    <UnitTest name="xUnitTestProject.CurrencyHelperTests.FormatToStringTest1000(price: 9867.823212210007, expected: &quot;9867.82 zł&quot;)" storage="c:\projekty\xunittestproject\bin\debug\netcoreapp3.1\xunittestproject.dll" id="99e7c5dd-ce54-9083-5f21-8bd4ff4149bd">
      <Execution id="86c0805f-2f7a-4cf3-9d13-e22f7f9c61af" />
      <TestMethod codeBase="C:\Projekty\xUnitTestProject\bin\Debug\netcoreapp3.1\xUnitTestProject.dll" adapterTypeName="executor://xunit/VsTestRunner2/netcoreapp" className="xUnitTestProject.CurrencyHelperTests" name="FormatToStringTest1000" />
    </UnitTest>
    <UnitTest name="xUnitTestProject.CurrencyHelperTests.FormatToStringTest1000(price: 42767.96883676898, expected: &quot;42767.97 zł&quot;)" storage="c:\projekty\xunittestproject\bin\debug\netcoreapp3.1\xunittestproject.dll" id="5d6a5449-fc3a-dea9-163b-dec74b3dd1b9">
      <Execution id="2b36a05d-dd4d-4585-991e-9d51ac0feea0" />
      <TestMethod codeBase="C:\Projekty\xUnitTestProject\bin\Debug\netcoreapp3.1\xUnitTestProject.dll" adapterTypeName="executor://xunit/VsTestRunner2/netcoreapp" className="xUnitTestProject.CurrencyHelperTests" name="FormatToStringTest1000" />
    </UnitTest>
    <UnitTest name="xUnitTestProject.CurrencyHelperTests.FormatToStringTest1000(price: 86.89546322771136, expected: &quot;86.90 zł&quot;)" storage="c:\projekty\xunittestproject\bin\debug\netcoreapp3.1\xunittestproject.dll" id="294f15b0-a486-8084-b9ae-585b30f21a60">
      <Execution id="a86ff9ca-af8c-42d8-8c1c-d310d11ce3d9" />
      <TestMethod codeBase="C:\Projekty\xUnitTestProject\bin\Debug\netcoreapp3.1\xUnitTestProject.dll" adapterTypeName="executor://xunit/VsTestRunner2/netcoreapp" className="xUnitTestProject.CurrencyHelperTests" name="FormatToStringTest1000" />
    </UnitTest>
    <UnitTest name="xUnitTestProject.CurrencyHelperTests.FormatToStringTest1000(price: 60017.857676936714, expected: &quot;60017.86 zł&quot;)" storage="c:\projekty\xunittestproject\bin\debug\netcoreapp3.1\xunittestproject.dll" id="31d7ba44-de75-ed55-66c6-b51937c13355">
      <Execution id="300c2f53-1939-4d8d-ad9d-246abcfafc8b" />
      <TestMethod codeBase="C:\Projekty\xUnitTestProject\bin\Debug\netcoreapp3.1\xUnitTestProject.dll" adapterTypeName="executor://xunit/VsTestRunner2/netcoreapp" className="xUnitTestProject.CurrencyHelperTests" name="FormatToStringTest1000" />
    </UnitTest>
    <UnitTest name="xUnitTestProject.CurrencyHelperTests.FormatToStringTest1000(price: 13568.230982493717, expected: &quot;13568.23 zł&quot;)" storage="c:\projekty\xunittestproject\bin\debug\netcoreapp3.1\xunittestproject.dll" id="ef2c65b8-081e-e356-813a-949f0831c7f0">
      <Execution id="cbff7066-9959-4324-a326-bb2bd5ea7d3a" />
      <TestMethod codeBase="C:\Projekty\xUnitTestProject\bin\Debug\netcoreapp3.1\xUnitTestProject.dll" adapterTypeName="executor://xunit/VsTestRunner2/netcoreapp" className="xUnitTestProject.CurrencyHelperTests" name="FormatToStringTest1000" />
    </UnitTest>
    <UnitTest name="xUnitTestProject.CurrencyHelperTests.FormatToStringTest1000(price: 3431.864349926759, expected: &quot;3431.86 zł&quot;)" storage="c:\projekty\xunittestproject\bin\debug\netcoreapp3.1\xunittestproject.dll" id="dd6f82bf-ec98-4f3e-74b1-00844a5994bf">
      <Execution id="87d6d9f3-95ab-47cb-b167-0c5e118dd3d7" />
      <TestMethod codeBase="C:\Projekty\xUnitTestProject\bin\Debug\netcoreapp3.1\xUnitTestProject.dll" adapterTypeName="executor://xunit/VsTestRunner2/netcoreapp" className="xUnitTestProject.CurrencyHelperTests" name="FormatToStringTest1000" />
    </UnitTest>
    <UnitTest name="xUnitTestProject.CurrencyHelperTests.FormatToStringTest1000(price: 11912.404131636213, expected: &quot;11912.40 zł&quot;)" storage="c:\projekty\xunittestproject\bin\debug\netcoreapp3.1\xunittestproject.dll" id="f80009c9-805e-194a-5298-bf93d54f39d7">
      <Execution id="40833554-88c2-4d5f-9736-0222eea97695" />
      <TestMethod codeBase="C:\Projekty\xUnitTestProject\bin\Debug\netcoreapp3.1\xUnitTestProject.dll" adapterTypeName="executor://xunit/VsTestRunner2/netcoreapp" className="xUnitTestProject.CurrencyHelperTests" name="FormatToStringTest1000" />
    </UnitTest>
    <UnitTest name="xUnitTestProject.CurrencyHelperTests.FormatToStringTest1000(price: 6890.028458985514, expected: &quot;6890.03 zł&quot;)" storage="c:\projekty\xunittestproject\bin\debug\netcoreapp3.1\xunittestproject.dll" id="567ca57c-5cc0-0e6c-fd41-e20b10f40469">
      <Execution id="0d8dcbe4-089e-4991-bb82-25ca4c90c7cf" />
      <TestMethod codeBase="C:\Projekty\xUnitTestProject\bin\Debug\netcoreapp3.1\xUnitTestProject.dll" adapterTypeName="executor://xunit/VsTestRunner2/netcoreapp" className="xUnitTestProject.CurrencyHelperTests" name="FormatToStringTest1000" />
    </UnitTest>
    <UnitTest name="xUnitTestProject.CurrencyHelperTests.FormatToStringTest1000(price: 19463.08761954917, expected: &quot;19463.09 zł&quot;)" storage="c:\projekty\xunittestproject\bin\debug\netcoreapp3.1\xunittestproject.dll" id="38ee170e-2136-8164-8076-d7d266da6388">
      <Execution id="a458557f-9c62-49c3-b50a-9e8c807d91df" />
      <TestMethod codeBase="C:\Projekty\xUnitTestProject\bin\Debug\netcoreapp3.1\xUnitTestProject.dll" adapterTypeName="executor://xunit/VsTestRunner2/netcoreapp" className="xUnitTestProject.CurrencyHelperTests" name="FormatToStringTest1000" />
    </UnitTest>
    <UnitTest name="xUnitTestProject.CurrencyHelperTests.FormatToStringTest1000(price: 7377.5644264340235, expected: &quot;7377.56 zł&quot;)" storage="c:\projekty\xunittestproject\bin\debug\netcoreapp3.1\xunittestproject.dll" id="46947d50-5e18-dad2-e4a8-b6d0819ae97c">
      <Execution id="2477d950-781b-47c5-b23c-b053ec38713d" />
      <TestMethod codeBase="C:\Projekty\xUnitTestProject\bin\Debug\netcoreapp3.1\xUnitTestProject.dll" adapterTypeName="executor://xunit/VsTestRunner2/netcoreapp" className="xUnitTestProject.CurrencyHelperTests" name="FormatToStringTest1000" />
    </UnitTest>
    <UnitTest name="xUnitTestProject.CurrencyHelperTests.FormatToStringTest1000(price: 7621.507806692509, expected: &quot;7621.51 zł&quot;)" storage="c:\projekty\xunittestproject\bin\debug\netcoreapp3.1\xunittestproject.dll" id="612eaa65-a60d-5727-69a2-576580c27858">
      <Execution id="1565a018-72e8-4c80-8b48-a65b2401a249" />
      <TestMethod codeBase="C:\Projekty\xUnitTestProject\bin\Debug\netcoreapp3.1\xUnitTestProject.dll" adapterTypeName="executor://xunit/VsTestRunner2/netcoreapp" className="xUnitTestProject.CurrencyHelperTests" name="FormatToStringTest1000" />
    </UnitTest>
    <UnitTest name="xUnitTestProject.CurrencyHelperTests.FormatToStringTest1000(price: 7715.904444139406, expected: &quot;7715.90 zł&quot;)" storage="c:\projekty\xunittestproject\bin\debug\netcoreapp3.1\xunittestproject.dll" id="82cc450a-0e9d-45d3-9478-f947af9d278f">
      <Execution id="ddce31a5-fe3a-4106-aef1-c29f5e486005" />
      <TestMethod codeBase="C:\Projekty\xUnitTestProject\bin\Debug\netcoreapp3.1\xUnitTestProject.dll" adapterTypeName="executor://xunit/VsTestRunner2/netcoreapp" className="xUnitTestProject.CurrencyHelperTests" name="FormatToStringTest1000" />
    </UnitTest>
    <UnitTest name="xUnitTestProject.CurrencyHelperTests.FormatToStringTest1000(price: 13046.352146307172, expected: &quot;13046.35 zł&quot;)" storage="c:\projekty\xunittestproject\bin\debug\netcoreapp3.1\xunittestproject.dll" id="13dfd982-ae8a-b137-0e11-07b0f29632c1">
      <Execution id="64291c70-cf20-4fa8-bccb-1356242aa84a" />
      <TestMethod codeBase="C:\Projekty\xUnitTestProject\bin\Debug\netcoreapp3.1\xUnitTestProject.dll" adapterTypeName="executor://xunit/VsTestRunner2/netcoreapp" className="xUnitTestProject.CurrencyHelperTests" name="FormatToStringTest1000" />
    </UnitTest>
    <UnitTest name="xUnitTestProject.CurrencyHelperTests.FormatToStringTest1000(price: 20527.270339210645, expected: &quot;20527.27 zł&quot;)" storage="c:\projekty\xunittestproject\bin\debug\netcoreapp3.1\xunittestproject.dll" id="b828fc0d-bf07-676e-b8c0-6e0aa44c3171">
      <Execution id="a0dab0d4-5334-475a-afb8-2125351d236a" />
      <TestMethod codeBase="C:\Projekty\xUnitTestProject\bin\Debug\netcoreapp3.1\xUnitTestProject.dll" adapterTypeName="executor://xunit/VsTestRunner2/netcoreapp" className="xUnitTestProject.CurrencyHelperTests" name="FormatToStringTest1000" />
    </UnitTest>
    <UnitTest name="xUnitTestProject.CurrencyHelperTests.FormatToStringTest1000(price: 16571.355536101553, expected: &quot;16571.36 zł&quot;)" storage="c:\projekty\xunittestproject\bin\debug\netcoreapp3.1\xunittestproject.dll" id="31031da7-a7ef-21d8-df85-bc08b8725f11">
      <Execution id="e1b1ddb9-b0f7-4ff8-a6ed-da0c631bc248" />
      <TestMethod codeBase="C:\Projekty\xUnitTestProject\bin\Debug\netcoreapp3.1\xUnitTestProject.dll" adapterTypeName="executor://xunit/VsTestRunner2/netcoreapp" className="xUnitTestProject.CurrencyHelperTests" name="FormatToStringTest1000" />
    </UnitTest>
    <UnitTest name="xUnitTestProject.CurrencyHelperTests.FormatToStringTest1000(price: 66945.02904917022, expected: &quot;66945.03 zł&quot;)" storage="c:\projekty\xunittestproject\bin\debug\netcoreapp3.1\xunittestproject.dll" id="028a745a-d396-f185-341f-56b2c46b3ca2">
      <Execution id="a60fb703-1dcf-4d21-abe4-f9735f15ca51" />
      <TestMethod codeBase="C:\Projekty\xUnitTestProject\bin\Debug\netcoreapp3.1\xUnitTestProject.dll" adapterTypeName="executor://xunit/VsTestRunner2/netcoreapp" className="xUnitTestProject.CurrencyHelperTests" name="FormatToStringTest1000" />
    </UnitTest>
    <UnitTest name="xUnitTestProject.CurrencyHelperTests.FormatToStringTest1000(price: 13337.80490493486, expected: &quot;13337.80 zł&quot;)" storage="c:\projekty\xunittestproject\bin\debug\netcoreapp3.1\xunittestproject.dll" id="aef73524-5efd-2ad9-76a4-22b643281e1e">
      <Execution id="cdd04b4e-1cc2-428e-8022-e23f9f244f6d" />
      <TestMethod codeBase="C:\Projekty\xUnitTestProject\bin\Debug\netcoreapp3.1\xUnitTestProject.dll" adapterTypeName="executor://xunit/VsTestRunner2/netcoreapp" className="xUnitTestProject.CurrencyHelperTests" name="FormatToStringTest1000" />
    </UnitTest>
    <UnitTest name="xUnitTestProject.CurrencyHelperTests.FormatToStringTest1000(price: 40556.73452524362, expected: &quot;40556.73 zł&quot;)" storage="c:\projekty\xunittestproject\bin\debug\netcoreapp3.1\xunittestproject.dll" id="f0e62743-f005-ab34-4606-22275729a052">
      <Execution id="d0f103c7-29be-402d-8a73-74b1476332b9" />
      <TestMethod codeBase="C:\Projekty\xUnitTestProject\bin\Debug\netcoreapp3.1\xUnitTestProject.dll" adapterTypeName="executor://xunit/VsTestRunner2/netcoreapp" className="xUnitTestProject.CurrencyHelperTests" name="FormatToStringTest1000" />
    </UnitTest>
    <UnitTest name="xUnitTestProject.CurrencyHelperTests.FormatToStringTest1000(price: 14218.204344010543, expected: &quot;14218.20 zł&quot;)" storage="c:\projekty\xunittestproject\bin\debug\netcoreapp3.1\xunittestproject.dll" id="37d09489-36bf-8c23-e75f-f494d92ed465">
      <Execution id="2fd2fcb3-072f-4d29-8db7-b6727d975b71" />
      <TestMethod codeBase="C:\Projekty\xUnitTestProject\bin\Debug\netcoreapp3.1\xUnitTestProject.dll" adapterTypeName="executor://xunit/VsTestRunner2/netcoreapp" className="xUnitTestProject.CurrencyHelperTests" name="FormatToStringTest1000" />
    </UnitTest>
    <UnitTest name="xUnitTestProject.CurrencyHelperTests.FormatToStringTest1000(price: 867.5236648356187, expected: &quot;867.52 zł&quot;)" storage="c:\projekty\xunittestproject\bin\debug\netcoreapp3.1\xunittestproject.dll" id="ed116d32-6ba7-9bd1-6680-6c13ee07292b">
      <Execution id="6f389345-f33e-4f35-aee1-5b92b3bf2005" />
      <TestMethod codeBase="C:\Projekty\xUnitTestProject\bin\Debug\netcoreapp3.1\xUnitTestProject.dll" adapterTypeName="executor://xunit/VsTestRunner2/netcoreapp" className="xUnitTestProject.CurrencyHelperTests" name="FormatToStringTest1000" />
    </UnitTest>
    <UnitTest name="xUnitTestProject.CurrencyHelperTests.FormatToStringTest1000(price: 6213.265206352466, expected: &quot;6213.27 zł&quot;)" storage="c:\projekty\xunittestproject\bin\debug\netcoreapp3.1\xunittestproject.dll" id="37e53818-7fa5-17d7-012c-004f89325673">
      <Execution id="f3c85817-f272-4092-a2f2-e9e077fde892" />
      <TestMethod codeBase="C:\Projekty\xUnitTestProject\bin\Debug\netcoreapp3.1\xUnitTestProject.dll" adapterTypeName="executor://xunit/VsTestRunner2/netcoreapp" className="xUnitTestProject.CurrencyHelperTests" name="FormatToStringTest1000" />
    </UnitTest>
    <UnitTest name="xUnitTestProject.CurrencyHelperTests.FormatToStringTest1000(price: 7669.3855620214645, expected: &quot;7669.39 zł&quot;)" storage="c:\projekty\xunittestproject\bin\debug\netcoreapp3.1\xunittestproject.dll" id="1a44af6f-888e-1f8e-a00f-e2d743b26f12">
      <Execution id="3dff4e23-bfd0-46de-9999-66318c35e468" />
      <TestMethod codeBase="C:\Projekty\xUnitTestProject\bin\Debug\netcoreapp3.1\xUnitTestProject.dll" adapterTypeName="executor://xunit/VsTestRunner2/netcoreapp" className="xUnitTestProject.CurrencyHelperTests" name="FormatToStringTest1000" />
    </UnitTest>
    <UnitTest name="xUnitTestProject.CurrencyHelperTests.FormatToStringTest1000(price: 16427.591943671738, expected: &quot;16427.59 zł&quot;)" storage="c:\projekty\xunittestproject\bin\debug\netcoreapp3.1\xunittestproject.dll" id="3bcce3ce-1e1f-b2cb-aecb-f9baaad49b40">
      <Execution id="7ca6635e-327c-4370-b76d-dfd0ed7faf90" />
      <TestMethod codeBase="C:\Projekty\xUnitTestProject\bin\Debug\netcoreapp3.1\xUnitTestProject.dll" adapterTypeName="executor://xunit/VsTestRunner2/netcoreapp" className="xUnitTestProject.CurrencyHelperTests" name="FormatToStringTest1000" />
    </UnitTest>
    <UnitTest name="xUnitTestProject.CurrencyHelperTests.FormatToStringTest1000(price: 635.3263313632116, expected: &quot;635.33 zł&quot;)" storage="c:\projekty\xunittestproject\bin\debug\netcoreapp3.1\xunittestproject.dll" id="a9271829-fbf1-47a3-aed7-368db58e22e7">
      <Execution id="2db41b74-e326-4bfb-9aa0-1c456e577671" />
      <TestMethod codeBase="C:\Projekty\xUnitTestProject\bin\Debug\netcoreapp3.1\xUnitTestProject.dll" adapterTypeName="executor://xunit/VsTestRunner2/netcoreapp" className="xUnitTestProject.CurrencyHelperTests" name="FormatToStringTest1000" />
    </UnitTest>
    <UnitTest name="xUnitTestProject.CurrencyHelperTests.FormatToStringTest1000(price: 90187.4082624374, expected: &quot;90187.41 zł&quot;)" storage="c:\projekty\xunittestproject\bin\debug\netcoreapp3.1\xunittestproject.dll" id="4f50c537-4ed4-21bc-0ecd-39e74b29d0e7">
      <Execution id="67582f92-4352-4d6c-90dd-02d9477c2fba" />
      <TestMethod codeBase="C:\Projekty\xUnitTestProject\bin\Debug\netcoreapp3.1\xUnitTestProject.dll" adapterTypeName="executor://xunit/VsTestRunner2/netcoreapp" className="xUnitTestProject.CurrencyHelperTests" name="FormatToStringTest1000" />
    </UnitTest>
    <UnitTest name="xUnitTestProject.CurrencyHelperTests.FormatToStringTest1000(price: 30578.687538491416, expected: &quot;30578.69 zł&quot;)" storage="c:\projekty\xunittestproject\bin\debug\netcoreapp3.1\xunittestproject.dll" id="04661d81-bbef-c82f-71cf-dda291897ead">
      <Execution id="214f122d-bf7e-4b59-b7ec-783399cc8ebb" />
      <TestMethod codeBase="C:\Projekty\xUnitTestProject\bin\Debug\netcoreapp3.1\xUnitTestProject.dll" adapterTypeName="executor://xunit/VsTestRunner2/netcoreapp" className="xUnitTestProject.CurrencyHelperTests" name="FormatToStringTest1000" />
    </UnitTest>
    <UnitTest name="xUnitTestProject.CurrencyHelperTests.FormatToStringTest1000(price: 1821.7083499085663, expected: &quot;1821.71 zł&quot;)" storage="c:\projekty\xunittestproject\bin\debug\netcoreapp3.1\xunittestproject.dll" id="a5c380fd-7aff-7b69-c8d6-5989b9e204c5">
      <Execution id="55c08dae-3f3d-449e-9333-b60ee4f07cb3" />
      <TestMethod codeBase="C:\Projekty\xUnitTestProject\bin\Debug\netcoreapp3.1\xUnitTestProject.dll" adapterTypeName="executor://xunit/VsTestRunner2/netcoreapp" className="xUnitTestProject.CurrencyHelperTests" name="FormatToStringTest1000" />
    </UnitTest>
    <UnitTest name="xUnitTestProject.CurrencyHelperTests.FormatToStringTest1000(price: 317.9090540706688, expected: &quot;317.91 zł&quot;)" storage="c:\projekty\xunittestproject\bin\debug\netcoreapp3.1\xunittestproject.dll" id="996b214e-32e4-5376-d989-b4bc865084fe">
      <Execution id="6dc16064-4ae0-44ce-8c8b-4a98df5ec422" />
      <TestMethod codeBase="C:\Projekty\xUnitTestProject\bin\Debug\netcoreapp3.1\xUnitTestProject.dll" adapterTypeName="executor://xunit/VsTestRunner2/netcoreapp" className="xUnitTestProject.CurrencyHelperTests" name="FormatToStringTest1000" />
    </UnitTest>
    <UnitTest name="xUnitTestProject.CurrencyHelperTests.FormatToStringTest1000(price: 28072.424637532058, expected: &quot;28072.42 zł&quot;)" storage="c:\projekty\xunittestproject\bin\debug\netcoreapp3.1\xunittestproject.dll" id="bb2394ba-110a-90c0-2182-1e3775f73d05">
      <Execution id="91551ea1-5844-4b92-be9d-2cff1d6f7f51" />
      <TestMethod codeBase="C:\Projekty\xUnitTestProject\bin\Debug\netcoreapp3.1\xUnitTestProject.dll" adapterTypeName="executor://xunit/VsTestRunner2/netcoreapp" className="xUnitTestProject.CurrencyHelperTests" name="FormatToStringTest1000" />
    </UnitTest>
    <UnitTest name="xUnitTestProject.CurrencyHelperTests.FormatToStringTest1000(price: 2718.1767171650085, expected: &quot;2718.18 zł&quot;)" storage="c:\projekty\xunittestproject\bin\debug\netcoreapp3.1\xunittestproject.dll" id="fc18dbb3-2c7f-eef4-d751-3ff8a18e5fdc">
      <Execution id="5128c05c-25f3-4f8b-a5ca-6cf83275a166" />
      <TestMethod codeBase="C:\Projekty\xUnitTestProject\bin\Debug\netcoreapp3.1\xUnitTestProject.dll" adapterTypeName="executor://xunit/VsTestRunner2/netcoreapp" className="xUnitTestProject.CurrencyHelperTests" name="FormatToStringTest1000" />
    </UnitTest>
    <UnitTest name="xUnitTestProject.CurrencyHelperTests.FormatToStringTest1000(price: 1884.4923513031063, expected: &quot;1884.49 zł&quot;)" storage="c:\projekty\xunittestproject\bin\debug\netcoreapp3.1\xunittestproject.dll" id="5df2cee8-1205-20ca-1995-6e5120b53d1e">
      <Execution id="c5459461-3103-45f1-901a-121c10f2adbe" />
      <TestMethod codeBase="C:\Projekty\xUnitTestProject\bin\Debug\netcoreapp3.1\xUnitTestProject.dll" adapterTypeName="executor://xunit/VsTestRunner2/netcoreapp" className="xUnitTestProject.CurrencyHelperTests" name="FormatToStringTest1000" />
    </UnitTest>
    <UnitTest name="xUnitTestProject.CurrencyHelperTests.FormatToStringTest1000(price: 2897.9775426620513, expected: &quot;2897.98 zł&quot;)" storage="c:\projekty\xunittestproject\bin\debug\netcoreapp3.1\xunittestproject.dll" id="edd98930-a456-c16e-31c0-f98ab53f4169">
      <Execution id="0065d7be-252b-4a77-86ed-a3b4b0bd2330" />
      <TestMethod codeBase="C:\Projekty\xUnitTestProject\bin\Debug\netcoreapp3.1\xUnitTestProject.dll" adapterTypeName="executor://xunit/VsTestRunner2/netcoreapp" className="xUnitTestProject.CurrencyHelperTests" name="FormatToStringTest1000" />
    </UnitTest>
    <UnitTest name="xUnitTestProject.CurrencyHelperTests.FormatToStringTest1000(price: 14017.699524653006, expected: &quot;14017.70 zł&quot;)" storage="c:\projekty\xunittestproject\bin\debug\netcoreapp3.1\xunittestproject.dll" id="24bb58fc-f26e-f596-3b94-0fe50e90026c">
      <Execution id="546e36ab-85ba-433e-a890-4e8e332372c0" />
      <TestMethod codeBase="C:\Projekty\xUnitTestProject\bin\Debug\netcoreapp3.1\xUnitTestProject.dll" adapterTypeName="executor://xunit/VsTestRunner2/netcoreapp" className="xUnitTestProject.CurrencyHelperTests" name="FormatToStringTest1000" />
    </UnitTest>
    <UnitTest name="xUnitTestProject.CurrencyHelperTests.FormatToStringTest1000(price: 21785.42157155528, expected: &quot;21785.42 zł&quot;)" storage="c:\projekty\xunittestproject\bin\debug\netcoreapp3.1\xunittestproject.dll" id="6205fc96-eb71-1460-755c-461fb37bb024">
      <Execution id="e0f139a7-3c47-4f41-a1cc-e845b8ec7d7f" />
      <TestMethod codeBase="C:\Projekty\xUnitTestProject\bin\Debug\netcoreapp3.1\xUnitTestProject.dll" adapterTypeName="executor://xunit/VsTestRunner2/netcoreapp" className="xUnitTestProject.CurrencyHelperTests" name="FormatToStringTest1000" />
    </UnitTest>
    <UnitTest name="xUnitTestProject.CurrencyHelperTests.FormatToStringTest1000(price: 88616.03808168416, expected: &quot;88616.04 zł&quot;)" storage="c:\projekty\xunittestproject\bin\debug\netcoreapp3.1\xunittestproject.dll" id="908bbb79-500c-f673-c8f4-2e8bf73bce40">
      <Execution id="a74147fc-bc4c-4801-bec7-bdbf5acc9f5b" />
      <TestMethod codeBase="C:\Projekty\xUnitTestProject\bin\Debug\netcoreapp3.1\xUnitTestProject.dll" adapterTypeName="executor://xunit/VsTestRunner2/netcoreapp" className="xUnitTestProject.CurrencyHelperTests" name="FormatToStringTest1000" />
    </UnitTest>
    <UnitTest name="xUnitTestProject.CurrencyHelperTests.FormatToStringTest1000(price: 12379.347974640013, expected: &quot;12379.35 zł&quot;)" storage="c:\projekty\xunittestproject\bin\debug\netcoreapp3.1\xunittestproject.dll" id="b2d498a1-af9b-33b8-aa18-e8644e9da7f1">
      <Execution id="fc275ab8-49e3-4ffb-85f1-e8b4f1f160f3" />
      <TestMethod codeBase="C:\Projekty\xUnitTestProject\bin\Debug\netcoreapp3.1\xUnitTestProject.dll" adapterTypeName="executor://xunit/VsTestRunner2/netcoreapp" className="xUnitTestProject.CurrencyHelperTests" name="FormatToStringTest1000" />
    </UnitTest>
    <UnitTest name="xUnitTestProject.CurrencyHelperTests.FormatToStringTest1000(price: 14475.498583194567, expected: &quot;14475.50 zł&quot;)" storage="c:\projekty\xunittestproject\bin\debug\netcoreapp3.1\xunittestproject.dll" id="be9ca199-100c-7487-211b-359c6f85feb5">
      <Execution id="0eb7cd5d-8fbf-4326-9499-fea68d100a44" />
      <TestMethod codeBase="C:\Projekty\xUnitTestProject\bin\Debug\netcoreapp3.1\xUnitTestProject.dll" adapterTypeName="executor://xunit/VsTestRunner2/netcoreapp" className="xUnitTestProject.CurrencyHelperTests" name="FormatToStringTest1000" />
    </UnitTest>
    <UnitTest name="xUnitTestProject.CurrencyHelperTests.FormatToStringTest1000(price: 1313.0279238368514, expected: &quot;1313.03 zł&quot;)" storage="c:\projekty\xunittestproject\bin\debug\netcoreapp3.1\xunittestproject.dll" id="71aa02e1-e075-142b-97e5-961b91ee4f3d">
      <Execution id="ec97ade3-3cb5-4124-b2d5-5ea56d5d48ca" />
      <TestMethod codeBase="C:\Projekty\xUnitTestProject\bin\Debug\netcoreapp3.1\xUnitTestProject.dll" adapterTypeName="executor://xunit/VsTestRunner2/netcoreapp" className="xUnitTestProject.CurrencyHelperTests" name="FormatToStringTest1000" />
    </UnitTest>
    <UnitTest name="xUnitTestProject.CurrencyHelperTests.FormatToStringTest1000(price: 14003.84591249742, expected: &quot;14003.85 zł&quot;)" storage="c:\projekty\xunittestproject\bin\debug\netcoreapp3.1\xunittestproject.dll" id="33f34022-0429-d841-2008-e35fc72eef53">
      <Execution id="8977a586-8d67-4143-a5b5-45eb87182bbd" />
      <TestMethod codeBase="C:\Projekty\xUnitTestProject\bin\Debug\netcoreapp3.1\xUnitTestProject.dll" adapterTypeName="executor://xunit/VsTestRunner2/netcoreapp" className="xUnitTestProject.CurrencyHelperTests" name="FormatToStringTest1000" />
    </UnitTest>
    <UnitTest name="xUnitTestProject.CurrencyHelperTests.FormatToStringTest1000(price: 6313.543884690639, expected: &quot;6313.54 zł&quot;)" storage="c:\projekty\xunittestproject\bin\debug\netcoreapp3.1\xunittestproject.dll" id="19a6af43-eb02-cc32-570b-ae7c8852f08e">
      <Execution id="266534a6-ca71-4af8-a4ff-71d5a43b3231" />
      <TestMethod codeBase="C:\Projekty\xUnitTestProject\bin\Debug\netcoreapp3.1\xUnitTestProject.dll" adapterTypeName="executor://xunit/VsTestRunner2/netcoreapp" className="xUnitTestProject.CurrencyHelperTests" name="FormatToStringTest1000" />
    </UnitTest>
    <UnitTest name="xUnitTestProject.CurrencyHelperTests.FormatToStringTest1000(price: 46590.9609819562, expected: &quot;46590.96 zł&quot;)" storage="c:\projekty\xunittestproject\bin\debug\netcoreapp3.1\xunittestproject.dll" id="11e8e2ed-c8a3-dabc-7293-c381795c9796">
      <Execution id="1fdf1b7a-bc0c-4189-9b15-2b624394633b" />
      <TestMethod codeBase="C:\Projekty\xUnitTestProject\bin\Debug\netcoreapp3.1\xUnitTestProject.dll" adapterTypeName="executor://xunit/VsTestRunner2/netcoreapp" className="xUnitTestProject.CurrencyHelperTests" name="FormatToStringTest1000" />
    </UnitTest>
    <UnitTest name="xUnitTestProject.CurrencyHelperTests.FormatToStringTest1000(price: 18794.859523484418, expected: &quot;18794.86 zł&quot;)" storage="c:\projekty\xunittestproject\bin\debug\netcoreapp3.1\xunittestproject.dll" id="f5820c79-9491-c601-5f6f-2c9537d33353">
      <Execution id="2bf2658b-cfcb-41d0-9c08-461c754b7142" />
      <TestMethod codeBase="C:\Projekty\xUnitTestProject\bin\Debug\netcoreapp3.1\xUnitTestProject.dll" adapterTypeName="executor://xunit/VsTestRunner2/netcoreapp" className="xUnitTestProject.CurrencyHelperTests" name="FormatToStringTest1000" />
    </UnitTest>
    <UnitTest name="xUnitTestProject.CurrencyHelperTests.FormatToStringTest1000(price: 1514.6266382441981, expected: &quot;1514.63 zł&quot;)" storage="c:\projekty\xunittestproject\bin\debug\netcoreapp3.1\xunittestproject.dll" id="d5ee81d6-78bc-115b-efec-5de38db0e38b">
      <Execution id="a161f4ad-489b-4740-bba4-36292b2e8615" />
      <TestMethod codeBase="C:\Projekty\xUnitTestProject\bin\Debug\netcoreapp3.1\xUnitTestProject.dll" adapterTypeName="executor://xunit/VsTestRunner2/netcoreapp" className="xUnitTestProject.CurrencyHelperTests" name="FormatToStringTest1000" />
    </UnitTest>
    <UnitTest name="xUnitTestProject.CurrencyHelperTests.FormatToStringTest1000(price: 18596.12661189033, expected: &quot;18596.13 zł&quot;)" storage="c:\projekty\xunittestproject\bin\debug\netcoreapp3.1\xunittestproject.dll" id="5e1c3933-e4f7-a4af-71e7-871c86d36adf">
      <Execution id="6d1a8c5e-5e50-477f-ae42-096a40416631" />
      <TestMethod codeBase="C:\Projekty\xUnitTestProject\bin\Debug\netcoreapp3.1\xUnitTestProject.dll" adapterTypeName="executor://xunit/VsTestRunner2/netcoreapp" className="xUnitTestProject.CurrencyHelperTests" name="FormatToStringTest1000" />
    </UnitTest>
    <UnitTest name="xUnitTestProject.CurrencyHelperTests.FormatToStringTest1000(price: 50009.23881716898, expected: &quot;50009.24 zł&quot;)" storage="c:\projekty\xunittestproject\bin\debug\netcoreapp3.1\xunittestproject.dll" id="c6561a8d-8639-fb30-9500-15f8be316902">
      <Execution id="8bd09d0e-7d20-4575-88b2-4284674705db" />
      <TestMethod codeBase="C:\Projekty\xUnitTestProject\bin\Debug\netcoreapp3.1\xUnitTestProject.dll" adapterTypeName="executor://xunit/VsTestRunner2/netcoreapp" className="xUnitTestProject.CurrencyHelperTests" name="FormatToStringTest1000" />
    </UnitTest>
    <UnitTest name="xUnitTestProject.CurrencyHelperTests.FormatToStringTest1000(price: 25990.318498101697, expected: &quot;25990.32 zł&quot;)" storage="c:\projekty\xunittestproject\bin\debug\netcoreapp3.1\xunittestproject.dll" id="384612ec-11e1-c891-3d7e-9db254e6a2b4">
      <Execution id="3c146d02-5c90-4b46-89c1-aa9db8123ac8" />
      <TestMethod codeBase="C:\Projekty\xUnitTestProject\bin\Debug\netcoreapp3.1\xUnitTestProject.dll" adapterTypeName="executor://xunit/VsTestRunner2/netcoreapp" className="xUnitTestProject.CurrencyHelperTests" name="FormatToStringTest1000" />
    </UnitTest>
    <UnitTest name="xUnitTestProject.CurrencyHelperTests.FormatToStringTest1000(price: 31391.358864880804, expected: &quot;31391.36 zł&quot;)" storage="c:\projekty\xunittestproject\bin\debug\netcoreapp3.1\xunittestproject.dll" id="64486b5c-a699-4a15-d908-73d103db26bc">
      <Execution id="c80706c1-942f-4431-a412-c047240430d3" />
      <TestMethod codeBase="C:\Projekty\xUnitTestProject\bin\Debug\netcoreapp3.1\xUnitTestProject.dll" adapterTypeName="executor://xunit/VsTestRunner2/netcoreapp" className="xUnitTestProject.CurrencyHelperTests" name="FormatToStringTest1000" />
    </UnitTest>
    <UnitTest name="xUnitTestProject.CurrencyHelperTests.FormatToStringTest1000(price: 19435.417227184127, expected: &quot;19435.42 zł&quot;)" storage="c:\projekty\xunittestproject\bin\debug\netcoreapp3.1\xunittestproject.dll" id="1fffb893-3987-58da-ed03-e4f32e271dc9">
      <Execution id="4667f6c2-0cc3-4ed7-85ed-1b68597e5e97" />
      <TestMethod codeBase="C:\Projekty\xUnitTestProject\bin\Debug\netcoreapp3.1\xUnitTestProject.dll" adapterTypeName="executor://xunit/VsTestRunner2/netcoreapp" className="xUnitTestProject.CurrencyHelperTests" name="FormatToStringTest1000" />
    </UnitTest>
    <UnitTest name="xUnitTestProject.CurrencyHelperTests.FormatToStringTest1000(price: 3907.8681317963024, expected: &quot;3907.87 zł&quot;)" storage="c:\projekty\xunittestproject\bin\debug\netcoreapp3.1\xunittestproject.dll" id="b70675b1-ffbc-1a3f-030b-53fbcade7f2b">
      <Execution id="f3840f64-6103-4769-99c9-5c877f60c659" />
      <TestMethod codeBase="C:\Projekty\xUnitTestProject\bin\Debug\netcoreapp3.1\xUnitTestProject.dll" adapterTypeName="executor://xunit/VsTestRunner2/netcoreapp" className="xUnitTestProject.CurrencyHelperTests" name="FormatToStringTest1000" />
    </UnitTest>
    <UnitTest name="xUnitTestProject.CurrencyHelperTests.FormatToStringTest1000(price: 26207.03715363659, expected: &quot;26207.04 zł&quot;)" storage="c:\projekty\xunittestproject\bin\debug\netcoreapp3.1\xunittestproject.dll" id="9f1933d5-ba32-f60d-5aa4-3e77602dd567">
      <Execution id="4b52b23b-086e-45b9-986b-7e644d713a3f" />
      <TestMethod codeBase="C:\Projekty\xUnitTestProject\bin\Debug\netcoreapp3.1\xUnitTestProject.dll" adapterTypeName="executor://xunit/VsTestRunner2/netcoreapp" className="xUnitTestProject.CurrencyHelperTests" name="FormatToStringTest1000" />
    </UnitTest>
    <UnitTest name="xUnitTestProject.CurrencyHelperTests.FormatToStringTest1000(price: 17090.629587323234, expected: &quot;17090.63 zł&quot;)" storage="c:\projekty\xunittestproject\bin\debug\netcoreapp3.1\xunittestproject.dll" id="4f602daf-bb8d-fd94-ef0a-fd5eecda2ee6">
      <Execution id="7570c2bf-1587-4b47-b362-14fdf2fe219d" />
      <TestMethod codeBase="C:\Projekty\xUnitTestProject\bin\Debug\netcoreapp3.1\xUnitTestProject.dll" adapterTypeName="executor://xunit/VsTestRunner2/netcoreapp" className="xUnitTestProject.CurrencyHelperTests" name="FormatToStringTest1000" />
    </UnitTest>
    <UnitTest name="xUnitTestProject.CurrencyHelperTests.FormatToStringTest1000(price: 79764.77845563217, expected: &quot;79764.78 zł&quot;)" storage="c:\projekty\xunittestproject\bin\debug\netcoreapp3.1\xunittestproject.dll" id="331cc2f7-a1fa-edcf-e9a4-854a4876fe8a">
      <Execution id="ba3a613d-2a12-4fcd-b0eb-12d6198e8977" />
      <TestMethod codeBase="C:\Projekty\xUnitTestProject\bin\Debug\netcoreapp3.1\xUnitTestProject.dll" adapterTypeName="executor://xunit/VsTestRunner2/netcoreapp" className="xUnitTestProject.CurrencyHelperTests" name="FormatToStringTest1000" />
    </UnitTest>
    <UnitTest name="xUnitTestProject.CurrencyHelperTests.FormatToStringTest1000(price: 95353.10327693219, expected: &quot;95353.10 zł&quot;)" storage="c:\projekty\xunittestproject\bin\debug\netcoreapp3.1\xunittestproject.dll" id="e1d79475-a361-3073-e286-53d8423f4048">
      <Execution id="0547c7c8-c563-48e0-8efe-0827b1db1120" />
      <TestMethod codeBase="C:\Projekty\xUnitTestProject\bin\Debug\netcoreapp3.1\xUnitTestProject.dll" adapterTypeName="executor://xunit/VsTestRunner2/netcoreapp" className="xUnitTestProject.CurrencyHelperTests" name="FormatToStringTest1000" />
    </UnitTest>
    <UnitTest name="xUnitTestProject.CurrencyHelperTests.FormatToStringTest1000(price: 13206.129467931636, expected: &quot;13206.13 zł&quot;)" storage="c:\projekty\xunittestproject\bin\debug\netcoreapp3.1\xunittestproject.dll" id="37c7194c-1f0b-dee3-2e3b-dc795a15cffb">
      <Execution id="774d0e7f-f3ee-4920-adf8-ed3258e088f4" />
      <TestMethod codeBase="C:\Projekty\xUnitTestProject\bin\Debug\netcoreapp3.1\xUnitTestProject.dll" adapterTypeName="executor://xunit/VsTestRunner2/netcoreapp" className="xUnitTestProject.CurrencyHelperTests" name="FormatToStringTest1000" />
    </UnitTest>
    <UnitTest name="xUnitTestProject.CurrencyHelperTests.FormatToStringTest1000(price: 10397.404523554447, expected: &quot;10397.40 zł&quot;)" storage="c:\projekty\xunittestproject\bin\debug\netcoreapp3.1\xunittestproject.dll" id="df98a0bb-288a-f0a3-8af8-186ed72a3b48">
      <Execution id="bc832eb1-3a80-4b92-9abb-73370701ae7b" />
      <TestMethod codeBase="C:\Projekty\xUnitTestProject\bin\Debug\netcoreapp3.1\xUnitTestProject.dll" adapterTypeName="executor://xunit/VsTestRunner2/netcoreapp" className="xUnitTestProject.CurrencyHelperTests" name="FormatToStringTest1000" />
    </UnitTest>
    <UnitTest name="xUnitTestProject.CurrencyHelperTests.FormatToStringTest1000(price: 16383.352881839199, expected: &quot;16383.35 zł&quot;)" storage="c:\projekty\xunittestproject\bin\debug\netcoreapp3.1\xunittestproject.dll" id="df661f1a-369e-296a-5042-ab9651f93dce">
      <Execution id="1c4ba5ba-ce81-49a1-b4b9-64f5cf64cf6b" />
      <TestMethod codeBase="C:\Projekty\xUnitTestProject\bin\Debug\netcoreapp3.1\xUnitTestProject.dll" adapterTypeName="executor://xunit/VsTestRunner2/netcoreapp" className="xUnitTestProject.CurrencyHelperTests" name="FormatToStringTest1000" />
    </UnitTest>
    <UnitTest name="xUnitTestProject.CurrencyHelperTests.FormatToStringTest1000(price: 42383.08993972982, expected: &quot;42383.09 zł&quot;)" storage="c:\projekty\xunittestproject\bin\debug\netcoreapp3.1\xunittestproject.dll" id="50bd341a-c773-af8f-d72d-637dadce7bec">
      <Execution id="b03baef9-cfc5-4fb3-a412-daab9f253207" />
      <TestMethod codeBase="C:\Projekty\xUnitTestProject\bin\Debug\netcoreapp3.1\xUnitTestProject.dll" adapterTypeName="executor://xunit/VsTestRunner2/netcoreapp" className="xUnitTestProject.CurrencyHelperTests" name="FormatToStringTest1000" />
    </UnitTest>
    <UnitTest name="xUnitTestProject.CurrencyHelperTests.FormatToStringTest1000(price: 12759.925747307914, expected: &quot;12759.93 zł&quot;)" storage="c:\projekty\xunittestproject\bin\debug\netcoreapp3.1\xunittestproject.dll" id="6cb3c27b-61db-68ea-03a1-16fad20636e6">
      <Execution id="fdebcdb8-93b7-4fd8-bffb-41071d754ebf" />
      <TestMethod codeBase="C:\Projekty\xUnitTestProject\bin\Debug\netcoreapp3.1\xUnitTestProject.dll" adapterTypeName="executor://xunit/VsTestRunner2/netcoreapp" className="xUnitTestProject.CurrencyHelperTests" name="FormatToStringTest1000" />
    </UnitTest>
    <UnitTest name="xUnitTestProject.CurrencyHelperTests.FormatToStringTest1000(price: 40268.121943438484, expected: &quot;40268.12 zł&quot;)" storage="c:\projekty\xunittestproject\bin\debug\netcoreapp3.1\xunittestproject.dll" id="4e78f25c-d355-e112-010c-d75e1dbe484f">
      <Execution id="e1b235e7-d3e3-4467-affc-cad89f3daedf" />
      <TestMethod codeBase="C:\Projekty\xUnitTestProject\bin\Debug\netcoreapp3.1\xUnitTestProject.dll" adapterTypeName="executor://xunit/VsTestRunner2/netcoreapp" className="xUnitTestProject.CurrencyHelperTests" name="FormatToStringTest1000" />
    </UnitTest>
    <UnitTest name="xUnitTestProject.CurrencyHelperTests.FormatToStringTest1000(price: 12641.700665183225, expected: &quot;12641.70 zł&quot;)" storage="c:\projekty\xunittestproject\bin\debug\netcoreapp3.1\xunittestproject.dll" id="1eaafc3c-6374-0d37-e565-15fb470a9a01">
      <Execution id="5620687a-71a4-44d1-ba9c-a72cf43a7d37" />
      <TestMethod codeBase="C:\Projekty\xUnitTestProject\bin\Debug\netcoreapp3.1\xUnitTestProject.dll" adapterTypeName="executor://xunit/VsTestRunner2/netcoreapp" className="xUnitTestProject.CurrencyHelperTests" name="FormatToStringTest1000" />
    </UnitTest>
    <UnitTest name="xUnitTestProject.CurrencyHelperTests.FormatToStringTest1000(price: 1751.1734380625066, expected: &quot;1751.17 zł&quot;)" storage="c:\projekty\xunittestproject\bin\debug\netcoreapp3.1\xunittestproject.dll" id="f1ddd1cb-937b-c6a5-5626-287e7f18daa2">
      <Execution id="4446f8b4-eb26-4a9f-8d3b-081b2dc25e3f" />
      <TestMethod codeBase="C:\Projekty\xUnitTestProject\bin\Debug\netcoreapp3.1\xUnitTestProject.dll" adapterTypeName="executor://xunit/VsTestRunner2/netcoreapp" className="xUnitTestProject.CurrencyHelperTests" name="FormatToStringTest1000" />
    </UnitTest>
    <UnitTest name="xUnitTestProject.CurrencyHelperTests.FormatToStringTest1000(price: 20441.330495004695, expected: &quot;20441.33 zł&quot;)" storage="c:\projekty\xunittestproject\bin\debug\netcoreapp3.1\xunittestproject.dll" id="ebd1aa40-63da-115b-f2a9-d23a543d03a1">
      <Execution id="019ebafd-c4ea-4d00-8abd-1e1b5da93a30" />
      <TestMethod codeBase="C:\Projekty\xUnitTestProject\bin\Debug\netcoreapp3.1\xUnitTestProject.dll" adapterTypeName="executor://xunit/VsTestRunner2/netcoreapp" className="xUnitTestProject.CurrencyHelperTests" name="FormatToStringTest1000" />
    </UnitTest>
    <UnitTest name="xUnitTestProject.CurrencyHelperTests.FormatToStringTest1000(price: 468.83385119346616, expected: &quot;468.83 zł&quot;)" storage="c:\projekty\xunittestproject\bin\debug\netcoreapp3.1\xunittestproject.dll" id="e1f98d4b-b934-3301-b07c-a8722a8e1bf4">
      <Execution id="484e91f0-4e8b-4259-93ad-489c892afc73" />
      <TestMethod codeBase="C:\Projekty\xUnitTestProject\bin\Debug\netcoreapp3.1\xUnitTestProject.dll" adapterTypeName="executor://xunit/VsTestRunner2/netcoreapp" className="xUnitTestProject.CurrencyHelperTests" name="FormatToStringTest1000" />
    </UnitTest>
    <UnitTest name="xUnitTestProject.CurrencyHelperTests.FormatToStringTest1000(price: 74514.06270644537, expected: &quot;74514.06 zł&quot;)" storage="c:\projekty\xunittestproject\bin\debug\netcoreapp3.1\xunittestproject.dll" id="6a68b288-e760-a42c-8c5a-4aafd65f28b7">
      <Execution id="3935f660-2bdb-4424-80b4-a0b9ebcd72de" />
      <TestMethod codeBase="C:\Projekty\xUnitTestProject\bin\Debug\netcoreapp3.1\xUnitTestProject.dll" adapterTypeName="executor://xunit/VsTestRunner2/netcoreapp" className="xUnitTestProject.CurrencyHelperTests" name="FormatToStringTest1000" />
    </UnitTest>
    <UnitTest name="xUnitTestProject.CurrencyHelperTests.FormatToStringTest1000(price: 21728.91641959963, expected: &quot;21728.92 zł&quot;)" storage="c:\projekty\xunittestproject\bin\debug\netcoreapp3.1\xunittestproject.dll" id="251bbc15-9ad4-e7e2-3a95-fab7be0e3e27">
      <Execution id="f5c4a77f-674e-4728-8d2b-9c743c3bba4f" />
      <TestMethod codeBase="C:\Projekty\xUnitTestProject\bin\Debug\netcoreapp3.1\xUnitTestProject.dll" adapterTypeName="executor://xunit/VsTestRunner2/netcoreapp" className="xUnitTestProject.CurrencyHelperTests" name="FormatToStringTest1000" />
    </UnitTest>
    <UnitTest name="xUnitTestProject.CurrencyHelperTests.FormatToStringTest1000(price: 47630.39193684067, expected: &quot;47630.39 zł&quot;)" storage="c:\projekty\xunittestproject\bin\debug\netcoreapp3.1\xunittestproject.dll" id="b260e8fd-b664-9d96-9944-4c7dd9ae1851">
      <Execution id="242ee358-514a-48e3-b402-5c2d6e3fa64e" />
      <TestMethod codeBase="C:\Projekty\xUnitTestProject\bin\Debug\netcoreapp3.1\xUnitTestProject.dll" adapterTypeName="executor://xunit/VsTestRunner2/netcoreapp" className="xUnitTestProject.CurrencyHelperTests" name="FormatToStringTest1000" />
    </UnitTest>
    <UnitTest name="xUnitTestProject.CurrencyHelperTests.FormatToStringTest1000(price: 7193.552206002898, expected: &quot;7193.55 zł&quot;)" storage="c:\projekty\xunittestproject\bin\debug\netcoreapp3.1\xunittestproject.dll" id="9b79670a-4357-fb82-855b-9e335ddd3a09">
      <Execution id="aa78cd45-afc2-43f9-8b77-12db67343a7c" />
      <TestMethod codeBase="C:\Projekty\xUnitTestProject\bin\Debug\netcoreapp3.1\xUnitTestProject.dll" adapterTypeName="executor://xunit/VsTestRunner2/netcoreapp" className="xUnitTestProject.CurrencyHelperTests" name="FormatToStringTest1000" />
    </UnitTest>
    <UnitTest name="xUnitTestProject.CurrencyHelperTests.FormatToStringTest1000(price: 4612.32080757633, expected: &quot;4612.32 zł&quot;)" storage="c:\projekty\xunittestproject\bin\debug\netcoreapp3.1\xunittestproject.dll" id="1847f09f-3a3a-e54a-437b-e06a692092b8">
      <Execution id="e6e73b41-47d3-4281-8203-5057b1fc89ac" />
      <TestMethod codeBase="C:\Projekty\xUnitTestProject\bin\Debug\netcoreapp3.1\xUnitTestProject.dll" adapterTypeName="executor://xunit/VsTestRunner2/netcoreapp" className="xUnitTestProject.CurrencyHelperTests" name="FormatToStringTest1000" />
    </UnitTest>
    <UnitTest name="xUnitTestProject.CurrencyHelperTests.FormatToStringTest1000(price: 39314.52353688401, expected: &quot;39314.52 zł&quot;)" storage="c:\projekty\xunittestproject\bin\debug\netcoreapp3.1\xunittestproject.dll" id="45a5b31d-d8ee-81e0-0e1d-a198d7cba5b5">
      <Execution id="5e646f9f-5ff2-41da-b129-f5c6035c3d18" />
      <TestMethod codeBase="C:\Projekty\xUnitTestProject\bin\Debug\netcoreapp3.1\xUnitTestProject.dll" adapterTypeName="executor://xunit/VsTestRunner2/netcoreapp" className="xUnitTestProject.CurrencyHelperTests" name="FormatToStringTest1000" />
    </UnitTest>
    <UnitTest name="xUnitTestProject.CurrencyHelperTests.FormatToStringTest1000(price: 17098.491445727876, expected: &quot;17098.49 zł&quot;)" storage="c:\projekty\xunittestproject\bin\debug\netcoreapp3.1\xunittestproject.dll" id="e8ec7e81-c75e-50ea-5d4f-c58eeb7d8270">
      <Execution id="4537a4c0-156d-418b-9a3b-bc77fc9aba36" />
      <TestMethod codeBase="C:\Projekty\xUnitTestProject\bin\Debug\netcoreapp3.1\xUnitTestProject.dll" adapterTypeName="executor://xunit/VsTestRunner2/netcoreapp" className="xUnitTestProject.CurrencyHelperTests" name="FormatToStringTest1000" />
    </UnitTest>
    <UnitTest name="xUnitTestProject.CurrencyHelperTests.FormatToStringTest1000(price: 5254.6338787505565, expected: &quot;5254.63 zł&quot;)" storage="c:\projekty\xunittestproject\bin\debug\netcoreapp3.1\xunittestproject.dll" id="05428edc-24e9-331d-ccde-497be2e009d1">
      <Execution id="e28f533e-4484-444f-941f-729cd46bb137" />
      <TestMethod codeBase="C:\Projekty\xUnitTestProject\bin\Debug\netcoreapp3.1\xUnitTestProject.dll" adapterTypeName="executor://xunit/VsTestRunner2/netcoreapp" className="xUnitTestProject.CurrencyHelperTests" name="FormatToStringTest1000" />
    </UnitTest>
    <UnitTest name="xUnitTestProject.CurrencyHelperTests.FormatToStringTest1000(price: 10501.127379151585, expected: &quot;10501.13 zł&quot;)" storage="c:\projekty\xunittestproject\bin\debug\netcoreapp3.1\xunittestproject.dll" id="6aa06741-b93f-b24b-6ccf-f7d51617fc30">
      <Execution id="ad9714c0-6e29-4557-a58f-eb149a7274a2" />
      <TestMethod codeBase="C:\Projekty\xUnitTestProject\bin\Debug\netcoreapp3.1\xUnitTestProject.dll" adapterTypeName="executor://xunit/VsTestRunner2/netcoreapp" className="xUnitTestProject.CurrencyHelperTests" name="FormatToStringTest1000" />
    </UnitTest>
    <UnitTest name="xUnitTestProject.CurrencyHelperTests.FormatToStringTest1000(price: 33851.35523524618, expected: &quot;33851.36 zł&quot;)" storage="c:\projekty\xunittestproject\bin\debug\netcoreapp3.1\xunittestproject.dll" id="ca982acc-6d3c-04e3-1b49-3eea6c1f73fe">
      <Execution id="41004f3b-9d02-49e2-a3ca-0608bcc14469" />
      <TestMethod codeBase="C:\Projekty\xUnitTestProject\bin\Debug\netcoreapp3.1\xUnitTestProject.dll" adapterTypeName="executor://xunit/VsTestRunner2/netcoreapp" className="xUnitTestProject.CurrencyHelperTests" name="FormatToStringTest1000" />
    </UnitTest>
    <UnitTest name="xUnitTestProject.CurrencyHelperTests.FormatToStringTest1000(price: 23789.556920184546, expected: &quot;23789.56 zł&quot;)" storage="c:\projekty\xunittestproject\bin\debug\netcoreapp3.1\xunittestproject.dll" id="d02dc591-3a84-d3ac-10be-a85efb2cb27c">
      <Execution id="b619a10a-9ff3-4c47-bfb7-965a150674a3" />
      <TestMethod codeBase="C:\Projekty\xUnitTestProject\bin\Debug\netcoreapp3.1\xUnitTestProject.dll" adapterTypeName="executor://xunit/VsTestRunner2/netcoreapp" className="xUnitTestProject.CurrencyHelperTests" name="FormatToStringTest1000" />
    </UnitTest>
    <UnitTest name="xUnitTestProject.CurrencyHelperTests.FormatToStringTest1000(price: 4025.728369236797, expected: &quot;4025.73 zł&quot;)" storage="c:\projekty\xunittestproject\bin\debug\netcoreapp3.1\xunittestproject.dll" id="a16b516f-2dd7-f0de-4b9f-39b505e3fb31">
      <Execution id="dbbb5b52-0eda-4ab4-8797-962e9a813ffb" />
      <TestMethod codeBase="C:\Projekty\xUnitTestProject\bin\Debug\netcoreapp3.1\xUnitTestProject.dll" adapterTypeName="executor://xunit/VsTestRunner2/netcoreapp" className="xUnitTestProject.CurrencyHelperTests" name="FormatToStringTest1000" />
    </UnitTest>
    <UnitTest name="xUnitTestProject.CurrencyHelperTests.FormatToStringTest1000(price: 27893.312729890138, expected: &quot;27893.31 zł&quot;)" storage="c:\projekty\xunittestproject\bin\debug\netcoreapp3.1\xunittestproject.dll" id="fe39f516-26c8-b34c-d7c3-8fcbe7da1ba2">
      <Execution id="9c49691d-5dc2-4e87-825b-bb03acde6b87" />
      <TestMethod codeBase="C:\Projekty\xUnitTestProject\bin\Debug\netcoreapp3.1\xUnitTestProject.dll" adapterTypeName="executor://xunit/VsTestRunner2/netcoreapp" className="xUnitTestProject.CurrencyHelperTests" name="FormatToStringTest1000" />
    </UnitTest>
    <UnitTest name="xUnitTestProject.CurrencyHelperTests.FormatToStringTest1000(price: 3799.9216302064815, expected: &quot;3799.92 zł&quot;)" storage="c:\projekty\xunittestproject\bin\debug\netcoreapp3.1\xunittestproject.dll" id="9a37fdb2-9bc9-44c3-d032-3d58a5dce31d">
      <Execution id="e6985248-0af8-4d58-b841-c7488abcc885" />
      <TestMethod codeBase="C:\Projekty\xUnitTestProject\bin\Debug\netcoreapp3.1\xUnitTestProject.dll" adapterTypeName="executor://xunit/VsTestRunner2/netcoreapp" className="xUnitTestProject.CurrencyHelperTests" name="FormatToStringTest1000" />
    </UnitTest>
    <UnitTest name="xUnitTestProject.CurrencyHelperTests.FormatToStringTest1000(price: 51503.82905738234, expected: &quot;51503.83 zł&quot;)" storage="c:\projekty\xunittestproject\bin\debug\netcoreapp3.1\xunittestproject.dll" id="f1679d4a-b856-7d51-628e-8f29c288c7ca">
      <Execution id="8d3ac86b-9d94-4814-99ee-91711daeb7bb" />
      <TestMethod codeBase="C:\Projekty\xUnitTestProject\bin\Debug\netcoreapp3.1\xUnitTestProject.dll" adapterTypeName="executor://xunit/VsTestRunner2/netcoreapp" className="xUnitTestProject.CurrencyHelperTests" name="FormatToStringTest1000" />
    </UnitTest>
    <UnitTest name="xUnitTestProject.CurrencyHelperTests.FormatToStringTest1000(price: 16673.5121774904, expected: &quot;16673.51 zł&quot;)" storage="c:\projekty\xunittestproject\bin\debug\netcoreapp3.1\xunittestproject.dll" id="12ac148d-b770-8a76-3e48-40788f60fbd2">
      <Execution id="b0c23cce-67b8-4320-b00d-60eb20a02d86" />
      <TestMethod codeBase="C:\Projekty\xUnitTestProject\bin\Debug\netcoreapp3.1\xUnitTestProject.dll" adapterTypeName="executor://xunit/VsTestRunner2/netcoreapp" className="xUnitTestProject.CurrencyHelperTests" name="FormatToStringTest1000" />
    </UnitTest>
    <UnitTest name="xUnitTestProject.CurrencyHelperTests.FormatToStringTest1000(price: 13478.157112043891, expected: &quot;13478.16 zł&quot;)" storage="c:\projekty\xunittestproject\bin\debug\netcoreapp3.1\xunittestproject.dll" id="4e40923a-3f2f-ab14-66db-33f21753e6c1">
      <Execution id="f6d492bc-ebf5-4864-8ef9-f0d8eab9feac" />
      <TestMethod codeBase="C:\Projekty\xUnitTestProject\bin\Debug\netcoreapp3.1\xUnitTestProject.dll" adapterTypeName="executor://xunit/VsTestRunner2/netcoreapp" className="xUnitTestProject.CurrencyHelperTests" name="FormatToStringTest1000" />
    </UnitTest>
    <UnitTest name="xUnitTestProject.CurrencyHelperTests.FormatToStringTest1000(price: 18032.4720825476, expected: &quot;18032.47 zł&quot;)" storage="c:\projekty\xunittestproject\bin\debug\netcoreapp3.1\xunittestproject.dll" id="a711a8fd-55fb-fc36-f795-72cedac95d24">
      <Execution id="58eb02be-50ab-4fc6-8e71-3a2e16ba062e" />
      <TestMethod codeBase="C:\Projekty\xUnitTestProject\bin\Debug\netcoreapp3.1\xUnitTestProject.dll" adapterTypeName="executor://xunit/VsTestRunner2/netcoreapp" className="xUnitTestProject.CurrencyHelperTests" name="FormatToStringTest1000" />
    </UnitTest>
    <UnitTest name="xUnitTestProject.CurrencyHelperTests.FormatToStringTest1000(price: 9517.514896326473, expected: &quot;9517.51 zł&quot;)" storage="c:\projekty\xunittestproject\bin\debug\netcoreapp3.1\xunittestproject.dll" id="b7f26b3d-6733-f07e-6f15-9b6ddb83ad50">
      <Execution id="5e3490ad-8434-486f-a983-19fa95766ea4" />
      <TestMethod codeBase="C:\Projekty\xUnitTestProject\bin\Debug\netcoreapp3.1\xUnitTestProject.dll" adapterTypeName="executor://xunit/VsTestRunner2/netcoreapp" className="xUnitTestProject.CurrencyHelperTests" name="FormatToStringTest1000" />
    </UnitTest>
    <UnitTest name="xUnitTestProject.CurrencyHelperTests.FormatToStringTest1000(price: 27751.474436297303, expected: &quot;27751.47 zł&quot;)" storage="c:\projekty\xunittestproject\bin\debug\netcoreapp3.1\xunittestproject.dll" id="1f661c1f-d0bf-b374-44cc-db7131efefe7">
      <Execution id="c9e21b8b-8041-4c73-bbac-2ceff7064678" />
      <TestMethod codeBase="C:\Projekty\xUnitTestProject\bin\Debug\netcoreapp3.1\xUnitTestProject.dll" adapterTypeName="executor://xunit/VsTestRunner2/netcoreapp" className="xUnitTestProject.CurrencyHelperTests" name="FormatToStringTest1000" />
    </UnitTest>
    <UnitTest name="xUnitTestProject.CurrencyHelperTests.FormatToStringTest1000(price: 37866.43836050967, expected: &quot;37866.44 zł&quot;)" storage="c:\projekty\xunittestproject\bin\debug\netcoreapp3.1\xunittestproject.dll" id="a97810bc-ccf4-4f77-152b-d7c40d37cd64">
      <Execution id="7d6fc597-f2b8-4fca-8037-c2555d021dc9" />
      <TestMethod codeBase="C:\Projekty\xUnitTestProject\bin\Debug\netcoreapp3.1\xUnitTestProject.dll" adapterTypeName="executor://xunit/VsTestRunner2/netcoreapp" className="xUnitTestProject.CurrencyHelperTests" name="FormatToStringTest1000" />
    </UnitTest>
    <UnitTest name="xUnitTestProject.CurrencyHelperTests.FormatToStringTest1000(price: 93775.33090185716, expected: &quot;93775.33 zł&quot;)" storage="c:\projekty\xunittestproject\bin\debug\netcoreapp3.1\xunittestproject.dll" id="2151d041-2bc8-f3a7-2b84-0e6fe76ff3f0">
      <Execution id="6cf76708-e161-491f-83ff-5c241e2525ac" />
      <TestMethod codeBase="C:\Projekty\xUnitTestProject\bin\Debug\netcoreapp3.1\xUnitTestProject.dll" adapterTypeName="executor://xunit/VsTestRunner2/netcoreapp" className="xUnitTestProject.CurrencyHelperTests" name="FormatToStringTest1000" />
    </UnitTest>
    <UnitTest name="xUnitTestProject.CurrencyHelperTests.FormatToStringTest1000(price: 14920.620598662934, expected: &quot;14920.62 zł&quot;)" storage="c:\projekty\xunittestproject\bin\debug\netcoreapp3.1\xunittestproject.dll" id="96c01fa6-5d4d-3d03-7186-21835a01bdc8">
      <Execution id="a6376ed3-2400-460e-97b8-8ad5ab6c8bb9" />
      <TestMethod codeBase="C:\Projekty\xUnitTestProject\bin\Debug\netcoreapp3.1\xUnitTestProject.dll" adapterTypeName="executor://xunit/VsTestRunner2/netcoreapp" className="xUnitTestProject.CurrencyHelperTests" name="FormatToStringTest1000" />
    </UnitTest>
    <UnitTest name="xUnitTestProject.CurrencyHelperTests.FormatToStringTest1000(price: 47437.74370917619, expected: &quot;47437.74 zł&quot;)" storage="c:\projekty\xunittestproject\bin\debug\netcoreapp3.1\xunittestproject.dll" id="8b7ce013-8629-5a29-320f-b962e95e1d02">
      <Execution id="aedd1139-d6ea-4859-a07b-02f7d0b7a759" />
      <TestMethod codeBase="C:\Projekty\xUnitTestProject\bin\Debug\netcoreapp3.1\xUnitTestProject.dll" adapterTypeName="executor://xunit/VsTestRunner2/netcoreapp" className="xUnitTestProject.CurrencyHelperTests" name="FormatToStringTest1000" />
    </UnitTest>
    <UnitTest name="xUnitTestProject.CurrencyHelperTests.FormatToStringTest1000(price: 20445.11280083149, expected: &quot;20445.11 zł&quot;)" storage="c:\projekty\xunittestproject\bin\debug\netcoreapp3.1\xunittestproject.dll" id="7b9b1040-51d8-c2e6-1ac0-cb113e76a56a">
      <Execution id="d57c56d0-4a8d-4136-b657-efffcfebf50e" />
      <TestMethod codeBase="C:\Projekty\xUnitTestProject\bin\Debug\netcoreapp3.1\xUnitTestProject.dll" adapterTypeName="executor://xunit/VsTestRunner2/netcoreapp" className="xUnitTestProject.CurrencyHelperTests" name="FormatToStringTest1000" />
    </UnitTest>
    <UnitTest name="xUnitTestProject.CurrencyHelperTests.FormatToStringTest1000(price: 33251.41907856028, expected: &quot;33251.42 zł&quot;)" storage="c:\projekty\xunittestproject\bin\debug\netcoreapp3.1\xunittestproject.dll" id="1f9cd9ca-f1cd-430d-8d80-74a061c9ac45">
      <Execution id="c12b941b-0a61-4af4-a185-c38ff252ceff" />
      <TestMethod codeBase="C:\Projekty\xUnitTestProject\bin\Debug\netcoreapp3.1\xUnitTestProject.dll" adapterTypeName="executor://xunit/VsTestRunner2/netcoreapp" className="xUnitTestProject.CurrencyHelperTests" name="FormatToStringTest1000" />
    </UnitTest>
    <UnitTest name="xUnitTestProject.CurrencyHelperTests.FormatToStringTest1000(price: 4116.417580192638, expected: &quot;4116.42 zł&quot;)" storage="c:\projekty\xunittestproject\bin\debug\netcoreapp3.1\xunittestproject.dll" id="6517f205-88c6-f2fb-89fe-a931711e4343">
      <Execution id="baf4b513-9ba7-4026-92d2-82d7a11699ee" />
      <TestMethod codeBase="C:\Projekty\xUnitTestProject\bin\Debug\netcoreapp3.1\xUnitTestProject.dll" adapterTypeName="executor://xunit/VsTestRunner2/netcoreapp" className="xUnitTestProject.CurrencyHelperTests" name="FormatToStringTest1000" />
    </UnitTest>
    <UnitTest name="xUnitTestProject.CurrencyHelperTests.FormatToStringTest1000(price: 7789.7136237517525, expected: &quot;7789.71 zł&quot;)" storage="c:\projekty\xunittestproject\bin\debug\netcoreapp3.1\xunittestproject.dll" id="8783f986-8eac-ac9c-2b17-d1518f607836">
      <Execution id="fb84cc51-7088-4277-a5f9-3ed616b1708a" />
      <TestMethod codeBase="C:\Projekty\xUnitTestProject\bin\Debug\netcoreapp3.1\xUnitTestProject.dll" adapterTypeName="executor://xunit/VsTestRunner2/netcoreapp" className="xUnitTestProject.CurrencyHelperTests" name="FormatToStringTest1000" />
    </UnitTest>
    <UnitTest name="xUnitTestProject.CurrencyHelperTests.FormatToStringTest1000(price: 6544.213759255695, expected: &quot;6544.21 zł&quot;)" storage="c:\projekty\xunittestproject\bin\debug\netcoreapp3.1\xunittestproject.dll" id="bfbcecbb-ebb0-4cc4-ba14-4fec10bfe400">
      <Execution id="1e8c0726-b50a-420f-a116-5d74aff56db4" />
      <TestMethod codeBase="C:\Projekty\xUnitTestProject\bin\Debug\netcoreapp3.1\xUnitTestProject.dll" adapterTypeName="executor://xunit/VsTestRunner2/netcoreapp" className="xUnitTestProject.CurrencyHelperTests" name="FormatToStringTest1000" />
    </UnitTest>
    <UnitTest name="xUnitTestProject.CurrencyHelperTests.FormatToStringTest1000(price: 50991.22189691114, expected: &quot;50991.22 zł&quot;)" storage="c:\projekty\xunittestproject\bin\debug\netcoreapp3.1\xunittestproject.dll" id="c34ab70e-c13b-c0d3-f6b8-6dc84da0bd17">
      <Execution id="4370b8f7-ab5b-40ff-84fe-da8df33f7c1a" />
      <TestMethod codeBase="C:\Projekty\xUnitTestProject\bin\Debug\netcoreapp3.1\xUnitTestProject.dll" adapterTypeName="executor://xunit/VsTestRunner2/netcoreapp" className="xUnitTestProject.CurrencyHelperTests" name="FormatToStringTest1000" />
    </UnitTest>
    <UnitTest name="xUnitTestProject.CurrencyHelperTests.FormatToStringTest1000(price: 25440.18371476614, expected: &quot;25440.18 zł&quot;)" storage="c:\projekty\xunittestproject\bin\debug\netcoreapp3.1\xunittestproject.dll" id="04127ca2-1b44-60f0-2ddc-d2453cd48c79">
      <Execution id="07bc6f09-2855-44f8-9cb3-390ed461df7e" />
      <TestMethod codeBase="C:\Projekty\xUnitTestProject\bin\Debug\netcoreapp3.1\xUnitTestProject.dll" adapterTypeName="executor://xunit/VsTestRunner2/netcoreapp" className="xUnitTestProject.CurrencyHelperTests" name="FormatToStringTest1000" />
    </UnitTest>
    <UnitTest name="xUnitTestProject.CurrencyHelperTests.FormatToStringTest1000(price: 45955.903045959254, expected: &quot;45955.90 zł&quot;)" storage="c:\projekty\xunittestproject\bin\debug\netcoreapp3.1\xunittestproject.dll" id="5605ffe3-47bf-edde-5207-79dd7a259fef">
      <Execution id="418e2084-cecb-476d-836d-8d33171c80e6" />
      <TestMethod codeBase="C:\Projekty\xUnitTestProject\bin\Debug\netcoreapp3.1\xUnitTestProject.dll" adapterTypeName="executor://xunit/VsTestRunner2/netcoreapp" className="xUnitTestProject.CurrencyHelperTests" name="FormatToStringTest1000" />
    </UnitTest>
    <UnitTest name="xUnitTestProject.CurrencyHelperTests.FormatToStringTest1000(price: 45070.5442499493, expected: &quot;45070.54 zł&quot;)" storage="c:\projekty\xunittestproject\bin\debug\netcoreapp3.1\xunittestproject.dll" id="1ad63577-6f41-15d0-2387-0963e1b2bf95">
      <Execution id="42fd23cd-1b97-4e94-b174-b1cd50b686f1" />
      <TestMethod codeBase="C:\Projekty\xUnitTestProject\bin\Debug\netcoreapp3.1\xUnitTestProject.dll" adapterTypeName="executor://xunit/VsTestRunner2/netcoreapp" className="xUnitTestProject.CurrencyHelperTests" name="FormatToStringTest1000" />
    </UnitTest>
    <UnitTest name="xUnitTestProject.CurrencyHelperTests.FormatToStringTest1000(price: 75214.75000876503, expected: &quot;75214.75 zł&quot;)" storage="c:\projekty\xunittestproject\bin\debug\netcoreapp3.1\xunittestproject.dll" id="163fd586-92aa-6f23-9cea-f9c152d7d771">
      <Execution id="7b95161d-6294-4885-830e-2f903f7c48ed" />
      <TestMethod codeBase="C:\Projekty\xUnitTestProject\bin\Debug\netcoreapp3.1\xUnitTestProject.dll" adapterTypeName="executor://xunit/VsTestRunner2/netcoreapp" className="xUnitTestProject.CurrencyHelperTests" name="FormatToStringTest1000" />
    </UnitTest>
    <UnitTest name="xUnitTestProject.CurrencyHelperTests.FormatToStringTest1000(price: 643.3550376181281, expected: &quot;643.36 zł&quot;)" storage="c:\projekty\xunittestproject\bin\debug\netcoreapp3.1\xunittestproject.dll" id="76d85170-85b2-a48f-102e-aa9420de3580">
      <Execution id="6860731c-b82c-49a4-bbad-a1a054bbc813" />
      <TestMethod codeBase="C:\Projekty\xUnitTestProject\bin\Debug\netcoreapp3.1\xUnitTestProject.dll" adapterTypeName="executor://xunit/VsTestRunner2/netcoreapp" className="xUnitTestProject.CurrencyHelperTests" name="FormatToStringTest1000" />
    </UnitTest>
    <UnitTest name="xUnitTestProject.CurrencyHelperTests.FormatToStringTest1000(price: 1613.6903705837626, expected: &quot;1613.69 zł&quot;)" storage="c:\projekty\xunittestproject\bin\debug\netcoreapp3.1\xunittestproject.dll" id="6f661c9f-cb4c-fdf6-5a9a-217f69ebc5d5">
      <Execution id="799ebc4d-c71b-4229-b346-b603fb651a12" />
      <TestMethod codeBase="C:\Projekty\xUnitTestProject\bin\Debug\netcoreapp3.1\xUnitTestProject.dll" adapterTypeName="executor://xunit/VsTestRunner2/netcoreapp" className="xUnitTestProject.CurrencyHelperTests" name="FormatToStringTest1000" />
    </UnitTest>
    <UnitTest name="xUnitTestProject.CurrencyHelperTests.FormatToStringTest1000(price: 4555.538255205163, expected: &quot;4555.54 zł&quot;)" storage="c:\projekty\xunittestproject\bin\debug\netcoreapp3.1\xunittestproject.dll" id="b28ab50d-11be-d323-527c-bc8feda9af8a">
      <Execution id="5dc609c0-e2a7-41d3-bf25-8f6bd8df0991" />
      <TestMethod codeBase="C:\Projekty\xUnitTestProject\bin\Debug\netcoreapp3.1\xUnitTestProject.dll" adapterTypeName="executor://xunit/VsTestRunner2/netcoreapp" className="xUnitTestProject.CurrencyHelperTests" name="FormatToStringTest1000" />
    </UnitTest>
    <UnitTest name="xUnitTestProject.CurrencyHelperTests.FormatToStringTest1000(price: 67898.54481444067, expected: &quot;67898.54 zł&quot;)" storage="c:\projekty\xunittestproject\bin\debug\netcoreapp3.1\xunittestproject.dll" id="f4a097ad-04f4-9e9c-b96f-49eb0101bd6d">
      <Execution id="ae199f6f-01c9-426c-9606-f6f6909d2182" />
      <TestMethod codeBase="C:\Projekty\xUnitTestProject\bin\Debug\netcoreapp3.1\xUnitTestProject.dll" adapterTypeName="executor://xunit/VsTestRunner2/netcoreapp" className="xUnitTestProject.CurrencyHelperTests" name="FormatToStringTest1000" />
    </UnitTest>
    <UnitTest name="xUnitTestProject.CurrencyHelperTests.FormatToStringTest1000(price: 22281.48592587257, expected: &quot;22281.49 zł&quot;)" storage="c:\projekty\xunittestproject\bin\debug\netcoreapp3.1\xunittestproject.dll" id="2af17ceb-e4a7-e57a-8e57-17ad33ae72e3">
      <Execution id="9d5554d3-a948-44bd-9528-5766116cf81c" />
      <TestMethod codeBase="C:\Projekty\xUnitTestProject\bin\Debug\netcoreapp3.1\xUnitTestProject.dll" adapterTypeName="executor://xunit/VsTestRunner2/netcoreapp" className="xUnitTestProject.CurrencyHelperTests" name="FormatToStringTest1000" />
    </UnitTest>
    <UnitTest name="xUnitTestProject.CurrencyHelperTests.FormatToStringTest1000(price: 25039.088753207627, expected: &quot;25039.09 zł&quot;)" storage="c:\projekty\xunittestproject\bin\debug\netcoreapp3.1\xunittestproject.dll" id="dcb09ac3-545f-7b73-7b06-f7917ef6e79e">
      <Execution id="3bf0eda6-9b95-4d0a-a8d0-886513f7c53d" />
      <TestMethod codeBase="C:\Projekty\xUnitTestProject\bin\Debug\netcoreapp3.1\xUnitTestProject.dll" adapterTypeName="executor://xunit/VsTestRunner2/netcoreapp" className="xUnitTestProject.CurrencyHelperTests" name="FormatToStringTest1000" />
    </UnitTest>
    <UnitTest name="xUnitTestProject.CurrencyHelperTests.FormatToStringTest1000(price: 31971.185406704986, expected: &quot;31971.19 zł&quot;)" storage="c:\projekty\xunittestproject\bin\debug\netcoreapp3.1\xunittestproject.dll" id="875433a7-4993-f6c8-ae9e-010101b8ccc7">
      <Execution id="eae0010b-b915-4126-98e2-445703367080" />
      <TestMethod codeBase="C:\Projekty\xUnitTestProject\bin\Debug\netcoreapp3.1\xUnitTestProject.dll" adapterTypeName="executor://xunit/VsTestRunner2/netcoreapp" className="xUnitTestProject.CurrencyHelperTests" name="FormatToStringTest1000" />
    </UnitTest>
    <UnitTest name="xUnitTestProject.CurrencyHelperTests.FormatToStringTest1000(price: 67109.22110940759, expected: &quot;67109.22 zł&quot;)" storage="c:\projekty\xunittestproject\bin\debug\netcoreapp3.1\xunittestproject.dll" id="32346c07-b161-6e9f-65c2-990bcbe58b07">
      <Execution id="98c6c387-49aa-49fd-b4e6-238e97157ea6" />
      <TestMethod codeBase="C:\Projekty\xUnitTestProject\bin\Debug\netcoreapp3.1\xUnitTestProject.dll" adapterTypeName="executor://xunit/VsTestRunner2/netcoreapp" className="xUnitTestProject.CurrencyHelperTests" name="FormatToStringTest1000" />
    </UnitTest>
    <UnitTest name="xUnitTestProject.CurrencyHelperTests.FormatToStringTest1000(price: 6915.421130504656, expected: &quot;6915.42 zł&quot;)" storage="c:\projekty\xunittestproject\bin\debug\netcoreapp3.1\xunittestproject.dll" id="c09462bb-4f86-b8e1-b39e-c6c94b35ddbc">
      <Execution id="16de2c93-6d10-4cdd-9495-e1a94d3bd3f0" />
      <TestMethod codeBase="C:\Projekty\xUnitTestProject\bin\Debug\netcoreapp3.1\xUnitTestProject.dll" adapterTypeName="executor://xunit/VsTestRunner2/netcoreapp" className="xUnitTestProject.CurrencyHelperTests" name="FormatToStringTest1000" />
    </UnitTest>
    <UnitTest name="xUnitTestProject.CurrencyHelperTests.FormatToStringTest1000(price: 38961.459057294516, expected: &quot;38961.46 zł&quot;)" storage="c:\projekty\xunittestproject\bin\debug\netcoreapp3.1\xunittestproject.dll" id="4dd76fcc-f663-2688-f7a4-a439b3a5cf01">
      <Execution id="8011a42f-103f-40c1-b9fd-bacbe1bb045b" />
      <TestMethod codeBase="C:\Projekty\xUnitTestProject\bin\Debug\netcoreapp3.1\xUnitTestProject.dll" adapterTypeName="executor://xunit/VsTestRunner2/netcoreapp" className="xUnitTestProject.CurrencyHelperTests" name="FormatToStringTest1000" />
    </UnitTest>
    <UnitTest name="xUnitTestProject.CurrencyHelperTests.FormatToStringTest1000(price: 15841.26419853478, expected: &quot;15841.26 zł&quot;)" storage="c:\projekty\xunittestproject\bin\debug\netcoreapp3.1\xunittestproject.dll" id="e605935b-b7df-1383-2d29-96bb8b33e684">
      <Execution id="81f94c6f-7a00-4a6b-9b6a-b18fde9fb701" />
      <TestMethod codeBase="C:\Projekty\xUnitTestProject\bin\Debug\netcoreapp3.1\xUnitTestProject.dll" adapterTypeName="executor://xunit/VsTestRunner2/netcoreapp" className="xUnitTestProject.CurrencyHelperTests" name="FormatToStringTest1000" />
    </UnitTest>
    <UnitTest name="xUnitTestProject.CurrencyHelperTests.FormatToStringTest1000(price: 19189.813662191766, expected: &quot;19189.81 zł&quot;)" storage="c:\projekty\xunittestproject\bin\debug\netcoreapp3.1\xunittestproject.dll" id="51b21bbe-86e0-7c92-977a-b85ebd62b755">
      <Execution id="2488e01d-6886-4f35-a96d-d65d72187557" />
      <TestMethod codeBase="C:\Projekty\xUnitTestProject\bin\Debug\netcoreapp3.1\xUnitTestProject.dll" adapterTypeName="executor://xunit/VsTestRunner2/netcoreapp" className="xUnitTestProject.CurrencyHelperTests" name="FormatToStringTest1000" />
    </UnitTest>
    <UnitTest name="xUnitTestProject.CurrencyHelperTests.FormatToStringTest1000(price: 31300.40752580967, expected: &quot;31300.41 zł&quot;)" storage="c:\projekty\xunittestproject\bin\debug\netcoreapp3.1\xunittestproject.dll" id="c9010c04-7ef0-ce4b-7d42-778e915f5883">
      <Execution id="ddfdf59f-8a9a-4373-ac30-2813c34fbbf2" />
      <TestMethod codeBase="C:\Projekty\xUnitTestProject\bin\Debug\netcoreapp3.1\xUnitTestProject.dll" adapterTypeName="executor://xunit/VsTestRunner2/netcoreapp" className="xUnitTestProject.CurrencyHelperTests" name="FormatToStringTest1000" />
    </UnitTest>
    <UnitTest name="xUnitTestProject.CurrencyHelperTests.FormatToStringTest1000(price: 12202.860111308684, expected: &quot;12202.86 zł&quot;)" storage="c:\projekty\xunittestproject\bin\debug\netcoreapp3.1\xunittestproject.dll" id="584d2955-8662-50b8-9c7a-cb8a910d527d">
      <Execution id="63bd5f74-7150-4cae-a922-853dedff749a" />
      <TestMethod codeBase="C:\Projekty\xUnitTestProject\bin\Debug\netcoreapp3.1\xUnitTestProject.dll" adapterTypeName="executor://xunit/VsTestRunner2/netcoreapp" className="xUnitTestProject.CurrencyHelperTests" name="FormatToStringTest1000" />
    </UnitTest>
    <UnitTest name="xUnitTestProject.CurrencyHelperTests.FormatToStringTest1000(price: 6864.093052674129, expected: &quot;6864.09 zł&quot;)" storage="c:\projekty\xunittestproject\bin\debug\netcoreapp3.1\xunittestproject.dll" id="baa856d2-0f24-fb78-786f-66276d918a1d">
      <Execution id="f46284a5-b1dd-4296-bb53-d84f1e847bdf" />
      <TestMethod codeBase="C:\Projekty\xUnitTestProject\bin\Debug\netcoreapp3.1\xUnitTestProject.dll" adapterTypeName="executor://xunit/VsTestRunner2/netcoreapp" className="xUnitTestProject.CurrencyHelperTests" name="FormatToStringTest1000" />
    </UnitTest>
    <UnitTest name="xUnitTestProject.CurrencyHelperTests.FormatToStringTest1000(price: 75024.79122970243, expected: &quot;75024.79 zł&quot;)" storage="c:\projekty\xunittestproject\bin\debug\netcoreapp3.1\xunittestproject.dll" id="7c86c7d1-a9a4-3305-ae10-fdb7acd65489">
      <Execution id="167ca519-b485-4785-9060-23d984454647" />
      <TestMethod codeBase="C:\Projekty\xUnitTestProject\bin\Debug\netcoreapp3.1\xUnitTestProject.dll" adapterTypeName="executor://xunit/VsTestRunner2/netcoreapp" className="xUnitTestProject.CurrencyHelperTests" name="FormatToStringTest1000" />
    </UnitTest>
    <UnitTest name="xUnitTestProject.CurrencyHelperTests.FormatToStringTest1000(price: 4812.162927013898, expected: &quot;4812.16 zł&quot;)" storage="c:\projekty\xunittestproject\bin\debug\netcoreapp3.1\xunittestproject.dll" id="3a671f08-52e1-32fe-f25e-6e157db962d2">
      <Execution id="46f54b08-8fa9-40f9-86e3-fd6dd56c5823" />
      <TestMethod codeBase="C:\Projekty\xUnitTestProject\bin\Debug\netcoreapp3.1\xUnitTestProject.dll" adapterTypeName="executor://xunit/VsTestRunner2/netcoreapp" className="xUnitTestProject.CurrencyHelperTests" name="FormatToStringTest1000" />
    </UnitTest>
    <UnitTest name="xUnitTestProject.CurrencyHelperTests.FormatToStringTest1000(price: 7202.052143613367, expected: &quot;7202.05 zł&quot;)" storage="c:\projekty\xunittestproject\bin\debug\netcoreapp3.1\xunittestproject.dll" id="ee3ad499-d226-2821-3efe-49a57729a899">
      <Execution id="bb263f01-ae5a-43be-a89b-dd6ae2968db5" />
      <TestMethod codeBase="C:\Projekty\xUnitTestProject\bin\Debug\netcoreapp3.1\xUnitTestProject.dll" adapterTypeName="executor://xunit/VsTestRunner2/netcoreapp" className="xUnitTestProject.CurrencyHelperTests" name="FormatToStringTest1000" />
    </UnitTest>
    <UnitTest name="xUnitTestProject.CurrencyHelperTests.FormatToStringTest1000(price: 46790.41011887715, expected: &quot;46790.41 zł&quot;)" storage="c:\projekty\xunittestproject\bin\debug\netcoreapp3.1\xunittestproject.dll" id="1a5071af-adad-5910-41be-cb866364cc7d">
      <Execution id="4bda57d3-69ca-481b-948d-6ec931cb3a34" />
      <TestMethod codeBase="C:\Projekty\xUnitTestProject\bin\Debug\netcoreapp3.1\xUnitTestProject.dll" adapterTypeName="executor://xunit/VsTestRunner2/netcoreapp" className="xUnitTestProject.CurrencyHelperTests" name="FormatToStringTest1000" />
    </UnitTest>
    <UnitTest name="xUnitTestProject.CurrencyHelperTests.FormatToStringTest1000(price: 20737.251994218328, expected: &quot;20737.25 zł&quot;)" storage="c:\projekty\xunittestproject\bin\debug\netcoreapp3.1\xunittestproject.dll" id="7c480fcf-dcac-50a2-3106-264841c6a300">
      <Execution id="f5c7689f-438a-4b84-aeb7-35ed83e30d2b" />
      <TestMethod codeBase="C:\Projekty\xUnitTestProject\bin\Debug\netcoreapp3.1\xUnitTestProject.dll" adapterTypeName="executor://xunit/VsTestRunner2/netcoreapp" className="xUnitTestProject.CurrencyHelperTests" name="FormatToStringTest1000" />
    </UnitTest>
    <UnitTest name="xUnitTestProject.CurrencyHelperTests.FormatToStringTest1000(price: 8499.121443388574, expected: &quot;8499.12 zł&quot;)" storage="c:\projekty\xunittestproject\bin\debug\netcoreapp3.1\xunittestproject.dll" id="05d3ca05-7d6a-4ccb-9500-bddd30f80ece">
      <Execution id="dba5a5f9-0b69-4ba3-8cde-b093d1f438b6" />
      <TestMethod codeBase="C:\Projekty\xUnitTestProject\bin\Debug\netcoreapp3.1\xUnitTestProject.dll" adapterTypeName="executor://xunit/VsTestRunner2/netcoreapp" className="xUnitTestProject.CurrencyHelperTests" name="FormatToStringTest1000" />
    </UnitTest>
    <UnitTest name="xUnitTestProject.CurrencyHelperTests.FormatToStringTest1000(price: 78822.37212685234, expected: &quot;78822.37 zł&quot;)" storage="c:\projekty\xunittestproject\bin\debug\netcoreapp3.1\xunittestproject.dll" id="5313f3e0-d68f-8127-ba85-18b29352fdf0">
      <Execution id="ceee0287-785c-4132-809d-c4b9d9cb1dd1" />
      <TestMethod codeBase="C:\Projekty\xUnitTestProject\bin\Debug\netcoreapp3.1\xUnitTestProject.dll" adapterTypeName="executor://xunit/VsTestRunner2/netcoreapp" className="xUnitTestProject.CurrencyHelperTests" name="FormatToStringTest1000" />
    </UnitTest>
    <UnitTest name="xUnitTestProject.CurrencyHelperTests.FormatToStringTest1000(price: 18490.912787030877, expected: &quot;18490.91 zł&quot;)" storage="c:\projekty\xunittestproject\bin\debug\netcoreapp3.1\xunittestproject.dll" id="7200fbe8-0633-195a-0e4f-25258446a0dd">
      <Execution id="b9165adf-3511-4c6e-8b11-fb0309c931b0" />
      <TestMethod codeBase="C:\Projekty\xUnitTestProject\bin\Debug\netcoreapp3.1\xUnitTestProject.dll" adapterTypeName="executor://xunit/VsTestRunner2/netcoreapp" className="xUnitTestProject.CurrencyHelperTests" name="FormatToStringTest1000" />
    </UnitTest>
    <UnitTest name="xUnitTestProject.CurrencyHelperTests.FormatToStringTest1000(price: 54678.59301593089, expected: &quot;54678.59 zł&quot;)" storage="c:\projekty\xunittestproject\bin\debug\netcoreapp3.1\xunittestproject.dll" id="b93fddec-5e00-a1c1-fc16-4882d018fd04">
      <Execution id="ed1c5b52-123f-4ea8-bdef-8bbb2b7b7ecc" />
      <TestMethod codeBase="C:\Projekty\xUnitTestProject\bin\Debug\netcoreapp3.1\xUnitTestProject.dll" adapterTypeName="executor://xunit/VsTestRunner2/netcoreapp" className="xUnitTestProject.CurrencyHelperTests" name="FormatToStringTest1000" />
    </UnitTest>
    <UnitTest name="xUnitTestProject.CurrencyHelperTests.FormatToStringTest1000(price: 23174.85693288448, expected: &quot;23174.86 zł&quot;)" storage="c:\projekty\xunittestproject\bin\debug\netcoreapp3.1\xunittestproject.dll" id="91ef764f-6920-57e2-1ea1-d9fdc62e8142">
      <Execution id="422e227f-6a76-431d-837b-fa6890a151a8" />
      <TestMethod codeBase="C:\Projekty\xUnitTestProject\bin\Debug\netcoreapp3.1\xUnitTestProject.dll" adapterTypeName="executor://xunit/VsTestRunner2/netcoreapp" className="xUnitTestProject.CurrencyHelperTests" name="FormatToStringTest1000" />
    </UnitTest>
    <UnitTest name="xUnitTestProject.CurrencyHelperTests.FormatToStringTest1000(price: 70149.17842025738, expected: &quot;70149.18 zł&quot;)" storage="c:\projekty\xunittestproject\bin\debug\netcoreapp3.1\xunittestproject.dll" id="3b212d04-f6e8-ace9-1475-1632b0249f80">
      <Execution id="1621655f-81ed-48ea-999c-5dcfeca47f42" />
      <TestMethod codeBase="C:\Projekty\xUnitTestProject\bin\Debug\netcoreapp3.1\xUnitTestProject.dll" adapterTypeName="executor://xunit/VsTestRunner2/netcoreapp" className="xUnitTestProject.CurrencyHelperTests" name="FormatToStringTest1000" />
    </UnitTest>
    <UnitTest name="xUnitTestProject.CurrencyHelperTests.FormatToStringTest1000(price: 12118.31777677048, expected: &quot;12118.32 zł&quot;)" storage="c:\projekty\xunittestproject\bin\debug\netcoreapp3.1\xunittestproject.dll" id="89b95097-2fa4-1afe-c164-3b548bd44274">
      <Execution id="59a525cb-8031-4849-9461-c0843b0af3d5" />
      <TestMethod codeBase="C:\Projekty\xUnitTestProject\bin\Debug\netcoreapp3.1\xUnitTestProject.dll" adapterTypeName="executor://xunit/VsTestRunner2/netcoreapp" className="xUnitTestProject.CurrencyHelperTests" name="FormatToStringTest1000" />
    </UnitTest>
    <UnitTest name="xUnitTestProject.CurrencyHelperTests.FormatToStringTest1000(price: 50644.690874327294, expected: &quot;50644.69 zł&quot;)" storage="c:\projekty\xunittestproject\bin\debug\netcoreapp3.1\xunittestproject.dll" id="7a86c51e-006c-a65e-34c9-ff3a6b2ed4b5">
      <Execution id="5bf05fc2-c100-4f48-a21c-46adb5f31acc" />
      <TestMethod codeBase="C:\Projekty\xUnitTestProject\bin\Debug\netcoreapp3.1\xUnitTestProject.dll" adapterTypeName="executor://xunit/VsTestRunner2/netcoreapp" className="xUnitTestProject.CurrencyHelperTests" name="FormatToStringTest1000" />
    </UnitTest>
    <UnitTest name="xUnitTestProject.CurrencyHelperTests.FormatToStringTest1000(price: 48449.85582609189, expected: &quot;48449.86 zł&quot;)" storage="c:\projekty\xunittestproject\bin\debug\netcoreapp3.1\xunittestproject.dll" id="7704532e-ccf9-d396-cd75-b7b2cb63c0e8">
      <Execution id="a03c8842-3eb6-495f-98b1-b6820b28d033" />
      <TestMethod codeBase="C:\Projekty\xUnitTestProject\bin\Debug\netcoreapp3.1\xUnitTestProject.dll" adapterTypeName="executor://xunit/VsTestRunner2/netcoreapp" className="xUnitTestProject.CurrencyHelperTests" name="FormatToStringTest1000" />
    </UnitTest>
    <UnitTest name="xUnitTestProject.CurrencyHelperTests.FormatToStringTest1000(price: 67230.86250807665, expected: &quot;67230.86 zł&quot;)" storage="c:\projekty\xunittestproject\bin\debug\netcoreapp3.1\xunittestproject.dll" id="dfaf8cc8-6c50-9b2f-464a-6475c413ade9">
      <Execution id="3995dcab-e262-470a-92e8-15786d822601" />
      <TestMethod codeBase="C:\Projekty\xUnitTestProject\bin\Debug\netcoreapp3.1\xUnitTestProject.dll" adapterTypeName="executor://xunit/VsTestRunner2/netcoreapp" className="xUnitTestProject.CurrencyHelperTests" name="FormatToStringTest1000" />
    </UnitTest>
    <UnitTest name="xUnitTestProject.CurrencyHelperTests.FormatToStringTest1000(price: 10641.263377953444, expected: &quot;10641.26 zł&quot;)" storage="c:\projekty\xunittestproject\bin\debug\netcoreapp3.1\xunittestproject.dll" id="2472258e-8be8-7772-0b75-b4a3d535f097">
      <Execution id="0b8df755-c8c1-4523-8a31-200093d099e5" />
      <TestMethod codeBase="C:\Projekty\xUnitTestProject\bin\Debug\netcoreapp3.1\xUnitTestProject.dll" adapterTypeName="executor://xunit/VsTestRunner2/netcoreapp" className="xUnitTestProject.CurrencyHelperTests" name="FormatToStringTest1000" />
    </UnitTest>
    <UnitTest name="xUnitTestProject.CurrencyHelperTests.FormatToStringTest1000(price: 19210.519530370144, expected: &quot;19210.52 zł&quot;)" storage="c:\projekty\xunittestproject\bin\debug\netcoreapp3.1\xunittestproject.dll" id="33fd1dda-62a8-0bed-a4ce-731800ce94c0">
      <Execution id="d8cc47c2-a3d6-4c27-b57d-8abfe8524dfb" />
      <TestMethod codeBase="C:\Projekty\xUnitTestProject\bin\Debug\netcoreapp3.1\xUnitTestProject.dll" adapterTypeName="executor://xunit/VsTestRunner2/netcoreapp" className="xUnitTestProject.CurrencyHelperTests" name="FormatToStringTest1000" />
    </UnitTest>
    <UnitTest name="xUnitTestProject.CurrencyHelperTests.FormatToStringTest1000(price: 38402.8293406753, expected: &quot;38402.83 zł&quot;)" storage="c:\projekty\xunittestproject\bin\debug\netcoreapp3.1\xunittestproject.dll" id="1d527cfe-7183-7ac1-a7ed-260bd5e5ccfa">
      <Execution id="eff7470f-9de1-44b6-beed-4c9ce75fef69" />
      <TestMethod codeBase="C:\Projekty\xUnitTestProject\bin\Debug\netcoreapp3.1\xUnitTestProject.dll" adapterTypeName="executor://xunit/VsTestRunner2/netcoreapp" className="xUnitTestProject.CurrencyHelperTests" name="FormatToStringTest1000" />
    </UnitTest>
    <UnitTest name="xUnitTestProject.CurrencyHelperTests.FormatToStringTest1000(price: 43222.47958431695, expected: &quot;43222.48 zł&quot;)" storage="c:\projekty\xunittestproject\bin\debug\netcoreapp3.1\xunittestproject.dll" id="ab963705-3e28-cc1d-5bf1-a88ea216bc34">
      <Execution id="14d18d65-2ab1-4475-97a5-2585e0a34414" />
      <TestMethod codeBase="C:\Projekty\xUnitTestProject\bin\Debug\netcoreapp3.1\xUnitTestProject.dll" adapterTypeName="executor://xunit/VsTestRunner2/netcoreapp" className="xUnitTestProject.CurrencyHelperTests" name="FormatToStringTest1000" />
    </UnitTest>
    <UnitTest name="xUnitTestProject.CurrencyHelperTests.FormatToStringTest1000(price: 16901.497392274203, expected: &quot;16901.50 zł&quot;)" storage="c:\projekty\xunittestproject\bin\debug\netcoreapp3.1\xunittestproject.dll" id="9100d9e1-967e-296d-c07b-a43969fad121">
      <Execution id="30444513-625e-4f41-9c7d-8a24eda9fb13" />
      <TestMethod codeBase="C:\Projekty\xUnitTestProject\bin\Debug\netcoreapp3.1\xUnitTestProject.dll" adapterTypeName="executor://xunit/VsTestRunner2/netcoreapp" className="xUnitTestProject.CurrencyHelperTests" name="FormatToStringTest1000" />
    </UnitTest>
    <UnitTest name="xUnitTestProject.CurrencyHelperTests.FormatToStringTest1000(price: 5108.217389855635, expected: &quot;5108.22 zł&quot;)" storage="c:\projekty\xunittestproject\bin\debug\netcoreapp3.1\xunittestproject.dll" id="8c128bb7-55c2-1507-f225-4df0c4a48630">
      <Execution id="9647f06c-6c91-4693-90bb-9fa9ad6022f6" />
      <TestMethod codeBase="C:\Projekty\xUnitTestProject\bin\Debug\netcoreapp3.1\xUnitTestProject.dll" adapterTypeName="executor://xunit/VsTestRunner2/netcoreapp" className="xUnitTestProject.CurrencyHelperTests" name="FormatToStringTest1000" />
    </UnitTest>
    <UnitTest name="xUnitTestProject.CurrencyHelperTests.FormatToStringTest1000(price: 17455.15807988595, expected: &quot;17455.16 zł&quot;)" storage="c:\projekty\xunittestproject\bin\debug\netcoreapp3.1\xunittestproject.dll" id="6dcc8842-a927-f371-cf06-32198da79abc">
      <Execution id="0fd9003c-1f4c-436e-883d-b9b10de8706c" />
      <TestMethod codeBase="C:\Projekty\xUnitTestProject\bin\Debug\netcoreapp3.1\xUnitTestProject.dll" adapterTypeName="executor://xunit/VsTestRunner2/netcoreapp" className="xUnitTestProject.CurrencyHelperTests" name="FormatToStringTest1000" />
    </UnitTest>
    <UnitTest name="xUnitTestProject.CurrencyHelperTests.FormatToStringTest1000(price: 11.555284778846096, expected: &quot;11.56 zł&quot;)" storage="c:\projekty\xunittestproject\bin\debug\netcoreapp3.1\xunittestproject.dll" id="d6af606e-af1d-b77f-4ce0-c1f6556a4ce0">
      <Execution id="6e5ead6c-9ae7-4034-b723-7c4bfb520d3e" />
      <TestMethod codeBase="C:\Projekty\xUnitTestProject\bin\Debug\netcoreapp3.1\xUnitTestProject.dll" adapterTypeName="executor://xunit/VsTestRunner2/netcoreapp" className="xUnitTestProject.CurrencyHelperTests" name="FormatToStringTest1000" />
    </UnitTest>
    <UnitTest name="xUnitTestProject.CurrencyHelperTests.FormatToStringTest1000(price: 78796.90433980194, expected: &quot;78796.90 zł&quot;)" storage="c:\projekty\xunittestproject\bin\debug\netcoreapp3.1\xunittestproject.dll" id="24614531-2aef-39c0-ae03-729fa029c955">
      <Execution id="bb9aa181-b924-497d-81b5-1c2376833284" />
      <TestMethod codeBase="C:\Projekty\xUnitTestProject\bin\Debug\netcoreapp3.1\xUnitTestProject.dll" adapterTypeName="executor://xunit/VsTestRunner2/netcoreapp" className="xUnitTestProject.CurrencyHelperTests" name="FormatToStringTest1000" />
    </UnitTest>
    <UnitTest name="xUnitTestProject.CurrencyHelperTests.FormatToStringTest1000(price: 30360.993128030557, expected: &quot;30360.99 zł&quot;)" storage="c:\projekty\xunittestproject\bin\debug\netcoreapp3.1\xunittestproject.dll" id="9e564273-69a8-eaf4-221d-8cb7dd068c7d">
      <Execution id="5118ad7a-8816-405a-8c18-c10ff4ceca20" />
      <TestMethod codeBase="C:\Projekty\xUnitTestProject\bin\Debug\netcoreapp3.1\xUnitTestProject.dll" adapterTypeName="executor://xunit/VsTestRunner2/netcoreapp" className="xUnitTestProject.CurrencyHelperTests" name="FormatToStringTest1000" />
    </UnitTest>
    <UnitTest name="xUnitTestProject.CurrencyHelperTests.FormatToStringTest1000(price: 2444.4726240530017, expected: &quot;2444.47 zł&quot;)" storage="c:\projekty\xunittestproject\bin\debug\netcoreapp3.1\xunittestproject.dll" id="45dd66f1-81ef-9e8c-d39f-69c657dd300a">
      <Execution id="84f4dddf-bef7-4685-9cc6-45cf86ec5c7d" />
      <TestMethod codeBase="C:\Projekty\xUnitTestProject\bin\Debug\netcoreapp3.1\xUnitTestProject.dll" adapterTypeName="executor://xunit/VsTestRunner2/netcoreapp" className="xUnitTestProject.CurrencyHelperTests" name="FormatToStringTest1000" />
    </UnitTest>
    <UnitTest name="xUnitTestProject.CurrencyHelperTests.FormatToStringTest1000(price: 19873.59831658453, expected: &quot;19873.60 zł&quot;)" storage="c:\projekty\xunittestproject\bin\debug\netcoreapp3.1\xunittestproject.dll" id="a3a08850-4a93-c030-f4e2-fdffe7d8b320">
      <Execution id="5a5eafbb-2926-437e-866b-955b15026123" />
      <TestMethod codeBase="C:\Projekty\xUnitTestProject\bin\Debug\netcoreapp3.1\xUnitTestProject.dll" adapterTypeName="executor://xunit/VsTestRunner2/netcoreapp" className="xUnitTestProject.CurrencyHelperTests" name="FormatToStringTest1000" />
    </UnitTest>
    <UnitTest name="xUnitTestProject.CurrencyHelperTests.FormatToStringTest1000(price: 7592.950837113406, expected: &quot;7592.95 zł&quot;)" storage="c:\projekty\xunittestproject\bin\debug\netcoreapp3.1\xunittestproject.dll" id="2b8726cc-d2f8-9e6e-5458-ee24b8425f17">
      <Execution id="f5fb042d-96a3-4893-923d-771aca2eaf85" />
      <TestMethod codeBase="C:\Projekty\xUnitTestProject\bin\Debug\netcoreapp3.1\xUnitTestProject.dll" adapterTypeName="executor://xunit/VsTestRunner2/netcoreapp" className="xUnitTestProject.CurrencyHelperTests" name="FormatToStringTest1000" />
    </UnitTest>
    <UnitTest name="xUnitTestProject.CurrencyHelperTests.FormatToStringTest1000(price: 6820.105136090938, expected: &quot;6820.11 zł&quot;)" storage="c:\projekty\xunittestproject\bin\debug\netcoreapp3.1\xunittestproject.dll" id="83d8e74c-5bbb-efb0-37a0-7aa4cf469b8b">
      <Execution id="e2cbf3f1-a389-43b2-8fef-af5fcbf91e49" />
      <TestMethod codeBase="C:\Projekty\xUnitTestProject\bin\Debug\netcoreapp3.1\xUnitTestProject.dll" adapterTypeName="executor://xunit/VsTestRunner2/netcoreapp" className="xUnitTestProject.CurrencyHelperTests" name="FormatToStringTest1000" />
    </UnitTest>
    <UnitTest name="xUnitTestProject.CurrencyHelperTests.FormatToStringTest1000(price: 46607.970025941715, expected: &quot;46607.97 zł&quot;)" storage="c:\projekty\xunittestproject\bin\debug\netcoreapp3.1\xunittestproject.dll" id="71b5be91-6e3e-5890-08ca-57e68e3990bc">
      <Execution id="d20d0176-2297-4bfb-9d24-ae7dc0d5feb5" />
      <TestMethod codeBase="C:\Projekty\xUnitTestProject\bin\Debug\netcoreapp3.1\xUnitTestProject.dll" adapterTypeName="executor://xunit/VsTestRunner2/netcoreapp" className="xUnitTestProject.CurrencyHelperTests" name="FormatToStringTest1000" />
    </UnitTest>
    <UnitTest name="xUnitTestProject.CurrencyHelperTests.FormatToStringTest1000(price: 10066.059180456241, expected: &quot;10066.06 zł&quot;)" storage="c:\projekty\xunittestproject\bin\debug\netcoreapp3.1\xunittestproject.dll" id="f7bc8584-126a-bce9-5286-d35d3ce59a28">
      <Execution id="6b40efbc-92d1-4b83-8ba8-e22fbcb9c756" />
      <TestMethod codeBase="C:\Projekty\xUnitTestProject\bin\Debug\netcoreapp3.1\xUnitTestProject.dll" adapterTypeName="executor://xunit/VsTestRunner2/netcoreapp" className="xUnitTestProject.CurrencyHelperTests" name="FormatToStringTest1000" />
    </UnitTest>
    <UnitTest name="xUnitTestProject.CurrencyHelperTests.FormatToStringTest1000(price: 20482.32969107308, expected: &quot;20482.33 zł&quot;)" storage="c:\projekty\xunittestproject\bin\debug\netcoreapp3.1\xunittestproject.dll" id="9612d6d4-5d3c-f9a6-943c-f09f8d38bf59">
      <Execution id="bec5e0ba-d6ed-4c15-b6f9-b23c2810fa0f" />
      <TestMethod codeBase="C:\Projekty\xUnitTestProject\bin\Debug\netcoreapp3.1\xUnitTestProject.dll" adapterTypeName="executor://xunit/VsTestRunner2/netcoreapp" className="xUnitTestProject.CurrencyHelperTests" name="FormatToStringTest1000" />
    </UnitTest>
    <UnitTest name="xUnitTestProject.CurrencyHelperTests.FormatToStringTest1000(price: 15337.485230751097, expected: &quot;15337.49 zł&quot;)" storage="c:\projekty\xunittestproject\bin\debug\netcoreapp3.1\xunittestproject.dll" id="be135b72-4539-0e97-74d0-b204a763297e">
      <Execution id="bf0fdfe0-5974-4fed-b083-e119ba3959e2" />
      <TestMethod codeBase="C:\Projekty\xUnitTestProject\bin\Debug\netcoreapp3.1\xUnitTestProject.dll" adapterTypeName="executor://xunit/VsTestRunner2/netcoreapp" className="xUnitTestProject.CurrencyHelperTests" name="FormatToStringTest1000" />
    </UnitTest>
    <UnitTest name="xUnitTestProject.CurrencyHelperTests.FormatToStringTest1000(price: 9503.466049463705, expected: &quot;9503.47 zł&quot;)" storage="c:\projekty\xunittestproject\bin\debug\netcoreapp3.1\xunittestproject.dll" id="a1056dc3-d634-deb8-6537-d1daee422b62">
      <Execution id="9e4c6f32-17e4-4466-ad4f-f364b59ca908" />
      <TestMethod codeBase="C:\Projekty\xUnitTestProject\bin\Debug\netcoreapp3.1\xUnitTestProject.dll" adapterTypeName="executor://xunit/VsTestRunner2/netcoreapp" className="xUnitTestProject.CurrencyHelperTests" name="FormatToStringTest1000" />
    </UnitTest>
    <UnitTest name="xUnitTestProject.CurrencyHelperTests.FormatToStringTest1000(price: 19208.676036795914, expected: &quot;19208.68 zł&quot;)" storage="c:\projekty\xunittestproject\bin\debug\netcoreapp3.1\xunittestproject.dll" id="e6b4d3a2-a83c-419f-8b42-b631077ac8fc">
      <Execution id="f406136f-e3b2-452e-b9a5-ea7c79c2bb7b" />
      <TestMethod codeBase="C:\Projekty\xUnitTestProject\bin\Debug\netcoreapp3.1\xUnitTestProject.dll" adapterTypeName="executor://xunit/VsTestRunner2/netcoreapp" className="xUnitTestProject.CurrencyHelperTests" name="FormatToStringTest1000" />
    </UnitTest>
    <UnitTest name="xUnitTestProject.CurrencyHelperTests.FormatToStringTest1000(price: 25908.345463821825, expected: &quot;25908.35 zł&quot;)" storage="c:\projekty\xunittestproject\bin\debug\netcoreapp3.1\xunittestproject.dll" id="4efa35ac-3125-a521-7208-253d92298a56">
      <Execution id="842ee8b9-f59e-477c-9fa5-50ca6b16eb5c" />
      <TestMethod codeBase="C:\Projekty\xUnitTestProject\bin\Debug\netcoreapp3.1\xUnitTestProject.dll" adapterTypeName="executor://xunit/VsTestRunner2/netcoreapp" className="xUnitTestProject.CurrencyHelperTests" name="FormatToStringTest1000" />
    </UnitTest>
    <UnitTest name="xUnitTestProject.CurrencyHelperTests.FormatToStringTest1000(price: 58848.60825001477, expected: &quot;58848.61 zł&quot;)" storage="c:\projekty\xunittestproject\bin\debug\netcoreapp3.1\xunittestproject.dll" id="8dcae478-7176-db28-16c0-e91e0d918df3">
      <Execution id="a6299f51-d3bb-492e-95b7-d437f70d2d2f" />
      <TestMethod codeBase="C:\Projekty\xUnitTestProject\bin\Debug\netcoreapp3.1\xUnitTestProject.dll" adapterTypeName="executor://xunit/VsTestRunner2/netcoreapp" className="xUnitTestProject.CurrencyHelperTests" name="FormatToStringTest1000" />
    </UnitTest>
    <UnitTest name="xUnitTestProject.CurrencyHelperTests.FormatToStringTest1000(price: 14063.90676654871, expected: &quot;14063.91 zł&quot;)" storage="c:\projekty\xunittestproject\bin\debug\netcoreapp3.1\xunittestproject.dll" id="0ce41b19-5488-6227-82d4-578fa8558f1f">
      <Execution id="8cae386f-a7dd-4414-a1b7-a207c6bbd1f9" />
      <TestMethod codeBase="C:\Projekty\xUnitTestProject\bin\Debug\netcoreapp3.1\xUnitTestProject.dll" adapterTypeName="executor://xunit/VsTestRunner2/netcoreapp" className="xUnitTestProject.CurrencyHelperTests" name="FormatToStringTest1000" />
    </UnitTest>
    <UnitTest name="xUnitTestProject.CurrencyHelperTests.FormatToStringTest1000(price: 38803.03958246253, expected: &quot;38803.04 zł&quot;)" storage="c:\projekty\xunittestproject\bin\debug\netcoreapp3.1\xunittestproject.dll" id="d1d304ec-d1a8-54dd-0ee3-d84b0c72b00c">
      <Execution id="a27ad0c8-e22a-4396-9164-05e70128cd23" />
      <TestMethod codeBase="C:\Projekty\xUnitTestProject\bin\Debug\netcoreapp3.1\xUnitTestProject.dll" adapterTypeName="executor://xunit/VsTestRunner2/netcoreapp" className="xUnitTestProject.CurrencyHelperTests" name="FormatToStringTest1000" />
    </UnitTest>
    <UnitTest name="xUnitTestProject.CurrencyHelperTests.FormatToStringTest1000(price: 11181.228339251702, expected: &quot;11181.23 zł&quot;)" storage="c:\projekty\xunittestproject\bin\debug\netcoreapp3.1\xunittestproject.dll" id="caf33f47-4d9c-c378-9883-273199a79b1e">
      <Execution id="2b462d10-0dc4-4cd8-8054-4b71d4046a1c" />
      <TestMethod codeBase="C:\Projekty\xUnitTestProject\bin\Debug\netcoreapp3.1\xUnitTestProject.dll" adapterTypeName="executor://xunit/VsTestRunner2/netcoreapp" className="xUnitTestProject.CurrencyHelperTests" name="FormatToStringTest1000" />
    </UnitTest>
    <UnitTest name="xUnitTestProject.CurrencyHelperTests.FormatToStringTest1000(price: 19882.647973500494, expected: &quot;19882.65 zł&quot;)" storage="c:\projekty\xunittestproject\bin\debug\netcoreapp3.1\xunittestproject.dll" id="990c6bd9-75e3-e712-66e8-1d0bc8aed91c">
      <Execution id="cbbc43e7-d06f-46d6-b303-1d5f495c59c3" />
      <TestMethod codeBase="C:\Projekty\xUnitTestProject\bin\Debug\netcoreapp3.1\xUnitTestProject.dll" adapterTypeName="executor://xunit/VsTestRunner2/netcoreapp" className="xUnitTestProject.CurrencyHelperTests" name="FormatToStringTest1000" />
    </UnitTest>
    <UnitTest name="xUnitTestProject.CurrencyHelperTests.FormatToStringTest1000(price: 28861.97337596769, expected: &quot;28861.97 zł&quot;)" storage="c:\projekty\xunittestproject\bin\debug\netcoreapp3.1\xunittestproject.dll" id="fdef4ad6-20d8-042a-63d8-5826de557b18">
      <Execution id="316ad519-91e0-4aa1-b459-3fb6affd111c" />
      <TestMethod codeBase="C:\Projekty\xUnitTestProject\bin\Debug\netcoreapp3.1\xUnitTestProject.dll" adapterTypeName="executor://xunit/VsTestRunner2/netcoreapp" className="xUnitTestProject.CurrencyHelperTests" name="FormatToStringTest1000" />
    </UnitTest>
    <UnitTest name="xUnitTestProject.CurrencyHelperTests.FormatToStringTest1000(price: 24566.50251371856, expected: &quot;24566.50 zł&quot;)" storage="c:\projekty\xunittestproject\bin\debug\netcoreapp3.1\xunittestproject.dll" id="5987d0c7-7679-adcc-a7d5-76af40a4f7f5">
      <Execution id="1662234a-20be-49eb-b1b7-f08bfae2bdca" />
      <TestMethod codeBase="C:\Projekty\xUnitTestProject\bin\Debug\netcoreapp3.1\xUnitTestProject.dll" adapterTypeName="executor://xunit/VsTestRunner2/netcoreapp" className="xUnitTestProject.CurrencyHelperTests" name="FormatToStringTest1000" />
    </UnitTest>
    <UnitTest name="xUnitTestProject.CurrencyHelperTests.FormatToStringTest1000(price: 58191.92113629585, expected: &quot;58191.92 zł&quot;)" storage="c:\projekty\xunittestproject\bin\debug\netcoreapp3.1\xunittestproject.dll" id="f2b68a15-ef7c-c26b-ffdd-eb9ae7067bca">
      <Execution id="ac3f2879-f161-46ef-bed9-52bca064065f" />
      <TestMethod codeBase="C:\Projekty\xUnitTestProject\bin\Debug\netcoreapp3.1\xUnitTestProject.dll" adapterTypeName="executor://xunit/VsTestRunner2/netcoreapp" className="xUnitTestProject.CurrencyHelperTests" name="FormatToStringTest1000" />
    </UnitTest>
    <UnitTest name="xUnitTestProject.CurrencyHelperTests.FormatToStringTest1000(price: 2751.3751475258614, expected: &quot;2751.38 zł&quot;)" storage="c:\projekty\xunittestproject\bin\debug\netcoreapp3.1\xunittestproject.dll" id="8f93d79c-66e7-77f7-7d43-554a5055be47">
      <Execution id="df318c30-727b-408f-9479-183f167cdbd2" />
      <TestMethod codeBase="C:\Projekty\xUnitTestProject\bin\Debug\netcoreapp3.1\xUnitTestProject.dll" adapterTypeName="executor://xunit/VsTestRunner2/netcoreapp" className="xUnitTestProject.CurrencyHelperTests" name="FormatToStringTest1000" />
    </UnitTest>
    <UnitTest name="xUnitTestProject.CurrencyHelperTests.FormatToStringTest1000(price: 3195.202943510936, expected: &quot;3195.20 zł&quot;)" storage="c:\projekty\xunittestproject\bin\debug\netcoreapp3.1\xunittestproject.dll" id="67b93cbf-4a61-71bd-d4ce-d603f3c3b311">
      <Execution id="4c284c82-f435-4c35-b0a7-61ed0d8ca80f" />
      <TestMethod codeBase="C:\Projekty\xUnitTestProject\bin\Debug\netcoreapp3.1\xUnitTestProject.dll" adapterTypeName="executor://xunit/VsTestRunner2/netcoreapp" className="xUnitTestProject.CurrencyHelperTests" name="FormatToStringTest1000" />
    </UnitTest>
    <UnitTest name="xUnitTestProject.CurrencyHelperTests.FormatToStringTest1000(price: 26133.133789601336, expected: &quot;26133.13 zł&quot;)" storage="c:\projekty\xunittestproject\bin\debug\netcoreapp3.1\xunittestproject.dll" id="bfee474b-216b-2c15-15a7-0adadfd388fb">
      <Execution id="13dbc6b2-2f43-4761-a8e8-1b3f53bb879e" />
      <TestMethod codeBase="C:\Projekty\xUnitTestProject\bin\Debug\netcoreapp3.1\xUnitTestProject.dll" adapterTypeName="executor://xunit/VsTestRunner2/netcoreapp" className="xUnitTestProject.CurrencyHelperTests" name="FormatToStringTest1000" />
    </UnitTest>
    <UnitTest name="xUnitTestProject.CurrencyHelperTests.FormatToStringTest1000(price: 37.631227987646696, expected: &quot;37.63 zł&quot;)" storage="c:\projekty\xunittestproject\bin\debug\netcoreapp3.1\xunittestproject.dll" id="647d0f12-f39c-4459-8e85-bad3059c7bbf">
      <Execution id="8eee6b53-a256-4759-a216-9012d1201477" />
      <TestMethod codeBase="C:\Projekty\xUnitTestProject\bin\Debug\netcoreapp3.1\xUnitTestProject.dll" adapterTypeName="executor://xunit/VsTestRunner2/netcoreapp" className="xUnitTestProject.CurrencyHelperTests" name="FormatToStringTest1000" />
    </UnitTest>
    <UnitTest name="xUnitTestProject.CurrencyHelperTests.FormatToStringTest1000(price: 19392.945535027862, expected: &quot;19392.95 zł&quot;)" storage="c:\projekty\xunittestproject\bin\debug\netcoreapp3.1\xunittestproject.dll" id="b9aabaf1-a1cb-6124-f2ee-69eb1bbe949b">
      <Execution id="666e495f-ad3b-435f-8f91-376016a9f468" />
      <TestMethod codeBase="C:\Projekty\xUnitTestProject\bin\Debug\netcoreapp3.1\xUnitTestProject.dll" adapterTypeName="executor://xunit/VsTestRunner2/netcoreapp" className="xUnitTestProject.CurrencyHelperTests" name="FormatToStringTest1000" />
    </UnitTest>
    <UnitTest name="xUnitTestProject.CurrencyHelperTests.FormatToStringTest1000(price: 16030.852371789913, expected: &quot;16030.85 zł&quot;)" storage="c:\projekty\xunittestproject\bin\debug\netcoreapp3.1\xunittestproject.dll" id="48499d12-acd9-8513-1f00-a2b49278b2fc">
      <Execution id="3a019d31-f6ec-48fa-95d4-e54a6f92d228" />
      <TestMethod codeBase="C:\Projekty\xUnitTestProject\bin\Debug\netcoreapp3.1\xUnitTestProject.dll" adapterTypeName="executor://xunit/VsTestRunner2/netcoreapp" className="xUnitTestProject.CurrencyHelperTests" name="FormatToStringTest1000" />
    </UnitTest>
    <UnitTest name="xUnitTestProject.CurrencyHelperTests.FormatToStringTest1000(price: 14035.12972514477, expected: &quot;14035.13 zł&quot;)" storage="c:\projekty\xunittestproject\bin\debug\netcoreapp3.1\xunittestproject.dll" id="d4b7a26e-ed5a-1e37-a00a-e21284ce265b">
      <Execution id="4222c1a5-0167-48a8-8461-dbcb64dfd7a4" />
      <TestMethod codeBase="C:\Projekty\xUnitTestProject\bin\Debug\netcoreapp3.1\xUnitTestProject.dll" adapterTypeName="executor://xunit/VsTestRunner2/netcoreapp" className="xUnitTestProject.CurrencyHelperTests" name="FormatToStringTest1000" />
    </UnitTest>
    <UnitTest name="xUnitTestProject.CurrencyHelperTests.FormatToStringTest1000(price: 8644.187977380207, expected: &quot;8644.19 zł&quot;)" storage="c:\projekty\xunittestproject\bin\debug\netcoreapp3.1\xunittestproject.dll" id="83240b81-a0ee-d801-c63e-6e722955f2f1">
      <Execution id="d50504f3-b556-4c05-983b-7e7aec83de23" />
      <TestMethod codeBase="C:\Projekty\xUnitTestProject\bin\Debug\netcoreapp3.1\xUnitTestProject.dll" adapterTypeName="executor://xunit/VsTestRunner2/netcoreapp" className="xUnitTestProject.CurrencyHelperTests" name="FormatToStringTest1000" />
    </UnitTest>
    <UnitTest name="xUnitTestProject.CurrencyHelperTests.FormatToStringTest1000(price: 23023.74724929768, expected: &quot;23023.75 zł&quot;)" storage="c:\projekty\xunittestproject\bin\debug\netcoreapp3.1\xunittestproject.dll" id="58fbd806-2ce4-1de9-b5f6-010d0ee1cbfa">
      <Execution id="9f81589b-5446-4d21-8fe5-702107d3faf8" />
      <TestMethod codeBase="C:\Projekty\xUnitTestProject\bin\Debug\netcoreapp3.1\xUnitTestProject.dll" adapterTypeName="executor://xunit/VsTestRunner2/netcoreapp" className="xUnitTestProject.CurrencyHelperTests" name="FormatToStringTest1000" />
    </UnitTest>
    <UnitTest name="xUnitTestProject.CurrencyHelperTests.FormatToStringTest1000(price: 835.1578487740633, expected: &quot;835.16 zł&quot;)" storage="c:\projekty\xunittestproject\bin\debug\netcoreapp3.1\xunittestproject.dll" id="c9fc2c85-cd6b-22aa-0e63-9afbfb8c152b">
      <Execution id="94b093b4-633d-4bdc-ad75-93e82790f565" />
      <TestMethod codeBase="C:\Projekty\xUnitTestProject\bin\Debug\netcoreapp3.1\xUnitTestProject.dll" adapterTypeName="executor://xunit/VsTestRunner2/netcoreapp" className="xUnitTestProject.CurrencyHelperTests" name="FormatToStringTest1000" />
    </UnitTest>
    <UnitTest name="xUnitTestProject.CurrencyHelperTests.FormatToStringTest1000(price: 22017.250119325356, expected: &quot;22017.25 zł&quot;)" storage="c:\projekty\xunittestproject\bin\debug\netcoreapp3.1\xunittestproject.dll" id="181c235a-8f4f-6777-859c-d2eff1a2ae91">
      <Execution id="e904f29c-29f5-4874-b6f5-b1a069677689" />
      <TestMethod codeBase="C:\Projekty\xUnitTestProject\bin\Debug\netcoreapp3.1\xUnitTestProject.dll" adapterTypeName="executor://xunit/VsTestRunner2/netcoreapp" className="xUnitTestProject.CurrencyHelperTests" name="FormatToStringTest1000" />
    </UnitTest>
    <UnitTest name="xUnitTestProject.CurrencyHelperTests.FormatToStringTest1000(price: 115.26302841131717, expected: &quot;115.26 zł&quot;)" storage="c:\projekty\xunittestproject\bin\debug\netcoreapp3.1\xunittestproject.dll" id="5d30b17d-1a70-2e78-f289-4e82f0d205e6">
      <Execution id="23915220-d1ba-4774-93a1-5b84dbec7c8b" />
      <TestMethod codeBase="C:\Projekty\xUnitTestProject\bin\Debug\netcoreapp3.1\xUnitTestProject.dll" adapterTypeName="executor://xunit/VsTestRunner2/netcoreapp" className="xUnitTestProject.CurrencyHelperTests" name="FormatToStringTest1000" />
    </UnitTest>
    <UnitTest name="xUnitTestProject.CurrencyHelperTests.FormatToStringTest1000(price: 14172.682747822573, expected: &quot;14172.68 zł&quot;)" storage="c:\projekty\xunittestproject\bin\debug\netcoreapp3.1\xunittestproject.dll" id="fdb8f5e8-aebb-9f4d-e956-1151e0f88117">
      <Execution id="6d55c1a3-e6fa-4809-9508-e81f9cda9e89" />
      <TestMethod codeBase="C:\Projekty\xUnitTestProject\bin\Debug\netcoreapp3.1\xUnitTestProject.dll" adapterTypeName="executor://xunit/VsTestRunner2/netcoreapp" className="xUnitTestProject.CurrencyHelperTests" name="FormatToStringTest1000" />
    </UnitTest>
    <UnitTest name="xUnitTestProject.CurrencyHelperTests.FormatToStringTest1000(price: 918.1842976688334, expected: &quot;918.18 zł&quot;)" storage="c:\projekty\xunittestproject\bin\debug\netcoreapp3.1\xunittestproject.dll" id="e3eba5d2-93a0-e22e-731e-ed52218ff16c">
      <Execution id="bc3f23d4-9adf-4da7-ba9d-6b9be830c747" />
      <TestMethod codeBase="C:\Projekty\xUnitTestProject\bin\Debug\netcoreapp3.1\xUnitTestProject.dll" adapterTypeName="executor://xunit/VsTestRunner2/netcoreapp" className="xUnitTestProject.CurrencyHelperTests" name="FormatToStringTest1000" />
    </UnitTest>
    <UnitTest name="xUnitTestProject.CurrencyHelperTests.FormatToStringTest1000(price: 34021.1384072961, expected: &quot;34021.14 zł&quot;)" storage="c:\projekty\xunittestproject\bin\debug\netcoreapp3.1\xunittestproject.dll" id="6c083eac-7cf7-3a47-1845-0ff85783e0c1">
      <Execution id="c29c9870-31e3-48f1-b134-dbaab12cb00c" />
      <TestMethod codeBase="C:\Projekty\xUnitTestProject\bin\Debug\netcoreapp3.1\xUnitTestProject.dll" adapterTypeName="executor://xunit/VsTestRunner2/netcoreapp" className="xUnitTestProject.CurrencyHelperTests" name="FormatToStringTest1000" />
    </UnitTest>
    <UnitTest name="xUnitTestProject.CurrencyHelperTests.FormatToStringTest1000(price: 1799.2562459103092, expected: &quot;1799.26 zł&quot;)" storage="c:\projekty\xunittestproject\bin\debug\netcoreapp3.1\xunittestproject.dll" id="86ad28ff-91bc-6dfc-4b29-d680c9d331eb">
      <Execution id="4283adb9-34b3-4271-86dd-4fef8079849b" />
      <TestMethod codeBase="C:\Projekty\xUnitTestProject\bin\Debug\netcoreapp3.1\xUnitTestProject.dll" adapterTypeName="executor://xunit/VsTestRunner2/netcoreapp" className="xUnitTestProject.CurrencyHelperTests" name="FormatToStringTest1000" />
    </UnitTest>
    <UnitTest name="xUnitTestProject.CurrencyHelperTests.FormatToStringTest1000(price: 30034.922435005625, expected: &quot;30034.92 zł&quot;)" storage="c:\projekty\xunittestproject\bin\debug\netcoreapp3.1\xunittestproject.dll" id="bfe24180-c0ac-b24a-c731-fe26d6138983">
      <Execution id="b05d4f28-571d-4580-bc22-94b54ba2d3f6" />
      <TestMethod codeBase="C:\Projekty\xUnitTestProject\bin\Debug\netcoreapp3.1\xUnitTestProject.dll" adapterTypeName="executor://xunit/VsTestRunner2/netcoreapp" className="xUnitTestProject.CurrencyHelperTests" name="FormatToStringTest1000" />
    </UnitTest>
    <UnitTest name="xUnitTestProject.CurrencyHelperTests.FormatToStringTest1000(price: 15742.409864349947, expected: &quot;15742.41 zł&quot;)" storage="c:\projekty\xunittestproject\bin\debug\netcoreapp3.1\xunittestproject.dll" id="4d5be905-ae12-4fb4-1d65-7b8d91a9be3a">
      <Execution id="9ee55858-e748-4fb0-9c4b-840a80659c47" />
      <TestMethod codeBase="C:\Projekty\xUnitTestProject\bin\Debug\netcoreapp3.1\xUnitTestProject.dll" adapterTypeName="executor://xunit/VsTestRunner2/netcoreapp" className="xUnitTestProject.CurrencyHelperTests" name="FormatToStringTest1000" />
    </UnitTest>
    <UnitTest name="xUnitTestProject.CurrencyHelperTests.FormatToStringTest1000(price: 1187.8237780126854, expected: &quot;1187.82 zł&quot;)" storage="c:\projekty\xunittestproject\bin\debug\netcoreapp3.1\xunittestproject.dll" id="b9b36c19-155c-ac46-851c-623393903657">
      <Execution id="d20c9e32-b0c6-4f41-b79a-8908816f3d93" />
      <TestMethod codeBase="C:\Projekty\xUnitTestProject\bin\Debug\netcoreapp3.1\xUnitTestProject.dll" adapterTypeName="executor://xunit/VsTestRunner2/netcoreapp" className="xUnitTestProject.CurrencyHelperTests" name="FormatToStringTest1000" />
    </UnitTest>
    <UnitTest name="xUnitTestProject.CurrencyHelperTests.FormatToStringTest1000(price: 21221.884746198488, expected: &quot;21221.88 zł&quot;)" storage="c:\projekty\xunittestproject\bin\debug\netcoreapp3.1\xunittestproject.dll" id="d0528706-3be3-396a-77f7-4d1c86caa17a">
      <Execution id="ebb10298-5458-4a08-bc41-91a198bd8c73" />
      <TestMethod codeBase="C:\Projekty\xUnitTestProject\bin\Debug\netcoreapp3.1\xUnitTestProject.dll" adapterTypeName="executor://xunit/VsTestRunner2/netcoreapp" className="xUnitTestProject.CurrencyHelperTests" name="FormatToStringTest1000" />
    </UnitTest>
    <UnitTest name="xUnitTestProject.CurrencyHelperTests.FormatToStringTest1000(price: 47964.941885361884, expected: &quot;47964.94 zł&quot;)" storage="c:\projekty\xunittestproject\bin\debug\netcoreapp3.1\xunittestproject.dll" id="56eb6a9f-6cb4-2abe-d7ee-7e044f42c842">
      <Execution id="d386c3dc-3e07-4195-addc-9691514187af" />
      <TestMethod codeBase="C:\Projekty\xUnitTestProject\bin\Debug\netcoreapp3.1\xUnitTestProject.dll" adapterTypeName="executor://xunit/VsTestRunner2/netcoreapp" className="xUnitTestProject.CurrencyHelperTests" name="FormatToStringTest1000" />
    </UnitTest>
    <UnitTest name="xUnitTestProject.CurrencyHelperTests.FormatToStringTest1000(price: 64490.52771614982, expected: &quot;64490.53 zł&quot;)" storage="c:\projekty\xunittestproject\bin\debug\netcoreapp3.1\xunittestproject.dll" id="a9730862-4522-ad92-1efa-cb822a9c946d">
      <Execution id="70c16c2a-47d5-4330-b8b0-429fb17e581a" />
      <TestMethod codeBase="C:\Projekty\xUnitTestProject\bin\Debug\netcoreapp3.1\xUnitTestProject.dll" adapterTypeName="executor://xunit/VsTestRunner2/netcoreapp" className="xUnitTestProject.CurrencyHelperTests" name="FormatToStringTest1000" />
    </UnitTest>
    <UnitTest name="xUnitTestProject.CurrencyHelperTests.FormatToStringTest1000(price: 12949.590713378317, expected: &quot;12949.59 zł&quot;)" storage="c:\projekty\xunittestproject\bin\debug\netcoreapp3.1\xunittestproject.dll" id="f962f016-220b-dd5b-3c75-15629456e786">
      <Execution id="8e0a439e-0699-46ce-be1a-d14e1e039b15" />
      <TestMethod codeBase="C:\Projekty\xUnitTestProject\bin\Debug\netcoreapp3.1\xUnitTestProject.dll" adapterTypeName="executor://xunit/VsTestRunner2/netcoreapp" className="xUnitTestProject.CurrencyHelperTests" name="FormatToStringTest1000" />
    </UnitTest>
    <UnitTest name="xUnitTestProject.CurrencyHelperTests.FormatToStringTest1000(price: 15414.175096961751, expected: &quot;15414.18 zł&quot;)" storage="c:\projekty\xunittestproject\bin\debug\netcoreapp3.1\xunittestproject.dll" id="6bf29abc-b7d1-2681-6ab5-01a37d1208f2">
      <Execution id="4979f3e9-bb88-4ec0-b967-cb61651cc447" />
      <TestMethod codeBase="C:\Projekty\xUnitTestProject\bin\Debug\netcoreapp3.1\xUnitTestProject.dll" adapterTypeName="executor://xunit/VsTestRunner2/netcoreapp" className="xUnitTestProject.CurrencyHelperTests" name="FormatToStringTest1000" />
    </UnitTest>
    <UnitTest name="xUnitTestProject.CurrencyHelperTests.FormatToStringTest1000(price: 11624.834848273003, expected: &quot;11624.83 zł&quot;)" storage="c:\projekty\xunittestproject\bin\debug\netcoreapp3.1\xunittestproject.dll" id="eb1e2ccd-822e-57b0-f5e5-7fc8ed277803">
      <Execution id="d74685ec-a999-4919-9011-406aea52c781" />
      <TestMethod codeBase="C:\Projekty\xUnitTestProject\bin\Debug\netcoreapp3.1\xUnitTestProject.dll" adapterTypeName="executor://xunit/VsTestRunner2/netcoreapp" className="xUnitTestProject.CurrencyHelperTests" name="FormatToStringTest1000" />
    </UnitTest>
    <UnitTest name="xUnitTestProject.CurrencyHelperTests.FormatToStringTest1000(price: 75162.39407669863, expected: &quot;75162.39 zł&quot;)" storage="c:\projekty\xunittestproject\bin\debug\netcoreapp3.1\xunittestproject.dll" id="9b9cb762-c5b9-fbcf-33f7-2ca2d3e98b42">
      <Execution id="99bebff3-4f08-4374-a512-5c4588d6d7d0" />
      <TestMethod codeBase="C:\Projekty\xUnitTestProject\bin\Debug\netcoreapp3.1\xUnitTestProject.dll" adapterTypeName="executor://xunit/VsTestRunner2/netcoreapp" className="xUnitTestProject.CurrencyHelperTests" name="FormatToStringTest1000" />
    </UnitTest>
    <UnitTest name="xUnitTestProject.CurrencyHelperTests.FormatToStringTest1000(price: 1549.6599114973376, expected: &quot;1549.66 zł&quot;)" storage="c:\projekty\xunittestproject\bin\debug\netcoreapp3.1\xunittestproject.dll" id="594ca00d-02cf-07de-ca25-0d701d72a0a6">
      <Execution id="2b1f1e2b-60c0-4207-85ab-d52dfd8fc3bc" />
      <TestMethod codeBase="C:\Projekty\xUnitTestProject\bin\Debug\netcoreapp3.1\xUnitTestProject.dll" adapterTypeName="executor://xunit/VsTestRunner2/netcoreapp" className="xUnitTestProject.CurrencyHelperTests" name="FormatToStringTest1000" />
    </UnitTest>
    <UnitTest name="xUnitTestProject.CurrencyHelperTests.FormatToStringTest1000(price: 7396.940188290057, expected: &quot;7396.94 zł&quot;)" storage="c:\projekty\xunittestproject\bin\debug\netcoreapp3.1\xunittestproject.dll" id="d13187c3-6513-b7ca-7370-507380fe2c88">
      <Execution id="6995a319-d714-470e-ac6e-35d76b0a119b" />
      <TestMethod codeBase="C:\Projekty\xUnitTestProject\bin\Debug\netcoreapp3.1\xUnitTestProject.dll" adapterTypeName="executor://xunit/VsTestRunner2/netcoreapp" className="xUnitTestProject.CurrencyHelperTests" name="FormatToStringTest1000" />
    </UnitTest>
    <UnitTest name="xUnitTestProject.CurrencyHelperTests.FormatToStringTest1000(price: 50339.31259969497, expected: &quot;50339.31 zł&quot;)" storage="c:\projekty\xunittestproject\bin\debug\netcoreapp3.1\xunittestproject.dll" id="80d3734c-ba9f-0770-a478-3dd6f9b70cb0">
      <Execution id="350515da-d915-4fca-adcb-a86eea7a408b" />
      <TestMethod codeBase="C:\Projekty\xUnitTestProject\bin\Debug\netcoreapp3.1\xUnitTestProject.dll" adapterTypeName="executor://xunit/VsTestRunner2/netcoreapp" className="xUnitTestProject.CurrencyHelperTests" name="FormatToStringTest1000" />
    </UnitTest>
    <UnitTest name="xUnitTestProject.CurrencyHelperTests.FormatToStringTest1000(price: 25036.98767214035, expected: &quot;25036.99 zł&quot;)" storage="c:\projekty\xunittestproject\bin\debug\netcoreapp3.1\xunittestproject.dll" id="5a63deb4-703f-d2ca-862c-112038163809">
      <Execution id="e566ae9b-66a4-4093-ab02-15b6f714c628" />
      <TestMethod codeBase="C:\Projekty\xUnitTestProject\bin\Debug\netcoreapp3.1\xUnitTestProject.dll" adapterTypeName="executor://xunit/VsTestRunner2/netcoreapp" className="xUnitTestProject.CurrencyHelperTests" name="FormatToStringTest1000" />
    </UnitTest>
    <UnitTest name="xUnitTestProject.CurrencyHelperTests.FormatToStringTest1000(price: 13286.856387228174, expected: &quot;13286.86 zł&quot;)" storage="c:\projekty\xunittestproject\bin\debug\netcoreapp3.1\xunittestproject.dll" id="8181cd4b-8454-73ed-8ced-01a1dc2b25c3">
      <Execution id="75deadf7-fee8-412c-bdf0-72c8bc83d7dc" />
      <TestMethod codeBase="C:\Projekty\xUnitTestProject\bin\Debug\netcoreapp3.1\xUnitTestProject.dll" adapterTypeName="executor://xunit/VsTestRunner2/netcoreapp" className="xUnitTestProject.CurrencyHelperTests" name="FormatToStringTest1000" />
    </UnitTest>
    <UnitTest name="xUnitTestProject.CurrencyHelperTests.FormatToStringTest1000(price: 22197.731451777618, expected: &quot;22197.73 zł&quot;)" storage="c:\projekty\xunittestproject\bin\debug\netcoreapp3.1\xunittestproject.dll" id="bfdd6bca-a34f-47f5-eae8-5d12e496bd00">
      <Execution id="b23892ab-dae0-4957-8dc8-46fe9abf1c6c" />
      <TestMethod codeBase="C:\Projekty\xUnitTestProject\bin\Debug\netcoreapp3.1\xUnitTestProject.dll" adapterTypeName="executor://xunit/VsTestRunner2/netcoreapp" className="xUnitTestProject.CurrencyHelperTests" name="FormatToStringTest1000" />
    </UnitTest>
    <UnitTest name="xUnitTestProject.CurrencyHelperTests.FormatToStringTest1000(price: 31424.298858482067, expected: &quot;31424.30 zł&quot;)" storage="c:\projekty\xunittestproject\bin\debug\netcoreapp3.1\xunittestproject.dll" id="06022d11-491a-4f0d-4482-3457e9003d33">
      <Execution id="919978bd-0f93-43d2-9341-9cc8a1814178" />
      <TestMethod codeBase="C:\Projekty\xUnitTestProject\bin\Debug\netcoreapp3.1\xUnitTestProject.dll" adapterTypeName="executor://xunit/VsTestRunner2/netcoreapp" className="xUnitTestProject.CurrencyHelperTests" name="FormatToStringTest1000" />
    </UnitTest>
    <UnitTest name="xUnitTestProject.CurrencyHelperTests.FormatToStringTest1000(price: 32732.81915128502, expected: &quot;32732.82 zł&quot;)" storage="c:\projekty\xunittestproject\bin\debug\netcoreapp3.1\xunittestproject.dll" id="b6d907a4-489e-cb15-8555-a5c35fcc0ce1">
      <Execution id="92c048d8-f022-41b1-9953-a078629c25aa" />
      <TestMethod codeBase="C:\Projekty\xUnitTestProject\bin\Debug\netcoreapp3.1\xUnitTestProject.dll" adapterTypeName="executor://xunit/VsTestRunner2/netcoreapp" className="xUnitTestProject.CurrencyHelperTests" name="FormatToStringTest1000" />
    </UnitTest>
    <UnitTest name="xUnitTestProject.CurrencyHelperTests.FormatToStringTest1000(price: 29508.077101491428, expected: &quot;29508.08 zł&quot;)" storage="c:\projekty\xunittestproject\bin\debug\netcoreapp3.1\xunittestproject.dll" id="c1457a00-5932-b692-d468-5af96619c895">
      <Execution id="f51203a6-0b76-41f4-b9b6-75a7fa3d69c7" />
      <TestMethod codeBase="C:\Projekty\xUnitTestProject\bin\Debug\netcoreapp3.1\xUnitTestProject.dll" adapterTypeName="executor://xunit/VsTestRunner2/netcoreapp" className="xUnitTestProject.CurrencyHelperTests" name="FormatToStringTest1000" />
    </UnitTest>
    <UnitTest name="xUnitTestProject.CurrencyHelperTests.FormatToStringTest1000(price: 386.358918903097, expected: &quot;386.36 zł&quot;)" storage="c:\projekty\xunittestproject\bin\debug\netcoreapp3.1\xunittestproject.dll" id="cb9f49fb-58b9-06a6-2d40-6492ed02487d">
      <Execution id="ea372355-d034-4dd8-b85b-b15f92ff9278" />
      <TestMethod codeBase="C:\Projekty\xUnitTestProject\bin\Debug\netcoreapp3.1\xUnitTestProject.dll" adapterTypeName="executor://xunit/VsTestRunner2/netcoreapp" className="xUnitTestProject.CurrencyHelperTests" name="FormatToStringTest1000" />
    </UnitTest>
    <UnitTest name="xUnitTestProject.CurrencyHelperTests.FormatToStringTest1000(price: 21961.272673999552, expected: &quot;21961.27 zł&quot;)" storage="c:\projekty\xunittestproject\bin\debug\netcoreapp3.1\xunittestproject.dll" id="8e957c61-833e-a0b8-17c9-5e56071d3f70">
      <Execution id="1a8276ca-f190-4d08-8e8b-c2adef225c82" />
      <TestMethod codeBase="C:\Projekty\xUnitTestProject\bin\Debug\netcoreapp3.1\xUnitTestProject.dll" adapterTypeName="executor://xunit/VsTestRunner2/netcoreapp" className="xUnitTestProject.CurrencyHelperTests" name="FormatToStringTest1000" />
    </UnitTest>
    <UnitTest name="xUnitTestProject.CurrencyHelperTests.FormatToStringTest1000(price: 47575.6421269959, expected: &quot;47575.64 zł&quot;)" storage="c:\projekty\xunittestproject\bin\debug\netcoreapp3.1\xunittestproject.dll" id="5ba87170-b4be-88ce-9658-2993ce18ab0a">
      <Execution id="84eb182e-2a99-43de-a3d2-9539ce5bdf3e" />
      <TestMethod codeBase="C:\Projekty\xUnitTestProject\bin\Debug\netcoreapp3.1\xUnitTestProject.dll" adapterTypeName="executor://xunit/VsTestRunner2/netcoreapp" className="xUnitTestProject.CurrencyHelperTests" name="FormatToStringTest1000" />
    </UnitTest>
    <UnitTest name="xUnitTestProject.CurrencyHelperTests.FormatToStringTest1000(price: 12283.48626129026, expected: &quot;12283.49 zł&quot;)" storage="c:\projekty\xunittestproject\bin\debug\netcoreapp3.1\xunittestproject.dll" id="73d2aaa8-ac83-ede5-fed4-5dcf1194783f">
      <Execution id="d5e6614d-9dc1-4369-aca9-d17838c00751" />
      <TestMethod codeBase="C:\Projekty\xUnitTestProject\bin\Debug\netcoreapp3.1\xUnitTestProject.dll" adapterTypeName="executor://xunit/VsTestRunner2/netcoreapp" className="xUnitTestProject.CurrencyHelperTests" name="FormatToStringTest1000" />
    </UnitTest>
    <UnitTest name="xUnitTestProject.CurrencyHelperTests.FormatToStringTest1000(price: 16688.70569393677, expected: &quot;16688.71 zł&quot;)" storage="c:\projekty\xunittestproject\bin\debug\netcoreapp3.1\xunittestproject.dll" id="e6d7e4bb-8f4e-56e2-712f-a2453f4d8f71">
      <Execution id="1e7533eb-b090-48b2-b125-3b5dbdacee4d" />
      <TestMethod codeBase="C:\Projekty\xUnitTestProject\bin\Debug\netcoreapp3.1\xUnitTestProject.dll" adapterTypeName="executor://xunit/VsTestRunner2/netcoreapp" className="xUnitTestProject.CurrencyHelperTests" name="FormatToStringTest1000" />
    </UnitTest>
    <UnitTest name="xUnitTestProject.CurrencyHelperTests.FormatToStringTest1000(price: 26174.290999793586, expected: &quot;26174.29 zł&quot;)" storage="c:\projekty\xunittestproject\bin\debug\netcoreapp3.1\xunittestproject.dll" id="4b152625-d247-2206-1bc2-f59ef3dda4ef">
      <Execution id="cbbd6278-52c3-4643-bb1d-6af8841b7c5b" />
      <TestMethod codeBase="C:\Projekty\xUnitTestProject\bin\Debug\netcoreapp3.1\xUnitTestProject.dll" adapterTypeName="executor://xunit/VsTestRunner2/netcoreapp" className="xUnitTestProject.CurrencyHelperTests" name="FormatToStringTest1000" />
    </UnitTest>
    <UnitTest name="xUnitTestProject.CurrencyHelperTests.FormatToStringTest1000(price: 4002.4180488374172, expected: &quot;4002.42 zł&quot;)" storage="c:\projekty\xunittestproject\bin\debug\netcoreapp3.1\xunittestproject.dll" id="1006d1f0-5b29-3f16-0e5d-80a2a40c26e6">
      <Execution id="99b030d3-4431-4d3f-830c-a34e3fb82eb1" />
      <TestMethod codeBase="C:\Projekty\xUnitTestProject\bin\Debug\netcoreapp3.1\xUnitTestProject.dll" adapterTypeName="executor://xunit/VsTestRunner2/netcoreapp" className="xUnitTestProject.CurrencyHelperTests" name="FormatToStringTest1000" />
    </UnitTest>
    <UnitTest name="xUnitTestProject.CurrencyHelperTests.FormatToStringTest1000(price: 16208.076866391615, expected: &quot;16208.08 zł&quot;)" storage="c:\projekty\xunittestproject\bin\debug\netcoreapp3.1\xunittestproject.dll" id="128fe360-ca56-c4c9-0f07-7350435e34a3">
      <Execution id="63cde948-5ba5-44fb-83b9-a4b2934bd9e8" />
      <TestMethod codeBase="C:\Projekty\xUnitTestProject\bin\Debug\netcoreapp3.1\xUnitTestProject.dll" adapterTypeName="executor://xunit/VsTestRunner2/netcoreapp" className="xUnitTestProject.CurrencyHelperTests" name="FormatToStringTest1000" />
    </UnitTest>
    <UnitTest name="xUnitTestProject.CurrencyHelperTests.FormatToStringTest1000(price: 23980.12943509646, expected: &quot;23980.13 zł&quot;)" storage="c:\projekty\xunittestproject\bin\debug\netcoreapp3.1\xunittestproject.dll" id="c0622c05-a365-df5b-d83a-27dce2d844ee">
      <Execution id="fcbf0a07-940b-4a31-aacf-654f96c365e7" />
      <TestMethod codeBase="C:\Projekty\xUnitTestProject\bin\Debug\netcoreapp3.1\xUnitTestProject.dll" adapterTypeName="executor://xunit/VsTestRunner2/netcoreapp" className="xUnitTestProject.CurrencyHelperTests" name="FormatToStringTest1000" />
    </UnitTest>
    <UnitTest name="xUnitTestProject.CurrencyHelperTests.FormatToStringTest1000(price: 77919.64716867341, expected: &quot;77919.65 zł&quot;)" storage="c:\projekty\xunittestproject\bin\debug\netcoreapp3.1\xunittestproject.dll" id="5de12653-1f5a-24cb-5ff2-99601694fb1f">
      <Execution id="006469ae-3dac-4833-a3be-dfdd5fd88d0f" />
      <TestMethod codeBase="C:\Projekty\xUnitTestProject\bin\Debug\netcoreapp3.1\xUnitTestProject.dll" adapterTypeName="executor://xunit/VsTestRunner2/netcoreapp" className="xUnitTestProject.CurrencyHelperTests" name="FormatToStringTest1000" />
    </UnitTest>
    <UnitTest name="xUnitTestProject.CurrencyHelperTests.FormatToStringTest1000(price: 20012.898273490322, expected: &quot;20012.90 zł&quot;)" storage="c:\projekty\xunittestproject\bin\debug\netcoreapp3.1\xunittestproject.dll" id="5200e545-dbbb-62af-891d-31499a618a0e">
      <Execution id="f7a3f33a-ff0c-43c6-ae42-bcba9efb35ab" />
      <TestMethod codeBase="C:\Projekty\xUnitTestProject\bin\Debug\netcoreapp3.1\xUnitTestProject.dll" adapterTypeName="executor://xunit/VsTestRunner2/netcoreapp" className="xUnitTestProject.CurrencyHelperTests" name="FormatToStringTest1000" />
    </UnitTest>
    <UnitTest name="xUnitTestProject.CurrencyHelperTests.FormatToStringTest1000(price: 5978.1197194131655, expected: &quot;5978.12 zł&quot;)" storage="c:\projekty\xunittestproject\bin\debug\netcoreapp3.1\xunittestproject.dll" id="124aa2c1-a584-951a-b578-c58272b94396">
      <Execution id="b934698a-e730-475f-bd7b-20fd134ba478" />
      <TestMethod codeBase="C:\Projekty\xUnitTestProject\bin\Debug\netcoreapp3.1\xUnitTestProject.dll" adapterTypeName="executor://xunit/VsTestRunner2/netcoreapp" className="xUnitTestProject.CurrencyHelperTests" name="FormatToStringTest1000" />
    </UnitTest>
    <UnitTest name="xUnitTestProject.CurrencyHelperTests.FormatToStringTest1000(price: 17988.455793307843, expected: &quot;17988.46 zł&quot;)" storage="c:\projekty\xunittestproject\bin\debug\netcoreapp3.1\xunittestproject.dll" id="6837dba7-40c4-9f70-ea2b-82f5a35b378d">
      <Execution id="e251eb44-132e-4e7d-b5f3-439c63489e42" />
      <TestMethod codeBase="C:\Projekty\xUnitTestProject\bin\Debug\netcoreapp3.1\xUnitTestProject.dll" adapterTypeName="executor://xunit/VsTestRunner2/netcoreapp" className="xUnitTestProject.CurrencyHelperTests" name="FormatToStringTest1000" />
    </UnitTest>
    <UnitTest name="xUnitTestProject.CurrencyHelperTests.FormatToStringTest1000(price: 22799.991836491965, expected: &quot;22799.99 zł&quot;)" storage="c:\projekty\xunittestproject\bin\debug\netcoreapp3.1\xunittestproject.dll" id="681b18e6-8ac3-1647-8149-58844d19cdf1">
      <Execution id="5b9c7758-259b-46f8-82f3-c030dd8c380e" />
      <TestMethod codeBase="C:\Projekty\xUnitTestProject\bin\Debug\netcoreapp3.1\xUnitTestProject.dll" adapterTypeName="executor://xunit/VsTestRunner2/netcoreapp" className="xUnitTestProject.CurrencyHelperTests" name="FormatToStringTest1000" />
    </UnitTest>
    <UnitTest name="xUnitTestProject.CurrencyHelperTests.FormatToStringTest1000(price: 79.6815319544084, expected: &quot;79.68 zł&quot;)" storage="c:\projekty\xunittestproject\bin\debug\netcoreapp3.1\xunittestproject.dll" id="7729c68a-38c8-f8ce-da09-5022e186685c">
      <Execution id="881ec73b-e8f1-435b-b820-4e5d89147f30" />
      <TestMethod codeBase="C:\Projekty\xUnitTestProject\bin\Debug\netcoreapp3.1\xUnitTestProject.dll" adapterTypeName="executor://xunit/VsTestRunner2/netcoreapp" className="xUnitTestProject.CurrencyHelperTests" name="FormatToStringTest1000" />
    </UnitTest>
    <UnitTest name="xUnitTestProject.CurrencyHelperTests.FormatToStringTest1000(price: 32359.431438434138, expected: &quot;32359.43 zł&quot;)" storage="c:\projekty\xunittestproject\bin\debug\netcoreapp3.1\xunittestproject.dll" id="a1a0e8aa-488b-d813-0baf-a61aa194c928">
      <Execution id="01c30253-ea5f-4111-97e0-ff65c59b9e7a" />
      <TestMethod codeBase="C:\Projekty\xUnitTestProject\bin\Debug\netcoreapp3.1\xUnitTestProject.dll" adapterTypeName="executor://xunit/VsTestRunner2/netcoreapp" className="xUnitTestProject.CurrencyHelperTests" name="FormatToStringTest1000" />
    </UnitTest>
    <UnitTest name="xUnitTestProject.CurrencyHelperTests.FormatToStringTest1000(price: 81326.3340147521, expected: &quot;81326.33 zł&quot;)" storage="c:\projekty\xunittestproject\bin\debug\netcoreapp3.1\xunittestproject.dll" id="f96cba70-db37-0f83-9cd0-465945a7184e">
      <Execution id="38333681-6189-4a0e-b811-459d3d14c688" />
      <TestMethod codeBase="C:\Projekty\xUnitTestProject\bin\Debug\netcoreapp3.1\xUnitTestProject.dll" adapterTypeName="executor://xunit/VsTestRunner2/netcoreapp" className="xUnitTestProject.CurrencyHelperTests" name="FormatToStringTest1000" />
    </UnitTest>
    <UnitTest name="xUnitTestProject.CurrencyHelperTests.FormatToStringTest1000(price: 4898.699005344277, expected: &quot;4898.70 zł&quot;)" storage="c:\projekty\xunittestproject\bin\debug\netcoreapp3.1\xunittestproject.dll" id="c9dc0f3f-e108-0c1a-7cef-09dcecce5469">
      <Execution id="70072ed4-4953-4bd5-ae6f-5b78b868c478" />
      <TestMethod codeBase="C:\Projekty\xUnitTestProject\bin\Debug\netcoreapp3.1\xUnitTestProject.dll" adapterTypeName="executor://xunit/VsTestRunner2/netcoreapp" className="xUnitTestProject.CurrencyHelperTests" name="FormatToStringTest1000" />
    </UnitTest>
    <UnitTest name="xUnitTestProject.CurrencyHelperTests.FormatToStringTest1000(price: 52888.48934243642, expected: &quot;52888.49 zł&quot;)" storage="c:\projekty\xunittestproject\bin\debug\netcoreapp3.1\xunittestproject.dll" id="e5b31225-6687-353e-986c-a81c10574659">
      <Execution id="c3be8cf0-48d4-4d1b-88b6-bb76118ae7a0" />
      <TestMethod codeBase="C:\Projekty\xUnitTestProject\bin\Debug\netcoreapp3.1\xUnitTestProject.dll" adapterTypeName="executor://xunit/VsTestRunner2/netcoreapp" className="xUnitTestProject.CurrencyHelperTests" name="FormatToStringTest1000" />
    </UnitTest>
    <UnitTest name="xUnitTestProject.CurrencyHelperTests.FormatToStringTest1000(price: 4592.278577496428, expected: &quot;4592.28 zł&quot;)" storage="c:\projekty\xunittestproject\bin\debug\netcoreapp3.1\xunittestproject.dll" id="256b0aa4-ca9e-f9c0-c01a-e5ce082d7933">
      <Execution id="38b5627a-c5c1-40a0-9a0a-ef98024826fd" />
      <TestMethod codeBase="C:\Projekty\xUnitTestProject\bin\Debug\netcoreapp3.1\xUnitTestProject.dll" adapterTypeName="executor://xunit/VsTestRunner2/netcoreapp" className="xUnitTestProject.CurrencyHelperTests" name="FormatToStringTest1000" />
    </UnitTest>
    <UnitTest name="xUnitTestProject.CurrencyHelperTests.FormatToStringTest1000(price: 70771.4436677524, expected: &quot;70771.44 zł&quot;)" storage="c:\projekty\xunittestproject\bin\debug\netcoreapp3.1\xunittestproject.dll" id="faee1a73-2321-167e-168b-f89892fb598c">
      <Execution id="71c9b7d2-32b1-492d-9072-76eb258e2bb3" />
      <TestMethod codeBase="C:\Projekty\xUnitTestProject\bin\Debug\netcoreapp3.1\xUnitTestProject.dll" adapterTypeName="executor://xunit/VsTestRunner2/netcoreapp" className="xUnitTestProject.CurrencyHelperTests" name="FormatToStringTest1000" />
    </UnitTest>
    <UnitTest name="xUnitTestProject.CurrencyHelperTests.FormatToStringTest1000(price: 8851.904041135638, expected: &quot;8851.90 zł&quot;)" storage="c:\projekty\xunittestproject\bin\debug\netcoreapp3.1\xunittestproject.dll" id="d674a2b2-91f4-595f-2a5d-e8f6a4053ca1">
      <Execution id="a402a0a1-4949-4d50-85cf-d3476982f58e" />
      <TestMethod codeBase="C:\Projekty\xUnitTestProject\bin\Debug\netcoreapp3.1\xUnitTestProject.dll" adapterTypeName="executor://xunit/VsTestRunner2/netcoreapp" className="xUnitTestProject.CurrencyHelperTests" name="FormatToStringTest1000" />
    </UnitTest>
    <UnitTest name="xUnitTestProject.CurrencyHelperTests.FormatToStringTest1000(price: 34084.19497795599, expected: &quot;34084.19 zł&quot;)" storage="c:\projekty\xunittestproject\bin\debug\netcoreapp3.1\xunittestproject.dll" id="a61390b2-0ec7-4d98-e7ed-b8eba6ac247d">
      <Execution id="d62a2e37-61f2-4fac-8974-0711674a7040" />
      <TestMethod codeBase="C:\Projekty\xUnitTestProject\bin\Debug\netcoreapp3.1\xUnitTestProject.dll" adapterTypeName="executor://xunit/VsTestRunner2/netcoreapp" className="xUnitTestProject.CurrencyHelperTests" name="FormatToStringTest1000" />
    </UnitTest>
    <UnitTest name="xUnitTestProject.CurrencyHelperTests.FormatToStringTest1000(price: 13541.45472935096, expected: &quot;13541.45 zł&quot;)" storage="c:\projekty\xunittestproject\bin\debug\netcoreapp3.1\xunittestproject.dll" id="72e1721e-ca6c-63c9-59ef-8aef6ff15353">
      <Execution id="0069f474-4d6c-4419-bd57-2032751ac580" />
      <TestMethod codeBase="C:\Projekty\xUnitTestProject\bin\Debug\netcoreapp3.1\xUnitTestProject.dll" adapterTypeName="executor://xunit/VsTestRunner2/netcoreapp" className="xUnitTestProject.CurrencyHelperTests" name="FormatToStringTest1000" />
    </UnitTest>
    <UnitTest name="xUnitTestProject.CurrencyHelperTests.FormatToStringTest1000(price: 48654.65723134794, expected: &quot;48654.66 zł&quot;)" storage="c:\projekty\xunittestproject\bin\debug\netcoreapp3.1\xunittestproject.dll" id="178d037f-daf8-5717-a393-b090c90da1cf">
      <Execution id="413f749c-19da-4cc5-b2c8-aaef0fea1bed" />
      <TestMethod codeBase="C:\Projekty\xUnitTestProject\bin\Debug\netcoreapp3.1\xUnitTestProject.dll" adapterTypeName="executor://xunit/VsTestRunner2/netcoreapp" className="xUnitTestProject.CurrencyHelperTests" name="FormatToStringTest1000" />
    </UnitTest>
    <UnitTest name="xUnitTestProject.CurrencyHelperTests.FormatToStringTest1000(price: 5566.818038455592, expected: &quot;5566.82 zł&quot;)" storage="c:\projekty\xunittestproject\bin\debug\netcoreapp3.1\xunittestproject.dll" id="0ceb7858-003d-ab99-34b5-3e79f1abe40b">
      <Execution id="8ff33943-ebd7-4317-ac64-b158da5ebcef" />
      <TestMethod codeBase="C:\Projekty\xUnitTestProject\bin\Debug\netcoreapp3.1\xUnitTestProject.dll" adapterTypeName="executor://xunit/VsTestRunner2/netcoreapp" className="xUnitTestProject.CurrencyHelperTests" name="FormatToStringTest1000" />
    </UnitTest>
    <UnitTest name="xUnitTestProject.CurrencyHelperTests.FormatToStringTest1000(price: 44930.92203801075, expected: &quot;44930.92 zł&quot;)" storage="c:\projekty\xunittestproject\bin\debug\netcoreapp3.1\xunittestproject.dll" id="33b7f528-129d-12a3-ccd2-fd1f055d858f">
      <Execution id="6b3d11ee-5253-4cb7-b082-e80a83411283" />
      <TestMethod codeBase="C:\Projekty\xUnitTestProject\bin\Debug\netcoreapp3.1\xUnitTestProject.dll" adapterTypeName="executor://xunit/VsTestRunner2/netcoreapp" className="xUnitTestProject.CurrencyHelperTests" name="FormatToStringTest1000" />
    </UnitTest>
    <UnitTest name="xUnitTestProject.CurrencyHelperTests.FormatToStringTest1000(price: 36651.05802063414, expected: &quot;36651.06 zł&quot;)" storage="c:\projekty\xunittestproject\bin\debug\netcoreapp3.1\xunittestproject.dll" id="91970791-479f-53e8-256c-76fb4b85cf1d">
      <Execution id="93fda115-c14a-485f-a251-a432a7484f32" />
      <TestMethod codeBase="C:\Projekty\xUnitTestProject\bin\Debug\netcoreapp3.1\xUnitTestProject.dll" adapterTypeName="executor://xunit/VsTestRunner2/netcoreapp" className="xUnitTestProject.CurrencyHelperTests" name="FormatToStringTest1000" />
    </UnitTest>
    <UnitTest name="xUnitTestProject.CurrencyHelperTests.FormatToStringTest1000(price: 18990.72499258012, expected: &quot;18990.72 zł&quot;)" storage="c:\projekty\xunittestproject\bin\debug\netcoreapp3.1\xunittestproject.dll" id="c4f09638-23b4-3d40-c0a4-ef63a006dba0">
      <Execution id="32d974c7-3609-4fe9-89f4-68e7104de111" />
      <TestMethod codeBase="C:\Projekty\xUnitTestProject\bin\Debug\netcoreapp3.1\xUnitTestProject.dll" adapterTypeName="executor://xunit/VsTestRunner2/netcoreapp" className="xUnitTestProject.CurrencyHelperTests" name="FormatToStringTest1000" />
    </UnitTest>
    <UnitTest name="xUnitTestProject.CurrencyHelperTests.FormatToStringTest1000(price: 22367.991005544547, expected: &quot;22367.99 zł&quot;)" storage="c:\projekty\xunittestproject\bin\debug\netcoreapp3.1\xunittestproject.dll" id="0e945364-42c0-3773-924e-a8c9f3ec6d3e">
      <Execution id="262eb441-3162-4a0a-8f2c-40e28683919d" />
      <TestMethod codeBase="C:\Projekty\xUnitTestProject\bin\Debug\netcoreapp3.1\xUnitTestProject.dll" adapterTypeName="executor://xunit/VsTestRunner2/netcoreapp" className="xUnitTestProject.CurrencyHelperTests" name="FormatToStringTest1000" />
    </UnitTest>
    <UnitTest name="xUnitTestProject.CurrencyHelperTests.FormatToStringTest1000(price: 7191.024921368353, expected: &quot;7191.02 zł&quot;)" storage="c:\projekty\xunittestproject\bin\debug\netcoreapp3.1\xunittestproject.dll" id="0e8e9a77-632c-db52-e40d-d7b033807f15">
      <Execution id="ad73a197-0039-4cb3-a73b-fbf3bc1a601c" />
      <TestMethod codeBase="C:\Projekty\xUnitTestProject\bin\Debug\netcoreapp3.1\xUnitTestProject.dll" adapterTypeName="executor://xunit/VsTestRunner2/netcoreapp" className="xUnitTestProject.CurrencyHelperTests" name="FormatToStringTest1000" />
    </UnitTest>
    <UnitTest name="xUnitTestProject.CurrencyHelperTests.FormatToStringTest1000(price: 726.8087564975995, expected: &quot;726.81 zł&quot;)" storage="c:\projekty\xunittestproject\bin\debug\netcoreapp3.1\xunittestproject.dll" id="761c5474-ba0b-efdd-0d5f-bfbe630a98c2">
      <Execution id="e7e09771-acd7-4cf8-b531-fec2df0b9a0e" />
      <TestMethod codeBase="C:\Projekty\xUnitTestProject\bin\Debug\netcoreapp3.1\xUnitTestProject.dll" adapterTypeName="executor://xunit/VsTestRunner2/netcoreapp" className="xUnitTestProject.CurrencyHelperTests" name="FormatToStringTest1000" />
    </UnitTest>
    <UnitTest name="xUnitTestProject.CurrencyHelperTests.FormatToStringTest1000(price: 7076.829971250534, expected: &quot;7076.83 zł&quot;)" storage="c:\projekty\xunittestproject\bin\debug\netcoreapp3.1\xunittestproject.dll" id="cc7d6c48-2140-f681-276a-ee6d54b1f129">
      <Execution id="6a8426d7-9e3e-4b70-a702-53ed833a1d58" />
      <TestMethod codeBase="C:\Projekty\xUnitTestProject\bin\Debug\netcoreapp3.1\xUnitTestProject.dll" adapterTypeName="executor://xunit/VsTestRunner2/netcoreapp" className="xUnitTestProject.CurrencyHelperTests" name="FormatToStringTest1000" />
    </UnitTest>
    <UnitTest name="xUnitTestProject.CurrencyHelperTests.FormatToStringTest1000(price: 65809.35218338219, expected: &quot;65809.35 zł&quot;)" storage="c:\projekty\xunittestproject\bin\debug\netcoreapp3.1\xunittestproject.dll" id="cbad7040-1370-8b80-f9ed-c7be376f327f">
      <Execution id="0877f5f1-e136-4280-b258-b7ef0daa18b1" />
      <TestMethod codeBase="C:\Projekty\xUnitTestProject\bin\Debug\netcoreapp3.1\xUnitTestProject.dll" adapterTypeName="executor://xunit/VsTestRunner2/netcoreapp" className="xUnitTestProject.CurrencyHelperTests" name="FormatToStringTest1000" />
    </UnitTest>
    <UnitTest name="xUnitTestProject.CurrencyHelperTests.FormatToStringTest1000(price: 41972.39431566763, expected: &quot;41972.39 zł&quot;)" storage="c:\projekty\xunittestproject\bin\debug\netcoreapp3.1\xunittestproject.dll" id="0d1bc5db-e6c6-10df-8cf0-a0dfa7497484">
      <Execution id="849a4662-73d6-4877-a55a-49f838b0a99f" />
      <TestMethod codeBase="C:\Projekty\xUnitTestProject\bin\Debug\netcoreapp3.1\xUnitTestProject.dll" adapterTypeName="executor://xunit/VsTestRunner2/netcoreapp" className="xUnitTestProject.CurrencyHelperTests" name="FormatToStringTest1000" />
    </UnitTest>
    <UnitTest name="xUnitTestProject.CurrencyHelperTests.FormatToStringTest1000(price: 66541.05112730109, expected: &quot;66541.05 zł&quot;)" storage="c:\projekty\xunittestproject\bin\debug\netcoreapp3.1\xunittestproject.dll" id="459add99-cbf9-4f7c-b3d1-c619873acede">
      <Execution id="e38e96e4-775d-420c-8909-0fb8a37e2550" />
      <TestMethod codeBase="C:\Projekty\xUnitTestProject\bin\Debug\netcoreapp3.1\xUnitTestProject.dll" adapterTypeName="executor://xunit/VsTestRunner2/netcoreapp" className="xUnitTestProject.CurrencyHelperTests" name="FormatToStringTest1000" />
    </UnitTest>
    <UnitTest name="xUnitTestProject.CurrencyHelperTests.FormatToStringTest1000(price: 11829.625994884234, expected: &quot;11829.63 zł&quot;)" storage="c:\projekty\xunittestproject\bin\debug\netcoreapp3.1\xunittestproject.dll" id="979704d6-636b-33ea-e33f-cc67613aefb0">
      <Execution id="2080ee2e-ff27-4066-a779-c9ac916d4b72" />
      <TestMethod codeBase="C:\Projekty\xUnitTestProject\bin\Debug\netcoreapp3.1\xUnitTestProject.dll" adapterTypeName="executor://xunit/VsTestRunner2/netcoreapp" className="xUnitTestProject.CurrencyHelperTests" name="FormatToStringTest1000" />
    </UnitTest>
    <UnitTest name="xUnitTestProject.CurrencyHelperTests.FormatToStringTest1000(price: 6146.91236741278, expected: &quot;6146.91 zł&quot;)" storage="c:\projekty\xunittestproject\bin\debug\netcoreapp3.1\xunittestproject.dll" id="2155bccb-482b-2346-834b-1eb7ea617ead">
      <Execution id="c2775c2d-8011-4986-97d9-2cdca6a38e19" />
      <TestMethod codeBase="C:\Projekty\xUnitTestProject\bin\Debug\netcoreapp3.1\xUnitTestProject.dll" adapterTypeName="executor://xunit/VsTestRunner2/netcoreapp" className="xUnitTestProject.CurrencyHelperTests" name="FormatToStringTest1000" />
    </UnitTest>
    <UnitTest name="xUnitTestProject.CurrencyHelperTests.FormatToStringTest1000(price: 50507.0104155615, expected: &quot;50507.01 zł&quot;)" storage="c:\projekty\xunittestproject\bin\debug\netcoreapp3.1\xunittestproject.dll" id="c0cf2cb3-44c7-373b-4b04-bf5ce7678b68">
      <Execution id="806093ff-c46e-4d37-ad34-d3bff4a42410" />
      <TestMethod codeBase="C:\Projekty\xUnitTestProject\bin\Debug\netcoreapp3.1\xUnitTestProject.dll" adapterTypeName="executor://xunit/VsTestRunner2/netcoreapp" className="xUnitTestProject.CurrencyHelperTests" name="FormatToStringTest1000" />
    </UnitTest>
    <UnitTest name="xUnitTestProject.CurrencyHelperTests.FormatToStringTest1000(price: 12221.10494323592, expected: &quot;12221.10 zł&quot;)" storage="c:\projekty\xunittestproject\bin\debug\netcoreapp3.1\xunittestproject.dll" id="eb81fa5f-83e5-54db-0bb8-c928bd6f40f1">
      <Execution id="b4333b6e-c069-4943-8be9-efcf654f5b0e" />
      <TestMethod codeBase="C:\Projekty\xUnitTestProject\bin\Debug\netcoreapp3.1\xUnitTestProject.dll" adapterTypeName="executor://xunit/VsTestRunner2/netcoreapp" className="xUnitTestProject.CurrencyHelperTests" name="FormatToStringTest1000" />
    </UnitTest>
    <UnitTest name="xUnitTestProject.CurrencyHelperTests.FormatToStringTest1000(price: 159.83786031922224, expected: &quot;159.84 zł&quot;)" storage="c:\projekty\xunittestproject\bin\debug\netcoreapp3.1\xunittestproject.dll" id="3fe65711-0b55-7192-8237-90b45a462066">
      <Execution id="d1d45755-aa9b-4b25-b902-2bbbfad95a6f" />
      <TestMethod codeBase="C:\Projekty\xUnitTestProject\bin\Debug\netcoreapp3.1\xUnitTestProject.dll" adapterTypeName="executor://xunit/VsTestRunner2/netcoreapp" className="xUnitTestProject.CurrencyHelperTests" name="FormatToStringTest1000" />
    </UnitTest>
    <UnitTest name="xUnitTestProject.CurrencyHelperTests.FormatToStringTest1000(price: 55030.929183896136, expected: &quot;55030.93 zł&quot;)" storage="c:\projekty\xunittestproject\bin\debug\netcoreapp3.1\xunittestproject.dll" id="8a663fa2-76ee-caf2-967f-999f9c7a5bb3">
      <Execution id="cf4ad276-b087-4905-a02c-0f6d858f44e2" />
      <TestMethod codeBase="C:\Projekty\xUnitTestProject\bin\Debug\netcoreapp3.1\xUnitTestProject.dll" adapterTypeName="executor://xunit/VsTestRunner2/netcoreapp" className="xUnitTestProject.CurrencyHelperTests" name="FormatToStringTest1000" />
    </UnitTest>
    <UnitTest name="xUnitTestProject.CurrencyHelperTests.FormatToStringTest1000(price: 49256.65708813195, expected: &quot;49256.66 zł&quot;)" storage="c:\projekty\xunittestproject\bin\debug\netcoreapp3.1\xunittestproject.dll" id="53a23bf0-6e98-cb61-d489-afed97d56bcf">
      <Execution id="c6cf9208-f45a-419c-a77d-f6352090b8be" />
      <TestMethod codeBase="C:\Projekty\xUnitTestProject\bin\Debug\netcoreapp3.1\xUnitTestProject.dll" adapterTypeName="executor://xunit/VsTestRunner2/netcoreapp" className="xUnitTestProject.CurrencyHelperTests" name="FormatToStringTest1000" />
    </UnitTest>
    <UnitTest name="xUnitTestProject.CurrencyHelperTests.FormatToStringTest1000(price: 37561.969571757116, expected: &quot;37561.97 zł&quot;)" storage="c:\projekty\xunittestproject\bin\debug\netcoreapp3.1\xunittestproject.dll" id="c6af2688-b6d7-1499-ef57-908aefcce6dc">
      <Execution id="37555e69-f89d-49f7-a799-320f9f220b0b" />
      <TestMethod codeBase="C:\Projekty\xUnitTestProject\bin\Debug\netcoreapp3.1\xUnitTestProject.dll" adapterTypeName="executor://xunit/VsTestRunner2/netcoreapp" className="xUnitTestProject.CurrencyHelperTests" name="FormatToStringTest1000" />
    </UnitTest>
    <UnitTest name="xUnitTestProject.CurrencyHelperTests.FormatToStringTest1000(price: 22459.530444447664, expected: &quot;22459.53 zł&quot;)" storage="c:\projekty\xunittestproject\bin\debug\netcoreapp3.1\xunittestproject.dll" id="2ff6532c-932c-742b-a63d-f74c12776c60">
      <Execution id="ac992fcb-cd57-4e09-a7fa-910ef06583f6" />
      <TestMethod codeBase="C:\Projekty\xUnitTestProject\bin\Debug\netcoreapp3.1\xUnitTestProject.dll" adapterTypeName="executor://xunit/VsTestRunner2/netcoreapp" className="xUnitTestProject.CurrencyHelperTests" name="FormatToStringTest1000" />
    </UnitTest>
    <UnitTest name="xUnitTestProject.CurrencyHelperTests.FormatToStringTest1000(price: 16282.687804925576, expected: &quot;16282.69 zł&quot;)" storage="c:\projekty\xunittestproject\bin\debug\netcoreapp3.1\xunittestproject.dll" id="ae81390e-96a7-cf30-3a99-7ea7ca8436a2">
      <Execution id="21313a3c-e93f-4167-b8d7-5fc7c582df04" />
      <TestMethod codeBase="C:\Projekty\xUnitTestProject\bin\Debug\netcoreapp3.1\xUnitTestProject.dll" adapterTypeName="executor://xunit/VsTestRunner2/netcoreapp" className="xUnitTestProject.CurrencyHelperTests" name="FormatToStringTest1000" />
    </UnitTest>
    <UnitTest name="xUnitTestProject.CurrencyHelperTests.FormatToStringTest1000(price: 28192.949128067565, expected: &quot;28192.95 zł&quot;)" storage="c:\projekty\xunittestproject\bin\debug\netcoreapp3.1\xunittestproject.dll" id="c85737d8-c8f4-a23c-9c62-4ed60400843c">
      <Execution id="1a454e7e-cd0e-4dc5-b477-00108e4a49c7" />
      <TestMethod codeBase="C:\Projekty\xUnitTestProject\bin\Debug\netcoreapp3.1\xUnitTestProject.dll" adapterTypeName="executor://xunit/VsTestRunner2/netcoreapp" className="xUnitTestProject.CurrencyHelperTests" name="FormatToStringTest1000" />
    </UnitTest>
    <UnitTest name="xUnitTestProject.CurrencyHelperTests.FormatToStringTest1000(price: 8211.920994553679, expected: &quot;8211.92 zł&quot;)" storage="c:\projekty\xunittestproject\bin\debug\netcoreapp3.1\xunittestproject.dll" id="055fec57-4e1c-11c8-a858-911643af23bd">
      <Execution id="d3920af0-0348-4e83-ad27-e2bc56fd228a" />
      <TestMethod codeBase="C:\Projekty\xUnitTestProject\bin\Debug\netcoreapp3.1\xUnitTestProject.dll" adapterTypeName="executor://xunit/VsTestRunner2/netcoreapp" className="xUnitTestProject.CurrencyHelperTests" name="FormatToStringTest1000" />
    </UnitTest>
    <UnitTest name="xUnitTestProject.CurrencyHelperTests.FormatToStringTest1000(price: 55303.17220895699, expected: &quot;55303.17 zł&quot;)" storage="c:\projekty\xunittestproject\bin\debug\netcoreapp3.1\xunittestproject.dll" id="650f8125-7e62-0be3-dcfc-dc1202eb9625">
      <Execution id="272aeea4-15cc-42ec-965b-b7fd7b5f81fa" />
      <TestMethod codeBase="C:\Projekty\xUnitTestProject\bin\Debug\netcoreapp3.1\xUnitTestProject.dll" adapterTypeName="executor://xunit/VsTestRunner2/netcoreapp" className="xUnitTestProject.CurrencyHelperTests" name="FormatToStringTest1000" />
    </UnitTest>
    <UnitTest name="xUnitTestProject.CurrencyHelperTests.FormatToStringTest1000(price: 4636.500544966897, expected: &quot;4636.50 zł&quot;)" storage="c:\projekty\xunittestproject\bin\debug\netcoreapp3.1\xunittestproject.dll" id="af73f199-441a-68ae-4898-efc1663c19b9">
      <Execution id="8d6c946d-a1f5-439b-8937-09c45912c7c7" />
      <TestMethod codeBase="C:\Projekty\xUnitTestProject\bin\Debug\netcoreapp3.1\xUnitTestProject.dll" adapterTypeName="executor://xunit/VsTestRunner2/netcoreapp" className="xUnitTestProject.CurrencyHelperTests" name="FormatToStringTest1000" />
    </UnitTest>
    <UnitTest name="xUnitTestProject.CurrencyHelperTests.FormatToStringTest1000(price: 51300.77891898145, expected: &quot;51300.78 zł&quot;)" storage="c:\projekty\xunittestproject\bin\debug\netcoreapp3.1\xunittestproject.dll" id="1dd0f7bb-be41-1080-f53b-d32cb9d53ae0">
      <Execution id="e26ce9a9-e92d-43dc-8aed-dc8d7f1bccda" />
      <TestMethod codeBase="C:\Projekty\xUnitTestProject\bin\Debug\netcoreapp3.1\xUnitTestProject.dll" adapterTypeName="executor://xunit/VsTestRunner2/netcoreapp" className="xUnitTestProject.CurrencyHelperTests" name="FormatToStringTest1000" />
    </UnitTest>
    <UnitTest name="xUnitTestProject.CurrencyHelperTests.FormatToStringTest1000(price: 18627.604896394354, expected: &quot;18627.60 zł&quot;)" storage="c:\projekty\xunittestproject\bin\debug\netcoreapp3.1\xunittestproject.dll" id="9c810ece-be18-f9ed-3cc8-f43cbbe8d789">
      <Execution id="468b6c3c-aed8-46d9-afe8-ad30f20256da" />
      <TestMethod codeBase="C:\Projekty\xUnitTestProject\bin\Debug\netcoreapp3.1\xUnitTestProject.dll" adapterTypeName="executor://xunit/VsTestRunner2/netcoreapp" className="xUnitTestProject.CurrencyHelperTests" name="FormatToStringTest1000" />
    </UnitTest>
    <UnitTest name="xUnitTestProject.CurrencyHelperTests.FormatToStringTest1000(price: 6352.983758103561, expected: &quot;6352.98 zł&quot;)" storage="c:\projekty\xunittestproject\bin\debug\netcoreapp3.1\xunittestproject.dll" id="a815ca81-3cc8-5bb5-3df9-88bef0e0f650">
      <Execution id="a5eab373-7962-43ea-bea4-93db1fa43aef" />
      <TestMethod codeBase="C:\Projekty\xUnitTestProject\bin\Debug\netcoreapp3.1\xUnitTestProject.dll" adapterTypeName="executor://xunit/VsTestRunner2/netcoreapp" className="xUnitTestProject.CurrencyHelperTests" name="FormatToStringTest1000" />
    </UnitTest>
    <UnitTest name="xUnitTestProject.CurrencyHelperTests.FormatToStringTest1000(price: 11871.427211910219, expected: &quot;11871.43 zł&quot;)" storage="c:\projekty\xunittestproject\bin\debug\netcoreapp3.1\xunittestproject.dll" id="cb98657e-ea81-1d6a-4868-0d493c1098f6">
      <Execution id="eb3b2d93-5057-45dc-b7da-6977f2bb4fc0" />
      <TestMethod codeBase="C:\Projekty\xUnitTestProject\bin\Debug\netcoreapp3.1\xUnitTestProject.dll" adapterTypeName="executor://xunit/VsTestRunner2/netcoreapp" className="xUnitTestProject.CurrencyHelperTests" name="FormatToStringTest1000" />
    </UnitTest>
    <UnitTest name="xUnitTestProject.CurrencyHelperTests.FormatToStringTest1000(price: 10914.360814625099, expected: &quot;10914.36 zł&quot;)" storage="c:\projekty\xunittestproject\bin\debug\netcoreapp3.1\xunittestproject.dll" id="fbdffebc-5b1f-3fc0-8f3a-0ed85a2faf6a">
      <Execution id="9d2dc199-a7ce-4b8e-b2ee-05e2ab1324d3" />
      <TestMethod codeBase="C:\Projekty\xUnitTestProject\bin\Debug\netcoreapp3.1\xUnitTestProject.dll" adapterTypeName="executor://xunit/VsTestRunner2/netcoreapp" className="xUnitTestProject.CurrencyHelperTests" name="FormatToStringTest1000" />
    </UnitTest>
    <UnitTest name="xUnitTestProject.CurrencyHelperTests.FormatToStringTest1000(price: 743.047944508981, expected: &quot;743.05 zł&quot;)" storage="c:\projekty\xunittestproject\bin\debug\netcoreapp3.1\xunittestproject.dll" id="5c64f629-e66f-8e20-9c2d-0a7cb867d56d">
      <Execution id="dd17fd5b-1eb0-48ac-a65b-344f501af4aa" />
      <TestMethod codeBase="C:\Projekty\xUnitTestProject\bin\Debug\netcoreapp3.1\xUnitTestProject.dll" adapterTypeName="executor://xunit/VsTestRunner2/netcoreapp" className="xUnitTestProject.CurrencyHelperTests" name="FormatToStringTest1000" />
    </UnitTest>
    <UnitTest name="xUnitTestProject.CurrencyHelperTests.FormatToStringTest1000(price: 7975.276658828965, expected: &quot;7975.28 zł&quot;)" storage="c:\projekty\xunittestproject\bin\debug\netcoreapp3.1\xunittestproject.dll" id="1f1eef69-3a21-cd3d-3a5f-46efeda6ab38">
      <Execution id="cb44f3f4-4dc8-498a-8642-7dfecdd9fe04" />
      <TestMethod codeBase="C:\Projekty\xUnitTestProject\bin\Debug\netcoreapp3.1\xUnitTestProject.dll" adapterTypeName="executor://xunit/VsTestRunner2/netcoreapp" className="xUnitTestProject.CurrencyHelperTests" name="FormatToStringTest1000" />
    </UnitTest>
    <UnitTest name="xUnitTestProject.CurrencyHelperTests.FormatToStringTest1000(price: 3131.5022711732904, expected: &quot;3131.50 zł&quot;)" storage="c:\projekty\xunittestproject\bin\debug\netcoreapp3.1\xunittestproject.dll" id="0875efbb-c25e-506a-0639-785cadf1bec9">
      <Execution id="89274f41-f7d0-4ef1-bbb5-2ee714f0633e" />
      <TestMethod codeBase="C:\Projekty\xUnitTestProject\bin\Debug\netcoreapp3.1\xUnitTestProject.dll" adapterTypeName="executor://xunit/VsTestRunner2/netcoreapp" className="xUnitTestProject.CurrencyHelperTests" name="FormatToStringTest1000" />
    </UnitTest>
    <UnitTest name="xUnitTestProject.CurrencyHelperTests.FormatToStringTest1000(price: 36969.98585167247, expected: &quot;36969.99 zł&quot;)" storage="c:\projekty\xunittestproject\bin\debug\netcoreapp3.1\xunittestproject.dll" id="b093b261-89e9-1453-0b15-6960031e6c14">
      <Execution id="8d4602ef-93a0-442c-bf91-07baaf3dd238" />
      <TestMethod codeBase="C:\Projekty\xUnitTestProject\bin\Debug\netcoreapp3.1\xUnitTestProject.dll" adapterTypeName="executor://xunit/VsTestRunner2/netcoreapp" className="xUnitTestProject.CurrencyHelperTests" name="FormatToStringTest1000" />
    </UnitTest>
    <UnitTest name="xUnitTestProject.CurrencyHelperTests.FormatToStringTest1000(price: 54304.07738935393, expected: &quot;54304.08 zł&quot;)" storage="c:\projekty\xunittestproject\bin\debug\netcoreapp3.1\xunittestproject.dll" id="6df0d294-6a13-f132-5a30-674e429b0930">
      <Execution id="a69f2074-63e4-4880-a39f-01916affcd10" />
      <TestMethod codeBase="C:\Projekty\xUnitTestProject\bin\Debug\netcoreapp3.1\xUnitTestProject.dll" adapterTypeName="executor://xunit/VsTestRunner2/netcoreapp" className="xUnitTestProject.CurrencyHelperTests" name="FormatToStringTest1000" />
    </UnitTest>
    <UnitTest name="xUnitTestProject.CurrencyHelperTests.FormatToStringTest1000(price: 46166.38051381259, expected: &quot;46166.38 zł&quot;)" storage="c:\projekty\xunittestproject\bin\debug\netcoreapp3.1\xunittestproject.dll" id="14379ebb-9dd5-379e-3072-3bfd6770d049">
      <Execution id="d521cd5c-fbd8-461d-b2b3-3e7bbc7d2d1c" />
      <TestMethod codeBase="C:\Projekty\xUnitTestProject\bin\Debug\netcoreapp3.1\xUnitTestProject.dll" adapterTypeName="executor://xunit/VsTestRunner2/netcoreapp" className="xUnitTestProject.CurrencyHelperTests" name="FormatToStringTest1000" />
    </UnitTest>
    <UnitTest name="xUnitTestProject.CurrencyHelperTests.FormatToStringTest1000(price: 39178.05988345298, expected: &quot;39178.06 zł&quot;)" storage="c:\projekty\xunittestproject\bin\debug\netcoreapp3.1\xunittestproject.dll" id="9e735874-97ea-8ca0-11c8-94ac42e81acc">
      <Execution id="26bd8061-4dd6-4dcb-a1da-6629c6a6b004" />
      <TestMethod codeBase="C:\Projekty\xUnitTestProject\bin\Debug\netcoreapp3.1\xUnitTestProject.dll" adapterTypeName="executor://xunit/VsTestRunner2/netcoreapp" className="xUnitTestProject.CurrencyHelperTests" name="FormatToStringTest1000" />
    </UnitTest>
    <UnitTest name="xUnitTestProject.CurrencyHelperTests.FormatToStringTest1000(price: 96.75594581512546, expected: &quot;96.76 zł&quot;)" storage="c:\projekty\xunittestproject\bin\debug\netcoreapp3.1\xunittestproject.dll" id="241187d4-ddc3-99e8-1041-3b3411c6c907">
      <Execution id="10626ea8-5764-4eeb-88ba-5942ed714f20" />
      <TestMethod codeBase="C:\Projekty\xUnitTestProject\bin\Debug\netcoreapp3.1\xUnitTestProject.dll" adapterTypeName="executor://xunit/VsTestRunner2/netcoreapp" className="xUnitTestProject.CurrencyHelperTests" name="FormatToStringTest1000" />
    </UnitTest>
    <UnitTest name="xUnitTestProject.CurrencyHelperTests.FormatToStringTest1000(price: 72905.64834432845, expected: &quot;72905.65 zł&quot;)" storage="c:\projekty\xunittestproject\bin\debug\netcoreapp3.1\xunittestproject.dll" id="d99ced1b-9ef8-b735-4a70-4562dc79a9d0">
      <Execution id="35bf896e-d692-4668-bd8a-648ae3a48f91" />
      <TestMethod codeBase="C:\Projekty\xUnitTestProject\bin\Debug\netcoreapp3.1\xUnitTestProject.dll" adapterTypeName="executor://xunit/VsTestRunner2/netcoreapp" className="xUnitTestProject.CurrencyHelperTests" name="FormatToStringTest1000" />
    </UnitTest>
    <UnitTest name="xUnitTestProject.CurrencyHelperTests.FormatToStringTest1000(price: 22248.263319677797, expected: &quot;22248.26 zł&quot;)" storage="c:\projekty\xunittestproject\bin\debug\netcoreapp3.1\xunittestproject.dll" id="33ba7c37-d825-e74e-e294-1a6f561fb224">
      <Execution id="de30dc00-9e70-4f8e-82f0-3c3e3da0a460" />
      <TestMethod codeBase="C:\Projekty\xUnitTestProject\bin\Debug\netcoreapp3.1\xUnitTestProject.dll" adapterTypeName="executor://xunit/VsTestRunner2/netcoreapp" className="xUnitTestProject.CurrencyHelperTests" name="FormatToStringTest1000" />
    </UnitTest>
    <UnitTest name="xUnitTestProject.CurrencyHelperTests.FormatToStringTest1000(price: 26215.613055301183, expected: &quot;26215.61 zł&quot;)" storage="c:\projekty\xunittestproject\bin\debug\netcoreapp3.1\xunittestproject.dll" id="4753ba69-a929-b55c-7853-51519ca51301">
      <Execution id="6abafb16-9b15-400f-aced-e9b08b470f5b" />
      <TestMethod codeBase="C:\Projekty\xUnitTestProject\bin\Debug\netcoreapp3.1\xUnitTestProject.dll" adapterTypeName="executor://xunit/VsTestRunner2/netcoreapp" className="xUnitTestProject.CurrencyHelperTests" name="FormatToStringTest1000" />
    </UnitTest>
    <UnitTest name="xUnitTestProject.CurrencyHelperTests.FormatToStringTest1000(price: 96022.24851977557, expected: &quot;96022.25 zł&quot;)" storage="c:\projekty\xunittestproject\bin\debug\netcoreapp3.1\xunittestproject.dll" id="c5e43cdb-d4c3-3c40-9593-aad9b5ca8f95">
      <Execution id="4236ba58-fbb7-48b9-a9f8-19c1762a4e17" />
      <TestMethod codeBase="C:\Projekty\xUnitTestProject\bin\Debug\netcoreapp3.1\xUnitTestProject.dll" adapterTypeName="executor://xunit/VsTestRunner2/netcoreapp" className="xUnitTestProject.CurrencyHelperTests" name="FormatToStringTest1000" />
    </UnitTest>
    <UnitTest name="xUnitTestProject.CurrencyHelperTests.FormatToStringTest1000(price: 9754.291367935619, expected: &quot;9754.29 zł&quot;)" storage="c:\projekty\xunittestproject\bin\debug\netcoreapp3.1\xunittestproject.dll" id="bc7abd1f-cc07-f32a-8331-b644dd93f120">
      <Execution id="014765d5-b932-4b72-9b6b-cb43dbf076c7" />
      <TestMethod codeBase="C:\Projekty\xUnitTestProject\bin\Debug\netcoreapp3.1\xUnitTestProject.dll" adapterTypeName="executor://xunit/VsTestRunner2/netcoreapp" className="xUnitTestProject.CurrencyHelperTests" name="FormatToStringTest1000" />
    </UnitTest>
    <UnitTest name="xUnitTestProject.CurrencyHelperTests.FormatToStringTest1000(price: 18424.864078561244, expected: &quot;18424.86 zł&quot;)" storage="c:\projekty\xunittestproject\bin\debug\netcoreapp3.1\xunittestproject.dll" id="0eb2cf4b-202a-2f21-374f-50b4b3adc607">
      <Execution id="435af1ae-9a05-4b0e-ba67-bac7d481e59f" />
      <TestMethod codeBase="C:\Projekty\xUnitTestProject\bin\Debug\netcoreapp3.1\xUnitTestProject.dll" adapterTypeName="executor://xunit/VsTestRunner2/netcoreapp" className="xUnitTestProject.CurrencyHelperTests" name="FormatToStringTest1000" />
    </UnitTest>
    <UnitTest name="xUnitTestProject.CurrencyHelperTests.FormatToStringTest1000(price: 10661.19584154207, expected: &quot;10661.20 zł&quot;)" storage="c:\projekty\xunittestproject\bin\debug\netcoreapp3.1\xunittestproject.dll" id="bc63b05b-4f30-8c10-7b75-77e26fb38256">
      <Execution id="29bcf01a-fe89-4f54-adf7-b112a7c5c95e" />
      <TestMethod codeBase="C:\Projekty\xUnitTestProject\bin\Debug\netcoreapp3.1\xUnitTestProject.dll" adapterTypeName="executor://xunit/VsTestRunner2/netcoreapp" className="xUnitTestProject.CurrencyHelperTests" name="FormatToStringTest1000" />
    </UnitTest>
    <UnitTest name="xUnitTestProject.CurrencyHelperTests.FormatToStringTest1000(price: 3477.860963622509, expected: &quot;3477.86 zł&quot;)" storage="c:\projekty\xunittestproject\bin\debug\netcoreapp3.1\xunittestproject.dll" id="3b31ccce-844d-e8f4-84db-04ab2e64b9a7">
      <Execution id="375674ee-29b3-48f2-97cd-1c4e577de95d" />
      <TestMethod codeBase="C:\Projekty\xUnitTestProject\bin\Debug\netcoreapp3.1\xUnitTestProject.dll" adapterTypeName="executor://xunit/VsTestRunner2/netcoreapp" className="xUnitTestProject.CurrencyHelperTests" name="FormatToStringTest1000" />
    </UnitTest>
    <UnitTest name="xUnitTestProject.CurrencyHelperTests.FormatToStringTest1000(price: 12831.146874380833, expected: &quot;12831.15 zł&quot;)" storage="c:\projekty\xunittestproject\bin\debug\netcoreapp3.1\xunittestproject.dll" id="1ff2656a-0300-1f06-36b0-2fc677b4ea69">
      <Execution id="d47dd311-f05e-494a-8f0d-d2b23412ec19" />
      <TestMethod codeBase="C:\Projekty\xUnitTestProject\bin\Debug\netcoreapp3.1\xUnitTestProject.dll" adapterTypeName="executor://xunit/VsTestRunner2/netcoreapp" className="xUnitTestProject.CurrencyHelperTests" name="FormatToStringTest1000" />
    </UnitTest>
    <UnitTest name="xUnitTestProject.CurrencyHelperTests.FormatToStringTest1000(price: 7951.322730072458, expected: &quot;7951.32 zł&quot;)" storage="c:\projekty\xunittestproject\bin\debug\netcoreapp3.1\xunittestproject.dll" id="5c121ce3-0aab-ab5b-cce0-b7a13bf9bb3a">
      <Execution id="88d612ad-c23d-47f2-a29b-0e36b19bb4ad" />
      <TestMethod codeBase="C:\Projekty\xUnitTestProject\bin\Debug\netcoreapp3.1\xUnitTestProject.dll" adapterTypeName="executor://xunit/VsTestRunner2/netcoreapp" className="xUnitTestProject.CurrencyHelperTests" name="FormatToStringTest1000" />
    </UnitTest>
    <UnitTest name="xUnitTestProject.CurrencyHelperTests.FormatToStringTest1000(price: 17845.255864087147, expected: &quot;17845.26 zł&quot;)" storage="c:\projekty\xunittestproject\bin\debug\netcoreapp3.1\xunittestproject.dll" id="9e92a3ef-f628-77f3-597e-ab6211795c33">
      <Execution id="076715ae-6c25-4cb7-8cf4-ef105f5c78cb" />
      <TestMethod codeBase="C:\Projekty\xUnitTestProject\bin\Debug\netcoreapp3.1\xUnitTestProject.dll" adapterTypeName="executor://xunit/VsTestRunner2/netcoreapp" className="xUnitTestProject.CurrencyHelperTests" name="FormatToStringTest1000" />
    </UnitTest>
    <UnitTest name="xUnitTestProject.CurrencyHelperTests.FormatToStringTest1000(price: 15669.698889610218, expected: &quot;15669.70 zł&quot;)" storage="c:\projekty\xunittestproject\bin\debug\netcoreapp3.1\xunittestproject.dll" id="5ecde283-9d6a-9ecb-81fe-93b9560f7b73">
      <Execution id="b097baf0-8859-4b74-bff7-c6daf70c4054" />
      <TestMethod codeBase="C:\Projekty\xUnitTestProject\bin\Debug\netcoreapp3.1\xUnitTestProject.dll" adapterTypeName="executor://xunit/VsTestRunner2/netcoreapp" className="xUnitTestProject.CurrencyHelperTests" name="FormatToStringTest1000" />
    </UnitTest>
    <UnitTest name="xUnitTestProject.CurrencyHelperTests.FormatToStringTest1000(price: 5628.028273674672, expected: &quot;5628.03 zł&quot;)" storage="c:\projekty\xunittestproject\bin\debug\netcoreapp3.1\xunittestproject.dll" id="ff088bf9-c4c9-daf8-12f7-40d9669dd362">
      <Execution id="8349ff57-dc66-4dfe-af82-66205d7afa4d" />
      <TestMethod codeBase="C:\Projekty\xUnitTestProject\bin\Debug\netcoreapp3.1\xUnitTestProject.dll" adapterTypeName="executor://xunit/VsTestRunner2/netcoreapp" className="xUnitTestProject.CurrencyHelperTests" name="FormatToStringTest1000" />
    </UnitTest>
    <UnitTest name="xUnitTestProject.CurrencyHelperTests.FormatToStringTest1000(price: 238.1379397484185, expected: &quot;238.14 zł&quot;)" storage="c:\projekty\xunittestproject\bin\debug\netcoreapp3.1\xunittestproject.dll" id="c7c04760-2233-4819-4eb3-2daf180edff4">
      <Execution id="b1930cfa-3c51-43ee-bf34-140b13ad4e72" />
      <TestMethod codeBase="C:\Projekty\xUnitTestProject\bin\Debug\netcoreapp3.1\xUnitTestProject.dll" adapterTypeName="executor://xunit/VsTestRunner2/netcoreapp" className="xUnitTestProject.CurrencyHelperTests" name="FormatToStringTest1000" />
    </UnitTest>
    <UnitTest name="xUnitTestProject.CurrencyHelperTests.FormatToStringTest1000(price: 1208.1827589441941, expected: &quot;1208.18 zł&quot;)" storage="c:\projekty\xunittestproject\bin\debug\netcoreapp3.1\xunittestproject.dll" id="814e8347-0675-e46f-9f33-cc6368c1ff3d">
      <Execution id="9f6a4247-3160-455a-8fdb-00ebd39fa97b" />
      <TestMethod codeBase="C:\Projekty\xUnitTestProject\bin\Debug\netcoreapp3.1\xUnitTestProject.dll" adapterTypeName="executor://xunit/VsTestRunner2/netcoreapp" className="xUnitTestProject.CurrencyHelperTests" name="FormatToStringTest1000" />
    </UnitTest>
    <UnitTest name="xUnitTestProject.CurrencyHelperTests.FormatToStringTest1000(price: 1741.3334432818617, expected: &quot;1741.33 zł&quot;)" storage="c:\projekty\xunittestproject\bin\debug\netcoreapp3.1\xunittestproject.dll" id="8027e5d6-d435-5a0d-d99c-2d9218dccb7e">
      <Execution id="be4ba767-ab7f-4d75-9454-d9e0b91fc24d" />
      <TestMethod codeBase="C:\Projekty\xUnitTestProject\bin\Debug\netcoreapp3.1\xUnitTestProject.dll" adapterTypeName="executor://xunit/VsTestRunner2/netcoreapp" className="xUnitTestProject.CurrencyHelperTests" name="FormatToStringTest1000" />
    </UnitTest>
    <UnitTest name="xUnitTestProject.CurrencyHelperTests.FormatToStringTest1000(price: 1482.3501845832682, expected: &quot;1482.35 zł&quot;)" storage="c:\projekty\xunittestproject\bin\debug\netcoreapp3.1\xunittestproject.dll" id="4e988653-eb1d-5757-a9c9-94e533451c54">
      <Execution id="c2d5bd83-54b5-42f0-b152-d9ef20769b91" />
      <TestMethod codeBase="C:\Projekty\xUnitTestProject\bin\Debug\netcoreapp3.1\xUnitTestProject.dll" adapterTypeName="executor://xunit/VsTestRunner2/netcoreapp" className="xUnitTestProject.CurrencyHelperTests" name="FormatToStringTest1000" />
    </UnitTest>
    <UnitTest name="xUnitTestProject.CurrencyHelperTests.FormatToStringTest1000(price: 28992.38363400166, expected: &quot;28992.38 zł&quot;)" storage="c:\projekty\xunittestproject\bin\debug\netcoreapp3.1\xunittestproject.dll" id="a735bc53-5ccf-d2d2-51e4-40be87eec2ab">
      <Execution id="fd51e7b2-5b0e-4095-b900-1c73751349e6" />
      <TestMethod codeBase="C:\Projekty\xUnitTestProject\bin\Debug\netcoreapp3.1\xUnitTestProject.dll" adapterTypeName="executor://xunit/VsTestRunner2/netcoreapp" className="xUnitTestProject.CurrencyHelperTests" name="FormatToStringTest1000" />
    </UnitTest>
    <UnitTest name="xUnitTestProject.CurrencyHelperTests.FormatToStringTest1000(price: 13092.45389243609, expected: &quot;13092.45 zł&quot;)" storage="c:\projekty\xunittestproject\bin\debug\netcoreapp3.1\xunittestproject.dll" id="0f785118-4101-2fda-f887-c7a86673e736">
      <Execution id="fd362a44-5ad7-4606-843b-7e7996483243" />
      <TestMethod codeBase="C:\Projekty\xUnitTestProject\bin\Debug\netcoreapp3.1\xUnitTestProject.dll" adapterTypeName="executor://xunit/VsTestRunner2/netcoreapp" className="xUnitTestProject.CurrencyHelperTests" name="FormatToStringTest1000" />
    </UnitTest>
    <UnitTest name="xUnitTestProject.CurrencyHelperTests.FormatToStringTest1000(price: 40035.54711080787, expected: &quot;40035.55 zł&quot;)" storage="c:\projekty\xunittestproject\bin\debug\netcoreapp3.1\xunittestproject.dll" id="45e7282a-ab42-966d-c9cc-b039211e5621">
      <Execution id="f91a22af-e414-4f9c-8049-4648a6904fb0" />
      <TestMethod codeBase="C:\Projekty\xUnitTestProject\bin\Debug\netcoreapp3.1\xUnitTestProject.dll" adapterTypeName="executor://xunit/VsTestRunner2/netcoreapp" className="xUnitTestProject.CurrencyHelperTests" name="FormatToStringTest1000" />
    </UnitTest>
    <UnitTest name="xUnitTestProject.CurrencyHelperTests.FormatToStringTest1000(price: 25135.10315489727, expected: &quot;25135.10 zł&quot;)" storage="c:\projekty\xunittestproject\bin\debug\netcoreapp3.1\xunittestproject.dll" id="8ba27476-b54b-3c26-c478-bb1e87cb663c">
      <Execution id="27ae5884-a549-40d4-9ea3-b93da38cdc6c" />
      <TestMethod codeBase="C:\Projekty\xUnitTestProject\bin\Debug\netcoreapp3.1\xUnitTestProject.dll" adapterTypeName="executor://xunit/VsTestRunner2/netcoreapp" className="xUnitTestProject.CurrencyHelperTests" name="FormatToStringTest1000" />
    </UnitTest>
    <UnitTest name="xUnitTestProject.CurrencyHelperTests.FormatToStringTest1000(price: 15861.139287455073, expected: &quot;15861.14 zł&quot;)" storage="c:\projekty\xunittestproject\bin\debug\netcoreapp3.1\xunittestproject.dll" id="9be732dd-ee22-c2df-2aa3-eb082a5b0373">
      <Execution id="48daa26c-3c02-4ca6-84fc-0c66cd6a0881" />
      <TestMethod codeBase="C:\Projekty\xUnitTestProject\bin\Debug\netcoreapp3.1\xUnitTestProject.dll" adapterTypeName="executor://xunit/VsTestRunner2/netcoreapp" className="xUnitTestProject.CurrencyHelperTests" name="FormatToStringTest1000" />
    </UnitTest>
    <UnitTest name="xUnitTestProject.CurrencyHelperTests.FormatToStringTest1000(price: 1073.195098933389, expected: &quot;1073.20 zł&quot;)" storage="c:\projekty\xunittestproject\bin\debug\netcoreapp3.1\xunittestproject.dll" id="45c93144-7308-3312-8730-30e05720d551">
      <Execution id="3762bc28-9a9e-4cfc-8b83-239363b76703" />
      <TestMethod codeBase="C:\Projekty\xUnitTestProject\bin\Debug\netcoreapp3.1\xUnitTestProject.dll" adapterTypeName="executor://xunit/VsTestRunner2/netcoreapp" className="xUnitTestProject.CurrencyHelperTests" name="FormatToStringTest1000" />
    </UnitTest>
    <UnitTest name="xUnitTestProject.CurrencyHelperTests.FormatToStringTest1000(price: 28583.827618148098, expected: &quot;28583.83 zł&quot;)" storage="c:\projekty\xunittestproject\bin\debug\netcoreapp3.1\xunittestproject.dll" id="020066de-5c14-b477-efe9-293da5e965f0">
      <Execution id="6094e8ca-2dd4-4d5d-9716-b7241252f78c" />
      <TestMethod codeBase="C:\Projekty\xUnitTestProject\bin\Debug\netcoreapp3.1\xUnitTestProject.dll" adapterTypeName="executor://xunit/VsTestRunner2/netcoreapp" className="xUnitTestProject.CurrencyHelperTests" name="FormatToStringTest1000" />
    </UnitTest>
    <UnitTest name="xUnitTestProject.CurrencyHelperTests.FormatToStringTest1000(price: 9765.54450809748, expected: &quot;9765.54 zł&quot;)" storage="c:\projekty\xunittestproject\bin\debug\netcoreapp3.1\xunittestproject.dll" id="3f3f2250-01f3-21dd-18d8-8a073a42cac3">
      <Execution id="d3e5daa6-d589-44a5-9772-817760f178f6" />
      <TestMethod codeBase="C:\Projekty\xUnitTestProject\bin\Debug\netcoreapp3.1\xUnitTestProject.dll" adapterTypeName="executor://xunit/VsTestRunner2/netcoreapp" className="xUnitTestProject.CurrencyHelperTests" name="FormatToStringTest1000" />
    </UnitTest>
    <UnitTest name="xUnitTestProject.CurrencyHelperTests.FormatToStringTest1000(price: 626.135364110179, expected: &quot;626.14 zł&quot;)" storage="c:\projekty\xunittestproject\bin\debug\netcoreapp3.1\xunittestproject.dll" id="369e9363-5592-8231-38fe-e3c32cfca4c4">
      <Execution id="e9f2333e-4b35-4e51-adbd-f8a133200457" />
      <TestMethod codeBase="C:\Projekty\xUnitTestProject\bin\Debug\netcoreapp3.1\xUnitTestProject.dll" adapterTypeName="executor://xunit/VsTestRunner2/netcoreapp" className="xUnitTestProject.CurrencyHelperTests" name="FormatToStringTest1000" />
    </UnitTest>
    <UnitTest name="xUnitTestProject.CurrencyHelperTests.FormatToStringTest1000(price: 10495.622655484185, expected: &quot;10495.62 zł&quot;)" storage="c:\projekty\xunittestproject\bin\debug\netcoreapp3.1\xunittestproject.dll" id="4608b597-f016-aaeb-6cec-43c6a698815f">
      <Execution id="1ebb19c0-d688-4a83-bacb-de98ee73d42d" />
      <TestMethod codeBase="C:\Projekty\xUnitTestProject\bin\Debug\netcoreapp3.1\xUnitTestProject.dll" adapterTypeName="executor://xunit/VsTestRunner2/netcoreapp" className="xUnitTestProject.CurrencyHelperTests" name="FormatToStringTest1000" />
    </UnitTest>
    <UnitTest name="xUnitTestProject.CurrencyHelperTests.FormatToStringTest1000(price: 286.92120604539343, expected: &quot;286.92 zł&quot;)" storage="c:\projekty\xunittestproject\bin\debug\netcoreapp3.1\xunittestproject.dll" id="83514fd2-fce2-f5cf-b4b1-7b2bd8509222">
      <Execution id="e8c845ae-0338-4f52-869b-d04d2e119375" />
      <TestMethod codeBase="C:\Projekty\xUnitTestProject\bin\Debug\netcoreapp3.1\xUnitTestProject.dll" adapterTypeName="executor://xunit/VsTestRunner2/netcoreapp" className="xUnitTestProject.CurrencyHelperTests" name="FormatToStringTest1000" />
    </UnitTest>
    <UnitTest name="xUnitTestProject.CurrencyHelperTests.FormatToStringTest1000(price: 22666.13578912995, expected: &quot;22666.14 zł&quot;)" storage="c:\projekty\xunittestproject\bin\debug\netcoreapp3.1\xunittestproject.dll" id="cff23f42-1941-5ae0-6937-50ea8e98f70a">
      <Execution id="0eb663db-8696-4e8e-97fa-829e588e73ba" />
      <TestMethod codeBase="C:\Projekty\xUnitTestProject\bin\Debug\netcoreapp3.1\xUnitTestProject.dll" adapterTypeName="executor://xunit/VsTestRunner2/netcoreapp" className="xUnitTestProject.CurrencyHelperTests" name="FormatToStringTest1000" />
    </UnitTest>
    <UnitTest name="xUnitTestProject.CurrencyHelperTests.FormatToStringTest1000(price: 12429.698213906819, expected: &quot;12429.70 zł&quot;)" storage="c:\projekty\xunittestproject\bin\debug\netcoreapp3.1\xunittestproject.dll" id="fe704e3e-6170-ffae-ef99-e24643abf4f9">
      <Execution id="06913ef1-f660-4283-9d32-9ff25b749f96" />
      <TestMethod codeBase="C:\Projekty\xUnitTestProject\bin\Debug\netcoreapp3.1\xUnitTestProject.dll" adapterTypeName="executor://xunit/VsTestRunner2/netcoreapp" className="xUnitTestProject.CurrencyHelperTests" name="FormatToStringTest1000" />
    </UnitTest>
    <UnitTest name="xUnitTestProject.CurrencyHelperTests.FormatToStringTest1000(price: 21281.64584727662, expected: &quot;21281.65 zł&quot;)" storage="c:\projekty\xunittestproject\bin\debug\netcoreapp3.1\xunittestproject.dll" id="80f5a640-ad10-06cf-9198-39d7a4c7c709">
      <Execution id="4d7e4812-bd55-4cf5-8e9a-2a077dd93b4f" />
      <TestMethod codeBase="C:\Projekty\xUnitTestProject\bin\Debug\netcoreapp3.1\xUnitTestProject.dll" adapterTypeName="executor://xunit/VsTestRunner2/netcoreapp" className="xUnitTestProject.CurrencyHelperTests" name="FormatToStringTest1000" />
    </UnitTest>
    <UnitTest name="xUnitTestProject.CurrencyHelperTests.FormatToStringTest1000(price: 6665.405372488035, expected: &quot;6665.41 zł&quot;)" storage="c:\projekty\xunittestproject\bin\debug\netcoreapp3.1\xunittestproject.dll" id="1b17bc60-8954-8c6a-08e7-e6fe2f215cc6">
      <Execution id="448099ea-f49f-45e7-9a3a-0a9e622f7158" />
      <TestMethod codeBase="C:\Projekty\xUnitTestProject\bin\Debug\netcoreapp3.1\xUnitTestProject.dll" adapterTypeName="executor://xunit/VsTestRunner2/netcoreapp" className="xUnitTestProject.CurrencyHelperTests" name="FormatToStringTest1000" />
    </UnitTest>
    <UnitTest name="xUnitTestProject.CurrencyHelperTests.FormatToStringTest1000(price: 26515.80237687929, expected: &quot;26515.80 zł&quot;)" storage="c:\projekty\xunittestproject\bin\debug\netcoreapp3.1\xunittestproject.dll" id="0a42a686-a011-6952-a95e-fae33dbe0b19">
      <Execution id="5d7f3cf7-5061-4fdf-9ed9-db5c55a68b5d" />
      <TestMethod codeBase="C:\Projekty\xUnitTestProject\bin\Debug\netcoreapp3.1\xUnitTestProject.dll" adapterTypeName="executor://xunit/VsTestRunner2/netcoreapp" className="xUnitTestProject.CurrencyHelperTests" name="FormatToStringTest1000" />
    </UnitTest>
    <UnitTest name="xUnitTestProject.CurrencyHelperTests.FormatToStringTest1000(price: 964.9678631783313, expected: &quot;964.97 zł&quot;)" storage="c:\projekty\xunittestproject\bin\debug\netcoreapp3.1\xunittestproject.dll" id="6741f227-11b2-eae5-6fc9-c96d18a30eb3">
      <Execution id="f557d0e7-554d-4d74-acf3-a1be5010f69e" />
      <TestMethod codeBase="C:\Projekty\xUnitTestProject\bin\Debug\netcoreapp3.1\xUnitTestProject.dll" adapterTypeName="executor://xunit/VsTestRunner2/netcoreapp" className="xUnitTestProject.CurrencyHelperTests" name="FormatToStringTest1000" />
    </UnitTest>
    <UnitTest name="xUnitTestProject.CurrencyHelperTests.FormatToStringTest1000(price: 32863.31705269558, expected: &quot;32863.32 zł&quot;)" storage="c:\projekty\xunittestproject\bin\debug\netcoreapp3.1\xunittestproject.dll" id="fb80c2cc-1ba4-25ca-1501-33134270fed0">
      <Execution id="5b2d349e-7a92-4afc-8127-25ad4bdea1a4" />
      <TestMethod codeBase="C:\Projekty\xUnitTestProject\bin\Debug\netcoreapp3.1\xUnitTestProject.dll" adapterTypeName="executor://xunit/VsTestRunner2/netcoreapp" className="xUnitTestProject.CurrencyHelperTests" name="FormatToStringTest1000" />
    </UnitTest>
    <UnitTest name="xUnitTestProject.CurrencyHelperTests.FormatToStringTest1000(price: 13844.577623300524, expected: &quot;13844.58 zł&quot;)" storage="c:\projekty\xunittestproject\bin\debug\netcoreapp3.1\xunittestproject.dll" id="2b440940-2efe-cdba-d4a2-2746340ee3bc">
      <Execution id="5b0fe63d-7b9b-4369-bdb7-13429b591e4d" />
      <TestMethod codeBase="C:\Projekty\xUnitTestProject\bin\Debug\netcoreapp3.1\xUnitTestProject.dll" adapterTypeName="executor://xunit/VsTestRunner2/netcoreapp" className="xUnitTestProject.CurrencyHelperTests" name="FormatToStringTest1000" />
    </UnitTest>
    <UnitTest name="xUnitTestProject.CurrencyHelperTests.FormatToStringTest1000(price: 1181.5773122979222, expected: &quot;1181.58 zł&quot;)" storage="c:\projekty\xunittestproject\bin\debug\netcoreapp3.1\xunittestproject.dll" id="c212e24b-1c29-9890-50c8-57d6096284d3">
      <Execution id="138a29fc-303d-4382-b5b9-a2616da5cb59" />
      <TestMethod codeBase="C:\Projekty\xUnitTestProject\bin\Debug\netcoreapp3.1\xUnitTestProject.dll" adapterTypeName="executor://xunit/VsTestRunner2/netcoreapp" className="xUnitTestProject.CurrencyHelperTests" name="FormatToStringTest1000" />
    </UnitTest>
    <UnitTest name="xUnitTestProject.CurrencyHelperTests.FormatToStringTest1000(price: 45739.569854490255, expected: &quot;45739.57 zł&quot;)" storage="c:\projekty\xunittestproject\bin\debug\netcoreapp3.1\xunittestproject.dll" id="9f62336d-d2a3-438a-9707-488b6a94c792">
      <Execution id="ae01d01d-2a2f-4d12-8727-f7ceec544ffa" />
      <TestMethod codeBase="C:\Projekty\xUnitTestProject\bin\Debug\netcoreapp3.1\xUnitTestProject.dll" adapterTypeName="executor://xunit/VsTestRunner2/netcoreapp" className="xUnitTestProject.CurrencyHelperTests" name="FormatToStringTest1000" />
    </UnitTest>
    <UnitTest name="xUnitTestProject.CurrencyHelperTests.FormatToStringTest1000(price: 31290.71396233687, expected: &quot;31290.71 zł&quot;)" storage="c:\projekty\xunittestproject\bin\debug\netcoreapp3.1\xunittestproject.dll" id="52dd4d5a-f28a-3449-7987-33dfda351248">
      <Execution id="3a3fb905-550b-49dd-a41a-cd4264c3f02d" />
      <TestMethod codeBase="C:\Projekty\xUnitTestProject\bin\Debug\netcoreapp3.1\xUnitTestProject.dll" adapterTypeName="executor://xunit/VsTestRunner2/netcoreapp" className="xUnitTestProject.CurrencyHelperTests" name="FormatToStringTest1000" />
    </UnitTest>
    <UnitTest name="xUnitTestProject.CurrencyHelperTests.FormatToStringTest1000(price: 57525.72988993569, expected: &quot;57525.73 zł&quot;)" storage="c:\projekty\xunittestproject\bin\debug\netcoreapp3.1\xunittestproject.dll" id="0abcfe7a-76aa-b17b-ee97-af3fbbea9a33">
      <Execution id="927ebea7-558f-40d4-9e37-03707c42cd67" />
      <TestMethod codeBase="C:\Projekty\xUnitTestProject\bin\Debug\netcoreapp3.1\xUnitTestProject.dll" adapterTypeName="executor://xunit/VsTestRunner2/netcoreapp" className="xUnitTestProject.CurrencyHelperTests" name="FormatToStringTest1000" />
    </UnitTest>
    <UnitTest name="xUnitTestProject.CurrencyHelperTests.FormatToStringTest1000(price: 1963.0091662979728, expected: &quot;1963.01 zł&quot;)" storage="c:\projekty\xunittestproject\bin\debug\netcoreapp3.1\xunittestproject.dll" id="1230a279-f763-f5b9-8b74-e3286d54a1e7">
      <Execution id="debf60cc-e30f-47cf-a598-149bc6db2272" />
      <TestMethod codeBase="C:\Projekty\xUnitTestProject\bin\Debug\netcoreapp3.1\xUnitTestProject.dll" adapterTypeName="executor://xunit/VsTestRunner2/netcoreapp" className="xUnitTestProject.CurrencyHelperTests" name="FormatToStringTest1000" />
    </UnitTest>
    <UnitTest name="xUnitTestProject.CurrencyHelperTests.FormatToStringTest1000(price: 70581.91150977784, expected: &quot;70581.91 zł&quot;)" storage="c:\projekty\xunittestproject\bin\debug\netcoreapp3.1\xunittestproject.dll" id="d810e333-5279-6858-6f15-bdf834685746">
      <Execution id="8799fcc8-1c0e-4512-8ee6-be54b61eadc7" />
      <TestMethod codeBase="C:\Projekty\xUnitTestProject\bin\Debug\netcoreapp3.1\xUnitTestProject.dll" adapterTypeName="executor://xunit/VsTestRunner2/netcoreapp" className="xUnitTestProject.CurrencyHelperTests" name="FormatToStringTest1000" />
    </UnitTest>
    <UnitTest name="xUnitTestProject.CurrencyHelperTests.FormatToStringTest1000(price: 28579.14698705503, expected: &quot;28579.15 zł&quot;)" storage="c:\projekty\xunittestproject\bin\debug\netcoreapp3.1\xunittestproject.dll" id="30971562-18c2-709e-97a4-74161badb09c">
      <Execution id="c8a76119-4b28-4b7e-a110-250ef30e13a4" />
      <TestMethod codeBase="C:\Projekty\xUnitTestProject\bin\Debug\netcoreapp3.1\xUnitTestProject.dll" adapterTypeName="executor://xunit/VsTestRunner2/netcoreapp" className="xUnitTestProject.CurrencyHelperTests" name="FormatToStringTest1000" />
    </UnitTest>
    <UnitTest name="xUnitTestProject.CurrencyHelperTests.FormatToStringTest1000(price: 19783.413847500186, expected: &quot;19783.41 zł&quot;)" storage="c:\projekty\xunittestproject\bin\debug\netcoreapp3.1\xunittestproject.dll" id="c5439243-290e-2a67-aa6b-588710f39fb3">
      <Execution id="547e3e59-ae75-4d3d-a33f-b7dd382e6957" />
      <TestMethod codeBase="C:\Projekty\xUnitTestProject\bin\Debug\netcoreapp3.1\xUnitTestProject.dll" adapterTypeName="executor://xunit/VsTestRunner2/netcoreapp" className="xUnitTestProject.CurrencyHelperTests" name="FormatToStringTest1000" />
    </UnitTest>
    <UnitTest name="xUnitTestProject.CurrencyHelperTests.FormatToStringTest1000(price: 29926.595417457444, expected: &quot;29926.60 zł&quot;)" storage="c:\projekty\xunittestproject\bin\debug\netcoreapp3.1\xunittestproject.dll" id="11729d1c-6c6a-9fce-9d88-8ebfff125cf6">
      <Execution id="da0b5c2c-5263-4247-995c-d7491200348f" />
      <TestMethod codeBase="C:\Projekty\xUnitTestProject\bin\Debug\netcoreapp3.1\xUnitTestProject.dll" adapterTypeName="executor://xunit/VsTestRunner2/netcoreapp" className="xUnitTestProject.CurrencyHelperTests" name="FormatToStringTest1000" />
    </UnitTest>
    <UnitTest name="xUnitTestProject.CurrencyHelperTests.FormatToStringTest1000(price: 48084.94422955389, expected: &quot;48084.94 zł&quot;)" storage="c:\projekty\xunittestproject\bin\debug\netcoreapp3.1\xunittestproject.dll" id="5aa929b3-dac1-52ec-e2ea-8e7fca692c42">
      <Execution id="60302552-5583-4585-8e78-aefbd81f9292" />
      <TestMethod codeBase="C:\Projekty\xUnitTestProject\bin\Debug\netcoreapp3.1\xUnitTestProject.dll" adapterTypeName="executor://xunit/VsTestRunner2/netcoreapp" className="xUnitTestProject.CurrencyHelperTests" name="FormatToStringTest1000" />
    </UnitTest>
    <UnitTest name="xUnitTestProject.CurrencyHelperTests.FormatToStringTest1000(price: 75350.77330865282, expected: &quot;75350.77 zł&quot;)" storage="c:\projekty\xunittestproject\bin\debug\netcoreapp3.1\xunittestproject.dll" id="b6db6a04-ac79-c80a-e7d6-d9ff2d42f5f4">
      <Execution id="0968eec2-7c40-479d-add3-49fb96aba040" />
      <TestMethod codeBase="C:\Projekty\xUnitTestProject\bin\Debug\netcoreapp3.1\xUnitTestProject.dll" adapterTypeName="executor://xunit/VsTestRunner2/netcoreapp" className="xUnitTestProject.CurrencyHelperTests" name="FormatToStringTest1000" />
    </UnitTest>
    <UnitTest name="xUnitTestProject.CurrencyHelperTests.FormatToStringTest1000(price: 8013.1229931903645, expected: &quot;8013.12 zł&quot;)" storage="c:\projekty\xunittestproject\bin\debug\netcoreapp3.1\xunittestproject.dll" id="d995492a-671e-36ff-0d73-ec59a569933d">
      <Execution id="d68a58c4-d34e-4cc8-85a5-c48f2afc8be3" />
      <TestMethod codeBase="C:\Projekty\xUnitTestProject\bin\Debug\netcoreapp3.1\xUnitTestProject.dll" adapterTypeName="executor://xunit/VsTestRunner2/netcoreapp" className="xUnitTestProject.CurrencyHelperTests" name="FormatToStringTest1000" />
    </UnitTest>
    <UnitTest name="xUnitTestProject.CurrencyHelperTests.FormatToStringTest1000(price: 2423.6182769712145, expected: &quot;2423.62 zł&quot;)" storage="c:\projekty\xunittestproject\bin\debug\netcoreapp3.1\xunittestproject.dll" id="52ac0864-3141-85db-5ec0-9dd50f51b247">
      <Execution id="623b7ee0-9bd0-4c76-8fef-4b260d52ebba" />
      <TestMethod codeBase="C:\Projekty\xUnitTestProject\bin\Debug\netcoreapp3.1\xUnitTestProject.dll" adapterTypeName="executor://xunit/VsTestRunner2/netcoreapp" className="xUnitTestProject.CurrencyHelperTests" name="FormatToStringTest1000" />
    </UnitTest>
    <UnitTest name="xUnitTestProject.CurrencyHelperTests.FormatToStringTest1000(price: 29474.095826699442, expected: &quot;29474.10 zł&quot;)" storage="c:\projekty\xunittestproject\bin\debug\netcoreapp3.1\xunittestproject.dll" id="8e549758-1d04-7bb3-a187-b61fc529196f">
      <Execution id="aa0041e1-a40a-4a07-8afd-575d820d4ff8" />
      <TestMethod codeBase="C:\Projekty\xUnitTestProject\bin\Debug\netcoreapp3.1\xUnitTestProject.dll" adapterTypeName="executor://xunit/VsTestRunner2/netcoreapp" className="xUnitTestProject.CurrencyHelperTests" name="FormatToStringTest1000" />
    </UnitTest>
    <UnitTest name="xUnitTestProject.CurrencyHelperTests.FormatToStringTest1000(price: 25116.590135570892, expected: &quot;25116.59 zł&quot;)" storage="c:\projekty\xunittestproject\bin\debug\netcoreapp3.1\xunittestproject.dll" id="56913f03-b8f6-5435-d407-8c8e9508f433">
      <Execution id="e83e9181-7fff-4c4f-824e-317d6b9d94c9" />
      <TestMethod codeBase="C:\Projekty\xUnitTestProject\bin\Debug\netcoreapp3.1\xUnitTestProject.dll" adapterTypeName="executor://xunit/VsTestRunner2/netcoreapp" className="xUnitTestProject.CurrencyHelperTests" name="FormatToStringTest1000" />
    </UnitTest>
    <UnitTest name="xUnitTestProject.CurrencyHelperTests.FormatToStringTest1000(price: 6752.510462437062, expected: &quot;6752.51 zł&quot;)" storage="c:\projekty\xunittestproject\bin\debug\netcoreapp3.1\xunittestproject.dll" id="3dca0048-5c2b-c7cd-4eca-6367cfc4f1ca">
      <Execution id="9fd351dc-a603-4392-95b9-28f00194733c" />
      <TestMethod codeBase="C:\Projekty\xUnitTestProject\bin\Debug\netcoreapp3.1\xUnitTestProject.dll" adapterTypeName="executor://xunit/VsTestRunner2/netcoreapp" className="xUnitTestProject.CurrencyHelperTests" name="FormatToStringTest1000" />
    </UnitTest>
    <UnitTest name="xUnitTestProject.CurrencyHelperTests.FormatToStringTest1000(price: 10511.7304983189, expected: &quot;10511.73 zł&quot;)" storage="c:\projekty\xunittestproject\bin\debug\netcoreapp3.1\xunittestproject.dll" id="c08a791c-2a2e-8ef9-53c2-680714283837">
      <Execution id="2541b984-1dab-4531-8484-d1a9b3f9737b" />
      <TestMethod codeBase="C:\Projekty\xUnitTestProject\bin\Debug\netcoreapp3.1\xUnitTestProject.dll" adapterTypeName="executor://xunit/VsTestRunner2/netcoreapp" className="xUnitTestProject.CurrencyHelperTests" name="FormatToStringTest1000" />
    </UnitTest>
    <UnitTest name="xUnitTestProject.CurrencyHelperTests.FormatToStringTest1000(price: 16161.963229990548, expected: &quot;16161.96 zł&quot;)" storage="c:\projekty\xunittestproject\bin\debug\netcoreapp3.1\xunittestproject.dll" id="5fa53206-edec-8295-28b6-5eb1541e56b6">
      <Execution id="fbc76fdc-aaa5-4505-8031-ce07add0f5b0" />
      <TestMethod codeBase="C:\Projekty\xUnitTestProject\bin\Debug\netcoreapp3.1\xUnitTestProject.dll" adapterTypeName="executor://xunit/VsTestRunner2/netcoreapp" className="xUnitTestProject.CurrencyHelperTests" name="FormatToStringTest1000" />
    </UnitTest>
    <UnitTest name="xUnitTestProject.CurrencyHelperTests.FormatToStringTest1000(price: 13323.876109275909, expected: &quot;13323.88 zł&quot;)" storage="c:\projekty\xunittestproject\bin\debug\netcoreapp3.1\xunittestproject.dll" id="a8d731c5-67df-9575-20e2-4e702b3d5817">
      <Execution id="2ae42b14-7bbf-472a-8816-8bcac28990e2" />
      <TestMethod codeBase="C:\Projekty\xUnitTestProject\bin\Debug\netcoreapp3.1\xUnitTestProject.dll" adapterTypeName="executor://xunit/VsTestRunner2/netcoreapp" className="xUnitTestProject.CurrencyHelperTests" name="FormatToStringTest1000" />
    </UnitTest>
    <UnitTest name="xUnitTestProject.CurrencyHelperTests.FormatToStringTest1000(price: 50585.83664522778, expected: &quot;50585.84 zł&quot;)" storage="c:\projekty\xunittestproject\bin\debug\netcoreapp3.1\xunittestproject.dll" id="a89532f2-9366-df90-5e03-76517aae2ef6">
      <Execution id="eb942625-d98d-467b-8f92-189d49d3a0a1" />
      <TestMethod codeBase="C:\Projekty\xUnitTestProject\bin\Debug\netcoreapp3.1\xUnitTestProject.dll" adapterTypeName="executor://xunit/VsTestRunner2/netcoreapp" className="xUnitTestProject.CurrencyHelperTests" name="FormatToStringTest1000" />
    </UnitTest>
    <UnitTest name="xUnitTestProject.CurrencyHelperTests.FormatToStringTest1000(price: 10994.251866986162, expected: &quot;10994.25 zł&quot;)" storage="c:\projekty\xunittestproject\bin\debug\netcoreapp3.1\xunittestproject.dll" id="b903f011-25d7-d156-43c9-1974a38b345d">
      <Execution id="304fc7f2-bd97-4052-9861-32f76b393903" />
      <TestMethod codeBase="C:\Projekty\xUnitTestProject\bin\Debug\netcoreapp3.1\xUnitTestProject.dll" adapterTypeName="executor://xunit/VsTestRunner2/netcoreapp" className="xUnitTestProject.CurrencyHelperTests" name="FormatToStringTest1000" />
    </UnitTest>
    <UnitTest name="xUnitTestProject.CurrencyHelperTests.FormatToStringTest1000(price: 545.7016866634142, expected: &quot;545.70 zł&quot;)" storage="c:\projekty\xunittestproject\bin\debug\netcoreapp3.1\xunittestproject.dll" id="63140182-f7a2-6346-fbd9-3f80901df2c9">
      <Execution id="de9fd9fb-d709-4821-84c3-a9d8c81a9fb1" />
      <TestMethod codeBase="C:\Projekty\xUnitTestProject\bin\Debug\netcoreapp3.1\xUnitTestProject.dll" adapterTypeName="executor://xunit/VsTestRunner2/netcoreapp" className="xUnitTestProject.CurrencyHelperTests" name="FormatToStringTest1000" />
    </UnitTest>
    <UnitTest name="xUnitTestProject.CurrencyHelperTests.FormatToStringTest1000(price: 26885.71162707904, expected: &quot;26885.71 zł&quot;)" storage="c:\projekty\xunittestproject\bin\debug\netcoreapp3.1\xunittestproject.dll" id="e6cc0868-2b09-9996-1473-6fd522e2da29">
      <Execution id="f3ece2b0-d927-476f-887b-a94eda11fa82" />
      <TestMethod codeBase="C:\Projekty\xUnitTestProject\bin\Debug\netcoreapp3.1\xUnitTestProject.dll" adapterTypeName="executor://xunit/VsTestRunner2/netcoreapp" className="xUnitTestProject.CurrencyHelperTests" name="FormatToStringTest1000" />
    </UnitTest>
    <UnitTest name="xUnitTestProject.CurrencyHelperTests.FormatToStringTest1000(price: 30031.89550569323, expected: &quot;30031.90 zł&quot;)" storage="c:\projekty\xunittestproject\bin\debug\netcoreapp3.1\xunittestproject.dll" id="c5aa0d75-50a2-309f-29ef-6a7a3d1053ab">
      <Execution id="6311c018-da4e-4733-a067-23f3d05dbed3" />
      <TestMethod codeBase="C:\Projekty\xUnitTestProject\bin\Debug\netcoreapp3.1\xUnitTestProject.dll" adapterTypeName="executor://xunit/VsTestRunner2/netcoreapp" className="xUnitTestProject.CurrencyHelperTests" name="FormatToStringTest1000" />
    </UnitTest>
    <UnitTest name="xUnitTestProject.CurrencyHelperTests.FormatToStringTest1000(price: 21893.78889296939, expected: &quot;21893.79 zł&quot;)" storage="c:\projekty\xunittestproject\bin\debug\netcoreapp3.1\xunittestproject.dll" id="a006362c-c876-0d68-dfa7-4b9381a2f95f">
      <Execution id="040a99e4-9014-40ff-8557-f6a76dbdc200" />
      <TestMethod codeBase="C:\Projekty\xUnitTestProject\bin\Debug\netcoreapp3.1\xUnitTestProject.dll" adapterTypeName="executor://xunit/VsTestRunner2/netcoreapp" className="xUnitTestProject.CurrencyHelperTests" name="FormatToStringTest1000" />
    </UnitTest>
    <UnitTest name="xUnitTestProject.CurrencyHelperTests.FormatToStringTest1000(price: 759.247198292635, expected: &quot;759.25 zł&quot;)" storage="c:\projekty\xunittestproject\bin\debug\netcoreapp3.1\xunittestproject.dll" id="5c957f35-8133-124f-9f1e-c78d4730fe22">
      <Execution id="c5393533-0c42-4c7b-b9e9-ebe834c452c0" />
      <TestMethod codeBase="C:\Projekty\xUnitTestProject\bin\Debug\netcoreapp3.1\xUnitTestProject.dll" adapterTypeName="executor://xunit/VsTestRunner2/netcoreapp" className="xUnitTestProject.CurrencyHelperTests" name="FormatToStringTest1000" />
    </UnitTest>
    <UnitTest name="xUnitTestProject.CurrencyHelperTests.FormatToStringTest1000(price: 14459.57059750686, expected: &quot;14459.57 zł&quot;)" storage="c:\projekty\xunittestproject\bin\debug\netcoreapp3.1\xunittestproject.dll" id="4125f8c2-231a-89ba-d149-611a4ab9d212">
      <Execution id="85f3fb1b-74b2-4d5d-95a7-b55d8a832fe8" />
      <TestMethod codeBase="C:\Projekty\xUnitTestProject\bin\Debug\netcoreapp3.1\xUnitTestProject.dll" adapterTypeName="executor://xunit/VsTestRunner2/netcoreapp" className="xUnitTestProject.CurrencyHelperTests" name="FormatToStringTest1000" />
    </UnitTest>
    <UnitTest name="xUnitTestProject.CurrencyHelperTests.FormatToStringTest1000(price: 68507.83928906724, expected: &quot;68507.84 zł&quot;)" storage="c:\projekty\xunittestproject\bin\debug\netcoreapp3.1\xunittestproject.dll" id="ec5e31f8-0a43-1c03-8691-e70ecfdbfc69">
      <Execution id="6906e6c8-97f3-41d3-8ba8-b7f7b737d56f" />
      <TestMethod codeBase="C:\Projekty\xUnitTestProject\bin\Debug\netcoreapp3.1\xUnitTestProject.dll" adapterTypeName="executor://xunit/VsTestRunner2/netcoreapp" className="xUnitTestProject.CurrencyHelperTests" name="FormatToStringTest1000" />
    </UnitTest>
    <UnitTest name="xUnitTestProject.CurrencyHelperTests.FormatToStringTest1000(price: 11157.981051815665, expected: &quot;11157.98 zł&quot;)" storage="c:\projekty\xunittestproject\bin\debug\netcoreapp3.1\xunittestproject.dll" id="6e911663-e259-5040-7b6f-54c63fac8b3c">
      <Execution id="40b6e06e-0df2-42df-bace-082d06eecb8c" />
      <TestMethod codeBase="C:\Projekty\xUnitTestProject\bin\Debug\netcoreapp3.1\xUnitTestProject.dll" adapterTypeName="executor://xunit/VsTestRunner2/netcoreapp" className="xUnitTestProject.CurrencyHelperTests" name="FormatToStringTest1000" />
    </UnitTest>
    <UnitTest name="xUnitTestProject.CurrencyHelperTests.FormatToStringTest1000(price: 2975.6892256134606, expected: &quot;2975.69 zł&quot;)" storage="c:\projekty\xunittestproject\bin\debug\netcoreapp3.1\xunittestproject.dll" id="186c8c1a-303f-5daa-ee87-7bdde9795321">
      <Execution id="da7f80e2-ddfd-4db7-a201-bd5d72291829" />
      <TestMethod codeBase="C:\Projekty\xUnitTestProject\bin\Debug\netcoreapp3.1\xUnitTestProject.dll" adapterTypeName="executor://xunit/VsTestRunner2/netcoreapp" className="xUnitTestProject.CurrencyHelperTests" name="FormatToStringTest1000" />
    </UnitTest>
    <UnitTest name="xUnitTestProject.CurrencyHelperTests.FormatToStringTest1000(price: 1662.8482664818168, expected: &quot;1662.85 zł&quot;)" storage="c:\projekty\xunittestproject\bin\debug\netcoreapp3.1\xunittestproject.dll" id="afbbae00-ce73-0862-4d3c-578f15f46774">
      <Execution id="5b223318-bab0-4abe-8cd0-87151fbc037b" />
      <TestMethod codeBase="C:\Projekty\xUnitTestProject\bin\Debug\netcoreapp3.1\xUnitTestProject.dll" adapterTypeName="executor://xunit/VsTestRunner2/netcoreapp" className="xUnitTestProject.CurrencyHelperTests" name="FormatToStringTest1000" />
    </UnitTest>
    <UnitTest name="xUnitTestProject.CurrencyHelperTests.FormatToStringTest1000(price: 1664.7834932994022, expected: &quot;1664.78 zł&quot;)" storage="c:\projekty\xunittestproject\bin\debug\netcoreapp3.1\xunittestproject.dll" id="bcf772d6-bc03-8db6-964e-e43c8f396083">
      <Execution id="6305c50d-71ea-41c7-9749-bd2b4a429888" />
      <TestMethod codeBase="C:\Projekty\xUnitTestProject\bin\Debug\netcoreapp3.1\xUnitTestProject.dll" adapterTypeName="executor://xunit/VsTestRunner2/netcoreapp" className="xUnitTestProject.CurrencyHelperTests" name="FormatToStringTest1000" />
    </UnitTest>
    <UnitTest name="xUnitTestProject.CurrencyHelperTests.FormatToStringTest1000(price: 97129.75160633575, expected: &quot;97129.75 zł&quot;)" storage="c:\projekty\xunittestproject\bin\debug\netcoreapp3.1\xunittestproject.dll" id="2ebec913-cd49-9310-605b-052ec9777212">
      <Execution id="ba43db11-72b3-4341-8e44-f003fbbb67e2" />
      <TestMethod codeBase="C:\Projekty\xUnitTestProject\bin\Debug\netcoreapp3.1\xUnitTestProject.dll" adapterTypeName="executor://xunit/VsTestRunner2/netcoreapp" className="xUnitTestProject.CurrencyHelperTests" name="FormatToStringTest1000" />
    </UnitTest>
    <UnitTest name="xUnitTestProject.CurrencyHelperTests.FormatToStringTest1000(price: 36320.770035296104, expected: &quot;36320.77 zł&quot;)" storage="c:\projekty\xunittestproject\bin\debug\netcoreapp3.1\xunittestproject.dll" id="d380f6a1-83cc-0c12-360c-ba81b340bce2">
      <Execution id="6c7ec72c-74ba-4700-9ce7-79d04892f6f9" />
      <TestMethod codeBase="C:\Projekty\xUnitTestProject\bin\Debug\netcoreapp3.1\xUnitTestProject.dll" adapterTypeName="executor://xunit/VsTestRunner2/netcoreapp" className="xUnitTestProject.CurrencyHelperTests" name="FormatToStringTest1000" />
    </UnitTest>
    <UnitTest name="xUnitTestProject.CurrencyHelperTests.FormatToStringTest1000(price: 19519.4298413505, expected: &quot;19519.43 zł&quot;)" storage="c:\projekty\xunittestproject\bin\debug\netcoreapp3.1\xunittestproject.dll" id="c2e7dabf-153e-40d2-4e35-e0a4cdae5b80">
      <Execution id="a6f0da79-441d-4b09-9db9-0c236c061dff" />
      <TestMethod codeBase="C:\Projekty\xUnitTestProject\bin\Debug\netcoreapp3.1\xUnitTestProject.dll" adapterTypeName="executor://xunit/VsTestRunner2/netcoreapp" className="xUnitTestProject.CurrencyHelperTests" name="FormatToStringTest1000" />
    </UnitTest>
    <UnitTest name="xUnitTestProject.CurrencyHelperTests.FormatToStringTest1000(price: 35065.40267025652, expected: &quot;35065.40 zł&quot;)" storage="c:\projekty\xunittestproject\bin\debug\netcoreapp3.1\xunittestproject.dll" id="0d7a2cf9-13e2-7888-b21b-f6464a19d4c6">
      <Execution id="03d09521-6df7-4967-8d50-86e4571ed5bb" />
      <TestMethod codeBase="C:\Projekty\xUnitTestProject\bin\Debug\netcoreapp3.1\xUnitTestProject.dll" adapterTypeName="executor://xunit/VsTestRunner2/netcoreapp" className="xUnitTestProject.CurrencyHelperTests" name="FormatToStringTest1000" />
    </UnitTest>
    <UnitTest name="xUnitTestProject.CurrencyHelperTests.FormatToStringTest1000(price: 15624.452361264477, expected: &quot;15624.45 zł&quot;)" storage="c:\projekty\xunittestproject\bin\debug\netcoreapp3.1\xunittestproject.dll" id="7f9e1a03-9e41-8ac9-4d40-38aecad4670f">
      <Execution id="7110769b-4bfb-4114-838a-23b0b65e5a31" />
      <TestMethod codeBase="C:\Projekty\xUnitTestProject\bin\Debug\netcoreapp3.1\xUnitTestProject.dll" adapterTypeName="executor://xunit/VsTestRunner2/netcoreapp" className="xUnitTestProject.CurrencyHelperTests" name="FormatToStringTest1000" />
    </UnitTest>
    <UnitTest name="xUnitTestProject.CurrencyHelperTests.FormatToStringTest1000(price: 50956.25028206606, expected: &quot;50956.25 zł&quot;)" storage="c:\projekty\xunittestproject\bin\debug\netcoreapp3.1\xunittestproject.dll" id="3323ac76-0104-2779-2a9d-3f5ae9693296">
      <Execution id="298f6543-4d82-4ef5-809c-ae137c9c3367" />
      <TestMethod codeBase="C:\Projekty\xUnitTestProject\bin\Debug\netcoreapp3.1\xUnitTestProject.dll" adapterTypeName="executor://xunit/VsTestRunner2/netcoreapp" className="xUnitTestProject.CurrencyHelperTests" name="FormatToStringTest1000" />
    </UnitTest>
    <UnitTest name="xUnitTestProject.CurrencyHelperTests.FormatToStringTest1000(price: 29975.4018974022, expected: &quot;29975.40 zł&quot;)" storage="c:\projekty\xunittestproject\bin\debug\netcoreapp3.1\xunittestproject.dll" id="df3e2c77-7f8f-57bd-4668-f3110adbfbc8">
      <Execution id="51f0ce51-df8a-40db-8a67-ebee4057e5df" />
      <TestMethod codeBase="C:\Projekty\xUnitTestProject\bin\Debug\netcoreapp3.1\xUnitTestProject.dll" adapterTypeName="executor://xunit/VsTestRunner2/netcoreapp" className="xUnitTestProject.CurrencyHelperTests" name="FormatToStringTest1000" />
    </UnitTest>
    <UnitTest name="xUnitTestProject.CurrencyHelperTests.FormatToStringTest1000(price: 72703.4365723503, expected: &quot;72703.44 zł&quot;)" storage="c:\projekty\xunittestproject\bin\debug\netcoreapp3.1\xunittestproject.dll" id="4a9f4574-9113-6c35-d2fa-751a30e86322">
      <Execution id="d732a113-b565-47d6-b141-6c53d44c2594" />
      <TestMethod codeBase="C:\Projekty\xUnitTestProject\bin\Debug\netcoreapp3.1\xUnitTestProject.dll" adapterTypeName="executor://xunit/VsTestRunner2/netcoreapp" className="xUnitTestProject.CurrencyHelperTests" name="FormatToStringTest1000" />
    </UnitTest>
    <UnitTest name="xUnitTestProject.CurrencyHelperTests.FormatToStringTest1000(price: 31799.68317462815, expected: &quot;31799.68 zł&quot;)" storage="c:\projekty\xunittestproject\bin\debug\netcoreapp3.1\xunittestproject.dll" id="e641957d-86a3-9c73-8dcf-f9374b4233e0">
      <Execution id="9247b6eb-6bbc-4c07-b3b1-808b526dcaf3" />
      <TestMethod codeBase="C:\Projekty\xUnitTestProject\bin\Debug\netcoreapp3.1\xUnitTestProject.dll" adapterTypeName="executor://xunit/VsTestRunner2/netcoreapp" className="xUnitTestProject.CurrencyHelperTests" name="FormatToStringTest1000" />
    </UnitTest>
    <UnitTest name="xUnitTestProject.CurrencyHelperTests.FormatToStringTest1000(price: 13855.30239352505, expected: &quot;13855.30 zł&quot;)" storage="c:\projekty\xunittestproject\bin\debug\netcoreapp3.1\xunittestproject.dll" id="127fb78e-ed01-3534-55cd-9f963056d67f">
      <Execution id="f22d2be6-bf22-4118-ab57-3117b7f0d277" />
      <TestMethod codeBase="C:\Projekty\xUnitTestProject\bin\Debug\netcoreapp3.1\xUnitTestProject.dll" adapterTypeName="executor://xunit/VsTestRunner2/netcoreapp" className="xUnitTestProject.CurrencyHelperTests" name="FormatToStringTest1000" />
    </UnitTest>
    <UnitTest name="xUnitTestProject.CurrencyHelperTests.FormatToStringTest1000(price: 7753.724411372898, expected: &quot;7753.72 zł&quot;)" storage="c:\projekty\xunittestproject\bin\debug\netcoreapp3.1\xunittestproject.dll" id="d702a2a7-0d80-6e33-b0a7-e0e379e29093">
      <Execution id="45b38b92-246d-492e-a57d-169ba1d44b78" />
      <TestMethod codeBase="C:\Projekty\xUnitTestProject\bin\Debug\netcoreapp3.1\xUnitTestProject.dll" adapterTypeName="executor://xunit/VsTestRunner2/netcoreapp" className="xUnitTestProject.CurrencyHelperTests" name="FormatToStringTest1000" />
    </UnitTest>
    <UnitTest name="xUnitTestProject.CurrencyHelperTests.FormatToStringTest1000(price: 464.74397441965715, expected: &quot;464.74 zł&quot;)" storage="c:\projekty\xunittestproject\bin\debug\netcoreapp3.1\xunittestproject.dll" id="9dfbdafb-7dbf-f0e8-6265-547cdd24d00d">
      <Execution id="4c322c32-3d4b-40f3-8852-f9ab2a548819" />
      <TestMethod codeBase="C:\Projekty\xUnitTestProject\bin\Debug\netcoreapp3.1\xUnitTestProject.dll" adapterTypeName="executor://xunit/VsTestRunner2/netcoreapp" className="xUnitTestProject.CurrencyHelperTests" name="FormatToStringTest1000" />
    </UnitTest>
    <UnitTest name="xUnitTestProject.CurrencyHelperTests.FormatToStringTest1000(price: 7407.385606687696, expected: &quot;7407.39 zł&quot;)" storage="c:\projekty\xunittestproject\bin\debug\netcoreapp3.1\xunittestproject.dll" id="9cf8eb03-8fbc-6ccc-0fef-ebebfde3ba22">
      <Execution id="2b650896-d60e-48ed-818e-d468c7c53638" />
      <TestMethod codeBase="C:\Projekty\xUnitTestProject\bin\Debug\netcoreapp3.1\xUnitTestProject.dll" adapterTypeName="executor://xunit/VsTestRunner2/netcoreapp" className="xUnitTestProject.CurrencyHelperTests" name="FormatToStringTest1000" />
    </UnitTest>
    <UnitTest name="xUnitTestProject.CurrencyHelperTests.FormatToStringTest1000(price: 30410.68214617003, expected: &quot;30410.68 zł&quot;)" storage="c:\projekty\xunittestproject\bin\debug\netcoreapp3.1\xunittestproject.dll" id="f376fc2f-2ee5-1277-a20e-665c6294e53a">
      <Execution id="28c71751-c458-4813-9949-aee7705f978e" />
      <TestMethod codeBase="C:\Projekty\xUnitTestProject\bin\Debug\netcoreapp3.1\xUnitTestProject.dll" adapterTypeName="executor://xunit/VsTestRunner2/netcoreapp" className="xUnitTestProject.CurrencyHelperTests" name="FormatToStringTest1000" />
    </UnitTest>
    <UnitTest name="xUnitTestProject.CurrencyHelperTests.FormatToStringTest1000(price: 15080.274618567097, expected: &quot;15080.27 zł&quot;)" storage="c:\projekty\xunittestproject\bin\debug\netcoreapp3.1\xunittestproject.dll" id="217b46ae-53e4-8868-0968-60de7a74b62a">
      <Execution id="a4320a38-74cc-46b9-bf37-0e7aa85ab864" />
      <TestMethod codeBase="C:\Projekty\xUnitTestProject\bin\Debug\netcoreapp3.1\xUnitTestProject.dll" adapterTypeName="executor://xunit/VsTestRunner2/netcoreapp" className="xUnitTestProject.CurrencyHelperTests" name="FormatToStringTest1000" />
    </UnitTest>
    <UnitTest name="xUnitTestProject.CurrencyHelperTests.FormatToStringTest1000(price: 43727.735558145556, expected: &quot;43727.74 zł&quot;)" storage="c:\projekty\xunittestproject\bin\debug\netcoreapp3.1\xunittestproject.dll" id="ff96b5de-94eb-fc99-362b-5102f1ace758">
      <Execution id="74864794-304c-439e-9682-fe2e2c24b15a" />
      <TestMethod codeBase="C:\Projekty\xUnitTestProject\bin\Debug\netcoreapp3.1\xUnitTestProject.dll" adapterTypeName="executor://xunit/VsTestRunner2/netcoreapp" className="xUnitTestProject.CurrencyHelperTests" name="FormatToStringTest1000" />
    </UnitTest>
    <UnitTest name="xUnitTestProject.CurrencyHelperTests.FormatToStringTest1000(price: 34242.181005260056, expected: &quot;34242.18 zł&quot;)" storage="c:\projekty\xunittestproject\bin\debug\netcoreapp3.1\xunittestproject.dll" id="264c060b-2c06-6e92-2e7b-9f27ddffeba4">
      <Execution id="8279a293-24ea-4349-bbbb-6a28be193b84" />
      <TestMethod codeBase="C:\Projekty\xUnitTestProject\bin\Debug\netcoreapp3.1\xUnitTestProject.dll" adapterTypeName="executor://xunit/VsTestRunner2/netcoreapp" className="xUnitTestProject.CurrencyHelperTests" name="FormatToStringTest1000" />
    </UnitTest>
    <UnitTest name="xUnitTestProject.CurrencyHelperTests.FormatToStringTest1000(price: 23662.291816162084, expected: &quot;23662.29 zł&quot;)" storage="c:\projekty\xunittestproject\bin\debug\netcoreapp3.1\xunittestproject.dll" id="09f7512b-fcad-449f-b8a9-c32911a23969">
      <Execution id="3a870181-cb90-40f1-bb41-e17f4bae2aba" />
      <TestMethod codeBase="C:\Projekty\xUnitTestProject\bin\Debug\netcoreapp3.1\xUnitTestProject.dll" adapterTypeName="executor://xunit/VsTestRunner2/netcoreapp" className="xUnitTestProject.CurrencyHelperTests" name="FormatToStringTest1000" />
    </UnitTest>
    <UnitTest name="xUnitTestProject.CurrencyHelperTests.FormatToStringTest1000(price: 22291.653251342315, expected: &quot;22291.65 zł&quot;)" storage="c:\projekty\xunittestproject\bin\debug\netcoreapp3.1\xunittestproject.dll" id="4ffd7804-0b86-b3af-454f-c182dda91ce2">
      <Execution id="a79d9e19-7315-4c6c-931c-c811da4676d3" />
      <TestMethod codeBase="C:\Projekty\xUnitTestProject\bin\Debug\netcoreapp3.1\xUnitTestProject.dll" adapterTypeName="executor://xunit/VsTestRunner2/netcoreapp" className="xUnitTestProject.CurrencyHelperTests" name="FormatToStringTest1000" />
    </UnitTest>
    <UnitTest name="xUnitTestProject.CurrencyHelperTests.FormatToStringTest1000(price: 1952.6955147062872, expected: &quot;1952.70 zł&quot;)" storage="c:\projekty\xunittestproject\bin\debug\netcoreapp3.1\xunittestproject.dll" id="040e6cf8-8fc7-ca87-38f4-b0a1a8671b45">
      <Execution id="46cc2cf0-9d64-42da-ae8c-4cf3ca1fdf23" />
      <TestMethod codeBase="C:\Projekty\xUnitTestProject\bin\Debug\netcoreapp3.1\xUnitTestProject.dll" adapterTypeName="executor://xunit/VsTestRunner2/netcoreapp" className="xUnitTestProject.CurrencyHelperTests" name="FormatToStringTest1000" />
    </UnitTest>
    <UnitTest name="xUnitTestProject.CurrencyHelperTests.FormatToStringTest1000(price: 49256.47455728635, expected: &quot;49256.47 zł&quot;)" storage="c:\projekty\xunittestproject\bin\debug\netcoreapp3.1\xunittestproject.dll" id="31ad7a80-5373-effd-b719-cfe8b75a74c8">
      <Execution id="da7d08b2-01d8-49fb-82e4-d99cdfca84db" />
      <TestMethod codeBase="C:\Projekty\xUnitTestProject\bin\Debug\netcoreapp3.1\xUnitTestProject.dll" adapterTypeName="executor://xunit/VsTestRunner2/netcoreapp" className="xUnitTestProject.CurrencyHelperTests" name="FormatToStringTest1000" />
    </UnitTest>
    <UnitTest name="xUnitTestProject.CurrencyHelperTests.FormatToStringTest1000(price: 75915.01943546813, expected: &quot;75915.02 zł&quot;)" storage="c:\projekty\xunittestproject\bin\debug\netcoreapp3.1\xunittestproject.dll" id="27e54bf1-4aa0-4763-a98b-d50300d50e6c">
      <Execution id="9b975c20-1dc0-4c39-b5f3-8d8fcdb05984" />
      <TestMethod codeBase="C:\Projekty\xUnitTestProject\bin\Debug\netcoreapp3.1\xUnitTestProject.dll" adapterTypeName="executor://xunit/VsTestRunner2/netcoreapp" className="xUnitTestProject.CurrencyHelperTests" name="FormatToStringTest1000" />
    </UnitTest>
    <UnitTest name="xUnitTestProject.CurrencyHelperTests.FormatToStringTest1000(price: 75514.58914517732, expected: &quot;75514.59 zł&quot;)" storage="c:\projekty\xunittestproject\bin\debug\netcoreapp3.1\xunittestproject.dll" id="ca756e2d-d5c0-6e03-1ab7-b2045c06d17b">
      <Execution id="066d85fb-03d8-4b57-a8da-e468e9d77176" />
      <TestMethod codeBase="C:\Projekty\xUnitTestProject\bin\Debug\netcoreapp3.1\xUnitTestProject.dll" adapterTypeName="executor://xunit/VsTestRunner2/netcoreapp" className="xUnitTestProject.CurrencyHelperTests" name="FormatToStringTest1000" />
    </UnitTest>
    <UnitTest name="xUnitTestProject.CurrencyHelperTests.FormatToStringTest1000(price: 19796.212103914568, expected: &quot;19796.21 zł&quot;)" storage="c:\projekty\xunittestproject\bin\debug\netcoreapp3.1\xunittestproject.dll" id="eaf0b15c-0fc1-b6e6-caad-e11eeb0c7fda">
      <Execution id="0ee74bb5-d023-43ac-8024-9e61668ac33a" />
      <TestMethod codeBase="C:\Projekty\xUnitTestProject\bin\Debug\netcoreapp3.1\xUnitTestProject.dll" adapterTypeName="executor://xunit/VsTestRunner2/netcoreapp" className="xUnitTestProject.CurrencyHelperTests" name="FormatToStringTest1000" />
    </UnitTest>
    <UnitTest name="xUnitTestProject.CurrencyHelperTests.FormatToStringTest1000(price: 49672.98901987402, expected: &quot;49672.99 zł&quot;)" storage="c:\projekty\xunittestproject\bin\debug\netcoreapp3.1\xunittestproject.dll" id="17e8adfe-3d5e-8417-3ca9-9ea065f0229b">
      <Execution id="1f34ee71-9d43-40eb-8d31-024e56d525f7" />
      <TestMethod codeBase="C:\Projekty\xUnitTestProject\bin\Debug\netcoreapp3.1\xUnitTestProject.dll" adapterTypeName="executor://xunit/VsTestRunner2/netcoreapp" className="xUnitTestProject.CurrencyHelperTests" name="FormatToStringTest1000" />
    </UnitTest>
    <UnitTest name="xUnitTestProject.CurrencyHelperTests.FormatToStringTest1000(price: 56286.70397975702, expected: &quot;56286.70 zł&quot;)" storage="c:\projekty\xunittestproject\bin\debug\netcoreapp3.1\xunittestproject.dll" id="546c163e-77dd-f570-5b52-f67af946e3b9">
      <Execution id="8dd2e83c-bb47-4bb0-91bb-1ece521d86ca" />
      <TestMethod codeBase="C:\Projekty\xUnitTestProject\bin\Debug\netcoreapp3.1\xUnitTestProject.dll" adapterTypeName="executor://xunit/VsTestRunner2/netcoreapp" className="xUnitTestProject.CurrencyHelperTests" name="FormatToStringTest1000" />
    </UnitTest>
    <UnitTest name="xUnitTestProject.CurrencyHelperTests.FormatToStringTest1000(price: 2835.0728237931958, expected: &quot;2835.07 zł&quot;)" storage="c:\projekty\xunittestproject\bin\debug\netcoreapp3.1\xunittestproject.dll" id="72b4af26-389d-d3a5-e933-0620092c06be">
      <Execution id="3e45a8ae-7be1-49f1-b0c7-a08961ad7696" />
      <TestMethod codeBase="C:\Projekty\xUnitTestProject\bin\Debug\netcoreapp3.1\xUnitTestProject.dll" adapterTypeName="executor://xunit/VsTestRunner2/netcoreapp" className="xUnitTestProject.CurrencyHelperTests" name="FormatToStringTest1000" />
    </UnitTest>
    <UnitTest name="xUnitTestProject.CurrencyHelperTests.FormatToStringTest1000(price: 941.429400278921, expected: &quot;941.43 zł&quot;)" storage="c:\projekty\xunittestproject\bin\debug\netcoreapp3.1\xunittestproject.dll" id="34d55980-db04-996b-37e3-5ad72dcd15ab">
      <Execution id="de0499e0-8885-4872-b97f-a8fdda0c5847" />
      <TestMethod codeBase="C:\Projekty\xUnitTestProject\bin\Debug\netcoreapp3.1\xUnitTestProject.dll" adapterTypeName="executor://xunit/VsTestRunner2/netcoreapp" className="xUnitTestProject.CurrencyHelperTests" name="FormatToStringTest1000" />
    </UnitTest>
    <UnitTest name="xUnitTestProject.CurrencyHelperTests.FormatToStringTest1000(price: 904.351189922705, expected: &quot;904.35 zł&quot;)" storage="c:\projekty\xunittestproject\bin\debug\netcoreapp3.1\xunittestproject.dll" id="d6b10638-19d7-868a-2152-f7946c6c6899">
      <Execution id="bcee00aa-e494-4c93-8e9c-1afd65da0b2f" />
      <TestMethod codeBase="C:\Projekty\xUnitTestProject\bin\Debug\netcoreapp3.1\xUnitTestProject.dll" adapterTypeName="executor://xunit/VsTestRunner2/netcoreapp" className="xUnitTestProject.CurrencyHelperTests" name="FormatToStringTest1000" />
    </UnitTest>
    <UnitTest name="xUnitTestProject.CurrencyHelperTests.FormatToStringTest1000(price: 22791.735381432685, expected: &quot;22791.74 zł&quot;)" storage="c:\projekty\xunittestproject\bin\debug\netcoreapp3.1\xunittestproject.dll" id="b07c6436-dbf7-0138-be42-b4b6d3d7e52c">
      <Execution id="6d1e5c6e-c521-445f-bbd3-ec6d0b4bd542" />
      <TestMethod codeBase="C:\Projekty\xUnitTestProject\bin\Debug\netcoreapp3.1\xUnitTestProject.dll" adapterTypeName="executor://xunit/VsTestRunner2/netcoreapp" className="xUnitTestProject.CurrencyHelperTests" name="FormatToStringTest1000" />
    </UnitTest>
    <UnitTest name="xUnitTestProject.CurrencyHelperTests.FormatToStringTest1000(price: 765.778932784581, expected: &quot;765.78 zł&quot;)" storage="c:\projekty\xunittestproject\bin\debug\netcoreapp3.1\xunittestproject.dll" id="e97847d9-9bdd-db77-8bd9-477fffb0c503">
      <Execution id="e3843098-dcc6-486e-879e-94de73c71763" />
      <TestMethod codeBase="C:\Projekty\xUnitTestProject\bin\Debug\netcoreapp3.1\xUnitTestProject.dll" adapterTypeName="executor://xunit/VsTestRunner2/netcoreapp" className="xUnitTestProject.CurrencyHelperTests" name="FormatToStringTest1000" />
    </UnitTest>
    <UnitTest name="xUnitTestProject.CurrencyHelperTests.FormatToStringTest1000(price: 80609.94377465078, expected: &quot;80609.94 zł&quot;)" storage="c:\projekty\xunittestproject\bin\debug\netcoreapp3.1\xunittestproject.dll" id="0514bc2b-5cc4-a04d-717a-fd9efa22f04a">
      <Execution id="304fee68-72cd-4ec7-a50f-f40c55d827c3" />
      <TestMethod codeBase="C:\Projekty\xUnitTestProject\bin\Debug\netcoreapp3.1\xUnitTestProject.dll" adapterTypeName="executor://xunit/VsTestRunner2/netcoreapp" className="xUnitTestProject.CurrencyHelperTests" name="FormatToStringTest1000" />
    </UnitTest>
    <UnitTest name="xUnitTestProject.CurrencyHelperTests.FormatToStringTest1000(price: 30199.386730006612, expected: &quot;30199.39 zł&quot;)" storage="c:\projekty\xunittestproject\bin\debug\netcoreapp3.1\xunittestproject.dll" id="939e1c3f-3bc7-ec75-48fe-8501679b5ff4">
      <Execution id="bb950f17-5cf5-426f-b748-e4493ebbec8f" />
      <TestMethod codeBase="C:\Projekty\xUnitTestProject\bin\Debug\netcoreapp3.1\xUnitTestProject.dll" adapterTypeName="executor://xunit/VsTestRunner2/netcoreapp" className="xUnitTestProject.CurrencyHelperTests" name="FormatToStringTest1000" />
    </UnitTest>
    <UnitTest name="xUnitTestProject.CurrencyHelperTests.FormatToStringTest1000(price: 36760.171806480816, expected: &quot;36760.17 zł&quot;)" storage="c:\projekty\xunittestproject\bin\debug\netcoreapp3.1\xunittestproject.dll" id="758b94a4-3e83-213a-e897-268aa753a08f">
      <Execution id="ecac5b1b-788c-4118-9797-b6bce0ead7a6" />
      <TestMethod codeBase="C:\Projekty\xUnitTestProject\bin\Debug\netcoreapp3.1\xUnitTestProject.dll" adapterTypeName="executor://xunit/VsTestRunner2/netcoreapp" className="xUnitTestProject.CurrencyHelperTests" name="FormatToStringTest1000" />
    </UnitTest>
    <UnitTest name="xUnitTestProject.CurrencyHelperTests.FormatToStringTest1000(price: 19085.023282992664, expected: &quot;19085.02 zł&quot;)" storage="c:\projekty\xunittestproject\bin\debug\netcoreapp3.1\xunittestproject.dll" id="48c41a45-a694-6e7a-7100-4b0ce75fbb19">
      <Execution id="ab7761ba-6d3a-49c6-862b-bb098eaa157c" />
      <TestMethod codeBase="C:\Projekty\xUnitTestProject\bin\Debug\netcoreapp3.1\xUnitTestProject.dll" adapterTypeName="executor://xunit/VsTestRunner2/netcoreapp" className="xUnitTestProject.CurrencyHelperTests" name="FormatToStringTest1000" />
    </UnitTest>
    <UnitTest name="xUnitTestProject.CurrencyHelperTests.FormatToStringTest1000(price: 17315.72309779363, expected: &quot;17315.72 zł&quot;)" storage="c:\projekty\xunittestproject\bin\debug\netcoreapp3.1\xunittestproject.dll" id="6b6f1069-86c1-e08a-6926-d89a012b7b47">
      <Execution id="c4e8fa5a-0a83-4e69-82fe-2292060c778a" />
      <TestMethod codeBase="C:\Projekty\xUnitTestProject\bin\Debug\netcoreapp3.1\xUnitTestProject.dll" adapterTypeName="executor://xunit/VsTestRunner2/netcoreapp" className="xUnitTestProject.CurrencyHelperTests" name="FormatToStringTest1000" />
    </UnitTest>
    <UnitTest name="xUnitTestProject.CurrencyHelperTests.FormatToStringTest1000(price: 32213.734885384205, expected: &quot;32213.73 zł&quot;)" storage="c:\projekty\xunittestproject\bin\debug\netcoreapp3.1\xunittestproject.dll" id="7c3ffa01-e97c-2ed2-ce73-5d584269f0e2">
      <Execution id="b732853d-fd76-416d-bc56-0893cf625d6a" />
      <TestMethod codeBase="C:\Projekty\xUnitTestProject\bin\Debug\netcoreapp3.1\xUnitTestProject.dll" adapterTypeName="executor://xunit/VsTestRunner2/netcoreapp" className="xUnitTestProject.CurrencyHelperTests" name="FormatToStringTest1000" />
    </UnitTest>
    <UnitTest name="xUnitTestProject.CurrencyHelperTests.FormatToStringTest1000(price: 12903.541202012237, expected: &quot;12903.54 zł&quot;)" storage="c:\projekty\xunittestproject\bin\debug\netcoreapp3.1\xunittestproject.dll" id="a69afd9b-81e8-28e1-2371-18b74a947656">
      <Execution id="901c09ca-5fed-403e-b48d-26ddb44130b8" />
      <TestMethod codeBase="C:\Projekty\xUnitTestProject\bin\Debug\netcoreapp3.1\xUnitTestProject.dll" adapterTypeName="executor://xunit/VsTestRunner2/netcoreapp" className="xUnitTestProject.CurrencyHelperTests" name="FormatToStringTest1000" />
    </UnitTest>
    <UnitTest name="xUnitTestProject.CurrencyHelperTests.FormatToStringTest1000(price: 6266.232005888704, expected: &quot;6266.23 zł&quot;)" storage="c:\projekty\xunittestproject\bin\debug\netcoreapp3.1\xunittestproject.dll" id="d3cdcde5-df28-6c6c-d5ee-263c0a49023a">
      <Execution id="72790649-a9e7-4eb5-94a2-8e25b3f557aa" />
      <TestMethod codeBase="C:\Projekty\xUnitTestProject\bin\Debug\netcoreapp3.1\xUnitTestProject.dll" adapterTypeName="executor://xunit/VsTestRunner2/netcoreapp" className="xUnitTestProject.CurrencyHelperTests" name="FormatToStringTest1000" />
    </UnitTest>
    <UnitTest name="xUnitTestProject.CurrencyHelperTests.FormatToStringTest1000(price: 30071.004434484523, expected: &quot;30071.00 zł&quot;)" storage="c:\projekty\xunittestproject\bin\debug\netcoreapp3.1\xunittestproject.dll" id="ded3a712-fe17-74f4-ce2a-e02d4a5da442">
      <Execution id="86126e41-30b1-4ed4-9664-5a1753c61efa" />
      <TestMethod codeBase="C:\Projekty\xUnitTestProject\bin\Debug\netcoreapp3.1\xUnitTestProject.dll" adapterTypeName="executor://xunit/VsTestRunner2/netcoreapp" className="xUnitTestProject.CurrencyHelperTests" name="FormatToStringTest1000" />
    </UnitTest>
    <UnitTest name="xUnitTestProject.CurrencyHelperTests.FormatToStringTest1000(price: 48428.38681602682, expected: &quot;48428.39 zł&quot;)" storage="c:\projekty\xunittestproject\bin\debug\netcoreapp3.1\xunittestproject.dll" id="c0952508-ec1e-97b9-fe02-0c1a5085abd7">
      <Execution id="53e0d8a8-7b4e-4f95-aa59-b0a1d1a5a854" />
      <TestMethod codeBase="C:\Projekty\xUnitTestProject\bin\Debug\netcoreapp3.1\xUnitTestProject.dll" adapterTypeName="executor://xunit/VsTestRunner2/netcoreapp" className="xUnitTestProject.CurrencyHelperTests" name="FormatToStringTest1000" />
    </UnitTest>
    <UnitTest name="xUnitTestProject.CurrencyHelperTests.FormatToStringTest1000(price: 748.6264857065987, expected: &quot;748.63 zł&quot;)" storage="c:\projekty\xunittestproject\bin\debug\netcoreapp3.1\xunittestproject.dll" id="927355f0-db19-7988-f19c-ec0494e2f5d9">
      <Execution id="0e5e58be-c07b-4f67-9d4b-63c485498ae6" />
      <TestMethod codeBase="C:\Projekty\xUnitTestProject\bin\Debug\netcoreapp3.1\xUnitTestProject.dll" adapterTypeName="executor://xunit/VsTestRunner2/netcoreapp" className="xUnitTestProject.CurrencyHelperTests" name="FormatToStringTest1000" />
    </UnitTest>
    <UnitTest name="xUnitTestProject.CurrencyHelperTests.FormatToStringTest1000(price: 19603.69286519321, expected: &quot;19603.69 zł&quot;)" storage="c:\projekty\xunittestproject\bin\debug\netcoreapp3.1\xunittestproject.dll" id="e8631f54-2451-193b-aa4f-8be567b318eb">
      <Execution id="d5871dc7-bd8e-4398-b1e0-31a11cb4e276" />
      <TestMethod codeBase="C:\Projekty\xUnitTestProject\bin\Debug\netcoreapp3.1\xUnitTestProject.dll" adapterTypeName="executor://xunit/VsTestRunner2/netcoreapp" className="xUnitTestProject.CurrencyHelperTests" name="FormatToStringTest1000" />
    </UnitTest>
    <UnitTest name="xUnitTestProject.CurrencyHelperTests.FormatToStringTest1000(price: 6838.422316571894, expected: &quot;6838.42 zł&quot;)" storage="c:\projekty\xunittestproject\bin\debug\netcoreapp3.1\xunittestproject.dll" id="b163eddc-fed2-8a3f-de92-54285bf94b6d">
      <Execution id="6dea11fe-4a7c-4de3-9455-199fff7f5af2" />
      <TestMethod codeBase="C:\Projekty\xUnitTestProject\bin\Debug\netcoreapp3.1\xUnitTestProject.dll" adapterTypeName="executor://xunit/VsTestRunner2/netcoreapp" className="xUnitTestProject.CurrencyHelperTests" name="FormatToStringTest1000" />
    </UnitTest>
    <UnitTest name="xUnitTestProject.CurrencyHelperTests.FormatToStringTest1000(price: 14867.726341984107, expected: &quot;14867.73 zł&quot;)" storage="c:\projekty\xunittestproject\bin\debug\netcoreapp3.1\xunittestproject.dll" id="c15129d5-d936-d35a-141a-341775ad7af1">
      <Execution id="5ad60457-cbaa-43dd-bd59-adc4f65d540f" />
      <TestMethod codeBase="C:\Projekty\xUnitTestProject\bin\Debug\netcoreapp3.1\xUnitTestProject.dll" adapterTypeName="executor://xunit/VsTestRunner2/netcoreapp" className="xUnitTestProject.CurrencyHelperTests" name="FormatToStringTest1000" />
    </UnitTest>
    <UnitTest name="xUnitTestProject.CurrencyHelperTests.FormatToStringTest1000(price: 10268.547802396373, expected: &quot;10268.55 zł&quot;)" storage="c:\projekty\xunittestproject\bin\debug\netcoreapp3.1\xunittestproject.dll" id="972bb963-9a87-7070-029b-8643f34bbb6c">
      <Execution id="88bfda7f-fedd-4f68-85f9-44975ede7383" />
      <TestMethod codeBase="C:\Projekty\xUnitTestProject\bin\Debug\netcoreapp3.1\xUnitTestProject.dll" adapterTypeName="executor://xunit/VsTestRunner2/netcoreapp" className="xUnitTestProject.CurrencyHelperTests" name="FormatToStringTest1000" />
    </UnitTest>
    <UnitTest name="xUnitTestProject.CurrencyHelperTests.FormatToStringTest1000(price: 8095.485677032492, expected: &quot;8095.49 zł&quot;)" storage="c:\projekty\xunittestproject\bin\debug\netcoreapp3.1\xunittestproject.dll" id="2f6b6911-3bf0-1f4d-b85f-0561bbc969cd">
      <Execution id="b659bb9c-3c71-44b3-b97c-7cc12b129323" />
      <TestMethod codeBase="C:\Projekty\xUnitTestProject\bin\Debug\netcoreapp3.1\xUnitTestProject.dll" adapterTypeName="executor://xunit/VsTestRunner2/netcoreapp" className="xUnitTestProject.CurrencyHelperTests" name="FormatToStringTest1000" />
    </UnitTest>
    <UnitTest name="xUnitTestProject.CurrencyHelperTests.FormatToStringTest1000(price: 9774.341362926803, expected: &quot;9774.34 zł&quot;)" storage="c:\projekty\xunittestproject\bin\debug\netcoreapp3.1\xunittestproject.dll" id="9a2bcce2-54c7-2ac9-248c-c072785d5cf2">
      <Execution id="a0a755b3-0e48-47b7-a238-468606c3d3de" />
      <TestMethod codeBase="C:\Projekty\xUnitTestProject\bin\Debug\netcoreapp3.1\xUnitTestProject.dll" adapterTypeName="executor://xunit/VsTestRunner2/netcoreapp" className="xUnitTestProject.CurrencyHelperTests" name="FormatToStringTest1000" />
    </UnitTest>
    <UnitTest name="xUnitTestProject.CurrencyHelperTests.FormatToStringTest1000(price: 28987.862854782896, expected: &quot;28987.86 zł&quot;)" storage="c:\projekty\xunittestproject\bin\debug\netcoreapp3.1\xunittestproject.dll" id="0d82bc84-08a9-ffda-b09d-d44b4e74eec6">
      <Execution id="67a33ca6-dd68-4477-8ef4-dace42d44a6f" />
      <TestMethod codeBase="C:\Projekty\xUnitTestProject\bin\Debug\netcoreapp3.1\xUnitTestProject.dll" adapterTypeName="executor://xunit/VsTestRunner2/netcoreapp" className="xUnitTestProject.CurrencyHelperTests" name="FormatToStringTest1000" />
    </UnitTest>
    <UnitTest name="xUnitTestProject.CurrencyHelperTests.FormatToStringTest1000(price: 11175.438820935526, expected: &quot;11175.44 zł&quot;)" storage="c:\projekty\xunittestproject\bin\debug\netcoreapp3.1\xunittestproject.dll" id="d6ed6531-54c3-2edf-18c7-ddb0279f678b">
      <Execution id="40901076-b986-4cf5-8378-69ed0a3c0806" />
      <TestMethod codeBase="C:\Projekty\xUnitTestProject\bin\Debug\netcoreapp3.1\xUnitTestProject.dll" adapterTypeName="executor://xunit/VsTestRunner2/netcoreapp" className="xUnitTestProject.CurrencyHelperTests" name="FormatToStringTest1000" />
    </UnitTest>
    <UnitTest name="xUnitTestProject.CurrencyHelperTests.FormatToStringTest1000(price: 47672.66266041652, expected: &quot;47672.66 zł&quot;)" storage="c:\projekty\xunittestproject\bin\debug\netcoreapp3.1\xunittestproject.dll" id="e0c34032-6c79-2d9c-b6af-6955c63a9e30">
      <Execution id="227efd14-f153-4055-b2f0-e7930c5ffb79" />
      <TestMethod codeBase="C:\Projekty\xUnitTestProject\bin\Debug\netcoreapp3.1\xUnitTestProject.dll" adapterTypeName="executor://xunit/VsTestRunner2/netcoreapp" className="xUnitTestProject.CurrencyHelperTests" name="FormatToStringTest1000" />
    </UnitTest>
    <UnitTest name="xUnitTestProject.CurrencyHelperTests.FormatToStringTest1000(price: 7458.609645228652, expected: &quot;7458.61 zł&quot;)" storage="c:\projekty\xunittestproject\bin\debug\netcoreapp3.1\xunittestproject.dll" id="8034b7ee-c5e3-314c-6310-8984871301b7">
      <Execution id="fbe7d9d0-5bae-4c97-97b0-98f6b02107c9" />
      <TestMethod codeBase="C:\Projekty\xUnitTestProject\bin\Debug\netcoreapp3.1\xUnitTestProject.dll" adapterTypeName="executor://xunit/VsTestRunner2/netcoreapp" className="xUnitTestProject.CurrencyHelperTests" name="FormatToStringTest1000" />
    </UnitTest>
    <UnitTest name="xUnitTestProject.CurrencyHelperTests.FormatToStringTest1000(price: 30126.012320622805, expected: &quot;30126.01 zł&quot;)" storage="c:\projekty\xunittestproject\bin\debug\netcoreapp3.1\xunittestproject.dll" id="4b28c4f2-243a-8c78-12a1-344fb80c29cf">
      <Execution id="430a538c-c55c-46de-9930-07117c5db7f4" />
      <TestMethod codeBase="C:\Projekty\xUnitTestProject\bin\Debug\netcoreapp3.1\xUnitTestProject.dll" adapterTypeName="executor://xunit/VsTestRunner2/netcoreapp" className="xUnitTestProject.CurrencyHelperTests" name="FormatToStringTest1000" />
    </UnitTest>
    <UnitTest name="xUnitTestProject.CurrencyHelperTests.FormatToStringTest1000(price: 25376.6225052097, expected: &quot;25376.62 zł&quot;)" storage="c:\projekty\xunittestproject\bin\debug\netcoreapp3.1\xunittestproject.dll" id="8491f0a3-ed14-5fdd-d64c-af335660b6b8">
      <Execution id="24f307e8-531f-41b4-a6f2-e0a4a694543a" />
      <TestMethod codeBase="C:\Projekty\xUnitTestProject\bin\Debug\netcoreapp3.1\xUnitTestProject.dll" adapterTypeName="executor://xunit/VsTestRunner2/netcoreapp" className="xUnitTestProject.CurrencyHelperTests" name="FormatToStringTest1000" />
    </UnitTest>
    <UnitTest name="xUnitTestProject.CurrencyHelperTests.FormatToStringTest1000(price: 26468.346804109562, expected: &quot;26468.35 zł&quot;)" storage="c:\projekty\xunittestproject\bin\debug\netcoreapp3.1\xunittestproject.dll" id="df465776-c4f6-f76e-1fec-b3cfe705b591">
      <Execution id="660144cb-5dc9-434e-b465-177eb64dd2a0" />
      <TestMethod codeBase="C:\Projekty\xUnitTestProject\bin\Debug\netcoreapp3.1\xUnitTestProject.dll" adapterTypeName="executor://xunit/VsTestRunner2/netcoreapp" className="xUnitTestProject.CurrencyHelperTests" name="FormatToStringTest1000" />
    </UnitTest>
    <UnitTest name="xUnitTestProject.CurrencyHelperTests.FormatToStringTest1000(price: 7050.437505805137, expected: &quot;7050.44 zł&quot;)" storage="c:\projekty\xunittestproject\bin\debug\netcoreapp3.1\xunittestproject.dll" id="297d2ce6-e7ea-8d5e-9134-2d6e61b4337c">
      <Execution id="0b370217-e4e1-4e82-911c-881dfda15fec" />
      <TestMethod codeBase="C:\Projekty\xUnitTestProject\bin\Debug\netcoreapp3.1\xUnitTestProject.dll" adapterTypeName="executor://xunit/VsTestRunner2/netcoreapp" className="xUnitTestProject.CurrencyHelperTests" name="FormatToStringTest1000" />
    </UnitTest>
    <UnitTest name="xUnitTestProject.CurrencyHelperTests.FormatToStringTest1000(price: 82228.32322510486, expected: &quot;82228.32 zł&quot;)" storage="c:\projekty\xunittestproject\bin\debug\netcoreapp3.1\xunittestproject.dll" id="0014f817-c5c9-87d1-3e8c-ecffc3678e52">
      <Execution id="4dcbcddd-9096-48f4-b0f0-fdec5c20fe55" />
      <TestMethod codeBase="C:\Projekty\xUnitTestProject\bin\Debug\netcoreapp3.1\xUnitTestProject.dll" adapterTypeName="executor://xunit/VsTestRunner2/netcoreapp" className="xUnitTestProject.CurrencyHelperTests" name="FormatToStringTest1000" />
    </UnitTest>
    <UnitTest name="xUnitTestProject.CurrencyHelperTests.FormatToStringTest1000(price: 6466.872242818062, expected: &quot;6466.87 zł&quot;)" storage="c:\projekty\xunittestproject\bin\debug\netcoreapp3.1\xunittestproject.dll" id="07878353-6799-84f6-4a3b-1ffc56ae1d1d">
      <Execution id="d76749da-3aa5-425d-8fd7-458267922259" />
      <TestMethod codeBase="C:\Projekty\xUnitTestProject\bin\Debug\netcoreapp3.1\xUnitTestProject.dll" adapterTypeName="executor://xunit/VsTestRunner2/netcoreapp" className="xUnitTestProject.CurrencyHelperTests" name="FormatToStringTest1000" />
    </UnitTest>
    <UnitTest name="xUnitTestProject.CurrencyHelperTests.FormatToStringTest1000(price: 44677.61946778074, expected: &quot;44677.62 zł&quot;)" storage="c:\projekty\xunittestproject\bin\debug\netcoreapp3.1\xunittestproject.dll" id="b4c4dec7-1c5b-811f-ea83-760608d514fd">
      <Execution id="ff6a8206-7b97-468a-bfe8-d3c75be072ad" />
      <TestMethod codeBase="C:\Projekty\xUnitTestProject\bin\Debug\netcoreapp3.1\xUnitTestProject.dll" adapterTypeName="executor://xunit/VsTestRunner2/netcoreapp" className="xUnitTestProject.CurrencyHelperTests" name="FormatToStringTest1000" />
    </UnitTest>
    <UnitTest name="xUnitTestProject.CurrencyHelperTests.FormatToStringTest1000(price: 41368.29672956015, expected: &quot;41368.30 zł&quot;)" storage="c:\projekty\xunittestproject\bin\debug\netcoreapp3.1\xunittestproject.dll" id="ff67ffea-ea63-9682-e246-a48f70d1fb56">
      <Execution id="f3256b6f-e734-4f61-a2bf-df157137a97d" />
      <TestMethod codeBase="C:\Projekty\xUnitTestProject\bin\Debug\netcoreapp3.1\xUnitTestProject.dll" adapterTypeName="executor://xunit/VsTestRunner2/netcoreapp" className="xUnitTestProject.CurrencyHelperTests" name="FormatToStringTest1000" />
    </UnitTest>
    <UnitTest name="xUnitTestProject.CurrencyHelperTests.FormatToStringTest1000(price: 28306.369434126827, expected: &quot;28306.37 zł&quot;)" storage="c:\projekty\xunittestproject\bin\debug\netcoreapp3.1\xunittestproject.dll" id="2031700b-98b7-ff2b-f550-00f3842fd04f">
      <Execution id="331d3645-2d57-4183-a877-d10b022badfa" />
      <TestMethod codeBase="C:\Projekty\xUnitTestProject\bin\Debug\netcoreapp3.1\xUnitTestProject.dll" adapterTypeName="executor://xunit/VsTestRunner2/netcoreapp" className="xUnitTestProject.CurrencyHelperTests" name="FormatToStringTest1000" />
    </UnitTest>
    <UnitTest name="xUnitTestProject.CurrencyHelperTests.FormatToStringTest1000(price: 33245.44763357819, expected: &quot;33245.45 zł&quot;)" storage="c:\projekty\xunittestproject\bin\debug\netcoreapp3.1\xunittestproject.dll" id="ead5e525-476c-e9b0-a913-d40736b344c3">
      <Execution id="20217bb3-0fad-4dda-82c0-1b70415772f0" />
      <TestMethod codeBase="C:\Projekty\xUnitTestProject\bin\Debug\netcoreapp3.1\xUnitTestProject.dll" adapterTypeName="executor://xunit/VsTestRunner2/netcoreapp" className="xUnitTestProject.CurrencyHelperTests" name="FormatToStringTest1000" />
    </UnitTest>
    <UnitTest name="xUnitTestProject.CurrencyHelperTests.FormatToStringTest1000(price: 68770.73008707525, expected: &quot;68770.73 zł&quot;)" storage="c:\projekty\xunittestproject\bin\debug\netcoreapp3.1\xunittestproject.dll" id="123932a6-c3cf-7fb9-5ef5-34297fb3a837">
      <Execution id="f880d4f5-a111-4295-a7c0-22210685ed93" />
      <TestMethod codeBase="C:\Projekty\xUnitTestProject\bin\Debug\netcoreapp3.1\xUnitTestProject.dll" adapterTypeName="executor://xunit/VsTestRunner2/netcoreapp" className="xUnitTestProject.CurrencyHelperTests" name="FormatToStringTest1000" />
    </UnitTest>
    <UnitTest name="xUnitTestProject.CurrencyHelperTests.FormatToStringTest1000(price: 1898.24149096489, expected: &quot;1898.24 zł&quot;)" storage="c:\projekty\xunittestproject\bin\debug\netcoreapp3.1\xunittestproject.dll" id="237b1260-5bf2-21f1-fab1-5f4efe94ad6e">
      <Execution id="8f6403bb-51cf-4c4f-b9db-2693da65f2cd" />
      <TestMethod codeBase="C:\Projekty\xUnitTestProject\bin\Debug\netcoreapp3.1\xUnitTestProject.dll" adapterTypeName="executor://xunit/VsTestRunner2/netcoreapp" className="xUnitTestProject.CurrencyHelperTests" name="FormatToStringTest1000" />
    </UnitTest>
    <UnitTest name="xUnitTestProject.CurrencyHelperTests.FormatToStringTest1000(price: 10784.438152511344, expected: &quot;10784.44 zł&quot;)" storage="c:\projekty\xunittestproject\bin\debug\netcoreapp3.1\xunittestproject.dll" id="575b3040-83fc-2437-91d5-9ac3f2af85b4">
      <Execution id="11e8d8be-686a-441e-81dd-63f42ddf6fde" />
      <TestMethod codeBase="C:\Projekty\xUnitTestProject\bin\Debug\netcoreapp3.1\xUnitTestProject.dll" adapterTypeName="executor://xunit/VsTestRunner2/netcoreapp" className="xUnitTestProject.CurrencyHelperTests" name="FormatToStringTest1000" />
    </UnitTest>
    <UnitTest name="xUnitTestProject.CurrencyHelperTests.FormatToStringTest1000(price: 57564.498126061866, expected: &quot;57564.50 zł&quot;)" storage="c:\projekty\xunittestproject\bin\debug\netcoreapp3.1\xunittestproject.dll" id="102bb5fe-d832-e7b4-1cec-260995c71130">
      <Execution id="fb7dbb94-822c-4483-bced-a00efacfbf06" />
      <TestMethod codeBase="C:\Projekty\xUnitTestProject\bin\Debug\netcoreapp3.1\xUnitTestProject.dll" adapterTypeName="executor://xunit/VsTestRunner2/netcoreapp" className="xUnitTestProject.CurrencyHelperTests" name="FormatToStringTest1000" />
    </UnitTest>
    <UnitTest name="xUnitTestProject.CurrencyHelperTests.FormatToStringTest1000(price: 9897.705953436767, expected: &quot;9897.71 zł&quot;)" storage="c:\projekty\xunittestproject\bin\debug\netcoreapp3.1\xunittestproject.dll" id="281669ef-629b-f1d2-33b2-c7fad7ee0226">
      <Execution id="2de614b6-a177-4e63-90ba-98cb381dffd7" />
      <TestMethod codeBase="C:\Projekty\xUnitTestProject\bin\Debug\netcoreapp3.1\xUnitTestProject.dll" adapterTypeName="executor://xunit/VsTestRunner2/netcoreapp" className="xUnitTestProject.CurrencyHelperTests" name="FormatToStringTest1000" />
    </UnitTest>
    <UnitTest name="xUnitTestProject.CurrencyHelperTests.FormatToStringTest1000(price: 43424.45140075332, expected: &quot;43424.45 zł&quot;)" storage="c:\projekty\xunittestproject\bin\debug\netcoreapp3.1\xunittestproject.dll" id="e63012a7-c6dd-105c-5599-46a75e19ac35">
      <Execution id="b8f66542-257a-4971-88f1-8eb7f699a837" />
      <TestMethod codeBase="C:\Projekty\xUnitTestProject\bin\Debug\netcoreapp3.1\xUnitTestProject.dll" adapterTypeName="executor://xunit/VsTestRunner2/netcoreapp" className="xUnitTestProject.CurrencyHelperTests" name="FormatToStringTest1000" />
    </UnitTest>
    <UnitTest name="xUnitTestProject.CurrencyHelperTests.FormatToStringTest1000(price: 31163.834562352316, expected: &quot;31163.83 zł&quot;)" storage="c:\projekty\xunittestproject\bin\debug\netcoreapp3.1\xunittestproject.dll" id="2f5e415d-a063-a3ff-febb-2ffdc85ba98d">
      <Execution id="4574c901-cb3b-4d17-94c5-feeb21df7b6e" />
      <TestMethod codeBase="C:\Projekty\xUnitTestProject\bin\Debug\netcoreapp3.1\xUnitTestProject.dll" adapterTypeName="executor://xunit/VsTestRunner2/netcoreapp" className="xUnitTestProject.CurrencyHelperTests" name="FormatToStringTest1000" />
    </UnitTest>
    <UnitTest name="xUnitTestProject.CurrencyHelperTests.FormatToStringTest1000(price: 9816.961298880615, expected: &quot;9816.96 zł&quot;)" storage="c:\projekty\xunittestproject\bin\debug\netcoreapp3.1\xunittestproject.dll" id="d2e288cb-5b2d-9b97-c7c0-aed9f363013c">
      <Execution id="46d7602d-ae32-447e-ae15-d98c766e89c4" />
      <TestMethod codeBase="C:\Projekty\xUnitTestProject\bin\Debug\netcoreapp3.1\xUnitTestProject.dll" adapterTypeName="executor://xunit/VsTestRunner2/netcoreapp" className="xUnitTestProject.CurrencyHelperTests" name="FormatToStringTest1000" />
    </UnitTest>
    <UnitTest name="xUnitTestProject.CurrencyHelperTests.FormatToStringTest1000(price: 14137.400697779563, expected: &quot;14137.40 zł&quot;)" storage="c:\projekty\xunittestproject\bin\debug\netcoreapp3.1\xunittestproject.dll" id="5b2fabb4-e059-962c-348f-3355cdc7486e">
      <Execution id="6962543e-016b-4190-b4d3-46c967d9f6b6" />
      <TestMethod codeBase="C:\Projekty\xUnitTestProject\bin\Debug\netcoreapp3.1\xUnitTestProject.dll" adapterTypeName="executor://xunit/VsTestRunner2/netcoreapp" className="xUnitTestProject.CurrencyHelperTests" name="FormatToStringTest1000" />
    </UnitTest>
    <UnitTest name="xUnitTestProject.CurrencyHelperTests.FormatToStringTest1000(price: 32218.080508120394, expected: &quot;32218.08 zł&quot;)" storage="c:\projekty\xunittestproject\bin\debug\netcoreapp3.1\xunittestproject.dll" id="abc33cd0-29a9-07f5-4aa9-4d70e8dec4a4">
      <Execution id="0fbd618b-0dc2-4355-a091-87d69651f6b1" />
      <TestMethod codeBase="C:\Projekty\xUnitTestProject\bin\Debug\netcoreapp3.1\xUnitTestProject.dll" adapterTypeName="executor://xunit/VsTestRunner2/netcoreapp" className="xUnitTestProject.CurrencyHelperTests" name="FormatToStringTest1000" />
    </UnitTest>
    <UnitTest name="xUnitTestProject.CurrencyHelperTests.FormatToStringTest1000(price: 6550.421588937948, expected: &quot;6550.42 zł&quot;)" storage="c:\projekty\xunittestproject\bin\debug\netcoreapp3.1\xunittestproject.dll" id="4e1f3ab2-e30f-84ab-8c3f-ffbda0a749a7">
      <Execution id="86286b98-5a29-41e2-b4c0-392142caccdf" />
      <TestMethod codeBase="C:\Projekty\xUnitTestProject\bin\Debug\netcoreapp3.1\xUnitTestProject.dll" adapterTypeName="executor://xunit/VsTestRunner2/netcoreapp" className="xUnitTestProject.CurrencyHelperTests" name="FormatToStringTest1000" />
    </UnitTest>
    <UnitTest name="xUnitTestProject.CurrencyHelperTests.FormatToStringTest1000(price: 42555.01416107594, expected: &quot;42555.01 zł&quot;)" storage="c:\projekty\xunittestproject\bin\debug\netcoreapp3.1\xunittestproject.dll" id="97fa9539-2f5b-d008-d8ef-c0d60778ca89">
      <Execution id="3ae1cb49-84e0-4fdf-8c61-ed6478db4899" />
      <TestMethod codeBase="C:\Projekty\xUnitTestProject\bin\Debug\netcoreapp3.1\xUnitTestProject.dll" adapterTypeName="executor://xunit/VsTestRunner2/netcoreapp" className="xUnitTestProject.CurrencyHelperTests" name="FormatToStringTest1000" />
    </UnitTest>
    <UnitTest name="xUnitTestProject.CurrencyHelperTests.FormatToStringTest1000(price: 32632.105531036905, expected: &quot;32632.11 zł&quot;)" storage="c:\projekty\xunittestproject\bin\debug\netcoreapp3.1\xunittestproject.dll" id="7514081f-0084-9527-726e-372a541e02c5">
      <Execution id="21064308-174b-4252-8eed-c4eb6b558be5" />
      <TestMethod codeBase="C:\Projekty\xUnitTestProject\bin\Debug\netcoreapp3.1\xUnitTestProject.dll" adapterTypeName="executor://xunit/VsTestRunner2/netcoreapp" className="xUnitTestProject.CurrencyHelperTests" name="FormatToStringTest1000" />
    </UnitTest>
    <UnitTest name="xUnitTestProject.CurrencyHelperTests.FormatToStringTest1000(price: 270.1894008262033, expected: &quot;270.19 zł&quot;)" storage="c:\projekty\xunittestproject\bin\debug\netcoreapp3.1\xunittestproject.dll" id="c3c40199-4dcb-06d9-bd7e-201cb412e68f">
      <Execution id="a8ef9d0b-ab74-424e-aed1-88af9013c977" />
      <TestMethod codeBase="C:\Projekty\xUnitTestProject\bin\Debug\netcoreapp3.1\xUnitTestProject.dll" adapterTypeName="executor://xunit/VsTestRunner2/netcoreapp" className="xUnitTestProject.CurrencyHelperTests" name="FormatToStringTest1000" />
    </UnitTest>
    <UnitTest name="xUnitTestProject.CurrencyHelperTests.FormatToStringTest1000(price: 15313.083673952653, expected: &quot;15313.08 zł&quot;)" storage="c:\projekty\xunittestproject\bin\debug\netcoreapp3.1\xunittestproject.dll" id="de2d22dc-e411-4a1b-48db-f6f07906b5fb">
      <Execution id="2bc61cab-6cb8-4b14-b4ee-56d61fdd4490" />
      <TestMethod codeBase="C:\Projekty\xUnitTestProject\bin\Debug\netcoreapp3.1\xUnitTestProject.dll" adapterTypeName="executor://xunit/VsTestRunner2/netcoreapp" className="xUnitTestProject.CurrencyHelperTests" name="FormatToStringTest1000" />
    </UnitTest>
    <UnitTest name="xUnitTestProject.CurrencyHelperTests.FormatToStringTest1000(price: 15129.433864736666, expected: &quot;15129.43 zł&quot;)" storage="c:\projekty\xunittestproject\bin\debug\netcoreapp3.1\xunittestproject.dll" id="fb7bf331-bde6-9156-c7eb-687415ce01f4">
      <Execution id="b1884be3-c8ea-4e2a-8f92-fc5da8c80f2d" />
      <TestMethod codeBase="C:\Projekty\xUnitTestProject\bin\Debug\netcoreapp3.1\xUnitTestProject.dll" adapterTypeName="executor://xunit/VsTestRunner2/netcoreapp" className="xUnitTestProject.CurrencyHelperTests" name="FormatToStringTest1000" />
    </UnitTest>
    <UnitTest name="xUnitTestProject.CurrencyHelperTests.FormatToStringTest1000(price: 31315.40354898544, expected: &quot;31315.40 zł&quot;)" storage="c:\projekty\xunittestproject\bin\debug\netcoreapp3.1\xunittestproject.dll" id="2cd8497b-7c7c-c528-555b-f107e750a1a0">
      <Execution id="c65003d2-1b1e-4dec-b5d4-a540e1780485" />
      <TestMethod codeBase="C:\Projekty\xUnitTestProject\bin\Debug\netcoreapp3.1\xUnitTestProject.dll" adapterTypeName="executor://xunit/VsTestRunner2/netcoreapp" className="xUnitTestProject.CurrencyHelperTests" name="FormatToStringTest1000" />
    </UnitTest>
    <UnitTest name="xUnitTestProject.CurrencyHelperTests.FormatToStringTest1000(price: 40889.35187774214, expected: &quot;40889.35 zł&quot;)" storage="c:\projekty\xunittestproject\bin\debug\netcoreapp3.1\xunittestproject.dll" id="72e011e2-bf27-7ea5-75f9-295f8504211f">
      <Execution id="0a3c238c-fe9e-4d05-b74c-a7dd0970a8fd" />
      <TestMethod codeBase="C:\Projekty\xUnitTestProject\bin\Debug\netcoreapp3.1\xUnitTestProject.dll" adapterTypeName="executor://xunit/VsTestRunner2/netcoreapp" className="xUnitTestProject.CurrencyHelperTests" name="FormatToStringTest1000" />
    </UnitTest>
    <UnitTest name="xUnitTestProject.CurrencyHelperTests.FormatToStringTest1000(price: 9558.453124931293, expected: &quot;9558.45 zł&quot;)" storage="c:\projekty\xunittestproject\bin\debug\netcoreapp3.1\xunittestproject.dll" id="bcd181d1-3270-76f5-9678-f35a85b0fff1">
      <Execution id="35a8e572-7e54-4794-b900-42ba51b804d2" />
      <TestMethod codeBase="C:\Projekty\xUnitTestProject\bin\Debug\netcoreapp3.1\xUnitTestProject.dll" adapterTypeName="executor://xunit/VsTestRunner2/netcoreapp" className="xUnitTestProject.CurrencyHelperTests" name="FormatToStringTest1000" />
    </UnitTest>
    <UnitTest name="xUnitTestProject.CurrencyHelperTests.FormatToStringTest1000(price: 972.1468308629221, expected: &quot;972.15 zł&quot;)" storage="c:\projekty\xunittestproject\bin\debug\netcoreapp3.1\xunittestproject.dll" id="3c1ea8ba-f2b4-a355-28eb-de4dee6b9be9">
      <Execution id="e48ae893-4e83-4d92-858c-92795b75d4c6" />
      <TestMethod codeBase="C:\Projekty\xUnitTestProject\bin\Debug\netcoreapp3.1\xUnitTestProject.dll" adapterTypeName="executor://xunit/VsTestRunner2/netcoreapp" className="xUnitTestProject.CurrencyHelperTests" name="FormatToStringTest1000" />
    </UnitTest>
    <UnitTest name="xUnitTestProject.CurrencyHelperTests.FormatToStringTest1000(price: 24646.322657574587, expected: &quot;24646.32 zł&quot;)" storage="c:\projekty\xunittestproject\bin\debug\netcoreapp3.1\xunittestproject.dll" id="ba7d1414-f471-8c90-0af7-54df538160f7">
      <Execution id="2a484286-daae-4752-8056-34c380e6f28a" />
      <TestMethod codeBase="C:\Projekty\xUnitTestProject\bin\Debug\netcoreapp3.1\xUnitTestProject.dll" adapterTypeName="executor://xunit/VsTestRunner2/netcoreapp" className="xUnitTestProject.CurrencyHelperTests" name="FormatToStringTest1000" />
    </UnitTest>
    <UnitTest name="xUnitTestProject.CurrencyHelperTests.FormatToStringTest1000(price: 12528.413830086782, expected: &quot;12528.41 zł&quot;)" storage="c:\projekty\xunittestproject\bin\debug\netcoreapp3.1\xunittestproject.dll" id="598d9a80-ba03-040c-39ba-536b5b6632f4">
      <Execution id="6fb4e342-0ed9-46d8-ae3a-40e55c9e9ad1" />
      <TestMethod codeBase="C:\Projekty\xUnitTestProject\bin\Debug\netcoreapp3.1\xUnitTestProject.dll" adapterTypeName="executor://xunit/VsTestRunner2/netcoreapp" className="xUnitTestProject.CurrencyHelperTests" name="FormatToStringTest1000" />
    </UnitTest>
    <UnitTest name="xUnitTestProject.CurrencyHelperTests.FormatToStringTest1000(price: 9097.395563790293, expected: &quot;9097.40 zł&quot;)" storage="c:\projekty\xunittestproject\bin\debug\netcoreapp3.1\xunittestproject.dll" id="2154354b-9164-5585-480c-7dedd5c54210">
      <Execution id="3c37efb8-b73c-410e-9d79-8a9b35aea89f" />
      <TestMethod codeBase="C:\Projekty\xUnitTestProject\bin\Debug\netcoreapp3.1\xUnitTestProject.dll" adapterTypeName="executor://xunit/VsTestRunner2/netcoreapp" className="xUnitTestProject.CurrencyHelperTests" name="FormatToStringTest1000" />
    </UnitTest>
    <UnitTest name="xUnitTestProject.CurrencyHelperTests.FormatToStringTest1000(price: 32566.30279101259, expected: &quot;32566.30 zł&quot;)" storage="c:\projekty\xunittestproject\bin\debug\netcoreapp3.1\xunittestproject.dll" id="f7339f67-966a-9543-e542-56a7562f05ad">
      <Execution id="65708d1e-8abc-4167-9d89-c9fb24d2fff9" />
      <TestMethod codeBase="C:\Projekty\xUnitTestProject\bin\Debug\netcoreapp3.1\xUnitTestProject.dll" adapterTypeName="executor://xunit/VsTestRunner2/netcoreapp" className="xUnitTestProject.CurrencyHelperTests" name="FormatToStringTest1000" />
    </UnitTest>
    <UnitTest name="xUnitTestProject.CurrencyHelperTests.FormatToStringTest1000(price: 31340.79231238914, expected: &quot;31340.79 zł&quot;)" storage="c:\projekty\xunittestproject\bin\debug\netcoreapp3.1\xunittestproject.dll" id="560147e0-585f-3c73-5235-3ae492c399e0">
      <Execution id="4d5f4cbb-4ce4-432d-b56b-e3e32d98ffc3" />
      <TestMethod codeBase="C:\Projekty\xUnitTestProject\bin\Debug\netcoreapp3.1\xUnitTestProject.dll" adapterTypeName="executor://xunit/VsTestRunner2/netcoreapp" className="xUnitTestProject.CurrencyHelperTests" name="FormatToStringTest1000" />
    </UnitTest>
    <UnitTest name="xUnitTestProject.CurrencyHelperTests.FormatToStringTest1000(price: 5759.256266560991, expected: &quot;5759.26 zł&quot;)" storage="c:\projekty\xunittestproject\bin\debug\netcoreapp3.1\xunittestproject.dll" id="99085e4f-7a45-28dd-d73e-76b910959f1c">
      <Execution id="f07e0b04-b419-40af-8f66-914d957bcd20" />
      <TestMethod codeBase="C:\Projekty\xUnitTestProject\bin\Debug\netcoreapp3.1\xUnitTestProject.dll" adapterTypeName="executor://xunit/VsTestRunner2/netcoreapp" className="xUnitTestProject.CurrencyHelperTests" name="FormatToStringTest1000" />
    </UnitTest>
    <UnitTest name="xUnitTestProject.CurrencyHelperTests.FormatToStringTest1000(price: 67380.07704875062, expected: &quot;67380.08 zł&quot;)" storage="c:\projekty\xunittestproject\bin\debug\netcoreapp3.1\xunittestproject.dll" id="c6cb5829-9900-78b4-ad40-ce24294fb2f7">
      <Execution id="05181271-c660-44b0-b7bc-1e205c7f1050" />
      <TestMethod codeBase="C:\Projekty\xUnitTestProject\bin\Debug\netcoreapp3.1\xUnitTestProject.dll" adapterTypeName="executor://xunit/VsTestRunner2/netcoreapp" className="xUnitTestProject.CurrencyHelperTests" name="FormatToStringTest1000" />
    </UnitTest>
    <UnitTest name="xUnitTestProject.CurrencyHelperTests.FormatToStringTest1000(price: 50550.645020282194, expected: &quot;50550.65 zł&quot;)" storage="c:\projekty\xunittestproject\bin\debug\netcoreapp3.1\xunittestproject.dll" id="5021544e-bd06-1c2d-b3df-c21b577ebfa2">
      <Execution id="cd30a24b-5ca4-42eb-8238-3a909da1271a" />
      <TestMethod codeBase="C:\Projekty\xUnitTestProject\bin\Debug\netcoreapp3.1\xUnitTestProject.dll" adapterTypeName="executor://xunit/VsTestRunner2/netcoreapp" className="xUnitTestProject.CurrencyHelperTests" name="FormatToStringTest1000" />
    </UnitTest>
    <UnitTest name="xUnitTestProject.CurrencyHelperTests.FormatToStringTest1000(price: 56373.35086238494, expected: &quot;56373.35 zł&quot;)" storage="c:\projekty\xunittestproject\bin\debug\netcoreapp3.1\xunittestproject.dll" id="daa9a8b5-17c1-3a27-8cd4-720e13369df8">
      <Execution id="e108f668-ff3b-4059-af20-9db3b82c2b0e" />
      <TestMethod codeBase="C:\Projekty\xUnitTestProject\bin\Debug\netcoreapp3.1\xUnitTestProject.dll" adapterTypeName="executor://xunit/VsTestRunner2/netcoreapp" className="xUnitTestProject.CurrencyHelperTests" name="FormatToStringTest1000" />
    </UnitTest>
    <UnitTest name="xUnitTestProject.CurrencyHelperTests.FormatToStringTest1000(price: 10457.593086045978, expected: &quot;10457.59 zł&quot;)" storage="c:\projekty\xunittestproject\bin\debug\netcoreapp3.1\xunittestproject.dll" id="d2ca44f4-b0fb-ea99-f88d-5612fe812eb3">
      <Execution id="0cbe4af4-c2a3-4788-b3be-69be5afb42c7" />
      <TestMethod codeBase="C:\Projekty\xUnitTestProject\bin\Debug\netcoreapp3.1\xUnitTestProject.dll" adapterTypeName="executor://xunit/VsTestRunner2/netcoreapp" className="xUnitTestProject.CurrencyHelperTests" name="FormatToStringTest1000" />
    </UnitTest>
    <UnitTest name="xUnitTestProject.CurrencyHelperTests.FormatToStringTest1000(price: 23548.88067407016, expected: &quot;23548.88 zł&quot;)" storage="c:\projekty\xunittestproject\bin\debug\netcoreapp3.1\xunittestproject.dll" id="da6c3e32-e713-64a5-d755-377865e086d4">
      <Execution id="9af95126-ab39-42a7-939b-d9f75b0c8c73" />
      <TestMethod codeBase="C:\Projekty\xUnitTestProject\bin\Debug\netcoreapp3.1\xUnitTestProject.dll" adapterTypeName="executor://xunit/VsTestRunner2/netcoreapp" className="xUnitTestProject.CurrencyHelperTests" name="FormatToStringTest1000" />
    </UnitTest>
    <UnitTest name="xUnitTestProject.CurrencyHelperTests.FormatToStringTest1000(price: 6417.5922460628635, expected: &quot;6417.59 zł&quot;)" storage="c:\projekty\xunittestproject\bin\debug\netcoreapp3.1\xunittestproject.dll" id="95359d07-8287-2be5-3354-cb2f7f60a3bf">
      <Execution id="ddb6bb10-3bb0-456a-9411-b18531c7635f" />
      <TestMethod codeBase="C:\Projekty\xUnitTestProject\bin\Debug\netcoreapp3.1\xUnitTestProject.dll" adapterTypeName="executor://xunit/VsTestRunner2/netcoreapp" className="xUnitTestProject.CurrencyHelperTests" name="FormatToStringTest1000" />
    </UnitTest>
    <UnitTest name="xUnitTestProject.CurrencyHelperTests.FormatToStringTest1000(price: 5611.05334835176, expected: &quot;5611.05 zł&quot;)" storage="c:\projekty\xunittestproject\bin\debug\netcoreapp3.1\xunittestproject.dll" id="a5d2d781-ed08-2478-bb45-1d4f50c82554">
      <Execution id="4b272361-5a8b-4d36-9de3-36d1364d5726" />
      <TestMethod codeBase="C:\Projekty\xUnitTestProject\bin\Debug\netcoreapp3.1\xUnitTestProject.dll" adapterTypeName="executor://xunit/VsTestRunner2/netcoreapp" className="xUnitTestProject.CurrencyHelperTests" name="FormatToStringTest1000" />
    </UnitTest>
    <UnitTest name="xUnitTestProject.CurrencyHelperTests.FormatToStringTest1000(price: 66019.32414194118, expected: &quot;66019.32 zł&quot;)" storage="c:\projekty\xunittestproject\bin\debug\netcoreapp3.1\xunittestproject.dll" id="502c40b3-55a9-ed63-c19a-b15f001d74e2">
      <Execution id="74880a65-7f27-4e27-9561-eaa6c36689b8" />
      <TestMethod codeBase="C:\Projekty\xUnitTestProject\bin\Debug\netcoreapp3.1\xUnitTestProject.dll" adapterTypeName="executor://xunit/VsTestRunner2/netcoreapp" className="xUnitTestProject.CurrencyHelperTests" name="FormatToStringTest1000" />
    </UnitTest>
    <UnitTest name="xUnitTestProject.CurrencyHelperTests.FormatToStringTest1000(price: 17579.823312525088, expected: &quot;17579.82 zł&quot;)" storage="c:\projekty\xunittestproject\bin\debug\netcoreapp3.1\xunittestproject.dll" id="9a9212ad-b798-7488-4494-e587449427c6">
      <Execution id="e932223e-0484-4ee4-8714-9c3ff2f07ea1" />
      <TestMethod codeBase="C:\Projekty\xUnitTestProject\bin\Debug\netcoreapp3.1\xUnitTestProject.dll" adapterTypeName="executor://xunit/VsTestRunner2/netcoreapp" className="xUnitTestProject.CurrencyHelperTests" name="FormatToStringTest1000" />
    </UnitTest>
    <UnitTest name="xUnitTestProject.CurrencyHelperTests.FormatToStringTest1000(price: 74851.91547305691, expected: &quot;74851.92 zł&quot;)" storage="c:\projekty\xunittestproject\bin\debug\netcoreapp3.1\xunittestproject.dll" id="15a5c8eb-0c90-a7e4-0dc8-5ce2be1587d5">
      <Execution id="77ced174-ef9d-498b-926d-c9a8a5981f76" />
      <TestMethod codeBase="C:\Projekty\xUnitTestProject\bin\Debug\netcoreapp3.1\xUnitTestProject.dll" adapterTypeName="executor://xunit/VsTestRunner2/netcoreapp" className="xUnitTestProject.CurrencyHelperTests" name="FormatToStringTest1000" />
    </UnitTest>
    <UnitTest name="xUnitTestProject.CurrencyHelperTests.FormatToStringTest1000(price: 3846.644792262765, expected: &quot;3846.64 zł&quot;)" storage="c:\projekty\xunittestproject\bin\debug\netcoreapp3.1\xunittestproject.dll" id="59fa5d82-f5a4-cb1c-ec41-0422b5d07418">
      <Execution id="1dcf03a1-bf3d-4aa4-86be-e96900dede0c" />
      <TestMethod codeBase="C:\Projekty\xUnitTestProject\bin\Debug\netcoreapp3.1\xUnitTestProject.dll" adapterTypeName="executor://xunit/VsTestRunner2/netcoreapp" className="xUnitTestProject.CurrencyHelperTests" name="FormatToStringTest1000" />
    </UnitTest>
    <UnitTest name="xUnitTestProject.CurrencyHelperTests.FormatToStringTest1000(price: 26686.08488193065, expected: &quot;26686.08 zł&quot;)" storage="c:\projekty\xunittestproject\bin\debug\netcoreapp3.1\xunittestproject.dll" id="8ff84779-95f5-a8f9-809e-e568d86ada77">
      <Execution id="d000d84c-8d82-4daf-9772-865a1b024d84" />
      <TestMethod codeBase="C:\Projekty\xUnitTestProject\bin\Debug\netcoreapp3.1\xUnitTestProject.dll" adapterTypeName="executor://xunit/VsTestRunner2/netcoreapp" className="xUnitTestProject.CurrencyHelperTests" name="FormatToStringTest1000" />
    </UnitTest>
    <UnitTest name="xUnitTestProject.CurrencyHelperTests.FormatToStringTest1000(price: 30533.30031120838, expected: &quot;30533.30 zł&quot;)" storage="c:\projekty\xunittestproject\bin\debug\netcoreapp3.1\xunittestproject.dll" id="dba976e4-619d-1846-93cf-501dc328971c">
      <Execution id="7ebfc623-fc81-4863-a443-784ef70b59e4" />
      <TestMethod codeBase="C:\Projekty\xUnitTestProject\bin\Debug\netcoreapp3.1\xUnitTestProject.dll" adapterTypeName="executor://xunit/VsTestRunner2/netcoreapp" className="xUnitTestProject.CurrencyHelperTests" name="FormatToStringTest1000" />
    </UnitTest>
    <UnitTest name="xUnitTestProject.CurrencyHelperTests.FormatToStringTest1000(price: 34951.47290410077, expected: &quot;34951.47 zł&quot;)" storage="c:\projekty\xunittestproject\bin\debug\netcoreapp3.1\xunittestproject.dll" id="c3b1d717-2998-1634-887e-572d42236e5b">
      <Execution id="f7db51dd-4aa6-44d2-b5e3-241ac1591fe1" />
      <TestMethod codeBase="C:\Projekty\xUnitTestProject\bin\Debug\netcoreapp3.1\xUnitTestProject.dll" adapterTypeName="executor://xunit/VsTestRunner2/netcoreapp" className="xUnitTestProject.CurrencyHelperTests" name="FormatToStringTest1000" />
    </UnitTest>
    <UnitTest name="xUnitTestProject.CurrencyHelperTests.FormatToStringTest1000(price: 44869.327020554025, expected: &quot;44869.33 zł&quot;)" storage="c:\projekty\xunittestproject\bin\debug\netcoreapp3.1\xunittestproject.dll" id="eb3e6893-2377-abc3-6bc4-b22d25b0ece8">
      <Execution id="476fad2e-8318-4cf3-9f88-ee363106935a" />
      <TestMethod codeBase="C:\Projekty\xUnitTestProject\bin\Debug\netcoreapp3.1\xUnitTestProject.dll" adapterTypeName="executor://xunit/VsTestRunner2/netcoreapp" className="xUnitTestProject.CurrencyHelperTests" name="FormatToStringTest1000" />
    </UnitTest>
    <UnitTest name="xUnitTestProject.CurrencyHelperTests.FormatToStringTest1000(price: 63291.50274994015, expected: &quot;63291.50 zł&quot;)" storage="c:\projekty\xunittestproject\bin\debug\netcoreapp3.1\xunittestproject.dll" id="4e2fa441-f609-cc78-7eb6-a2fea9348b3f">
      <Execution id="50cc2a73-6bab-48e6-bbcb-8bd30cb53b0b" />
      <TestMethod codeBase="C:\Projekty\xUnitTestProject\bin\Debug\netcoreapp3.1\xUnitTestProject.dll" adapterTypeName="executor://xunit/VsTestRunner2/netcoreapp" className="xUnitTestProject.CurrencyHelperTests" name="FormatToStringTest1000" />
    </UnitTest>
    <UnitTest name="xUnitTestProject.CurrencyHelperTests.FormatToStringTest1000(price: 34060.48467268724, expected: &quot;34060.48 zł&quot;)" storage="c:\projekty\xunittestproject\bin\debug\netcoreapp3.1\xunittestproject.dll" id="7e545621-7d10-75d6-0eb9-82dda8912c2c">
      <Execution id="bbeac3e2-b104-49fd-a6a6-4a40307aef8a" />
      <TestMethod codeBase="C:\Projekty\xUnitTestProject\bin\Debug\netcoreapp3.1\xUnitTestProject.dll" adapterTypeName="executor://xunit/VsTestRunner2/netcoreapp" className="xUnitTestProject.CurrencyHelperTests" name="FormatToStringTest1000" />
    </UnitTest>
    <UnitTest name="xUnitTestProject.CurrencyHelperTests.FormatToStringTest1000(price: 2409.393997763001, expected: &quot;2409.39 zł&quot;)" storage="c:\projekty\xunittestproject\bin\debug\netcoreapp3.1\xunittestproject.dll" id="cd5a26d8-2bfb-59a4-04b5-4f695fd431f8">
      <Execution id="9f10e5ea-c5a7-4de1-b2a9-4a3354446969" />
      <TestMethod codeBase="C:\Projekty\xUnitTestProject\bin\Debug\netcoreapp3.1\xUnitTestProject.dll" adapterTypeName="executor://xunit/VsTestRunner2/netcoreapp" className="xUnitTestProject.CurrencyHelperTests" name="FormatToStringTest1000" />
    </UnitTest>
    <UnitTest name="xUnitTestProject.CurrencyHelperTests.FormatToStringTest1000(price: 25882.451101077, expected: &quot;25882.45 zł&quot;)" storage="c:\projekty\xunittestproject\bin\debug\netcoreapp3.1\xunittestproject.dll" id="13946824-77dd-557e-ea95-b0f908b787b1">
      <Execution id="510a6714-d3ef-4918-aaac-60a6c7f5b9f2" />
      <TestMethod codeBase="C:\Projekty\xUnitTestProject\bin\Debug\netcoreapp3.1\xUnitTestProject.dll" adapterTypeName="executor://xunit/VsTestRunner2/netcoreapp" className="xUnitTestProject.CurrencyHelperTests" name="FormatToStringTest1000" />
    </UnitTest>
    <UnitTest name="xUnitTestProject.CurrencyHelperTests.FormatToStringTest1000(price: 62975.496334776515, expected: &quot;62975.50 zł&quot;)" storage="c:\projekty\xunittestproject\bin\debug\netcoreapp3.1\xunittestproject.dll" id="6590b071-f8b2-e4e3-3b40-027135dfc051">
      <Execution id="44c6a146-3433-459c-8cfd-928ed736ecc8" />
      <TestMethod codeBase="C:\Projekty\xUnitTestProject\bin\Debug\netcoreapp3.1\xUnitTestProject.dll" adapterTypeName="executor://xunit/VsTestRunner2/netcoreapp" className="xUnitTestProject.CurrencyHelperTests" name="FormatToStringTest1000" />
    </UnitTest>
    <UnitTest name="xUnitTestProject.CurrencyHelperTests.FormatToStringTest1000(price: 37387.37521261972, expected: &quot;37387.38 zł&quot;)" storage="c:\projekty\xunittestproject\bin\debug\netcoreapp3.1\xunittestproject.dll" id="0ed4f192-4727-c437-89cc-2b16440ebef0">
      <Execution id="d5ae2d3e-41ba-449a-82df-29cc668ca570" />
      <TestMethod codeBase="C:\Projekty\xUnitTestProject\bin\Debug\netcoreapp3.1\xUnitTestProject.dll" adapterTypeName="executor://xunit/VsTestRunner2/netcoreapp" className="xUnitTestProject.CurrencyHelperTests" name="FormatToStringTest1000" />
    </UnitTest>
    <UnitTest name="xUnitTestProject.CurrencyHelperTests.FormatToStringTest1000(price: 18786.954468002055, expected: &quot;18786.95 zł&quot;)" storage="c:\projekty\xunittestproject\bin\debug\netcoreapp3.1\xunittestproject.dll" id="81074b63-819a-5707-3f0a-c12b1496d111">
      <Execution id="2e4dba35-20c7-4f07-a2be-d28c9616a741" />
      <TestMethod codeBase="C:\Projekty\xUnitTestProject\bin\Debug\netcoreapp3.1\xUnitTestProject.dll" adapterTypeName="executor://xunit/VsTestRunner2/netcoreapp" className="xUnitTestProject.CurrencyHelperTests" name="FormatToStringTest1000" />
    </UnitTest>
    <UnitTest name="xUnitTestProject.CurrencyHelperTests.FormatToStringTest1000(price: 19840.47672110632, expected: &quot;19840.48 zł&quot;)" storage="c:\projekty\xunittestproject\bin\debug\netcoreapp3.1\xunittestproject.dll" id="a1a708d6-4e5d-1cbd-caa6-7047836e6788">
      <Execution id="b9e2fb74-ea34-427c-a333-993b686f28cb" />
      <TestMethod codeBase="C:\Projekty\xUnitTestProject\bin\Debug\netcoreapp3.1\xUnitTestProject.dll" adapterTypeName="executor://xunit/VsTestRunner2/netcoreapp" className="xUnitTestProject.CurrencyHelperTests" name="FormatToStringTest1000" />
    </UnitTest>
    <UnitTest name="xUnitTestProject.CurrencyHelperTests.FormatToStringTest1000(price: 11100.829211263372, expected: &quot;11100.83 zł&quot;)" storage="c:\projekty\xunittestproject\bin\debug\netcoreapp3.1\xunittestproject.dll" id="94f0cede-3e3b-c04d-89cc-8dfe2520972c">
      <Execution id="949b7bc0-caa4-4b8e-95be-1f002ccef5bb" />
      <TestMethod codeBase="C:\Projekty\xUnitTestProject\bin\Debug\netcoreapp3.1\xUnitTestProject.dll" adapterTypeName="executor://xunit/VsTestRunner2/netcoreapp" className="xUnitTestProject.CurrencyHelperTests" name="FormatToStringTest1000" />
    </UnitTest>
    <UnitTest name="xUnitTestProject.CurrencyHelperTests.FormatToStringTest1000(price: 14635.510547500808, expected: &quot;14635.51 zł&quot;)" storage="c:\projekty\xunittestproject\bin\debug\netcoreapp3.1\xunittestproject.dll" id="d0cd8d38-2083-8dfe-21da-1692537b41cc">
      <Execution id="987448b2-820b-4c8c-8000-78ffcd4318ee" />
      <TestMethod codeBase="C:\Projekty\xUnitTestProject\bin\Debug\netcoreapp3.1\xUnitTestProject.dll" adapterTypeName="executor://xunit/VsTestRunner2/netcoreapp" className="xUnitTestProject.CurrencyHelperTests" name="FormatToStringTest1000" />
    </UnitTest>
    <UnitTest name="xUnitTestProject.CurrencyHelperTests.FormatToStringTest1000(price: 598.1279707877561, expected: &quot;598.13 zł&quot;)" storage="c:\projekty\xunittestproject\bin\debug\netcoreapp3.1\xunittestproject.dll" id="5ae458e4-bb73-ceec-2cfb-1eb05d691961">
      <Execution id="550429cc-e9f1-4574-a320-8a0debc3c2f1" />
      <TestMethod codeBase="C:\Projekty\xUnitTestProject\bin\Debug\netcoreapp3.1\xUnitTestProject.dll" adapterTypeName="executor://xunit/VsTestRunner2/netcoreapp" className="xUnitTestProject.CurrencyHelperTests" name="FormatToStringTest1000" />
    </UnitTest>
    <UnitTest name="xUnitTestProject.CurrencyHelperTests.FormatToStringTest1000(price: 6958.393354767186, expected: &quot;6958.39 zł&quot;)" storage="c:\projekty\xunittestproject\bin\debug\netcoreapp3.1\xunittestproject.dll" id="83d0208c-cef3-bd49-264a-c0709c65e66e">
      <Execution id="8fe7cde7-ba10-4143-8afe-7af4ab19bbdb" />
      <TestMethod codeBase="C:\Projekty\xUnitTestProject\bin\Debug\netcoreapp3.1\xUnitTestProject.dll" adapterTypeName="executor://xunit/VsTestRunner2/netcoreapp" className="xUnitTestProject.CurrencyHelperTests" name="FormatToStringTest1000" />
    </UnitTest>
    <UnitTest name="xUnitTestProject.CurrencyHelperTests.FormatToStringTest1000(price: 73151.83675918348, expected: &quot;73151.84 zł&quot;)" storage="c:\projekty\xunittestproject\bin\debug\netcoreapp3.1\xunittestproject.dll" id="f8f9d6d7-bbea-21e2-5568-87ea7f6744b9">
      <Execution id="b1430e55-46d6-4f18-928d-6c83dee48ee2" />
      <TestMethod codeBase="C:\Projekty\xUnitTestProject\bin\Debug\netcoreapp3.1\xUnitTestProject.dll" adapterTypeName="executor://xunit/VsTestRunner2/netcoreapp" className="xUnitTestProject.CurrencyHelperTests" name="FormatToStringTest1000" />
    </UnitTest>
    <UnitTest name="xUnitTestProject.CurrencyHelperTests.FormatToStringTest1000(price: 1994.0983933439006, expected: &quot;1994.10 zł&quot;)" storage="c:\projekty\xunittestproject\bin\debug\netcoreapp3.1\xunittestproject.dll" id="19ecf0ec-9a79-ad70-9475-fee54b9d8614">
      <Execution id="164d2012-a778-4779-9b37-096d45cd84c0" />
      <TestMethod codeBase="C:\Projekty\xUnitTestProject\bin\Debug\netcoreapp3.1\xUnitTestProject.dll" adapterTypeName="executor://xunit/VsTestRunner2/netcoreapp" className="xUnitTestProject.CurrencyHelperTests" name="FormatToStringTest1000" />
    </UnitTest>
    <UnitTest name="xUnitTestProject.CurrencyHelperTests.FormatToStringTest1000(price: 24476.442216712254, expected: &quot;24476.44 zł&quot;)" storage="c:\projekty\xunittestproject\bin\debug\netcoreapp3.1\xunittestproject.dll" id="48480e6e-913f-e95b-4a6c-465d36475b6a">
      <Execution id="9c8c712c-a240-46cc-a448-7d675b81bef6" />
      <TestMethod codeBase="C:\Projekty\xUnitTestProject\bin\Debug\netcoreapp3.1\xUnitTestProject.dll" adapterTypeName="executor://xunit/VsTestRunner2/netcoreapp" className="xUnitTestProject.CurrencyHelperTests" name="FormatToStringTest1000" />
    </UnitTest>
    <UnitTest name="xUnitTestProject.CurrencyHelperTests.FormatToStringTest1000(price: 10227.532692039169, expected: &quot;10227.53 zł&quot;)" storage="c:\projekty\xunittestproject\bin\debug\netcoreapp3.1\xunittestproject.dll" id="f34d9844-3970-87ba-1a6d-f7c3b662af09">
      <Execution id="2f1ce200-d8ac-4fcf-965a-0d2723c78663" />
      <TestMethod codeBase="C:\Projekty\xUnitTestProject\bin\Debug\netcoreapp3.1\xUnitTestProject.dll" adapterTypeName="executor://xunit/VsTestRunner2/netcoreapp" className="xUnitTestProject.CurrencyHelperTests" name="FormatToStringTest1000" />
    </UnitTest>
    <UnitTest name="xUnitTestProject.CurrencyHelperTests.FormatToStringTest1000(price: 801.5720517614726, expected: &quot;801.57 zł&quot;)" storage="c:\projekty\xunittestproject\bin\debug\netcoreapp3.1\xunittestproject.dll" id="fb66f3c8-a00d-4cfa-eac4-abc207e2c602">
      <Execution id="ae1f3bf5-0f88-4b4c-adc3-5d118b7be8e8" />
      <TestMethod codeBase="C:\Projekty\xUnitTestProject\bin\Debug\netcoreapp3.1\xUnitTestProject.dll" adapterTypeName="executor://xunit/VsTestRunner2/netcoreapp" className="xUnitTestProject.CurrencyHelperTests" name="FormatToStringTest1000" />
    </UnitTest>
    <UnitTest name="xUnitTestProject.CurrencyHelperTests.FormatToStringTest1000(price: 20623.53139885493, expected: &quot;20623.53 zł&quot;)" storage="c:\projekty\xunittestproject\bin\debug\netcoreapp3.1\xunittestproject.dll" id="a38d6dd0-4abc-cd66-f98d-02667c7de044">
      <Execution id="1779c145-1b0e-49e9-bdbd-2d4d737ac22b" />
      <TestMethod codeBase="C:\Projekty\xUnitTestProject\bin\Debug\netcoreapp3.1\xUnitTestProject.dll" adapterTypeName="executor://xunit/VsTestRunner2/netcoreapp" className="xUnitTestProject.CurrencyHelperTests" name="FormatToStringTest1000" />
    </UnitTest>
    <UnitTest name="xUnitTestProject.CurrencyHelperTests.FormatToStringTest1000(price: 47393.54939526671, expected: &quot;47393.55 zł&quot;)" storage="c:\projekty\xunittestproject\bin\debug\netcoreapp3.1\xunittestproject.dll" id="ca7cf147-8883-8578-944a-0bb9c4bca4f5">
      <Execution id="23ed8481-89b3-431c-a733-f543018743c1" />
      <TestMethod codeBase="C:\Projekty\xUnitTestProject\bin\Debug\netcoreapp3.1\xUnitTestProject.dll" adapterTypeName="executor://xunit/VsTestRunner2/netcoreapp" className="xUnitTestProject.CurrencyHelperTests" name="FormatToStringTest1000" />
    </UnitTest>
    <UnitTest name="xUnitTestProject.CurrencyHelperTests.FormatToStringTest1000(price: 7891.960478953067, expected: &quot;7891.96 zł&quot;)" storage="c:\projekty\xunittestproject\bin\debug\netcoreapp3.1\xunittestproject.dll" id="c31c3c04-c374-418e-36fc-0c705f1df093">
      <Execution id="e0c30954-72a9-4001-bae4-8ab9723c98c6" />
      <TestMethod codeBase="C:\Projekty\xUnitTestProject\bin\Debug\netcoreapp3.1\xUnitTestProject.dll" adapterTypeName="executor://xunit/VsTestRunner2/netcoreapp" className="xUnitTestProject.CurrencyHelperTests" name="FormatToStringTest1000" />
    </UnitTest>
    <UnitTest name="xUnitTestProject.CurrencyHelperTests.FormatToStringTest1000(price: 21573.45329517613, expected: &quot;21573.45 zł&quot;)" storage="c:\projekty\xunittestproject\bin\debug\netcoreapp3.1\xunittestproject.dll" id="3b56a798-367d-2897-b3e6-a32862419438">
      <Execution id="4a57899f-313a-4bf1-ad8c-cfca2ec2e59a" />
      <TestMethod codeBase="C:\Projekty\xUnitTestProject\bin\Debug\netcoreapp3.1\xUnitTestProject.dll" adapterTypeName="executor://xunit/VsTestRunner2/netcoreapp" className="xUnitTestProject.CurrencyHelperTests" name="FormatToStringTest1000" />
    </UnitTest>
    <UnitTest name="xUnitTestProject.CurrencyHelperTests.FormatToStringTest1000(price: 15509.637406484986, expected: &quot;15509.64 zł&quot;)" storage="c:\projekty\xunittestproject\bin\debug\netcoreapp3.1\xunittestproject.dll" id="7848596b-c8d5-bd4c-d7fe-380e3b0f13fa">
      <Execution id="79e270b5-363b-4c3d-a69e-22642c11eb74" />
      <TestMethod codeBase="C:\Projekty\xUnitTestProject\bin\Debug\netcoreapp3.1\xUnitTestProject.dll" adapterTypeName="executor://xunit/VsTestRunner2/netcoreapp" className="xUnitTestProject.CurrencyHelperTests" name="FormatToStringTest1000" />
    </UnitTest>
    <UnitTest name="xUnitTestProject.CurrencyHelperTests.FormatToStringTest1000(price: 52481.07276821932, expected: &quot;52481.07 zł&quot;)" storage="c:\projekty\xunittestproject\bin\debug\netcoreapp3.1\xunittestproject.dll" id="71259de5-a991-d68a-74b6-6304befba6d8">
      <Execution id="181172d9-7659-43e3-bdcb-1660b45e0d3c" />
      <TestMethod codeBase="C:\Projekty\xUnitTestProject\bin\Debug\netcoreapp3.1\xUnitTestProject.dll" adapterTypeName="executor://xunit/VsTestRunner2/netcoreapp" className="xUnitTestProject.CurrencyHelperTests" name="FormatToStringTest1000" />
    </UnitTest>
    <UnitTest name="xUnitTestProject.CurrencyHelperTests.FormatToStringTest1000(price: 64568.131500027666, expected: &quot;64568.13 zł&quot;)" storage="c:\projekty\xunittestproject\bin\debug\netcoreapp3.1\xunittestproject.dll" id="0c81c8d2-5b34-01f9-4916-14e860679bfe">
      <Execution id="93cf175f-c6e9-45a6-95f5-8cd43e71e18b" />
      <TestMethod codeBase="C:\Projekty\xUnitTestProject\bin\Debug\netcoreapp3.1\xUnitTestProject.dll" adapterTypeName="executor://xunit/VsTestRunner2/netcoreapp" className="xUnitTestProject.CurrencyHelperTests" name="FormatToStringTest1000" />
    </UnitTest>
    <UnitTest name="xUnitTestProject.CurrencyHelperTests.FormatToStringTest1000(price: 8802.811382028653, expected: &quot;8802.81 zł&quot;)" storage="c:\projekty\xunittestproject\bin\debug\netcoreapp3.1\xunittestproject.dll" id="ffe61818-02d5-371a-a7be-23a9f86c9cc7">
      <Execution id="30e5fdfb-96e3-4b83-8892-7e0afecc71f1" />
      <TestMethod codeBase="C:\Projekty\xUnitTestProject\bin\Debug\netcoreapp3.1\xUnitTestProject.dll" adapterTypeName="executor://xunit/VsTestRunner2/netcoreapp" className="xUnitTestProject.CurrencyHelperTests" name="FormatToStringTest1000" />
    </UnitTest>
    <UnitTest name="xUnitTestProject.CurrencyHelperTests.FormatToStringTest1000(price: 12370.243090209198, expected: &quot;12370.24 zł&quot;)" storage="c:\projekty\xunittestproject\bin\debug\netcoreapp3.1\xunittestproject.dll" id="9538a911-f018-0a3e-26cb-52278d332f56">
      <Execution id="7b6e9bbe-56e7-4147-89fe-2479ebb757d5" />
      <TestMethod codeBase="C:\Projekty\xUnitTestProject\bin\Debug\netcoreapp3.1\xUnitTestProject.dll" adapterTypeName="executor://xunit/VsTestRunner2/netcoreapp" className="xUnitTestProject.CurrencyHelperTests" name="FormatToStringTest1000" />
    </UnitTest>
    <UnitTest name="xUnitTestProject.CurrencyHelperTests.FormatToStringTest1000(price: 7594.279030504766, expected: &quot;7594.28 zł&quot;)" storage="c:\projekty\xunittestproject\bin\debug\netcoreapp3.1\xunittestproject.dll" id="eaa6b024-a03d-d1dd-abf3-1b023d2d51e1">
      <Execution id="a6416a62-f178-4150-bb19-d2976d7ee14d" />
      <TestMethod codeBase="C:\Projekty\xUnitTestProject\bin\Debug\netcoreapp3.1\xUnitTestProject.dll" adapterTypeName="executor://xunit/VsTestRunner2/netcoreapp" className="xUnitTestProject.CurrencyHelperTests" name="FormatToStringTest1000" />
    </UnitTest>
    <UnitTest name="xUnitTestProject.CurrencyHelperTests.FormatToStringTest1000(price: 65963.39932440939, expected: &quot;65963.40 zł&quot;)" storage="c:\projekty\xunittestproject\bin\debug\netcoreapp3.1\xunittestproject.dll" id="f8894dae-c947-7fce-9d72-6693c21ad4f8">
      <Execution id="18b58949-503c-498a-954e-17a1a6c4e2be" />
      <TestMethod codeBase="C:\Projekty\xUnitTestProject\bin\Debug\netcoreapp3.1\xUnitTestProject.dll" adapterTypeName="executor://xunit/VsTestRunner2/netcoreapp" className="xUnitTestProject.CurrencyHelperTests" name="FormatToStringTest1000" />
    </UnitTest>
    <UnitTest name="xUnitTestProject.CurrencyHelperTests.FormatToStringTest1000(price: 18340.935049000167, expected: &quot;18340.94 zł&quot;)" storage="c:\projekty\xunittestproject\bin\debug\netcoreapp3.1\xunittestproject.dll" id="5dc082f5-af3b-2f6f-74c8-0805bee30a46">
      <Execution id="a131a503-4e58-4f2e-ac78-70a060eab0d6" />
      <TestMethod codeBase="C:\Projekty\xUnitTestProject\bin\Debug\netcoreapp3.1\xUnitTestProject.dll" adapterTypeName="executor://xunit/VsTestRunner2/netcoreapp" className="xUnitTestProject.CurrencyHelperTests" name="FormatToStringTest1000" />
    </UnitTest>
    <UnitTest name="xUnitTestProject.CurrencyHelperTests.FormatToStringTest1000(price: 10461.455048841171, expected: &quot;10461.46 zł&quot;)" storage="c:\projekty\xunittestproject\bin\debug\netcoreapp3.1\xunittestproject.dll" id="1385f442-8d64-2443-1088-0b70bf667165">
      <Execution id="79f8dc26-ec6f-4046-a851-5e0e545c58a8" />
      <TestMethod codeBase="C:\Projekty\xUnitTestProject\bin\Debug\netcoreapp3.1\xUnitTestProject.dll" adapterTypeName="executor://xunit/VsTestRunner2/netcoreapp" className="xUnitTestProject.CurrencyHelperTests" name="FormatToStringTest1000" />
    </UnitTest>
    <UnitTest name="xUnitTestProject.CurrencyHelperTests.FormatToStringTest1000(price: 9661.966055578536, expected: &quot;9661.97 zł&quot;)" storage="c:\projekty\xunittestproject\bin\debug\netcoreapp3.1\xunittestproject.dll" id="ddbbee19-86a9-bc74-0664-4f6fa63796df">
      <Execution id="ea905805-f372-464c-976b-d01115ac2a48" />
      <TestMethod codeBase="C:\Projekty\xUnitTestProject\bin\Debug\netcoreapp3.1\xUnitTestProject.dll" adapterTypeName="executor://xunit/VsTestRunner2/netcoreapp" className="xUnitTestProject.CurrencyHelperTests" name="FormatToStringTest1000" />
    </UnitTest>
    <UnitTest name="xUnitTestProject.CurrencyHelperTests.FormatToStringTest1000(price: 7671.0039663785155, expected: &quot;7671.00 zł&quot;)" storage="c:\projekty\xunittestproject\bin\debug\netcoreapp3.1\xunittestproject.dll" id="5f3735b0-854d-d423-adfb-f959d02e73f7">
      <Execution id="9b09bae2-84e2-4f7d-a831-7826dab0c475" />
      <TestMethod codeBase="C:\Projekty\xUnitTestProject\bin\Debug\netcoreapp3.1\xUnitTestProject.dll" adapterTypeName="executor://xunit/VsTestRunner2/netcoreapp" className="xUnitTestProject.CurrencyHelperTests" name="FormatToStringTest1000" />
    </UnitTest>
    <UnitTest name="xUnitTestProject.CurrencyHelperTests.FormatToStringTest1000(price: 57436.33241095409, expected: &quot;57436.33 zł&quot;)" storage="c:\projekty\xunittestproject\bin\debug\netcoreapp3.1\xunittestproject.dll" id="0d808795-ca9e-3ec0-5d7b-6c498dbb0495">
      <Execution id="612bbb90-12fa-4f3b-8195-2ac3e100524a" />
      <TestMethod codeBase="C:\Projekty\xUnitTestProject\bin\Debug\netcoreapp3.1\xUnitTestProject.dll" adapterTypeName="executor://xunit/VsTestRunner2/netcoreapp" className="xUnitTestProject.CurrencyHelperTests" name="FormatToStringTest1000" />
    </UnitTest>
    <UnitTest name="xUnitTestProject.CurrencyHelperTests.FormatToStringTest1000(price: 591.2110872302256, expected: &quot;591.21 zł&quot;)" storage="c:\projekty\xunittestproject\bin\debug\netcoreapp3.1\xunittestproject.dll" id="836d8767-01df-4e15-8567-247721a23e4e">
      <Execution id="e14b2c97-9b99-461f-a9b5-85e5bf3ade03" />
      <TestMethod codeBase="C:\Projekty\xUnitTestProject\bin\Debug\netcoreapp3.1\xUnitTestProject.dll" adapterTypeName="executor://xunit/VsTestRunner2/netcoreapp" className="xUnitTestProject.CurrencyHelperTests" name="FormatToStringTest1000" />
    </UnitTest>
    <UnitTest name="xUnitTestProject.CurrencyHelperTests.FormatToStringTest1000(price: 29417.800422138444, expected: &quot;29417.80 zł&quot;)" storage="c:\projekty\xunittestproject\bin\debug\netcoreapp3.1\xunittestproject.dll" id="4c9ec316-0614-0ed3-d3e3-ff9a3542b3e8">
      <Execution id="0dd4b087-3204-44f6-b139-b1df1980ac70" />
      <TestMethod codeBase="C:\Projekty\xUnitTestProject\bin\Debug\netcoreapp3.1\xUnitTestProject.dll" adapterTypeName="executor://xunit/VsTestRunner2/netcoreapp" className="xUnitTestProject.CurrencyHelperTests" name="FormatToStringTest1000" />
    </UnitTest>
    <UnitTest name="xUnitTestProject.CurrencyHelperTests.FormatToStringTest1000(price: 51529.79033960206, expected: &quot;51529.79 zł&quot;)" storage="c:\projekty\xunittestproject\bin\debug\netcoreapp3.1\xunittestproject.dll" id="ed2134d1-cccc-7594-ff4e-6670ac477e6f">
      <Execution id="e8c29433-abc7-40ea-a273-28203b72c883" />
      <TestMethod codeBase="C:\Projekty\xUnitTestProject\bin\Debug\netcoreapp3.1\xUnitTestProject.dll" adapterTypeName="executor://xunit/VsTestRunner2/netcoreapp" className="xUnitTestProject.CurrencyHelperTests" name="FormatToStringTest1000" />
    </UnitTest>
    <UnitTest name="xUnitTestProject.CurrencyHelperTests.FormatToStringTest1000(price: 14719.97001409762, expected: &quot;14719.97 zł&quot;)" storage="c:\projekty\xunittestproject\bin\debug\netcoreapp3.1\xunittestproject.dll" id="0d6a7c9f-244c-8d08-98f4-afd58838a2c2">
      <Execution id="e39b6dfb-0e44-4597-85d8-9fe0eadba324" />
      <TestMethod codeBase="C:\Projekty\xUnitTestProject\bin\Debug\netcoreapp3.1\xUnitTestProject.dll" adapterTypeName="executor://xunit/VsTestRunner2/netcoreapp" className="xUnitTestProject.CurrencyHelperTests" name="FormatToStringTest1000" />
    </UnitTest>
    <UnitTest name="xUnitTestProject.CurrencyHelperTests.FormatToStringTest1000(price: 480.2082316857801, expected: &quot;480.21 zł&quot;)" storage="c:\projekty\xunittestproject\bin\debug\netcoreapp3.1\xunittestproject.dll" id="85835fd9-2c0e-82ff-767f-a5379021f4f3">
      <Execution id="ce475b8f-d7ea-4e8e-9cf7-7956c7b693fe" />
      <TestMethod codeBase="C:\Projekty\xUnitTestProject\bin\Debug\netcoreapp3.1\xUnitTestProject.dll" adapterTypeName="executor://xunit/VsTestRunner2/netcoreapp" className="xUnitTestProject.CurrencyHelperTests" name="FormatToStringTest1000" />
    </UnitTest>
    <UnitTest name="xUnitTestProject.CurrencyHelperTests.FormatToStringTest1000(price: 42728.35751444258, expected: &quot;42728.36 zł&quot;)" storage="c:\projekty\xunittestproject\bin\debug\netcoreapp3.1\xunittestproject.dll" id="03e8826c-20fc-cadf-51a4-fe54882f4740">
      <Execution id="861dd212-0609-4c6a-b4d0-cd6483a8fba3" />
      <TestMethod codeBase="C:\Projekty\xUnitTestProject\bin\Debug\netcoreapp3.1\xUnitTestProject.dll" adapterTypeName="executor://xunit/VsTestRunner2/netcoreapp" className="xUnitTestProject.CurrencyHelperTests" name="FormatToStringTest1000" />
    </UnitTest>
    <UnitTest name="xUnitTestProject.CurrencyHelperTests.FormatToStringTest1000(price: 27164.0272410419, expected: &quot;27164.03 zł&quot;)" storage="c:\projekty\xunittestproject\bin\debug\netcoreapp3.1\xunittestproject.dll" id="ff7ab5c9-17cd-23b9-cfc1-99026e4f14ac">
      <Execution id="78e9dd6b-d9bd-4703-98a6-44e9bfdbe0fb" />
      <TestMethod codeBase="C:\Projekty\xUnitTestProject\bin\Debug\netcoreapp3.1\xUnitTestProject.dll" adapterTypeName="executor://xunit/VsTestRunner2/netcoreapp" className="xUnitTestProject.CurrencyHelperTests" name="FormatToStringTest1000" />
    </UnitTest>
    <UnitTest name="xUnitTestProject.CurrencyHelperTests.FormatToStringTest1000(price: 9603.199987620208, expected: &quot;9603.20 zł&quot;)" storage="c:\projekty\xunittestproject\bin\debug\netcoreapp3.1\xunittestproject.dll" id="e21002e6-50a6-5886-0d27-79e4c9ba2f92">
      <Execution id="e11e9697-bfa6-417c-9948-9f6af4067801" />
      <TestMethod codeBase="C:\Projekty\xUnitTestProject\bin\Debug\netcoreapp3.1\xUnitTestProject.dll" adapterTypeName="executor://xunit/VsTestRunner2/netcoreapp" className="xUnitTestProject.CurrencyHelperTests" name="FormatToStringTest1000" />
    </UnitTest>
    <UnitTest name="xUnitTestProject.CurrencyHelperTests.FormatToStringTest1000(price: 6262.373413993219, expected: &quot;6262.37 zł&quot;)" storage="c:\projekty\xunittestproject\bin\debug\netcoreapp3.1\xunittestproject.dll" id="ff8ddb46-4b79-2ee0-2d36-ef22ba3dcd81">
      <Execution id="f2fb327d-a598-4aff-9c44-7b8490a98483" />
      <TestMethod codeBase="C:\Projekty\xUnitTestProject\bin\Debug\netcoreapp3.1\xUnitTestProject.dll" adapterTypeName="executor://xunit/VsTestRunner2/netcoreapp" className="xUnitTestProject.CurrencyHelperTests" name="FormatToStringTest1000" />
    </UnitTest>
    <UnitTest name="xUnitTestProject.CurrencyHelperTests.FormatToStringTest1000(price: 19462.729986486367, expected: &quot;19462.73 zł&quot;)" storage="c:\projekty\xunittestproject\bin\debug\netcoreapp3.1\xunittestproject.dll" id="1462a569-77b7-fa7d-0148-09ce9f2428e8">
      <Execution id="284ed3e0-2a75-4c3c-ab66-303a3d4d9589" />
      <TestMethod codeBase="C:\Projekty\xUnitTestProject\bin\Debug\netcoreapp3.1\xUnitTestProject.dll" adapterTypeName="executor://xunit/VsTestRunner2/netcoreapp" className="xUnitTestProject.CurrencyHelperTests" name="FormatToStringTest1000" />
    </UnitTest>
    <UnitTest name="xUnitTestProject.CurrencyHelperTests.FormatToStringTest1000(price: 54578.37303904275, expected: &quot;54578.37 zł&quot;)" storage="c:\projekty\xunittestproject\bin\debug\netcoreapp3.1\xunittestproject.dll" id="0df7d709-570d-9a2b-20b2-9824d27442ba">
      <Execution id="001e4516-aa79-4324-9c29-3a11d8f190d9" />
      <TestMethod codeBase="C:\Projekty\xUnitTestProject\bin\Debug\netcoreapp3.1\xUnitTestProject.dll" adapterTypeName="executor://xunit/VsTestRunner2/netcoreapp" className="xUnitTestProject.CurrencyHelperTests" name="FormatToStringTest1000" />
    </UnitTest>
    <UnitTest name="xUnitTestProject.CurrencyHelperTests.FormatToStringTest1000(price: 1108.7197928823157, expected: &quot;1108.72 zł&quot;)" storage="c:\projekty\xunittestproject\bin\debug\netcoreapp3.1\xunittestproject.dll" id="e06b8219-62b1-a0bc-a073-2837868b5c0e">
      <Execution id="556995f0-7d02-4276-b580-04ba6f267592" />
      <TestMethod codeBase="C:\Projekty\xUnitTestProject\bin\Debug\netcoreapp3.1\xUnitTestProject.dll" adapterTypeName="executor://xunit/VsTestRunner2/netcoreapp" className="xUnitTestProject.CurrencyHelperTests" name="FormatToStringTest1000" />
    </UnitTest>
    <UnitTest name="xUnitTestProject.CurrencyHelperTests.FormatToStringTest1000(price: 69864.17463991146, expected: &quot;69864.17 zł&quot;)" storage="c:\projekty\xunittestproject\bin\debug\netcoreapp3.1\xunittestproject.dll" id="a75df869-b8ee-c89b-7cd3-025e83911294">
      <Execution id="2220b9f6-fe10-467e-aba6-eea2934bdec6" />
      <TestMethod codeBase="C:\Projekty\xUnitTestProject\bin\Debug\netcoreapp3.1\xUnitTestProject.dll" adapterTypeName="executor://xunit/VsTestRunner2/netcoreapp" className="xUnitTestProject.CurrencyHelperTests" name="FormatToStringTest1000" />
    </UnitTest>
    <UnitTest name="xUnitTestProject.CurrencyHelperTests.FormatToStringTest1000(price: 26220.382477706476, expected: &quot;26220.38 zł&quot;)" storage="c:\projekty\xunittestproject\bin\debug\netcoreapp3.1\xunittestproject.dll" id="1079d268-49d6-f18c-d495-58b580aae9dc">
      <Execution id="5eea8a63-54a0-43bb-8a18-7e399afa82e0" />
      <TestMethod codeBase="C:\Projekty\xUnitTestProject\bin\Debug\netcoreapp3.1\xUnitTestProject.dll" adapterTypeName="executor://xunit/VsTestRunner2/netcoreapp" className="xUnitTestProject.CurrencyHelperTests" name="FormatToStringTest1000" />
    </UnitTest>
    <UnitTest name="xUnitTestProject.CurrencyHelperTests.FormatToStringTest1000(price: 39146.892120180135, expected: &quot;39146.89 zł&quot;)" storage="c:\projekty\xunittestproject\bin\debug\netcoreapp3.1\xunittestproject.dll" id="2059d141-cc28-3ec8-0e84-daba3f077644">
      <Execution id="4ad3a942-523c-472e-b055-c3987fb7426e" />
      <TestMethod codeBase="C:\Projekty\xUnitTestProject\bin\Debug\netcoreapp3.1\xUnitTestProject.dll" adapterTypeName="executor://xunit/VsTestRunner2/netcoreapp" className="xUnitTestProject.CurrencyHelperTests" name="FormatToStringTest1000" />
    </UnitTest>
    <UnitTest name="xUnitTestProject.CurrencyHelperTests.FormatToStringTest1000(price: 6276.389386365838, expected: &quot;6276.39 zł&quot;)" storage="c:\projekty\xunittestproject\bin\debug\netcoreapp3.1\xunittestproject.dll" id="7c18917f-7141-7732-3a7b-36439ce0baa1">
      <Execution id="0dde535b-c67a-4f28-9689-a380c047857b" />
      <TestMethod codeBase="C:\Projekty\xUnitTestProject\bin\Debug\netcoreapp3.1\xUnitTestProject.dll" adapterTypeName="executor://xunit/VsTestRunner2/netcoreapp" className="xUnitTestProject.CurrencyHelperTests" name="FormatToStringTest1000" />
    </UnitTest>
    <UnitTest name="xUnitTestProject.CurrencyHelperTests.FormatToStringTest1000(price: 7716.571614765363, expected: &quot;7716.57 zł&quot;)" storage="c:\projekty\xunittestproject\bin\debug\netcoreapp3.1\xunittestproject.dll" id="135dd56d-570b-92a1-4144-854d04d96ef0">
      <Execution id="5c9e0c43-8787-4cde-9892-0f1ade30bcce" />
      <TestMethod codeBase="C:\Projekty\xUnitTestProject\bin\Debug\netcoreapp3.1\xUnitTestProject.dll" adapterTypeName="executor://xunit/VsTestRunner2/netcoreapp" className="xUnitTestProject.CurrencyHelperTests" name="FormatToStringTest1000" />
    </UnitTest>
    <UnitTest name="xUnitTestProject.CurrencyHelperTests.FormatToStringTest1000(price: 59919.71489415491, expected: &quot;59919.71 zł&quot;)" storage="c:\projekty\xunittestproject\bin\debug\netcoreapp3.1\xunittestproject.dll" id="c2db2421-6d50-c505-4572-abf46a5e86c5">
      <Execution id="e9370f6d-4505-43b0-b9d8-a903b04c93f4" />
      <TestMethod codeBase="C:\Projekty\xUnitTestProject\bin\Debug\netcoreapp3.1\xUnitTestProject.dll" adapterTypeName="executor://xunit/VsTestRunner2/netcoreapp" className="xUnitTestProject.CurrencyHelperTests" name="FormatToStringTest1000" />
    </UnitTest>
    <UnitTest name="xUnitTestProject.CurrencyHelperTests.FormatToStringTest1000(price: 72802.68569213277, expected: &quot;72802.69 zł&quot;)" storage="c:\projekty\xunittestproject\bin\debug\netcoreapp3.1\xunittestproject.dll" id="1aafdcdc-e39a-0bd1-4429-1c1f26634e52">
      <Execution id="268965cb-5e6f-4b99-ac77-10f358482609" />
      <TestMethod codeBase="C:\Projekty\xUnitTestProject\bin\Debug\netcoreapp3.1\xUnitTestProject.dll" adapterTypeName="executor://xunit/VsTestRunner2/netcoreapp" className="xUnitTestProject.CurrencyHelperTests" name="FormatToStringTest1000" />
    </UnitTest>
    <UnitTest name="xUnitTestProject.CurrencyHelperTests.FormatToStringTest1000(price: 272.5621069118204, expected: &quot;272.56 zł&quot;)" storage="c:\projekty\xunittestproject\bin\debug\netcoreapp3.1\xunittestproject.dll" id="8cdd5bbc-dcfa-1d65-90a0-7f353e299d1e">
      <Execution id="74014fe8-64eb-4c1d-965e-5ba1b5dd58c5" />
      <TestMethod codeBase="C:\Projekty\xUnitTestProject\bin\Debug\netcoreapp3.1\xUnitTestProject.dll" adapterTypeName="executor://xunit/VsTestRunner2/netcoreapp" className="xUnitTestProject.CurrencyHelperTests" name="FormatToStringTest1000" />
    </UnitTest>
    <UnitTest name="xUnitTestProject.CurrencyHelperTests.FormatToStringTest1000(price: 21693.340115174808, expected: &quot;21693.34 zł&quot;)" storage="c:\projekty\xunittestproject\bin\debug\netcoreapp3.1\xunittestproject.dll" id="a8f82c34-f413-0466-fc76-669da2c23141">
      <Execution id="aa12cf1c-4d9b-420f-83b5-9c952b26c452" />
      <TestMethod codeBase="C:\Projekty\xUnitTestProject\bin\Debug\netcoreapp3.1\xUnitTestProject.dll" adapterTypeName="executor://xunit/VsTestRunner2/netcoreapp" className="xUnitTestProject.CurrencyHelperTests" name="FormatToStringTest1000" />
    </UnitTest>
    <UnitTest name="xUnitTestProject.CurrencyHelperTests.FormatToStringTest1000(price: 486.15309567942893, expected: &quot;486.15 zł&quot;)" storage="c:\projekty\xunittestproject\bin\debug\netcoreapp3.1\xunittestproject.dll" id="de1aa414-8fbd-dead-288e-d558b1305dac">
      <Execution id="cb8ef8d1-c346-4bc4-b18c-27c21c7e508b" />
      <TestMethod codeBase="C:\Projekty\xUnitTestProject\bin\Debug\netcoreapp3.1\xUnitTestProject.dll" adapterTypeName="executor://xunit/VsTestRunner2/netcoreapp" className="xUnitTestProject.CurrencyHelperTests" name="FormatToStringTest1000" />
    </UnitTest>
    <UnitTest name="xUnitTestProject.CurrencyHelperTests.FormatToStringTest1000(price: 11430.666613002619, expected: &quot;11430.67 zł&quot;)" storage="c:\projekty\xunittestproject\bin\debug\netcoreapp3.1\xunittestproject.dll" id="f406acd8-9b69-9411-bf61-2d74f259f69e">
      <Execution id="30983c42-0a22-412e-9bc9-8a654592a6e8" />
      <TestMethod codeBase="C:\Projekty\xUnitTestProject\bin\Debug\netcoreapp3.1\xUnitTestProject.dll" adapterTypeName="executor://xunit/VsTestRunner2/netcoreapp" className="xUnitTestProject.CurrencyHelperTests" name="FormatToStringTest1000" />
    </UnitTest>
    <UnitTest name="xUnitTestProject.CurrencyHelperTests.FormatToStringTest1000(price: 34096.337879508894, expected: &quot;34096.34 zł&quot;)" storage="c:\projekty\xunittestproject\bin\debug\netcoreapp3.1\xunittestproject.dll" id="aae9a2f6-c5ae-d742-7ea5-60de6dc3d9cf">
      <Execution id="3dfcd32b-c8db-4637-8426-037de01e5810" />
      <TestMethod codeBase="C:\Projekty\xUnitTestProject\bin\Debug\netcoreapp3.1\xUnitTestProject.dll" adapterTypeName="executor://xunit/VsTestRunner2/netcoreapp" className="xUnitTestProject.CurrencyHelperTests" name="FormatToStringTest1000" />
    </UnitTest>
    <UnitTest name="xUnitTestProject.CurrencyHelperTests.FormatToStringTest1000(price: 12091.219941106729, expected: &quot;12091.22 zł&quot;)" storage="c:\projekty\xunittestproject\bin\debug\netcoreapp3.1\xunittestproject.dll" id="230e1e23-a8f6-7ac5-0938-0ce23eabf420">
      <Execution id="ee9f9bf4-df59-4f4e-b956-99ca9f7f895b" />
      <TestMethod codeBase="C:\Projekty\xUnitTestProject\bin\Debug\netcoreapp3.1\xUnitTestProject.dll" adapterTypeName="executor://xunit/VsTestRunner2/netcoreapp" className="xUnitTestProject.CurrencyHelperTests" name="FormatToStringTest1000" />
    </UnitTest>
    <UnitTest name="xUnitTestProject.CurrencyHelperTests.FormatToStringTest1000(price: 1745.490603896552, expected: &quot;1745.49 zł&quot;)" storage="c:\projekty\xunittestproject\bin\debug\netcoreapp3.1\xunittestproject.dll" id="d74171b4-c8ee-1912-2996-ae0e2e26eb23">
      <Execution id="2b837b09-446a-4375-9fcb-1527c6e1cedf" />
      <TestMethod codeBase="C:\Projekty\xUnitTestProject\bin\Debug\netcoreapp3.1\xUnitTestProject.dll" adapterTypeName="executor://xunit/VsTestRunner2/netcoreapp" className="xUnitTestProject.CurrencyHelperTests" name="FormatToStringTest1000" />
    </UnitTest>
    <UnitTest name="xUnitTestProject.CurrencyHelperTests.FormatToStringTest1000(price: 27027.327683509946, expected: &quot;27027.33 zł&quot;)" storage="c:\projekty\xunittestproject\bin\debug\netcoreapp3.1\xunittestproject.dll" id="e3939992-ed7f-a290-3278-0cb23f85c16d">
      <Execution id="65f92099-d4f6-4646-800f-82f16306b389" />
      <TestMethod codeBase="C:\Projekty\xUnitTestProject\bin\Debug\netcoreapp3.1\xUnitTestProject.dll" adapterTypeName="executor://xunit/VsTestRunner2/netcoreapp" className="xUnitTestProject.CurrencyHelperTests" name="FormatToStringTest1000" />
    </UnitTest>
    <UnitTest name="xUnitTestProject.CurrencyHelperTests.FormatToStringTest1000(price: 8242.419043611, expected: &quot;8242.42 zł&quot;)" storage="c:\projekty\xunittestproject\bin\debug\netcoreapp3.1\xunittestproject.dll" id="f54965f2-1519-0721-6d19-cf1386c23793">
      <Execution id="e3d7dfd3-8d51-4646-8962-95b4da39de06" />
      <TestMethod codeBase="C:\Projekty\xUnitTestProject\bin\Debug\netcoreapp3.1\xUnitTestProject.dll" adapterTypeName="executor://xunit/VsTestRunner2/netcoreapp" className="xUnitTestProject.CurrencyHelperTests" name="FormatToStringTest1000" />
    </UnitTest>
    <UnitTest name="xUnitTestProject.CurrencyHelperTests.FormatToStringTest1000(price: 8492.904747505161, expected: &quot;8492.90 zł&quot;)" storage="c:\projekty\xunittestproject\bin\debug\netcoreapp3.1\xunittestproject.dll" id="8f3ac04b-f653-5459-90af-f61d3689f759">
      <Execution id="eacc0051-1476-4b48-938e-1f94546f2265" />
      <TestMethod codeBase="C:\Projekty\xUnitTestProject\bin\Debug\netcoreapp3.1\xUnitTestProject.dll" adapterTypeName="executor://xunit/VsTestRunner2/netcoreapp" className="xUnitTestProject.CurrencyHelperTests" name="FormatToStringTest1000" />
    </UnitTest>
    <UnitTest name="xUnitTestProject.CurrencyHelperTests.FormatToStringTest1000(price: 12308.022158465357, expected: &quot;12308.02 zł&quot;)" storage="c:\projekty\xunittestproject\bin\debug\netcoreapp3.1\xunittestproject.dll" id="62b1fe99-5a28-bc9f-0494-f16f9326c1bc">
      <Execution id="73bfcbad-08de-45d8-aea8-1b2fe543683e" />
      <TestMethod codeBase="C:\Projekty\xUnitTestProject\bin\Debug\netcoreapp3.1\xUnitTestProject.dll" adapterTypeName="executor://xunit/VsTestRunner2/netcoreapp" className="xUnitTestProject.CurrencyHelperTests" name="FormatToStringTest1000" />
    </UnitTest>
    <UnitTest name="xUnitTestProject.CurrencyHelperTests.FormatToStringTest1000(price: 1325.1625259114255, expected: &quot;1325.16 zł&quot;)" storage="c:\projekty\xunittestproject\bin\debug\netcoreapp3.1\xunittestproject.dll" id="8a119c68-dcc0-dba7-c987-45fbb976469b">
      <Execution id="6a52c9eb-644d-48cb-9fa6-e91e22e6cd2a" />
      <TestMethod codeBase="C:\Projekty\xUnitTestProject\bin\Debug\netcoreapp3.1\xUnitTestProject.dll" adapterTypeName="executor://xunit/VsTestRunner2/netcoreapp" className="xUnitTestProject.CurrencyHelperTests" name="FormatToStringTest1000" />
    </UnitTest>
    <UnitTest name="xUnitTestProject.CurrencyHelperTests.FormatToStringTest1000(price: 37528.70144368368, expected: &quot;37528.70 zł&quot;)" storage="c:\projekty\xunittestproject\bin\debug\netcoreapp3.1\xunittestproject.dll" id="444b6055-8e36-cf16-2594-6f26fe677cd1">
      <Execution id="30fa59db-15ca-48c9-9c77-343a67c47eef" />
      <TestMethod codeBase="C:\Projekty\xUnitTestProject\bin\Debug\netcoreapp3.1\xUnitTestProject.dll" adapterTypeName="executor://xunit/VsTestRunner2/netcoreapp" className="xUnitTestProject.CurrencyHelperTests" name="FormatToStringTest1000" />
    </UnitTest>
    <UnitTest name="xUnitTestProject.CurrencyHelperTests.FormatToStringTest1000(price: 8908.080586221107, expected: &quot;8908.08 zł&quot;)" storage="c:\projekty\xunittestproject\bin\debug\netcoreapp3.1\xunittestproject.dll" id="a00a0db9-3140-48ef-5f63-6a059b1f6f40">
      <Execution id="05bc17e9-f612-41c6-9aca-1c47229e00f5" />
      <TestMethod codeBase="C:\Projekty\xUnitTestProject\bin\Debug\netcoreapp3.1\xUnitTestProject.dll" adapterTypeName="executor://xunit/VsTestRunner2/netcoreapp" className="xUnitTestProject.CurrencyHelperTests" name="FormatToStringTest1000" />
    </UnitTest>
    <UnitTest name="xUnitTestProject.CurrencyHelperTests.FormatToStringTest1000(price: 28502.61128259758, expected: &quot;28502.61 zł&quot;)" storage="c:\projekty\xunittestproject\bin\debug\netcoreapp3.1\xunittestproject.dll" id="56dbe364-b862-68d4-f157-de01aca24e66">
      <Execution id="c0cd1eba-3554-47d6-9f43-61025a2902b5" />
      <TestMethod codeBase="C:\Projekty\xUnitTestProject\bin\Debug\netcoreapp3.1\xUnitTestProject.dll" adapterTypeName="executor://xunit/VsTestRunner2/netcoreapp" className="xUnitTestProject.CurrencyHelperTests" name="FormatToStringTest1000" />
    </UnitTest>
    <UnitTest name="xUnitTestProject.CurrencyHelperTests.FormatToStringTest1000(price: 9079.930405251649, expected: &quot;9079.93 zł&quot;)" storage="c:\projekty\xunittestproject\bin\debug\netcoreapp3.1\xunittestproject.dll" id="65e69234-8b4f-5c5d-4c39-26b683719c33">
      <Execution id="5c04c9cd-3f73-4d01-8390-0084e1330a42" />
      <TestMethod codeBase="C:\Projekty\xUnitTestProject\bin\Debug\netcoreapp3.1\xUnitTestProject.dll" adapterTypeName="executor://xunit/VsTestRunner2/netcoreapp" className="xUnitTestProject.CurrencyHelperTests" name="FormatToStringTest1000" />
    </UnitTest>
    <UnitTest name="xUnitTestProject.CurrencyHelperTests.FormatToStringTest1000(price: 2951.2722077329045, expected: &quot;2951.27 zł&quot;)" storage="c:\projekty\xunittestproject\bin\debug\netcoreapp3.1\xunittestproject.dll" id="be4ac306-3050-79c7-e4db-2e676fbdab1b">
      <Execution id="55827f05-4fc1-4902-8bf9-e1cf7bac944c" />
      <TestMethod codeBase="C:\Projekty\xUnitTestProject\bin\Debug\netcoreapp3.1\xUnitTestProject.dll" adapterTypeName="executor://xunit/VsTestRunner2/netcoreapp" className="xUnitTestProject.CurrencyHelperTests" name="FormatToStringTest1000" />
    </UnitTest>
    <UnitTest name="xUnitTestProject.CurrencyHelperTests.FormatToStringTest1000(price: 14480.387652530982, expected: &quot;14480.39 zł&quot;)" storage="c:\projekty\xunittestproject\bin\debug\netcoreapp3.1\xunittestproject.dll" id="18167db3-c21a-1968-f83d-cf6f5b58219d">
      <Execution id="5678e24c-1de3-45a6-9427-c132525f240b" />
      <TestMethod codeBase="C:\Projekty\xUnitTestProject\bin\Debug\netcoreapp3.1\xUnitTestProject.dll" adapterTypeName="executor://xunit/VsTestRunner2/netcoreapp" className="xUnitTestProject.CurrencyHelperTests" name="FormatToStringTest1000" />
    </UnitTest>
    <UnitTest name="xUnitTestProject.CurrencyHelperTests.FormatToStringTest1000(price: 48544.390887578666, expected: &quot;48544.39 zł&quot;)" storage="c:\projekty\xunittestproject\bin\debug\netcoreapp3.1\xunittestproject.dll" id="248dc14a-7b24-2159-ea3a-30144e961aa7">
      <Execution id="2d366174-295b-44c2-a4e1-8a5b6fa3b786" />
      <TestMethod codeBase="C:\Projekty\xUnitTestProject\bin\Debug\netcoreapp3.1\xUnitTestProject.dll" adapterTypeName="executor://xunit/VsTestRunner2/netcoreapp" className="xUnitTestProject.CurrencyHelperTests" name="FormatToStringTest1000" />
    </UnitTest>
    <UnitTest name="xUnitTestProject.CurrencyHelperTests.FormatToStringTest1000(price: 52032.65082931176, expected: &quot;52032.65 zł&quot;)" storage="c:\projekty\xunittestproject\bin\debug\netcoreapp3.1\xunittestproject.dll" id="9f74ffc2-1a7b-4759-a337-57d1812dbf3f">
      <Execution id="2c5f2c95-d46c-42a9-92e5-277ebcb2d6c3" />
      <TestMethod codeBase="C:\Projekty\xUnitTestProject\bin\Debug\netcoreapp3.1\xUnitTestProject.dll" adapterTypeName="executor://xunit/VsTestRunner2/netcoreapp" className="xUnitTestProject.CurrencyHelperTests" name="FormatToStringTest1000" />
    </UnitTest>
    <UnitTest name="xUnitTestProject.CurrencyHelperTests.FormatToStringTest1000(price: 7370.518277515898, expected: &quot;7370.52 zł&quot;)" storage="c:\projekty\xunittestproject\bin\debug\netcoreapp3.1\xunittestproject.dll" id="170260b6-6610-99a8-adfb-d2dcbd80a40f">
      <Execution id="4cff724c-42bd-44b2-a4b3-eb84af63f0df" />
      <TestMethod codeBase="C:\Projekty\xUnitTestProject\bin\Debug\netcoreapp3.1\xUnitTestProject.dll" adapterTypeName="executor://xunit/VsTestRunner2/netcoreapp" className="xUnitTestProject.CurrencyHelperTests" name="FormatToStringTest1000" />
    </UnitTest>
    <UnitTest name="xUnitTestProject.CurrencyHelperTests.FormatToStringTest1000(price: 24570.65594858893, expected: &quot;24570.66 zł&quot;)" storage="c:\projekty\xunittestproject\bin\debug\netcoreapp3.1\xunittestproject.dll" id="75f79a5e-625f-18cb-34f2-c39806bd0036">
      <Execution id="f410a441-1184-416b-bead-1afd8d0b3b91" />
      <TestMethod codeBase="C:\Projekty\xUnitTestProject\bin\Debug\netcoreapp3.1\xUnitTestProject.dll" adapterTypeName="executor://xunit/VsTestRunner2/netcoreapp" className="xUnitTestProject.CurrencyHelperTests" name="FormatToStringTest1000" />
    </UnitTest>
    <UnitTest name="xUnitTestProject.CurrencyHelperTests.FormatToStringTest1000(price: 55782.67998761762, expected: &quot;55782.68 zł&quot;)" storage="c:\projekty\xunittestproject\bin\debug\netcoreapp3.1\xunittestproject.dll" id="1cdc361a-ffee-1052-df8d-ab7786ba69bf">
      <Execution id="f308ffde-9100-4ed6-99f0-56dadce8519d" />
      <TestMethod codeBase="C:\Projekty\xUnitTestProject\bin\Debug\netcoreapp3.1\xUnitTestProject.dll" adapterTypeName="executor://xunit/VsTestRunner2/netcoreapp" className="xUnitTestProject.CurrencyHelperTests" name="FormatToStringTest1000" />
    </UnitTest>
    <UnitTest name="xUnitTestProject.CurrencyHelperTests.FormatToStringTest1000(price: 74152.7503934562, expected: &quot;74152.75 zł&quot;)" storage="c:\projekty\xunittestproject\bin\debug\netcoreapp3.1\xunittestproject.dll" id="3326d350-1af4-4add-085b-c52b861e91af">
      <Execution id="7bbeed59-4b2f-489b-a149-5d49afe76400" />
      <TestMethod codeBase="C:\Projekty\xUnitTestProject\bin\Debug\netcoreapp3.1\xUnitTestProject.dll" adapterTypeName="executor://xunit/VsTestRunner2/netcoreapp" className="xUnitTestProject.CurrencyHelperTests" name="FormatToStringTest1000" />
    </UnitTest>
    <UnitTest name="xUnitTestProject.CurrencyHelperTests.FormatToStringTest1000(price: 100.45267071130345, expected: &quot;100.45 zł&quot;)" storage="c:\projekty\xunittestproject\bin\debug\netcoreapp3.1\xunittestproject.dll" id="d44a0649-8200-dc14-ee0f-9aa1a5e79e57">
      <Execution id="bb428199-ff99-49f5-8c9c-7ff83b799493" />
      <TestMethod codeBase="C:\Projekty\xUnitTestProject\bin\Debug\netcoreapp3.1\xUnitTestProject.dll" adapterTypeName="executor://xunit/VsTestRunner2/netcoreapp" className="xUnitTestProject.CurrencyHelperTests" name="FormatToStringTest1000" />
    </UnitTest>
    <UnitTest name="xUnitTestProject.CurrencyHelperTests.FormatToStringTest1000(price: 11022.594234092438, expected: &quot;11022.59 zł&quot;)" storage="c:\projekty\xunittestproject\bin\debug\netcoreapp3.1\xunittestproject.dll" id="0a8dd3d5-59e9-8093-402f-f8fc213265ce">
      <Execution id="b20b22e1-4674-4413-aadc-8d8f729e528f" />
      <TestMethod codeBase="C:\Projekty\xUnitTestProject\bin\Debug\netcoreapp3.1\xUnitTestProject.dll" adapterTypeName="executor://xunit/VsTestRunner2/netcoreapp" className="xUnitTestProject.CurrencyHelperTests" name="FormatToStringTest1000" />
    </UnitTest>
    <UnitTest name="xUnitTestProject.CurrencyHelperTests.FormatToStringTest1000(price: 4554.73912809777, expected: &quot;4554.74 zł&quot;)" storage="c:\projekty\xunittestproject\bin\debug\netcoreapp3.1\xunittestproject.dll" id="c0f25143-2b07-04f3-95cc-c9746948afb7">
      <Execution id="2276207e-6c67-4011-aff1-fd5241e20e58" />
      <TestMethod codeBase="C:\Projekty\xUnitTestProject\bin\Debug\netcoreapp3.1\xUnitTestProject.dll" adapterTypeName="executor://xunit/VsTestRunner2/netcoreapp" className="xUnitTestProject.CurrencyHelperTests" name="FormatToStringTest1000" />
    </UnitTest>
    <UnitTest name="xUnitTestProject.CurrencyHelperTests.FormatToStringTest1000(price: 1687.6029180025694, expected: &quot;1687.60 zł&quot;)" storage="c:\projekty\xunittestproject\bin\debug\netcoreapp3.1\xunittestproject.dll" id="1cc15eeb-9d05-d094-9231-53ade30093a7">
      <Execution id="c64b8724-b4c5-4ef6-b46f-9f5262d54bf1" />
      <TestMethod codeBase="C:\Projekty\xUnitTestProject\bin\Debug\netcoreapp3.1\xUnitTestProject.dll" adapterTypeName="executor://xunit/VsTestRunner2/netcoreapp" className="xUnitTestProject.CurrencyHelperTests" name="FormatToStringTest1000" />
    </UnitTest>
    <UnitTest name="xUnitTestProject.CurrencyHelperTests.FormatToStringTest1000(price: 10965.74607995746, expected: &quot;10965.75 zł&quot;)" storage="c:\projekty\xunittestproject\bin\debug\netcoreapp3.1\xunittestproject.dll" id="c83faa4e-9cfa-b743-e7ea-a4956027273b">
      <Execution id="f96bc470-5fa4-411d-aa7f-a9aecb54024c" />
      <TestMethod codeBase="C:\Projekty\xUnitTestProject\bin\Debug\netcoreapp3.1\xUnitTestProject.dll" adapterTypeName="executor://xunit/VsTestRunner2/netcoreapp" className="xUnitTestProject.CurrencyHelperTests" name="FormatToStringTest1000" />
    </UnitTest>
    <UnitTest name="xUnitTestProject.CurrencyHelperTests.FormatToStringTest1000(price: 1568.615240217473, expected: &quot;1568.62 zł&quot;)" storage="c:\projekty\xunittestproject\bin\debug\netcoreapp3.1\xunittestproject.dll" id="5a540ea5-a914-2a7a-fb65-63091b7a1082">
      <Execution id="38583bbb-3dad-476b-b60e-d2db95993c38" />
      <TestMethod codeBase="C:\Projekty\xUnitTestProject\bin\Debug\netcoreapp3.1\xUnitTestProject.dll" adapterTypeName="executor://xunit/VsTestRunner2/netcoreapp" className="xUnitTestProject.CurrencyHelperTests" name="FormatToStringTest1000" />
    </UnitTest>
    <UnitTest name="xUnitTestProject.CurrencyHelperTests.FormatToStringTest1000(price: 55010.474927814896, expected: &quot;55010.47 zł&quot;)" storage="c:\projekty\xunittestproject\bin\debug\netcoreapp3.1\xunittestproject.dll" id="4c68b106-0b95-e518-2e9e-d72489df9e7e">
      <Execution id="e1af00c0-f78e-47aa-8ae6-44d00dba427e" />
      <TestMethod codeBase="C:\Projekty\xUnitTestProject\bin\Debug\netcoreapp3.1\xUnitTestProject.dll" adapterTypeName="executor://xunit/VsTestRunner2/netcoreapp" className="xUnitTestProject.CurrencyHelperTests" name="FormatToStringTest1000" />
    </UnitTest>
    <UnitTest name="xUnitTestProject.CurrencyHelperTests.FormatToStringTest1000(price: 2298.0331723829886, expected: &quot;2298.03 zł&quot;)" storage="c:\projekty\xunittestproject\bin\debug\netcoreapp3.1\xunittestproject.dll" id="83af6274-cbc6-0821-9d1c-d71c57f5ac71">
      <Execution id="bf5eac9f-fe6b-4dac-b913-4c16eb317896" />
      <TestMethod codeBase="C:\Projekty\xUnitTestProject\bin\Debug\netcoreapp3.1\xUnitTestProject.dll" adapterTypeName="executor://xunit/VsTestRunner2/netcoreapp" className="xUnitTestProject.CurrencyHelperTests" name="FormatToStringTest1000" />
    </UnitTest>
    <UnitTest name="xUnitTestProject.CurrencyHelperTests.FormatToStringTest1000(price: 8885.065440211942, expected: &quot;8885.07 zł&quot;)" storage="c:\projekty\xunittestproject\bin\debug\netcoreapp3.1\xunittestproject.dll" id="9ecb75d8-2160-8266-876b-6361db8213dc">
      <Execution id="2d0c60a8-f931-4a8b-b528-d0db149dfee3" />
      <TestMethod codeBase="C:\Projekty\xUnitTestProject\bin\Debug\netcoreapp3.1\xUnitTestProject.dll" adapterTypeName="executor://xunit/VsTestRunner2/netcoreapp" className="xUnitTestProject.CurrencyHelperTests" name="FormatToStringTest1000" />
    </UnitTest>
    <UnitTest name="xUnitTestProject.CurrencyHelperTests.FormatToStringTest1000(price: 38640.62766693003, expected: &quot;38640.63 zł&quot;)" storage="c:\projekty\xunittestproject\bin\debug\netcoreapp3.1\xunittestproject.dll" id="ce6af9f0-4b11-7bc7-9919-f6caf3d5d5f3">
      <Execution id="d531bd0a-a3cf-4c88-b80b-b940d8d8b750" />
      <TestMethod codeBase="C:\Projekty\xUnitTestProject\bin\Debug\netcoreapp3.1\xUnitTestProject.dll" adapterTypeName="executor://xunit/VsTestRunner2/netcoreapp" className="xUnitTestProject.CurrencyHelperTests" name="FormatToStringTest1000" />
    </UnitTest>
    <UnitTest name="xUnitTestProject.CurrencyHelperTests.FormatToStringTest1000(price: 803.2448148733214, expected: &quot;803.24 zł&quot;)" storage="c:\projekty\xunittestproject\bin\debug\netcoreapp3.1\xunittestproject.dll" id="034f9192-5731-ab77-854c-d5ad3844ecab">
      <Execution id="1434baad-83dd-4a79-ba68-32a58486fce7" />
      <TestMethod codeBase="C:\Projekty\xUnitTestProject\bin\Debug\netcoreapp3.1\xUnitTestProject.dll" adapterTypeName="executor://xunit/VsTestRunner2/netcoreapp" className="xUnitTestProject.CurrencyHelperTests" name="FormatToStringTest1000" />
    </UnitTest>
    <UnitTest name="xUnitTestProject.CurrencyHelperTests.FormatToStringTest1000(price: 37826.846755123166, expected: &quot;37826.85 zł&quot;)" storage="c:\projekty\xunittestproject\bin\debug\netcoreapp3.1\xunittestproject.dll" id="a3944110-24ef-a5f3-993b-c0e54d094618">
      <Execution id="acfe3981-dbb2-4efa-adc0-e1914fd4f32b" />
      <TestMethod codeBase="C:\Projekty\xUnitTestProject\bin\Debug\netcoreapp3.1\xUnitTestProject.dll" adapterTypeName="executor://xunit/VsTestRunner2/netcoreapp" className="xUnitTestProject.CurrencyHelperTests" name="FormatToStringTest1000" />
    </UnitTest>
    <UnitTest name="xUnitTestProject.CurrencyHelperTests.FormatToStringTest1000(price: 8599.45217413616, expected: &quot;8599.45 zł&quot;)" storage="c:\projekty\xunittestproject\bin\debug\netcoreapp3.1\xunittestproject.dll" id="459b3c16-63b4-fc77-bb08-22086969eb93">
      <Execution id="65c282d8-42f1-4675-9ce5-4c5de66338d6" />
      <TestMethod codeBase="C:\Projekty\xUnitTestProject\bin\Debug\netcoreapp3.1\xUnitTestProject.dll" adapterTypeName="executor://xunit/VsTestRunner2/netcoreapp" className="xUnitTestProject.CurrencyHelperTests" name="FormatToStringTest1000" />
    </UnitTest>
    <UnitTest name="xUnitTestProject.CurrencyHelperTests.FormatToStringTest1000(price: 6220.182014914314, expected: &quot;6220.18 zł&quot;)" storage="c:\projekty\xunittestproject\bin\debug\netcoreapp3.1\xunittestproject.dll" id="0d6018bc-c4c3-ac7c-618e-ae3024a5dbea">
      <Execution id="e747742c-af34-43fd-b5f9-80a797637e01" />
      <TestMethod codeBase="C:\Projekty\xUnitTestProject\bin\Debug\netcoreapp3.1\xUnitTestProject.dll" adapterTypeName="executor://xunit/VsTestRunner2/netcoreapp" className="xUnitTestProject.CurrencyHelperTests" name="FormatToStringTest1000" />
    </UnitTest>
    <UnitTest name="xUnitTestProject.CurrencyHelperTests.FormatToStringTest1000(price: 4652.407073443945, expected: &quot;4652.41 zł&quot;)" storage="c:\projekty\xunittestproject\bin\debug\netcoreapp3.1\xunittestproject.dll" id="80d0ff60-cfaf-35b0-6f6e-60db427c7f85">
      <Execution id="595d04e9-d167-4749-81ea-6bd7d64daea4" />
      <TestMethod codeBase="C:\Projekty\xUnitTestProject\bin\Debug\netcoreapp3.1\xUnitTestProject.dll" adapterTypeName="executor://xunit/VsTestRunner2/netcoreapp" className="xUnitTestProject.CurrencyHelperTests" name="FormatToStringTest1000" />
    </UnitTest>
    <UnitTest name="xUnitTestProject.CurrencyHelperTests.FormatToStringTest1000(price: 2883.637133003975, expected: &quot;2883.64 zł&quot;)" storage="c:\projekty\xunittestproject\bin\debug\netcoreapp3.1\xunittestproject.dll" id="4d3fe7e4-2bde-cfc0-5403-0728b7dde62a">
      <Execution id="697fcf07-e7cc-4ecb-970c-897c03222fbb" />
      <TestMethod codeBase="C:\Projekty\xUnitTestProject\bin\Debug\netcoreapp3.1\xUnitTestProject.dll" adapterTypeName="executor://xunit/VsTestRunner2/netcoreapp" className="xUnitTestProject.CurrencyHelperTests" name="FormatToStringTest1000" />
    </UnitTest>
    <UnitTest name="xUnitTestProject.CurrencyHelperTests.FormatToStringTest1000(price: 57237.252356975456, expected: &quot;57237.25 zł&quot;)" storage="c:\projekty\xunittestproject\bin\debug\netcoreapp3.1\xunittestproject.dll" id="761b6e00-61f3-b300-b2f5-8d5765381437">
      <Execution id="f4d230d8-02b4-4490-9656-734e09f5a2c3" />
      <TestMethod codeBase="C:\Projekty\xUnitTestProject\bin\Debug\netcoreapp3.1\xUnitTestProject.dll" adapterTypeName="executor://xunit/VsTestRunner2/netcoreapp" className="xUnitTestProject.CurrencyHelperTests" name="FormatToStringTest1000" />
    </UnitTest>
    <UnitTest name="xUnitTestProject.CurrencyHelperTests.FormatToStringTest1000(price: 15566.957545477411, expected: &quot;15566.96 zł&quot;)" storage="c:\projekty\xunittestproject\bin\debug\netcoreapp3.1\xunittestproject.dll" id="4b06698d-5339-0a98-2e05-9ce80b4b1ec4">
      <Execution id="ec547d80-cbc4-402b-a59b-e1718339f139" />
      <TestMethod codeBase="C:\Projekty\xUnitTestProject\bin\Debug\netcoreapp3.1\xUnitTestProject.dll" adapterTypeName="executor://xunit/VsTestRunner2/netcoreapp" className="xUnitTestProject.CurrencyHelperTests" name="FormatToStringTest1000" />
    </UnitTest>
    <UnitTest name="xUnitTestProject.CurrencyHelperTests.FormatToStringTest1000(price: 35784.54232617307, expected: &quot;35784.54 zł&quot;)" storage="c:\projekty\xunittestproject\bin\debug\netcoreapp3.1\xunittestproject.dll" id="99f07415-68e4-3476-dd07-6ad55eba383b">
      <Execution id="fb4c864e-e214-4780-92d7-63b6a26a9e9a" />
      <TestMethod codeBase="C:\Projekty\xUnitTestProject\bin\Debug\netcoreapp3.1\xUnitTestProject.dll" adapterTypeName="executor://xunit/VsTestRunner2/netcoreapp" className="xUnitTestProject.CurrencyHelperTests" name="FormatToStringTest1000" />
    </UnitTest>
    <UnitTest name="xUnitTestProject.CurrencyHelperTests.FormatToStringTest1000(price: 2039.440966411699, expected: &quot;2039.44 zł&quot;)" storage="c:\projekty\xunittestproject\bin\debug\netcoreapp3.1\xunittestproject.dll" id="0a0bc23b-0e81-f4f7-edb6-cfc0213b6904">
      <Execution id="2383a05d-185e-40e0-864e-cca43d758987" />
      <TestMethod codeBase="C:\Projekty\xUnitTestProject\bin\Debug\netcoreapp3.1\xUnitTestProject.dll" adapterTypeName="executor://xunit/VsTestRunner2/netcoreapp" className="xUnitTestProject.CurrencyHelperTests" name="FormatToStringTest1000" />
    </UnitTest>
    <UnitTest name="xUnitTestProject.CurrencyHelperTests.FormatToStringTest1000(price: 5396.620088554277, expected: &quot;5396.62 zł&quot;)" storage="c:\projekty\xunittestproject\bin\debug\netcoreapp3.1\xunittestproject.dll" id="2cd343bd-badc-869e-d32e-7b446b74dbcf">
      <Execution id="3830b18e-f1e0-48bf-8cb6-416875db5600" />
      <TestMethod codeBase="C:\Projekty\xUnitTestProject\bin\Debug\netcoreapp3.1\xUnitTestProject.dll" adapterTypeName="executor://xunit/VsTestRunner2/netcoreapp" className="xUnitTestProject.CurrencyHelperTests" name="FormatToStringTest1000" />
    </UnitTest>
    <UnitTest name="xUnitTestProject.CurrencyHelperTests.FormatToStringTest1000(price: 12187.551827252633, expected: &quot;12187.55 zł&quot;)" storage="c:\projekty\xunittestproject\bin\debug\netcoreapp3.1\xunittestproject.dll" id="73284804-3614-1086-c9d3-907dba871693">
      <Execution id="2105fd4d-f373-4045-81a6-095c55e9cf4e" />
      <TestMethod codeBase="C:\Projekty\xUnitTestProject\bin\Debug\netcoreapp3.1\xUnitTestProject.dll" adapterTypeName="executor://xunit/VsTestRunner2/netcoreapp" className="xUnitTestProject.CurrencyHelperTests" name="FormatToStringTest1000" />
    </UnitTest>
    <UnitTest name="xUnitTestProject.CurrencyHelperTests.FormatToStringTest1000(price: 8347.417790138823, expected: &quot;8347.42 zł&quot;)" storage="c:\projekty\xunittestproject\bin\debug\netcoreapp3.1\xunittestproject.dll" id="38bf740f-4d67-502e-2cfd-d66470e846d5">
      <Execution id="e2a0d019-de8b-4b59-b34b-3d478dbeeaf3" />
      <TestMethod codeBase="C:\Projekty\xUnitTestProject\bin\Debug\netcoreapp3.1\xUnitTestProject.dll" adapterTypeName="executor://xunit/VsTestRunner2/netcoreapp" className="xUnitTestProject.CurrencyHelperTests" name="FormatToStringTest1000" />
    </UnitTest>
    <UnitTest name="xUnitTestProject.CurrencyHelperTests.FormatToStringTest1000(price: 19216.446905020366, expected: &quot;19216.45 zł&quot;)" storage="c:\projekty\xunittestproject\bin\debug\netcoreapp3.1\xunittestproject.dll" id="0dda947f-a97a-e494-3314-a0e77995fdce">
      <Execution id="a5827a78-28ba-40ae-9257-adec8d72ed7b" />
      <TestMethod codeBase="C:\Projekty\xUnitTestProject\bin\Debug\netcoreapp3.1\xUnitTestProject.dll" adapterTypeName="executor://xunit/VsTestRunner2/netcoreapp" className="xUnitTestProject.CurrencyHelperTests" name="FormatToStringTest1000" />
    </UnitTest>
    <UnitTest name="xUnitTestProject.CurrencyHelperTests.FormatToStringTest1000(price: 6057.842750804426, expected: &quot;6057.84 zł&quot;)" storage="c:\projekty\xunittestproject\bin\debug\netcoreapp3.1\xunittestproject.dll" id="6c34d91a-3ccc-a88d-a525-6f3132726a55">
      <Execution id="c58bf1d4-d9f6-4ede-b8c8-2d2c3995a406" />
      <TestMethod codeBase="C:\Projekty\xUnitTestProject\bin\Debug\netcoreapp3.1\xUnitTestProject.dll" adapterTypeName="executor://xunit/VsTestRunner2/netcoreapp" className="xUnitTestProject.CurrencyHelperTests" name="FormatToStringTest1000" />
    </UnitTest>
    <UnitTest name="xUnitTestProject.CurrencyHelperTests.FormatToStringTest1000(price: 6323.24079469882, expected: &quot;6323.24 zł&quot;)" storage="c:\projekty\xunittestproject\bin\debug\netcoreapp3.1\xunittestproject.dll" id="3a74380b-5761-efcc-d80f-84990cb62b27">
      <Execution id="1aad679e-f5ea-4291-bcb6-165e32f84ae5" />
      <TestMethod codeBase="C:\Projekty\xUnitTestProject\bin\Debug\netcoreapp3.1\xUnitTestProject.dll" adapterTypeName="executor://xunit/VsTestRunner2/netcoreapp" className="xUnitTestProject.CurrencyHelperTests" name="FormatToStringTest1000" />
    </UnitTest>
    <UnitTest name="xUnitTestProject.CurrencyHelperTests.FormatToStringTest1000(price: 7813.027778348433, expected: &quot;7813.03 zł&quot;)" storage="c:\projekty\xunittestproject\bin\debug\netcoreapp3.1\xunittestproject.dll" id="5f1f475f-1270-641d-7d41-d4acd777aabd">
      <Execution id="ab8ff0eb-af5d-4803-b5fa-b5dee512c370" />
      <TestMethod codeBase="C:\Projekty\xUnitTestProject\bin\Debug\netcoreapp3.1\xUnitTestProject.dll" adapterTypeName="executor://xunit/VsTestRunner2/netcoreapp" className="xUnitTestProject.CurrencyHelperTests" name="FormatToStringTest1000" />
    </UnitTest>
    <UnitTest name="xUnitTestProject.CurrencyHelperTests.FormatToStringTest1000(price: 35145.379208063416, expected: &quot;35145.38 zł&quot;)" storage="c:\projekty\xunittestproject\bin\debug\netcoreapp3.1\xunittestproject.dll" id="434a8caa-9318-d21d-4a14-8dc7214b55eb">
      <Execution id="3d34760b-82ec-412b-8044-0b3acb2d748e" />
      <TestMethod codeBase="C:\Projekty\xUnitTestProject\bin\Debug\netcoreapp3.1\xUnitTestProject.dll" adapterTypeName="executor://xunit/VsTestRunner2/netcoreapp" className="xUnitTestProject.CurrencyHelperTests" name="FormatToStringTest1000" />
    </UnitTest>
    <UnitTest name="xUnitTestProject.CurrencyHelperTests.FormatToStringTest1000(price: 6809.40195803037, expected: &quot;6809.40 zł&quot;)" storage="c:\projekty\xunittestproject\bin\debug\netcoreapp3.1\xunittestproject.dll" id="e1c5523d-f177-82aa-b8ad-0ce279495eeb">
      <Execution id="f703f1b4-5576-4e84-a663-0519f0826718" />
      <TestMethod codeBase="C:\Projekty\xUnitTestProject\bin\Debug\netcoreapp3.1\xUnitTestProject.dll" adapterTypeName="executor://xunit/VsTestRunner2/netcoreapp" className="xUnitTestProject.CurrencyHelperTests" name="FormatToStringTest1000" />
    </UnitTest>
    <UnitTest name="xUnitTestProject.CurrencyHelperTests.FormatToStringTest1000(price: 2166.4103293970275, expected: &quot;2166.41 zł&quot;)" storage="c:\projekty\xunittestproject\bin\debug\netcoreapp3.1\xunittestproject.dll" id="ccb01d77-9abe-d52e-f6b1-1f27fb49d5d4">
      <Execution id="7c3eedda-0224-4ccf-a406-b2c84ab5bf73" />
      <TestMethod codeBase="C:\Projekty\xUnitTestProject\bin\Debug\netcoreapp3.1\xUnitTestProject.dll" adapterTypeName="executor://xunit/VsTestRunner2/netcoreapp" className="xUnitTestProject.CurrencyHelperTests" name="FormatToStringTest1000" />
    </UnitTest>
    <UnitTest name="xUnitTestProject.CurrencyHelperTests.FormatToStringTest1000(price: 61422.228144277455, expected: &quot;61422.23 zł&quot;)" storage="c:\projekty\xunittestproject\bin\debug\netcoreapp3.1\xunittestproject.dll" id="7994a7d4-0fa0-5377-671c-ab94321aaf57">
      <Execution id="a150e5d8-aea4-43f6-97b5-c1f84535d546" />
      <TestMethod codeBase="C:\Projekty\xUnitTestProject\bin\Debug\netcoreapp3.1\xUnitTestProject.dll" adapterTypeName="executor://xunit/VsTestRunner2/netcoreapp" className="xUnitTestProject.CurrencyHelperTests" name="FormatToStringTest1000" />
    </UnitTest>
    <UnitTest name="xUnitTestProject.CurrencyHelperTests.FormatToStringTest1000(price: 3030.9461949132133, expected: &quot;3030.95 zł&quot;)" storage="c:\projekty\xunittestproject\bin\debug\netcoreapp3.1\xunittestproject.dll" id="c21a2737-6b36-8691-5404-6629a58d4529">
      <Execution id="0d24e4a4-80cd-43ea-b77d-f7ac3931a3cb" />
      <TestMethod codeBase="C:\Projekty\xUnitTestProject\bin\Debug\netcoreapp3.1\xUnitTestProject.dll" adapterTypeName="executor://xunit/VsTestRunner2/netcoreapp" className="xUnitTestProject.CurrencyHelperTests" name="FormatToStringTest1000" />
    </UnitTest>
    <UnitTest name="xUnitTestProject.CurrencyHelperTests.FormatToStringTest1000(price: 7890.044272348771, expected: &quot;7890.04 zł&quot;)" storage="c:\projekty\xunittestproject\bin\debug\netcoreapp3.1\xunittestproject.dll" id="5a93f8c6-dddb-38ff-5f2b-b7e5cc3ddb6a">
      <Execution id="2a2510ce-2bbf-4d20-b6a4-c61395c01e85" />
      <TestMethod codeBase="C:\Projekty\xUnitTestProject\bin\Debug\netcoreapp3.1\xUnitTestProject.dll" adapterTypeName="executor://xunit/VsTestRunner2/netcoreapp" className="xUnitTestProject.CurrencyHelperTests" name="FormatToStringTest1000" />
    </UnitTest>
    <UnitTest name="xUnitTestProject.CurrencyHelperTests.FormatToStringTest1000(price: 2929.267390865026, expected: &quot;2929.27 zł&quot;)" storage="c:\projekty\xunittestproject\bin\debug\netcoreapp3.1\xunittestproject.dll" id="13bfc4cd-00bc-fb12-3861-f69dc4145d67">
      <Execution id="371f37dd-55a8-4f83-8a11-22e02b86b76a" />
      <TestMethod codeBase="C:\Projekty\xUnitTestProject\bin\Debug\netcoreapp3.1\xUnitTestProject.dll" adapterTypeName="executor://xunit/VsTestRunner2/netcoreapp" className="xUnitTestProject.CurrencyHelperTests" name="FormatToStringTest1000" />
    </UnitTest>
    <UnitTest name="xUnitTestProject.CurrencyHelperTests.FormatToStringTest1000(price: 19071.681252896637, expected: &quot;19071.68 zł&quot;)" storage="c:\projekty\xunittestproject\bin\debug\netcoreapp3.1\xunittestproject.dll" id="cb40e0a5-2f70-a60d-407b-51d7d2d25955">
      <Execution id="3b94426f-0446-4ea2-b269-045e21fbe3e4" />
      <TestMethod codeBase="C:\Projekty\xUnitTestProject\bin\Debug\netcoreapp3.1\xUnitTestProject.dll" adapterTypeName="executor://xunit/VsTestRunner2/netcoreapp" className="xUnitTestProject.CurrencyHelperTests" name="FormatToStringTest1000" />
    </UnitTest>
    <UnitTest name="xUnitTestProject.CurrencyHelperTests.FormatToStringTest1000(price: 20068.867046961965, expected: &quot;20068.87 zł&quot;)" storage="c:\projekty\xunittestproject\bin\debug\netcoreapp3.1\xunittestproject.dll" id="cbab0896-310f-9613-16bf-ed68cf4f09cd">
      <Execution id="d94dae5b-9985-47e7-b5f7-4d44a9f77bd0" />
      <TestMethod codeBase="C:\Projekty\xUnitTestProject\bin\Debug\netcoreapp3.1\xUnitTestProject.dll" adapterTypeName="executor://xunit/VsTestRunner2/netcoreapp" className="xUnitTestProject.CurrencyHelperTests" name="FormatToStringTest1000" />
    </UnitTest>
    <UnitTest name="xUnitTestProject.CurrencyHelperTests.FormatToStringTest1000(price: 70432.00656616595, expected: &quot;70432.01 zł&quot;)" storage="c:\projekty\xunittestproject\bin\debug\netcoreapp3.1\xunittestproject.dll" id="578b5b4c-08d1-6f2c-3cf8-070bb75c9b96">
      <Execution id="b28b3b7e-b27a-4408-9af6-e199f7e141c6" />
      <TestMethod codeBase="C:\Projekty\xUnitTestProject\bin\Debug\netcoreapp3.1\xUnitTestProject.dll" adapterTypeName="executor://xunit/VsTestRunner2/netcoreapp" className="xUnitTestProject.CurrencyHelperTests" name="FormatToStringTest1000" />
    </UnitTest>
    <UnitTest name="xUnitTestProject.CurrencyHelperTests.FormatToStringTest1000(price: 5507.360659962688, expected: &quot;5507.36 zł&quot;)" storage="c:\projekty\xunittestproject\bin\debug\netcoreapp3.1\xunittestproject.dll" id="53367b44-34c3-c14f-ebad-d28df1741450">
      <Execution id="eec960f2-dcb3-4775-9098-73486a73d0d7" />
      <TestMethod codeBase="C:\Projekty\xUnitTestProject\bin\Debug\netcoreapp3.1\xUnitTestProject.dll" adapterTypeName="executor://xunit/VsTestRunner2/netcoreapp" className="xUnitTestProject.CurrencyHelperTests" name="FormatToStringTest1000" />
    </UnitTest>
    <UnitTest name="xUnitTestProject.CurrencyHelperTests.FormatToStringTest1000(price: 10527.083945901639, expected: &quot;10527.08 zł&quot;)" storage="c:\projekty\xunittestproject\bin\debug\netcoreapp3.1\xunittestproject.dll" id="d493c8e9-cfea-2fc7-4acb-79ca91dde5f0">
      <Execution id="34cb58b5-0eb8-4a28-85a2-47a640fb57eb" />
      <TestMethod codeBase="C:\Projekty\xUnitTestProject\bin\Debug\netcoreapp3.1\xUnitTestProject.dll" adapterTypeName="executor://xunit/VsTestRunner2/netcoreapp" className="xUnitTestProject.CurrencyHelperTests" name="FormatToStringTest1000" />
    </UnitTest>
    <UnitTest name="xUnitTestProject.CurrencyHelperTests.FormatToStringTest1000(price: 59283.48311990662, expected: &quot;59283.48 zł&quot;)" storage="c:\projekty\xunittestproject\bin\debug\netcoreapp3.1\xunittestproject.dll" id="30db28b2-ac34-8d8e-c566-68b2f6bb1d51">
      <Execution id="d5df74b1-555e-4340-b0bf-4131ea352d82" />
      <TestMethod codeBase="C:\Projekty\xUnitTestProject\bin\Debug\netcoreapp3.1\xUnitTestProject.dll" adapterTypeName="executor://xunit/VsTestRunner2/netcoreapp" className="xUnitTestProject.CurrencyHelperTests" name="FormatToStringTest1000" />
    </UnitTest>
    <UnitTest name="xUnitTestProject.CurrencyHelperTests.FormatToStringTest1000(price: 27187.549022783314, expected: &quot;27187.55 zł&quot;)" storage="c:\projekty\xunittestproject\bin\debug\netcoreapp3.1\xunittestproject.dll" id="9af46142-b025-7ff1-cd86-b161fef30f97">
      <Execution id="72c30a5a-bfb9-43c9-b4ea-841729f4a83a" />
      <TestMethod codeBase="C:\Projekty\xUnitTestProject\bin\Debug\netcoreapp3.1\xUnitTestProject.dll" adapterTypeName="executor://xunit/VsTestRunner2/netcoreapp" className="xUnitTestProject.CurrencyHelperTests" name="FormatToStringTest1000" />
    </UnitTest>
    <UnitTest name="xUnitTestProject.CurrencyHelperTests.FormatToStringTest1000(price: 38253.101637909705, expected: &quot;38253.10 zł&quot;)" storage="c:\projekty\xunittestproject\bin\debug\netcoreapp3.1\xunittestproject.dll" id="386de361-29e9-e772-105e-fd42e87ecfec">
      <Execution id="1492ac12-5a6c-4fc7-acec-10c5fd6d221b" />
      <TestMethod codeBase="C:\Projekty\xUnitTestProject\bin\Debug\netcoreapp3.1\xUnitTestProject.dll" adapterTypeName="executor://xunit/VsTestRunner2/netcoreapp" className="xUnitTestProject.CurrencyHelperTests" name="FormatToStringTest1000" />
    </UnitTest>
    <UnitTest name="xUnitTestProject.CurrencyHelperTests.FormatToStringTest1000(price: 1474.699818629166, expected: &quot;1474.70 zł&quot;)" storage="c:\projekty\xunittestproject\bin\debug\netcoreapp3.1\xunittestproject.dll" id="f9dc9c7a-bf0e-4c02-1f2d-1fd4e69c7538">
      <Execution id="a27627f1-95b7-4dee-a273-319043c8d3b2" />
      <TestMethod codeBase="C:\Projekty\xUnitTestProject\bin\Debug\netcoreapp3.1\xUnitTestProject.dll" adapterTypeName="executor://xunit/VsTestRunner2/netcoreapp" className="xUnitTestProject.CurrencyHelperTests" name="FormatToStringTest1000" />
    </UnitTest>
    <UnitTest name="xUnitTestProject.CurrencyHelperTests.FormatToStringTest1000(price: 4669.392596858271, expected: &quot;4669.39 zł&quot;)" storage="c:\projekty\xunittestproject\bin\debug\netcoreapp3.1\xunittestproject.dll" id="d4f3c378-b93a-d1d1-d97b-d57a65cd57e1">
      <Execution id="1ba38bc5-c0b6-4227-9517-ca5b02845f60" />
      <TestMethod codeBase="C:\Projekty\xUnitTestProject\bin\Debug\netcoreapp3.1\xUnitTestProject.dll" adapterTypeName="executor://xunit/VsTestRunner2/netcoreapp" className="xUnitTestProject.CurrencyHelperTests" name="FormatToStringTest1000" />
    </UnitTest>
    <UnitTest name="xUnitTestProject.CurrencyHelperTests.FormatToStringTest1000(price: 5022.470719070859, expected: &quot;5022.47 zł&quot;)" storage="c:\projekty\xunittestproject\bin\debug\netcoreapp3.1\xunittestproject.dll" id="c7272717-4c66-ee9c-96d1-b74d86b61eb8">
      <Execution id="7c817ae9-8fe8-431f-b659-e4b69fb56f32" />
      <TestMethod codeBase="C:\Projekty\xUnitTestProject\bin\Debug\netcoreapp3.1\xUnitTestProject.dll" adapterTypeName="executor://xunit/VsTestRunner2/netcoreapp" className="xUnitTestProject.CurrencyHelperTests" name="FormatToStringTest1000" />
    </UnitTest>
    <UnitTest name="xUnitTestProject.CurrencyHelperTests.FormatToStringTest1000(price: 3700.029953029021, expected: &quot;3700.03 zł&quot;)" storage="c:\projekty\xunittestproject\bin\debug\netcoreapp3.1\xunittestproject.dll" id="3172308c-0e5e-05a2-a398-90977e0ab705">
      <Execution id="8a5f5f9e-1618-436e-9b19-67f20f9af828" />
      <TestMethod codeBase="C:\Projekty\xUnitTestProject\bin\Debug\netcoreapp3.1\xUnitTestProject.dll" adapterTypeName="executor://xunit/VsTestRunner2/netcoreapp" className="xUnitTestProject.CurrencyHelperTests" name="FormatToStringTest1000" />
    </UnitTest>
    <UnitTest name="xUnitTestProject.CurrencyHelperTests.FormatToStringTest1000(price: 41876.979471482795, expected: &quot;41876.98 zł&quot;)" storage="c:\projekty\xunittestproject\bin\debug\netcoreapp3.1\xunittestproject.dll" id="e9257337-b714-27d4-32a8-94e3008408f8">
      <Execution id="f8b15d51-6f55-499c-b4ae-5908ca9c7753" />
      <TestMethod codeBase="C:\Projekty\xUnitTestProject\bin\Debug\netcoreapp3.1\xUnitTestProject.dll" adapterTypeName="executor://xunit/VsTestRunner2/netcoreapp" className="xUnitTestProject.CurrencyHelperTests" name="FormatToStringTest1000" />
    </UnitTest>
    <UnitTest name="xUnitTestProject.CurrencyHelperTests.FormatToStringTest1000(price: 66764.31690498316, expected: &quot;66764.32 zł&quot;)" storage="c:\projekty\xunittestproject\bin\debug\netcoreapp3.1\xunittestproject.dll" id="d1db99c9-780d-a1a8-cf4e-cc5ed7bbc5dc">
      <Execution id="2fc4b140-8ce0-4ded-86bd-cf790c71aa7d" />
      <TestMethod codeBase="C:\Projekty\xUnitTestProject\bin\Debug\netcoreapp3.1\xUnitTestProject.dll" adapterTypeName="executor://xunit/VsTestRunner2/netcoreapp" className="xUnitTestProject.CurrencyHelperTests" name="FormatToStringTest1000" />
    </UnitTest>
    <UnitTest name="xUnitTestProject.CurrencyHelperTests.FormatToStringTest1000(price: 5504.094303639184, expected: &quot;5504.09 zł&quot;)" storage="c:\projekty\xunittestproject\bin\debug\netcoreapp3.1\xunittestproject.dll" id="a1fbb77d-adf8-8ccd-4022-16be128e7ade">
      <Execution id="5dfdb598-fd1d-4841-98d6-6b47bb80b5c0" />
      <TestMethod codeBase="C:\Projekty\xUnitTestProject\bin\Debug\netcoreapp3.1\xUnitTestProject.dll" adapterTypeName="executor://xunit/VsTestRunner2/netcoreapp" className="xUnitTestProject.CurrencyHelperTests" name="FormatToStringTest1000" />
    </UnitTest>
    <UnitTest name="xUnitTestProject.CurrencyHelperTests.FormatToStringTest1000(price: 32821.05661472215, expected: &quot;32821.06 zł&quot;)" storage="c:\projekty\xunittestproject\bin\debug\netcoreapp3.1\xunittestproject.dll" id="a23aab13-e7cd-0855-c1ee-3a27796bc390">
      <Execution id="9a1bb09c-8aa6-46d0-8688-aa182d01b8da" />
      <TestMethod codeBase="C:\Projekty\xUnitTestProject\bin\Debug\netcoreapp3.1\xUnitTestProject.dll" adapterTypeName="executor://xunit/VsTestRunner2/netcoreapp" className="xUnitTestProject.CurrencyHelperTests" name="FormatToStringTest1000" />
    </UnitTest>
    <UnitTest name="xUnitTestProject.CurrencyHelperTests.FormatToStringTest1000(price: 30807.823896702295, expected: &quot;30807.82 zł&quot;)" storage="c:\projekty\xunittestproject\bin\debug\netcoreapp3.1\xunittestproject.dll" id="f308d529-c66b-0a68-1a35-9384b1697bbf">
      <Execution id="b83cbd01-e75f-4637-923a-530ff86af091" />
      <TestMethod codeBase="C:\Projekty\xUnitTestProject\bin\Debug\netcoreapp3.1\xUnitTestProject.dll" adapterTypeName="executor://xunit/VsTestRunner2/netcoreapp" className="xUnitTestProject.CurrencyHelperTests" name="FormatToStringTest1000" />
    </UnitTest>
    <UnitTest name="xUnitTestProject.CurrencyHelperTests.FormatToStringTest1000(price: 36211.11038300866, expected: &quot;36211.11 zł&quot;)" storage="c:\projekty\xunittestproject\bin\debug\netcoreapp3.1\xunittestproject.dll" id="69ed80be-ebbe-cd3a-42e2-f7807046c259">
      <Execution id="8002fe5d-0bde-470e-bc55-5a729d371a24" />
      <TestMethod codeBase="C:\Projekty\xUnitTestProject\bin\Debug\netcoreapp3.1\xUnitTestProject.dll" adapterTypeName="executor://xunit/VsTestRunner2/netcoreapp" className="xUnitTestProject.CurrencyHelperTests" name="FormatToStringTest1000" />
    </UnitTest>
    <UnitTest name="xUnitTestProject.CurrencyHelperTests.FormatToStringTest1000(price: 24024.14691439557, expected: &quot;24024.15 zł&quot;)" storage="c:\projekty\xunittestproject\bin\debug\netcoreapp3.1\xunittestproject.dll" id="9764b852-f92a-9e33-a48d-5ba73babe5d1">
      <Execution id="abe927d6-05c6-4c1c-ab9a-677e8002a53e" />
      <TestMethod codeBase="C:\Projekty\xUnitTestProject\bin\Debug\netcoreapp3.1\xUnitTestProject.dll" adapterTypeName="executor://xunit/VsTestRunner2/netcoreapp" className="xUnitTestProject.CurrencyHelperTests" name="FormatToStringTest1000" />
    </UnitTest>
    <UnitTest name="xUnitTestProject.CurrencyHelperTests.FormatToStringTest1000(price: 5398.2412667191775, expected: &quot;5398.24 zł&quot;)" storage="c:\projekty\xunittestproject\bin\debug\netcoreapp3.1\xunittestproject.dll" id="364fda16-bd4c-3aa8-1597-b73653a15603">
      <Execution id="e7546d94-a1e9-4877-a722-c4bf66ee4ad8" />
      <TestMethod codeBase="C:\Projekty\xUnitTestProject\bin\Debug\netcoreapp3.1\xUnitTestProject.dll" adapterTypeName="executor://xunit/VsTestRunner2/netcoreapp" className="xUnitTestProject.CurrencyHelperTests" name="FormatToStringTest1000" />
    </UnitTest>
    <UnitTest name="xUnitTestProject.CurrencyHelperTests.FormatToStringTest1000(price: 11904.111251175456, expected: &quot;11904.11 zł&quot;)" storage="c:\projekty\xunittestproject\bin\debug\netcoreapp3.1\xunittestproject.dll" id="688da5e9-d12f-3e2c-c7dd-72c1a87d6a78">
      <Execution id="2120447b-b3e3-4ac6-ae2a-2098fcc01010" />
      <TestMethod codeBase="C:\Projekty\xUnitTestProject\bin\Debug\netcoreapp3.1\xUnitTestProject.dll" adapterTypeName="executor://xunit/VsTestRunner2/netcoreapp" className="xUnitTestProject.CurrencyHelperTests" name="FormatToStringTest1000" />
    </UnitTest>
    <UnitTest name="xUnitTestProject.CurrencyHelperTests.FormatToStringTest1000(price: 14198.39903067723, expected: &quot;14198.40 zł&quot;)" storage="c:\projekty\xunittestproject\bin\debug\netcoreapp3.1\xunittestproject.dll" id="814b2061-14f5-c810-0eca-e8431104105a">
      <Execution id="1a34931e-3514-4677-aabf-a3092d2c3b11" />
      <TestMethod codeBase="C:\Projekty\xUnitTestProject\bin\Debug\netcoreapp3.1\xUnitTestProject.dll" adapterTypeName="executor://xunit/VsTestRunner2/netcoreapp" className="xUnitTestProject.CurrencyHelperTests" name="FormatToStringTest1000" />
    </UnitTest>
    <UnitTest name="xUnitTestProject.CurrencyHelperTests.FormatToStringTest1000(price: 27942.393876474067, expected: &quot;27942.39 zł&quot;)" storage="c:\projekty\xunittestproject\bin\debug\netcoreapp3.1\xunittestproject.dll" id="92bde5bc-af9c-6dbe-10ea-7012e494fcd9">
      <Execution id="02e64a1c-1515-4387-b1c5-82539064589c" />
      <TestMethod codeBase="C:\Projekty\xUnitTestProject\bin\Debug\netcoreapp3.1\xUnitTestProject.dll" adapterTypeName="executor://xunit/VsTestRunner2/netcoreapp" className="xUnitTestProject.CurrencyHelperTests" name="FormatToStringTest1000" />
    </UnitTest>
    <UnitTest name="xUnitTestProject.CurrencyHelperTests.FormatToStringTest1000(price: 45887.58415794167, expected: &quot;45887.58 zł&quot;)" storage="c:\projekty\xunittestproject\bin\debug\netcoreapp3.1\xunittestproject.dll" id="8e844c73-d78c-9c16-d82a-bbf068ddf1ce">
      <Execution id="c55e28d4-d5ee-47b3-8f41-cdb729909561" />
      <TestMethod codeBase="C:\Projekty\xUnitTestProject\bin\Debug\netcoreapp3.1\xUnitTestProject.dll" adapterTypeName="executor://xunit/VsTestRunner2/netcoreapp" className="xUnitTestProject.CurrencyHelperTests" name="FormatToStringTest1000" />
    </UnitTest>
    <UnitTest name="xUnitTestProject.CurrencyHelperTests.FormatToStringTest1000(price: 15639.704937780603, expected: &quot;15639.70 zł&quot;)" storage="c:\projekty\xunittestproject\bin\debug\netcoreapp3.1\xunittestproject.dll" id="a188d29e-24f4-14f6-3109-f28ee9929456">
      <Execution id="aa5e557c-9c84-4d67-95e8-417ef31434eb" />
      <TestMethod codeBase="C:\Projekty\xUnitTestProject\bin\Debug\netcoreapp3.1\xUnitTestProject.dll" adapterTypeName="executor://xunit/VsTestRunner2/netcoreapp" className="xUnitTestProject.CurrencyHelperTests" name="FormatToStringTest1000" />
    </UnitTest>
    <UnitTest name="xUnitTestProject.CurrencyHelperTests.FormatToStringTest1000(price: 24729.333280806586, expected: &quot;24729.33 zł&quot;)" storage="c:\projekty\xunittestproject\bin\debug\netcoreapp3.1\xunittestproject.dll" id="1536b0a9-7189-743d-a273-29feae6f0843">
      <Execution id="0715657f-1225-482b-ba37-19790f74c70e" />
      <TestMethod codeBase="C:\Projekty\xUnitTestProject\bin\Debug\netcoreapp3.1\xUnitTestProject.dll" adapterTypeName="executor://xunit/VsTestRunner2/netcoreapp" className="xUnitTestProject.CurrencyHelperTests" name="FormatToStringTest1000" />
    </UnitTest>
    <UnitTest name="xUnitTestProject.CurrencyHelperTests.FormatToStringTest1000(price: 58459.03113649601, expected: &quot;58459.03 zł&quot;)" storage="c:\projekty\xunittestproject\bin\debug\netcoreapp3.1\xunittestproject.dll" id="f62ec529-2064-feb0-d217-30e62f8296ba">
      <Execution id="ba3f046d-7eaf-4880-a182-02c04fc6acfa" />
      <TestMethod codeBase="C:\Projekty\xUnitTestProject\bin\Debug\netcoreapp3.1\xUnitTestProject.dll" adapterTypeName="executor://xunit/VsTestRunner2/netcoreapp" className="xUnitTestProject.CurrencyHelperTests" name="FormatToStringTest1000" />
    </UnitTest>
    <UnitTest name="xUnitTestProject.CurrencyHelperTests.FormatToStringTest1000(price: 32216.686763396807, expected: &quot;32216.69 zł&quot;)" storage="c:\projekty\xunittestproject\bin\debug\netcoreapp3.1\xunittestproject.dll" id="c09fd9f3-56b2-979f-b5dc-a5cbb3bb898a">
      <Execution id="c0718134-ff42-4786-87ff-96722528100e" />
      <TestMethod codeBase="C:\Projekty\xUnitTestProject\bin\Debug\netcoreapp3.1\xUnitTestProject.dll" adapterTypeName="executor://xunit/VsTestRunner2/netcoreapp" className="xUnitTestProject.CurrencyHelperTests" name="FormatToStringTest1000" />
    </UnitTest>
    <UnitTest name="xUnitTestProject.CurrencyHelperTests.FormatToStringTest1000(price: 22678.795878462864, expected: &quot;22678.80 zł&quot;)" storage="c:\projekty\xunittestproject\bin\debug\netcoreapp3.1\xunittestproject.dll" id="1986b1a1-c98c-3d3a-7942-85a1e1c43315">
      <Execution id="46db44de-01e1-44e9-ab18-ab42f051df03" />
      <TestMethod codeBase="C:\Projekty\xUnitTestProject\bin\Debug\netcoreapp3.1\xUnitTestProject.dll" adapterTypeName="executor://xunit/VsTestRunner2/netcoreapp" className="xUnitTestProject.CurrencyHelperTests" name="FormatToStringTest1000" />
    </UnitTest>
    <UnitTest name="xUnitTestProject.CurrencyHelperTests.FormatToStringTest1000(price: 14237.13226245955, expected: &quot;14237.13 zł&quot;)" storage="c:\projekty\xunittestproject\bin\debug\netcoreapp3.1\xunittestproject.dll" id="5e9f654f-dd64-8138-30a6-1dc5f11cf83a">
      <Execution id="51243a22-2e6a-4c92-86b2-55f0fdbcd567" />
      <TestMethod codeBase="C:\Projekty\xUnitTestProject\bin\Debug\netcoreapp3.1\xUnitTestProject.dll" adapterTypeName="executor://xunit/VsTestRunner2/netcoreapp" className="xUnitTestProject.CurrencyHelperTests" name="FormatToStringTest1000" />
    </UnitTest>
    <UnitTest name="xUnitTestProject.CurrencyHelperTests.FormatToStringTest1000(price: 9628.688698104437, expected: &quot;9628.69 zł&quot;)" storage="c:\projekty\xunittestproject\bin\debug\netcoreapp3.1\xunittestproject.dll" id="3fa92d95-7719-c247-fd7d-28cef4c98170">
      <Execution id="0012533a-5e73-41cb-923e-07aeae8e8833" />
      <TestMethod codeBase="C:\Projekty\xUnitTestProject\bin\Debug\netcoreapp3.1\xUnitTestProject.dll" adapterTypeName="executor://xunit/VsTestRunner2/netcoreapp" className="xUnitTestProject.CurrencyHelperTests" name="FormatToStringTest1000" />
    </UnitTest>
    <UnitTest name="xUnitTestProject.CurrencyHelperTests.FormatToStringTest1000(price: 11922.837782177532, expected: &quot;11922.84 zł&quot;)" storage="c:\projekty\xunittestproject\bin\debug\netcoreapp3.1\xunittestproject.dll" id="9e60da1f-2da8-eacc-63f9-9c91b8a7e042">
      <Execution id="673fab7b-16ac-4ffd-9634-bd9915ef4526" />
      <TestMethod codeBase="C:\Projekty\xUnitTestProject\bin\Debug\netcoreapp3.1\xUnitTestProject.dll" adapterTypeName="executor://xunit/VsTestRunner2/netcoreapp" className="xUnitTestProject.CurrencyHelperTests" name="FormatToStringTest1000" />
    </UnitTest>
    <UnitTest name="xUnitTestProject.CurrencyHelperTests.FormatToStringTest1000(price: 10324.538670147089, expected: &quot;10324.54 zł&quot;)" storage="c:\projekty\xunittestproject\bin\debug\netcoreapp3.1\xunittestproject.dll" id="4f6b94b9-8c0a-f905-af50-086f7c071ad9">
      <Execution id="b83af513-89e7-496f-bfdd-53d2c60c3cf1" />
      <TestMethod codeBase="C:\Projekty\xUnitTestProject\bin\Debug\netcoreapp3.1\xUnitTestProject.dll" adapterTypeName="executor://xunit/VsTestRunner2/netcoreapp" className="xUnitTestProject.CurrencyHelperTests" name="FormatToStringTest1000" />
    </UnitTest>
    <UnitTest name="xUnitTestProject.CurrencyHelperTests.FormatToStringTest1000(price: 1860.3356292016504, expected: &quot;1860.34 zł&quot;)" storage="c:\projekty\xunittestproject\bin\debug\netcoreapp3.1\xunittestproject.dll" id="084c3ea0-3fae-0089-ccac-97b8aadd0b60">
      <Execution id="075175f4-2acd-4d3e-8f1f-f03c6f678828" />
      <TestMethod codeBase="C:\Projekty\xUnitTestProject\bin\Debug\netcoreapp3.1\xUnitTestProject.dll" adapterTypeName="executor://xunit/VsTestRunner2/netcoreapp" className="xUnitTestProject.CurrencyHelperTests" name="FormatToStringTest1000" />
    </UnitTest>
    <UnitTest name="xUnitTestProject.CurrencyHelperTests.FormatToStringTest1000(price: 33699.13042082038, expected: &quot;33699.13 zł&quot;)" storage="c:\projekty\xunittestproject\bin\debug\netcoreapp3.1\xunittestproject.dll" id="ef111b7b-895d-e083-171f-1b45ef31d01a">
      <Execution id="d70fb7ae-542b-4c05-8614-aa777137b1c1" />
      <TestMethod codeBase="C:\Projekty\xUnitTestProject\bin\Debug\netcoreapp3.1\xUnitTestProject.dll" adapterTypeName="executor://xunit/VsTestRunner2/netcoreapp" className="xUnitTestProject.CurrencyHelperTests" name="FormatToStringTest1000" />
    </UnitTest>
    <UnitTest name="xUnitTestProject.CurrencyHelperTests.FormatToStringTest1000(price: 41873.517751020154, expected: &quot;41873.52 zł&quot;)" storage="c:\projekty\xunittestproject\bin\debug\netcoreapp3.1\xunittestproject.dll" id="a32f3872-61d2-3bb4-5952-f9f7fd09a236">
      <Execution id="035c0408-ce95-45a7-ab60-c4513ccc9116" />
      <TestMethod codeBase="C:\Projekty\xUnitTestProject\bin\Debug\netcoreapp3.1\xUnitTestProject.dll" adapterTypeName="executor://xunit/VsTestRunner2/netcoreapp" className="xUnitTestProject.CurrencyHelperTests" name="FormatToStringTest1000" />
    </UnitTest>
    <UnitTest name="xUnitTestProject.CurrencyHelperTests.FormatToStringTest1000(price: 6145.531235831571, expected: &quot;6145.53 zł&quot;)" storage="c:\projekty\xunittestproject\bin\debug\netcoreapp3.1\xunittestproject.dll" id="235eb381-d2e3-8caa-5888-040fb729169a">
      <Execution id="32e84d83-5796-480f-9b33-c29f396c7176" />
      <TestMethod codeBase="C:\Projekty\xUnitTestProject\bin\Debug\netcoreapp3.1\xUnitTestProject.dll" adapterTypeName="executor://xunit/VsTestRunner2/netcoreapp" className="xUnitTestProject.CurrencyHelperTests" name="FormatToStringTest1000" />
    </UnitTest>
    <UnitTest name="xUnitTestProject.CurrencyHelperTests.FormatToStringTest1000(price: 88584.97010041306, expected: &quot;88584.97 zł&quot;)" storage="c:\projekty\xunittestproject\bin\debug\netcoreapp3.1\xunittestproject.dll" id="bf0f3eb7-c08a-24a8-fd8d-3d7e3051107b">
      <Execution id="95e74431-fed1-4ecd-90c3-c88a7b65ac70" />
      <TestMethod codeBase="C:\Projekty\xUnitTestProject\bin\Debug\netcoreapp3.1\xUnitTestProject.dll" adapterTypeName="executor://xunit/VsTestRunner2/netcoreapp" className="xUnitTestProject.CurrencyHelperTests" name="FormatToStringTest1000" />
    </UnitTest>
    <UnitTest name="xUnitTestProject.CurrencyHelperTests.FormatToStringTest1000(price: 2346.9964869427477, expected: &quot;2347.00 zł&quot;)" storage="c:\projekty\xunittestproject\bin\debug\netcoreapp3.1\xunittestproject.dll" id="d9756703-fed3-1fb8-7195-5dae810af3cf">
      <Execution id="9f65c0d0-ff5d-434f-b0b3-a6beb431ac8b" />
      <TestMethod codeBase="C:\Projekty\xUnitTestProject\bin\Debug\netcoreapp3.1\xUnitTestProject.dll" adapterTypeName="executor://xunit/VsTestRunner2/netcoreapp" className="xUnitTestProject.CurrencyHelperTests" name="FormatToStringTest1000" />
    </UnitTest>
    <UnitTest name="xUnitTestProject.CurrencyHelperTests.FormatToStringTest1000(price: 41915.7945284563, expected: &quot;41915.79 zł&quot;)" storage="c:\projekty\xunittestproject\bin\debug\netcoreapp3.1\xunittestproject.dll" id="fa34dc68-0a28-d88d-9f8e-755de73cf02d">
      <Execution id="18271d00-6961-421c-b7e3-ff2162cfe0c4" />
      <TestMethod codeBase="C:\Projekty\xUnitTestProject\bin\Debug\netcoreapp3.1\xUnitTestProject.dll" adapterTypeName="executor://xunit/VsTestRunner2/netcoreapp" className="xUnitTestProject.CurrencyHelperTests" name="FormatToStringTest1000" />
    </UnitTest>
    <UnitTest name="xUnitTestProject.CurrencyHelperTests.FormatToStringTest1000(price: 56378.261944644735, expected: &quot;56378.26 zł&quot;)" storage="c:\projekty\xunittestproject\bin\debug\netcoreapp3.1\xunittestproject.dll" id="e3f04803-c378-ce39-94cd-bd430620d6cb">
      <Execution id="48f9d7ac-0924-4305-b26d-ece5a28ddfeb" />
      <TestMethod codeBase="C:\Projekty\xUnitTestProject\bin\Debug\netcoreapp3.1\xUnitTestProject.dll" adapterTypeName="executor://xunit/VsTestRunner2/netcoreapp" className="xUnitTestProject.CurrencyHelperTests" name="FormatToStringTest1000" />
    </UnitTest>
    <UnitTest name="xUnitTestProject.CurrencyHelperTests.FormatToStringTest1000(price: 10857.521742201186, expected: &quot;10857.52 zł&quot;)" storage="c:\projekty\xunittestproject\bin\debug\netcoreapp3.1\xunittestproject.dll" id="bafee3ee-9889-56d2-8e3d-2c651a7649c3">
      <Execution id="41c2826e-5ff0-4af8-b1b2-7e592f02e415" />
      <TestMethod codeBase="C:\Projekty\xUnitTestProject\bin\Debug\netcoreapp3.1\xUnitTestProject.dll" adapterTypeName="executor://xunit/VsTestRunner2/netcoreapp" className="xUnitTestProject.CurrencyHelperTests" name="FormatToStringTest1000" />
    </UnitTest>
    <UnitTest name="xUnitTestProject.CurrencyHelperTests.FormatToStringTest1000(price: 158.49784791027093, expected: &quot;158.50 zł&quot;)" storage="c:\projekty\xunittestproject\bin\debug\netcoreapp3.1\xunittestproject.dll" id="b82e8809-4def-9359-7a57-795e7616c335">
      <Execution id="23448dde-3e28-41fb-a1fd-9e169a8ff0db" />
      <TestMethod codeBase="C:\Projekty\xUnitTestProject\bin\Debug\netcoreapp3.1\xUnitTestProject.dll" adapterTypeName="executor://xunit/VsTestRunner2/netcoreapp" className="xUnitTestProject.CurrencyHelperTests" name="FormatToStringTest1000" />
    </UnitTest>
    <UnitTest name="xUnitTestProject.CurrencyHelperTests.FormatToStringTest1000(price: 76751.79413498091, expected: &quot;76751.79 zł&quot;)" storage="c:\projekty\xunittestproject\bin\debug\netcoreapp3.1\xunittestproject.dll" id="c7ef87e2-e6d0-89f1-fa1a-3a161b3248e2">
      <Execution id="bec41e19-5831-45e9-b5b7-0150f6928f5e" />
      <TestMethod codeBase="C:\Projekty\xUnitTestProject\bin\Debug\netcoreapp3.1\xUnitTestProject.dll" adapterTypeName="executor://xunit/VsTestRunner2/netcoreapp" className="xUnitTestProject.CurrencyHelperTests" name="FormatToStringTest1000" />
    </UnitTest>
    <UnitTest name="xUnitTestProject.CurrencyHelperTests.FormatToStringTest1000(price: 5247.779940802501, expected: &quot;5247.78 zł&quot;)" storage="c:\projekty\xunittestproject\bin\debug\netcoreapp3.1\xunittestproject.dll" id="3298d961-bdaa-633a-0d61-33079be298ce">
      <Execution id="03ebdbb5-b3bf-42f8-9e7e-9e5ff3528d61" />
      <TestMethod codeBase="C:\Projekty\xUnitTestProject\bin\Debug\netcoreapp3.1\xUnitTestProject.dll" adapterTypeName="executor://xunit/VsTestRunner2/netcoreapp" className="xUnitTestProject.CurrencyHelperTests" name="FormatToStringTest1000" />
    </UnitTest>
    <UnitTest name="xUnitTestProject.CurrencyHelperTests.FormatToStringTest1000(price: 25272.05048361283, expected: &quot;25272.05 zł&quot;)" storage="c:\projekty\xunittestproject\bin\debug\netcoreapp3.1\xunittestproject.dll" id="40134df2-77e4-6143-ea6f-23ae0fbd39f3">
      <Execution id="5b54f4f1-9be1-44ed-b8f3-436504606952" />
      <TestMethod codeBase="C:\Projekty\xUnitTestProject\bin\Debug\netcoreapp3.1\xUnitTestProject.dll" adapterTypeName="executor://xunit/VsTestRunner2/netcoreapp" className="xUnitTestProject.CurrencyHelperTests" name="FormatToStringTest1000" />
    </UnitTest>
    <UnitTest name="xUnitTestProject.CurrencyHelperTests.FormatToStringTest1000(price: 3274.481392617096, expected: &quot;3274.48 zł&quot;)" storage="c:\projekty\xunittestproject\bin\debug\netcoreapp3.1\xunittestproject.dll" id="dd2dd033-1470-57eb-5d97-02eb255fcb1f">
      <Execution id="4793a889-b9c8-4b98-9847-34caf8703156" />
      <TestMethod codeBase="C:\Projekty\xUnitTestProject\bin\Debug\netcoreapp3.1\xUnitTestProject.dll" adapterTypeName="executor://xunit/VsTestRunner2/netcoreapp" className="xUnitTestProject.CurrencyHelperTests" name="FormatToStringTest1000" />
    </UnitTest>
    <UnitTest name="xUnitTestProject.CurrencyHelperTests.FormatToStringTest1000(price: 2901.9683054191846, expected: &quot;2901.97 zł&quot;)" storage="c:\projekty\xunittestproject\bin\debug\netcoreapp3.1\xunittestproject.dll" id="b38d539d-6069-d89f-5c5e-102a8255e594">
      <Execution id="18a1a9df-f1a9-4806-aa70-d07129e347d4" />
      <TestMethod codeBase="C:\Projekty\xUnitTestProject\bin\Debug\netcoreapp3.1\xUnitTestProject.dll" adapterTypeName="executor://xunit/VsTestRunner2/netcoreapp" className="xUnitTestProject.CurrencyHelperTests" name="FormatToStringTest1000" />
    </UnitTest>
    <UnitTest name="xUnitTestProject.CurrencyHelperTests.FormatToStringTest1000(price: 13681.607566007231, expected: &quot;13681.61 zł&quot;)" storage="c:\projekty\xunittestproject\bin\debug\netcoreapp3.1\xunittestproject.dll" id="f72783d9-64aa-50e2-fcd1-46f621632d5d">
      <Execution id="4824001f-88a0-45ab-9478-b191757b1843" />
      <TestMethod codeBase="C:\Projekty\xUnitTestProject\bin\Debug\netcoreapp3.1\xUnitTestProject.dll" adapterTypeName="executor://xunit/VsTestRunner2/netcoreapp" className="xUnitTestProject.CurrencyHelperTests" name="FormatToStringTest1000" />
    </UnitTest>
    <UnitTest name="xUnitTestProject.CurrencyHelperTests.FormatToStringTest1000(price: 823.2747994560166, expected: &quot;823.27 zł&quot;)" storage="c:\projekty\xunittestproject\bin\debug\netcoreapp3.1\xunittestproject.dll" id="31d901d5-0ee4-8f4e-13ca-73133c8afccc">
      <Execution id="59526d36-60de-4c5e-bbce-52a95e21008c" />
      <TestMethod codeBase="C:\Projekty\xUnitTestProject\bin\Debug\netcoreapp3.1\xUnitTestProject.dll" adapterTypeName="executor://xunit/VsTestRunner2/netcoreapp" className="xUnitTestProject.CurrencyHelperTests" name="FormatToStringTest1000" />
    </UnitTest>
    <UnitTest name="xUnitTestProject.CurrencyHelperTests.FormatToStringTest1000(price: 13197.65136269417, expected: &quot;13197.65 zł&quot;)" storage="c:\projekty\xunittestproject\bin\debug\netcoreapp3.1\xunittestproject.dll" id="c558e0d2-3c06-e002-2aa3-e6624e30de98">
      <Execution id="4f5a6be4-ccaa-41df-98bb-9b11692b1f90" />
      <TestMethod codeBase="C:\Projekty\xUnitTestProject\bin\Debug\netcoreapp3.1\xUnitTestProject.dll" adapterTypeName="executor://xunit/VsTestRunner2/netcoreapp" className="xUnitTestProject.CurrencyHelperTests" name="FormatToStringTest1000" />
    </UnitTest>
    <UnitTest name="xUnitTestProject.CurrencyHelperTests.FormatToStringTest1000(price: 22743.19734205827, expected: &quot;22743.20 zł&quot;)" storage="c:\projekty\xunittestproject\bin\debug\netcoreapp3.1\xunittestproject.dll" id="9c12637d-98e9-60e9-4c3e-198e27a61c0f">
      <Execution id="14af0abb-f720-4900-b79b-a30eef158fed" />
      <TestMethod codeBase="C:\Projekty\xUnitTestProject\bin\Debug\netcoreapp3.1\xUnitTestProject.dll" adapterTypeName="executor://xunit/VsTestRunner2/netcoreapp" className="xUnitTestProject.CurrencyHelperTests" name="FormatToStringTest1000" />
    </UnitTest>
    <UnitTest name="xUnitTestProject.CurrencyHelperTests.FormatToStringTest1000(price: 29917.15005391145, expected: &quot;29917.15 zł&quot;)" storage="c:\projekty\xunittestproject\bin\debug\netcoreapp3.1\xunittestproject.dll" id="1400f8ec-69fd-4b7f-6a20-9938aff67002">
      <Execution id="44fb7a2a-ba4c-4e1f-a90d-ece066dec278" />
      <TestMethod codeBase="C:\Projekty\xUnitTestProject\bin\Debug\netcoreapp3.1\xUnitTestProject.dll" adapterTypeName="executor://xunit/VsTestRunner2/netcoreapp" className="xUnitTestProject.CurrencyHelperTests" name="FormatToStringTest1000" />
    </UnitTest>
    <UnitTest name="xUnitTestProject.CurrencyHelperTests.FormatToStringTest1000(price: 28155.26504817664, expected: &quot;28155.27 zł&quot;)" storage="c:\projekty\xunittestproject\bin\debug\netcoreapp3.1\xunittestproject.dll" id="e59747a8-433f-61a0-e952-9d5b29617a9f">
      <Execution id="30eb8994-af92-43d5-b6b2-6f7ed4d00045" />
      <TestMethod codeBase="C:\Projekty\xUnitTestProject\bin\Debug\netcoreapp3.1\xUnitTestProject.dll" adapterTypeName="executor://xunit/VsTestRunner2/netcoreapp" className="xUnitTestProject.CurrencyHelperTests" name="FormatToStringTest1000" />
    </UnitTest>
    <UnitTest name="xUnitTestProject.CurrencyHelperTests.FormatToStringTest1000(price: 8901.937138443784, expected: &quot;8901.94 zł&quot;)" storage="c:\projekty\xunittestproject\bin\debug\netcoreapp3.1\xunittestproject.dll" id="38efd0dd-942e-1575-95b3-c2474aa164b9">
      <Execution id="5d2f5199-20b0-41ee-ac9b-e12c7fa3c984" />
      <TestMethod codeBase="C:\Projekty\xUnitTestProject\bin\Debug\netcoreapp3.1\xUnitTestProject.dll" adapterTypeName="executor://xunit/VsTestRunner2/netcoreapp" className="xUnitTestProject.CurrencyHelperTests" name="FormatToStringTest1000" />
    </UnitTest>
    <UnitTest name="xUnitTestProject.CurrencyHelperTests.FormatToStringTest1000(price: 397.6461894566408, expected: &quot;397.65 zł&quot;)" storage="c:\projekty\xunittestproject\bin\debug\netcoreapp3.1\xunittestproject.dll" id="db653531-1a7a-b4d6-7b77-97b13719461c">
      <Execution id="4a21d463-76c6-4627-962f-5d95c742d05b" />
      <TestMethod codeBase="C:\Projekty\xUnitTestProject\bin\Debug\netcoreapp3.1\xUnitTestProject.dll" adapterTypeName="executor://xunit/VsTestRunner2/netcoreapp" className="xUnitTestProject.CurrencyHelperTests" name="FormatToStringTest1000" />
    </UnitTest>
    <UnitTest name="xUnitTestProject.CurrencyHelperTests.FormatToStringTest1000(price: 6205.946199725357, expected: &quot;6205.95 zł&quot;)" storage="c:\projekty\xunittestproject\bin\debug\netcoreapp3.1\xunittestproject.dll" id="73278ab4-3d1d-b883-d827-3ea861390441">
      <Execution id="993e6af4-1c76-4262-a3e4-8deb1a015ae1" />
      <TestMethod codeBase="C:\Projekty\xUnitTestProject\bin\Debug\netcoreapp3.1\xUnitTestProject.dll" adapterTypeName="executor://xunit/VsTestRunner2/netcoreapp" className="xUnitTestProject.CurrencyHelperTests" name="FormatToStringTest1000" />
    </UnitTest>
    <UnitTest name="xUnitTestProject.CurrencyHelperTests.FormatToStringTest1000(price: 16637.074429372828, expected: &quot;16637.07 zł&quot;)" storage="c:\projekty\xunittestproject\bin\debug\netcoreapp3.1\xunittestproject.dll" id="13335374-86bb-3ff8-d28a-bd89dc7f02ec">
      <Execution id="7e31353a-e873-4f3b-8864-db508421418c" />
      <TestMethod codeBase="C:\Projekty\xUnitTestProject\bin\Debug\netcoreapp3.1\xUnitTestProject.dll" adapterTypeName="executor://xunit/VsTestRunner2/netcoreapp" className="xUnitTestProject.CurrencyHelperTests" name="FormatToStringTest1000" />
    </UnitTest>
    <UnitTest name="xUnitTestProject.CurrencyHelperTests.FormatToStringTest1000(price: 66284.43763489948, expected: &quot;66284.44 zł&quot;)" storage="c:\projekty\xunittestproject\bin\debug\netcoreapp3.1\xunittestproject.dll" id="0ced2539-ec58-b3a8-188d-e014bf456555">
      <Execution id="1edd49af-ef30-48e8-ab20-ebfdf38d2675" />
      <TestMethod codeBase="C:\Projekty\xUnitTestProject\bin\Debug\netcoreapp3.1\xUnitTestProject.dll" adapterTypeName="executor://xunit/VsTestRunner2/netcoreapp" className="xUnitTestProject.CurrencyHelperTests" name="FormatToStringTest1000" />
    </UnitTest>
    <UnitTest name="xUnitTestProject.CurrencyHelperTests.FormatToStringTest1000(price: 67338.80028760935, expected: &quot;67338.80 zł&quot;)" storage="c:\projekty\xunittestproject\bin\debug\netcoreapp3.1\xunittestproject.dll" id="9f966096-1641-bf42-1320-e9f57c98ec2f">
      <Execution id="f9ce7fda-65b2-4eb3-bfc4-4d3731ba8bf8" />
      <TestMethod codeBase="C:\Projekty\xUnitTestProject\bin\Debug\netcoreapp3.1\xUnitTestProject.dll" adapterTypeName="executor://xunit/VsTestRunner2/netcoreapp" className="xUnitTestProject.CurrencyHelperTests" name="FormatToStringTest1000" />
    </UnitTest>
    <UnitTest name="xUnitTestProject.CurrencyHelperTests.FormatToStringTest1000(price: 2937.138486199611, expected: &quot;2937.14 zł&quot;)" storage="c:\projekty\xunittestproject\bin\debug\netcoreapp3.1\xunittestproject.dll" id="5105cd39-08d3-5cdf-e5e5-5aae2f2d51c8">
      <Execution id="65b786bb-6892-4c10-9f1b-3f8086317721" />
      <TestMethod codeBase="C:\Projekty\xUnitTestProject\bin\Debug\netcoreapp3.1\xUnitTestProject.dll" adapterTypeName="executor://xunit/VsTestRunner2/netcoreapp" className="xUnitTestProject.CurrencyHelperTests" name="FormatToStringTest1000" />
    </UnitTest>
    <UnitTest name="xUnitTestProject.CurrencyHelperTests.FormatToStringTest1000(price: 40241.790964380736, expected: &quot;40241.79 zł&quot;)" storage="c:\projekty\xunittestproject\bin\debug\netcoreapp3.1\xunittestproject.dll" id="66840d6a-95a8-9e96-1d7b-1ecad55a0c92">
      <Execution id="cbad5804-dcb1-40da-bf82-3be3e0649ac2" />
      <TestMethod codeBase="C:\Projekty\xUnitTestProject\bin\Debug\netcoreapp3.1\xUnitTestProject.dll" adapterTypeName="executor://xunit/VsTestRunner2/netcoreapp" className="xUnitTestProject.CurrencyHelperTests" name="FormatToStringTest1000" />
    </UnitTest>
    <UnitTest name="xUnitTestProject.CurrencyHelperTests.FormatToStringTest1000(price: 30385.72086375613, expected: &quot;30385.72 zł&quot;)" storage="c:\projekty\xunittestproject\bin\debug\netcoreapp3.1\xunittestproject.dll" id="fd35a08c-5b95-7a8f-b139-85a90dbcf98e">
      <Execution id="97c32b2c-f6d6-446b-8bda-4fd352ee0c3a" />
      <TestMethod codeBase="C:\Projekty\xUnitTestProject\bin\Debug\netcoreapp3.1\xUnitTestProject.dll" adapterTypeName="executor://xunit/VsTestRunner2/netcoreapp" className="xUnitTestProject.CurrencyHelperTests" name="FormatToStringTest1000" />
    </UnitTest>
    <UnitTest name="xUnitTestProject.CurrencyHelperTests.FormatToStringTest1000(price: 32051.900532446758, expected: &quot;32051.90 zł&quot;)" storage="c:\projekty\xunittestproject\bin\debug\netcoreapp3.1\xunittestproject.dll" id="6eb5b91d-aafa-339f-fbef-69ff28a5c36d">
      <Execution id="f3ff3c24-1912-4c0f-8dcd-db92bf5efcf2" />
      <TestMethod codeBase="C:\Projekty\xUnitTestProject\bin\Debug\netcoreapp3.1\xUnitTestProject.dll" adapterTypeName="executor://xunit/VsTestRunner2/netcoreapp" className="xUnitTestProject.CurrencyHelperTests" name="FormatToStringTest1000" />
    </UnitTest>
    <UnitTest name="xUnitTestProject.CurrencyHelperTests.FormatToStringTest1000(price: 38904.87092920806, expected: &quot;38904.87 zł&quot;)" storage="c:\projekty\xunittestproject\bin\debug\netcoreapp3.1\xunittestproject.dll" id="366e3c61-7635-9c9b-a996-33c58fa8fc62">
      <Execution id="258a793e-176c-401b-8c15-7bfdf6783233" />
      <TestMethod codeBase="C:\Projekty\xUnitTestProject\bin\Debug\netcoreapp3.1\xUnitTestProject.dll" adapterTypeName="executor://xunit/VsTestRunner2/netcoreapp" className="xUnitTestProject.CurrencyHelperTests" name="FormatToStringTest1000" />
    </UnitTest>
    <UnitTest name="xUnitTestProject.CurrencyHelperTests.FormatToStringTest1000(price: 33206.73122987837, expected: &quot;33206.73 zł&quot;)" storage="c:\projekty\xunittestproject\bin\debug\netcoreapp3.1\xunittestproject.dll" id="691fc6f3-8d98-645e-59dc-63e6708e6080">
      <Execution id="8b031b8f-8cfa-4400-87a0-6dcb6cca2386" />
      <TestMethod codeBase="C:\Projekty\xUnitTestProject\bin\Debug\netcoreapp3.1\xUnitTestProject.dll" adapterTypeName="executor://xunit/VsTestRunner2/netcoreapp" className="xUnitTestProject.CurrencyHelperTests" name="FormatToStringTest1000" />
    </UnitTest>
    <UnitTest name="xUnitTestProject.CurrencyHelperTests.FormatToStringTest1000(price: 18340.8953197882, expected: &quot;18340.90 zł&quot;)" storage="c:\projekty\xunittestproject\bin\debug\netcoreapp3.1\xunittestproject.dll" id="a116b226-3d55-2529-864d-5e970bf42be4">
      <Execution id="e8715038-6717-43a1-87fa-423a0ce08fff" />
      <TestMethod codeBase="C:\Projekty\xUnitTestProject\bin\Debug\netcoreapp3.1\xUnitTestProject.dll" adapterTypeName="executor://xunit/VsTestRunner2/netcoreapp" className="xUnitTestProject.CurrencyHelperTests" name="FormatToStringTest1000" />
    </UnitTest>
    <UnitTest name="xUnitTestProject.CurrencyHelperTests.FormatToStringTest1000(price: 64887.45559046951, expected: &quot;64887.46 zł&quot;)" storage="c:\projekty\xunittestproject\bin\debug\netcoreapp3.1\xunittestproject.dll" id="90cfec42-4910-af10-cff4-5af0ef6c23f5">
      <Execution id="781c0df1-5756-499c-aca5-4851d7b15bfc" />
      <TestMethod codeBase="C:\Projekty\xUnitTestProject\bin\Debug\netcoreapp3.1\xUnitTestProject.dll" adapterTypeName="executor://xunit/VsTestRunner2/netcoreapp" className="xUnitTestProject.CurrencyHelperTests" name="FormatToStringTest1000" />
    </UnitTest>
    <UnitTest name="xUnitTestProject.CurrencyHelperTests.FormatToStringTest1000(price: 26162.532683261918, expected: &quot;26162.53 zł&quot;)" storage="c:\projekty\xunittestproject\bin\debug\netcoreapp3.1\xunittestproject.dll" id="f5005d81-5a9b-ef44-7fc2-52377fae83f4">
      <Execution id="b145405d-a909-42de-85eb-5b772865acfe" />
      <TestMethod codeBase="C:\Projekty\xUnitTestProject\bin\Debug\netcoreapp3.1\xUnitTestProject.dll" adapterTypeName="executor://xunit/VsTestRunner2/netcoreapp" className="xUnitTestProject.CurrencyHelperTests" name="FormatToStringTest1000" />
    </UnitTest>
    <UnitTest name="xUnitTestProject.CurrencyHelperTests.FormatToStringTest1000(price: 9928.477822322622, expected: &quot;9928.48 zł&quot;)" storage="c:\projekty\xunittestproject\bin\debug\netcoreapp3.1\xunittestproject.dll" id="28d8e856-ac6b-165d-f269-4ec7d560f09b">
      <Execution id="6e6ad72b-51d8-4cb1-b369-c6e8c16f9771" />
      <TestMethod codeBase="C:\Projekty\xUnitTestProject\bin\Debug\netcoreapp3.1\xUnitTestProject.dll" adapterTypeName="executor://xunit/VsTestRunner2/netcoreapp" className="xUnitTestProject.CurrencyHelperTests" name="FormatToStringTest1000" />
    </UnitTest>
    <UnitTest name="xUnitTestProject.CurrencyHelperTests.FormatToStringTest1000(price: 24251.68593564848, expected: &quot;24251.69 zł&quot;)" storage="c:\projekty\xunittestproject\bin\debug\netcoreapp3.1\xunittestproject.dll" id="ddfa2a9a-e29a-9dfc-0603-2fa2e9e89c67">
      <Execution id="30d2f429-0294-4a9d-ba17-b9a7b3492a58" />
      <TestMethod codeBase="C:\Projekty\xUnitTestProject\bin\Debug\netcoreapp3.1\xUnitTestProject.dll" adapterTypeName="executor://xunit/VsTestRunner2/netcoreapp" className="xUnitTestProject.CurrencyHelperTests" name="FormatToStringTest1000" />
    </UnitTest>
    <UnitTest name="xUnitTestProject.CurrencyHelperTests.FormatToStringTest1000(price: 63946.51014057478, expected: &quot;63946.51 zł&quot;)" storage="c:\projekty\xunittestproject\bin\debug\netcoreapp3.1\xunittestproject.dll" id="3a14b4a3-bbfa-4f36-3b26-b18f61900c63">
      <Execution id="cff2b730-7798-4e47-9a51-24bd31b1cfc1" />
      <TestMethod codeBase="C:\Projekty\xUnitTestProject\bin\Debug\netcoreapp3.1\xUnitTestProject.dll" adapterTypeName="executor://xunit/VsTestRunner2/netcoreapp" className="xUnitTestProject.CurrencyHelperTests" name="FormatToStringTest1000" />
    </UnitTest>
    <UnitTest name="xUnitTestProject.CurrencyHelperTests.FormatToStringTest1000(price: 72659.37876478041, expected: &quot;72659.38 zł&quot;)" storage="c:\projekty\xunittestproject\bin\debug\netcoreapp3.1\xunittestproject.dll" id="b4f18443-22cf-826b-3478-6d5f920e371c">
      <Execution id="da9b11d8-ed4f-4750-9fe2-336fa79b4e9e" />
      <TestMethod codeBase="C:\Projekty\xUnitTestProject\bin\Debug\netcoreapp3.1\xUnitTestProject.dll" adapterTypeName="executor://xunit/VsTestRunner2/netcoreapp" className="xUnitTestProject.CurrencyHelperTests" name="FormatToStringTest1000" />
    </UnitTest>
    <UnitTest name="xUnitTestProject.CurrencyHelperTests.FormatToStringTest1000(price: 675.4589376107133, expected: &quot;675.46 zł&quot;)" storage="c:\projekty\xunittestproject\bin\debug\netcoreapp3.1\xunittestproject.dll" id="5058bebd-02f5-fdd0-776c-ccea1412870f">
      <Execution id="b3452adf-f046-49b8-81bf-38f14d70f4d8" />
      <TestMethod codeBase="C:\Projekty\xUnitTestProject\bin\Debug\netcoreapp3.1\xUnitTestProject.dll" adapterTypeName="executor://xunit/VsTestRunner2/netcoreapp" className="xUnitTestProject.CurrencyHelperTests" name="FormatToStringTest1000" />
    </UnitTest>
    <UnitTest name="xUnitTestProject.CurrencyHelperTests.FormatToStringTest1000(price: 10370.0107542784, expected: &quot;10370.01 zł&quot;)" storage="c:\projekty\xunittestproject\bin\debug\netcoreapp3.1\xunittestproject.dll" id="d4cfd815-487d-e378-1f28-dc4676158012">
      <Execution id="765cc566-d954-4202-ae87-d00d01f39a3b" />
      <TestMethod codeBase="C:\Projekty\xUnitTestProject\bin\Debug\netcoreapp3.1\xUnitTestProject.dll" adapterTypeName="executor://xunit/VsTestRunner2/netcoreapp" className="xUnitTestProject.CurrencyHelperTests" name="FormatToStringTest1000" />
    </UnitTest>
    <UnitTest name="xUnitTestProject.CurrencyHelperTests.FormatToStringTest1000(price: 19006.315459580772, expected: &quot;19006.32 zł&quot;)" storage="c:\projekty\xunittestproject\bin\debug\netcoreapp3.1\xunittestproject.dll" id="8f731e1d-d266-da92-7f8a-593d1a2e36d6">
      <Execution id="9fae61c7-74bc-4ccf-a3e7-d283879c9212" />
      <TestMethod codeBase="C:\Projekty\xUnitTestProject\bin\Debug\netcoreapp3.1\xUnitTestProject.dll" adapterTypeName="executor://xunit/VsTestRunner2/netcoreapp" className="xUnitTestProject.CurrencyHelperTests" name="FormatToStringTest1000" />
    </UnitTest>
    <UnitTest name="xUnitTestProject.CurrencyHelperTests.FormatToStringTest1000(price: 4094.6752323977066, expected: &quot;4094.68 zł&quot;)" storage="c:\projekty\xunittestproject\bin\debug\netcoreapp3.1\xunittestproject.dll" id="6fd88d41-992e-23c0-e35a-a1d1b838cd50">
      <Execution id="ab438636-31e7-44d3-b882-ec0809f10c0f" />
      <TestMethod codeBase="C:\Projekty\xUnitTestProject\bin\Debug\netcoreapp3.1\xUnitTestProject.dll" adapterTypeName="executor://xunit/VsTestRunner2/netcoreapp" className="xUnitTestProject.CurrencyHelperTests" name="FormatToStringTest1000" />
    </UnitTest>
    <UnitTest name="xUnitTestProject.CurrencyHelperTests.FormatToStringTest1000(price: 79388.929555234, expected: &quot;79388.93 zł&quot;)" storage="c:\projekty\xunittestproject\bin\debug\netcoreapp3.1\xunittestproject.dll" id="a73e7657-df2c-963a-69ef-cc5459fb4c2b">
      <Execution id="4c65706f-2841-496b-8a5c-fb952eb4b260" />
      <TestMethod codeBase="C:\Projekty\xUnitTestProject\bin\Debug\netcoreapp3.1\xUnitTestProject.dll" adapterTypeName="executor://xunit/VsTestRunner2/netcoreapp" className="xUnitTestProject.CurrencyHelperTests" name="FormatToStringTest1000" />
    </UnitTest>
    <UnitTest name="xUnitTestProject.CurrencyHelperTests.FormatToStringTest1000(price: 61324.33752458279, expected: &quot;61324.34 zł&quot;)" storage="c:\projekty\xunittestproject\bin\debug\netcoreapp3.1\xunittestproject.dll" id="a2cb1a23-585c-77f0-4371-0762318d91ff">
      <Execution id="d8e4f0e0-f0d4-4d47-aabe-f4549a071261" />
      <TestMethod codeBase="C:\Projekty\xUnitTestProject\bin\Debug\netcoreapp3.1\xUnitTestProject.dll" adapterTypeName="executor://xunit/VsTestRunner2/netcoreapp" className="xUnitTestProject.CurrencyHelperTests" name="FormatToStringTest1000" />
    </UnitTest>
    <UnitTest name="xUnitTestProject.CurrencyHelperTests.FormatToStringTest1000(price: 5876.112133716285, expected: &quot;5876.11 zł&quot;)" storage="c:\projekty\xunittestproject\bin\debug\netcoreapp3.1\xunittestproject.dll" id="d04a2ff8-d519-5ad7-fd64-a85e9b9ae68c">
      <Execution id="3dc88d04-6b89-414b-956f-35ca6af99a89" />
      <TestMethod codeBase="C:\Projekty\xUnitTestProject\bin\Debug\netcoreapp3.1\xUnitTestProject.dll" adapterTypeName="executor://xunit/VsTestRunner2/netcoreapp" className="xUnitTestProject.CurrencyHelperTests" name="FormatToStringTest1000" />
    </UnitTest>
    <UnitTest name="xUnitTestProject.CurrencyHelperTests.FormatToStringTest1000(price: 30626.373939456127, expected: &quot;30626.37 zł&quot;)" storage="c:\projekty\xunittestproject\bin\debug\netcoreapp3.1\xunittestproject.dll" id="b3d46dfa-7a62-d522-3960-5646d987d2b9">
      <Execution id="32dcdc1d-0515-4c5a-b3fd-0e9d5f7c6639" />
      <TestMethod codeBase="C:\Projekty\xUnitTestProject\bin\Debug\netcoreapp3.1\xUnitTestProject.dll" adapterTypeName="executor://xunit/VsTestRunner2/netcoreapp" className="xUnitTestProject.CurrencyHelperTests" name="FormatToStringTest1000" />
    </UnitTest>
    <UnitTest name="xUnitTestProject.CurrencyHelperTests.FormatToStringTest1000(price: 3341.8351759444154, expected: &quot;3341.84 zł&quot;)" storage="c:\projekty\xunittestproject\bin\debug\netcoreapp3.1\xunittestproject.dll" id="273a20e0-541a-4005-532d-de3663197643">
      <Execution id="69c4bed2-33a8-4bcc-933c-cf4db1c4fb0a" />
      <TestMethod codeBase="C:\Projekty\xUnitTestProject\bin\Debug\netcoreapp3.1\xUnitTestProject.dll" adapterTypeName="executor://xunit/VsTestRunner2/netcoreapp" className="xUnitTestProject.CurrencyHelperTests" name="FormatToStringTest1000" />
    </UnitTest>
    <UnitTest name="xUnitTestProject.CurrencyHelperTests.FormatToStringTest1000(price: 28298.945361683585, expected: &quot;28298.95 zł&quot;)" storage="c:\projekty\xunittestproject\bin\debug\netcoreapp3.1\xunittestproject.dll" id="5f750d11-c899-aa88-cff9-6806fe46c3fe">
      <Execution id="dc4df595-e16c-4b2d-a4d6-12fa99697aac" />
      <TestMethod codeBase="C:\Projekty\xUnitTestProject\bin\Debug\netcoreapp3.1\xUnitTestProject.dll" adapterTypeName="executor://xunit/VsTestRunner2/netcoreapp" className="xUnitTestProject.CurrencyHelperTests" name="FormatToStringTest1000" />
    </UnitTest>
    <UnitTest name="xUnitTestProject.CurrencyHelperTests.FormatToStringTest1000(price: 16597.22844427788, expected: &quot;16597.23 zł&quot;)" storage="c:\projekty\xunittestproject\bin\debug\netcoreapp3.1\xunittestproject.dll" id="b58c1648-01cd-8d33-8125-f2d9795f377d">
      <Execution id="f14cc64a-57f3-4349-8cef-af0945c68d24" />
      <TestMethod codeBase="C:\Projekty\xUnitTestProject\bin\Debug\netcoreapp3.1\xUnitTestProject.dll" adapterTypeName="executor://xunit/VsTestRunner2/netcoreapp" className="xUnitTestProject.CurrencyHelperTests" name="FormatToStringTest1000" />
    </UnitTest>
    <UnitTest name="xUnitTestProject.CurrencyHelperTests.FormatToStringTest1000(price: 44361.82678515177, expected: &quot;44361.83 zł&quot;)" storage="c:\projekty\xunittestproject\bin\debug\netcoreapp3.1\xunittestproject.dll" id="4487648c-7b44-bfaa-d7fb-20dd19782f71">
      <Execution id="15d21436-df6a-4122-b3d3-418686c6de41" />
      <TestMethod codeBase="C:\Projekty\xUnitTestProject\bin\Debug\netcoreapp3.1\xUnitTestProject.dll" adapterTypeName="executor://xunit/VsTestRunner2/netcoreapp" className="xUnitTestProject.CurrencyHelperTests" name="FormatToStringTest1000" />
    </UnitTest>
    <UnitTest name="xUnitTestProject.CurrencyHelperTests.FormatToStringTest1000(price: 89093.57120939044, expected: &quot;89093.57 zł&quot;)" storage="c:\projekty\xunittestproject\bin\debug\netcoreapp3.1\xunittestproject.dll" id="9dc9660c-2773-e5a1-118f-73373343d0e6">
      <Execution id="466d7846-7e29-4386-96b4-34a6d5bf40bd" />
      <TestMethod codeBase="C:\Projekty\xUnitTestProject\bin\Debug\netcoreapp3.1\xUnitTestProject.dll" adapterTypeName="executor://xunit/VsTestRunner2/netcoreapp" className="xUnitTestProject.CurrencyHelperTests" name="FormatToStringTest1000" />
    </UnitTest>
    <UnitTest name="xUnitTestProject.CurrencyHelperTests.FormatToStringTest1000(price: 24137.016609529506, expected: &quot;24137.02 zł&quot;)" storage="c:\projekty\xunittestproject\bin\debug\netcoreapp3.1\xunittestproject.dll" id="38b0259f-0bcb-8aec-4c3f-6a948a320426">
      <Execution id="477c3441-8014-43f3-9479-5f0f38e0f2b0" />
      <TestMethod codeBase="C:\Projekty\xUnitTestProject\bin\Debug\netcoreapp3.1\xUnitTestProject.dll" adapterTypeName="executor://xunit/VsTestRunner2/netcoreapp" className="xUnitTestProject.CurrencyHelperTests" name="FormatToStringTest1000" />
    </UnitTest>
    <UnitTest name="xUnitTestProject.CurrencyHelperTests.FormatToStringTest1000(price: 20249.56614074277, expected: &quot;20249.57 zł&quot;)" storage="c:\projekty\xunittestproject\bin\debug\netcoreapp3.1\xunittestproject.dll" id="3462b2eb-e30f-6a87-cb93-c3563606a080">
      <Execution id="ca46f624-ad6c-47c8-89fe-8d607be54187" />
      <TestMethod codeBase="C:\Projekty\xUnitTestProject\bin\Debug\netcoreapp3.1\xUnitTestProject.dll" adapterTypeName="executor://xunit/VsTestRunner2/netcoreapp" className="xUnitTestProject.CurrencyHelperTests" name="FormatToStringTest1000" />
    </UnitTest>
    <UnitTest name="xUnitTestProject.CurrencyHelperTests.FormatToStringTest1000(price: 9431.144757136304, expected: &quot;9431.14 zł&quot;)" storage="c:\projekty\xunittestproject\bin\debug\netcoreapp3.1\xunittestproject.dll" id="696d2b08-2b8a-7456-8791-bc3514cd955e">
      <Execution id="87fe84ed-fe1e-4852-9342-3fc0f215dadd" />
      <TestMethod codeBase="C:\Projekty\xUnitTestProject\bin\Debug\netcoreapp3.1\xUnitTestProject.dll" adapterTypeName="executor://xunit/VsTestRunner2/netcoreapp" className="xUnitTestProject.CurrencyHelperTests" name="FormatToStringTest1000" />
    </UnitTest>
    <UnitTest name="xUnitTestProject.CurrencyHelperTests.FormatToStringTest1000(price: 19609.759296997803, expected: &quot;19609.76 zł&quot;)" storage="c:\projekty\xunittestproject\bin\debug\netcoreapp3.1\xunittestproject.dll" id="77e25ad7-ee15-446a-9252-d1385f25c4e7">
      <Execution id="40fab512-cbef-4f40-9e6e-50d26851394c" />
      <TestMethod codeBase="C:\Projekty\xUnitTestProject\bin\Debug\netcoreapp3.1\xUnitTestProject.dll" adapterTypeName="executor://xunit/VsTestRunner2/netcoreapp" className="xUnitTestProject.CurrencyHelperTests" name="FormatToStringTest1000" />
    </UnitTest>
    <UnitTest name="xUnitTestProject.CurrencyHelperTests.FormatToStringTest1000(price: 96261.84883437205, expected: &quot;96261.85 zł&quot;)" storage="c:\projekty\xunittestproject\bin\debug\netcoreapp3.1\xunittestproject.dll" id="bc76307e-662f-d191-64cf-4352a391fa59">
      <Execution id="0d9c4fdb-9aa7-440d-95c5-b4d338dee480" />
      <TestMethod codeBase="C:\Projekty\xUnitTestProject\bin\Debug\netcoreapp3.1\xUnitTestProject.dll" adapterTypeName="executor://xunit/VsTestRunner2/netcoreapp" className="xUnitTestProject.CurrencyHelperTests" name="FormatToStringTest1000" />
    </UnitTest>
    <UnitTest name="xUnitTestProject.CurrencyHelperTests.FormatToStringTest1000(price: 17990.38119827089, expected: &quot;17990.38 zł&quot;)" storage="c:\projekty\xunittestproject\bin\debug\netcoreapp3.1\xunittestproject.dll" id="f227f8da-1aef-bb37-695f-f1b64dec59a9">
      <Execution id="2daf1ab9-e546-47e3-99d9-13af3ac63d10" />
      <TestMethod codeBase="C:\Projekty\xUnitTestProject\bin\Debug\netcoreapp3.1\xUnitTestProject.dll" adapterTypeName="executor://xunit/VsTestRunner2/netcoreapp" className="xUnitTestProject.CurrencyHelperTests" name="FormatToStringTest1000" />
    </UnitTest>
    <UnitTest name="xUnitTestProject.CurrencyHelperTests.FormatToStringTest1000(price: 15600.245951180927, expected: &quot;15600.25 zł&quot;)" storage="c:\projekty\xunittestproject\bin\debug\netcoreapp3.1\xunittestproject.dll" id="ad89a04b-1d6c-269b-831e-2a5afc742278">
      <Execution id="6592977c-b81c-4bdb-b967-c5b271b660b1" />
      <TestMethod codeBase="C:\Projekty\xUnitTestProject\bin\Debug\netcoreapp3.1\xUnitTestProject.dll" adapterTypeName="executor://xunit/VsTestRunner2/netcoreapp" className="xUnitTestProject.CurrencyHelperTests" name="FormatToStringTest1000" />
    </UnitTest>
    <UnitTest name="xUnitTestProject.CurrencyHelperTests.FormatToStringTest1000(price: 14712.754747761765, expected: &quot;14712.75 zł&quot;)" storage="c:\projekty\xunittestproject\bin\debug\netcoreapp3.1\xunittestproject.dll" id="0fb54a08-345f-ee29-01d6-61a60fb47ced">
      <Execution id="1c305b06-753e-463f-8bcf-b157dca0d11a" />
      <TestMethod codeBase="C:\Projekty\xUnitTestProject\bin\Debug\netcoreapp3.1\xUnitTestProject.dll" adapterTypeName="executor://xunit/VsTestRunner2/netcoreapp" className="xUnitTestProject.CurrencyHelperTests" name="FormatToStringTest1000" />
    </UnitTest>
    <UnitTest name="xUnitTestProject.CurrencyHelperTests.FormatToStringTest1000(price: 13574.683315038068, expected: &quot;13574.68 zł&quot;)" storage="c:\projekty\xunittestproject\bin\debug\netcoreapp3.1\xunittestproject.dll" id="185ede31-fab0-85ad-ad6a-a8eab36c8466">
      <Execution id="288b8d10-20ef-4d87-88f1-629756f4c328" />
      <TestMethod codeBase="C:\Projekty\xUnitTestProject\bin\Debug\netcoreapp3.1\xUnitTestProject.dll" adapterTypeName="executor://xunit/VsTestRunner2/netcoreapp" className="xUnitTestProject.CurrencyHelperTests" name="FormatToStringTest1000" />
    </UnitTest>
    <UnitTest name="xUnitTestProject.CurrencyHelperTests.FormatToStringTest1000(price: 1669.555150571072, expected: &quot;1669.56 zł&quot;)" storage="c:\projekty\xunittestproject\bin\debug\netcoreapp3.1\xunittestproject.dll" id="68224de9-ccec-a0b7-c8a8-a3c8c0c30259">
      <Execution id="f01ee5df-8103-4a9b-8a68-96eccd682510" />
      <TestMethod codeBase="C:\Projekty\xUnitTestProject\bin\Debug\netcoreapp3.1\xUnitTestProject.dll" adapterTypeName="executor://xunit/VsTestRunner2/netcoreapp" className="xUnitTestProject.CurrencyHelperTests" name="FormatToStringTest1000" />
    </UnitTest>
    <UnitTest name="xUnitTestProject.CurrencyHelperTests.FormatToStringTest1000(price: 25084.19182667238, expected: &quot;25084.19 zł&quot;)" storage="c:\projekty\xunittestproject\bin\debug\netcoreapp3.1\xunittestproject.dll" id="03249ab3-78a8-f0c2-3edd-fa3544db15c9">
      <Execution id="cad05eee-0617-4a1b-b57a-624d5201e6be" />
      <TestMethod codeBase="C:\Projekty\xUnitTestProject\bin\Debug\netcoreapp3.1\xUnitTestProject.dll" adapterTypeName="executor://xunit/VsTestRunner2/netcoreapp" className="xUnitTestProject.CurrencyHelperTests" name="FormatToStringTest1000" />
    </UnitTest>
    <UnitTest name="xUnitTestProject.CurrencyHelperTests.FormatToStringTest1000(price: 37889.10086727193, expected: &quot;37889.10 zł&quot;)" storage="c:\projekty\xunittestproject\bin\debug\netcoreapp3.1\xunittestproject.dll" id="cbfda56e-8c0a-ba07-a0f8-119519aa985c">
      <Execution id="7aab233b-2768-455d-8a8f-cda2ac10b4ae" />
      <TestMethod codeBase="C:\Projekty\xUnitTestProject\bin\Debug\netcoreapp3.1\xUnitTestProject.dll" adapterTypeName="executor://xunit/VsTestRunner2/netcoreapp" className="xUnitTestProject.CurrencyHelperTests" name="FormatToStringTest1000" />
    </UnitTest>
    <UnitTest name="xUnitTestProject.CurrencyHelperTests.FormatToStringTest1000(price: 37160.85331540269, expected: &quot;37160.85 zł&quot;)" storage="c:\projekty\xunittestproject\bin\debug\netcoreapp3.1\xunittestproject.dll" id="5322a6b6-b1d1-4276-7a98-26cc05377b71">
      <Execution id="2f49ca00-15b9-42aa-a225-3f37e0c284a1" />
      <TestMethod codeBase="C:\Projekty\xUnitTestProject\bin\Debug\netcoreapp3.1\xUnitTestProject.dll" adapterTypeName="executor://xunit/VsTestRunner2/netcoreapp" className="xUnitTestProject.CurrencyHelperTests" name="FormatToStringTest1000" />
    </UnitTest>
    <UnitTest name="xUnitTestProject.CurrencyHelperTests.FormatToStringTest1000(price: 28068.20530246394, expected: &quot;28068.21 zł&quot;)" storage="c:\projekty\xunittestproject\bin\debug\netcoreapp3.1\xunittestproject.dll" id="ee9462eb-6912-5171-764c-f29a600e2526">
      <Execution id="a21c0ec9-1b2d-4773-aa95-7a3258c62d74" />
      <TestMethod codeBase="C:\Projekty\xUnitTestProject\bin\Debug\netcoreapp3.1\xUnitTestProject.dll" adapterTypeName="executor://xunit/VsTestRunner2/netcoreapp" className="xUnitTestProject.CurrencyHelperTests" name="FormatToStringTest1000" />
    </UnitTest>
    <UnitTest name="xUnitTestProject.CurrencyHelperTests.FormatToStringTest1000(price: 13375.96341587415, expected: &quot;13375.96 zł&quot;)" storage="c:\projekty\xunittestproject\bin\debug\netcoreapp3.1\xunittestproject.dll" id="595bfab0-5cd9-2edb-fcf1-e6874dc93e48">
      <Execution id="5e716b51-4629-4e90-8942-029912977fc9" />
      <TestMethod codeBase="C:\Projekty\xUnitTestProject\bin\Debug\netcoreapp3.1\xUnitTestProject.dll" adapterTypeName="executor://xunit/VsTestRunner2/netcoreapp" className="xUnitTestProject.CurrencyHelperTests" name="FormatToStringTest1000" />
    </UnitTest>
    <UnitTest name="xUnitTestProject.CurrencyHelperTests.FormatToStringTest1000(price: 3303.1902076747224, expected: &quot;3303.19 zł&quot;)" storage="c:\projekty\xunittestproject\bin\debug\netcoreapp3.1\xunittestproject.dll" id="92c24577-a226-a6b7-7d5e-021b44057899">
      <Execution id="504c2a5d-e842-4a09-b755-010ef08765dc" />
      <TestMethod codeBase="C:\Projekty\xUnitTestProject\bin\Debug\netcoreapp3.1\xUnitTestProject.dll" adapterTypeName="executor://xunit/VsTestRunner2/netcoreapp" className="xUnitTestProject.CurrencyHelperTests" name="FormatToStringTest1000" />
    </UnitTest>
    <UnitTest name="xUnitTestProject.CurrencyHelperTests.FormatToStringTest1000(price: 17798.633951516185, expected: &quot;17798.63 zł&quot;)" storage="c:\projekty\xunittestproject\bin\debug\netcoreapp3.1\xunittestproject.dll" id="ba870e88-e985-a063-3050-00fcfcbc95b8">
      <Execution id="c3fe7dcb-38b6-4ff8-82c0-a6822995ece3" />
      <TestMethod codeBase="C:\Projekty\xUnitTestProject\bin\Debug\netcoreapp3.1\xUnitTestProject.dll" adapterTypeName="executor://xunit/VsTestRunner2/netcoreapp" className="xUnitTestProject.CurrencyHelperTests" name="FormatToStringTest1000" />
    </UnitTest>
    <UnitTest name="xUnitTestProject.CurrencyHelperTests.FormatToStringTest1000(price: 68698.01923441609, expected: &quot;68698.02 zł&quot;)" storage="c:\projekty\xunittestproject\bin\debug\netcoreapp3.1\xunittestproject.dll" id="9ee4d82e-bba5-9c6c-1803-31366568eb6e">
      <Execution id="22ca904f-8585-4206-8e98-9eec5fb7aa7e" />
      <TestMethod codeBase="C:\Projekty\xUnitTestProject\bin\Debug\netcoreapp3.1\xUnitTestProject.dll" adapterTypeName="executor://xunit/VsTestRunner2/netcoreapp" className="xUnitTestProject.CurrencyHelperTests" name="FormatToStringTest1000" />
    </UnitTest>
    <UnitTest name="xUnitTestProject.CurrencyHelperTests.FormatToStringTest1000(price: 20643.69044446465, expected: &quot;20643.69 zł&quot;)" storage="c:\projekty\xunittestproject\bin\debug\netcoreapp3.1\xunittestproject.dll" id="081d3b2d-f16b-400c-9941-d599ff407e21">
      <Execution id="599a11dc-48fe-4112-a3b8-e559526066ce" />
      <TestMethod codeBase="C:\Projekty\xUnitTestProject\bin\Debug\netcoreapp3.1\xUnitTestProject.dll" adapterTypeName="executor://xunit/VsTestRunner2/netcoreapp" className="xUnitTestProject.CurrencyHelperTests" name="FormatToStringTest1000" />
    </UnitTest>
    <UnitTest name="xUnitTestProject.CurrencyHelperTests.FormatToStringTest1000(price: 16402.16316587206, expected: &quot;16402.16 zł&quot;)" storage="c:\projekty\xunittestproject\bin\debug\netcoreapp3.1\xunittestproject.dll" id="bb53c479-4fb7-b049-d0b3-60c53109c03d">
      <Execution id="0ddc61b7-6055-4280-91ea-72a1ebebb1ed" />
      <TestMethod codeBase="C:\Projekty\xUnitTestProject\bin\Debug\netcoreapp3.1\xUnitTestProject.dll" adapterTypeName="executor://xunit/VsTestRunner2/netcoreapp" className="xUnitTestProject.CurrencyHelperTests" name="FormatToStringTest1000" />
    </UnitTest>
    <UnitTest name="xUnitTestProject.CurrencyHelperTests.FormatToStringTest1000(price: 1751.7703038522834, expected: &quot;1751.77 zł&quot;)" storage="c:\projekty\xunittestproject\bin\debug\netcoreapp3.1\xunittestproject.dll" id="d28e2add-d838-2ebe-df2d-b5dd0d3b773e">
      <Execution id="f95e7e2f-4cba-4481-b3c3-0dfb7cf855e9" />
      <TestMethod codeBase="C:\Projekty\xUnitTestProject\bin\Debug\netcoreapp3.1\xUnitTestProject.dll" adapterTypeName="executor://xunit/VsTestRunner2/netcoreapp" className="xUnitTestProject.CurrencyHelperTests" name="FormatToStringTest1000" />
    </UnitTest>
    <UnitTest name="xUnitTestProject.CurrencyHelperTests.FormatToStringTest1000(price: 37954.34384365396, expected: &quot;37954.34 zł&quot;)" storage="c:\projekty\xunittestproject\bin\debug\netcoreapp3.1\xunittestproject.dll" id="b8055217-5a74-6a87-a561-a760192c2a20">
      <Execution id="0f705328-8cc2-4490-803b-9c44c2bff3f0" />
      <TestMethod codeBase="C:\Projekty\xUnitTestProject\bin\Debug\netcoreapp3.1\xUnitTestProject.dll" adapterTypeName="executor://xunit/VsTestRunner2/netcoreapp" className="xUnitTestProject.CurrencyHelperTests" name="FormatToStringTest1000" />
    </UnitTest>
    <UnitTest name="xUnitTestProject.CurrencyHelperTests.FormatToStringTest1000(price: 4715.320654313695, expected: &quot;4715.32 zł&quot;)" storage="c:\projekty\xunittestproject\bin\debug\netcoreapp3.1\xunittestproject.dll" id="33b74559-764f-421e-252d-cd475c561f9a">
      <Execution id="dc6152ad-e64f-4eec-bfe3-d431b34aa6ec" />
      <TestMethod codeBase="C:\Projekty\xUnitTestProject\bin\Debug\netcoreapp3.1\xUnitTestProject.dll" adapterTypeName="executor://xunit/VsTestRunner2/netcoreapp" className="xUnitTestProject.CurrencyHelperTests" name="FormatToStringTest1000" />
    </UnitTest>
    <UnitTest name="xUnitTestProject.CurrencyHelperTests.FormatToStringTest1000(price: 17000.070169619317, expected: &quot;17000.07 zł&quot;)" storage="c:\projekty\xunittestproject\bin\debug\netcoreapp3.1\xunittestproject.dll" id="4ef75591-ffb4-d566-94c9-bda5f50552b9">
      <Execution id="bc333422-8978-4c6b-88ab-ba31c678b9e9" />
      <TestMethod codeBase="C:\Projekty\xUnitTestProject\bin\Debug\netcoreapp3.1\xUnitTestProject.dll" adapterTypeName="executor://xunit/VsTestRunner2/netcoreapp" className="xUnitTestProject.CurrencyHelperTests" name="FormatToStringTest1000" />
    </UnitTest>
    <UnitTest name="xUnitTestProject.CurrencyHelperTests.FormatToStringTest1000(price: 9624.06628225188, expected: &quot;9624.07 zł&quot;)" storage="c:\projekty\xunittestproject\bin\debug\netcoreapp3.1\xunittestproject.dll" id="0af3eea6-5817-a867-a6c4-92fe1e3e316c">
      <Execution id="de9c1f45-efce-419a-b3a6-6ecce6e81c30" />
      <TestMethod codeBase="C:\Projekty\xUnitTestProject\bin\Debug\netcoreapp3.1\xUnitTestProject.dll" adapterTypeName="executor://xunit/VsTestRunner2/netcoreapp" className="xUnitTestProject.CurrencyHelperTests" name="FormatToStringTest1000" />
    </UnitTest>
    <UnitTest name="xUnitTestProject.CurrencyHelperTests.FormatToStringTest1000(price: 782.6578288817116, expected: &quot;782.66 zł&quot;)" storage="c:\projekty\xunittestproject\bin\debug\netcoreapp3.1\xunittestproject.dll" id="b5a6747d-aa6b-3b3a-779c-c378aea09cd8">
      <Execution id="b1f6864b-429c-4a20-9828-968a03e06c41" />
      <TestMethod codeBase="C:\Projekty\xUnitTestProject\bin\Debug\netcoreapp3.1\xUnitTestProject.dll" adapterTypeName="executor://xunit/VsTestRunner2/netcoreapp" className="xUnitTestProject.CurrencyHelperTests" name="FormatToStringTest1000" />
    </UnitTest>
    <UnitTest name="xUnitTestProject.CurrencyHelperTests.FormatToStringTest1000(price: 30020.248557890412, expected: &quot;30020.25 zł&quot;)" storage="c:\projekty\xunittestproject\bin\debug\netcoreapp3.1\xunittestproject.dll" id="26c85a86-1383-9737-58c9-22fa784f7da5">
      <Execution id="54e1d9d6-e26f-430a-bc91-01ecd619bacb" />
      <TestMethod codeBase="C:\Projekty\xUnitTestProject\bin\Debug\netcoreapp3.1\xUnitTestProject.dll" adapterTypeName="executor://xunit/VsTestRunner2/netcoreapp" className="xUnitTestProject.CurrencyHelperTests" name="FormatToStringTest1000" />
    </UnitTest>
    <UnitTest name="xUnitTestProject.CurrencyHelperTests.FormatToStringTest1000(price: 45035.160883881224, expected: &quot;45035.16 zł&quot;)" storage="c:\projekty\xunittestproject\bin\debug\netcoreapp3.1\xunittestproject.dll" id="685331f6-0a25-8111-bb2a-37dce3d8d170">
      <Execution id="f00f89f2-dcfa-47f3-ab0e-ba8bbed0fdec" />
      <TestMethod codeBase="C:\Projekty\xUnitTestProject\bin\Debug\netcoreapp3.1\xUnitTestProject.dll" adapterTypeName="executor://xunit/VsTestRunner2/netcoreapp" className="xUnitTestProject.CurrencyHelperTests" name="FormatToStringTest1000" />
    </UnitTest>
    <UnitTest name="xUnitTestProject.CurrencyHelperTests.FormatToStringTest1000(price: 577.6071367564645, expected: &quot;577.61 zł&quot;)" storage="c:\projekty\xunittestproject\bin\debug\netcoreapp3.1\xunittestproject.dll" id="92748693-9b58-d8e3-eb5b-22d11e2e9e9d">
      <Execution id="993f18d1-0c71-4d65-b2c2-469285a05733" />
      <TestMethod codeBase="C:\Projekty\xUnitTestProject\bin\Debug\netcoreapp3.1\xUnitTestProject.dll" adapterTypeName="executor://xunit/VsTestRunner2/netcoreapp" className="xUnitTestProject.CurrencyHelperTests" name="FormatToStringTest1000" />
    </UnitTest>
    <UnitTest name="xUnitTestProject.CurrencyHelperTests.FormatToStringTest1000(price: 46898.00219497783, expected: &quot;46898.00 zł&quot;)" storage="c:\projekty\xunittestproject\bin\debug\netcoreapp3.1\xunittestproject.dll" id="25b36055-f21f-fb6a-b7ef-81ccf96dd2b6">
      <Execution id="720b5f12-0f64-42cf-b1d1-0742e91d6cb9" />
      <TestMethod codeBase="C:\Projekty\xUnitTestProject\bin\Debug\netcoreapp3.1\xUnitTestProject.dll" adapterTypeName="executor://xunit/VsTestRunner2/netcoreapp" className="xUnitTestProject.CurrencyHelperTests" name="FormatToStringTest1000" />
    </UnitTest>
    <UnitTest name="xUnitTestProject.CurrencyHelperTests.FormatToStringTest1000(price: 20237.28532723723, expected: &quot;20237.29 zł&quot;)" storage="c:\projekty\xunittestproject\bin\debug\netcoreapp3.1\xunittestproject.dll" id="5c2754e4-1c80-78fc-5cc7-dfd05e800cc5">
      <Execution id="b5fdd344-3873-433a-8e14-d41169dff376" />
      <TestMethod codeBase="C:\Projekty\xUnitTestProject\bin\Debug\netcoreapp3.1\xUnitTestProject.dll" adapterTypeName="executor://xunit/VsTestRunner2/netcoreapp" className="xUnitTestProject.CurrencyHelperTests" name="FormatToStringTest1000" />
    </UnitTest>
    <UnitTest name="xUnitTestProject.CurrencyHelperTests.FormatToStringTest1000(price: 6946.333318357977, expected: &quot;6946.33 zł&quot;)" storage="c:\projekty\xunittestproject\bin\debug\netcoreapp3.1\xunittestproject.dll" id="73bcea4a-0bf6-aaca-b16b-8e4d59f9059e">
      <Execution id="4a4a550e-7b09-43d8-96a6-734eb2d9fc45" />
      <TestMethod codeBase="C:\Projekty\xUnitTestProject\bin\Debug\netcoreapp3.1\xUnitTestProject.dll" adapterTypeName="executor://xunit/VsTestRunner2/netcoreapp" className="xUnitTestProject.CurrencyHelperTests" name="FormatToStringTest1000" />
    </UnitTest>
    <UnitTest name="xUnitTestProject.CurrencyHelperTests.FormatToStringTest1000(price: 25794.833624416417, expected: &quot;25794.83 zł&quot;)" storage="c:\projekty\xunittestproject\bin\debug\netcoreapp3.1\xunittestproject.dll" id="0739d753-ed0a-2224-af37-24f0fcbbbd00">
      <Execution id="394e168e-8a19-4e16-ae51-2942b41e26f8" />
      <TestMethod codeBase="C:\Projekty\xUnitTestProject\bin\Debug\netcoreapp3.1\xUnitTestProject.dll" adapterTypeName="executor://xunit/VsTestRunner2/netcoreapp" className="xUnitTestProject.CurrencyHelperTests" name="FormatToStringTest1000" />
    </UnitTest>
    <UnitTest name="xUnitTestProject.CurrencyHelperTests.FormatToStringTest1000(price: 37114.901517336206, expected: &quot;37114.90 zł&quot;)" storage="c:\projekty\xunittestproject\bin\debug\netcoreapp3.1\xunittestproject.dll" id="d9592df4-0966-3c3a-722c-1595fa840f06">
      <Execution id="9e26c09c-bc31-465d-be0f-ed6cb3de4211" />
      <TestMethod codeBase="C:\Projekty\xUnitTestProject\bin\Debug\netcoreapp3.1\xUnitTestProject.dll" adapterTypeName="executor://xunit/VsTestRunner2/netcoreapp" className="xUnitTestProject.CurrencyHelperTests" name="FormatToStringTest1000" />
    </UnitTest>
    <UnitTest name="xUnitTestProject.CurrencyHelperTests.FormatToStringTest1000(price: 69373.32129976773, expected: &quot;69373.32 zł&quot;)" storage="c:\projekty\xunittestproject\bin\debug\netcoreapp3.1\xunittestproject.dll" id="3fad871b-7e9b-a4ff-8f1b-45e15f0c2efa">
      <Execution id="919e5706-3270-4332-922f-dff2b1e12ad3" />
      <TestMethod codeBase="C:\Projekty\xUnitTestProject\bin\Debug\netcoreapp3.1\xUnitTestProject.dll" adapterTypeName="executor://xunit/VsTestRunner2/netcoreapp" className="xUnitTestProject.CurrencyHelperTests" name="FormatToStringTest1000" />
    </UnitTest>
    <UnitTest name="xUnitTestProject.CurrencyHelperTests.FormatToStringTest1000(price: 1896.1704506483723, expected: &quot;1896.17 zł&quot;)" storage="c:\projekty\xunittestproject\bin\debug\netcoreapp3.1\xunittestproject.dll" id="e238bfca-4b11-493d-42eb-8f12a1ef721f">
      <Execution id="32331d70-f6fb-41a5-8c2e-3c9a440bf836" />
      <TestMethod codeBase="C:\Projekty\xUnitTestProject\bin\Debug\netcoreapp3.1\xUnitTestProject.dll" adapterTypeName="executor://xunit/VsTestRunner2/netcoreapp" className="xUnitTestProject.CurrencyHelperTests" name="FormatToStringTest1000" />
    </UnitTest>
    <UnitTest name="xUnitTestProject.CurrencyHelperTests.FormatToStringTest1000(price: 13453.429998117233, expected: &quot;13453.43 zł&quot;)" storage="c:\projekty\xunittestproject\bin\debug\netcoreapp3.1\xunittestproject.dll" id="a8ba7efd-581f-551d-dd26-e7f6709e3995">
      <Execution id="66ec7a2d-2d9f-48ca-a609-32306f58b1b1" />
      <TestMethod codeBase="C:\Projekty\xUnitTestProject\bin\Debug\netcoreapp3.1\xUnitTestProject.dll" adapterTypeName="executor://xunit/VsTestRunner2/netcoreapp" className="xUnitTestProject.CurrencyHelperTests" name="FormatToStringTest1000" />
    </UnitTest>
    <UnitTest name="xUnitTestProject.CurrencyHelperTests.FormatToStringTest1000(price: 3588.260979617136, expected: &quot;3588.26 zł&quot;)" storage="c:\projekty\xunittestproject\bin\debug\netcoreapp3.1\xunittestproject.dll" id="1d271909-1898-128b-21ec-f802c1979d9e">
      <Execution id="1118d4c6-92f2-42eb-9897-0e9db9441836" />
      <TestMethod codeBase="C:\Projekty\xUnitTestProject\bin\Debug\netcoreapp3.1\xUnitTestProject.dll" adapterTypeName="executor://xunit/VsTestRunner2/netcoreapp" className="xUnitTestProject.CurrencyHelperTests" name="FormatToStringTest1000" />
    </UnitTest>
    <UnitTest name="xUnitTestProject.CurrencyHelperTests.FormatToStringTest1000(price: 5279.315995182524, expected: &quot;5279.32 zł&quot;)" storage="c:\projekty\xunittestproject\bin\debug\netcoreapp3.1\xunittestproject.dll" id="0ee739fa-dfa4-5ef5-1b22-8fe2862978a3">
      <Execution id="758a0f00-1579-40ba-919c-843ea455512e" />
      <TestMethod codeBase="C:\Projekty\xUnitTestProject\bin\Debug\netcoreapp3.1\xUnitTestProject.dll" adapterTypeName="executor://xunit/VsTestRunner2/netcoreapp" className="xUnitTestProject.CurrencyHelperTests" name="FormatToStringTest1000" />
    </UnitTest>
    <UnitTest name="xUnitTestProject.CurrencyHelperTests.FormatToStringTest1000(price: 806.960597043373, expected: &quot;806.96 zł&quot;)" storage="c:\projekty\xunittestproject\bin\debug\netcoreapp3.1\xunittestproject.dll" id="171141a5-7e7d-d227-6619-8929fed50e13">
      <Execution id="0343e346-3cad-4e74-b04f-d5de002d75b2" />
      <TestMethod codeBase="C:\Projekty\xUnitTestProject\bin\Debug\netcoreapp3.1\xUnitTestProject.dll" adapterTypeName="executor://xunit/VsTestRunner2/netcoreapp" className="xUnitTestProject.CurrencyHelperTests" name="FormatToStringTest1000" />
    </UnitTest>
    <UnitTest name="xUnitTestProject.CurrencyHelperTests.FormatToStringTest1000(price: 36978.61073549213, expected: &quot;36978.61 zł&quot;)" storage="c:\projekty\xunittestproject\bin\debug\netcoreapp3.1\xunittestproject.dll" id="f284fcd5-95ba-5e4a-ef58-143a466ff941">
      <Execution id="bfc7e5b1-7196-4aa0-b46a-80c1e7b1915a" />
      <TestMethod codeBase="C:\Projekty\xUnitTestProject\bin\Debug\netcoreapp3.1\xUnitTestProject.dll" adapterTypeName="executor://xunit/VsTestRunner2/netcoreapp" className="xUnitTestProject.CurrencyHelperTests" name="FormatToStringTest1000" />
    </UnitTest>
    <UnitTest name="xUnitTestProject.CurrencyHelperTests.FormatToStringTest1000(price: 10174.652801423637, expected: &quot;10174.65 zł&quot;)" storage="c:\projekty\xunittestproject\bin\debug\netcoreapp3.1\xunittestproject.dll" id="20607095-992d-3bf7-849c-32032c3b5657">
      <Execution id="2fd7a198-d0ab-420d-afaf-353472fb69c5" />
      <TestMethod codeBase="C:\Projekty\xUnitTestProject\bin\Debug\netcoreapp3.1\xUnitTestProject.dll" adapterTypeName="executor://xunit/VsTestRunner2/netcoreapp" className="xUnitTestProject.CurrencyHelperTests" name="FormatToStringTest1000" />
    </UnitTest>
    <UnitTest name="xUnitTestProject.CurrencyHelperTests.FormatToStringTest1000(price: 5870.791169434223, expected: &quot;5870.79 zł&quot;)" storage="c:\projekty\xunittestproject\bin\debug\netcoreapp3.1\xunittestproject.dll" id="b6713598-e21c-6f29-08f1-f4f46e42ba65">
      <Execution id="ffeb245f-3a32-4ee6-98c5-c5292fa7893f" />
      <TestMethod codeBase="C:\Projekty\xUnitTestProject\bin\Debug\netcoreapp3.1\xUnitTestProject.dll" adapterTypeName="executor://xunit/VsTestRunner2/netcoreapp" className="xUnitTestProject.CurrencyHelperTests" name="FormatToStringTest1000" />
    </UnitTest>
    <UnitTest name="xUnitTestProject.CurrencyHelperTests.FormatToStringTest1000(price: 31805.23430354532, expected: &quot;31805.23 zł&quot;)" storage="c:\projekty\xunittestproject\bin\debug\netcoreapp3.1\xunittestproject.dll" id="79d9531c-e009-9169-2cbc-ceab51e47aa5">
      <Execution id="d243f053-5a4a-4820-a861-e60b64a7b6ff" />
      <TestMethod codeBase="C:\Projekty\xUnitTestProject\bin\Debug\netcoreapp3.1\xUnitTestProject.dll" adapterTypeName="executor://xunit/VsTestRunner2/netcoreapp" className="xUnitTestProject.CurrencyHelperTests" name="FormatToStringTest1000" />
    </UnitTest>
    <UnitTest name="xUnitTestProject.CurrencyHelperTests.FormatToStringTest1000(price: 16825.83099003268, expected: &quot;16825.83 zł&quot;)" storage="c:\projekty\xunittestproject\bin\debug\netcoreapp3.1\xunittestproject.dll" id="7e29f92d-fa8b-6742-a856-fa32047034c5">
      <Execution id="68e81d16-1c84-4e3d-bfdb-1519036b1ce6" />
      <TestMethod codeBase="C:\Projekty\xUnitTestProject\bin\Debug\netcoreapp3.1\xUnitTestProject.dll" adapterTypeName="executor://xunit/VsTestRunner2/netcoreapp" className="xUnitTestProject.CurrencyHelperTests" name="FormatToStringTest1000" />
    </UnitTest>
    <UnitTest name="xUnitTestProject.CurrencyHelperTests.FormatToStringTest1000(price: 41008.28505327194, expected: &quot;41008.29 zł&quot;)" storage="c:\projekty\xunittestproject\bin\debug\netcoreapp3.1\xunittestproject.dll" id="2ed2cd1c-632f-e0d9-b2af-c3d4c17fd7b1">
      <Execution id="25c31919-0044-4756-8b3d-75820bab3065" />
      <TestMethod codeBase="C:\Projekty\xUnitTestProject\bin\Debug\netcoreapp3.1\xUnitTestProject.dll" adapterTypeName="executor://xunit/VsTestRunner2/netcoreapp" className="xUnitTestProject.CurrencyHelperTests" name="FormatToStringTest1000" />
    </UnitTest>
    <UnitTest name="xUnitTestProject.CurrencyHelperTests.FormatToStringTest1000(price: 22153.282278674324, expected: &quot;22153.28 zł&quot;)" storage="c:\projekty\xunittestproject\bin\debug\netcoreapp3.1\xunittestproject.dll" id="d9021346-4b7d-e467-848a-6a660c41636c">
      <Execution id="5b214d63-b38b-444b-aaaf-58b1a360a461" />
      <TestMethod codeBase="C:\Projekty\xUnitTestProject\bin\Debug\netcoreapp3.1\xUnitTestProject.dll" adapterTypeName="executor://xunit/VsTestRunner2/netcoreapp" className="xUnitTestProject.CurrencyHelperTests" name="FormatToStringTest1000" />
    </UnitTest>
    <UnitTest name="xUnitTestProject.CurrencyHelperTests.FormatToStringTest1000(price: 20116.958341299072, expected: &quot;20116.96 zł&quot;)" storage="c:\projekty\xunittestproject\bin\debug\netcoreapp3.1\xunittestproject.dll" id="e12861db-8cd0-3c0d-af0a-eb43dfba13d7">
      <Execution id="41717194-673c-40d7-bba5-4f54cad28b93" />
      <TestMethod codeBase="C:\Projekty\xUnitTestProject\bin\Debug\netcoreapp3.1\xUnitTestProject.dll" adapterTypeName="executor://xunit/VsTestRunner2/netcoreapp" className="xUnitTestProject.CurrencyHelperTests" name="FormatToStringTest1000" />
    </UnitTest>
    <UnitTest name="xUnitTestProject.CurrencyHelperTests.FormatToStringTest1000(price: 653.4647999170537, expected: &quot;653.46 zł&quot;)" storage="c:\projekty\xunittestproject\bin\debug\netcoreapp3.1\xunittestproject.dll" id="49539e03-80f3-85f0-9c28-9ba645507120">
      <Execution id="2f0ae6b7-5eb7-4dc1-bff3-2d6c54ef29ec" />
      <TestMethod codeBase="C:\Projekty\xUnitTestProject\bin\Debug\netcoreapp3.1\xUnitTestProject.dll" adapterTypeName="executor://xunit/VsTestRunner2/netcoreapp" className="xUnitTestProject.CurrencyHelperTests" name="FormatToStringTest1000" />
    </UnitTest>
    <UnitTest name="xUnitTestProject.CurrencyHelperTests.FormatToStringTest1000(price: 13402.882692040355, expected: &quot;13402.88 zł&quot;)" storage="c:\projekty\xunittestproject\bin\debug\netcoreapp3.1\xunittestproject.dll" id="12d96651-40d0-5499-9770-bf08435d63fc">
      <Execution id="a3c93750-834e-4189-9336-fa294145e787" />
      <TestMethod codeBase="C:\Projekty\xUnitTestProject\bin\Debug\netcoreapp3.1\xUnitTestProject.dll" adapterTypeName="executor://xunit/VsTestRunner2/netcoreapp" className="xUnitTestProject.CurrencyHelperTests" name="FormatToStringTest1000" />
    </UnitTest>
    <UnitTest name="xUnitTestProject.CurrencyHelperTests.FormatToStringTest1000(price: 22831.975917587977, expected: &quot;22831.98 zł&quot;)" storage="c:\projekty\xunittestproject\bin\debug\netcoreapp3.1\xunittestproject.dll" id="e46091cf-1e82-9cd3-4478-8e74502a12eb">
      <Execution id="ea456a6b-ad82-4bce-9ae1-de7aa93bd44f" />
      <TestMethod codeBase="C:\Projekty\xUnitTestProject\bin\Debug\netcoreapp3.1\xUnitTestProject.dll" adapterTypeName="executor://xunit/VsTestRunner2/netcoreapp" className="xUnitTestProject.CurrencyHelperTests" name="FormatToStringTest1000" />
    </UnitTest>
    <UnitTest name="xUnitTestProject.CurrencyHelperTests.FormatToStringTest1000(price: 21996.80326662576, expected: &quot;21996.80 zł&quot;)" storage="c:\projekty\xunittestproject\bin\debug\netcoreapp3.1\xunittestproject.dll" id="11ed9e7e-df07-2b0d-0eec-e5030427083f">
      <Execution id="29eb7270-cbc4-4620-b95e-7dd61b45c2af" />
      <TestMethod codeBase="C:\Projekty\xUnitTestProject\bin\Debug\netcoreapp3.1\xUnitTestProject.dll" adapterTypeName="executor://xunit/VsTestRunner2/netcoreapp" className="xUnitTestProject.CurrencyHelperTests" name="FormatToStringTest1000" />
    </UnitTest>
    <UnitTest name="xUnitTestProject.CurrencyHelperTests.FormatToStringTest1000(price: 1814.7218118955948, expected: &quot;1814.72 zł&quot;)" storage="c:\projekty\xunittestproject\bin\debug\netcoreapp3.1\xunittestproject.dll" id="56e327fe-8407-ea11-addf-90ce93ff7d58">
      <Execution id="3fca7d05-bd17-4044-a310-e1b086ddadb2" />
      <TestMethod codeBase="C:\Projekty\xUnitTestProject\bin\Debug\netcoreapp3.1\xUnitTestProject.dll" adapterTypeName="executor://xunit/VsTestRunner2/netcoreapp" className="xUnitTestProject.CurrencyHelperTests" name="FormatToStringTest1000" />
    </UnitTest>
    <UnitTest name="xUnitTestProject.CurrencyHelperTests.FormatToStringTest1000(price: 29845.02749849345, expected: &quot;29845.03 zł&quot;)" storage="c:\projekty\xunittestproject\bin\debug\netcoreapp3.1\xunittestproject.dll" id="c8c9567a-0791-4ff6-39a0-7fa2a22ff301">
      <Execution id="ed733842-60fa-4155-8095-5b39b3eb288c" />
      <TestMethod codeBase="C:\Projekty\xUnitTestProject\bin\Debug\netcoreapp3.1\xUnitTestProject.dll" adapterTypeName="executor://xunit/VsTestRunner2/netcoreapp" className="xUnitTestProject.CurrencyHelperTests" name="FormatToStringTest1000" />
    </UnitTest>
    <UnitTest name="xUnitTestProject.CurrencyHelperTests.FormatToStringTest1000(price: 24825.207513729205, expected: &quot;24825.21 zł&quot;)" storage="c:\projekty\xunittestproject\bin\debug\netcoreapp3.1\xunittestproject.dll" id="6a1a0675-fdd2-69ea-ed07-cd8b45ca5094">
      <Execution id="929079a9-ac8f-478f-9857-e89f90edd788" />
      <TestMethod codeBase="C:\Projekty\xUnitTestProject\bin\Debug\netcoreapp3.1\xUnitTestProject.dll" adapterTypeName="executor://xunit/VsTestRunner2/netcoreapp" className="xUnitTestProject.CurrencyHelperTests" name="FormatToStringTest1000" />
    </UnitTest>
    <UnitTest name="xUnitTestProject.CurrencyHelperTests.FormatToStringTest1000(price: 11796.576829059317, expected: &quot;11796.58 zł&quot;)" storage="c:\projekty\xunittestproject\bin\debug\netcoreapp3.1\xunittestproject.dll" id="17903115-6688-8f7d-0f17-6bed61c91258">
      <Execution id="30dbe8d4-d1d2-4ece-94b3-853e563787da" />
      <TestMethod codeBase="C:\Projekty\xUnitTestProject\bin\Debug\netcoreapp3.1\xUnitTestProject.dll" adapterTypeName="executor://xunit/VsTestRunner2/netcoreapp" className="xUnitTestProject.CurrencyHelperTests" name="FormatToStringTest1000" />
    </UnitTest>
    <UnitTest name="xUnitTestProject.CurrencyHelperTests.FormatToStringTest1000(price: 5317.9582678023535, expected: &quot;5317.96 zł&quot;)" storage="c:\projekty\xunittestproject\bin\debug\netcoreapp3.1\xunittestproject.dll" id="7f38c64c-30e5-6f29-b1b2-933630e715de">
      <Execution id="8f56de48-5af8-4d3f-867e-e9b73fc9f5fa" />
      <TestMethod codeBase="C:\Projekty\xUnitTestProject\bin\Debug\netcoreapp3.1\xUnitTestProject.dll" adapterTypeName="executor://xunit/VsTestRunner2/netcoreapp" className="xUnitTestProject.CurrencyHelperTests" name="FormatToStringTest1000" />
    </UnitTest>
    <UnitTest name="xUnitTestProject.CurrencyHelperTests.FormatToStringTest1000(price: 15591.4117417221, expected: &quot;15591.41 zł&quot;)" storage="c:\projekty\xunittestproject\bin\debug\netcoreapp3.1\xunittestproject.dll" id="a309af81-dde2-6e24-4ef5-234d753b7352">
      <Execution id="8cc9ae0f-3d18-4f11-a027-7be9edfd0824" />
      <TestMethod codeBase="C:\Projekty\xUnitTestProject\bin\Debug\netcoreapp3.1\xUnitTestProject.dll" adapterTypeName="executor://xunit/VsTestRunner2/netcoreapp" className="xUnitTestProject.CurrencyHelperTests" name="FormatToStringTest1000" />
    </UnitTest>
    <UnitTest name="xUnitTestProject.CurrencyHelperTests.FormatToStringTest1000(price: 76106.57198894516, expected: &quot;76106.57 zł&quot;)" storage="c:\projekty\xunittestproject\bin\debug\netcoreapp3.1\xunittestproject.dll" id="ed2c7eae-4b8e-1a77-ee79-03d5fbd59f41">
      <Execution id="043ed064-65f6-4116-8665-e3c7f2804b13" />
      <TestMethod codeBase="C:\Projekty\xUnitTestProject\bin\Debug\netcoreapp3.1\xUnitTestProject.dll" adapterTypeName="executor://xunit/VsTestRunner2/netcoreapp" className="xUnitTestProject.CurrencyHelperTests" name="FormatToStringTest1000" />
    </UnitTest>
    <UnitTest name="xUnitTestProject.CurrencyHelperTests.FormatToStringTest1000(price: 7726.0074454499445, expected: &quot;7726.01 zł&quot;)" storage="c:\projekty\xunittestproject\bin\debug\netcoreapp3.1\xunittestproject.dll" id="b7a54b06-1426-b0d1-c148-d7f5ca4a408c">
      <Execution id="b1abee62-2b94-4c25-a272-84c19c962c33" />
      <TestMethod codeBase="C:\Projekty\xUnitTestProject\bin\Debug\netcoreapp3.1\xUnitTestProject.dll" adapterTypeName="executor://xunit/VsTestRunner2/netcoreapp" className="xUnitTestProject.CurrencyHelperTests" name="FormatToStringTest1000" />
    </UnitTest>
    <UnitTest name="xUnitTestProject.CurrencyHelperTests.FormatToStringTest1000(price: 7013.601812260971, expected: &quot;7013.60 zł&quot;)" storage="c:\projekty\xunittestproject\bin\debug\netcoreapp3.1\xunittestproject.dll" id="6f6f8b3a-15e7-3194-8c20-0c46fab5e263">
      <Execution id="b2c47312-001d-4a12-8ce5-34dd38fb0fe6" />
      <TestMethod codeBase="C:\Projekty\xUnitTestProject\bin\Debug\netcoreapp3.1\xUnitTestProject.dll" adapterTypeName="executor://xunit/VsTestRunner2/netcoreapp" className="xUnitTestProject.CurrencyHelperTests" name="FormatToStringTest1000" />
    </UnitTest>
    <UnitTest name="xUnitTestProject.CurrencyHelperTests.FormatToStringTest1000(price: 11944.74385168531, expected: &quot;11944.74 zł&quot;)" storage="c:\projekty\xunittestproject\bin\debug\netcoreapp3.1\xunittestproject.dll" id="dc54e0bb-502b-6570-9584-a9f765f8122d">
      <Execution id="a8430d58-73b0-45bb-a43d-a7bf108e0a41" />
      <TestMethod codeBase="C:\Projekty\xUnitTestProject\bin\Debug\netcoreapp3.1\xUnitTestProject.dll" adapterTypeName="executor://xunit/VsTestRunner2/netcoreapp" className="xUnitTestProject.CurrencyHelperTests" name="FormatToStringTest1000" />
    </UnitTest>
    <UnitTest name="xUnitTestProject.CurrencyHelperTests.FormatToStringTest1000(price: 4823.904478896365, expected: &quot;4823.90 zł&quot;)" storage="c:\projekty\xunittestproject\bin\debug\netcoreapp3.1\xunittestproject.dll" id="caaa55d0-af40-7108-2d48-eb01bc500599">
      <Execution id="1fb25991-5dac-4567-9469-c6c03b825ac1" />
      <TestMethod codeBase="C:\Projekty\xUnitTestProject\bin\Debug\netcoreapp3.1\xUnitTestProject.dll" adapterTypeName="executor://xunit/VsTestRunner2/netcoreapp" className="xUnitTestProject.CurrencyHelperTests" name="FormatToStringTest1000" />
    </UnitTest>
    <UnitTest name="xUnitTestProject.CurrencyHelperTests.FormatToStringTest1000(price: 43858.624379632354, expected: &quot;43858.62 zł&quot;)" storage="c:\projekty\xunittestproject\bin\debug\netcoreapp3.1\xunittestproject.dll" id="68aeee53-b239-e7d6-6e18-da94fac3a451">
      <Execution id="43129eb2-7f08-4055-a050-852173d1952f" />
      <TestMethod codeBase="C:\Projekty\xUnitTestProject\bin\Debug\netcoreapp3.1\xUnitTestProject.dll" adapterTypeName="executor://xunit/VsTestRunner2/netcoreapp" className="xUnitTestProject.CurrencyHelperTests" name="FormatToStringTest1000" />
    </UnitTest>
    <UnitTest name="xUnitTestProject.CurrencyHelperTests.FormatToStringTest1000(price: 19397.344749736294, expected: &quot;19397.34 zł&quot;)" storage="c:\projekty\xunittestproject\bin\debug\netcoreapp3.1\xunittestproject.dll" id="100cc4f6-ca16-2d93-296d-fb39d2a6b55f">
      <Execution id="223f80bc-329e-491c-8f8a-cde5080c2fd5" />
      <TestMethod codeBase="C:\Projekty\xUnitTestProject\bin\Debug\netcoreapp3.1\xUnitTestProject.dll" adapterTypeName="executor://xunit/VsTestRunner2/netcoreapp" className="xUnitTestProject.CurrencyHelperTests" name="FormatToStringTest1000" />
    </UnitTest>
    <UnitTest name="xUnitTestProject.CurrencyHelperTests.FormatToStringTest1000(price: 2115.5076919884923, expected: &quot;2115.51 zł&quot;)" storage="c:\projekty\xunittestproject\bin\debug\netcoreapp3.1\xunittestproject.dll" id="466d7722-0345-718d-529e-85f31a949492">
      <Execution id="3b8e1e37-c14e-45b6-aa62-f30880d765ee" />
      <TestMethod codeBase="C:\Projekty\xUnitTestProject\bin\Debug\netcoreapp3.1\xUnitTestProject.dll" adapterTypeName="executor://xunit/VsTestRunner2/netcoreapp" className="xUnitTestProject.CurrencyHelperTests" name="FormatToStringTest1000" />
    </UnitTest>
    <UnitTest name="xUnitTestProject.CurrencyHelperTests.FormatToStringTest1000(price: 38076.55319665165, expected: &quot;38076.55 zł&quot;)" storage="c:\projekty\xunittestproject\bin\debug\netcoreapp3.1\xunittestproject.dll" id="d87ccf8e-ab46-94a5-7597-e2ef80212732">
      <Execution id="9c9ee105-ac50-4e9e-8265-87748545b4a2" />
      <TestMethod codeBase="C:\Projekty\xUnitTestProject\bin\Debug\netcoreapp3.1\xUnitTestProject.dll" adapterTypeName="executor://xunit/VsTestRunner2/netcoreapp" className="xUnitTestProject.CurrencyHelperTests" name="FormatToStringTest1000" />
    </UnitTest>
    <UnitTest name="xUnitTestProject.CurrencyHelperTests.FormatToStringTest1000(price: 11584.045280779732, expected: &quot;11584.05 zł&quot;)" storage="c:\projekty\xunittestproject\bin\debug\netcoreapp3.1\xunittestproject.dll" id="984ccf4b-e758-da57-870c-fdaae5c09395">
      <Execution id="f8b11d15-0a85-47b2-b22e-1ebad5878ea0" />
      <TestMethod codeBase="C:\Projekty\xUnitTestProject\bin\Debug\netcoreapp3.1\xUnitTestProject.dll" adapterTypeName="executor://xunit/VsTestRunner2/netcoreapp" className="xUnitTestProject.CurrencyHelperTests" name="FormatToStringTest1000" />
    </UnitTest>
    <UnitTest name="xUnitTestProject.CurrencyHelperTests.FormatToStringTest1000(price: 60701.5177499319, expected: &quot;60701.52 zł&quot;)" storage="c:\projekty\xunittestproject\bin\debug\netcoreapp3.1\xunittestproject.dll" id="80a4940d-875d-f4f0-bd6e-0d3aab9861cb">
      <Execution id="201ad760-eea9-4cc5-b6c1-842f55ade845" />
      <TestMethod codeBase="C:\Projekty\xUnitTestProject\bin\Debug\netcoreapp3.1\xUnitTestProject.dll" adapterTypeName="executor://xunit/VsTestRunner2/netcoreapp" className="xUnitTestProject.CurrencyHelperTests" name="FormatToStringTest1000" />
    </UnitTest>
    <UnitTest name="xUnitTestProject.CurrencyHelperTests.FormatToStringTest1000(price: 73504.44700518598, expected: &quot;73504.45 zł&quot;)" storage="c:\projekty\xunittestproject\bin\debug\netcoreapp3.1\xunittestproject.dll" id="eca8de8b-49e2-07c6-8662-27843e169d09">
      <Execution id="c54221d4-bd27-44cb-8b25-6dcbe692489f" />
      <TestMethod codeBase="C:\Projekty\xUnitTestProject\bin\Debug\netcoreapp3.1\xUnitTestProject.dll" adapterTypeName="executor://xunit/VsTestRunner2/netcoreapp" className="xUnitTestProject.CurrencyHelperTests" name="FormatToStringTest1000" />
    </UnitTest>
    <UnitTest name="xUnitTestProject.CurrencyHelperTests.FormatToStringTest1000(price: 9196.579612724754, expected: &quot;9196.58 zł&quot;)" storage="c:\projekty\xunittestproject\bin\debug\netcoreapp3.1\xunittestproject.dll" id="75fb03cc-a2de-116e-3a3c-32d118eb526b">
      <Execution id="8f612c0b-9bcb-4543-be37-58c6167dad4f" />
      <TestMethod codeBase="C:\Projekty\xUnitTestProject\bin\Debug\netcoreapp3.1\xUnitTestProject.dll" adapterTypeName="executor://xunit/VsTestRunner2/netcoreapp" className="xUnitTestProject.CurrencyHelperTests" name="FormatToStringTest1000" />
    </UnitTest>
    <UnitTest name="xUnitTestProject.CurrencyHelperTests.FormatToStringTest1000(price: 48684.26840475959, expected: &quot;48684.27 zł&quot;)" storage="c:\projekty\xunittestproject\bin\debug\netcoreapp3.1\xunittestproject.dll" id="2816ac64-5eac-8f30-91ba-bdceffb7dd71">
      <Execution id="ba59b111-62c2-48ac-9f62-e08a196c7611" />
      <TestMethod codeBase="C:\Projekty\xUnitTestProject\bin\Debug\netcoreapp3.1\xUnitTestProject.dll" adapterTypeName="executor://xunit/VsTestRunner2/netcoreapp" className="xUnitTestProject.CurrencyHelperTests" name="FormatToStringTest1000" />
    </UnitTest>
    <UnitTest name="xUnitTestProject.CurrencyHelperTests.FormatToStringTest1000(price: 236.20263638589657, expected: &quot;236.20 zł&quot;)" storage="c:\projekty\xunittestproject\bin\debug\netcoreapp3.1\xunittestproject.dll" id="ba737e18-d009-4d7c-6e13-52f4c654ec83">
      <Execution id="f2b533d3-654b-41d0-b429-55a654b75889" />
      <TestMethod codeBase="C:\Projekty\xUnitTestProject\bin\Debug\netcoreapp3.1\xUnitTestProject.dll" adapterTypeName="executor://xunit/VsTestRunner2/netcoreapp" className="xUnitTestProject.CurrencyHelperTests" name="FormatToStringTest1000" />
    </UnitTest>
    <UnitTest name="xUnitTestProject.CurrencyHelperTests.FormatToStringTest1000(price: 1011.9989482094529, expected: &quot;1012.00 zł&quot;)" storage="c:\projekty\xunittestproject\bin\debug\netcoreapp3.1\xunittestproject.dll" id="558fcad2-7807-3075-bb81-ec539c4697ba">
      <Execution id="b2dfa46c-935b-45c0-98ca-a1d7d474f27a" />
      <TestMethod codeBase="C:\Projekty\xUnitTestProject\bin\Debug\netcoreapp3.1\xUnitTestProject.dll" adapterTypeName="executor://xunit/VsTestRunner2/netcoreapp" className="xUnitTestProject.CurrencyHelperTests" name="FormatToStringTest1000" />
    </UnitTest>
    <UnitTest name="xUnitTestProject.CurrencyHelperTests.FormatToStringTest1000(price: 64210.358316209335, expected: &quot;64210.36 zł&quot;)" storage="c:\projekty\xunittestproject\bin\debug\netcoreapp3.1\xunittestproject.dll" id="a5736665-a659-170c-f088-df8850eec8a7">
      <Execution id="db4014a2-a8a9-444b-a65f-a6cd2d44e2e1" />
      <TestMethod codeBase="C:\Projekty\xUnitTestProject\bin\Debug\netcoreapp3.1\xUnitTestProject.dll" adapterTypeName="executor://xunit/VsTestRunner2/netcoreapp" className="xUnitTestProject.CurrencyHelperTests" name="FormatToStringTest1000" />
    </UnitTest>
    <UnitTest name="xUnitTestProject.CurrencyHelperTests.FormatToStringTest1000(price: 17953.338243749615, expected: &quot;17953.34 zł&quot;)" storage="c:\projekty\xunittestproject\bin\debug\netcoreapp3.1\xunittestproject.dll" id="9feffc56-b6c3-64a3-e834-86f62ce8266d">
      <Execution id="6a02480e-50bf-4a4e-a697-5f43daeeff64" />
      <TestMethod codeBase="C:\Projekty\xUnitTestProject\bin\Debug\netcoreapp3.1\xUnitTestProject.dll" adapterTypeName="executor://xunit/VsTestRunner2/netcoreapp" className="xUnitTestProject.CurrencyHelperTests" name="FormatToStringTest1000" />
    </UnitTest>
    <UnitTest name="xUnitTestProject.CurrencyHelperTests.FormatToStringTest1000(price: 77904.0088552246, expected: &quot;77904.01 zł&quot;)" storage="c:\projekty\xunittestproject\bin\debug\netcoreapp3.1\xunittestproject.dll" id="e18b4dbd-2ff6-3acf-dfb2-f12cbfa820d0">
      <Execution id="27356978-f9cd-4c47-bd91-096473d41605" />
      <TestMethod codeBase="C:\Projekty\xUnitTestProject\bin\Debug\netcoreapp3.1\xUnitTestProject.dll" adapterTypeName="executor://xunit/VsTestRunner2/netcoreapp" className="xUnitTestProject.CurrencyHelperTests" name="FormatToStringTest1000" />
    </UnitTest>
    <UnitTest name="xUnitTestProject.CurrencyHelperTests.FormatToStringTest1000(price: 3506.8456124108498, expected: &quot;3506.85 zł&quot;)" storage="c:\projekty\xunittestproject\bin\debug\netcoreapp3.1\xunittestproject.dll" id="1fce28e8-5dee-1344-5678-0f5715c803f3">
      <Execution id="a77ca96b-7e00-47d2-886e-7ebc9c41367a" />
      <TestMethod codeBase="C:\Projekty\xUnitTestProject\bin\Debug\netcoreapp3.1\xUnitTestProject.dll" adapterTypeName="executor://xunit/VsTestRunner2/netcoreapp" className="xUnitTestProject.CurrencyHelperTests" name="FormatToStringTest1000" />
    </UnitTest>
    <UnitTest name="xUnitTestProject.CurrencyHelperTests.FormatToStringTest1000(price: 40545.70748620001, expected: &quot;40545.71 zł&quot;)" storage="c:\projekty\xunittestproject\bin\debug\netcoreapp3.1\xunittestproject.dll" id="61bdea90-2716-ebd5-11fe-1f07a5d80915">
      <Execution id="9810fd11-3de6-433d-a887-25246bd9b1e6" />
      <TestMethod codeBase="C:\Projekty\xUnitTestProject\bin\Debug\netcoreapp3.1\xUnitTestProject.dll" adapterTypeName="executor://xunit/VsTestRunner2/netcoreapp" className="xUnitTestProject.CurrencyHelperTests" name="FormatToStringTest1000" />
    </UnitTest>
    <UnitTest name="xUnitTestProject.CurrencyHelperTests.FormatToStringTest1000(price: 15822.278766386342, expected: &quot;15822.28 zł&quot;)" storage="c:\projekty\xunittestproject\bin\debug\netcoreapp3.1\xunittestproject.dll" id="dbbec110-d393-0535-7065-c16e31474059">
      <Execution id="db385948-8f5a-47eb-8fb1-aa3530dc44dc" />
      <TestMethod codeBase="C:\Projekty\xUnitTestProject\bin\Debug\netcoreapp3.1\xUnitTestProject.dll" adapterTypeName="executor://xunit/VsTestRunner2/netcoreapp" className="xUnitTestProject.CurrencyHelperTests" name="FormatToStringTest1000" />
    </UnitTest>
    <UnitTest name="xUnitTestProject.CurrencyHelperTests.FormatToStringTest1000(price: 73301.91270130403, expected: &quot;73301.91 zł&quot;)" storage="c:\projekty\xunittestproject\bin\debug\netcoreapp3.1\xunittestproject.dll" id="41c4ce1a-ef09-24d7-c3f0-f5bd5a81a0d8">
      <Execution id="8949474a-fa55-4023-96e1-02c93006806a" />
      <TestMethod codeBase="C:\Projekty\xUnitTestProject\bin\Debug\netcoreapp3.1\xUnitTestProject.dll" adapterTypeName="executor://xunit/VsTestRunner2/netcoreapp" className="xUnitTestProject.CurrencyHelperTests" name="FormatToStringTest1000" />
    </UnitTest>
    <UnitTest name="xUnitTestProject.CurrencyHelperTests.FormatToStringTest1000(price: 85407.13428016152, expected: &quot;85407.13 zł&quot;)" storage="c:\projekty\xunittestproject\bin\debug\netcoreapp3.1\xunittestproject.dll" id="6ca05e92-6a05-ce15-f59b-9b9ed10b85dd">
      <Execution id="65f3d14e-fc89-43c3-a224-a1a1c271520a" />
      <TestMethod codeBase="C:\Projekty\xUnitTestProject\bin\Debug\netcoreapp3.1\xUnitTestProject.dll" adapterTypeName="executor://xunit/VsTestRunner2/netcoreapp" className="xUnitTestProject.CurrencyHelperTests" name="FormatToStringTest1000" />
    </UnitTest>
    <UnitTest name="xUnitTestProject.CurrencyHelperTests.FormatToStringTest1000(price: 36047.83545033672, expected: &quot;36047.84 zł&quot;)" storage="c:\projekty\xunittestproject\bin\debug\netcoreapp3.1\xunittestproject.dll" id="bea51f53-59a0-d933-da38-7b5730c49072">
      <Execution id="07104464-a9a0-42fe-9e48-455dceed8831" />
      <TestMethod codeBase="C:\Projekty\xUnitTestProject\bin\Debug\netcoreapp3.1\xUnitTestProject.dll" adapterTypeName="executor://xunit/VsTestRunner2/netcoreapp" className="xUnitTestProject.CurrencyHelperTests" name="FormatToStringTest1000" />
    </UnitTest>
    <UnitTest name="xUnitTestProject.CurrencyHelperTests.FormatToStringTest1000(price: 27050.586848031067, expected: &quot;27050.59 zł&quot;)" storage="c:\projekty\xunittestproject\bin\debug\netcoreapp3.1\xunittestproject.dll" id="4d4e339b-9d29-e85f-f9ef-3112de40381f">
      <Execution id="35eb44da-620b-4ad3-91ed-ec3b1284b305" />
      <TestMethod codeBase="C:\Projekty\xUnitTestProject\bin\Debug\netcoreapp3.1\xUnitTestProject.dll" adapterTypeName="executor://xunit/VsTestRunner2/netcoreapp" className="xUnitTestProject.CurrencyHelperTests" name="FormatToStringTest1000" />
    </UnitTest>
    <UnitTest name="xUnitTestProject.CurrencyHelperTests.FormatToStringTest1000(price: 9750.134289915735, expected: &quot;9750.13 zł&quot;)" storage="c:\projekty\xunittestproject\bin\debug\netcoreapp3.1\xunittestproject.dll" id="01a9775b-5693-bd58-011d-1e4a65370397">
      <Execution id="cd51e8c7-a53e-403e-b63a-f49bcc12a36e" />
      <TestMethod codeBase="C:\Projekty\xUnitTestProject\bin\Debug\netcoreapp3.1\xUnitTestProject.dll" adapterTypeName="executor://xunit/VsTestRunner2/netcoreapp" className="xUnitTestProject.CurrencyHelperTests" name="FormatToStringTest1000" />
    </UnitTest>
    <UnitTest name="xUnitTestProject.CurrencyHelperTests.FormatToStringTest1000(price: 13503.943645929892, expected: &quot;13503.94 zł&quot;)" storage="c:\projekty\xunittestproject\bin\debug\netcoreapp3.1\xunittestproject.dll" id="5a63d239-8af4-ff24-ef04-165e809fc0f0">
      <Execution id="38e72683-1b38-4399-b82e-255de4e6502a" />
      <TestMethod codeBase="C:\Projekty\xUnitTestProject\bin\Debug\netcoreapp3.1\xUnitTestProject.dll" adapterTypeName="executor://xunit/VsTestRunner2/netcoreapp" className="xUnitTestProject.CurrencyHelperTests" name="FormatToStringTest1000" />
    </UnitTest>
    <UnitTest name="xUnitTestProject.CurrencyHelperTests.FormatToStringTest1000(price: 27629.79121039193, expected: &quot;27629.79 zł&quot;)" storage="c:\projekty\xunittestproject\bin\debug\netcoreapp3.1\xunittestproject.dll" id="fe096e9a-696b-0373-a92c-3a2e57b850e7">
      <Execution id="9961fa14-cf07-41ec-b0b3-5e06643152ec" />
      <TestMethod codeBase="C:\Projekty\xUnitTestProject\bin\Debug\netcoreapp3.1\xUnitTestProject.dll" adapterTypeName="executor://xunit/VsTestRunner2/netcoreapp" className="xUnitTestProject.CurrencyHelperTests" name="FormatToStringTest1000" />
    </UnitTest>
    <UnitTest name="xUnitTestProject.CurrencyHelperTests.FormatToStringTest1000(price: 79339.95632144621, expected: &quot;79339.96 zł&quot;)" storage="c:\projekty\xunittestproject\bin\debug\netcoreapp3.1\xunittestproject.dll" id="abb4aad3-77db-7359-08fe-5197066f13be">
      <Execution id="1ee448f7-578a-457f-b111-5c29444476f2" />
      <TestMethod codeBase="C:\Projekty\xUnitTestProject\bin\Debug\netcoreapp3.1\xUnitTestProject.dll" adapterTypeName="executor://xunit/VsTestRunner2/netcoreapp" className="xUnitTestProject.CurrencyHelperTests" name="FormatToStringTest1000" />
    </UnitTest>
    <UnitTest name="xUnitTestProject.CurrencyHelperTests.FormatToStringTest1000(price: 35967.54466809684, expected: &quot;35967.54 zł&quot;)" storage="c:\projekty\xunittestproject\bin\debug\netcoreapp3.1\xunittestproject.dll" id="ff400e5b-d8ea-836f-c081-66cfe2473c87">
      <Execution id="bb9b9858-ccbc-484c-a2d0-b728bd8fa20a" />
      <TestMethod codeBase="C:\Projekty\xUnitTestProject\bin\Debug\netcoreapp3.1\xUnitTestProject.dll" adapterTypeName="executor://xunit/VsTestRunner2/netcoreapp" className="xUnitTestProject.CurrencyHelperTests" name="FormatToStringTest1000" />
    </UnitTest>
    <UnitTest name="xUnitTestProject.CurrencyHelperTests.FormatToStringTest1000(price: 4857.211933034105, expected: &quot;4857.21 zł&quot;)" storage="c:\projekty\xunittestproject\bin\debug\netcoreapp3.1\xunittestproject.dll" id="f7a3c37c-dec7-4f70-5b8f-168bb8621231">
      <Execution id="e0ef26c9-7258-4cc5-b8e2-ae8a121c5bc2" />
      <TestMethod codeBase="C:\Projekty\xUnitTestProject\bin\Debug\netcoreapp3.1\xUnitTestProject.dll" adapterTypeName="executor://xunit/VsTestRunner2/netcoreapp" className="xUnitTestProject.CurrencyHelperTests" name="FormatToStringTest1000" />
    </UnitTest>
    <UnitTest name="xUnitTestProject.CurrencyHelperTests.FormatToStringTest1000(price: 1562.3173604776698, expected: &quot;1562.32 zł&quot;)" storage="c:\projekty\xunittestproject\bin\debug\netcoreapp3.1\xunittestproject.dll" id="f7288d33-e820-d388-23d4-39d2a5548f52">
      <Execution id="1b146bbb-eb28-4240-a934-6a6c9079267b" />
      <TestMethod codeBase="C:\Projekty\xUnitTestProject\bin\Debug\netcoreapp3.1\xUnitTestProject.dll" adapterTypeName="executor://xunit/VsTestRunner2/netcoreapp" className="xUnitTestProject.CurrencyHelperTests" name="FormatToStringTest1000" />
    </UnitTest>
    <UnitTest name="xUnitTestProject.CurrencyHelperTests.FormatToStringTest1000(price: 13745.115971449817, expected: &quot;13745.12 zł&quot;)" storage="c:\projekty\xunittestproject\bin\debug\netcoreapp3.1\xunittestproject.dll" id="fa17089e-753f-5fa3-f3ed-36d704a8d2ac">
      <Execution id="17330555-23fc-490f-a0a7-6d6586ee3102" />
      <TestMethod codeBase="C:\Projekty\xUnitTestProject\bin\Debug\netcoreapp3.1\xUnitTestProject.dll" adapterTypeName="executor://xunit/VsTestRunner2/netcoreapp" className="xUnitTestProject.CurrencyHelperTests" name="FormatToStringTest1000" />
    </UnitTest>
    <UnitTest name="xUnitTestProject.CurrencyHelperTests.FormatToStringTest1000(price: 1614.2516601789982, expected: &quot;1614.25 zł&quot;)" storage="c:\projekty\xunittestproject\bin\debug\netcoreapp3.1\xunittestproject.dll" id="72858ddf-be22-dd7b-74db-ce66ecacd1dd">
      <Execution id="62dcb94a-4bfd-43fc-92ae-5c2d48891108" />
      <TestMethod codeBase="C:\Projekty\xUnitTestProject\bin\Debug\netcoreapp3.1\xUnitTestProject.dll" adapterTypeName="executor://xunit/VsTestRunner2/netcoreapp" className="xUnitTestProject.CurrencyHelperTests" name="FormatToStringTest1000" />
    </UnitTest>
    <UnitTest name="xUnitTestProject.CurrencyHelperTests.FormatToStringTest1000(price: 8542.520616738833, expected: &quot;8542.52 zł&quot;)" storage="c:\projekty\xunittestproject\bin\debug\netcoreapp3.1\xunittestproject.dll" id="3ca4075a-a7fb-92a5-3a91-aefa25efbece">
      <Execution id="ea49fa33-f4ef-453f-ad6c-946972626372" />
      <TestMethod codeBase="C:\Projekty\xUnitTestProject\bin\Debug\netcoreapp3.1\xUnitTestProject.dll" adapterTypeName="executor://xunit/VsTestRunner2/netcoreapp" className="xUnitTestProject.CurrencyHelperTests" name="FormatToStringTest1000" />
    </UnitTest>
    <UnitTest name="xUnitTestProject.CurrencyHelperTests.FormatToStringTest1000(price: 3649.9254912836127, expected: &quot;3649.93 zł&quot;)" storage="c:\projekty\xunittestproject\bin\debug\netcoreapp3.1\xunittestproject.dll" id="6079b9dd-99aa-436d-ae95-d982e753c815">
      <Execution id="de507cb8-716b-4478-baaf-3c979c9f677b" />
      <TestMethod codeBase="C:\Projekty\xUnitTestProject\bin\Debug\netcoreapp3.1\xUnitTestProject.dll" adapterTypeName="executor://xunit/VsTestRunner2/netcoreapp" className="xUnitTestProject.CurrencyHelperTests" name="FormatToStringTest1000" />
    </UnitTest>
    <UnitTest name="xUnitTestProject.CurrencyHelperTests.FormatToStringTest1000(price: 2963.24443391815, expected: &quot;2963.24 zł&quot;)" storage="c:\projekty\xunittestproject\bin\debug\netcoreapp3.1\xunittestproject.dll" id="78d10de8-2dc4-0b77-ab9e-9a161423da54">
      <Execution id="ff643d8f-664f-4a31-abfd-67f3d0feede5" />
      <TestMethod codeBase="C:\Projekty\xUnitTestProject\bin\Debug\netcoreapp3.1\xUnitTestProject.dll" adapterTypeName="executor://xunit/VsTestRunner2/netcoreapp" className="xUnitTestProject.CurrencyHelperTests" name="FormatToStringTest1000" />
    </UnitTest>
    <UnitTest name="xUnitTestProject.CurrencyHelperTests.FormatToStringTest1000(price: 21753.84773194969, expected: &quot;21753.85 zł&quot;)" storage="c:\projekty\xunittestproject\bin\debug\netcoreapp3.1\xunittestproject.dll" id="f51f29d9-e43f-bc49-2068-6f7ccdbadb29">
      <Execution id="1cf10d0b-562c-4592-8650-14c9d366bcdf" />
      <TestMethod codeBase="C:\Projekty\xUnitTestProject\bin\Debug\netcoreapp3.1\xUnitTestProject.dll" adapterTypeName="executor://xunit/VsTestRunner2/netcoreapp" className="xUnitTestProject.CurrencyHelperTests" name="FormatToStringTest1000" />
    </UnitTest>
    <UnitTest name="xUnitTestProject.CurrencyHelperTests.FormatToStringTest1000(price: 28972.23604401212, expected: &quot;28972.24 zł&quot;)" storage="c:\projekty\xunittestproject\bin\debug\netcoreapp3.1\xunittestproject.dll" id="da9e50fc-db80-afa7-5f4f-4cb6b2da8231">
      <Execution id="3c3e4c88-f997-4d83-8886-d23ec9d5cbb5" />
      <TestMethod codeBase="C:\Projekty\xUnitTestProject\bin\Debug\netcoreapp3.1\xUnitTestProject.dll" adapterTypeName="executor://xunit/VsTestRunner2/netcoreapp" className="xUnitTestProject.CurrencyHelperTests" name="FormatToStringTest1000" />
    </UnitTest>
    <UnitTest name="xUnitTestProject.CurrencyHelperTests.FormatToStringTest1000(price: 16129.507288814293, expected: &quot;16129.51 zł&quot;)" storage="c:\projekty\xunittestproject\bin\debug\netcoreapp3.1\xunittestproject.dll" id="28d201d7-5353-764b-c109-520fc030be51">
      <Execution id="911c64a2-b2a3-4947-86e4-70a8a9f5aa37" />
      <TestMethod codeBase="C:\Projekty\xUnitTestProject\bin\Debug\netcoreapp3.1\xUnitTestProject.dll" adapterTypeName="executor://xunit/VsTestRunner2/netcoreapp" className="xUnitTestProject.CurrencyHelperTests" name="FormatToStringTest1000" />
    </UnitTest>
    <UnitTest name="xUnitTestProject.CurrencyHelperTests.FormatToStringTest1000(price: 33601.357302459124, expected: &quot;33601.36 zł&quot;)" storage="c:\projekty\xunittestproject\bin\debug\netcoreapp3.1\xunittestproject.dll" id="156f5ebd-8a60-46f3-8ac8-18455127849a">
      <Execution id="4c6a0436-46c2-4734-a58d-909d9732ca05" />
      <TestMethod codeBase="C:\Projekty\xUnitTestProject\bin\Debug\netcoreapp3.1\xUnitTestProject.dll" adapterTypeName="executor://xunit/VsTestRunner2/netcoreapp" className="xUnitTestProject.CurrencyHelperTests" name="FormatToStringTest1000" />
    </UnitTest>
    <UnitTest name="xUnitTestProject.CurrencyHelperTests.FormatToStringTest1000(price: 66053.95451852398, expected: &quot;66053.95 zł&quot;)" storage="c:\projekty\xunittestproject\bin\debug\netcoreapp3.1\xunittestproject.dll" id="9087d096-82b4-2271-94ec-73730ed51c23">
      <Execution id="f78dd743-892b-4492-98a3-5b52a4724081" />
      <TestMethod codeBase="C:\Projekty\xUnitTestProject\bin\Debug\netcoreapp3.1\xUnitTestProject.dll" adapterTypeName="executor://xunit/VsTestRunner2/netcoreapp" className="xUnitTestProject.CurrencyHelperTests" name="FormatToStringTest1000" />
    </UnitTest>
    <UnitTest name="xUnitTestProject.CurrencyHelperTests.FormatToStringTest1000(price: 52020.805412759444, expected: &quot;52020.81 zł&quot;)" storage="c:\projekty\xunittestproject\bin\debug\netcoreapp3.1\xunittestproject.dll" id="0c859aba-4f30-51d2-a318-7300b0569a9b">
      <Execution id="881d2e52-cba8-48c6-8392-81f545404e87" />
      <TestMethod codeBase="C:\Projekty\xUnitTestProject\bin\Debug\netcoreapp3.1\xUnitTestProject.dll" adapterTypeName="executor://xunit/VsTestRunner2/netcoreapp" className="xUnitTestProject.CurrencyHelperTests" name="FormatToStringTest1000" />
    </UnitTest>
    <UnitTest name="xUnitTestProject.CurrencyHelperTests.FormatToStringTest1000(price: 58111.21259843521, expected: &quot;58111.21 zł&quot;)" storage="c:\projekty\xunittestproject\bin\debug\netcoreapp3.1\xunittestproject.dll" id="0c407008-912c-f5cf-415d-950e444e81e2">
      <Execution id="b9194559-f07a-4124-a57d-0a519acf66b5" />
      <TestMethod codeBase="C:\Projekty\xUnitTestProject\bin\Debug\netcoreapp3.1\xUnitTestProject.dll" adapterTypeName="executor://xunit/VsTestRunner2/netcoreapp" className="xUnitTestProject.CurrencyHelperTests" name="FormatToStringTest1000" />
    </UnitTest>
    <UnitTest name="xUnitTestProject.CurrencyHelperTests.FormatToStringTest1000(price: 14910.573044539697, expected: &quot;14910.57 zł&quot;)" storage="c:\projekty\xunittestproject\bin\debug\netcoreapp3.1\xunittestproject.dll" id="4b9288d3-23bb-6d5e-ced0-2389f5e0b638">
      <Execution id="71389913-b93b-4dff-8e2c-b53c90b24048" />
      <TestMethod codeBase="C:\Projekty\xUnitTestProject\bin\Debug\netcoreapp3.1\xUnitTestProject.dll" adapterTypeName="executor://xunit/VsTestRunner2/netcoreapp" className="xUnitTestProject.CurrencyHelperTests" name="FormatToStringTest1000" />
    </UnitTest>
    <UnitTest name="xUnitTestProject.CurrencyHelperTests.FormatToStringTest1000(price: 3270.286035661719, expected: &quot;3270.29 zł&quot;)" storage="c:\projekty\xunittestproject\bin\debug\netcoreapp3.1\xunittestproject.dll" id="cae25fb7-b977-eb51-0588-bf026d38b145">
      <Execution id="be331e9d-caa0-46f5-9e65-6db0c130cad4" />
      <TestMethod codeBase="C:\Projekty\xUnitTestProject\bin\Debug\netcoreapp3.1\xUnitTestProject.dll" adapterTypeName="executor://xunit/VsTestRunner2/netcoreapp" className="xUnitTestProject.CurrencyHelperTests" name="FormatToStringTest1000" />
    </UnitTest>
    <UnitTest name="xUnitTestProject.CurrencyHelperTests.FormatToStringTest1000(price: 5749.124990274722, expected: &quot;5749.12 zł&quot;)" storage="c:\projekty\xunittestproject\bin\debug\netcoreapp3.1\xunittestproject.dll" id="c28dd236-1525-1514-778a-3b6a96d19df1">
      <Execution id="a8abe25d-385f-4415-a406-8875b1f202c4" />
      <TestMethod codeBase="C:\Projekty\xUnitTestProject\bin\Debug\netcoreapp3.1\xUnitTestProject.dll" adapterTypeName="executor://xunit/VsTestRunner2/netcoreapp" className="xUnitTestProject.CurrencyHelperTests" name="FormatToStringTest1000" />
    </UnitTest>
    <UnitTest name="xUnitTestProject.CurrencyHelperTests.FormatToStringTest1000(price: 13027.93935961739, expected: &quot;13027.94 zł&quot;)" storage="c:\projekty\xunittestproject\bin\debug\netcoreapp3.1\xunittestproject.dll" id="2253269e-957f-9bba-378c-fb3e844bd0a1">
      <Execution id="d8120371-a957-44de-a9d0-16b11666ed90" />
      <TestMethod codeBase="C:\Projekty\xUnitTestProject\bin\Debug\netcoreapp3.1\xUnitTestProject.dll" adapterTypeName="executor://xunit/VsTestRunner2/netcoreapp" className="xUnitTestProject.CurrencyHelperTests" name="FormatToStringTest1000" />
    </UnitTest>
    <UnitTest name="xUnitTestProject.CurrencyHelperTests.FormatToStringTest1000(price: 47163.337736466594, expected: &quot;47163.34 zł&quot;)" storage="c:\projekty\xunittestproject\bin\debug\netcoreapp3.1\xunittestproject.dll" id="179615f5-c9e6-0457-24a4-7182fdaf1108">
      <Execution id="ce3399bd-9530-4d81-b3d3-b7406bd93185" />
      <TestMethod codeBase="C:\Projekty\xUnitTestProject\bin\Debug\netcoreapp3.1\xUnitTestProject.dll" adapterTypeName="executor://xunit/VsTestRunner2/netcoreapp" className="xUnitTestProject.CurrencyHelperTests" name="FormatToStringTest1000" />
    </UnitTest>
    <UnitTest name="xUnitTestProject.CurrencyHelperTests.FormatToStringTest1000(price: 31347.468987404587, expected: &quot;31347.47 zł&quot;)" storage="c:\projekty\xunittestproject\bin\debug\netcoreapp3.1\xunittestproject.dll" id="183dfbce-4b57-7750-e87b-9eb6c830ba31">
      <Execution id="43ee85d8-c467-4a67-aa6b-1329187e14d9" />
      <TestMethod codeBase="C:\Projekty\xUnitTestProject\bin\Debug\netcoreapp3.1\xUnitTestProject.dll" adapterTypeName="executor://xunit/VsTestRunner2/netcoreapp" className="xUnitTestProject.CurrencyHelperTests" name="FormatToStringTest1000" />
    </UnitTest>
    <UnitTest name="xUnitTestProject.CurrencyHelperTests.FormatToStringTest1000(price: 4252.4012513842445, expected: &quot;4252.40 zł&quot;)" storage="c:\projekty\xunittestproject\bin\debug\netcoreapp3.1\xunittestproject.dll" id="9e381b2f-7758-75e7-1187-5359a7cc2fcf">
      <Execution id="1b5b5c75-8d75-4943-8ef2-bd6b64c932cb" />
      <TestMethod codeBase="C:\Projekty\xUnitTestProject\bin\Debug\netcoreapp3.1\xUnitTestProject.dll" adapterTypeName="executor://xunit/VsTestRunner2/netcoreapp" className="xUnitTestProject.CurrencyHelperTests" name="FormatToStringTest1000" />
    </UnitTest>
    <UnitTest name="xUnitTestProject.CurrencyHelperTests.FormatToStringTest1000(price: 47431.868885526375, expected: &quot;47431.87 zł&quot;)" storage="c:\projekty\xunittestproject\bin\debug\netcoreapp3.1\xunittestproject.dll" id="783752e7-0a8e-7713-0dfb-eb72f3fc27d6">
      <Execution id="1b1667d9-8eab-4bff-8471-2c5c7ca5990b" />
      <TestMethod codeBase="C:\Projekty\xUnitTestProject\bin\Debug\netcoreapp3.1\xUnitTestProject.dll" adapterTypeName="executor://xunit/VsTestRunner2/netcoreapp" className="xUnitTestProject.CurrencyHelperTests" name="FormatToStringTest1000" />
    </UnitTest>
    <UnitTest name="xUnitTestProject.CurrencyHelperTests.FormatToStringTest1000(price: 10775.728533390784, expected: &quot;10775.73 zł&quot;)" storage="c:\projekty\xunittestproject\bin\debug\netcoreapp3.1\xunittestproject.dll" id="0a7a5bc8-9d15-4c47-d83e-93a1a167a703">
      <Execution id="698003dd-dbd1-49df-8dea-3c19e83f266d" />
      <TestMethod codeBase="C:\Projekty\xUnitTestProject\bin\Debug\netcoreapp3.1\xUnitTestProject.dll" adapterTypeName="executor://xunit/VsTestRunner2/netcoreapp" className="xUnitTestProject.CurrencyHelperTests" name="FormatToStringTest1000" />
    </UnitTest>
    <UnitTest name="xUnitTestProject.CurrencyHelperTests.FormatToStringTest1000(price: 24695.917440203913, expected: &quot;24695.92 zł&quot;)" storage="c:\projekty\xunittestproject\bin\debug\netcoreapp3.1\xunittestproject.dll" id="ab2272df-129a-10d0-4d80-4c6fcfe702e8">
      <Execution id="a26f4c63-080e-4de7-9eab-b44411e1aba6" />
      <TestMethod codeBase="C:\Projekty\xUnitTestProject\bin\Debug\netcoreapp3.1\xUnitTestProject.dll" adapterTypeName="executor://xunit/VsTestRunner2/netcoreapp" className="xUnitTestProject.CurrencyHelperTests" name="FormatToStringTest1000" />
    </UnitTest>
    <UnitTest name="xUnitTestProject.CurrencyHelperTests.FormatToStringTest1000(price: 6710.131197082871, expected: &quot;6710.13 zł&quot;)" storage="c:\projekty\xunittestproject\bin\debug\netcoreapp3.1\xunittestproject.dll" id="6a7d9b76-8e51-2dd0-7599-1dd99ccb1f30">
      <Execution id="623ab41f-9fde-4db7-9ca3-b2cd78813c49" />
      <TestMethod codeBase="C:\Projekty\xUnitTestProject\bin\Debug\netcoreapp3.1\xUnitTestProject.dll" adapterTypeName="executor://xunit/VsTestRunner2/netcoreapp" className="xUnitTestProject.CurrencyHelperTests" name="FormatToStringTest1000" />
    </UnitTest>
    <UnitTest name="xUnitTestProject.CurrencyHelperTests.FormatToStringTest1000(price: 2505.286326204094, expected: &quot;2505.29 zł&quot;)" storage="c:\projekty\xunittestproject\bin\debug\netcoreapp3.1\xunittestproject.dll" id="1fe96cd6-e80d-4fd9-dedb-226c16d9375d">
      <Execution id="0f29ecff-377d-42bc-95e6-c79b5f225d13" />
      <TestMethod codeBase="C:\Projekty\xUnitTestProject\bin\Debug\netcoreapp3.1\xUnitTestProject.dll" adapterTypeName="executor://xunit/VsTestRunner2/netcoreapp" className="xUnitTestProject.CurrencyHelperTests" name="FormatToStringTest1000" />
    </UnitTest>
    <UnitTest name="xUnitTestProject.CurrencyHelperTests.FormatToStringTest1000(price: 3092.9215945624383, expected: &quot;3092.92 zł&quot;)" storage="c:\projekty\xunittestproject\bin\debug\netcoreapp3.1\xunittestproject.dll" id="da125bcd-1715-deae-cc3d-6c75d593b271">
      <Execution id="c9295987-da00-4d26-84ed-3d637258d712" />
      <TestMethod codeBase="C:\Projekty\xUnitTestProject\bin\Debug\netcoreapp3.1\xUnitTestProject.dll" adapterTypeName="executor://xunit/VsTestRunner2/netcoreapp" className="xUnitTestProject.CurrencyHelperTests" name="FormatToStringTest1000" />
    </UnitTest>
    <UnitTest name="xUnitTestProject.CurrencyHelperTests.FormatToStringTest1000(price: 40913.016669489916, expected: &quot;40913.02 zł&quot;)" storage="c:\projekty\xunittestproject\bin\debug\netcoreapp3.1\xunittestproject.dll" id="d14fe452-c75b-8f8a-1e11-a88113e31ccc">
      <Execution id="4a46f44a-a72e-44ff-b50a-62ac094639f2" />
      <TestMethod codeBase="C:\Projekty\xUnitTestProject\bin\Debug\netcoreapp3.1\xUnitTestProject.dll" adapterTypeName="executor://xunit/VsTestRunner2/netcoreapp" className="xUnitTestProject.CurrencyHelperTests" name="FormatToStringTest1000" />
    </UnitTest>
    <UnitTest name="xUnitTestProject.CurrencyHelperTests.FormatToStringTest1000(price: 1676.7913981754293, expected: &quot;1676.79 zł&quot;)" storage="c:\projekty\xunittestproject\bin\debug\netcoreapp3.1\xunittestproject.dll" id="8e40a9d7-b14a-a165-b4bc-258c3936dfbd">
      <Execution id="ec98ec60-b34d-4891-9c22-cbd10c075be5" />
      <TestMethod codeBase="C:\Projekty\xUnitTestProject\bin\Debug\netcoreapp3.1\xUnitTestProject.dll" adapterTypeName="executor://xunit/VsTestRunner2/netcoreapp" className="xUnitTestProject.CurrencyHelperTests" name="FormatToStringTest1000" />
    </UnitTest>
  </TestDefinitions>
  <TestEntries>
    <TestEntry testId="81074b63-819a-5707-3f0a-c12b1496d111" executionId="2e4dba35-20c7-4f07-a2be-d28c9616a741" testListId="8c84fa94-04c1-424b-9868-57a2d4851a1d" />
    <TestEntry testId="e6b4d3a2-a83c-419f-8b42-b631077ac8fc" executionId="f406136f-e3b2-452e-b9a5-ea7c79c2bb7b" testListId="8c84fa94-04c1-424b-9868-57a2d4851a1d" />
    <TestEntry testId="076b3f7c-bfd3-700c-3093-f885fe165b03" executionId="eca79193-cf84-4df7-a969-6f7133d86f26" testListId="8c84fa94-04c1-424b-9868-57a2d4851a1d" />
    <TestEntry testId="9c8eee20-620b-e0aa-1580-d34a7e65e392" executionId="9cebe32f-e1e6-4bee-bc80-043104e65a2f" testListId="8c84fa94-04c1-424b-9868-57a2d4851a1d" />
    <TestEntry testId="9a2bcce2-54c7-2ac9-248c-c072785d5cf2" executionId="a0a755b3-0e48-47b7-a238-468606c3d3de" testListId="8c84fa94-04c1-424b-9868-57a2d4851a1d" />
    <TestEntry testId="502c40b3-55a9-ed63-c19a-b15f001d74e2" executionId="74880a65-7f27-4e27-9561-eaa6c36689b8" testListId="8c84fa94-04c1-424b-9868-57a2d4851a1d" />
    <TestEntry testId="5aa929b3-dac1-52ec-e2ea-8e7fca692c42" executionId="60302552-5583-4585-8e78-aefbd81f9292" testListId="8c84fa94-04c1-424b-9868-57a2d4851a1d" />
    <TestEntry testId="cff23f42-1941-5ae0-6937-50ea8e98f70a" executionId="0eb663db-8696-4e8e-97fa-829e588e73ba" testListId="8c84fa94-04c1-424b-9868-57a2d4851a1d" />
    <TestEntry testId="90e736db-bebc-59eb-dcfd-94a08c26727f" executionId="1ad6c906-5be4-4c3d-a8df-304f35078daa" testListId="8c84fa94-04c1-424b-9868-57a2d4851a1d" />
    <TestEntry testId="ff67ffea-ea63-9682-e246-a48f70d1fb56" executionId="f3256b6f-e734-4f61-a2bf-df157137a97d" testListId="8c84fa94-04c1-424b-9868-57a2d4851a1d" />
    <TestEntry testId="eaa6b024-a03d-d1dd-abf3-1b023d2d51e1" executionId="a6416a62-f178-4150-bb19-d2976d7ee14d" testListId="8c84fa94-04c1-424b-9868-57a2d4851a1d" />
    <TestEntry testId="ec5e31f8-0a43-1c03-8691-e70ecfdbfc69" executionId="6906e6c8-97f3-41d3-8ba8-b7f7b737d56f" testListId="8c84fa94-04c1-424b-9868-57a2d4851a1d" />
    <TestEntry testId="2fe7dd20-7d34-4621-c4bd-6f2ec94c5407" executionId="340fe833-7830-4d16-bd17-01fb074bdd84" testListId="8c84fa94-04c1-424b-9868-57a2d4851a1d" />
    <TestEntry testId="bfbcecbb-ebb0-4cc4-ba14-4fec10bfe400" executionId="1e8c0726-b50a-420f-a116-5d74aff56db4" testListId="8c84fa94-04c1-424b-9868-57a2d4851a1d" />
    <TestEntry testId="5d30b17d-1a70-2e78-f289-4e82f0d205e6" executionId="23915220-d1ba-4774-93a1-5b84dbec7c8b" testListId="8c84fa94-04c1-424b-9868-57a2d4851a1d" />
    <TestEntry testId="578b5b4c-08d1-6f2c-3cf8-070bb75c9b96" executionId="b28b3b7e-b27a-4408-9af6-e199f7e141c6" testListId="8c84fa94-04c1-424b-9868-57a2d4851a1d" />
    <TestEntry testId="cbab0896-310f-9613-16bf-ed68cf4f09cd" executionId="d94dae5b-9985-47e7-b5f7-4d44a9f77bd0" testListId="8c84fa94-04c1-424b-9868-57a2d4851a1d" />
    <TestEntry testId="d6ed6531-54c3-2edf-18c7-ddb0279f678b" executionId="40901076-b986-4cf5-8378-69ed0a3c0806" testListId="8c84fa94-04c1-424b-9868-57a2d4851a1d" />
    <TestEntry testId="b9639a73-b99d-241a-c8a5-6c3a19c63133" executionId="2eb88384-a607-4743-b021-35a889afbec5" testListId="8c84fa94-04c1-424b-9868-57a2d4851a1d" />
    <TestEntry testId="613b2ffe-17c7-a1b7-9417-e8c0c951aa41" executionId="7e7b85ae-412d-43f9-b9f5-58a65f31c6e0" testListId="8c84fa94-04c1-424b-9868-57a2d4851a1d" />
    <TestEntry testId="b93fddec-5e00-a1c1-fc16-4882d018fd04" executionId="ed1c5b52-123f-4ea8-bdef-8bbb2b7b7ecc" testListId="8c84fa94-04c1-424b-9868-57a2d4851a1d" />
    <TestEntry testId="0f785118-4101-2fda-f887-c7a86673e736" executionId="fd362a44-5ad7-4606-843b-7e7996483243" testListId="8c84fa94-04c1-424b-9868-57a2d4851a1d" />
    <TestEntry testId="a90d1942-15f1-e50c-e63d-254e34e99bf5" executionId="08eaf136-8173-4bc7-b031-9c29606af626" testListId="8c84fa94-04c1-424b-9868-57a2d4851a1d" />
    <TestEntry testId="72e011e2-bf27-7ea5-75f9-295f8504211f" executionId="0a3c238c-fe9e-4d05-b74c-a7dd0970a8fd" testListId="8c84fa94-04c1-424b-9868-57a2d4851a1d" />
    <TestEntry testId="c21a2737-6b36-8691-5404-6629a58d4529" executionId="0d24e4a4-80cd-43ea-b77d-f7ac3931a3cb" testListId="8c84fa94-04c1-424b-9868-57a2d4851a1d" />
    <TestEntry testId="1d4cd445-caf0-beba-56bf-67413439f9ab" executionId="38adcbaf-faef-43ff-b170-671b2b13ef65" testListId="8c84fa94-04c1-424b-9868-57a2d4851a1d" />
    <TestEntry testId="7b9b1040-51d8-c2e6-1ac0-cb113e76a56a" executionId="d57c56d0-4a8d-4136-b657-efffcfebf50e" testListId="8c84fa94-04c1-424b-9868-57a2d4851a1d" />
    <TestEntry testId="681b18e6-8ac3-1647-8149-58844d19cdf1" executionId="5b9c7758-259b-46f8-82f3-c030dd8c380e" testListId="8c84fa94-04c1-424b-9868-57a2d4851a1d" />
    <TestEntry testId="6837dba7-40c4-9f70-ea2b-82f5a35b378d" executionId="e251eb44-132e-4e7d-b5f3-439c63489e42" testListId="8c84fa94-04c1-424b-9868-57a2d4851a1d" />
    <TestEntry testId="8de67803-7acb-6ed7-12bc-5420c17b40c0" executionId="41d0d2a5-7ed9-43f9-ab83-72a3f0ce2c09" testListId="8c84fa94-04c1-424b-9868-57a2d4851a1d" />
    <TestEntry testId="0eb2cf4b-202a-2f21-374f-50b4b3adc607" executionId="435af1ae-9a05-4b0e-ba67-bac7d481e59f" testListId="8c84fa94-04c1-424b-9868-57a2d4851a1d" />
    <TestEntry testId="e18b4dbd-2ff6-3acf-dfb2-f12cbfa820d0" executionId="27356978-f9cd-4c47-bd91-096473d41605" testListId="8c84fa94-04c1-424b-9868-57a2d4851a1d" />
    <TestEntry testId="85835fd9-2c0e-82ff-767f-a5379021f4f3" executionId="ce475b8f-d7ea-4e8e-9cf7-7956c7b693fe" testListId="8c84fa94-04c1-424b-9868-57a2d4851a1d" />
    <TestEntry testId="71259de5-a991-d68a-74b6-6304befba6d8" executionId="181172d9-7659-43e3-bdcb-1660b45e0d3c" testListId="8c84fa94-04c1-424b-9868-57a2d4851a1d" />
    <TestEntry testId="86ad28ff-91bc-6dfc-4b29-d680c9d331eb" executionId="4283adb9-34b3-4271-86dd-4fef8079849b" testListId="8c84fa94-04c1-424b-9868-57a2d4851a1d" />
    <TestEntry testId="6fd88d41-992e-23c0-e35a-a1d1b838cd50" executionId="ab438636-31e7-44d3-b882-ec0809f10c0f" testListId="8c84fa94-04c1-424b-9868-57a2d4851a1d" />
    <TestEntry testId="ccb01d77-9abe-d52e-f6b1-1f27fb49d5d4" executionId="7c3eedda-0224-4ccf-a406-b2c84ab5bf73" testListId="8c84fa94-04c1-424b-9868-57a2d4851a1d" />
    <TestEntry testId="d380f6a1-83cc-0c12-360c-ba81b340bce2" executionId="6c7ec72c-74ba-4700-9ce7-79d04892f6f9" testListId="8c84fa94-04c1-424b-9868-57a2d4851a1d" />
    <TestEntry testId="45dd66f1-81ef-9e8c-d39f-69c657dd300a" executionId="84f4dddf-bef7-4685-9cc6-45cf86ec5c7d" testListId="8c84fa94-04c1-424b-9868-57a2d4851a1d" />
    <TestEntry testId="761b6e00-61f3-b300-b2f5-8d5765381437" executionId="f4d230d8-02b4-4490-9656-734e09f5a2c3" testListId="8c84fa94-04c1-424b-9868-57a2d4851a1d" />
    <TestEntry testId="c0f25143-2b07-04f3-95cc-c9746948afb7" executionId="2276207e-6c67-4011-aff1-fd5241e20e58" testListId="8c84fa94-04c1-424b-9868-57a2d4851a1d" />
    <TestEntry testId="82e67c06-9849-1902-4582-6ac1133c7960" executionId="ccea8025-0d38-4c84-9b56-cb16fbb79b0c" testListId="8c84fa94-04c1-424b-9868-57a2d4851a1d" />
    <TestEntry testId="081d3b2d-f16b-400c-9941-d599ff407e21" executionId="599a11dc-48fe-4112-a3b8-e559526066ce" testListId="8c84fa94-04c1-424b-9868-57a2d4851a1d" />
    <TestEntry testId="73284804-3614-1086-c9d3-907dba871693" executionId="2105fd4d-f373-4045-81a6-095c55e9cf4e" testListId="8c84fa94-04c1-424b-9868-57a2d4851a1d" />
    <TestEntry testId="3a14b4a3-bbfa-4f36-3b26-b18f61900c63" executionId="cff2b730-7798-4e47-9a51-24bd31b1cfc1" testListId="8c84fa94-04c1-424b-9868-57a2d4851a1d" />
    <TestEntry testId="a5e0b38b-1cb1-a5af-a5f1-f247fd82227e" executionId="55b91a6c-4cf3-48d2-9785-cd8a32163d9e" testListId="8c84fa94-04c1-424b-9868-57a2d4851a1d" />
    <TestEntry testId="434a8caa-9318-d21d-4a14-8dc7214b55eb" executionId="3d34760b-82ec-412b-8044-0b3acb2d748e" testListId="8c84fa94-04c1-424b-9868-57a2d4851a1d" />
    <TestEntry testId="38bf740f-4d67-502e-2cfd-d66470e846d5" executionId="e2a0d019-de8b-4b59-b34b-3d478dbeeaf3" testListId="8c84fa94-04c1-424b-9868-57a2d4851a1d" />
    <TestEntry testId="33ba7c37-d825-e74e-e294-1a6f561fb224" executionId="de30dc00-9e70-4f8e-82f0-3c3e3da0a460" testListId="8c84fa94-04c1-424b-9868-57a2d4851a1d" />
    <TestEntry testId="647d0f12-f39c-4459-8e85-bad3059c7bbf" executionId="8eee6b53-a256-4759-a216-9012d1201477" testListId="8c84fa94-04c1-424b-9868-57a2d4851a1d" />
    <TestEntry testId="fe096e9a-696b-0373-a92c-3a2e57b850e7" executionId="9961fa14-cf07-41ec-b0b3-5e06643152ec" testListId="8c84fa94-04c1-424b-9868-57a2d4851a1d" />
    <TestEntry testId="ca982acc-6d3c-04e3-1b49-3eea6c1f73fe" executionId="41004f3b-9d02-49e2-a3ca-0608bcc14469" testListId="8c84fa94-04c1-424b-9868-57a2d4851a1d" />
    <TestEntry testId="bc76307e-662f-d191-64cf-4352a391fa59" executionId="0d9c4fdb-9aa7-440d-95c5-b4d338dee480" testListId="8c84fa94-04c1-424b-9868-57a2d4851a1d" />
    <TestEntry testId="33f34022-0429-d841-2008-e35fc72eef53" executionId="8977a586-8d67-4143-a5b5-45eb87182bbd" testListId="8c84fa94-04c1-424b-9868-57a2d4851a1d" />
    <TestEntry testId="e12861db-8cd0-3c0d-af0a-eb43dfba13d7" executionId="41717194-673c-40d7-bba5-4f54cad28b93" testListId="8c84fa94-04c1-424b-9868-57a2d4851a1d" />
    <TestEntry testId="3326d350-1af4-4add-085b-c52b861e91af" executionId="7bbeed59-4b2f-489b-a149-5d49afe76400" testListId="8c84fa94-04c1-424b-9868-57a2d4851a1d" />
    <TestEntry testId="13335374-86bb-3ff8-d28a-bd89dc7f02ec" executionId="7e31353a-e873-4f3b-8864-db508421418c" testListId="8c84fa94-04c1-424b-9868-57a2d4851a1d" />
    <TestEntry testId="dc54e0bb-502b-6570-9584-a9f765f8122d" executionId="a8430d58-73b0-45bb-a43d-a7bf108e0a41" testListId="8c84fa94-04c1-424b-9868-57a2d4851a1d" />
    <TestEntry testId="d30d3b94-edb3-8c77-afa5-d7e300714162" executionId="2fb2664f-62b8-4369-914a-747c69d8db11" testListId="8c84fa94-04c1-424b-9868-57a2d4851a1d" />
    <TestEntry testId="83240b81-a0ee-d801-c63e-6e722955f2f1" executionId="d50504f3-b556-4c05-983b-7e7aec83de23" testListId="8c84fa94-04c1-424b-9868-57a2d4851a1d" />
    <TestEntry testId="8f3ac04b-f653-5459-90af-f61d3689f759" executionId="eacc0051-1476-4b48-938e-1f94546f2265" testListId="8c84fa94-04c1-424b-9868-57a2d4851a1d" />
    <TestEntry testId="0ced2539-ec58-b3a8-188d-e014bf456555" executionId="1edd49af-ef30-48e8-ab20-ebfdf38d2675" testListId="8c84fa94-04c1-424b-9868-57a2d4851a1d" />
    <TestEntry testId="f80009c9-805e-194a-5298-bf93d54f39d7" executionId="40833554-88c2-4d5f-9736-0222eea97695" testListId="8c84fa94-04c1-424b-9868-57a2d4851a1d" />
    <TestEntry testId="4c9ec316-0614-0ed3-d3e3-ff9a3542b3e8" executionId="0dd4b087-3204-44f6-b139-b1df1980ac70" testListId="8c84fa94-04c1-424b-9868-57a2d4851a1d" />
    <TestEntry testId="3b31ccce-844d-e8f4-84db-04ab2e64b9a7" executionId="375674ee-29b3-48f2-97cd-1c4e577de95d" testListId="8c84fa94-04c1-424b-9868-57a2d4851a1d" />
    <TestEntry testId="c8c9567a-0791-4ff6-39a0-7fa2a22ff301" executionId="ed733842-60fa-4155-8095-5b39b3eb288c" testListId="8c84fa94-04c1-424b-9868-57a2d4851a1d" />
    <TestEntry testId="bcf772d6-bc03-8db6-964e-e43c8f396083" executionId="6305c50d-71ea-41c7-9749-bd2b4a429888" testListId="8c84fa94-04c1-424b-9868-57a2d4851a1d" />
    <TestEntry testId="d39c6f9f-bd62-16f2-5a23-b15da9df82dd" executionId="6e1573e3-f4bf-423e-b05a-71bb71b75563" testListId="8c84fa94-04c1-424b-9868-57a2d4851a1d" />
    <TestEntry testId="d5ee81d6-78bc-115b-efec-5de38db0e38b" executionId="a161f4ad-489b-4740-bba4-36292b2e8615" testListId="8c84fa94-04c1-424b-9868-57a2d4851a1d" />
    <TestEntry testId="ada84f96-628a-be69-4c85-60683def0842" executionId="8db6fada-d753-4193-9405-9d0b3c7a16da" testListId="8c84fa94-04c1-424b-9868-57a2d4851a1d" />
    <TestEntry testId="0014f817-c5c9-87d1-3e8c-ecffc3678e52" executionId="4dcbcddd-9096-48f4-b0f0-fdec5c20fe55" testListId="8c84fa94-04c1-424b-9868-57a2d4851a1d" />
    <TestEntry testId="a61390b2-0ec7-4d98-e7ed-b8eba6ac247d" executionId="d62a2e37-61f2-4fac-8974-0711674a7040" testListId="8c84fa94-04c1-424b-9868-57a2d4851a1d" />
    <TestEntry testId="b9b36c19-155c-ac46-851c-623393903657" executionId="d20c9e32-b0c6-4f41-b79a-8908816f3d93" testListId="8c84fa94-04c1-424b-9868-57a2d4851a1d" />
    <TestEntry testId="19ecf0ec-9a79-ad70-9475-fee54b9d8614" executionId="164d2012-a778-4779-9b37-096d45cd84c0" testListId="8c84fa94-04c1-424b-9868-57a2d4851a1d" />
    <TestEntry testId="4608b597-f016-aaeb-6cec-43c6a698815f" executionId="1ebb19c0-d688-4a83-bacb-de98ee73d42d" testListId="8c84fa94-04c1-424b-9868-57a2d4851a1d" />
    <TestEntry testId="297d2ce6-e7ea-8d5e-9134-2d6e61b4337c" executionId="0b370217-e4e1-4e82-911c-881dfda15fec" testListId="8c84fa94-04c1-424b-9868-57a2d4851a1d" />
    <TestEntry testId="df3e2c77-7f8f-57bd-4668-f3110adbfbc8" executionId="51f0ce51-df8a-40db-8a67-ebee4057e5df" testListId="8c84fa94-04c1-424b-9868-57a2d4851a1d" />
    <TestEntry testId="6f661c9f-cb4c-fdf6-5a9a-217f69ebc5d5" executionId="799ebc4d-c71b-4229-b346-b603fb651a12" testListId="8c84fa94-04c1-424b-9868-57a2d4851a1d" />
    <TestEntry testId="f0e62743-f005-ab34-4606-22275729a052" executionId="d0f103c7-29be-402d-8a73-74b1476332b9" testListId="8c84fa94-04c1-424b-9868-57a2d4851a1d" />
    <TestEntry testId="6127c2a7-0d58-b2ca-c80b-3d883558c1c7" executionId="936da17b-287e-49a0-8e4f-c662b6d88e29" testListId="8c84fa94-04c1-424b-9868-57a2d4851a1d" />
    <TestEntry testId="4fa0fe8a-60b4-1b4b-175d-a18573723ba2" executionId="a14a3989-24e2-452d-a101-9bc3a73ce77b" testListId="8c84fa94-04c1-424b-9868-57a2d4851a1d" />
    <TestEntry testId="92bde5bc-af9c-6dbe-10ea-7012e494fcd9" executionId="02e64a1c-1515-4387-b1c5-82539064589c" testListId="8c84fa94-04c1-424b-9868-57a2d4851a1d" />
    <TestEntry testId="c7272717-4c66-ee9c-96d1-b74d86b61eb8" executionId="7c817ae9-8fe8-431f-b659-e4b69fb56f32" testListId="8c84fa94-04c1-424b-9868-57a2d4851a1d" />
    <TestEntry testId="ff088bf9-c4c9-daf8-12f7-40d9669dd362" executionId="8349ff57-dc66-4dfe-af82-66205d7afa4d" testListId="8c84fa94-04c1-424b-9868-57a2d4851a1d" />
    <TestEntry testId="f015f451-5073-33ab-39c2-17ab900bf337" executionId="3d0c278f-cd82-4006-87db-bdf9576888f7" testListId="8c84fa94-04c1-424b-9868-57a2d4851a1d" />
    <TestEntry testId="112056a7-90b6-3caa-8868-b79786565857" executionId="cfb9c67e-4d99-4231-ba6e-26f3e7d6d59a" testListId="8c84fa94-04c1-424b-9868-57a2d4851a1d" />
    <TestEntry testId="ff400e5b-d8ea-836f-c081-66cfe2473c87" executionId="bb9b9858-ccbc-484c-a2d0-b728bd8fa20a" testListId="8c84fa94-04c1-424b-9868-57a2d4851a1d" />
    <TestEntry testId="ded3a712-fe17-74f4-ce2a-e02d4a5da442" executionId="86126e41-30b1-4ed4-9664-5a1753c61efa" testListId="8c84fa94-04c1-424b-9868-57a2d4851a1d" />
    <TestEntry testId="c0cf2cb3-44c7-373b-4b04-bf5ce7678b68" executionId="806093ff-c46e-4d37-ad34-d3bff4a42410" testListId="8c84fa94-04c1-424b-9868-57a2d4851a1d" />
    <TestEntry testId="1b17bc60-8954-8c6a-08e7-e6fe2f215cc6" executionId="448099ea-f49f-45e7-9a3a-0a9e622f7158" testListId="8c84fa94-04c1-424b-9868-57a2d4851a1d" />
    <TestEntry testId="1dbf06ec-4cde-4ef3-de39-b5efb671422f" executionId="09c85d73-1dde-4628-b1d3-49b658d5b33c" testListId="8c84fa94-04c1-424b-9868-57a2d4851a1d" />
    <TestEntry testId="1d527cfe-7183-7ac1-a7ed-260bd5e5ccfa" executionId="eff7470f-9de1-44b6-beed-4c9ce75fef69" testListId="8c84fa94-04c1-424b-9868-57a2d4851a1d" />
    <TestEntry testId="e9257337-b714-27d4-32a8-94e3008408f8" executionId="f8b15d51-6f55-499c-b4ae-5908ca9c7753" testListId="8c84fa94-04c1-424b-9868-57a2d4851a1d" />
    <TestEntry testId="23aaa466-cf05-d364-17da-f1d2a5004cf2" executionId="ccdb5cb5-12ac-4da4-860b-2b317032ddfb" testListId="8c84fa94-04c1-424b-9868-57a2d4851a1d" />
    <TestEntry testId="369e9363-5592-8231-38fe-e3c32cfca4c4" executionId="e9f2333e-4b35-4e51-adbd-f8a133200457" testListId="8c84fa94-04c1-424b-9868-57a2d4851a1d" />
    <TestEntry testId="83d0208c-cef3-bd49-264a-c0709c65e66e" executionId="8fe7cde7-ba10-4143-8afe-7af4ab19bbdb" testListId="8c84fa94-04c1-424b-9868-57a2d4851a1d" />
    <TestEntry testId="1cc15eeb-9d05-d094-9231-53ade30093a7" executionId="c64b8724-b4c5-4ef6-b46f-9f5262d54bf1" testListId="8c84fa94-04c1-424b-9868-57a2d4851a1d" />
    <TestEntry testId="a8d731c5-67df-9575-20e2-4e702b3d5817" executionId="2ae42b14-7bbf-472a-8816-8bcac28990e2" testListId="8c84fa94-04c1-424b-9868-57a2d4851a1d" />
    <TestEntry testId="7c3ffa01-e97c-2ed2-ce73-5d584269f0e2" executionId="b732853d-fd76-416d-bc56-0893cf625d6a" testListId="8c84fa94-04c1-424b-9868-57a2d4851a1d" />
    <TestEntry testId="a1a708d6-4e5d-1cbd-caa6-7047836e6788" executionId="b9e2fb74-ea34-427c-a333-993b686f28cb" testListId="8c84fa94-04c1-424b-9868-57a2d4851a1d" />
    <TestEntry testId="45a5b31d-d8ee-81e0-0e1d-a198d7cba5b5" executionId="5e646f9f-5ff2-41da-b129-f5c6035c3d18" testListId="8c84fa94-04c1-424b-9868-57a2d4851a1d" />
    <TestEntry testId="0dda947f-a97a-e494-3314-a0e77995fdce" executionId="a5827a78-28ba-40ae-9257-adec8d72ed7b" testListId="8c84fa94-04c1-424b-9868-57a2d4851a1d" />
    <TestEntry testId="c6cb5829-9900-78b4-ad40-ce24294fb2f7" executionId="05181271-c660-44b0-b7bc-1e205c7f1050" testListId="8c84fa94-04c1-424b-9868-57a2d4851a1d" />
    <TestEntry testId="3a74380b-5761-efcc-d80f-84990cb62b27" executionId="1aad679e-f5ea-4291-bcb6-165e32f84ae5" testListId="8c84fa94-04c1-424b-9868-57a2d4851a1d" />
    <TestEntry testId="a3a08850-4a93-c030-f4e2-fdffe7d8b320" executionId="5a5eafbb-2926-437e-866b-955b15026123" testListId="8c84fa94-04c1-424b-9868-57a2d4851a1d" />
    <TestEntry testId="0fe69b56-67e1-3f07-b6ce-8076afaa9bd7" executionId="9cf45610-2d21-49fe-8915-d7ff6bcdda9e" testListId="8c84fa94-04c1-424b-9868-57a2d4851a1d" />
    <TestEntry testId="b6db6a04-ac79-c80a-e7d6-d9ff2d42f5f4" executionId="0968eec2-7c40-479d-add3-49fb96aba040" testListId="8c84fa94-04c1-424b-9868-57a2d4851a1d" />
    <TestEntry testId="b2d498a1-af9b-33b8-aa18-e8644e9da7f1" executionId="fc275ab8-49e3-4ffb-85f1-e8b4f1f160f3" testListId="8c84fa94-04c1-424b-9868-57a2d4851a1d" />
    <TestEntry testId="21bbacc0-ff4d-ad67-a90f-e4f994353077" executionId="8274a581-c65d-4656-a23f-05e284b57b26" testListId="8c84fa94-04c1-424b-9868-57a2d4851a1d" />
    <TestEntry testId="1ff2656a-0300-1f06-36b0-2fc677b4ea69" executionId="d47dd311-f05e-494a-8f0d-d2b23412ec19" testListId="8c84fa94-04c1-424b-9868-57a2d4851a1d" />
    <TestEntry testId="a73e7657-df2c-963a-69ef-cc5459fb4c2b" executionId="4c65706f-2841-496b-8a5c-fb952eb4b260" testListId="8c84fa94-04c1-424b-9868-57a2d4851a1d" />
    <TestEntry testId="da125bcd-1715-deae-cc3d-6c75d593b271" executionId="c9295987-da00-4d26-84ed-3d637258d712" testListId="8c84fa94-04c1-424b-9868-57a2d4851a1d" />
    <TestEntry testId="e0c34032-6c79-2d9c-b6af-6955c63a9e30" executionId="227efd14-f153-4055-b2f0-e7930c5ffb79" testListId="8c84fa94-04c1-424b-9868-57a2d4851a1d" />
    <TestEntry testId="1fffb893-3987-58da-ed03-e4f32e271dc9" executionId="4667f6c2-0cc3-4ed7-85ed-1b68597e5e97" testListId="8c84fa94-04c1-424b-9868-57a2d4851a1d" />
    <TestEntry testId="aa0b789a-9fae-e4e5-e891-6c71af0ebd35" executionId="6811af87-76b3-4b65-b8e6-717d5fee1b59" testListId="8c84fa94-04c1-424b-9868-57a2d4851a1d" />
    <TestEntry testId="4b28c4f2-243a-8c78-12a1-344fb80c29cf" executionId="430a538c-c55c-46de-9930-07117c5db7f4" testListId="8c84fa94-04c1-424b-9868-57a2d4851a1d" />
    <TestEntry testId="9f62336d-d2a3-438a-9707-488b6a94c792" executionId="ae01d01d-2a2f-4d12-8727-f7ceec544ffa" testListId="8c84fa94-04c1-424b-9868-57a2d4851a1d" />
    <TestEntry testId="b38d539d-6069-d89f-5c5e-102a8255e594" executionId="18a1a9df-f1a9-4806-aa70-d07129e347d4" testListId="8c84fa94-04c1-424b-9868-57a2d4851a1d" />
    <TestEntry testId="c15129d5-d936-d35a-141a-341775ad7af1" executionId="5ad60457-cbaa-43dd-bd59-adc4f65d540f" testListId="8c84fa94-04c1-424b-9868-57a2d4851a1d" />
    <TestEntry testId="5d6a5449-fc3a-dea9-163b-dec74b3dd1b9" executionId="2b36a05d-dd4d-4585-991e-9d51ac0feea0" testListId="8c84fa94-04c1-424b-9868-57a2d4851a1d" />
    <TestEntry testId="ad51f424-6928-1bb2-fff3-55ef9dbab945" executionId="56dc2954-c6bb-4fbd-90cf-8433aaae2a55" testListId="8c84fa94-04c1-424b-9868-57a2d4851a1d" />
    <TestEntry testId="ee3ad499-d226-2821-3efe-49a57729a899" executionId="bb263f01-ae5a-43be-a89b-dd6ae2968db5" testListId="8c84fa94-04c1-424b-9868-57a2d4851a1d" />
    <TestEntry testId="6bf29abc-b7d1-2681-6ab5-01a37d1208f2" executionId="4979f3e9-bb88-4ec0-b967-cb61651cc447" testListId="8c84fa94-04c1-424b-9868-57a2d4851a1d" />
    <TestEntry testId="6ca05e92-6a05-ce15-f59b-9b9ed10b85dd" executionId="65f3d14e-fc89-43c3-a224-a1a1c271520a" testListId="8c84fa94-04c1-424b-9868-57a2d4851a1d" />
    <TestEntry testId="e59747a8-433f-61a0-e952-9d5b29617a9f" executionId="30eb8994-af92-43d5-b6b2-6f7ed4d00045" testListId="8c84fa94-04c1-424b-9868-57a2d4851a1d" />
    <TestEntry testId="46d3bb4f-6f59-f6c2-b532-ed497dfae82c" executionId="048dcb85-13b9-424d-9262-c2a103151c1d" testListId="8c84fa94-04c1-424b-9868-57a2d4851a1d" />
    <TestEntry testId="4c68b106-0b95-e518-2e9e-d72489df9e7e" executionId="e1af00c0-f78e-47aa-8ae6-44d00dba427e" testListId="8c84fa94-04c1-424b-9868-57a2d4851a1d" />
    <TestEntry testId="10e970c4-cd41-e630-0953-62de694a4cfc" executionId="71c334bc-8410-4724-b705-1c5f1472b1d7" testListId="8c84fa94-04c1-424b-9868-57a2d4851a1d" />
    <TestEntry testId="75fb03cc-a2de-116e-3a3c-32d118eb526b" executionId="8f612c0b-9bcb-4543-be37-58c6167dad4f" testListId="8c84fa94-04c1-424b-9868-57a2d4851a1d" />
    <TestEntry testId="b5a6747d-aa6b-3b3a-779c-c378aea09cd8" executionId="b1f6864b-429c-4a20-9828-968a03e06c41" testListId="8c84fa94-04c1-424b-9868-57a2d4851a1d" />
    <TestEntry testId="e1c5523d-f177-82aa-b8ad-0ce279495eeb" executionId="f703f1b4-5576-4e84-a663-0519f0826718" testListId="8c84fa94-04c1-424b-9868-57a2d4851a1d" />
    <TestEntry testId="f7288d33-e820-d388-23d4-39d2a5548f52" executionId="1b146bbb-eb28-4240-a934-6a6c9079267b" testListId="8c84fa94-04c1-424b-9868-57a2d4851a1d" />
    <TestEntry testId="244b13a7-ff72-5a50-f054-4ff8ceb0d499" executionId="80b16caa-46f2-40c3-8cb4-8ef5804fe579" testListId="8c84fa94-04c1-424b-9868-57a2d4851a1d" />
    <TestEntry testId="38f897eb-957e-6945-e8b5-f2e873b7ac17" executionId="32349a07-b941-4e07-99f5-6e19769bfc85" testListId="8c84fa94-04c1-424b-9868-57a2d4851a1d" />
    <TestEntry testId="dd2dd033-1470-57eb-5d97-02eb255fcb1f" executionId="4793a889-b9c8-4b98-9847-34caf8703156" testListId="8c84fa94-04c1-424b-9868-57a2d4851a1d" />
    <TestEntry testId="bcd74692-fcc7-2c4c-b52b-85aae8ab43ad" executionId="eee9d15b-ad7a-415f-8a3d-08f9df08b0e7" testListId="8c84fa94-04c1-424b-9868-57a2d4851a1d" />
    <TestEntry testId="1fce28e8-5dee-1344-5678-0f5715c803f3" executionId="a77ca96b-7e00-47d2-886e-7ebc9c41367a" testListId="8c84fa94-04c1-424b-9868-57a2d4851a1d" />
    <TestEntry testId="4e988653-eb1d-5757-a9c9-94e533451c54" executionId="c2d5bd83-54b5-42f0-b152-d9ef20769b91" testListId="8c84fa94-04c1-424b-9868-57a2d4851a1d" />
    <TestEntry testId="7f9e1a03-9e41-8ac9-4d40-38aecad4670f" executionId="7110769b-4bfb-4114-838a-23b0b65e5a31" testListId="8c84fa94-04c1-424b-9868-57a2d4851a1d" />
    <TestEntry testId="281669ef-629b-f1d2-33b2-c7fad7ee0226" executionId="2de614b6-a177-4e63-90ba-98cb381dffd7" testListId="8c84fa94-04c1-424b-9868-57a2d4851a1d" />
    <TestEntry testId="64486b5c-a699-4a15-d908-73d103db26bc" executionId="c80706c1-942f-4431-a412-c047240430d3" testListId="8c84fa94-04c1-424b-9868-57a2d4851a1d" />
    <TestEntry testId="05428edc-24e9-331d-ccde-497be2e009d1" executionId="e28f533e-4484-444f-941f-729cd46bb137" testListId="8c84fa94-04c1-424b-9868-57a2d4851a1d" />
    <TestEntry testId="0875efbb-c25e-506a-0639-785cadf1bec9" executionId="89274f41-f7d0-4ef1-bbb5-2ee714f0633e" testListId="8c84fa94-04c1-424b-9868-57a2d4851a1d" />
    <TestEntry testId="e1f98d4b-b934-3301-b07c-a8722a8e1bf4" executionId="484e91f0-4e8b-4259-93ad-489c892afc73" testListId="8c84fa94-04c1-424b-9868-57a2d4851a1d" />
    <TestEntry testId="90529360-95e5-c60b-5727-b5fa7d491b19" executionId="82f1b96f-ebcc-4a88-80e9-d96c8abc1792" testListId="8c84fa94-04c1-424b-9868-57a2d4851a1d" />
    <TestEntry testId="1f1eef69-3a21-cd3d-3a5f-46efeda6ab38" executionId="cb44f3f4-4dc8-498a-8642-7dfecdd9fe04" testListId="8c84fa94-04c1-424b-9868-57a2d4851a1d" />
    <TestEntry testId="83af6274-cbc6-0821-9d1c-d71c57f5ac71" executionId="bf5eac9f-fe6b-4dac-b913-4c16eb317896" testListId="8c84fa94-04c1-424b-9868-57a2d4851a1d" />
    <TestEntry testId="f4a097ad-04f4-9e9c-b96f-49eb0101bd6d" executionId="ae199f6f-01c9-426c-9606-f6f6909d2182" testListId="8c84fa94-04c1-424b-9868-57a2d4851a1d" />
    <TestEntry testId="888f3232-385d-d83f-1eb6-9a6c46cfe5c3" executionId="e7cf6cc7-a397-46d6-9625-7978869e1fd8" testListId="8c84fa94-04c1-424b-9868-57a2d4851a1d" />
    <TestEntry testId="45e7282a-ab42-966d-c9cc-b039211e5621" executionId="f91a22af-e414-4f9c-8049-4648a6904fb0" testListId="8c84fa94-04c1-424b-9868-57a2d4851a1d" />
    <TestEntry testId="6eb5b91d-aafa-339f-fbef-69ff28a5c36d" executionId="f3ff3c24-1912-4c0f-8dcd-db92bf5efcf2" testListId="8c84fa94-04c1-424b-9868-57a2d4851a1d" />
    <TestEntry testId="c3c40199-4dcb-06d9-bd7e-201cb412e68f" executionId="a8ef9d0b-ab74-424e-aed1-88af9013c977" testListId="8c84fa94-04c1-424b-9868-57a2d4851a1d" />
    <TestEntry testId="f62ec529-2064-feb0-d217-30e62f8296ba" executionId="ba3f046d-7eaf-4880-a182-02c04fc6acfa" testListId="8c84fa94-04c1-424b-9868-57a2d4851a1d" />
    <TestEntry testId="4e40923a-3f2f-ab14-66db-33f21753e6c1" executionId="f6d492bc-ebf5-4864-8ef9-f0d8eab9feac" testListId="8c84fa94-04c1-424b-9868-57a2d4851a1d" />
    <TestEntry testId="0ed4f192-4727-c437-89cc-2b16440ebef0" executionId="d5ae2d3e-41ba-449a-82df-29cc668ca570" testListId="8c84fa94-04c1-424b-9868-57a2d4851a1d" />
    <TestEntry testId="2732f008-e7e8-d754-7384-c116f008d613" executionId="9221dea6-e623-4ec0-9191-7dce345c3fea" testListId="8c84fa94-04c1-424b-9868-57a2d4851a1d" />
    <TestEntry testId="1230a279-f763-f5b9-8b74-e3286d54a1e7" executionId="debf60cc-e30f-47cf-a598-149bc6db2272" testListId="8c84fa94-04c1-424b-9868-57a2d4851a1d" />
    <TestEntry testId="96c01fa6-5d4d-3d03-7186-21835a01bdc8" executionId="a6376ed3-2400-460e-97b8-8ad5ab6c8bb9" testListId="8c84fa94-04c1-424b-9868-57a2d4851a1d" />
    <TestEntry testId="0010af2c-264b-9fa0-ca85-4bef95661f34" executionId="d21f6a37-862f-484f-a44a-a12a1dd426bf" testListId="8c84fa94-04c1-424b-9868-57a2d4851a1d" />
    <TestEntry testId="bfe24180-c0ac-b24a-c731-fe26d6138983" executionId="b05d4f28-571d-4580-bc22-94b54ba2d3f6" testListId="8c84fa94-04c1-424b-9868-57a2d4851a1d" />
    <TestEntry testId="61863f63-9d64-1d88-3d10-ad0f63ed338b" executionId="65d60b30-6b6a-4c1e-ba96-0847be2ebb6d" testListId="8c84fa94-04c1-424b-9868-57a2d4851a1d" />
    <TestEntry testId="e6ca1d81-dcf2-fd0d-938d-c5551a71b09d" executionId="273d2f55-b9d4-4e8f-bb51-6824fdd5df1d" testListId="8c84fa94-04c1-424b-9868-57a2d4851a1d" />
    <TestEntry testId="537f8fc0-34c4-479b-bc61-34b31d069aae" executionId="056d577a-281a-4dc7-be4f-2ebcfcdc5707" testListId="8c84fa94-04c1-424b-9868-57a2d4851a1d" />
    <TestEntry testId="91ef764f-6920-57e2-1ea1-d9fdc62e8142" executionId="422e227f-6a76-431d-837b-fa6890a151a8" testListId="8c84fa94-04c1-424b-9868-57a2d4851a1d" />
    <TestEntry testId="03249ab3-78a8-f0c2-3edd-fa3544db15c9" executionId="cad05eee-0617-4a1b-b57a-624d5201e6be" testListId="8c84fa94-04c1-424b-9868-57a2d4851a1d" />
    <TestEntry testId="56f22bda-cb9f-dbaa-365a-cb6ba2104fe2" executionId="e9f140b8-f06c-4c1f-bc68-4c0412a07aa9" testListId="8c84fa94-04c1-424b-9868-57a2d4851a1d" />
    <TestEntry testId="5a63d239-8af4-ff24-ef04-165e809fc0f0" executionId="38e72683-1b38-4399-b82e-255de4e6502a" testListId="8c84fa94-04c1-424b-9868-57a2d4851a1d" />
    <TestEntry testId="9391af43-2aec-63c3-c456-eaf3d57ab573" executionId="d463b844-8100-49bc-8913-b170762c9e06" testListId="8c84fa94-04c1-424b-9868-57a2d4851a1d" />
    <TestEntry testId="5ba87170-b4be-88ce-9658-2993ce18ab0a" executionId="84eb182e-2a99-43de-a3d2-9539ce5bdf3e" testListId="8c84fa94-04c1-424b-9868-57a2d4851a1d" />
    <TestEntry testId="f15540c1-ce27-2f60-c3f9-161af09be8cd" executionId="7984dab8-ef94-4606-af34-fda5d4e47a86" testListId="8c84fa94-04c1-424b-9868-57a2d4851a1d" />
    <TestEntry testId="80d0ff60-cfaf-35b0-6f6e-60db427c7f85" executionId="595d04e9-d167-4749-81ea-6bd7d64daea4" testListId="8c84fa94-04c1-424b-9868-57a2d4851a1d" />
    <TestEntry testId="5b7cf016-7948-5d44-c172-ab04f16e1bd2" executionId="4ebb4fcb-dbc9-438a-a554-4abe5eccd978" testListId="8c84fa94-04c1-424b-9868-57a2d4851a1d" />
    <TestEntry testId="0ceb7858-003d-ab99-34b5-3e79f1abe40b" executionId="8ff33943-ebd7-4317-ac64-b158da5ebcef" testListId="8c84fa94-04c1-424b-9868-57a2d4851a1d" />
    <TestEntry testId="a1fbb77d-adf8-8ccd-4022-16be128e7ade" executionId="5dfdb598-fd1d-4841-98d6-6b47bb80b5c0" testListId="8c84fa94-04c1-424b-9868-57a2d4851a1d" />
    <TestEntry testId="d9592df4-0966-3c3a-722c-1595fa840f06" executionId="9e26c09c-bc31-465d-be0f-ed6cb3de4211" testListId="8c84fa94-04c1-424b-9868-57a2d4851a1d" />
    <TestEntry testId="9ee4d82e-bba5-9c6c-1803-31366568eb6e" executionId="22ca904f-8585-4206-8e98-9eec5fb7aa7e" testListId="8c84fa94-04c1-424b-9868-57a2d4851a1d" />
    <TestEntry testId="4fc181f0-ada2-9ab6-d52d-1988c5ebde7a" executionId="982c8afb-5910-4320-ade5-5bb3b860f8cc" testListId="8c84fa94-04c1-424b-9868-57a2d4851a1d" />
    <TestEntry testId="444b6055-8e36-cf16-2594-6f26fe677cd1" executionId="30fa59db-15ca-48c9-9c77-343a67c47eef" testListId="8c84fa94-04c1-424b-9868-57a2d4851a1d" />
    <TestEntry testId="af73f199-441a-68ae-4898-efc1663c19b9" executionId="8d6c946d-a1f5-439b-8937-09c45912c7c7" testListId="8c84fa94-04c1-424b-9868-57a2d4851a1d" />
    <TestEntry testId="dba976e4-619d-1846-93cf-501dc328971c" executionId="7ebfc623-fc81-4863-a443-784ef70b59e4" testListId="8c84fa94-04c1-424b-9868-57a2d4851a1d" />
    <TestEntry testId="8a9d7602-dc5d-c902-e8f4-8ad4401141f1" executionId="55fc4beb-7f20-4a07-a586-bd4926140e48" testListId="8c84fa94-04c1-424b-9868-57a2d4851a1d" />
    <TestEntry testId="2151d041-2bc8-f3a7-2b84-0e6fe76ff3f0" executionId="6cf76708-e161-491f-83ff-5c241e2525ac" testListId="8c84fa94-04c1-424b-9868-57a2d4851a1d" />
    <TestEntry testId="2b8726cc-d2f8-9e6e-5458-ee24b8425f17" executionId="f5fb042d-96a3-4893-923d-771aca2eaf85" testListId="8c84fa94-04c1-424b-9868-57a2d4851a1d" />
    <TestEntry testId="bc63b05b-4f30-8c10-7b75-77e26fb38256" executionId="29bcf01a-fe89-4f54-adf7-b112a7c5c95e" testListId="8c84fa94-04c1-424b-9868-57a2d4851a1d" />
    <TestEntry testId="696d2b08-2b8a-7456-8791-bc3514cd955e" executionId="87fe84ed-fe1e-4852-9342-3fc0f215dadd" testListId="8c84fa94-04c1-424b-9868-57a2d4851a1d" />
    <TestEntry testId="fe704e3e-6170-ffae-ef99-e24643abf4f9" executionId="06913ef1-f660-4283-9d32-9ff25b749f96" testListId="8c84fa94-04c1-424b-9868-57a2d4851a1d" />
    <TestEntry testId="7704532e-ccf9-d396-cd75-b7b2cb63c0e8" executionId="a03c8842-3eb6-495f-98b1-b6820b28d033" testListId="8c84fa94-04c1-424b-9868-57a2d4851a1d" />
    <TestEntry testId="b9aabaf1-a1cb-6124-f2ee-69eb1bbe949b" executionId="666e495f-ad3b-435f-8f91-376016a9f468" testListId="8c84fa94-04c1-424b-9868-57a2d4851a1d" />
    <TestEntry testId="c303e402-0edb-f6ba-e4af-33ac122437de" executionId="610c68ea-4485-439d-ad64-7e9c5cc65133" testListId="8c84fa94-04c1-424b-9868-57a2d4851a1d" />
    <TestEntry testId="ff8ddb46-4b79-2ee0-2d36-ef22ba3dcd81" executionId="f2fb327d-a598-4aff-9c44-7b8490a98483" testListId="8c84fa94-04c1-424b-9868-57a2d4851a1d" />
    <TestEntry testId="5d5f3f94-f47b-3420-095f-ee592218e6de" executionId="445a4df9-977a-495c-bb40-8fd0fa37e1c1" testListId="8c84fa94-04c1-424b-9868-57a2d4851a1d" />
    <TestEntry testId="f2358686-aae0-414b-7a27-d43a959b03da" executionId="a698639b-e581-4db2-8939-14e3560fc990" testListId="8c84fa94-04c1-424b-9868-57a2d4851a1d" />
    <TestEntry testId="324dfaf0-1df1-16d9-feec-f79f54001411" executionId="860c211e-3557-4e63-b524-ac93d6a79695" testListId="8c84fa94-04c1-424b-9868-57a2d4851a1d" />
    <TestEntry testId="d0528706-3be3-396a-77f7-4d1c86caa17a" executionId="ebb10298-5458-4a08-bc41-91a198bd8c73" testListId="8c84fa94-04c1-424b-9868-57a2d4851a1d" />
    <TestEntry testId="1dbbe335-bc13-7d9d-496f-d39e25173610" executionId="2023a904-98f2-4540-893e-8e3ee7bf962e" testListId="8c84fa94-04c1-424b-9868-57a2d4851a1d" />
    <TestEntry testId="264c060b-2c06-6e92-2e7b-9f27ddffeba4" executionId="8279a293-24ea-4349-bbbb-6a28be193b84" testListId="8c84fa94-04c1-424b-9868-57a2d4851a1d" />
    <TestEntry testId="6f6f8b3a-15e7-3194-8c20-0c46fab5e263" executionId="b2c47312-001d-4a12-8ce5-34dd38fb0fe6" testListId="8c84fa94-04c1-424b-9868-57a2d4851a1d" />
    <TestEntry testId="a1b1cd1d-1429-3ac2-3b82-a26d05133f17" executionId="94451974-aab6-4a1e-8cce-56eb1fbe9212" testListId="8c84fa94-04c1-424b-9868-57a2d4851a1d" />
    <TestEntry testId="2c083ad7-fea5-5b33-ddd6-bb2be00bd90c" executionId="d1205063-6e12-4823-b288-559c3b90125e" testListId="8c84fa94-04c1-424b-9868-57a2d4851a1d" />
    <TestEntry testId="331cc2f7-a1fa-edcf-e9a4-854a4876fe8a" executionId="ba3a613d-2a12-4fcd-b0eb-12d6198e8977" testListId="8c84fa94-04c1-424b-9868-57a2d4851a1d" />
    <TestEntry testId="2ff6532c-932c-742b-a63d-f74c12776c60" executionId="ac992fcb-cd57-4e09-a7fa-910ef06583f6" testListId="8c84fa94-04c1-424b-9868-57a2d4851a1d" />
    <TestEntry testId="b16fb8e5-3fa9-845c-9c70-ee0c0d261e2c" executionId="63c40e33-b7b8-4367-98fd-8e5125582ca8" testListId="8c84fa94-04c1-424b-9868-57a2d4851a1d" />
    <TestEntry testId="814e8347-0675-e46f-9f33-cc6368c1ff3d" executionId="9f6a4247-3160-455a-8fdb-00ebd39fa97b" testListId="8c84fa94-04c1-424b-9868-57a2d4851a1d" />
    <TestEntry testId="594ca00d-02cf-07de-ca25-0d701d72a0a6" executionId="2b1f1e2b-60c0-4207-85ab-d52dfd8fc3bc" testListId="8c84fa94-04c1-424b-9868-57a2d4851a1d" />
    <TestEntry testId="7f38c64c-30e5-6f29-b1b2-933630e715de" executionId="8f56de48-5af8-4d3f-867e-e9b73fc9f5fa" testListId="8c84fa94-04c1-424b-9868-57a2d4851a1d" />
    <TestEntry testId="c09fd9f3-56b2-979f-b5dc-a5cbb3bb898a" executionId="c0718134-ff42-4786-87ff-96722528100e" testListId="8c84fa94-04c1-424b-9868-57a2d4851a1d" />
    <TestEntry testId="69eeb057-df94-2674-fba1-959c41ef1419" executionId="56227470-9a0b-45d6-b9a6-763973893854" testListId="8c84fa94-04c1-424b-9868-57a2d4851a1d" />
    <TestEntry testId="bc7abd1f-cc07-f32a-8331-b644dd93f120" executionId="014765d5-b932-4b72-9b6b-cb43dbf076c7" testListId="8c84fa94-04c1-424b-9868-57a2d4851a1d" />
    <TestEntry testId="18167db3-c21a-1968-f83d-cf6f5b58219d" executionId="5678e24c-1de3-45a6-9427-c132525f240b" testListId="8c84fa94-04c1-424b-9868-57a2d4851a1d" />
    <TestEntry testId="b828fc0d-bf07-676e-b8c0-6e0aa44c3171" executionId="a0dab0d4-5334-475a-afb8-2125351d236a" testListId="8c84fa94-04c1-424b-9868-57a2d4851a1d" />
    <TestEntry testId="63140182-f7a2-6346-fbd9-3f80901df2c9" executionId="de9fd9fb-d709-4821-84c3-a9d8c81a9fb1" testListId="8c84fa94-04c1-424b-9868-57a2d4851a1d" />
    <TestEntry testId="fe35c71e-d9ed-258c-2105-0adfcd0d495e" executionId="927018d5-bd96-4d43-8f17-51a42cc87bda" testListId="8c84fa94-04c1-424b-9868-57a2d4851a1d" />
    <TestEntry testId="40be92cf-d13e-6e4d-cafb-3ad22a6b9f7e" executionId="d9683ec3-0443-4ed4-96ad-17a97ffd90d8" testListId="8c84fa94-04c1-424b-9868-57a2d4851a1d" />
    <TestEntry testId="171141a5-7e7d-d227-6619-8929fed50e13" executionId="0343e346-3cad-4e74-b04f-d5de002d75b2" testListId="8c84fa94-04c1-424b-9868-57a2d4851a1d" />
    <TestEntry testId="41c4ce1a-ef09-24d7-c3f0-f5bd5a81a0d8" executionId="8949474a-fa55-4023-96e1-02c93006806a" testListId="8c84fa94-04c1-424b-9868-57a2d4851a1d" />
    <TestEntry testId="248dc14a-7b24-2159-ea3a-30144e961aa7" executionId="2d366174-295b-44c2-a4e1-8a5b6fa3b786" testListId="8c84fa94-04c1-424b-9868-57a2d4851a1d" />
    <TestEntry testId="731a3faa-831a-30a7-eac4-75c26e15a8d7" executionId="05749b9c-4b25-4abc-8b7d-8c2761b91069" testListId="8c84fa94-04c1-424b-9868-57a2d4851a1d" />
    <TestEntry testId="384612ec-11e1-c891-3d7e-9db254e6a2b4" executionId="3c146d02-5c90-4b46-89c1-aa9db8123ac8" testListId="8c84fa94-04c1-424b-9868-57a2d4851a1d" />
    <TestEntry testId="77cb819c-64b0-1e13-63d3-0049263e7e77" executionId="68ff042e-b2df-4a9d-9b34-ead14a719fbe" testListId="8c84fa94-04c1-424b-9868-57a2d4851a1d" />
    <TestEntry testId="d04a2ff8-d519-5ad7-fd64-a85e9b9ae68c" executionId="3dc88d04-6b89-414b-956f-35ca6af99a89" testListId="8c84fa94-04c1-424b-9868-57a2d4851a1d" />
    <TestEntry testId="9feffc56-b6c3-64a3-e834-86f62ce8266d" executionId="6a02480e-50bf-4a4e-a697-5f43daeeff64" testListId="8c84fa94-04c1-424b-9868-57a2d4851a1d" />
    <TestEntry testId="783752e7-0a8e-7713-0dfb-eb72f3fc27d6" executionId="1b1667d9-8eab-4bff-8471-2c5c7ca5990b" testListId="8c84fa94-04c1-424b-9868-57a2d4851a1d" />
    <TestEntry testId="7848596b-c8d5-bd4c-d7fe-380e3b0f13fa" executionId="79e270b5-363b-4c3d-a69e-22642c11eb74" testListId="8c84fa94-04c1-424b-9868-57a2d4851a1d" />
    <TestEntry testId="1eaafc3c-6374-0d37-e565-15fb470a9a01" executionId="5620687a-71a4-44d1-ba9c-a72cf43a7d37" testListId="8c84fa94-04c1-424b-9868-57a2d4851a1d" />
    <TestEntry testId="b093b261-89e9-1453-0b15-6960031e6c14" executionId="8d4602ef-93a0-442c-bf91-07baaf3dd238" testListId="8c84fa94-04c1-424b-9868-57a2d4851a1d" />
    <TestEntry testId="179615f5-c9e6-0457-24a4-7182fdaf1108" executionId="ce3399bd-9530-4d81-b3d3-b7406bd93185" testListId="8c84fa94-04c1-424b-9868-57a2d4851a1d" />
    <TestEntry testId="05d28227-9bee-a7ac-5d44-a19da1f5106c" executionId="ba4966da-eadd-4137-a3f1-8edfb36c61bf" testListId="8c84fa94-04c1-424b-9868-57a2d4851a1d" />
    <TestEntry testId="020066de-5c14-b477-efe9-293da5e965f0" executionId="6094e8ca-2dd4-4d5d-9716-b7241252f78c" testListId="8c84fa94-04c1-424b-9868-57a2d4851a1d" />
    <TestEntry testId="e6f6cc53-8c3a-da20-bc77-8b2d112d8374" executionId="8f700907-fa98-40a3-918f-6a50a530b4e3" testListId="8c84fa94-04c1-424b-9868-57a2d4851a1d" />
    <TestEntry testId="a80246d5-ddf8-7929-99a4-5139184114ef" executionId="6ab30974-e947-44c5-910d-43fa6fc2ea04" testListId="8c84fa94-04c1-424b-9868-57a2d4851a1d" />
    <TestEntry testId="364fda16-bd4c-3aa8-1597-b73653a15603" executionId="e7546d94-a1e9-4877-a722-c4bf66ee4ad8" testListId="8c84fa94-04c1-424b-9868-57a2d4851a1d" />
    <TestEntry testId="9dfbdafb-7dbf-f0e8-6265-547cdd24d00d" executionId="4c322c32-3d4b-40f3-8852-f9ab2a548819" testListId="8c84fa94-04c1-424b-9868-57a2d4851a1d" />
    <TestEntry testId="45b26f0b-a8bb-4b3f-d7c4-794f4ece7d3c" executionId="6e14f511-5a99-4851-bfa6-696908621b6e" testListId="8c84fa94-04c1-424b-9868-57a2d4851a1d" />
    <TestEntry testId="87ce6106-4ac0-9f5c-9d1b-30007974d2cb" executionId="69386593-ea3f-4901-826b-b35991a5b6b0" testListId="8c84fa94-04c1-424b-9868-57a2d4851a1d" />
    <TestEntry testId="2bdae34b-74e4-b57e-0c4e-9f8a61c91aa5" executionId="6896ab62-0019-4df9-9232-32226e66d9c7" testListId="8c84fa94-04c1-424b-9868-57a2d4851a1d" />
    <TestEntry testId="83d8e74c-5bbb-efb0-37a0-7aa4cf469b8b" executionId="e2cbf3f1-a389-43b2-8fef-af5fcbf91e49" testListId="8c84fa94-04c1-424b-9868-57a2d4851a1d" />
    <TestEntry testId="875433a7-4993-f6c8-ae9e-010101b8ccc7" executionId="eae0010b-b915-4126-98e2-445703367080" testListId="8c84fa94-04c1-424b-9868-57a2d4851a1d" />
    <TestEntry testId="f962f016-220b-dd5b-3c75-15629456e786" executionId="8e0a439e-0699-46ce-be1a-d14e1e039b15" testListId="8c84fa94-04c1-424b-9868-57a2d4851a1d" />
    <TestEntry testId="13dfd982-ae8a-b137-0e11-07b0f29632c1" executionId="64291c70-cf20-4fa8-bccb-1356242aa84a" testListId="8c84fa94-04c1-424b-9868-57a2d4851a1d" />
    <TestEntry testId="92748693-9b58-d8e3-eb5b-22d11e2e9e9d" executionId="993f18d1-0c71-4d65-b2c2-469285a05733" testListId="8c84fa94-04c1-424b-9868-57a2d4851a1d" />
    <TestEntry testId="1e915730-ab57-9b1e-994b-24cc1c98dc55" executionId="f5b8aebf-73f6-4d99-b904-7d7def96ab6f" testListId="8c84fa94-04c1-424b-9868-57a2d4851a1d" />
    <TestEntry testId="6cc408c2-2cb5-45f5-22cc-d2054659459b" executionId="70666f15-bf22-469f-8ea8-54791161eea3" testListId="8c84fa94-04c1-424b-9868-57a2d4851a1d" />
    <TestEntry testId="d702a2a7-0d80-6e33-b0a7-e0e379e29093" executionId="45b38b92-246d-492e-a57d-169ba1d44b78" testListId="8c84fa94-04c1-424b-9868-57a2d4851a1d" />
    <TestEntry testId="c28dd236-1525-1514-778a-3b6a96d19df1" executionId="a8abe25d-385f-4415-a406-8875b1f202c4" testListId="8c84fa94-04c1-424b-9868-57a2d4851a1d" />
    <TestEntry testId="40134df2-77e4-6143-ea6f-23ae0fbd39f3" executionId="5b54f4f1-9be1-44ed-b8f3-436504606952" testListId="8c84fa94-04c1-424b-9868-57a2d4851a1d" />
    <TestEntry testId="c09462bb-4f86-b8e1-b39e-c6c94b35ddbc" executionId="16de2c93-6d10-4cdd-9495-e1a94d3bd3f0" testListId="8c84fa94-04c1-424b-9868-57a2d4851a1d" />
    <TestEntry testId="b805cea1-9061-e180-4bd1-a6b18b6307ab" executionId="d62a0ffa-4edd-471c-9f64-6c2110850c89" testListId="8c84fa94-04c1-424b-9868-57a2d4851a1d" />
    <TestEntry testId="1cdc361a-ffee-1052-df8d-ab7786ba69bf" executionId="f308ffde-9100-4ed6-99f0-56dadce8519d" testListId="8c84fa94-04c1-424b-9868-57a2d4851a1d" />
    <TestEntry testId="8b7ce013-8629-5a29-320f-b962e95e1d02" executionId="aedd1139-d6ea-4859-a07b-02f7d0b7a759" testListId="8c84fa94-04c1-424b-9868-57a2d4851a1d" />
    <TestEntry testId="38efd0dd-942e-1575-95b3-c2474aa164b9" executionId="5d2f5199-20b0-41ee-ac9b-e12c7fa3c984" testListId="8c84fa94-04c1-424b-9868-57a2d4851a1d" />
    <TestEntry testId="afbbae00-ce73-0862-4d3c-578f15f46774" executionId="5b223318-bab0-4abe-8cd0-87151fbc037b" testListId="8c84fa94-04c1-424b-9868-57a2d4851a1d" />
    <TestEntry testId="72b4af26-389d-d3a5-e933-0620092c06be" executionId="3e45a8ae-7be1-49f1-b0c7-a08961ad7696" testListId="8c84fa94-04c1-424b-9868-57a2d4851a1d" />
    <TestEntry testId="6aa06741-b93f-b24b-6ccf-f7d51617fc30" executionId="ad9714c0-6e29-4557-a58f-eb149a7274a2" testListId="8c84fa94-04c1-424b-9868-57a2d4851a1d" />
    <TestEntry testId="94f0cede-3e3b-c04d-89cc-8dfe2520972c" executionId="949b7bc0-caa4-4b8e-95be-1f002ccef5bb" testListId="8c84fa94-04c1-424b-9868-57a2d4851a1d" />
    <TestEntry testId="9fa4910a-439f-a7b3-42d7-59f8d60a9e4f" executionId="23f3e0fa-ff3e-4e78-bd5b-b4aaee61b827" testListId="8c84fa94-04c1-424b-9868-57a2d4851a1d" />
    <TestEntry testId="422cd58a-1607-1b98-484d-a3568b92bd13" executionId="a3a2f6c1-fdef-4839-b498-4bfe833e163d" testListId="8c84fa94-04c1-424b-9868-57a2d4851a1d" />
    <TestEntry testId="5c64f629-e66f-8e20-9c2d-0a7cb867d56d" executionId="dd17fd5b-1eb0-48ac-a65b-344f501af4aa" testListId="8c84fa94-04c1-424b-9868-57a2d4851a1d" />
    <TestEntry testId="dbbec110-d393-0535-7065-c16e31474059" executionId="db385948-8f5a-47eb-8fb1-aa3530dc44dc" testListId="8c84fa94-04c1-424b-9868-57a2d4851a1d" />
    <TestEntry testId="27e54bf1-4aa0-4763-a98b-d50300d50e6c" executionId="9b975c20-1dc0-4c39-b5f3-8d8fcdb05984" testListId="8c84fa94-04c1-424b-9868-57a2d4851a1d" />
    <TestEntry testId="df465776-c4f6-f76e-1fec-b3cfe705b591" executionId="660144cb-5dc9-434e-b465-177eb64dd2a0" testListId="8c84fa94-04c1-424b-9868-57a2d4851a1d" />
    <TestEntry testId="2ebec913-cd49-9310-605b-052ec9777212" executionId="ba43db11-72b3-4341-8e44-f003fbbb67e2" testListId="8c84fa94-04c1-424b-9868-57a2d4851a1d" />
    <TestEntry testId="4a32286d-4292-da18-0868-eb2a25ef068a" executionId="2ec6a4d3-a005-4323-ba48-c5a794b287e7" testListId="8c84fa94-04c1-424b-9868-57a2d4851a1d" />
    <TestEntry testId="9be732dd-ee22-c2df-2aa3-eb082a5b0373" executionId="48daa26c-3c02-4ca6-84fc-0c66cd6a0881" testListId="8c84fa94-04c1-424b-9868-57a2d4851a1d" />
    <TestEntry testId="787cef43-2dc9-190c-2e64-d5af6533289b" executionId="b1de2be6-2ea2-4353-ac91-f7f0851e44a5" testListId="8c84fa94-04c1-424b-9868-57a2d4851a1d" />
    <TestEntry testId="8e957c61-833e-a0b8-17c9-5e56071d3f70" executionId="1a8276ca-f190-4d08-8e8b-c2adef225c82" testListId="8c84fa94-04c1-424b-9868-57a2d4851a1d" />
    <TestEntry testId="adafe729-87a5-6f47-8e2f-84195056d442" executionId="f801e626-b2bd-458e-aa8d-350e8c3bdd04" testListId="8c84fa94-04c1-424b-9868-57a2d4851a1d" />
    <TestEntry testId="990c6bd9-75e3-e712-66e8-1d0bc8aed91c" executionId="cbbc43e7-d06f-46d6-b303-1d5f495c59c3" testListId="8c84fa94-04c1-424b-9868-57a2d4851a1d" />
    <TestEntry testId="7994a7d4-0fa0-5377-671c-ab94321aaf57" executionId="a150e5d8-aea4-43f6-97b5-c1f84535d546" testListId="8c84fa94-04c1-424b-9868-57a2d4851a1d" />
    <TestEntry testId="f45cbb0f-431c-8958-4b27-e85aa47cbe41" executionId="04db88a2-7691-47b8-91f0-b6f81588cb68" testListId="8c84fa94-04c1-424b-9868-57a2d4851a1d" />
    <TestEntry testId="a9271829-fbf1-47a3-aed7-368db58e22e7" executionId="2db41b74-e326-4bfb-9aa0-1c456e577671" testListId="8c84fa94-04c1-424b-9868-57a2d4851a1d" />
    <TestEntry testId="ad936791-3884-bcd2-a8bf-cc0980504588" executionId="038c4478-b7fb-4ba4-b637-3cb93b6f6836" testListId="8c84fa94-04c1-424b-9868-57a2d4851a1d" />
    <TestEntry testId="b07c6436-dbf7-0138-be42-b4b6d3d7e52c" executionId="6d1e5c6e-c521-445f-bbd3-ec6d0b4bd542" testListId="8c84fa94-04c1-424b-9868-57a2d4851a1d" />
    <TestEntry testId="3aa6da58-73c8-f8a3-c690-8bbd80282877" executionId="01e1001f-9a8f-4c9f-98d2-8c8f9022c1ac" testListId="8c84fa94-04c1-424b-9868-57a2d4851a1d" />
    <TestEntry testId="e01a9a2a-2030-6ab9-7db6-efea263590e2" executionId="39f8eeff-7da7-4b32-9eff-181ad8bae009" testListId="8c84fa94-04c1-424b-9868-57a2d4851a1d" />
    <TestEntry testId="5e1c3933-e4f7-a4af-71e7-871c86d36adf" executionId="6d1a8c5e-5e50-477f-ae42-096a40416631" testListId="8c84fa94-04c1-424b-9868-57a2d4851a1d" />
    <TestEntry testId="3592b35e-5647-34de-406e-9d7d0b031ac6" executionId="d680e0cb-ec10-4f81-b2e4-6b700ac92d43" testListId="8c84fa94-04c1-424b-9868-57a2d4851a1d" />
    <TestEntry testId="996b214e-32e4-5376-d989-b4bc865084fe" executionId="6dc16064-4ae0-44ce-8c8b-4a98df5ec422" testListId="8c84fa94-04c1-424b-9868-57a2d4851a1d" />
    <TestEntry testId="313d194a-30d0-d3d5-cf7b-c5a66b6b3935" executionId="905f3e94-8719-4247-b88c-49e66fe4f302" testListId="8c84fa94-04c1-424b-9868-57a2d4851a1d" />
    <TestEntry testId="b28ab50d-11be-d323-527c-bc8feda9af8a" executionId="5dc609c0-e2a7-41d3-bf25-8f6bd8df0991" testListId="8c84fa94-04c1-424b-9868-57a2d4851a1d" />
    <TestEntry testId="73d2aaa8-ac83-ede5-fed4-5dcf1194783f" executionId="d5e6614d-9dc1-4369-aca9-d17838c00751" testListId="8c84fa94-04c1-424b-9868-57a2d4851a1d" />
    <TestEntry testId="31d901d5-0ee4-8f4e-13ca-73133c8afccc" executionId="59526d36-60de-4c5e-bbce-52a95e21008c" testListId="8c84fa94-04c1-424b-9868-57a2d4851a1d" />
    <TestEntry testId="89b95097-2fa4-1afe-c164-3b548bd44274" executionId="59a525cb-8031-4849-9461-c0843b0af3d5" testListId="8c84fa94-04c1-424b-9868-57a2d4851a1d" />
    <TestEntry testId="8e549758-1d04-7bb3-a187-b61fc529196f" executionId="aa0041e1-a40a-4a07-8afd-575d820d4ff8" testListId="8c84fa94-04c1-424b-9868-57a2d4851a1d" />
    <TestEntry testId="11729d1c-6c6a-9fce-9d88-8ebfff125cf6" executionId="da0b5c2c-5263-4247-995c-d7491200348f" testListId="8c84fa94-04c1-424b-9868-57a2d4851a1d" />
    <TestEntry testId="cf6ce7eb-96c1-8a55-15f9-4fb2522dc822" executionId="0c36ed4a-ae5d-4aa7-a485-aed5c361dc33" testListId="8c84fa94-04c1-424b-9868-57a2d4851a1d" />
    <TestEntry testId="c212e24b-1c29-9890-50c8-57d6096284d3" executionId="138a29fc-303d-4382-b5b9-a2616da5cb59" testListId="8c84fa94-04c1-424b-9868-57a2d4851a1d" />
    <TestEntry testId="1d8f4068-0f19-f951-5966-43f32b70fb4f" executionId="2cbf5ac3-e985-4cf2-900a-2b1fd365950a" testListId="8c84fa94-04c1-424b-9868-57a2d4851a1d" />
    <TestEntry testId="aae9a2f6-c5ae-d742-7ea5-60de6dc3d9cf" executionId="3dfcd32b-c8db-4637-8426-037de01e5810" testListId="8c84fa94-04c1-424b-9868-57a2d4851a1d" />
    <TestEntry testId="4ffd7804-0b86-b3af-454f-c182dda91ce2" executionId="a79d9e19-7315-4c6c-931c-c811da4676d3" testListId="8c84fa94-04c1-424b-9868-57a2d4851a1d" />
    <TestEntry testId="a9730862-4522-ad92-1efa-cb822a9c946d" executionId="70c16c2a-47d5-4330-b8b0-429fb17e581a" testListId="8c84fa94-04c1-424b-9868-57a2d4851a1d" />
    <TestEntry testId="3af61c48-eead-454e-59a5-a117f0360878" executionId="9adb2b73-85d5-42ad-b4eb-fbaafd6020e9" testListId="8c84fa94-04c1-424b-9868-57a2d4851a1d" />
    <TestEntry testId="ad89a04b-1d6c-269b-831e-2a5afc742278" executionId="6592977c-b81c-4bdb-b967-c5b271b660b1" testListId="8c84fa94-04c1-424b-9868-57a2d4851a1d" />
    <TestEntry testId="da6c3e32-e713-64a5-d755-377865e086d4" executionId="9af95126-ab39-42a7-939b-d9f75b0c8c73" testListId="8c84fa94-04c1-424b-9868-57a2d4851a1d" />
    <TestEntry testId="3fa3f1d2-90bc-c93b-b647-8aef449b689a" executionId="52f28c4f-e3d6-4792-ae35-7a64bec54bda" testListId="8c84fa94-04c1-424b-9868-57a2d4851a1d" />
    <TestEntry testId="a309af81-dde2-6e24-4ef5-234d753b7352" executionId="8cc9ae0f-3d18-4f11-a027-7be9edfd0824" testListId="8c84fa94-04c1-424b-9868-57a2d4851a1d" />
    <TestEntry testId="b70675b1-ffbc-1a3f-030b-53fbcade7f2b" executionId="f3840f64-6103-4769-99c9-5c877f60c659" testListId="8c84fa94-04c1-424b-9868-57a2d4851a1d" />
    <TestEntry testId="be9ca199-100c-7487-211b-359c6f85feb5" executionId="0eb7cd5d-8fbf-4326-9499-fea68d100a44" testListId="8c84fa94-04c1-424b-9868-57a2d4851a1d" />
    <TestEntry testId="4e2fa441-f609-cc78-7eb6-a2fea9348b3f" executionId="50cc2a73-6bab-48e6-bbcb-8bd30cb53b0b" testListId="8c84fa94-04c1-424b-9868-57a2d4851a1d" />
    <TestEntry testId="0740431b-2d5c-94f4-7631-d3fb545f47f1" executionId="e0229a88-4dac-44f6-9480-eb0cc295ded4" testListId="8c84fa94-04c1-424b-9868-57a2d4851a1d" />
    <TestEntry testId="cb40e0a5-2f70-a60d-407b-51d7d2d25955" executionId="3b94426f-0446-4ea2-b269-045e21fbe3e4" testListId="8c84fa94-04c1-424b-9868-57a2d4851a1d" />
    <TestEntry testId="f9dc9c7a-bf0e-4c02-1f2d-1fd4e69c7538" executionId="a27627f1-95b7-4dee-a273-319043c8d3b2" testListId="8c84fa94-04c1-424b-9868-57a2d4851a1d" />
    <TestEntry testId="612eaa65-a60d-5727-69a2-576580c27858" executionId="1565a018-72e8-4c80-8b48-a65b2401a249" testListId="8c84fa94-04c1-424b-9868-57a2d4851a1d" />
    <TestEntry testId="52dd4d5a-f28a-3449-7987-33dfda351248" executionId="3a3fb905-550b-49dd-a41a-cd4264c3f02d" testListId="8c84fa94-04c1-424b-9868-57a2d4851a1d" />
    <TestEntry testId="ddbbee19-86a9-bc74-0664-4f6fa63796df" executionId="ea905805-f372-464c-976b-d01115ac2a48" testListId="8c84fa94-04c1-424b-9868-57a2d4851a1d" />
    <TestEntry testId="7c86c7d1-a9a4-3305-ae10-fdb7acd65489" executionId="167ca519-b485-4785-9060-23d984454647" testListId="8c84fa94-04c1-424b-9868-57a2d4851a1d" />
    <TestEntry testId="66840d6a-95a8-9e96-1d7b-1ecad55a0c92" executionId="cbad5804-dcb1-40da-bf82-3be3e0649ac2" testListId="8c84fa94-04c1-424b-9868-57a2d4851a1d" />
    <TestEntry testId="cd41d103-9666-3d37-803b-9b59446c01c4" executionId="339bd6af-2ba5-4aab-850d-7f7137a65291" testListId="8c84fa94-04c1-424b-9868-57a2d4851a1d" />
    <TestEntry testId="65d35c13-0e19-06e3-2b90-fbf07f6234bd" executionId="5de0be5f-84d5-4478-bbf8-69d8edce4b9f" testListId="8c84fa94-04c1-424b-9868-57a2d4851a1d" />
    <TestEntry testId="4b9288d3-23bb-6d5e-ced0-2389f5e0b638" executionId="71389913-b93b-4dff-8e2c-b53c90b24048" testListId="8c84fa94-04c1-424b-9868-57a2d4851a1d" />
    <TestEntry testId="8034b7ee-c5e3-314c-6310-8984871301b7" executionId="fbe7d9d0-5bae-4c97-97b0-98f6b02107c9" testListId="8c84fa94-04c1-424b-9868-57a2d4851a1d" />
    <TestEntry testId="e6cc0868-2b09-9996-1473-6fd522e2da29" executionId="f3ece2b0-d927-476f-887b-a94eda11fa82" testListId="8c84fa94-04c1-424b-9868-57a2d4851a1d" />
    <TestEntry testId="2a896644-50d0-a8ac-de47-7ac4676c290e" executionId="1c365abd-6295-4fed-9c06-e1ec6a614406" testListId="8c84fa94-04c1-424b-9868-57a2d4851a1d" />
    <TestEntry testId="35d446c0-f87b-db26-2eb6-ac470ed5efed" executionId="3fb369a1-8640-4882-a95a-63f428287df1" testListId="8c84fa94-04c1-424b-9868-57a2d4851a1d" />
    <TestEntry testId="37c7194c-1f0b-dee3-2e3b-dc795a15cffb" executionId="774d0e7f-f3ee-4920-adf8-ed3258e088f4" testListId="8c84fa94-04c1-424b-9868-57a2d4851a1d" />
    <TestEntry testId="c61ee3ae-8895-24a4-03be-5c9acbad429f" executionId="b2f6cc62-2203-4490-9912-d6f6dbf6339c" testListId="8c84fa94-04c1-424b-9868-57a2d4851a1d" />
    <TestEntry testId="7d53e462-1288-fbb2-1f6d-75cbd2a2eb44" executionId="5d9750b2-95ce-47ce-a3dc-14c794cb082b" testListId="8c84fa94-04c1-424b-9868-57a2d4851a1d" />
    <TestEntry testId="6741f227-11b2-eae5-6fc9-c96d18a30eb3" executionId="f557d0e7-554d-4d74-acf3-a1be5010f69e" testListId="8c84fa94-04c1-424b-9868-57a2d4851a1d" />
    <TestEntry testId="9e92a3ef-f628-77f3-597e-ab6211795c33" executionId="076715ae-6c25-4cb7-8cf4-ef105f5c78cb" testListId="8c84fa94-04c1-424b-9868-57a2d4851a1d" />
    <TestEntry testId="5c2754e4-1c80-78fc-5cc7-dfd05e800cc5" executionId="b5fdd344-3873-433a-8e14-d41169dff376" testListId="8c84fa94-04c1-424b-9868-57a2d4851a1d" />
    <TestEntry testId="900eea81-caf7-4e0f-b129-22c2df2135b0" executionId="988262c8-671b-4c2c-9d1e-4710a4b92bb0" testListId="8c84fa94-04c1-424b-9868-57a2d4851a1d" />
    <TestEntry testId="ba6a31a5-f6b4-cabf-4787-f1e219c63249" executionId="cc85ebc2-e477-4096-b758-651b3d11de53" testListId="8c84fa94-04c1-424b-9868-57a2d4851a1d" />
    <TestEntry testId="55a64d0e-8de2-b5b6-7b28-338aaabcb504" executionId="7092d8a7-0359-47ad-867d-032931974caf" testListId="8c84fa94-04c1-424b-9868-57a2d4851a1d" />
    <TestEntry testId="123932a6-c3cf-7fb9-5ef5-34297fb3a837" executionId="f880d4f5-a111-4295-a7c0-22210685ed93" testListId="8c84fa94-04c1-424b-9868-57a2d4851a1d" />
    <TestEntry testId="0a2dd6c8-dd3b-c34c-d236-39c95cee3b33" executionId="64331216-a88c-44d6-8c74-6ebb167a482c" testListId="8c84fa94-04c1-424b-9868-57a2d4851a1d" />
    <TestEntry testId="e9fa372e-14d7-79bd-7239-c4f5919adecb" executionId="140b622b-ffcd-4f17-9463-eb348b683e0b" testListId="8c84fa94-04c1-424b-9868-57a2d4851a1d" />
    <TestEntry testId="d9021346-4b7d-e467-848a-6a660c41636c" executionId="5b214d63-b38b-444b-aaaf-58b1a360a461" testListId="8c84fa94-04c1-424b-9868-57a2d4851a1d" />
    <TestEntry testId="6e911663-e259-5040-7b6f-54c63fac8b3c" executionId="40b6e06e-0df2-42df-bace-082d06eecb8c" testListId="8c84fa94-04c1-424b-9868-57a2d4851a1d" />
    <TestEntry testId="c83faa4e-9cfa-b743-e7ea-a4956027273b" executionId="f96bc470-5fa4-411d-aa7f-a9aecb54024c" testListId="8c84fa94-04c1-424b-9868-57a2d4851a1d" />
    <TestEntry testId="ffe61818-02d5-371a-a7be-23a9f86c9cc7" executionId="30e5fdfb-96e3-4b83-8892-7e0afecc71f1" testListId="8c84fa94-04c1-424b-9868-57a2d4851a1d" />
    <TestEntry testId="4753ba69-a929-b55c-7853-51519ca51301" executionId="6abafb16-9b15-400f-aced-e9b08b470f5b" testListId="8c84fa94-04c1-424b-9868-57a2d4851a1d" />
    <TestEntry testId="f51f29d9-e43f-bc49-2068-6f7ccdbadb29" executionId="1cf10d0b-562c-4592-8650-14c9d366bcdf" testListId="8c84fa94-04c1-424b-9868-57a2d4851a1d" />
    <TestEntry testId="2f6b6911-3bf0-1f4d-b85f-0561bbc969cd" executionId="b659bb9c-3c71-44b3-b97c-7cc12b129323" testListId="8c84fa94-04c1-424b-9868-57a2d4851a1d" />
    <TestEntry testId="dd6f82bf-ec98-4f3e-74b1-00844a5994bf" executionId="87d6d9f3-95ab-47cb-b167-0c5e118dd3d7" testListId="8c84fa94-04c1-424b-9868-57a2d4851a1d" />
    <TestEntry testId="836d8767-01df-4e15-8567-247721a23e4e" executionId="e14b2c97-9b99-461f-a9b5-85e5bf3ade03" testListId="8c84fa94-04c1-424b-9868-57a2d4851a1d" />
    <TestEntry testId="ecb76390-c6f7-bfa0-1a99-45634c606ddc" executionId="4ec00db7-7436-4419-a071-760200fe9c0c" testListId="8c84fa94-04c1-424b-9868-57a2d4851a1d" />
    <TestEntry testId="f03f6860-12a5-6960-814c-3c29d5bd5d06" executionId="3b143f9f-eff2-4df9-ac4d-960c7dbeac4e" testListId="8c84fa94-04c1-424b-9868-57a2d4851a1d" />
    <TestEntry testId="11e8e2ed-c8a3-dabc-7293-c381795c9796" executionId="1fdf1b7a-bc0c-4189-9b15-2b624394633b" testListId="8c84fa94-04c1-424b-9868-57a2d4851a1d" />
    <TestEntry testId="c9fc2c85-cd6b-22aa-0e63-9afbfb8c152b" executionId="94b093b4-633d-4bdc-ad75-93e82790f565" testListId="8c84fa94-04c1-424b-9868-57a2d4851a1d" />
    <TestEntry testId="d256d95f-79c2-283f-fe67-61aaa54d0e1b" executionId="2ba83950-cce9-478c-ac42-4f87a6717cf6" testListId="8c84fa94-04c1-424b-9868-57a2d4851a1d" />
    <TestEntry testId="7e545621-7d10-75d6-0eb9-82dda8912c2c" executionId="bbeac3e2-b104-49fd-a6a6-4a40307aef8a" testListId="8c84fa94-04c1-424b-9868-57a2d4851a1d" />
    <TestEntry testId="6b6f1069-86c1-e08a-6926-d89a012b7b47" executionId="c4e8fa5a-0a83-4e69-82fe-2292060c778a" testListId="8c84fa94-04c1-424b-9868-57a2d4851a1d" />
    <TestEntry testId="a9c621d8-eb9e-3cd1-2b29-ed69514bad1f" executionId="f0808b21-e90b-40a2-96fe-2d5b23e2994d" testListId="8c84fa94-04c1-424b-9868-57a2d4851a1d" />
    <TestEntry testId="49539e03-80f3-85f0-9c28-9ba645507120" executionId="2f0ae6b7-5eb7-4dc1-bff3-2d6c54ef29ec" testListId="8c84fa94-04c1-424b-9868-57a2d4851a1d" />
    <TestEntry testId="91970791-479f-53e8-256c-76fb4b85cf1d" executionId="93fda115-c14a-485f-a251-a432a7484f32" testListId="8c84fa94-04c1-424b-9868-57a2d4851a1d" />
    <TestEntry testId="4ef75591-ffb4-d566-94c9-bda5f50552b9" executionId="bc333422-8978-4c6b-88ab-ba31c678b9e9" testListId="8c84fa94-04c1-424b-9868-57a2d4851a1d" />
    <TestEntry testId="a32f3872-61d2-3bb4-5952-f9f7fd09a236" executionId="035c0408-ce95-45a7-ab60-c4513ccc9116" testListId="8c84fa94-04c1-424b-9868-57a2d4851a1d" />
    <TestEntry testId="042cc95e-2b44-fa19-b576-f75093af4b96" executionId="86d73e63-bcaa-4f3b-a284-7f6b7d9f7505" testListId="8c84fa94-04c1-424b-9868-57a2d4851a1d" />
    <TestEntry testId="0fab285a-bfbc-a49a-b095-2b979efe33e8" executionId="8208bf57-37b1-49aa-9b5d-c94bb20a3495" testListId="8c84fa94-04c1-424b-9868-57a2d4851a1d" />
    <TestEntry testId="71b5be91-6e3e-5890-08ca-57e68e3990bc" executionId="d20d0176-2297-4bfb-9d24-ae7dc0d5feb5" testListId="8c84fa94-04c1-424b-9868-57a2d4851a1d" />
    <TestEntry testId="13bfc4cd-00bc-fb12-3861-f69dc4145d67" executionId="371f37dd-55a8-4f83-8a11-22e02b86b76a" testListId="8c84fa94-04c1-424b-9868-57a2d4851a1d" />
    <TestEntry testId="8f731e1d-d266-da92-7f8a-593d1a2e36d6" executionId="9fae61c7-74bc-4ccf-a3e7-d283879c9212" testListId="8c84fa94-04c1-424b-9868-57a2d4851a1d" />
    <TestEntry testId="37e53818-7fa5-17d7-012c-004f89325673" executionId="f3c85817-f272-4092-a2f2-e9e077fde892" testListId="8c84fa94-04c1-424b-9868-57a2d4851a1d" />
    <TestEntry testId="650f8125-7e62-0be3-dcfc-dc1202eb9625" executionId="272aeea4-15cc-42ec-965b-b7fd7b5f81fa" testListId="8c84fa94-04c1-424b-9868-57a2d4851a1d" />
    <TestEntry testId="c6af2688-b6d7-1499-ef57-908aefcce6dc" executionId="37555e69-f89d-49f7-a799-320f9f220b0b" testListId="8c84fa94-04c1-424b-9868-57a2d4851a1d" />
    <TestEntry testId="2816ac64-5eac-8f30-91ba-bdceffb7dd71" executionId="ba59b111-62c2-48ac-9f62-e08a196c7611" testListId="8c84fa94-04c1-424b-9868-57a2d4851a1d" />
    <TestEntry testId="0fb54a08-345f-ee29-01d6-61a60fb47ced" executionId="1c305b06-753e-463f-8bcf-b157dca0d11a" testListId="8c84fa94-04c1-424b-9868-57a2d4851a1d" />
    <TestEntry testId="0c859aba-4f30-51d2-a318-7300b0569a9b" executionId="881d2e52-cba8-48c6-8392-81f545404e87" testListId="8c84fa94-04c1-424b-9868-57a2d4851a1d" />
    <TestEntry testId="0751b11b-a6a8-a4ef-30e1-f910838570cb" executionId="271b4d86-7270-466f-a3b4-b45888f826b2" testListId="8c84fa94-04c1-424b-9868-57a2d4851a1d" />
    <TestEntry testId="c9010c04-7ef0-ce4b-7d42-778e915f5883" executionId="ddfdf59f-8a9a-4373-ac30-2813c34fbbf2" testListId="8c84fa94-04c1-424b-9868-57a2d4851a1d" />
    <TestEntry testId="6517f205-88c6-f2fb-89fe-a931711e4343" executionId="baf4b513-9ba7-4026-92d2-82d7a11699ee" testListId="8c84fa94-04c1-424b-9868-57a2d4851a1d" />
    <TestEntry testId="156f5ebd-8a60-46f3-8ac8-18455127849a" executionId="4c6a0436-46c2-4734-a58d-909d9732ca05" testListId="8c84fa94-04c1-424b-9868-57a2d4851a1d" />
    <TestEntry testId="72e1721e-ca6c-63c9-59ef-8aef6ff15353" executionId="0069f474-4d6c-4419-bd57-2032751ac580" testListId="8c84fa94-04c1-424b-9868-57a2d4851a1d" />
    <TestEntry testId="bafd99e7-ca41-5985-0fa2-b8c4e8f1fc8c" executionId="4c5b27dc-2b65-49d3-b22b-2d47a4c9b6a9" testListId="8c84fa94-04c1-424b-9868-57a2d4851a1d" />
    <TestEntry testId="939e1c3f-3bc7-ec75-48fe-8501679b5ff4" executionId="bb950f17-5cf5-426f-b748-e4493ebbec8f" testListId="8c84fa94-04c1-424b-9868-57a2d4851a1d" />
    <TestEntry testId="954162af-ab17-e8a9-4ff5-8c9d29069f15" executionId="0dd69f47-bfba-44c0-a73b-1507771171a2" testListId="8c84fa94-04c1-424b-9868-57a2d4851a1d" />
    <TestEntry testId="8ff84779-95f5-a8f9-809e-e568d86ada77" executionId="d000d84c-8d82-4daf-9772-865a1b024d84" testListId="8c84fa94-04c1-424b-9868-57a2d4851a1d" />
    <TestEntry testId="1462a569-77b7-fa7d-0148-09ce9f2428e8" executionId="284ed3e0-2a75-4c3c-ab66-303a3d4d9589" testListId="8c84fa94-04c1-424b-9868-57a2d4851a1d" />
    <TestEntry testId="5de12653-1f5a-24cb-5ff2-99601694fb1f" executionId="006469ae-3dac-4833-a3be-dfdd5fd88d0f" testListId="8c84fa94-04c1-424b-9868-57a2d4851a1d" />
    <TestEntry testId="1385f442-8d64-2443-1088-0b70bf667165" executionId="79f8dc26-ec6f-4046-a851-5e0e545c58a8" testListId="8c84fa94-04c1-424b-9868-57a2d4851a1d" />
    <TestEntry testId="46947d50-5e18-dad2-e4a8-b6d0819ae97c" executionId="2477d950-781b-47c5-b23c-b053ec38713d" testListId="8c84fa94-04c1-424b-9868-57a2d4851a1d" />
    <TestEntry testId="f406acd8-9b69-9411-bf61-2d74f259f69e" executionId="30983c42-0a22-412e-9bc9-8a654592a6e8" testListId="8c84fa94-04c1-424b-9868-57a2d4851a1d" />
    <TestEntry testId="2ed2cd1c-632f-e0d9-b2af-c3d4c17fd7b1" executionId="25c31919-0044-4756-8b3d-75820bab3065" testListId="8c84fa94-04c1-424b-9868-57a2d4851a1d" />
    <TestEntry testId="9c810ece-be18-f9ed-3cc8-f43cbbe8d789" executionId="468b6c3c-aed8-46d9-afe8-ad30f20256da" testListId="8c84fa94-04c1-424b-9868-57a2d4851a1d" />
    <TestEntry testId="c6463145-e835-b32e-9815-611f61fa5540" executionId="2a434ce1-28da-4f03-b333-200a865305d3" testListId="8c84fa94-04c1-424b-9868-57a2d4851a1d" />
    <TestEntry testId="0a42a686-a011-6952-a95e-fae33dbe0b19" executionId="5d7f3cf7-5061-4fdf-9ed9-db5c55a68b5d" testListId="8c84fa94-04c1-424b-9868-57a2d4851a1d" />
    <TestEntry testId="9e381b2f-7758-75e7-1187-5359a7cc2fcf" executionId="1b5b5c75-8d75-4943-8ef2-bd6b64c932cb" testListId="8c84fa94-04c1-424b-9868-57a2d4851a1d" />
    <TestEntry testId="c4f09638-23b4-3d40-c0a4-ef63a006dba0" executionId="32d974c7-3609-4fe9-89f4-68e7104de111" testListId="8c84fa94-04c1-424b-9868-57a2d4851a1d" />
    <TestEntry testId="ae81390e-96a7-cf30-3a99-7ea7ca8436a2" executionId="21313a3c-e93f-4167-b8d7-5fc7c582df04" testListId="8c84fa94-04c1-424b-9868-57a2d4851a1d" />
    <TestEntry testId="163fd586-92aa-6f23-9cea-f9c152d7d771" executionId="7b95161d-6294-4885-830e-2f903f7c48ed" testListId="8c84fa94-04c1-424b-9868-57a2d4851a1d" />
    <TestEntry testId="50bd341a-c773-af8f-d72d-637dadce7bec" executionId="b03baef9-cfc5-4fb3-a412-daab9f253207" testListId="8c84fa94-04c1-424b-9868-57a2d4851a1d" />
    <TestEntry testId="3b87d198-4b64-d5ab-66c4-ae53f55f5bdf" executionId="49f311dd-a8d9-43f8-8aaf-92475c564b23" testListId="8c84fa94-04c1-424b-9868-57a2d4851a1d" />
    <TestEntry testId="a006362c-c876-0d68-dfa7-4b9381a2f95f" executionId="040a99e4-9014-40ff-8557-f6a76dbdc200" testListId="8c84fa94-04c1-424b-9868-57a2d4851a1d" />
    <TestEntry testId="a711a8fd-55fb-fc36-f795-72cedac95d24" executionId="58eb02be-50ab-4fc6-8e71-3a2e16ba062e" testListId="8c84fa94-04c1-424b-9868-57a2d4851a1d" />
    <TestEntry testId="13946824-77dd-557e-ea95-b0f908b787b1" executionId="510a6714-d3ef-4918-aaac-60a6c7f5b9f2" testListId="8c84fa94-04c1-424b-9868-57a2d4851a1d" />
    <TestEntry testId="5c121ce3-0aab-ab5b-cce0-b7a13bf9bb3a" executionId="88d612ad-c23d-47f2-a29b-0e36b19bb4ad" testListId="8c84fa94-04c1-424b-9868-57a2d4851a1d" />
    <TestEntry testId="bf0f3eb7-c08a-24a8-fd8d-3d7e3051107b" executionId="95e74431-fed1-4ecd-90c3-c88a7b65ac70" testListId="8c84fa94-04c1-424b-9868-57a2d4851a1d" />
    <TestEntry testId="b163eddc-fed2-8a3f-de92-54285bf94b6d" executionId="6dea11fe-4a7c-4de3-9455-199fff7f5af2" testListId="8c84fa94-04c1-424b-9868-57a2d4851a1d" />
    <TestEntry testId="0e8e9a77-632c-db52-e40d-d7b033807f15" executionId="ad73a197-0039-4cb3-a73b-fbf3bc1a601c" testListId="8c84fa94-04c1-424b-9868-57a2d4851a1d" />
    <TestEntry testId="b8787739-4c07-b11a-eff9-c330a8615328" executionId="2cc97635-e78a-4c0b-8ad7-399d66378ba0" testListId="8c84fa94-04c1-424b-9868-57a2d4851a1d" />
    <TestEntry testId="e06b8219-62b1-a0bc-a073-2837868b5c0e" executionId="556995f0-7d02-4276-b580-04ba6f267592" testListId="8c84fa94-04c1-424b-9868-57a2d4851a1d" />
    <TestEntry testId="a7d85aa3-fa07-4a18-0790-c9a84b87bfbf" executionId="2f0b491d-4c49-4715-99af-1a0015b7580b" testListId="8c84fa94-04c1-424b-9868-57a2d4851a1d" />
    <TestEntry testId="8cdd5bbc-dcfa-1d65-90a0-7f353e299d1e" executionId="74014fe8-64eb-4c1d-965e-5ba1b5dd58c5" testListId="8c84fa94-04c1-424b-9868-57a2d4851a1d" />
    <TestEntry testId="d2be2dc8-81b6-46cb-cbba-3709ad4b1996" executionId="59b70a2d-ebb1-4034-bc5e-148fa2cd5ef4" testListId="8c84fa94-04c1-424b-9868-57a2d4851a1d" />
    <TestEntry testId="b3d46dfa-7a62-d522-3960-5646d987d2b9" executionId="32dcdc1d-0515-4c5a-b3fd-0e9d5f7c6639" testListId="8c84fa94-04c1-424b-9868-57a2d4851a1d" />
    <TestEntry testId="6c34d91a-3ccc-a88d-a525-6f3132726a55" executionId="c58bf1d4-d9f6-4ede-b8c8-2d2c3995a406" testListId="8c84fa94-04c1-424b-9868-57a2d4851a1d" />
    <TestEntry testId="79d9531c-e009-9169-2cbc-ceab51e47aa5" executionId="d243f053-5a4a-4820-a861-e60b64a7b6ff" testListId="8c84fa94-04c1-424b-9868-57a2d4851a1d" />
    <TestEntry testId="0abcfe7a-76aa-b17b-ee97-af3fbbea9a33" executionId="927ebea7-558f-40d4-9e37-03707c42cd67" testListId="8c84fa94-04c1-424b-9868-57a2d4851a1d" />
    <TestEntry testId="8491f0a3-ed14-5fdd-d64c-af335660b6b8" executionId="24f307e8-531f-41b4-a6f2-e0a4a694543a" testListId="8c84fa94-04c1-424b-9868-57a2d4851a1d" />
    <TestEntry testId="d0cd8d38-2083-8dfe-21da-1692537b41cc" executionId="987448b2-820b-4c8c-8000-78ffcd4318ee" testListId="8c84fa94-04c1-424b-9868-57a2d4851a1d" />
    <TestEntry testId="b6713598-e21c-6f29-08f1-f4f46e42ba65" executionId="ffeb245f-3a32-4ee6-98c5-c5292fa7893f" testListId="8c84fa94-04c1-424b-9868-57a2d4851a1d" />
    <TestEntry testId="23282872-5c32-1fb9-e0a2-cb7aa878c838" executionId="60f0bc12-5ca2-42fe-9ba1-cfe33ae18d6f" testListId="8c84fa94-04c1-424b-9868-57a2d4851a1d" />
    <TestEntry testId="97d8215e-c1fc-21f7-065d-165363a0a007" executionId="903e03e8-6394-441d-94f4-45a447996810" testListId="8c84fa94-04c1-424b-9868-57a2d4851a1d" />
    <TestEntry testId="4308f885-151f-014b-166d-40692645a73a" executionId="7ec80203-0ad4-43d3-b7ac-3cd6cc1832a7" testListId="8c84fa94-04c1-424b-9868-57a2d4851a1d" />
    <TestEntry testId="0514bc2b-5cc4-a04d-717a-fd9efa22f04a" executionId="304fee68-72cd-4ec7-a50f-f40c55d827c3" testListId="8c84fa94-04c1-424b-9868-57a2d4851a1d" />
    <TestEntry testId="01a9775b-5693-bd58-011d-1e4a65370397" executionId="cd51e8c7-a53e-403e-b63a-f49bcc12a36e" testListId="8c84fa94-04c1-424b-9868-57a2d4851a1d" />
    <TestEntry testId="7c18917f-7141-7732-3a7b-36439ce0baa1" executionId="0dde535b-c67a-4f28-9689-a380c047857b" testListId="8c84fa94-04c1-424b-9868-57a2d4851a1d" />
    <TestEntry testId="1ede13b3-cc3c-b767-91a3-9e4f793d1dd5" executionId="10ad2ca8-f43a-495a-add7-2cf2a5a5b675" testListId="8c84fa94-04c1-424b-9868-57a2d4851a1d" />
    <TestEntry testId="f8f9d6d7-bbea-21e2-5568-87ea7f6744b9" executionId="b1430e55-46d6-4f18-928d-6c83dee48ee2" testListId="8c84fa94-04c1-424b-9868-57a2d4851a1d" />
    <TestEntry testId="9634b23e-736b-8d03-4e65-5819fb03baa5" executionId="4f8bec41-a9f6-4d88-8563-2f5ac525bcc2" testListId="8c84fa94-04c1-424b-9868-57a2d4851a1d" />
    <TestEntry testId="a33a7227-7248-ce4e-bb18-77c33faa0f1a" executionId="e225ce5d-cc4f-4ccc-9dbf-fee9a59a3ad6" testListId="8c84fa94-04c1-424b-9868-57a2d4851a1d" />
    <TestEntry testId="0a7a5bc8-9d15-4c47-d83e-93a1a167a703" executionId="698003dd-dbd1-49df-8dea-3c19e83f266d" testListId="8c84fa94-04c1-424b-9868-57a2d4851a1d" />
    <TestEntry testId="2f04d734-6778-0b79-9d14-d79b1e3bb130" executionId="20b358aa-68d4-483a-9302-c103f62ee3b6" testListId="8c84fa94-04c1-424b-9868-57a2d4851a1d" />
    <TestEntry testId="15a5c8eb-0c90-a7e4-0dc8-5ce2be1587d5" executionId="77ced174-ef9d-498b-926d-c9a8a5981f76" testListId="8c84fa94-04c1-424b-9868-57a2d4851a1d" />
    <TestEntry testId="d13187c3-6513-b7ca-7370-507380fe2c88" executionId="6995a319-d714-470e-ac6e-35d76b0a119b" testListId="8c84fa94-04c1-424b-9868-57a2d4851a1d" />
    <TestEntry testId="5105cd39-08d3-5cdf-e5e5-5aae2f2d51c8" executionId="65b786bb-6892-4c10-9f1b-3f8086317721" testListId="8c84fa94-04c1-424b-9868-57a2d4851a1d" />
    <TestEntry testId="c558e0d2-3c06-e002-2aa3-e6624e30de98" executionId="4f5a6be4-ccaa-41df-98bb-9b11692b1f90" testListId="8c84fa94-04c1-424b-9868-57a2d4851a1d" />
    <TestEntry testId="cae25fb7-b977-eb51-0588-bf026d38b145" executionId="be331e9d-caa0-46f5-9e65-6db0c130cad4" testListId="8c84fa94-04c1-424b-9868-57a2d4851a1d" />
    <TestEntry testId="eaf0b15c-0fc1-b6e6-caad-e11eeb0c7fda" executionId="0ee74bb5-d023-43ac-8024-9e61668ac33a" testListId="8c84fa94-04c1-424b-9868-57a2d4851a1d" />
    <TestEntry testId="4f602daf-bb8d-fd94-ef0a-fd5eecda2ee6" executionId="7570c2bf-1587-4b47-b362-14fdf2fe219d" testListId="8c84fa94-04c1-424b-9868-57a2d4851a1d" />
    <TestEntry testId="a2cb1a23-585c-77f0-4371-0762318d91ff" executionId="d8e4f0e0-f0d4-4d47-aabe-f4549a071261" testListId="8c84fa94-04c1-424b-9868-57a2d4851a1d" />
    <TestEntry testId="f376fc2f-2ee5-1277-a20e-665c6294e53a" executionId="28c71751-c458-4813-9949-aee7705f978e" testListId="8c84fa94-04c1-424b-9868-57a2d4851a1d" />
    <TestEntry testId="aaa9e076-e199-e522-2c08-1bd206c5f6e7" executionId="a2fa839d-22e1-4123-a362-a541c6d5c877" testListId="8c84fa94-04c1-424b-9868-57a2d4851a1d" />
    <TestEntry testId="185ede31-fab0-85ad-ad6a-a8eab36c8466" executionId="288b8d10-20ef-4d87-88f1-629756f4c328" testListId="8c84fa94-04c1-424b-9868-57a2d4851a1d" />
    <TestEntry testId="9087d096-82b4-2271-94ec-73730ed51c23" executionId="f78dd743-892b-4492-98a3-5b52a4724081" testListId="8c84fa94-04c1-424b-9868-57a2d4851a1d" />
    <TestEntry testId="e3eba5d2-93a0-e22e-731e-ed52218ff16c" executionId="bc3f23d4-9adf-4da7-ba9d-6b9be830c747" testListId="8c84fa94-04c1-424b-9868-57a2d4851a1d" />
    <TestEntry testId="cb98657e-ea81-1d6a-4868-0d493c1098f6" executionId="eb3b2d93-5057-45dc-b7da-6977f2bb4fc0" testListId="8c84fa94-04c1-424b-9868-57a2d4851a1d" />
    <TestEntry testId="017ca1fc-bbca-8181-b3ea-3373763e884b" executionId="0d80a07a-b6b1-4cb5-a67f-5d9f91ec14ed" testListId="8c84fa94-04c1-424b-9868-57a2d4851a1d" />
    <TestEntry testId="c85737d8-c8f4-a23c-9c62-4ed60400843c" executionId="1a454e7e-cd0e-4dc5-b477-00108e4a49c7" testListId="8c84fa94-04c1-424b-9868-57a2d4851a1d" />
    <TestEntry testId="aef73524-5efd-2ad9-76a4-22b643281e1e" executionId="cdd04b4e-1cc2-428e-8022-e23f9f244f6d" testListId="8c84fa94-04c1-424b-9868-57a2d4851a1d" />
    <TestEntry testId="4cc08620-7636-5b0e-e6ce-7fa1f27effef" executionId="496a8e5f-3f3d-4966-aff7-367d2d09df1d" testListId="8c84fa94-04c1-424b-9868-57a2d4851a1d" />
    <TestEntry testId="75567229-1858-de57-219b-cfd8f4a7e8de" executionId="b49cebac-2f4f-4715-a56d-cdcef7d7002d" testListId="8c84fa94-04c1-424b-9868-57a2d4851a1d" />
    <TestEntry testId="f7339f67-966a-9543-e542-56a7562f05ad" executionId="65708d1e-8abc-4167-9d89-c9fb24d2fff9" testListId="8c84fa94-04c1-424b-9868-57a2d4851a1d" />
    <TestEntry testId="ed116d32-6ba7-9bd1-6680-6c13ee07292b" executionId="6f389345-f33e-4f35-aee1-5b92b3bf2005" testListId="8c84fa94-04c1-424b-9868-57a2d4851a1d" />
    <TestEntry testId="2194158b-3f8a-54e0-368a-945d72c0c309" executionId="3b204e17-030f-4d62-a641-967816e33e8b" testListId="8c84fa94-04c1-424b-9868-57a2d4851a1d" />
    <TestEntry testId="a1056dc3-d634-deb8-6537-d1daee422b62" executionId="9e4c6f32-17e4-4466-ad4f-f364b59ca908" testListId="8c84fa94-04c1-424b-9868-57a2d4851a1d" />
    <TestEntry testId="3a8cda37-b7cc-323f-afa4-03303dd2ce88" executionId="782cf3d0-5004-47f2-b681-7f00c6ebce71" testListId="8c84fa94-04c1-424b-9868-57a2d4851a1d" />
    <TestEntry testId="f7ba8e86-cb66-6ef4-d1cf-87def896d05b" executionId="b056dbad-6ac5-44f9-bb02-1d2a94cd8a91" testListId="8c84fa94-04c1-424b-9868-57a2d4851a1d" />
    <TestEntry testId="ddfa2a9a-e29a-9dfc-0603-2fa2e9e89c67" executionId="30d2f429-0294-4a9d-ba17-b9a7b3492a58" testListId="8c84fa94-04c1-424b-9868-57a2d4851a1d" />
    <TestEntry testId="5e9f654f-dd64-8138-30a6-1dc5f11cf83a" executionId="51243a22-2e6a-4c92-86b2-55f0fdbcd567" testListId="8c84fa94-04c1-424b-9868-57a2d4851a1d" />
    <TestEntry testId="ec976d73-69f5-3cb8-c94a-fac6ea1343ca" executionId="c22d2a4c-aa92-42bb-95b7-daa1eb2c3b71" testListId="8c84fa94-04c1-424b-9868-57a2d4851a1d" />
    <TestEntry testId="58e741bd-777c-df5d-d9c1-457b2c873d32" executionId="04af3501-2ec6-451c-8b15-c4ad9fbff5b4" testListId="8c84fa94-04c1-424b-9868-57a2d4851a1d" />
    <TestEntry testId="cd5a26d8-2bfb-59a4-04b5-4f695fd431f8" executionId="9f10e5ea-c5a7-4de1-b2a9-4a3354446969" testListId="8c84fa94-04c1-424b-9868-57a2d4851a1d" />
    <TestEntry testId="a3944110-24ef-a5f3-993b-c0e54d094618" executionId="acfe3981-dbb2-4efa-adc0-e1914fd4f32b" testListId="8c84fa94-04c1-424b-9868-57a2d4851a1d" />
    <TestEntry testId="80d3734c-ba9f-0770-a478-3dd6f9b70cb0" executionId="350515da-d915-4fca-adcb-a86eea7a408b" testListId="8c84fa94-04c1-424b-9868-57a2d4851a1d" />
    <TestEntry testId="c7c013ea-be14-a4b5-1c6f-2b6dde46abbc" executionId="7a932434-6c76-47a4-91bb-ffe02f797fbd" testListId="8c84fa94-04c1-424b-9868-57a2d4851a1d" />
    <TestEntry testId="8a663fa2-76ee-caf2-967f-999f9c7a5bb3" executionId="cf4ad276-b087-4905-a02c-0f6d858f44e2" testListId="8c84fa94-04c1-424b-9868-57a2d4851a1d" />
    <TestEntry testId="90cfec42-4910-af10-cff4-5af0ef6c23f5" executionId="781c0df1-5756-499c-aca5-4851d7b15bfc" testListId="8c84fa94-04c1-424b-9868-57a2d4851a1d" />
    <TestEntry testId="6590b071-f8b2-e4e3-3b40-027135dfc051" executionId="44c6a146-3433-459c-8cfd-928ed736ecc8" testListId="8c84fa94-04c1-424b-9868-57a2d4851a1d" />
    <TestEntry testId="df98a0bb-288a-f0a3-8af8-186ed72a3b48" executionId="bc832eb1-3a80-4b92-9abb-73370701ae7b" testListId="8c84fa94-04c1-424b-9868-57a2d4851a1d" />
    <TestEntry testId="cb9f49fb-58b9-06a6-2d40-6492ed02487d" executionId="ea372355-d034-4dd8-b85b-b15f92ff9278" testListId="8c84fa94-04c1-424b-9868-57a2d4851a1d" />
    <TestEntry testId="a815ca81-3cc8-5bb5-3df9-88bef0e0f650" executionId="a5eab373-7962-43ea-bea4-93db1fa43aef" testListId="8c84fa94-04c1-424b-9868-57a2d4851a1d" />
    <TestEntry testId="bafee3ee-9889-56d2-8e3d-2c651a7649c3" executionId="41c2826e-5ff0-4af8-b1b2-7e592f02e415" testListId="8c84fa94-04c1-424b-9868-57a2d4851a1d" />
    <TestEntry testId="5b2fabb4-e059-962c-348f-3355cdc7486e" executionId="6962543e-016b-4190-b4d3-46c967d9f6b6" testListId="8c84fa94-04c1-424b-9868-57a2d4851a1d" />
    <TestEntry testId="c7c04760-2233-4819-4eb3-2daf180edff4" executionId="b1930cfa-3c51-43ee-bf34-140b13ad4e72" testListId="8c84fa94-04c1-424b-9868-57a2d4851a1d" />
    <TestEntry testId="17e8adfe-3d5e-8417-3ca9-9ea065f0229b" executionId="1f34ee71-9d43-40eb-8d31-024e56d525f7" testListId="8c84fa94-04c1-424b-9868-57a2d4851a1d" />
    <TestEntry testId="5021544e-bd06-1c2d-b3df-c21b577ebfa2" executionId="cd30a24b-5ca4-42eb-8238-3a909da1271a" testListId="8c84fa94-04c1-424b-9868-57a2d4851a1d" />
    <TestEntry testId="eb3e6893-2377-abc3-6bc4-b22d25b0ece8" executionId="476fad2e-8318-4cf3-9f88-ee363106935a" testListId="8c84fa94-04c1-424b-9868-57a2d4851a1d" />
    <TestEntry testId="0a8dd3d5-59e9-8093-402f-f8fc213265ce" executionId="b20b22e1-4674-4413-aadc-8d8f729e528f" testListId="8c84fa94-04c1-424b-9868-57a2d4851a1d" />
    <TestEntry testId="c5aa0d75-50a2-309f-29ef-6a7a3d1053ab" executionId="6311c018-da4e-4733-a067-23f3d05dbed3" testListId="8c84fa94-04c1-424b-9868-57a2d4851a1d" />
    <TestEntry testId="d2ca44f4-b0fb-ea99-f88d-5612fe812eb3" executionId="0cbe4af4-c2a3-4788-b3be-69be5afb42c7" testListId="8c84fa94-04c1-424b-9868-57a2d4851a1d" />
    <TestEntry testId="d3cdcde5-df28-6c6c-d5ee-263c0a49023a" executionId="72790649-a9e7-4eb5-94a2-8e25b3f557aa" testListId="8c84fa94-04c1-424b-9868-57a2d4851a1d" />
    <TestEntry testId="d44a0649-8200-dc14-ee0f-9aa1a5e79e57" executionId="bb428199-ff99-49f5-8c9c-7ff83b799493" testListId="8c84fa94-04c1-424b-9868-57a2d4851a1d" />
    <TestEntry testId="685331f6-0a25-8111-bb2a-37dce3d8d170" executionId="f00f89f2-dcfa-47f3-ab0e-ba8bbed0fdec" testListId="8c84fa94-04c1-424b-9868-57a2d4851a1d" />
    <TestEntry testId="e5b31225-6687-353e-986c-a81c10574659" executionId="c3be8cf0-48d4-4d1b-88b6-bb76118ae7a0" testListId="8c84fa94-04c1-424b-9868-57a2d4851a1d" />
    <TestEntry testId="e54868c5-e23a-96f9-bd57-052b8e9f25f9" executionId="19acf411-619f-4dc2-815e-9e6df12bcd32" testListId="8c84fa94-04c1-424b-9868-57a2d4851a1d" />
    <TestEntry testId="1dd0f7bb-be41-1080-f53b-d32cb9d53ae0" executionId="e26ce9a9-e92d-43dc-8aed-dc8d7f1bccda" testListId="8c84fa94-04c1-424b-9868-57a2d4851a1d" />
    <TestEntry testId="9100d9e1-967e-296d-c07b-a43969fad121" executionId="30444513-625e-4f41-9c7d-8a24eda9fb13" testListId="8c84fa94-04c1-424b-9868-57a2d4851a1d" />
    <TestEntry testId="0c81c8d2-5b34-01f9-4916-14e860679bfe" executionId="93cf175f-c6e9-45a6-95f5-8cd43e71e18b" testListId="8c84fa94-04c1-424b-9868-57a2d4851a1d" />
    <TestEntry testId="6cb3c27b-61db-68ea-03a1-16fad20636e6" executionId="fdebcdb8-93b7-4fd8-bffb-41071d754ebf" testListId="8c84fa94-04c1-424b-9868-57a2d4851a1d" />
    <TestEntry testId="f54965f2-1519-0721-6d19-cf1386c23793" executionId="e3d7dfd3-8d51-4646-8962-95b4da39de06" testListId="8c84fa94-04c1-424b-9868-57a2d4851a1d" />
    <TestEntry testId="ef2c65b8-081e-e356-813a-949f0831c7f0" executionId="cbff7066-9959-4324-a326-bb2bd5ea7d3a" testListId="8c84fa94-04c1-424b-9868-57a2d4851a1d" />
    <TestEntry testId="3f3f2250-01f3-21dd-18d8-8a073a42cac3" executionId="d3e5daa6-d589-44a5-9772-817760f178f6" testListId="8c84fa94-04c1-424b-9868-57a2d4851a1d" />
    <TestEntry testId="f1ddd1cb-937b-c6a5-5626-287e7f18daa2" executionId="4446f8b4-eb26-4a9f-8d3b-081b2dc25e3f" testListId="8c84fa94-04c1-424b-9868-57a2d4851a1d" />
    <TestEntry testId="5605ffe3-47bf-edde-5207-79dd7a259fef" executionId="418e2084-cecb-476d-836d-8d33171c80e6" testListId="8c84fa94-04c1-424b-9868-57a2d4851a1d" />
    <TestEntry testId="6dcc8842-a927-f371-cf06-32198da79abc" executionId="0fd9003c-1f4c-436e-883d-b9b10de8706c" testListId="8c84fa94-04c1-424b-9868-57a2d4851a1d" />
    <TestEntry testId="f284fcd5-95ba-5e4a-ef58-143a466ff941" executionId="bfc7e5b1-7196-4aa0-b46a-80c1e7b1915a" testListId="8c84fa94-04c1-424b-9868-57a2d4851a1d" />
    <TestEntry testId="d02dc591-3a84-d3ac-10be-a85efb2cb27c" executionId="b619a10a-9ff3-4c47-bfb7-965a150674a3" testListId="8c84fa94-04c1-424b-9868-57a2d4851a1d" />
    <TestEntry testId="72858ddf-be22-dd7b-74db-ce66ecacd1dd" executionId="62dcb94a-4bfd-43fc-92ae-5c2d48891108" testListId="8c84fa94-04c1-424b-9868-57a2d4851a1d" />
    <TestEntry testId="8b9bc8ba-9742-8b44-9f33-0b46de660b7e" executionId="9ca23e5b-ad19-4bb2-976e-4cbba17702bd" testListId="8c84fa94-04c1-424b-9868-57a2d4851a1d" />
    <TestEntry testId="8b7f95f5-c5ec-10c0-26ff-eb4390bba1ee" executionId="a3c02cda-2cd2-411c-85e6-a4897b2d1c4a" testListId="8c84fa94-04c1-424b-9868-57a2d4851a1d" />
    <TestEntry testId="bfa1b3ee-d7a8-b11e-2134-8a3b879aa609" executionId="03303451-6e6a-4129-8bb1-878aa3976907" testListId="8c84fa94-04c1-424b-9868-57a2d4851a1d" />
    <TestEntry testId="5a540ea5-a914-2a7a-fb65-63091b7a1082" executionId="38583bbb-3dad-476b-b60e-d2db95993c38" testListId="8c84fa94-04c1-424b-9868-57a2d4851a1d" />
    <TestEntry testId="ebd1aa40-63da-115b-f2a9-d23a543d03a1" executionId="019ebafd-c4ea-4d00-8abd-1e1b5da93a30" testListId="8c84fa94-04c1-424b-9868-57a2d4851a1d" />
    <TestEntry testId="1aafdcdc-e39a-0bd1-4429-1c1f26634e52" executionId="268965cb-5e6f-4b99-ac77-10f358482609" testListId="8c84fa94-04c1-424b-9868-57a2d4851a1d" />
    <TestEntry testId="9a9212ad-b798-7488-4494-e587449427c6" executionId="e932223e-0484-4ee4-8714-9c3ff2f07ea1" testListId="8c84fa94-04c1-424b-9868-57a2d4851a1d" />
    <TestEntry testId="c0741e8d-b0f9-ca5e-e02e-02960c9e164f" executionId="8df29645-93d9-403d-8e50-54a6a6c83ade" testListId="8c84fa94-04c1-424b-9868-57a2d4851a1d" />
    <TestEntry testId="a38d6dd0-4abc-cd66-f98d-02667c7de044" executionId="1779c145-1b0e-49e9-bdbd-2d4d737ac22b" testListId="8c84fa94-04c1-424b-9868-57a2d4851a1d" />
    <TestEntry testId="abb4aad3-77db-7359-08fe-5197066f13be" executionId="1ee448f7-578a-457f-b111-5c29444476f2" testListId="8c84fa94-04c1-424b-9868-57a2d4851a1d" />
    <TestEntry testId="1006d1f0-5b29-3f16-0e5d-80a2a40c26e6" executionId="99b030d3-4431-4d3f-830c-a34e3fb82eb1" testListId="8c84fa94-04c1-424b-9868-57a2d4851a1d" />
    <TestEntry testId="78d10de8-2dc4-0b77-ab9e-9a161423da54" executionId="ff643d8f-664f-4a31-abfd-67f3d0feede5" testListId="8c84fa94-04c1-424b-9868-57a2d4851a1d" />
    <TestEntry testId="0739d753-ed0a-2224-af37-24f0fcbbbd00" executionId="394e168e-8a19-4e16-ae51-2942b41e26f8" testListId="8c84fa94-04c1-424b-9868-57a2d4851a1d" />
    <TestEntry testId="8f93d79c-66e7-77f7-7d43-554a5055be47" executionId="df318c30-727b-408f-9479-183f167cdbd2" testListId="8c84fa94-04c1-424b-9868-57a2d4851a1d" />
    <TestEntry testId="b7f26b3d-6733-f07e-6f15-9b6ddb83ad50" executionId="5e3490ad-8434-486f-a983-19fa95766ea4" testListId="8c84fa94-04c1-424b-9868-57a2d4851a1d" />
    <TestEntry testId="688da5e9-d12f-3e2c-c7dd-72c1a87d6a78" executionId="2120447b-b3e3-4ac6-ae2a-2098fcc01010" testListId="8c84fa94-04c1-424b-9868-57a2d4851a1d" />
    <TestEntry testId="632872cf-9e7c-9970-9f88-5a4077b29ff5" executionId="4407c6dd-2d70-400d-b251-3739c824e056" testListId="8c84fa94-04c1-424b-9868-57a2d4851a1d" />
    <TestEntry testId="59fa5d82-f5a4-cb1c-ec41-0422b5d07418" executionId="1dcf03a1-bf3d-4aa4-86be-e96900dede0c" testListId="8c84fa94-04c1-424b-9868-57a2d4851a1d" />
    <TestEntry testId="d87ccf8e-ab46-94a5-7597-e2ef80212732" executionId="9c9ee105-ac50-4e9e-8265-87748545b4a2" testListId="8c84fa94-04c1-424b-9868-57a2d4851a1d" />
    <TestEntry testId="186c8c1a-303f-5daa-ee87-7bdde9795321" executionId="da7f80e2-ddfd-4db7-a201-bd5d72291829" testListId="8c84fa94-04c1-424b-9868-57a2d4851a1d" />
    <TestEntry testId="67b93cbf-4a61-71bd-d4ce-d603f3c3b311" executionId="4c284c82-f435-4c35-b0a7-61ed0d8ca80f" testListId="8c84fa94-04c1-424b-9868-57a2d4851a1d" />
    <TestEntry testId="a23aab13-e7cd-0855-c1ee-3a27796bc390" executionId="9a1bb09c-8aa6-46d0-8688-aa182d01b8da" testListId="8c84fa94-04c1-424b-9868-57a2d4851a1d" />
    <TestEntry testId="f308d529-c66b-0a68-1a35-9384b1697bbf" executionId="b83cbd01-e75f-4637-923a-530ff86af091" testListId="8c84fa94-04c1-424b-9868-57a2d4851a1d" />
    <TestEntry testId="61cb44e8-f4b9-17e3-5cff-1fc9b36625bf" executionId="f90a3684-2e0d-4f68-93f1-f5927b0fed11" testListId="8c84fa94-04c1-424b-9868-57a2d4851a1d" />
    <TestEntry testId="558fcad2-7807-3075-bb81-ec539c4697ba" executionId="b2dfa46c-935b-45c0-98ca-a1d7d474f27a" testListId="8c84fa94-04c1-424b-9868-57a2d4851a1d" />
    <TestEntry testId="b818a661-8c39-b04d-aea0-c8bf6f965ed2" executionId="98748cf8-f953-4ec8-8d75-0d2eabc48acb" testListId="8c84fa94-04c1-424b-9868-57a2d4851a1d" />
    <TestEntry testId="0d1bc5db-e6c6-10df-8cf0-a0dfa7497484" executionId="849a4662-73d6-4877-a55a-49f838b0a99f" testListId="8c84fa94-04c1-424b-9868-57a2d4851a1d" />
    <TestEntry testId="9764b852-f92a-9e33-a48d-5ba73babe5d1" executionId="abe927d6-05c6-4c1c-ab9a-677e8002a53e" testListId="8c84fa94-04c1-424b-9868-57a2d4851a1d" />
    <TestEntry testId="7e29f92d-fa8b-6742-a856-fa32047034c5" executionId="68e81d16-1c84-4e3d-bfdb-1519036b1ce6" testListId="8c84fa94-04c1-424b-9868-57a2d4851a1d" />
    <TestEntry testId="8027e5d6-d435-5a0d-d99c-2d9218dccb7e" executionId="be4ba767-ab7f-4d75-9454-d9e0b91fc24d" testListId="8c84fa94-04c1-424b-9868-57a2d4851a1d" />
    <TestEntry testId="babff9b9-4ec4-5d0f-1835-e465e17600e6" executionId="ab0f9225-c34b-4df5-a0fa-8441f5b297cc" testListId="8c84fa94-04c1-424b-9868-57a2d4851a1d" />
    <TestEntry testId="c5e43cdb-d4c3-3c40-9593-aad9b5ca8f95" executionId="4236ba58-fbb7-48b9-a9f8-19c1762a4e17" testListId="8c84fa94-04c1-424b-9868-57a2d4851a1d" />
    <TestEntry testId="5481b8f6-7923-7c75-9ba8-6b8dff0a8582" executionId="7be37fae-c2fc-4576-9821-e6e51bcc05e1" testListId="8c84fa94-04c1-424b-9868-57a2d4851a1d" />
    <TestEntry testId="366e3c61-7635-9c9b-a996-33c58fa8fc62" executionId="258a793e-176c-401b-8c15-7bfdf6783233" testListId="8c84fa94-04c1-424b-9868-57a2d4851a1d" />
    <TestEntry testId="d1db99c9-780d-a1a8-cf4e-cc5ed7bbc5dc" executionId="2fc4b140-8ce0-4ded-86bd-cf790c71aa7d" testListId="8c84fa94-04c1-424b-9868-57a2d4851a1d" />
    <TestEntry testId="4858eca7-ac2a-e51a-34d1-70891bbff583" executionId="8fd1abb2-6710-4d28-a719-83945b7e756f" testListId="8c84fa94-04c1-424b-9868-57a2d4851a1d" />
    <TestEntry testId="dbe8f5eb-581b-1146-9a97-1f79fbc0650a" executionId="544b9af9-a93b-41ed-8767-046b4594ed8f" testListId="8c84fa94-04c1-424b-9868-57a2d4851a1d" />
    <TestEntry testId="0d82bc84-08a9-ffda-b09d-d44b4e74eec6" executionId="67a33ca6-dd68-4477-8ef4-dace42d44a6f" testListId="8c84fa94-04c1-424b-9868-57a2d4851a1d" />
    <TestEntry testId="2155bccb-482b-2346-834b-1eb7ea617ead" executionId="c2775c2d-8011-4986-97d9-2cdca6a38e19" testListId="8c84fa94-04c1-424b-9868-57a2d4851a1d" />
    <TestEntry testId="8a119c68-dcc0-dba7-c987-45fbb976469b" executionId="6a52c9eb-644d-48cb-9fa6-e91e22e6cd2a" testListId="8c84fa94-04c1-424b-9868-57a2d4851a1d" />
    <TestEntry testId="a79fd14a-da4c-bcf0-0f87-a480851cd28d" executionId="bd636599-269c-40df-914d-0b65bbe4126d" testListId="8c84fa94-04c1-424b-9868-57a2d4851a1d" />
    <TestEntry testId="07878353-6799-84f6-4a3b-1ffc56ae1d1d" executionId="d76749da-3aa5-425d-8fd7-458267922259" testListId="8c84fa94-04c1-424b-9868-57a2d4851a1d" />
    <TestEntry testId="95df1eac-f3bd-b207-f98c-5233af246763" executionId="316fcd3c-4848-475c-816a-1c8ce20247ae" testListId="8c84fa94-04c1-424b-9868-57a2d4851a1d" />
    <TestEntry testId="de2d22dc-e411-4a1b-48db-f6f07906b5fb" executionId="2bc61cab-6cb8-4b14-b4ee-56d61fdd4490" testListId="8c84fa94-04c1-424b-9868-57a2d4851a1d" />
    <TestEntry testId="75f79a5e-625f-18cb-34f2-c39806bd0036" executionId="f410a441-1184-416b-bead-1afd8d0b3b91" testListId="8c84fa94-04c1-424b-9868-57a2d4851a1d" />
    <TestEntry testId="32346c07-b161-6e9f-65c2-990bcbe58b07" executionId="98c6c387-49aa-49fd-b4e6-238e97157ea6" testListId="8c84fa94-04c1-424b-9868-57a2d4851a1d" />
    <TestEntry testId="a735bc53-5ccf-d2d2-51e4-40be87eec2ab" executionId="fd51e7b2-5b0e-4095-b900-1c73751349e6" testListId="8c84fa94-04c1-424b-9868-57a2d4851a1d" />
    <TestEntry testId="b7a54b06-1426-b0d1-c148-d7f5ca4a408c" executionId="b1abee62-2b94-4c25-a272-84c19c962c33" testListId="8c84fa94-04c1-424b-9868-57a2d4851a1d" />
    <TestEntry testId="eca8de8b-49e2-07c6-8662-27843e169d09" executionId="c54221d4-bd27-44cb-8b25-6dcbe692489f" testListId="8c84fa94-04c1-424b-9868-57a2d4851a1d" />
    <TestEntry testId="135dd56d-570b-92a1-4144-854d04d96ef0" executionId="5c9e0c43-8787-4cde-9892-0f1ade30bcce" testListId="8c84fa94-04c1-424b-9868-57a2d4851a1d" />
    <TestEntry testId="f527f4e7-733e-c529-a6f2-d33ed3ff23a3" executionId="9bcacfe9-dce3-4222-92bc-0590c52442db" testListId="8c84fa94-04c1-424b-9868-57a2d4851a1d" />
    <TestEntry testId="4d5be905-ae12-4fb4-1d65-7b8d91a9be3a" executionId="9ee55858-e748-4fb0-9c4b-840a80659c47" testListId="8c84fa94-04c1-424b-9868-57a2d4851a1d" />
    <TestEntry testId="d4b7a26e-ed5a-1e37-a00a-e21284ce265b" executionId="4222c1a5-0167-48a8-8461-dbcb64dfd7a4" testListId="8c84fa94-04c1-424b-9868-57a2d4851a1d" />
    <TestEntry testId="d995492a-671e-36ff-0d73-ec59a569933d" executionId="d68a58c4-d34e-4cc8-85a5-c48f2afc8be3" testListId="8c84fa94-04c1-424b-9868-57a2d4851a1d" />
    <TestEntry testId="04127ca2-1b44-60f0-2ddc-d2453cd48c79" executionId="07bc6f09-2855-44f8-9cb3-390ed461df7e" testListId="8c84fa94-04c1-424b-9868-57a2d4851a1d" />
    <TestEntry testId="76ad8ec9-5ccc-b3a3-7c1b-d549d0dbd095" executionId="cd01211d-58a0-4d10-93f8-486a3a558a03" testListId="8c84fa94-04c1-424b-9868-57a2d4851a1d" />
    <TestEntry testId="c7ef87e2-e6d0-89f1-fa1a-3a161b3248e2" executionId="bec41e19-5831-45e9-b5b7-0150f6928f5e" testListId="8c84fa94-04c1-424b-9868-57a2d4851a1d" />
    <TestEntry testId="acda3d15-0e29-fc40-b0fc-fcddae081200" executionId="7544e5a8-e9b0-4b3d-aafe-f5f0c6f0ffb8" testListId="8c84fa94-04c1-424b-9868-57a2d4851a1d" />
    <TestEntry testId="124aa2c1-a584-951a-b578-c58272b94396" executionId="b934698a-e730-475f-bd7b-20fd134ba478" testListId="8c84fa94-04c1-424b-9868-57a2d4851a1d" />
    <TestEntry testId="128fe360-ca56-c4c9-0f07-7350435e34a3" executionId="63cde948-5ba5-44fb-83b9-a4b2934bd9e8" testListId="8c84fa94-04c1-424b-9868-57a2d4851a1d" />
    <TestEntry testId="68aeee53-b239-e7d6-6e18-da94fac3a451" executionId="43129eb2-7f08-4055-a050-852173d1952f" testListId="8c84fa94-04c1-424b-9868-57a2d4851a1d" />
    <TestEntry testId="be4ac306-3050-79c7-e4db-2e676fbdab1b" executionId="55827f05-4fc1-4902-8bf9-e1cf7bac944c" testListId="8c84fa94-04c1-424b-9868-57a2d4851a1d" />
    <TestEntry testId="5b76fee7-881d-69f4-bb6e-50523ab527c9" executionId="dfc7c893-6cfe-47c5-b160-315489e63ba5" testListId="8c84fa94-04c1-424b-9868-57a2d4851a1d" />
    <TestEntry testId="c1399a21-a8d4-fd2f-1879-d9e50a5fe1b4" executionId="053644ae-ace5-4c07-bac3-0741aef06048" testListId="8c84fa94-04c1-424b-9868-57a2d4851a1d" />
    <TestEntry testId="466d7722-0345-718d-529e-85f31a949492" executionId="3b8e1e37-c14e-45b6-aa62-f30880d765ee" testListId="8c84fa94-04c1-424b-9868-57a2d4851a1d" />
    <TestEntry testId="56e327fe-8407-ea11-addf-90ce93ff7d58" executionId="3fca7d05-bd17-4044-a310-e1b086ddadb2" testListId="8c84fa94-04c1-424b-9868-57a2d4851a1d" />
    <TestEntry testId="e31c0c60-96f3-c3fc-f48c-6d389a7185de" executionId="509154cf-492c-486a-999a-52d40cd96bda" testListId="8c84fa94-04c1-424b-9868-57a2d4851a1d" />
    <TestEntry testId="0e441c44-ccc7-5318-d743-a0646c26f920" executionId="2c4e17c3-be7a-4070-8770-9a932e2c6f82" testListId="8c84fa94-04c1-424b-9868-57a2d4851a1d" />
    <TestEntry testId="38b0259f-0bcb-8aec-4c3f-6a948a320426" executionId="477c3441-8014-43f3-9479-5f0f38e0f2b0" testListId="8c84fa94-04c1-424b-9868-57a2d4851a1d" />
    <TestEntry testId="41fb6436-3dfd-f2cc-b2c2-3eb1f8450637" executionId="99dccf92-4d28-4f92-a5c6-0ab95b9a8f6c" testListId="8c84fa94-04c1-424b-9868-57a2d4851a1d" />
    <TestEntry testId="9bb60857-0889-c636-aa09-df7f3ffa4f70" executionId="1786d3c4-8ed7-479c-aeb2-0f4b0f147a97" testListId="8c84fa94-04c1-424b-9868-57a2d4851a1d" />
    <TestEntry testId="9538a911-f018-0a3e-26cb-52278d332f56" executionId="7b6e9bbe-56e7-4147-89fe-2479ebb757d5" testListId="8c84fa94-04c1-424b-9868-57a2d4851a1d" />
    <TestEntry testId="31d7ba44-de75-ed55-66c6-b51937c13355" executionId="300c2f53-1939-4d8d-ad9d-246abcfafc8b" testListId="8c84fa94-04c1-424b-9868-57a2d4851a1d" />
    <TestEntry testId="33b7f528-129d-12a3-ccd2-fd1f055d858f" executionId="6b3d11ee-5253-4cb7-b082-e80a83411283" testListId="8c84fa94-04c1-424b-9868-57a2d4851a1d" />
    <TestEntry testId="3fad871b-7e9b-a4ff-8f1b-45e15f0c2efa" executionId="919e5706-3270-4332-922f-dff2b1e12ad3" testListId="8c84fa94-04c1-424b-9868-57a2d4851a1d" />
    <TestEntry testId="b8055217-5a74-6a87-a561-a760192c2a20" executionId="0f705328-8cc2-4490-803b-9c44c2bff3f0" testListId="8c84fa94-04c1-424b-9868-57a2d4851a1d" />
    <TestEntry testId="83514fd2-fce2-f5cf-b4b1-7b2bd8509222" executionId="e8c845ae-0338-4f52-869b-d04d2e119375" testListId="8c84fa94-04c1-424b-9868-57a2d4851a1d" />
    <TestEntry testId="be135b72-4539-0e97-74d0-b204a763297e" executionId="bf0fdfe0-5974-4fed-b083-e119ba3959e2" testListId="8c84fa94-04c1-424b-9868-57a2d4851a1d" />
    <TestEntry testId="dfaf8cc8-6c50-9b2f-464a-6475c413ade9" executionId="3995dcab-e262-470a-92e8-15786d822601" testListId="8c84fa94-04c1-424b-9868-57a2d4851a1d" />
    <TestEntry testId="3f543d31-d892-849e-9693-7ae2624b2c94" executionId="d3cc622c-ead2-4c55-a9e1-7a98d25399fc" testListId="8c84fa94-04c1-424b-9868-57a2d4851a1d" />
    <TestEntry testId="dbb67156-6168-60a5-400a-6afe6eb000f2" executionId="12ed4c98-d481-4e33-b6b9-23c35c0c2369" testListId="8c84fa94-04c1-424b-9868-57a2d4851a1d" />
    <TestEntry testId="99e7c5dd-ce54-9083-5f21-8bd4ff4149bd" executionId="86c0805f-2f7a-4cf3-9d13-e22f7f9c61af" testListId="8c84fa94-04c1-424b-9868-57a2d4851a1d" />
    <TestEntry testId="f5005d81-5a9b-ef44-7fc2-52377fae83f4" executionId="b145405d-a909-42de-85eb-5b772865acfe" testListId="8c84fa94-04c1-424b-9868-57a2d4851a1d" />
    <TestEntry testId="d543b1fe-0034-e565-eca0-f9a5d2d12bdc" executionId="2ae5880f-8c62-4473-86e6-1b60dc41aace" testListId="8c84fa94-04c1-424b-9868-57a2d4851a1d" />
    <TestEntry testId="65e69234-8b4f-5c5d-4c39-26b683719c33" executionId="5c04c9cd-3f73-4d01-8390-0084e1330a42" testListId="8c84fa94-04c1-424b-9868-57a2d4851a1d" />
    <TestEntry testId="927355f0-db19-7988-f19c-ec0494e2f5d9" executionId="0e5e58be-c07b-4f67-9d4b-63c485498ae6" testListId="8c84fa94-04c1-424b-9868-57a2d4851a1d" />
    <TestEntry testId="0d808795-ca9e-3ec0-5d7b-6c498dbb0495" executionId="612bbb90-12fa-4f3b-8195-2ac3e100524a" testListId="8c84fa94-04c1-424b-9868-57a2d4851a1d" />
    <TestEntry testId="294352cc-8efa-db1c-1bd5-bae00c9cde08" executionId="f5b3d762-09d2-4332-89c2-64a71f23f9c6" testListId="8c84fa94-04c1-424b-9868-57a2d4851a1d" />
    <TestEntry testId="b873b04a-7c62-5dd2-8547-3f31b075c272" executionId="ececc77a-7002-4dbc-96c3-5cc023713429" testListId="8c84fa94-04c1-424b-9868-57a2d4851a1d" />
    <TestEntry testId="48499d12-acd9-8513-1f00-a2b49278b2fc" executionId="3a019d31-f6ec-48fa-95d4-e54a6f92d228" testListId="8c84fa94-04c1-424b-9868-57a2d4851a1d" />
    <TestEntry testId="b4f18443-22cf-826b-3478-6d5f920e371c" executionId="da9b11d8-ed4f-4750-9fe2-336fa79b4e9e" testListId="8c84fa94-04c1-424b-9868-57a2d4851a1d" />
    <TestEntry testId="62b1fe99-5a28-bc9f-0494-f16f9326c1bc" executionId="73bfcbad-08de-45d8-aea8-1b2fe543683e" testListId="8c84fa94-04c1-424b-9868-57a2d4851a1d" />
    <TestEntry testId="53a23bf0-6e98-cb61-d489-afed97d56bcf" executionId="c6cf9208-f45a-419c-a77d-f6352090b8be" testListId="8c84fa94-04c1-424b-9868-57a2d4851a1d" />
    <TestEntry testId="5ecde283-9d6a-9ecb-81fe-93b9560f7b73" executionId="b097baf0-8859-4b74-bff7-c6daf70c4054" testListId="8c84fa94-04c1-424b-9868-57a2d4851a1d" />
    <TestEntry testId="1f9cd9ca-f1cd-430d-8d80-74a061c9ac45" executionId="c12b941b-0a61-4af4-a185-c38ff252ceff" testListId="8c84fa94-04c1-424b-9868-57a2d4851a1d" />
    <TestEntry testId="d4cfd815-487d-e378-1f28-dc4676158012" executionId="765cc566-d954-4202-ae87-d00d01f39a3b" testListId="8c84fa94-04c1-424b-9868-57a2d4851a1d" />
    <TestEntry testId="87f6b537-303b-ee32-7ebc-e34863879e5b" executionId="5e400dc8-682e-45b3-8923-7d19a7784d25" testListId="8c84fa94-04c1-424b-9868-57a2d4851a1d" />
    <TestEntry testId="caf33f47-4d9c-c378-9883-273199a79b1e" executionId="2b462d10-0dc4-4cd8-8054-4b71d4046a1c" testListId="8c84fa94-04c1-424b-9868-57a2d4851a1d" />
    <TestEntry testId="972bb963-9a87-7070-029b-8643f34bbb6c" executionId="88bfda7f-fedd-4f68-85f9-44975ede7383" testListId="8c84fa94-04c1-424b-9868-57a2d4851a1d" />
    <TestEntry testId="3e5b1b26-ce6a-72cd-5d99-1c229fd90703" executionId="d1e18ced-091b-477c-b9f4-99c1f47ebea4" testListId="8c84fa94-04c1-424b-9868-57a2d4851a1d" />
    <TestEntry testId="d5c3657d-a220-d2b1-57c9-e4353f6b9eb6" executionId="8d12a243-6228-4ebf-8a06-d37ddaba49c0" testListId="8c84fa94-04c1-424b-9868-57a2d4851a1d" />
    <TestEntry testId="14379ebb-9dd5-379e-3072-3bfd6770d049" executionId="d521cd5c-fbd8-461d-b2b3-3e7bbc7d2d1c" testListId="8c84fa94-04c1-424b-9868-57a2d4851a1d" />
    <TestEntry testId="c31c3c04-c374-418e-36fc-0c705f1df093" executionId="e0c30954-72a9-4001-bae4-8ab9723c98c6" testListId="8c84fa94-04c1-424b-9868-57a2d4851a1d" />
    <TestEntry testId="97fa9539-2f5b-d008-d8ef-c0d60778ca89" executionId="3ae1cb49-84e0-4fdf-8c61-ed6478db4899" testListId="8c84fa94-04c1-424b-9868-57a2d4851a1d" />
    <TestEntry testId="fdef4ad6-20d8-042a-63d8-5826de557b18" executionId="316ad519-91e0-4aa1-b459-3fb6affd111c" testListId="8c84fa94-04c1-424b-9868-57a2d4851a1d" />
    <TestEntry testId="9612d6d4-5d3c-f9a6-943c-f09f8d38bf59" executionId="bec5e0ba-d6ed-4c15-b6f9-b23c2810fa0f" testListId="8c84fa94-04c1-424b-9868-57a2d4851a1d" />
    <TestEntry testId="575b3040-83fc-2437-91d5-9ac3f2af85b4" executionId="11e8d8be-686a-441e-81dd-63f42ddf6fde" testListId="8c84fa94-04c1-424b-9868-57a2d4851a1d" />
    <TestEntry testId="baa856d2-0f24-fb78-786f-66276d918a1d" executionId="f46284a5-b1dd-4296-bb53-d84f1e847bdf" testListId="8c84fa94-04c1-424b-9868-57a2d4851a1d" />
    <TestEntry testId="de1aa414-8fbd-dead-288e-d558b1305dac" executionId="cb8ef8d1-c346-4bc4-b18c-27c21c7e508b" testListId="8c84fa94-04c1-424b-9868-57a2d4851a1d" />
    <TestEntry testId="2a9faf6f-4d21-d971-4115-0a2cf31c75ab" executionId="e4483f19-09bc-4fa3-bb84-b4bbbba0e2d6" testListId="8c84fa94-04c1-424b-9868-57a2d4851a1d" />
    <TestEntry testId="fc18dbb3-2c7f-eef4-d751-3ff8a18e5fdc" executionId="5128c05c-25f3-4f8b-a5ca-6cf83275a166" testListId="8c84fa94-04c1-424b-9868-57a2d4851a1d" />
    <TestEntry testId="5313f3e0-d68f-8127-ba85-18b29352fdf0" executionId="ceee0287-785c-4132-809d-c4b9d9cb1dd1" testListId="8c84fa94-04c1-424b-9868-57a2d4851a1d" />
    <TestEntry testId="9bed9c4d-df2b-32b1-c6ce-ea879f4b2fcd" executionId="51e715cf-7fb3-4877-9cef-26831fdf0224" testListId="8c84fa94-04c1-424b-9868-57a2d4851a1d" />
    <TestEntry testId="4f50c537-4ed4-21bc-0ecd-39e74b29d0e7" executionId="67582f92-4352-4d6c-90dd-02d9477c2fba" testListId="8c84fa94-04c1-424b-9868-57a2d4851a1d" />
    <TestEntry testId="3ca4075a-a7fb-92a5-3a91-aefa25efbece" executionId="ea49fa33-f4ef-453f-ad6c-946972626372" testListId="8c84fa94-04c1-424b-9868-57a2d4851a1d" />
    <TestEntry testId="30db28b2-ac34-8d8e-c566-68b2f6bb1d51" executionId="d5df74b1-555e-4340-b0bf-4131ea352d82" testListId="8c84fa94-04c1-424b-9868-57a2d4851a1d" />
    <TestEntry testId="69ed80be-ebbe-cd3a-42e2-f7807046c259" executionId="8002fe5d-0bde-470e-bc55-5a729d371a24" testListId="8c84fa94-04c1-424b-9868-57a2d4851a1d" />
    <TestEntry testId="6c083eac-7cf7-3a47-1845-0ff85783e0c1" executionId="c29c9870-31e3-48f1-b134-dbaab12cb00c" testListId="8c84fa94-04c1-424b-9868-57a2d4851a1d" />
    <TestEntry testId="daa9a8b5-17c1-3a27-8cd4-720e13369df8" executionId="e108f668-ff3b-4059-af20-9db3b82c2b0e" testListId="8c84fa94-04c1-424b-9868-57a2d4851a1d" />
    <TestEntry testId="e238bfca-4b11-493d-42eb-8f12a1ef721f" executionId="32331d70-f6fb-41a5-8c2e-3c9a440bf836" testListId="8c84fa94-04c1-424b-9868-57a2d4851a1d" />
    <TestEntry testId="ce6af9f0-4b11-7bc7-9919-f6caf3d5d5f3" executionId="d531bd0a-a3cf-4c88-b80b-b940d8d8b750" testListId="8c84fa94-04c1-424b-9868-57a2d4851a1d" />
    <TestEntry testId="4b06698d-5339-0a98-2e05-9ce80b4b1ec4" executionId="ec547d80-cbc4-402b-a59b-e1718339f139" testListId="8c84fa94-04c1-424b-9868-57a2d4851a1d" />
    <TestEntry testId="7a86c51e-006c-a65e-34c9-ff3a6b2ed4b5" executionId="5bf05fc2-c100-4f48-a21c-46adb5f31acc" testListId="8c84fa94-04c1-424b-9868-57a2d4851a1d" />
    <TestEntry testId="c3b1d717-2998-1634-887e-572d42236e5b" executionId="f7db51dd-4aa6-44d2-b5e3-241ac1591fe1" testListId="8c84fa94-04c1-424b-9868-57a2d4851a1d" />
    <TestEntry testId="56913f03-b8f6-5435-d407-8c8e9508f433" executionId="e83e9181-7fff-4c4f-824e-317d6b9d94c9" testListId="8c84fa94-04c1-424b-9868-57a2d4851a1d" />
    <TestEntry testId="7fe2a8ad-3600-98d5-7117-12a9f9025c62" executionId="2afa7bcc-1b6b-41ef-bedf-29c65446089f" testListId="8c84fa94-04c1-424b-9868-57a2d4851a1d" />
    <TestEntry testId="d493c8e9-cfea-2fc7-4acb-79ca91dde5f0" executionId="34cb58b5-0eb8-4a28-85a2-47a640fb57eb" testListId="8c84fa94-04c1-424b-9868-57a2d4851a1d" />
    <TestEntry testId="9f159054-0ade-aabd-0878-ac1771f3fda6" executionId="587da107-068c-454a-969d-87cf73abeff7" testListId="8c84fa94-04c1-424b-9868-57a2d4851a1d" />
    <TestEntry testId="0095ae63-2136-ec44-562f-f92a8a9ed8f7" executionId="79ab6ce7-2bd8-4d83-8f9d-f2fd8de3000b" testListId="8c84fa94-04c1-424b-9868-57a2d4851a1d" />
    <TestEntry testId="3bcce3ce-1e1f-b2cb-aecb-f9baaad49b40" executionId="7ca6635e-327c-4370-b76d-dfd0ed7faf90" testListId="8c84fa94-04c1-424b-9868-57a2d4851a1d" />
    <TestEntry testId="7c480fcf-dcac-50a2-3106-264841c6a300" executionId="f5c7689f-438a-4b84-aeb7-35ed83e30d2b" testListId="8c84fa94-04c1-424b-9868-57a2d4851a1d" />
    <TestEntry testId="534fc948-8601-de40-7f94-04ae4333536f" executionId="f217452b-3764-42ec-8424-ea46d61beaf6" testListId="8c84fa94-04c1-424b-9868-57a2d4851a1d" />
    <TestEntry testId="11ed9e7e-df07-2b0d-0eec-e5030427083f" executionId="29eb7270-cbc4-4620-b95e-7dd61b45c2af" testListId="8c84fa94-04c1-424b-9868-57a2d4851a1d" />
    <TestEntry testId="f227f8da-1aef-bb37-695f-f1b64dec59a9" executionId="2daf1ab9-e546-47e3-99d9-13af3ac63d10" testListId="8c84fa94-04c1-424b-9868-57a2d4851a1d" />
    <TestEntry testId="93fd2413-8c9b-cb53-924a-b9c4b432d82a" executionId="8c4fed23-4f52-4d3f-a278-3ca4f3cc3317" testListId="8c84fa94-04c1-424b-9868-57a2d4851a1d" />
    <TestEntry testId="6997fb4f-bee2-69ca-461b-7845f1fa191c" executionId="ef3b09e2-cb27-410f-ac34-4279ffa6a9f2" testListId="8c84fa94-04c1-424b-9868-57a2d4851a1d" />
    <TestEntry testId="c5891e20-1607-2f4b-ec62-b83eb87653c6" executionId="676ee762-640e-4207-9be8-e9c43132c1b4" testListId="8c84fa94-04c1-424b-9868-57a2d4851a1d" />
    <TestEntry testId="979704d6-636b-33ea-e33f-cc67613aefb0" executionId="2080ee2e-ff27-4066-a779-c9ac916d4b72" testListId="8c84fa94-04c1-424b-9868-57a2d4851a1d" />
    <TestEntry testId="da0fbf47-7a8c-b3ea-d30a-c0e3a737ca5d" executionId="d7ef330b-e73f-49a8-a092-1ad1f96df811" testListId="8c84fa94-04c1-424b-9868-57a2d4851a1d" />
    <TestEntry testId="1a5071af-adad-5910-41be-cb866364cc7d" executionId="4bda57d3-69ca-481b-948d-6ec931cb3a34" testListId="8c84fa94-04c1-424b-9868-57a2d4851a1d" />
    <TestEntry testId="0ce41b19-5488-6227-82d4-578fa8558f1f" executionId="8cae386f-a7dd-4414-a1b7-a207c6bbd1f9" testListId="8c84fa94-04c1-424b-9868-57a2d4851a1d" />
    <TestEntry testId="a16b516f-2dd7-f0de-4b9f-39b505e3fb31" executionId="dbbb5b52-0eda-4ab4-8797-962e9a813ffb" testListId="8c84fa94-04c1-424b-9868-57a2d4851a1d" />
    <TestEntry testId="5a93f8c6-dddb-38ff-5f2b-b7e5cc3ddb6a" executionId="2a2510ce-2bbf-4d20-b6a4-c61395c01e85" testListId="8c84fa94-04c1-424b-9868-57a2d4851a1d" />
    <TestEntry testId="5c957f35-8133-124f-9f1e-c78d4730fe22" executionId="c5393533-0c42-4c7b-b9e9-ebe834c452c0" testListId="8c84fa94-04c1-424b-9868-57a2d4851a1d" />
    <TestEntry testId="560147e0-585f-3c73-5235-3ae492c399e0" executionId="4d5f4cbb-4ce4-432d-b56b-e3e32d98ffc3" testListId="8c84fa94-04c1-424b-9868-57a2d4851a1d" />
    <TestEntry testId="b82e8809-4def-9359-7a57-795e7616c335" executionId="23448dde-3e28-41fb-a1fd-9e169a8ff0db" testListId="8c84fa94-04c1-424b-9868-57a2d4851a1d" />
    <TestEntry testId="ead5e525-476c-e9b0-a913-d40736b344c3" executionId="20217bb3-0fad-4dda-82c0-1b70415772f0" testListId="8c84fa94-04c1-424b-9868-57a2d4851a1d" />
    <TestEntry testId="f96cba70-db37-0f83-9cd0-465945a7184e" executionId="38333681-6189-4a0e-b811-459d3d14c688" testListId="8c84fa94-04c1-424b-9868-57a2d4851a1d" />
    <TestEntry testId="56eb6a9f-6cb4-2abe-d7ee-7e044f42c842" executionId="d386c3dc-3e07-4195-addc-9691514187af" testListId="8c84fa94-04c1-424b-9868-57a2d4851a1d" />
    <TestEntry testId="8fb0d924-6ca3-e44c-f26a-1c29eb5d30bd" executionId="1bbabcb8-a7d5-421c-8467-7052b5ea1a55" testListId="8c84fa94-04c1-424b-9868-57a2d4851a1d" />
    <TestEntry testId="2b440940-2efe-cdba-d4a2-2746340ee3bc" executionId="5b0fe63d-7b9b-4369-bdb7-13429b591e4d" testListId="8c84fa94-04c1-424b-9868-57a2d4851a1d" />
    <TestEntry testId="8783f986-8eac-ac9c-2b17-d1518f607836" executionId="fb84cc51-7088-4277-a5f9-3ed616b1708a" testListId="8c84fa94-04c1-424b-9868-57a2d4851a1d" />
    <TestEntry testId="25b36055-f21f-fb6a-b7ef-81ccf96dd2b6" executionId="720b5f12-0f64-42cf-b1d1-0742e91d6cb9" testListId="8c84fa94-04c1-424b-9868-57a2d4851a1d" />
    <TestEntry testId="717afcc9-fdbd-942f-44d5-9f5deeef640f" executionId="dcfe6c68-52f1-4736-b2d9-22c1d9352ca7" testListId="8c84fa94-04c1-424b-9868-57a2d4851a1d" />
    <TestEntry testId="d6b10638-19d7-868a-2152-f7946c6c6899" executionId="bcee00aa-e494-4c93-8e9c-1afd65da0b2f" testListId="8c84fa94-04c1-424b-9868-57a2d4851a1d" />
    <TestEntry testId="181c235a-8f4f-6777-859c-d2eff1a2ae91" executionId="e904f29c-29f5-4874-b6f5-b1a069677689" testListId="8c84fa94-04c1-424b-9868-57a2d4851a1d" />
    <TestEntry testId="9ecb75d8-2160-8266-876b-6361db8213dc" executionId="2d0c60a8-f931-4a8b-b528-d0db149dfee3" testListId="8c84fa94-04c1-424b-9868-57a2d4851a1d" />
    <TestEntry testId="bc83fa3c-576f-30a6-fe1b-a25c896763ba" executionId="16408507-ba47-4fef-918d-1e1fa13856d5" testListId="8c84fa94-04c1-424b-9868-57a2d4851a1d" />
    <TestEntry testId="598d9a80-ba03-040c-39ba-536b5b6632f4" executionId="6fb4e342-0ed9-46d8-ae3a-40e55c9e9ad1" testListId="8c84fa94-04c1-424b-9868-57a2d4851a1d" />
    <TestEntry testId="56dbe364-b862-68d4-f157-de01aca24e66" executionId="c0cd1eba-3554-47d6-9f43-61025a2902b5" testListId="8c84fa94-04c1-424b-9868-57a2d4851a1d" />
    <TestEntry testId="567ca57c-5cc0-0e6c-fd41-e20b10f40469" executionId="0d8dcbe4-089e-4991-bb82-25ca4c90c7cf" testListId="8c84fa94-04c1-424b-9868-57a2d4851a1d" />
    <TestEntry testId="9af1084a-697b-14e3-b169-a799a0af5e73" executionId="eeab61ee-708d-4c72-a481-3be03acdf2ba" testListId="8c84fa94-04c1-424b-9868-57a2d4851a1d" />
    <TestEntry testId="4df9b13a-de84-7056-3c88-543d3fa32c62" executionId="fd90df70-87ca-4c30-a97c-e75a9df0bf16" testListId="8c84fa94-04c1-424b-9868-57a2d4851a1d" />
    <TestEntry testId="d6ef55e8-c5e6-5de1-49ad-15c2ce305191" executionId="f3ec2f86-25a2-436e-8900-d9599bc66719" testListId="8c84fa94-04c1-424b-9868-57a2d4851a1d" />
    <TestEntry testId="984ccf4b-e758-da57-870c-fdaae5c09395" executionId="f8b11d15-0a85-47b2-b22e-1ebad5878ea0" testListId="8c84fa94-04c1-424b-9868-57a2d4851a1d" />
    <TestEntry testId="40049265-1e97-9ed6-58fa-5d084054c7cc" executionId="418bfcac-56fa-4338-aea2-dce6ae41c137" testListId="8c84fa94-04c1-424b-9868-57a2d4851a1d" />
    <TestEntry testId="c9dc0f3f-e108-0c1a-7cef-09dcecce5469" executionId="70072ed4-4953-4bd5-ae6f-5b78b868c478" testListId="8c84fa94-04c1-424b-9868-57a2d4851a1d" />
    <TestEntry testId="814b2061-14f5-c810-0eca-e8431104105a" executionId="1a34931e-3514-4677-aabf-a3092d2c3b11" testListId="8c84fa94-04c1-424b-9868-57a2d4851a1d" />
    <TestEntry testId="28d8e856-ac6b-165d-f269-4ec7d560f09b" executionId="6e6ad72b-51d8-4cb1-b369-c6e8c16f9771" testListId="8c84fa94-04c1-424b-9868-57a2d4851a1d" />
    <TestEntry testId="80a4940d-875d-f4f0-bd6e-0d3aab9861cb" executionId="201ad760-eea9-4cc5-b6c1-842f55ade845" testListId="8c84fa94-04c1-424b-9868-57a2d4851a1d" />
    <TestEntry testId="86b56171-19f4-76a4-c109-8879ac5bbbd7" executionId="efe11479-f549-47bf-9e1c-f3087b3a6970" testListId="8c84fa94-04c1-424b-9868-57a2d4851a1d" />
    <TestEntry testId="c25f3e77-3d72-0513-001e-286d17e294f3" executionId="695290b1-7a4b-476a-b7ed-4bbb91ef86d7" testListId="8c84fa94-04c1-424b-9868-57a2d4851a1d" />
    <TestEntry testId="3172308c-0e5e-05a2-a398-90977e0ab705" executionId="8a5f5f9e-1618-436e-9b19-67f20f9af828" testListId="8c84fa94-04c1-424b-9868-57a2d4851a1d" />
    <TestEntry testId="2a1ae3da-2a49-9688-92eb-6a1bc6d0cf01" executionId="dd291739-17c3-4376-b2ee-5cb280dd9f33" testListId="8c84fa94-04c1-424b-9868-57a2d4851a1d" />
    <TestEntry testId="1ad63577-6f41-15d0-2387-0963e1b2bf95" executionId="42fd23cd-1b97-4e94-b174-b1cd50b686f1" testListId="8c84fa94-04c1-424b-9868-57a2d4851a1d" />
    <TestEntry testId="fdb8f5e8-aebb-9f4d-e956-1151e0f88117" executionId="6d55c1a3-e6fa-4809-9508-e81f9cda9e89" testListId="8c84fa94-04c1-424b-9868-57a2d4851a1d" />
    <TestEntry testId="24bb58fc-f26e-f596-3b94-0fe50e90026c" executionId="546e36ab-85ba-433e-a890-4e8e332372c0" testListId="8c84fa94-04c1-424b-9868-57a2d4851a1d" />
    <TestEntry testId="53367b44-34c3-c14f-ebad-d28df1741450" executionId="eec960f2-dcb3-4775-9098-73486a73d0d7" testListId="8c84fa94-04c1-424b-9868-57a2d4851a1d" />
    <TestEntry testId="b96da561-72c0-f108-100e-28aea4f8d524" executionId="3b17ad9a-d1e8-4fd3-9fb2-44adf30ecfa0" testListId="8c84fa94-04c1-424b-9868-57a2d4851a1d" />
    <TestEntry testId="b260e8fd-b664-9d96-9944-4c7dd9ae1851" executionId="242ee358-514a-48e3-b402-5c2d6e3fa64e" testListId="8c84fa94-04c1-424b-9868-57a2d4851a1d" />
    <TestEntry testId="80f5a640-ad10-06cf-9198-39d7a4c7c709" executionId="4d7e4812-bd55-4cf5-8e9a-2a077dd93b4f" testListId="8c84fa94-04c1-424b-9868-57a2d4851a1d" />
    <TestEntry testId="8e844c73-d78c-9c16-d82a-bbf068ddf1ce" executionId="c55e28d4-d5ee-47b3-8f41-cdb729909561" testListId="8c84fa94-04c1-424b-9868-57a2d4851a1d" />
    <TestEntry testId="459b3c16-63b4-fc77-bb08-22086969eb93" executionId="65c282d8-42f1-4675-9ce5-4c5de66338d6" testListId="8c84fa94-04c1-424b-9868-57a2d4851a1d" />
    <TestEntry testId="1f661c1f-d0bf-b374-44cc-db7131efefe7" executionId="c9e21b8b-8041-4c73-bbac-2ceff7064678" testListId="8c84fa94-04c1-424b-9868-57a2d4851a1d" />
    <TestEntry testId="f1679d4a-b856-7d51-628e-8f29c288c7ca" executionId="8d3ac86b-9d94-4814-99ee-91711daeb7bb" testListId="8c84fa94-04c1-424b-9868-57a2d4851a1d" />
    <TestEntry testId="26c85a86-1383-9737-58c9-22fa784f7da5" executionId="54e1d9d6-e26f-430a-bc91-01ecd619bacb" testListId="8c84fa94-04c1-424b-9868-57a2d4851a1d" />
    <TestEntry testId="37d09489-36bf-8c23-e75f-f494d92ed465" executionId="2fd2fcb3-072f-4d29-8db7-b6727d975b71" testListId="8c84fa94-04c1-424b-9868-57a2d4851a1d" />
    <TestEntry testId="f0b310a7-9bf9-fe2b-4bd1-bf05e954c540" executionId="ec3a9ffc-8b79-4752-8d1f-46a161bf0252" testListId="8c84fa94-04c1-424b-9868-57a2d4851a1d" />
    <TestEntry testId="2154354b-9164-5585-480c-7dedd5c54210" executionId="3c37efb8-b73c-410e-9d79-8a9b35aea89f" testListId="8c84fa94-04c1-424b-9868-57a2d4851a1d" />
    <TestEntry testId="ca7cf147-8883-8578-944a-0bb9c4bca4f5" executionId="23ed8481-89b3-431c-a733-f543018743c1" testListId="8c84fa94-04c1-424b-9868-57a2d4851a1d" />
    <TestEntry testId="7b2e748c-5793-e1c6-45bc-d5f863686469" executionId="36458812-cbad-4f70-b7cf-fd8b0bc64f3c" testListId="8c84fa94-04c1-424b-9868-57a2d4851a1d" />
    <TestEntry testId="f7a3c37c-dec7-4f70-5b8f-168bb8621231" executionId="e0ef26c9-7258-4cc5-b8e2-ae8a121c5bc2" testListId="8c84fa94-04c1-424b-9868-57a2d4851a1d" />
    <TestEntry testId="61f864ac-97c4-6c85-0643-065c2cc97960" executionId="ae1d4f42-7b70-43c4-a668-e7153e0cd437" testListId="8c84fa94-04c1-424b-9868-57a2d4851a1d" />
    <TestEntry testId="0d6a7c9f-244c-8d08-98f4-afd58838a2c2" executionId="e39b6dfb-0e44-4597-85d8-9fe0eadba324" testListId="8c84fa94-04c1-424b-9868-57a2d4851a1d" />
    <TestEntry testId="3d1af355-28e7-625e-59fd-fe5da700f0dc" executionId="03d26483-879a-42a3-8e67-8c6eb981076b" testListId="8c84fa94-04c1-424b-9868-57a2d4851a1d" />
    <TestEntry testId="a69afd9b-81e8-28e1-2371-18b74a947656" executionId="901c09ca-5fed-403e-b48d-26ddb44130b8" testListId="8c84fa94-04c1-424b-9868-57a2d4851a1d" />
    <TestEntry testId="d2e288cb-5b2d-9b97-c7c0-aed9f363013c" executionId="46d7602d-ae32-447e-ae15-d98c766e89c4" testListId="8c84fa94-04c1-424b-9868-57a2d4851a1d" />
    <TestEntry testId="8e40a9d7-b14a-a165-b4bc-258c3936dfbd" executionId="ec98ec60-b34d-4891-9c22-cbd10c075be5" testListId="8c84fa94-04c1-424b-9868-57a2d4851a1d" />
    <TestEntry testId="e3939992-ed7f-a290-3278-0cb23f85c16d" executionId="65f92099-d4f6-4646-800f-82f16306b389" testListId="8c84fa94-04c1-424b-9868-57a2d4851a1d" />
    <TestEntry testId="1c4368b6-2172-3b52-0d12-0d33b2fcef8b" executionId="3ad989cb-66d0-4e73-9271-4806b7c46cb4" testListId="8c84fa94-04c1-424b-9868-57a2d4851a1d" />
    <TestEntry testId="b4c4dec7-1c5b-811f-ea83-760608d514fd" executionId="ff6a8206-7b97-468a-bfe8-d3c75be072ad" testListId="8c84fa94-04c1-424b-9868-57a2d4851a1d" />
    <TestEntry testId="5f750d11-c899-aa88-cff9-6806fe46c3fe" executionId="dc4df595-e16c-4b2d-a4d6-12fa99697aac" testListId="8c84fa94-04c1-424b-9868-57a2d4851a1d" />
    <TestEntry testId="2903f8f9-605c-f4a1-c251-e272e8faf58d" executionId="86c325f1-8b08-4796-94e4-0103146f2d93" testListId="8c84fa94-04c1-424b-9868-57a2d4851a1d" />
    <TestEntry testId="e8e3664d-13e4-e628-073d-8b88b9f9785c" executionId="37717fa6-5c54-4809-9725-6fec9627b48d" testListId="8c84fa94-04c1-424b-9868-57a2d4851a1d" />
    <TestEntry testId="bfee474b-216b-2c15-15a7-0adadfd388fb" executionId="13dbc6b2-2f43-4761-a8e8-1b3f53bb879e" testListId="8c84fa94-04c1-424b-9868-57a2d4851a1d" />
    <TestEntry testId="19a6af43-eb02-cc32-570b-ae7c8852f08e" executionId="266534a6-ca71-4af8-a4ff-71d5a43b3231" testListId="8c84fa94-04c1-424b-9868-57a2d4851a1d" />
    <TestEntry testId="1847f09f-3a3a-e54a-437b-e06a692092b8" executionId="e6e73b41-47d3-4281-8203-5057b1fc89ac" testListId="8c84fa94-04c1-424b-9868-57a2d4851a1d" />
    <TestEntry testId="73278ab4-3d1d-b883-d827-3ea861390441" executionId="993e6af4-1c76-4262-a3e4-8deb1a015ae1" testListId="8c84fa94-04c1-424b-9868-57a2d4851a1d" />
    <TestEntry testId="4b152625-d247-2206-1bc2-f59ef3dda4ef" executionId="cbbd6278-52c3-4643-bb1d-6af8841b7c5b" testListId="8c84fa94-04c1-424b-9868-57a2d4851a1d" />
    <TestEntry testId="a00a0db9-3140-48ef-5f63-6a059b1f6f40" executionId="05bc17e9-f612-41c6-9aca-1c47229e00f5" testListId="8c84fa94-04c1-424b-9868-57a2d4851a1d" />
    <TestEntry testId="5dc082f5-af3b-2f6f-74c8-0805bee30a46" executionId="a131a503-4e58-4f2e-ac78-70a060eab0d6" testListId="8c84fa94-04c1-424b-9868-57a2d4851a1d" />
    <TestEntry testId="fb66f3c8-a00d-4cfa-eac4-abc207e2c602" executionId="ae1f3bf5-0f88-4b4c-adc3-5d118b7be8e8" testListId="8c84fa94-04c1-424b-9868-57a2d4851a1d" />
    <TestEntry testId="80972e1e-3ff9-bf5c-296f-71aecb5aa2ee" executionId="60890d00-9fe6-4491-8d85-ce43095d318b" testListId="8c84fa94-04c1-424b-9868-57a2d4851a1d" />
    <TestEntry testId="f72783d9-64aa-50e2-fcd1-46f621632d5d" executionId="4824001f-88a0-45ab-9478-b191757b1843" testListId="8c84fa94-04c1-424b-9868-57a2d4851a1d" />
    <TestEntry testId="fb7bf331-bde6-9156-c7eb-687415ce01f4" executionId="b1884be3-c8ea-4e2a-8f92-fc5da8c80f2d" testListId="8c84fa94-04c1-424b-9868-57a2d4851a1d" />
    <TestEntry testId="c0622c05-a365-df5b-d83a-27dce2d844ee" executionId="fcbf0a07-940b-4a31-aacf-654f96c365e7" testListId="8c84fa94-04c1-424b-9868-57a2d4851a1d" />
    <TestEntry testId="30e1c064-5a9f-94cf-3bb0-81267bf9f82e" executionId="46a92ea9-5c0b-4d23-ba4e-727aa6243f9e" testListId="8c84fa94-04c1-424b-9868-57a2d4851a1d" />
    <TestEntry testId="3298d961-bdaa-633a-0d61-33079be298ce" executionId="03ebdbb5-b3bf-42f8-9e7e-9e5ff3528d61" testListId="8c84fa94-04c1-424b-9868-57a2d4851a1d" />
    <TestEntry testId="8c128bb7-55c2-1507-f225-4df0c4a48630" executionId="9647f06c-6c91-4693-90bb-9fa9ad6022f6" testListId="8c84fa94-04c1-424b-9868-57a2d4851a1d" />
    <TestEntry testId="cd325bca-14d8-e62d-3ed3-b6cff2a5be8c" executionId="ad92f6f6-4afa-47d1-b4ba-90d8d3d1b68d" testListId="8c84fa94-04c1-424b-9868-57a2d4851a1d" />
    <TestEntry testId="4adfbd6f-49a9-0885-850f-1a4998e7f85f" executionId="df8c786c-3cbc-4054-913d-3a71268b4b3c" testListId="8c84fa94-04c1-424b-9868-57a2d4851a1d" />
    <TestEntry testId="99f07415-68e4-3476-dd07-6ad55eba383b" executionId="fb4c864e-e214-4780-92d7-63b6a26a9e9a" testListId="8c84fa94-04c1-424b-9868-57a2d4851a1d" />
    <TestEntry testId="8d5bed77-8b58-0b0c-25f0-22107332d09a" executionId="3d3ca85f-7866-4e85-9c06-71d992e18d72" testListId="8c84fa94-04c1-424b-9868-57a2d4851a1d" />
    <TestEntry testId="040e6cf8-8fc7-ca87-38f4-b0a1a8671b45" executionId="46cc2cf0-9d64-42da-ae8c-4cf3ca1fdf23" testListId="8c84fa94-04c1-424b-9868-57a2d4851a1d" />
    <TestEntry testId="039e02b8-589d-bf11-ab34-101144716c75" executionId="32b89795-f549-4966-8be8-6ccd85af99f6" testListId="8c84fa94-04c1-424b-9868-57a2d4851a1d" />
    <TestEntry testId="e099abd9-c51a-27c3-fe30-7b74e00a337f" executionId="a7a0cc96-7cbd-4cb4-a965-76eb0744f3ee" testListId="8c84fa94-04c1-424b-9868-57a2d4851a1d" />
    <TestEntry testId="ae407fd6-e927-5656-0ce5-4192f5da53cb" executionId="b92de301-43b7-48f7-8f75-ed2f37eced73" testListId="8c84fa94-04c1-424b-9868-57a2d4851a1d" />
    <TestEntry testId="a116b226-3d55-2529-864d-5e970bf42be4" executionId="e8715038-6717-43a1-87fa-423a0ce08fff" testListId="8c84fa94-04c1-424b-9868-57a2d4851a1d" />
    <TestEntry testId="8ba27476-b54b-3c26-c478-bb1e87cb663c" executionId="27ae5884-a549-40d4-9ea3-b93da38cdc6c" testListId="8c84fa94-04c1-424b-9868-57a2d4851a1d" />
    <TestEntry testId="f7bc8584-126a-bce9-5286-d35d3ce59a28" executionId="6b40efbc-92d1-4b83-8ba8-e22fbcb9c756" testListId="8c84fa94-04c1-424b-9868-57a2d4851a1d" />
    <TestEntry testId="51b21bbe-86e0-7c92-977a-b85ebd62b755" executionId="2488e01d-6886-4f35-a96d-d65d72187557" testListId="8c84fa94-04c1-424b-9868-57a2d4851a1d" />
    <TestEntry testId="5f1f475f-1270-641d-7d41-d4acd777aabd" executionId="ab8ff0eb-af5d-4803-b5fa-b5dee512c370" testListId="8c84fa94-04c1-424b-9868-57a2d4851a1d" />
    <TestEntry testId="3a671f08-52e1-32fe-f25e-6e157db962d2" executionId="46f54b08-8fa9-40f9-86e3-fd6dd56c5823" testListId="8c84fa94-04c1-424b-9868-57a2d4851a1d" />
    <TestEntry testId="4a9f4574-9113-6c35-d2fa-751a30e86322" executionId="d732a113-b565-47d6-b141-6c53d44c2594" testListId="8c84fa94-04c1-424b-9868-57a2d4851a1d" />
    <TestEntry testId="61bdea90-2716-ebd5-11fe-1f07a5d80915" executionId="9810fd11-3de6-433d-a887-25246bd9b1e6" testListId="8c84fa94-04c1-424b-9868-57a2d4851a1d" />
    <TestEntry testId="e97847d9-9bdd-db77-8bd9-477fffb0c503" executionId="e3843098-dcc6-486e-879e-94de73c71763" testListId="8c84fa94-04c1-424b-9868-57a2d4851a1d" />
    <TestEntry testId="691fc6f3-8d98-645e-59dc-63e6708e6080" executionId="8b031b8f-8cfa-4400-87a0-6dcb6cca2386" testListId="8c84fa94-04c1-424b-9868-57a2d4851a1d" />
    <TestEntry testId="faee1a73-2321-167e-168b-f89892fb598c" executionId="71c9b7d2-32b1-492d-9072-76eb258e2bb3" testListId="8c84fa94-04c1-424b-9868-57a2d4851a1d" />
    <TestEntry testId="491a28af-9dc3-1b63-07e3-54fe5ff8a2ad" executionId="cdf23e99-f095-4081-bcef-2ff09018ff41" testListId="8c84fa94-04c1-424b-9868-57a2d4851a1d" />
    <TestEntry testId="a50452b0-19e4-73e9-85e6-be9ac505f00e" executionId="0f701f11-9736-4823-aa09-09f5f0ea2ccb" testListId="8c84fa94-04c1-424b-9868-57a2d4851a1d" />
    <TestEntry testId="e457ba43-5ec8-2ef9-9f16-d8e65791d46d" executionId="9edf8b4b-32af-4185-bb0b-4971c633c20b" testListId="8c84fa94-04c1-424b-9868-57a2d4851a1d" />
    <TestEntry testId="92c24577-a226-a6b7-7d5e-021b44057899" executionId="504c2a5d-e842-4a09-b755-010ef08765dc" testListId="8c84fa94-04c1-424b-9868-57a2d4851a1d" />
    <TestEntry testId="3462b2eb-e30f-6a87-cb93-c3563606a080" executionId="ca46f624-ad6c-47c8-89fe-8d607be54187" testListId="8c84fa94-04c1-424b-9868-57a2d4851a1d" />
    <TestEntry testId="fbdffebc-5b1f-3fc0-8f3a-0ed85a2faf6a" executionId="9d2dc199-a7ce-4b8e-b2ee-05e2ab1324d3" testListId="8c84fa94-04c1-424b-9868-57a2d4851a1d" />
    <TestEntry testId="09f7512b-fcad-449f-b8a9-c32911a23969" executionId="3a870181-cb90-40f1-bb41-e17f4bae2aba" testListId="8c84fa94-04c1-424b-9868-57a2d4851a1d" />
    <TestEntry testId="e6d7e4bb-8f4e-56e2-712f-a2453f4d8f71" executionId="1e7533eb-b090-48b2-b125-3b5dbdacee4d" testListId="8c84fa94-04c1-424b-9868-57a2d4851a1d" />
    <TestEntry testId="1536b0a9-7189-743d-a273-29feae6f0843" executionId="0715657f-1225-482b-ba37-19790f74c70e" testListId="8c84fa94-04c1-424b-9868-57a2d4851a1d" />
    <TestEntry testId="6df0d294-6a13-f132-5a30-674e429b0930" executionId="a69f2074-63e4-4880-a39f-01916affcd10" testListId="8c84fa94-04c1-424b-9868-57a2d4851a1d" />
    <TestEntry testId="06022d11-491a-4f0d-4482-3457e9003d33" executionId="919978bd-0f93-43d2-9341-9cc8a1814178" testListId="8c84fa94-04c1-424b-9868-57a2d4851a1d" />
    <TestEntry testId="31031da7-a7ef-21d8-df85-bc08b8725f11" executionId="e1b1ddb9-b0f7-4ff8-a6ed-da0c631bc248" testListId="8c84fa94-04c1-424b-9868-57a2d4851a1d" />
    <TestEntry testId="9c12637d-98e9-60e9-4c3e-198e27a61c0f" executionId="14af0abb-f720-4900-b79b-a30eef158fed" testListId="8c84fa94-04c1-424b-9868-57a2d4851a1d" />
    <TestEntry testId="ab2272df-129a-10d0-4d80-4c6fcfe702e8" executionId="a26f4c63-080e-4de7-9eab-b44411e1aba6" testListId="8c84fa94-04c1-424b-9868-57a2d4851a1d" />
    <TestEntry testId="0fb536e2-af1a-ef21-5b53-d89a189dda8d" executionId="cfb08536-6196-4c82-9cea-eb921f7e44a7" testListId="8c84fa94-04c1-424b-9868-57a2d4851a1d" />
    <TestEntry testId="4efa35ac-3125-a521-7208-253d92298a56" executionId="842ee8b9-f59e-477c-9fa5-50ca6b16eb5c" testListId="8c84fa94-04c1-424b-9868-57a2d4851a1d" />
    <TestEntry testId="abc33cd0-29a9-07f5-4aa9-4d70e8dec4a4" executionId="0fbd618b-0dc2-4355-a091-87d69651f6b1" testListId="8c84fa94-04c1-424b-9868-57a2d4851a1d" />
    <TestEntry testId="0b4d877e-fce2-536e-a6f4-e4fbe4e6e47c" executionId="bafeb69e-3dc0-4a9b-b1e3-e1f9b46fe716" testListId="8c84fa94-04c1-424b-9868-57a2d4851a1d" />
    <TestEntry testId="652fbfaf-623d-2a4f-25d1-cf07d8f0c0da" executionId="a04533eb-647e-4afb-aa3e-5f76483fb739" testListId="8c84fa94-04c1-424b-9868-57a2d4851a1d" />
    <TestEntry testId="4e1f3ab2-e30f-84ab-8c3f-ffbda0a749a7" executionId="86286b98-5a29-41e2-b4c0-392142caccdf" testListId="8c84fa94-04c1-424b-9868-57a2d4851a1d" />
    <TestEntry testId="54bc6f9e-1b35-cac3-f6ab-e594cab0fa7a" executionId="54cc08c8-6316-4364-afba-72063e8a9190" testListId="8c84fa94-04c1-424b-9868-57a2d4851a1d" />
    <TestEntry testId="799374f9-c088-e602-bce1-d22bf769b783" executionId="b7989782-67aa-4ae0-b50e-e4f92237d0cb" testListId="8c84fa94-04c1-424b-9868-57a2d4851a1d" />
    <TestEntry testId="f8894dae-c947-7fce-9d72-6693c21ad4f8" executionId="18b58949-503c-498a-954e-17a1a6c4e2be" testListId="8c84fa94-04c1-424b-9868-57a2d4851a1d" />
    <TestEntry testId="5554cc9d-410c-0a03-5c37-393e64fd2d26" executionId="1b20e665-1136-48f7-b4cf-a6b73c589b9c" testListId="8c84fa94-04c1-424b-9868-57a2d4851a1d" />
    <TestEntry testId="fe39f516-26c8-b34c-d7c3-8fcbe7da1ba2" executionId="9c49691d-5dc2-4e87-825b-bb03acde6b87" testListId="8c84fa94-04c1-424b-9868-57a2d4851a1d" />
    <TestEntry testId="75e6c444-bc3b-aad1-8b9e-9567096a44b9" executionId="209ac654-4c52-4509-a823-a35a40ff58a7" testListId="8c84fa94-04c1-424b-9868-57a2d4851a1d" />
    <TestEntry testId="e46091cf-1e82-9cd3-4478-8e74502a12eb" executionId="ea456a6b-ad82-4bce-9ae1-de7aa93bd44f" testListId="8c84fa94-04c1-424b-9868-57a2d4851a1d" />
    <TestEntry testId="4d3fe7e4-2bde-cfc0-5403-0728b7dde62a" executionId="697fcf07-e7cc-4ecb-970c-897c03222fbb" testListId="8c84fa94-04c1-424b-9868-57a2d4851a1d" />
    <TestEntry testId="3b56a798-367d-2897-b3e6-a32862419438" executionId="4a57899f-313a-4bf1-ad8c-cfca2ec2e59a" testListId="8c84fa94-04c1-424b-9868-57a2d4851a1d" />
    <TestEntry testId="34bcb15f-3abe-d5c6-acbc-f3d258cf59b6" executionId="dd0592e9-b349-4d04-a259-a9480343e72b" testListId="8c84fa94-04c1-424b-9868-57a2d4851a1d" />
    <TestEntry testId="3b212d04-f6e8-ace9-1475-1632b0249f80" executionId="1621655f-81ed-48ea-999c-5dcfeca47f42" testListId="8c84fa94-04c1-424b-9868-57a2d4851a1d" />
    <TestEntry testId="9e564273-69a8-eaf4-221d-8cb7dd068c7d" executionId="5118ad7a-8816-405a-8c18-c10ff4ceca20" testListId="8c84fa94-04c1-424b-9868-57a2d4851a1d" />
    <TestEntry testId="7200fbe8-0633-195a-0e4f-25258446a0dd" executionId="b9165adf-3511-4c6e-8b11-fb0309c931b0" testListId="8c84fa94-04c1-424b-9868-57a2d4851a1d" />
    <TestEntry testId="e8631f54-2451-193b-aa4f-8be567b318eb" executionId="d5871dc7-bd8e-4398-b1e0-31a11cb4e276" testListId="8c84fa94-04c1-424b-9868-57a2d4851a1d" />
    <TestEntry testId="c2db2421-6d50-c505-4572-abf46a5e86c5" executionId="e9370f6d-4505-43b0-b9d8-a903b04c93f4" testListId="8c84fa94-04c1-424b-9868-57a2d4851a1d" />
    <TestEntry testId="5ae458e4-bb73-ceec-2cfb-1eb05d691961" executionId="550429cc-e9f1-4574-a320-8a0debc3c2f1" testListId="8c84fa94-04c1-424b-9868-57a2d4851a1d" />
    <TestEntry testId="100cc4f6-ca16-2d93-296d-fb39d2a6b55f" executionId="223f80bc-329e-491c-8f8a-cde5080c2fd5" testListId="8c84fa94-04c1-424b-9868-57a2d4851a1d" />
    <TestEntry testId="102bb5fe-d832-e7b4-1cec-260995c71130" executionId="fb7dbb94-822c-4483-bced-a00efacfbf06" testListId="8c84fa94-04c1-424b-9868-57a2d4851a1d" />
    <TestEntry testId="419d247e-1033-df66-fcc5-471a4ec8f5e3" executionId="571ad141-904e-49d1-aa1b-28b58e73991c" testListId="8c84fa94-04c1-424b-9868-57a2d4851a1d" />
    <TestEntry testId="c0952508-ec1e-97b9-fe02-0c1a5085abd7" executionId="53e0d8a8-7b4e-4f95-aa59-b0a1d1a5a854" testListId="8c84fa94-04c1-424b-9868-57a2d4851a1d" />
    <TestEntry testId="ed2c7eae-4b8e-1a77-ee79-03d5fbd59f41" executionId="043ed064-65f6-4116-8665-e3c7f2804b13" testListId="8c84fa94-04c1-424b-9868-57a2d4851a1d" />
    <TestEntry testId="a97810bc-ccf4-4f77-152b-d7c40d37cd64" executionId="7d6fc597-f2b8-4fca-8037-c2555d021dc9" testListId="8c84fa94-04c1-424b-9868-57a2d4851a1d" />
    <TestEntry testId="0eee54e7-397f-944e-60ad-576b256307cf" executionId="ac647e38-ba52-4965-88b7-e6be041e2d1a" testListId="8c84fa94-04c1-424b-9868-57a2d4851a1d" />
    <TestEntry testId="d4f3c378-b93a-d1d1-d97b-d57a65cd57e1" executionId="1ba38bc5-c0b6-4227-9517-ca5b02845f60" testListId="8c84fa94-04c1-424b-9868-57a2d4851a1d" />
    <TestEntry testId="ab963705-3e28-cc1d-5bf1-a88ea216bc34" executionId="14d18d65-2ab1-4475-97a5-2585e0a34414" testListId="8c84fa94-04c1-424b-9868-57a2d4851a1d" />
    <TestEntry testId="12ac148d-b770-8a76-3e48-40788f60fbd2" executionId="b0c23cce-67b8-4320-b00d-60eb20a02d86" testListId="8c84fa94-04c1-424b-9868-57a2d4851a1d" />
    <TestEntry testId="d810e333-5279-6858-6f15-bdf834685746" executionId="8799fcc8-1c0e-4512-8ee6-be54b61eadc7" testListId="8c84fa94-04c1-424b-9868-57a2d4851a1d" />
    <TestEntry testId="1986b1a1-c98c-3d3a-7942-85a1e1c43315" executionId="46db44de-01e1-44e9-ab18-ab42f051df03" testListId="8c84fa94-04c1-424b-9868-57a2d4851a1d" />
    <TestEntry testId="c2e7dabf-153e-40d2-4e35-e0a4cdae5b80" executionId="a6f0da79-441d-4b09-9db9-0c236c061dff" testListId="8c84fa94-04c1-424b-9868-57a2d4851a1d" />
    <TestEntry testId="cbfda56e-8c0a-ba07-a0f8-119519aa985c" executionId="7aab233b-2768-455d-8a8f-cda2ac10b4ae" testListId="8c84fa94-04c1-424b-9868-57a2d4851a1d" />
    <TestEntry testId="17903115-6688-8f7d-0f17-6bed61c91258" executionId="30dbe8d4-d1d2-4ece-94b3-853e563787da" testListId="8c84fa94-04c1-424b-9868-57a2d4851a1d" />
    <TestEntry testId="459add99-cbf9-4f7c-b3d1-c619873acede" executionId="e38e96e4-775d-420c-8909-0fb8a37e2550" testListId="8c84fa94-04c1-424b-9868-57a2d4851a1d" />
    <TestEntry testId="52ac0864-3141-85db-5ec0-9dd50f51b247" executionId="623b7ee0-9bd0-4c76-8fef-4b260d52ebba" testListId="8c84fa94-04c1-424b-9868-57a2d4851a1d" />
    <TestEntry testId="edd98930-a456-c16e-31c0-f98ab53f4169" executionId="0065d7be-252b-4a77-86ed-a3b4b0bd2330" testListId="8c84fa94-04c1-424b-9868-57a2d4851a1d" />
    <TestEntry testId="5322a6b6-b1d1-4276-7a98-26cc05377b71" executionId="2f49ca00-15b9-42aa-a225-3f37e0c284a1" testListId="8c84fa94-04c1-424b-9868-57a2d4851a1d" />
    <TestEntry testId="45c93144-7308-3312-8730-30e05720d551" executionId="3762bc28-9a9e-4cfc-8b83-239363b76703" testListId="8c84fa94-04c1-424b-9868-57a2d4851a1d" />
    <TestEntry testId="ae0a2a8f-7404-db1c-88e4-d4970f3642af" executionId="b1028d4d-e863-4dc4-9706-31891e162d25" testListId="8c84fa94-04c1-424b-9868-57a2d4851a1d" />
    <TestEntry testId="084c3ea0-3fae-0089-ccac-97b8aadd0b60" executionId="075175f4-2acd-4d3e-8f1f-f03c6f678828" testListId="8c84fa94-04c1-424b-9868-57a2d4851a1d" />
    <TestEntry testId="34d55980-db04-996b-37e3-5ad72dcd15ab" executionId="de0499e0-8885-4872-b97f-a8fdda0c5847" testListId="8c84fa94-04c1-424b-9868-57a2d4851a1d" />
    <TestEntry testId="5987d0c7-7679-adcc-a7d5-76af40a4f7f5" executionId="1662234a-20be-49eb-b1b7-f08bfae2bdca" testListId="8c84fa94-04c1-424b-9868-57a2d4851a1d" />
    <TestEntry testId="1d271909-1898-128b-21ec-f802c1979d9e" executionId="1118d4c6-92f2-42eb-9897-0e9db9441836" testListId="8c84fa94-04c1-424b-9868-57a2d4851a1d" />
    <TestEntry testId="da9e50fc-db80-afa7-5f4f-4cb6b2da8231" executionId="3c3e4c88-f997-4d83-8886-d23ec9d5cbb5" testListId="8c84fa94-04c1-424b-9868-57a2d4851a1d" />
    <TestEntry testId="dffdcee4-e2c7-a486-318f-edaed8877c4d" executionId="2e9dd55d-e8fa-4e18-9dab-748e6ba563e5" testListId="8c84fa94-04c1-424b-9868-57a2d4851a1d" />
    <TestEntry testId="f2b68a15-ef7c-c26b-ffdd-eb9ae7067bca" executionId="ac3f2879-f161-46ef-bed9-52bca064065f" testListId="8c84fa94-04c1-424b-9868-57a2d4851a1d" />
    <TestEntry testId="f5820c79-9491-c601-5f6f-2c9537d33353" executionId="2bf2658b-cfcb-41d0-9c08-461c754b7142" testListId="8c84fa94-04c1-424b-9868-57a2d4851a1d" />
    <TestEntry testId="241187d4-ddc3-99e8-1041-3b3411c6c907" executionId="10626ea8-5764-4eeb-88ba-5942ed714f20" testListId="8c84fa94-04c1-424b-9868-57a2d4851a1d" />
    <TestEntry testId="b8c9a81a-11ec-9afa-2e32-5c4408d66f0a" executionId="51c36212-3d30-443b-aac8-f6bd2c08e134" testListId="8c84fa94-04c1-424b-9868-57a2d4851a1d" />
    <TestEntry testId="034f9192-5731-ab77-854c-d5ad3844ecab" executionId="1434baad-83dd-4a79-ba68-32a58486fce7" testListId="8c84fa94-04c1-424b-9868-57a2d4851a1d" />
    <TestEntry testId="bb53c479-4fb7-b049-d0b3-60c53109c03d" executionId="0ddc61b7-6055-4280-91ea-72a1ebebb1ed" testListId="8c84fa94-04c1-424b-9868-57a2d4851a1d" />
    <TestEntry testId="749e89fd-9c9b-5d83-545c-b459ff44beff" executionId="9097ae88-c829-42af-bdeb-1369ec7e475b" testListId="8c84fa94-04c1-424b-9868-57a2d4851a1d" />
    <TestEntry testId="3c1ea8ba-f2b4-a355-28eb-de4dee6b9be9" executionId="e48ae893-4e83-4d92-858c-92795b75d4c6" testListId="8c84fa94-04c1-424b-9868-57a2d4851a1d" />
    <TestEntry testId="178d037f-daf8-5717-a393-b090c90da1cf" executionId="413f749c-19da-4cc5-b2c8-aaef0fea1bed" testListId="8c84fa94-04c1-424b-9868-57a2d4851a1d" />
    <TestEntry testId="5b94edbf-3c78-7105-4ec5-f34d39e55c58" executionId="185daffd-278c-4639-875d-3f90f563da47" testListId="8c84fa94-04c1-424b-9868-57a2d4851a1d" />
    <TestEntry testId="273a20e0-541a-4005-532d-de3663197643" executionId="69c4bed2-33a8-4bcc-933c-cf4db1c4fb0a" testListId="8c84fa94-04c1-424b-9868-57a2d4851a1d" />
    <TestEntry testId="58fbd806-2ce4-1de9-b5f6-010d0ee1cbfa" executionId="9f81589b-5446-4d21-8fe5-702107d3faf8" testListId="8c84fa94-04c1-424b-9868-57a2d4851a1d" />
    <TestEntry testId="230e1e23-a8f6-7ac5-0938-0ce23eabf420" executionId="ee9f9bf4-df59-4f4e-b956-99ca9f7f895b" testListId="8c84fa94-04c1-424b-9868-57a2d4851a1d" />
    <TestEntry testId="2cd343bd-badc-869e-d32e-7b446b74dbcf" executionId="3830b18e-f1e0-48bf-8cb6-416875db5600" testListId="8c84fa94-04c1-424b-9868-57a2d4851a1d" />
    <TestEntry testId="237b1260-5bf2-21f1-fab1-5f4efe94ad6e" executionId="8f6403bb-51cf-4c4f-b9db-2693da65f2cd" testListId="8c84fa94-04c1-424b-9868-57a2d4851a1d" />
    <TestEntry testId="20607095-992d-3bf7-849c-32032c3b5657" executionId="2fd7a198-d0ab-420d-afaf-353472fb69c5" testListId="8c84fa94-04c1-424b-9868-57a2d4851a1d" />
    <TestEntry testId="cc7d6c48-2140-f681-276a-ee6d54b1f129" executionId="6a8426d7-9e3e-4b70-a702-53ed833a1d58" testListId="8c84fa94-04c1-424b-9868-57a2d4851a1d" />
    <TestEntry testId="eb1e2ccd-822e-57b0-f5e5-7fc8ed277803" executionId="d74685ec-a999-4919-9011-406aea52c781" testListId="8c84fa94-04c1-424b-9868-57a2d4851a1d" />
    <TestEntry testId="b58c1648-01cd-8d33-8125-f2d9795f377d" executionId="f14cc64a-57f3-4349-8cef-af0945c68d24" testListId="8c84fa94-04c1-424b-9868-57a2d4851a1d" />
    <TestEntry testId="fa17089e-753f-5fa3-f3ed-36d704a8d2ac" executionId="17330555-23fc-490f-a0a7-6d6586ee3102" testListId="8c84fa94-04c1-424b-9868-57a2d4851a1d" />
    <TestEntry testId="584d2955-8662-50b8-9c7a-cb8a910d527d" executionId="63bd5f74-7150-4cae-a922-853dedff749a" testListId="8c84fa94-04c1-424b-9868-57a2d4851a1d" />
    <TestEntry testId="3323ac76-0104-2779-2a9d-3f5ae9693296" executionId="298f6543-4d82-4ef5-809c-ae137c9c3367" testListId="8c84fa94-04c1-424b-9868-57a2d4851a1d" />
    <TestEntry testId="e641957d-86a3-9c73-8dcf-f9374b4233e0" executionId="9247b6eb-6bbc-4c07-b3b1-808b526dcaf3" testListId="8c84fa94-04c1-424b-9868-57a2d4851a1d" />
    <TestEntry testId="95359d07-8287-2be5-3354-cb2f7f60a3bf" executionId="ddb6bb10-3bb0-456a-9411-b18531c7635f" testListId="8c84fa94-04c1-424b-9868-57a2d4851a1d" />
    <TestEntry testId="ee9462eb-6912-5171-764c-f29a600e2526" executionId="a21c0ec9-1b2d-4773-aa95-7a3258c62d74" testListId="8c84fa94-04c1-424b-9868-57a2d4851a1d" />
    <TestEntry testId="28d201d7-5353-764b-c109-520fc030be51" executionId="911c64a2-b2a3-4947-86e4-70a8a9f5aa37" testListId="8c84fa94-04c1-424b-9868-57a2d4851a1d" />
    <TestEntry testId="5f3735b0-854d-d423-adfb-f959d02e73f7" executionId="9b09bae2-84e2-4f7d-a831-7826dab0c475" testListId="8c84fa94-04c1-424b-9868-57a2d4851a1d" />
    <TestEntry testId="e905c24a-e819-fe18-0852-b70c2080c17c" executionId="5f063568-670e-4bd1-9672-96bb6ed3f2e2" testListId="8c84fa94-04c1-424b-9868-57a2d4851a1d" />
    <TestEntry testId="db653531-1a7a-b4d6-7b77-97b13719461c" executionId="4a21d463-76c6-4627-962f-5d95c742d05b" testListId="8c84fa94-04c1-424b-9868-57a2d4851a1d" />
    <TestEntry testId="9a37fdb2-9bc9-44c3-d032-3d58a5dce31d" executionId="e6985248-0af8-4d58-b841-c7488abcc885" testListId="8c84fa94-04c1-424b-9868-57a2d4851a1d" />
    <TestEntry testId="2253269e-957f-9bba-378c-fb3e844bd0a1" executionId="d8120371-a957-44de-a9d0-16b11666ed90" testListId="8c84fa94-04c1-424b-9868-57a2d4851a1d" />
    <TestEntry testId="e21002e6-50a6-5886-0d27-79e4c9ba2f92" executionId="e11e9697-bfa6-417c-9948-9f6af4067801" testListId="8c84fa94-04c1-424b-9868-57a2d4851a1d" />
    <TestEntry testId="cbad7040-1370-8b80-f9ed-c7be376f327f" executionId="0877f5f1-e136-4280-b258-b7ef0daa18b1" testListId="8c84fa94-04c1-424b-9868-57a2d4851a1d" />
    <TestEntry testId="4d4e339b-9d29-e85f-f9ef-3112de40381f" executionId="35eb44da-620b-4ad3-91ed-ec3b1284b305" testListId="8c84fa94-04c1-424b-9868-57a2d4851a1d" />
    <TestEntry testId="1a44af6f-888e-1f8e-a00f-e2d743b26f12" executionId="3dff4e23-bfd0-46de-9999-66318c35e468" testListId="8c84fa94-04c1-424b-9868-57a2d4851a1d" />
    <TestEntry testId="4c71192e-43b4-c49c-e53a-9e4a0adf6b7e" executionId="4561c797-8d70-45ea-ab3c-e318686aa261" testListId="8c84fa94-04c1-424b-9868-57a2d4851a1d" />
    <TestEntry testId="256b0aa4-ca9e-f9c0-c01a-e5ce082d7933" executionId="38b5627a-c5c1-40a0-9a0a-ef98024826fd" testListId="8c84fa94-04c1-424b-9868-57a2d4851a1d" />
    <TestEntry testId="ff7ab5c9-17cd-23b9-cfc1-99026e4f14ac" executionId="78e9dd6b-d9bd-4703-98a6-44e9bfdbe0fb" testListId="8c84fa94-04c1-424b-9868-57a2d4851a1d" />
    <TestEntry testId="1fe96cd6-e80d-4fd9-dedb-226c16d9375d" executionId="0f29ecff-377d-42bc-95e6-c79b5f225d13" testListId="8c84fa94-04c1-424b-9868-57a2d4851a1d" />
    <TestEntry testId="34bdc501-b6be-65bd-2c54-6d143c30390e" executionId="b9af0715-531f-44c8-83a6-0e930a242214" testListId="8c84fa94-04c1-424b-9868-57a2d4851a1d" />
    <TestEntry testId="e3f04803-c378-ce39-94cd-bd430620d6cb" executionId="48f9d7ac-0924-4305-b26d-ece5a28ddfeb" testListId="8c84fa94-04c1-424b-9868-57a2d4851a1d" />
    <TestEntry testId="d6af606e-af1d-b77f-4ce0-c1f6556a4ce0" executionId="6e5ead6c-9ae7-4034-b723-7c4bfb520d3e" testListId="8c84fa94-04c1-424b-9868-57a2d4851a1d" />
    <TestEntry testId="9c7fd1db-1277-0ff0-b26a-428fd3366acd" executionId="1b3349c3-4d38-4c3c-9081-a1d2470adb82" testListId="8c84fa94-04c1-424b-9868-57a2d4851a1d" />
    <TestEntry testId="546c163e-77dd-f570-5b52-f67af946e3b9" executionId="8dd2e83c-bb47-4bb0-91bb-1ece521d86ca" testListId="8c84fa94-04c1-424b-9868-57a2d4851a1d" />
    <TestEntry testId="5fa53206-edec-8295-28b6-5eb1541e56b6" executionId="fbc76fdc-aaa5-4505-8031-ce07add0f5b0" testListId="8c84fa94-04c1-424b-9868-57a2d4851a1d" />
    <TestEntry testId="9b79670a-4357-fb82-855b-9e335ddd3a09" executionId="aa78cd45-afc2-43f9-8b77-12db67343a7c" testListId="8c84fa94-04c1-424b-9868-57a2d4851a1d" />
    <TestEntry testId="33fd1dda-62a8-0bed-a4ce-731800ce94c0" executionId="d8cc47c2-a3d6-4c27-b57d-8abfe8524dfb" testListId="8c84fa94-04c1-424b-9868-57a2d4851a1d" />
    <TestEntry testId="9cf8eb03-8fbc-6ccc-0fef-ebebfde3ba22" executionId="2b650896-d60e-48ed-818e-d468c7c53638" testListId="8c84fa94-04c1-424b-9868-57a2d4851a1d" />
    <TestEntry testId="04661d81-bbef-c82f-71cf-dda291897ead" executionId="214f122d-bf7e-4b59-b7ec-783399cc8ebb" testListId="8c84fa94-04c1-424b-9868-57a2d4851a1d" />
    <TestEntry testId="03e8826c-20fc-cadf-51a4-fe54882f4740" executionId="861dd212-0609-4c6a-b4d0-cd6483a8fba3" testListId="8c84fa94-04c1-424b-9868-57a2d4851a1d" />
    <TestEntry testId="b59817a2-024b-f794-3f46-68714948a01a" executionId="039e5632-f5a3-4279-91b0-f3b66e31591e" testListId="8c84fa94-04c1-424b-9868-57a2d4851a1d" />
    <TestEntry testId="d907dab2-a0b3-0153-e7e4-4d342798a47e" executionId="b8287b76-c9ca-428d-9ea7-6c39dc5765e8" testListId="8c84fa94-04c1-424b-9868-57a2d4851a1d" />
    <TestEntry testId="21c8abf8-9b6f-d71c-0d26-379759e20f24" executionId="b1476544-f23f-46f1-8f03-ab994026aa9b" testListId="8c84fa94-04c1-424b-9868-57a2d4851a1d" />
    <TestEntry testId="a8ba7efd-581f-551d-dd26-e7f6709e3995" executionId="66ec7a2d-2d9f-48ca-a609-32306f58b1b1" testListId="8c84fa94-04c1-424b-9868-57a2d4851a1d" />
    <TestEntry testId="ca756e2d-d5c0-6e03-1ab7-b2045c06d17b" executionId="066d85fb-03d8-4b57-a8da-e468e9d77176" testListId="8c84fa94-04c1-424b-9868-57a2d4851a1d" />
    <TestEntry testId="a5736665-a659-170c-f088-df8850eec8a7" executionId="db4014a2-a8a9-444b-a65f-a6cd2d44e2e1" testListId="8c84fa94-04c1-424b-9868-57a2d4851a1d" />
    <TestEntry testId="77e25ad7-ee15-446a-9252-d1385f25c4e7" executionId="40fab512-cbef-4f40-9e6e-50d26851394c" testListId="8c84fa94-04c1-424b-9868-57a2d4851a1d" />
    <TestEntry testId="217b46ae-53e4-8868-0968-60de7a74b62a" executionId="a4320a38-74cc-46b9-bf37-0e7aa85ab864" testListId="8c84fa94-04c1-424b-9868-57a2d4851a1d" />
    <TestEntry testId="c24ecee8-9b5d-eb63-8afc-f2b0a38b7a72" executionId="3370f334-0edf-476f-808d-444dc689ccda" testListId="8c84fa94-04c1-424b-9868-57a2d4851a1d" />
    <TestEntry testId="0d7a2cf9-13e2-7888-b21b-f6464a19d4c6" executionId="03d09521-6df7-4967-8d50-86e4571ed5bb" testListId="8c84fa94-04c1-424b-9868-57a2d4851a1d" />
    <TestEntry testId="d328e580-fcf1-b0bb-73e2-fe6651dece0e" executionId="0608df92-b80d-496f-a277-04861bcf00dc" testListId="8c84fa94-04c1-424b-9868-57a2d4851a1d" />
    <TestEntry testId="e6ee2e42-d693-5a92-34f3-83564b601337" executionId="90765a83-1810-4871-aacb-5eeb169fe509" testListId="8c84fa94-04c1-424b-9868-57a2d4851a1d" />
    <TestEntry testId="9e60da1f-2da8-eacc-63f9-9c91b8a7e042" executionId="673fab7b-16ac-4ffd-9634-bd9915ef4526" testListId="8c84fa94-04c1-424b-9868-57a2d4851a1d" />
    <TestEntry testId="caaa55d0-af40-7108-2d48-eb01bc500599" executionId="1fb25991-5dac-4567-9469-c6c03b825ac1" testListId="8c84fa94-04c1-424b-9868-57a2d4851a1d" />
    <TestEntry testId="3dca0048-5c2b-c7cd-4eca-6367cfc4f1ca" executionId="9fd351dc-a603-4392-95b9-28f00194733c" testListId="8c84fa94-04c1-424b-9868-57a2d4851a1d" />
    <TestEntry testId="38ee170e-2136-8164-8076-d7d266da6388" executionId="a458557f-9c62-49c3-b50a-9e8c807d91df" testListId="8c84fa94-04c1-424b-9868-57a2d4851a1d" />
    <TestEntry testId="0e945364-42c0-3773-924e-a8c9f3ec6d3e" executionId="262eb441-3162-4a0a-8f2c-40e28683919d" testListId="8c84fa94-04c1-424b-9868-57a2d4851a1d" />
    <TestEntry testId="847ca950-a5c5-d084-8e4e-ab9e67678604" executionId="ca185af2-711c-46fe-970f-eead5199afed" testListId="8c84fa94-04c1-424b-9868-57a2d4851a1d" />
    <TestEntry testId="4487648c-7b44-bfaa-d7fb-20dd19782f71" executionId="15d21436-df6a-4122-b3d3-418686c6de41" testListId="8c84fa94-04c1-424b-9868-57a2d4851a1d" />
    <TestEntry testId="48c41a45-a694-6e7a-7100-4b0ce75fbb19" executionId="ab7761ba-6d3a-49c6-862b-bb098eaa157c" testListId="8c84fa94-04c1-424b-9868-57a2d4851a1d" />
    <TestEntry testId="2472258e-8be8-7772-0b75-b4a3d535f097" executionId="0b8df755-c8c1-4523-8a31-200093d099e5" testListId="8c84fa94-04c1-424b-9868-57a2d4851a1d" />
    <TestEntry testId="bea51f53-59a0-d933-da38-7b5730c49072" executionId="07104464-a9a0-42fe-9e48-455dceed8831" testListId="8c84fa94-04c1-424b-9868-57a2d4851a1d" />
    <TestEntry testId="5bb9d818-e2ff-58b7-df0a-941461adb800" executionId="dc6a569c-9b46-4e29-a40c-408324415050" testListId="8c84fa94-04c1-424b-9868-57a2d4851a1d" />
    <TestEntry testId="d28e2add-d838-2ebe-df2d-b5dd0d3b773e" executionId="f95e7e2f-4cba-4481-b3c3-0dfb7cf855e9" testListId="8c84fa94-04c1-424b-9868-57a2d4851a1d" />
    <TestEntry testId="d99ced1b-9ef8-b735-4a70-4562dc79a9d0" executionId="35bf896e-d692-4668-bd8a-648ae3a48f91" testListId="8c84fa94-04c1-424b-9868-57a2d4851a1d" />
    <TestEntry testId="a89532f2-9366-df90-5e03-76517aae2ef6" executionId="eb942625-d98d-467b-8f92-189d49d3a0a1" testListId="8c84fa94-04c1-424b-9868-57a2d4851a1d" />
    <TestEntry testId="a5c380fd-7aff-7b69-c8d6-5989b9e204c5" executionId="55c08dae-3f3d-449e-9333-b60ee4f07cb3" testListId="8c84fa94-04c1-424b-9868-57a2d4851a1d" />
    <TestEntry testId="31ad7a80-5373-effd-b719-cfe8b75a74c8" executionId="da7d08b2-01d8-49fb-82e4-d99cdfca84db" testListId="8c84fa94-04c1-424b-9868-57a2d4851a1d" />
    <TestEntry testId="e605935b-b7df-1383-2d29-96bb8b33e684" executionId="81f94c6f-7a00-4a6b-9b6a-b18fde9fb701" testListId="8c84fa94-04c1-424b-9868-57a2d4851a1d" />
    <TestEntry testId="83c96126-428f-5139-26c1-00806d946a42" executionId="8e0e5cdb-04e8-4117-851b-cba4a731f55e" testListId="8c84fa94-04c1-424b-9868-57a2d4851a1d" />
    <TestEntry testId="4e78f25c-d355-e112-010c-d75e1dbe484f" executionId="e1b235e7-d3e3-4467-affc-cad89f3daedf" testListId="8c84fa94-04c1-424b-9868-57a2d4851a1d" />
    <TestEntry testId="2031700b-98b7-ff2b-f550-00f3842fd04f" executionId="331d3645-2d57-4183-a877-d10b022badfa" testListId="8c84fa94-04c1-424b-9868-57a2d4851a1d" />
    <TestEntry testId="4167d107-473f-7d0a-c3aa-2c271677cfd1" executionId="35a2119c-b035-4072-8e23-a0061b5dfcbb" testListId="8c84fa94-04c1-424b-9868-57a2d4851a1d" />
    <TestEntry testId="5df2cee8-1205-20ca-1995-6e5120b53d1e" executionId="c5459461-3103-45f1-901a-121c10f2adbe" testListId="8c84fa94-04c1-424b-9868-57a2d4851a1d" />
    <TestEntry testId="68224de9-ccec-a0b7-c8a8-a3c8c0c30259" executionId="f01ee5df-8103-4a9b-8a68-96eccd682510" testListId="8c84fa94-04c1-424b-9868-57a2d4851a1d" />
    <TestEntry testId="a188d29e-24f4-14f6-3109-f28ee9929456" executionId="aa5e557c-9c84-4d67-95e8-417ef31434eb" testListId="8c84fa94-04c1-424b-9868-57a2d4851a1d" />
    <TestEntry testId="f6807856-920c-b4f6-bd05-450a0bb2d3bd" executionId="2b49bf88-a121-4eb3-a278-6bc72aefadf0" testListId="8c84fa94-04c1-424b-9868-57a2d4851a1d" />
    <TestEntry testId="d1d304ec-d1a8-54dd-0ee3-d84b0c72b00c" executionId="a27ad0c8-e22a-4396-9164-05e70128cd23" testListId="8c84fa94-04c1-424b-9868-57a2d4851a1d" />
    <TestEntry testId="2cd8497b-7c7c-c528-555b-f107e750a1a0" executionId="c65003d2-1b1e-4dec-b5d4-a540e1780485" testListId="8c84fa94-04c1-424b-9868-57a2d4851a1d" />
    <TestEntry testId="e62a06d7-081f-b513-c2d5-80ddeebcb813" executionId="ca1acc86-d43c-45a1-b9f7-ba8457e5f92a" testListId="8c84fa94-04c1-424b-9868-57a2d4851a1d" />
    <TestEntry testId="015022db-d96e-2b60-5477-1c6f1fa9a487" executionId="048c6b8e-9374-4029-b73d-c2fcaa69da3d" testListId="8c84fa94-04c1-424b-9868-57a2d4851a1d" />
    <TestEntry testId="6a7d9b76-8e51-2dd0-7599-1dd99ccb1f30" executionId="623ab41f-9fde-4db7-9ca3-b2cd78813c49" testListId="8c84fa94-04c1-424b-9868-57a2d4851a1d" />
    <TestEntry testId="c08a791c-2a2e-8ef9-53c2-680714283837" executionId="2541b984-1dab-4531-8484-d1a9b3f9737b" testListId="8c84fa94-04c1-424b-9868-57a2d4851a1d" />
    <TestEntry testId="028a745a-d396-f185-341f-56b2c46b3ca2" executionId="a60fb703-1dcf-4d21-abe4-f9735f15ca51" testListId="8c84fa94-04c1-424b-9868-57a2d4851a1d" />
    <TestEntry testId="235eb381-d2e3-8caa-5888-040fb729169a" executionId="32e84d83-5796-480f-9b33-c29f396c7176" testListId="8c84fa94-04c1-424b-9868-57a2d4851a1d" />
    <TestEntry testId="bac2e760-c57c-379d-cca8-5272b1f0e7e5" executionId="bdf65a87-a45c-43eb-9009-3217a5a31275" testListId="8c84fa94-04c1-424b-9868-57a2d4851a1d" />
    <TestEntry testId="31b9c4ce-6a9b-3b29-d842-ab748e7d275b" executionId="42450a57-e9a6-4cb9-aecf-dbb5290c23d2" testListId="8c84fa94-04c1-424b-9868-57a2d4851a1d" />
    <TestEntry testId="ff96b5de-94eb-fc99-362b-5102f1ace758" executionId="74864794-304c-439e-9682-fe2e2c24b15a" testListId="8c84fa94-04c1-424b-9868-57a2d4851a1d" />
    <TestEntry testId="ba870e88-e985-a063-3050-00fcfcbc95b8" executionId="c3fe7dcb-38b6-4ff8-82c0-a6822995ece3" testListId="8c84fa94-04c1-424b-9868-57a2d4851a1d" />
    <TestEntry testId="eccf41da-6b65-aa5d-c784-b8badc726d9b" executionId="f61d2a91-7c37-4c1f-826b-a601ad6534d1" testListId="8c84fa94-04c1-424b-9868-57a2d4851a1d" />
    <TestEntry testId="8dcae478-7176-db28-16c0-e91e0d918df3" executionId="a6299f51-d3bb-492e-95b7-d437f70d2d2f" testListId="8c84fa94-04c1-424b-9868-57a2d4851a1d" />
    <TestEntry testId="761c5474-ba0b-efdd-0d5f-bfbe630a98c2" executionId="e7e09771-acd7-4cf8-b531-fec2df0b9a0e" testListId="8c84fa94-04c1-424b-9868-57a2d4851a1d" />
    <TestEntry testId="5058bebd-02f5-fdd0-776c-ccea1412870f" executionId="b3452adf-f046-49b8-81bf-38f14d70f4d8" testListId="8c84fa94-04c1-424b-9868-57a2d4851a1d" />
    <TestEntry testId="ed2134d1-cccc-7594-ff4e-6670ac477e6f" executionId="e8c29433-abc7-40ea-a273-28203b72c883" testListId="8c84fa94-04c1-424b-9868-57a2d4851a1d" />
    <TestEntry testId="0a0bc23b-0e81-f4f7-edb6-cfc0213b6904" executionId="2383a05d-185e-40e0-864e-cca43d758987" testListId="8c84fa94-04c1-424b-9868-57a2d4851a1d" />
    <TestEntry testId="9f1933d5-ba32-f60d-5aa4-3e77602dd567" executionId="4b52b23b-086e-45b9-986b-7e644d713a3f" testListId="8c84fa94-04c1-424b-9868-57a2d4851a1d" />
    <TestEntry testId="e1d79475-a361-3073-e286-53d8423f4048" executionId="0547c7c8-c563-48e0-8efe-0827b1db1120" testListId="8c84fa94-04c1-424b-9868-57a2d4851a1d" />
    <TestEntry testId="843293b0-7cce-f386-da63-2fb428fb7828" executionId="44e89e34-c353-4948-9ad1-aa656c527080" testListId="8c84fa94-04c1-424b-9868-57a2d4851a1d" />
    <TestEntry testId="0af3eea6-5817-a867-a6c4-92fe1e3e316c" executionId="de9c1f45-efce-419a-b3a6-6ecce6e81c30" testListId="8c84fa94-04c1-424b-9868-57a2d4851a1d" />
    <TestEntry testId="eb81fa5f-83e5-54db-0bb8-c928bd6f40f1" executionId="b4333b6e-c069-4943-8be9-efcf654f5b0e" testListId="8c84fa94-04c1-424b-9868-57a2d4851a1d" />
    <TestEntry testId="99085e4f-7a45-28dd-d73e-76b910959f1c" executionId="f07e0b04-b419-40af-8f66-914d957bcd20" testListId="8c84fa94-04c1-424b-9868-57a2d4851a1d" />
    <TestEntry testId="27c9de3f-c624-ee93-069f-2072d9c30f0a" executionId="98ffbb98-4182-4b1d-8a2a-6e6f0702a156" testListId="8c84fa94-04c1-424b-9868-57a2d4851a1d" />
    <TestEntry testId="4d07a1bc-a8d9-c223-fb28-a20fa9ce459f" executionId="c46b9d94-5f9a-4c93-a13c-0c2a51d358cb" testListId="8c84fa94-04c1-424b-9868-57a2d4851a1d" />
    <TestEntry testId="80a788de-88e0-32bd-4244-9850aa1ba44f" executionId="0d294a1a-4a02-4d40-aece-027ef349b7f6" testListId="8c84fa94-04c1-424b-9868-57a2d4851a1d" />
    <TestEntry testId="5200e545-dbbb-62af-891d-31499a618a0e" executionId="f7a3f33a-ff0c-43c6-ae42-bcba9efb35ab" testListId="8c84fa94-04c1-424b-9868-57a2d4851a1d" />
    <TestEntry testId="386de361-29e9-e772-105e-fd42e87ecfec" executionId="1492ac12-5a6c-4fc7-acec-10c5fd6d221b" testListId="8c84fa94-04c1-424b-9868-57a2d4851a1d" />
    <TestEntry testId="6c2df068-e073-781f-ed58-d73445937e1f" executionId="a21c7037-dfbf-4cad-a99b-87cbd0fd0e68" testListId="8c84fa94-04c1-424b-9868-57a2d4851a1d" />
    <TestEntry testId="a5d2d781-ed08-2478-bb45-1d4f50c82554" executionId="4b272361-5a8b-4d36-9de3-36d1364d5726" testListId="8c84fa94-04c1-424b-9868-57a2d4851a1d" />
    <TestEntry testId="251bbc15-9ad4-e7e2-3a95-fab7be0e3e27" executionId="f5c4a77f-674e-4728-8d2b-9c743c3bba4f" testListId="8c84fa94-04c1-424b-9868-57a2d4851a1d" />
    <TestEntry testId="6a68b288-e760-a42c-8c5a-4aafd65f28b7" executionId="3935f660-2bdb-4424-80b4-a0b9ebcd72de" testListId="8c84fa94-04c1-424b-9868-57a2d4851a1d" />
    <TestEntry testId="ef111b7b-895d-e083-171f-1b45ef31d01a" executionId="d70fb7ae-542b-4c05-8614-aa777137b1c1" testListId="8c84fa94-04c1-424b-9868-57a2d4851a1d" />
    <TestEntry testId="fd35a08c-5b95-7a8f-b139-85a90dbcf98e" executionId="97c32b2c-f6d6-446b-8bda-4fd352ee0c3a" testListId="8c84fa94-04c1-424b-9868-57a2d4851a1d" />
    <TestEntry testId="6205fc96-eb71-1460-755c-461fb37bb024" executionId="e0f139a7-3c47-4f41-a1cc-e845b8ec7d7f" testListId="8c84fa94-04c1-424b-9868-57a2d4851a1d" />
    <TestEntry testId="48480e6e-913f-e95b-4a6c-465d36475b6a" executionId="9c8c712c-a240-46cc-a448-7d675b81bef6" testListId="8c84fa94-04c1-424b-9868-57a2d4851a1d" />
    <TestEntry testId="38b02068-987c-3dd3-28cd-9a07df85e95b" executionId="cab732f5-12f6-4caa-8b8b-bd61a2c0bdbf" testListId="8c84fa94-04c1-424b-9868-57a2d4851a1d" />
    <TestEntry testId="9af46142-b025-7ff1-cd86-b161fef30f97" executionId="72c30a5a-bfb9-43c9-b4ea-841729f4a83a" testListId="8c84fa94-04c1-424b-9868-57a2d4851a1d" />
    <TestEntry testId="9f74ffc2-1a7b-4759-a337-57d1812dbf3f" executionId="2c5f2c95-d46c-42a9-92e5-277ebcb2d6c3" testListId="8c84fa94-04c1-424b-9868-57a2d4851a1d" />
    <TestEntry testId="c5439243-290e-2a67-aa6b-588710f39fb3" executionId="547e3e59-ae75-4d3d-a33f-b7dd382e6957" testListId="8c84fa94-04c1-424b-9868-57a2d4851a1d" />
    <TestEntry testId="89c1bc9c-fd1f-546d-3081-e1943d5ea5fd" executionId="c7250b1a-444e-4672-976a-ddbd68092606" testListId="8c84fa94-04c1-424b-9868-57a2d4851a1d" />
    <TestEntry testId="f3b15f6b-f00d-4e6c-f3c3-26bd7741dc5d" executionId="9ef37c68-e2d3-43ab-95f6-4da61306c998" testListId="8c84fa94-04c1-424b-9868-57a2d4851a1d" />
    <TestEntry testId="df661f1a-369e-296a-5042-ab9651f93dce" executionId="1c4ba5ba-ce81-49a1-b4b9-64f5cf64cf6b" testListId="8c84fa94-04c1-424b-9868-57a2d4851a1d" />
    <TestEntry testId="4f6b94b9-8c0a-f905-af50-086f7c071ad9" executionId="b83af513-89e7-496f-bfdd-53d2c60c3cf1" testListId="8c84fa94-04c1-424b-9868-57a2d4851a1d" />
    <TestEntry testId="f58711de-d6a1-25df-941a-d7a477d8bf41" executionId="fc4414a1-e54a-4dbd-a642-d8b1ca7992f8" testListId="8c84fa94-04c1-424b-9868-57a2d4851a1d" />
    <TestEntry testId="2ff98558-45c2-21dd-60d2-e1efdde7c0a8" executionId="14677add-0a78-4279-a581-959c754410a4" testListId="8c84fa94-04c1-424b-9868-57a2d4851a1d" />
    <TestEntry testId="170260b6-6610-99a8-adfb-d2dcbd80a40f" executionId="4cff724c-42bd-44b2-a4b3-eb84af63f0df" testListId="8c84fa94-04c1-424b-9868-57a2d4851a1d" />
    <TestEntry testId="8181cd4b-8454-73ed-8ced-01a1dc2b25c3" executionId="75deadf7-fee8-412c-bdf0-72c8bc83d7dc" testListId="8c84fa94-04c1-424b-9868-57a2d4851a1d" />
    <TestEntry testId="294f15b0-a486-8084-b9ae-585b30f21a60" executionId="a86ff9ca-af8c-42d8-8c1c-d310d11ce3d9" testListId="8c84fa94-04c1-424b-9868-57a2d4851a1d" />
    <TestEntry testId="e8ec7e81-c75e-50ea-5d4f-c58eeb7d8270" executionId="4537a4c0-156d-418b-9a3b-bc77fc9aba36" testListId="8c84fa94-04c1-424b-9868-57a2d4851a1d" />
    <TestEntry testId="595bfab0-5cd9-2edb-fcf1-e6874dc93e48" executionId="5e716b51-4629-4e90-8942-029912977fc9" testListId="8c84fa94-04c1-424b-9868-57a2d4851a1d" />
    <TestEntry testId="05d3ca05-7d6a-4ccb-9500-bddd30f80ece" executionId="dba5a5f9-0b69-4ba3-8cde-b093d1f438b6" testListId="8c84fa94-04c1-424b-9868-57a2d4851a1d" />
    <TestEntry testId="302cac3a-acd8-63e7-21fb-e5689524a492" executionId="18d70929-2280-44d7-a52f-0383496e46a0" testListId="8c84fa94-04c1-424b-9868-57a2d4851a1d" />
    <TestEntry testId="6dd99dbe-4c8b-34b5-1e2c-dac97050c643" executionId="558f0737-fe31-42f1-92ff-ec6cc9914514" testListId="8c84fa94-04c1-424b-9868-57a2d4851a1d" />
    <TestEntry testId="1400f8ec-69fd-4b7f-6a20-9938aff67002" executionId="44fb7a2a-ba4c-4e1f-a90d-ece066dec278" testListId="8c84fa94-04c1-424b-9868-57a2d4851a1d" />
    <TestEntry testId="bb2394ba-110a-90c0-2182-1e3775f73d05" executionId="91551ea1-5844-4b92-be9d-2cff1d6f7f51" testListId="8c84fa94-04c1-424b-9868-57a2d4851a1d" />
    <TestEntry testId="30971562-18c2-709e-97a4-74161badb09c" executionId="c8a76119-4b28-4b7e-a110-250ef30e13a4" testListId="8c84fa94-04c1-424b-9868-57a2d4851a1d" />
    <TestEntry testId="dbf6f9ae-d4e2-c907-2228-ff1a571678a6" executionId="b09b57f7-7b01-46f4-a875-0836d107a778" testListId="8c84fa94-04c1-424b-9868-57a2d4851a1d" />
    <TestEntry testId="fb80c2cc-1ba4-25ca-1501-33134270fed0" executionId="5b2d349e-7a92-4afc-8127-25ad4bdea1a4" testListId="8c84fa94-04c1-424b-9868-57a2d4851a1d" />
    <TestEntry testId="758b94a4-3e83-213a-e897-268aa753a08f" executionId="ecac5b1b-788c-4118-9797-b6bce0ead7a6" testListId="8c84fa94-04c1-424b-9868-57a2d4851a1d" />
    <TestEntry testId="d633a901-6eef-f5d7-952c-569ae3ddce8f" executionId="b8218923-cac1-4d9b-b2d3-404f8d694de4" testListId="8c84fa94-04c1-424b-9868-57a2d4851a1d" />
    <TestEntry testId="c34ab70e-c13b-c0d3-f6b8-6dc84da0bd17" executionId="4370b8f7-ab5b-40ff-84fe-da8df33f7c1a" testListId="8c84fa94-04c1-424b-9868-57a2d4851a1d" />
    <TestEntry testId="631aa61c-5891-97bd-8c16-092dfa85bf9b" executionId="8fe3c5ac-1c28-4103-92b5-db44a300c195" testListId="8c84fa94-04c1-424b-9868-57a2d4851a1d" />
    <TestEntry testId="a8f82c34-f413-0466-fc76-669da2c23141" executionId="aa12cf1c-4d9b-420f-83b5-9c952b26c452" testListId="8c84fa94-04c1-424b-9868-57a2d4851a1d" />
    <TestEntry testId="bcd181d1-3270-76f5-9678-f35a85b0fff1" executionId="35a8e572-7e54-4794-b900-42ba51b804d2" testListId="8c84fa94-04c1-424b-9868-57a2d4851a1d" />
    <TestEntry testId="a9fb7030-78aa-b78d-bae0-0e3e80a09140" executionId="f52778cf-60a3-4e37-b715-47d682404588" testListId="8c84fa94-04c1-424b-9868-57a2d4851a1d" />
    <TestEntry testId="c1457a00-5932-b692-d468-5af96619c895" executionId="f51203a6-0b76-41f4-b9b6-75a7fa3d69c7" testListId="8c84fa94-04c1-424b-9868-57a2d4851a1d" />
    <TestEntry testId="3d5d455f-8b5b-9efe-5bfb-ffa440cd9adb" executionId="594687eb-2a4b-4169-9aa1-1ada2bab2fe8" testListId="8c84fa94-04c1-424b-9868-57a2d4851a1d" />
    <TestEntry testId="bfdd6bca-a34f-47f5-eae8-5d12e496bd00" executionId="b23892ab-dae0-4957-8dc8-46fe9abf1c6c" testListId="8c84fa94-04c1-424b-9868-57a2d4851a1d" />
    <TestEntry testId="0ee739fa-dfa4-5ef5-1b22-8fe2862978a3" executionId="758a0f00-1579-40ba-919c-843ea455512e" testListId="8c84fa94-04c1-424b-9868-57a2d4851a1d" />
    <TestEntry testId="a1a0e8aa-488b-d813-0baf-a61aa194c928" executionId="01c30253-ea5f-4111-97e0-ff65c59b9e7a" testListId="8c84fa94-04c1-424b-9868-57a2d4851a1d" />
    <TestEntry testId="3fa92d95-7719-c247-fd7d-28cef4c98170" executionId="0012533a-5e73-41cb-923e-07aeae8e8833" testListId="8c84fa94-04c1-424b-9868-57a2d4851a1d" />
    <TestEntry testId="b903f011-25d7-d156-43c9-1974a38b345d" executionId="304fc7f2-bd97-4052-9861-32f76b393903" testListId="8c84fa94-04c1-424b-9868-57a2d4851a1d" />
    <TestEntry testId="7514081f-0084-9527-726e-372a541e02c5" executionId="21064308-174b-4252-8eed-c4eb6b558be5" testListId="8c84fa94-04c1-424b-9868-57a2d4851a1d" />
    <TestEntry testId="ba737e18-d009-4d7c-6e13-52f4c654ec83" executionId="f2b533d3-654b-41d0-b429-55a654b75889" testListId="8c84fa94-04c1-424b-9868-57a2d4851a1d" />
    <TestEntry testId="ab648c32-5363-622c-e305-880f5c60d7ae" executionId="1d5c586d-4d3c-432d-b9f5-d1ec5fd1b69f" testListId="8c84fa94-04c1-424b-9868-57a2d4851a1d" />
    <TestEntry testId="6079b9dd-99aa-436d-ae95-d982e753c815" executionId="de507cb8-716b-4478-baaf-3c979c9f677b" testListId="8c84fa94-04c1-424b-9868-57a2d4851a1d" />
    <TestEntry testId="c6561a8d-8639-fb30-9500-15f8be316902" executionId="8bd09d0e-7d20-4575-88b2-4284674705db" testListId="8c84fa94-04c1-424b-9868-57a2d4851a1d" />
    <TestEntry testId="d74171b4-c8ee-1912-2996-ae0e2e26eb23" executionId="2b837b09-446a-4375-9fcb-1527c6e1cedf" testListId="8c84fa94-04c1-424b-9868-57a2d4851a1d" />
    <TestEntry testId="055fec57-4e1c-11c8-a858-911643af23bd" executionId="d3920af0-0348-4e83-ad27-e2bc56fd228a" testListId="8c84fa94-04c1-424b-9868-57a2d4851a1d" />
    <TestEntry testId="599b5bdf-c3a2-ab45-0452-3da415351122" executionId="3694eff4-7b66-49ba-9846-f35f41866687" testListId="8c84fa94-04c1-424b-9868-57a2d4851a1d" />
    <TestEntry testId="4168f0ac-b835-769a-f744-274b70d89027" executionId="baee5663-9dda-423d-a8df-d8e3c5b3484f" testListId="8c84fa94-04c1-424b-9868-57a2d4851a1d" />
    <TestEntry testId="e63012a7-c6dd-105c-5599-46a75e19ac35" executionId="b8f66542-257a-4971-88f1-8eb7f699a837" testListId="8c84fa94-04c1-424b-9868-57a2d4851a1d" />
    <TestEntry testId="3436f427-af0a-5bde-6f98-b38b99a7cf5b" executionId="ffcc9863-32b1-4193-b038-c8925664a95e" testListId="8c84fa94-04c1-424b-9868-57a2d4851a1d" />
    <TestEntry testId="183dfbce-4b57-7750-e87b-9eb6c830ba31" executionId="43ee85d8-c467-4a67-aa6b-1329187e14d9" testListId="8c84fa94-04c1-424b-9868-57a2d4851a1d" />
    <TestEntry testId="908bbb79-500c-f673-c8f4-2e8bf73bce40" executionId="a74147fc-bc4c-4801-bec7-bdbf5acc9f5b" testListId="8c84fa94-04c1-424b-9868-57a2d4851a1d" />
    <TestEntry testId="ef8075a8-e8bb-22f0-871e-f2b168e2c55c" executionId="3ab993eb-73e3-4fec-a51e-a75faeb7f691" testListId="8c84fa94-04c1-424b-9868-57a2d4851a1d" />
    <TestEntry testId="1079d268-49d6-f18c-d495-58b580aae9dc" executionId="5eea8a63-54a0-43bb-8a18-7e399afa82e0" testListId="8c84fa94-04c1-424b-9868-57a2d4851a1d" />
    <TestEntry testId="9dc9660c-2773-e5a1-118f-73373343d0e6" executionId="466d7846-7e29-4386-96b4-34a6d5bf40bd" testListId="8c84fa94-04c1-424b-9868-57a2d4851a1d" />
    <TestEntry testId="3fe65711-0b55-7192-8237-90b45a462066" executionId="d1d45755-aa9b-4b25-b902-2bbbfad95a6f" testListId="8c84fa94-04c1-424b-9868-57a2d4851a1d" />
    <TestEntry testId="9e735874-97ea-8ca0-11c8-94ac42e81acc" executionId="26bd8061-4dd6-4dcb-a1da-6629c6a6b004" testListId="8c84fa94-04c1-424b-9868-57a2d4851a1d" />
    <TestEntry testId="31700bf4-6510-c80b-a8c1-214e5c472432" executionId="c0fc0218-dac7-43f7-b9fe-a015506505d8" testListId="8c84fa94-04c1-424b-9868-57a2d4851a1d" />
    <TestEntry testId="33b74559-764f-421e-252d-cd475c561f9a" executionId="dc6152ad-e64f-4eec-bfe3-d431b34aa6ec" testListId="8c84fa94-04c1-424b-9868-57a2d4851a1d" />
    <TestEntry testId="1c506770-d4ff-94e1-aa2e-f8d5ecc5a897" executionId="e163cebb-18ae-4be0-a757-d6a02e5f2a12" testListId="8c84fa94-04c1-424b-9868-57a2d4851a1d" />
    <TestEntry testId="4dd76fcc-f663-2688-f7a4-a439b3a5cf01" executionId="8011a42f-103f-40c1-b9fd-bacbe1bb045b" testListId="8c84fa94-04c1-424b-9868-57a2d4851a1d" />
    <TestEntry testId="5a63deb4-703f-d2ca-862c-112038163809" executionId="e566ae9b-66a4-4093-ab02-15b6f714c628" testListId="8c84fa94-04c1-424b-9868-57a2d4851a1d" />
    <TestEntry testId="2f5e415d-a063-a3ff-febb-2ffdc85ba98d" executionId="4574c901-cb3b-4d17-94c5-feeb21df7b6e" testListId="8c84fa94-04c1-424b-9868-57a2d4851a1d" />
    <TestEntry testId="dcb09ac3-545f-7b73-7b06-f7917ef6e79e" executionId="3bf0eda6-9b95-4d0a-a8d0-886513f7c53d" testListId="8c84fa94-04c1-424b-9868-57a2d4851a1d" />
    <TestEntry testId="2af17ceb-e4a7-e57a-8e57-17ad33ae72e3" executionId="9d5554d3-a948-44bd-9528-5766116cf81c" testListId="8c84fa94-04c1-424b-9868-57a2d4851a1d" />
    <TestEntry testId="0df7d709-570d-9a2b-20b2-9824d27442ba" executionId="001e4516-aa79-4324-9c29-3a11d8f190d9" testListId="8c84fa94-04c1-424b-9868-57a2d4851a1d" />
    <TestEntry testId="24614531-2aef-39c0-ae03-729fa029c955" executionId="bb9aa181-b924-497d-81b5-1c2376833284" testListId="8c84fa94-04c1-424b-9868-57a2d4851a1d" />
    <TestEntry testId="0c407008-912c-f5cf-415d-950e444e81e2" executionId="b9194559-f07a-4124-a57d-0a519acf66b5" testListId="8c84fa94-04c1-424b-9868-57a2d4851a1d" />
    <TestEntry testId="4125f8c2-231a-89ba-d149-611a4ab9d212" executionId="85f3fb1b-74b2-4d5d-95a7-b55d8a832fe8" testListId="8c84fa94-04c1-424b-9868-57a2d4851a1d" />
    <TestEntry testId="5fe9c184-b316-2ed8-da8c-d7dc0b588adb" executionId="53d142e1-10b7-44e2-a9eb-1c3cb0f7ae84" testListId="8c84fa94-04c1-424b-9868-57a2d4851a1d" />
    <TestEntry testId="744b047e-9ee3-164d-c478-0183e3fd850c" executionId="0da4694f-816a-414b-9b0d-de48e516a49a" testListId="8c84fa94-04c1-424b-9868-57a2d4851a1d" />
    <TestEntry testId="2059d141-cc28-3ec8-0e84-daba3f077644" executionId="4ad3a942-523c-472e-b055-c3987fb7426e" testListId="8c84fa94-04c1-424b-9868-57a2d4851a1d" />
    <TestEntry testId="127fb78e-ed01-3534-55cd-9f963056d67f" executionId="f22d2be6-bf22-4118-ab57-3117b7f0d277" testListId="8c84fa94-04c1-424b-9868-57a2d4851a1d" />
    <TestEntry testId="4d20e584-0f2f-1ed1-3ddf-7516456e8aa4" executionId="81ad58e8-872a-40a7-b5c7-dad1ba8e44f7" testListId="8c84fa94-04c1-424b-9868-57a2d4851a1d" />
    <TestEntry testId="82cc450a-0e9d-45d3-9478-f947af9d278f" executionId="ddce31a5-fe3a-4106-aef1-c29f5e486005" testListId="8c84fa94-04c1-424b-9868-57a2d4851a1d" />
    <TestEntry testId="f6a49bae-16a9-096b-f816-1c54e1a6b8b7" executionId="a728d042-5b38-4363-a9fc-a4a1c0b609f3" testListId="8c84fa94-04c1-424b-9868-57a2d4851a1d" />
    <TestEntry testId="fa34dc68-0a28-d88d-9f8e-755de73cf02d" executionId="18271d00-6961-421c-b7e3-ff2162cfe0c4" testListId="8c84fa94-04c1-424b-9868-57a2d4851a1d" />
    <TestEntry testId="f34d9844-3970-87ba-1a6d-f7c3b662af09" executionId="2f1ce200-d8ac-4fcf-965a-0d2723c78663" testListId="8c84fa94-04c1-424b-9868-57a2d4851a1d" />
    <TestEntry testId="20029a95-caa6-71d7-8434-4467fe9b8732" executionId="a3a52c6c-aaa0-4d8c-9eff-a57f3f6e390d" testListId="8c84fa94-04c1-424b-9868-57a2d4851a1d" />
    <TestEntry testId="fe5f39e6-4cd0-a90c-3fd0-4ec94c3771bb" executionId="6dc3c4b5-a451-44cb-8463-9d8d84e0f4cb" testListId="8c84fa94-04c1-424b-9868-57a2d4851a1d" />
    <TestEntry testId="0d6018bc-c4c3-ac7c-618e-ae3024a5dbea" executionId="e747742c-af34-43fd-b5f9-80a797637e01" testListId="8c84fa94-04c1-424b-9868-57a2d4851a1d" />
    <TestEntry testId="c74f6017-9eb9-5854-4b62-c26b4cabe787" executionId="c0393031-1148-4a04-a603-d7e7a80efbe2" testListId="8c84fa94-04c1-424b-9868-57a2d4851a1d" />
    <TestEntry testId="6a1a0675-fdd2-69ea-ed07-cd8b45ca5094" executionId="929079a9-ac8f-478f-9857-e89f90edd788" testListId="8c84fa94-04c1-424b-9868-57a2d4851a1d" />
    <TestEntry testId="76d85170-85b2-a48f-102e-aa9420de3580" executionId="6860731c-b82c-49a4-bbad-a1a054bbc813" testListId="8c84fa94-04c1-424b-9868-57a2d4851a1d" />
    <TestEntry testId="d674a2b2-91f4-595f-2a5d-e8f6a4053ca1" executionId="a402a0a1-4949-4d50-85cf-d3476982f58e" testListId="8c84fa94-04c1-424b-9868-57a2d4851a1d" />
    <TestEntry testId="7729c68a-38c8-f8ce-da09-5022e186685c" executionId="881ec73b-e8f1-435b-b820-4e5d89147f30" testListId="8c84fa94-04c1-424b-9868-57a2d4851a1d" />
    <TestEntry testId="9b9cb762-c5b9-fbcf-33f7-2ca2d3e98b42" executionId="99bebff3-4f08-4374-a512-5c4588d6d7d0" testListId="8c84fa94-04c1-424b-9868-57a2d4851a1d" />
    <TestEntry testId="d14fe452-c75b-8f8a-1e11-a88113e31ccc" executionId="4a46f44a-a72e-44ff-b50a-62ac094639f2" testListId="8c84fa94-04c1-424b-9868-57a2d4851a1d" />
    <TestEntry testId="a75df869-b8ee-c89b-7cd3-025e83911294" executionId="2220b9f6-fe10-467e-aba6-eea2934bdec6" testListId="8c84fa94-04c1-424b-9868-57a2d4851a1d" />
    <TestEntry testId="b6d907a4-489e-cb15-8555-a5c35fcc0ce1" executionId="92c048d8-f022-41b1-9953-a078629c25aa" testListId="8c84fa94-04c1-424b-9868-57a2d4851a1d" />
    <TestEntry testId="9f966096-1641-bf42-1320-e9f57c98ec2f" executionId="f9ce7fda-65b2-4eb3-bfc4-4d3731ba8bf8" testListId="8c84fa94-04c1-424b-9868-57a2d4851a1d" />
    <TestEntry testId="ba7d1414-f471-8c90-0af7-54df538160f7" executionId="2a484286-daae-4752-8056-34c380e6f28a" testListId="8c84fa94-04c1-424b-9868-57a2d4851a1d" />
    <TestEntry testId="d9756703-fed3-1fb8-7195-5dae810af3cf" executionId="9f65c0d0-ff5d-434f-b0b3-a6beb431ac8b" testListId="8c84fa94-04c1-424b-9868-57a2d4851a1d" />
    <TestEntry testId="4637cc44-56b0-2010-e4d2-4d7d6320ef09" executionId="e64a8382-f881-4de6-a2e4-71063c4407d4" testListId="8c84fa94-04c1-424b-9868-57a2d4851a1d" />
    <TestEntry testId="71aa02e1-e075-142b-97e5-961b91ee4f3d" executionId="ec97ade3-3cb5-4124-b2d5-5ea56d5d48ca" testListId="8c84fa94-04c1-424b-9868-57a2d4851a1d" />
    <TestEntry testId="79a853ed-d140-e6d5-86c3-6423b904d524" executionId="dae5ca95-d789-4026-bcf4-541105e90149" testListId="8c84fa94-04c1-424b-9868-57a2d4851a1d" />
    <TestEntry testId="12d96651-40d0-5499-9770-bf08435d63fc" executionId="a3c93750-834e-4189-9336-fa294145e787" testListId="8c84fa94-04c1-424b-9868-57a2d4851a1d" />
    <TestEntry testId="fd8ab50a-6120-2a06-7ebd-aae621104cec" executionId="9926a5bd-a4a2-4384-b44b-04604694f70d" testListId="8c84fa94-04c1-424b-9868-57a2d4851a1d" />
    <TestEntry testId="73bcea4a-0bf6-aaca-b16b-8e4d59f9059e" executionId="4a4a550e-7b09-43d8-96a6-734eb2d9fc45" testListId="8c84fa94-04c1-424b-9868-57a2d4851a1d" />
  </TestEntries>
  <TestLists>
    <TestList name="Results Not in a List" id="8c84fa94-04c1-424b-9868-57a2d4851a1d" />
    <TestList name="All Loaded Results" id="19431567-8539-422a-85d7-44ee4e166bda" />
  </TestLists>
  <ResultSummary outcome="Completed">
    <Counters total="1000" executed="1000" passed="1000" failed="0" error="0" timeout="0" aborted="0" inconclusive="0" passedButRunAborted="0" notRunnable="0" notExecuted="0" disconnected="0" warning="0" completed="0" inProgress="0" pending="0" />
    <Output>
      <StdOut>[xUnit.net 00:00:00.00] xUnit.net VSTest Adapter v2.4.5+1caef2f33e (64-bit .NET Core 3.1.25)&#xD;
[xUnit.net 00:00:03.59]   Discovering: xUnitTestProject&#xD;
[xUnit.net 00:00:05.31]   Discovered:  xUnitTestProject&#xD;
[xUnit.net 00:00:05.35]   Starting:    xUnitTestProject&#xD;
[xUnit.net 00:00:05.58]   Finished:    xUnitTestProject&#xD;
</StdOut>
    </Output>
  </ResultSummary>
</TestRun>